                Time          Cycles PC       Instr    Mnemonic
13617114ns          219353 1c008080 0640006f jal              x0, 100            
13617572ns          219376 1c0080e4 f1402573 csrrs            x10, x0, 0xf14      x10=00000002
13617612ns          219378 1c0080e8 01f57593 andi             x11, x10, 31        x11=00000002 x10:00000002
13617631ns          219379 1c0080ec 00555513 srli             x10, x10, 0x5       x10=00000000 x10:00000002
13617651ns          219380 1c0080ee 01f00613 addi             x12, x0, 31         x12=0000001f
13618069ns          219401 1c0080f0 00c50463 beq              x10, x12, 8         x10:00000000 x12:0000001f
13618109ns          219403 1c0080f4 fa1ff06f jal              x0, -96            
13618566ns          219426 1c008094 f3ff8117 auipc            x2, 0xf3ff8000       x2=10000094
13618606ns          219428 1c008098 f7010113 addi             x2, x2, -144         x2=10000004  x2:10000094
13618626ns          219429 1c00809c 00012103 lw               x2, 0(x2)            x2=10000008  x2:10000004  PA:10000004
13619064ns          219451 1c0080a0 000011b7 lui              x3, 0x1000           x3=00001000
13619103ns          219453 1c0080a4 80018193 addi             x3, x3, -2048        x3=00000800  x3:00001000
13619123ns          219454 1c0080a8 00158593 addi             x11, x11, 1         x11=00000003 x11:00000002
13619143ns          219455 1c0080ac 02b180b3 mul              x1, x3, x11          x1=00001800  x3:00000800 x11:00000003
13619601ns          219478 1c0080b0 00110133 add              x2, x2, x1           x2=10001808  x2:10000008  x1:00001800
13619640ns          219480 1c0080b4 0420206f jal              x0, 8258           
13620098ns          219503 1c00a0f6 ff010113 addi             x2, x2, -16          x2=100017f8  x2:10001808
13620138ns          219505 1c00a0f8 00112623 sw               x1, 12(x2)           x1:00001800  x2:100017f8  PA:10001804
13620158ns          219506 1c00a0fa 002047b7 lui              x15, 0x204000       x15=00204000
13620595ns          219528 1c00a0fe 00070737 lui              x14, 0x70000        x14=00070000
13620615ns          219529 1c00a102 00e7a423 sw               x14, 8(x15)         x14:00070000 x15:00204000  PA:00204008
13620635ns          219530 1c00a104 00f00713 addi             x14, x0, 15         x14=0000000f
13620655ns          219531 1c00a106 20078793 addi             x15, x15, 512       x15=00204200 x15:00204000
13620675ns          219532 1c00a10a 00e7a023 sw               x14, 0(x15)         x14:0000000f x15:00204200  PA:00204200
13621112ns          219554 1c00a10e 00e7a623 sw               x14, 12(x15)        x14:0000000f x15:00204200  PA:0020420c
13621152ns          219556 1c00a112 1c0017b7 lui              x15, 0x1c001000     x15=1c001000
13621172ns          219557 1c00a116 b347a783 lw               x15, -1228(x15)     x15=1c00813e x15:1c001000  PA:1c000b34
13621610ns          219579 1c00a11a 000780e7 jalr             x1, x15, 0           x1=1c00a11c x15:1c00813e
13622544ns          219626 1c00813e cb010113 addi             x2, x2, -848         x2=100014a8  x2:100017f8
13622584ns          219628 1c008142 34912223 sw               x9, 836(x2)          x9:xxxxxxxx  x2:100014a8  PA:100017ec
13622604ns          219629 1c008146 34112623 sw               x1, 844(x2)          x1:1c00a11c  x2:100014a8  PA:100017f4
13622624ns          219630 1c00814a f14024f3 csrrs            x9, x0, 0xf14        x9=00000002
13623062ns          219652 1c00814e 34812423 sw               x8, 840(x2)          x8:xxxxxxxx  x2:100014a8  PA:100017f0
13623101ns          219654 1c008152 35212023 sw               x18, 832(x2)        x18:xxxxxxxx  x2:100014a8  PA:100017e8
13623121ns          219655 1c008156 33312e23 sw               x19, 828(x2)        x19:xxxxxxxx  x2:100014a8  PA:100017e4
13623141ns          219656 1c00815a 33412c23 sw               x20, 824(x2)        x20:xxxxxxxx  x2:100014a8  PA:100017e0
13623599ns          219679 1c00815e 33512a23 sw               x21, 820(x2)        x21:xxxxxxxx  x2:100014a8  PA:100017dc
13623638ns          219681 1c008162 33612823 sw               x22, 816(x2)        x22:xxxxxxxx  x2:100014a8  PA:100017d8
13623658ns          219682 1c008166 33712623 sw               x23, 812(x2)        x23:xxxxxxxx  x2:100014a8  PA:100017d4
13623678ns          219683 1c00816a 33812423 sw               x24, 808(x2)        x24:xxxxxxxx  x2:100014a8  PA:100017d0
13624116ns          219705 1c00816e 33912223 sw               x25, 804(x2)        x25:xxxxxxxx  x2:100014a8  PA:100017cc
13624156ns          219707 1c008172 ca5497b3 p.extractu       x15, x9, 5, 5       x15=00000000  x9:00000002
13624176ns          219708 1c008176 46079d63 bne              x15, x0, 1146       x15:00000000
13624195ns          219709 1c00817a f454b4b3 p.bclr           x9, x9, 26, 5        x9=00000002  x9:00000002
13624633ns          219731 1c00817e 1c000537 lui              x10, 0x1c000000     x10=1c000000
13624653ns          219732 1c008182 00900633 add              x12, x0, x9         x12=00000002  x9:00000002
13624673ns          219733 1c008184 00100593 addi             x11, x0, 1          x11=00000001
13624693ns          219734 1c008186 02c50513 addi             x10, x10, 44        x10=1c00002c x10:1c000000
13624713ns          219735 1c00818a 4cd000ef jal              x1, 3276             x1=1c00818e
13625647ns          219782 1c008e56 fc010113 addi             x2, x2, -64          x2=10001468  x2:100014a8
13625687ns          219784 1c008e58 02410313 addi             x6, x2, 36           x6=1000148c  x2:10001468
13625707ns          219785 1c008e5c 02c12423 sw               x12, 40(x2)         x12:00000002  x2:10001468  PA:10001490
13625727ns          219786 1c008e5e 00a00633 add              x12, x0, x10        x12=1c00002c x10:1c00002c
13626145ns          219807 1c008e60 1c009537 lui              x10, 0x1c009000     x10=1c009000
13626184ns          219809 1c008e64 02b12223 sw               x11, 36(x2)         x11:00000001  x2:10001468  PA:1000148c
13626204ns          219810 1c008e66 02d12623 sw               x13, 44(x2)         x13:xxxxxxxx  x2:10001468  PA:10001494
13626224ns          219811 1c008e68 00200593 addi             x11, x0, 2          x11=00000002
13626244ns          219812 1c008e6a 006006b3 add              x13, x0, x6         x13=1000148c  x6:1000148c
13626264ns          219813 1c008e6c dea50513 addi             x10, x10, -534      x10=1c008dea x10:1c009000
13626662ns          219833 1c008e70 00112e23 sw               x1, 28(x2)           x1:1c00818e  x2:10001468  PA:10001484
13626682ns          219834 1c008e72 02e12823 sw               x14, 48(x2)         x14:0000000f  x2:10001468  PA:10001498
13626702ns          219835 1c008e74 02f12a23 sw               x15, 52(x2)         x15:00000000  x2:10001468  PA:1000149c
13626722ns          219836 1c008e76 03012c23 sw               x16, 56(x2)         x16:xxxxxxxx  x2:10001468  PA:100014a0
13626741ns          219837 1c008e78 03112e23 sw               x17, 60(x2)         x17:xxxxxxxx  x2:10001468  PA:100014a4
13626761ns          219838 1c008e7a 00612623 sw               x6, 12(x2)           x6:1000148c  x2:10001468  PA:10001474
13626781ns          219839 1c008e7c fbfff0ef jal              x1, -66              x1=1c008e7e
13627656ns          219883 1c008e3a 04a0006f jal              x0, 74             
13627696ns          219885 1c008e84 ed010113 addi             x2, x2, -304         x2=10001338  x2:10001468
13627716ns          219886 1c008e86 12812423 sw               x8, 296(x2)          x8:xxxxxxxx  x2:10001338  PA:10001460
13627736ns          219887 1c008e8a 00000413 addi             x8, x0, 0            x8=00000000
13627756ns          219888 1c008e8c 11612823 sw               x22, 272(x2)        x22:xxxxxxxx  x2:10001338  PA:10001448
13628174ns          219909 1c008e90 11712623 sw               x23, 268(x2)        x23:xxxxxxxx  x2:10001338  PA:10001444
13628213ns          219911 1c008e94 11812423 sw               x24, 264(x2)        x24:xxxxxxxx  x2:10001338  PA:10001440
13628233ns          219912 1c008e98 11912223 sw               x25, 260(x2)        x25:xxxxxxxx  x2:10001338  PA:1000143c
13628253ns          219913 1c008e9c 11a12023 sw               x26, 256(x2)        x26:xxxxxxxx  x2:10001338  PA:10001438
13628691ns          219935 1c008ea0 0fb12e23 sw               x27, 252(x2)        x27:xxxxxxxx  x2:10001338  PA:10001434
13628730ns          219937 1c008ea2 12112623 sw               x1, 300(x2)          x1:1c008e7e  x2:10001338  PA:10001464
13628750ns          219938 1c008ea6 00800db3 add              x27, x0, x8         x27=00000000  x8:00000000
13628770ns          219939 1c008ea8 12912223 sw               x9, 292(x2)          x9:00000002  x2:10001338  PA:1000145c
13628790ns          219940 1c008eac 13212023 sw               x18, 288(x2)        x18:xxxxxxxx  x2:10001338  PA:10001458
13629208ns          219961 1c008eb0 11312e23 sw               x19, 284(x2)        x19:xxxxxxxx  x2:10001338  PA:10001454
13629248ns          219963 1c008eb4 11412c23 sw               x20, 280(x2)        x20:xxxxxxxx  x2:10001338  PA:10001450
13629268ns          219964 1c008eb8 11512a23 sw               x21, 276(x2)        x21:xxxxxxxx  x2:10001338  PA:1000144c
13629287ns          219965 1c008ebc 00a00b33 add              x22, x0, x10        x22=1c008dea x10:1c008dea
13629307ns          219966 1c008ebe 00b00d33 add              x26, x0, x11        x26=00000002 x11:00000002
13629725ns          219987 1c008ec0 00d00c33 add              x24, x0, x13        x24=1000148c x13:1000148c
13629765ns          219989 1c008ec2 1c000bb7 lui              x23, 0x1c000000     x23=1c000000
13629785ns          219990 1c008ec6 02410c93 addi             x25, x2, 36         x25=1000135c  x2:10001338
13629805ns          219991 1c008eca 00c00433 add              x8, x0, x12          x8=1c00002c x12:1c00002c
13629824ns          219992 1c008ecc 00044503 lbu              x10, 0(x8)          x10=00000073  x8:1c00002c  PA:1c00002c
13630302ns          220016 1c008ed0 00140413 addi             x8, x8, 1            x8=1c00002d  x8:1c00002c
13630322ns          220017 1c008ed2 00050e63 beq              x10, x0, 28         x10:00000073
13630342ns          220018 1c008ed4 02500793 addi             x15, x0, 37         x15=00000025
13630362ns          220019 1c008ed8 04f50863 beq              x10, x15, 80        x10:00000073 x15:00000025
13630381ns          220020 1c008edc 01a005b3 add              x11, x0, x26        x11=00000002 x26:00000002
13630401ns          220021 1c008ede 000b00e7 jalr             x1, x22, 0           x1=1c008ee0 x22:1c008dea
13631277ns          220065 1c008dea 000026b7 lui              x13, 0x2000         x13=00002000
13631316ns          220067 1c008dec f14027f3 csrrs            x15, x0, 0xf14      x15=00000002
13631754ns          220089 1c008df0 f8068693 addi             x13, x13, -128      x13=00001f80 x13:00002000
13631794ns          220091 1c008df4 00379713 slli             x14, x15, 0x3       x14=00000010 x15:00000002
13631814ns          220092 1c008df8 00279793 slli             x15, x15, 0x2       x15=00000008 x15:00000002
13631833ns          220093 1c008dfa 00d7f7b3 and              x15, x15, x13       x15=00000000 x15:00000008 x13:00001f80
13631853ns          220094 1c008dfc ee873733 p.bclr           x14, x14, 23, 8     x14=00000010 x14:00000010
13632271ns          220115 1c008e00 1a10f6b7 lui              x13, 0x1a10f000     x13=1a10f000
13632311ns          220117 1c008e04 0ff57513 andi             x10, x10, 255       x10=00000073 x10:00000073
13632331ns          220118 1c008e08 00d70733 add              x14, x14, x13       x14=1a10f010 x14:00000010 x13:1a10f000
13632351ns          220119 1c008e0a 00a7e723 p.sw             x10, x0(x15)        x10:00000073 x15:00000000  PA:1a10f010
13632768ns          220140 1c008e0e 00000513 addi             x10, x0, 0          x10=00000000
13632788ns          220141 1c008e10 00008067 jalr             x0, x1, 0            x1:1c008ee0
13632868ns          220145 1c008ee0 31f52563 p.beqimm         x10, 778            x10:00000000
13632908ns          220147 1c008ee4 001d8d93 addi             x27, x27, 1         x27=00000001 x27:00000000
13632927ns          220148 1c008ee6 00044503 lbu              x10, 0(x8)          x10=00000074  x8:1c00002d  PA:1c00002d
13633365ns          220170 1c008eea 00140413 addi             x8, x8, 1            x8=1c00002e  x8:1c00002d
13633385ns          220171 1c008eec fe0514e3 bne              x10, x0, -24        x10:00000074
13633445ns          220174 1c008ed4 02500793 addi             x15, x0, 37         x15=00000025
13633464ns          220175 1c008ed8 04f50863 beq              x10, x15, 80        x10:00000074 x15:00000025
13633484ns          220176 1c008edc 01a005b3 add              x11, x0, x26        x11=00000002 x26:00000002
13633504ns          220177 1c008ede 000b00e7 jalr             x1, x22, 0           x1=1c008ee0 x22:1c008dea
13633544ns          220179 1c008dea 000026b7 lui              x13, 0x2000         x13=00002000
13633564ns          220180 1c008dec f14027f3 csrrs            x15, x0, 0xf14      x15=00000002
13633584ns          220181 1c008df0 f8068693 addi             x13, x13, -128      x13=00001f80 x13:00002000
13633604ns          220182 1c008df4 00379713 slli             x14, x15, 0x3       x14=00000010 x15:00000002
13633624ns          220183 1c008df8 00279793 slli             x15, x15, 0x2       x15=00000008 x15:00000002
13633644ns          220184 1c008dfa 00d7f7b3 and              x15, x15, x13       x15=00000000 x15:00000008 x13:00001f80
13633663ns          220185 1c008dfc ee873733 p.bclr           x14, x14, 23, 8     x14=00000010 x14:00000010
13633683ns          220186 1c008e00 1a10f6b7 lui              x13, 0x1a10f000     x13=1a10f000
13633703ns          220187 1c008e04 0ff57513 andi             x10, x10, 255       x10=00000074 x10:00000074
13633723ns          220188 1c008e08 00d70733 add              x14, x14, x13       x14=1a10f010 x14:00000010 x13:1a10f000
13633743ns          220189 1c008e0a 00a7e723 p.sw             x10, x0(x15)        x10:00000074 x15:00000000  PA:1a10f010
13634141ns          220209 1c008e0e 00000513 addi             x10, x0, 0          x10=00000000
13634161ns          220210 1c008e10 00008067 jalr             x0, x1, 0            x1:1c008ee0
13634200ns          220212 1c008ee0 31f52563 p.beqimm         x10, 778            x10:00000000
13634220ns          220213 1c008ee4 001d8d93 addi             x27, x27, 1         x27=00000002 x27:00000001
13634240ns          220214 1c008ee6 00044503 lbu              x10, 0(x8)          x10=00000061  x8:1c00002e  PA:1c00002e
13634539ns          220229 1c008eea 00140413 addi             x8, x8, 1            x8=1c00002f  x8:1c00002e
13634558ns          220230 1c008eec fe0514e3 bne              x10, x0, -24        x10:00000061
13634618ns          220233 1c008ed4 02500793 addi             x15, x0, 37         x15=00000025
13634638ns          220234 1c008ed8 04f50863 beq              x10, x15, 80        x10:00000061 x15:00000025
13634658ns          220235 1c008edc 01a005b3 add              x11, x0, x26        x11=00000002 x26:00000002
13634678ns          220236 1c008ede 000b00e7 jalr             x1, x22, 0           x1=1c008ee0 x22:1c008dea
13634718ns          220238 1c008dea 000026b7 lui              x13, 0x2000         x13=00002000
13634737ns          220239 1c008dec f14027f3 csrrs            x15, x0, 0xf14      x15=00000002
13634757ns          220240 1c008df0 f8068693 addi             x13, x13, -128      x13=00001f80 x13:00002000
13634777ns          220241 1c008df4 00379713 slli             x14, x15, 0x3       x14=00000010 x15:00000002
13634797ns          220242 1c008df8 00279793 slli             x15, x15, 0x2       x15=00000008 x15:00000002
13634817ns          220243 1c008dfa 00d7f7b3 and              x15, x15, x13       x15=00000000 x15:00000008 x13:00001f80
13634837ns          220244 1c008dfc ee873733 p.bclr           x14, x14, 23, 8     x14=00000010 x14:00000010
13634857ns          220245 1c008e00 1a10f6b7 lui              x13, 0x1a10f000     x13=1a10f000
13634877ns          220246 1c008e04 0ff57513 andi             x10, x10, 255       x10=00000061 x10:00000061
13634897ns          220247 1c008e08 00d70733 add              x14, x14, x13       x14=1a10f010 x14:00000010 x13:1a10f000
13634917ns          220248 1c008e0a 00a7e723 p.sw             x10, x0(x15)        x10:00000061 x15:00000000  PA:1a10f010
13635235ns          220264 1c008e0e 00000513 addi             x10, x0, 0          x10=00000000
13635255ns          220265 1c008e10 00008067 jalr             x0, x1, 0            x1:1c008ee0
13635294ns          220267 1c008ee0 31f52563 p.beqimm         x10, 778            x10:00000000
13635314ns          220268 1c008ee4 001d8d93 addi             x27, x27, 1         x27=00000003 x27:00000002
13635334ns          220269 1c008ee6 00044503 lbu              x10, 0(x8)          x10=00000072  x8:1c00002f  PA:1c00002f
13635633ns          220284 1c008eea 00140413 addi             x8, x8, 1            x8=1c000030  x8:1c00002f
13635652ns          220285 1c008eec fe0514e3 bne              x10, x0, -24        x10:00000072
13635712ns          220288 1c008ed4 02500793 addi             x15, x0, 37         x15=00000025
13635732ns          220289 1c008ed8 04f50863 beq              x10, x15, 80        x10:00000072 x15:00000025
13635752ns          220290 1c008edc 01a005b3 add              x11, x0, x26        x11=00000002 x26:00000002
13635772ns          220291 1c008ede 000b00e7 jalr             x1, x22, 0           x1=1c008ee0 x22:1c008dea
13635812ns          220293 1c008dea 000026b7 lui              x13, 0x2000         x13=00002000
13635831ns          220294 1c008dec f14027f3 csrrs            x15, x0, 0xf14      x15=00000002
13635851ns          220295 1c008df0 f8068693 addi             x13, x13, -128      x13=00001f80 x13:00002000
13635871ns          220296 1c008df4 00379713 slli             x14, x15, 0x3       x14=00000010 x15:00000002
13635891ns          220297 1c008df8 00279793 slli             x15, x15, 0x2       x15=00000008 x15:00000002
13635911ns          220298 1c008dfa 00d7f7b3 and              x15, x15, x13       x15=00000000 x15:00000008 x13:00001f80
13635931ns          220299 1c008dfc ee873733 p.bclr           x14, x14, 23, 8     x14=00000010 x14:00000010
13635951ns          220300 1c008e00 1a10f6b7 lui              x13, 0x1a10f000     x13=1a10f000
13635971ns          220301 1c008e04 0ff57513 andi             x10, x10, 255       x10=00000072 x10:00000072
13635991ns          220302 1c008e08 00d70733 add              x14, x14, x13       x14=1a10f010 x14:00000010 x13:1a10f000
13636011ns          220303 1c008e0a 00a7e723 p.sw             x10, x0(x15)        x10:00000072 x15:00000000  PA:1a10f010
13636349ns          220320 1c008e0e 00000513 addi             x10, x0, 0          x10=00000000
13636369ns          220321 1c008e10 00008067 jalr             x0, x1, 0            x1:1c008ee0
13636408ns          220323 1c008ee0 31f52563 p.beqimm         x10, 778            x10:00000000
13636428ns          220324 1c008ee4 001d8d93 addi             x27, x27, 1         x27=00000004 x27:00000003
13636448ns          220325 1c008ee6 00044503 lbu              x10, 0(x8)          x10=00000074  x8:1c000030  PA:1c000030
13636766ns          220341 1c008eea 00140413 addi             x8, x8, 1            x8=1c000031  x8:1c000030
13636786ns          220342 1c008eec fe0514e3 bne              x10, x0, -24        x10:00000074
13636846ns          220345 1c008ed4 02500793 addi             x15, x0, 37         x15=00000025
13636866ns          220346 1c008ed8 04f50863 beq              x10, x15, 80        x10:00000074 x15:00000025
13636886ns          220347 1c008edc 01a005b3 add              x11, x0, x26        x11=00000002 x26:00000002
13636906ns          220348 1c008ede 000b00e7 jalr             x1, x22, 0           x1=1c008ee0 x22:1c008dea
13636945ns          220350 1c008dea 000026b7 lui              x13, 0x2000         x13=00002000
13636965ns          220351 1c008dec f14027f3 csrrs            x15, x0, 0xf14      x15=00000002
13636985ns          220352 1c008df0 f8068693 addi             x13, x13, -128      x13=00001f80 x13:00002000
13637005ns          220353 1c008df4 00379713 slli             x14, x15, 0x3       x14=00000010 x15:00000002
13637025ns          220354 1c008df8 00279793 slli             x15, x15, 0x2       x15=00000008 x15:00000002
13637045ns          220355 1c008dfa 00d7f7b3 and              x15, x15, x13       x15=00000000 x15:00000008 x13:00001f80
13637065ns          220356 1c008dfc ee873733 p.bclr           x14, x14, 23, 8     x14=00000010 x14:00000010
13637085ns          220357 1c008e00 1a10f6b7 lui              x13, 0x1a10f000     x13=1a10f000
13637104ns          220358 1c008e04 0ff57513 andi             x10, x10, 255       x10=00000074 x10:00000074
13637124ns          220359 1c008e08 00d70733 add              x14, x14, x13       x14=1a10f010 x14:00000010 x13:1a10f000
13637144ns          220360 1c008e0a 00a7e723 p.sw             x10, x0(x15)        x10:00000074 x15:00000000  PA:1a10f010
13637463ns          220376 1c008e0e 00000513 addi             x10, x0, 0          x10=00000000
13637482ns          220377 1c008e10 00008067 jalr             x0, x1, 0            x1:1c008ee0
13637522ns          220379 1c008ee0 31f52563 p.beqimm         x10, 778            x10:00000000
13637542ns          220380 1c008ee4 001d8d93 addi             x27, x27, 1         x27=00000005 x27:00000004
13637562ns          220381 1c008ee6 00044503 lbu              x10, 0(x8)          x10=00000069  x8:1c000031  PA:1c000031
13637860ns          220396 1c008eea 00140413 addi             x8, x8, 1            x8=1c000032  x8:1c000031
13637880ns          220397 1c008eec fe0514e3 bne              x10, x0, -24        x10:00000069
13637940ns          220400 1c008ed4 02500793 addi             x15, x0, 37         x15=00000025
13637960ns          220401 1c008ed8 04f50863 beq              x10, x15, 80        x10:00000069 x15:00000025
13637980ns          220402 1c008edc 01a005b3 add              x11, x0, x26        x11=00000002 x26:00000002
13638000ns          220403 1c008ede 000b00e7 jalr             x1, x22, 0           x1=1c008ee0 x22:1c008dea
13638039ns          220405 1c008dea 000026b7 lui              x13, 0x2000         x13=00002000
13638059ns          220406 1c008dec f14027f3 csrrs            x15, x0, 0xf14      x15=00000002
13638079ns          220407 1c008df0 f8068693 addi             x13, x13, -128      x13=00001f80 x13:00002000
13638099ns          220408 1c008df4 00379713 slli             x14, x15, 0x3       x14=00000010 x15:00000002
13638119ns          220409 1c008df8 00279793 slli             x15, x15, 0x2       x15=00000008 x15:00000002
13638139ns          220410 1c008dfa 00d7f7b3 and              x15, x15, x13       x15=00000000 x15:00000008 x13:00001f80
13638159ns          220411 1c008dfc ee873733 p.bclr           x14, x14, 23, 8     x14=00000010 x14:00000010
13638179ns          220412 1c008e00 1a10f6b7 lui              x13, 0x1a10f000     x13=1a10f000
13638198ns          220413 1c008e04 0ff57513 andi             x10, x10, 255       x10=00000069 x10:00000069
13638218ns          220414 1c008e08 00d70733 add              x14, x14, x13       x14=1a10f010 x14:00000010 x13:1a10f000
13638238ns          220415 1c008e0a 00a7e723 p.sw             x10, x0(x15)        x10:00000069 x15:00000000  PA:1a10f010
13638557ns          220431 1c008e0e 00000513 addi             x10, x0, 0          x10=00000000
13638576ns          220432 1c008e10 00008067 jalr             x0, x1, 0            x1:1c008ee0
13638616ns          220434 1c008ee0 31f52563 p.beqimm         x10, 778            x10:00000000
13638636ns          220435 1c008ee4 001d8d93 addi             x27, x27, 1         x27=00000006 x27:00000005
13638656ns          220436 1c008ee6 00044503 lbu              x10, 0(x8)          x10=0000006e  x8:1c000032  PA:1c000032
13638954ns          220451 1c008eea 00140413 addi             x8, x8, 1            x8=1c000033  x8:1c000032
13638974ns          220452 1c008eec fe0514e3 bne              x10, x0, -24        x10:0000006e
13639034ns          220455 1c008ed4 02500793 addi             x15, x0, 37         x15=00000025
13639054ns          220456 1c008ed8 04f50863 beq              x10, x15, 80        x10:0000006e x15:00000025
13639074ns          220457 1c008edc 01a005b3 add              x11, x0, x26        x11=00000002 x26:00000002
13639094ns          220458 1c008ede 000b00e7 jalr             x1, x22, 0           x1=1c008ee0 x22:1c008dea
13639133ns          220460 1c008dea 000026b7 lui              x13, 0x2000         x13=00002000
13639153ns          220461 1c008dec f14027f3 csrrs            x15, x0, 0xf14      x15=00000002
13639173ns          220462 1c008df0 f8068693 addi             x13, x13, -128      x13=00001f80 x13:00002000
13639193ns          220463 1c008df4 00379713 slli             x14, x15, 0x3       x14=00000010 x15:00000002
13639213ns          220464 1c008df8 00279793 slli             x15, x15, 0x2       x15=00000008 x15:00000002
13639233ns          220465 1c008dfa 00d7f7b3 and              x15, x15, x13       x15=00000000 x15:00000008 x13:00001f80
13639253ns          220466 1c008dfc ee873733 p.bclr           x14, x14, 23, 8     x14=00000010 x14:00000010
13639273ns          220467 1c008e00 1a10f6b7 lui              x13, 0x1a10f000     x13=1a10f000
13639292ns          220468 1c008e04 0ff57513 andi             x10, x10, 255       x10=0000006e x10:0000006e
13639312ns          220469 1c008e08 00d70733 add              x14, x14, x13       x14=1a10f010 x14:00000010 x13:1a10f000
13639332ns          220470 1c008e0a 00a7e723 p.sw             x10, x0(x15)        x10:0000006e x15:00000000  PA:1a10f010
13639651ns          220486 1c008e0e 00000513 addi             x10, x0, 0          x10=00000000
13639670ns          220487 1c008e10 00008067 jalr             x0, x1, 0            x1:1c008ee0
13639710ns          220489 1c008ee0 31f52563 p.beqimm         x10, 778            x10:00000000
13639730ns          220490 1c008ee4 001d8d93 addi             x27, x27, 1         x27=00000007 x27:00000006
13639750ns          220491 1c008ee6 00044503 lbu              x10, 0(x8)          x10=00000067  x8:1c000033  PA:1c000033
13640048ns          220506 1c008eea 00140413 addi             x8, x8, 1            x8=1c000034  x8:1c000033
13640068ns          220507 1c008eec fe0514e3 bne              x10, x0, -24        x10:00000067
13640128ns          220510 1c008ed4 02500793 addi             x15, x0, 37         x15=00000025
13640148ns          220511 1c008ed8 04f50863 beq              x10, x15, 80        x10:00000067 x15:00000025
13640168ns          220512 1c008edc 01a005b3 add              x11, x0, x26        x11=00000002 x26:00000002
13640188ns          220513 1c008ede 000b00e7 jalr             x1, x22, 0           x1=1c008ee0 x22:1c008dea
13640227ns          220515 1c008dea 000026b7 lui              x13, 0x2000         x13=00002000
13640247ns          220516 1c008dec f14027f3 csrrs            x15, x0, 0xf14      x15=00000002
13640267ns          220517 1c008df0 f8068693 addi             x13, x13, -128      x13=00001f80 x13:00002000
13640287ns          220518 1c008df4 00379713 slli             x14, x15, 0x3       x14=00000010 x15:00000002
13640307ns          220519 1c008df8 00279793 slli             x15, x15, 0x2       x15=00000008 x15:00000002
13640327ns          220520 1c008dfa 00d7f7b3 and              x15, x15, x13       x15=00000000 x15:00000008 x13:00001f80
13640347ns          220521 1c008dfc ee873733 p.bclr           x14, x14, 23, 8     x14=00000010 x14:00000010
13640367ns          220522 1c008e00 1a10f6b7 lui              x13, 0x1a10f000     x13=1a10f000
13640386ns          220523 1c008e04 0ff57513 andi             x10, x10, 255       x10=00000067 x10:00000067
13640406ns          220524 1c008e08 00d70733 add              x14, x14, x13       x14=1a10f010 x14:00000010 x13:1a10f000
13640426ns          220525 1c008e0a 00a7e723 p.sw             x10, x0(x15)        x10:00000067 x15:00000000  PA:1a10f010
13640764ns          220542 1c008e0e 00000513 addi             x10, x0, 0          x10=00000000
13640784ns          220543 1c008e10 00008067 jalr             x0, x1, 0            x1:1c008ee0
13640824ns          220545 1c008ee0 31f52563 p.beqimm         x10, 778            x10:00000000
13640844ns          220546 1c008ee4 001d8d93 addi             x27, x27, 1         x27=00000008 x27:00000007
13640864ns          220547 1c008ee6 00044503 lbu              x10, 0(x8)          x10=00000020  x8:1c000034  PA:1c000034
13641162ns          220562 1c008eea 00140413 addi             x8, x8, 1            x8=1c000035  x8:1c000034
13641182ns          220563 1c008eec fe0514e3 bne              x10, x0, -24        x10:00000020
13641242ns          220566 1c008ed4 02500793 addi             x15, x0, 37         x15=00000025
13641262ns          220567 1c008ed8 04f50863 beq              x10, x15, 80        x10:00000020 x15:00000025
13641282ns          220568 1c008edc 01a005b3 add              x11, x0, x26        x11=00000002 x26:00000002
13641301ns          220569 1c008ede 000b00e7 jalr             x1, x22, 0           x1=1c008ee0 x22:1c008dea
13641341ns          220571 1c008dea 000026b7 lui              x13, 0x2000         x13=00002000
13641361ns          220572 1c008dec f14027f3 csrrs            x15, x0, 0xf14      x15=00000002
13641381ns          220573 1c008df0 f8068693 addi             x13, x13, -128      x13=00001f80 x13:00002000
13641401ns          220574 1c008df4 00379713 slli             x14, x15, 0x3       x14=00000010 x15:00000002
13641421ns          220575 1c008df8 00279793 slli             x15, x15, 0x2       x15=00000008 x15:00000002
13641441ns          220576 1c008dfa 00d7f7b3 and              x15, x15, x13       x15=00000000 x15:00000008 x13:00001f80
13641461ns          220577 1c008dfc ee873733 p.bclr           x14, x14, 23, 8     x14=00000010 x14:00000010
13641480ns          220578 1c008e00 1a10f6b7 lui              x13, 0x1a10f000     x13=1a10f000
13641500ns          220579 1c008e04 0ff57513 andi             x10, x10, 255       x10=00000020 x10:00000020
13641520ns          220580 1c008e08 00d70733 add              x14, x14, x13       x14=1a10f010 x14:00000010 x13:1a10f000
13641540ns          220581 1c008e0a 00a7e723 p.sw             x10, x0(x15)        x10:00000020 x15:00000000  PA:1a10f010
13641858ns          220597 1c008e0e 00000513 addi             x10, x0, 0          x10=00000000
13641878ns          220598 1c008e10 00008067 jalr             x0, x1, 0            x1:1c008ee0
13641918ns          220600 1c008ee0 31f52563 p.beqimm         x10, 778            x10:00000000
13641938ns          220601 1c008ee4 001d8d93 addi             x27, x27, 1         x27=00000009 x27:00000008
13641958ns          220602 1c008ee6 00044503 lbu              x10, 0(x8)          x10=00000025  x8:1c000035  PA:1c000035
13642256ns          220617 1c008eea 00140413 addi             x8, x8, 1            x8=1c000036  x8:1c000035
13642276ns          220618 1c008eec fe0514e3 bne              x10, x0, -24        x10:00000025
13642336ns          220621 1c008ed4 02500793 addi             x15, x0, 37         x15=00000025
13642356ns          220622 1c008ed8 04f50863 beq              x10, x15, 80        x10:00000025 x15:00000025
13642773ns          220643 1c008f28 00044483 lbu              x9, 0(x8)            x9=00000064  x8:1c000036  PA:1c000036
13643211ns          220665 1c008f2c 02000693 addi             x13, x0, 32         x13=00000020
13643271ns          220668 1c008f30 00140a93 addi             x21, x8, 1          x21=1c000037  x8:1c000036
13643310ns          220670 1c008f34 009005b3 add              x11, x0, x9         x11=00000064  x9:00000064
13643330ns          220671 1c008f36 198b8513 addi             x10, x23, 408       x10=1c000198 x23:1c000000
13643350ns          220672 1c008f3a 00d12823 sw               x13, 16(x2)         x13:00000020  x2:10001338  PA:10001348
13643370ns          220673 1c008f3c 00012c23 sw               x0, 24(x2)           x2:10001338  PA:10001350
13643390ns          220674 1c008f3e 00012a23 sw               x0, 20(x2)           x2:10001338  PA:1000134c
13643788ns          220694 1c008f40 00012e23 sw               x0, 28(x2)           x2:10001338  PA:10001354
13643808ns          220695 1c008f42 00012623 sw               x0, 12(x2)           x2:10001338  PA:10001344
13643828ns          220696 1c008f44 02300913 addi             x18, x0, 35         x18=00000023
13643847ns          220697 1c008f48 02d00a13 addi             x20, x0, 45         x20=0000002d
13643867ns          220698 1c008f4c 015009b3 add              x19, x0, x21        x19=1c000037 x21:1c000037
13643887ns          220699 1c008f4e e1dff0ef jal              x1, -484             x1=1c008f50
13644802ns          220745 1c008d6a 00054783 lbu              x15, 0(x10)         x15=0000002d x10:1c000198  PA:1c000198
13645240ns          220767 1c008d6e 0ff5f593 andi             x11, x11, 255       x11=00000064 x11:00000064
13645280ns          220769 1c008d72 00b78c63 beq              x15, x11, 24        x15:0000002d x11:00000064
13645299ns          220770 1c008d76 00078b63 beq              x15, x0, 22         x15:0000002d
13645319ns          220771 1c008d78 00150793 addi             x15, x10, 1         x15=1c000199 x10:1c000198
13645339ns          220772 1c008d7c 0040006f jal              x0, 4              
13645797ns          220795 1c008d80 00f00533 add              x10, x0, x15        x10=1c000199 x15:1c000199
13645817ns          220796 1c008d82 0017c70b p.lbu            x14, 1(x15!)        x14=0000002b x15=1c00019a x15:1c000199  PA:1c000199
13646274ns          220819 1c008d86 feb71ce3 bne              x14, x11, -8        x14:0000002b x11:00000064
13646374ns          220824 1c008d7e 00070763 beq              x14, x0, 14         x14:0000002b
13646393ns          220825 1c008d80 00f00533 add              x10, x0, x15        x10=1c00019a x15:1c00019a
13646413ns          220826 1c008d82 0017c70b p.lbu            x14, 1(x15!)        x14=00000020 x15=1c00019b x15:1c00019a  PA:1c00019a
13646732ns          220842 1c008d86 feb71ce3 bne              x14, x11, -8        x14:00000020 x11:00000064
13646791ns          220845 1c008d7e 00070763 beq              x14, x0, 14         x14:00000020
13646811ns          220846 1c008d80 00f00533 add              x10, x0, x15        x10=1c00019b x15:1c00019b
13646831ns          220847 1c008d82 0017c70b p.lbu            x14, 1(x15!)        x14=00000023 x15=1c00019c x15:1c00019b  PA:1c00019b
13647189ns          220865 1c008d86 feb71ce3 bne              x14, x11, -8        x14:00000023 x11:00000064
13647249ns          220868 1c008d7e 00070763 beq              x14, x0, 14         x14:00000023
13647269ns          220869 1c008d80 00f00533 add              x10, x0, x15        x10=1c00019c x15:1c00019c
13647289ns          220870 1c008d82 0017c70b p.lbu            x14, 1(x15!)        x14=00000030 x15=1c00019d x15:1c00019c  PA:1c00019c
13647607ns          220886 1c008d86 feb71ce3 bne              x14, x11, -8        x14:00000030 x11:00000064
13647666ns          220889 1c008d7e 00070763 beq              x14, x0, 14         x14:00000030
13647686ns          220890 1c008d80 00f00533 add              x10, x0, x15        x10=1c00019d x15:1c00019d
13647706ns          220891 1c008d82 0017c70b p.lbu            x14, 1(x15!)        x14=00000000 x15=1c00019e x15:1c00019d  PA:1c00019d
13648025ns          220907 1c008d86 feb71ce3 bne              x14, x11, -8        x14:00000000 x11:00000064
13648084ns          220910 1c008d7e 00070763 beq              x14, x0, 14         x14:00000000
13648144ns          220913 1c008d8c 0015b593 sltiu            x11, x11, 1         x11=00000000 x11:00000064
13648164ns          220914 1c008d90 40b005b3 sub              x11, x0, x11        x11=00000000 x11:00000000
13648184ns          220915 1c008d94 00b57533 and              x10, x10, x11       x10=00000000 x10:1c00019d x11:00000000
13648204ns          220916 1c008d96 00008067 jalr             x0, x1, 0            x1:1c008f50
13648243ns          220918 1c008f50 02050a63 beq              x10, x0, 52         x10:00000000
13648721ns          220942 1c008f84 02a00613 addi             x12, x0, 42         x12=0000002a
13648760ns          220944 1c008f88 2ac48663 beq              x9, x12, 684         x9:00000064 x12:0000002a
13648780ns          220945 1c008f8c fd048613 addi             x12, x9, -48        x12=00000034  x9:00000064
13649218ns          220967 1c008f90 00900593 addi             x11, x0, 9          x11=00000009
13649238ns          220968 1c008f92 00000913 addi             x18, x0, 0          x18=00000000
13649258ns          220969 1c008f94 28c5f063 bgeu             x11, x12, 640       x11:00000009 x12:00000034
13649278ns          220970 1c008f98 02e00693 addi             x13, x0, 46         x13=0000002e
13649298ns          220971 1c008f9c fff00a13 addi             x20, x0, -1         x20=ffffffff
13649735ns          220993 1c008f9e 2ed48363 beq              x9, x13, 742         x9:00000064 x13:0000002e
13649775ns          220995 1c008fa2 1c0007b7 lui              x15, 0x1c000000     x15=1c000000
13649795ns          220996 1c008fa6 009005b3 add              x11, x0, x9         x11=00000064  x9:00000064
13649815ns          220997 1c008fa8 1a078513 addi             x10, x15, 416       x10=1c0001a0 x15:1c000000
13649835ns          220998 1c008fac dbfff0ef jal              x1, -578             x1=1c008fae
13650332ns          221023 1c008d6a 00054783 lbu              x15, 0(x10)         x15=00000068 x10:1c0001a0  PA:1c0001a0
13650630ns          221038 1c008d6e 0ff5f593 andi             x11, x11, 255       x11=00000064 x11:00000064
13650650ns          221039 1c008d72 00b78c63 beq              x15, x11, 24        x15:00000068 x11:00000064
13650670ns          221040 1c008d76 00078b63 beq              x15, x0, 22         x15:00000068
13650690ns          221041 1c008d78 00150793 addi             x15, x10, 1         x15=1c0001a1 x10:1c0001a0
13650710ns          221042 1c008d7c 0040006f jal              x0, 4              
13650789ns          221046 1c008d80 00f00533 add              x10, x0, x15        x10=1c0001a1 x15:1c0001a1
13650809ns          221047 1c008d82 0017c70b p.lbu            x14, 1(x15!)        x14=0000006c x15=1c0001a2 x15:1c0001a1  PA:1c0001a1
13651127ns          221063 1c008d86 feb71ce3 bne              x14, x11, -8        x14:0000006c x11:00000064
13651187ns          221066 1c008d7e 00070763 beq              x14, x0, 14         x14:0000006c
13651207ns          221067 1c008d80 00f00533 add              x10, x0, x15        x10=1c0001a2 x15:1c0001a2
13651227ns          221068 1c008d82 0017c70b p.lbu            x14, 1(x15!)        x14=0000004c x15=1c0001a3 x15:1c0001a2  PA:1c0001a2
13651545ns          221084 1c008d86 feb71ce3 bne              x14, x11, -8        x14:0000004c x11:00000064
13651605ns          221087 1c008d7e 00070763 beq              x14, x0, 14         x14:0000004c
13651625ns          221088 1c008d80 00f00533 add              x10, x0, x15        x10=1c0001a3 x15:1c0001a3
13651645ns          221089 1c008d82 0017c70b p.lbu            x14, 1(x15!)        x14=0000007a x15=1c0001a4 x15:1c0001a3  PA:1c0001a3
13651963ns          221105 1c008d86 feb71ce3 bne              x14, x11, -8        x14:0000007a x11:00000064
13652023ns          221108 1c008d7e 00070763 beq              x14, x0, 14         x14:0000007a
13652042ns          221109 1c008d80 00f00533 add              x10, x0, x15        x10=1c0001a4 x15:1c0001a4
13652062ns          221110 1c008d82 0017c70b p.lbu            x14, 1(x15!)        x14=00000000 x15=1c0001a5 x15:1c0001a4  PA:1c0001a4
13652381ns          221126 1c008d86 feb71ce3 bne              x14, x11, -8        x14:00000000 x11:00000064
13652440ns          221129 1c008d7e 00070763 beq              x14, x0, 14         x14:00000000
13652500ns          221132 1c008d8c 0015b593 sltiu            x11, x11, 1         x11=00000000 x11:00000064
13652520ns          221133 1c008d90 40b005b3 sub              x11, x0, x11        x11=00000000 x11:00000000
13652540ns          221134 1c008d94 00b57533 and              x10, x10, x11       x10=00000000 x10:1c0001a4 x11:00000000
13652560ns          221135 1c008d96 00008067 jalr             x0, x1, 0            x1:1c008fae
13652599ns          221137 1c008fae 01300433 add              x8, x0, x19          x8=1c000037 x19:1c000037
13652619ns          221138 1c008fb0 00050563 beq              x10, x0, 10         x10:00000000
13652699ns          221142 1c008fba 06700693 addi             x13, x0, 103        x13=00000067
13653156ns          221165 1c008fbe 2896d963 bge              x13, x9, 658        x13:00000067  x9:00000064
13653634ns          221189 1c009250 06500693 addi             x13, x0, 101        x13=00000065
13653673ns          221191 1c009254 12d4d563 bge              x9, x13, 298         x9:00000064 x13:00000065
13653693ns          221192 1c009258 04700693 addi             x13, x0, 71         x13=00000047
13653713ns          221193 1c00925c dc96cbe3 blt              x13, x9, -554       x13:00000047  x9:00000064
13654668ns          221241 1c009032 06300693 addi             x13, x0, 99         x13=00000063
13654688ns          221242 1c009036 0ad488e3 beq              x9, x13, 2224        x9:00000064 x13:00000063
13654708ns          221243 1c00903a 0096c9e3 blt              x13, x9, 2066       x13:00000063  x9:00000064
13655663ns          221291 1c00984c 000c2583 lw               x11, 0(x24)         x11=00000001 x24:1000148c  PA:1000148c
13656120ns          221314 1c009850 004c0c13 addi             x24, x24, 4         x24=10001490 x24:1000148c
13656160ns          221316 1c009852 3405cc63 blt              x11, x0, 856        x11:00000001
13656180ns          221317 1c009856 01412603 lw               x12, 20(x2)         x12=00000000  x2:10001338  PA:1000134c
13656200ns          221318 1c009858 00b006b3 add              x13, x0, x11        x13=00000001 x11:00000001
13656220ns          221319 1c00985a 2e061863 bne              x12, x0, 752        x12:00000000
13656239ns          221320 1c00985e 01812703 lw               x14, 24(x2)         x14=00000000  x2:10001338  PA:10001350
13656637ns          221340 1c009860 019007b3 add              x15, x0, x25        x15=1000135c x25:1000135c
13656657ns          221341 1c009862 00070763 beq              x14, x0, 14         x14:00000000
13657134ns          221365 1c009870 00f00733 add              x14, x0, x15        x14=1000135c x15:1000135c
13657154ns          221366 1c009872 00a00513 addi             x10, x0, 10         x10=0000000a
13657174ns          221367 1c009874 02a6f633 remu             x12, x13, x10       x12=00000001 x13:00000001 x10:0000000a
13657791ns          221398 1c009878 02a6d6b3 divu             x13, x13, x10       x13=00000000 x13:00000001 x10:0000000a
13658407ns          221429 1c00987c 03060613 addi             x12, x12, 48        x12=00000031 x12:00000001
13658427ns          221430 1c009880 00c700ab p.sb             x12, 1(x14!)        x14=1000135d x12:00000031 x14:1000135c  PA:1000135c
13658447ns          221431 1c009884 fe0698e3 bne              x13, x0, -16        x13:00000000
13658467ns          221432 1c009886 40f706b3 sub              x13, x14, x15       x13=00000001 x14:1000135d x15:1000135c
13658487ns          221433 1c00988a 0146dc63 bge              x13, x20, 24        x13:00000001 x20:ffffffff
13659362ns          221477 1c0098a2 00e006b3 add              x13, x0, x14        x13=1000135d x14:1000135d
13659402ns          221479 1c0098a4 fe068fab p.sb             x0, -1(x13!)        x13=1000135c x13:1000135d  PA:1000135d
13659422ns          221480 1c0098a8 00d7fc63 bgeu             x15, x13, 24        x15:1000135c x13:1000135c
13660337ns          221526 1c0098c0 01412783 lw               x15, 20(x2)         x15=00000000  x2:10001338  PA:1000134c
13660357ns          221527 1c0098c2 01812603 lw               x12, 24(x2)         x12=00000000  x2:10001338  PA:10001350
13660377ns          221528 1c0098c4 419704b3 sub              x9, x14, x25         x9=00000001 x14:1000135d x25:1000135c
13660397ns          221529 1c0098c8 00c7e7b3 or               x15, x15, x12       x15=00000000 x15:00000000 x12:00000000
13660416ns          221530 1c0098ca 00f12623 sw               x15, 12(x2)         x15:00000000  x2:10001338  PA:10001344
13660436ns          221531 1c0098cc 00079363 bne              x15, x0, 6          x15:00000000
13660456ns          221532 1c0098ce 01f5d593 srli             x11, x11, 0x1f      x11=00000000 x11:00000001
13660874ns          221553 1c0098d0 00b12623 sw               x11, 12(x2)         x11:00000000  x2:10001338  PA:10001344
13660914ns          221555 1c0098d2 e3fa28e3 p.beqimm         x20, -464           x20:ffffffff
13661431ns          221581 1c009702 0c800793 addi             x15, x0, 200        x15=000000c8
13661451ns          221582 1c009706 9e97d0e3 bge              x15, x9, -1568      x15:000000c8  x9:00000001
13662425ns          221631 1c0090e6 0f24d163 bge              x9, x18, 226         x9:00000001 x18:00000000
13663340ns          221677 1c0091c8 d00482e3 beq              x9, x0, -764         x9:00000001
13663380ns          221679 1c0091cc 01900933 add              x18, x0, x25        x18=1000135c x25:1000135c
13663818ns          221701 1c0091ce 419d8db3 sub              x27, x27, x25       x27=efffecad x27:00000009 x25:1000135c
13663838ns          221702 1c0091d2 00a0006f jal              x0, 10             
13663877ns          221704 1c0091dc 0019450b p.lbu            x10, 1(x18!)        x10=00000031 x18=1000135d x18:1000135c  PA:1000135c
13664315ns          221726 1c0091e0 01a005b3 add              x11, x0, x26        x11=00000002 x26:00000002
13664335ns          221727 1c0091e2 000b00e7 jalr             x1, x22, 0           x1=1c0091e4 x22:1c008dea
13664414ns          221731 1c008dea 000026b7 lui              x13, 0x2000         x13=00002000
13664454ns          221733 1c008dec f14027f3 csrrs            x15, x0, 0xf14      x15=00000002
13664474ns          221734 1c008df0 f8068693 addi             x13, x13, -128      x13=00001f80 x13:00002000
13664494ns          221735 1c008df4 00379713 slli             x14, x15, 0x3       x14=00000010 x15:00000002
13664514ns          221736 1c008df8 00279793 slli             x15, x15, 0x2       x15=00000008 x15:00000002
13664534ns          221737 1c008dfa 00d7f7b3 and              x15, x15, x13       x15=00000000 x15:00000008 x13:00001f80
13664554ns          221738 1c008dfc ee873733 p.bclr           x14, x14, 23, 8     x14=00000010 x14:00000010
13664594ns          221740 1c008e00 1a10f6b7 lui              x13, 0x1a10f000     x13=1a10f000
13664633ns          221742 1c008e04 0ff57513 andi             x10, x10, 255       x10=00000031 x10:00000031
13664653ns          221743 1c008e08 00d70733 add              x14, x14, x13       x14=1a10f010 x14:00000010 x13:1a10f000
13664673ns          221744 1c008e0a 00a7e723 p.sw             x10, x0(x15)        x10:00000031 x15:00000000  PA:1a10f010
13665091ns          221765 1c008e0e 00000513 addi             x10, x0, 0          x10=00000000
13665111ns          221766 1c008e10 00008067 jalr             x0, x1, 0            x1:1c0091e4
13665190ns          221770 1c0091e4 fff48493 addi             x9, x9, -1           x9=00000000  x9:00000001
13665230ns          221772 1c0091e6 fff537e3 p.bneimm         x10, -18            x10:00000000
13665648ns          221793 1c0091d4 012d8733 add              x14, x27, x18       x14=0000000a x27:efffecad x18:1000135d
13665668ns          221794 1c0091d8 5a048b63 beq              x9, x0, 1462         x9:00000000
13666165ns          221819 1c00978e 00e00db3 add              x27, x0, x14        x27=0000000a x14:0000000a
13666622ns          221842 1c009790 f3cff06f jal              x0, -2244          
13666702ns          221846 1c008ecc 00044503 lbu              x10, 0(x8)          x10=00000020  x8:1c000037  PA:1c000037
13667020ns          221862 1c008ed0 00140413 addi             x8, x8, 1            x8=1c000038  x8:1c000037
13667040ns          221863 1c008ed2 00050e63 beq              x10, x0, 28         x10:00000020
13667060ns          221864 1c008ed4 02500793 addi             x15, x0, 37         x15=00000025
13667080ns          221865 1c008ed8 04f50863 beq              x10, x15, 80        x10:00000020 x15:00000025
13667100ns          221866 1c008edc 01a005b3 add              x11, x0, x26        x11=00000002 x26:00000002
13667120ns          221867 1c008ede 000b00e7 jalr             x1, x22, 0           x1=1c008ee0 x22:1c008dea
13667179ns          221870 1c008dea 000026b7 lui              x13, 0x2000         x13=00002000
13667199ns          221871 1c008dec f14027f3 csrrs            x15, x0, 0xf14      x15=00000002
13667259ns          221874 1c008df0 f8068693 addi             x13, x13, -128      x13=00001f80 x13:00002000
13667299ns          221876 1c008df4 00379713 slli             x14, x15, 0x3       x14=00000010 x15:00000002
13667319ns          221877 1c008df8 00279793 slli             x15, x15, 0x2       x15=00000008 x15:00000002
13667338ns          221878 1c008dfa 00d7f7b3 and              x15, x15, x13       x15=00000000 x15:00000008 x13:00001f80
13667358ns          221879 1c008dfc ee873733 p.bclr           x14, x14, 23, 8     x14=00000010 x14:00000010
13667398ns          221881 1c008e00 1a10f6b7 lui              x13, 0x1a10f000     x13=1a10f000
13667438ns          221883 1c008e04 0ff57513 andi             x10, x10, 255       x10=00000020 x10:00000020
13667458ns          221884 1c008e08 00d70733 add              x14, x14, x13       x14=1a10f010 x14:00000010 x13:1a10f000
13667478ns          221885 1c008e0a 00a7e723 p.sw             x10, x0(x15)        x10:00000020 x15:00000000  PA:1a10f010
13667875ns          221905 1c008e0e 00000513 addi             x10, x0, 0          x10=00000000
13667895ns          221906 1c008e10 00008067 jalr             x0, x1, 0            x1:1c008ee0
13667935ns          221908 1c008ee0 31f52563 p.beqimm         x10, 778            x10:00000000
13667955ns          221909 1c008ee4 001d8d93 addi             x27, x27, 1         x27=0000000b x27:0000000a
13667975ns          221910 1c008ee6 00044503 lbu              x10, 0(x8)          x10=0000006b  x8:1c000038  PA:1c000038
13668273ns          221925 1c008eea 00140413 addi             x8, x8, 1            x8=1c000039  x8:1c000038
13668293ns          221926 1c008eec fe0514e3 bne              x10, x0, -24        x10:0000006b
13668353ns          221929 1c008ed4 02500793 addi             x15, x0, 37         x15=00000025
13668373ns          221930 1c008ed8 04f50863 beq              x10, x15, 80        x10:0000006b x15:00000025
13668393ns          221931 1c008edc 01a005b3 add              x11, x0, x26        x11=00000002 x26:00000002
13668413ns          221932 1c008ede 000b00e7 jalr             x1, x22, 0           x1=1c008ee0 x22:1c008dea
13668452ns          221934 1c008dea 000026b7 lui              x13, 0x2000         x13=00002000
13668472ns          221935 1c008dec f14027f3 csrrs            x15, x0, 0xf14      x15=00000002
13668492ns          221936 1c008df0 f8068693 addi             x13, x13, -128      x13=00001f80 x13:00002000
13668512ns          221937 1c008df4 00379713 slli             x14, x15, 0x3       x14=00000010 x15:00000002
13668532ns          221938 1c008df8 00279793 slli             x15, x15, 0x2       x15=00000008 x15:00000002
13668552ns          221939 1c008dfa 00d7f7b3 and              x15, x15, x13       x15=00000000 x15:00000008 x13:00001f80
13668572ns          221940 1c008dfc ee873733 p.bclr           x14, x14, 23, 8     x14=00000010 x14:00000010
13668592ns          221941 1c008e00 1a10f6b7 lui              x13, 0x1a10f000     x13=1a10f000
13668611ns          221942 1c008e04 0ff57513 andi             x10, x10, 255       x10=0000006b x10:0000006b
13668631ns          221943 1c008e08 00d70733 add              x14, x14, x13       x14=1a10f010 x14:00000010 x13:1a10f000
13668651ns          221944 1c008e0a 00a7e723 p.sw             x10, x0(x15)        x10:0000006b x15:00000000  PA:1a10f010
13668969ns          221960 1c008e0e 00000513 addi             x10, x0, 0          x10=00000000
13668989ns          221961 1c008e10 00008067 jalr             x0, x1, 0            x1:1c008ee0
13669029ns          221963 1c008ee0 31f52563 p.beqimm         x10, 778            x10:00000000
13669049ns          221964 1c008ee4 001d8d93 addi             x27, x27, 1         x27=0000000c x27:0000000b
13669069ns          221965 1c008ee6 00044503 lbu              x10, 0(x8)          x10=00000065  x8:1c000039  PA:1c000039
13669367ns          221980 1c008eea 00140413 addi             x8, x8, 1            x8=1c00003a  x8:1c000039
13669387ns          221981 1c008eec fe0514e3 bne              x10, x0, -24        x10:00000065
13669447ns          221984 1c008ed4 02500793 addi             x15, x0, 37         x15=00000025
13669467ns          221985 1c008ed8 04f50863 beq              x10, x15, 80        x10:00000065 x15:00000025
13669487ns          221986 1c008edc 01a005b3 add              x11, x0, x26        x11=00000002 x26:00000002
13669507ns          221987 1c008ede 000b00e7 jalr             x1, x22, 0           x1=1c008ee0 x22:1c008dea
13669546ns          221989 1c008dea 000026b7 lui              x13, 0x2000         x13=00002000
13669566ns          221990 1c008dec f14027f3 csrrs            x15, x0, 0xf14      x15=00000002
13669586ns          221991 1c008df0 f8068693 addi             x13, x13, -128      x13=00001f80 x13:00002000
13669606ns          221992 1c008df4 00379713 slli             x14, x15, 0x3       x14=00000010 x15:00000002
13669626ns          221993 1c008df8 00279793 slli             x15, x15, 0x2       x15=00000008 x15:00000002
13669646ns          221994 1c008dfa 00d7f7b3 and              x15, x15, x13       x15=00000000 x15:00000008 x13:00001f80
13669666ns          221995 1c008dfc ee873733 p.bclr           x14, x14, 23, 8     x14=00000010 x14:00000010
13669686ns          221996 1c008e00 1a10f6b7 lui              x13, 0x1a10f000     x13=1a10f000
13669705ns          221997 1c008e04 0ff57513 andi             x10, x10, 255       x10=00000065 x10:00000065
13669725ns          221998 1c008e08 00d70733 add              x14, x14, x13       x14=1a10f010 x14:00000010 x13:1a10f000
13669745ns          221999 1c008e0a 00a7e723 p.sw             x10, x0(x15)        x10:00000065 x15:00000000  PA:1a10f010
13670083ns          222016 1c008e0e 00000513 addi             x10, x0, 0          x10=00000000
13670103ns          222017 1c008e10 00008067 jalr             x0, x1, 0            x1:1c008ee0
13670143ns          222019 1c008ee0 31f52563 p.beqimm         x10, 778            x10:00000000
13670163ns          222020 1c008ee4 001d8d93 addi             x27, x27, 1         x27=0000000d x27:0000000c
13670183ns          222021 1c008ee6 00044503 lbu              x10, 0(x8)          x10=00000072  x8:1c00003a  PA:1c00003a
13670481ns          222036 1c008eea 00140413 addi             x8, x8, 1            x8=1c00003b  x8:1c00003a
13670501ns          222037 1c008eec fe0514e3 bne              x10, x0, -24        x10:00000072
13670561ns          222040 1c008ed4 02500793 addi             x15, x0, 37         x15=00000025
13670581ns          222041 1c008ed8 04f50863 beq              x10, x15, 80        x10:00000072 x15:00000025
13670601ns          222042 1c008edc 01a005b3 add              x11, x0, x26        x11=00000002 x26:00000002
13670620ns          222043 1c008ede 000b00e7 jalr             x1, x22, 0           x1=1c008ee0 x22:1c008dea
13670660ns          222045 1c008dea 000026b7 lui              x13, 0x2000         x13=00002000
13670680ns          222046 1c008dec f14027f3 csrrs            x15, x0, 0xf14      x15=00000002
13670700ns          222047 1c008df0 f8068693 addi             x13, x13, -128      x13=00001f80 x13:00002000
13670720ns          222048 1c008df4 00379713 slli             x14, x15, 0x3       x14=00000010 x15:00000002
13670740ns          222049 1c008df8 00279793 slli             x15, x15, 0x2       x15=00000008 x15:00000002
13670760ns          222050 1c008dfa 00d7f7b3 and              x15, x15, x13       x15=00000000 x15:00000008 x13:00001f80
13670780ns          222051 1c008dfc ee873733 p.bclr           x14, x14, 23, 8     x14=00000010 x14:00000010
13670799ns          222052 1c008e00 1a10f6b7 lui              x13, 0x1a10f000     x13=1a10f000
13670819ns          222053 1c008e04 0ff57513 andi             x10, x10, 255       x10=00000072 x10:00000072
13670839ns          222054 1c008e08 00d70733 add              x14, x14, x13       x14=1a10f010 x14:00000010 x13:1a10f000
13670859ns          222055 1c008e0a 00a7e723 p.sw             x10, x0(x15)        x10:00000072 x15:00000000  PA:1a10f010
13671177ns          222071 1c008e0e 00000513 addi             x10, x0, 0          x10=00000000
13671197ns          222072 1c008e10 00008067 jalr             x0, x1, 0            x1:1c008ee0
13671237ns          222074 1c008ee0 31f52563 p.beqimm         x10, 778            x10:00000000
13671257ns          222075 1c008ee4 001d8d93 addi             x27, x27, 1         x27=0000000e x27:0000000d
13671277ns          222076 1c008ee6 00044503 lbu              x10, 0(x8)          x10=0000006e  x8:1c00003b  PA:1c00003b
13671575ns          222091 1c008eea 00140413 addi             x8, x8, 1            x8=1c00003c  x8:1c00003b
13671595ns          222092 1c008eec fe0514e3 bne              x10, x0, -24        x10:0000006e
13671655ns          222095 1c008ed4 02500793 addi             x15, x0, 37         x15=00000025
13671675ns          222096 1c008ed8 04f50863 beq              x10, x15, 80        x10:0000006e x15:00000025
13671695ns          222097 1c008edc 01a005b3 add              x11, x0, x26        x11=00000002 x26:00000002
13671714ns          222098 1c008ede 000b00e7 jalr             x1, x22, 0           x1=1c008ee0 x22:1c008dea
13671754ns          222100 1c008dea 000026b7 lui              x13, 0x2000         x13=00002000
13671774ns          222101 1c008dec f14027f3 csrrs            x15, x0, 0xf14      x15=00000002
13671794ns          222102 1c008df0 f8068693 addi             x13, x13, -128      x13=00001f80 x13:00002000
13671814ns          222103 1c008df4 00379713 slli             x14, x15, 0x3       x14=00000010 x15:00000002
13671834ns          222104 1c008df8 00279793 slli             x15, x15, 0x2       x15=00000008 x15:00000002
13671854ns          222105 1c008dfa 00d7f7b3 and              x15, x15, x13       x15=00000000 x15:00000008 x13:00001f80
13671874ns          222106 1c008dfc ee873733 p.bclr           x14, x14, 23, 8     x14=00000010 x14:00000010
13671893ns          222107 1c008e00 1a10f6b7 lui              x13, 0x1a10f000     x13=1a10f000
13671913ns          222108 1c008e04 0ff57513 andi             x10, x10, 255       x10=0000006e x10:0000006e
13671933ns          222109 1c008e08 00d70733 add              x14, x14, x13       x14=1a10f010 x14:00000010 x13:1a10f000
13671953ns          222110 1c008e0a 00a7e723 p.sw             x10, x0(x15)        x10:0000006e x15:00000000  PA:1a10f010
13672271ns          222126 1c008e0e 00000513 addi             x10, x0, 0          x10=00000000
13672291ns          222127 1c008e10 00008067 jalr             x0, x1, 0            x1:1c008ee0
13672331ns          222129 1c008ee0 31f52563 p.beqimm         x10, 778            x10:00000000
13672351ns          222130 1c008ee4 001d8d93 addi             x27, x27, 1         x27=0000000f x27:0000000e
13672371ns          222131 1c008ee6 00044503 lbu              x10, 0(x8)          x10=00000065  x8:1c00003c  PA:1c00003c
13672689ns          222147 1c008eea 00140413 addi             x8, x8, 1            x8=1c00003d  x8:1c00003c
13672709ns          222148 1c008eec fe0514e3 bne              x10, x0, -24        x10:00000065
13672769ns          222151 1c008ed4 02500793 addi             x15, x0, 37         x15=00000025
13672789ns          222152 1c008ed8 04f50863 beq              x10, x15, 80        x10:00000065 x15:00000025
13672808ns          222153 1c008edc 01a005b3 add              x11, x0, x26        x11=00000002 x26:00000002
13672828ns          222154 1c008ede 000b00e7 jalr             x1, x22, 0           x1=1c008ee0 x22:1c008dea
13672868ns          222156 1c008dea 000026b7 lui              x13, 0x2000         x13=00002000
13672888ns          222157 1c008dec f14027f3 csrrs            x15, x0, 0xf14      x15=00000002
13672908ns          222158 1c008df0 f8068693 addi             x13, x13, -128      x13=00001f80 x13:00002000
13672928ns          222159 1c008df4 00379713 slli             x14, x15, 0x3       x14=00000010 x15:00000002
13672948ns          222160 1c008df8 00279793 slli             x15, x15, 0x2       x15=00000008 x15:00000002
13672968ns          222161 1c008dfa 00d7f7b3 and              x15, x15, x13       x15=00000000 x15:00000008 x13:00001f80
13672987ns          222162 1c008dfc ee873733 p.bclr           x14, x14, 23, 8     x14=00000010 x14:00000010
13673007ns          222163 1c008e00 1a10f6b7 lui              x13, 0x1a10f000     x13=1a10f000
13673027ns          222164 1c008e04 0ff57513 andi             x10, x10, 255       x10=00000065 x10:00000065
13673047ns          222165 1c008e08 00d70733 add              x14, x14, x13       x14=1a10f010 x14:00000010 x13:1a10f000
13673067ns          222166 1c008e0a 00a7e723 p.sw             x10, x0(x15)        x10:00000065 x15:00000000  PA:1a10f010
13673385ns          222182 1c008e0e 00000513 addi             x10, x0, 0          x10=00000000
13673405ns          222183 1c008e10 00008067 jalr             x0, x1, 0            x1:1c008ee0
13673445ns          222185 1c008ee0 31f52563 p.beqimm         x10, 778            x10:00000000
13673465ns          222186 1c008ee4 001d8d93 addi             x27, x27, 1         x27=00000010 x27:0000000f
13673485ns          222187 1c008ee6 00044503 lbu              x10, 0(x8)          x10=0000006c  x8:1c00003d  PA:1c00003d
13673783ns          222202 1c008eea 00140413 addi             x8, x8, 1            x8=1c00003e  x8:1c00003d
13673803ns          222203 1c008eec fe0514e3 bne              x10, x0, -24        x10:0000006c
13673863ns          222206 1c008ed4 02500793 addi             x15, x0, 37         x15=00000025
13673882ns          222207 1c008ed8 04f50863 beq              x10, x15, 80        x10:0000006c x15:00000025
13673902ns          222208 1c008edc 01a005b3 add              x11, x0, x26        x11=00000002 x26:00000002
13673922ns          222209 1c008ede 000b00e7 jalr             x1, x22, 0           x1=1c008ee0 x22:1c008dea
13673962ns          222211 1c008dea 000026b7 lui              x13, 0x2000         x13=00002000
13673982ns          222212 1c008dec f14027f3 csrrs            x15, x0, 0xf14      x15=00000002
13674002ns          222213 1c008df0 f8068693 addi             x13, x13, -128      x13=00001f80 x13:00002000
13674022ns          222214 1c008df4 00379713 slli             x14, x15, 0x3       x14=00000010 x15:00000002
13674042ns          222215 1c008df8 00279793 slli             x15, x15, 0x2       x15=00000008 x15:00000002
13674062ns          222216 1c008dfa 00d7f7b3 and              x15, x15, x13       x15=00000000 x15:00000008 x13:00001f80
13674081ns          222217 1c008dfc ee873733 p.bclr           x14, x14, 23, 8     x14=00000010 x14:00000010
13674101ns          222218 1c008e00 1a10f6b7 lui              x13, 0x1a10f000     x13=1a10f000
13674121ns          222219 1c008e04 0ff57513 andi             x10, x10, 255       x10=0000006c x10:0000006c
13674141ns          222220 1c008e08 00d70733 add              x14, x14, x13       x14=1a10f010 x14:00000010 x13:1a10f000
13674161ns          222221 1c008e0a 00a7e723 p.sw             x10, x0(x15)        x10:0000006c x15:00000000  PA:1a10f010
13674479ns          222237 1c008e0e 00000513 addi             x10, x0, 0          x10=00000000
13674499ns          222238 1c008e10 00008067 jalr             x0, x1, 0            x1:1c008ee0
13674539ns          222240 1c008ee0 31f52563 p.beqimm         x10, 778            x10:00000000
13674559ns          222241 1c008ee4 001d8d93 addi             x27, x27, 1         x27=00000011 x27:00000010
13674579ns          222242 1c008ee6 00044503 lbu              x10, 0(x8)          x10=00000020  x8:1c00003e  PA:1c00003e
13674877ns          222257 1c008eea 00140413 addi             x8, x8, 1            x8=1c00003f  x8:1c00003e
13674897ns          222258 1c008eec fe0514e3 bne              x10, x0, -24        x10:00000020
13674957ns          222261 1c008ed4 02500793 addi             x15, x0, 37         x15=00000025
13674976ns          222262 1c008ed8 04f50863 beq              x10, x15, 80        x10:00000020 x15:00000025
13674996ns          222263 1c008edc 01a005b3 add              x11, x0, x26        x11=00000002 x26:00000002
13675016ns          222264 1c008ede 000b00e7 jalr             x1, x22, 0           x1=1c008ee0 x22:1c008dea
13675056ns          222266 1c008dea 000026b7 lui              x13, 0x2000         x13=00002000
13675076ns          222267 1c008dec f14027f3 csrrs            x15, x0, 0xf14      x15=00000002
13675096ns          222268 1c008df0 f8068693 addi             x13, x13, -128      x13=00001f80 x13:00002000
13675116ns          222269 1c008df4 00379713 slli             x14, x15, 0x3       x14=00000010 x15:00000002
13675136ns          222270 1c008df8 00279793 slli             x15, x15, 0x2       x15=00000008 x15:00000002
13675156ns          222271 1c008dfa 00d7f7b3 and              x15, x15, x13       x15=00000000 x15:00000008 x13:00001f80
13675175ns          222272 1c008dfc ee873733 p.bclr           x14, x14, 23, 8     x14=00000010 x14:00000010
13675195ns          222273 1c008e00 1a10f6b7 lui              x13, 0x1a10f000     x13=1a10f000
13675215ns          222274 1c008e04 0ff57513 andi             x10, x10, 255       x10=00000020 x10:00000020
13675235ns          222275 1c008e08 00d70733 add              x14, x14, x13       x14=1a10f010 x14:00000010 x13:1a10f000
13675255ns          222276 1c008e0a 00a7e723 p.sw             x10, x0(x15)        x10:00000020 x15:00000000  PA:1a10f010
13675573ns          222292 1c008e0e 00000513 addi             x10, x0, 0          x10=00000000
13675593ns          222293 1c008e10 00008067 jalr             x0, x1, 0            x1:1c008ee0
13675633ns          222295 1c008ee0 31f52563 p.beqimm         x10, 778            x10:00000000
13675653ns          222296 1c008ee4 001d8d93 addi             x27, x27, 1         x27=00000012 x27:00000011
13675673ns          222297 1c008ee6 00044503 lbu              x10, 0(x8)          x10=00000069  x8:1c00003f  PA:1c00003f
13675971ns          222312 1c008eea 00140413 addi             x8, x8, 1            x8=1c000040  x8:1c00003f
13675991ns          222313 1c008eec fe0514e3 bne              x10, x0, -24        x10:00000069
13676051ns          222316 1c008ed4 02500793 addi             x15, x0, 37         x15=00000025
13676070ns          222317 1c008ed8 04f50863 beq              x10, x15, 80        x10:00000069 x15:00000025
13676090ns          222318 1c008edc 01a005b3 add              x11, x0, x26        x11=00000002 x26:00000002
13676110ns          222319 1c008ede 000b00e7 jalr             x1, x22, 0           x1=1c008ee0 x22:1c008dea
13676150ns          222321 1c008dea 000026b7 lui              x13, 0x2000         x13=00002000
13676170ns          222322 1c008dec f14027f3 csrrs            x15, x0, 0xf14      x15=00000002
13676190ns          222323 1c008df0 f8068693 addi             x13, x13, -128      x13=00001f80 x13:00002000
13676210ns          222324 1c008df4 00379713 slli             x14, x15, 0x3       x14=00000010 x15:00000002
13676230ns          222325 1c008df8 00279793 slli             x15, x15, 0x2       x15=00000008 x15:00000002
13676249ns          222326 1c008dfa 00d7f7b3 and              x15, x15, x13       x15=00000000 x15:00000008 x13:00001f80
13676269ns          222327 1c008dfc ee873733 p.bclr           x14, x14, 23, 8     x14=00000010 x14:00000010
13676289ns          222328 1c008e00 1a10f6b7 lui              x13, 0x1a10f000     x13=1a10f000
13676309ns          222329 1c008e04 0ff57513 andi             x10, x10, 255       x10=00000069 x10:00000069
13676329ns          222330 1c008e08 00d70733 add              x14, x14, x13       x14=1a10f010 x14:00000010 x13:1a10f000
13676349ns          222331 1c008e0a 00a7e723 p.sw             x10, x0(x15)        x10:00000069 x15:00000000  PA:1a10f010
13676687ns          222348 1c008e0e 00000513 addi             x10, x0, 0          x10=00000000
13676707ns          222349 1c008e10 00008067 jalr             x0, x1, 0            x1:1c008ee0
13676747ns          222351 1c008ee0 31f52563 p.beqimm         x10, 778            x10:00000000
13676767ns          222352 1c008ee4 001d8d93 addi             x27, x27, 1         x27=00000013 x27:00000012
13676787ns          222353 1c008ee6 00044503 lbu              x10, 0(x8)          x10=00000074  x8:1c000040  PA:1c000040
13677085ns          222368 1c008eea 00140413 addi             x8, x8, 1            x8=1c000041  x8:1c000040
13677105ns          222369 1c008eec fe0514e3 bne              x10, x0, -24        x10:00000074
13677164ns          222372 1c008ed4 02500793 addi             x15, x0, 37         x15=00000025
13677184ns          222373 1c008ed8 04f50863 beq              x10, x15, 80        x10:00000074 x15:00000025
13677204ns          222374 1c008edc 01a005b3 add              x11, x0, x26        x11=00000002 x26:00000002
13677224ns          222375 1c008ede 000b00e7 jalr             x1, x22, 0           x1=1c008ee0 x22:1c008dea
13677264ns          222377 1c008dea 000026b7 lui              x13, 0x2000         x13=00002000
13677284ns          222378 1c008dec f14027f3 csrrs            x15, x0, 0xf14      x15=00000002
13677304ns          222379 1c008df0 f8068693 addi             x13, x13, -128      x13=00001f80 x13:00002000
13677324ns          222380 1c008df4 00379713 slli             x14, x15, 0x3       x14=00000010 x15:00000002
13677343ns          222381 1c008df8 00279793 slli             x15, x15, 0x2       x15=00000008 x15:00000002
13677363ns          222382 1c008dfa 00d7f7b3 and              x15, x15, x13       x15=00000000 x15:00000008 x13:00001f80
13677383ns          222383 1c008dfc ee873733 p.bclr           x14, x14, 23, 8     x14=00000010 x14:00000010
13677403ns          222384 1c008e00 1a10f6b7 lui              x13, 0x1a10f000     x13=1a10f000
13677423ns          222385 1c008e04 0ff57513 andi             x10, x10, 255       x10=00000074 x10:00000074
13677443ns          222386 1c008e08 00d70733 add              x14, x14, x13       x14=1a10f010 x14:00000010 x13:1a10f000
13677463ns          222387 1c008e0a 00a7e723 p.sw             x10, x0(x15)        x10:00000074 x15:00000000  PA:1a10f010
13677781ns          222403 1c008e0e 00000513 addi             x10, x0, 0          x10=00000000
13677801ns          222404 1c008e10 00008067 jalr             x0, x1, 0            x1:1c008ee0
13677841ns          222406 1c008ee0 31f52563 p.beqimm         x10, 778            x10:00000000
13677861ns          222407 1c008ee4 001d8d93 addi             x27, x27, 1         x27=00000014 x27:00000013
13677881ns          222408 1c008ee6 00044503 lbu              x10, 0(x8)          x10=00000065  x8:1c000041  PA:1c000041
13678179ns          222423 1c008eea 00140413 addi             x8, x8, 1            x8=1c000042  x8:1c000041
13678199ns          222424 1c008eec fe0514e3 bne              x10, x0, -24        x10:00000065
13678258ns          222427 1c008ed4 02500793 addi             x15, x0, 37         x15=00000025
13678278ns          222428 1c008ed8 04f50863 beq              x10, x15, 80        x10:00000065 x15:00000025
13678298ns          222429 1c008edc 01a005b3 add              x11, x0, x26        x11=00000002 x26:00000002
13678318ns          222430 1c008ede 000b00e7 jalr             x1, x22, 0           x1=1c008ee0 x22:1c008dea
13678358ns          222432 1c008dea 000026b7 lui              x13, 0x2000         x13=00002000
13678378ns          222433 1c008dec f14027f3 csrrs            x15, x0, 0xf14      x15=00000002
13678398ns          222434 1c008df0 f8068693 addi             x13, x13, -128      x13=00001f80 x13:00002000
13678418ns          222435 1c008df4 00379713 slli             x14, x15, 0x3       x14=00000010 x15:00000002
13678437ns          222436 1c008df8 00279793 slli             x15, x15, 0x2       x15=00000008 x15:00000002
13678457ns          222437 1c008dfa 00d7f7b3 and              x15, x15, x13       x15=00000000 x15:00000008 x13:00001f80
13678477ns          222438 1c008dfc ee873733 p.bclr           x14, x14, 23, 8     x14=00000010 x14:00000010
13678497ns          222439 1c008e00 1a10f6b7 lui              x13, 0x1a10f000     x13=1a10f000
13678517ns          222440 1c008e04 0ff57513 andi             x10, x10, 255       x10=00000065 x10:00000065
13678537ns          222441 1c008e08 00d70733 add              x14, x14, x13       x14=1a10f010 x14:00000010 x13:1a10f000
13678557ns          222442 1c008e0a 00a7e723 p.sw             x10, x0(x15)        x10:00000065 x15:00000000  PA:1a10f010
13678875ns          222458 1c008e0e 00000513 addi             x10, x0, 0          x10=00000000
13678895ns          222459 1c008e10 00008067 jalr             x0, x1, 0            x1:1c008ee0
13678935ns          222461 1c008ee0 31f52563 p.beqimm         x10, 778            x10:00000000
13678955ns          222462 1c008ee4 001d8d93 addi             x27, x27, 1         x27=00000015 x27:00000014
13678975ns          222463 1c008ee6 00044503 lbu              x10, 0(x8)          x10=00000072  x8:1c000042  PA:1c000042
13679273ns          222478 1c008eea 00140413 addi             x8, x8, 1            x8=1c000043  x8:1c000042
13679293ns          222479 1c008eec fe0514e3 bne              x10, x0, -24        x10:00000072
13679352ns          222482 1c008ed4 02500793 addi             x15, x0, 37         x15=00000025
13679372ns          222483 1c008ed8 04f50863 beq              x10, x15, 80        x10:00000072 x15:00000025
13679392ns          222484 1c008edc 01a005b3 add              x11, x0, x26        x11=00000002 x26:00000002
13679412ns          222485 1c008ede 000b00e7 jalr             x1, x22, 0           x1=1c008ee0 x22:1c008dea
13679452ns          222487 1c008dea 000026b7 lui              x13, 0x2000         x13=00002000
13679472ns          222488 1c008dec f14027f3 csrrs            x15, x0, 0xf14      x15=00000002
13679492ns          222489 1c008df0 f8068693 addi             x13, x13, -128      x13=00001f80 x13:00002000
13679512ns          222490 1c008df4 00379713 slli             x14, x15, 0x3       x14=00000010 x15:00000002
13679531ns          222491 1c008df8 00279793 slli             x15, x15, 0x2       x15=00000008 x15:00000002
13679551ns          222492 1c008dfa 00d7f7b3 and              x15, x15, x13       x15=00000000 x15:00000008 x13:00001f80
13679571ns          222493 1c008dfc ee873733 p.bclr           x14, x14, 23, 8     x14=00000010 x14:00000010
13679591ns          222494 1c008e00 1a10f6b7 lui              x13, 0x1a10f000     x13=1a10f000
13679611ns          222495 1c008e04 0ff57513 andi             x10, x10, 255       x10=00000072 x10:00000072
13679631ns          222496 1c008e08 00d70733 add              x14, x14, x13       x14=1a10f010 x14:00000010 x13:1a10f000
13679651ns          222497 1c008e0a 00a7e723 p.sw             x10, x0(x15)        x10:00000072 x15:00000000  PA:1a10f010
13679969ns          222513 1c008e0e 00000513 addi             x10, x0, 0          x10=00000000
13679989ns          222514 1c008e10 00008067 jalr             x0, x1, 0            x1:1c008ee0
13680029ns          222516 1c008ee0 31f52563 p.beqimm         x10, 778            x10:00000000
13680049ns          222517 1c008ee4 001d8d93 addi             x27, x27, 1         x27=00000016 x27:00000015
13680069ns          222518 1c008ee6 00044503 lbu              x10, 0(x8)          x10=00000061  x8:1c000043  PA:1c000043
13680367ns          222533 1c008eea 00140413 addi             x8, x8, 1            x8=1c000044  x8:1c000043
13680387ns          222534 1c008eec fe0514e3 bne              x10, x0, -24        x10:00000061
13680446ns          222537 1c008ed4 02500793 addi             x15, x0, 37         x15=00000025
13680466ns          222538 1c008ed8 04f50863 beq              x10, x15, 80        x10:00000061 x15:00000025
13680486ns          222539 1c008edc 01a005b3 add              x11, x0, x26        x11=00000002 x26:00000002
13680506ns          222540 1c008ede 000b00e7 jalr             x1, x22, 0           x1=1c008ee0 x22:1c008dea
13680546ns          222542 1c008dea 000026b7 lui              x13, 0x2000         x13=00002000
13680566ns          222543 1c008dec f14027f3 csrrs            x15, x0, 0xf14      x15=00000002
13680586ns          222544 1c008df0 f8068693 addi             x13, x13, -128      x13=00001f80 x13:00002000
13680606ns          222545 1c008df4 00379713 slli             x14, x15, 0x3       x14=00000010 x15:00000002
13680625ns          222546 1c008df8 00279793 slli             x15, x15, 0x2       x15=00000008 x15:00000002
13680645ns          222547 1c008dfa 00d7f7b3 and              x15, x15, x13       x15=00000000 x15:00000008 x13:00001f80
13680665ns          222548 1c008dfc ee873733 p.bclr           x14, x14, 23, 8     x14=00000010 x14:00000010
13680685ns          222549 1c008e00 1a10f6b7 lui              x13, 0x1a10f000     x13=1a10f000
13680705ns          222550 1c008e04 0ff57513 andi             x10, x10, 255       x10=00000061 x10:00000061
13680725ns          222551 1c008e08 00d70733 add              x14, x14, x13       x14=1a10f010 x14:00000010 x13:1a10f000
13680745ns          222552 1c008e0a 00a7e723 p.sw             x10, x0(x15)        x10:00000061 x15:00000000  PA:1a10f010
13681063ns          222568 1c008e0e 00000513 addi             x10, x0, 0          x10=00000000
13681083ns          222569 1c008e10 00008067 jalr             x0, x1, 0            x1:1c008ee0
13681123ns          222571 1c008ee0 31f52563 p.beqimm         x10, 778            x10:00000000
13681143ns          222572 1c008ee4 001d8d93 addi             x27, x27, 1         x27=00000017 x27:00000016
13681163ns          222573 1c008ee6 00044503 lbu              x10, 0(x8)          x10=00000074  x8:1c000044  PA:1c000044
13681461ns          222588 1c008eea 00140413 addi             x8, x8, 1            x8=1c000045  x8:1c000044
13681481ns          222589 1c008eec fe0514e3 bne              x10, x0, -24        x10:00000074
13681540ns          222592 1c008ed4 02500793 addi             x15, x0, 37         x15=00000025
13681560ns          222593 1c008ed8 04f50863 beq              x10, x15, 80        x10:00000074 x15:00000025
13681580ns          222594 1c008edc 01a005b3 add              x11, x0, x26        x11=00000002 x26:00000002
13681600ns          222595 1c008ede 000b00e7 jalr             x1, x22, 0           x1=1c008ee0 x22:1c008dea
13681640ns          222597 1c008dea 000026b7 lui              x13, 0x2000         x13=00002000
13681660ns          222598 1c008dec f14027f3 csrrs            x15, x0, 0xf14      x15=00000002
13681680ns          222599 1c008df0 f8068693 addi             x13, x13, -128      x13=00001f80 x13:00002000
13681700ns          222600 1c008df4 00379713 slli             x14, x15, 0x3       x14=00000010 x15:00000002
13681719ns          222601 1c008df8 00279793 slli             x15, x15, 0x2       x15=00000008 x15:00000002
13681739ns          222602 1c008dfa 00d7f7b3 and              x15, x15, x13       x15=00000000 x15:00000008 x13:00001f80
13681759ns          222603 1c008dfc ee873733 p.bclr           x14, x14, 23, 8     x14=00000010 x14:00000010
13681779ns          222604 1c008e00 1a10f6b7 lui              x13, 0x1a10f000     x13=1a10f000
13681799ns          222605 1c008e04 0ff57513 andi             x10, x10, 255       x10=00000074 x10:00000074
13681819ns          222606 1c008e08 00d70733 add              x14, x14, x13       x14=1a10f010 x14:00000010 x13:1a10f000
13681839ns          222607 1c008e0a 00a7e723 p.sw             x10, x0(x15)        x10:00000074 x15:00000000  PA:1a10f010
13682177ns          222624 1c008e0e 00000513 addi             x10, x0, 0          x10=00000000
13682197ns          222625 1c008e10 00008067 jalr             x0, x1, 0            x1:1c008ee0
13682237ns          222627 1c008ee0 31f52563 p.beqimm         x10, 778            x10:00000000
13682257ns          222628 1c008ee4 001d8d93 addi             x27, x27, 1         x27=00000018 x27:00000017
13682276ns          222629 1c008ee6 00044503 lbu              x10, 0(x8)          x10=00000069  x8:1c000045  PA:1c000045
13682575ns          222644 1c008eea 00140413 addi             x8, x8, 1            x8=1c000046  x8:1c000045
13682595ns          222645 1c008eec fe0514e3 bne              x10, x0, -24        x10:00000069
13682654ns          222648 1c008ed4 02500793 addi             x15, x0, 37         x15=00000025
13682674ns          222649 1c008ed8 04f50863 beq              x10, x15, 80        x10:00000069 x15:00000025
13682694ns          222650 1c008edc 01a005b3 add              x11, x0, x26        x11=00000002 x26:00000002
13682714ns          222651 1c008ede 000b00e7 jalr             x1, x22, 0           x1=1c008ee0 x22:1c008dea
13682754ns          222653 1c008dea 000026b7 lui              x13, 0x2000         x13=00002000
13682774ns          222654 1c008dec f14027f3 csrrs            x15, x0, 0xf14      x15=00000002
13682794ns          222655 1c008df0 f8068693 addi             x13, x13, -128      x13=00001f80 x13:00002000
13682813ns          222656 1c008df4 00379713 slli             x14, x15, 0x3       x14=00000010 x15:00000002
13682833ns          222657 1c008df8 00279793 slli             x15, x15, 0x2       x15=00000008 x15:00000002
13682853ns          222658 1c008dfa 00d7f7b3 and              x15, x15, x13       x15=00000000 x15:00000008 x13:00001f80
13682873ns          222659 1c008dfc ee873733 p.bclr           x14, x14, 23, 8     x14=00000010 x14:00000010
13682893ns          222660 1c008e00 1a10f6b7 lui              x13, 0x1a10f000     x13=1a10f000
13682913ns          222661 1c008e04 0ff57513 andi             x10, x10, 255       x10=00000069 x10:00000069
13682933ns          222662 1c008e08 00d70733 add              x14, x14, x13       x14=1a10f010 x14:00000010 x13:1a10f000
13682953ns          222663 1c008e0a 00a7e723 p.sw             x10, x0(x15)        x10:00000069 x15:00000000  PA:1a10f010
13683271ns          222679 1c008e0e 00000513 addi             x10, x0, 0          x10=00000000
13683291ns          222680 1c008e10 00008067 jalr             x0, x1, 0            x1:1c008ee0
13683331ns          222682 1c008ee0 31f52563 p.beqimm         x10, 778            x10:00000000
13683350ns          222683 1c008ee4 001d8d93 addi             x27, x27, 1         x27=00000019 x27:00000018
13683370ns          222684 1c008ee6 00044503 lbu              x10, 0(x8)          x10=0000006f  x8:1c000046  PA:1c000046
13683669ns          222699 1c008eea 00140413 addi             x8, x8, 1            x8=1c000047  x8:1c000046
13683689ns          222700 1c008eec fe0514e3 bne              x10, x0, -24        x10:0000006f
13683748ns          222703 1c008ed4 02500793 addi             x15, x0, 37         x15=00000025
13683768ns          222704 1c008ed8 04f50863 beq              x10, x15, 80        x10:0000006f x15:00000025
13683788ns          222705 1c008edc 01a005b3 add              x11, x0, x26        x11=00000002 x26:00000002
13683808ns          222706 1c008ede 000b00e7 jalr             x1, x22, 0           x1=1c008ee0 x22:1c008dea
13683848ns          222708 1c008dea 000026b7 lui              x13, 0x2000         x13=00002000
13683868ns          222709 1c008dec f14027f3 csrrs            x15, x0, 0xf14      x15=00000002
13683888ns          222710 1c008df0 f8068693 addi             x13, x13, -128      x13=00001f80 x13:00002000
13683907ns          222711 1c008df4 00379713 slli             x14, x15, 0x3       x14=00000010 x15:00000002
13683927ns          222712 1c008df8 00279793 slli             x15, x15, 0x2       x15=00000008 x15:00000002
13683947ns          222713 1c008dfa 00d7f7b3 and              x15, x15, x13       x15=00000000 x15:00000008 x13:00001f80
13683967ns          222714 1c008dfc ee873733 p.bclr           x14, x14, 23, 8     x14=00000010 x14:00000010
13683987ns          222715 1c008e00 1a10f6b7 lui              x13, 0x1a10f000     x13=1a10f000
13684007ns          222716 1c008e04 0ff57513 andi             x10, x10, 255       x10=0000006f x10:0000006f
13684027ns          222717 1c008e08 00d70733 add              x14, x14, x13       x14=1a10f010 x14:00000010 x13:1a10f000
13684047ns          222718 1c008e0a 00a7e723 p.sw             x10, x0(x15)        x10:0000006f x15:00000000  PA:1a10f010
13684365ns          222734 1c008e0e 00000513 addi             x10, x0, 0          x10=00000000
13684385ns          222735 1c008e10 00008067 jalr             x0, x1, 0            x1:1c008ee0
13684425ns          222737 1c008ee0 31f52563 p.beqimm         x10, 778            x10:00000000
13684444ns          222738 1c008ee4 001d8d93 addi             x27, x27, 1         x27=0000001a x27:00000019
13684464ns          222739 1c008ee6 00044503 lbu              x10, 0(x8)          x10=0000006e  x8:1c000047  PA:1c000047
13684783ns          222755 1c008eea 00140413 addi             x8, x8, 1            x8=1c000048  x8:1c000047
13684803ns          222756 1c008eec fe0514e3 bne              x10, x0, -24        x10:0000006e
13684862ns          222759 1c008ed4 02500793 addi             x15, x0, 37         x15=00000025
13684882ns          222760 1c008ed8 04f50863 beq              x10, x15, 80        x10:0000006e x15:00000025
13684902ns          222761 1c008edc 01a005b3 add              x11, x0, x26        x11=00000002 x26:00000002
13684922ns          222762 1c008ede 000b00e7 jalr             x1, x22, 0           x1=1c008ee0 x22:1c008dea
13684962ns          222764 1c008dea 000026b7 lui              x13, 0x2000         x13=00002000
13684982ns          222765 1c008dec f14027f3 csrrs            x15, x0, 0xf14      x15=00000002
13685001ns          222766 1c008df0 f8068693 addi             x13, x13, -128      x13=00001f80 x13:00002000
13685021ns          222767 1c008df4 00379713 slli             x14, x15, 0x3       x14=00000010 x15:00000002
13685041ns          222768 1c008df8 00279793 slli             x15, x15, 0x2       x15=00000008 x15:00000002
13685061ns          222769 1c008dfa 00d7f7b3 and              x15, x15, x13       x15=00000000 x15:00000008 x13:00001f80
13685081ns          222770 1c008dfc ee873733 p.bclr           x14, x14, 23, 8     x14=00000010 x14:00000010
13685101ns          222771 1c008e00 1a10f6b7 lui              x13, 0x1a10f000     x13=1a10f000
13685121ns          222772 1c008e04 0ff57513 andi             x10, x10, 255       x10=0000006e x10:0000006e
13685141ns          222773 1c008e08 00d70733 add              x14, x14, x13       x14=1a10f010 x14:00000010 x13:1a10f000
13685161ns          222774 1c008e0a 00a7e723 p.sw             x10, x0(x15)        x10:0000006e x15:00000000  PA:1a10f010
13685479ns          222790 1c008e0e 00000513 addi             x10, x0, 0          x10=00000000
13685499ns          222791 1c008e10 00008067 jalr             x0, x1, 0            x1:1c008ee0
13685538ns          222793 1c008ee0 31f52563 p.beqimm         x10, 778            x10:00000000
13685558ns          222794 1c008ee4 001d8d93 addi             x27, x27, 1         x27=0000001b x27:0000001a
13685578ns          222795 1c008ee6 00044503 lbu              x10, 0(x8)          x10=00000073  x8:1c000048  PA:1c000048
13685877ns          222810 1c008eea 00140413 addi             x8, x8, 1            x8=1c000049  x8:1c000048
13685897ns          222811 1c008eec fe0514e3 bne              x10, x0, -24        x10:00000073
13685956ns          222814 1c008ed4 02500793 addi             x15, x0, 37         x15=00000025
13685976ns          222815 1c008ed8 04f50863 beq              x10, x15, 80        x10:00000073 x15:00000025
13685996ns          222816 1c008edc 01a005b3 add              x11, x0, x26        x11=00000002 x26:00000002
13686016ns          222817 1c008ede 000b00e7 jalr             x1, x22, 0           x1=1c008ee0 x22:1c008dea
13686056ns          222819 1c008dea 000026b7 lui              x13, 0x2000         x13=00002000
13686076ns          222820 1c008dec f14027f3 csrrs            x15, x0, 0xf14      x15=00000002
13686095ns          222821 1c008df0 f8068693 addi             x13, x13, -128      x13=00001f80 x13:00002000
13686115ns          222822 1c008df4 00379713 slli             x14, x15, 0x3       x14=00000010 x15:00000002
13686135ns          222823 1c008df8 00279793 slli             x15, x15, 0x2       x15=00000008 x15:00000002
13686155ns          222824 1c008dfa 00d7f7b3 and              x15, x15, x13       x15=00000000 x15:00000008 x13:00001f80
13686175ns          222825 1c008dfc ee873733 p.bclr           x14, x14, 23, 8     x14=00000010 x14:00000010
13686195ns          222826 1c008e00 1a10f6b7 lui              x13, 0x1a10f000     x13=1a10f000
13686215ns          222827 1c008e04 0ff57513 andi             x10, x10, 255       x10=00000073 x10:00000073
13686235ns          222828 1c008e08 00d70733 add              x14, x14, x13       x14=1a10f010 x14:00000010 x13:1a10f000
13686255ns          222829 1c008e0a 00a7e723 p.sw             x10, x0(x15)        x10:00000073 x15:00000000  PA:1a10f010
13686573ns          222845 1c008e0e 00000513 addi             x10, x0, 0          x10=00000000
13686593ns          222846 1c008e10 00008067 jalr             x0, x1, 0            x1:1c008ee0
13686632ns          222848 1c008ee0 31f52563 p.beqimm         x10, 778            x10:00000000
13686652ns          222849 1c008ee4 001d8d93 addi             x27, x27, 1         x27=0000001c x27:0000001b
13686672ns          222850 1c008ee6 00044503 lbu              x10, 0(x8)          x10=0000002e  x8:1c000049  PA:1c000049
13686971ns          222865 1c008eea 00140413 addi             x8, x8, 1            x8=1c00004a  x8:1c000049
13686991ns          222866 1c008eec fe0514e3 bne              x10, x0, -24        x10:0000002e
13687050ns          222869 1c008ed4 02500793 addi             x15, x0, 37         x15=00000025
13687070ns          222870 1c008ed8 04f50863 beq              x10, x15, 80        x10:0000002e x15:00000025
13687090ns          222871 1c008edc 01a005b3 add              x11, x0, x26        x11=00000002 x26:00000002
13687110ns          222872 1c008ede 000b00e7 jalr             x1, x22, 0           x1=1c008ee0 x22:1c008dea
13687150ns          222874 1c008dea 000026b7 lui              x13, 0x2000         x13=00002000
13687170ns          222875 1c008dec f14027f3 csrrs            x15, x0, 0xf14      x15=00000002
13687189ns          222876 1c008df0 f8068693 addi             x13, x13, -128      x13=00001f80 x13:00002000
13687209ns          222877 1c008df4 00379713 slli             x14, x15, 0x3       x14=00000010 x15:00000002
13687229ns          222878 1c008df8 00279793 slli             x15, x15, 0x2       x15=00000008 x15:00000002
13687249ns          222879 1c008dfa 00d7f7b3 and              x15, x15, x13       x15=00000000 x15:00000008 x13:00001f80
13687269ns          222880 1c008dfc ee873733 p.bclr           x14, x14, 23, 8     x14=00000010 x14:00000010
13687289ns          222881 1c008e00 1a10f6b7 lui              x13, 0x1a10f000     x13=1a10f000
13687309ns          222882 1c008e04 0ff57513 andi             x10, x10, 255       x10=0000002e x10:0000002e
13687329ns          222883 1c008e08 00d70733 add              x14, x14, x13       x14=1a10f010 x14:00000010 x13:1a10f000
13687349ns          222884 1c008e0a 00a7e723 p.sw             x10, x0(x15)        x10:0000002e x15:00000000  PA:1a10f010
13687667ns          222900 1c008e0e 00000513 addi             x10, x0, 0          x10=00000000
13687687ns          222901 1c008e10 00008067 jalr             x0, x1, 0            x1:1c008ee0
13687726ns          222903 1c008ee0 31f52563 p.beqimm         x10, 778            x10:00000000
13687746ns          222904 1c008ee4 001d8d93 addi             x27, x27, 1         x27=0000001d x27:0000001c
13687766ns          222905 1c008ee6 00044503 lbu              x10, 0(x8)          x10=0000002e  x8:1c00004a  PA:1c00004a
13688065ns          222920 1c008eea 00140413 addi             x8, x8, 1            x8=1c00004b  x8:1c00004a
13688084ns          222921 1c008eec fe0514e3 bne              x10, x0, -24        x10:0000002e
13688144ns          222924 1c008ed4 02500793 addi             x15, x0, 37         x15=00000025
13688164ns          222925 1c008ed8 04f50863 beq              x10, x15, 80        x10:0000002e x15:00000025
13688184ns          222926 1c008edc 01a005b3 add              x11, x0, x26        x11=00000002 x26:00000002
13688204ns          222927 1c008ede 000b00e7 jalr             x1, x22, 0           x1=1c008ee0 x22:1c008dea
13688244ns          222929 1c008dea 000026b7 lui              x13, 0x2000         x13=00002000
13688264ns          222930 1c008dec f14027f3 csrrs            x15, x0, 0xf14      x15=00000002
13688283ns          222931 1c008df0 f8068693 addi             x13, x13, -128      x13=00001f80 x13:00002000
13688303ns          222932 1c008df4 00379713 slli             x14, x15, 0x3       x14=00000010 x15:00000002
13688323ns          222933 1c008df8 00279793 slli             x15, x15, 0x2       x15=00000008 x15:00000002
13688343ns          222934 1c008dfa 00d7f7b3 and              x15, x15, x13       x15=00000000 x15:00000008 x13:00001f80
13688363ns          222935 1c008dfc ee873733 p.bclr           x14, x14, 23, 8     x14=00000010 x14:00000010
13688383ns          222936 1c008e00 1a10f6b7 lui              x13, 0x1a10f000     x13=1a10f000
13688403ns          222937 1c008e04 0ff57513 andi             x10, x10, 255       x10=0000002e x10:0000002e
13688423ns          222938 1c008e08 00d70733 add              x14, x14, x13       x14=1a10f010 x14:00000010 x13:1a10f000
13688443ns          222939 1c008e0a 00a7e723 p.sw             x10, x0(x15)        x10:0000002e x15:00000000  PA:1a10f010
13688781ns          222956 1c008e0e 00000513 addi             x10, x0, 0          x10=00000000
13688801ns          222957 1c008e10 00008067 jalr             x0, x1, 0            x1:1c008ee0
13688840ns          222959 1c008ee0 31f52563 p.beqimm         x10, 778            x10:00000000
13688860ns          222960 1c008ee4 001d8d93 addi             x27, x27, 1         x27=0000001e x27:0000001d
13688880ns          222961 1c008ee6 00044503 lbu              x10, 0(x8)          x10=0000002e  x8:1c00004b  PA:1c00004b
13689178ns          222976 1c008eea 00140413 addi             x8, x8, 1            x8=1c00004c  x8:1c00004b
13689198ns          222977 1c008eec fe0514e3 bne              x10, x0, -24        x10:0000002e
13689258ns          222980 1c008ed4 02500793 addi             x15, x0, 37         x15=00000025
13689278ns          222981 1c008ed8 04f50863 beq              x10, x15, 80        x10:0000002e x15:00000025
13689298ns          222982 1c008edc 01a005b3 add              x11, x0, x26        x11=00000002 x26:00000002
13689318ns          222983 1c008ede 000b00e7 jalr             x1, x22, 0           x1=1c008ee0 x22:1c008dea
13689357ns          222985 1c008dea 000026b7 lui              x13, 0x2000         x13=00002000
13689377ns          222986 1c008dec f14027f3 csrrs            x15, x0, 0xf14      x15=00000002
13689397ns          222987 1c008df0 f8068693 addi             x13, x13, -128      x13=00001f80 x13:00002000
13689417ns          222988 1c008df4 00379713 slli             x14, x15, 0x3       x14=00000010 x15:00000002
13689437ns          222989 1c008df8 00279793 slli             x15, x15, 0x2       x15=00000008 x15:00000002
13689457ns          222990 1c008dfa 00d7f7b3 and              x15, x15, x13       x15=00000000 x15:00000008 x13:00001f80
13689477ns          222991 1c008dfc ee873733 p.bclr           x14, x14, 23, 8     x14=00000010 x14:00000010
13689497ns          222992 1c008e00 1a10f6b7 lui              x13, 0x1a10f000     x13=1a10f000
13689517ns          222993 1c008e04 0ff57513 andi             x10, x10, 255       x10=0000002e x10:0000002e
13689537ns          222994 1c008e08 00d70733 add              x14, x14, x13       x14=1a10f010 x14:00000010 x13:1a10f000
13689556ns          222995 1c008e0a 00a7e723 p.sw             x10, x0(x15)        x10:0000002e x15:00000000  PA:1a10f010
13689875ns          223011 1c008e0e 00000513 addi             x10, x0, 0          x10=00000000
13689895ns          223012 1c008e10 00008067 jalr             x0, x1, 0            x1:1c008ee0
13689934ns          223014 1c008ee0 31f52563 p.beqimm         x10, 778            x10:00000000
13689954ns          223015 1c008ee4 001d8d93 addi             x27, x27, 1         x27=0000001f x27:0000001e
13689974ns          223016 1c008ee6 00044503 lbu              x10, 0(x8)          x10=00000020  x8:1c00004c  PA:1c00004c
13690272ns          223031 1c008eea 00140413 addi             x8, x8, 1            x8=1c00004d  x8:1c00004c
13690292ns          223032 1c008eec fe0514e3 bne              x10, x0, -24        x10:00000020
13690352ns          223035 1c008ed4 02500793 addi             x15, x0, 37         x15=00000025
13690372ns          223036 1c008ed8 04f50863 beq              x10, x15, 80        x10:00000020 x15:00000025
13690392ns          223037 1c008edc 01a005b3 add              x11, x0, x26        x11=00000002 x26:00000002
13690412ns          223038 1c008ede 000b00e7 jalr             x1, x22, 0           x1=1c008ee0 x22:1c008dea
13690451ns          223040 1c008dea 000026b7 lui              x13, 0x2000         x13=00002000
13690471ns          223041 1c008dec f14027f3 csrrs            x15, x0, 0xf14      x15=00000002
13690491ns          223042 1c008df0 f8068693 addi             x13, x13, -128      x13=00001f80 x13:00002000
13690511ns          223043 1c008df4 00379713 slli             x14, x15, 0x3       x14=00000010 x15:00000002
13690531ns          223044 1c008df8 00279793 slli             x15, x15, 0x2       x15=00000008 x15:00000002
13690551ns          223045 1c008dfa 00d7f7b3 and              x15, x15, x13       x15=00000000 x15:00000008 x13:00001f80
13690571ns          223046 1c008dfc ee873733 p.bclr           x14, x14, 23, 8     x14=00000010 x14:00000010
13690591ns          223047 1c008e00 1a10f6b7 lui              x13, 0x1a10f000     x13=1a10f000
13690611ns          223048 1c008e04 0ff57513 andi             x10, x10, 255       x10=00000020 x10:00000020
13690631ns          223049 1c008e08 00d70733 add              x14, x14, x13       x14=1a10f010 x14:00000010 x13:1a10f000
13690650ns          223050 1c008e0a 00a7e723 p.sw             x10, x0(x15)        x10:00000020 x15:00000000  PA:1a10f010
13690969ns          223066 1c008e0e 00000513 addi             x10, x0, 0          x10=00000000
13690989ns          223067 1c008e10 00008067 jalr             x0, x1, 0            x1:1c008ee0
13691028ns          223069 1c008ee0 31f52563 p.beqimm         x10, 778            x10:00000000
13691048ns          223070 1c008ee4 001d8d93 addi             x27, x27, 1         x27=00000020 x27:0000001f
13691068ns          223071 1c008ee6 00044503 lbu              x10, 0(x8)          x10=00000028  x8:1c00004d  PA:1c00004d
13691386ns          223087 1c008eea 00140413 addi             x8, x8, 1            x8=1c00004e  x8:1c00004d
13691406ns          223088 1c008eec fe0514e3 bne              x10, x0, -24        x10:00000028
13691466ns          223091 1c008ed4 02500793 addi             x15, x0, 37         x15=00000025
13691486ns          223092 1c008ed8 04f50863 beq              x10, x15, 80        x10:00000028 x15:00000025
13691506ns          223093 1c008edc 01a005b3 add              x11, x0, x26        x11=00000002 x26:00000002
13691526ns          223094 1c008ede 000b00e7 jalr             x1, x22, 0           x1=1c008ee0 x22:1c008dea
13691565ns          223096 1c008dea 000026b7 lui              x13, 0x2000         x13=00002000
13691585ns          223097 1c008dec f14027f3 csrrs            x15, x0, 0xf14      x15=00000002
13691605ns          223098 1c008df0 f8068693 addi             x13, x13, -128      x13=00001f80 x13:00002000
13691625ns          223099 1c008df4 00379713 slli             x14, x15, 0x3       x14=00000010 x15:00000002
13691645ns          223100 1c008df8 00279793 slli             x15, x15, 0x2       x15=00000008 x15:00000002
13691665ns          223101 1c008dfa 00d7f7b3 and              x15, x15, x13       x15=00000000 x15:00000008 x13:00001f80
13691685ns          223102 1c008dfc ee873733 p.bclr           x14, x14, 23, 8     x14=00000010 x14:00000010
13691705ns          223103 1c008e00 1a10f6b7 lui              x13, 0x1a10f000     x13=1a10f000
13691724ns          223104 1c008e04 0ff57513 andi             x10, x10, 255       x10=00000028 x10:00000028
13691744ns          223105 1c008e08 00d70733 add              x14, x14, x13       x14=1a10f010 x14:00000010 x13:1a10f000
13691764ns          223106 1c008e0a 00a7e723 p.sw             x10, x0(x15)        x10:00000028 x15:00000000  PA:1a10f010
13692083ns          223122 1c008e0e 00000513 addi             x10, x0, 0          x10=00000000
13692102ns          223123 1c008e10 00008067 jalr             x0, x1, 0            x1:1c008ee0
13692142ns          223125 1c008ee0 31f52563 p.beqimm         x10, 778            x10:00000000
13692162ns          223126 1c008ee4 001d8d93 addi             x27, x27, 1         x27=00000021 x27:00000020
13692182ns          223127 1c008ee6 00044503 lbu              x10, 0(x8)          x10=00000063  x8:1c00004e  PA:1c00004e
13692480ns          223142 1c008eea 00140413 addi             x8, x8, 1            x8=1c00004f  x8:1c00004e
13692500ns          223143 1c008eec fe0514e3 bne              x10, x0, -24        x10:00000063
13692560ns          223146 1c008ed4 02500793 addi             x15, x0, 37         x15=00000025
13692580ns          223147 1c008ed8 04f50863 beq              x10, x15, 80        x10:00000063 x15:00000025
13692600ns          223148 1c008edc 01a005b3 add              x11, x0, x26        x11=00000002 x26:00000002
13692620ns          223149 1c008ede 000b00e7 jalr             x1, x22, 0           x1=1c008ee0 x22:1c008dea
13692659ns          223151 1c008dea 000026b7 lui              x13, 0x2000         x13=00002000
13692679ns          223152 1c008dec f14027f3 csrrs            x15, x0, 0xf14      x15=00000002
13692699ns          223153 1c008df0 f8068693 addi             x13, x13, -128      x13=00001f80 x13:00002000
13692719ns          223154 1c008df4 00379713 slli             x14, x15, 0x3       x14=00000010 x15:00000002
13692739ns          223155 1c008df8 00279793 slli             x15, x15, 0x2       x15=00000008 x15:00000002
13692759ns          223156 1c008dfa 00d7f7b3 and              x15, x15, x13       x15=00000000 x15:00000008 x13:00001f80
13692779ns          223157 1c008dfc ee873733 p.bclr           x14, x14, 23, 8     x14=00000010 x14:00000010
13692799ns          223158 1c008e00 1a10f6b7 lui              x13, 0x1a10f000     x13=1a10f000
13692818ns          223159 1c008e04 0ff57513 andi             x10, x10, 255       x10=00000063 x10:00000063
13692838ns          223160 1c008e08 00d70733 add              x14, x14, x13       x14=1a10f010 x14:00000010 x13:1a10f000
13692858ns          223161 1c008e0a 00a7e723 p.sw             x10, x0(x15)        x10:00000063 x15:00000000  PA:1a10f010
13693177ns          223177 1c008e0e 00000513 addi             x10, x0, 0          x10=00000000
13693196ns          223178 1c008e10 00008067 jalr             x0, x1, 0            x1:1c008ee0
13693236ns          223180 1c008ee0 31f52563 p.beqimm         x10, 778            x10:00000000
13693256ns          223181 1c008ee4 001d8d93 addi             x27, x27, 1         x27=00000022 x27:00000021
13693276ns          223182 1c008ee6 00044503 lbu              x10, 0(x8)          x10=0000006f  x8:1c00004f  PA:1c00004f
13693574ns          223197 1c008eea 00140413 addi             x8, x8, 1            x8=1c000050  x8:1c00004f
13693594ns          223198 1c008eec fe0514e3 bne              x10, x0, -24        x10:0000006f
13693654ns          223201 1c008ed4 02500793 addi             x15, x0, 37         x15=00000025
13693674ns          223202 1c008ed8 04f50863 beq              x10, x15, 80        x10:0000006f x15:00000025
13693694ns          223203 1c008edc 01a005b3 add              x11, x0, x26        x11=00000002 x26:00000002
13693714ns          223204 1c008ede 000b00e7 jalr             x1, x22, 0           x1=1c008ee0 x22:1c008dea
13693753ns          223206 1c008dea 000026b7 lui              x13, 0x2000         x13=00002000
13693773ns          223207 1c008dec f14027f3 csrrs            x15, x0, 0xf14      x15=00000002
13693793ns          223208 1c008df0 f8068693 addi             x13, x13, -128      x13=00001f80 x13:00002000
13693813ns          223209 1c008df4 00379713 slli             x14, x15, 0x3       x14=00000010 x15:00000002
13693833ns          223210 1c008df8 00279793 slli             x15, x15, 0x2       x15=00000008 x15:00000002
13693853ns          223211 1c008dfa 00d7f7b3 and              x15, x15, x13       x15=00000000 x15:00000008 x13:00001f80
13693873ns          223212 1c008dfc ee873733 p.bclr           x14, x14, 23, 8     x14=00000010 x14:00000010
13693893ns          223213 1c008e00 1a10f6b7 lui              x13, 0x1a10f000     x13=1a10f000
13693912ns          223214 1c008e04 0ff57513 andi             x10, x10, 255       x10=0000006f x10:0000006f
13693932ns          223215 1c008e08 00d70733 add              x14, x14, x13       x14=1a10f010 x14:00000010 x13:1a10f000
13693952ns          223216 1c008e0a 00a7e723 p.sw             x10, x0(x15)        x10:0000006f x15:00000000  PA:1a10f010
13694271ns          223232 1c008e0e 00000513 addi             x10, x0, 0          x10=00000000
13694290ns          223233 1c008e10 00008067 jalr             x0, x1, 0            x1:1c008ee0
13694330ns          223235 1c008ee0 31f52563 p.beqimm         x10, 778            x10:00000000
13694350ns          223236 1c008ee4 001d8d93 addi             x27, x27, 1         x27=00000023 x27:00000022
13694370ns          223237 1c008ee6 00044503 lbu              x10, 0(x8)          x10=00000072  x8:1c000050  PA:1c000050
13694668ns          223252 1c008eea 00140413 addi             x8, x8, 1            x8=1c000051  x8:1c000050
13694688ns          223253 1c008eec fe0514e3 bne              x10, x0, -24        x10:00000072
13694748ns          223256 1c008ed4 02500793 addi             x15, x0, 37         x15=00000025
13694768ns          223257 1c008ed8 04f50863 beq              x10, x15, 80        x10:00000072 x15:00000025
13694788ns          223258 1c008edc 01a005b3 add              x11, x0, x26        x11=00000002 x26:00000002
13694808ns          223259 1c008ede 000b00e7 jalr             x1, x22, 0           x1=1c008ee0 x22:1c008dea
13694847ns          223261 1c008dea 000026b7 lui              x13, 0x2000         x13=00002000
13694867ns          223262 1c008dec f14027f3 csrrs            x15, x0, 0xf14      x15=00000002
13694887ns          223263 1c008df0 f8068693 addi             x13, x13, -128      x13=00001f80 x13:00002000
13694907ns          223264 1c008df4 00379713 slli             x14, x15, 0x3       x14=00000010 x15:00000002
13694927ns          223265 1c008df8 00279793 slli             x15, x15, 0x2       x15=00000008 x15:00000002
13694947ns          223266 1c008dfa 00d7f7b3 and              x15, x15, x13       x15=00000000 x15:00000008 x13:00001f80
13694967ns          223267 1c008dfc ee873733 p.bclr           x14, x14, 23, 8     x14=00000010 x14:00000010
13694987ns          223268 1c008e00 1a10f6b7 lui              x13, 0x1a10f000     x13=1a10f000
13695006ns          223269 1c008e04 0ff57513 andi             x10, x10, 255       x10=00000072 x10:00000072
13695026ns          223270 1c008e08 00d70733 add              x14, x14, x13       x14=1a10f010 x14:00000010 x13:1a10f000
13695046ns          223271 1c008e0a 00a7e723 p.sw             x10, x0(x15)        x10:00000072 x15:00000000  PA:1a10f010
13695404ns          223289 1c008e0e 00000513 addi             x10, x0, 0          x10=00000000
13695424ns          223290 1c008e10 00008067 jalr             x0, x1, 0            x1:1c008ee0
13695464ns          223292 1c008ee0 31f52563 p.beqimm         x10, 778            x10:00000000
13695484ns          223293 1c008ee4 001d8d93 addi             x27, x27, 1         x27=00000024 x27:00000023
13695504ns          223294 1c008ee6 00044503 lbu              x10, 0(x8)          x10=00000065  x8:1c000051  PA:1c000051
13695802ns          223309 1c008eea 00140413 addi             x8, x8, 1            x8=1c000052  x8:1c000051
13695822ns          223310 1c008eec fe0514e3 bne              x10, x0, -24        x10:00000065
13695882ns          223313 1c008ed4 02500793 addi             x15, x0, 37         x15=00000025
13695902ns          223314 1c008ed8 04f50863 beq              x10, x15, 80        x10:00000065 x15:00000025
13695921ns          223315 1c008edc 01a005b3 add              x11, x0, x26        x11=00000002 x26:00000002
13695941ns          223316 1c008ede 000b00e7 jalr             x1, x22, 0           x1=1c008ee0 x22:1c008dea
13695981ns          223318 1c008dea 000026b7 lui              x13, 0x2000         x13=00002000
13696001ns          223319 1c008dec f14027f3 csrrs            x15, x0, 0xf14      x15=00000002
13696021ns          223320 1c008df0 f8068693 addi             x13, x13, -128      x13=00001f80 x13:00002000
13696041ns          223321 1c008df4 00379713 slli             x14, x15, 0x3       x14=00000010 x15:00000002
13696061ns          223322 1c008df8 00279793 slli             x15, x15, 0x2       x15=00000008 x15:00000002
13696081ns          223323 1c008dfa 00d7f7b3 and              x15, x15, x13       x15=00000000 x15:00000008 x13:00001f80
13696100ns          223324 1c008dfc ee873733 p.bclr           x14, x14, 23, 8     x14=00000010 x14:00000010
13696120ns          223325 1c008e00 1a10f6b7 lui              x13, 0x1a10f000     x13=1a10f000
13696140ns          223326 1c008e04 0ff57513 andi             x10, x10, 255       x10=00000065 x10:00000065
13696160ns          223327 1c008e08 00d70733 add              x14, x14, x13       x14=1a10f010 x14:00000010 x13:1a10f000
13696180ns          223328 1c008e0a 00a7e723 p.sw             x10, x0(x15)        x10:00000065 x15:00000000  PA:1a10f010
13696498ns          223344 1c008e0e 00000513 addi             x10, x0, 0          x10=00000000
13696518ns          223345 1c008e10 00008067 jalr             x0, x1, 0            x1:1c008ee0
13696558ns          223347 1c008ee0 31f52563 p.beqimm         x10, 778            x10:00000000
13696578ns          223348 1c008ee4 001d8d93 addi             x27, x27, 1         x27=00000025 x27:00000024
13696598ns          223349 1c008ee6 00044503 lbu              x10, 0(x8)          x10=00000069  x8:1c000052  PA:1c000052
13696896ns          223364 1c008eea 00140413 addi             x8, x8, 1            x8=1c000053  x8:1c000052
13696916ns          223365 1c008eec fe0514e3 bne              x10, x0, -24        x10:00000069
13696976ns          223368 1c008ed4 02500793 addi             x15, x0, 37         x15=00000025
13696996ns          223369 1c008ed8 04f50863 beq              x10, x15, 80        x10:00000069 x15:00000025
13697015ns          223370 1c008edc 01a005b3 add              x11, x0, x26        x11=00000002 x26:00000002
13697035ns          223371 1c008ede 000b00e7 jalr             x1, x22, 0           x1=1c008ee0 x22:1c008dea
13697075ns          223373 1c008dea 000026b7 lui              x13, 0x2000         x13=00002000
13697095ns          223374 1c008dec f14027f3 csrrs            x15, x0, 0xf14      x15=00000002
13697115ns          223375 1c008df0 f8068693 addi             x13, x13, -128      x13=00001f80 x13:00002000
13697135ns          223376 1c008df4 00379713 slli             x14, x15, 0x3       x14=00000010 x15:00000002
13697155ns          223377 1c008df8 00279793 slli             x15, x15, 0x2       x15=00000008 x15:00000002
13697175ns          223378 1c008dfa 00d7f7b3 and              x15, x15, x13       x15=00000000 x15:00000008 x13:00001f80
13697194ns          223379 1c008dfc ee873733 p.bclr           x14, x14, 23, 8     x14=00000010 x14:00000010
13697214ns          223380 1c008e00 1a10f6b7 lui              x13, 0x1a10f000     x13=1a10f000
13697234ns          223381 1c008e04 0ff57513 andi             x10, x10, 255       x10=00000069 x10:00000069
13697254ns          223382 1c008e08 00d70733 add              x14, x14, x13       x14=1a10f010 x14:00000010 x13:1a10f000
13697274ns          223383 1c008e0a 00a7e723 p.sw             x10, x0(x15)        x10:00000069 x15:00000000  PA:1a10f010
13697632ns          223401 1c008e0e 00000513 addi             x10, x0, 0          x10=00000000
13697652ns          223402 1c008e10 00008067 jalr             x0, x1, 0            x1:1c008ee0
13697692ns          223404 1c008ee0 31f52563 p.beqimm         x10, 778            x10:00000000
13697712ns          223405 1c008ee4 001d8d93 addi             x27, x27, 1         x27=00000026 x27:00000025
13697732ns          223406 1c008ee6 00044503 lbu              x10, 0(x8)          x10=00000064  x8:1c000053  PA:1c000053
13698050ns          223422 1c008eea 00140413 addi             x8, x8, 1            x8=1c000054  x8:1c000053
13698070ns          223423 1c008eec fe0514e3 bne              x10, x0, -24        x10:00000064
13698129ns          223426 1c008ed4 02500793 addi             x15, x0, 37         x15=00000025
13698149ns          223427 1c008ed8 04f50863 beq              x10, x15, 80        x10:00000064 x15:00000025
13698169ns          223428 1c008edc 01a005b3 add              x11, x0, x26        x11=00000002 x26:00000002
13698189ns          223429 1c008ede 000b00e7 jalr             x1, x22, 0           x1=1c008ee0 x22:1c008dea
13698229ns          223431 1c008dea 000026b7 lui              x13, 0x2000         x13=00002000
13698249ns          223432 1c008dec f14027f3 csrrs            x15, x0, 0xf14      x15=00000002
13698269ns          223433 1c008df0 f8068693 addi             x13, x13, -128      x13=00001f80 x13:00002000
13698288ns          223434 1c008df4 00379713 slli             x14, x15, 0x3       x14=00000010 x15:00000002
13698308ns          223435 1c008df8 00279793 slli             x15, x15, 0x2       x15=00000008 x15:00000002
13698328ns          223436 1c008dfa 00d7f7b3 and              x15, x15, x13       x15=00000000 x15:00000008 x13:00001f80
13698348ns          223437 1c008dfc ee873733 p.bclr           x14, x14, 23, 8     x14=00000010 x14:00000010
13698368ns          223438 1c008e00 1a10f6b7 lui              x13, 0x1a10f000     x13=1a10f000
13698388ns          223439 1c008e04 0ff57513 andi             x10, x10, 255       x10=00000064 x10:00000064
13698408ns          223440 1c008e08 00d70733 add              x14, x14, x13       x14=1a10f010 x14:00000010 x13:1a10f000
13698428ns          223441 1c008e0a 00a7e723 p.sw             x10, x0(x15)        x10:00000064 x15:00000000  PA:1a10f010
13698746ns          223457 1c008e0e 00000513 addi             x10, x0, 0          x10=00000000
13698766ns          223458 1c008e10 00008067 jalr             x0, x1, 0            x1:1c008ee0
13698806ns          223460 1c008ee0 31f52563 p.beqimm         x10, 778            x10:00000000
13698825ns          223461 1c008ee4 001d8d93 addi             x27, x27, 1         x27=00000027 x27:00000026
13698845ns          223462 1c008ee6 00044503 lbu              x10, 0(x8)          x10=00000020  x8:1c000054  PA:1c000054
13699144ns          223477 1c008eea 00140413 addi             x8, x8, 1            x8=1c000055  x8:1c000054
13699164ns          223478 1c008eec fe0514e3 bne              x10, x0, -24        x10:00000020
13699223ns          223481 1c008ed4 02500793 addi             x15, x0, 37         x15=00000025
13699243ns          223482 1c008ed8 04f50863 beq              x10, x15, 80        x10:00000020 x15:00000025
13699263ns          223483 1c008edc 01a005b3 add              x11, x0, x26        x11=00000002 x26:00000002
13699283ns          223484 1c008ede 000b00e7 jalr             x1, x22, 0           x1=1c008ee0 x22:1c008dea
13699323ns          223486 1c008dea 000026b7 lui              x13, 0x2000         x13=00002000
13699343ns          223487 1c008dec f14027f3 csrrs            x15, x0, 0xf14      x15=00000002
13699363ns          223488 1c008df0 f8068693 addi             x13, x13, -128      x13=00001f80 x13:00002000
13699382ns          223489 1c008df4 00379713 slli             x14, x15, 0x3       x14=00000010 x15:00000002
13699402ns          223490 1c008df8 00279793 slli             x15, x15, 0x2       x15=00000008 x15:00000002
13699422ns          223491 1c008dfa 00d7f7b3 and              x15, x15, x13       x15=00000000 x15:00000008 x13:00001f80
13699442ns          223492 1c008dfc ee873733 p.bclr           x14, x14, 23, 8     x14=00000010 x14:00000010
13699462ns          223493 1c008e00 1a10f6b7 lui              x13, 0x1a10f000     x13=1a10f000
13699482ns          223494 1c008e04 0ff57513 andi             x10, x10, 255       x10=00000020 x10:00000020
13699502ns          223495 1c008e08 00d70733 add              x14, x14, x13       x14=1a10f010 x14:00000010 x13:1a10f000
13699522ns          223496 1c008e0a 00a7e723 p.sw             x10, x0(x15)        x10:00000020 x15:00000000  PA:1a10f010
13699840ns          223512 1c008e0e 00000513 addi             x10, x0, 0          x10=00000000
13699860ns          223513 1c008e10 00008067 jalr             x0, x1, 0            x1:1c008ee0
13699900ns          223515 1c008ee0 31f52563 p.beqimm         x10, 778            x10:00000000
13699919ns          223516 1c008ee4 001d8d93 addi             x27, x27, 1         x27=00000028 x27:00000027
13699939ns          223517 1c008ee6 00044503 lbu              x10, 0(x8)          x10=0000003d  x8:1c000055  PA:1c000055
13700238ns          223532 1c008eea 00140413 addi             x8, x8, 1            x8=1c000056  x8:1c000055
13700258ns          223533 1c008eec fe0514e3 bne              x10, x0, -24        x10:0000003d
13700317ns          223536 1c008ed4 02500793 addi             x15, x0, 37         x15=00000025
13700337ns          223537 1c008ed8 04f50863 beq              x10, x15, 80        x10:0000003d x15:00000025
13700357ns          223538 1c008edc 01a005b3 add              x11, x0, x26        x11=00000002 x26:00000002
13700377ns          223539 1c008ede 000b00e7 jalr             x1, x22, 0           x1=1c008ee0 x22:1c008dea
13700417ns          223541 1c008dea 000026b7 lui              x13, 0x2000         x13=00002000
13700437ns          223542 1c008dec f14027f3 csrrs            x15, x0, 0xf14      x15=00000002
13700457ns          223543 1c008df0 f8068693 addi             x13, x13, -128      x13=00001f80 x13:00002000
13700476ns          223544 1c008df4 00379713 slli             x14, x15, 0x3       x14=00000010 x15:00000002
13700496ns          223545 1c008df8 00279793 slli             x15, x15, 0x2       x15=00000008 x15:00000002
13700516ns          223546 1c008dfa 00d7f7b3 and              x15, x15, x13       x15=00000000 x15:00000008 x13:00001f80
13700536ns          223547 1c008dfc ee873733 p.bclr           x14, x14, 23, 8     x14=00000010 x14:00000010
13700556ns          223548 1c008e00 1a10f6b7 lui              x13, 0x1a10f000     x13=1a10f000
13700576ns          223549 1c008e04 0ff57513 andi             x10, x10, 255       x10=0000003d x10:0000003d
13700596ns          223550 1c008e08 00d70733 add              x14, x14, x13       x14=1a10f010 x14:00000010 x13:1a10f000
13700616ns          223551 1c008e0a 00a7e723 p.sw             x10, x0(x15)        x10:0000003d x15:00000000  PA:1a10f010
13700934ns          223567 1c008e0e 00000513 addi             x10, x0, 0          x10=00000000
13700954ns          223568 1c008e10 00008067 jalr             x0, x1, 0            x1:1c008ee0
13700994ns          223570 1c008ee0 31f52563 p.beqimm         x10, 778            x10:00000000
13701013ns          223571 1c008ee4 001d8d93 addi             x27, x27, 1         x27=00000029 x27:00000028
13701033ns          223572 1c008ee6 00044503 lbu              x10, 0(x8)          x10=00000020  x8:1c000056  PA:1c000056
13701332ns          223587 1c008eea 00140413 addi             x8, x8, 1            x8=1c000057  x8:1c000056
13701352ns          223588 1c008eec fe0514e3 bne              x10, x0, -24        x10:00000020
13701411ns          223591 1c008ed4 02500793 addi             x15, x0, 37         x15=00000025
13701431ns          223592 1c008ed8 04f50863 beq              x10, x15, 80        x10:00000020 x15:00000025
13701451ns          223593 1c008edc 01a005b3 add              x11, x0, x26        x11=00000002 x26:00000002
13701471ns          223594 1c008ede 000b00e7 jalr             x1, x22, 0           x1=1c008ee0 x22:1c008dea
13701511ns          223596 1c008dea 000026b7 lui              x13, 0x2000         x13=00002000
13701531ns          223597 1c008dec f14027f3 csrrs            x15, x0, 0xf14      x15=00000002
13701551ns          223598 1c008df0 f8068693 addi             x13, x13, -128      x13=00001f80 x13:00002000
13701570ns          223599 1c008df4 00379713 slli             x14, x15, 0x3       x14=00000010 x15:00000002
13701590ns          223600 1c008df8 00279793 slli             x15, x15, 0x2       x15=00000008 x15:00000002
13701610ns          223601 1c008dfa 00d7f7b3 and              x15, x15, x13       x15=00000000 x15:00000008 x13:00001f80
13701630ns          223602 1c008dfc ee873733 p.bclr           x14, x14, 23, 8     x14=00000010 x14:00000010
13701650ns          223603 1c008e00 1a10f6b7 lui              x13, 0x1a10f000     x13=1a10f000
13701670ns          223604 1c008e04 0ff57513 andi             x10, x10, 255       x10=00000020 x10:00000020
13701690ns          223605 1c008e08 00d70733 add              x14, x14, x13       x14=1a10f010 x14:00000010 x13:1a10f000
13701710ns          223606 1c008e0a 00a7e723 p.sw             x10, x0(x15)        x10:00000020 x15:00000000  PA:1a10f010
13702048ns          223623 1c008e0e 00000513 addi             x10, x0, 0          x10=00000000
13702068ns          223624 1c008e10 00008067 jalr             x0, x1, 0            x1:1c008ee0
13702107ns          223626 1c008ee0 31f52563 p.beqimm         x10, 778            x10:00000000
13702127ns          223627 1c008ee4 001d8d93 addi             x27, x27, 1         x27=0000002a x27:00000029
13702147ns          223628 1c008ee6 00044503 lbu              x10, 0(x8)          x10=00000025  x8:1c000057  PA:1c000057
13702446ns          223643 1c008eea 00140413 addi             x8, x8, 1            x8=1c000058  x8:1c000057
13702466ns          223644 1c008eec fe0514e3 bne              x10, x0, -24        x10:00000025
13702525ns          223647 1c008ed4 02500793 addi             x15, x0, 37         x15=00000025
13702545ns          223648 1c008ed8 04f50863 beq              x10, x15, 80        x10:00000025 x15:00000025
13702645ns          223653 1c008f28 00044483 lbu              x9, 0(x8)            x9=00000064  x8:1c000058  PA:1c000058
13702963ns          223669 1c008f2c 02000693 addi             x13, x0, 32         x13=00000020
13702983ns          223670 1c008f30 00140a93 addi             x21, x8, 1          x21=1c000059  x8:1c000058
13703003ns          223671 1c008f34 009005b3 add              x11, x0, x9         x11=00000064  x9:00000064
13703022ns          223672 1c008f36 198b8513 addi             x10, x23, 408       x10=1c000198 x23:1c000000
13703042ns          223673 1c008f3a 00d12823 sw               x13, 16(x2)         x13:00000020  x2:10001338  PA:10001348
13703062ns          223674 1c008f3c 00012c23 sw               x0, 24(x2)           x2:10001338  PA:10001350
13703082ns          223675 1c008f3e 00012a23 sw               x0, 20(x2)           x2:10001338  PA:1000134c
13703102ns          223676 1c008f40 00012e23 sw               x0, 28(x2)           x2:10001338  PA:10001354
13703122ns          223677 1c008f42 00012623 sw               x0, 12(x2)           x2:10001338  PA:10001344
13703142ns          223678 1c008f44 02300913 addi             x18, x0, 35         x18=00000023
13703162ns          223679 1c008f48 02d00a13 addi             x20, x0, 45         x20=0000002d
13703182ns          223680 1c008f4c 015009b3 add              x19, x0, x21        x19=1c000059 x21:1c000059
13703201ns          223681 1c008f4e e1dff0ef jal              x1, -484             x1=1c008f50
13703341ns          223688 1c008d6a 00054783 lbu              x15, 0(x10)         x15=0000002d x10:1c000198  PA:1c000198
13703659ns          223704 1c008d6e 0ff5f593 andi             x11, x11, 255       x11=00000064 x11:00000064
13703679ns          223705 1c008d72 00b78c63 beq              x15, x11, 24        x15:0000002d x11:00000064
13703699ns          223706 1c008d76 00078b63 beq              x15, x0, 22         x15:0000002d
13703719ns          223707 1c008d78 00150793 addi             x15, x10, 1         x15=1c000199 x10:1c000198
13703739ns          223708 1c008d7c 0040006f jal              x0, 4              
13703778ns          223710 1c008d80 00f00533 add              x10, x0, x15        x10=1c000199 x15:1c000199
13703798ns          223711 1c008d82 0017c70b p.lbu            x14, 1(x15!)        x14=0000002b x15=1c00019a x15:1c000199  PA:1c000199
13704116ns          223727 1c008d86 feb71ce3 bne              x14, x11, -8        x14:0000002b x11:00000064
13704176ns          223730 1c008d7e 00070763 beq              x14, x0, 14         x14:0000002b
13704196ns          223731 1c008d80 00f00533 add              x10, x0, x15        x10=1c00019a x15:1c00019a
13704216ns          223732 1c008d82 0017c70b p.lbu            x14, 1(x15!)        x14=00000020 x15=1c00019b x15:1c00019a  PA:1c00019a
13704534ns          223748 1c008d86 feb71ce3 bne              x14, x11, -8        x14:00000020 x11:00000064
13704594ns          223751 1c008d7e 00070763 beq              x14, x0, 14         x14:00000020
13704614ns          223752 1c008d80 00f00533 add              x10, x0, x15        x10=1c00019b x15:1c00019b
13704634ns          223753 1c008d82 0017c70b p.lbu            x14, 1(x15!)        x14=00000023 x15=1c00019c x15:1c00019b  PA:1c00019b
13704952ns          223769 1c008d86 feb71ce3 bne              x14, x11, -8        x14:00000023 x11:00000064
13705012ns          223772 1c008d7e 00070763 beq              x14, x0, 14         x14:00000023
13705031ns          223773 1c008d80 00f00533 add              x10, x0, x15        x10=1c00019c x15:1c00019c
13705051ns          223774 1c008d82 0017c70b p.lbu            x14, 1(x15!)        x14=00000030 x15=1c00019d x15:1c00019c  PA:1c00019c
13705370ns          223790 1c008d86 feb71ce3 bne              x14, x11, -8        x14:00000030 x11:00000064
13705429ns          223793 1c008d7e 00070763 beq              x14, x0, 14         x14:00000030
13705449ns          223794 1c008d80 00f00533 add              x10, x0, x15        x10=1c00019d x15:1c00019d
13705469ns          223795 1c008d82 0017c70b p.lbu            x14, 1(x15!)        x14=00000000 x15=1c00019e x15:1c00019d  PA:1c00019d
13705787ns          223811 1c008d86 feb71ce3 bne              x14, x11, -8        x14:00000000 x11:00000064
13705847ns          223814 1c008d7e 00070763 beq              x14, x0, 14         x14:00000000
13705907ns          223817 1c008d8c 0015b593 sltiu            x11, x11, 1         x11=00000000 x11:00000064
13705926ns          223818 1c008d90 40b005b3 sub              x11, x0, x11        x11=00000000 x11:00000000
13705946ns          223819 1c008d94 00b57533 and              x10, x10, x11       x10=00000000 x10:1c00019d x11:00000000
13705966ns          223820 1c008d96 00008067 jalr             x0, x1, 0            x1:1c008f50
13706006ns          223822 1c008f50 02050a63 beq              x10, x0, 52         x10:00000000
13706106ns          223827 1c008f84 02a00613 addi             x12, x0, 42         x12=0000002a
13706145ns          223829 1c008f88 2ac48663 beq              x9, x12, 684         x9:00000064 x12:0000002a
13706165ns          223830 1c008f8c fd048613 addi             x12, x9, -48        x12=00000034  x9:00000064
13706225ns          223833 1c008f90 00900593 addi             x11, x0, 9          x11=00000009
13706245ns          223834 1c008f92 00000913 addi             x18, x0, 0          x18=00000000
13706265ns          223835 1c008f94 28c5f063 bgeu             x11, x12, 640       x11:00000009 x12:00000034
13706285ns          223836 1c008f98 02e00693 addi             x13, x0, 46         x13=0000002e
13706304ns          223837 1c008f9c fff00a13 addi             x20, x0, -1         x20=ffffffff
13706324ns          223838 1c008f9e 2ed48363 beq              x9, x13, 742         x9:00000064 x13:0000002e
13706344ns          223839 1c008fa2 1c0007b7 lui              x15, 0x1c000000     x15=1c000000
13706364ns          223840 1c008fa6 009005b3 add              x11, x0, x9         x11=00000064  x9:00000064
13706384ns          223841 1c008fa8 1a078513 addi             x10, x15, 416       x10=1c0001a0 x15:1c000000
13706404ns          223842 1c008fac dbfff0ef jal              x1, -578             x1=1c008fae
13706503ns          223847 1c008d6a 00054783 lbu              x15, 0(x10)         x15=00000068 x10:1c0001a0  PA:1c0001a0
13706802ns          223862 1c008d6e 0ff5f593 andi             x11, x11, 255       x11=00000064 x11:00000064
13706822ns          223863 1c008d72 00b78c63 beq              x15, x11, 24        x15:00000068 x11:00000064
13706841ns          223864 1c008d76 00078b63 beq              x15, x0, 22         x15:00000068
13706861ns          223865 1c008d78 00150793 addi             x15, x10, 1         x15=1c0001a1 x10:1c0001a0
13706881ns          223866 1c008d7c 0040006f jal              x0, 4              
13706961ns          223870 1c008d80 00f00533 add              x10, x0, x15        x10=1c0001a1 x15:1c0001a1
13706981ns          223871 1c008d82 0017c70b p.lbu            x14, 1(x15!)        x14=0000006c x15=1c0001a2 x15:1c0001a1  PA:1c0001a1
13707299ns          223887 1c008d86 feb71ce3 bne              x14, x11, -8        x14:0000006c x11:00000064
13707359ns          223890 1c008d7e 00070763 beq              x14, x0, 14         x14:0000006c
13707379ns          223891 1c008d80 00f00533 add              x10, x0, x15        x10=1c0001a2 x15:1c0001a2
13707398ns          223892 1c008d82 0017c70b p.lbu            x14, 1(x15!)        x14=0000004c x15=1c0001a3 x15:1c0001a2  PA:1c0001a2
13707717ns          223908 1c008d86 feb71ce3 bne              x14, x11, -8        x14:0000004c x11:00000064
13707776ns          223911 1c008d7e 00070763 beq              x14, x0, 14         x14:0000004c
13707796ns          223912 1c008d80 00f00533 add              x10, x0, x15        x10=1c0001a3 x15:1c0001a3
13707816ns          223913 1c008d82 0017c70b p.lbu            x14, 1(x15!)        x14=0000007a x15=1c0001a4 x15:1c0001a3  PA:1c0001a3
13708134ns          223929 1c008d86 feb71ce3 bne              x14, x11, -8        x14:0000007a x11:00000064
13708194ns          223932 1c008d7e 00070763 beq              x14, x0, 14         x14:0000007a
13708214ns          223933 1c008d80 00f00533 add              x10, x0, x15        x10=1c0001a4 x15:1c0001a4
13708234ns          223934 1c008d82 0017c70b p.lbu            x14, 1(x15!)        x14=00000000 x15=1c0001a5 x15:1c0001a4  PA:1c0001a4
13708552ns          223950 1c008d86 feb71ce3 bne              x14, x11, -8        x14:00000000 x11:00000064
13708612ns          223953 1c008d7e 00070763 beq              x14, x0, 14         x14:00000000
13708671ns          223956 1c008d8c 0015b593 sltiu            x11, x11, 1         x11=00000000 x11:00000064
13708691ns          223957 1c008d90 40b005b3 sub              x11, x0, x11        x11=00000000 x11:00000000
13708711ns          223958 1c008d94 00b57533 and              x10, x10, x11       x10=00000000 x10:1c0001a4 x11:00000000
13708731ns          223959 1c008d96 00008067 jalr             x0, x1, 0            x1:1c008fae
13708771ns          223961 1c008fae 01300433 add              x8, x0, x19          x8=1c000059 x19:1c000059
13708791ns          223962 1c008fb0 00050563 beq              x10, x0, 10         x10:00000000
13708870ns          223966 1c008fba 06700693 addi             x13, x0, 103        x13=00000067
13708930ns          223969 1c008fbe 2896d963 bge              x13, x9, 658        x13:00000067  x9:00000064
13708990ns          223972 1c009250 06500693 addi             x13, x0, 101        x13=00000065
13709010ns          223973 1c009254 12d4d563 bge              x9, x13, 298         x9:00000064 x13:00000065
13709029ns          223974 1c009258 04700693 addi             x13, x0, 71         x13=00000047
13709049ns          223975 1c00925c dc96cbe3 blt              x13, x9, -554       x13:00000047  x9:00000064
13709129ns          223979 1c009032 06300693 addi             x13, x0, 99         x13=00000063
13709149ns          223980 1c009036 0ad488e3 beq              x9, x13, 2224        x9:00000064 x13:00000063
13709169ns          223981 1c00903a 0096c9e3 blt              x13, x9, 2066       x13:00000063  x9:00000064
13709308ns          223988 1c00984c 000c2583 lw               x11, 0(x24)         x11=00000002 x24:10001490  PA:10001490
13709368ns          223991 1c009850 004c0c13 addi             x24, x24, 4         x24=10001494 x24:10001490
13709387ns          223992 1c009852 3405cc63 blt              x11, x0, 856        x11:00000002
13709407ns          223993 1c009856 01412603 lw               x12, 20(x2)         x12=00000000  x2:10001338  PA:1000134c
13709427ns          223994 1c009858 00b006b3 add              x13, x0, x11        x13=00000002 x11:00000002
13709447ns          223995 1c00985a 2e061863 bne              x12, x0, 752        x12:00000000
13709467ns          223996 1c00985e 01812703 lw               x14, 24(x2)         x14=00000000  x2:10001338  PA:10001350
13709487ns          223997 1c009860 019007b3 add              x15, x0, x25        x15=1000135c x25:1000135c
13709507ns          223998 1c009862 00070763 beq              x14, x0, 14         x14:00000000
13709626ns          224004 1c009870 00f00733 add              x14, x0, x15        x14=1000135c x15:1000135c
13709646ns          224005 1c009872 00a00513 addi             x10, x0, 10         x10=0000000a
13709666ns          224006 1c009874 02a6f633 remu             x12, x13, x10       x12=00000002 x13:00000002 x10:0000000a
13710283ns          224037 1c009878 02a6d6b3 divu             x13, x13, x10       x13=00000000 x13:00000002 x10:0000000a
13710899ns          224068 1c00987c 03060613 addi             x12, x12, 48        x12=00000032 x12:00000002
13710919ns          224069 1c009880 00c700ab p.sb             x12, 1(x14!)        x14=1000135d x12:00000032 x14:1000135c  PA:1000135c
13710939ns          224070 1c009884 fe0698e3 bne              x13, x0, -16        x13:00000000
13710959ns          224071 1c009886 40f706b3 sub              x13, x14, x15       x13=00000001 x14:1000135d x15:1000135c
13710979ns          224072 1c00988a 0146dc63 bge              x13, x20, 24        x13:00000001 x20:ffffffff
13711058ns          224076 1c0098a2 00e006b3 add              x13, x0, x14        x13=1000135d x14:1000135d
13711078ns          224077 1c0098a4 fe068fab p.sb             x0, -1(x13!)        x13=1000135c x13:1000135d  PA:1000135d
13711098ns          224078 1c0098a8 00d7fc63 bgeu             x15, x13, 24        x15:1000135c x13:1000135c
13711257ns          224086 1c0098c0 01412783 lw               x15, 20(x2)         x15=00000000  x2:10001338  PA:1000134c
13711277ns          224087 1c0098c2 01812603 lw               x12, 24(x2)         x12=00000000  x2:10001338  PA:10001350
13711297ns          224088 1c0098c4 419704b3 sub              x9, x14, x25         x9=00000001 x14:1000135d x25:1000135c
13711317ns          224089 1c0098c8 00c7e7b3 or               x15, x15, x12       x15=00000000 x15:00000000 x12:00000000
13711337ns          224090 1c0098ca 00f12623 sw               x15, 12(x2)         x15:00000000  x2:10001338  PA:10001344
13711357ns          224091 1c0098cc 00079363 bne              x15, x0, 6          x15:00000000
13711377ns          224092 1c0098ce 01f5d593 srli             x11, x11, 0x1f      x11=00000000 x11:00000002
13711396ns          224093 1c0098d0 00b12623 sw               x11, 12(x2)         x11:00000000  x2:10001338  PA:10001344
13711436ns          224095 1c0098d2 e3fa28e3 p.beqimm         x20, -464           x20:ffffffff
13711575ns          224102 1c009702 0c800793 addi             x15, x0, 200        x15=000000c8
13711595ns          224103 1c009706 9e97d0e3 bge              x15, x9, -1568      x15:000000c8  x9:00000001
13711735ns          224110 1c0090e6 0f24d163 bge              x9, x18, 226         x9:00000001 x18:00000000
13711834ns          224115 1c0091c8 d00482e3 beq              x9, x0, -764         x9:00000001
13711874ns          224117 1c0091cc 01900933 add              x18, x0, x25        x18=1000135c x25:1000135c
13711934ns          224120 1c0091ce 419d8db3 sub              x27, x27, x25       x27=efffecce x27:0000002a x25:1000135c
13711953ns          224121 1c0091d2 00a0006f jal              x0, 10             
13711993ns          224123 1c0091dc 0019450b p.lbu            x10, 1(x18!)        x10=00000032 x18=1000135d x18:1000135c  PA:1000135c
13712053ns          224126 1c0091e0 01a005b3 add              x11, x0, x26        x11=00000002 x26:00000002
13712073ns          224127 1c0091e2 000b00e7 jalr             x1, x22, 0           x1=1c0091e4 x22:1c008dea
13712113ns          224129 1c008dea 000026b7 lui              x13, 0x2000         x13=00002000
13712132ns          224130 1c008dec f14027f3 csrrs            x15, x0, 0xf14      x15=00000002
13712192ns          224133 1c008df0 f8068693 addi             x13, x13, -128      x13=00001f80 x13:00002000
13712232ns          224135 1c008df4 00379713 slli             x14, x15, 0x3       x14=00000010 x15:00000002
13712252ns          224136 1c008df8 00279793 slli             x15, x15, 0x2       x15=00000008 x15:00000002
13712272ns          224137 1c008dfa 00d7f7b3 and              x15, x15, x13       x15=00000000 x15:00000008 x13:00001f80
13712292ns          224138 1c008dfc ee873733 p.bclr           x14, x14, 23, 8     x14=00000010 x14:00000010
13712331ns          224140 1c008e00 1a10f6b7 lui              x13, 0x1a10f000     x13=1a10f000
13712371ns          224142 1c008e04 0ff57513 andi             x10, x10, 255       x10=00000032 x10:00000032
13712391ns          224143 1c008e08 00d70733 add              x14, x14, x13       x14=1a10f010 x14:00000010 x13:1a10f000
13712411ns          224144 1c008e0a 00a7e723 p.sw             x10, x0(x15)        x10:00000032 x15:00000000  PA:1a10f010
13712749ns          224161 1c008e0e 00000513 addi             x10, x0, 0          x10=00000000
13712769ns          224162 1c008e10 00008067 jalr             x0, x1, 0            x1:1c0091e4
13712809ns          224164 1c0091e4 fff48493 addi             x9, x9, -1           x9=00000000  x9:00000001
13712829ns          224165 1c0091e6 fff537e3 p.bneimm         x10, -18            x10:00000000
13712948ns          224171 1c0091d4 012d8733 add              x14, x27, x18       x14=0000002b x27:efffecce x18:1000135d
13712968ns          224172 1c0091d8 5a048b63 beq              x9, x0, 1462         x9:00000000
13713027ns          224175 1c00978e 00e00db3 add              x27, x0, x14        x27=0000002b x14:0000002b
13713087ns          224178 1c009790 f3cff06f jal              x0, -2244          
13713167ns          224182 1c008ecc 00044503 lbu              x10, 0(x8)          x10=00000029  x8:1c000059  PA:1c000059
13713485ns          224198 1c008ed0 00140413 addi             x8, x8, 1            x8=1c00005a  x8:1c000059
13713505ns          224199 1c008ed2 00050e63 beq              x10, x0, 28         x10:00000029
13713525ns          224200 1c008ed4 02500793 addi             x15, x0, 37         x15=00000025
13713545ns          224201 1c008ed8 04f50863 beq              x10, x15, 80        x10:00000029 x15:00000025
13713565ns          224202 1c008edc 01a005b3 add              x11, x0, x26        x11=00000002 x26:00000002
13713584ns          224203 1c008ede 000b00e7 jalr             x1, x22, 0           x1=1c008ee0 x22:1c008dea
13713644ns          224206 1c008dea 000026b7 lui              x13, 0x2000         x13=00002000
13713664ns          224207 1c008dec f14027f3 csrrs            x15, x0, 0xf14      x15=00000002
13713684ns          224208 1c008df0 f8068693 addi             x13, x13, -128      x13=00001f80 x13:00002000
13713704ns          224209 1c008df4 00379713 slli             x14, x15, 0x3       x14=00000010 x15:00000002
13713724ns          224210 1c008df8 00279793 slli             x15, x15, 0x2       x15=00000008 x15:00000002
13713744ns          224211 1c008dfa 00d7f7b3 and              x15, x15, x13       x15=00000000 x15:00000008 x13:00001f80
13713763ns          224212 1c008dfc ee873733 p.bclr           x14, x14, 23, 8     x14=00000010 x14:00000010
13713783ns          224213 1c008e00 1a10f6b7 lui              x13, 0x1a10f000     x13=1a10f000
13713803ns          224214 1c008e04 0ff57513 andi             x10, x10, 255       x10=00000029 x10:00000029
13713823ns          224215 1c008e08 00d70733 add              x14, x14, x13       x14=1a10f010 x14:00000010 x13:1a10f000
13713843ns          224216 1c008e0a 00a7e723 p.sw             x10, x0(x15)        x10:00000029 x15:00000000  PA:1a10f010
13714161ns          224232 1c008e0e 00000513 addi             x10, x0, 0          x10=00000000
13714181ns          224233 1c008e10 00008067 jalr             x0, x1, 0            x1:1c008ee0
13714221ns          224235 1c008ee0 31f52563 p.beqimm         x10, 778            x10:00000000
13714241ns          224236 1c008ee4 001d8d93 addi             x27, x27, 1         x27=0000002c x27:0000002b
13714261ns          224237 1c008ee6 00044503 lbu              x10, 0(x8)          x10=0000000a  x8:1c00005a  PA:1c00005a
13714559ns          224252 1c008eea 00140413 addi             x8, x8, 1            x8=1c00005b  x8:1c00005a
13714579ns          224253 1c008eec fe0514e3 bne              x10, x0, -24        x10:0000000a
13714639ns          224256 1c008ed4 02500793 addi             x15, x0, 37         x15=00000025
13714659ns          224257 1c008ed8 04f50863 beq              x10, x15, 80        x10:0000000a x15:00000025
13714678ns          224258 1c008edc 01a005b3 add              x11, x0, x26        x11=00000002 x26:00000002
13714698ns          224259 1c008ede 000b00e7 jalr             x1, x22, 0           x1=1c008ee0 x22:1c008dea
13714738ns          224261 1c008dea 000026b7 lui              x13, 0x2000         x13=00002000
13714758ns          224262 1c008dec f14027f3 csrrs            x15, x0, 0xf14      x15=00000002
13714778ns          224263 1c008df0 f8068693 addi             x13, x13, -128      x13=00001f80 x13:00002000
13714798ns          224264 1c008df4 00379713 slli             x14, x15, 0x3       x14=00000010 x15:00000002
13714818ns          224265 1c008df8 00279793 slli             x15, x15, 0x2       x15=00000008 x15:00000002
13714838ns          224266 1c008dfa 00d7f7b3 and              x15, x15, x13       x15=00000000 x15:00000008 x13:00001f80
13714857ns          224267 1c008dfc ee873733 p.bclr           x14, x14, 23, 8     x14=00000010 x14:00000010
13714877ns          224268 1c008e00 1a10f6b7 lui              x13, 0x1a10f000     x13=1a10f000
13714897ns          224269 1c008e04 0ff57513 andi             x10, x10, 255       x10=0000000a x10:0000000a
13714917ns          224270 1c008e08 00d70733 add              x14, x14, x13       x14=1a10f010 x14:00000010 x13:1a10f000
13714937ns          224271 1c008e0a 00a7e723 p.sw             x10, x0(x15)        x10:0000000a x15:00000000  PA:1a10f010
13715255ns          224287 1c008e0e 00000513 addi             x10, x0, 0          x10=00000000
13715275ns          224288 1c008e10 00008067 jalr             x0, x1, 0            x1:1c008ee0
13715315ns          224290 1c008ee0 31f52563 p.beqimm         x10, 778            x10:00000000
13715335ns          224291 1c008ee4 001d8d93 addi             x27, x27, 1         x27=0000002d x27:0000002c
13715355ns          224292 1c008ee6 00044503 lbu              x10, 0(x8)          x10=00000000  x8:1c00005b  PA:1c00005b
13715653ns          224307 1c008eea 00140413 addi             x8, x8, 1            x8=1c00005c  x8:1c00005b
13715673ns          224308 1c008eec fe0514e3 bne              x10, x0, -24        x10:00000000
13715693ns          224309 1c008eee 01b00433 add              x8, x0, x27          x8=0000002d x27:0000002d
13715713ns          224310 1c008ef0 00800533 add              x10, x0, x8         x10=0000002d  x8:0000002d
13715733ns          224311 1c008ef2 12c12083 lw               x1, 300(x2)          x1=1c008e7e  x2:10001338  PA:10001464
13715753ns          224312 1c008ef6 12812403 lw               x8, 296(x2)          x8=xxxxxxxx  x2:10001338  PA:10001460
13715772ns          224313 1c008efa 12412483 lw               x9, 292(x2)          x9=00000002  x2:10001338  PA:1000145c
13716111ns          224330 1c008efe 12012903 lw               x18, 288(x2)        x18=xxxxxxxx  x2:10001338  PA:10001458
13716150ns          224332 1c008f02 11c12983 lw               x19, 284(x2)        x19=xxxxxxxx  x2:10001338  PA:10001454
13716170ns          224333 1c008f06 11812a03 lw               x20, 280(x2)        x20=xxxxxxxx  x2:10001338  PA:10001450
13716190ns          224334 1c008f0a 11412a83 lw               x21, 276(x2)        x21=xxxxxxxx  x2:10001338  PA:1000144c
13716628ns          224356 1c008f0e 11012b03 lw               x22, 272(x2)        x22=xxxxxxxx  x2:10001338  PA:10001448
13716668ns          224358 1c008f12 10c12b83 lw               x23, 268(x2)        x23=xxxxxxxx  x2:10001338  PA:10001444
13716687ns          224359 1c008f16 10812c03 lw               x24, 264(x2)        x24=xxxxxxxx  x2:10001338  PA:10001440
13716707ns          224360 1c008f1a 10412c83 lw               x25, 260(x2)        x25=xxxxxxxx  x2:10001338  PA:1000143c
13716727ns          224361 1c008f1e 10012d03 lw               x26, 256(x2)        x26=xxxxxxxx  x2:10001338  PA:10001438
13716747ns          224362 1c008f22 0fc12d83 lw               x27, 252(x2)        x27=xxxxxxxx  x2:10001338  PA:10001434
13716767ns          224363 1c008f24 13010113 addi             x2, x2, 304          x2=10001468  x2:10001338
13716787ns          224364 1c008f26 00008067 jalr             x0, x1, 0            x1:1c008e7e
13716866ns          224368 1c008e7e 01c12083 lw               x1, 28(x2)           x1=1c00818e  x2:10001468  PA:10001484
13716946ns          224372 1c008e80 04010113 addi             x2, x2, 64           x2=100014a8  x2:10001468
13716966ns          224373 1c008e82 00008067 jalr             x0, x1, 0            x1:1c00818e
13717443ns          224397 1c00818e 00300793 addi             x15, x0, 3          x15=00000003
13717523ns          224401 1c008190 0097f463 bgeu             x15, x9, 8          x15:00000003  x9:00000002
13717582ns          224404 1c008198 074020ef jal              x1, 8308             x1=1c00819c
13718040ns          224427 1c00a20c f14027f3 csrrs            x15, x0, 0xf14      x15=00000002
13718497ns          224450 1c00a210 01f00713 addi             x14, x0, 31         x14=0000001f
13718537ns          224452 1c00a212 ca5797b3 p.extractu       x15, x15, 5, 5      x15=00000000 x15:00000002
13718557ns          224453 1c00a216 00e78863 beq              x15, x14, 16        x15:00000000 x14:0000001f
13718577ns          224454 1c00a21a 002047b7 lui              x15, 0x204000       x15=00204000
13719015ns          224476 1c00a21e 20078793 addi             x15, x15, 512       x15=00204200 x15:00204000
13719054ns          224478 1c00a222 01c7e703 p.elw            x14, 28(x15)        x14=00010000 x15:00204200  PA:0020421c
13719194ns          224485 1c00a226 00008067 jalr             x0, x1, 0            x1:1c00819c
13719591ns          224505 1c00819c f14027f3 csrrs            x15, x0, 0xf14      x15=00000002
13720029ns          224527 1c0081a0 f457b7b3 p.bclr           x15, x15, 26, 5     x15=00000002 x15:00000002
13720069ns          224529 1c0081a4 2a078563 beq              x15, x0, 682        x15:00000002
13720089ns          224530 1c0081a8 1c010937 lui              x18, 0x1c010000     x18=1c010000
13720109ns          224531 1c0081ac 00090913 addi             x18, x18, 0         x18=1c010000 x18:1c010000
13720666ns          224559 1c0081b0 00249993 slli             x19, x9, 0x2        x19=00000008  x9:00000002
13720705ns          224561 1c0081b4 013907b3 add              x15, x18, x19       x15=1c010008 x18:1c010000 x19:00000008
13720725ns          224562 1c0081b8 0007ab03 lw               x22, 0(x15)         x22=3eaaa273 x15:1c010008  PA:1c010008
13721143ns          224583 1c0081bc 0107ac83 lw               x25, 16(x15)        x25=3f800000 x15:1c010008  PA:1c010018
13721501ns          224601 1c0081c0 1c0007b7 lui              x15, 0x1c000000     x15=1c000000
13721521ns          224602 1c0081c4 01c7ac03 lw               x24, 28(x15)        x24=3fc90fdb x15:1c000000  PA:1c00001c
13721819ns          224617 1c0081c8 1c0007b7 lui              x15, 0x1c000000     x15=1c000000
13721839ns          224618 1c0081cc 0207aa83 lw               x21, 32(x15)        x21=40c90fdb x15:1c000000  PA:1c000020
13722137ns          224633 1c0081d0 00200433 add              x8, x0, x2           x8=100014a8  x2:100014a8
13722157ns          224634 1c0081d2 32010b93 addi             x23, x2, 800        x23=100017c8  x2:100014a8
13722177ns          224635 1c0081d6 01600a33 add              x20, x0, x22        x20=3eaaa273 x22:3eaaa273
13722197ns          224636 1c0081d8 094c7553 fsub.s           f10, f24, f20       f10=xxxxxxxx f24:3fc90fdb f20:3eaaa273
13722217ns          224637 1c0081dc 57c000ef jal              x1, 1404             x1=1c0081de
13723052ns          224679 1c008758 a0a527d3 feq.s            x15, f10, f10       x15=00000001 f10:3f9e673e f10:3f9e673e
13723092ns          224681 1c00875c 0a078b63 beq              x15, x0, 182        x15:00000001
13723550ns          224704 1c00875e e00517d3 fclass.s         x15, f10            x15=00000040 f10:3f9e673e
13723589ns          224706 1c008762 0817f793 andi             x15, x15, 129       x15=00000000 x15:00000040
13723609ns          224707 1c008766 0a079663 bne              x15, x0, 172        x15:00000000
13723629ns          224708 1c008768 00000793 addi             x15, x0, 0          x15=00000000
13723649ns          224709 1c00876c a0f517d3 flt.s            x15, f10, f15       x15=00000000 f10:3f9e673e f15:00000000
13724067ns          224730 1c008770 0a079663 bne              x15, x0, 172        x15:00000000
13724107ns          224732 1c008772 1c000737 lui              x14, 0x1c000000     x14=1c000000
13724127ns          224733 1c008776 02072783 lw               x15, 32(x14)        x15=40c90fdb x14:1c000000  PA:1c000020
13724584ns          224756 1c00877a a0a797d3 flt.s            x15, f15, f10       x15=00000000 f15:40c90fdb f10:3f9e673e
13724604ns          224757 1c00877e 00078b63 beq              x15, x0, 22         x15:00000000
13725042ns          224779 1c008794 00000793 addi             x15, x0, 0          x15=00000000
13725081ns          224781 1c008798 a0f517d3 flt.s            x15, f10, f15       x15=00000000 f10:3f9e673e f15:00000000
13725101ns          224782 1c00879c 08079a63 bne              x15, x0, 148        x15:00000000
13725539ns          224804 1c00879e 1c0007b7 lui              x15, 0x1c000000     x15=1c000000
13725579ns          224806 1c0087a2 01c7a783 lw               x15, 28(x15)        x15=3fc90fdb x15:1c000000  PA:1c00001c
13726036ns          224829 1c0087a6 a0f517d3 flt.s            x15, f10, f15       x15=00000001 f10:3f9e673e f15:3fc90fdb
13726056ns          224830 1c0087aa 02079563 bne              x15, x0, 42         x15:00000001
13726553ns          224855 1c0087d4 10a57553 fmul.s           f10, f10, f10       f10=xxxxxxxx f10:3f9e673e f10:3f9e673e
13726593ns          224857 1c0087d8 1c0007b7 lui              x15, 0x1c000000     x15=1c000000
13726613ns          224858 1c0087dc 1c000737 lui              x14, 0x1c000000     x14=1c000000
13727050ns          224880 1c0087e0 13472703 lw               x14, 308(x14)       x14=bab59551 x14:1c000000  PA:1c000134
13727409ns          224898 1c0087e4 1307a783 lw               x15, 304(x15)       x15=37c23ab1 x15:1c000000  PA:1c000130
13727727ns          224914 1c0087e8 70f577c3 fmadd.s          f15, f10, f15, f14  f15=xxxxxxxx f10:3fc40734 f15:37c23ab1 f14:bab59551
13727747ns          224915 1c0087ec 1c000737 lui              x14, 0x1c000000     x14=1c000000
13727767ns          224916 1c0087f0 13872703 lw               x14, 312(x14)       x14=3d2aa76f x14:1c000000  PA:1c000138
13728224ns          224939 1c0087f4 70f577c3 fmadd.s          f15, f10, f15, f14  f15=xxxxxxxx f10:3fc40734 f15:bab0ef7e f14:3d2aa76f
13728244ns          224940 1c0087f8 1c000737 lui              x14, 0x1c000000     x14=1c000000
13728264ns          224941 1c0087fc 13c72703 lw               x14, 316(x14)       x14=beffffe0 x14:1c000000  PA:1c00013c
13728582ns          224957 1c008800 70f577c3 fmadd.s          f15, f10, f15, f14  f15=xxxxxxxx f10:3fc40734 f15:3d222faa f14:beffffe0
13728602ns          224958 1c008804 1c000737 lui              x14, 0x1c000000     x14=1c000000
13728622ns          224959 1c008808 16872703 lw               x14, 360(x14)       x14=3f7fffff x14:1c000000  PA:1c000168
13728940ns          224975 1c00880c 70f57543 fmadd.s          f10, f10, f15, f14  f10=xxxxxxxx f10:3fc40734 f15:bee0f39c f14:3f7fffff
13728960ns          224976 1c008810 00008067 jalr             x0, x1, 0            x1:1c0081de
13729020ns          224979 1c0081de 016a7a53 fadd.s           f20, f20, f22       f20=xxxxxxxx f20:3eaaa273 f22:3eaaa273
13729040ns          224980 1c0081e2 10acf553 fmul.s           f10, f25, f10       f10=xxxxxxxx f25:3f800000 f10:3ea77e4e
13729059ns          224981 1c0081e6 a14a97d3 flt.s            x15, f21, f20       x15=00000000 f21:40c90fdb f20:3f2aa273
13729079ns          224982 1c0081ea 00a4222b p.sw             x10, 4(x8!)          x8=100014ac x10:3ea77e4e  x8:100014a8  PA:100014a8
13729099ns          224983 1c0081ee 00078363 beq              x15, x0, 6          x15:00000000
13729557ns          225006 1c0081f4 ff7412e3 bne              x8, x23, -28         x8:100014ac x23:100017c8
13729616ns          225009 1c0081d8 094c7553 fsub.s           f10, f24, f20       f10=xxxxxxxx f24:3fc90fdb f20:3f2aa273
13729636ns          225010 1c0081dc 57c000ef jal              x1, 1404             x1=1c0081de
13729716ns          225014 1c008758 a0a527d3 feq.s            x15, f10, f10       x15=00000001 f10:3f677d43 f10:3f677d43
13729756ns          225016 1c00875c 0a078b63 beq              x15, x0, 182        x15:00000001
13729815ns          225019 1c00875e e00517d3 fclass.s         x15, f10            x15=00000040 f10:3f677d43
13729855ns          225021 1c008762 0817f793 andi             x15, x15, 129       x15=00000000 x15:00000040
13729875ns          225022 1c008766 0a079663 bne              x15, x0, 172        x15:00000000
13729895ns          225023 1c008768 00000793 addi             x15, x0, 0          x15=00000000
13729915ns          225024 1c00876c a0f517d3 flt.s            x15, f10, f15       x15=00000000 f10:3f677d43 f15:00000000
13729935ns          225025 1c008770 0a079663 bne              x15, x0, 172        x15:00000000
13729955ns          225026 1c008772 1c000737 lui              x14, 0x1c000000     x14=1c000000
13729974ns          225027 1c008776 02072783 lw               x15, 32(x14)        x15=40c90fdb x14:1c000000  PA:1c000020
13730293ns          225043 1c00877a a0a797d3 flt.s            x15, f15, f10       x15=00000000 f15:40c90fdb f10:3f677d43
13730313ns          225044 1c00877e 00078b63 beq              x15, x0, 22         x15:00000000
13730372ns          225047 1c008794 00000793 addi             x15, x0, 0          x15=00000000
13730392ns          225048 1c008798 a0f517d3 flt.s            x15, f10, f15       x15=00000000 f10:3f677d43 f15:00000000
13730412ns          225049 1c00879c 08079a63 bne              x15, x0, 148        x15:00000000
13730432ns          225050 1c00879e 1c0007b7 lui              x15, 0x1c000000     x15=1c000000
13730452ns          225051 1c0087a2 01c7a783 lw               x15, 28(x15)        x15=3fc90fdb x15:1c000000  PA:1c00001c
13730830ns          225070 1c0087a6 a0f517d3 flt.s            x15, f10, f15       x15=00000001 f10:3f677d43 f15:3fc90fdb
13730850ns          225071 1c0087aa 02079563 bne              x15, x0, 42         x15:00000001
13730909ns          225074 1c0087d4 10a57553 fmul.s           f10, f10, f10       f10=xxxxxxxx f10:3f677d43 f10:3f677d43
13730929ns          225075 1c0087d8 1c0007b7 lui              x15, 0x1c000000     x15=1c000000
13730949ns          225076 1c0087dc 1c000737 lui              x14, 0x1c000000     x14=1c000000
13730969ns          225077 1c0087e0 13472703 lw               x14, 308(x14)       x14=bab59551 x14:1c000000  PA:1c000134
13731287ns          225093 1c0087e4 1307a783 lw               x15, 304(x15)       x15=37c23ab1 x15:1c000000  PA:1c000130
13731605ns          225109 1c0087e8 70f577c3 fmadd.s          f15, f10, f15, f14  f15=xxxxxxxx f10:3f51534c f15:37c23ab1 f14:bab59551
13731625ns          225110 1c0087ec 1c000737 lui              x14, 0x1c000000     x14=1c000000
13731645ns          225111 1c0087f0 13872703 lw               x14, 312(x14)       x14=3d2aa76f x14:1c000000  PA:1c000138
13731963ns          225127 1c0087f4 70f577c3 fmadd.s          f15, f10, f15, f14  f15=xxxxxxxx f10:3f51534c f15:bab31a0d f14:3d2aa76f
13731983ns          225128 1c0087f8 1c000737 lui              x14, 0x1c000000     x14=1c000000
13732003ns          225129 1c0087fc 13c72703 lw               x14, 316(x14)       x14=beffffe0 x14:1c000000  PA:1c00013c
13732322ns          225145 1c008800 70f577c3 fmadd.s          f15, f10, f15, f14  f15=xxxxxxxx f10:3f51534c f15:3d2613db f14:beffffe0
13732341ns          225146 1c008804 1c000737 lui              x14, 0x1c000000     x14=1c000000
13732361ns          225147 1c008808 16872703 lw               x14, 360(x14)       x14=3f7fffff x14:1c000000  PA:1c000168
13732699ns          225164 1c00880c 70f57543 fmadd.s          f10, f10, f15, f14  f10=xxxxxxxx f10:3f51534c f15:beef0658 f14:3f7fffff
13732719ns          225165 1c008810 00008067 jalr             x0, x1, 0            x1:1c0081de
13732839ns          225171 1c0081de 016a7a53 fadd.s           f20, f20, f22       f20=xxxxxxxx f20:3f2aa273 f22:3eaaa273
13732859ns          225172 1c0081e2 10acf553 fmul.s           f10, f25, f10       f10=xxxxxxxx f25:3f800000 f10:3f1e4705
13732878ns          225173 1c0081e6 a14a97d3 flt.s            x15, f21, f20       x15=00000000 f21:40c90fdb f20:3f7ff3ac
13732898ns          225174 1c0081ea 00a4222b p.sw             x10, 4(x8!)          x8=100014b0 x10:3f1e4705  x8:100014ac  PA:100014ac
13732918ns          225175 1c0081ee 00078363 beq              x15, x0, 6          x15:00000000
13732978ns          225178 1c0081f4 ff7412e3 bne              x8, x23, -28         x8:100014b0 x23:100017c8
13733038ns          225181 1c0081d8 094c7553 fsub.s           f10, f24, f20       f10=xxxxxxxx f24:3fc90fdb f20:3f7ff3ac
13733057ns          225182 1c0081dc 57c000ef jal              x1, 1404             x1=1c0081de
13733097ns          225184 1c008758 a0a527d3 feq.s            x15, f10, f10       x15=00000001 f10:3f122c0a f10:3f122c0a
13733117ns          225185 1c00875c 0a078b63 beq              x15, x0, 182        x15:00000001
13733137ns          225186 1c00875e e00517d3 fclass.s         x15, f10            x15=00000040 f10:3f122c0a
13733157ns          225187 1c008762 0817f793 andi             x15, x15, 129       x15=00000000 x15:00000040
13733177ns          225188 1c008766 0a079663 bne              x15, x0, 172        x15:00000000
13733197ns          225189 1c008768 00000793 addi             x15, x0, 0          x15=00000000
13733217ns          225190 1c00876c a0f517d3 flt.s            x15, f10, f15       x15=00000000 f10:3f122c0a f15:00000000
13733236ns          225191 1c008770 0a079663 bne              x15, x0, 172        x15:00000000
13733256ns          225192 1c008772 1c000737 lui              x14, 0x1c000000     x14=1c000000
13733276ns          225193 1c008776 02072783 lw               x15, 32(x14)        x15=40c90fdb x14:1c000000  PA:1c000020
13733595ns          225209 1c00877a a0a797d3 flt.s            x15, f15, f10       x15=00000000 f15:40c90fdb f10:3f122c0a
13733614ns          225210 1c00877e 00078b63 beq              x15, x0, 22         x15:00000000
13733674ns          225213 1c008794 00000793 addi             x15, x0, 0          x15=00000000
13733694ns          225214 1c008798 a0f517d3 flt.s            x15, f10, f15       x15=00000000 f10:3f122c0a f15:00000000
13733714ns          225215 1c00879c 08079a63 bne              x15, x0, 148        x15:00000000
13733734ns          225216 1c00879e 1c0007b7 lui              x15, 0x1c000000     x15=1c000000
13733754ns          225217 1c0087a2 01c7a783 lw               x15, 28(x15)        x15=3fc90fdb x15:1c000000  PA:1c00001c
13734092ns          225234 1c0087a6 a0f517d3 flt.s            x15, f10, f15       x15=00000001 f10:3f122c0a f15:3fc90fdb
13734112ns          225235 1c0087aa 02079563 bne              x15, x0, 42         x15:00000001
13734171ns          225238 1c0087d4 10a57553 fmul.s           f10, f10, f10       f10=xxxxxxxx f10:3f122c0a f10:3f122c0a
13734191ns          225239 1c0087d8 1c0007b7 lui              x15, 0x1c000000     x15=1c000000
13734211ns          225240 1c0087dc 1c000737 lui              x14, 0x1c000000     x14=1c000000
13734231ns          225241 1c0087e0 13472703 lw               x14, 308(x14)       x14=bab59551 x14:1c000000  PA:1c000134
13734529ns          225256 1c0087e4 1307a783 lw               x15, 304(x15)       x15=37c23ab1 x15:1c000000  PA:1c000130
13734848ns          225272 1c0087e8 70f577c3 fmadd.s          f15, f10, f15, f14  f15=xxxxxxxx f10:3ea6ec86 f15:37c23ab1 f14:bab59551
13734868ns          225273 1c0087ec 1c000737 lui              x14, 0x1c000000     x14=1c000000
13734887ns          225274 1c0087f0 13872703 lw               x14, 312(x14)       x14=3d2aa76f x14:1c000000  PA:1c000138
13735206ns          225290 1c0087f4 70f577c3 fmadd.s          f15, f10, f15, f14  f15=xxxxxxxx f10:3ea6ec86 f15:bab49806 f14:3d2aa76f
13735226ns          225291 1c0087f8 1c000737 lui              x14, 0x1c000000     x14=1c000000
13735245ns          225292 1c0087fc 13c72703 lw               x14, 316(x14)       x14=beffffe0 x14:1c000000  PA:1c00013c
13735564ns          225308 1c008800 70f577c3 fmadd.s          f15, f10, f15, f14  f15=xxxxxxxx f10:3ea6ec86 f15:3d28d069 f14:beffffe0
13735584ns          225309 1c008804 1c000737 lui              x14, 0x1c000000     x14=1c000000
13735603ns          225310 1c008808 16872703 lw               x14, 360(x14)       x14=3f7fffff x14:1c000000  PA:1c000168
13735922ns          225326 1c00880c 70f57543 fmadd.s          f10, f10, f15, f14  f10=xxxxxxxx f10:3ea6ec86 f15:bef91eae f14:3f7fffff
13735942ns          225327 1c008810 00008067 jalr             x0, x1, 0            x1:1c0081de
13736001ns          225330 1c0081de 016a7a53 fadd.s           f20, f20, f22       f20=xxxxxxxx f20:3f7ff3ac f22:3eaaa273
13736021ns          225331 1c0081e2 10acf553 fmul.s           f10, f25, f10       f10=xxxxxxxx f25:3f800000 f10:3f5763fb
13736041ns          225332 1c0081e6 a14a97d3 flt.s            x15, f21, f20       x15=00000000 f21:40c90fdb f20:3faaa273
13736061ns          225333 1c0081ea 00a4222b p.sw             x10, 4(x8!)          x8=100014b4 x10:3f5763fb  x8:100014b0  PA:100014b0
13736081ns          225334 1c0081ee 00078363 beq              x15, x0, 6          x15:00000000
13736141ns          225337 1c0081f4 ff7412e3 bne              x8, x23, -28         x8:100014b4 x23:100017c8
13736200ns          225340 1c0081d8 094c7553 fsub.s           f10, f24, f20       f10=xxxxxxxx f24:3fc90fdb f20:3faaa273
13736220ns          225341 1c0081dc 57c000ef jal              x1, 1404             x1=1c0081de
13736260ns          225343 1c008758 a0a527d3 feq.s            x15, f10, f10       x15=00000001 f10:3e736b40 f10:3e736b40
13736280ns          225344 1c00875c 0a078b63 beq              x15, x0, 182        x15:00000001
13736300ns          225345 1c00875e e00517d3 fclass.s         x15, f10            x15=00000040 f10:3e736b40
13736320ns          225346 1c008762 0817f793 andi             x15, x15, 129       x15=00000000 x15:00000040
13736339ns          225347 1c008766 0a079663 bne              x15, x0, 172        x15:00000000
13736359ns          225348 1c008768 00000793 addi             x15, x0, 0          x15=00000000
13736379ns          225349 1c00876c a0f517d3 flt.s            x15, f10, f15       x15=00000000 f10:3e736b40 f15:00000000
13736399ns          225350 1c008770 0a079663 bne              x15, x0, 172        x15:00000000
13736419ns          225351 1c008772 1c000737 lui              x14, 0x1c000000     x14=1c000000
13736439ns          225352 1c008776 02072783 lw               x15, 32(x14)        x15=40c90fdb x14:1c000000  PA:1c000020
13736757ns          225368 1c00877a a0a797d3 flt.s            x15, f15, f10       x15=00000000 f15:40c90fdb f10:3e736b40
13736777ns          225369 1c00877e 00078b63 beq              x15, x0, 22         x15:00000000
13736837ns          225372 1c008794 00000793 addi             x15, x0, 0          x15=00000000
13736857ns          225373 1c008798 a0f517d3 flt.s            x15, f10, f15       x15=00000000 f10:3e736b40 f15:00000000
13736877ns          225374 1c00879c 08079a63 bne              x15, x0, 148        x15:00000000
13736896ns          225375 1c00879e 1c0007b7 lui              x15, 0x1c000000     x15=1c000000
13736916ns          225376 1c0087a2 01c7a783 lw               x15, 28(x15)        x15=3fc90fdb x15:1c000000  PA:1c00001c
13737235ns          225392 1c0087a6 a0f517d3 flt.s            x15, f10, f15       x15=00000001 f10:3e736b40 f15:3fc90fdb
13737254ns          225393 1c0087aa 02079563 bne              x15, x0, 42         x15:00000001
13737314ns          225396 1c0087d4 10a57553 fmul.s           f10, f10, f10       f10=xxxxxxxx f10:3e736b40 f10:3e736b40
13737334ns          225397 1c0087d8 1c0007b7 lui              x15, 0x1c000000     x15=1c000000
13737354ns          225398 1c0087dc 1c000737 lui              x14, 0x1c000000     x14=1c000000
13737374ns          225399 1c0087e0 13472703 lw               x14, 308(x14)       x14=bab59551 x14:1c000000  PA:1c000134
13737672ns          225414 1c0087e4 1307a783 lw               x15, 304(x15)       x15=37c23ab1 x15:1c000000  PA:1c000130
13738090ns          225435 1c0087e8 70f577c3 fmadd.s          f15, f10, f15, f14  f15=xxxxxxxx f10:3d6774c8 f15:37c23ab1 f14:bab59551
13738110ns          225436 1c0087ec 1c000737 lui              x14, 0x1c000000     x14=1c000000
13738130ns          225437 1c0087f0 13872703 lw               x14, 312(x14)       x14=3d2aa76f x14:1c000000  PA:1c000138
13738488ns          225455 1c0087f4 70f577c3 fmadd.s          f15, f10, f15, f14  f15=xxxxxxxx f10:3d6774c8 f15:bab5696a f14:3d2aa76f
13738508ns          225456 1c0087f8 1c000737 lui              x14, 0x1c000000     x14=1c000000
13738527ns          225457 1c0087fc 13c72703 lw               x14, 316(x14)       x14=beffffe0 x14:1c000000  PA:1c00013c
13738846ns          225473 1c008800 70f577c3 fmadd.s          f15, f10, f15, f14  f15=xxxxxxxx f10:3d6774c8 f15:3d2a556d f14:beffffe0
13738866ns          225474 1c008804 1c000737 lui              x14, 0x1c000000     x14=1c000000
13738885ns          225475 1c008808 16872703 lw               x14, 360(x14)       x14=3f7fffff x14:1c000000  PA:1c000168
13739204ns          225491 1c00880c 70f57543 fmadd.s          f10, f10, f15, f14  f10=xxxxxxxx f10:3d6774c8 f15:befecbde f14:3f7fffff
13739224ns          225492 1c008810 00008067 jalr             x0, x1, 0            x1:1c0081de
13739283ns          225495 1c0081de 016a7a53 fadd.s           f20, f20, f22       f20=xxxxxxxx f20:3faaa273 f22:3eaaa273
13739303ns          225496 1c0081e2 10acf553 fmul.s           f10, f25, f10       f10=xxxxxxxx f25:3f800000 f10:3f78cd0d
13739323ns          225497 1c0081e6 a14a97d3 flt.s            x15, f21, f20       x15=00000000 f21:40c90fdb f20:3fd54b10
13739343ns          225498 1c0081ea 00a4222b p.sw             x10, 4(x8!)          x8=100014b8 x10:3f78cd0d  x8:100014b4  PA:100014b4
13739363ns          225499 1c0081ee 00078363 beq              x15, x0, 6          x15:00000000
13739423ns          225502 1c0081f4 ff7412e3 bne              x8, x23, -28         x8:100014b8 x23:100017c8
13739482ns          225505 1c0081d8 094c7553 fsub.s           f10, f24, f20       f10=xxxxxxxx f24:3fc90fdb f20:3fd54b10
13739502ns          225506 1c0081dc 57c000ef jal              x1, 1404             x1=1c0081de
13739542ns          225508 1c008758 a0a527d3 feq.s            x15, f10, f10       x15=00000001 f10:bdc3b350 f10:bdc3b350
13739562ns          225509 1c00875c 0a078b63 beq              x15, x0, 182        x15:00000001
13739582ns          225510 1c00875e e00517d3 fclass.s         x15, f10            x15=00000002 f10:bdc3b350
13739602ns          225511 1c008762 0817f793 andi             x15, x15, 129       x15=00000000 x15:00000002
13739621ns          225512 1c008766 0a079663 bne              x15, x0, 172        x15:00000000
13739641ns          225513 1c008768 00000793 addi             x15, x0, 0          x15=00000000
13739661ns          225514 1c00876c a0f517d3 flt.s            x15, f10, f15       x15=00000001 f10:bdc3b350 f15:00000000
13739681ns          225515 1c008770 0a079663 bne              x15, x0, 172        x15:00000001
13739741ns          225518 1c00881c 1c0007b7 lui              x15, 0x1c000000     x15=1c000000
13739800ns          225521 1c008820 12c7a783 lw               x15, 300(x15)       x15=c0c90fdb x15:1c000000  PA:1c00012c
13740139ns          225538 1c008824 a0f517d3 flt.s            x15, f10, f15       x15=00000000 f10:bdc3b350 f15:c0c90fdb
13740158ns          225539 1c008828 00078463 beq              x15, x0, 8          x15:00000000
13740218ns          225542 1c008830 20a51553 fsgnjn.s         f10, f10, f10       f10=xxxxxxxx f10:bdc3b350 f10:bdc3b350
13740238ns          225543 1c008834 f6bff06f jal              x0, -150           
13740298ns          225546 1c00879e 1c0007b7 lui              x15, 0x1c000000     x15=1c000000
13740318ns          225547 1c0087a2 01c7a783 lw               x15, 28(x15)        x15=3fc90fdb x15:1c000000  PA:1c00001c
13740656ns          225564 1c0087a6 a0f517d3 flt.s            x15, f10, f15       x15=00000001 f10:3dc3b350 f15:3fc90fdb
13740676ns          225565 1c0087aa 02079563 bne              x15, x0, 42         x15:00000001
13740735ns          225568 1c0087d4 10a57553 fmul.s           f10, f10, f10       f10=xxxxxxxx f10:3dc3b350 f10:3dc3b350
13740755ns          225569 1c0087d8 1c0007b7 lui              x15, 0x1c000000     x15=1c000000
13740775ns          225570 1c0087dc 1c000737 lui              x14, 0x1c000000     x14=1c000000
13740795ns          225571 1c0087e0 13472703 lw               x14, 308(x14)       x14=bab59551 x14:1c000000  PA:1c000134
13741113ns          225587 1c0087e4 1307a783 lw               x15, 304(x15)       x15=37c23ab1 x15:1c000000  PA:1c000130
13741431ns          225603 1c0087e8 70f577c3 fmadd.s          f15, f10, f15, f14  f15=xxxxxxxx f10:3c159aa9 f15:37c23ab1 f14:bab59551
13741451ns          225604 1c0087ec 1c000737 lui              x14, 0x1c000000     x14=1c000000
13741471ns          225605 1c0087f0 13872703 lw               x14, 312(x14)       x14=3d2aa76f x14:1c000000  PA:1c000138
13741790ns          225621 1c0087f4 70f577c3 fmadd.s          f15, f10, f15, f14  f15=xxxxxxxx f10:3c159aa9 f15:bab58e39 f14:3d2aa76f
13741809ns          225622 1c0087f8 1c000737 lui              x14, 0x1c000000     x14=1c000000
13741829ns          225623 1c0087fc 13c72703 lw               x14, 316(x14)       x14=beffffe0 x14:1c000000  PA:1c00013c
13742167ns          225640 1c008800 70f577c3 fmadd.s          f15, f10, f15, f14  f15=xxxxxxxx f10:3c159aa9 f15:3d2a9a2c f14:beffffe0
13742187ns          225641 1c008804 1c000737 lui              x14, 0x1c000000     x14=1c000000
13742207ns          225642 1c008808 16872703 lw               x14, 360(x14)       x14=3f7fffff x14:1c000000  PA:1c000168
13742525ns          225658 1c00880c 70f57543 fmadd.s          f10, f10, f15, f14  f10=xxxxxxxx f10:3c159aa9 f15:beffce07 f14:3f7fffff
13742545ns          225659 1c008810 00008067 jalr             x0, x1, 0            x1:1c0081de
13742605ns          225662 1c0081de 016a7a53 fadd.s           f20, f20, f22       f20=xxxxxxxx f20:3fd54b10 f22:3eaaa273
13742625ns          225663 1c0081e2 10acf553 fmul.s           f10, f25, f10       f10=xxxxxxxx f25:3f800000 f10:3f7ed504
13742645ns          225664 1c0081e6 a14a97d3 flt.s            x15, f21, f20       x15=00000000 f21:40c90fdb f20:3ffff3ad
13742665ns          225665 1c0081ea 00a4222b p.sw             x10, 4(x8!)          x8=100014bc x10:3f7ed504  x8:100014b8  PA:100014b8
13742685ns          225666 1c0081ee 00078363 beq              x15, x0, 6          x15:00000000
13742744ns          225669 1c0081f4 ff7412e3 bne              x8, x23, -28         x8:100014bc x23:100017c8
13742804ns          225672 1c0081d8 094c7553 fsub.s           f10, f24, f20       f10=xxxxxxxx f24:3fc90fdb f20:3ffff3ad
13742824ns          225673 1c0081dc 57c000ef jal              x1, 1404             x1=1c0081de
13742864ns          225675 1c008758 a0a527d3 feq.s            x15, f10, f10       x15=00000001 f10:bedb8f48 f10:bedb8f48
13742884ns          225676 1c00875c 0a078b63 beq              x15, x0, 182        x15:00000001
13742903ns          225677 1c00875e e00517d3 fclass.s         x15, f10            x15=00000002 f10:bedb8f48
13742923ns          225678 1c008762 0817f793 andi             x15, x15, 129       x15=00000000 x15:00000002
13742943ns          225679 1c008766 0a079663 bne              x15, x0, 172        x15:00000000
13742963ns          225680 1c008768 00000793 addi             x15, x0, 0          x15=00000000
13742983ns          225681 1c00876c a0f517d3 flt.s            x15, f10, f15       x15=00000001 f10:bedb8f48 f15:00000000
13743003ns          225682 1c008770 0a079663 bne              x15, x0, 172        x15:00000001
13743063ns          225685 1c00881c 1c0007b7 lui              x15, 0x1c000000     x15=1c000000
13743082ns          225686 1c008820 12c7a783 lw               x15, 300(x15)       x15=c0c90fdb x15:1c000000  PA:1c00012c
13743421ns          225703 1c008824 a0f517d3 flt.s            x15, f10, f15       x15=00000000 f10:bedb8f48 f15:c0c90fdb
13743440ns          225704 1c008828 00078463 beq              x15, x0, 8          x15:00000000
13743500ns          225707 1c008830 20a51553 fsgnjn.s         f10, f10, f10       f10=xxxxxxxx f10:bedb8f48 f10:bedb8f48
13743520ns          225708 1c008834 f6bff06f jal              x0, -150           
13743580ns          225711 1c00879e 1c0007b7 lui              x15, 0x1c000000     x15=1c000000
13743600ns          225712 1c0087a2 01c7a783 lw               x15, 28(x15)        x15=3fc90fdb x15:1c000000  PA:1c00001c
13743918ns          225728 1c0087a6 a0f517d3 flt.s            x15, f10, f15       x15=00000001 f10:3edb8f48 f15:3fc90fdb
13743938ns          225729 1c0087aa 02079563 bne              x15, x0, 42         x15:00000001
13743997ns          225732 1c0087d4 10a57553 fmul.s           f10, f10, f10       f10=xxxxxxxx f10:3edb8f48 f10:3edb8f48
13744017ns          225733 1c0087d8 1c0007b7 lui              x15, 0x1c000000     x15=1c000000
13744037ns          225734 1c0087dc 1c000737 lui              x14, 0x1c000000     x14=1c000000
13744057ns          225735 1c0087e0 13472703 lw               x14, 308(x14)       x14=bab59551 x14:1c000000  PA:1c000134
13744375ns          225751 1c0087e4 1307a783 lw               x15, 304(x15)       x15=37c23ab1 x15:1c000000  PA:1c000130
13744733ns          225769 1c0087e8 70f577c3 fmadd.s          f15, f10, f15, f14  f15=xxxxxxxx f10:3e3c4e75 f15:37c23ab1 f14:bab59551
13744753ns          225770 1c0087ec 1c000737 lui              x14, 0x1c000000     x14=1c000000
13744773ns          225771 1c0087f0 13872703 lw               x14, 312(x14)       x14=3d2aa76f x14:1c000000  PA:1c000138
13745111ns          225788 1c0087f4 70f577c3 fmadd.s          f15, f10, f15, f14  f15=xxxxxxxx f10:3e3c4e75 f15:bab50672 f14:3d2aa76f
13745131ns          225789 1c0087f8 1c000737 lui              x14, 0x1c000000     x14=1c000000
13745151ns          225790 1c0087fc 13c72703 lw               x14, 316(x14)       x14=beffffe0 x14:1c000000  PA:1c00013c
13745469ns          225806 1c008800 70f577c3 fmadd.s          f15, f10, f15, f14  f15=xxxxxxxx f10:3e3c4e75 f15:3d299d1f f14:beffffe0
13745489ns          225807 1c008804 1c000737 lui              x14, 0x1c000000     x14=1c000000
13745509ns          225808 1c008808 16872703 lw               x14, 360(x14)       x14=3f7fffff x14:1c000000  PA:1c000168
13745827ns          225824 1c00880c 70f57543 fmadd.s          f10, f10, f15, f14  f10=xxxxxxxx f10:3e3c4e75 f15:befc19c5 f14:3f7fffff
13745847ns          225825 1c008810 00008067 jalr             x0, x1, 0            x1:1c0081de
13745907ns          225828 1c0081de 016a7a53 fadd.s           f20, f20, f22       f20=xxxxxxxx f20:3ffff3ad f22:3eaaa273
13745927ns          225829 1c0081e2 10acf553 fmul.s           f10, f25, f10       f10=xxxxxxxx f25:3f800000 f10:3f68d1f9
13745947ns          225830 1c0081e6 a14a97d3 flt.s            x15, f21, f20       x15=00000000 f21:40c90fdb f20:40154e25
13745967ns          225831 1c0081ea 00a4222b p.sw             x10, 4(x8!)          x8=100014c0 x10:3f68d1f9  x8:100014bc  PA:100014bc
13745986ns          225832 1c0081ee 00078363 beq              x15, x0, 6          x15:00000000
13746046ns          225835 1c0081f4 ff7412e3 bne              x8, x23, -28         x8:100014c0 x23:100017c8
13746106ns          225838 1c0081d8 094c7553 fsub.s           f10, f24, f20       f10=xxxxxxxx f24:3fc90fdb f20:40154e25
13746126ns          225839 1c0081dc 57c000ef jal              x1, 1404             x1=1c0081de
13746165ns          225841 1c008758 a0a527d3 feq.s            x15, f10, f10       x15=00000001 f10:bf4318de f10:bf4318de
13746185ns          225842 1c00875c 0a078b63 beq              x15, x0, 182        x15:00000001
13746205ns          225843 1c00875e e00517d3 fclass.s         x15, f10            x15=00000002 f10:bf4318de
13746225ns          225844 1c008762 0817f793 andi             x15, x15, 129       x15=00000000 x15:00000002
13746245ns          225845 1c008766 0a079663 bne              x15, x0, 172        x15:00000000
13746265ns          225846 1c008768 00000793 addi             x15, x0, 0          x15=00000000
13746285ns          225847 1c00876c a0f517d3 flt.s            x15, f10, f15       x15=00000001 f10:bf4318de f15:00000000
13746305ns          225848 1c008770 0a079663 bne              x15, x0, 172        x15:00000001
13746364ns          225851 1c00881c 1c0007b7 lui              x15, 0x1c000000     x15=1c000000
13746384ns          225852 1c008820 12c7a783 lw               x15, 300(x15)       x15=c0c90fdb x15:1c000000  PA:1c00012c
13746703ns          225868 1c008824 a0f517d3 flt.s            x15, f10, f15       x15=00000000 f10:bf4318de f15:c0c90fdb
13746722ns          225869 1c008828 00078463 beq              x15, x0, 8          x15:00000000
13746782ns          225872 1c008830 20a51553 fsgnjn.s         f10, f10, f10       f10=xxxxxxxx f10:bf4318de f10:bf4318de
13746802ns          225873 1c008834 f6bff06f jal              x0, -150           
13746862ns          225876 1c00879e 1c0007b7 lui              x15, 0x1c000000     x15=1c000000
13746882ns          225877 1c0087a2 01c7a783 lw               x15, 28(x15)        x15=3fc90fdb x15:1c000000  PA:1c00001c
13747200ns          225893 1c0087a6 a0f517d3 flt.s            x15, f10, f15       x15=00000001 f10:3f4318de f15:3fc90fdb
13747220ns          225894 1c0087aa 02079563 bne              x15, x0, 42         x15:00000001
13747279ns          225897 1c0087d4 10a57553 fmul.s           f10, f10, f10       f10=xxxxxxxx f10:3f4318de f10:3f4318de
13747299ns          225898 1c0087d8 1c0007b7 lui              x15, 0x1c000000     x15=1c000000
13747319ns          225899 1c0087dc 1c000737 lui              x14, 0x1c000000     x14=1c000000
13747339ns          225900 1c0087e0 13472703 lw               x14, 308(x14)       x14=bab59551 x14:1c000000  PA:1c000134
13747657ns          225916 1c0087e4 1307a783 lw               x15, 304(x15)       x15=37c23ab1 x15:1c000000  PA:1c000130
13747976ns          225932 1c0087e8 70f577c3 fmadd.s          f15, f10, f15, f14  f15=xxxxxxxx f10:3f14aee5 f15:37c23ab1 f14:bab59551
13747995ns          225933 1c0087ec 1c000737 lui              x14, 0x1c000000     x14=1c000000
13748015ns          225934 1c0087f0 13872703 lw               x14, 312(x14)       x14=3d2aa76f x14:1c000000  PA:1c000138
13748334ns          225950 1c0087f4 70f577c3 fmadd.s          f15, f10, f15, f14  f15=xxxxxxxx f10:3f14aee5 f15:bab3d217 f14:3d2aa76f
13748353ns          225951 1c0087f8 1c000737 lui              x14, 0x1c000000     x14=1c000000
13748373ns          225952 1c0087fc 13c72703 lw               x14, 316(x14)       x14=beffffe0 x14:1c000000  PA:1c00013c
13748712ns          225969 1c008800 70f577c3 fmadd.s          f15, f10, f15, f14  f15=xxxxxxxx f10:3f14aee5 f15:3d2763ed f14:beffffe0
13748731ns          225970 1c008804 1c000737 lui              x14, 0x1c000000     x14=1c000000
13748751ns          225971 1c008808 16872703 lw               x14, 360(x14)       x14=3f7fffff x14:1c000000  PA:1c000168
13749089ns          225988 1c00880c 70f57543 fmadd.s          f10, f10, f15, f14  f10=xxxxxxxx f10:3f14aee5 f15:bef3d8dc f14:3f7fffff
13749109ns          225989 1c008810 00008067 jalr             x0, x1, 0            x1:1c0081de
13749169ns          225992 1c0081de 016a7a53 fadd.s           f20, f20, f22       f20=xxxxxxxx f20:40154e25 f22:3eaaa273
13749189ns          225993 1c0081e2 10acf553 fmul.s           f10, f25, f10       f10=xxxxxxxx f25:3f800000 f10:3f393004
13749209ns          225994 1c0081e6 a14a97d3 flt.s            x15, f21, f20       x15=00000000 f21:40c90fdb f20:402aa273
13749229ns          225995 1c0081ea 00a4222b p.sw             x10, 4(x8!)          x8=100014c4 x10:3f393004  x8:100014c0  PA:100014c0
13749249ns          225996 1c0081ee 00078363 beq              x15, x0, 6          x15:00000000
13749308ns          225999 1c0081f4 ff7412e3 bne              x8, x23, -28         x8:100014c4 x23:100017c8
13749368ns          226002 1c0081d8 094c7553 fsub.s           f10, f24, f20       f10=xxxxxxxx f24:3fc90fdb f20:402aa273
13749388ns          226003 1c0081dc 57c000ef jal              x1, 1404             x1=1c0081de
13749428ns          226005 1c008758 a0a527d3 feq.s            x15, f10, f10       x15=00000001 f10:bf8c350b f10:bf8c350b
13749447ns          226006 1c00875c 0a078b63 beq              x15, x0, 182        x15:00000001
13749467ns          226007 1c00875e e00517d3 fclass.s         x15, f10            x15=00000002 f10:bf8c350b
13749487ns          226008 1c008762 0817f793 andi             x15, x15, 129       x15=00000000 x15:00000002
13749507ns          226009 1c008766 0a079663 bne              x15, x0, 172        x15:00000000
13749527ns          226010 1c008768 00000793 addi             x15, x0, 0          x15=00000000
13749547ns          226011 1c00876c a0f517d3 flt.s            x15, f10, f15       x15=00000001 f10:bf8c350b f15:00000000
13749567ns          226012 1c008770 0a079663 bne              x15, x0, 172        x15:00000001
13749626ns          226015 1c00881c 1c0007b7 lui              x15, 0x1c000000     x15=1c000000
13749646ns          226016 1c008820 12c7a783 lw               x15, 300(x15)       x15=c0c90fdb x15:1c000000  PA:1c00012c
13750084ns          226038 1c008824 a0f517d3 flt.s            x15, f10, f15       x15=00000000 f10:bf8c350b f15:c0c90fdb
13750104ns          226039 1c008828 00078463 beq              x15, x0, 8          x15:00000000
13750164ns          226042 1c008830 20a51553 fsgnjn.s         f10, f10, f10       f10=xxxxxxxx f10:bf8c350b f10:bf8c350b
13750183ns          226043 1c008834 f6bff06f jal              x0, -150           
13750243ns          226046 1c00879e 1c0007b7 lui              x15, 0x1c000000     x15=1c000000
13750263ns          226047 1c0087a2 01c7a783 lw               x15, 28(x15)        x15=3fc90fdb x15:1c000000  PA:1c00001c
13750601ns          226064 1c0087a6 a0f517d3 flt.s            x15, f10, f15       x15=00000001 f10:3f8c350b f15:3fc90fdb
13750621ns          226065 1c0087aa 02079563 bne              x15, x0, 42         x15:00000001
13750681ns          226068 1c0087d4 10a57553 fmul.s           f10, f10, f10       f10=xxxxxxxx f10:3f8c350b f10:3f8c350b
13750701ns          226069 1c0087d8 1c0007b7 lui              x15, 0x1c000000     x15=1c000000
13750720ns          226070 1c0087dc 1c000737 lui              x14, 0x1c000000     x14=1c000000
13750740ns          226071 1c0087e0 13472703 lw               x14, 308(x14)       x14=bab59551 x14:1c000000  PA:1c000134
13751059ns          226087 1c0087e4 1307a783 lw               x15, 304(x15)       x15=37c23ab1 x15:1c000000  PA:1c000130
13751496ns          226109 1c0087e8 70f577c3 fmadd.s          f15, f10, f15, f14  f15=xxxxxxxx f10:3f99941e f15:37c23ab1 f14:bab59551
13751516ns          226110 1c0087ec 1c000737 lui              x14, 0x1c000000     x14=1c000000
13751536ns          226111 1c0087f0 13872703 lw               x14, 312(x14)       x14=3d2aa76f x14:1c000000  PA:1c000138
13751854ns          226127 1c0087f4 70f577c3 fmadd.s          f15, f10, f15, f14  f15=xxxxxxxx f10:3f99941e f15:bab1f125 f14:3d2aa76f
13751874ns          226128 1c0087f8 1c000737 lui              x14, 0x1c000000     x14=1c000000
13751894ns          226129 1c0087fc 13c72703 lw               x14, 316(x14)       x14=beffffe0 x14:1c000000  PA:1c00013c
13752212ns          226145 1c008800 70f577c3 fmadd.s          f15, f10, f15, f14  f15=xxxxxxxx f10:3f99941e f15:3d23fb6e f14:beffffe0
13752232ns          226146 1c008804 1c000737 lui              x14, 0x1c000000     x14=1c000000
13752252ns          226147 1c008808 16872703 lw               x14, 360(x14)       x14=3f7fffff x14:1c000000  PA:1c000168
13752610ns          226165 1c00880c 70f57543 fmadd.s          f10, f10, f15, f14  f10=xxxxxxxx f10:3f99941e f15:bee767d7 f14:3f7fffff
13752630ns          226166 1c008810 00008067 jalr             x0, x1, 0            x1:1c0081de
13752690ns          226169 1c0081de 016a7a53 fadd.s           f20, f20, f22       f20=xxxxxxxx f20:402aa273 f22:3eaaa273
13752710ns          226170 1c0081e2 10acf553 fmul.s           f10, f25, f10       f10=xxxxxxxx f25:3f800000 f10:3eea5a19
13752729ns          226171 1c0081e6 a14a97d3 flt.s            x15, f21, f20       x15=00000000 f21:40c90fdb f20:403ff6c1
13752749ns          226172 1c0081ea 00a4222b p.sw             x10, 4(x8!)          x8=100014c8 x10:3eea5a19  x8:100014c4  PA:100014c4
13752769ns          226173 1c0081ee 00078363 beq              x15, x0, 6          x15:00000000
13752829ns          226176 1c0081f4 ff7412e3 bne              x8, x23, -28         x8:100014c8 x23:100017c8
13752889ns          226179 1c0081d8 094c7553 fsub.s           f10, f24, f20       f10=xxxxxxxx f24:3fc90fdb f20:403ff6c1
13752908ns          226180 1c0081dc 57c000ef jal              x1, 1404             x1=1c0081de
13752948ns          226182 1c008758 a0a527d3 feq.s            x15, f10, f10       x15=00000001 f10:bfb6dda7 f10:bfb6dda7
13752968ns          226183 1c00875c 0a078b63 beq              x15, x0, 182        x15:00000001
13752988ns          226184 1c00875e e00517d3 fclass.s         x15, f10            x15=00000002 f10:bfb6dda7
13753008ns          226185 1c008762 0817f793 andi             x15, x15, 129       x15=00000000 x15:00000002
13753028ns          226186 1c008766 0a079663 bne              x15, x0, 172        x15:00000000
13753048ns          226187 1c008768 00000793 addi             x15, x0, 0          x15=00000000
13753068ns          226188 1c00876c a0f517d3 flt.s            x15, f10, f15       x15=00000001 f10:bfb6dda7 f15:00000000
13753087ns          226189 1c008770 0a079663 bne              x15, x0, 172        x15:00000001
13753147ns          226192 1c00881c 1c0007b7 lui              x15, 0x1c000000     x15=1c000000
13753167ns          226193 1c008820 12c7a783 lw               x15, 300(x15)       x15=c0c90fdb x15:1c000000  PA:1c00012c
13753505ns          226210 1c008824 a0f517d3 flt.s            x15, f10, f15       x15=00000000 f10:bfb6dda7 f15:c0c90fdb
13753525ns          226211 1c008828 00078463 beq              x15, x0, 8          x15:00000000
13753585ns          226214 1c008830 20a51553 fsgnjn.s         f10, f10, f10       f10=xxxxxxxx f10:bfb6dda7 f10:bfb6dda7
13753605ns          226215 1c008834 f6bff06f jal              x0, -150           
13753664ns          226218 1c00879e 1c0007b7 lui              x15, 0x1c000000     x15=1c000000
13753684ns          226219 1c0087a2 01c7a783 lw               x15, 28(x15)        x15=3fc90fdb x15:1c000000  PA:1c00001c
13754062ns          226238 1c0087a6 a0f517d3 flt.s            x15, f10, f15       x15=00000001 f10:3fb6dda7 f15:3fc90fdb
13754082ns          226239 1c0087aa 02079563 bne              x15, x0, 42         x15:00000001
13754142ns          226242 1c0087d4 10a57553 fmul.s           f10, f10, f10       f10=xxxxxxxx f10:3fb6dda7 f10:3fb6dda7
13754162ns          226243 1c0087d8 1c0007b7 lui              x15, 0x1c000000     x15=1c000000
13754181ns          226244 1c0087dc 1c000737 lui              x14, 0x1c000000     x14=1c000000
13754201ns          226245 1c0087e0 13472703 lw               x14, 308(x14)       x14=bab59551 x14:1c000000  PA:1c000134
13754520ns          226261 1c0087e4 1307a783 lw               x15, 304(x15)       x15=37c23ab1 x15:1c000000  PA:1c000130
13754838ns          226277 1c0087e8 70f577c3 fmadd.s          f15, f10, f15, f14  f15=xxxxxxxx f10:40029fe9 f15:37c23ab1 f14:bab59551
13754858ns          226278 1c0087ec 1c000737 lui              x14, 0x1c000000     x14=1c000000
13754878ns          226279 1c0087f0 13872703 lw               x14, 312(x14)       x14=3d2aa76f x14:1c000000  PA:1c000138
13755196ns          226295 1c0087f4 70f577c3 fmadd.s          f15, f10, f15, f14  f15=xxxxxxxx f10:40029fe9 f15:baaf639f f14:3d2aa76f
13755216ns          226296 1c0087f8 1c000737 lui              x14, 0x1c000000     x14=1c000000
13755236ns          226297 1c0087fc 13c72703 lw               x14, 316(x14)       x14=beffffe0 x14:1c000000  PA:1c00013c
13755574ns          226314 1c008800 70f577c3 fmadd.s          f15, f10, f15, f14  f15=xxxxxxxx f10:40029fe9 f15:3d1f77aa f14:beffffe0
13755594ns          226315 1c008804 1c000737 lui              x14, 0x1c000000     x14=1c000000
13755614ns          226316 1c008808 16872703 lw               x14, 360(x14)       x14=3f7fffff x14:1c000000  PA:1c000168
13755932ns          226332 1c00880c 70f57543 fmadd.s          f10, f10, f15, f14  f10=xxxxxxxx f10:40029fe9 f15:bed750b0 f14:3f7fffff
13755952ns          226333 1c008810 00008067 jalr             x0, x1, 0            x1:1c0081de
13756011ns          226336 1c0081de 016a7a53 fadd.s           f20, f20, f22       f20=xxxxxxxx f20:403ff6c1 f22:3eaaa273
13756031ns          226337 1c0081e2 10acf553 fmul.s           f10, f25, f10       f10=xxxxxxxx f25:3f800000 f10:3e111438
13756051ns          226338 1c0081e6 a14a97d3 flt.s            x15, f21, f20       x15=00000000 f21:40c90fdb f20:40554b0f
13756071ns          226339 1c0081ea 00a4222b p.sw             x10, 4(x8!)          x8=100014cc x10:3e111438  x8:100014c8  PA:100014c8
13756091ns          226340 1c0081ee 00078363 beq              x15, x0, 6          x15:00000000
13756151ns          226343 1c0081f4 ff7412e3 bne              x8, x23, -28         x8:100014cc x23:100017c8
13756210ns          226346 1c0081d8 094c7553 fsub.s           f10, f24, f20       f10=xxxxxxxx f24:3fc90fdb f20:40554b0f
13756230ns          226347 1c0081dc 57c000ef jal              x1, 1404             x1=1c0081de
13756270ns          226349 1c008758 a0a527d3 feq.s            x15, f10, f10       x15=00000001 f10:bfe18643 f10:bfe18643
13756290ns          226350 1c00875c 0a078b63 beq              x15, x0, 182        x15:00000001
13756310ns          226351 1c00875e e00517d3 fclass.s         x15, f10            x15=00000002 f10:bfe18643
13756330ns          226352 1c008762 0817f793 andi             x15, x15, 129       x15=00000000 x15:00000002
13756350ns          226353 1c008766 0a079663 bne              x15, x0, 172        x15:00000000
13756369ns          226354 1c008768 00000793 addi             x15, x0, 0          x15=00000000
13756389ns          226355 1c00876c a0f517d3 flt.s            x15, f10, f15       x15=00000001 f10:bfe18643 f15:00000000
13756409ns          226356 1c008770 0a079663 bne              x15, x0, 172        x15:00000001
13756469ns          226359 1c00881c 1c0007b7 lui              x15, 0x1c000000     x15=1c000000
13756489ns          226360 1c008820 12c7a783 lw               x15, 300(x15)       x15=c0c90fdb x15:1c000000  PA:1c00012c
13756827ns          226377 1c008824 a0f517d3 flt.s            x15, f10, f15       x15=00000000 f10:bfe18643 f15:c0c90fdb
13756847ns          226378 1c008828 00078463 beq              x15, x0, 8          x15:00000000
13756906ns          226381 1c008830 20a51553 fsgnjn.s         f10, f10, f10       f10=xxxxxxxx f10:bfe18643 f10:bfe18643
13756926ns          226382 1c008834 f6bff06f jal              x0, -150           
13756986ns          226385 1c00879e 1c0007b7 lui              x15, 0x1c000000     x15=1c000000
13757006ns          226386 1c0087a2 01c7a783 lw               x15, 28(x15)        x15=3fc90fdb x15:1c000000  PA:1c00001c
13757324ns          226402 1c0087a6 a0f517d3 flt.s            x15, f10, f15       x15=00000000 f10:3fe18643 f15:3fc90fdb
13757344ns          226403 1c0087aa 02079563 bne              x15, x0, 42         x15:00000000
13757364ns          226404 1c0087ac 1c0007b7 lui              x15, 0x1c000000     x15=1c000000
13757384ns          226405 1c0087b0 1007a783 lw               x15, 256(x15)       x15=40490fdb x15:1c000000  PA:1c000100
13757702ns          226421 1c0087b4 a0f51753 flt.s            x14, f10, f15       x14=00000001 f10:3fe18643 f15:40490fdb
13757722ns          226422 1c0087b8 06071f63 bne              x14, x0, 126        x14:00000001
13757802ns          226426 1c008836 08a7f553 fsub.s           f10, f15, f10       f10=xxxxxxxx f15:40490fdb f10:3fe18643
13757821ns          226427 1c00883a 10a57553 fmul.s           f10, f10, f10       f10=xxxxxxxx f10:3fb09973 f10:3fb09973
13757881ns          226430 1c00883e 1c0007b7 lui              x15, 0x1c000000     x15=1c000000
13757921ns          226432 1c008842 1c000737 lui              x14, 0x1c000000     x14=1c000000
13757941ns          226433 1c008846 13472703 lw               x14, 308(x14)       x14=bab59551 x14:1c000000  PA:1c000134
13758239ns          226448 1c00884a 1307a783 lw               x15, 304(x15)       x15=37c23ab1 x15:1c000000  PA:1c000130
13758557ns          226464 1c00884e 70f577c3 fmadd.s          f15, f10, f15, f14  f15=xxxxxxxx f10:3ff3a6b4 f15:37c23ab1 f14:bab59551
13758577ns          226465 1c008852 1c000737 lui              x14, 0x1c000000     x14=1c000000
13758597ns          226466 1c008856 13872703 lw               x14, 312(x14)       x14=3d2aa76f x14:1c000000  PA:1c000138
13758915ns          226482 1c00885a 70f577c3 fmadd.s          f15, f10, f15, f14  f15=xxxxxxxx f10:3ff3a6b4 f15:baafce6f f14:3d2aa76f
13758935ns          226483 1c00885e 1c000737 lui              x14, 0x1c000000     x14=1c000000
13758955ns          226484 1c008862 13c72703 lw               x14, 316(x14)       x14=beffffe0 x14:1c000000  PA:1c00013c
13759293ns          226501 1c008866 70f577c3 fmadd.s          f15, f10, f15, f14  f15=xxxxxxxx f10:3ff3a6b4 f15:3d203238 f14:beffffe0
13759313ns          226502 1c00886a 1c000737 lui              x14, 0x1c000000     x14=1c000000
13759333ns          226503 1c00886e 16872703 lw               x14, 360(x14)       x14=3f7fffff x14:1c000000  PA:1c000168
13759651ns          226519 1c008872 70f57543 fmadd.s          f10, f10, f15, f14  f10=xxxxxxxx f10:3ff3a6b4 f15:bed9e1e1 f14:3f7fffff
13759671ns          226520 1c008876 20a51553 fsgnjn.s         f10, f10, f10       f10=xxxxxxxx f10:3e4282d3 f10:3e4282d3
13759691ns          226521 1c00887a 00008067 jalr             x0, x1, 0            x1:1c0081de
13759751ns          226524 1c0081de 016a7a53 fadd.s           f20, f20, f22       f20=xxxxxxxx f20:40554b0f f22:3eaaa273
13759771ns          226525 1c0081e2 10acf553 fmul.s           f10, f25, f10       f10=xxxxxxxx f25:3f800000 f10:be4282d3
13759791ns          226526 1c0081e6 a14a97d3 flt.s            x15, f21, f20       x15=00000000 f21:40c90fdb f20:406a9f5d
13759811ns          226527 1c0081ea 00a4222b p.sw             x10, 4(x8!)          x8=100014d0 x10:be4282d3  x8:100014cc  PA:100014cc
13759830ns          226528 1c0081ee 00078363 beq              x15, x0, 6          x15:00000000
13759890ns          226531 1c0081f4 ff7412e3 bne              x8, x23, -28         x8:100014d0 x23:100017c8
13759950ns          226534 1c0081d8 094c7553 fsub.s           f10, f24, f20       f10=xxxxxxxx f24:3fc90fdb f20:406a9f5d
13759970ns          226535 1c0081dc 57c000ef jal              x1, 1404             x1=1c0081de
13760009ns          226537 1c008758 a0a527d3 feq.s            x15, f10, f10       x15=00000001 f10:c0061770 f10:c0061770
13760029ns          226538 1c00875c 0a078b63 beq              x15, x0, 182        x15:00000001
13760089ns          226541 1c00875e e00517d3 fclass.s         x15, f10            x15=00000002 f10:c0061770
13760129ns          226543 1c008762 0817f793 andi             x15, x15, 129       x15=00000000 x15:00000002
13760149ns          226544 1c008766 0a079663 bne              x15, x0, 172        x15:00000000
13760169ns          226545 1c008768 00000793 addi             x15, x0, 0          x15=00000000
13760188ns          226546 1c00876c a0f517d3 flt.s            x15, f10, f15       x15=00000001 f10:c0061770 f15:00000000
13760228ns          226548 1c008770 0a079663 bne              x15, x0, 172        x15:00000001
13760288ns          226551 1c00881c 1c0007b7 lui              x15, 0x1c000000     x15=1c000000
13760308ns          226552 1c008820 12c7a783 lw               x15, 300(x15)       x15=c0c90fdb x15:1c000000  PA:1c00012c
13760686ns          226571 1c008824 a0f517d3 flt.s            x15, f10, f15       x15=00000000 f10:c0061770 f15:c0c90fdb
13760706ns          226572 1c008828 00078463 beq              x15, x0, 8          x15:00000000
13760765ns          226575 1c008830 20a51553 fsgnjn.s         f10, f10, f10       f10=xxxxxxxx f10:c0061770 f10:c0061770
13760785ns          226576 1c008834 f6bff06f jal              x0, -150           
13760845ns          226579 1c00879e 1c0007b7 lui              x15, 0x1c000000     x15=1c000000
13760865ns          226580 1c0087a2 01c7a783 lw               x15, 28(x15)        x15=3fc90fdb x15:1c000000  PA:1c00001c
13761183ns          226596 1c0087a6 a0f517d3 flt.s            x15, f10, f15       x15=00000000 f10:40061770 f15:3fc90fdb
13761203ns          226597 1c0087aa 02079563 bne              x15, x0, 42         x15:00000000
13761223ns          226598 1c0087ac 1c0007b7 lui              x15, 0x1c000000     x15=1c000000
13761243ns          226599 1c0087b0 1007a783 lw               x15, 256(x15)       x15=40490fdb x15:1c000000  PA:1c000100
13761561ns          226615 1c0087b4 a0f51753 flt.s            x14, f10, f15       x14=00000001 f10:40061770 f15:40490fdb
13761581ns          226616 1c0087b8 06071f63 bne              x14, x0, 126        x14:00000001
13761660ns          226620 1c008836 08a7f553 fsub.s           f10, f15, f10       f10=xxxxxxxx f15:40490fdb f10:40061770
13761680ns          226621 1c00883a 10a57553 fmul.s           f10, f10, f10       f10=xxxxxxxx f10:3f85f0d6 f10:3f85f0d6
13761700ns          226622 1c00883e 1c0007b7 lui              x15, 0x1c000000     x15=1c000000
13761720ns          226623 1c008842 1c000737 lui              x14, 0x1c000000     x14=1c000000
13761740ns          226624 1c008846 13472703 lw               x14, 308(x14)       x14=bab59551 x14:1c000000  PA:1c000134
13762038ns          226639 1c00884a 1307a783 lw               x15, 304(x15)       x15=37c23ab1 x15:1c000000  PA:1c000130
13762357ns          226655 1c00884e 70f577c3 fmadd.s          f15, f10, f15, f14  f15=xxxxxxxx f10:3f8c2842 f15:37c23ab1 f14:bab59551
13762376ns          226656 1c008852 1c000737 lui              x14, 0x1c000000     x14=1c000000
13762396ns          226657 1c008856 13872703 lw               x14, 312(x14)       x14=3d2aa76f x14:1c000000  PA:1c000138
13762715ns          226673 1c00885a 70f577c3 fmadd.s          f15, f10, f15, f14  f15=xxxxxxxx f10:3f8c2842 f15:bab2429c f14:3d2aa76f
13762734ns          226674 1c00885e 1c000737 lui              x14, 0x1c000000     x14=1c000000
13762754ns          226675 1c008862 13c72703 lw               x14, 316(x14)       x14=beffffe0 x14:1c000000  PA:1c00013c
13763073ns          226691 1c008866 70f577c3 fmadd.s          f15, f10, f15, f14  f15=xxxxxxxx f10:3f8c2842 f15:3d248de8 f14:beffffe0
13763093ns          226692 1c00886a 1c000737 lui              x14, 0x1c000000     x14=1c000000
13763112ns          226693 1c00886e 16872703 lw               x14, 360(x14)       x14=3f7fffff x14:1c000000  PA:1c000168
13763431ns          226709 1c008872 70f57543 fmadd.s          f10, f10, f15, f14  f10=xxxxxxxx f10:3f8c2842 f15:bee97a01 f14:3f7fffff
13763451ns          226710 1c008876 20a51553 fsgnjn.s         f10, f10, f10       f10=xxxxxxxx f10:3f002c8f f10:3f002c8f
13763470ns          226711 1c00887a 00008067 jalr             x0, x1, 0            x1:1c0081de
13763530ns          226714 1c0081de 016a7a53 fadd.s           f20, f20, f22       f20=xxxxxxxx f20:406a9f5d f22:3eaaa273
13763550ns          226715 1c0081e2 10acf553 fmul.s           f10, f25, f10       f10=xxxxxxxx f25:3f800000 f10:bf002c8f
13763570ns          226716 1c0081e6 a14a97d3 flt.s            x15, f21, f20       x15=00000000 f21:40c90fdb f20:407ff3ab
13763590ns          226717 1c0081ea 00a4222b p.sw             x10, 4(x8!)          x8=100014d4 x10:bf002c8f  x8:100014d0  PA:100014d0
13763610ns          226718 1c0081ee 00078363 beq              x15, x0, 6          x15:00000000
13763689ns          226722 1c0081f4 ff7412e3 bne              x8, x23, -28         x8:100014d4 x23:100017c8
13763749ns          226725 1c0081d8 094c7553 fsub.s           f10, f24, f20       f10=xxxxxxxx f24:3fc90fdb f20:407ff3ab
13763769ns          226726 1c0081dc 57c000ef jal              x1, 1404             x1=1c0081de
13763809ns          226728 1c008758 a0a527d3 feq.s            x15, f10, f10       x15=00000001 f10:c01b6bbe f10:c01b6bbe
13763828ns          226729 1c00875c 0a078b63 beq              x15, x0, 182        x15:00000001
13763848ns          226730 1c00875e e00517d3 fclass.s         x15, f10            x15=00000002 f10:c01b6bbe
13763868ns          226731 1c008762 0817f793 andi             x15, x15, 129       x15=00000000 x15:00000002
13763888ns          226732 1c008766 0a079663 bne              x15, x0, 172        x15:00000000
13763908ns          226733 1c008768 00000793 addi             x15, x0, 0          x15=00000000
13763928ns          226734 1c00876c a0f517d3 flt.s            x15, f10, f15       x15=00000001 f10:c01b6bbe f15:00000000
13763948ns          226735 1c008770 0a079663 bne              x15, x0, 172        x15:00000001
13764007ns          226738 1c00881c 1c0007b7 lui              x15, 0x1c000000     x15=1c000000
13764027ns          226739 1c008820 12c7a783 lw               x15, 300(x15)       x15=c0c90fdb x15:1c000000  PA:1c00012c
13764346ns          226755 1c008824 a0f517d3 flt.s            x15, f10, f15       x15=00000000 f10:c01b6bbe f15:c0c90fdb
13764366ns          226756 1c008828 00078463 beq              x15, x0, 8          x15:00000000
13764425ns          226759 1c008830 20a51553 fsgnjn.s         f10, f10, f10       f10=xxxxxxxx f10:c01b6bbe f10:c01b6bbe
13764445ns          226760 1c008834 f6bff06f jal              x0, -150           
13764505ns          226763 1c00879e 1c0007b7 lui              x15, 0x1c000000     x15=1c000000
13764525ns          226764 1c0087a2 01c7a783 lw               x15, 28(x15)        x15=3fc90fdb x15:1c000000  PA:1c00001c
13764843ns          226780 1c0087a6 a0f517d3 flt.s            x15, f10, f15       x15=00000000 f10:401b6bbe f15:3fc90fdb
13764863ns          226781 1c0087aa 02079563 bne              x15, x0, 42         x15:00000000
13764883ns          226782 1c0087ac 1c0007b7 lui              x15, 0x1c000000     x15=1c000000
13764903ns          226783 1c0087b0 1007a783 lw               x15, 256(x15)       x15=40490fdb x15:1c000000  PA:1c000100
13765221ns          226799 1c0087b4 a0f51753 flt.s            x14, f10, f15       x14=00000001 f10:401b6bbe f15:40490fdb
13765241ns          226800 1c0087b8 06071f63 bne              x14, x0, 126        x14:00000001
13765320ns          226804 1c008836 08a7f553 fsub.s           f10, f15, f10       f10=xxxxxxxx f15:40490fdb f10:401b6bbe
13765340ns          226805 1c00883a 10a57553 fmul.s           f10, f10, f10       f10=xxxxxxxx f10:3f369074 f10:3f369074
13765360ns          226806 1c00883e 1c0007b7 lui              x15, 0x1c000000     x15=1c000000
13765380ns          226807 1c008842 1c000737 lui              x14, 0x1c000000     x14=1c000000
13765400ns          226808 1c008846 13472703 lw               x14, 308(x14)       x14=bab59551 x14:1c000000  PA:1c000134
13765698ns          226823 1c00884a 1307a783 lw               x15, 304(x15)       x15=37c23ab1 x15:1c000000  PA:1c000130
13766036ns          226840 1c00884e 70f577c3 fmadd.s          f15, f10, f15, f14  f15=xxxxxxxx f10:3f0231b6 f15:37c23ab1 f14:bab59551
13766056ns          226841 1c008852 1c000737 lui              x14, 0x1c000000     x14=1c000000
13766076ns          226842 1c008856 13872703 lw               x14, 312(x14)       x14=3d2aa76f x14:1c000000  PA:1c000138
13766394ns          226858 1c00885a 70f577c3 fmadd.s          f15, f10, f15, f14  f15=xxxxxxxx f10:3f0231b6 f15:bab40a33 f14:3d2aa76f
13766414ns          226859 1c00885e 1c000737 lui              x14, 0x1c000000     x14=1c000000
13766434ns          226860 1c008862 13c72703 lw               x14, 316(x14)       x14=beffffe0 x14:1c000000  PA:1c00013c
13766752ns          226876 1c008866 70f577c3 fmadd.s          f15, f10, f15, f14  f15=xxxxxxxx f10:3f0231b6 f15:3d27caee f14:beffffe0
13766772ns          226877 1c00886a 1c000737 lui              x14, 0x1c000000     x14=1c000000
13766792ns          226878 1c00886e 16872703 lw               x14, 360(x14)       x14=3f7fffff x14:1c000000  PA:1c000168
13767110ns          226894 1c008872 70f57543 fmadd.s          f10, f10, f15, f14  f10=xxxxxxxx f10:3f0231b6 f15:bef5552c f14:3f7fffff
13767130ns          226895 1c008876 20a51553 fsgnjn.s         f10, f10, f10       f10=xxxxxxxx f10:3f419d8d f10:3f419d8d
13767150ns          226896 1c00887a 00008067 jalr             x0, x1, 0            x1:1c0081de
13767210ns          226899 1c0081de 016a7a53 fadd.s           f20, f20, f22       f20=xxxxxxxx f20:407ff3ab f22:3eaaa273
13767230ns          226900 1c0081e2 10acf553 fmul.s           f10, f25, f10       f10=xxxxxxxx f25:3f800000 f10:bf419d8d
13767250ns          226901 1c0081e6 a14a97d3 flt.s            x15, f21, f20       x15=00000000 f21:40c90fdb f20:408aa3fd
13767270ns          226902 1c0081ea 00a4222b p.sw             x10, 4(x8!)          x8=100014d8 x10:bf419d8d  x8:100014d4  PA:100014d4
13767289ns          226903 1c0081ee 00078363 beq              x15, x0, 6          x15:00000000
13767349ns          226906 1c0081f4 ff7412e3 bne              x8, x23, -28         x8:100014d8 x23:100017c8
13767409ns          226909 1c0081d8 094c7553 fsub.s           f10, f24, f20       f10=xxxxxxxx f24:3fc90fdb f20:408aa3fd
13767429ns          226910 1c0081dc 57c000ef jal              x1, 1404             x1=1c0081de
13767468ns          226912 1c008758 a0a527d3 feq.s            x15, f10, f10       x15=00000001 f10:c030c00c f10:c030c00c
13767488ns          226913 1c00875c 0a078b63 beq              x15, x0, 182        x15:00000001
13767508ns          226914 1c00875e e00517d3 fclass.s         x15, f10            x15=00000002 f10:c030c00c
13767528ns          226915 1c008762 0817f793 andi             x15, x15, 129       x15=00000000 x15:00000002
13767548ns          226916 1c008766 0a079663 bne              x15, x0, 172        x15:00000000
13767568ns          226917 1c008768 00000793 addi             x15, x0, 0          x15=00000000
13767588ns          226918 1c00876c a0f517d3 flt.s            x15, f10, f15       x15=00000001 f10:c030c00c f15:00000000
13767608ns          226919 1c008770 0a079663 bne              x15, x0, 172        x15:00000001
13767667ns          226922 1c00881c 1c0007b7 lui              x15, 0x1c000000     x15=1c000000
13767687ns          226923 1c008820 12c7a783 lw               x15, 300(x15)       x15=c0c90fdb x15:1c000000  PA:1c00012c
13768006ns          226939 1c008824 a0f517d3 flt.s            x15, f10, f15       x15=00000000 f10:c030c00c f15:c0c90fdb
13768025ns          226940 1c008828 00078463 beq              x15, x0, 8          x15:00000000
13768085ns          226943 1c008830 20a51553 fsgnjn.s         f10, f10, f10       f10=xxxxxxxx f10:c030c00c f10:c030c00c
13768105ns          226944 1c008834 f6bff06f jal              x0, -150           
13768165ns          226947 1c00879e 1c0007b7 lui              x15, 0x1c000000     x15=1c000000
13768185ns          226948 1c0087a2 01c7a783 lw               x15, 28(x15)        x15=3fc90fdb x15:1c000000  PA:1c00001c
13768523ns          226965 1c0087a6 a0f517d3 flt.s            x15, f10, f15       x15=00000000 f10:4030c00c f15:3fc90fdb
13768543ns          226966 1c0087aa 02079563 bne              x15, x0, 42         x15:00000000
13768562ns          226967 1c0087ac 1c0007b7 lui              x15, 0x1c000000     x15=1c000000
13768582ns          226968 1c0087b0 1007a783 lw               x15, 256(x15)       x15=40490fdb x15:1c000000  PA:1c000100
13768940ns          226986 1c0087b4 a0f51753 flt.s            x14, f10, f15       x14=00000001 f10:4030c00c f15:40490fdb
13768960ns          226987 1c0087b8 06071f63 bne              x14, x0, 126        x14:00000001
13769040ns          226991 1c008836 08a7f553 fsub.s           f10, f15, f10       f10=xxxxxxxx f15:40490fdb f10:4030c00c
13769060ns          226992 1c00883a 10a57553 fmul.s           f10, f10, f10       f10=xxxxxxxx f10:3ec27e78 f10:3ec27e78
13769080ns          226993 1c00883e 1c0007b7 lui              x15, 0x1c000000     x15=1c000000
13769100ns          226994 1c008842 1c000737 lui              x14, 0x1c000000     x14=1c000000
13769119ns          226995 1c008846 13472703 lw               x14, 308(x14)       x14=bab59551 x14:1c000000  PA:1c000134
13769418ns          227010 1c00884a 1307a783 lw               x15, 304(x15)       x15=37c23ab1 x15:1c000000  PA:1c000130
13769736ns          227026 1c00884e 70f577c3 fmadd.s          f15, f10, f15, f14  f15=xxxxxxxx f10:3e13c3ec f15:37c23ab1 f14:bab59551
13769756ns          227027 1c008852 1c000737 lui              x14, 0x1c000000     x14=1c000000
13769776ns          227028 1c008856 13872703 lw               x14, 312(x14)       x14=3d2aa76f x14:1c000000  PA:1c000138
13770114ns          227045 1c00885a 70f577c3 fmadd.s          f15, f10, f15, f14  f15=xxxxxxxx f10:3e13c3ec f15:bab52535 f14:3d2aa76f
13770134ns          227046 1c00885e 1c000737 lui              x14, 0x1c000000     x14=1c000000
13770154ns          227047 1c008862 13c72703 lw               x14, 316(x14)       x14=beffffe0 x14:1c000000  PA:1c00013c
13770472ns          227063 1c008866 70f577c3 fmadd.s          f15, f10, f15, f14  f15=xxxxxxxx f10:3e13c3ec f15:3d29d651 f14:beffffe0
13770492ns          227064 1c00886a 1c000737 lui              x14, 0x1c000000     x14=1c000000
13770512ns          227065 1c00886e 16872703 lw               x14, 360(x14)       x14=3f7fffff x14:1c000000  PA:1c000168
13770830ns          227081 1c008872 70f57543 fmadd.s          f10, f10, f15, f14  f10=xxxxxxxx f10:3e13c3ec f15:befcefa0 f14:3f7fffff
13770850ns          227082 1c008876 20a51553 fsgnjn.s         f10, f10, f10       f10=xxxxxxxx f10:3f6dc019 f10:3f6dc019
13770870ns          227083 1c00887a 00008067 jalr             x0, x1, 0            x1:1c0081de
13770929ns          227086 1c0081de 016a7a53 fadd.s           f20, f20, f22       f20=xxxxxxxx f20:408aa3fd f22:3eaaa273
13770949ns          227087 1c0081e2 10acf553 fmul.s           f10, f25, f10       f10=xxxxxxxx f25:3f800000 f10:bf6dc019
13770969ns          227088 1c0081e6 a14a97d3 flt.s            x15, f21, f20       x15=00000000 f21:40c90fdb f20:40954e24
13770989ns          227089 1c0081ea 00a4222b p.sw             x10, 4(x8!)          x8=100014dc x10:bf6dc019  x8:100014d8  PA:100014d8
13771009ns          227090 1c0081ee 00078363 beq              x15, x0, 6          x15:00000000
13771069ns          227093 1c0081f4 ff7412e3 bne              x8, x23, -28         x8:100014dc x23:100017c8
13771128ns          227096 1c0081d8 094c7553 fsub.s           f10, f24, f20       f10=xxxxxxxx f24:3fc90fdb f20:40954e24
13771148ns          227097 1c0081dc 57c000ef jal              x1, 1404             x1=1c0081de
13771188ns          227099 1c008758 a0a527d3 feq.s            x15, f10, f10       x15=00000001 f10:c046145a f10:c046145a
13771208ns          227100 1c00875c 0a078b63 beq              x15, x0, 182        x15:00000001
13771228ns          227101 1c00875e e00517d3 fclass.s         x15, f10            x15=00000002 f10:c046145a
13771248ns          227102 1c008762 0817f793 andi             x15, x15, 129       x15=00000000 x15:00000002
13771268ns          227103 1c008766 0a079663 bne              x15, x0, 172        x15:00000000
13771288ns          227104 1c008768 00000793 addi             x15, x0, 0          x15=00000000
13771307ns          227105 1c00876c a0f517d3 flt.s            x15, f10, f15       x15=00000001 f10:c046145a f15:00000000
13771327ns          227106 1c008770 0a079663 bne              x15, x0, 172        x15:00000001
13771387ns          227109 1c00881c 1c0007b7 lui              x15, 0x1c000000     x15=1c000000
13771407ns          227110 1c008820 12c7a783 lw               x15, 300(x15)       x15=c0c90fdb x15:1c000000  PA:1c00012c
13771745ns          227127 1c008824 a0f517d3 flt.s            x15, f10, f15       x15=00000000 f10:c046145a f15:c0c90fdb
13771765ns          227128 1c008828 00078463 beq              x15, x0, 8          x15:00000000
13771825ns          227131 1c008830 20a51553 fsgnjn.s         f10, f10, f10       f10=xxxxxxxx f10:c046145a f10:c046145a
13771844ns          227132 1c008834 f6bff06f jal              x0, -150           
13771904ns          227135 1c00879e 1c0007b7 lui              x15, 0x1c000000     x15=1c000000
13771924ns          227136 1c0087a2 01c7a783 lw               x15, 28(x15)        x15=3fc90fdb x15:1c000000  PA:1c00001c
13772242ns          227152 1c0087a6 a0f517d3 flt.s            x15, f10, f15       x15=00000000 f10:4046145a f15:3fc90fdb
13772262ns          227153 1c0087aa 02079563 bne              x15, x0, 42         x15:00000000
13772282ns          227154 1c0087ac 1c0007b7 lui              x15, 0x1c000000     x15=1c000000
13772302ns          227155 1c0087b0 1007a783 lw               x15, 256(x15)       x15=40490fdb x15:1c000000  PA:1c000100
13772640ns          227172 1c0087b4 a0f51753 flt.s            x14, f10, f15       x14=00000001 f10:4046145a f15:40490fdb
13772660ns          227173 1c0087b8 06071f63 bne              x14, x0, 126        x14:00000001
13772740ns          227177 1c008836 08a7f553 fsub.s           f10, f15, f10       f10=xxxxxxxx f15:40490fdb f10:4046145a
13772759ns          227178 1c00883a 10a57553 fmul.s           f10, f10, f10       f10=xxxxxxxx f10:3d3ee040 f10:3d3ee040
13772779ns          227179 1c00883e 1c0007b7 lui              x15, 0x1c000000     x15=1c000000
13772799ns          227180 1c008842 1c000737 lui              x14, 0x1c000000     x14=1c000000
13772819ns          227181 1c008846 13472703 lw               x14, 308(x14)       x14=bab59551 x14:1c000000  PA:1c000134
13773117ns          227196 1c00884a 1307a783 lw               x15, 304(x15)       x15=37c23ab1 x15:1c000000  PA:1c000130
13773436ns          227212 1c00884e 70f577c3 fmadd.s          f15, f10, f15, f14  f15=xxxxxxxx f10:3b0e51a3 f15:37c23ab1 f14:bab59551
13773456ns          227213 1c008852 1c000737 lui              x14, 0x1c000000     x14=1c000000
13773475ns          227214 1c008856 13872703 lw               x14, 312(x14)       x14=3d2aa76f x14:1c000000  PA:1c000138
13773794ns          227230 1c00885a 70f577c3 fmadd.s          f15, f10, f15, f14  f15=xxxxxxxx f10:3b0e51a3 f15:bab593a1 f14:3d2aa76f
13773814ns          227231 1c00885e 1c000737 lui              x14, 0x1c000000     x14=1c000000
13773834ns          227232 1c008862 13c72703 lw               x14, 316(x14)       x14=beffffe0 x14:1c000000  PA:1c00013c
13774152ns          227248 1c008866 70f577c3 fmadd.s          f15, f10, f15, f14  f15=xxxxxxxx f10:3b0e51a3 f15:3d2aa447 f14:beffffe0
13774172ns          227249 1c00886a 1c000737 lui              x14, 0x1c000000     x14=1c000000
13774192ns          227250 1c00886e 16872703 lw               x14, 360(x14)       x14=3f7fffff x14:1c000000  PA:1c000168
13774510ns          227266 1c008872 70f57543 fmadd.s          f10, f10, f15, f14  f10=xxxxxxxx f10:3b0e51a3 f15:befff404 f14:3f7fffff
13774530ns          227267 1c008876 20a51553 fsgnjn.s         f10, f10, f10       f10=xxxxxxxx f10:3f7fb8da f10:3f7fb8da
13774550ns          227268 1c00887a 00008067 jalr             x0, x1, 0            x1:1c0081de
13774609ns          227271 1c0081de 016a7a53 fadd.s           f20, f20, f22       f20=xxxxxxxx f20:40954e24 f22:3eaaa273
13774629ns          227272 1c0081e2 10acf553 fmul.s           f10, f25, f10       f10=xxxxxxxx f25:3f800000 f10:bf7fb8da
13774649ns          227273 1c0081e6 a14a97d3 flt.s            x15, f21, f20       x15=00000000 f21:40c90fdb f20:409ff84b
13774669ns          227274 1c0081ea 00a4222b p.sw             x10, 4(x8!)          x8=100014e0 x10:bf7fb8da  x8:100014dc  PA:100014dc
13774689ns          227275 1c0081ee 00078363 beq              x15, x0, 6          x15:00000000
13774748ns          227278 1c0081f4 ff7412e3 bne              x8, x23, -28         x8:100014e0 x23:100017c8
13774808ns          227281 1c0081d8 094c7553 fsub.s           f10, f24, f20       f10=xxxxxxxx f24:3fc90fdb f20:409ff84b
13774828ns          227282 1c0081dc 57c000ef jal              x1, 1404             x1=1c0081de
13774868ns          227284 1c008758 a0a527d3 feq.s            x15, f10, f10       x15=00000001 f10:c05b68a8 f10:c05b68a8
13774888ns          227285 1c00875c 0a078b63 beq              x15, x0, 182        x15:00000001
13774908ns          227286 1c00875e e00517d3 fclass.s         x15, f10            x15=00000002 f10:c05b68a8
13774928ns          227287 1c008762 0817f793 andi             x15, x15, 129       x15=00000000 x15:00000002
13774947ns          227288 1c008766 0a079663 bne              x15, x0, 172        x15:00000000
13774967ns          227289 1c008768 00000793 addi             x15, x0, 0          x15=00000000
13774987ns          227290 1c00876c a0f517d3 flt.s            x15, f10, f15       x15=00000001 f10:c05b68a8 f15:00000000
13775007ns          227291 1c008770 0a079663 bne              x15, x0, 172        x15:00000001
13775067ns          227294 1c00881c 1c0007b7 lui              x15, 0x1c000000     x15=1c000000
13775087ns          227295 1c008820 12c7a783 lw               x15, 300(x15)       x15=c0c90fdb x15:1c000000  PA:1c00012c
13775465ns          227314 1c008824 a0f517d3 flt.s            x15, f10, f15       x15=00000000 f10:c05b68a8 f15:c0c90fdb
13775484ns          227315 1c008828 00078463 beq              x15, x0, 8          x15:00000000
13775544ns          227318 1c008830 20a51553 fsgnjn.s         f10, f10, f10       f10=xxxxxxxx f10:c05b68a8 f10:c05b68a8
13775564ns          227319 1c008834 f6bff06f jal              x0, -150           
13775624ns          227322 1c00879e 1c0007b7 lui              x15, 0x1c000000     x15=1c000000
13775644ns          227323 1c0087a2 01c7a783 lw               x15, 28(x15)        x15=3fc90fdb x15:1c000000  PA:1c00001c
13775962ns          227339 1c0087a6 a0f517d3 flt.s            x15, f10, f15       x15=00000000 f10:405b68a8 f15:3fc90fdb
13775982ns          227340 1c0087aa 02079563 bne              x15, x0, 42         x15:00000000
13776002ns          227341 1c0087ac 1c0007b7 lui              x15, 0x1c000000     x15=1c000000
13776022ns          227342 1c0087b0 1007a783 lw               x15, 256(x15)       x15=40490fdb x15:1c000000  PA:1c000100
13776340ns          227358 1c0087b4 a0f51753 flt.s            x14, f10, f15       x14=00000000 f10:405b68a8 f15:40490fdb
13776360ns          227359 1c0087b8 06071f63 bne              x14, x0, 126        x14:00000000
13776380ns          227360 1c0087ba 1c000737 lui              x14, 0x1c000000     x14=1c000000
13776399ns          227361 1c0087be 14072703 lw               x14, 320(x14)       x14=4096cbe4 x14:1c000000  PA:1c000140
13776738ns          227378 1c0087c2 a0e51753 flt.s            x14, f10, f14       x14=00000001 f10:405b68a8 f14:4096cbe4
13776757ns          227379 1c0087c6 0a071b63 bne              x14, x0, 182        x14:00000001
13776817ns          227382 1c00887c 08f57553 fsub.s           f10, f10, f15       f10=xxxxxxxx f10:405b68a8 f15:40490fdb
13776837ns          227383 1c008880 fbbff06f jal              x0, -70            
13776897ns          227386 1c00883a 10a57553 fmul.s           f10, f10, f10       f10=xxxxxxxx f10:3e92c668 f10:3e92c668
13776917ns          227387 1c00883e 1c0007b7 lui              x15, 0x1c000000     x15=1c000000
13776936ns          227388 1c008842 1c000737 lui              x14, 0x1c000000     x14=1c000000
13776956ns          227389 1c008846 13472703 lw               x14, 308(x14)       x14=bab59551 x14:1c000000  PA:1c000134
13777255ns          227404 1c00884a 1307a783 lw               x15, 304(x15)       x15=37c23ab1 x15:1c000000  PA:1c000130
13777573ns          227420 1c00884e 70f577c3 fmadd.s          f15, f10, f15, f14  f15=xxxxxxxx f10:3da84dd1 f15:37c23ab1 f14:bab59551
13777593ns          227421 1c008852 1c000737 lui              x14, 0x1c000000     x14=1c000000
13777613ns          227422 1c008856 13872703 lw               x14, 312(x14)       x14=3d2aa76f x14:1c000000  PA:1c000138
13777951ns          227439 1c00885a 70f577c3 fmadd.s          f15, f10, f15, f14  f15=xxxxxxxx f10:3da84dd1 f15:bab55578 f14:3d2aa76f
13777971ns          227440 1c00885e 1c000737 lui              x14, 0x1c000000     x14=1c000000
13777991ns          227441 1c008862 13c72703 lw               x14, 316(x14)       x14=beffffe0 x14:1c000000  PA:1c00013c
13778309ns          227457 1c008866 70f577c3 fmadd.s          f15, f10, f15, f14  f15=xxxxxxxx f10:3da84dd1 f15:3d2a3038 f14:beffffe0
13778329ns          227458 1c00886a 1c000737 lui              x14, 0x1c000000     x14=1c000000
13778349ns          227459 1c00886e 16872703 lw               x14, 360(x14)       x14=3f7fffff x14:1c000000  PA:1c000168
13778667ns          227475 1c008872 70f57543 fmadd.s          f10, f10, f15, f14  f10=xxxxxxxx f10:3da84dd1 f15:befe4052 f14:3f7fffff
13778687ns          227476 1c008876 20a51553 fsgnjn.s         f10, f10, f10       f10=xxxxxxxx f10:3f758d87 f10:3f758d87
13778707ns          227477 1c00887a 00008067 jalr             x0, x1, 0            x1:1c0081de
13778766ns          227480 1c0081de 016a7a53 fadd.s           f20, f20, f22       f20=xxxxxxxx f20:409ff84b f22:3eaaa273
13778786ns          227481 1c0081e2 10acf553 fmul.s           f10, f25, f10       f10=xxxxxxxx f25:3f800000 f10:bf758d87
13778806ns          227482 1c0081e6 a14a97d3 flt.s            x15, f21, f20       x15=00000000 f21:40c90fdb f20:40aaa272
13778826ns          227483 1c0081ea 00a4222b p.sw             x10, 4(x8!)          x8=100014e4 x10:bf758d87  x8:100014e0  PA:100014e0
13778846ns          227484 1c0081ee 00078363 beq              x15, x0, 6          x15:00000000
13778906ns          227487 1c0081f4 ff7412e3 bne              x8, x23, -28         x8:100014e4 x23:100017c8
13778965ns          227490 1c0081d8 094c7553 fsub.s           f10, f24, f20       f10=xxxxxxxx f24:3fc90fdb f20:40aaa272
13778985ns          227491 1c0081dc 57c000ef jal              x1, 1404             x1=1c0081de
13779025ns          227493 1c008758 a0a527d3 feq.s            x15, f10, f10       x15=00000001 f10:c070bcf6 f10:c070bcf6
13779045ns          227494 1c00875c 0a078b63 beq              x15, x0, 182        x15:00000001
13779065ns          227495 1c00875e e00517d3 fclass.s         x15, f10            x15=00000002 f10:c070bcf6
13779085ns          227496 1c008762 0817f793 andi             x15, x15, 129       x15=00000000 x15:00000002
13779105ns          227497 1c008766 0a079663 bne              x15, x0, 172        x15:00000000
13779124ns          227498 1c008768 00000793 addi             x15, x0, 0          x15=00000000
13779144ns          227499 1c00876c a0f517d3 flt.s            x15, f10, f15       x15=00000001 f10:c070bcf6 f15:00000000
13779164ns          227500 1c008770 0a079663 bne              x15, x0, 172        x15:00000001
13779224ns          227503 1c00881c 1c0007b7 lui              x15, 0x1c000000     x15=1c000000
13779244ns          227504 1c008820 12c7a783 lw               x15, 300(x15)       x15=c0c90fdb x15:1c000000  PA:1c00012c
13779582ns          227521 1c008824 a0f517d3 flt.s            x15, f10, f15       x15=00000000 f10:c070bcf6 f15:c0c90fdb
13779602ns          227522 1c008828 00078463 beq              x15, x0, 8          x15:00000000
13779662ns          227525 1c008830 20a51553 fsgnjn.s         f10, f10, f10       f10=xxxxxxxx f10:c070bcf6 f10:c070bcf6
13779681ns          227526 1c008834 f6bff06f jal              x0, -150           
13779741ns          227529 1c00879e 1c0007b7 lui              x15, 0x1c000000     x15=1c000000
13779761ns          227530 1c0087a2 01c7a783 lw               x15, 28(x15)        x15=3fc90fdb x15:1c000000  PA:1c00001c
13780079ns          227546 1c0087a6 a0f517d3 flt.s            x15, f10, f15       x15=00000000 f10:4070bcf6 f15:3fc90fdb
13780099ns          227547 1c0087aa 02079563 bne              x15, x0, 42         x15:00000000
13780119ns          227548 1c0087ac 1c0007b7 lui              x15, 0x1c000000     x15=1c000000
13780139ns          227549 1c0087b0 1007a783 lw               x15, 256(x15)       x15=40490fdb x15:1c000000  PA:1c000100
13780477ns          227566 1c0087b4 a0f51753 flt.s            x14, f10, f15       x14=00000000 f10:4070bcf6 f15:40490fdb
13780497ns          227567 1c0087b8 06071f63 bne              x14, x0, 126        x14:00000000
13780517ns          227568 1c0087ba 1c000737 lui              x14, 0x1c000000     x14=1c000000
13780537ns          227569 1c0087be 14072703 lw               x14, 320(x14)       x14=4096cbe4 x14:1c000000  PA:1c000140
13780855ns          227585 1c0087c2 a0e51753 flt.s            x14, f10, f14       x14=00000001 f10:4070bcf6 f14:4096cbe4
13780875ns          227586 1c0087c6 0a071b63 bne              x14, x0, 182        x14:00000001
13780935ns          227589 1c00887c 08f57553 fsub.s           f10, f10, f15       f10=xxxxxxxx f10:4070bcf6 f15:40490fdb
13780954ns          227590 1c008880 fbbff06f jal              x0, -70            
13781014ns          227593 1c00883a 10a57553 fmul.s           f10, f10, f10       f10=xxxxxxxx f10:3f1eb46c f10:3f1eb46c
13781034ns          227594 1c00883e 1c0007b7 lui              x15, 0x1c000000     x15=1c000000
13781054ns          227595 1c008842 1c000737 lui              x14, 0x1c000000     x14=1c000000
13781074ns          227596 1c008846 13472703 lw               x14, 308(x14)       x14=bab59551 x14:1c000000  PA:1c000134
13781372ns          227611 1c00884a 1307a783 lw               x15, 304(x15)       x15=37c23ab1 x15:1c000000  PA:1c000130
13781690ns          227627 1c00884e 70f577c3 fmadd.s          f15, f10, f15, f14  f15=xxxxxxxx f10:3ec4c669 f15:37c23ab1 f14:bab59551
13781710ns          227628 1c008852 1c000737 lui              x14, 0x1c000000     x14=1c000000
13781730ns          227629 1c008856 13872703 lw               x14, 312(x14)       x14=3d2aa76f x14:1c000000  PA:1c000138
13782048ns          227645 1c00885a 70f577c3 fmadd.s          f15, f10, f15, f14  f15=xxxxxxxx f10:3ec4c669 f15:bab46aba f14:3d2aa76f
13782068ns          227646 1c00885e 1c000737 lui              x14, 0x1c000000     x14=1c000000
13782088ns          227647 1c008862 13c72703 lw               x14, 316(x14)       x14=beffffe0 x14:1c000000  PA:1c00013c
13782426ns          227664 1c008866 70f577c3 fmadd.s          f15, f10, f15, f14  f15=xxxxxxxx f10:3ec4c669 f15:3d287cb9 f14:beffffe0
13782446ns          227665 1c00886a 1c000737 lui              x14, 0x1c000000     x14=1c000000
13782466ns          227666 1c00886e 16872703 lw               x14, 360(x14)       x14=3f7fffff x14:1c000000  PA:1c000168
13782784ns          227682 1c008872 70f57543 fmadd.s          f10, f10, f15, f14  f10=xxxxxxxx f10:3ec4c669 f15:bef7e7bf f14:3f7fffff
13782804ns          227683 1c008876 20a51553 fsgnjn.s         f10, f10, f10       f10=xxxxxxxx f10:3f505c9b f10:3f505c9b
13782824ns          227684 1c00887a 00008067 jalr             x0, x1, 0            x1:1c0081de
13782884ns          227687 1c0081de 016a7a53 fadd.s           f20, f20, f22       f20=xxxxxxxx f20:40aaa272 f22:3eaaa273
13782904ns          227688 1c0081e2 10acf553 fmul.s           f10, f25, f10       f10=xxxxxxxx f25:3f800000 f10:bf505c9b
13782924ns          227689 1c0081e6 a14a97d3 flt.s            x15, f21, f20       x15=00000000 f21:40c90fdb f20:40b54c99
13782943ns          227690 1c0081ea 00a4222b p.sw             x10, 4(x8!)          x8=100014e8 x10:bf505c9b  x8:100014e4  PA:100014e4
13782963ns          227691 1c0081ee 00078363 beq              x15, x0, 6          x15:00000000
13783023ns          227694 1c0081f4 ff7412e3 bne              x8, x23, -28         x8:100014e8 x23:100017c8
13783083ns          227697 1c0081d8 094c7553 fsub.s           f10, f24, f20       f10=xxxxxxxx f24:3fc90fdb f20:40b54c99
13783103ns          227698 1c0081dc 57c000ef jal              x1, 1404             x1=1c0081de
13783142ns          227700 1c008758 a0a527d3 feq.s            x15, f10, f10       x15=00000001 f10:c08308a2 f10:c08308a2
13783162ns          227701 1c00875c 0a078b63 beq              x15, x0, 182        x15:00000001
13783182ns          227702 1c00875e e00517d3 fclass.s         x15, f10            x15=00000002 f10:c08308a2
13783202ns          227703 1c008762 0817f793 andi             x15, x15, 129       x15=00000000 x15:00000002
13783222ns          227704 1c008766 0a079663 bne              x15, x0, 172        x15:00000000
13783242ns          227705 1c008768 00000793 addi             x15, x0, 0          x15=00000000
13783262ns          227706 1c00876c a0f517d3 flt.s            x15, f10, f15       x15=00000001 f10:c08308a2 f15:00000000
13783282ns          227707 1c008770 0a079663 bne              x15, x0, 172        x15:00000001
13783341ns          227710 1c00881c 1c0007b7 lui              x15, 0x1c000000     x15=1c000000
13783361ns          227711 1c008820 12c7a783 lw               x15, 300(x15)       x15=c0c90fdb x15:1c000000  PA:1c00012c
13783679ns          227727 1c008824 a0f517d3 flt.s            x15, f10, f15       x15=00000000 f10:c08308a2 f15:c0c90fdb
13783699ns          227728 1c008828 00078463 beq              x15, x0, 8          x15:00000000
13783759ns          227731 1c008830 20a51553 fsgnjn.s         f10, f10, f10       f10=xxxxxxxx f10:c08308a2 f10:c08308a2
13783779ns          227732 1c008834 f6bff06f jal              x0, -150           
13783839ns          227735 1c00879e 1c0007b7 lui              x15, 0x1c000000     x15=1c000000
13783858ns          227736 1c0087a2 01c7a783 lw               x15, 28(x15)        x15=3fc90fdb x15:1c000000  PA:1c00001c
13784177ns          227752 1c0087a6 a0f517d3 flt.s            x15, f10, f15       x15=00000000 f10:408308a2 f15:3fc90fdb
13784197ns          227753 1c0087aa 02079563 bne              x15, x0, 42         x15:00000000
13784216ns          227754 1c0087ac 1c0007b7 lui              x15, 0x1c000000     x15=1c000000
13784236ns          227755 1c0087b0 1007a783 lw               x15, 256(x15)       x15=40490fdb x15:1c000000  PA:1c000100
13784594ns          227773 1c0087b4 a0f51753 flt.s            x14, f10, f15       x14=00000000 f10:408308a2 f15:40490fdb
13784614ns          227774 1c0087b8 06071f63 bne              x14, x0, 126        x14:00000000
13784634ns          227775 1c0087ba 1c000737 lui              x14, 0x1c000000     x14=1c000000
13784654ns          227776 1c0087be 14072703 lw               x14, 320(x14)       x14=4096cbe4 x14:1c000000  PA:1c000140
13784972ns          227792 1c0087c2 a0e51753 flt.s            x14, f10, f14       x14=00000001 f10:408308a2 f14:4096cbe4
13784992ns          227793 1c0087c6 0a071b63 bne              x14, x0, 182        x14:00000001
13785052ns          227796 1c00887c 08f57553 fsub.s           f10, f10, f15       f10=xxxxxxxx f10:408308a2 f15:40490fdb
13785072ns          227797 1c008880 fbbff06f jal              x0, -70            
13785131ns          227800 1c00883a 10a57553 fmul.s           f10, f10, f10       f10=xxxxxxxx f10:3f7405a4 f10:3f7405a4
13785151ns          227801 1c00883e 1c0007b7 lui              x15, 0x1c000000     x15=1c000000
13785171ns          227802 1c008842 1c000737 lui              x14, 0x1c000000     x14=1c000000
13785191ns          227803 1c008846 13472703 lw               x14, 308(x14)       x14=bab59551 x14:1c000000  PA:1c000134
13785490ns          227818 1c00884a 1307a783 lw               x15, 304(x15)       x15=37c23ab1 x15:1c000000  PA:1c000130
13785808ns          227834 1c00884e 70f577c3 fmadd.s          f15, f10, f15, f14  f15=xxxxxxxx f10:3f689ac1 f15:37c23ab1 f14:bab59551
13785828ns          227835 1c008852 1c000737 lui              x14, 0x1c000000     x14=1c000000
13785848ns          227836 1c008856 13872703 lw               x14, 312(x14)       x14=3d2aa76f x14:1c000000  PA:1c000138
13786166ns          227852 1c00885a 70f577c3 fmadd.s          f15, f10, f15, f14  f15=xxxxxxxx f10:3f689ac1 f15:bab2d367 f14:3d2aa76f
13786186ns          227853 1c00885e 1c000737 lui              x14, 0x1c000000     x14=1c000000
13786206ns          227854 1c008862 13c72703 lw               x14, 316(x14)       x14=beffffe0 x14:1c000000  PA:1c00013c
13786524ns          227870 1c008866 70f577c3 fmadd.s          f15, f10, f15, f14  f15=xxxxxxxx f10:3f689ac1 f15:3d259392 f14:beffffe0
13786544ns          227871 1c00886a 1c000737 lui              x14, 0x1c000000     x14=1c000000
13786564ns          227872 1c00886e 16872703 lw               x14, 360(x14)       x14=3f7fffff x14:1c000000  PA:1c000168
13786902ns          227889 1c008872 70f57543 fmadd.s          f10, f10, f15, f14  f10=xxxxxxxx f10:3f689ac1 f15:beed31a6 f14:3f7fffff
13786922ns          227890 1c008876 20a51553 fsgnjn.s         f10, f10, f10       f10=xxxxxxxx f10:3f143dce f10:3f143dce
13786942ns          227891 1c00887a 00008067 jalr             x0, x1, 0            x1:1c0081de
13787001ns          227894 1c0081de 016a7a53 fadd.s           f20, f20, f22       f20=xxxxxxxx f20:40b54c99 f22:3eaaa273
13787021ns          227895 1c0081e2 10acf553 fmul.s           f10, f25, f10       f10=xxxxxxxx f25:3f800000 f10:bf143dce
13787041ns          227896 1c0081e6 a14a97d3 flt.s            x15, f21, f20       x15=00000000 f21:40c90fdb f20:40bff6c0
13787061ns          227897 1c0081ea 00a4222b p.sw             x10, 4(x8!)          x8=100014ec x10:bf143dce  x8:100014e8  PA:100014e8
13787081ns          227898 1c0081ee 00078363 beq              x15, x0, 6          x15:00000000
13787140ns          227901 1c0081f4 ff7412e3 bne              x8, x23, -28         x8:100014ec x23:100017c8
13787200ns          227904 1c0081d8 094c7553 fsub.s           f10, f24, f20       f10=xxxxxxxx f24:3fc90fdb f20:40bff6c0
13787220ns          227905 1c0081dc 57c000ef jal              x1, 1404             x1=1c0081de
13787260ns          227907 1c008758 a0a527d3 feq.s            x15, f10, f10       x15=00000001 f10:c08db2c9 f10:c08db2c9
13787280ns          227908 1c00875c 0a078b63 beq              x15, x0, 182        x15:00000001
13787300ns          227909 1c00875e e00517d3 fclass.s         x15, f10            x15=00000002 f10:c08db2c9
13787319ns          227910 1c008762 0817f793 andi             x15, x15, 129       x15=00000000 x15:00000002
13787339ns          227911 1c008766 0a079663 bne              x15, x0, 172        x15:00000000
13787359ns          227912 1c008768 00000793 addi             x15, x0, 0          x15=00000000
13787379ns          227913 1c00876c a0f517d3 flt.s            x15, f10, f15       x15=00000001 f10:c08db2c9 f15:00000000
13787399ns          227914 1c008770 0a079663 bne              x15, x0, 172        x15:00000001
13787459ns          227917 1c00881c 1c0007b7 lui              x15, 0x1c000000     x15=1c000000
13787479ns          227918 1c008820 12c7a783 lw               x15, 300(x15)       x15=c0c90fdb x15:1c000000  PA:1c00012c
13787817ns          227935 1c008824 a0f517d3 flt.s            x15, f10, f15       x15=00000000 f10:c08db2c9 f15:c0c90fdb
13787837ns          227936 1c008828 00078463 beq              x15, x0, 8          x15:00000000
13787896ns          227939 1c008830 20a51553 fsgnjn.s         f10, f10, f10       f10=xxxxxxxx f10:c08db2c9 f10:c08db2c9
13787916ns          227940 1c008834 f6bff06f jal              x0, -150           
13787976ns          227943 1c00879e 1c0007b7 lui              x15, 0x1c000000     x15=1c000000
13787996ns          227944 1c0087a2 01c7a783 lw               x15, 28(x15)        x15=3fc90fdb x15:1c000000  PA:1c00001c
13788314ns          227960 1c0087a6 a0f517d3 flt.s            x15, f10, f15       x15=00000000 f10:408db2c9 f15:3fc90fdb
13788334ns          227961 1c0087aa 02079563 bne              x15, x0, 42         x15:00000000
13788354ns          227962 1c0087ac 1c0007b7 lui              x15, 0x1c000000     x15=1c000000
13788374ns          227963 1c0087b0 1007a783 lw               x15, 256(x15)       x15=40490fdb x15:1c000000  PA:1c000100
13788712ns          227980 1c0087b4 a0f51753 flt.s            x14, f10, f15       x14=00000000 f10:408db2c9 f15:40490fdb
13788732ns          227981 1c0087b8 06071f63 bne              x14, x0, 126        x14:00000000
13788752ns          227982 1c0087ba 1c000737 lui              x14, 0x1c000000     x14=1c000000
13788771ns          227983 1c0087be 14072703 lw               x14, 320(x14)       x14=4096cbe4 x14:1c000000  PA:1c000140
13789110ns          228000 1c0087c2 a0e51753 flt.s            x14, f10, f14       x14=00000001 f10:408db2c9 f14:4096cbe4
13789130ns          228001 1c0087c6 0a071b63 bne              x14, x0, 182        x14:00000001
13789189ns          228004 1c00887c 08f57553 fsub.s           f10, f10, f15       f10=xxxxxxxx f10:408db2c9 f15:40490fdb
13789209ns          228005 1c008880 fbbff06f jal              x0, -70            
13789269ns          228008 1c00883a 10a57553 fmul.s           f10, f10, f10       f10=xxxxxxxx f10:3fa4ab6e f10:3fa4ab6e
13789289ns          228009 1c00883e 1c0007b7 lui              x15, 0x1c000000     x15=1c000000
13789309ns          228010 1c008842 1c000737 lui              x14, 0x1c000000     x14=1c000000
13789328ns          228011 1c008846 13472703 lw               x14, 308(x14)       x14=bab59551 x14:1c000000  PA:1c000134
13789647ns          228027 1c00884a 1307a783 lw               x15, 304(x15)       x15=37c23ab1 x15:1c000000  PA:1c000130
13789985ns          228044 1c00884e 70f577c3 fmadd.s          f15, f10, f15, f14  f15=xxxxxxxx f10:3fd3d82f f15:37c23ab1 f14:bab59551
13790005ns          228045 1c008852 1c000737 lui              x14, 0x1c000000     x14=1c000000
13790025ns          228046 1c008856 13872703 lw               x14, 312(x14)       x14=3d2aa76f x14:1c000000  PA:1c000138
13790383ns          228064 1c00885a 70f577c3 fmadd.s          f15, f10, f15, f14  f15=xxxxxxxx f10:3fd3d82f f15:bab08f7e f14:3d2aa76f
13790403ns          228065 1c00885e 1c000737 lui              x14, 0x1c000000     x14=1c000000
13790422ns          228066 1c008862 13c72703 lw               x14, 316(x14)       x14=beffffe0 x14:1c000000  PA:1c00013c
13790741ns          228082 1c008866 70f577c3 fmadd.s          f15, f10, f15, f14  f15=xxxxxxxx f10:3fd3d82f f15:3d2185b9 f14:beffffe0
13790761ns          228083 1c00886a 1c000737 lui              x14, 0x1c000000     x14=1c000000
13790780ns          228084 1c00886e 16872703 lw               x14, 360(x14)       x14=3f7fffff x14:1c000000  PA:1c000168
13791099ns          228100 1c008872 70f57543 fmadd.s          f10, f10, f15, f14  f10=xxxxxxxx f10:3fd3d82f f15:bede9579 f14:3f7fffff
13791119ns          228101 1c008876 20a51553 fsgnjn.s         f10, f10, f10       f10=xxxxxxxx f10:3e8f9dab f10:3e8f9dab
13791138ns          228102 1c00887a 00008067 jalr             x0, x1, 0            x1:1c0081de
13791198ns          228105 1c0081de 016a7a53 fadd.s           f20, f20, f22       f20=xxxxxxxx f20:40bff6c0 f22:3eaaa273
13791218ns          228106 1c0081e2 10acf553 fmul.s           f10, f25, f10       f10=xxxxxxxx f25:3f800000 f10:be8f9dab
13791238ns          228107 1c0081e6 a14a97d3 flt.s            x15, f21, f20       x15=00000001 f21:40c90fdb f20:40caa0e7
13791258ns          228108 1c0081ea 00a4222b p.sw             x10, 4(x8!)          x8=100014f0 x10:be8f9dab  x8:100014ec  PA:100014ec
13791278ns          228109 1c0081ee 00078363 beq              x15, x0, 6          x15:00000001
13791298ns          228110 1c0081f0 095a7a53 fsub.s           f20, f20, f21       f20=xxxxxxxx f20:40caa0e7 f21:40c90fdb
13791317ns          228111 1c0081f4 ff7412e3 bne              x8, x23, -28         x8:100014f0 x23:100017c8
13791437ns          228117 1c0081d8 094c7553 fsub.s           f10, f24, f20       f10=xxxxxxxx f24:3fc90fdb f20:3d488600
13791457ns          228118 1c0081dc 57c000ef jal              x1, 1404             x1=1c0081de
13791497ns          228120 1c008758 a0a527d3 feq.s            x15, f10, f10       x15=00000001 f10:3fc2cbab f10:3fc2cbab
13791516ns          228121 1c00875c 0a078b63 beq              x15, x0, 182        x15:00000001
13791536ns          228122 1c00875e e00517d3 fclass.s         x15, f10            x15=00000040 f10:3fc2cbab
13791556ns          228123 1c008762 0817f793 andi             x15, x15, 129       x15=00000000 x15:00000040
13791576ns          228124 1c008766 0a079663 bne              x15, x0, 172        x15:00000000
13791596ns          228125 1c008768 00000793 addi             x15, x0, 0          x15=00000000
13791616ns          228126 1c00876c a0f517d3 flt.s            x15, f10, f15       x15=00000000 f10:3fc2cbab f15:00000000
13791636ns          228127 1c008770 0a079663 bne              x15, x0, 172        x15:00000000
13791656ns          228128 1c008772 1c000737 lui              x14, 0x1c000000     x14=1c000000
13791676ns          228129 1c008776 02072783 lw               x15, 32(x14)        x15=40c90fdb x14:1c000000  PA:1c000020
13791994ns          228145 1c00877a a0a797d3 flt.s            x15, f15, f10       x15=00000000 f15:40c90fdb f10:3fc2cbab
13792014ns          228146 1c00877e 00078b63 beq              x15, x0, 22         x15:00000000
13792073ns          228149 1c008794 00000793 addi             x15, x0, 0          x15=00000000
13792093ns          228150 1c008798 a0f517d3 flt.s            x15, f10, f15       x15=00000000 f10:3fc2cbab f15:00000000
13792113ns          228151 1c00879c 08079a63 bne              x15, x0, 148        x15:00000000
13792133ns          228152 1c00879e 1c0007b7 lui              x15, 0x1c000000     x15=1c000000
13792153ns          228153 1c0087a2 01c7a783 lw               x15, 28(x15)        x15=3fc90fdb x15:1c000000  PA:1c00001c
13792471ns          228169 1c0087a6 a0f517d3 flt.s            x15, f10, f15       x15=00000001 f10:3fc2cbab f15:3fc90fdb
13792491ns          228170 1c0087aa 02079563 bne              x15, x0, 42         x15:00000001
13792551ns          228173 1c0087d4 10a57553 fmul.s           f10, f10, f10       f10=xxxxxxxx f10:3fc2cbab f10:3fc2cbab
13792571ns          228174 1c0087d8 1c0007b7 lui              x15, 0x1c000000     x15=1c000000
13792591ns          228175 1c0087dc 1c000737 lui              x14, 0x1c000000     x14=1c000000
13792650ns          228178 1c0087e0 13472703 lw               x14, 308(x14)       x14=bab59551 x14:1c000000  PA:1c000134
13793088ns          228200 1c0087e4 1307a783 lw               x15, 304(x15)       x15=37c23ab1 x15:1c000000  PA:1c000130
13793406ns          228216 1c0087e8 70f577c3 fmadd.s          f15, f10, f15, f14  f15=xxxxxxxx f10:40143951 f15:37c23ab1 f14:bab59551
13793426ns          228217 1c0087ec 1c000737 lui              x14, 0x1c000000     x14=1c000000
13793446ns          228218 1c0087f0 13872703 lw               x14, 312(x14)       x14=3d2aa76f x14:1c000000  PA:1c000138
13793764ns          228234 1c0087f4 70f577c3 fmadd.s          f15, f10, f15, f14  f15=xxxxxxxx f10:40143951 f15:baae8dfa f14:3d2aa76f
13793784ns          228235 1c0087f8 1c000737 lui              x14, 0x1c000000     x14=1c000000
13793804ns          228236 1c0087fc 13c72703 lw               x14, 316(x14)       x14=beffffe0 x14:1c000000  PA:1c00013c
13794122ns          228252 1c008800 70f577c3 fmadd.s          f15, f10, f15, f14  f15=xxxxxxxx f10:40143951 f15:3d1e054a f14:beffffe0
13794142ns          228253 1c008804 1c000737 lui              x14, 0x1c000000     x14=1c000000
13794162ns          228254 1c008808 16872703 lw               x14, 360(x14)       x14=3f7fffff x14:1c000000  PA:1c000168
13794480ns          228270 1c00880c 70f57543 fmadd.s          f10, f10, f15, f14  f10=xxxxxxxx f10:40143951 f15:bed240a8 f14:3f7fffff
13794500ns          228271 1c008810 00008067 jalr             x0, x1, 0            x1:1c0081de
13794560ns          228274 1c0081de 016a7a53 fadd.s           f20, f20, f22       f20=xxxxxxxx f20:3d488600 f22:3eaaa273
13794580ns          228275 1c0081e2 10acf553 fmul.s           f10, f25, f10       f10=xxxxxxxx f25:3f800000 f10:3d48716f
13794599ns          228276 1c0081e6 a14a97d3 flt.s            x15, f21, f20       x15=00000000 f21:40c90fdb f20:3ec3b333
13794619ns          228277 1c0081ea 00a4222b p.sw             x10, 4(x8!)          x8=100014f4 x10:3d48716f  x8:100014f0  PA:100014f0
13794639ns          228278 1c0081ee 00078363 beq              x15, x0, 6          x15:00000000
13794699ns          228281 1c0081f4 ff7412e3 bne              x8, x23, -28         x8:100014f4 x23:100017c8
13794759ns          228284 1c0081d8 094c7553 fsub.s           f10, f24, f20       f10=xxxxxxxx f24:3fc90fdb f20:3ec3b333
13794778ns          228285 1c0081dc 57c000ef jal              x1, 1404             x1=1c0081de
13794818ns          228287 1c008758 a0a527d3 feq.s            x15, f10, f10       x15=00000001 f10:3f98230e f10:3f98230e
13794838ns          228288 1c00875c 0a078b63 beq              x15, x0, 182        x15:00000001
13794858ns          228289 1c00875e e00517d3 fclass.s         x15, f10            x15=00000040 f10:3f98230e
13794878ns          228290 1c008762 0817f793 andi             x15, x15, 129       x15=00000000 x15:00000040
13794898ns          228291 1c008766 0a079663 bne              x15, x0, 172        x15:00000000
13794918ns          228292 1c008768 00000793 addi             x15, x0, 0          x15=00000000
13794938ns          228293 1c00876c a0f517d3 flt.s            x15, f10, f15       x15=00000000 f10:3f98230e f15:00000000
13794958ns          228294 1c008770 0a079663 bne              x15, x0, 172        x15:00000000
13794977ns          228295 1c008772 1c000737 lui              x14, 0x1c000000     x14=1c000000
13794997ns          228296 1c008776 02072783 lw               x15, 32(x14)        x15=40c90fdb x14:1c000000  PA:1c000020
13795316ns          228312 1c00877a a0a797d3 flt.s            x15, f15, f10       x15=00000000 f15:40c90fdb f10:3f98230e
13795335ns          228313 1c00877e 00078b63 beq              x15, x0, 22         x15:00000000
13795395ns          228316 1c008794 00000793 addi             x15, x0, 0          x15=00000000
13795415ns          228317 1c008798 a0f517d3 flt.s            x15, f10, f15       x15=00000000 f10:3f98230e f15:00000000
13795435ns          228318 1c00879c 08079a63 bne              x15, x0, 148        x15:00000000
13795455ns          228319 1c00879e 1c0007b7 lui              x15, 0x1c000000     x15=1c000000
13795475ns          228320 1c0087a2 01c7a783 lw               x15, 28(x15)        x15=3fc90fdb x15:1c000000  PA:1c00001c
13795793ns          228336 1c0087a6 a0f517d3 flt.s            x15, f10, f15       x15=00000001 f10:3f98230e f15:3fc90fdb
13795813ns          228337 1c0087aa 02079563 bne              x15, x0, 42         x15:00000001
13795872ns          228340 1c0087d4 10a57553 fmul.s           f10, f10, f10       f10=xxxxxxxx f10:3f98230e f10:3f98230e
13795892ns          228341 1c0087d8 1c0007b7 lui              x15, 0x1c000000     x15=1c000000
13795912ns          228342 1c0087dc 1c000737 lui              x14, 0x1c000000     x14=1c000000
13795932ns          228343 1c0087e0 13472703 lw               x14, 308(x14)       x14=bab59551 x14:1c000000  PA:1c000134
13796231ns          228358 1c0087e4 1307a783 lw               x15, 304(x15)       x15=37c23ab1 x15:1c000000  PA:1c000130
13796569ns          228375 1c0087e8 70f577c3 fmadd.s          f15, f10, f15, f14  f15=xxxxxxxx f10:3fb4d34b f15:37c23ab1 f14:bab59551
13796589ns          228376 1c0087ec 1c000737 lui              x14, 0x1c000000     x14=1c000000
13796608ns          228377 1c0087f0 13872703 lw               x14, 312(x14)       x14=3d2aa76f x14:1c000000  PA:1c000138
13796927ns          228393 1c0087f4 70f577c3 fmadd.s          f15, f10, f15, f14  f15=xxxxxxxx f10:3fb4d34b f15:bab14bc4 f14:3d2aa76f
13796947ns          228394 1c0087f8 1c000737 lui              x14, 0x1c000000     x14=1c000000
13796966ns          228395 1c0087fc 13c72703 lw               x14, 316(x14)       x14=beffffe0 x14:1c000000  PA:1c00013c
13797305ns          228412 1c008800 70f577c3 fmadd.s          f15, f10, f15, f14  f15=xxxxxxxx f10:3fb4d34b f15:3d22d3b5 f14:beffffe0
13797325ns          228413 1c008804 1c000737 lui              x14, 0x1c000000     x14=1c000000
13797344ns          228414 1c008808 16872703 lw               x14, 360(x14)       x14=3f7fffff x14:1c000000  PA:1c000168
13797663ns          228430 1c00880c 70f57543 fmadd.s          f10, f10, f15, f14  f10=xxxxxxxx f10:3fb4d34b f15:bee33f10 f14:3f7fffff
13797683ns          228431 1c008810 00008067 jalr             x0, x1, 0            x1:1c0081de
13797742ns          228434 1c0081de 016a7a53 fadd.s           f20, f20, f22       f20=xxxxxxxx f20:3ec3b333 f22:3eaaa273
13797762ns          228435 1c0081e2 10acf553 fmul.s           f10, f25, f10       f10=xxxxxxxx f25:3f800000 f10:3ebef830
13797782ns          228436 1c0081e6 a14a97d3 flt.s            x15, f21, f20       x15=00000000 f21:40c90fdb f20:3f372ad3
13797802ns          228437 1c0081ea 00a4222b p.sw             x10, 4(x8!)          x8=100014f8 x10:3ebef830  x8:100014f4  PA:100014f4
13797822ns          228438 1c0081ee 00078363 beq              x15, x0, 6          x15:00000000
13797881ns          228441 1c0081f4 ff7412e3 bne              x8, x23, -28         x8:100014f8 x23:100017c8
13797941ns          228444 1c0081d8 094c7553 fsub.s           f10, f24, f20       f10=xxxxxxxx f24:3fc90fdb f20:3f372ad3
13797961ns          228445 1c0081dc 57c000ef jal              x1, 1404             x1=1c0081de
13798001ns          228447 1c008758 a0a527d3 feq.s            x15, f10, f10       x15=00000001 f10:3f5af4e3 f10:3f5af4e3
13798021ns          228448 1c00875c 0a078b63 beq              x15, x0, 182        x15:00000001
13798041ns          228449 1c00875e e00517d3 fclass.s         x15, f10            x15=00000040 f10:3f5af4e3
13798060ns          228450 1c008762 0817f793 andi             x15, x15, 129       x15=00000000 x15:00000040
13798080ns          228451 1c008766 0a079663 bne              x15, x0, 172        x15:00000000
13798100ns          228452 1c008768 00000793 addi             x15, x0, 0          x15=00000000
13798120ns          228453 1c00876c a0f517d3 flt.s            x15, f10, f15       x15=00000000 f10:3f5af4e3 f15:00000000
13798140ns          228454 1c008770 0a079663 bne              x15, x0, 172        x15:00000000
13798160ns          228455 1c008772 1c000737 lui              x14, 0x1c000000     x14=1c000000
13798180ns          228456 1c008776 02072783 lw               x15, 32(x14)        x15=40c90fdb x14:1c000000  PA:1c000020
13798498ns          228472 1c00877a a0a797d3 flt.s            x15, f15, f10       x15=00000000 f15:40c90fdb f10:3f5af4e3
13798518ns          228473 1c00877e 00078b63 beq              x15, x0, 22         x15:00000000
13798578ns          228476 1c008794 00000793 addi             x15, x0, 0          x15=00000000
13798598ns          228477 1c008798 a0f517d3 flt.s            x15, f10, f15       x15=00000000 f10:3f5af4e3 f15:00000000
13798617ns          228478 1c00879c 08079a63 bne              x15, x0, 148        x15:00000000
13798637ns          228479 1c00879e 1c0007b7 lui              x15, 0x1c000000     x15=1c000000
13798657ns          228480 1c0087a2 01c7a783 lw               x15, 28(x15)        x15=3fc90fdb x15:1c000000  PA:1c00001c
13798975ns          228496 1c0087a6 a0f517d3 flt.s            x15, f10, f15       x15=00000001 f10:3f5af4e3 f15:3fc90fdb
13798995ns          228497 1c0087aa 02079563 bne              x15, x0, 42         x15:00000001
13799055ns          228500 1c0087d4 10a57553 fmul.s           f10, f10, f10       f10=xxxxxxxx f10:3f5af4e3 f10:3f5af4e3
13799075ns          228501 1c0087d8 1c0007b7 lui              x15, 0x1c000000     x15=1c000000
13799095ns          228502 1c0087dc 1c000737 lui              x14, 0x1c000000     x14=1c000000
13799115ns          228503 1c0087e0 13472703 lw               x14, 308(x14)       x14=bab59551 x14:1c000000  PA:1c000134
13799413ns          228518 1c0087e4 1307a783 lw               x15, 304(x15)       x15=37c23ab1 x15:1c000000  PA:1c000130
13799731ns          228534 1c0087e8 70f577c3 fmadd.s          f15, f10, f15, f14  f15=xxxxxxxx f10:3f3b45fd f15:37c23ab1 f14:bab59551
13799751ns          228535 1c0087ec 1c000737 lui              x14, 0x1c000000     x14=1c000000
13799771ns          228536 1c0087f0 13872703 lw               x14, 312(x14)       x14=3d2aa76f x14:1c000000  PA:1c000138
13800089ns          228552 1c0087f4 70f577c3 fmadd.s          f15, f10, f15, f14  f15=xxxxxxxx f10:3f3b45fd f15:bab35cf9 f14:3d2aa76f
13800109ns          228553 1c0087f8 1c000737 lui              x14, 0x1c000000     x14=1c000000
13800129ns          228554 1c0087fc 13c72703 lw               x14, 316(x14)       x14=beffffe0 x14:1c000000  PA:1c00013c
13800447ns          228570 1c008800 70f577c3 fmadd.s          f15, f10, f15, f14  f15=xxxxxxxx f10:3f3b45fd f15:3d268dbf f14:beffffe0
13800467ns          228571 1c008804 1c000737 lui              x14, 0x1c000000     x14=1c000000
13800487ns          228572 1c008808 16872703 lw               x14, 360(x14)       x14=3f7fffff x14:1c000000  PA:1c000168
13800805ns          228588 1c00880c 70f57543 fmadd.s          f10, f10, f15, f14  f10=xxxxxxxx f10:3f3b45fd f15:bef0c4fe f14:3f7fffff
13800825ns          228589 1c008810 00008067 jalr             x0, x1, 0            x1:1c0081de
13800885ns          228592 1c0081de 016a7a53 fadd.s           f20, f20, f22       f20=xxxxxxxx f20:3f372ad3 f22:3eaaa273
13800905ns          228593 1c0081e2 10acf553 fmul.s           f10, f25, f10       f10=xxxxxxxx f25:3f800000 f10:3f27ef23
13800925ns          228594 1c0081e6 a14a97d3 flt.s            x15, f21, f20       x15=00000000 f21:40c90fdb f20:3f863e06
13800945ns          228595 1c0081ea 00a4222b p.sw             x10, 4(x8!)          x8=100014fc x10:3f27ef23  x8:100014f8  PA:100014f8
13800965ns          228596 1c0081ee 00078363 beq              x15, x0, 6          x15:00000000
13801024ns          228599 1c0081f4 ff7412e3 bne              x8, x23, -28         x8:100014fc x23:100017c8
13801084ns          228602 1c0081d8 094c7553 fsub.s           f10, f24, f20       f10=xxxxxxxx f24:3fc90fdb f20:3f863e06
13801104ns          228603 1c0081dc 57c000ef jal              x1, 1404             x1=1c0081de
13801144ns          228605 1c008758 a0a527d3 feq.s            x15, f10, f10       x15=00000001 f10:3f05a3aa f10:3f05a3aa
13801163ns          228606 1c00875c 0a078b63 beq              x15, x0, 182        x15:00000001
13801183ns          228607 1c00875e e00517d3 fclass.s         x15, f10            x15=00000040 f10:3f05a3aa
13801203ns          228608 1c008762 0817f793 andi             x15, x15, 129       x15=00000000 x15:00000040
13801223ns          228609 1c008766 0a079663 bne              x15, x0, 172        x15:00000000
13801243ns          228610 1c008768 00000793 addi             x15, x0, 0          x15=00000000
13801263ns          228611 1c00876c a0f517d3 flt.s            x15, f10, f15       x15=00000000 f10:3f05a3aa f15:00000000
13801283ns          228612 1c008770 0a079663 bne              x15, x0, 172        x15:00000000
13801303ns          228613 1c008772 1c000737 lui              x14, 0x1c000000     x14=1c000000
13801323ns          228614 1c008776 02072783 lw               x15, 32(x14)        x15=40c90fdb x14:1c000000  PA:1c000020
13801641ns          228630 1c00877a a0a797d3 flt.s            x15, f15, f10       x15=00000000 f15:40c90fdb f10:3f05a3aa
13801661ns          228631 1c00877e 00078b63 beq              x15, x0, 22         x15:00000000
13801720ns          228634 1c008794 00000793 addi             x15, x0, 0          x15=00000000
13801740ns          228635 1c008798 a0f517d3 flt.s            x15, f10, f15       x15=00000000 f10:3f05a3aa f15:00000000
13801760ns          228636 1c00879c 08079a63 bne              x15, x0, 148        x15:00000000
13801780ns          228637 1c00879e 1c0007b7 lui              x15, 0x1c000000     x15=1c000000
13801800ns          228638 1c0087a2 01c7a783 lw               x15, 28(x15)        x15=3fc90fdb x15:1c000000  PA:1c00001c
13802118ns          228654 1c0087a6 a0f517d3 flt.s            x15, f10, f15       x15=00000001 f10:3f05a3aa f15:3fc90fdb
13802138ns          228655 1c0087aa 02079563 bne              x15, x0, 42         x15:00000001
13802198ns          228658 1c0087d4 10a57553 fmul.s           f10, f10, f10       f10=xxxxxxxx f10:3f05a3aa f10:3f05a3aa
13802218ns          228659 1c0087d8 1c0007b7 lui              x15, 0x1c000000     x15=1c000000
13802238ns          228660 1c0087dc 1c000737 lui              x14, 0x1c000000     x14=1c000000
13802257ns          228661 1c0087e0 13472703 lw               x14, 308(x14)       x14=bab59551 x14:1c000000  PA:1c000134
13802576ns          228677 1c0087e4 1307a783 lw               x15, 304(x15)       x15=37c23ab1 x15:1c000000  PA:1c000130
13802894ns          228693 1c0087e8 70f577c3 fmadd.s          f15, f10, f15, f14  f15=xxxxxxxx f10:3e8b86ef f15:37c23ab1 f14:bab59551
13802914ns          228694 1c0087ec 1c000737 lui              x14, 0x1c000000     x14=1c000000
13802934ns          228695 1c0087f0 13872703 lw               x14, 312(x14)       x14=3d2aa76f x14:1c000000  PA:1c000138
13803272ns          228712 1c0087f4 70f577c3 fmadd.s          f15, f10, f15, f14  f15=xxxxxxxx f10:3e8b86ef f15:bab4c199 f14:3d2aa76f
13803292ns          228713 1c0087f8 1c000737 lui              x14, 0x1c000000     x14=1c000000
13803312ns          228714 1c0087fc 13c72703 lw               x14, 316(x14)       x14=beffffe0 x14:1c000000  PA:1c00013c
13803630ns          228730 1c008800 70f577c3 fmadd.s          f15, f10, f15, f14  f15=xxxxxxxx f10:3e8b86ef f15:3d291d5d f14:beffffe0
13803650ns          228731 1c008804 1c000737 lui              x14, 0x1c000000     x14=1c000000
13803670ns          228732 1c008808 16872703 lw               x14, 360(x14)       x14=3f7fffff x14:1c000000  PA:1c000168
13804008ns          228749 1c00880c 70f57543 fmadd.s          f10, f10, f15, f14  f10=xxxxxxxx f10:3e8b86ef f15:befa3d1f f14:3f7fffff
13804028ns          228750 1c008810 00008067 jalr             x0, x1, 0            x1:1c0081de
13804087ns          228753 1c0081de 016a7a53 fadd.s           f20, f20, f22       f20=xxxxxxxx f20:3f863e06 f22:3eaaa273
13804107ns          228754 1c0081e2 10acf553 fmul.s           f10, f25, f10       f10=xxxxxxxx f25:3f800000 f10:3f5de73a
13804127ns          228755 1c0081e6 a14a97d3 flt.s            x15, f21, f20       x15=00000000 f21:40c90fdb f20:3fb0e6a3
13804147ns          228756 1c0081ea 00a4222b p.sw             x10, 4(x8!)          x8=10001500 x10:3f5de73a  x8:100014fc  PA:100014fc
13804167ns          228757 1c0081ee 00078363 beq              x15, x0, 6          x15:00000000
13804227ns          228760 1c0081f4 ff7412e3 bne              x8, x23, -28         x8:10001500 x23:100017c8
13804286ns          228763 1c0081d8 094c7553 fsub.s           f10, f24, f20       f10=xxxxxxxx f24:3fc90fdb f20:3fb0e6a3
13804306ns          228764 1c0081dc 57c000ef jal              x1, 1404             x1=1c0081de
13804346ns          228766 1c008758 a0a527d3 feq.s            x15, f10, f10       x15=00000001 f10:3e4149c0 f10:3e4149c0
13804366ns          228767 1c00875c 0a078b63 beq              x15, x0, 182        x15:00000001
13804386ns          228768 1c00875e e00517d3 fclass.s         x15, f10            x15=00000040 f10:3e4149c0
13804406ns          228769 1c008762 0817f793 andi             x15, x15, 129       x15=00000000 x15:00000040
13804426ns          228770 1c008766 0a079663 bne              x15, x0, 172        x15:00000000
13804445ns          228771 1c008768 00000793 addi             x15, x0, 0          x15=00000000
13804465ns          228772 1c00876c a0f517d3 flt.s            x15, f10, f15       x15=00000000 f10:3e4149c0 f15:00000000
13804485ns          228773 1c008770 0a079663 bne              x15, x0, 172        x15:00000000
13804505ns          228774 1c008772 1c000737 lui              x14, 0x1c000000     x14=1c000000
13804525ns          228775 1c008776 02072783 lw               x15, 32(x14)        x15=40c90fdb x14:1c000000  PA:1c000020
13804843ns          228791 1c00877a a0a797d3 flt.s            x15, f15, f10       x15=00000000 f15:40c90fdb f10:3e4149c0
13804863ns          228792 1c00877e 00078b63 beq              x15, x0, 22         x15:00000000
13804923ns          228795 1c008794 00000793 addi             x15, x0, 0          x15=00000000
13804943ns          228796 1c008798 a0f517d3 flt.s            x15, f10, f15       x15=00000000 f10:3e4149c0 f15:00000000
13804963ns          228797 1c00879c 08079a63 bne              x15, x0, 148        x15:00000000
13804982ns          228798 1c00879e 1c0007b7 lui              x15, 0x1c000000     x15=1c000000
13805002ns          228799 1c0087a2 01c7a783 lw               x15, 28(x15)        x15=3fc90fdb x15:1c000000  PA:1c00001c
13805321ns          228815 1c0087a6 a0f517d3 flt.s            x15, f10, f15       x15=00000001 f10:3e4149c0 f15:3fc90fdb
13805340ns          228816 1c0087aa 02079563 bne              x15, x0, 42         x15:00000001
13805400ns          228819 1c0087d4 10a57553 fmul.s           f10, f10, f10       f10=xxxxxxxx f10:3e4149c0 f10:3e4149c0
13805420ns          228820 1c0087d8 1c0007b7 lui              x15, 0x1c000000     x15=1c000000
13805440ns          228821 1c0087dc 1c000737 lui              x14, 0x1c000000     x14=1c000000
13805460ns          228822 1c0087e0 13472703 lw               x14, 308(x14)       x14=bab59551 x14:1c000000  PA:1c000134
13805758ns          228837 1c0087e4 1307a783 lw               x15, 304(x15)       x15=37c23ab1 x15:1c000000  PA:1c000130
13806076ns          228853 1c0087e8 70f577c3 fmadd.s          f15, f10, f15, f14  f15=xxxxxxxx f10:3d11f049 f15:37c23ab1 f14:bab59551
13806096ns          228854 1c0087ec 1c000737 lui              x14, 0x1c000000     x14=1c000000
13806116ns          228855 1c0087f0 13872703 lw               x14, 312(x14)       x14=3d2aa76f x14:1c000000  PA:1c000138
13806434ns          228871 1c0087f4 70f577c3 fmadd.s          f15, f10, f15, f14  f15=xxxxxxxx f10:3d11f049 f15:bab579a3 f14:3d2aa76f
13806454ns          228872 1c0087f8 1c000737 lui              x14, 0x1c000000     x14=1c000000
13806474ns          228873 1c0087fc 13c72703 lw               x14, 316(x14)       x14=beffffe0 x14:1c000000  PA:1c00013c
13806792ns          228889 1c008800 70f577c3 fmadd.s          f15, f10, f15, f14  f15=xxxxxxxx f10:3d11f049 f15:3d2a73b5 f14:beffffe0
13806812ns          228890 1c008804 1c000737 lui              x14, 0x1c000000     x14=1c000000
13806832ns          228891 1c008808 16872703 lw               x14, 360(x14)       x14=3f7fffff x14:1c000000  PA:1c000168
13807190ns          228909 1c00880c 70f57543 fmadd.s          f10, f10, f15, f14  f10=xxxxxxxx f10:3d11f049 f15:beff3d89 f14:3f7fffff
13807210ns          228910 1c008810 00008067 jalr             x0, x1, 0            x1:1c0081de
13807270ns          228913 1c0081de 016a7a53 fadd.s           f20, f20, f22       f20=xxxxxxxx f20:3fb0e6a3 f22:3eaaa273
13807290ns          228914 1c0081e2 10acf553 fmul.s           f10, f25, f10       f10=xxxxxxxx f25:3f800000 f10:3f7b73f4
13807310ns          228915 1c0081e6 a14a97d3 flt.s            x15, f21, f20       x15=00000000 f21:40c90fdb f20:3fdb8f40
13807330ns          228916 1c0081ea 00a4222b p.sw             x10, 4(x8!)          x8=10001504 x10:3f7b73f4  x8:10001500  PA:10001500
13807349ns          228917 1c0081ee 00078363 beq              x15, x0, 6          x15:00000000
13807409ns          228920 1c0081f4 ff7412e3 bne              x8, x23, -28         x8:10001504 x23:100017c8
13807469ns          228923 1c0081d8 094c7553 fsub.s           f10, f24, f20       f10=xxxxxxxx f24:3fc90fdb f20:3fdb8f40
13807489ns          228924 1c0081dc 57c000ef jal              x1, 1404             x1=1c0081de
13807528ns          228926 1c008758 a0a527d3 feq.s            x15, f10, f10       x15=00000001 f10:be13fb28 f10:be13fb28
13807548ns          228927 1c00875c 0a078b63 beq              x15, x0, 182        x15:00000001
13807568ns          228928 1c00875e e00517d3 fclass.s         x15, f10            x15=00000002 f10:be13fb28
13807588ns          228929 1c008762 0817f793 andi             x15, x15, 129       x15=00000000 x15:00000002
13807608ns          228930 1c008766 0a079663 bne              x15, x0, 172        x15:00000000
13807628ns          228931 1c008768 00000793 addi             x15, x0, 0          x15=00000000
13807648ns          228932 1c00876c a0f517d3 flt.s            x15, f10, f15       x15=00000001 f10:be13fb28 f15:00000000
13807668ns          228933 1c008770 0a079663 bne              x15, x0, 172        x15:00000001
13807727ns          228936 1c00881c 1c0007b7 lui              x15, 0x1c000000     x15=1c000000
13807747ns          228937 1c008820 12c7a783 lw               x15, 300(x15)       x15=c0c90fdb x15:1c000000  PA:1c00012c
13808066ns          228953 1c008824 a0f517d3 flt.s            x15, f10, f15       x15=00000000 f10:be13fb28 f15:c0c90fdb
13808085ns          228954 1c008828 00078463 beq              x15, x0, 8          x15:00000000
13808145ns          228957 1c008830 20a51553 fsgnjn.s         f10, f10, f10       f10=xxxxxxxx f10:be13fb28 f10:be13fb28
13808165ns          228958 1c008834 f6bff06f jal              x0, -150           
13808225ns          228961 1c00879e 1c0007b7 lui              x15, 0x1c000000     x15=1c000000
13808245ns          228962 1c0087a2 01c7a783 lw               x15, 28(x15)        x15=3fc90fdb x15:1c000000  PA:1c00001c
13808583ns          228979 1c0087a6 a0f517d3 flt.s            x15, f10, f15       x15=00000001 f10:3e13fb28 f15:3fc90fdb
13808603ns          228980 1c0087aa 02079563 bne              x15, x0, 42         x15:00000001
13808662ns          228983 1c0087d4 10a57553 fmul.s           f10, f10, f10       f10=xxxxxxxx f10:3e13fb28 f10:3e13fb28
13808682ns          228984 1c0087d8 1c0007b7 lui              x15, 0x1c000000     x15=1c000000
13808702ns          228985 1c0087dc 1c000737 lui              x14, 0x1c000000     x14=1c000000
13808722ns          228986 1c0087e0 13472703 lw               x14, 308(x14)       x14=bab59551 x14:1c000000  PA:1c000134
13809040ns          229002 1c0087e4 1307a783 lw               x15, 304(x15)       x15=37c23ab1 x15:1c000000  PA:1c000130
13809358ns          229018 1c0087e8 70f577c3 fmadd.s          f15, f10, f15, f14  f15=xxxxxxxx f10:3cab14cd f15:37c23ab1 f14:bab59551
13809378ns          229019 1c0087ec 1c000737 lui              x14, 0x1c000000     x14=1c000000
13809398ns          229020 1c0087f0 13872703 lw               x14, 312(x14)       x14=3d2aa76f x14:1c000000  PA:1c000138
13809716ns          229036 1c0087f4 70f577c3 fmadd.s          f15, f10, f15, f14  f15=xxxxxxxx f10:3cab14cd f15:bab58517 f14:3d2aa76f
13809736ns          229037 1c0087f8 1c000737 lui              x14, 0x1c000000     x14=1c000000
13809756ns          229038 1c0087fc 13c72703 lw               x14, 316(x14)       x14=beffffe0 x14:1c000000  PA:1c00013c
13810074ns          229054 1c008800 70f577c3 fmadd.s          f15, f10, f15, f14  f15=xxxxxxxx f10:3cab14cd f15:3d2a891b f14:beffffe0
13810094ns          229055 1c008804 1c000737 lui              x14, 0x1c000000     x14=1c000000
13810114ns          229056 1c008808 16872703 lw               x14, 360(x14)       x14=3f7fffff x14:1c000000  PA:1c000168
13810433ns          229072 1c00880c 70f57543 fmadd.s          f10, f10, f15, f14  f10=xxxxxxxx f10:3cab14cd f15:beff8de9 f14:3f7fffff
13810452ns          229073 1c008810 00008067 jalr             x0, x1, 0            x1:1c0081de
13810512ns          229076 1c0081de 016a7a53 fadd.s           f20, f20, f22       f20=xxxxxxxx f20:3fdb8f40 f22:3eaaa273
13810532ns          229077 1c0081e2 10acf553 fmul.s           f10, f25, f10       f10=xxxxxxxx f25:3f800000 f10:3f7d54dd
13810552ns          229078 1c0081e6 a14a97d3 flt.s            x15, f21, f20       x15=00000000 f21:40c90fdb f20:40031bee
13810572ns          229079 1c0081ea 00a4222b p.sw             x10, 4(x8!)          x8=10001508 x10:3f7d54dd  x8:10001504  PA:10001504
13810592ns          229080 1c0081ee 00078363 beq              x15, x0, 6          x15:00000000
13810651ns          229083 1c0081f4 ff7412e3 bne              x8, x23, -28         x8:10001508 x23:100017c8
13810711ns          229086 1c0081d8 094c7553 fsub.s           f10, f24, f20       f10=xxxxxxxx f24:3fc90fdb f20:40031bee
13810731ns          229087 1c0081dc 57c000ef jal              x1, 1404             x1=1c0081de
13810771ns          229089 1c008758 a0a527d3 feq.s            x15, f10, f10       x15=00000001 f10:bef4a004 f10:bef4a004
13810791ns          229090 1c00875c 0a078b63 beq              x15, x0, 182        x15:00000001
13810810ns          229091 1c00875e e00517d3 fclass.s         x15, f10            x15=00000002 f10:bef4a004
13810830ns          229092 1c008762 0817f793 andi             x15, x15, 129       x15=00000000 x15:00000002
13810850ns          229093 1c008766 0a079663 bne              x15, x0, 172        x15:00000000
13810870ns          229094 1c008768 00000793 addi             x15, x0, 0          x15=00000000
13810890ns          229095 1c00876c a0f517d3 flt.s            x15, f10, f15       x15=00000001 f10:bef4a004 f15:00000000
13810910ns          229096 1c008770 0a079663 bne              x15, x0, 172        x15:00000001
13810970ns          229099 1c00881c 1c0007b7 lui              x15, 0x1c000000     x15=1c000000
13810989ns          229100 1c008820 12c7a783 lw               x15, 300(x15)       x15=c0c90fdb x15:1c000000  PA:1c00012c
13811328ns          229117 1c008824 a0f517d3 flt.s            x15, f10, f15       x15=00000000 f10:bef4a004 f15:c0c90fdb
13811347ns          229118 1c008828 00078463 beq              x15, x0, 8          x15:00000000
13811407ns          229121 1c008830 20a51553 fsgnjn.s         f10, f10, f10       f10=xxxxxxxx f10:bef4a004 f10:bef4a004
13811427ns          229122 1c008834 f6bff06f jal              x0, -150           
13811487ns          229125 1c00879e 1c0007b7 lui              x15, 0x1c000000     x15=1c000000
13811507ns          229126 1c0087a2 01c7a783 lw               x15, 28(x15)        x15=3fc90fdb x15:1c000000  PA:1c00001c
13811825ns          229142 1c0087a6 a0f517d3 flt.s            x15, f10, f15       x15=00000001 f10:3ef4a004 f15:3fc90fdb
13811845ns          229143 1c0087aa 02079563 bne              x15, x0, 42         x15:00000001
13811904ns          229146 1c0087d4 10a57553 fmul.s           f10, f10, f10       f10=xxxxxxxx f10:3ef4a004 f10:3ef4a004
13811924ns          229147 1c0087d8 1c0007b7 lui              x15, 0x1c000000     x15=1c000000
13811944ns          229148 1c0087dc 1c000737 lui              x14, 0x1c000000     x14=1c000000
13811964ns          229149 1c0087e0 13472703 lw               x14, 308(x14)       x14=bab59551 x14:1c000000  PA:1c000134
13812262ns          229164 1c0087e4 1307a783 lw               x15, 304(x15)       x15=37c23ab1 x15:1c000000  PA:1c000130
13812601ns          229181 1c0087e8 70f577c3 fmadd.s          f15, f10, f15, f14  f15=xxxxxxxx f10:3e69c16c f15:37c23ab1 f14:bab59551
13812620ns          229182 1c0087ec 1c000737 lui              x14, 0x1c000000     x14=1c000000
13812640ns          229183 1c0087f0 13872703 lw               x14, 312(x14)       x14=3d2aa76f x14:1c000000  PA:1c000138
13812959ns          229199 1c0087f4 70f577c3 fmadd.s          f15, f10, f15, f14  f15=xxxxxxxx f10:3e69c16c f15:bab4e3f7 f14:3d2aa76f
13812979ns          229200 1c0087f8 1c000737 lui              x14, 0x1c000000     x14=1c000000
13812998ns          229201 1c0087fc 13c72703 lw               x14, 316(x14)       x14=beffffe0 x14:1c000000  PA:1c00013c
13813337ns          229218 1c008800 70f577c3 fmadd.s          f15, f10, f15, f14  f15=xxxxxxxx f10:3e69c16c f15:3d295d17 f14:beffffe0
13813356ns          229219 1c008804 1c000737 lui              x14, 0x1c000000     x14=1c000000
13813376ns          229220 1c008808 16872703 lw               x14, 360(x14)       x14=3f7fffff x14:1c000000  PA:1c000168
13813695ns          229236 1c00880c 70f57543 fmadd.s          f10, f10, f15, f14  f10=xxxxxxxx f10:3e69c16c f15:befb2ab2 f14:3f7fffff
13813714ns          229237 1c008810 00008067 jalr             x0, x1, 0            x1:1c0081de
13813774ns          229240 1c0081de 016a7a53 fadd.s           f20, f20, f22       f20=xxxxxxxx f20:40031bee f22:3eaaa273
13813794ns          229241 1c0081e2 10acf553 fmul.s           f10, f25, f10       f10=xxxxxxxx f25:3f800000 f10:3f63550b
13813814ns          229242 1c0081e6 a14a97d3 flt.s            x15, f21, f20       x15=00000000 f21:40c90fdb f20:4018703c
13813834ns          229243 1c0081ea 00a4222b p.sw             x10, 4(x8!)          x8=1000150c x10:3f63550b  x8:10001508  PA:10001508
13813854ns          229244 1c0081ee 00078363 beq              x15, x0, 6          x15:00000000
13813913ns          229247 1c0081f4 ff7412e3 bne              x8, x23, -28         x8:1000150c x23:100017c8
13813973ns          229250 1c0081d8 094c7553 fsub.s           f10, f24, f20       f10=xxxxxxxx f24:3fc90fdb f20:4018703c
13813993ns          229251 1c0081dc 57c000ef jal              x1, 1404             x1=1c0081de
13814033ns          229253 1c008758 a0a527d3 feq.s            x15, f10, f10       x15=00000001 f10:bf4fa13a f10:bf4fa13a
13814053ns          229254 1c00875c 0a078b63 beq              x15, x0, 182        x15:00000001
13814073ns          229255 1c00875e e00517d3 fclass.s         x15, f10            x15=00000002 f10:bf4fa13a
13814092ns          229256 1c008762 0817f793 andi             x15, x15, 129       x15=00000000 x15:00000002
13814112ns          229257 1c008766 0a079663 bne              x15, x0, 172        x15:00000000
13814132ns          229258 1c008768 00000793 addi             x15, x0, 0          x15=00000000
13814152ns          229259 1c00876c a0f517d3 flt.s            x15, f10, f15       x15=00000001 f10:bf4fa13a f15:00000000
13814172ns          229260 1c008770 0a079663 bne              x15, x0, 172        x15:00000001
13814232ns          229263 1c00881c 1c0007b7 lui              x15, 0x1c000000     x15=1c000000
13814252ns          229264 1c008820 12c7a783 lw               x15, 300(x15)       x15=c0c90fdb x15:1c000000  PA:1c00012c
13814570ns          229280 1c008824 a0f517d3 flt.s            x15, f10, f15       x15=00000000 f10:bf4fa13a f15:c0c90fdb
13814590ns          229281 1c008828 00078463 beq              x15, x0, 8          x15:00000000
13814649ns          229284 1c008830 20a51553 fsgnjn.s         f10, f10, f10       f10=xxxxxxxx f10:bf4fa13a f10:bf4fa13a
13814669ns          229285 1c008834 f6bff06f jal              x0, -150           
13814729ns          229288 1c00879e 1c0007b7 lui              x15, 0x1c000000     x15=1c000000
13814749ns          229289 1c0087a2 01c7a783 lw               x15, 28(x15)        x15=3fc90fdb x15:1c000000  PA:1c00001c
13815067ns          229305 1c0087a6 a0f517d3 flt.s            x15, f10, f15       x15=00000001 f10:3f4fa13a f15:3fc90fdb
13815087ns          229306 1c0087aa 02079563 bne              x15, x0, 42         x15:00000001
13815147ns          229309 1c0087d4 10a57553 fmul.s           f10, f10, f10       f10=xxxxxxxx f10:3f4fa13a f10:3f4fa13a
13815167ns          229310 1c0087d8 1c0007b7 lui              x15, 0x1c000000     x15=1c000000
13815186ns          229311 1c0087dc 1c000737 lui              x14, 0x1c000000     x14=1c000000
13815206ns          229312 1c0087e0 13472703 lw               x14, 308(x14)       x14=bab59551 x14:1c000000  PA:1c000134
13815505ns          229327 1c0087e4 1307a783 lw               x15, 304(x15)       x15=37c23ab1 x15:1c000000  PA:1c000130
13815823ns          229343 1c0087e8 70f577c3 fmadd.s          f15, f10, f15, f14  f15=xxxxxxxx f10:3f286621 f15:37c23ab1 f14:bab59551
13815843ns          229344 1c0087ec 1c000737 lui              x14, 0x1c000000     x14=1c000000
13815863ns          229345 1c0087f0 13872703 lw               x14, 312(x14)       x14=3d2aa76f x14:1c000000  PA:1c000138
13816181ns          229361 1c0087f4 70f577c3 fmadd.s          f15, f10, f15, f14  f15=xxxxxxxx f10:3f286621 f15:bab39641 f14:3d2aa76f
13816201ns          229362 1c0087f8 1c000737 lui              x14, 0x1c000000     x14=1c000000
13816221ns          229363 1c0087fc 13c72703 lw               x14, 316(x14)       x14=beffffe0 x14:1c000000  PA:1c00013c
13816579ns          229381 1c008800 70f577c3 fmadd.s          f15, f10, f15, f14  f15=xxxxxxxx f10:3f286621 f15:3d26f65d f14:beffffe0
13816599ns          229382 1c008804 1c000737 lui              x14, 0x1c000000     x14=1c000000
13816619ns          229383 1c008808 16872703 lw               x14, 360(x14)       x14=3f7fffff x14:1c000000  PA:1c000168
13816937ns          229399 1c00880c 70f57543 fmadd.s          f10, f10, f15, f14  f10=xxxxxxxx f10:3f286621 f15:bef24557 f14:3f7fffff
13816957ns          229400 1c008810 00008067 jalr             x0, x1, 0            x1:1c0081de
13817016ns          229403 1c0081de 016a7a53 fadd.s           f20, f20, f22       f20=xxxxxxxx f20:4018703c f22:3eaaa273
13817036ns          229404 1c0081e2 10acf553 fmul.s           f10, f25, f10       f10=xxxxxxxx f25:3f800000 f10:3f3050eb
13817056ns          229405 1c0081e6 a14a97d3 flt.s            x15, f21, f20       x15=00000000 f21:40c90fdb f20:402dc48a
13817076ns          229406 1c0081ea 00a4222b p.sw             x10, 4(x8!)          x8=10001510 x10:3f3050eb  x8:1000150c  PA:1000150c
13817096ns          229407 1c0081ee 00078363 beq              x15, x0, 6          x15:00000000
13817156ns          229410 1c0081f4 ff7412e3 bne              x8, x23, -28         x8:10001510 x23:100017c8
13817215ns          229413 1c0081d8 094c7553 fsub.s           f10, f24, f20       f10=xxxxxxxx f24:3fc90fdb f20:402dc48a
13817235ns          229414 1c0081dc 57c000ef jal              x1, 1404             x1=1c0081de
13817275ns          229416 1c008758 a0a527d3 feq.s            x15, f10, f10       x15=00000001 f10:bf927939 f10:bf927939
13817295ns          229417 1c00875c 0a078b63 beq              x15, x0, 182        x15:00000001
13817315ns          229418 1c00875e e00517d3 fclass.s         x15, f10            x15=00000002 f10:bf927939
13817335ns          229419 1c008762 0817f793 andi             x15, x15, 129       x15=00000000 x15:00000002
13817354ns          229420 1c008766 0a079663 bne              x15, x0, 172        x15:00000000
13817374ns          229421 1c008768 00000793 addi             x15, x0, 0          x15=00000000
13817394ns          229422 1c00876c a0f517d3 flt.s            x15, f10, f15       x15=00000001 f10:bf927939 f15:00000000
13817414ns          229423 1c008770 0a079663 bne              x15, x0, 172        x15:00000001
13817474ns          229426 1c00881c 1c0007b7 lui              x15, 0x1c000000     x15=1c000000
13817494ns          229427 1c008820 12c7a783 lw               x15, 300(x15)       x15=c0c90fdb x15:1c000000  PA:1c00012c
13817832ns          229444 1c008824 a0f517d3 flt.s            x15, f10, f15       x15=00000000 f10:bf927939 f15:c0c90fdb
13817852ns          229445 1c008828 00078463 beq              x15, x0, 8          x15:00000000
13817911ns          229448 1c008830 20a51553 fsgnjn.s         f10, f10, f10       f10=xxxxxxxx f10:bf927939 f10:bf927939
13817931ns          229449 1c008834 f6bff06f jal              x0, -150           
13817991ns          229452 1c00879e 1c0007b7 lui              x15, 0x1c000000     x15=1c000000
13818011ns          229453 1c0087a2 01c7a783 lw               x15, 28(x15)        x15=3fc90fdb x15:1c000000  PA:1c00001c
13818329ns          229469 1c0087a6 a0f517d3 flt.s            x15, f10, f15       x15=00000001 f10:3f927939 f15:3fc90fdb
13818349ns          229470 1c0087aa 02079563 bne              x15, x0, 42         x15:00000001
13818409ns          229473 1c0087d4 10a57553 fmul.s           f10, f10, f10       f10=xxxxxxxx f10:3f927939 f10:3f927939
13818429ns          229474 1c0087d8 1c0007b7 lui              x15, 0x1c000000     x15=1c000000
13818448ns          229475 1c0087dc 1c000737 lui              x14, 0x1c000000     x14=1c000000
13818468ns          229476 1c0087e0 13472703 lw               x14, 308(x14)       x14=bab59551 x14:1c000000  PA:1c000134
13818767ns          229491 1c0087e4 1307a783 lw               x15, 304(x15)       x15=37c23ab1 x15:1c000000  PA:1c000130
13819085ns          229507 1c0087e8 70f577c3 fmadd.s          f15, f10, f15, f14  f15=xxxxxxxx f10:3fa79cfd f15:37c23ab1 f14:bab59551
13819105ns          229508 1c0087ec 1c000737 lui              x14, 0x1c000000     x14=1c000000
13819125ns          229509 1c0087f0 13872703 lw               x14, 312(x14)       x14=3d2aa76f x14:1c000000  PA:1c000138
13819443ns          229525 1c0087f4 70f577c3 fmadd.s          f15, f10, f15, f14  f15=xxxxxxxx f10:3fa79cfd f15:bab19bf6 f14:3d2aa76f
13819463ns          229526 1c0087f8 1c000737 lui              x14, 0x1c000000     x14=1c000000
13819483ns          229527 1c0087fc 13c72703 lw               x14, 316(x14)       x14=beffffe0 x14:1c000000  PA:1c00013c
13819801ns          229543 1c008800 70f577c3 fmadd.s          f15, f10, f15, f14  f15=xxxxxxxx f10:3fa79cfd f15:3d2362d4 f14:beffffe0
13819821ns          229544 1c008804 1c000737 lui              x14, 0x1c000000     x14=1c000000
13819841ns          229545 1c008808 16872703 lw               x14, 360(x14)       x14=3f7fffff x14:1c000000  PA:1c000168
13820159ns          229561 1c00880c 70f57543 fmadd.s          f10, f10, f15, f14  f10=xxxxxxxx f10:3fa79cfd f15:bee54176 f14:3f7fffff
13820179ns          229562 1c008810 00008067 jalr             x0, x1, 0            x1:1c0081de
13820239ns          229565 1c0081de 016a7a53 fadd.s           f20, f20, f22       f20=xxxxxxxx f20:402dc48a f22:3eaaa273
13820259ns          229566 1c0081e2 10acf553 fmul.s           f10, f25, f10       f10=xxxxxxxx f25:3f800000 f10:3ed3cb69
13820278ns          229567 1c0081e6 a14a97d3 flt.s            x15, f21, f20       x15=00000000 f21:40c90fdb f20:404318d8
13820298ns          229568 1c0081ea 00a4222b p.sw             x10, 4(x8!)          x8=10001514 x10:3ed3cb69  x8:10001510  PA:10001510
13820318ns          229569 1c0081ee 00078363 beq              x15, x0, 6          x15:00000000
13820378ns          229572 1c0081f4 ff7412e3 bne              x8, x23, -28         x8:10001514 x23:100017c8
13820438ns          229575 1c0081d8 094c7553 fsub.s           f10, f24, f20       f10=xxxxxxxx f24:3fc90fdb f20:404318d8
13820457ns          229576 1c0081dc 57c000ef jal              x1, 1404             x1=1c0081de
13820497ns          229578 1c008758 a0a527d3 feq.s            x15, f10, f10       x15=00000001 f10:bfbd21d5 f10:bfbd21d5
13820517ns          229579 1c00875c 0a078b63 beq              x15, x0, 182        x15:00000001
13820537ns          229580 1c00875e e00517d3 fclass.s         x15, f10            x15=00000002 f10:bfbd21d5
13820557ns          229581 1c008762 0817f793 andi             x15, x15, 129       x15=00000000 x15:00000002
13820577ns          229582 1c008766 0a079663 bne              x15, x0, 172        x15:00000000
13820597ns          229583 1c008768 00000793 addi             x15, x0, 0          x15=00000000
13820617ns          229584 1c00876c a0f517d3 flt.s            x15, f10, f15       x15=00000001 f10:bfbd21d5 f15:00000000
13820636ns          229585 1c008770 0a079663 bne              x15, x0, 172        x15:00000001
13820696ns          229588 1c00881c 1c0007b7 lui              x15, 0x1c000000     x15=1c000000
13820716ns          229589 1c008820 12c7a783 lw               x15, 300(x15)       x15=c0c90fdb x15:1c000000  PA:1c00012c
13821054ns          229606 1c008824 a0f517d3 flt.s            x15, f10, f15       x15=00000000 f10:bfbd21d5 f15:c0c90fdb
13821074ns          229607 1c008828 00078463 beq              x15, x0, 8          x15:00000000
13821134ns          229610 1c008830 20a51553 fsgnjn.s         f10, f10, f10       f10=xxxxxxxx f10:bfbd21d5 f10:bfbd21d5
13821154ns          229611 1c008834 f6bff06f jal              x0, -150           
13821213ns          229614 1c00879e 1c0007b7 lui              x15, 0x1c000000     x15=1c000000
13821233ns          229615 1c0087a2 01c7a783 lw               x15, 28(x15)        x15=3fc90fdb x15:1c000000  PA:1c00001c
13821571ns          229632 1c0087a6 a0f517d3 flt.s            x15, f10, f15       x15=00000001 f10:3fbd21d5 f15:3fc90fdb
13821591ns          229633 1c0087aa 02079563 bne              x15, x0, 42         x15:00000001
13821651ns          229636 1c0087d4 10a57553 fmul.s           f10, f10, f10       f10=xxxxxxxx f10:3fbd21d5 f10:3fbd21d5
13821671ns          229637 1c0087d8 1c0007b7 lui              x15, 0x1c000000     x15=1c000000
13821691ns          229638 1c0087dc 1c000737 lui              x14, 0x1c000000     x14=1c000000
13821711ns          229639 1c0087e0 13472703 lw               x14, 308(x14)       x14=bab59551 x14:1c000000  PA:1c000134
13822009ns          229654 1c0087e4 1307a783 lw               x15, 304(x15)       x15=37c23ab1 x15:1c000000  PA:1c000130
13822327ns          229670 1c0087e8 70f577c3 fmadd.s          f15, f10, f15, f14  f15=xxxxxxxx f10:400bbaf9 f15:37c23ab1 f14:bab59551
13822347ns          229671 1c0087ec 1c000737 lui              x14, 0x1c000000     x14=1c000000
13822367ns          229672 1c0087f0 13872703 lw               x14, 312(x14)       x14=3d2aa76f x14:1c000000  PA:1c000138
13822685ns          229688 1c0087f4 70f577c3 fmadd.s          f15, f10, f15, f14  f15=xxxxxxxx f10:400bbaf9 f15:baaef515 f14:3d2aa76f
13822705ns          229689 1c0087f8 1c000737 lui              x14, 0x1c000000     x14=1c000000
13822725ns          229690 1c0087fc 13c72703 lw               x14, 316(x14)       x14=beffffe0 x14:1c000000  PA:1c00013c
13823043ns          229706 1c008800 70f577c3 fmadd.s          f15, f10, f15, f14  f15=xxxxxxxx f10:400bbaf9 f15:3d1eb794 f14:beffffe0
13823063ns          229707 1c008804 1c000737 lui              x14, 0x1c000000     x14=1c000000
13823083ns          229708 1c008808 16872703 lw               x14, 360(x14)       x14=3f7fffff x14:1c000000  PA:1c000168
13823441ns          229726 1c00880c 70f57543 fmadd.s          f10, f10, f15, f14  f10=xxxxxxxx f10:400bbaf9 f15:bed4af13 f14:3f7fffff
13823461ns          229727 1c008810 00008067 jalr             x0, x1, 0            x1:1c0081de
13823521ns          229730 1c0081de 016a7a53 fadd.s           f20, f20, f22       f20=xxxxxxxx f20:404318d8 f22:3eaaa273
13823541ns          229731 1c0081e2 10acf553 fmul.s           f10, f25, f10       f10=xxxxxxxx f25:3f800000 f10:3dbe99a2
13823560ns          229732 1c0081e6 a14a97d3 flt.s            x15, f21, f20       x15=00000000 f21:40c90fdb f20:40586d26
13823580ns          229733 1c0081ea 00a4222b p.sw             x10, 4(x8!)          x8=10001518 x10:3dbe99a2  x8:10001514  PA:10001514
13823600ns          229734 1c0081ee 00078363 beq              x15, x0, 6          x15:00000000
13823660ns          229737 1c0081f4 ff7412e3 bne              x8, x23, -28         x8:10001518 x23:100017c8
13823720ns          229740 1c0081d8 094c7553 fsub.s           f10, f24, f20       f10=xxxxxxxx f24:3fc90fdb f20:40586d26
13823739ns          229741 1c0081dc 57c000ef jal              x1, 1404             x1=1c0081de
13823779ns          229743 1c008758 a0a527d3 feq.s            x15, f10, f10       x15=00000001 f10:bfe7ca71 f10:bfe7ca71
13823799ns          229744 1c00875c 0a078b63 beq              x15, x0, 182        x15:00000001
13823819ns          229745 1c00875e e00517d3 fclass.s         x15, f10            x15=00000002 f10:bfe7ca71
13823839ns          229746 1c008762 0817f793 andi             x15, x15, 129       x15=00000000 x15:00000002
13823859ns          229747 1c008766 0a079663 bne              x15, x0, 172        x15:00000000
13823879ns          229748 1c008768 00000793 addi             x15, x0, 0          x15=00000000
13823899ns          229749 1c00876c a0f517d3 flt.s            x15, f10, f15       x15=00000001 f10:bfe7ca71 f15:00000000
13823918ns          229750 1c008770 0a079663 bne              x15, x0, 172        x15:00000001
13823978ns          229753 1c00881c 1c0007b7 lui              x15, 0x1c000000     x15=1c000000
13823998ns          229754 1c008820 12c7a783 lw               x15, 300(x15)       x15=c0c90fdb x15:1c000000  PA:1c00012c
13824336ns          229771 1c008824 a0f517d3 flt.s            x15, f10, f15       x15=00000000 f10:bfe7ca71 f15:c0c90fdb
13824356ns          229772 1c008828 00078463 beq              x15, x0, 8          x15:00000000
13824416ns          229775 1c008830 20a51553 fsgnjn.s         f10, f10, f10       f10=xxxxxxxx f10:bfe7ca71 f10:bfe7ca71
13824436ns          229776 1c008834 f6bff06f jal              x0, -150           
13824495ns          229779 1c00879e 1c0007b7 lui              x15, 0x1c000000     x15=1c000000
13824515ns          229780 1c0087a2 01c7a783 lw               x15, 28(x15)        x15=3fc90fdb x15:1c000000  PA:1c00001c
13824833ns          229796 1c0087a6 a0f517d3 flt.s            x15, f10, f15       x15=00000000 f10:3fe7ca71 f15:3fc90fdb
13824853ns          229797 1c0087aa 02079563 bne              x15, x0, 42         x15:00000000
13824873ns          229798 1c0087ac 1c0007b7 lui              x15, 0x1c000000     x15=1c000000
13824893ns          229799 1c0087b0 1007a783 lw               x15, 256(x15)       x15=40490fdb x15:1c000000  PA:1c000100
13825211ns          229815 1c0087b4 a0f51753 flt.s            x14, f10, f15       x14=00000001 f10:3fe7ca71 f15:40490fdb
13825231ns          229816 1c0087b8 06071f63 bne              x14, x0, 126        x14:00000001
13825311ns          229820 1c008836 08a7f553 fsub.s           f10, f15, f10       f10=xxxxxxxx f15:40490fdb f10:3fe7ca71
13825331ns          229821 1c00883a 10a57553 fmul.s           f10, f10, f10       f10=xxxxxxxx f10:3faa5545 f10:3faa5545
13825351ns          229822 1c00883e 1c0007b7 lui              x15, 0x1c000000     x15=1c000000
13825370ns          229823 1c008842 1c000737 lui              x14, 0x1c000000     x14=1c000000
13825390ns          229824 1c008846 13472703 lw               x14, 308(x14)       x14=bab59551 x14:1c000000  PA:1c000134
13825689ns          229839 1c00884a 1307a783 lw               x15, 304(x15)       x15=37c23ab1 x15:1c000000  PA:1c000130
13826027ns          229856 1c00884e 70f577c3 fmadd.s          f15, f10, f15, f14  f15=xxxxxxxx f10:3fe2aab8 f15:37c23ab1 f14:bab59551
13826047ns          229857 1c008852 1c000737 lui              x14, 0x1c000000     x14=1c000000
13826067ns          229858 1c008856 13872703 lw               x14, 312(x14)       x14=3d2aa76f x14:1c000000  PA:1c000138
13826385ns          229874 1c00885a 70f577c3 fmadd.s          f15, f10, f15, f14  f15=xxxxxxxx f10:3fe2aab8 f15:bab03586 f14:3d2aa76f
13826405ns          229875 1c00885e 1c000737 lui              x14, 0x1c000000     x14=1c000000
13826425ns          229876 1c008862 13c72703 lw               x14, 316(x14)       x14=beffffe0 x14:1c000000  PA:1c00013c
13826743ns          229892 1c008866 70f577c3 fmadd.s          f15, f10, f15, f14  f15=xxxxxxxx f10:3fe2aab8 f15:3d20e723 f14:beffffe0
13826763ns          229893 1c00886a 1c000737 lui              x14, 0x1c000000     x14=1c000000
13826783ns          229894 1c00886e 16872703 lw               x14, 360(x14)       x14=3f7fffff x14:1c000000  PA:1c000168
13827121ns          229911 1c008872 70f57543 fmadd.s          f10, f10, f15, f14  f10=xxxxxxxx f10:3fe2aab8 f15:bedc6209 f14:3f7fffff
13827141ns          229912 1c008876 20a51553 fsgnjn.s         f10, f10, f10       f10=xxxxxxxx f10:3e7379ee f10:3e7379ee
13827161ns          229913 1c00887a 00008067 jalr             x0, x1, 0            x1:1c0081de
13827220ns          229916 1c0081de 016a7a53 fadd.s           f20, f20, f22       f20=xxxxxxxx f20:40586d26 f22:3eaaa273
13827240ns          229917 1c0081e2 10acf553 fmul.s           f10, f25, f10       f10=xxxxxxxx f25:3f800000 f10:be7379ee
13827260ns          229918 1c0081e6 a14a97d3 flt.s            x15, f21, f20       x15=00000000 f21:40c90fdb f20:406dc174
13827280ns          229919 1c0081ea 00a4222b p.sw             x10, 4(x8!)          x8=1000151c x10:be7379ee  x8:10001518  PA:10001518
13827300ns          229920 1c0081ee 00078363 beq              x15, x0, 6          x15:00000000
13827360ns          229923 1c0081f4 ff7412e3 bne              x8, x23, -28         x8:1000151c x23:100017c8
13827419ns          229926 1c0081d8 094c7553 fsub.s           f10, f24, f20       f10=xxxxxxxx f24:3fc90fdb f20:406dc174
13827439ns          229927 1c0081dc 57c000ef jal              x1, 1404             x1=1c0081de
13827479ns          229929 1c008758 a0a527d3 feq.s            x15, f10, f10       x15=00000001 f10:c0093986 f10:c0093986
13827499ns          229930 1c00875c 0a078b63 beq              x15, x0, 182        x15:00000001
13827519ns          229931 1c00875e e00517d3 fclass.s         x15, f10            x15=00000002 f10:c0093986
13827539ns          229932 1c008762 0817f793 andi             x15, x15, 129       x15=00000000 x15:00000002
13827558ns          229933 1c008766 0a079663 bne              x15, x0, 172        x15:00000000
13827578ns          229934 1c008768 00000793 addi             x15, x0, 0          x15=00000000
13827598ns          229935 1c00876c a0f517d3 flt.s            x15, f10, f15       x15=00000001 f10:c0093986 f15:00000000
13827618ns          229936 1c008770 0a079663 bne              x15, x0, 172        x15:00000001
13827678ns          229939 1c00881c 1c0007b7 lui              x15, 0x1c000000     x15=1c000000
13827698ns          229940 1c008820 12c7a783 lw               x15, 300(x15)       x15=c0c90fdb x15:1c000000  PA:1c00012c
13828016ns          229956 1c008824 a0f517d3 flt.s            x15, f10, f15       x15=00000000 f10:c0093986 f15:c0c90fdb
13828036ns          229957 1c008828 00078463 beq              x15, x0, 8          x15:00000000
13828095ns          229960 1c008830 20a51553 fsgnjn.s         f10, f10, f10       f10=xxxxxxxx f10:c0093986 f10:c0093986
13828115ns          229961 1c008834 f6bff06f jal              x0, -150           
13828175ns          229964 1c00879e 1c0007b7 lui              x15, 0x1c000000     x15=1c000000
13828195ns          229965 1c0087a2 01c7a783 lw               x15, 28(x15)        x15=3fc90fdb x15:1c000000  PA:1c00001c
13828533ns          229982 1c0087a6 a0f517d3 flt.s            x15, f10, f15       x15=00000000 f10:40093986 f15:3fc90fdb
13828553ns          229983 1c0087aa 02079563 bne              x15, x0, 42         x15:00000000
13828573ns          229984 1c0087ac 1c0007b7 lui              x15, 0x1c000000     x15=1c000000
13828593ns          229985 1c0087b0 1007a783 lw               x15, 256(x15)       x15=40490fdb x15:1c000000  PA:1c000100
13828931ns          230002 1c0087b4 a0f51753 flt.s            x14, f10, f15       x14=00000001 f10:40093986 f15:40490fdb
13828951ns          230003 1c0087b8 06071f63 bne              x14, x0, 126        x14:00000001
13829030ns          230007 1c008836 08a7f553 fsub.s           f10, f15, f10       f10=xxxxxxxx f15:40490fdb f10:40093986
13829050ns          230008 1c00883a 10a57553 fmul.s           f10, f10, f10       f10=xxxxxxxx f10:3f7f5954 f10:3f7f5954
13829070ns          230009 1c00883e 1c0007b7 lui              x15, 0x1c000000     x15=1c000000
13829090ns          230010 1c008842 1c000737 lui              x14, 0x1c000000     x14=1c000000
13829110ns          230011 1c008846 13472703 lw               x14, 308(x14)       x14=bab59551 x14:1c000000  PA:1c000134
13829408ns          230026 1c00884a 1307a783 lw               x15, 304(x15)       x15=37c23ab1 x15:1c000000  PA:1c000130
13829746ns          230043 1c00884e 70f577c3 fmadd.s          f15, f10, f15, f14  f15=xxxxxxxx f10:3f7eb315 f15:37c23ab1 f14:bab59551
13829766ns          230044 1c008852 1c000737 lui              x14, 0x1c000000     x14=1c000000
13829786ns          230045 1c008856 13872703 lw               x14, 312(x14)       x14=3d2aa76f x14:1c000000  PA:1c000138
13830104ns          230061 1c00885a 70f577c3 fmadd.s          f15, f10, f15, f14  f15=xxxxxxxx f10:3f7eb315 f15:bab29059 f14:3d2aa76f
13830124ns          230062 1c00885e 1c000737 lui              x14, 0x1c000000     x14=1c000000
13830144ns          230063 1c008862 13c72703 lw               x14, 316(x14)       x14=beffffe0 x14:1c000000  PA:1c00013c
13830482ns          230080 1c008866 70f577c3 fmadd.s          f15, f10, f15, f14  f15=xxxxxxxx f10:3f7eb315 f15:3d251a2e f14:beffffe0
13830502ns          230081 1c00886a 1c000737 lui              x14, 0x1c000000     x14=1c000000
13830522ns          230082 1c00886e 16872703 lw               x14, 360(x14)       x14=3f7fffff x14:1c000000  PA:1c000168
13830840ns          230098 1c008872 70f57543 fmadd.s          f10, f10, f15, f14  f10=xxxxxxxx f10:3f7eb315 f15:beeb7771 f14:3f7fffff
13830860ns          230099 1c008876 20a51553 fsgnjn.s         f10, f10, f10       f10=xxxxxxxx f10:3f0add62 f10:3f0add62
13830880ns          230100 1c00887a 00008067 jalr             x0, x1, 0            x1:1c0081de
13830940ns          230103 1c0081de 016a7a53 fadd.s           f20, f20, f22       f20=xxxxxxxx f20:406dc174 f22:3eaaa273
13830960ns          230104 1c0081e2 10acf553 fmul.s           f10, f25, f10       f10=xxxxxxxx f25:3f800000 f10:bf0add62
13830980ns          230105 1c0081e6 a14a97d3 flt.s            x15, f21, f20       x15=00000000 f21:40c90fdb f20:40818ae1
13831000ns          230106 1c0081ea 00a4222b p.sw             x10, 4(x8!)          x8=10001520 x10:bf0add62  x8:1000151c  PA:1000151c
13831019ns          230107 1c0081ee 00078363 beq              x15, x0, 6          x15:00000000
13831079ns          230110 1c0081f4 ff7412e3 bne              x8, x23, -28         x8:10001520 x23:100017c8
13831139ns          230113 1c0081d8 094c7553 fsub.s           f10, f24, f20       f10=xxxxxxxx f24:3fc90fdb f20:40818ae1
13831159ns          230114 1c0081dc 57c000ef jal              x1, 1404             x1=1c0081de
13831198ns          230116 1c008758 a0a527d3 feq.s            x15, f10, f10       x15=00000001 f10:c01e8dd4 f10:c01e8dd4
13831218ns          230117 1c00875c 0a078b63 beq              x15, x0, 182        x15:00000001
13831238ns          230118 1c00875e e00517d3 fclass.s         x15, f10            x15=00000002 f10:c01e8dd4
13831258ns          230119 1c008762 0817f793 andi             x15, x15, 129       x15=00000000 x15:00000002
13831278ns          230120 1c008766 0a079663 bne              x15, x0, 172        x15:00000000
13831298ns          230121 1c008768 00000793 addi             x15, x0, 0          x15=00000000
13831318ns          230122 1c00876c a0f517d3 flt.s            x15, f10, f15       x15=00000001 f10:c01e8dd4 f15:00000000
13831338ns          230123 1c008770 0a079663 bne              x15, x0, 172        x15:00000001
13831397ns          230126 1c00881c 1c0007b7 lui              x15, 0x1c000000     x15=1c000000
13831417ns          230127 1c008820 12c7a783 lw               x15, 300(x15)       x15=c0c90fdb x15:1c000000  PA:1c00012c
13831736ns          230143 1c008824 a0f517d3 flt.s            x15, f10, f15       x15=00000000 f10:c01e8dd4 f15:c0c90fdb
13831755ns          230144 1c008828 00078463 beq              x15, x0, 8          x15:00000000
13831815ns          230147 1c008830 20a51553 fsgnjn.s         f10, f10, f10       f10=xxxxxxxx f10:c01e8dd4 f10:c01e8dd4
13831835ns          230148 1c008834 f6bff06f jal              x0, -150           
13831895ns          230151 1c00879e 1c0007b7 lui              x15, 0x1c000000     x15=1c000000
13831915ns          230152 1c0087a2 01c7a783 lw               x15, 28(x15)        x15=3fc90fdb x15:1c000000  PA:1c00001c
13832273ns          230170 1c0087a6 a0f517d3 flt.s            x15, f10, f15       x15=00000000 f10:401e8dd4 f15:3fc90fdb
13832292ns          230171 1c0087aa 02079563 bne              x15, x0, 42         x15:00000000
13832312ns          230172 1c0087ac 1c0007b7 lui              x15, 0x1c000000     x15=1c000000
13832332ns          230173 1c0087b0 1007a783 lw               x15, 256(x15)       x15=40490fdb x15:1c000000  PA:1c000100
13832650ns          230189 1c0087b4 a0f51753 flt.s            x14, f10, f15       x14=00000001 f10:401e8dd4 f15:40490fdb
13832670ns          230190 1c0087b8 06071f63 bne              x14, x0, 126        x14:00000001
13832750ns          230194 1c008836 08a7f553 fsub.s           f10, f15, f10       f10=xxxxxxxx f15:40490fdb f10:401e8dd4
13832770ns          230195 1c00883a 10a57553 fmul.s           f10, f10, f10       f10=xxxxxxxx f10:3f2a081c f10:3f2a081c
13832790ns          230196 1c00883e 1c0007b7 lui              x15, 0x1c000000     x15=1c000000
13832810ns          230197 1c008842 1c000737 lui              x14, 0x1c000000     x14=1c000000
13832829ns          230198 1c008846 13472703 lw               x14, 308(x14)       x14=bab59551 x14:1c000000  PA:1c000134
13833128ns          230213 1c00884a 1307a783 lw               x15, 304(x15)       x15=37c23ab1 x15:1c000000  PA:1c000130
13833446ns          230229 1c00884e 70f577c3 fmadd.s          f15, f10, f15, f14  f15=xxxxxxxx f10:3ee1dd8b f15:37c23ab1 f14:bab59551
13833466ns          230230 1c008852 1c000737 lui              x14, 0x1c000000     x14=1c000000
13833486ns          230231 1c008856 13872703 lw               x14, 312(x14)       x14=3d2aa76f x14:1c000000  PA:1c000138
13833824ns          230248 1c00885a 70f577c3 fmadd.s          f15, f10, f15, f14  f15=xxxxxxxx f10:3ee1dd8b f15:bab43e96 f14:3d2aa76f
13833844ns          230249 1c00885e 1c000737 lui              x14, 0x1c000000     x14=1c000000
13833864ns          230250 1c008862 13c72703 lw               x14, 316(x14)       x14=beffffe0 x14:1c000000  PA:1c00013c
13834182ns          230266 1c008866 70f577c3 fmadd.s          f15, f10, f15, f14  f15=xxxxxxxx f10:3ee1dd8b f15:3d282b53 f14:beffffe0
13834202ns          230267 1c00886a 1c000737 lui              x14, 0x1c000000     x14=1c000000
13834222ns          230268 1c00886e 16872703 lw               x14, 360(x14)       x14=3f7fffff x14:1c000000  PA:1c000168
13834540ns          230284 1c008872 70f57543 fmadd.s          f10, f10, f15, f14  f10=xxxxxxxx f10:3ee1dd8b f15:bef6b9e6 f14:3f7fffff
13834560ns          230285 1c008876 20a51553 fsgnjn.s         f10, f10, f10       f10=xxxxxxxx f10:3f499445 f10:3f499445
13834580ns          230286 1c00887a 00008067 jalr             x0, x1, 0            x1:1c0081de
13834640ns          230289 1c0081de 016a7a53 fadd.s           f20, f20, f22       f20=xxxxxxxx f20:40818ae1 f22:3eaaa273
13834659ns          230290 1c0081e2 10acf553 fmul.s           f10, f25, f10       f10=xxxxxxxx f25:3f800000 f10:bf499445
13834679ns          230291 1c0081e6 a14a97d3 flt.s            x15, f21, f20       x15=00000000 f21:40c90fdb f20:408c3508
13834699ns          230292 1c0081ea 00a4222b p.sw             x10, 4(x8!)          x8=10001524 x10:bf499445  x8:10001520  PA:10001520
13834719ns          230293 1c0081ee 00078363 beq              x15, x0, 6          x15:00000000
13834779ns          230296 1c0081f4 ff7412e3 bne              x8, x23, -28         x8:10001524 x23:100017c8
13834838ns          230299 1c0081d8 094c7553 fsub.s           f10, f24, f20       f10=xxxxxxxx f24:3fc90fdb f20:408c3508
13834858ns          230300 1c0081dc 57c000ef jal              x1, 1404             x1=1c0081de
13834898ns          230302 1c008758 a0a527d3 feq.s            x15, f10, f10       x15=00000001 f10:c033e222 f10:c033e222
13834918ns          230303 1c00875c 0a078b63 beq              x15, x0, 182        x15:00000001
13834938ns          230304 1c00875e e00517d3 fclass.s         x15, f10            x15=00000002 f10:c033e222
13834958ns          230305 1c008762 0817f793 andi             x15, x15, 129       x15=00000000 x15:00000002
13834978ns          230306 1c008766 0a079663 bne              x15, x0, 172        x15:00000000
13834998ns          230307 1c008768 00000793 addi             x15, x0, 0          x15=00000000
13835017ns          230308 1c00876c a0f517d3 flt.s            x15, f10, f15       x15=00000001 f10:c033e222 f15:00000000
13835037ns          230309 1c008770 0a079663 bne              x15, x0, 172        x15:00000001
13835097ns          230312 1c00881c 1c0007b7 lui              x15, 0x1c000000     x15=1c000000
13835117ns          230313 1c008820 12c7a783 lw               x15, 300(x15)       x15=c0c90fdb x15:1c000000  PA:1c00012c
13835435ns          230329 1c008824 a0f517d3 flt.s            x15, f10, f15       x15=00000000 f10:c033e222 f15:c0c90fdb
13835455ns          230330 1c008828 00078463 beq              x15, x0, 8          x15:00000000
13835515ns          230333 1c008830 20a51553 fsgnjn.s         f10, f10, f10       f10=xxxxxxxx f10:c033e222 f10:c033e222
13835535ns          230334 1c008834 f6bff06f jal              x0, -150           
13835594ns          230337 1c00879e 1c0007b7 lui              x15, 0x1c000000     x15=1c000000
13835614ns          230338 1c0087a2 01c7a783 lw               x15, 28(x15)        x15=3fc90fdb x15:1c000000  PA:1c00001c
13835952ns          230355 1c0087a6 a0f517d3 flt.s            x15, f10, f15       x15=00000000 f10:4033e222 f15:3fc90fdb
13835972ns          230356 1c0087aa 02079563 bne              x15, x0, 42         x15:00000000
13835992ns          230357 1c0087ac 1c0007b7 lui              x15, 0x1c000000     x15=1c000000
13836012ns          230358 1c0087b0 1007a783 lw               x15, 256(x15)       x15=40490fdb x15:1c000000  PA:1c000100
13836330ns          230374 1c0087b4 a0f51753 flt.s            x14, f10, f15       x14=00000001 f10:4033e222 f15:40490fdb
13836350ns          230375 1c0087b8 06071f63 bne              x14, x0, 126        x14:00000001
13836430ns          230379 1c008836 08a7f553 fsub.s           f10, f15, f10       f10=xxxxxxxx f15:40490fdb f10:4033e222
13836450ns          230380 1c00883a 10a57553 fmul.s           f10, f10, f10       f10=xxxxxxxx f10:3ea96dc8 f10:3ea96dc8
13836470ns          230381 1c00883e 1c0007b7 lui              x15, 0x1c000000     x15=1c000000
13836489ns          230382 1c008842 1c000737 lui              x14, 0x1c000000     x14=1c000000
13836509ns          230383 1c008846 13472703 lw               x14, 308(x14)       x14=bab59551 x14:1c000000  PA:1c000134
13836828ns          230399 1c00884a 1307a783 lw               x15, 304(x15)       x15=37c23ab1 x15:1c000000  PA:1c000130
13837146ns          230415 1c00884e 70f577c3 fmadd.s          f15, f10, f15, f14  f15=xxxxxxxx f10:3de04442 f15:37c23ab1 f14:bab59551
13837166ns          230416 1c008852 1c000737 lui              x14, 0x1c000000     x14=1c000000
13837186ns          230417 1c008856 13872703 lw               x14, 312(x14)       x14=3d2aa76f x14:1c000000  PA:1c000138
13837504ns          230433 1c00885a 70f577c3 fmadd.s          f15, f10, f15, f14  f15=xxxxxxxx f10:3de04442 f15:bab5403d f14:3d2aa76f
13837524ns          230434 1c00885e 1c000737 lui              x14, 0x1c000000     x14=1c000000
13837544ns          230435 1c008862 13c72703 lw               x14, 316(x14)       x14=beffffe0 x14:1c000000  PA:1c00013c
13837882ns          230452 1c008866 70f577c3 fmadd.s          f15, f10, f15, f14  f15=xxxxxxxx f10:3de04442 f15:3d2a08a6 f14:beffffe0
13837902ns          230453 1c00886a 1c000737 lui              x14, 0x1c000000     x14=1c000000
13837922ns          230454 1c00886e 16872703 lw               x14, 360(x14)       x14=3f7fffff x14:1c000000  PA:1c000168
13838260ns          230471 1c008872 70f57543 fmadd.s          f10, f10, f15, f14  f10=xxxxxxxx f10:3de04442 f15:befdac0c f14:3f7fffff
13838280ns          230472 1c008876 20a51553 fsgnjn.s         f10, f10, f10       f10=xxxxxxxx f10:3f721c5c f10:3f721c5c
13838299ns          230473 1c00887a 00008067 jalr             x0, x1, 0            x1:1c0081de
13838359ns          230476 1c0081de 016a7a53 fadd.s           f20, f20, f22       f20=xxxxxxxx f20:408c3508 f22:3eaaa273
13838379ns          230477 1c0081e2 10acf553 fmul.s           f10, f25, f10       f10=xxxxxxxx f25:3f800000 f10:bf721c5c
13838399ns          230478 1c0081e6 a14a97d3 flt.s            x15, f21, f20       x15=00000000 f21:40c90fdb f20:4096df2f
13838419ns          230479 1c0081ea 00a4222b p.sw             x10, 4(x8!)          x8=10001528 x10:bf721c5c  x8:10001524  PA:10001524
13838439ns          230480 1c0081ee 00078363 beq              x15, x0, 6          x15:00000000
13838498ns          230483 1c0081f4 ff7412e3 bne              x8, x23, -28         x8:10001528 x23:100017c8
13838558ns          230486 1c0081d8 094c7553 fsub.s           f10, f24, f20       f10=xxxxxxxx f24:3fc90fdb f20:4096df2f
13838578ns          230487 1c0081dc 57c000ef jal              x1, 1404             x1=1c0081de
13838618ns          230489 1c008758 a0a527d3 feq.s            x15, f10, f10       x15=00000001 f10:c0493670 f10:c0493670
13838638ns          230490 1c00875c 0a078b63 beq              x15, x0, 182        x15:00000001
13838657ns          230491 1c00875e e00517d3 fclass.s         x15, f10            x15=00000002 f10:c0493670
13838677ns          230492 1c008762 0817f793 andi             x15, x15, 129       x15=00000000 x15:00000002
13838697ns          230493 1c008766 0a079663 bne              x15, x0, 172        x15:00000000
13838717ns          230494 1c008768 00000793 addi             x15, x0, 0          x15=00000000
13838737ns          230495 1c00876c a0f517d3 flt.s            x15, f10, f15       x15=00000001 f10:c0493670 f15:00000000
13838757ns          230496 1c008770 0a079663 bne              x15, x0, 172        x15:00000001
13838817ns          230499 1c00881c 1c0007b7 lui              x15, 0x1c000000     x15=1c000000
13838837ns          230500 1c008820 12c7a783 lw               x15, 300(x15)       x15=c0c90fdb x15:1c000000  PA:1c00012c
13839175ns          230517 1c008824 a0f517d3 flt.s            x15, f10, f15       x15=00000000 f10:c0493670 f15:c0c90fdb
13839195ns          230518 1c008828 00078463 beq              x15, x0, 8          x15:00000000
13839254ns          230521 1c008830 20a51553 fsgnjn.s         f10, f10, f10       f10=xxxxxxxx f10:c0493670 f10:c0493670
13839274ns          230522 1c008834 f6bff06f jal              x0, -150           
13839334ns          230525 1c00879e 1c0007b7 lui              x15, 0x1c000000     x15=1c000000
13839354ns          230526 1c0087a2 01c7a783 lw               x15, 28(x15)        x15=3fc90fdb x15:1c000000  PA:1c00001c
13839692ns          230543 1c0087a6 a0f517d3 flt.s            x15, f10, f15       x15=00000000 f10:40493670 f15:3fc90fdb
13839712ns          230544 1c0087aa 02079563 bne              x15, x0, 42         x15:00000000
13839732ns          230545 1c0087ac 1c0007b7 lui              x15, 0x1c000000     x15=1c000000
13839751ns          230546 1c0087b0 1007a783 lw               x15, 256(x15)       x15=40490fdb x15:1c000000  PA:1c000100
13840070ns          230562 1c0087b4 a0f51753 flt.s            x14, f10, f15       x14=00000000 f10:40493670 f15:40490fdb
13840090ns          230563 1c0087b8 06071f63 bne              x14, x0, 126        x14:00000000
13840110ns          230564 1c0087ba 1c000737 lui              x14, 0x1c000000     x14=1c000000
13840129ns          230565 1c0087be 14072703 lw               x14, 320(x14)       x14=4096cbe4 x14:1c000000  PA:1c000140
13840468ns          230582 1c0087c2 a0e51753 flt.s            x14, f10, f14       x14=00000001 f10:40493670 f14:4096cbe4
13840487ns          230583 1c0087c6 0a071b63 bne              x14, x0, 182        x14:00000001
13840547ns          230586 1c00887c 08f57553 fsub.s           f10, f10, f15       f10=xxxxxxxx f10:40493670 f15:40490fdb
13840567ns          230587 1c008880 fbbff06f jal              x0, -70            
13840627ns          230590 1c00883a 10a57553 fmul.s           f10, f10, f10       f10=xxxxxxxx f10:3b1a5400 f10:3b1a5400
13840647ns          230591 1c00883e 1c0007b7 lui              x15, 0x1c000000     x15=1c000000
13840666ns          230592 1c008842 1c000737 lui              x14, 0x1c000000     x14=1c000000
13840686ns          230593 1c008846 13472703 lw               x14, 308(x14)       x14=bab59551 x14:1c000000  PA:1c000134
13841005ns          230609 1c00884a 1307a783 lw               x15, 304(x15)       x15=37c23ab1 x15:1c000000  PA:1c000130
13841343ns          230626 1c00884e 70f577c3 fmadd.s          f15, f10, f15, f14  f15=xxxxxxxx f10:36ba1257 f15:37c23ab1 f14:bab59551
13841363ns          230627 1c008852 1c000737 lui              x14, 0x1c000000     x14=1c000000
13841383ns          230628 1c008856 13872703 lw               x14, 312(x14)       x14=3d2aa76f x14:1c000000  PA:1c000138
13841701ns          230644 1c00885a 70f577c3 fmadd.s          f15, f10, f15, f14  f15=xxxxxxxx f10:36ba1257 f15:bab59550 f14:3d2aa76f
13841721ns          230645 1c00885e 1c000737 lui              x14, 0x1c000000     x14=1c000000
13841741ns          230646 1c008862 13c72703 lw               x14, 316(x14)       x14=beffffe0 x14:1c000000  PA:1c00013c
13842099ns          230664 1c008866 70f577c3 fmadd.s          f15, f10, f15, f14  f15=xxxxxxxx f10:36ba1257 f15:3d2aa76d f14:beffffe0
13842118ns          230665 1c00886a 1c000737 lui              x14, 0x1c000000     x14=1c000000
13842138ns          230666 1c00886e 16872703 lw               x14, 360(x14)       x14=3f7fffff x14:1c000000  PA:1c000168
13842457ns          230682 1c008872 70f57543 fmadd.s          f10, f10, f15, f14  f10=xxxxxxxx f10:36ba1257 f15:beffffd8 f14:3f7fffff
13842477ns          230683 1c008876 20a51553 fsgnjn.s         f10, f10, f10       f10=xxxxxxxx f10:3f7fffd0 f10:3f7fffd0
13842496ns          230684 1c00887a 00008067 jalr             x0, x1, 0            x1:1c0081de
13842556ns          230687 1c0081de 016a7a53 fadd.s           f20, f20, f22       f20=xxxxxxxx f20:4096df2f f22:3eaaa273
13842576ns          230688 1c0081e2 10acf553 fmul.s           f10, f25, f10       f10=xxxxxxxx f25:3f800000 f10:bf7fffd0
13842596ns          230689 1c0081e6 a14a97d3 flt.s            x15, f21, f20       x15=00000000 f21:40c90fdb f20:40a18956
13842616ns          230690 1c0081ea 00a4222b p.sw             x10, 4(x8!)          x8=1000152c x10:bf7fffd0  x8:10001528  PA:10001528
13842636ns          230691 1c0081ee 00078363 beq              x15, x0, 6          x15:00000000
13842695ns          230694 1c0081f4 ff7412e3 bne              x8, x23, -28         x8:1000152c x23:100017c8
13842755ns          230697 1c0081d8 094c7553 fsub.s           f10, f24, f20       f10=xxxxxxxx f24:3fc90fdb f20:40a18956
13842775ns          230698 1c0081dc 57c000ef jal              x1, 1404             x1=1c0081de
13842815ns          230700 1c008758 a0a527d3 feq.s            x15, f10, f10       x15=00000001 f10:c05e8abe f10:c05e8abe
13842835ns          230701 1c00875c 0a078b63 beq              x15, x0, 182        x15:00000001
13842854ns          230702 1c00875e e00517d3 fclass.s         x15, f10            x15=00000002 f10:c05e8abe
13842874ns          230703 1c008762 0817f793 andi             x15, x15, 129       x15=00000000 x15:00000002
13842894ns          230704 1c008766 0a079663 bne              x15, x0, 172        x15:00000000
13842914ns          230705 1c008768 00000793 addi             x15, x0, 0          x15=00000000
13842934ns          230706 1c00876c a0f517d3 flt.s            x15, f10, f15       x15=00000001 f10:c05e8abe f15:00000000
13842954ns          230707 1c008770 0a079663 bne              x15, x0, 172        x15:00000001
13843014ns          230710 1c00881c 1c0007b7 lui              x15, 0x1c000000     x15=1c000000
13843033ns          230711 1c008820 12c7a783 lw               x15, 300(x15)       x15=c0c90fdb x15:1c000000  PA:1c00012c
13843372ns          230728 1c008824 a0f517d3 flt.s            x15, f10, f15       x15=00000000 f10:c05e8abe f15:c0c90fdb
13843391ns          230729 1c008828 00078463 beq              x15, x0, 8          x15:00000000
13843451ns          230732 1c008830 20a51553 fsgnjn.s         f10, f10, f10       f10=xxxxxxxx f10:c05e8abe f10:c05e8abe
13843471ns          230733 1c008834 f6bff06f jal              x0, -150           
13843531ns          230736 1c00879e 1c0007b7 lui              x15, 0x1c000000     x15=1c000000
13843551ns          230737 1c0087a2 01c7a783 lw               x15, 28(x15)        x15=3fc90fdb x15:1c000000  PA:1c00001c
13843869ns          230753 1c0087a6 a0f517d3 flt.s            x15, f10, f15       x15=00000000 f10:405e8abe f15:3fc90fdb
13843889ns          230754 1c0087aa 02079563 bne              x15, x0, 42         x15:00000000
13843909ns          230755 1c0087ac 1c0007b7 lui              x15, 0x1c000000     x15=1c000000
13843929ns          230756 1c0087b0 1007a783 lw               x15, 256(x15)       x15=40490fdb x15:1c000000  PA:1c000100
13844267ns          230773 1c0087b4 a0f51753 flt.s            x14, f10, f15       x14=00000000 f10:405e8abe f15:40490fdb
13844287ns          230774 1c0087b8 06071f63 bne              x14, x0, 126        x14:00000000
13844306ns          230775 1c0087ba 1c000737 lui              x14, 0x1c000000     x14=1c000000
13844326ns          230776 1c0087be 14072703 lw               x14, 320(x14)       x14=4096cbe4 x14:1c000000  PA:1c000140
13844645ns          230792 1c0087c2 a0e51753 flt.s            x14, f10, f14       x14=00000001 f10:405e8abe f14:4096cbe4
13844664ns          230793 1c0087c6 0a071b63 bne              x14, x0, 182        x14:00000001
13844724ns          230796 1c00887c 08f57553 fsub.s           f10, f10, f15       f10=xxxxxxxx f10:405e8abe f15:40490fdb
13844744ns          230797 1c008880 fbbff06f jal              x0, -70            
13844804ns          230800 1c00883a 10a57553 fmul.s           f10, f10, f10       f10=xxxxxxxx f10:3eabd718 f10:3eabd718
13844824ns          230801 1c00883e 1c0007b7 lui              x15, 0x1c000000     x15=1c000000
13844844ns          230802 1c008842 1c000737 lui              x14, 0x1c000000     x14=1c000000
13844863ns          230803 1c008846 13472703 lw               x14, 308(x14)       x14=bab59551 x14:1c000000  PA:1c000134
13845162ns          230818 1c00884a 1307a783 lw               x15, 304(x15)       x15=37c23ab1 x15:1c000000  PA:1c000130
13845480ns          230834 1c00884e 70f577c3 fmadd.s          f15, f10, f15, f14  f15=xxxxxxxx f10:3de6b21e f15:37c23ab1 f14:bab59551
13845500ns          230835 1c008852 1c000737 lui              x14, 0x1c000000     x14=1c000000
13845520ns          230836 1c008856 13872703 lw               x14, 312(x14)       x14=3d2aa76f x14:1c000000  PA:1c000138
13845858ns          230853 1c00885a 70f577c3 fmadd.s          f15, f10, f15, f14  f15=xxxxxxxx f10:3de6b21e f15:bab53dcd f14:3d2aa76f
13845878ns          230854 1c00885e 1c000737 lui              x14, 0x1c000000     x14=1c000000
13845898ns          230855 1c008862 13c72703 lw               x14, 316(x14)       x14=beffffe0 x14:1c000000  PA:1c00013c
13846216ns          230871 1c008866 70f577c3 fmadd.s          f15, f10, f15, f14  f15=xxxxxxxx f10:3de6b21e f15:3d2a041b f14:beffffe0
13846236ns          230872 1c00886a 1c000737 lui              x14, 0x1c000000     x14=1c000000
13846256ns          230873 1c00886e 16872703 lw               x14, 360(x14)       x14=3f7fffff x14:1c000000  PA:1c000168
13846574ns          230889 1c008872 70f57543 fmadd.s          f10, f10, f15, f14  f10=xxxxxxxx f10:3de6b21e f15:befd9b08 f14:3f7fffff
13846594ns          230890 1c008876 20a51553 fsgnjn.s         f10, f10, f10       f10=xxxxxxxx f10:3f71b763 f10:3f71b763
13846614ns          230891 1c00887a 00008067 jalr             x0, x1, 0            x1:1c0081de
13846673ns          230894 1c0081de 016a7a53 fadd.s           f20, f20, f22       f20=xxxxxxxx f20:40a18956 f22:3eaaa273
13846693ns          230895 1c0081e2 10acf553 fmul.s           f10, f25, f10       f10=xxxxxxxx f25:3f800000 f10:bf71b763
13846713ns          230896 1c0081e6 a14a97d3 flt.s            x15, f21, f20       x15=00000000 f21:40c90fdb f20:40ac337d
13846733ns          230897 1c0081ea 00a4222b p.sw             x10, 4(x8!)          x8=10001530 x10:bf71b763  x8:1000152c  PA:1000152c
13846753ns          230898 1c0081ee 00078363 beq              x15, x0, 6          x15:00000000
13846813ns          230901 1c0081f4 ff7412e3 bne              x8, x23, -28         x8:10001530 x23:100017c8
13846872ns          230904 1c0081d8 094c7553 fsub.s           f10, f24, f20       f10=xxxxxxxx f24:3fc90fdb f20:40ac337d
13846892ns          230905 1c0081dc 57c000ef jal              x1, 1404             x1=1c0081de
13846932ns          230907 1c008758 a0a527d3 feq.s            x15, f10, f10       x15=00000001 f10:c073df0c f10:c073df0c
13846952ns          230908 1c00875c 0a078b63 beq              x15, x0, 182        x15:00000001
13846972ns          230909 1c00875e e00517d3 fclass.s         x15, f10            x15=00000002 f10:c073df0c
13846992ns          230910 1c008762 0817f793 andi             x15, x15, 129       x15=00000000 x15:00000002
13847012ns          230911 1c008766 0a079663 bne              x15, x0, 172        x15:00000000
13847031ns          230912 1c008768 00000793 addi             x15, x0, 0          x15=00000000
13847051ns          230913 1c00876c a0f517d3 flt.s            x15, f10, f15       x15=00000001 f10:c073df0c f15:00000000
13847071ns          230914 1c008770 0a079663 bne              x15, x0, 172        x15:00000001
13847131ns          230917 1c00881c 1c0007b7 lui              x15, 0x1c000000     x15=1c000000
13847151ns          230918 1c008820 12c7a783 lw               x15, 300(x15)       x15=c0c90fdb x15:1c000000  PA:1c00012c
13847469ns          230934 1c008824 a0f517d3 flt.s            x15, f10, f15       x15=00000000 f10:c073df0c f15:c0c90fdb
13847489ns          230935 1c008828 00078463 beq              x15, x0, 8          x15:00000000
13847549ns          230938 1c008830 20a51553 fsgnjn.s         f10, f10, f10       f10=xxxxxxxx f10:c073df0c f10:c073df0c
13847569ns          230939 1c008834 f6bff06f jal              x0, -150           
13847628ns          230942 1c00879e 1c0007b7 lui              x15, 0x1c000000     x15=1c000000
13847648ns          230943 1c0087a2 01c7a783 lw               x15, 28(x15)        x15=3fc90fdb x15:1c000000  PA:1c00001c
13847966ns          230959 1c0087a6 a0f517d3 flt.s            x15, f10, f15       x15=00000000 f10:4073df0c f15:3fc90fdb
13847986ns          230960 1c0087aa 02079563 bne              x15, x0, 42         x15:00000000
13848006ns          230961 1c0087ac 1c0007b7 lui              x15, 0x1c000000     x15=1c000000
13848026ns          230962 1c0087b0 1007a783 lw               x15, 256(x15)       x15=40490fdb x15:1c000000  PA:1c000100
13848344ns          230978 1c0087b4 a0f51753 flt.s            x14, f10, f15       x14=00000000 f10:4073df0c f15:40490fdb
13848364ns          230979 1c0087b8 06071f63 bne              x14, x0, 126        x14:00000000
13848384ns          230980 1c0087ba 1c000737 lui              x14, 0x1c000000     x14=1c000000
13848404ns          230981 1c0087be 14072703 lw               x14, 320(x14)       x14=4096cbe4 x14:1c000000  PA:1c000140
13848722ns          230997 1c0087c2 a0e51753 flt.s            x14, f10, f14       x14=00000001 f10:4073df0c f14:4096cbe4
13848742ns          230998 1c0087c6 0a071b63 bne              x14, x0, 182        x14:00000001
13848802ns          231001 1c00887c 08f57553 fsub.s           f10, f10, f15       f10=xxxxxxxx f10:4073df0c f15:40490fdb
13848822ns          231002 1c008880 fbbff06f jal              x0, -70            
13848881ns          231005 1c00883a 10a57553 fmul.s           f10, f10, f10       f10=xxxxxxxx f10:3f2b3cc4 f10:3f2b3cc4
13848901ns          231006 1c00883e 1c0007b7 lui              x15, 0x1c000000     x15=1c000000
13848921ns          231007 1c008842 1c000737 lui              x14, 0x1c000000     x14=1c000000
13848941ns          231008 1c008846 13472703 lw               x14, 308(x14)       x14=bab59551 x14:1c000000  PA:1c000134
13849279ns          231025 1c00884a 1307a783 lw               x15, 304(x15)       x15=37c23ab1 x15:1c000000  PA:1c000130
13849597ns          231041 1c00884e 70f577c3 fmadd.s          f15, f10, f15, f14  f15=xxxxxxxx f10:3ee51479 f15:37c23ab1 f14:bab59551
13849617ns          231042 1c008852 1c000737 lui              x14, 0x1c000000     x14=1c000000
13849637ns          231043 1c008856 13872703 lw               x14, 312(x14)       x14=3d2aa76f x14:1c000000  PA:1c000138
13849955ns          231059 1c00885a 70f577c3 fmadd.s          f15, f10, f15, f14  f15=xxxxxxxx f10:3ee51479 f15:bab439b5 f14:3d2aa76f
13849975ns          231060 1c00885e 1c000737 lui              x14, 0x1c000000     x14=1c000000
13849995ns          231061 1c008862 13c72703 lw               x14, 316(x14)       x14=beffffe0 x14:1c000000  PA:1c00013c
13850313ns          231077 1c008866 70f577c3 fmadd.s          f15, f10, f15, f14  f15=xxxxxxxx f10:3ee51479 f15:3d282257 f14:beffffe0
13850333ns          231078 1c00886a 1c000737 lui              x14, 0x1c000000     x14=1c000000
13850353ns          231079 1c00886e 16872703 lw               x14, 360(x14)       x14=3f7fffff x14:1c000000  PA:1c000168
13850671ns          231095 1c008872 70f57543 fmadd.s          f10, f10, f15, f14  f10=xxxxxxxx f10:3ee51479 f15:bef6989d f14:3f7fffff
13850691ns          231096 1c008876 20a51553 fsgnjn.s         f10, f10, f10       f10=xxxxxxxx f10:3f48d570 f10:3f48d570
13850711ns          231097 1c00887a 00008067 jalr             x0, x1, 0            x1:1c0081de
13850771ns          231100 1c0081de 016a7a53 fadd.s           f20, f20, f22       f20=xxxxxxxx f20:40ac337d f22:3eaaa273
13850791ns          231101 1c0081e2 10acf553 fmul.s           f10, f25, f10       f10=xxxxxxxx f25:3f800000 f10:bf48d570
13850811ns          231102 1c0081e6 a14a97d3 flt.s            x15, f21, f20       x15=00000000 f21:40c90fdb f20:40b6dda4
13850831ns          231103 1c0081ea 00a4222b p.sw             x10, 4(x8!)          x8=10001534 x10:bf48d570  x8:10001530  PA:10001530
13850851ns          231104 1c0081ee 00078363 beq              x15, x0, 6          x15:00000000
13850910ns          231107 1c0081f4 ff7412e3 bne              x8, x23, -28         x8:10001534 x23:100017c8
13850970ns          231110 1c0081d8 094c7553 fsub.s           f10, f24, f20       f10=xxxxxxxx f24:3fc90fdb f20:40b6dda4
13850990ns          231111 1c0081dc 57c000ef jal              x1, 1404             x1=1c0081de
13851030ns          231113 1c008758 a0a527d3 feq.s            x15, f10, f10       x15=00000001 f10:c08499ad f10:c08499ad
13851049ns          231114 1c00875c 0a078b63 beq              x15, x0, 182        x15:00000001
13851069ns          231115 1c00875e e00517d3 fclass.s         x15, f10            x15=00000002 f10:c08499ad
13851089ns          231116 1c008762 0817f793 andi             x15, x15, 129       x15=00000000 x15:00000002
13851109ns          231117 1c008766 0a079663 bne              x15, x0, 172        x15:00000000
13851129ns          231118 1c008768 00000793 addi             x15, x0, 0          x15=00000000
13851149ns          231119 1c00876c a0f517d3 flt.s            x15, f10, f15       x15=00000001 f10:c08499ad f15:00000000
13851169ns          231120 1c008770 0a079663 bne              x15, x0, 172        x15:00000001
13851228ns          231123 1c00881c 1c0007b7 lui              x15, 0x1c000000     x15=1c000000
13851248ns          231124 1c008820 12c7a783 lw               x15, 300(x15)       x15=c0c90fdb x15:1c000000  PA:1c00012c
13851567ns          231140 1c008824 a0f517d3 flt.s            x15, f10, f15       x15=00000000 f10:c08499ad f15:c0c90fdb
13851586ns          231141 1c008828 00078463 beq              x15, x0, 8          x15:00000000
13851646ns          231144 1c008830 20a51553 fsgnjn.s         f10, f10, f10       f10=xxxxxxxx f10:c08499ad f10:c08499ad
13851666ns          231145 1c008834 f6bff06f jal              x0, -150           
13851726ns          231148 1c00879e 1c0007b7 lui              x15, 0x1c000000     x15=1c000000
13851746ns          231149 1c0087a2 01c7a783 lw               x15, 28(x15)        x15=3fc90fdb x15:1c000000  PA:1c00001c
13852064ns          231165 1c0087a6 a0f517d3 flt.s            x15, f10, f15       x15=00000000 f10:408499ad f15:3fc90fdb
13852084ns          231166 1c0087aa 02079563 bne              x15, x0, 42         x15:00000000
13852104ns          231167 1c0087ac 1c0007b7 lui              x15, 0x1c000000     x15=1c000000
13852124ns          231168 1c0087b0 1007a783 lw               x15, 256(x15)       x15=40490fdb x15:1c000000  PA:1c000100
13852482ns          231186 1c0087b4 a0f51753 flt.s            x14, f10, f15       x14=00000000 f10:408499ad f15:40490fdb
13852501ns          231187 1c0087b8 06071f63 bne              x14, x0, 126        x14:00000000
13852521ns          231188 1c0087ba 1c000737 lui              x14, 0x1c000000     x14=1c000000
13852541ns          231189 1c0087be 14072703 lw               x14, 320(x14)       x14=4096cbe4 x14:1c000000  PA:1c000140
13852939ns          231209 1c0087c2 a0e51753 flt.s            x14, f10, f14       x14=00000001 f10:408499ad f14:4096cbe4
13852959ns          231210 1c0087c6 0a071b63 bne              x14, x0, 182        x14:00000001
13853019ns          231213 1c00887c 08f57553 fsub.s           f10, f10, f15       f10=xxxxxxxx f10:408499ad f15:40490fdb
13853038ns          231214 1c008880 fbbff06f jal              x0, -70            
13853098ns          231217 1c00883a 10a57553 fmul.s           f10, f10, f10       f10=xxxxxxxx f10:3f8046fe f10:3f8046fe
13853118ns          231218 1c00883e 1c0007b7 lui              x15, 0x1c000000     x15=1c000000
13853138ns          231219 1c008842 1c000737 lui              x14, 0x1c000000     x14=1c000000
13853158ns          231220 1c008846 13472703 lw               x14, 308(x14)       x14=bab59551 x14:1c000000  PA:1c000134
13853456ns          231235 1c00884a 1307a783 lw               x15, 304(x15)       x15=37c23ab1 x15:1c000000  PA:1c000130
13853814ns          231253 1c00884e 70f577c3 fmadd.s          f15, f10, f15, f14  f15=xxxxxxxx f10:3f808e23 f15:37c23ab1 f14:bab59551
13853834ns          231254 1c008852 1c000737 lui              x14, 0x1c000000     x14=1c000000
13853854ns          231255 1c008856 13872703 lw               x14, 312(x14)       x14=3d2aa76f x14:1c000000  PA:1c000138
13854172ns          231271 1c00885a 70f577c3 fmadd.s          f15, f10, f15, f14  f15=xxxxxxxx f10:3f808e23 f15:bab28908 f14:3d2aa76f
13854192ns          231272 1c00885e 1c000737 lui              x14, 0x1c000000     x14=1c000000
13854212ns          231273 1c008862 13c72703 lw               x14, 316(x14)       x14=beffffe0 x14:1c000000  PA:1c00013c
13854550ns          231290 1c008866 70f577c3 fmadd.s          f15, f10, f15, f14  f15=xxxxxxxx f10:3f808e23 f15:3d250cf5 f14:beffffe0
13854570ns          231291 1c00886a 1c000737 lui              x14, 0x1c000000     x14=1c000000
13854590ns          231292 1c00886e 16872703 lw               x14, 360(x14)       x14=3f7fffff x14:1c000000  PA:1c000168
13854908ns          231308 1c008872 70f57543 fmadd.s          f10, f10, f15, f14  f10=xxxxxxxx f10:3f808e23 f15:beeb4758 f14:3f7fffff
13854928ns          231309 1c008876 20a51553 fsgnjn.s         f10, f10, f10       f10=xxxxxxxx f10:3f09d9b1 f10:3f09d9b1
13854948ns          231310 1c00887a 00008067 jalr             x0, x1, 0            x1:1c0081de
13855008ns          231313 1c0081de 016a7a53 fadd.s           f20, f20, f22       f20=xxxxxxxx f20:40b6dda4 f22:3eaaa273
13855028ns          231314 1c0081e2 10acf553 fmul.s           f10, f25, f10       f10=xxxxxxxx f25:3f800000 f10:bf09d9b1
13855047ns          231315 1c0081e6 a14a97d3 flt.s            x15, f21, f20       x15=00000000 f21:40c90fdb f20:40c187cb
13855067ns          231316 1c0081ea 00a4222b p.sw             x10, 4(x8!)          x8=10001538 x10:bf09d9b1  x8:10001534  PA:10001534
13855087ns          231317 1c0081ee 00078363 beq              x15, x0, 6          x15:00000000
13855147ns          231320 1c0081f4 ff7412e3 bne              x8, x23, -28         x8:10001538 x23:100017c8
13855207ns          231323 1c0081d8 094c7553 fsub.s           f10, f24, f20       f10=xxxxxxxx f24:3fc90fdb f20:40c187cb
13855226ns          231324 1c0081dc 57c000ef jal              x1, 1404             x1=1c0081de
13855266ns          231326 1c008758 a0a527d3 feq.s            x15, f10, f10       x15=00000001 f10:c08f43d4 f10:c08f43d4
13855286ns          231327 1c00875c 0a078b63 beq              x15, x0, 182        x15:00000001
13855306ns          231328 1c00875e e00517d3 fclass.s         x15, f10            x15=00000002 f10:c08f43d4
13855326ns          231329 1c008762 0817f793 andi             x15, x15, 129       x15=00000000 x15:00000002
13855346ns          231330 1c008766 0a079663 bne              x15, x0, 172        x15:00000000
13855366ns          231331 1c008768 00000793 addi             x15, x0, 0          x15=00000000
13855386ns          231332 1c00876c a0f517d3 flt.s            x15, f10, f15       x15=00000001 f10:c08f43d4 f15:00000000
13855405ns          231333 1c008770 0a079663 bne              x15, x0, 172        x15:00000001
13855465ns          231336 1c00881c 1c0007b7 lui              x15, 0x1c000000     x15=1c000000
13855485ns          231337 1c008820 12c7a783 lw               x15, 300(x15)       x15=c0c90fdb x15:1c000000  PA:1c00012c
13855803ns          231353 1c008824 a0f517d3 flt.s            x15, f10, f15       x15=00000000 f10:c08f43d4 f15:c0c90fdb
13855823ns          231354 1c008828 00078463 beq              x15, x0, 8          x15:00000000
13855883ns          231357 1c008830 20a51553 fsgnjn.s         f10, f10, f10       f10=xxxxxxxx f10:c08f43d4 f10:c08f43d4
13855903ns          231358 1c008834 f6bff06f jal              x0, -150           
13855962ns          231361 1c00879e 1c0007b7 lui              x15, 0x1c000000     x15=1c000000
13855982ns          231362 1c0087a2 01c7a783 lw               x15, 28(x15)        x15=3fc90fdb x15:1c000000  PA:1c00001c
13856301ns          231378 1c0087a6 a0f517d3 flt.s            x15, f10, f15       x15=00000000 f10:408f43d4 f15:3fc90fdb
13856320ns          231379 1c0087aa 02079563 bne              x15, x0, 42         x15:00000000
13856340ns          231380 1c0087ac 1c0007b7 lui              x15, 0x1c000000     x15=1c000000
13856360ns          231381 1c0087b0 1007a783 lw               x15, 256(x15)       x15=40490fdb x15:1c000000  PA:1c000100
13856698ns          231398 1c0087b4 a0f51753 flt.s            x14, f10, f15       x14=00000000 f10:408f43d4 f15:40490fdb
13856718ns          231399 1c0087b8 06071f63 bne              x14, x0, 126        x14:00000000
13856738ns          231400 1c0087ba 1c000737 lui              x14, 0x1c000000     x14=1c000000
13856758ns          231401 1c0087be 14072703 lw               x14, 320(x14)       x14=4096cbe4 x14:1c000000  PA:1c000140
13857076ns          231417 1c0087c2 a0e51753 flt.s            x14, f10, f14       x14=00000001 f10:408f43d4 f14:4096cbe4
13857096ns          231418 1c0087c6 0a071b63 bne              x14, x0, 182        x14:00000001
13857156ns          231421 1c00887c 08f57553 fsub.s           f10, f10, f15       f10=xxxxxxxx f10:408f43d4 f15:40490fdb
13857176ns          231422 1c008880 fbbff06f jal              x0, -70            
13857235ns          231425 1c00883a 10a57553 fmul.s           f10, f10, f10       f10=xxxxxxxx f10:3faaef9a f10:3faaef9a
13857255ns          231426 1c00883e 1c0007b7 lui              x15, 0x1c000000     x15=1c000000
13857275ns          231427 1c008842 1c000737 lui              x14, 0x1c000000     x14=1c000000
13857295ns          231428 1c008846 13472703 lw               x14, 308(x14)       x14=bab59551 x14:1c000000  PA:1c000134
13857593ns          231443 1c00884a 1307a783 lw               x15, 304(x15)       x15=37c23ab1 x15:1c000000  PA:1c000130
13857932ns          231460 1c00884e 70f577c3 fmadd.s          f15, f10, f15, f14  f15=xxxxxxxx f10:3fe44632 f15:37c23ab1 f14:bab59551
13857952ns          231461 1c008852 1c000737 lui              x14, 0x1c000000     x14=1c000000
13857971ns          231462 1c008856 13872703 lw               x14, 312(x14)       x14=3d2aa76f x14:1c000000  PA:1c000138
13858290ns          231478 1c00885a 70f577c3 fmadd.s          f15, f10, f15, f14  f15=xxxxxxxx f10:3fe44632 f15:bab02bc5 f14:3d2aa76f
13858310ns          231479 1c00885e 1c000737 lui              x14, 0x1c000000     x14=1c000000
13858329ns          231480 1c008862 13c72703 lw               x14, 316(x14)       x14=beffffe0 x14:1c000000  PA:1c00013c
13858648ns          231496 1c008866 70f577c3 fmadd.s          f15, f10, f15, f14  f15=xxxxxxxx f10:3fe44632 f15:3d20d5fa f14:beffffe0
13858668ns          231497 1c00886a 1c000737 lui              x14, 0x1c000000     x14=1c000000
13858687ns          231498 1c00886e 16872703 lw               x14, 360(x14)       x14=3f7fffff x14:1c000000  PA:1c000168
13859006ns          231514 1c008872 70f57543 fmadd.s          f10, f10, f15, f14  f10=xxxxxxxx f10:3fe44632 f15:bedc2535 f14:3f7fffff
13859026ns          231515 1c008876 20a51553 fsgnjn.s         f10, f10, f10       f10=xxxxxxxx f10:3e6ec9fb f10:3e6ec9fb
13859046ns          231516 1c00887a 00008067 jalr             x0, x1, 0            x1:1c0081de
13859105ns          231519 1c0081de 016a7a53 fadd.s           f20, f20, f22       f20=xxxxxxxx f20:40c187cb f22:3eaaa273
13859125ns          231520 1c0081e2 10acf553 fmul.s           f10, f25, f10       f10=xxxxxxxx f25:3f800000 f10:be6ec9fb
13859145ns          231521 1c0081e6 a14a97d3 flt.s            x15, f21, f20       x15=00000001 f21:40c90fdb f20:40cc31f2
13859165ns          231522 1c0081ea 00a4222b p.sw             x10, 4(x8!)          x8=1000153c x10:be6ec9fb  x8:10001538  PA:10001538
13859185ns          231523 1c0081ee 00078363 beq              x15, x0, 6          x15:00000001
13859205ns          231524 1c0081f0 095a7a53 fsub.s           f20, f20, f21       f20=xxxxxxxx f20:40cc31f2 f21:40c90fdb
13859225ns          231525 1c0081f4 ff7412e3 bne              x8, x23, -28         x8:1000153c x23:100017c8
13859284ns          231528 1c0081d8 094c7553 fsub.s           f10, f24, f20       f10=xxxxxxxx f24:3fc90fdb f20:3dc885c0
13859304ns          231529 1c0081dc 57c000ef jal              x1, 1404             x1=1c0081de
13859344ns          231531 1c008758 a0a527d3 feq.s            x15, f10, f10       x15=00000001 f10:3fbc877f f10:3fbc877f
13859364ns          231532 1c00875c 0a078b63 beq              x15, x0, 182        x15:00000001
13859384ns          231533 1c00875e e00517d3 fclass.s         x15, f10            x15=00000040 f10:3fbc877f
13859404ns          231534 1c008762 0817f793 andi             x15, x15, 129       x15=00000000 x15:00000040
13859423ns          231535 1c008766 0a079663 bne              x15, x0, 172        x15:00000000
13859443ns          231536 1c008768 00000793 addi             x15, x0, 0          x15=00000000
13859463ns          231537 1c00876c a0f517d3 flt.s            x15, f10, f15       x15=00000000 f10:3fbc877f f15:00000000
13859483ns          231538 1c008770 0a079663 bne              x15, x0, 172        x15:00000000
13859503ns          231539 1c008772 1c000737 lui              x14, 0x1c000000     x14=1c000000
13859523ns          231540 1c008776 02072783 lw               x15, 32(x14)        x15=40c90fdb x14:1c000000  PA:1c000020
13859861ns          231557 1c00877a a0a797d3 flt.s            x15, f15, f10       x15=00000000 f15:40c90fdb f10:3fbc877f
13859881ns          231558 1c00877e 00078b63 beq              x15, x0, 22         x15:00000000
13859941ns          231561 1c008794 00000793 addi             x15, x0, 0          x15=00000000
13859960ns          231562 1c008798 a0f517d3 flt.s            x15, f10, f15       x15=00000000 f10:3fbc877f f15:00000000
13859980ns          231563 1c00879c 08079a63 bne              x15, x0, 148        x15:00000000
13860000ns          231564 1c00879e 1c0007b7 lui              x15, 0x1c000000     x15=1c000000
13860020ns          231565 1c0087a2 01c7a783 lw               x15, 28(x15)        x15=3fc90fdb x15:1c000000  PA:1c00001c
13860358ns          231582 1c0087a6 a0f517d3 flt.s            x15, f10, f15       x15=00000001 f10:3fbc877f f15:3fc90fdb
13860378ns          231583 1c0087aa 02079563 bne              x15, x0, 42         x15:00000001
13860438ns          231586 1c0087d4 10a57553 fmul.s           f10, f10, f10       f10=xxxxxxxx f10:3fbc877f f10:3fbc877f
13860458ns          231587 1c0087d8 1c0007b7 lui              x15, 0x1c000000     x15=1c000000
13860478ns          231588 1c0087dc 1c000737 lui              x14, 0x1c000000     x14=1c000000
13860537ns          231591 1c0087e0 13472703 lw               x14, 308(x14)       x14=bab59551 x14:1c000000  PA:1c000134
13860895ns          231609 1c0087e4 1307a783 lw               x15, 304(x15)       x15=37c23ab1 x15:1c000000  PA:1c000130
13861214ns          231625 1c0087e8 70f577c3 fmadd.s          f15, f10, f15, f14  f15=xxxxxxxx f10:400ad74a f15:37c23ab1 f14:bab59551
13861233ns          231626 1c0087ec 1c000737 lui              x14, 0x1c000000     x14=1c000000
13861253ns          231627 1c0087f0 13872703 lw               x14, 312(x14)       x14=3d2aa76f x14:1c000000  PA:1c000138
13861572ns          231643 1c0087f4 70f577c3 fmadd.s          f15, f10, f15, f14  f15=xxxxxxxx f10:400ad74a f15:baaeffe1 f14:3d2aa76f
13861592ns          231644 1c0087f8 1c000737 lui              x14, 0x1c000000     x14=1c000000
13861611ns          231645 1c0087fc 13c72703 lw               x14, 316(x14)       x14=beffffe0 x14:1c000000  PA:1c00013c
13861930ns          231661 1c008800 70f577c3 fmadd.s          f15, f10, f15, f14  f15=xxxxxxxx f10:400ad74a f15:3d1eca4c f14:beffffe0
13861950ns          231662 1c008804 1c000737 lui              x14, 0x1c000000     x14=1c000000
13861969ns          231663 1c008808 16872703 lw               x14, 360(x14)       x14=3f7fffff x14:1c000000  PA:1c000168
13862288ns          231679 1c00880c 70f57543 fmadd.s          f10, f10, f15, f14  f10=xxxxxxxx f10:400ad74a f15:bed4f095 f14:3f7fffff
13862308ns          231680 1c008810 00008067 jalr             x0, x1, 0            x1:1c0081de
13862407ns          231685 1c0081de 016a7a53 fadd.s           f20, f20, f22       f20=xxxxxxxx f20:3dc885c0 f22:3eaaa273
13862447ns          231687 1c0081e2 10acf553 fmul.s           f10, f25, f10       f10=xxxxxxxx f25:3f800000 f10:3dc833b9
13862467ns          231688 1c0081e6 a14a97d3 flt.s            x15, f21, f20       x15=00000000 f21:40c90fdb f20:3edcc3e3
13862487ns          231689 1c0081ea 00a4222b p.sw             x10, 4(x8!)          x8=10001540 x10:3dc833b9  x8:1000153c  PA:1000153c
13862506ns          231690 1c0081ee 00078363 beq              x15, x0, 6          x15:00000000
13862566ns          231693 1c0081f4 ff7412e3 bne              x8, x23, -28         x8:10001540 x23:100017c8
13862626ns          231696 1c0081d8 094c7553 fsub.s           f10, f24, f20       f10=xxxxxxxx f24:3fc90fdb f20:3edcc3e3
13862646ns          231697 1c0081dc 57c000ef jal              x1, 1404             x1=1c0081de
13862686ns          231699 1c008758 a0a527d3 feq.s            x15, f10, f10       x15=00000001 f10:3f91dee2 f10:3f91dee2
13862705ns          231700 1c00875c 0a078b63 beq              x15, x0, 182        x15:00000001
13862765ns          231703 1c00875e e00517d3 fclass.s         x15, f10            x15=00000040 f10:3f91dee2
13862805ns          231705 1c008762 0817f793 andi             x15, x15, 129       x15=00000000 x15:00000040
13862825ns          231706 1c008766 0a079663 bne              x15, x0, 172        x15:00000000
13862845ns          231707 1c008768 00000793 addi             x15, x0, 0          x15=00000000
13862865ns          231708 1c00876c a0f517d3 flt.s            x15, f10, f15       x15=00000000 f10:3f91dee2 f15:00000000
13862884ns          231709 1c008770 0a079663 bne              x15, x0, 172        x15:00000000
13862904ns          231710 1c008772 1c000737 lui              x14, 0x1c000000     x14=1c000000
13862924ns          231711 1c008776 02072783 lw               x15, 32(x14)        x15=40c90fdb x14:1c000000  PA:1c000020
13863242ns          231727 1c00877a a0a797d3 flt.s            x15, f15, f10       x15=00000000 f15:40c90fdb f10:3f91dee2
13863262ns          231728 1c00877e 00078b63 beq              x15, x0, 22         x15:00000000
13863322ns          231731 1c008794 00000793 addi             x15, x0, 0          x15=00000000
13863342ns          231732 1c008798 a0f517d3 flt.s            x15, f10, f15       x15=00000000 f10:3f91dee2 f15:00000000
13863362ns          231733 1c00879c 08079a63 bne              x15, x0, 148        x15:00000000
13863382ns          231734 1c00879e 1c0007b7 lui              x15, 0x1c000000     x15=1c000000
13863402ns          231735 1c0087a2 01c7a783 lw               x15, 28(x15)        x15=3fc90fdb x15:1c000000  PA:1c00001c
13863720ns          231751 1c0087a6 a0f517d3 flt.s            x15, f10, f15       x15=00000001 f10:3f91dee2 f15:3fc90fdb
13863740ns          231752 1c0087aa 02079563 bne              x15, x0, 42         x15:00000001
13863799ns          231755 1c0087d4 10a57553 fmul.s           f10, f10, f10       f10=xxxxxxxx f10:3f91dee2 f10:3f91dee2
13863819ns          231756 1c0087d8 1c0007b7 lui              x15, 0x1c000000     x15=1c000000
13863839ns          231757 1c0087dc 1c000737 lui              x14, 0x1c000000     x14=1c000000
13863859ns          231758 1c0087e0 13472703 lw               x14, 308(x14)       x14=bab59551 x14:1c000000  PA:1c000134
13864177ns          231774 1c0087e4 1307a783 lw               x15, 304(x15)       x15=37c23ab1 x15:1c000000  PA:1c000130
13864515ns          231791 1c0087e8 70f577c3 fmadd.s          f15, f10, f15, f14  f15=xxxxxxxx f10:3fa63c7c f15:37c23ab1 f14:bab59551
13864535ns          231792 1c0087ec 1c000737 lui              x14, 0x1c000000     x14=1c000000
13864555ns          231793 1c0087f0 13872703 lw               x14, 312(x14)       x14=3d2aa76f x14:1c000000  PA:1c000138
13864873ns          231809 1c0087f4 70f577c3 fmadd.s          f15, f10, f15, f14  f15=xxxxxxxx f10:3fa63c7c f15:bab1a451 f14:3d2aa76f
13864893ns          231810 1c0087f8 1c000737 lui              x14, 0x1c000000     x14=1c000000
13864913ns          231811 1c0087fc 13c72703 lw               x14, 316(x14)       x14=beffffe0 x14:1c000000  PA:1c00013c
13865232ns          231827 1c008800 70f577c3 fmadd.s          f15, f10, f15, f14  f15=xxxxxxxx f10:3fa63c7c f15:3d2371c7 f14:beffffe0
13865251ns          231828 1c008804 1c000737 lui              x14, 0x1c000000     x14=1c000000
13865271ns          231829 1c008808 16872703 lw               x14, 360(x14)       x14=3f7fffff x14:1c000000  PA:1c000168
13865609ns          231846 1c00880c 70f57543 fmadd.s          f10, f10, f15, f14  f10=xxxxxxxx f10:3fa63c7c f15:bee57747 f14:3f7fffff
13865629ns          231847 1c008810 00008067 jalr             x0, x1, 0            x1:1c0081de
13865689ns          231850 1c0081de 016a7a53 fadd.s           f20, f20, f22       f20=xxxxxxxx f20:3edcc3e3 f22:3eaaa273
13865709ns          231851 1c0081e2 10acf553 fmul.s           f10, f25, f10       f10=xxxxxxxx f25:3f800000 f10:3ed5fce0
13865729ns          231852 1c0081e6 a14a97d3 flt.s            x15, f21, f20       x15=00000000 f21:40c90fdb f20:3f43b32b
13865749ns          231853 1c0081ea 00a4222b p.sw             x10, 4(x8!)          x8=10001544 x10:3ed5fce0  x8:10001540  PA:10001540
13865769ns          231854 1c0081ee 00078363 beq              x15, x0, 6          x15:00000000
13865828ns          231857 1c0081f4 ff7412e3 bne              x8, x23, -28         x8:10001544 x23:100017c8
13865888ns          231860 1c0081d8 094c7553 fsub.s           f10, f24, f20       f10=xxxxxxxx f24:3fc90fdb f20:3f43b32b
13865908ns          231861 1c0081dc 57c000ef jal              x1, 1404             x1=1c0081de
13865948ns          231863 1c008758 a0a527d3 feq.s            x15, f10, f10       x15=00000001 f10:3f4e6c8b f10:3f4e6c8b
13865967ns          231864 1c00875c 0a078b63 beq              x15, x0, 182        x15:00000001
13865987ns          231865 1c00875e e00517d3 fclass.s         x15, f10            x15=00000040 f10:3f4e6c8b
13866007ns          231866 1c008762 0817f793 andi             x15, x15, 129       x15=00000000 x15:00000040
13866027ns          231867 1c008766 0a079663 bne              x15, x0, 172        x15:00000000
13866047ns          231868 1c008768 00000793 addi             x15, x0, 0          x15=00000000
13866067ns          231869 1c00876c a0f517d3 flt.s            x15, f10, f15       x15=00000000 f10:3f4e6c8b f15:00000000
13866087ns          231870 1c008770 0a079663 bne              x15, x0, 172        x15:00000000
13866107ns          231871 1c008772 1c000737 lui              x14, 0x1c000000     x14=1c000000
13866127ns          231872 1c008776 02072783 lw               x15, 32(x14)        x15=40c90fdb x14:1c000000  PA:1c000020
13866445ns          231888 1c00877a a0a797d3 flt.s            x15, f15, f10       x15=00000000 f15:40c90fdb f10:3f4e6c8b
13866465ns          231889 1c00877e 00078b63 beq              x15, x0, 22         x15:00000000
13866524ns          231892 1c008794 00000793 addi             x15, x0, 0          x15=00000000
13866544ns          231893 1c008798 a0f517d3 flt.s            x15, f10, f15       x15=00000000 f10:3f4e6c8b f15:00000000
13866564ns          231894 1c00879c 08079a63 bne              x15, x0, 148        x15:00000000
13866584ns          231895 1c00879e 1c0007b7 lui              x15, 0x1c000000     x15=1c000000
13866604ns          231896 1c0087a2 01c7a783 lw               x15, 28(x15)        x15=3fc90fdb x15:1c000000  PA:1c00001c
13866922ns          231912 1c0087a6 a0f517d3 flt.s            x15, f10, f15       x15=00000001 f10:3f4e6c8b f15:3fc90fdb
13866942ns          231913 1c0087aa 02079563 bne              x15, x0, 42         x15:00000001
13867002ns          231916 1c0087d4 10a57553 fmul.s           f10, f10, f10       f10=xxxxxxxx f10:3f4e6c8b f10:3f4e6c8b
13867022ns          231917 1c0087d8 1c0007b7 lui              x15, 0x1c000000     x15=1c000000
13867042ns          231918 1c0087dc 1c000737 lui              x14, 0x1c000000     x14=1c000000
13867061ns          231919 1c0087e0 13472703 lw               x14, 308(x14)       x14=bab59551 x14:1c000000  PA:1c000134
13867360ns          231934 1c0087e4 1307a783 lw               x15, 304(x15)       x15=37c23ab1 x15:1c000000  PA:1c000130
13867678ns          231950 1c0087e8 70f577c3 fmadd.s          f15, f10, f15, f14  f15=xxxxxxxx f10:3f2672de f15:37c23ab1 f14:bab59551
13867698ns          231951 1c0087ec 1c000737 lui              x14, 0x1c000000     x14=1c000000
13867718ns          231952 1c0087f0 13872703 lw               x14, 312(x14)       x14=3d2aa76f x14:1c000000  PA:1c000138
13868036ns          231968 1c0087f4 70f577c3 fmadd.s          f15, f10, f15, f14  f15=xxxxxxxx f10:3f2672de f15:bab39c2c f14:3d2aa76f
13868056ns          231969 1c0087f8 1c000737 lui              x14, 0x1c000000     x14=1c000000
13868076ns          231970 1c0087fc 13c72703 lw               x14, 316(x14)       x14=beffffe0 x14:1c000000  PA:1c00013c
13868394ns          231986 1c008800 70f577c3 fmadd.s          f15, f10, f15, f14  f15=xxxxxxxx f10:3f2672de f15:3d270130 f14:beffffe0
13868414ns          231987 1c008804 1c000737 lui              x14, 0x1c000000     x14=1c000000
13868434ns          231988 1c008808 16872703 lw               x14, 360(x14)       x14=3f7fffff x14:1c000000  PA:1c000168
13868772ns          232005 1c00880c 70f57543 fmadd.s          f10, f10, f15, f14  f10=xxxxxxxx f10:3f2672de f15:bef26d29 f14:3f7fffff
13868792ns          232006 1c008810 00008067 jalr             x0, x1, 0            x1:1c0081de
13868852ns          232009 1c0081de 016a7a53 fadd.s           f20, f20, f22       f20=xxxxxxxx f20:3f43b32b f22:3eaaa273
13868872ns          232010 1c0081e2 10acf553 fmul.s           f10, f25, f10       f10=xxxxxxxx f25:3f800000 f10:3f313037
13868891ns          232011 1c0081e6 a14a97d3 flt.s            x15, f21, f20       x15=00000000 f21:40c90fdb f20:3f8c8232
13868911ns          232012 1c0081ea 00a4222b p.sw             x10, 4(x8!)          x8=10001548 x10:3f313037  x8:10001544  PA:10001544
13868931ns          232013 1c0081ee 00078363 beq              x15, x0, 6          x15:00000000
13868991ns          232016 1c0081f4 ff7412e3 bne              x8, x23, -28         x8:10001548 x23:100017c8
13869051ns          232019 1c0081d8 094c7553 fsub.s           f10, f24, f20       f10=xxxxxxxx f24:3fc90fdb f20:3f8c8232
13869070ns          232020 1c0081dc 57c000ef jal              x1, 1404             x1=1c0081de
13869110ns          232022 1c008758 a0a527d3 feq.s            x15, f10, f10       x15=00000001 f10:3ef236a4 f10:3ef236a4
13869130ns          232023 1c00875c 0a078b63 beq              x15, x0, 182        x15:00000001
13869150ns          232024 1c00875e e00517d3 fclass.s         x15, f10            x15=00000040 f10:3ef236a4
13869170ns          232025 1c008762 0817f793 andi             x15, x15, 129       x15=00000000 x15:00000040
13869190ns          232026 1c008766 0a079663 bne              x15, x0, 172        x15:00000000
13869210ns          232027 1c008768 00000793 addi             x15, x0, 0          x15=00000000
13869230ns          232028 1c00876c a0f517d3 flt.s            x15, f10, f15       x15=00000000 f10:3ef236a4 f15:00000000
13869249ns          232029 1c008770 0a079663 bne              x15, x0, 172        x15:00000000
13869269ns          232030 1c008772 1c000737 lui              x14, 0x1c000000     x14=1c000000
13869289ns          232031 1c008776 02072783 lw               x15, 32(x14)        x15=40c90fdb x14:1c000000  PA:1c000020
13869607ns          232047 1c00877a a0a797d3 flt.s            x15, f15, f10       x15=00000000 f15:40c90fdb f10:3ef236a4
13869627ns          232048 1c00877e 00078b63 beq              x15, x0, 22         x15:00000000
13869687ns          232051 1c008794 00000793 addi             x15, x0, 0          x15=00000000
13869707ns          232052 1c008798 a0f517d3 flt.s            x15, f10, f15       x15=00000000 f10:3ef236a4 f15:00000000
13869727ns          232053 1c00879c 08079a63 bne              x15, x0, 148        x15:00000000
13869747ns          232054 1c00879e 1c0007b7 lui              x15, 0x1c000000     x15=1c000000
13869767ns          232055 1c0087a2 01c7a783 lw               x15, 28(x15)        x15=3fc90fdb x15:1c000000  PA:1c00001c
13870085ns          232071 1c0087a6 a0f517d3 flt.s            x15, f10, f15       x15=00000001 f10:3ef236a4 f15:3fc90fdb
13870105ns          232072 1c0087aa 02079563 bne              x15, x0, 42         x15:00000001
13870164ns          232075 1c0087d4 10a57553 fmul.s           f10, f10, f10       f10=xxxxxxxx f10:3ef236a4 f10:3ef236a4
13870184ns          232076 1c0087d8 1c0007b7 lui              x15, 0x1c000000     x15=1c000000
13870204ns          232077 1c0087dc 1c000737 lui              x14, 0x1c000000     x14=1c000000
13870224ns          232078 1c0087e0 13472703 lw               x14, 308(x14)       x14=bab59551 x14:1c000000  PA:1c000134
13870522ns          232093 1c0087e4 1307a783 lw               x15, 304(x15)       x15=37c23ab1 x15:1c000000  PA:1c000130
13870841ns          232109 1c0087e8 70f577c3 fmadd.s          f15, f10, f15, f14  f15=xxxxxxxx f10:3e652b5a f15:37c23ab1 f14:bab59551
13870861ns          232110 1c0087ec 1c000737 lui              x14, 0x1c000000     x14=1c000000
13870881ns          232111 1c0087f0 13872703 lw               x14, 312(x14)       x14=3d2aa76f x14:1c000000  PA:1c000138
13871219ns          232128 1c0087f4 70f577c3 fmadd.s          f15, f10, f15, f14  f15=xxxxxxxx f10:3e652b5a f15:bab4e772 f14:3d2aa76f
13871239ns          232129 1c0087f8 1c000737 lui              x14, 0x1c000000     x14=1c000000
13871258ns          232130 1c0087fc 13c72703 lw               x14, 316(x14)       x14=beffffe0 x14:1c000000  PA:1c00013c
13871577ns          232146 1c008800 70f577c3 fmadd.s          f15, f10, f15, f14  f15=xxxxxxxx f10:3e652b5a f15:3d29638c f14:beffffe0
13871597ns          232147 1c008804 1c000737 lui              x14, 0x1c000000     x14=1c000000
13871616ns          232148 1c008808 16872703 lw               x14, 360(x14)       x14=3f7fffff x14:1c000000  PA:1c000168
13871935ns          232164 1c00880c 70f57543 fmadd.s          f10, f10, f15, f14  f10=xxxxxxxx f10:3e652b5a f15:befb42ca f14:3f7fffff
13871955ns          232165 1c008810 00008067 jalr             x0, x1, 0            x1:1c0081de
13872014ns          232168 1c0081de 016a7a53 fadd.s           f20, f20, f22       f20=xxxxxxxx f20:3f8c8232 f22:3eaaa273
13872034ns          232169 1c0081e2 10acf553 fmul.s           f10, f25, f10       f10=xxxxxxxx f25:3f800000 f10:3f63e256
13872054ns          232170 1c0081e6 a14a97d3 flt.s            x15, f21, f20       x15=00000000 f21:40c90fdb f20:3fb72acf
13872074ns          232171 1c0081ea 00a4222b p.sw             x10, 4(x8!)          x8=1000154c x10:3f63e256  x8:10001548  PA:10001548
13872094ns          232172 1c0081ee 00078363 beq              x15, x0, 6          x15:00000000
13872154ns          232175 1c0081f4 ff7412e3 bne              x8, x23, -28         x8:1000154c x23:100017c8
13872213ns          232178 1c0081d8 094c7553 fsub.s           f10, f24, f20       f10=xxxxxxxx f24:3fc90fdb f20:3fb72acf
13872233ns          232179 1c0081dc 57c000ef jal              x1, 1404             x1=1c0081de
13872273ns          232181 1c008758 a0a527d3 feq.s            x15, f10, f10       x15=00000001 f10:3e0f2860 f10:3e0f2860
13872293ns          232182 1c00875c 0a078b63 beq              x15, x0, 182        x15:00000001
13872313ns          232183 1c00875e e00517d3 fclass.s         x15, f10            x15=00000040 f10:3e0f2860
13872333ns          232184 1c008762 0817f793 andi             x15, x15, 129       x15=00000000 x15:00000040
13872352ns          232185 1c008766 0a079663 bne              x15, x0, 172        x15:00000000
13872372ns          232186 1c008768 00000793 addi             x15, x0, 0          x15=00000000
13872392ns          232187 1c00876c a0f517d3 flt.s            x15, f10, f15       x15=00000000 f10:3e0f2860 f15:00000000
13872412ns          232188 1c008770 0a079663 bne              x15, x0, 172        x15:00000000
13872432ns          232189 1c008772 1c000737 lui              x14, 0x1c000000     x14=1c000000
13872452ns          232190 1c008776 02072783 lw               x15, 32(x14)        x15=40c90fdb x14:1c000000  PA:1c000020
13872770ns          232206 1c00877a a0a797d3 flt.s            x15, f15, f10       x15=00000000 f15:40c90fdb f10:3e0f2860
13872790ns          232207 1c00877e 00078b63 beq              x15, x0, 22         x15:00000000
13872850ns          232210 1c008794 00000793 addi             x15, x0, 0          x15=00000000
13872870ns          232211 1c008798 a0f517d3 flt.s            x15, f10, f15       x15=00000000 f10:3e0f2860 f15:00000000
13872889ns          232212 1c00879c 08079a63 bne              x15, x0, 148        x15:00000000
13872909ns          232213 1c00879e 1c0007b7 lui              x15, 0x1c000000     x15=1c000000
13872929ns          232214 1c0087a2 01c7a783 lw               x15, 28(x15)        x15=3fc90fdb x15:1c000000  PA:1c00001c
13873248ns          232230 1c0087a6 a0f517d3 flt.s            x15, f10, f15       x15=00000001 f10:3e0f2860 f15:3fc90fdb
13873267ns          232231 1c0087aa 02079563 bne              x15, x0, 42         x15:00000001
13873327ns          232234 1c0087d4 10a57553 fmul.s           f10, f10, f10       f10=xxxxxxxx f10:3e0f2860 f10:3e0f2860
13873347ns          232235 1c0087d8 1c0007b7 lui              x15, 0x1c000000     x15=1c000000
13873367ns          232236 1c0087dc 1c000737 lui              x14, 0x1c000000     x14=1c000000
13873387ns          232237 1c0087e0 13472703 lw               x14, 308(x14)       x14=bab59551 x14:1c000000  PA:1c000134
13873685ns          232252 1c0087e4 1307a783 lw               x15, 304(x15)       x15=37c23ab1 x15:1c000000  PA:1c000130
13874063ns          232271 1c0087e8 70f577c3 fmadd.s          f15, f10, f15, f14  f15=xxxxxxxx f10:3ca01c43 f15:37c23ab1 f14:bab59551
13874083ns          232272 1c0087ec 1c000737 lui              x14, 0x1c000000     x14=1c000000
13874103ns          232273 1c0087f0 13872703 lw               x14, 312(x14)       x14=3d2aa76f x14:1c000000  PA:1c000138
13874421ns          232289 1c0087f4 70f577c3 fmadd.s          f15, f10, f15, f14  f15=xxxxxxxx f10:3ca01c43 f15:bab58622 f14:3d2aa76f
13874441ns          232290 1c0087f8 1c000737 lui              x14, 0x1c000000     x14=1c000000
13874461ns          232291 1c0087fc 13c72703 lw               x14, 316(x14)       x14=beffffe0 x14:1c000000  PA:1c00013c
13874779ns          232307 1c008800 70f577c3 fmadd.s          f15, f10, f15, f14  f15=xxxxxxxx f10:3ca01c43 f15:3d2a8b0d f14:beffffe0
13874799ns          232308 1c008804 1c000737 lui              x14, 0x1c000000     x14=1c000000
13874819ns          232309 1c008808 16872703 lw               x14, 360(x14)       x14=3f7fffff x14:1c000000  PA:1c000168
13875157ns          232326 1c00880c 70f57543 fmadd.s          f10, f10, f15, f14  f10=xxxxxxxx f10:3ca01c43 f15:beff9536 f14:3f7fffff
13875177ns          232327 1c008810 00008067 jalr             x0, x1, 0            x1:1c0081de
13875237ns          232330 1c0081de 016a7a53 fadd.s           f20, f20, f22       f20=xxxxxxxx f20:3fb72acf f22:3eaaa273
13875256ns          232331 1c0081e2 10acf553 fmul.s           f10, f25, f10       f10=xxxxxxxx f25:3f800000 f10:3f7d8099
13875276ns          232332 1c0081e6 a14a97d3 flt.s            x15, f21, f20       x15=00000000 f21:40c90fdb f20:3fe1d36c
13875296ns          232333 1c0081ea 00a4222b p.sw             x10, 4(x8!)          x8=10001550 x10:3f7d8099  x8:1000154c  PA:1000154c
13875316ns          232334 1c0081ee 00078363 beq              x15, x0, 6          x15:00000000
13875376ns          232337 1c0081f4 ff7412e3 bne              x8, x23, -28         x8:10001550 x23:100017c8
13875435ns          232340 1c0081d8 094c7553 fsub.s           f10, f24, f20       f10=xxxxxxxx f24:3fc90fdb f20:3fe1d36c
13875455ns          232341 1c0081dc 57c000ef jal              x1, 1404             x1=1c0081de
13875495ns          232343 1c008758 a0a527d3 feq.s            x15, f10, f10       x15=00000001 f10:be461c88 f10:be461c88
13875515ns          232344 1c00875c 0a078b63 beq              x15, x0, 182        x15:00000001
13875535ns          232345 1c00875e e00517d3 fclass.s         x15, f10            x15=00000002 f10:be461c88
13875555ns          232346 1c008762 0817f793 andi             x15, x15, 129       x15=00000000 x15:00000002
13875575ns          232347 1c008766 0a079663 bne              x15, x0, 172        x15:00000000
13875595ns          232348 1c008768 00000793 addi             x15, x0, 0          x15=00000000
13875615ns          232349 1c00876c a0f517d3 flt.s            x15, f10, f15       x15=00000001 f10:be461c88 f15:00000000
13875634ns          232350 1c008770 0a079663 bne              x15, x0, 172        x15:00000001
13875694ns          232353 1c00881c 1c0007b7 lui              x15, 0x1c000000     x15=1c000000
13875714ns          232354 1c008820 12c7a783 lw               x15, 300(x15)       x15=c0c90fdb x15:1c000000  PA:1c00012c
13876032ns          232370 1c008824 a0f517d3 flt.s            x15, f10, f15       x15=00000000 f10:be461c88 f15:c0c90fdb
13876052ns          232371 1c008828 00078463 beq              x15, x0, 8          x15:00000000
13876112ns          232374 1c008830 20a51553 fsgnjn.s         f10, f10, f10       f10=xxxxxxxx f10:be461c88 f10:be461c88
13876132ns          232375 1c008834 f6bff06f jal              x0, -150           
13876191ns          232378 1c00879e 1c0007b7 lui              x15, 0x1c000000     x15=1c000000
13876211ns          232379 1c0087a2 01c7a783 lw               x15, 28(x15)        x15=3fc90fdb x15:1c000000  PA:1c00001c
13876529ns          232395 1c0087a6 a0f517d3 flt.s            x15, f10, f15       x15=00000001 f10:3e461c88 f15:3fc90fdb
13876549ns          232396 1c0087aa 02079563 bne              x15, x0, 42         x15:00000001
13876609ns          232399 1c0087d4 10a57553 fmul.s           f10, f10, f10       f10=xxxxxxxx f10:3e461c88 f10:3e461c88
13876629ns          232400 1c0087d8 1c0007b7 lui              x15, 0x1c000000     x15=1c000000
13876649ns          232401 1c0087dc 1c000737 lui              x14, 0x1c000000     x14=1c000000
13876669ns          232402 1c0087e0 13472703 lw               x14, 308(x14)       x14=bab59551 x14:1c000000  PA:1c000134
13876967ns          232417 1c0087e4 1307a783 lw               x15, 304(x15)       x15=37c23ab1 x15:1c000000  PA:1c000130
13877285ns          232433 1c0087e8 70f577c3 fmadd.s          f15, f10, f15, f14  f15=xxxxxxxx f10:3d195026 f15:37c23ab1 f14:bab59551
13877305ns          232434 1c0087ec 1c000737 lui              x14, 0x1c000000     x14=1c000000
13877325ns          232435 1c0087f0 13872703 lw               x14, 312(x14)       x14=3d2aa76f x14:1c000000  PA:1c000138
13877643ns          232451 1c0087f4 70f577c3 fmadd.s          f15, f10, f15, f14  f15=xxxxxxxx f10:3d195026 f15:bab5783d f14:3d2aa76f
13877663ns          232452 1c0087f8 1c000737 lui              x14, 0x1c000000     x14=1c000000
13877683ns          232453 1c0087fc 13c72703 lw               x14, 316(x14)       x14=beffffe0 x14:1c000000  PA:1c00013c
13878001ns          232469 1c008800 70f577c3 fmadd.s          f15, f10, f15, f14  f15=xxxxxxxx f10:3d195026 f15:3d2a7118 f14:beffffe0
13878021ns          232470 1c008804 1c000737 lui              x14, 0x1c000000     x14=1c000000
13878041ns          232471 1c008808 16872703 lw               x14, 360(x14)       x14=3f7fffff x14:1c000000  PA:1c000168
13878359ns          232487 1c00880c 70f57543 fmadd.s          f10, f10, f15, f14  f10=xxxxxxxx f10:3d195026 f15:beff33ba f14:3f7fffff
13878379ns          232488 1c008810 00008067 jalr             x0, x1, 0            x1:1c0081de
13878439ns          232491 1c0081de 016a7a53 fadd.s           f20, f20, f22       f20=xxxxxxxx f20:3fe1d36c f22:3eaaa273
13878459ns          232492 1c0081e2 10acf553 fmul.s           f10, f25, f10       f10=xxxxxxxx f25:3f800000 f10:3f7b3950
13878479ns          232493 1c0081e6 a14a97d3 flt.s            x15, f21, f20       x15=00000000 f21:40c90fdb f20:40063e04
13878499ns          232494 1c0081ea 00a4222b p.sw             x10, 4(x8!)          x8=10001554 x10:3f7b3950  x8:10001550  PA:10001550
13878519ns          232495 1c0081ee 00078363 beq              x15, x0, 6          x15:00000000
13878578ns          232498 1c0081f4 ff7412e3 bne              x8, x23, -28         x8:10001554 x23:100017c8
13878638ns          232501 1c0081d8 094c7553 fsub.s           f10, f24, f20       f10=xxxxxxxx f24:3fc90fdb f20:40063e04
13878658ns          232502 1c0081dc 57c000ef jal              x1, 1404             x1=1c0081de
13878698ns          232504 1c008758 a0a527d3 feq.s            x15, f10, f10       x15=00000001 f10:bf06d85a f10:bf06d85a
13878717ns          232505 1c00875c 0a078b63 beq              x15, x0, 182        x15:00000001
13878737ns          232506 1c00875e e00517d3 fclass.s         x15, f10            x15=00000002 f10:bf06d85a
13878757ns          232507 1c008762 0817f793 andi             x15, x15, 129       x15=00000000 x15:00000002
13878777ns          232508 1c008766 0a079663 bne              x15, x0, 172        x15:00000000
13878797ns          232509 1c008768 00000793 addi             x15, x0, 0          x15=00000000
13878817ns          232510 1c00876c a0f517d3 flt.s            x15, f10, f15       x15=00000001 f10:bf06d85a f15:00000000
13878837ns          232511 1c008770 0a079663 bne              x15, x0, 172        x15:00000001
13878896ns          232514 1c00881c 1c0007b7 lui              x15, 0x1c000000     x15=1c000000
13878916ns          232515 1c008820 12c7a783 lw               x15, 300(x15)       x15=c0c90fdb x15:1c000000  PA:1c00012c
13879235ns          232531 1c008824 a0f517d3 flt.s            x15, f10, f15       x15=00000000 f10:bf06d85a f15:c0c90fdb
13879255ns          232532 1c008828 00078463 beq              x15, x0, 8          x15:00000000
13879314ns          232535 1c008830 20a51553 fsgnjn.s         f10, f10, f10       f10=xxxxxxxx f10:bf06d85a f10:bf06d85a
13879334ns          232536 1c008834 f6bff06f jal              x0, -150           
13879394ns          232539 1c00879e 1c0007b7 lui              x15, 0x1c000000     x15=1c000000
13879414ns          232540 1c0087a2 01c7a783 lw               x15, 28(x15)        x15=3fc90fdb x15:1c000000  PA:1c00001c
13879732ns          232556 1c0087a6 a0f517d3 flt.s            x15, f10, f15       x15=00000001 f10:3f06d85a f15:3fc90fdb
13879752ns          232557 1c0087aa 02079563 bne              x15, x0, 42         x15:00000001
13879811ns          232560 1c0087d4 10a57553 fmul.s           f10, f10, f10       f10=xxxxxxxx f10:3f06d85a f10:3f06d85a
13879831ns          232561 1c0087d8 1c0007b7 lui              x15, 0x1c000000     x15=1c000000
13879851ns          232562 1c0087dc 1c000737 lui              x14, 0x1c000000     x14=1c000000
13879871ns          232563 1c0087e0 13472703 lw               x14, 308(x14)       x14=bab59551 x14:1c000000  PA:1c000134
13880189ns          232579 1c0087e4 1307a783 lw               x15, 304(x15)       x15=37c23ab1 x15:1c000000  PA:1c000130
13880528ns          232596 1c0087e8 70f577c3 fmadd.s          f15, f10, f15, f14  f15=xxxxxxxx f10:3e8e0e6a f15:37c23ab1 f14:bab59551
13880547ns          232597 1c0087ec 1c000737 lui              x14, 0x1c000000     x14=1c000000
13880567ns          232598 1c0087f0 13872703 lw               x14, 312(x14)       x14=3d2aa76f x14:1c000000  PA:1c000138
13880886ns          232614 1c0087f4 70f577c3 fmadd.s          f15, f10, f15, f14  f15=xxxxxxxx f10:3e8e0e6a f15:bab4bdc2 f14:3d2aa76f
13880905ns          232615 1c0087f8 1c000737 lui              x14, 0x1c000000     x14=1c000000
13880925ns          232616 1c0087fc 13c72703 lw               x14, 316(x14)       x14=beffffe0 x14:1c000000  PA:1c00013c
13881244ns          232632 1c008800 70f577c3 fmadd.s          f15, f10, f15, f14  f15=xxxxxxxx f10:3e8e0e6a f15:3d291641 f14:beffffe0
13881263ns          232633 1c008804 1c000737 lui              x14, 0x1c000000     x14=1c000000
13881283ns          232634 1c008808 16872703 lw               x14, 360(x14)       x14=3f7fffff x14:1c000000  PA:1c000168
13881681ns          232654 1c00880c 70f57543 fmadd.s          f10, f10, f15, f14  f10=xxxxxxxx f10:3e8e0e6a f15:befa22a2 f14:3f7fffff
13881701ns          232655 1c008810 00008067 jalr             x0, x1, 0            x1:1c0081de
13881761ns          232658 1c0081de 016a7a53 fadd.s           f20, f20, f22       f20=xxxxxxxx f20:40063e04 f22:3eaaa273
13881781ns          232659 1c0081e2 10acf553 fmul.s           f10, f25, f10       f10=xxxxxxxx f25:3f800000 f10:3f5d4cac
13881801ns          232660 1c0081e6 a14a97d3 flt.s            x15, f21, f20       x15=00000000 f21:40c90fdb f20:401b9252
13881820ns          232661 1c0081ea 00a4222b p.sw             x10, 4(x8!)          x8=10001558 x10:3f5d4cac  x8:10001554  PA:10001554
13881840ns          232662 1c0081ee 00078363 beq              x15, x0, 6          x15:00000000
13881900ns          232665 1c0081f4 ff7412e3 bne              x8, x23, -28         x8:10001558 x23:100017c8
13881960ns          232668 1c0081d8 094c7553 fsub.s           f10, f24, f20       f10=xxxxxxxx f24:3fc90fdb f20:401b9252
13881980ns          232669 1c0081dc 57c000ef jal              x1, 1404             x1=1c0081de
13882019ns          232671 1c008758 a0a527d3 feq.s            x15, f10, f10       x15=00000001 f10:bf5c2992 f10:bf5c2992
13882039ns          232672 1c00875c 0a078b63 beq              x15, x0, 182        x15:00000001
13882059ns          232673 1c00875e e00517d3 fclass.s         x15, f10            x15=00000002 f10:bf5c2992
13882079ns          232674 1c008762 0817f793 andi             x15, x15, 129       x15=00000000 x15:00000002
13882099ns          232675 1c008766 0a079663 bne              x15, x0, 172        x15:00000000
13882119ns          232676 1c008768 00000793 addi             x15, x0, 0          x15=00000000
13882139ns          232677 1c00876c a0f517d3 flt.s            x15, f10, f15       x15=00000001 f10:bf5c2992 f15:00000000
13882159ns          232678 1c008770 0a079663 bne              x15, x0, 172        x15:00000001
13882218ns          232681 1c00881c 1c0007b7 lui              x15, 0x1c000000     x15=1c000000
13882238ns          232682 1c008820 12c7a783 lw               x15, 300(x15)       x15=c0c90fdb x15:1c000000  PA:1c00012c
13882556ns          232698 1c008824 a0f517d3 flt.s            x15, f10, f15       x15=00000000 f10:bf5c2992 f15:c0c90fdb
13882576ns          232699 1c008828 00078463 beq              x15, x0, 8          x15:00000000
13882636ns          232702 1c008830 20a51553 fsgnjn.s         f10, f10, f10       f10=xxxxxxxx f10:bf5c2992 f10:bf5c2992
13882656ns          232703 1c008834 f6bff06f jal              x0, -150           
13882716ns          232706 1c00879e 1c0007b7 lui              x15, 0x1c000000     x15=1c000000
13882735ns          232707 1c0087a2 01c7a783 lw               x15, 28(x15)        x15=3fc90fdb x15:1c000000  PA:1c00001c
13883074ns          232724 1c0087a6 a0f517d3 flt.s            x15, f10, f15       x15=00000001 f10:3f5c2992 f15:3fc90fdb
13883093ns          232725 1c0087aa 02079563 bne              x15, x0, 42         x15:00000001
13883153ns          232728 1c0087d4 10a57553 fmul.s           f10, f10, f10       f10=xxxxxxxx f10:3f5c2992 f10:3f5c2992
13883173ns          232729 1c0087d8 1c0007b7 lui              x15, 0x1c000000     x15=1c000000
13883193ns          232730 1c0087dc 1c000737 lui              x14, 0x1c000000     x14=1c000000
13883213ns          232731 1c0087e0 13472703 lw               x14, 308(x14)       x14=bab59551 x14:1c000000  PA:1c000134
13883511ns          232746 1c0087e4 1307a783 lw               x15, 304(x15)       x15=37c23ab1 x15:1c000000  PA:1c000130
13883849ns          232763 1c0087e8 70f577c3 fmadd.s          f15, f10, f15, f14  f15=xxxxxxxx f10:3f3d577a f15:37c23ab1 f14:bab59551
13883869ns          232764 1c0087ec 1c000737 lui              x14, 0x1c000000     x14=1c000000
13883889ns          232765 1c0087f0 13872703 lw               x14, 312(x14)       x14=3d2aa76f x14:1c000000  PA:1c000138
13884207ns          232781 1c0087f4 70f577c3 fmadd.s          f15, f10, f15, f14  f15=xxxxxxxx f10:3f3d577a f15:bab356b2 f14:3d2aa76f
13884227ns          232782 1c0087f8 1c000737 lui              x14, 0x1c000000     x14=1c000000
13884247ns          232783 1c0087fc 13c72703 lw               x14, 316(x14)       x14=beffffe0 x14:1c000000  PA:1c00013c
13884565ns          232799 1c008800 70f577c3 fmadd.s          f15, f10, f15, f14  f15=xxxxxxxx f10:3f3d577a f15:3d26824d f14:beffffe0
13884585ns          232800 1c008804 1c000737 lui              x14, 0x1c000000     x14=1c000000
13884605ns          232801 1c008808 16872703 lw               x14, 360(x14)       x14=3f7fffff x14:1c000000  PA:1c000168
13884963ns          232819 1c00880c 70f57543 fmadd.s          f10, f10, f15, f14  f10=xxxxxxxx f10:3f3d577a f15:bef09afd f14:3f7fffff
13884983ns          232820 1c008810 00008067 jalr             x0, x1, 0            x1:1c0081de
13885043ns          232823 1c0081de 016a7a53 fadd.s           f20, f20, f22       f20=xxxxxxxx f20:401b9252 f22:3eaaa273
13885063ns          232824 1c0081e2 10acf553 fmul.s           f10, f25, f10       f10=xxxxxxxx f25:3f800000 f10:3f2705ad
13885082ns          232825 1c0081e6 a14a97d3 flt.s            x15, f21, f20       x15=00000000 f21:40c90fdb f20:4030e6a0
13885102ns          232826 1c0081ea 00a4222b p.sw             x10, 4(x8!)          x8=1000155c x10:3f2705ad  x8:10001558  PA:10001558
13885122ns          232827 1c0081ee 00078363 beq              x15, x0, 6          x15:00000000
13885182ns          232830 1c0081f4 ff7412e3 bne              x8, x23, -28         x8:1000155c x23:100017c8
13885242ns          232833 1c0081d8 094c7553 fsub.s           f10, f24, f20       f10=xxxxxxxx f24:3fc90fdb f20:4030e6a0
13885262ns          232834 1c0081dc 57c000ef jal              x1, 1404             x1=1c0081de
13885301ns          232836 1c008758 a0a527d3 feq.s            x15, f10, f10       x15=00000001 f10:bf98bd65 f10:bf98bd65
13885321ns          232837 1c00875c 0a078b63 beq              x15, x0, 182        x15:00000001
13885341ns          232838 1c00875e e00517d3 fclass.s         x15, f10            x15=00000002 f10:bf98bd65
13885361ns          232839 1c008762 0817f793 andi             x15, x15, 129       x15=00000000 x15:00000002
13885381ns          232840 1c008766 0a079663 bne              x15, x0, 172        x15:00000000
13885401ns          232841 1c008768 00000793 addi             x15, x0, 0          x15=00000000
13885421ns          232842 1c00876c a0f517d3 flt.s            x15, f10, f15       x15=00000001 f10:bf98bd65 f15:00000000
13885441ns          232843 1c008770 0a079663 bne              x15, x0, 172        x15:00000001
13885500ns          232846 1c00881c 1c0007b7 lui              x15, 0x1c000000     x15=1c000000
13885520ns          232847 1c008820 12c7a783 lw               x15, 300(x15)       x15=c0c90fdb x15:1c000000  PA:1c00012c
13885878ns          232865 1c008824 a0f517d3 flt.s            x15, f10, f15       x15=00000000 f10:bf98bd65 f15:c0c90fdb
13885898ns          232866 1c008828 00078463 beq              x15, x0, 8          x15:00000000
13885958ns          232869 1c008830 20a51553 fsgnjn.s         f10, f10, f10       f10=xxxxxxxx f10:bf98bd65 f10:bf98bd65
13885978ns          232870 1c008834 f6bff06f jal              x0, -150           
13886037ns          232873 1c00879e 1c0007b7 lui              x15, 0x1c000000     x15=1c000000
13886057ns          232874 1c0087a2 01c7a783 lw               x15, 28(x15)        x15=3fc90fdb x15:1c000000  PA:1c00001c
13886375ns          232890 1c0087a6 a0f517d3 flt.s            x15, f10, f15       x15=00000001 f10:3f98bd65 f15:3fc90fdb
13886395ns          232891 1c0087aa 02079563 bne              x15, x0, 42         x15:00000001
13886455ns          232894 1c0087d4 10a57553 fmul.s           f10, f10, f10       f10=xxxxxxxx f10:3f98bd65 f10:3f98bd65
13886475ns          232895 1c0087d8 1c0007b7 lui              x15, 0x1c000000     x15=1c000000
13886495ns          232896 1c0087dc 1c000737 lui              x14, 0x1c000000     x14=1c000000
13886515ns          232897 1c0087e0 13472703 lw               x14, 308(x14)       x14=bab59551 x14:1c000000  PA:1c000134
13886833ns          232913 1c0087e4 1307a783 lw               x15, 304(x15)       x15=37c23ab1 x15:1c000000  PA:1c000130
13887171ns          232930 1c0087e8 70f577c3 fmadd.s          f15, f10, f15, f14  f15=xxxxxxxx f10:3fb642e8 f15:37c23ab1 f14:bab59551
13887191ns          232931 1c0087ec 1c000737 lui              x14, 0x1c000000     x14=1c000000
13887211ns          232932 1c0087f0 13872703 lw               x14, 312(x14)       x14=3d2aa76f x14:1c000000  PA:1c000138
13887529ns          232948 1c0087f4 70f577c3 fmadd.s          f15, f10, f15, f14  f15=xxxxxxxx f10:3fb642e8 f15:bab1430d f14:3d2aa76f
13887549ns          232949 1c0087f8 1c000737 lui              x14, 0x1c000000     x14=1c000000
13887569ns          232950 1c0087fc 13c72703 lw               x14, 316(x14)       x14=beffffe0 x14:1c000000  PA:1c00013c
13887887ns          232966 1c008800 70f577c3 fmadd.s          f15, f10, f15, f14  f15=xxxxxxxx f10:3fb642e8 f15:3d22c42f f14:beffffe0
13887907ns          232967 1c008804 1c000737 lui              x14, 0x1c000000     x14=1c000000
13887927ns          232968 1c008808 16872703 lw               x14, 360(x14)       x14=3f7fffff x14:1c000000  PA:1c000168
13888265ns          232985 1c00880c 70f57543 fmadd.s          f10, f10, f15, f14  f10=xxxxxxxx f10:3fb642e8 f15:bee3075f f14:3f7fffff
13888285ns          232986 1c008810 00008067 jalr             x0, x1, 0            x1:1c0081de
13888345ns          232989 1c0081de 016a7a53 fadd.s           f20, f20, f22       f20=xxxxxxxx f20:4030e6a0 f22:3eaaa273
13888364ns          232990 1c0081e2 10acf553 fmul.s           f10, f25, f10       f10=xxxxxxxx f25:3f800000 f10:3ebcbad8
13888384ns          232991 1c0081e6 a14a97d3 flt.s            x15, f21, f20       x15=00000000 f21:40c90fdb f20:40463aee
13888404ns          232992 1c0081ea 00a4222b p.sw             x10, 4(x8!)          x8=10001560 x10:3ebcbad8  x8:1000155c  PA:1000155c
13888424ns          232993 1c0081ee 00078363 beq              x15, x0, 6          x15:00000000
13888484ns          232996 1c0081f4 ff7412e3 bne              x8, x23, -28         x8:10001560 x23:100017c8
13888543ns          232999 1c0081d8 094c7553 fsub.s           f10, f24, f20       f10=xxxxxxxx f24:3fc90fdb f20:40463aee
13888563ns          233000 1c0081dc 57c000ef jal              x1, 1404             x1=1c0081de
13888603ns          233002 1c008758 a0a527d3 feq.s            x15, f10, f10       x15=00000001 f10:bfc36601 f10:bfc36601
13888623ns          233003 1c00875c 0a078b63 beq              x15, x0, 182        x15:00000001
13888643ns          233004 1c00875e e00517d3 fclass.s         x15, f10            x15=00000002 f10:bfc36601
13888663ns          233005 1c008762 0817f793 andi             x15, x15, 129       x15=00000000 x15:00000002
13888683ns          233006 1c008766 0a079663 bne              x15, x0, 172        x15:00000000
13888703ns          233007 1c008768 00000793 addi             x15, x0, 0          x15=00000000
13888723ns          233008 1c00876c a0f517d3 flt.s            x15, f10, f15       x15=00000001 f10:bfc36601 f15:00000000
13888742ns          233009 1c008770 0a079663 bne              x15, x0, 172        x15:00000001
13888802ns          233012 1c00881c 1c0007b7 lui              x15, 0x1c000000     x15=1c000000
13888822ns          233013 1c008820 12c7a783 lw               x15, 300(x15)       x15=c0c90fdb x15:1c000000  PA:1c00012c
13889140ns          233029 1c008824 a0f517d3 flt.s            x15, f10, f15       x15=00000000 f10:bfc36601 f15:c0c90fdb
13889160ns          233030 1c008828 00078463 beq              x15, x0, 8          x15:00000000
13889220ns          233033 1c008830 20a51553 fsgnjn.s         f10, f10, f10       f10=xxxxxxxx f10:bfc36601 f10:bfc36601
13889240ns          233034 1c008834 f6bff06f jal              x0, -150           
13889299ns          233037 1c00879e 1c0007b7 lui              x15, 0x1c000000     x15=1c000000
13889319ns          233038 1c0087a2 01c7a783 lw               x15, 28(x15)        x15=3fc90fdb x15:1c000000  PA:1c00001c
13889637ns          233054 1c0087a6 a0f517d3 flt.s            x15, f10, f15       x15=00000001 f10:3fc36601 f15:3fc90fdb
13889657ns          233055 1c0087aa 02079563 bne              x15, x0, 42         x15:00000001
13889717ns          233058 1c0087d4 10a57553 fmul.s           f10, f10, f10       f10=xxxxxxxx f10:3fc36601 f10:3fc36601
13889737ns          233059 1c0087d8 1c0007b7 lui              x15, 0x1c000000     x15=1c000000
13889757ns          233060 1c0087dc 1c000737 lui              x14, 0x1c000000     x14=1c000000
13889777ns          233061 1c0087e0 13472703 lw               x14, 308(x14)       x14=bab59551 x14:1c000000  PA:1c000134
13890075ns          233076 1c0087e4 1307a783 lw               x15, 304(x15)       x15=37c23ab1 x15:1c000000  PA:1c000130
13890413ns          233093 1c0087e8 70f577c3 fmadd.s          f15, f10, f15, f14  f15=xxxxxxxx f10:4015248e f15:37c23ab1 f14:bab59551
13890433ns          233094 1c0087ec 1c000737 lui              x14, 0x1c000000     x14=1c000000
13890453ns          233095 1c0087f0 13872703 lw               x14, 312(x14)       x14=3d2aa76f x14:1c000000  PA:1c000138
13890771ns          233111 1c0087f4 70f577c3 fmadd.s          f15, f10, f15, f14  f15=xxxxxxxx f10:4015248e f15:baae82d3 f14:3d2aa76f
13890791ns          233112 1c0087f8 1c000737 lui              x14, 0x1c000000     x14=1c000000
13890811ns          233113 1c0087fc 13c72703 lw               x14, 316(x14)       x14=beffffe0 x14:1c000000  PA:1c00013c
13891149ns          233130 1c008800 70f577c3 fmadd.s          f15, f10, f15, f14  f15=xxxxxxxx f10:4015248e f15:3d1df20d f14:beffffe0
13891169ns          233131 1c008804 1c000737 lui              x14, 0x1c000000     x14=1c000000
13891189ns          233132 1c008808 16872703 lw               x14, 360(x14)       x14=3f7fffff x14:1c000000  PA:1c000168
13891567ns          233151 1c00880c 70f57543 fmadd.s          f10, f10, f15, f14  f10=xxxxxxxx f10:4015248e f15:bed1fda8 f14:3f7fffff
13891587ns          233152 1c008810 00008067 jalr             x0, x1, 0            x1:1c0081de
13891646ns          233155 1c0081de 016a7a53 fadd.s           f20, f20, f22       f20=xxxxxxxx f20:40463aee f22:3eaaa273
13891666ns          233156 1c0081e2 10acf553 fmul.s           f10, f25, f10       f10=xxxxxxxx f25:3f800000 f10:3d352c12
13891686ns          233157 1c0081e6 a14a97d3 flt.s            x15, f21, f20       x15=00000000 f21:40c90fdb f20:405b8f3c
13891706ns          233158 1c0081ea 00a4222b p.sw             x10, 4(x8!)          x8=10001564 x10:3d352c12  x8:10001560  PA:10001560
13891726ns          233159 1c0081ee 00078363 beq              x15, x0, 6          x15:00000000
13891786ns          233162 1c0081f4 ff7412e3 bne              x8, x23, -28         x8:10001564 x23:100017c8
13891845ns          233165 1c0081d8 094c7553 fsub.s           f10, f24, f20       f10=xxxxxxxx f24:3fc90fdb f20:405b8f3c
13891865ns          233166 1c0081dc 57c000ef jal              x1, 1404             x1=1c0081de
13891905ns          233168 1c008758 a0a527d3 feq.s            x15, f10, f10       x15=00000001 f10:bfee0e9d f10:bfee0e9d
13891925ns          233169 1c00875c 0a078b63 beq              x15, x0, 182        x15:00000001
13891945ns          233170 1c00875e e00517d3 fclass.s         x15, f10            x15=00000002 f10:bfee0e9d
13891965ns          233171 1c008762 0817f793 andi             x15, x15, 129       x15=00000000 x15:00000002
13891985ns          233172 1c008766 0a079663 bne              x15, x0, 172        x15:00000000
13892004ns          233173 1c008768 00000793 addi             x15, x0, 0          x15=00000000
13892024ns          233174 1c00876c a0f517d3 flt.s            x15, f10, f15       x15=00000001 f10:bfee0e9d f15:00000000
13892044ns          233175 1c008770 0a079663 bne              x15, x0, 172        x15:00000001
13892104ns          233178 1c00881c 1c0007b7 lui              x15, 0x1c000000     x15=1c000000
13892124ns          233179 1c008820 12c7a783 lw               x15, 300(x15)       x15=c0c90fdb x15:1c000000  PA:1c00012c
13892462ns          233196 1c008824 a0f517d3 flt.s            x15, f10, f15       x15=00000000 f10:bfee0e9d f15:c0c90fdb
13892482ns          233197 1c008828 00078463 beq              x15, x0, 8          x15:00000000
13892542ns          233200 1c008830 20a51553 fsgnjn.s         f10, f10, f10       f10=xxxxxxxx f10:bfee0e9d f10:bfee0e9d
13892561ns          233201 1c008834 f6bff06f jal              x0, -150           
13892621ns          233204 1c00879e 1c0007b7 lui              x15, 0x1c000000     x15=1c000000
13892641ns          233205 1c0087a2 01c7a783 lw               x15, 28(x15)        x15=3fc90fdb x15:1c000000  PA:1c00001c
13892959ns          233221 1c0087a6 a0f517d3 flt.s            x15, f10, f15       x15=00000000 f10:3fee0e9d f15:3fc90fdb
13892979ns          233222 1c0087aa 02079563 bne              x15, x0, 42         x15:00000000
13892999ns          233223 1c0087ac 1c0007b7 lui              x15, 0x1c000000     x15=1c000000
13893019ns          233224 1c0087b0 1007a783 lw               x15, 256(x15)       x15=40490fdb x15:1c000000  PA:1c000100
13893377ns          233242 1c0087b4 a0f51753 flt.s            x14, f10, f15       x14=00000001 f10:3fee0e9d f15:40490fdb
13893397ns          233243 1c0087b8 06071f63 bne              x14, x0, 126        x14:00000001
13893476ns          233247 1c008836 08a7f553 fsub.s           f10, f15, f10       f10=xxxxxxxx f15:40490fdb f10:3fee0e9d
13893496ns          233248 1c00883a 10a57553 fmul.s           f10, f10, f10       f10=xxxxxxxx f10:3fa41119 f10:3fa41119
13893516ns          233249 1c00883e 1c0007b7 lui              x15, 0x1c000000     x15=1c000000
13893536ns          233250 1c008842 1c000737 lui              x14, 0x1c000000     x14=1c000000
13893556ns          233251 1c008846 13472703 lw               x14, 308(x14)       x14=bab59551 x14:1c000000  PA:1c000134
13893854ns          233266 1c00884a 1307a783 lw               x15, 304(x15)       x15=37c23ab1 x15:1c000000  PA:1c000130
13894173ns          233282 1c00884e 70f577c3 fmadd.s          f15, f10, f15, f14  f15=xxxxxxxx f10:3fd24bd2 f15:37c23ab1 f14:bab59551
13894192ns          233283 1c008852 1c000737 lui              x14, 0x1c000000     x14=1c000000
13894212ns          233284 1c008856 13872703 lw               x14, 312(x14)       x14=3d2aa76f x14:1c000000  PA:1c000138
13894531ns          233300 1c00885a 70f577c3 fmadd.s          f15, f10, f15, f14  f15=xxxxxxxx f10:3fd24bd2 f15:bab098e4 f14:3d2aa76f
13894550ns          233301 1c00885e 1c000737 lui              x14, 0x1c000000     x14=1c000000
13894570ns          233302 1c008862 13c72703 lw               x14, 316(x14)       x14=beffffe0 x14:1c000000  PA:1c00013c
13894909ns          233319 1c008866 70f577c3 fmadd.s          f15, f10, f15, f14  f15=xxxxxxxx f10:3fd24bd2 f15:3d219653 f14:beffffe0
13894928ns          233320 1c00886a 1c000737 lui              x14, 0x1c000000     x14=1c000000
13894948ns          233321 1c00886e 16872703 lw               x14, 360(x14)       x14=3f7fffff x14:1c000000  PA:1c000168
13895267ns          233337 1c008872 70f57543 fmadd.s          f10, f10, f15, f14  f10=xxxxxxxx f10:3fd24bd2 f15:beded095 f14:3f7fffff
13895286ns          233338 1c008876 20a51553 fsgnjn.s         f10, f10, f10       f10=xxxxxxxx f10:3e91edce f10:3e91edce
13895306ns          233339 1c00887a 00008067 jalr             x0, x1, 0            x1:1c0081de
13895366ns          233342 1c0081de 016a7a53 fadd.s           f20, f20, f22       f20=xxxxxxxx f20:405b8f3c f22:3eaaa273
13895386ns          233343 1c0081e2 10acf553 fmul.s           f10, f25, f10       f10=xxxxxxxx f25:3f800000 f10:be91edce
13895406ns          233344 1c0081e6 a14a97d3 flt.s            x15, f21, f20       x15=00000000 f21:40c90fdb f20:4070e38a
13895426ns          233345 1c0081ea 00a4222b p.sw             x10, 4(x8!)          x8=10001568 x10:be91edce  x8:10001564  PA:10001564
13895446ns          233346 1c0081ee 00078363 beq              x15, x0, 6          x15:00000000
13895505ns          233349 1c0081f4 ff7412e3 bne              x8, x23, -28         x8:10001568 x23:100017c8
13895565ns          233352 1c0081d8 094c7553 fsub.s           f10, f24, f20       f10=xxxxxxxx f24:3fc90fdb f20:4070e38a
13895585ns          233353 1c0081dc 57c000ef jal              x1, 1404             x1=1c0081de
13895625ns          233355 1c008758 a0a527d3 feq.s            x15, f10, f10       x15=00000001 f10:c00c5b9c f10:c00c5b9c
13895644ns          233356 1c00875c 0a078b63 beq              x15, x0, 182        x15:00000001
13895704ns          233359 1c00875e e00517d3 fclass.s         x15, f10            x15=00000002 f10:c00c5b9c
13895744ns          233361 1c008762 0817f793 andi             x15, x15, 129       x15=00000000 x15:00000002
13895764ns          233362 1c008766 0a079663 bne              x15, x0, 172        x15:00000000
13895784ns          233363 1c008768 00000793 addi             x15, x0, 0          x15=00000000
13895804ns          233364 1c00876c a0f517d3 flt.s            x15, f10, f15       x15=00000001 f10:c00c5b9c f15:00000000
13895824ns          233365 1c008770 0a079663 bne              x15, x0, 172        x15:00000001
13895883ns          233368 1c00881c 1c0007b7 lui              x15, 0x1c000000     x15=1c000000
13895903ns          233369 1c008820 12c7a783 lw               x15, 300(x15)       x15=c0c90fdb x15:1c000000  PA:1c00012c
13896221ns          233385 1c008824 a0f517d3 flt.s            x15, f10, f15       x15=00000000 f10:c00c5b9c f15:c0c90fdb
13896241ns          233386 1c008828 00078463 beq              x15, x0, 8          x15:00000000
13896301ns          233389 1c008830 20a51553 fsgnjn.s         f10, f10, f10       f10=xxxxxxxx f10:c00c5b9c f10:c00c5b9c
13896321ns          233390 1c008834 f6bff06f jal              x0, -150           
13896380ns          233393 1c00879e 1c0007b7 lui              x15, 0x1c000000     x15=1c000000
13896400ns          233394 1c0087a2 01c7a783 lw               x15, 28(x15)        x15=3fc90fdb x15:1c000000  PA:1c00001c
13896719ns          233410 1c0087a6 a0f517d3 flt.s            x15, f10, f15       x15=00000000 f10:400c5b9c f15:3fc90fdb
13896738ns          233411 1c0087aa 02079563 bne              x15, x0, 42         x15:00000000
13896758ns          233412 1c0087ac 1c0007b7 lui              x15, 0x1c000000     x15=1c000000
13896778ns          233413 1c0087b0 1007a783 lw               x15, 256(x15)       x15=40490fdb x15:1c000000  PA:1c000100
13897097ns          233429 1c0087b4 a0f51753 flt.s            x14, f10, f15       x14=00000001 f10:400c5b9c f15:40490fdb
13897116ns          233430 1c0087b8 06071f63 bne              x14, x0, 126        x14:00000001
13897196ns          233434 1c008836 08a7f553 fsub.s           f10, f15, f10       f10=xxxxxxxx f15:40490fdb f10:400c5b9c
13897216ns          233435 1c00883a 10a57553 fmul.s           f10, f10, f10       f10=xxxxxxxx f10:3f72d0fc f10:3f72d0fc
13897236ns          233436 1c00883e 1c0007b7 lui              x15, 0x1c000000     x15=1c000000
13897256ns          233437 1c008842 1c000737 lui              x14, 0x1c000000     x14=1c000000
13897276ns          233438 1c008846 13472703 lw               x14, 308(x14)       x14=bab59551 x14:1c000000  PA:1c000134
13897574ns          233453 1c00884a 1307a783 lw               x15, 304(x15)       x15=37c23ab1 x15:1c000000  PA:1c000130
13897892ns          233469 1c00884e 70f577c3 fmadd.s          f15, f10, f15, f14  f15=xxxxxxxx f10:3f664fc7 f15:37c23ab1 f14:bab59551
13897912ns          233470 1c008852 1c000737 lui              x14, 0x1c000000     x14=1c000000
13897932ns          233471 1c008856 13872703 lw               x14, 312(x14)       x14=3d2aa76f x14:1c000000  PA:1c000138
13898250ns          233487 1c00885a 70f577c3 fmadd.s          f15, f10, f15, f14  f15=xxxxxxxx f10:3f664fc7 f15:bab2da5c f14:3d2aa76f
13898270ns          233488 1c00885e 1c000737 lui              x14, 0x1c000000     x14=1c000000
13898290ns          233489 1c008862 13c72703 lw               x14, 316(x14)       x14=beffffe0 x14:1c000000  PA:1c00013c
13898608ns          233505 1c008866 70f577c3 fmadd.s          f15, f10, f15, f14  f15=xxxxxxxx f10:3f664fc7 f15:3d25a030 f14:beffffe0
13898628ns          233506 1c00886a 1c000737 lui              x14, 0x1c000000     x14=1c000000
13898648ns          233507 1c00886e 16872703 lw               x14, 360(x14)       x14=3f7fffff x14:1c000000  PA:1c000168
13898986ns          233524 1c008872 70f57543 fmadd.s          f10, f10, f15, f14  f10=xxxxxxxx f10:3f664fc7 f15:beed5faf f14:3f7fffff
13899006ns          233525 1c008876 20a51553 fsgnjn.s         f10, f10, f10       f10=xxxxxxxx f10:3f153907 f10:3f153907
13899026ns          233526 1c00887a 00008067 jalr             x0, x1, 0            x1:1c0081de
13899086ns          233529 1c0081de 016a7a53 fadd.s           f20, f20, f22       f20=xxxxxxxx f20:4070e38a f22:3eaaa273
13899105ns          233530 1c0081e2 10acf553 fmul.s           f10, f25, f10       f10=xxxxxxxx f25:3f800000 f10:bf153907
13899125ns          233531 1c0081e6 a14a97d3 flt.s            x15, f21, f20       x15=00000000 f21:40c90fdb f20:40831bec
13899145ns          233532 1c0081ea 00a4222b p.sw             x10, 4(x8!)          x8=1000156c x10:bf153907  x8:10001568  PA:10001568
13899165ns          233533 1c0081ee 00078363 beq              x15, x0, 6          x15:00000000
13899225ns          233536 1c0081f4 ff7412e3 bne              x8, x23, -28         x8:1000156c x23:100017c8
13899284ns          233539 1c0081d8 094c7553 fsub.s           f10, f24, f20       f10=xxxxxxxx f24:3fc90fdb f20:40831bec
13899304ns          233540 1c0081dc 57c000ef jal              x1, 1404             x1=1c0081de
13899344ns          233542 1c008758 a0a527d3 feq.s            x15, f10, f10       x15=00000001 f10:c021afea f10:c021afea
13899364ns          233543 1c00875c 0a078b63 beq              x15, x0, 182        x15:00000001
13899384ns          233544 1c00875e e00517d3 fclass.s         x15, f10            x15=00000002 f10:c021afea
13899404ns          233545 1c008762 0817f793 andi             x15, x15, 129       x15=00000000 x15:00000002
13899424ns          233546 1c008766 0a079663 bne              x15, x0, 172        x15:00000000
13899444ns          233547 1c008768 00000793 addi             x15, x0, 0          x15=00000000
13899464ns          233548 1c00876c a0f517d3 flt.s            x15, f10, f15       x15=00000001 f10:c021afea f15:00000000
13899483ns          233549 1c008770 0a079663 bne              x15, x0, 172        x15:00000001
13899543ns          233552 1c00881c 1c0007b7 lui              x15, 0x1c000000     x15=1c000000
13899563ns          233553 1c008820 12c7a783 lw               x15, 300(x15)       x15=c0c90fdb x15:1c000000  PA:1c00012c
13899881ns          233569 1c008824 a0f517d3 flt.s            x15, f10, f15       x15=00000000 f10:c021afea f15:c0c90fdb
13899901ns          233570 1c008828 00078463 beq              x15, x0, 8          x15:00000000
13899961ns          233573 1c008830 20a51553 fsgnjn.s         f10, f10, f10       f10=xxxxxxxx f10:c021afea f10:c021afea
13899981ns          233574 1c008834 f6bff06f jal              x0, -150           
13900040ns          233577 1c00879e 1c0007b7 lui              x15, 0x1c000000     x15=1c000000
13900060ns          233578 1c0087a2 01c7a783 lw               x15, 28(x15)        x15=3fc90fdb x15:1c000000  PA:1c00001c
13900398ns          233595 1c0087a6 a0f517d3 flt.s            x15, f10, f15       x15=00000000 f10:4021afea f15:3fc90fdb
13900418ns          233596 1c0087aa 02079563 bne              x15, x0, 42         x15:00000000
13900438ns          233597 1c0087ac 1c0007b7 lui              x15, 0x1c000000     x15=1c000000
13900458ns          233598 1c0087b0 1007a783 lw               x15, 256(x15)       x15=40490fdb x15:1c000000  PA:1c000100
13900776ns          233614 1c0087b4 a0f51753 flt.s            x14, f10, f15       x14=00000001 f10:4021afea f15:40490fdb
13900796ns          233615 1c0087b8 06071f63 bne              x14, x0, 126        x14:00000001
13900876ns          233619 1c008836 08a7f553 fsub.s           f10, f15, f10       f10=xxxxxxxx f15:40490fdb f10:4021afea
13900896ns          233620 1c00883a 10a57553 fmul.s           f10, f10, f10       f10=xxxxxxxx f10:3f1d7fc4 f10:3f1d7fc4
13900916ns          233621 1c00883e 1c0007b7 lui              x15, 0x1c000000     x15=1c000000
13900935ns          233622 1c008842 1c000737 lui              x14, 0x1c000000     x14=1c000000
13900955ns          233623 1c008846 13472703 lw               x14, 308(x14)       x14=bab59551 x14:1c000000  PA:1c000134
13901254ns          233638 1c00884a 1307a783 lw               x15, 304(x15)       x15=37c23ab1 x15:1c000000  PA:1c000130
13901572ns          233654 1c00884e 70f577c3 fmadd.s          f15, f10, f15, f14  f15=xxxxxxxx f10:3ec1cbec f15:37c23ab1 f14:bab59551
13901592ns          233655 1c008852 1c000737 lui              x14, 0x1c000000     x14=1c000000
13901612ns          233656 1c008856 13872703 lw               x14, 312(x14)       x14=3d2aa76f x14:1c000000  PA:1c000138
13901990ns          233675 1c00885a 70f577c3 fmadd.s          f15, f10, f15, f14  f15=xxxxxxxx f10:3ec1cbec f15:bab46f3f f14:3d2aa76f
13902010ns          233676 1c00885e 1c000737 lui              x14, 0x1c000000     x14=1c000000
13902029ns          233677 1c008862 13c72703 lw               x14, 316(x14)       x14=beffffe0 x14:1c000000  PA:1c00013c
13902387ns          233695 1c008866 70f577c3 fmadd.s          f15, f10, f15, f14  f15=xxxxxxxx f10:3ec1cbec f15:3d288511 f14:beffffe0
13902407ns          233696 1c00886a 1c000737 lui              x14, 0x1c000000     x14=1c000000
13902427ns          233697 1c00886e 16872703 lw               x14, 360(x14)       x14=3f7fffff x14:1c000000  PA:1c000168
13902765ns          233714 1c008872 70f57543 fmadd.s          f10, f10, f15, f14  f10=xxxxxxxx f10:3ec1cbec f15:bef806b7 f14:3f7fffff
13902785ns          233715 1c008876 20a51553 fsgnjn.s         f10, f10, f10       f10=xxxxxxxx f10:3f510f57 f10:3f510f57
13902805ns          233716 1c00887a 00008067 jalr             x0, x1, 0            x1:1c0081de
13902865ns          233719 1c0081de 016a7a53 fadd.s           f20, f20, f22       f20=xxxxxxxx f20:40831bec f22:3eaaa273
13902885ns          233720 1c0081e2 10acf553 fmul.s           f10, f25, f10       f10=xxxxxxxx f25:3f800000 f10:bf510f57
13902905ns          233721 1c0081e6 a14a97d3 flt.s            x15, f21, f20       x15=00000000 f21:40c90fdb f20:408dc613
13902925ns          233722 1c0081ea 00a4222b p.sw             x10, 4(x8!)          x8=10001570 x10:bf510f57  x8:1000156c  PA:1000156c
13902944ns          233723 1c0081ee 00078363 beq              x15, x0, 6          x15:00000000
13903004ns          233726 1c0081f4 ff7412e3 bne              x8, x23, -28         x8:10001570 x23:100017c8
13903064ns          233729 1c0081d8 094c7553 fsub.s           f10, f24, f20       f10=xxxxxxxx f24:3fc90fdb f20:408dc613
13903084ns          233730 1c0081dc 57c000ef jal              x1, 1404             x1=1c0081de
13903123ns          233732 1c008758 a0a527d3 feq.s            x15, f10, f10       x15=00000001 f10:c0370438 f10:c0370438
13903143ns          233733 1c00875c 0a078b63 beq              x15, x0, 182        x15:00000001
13903163ns          233734 1c00875e e00517d3 fclass.s         x15, f10            x15=00000002 f10:c0370438
13903183ns          233735 1c008762 0817f793 andi             x15, x15, 129       x15=00000000 x15:00000002
13903203ns          233736 1c008766 0a079663 bne              x15, x0, 172        x15:00000000
13903223ns          233737 1c008768 00000793 addi             x15, x0, 0          x15=00000000
13903243ns          233738 1c00876c a0f517d3 flt.s            x15, f10, f15       x15=00000001 f10:c0370438 f15:00000000
13903263ns          233739 1c008770 0a079663 bne              x15, x0, 172        x15:00000001
13903322ns          233742 1c00881c 1c0007b7 lui              x15, 0x1c000000     x15=1c000000
13903342ns          233743 1c008820 12c7a783 lw               x15, 300(x15)       x15=c0c90fdb x15:1c000000  PA:1c00012c
13903660ns          233759 1c008824 a0f517d3 flt.s            x15, f10, f15       x15=00000000 f10:c0370438 f15:c0c90fdb
13903680ns          233760 1c008828 00078463 beq              x15, x0, 8          x15:00000000
13903740ns          233763 1c008830 20a51553 fsgnjn.s         f10, f10, f10       f10=xxxxxxxx f10:c0370438 f10:c0370438
13903760ns          233764 1c008834 f6bff06f jal              x0, -150           
13903820ns          233767 1c00879e 1c0007b7 lui              x15, 0x1c000000     x15=1c000000
13903839ns          233768 1c0087a2 01c7a783 lw               x15, 28(x15)        x15=3fc90fdb x15:1c000000  PA:1c00001c
13904198ns          233786 1c0087a6 a0f517d3 flt.s            x15, f10, f15       x15=00000000 f10:40370438 f15:3fc90fdb
13904217ns          233787 1c0087aa 02079563 bne              x15, x0, 42         x15:00000000
13904237ns          233788 1c0087ac 1c0007b7 lui              x15, 0x1c000000     x15=1c000000
13904257ns          233789 1c0087b0 1007a783 lw               x15, 256(x15)       x15=40490fdb x15:1c000000  PA:1c000100
13904575ns          233805 1c0087b4 a0f51753 flt.s            x14, f10, f15       x14=00000001 f10:40370438 f15:40490fdb
13904595ns          233806 1c0087b8 06071f63 bne              x14, x0, 126        x14:00000001
13904675ns          233810 1c008836 08a7f553 fsub.s           f10, f15, f10       f10=xxxxxxxx f15:40490fdb f10:40370438
13904695ns          233811 1c00883a 10a57553 fmul.s           f10, f10, f10       f10=xxxxxxxx f10:3e905d18 f10:3e905d18
13904715ns          233812 1c00883e 1c0007b7 lui              x15, 0x1c000000     x15=1c000000
13904735ns          233813 1c008842 1c000737 lui              x14, 0x1c000000     x14=1c000000
13904754ns          233814 1c008846 13472703 lw               x14, 308(x14)       x14=bab59551 x14:1c000000  PA:1c000134
13905053ns          233829 1c00884a 1307a783 lw               x15, 304(x15)       x15=37c23ab1 x15:1c000000  PA:1c000130
13905371ns          233845 1c00884e 70f577c3 fmadd.s          f15, f10, f15, f14  f15=xxxxxxxx f10:3da2d1ba f15:37c23ab1 f14:bab59551
13905391ns          233846 1c008852 1c000737 lui              x14, 0x1c000000     x14=1c000000
13905411ns          233847 1c008856 13872703 lw               x14, 312(x14)       x14=3d2aa76f x14:1c000000  PA:1c000138
13905749ns          233864 1c00885a 70f577c3 fmadd.s          f15, f10, f15, f14  f15=xxxxxxxx f10:3da2d1ba f15:bab5578d f14:3d2aa76f
13905769ns          233865 1c00885e 1c000737 lui              x14, 0x1c000000     x14=1c000000
13905789ns          233866 1c008862 13c72703 lw               x14, 316(x14)       x14=beffffe0 x14:1c000000  PA:1c00013c
13906127ns          233883 1c008866 70f577c3 fmadd.s          f15, f10, f15, f14  f15=xxxxxxxx f10:3da2d1ba f15:3d2a3419 f14:beffffe0
13906147ns          233884 1c00886a 1c000737 lui              x14, 0x1c000000     x14=1c000000
13906167ns          233885 1c00886e 16872703 lw               x14, 360(x14)       x14=3f7fffff x14:1c000000  PA:1c000168
13906485ns          233901 1c008872 70f57543 fmadd.s          f10, f10, f15, f14  f10=xxxxxxxx f10:3da2d1ba f15:befe4ede f14:3f7fffff
13906505ns          233902 1c008876 20a51553 fsgnjn.s         f10, f10, f10       f10=xxxxxxxx f10:3f75e41b f10:3f75e41b
13906525ns          233903 1c00887a 00008067 jalr             x0, x1, 0            x1:1c0081de
13906584ns          233906 1c0081de 016a7a53 fadd.s           f20, f20, f22       f20=xxxxxxxx f20:408dc613 f22:3eaaa273
13906604ns          233907 1c0081e2 10acf553 fmul.s           f10, f25, f10       f10=xxxxxxxx f25:3f800000 f10:bf75e41b
13906624ns          233908 1c0081e6 a14a97d3 flt.s            x15, f21, f20       x15=00000000 f21:40c90fdb f20:4098703a
13906644ns          233909 1c0081ea 00a4222b p.sw             x10, 4(x8!)          x8=10001574 x10:bf75e41b  x8:10001570  PA:10001570
13906664ns          233910 1c0081ee 00078363 beq              x15, x0, 6          x15:00000000
13906724ns          233913 1c0081f4 ff7412e3 bne              x8, x23, -28         x8:10001574 x23:100017c8
13906783ns          233916 1c0081d8 094c7553 fsub.s           f10, f24, f20       f10=xxxxxxxx f24:3fc90fdb f20:4098703a
13906803ns          233917 1c0081dc 57c000ef jal              x1, 1404             x1=1c0081de
13906843ns          233919 1c008758 a0a527d3 feq.s            x15, f10, f10       x15=00000001 f10:c04c5886 f10:c04c5886
13906863ns          233920 1c00875c 0a078b63 beq              x15, x0, 182        x15:00000001
13906883ns          233921 1c00875e e00517d3 fclass.s         x15, f10            x15=00000002 f10:c04c5886
13906903ns          233922 1c008762 0817f793 andi             x15, x15, 129       x15=00000000 x15:00000002
13906923ns          233923 1c008766 0a079663 bne              x15, x0, 172        x15:00000000
13906942ns          233924 1c008768 00000793 addi             x15, x0, 0          x15=00000000
13906962ns          233925 1c00876c a0f517d3 flt.s            x15, f10, f15       x15=00000001 f10:c04c5886 f15:00000000
13906982ns          233926 1c008770 0a079663 bne              x15, x0, 172        x15:00000001
13907042ns          233929 1c00881c 1c0007b7 lui              x15, 0x1c000000     x15=1c000000
13907062ns          233930 1c008820 12c7a783 lw               x15, 300(x15)       x15=c0c90fdb x15:1c000000  PA:1c00012c
13907380ns          233946 1c008824 a0f517d3 flt.s            x15, f10, f15       x15=00000000 f10:c04c5886 f15:c0c90fdb
13907400ns          233947 1c008828 00078463 beq              x15, x0, 8          x15:00000000
13907460ns          233950 1c008830 20a51553 fsgnjn.s         f10, f10, f10       f10=xxxxxxxx f10:c04c5886 f10:c04c5886
13907479ns          233951 1c008834 f6bff06f jal              x0, -150           
13907539ns          233954 1c00879e 1c0007b7 lui              x15, 0x1c000000     x15=1c000000
13907559ns          233955 1c0087a2 01c7a783 lw               x15, 28(x15)        x15=3fc90fdb x15:1c000000  PA:1c00001c
13907877ns          233971 1c0087a6 a0f517d3 flt.s            x15, f10, f15       x15=00000000 f10:404c5886 f15:3fc90fdb
13907897ns          233972 1c0087aa 02079563 bne              x15, x0, 42         x15:00000000
13907917ns          233973 1c0087ac 1c0007b7 lui              x15, 0x1c000000     x15=1c000000
13907937ns          233974 1c0087b0 1007a783 lw               x15, 256(x15)       x15=40490fdb x15:1c000000  PA:1c000100
13908255ns          233990 1c0087b4 a0f51753 flt.s            x14, f10, f15       x14=00000000 f10:404c5886 f15:40490fdb
13908275ns          233991 1c0087b8 06071f63 bne              x14, x0, 126        x14:00000000
13908295ns          233992 1c0087ba 1c000737 lui              x14, 0x1c000000     x14=1c000000
13908315ns          233993 1c0087be 14072703 lw               x14, 320(x14)       x14=4096cbe4 x14:1c000000  PA:1c000140
13908633ns          234009 1c0087c2 a0e51753 flt.s            x14, f10, f14       x14=00000001 f10:404c5886 f14:4096cbe4
13908653ns          234010 1c0087c6 0a071b63 bne              x14, x0, 182        x14:00000001
13908713ns          234013 1c00887c 08f57553 fsub.s           f10, f10, f15       f10=xxxxxxxx f10:404c5886 f15:40490fdb
13908733ns          234014 1c008880 fbbff06f jal              x0, -70            
13908792ns          234017 1c00883a 10a57553 fmul.s           f10, f10, f10       f10=xxxxxxxx f10:3d522ac0 f10:3d522ac0
13908812ns          234018 1c00883e 1c0007b7 lui              x15, 0x1c000000     x15=1c000000
13908832ns          234019 1c008842 1c000737 lui              x14, 0x1c000000     x14=1c000000
13908852ns          234020 1c008846 13472703 lw               x14, 308(x14)       x14=bab59551 x14:1c000000  PA:1c000134
13909210ns          234038 1c00884a 1307a783 lw               x15, 304(x15)       x15=37c23ab1 x15:1c000000  PA:1c000130
13909528ns          234054 1c00884e 70f577c3 fmadd.s          f15, f10, f15, f14  f15=xxxxxxxx f10:3b2c8a2a f15:37c23ab1 f14:bab59551
13909548ns          234055 1c008852 1c000737 lui              x14, 0x1c000000     x14=1c000000
13909568ns          234056 1c008856 13872703 lw               x14, 312(x14)       x14=3d2aa76f x14:1c000000  PA:1c000138
13909906ns          234073 1c00885a 70f577c3 fmadd.s          f15, f10, f15, f14  f15=xxxxxxxx f10:3b2c8a2a f15:bab59345 f14:3d2aa76f
13909926ns          234074 1c00885e 1c000737 lui              x14, 0x1c000000     x14=1c000000
13909946ns          234075 1c008862 13c72703 lw               x14, 316(x14)       x14=beffffe0 x14:1c000000  PA:1c00013c
13910264ns          234091 1c008866 70f577c3 fmadd.s          f15, f10, f15, f14  f15=xxxxxxxx f10:3b2c8a2a f15:3d2aa39c f14:beffffe0
13910284ns          234092 1c00886a 1c000737 lui              x14, 0x1c000000     x14=1c000000
13910304ns          234093 1c00886e 16872703 lw               x14, 360(x14)       x14=3f7fffff x14:1c000000  PA:1c000168
13910622ns          234109 1c008872 70f57543 fmadd.s          f10, f10, f15, f14  f10=xxxxxxxx f10:3b2c8a2a f15:befff180 f14:3f7fffff
13910642ns          234110 1c008876 20a51553 fsgnjn.s         f10, f10, f10       f10=xxxxxxxx f10:3f7fa9bf f10:3f7fa9bf
13910662ns          234111 1c00887a 00008067 jalr             x0, x1, 0            x1:1c0081de
13910722ns          234114 1c0081de 016a7a53 fadd.s           f20, f20, f22       f20=xxxxxxxx f20:4098703a f22:3eaaa273
13910742ns          234115 1c0081e2 10acf553 fmul.s           f10, f25, f10       f10=xxxxxxxx f25:3f800000 f10:bf7fa9bf
13910761ns          234116 1c0081e6 a14a97d3 flt.s            x15, f21, f20       x15=00000000 f21:40c90fdb f20:40a31a61
13910781ns          234117 1c0081ea 00a4222b p.sw             x10, 4(x8!)          x8=10001578 x10:bf7fa9bf  x8:10001574  PA:10001574
13910801ns          234118 1c0081ee 00078363 beq              x15, x0, 6          x15:00000000
13910861ns          234121 1c0081f4 ff7412e3 bne              x8, x23, -28         x8:10001578 x23:100017c8
13910921ns          234124 1c0081d8 094c7553 fsub.s           f10, f24, f20       f10=xxxxxxxx f24:3fc90fdb f20:40a31a61
13910940ns          234125 1c0081dc 57c000ef jal              x1, 1404             x1=1c0081de
13910980ns          234127 1c008758 a0a527d3 feq.s            x15, f10, f10       x15=00000001 f10:c061acd4 f10:c061acd4
13911000ns          234128 1c00875c 0a078b63 beq              x15, x0, 182        x15:00000001
13911020ns          234129 1c00875e e00517d3 fclass.s         x15, f10            x15=00000002 f10:c061acd4
13911040ns          234130 1c008762 0817f793 andi             x15, x15, 129       x15=00000000 x15:00000002
13911060ns          234131 1c008766 0a079663 bne              x15, x0, 172        x15:00000000
13911080ns          234132 1c008768 00000793 addi             x15, x0, 0          x15=00000000
13911100ns          234133 1c00876c a0f517d3 flt.s            x15, f10, f15       x15=00000001 f10:c061acd4 f15:00000000
13911119ns          234134 1c008770 0a079663 bne              x15, x0, 172        x15:00000001
13911179ns          234137 1c00881c 1c0007b7 lui              x15, 0x1c000000     x15=1c000000
13911199ns          234138 1c008820 12c7a783 lw               x15, 300(x15)       x15=c0c90fdb x15:1c000000  PA:1c00012c
13911517ns          234154 1c008824 a0f517d3 flt.s            x15, f10, f15       x15=00000000 f10:c061acd4 f15:c0c90fdb
13911537ns          234155 1c008828 00078463 beq              x15, x0, 8          x15:00000000
13911597ns          234158 1c008830 20a51553 fsgnjn.s         f10, f10, f10       f10=xxxxxxxx f10:c061acd4 f10:c061acd4
13911617ns          234159 1c008834 f6bff06f jal              x0, -150           
13911676ns          234162 1c00879e 1c0007b7 lui              x15, 0x1c000000     x15=1c000000
13911696ns          234163 1c0087a2 01c7a783 lw               x15, 28(x15)        x15=3fc90fdb x15:1c000000  PA:1c00001c
13912015ns          234179 1c0087a6 a0f517d3 flt.s            x15, f10, f15       x15=00000000 f10:4061acd4 f15:3fc90fdb
13912034ns          234180 1c0087aa 02079563 bne              x15, x0, 42         x15:00000000
13912054ns          234181 1c0087ac 1c0007b7 lui              x15, 0x1c000000     x15=1c000000
13912074ns          234182 1c0087b0 1007a783 lw               x15, 256(x15)       x15=40490fdb x15:1c000000  PA:1c000100
13912432ns          234200 1c0087b4 a0f51753 flt.s            x14, f10, f15       x14=00000000 f10:4061acd4 f15:40490fdb
13912452ns          234201 1c0087b8 06071f63 bne              x14, x0, 126        x14:00000000
13912472ns          234202 1c0087ba 1c000737 lui              x14, 0x1c000000     x14=1c000000
13912492ns          234203 1c0087be 14072703 lw               x14, 320(x14)       x14=4096cbe4 x14:1c000000  PA:1c000140
13912830ns          234220 1c0087c2 a0e51753 flt.s            x14, f10, f14       x14=00000001 f10:4061acd4 f14:4096cbe4
13912850ns          234221 1c0087c6 0a071b63 bne              x14, x0, 182        x14:00000001
13912910ns          234224 1c00887c 08f57553 fsub.s           f10, f10, f15       f10=xxxxxxxx f10:4061acd4 f15:40490fdb
13912930ns          234225 1c008880 fbbff06f jal              x0, -70            
13912989ns          234228 1c00883a 10a57553 fmul.s           f10, f10, f10       f10=xxxxxxxx f10:3ec4e7c8 f10:3ec4e7c8
13913009ns          234229 1c00883e 1c0007b7 lui              x15, 0x1c000000     x15=1c000000
13913029ns          234230 1c008842 1c000737 lui              x14, 0x1c000000     x14=1c000000
13913049ns          234231 1c008846 13472703 lw               x14, 308(x14)       x14=bab59551 x14:1c000000  PA:1c000134
13913347ns          234246 1c00884a 1307a783 lw               x15, 304(x15)       x15=37c23ab1 x15:1c000000  PA:1c000130
13913666ns          234262 1c00884e 70f577c3 fmadd.s          f15, f10, f15, f14  f15=xxxxxxxx f10:3e1773bc f15:37c23ab1 f14:bab59551
13913685ns          234263 1c008852 1c000737 lui              x14, 0x1c000000     x14=1c000000
13913705ns          234264 1c008856 13872703 lw               x14, 312(x14)       x14=3d2aa76f x14:1c000000  PA:1c000138
13914024ns          234280 1c00885a 70f577c3 fmadd.s          f15, f10, f15, f14  f15=xxxxxxxx f10:3e1773bc f15:bab52269 f14:3d2aa76f
13914043ns          234281 1c00885e 1c000737 lui              x14, 0x1c000000     x14=1c000000
13914063ns          234282 1c008862 13c72703 lw               x14, 316(x14)       x14=beffffe0 x14:1c000000  PA:1c00013c
13914382ns          234298 1c008866 70f577c3 fmadd.s          f15, f10, f15, f14  f15=xxxxxxxx f10:3e1773bc f15:3d29d11d f14:beffffe0
13914401ns          234299 1c00886a 1c000737 lui              x14, 0x1c000000     x14=1c000000
13914421ns          234300 1c00886e 16872703 lw               x14, 360(x14)       x14=3f7fffff x14:1c000000  PA:1c000168
13914760ns          234317 1c008872 70f57543 fmadd.s          f10, f10, f15, f14  f10=xxxxxxxx f10:3e1773bc f15:befcdc27 f14:3f7fffff
13914779ns          234318 1c008876 20a51553 fsgnjn.s         f10, f10, f10       f10=xxxxxxxx f10:3f6d4cfa f10:3f6d4cfa
13914799ns          234319 1c00887a 00008067 jalr             x0, x1, 0            x1:1c0081de
13914859ns          234322 1c0081de 016a7a53 fadd.s           f20, f20, f22       f20=xxxxxxxx f20:40a31a61 f22:3eaaa273
13914879ns          234323 1c0081e2 10acf553 fmul.s           f10, f25, f10       f10=xxxxxxxx f25:3f800000 f10:bf6d4cfa
13914899ns          234324 1c0081e6 a14a97d3 flt.s            x15, f21, f20       x15=00000000 f21:40c90fdb f20:40adc488
13914919ns          234325 1c0081ea 00a4222b p.sw             x10, 4(x8!)          x8=1000157c x10:bf6d4cfa  x8:10001578  PA:10001578
13914939ns          234326 1c0081ee 00078363 beq              x15, x0, 6          x15:00000000
13914998ns          234329 1c0081f4 ff7412e3 bne              x8, x23, -28         x8:1000157c x23:100017c8
13915058ns          234332 1c0081d8 094c7553 fsub.s           f10, f24, f20       f10=xxxxxxxx f24:3fc90fdb f20:40adc488
13915078ns          234333 1c0081dc 57c000ef jal              x1, 1404             x1=1c0081de
13915118ns          234335 1c008758 a0a527d3 feq.s            x15, f10, f10       x15=00000001 f10:c0770122 f10:c0770122
13915137ns          234336 1c00875c 0a078b63 beq              x15, x0, 182        x15:00000001
13915157ns          234337 1c00875e e00517d3 fclass.s         x15, f10            x15=00000002 f10:c0770122
13915177ns          234338 1c008762 0817f793 andi             x15, x15, 129       x15=00000000 x15:00000002
13915197ns          234339 1c008766 0a079663 bne              x15, x0, 172        x15:00000000
13915217ns          234340 1c008768 00000793 addi             x15, x0, 0          x15=00000000
13915237ns          234341 1c00876c a0f517d3 flt.s            x15, f10, f15       x15=00000001 f10:c0770122 f15:00000000
13915257ns          234342 1c008770 0a079663 bne              x15, x0, 172        x15:00000001
13915316ns          234345 1c00881c 1c0007b7 lui              x15, 0x1c000000     x15=1c000000
13915336ns          234346 1c008820 12c7a783 lw               x15, 300(x15)       x15=c0c90fdb x15:1c000000  PA:1c00012c
13915655ns          234362 1c008824 a0f517d3 flt.s            x15, f10, f15       x15=00000000 f10:c0770122 f15:c0c90fdb
13915674ns          234363 1c008828 00078463 beq              x15, x0, 8          x15:00000000
13915734ns          234366 1c008830 20a51553 fsgnjn.s         f10, f10, f10       f10=xxxxxxxx f10:c0770122 f10:c0770122
13915754ns          234367 1c008834 f6bff06f jal              x0, -150           
13915814ns          234370 1c00879e 1c0007b7 lui              x15, 0x1c000000     x15=1c000000
13915834ns          234371 1c0087a2 01c7a783 lw               x15, 28(x15)        x15=3fc90fdb x15:1c000000  PA:1c00001c
13916152ns          234387 1c0087a6 a0f517d3 flt.s            x15, f10, f15       x15=00000000 f10:40770122 f15:3fc90fdb
13916172ns          234388 1c0087aa 02079563 bne              x15, x0, 42         x15:00000000
13916192ns          234389 1c0087ac 1c0007b7 lui              x15, 0x1c000000     x15=1c000000
13916212ns          234390 1c0087b0 1007a783 lw               x15, 256(x15)       x15=40490fdb x15:1c000000  PA:1c000100
13916530ns          234406 1c0087b4 a0f51753 flt.s            x14, f10, f15       x14=00000000 f10:40770122 f15:40490fdb
13916550ns          234407 1c0087b8 06071f63 bne              x14, x0, 126        x14:00000000
13916570ns          234408 1c0087ba 1c000737 lui              x14, 0x1c000000     x14=1c000000
13916589ns          234409 1c0087be 14072703 lw               x14, 320(x14)       x14=4096cbe4 x14:1c000000  PA:1c000140
13916908ns          234425 1c0087c2 a0e51753 flt.s            x14, f10, f14       x14=00000001 f10:40770122 f14:4096cbe4
13916928ns          234426 1c0087c6 0a071b63 bne              x14, x0, 182        x14:00000001
13916987ns          234429 1c00887c 08f57553 fsub.s           f10, f10, f15       f10=xxxxxxxx f10:40770122 f15:40490fdb
13917007ns          234430 1c008880 fbbff06f jal              x0, -70            
13917067ns          234433 1c00883a 10a57553 fmul.s           f10, f10, f10       f10=xxxxxxxx f10:3f37c51c f10:3f37c51c
13917087ns          234434 1c00883e 1c0007b7 lui              x15, 0x1c000000     x15=1c000000
13917107ns          234435 1c008842 1c000737 lui              x14, 0x1c000000     x14=1c000000
13917127ns          234436 1c008846 13472703 lw               x14, 308(x14)       x14=bab59551 x14:1c000000  PA:1c000134
13917445ns          234452 1c00884a 1307a783 lw               x15, 304(x15)       x15=37c23ab1 x15:1c000000  PA:1c000130
13917783ns          234469 1c00884e 70f577c3 fmadd.s          f15, f10, f15, f14  f15=xxxxxxxx f10:3f03eb66 f15:37c23ab1 f14:bab59551
13917803ns          234470 1c008852 1c000737 lui              x14, 0x1c000000     x14=1c000000
13917823ns          234471 1c008856 13872703 lw               x14, 312(x14)       x14=3d2aa76f x14:1c000000  PA:1c000138
13918141ns          234487 1c00885a 70f577c3 fmadd.s          f15, f10, f15, f14  f15=xxxxxxxx f10:3f03eb66 f15:bab404f6 f14:3d2aa76f
13918161ns          234488 1c00885e 1c000737 lui              x14, 0x1c000000     x14=1c000000
13918181ns          234489 1c008862 13c72703 lw               x14, 316(x14)       x14=beffffe0 x14:1c000000  PA:1c00013c
13918539ns          234507 1c008866 70f577c3 fmadd.s          f15, f10, f15, f14  f15=xxxxxxxx f10:3f03eb66 f15:3d27c14e f14:beffffe0
13918559ns          234508 1c00886a 1c000737 lui              x14, 0x1c000000     x14=1c000000
13918579ns          234509 1c00886e 16872703 lw               x14, 360(x14)       x14=3f7fffff x14:1c000000  PA:1c000168
13918956ns          234528 1c008872 70f57543 fmadd.s          f10, f10, f15, f14  f10=xxxxxxxx f10:3f03eb66 f15:bef5319a f14:3f7fffff
13918976ns          234529 1c008876 20a51553 fsgnjn.s         f10, f10, f10       f10=xxxxxxxx f10:3f40d313 f10:3f40d313
13918996ns          234530 1c00887a 00008067 jalr             x0, x1, 0            x1:1c0081de
13919056ns          234533 1c0081de 016a7a53 fadd.s           f20, f20, f22       f20=xxxxxxxx f20:40adc488 f22:3eaaa273
13919076ns          234534 1c0081e2 10acf553 fmul.s           f10, f25, f10       f10=xxxxxxxx f25:3f800000 f10:bf40d313
13919096ns          234535 1c0081e6 a14a97d3 flt.s            x15, f21, f20       x15=00000000 f21:40c90fdb f20:40b86eaf
13919116ns          234536 1c0081ea 00a4222b p.sw             x10, 4(x8!)          x8=10001580 x10:bf40d313  x8:1000157c  PA:1000157c
13919135ns          234537 1c0081ee 00078363 beq              x15, x0, 6          x15:00000000
13919195ns          234540 1c0081f4 ff7412e3 bne              x8, x23, -28         x8:10001580 x23:100017c8
13919255ns          234543 1c0081d8 094c7553 fsub.s           f10, f24, f20       f10=xxxxxxxx f24:3fc90fdb f20:40b86eaf
13919275ns          234544 1c0081dc 57c000ef jal              x1, 1404             x1=1c0081de
13919314ns          234546 1c008758 a0a527d3 feq.s            x15, f10, f10       x15=00000001 f10:c0862ab8 f10:c0862ab8
13919334ns          234547 1c00875c 0a078b63 beq              x15, x0, 182        x15:00000001
13919354ns          234548 1c00875e e00517d3 fclass.s         x15, f10            x15=00000002 f10:c0862ab8
13919374ns          234549 1c008762 0817f793 andi             x15, x15, 129       x15=00000000 x15:00000002
13919394ns          234550 1c008766 0a079663 bne              x15, x0, 172        x15:00000000
13919414ns          234551 1c008768 00000793 addi             x15, x0, 0          x15=00000000
13919434ns          234552 1c00876c a0f517d3 flt.s            x15, f10, f15       x15=00000001 f10:c0862ab8 f15:00000000
13919454ns          234553 1c008770 0a079663 bne              x15, x0, 172        x15:00000001
13919513ns          234556 1c00881c 1c0007b7 lui              x15, 0x1c000000     x15=1c000000
13919533ns          234557 1c008820 12c7a783 lw               x15, 300(x15)       x15=c0c90fdb x15:1c000000  PA:1c00012c
13919852ns          234573 1c008824 a0f517d3 flt.s            x15, f10, f15       x15=00000000 f10:c0862ab8 f15:c0c90fdb
13919871ns          234574 1c008828 00078463 beq              x15, x0, 8          x15:00000000
13919931ns          234577 1c008830 20a51553 fsgnjn.s         f10, f10, f10       f10=xxxxxxxx f10:c0862ab8 f10:c0862ab8
13919951ns          234578 1c008834 f6bff06f jal              x0, -150           
13920011ns          234581 1c00879e 1c0007b7 lui              x15, 0x1c000000     x15=1c000000
13920031ns          234582 1c0087a2 01c7a783 lw               x15, 28(x15)        x15=3fc90fdb x15:1c000000  PA:1c00001c
13920369ns          234599 1c0087a6 a0f517d3 flt.s            x15, f10, f15       x15=00000000 f10:40862ab8 f15:3fc90fdb
13920389ns          234600 1c0087aa 02079563 bne              x15, x0, 42         x15:00000000
13920408ns          234601 1c0087ac 1c0007b7 lui              x15, 0x1c000000     x15=1c000000
13920428ns          234602 1c0087b0 1007a783 lw               x15, 256(x15)       x15=40490fdb x15:1c000000  PA:1c000100
13920767ns          234619 1c0087b4 a0f51753 flt.s            x14, f10, f15       x14=00000000 f10:40862ab8 f15:40490fdb
13920786ns          234620 1c0087b8 06071f63 bne              x14, x0, 126        x14:00000000
13920806ns          234621 1c0087ba 1c000737 lui              x14, 0x1c000000     x14=1c000000
13920826ns          234622 1c0087be 14072703 lw               x14, 320(x14)       x14=4096cbe4 x14:1c000000  PA:1c000140
13921164ns          234639 1c0087c2 a0e51753 flt.s            x14, f10, f14       x14=00000001 f10:40862ab8 f14:4096cbe4
13921184ns          234640 1c0087c6 0a071b63 bne              x14, x0, 182        x14:00000001
13921244ns          234643 1c00887c 08f57553 fsub.s           f10, f10, f15       f10=xxxxxxxx f10:40862ab8 f15:40490fdb
13921264ns          234644 1c008880 fbbff06f jal              x0, -70            
13921323ns          234647 1c00883a 10a57553 fmul.s           f10, f10, f10       f10=xxxxxxxx f10:3f868b2a f10:3f868b2a
13921343ns          234648 1c00883e 1c0007b7 lui              x15, 0x1c000000     x15=1c000000
13921363ns          234649 1c008842 1c000737 lui              x14, 0x1c000000     x14=1c000000
13921383ns          234650 1c008846 13472703 lw               x14, 308(x14)       x14=bab59551 x14:1c000000  PA:1c000134
13921701ns          234666 1c00884a 1307a783 lw               x15, 304(x15)       x15=37c23ab1 x15:1c000000  PA:1c000130
13922020ns          234682 1c00884e 70f577c3 fmadd.s          f15, f10, f15, f14  f15=xxxxxxxx f10:3f8d6bf7 f15:37c23ab1 f14:bab59551
13922040ns          234683 1c008852 1c000737 lui              x14, 0x1c000000     x14=1c000000
13922059ns          234684 1c008856 13872703 lw               x14, 312(x14)       x14=3d2aa76f x14:1c000000  PA:1c000138
13922378ns          234700 1c00885a 70f577c3 fmadd.s          f15, f10, f15, f14  f15=xxxxxxxx f10:3f8d6bf7 f15:bab23aef f14:3d2aa76f
13922398ns          234701 1c00885e 1c000737 lui              x14, 0x1c000000     x14=1c000000
13922417ns          234702 1c008862 13c72703 lw               x14, 316(x14)       x14=beffffe0 x14:1c000000  PA:1c00013c
13922736ns          234718 1c008866 70f577c3 fmadd.s          f15, f10, f15, f14  f15=xxxxxxxx f10:3f8d6bf7 f15:3d248015 f14:beffffe0
13922756ns          234719 1c00886a 1c000737 lui              x14, 0x1c000000     x14=1c000000
13922775ns          234720 1c00886e 16872703 lw               x14, 360(x14)       x14=3f7fffff x14:1c000000  PA:1c000168
13923114ns          234737 1c008872 70f57543 fmadd.s          f10, f10, f15, f14  f10=xxxxxxxx f10:3f8d6bf7 f15:bee947e5 f14:3f7fffff
13923134ns          234738 1c008876 20a51553 fsgnjn.s         f10, f10, f10       f10=xxxxxxxx f10:3efe4207 f10:3efe4207
13923153ns          234739 1c00887a 00008067 jalr             x0, x1, 0            x1:1c0081de
13923213ns          234742 1c0081de 016a7a53 fadd.s           f20, f20, f22       f20=xxxxxxxx f20:40b86eaf f22:3eaaa273
13923233ns          234743 1c0081e2 10acf553 fmul.s           f10, f25, f10       f10=xxxxxxxx f25:3f800000 f10:befe4207
13923253ns          234744 1c0081e6 a14a97d3 flt.s            x15, f21, f20       x15=00000000 f21:40c90fdb f20:40c318d6
13923273ns          234745 1c0081ea 00a4222b p.sw             x10, 4(x8!)          x8=10001584 x10:befe4207  x8:10001580  PA:10001580
13923293ns          234746 1c0081ee 00078363 beq              x15, x0, 6          x15:00000000
13923352ns          234749 1c0081f4 ff7412e3 bne              x8, x23, -28         x8:10001584 x23:100017c8
13923412ns          234752 1c0081d8 094c7553 fsub.s           f10, f24, f20       f10=xxxxxxxx f24:3fc90fdb f20:40c318d6
13923432ns          234753 1c0081dc 57c000ef jal              x1, 1404             x1=1c0081de
13923472ns          234755 1c008758 a0a527d3 feq.s            x15, f10, f10       x15=00000001 f10:c090d4df f10:c090d4df
13923492ns          234756 1c00875c 0a078b63 beq              x15, x0, 182        x15:00000001
13923511ns          234757 1c00875e e00517d3 fclass.s         x15, f10            x15=00000002 f10:c090d4df
13923531ns          234758 1c008762 0817f793 andi             x15, x15, 129       x15=00000000 x15:00000002
13923551ns          234759 1c008766 0a079663 bne              x15, x0, 172        x15:00000000
13923571ns          234760 1c008768 00000793 addi             x15, x0, 0          x15=00000000
13923591ns          234761 1c00876c a0f517d3 flt.s            x15, f10, f15       x15=00000001 f10:c090d4df f15:00000000
13923611ns          234762 1c008770 0a079663 bne              x15, x0, 172        x15:00000001
13923671ns          234765 1c00881c 1c0007b7 lui              x15, 0x1c000000     x15=1c000000
13923690ns          234766 1c008820 12c7a783 lw               x15, 300(x15)       x15=c0c90fdb x15:1c000000  PA:1c00012c
13924009ns          234782 1c008824 a0f517d3 flt.s            x15, f10, f15       x15=00000000 f10:c090d4df f15:c0c90fdb
13924029ns          234783 1c008828 00078463 beq              x15, x0, 8          x15:00000000
13924088ns          234786 1c008830 20a51553 fsgnjn.s         f10, f10, f10       f10=xxxxxxxx f10:c090d4df f10:c090d4df
13924108ns          234787 1c008834 f6bff06f jal              x0, -150           
13924168ns          234790 1c00879e 1c0007b7 lui              x15, 0x1c000000     x15=1c000000
13924188ns          234791 1c0087a2 01c7a783 lw               x15, 28(x15)        x15=3fc90fdb x15:1c000000  PA:1c00001c
13924506ns          234807 1c0087a6 a0f517d3 flt.s            x15, f10, f15       x15=00000000 f10:4090d4df f15:3fc90fdb
13924526ns          234808 1c0087aa 02079563 bne              x15, x0, 42         x15:00000000
13924546ns          234809 1c0087ac 1c0007b7 lui              x15, 0x1c000000     x15=1c000000
13924566ns          234810 1c0087b0 1007a783 lw               x15, 256(x15)       x15=40490fdb x15:1c000000  PA:1c000100
13924884ns          234826 1c0087b4 a0f51753 flt.s            x14, f10, f15       x14=00000000 f10:4090d4df f15:40490fdb
13924904ns          234827 1c0087b8 06071f63 bne              x14, x0, 126        x14:00000000
13924924ns          234828 1c0087ba 1c000737 lui              x14, 0x1c000000     x14=1c000000
13924944ns          234829 1c0087be 14072703 lw               x14, 320(x14)       x14=4096cbe4 x14:1c000000  PA:1c000140
13925262ns          234845 1c0087c2 a0e51753 flt.s            x14, f10, f14       x14=00000001 f10:4090d4df f14:4096cbe4
13925282ns          234846 1c0087c6 0a071b63 bne              x14, x0, 182        x14:00000001
13925341ns          234849 1c00887c 08f57553 fsub.s           f10, f10, f15       f10=xxxxxxxx f10:4090d4df f15:40490fdb
13925361ns          234850 1c008880 fbbff06f jal              x0, -70            
13925421ns          234853 1c00883a 10a57553 fmul.s           f10, f10, f10       f10=xxxxxxxx f10:3fb133c6 f10:3fb133c6
13925441ns          234854 1c00883e 1c0007b7 lui              x15, 0x1c000000     x15=1c000000
13925461ns          234855 1c008842 1c000737 lui              x14, 0x1c000000     x14=1c000000
13925481ns          234856 1c008846 13472703 lw               x14, 308(x14)       x14=bab59551 x14:1c000000  PA:1c000134
13925779ns          234871 1c00884a 1307a783 lw               x15, 304(x15)       x15=37c23ab1 x15:1c000000  PA:1c000130
13926177ns          234891 1c00884e 70f577c3 fmadd.s          f15, f10, f15, f14  f15=xxxxxxxx f10:3ff55145 f15:37c23ab1 f14:bab59551
13926197ns          234892 1c008852 1c000737 lui              x14, 0x1c000000     x14=1c000000
13926217ns          234893 1c008856 13872703 lw               x14, 312(x14)       x14=3d2aa76f x14:1c000000  PA:1c000138
13926535ns          234909 1c00885a 70f577c3 fmadd.s          f15, f10, f15, f14  f15=xxxxxxxx f10:3ff55145 f15:baafc452 f14:3d2aa76f
13926555ns          234910 1c00885e 1c000737 lui              x14, 0x1c000000     x14=1c000000
13926575ns          234911 1c008862 13c72703 lw               x14, 316(x14)       x14=beffffe0 x14:1c000000  PA:1c00013c
13926893ns          234927 1c008866 70f577c3 fmadd.s          f15, f10, f15, f14  f15=xxxxxxxx f10:3ff55145 f15:3d202084 f14:beffffe0
13926913ns          234928 1c00886a 1c000737 lui              x14, 0x1c000000     x14=1c000000
13926933ns          234929 1c00886e 16872703 lw               x14, 360(x14)       x14=3f7fffff x14:1c000000  PA:1c000168
13927251ns          234945 1c008872 70f57543 fmadd.s          f10, f10, f15, f14  f10=xxxxxxxx f10:3ff55145 f15:bed9a363 f14:3f7fffff
13927271ns          234946 1c008876 20a51553 fsgnjn.s         f10, f10, f10       f10=xxxxxxxx f10:3e3dc628 f10:3e3dc628
13927291ns          234947 1c00887a 00008067 jalr             x0, x1, 0            x1:1c0081de
13927350ns          234950 1c0081de 016a7a53 fadd.s           f20, f20, f22       f20=xxxxxxxx f20:40c318d6 f22:3eaaa273
13927370ns          234951 1c0081e2 10acf553 fmul.s           f10, f25, f10       f10=xxxxxxxx f25:3f800000 f10:be3dc628
13927390ns          234952 1c0081e6 a14a97d3 flt.s            x15, f21, f20       x15=00000001 f21:40c90fdb f20:40cdc2fd
13927410ns          234953 1c0081ea 00a4222b p.sw             x10, 4(x8!)          x8=10001588 x10:be3dc628  x8:10001584  PA:10001584
13927430ns          234954 1c0081ee 00078363 beq              x15, x0, 6          x15:00000001
13927450ns          234955 1c0081f0 095a7a53 fsub.s           f20, f20, f21       f20=xxxxxxxx f20:40cdc2fd f21:40c90fdb
13927470ns          234956 1c0081f4 ff7412e3 bne              x8, x23, -28         x8:10001588 x23:100017c8
13927529ns          234959 1c0081d8 094c7553 fsub.s           f10, f24, f20       f10=xxxxxxxx f24:3fc90fdb f20:3e166440
13927549ns          234960 1c0081dc 57c000ef jal              x1, 1404             x1=1c0081de
13927589ns          234962 1c008758 a0a527d3 feq.s            x15, f10, f10       x15=00000001 f10:3fb64353 f10:3fb64353
13927609ns          234963 1c00875c 0a078b63 beq              x15, x0, 182        x15:00000001
13927629ns          234964 1c00875e e00517d3 fclass.s         x15, f10            x15=00000040 f10:3fb64353
13927649ns          234965 1c008762 0817f793 andi             x15, x15, 129       x15=00000000 x15:00000040
13927669ns          234966 1c008766 0a079663 bne              x15, x0, 172        x15:00000000
13927688ns          234967 1c008768 00000793 addi             x15, x0, 0          x15=00000000
13927708ns          234968 1c00876c a0f517d3 flt.s            x15, f10, f15       x15=00000000 f10:3fb64353 f15:00000000
13927728ns          234969 1c008770 0a079663 bne              x15, x0, 172        x15:00000000
13927748ns          234970 1c008772 1c000737 lui              x14, 0x1c000000     x14=1c000000
13927768ns          234971 1c008776 02072783 lw               x15, 32(x14)        x15=40c90fdb x14:1c000000  PA:1c000020
13928106ns          234988 1c00877a a0a797d3 flt.s            x15, f15, f10       x15=00000000 f15:40c90fdb f10:3fb64353
13928126ns          234989 1c00877e 00078b63 beq              x15, x0, 22         x15:00000000
13928186ns          234992 1c008794 00000793 addi             x15, x0, 0          x15=00000000
13928206ns          234993 1c008798 a0f517d3 flt.s            x15, f10, f15       x15=00000000 f10:3fb64353 f15:00000000
13928226ns          234994 1c00879c 08079a63 bne              x15, x0, 148        x15:00000000
13928245ns          234995 1c00879e 1c0007b7 lui              x15, 0x1c000000     x15=1c000000
13928265ns          234996 1c0087a2 01c7a783 lw               x15, 28(x15)        x15=3fc90fdb x15:1c000000  PA:1c00001c
13928584ns          235012 1c0087a6 a0f517d3 flt.s            x15, f10, f15       x15=00000001 f10:3fb64353 f15:3fc90fdb
13928603ns          235013 1c0087aa 02079563 bne              x15, x0, 42         x15:00000001
13928663ns          235016 1c0087d4 10a57553 fmul.s           f10, f10, f10       f10=xxxxxxxx f10:3fb64353 f10:3fb64353
13928683ns          235017 1c0087d8 1c0007b7 lui              x15, 0x1c000000     x15=1c000000
13928703ns          235018 1c0087dc 1c000737 lui              x14, 0x1c000000     x14=1c000000
13928763ns          235021 1c0087e0 13472703 lw               x14, 308(x14)       x14=bab59551 x14:1c000000  PA:1c000134
13929101ns          235038 1c0087e4 1307a783 lw               x15, 304(x15)       x15=37c23ab1 x15:1c000000  PA:1c000130
13929439ns          235055 1c0087e8 70f577c3 fmadd.s          f15, f10, f15, f14  f15=xxxxxxxx f10:4001c3cc f15:37c23ab1 f14:bab59551
13929459ns          235056 1c0087ec 1c000737 lui              x14, 0x1c000000     x14=1c000000
13929479ns          235057 1c0087f0 13872703 lw               x14, 312(x14)       x14=3d2aa76f x14:1c000000  PA:1c000138
13929797ns          235073 1c0087f4 70f577c3 fmadd.s          f15, f10, f15, f14  f15=xxxxxxxx f10:4001c3cc f15:baaf6e0f f14:3d2aa76f
13929817ns          235074 1c0087f8 1c000737 lui              x14, 0x1c000000     x14=1c000000
13929837ns          235075 1c0087fc 13c72703 lw               x14, 316(x14)       x14=beffffe0 x14:1c000000  PA:1c00013c
13930155ns          235091 1c008800 70f577c3 fmadd.s          f15, f10, f15, f14  f15=xxxxxxxx f10:4001c3cc f15:3d1f89db f14:beffffe0
13930175ns          235092 1c008804 1c000737 lui              x14, 0x1c000000     x14=1c000000
13930195ns          235093 1c008808 16872703 lw               x14, 360(x14)       x14=3f7fffff x14:1c000000  PA:1c000168
13930513ns          235109 1c00880c 70f57543 fmadd.s          f10, f10, f15, f14  f10=xxxxxxxx f10:4001c3cc f15:bed790a2 f14:3f7fffff
13930533ns          235110 1c008810 00008067 jalr             x0, x1, 0            x1:1c0081de
13930632ns          235115 1c0081de 016a7a53 fadd.s           f20, f20, f22       f20=xxxxxxxx f20:3e166440 f22:3eaaa273
13930672ns          235117 1c0081e2 10acf553 fmul.s           f10, f25, f10       f10=xxxxxxxx f25:3f800000 f10:3e15d9f7
13930692ns          235118 1c0081e6 a14a97d3 flt.s            x15, f21, f20       x15=00000000 f21:40c90fdb f20:3ef5d493
13930712ns          235119 1c0081ea 00a4222b p.sw             x10, 4(x8!)          x8=1000158c x10:3e15d9f7  x8:10001588  PA:10001588
13930732ns          235120 1c0081ee 00078363 beq              x15, x0, 6          x15:00000000
13930791ns          235123 1c0081f4 ff7412e3 bne              x8, x23, -28         x8:1000158c x23:100017c8
13930851ns          235126 1c0081d8 094c7553 fsub.s           f10, f24, f20       f10=xxxxxxxx f24:3fc90fdb f20:3ef5d493
13930871ns          235127 1c0081dc 57c000ef jal              x1, 1404             x1=1c0081de
13930911ns          235129 1c008758 a0a527d3 feq.s            x15, f10, f10       x15=00000001 f10:3f8b9ab6 f10:3f8b9ab6
13930931ns          235130 1c00875c 0a078b63 beq              x15, x0, 182        x15:00000001
13930990ns          235133 1c00875e e00517d3 fclass.s         x15, f10            x15=00000040 f10:3f8b9ab6
13931030ns          235135 1c008762 0817f793 andi             x15, x15, 129       x15=00000000 x15:00000040
13931050ns          235136 1c008766 0a079663 bne              x15, x0, 172        x15:00000000
13931070ns          235137 1c008768 00000793 addi             x15, x0, 0          x15=00000000
13931090ns          235138 1c00876c a0f517d3 flt.s            x15, f10, f15       x15=00000000 f10:3f8b9ab6 f15:00000000
13931110ns          235139 1c008770 0a079663 bne              x15, x0, 172        x15:00000000
13931130ns          235140 1c008772 1c000737 lui              x14, 0x1c000000     x14=1c000000
13931149ns          235141 1c008776 02072783 lw               x15, 32(x14)        x15=40c90fdb x14:1c000000  PA:1c000020
13931508ns          235159 1c00877a a0a797d3 flt.s            x15, f15, f10       x15=00000000 f15:40c90fdb f10:3f8b9ab6
13931527ns          235160 1c00877e 00078b63 beq              x15, x0, 22         x15:00000000
13931587ns          235163 1c008794 00000793 addi             x15, x0, 0          x15=00000000
13931607ns          235164 1c008798 a0f517d3 flt.s            x15, f10, f15       x15=00000000 f10:3f8b9ab6 f15:00000000
13931627ns          235165 1c00879c 08079a63 bne              x15, x0, 148        x15:00000000
13931647ns          235166 1c00879e 1c0007b7 lui              x15, 0x1c000000     x15=1c000000
13931667ns          235167 1c0087a2 01c7a783 lw               x15, 28(x15)        x15=3fc90fdb x15:1c000000  PA:1c00001c
13931985ns          235183 1c0087a6 a0f517d3 flt.s            x15, f10, f15       x15=00000001 f10:3f8b9ab6 f15:3fc90fdb
13932005ns          235184 1c0087aa 02079563 bne              x15, x0, 42         x15:00000001
13932064ns          235187 1c0087d4 10a57553 fmul.s           f10, f10, f10       f10=xxxxxxxx f10:3f8b9ab6 f10:3f8b9ab6
13932084ns          235188 1c0087d8 1c0007b7 lui              x15, 0x1c000000     x15=1c000000
13932104ns          235189 1c0087dc 1c000737 lui              x14, 0x1c000000     x14=1c000000
13932124ns          235190 1c0087e0 13472703 lw               x14, 308(x14)       x14=bab59551 x14:1c000000  PA:1c000134
13932442ns          235206 1c0087e4 1307a783 lw               x15, 304(x15)       x15=37c23ab1 x15:1c000000  PA:1c000130
13932761ns          235222 1c0087e8 70f577c3 fmadd.s          f15, f10, f15, f14  f15=xxxxxxxx f10:3f9842be f15:37c23ab1 f14:bab59551
13932781ns          235223 1c0087ec 1c000737 lui              x14, 0x1c000000     x14=1c000000
13932800ns          235224 1c0087f0 13872703 lw               x14, 312(x14)       x14=3d2aa76f x14:1c000000  PA:1c000138
13933119ns          235240 1c0087f4 70f577c3 fmadd.s          f15, f10, f15, f14  f15=xxxxxxxx f10:3f9842be f15:bab1f925 f14:3d2aa76f
13933139ns          235241 1c0087f8 1c000737 lui              x14, 0x1c000000     x14=1c000000
13933158ns          235242 1c0087fc 13c72703 lw               x14, 316(x14)       x14=beffffe0 x14:1c000000  PA:1c00013c
13933497ns          235259 1c008800 70f577c3 fmadd.s          f15, f10, f15, f14  f15=xxxxxxxx f10:3f9842be f15:3d2409ca f14:beffffe0
13933516ns          235260 1c008804 1c000737 lui              x14, 0x1c000000     x14=1c000000
13933536ns          235261 1c008808 16872703 lw               x14, 360(x14)       x14=3f7fffff x14:1c000000  PA:1c000168
13933855ns          235277 1c00880c 70f57543 fmadd.s          f10, f10, f15, f14  f10=xxxxxxxx f10:3f9842be f15:bee79bbb f14:3f7fffff
13933875ns          235278 1c008810 00008067 jalr             x0, x1, 0            x1:1c0081de
13933934ns          235281 1c0081de 016a7a53 fadd.s           f20, f20, f22       f20=xxxxxxxx f20:3ef5d493 f22:3eaaa273
13933954ns          235282 1c0081e2 10acf553 fmul.s           f10, f25, f10       f10=xxxxxxxx f25:3f800000 f10:3eec7e4c
13933974ns          235283 1c0081e6 a14a97d3 flt.s            x15, f21, f20       x15=00000000 f21:40c90fdb f20:3f503b83
13933994ns          235284 1c0081ea 00a4222b p.sw             x10, 4(x8!)          x8=10001590 x10:3eec7e4c  x8:1000158c  PA:1000158c
13934014ns          235285 1c0081ee 00078363 beq              x15, x0, 6          x15:00000000
13934073ns          235288 1c0081f4 ff7412e3 bne              x8, x23, -28         x8:10001590 x23:100017c8
13934133ns          235291 1c0081d8 094c7553 fsub.s           f10, f24, f20       f10=xxxxxxxx f24:3fc90fdb f20:3f503b83
13934153ns          235292 1c0081dc 57c000ef jal              x1, 1404             x1=1c0081de
13934193ns          235294 1c008758 a0a527d3 feq.s            x15, f10, f10       x15=00000001 f10:3f41e433 f10:3f41e433
13934213ns          235295 1c00875c 0a078b63 beq              x15, x0, 182        x15:00000001
13934233ns          235296 1c00875e e00517d3 fclass.s         x15, f10            x15=00000040 f10:3f41e433
13934252ns          235297 1c008762 0817f793 andi             x15, x15, 129       x15=00000000 x15:00000040
13934272ns          235298 1c008766 0a079663 bne              x15, x0, 172        x15:00000000
13934292ns          235299 1c008768 00000793 addi             x15, x0, 0          x15=00000000
13934312ns          235300 1c00876c a0f517d3 flt.s            x15, f10, f15       x15=00000000 f10:3f41e433 f15:00000000
13934332ns          235301 1c008770 0a079663 bne              x15, x0, 172        x15:00000000
13934352ns          235302 1c008772 1c000737 lui              x14, 0x1c000000     x14=1c000000
13934372ns          235303 1c008776 02072783 lw               x15, 32(x14)        x15=40c90fdb x14:1c000000  PA:1c000020
13934690ns          235319 1c00877a a0a797d3 flt.s            x15, f15, f10       x15=00000000 f15:40c90fdb f10:3f41e433
13934710ns          235320 1c00877e 00078b63 beq              x15, x0, 22         x15:00000000
13934770ns          235323 1c008794 00000793 addi             x15, x0, 0          x15=00000000
13934789ns          235324 1c008798 a0f517d3 flt.s            x15, f10, f15       x15=00000000 f10:3f41e433 f15:00000000
13934809ns          235325 1c00879c 08079a63 bne              x15, x0, 148        x15:00000000
13934829ns          235326 1c00879e 1c0007b7 lui              x15, 0x1c000000     x15=1c000000
13934849ns          235327 1c0087a2 01c7a783 lw               x15, 28(x15)        x15=3fc90fdb x15:1c000000  PA:1c00001c
13935187ns          235344 1c0087a6 a0f517d3 flt.s            x15, f10, f15       x15=00000001 f10:3f41e433 f15:3fc90fdb
13935207ns          235345 1c0087aa 02079563 bne              x15, x0, 42         x15:00000001
13935267ns          235348 1c0087d4 10a57553 fmul.s           f10, f10, f10       f10=xxxxxxxx f10:3f41e433 f10:3f41e433
13935287ns          235349 1c0087d8 1c0007b7 lui              x15, 0x1c000000     x15=1c000000
13935307ns          235350 1c0087dc 1c000737 lui              x14, 0x1c000000     x14=1c000000
13935327ns          235351 1c0087e0 13472703 lw               x14, 308(x14)       x14=bab59551 x14:1c000000  PA:1c000134
13935625ns          235366 1c0087e4 1307a783 lw               x15, 304(x15)       x15=37c23ab1 x15:1c000000  PA:1c000130
13935943ns          235382 1c0087e8 70f577c3 fmadd.s          f15, f10, f15, f14  f15=xxxxxxxx f10:3f12d9e0 f15:37c23ab1 f14:bab59551
13935963ns          235383 1c0087ec 1c000737 lui              x14, 0x1c000000     x14=1c000000
13935983ns          235384 1c0087f0 13872703 lw               x14, 312(x14)       x14=3d2aa76f x14:1c000000  PA:1c000138
13936301ns          235400 1c0087f4 70f577c3 fmadd.s          f15, f10, f15, f14  f15=xxxxxxxx f10:3f12d9e0 f15:bab3d7a6 f14:3d2aa76f
13936321ns          235401 1c0087f8 1c000737 lui              x14, 0x1c000000     x14=1c000000
13936341ns          235402 1c0087fc 13c72703 lw               x14, 316(x14)       x14=beffffe0 x14:1c000000  PA:1c00013c
13936659ns          235418 1c008800 70f577c3 fmadd.s          f15, f10, f15, f14  f15=xxxxxxxx f10:3f12d9e0 f15:3d276e1f f14:beffffe0
13936679ns          235419 1c008804 1c000737 lui              x14, 0x1c000000     x14=1c000000
13936699ns          235420 1c008808 16872703 lw               x14, 360(x14)       x14=3f7fffff x14:1c000000  PA:1c000168
13937017ns          235436 1c00880c 70f57543 fmadd.s          f10, f10, f15, f14  f10=xxxxxxxx f10:3f12d9e0 f15:bef3fe76 f14:3f7fffff
13937037ns          235437 1c008810 00008067 jalr             x0, x1, 0            x1:1c0081de
13937097ns          235440 1c0081de 016a7a53 fadd.s           f20, f20, f22       f20=xxxxxxxx f20:3f503b83 f22:3eaaa273
13937117ns          235441 1c0081e2 10acf553 fmul.s           f10, f25, f10       f10=xxxxxxxx f25:3f800000 f10:3f3a049b
13937137ns          235442 1c0081e6 a14a97d3 flt.s            x15, f21, f20       x15=00000000 f21:40c90fdb f20:3f92c65e
13937156ns          235443 1c0081ea 00a4222b p.sw             x10, 4(x8!)          x8=10001594 x10:3f3a049b  x8:10001590  PA:10001590
13937176ns          235444 1c0081ee 00078363 beq              x15, x0, 6          x15:00000000
13937236ns          235447 1c0081f4 ff7412e3 bne              x8, x23, -28         x8:10001594 x23:100017c8
13937296ns          235450 1c0081d8 094c7553 fsub.s           f10, f24, f20       f10=xxxxxxxx f24:3fc90fdb f20:3f92c65e
13937316ns          235451 1c0081dc 57c000ef jal              x1, 1404             x1=1c0081de
13937355ns          235453 1c008758 a0a527d3 feq.s            x15, f10, f10       x15=00000001 f10:3ed925f4 f10:3ed925f4
13937375ns          235454 1c00875c 0a078b63 beq              x15, x0, 182        x15:00000001
13937395ns          235455 1c00875e e00517d3 fclass.s         x15, f10            x15=00000040 f10:3ed925f4
13937415ns          235456 1c008762 0817f793 andi             x15, x15, 129       x15=00000000 x15:00000040
13937435ns          235457 1c008766 0a079663 bne              x15, x0, 172        x15:00000000
13937455ns          235458 1c008768 00000793 addi             x15, x0, 0          x15=00000000
13937475ns          235459 1c00876c a0f517d3 flt.s            x15, f10, f15       x15=00000000 f10:3ed925f4 f15:00000000
13937495ns          235460 1c008770 0a079663 bne              x15, x0, 172        x15:00000000
13937515ns          235461 1c008772 1c000737 lui              x14, 0x1c000000     x14=1c000000
13937534ns          235462 1c008776 02072783 lw               x15, 32(x14)        x15=40c90fdb x14:1c000000  PA:1c000020
13937853ns          235478 1c00877a a0a797d3 flt.s            x15, f15, f10       x15=00000000 f15:40c90fdb f10:3ed925f4
13937873ns          235479 1c00877e 00078b63 beq              x15, x0, 22         x15:00000000
13937932ns          235482 1c008794 00000793 addi             x15, x0, 0          x15=00000000
13937952ns          235483 1c008798 a0f517d3 flt.s            x15, f10, f15       x15=00000000 f10:3ed925f4 f15:00000000
13937972ns          235484 1c00879c 08079a63 bne              x15, x0, 148        x15:00000000
13937992ns          235485 1c00879e 1c0007b7 lui              x15, 0x1c000000     x15=1c000000
13938012ns          235486 1c0087a2 01c7a783 lw               x15, 28(x15)        x15=3fc90fdb x15:1c000000  PA:1c00001c
13938330ns          235502 1c0087a6 a0f517d3 flt.s            x15, f10, f15       x15=00000001 f10:3ed925f4 f15:3fc90fdb
13938350ns          235503 1c0087aa 02079563 bne              x15, x0, 42         x15:00000001
13938410ns          235506 1c0087d4 10a57553 fmul.s           f10, f10, f10       f10=xxxxxxxx f10:3ed925f4 f10:3ed925f4
13938429ns          235507 1c0087d8 1c0007b7 lui              x15, 0x1c000000     x15=1c000000
13938449ns          235508 1c0087dc 1c000737 lui              x14, 0x1c000000     x14=1c000000
13938469ns          235509 1c0087e0 13472703 lw               x14, 308(x14)       x14=bab59551 x14:1c000000  PA:1c000134
13938788ns          235525 1c0087e4 1307a783 lw               x15, 304(x15)       x15=37c23ab1 x15:1c000000  PA:1c000130
13939106ns          235541 1c0087e8 70f577c3 fmadd.s          f15, f10, f15, f14  f15=xxxxxxxx f10:3e38315d f15:37c23ab1 f14:bab59551
13939126ns          235542 1c0087ec 1c000737 lui              x14, 0x1c000000     x14=1c000000
13939146ns          235543 1c0087f0 13872703 lw               x14, 312(x14)       x14=3d2aa76f x14:1c000000  PA:1c000138
13939464ns          235559 1c0087f4 70f577c3 fmadd.s          f15, f10, f15, f14  f15=xxxxxxxx f10:3e38315d f15:bab50991 f14:3d2aa76f
13939484ns          235560 1c0087f8 1c000737 lui              x14, 0x1c000000     x14=1c000000
13939504ns          235561 1c0087fc 13c72703 lw               x14, 316(x14)       x14=beffffe0 x14:1c000000  PA:1c00013c
13939822ns          235577 1c008800 70f577c3 fmadd.s          f15, f10, f15, f14  f15=xxxxxxxx f10:3e38315d f15:3d29a2eb f14:beffffe0
13939842ns          235578 1c008804 1c000737 lui              x14, 0x1c000000     x14=1c000000
13939862ns          235579 1c008808 16872703 lw               x14, 360(x14)       x14=3f7fffff x14:1c000000  PA:1c000168
13940180ns          235595 1c00880c 70f57543 fmadd.s          f10, f10, f15, f14  f10=xxxxxxxx f10:3e38315d f15:befc2f72 f14:3f7fffff
13940200ns          235596 1c008810 00008067 jalr             x0, x1, 0            x1:1c0081de
13940259ns          235599 1c0081de 016a7a53 fadd.s           f20, f20, f22       f20=xxxxxxxx f20:3f92c65e f22:3eaaa273
13940279ns          235600 1c0081e2 10acf553 fmul.s           f10, f25, f10       f10=xxxxxxxx f25:3f800000 f10:3f6951a8
13940299ns          235601 1c0081e6 a14a97d3 flt.s            x15, f21, f20       x15=00000000 f21:40c90fdb f20:3fbd6efb
13940319ns          235602 1c0081ea 00a4222b p.sw             x10, 4(x8!)          x8=10001598 x10:3f6951a8  x8:10001594  PA:10001594
13940339ns          235603 1c0081ee 00078363 beq              x15, x0, 6          x15:00000000
13940399ns          235606 1c0081f4 ff7412e3 bne              x8, x23, -28         x8:10001598 x23:100017c8
13940458ns          235609 1c0081d8 094c7553 fsub.s           f10, f24, f20       f10=xxxxxxxx f24:3fc90fdb f20:3fbd6efb
13940478ns          235610 1c0081dc 57c000ef jal              x1, 1404             x1=1c0081de
13940518ns          235612 1c008758 a0a527d3 feq.s            x15, f10, f10       x15=00000001 f10:3dba0e00 f10:3dba0e00
13940538ns          235613 1c00875c 0a078b63 beq              x15, x0, 182        x15:00000001
13940558ns          235614 1c00875e e00517d3 fclass.s         x15, f10            x15=00000040 f10:3dba0e00
13940578ns          235615 1c008762 0817f793 andi             x15, x15, 129       x15=00000000 x15:00000040
13940598ns          235616 1c008766 0a079663 bne              x15, x0, 172        x15:00000000
13940617ns          235617 1c008768 00000793 addi             x15, x0, 0          x15=00000000
13940637ns          235618 1c00876c a0f517d3 flt.s            x15, f10, f15       x15=00000000 f10:3dba0e00 f15:00000000
13940657ns          235619 1c008770 0a079663 bne              x15, x0, 172        x15:00000000
13940677ns          235620 1c008772 1c000737 lui              x14, 0x1c000000     x14=1c000000
13940697ns          235621 1c008776 02072783 lw               x15, 32(x14)        x15=40c90fdb x14:1c000000  PA:1c000020
13941015ns          235637 1c00877a a0a797d3 flt.s            x15, f15, f10       x15=00000000 f15:40c90fdb f10:3dba0e00
13941035ns          235638 1c00877e 00078b63 beq              x15, x0, 22         x15:00000000
13941095ns          235641 1c008794 00000793 addi             x15, x0, 0          x15=00000000
13941115ns          235642 1c008798 a0f517d3 flt.s            x15, f10, f15       x15=00000000 f10:3dba0e00 f15:00000000
13941135ns          235643 1c00879c 08079a63 bne              x15, x0, 148        x15:00000000
13941155ns          235644 1c00879e 1c0007b7 lui              x15, 0x1c000000     x15=1c000000
13941174ns          235645 1c0087a2 01c7a783 lw               x15, 28(x15)        x15=3fc90fdb x15:1c000000  PA:1c00001c
13941493ns          235661 1c0087a6 a0f517d3 flt.s            x15, f10, f15       x15=00000001 f10:3dba0e00 f15:3fc90fdb
13941513ns          235662 1c0087aa 02079563 bne              x15, x0, 42         x15:00000001
13941572ns          235665 1c0087d4 10a57553 fmul.s           f10, f10, f10       f10=xxxxxxxx f10:3dba0e00 f10:3dba0e00
13941592ns          235666 1c0087d8 1c0007b7 lui              x15, 0x1c000000     x15=1c000000
13941612ns          235667 1c0087dc 1c000737 lui              x14, 0x1c000000     x14=1c000000
13941632ns          235668 1c0087e0 13472703 lw               x14, 308(x14)       x14=bab59551 x14:1c000000  PA:1c000134
13941950ns          235684 1c0087e4 1307a783 lw               x15, 304(x15)       x15=37c23ab1 x15:1c000000  PA:1c000130
13942268ns          235700 1c0087e8 70f577c3 fmadd.s          f15, f10, f15, f14  f15=xxxxxxxx f10:3c073859 f15:37c23ab1 f14:bab59551
13942288ns          235701 1c0087ec 1c000737 lui              x14, 0x1c000000     x14=1c000000
13942308ns          235702 1c0087f0 13872703 lw               x14, 312(x14)       x14=3d2aa76f x14:1c000000  PA:1c000138
13942626ns          235718 1c0087f4 70f577c3 fmadd.s          f15, f10, f15, f14  f15=xxxxxxxx f10:3c073859 f15:bab58ee8 f14:3d2aa76f
13942646ns          235719 1c0087f8 1c000737 lui              x14, 0x1c000000     x14=1c000000
13942666ns          235720 1c0087fc 13c72703 lw               x14, 316(x14)       x14=beffffe0 x14:1c000000  PA:1c00013c
13943004ns          235737 1c008800 70f577c3 fmadd.s          f15, f10, f15, f14  f15=xxxxxxxx f10:3c073859 f15:3d2a9b72 f14:beffffe0
13943024ns          235738 1c008804 1c000737 lui              x14, 0x1c000000     x14=1c000000
13943044ns          235739 1c008808 16872703 lw               x14, 360(x14)       x14=3f7fffff x14:1c000000  PA:1c000168
13943362ns          235755 1c00880c 70f57543 fmadd.s          f10, f10, f15, f14  f10=xxxxxxxx f10:3c073859 f15:beffd2d1 f14:3f7fffff
13943382ns          235756 1c008810 00008067 jalr             x0, x1, 0            x1:1c0081de
13943442ns          235759 1c0081de 016a7a53 fadd.s           f20, f20, f22       f20=xxxxxxxx f20:3fbd6efb f22:3eaaa273
13943462ns          235760 1c0081e2 10acf553 fmul.s           f10, f25, f10       f10=xxxxxxxx f25:3f800000 f10:3f7ef1be
13943482ns          235761 1c0081e6 a14a97d3 flt.s            x15, f21, f20       x15=00000000 f21:40c90fdb f20:3fe81798
13943502ns          235762 1c0081ea 00a4222b p.sw             x10, 4(x8!)          x8=1000159c x10:3f7ef1be  x8:10001598  PA:10001598
13943522ns          235763 1c0081ee 00078363 beq              x15, x0, 6          x15:00000000
13943581ns          235766 1c0081f4 ff7412e3 bne              x8, x23, -28         x8:1000159c x23:100017c8
13943641ns          235769 1c0081d8 094c7553 fsub.s           f10, f24, f20       f10=xxxxxxxx f24:3fc90fdb f20:3fe81798
13943661ns          235770 1c0081dc 57c000ef jal              x1, 1404             x1=1c0081de
13943701ns          235772 1c008758 a0a527d3 feq.s            x15, f10, f10       x15=00000001 f10:be783de8 f10:be783de8
13943720ns          235773 1c00875c 0a078b63 beq              x15, x0, 182        x15:00000001
13943740ns          235774 1c00875e e00517d3 fclass.s         x15, f10            x15=00000002 f10:be783de8
13943760ns          235775 1c008762 0817f793 andi             x15, x15, 129       x15=00000000 x15:00000002
13943780ns          235776 1c008766 0a079663 bne              x15, x0, 172        x15:00000000
13943800ns          235777 1c008768 00000793 addi             x15, x0, 0          x15=00000000
13943820ns          235778 1c00876c a0f517d3 flt.s            x15, f10, f15       x15=00000001 f10:be783de8 f15:00000000
13943840ns          235779 1c008770 0a079663 bne              x15, x0, 172        x15:00000001
13943899ns          235782 1c00881c 1c0007b7 lui              x15, 0x1c000000     x15=1c000000
13943919ns          235783 1c008820 12c7a783 lw               x15, 300(x15)       x15=c0c90fdb x15:1c000000  PA:1c00012c
13944238ns          235799 1c008824 a0f517d3 flt.s            x15, f10, f15       x15=00000000 f10:be783de8 f15:c0c90fdb
13944257ns          235800 1c008828 00078463 beq              x15, x0, 8          x15:00000000
13944317ns          235803 1c008830 20a51553 fsgnjn.s         f10, f10, f10       f10=xxxxxxxx f10:be783de8 f10:be783de8
13944337ns          235804 1c008834 f6bff06f jal              x0, -150           
13944397ns          235807 1c00879e 1c0007b7 lui              x15, 0x1c000000     x15=1c000000
13944417ns          235808 1c0087a2 01c7a783 lw               x15, 28(x15)        x15=3fc90fdb x15:1c000000  PA:1c00001c
13944735ns          235824 1c0087a6 a0f517d3 flt.s            x15, f10, f15       x15=00000001 f10:3e783de8 f15:3fc90fdb
13944755ns          235825 1c0087aa 02079563 bne              x15, x0, 42         x15:00000001
13944814ns          235828 1c0087d4 10a57553 fmul.s           f10, f10, f10       f10=xxxxxxxx f10:3e783de8 f10:3e783de8
13944834ns          235829 1c0087d8 1c0007b7 lui              x15, 0x1c000000     x15=1c000000
13944854ns          235830 1c0087dc 1c000737 lui              x14, 0x1c000000     x14=1c000000
13944874ns          235831 1c0087e0 13472703 lw               x14, 308(x14)       x14=bab59551 x14:1c000000  PA:1c000134
13945172ns          235846 1c0087e4 1307a783 lw               x15, 304(x15)       x15=37c23ab1 x15:1c000000  PA:1c000130
13945491ns          235862 1c0087e8 70f577c3 fmadd.s          f15, f10, f15, f14  f15=xxxxxxxx f10:3d70b800 f15:37c23ab1 f14:bab59551
13945511ns          235863 1c0087ec 1c000737 lui              x14, 0x1c000000     x14=1c000000
13945530ns          235864 1c0087f0 13872703 lw               x14, 312(x14)       x14=3d2aa76f x14:1c000000  PA:1c000138
13945849ns          235880 1c0087f4 70f577c3 fmadd.s          f15, f10, f15, f14  f15=xxxxxxxx f10:3d70b800 f15:bab567a8 f14:3d2aa76f
13945869ns          235881 1c0087f8 1c000737 lui              x14, 0x1c000000     x14=1c000000
13945889ns          235882 1c0087fc 13c72703 lw               x14, 316(x14)       x14=beffffe0 x14:1c000000  PA:1c00013c
13946207ns          235898 1c008800 70f577c3 fmadd.s          f15, f10, f15, f14  f15=xxxxxxxx f10:3d70b800 f15:3d2a5225 f14:beffffe0
13946227ns          235899 1c008804 1c000737 lui              x14, 0x1c000000     x14=1c000000
13946247ns          235900 1c008808 16872703 lw               x14, 360(x14)       x14=3f7fffff x14:1c000000  PA:1c000168
13946585ns          235917 1c00880c 70f57543 fmadd.s          f10, f10, f15, f14  f10=xxxxxxxx f10:3d70b800 f15:befebf91 f14:3f7fffff
13946605ns          235918 1c008810 00008067 jalr             x0, x1, 0            x1:1c0081de
13946664ns          235921 1c0081de 016a7a53 fadd.s           f20, f20, f22       f20=xxxxxxxx f20:3fe81798 f22:3eaaa273
13946684ns          235922 1c0081e2 10acf553 fmul.s           f10, f25, f10       f10=xxxxxxxx f25:3f800000 f10:3f7883a9
13946704ns          235923 1c0081e6 a14a97d3 flt.s            x15, f21, f20       x15=00000000 f21:40c90fdb f20:4009601a
13946724ns          235924 1c0081ea 00a4222b p.sw             x10, 4(x8!)          x8=100015a0 x10:3f7883a9  x8:1000159c  PA:1000159c
13946744ns          235925 1c0081ee 00078363 beq              x15, x0, 6          x15:00000000
13946804ns          235928 1c0081f4 ff7412e3 bne              x8, x23, -28         x8:100015a0 x23:100017c8
13946863ns          235931 1c0081d8 094c7553 fsub.s           f10, f24, f20       f10=xxxxxxxx f24:3fc90fdb f20:4009601a
13946883ns          235932 1c0081dc 57c000ef jal              x1, 1404             x1=1c0081de
13946923ns          235934 1c008758 a0a527d3 feq.s            x15, f10, f10       x15=00000001 f10:bf1360b2 f10:bf1360b2
13946943ns          235935 1c00875c 0a078b63 beq              x15, x0, 182        x15:00000001
13946963ns          235936 1c00875e e00517d3 fclass.s         x15, f10            x15=00000002 f10:bf1360b2
13946983ns          235937 1c008762 0817f793 andi             x15, x15, 129       x15=00000000 x15:00000002
13947002ns          235938 1c008766 0a079663 bne              x15, x0, 172        x15:00000000
13947022ns          235939 1c008768 00000793 addi             x15, x0, 0          x15=00000000
13947042ns          235940 1c00876c a0f517d3 flt.s            x15, f10, f15       x15=00000001 f10:bf1360b2 f15:00000000
13947062ns          235941 1c008770 0a079663 bne              x15, x0, 172        x15:00000001
13947122ns          235944 1c00881c 1c0007b7 lui              x15, 0x1c000000     x15=1c000000
13947142ns          235945 1c008820 12c7a783 lw               x15, 300(x15)       x15=c0c90fdb x15:1c000000  PA:1c00012c
13947460ns          235961 1c008824 a0f517d3 flt.s            x15, f10, f15       x15=00000000 f10:bf1360b2 f15:c0c90fdb
13947480ns          235962 1c008828 00078463 beq              x15, x0, 8          x15:00000000
13947539ns          235965 1c008830 20a51553 fsgnjn.s         f10, f10, f10       f10=xxxxxxxx f10:bf1360b2 f10:bf1360b2
13947559ns          235966 1c008834 f6bff06f jal              x0, -150           
13947619ns          235969 1c00879e 1c0007b7 lui              x15, 0x1c000000     x15=1c000000
13947639ns          235970 1c0087a2 01c7a783 lw               x15, 28(x15)        x15=3fc90fdb x15:1c000000  PA:1c00001c
13947957ns          235986 1c0087a6 a0f517d3 flt.s            x15, f10, f15       x15=00000001 f10:3f1360b2 f15:3fc90fdb
13947977ns          235987 1c0087aa 02079563 bne              x15, x0, 42         x15:00000001
13948037ns          235990 1c0087d4 10a57553 fmul.s           f10, f10, f10       f10=xxxxxxxx f10:3f1360b2 f10:3f1360b2
13948057ns          235991 1c0087d8 1c0007b7 lui              x15, 0x1c000000     x15=1c000000
13948077ns          235992 1c0087dc 1c000737 lui              x14, 0x1c000000     x14=1c000000
13948096ns          235993 1c0087e0 13472703 lw               x14, 308(x14)       x14=bab59551 x14:1c000000  PA:1c000134
13948415ns          236009 1c0087e4 1307a783 lw               x15, 304(x15)       x15=37c23ab1 x15:1c000000  PA:1c000130
13948733ns          236025 1c0087e8 70f577c3 fmadd.s          f15, f10, f15, f14  f15=xxxxxxxx f10:3ea9b062 f15:37c23ab1 f14:bab59551
13948753ns          236026 1c0087ec 1c000737 lui              x14, 0x1c000000     x14=1c000000
13948773ns          236027 1c0087f0 13872703 lw               x14, 312(x14)       x14=3d2aa76f x14:1c000000  PA:1c000138
13949111ns          236044 1c0087f4 70f577c3 fmadd.s          f15, f10, f15, f14  f15=xxxxxxxx f10:3ea9b062 f15:bab493d4 f14:3d2aa76f
13949131ns          236045 1c0087f8 1c000737 lui              x14, 0x1c000000     x14=1c000000
13949151ns          236046 1c0087fc 13c72703 lw               x14, 316(x14)       x14=beffffe0 x14:1c000000  PA:1c00013c
13949469ns          236062 1c008800 70f577c3 fmadd.s          f15, f10, f15, f14  f15=xxxxxxxx f10:3ea9b062 f15:3d28c8a7 f14:beffffe0
13949489ns          236063 1c008804 1c000737 lui              x14, 0x1c000000     x14=1c000000
13949509ns          236064 1c008808 16872703 lw               x14, 360(x14)       x14=3f7fffff x14:1c000000  PA:1c000168
13949827ns          236080 1c00880c 70f57543 fmadd.s          f10, f10, f15, f14  f10=xxxxxxxx f10:3ea9b062 f15:bef901d4 f14:3f7fffff
13949847ns          236081 1c008810 00008067 jalr             x0, x1, 0            x1:1c0081de
13949906ns          236084 1c0081de 016a7a53 fadd.s           f20, f20, f22       f20=xxxxxxxx f20:4009601a f22:3eaaa273
13949926ns          236085 1c0081e2 10acf553 fmul.s           f10, f25, f10       f10=xxxxxxxx f25:3f800000 f10:3f56bc8e
13949946ns          236086 1c0081e6 a14a97d3 flt.s            x15, f21, f20       x15=00000000 f21:40c90fdb f20:401eb468
13949966ns          236087 1c0081ea 00a4222b p.sw             x10, 4(x8!)          x8=100015a4 x10:3f56bc8e  x8:100015a0  PA:100015a0
13949986ns          236088 1c0081ee 00078363 beq              x15, x0, 6          x15:00000000
13950046ns          236091 1c0081f4 ff7412e3 bne              x8, x23, -28         x8:100015a4 x23:100017c8
13950105ns          236094 1c0081d8 094c7553 fsub.s           f10, f24, f20       f10=xxxxxxxx f24:3fc90fdb f20:401eb468
13950125ns          236095 1c0081dc 57c000ef jal              x1, 1404             x1=1c0081de
13950165ns          236097 1c008758 a0a527d3 feq.s            x15, f10, f10       x15=00000001 f10:bf68b1ea f10:bf68b1ea
13950185ns          236098 1c00875c 0a078b63 beq              x15, x0, 182        x15:00000001
13950205ns          236099 1c00875e e00517d3 fclass.s         x15, f10            x15=00000002 f10:bf68b1ea
13950225ns          236100 1c008762 0817f793 andi             x15, x15, 129       x15=00000000 x15:00000002
13950245ns          236101 1c008766 0a079663 bne              x15, x0, 172        x15:00000000
13950264ns          236102 1c008768 00000793 addi             x15, x0, 0          x15=00000000
13950284ns          236103 1c00876c a0f517d3 flt.s            x15, f10, f15       x15=00000001 f10:bf68b1ea f15:00000000
13950304ns          236104 1c008770 0a079663 bne              x15, x0, 172        x15:00000001
13950364ns          236107 1c00881c 1c0007b7 lui              x15, 0x1c000000     x15=1c000000
13950384ns          236108 1c008820 12c7a783 lw               x15, 300(x15)       x15=c0c90fdb x15:1c000000  PA:1c00012c
13950722ns          236125 1c008824 a0f517d3 flt.s            x15, f10, f15       x15=00000000 f10:bf68b1ea f15:c0c90fdb
13950742ns          236126 1c008828 00078463 beq              x15, x0, 8          x15:00000000
13950802ns          236129 1c008830 20a51553 fsgnjn.s         f10, f10, f10       f10=xxxxxxxx f10:bf68b1ea f10:bf68b1ea
13950821ns          236130 1c008834 f6bff06f jal              x0, -150           
13950881ns          236133 1c00879e 1c0007b7 lui              x15, 0x1c000000     x15=1c000000
13950901ns          236134 1c0087a2 01c7a783 lw               x15, 28(x15)        x15=3fc90fdb x15:1c000000  PA:1c00001c
13951219ns          236150 1c0087a6 a0f517d3 flt.s            x15, f10, f15       x15=00000001 f10:3f68b1ea f15:3fc90fdb
13951239ns          236151 1c0087aa 02079563 bne              x15, x0, 42         x15:00000001
13951299ns          236154 1c0087d4 10a57553 fmul.s           f10, f10, f10       f10=xxxxxxxx f10:3f68b1ea f10:3f68b1ea
13951319ns          236155 1c0087d8 1c0007b7 lui              x15, 0x1c000000     x15=1c000000
13951339ns          236156 1c0087dc 1c000737 lui              x14, 0x1c000000     x14=1c000000
13951358ns          236157 1c0087e0 13472703 lw               x14, 308(x14)       x14=bab59551 x14:1c000000  PA:1c000134
13951677ns          236173 1c0087e4 1307a783 lw               x15, 304(x15)       x15=37c23ab1 x15:1c000000  PA:1c000130
13951995ns          236189 1c0087e8 70f577c3 fmadd.s          f15, f10, f15, f14  f15=xxxxxxxx f10:3f5382f4 f15:37c23ab1 f14:bab59551
13952015ns          236190 1c0087ec 1c000737 lui              x14, 0x1c000000     x14=1c000000
13952035ns          236191 1c0087f0 13872703 lw               x14, 312(x14)       x14=3d2aa76f x14:1c000000  PA:1c000138
13952393ns          236209 1c0087f4 70f577c3 fmadd.s          f15, f10, f15, f14  f15=xxxxxxxx f10:3f5382f4 f15:bab3136a f14:3d2aa76f
13952413ns          236210 1c0087f8 1c000737 lui              x14, 0x1c000000     x14=1c000000
13952433ns          236211 1c0087fc 13c72703 lw               x14, 316(x14)       x14=beffffe0 x14:1c000000  PA:1c00013c
13952751ns          236227 1c008800 70f577c3 fmadd.s          f15, f10, f15, f14  f15=xxxxxxxx f10:3f5382f4 f15:3d2607ca f14:beffffe0
13952771ns          236228 1c008804 1c000737 lui              x14, 0x1c000000     x14=1c000000
13952791ns          236229 1c008808 16872703 lw               x14, 360(x14)       x14=3f7fffff x14:1c000000  PA:1c000168
13953109ns          236245 1c00880c 70f57543 fmadd.s          f10, f10, f15, f14  f10=xxxxxxxx f10:3f5382f4 f15:beeeda35 f14:3f7fffff
13953129ns          236246 1c008810 00008067 jalr             x0, x1, 0            x1:1c0081de
13953188ns          236249 1c0081de 016a7a53 fadd.s           f20, f20, f22       f20=xxxxxxxx f20:401eb468 f22:3eaaa273
13953208ns          236250 1c0081e2 10acf553 fmul.s           f10, f25, f10       f10=xxxxxxxx f25:3f800000 f10:3f1d53fb
13953228ns          236251 1c0081e6 a14a97d3 flt.s            x15, f21, f20       x15=00000000 f21:40c90fdb f20:403408b6
13953248ns          236252 1c0081ea 00a4222b p.sw             x10, 4(x8!)          x8=100015a8 x10:3f1d53fb  x8:100015a4  PA:100015a4
13953268ns          236253 1c0081ee 00078363 beq              x15, x0, 6          x15:00000000
13953328ns          236256 1c0081f4 ff7412e3 bne              x8, x23, -28         x8:100015a8 x23:100017c8
13953387ns          236259 1c0081d8 094c7553 fsub.s           f10, f24, f20       f10=xxxxxxxx f24:3fc90fdb f20:403408b6
13953407ns          236260 1c0081dc 57c000ef jal              x1, 1404             x1=1c0081de
13953447ns          236262 1c008758 a0a527d3 feq.s            x15, f10, f10       x15=00000001 f10:bf9f0191 f10:bf9f0191
13953467ns          236263 1c00875c 0a078b63 beq              x15, x0, 182        x15:00000001
13953487ns          236264 1c00875e e00517d3 fclass.s         x15, f10            x15=00000002 f10:bf9f0191
13953507ns          236265 1c008762 0817f793 andi             x15, x15, 129       x15=00000000 x15:00000002
13953527ns          236266 1c008766 0a079663 bne              x15, x0, 172        x15:00000000
13953546ns          236267 1c008768 00000793 addi             x15, x0, 0          x15=00000000
13953566ns          236268 1c00876c a0f517d3 flt.s            x15, f10, f15       x15=00000001 f10:bf9f0191 f15:00000000
13953586ns          236269 1c008770 0a079663 bne              x15, x0, 172        x15:00000001
13953646ns          236272 1c00881c 1c0007b7 lui              x15, 0x1c000000     x15=1c000000
13953666ns          236273 1c008820 12c7a783 lw               x15, 300(x15)       x15=c0c90fdb x15:1c000000  PA:1c00012c
13953984ns          236289 1c008824 a0f517d3 flt.s            x15, f10, f15       x15=00000000 f10:bf9f0191 f15:c0c90fdb
13954004ns          236290 1c008828 00078463 beq              x15, x0, 8          x15:00000000
13954064ns          236293 1c008830 20a51553 fsgnjn.s         f10, f10, f10       f10=xxxxxxxx f10:bf9f0191 f10:bf9f0191
13954084ns          236294 1c008834 f6bff06f jal              x0, -150           
13954143ns          236297 1c00879e 1c0007b7 lui              x15, 0x1c000000     x15=1c000000
13954163ns          236298 1c0087a2 01c7a783 lw               x15, 28(x15)        x15=3fc90fdb x15:1c000000  PA:1c00001c
13954481ns          236314 1c0087a6 a0f517d3 flt.s            x15, f10, f15       x15=00000001 f10:3f9f0191 f15:3fc90fdb
13954501ns          236315 1c0087aa 02079563 bne              x15, x0, 42         x15:00000001
13954561ns          236318 1c0087d4 10a57553 fmul.s           f10, f10, f10       f10=xxxxxxxx f10:3f9f0191 f10:3f9f0191
13954581ns          236319 1c0087d8 1c0007b7 lui              x15, 0x1c000000     x15=1c000000
13954601ns          236320 1c0087dc 1c000737 lui              x14, 0x1c000000     x14=1c000000
13954621ns          236321 1c0087e0 13472703 lw               x14, 308(x14)       x14=bab59551 x14:1c000000  PA:1c000134
13954919ns          236336 1c0087e4 1307a783 lw               x15, 304(x15)       x15=37c23ab1 x15:1c000000  PA:1c000130
13955237ns          236352 1c0087e8 70f577c3 fmadd.s          f15, f10, f15, f14  f15=xxxxxxxx f10:3fc585e4 f15:37c23ab1 f14:bab59551
13955257ns          236353 1c0087ec 1c000737 lui              x14, 0x1c000000     x14=1c000000
13955277ns          236354 1c0087f0 13872703 lw               x14, 312(x14)       x14=3d2aa76f x14:1c000000  PA:1c000138
13955595ns          236370 1c0087f4 70f577c3 fmadd.s          f15, f10, f15, f14  f15=xxxxxxxx f10:3fc585e4 f15:bab0e66b f14:3d2aa76f
13955615ns          236371 1c0087f8 1c000737 lui              x14, 0x1c000000     x14=1c000000
13955635ns          236372 1c0087fc 13c72703 lw               x14, 316(x14)       x14=beffffe0 x14:1c000000  PA:1c00013c
13955953ns          236388 1c008800 70f577c3 fmadd.s          f15, f10, f15, f14  f15=xxxxxxxx f10:3fc585e4 f15:3d221f92 f14:beffffe0
13955973ns          236389 1c008804 1c000737 lui              x14, 0x1c000000     x14=1c000000
13955993ns          236390 1c008808 16872703 lw               x14, 360(x14)       x14=3f7fffff x14:1c000000  PA:1c000168
13956351ns          236408 1c00880c 70f57543 fmadd.s          f10, f10, f15, f14  f10=xxxxxxxx f10:3fc585e4 f15:bee0ba1a f14:3f7fffff
13956371ns          236409 1c008810 00008067 jalr             x0, x1, 0            x1:1c0081de
13956431ns          236412 1c0081de 016a7a53 fadd.s           f20, f20, f22       f20=xxxxxxxx f20:403408b6 f22:3eaaa273
13956451ns          236413 1c0081e2 10acf553 fmul.s           f10, f25, f10       f10=xxxxxxxx f25:3f800000 f10:3ea53680
13956470ns          236414 1c0081e6 a14a97d3 flt.s            x15, f21, f20       x15=00000000 f21:40c90fdb f20:40495d04
13956490ns          236415 1c0081ea 00a4222b p.sw             x10, 4(x8!)          x8=100015ac x10:3ea53680  x8:100015a8  PA:100015a8
13956510ns          236416 1c0081ee 00078363 beq              x15, x0, 6          x15:00000000
13956570ns          236419 1c0081f4 ff7412e3 bne              x8, x23, -28         x8:100015ac x23:100017c8
13956630ns          236422 1c0081d8 094c7553 fsub.s           f10, f24, f20       f10=xxxxxxxx f24:3fc90fdb f20:40495d04
13956649ns          236423 1c0081dc 57c000ef jal              x1, 1404             x1=1c0081de
13956689ns          236425 1c008758 a0a527d3 feq.s            x15, f10, f10       x15=00000001 f10:bfc9aa2d f10:bfc9aa2d
13956709ns          236426 1c00875c 0a078b63 beq              x15, x0, 182        x15:00000001
13956729ns          236427 1c00875e e00517d3 fclass.s         x15, f10            x15=00000002 f10:bfc9aa2d
13956749ns          236428 1c008762 0817f793 andi             x15, x15, 129       x15=00000000 x15:00000002
13956769ns          236429 1c008766 0a079663 bne              x15, x0, 172        x15:00000000
13956789ns          236430 1c008768 00000793 addi             x15, x0, 0          x15=00000000
13956809ns          236431 1c00876c a0f517d3 flt.s            x15, f10, f15       x15=00000001 f10:bfc9aa2d f15:00000000
13956828ns          236432 1c008770 0a079663 bne              x15, x0, 172        x15:00000001
13956888ns          236435 1c00881c 1c0007b7 lui              x15, 0x1c000000     x15=1c000000
13956908ns          236436 1c008820 12c7a783 lw               x15, 300(x15)       x15=c0c90fdb x15:1c000000  PA:1c00012c
13957246ns          236453 1c008824 a0f517d3 flt.s            x15, f10, f15       x15=00000000 f10:bfc9aa2d f15:c0c90fdb
13957266ns          236454 1c008828 00078463 beq              x15, x0, 8          x15:00000000
13957326ns          236457 1c008830 20a51553 fsgnjn.s         f10, f10, f10       f10=xxxxxxxx f10:bfc9aa2d f10:bfc9aa2d
13957346ns          236458 1c008834 f6bff06f jal              x0, -150           
13957405ns          236461 1c00879e 1c0007b7 lui              x15, 0x1c000000     x15=1c000000
13957425ns          236462 1c0087a2 01c7a783 lw               x15, 28(x15)        x15=3fc90fdb x15:1c000000  PA:1c00001c
13957803ns          236481 1c0087a6 a0f517d3 flt.s            x15, f10, f15       x15=00000000 f10:3fc9aa2d f15:3fc90fdb
13957823ns          236482 1c0087aa 02079563 bne              x15, x0, 42         x15:00000000
13957843ns          236483 1c0087ac 1c0007b7 lui              x15, 0x1c000000     x15=1c000000
13957863ns          236484 1c0087b0 1007a783 lw               x15, 256(x15)       x15=40490fdb x15:1c000000  PA:1c000100
13958181ns          236500 1c0087b4 a0f51753 flt.s            x14, f10, f15       x14=00000001 f10:3fc9aa2d f15:40490fdb
13958201ns          236501 1c0087b8 06071f63 bne              x14, x0, 126        x14:00000001
13958280ns          236505 1c008836 08a7f553 fsub.s           f10, f15, f10       f10=xxxxxxxx f15:40490fdb f10:3fc9aa2d
13958300ns          236506 1c00883a 10a57553 fmul.s           f10, f10, f10       f10=xxxxxxxx f10:3fc87589 f10:3fc87589
13958320ns          236507 1c00883e 1c0007b7 lui              x15, 0x1c000000     x15=1c000000
13958340ns          236508 1c008842 1c000737 lui              x14, 0x1c000000     x14=1c000000
13958360ns          236509 1c008846 13472703 lw               x14, 308(x14)       x14=bab59551 x14:1c000000  PA:1c000134
13958658ns          236524 1c00884a 1307a783 lw               x15, 304(x15)       x15=37c23ab1 x15:1c000000  PA:1c000130
13959076ns          236545 1c00884e 70f577c3 fmadd.s          f15, f10, f15, f14  f15=xxxxxxxx f10:401cf7dc f15:37c23ab1 f14:bab59551
13959096ns          236546 1c008852 1c000737 lui              x14, 0x1c000000     x14=1c000000
13959116ns          236547 1c008856 13872703 lw               x14, 312(x14)       x14=3d2aa76f x14:1c000000  PA:1c000138
13959434ns          236563 1c00885a 70f577c3 fmadd.s          f15, f10, f15, f14  f15=xxxxxxxx f10:401cf7dc f15:baae23d4 f14:3d2aa76f
13959454ns          236564 1c00885e 1c000737 lui              x14, 0x1c000000     x14=1c000000
13959474ns          236565 1c008862 13c72703 lw               x14, 316(x14)       x14=beffffe0 x14:1c000000  PA:1c00013c
13959792ns          236581 1c008866 70f577c3 fmadd.s          f15, f10, f15, f14  f15=xxxxxxxx f10:401cf7dc f15:3d1d4ea1 f14:beffffe0
13959812ns          236582 1c00886a 1c000737 lui              x14, 0x1c000000     x14=1c000000
13959832ns          236583 1c00886e 16872703 lw               x14, 360(x14)       x14=3f7fffff x14:1c000000  PA:1c000168
13960170ns          236600 1c008872 70f57543 fmadd.s          f10, f10, f15, f14  f10=xxxxxxxx f10:401cf7dc f15:becfc5c4 f14:3f7fffff
13960190ns          236601 1c008876 20a51553 fsgnjn.s         f10, f10, f10       f10=xxxxxxxx f10:3b9a51b2 f10:3b9a51b2
13960210ns          236602 1c00887a 00008067 jalr             x0, x1, 0            x1:1c0081de
13960270ns          236605 1c0081de 016a7a53 fadd.s           f20, f20, f22       f20=xxxxxxxx f20:40495d04 f22:3eaaa273
13960289ns          236606 1c0081e2 10acf553 fmul.s           f10, f25, f10       f10=xxxxxxxx f25:3f800000 f10:bb9a51b2
13960309ns          236607 1c0081e6 a14a97d3 flt.s            x15, f21, f20       x15=00000000 f21:40c90fdb f20:405eb152
13960329ns          236608 1c0081ea 00a4222b p.sw             x10, 4(x8!)          x8=100015b0 x10:bb9a51b2  x8:100015ac  PA:100015ac
13960349ns          236609 1c0081ee 00078363 beq              x15, x0, 6          x15:00000000
13960409ns          236612 1c0081f4 ff7412e3 bne              x8, x23, -28         x8:100015b0 x23:100017c8
13960468ns          236615 1c0081d8 094c7553 fsub.s           f10, f24, f20       f10=xxxxxxxx f24:3fc90fdb f20:405eb152
13960488ns          236616 1c0081dc 57c000ef jal              x1, 1404             x1=1c0081de
13960528ns          236618 1c008758 a0a527d3 feq.s            x15, f10, f10       x15=00000001 f10:bff452c9 f10:bff452c9
13960548ns          236619 1c00875c 0a078b63 beq              x15, x0, 182        x15:00000001
13960568ns          236620 1c00875e e00517d3 fclass.s         x15, f10            x15=00000002 f10:bff452c9
13960588ns          236621 1c008762 0817f793 andi             x15, x15, 129       x15=00000000 x15:00000002
13960608ns          236622 1c008766 0a079663 bne              x15, x0, 172        x15:00000000
13960628ns          236623 1c008768 00000793 addi             x15, x0, 0          x15=00000000
13960647ns          236624 1c00876c a0f517d3 flt.s            x15, f10, f15       x15=00000001 f10:bff452c9 f15:00000000
13960667ns          236625 1c008770 0a079663 bne              x15, x0, 172        x15:00000001
13960727ns          236628 1c00881c 1c0007b7 lui              x15, 0x1c000000     x15=1c000000
13960747ns          236629 1c008820 12c7a783 lw               x15, 300(x15)       x15=c0c90fdb x15:1c000000  PA:1c00012c
13961065ns          236645 1c008824 a0f517d3 flt.s            x15, f10, f15       x15=00000000 f10:bff452c9 f15:c0c90fdb
13961085ns          236646 1c008828 00078463 beq              x15, x0, 8          x15:00000000
13961145ns          236649 1c008830 20a51553 fsgnjn.s         f10, f10, f10       f10=xxxxxxxx f10:bff452c9 f10:bff452c9
13961165ns          236650 1c008834 f6bff06f jal              x0, -150           
13961224ns          236653 1c00879e 1c0007b7 lui              x15, 0x1c000000     x15=1c000000
13961244ns          236654 1c0087a2 01c7a783 lw               x15, 28(x15)        x15=3fc90fdb x15:1c000000  PA:1c00001c
13961562ns          236670 1c0087a6 a0f517d3 flt.s            x15, f10, f15       x15=00000000 f10:3ff452c9 f15:3fc90fdb
13961582ns          236671 1c0087aa 02079563 bne              x15, x0, 42         x15:00000000
13961602ns          236672 1c0087ac 1c0007b7 lui              x15, 0x1c000000     x15=1c000000
13961622ns          236673 1c0087b0 1007a783 lw               x15, 256(x15)       x15=40490fdb x15:1c000000  PA:1c000100
13961940ns          236689 1c0087b4 a0f51753 flt.s            x14, f10, f15       x14=00000001 f10:3ff452c9 f15:40490fdb
13961960ns          236690 1c0087b8 06071f63 bne              x14, x0, 126        x14:00000001
13962040ns          236694 1c008836 08a7f553 fsub.s           f10, f15, f10       f10=xxxxxxxx f15:40490fdb f10:3ff452c9
13962060ns          236695 1c00883a 10a57553 fmul.s           f10, f10, f10       f10=xxxxxxxx f10:3f9dcced f10:3f9dcced
13962080ns          236696 1c00883e 1c0007b7 lui              x15, 0x1c000000     x15=1c000000
13962099ns          236697 1c008842 1c000737 lui              x14, 0x1c000000     x14=1c000000
13962119ns          236698 1c008846 13472703 lw               x14, 308(x14)       x14=bab59551 x14:1c000000  PA:1c000134
13962418ns          236713 1c00884a 1307a783 lw               x15, 304(x15)       x15=37c23ab1 x15:1c000000  PA:1c000130
13962816ns          236733 1c00884e 70f577c3 fmadd.s          f15, f10, f15, f14  f15=xxxxxxxx f10:3fc289fd f15:37c23ab1 f14:bab59551
13962835ns          236734 1c008852 1c000737 lui              x14, 0x1c000000     x14=1c000000
13962855ns          236735 1c008856 13872703 lw               x14, 312(x14)       x14=3d2aa76f x14:1c000000  PA:1c000138
13963174ns          236751 1c00885a 70f577c3 fmadd.s          f15, f10, f15, f14  f15=xxxxxxxx f10:3fc289fd f15:bab0f888 f14:3d2aa76f
13963193ns          236752 1c00885e 1c000737 lui              x14, 0x1c000000     x14=1c000000
13963213ns          236753 1c008862 13c72703 lw               x14, 316(x14)       x14=beffffe0 x14:1c000000  PA:1c00013c
13963571ns          236771 1c008866 70f577c3 fmadd.s          f15, f10, f15, f14  f15=xxxxxxxx f10:3fc289fd f15:3d223fb3 f14:beffffe0
13963591ns          236772 1c00886a 1c000737 lui              x14, 0x1c000000     x14=1c000000
13963611ns          236773 1c00886e 16872703 lw               x14, 360(x14)       x14=3f7fffff x14:1c000000  PA:1c000168
13963949ns          236790 1c008872 70f57543 fmadd.s          f10, f10, f15, f14  f10=xxxxxxxx f10:3fc289fd f15:bee12cf1 f14:3f7fffff
13963969ns          236791 1c008876 20a51553 fsgnjn.s         f10, f10, f10       f10=xxxxxxxx f10:3ea9c522 f10:3ea9c522
13963989ns          236792 1c00887a 00008067 jalr             x0, x1, 0            x1:1c0081de
13964049ns          236795 1c0081de 016a7a53 fadd.s           f20, f20, f22       f20=xxxxxxxx f20:405eb152 f22:3eaaa273
13964069ns          236796 1c0081e2 10acf553 fmul.s           f10, f25, f10       f10=xxxxxxxx f25:3f800000 f10:bea9c522
13964089ns          236797 1c0081e6 a14a97d3 flt.s            x15, f21, f20       x15=00000000 f21:40c90fdb f20:407405a0
13964108ns          236798 1c0081ea 00a4222b p.sw             x10, 4(x8!)          x8=100015b4 x10:bea9c522  x8:100015b0  PA:100015b0
13964128ns          236799 1c0081ee 00078363 beq              x15, x0, 6          x15:00000000
13964188ns          236802 1c0081f4 ff7412e3 bne              x8, x23, -28         x8:100015b4 x23:100017c8
13964248ns          236805 1c0081d8 094c7553 fsub.s           f10, f24, f20       f10=xxxxxxxx f24:3fc90fdb f20:407405a0
13964268ns          236806 1c0081dc 57c000ef jal              x1, 1404             x1=1c0081de
13964307ns          236808 1c008758 a0a527d3 feq.s            x15, f10, f10       x15=00000001 f10:c00f7db2 f10:c00f7db2
13964327ns          236809 1c00875c 0a078b63 beq              x15, x0, 182        x15:00000001
13964347ns          236810 1c00875e e00517d3 fclass.s         x15, f10            x15=00000002 f10:c00f7db2
13964367ns          236811 1c008762 0817f793 andi             x15, x15, 129       x15=00000000 x15:00000002
13964387ns          236812 1c008766 0a079663 bne              x15, x0, 172        x15:00000000
13964407ns          236813 1c008768 00000793 addi             x15, x0, 0          x15=00000000
13964427ns          236814 1c00876c a0f517d3 flt.s            x15, f10, f15       x15=00000001 f10:c00f7db2 f15:00000000
13964447ns          236815 1c008770 0a079663 bne              x15, x0, 172        x15:00000001
13964506ns          236818 1c00881c 1c0007b7 lui              x15, 0x1c000000     x15=1c000000
13964526ns          236819 1c008820 12c7a783 lw               x15, 300(x15)       x15=c0c90fdb x15:1c000000  PA:1c00012c
13964844ns          236835 1c008824 a0f517d3 flt.s            x15, f10, f15       x15=00000000 f10:c00f7db2 f15:c0c90fdb
13964864ns          236836 1c008828 00078463 beq              x15, x0, 8          x15:00000000
13964924ns          236839 1c008830 20a51553 fsgnjn.s         f10, f10, f10       f10=xxxxxxxx f10:c00f7db2 f10:c00f7db2
13964944ns          236840 1c008834 f6bff06f jal              x0, -150           
13965004ns          236843 1c00879e 1c0007b7 lui              x15, 0x1c000000     x15=1c000000
13965023ns          236844 1c0087a2 01c7a783 lw               x15, 28(x15)        x15=3fc90fdb x15:1c000000  PA:1c00001c
13965342ns          236860 1c0087a6 a0f517d3 flt.s            x15, f10, f15       x15=00000000 f10:400f7db2 f15:3fc90fdb
13965362ns          236861 1c0087aa 02079563 bne              x15, x0, 42         x15:00000000
13965381ns          236862 1c0087ac 1c0007b7 lui              x15, 0x1c000000     x15=1c000000
13965401ns          236863 1c0087b0 1007a783 lw               x15, 256(x15)       x15=40490fdb x15:1c000000  PA:1c000100
13965759ns          236881 1c0087b4 a0f51753 flt.s            x14, f10, f15       x14=00000001 f10:400f7db2 f15:40490fdb
13965779ns          236882 1c0087b8 06071f63 bne              x14, x0, 126        x14:00000001
13965859ns          236886 1c008836 08a7f553 fsub.s           f10, f15, f10       f10=xxxxxxxx f15:40490fdb f10:400f7db2
13965879ns          236887 1c00883a 10a57553 fmul.s           f10, f10, f10       f10=xxxxxxxx f10:3f6648a4 f10:3f6648a4
13965899ns          236888 1c00883e 1c0007b7 lui              x15, 0x1c000000     x15=1c000000
13965919ns          236889 1c008842 1c000737 lui              x14, 0x1c000000     x14=1c000000
13965938ns          236890 1c008846 13472703 lw               x14, 308(x14)       x14=bab59551 x14:1c000000  PA:1c000134
13966237ns          236905 1c00884a 1307a783 lw               x15, 304(x15)       x15=37c23ab1 x15:1c000000  PA:1c000130
13966555ns          236921 1c00884e 70f577c3 fmadd.s          f15, f10, f15, f14  f15=xxxxxxxx f10:3f4f269b f15:37c23ab1 f14:bab59551
13966575ns          236922 1c008852 1c000737 lui              x14, 0x1c000000     x14=1c000000
13966595ns          236923 1c008856 13872703 lw               x14, 312(x14)       x14=3d2aa76f x14:1c000000  PA:1c000138
13966913ns          236939 1c00885a 70f577c3 fmadd.s          f15, f10, f15, f14  f15=xxxxxxxx f10:3f4f269b f15:bab320a6 f14:3d2aa76f
13966933ns          236940 1c00885e 1c000737 lui              x14, 0x1c000000     x14=1c000000
13966953ns          236941 1c008862 13c72703 lw               x14, 316(x14)       x14=beffffe0 x14:1c000000  PA:1c00013c
13967271ns          236957 1c008866 70f577c3 fmadd.s          f15, f10, f15, f14  f15=xxxxxxxx f10:3f4f269b f15:3d261fdc f14:beffffe0
13967291ns          236958 1c00886a 1c000737 lui              x14, 0x1c000000     x14=1c000000
13967311ns          236959 1c00886e 16872703 lw               x14, 360(x14)       x14=3f7fffff x14:1c000000  PA:1c000168
13967629ns          236975 1c008872 70f57543 fmadd.s          f10, f10, f15, f14  f10=xxxxxxxx f10:3f4f269b f15:beef3246 f14:3f7fffff
13967649ns          236976 1c008876 20a51553 fsgnjn.s         f10, f10, f10       f10=xxxxxxxx f10:3f1f3923 f10:3f1f3923
13967669ns          236977 1c00887a 00008067 jalr             x0, x1, 0            x1:1c0081de
13967729ns          236980 1c0081de 016a7a53 fadd.s           f20, f20, f22       f20=xxxxxxxx f20:407405a0 f22:3eaaa273
13967748ns          236981 1c0081e2 10acf553 fmul.s           f10, f25, f10       f10=xxxxxxxx f25:3f800000 f10:bf1f3923
13967768ns          236982 1c0081e6 a14a97d3 flt.s            x15, f21, f20       x15=00000000 f21:40c90fdb f20:4084acf7
13967788ns          236983 1c0081ea 00a4222b p.sw             x10, 4(x8!)          x8=100015b8 x10:bf1f3923  x8:100015b4  PA:100015b4
13967808ns          236984 1c0081ee 00078363 beq              x15, x0, 6          x15:00000000
13967868ns          236987 1c0081f4 ff7412e3 bne              x8, x23, -28         x8:100015b8 x23:100017c8
13967927ns          236990 1c0081d8 094c7553 fsub.s           f10, f24, f20       f10=xxxxxxxx f24:3fc90fdb f20:4084acf7
13967947ns          236991 1c0081dc 57c000ef jal              x1, 1404             x1=1c0081de
13967987ns          236993 1c008758 a0a527d3 feq.s            x15, f10, f10       x15=00000001 f10:c024d200 f10:c024d200
13968007ns          236994 1c00875c 0a078b63 beq              x15, x0, 182        x15:00000001
13968027ns          236995 1c00875e e00517d3 fclass.s         x15, f10            x15=00000002 f10:c024d200
13968047ns          236996 1c008762 0817f793 andi             x15, x15, 129       x15=00000000 x15:00000002
13968067ns          236997 1c008766 0a079663 bne              x15, x0, 172        x15:00000000
13968087ns          236998 1c008768 00000793 addi             x15, x0, 0          x15=00000000
13968106ns          236999 1c00876c a0f517d3 flt.s            x15, f10, f15       x15=00000001 f10:c024d200 f15:00000000
13968126ns          237000 1c008770 0a079663 bne              x15, x0, 172        x15:00000001
13968186ns          237003 1c00881c 1c0007b7 lui              x15, 0x1c000000     x15=1c000000
13968206ns          237004 1c008820 12c7a783 lw               x15, 300(x15)       x15=c0c90fdb x15:1c000000  PA:1c00012c
13968524ns          237020 1c008824 a0f517d3 flt.s            x15, f10, f15       x15=00000000 f10:c024d200 f15:c0c90fdb
13968544ns          237021 1c008828 00078463 beq              x15, x0, 8          x15:00000000
13968604ns          237024 1c008830 20a51553 fsgnjn.s         f10, f10, f10       f10=xxxxxxxx f10:c024d200 f10:c024d200
13968624ns          237025 1c008834 f6bff06f jal              x0, -150           
13968683ns          237028 1c00879e 1c0007b7 lui              x15, 0x1c000000     x15=1c000000
13968703ns          237029 1c0087a2 01c7a783 lw               x15, 28(x15)        x15=3fc90fdb x15:1c000000  PA:1c00001c
13969021ns          237045 1c0087a6 a0f517d3 flt.s            x15, f10, f15       x15=00000000 f10:4024d200 f15:3fc90fdb
13969041ns          237046 1c0087aa 02079563 bne              x15, x0, 42         x15:00000000
13969061ns          237047 1c0087ac 1c0007b7 lui              x15, 0x1c000000     x15=1c000000
13969081ns          237048 1c0087b0 1007a783 lw               x15, 256(x15)       x15=40490fdb x15:1c000000  PA:1c000100
13969399ns          237064 1c0087b4 a0f51753 flt.s            x14, f10, f15       x14=00000001 f10:4024d200 f15:40490fdb
13969419ns          237065 1c0087b8 06071f63 bne              x14, x0, 126        x14:00000001
13969499ns          237069 1c008836 08a7f553 fsub.s           f10, f15, f10       f10=xxxxxxxx f15:40490fdb f10:4024d200
13969519ns          237070 1c00883a 10a57553 fmul.s           f10, f10, f10       f10=xxxxxxxx f10:3f10f76c f10:3f10f76c
13969539ns          237071 1c00883e 1c0007b7 lui              x15, 0x1c000000     x15=1c000000
13969559ns          237072 1c008842 1c000737 lui              x14, 0x1c000000     x14=1c000000
13969578ns          237073 1c008846 13472703 lw               x14, 308(x14)       x14=bab59551 x14:1c000000  PA:1c000134
13969877ns          237088 1c00884a 1307a783 lw               x15, 304(x15)       x15=37c23ab1 x15:1c000000  PA:1c000130
13970195ns          237104 1c00884e 70f577c3 fmadd.s          f15, f10, f15, f14  f15=xxxxxxxx f10:3ea42e91 f15:37c23ab1 f14:bab59551
13970215ns          237105 1c008852 1c000737 lui              x14, 0x1c000000     x14=1c000000
13970235ns          237106 1c008856 13872703 lw               x14, 312(x14)       x14=3d2aa76f x14:1c000000  PA:1c000138
13970553ns          237122 1c00885a 70f577c3 fmadd.s          f15, f10, f15, f14  f15=xxxxxxxx f10:3ea42e91 f15:bab49c2f f14:3d2aa76f
13970573ns          237123 1c00885e 1c000737 lui              x14, 0x1c000000     x14=1c000000
13970593ns          237124 1c008862 13c72703 lw               x14, 316(x14)       x14=beffffe0 x14:1c000000  PA:1c00013c
13970951ns          237142 1c008866 70f577c3 fmadd.s          f15, f10, f15, f14  f15=xxxxxxxx f10:3ea42e91 f15:3d28d81b f14:beffffe0
13970971ns          237143 1c00886a 1c000737 lui              x14, 0x1c000000     x14=1c000000
13970991ns          237144 1c00886e 16872703 lw               x14, 360(x14)       x14=3f7fffff x14:1c000000  PA:1c000168
13971309ns          237160 1c008872 70f57543 fmadd.s          f10, f10, f15, f14  f10=xxxxxxxx f10:3ea42e91 f15:bef93b4e f14:3f7fffff
13971329ns          237161 1c008876 20a51553 fsgnjn.s         f10, f10, f10       f10=xxxxxxxx f10:3f580a2a f10:3f580a2a
13971349ns          237162 1c00887a 00008067 jalr             x0, x1, 0            x1:1c0081de
13971408ns          237165 1c0081de 016a7a53 fadd.s           f20, f20, f22       f20=xxxxxxxx f20:4084acf7 f22:3eaaa273
13971428ns          237166 1c0081e2 10acf553 fmul.s           f10, f25, f10       f10=xxxxxxxx f25:3f800000 f10:bf580a2a
13971448ns          237167 1c0081e6 a14a97d3 flt.s            x15, f21, f20       x15=00000000 f21:40c90fdb f20:408f571e
13971468ns          237168 1c0081ea 00a4222b p.sw             x10, 4(x8!)          x8=100015bc x10:bf580a2a  x8:100015b8  PA:100015b8
13971488ns          237169 1c0081ee 00078363 beq              x15, x0, 6          x15:00000000
13971548ns          237172 1c0081f4 ff7412e3 bne              x8, x23, -28         x8:100015bc x23:100017c8
13971607ns          237175 1c0081d8 094c7553 fsub.s           f10, f24, f20       f10=xxxxxxxx f24:3fc90fdb f20:408f571e
13971627ns          237176 1c0081dc 57c000ef jal              x1, 1404             x1=1c0081de
13971667ns          237178 1c008758 a0a527d3 feq.s            x15, f10, f10       x15=00000001 f10:c03a264e f10:c03a264e
13971687ns          237179 1c00875c 0a078b63 beq              x15, x0, 182        x15:00000001
13971707ns          237180 1c00875e e00517d3 fclass.s         x15, f10            x15=00000002 f10:c03a264e
13971727ns          237181 1c008762 0817f793 andi             x15, x15, 129       x15=00000000 x15:00000002
13971747ns          237182 1c008766 0a079663 bne              x15, x0, 172        x15:00000000
13971766ns          237183 1c008768 00000793 addi             x15, x0, 0          x15=00000000
13971786ns          237184 1c00876c a0f517d3 flt.s            x15, f10, f15       x15=00000001 f10:c03a264e f15:00000000
13971806ns          237185 1c008770 0a079663 bne              x15, x0, 172        x15:00000001
13971866ns          237188 1c00881c 1c0007b7 lui              x15, 0x1c000000     x15=1c000000
13971886ns          237189 1c008820 12c7a783 lw               x15, 300(x15)       x15=c0c90fdb x15:1c000000  PA:1c00012c
13972204ns          237205 1c008824 a0f517d3 flt.s            x15, f10, f15       x15=00000000 f10:c03a264e f15:c0c90fdb
13972224ns          237206 1c008828 00078463 beq              x15, x0, 8          x15:00000000
13972284ns          237209 1c008830 20a51553 fsgnjn.s         f10, f10, f10       f10=xxxxxxxx f10:c03a264e f10:c03a264e
13972303ns          237210 1c008834 f6bff06f jal              x0, -150           
13972363ns          237213 1c00879e 1c0007b7 lui              x15, 0x1c000000     x15=1c000000
13972383ns          237214 1c0087a2 01c7a783 lw               x15, 28(x15)        x15=3fc90fdb x15:1c000000  PA:1c00001c
13972721ns          237231 1c0087a6 a0f517d3 flt.s            x15, f10, f15       x15=00000000 f10:403a264e f15:3fc90fdb
13972741ns          237232 1c0087aa 02079563 bne              x15, x0, 42         x15:00000000
13972761ns          237233 1c0087ac 1c0007b7 lui              x15, 0x1c000000     x15=1c000000
13972781ns          237234 1c0087b0 1007a783 lw               x15, 256(x15)       x15=40490fdb x15:1c000000  PA:1c000100
13973119ns          237251 1c0087b4 a0f51753 flt.s            x14, f10, f15       x14=00000001 f10:403a264e f15:40490fdb
13973139ns          237252 1c0087b8 06071f63 bne              x14, x0, 126        x14:00000001
13973218ns          237256 1c008836 08a7f553 fsub.s           f10, f15, f10       f10=xxxxxxxx f15:40490fdb f10:403a264e
13973238ns          237257 1c00883a 10a57553 fmul.s           f10, f10, f10       f10=xxxxxxxx f10:3e6e98d0 f10:3e6e98d0
13973258ns          237258 1c00883e 1c0007b7 lui              x15, 0x1c000000     x15=1c000000
13973278ns          237259 1c008842 1c000737 lui              x14, 0x1c000000     x14=1c000000
13973298ns          237260 1c008846 13472703 lw               x14, 308(x14)       x14=bab59551 x14:1c000000  PA:1c000134
13973636ns          237277 1c00884a 1307a783 lw               x15, 304(x15)       x15=37c23ab1 x15:1c000000  PA:1c000130
13973954ns          237293 1c00884e 70f577c3 fmadd.s          f15, f10, f15, f14  f15=xxxxxxxx f10:3d5e607e f15:37c23ab1 f14:bab59551
13973974ns          237294 1c008852 1c000737 lui              x14, 0x1c000000     x14=1c000000
13973994ns          237295 1c008856 13872703 lw               x14, 312(x14)       x14=3d2aa76f x14:1c000000  PA:1c000138
13974312ns          237311 1c00885a 70f577c3 fmadd.s          f15, f10, f15, f14  f15=xxxxxxxx f10:3d5e607e f15:bab56b23 f14:3d2aa76f
13974332ns          237312 1c00885e 1c000737 lui              x14, 0x1c000000     x14=1c000000
13974352ns          237313 1c008862 13c72703 lw               x14, 316(x14)       x14=beffffe0 x14:1c000000  PA:1c00013c
13974670ns          237329 1c008866 70f577c3 fmadd.s          f15, f10, f15, f14  f15=xxxxxxxx f10:3d5e607e f15:3d2a58a3 f14:beffffe0
13974690ns          237330 1c00886a 1c000737 lui              x14, 0x1c000000     x14=1c000000
13974710ns          237331 1c00886e 16872703 lw               x14, 360(x14)       x14=3f7fffff x14:1c000000  PA:1c000168
13975048ns          237348 1c008872 70f57543 fmadd.s          f10, f10, f15, f14  f10=xxxxxxxx f10:3d5e607e f15:befed7ee f14:3f7fffff
13975068ns          237349 1c008876 20a51553 fsgnjn.s         f10, f10, f10       f10=xxxxxxxx f10:3f791505 f10:3f791505
13975088ns          237350 1c00887a 00008067 jalr             x0, x1, 0            x1:1c0081de
13975148ns          237353 1c0081de 016a7a53 fadd.s           f20, f20, f22       f20=xxxxxxxx f20:408f571e f22:3eaaa273
13975168ns          237354 1c0081e2 10acf553 fmul.s           f10, f25, f10       f10=xxxxxxxx f25:3f800000 f10:bf791505
13975188ns          237355 1c0081e6 a14a97d3 flt.s            x15, f21, f20       x15=00000000 f21:40c90fdb f20:409a0145
13975207ns          237356 1c0081ea 00a4222b p.sw             x10, 4(x8!)          x8=100015c0 x10:bf791505  x8:100015bc  PA:100015bc
13975227ns          237357 1c0081ee 00078363 beq              x15, x0, 6          x15:00000000
13975287ns          237360 1c0081f4 ff7412e3 bne              x8, x23, -28         x8:100015c0 x23:100017c8
13975347ns          237363 1c0081d8 094c7553 fsub.s           f10, f24, f20       f10=xxxxxxxx f24:3fc90fdb f20:409a0145
13975367ns          237364 1c0081dc 57c000ef jal              x1, 1404             x1=1c0081de
13975406ns          237366 1c008758 a0a527d3 feq.s            x15, f10, f10       x15=00000001 f10:c04f7a9c f10:c04f7a9c
13975426ns          237367 1c00875c 0a078b63 beq              x15, x0, 182        x15:00000001
13975446ns          237368 1c00875e e00517d3 fclass.s         x15, f10            x15=00000002 f10:c04f7a9c
13975466ns          237369 1c008762 0817f793 andi             x15, x15, 129       x15=00000000 x15:00000002
13975486ns          237370 1c008766 0a079663 bne              x15, x0, 172        x15:00000000
13975506ns          237371 1c008768 00000793 addi             x15, x0, 0          x15=00000000
13975526ns          237372 1c00876c a0f517d3 flt.s            x15, f10, f15       x15=00000001 f10:c04f7a9c f15:00000000
13975546ns          237373 1c008770 0a079663 bne              x15, x0, 172        x15:00000001
13975605ns          237376 1c00881c 1c0007b7 lui              x15, 0x1c000000     x15=1c000000
13975625ns          237377 1c008820 12c7a783 lw               x15, 300(x15)       x15=c0c90fdb x15:1c000000  PA:1c00012c
13975943ns          237393 1c008824 a0f517d3 flt.s            x15, f10, f15       x15=00000000 f10:c04f7a9c f15:c0c90fdb
13975963ns          237394 1c008828 00078463 beq              x15, x0, 8          x15:00000000
13976023ns          237397 1c008830 20a51553 fsgnjn.s         f10, f10, f10       f10=xxxxxxxx f10:c04f7a9c f10:c04f7a9c
13976043ns          237398 1c008834 f6bff06f jal              x0, -150           
13976103ns          237401 1c00879e 1c0007b7 lui              x15, 0x1c000000     x15=1c000000
13976122ns          237402 1c0087a2 01c7a783 lw               x15, 28(x15)        x15=3fc90fdb x15:1c000000  PA:1c00001c
13976441ns          237418 1c0087a6 a0f517d3 flt.s            x15, f10, f15       x15=00000000 f10:404f7a9c f15:3fc90fdb
13976461ns          237419 1c0087aa 02079563 bne              x15, x0, 42         x15:00000000
13976481ns          237420 1c0087ac 1c0007b7 lui              x15, 0x1c000000     x15=1c000000
13976500ns          237421 1c0087b0 1007a783 lw               x15, 256(x15)       x15=40490fdb x15:1c000000  PA:1c000100
13976819ns          237437 1c0087b4 a0f51753 flt.s            x14, f10, f15       x14=00000000 f10:404f7a9c f15:40490fdb
13976839ns          237438 1c0087b8 06071f63 bne              x14, x0, 126        x14:00000000
13976858ns          237439 1c0087ba 1c000737 lui              x14, 0x1c000000     x14=1c000000
13976878ns          237440 1c0087be 14072703 lw               x14, 320(x14)       x14=4096cbe4 x14:1c000000  PA:1c000140
13977197ns          237456 1c0087c2 a0e51753 flt.s            x14, f10, f14       x14=00000001 f10:404f7a9c f14:4096cbe4
13977216ns          237457 1c0087c6 0a071b63 bne              x14, x0, 182        x14:00000001
13977276ns          237460 1c00887c 08f57553 fsub.s           f10, f10, f15       f10=xxxxxxxx f10:404f7a9c f15:40490fdb
13977296ns          237461 1c008880 fbbff06f jal              x0, -70            
13977356ns          237464 1c00883a 10a57553 fmul.s           f10, f10, f10       f10=xxxxxxxx f10:3dcd5820 f10:3dcd5820
13977376ns          237465 1c00883e 1c0007b7 lui              x15, 0x1c000000     x15=1c000000
13977395ns          237466 1c008842 1c000737 lui              x14, 0x1c000000     x14=1c000000
13977415ns          237467 1c008846 13472703 lw               x14, 308(x14)       x14=bab59551 x14:1c000000  PA:1c000134
13977714ns          237482 1c00884a 1307a783 lw               x15, 304(x15)       x15=37c23ab1 x15:1c000000  PA:1c000130
13978032ns          237498 1c00884e 70f577c3 fmadd.s          f15, f10, f15, f14  f15=xxxxxxxx f10:3c24b642 f15:37c23ab1 f14:bab59551
13978052ns          237499 1c008852 1c000737 lui              x14, 0x1c000000     x14=1c000000
13978072ns          237500 1c008856 13872703 lw               x14, 312(x14)       x14=3d2aa76f x14:1c000000  PA:1c000138
13978410ns          237517 1c00885a 70f577c3 fmadd.s          f15, f10, f15, f14  f15=xxxxxxxx f10:3c24b642 f15:bab58d82 f14:3d2aa76f
13978430ns          237518 1c00885e 1c000737 lui              x14, 0x1c000000     x14=1c000000
13978450ns          237519 1c008862 13c72703 lw               x14, 316(x14)       x14=beffffe0 x14:1c000000  PA:1c00013c
13978768ns          237535 1c008866 70f577c3 fmadd.s          f15, f10, f15, f14  f15=xxxxxxxx f10:3c24b642 f15:3d2a98d5 f14:beffffe0
13978788ns          237536 1c00886a 1c000737 lui              x14, 0x1c000000     x14=1c000000
13978808ns          237537 1c00886e 16872703 lw               x14, 360(x14)       x14=3f7fffff x14:1c000000  PA:1c000168
13979146ns          237554 1c008872 70f57543 fmadd.s          f10, f10, f15, f14  f10=xxxxxxxx f10:3c24b642 f15:beffc8fe f14:3f7fffff
13979166ns          237555 1c008876 20a51553 fsgnjn.s         f10, f10, f10       f10=xxxxxxxx f10:3f7eb6d9 f10:3f7eb6d9
13979186ns          237556 1c00887a 00008067 jalr             x0, x1, 0            x1:1c0081de
13979245ns          237559 1c0081de 016a7a53 fadd.s           f20, f20, f22       f20=xxxxxxxx f20:409a0145 f22:3eaaa273
13979265ns          237560 1c0081e2 10acf553 fmul.s           f10, f25, f10       f10=xxxxxxxx f25:3f800000 f10:bf7eb6d9
13979285ns          237561 1c0081e6 a14a97d3 flt.s            x15, f21, f20       x15=00000000 f21:40c90fdb f20:40a4ab6c
13979305ns          237562 1c0081ea 00a4222b p.sw             x10, 4(x8!)          x8=100015c4 x10:bf7eb6d9  x8:100015c0  PA:100015c0
13979325ns          237563 1c0081ee 00078363 beq              x15, x0, 6          x15:00000000
13979385ns          237566 1c0081f4 ff7412e3 bne              x8, x23, -28         x8:100015c4 x23:100017c8
13979444ns          237569 1c0081d8 094c7553 fsub.s           f10, f24, f20       f10=xxxxxxxx f24:3fc90fdb f20:40a4ab6c
13979464ns          237570 1c0081dc 57c000ef jal              x1, 1404             x1=1c0081de
13979504ns          237572 1c008758 a0a527d3 feq.s            x15, f10, f10       x15=00000001 f10:c064ceea f10:c064ceea
13979524ns          237573 1c00875c 0a078b63 beq              x15, x0, 182        x15:00000001
13979544ns          237574 1c00875e e00517d3 fclass.s         x15, f10            x15=00000002 f10:c064ceea
13979564ns          237575 1c008762 0817f793 andi             x15, x15, 129       x15=00000000 x15:00000002
13979583ns          237576 1c008766 0a079663 bne              x15, x0, 172        x15:00000000
13979603ns          237577 1c008768 00000793 addi             x15, x0, 0          x15=00000000
13979623ns          237578 1c00876c a0f517d3 flt.s            x15, f10, f15       x15=00000001 f10:c064ceea f15:00000000
13979643ns          237579 1c008770 0a079663 bne              x15, x0, 172        x15:00000001
13979703ns          237582 1c00881c 1c0007b7 lui              x15, 0x1c000000     x15=1c000000
13979723ns          237583 1c008820 12c7a783 lw               x15, 300(x15)       x15=c0c90fdb x15:1c000000  PA:1c00012c
13980041ns          237599 1c008824 a0f517d3 flt.s            x15, f10, f15       x15=00000000 f10:c064ceea f15:c0c90fdb
13980061ns          237600 1c008828 00078463 beq              x15, x0, 8          x15:00000000
13980121ns          237603 1c008830 20a51553 fsgnjn.s         f10, f10, f10       f10=xxxxxxxx f10:c064ceea f10:c064ceea
13980140ns          237604 1c008834 f6bff06f jal              x0, -150           
13980200ns          237607 1c00879e 1c0007b7 lui              x15, 0x1c000000     x15=1c000000
13980220ns          237608 1c0087a2 01c7a783 lw               x15, 28(x15)        x15=3fc90fdb x15:1c000000  PA:1c00001c
13980538ns          237624 1c0087a6 a0f517d3 flt.s            x15, f10, f15       x15=00000000 f10:4064ceea f15:3fc90fdb
13980558ns          237625 1c0087aa 02079563 bne              x15, x0, 42         x15:00000000
13980578ns          237626 1c0087ac 1c0007b7 lui              x15, 0x1c000000     x15=1c000000
13980598ns          237627 1c0087b0 1007a783 lw               x15, 256(x15)       x15=40490fdb x15:1c000000  PA:1c000100
13980916ns          237643 1c0087b4 a0f51753 flt.s            x14, f10, f15       x14=00000000 f10:4064ceea f15:40490fdb
13980936ns          237644 1c0087b8 06071f63 bne              x14, x0, 126        x14:00000000
13980956ns          237645 1c0087ba 1c000737 lui              x14, 0x1c000000     x14=1c000000
13980976ns          237646 1c0087be 14072703 lw               x14, 320(x14)       x14=4096cbe4 x14:1c000000  PA:1c000140
13981294ns          237662 1c0087c2 a0e51753 flt.s            x14, f10, f14       x14=00000001 f10:4064ceea f14:4096cbe4
13981314ns          237663 1c0087c6 0a071b63 bne              x14, x0, 182        x14:00000001
13981374ns          237666 1c00887c 08f57553 fsub.s           f10, f10, f15       f10=xxxxxxxx f10:4064ceea f15:40490fdb
13981394ns          237667 1c008880 fbbff06f jal              x0, -70            
13981453ns          237670 1c00883a 10a57553 fmul.s           f10, f10, f10       f10=xxxxxxxx f10:3eddf878 f10:3eddf878
13981473ns          237671 1c00883e 1c0007b7 lui              x15, 0x1c000000     x15=1c000000
13981493ns          237672 1c008842 1c000737 lui              x14, 0x1c000000     x14=1c000000
13981513ns          237673 1c008846 13472703 lw               x14, 308(x14)       x14=bab59551 x14:1c000000  PA:1c000134
13981811ns          237688 1c00884a 1307a783 lw               x15, 304(x15)       x15=37c23ab1 x15:1c000000  PA:1c000130
13982129ns          237704 1c00884e 70f577c3 fmadd.s          f15, f10, f15, f14  f15=xxxxxxxx f10:3e4076f0 f15:37c23ab1 f14:bab59551
13982149ns          237705 1c008852 1c000737 lui              x14, 0x1c000000     x14=1c000000
13982169ns          237706 1c008856 13872703 lw               x14, 312(x14)       x14=3d2aa76f x14:1c000000  PA:1c000138
13982488ns          237722 1c00885a 70f577c3 fmadd.s          f15, f10, f15, f14  f15=xxxxxxxx f10:3e4076f0 f15:bab5034b f14:3d2aa76f
13982507ns          237723 1c00885e 1c000737 lui              x14, 0x1c000000     x14=1c000000
13982527ns          237724 1c008862 13c72703 lw               x14, 316(x14)       x14=beffffe0 x14:1c000000  PA:1c00013c
13982846ns          237740 1c008866 70f577c3 fmadd.s          f15, f10, f15, f14  f15=xxxxxxxx f10:3e4076f0 f15:3d299742 f14:beffffe0
13982865ns          237741 1c00886a 1c000737 lui              x14, 0x1c000000     x14=1c000000
13982885ns          237742 1c00886e 16872703 lw               x14, 360(x14)       x14=3f7fffff x14:1c000000  PA:1c000168
13983204ns          237758 1c008872 70f57543 fmadd.s          f10, f10, f15, f14  f10=xxxxxxxx f10:3e4076f0 f15:befc03de f14:3f7fffff
13983223ns          237759 1c008876 20a51553 fsgnjn.s         f10, f10, f10       f10=xxxxxxxx f10:3f6850ff f10:3f6850ff
13983243ns          237760 1c00887a 00008067 jalr             x0, x1, 0            x1:1c0081de
13983303ns          237763 1c0081de 016a7a53 fadd.s           f20, f20, f22       f20=xxxxxxxx f20:40a4ab6c f22:3eaaa273
13983323ns          237764 1c0081e2 10acf553 fmul.s           f10, f25, f10       f10=xxxxxxxx f25:3f800000 f10:bf6850ff
13983343ns          237765 1c0081e6 a14a97d3 flt.s            x15, f21, f20       x15=00000000 f21:40c90fdb f20:40af5593
13983363ns          237766 1c0081ea 00a4222b p.sw             x10, 4(x8!)          x8=100015c8 x10:bf6850ff  x8:100015c4  PA:100015c4
13983383ns          237767 1c0081ee 00078363 beq              x15, x0, 6          x15:00000000
13983442ns          237770 1c0081f4 ff7412e3 bne              x8, x23, -28         x8:100015c8 x23:100017c8
13983502ns          237773 1c0081d8 094c7553 fsub.s           f10, f24, f20       f10=xxxxxxxx f24:3fc90fdb f20:40af5593
13983522ns          237774 1c0081dc 57c000ef jal              x1, 1404             x1=1c0081de
13983562ns          237776 1c008758 a0a527d3 feq.s            x15, f10, f10       x15=00000001 f10:c07a2338 f10:c07a2338
13983582ns          237777 1c00875c 0a078b63 beq              x15, x0, 182        x15:00000001
13983601ns          237778 1c00875e e00517d3 fclass.s         x15, f10            x15=00000002 f10:c07a2338
13983621ns          237779 1c008762 0817f793 andi             x15, x15, 129       x15=00000000 x15:00000002
13983641ns          237780 1c008766 0a079663 bne              x15, x0, 172        x15:00000000
13983661ns          237781 1c008768 00000793 addi             x15, x0, 0          x15=00000000
13983681ns          237782 1c00876c a0f517d3 flt.s            x15, f10, f15       x15=00000001 f10:c07a2338 f15:00000000
13983701ns          237783 1c008770 0a079663 bne              x15, x0, 172        x15:00000001
13983761ns          237786 1c00881c 1c0007b7 lui              x15, 0x1c000000     x15=1c000000
13983780ns          237787 1c008820 12c7a783 lw               x15, 300(x15)       x15=c0c90fdb x15:1c000000  PA:1c00012c
13984099ns          237803 1c008824 a0f517d3 flt.s            x15, f10, f15       x15=00000000 f10:c07a2338 f15:c0c90fdb
13984119ns          237804 1c008828 00078463 beq              x15, x0, 8          x15:00000000
13984178ns          237807 1c008830 20a51553 fsgnjn.s         f10, f10, f10       f10=xxxxxxxx f10:c07a2338 f10:c07a2338
13984198ns          237808 1c008834 f6bff06f jal              x0, -150           
13984258ns          237811 1c00879e 1c0007b7 lui              x15, 0x1c000000     x15=1c000000
13984278ns          237812 1c0087a2 01c7a783 lw               x15, 28(x15)        x15=3fc90fdb x15:1c000000  PA:1c00001c
13984596ns          237828 1c0087a6 a0f517d3 flt.s            x15, f10, f15       x15=00000000 f10:407a2338 f15:3fc90fdb
13984616ns          237829 1c0087aa 02079563 bne              x15, x0, 42         x15:00000000
13984636ns          237830 1c0087ac 1c0007b7 lui              x15, 0x1c000000     x15=1c000000
13984656ns          237831 1c0087b0 1007a783 lw               x15, 256(x15)       x15=40490fdb x15:1c000000  PA:1c000100
13984974ns          237847 1c0087b4 a0f51753 flt.s            x14, f10, f15       x14=00000000 f10:407a2338 f15:40490fdb
13984994ns          237848 1c0087b8 06071f63 bne              x14, x0, 126        x14:00000000
13985014ns          237849 1c0087ba 1c000737 lui              x14, 0x1c000000     x14=1c000000
13985034ns          237850 1c0087be 14072703 lw               x14, 320(x14)       x14=4096cbe4 x14:1c000000  PA:1c000140
13985352ns          237866 1c0087c2 a0e51753 flt.s            x14, f10, f14       x14=00000001 f10:407a2338 f14:4096cbe4
13985372ns          237867 1c0087c6 0a071b63 bne              x14, x0, 182        x14:00000001
13985431ns          237870 1c00887c 08f57553 fsub.s           f10, f10, f15       f10=xxxxxxxx f10:407a2338 f15:40490fdb
13985451ns          237871 1c008880 fbbff06f jal              x0, -70            
13985511ns          237874 1c00883a 10a57553 fmul.s           f10, f10, f10       f10=xxxxxxxx f10:3f444d74 f10:3f444d74
13985531ns          237875 1c00883e 1c0007b7 lui              x15, 0x1c000000     x15=1c000000
13985551ns          237876 1c008842 1c000737 lui              x14, 0x1c000000     x14=1c000000
13985571ns          237877 1c008846 13472703 lw               x14, 308(x14)       x14=bab59551 x14:1c000000  PA:1c000134
13985869ns          237892 1c00884a 1307a783 lw               x15, 304(x15)       x15=37c23ab1 x15:1c000000  PA:1c000130
13986187ns          237908 1c00884e 70f577c3 fmadd.s          f15, f10, f15, f14  f15=xxxxxxxx f10:3f1686b1 f15:37c23ab1 f14:bab59551
13986207ns          237909 1c008852 1c000737 lui              x14, 0x1c000000     x14=1c000000
13986227ns          237910 1c008856 13872703 lw               x14, 312(x14)       x14=3d2aa76f x14:1c000000  PA:1c000138
13986565ns          237927 1c00885a 70f577c3 fmadd.s          f15, f10, f15, f14  f15=xxxxxxxx f10:3f1686b1 f15:bab3cc7f f14:3d2aa76f
13986585ns          237928 1c00885e 1c000737 lui              x14, 0x1c000000     x14=1c000000
13986605ns          237929 1c008862 13c72703 lw               x14, 316(x14)       x14=beffffe0 x14:1c000000  PA:1c00013c
13986943ns          237946 1c008866 70f577c3 fmadd.s          f15, f10, f15, f14  f15=xxxxxxxx f10:3f1686b1 f15:3d2759ac f14:beffffe0
13986963ns          237947 1c00886a 1c000737 lui              x14, 0x1c000000     x14=1c000000
13986983ns          237948 1c00886e 16872703 lw               x14, 360(x14)       x14=3f7fffff x14:1c000000  PA:1c000168
13987301ns          237964 1c008872 70f57543 fmadd.s          f10, f10, f15, f14  f10=xxxxxxxx f10:3f1686b1 f15:bef3b30d f14:3f7fffff
13987321ns          237965 1c008876 20a51553 fsgnjn.s         f10, f10, f10       f10=xxxxxxxx f10:3f385a6e f10:3f385a6e
13987341ns          237966 1c00887a 00008067 jalr             x0, x1, 0            x1:1c0081de
13987401ns          237969 1c0081de 016a7a53 fadd.s           f20, f20, f22       f20=xxxxxxxx f20:40af5593 f22:3eaaa273
13987420ns          237970 1c0081e2 10acf553 fmul.s           f10, f25, f10       f10=xxxxxxxx f25:3f800000 f10:bf385a6e
13987440ns          237971 1c0081e6 a14a97d3 flt.s            x15, f21, f20       x15=00000000 f21:40c90fdb f20:40b9ffba
13987460ns          237972 1c0081ea 00a4222b p.sw             x10, 4(x8!)          x8=100015cc x10:bf385a6e  x8:100015c8  PA:100015c8
13987480ns          237973 1c0081ee 00078363 beq              x15, x0, 6          x15:00000000
13987540ns          237976 1c0081f4 ff7412e3 bne              x8, x23, -28         x8:100015cc x23:100017c8
13987599ns          237979 1c0081d8 094c7553 fsub.s           f10, f24, f20       f10=xxxxxxxx f24:3fc90fdb f20:40b9ffba
13987619ns          237980 1c0081dc 57c000ef jal              x1, 1404             x1=1c0081de
13987659ns          237982 1c008758 a0a527d3 feq.s            x15, f10, f10       x15=00000001 f10:c087bbc3 f10:c087bbc3
13987679ns          237983 1c00875c 0a078b63 beq              x15, x0, 182        x15:00000001
13987699ns          237984 1c00875e e00517d3 fclass.s         x15, f10            x15=00000002 f10:c087bbc3
13987719ns          237985 1c008762 0817f793 andi             x15, x15, 129       x15=00000000 x15:00000002
13987739ns          237986 1c008766 0a079663 bne              x15, x0, 172        x15:00000000
13987759ns          237987 1c008768 00000793 addi             x15, x0, 0          x15=00000000
13987778ns          237988 1c00876c a0f517d3 flt.s            x15, f10, f15       x15=00000001 f10:c087bbc3 f15:00000000
13987798ns          237989 1c008770 0a079663 bne              x15, x0, 172        x15:00000001
13987858ns          237992 1c00881c 1c0007b7 lui              x15, 0x1c000000     x15=1c000000
13987878ns          237993 1c008820 12c7a783 lw               x15, 300(x15)       x15=c0c90fdb x15:1c000000  PA:1c00012c
13988196ns          238009 1c008824 a0f517d3 flt.s            x15, f10, f15       x15=00000000 f10:c087bbc3 f15:c0c90fdb
13988216ns          238010 1c008828 00078463 beq              x15, x0, 8          x15:00000000
13988276ns          238013 1c008830 20a51553 fsgnjn.s         f10, f10, f10       f10=xxxxxxxx f10:c087bbc3 f10:c087bbc3
13988296ns          238014 1c008834 f6bff06f jal              x0, -150           
13988355ns          238017 1c00879e 1c0007b7 lui              x15, 0x1c000000     x15=1c000000
13988375ns          238018 1c0087a2 01c7a783 lw               x15, 28(x15)        x15=3fc90fdb x15:1c000000  PA:1c00001c
13988693ns          238034 1c0087a6 a0f517d3 flt.s            x15, f10, f15       x15=00000000 f10:4087bbc3 f15:3fc90fdb
13988713ns          238035 1c0087aa 02079563 bne              x15, x0, 42         x15:00000000
13988733ns          238036 1c0087ac 1c0007b7 lui              x15, 0x1c000000     x15=1c000000
13988753ns          238037 1c0087b0 1007a783 lw               x15, 256(x15)       x15=40490fdb x15:1c000000  PA:1c000100
13989071ns          238053 1c0087b4 a0f51753 flt.s            x14, f10, f15       x14=00000000 f10:4087bbc3 f15:40490fdb
13989091ns          238054 1c0087b8 06071f63 bne              x14, x0, 126        x14:00000000
13989111ns          238055 1c0087ba 1c000737 lui              x14, 0x1c000000     x14=1c000000
13989131ns          238056 1c0087be 14072703 lw               x14, 320(x14)       x14=4096cbe4 x14:1c000000  PA:1c000140
13989449ns          238072 1c0087c2 a0e51753 flt.s            x14, f10, f14       x14=00000001 f10:4087bbc3 f14:4096cbe4
13989469ns          238073 1c0087c6 0a071b63 bne              x14, x0, 182        x14:00000001
13989529ns          238076 1c00887c 08f57553 fsub.s           f10, f10, f15       f10=xxxxxxxx f10:4087bbc3 f15:40490fdb
13989549ns          238077 1c008880 fbbff06f jal              x0, -70            
13989608ns          238080 1c00883a 10a57553 fmul.s           f10, f10, f10       f10=xxxxxxxx f10:3f8ccf56 f10:3f8ccf56
13989628ns          238081 1c00883e 1c0007b7 lui              x15, 0x1c000000     x15=1c000000
13989648ns          238082 1c008842 1c000737 lui              x14, 0x1c000000     x14=1c000000
13989668ns          238083 1c008846 13472703 lw               x14, 308(x14)       x14=bab59551 x14:1c000000  PA:1c000134
13989966ns          238098 1c00884a 1307a783 lw               x15, 304(x15)       x15=37c23ab1 x15:1c000000  PA:1c000130
13990285ns          238114 1c00884e 70f577c3 fmadd.s          f15, f10, f15, f14  f15=xxxxxxxx f10:3f9ae6dc f15:37c23ab1 f14:bab59551
13990305ns          238115 1c008852 1c000737 lui              x14, 0x1c000000     x14=1c000000
13990324ns          238116 1c008856 13872703 lw               x14, 312(x14)       x14=3d2aa76f x14:1c000000  PA:1c000138
13990663ns          238133 1c00885a 70f577c3 fmadd.s          f15, f10, f15, f14  f15=xxxxxxxx f10:3f9ae6dc f15:bab1e91d f14:3d2aa76f
13990683ns          238134 1c00885e 1c000737 lui              x14, 0x1c000000     x14=1c000000
13990702ns          238135 1c008862 13c72703 lw               x14, 316(x14)       x14=beffffe0 x14:1c000000  PA:1c00013c
13991041ns          238152 1c008866 70f577c3 fmadd.s          f15, f10, f15, f14  f15=xxxxxxxx f10:3f9ae6dc f15:3d23ed04 f14:beffffe0
13991060ns          238153 1c00886a 1c000737 lui              x14, 0x1c000000     x14=1c000000
13991080ns          238154 1c00886e 16872703 lw               x14, 360(x14)       x14=3f7fffff x14:1c000000  PA:1c000168
13991399ns          238170 1c008872 70f57543 fmadd.s          f10, f10, f15, f14  f10=xxxxxxxx f10:3f9ae6dc f15:bee733c6 f14:3f7fffff
13991418ns          238171 1c008876 20a51553 fsgnjn.s         f10, f10, f10       f10=xxxxxxxx f10:3ee834b5 f10:3ee834b5
13991438ns          238172 1c00887a 00008067 jalr             x0, x1, 0            x1:1c0081de
13991498ns          238175 1c0081de 016a7a53 fadd.s           f20, f20, f22       f20=xxxxxxxx f20:40b9ffba f22:3eaaa273
13991518ns          238176 1c0081e2 10acf553 fmul.s           f10, f25, f10       f10=xxxxxxxx f25:3f800000 f10:bee834b5
13991538ns          238177 1c0081e6 a14a97d3 flt.s            x15, f21, f20       x15=00000000 f21:40c90fdb f20:40c4a9e1
13991558ns          238178 1c0081ea 00a4222b p.sw             x10, 4(x8!)          x8=100015d0 x10:bee834b5  x8:100015cc  PA:100015cc
13991578ns          238179 1c0081ee 00078363 beq              x15, x0, 6          x15:00000000
13991637ns          238182 1c0081f4 ff7412e3 bne              x8, x23, -28         x8:100015d0 x23:100017c8
13991697ns          238185 1c0081d8 094c7553 fsub.s           f10, f24, f20       f10=xxxxxxxx f24:3fc90fdb f20:40c4a9e1
13991717ns          238186 1c0081dc 57c000ef jal              x1, 1404             x1=1c0081de
13991757ns          238188 1c008758 a0a527d3 feq.s            x15, f10, f10       x15=00000001 f10:c09265ea f10:c09265ea
13991776ns          238189 1c00875c 0a078b63 beq              x15, x0, 182        x15:00000001
13991796ns          238190 1c00875e e00517d3 fclass.s         x15, f10            x15=00000002 f10:c09265ea
13991816ns          238191 1c008762 0817f793 andi             x15, x15, 129       x15=00000000 x15:00000002
13991836ns          238192 1c008766 0a079663 bne              x15, x0, 172        x15:00000000
13991856ns          238193 1c008768 00000793 addi             x15, x0, 0          x15=00000000
13991876ns          238194 1c00876c a0f517d3 flt.s            x15, f10, f15       x15=00000001 f10:c09265ea f15:00000000
13991896ns          238195 1c008770 0a079663 bne              x15, x0, 172        x15:00000001
13991956ns          238198 1c00881c 1c0007b7 lui              x15, 0x1c000000     x15=1c000000
13991975ns          238199 1c008820 12c7a783 lw               x15, 300(x15)       x15=c0c90fdb x15:1c000000  PA:1c00012c
13992314ns          238216 1c008824 a0f517d3 flt.s            x15, f10, f15       x15=00000000 f10:c09265ea f15:c0c90fdb
13992333ns          238217 1c008828 00078463 beq              x15, x0, 8          x15:00000000
13992393ns          238220 1c008830 20a51553 fsgnjn.s         f10, f10, f10       f10=xxxxxxxx f10:c09265ea f10:c09265ea
13992413ns          238221 1c008834 f6bff06f jal              x0, -150           
13992473ns          238224 1c00879e 1c0007b7 lui              x15, 0x1c000000     x15=1c000000
13992493ns          238225 1c0087a2 01c7a783 lw               x15, 28(x15)        x15=3fc90fdb x15:1c000000  PA:1c00001c
13992811ns          238241 1c0087a6 a0f517d3 flt.s            x15, f10, f15       x15=00000000 f10:409265ea f15:3fc90fdb
13992831ns          238242 1c0087aa 02079563 bne              x15, x0, 42         x15:00000000
13992851ns          238243 1c0087ac 1c0007b7 lui              x15, 0x1c000000     x15=1c000000
13992870ns          238244 1c0087b0 1007a783 lw               x15, 256(x15)       x15=40490fdb x15:1c000000  PA:1c000100
13993189ns          238260 1c0087b4 a0f51753 flt.s            x14, f10, f15       x14=00000000 f10:409265ea f15:40490fdb
13993209ns          238261 1c0087b8 06071f63 bne              x14, x0, 126        x14:00000000
13993229ns          238262 1c0087ba 1c000737 lui              x14, 0x1c000000     x14=1c000000
13993248ns          238263 1c0087be 14072703 lw               x14, 320(x14)       x14=4096cbe4 x14:1c000000  PA:1c000140
13993606ns          238281 1c0087c2 a0e51753 flt.s            x14, f10, f14       x14=00000001 f10:409265ea f14:4096cbe4
13993626ns          238282 1c0087c6 0a071b63 bne              x14, x0, 182        x14:00000001
13993686ns          238285 1c00887c 08f57553 fsub.s           f10, f10, f15       f10=xxxxxxxx f10:409265ea f15:40490fdb
13993706ns          238286 1c008880 fbbff06f jal              x0, -70            
13993766ns          238289 1c00883a 10a57553 fmul.s           f10, f10, f10       f10=xxxxxxxx f10:3fb777f2 f10:3fb777f2
13993785ns          238290 1c00883e 1c0007b7 lui              x15, 0x1c000000     x15=1c000000
13993805ns          238291 1c008842 1c000737 lui              x14, 0x1c000000     x14=1c000000
13993825ns          238292 1c008846 13472703 lw               x14, 308(x14)       x14=bab59551 x14:1c000000  PA:1c000134
13994124ns          238307 1c00884a 1307a783 lw               x15, 304(x15)       x15=37c23ab1 x15:1c000000  PA:1c000130
13994442ns          238323 1c00884e 70f577c3 fmadd.s          f15, f10, f15, f14  f15=xxxxxxxx f10:40037cb4 f15:37c23ab1 f14:bab59551
13994462ns          238324 1c008852 1c000737 lui              x14, 0x1c000000     x14=1c000000
13994482ns          238325 1c008856 13872703 lw               x14, 312(x14)       x14=3d2aa76f x14:1c000000  PA:1c000138
13994820ns          238342 1c00885a 70f577c3 fmadd.s          f15, f10, f15, f14  f15=xxxxxxxx f10:40037cb4 f15:baaf5927 f14:3d2aa76f
13994840ns          238343 1c00885e 1c000737 lui              x14, 0x1c000000     x14=1c000000
13994860ns          238344 1c008862 13c72703 lw               x14, 316(x14)       x14=beffffe0 x14:1c000000  PA:1c00013c
13995178ns          238360 1c008866 70f577c3 fmadd.s          f15, f10, f15, f14  f15=xxxxxxxx f10:40037cb4 f15:3d1f656e f14:beffffe0
13995198ns          238361 1c00886a 1c000737 lui              x14, 0x1c000000     x14=1c000000
13995218ns          238362 1c00886e 16872703 lw               x14, 360(x14)       x14=3f7fffff x14:1c000000  PA:1c000168
13995556ns          238379 1c008872 70f57543 fmadd.s          f10, f10, f15, f14  f10=xxxxxxxx f10:40037cb4 f15:bed7109a f14:3f7fffff
13995576ns          238380 1c008876 20a51553 fsgnjn.s         f10, f10, f10       f10=xxxxxxxx f10:3e0c4deb f10:3e0c4deb
13995596ns          238381 1c00887a 00008067 jalr             x0, x1, 0            x1:1c0081de
13995655ns          238384 1c0081de 016a7a53 fadd.s           f20, f20, f22       f20=xxxxxxxx f20:40c4a9e1 f22:3eaaa273
13995675ns          238385 1c0081e2 10acf553 fmul.s           f10, f25, f10       f10=xxxxxxxx f25:3f800000 f10:be0c4deb
13995695ns          238386 1c0081e6 a14a97d3 flt.s            x15, f21, f20       x15=00000001 f21:40c90fdb f20:40cf5408
13995715ns          238387 1c0081ea 00a4222b p.sw             x10, 4(x8!)          x8=100015d4 x10:be0c4deb  x8:100015d0  PA:100015d0
13995735ns          238388 1c0081ee 00078363 beq              x15, x0, 6          x15:00000001
13995755ns          238389 1c0081f0 095a7a53 fsub.s           f20, f20, f21       f20=xxxxxxxx f20:40cf5408 f21:40c90fdb
13995775ns          238390 1c0081f4 ff7412e3 bne              x8, x23, -28         x8:100015d4 x23:100017c8
13995834ns          238393 1c0081d8 094c7553 fsub.s           f10, f24, f20       f10=xxxxxxxx f24:3fc90fdb f20:3e4885a0
13995854ns          238394 1c0081dc 57c000ef jal              x1, 1404             x1=1c0081de
13995894ns          238396 1c008758 a0a527d3 feq.s            x15, f10, f10       x15=00000001 f10:3fafff27 f10:3fafff27
13995914ns          238397 1c00875c 0a078b63 beq              x15, x0, 182        x15:00000001
13995934ns          238398 1c00875e e00517d3 fclass.s         x15, f10            x15=00000040 f10:3fafff27
13995954ns          238399 1c008762 0817f793 andi             x15, x15, 129       x15=00000000 x15:00000040
13995973ns          238400 1c008766 0a079663 bne              x15, x0, 172        x15:00000000
13995993ns          238401 1c008768 00000793 addi             x15, x0, 0          x15=00000000
13996013ns          238402 1c00876c a0f517d3 flt.s            x15, f10, f15       x15=00000000 f10:3fafff27 f15:00000000
13996033ns          238403 1c008770 0a079663 bne              x15, x0, 172        x15:00000000
13996053ns          238404 1c008772 1c000737 lui              x14, 0x1c000000     x14=1c000000
13996073ns          238405 1c008776 02072783 lw               x15, 32(x14)        x15=40c90fdb x14:1c000000  PA:1c000020
13996391ns          238421 1c00877a a0a797d3 flt.s            x15, f15, f10       x15=00000000 f15:40c90fdb f10:3fafff27
13996411ns          238422 1c00877e 00078b63 beq              x15, x0, 22         x15:00000000
13996471ns          238425 1c008794 00000793 addi             x15, x0, 0          x15=00000000
13996491ns          238426 1c008798 a0f517d3 flt.s            x15, f10, f15       x15=00000000 f10:3fafff27 f15:00000000
13996510ns          238427 1c00879c 08079a63 bne              x15, x0, 148        x15:00000000
13996530ns          238428 1c00879e 1c0007b7 lui              x15, 0x1c000000     x15=1c000000
13996550ns          238429 1c0087a2 01c7a783 lw               x15, 28(x15)        x15=3fc90fdb x15:1c000000  PA:1c00001c
13996869ns          238445 1c0087a6 a0f517d3 flt.s            x15, f10, f15       x15=00000001 f10:3fafff27 f15:3fc90fdb
13996888ns          238446 1c0087aa 02079563 bne              x15, x0, 42         x15:00000001
13996948ns          238449 1c0087d4 10a57553 fmul.s           f10, f10, f10       f10=xxxxxxxx f10:3fafff27 f10:3fafff27
13996968ns          238450 1c0087d8 1c0007b7 lui              x15, 0x1c000000     x15=1c000000
13996988ns          238451 1c0087dc 1c000737 lui              x14, 0x1c000000     x14=1c000000
13997008ns          238452 1c0087e0 13472703 lw               x14, 308(x14)       x14=bab59551 x14:1c000000  PA:1c000134
13997306ns          238467 1c0087e4 1307a783 lw               x15, 304(x15)       x15=37c23ab1 x15:1c000000  PA:1c000130
13997644ns          238484 1c0087e8 70f577c3 fmadd.s          f15, f10, f15, f14  f15=xxxxxxxx f10:3ff1fdab f15:37c23ab1 f14:bab59551
13997664ns          238485 1c0087ec 1c000737 lui              x14, 0x1c000000     x14=1c000000
13997684ns          238486 1c0087f0 13872703 lw               x14, 312(x14)       x14=3d2aa76f x14:1c000000  PA:1c000138
13998002ns          238502 1c0087f4 70f577c3 fmadd.s          f15, f10, f15, f14  f15=xxxxxxxx f10:3ff1fdab f15:baafd883 f14:3d2aa76f
13998022ns          238503 1c0087f8 1c000737 lui              x14, 0x1c000000     x14=1c000000
13998042ns          238504 1c0087fc 13c72703 lw               x14, 316(x14)       x14=beffffe0 x14:1c000000  PA:1c00013c
13998360ns          238520 1c008800 70f577c3 fmadd.s          f15, f10, f15, f14  f15=xxxxxxxx f10:3ff1fdab f15:3d2043de f14:beffffe0
13998380ns          238521 1c008804 1c000737 lui              x14, 0x1c000000     x14=1c000000
13998400ns          238522 1c008808 16872703 lw               x14, 360(x14)       x14=3f7fffff x14:1c000000  PA:1c000168
13998738ns          238539 1c00880c 70f57543 fmadd.s          f10, f10, f15, f14  f10=xxxxxxxx f10:3ff1fdab f15:beda2033 f14:3f7fffff
13998758ns          238540 1c008810 00008067 jalr             x0, x1, 0            x1:1c0081de
13998818ns          238543 1c0081de 016a7a53 fadd.s           f20, f20, f22       f20=xxxxxxxx f20:3e4885a0 f22:3eaaa273
13998838ns          238544 1c0081e2 10acf553 fmul.s           f10, f25, f10       f10=xxxxxxxx f25:3f800000 f10:3e473e2e
13998858ns          238545 1c0081e6 a14a97d3 flt.s            x15, f21, f20       x15=00000000 f21:40c90fdb f20:3f0772a2
13998877ns          238546 1c0081ea 00a4222b p.sw             x10, 4(x8!)          x8=100015d8 x10:3e473e2e  x8:100015d4  PA:100015d4
13998897ns          238547 1c0081ee 00078363 beq              x15, x0, 6          x15:00000000
13998957ns          238550 1c0081f4 ff7412e3 bne              x8, x23, -28         x8:100015d8 x23:100017c8
13999017ns          238553 1c0081d8 094c7553 fsub.s           f10, f24, f20       f10=xxxxxxxx f24:3fc90fdb f20:3f0772a2
13999037ns          238554 1c0081dc 57c000ef jal              x1, 1404             x1=1c0081de
13999076ns          238556 1c008758 a0a527d3 feq.s            x15, f10, f10       x15=00000001 f10:3f85568a f10:3f85568a
13999096ns          238557 1c00875c 0a078b63 beq              x15, x0, 182        x15:00000001
13999116ns          238558 1c00875e e00517d3 fclass.s         x15, f10            x15=00000040 f10:3f85568a
13999136ns          238559 1c008762 0817f793 andi             x15, x15, 129       x15=00000000 x15:00000040
13999156ns          238560 1c008766 0a079663 bne              x15, x0, 172        x15:00000000
13999176ns          238561 1c008768 00000793 addi             x15, x0, 0          x15=00000000
13999196ns          238562 1c00876c a0f517d3 flt.s            x15, f10, f15       x15=00000000 f10:3f85568a f15:00000000
13999216ns          238563 1c008770 0a079663 bne              x15, x0, 172        x15:00000000
13999236ns          238564 1c008772 1c000737 lui              x14, 0x1c000000     x14=1c000000
13999255ns          238565 1c008776 02072783 lw               x15, 32(x14)        x15=40c90fdb x14:1c000000  PA:1c000020
13999574ns          238581 1c00877a a0a797d3 flt.s            x15, f15, f10       x15=00000000 f15:40c90fdb f10:3f85568a
13999594ns          238582 1c00877e 00078b63 beq              x15, x0, 22         x15:00000000
13999653ns          238585 1c008794 00000793 addi             x15, x0, 0          x15=00000000
13999673ns          238586 1c008798 a0f517d3 flt.s            x15, f10, f15       x15=00000000 f10:3f85568a f15:00000000
13999693ns          238587 1c00879c 08079a63 bne              x15, x0, 148        x15:00000000
13999713ns          238588 1c00879e 1c0007b7 lui              x15, 0x1c000000     x15=1c000000
13999733ns          238589 1c0087a2 01c7a783 lw               x15, 28(x15)        x15=3fc90fdb x15:1c000000  PA:1c00001c
14000051ns          238605 1c0087a6 a0f517d3 flt.s            x15, f10, f15       x15=00000001 f10:3f85568a f15:3fc90fdb
14000071ns          238606 1c0087aa 02079563 bne              x15, x0, 42         x15:00000001
14000131ns          238609 1c0087d4 10a57553 fmul.s           f10, f10, f10       f10=xxxxxxxx f10:3f85568a f10:3f85568a
14000150ns          238610 1c0087d8 1c0007b7 lui              x15, 0x1c000000     x15=1c000000
14000170ns          238611 1c0087dc 1c000737 lui              x14, 0x1c000000     x14=1c000000
14000190ns          238612 1c0087e0 13472703 lw               x14, 308(x14)       x14=bab59551 x14:1c000000  PA:1c000134
14000489ns          238627 1c0087e4 1307a783 lw               x15, 304(x15)       x15=37c23ab1 x15:1c000000  PA:1c000130
14000807ns          238643 1c0087e8 70f577c3 fmadd.s          f15, f10, f15, f14  f15=xxxxxxxx f10:3f8ae611 f15:37c23ab1 f14:bab59551
14000827ns          238644 1c0087ec 1c000737 lui              x14, 0x1c000000     x14=1c000000
14000847ns          238645 1c0087f0 13872703 lw               x14, 312(x14)       x14=3d2aa76f x14:1c000000  PA:1c000138
14001165ns          238661 1c0087f4 70f577c3 fmadd.s          f15, f10, f15, f14  f15=xxxxxxxx f10:3f8ae611 f15:bab24a3f f14:3d2aa76f
14001185ns          238662 1c0087f8 1c000737 lui              x14, 0x1c000000     x14=1c000000
14001205ns          238663 1c0087fc 13c72703 lw               x14, 316(x14)       x14=beffffe0 x14:1c000000  PA:1c00013c
14001523ns          238679 1c008800 70f577c3 fmadd.s          f15, f10, f15, f14  f15=xxxxxxxx f10:3f8ae611 f15:3d249bab f14:beffffe0
14001543ns          238680 1c008804 1c000737 lui              x14, 0x1c000000     x14=1c000000
14001563ns          238681 1c008808 16872703 lw               x14, 360(x14)       x14=3f7fffff x14:1c000000  PA:1c000168
14001881ns          238697 1c00880c 70f57543 fmadd.s          f10, f10, f15, f14  f10=xxxxxxxx f10:3f8ae611 f15:bee9abea f14:3f7fffff
14001901ns          238698 1c008810 00008067 jalr             x0, x1, 0            x1:1c0081de
14001961ns          238701 1c0081de 016a7a53 fadd.s           f20, f20, f22       f20=xxxxxxxx f20:3f0772a2 f22:3eaaa273
14001980ns          238702 1c0081e2 10acf553 fmul.s           f10, f25, f10       f10=xxxxxxxx f25:3f800000 f10:3f013753
14002000ns          238703 1c0081e6 a14a97d3 flt.s            x15, f21, f20       x15=00000000 f21:40c90fdb f20:3f5cc3dc
14002020ns          238704 1c0081ea 00a4222b p.sw             x10, 4(x8!)          x8=100015dc x10:3f013753  x8:100015d8  PA:100015d8
14002040ns          238705 1c0081ee 00078363 beq              x15, x0, 6          x15:00000000
14002100ns          238708 1c0081f4 ff7412e3 bne              x8, x23, -28         x8:100015dc x23:100017c8
14002159ns          238711 1c0081d8 094c7553 fsub.s           f10, f24, f20       f10=xxxxxxxx f24:3fc90fdb f20:3f5cc3dc
14002179ns          238712 1c0081dc 57c000ef jal              x1, 1404             x1=1c0081de
14002219ns          238714 1c008758 a0a527d3 feq.s            x15, f10, f10       x15=00000001 f10:3f355bda f10:3f355bda
14002239ns          238715 1c00875c 0a078b63 beq              x15, x0, 182        x15:00000001
14002259ns          238716 1c00875e e00517d3 fclass.s         x15, f10            x15=00000040 f10:3f355bda
14002279ns          238717 1c008762 0817f793 andi             x15, x15, 129       x15=00000000 x15:00000040
14002299ns          238718 1c008766 0a079663 bne              x15, x0, 172        x15:00000000
14002319ns          238719 1c008768 00000793 addi             x15, x0, 0          x15=00000000
14002338ns          238720 1c00876c a0f517d3 flt.s            x15, f10, f15       x15=00000000 f10:3f355bda f15:00000000
14002358ns          238721 1c008770 0a079663 bne              x15, x0, 172        x15:00000000
14002378ns          238722 1c008772 1c000737 lui              x14, 0x1c000000     x14=1c000000
14002398ns          238723 1c008776 02072783 lw               x15, 32(x14)        x15=40c90fdb x14:1c000000  PA:1c000020
14002716ns          238739 1c00877a a0a797d3 flt.s            x15, f15, f10       x15=00000000 f15:40c90fdb f10:3f355bda
14002736ns          238740 1c00877e 00078b63 beq              x15, x0, 22         x15:00000000
14002796ns          238743 1c008794 00000793 addi             x15, x0, 0          x15=00000000
14002816ns          238744 1c008798 a0f517d3 flt.s            x15, f10, f15       x15=00000000 f10:3f355bda f15:00000000
14002836ns          238745 1c00879c 08079a63 bne              x15, x0, 148        x15:00000000
14002856ns          238746 1c00879e 1c0007b7 lui              x15, 0x1c000000     x15=1c000000
14002876ns          238747 1c0087a2 01c7a783 lw               x15, 28(x15)        x15=3fc90fdb x15:1c000000  PA:1c00001c
14003214ns          238764 1c0087a6 a0f517d3 flt.s            x15, f10, f15       x15=00000001 f10:3f355bda f15:3fc90fdb
14003234ns          238765 1c0087aa 02079563 bne              x15, x0, 42         x15:00000001
14003293ns          238768 1c0087d4 10a57553 fmul.s           f10, f10, f10       f10=xxxxxxxx f10:3f355bda f10:3f355bda
14003313ns          238769 1c0087d8 1c0007b7 lui              x15, 0x1c000000     x15=1c000000
14003333ns          238770 1c0087dc 1c000737 lui              x14, 0x1c000000     x14=1c000000
14003353ns          238771 1c0087e0 13472703 lw               x14, 308(x14)       x14=bab59551 x14:1c000000  PA:1c000134
14003651ns          238786 1c0087e4 1307a783 lw               x15, 304(x15)       x15=37c23ab1 x15:1c000000  PA:1c000130
14003970ns          238802 1c0087e8 70f577c3 fmadd.s          f15, f10, f15, f14  f15=xxxxxxxx f10:3f007b03 f15:37c23ab1 f14:bab59551
14003989ns          238803 1c0087ec 1c000737 lui              x14, 0x1c000000     x14=1c000000
14004009ns          238804 1c0087f0 13872703 lw               x14, 312(x14)       x14=3d2aa76f x14:1c000000  PA:1c000138
14004347ns          238821 1c0087f4 70f577c3 fmadd.s          f15, f10, f15, f14  f15=xxxxxxxx f10:3f007b03 f15:bab40f66 f14:3d2aa76f
14004367ns          238822 1c0087f8 1c000737 lui              x14, 0x1c000000     x14=1c000000
14004387ns          238823 1c0087fc 13c72703 lw               x14, 316(x14)       x14=beffffe0 x14:1c000000  PA:1c00013c
14004725ns          238840 1c008800 70f577c3 fmadd.s          f15, f10, f15, f14  f15=xxxxxxxx f10:3f007b03 f15:3d27d47d f14:beffffe0
14004745ns          238841 1c008804 1c000737 lui              x14, 0x1c000000     x14=1c000000
14004765ns          238842 1c008808 16872703 lw               x14, 360(x14)       x14=3f7fffff x14:1c000000  PA:1c000168
14005083ns          238858 1c00880c 70f57543 fmadd.s          f10, f10, f15, f14  f10=xxxxxxxx f10:3f007b03 f15:bef57884 f14:3f7fffff
14005103ns          238859 1c008810 00008067 jalr             x0, x1, 0            x1:1c0081de
14005163ns          238862 1c0081de 016a7a53 fadd.s           f20, f20, f22       f20=xxxxxxxx f20:3f5cc3dc f22:3eaaa273
14005183ns          238863 1c0081e2 10acf553 fmul.s           f10, f25, f10       f10=xxxxxxxx f25:3f800000 f10:3f4266e4
14005203ns          238864 1c0081e6 a14a97d3 flt.s            x15, f21, f20       x15=00000000 f21:40c90fdb f20:3f990a8b
14005223ns          238865 1c0081ea 00a4222b p.sw             x10, 4(x8!)          x8=100015e0 x10:3f4266e4  x8:100015dc  PA:100015dc
14005243ns          238866 1c0081ee 00078363 beq              x15, x0, 6          x15:00000000
14005302ns          238869 1c0081f4 ff7412e3 bne              x8, x23, -28         x8:100015e0 x23:100017c8
14005362ns          238872 1c0081d8 094c7553 fsub.s           f10, f24, f20       f10=xxxxxxxx f24:3fc90fdb f20:3f990a8b
14005382ns          238873 1c0081dc 57c000ef jal              x1, 1404             x1=1c0081de
14005422ns          238875 1c008758 a0a527d3 feq.s            x15, f10, f10       x15=00000001 f10:3ec01540 f10:3ec01540
14005441ns          238876 1c00875c 0a078b63 beq              x15, x0, 182        x15:00000001
14005461ns          238877 1c00875e e00517d3 fclass.s         x15, f10            x15=00000040 f10:3ec01540
14005481ns          238878 1c008762 0817f793 andi             x15, x15, 129       x15=00000000 x15:00000040
14005501ns          238879 1c008766 0a079663 bne              x15, x0, 172        x15:00000000
14005521ns          238880 1c008768 00000793 addi             x15, x0, 0          x15=00000000
14005541ns          238881 1c00876c a0f517d3 flt.s            x15, f10, f15       x15=00000000 f10:3ec01540 f15:00000000
14005561ns          238882 1c008770 0a079663 bne              x15, x0, 172        x15:00000000
14005581ns          238883 1c008772 1c000737 lui              x14, 0x1c000000     x14=1c000000
14005601ns          238884 1c008776 02072783 lw               x15, 32(x14)        x15=40c90fdb x14:1c000000  PA:1c000020
14005939ns          238901 1c00877a a0a797d3 flt.s            x15, f15, f10       x15=00000000 f15:40c90fdb f10:3ec01540
14005959ns          238902 1c00877e 00078b63 beq              x15, x0, 22         x15:00000000
14006018ns          238905 1c008794 00000793 addi             x15, x0, 0          x15=00000000
14006038ns          238906 1c008798 a0f517d3 flt.s            x15, f10, f15       x15=00000000 f10:3ec01540 f15:00000000
14006058ns          238907 1c00879c 08079a63 bne              x15, x0, 148        x15:00000000
14006078ns          238908 1c00879e 1c0007b7 lui              x15, 0x1c000000     x15=1c000000
14006098ns          238909 1c0087a2 01c7a783 lw               x15, 28(x15)        x15=3fc90fdb x15:1c000000  PA:1c00001c
14006456ns          238927 1c0087a6 a0f517d3 flt.s            x15, f10, f15       x15=00000001 f10:3ec01540 f15:3fc90fdb
14006476ns          238928 1c0087aa 02079563 bne              x15, x0, 42         x15:00000001
14006535ns          238931 1c0087d4 10a57553 fmul.s           f10, f10, f10       f10=xxxxxxxx f10:3ec01540 f10:3ec01540
14006555ns          238932 1c0087d8 1c0007b7 lui              x15, 0x1c000000     x15=1c000000
14006575ns          238933 1c0087dc 1c000737 lui              x14, 0x1c000000     x14=1c000000
14006595ns          238934 1c0087e0 13472703 lw               x14, 308(x14)       x14=bab59551 x14:1c000000  PA:1c000134
14006913ns          238950 1c0087e4 1307a783 lw               x15, 304(x15)       x15=37c23ab1 x15:1c000000  PA:1c000130
14007251ns          238967 1c0087e8 70f577c3 fmadd.s          f15, f10, f15, f14  f15=xxxxxxxx f10:3e101fe2 f15:37c23ab1 f14:bab59551
14007271ns          238968 1c0087ec 1c000737 lui              x14, 0x1c000000     x14=1c000000
14007291ns          238969 1c0087f0 13872703 lw               x14, 312(x14)       x14=3d2aa76f x14:1c000000  PA:1c000138
14007610ns          238985 1c0087f4 70f577c3 fmadd.s          f15, f10, f15, f14  f15=xxxxxxxx f10:3e101fe2 f15:bab527f8 f14:3d2aa76f
14007629ns          238986 1c0087f8 1c000737 lui              x14, 0x1c000000     x14=1c000000
14007649ns          238987 1c0087fc 13c72703 lw               x14, 316(x14)       x14=beffffe0 x14:1c000000  PA:1c00013c
14007987ns          239004 1c008800 70f577c3 fmadd.s          f15, f10, f15, f14  f15=xxxxxxxx f10:3e101fe2 f15:3d29db75 f14:beffffe0
14008007ns          239005 1c008804 1c000737 lui              x14, 0x1c000000     x14=1c000000
14008027ns          239006 1c008808 16872703 lw               x14, 360(x14)       x14=3f7fffff x14:1c000000  PA:1c000168
14008345ns          239022 1c00880c 70f57543 fmadd.s          f10, f10, f15, f14  f10=xxxxxxxx f10:3e101fe2 f15:befd02db f14:3f7fffff
14008365ns          239023 1c008810 00008067 jalr             x0, x1, 0            x1:1c0081de
14008425ns          239026 1c0081de 016a7a53 fadd.s           f20, f20, f22       f20=xxxxxxxx f20:3f990a8b f22:3eaaa273
14008445ns          239027 1c0081e2 10acf553 fmul.s           f10, f25, f10       f10=xxxxxxxx f25:3f800000 f10:3f6e31db
14008465ns          239028 1c0081e6 a14a97d3 flt.s            x15, f21, f20       x15=00000000 f21:40c90fdb f20:3fc3b328
14008485ns          239029 1c0081ea 00a4222b p.sw             x10, 4(x8!)          x8=100015e4 x10:3f6e31db  x8:100015e0  PA:100015e0
14008505ns          239030 1c0081ee 00078363 beq              x15, x0, 6          x15:00000000
14008564ns          239033 1c0081f4 ff7412e3 bne              x8, x23, -28         x8:100015e4 x23:100017c8
14008624ns          239036 1c0081d8 094c7553 fsub.s           f10, f24, f20       f10=xxxxxxxx f24:3fc90fdb f20:3fc3b328
14008644ns          239037 1c0081dc 57c000ef jal              x1, 1404             x1=1c0081de
14008684ns          239039 1c008758 a0a527d3 feq.s            x15, f10, f10       x15=00000001 f10:3d2b9660 f10:3d2b9660
14008704ns          239040 1c00875c 0a078b63 beq              x15, x0, 182        x15:00000001
14008723ns          239041 1c00875e e00517d3 fclass.s         x15, f10            x15=00000040 f10:3d2b9660
14008743ns          239042 1c008762 0817f793 andi             x15, x15, 129       x15=00000000 x15:00000040
14008763ns          239043 1c008766 0a079663 bne              x15, x0, 172        x15:00000000
14008783ns          239044 1c008768 00000793 addi             x15, x0, 0          x15=00000000
14008803ns          239045 1c00876c a0f517d3 flt.s            x15, f10, f15       x15=00000000 f10:3d2b9660 f15:00000000
14008823ns          239046 1c008770 0a079663 bne              x15, x0, 172        x15:00000000
14008843ns          239047 1c008772 1c000737 lui              x14, 0x1c000000     x14=1c000000
14008863ns          239048 1c008776 02072783 lw               x15, 32(x14)        x15=40c90fdb x14:1c000000  PA:1c000020
14009181ns          239064 1c00877a a0a797d3 flt.s            x15, f15, f10       x15=00000000 f15:40c90fdb f10:3d2b9660
14009201ns          239065 1c00877e 00078b63 beq              x15, x0, 22         x15:00000000
14009260ns          239068 1c008794 00000793 addi             x15, x0, 0          x15=00000000
14009280ns          239069 1c008798 a0f517d3 flt.s            x15, f10, f15       x15=00000000 f10:3d2b9660 f15:00000000
14009300ns          239070 1c00879c 08079a63 bne              x15, x0, 148        x15:00000000
14009320ns          239071 1c00879e 1c0007b7 lui              x15, 0x1c000000     x15=1c000000
14009340ns          239072 1c0087a2 01c7a783 lw               x15, 28(x15)        x15=3fc90fdb x15:1c000000  PA:1c00001c
14009698ns          239090 1c0087a6 a0f517d3 flt.s            x15, f10, f15       x15=00000001 f10:3d2b9660 f15:3fc90fdb
14009718ns          239091 1c0087aa 02079563 bne              x15, x0, 42         x15:00000001
14009778ns          239094 1c0087d4 10a57553 fmul.s           f10, f10, f10       f10=xxxxxxxx f10:3d2b9660 f10:3d2b9660
14009798ns          239095 1c0087d8 1c0007b7 lui              x15, 0x1c000000     x15=1c000000
14009817ns          239096 1c0087dc 1c000737 lui              x14, 0x1c000000     x14=1c000000
14009837ns          239097 1c0087e0 13472703 lw               x14, 308(x14)       x14=bab59551 x14:1c000000  PA:1c000134
14010175ns          239114 1c0087e4 1307a783 lw               x15, 304(x15)       x15=37c23ab1 x15:1c000000  PA:1c000130
14010494ns          239130 1c0087e8 70f577c3 fmadd.s          f15, f10, f15, f14  f15=xxxxxxxx f10:3ae60479 f15:37c23ab1 f14:bab59551
14010514ns          239131 1c0087ec 1c000737 lui              x14, 0x1c000000     x14=1c000000
14010533ns          239132 1c0087f0 13872703 lw               x14, 312(x14)       x14=3d2aa76f x14:1c000000  PA:1c000138
14010852ns          239148 1c0087f4 70f577c3 fmadd.s          f15, f10, f15, f14  f15=xxxxxxxx f10:3ae60479 f15:bab593f4 f14:3d2aa76f
14010872ns          239149 1c0087f8 1c000737 lui              x14, 0x1c000000     x14=1c000000
14010892ns          239150 1c0087fc 13c72703 lw               x14, 316(x14)       x14=beffffe0 x14:1c000000  PA:1c00013c
14011210ns          239166 1c008800 70f577c3 fmadd.s          f15, f10, f15, f14  f15=xxxxxxxx f10:3ae60479 f15:3d2aa4e2 f14:beffffe0
14011230ns          239167 1c008804 1c000737 lui              x14, 0x1c000000     x14=1c000000
14011250ns          239168 1c008808 16872703 lw               x14, 360(x14)       x14=3f7fffff x14:1c000000  PA:1c000168
14011568ns          239184 1c00880c 70f57543 fmadd.s          f10, f10, f15, f14  f10=xxxxxxxx f10:3ae60479 f15:befff64b f14:3f7fffff
14011588ns          239185 1c008810 00008067 jalr             x0, x1, 0            x1:1c0081de
14011647ns          239188 1c0081de 016a7a53 fadd.s           f20, f20, f22       f20=xxxxxxxx f20:3fc3b328 f22:3eaaa273
14011667ns          239189 1c0081e2 10acf553 fmul.s           f10, f25, f10       f10=xxxxxxxx f25:3f800000 f10:3f7fc680
14011687ns          239190 1c0081e6 a14a97d3 flt.s            x15, f21, f20       x15=00000000 f21:40c90fdb f20:3fee5bc5
14011707ns          239191 1c0081ea 00a4222b p.sw             x10, 4(x8!)          x8=100015e8 x10:3f7fc680  x8:100015e4  PA:100015e4
14011727ns          239192 1c0081ee 00078363 beq              x15, x0, 6          x15:00000000
14011787ns          239195 1c0081f4 ff7412e3 bne              x8, x23, -28         x8:100015e8 x23:100017c8
14011846ns          239198 1c0081d8 094c7553 fsub.s           f10, f24, f20       f10=xxxxxxxx f24:3fc90fdb f20:3fee5bc5
14011866ns          239199 1c0081dc 57c000ef jal              x1, 1404             x1=1c0081de
14011906ns          239201 1c008758 a0a527d3 feq.s            x15, f10, f10       x15=00000001 f10:be952fa8 f10:be952fa8
14011926ns          239202 1c00875c 0a078b63 beq              x15, x0, 182        x15:00000001
14011946ns          239203 1c00875e e00517d3 fclass.s         x15, f10            x15=00000002 f10:be952fa8
14011966ns          239204 1c008762 0817f793 andi             x15, x15, 129       x15=00000000 x15:00000002
14011985ns          239205 1c008766 0a079663 bne              x15, x0, 172        x15:00000000
14012005ns          239206 1c008768 00000793 addi             x15, x0, 0          x15=00000000
14012025ns          239207 1c00876c a0f517d3 flt.s            x15, f10, f15       x15=00000001 f10:be952fa8 f15:00000000
14012045ns          239208 1c008770 0a079663 bne              x15, x0, 172        x15:00000001
14012105ns          239211 1c00881c 1c0007b7 lui              x15, 0x1c000000     x15=1c000000
14012125ns          239212 1c008820 12c7a783 lw               x15, 300(x15)       x15=c0c90fdb x15:1c000000  PA:1c00012c
14012443ns          239228 1c008824 a0f517d3 flt.s            x15, f10, f15       x15=00000000 f10:be952fa8 f15:c0c90fdb
14012463ns          239229 1c008828 00078463 beq              x15, x0, 8          x15:00000000
14012523ns          239232 1c008830 20a51553 fsgnjn.s         f10, f10, f10       f10=xxxxxxxx f10:be952fa8 f10:be952fa8
14012542ns          239233 1c008834 f6bff06f jal              x0, -150           
14012602ns          239236 1c00879e 1c0007b7 lui              x15, 0x1c000000     x15=1c000000
14012622ns          239237 1c0087a2 01c7a783 lw               x15, 28(x15)        x15=3fc90fdb x15:1c000000  PA:1c00001c
14012940ns          239253 1c0087a6 a0f517d3 flt.s            x15, f10, f15       x15=00000001 f10:3e952fa8 f15:3fc90fdb
14012960ns          239254 1c0087aa 02079563 bne              x15, x0, 42         x15:00000001
14013020ns          239257 1c0087d4 10a57553 fmul.s           f10, f10, f10       f10=xxxxxxxx f10:3e952fa8 f10:3e952fa8
14013040ns          239258 1c0087d8 1c0007b7 lui              x15, 0x1c000000     x15=1c000000
14013060ns          239259 1c0087dc 1c000737 lui              x14, 0x1c000000     x14=1c000000
14013079ns          239260 1c0087e0 13472703 lw               x14, 308(x14)       x14=bab59551 x14:1c000000  PA:1c000134
14013378ns          239275 1c0087e4 1307a783 lw               x15, 304(x15)       x15=37c23ab1 x15:1c000000  PA:1c000130
14013696ns          239291 1c0087e8 70f577c3 fmadd.s          f15, f10, f15, f14  f15=xxxxxxxx f10:3dade105 f15:37c23ab1 f14:bab59551
14013716ns          239292 1c0087ec 1c000737 lui              x14, 0x1c000000     x14=1c000000
14013736ns          239293 1c0087f0 13872703 lw               x14, 312(x14)       x14=3d2aa76f x14:1c000000  PA:1c000138
14014054ns          239309 1c0087f4 70f577c3 fmadd.s          f15, f10, f15, f14  f15=xxxxxxxx f10:3dade105 f15:bab5535b f14:3d2aa76f
14014074ns          239310 1c0087f8 1c000737 lui              x14, 0x1c000000     x14=1c000000
14014094ns          239311 1c0087fc 13c72703 lw               x14, 316(x14)       x14=beffffe0 x14:1c000000  PA:1c00013c
14014412ns          239327 1c008800 70f577c3 fmadd.s          f15, f10, f15, f14  f15=xxxxxxxx f10:3dade105 f15:3d2a2c46 f14:beffffe0
14014432ns          239328 1c008804 1c000737 lui              x14, 0x1c000000     x14=1c000000
14014452ns          239329 1c008808 16872703 lw               x14, 360(x14)       x14=3f7fffff x14:1c000000  PA:1c000168
14014770ns          239345 1c00880c 70f57543 fmadd.s          f10, f10, f15, f14  f10=xxxxxxxx f10:3dade105 f15:befe318a f14:3f7fffff
14014790ns          239346 1c008810 00008067 jalr             x0, x1, 0            x1:1c0081de
14014850ns          239349 1c0081de 016a7a53 fadd.s           f20, f20, f22       f20=xxxxxxxx f20:3fee5bc5 f22:3eaaa273
14014870ns          239350 1c0081e2 10acf553 fmul.s           f10, f25, f10       f10=xxxxxxxx f25:3f800000 f10:3f753590
14014890ns          239351 1c0081e6 a14a97d3 flt.s            x15, f21, f20       x15=00000000 f21:40c90fdb f20:400c8231
14014909ns          239352 1c0081ea 00a4222b p.sw             x10, 4(x8!)          x8=100015ec x10:3f753590  x8:100015e8  PA:100015e8
14014929ns          239353 1c0081ee 00078363 beq              x15, x0, 6          x15:00000000
14014989ns          239356 1c0081f4 ff7412e3 bne              x8, x23, -28         x8:100015ec x23:100017c8
14015049ns          239359 1c0081d8 094c7553 fsub.s           f10, f24, f20       f10=xxxxxxxx f24:3fc90fdb f20:400c8231
14015069ns          239360 1c0081dc 57c000ef jal              x1, 1404             x1=1c0081de
14015108ns          239362 1c008758 a0a527d3 feq.s            x15, f10, f10       x15=00000001 f10:bf1fe90e f10:bf1fe90e
14015128ns          239363 1c00875c 0a078b63 beq              x15, x0, 182        x15:00000001
14015148ns          239364 1c00875e e00517d3 fclass.s         x15, f10            x15=00000002 f10:bf1fe90e
14015168ns          239365 1c008762 0817f793 andi             x15, x15, 129       x15=00000000 x15:00000002
14015188ns          239366 1c008766 0a079663 bne              x15, x0, 172        x15:00000000
14015208ns          239367 1c008768 00000793 addi             x15, x0, 0          x15=00000000
14015228ns          239368 1c00876c a0f517d3 flt.s            x15, f10, f15       x15=00000001 f10:bf1fe90e f15:00000000
14015248ns          239369 1c008770 0a079663 bne              x15, x0, 172        x15:00000001
14015307ns          239372 1c00881c 1c0007b7 lui              x15, 0x1c000000     x15=1c000000
14015327ns          239373 1c008820 12c7a783 lw               x15, 300(x15)       x15=c0c90fdb x15:1c000000  PA:1c00012c
14015645ns          239389 1c008824 a0f517d3 flt.s            x15, f10, f15       x15=00000000 f10:bf1fe90e f15:c0c90fdb
14015665ns          239390 1c008828 00078463 beq              x15, x0, 8          x15:00000000
14015725ns          239393 1c008830 20a51553 fsgnjn.s         f10, f10, f10       f10=xxxxxxxx f10:bf1fe90e f10:bf1fe90e
14015745ns          239394 1c008834 f6bff06f jal              x0, -150           
14015805ns          239397 1c00879e 1c0007b7 lui              x15, 0x1c000000     x15=1c000000
14015824ns          239398 1c0087a2 01c7a783 lw               x15, 28(x15)        x15=3fc90fdb x15:1c000000  PA:1c00001c
14016163ns          239415 1c0087a6 a0f517d3 flt.s            x15, f10, f15       x15=00000001 f10:3f1fe90e f15:3fc90fdb
14016182ns          239416 1c0087aa 02079563 bne              x15, x0, 42         x15:00000001
14016242ns          239419 1c0087d4 10a57553 fmul.s           f10, f10, f10       f10=xxxxxxxx f10:3f1fe90e f10:3f1fe90e
14016262ns          239420 1c0087d8 1c0007b7 lui              x15, 0x1c000000     x15=1c000000
14016282ns          239421 1c0087dc 1c000737 lui              x14, 0x1c000000     x14=1c000000
14016302ns          239422 1c0087e0 13472703 lw               x14, 308(x14)       x14=bab59551 x14:1c000000  PA:1c000134
14016620ns          239438 1c0087e4 1307a783 lw               x15, 304(x15)       x15=37c23ab1 x15:1c000000  PA:1c000130
14016938ns          239454 1c0087e8 70f577c3 fmadd.s          f15, f10, f15, f14  f15=xxxxxxxx f10:3ec7c6a7 f15:37c23ab1 f14:bab59551
14016958ns          239455 1c0087ec 1c000737 lui              x14, 0x1c000000     x14=1c000000
14016978ns          239456 1c0087f0 13872703 lw               x14, 312(x14)       x14=3d2aa76f x14:1c000000  PA:1c000138
14017296ns          239472 1c0087f4 70f577c3 fmadd.s          f15, f10, f15, f14  f15=xxxxxxxx f10:3ec7c6a7 f15:bab4662c f14:3d2aa76f
14017316ns          239473 1c0087f8 1c000737 lui              x14, 0x1c000000     x14=1c000000
14017336ns          239474 1c0087fc 13c72703 lw               x14, 316(x14)       x14=beffffe0 x14:1c000000  PA:1c00013c
14017674ns          239491 1c008800 70f577c3 fmadd.s          f15, f10, f15, f14  f15=xxxxxxxx f10:3ec7c6a7 f15:3d287451 f14:beffffe0
14017694ns          239492 1c008804 1c000737 lui              x14, 0x1c000000     x14=1c000000
14017714ns          239493 1c008808 16872703 lw               x14, 360(x14)       x14=3f7fffff x14:1c000000  PA:1c000168
14018032ns          239509 1c00880c 70f57543 fmadd.s          f10, f10, f15, f14  f10=xxxxxxxx f10:3ec7c6a7 f15:bef7c88e f14:3f7fffff
14018052ns          239510 1c008810 00008067 jalr             x0, x1, 0            x1:1c0081de
14018112ns          239513 1c0081de 016a7a53 fadd.s           f20, f20, f22       f20=xxxxxxxx f20:400c8231 f22:3eaaa273
14018132ns          239514 1c0081e2 10acf553 fmul.s           f10, f25, f10       f10=xxxxxxxx f25:3f800000 f10:3f4fa8b4
14018152ns          239515 1c0081e6 a14a97d3 flt.s            x15, f21, f20       x15=00000000 f21:40c90fdb f20:4021d67f
14018172ns          239516 1c0081ea 00a4222b p.sw             x10, 4(x8!)          x8=100015f0 x10:3f4fa8b4  x8:100015ec  PA:100015ec
14018191ns          239517 1c0081ee 00078363 beq              x15, x0, 6          x15:00000000
14018251ns          239520 1c0081f4 ff7412e3 bne              x8, x23, -28         x8:100015f0 x23:100017c8
14018311ns          239523 1c0081d8 094c7553 fsub.s           f10, f24, f20       f10=xxxxxxxx f24:3fc90fdb f20:4021d67f
14018331ns          239524 1c0081dc 57c000ef jal              x1, 1404             x1=1c0081de
14018370ns          239526 1c008758 a0a527d3 feq.s            x15, f10, f10       x15=00000001 f10:bf753a46 f10:bf753a46
14018390ns          239527 1c00875c 0a078b63 beq              x15, x0, 182        x15:00000001
14018410ns          239528 1c00875e e00517d3 fclass.s         x15, f10            x15=00000002 f10:bf753a46
14018430ns          239529 1c008762 0817f793 andi             x15, x15, 129       x15=00000000 x15:00000002
14018450ns          239530 1c008766 0a079663 bne              x15, x0, 172        x15:00000000
14018470ns          239531 1c008768 00000793 addi             x15, x0, 0          x15=00000000
14018490ns          239532 1c00876c a0f517d3 flt.s            x15, f10, f15       x15=00000001 f10:bf753a46 f15:00000000
14018510ns          239533 1c008770 0a079663 bne              x15, x0, 172        x15:00000001
14018569ns          239536 1c00881c 1c0007b7 lui              x15, 0x1c000000     x15=1c000000
14018589ns          239537 1c008820 12c7a783 lw               x15, 300(x15)       x15=c0c90fdb x15:1c000000  PA:1c00012c
14018927ns          239554 1c008824 a0f517d3 flt.s            x15, f10, f15       x15=00000000 f10:bf753a46 f15:c0c90fdb
14018947ns          239555 1c008828 00078463 beq              x15, x0, 8          x15:00000000
14019007ns          239558 1c008830 20a51553 fsgnjn.s         f10, f10, f10       f10=xxxxxxxx f10:bf753a46 f10:bf753a46
14019027ns          239559 1c008834 f6bff06f jal              x0, -150           
14019086ns          239562 1c00879e 1c0007b7 lui              x15, 0x1c000000     x15=1c000000
14019106ns          239563 1c0087a2 01c7a783 lw               x15, 28(x15)        x15=3fc90fdb x15:1c000000  PA:1c00001c
14019445ns          239580 1c0087a6 a0f517d3 flt.s            x15, f10, f15       x15=00000001 f10:3f753a46 f15:3fc90fdb
14019464ns          239581 1c0087aa 02079563 bne              x15, x0, 42         x15:00000001
14019524ns          239584 1c0087d4 10a57553 fmul.s           f10, f10, f10       f10=xxxxxxxx f10:3f753a46 f10:3f753a46
14019544ns          239585 1c0087d8 1c0007b7 lui              x15, 0x1c000000     x15=1c000000
14019564ns          239586 1c0087dc 1c000737 lui              x14, 0x1c000000     x14=1c000000
14019584ns          239587 1c0087e0 13472703 lw               x14, 308(x14)       x14=bab59551 x14:1c000000  PA:1c000134
14019882ns          239602 1c0087e4 1307a783 lw               x15, 304(x15)       x15=37c23ab1 x15:1c000000  PA:1c000130
14020220ns          239619 1c0087e8 70f577c3 fmadd.s          f15, f10, f15, f14  f15=xxxxxxxx f10:3f6ae897 f15:37c23ab1 f14:bab59551
14020240ns          239620 1c0087ec 1c000737 lui              x14, 0x1c000000     x14=1c000000
14020260ns          239621 1c0087f0 13872703 lw               x14, 312(x14)       x14=3d2aa76f x14:1c000000  PA:1c000138
14020578ns          239637 1c0087f4 70f577c3 fmadd.s          f15, f10, f15, f14  f15=xxxxxxxx f10:3f6ae897 f15:bab2cc69 f14:3d2aa76f
14020598ns          239638 1c0087f8 1c000737 lui              x14, 0x1c000000     x14=1c000000
14020618ns          239639 1c0087fc 13c72703 lw               x14, 316(x14)       x14=beffffe0 x14:1c000000  PA:1c00013c
14020936ns          239655 1c008800 70f577c3 fmadd.s          f15, f10, f15, f14  f15=xxxxxxxx f10:3f6ae897 f15:3d2586e5 f14:beffffe0
14020956ns          239656 1c008804 1c000737 lui              x14, 0x1c000000     x14=1c000000
14020976ns          239657 1c008808 16872703 lw               x14, 360(x14)       x14=3f7fffff x14:1c000000  PA:1c000168
14021294ns          239673 1c00880c 70f57543 fmadd.s          f10, f10, f15, f14  f10=xxxxxxxx f10:3f6ae897 f15:beed036a f14:3f7fffff
14021314ns          239674 1c008810 00008067 jalr             x0, x1, 0            x1:1c0081de
14021374ns          239677 1c0081de 016a7a53 fadd.s           f20, f20, f22       f20=xxxxxxxx f20:4021d67f f22:3eaaa273
14021394ns          239678 1c0081e2 10acf553 fmul.s           f10, f25, f10       f10=xxxxxxxx f25:3f800000 f10:3f1341c4
14021414ns          239679 1c0081e6 a14a97d3 flt.s            x15, f21, f20       x15=00000000 f21:40c90fdb f20:40372acd
14021434ns          239680 1c0081ea 00a4222b p.sw             x10, 4(x8!)          x8=100015f4 x10:3f1341c4  x8:100015f0  PA:100015f0
14021453ns          239681 1c0081ee 00078363 beq              x15, x0, 6          x15:00000000
14021513ns          239684 1c0081f4 ff7412e3 bne              x8, x23, -28         x8:100015f4 x23:100017c8
14021573ns          239687 1c0081d8 094c7553 fsub.s           f10, f24, f20       f10=xxxxxxxx f24:3fc90fdb f20:40372acd
14021593ns          239688 1c0081dc 57c000ef jal              x1, 1404             x1=1c0081de
14021633ns          239690 1c008758 a0a527d3 feq.s            x15, f10, f10       x15=00000001 f10:bfa545bf f10:bfa545bf
14021652ns          239691 1c00875c 0a078b63 beq              x15, x0, 182        x15:00000001
14021672ns          239692 1c00875e e00517d3 fclass.s         x15, f10            x15=00000002 f10:bfa545bf
14021692ns          239693 1c008762 0817f793 andi             x15, x15, 129       x15=00000000 x15:00000002
14021712ns          239694 1c008766 0a079663 bne              x15, x0, 172        x15:00000000
14021732ns          239695 1c008768 00000793 addi             x15, x0, 0          x15=00000000
14021752ns          239696 1c00876c a0f517d3 flt.s            x15, f10, f15       x15=00000001 f10:bfa545bf f15:00000000
14021772ns          239697 1c008770 0a079663 bne              x15, x0, 172        x15:00000001
14021831ns          239700 1c00881c 1c0007b7 lui              x15, 0x1c000000     x15=1c000000
14021851ns          239701 1c008820 12c7a783 lw               x15, 300(x15)       x15=c0c90fdb x15:1c000000  PA:1c00012c
14022170ns          239717 1c008824 a0f517d3 flt.s            x15, f10, f15       x15=00000000 f10:bfa545bf f15:c0c90fdb
14022189ns          239718 1c008828 00078463 beq              x15, x0, 8          x15:00000000
14022249ns          239721 1c008830 20a51553 fsgnjn.s         f10, f10, f10       f10=xxxxxxxx f10:bfa545bf f10:bfa545bf
14022269ns          239722 1c008834 f6bff06f jal              x0, -150           
14022329ns          239725 1c00879e 1c0007b7 lui              x15, 0x1c000000     x15=1c000000
14022349ns          239726 1c0087a2 01c7a783 lw               x15, 28(x15)        x15=3fc90fdb x15:1c000000  PA:1c00001c
14022687ns          239743 1c0087a6 a0f517d3 flt.s            x15, f10, f15       x15=00000001 f10:3fa545bf f15:3fc90fdb
14022707ns          239744 1c0087aa 02079563 bne              x15, x0, 42         x15:00000001
14022766ns          239747 1c0087d4 10a57553 fmul.s           f10, f10, f10       f10=xxxxxxxx f10:3fa545bf f10:3fa545bf
14022786ns          239748 1c0087d8 1c0007b7 lui              x15, 0x1c000000     x15=1c000000
14022806ns          239749 1c0087dc 1c000737 lui              x14, 0x1c000000     x14=1c000000
14022826ns          239750 1c0087e0 13472703 lw               x14, 308(x14)       x14=bab59551 x14:1c000000  PA:1c000134
14023184ns          239768 1c0087e4 1307a783 lw               x15, 304(x15)       x15=37c23ab1 x15:1c000000  PA:1c000130
14023502ns          239784 1c0087e8 70f577c3 fmadd.s          f15, f10, f15, f14  f15=xxxxxxxx f10:3fd565f6 f15:37c23ab1 f14:bab59551
14023522ns          239785 1c0087ec 1c000737 lui              x14, 0x1c000000     x14=1c000000
14023542ns          239786 1c0087f0 13872703 lw               x14, 312(x14)       x14=3d2aa76f x14:1c000000  PA:1c000138
14023860ns          239802 1c0087f4 70f577c3 fmadd.s          f15, f10, f15, f14  f15=xxxxxxxx f10:3fd565f6 f15:bab0860f f14:3d2aa76f
14023880ns          239803 1c0087f8 1c000737 lui              x14, 0x1c000000     x14=1c000000
14023900ns          239804 1c0087fc 13c72703 lw               x14, 316(x14)       x14=beffffe0 x14:1c000000  PA:1c00013c
14024238ns          239821 1c008800 70f577c3 fmadd.s          f15, f10, f15, f14  f15=xxxxxxxx f10:3fd565f6 f15:3d217511 f14:beffffe0
14024258ns          239822 1c008804 1c000737 lui              x14, 0x1c000000     x14=1c000000
14024278ns          239823 1c008808 16872703 lw               x14, 360(x14)       x14=3f7fffff x14:1c000000  PA:1c000168
14024596ns          239839 1c00880c 70f57543 fmadd.s          f10, f10, f15, f14  f10=xxxxxxxx f10:3fd565f6 f15:bede5a33 f14:3f7fffff
14024616ns          239840 1c008810 00008067 jalr             x0, x1, 0            x1:1c0081de
14024676ns          239843 1c0081de 016a7a53 fadd.s           f20, f20, f22       f20=xxxxxxxx f20:40372acd f22:3eaaa273
14024696ns          239844 1c0081e2 10acf553 fmul.s           f10, f25, f10       f10=xxxxxxxx f25:3f800000 f10:3e8d4cc7
14024716ns          239845 1c0081e6 a14a97d3 flt.s            x15, f21, f20       x15=00000000 f21:40c90fdb f20:404c7f1b
14024735ns          239846 1c0081ea 00a4222b p.sw             x10, 4(x8!)          x8=100015f8 x10:3e8d4cc7  x8:100015f4  PA:100015f4
14024755ns          239847 1c0081ee 00078363 beq              x15, x0, 6          x15:00000000
14024815ns          239850 1c0081f4 ff7412e3 bne              x8, x23, -28         x8:100015f8 x23:100017c8
14024875ns          239853 1c0081d8 094c7553 fsub.s           f10, f24, f20       f10=xxxxxxxx f24:3fc90fdb f20:404c7f1b
14024895ns          239854 1c0081dc 57c000ef jal              x1, 1404             x1=1c0081de
14024934ns          239856 1c008758 a0a527d3 feq.s            x15, f10, f10       x15=00000001 f10:bfcfee5b f10:bfcfee5b
14024954ns          239857 1c00875c 0a078b63 beq              x15, x0, 182        x15:00000001
14024974ns          239858 1c00875e e00517d3 fclass.s         x15, f10            x15=00000002 f10:bfcfee5b
14024994ns          239859 1c008762 0817f793 andi             x15, x15, 129       x15=00000000 x15:00000002
14025014ns          239860 1c008766 0a079663 bne              x15, x0, 172        x15:00000000
14025034ns          239861 1c008768 00000793 addi             x15, x0, 0          x15=00000000
14025054ns          239862 1c00876c a0f517d3 flt.s            x15, f10, f15       x15=00000001 f10:bfcfee5b f15:00000000
14025074ns          239863 1c008770 0a079663 bne              x15, x0, 172        x15:00000001
14025133ns          239866 1c00881c 1c0007b7 lui              x15, 0x1c000000     x15=1c000000
14025153ns          239867 1c008820 12c7a783 lw               x15, 300(x15)       x15=c0c90fdb x15:1c000000  PA:1c00012c
14025471ns          239883 1c008824 a0f517d3 flt.s            x15, f10, f15       x15=00000000 f10:bfcfee5b f15:c0c90fdb
14025491ns          239884 1c008828 00078463 beq              x15, x0, 8          x15:00000000
14025551ns          239887 1c008830 20a51553 fsgnjn.s         f10, f10, f10       f10=xxxxxxxx f10:bfcfee5b f10:bfcfee5b
14025571ns          239888 1c008834 f6bff06f jal              x0, -150           
14025631ns          239891 1c00879e 1c0007b7 lui              x15, 0x1c000000     x15=1c000000
14025650ns          239892 1c0087a2 01c7a783 lw               x15, 28(x15)        x15=3fc90fdb x15:1c000000  PA:1c00001c
14025969ns          239908 1c0087a6 a0f517d3 flt.s            x15, f10, f15       x15=00000000 f10:3fcfee5b f15:3fc90fdb
14025989ns          239909 1c0087aa 02079563 bne              x15, x0, 42         x15:00000000
14026008ns          239910 1c0087ac 1c0007b7 lui              x15, 0x1c000000     x15=1c000000
14026028ns          239911 1c0087b0 1007a783 lw               x15, 256(x15)       x15=40490fdb x15:1c000000  PA:1c000100
14026347ns          239927 1c0087b4 a0f51753 flt.s            x14, f10, f15       x14=00000001 f10:3fcfee5b f15:40490fdb
14026367ns          239928 1c0087b8 06071f63 bne              x14, x0, 126        x14:00000001
14026446ns          239932 1c008836 08a7f553 fsub.s           f10, f15, f10       f10=xxxxxxxx f15:40490fdb f10:3fcfee5b
14026466ns          239933 1c00883a 10a57553 fmul.s           f10, f10, f10       f10=xxxxxxxx f10:3fc2315b f10:3fc2315b
14026486ns          239934 1c00883e 1c0007b7 lui              x15, 0x1c000000     x15=1c000000
14026506ns          239935 1c008842 1c000737 lui              x14, 0x1c000000     x14=1c000000
14026526ns          239936 1c008846 13472703 lw               x14, 308(x14)       x14=bab59551 x14:1c000000  PA:1c000134
14026844ns          239952 1c00884a 1307a783 lw               x15, 304(x15)       x15=37c23ab1 x15:1c000000  PA:1c000130
14027162ns          239968 1c00884e 70f577c3 fmadd.s          f15, f10, f15, f14  f15=xxxxxxxx f10:40134ed7 f15:37c23ab1 f14:bab59551
14027182ns          239969 1c008852 1c000737 lui              x14, 0x1c000000     x14=1c000000
14027202ns          239970 1c008856 13872703 lw               x14, 312(x14)       x14=3d2aa76f x14:1c000000  PA:1c000138
14027540ns          239987 1c00885a 70f577c3 fmadd.s          f15, f10, f15, f14  f15=xxxxxxxx f10:40134ed7 f15:baae9919 f14:3d2aa76f
14027560ns          239988 1c00885e 1c000737 lui              x14, 0x1c000000     x14=1c000000
14027580ns          239989 1c008862 13c72703 lw               x14, 316(x14)       x14=beffffe0 x14:1c000000  PA:1c00013c
14027898ns          240005 1c008866 70f577c3 fmadd.s          f15, f10, f15, f14  f15=xxxxxxxx f10:40134ed7 f15:3d1e1879 f14:beffffe0
14027918ns          240006 1c00886a 1c000737 lui              x14, 0x1c000000     x14=1c000000
14027938ns          240007 1c00886e 16872703 lw               x14, 360(x14)       x14=3f7fffff x14:1c000000  PA:1c000168
14028296ns          240025 1c008872 70f57543 fmadd.s          f10, f10, f15, f14  f10=xxxxxxxx f10:40134ed7 f15:bed28381 f14:3f7fffff
14028316ns          240026 1c008876 20a51553 fsgnjn.s         f10, f10, f10       f10=xxxxxxxx f10:3d5bb4f2 f10:3d5bb4f2
14028336ns          240027 1c00887a 00008067 jalr             x0, x1, 0            x1:1c0081de
14028395ns          240030 1c0081de 016a7a53 fadd.s           f20, f20, f22       f20=xxxxxxxx f20:404c7f1b f22:3eaaa273
14028415ns          240031 1c0081e2 10acf553 fmul.s           f10, f25, f10       f10=xxxxxxxx f25:3f800000 f10:bd5bb4f2
14028435ns          240032 1c0081e6 a14a97d3 flt.s            x15, f21, f20       x15=00000000 f21:40c90fdb f20:4061d369
14028455ns          240033 1c0081ea 00a4222b p.sw             x10, 4(x8!)          x8=100015fc x10:bd5bb4f2  x8:100015f8  PA:100015f8
14028475ns          240034 1c0081ee 00078363 beq              x15, x0, 6          x15:00000000
14028535ns          240037 1c0081f4 ff7412e3 bne              x8, x23, -28         x8:100015fc x23:100017c8
14028594ns          240040 1c0081d8 094c7553 fsub.s           f10, f24, f20       f10=xxxxxxxx f24:3fc90fdb f20:4061d369
14028614ns          240041 1c0081dc 57c000ef jal              x1, 1404             x1=1c0081de
14028654ns          240043 1c008758 a0a527d3 feq.s            x15, f10, f10       x15=00000001 f10:bffa96f7 f10:bffa96f7
14028674ns          240044 1c00875c 0a078b63 beq              x15, x0, 182        x15:00000001
14028694ns          240045 1c00875e e00517d3 fclass.s         x15, f10            x15=00000002 f10:bffa96f7
14028714ns          240046 1c008762 0817f793 andi             x15, x15, 129       x15=00000000 x15:00000002
14028734ns          240047 1c008766 0a079663 bne              x15, x0, 172        x15:00000000
14028753ns          240048 1c008768 00000793 addi             x15, x0, 0          x15=00000000
14028773ns          240049 1c00876c a0f517d3 flt.s            x15, f10, f15       x15=00000001 f10:bffa96f7 f15:00000000
14028793ns          240050 1c008770 0a079663 bne              x15, x0, 172        x15:00000001
14028853ns          240053 1c00881c 1c0007b7 lui              x15, 0x1c000000     x15=1c000000
14028873ns          240054 1c008820 12c7a783 lw               x15, 300(x15)       x15=c0c90fdb x15:1c000000  PA:1c00012c
14029211ns          240071 1c008824 a0f517d3 flt.s            x15, f10, f15       x15=00000000 f10:bffa96f7 f15:c0c90fdb
14029231ns          240072 1c008828 00078463 beq              x15, x0, 8          x15:00000000
14029290ns          240075 1c008830 20a51553 fsgnjn.s         f10, f10, f10       f10=xxxxxxxx f10:bffa96f7 f10:bffa96f7
14029310ns          240076 1c008834 f6bff06f jal              x0, -150           
14029370ns          240079 1c00879e 1c0007b7 lui              x15, 0x1c000000     x15=1c000000
14029390ns          240080 1c0087a2 01c7a783 lw               x15, 28(x15)        x15=3fc90fdb x15:1c000000  PA:1c00001c
14029728ns          240097 1c0087a6 a0f517d3 flt.s            x15, f10, f15       x15=00000000 f10:3ffa96f7 f15:3fc90fdb
14029748ns          240098 1c0087aa 02079563 bne              x15, x0, 42         x15:00000000
14029768ns          240099 1c0087ac 1c0007b7 lui              x15, 0x1c000000     x15=1c000000
14029788ns          240100 1c0087b0 1007a783 lw               x15, 256(x15)       x15=40490fdb x15:1c000000  PA:1c000100
14030126ns          240117 1c0087b4 a0f51753 flt.s            x14, f10, f15       x14=00000001 f10:3ffa96f7 f15:40490fdb
14030146ns          240118 1c0087b8 06071f63 bne              x14, x0, 126        x14:00000001
14030225ns          240122 1c008836 08a7f553 fsub.s           f10, f15, f10       f10=xxxxxxxx f15:40490fdb f10:3ffa96f7
14030245ns          240123 1c00883a 10a57553 fmul.s           f10, f10, f10       f10=xxxxxxxx f10:3f9788bf f10:3f9788bf
14030265ns          240124 1c00883e 1c0007b7 lui              x15, 0x1c000000     x15=1c000000
14030285ns          240125 1c008842 1c000737 lui              x14, 0x1c000000     x14=1c000000
14030305ns          240126 1c008846 13472703 lw               x14, 308(x14)       x14=bab59551 x14:1c000000  PA:1c000134
14030603ns          240141 1c00884a 1307a783 lw               x15, 304(x15)       x15=37c23ab1 x15:1c000000  PA:1c000130
14030981ns          240160 1c00884e 70f577c3 fmadd.s          f15, f10, f15, f14  f15=xxxxxxxx f10:3fb36535 f15:37c23ab1 f14:bab59551
14031001ns          240161 1c008852 1c000737 lui              x14, 0x1c000000     x14=1c000000
14031021ns          240162 1c008856 13872703 lw               x14, 312(x14)       x14=3d2aa76f x14:1c000000  PA:1c000138
14031379ns          240180 1c00885a 70f577c3 fmadd.s          f15, f10, f15, f14  f15=xxxxxxxx f10:3fb36535 f15:bab15472 f14:3d2aa76f
14031399ns          240181 1c00885e 1c000737 lui              x14, 0x1c000000     x14=1c000000
14031419ns          240182 1c008862 13c72703 lw               x14, 316(x14)       x14=beffffe0 x14:1c000000  PA:1c00013c
14031737ns          240198 1c008866 70f577c3 fmadd.s          f15, f10, f15, f14  f15=xxxxxxxx f10:3fb36535 f15:3d22e32d f14:beffffe0
14031757ns          240199 1c00886a 1c000737 lui              x14, 0x1c000000     x14=1c000000
14031777ns          240200 1c00886e 16872703 lw               x14, 360(x14)       x14=3f7fffff x14:1c000000  PA:1c000168
14032095ns          240216 1c008872 70f57543 fmadd.s          f10, f10, f15, f14  f10=xxxxxxxx f10:3fb36535 f15:bee37691 f14:3f7fffff
14032115ns          240217 1c008876 20a51553 fsgnjn.s         f10, f10, f10       f10=xxxxxxxx f10:3ec13455 f10:3ec13455
14032135ns          240218 1c00887a 00008067 jalr             x0, x1, 0            x1:1c0081de
14032195ns          240221 1c0081de 016a7a53 fadd.s           f20, f20, f22       f20=xxxxxxxx f20:4061d369 f22:3eaaa273
14032214ns          240222 1c0081e2 10acf553 fmul.s           f10, f25, f10       f10=xxxxxxxx f25:3f800000 f10:bec13455
14032234ns          240223 1c0081e6 a14a97d3 flt.s            x15, f21, f20       x15=00000000 f21:40c90fdb f20:407727b7
14032254ns          240224 1c0081ea 00a4222b p.sw             x10, 4(x8!)          x8=10001600 x10:bec13455  x8:100015fc  PA:100015fc
14032274ns          240225 1c0081ee 00078363 beq              x15, x0, 6          x15:00000000
14032334ns          240228 1c0081f4 ff7412e3 bne              x8, x23, -28         x8:10001600 x23:100017c8
14032393ns          240231 1c0081d8 094c7553 fsub.s           f10, f24, f20       f10=xxxxxxxx f24:3fc90fdb f20:407727b7
14032413ns          240232 1c0081dc 57c000ef jal              x1, 1404             x1=1c0081de
14032453ns          240234 1c008758 a0a527d3 feq.s            x15, f10, f10       x15=00000001 f10:c0129fca f10:c0129fca
14032473ns          240235 1c00875c 0a078b63 beq              x15, x0, 182        x15:00000001
14032493ns          240236 1c00875e e00517d3 fclass.s         x15, f10            x15=00000002 f10:c0129fca
14032513ns          240237 1c008762 0817f793 andi             x15, x15, 129       x15=00000000 x15:00000002
14032533ns          240238 1c008766 0a079663 bne              x15, x0, 172        x15:00000000
14032553ns          240239 1c008768 00000793 addi             x15, x0, 0          x15=00000000
14032572ns          240240 1c00876c a0f517d3 flt.s            x15, f10, f15       x15=00000001 f10:c0129fca f15:00000000
14032592ns          240241 1c008770 0a079663 bne              x15, x0, 172        x15:00000001
14032652ns          240244 1c00881c 1c0007b7 lui              x15, 0x1c000000     x15=1c000000
14032672ns          240245 1c008820 12c7a783 lw               x15, 300(x15)       x15=c0c90fdb x15:1c000000  PA:1c00012c
14032990ns          240261 1c008824 a0f517d3 flt.s            x15, f10, f15       x15=00000000 f10:c0129fca f15:c0c90fdb
14033010ns          240262 1c008828 00078463 beq              x15, x0, 8          x15:00000000
14033070ns          240265 1c008830 20a51553 fsgnjn.s         f10, f10, f10       f10=xxxxxxxx f10:c0129fca f10:c0129fca
14033090ns          240266 1c008834 f6bff06f jal              x0, -150           
14033149ns          240269 1c00879e 1c0007b7 lui              x15, 0x1c000000     x15=1c000000
14033169ns          240270 1c0087a2 01c7a783 lw               x15, 28(x15)        x15=3fc90fdb x15:1c000000  PA:1c00001c
14033487ns          240286 1c0087a6 a0f517d3 flt.s            x15, f10, f15       x15=00000000 f10:40129fca f15:3fc90fdb
14033507ns          240287 1c0087aa 02079563 bne              x15, x0, 42         x15:00000000
14033527ns          240288 1c0087ac 1c0007b7 lui              x15, 0x1c000000     x15=1c000000
14033547ns          240289 1c0087b0 1007a783 lw               x15, 256(x15)       x15=40490fdb x15:1c000000  PA:1c000100
14033865ns          240305 1c0087b4 a0f51753 flt.s            x14, f10, f15       x14=00000001 f10:40129fca f15:40490fdb
14033885ns          240306 1c0087b8 06071f63 bne              x14, x0, 126        x14:00000001
14033965ns          240310 1c008836 08a7f553 fsub.s           f10, f15, f10       f10=xxxxxxxx f15:40490fdb f10:40129fca
14033985ns          240311 1c00883a 10a57553 fmul.s           f10, f10, f10       f10=xxxxxxxx f10:3f59c044 f10:3f59c044
14034005ns          240312 1c00883e 1c0007b7 lui              x15, 0x1c000000     x15=1c000000
14034024ns          240313 1c008842 1c000737 lui              x14, 0x1c000000     x14=1c000000
14034044ns          240314 1c008846 13472703 lw               x14, 308(x14)       x14=bab59551 x14:1c000000  PA:1c000134
14034343ns          240329 1c00884a 1307a783 lw               x15, 304(x15)       x15=37c23ab1 x15:1c000000  PA:1c000130
14034661ns          240345 1c00884e 70f577c3 fmadd.s          f15, f10, f15, f14  f15=xxxxxxxx f10:3f393784 f15:37c23ab1 f14:bab59551
14034681ns          240346 1c008852 1c000737 lui              x14, 0x1c000000     x14=1c000000
14034701ns          240347 1c008856 13872703 lw               x14, 312(x14)       x14=3d2aa76f x14:1c000000  PA:1c000138
14035019ns          240363 1c00885a 70f577c3 fmadd.s          f15, f10, f15, f14  f15=xxxxxxxx f10:3f393784 f15:bab36337 f14:3d2aa76f
14035039ns          240364 1c00885e 1c000737 lui              x14, 0x1c000000     x14=1c000000
14035059ns          240365 1c008862 13c72703 lw               x14, 316(x14)       x14=beffffe0 x14:1c000000  PA:1c00013c
14035397ns          240382 1c008866 70f577c3 fmadd.s          f15, f10, f15, f14  f15=xxxxxxxx f10:3f393784 f15:3d269922 f14:beffffe0
14035417ns          240383 1c00886a 1c000737 lui              x14, 0x1c000000     x14=1c000000
14035437ns          240384 1c00886e 16872703 lw               x14, 360(x14)       x14=3f7fffff x14:1c000000  PA:1c000168
14035755ns          240400 1c008872 70f57543 fmadd.s          f10, f10, f15, f14  f10=xxxxxxxx f10:3f393784 f15:bef0eec7 f14:3f7fffff
14035775ns          240401 1c008876 20a51553 fsgnjn.s         f10, f10, f10       f10=xxxxxxxx f10:3f28d798 f10:3f28d798
14035795ns          240402 1c00887a 00008067 jalr             x0, x1, 0            x1:1c0081de
14035854ns          240405 1c0081de 016a7a53 fadd.s           f20, f20, f22       f20=xxxxxxxx f20:407727b7 f22:3eaaa273
14035874ns          240406 1c0081e2 10acf553 fmul.s           f10, f25, f10       f10=xxxxxxxx f25:3f800000 f10:bf28d798
14035894ns          240407 1c0081e6 a14a97d3 flt.s            x15, f21, f20       x15=00000000 f21:40c90fdb f20:40863e03
14035914ns          240408 1c0081ea 00a4222b p.sw             x10, 4(x8!)          x8=10001604 x10:bf28d798  x8:10001600  PA:10001600
14035934ns          240409 1c0081ee 00078363 beq              x15, x0, 6          x15:00000000
14035994ns          240412 1c0081f4 ff7412e3 bne              x8, x23, -28         x8:10001604 x23:100017c8
14036053ns          240415 1c0081d8 094c7553 fsub.s           f10, f24, f20       f10=xxxxxxxx f24:3fc90fdb f20:40863e03
14036073ns          240416 1c0081dc 57c000ef jal              x1, 1404             x1=1c0081de
14036113ns          240418 1c008758 a0a527d3 feq.s            x15, f10, f10       x15=00000001 f10:c027f418 f10:c027f418
14036133ns          240419 1c00875c 0a078b63 beq              x15, x0, 182        x15:00000001
14036153ns          240420 1c00875e e00517d3 fclass.s         x15, f10            x15=00000002 f10:c027f418
14036173ns          240421 1c008762 0817f793 andi             x15, x15, 129       x15=00000000 x15:00000002
14036193ns          240422 1c008766 0a079663 bne              x15, x0, 172        x15:00000000
14036212ns          240423 1c008768 00000793 addi             x15, x0, 0          x15=00000000
14036232ns          240424 1c00876c a0f517d3 flt.s            x15, f10, f15       x15=00000001 f10:c027f418 f15:00000000
14036252ns          240425 1c008770 0a079663 bne              x15, x0, 172        x15:00000001
14036312ns          240428 1c00881c 1c0007b7 lui              x15, 0x1c000000     x15=1c000000
14036332ns          240429 1c008820 12c7a783 lw               x15, 300(x15)       x15=c0c90fdb x15:1c000000  PA:1c00012c
14036670ns          240446 1c008824 a0f517d3 flt.s            x15, f10, f15       x15=00000000 f10:c027f418 f15:c0c90fdb
14036690ns          240447 1c008828 00078463 beq              x15, x0, 8          x15:00000000
14036749ns          240450 1c008830 20a51553 fsgnjn.s         f10, f10, f10       f10=xxxxxxxx f10:c027f418 f10:c027f418
14036769ns          240451 1c008834 f6bff06f jal              x0, -150           
14036829ns          240454 1c00879e 1c0007b7 lui              x15, 0x1c000000     x15=1c000000
14036849ns          240455 1c0087a2 01c7a783 lw               x15, 28(x15)        x15=3fc90fdb x15:1c000000  PA:1c00001c
14037167ns          240471 1c0087a6 a0f517d3 flt.s            x15, f10, f15       x15=00000000 f10:4027f418 f15:3fc90fdb
14037187ns          240472 1c0087aa 02079563 bne              x15, x0, 42         x15:00000000
14037207ns          240473 1c0087ac 1c0007b7 lui              x15, 0x1c000000     x15=1c000000
14037227ns          240474 1c0087b0 1007a783 lw               x15, 256(x15)       x15=40490fdb x15:1c000000  PA:1c000100
14037565ns          240491 1c0087b4 a0f51753 flt.s            x14, f10, f15       x14=00000001 f10:4027f418 f15:40490fdb
14037585ns          240492 1c0087b8 06071f63 bne              x14, x0, 126        x14:00000001
14037664ns          240496 1c008836 08a7f553 fsub.s           f10, f15, f10       f10=xxxxxxxx f15:40490fdb f10:4027f418
14037684ns          240497 1c00883a 10a57553 fmul.s           f10, f10, f10       f10=xxxxxxxx f10:3f046f0c f10:3f046f0c
14037704ns          240498 1c00883e 1c0007b7 lui              x15, 0x1c000000     x15=1c000000
14037724ns          240499 1c008842 1c000737 lui              x14, 0x1c000000     x14=1c000000
14037744ns          240500 1c008846 13472703 lw               x14, 308(x14)       x14=bab59551 x14:1c000000  PA:1c000134
14038082ns          240517 1c00884a 1307a783 lw               x15, 304(x15)       x15=37c23ab1 x15:1c000000  PA:1c000130
14038400ns          240533 1c00884e 70f577c3 fmadd.s          f15, f10, f15, f14  f15=xxxxxxxx f10:3e890569 f15:37c23ab1 f14:bab59551
14038420ns          240534 1c008852 1c000737 lui              x14, 0x1c000000     x14=1c000000
14038440ns          240535 1c008856 13872703 lw               x14, 312(x14)       x14=3d2aa76f x14:1c000000  PA:1c000138
14038758ns          240551 1c00885a 70f577c3 fmadd.s          f15, f10, f15, f14  f15=xxxxxxxx f10:3e890569 f15:bab4c566 f14:3d2aa76f
14038778ns          240552 1c00885e 1c000737 lui              x14, 0x1c000000     x14=1c000000
14038798ns          240553 1c008862 13c72703 lw               x14, 316(x14)       x14=beffffe0 x14:1c000000  PA:1c00013c
14039116ns          240569 1c008866 70f577c3 fmadd.s          f15, f10, f15, f14  f15=xxxxxxxx f10:3e890569 f15:3d292469 f14:beffffe0
14039136ns          240570 1c00886a 1c000737 lui              x14, 0x1c000000     x14=1c000000
14039156ns          240571 1c00886e 16872703 lw               x14, 360(x14)       x14=3f7fffff x14:1c000000  PA:1c000168
14039475ns          240587 1c008872 70f57543 fmadd.s          f10, f10, f15, f14  f10=xxxxxxxx f10:3e890569 f15:befa575f f14:3f7fffff
14039494ns          240588 1c008876 20a51553 fsgnjn.s         f10, f10, f10       f10=xxxxxxxx f10:3f5e807c f10:3f5e807c
14039514ns          240589 1c00887a 00008067 jalr             x0, x1, 0            x1:1c0081de
14039574ns          240592 1c0081de 016a7a53 fadd.s           f20, f20, f22       f20=xxxxxxxx f20:40863e03 f22:3eaaa273
14039594ns          240593 1c0081e2 10acf553 fmul.s           f10, f25, f10       f10=xxxxxxxx f25:3f800000 f10:bf5e807c
14039614ns          240594 1c0081e6 a14a97d3 flt.s            x15, f21, f20       x15=00000000 f21:40c90fdb f20:4090e82a
14039634ns          240595 1c0081ea 00a4222b p.sw             x10, 4(x8!)          x8=10001608 x10:bf5e807c  x8:10001604  PA:10001604
14039654ns          240596 1c0081ee 00078363 beq              x15, x0, 6          x15:00000000
14039713ns          240599 1c0081f4 ff7412e3 bne              x8, x23, -28         x8:10001608 x23:100017c8
14039773ns          240602 1c0081d8 094c7553 fsub.s           f10, f24, f20       f10=xxxxxxxx f24:3fc90fdb f20:4090e82a
14039793ns          240603 1c0081dc 57c000ef jal              x1, 1404             x1=1c0081de
14039833ns          240605 1c008758 a0a527d3 feq.s            x15, f10, f10       x15=00000001 f10:c03d4866 f10:c03d4866
14039852ns          240606 1c00875c 0a078b63 beq              x15, x0, 182        x15:00000001
14039872ns          240607 1c00875e e00517d3 fclass.s         x15, f10            x15=00000002 f10:c03d4866
14039892ns          240608 1c008762 0817f793 andi             x15, x15, 129       x15=00000000 x15:00000002
14039912ns          240609 1c008766 0a079663 bne              x15, x0, 172        x15:00000000
14039932ns          240610 1c008768 00000793 addi             x15, x0, 0          x15=00000000
14039952ns          240611 1c00876c a0f517d3 flt.s            x15, f10, f15       x15=00000001 f10:c03d4866 f15:00000000
14039972ns          240612 1c008770 0a079663 bne              x15, x0, 172        x15:00000001
14040031ns          240615 1c00881c 1c0007b7 lui              x15, 0x1c000000     x15=1c000000
14040051ns          240616 1c008820 12c7a783 lw               x15, 300(x15)       x15=c0c90fdb x15:1c000000  PA:1c00012c
14040370ns          240632 1c008824 a0f517d3 flt.s            x15, f10, f15       x15=00000000 f10:c03d4866 f15:c0c90fdb
14040389ns          240633 1c008828 00078463 beq              x15, x0, 8          x15:00000000
14040449ns          240636 1c008830 20a51553 fsgnjn.s         f10, f10, f10       f10=xxxxxxxx f10:c03d4866 f10:c03d4866
14040469ns          240637 1c008834 f6bff06f jal              x0, -150           
14040529ns          240640 1c00879e 1c0007b7 lui              x15, 0x1c000000     x15=1c000000
14040549ns          240641 1c0087a2 01c7a783 lw               x15, 28(x15)        x15=3fc90fdb x15:1c000000  PA:1c00001c
14040867ns          240657 1c0087a6 a0f517d3 flt.s            x15, f10, f15       x15=00000000 f10:403d4866 f15:3fc90fdb
14040887ns          240658 1c0087aa 02079563 bne              x15, x0, 42         x15:00000000
14040907ns          240659 1c0087ac 1c0007b7 lui              x15, 0x1c000000     x15=1c000000
14040927ns          240660 1c0087b0 1007a783 lw               x15, 256(x15)       x15=40490fdb x15:1c000000  PA:1c000100
14041245ns          240676 1c0087b4 a0f51753 flt.s            x14, f10, f15       x14=00000001 f10:403d4866 f15:40490fdb
14041265ns          240677 1c0087b8 06071f63 bne              x14, x0, 126        x14:00000001
14041344ns          240681 1c008836 08a7f553 fsub.s           f10, f15, f10       f10=xxxxxxxx f15:40490fdb f10:403d4866
14041364ns          240682 1c00883a 10a57553 fmul.s           f10, f10, f10       f10=xxxxxxxx f10:3e3c7750 f10:3e3c7750
14041384ns          240683 1c00883e 1c0007b7 lui              x15, 0x1c000000     x15=1c000000
14041404ns          240684 1c008842 1c000737 lui              x14, 0x1c000000     x14=1c000000
14041424ns          240685 1c008846 13472703 lw               x14, 308(x14)       x14=bab59551 x14:1c000000  PA:1c000134
14041722ns          240700 1c00884a 1307a783 lw               x15, 304(x15)       x15=37c23ab1 x15:1c000000  PA:1c000130
14042040ns          240716 1c00884e 70f577c3 fmadd.s          f15, f10, f15, f14  f15=xxxxxxxx f10:3d0abf75 f15:37c23ab1 f14:bab59551
14042060ns          240717 1c008852 1c000737 lui              x14, 0x1c000000     x14=1c000000
14042080ns          240718 1c008856 13872703 lw               x14, 312(x14)       x14=3d2aa76f x14:1c000000  PA:1c000138
14042438ns          240736 1c00885a 70f577c3 fmadd.s          f15, f10, f15, f14  f15=xxxxxxxx f10:3d0abf75 f15:bab57b00 f14:3d2aa76f
14042458ns          240737 1c00885e 1c000737 lui              x14, 0x1c000000     x14=1c000000
14042478ns          240738 1c008862 13c72703 lw               x14, 316(x14)       x14=beffffe0 x14:1c000000  PA:1c00013c
14042796ns          240754 1c008866 70f577c3 fmadd.s          f15, f10, f15, f14  f15=xxxxxxxx f10:3d0abf75 f15:3d2a7641 f14:beffffe0
14042816ns          240755 1c00886a 1c000737 lui              x14, 0x1c000000     x14=1c000000
14042836ns          240756 1c00886e 16872703 lw               x14, 360(x14)       x14=3f7fffff x14:1c000000  PA:1c000168
14043154ns          240772 1c008872 70f57543 fmadd.s          f10, f10, f15, f14  f10=xxxxxxxx f10:3d0abf75 f15:beff471a f14:3f7fffff
14043174ns          240773 1c008876 20a51553 fsgnjn.s         f10, f10, f10       f10=xxxxxxxx f10:3f7bad25 f10:3f7bad25
14043194ns          240774 1c00887a 00008067 jalr             x0, x1, 0            x1:1c0081de
14043254ns          240777 1c0081de 016a7a53 fadd.s           f20, f20, f22       f20=xxxxxxxx f20:4090e82a f22:3eaaa273
14043274ns          240778 1c0081e2 10acf553 fmul.s           f10, f25, f10       f10=xxxxxxxx f25:3f800000 f10:bf7bad25
14043294ns          240779 1c0081e6 a14a97d3 flt.s            x15, f21, f20       x15=00000000 f21:40c90fdb f20:409b9251
14043313ns          240780 1c0081ea 00a4222b p.sw             x10, 4(x8!)          x8=1000160c x10:bf7bad25  x8:10001608  PA:10001608
14043333ns          240781 1c0081ee 00078363 beq              x15, x0, 6          x15:00000000
14043393ns          240784 1c0081f4 ff7412e3 bne              x8, x23, -28         x8:1000160c x23:100017c8
14043453ns          240787 1c0081d8 094c7553 fsub.s           f10, f24, f20       f10=xxxxxxxx f24:3fc90fdb f20:409b9251
14043473ns          240788 1c0081dc 57c000ef jal              x1, 1404             x1=1c0081de
14043512ns          240790 1c008758 a0a527d3 feq.s            x15, f10, f10       x15=00000001 f10:c0529cb4 f10:c0529cb4
14043532ns          240791 1c00875c 0a078b63 beq              x15, x0, 182        x15:00000001
14043552ns          240792 1c00875e e00517d3 fclass.s         x15, f10            x15=00000002 f10:c0529cb4
14043572ns          240793 1c008762 0817f793 andi             x15, x15, 129       x15=00000000 x15:00000002
14043592ns          240794 1c008766 0a079663 bne              x15, x0, 172        x15:00000000
14043612ns          240795 1c008768 00000793 addi             x15, x0, 0          x15=00000000
14043632ns          240796 1c00876c a0f517d3 flt.s            x15, f10, f15       x15=00000001 f10:c0529cb4 f15:00000000
14043652ns          240797 1c008770 0a079663 bne              x15, x0, 172        x15:00000001
14043711ns          240800 1c00881c 1c0007b7 lui              x15, 0x1c000000     x15=1c000000
14043731ns          240801 1c008820 12c7a783 lw               x15, 300(x15)       x15=c0c90fdb x15:1c000000  PA:1c00012c
14044109ns          240820 1c008824 a0f517d3 flt.s            x15, f10, f15       x15=00000000 f10:c0529cb4 f15:c0c90fdb
14044129ns          240821 1c008828 00078463 beq              x15, x0, 8          x15:00000000
14044189ns          240824 1c008830 20a51553 fsgnjn.s         f10, f10, f10       f10=xxxxxxxx f10:c0529cb4 f10:c0529cb4
14044209ns          240825 1c008834 f6bff06f jal              x0, -150           
14044268ns          240828 1c00879e 1c0007b7 lui              x15, 0x1c000000     x15=1c000000
14044288ns          240829 1c0087a2 01c7a783 lw               x15, 28(x15)        x15=3fc90fdb x15:1c000000  PA:1c00001c
14044606ns          240845 1c0087a6 a0f517d3 flt.s            x15, f10, f15       x15=00000000 f10:40529cb4 f15:3fc90fdb
14044626ns          240846 1c0087aa 02079563 bne              x15, x0, 42         x15:00000000
14044646ns          240847 1c0087ac 1c0007b7 lui              x15, 0x1c000000     x15=1c000000
14044666ns          240848 1c0087b0 1007a783 lw               x15, 256(x15)       x15=40490fdb x15:1c000000  PA:1c000100
14045004ns          240865 1c0087b4 a0f51753 flt.s            x14, f10, f15       x14=00000000 f10:40529cb4 f15:40490fdb
14045024ns          240866 1c0087b8 06071f63 bne              x14, x0, 126        x14:00000000
14045044ns          240867 1c0087ba 1c000737 lui              x14, 0x1c000000     x14=1c000000
14045064ns          240868 1c0087be 14072703 lw               x14, 320(x14)       x14=4096cbe4 x14:1c000000  PA:1c000140
14045402ns          240885 1c0087c2 a0e51753 flt.s            x14, f10, f14       x14=00000001 f10:40529cb4 f14:4096cbe4
14045422ns          240886 1c0087c6 0a071b63 bne              x14, x0, 182        x14:00000001
14045482ns          240889 1c00887c 08f57553 fsub.s           f10, f10, f15       f10=xxxxxxxx f10:40529cb4 f15:40490fdb
14045501ns          240890 1c008880 fbbff06f jal              x0, -70            
14045561ns          240893 1c00883a 10a57553 fmul.s           f10, f10, f10       f10=xxxxxxxx f10:3e18cd90 f10:3e18cd90
14045581ns          240894 1c00883e 1c0007b7 lui              x15, 0x1c000000     x15=1c000000
14045601ns          240895 1c008842 1c000737 lui              x14, 0x1c000000     x14=1c000000
14045621ns          240896 1c008846 13472703 lw               x14, 308(x14)       x14=bab59551 x14:1c000000  PA:1c000134
14045939ns          240912 1c00884a 1307a783 lw               x15, 304(x15)       x15=37c23ab1 x15:1c000000  PA:1c000130
14046257ns          240928 1c00884e 70f577c3 fmadd.s          f15, f10, f15, f14  f15=xxxxxxxx f10:3cb66980 f15:37c23ab1 f14:bab59551
14046277ns          240929 1c008852 1c000737 lui              x14, 0x1c000000     x14=1c000000
14046297ns          240930 1c008856 13872703 lw               x14, 312(x14)       x14=3d2aa76f x14:1c000000  PA:1c000138
14046615ns          240946 1c00885a 70f577c3 fmadd.s          f15, f10, f15, f14  f15=xxxxxxxx f10:3cb66980 f15:bab58404 f14:3d2aa76f
14046635ns          240947 1c00885e 1c000737 lui              x14, 0x1c000000     x14=1c000000
14046655ns          240948 1c008862 13c72703 lw               x14, 316(x14)       x14=beffffe0 x14:1c000000  PA:1c00013c
14046973ns          240964 1c008866 70f577c3 fmadd.s          f15, f10, f15, f14  f15=xxxxxxxx f10:3cb66980 f15:3d2a8719 f14:beffffe0
14046993ns          240965 1c00886a 1c000737 lui              x14, 0x1c000000     x14=1c000000
14047013ns          240966 1c00886e 16872703 lw               x14, 360(x14)       x14=3f7fffff x14:1c000000  PA:1c000168
14047331ns          240982 1c008872 70f57543 fmadd.s          f10, f10, f15, f14  f10=xxxxxxxx f10:3cb66980 f15:beff865e f14:3f7fffff
14047351ns          240983 1c008876 20a51553 fsgnjn.s         f10, f10, f10       f10=xxxxxxxx f10:3f7d27b4 f10:3f7d27b4
14047371ns          240984 1c00887a 00008067 jalr             x0, x1, 0            x1:1c0081de
14047431ns          240987 1c0081de 016a7a53 fadd.s           f20, f20, f22       f20=xxxxxxxx f20:409b9251 f22:3eaaa273
14047451ns          240988 1c0081e2 10acf553 fmul.s           f10, f25, f10       f10=xxxxxxxx f25:3f800000 f10:bf7d27b4
14047471ns          240989 1c0081e6 a14a97d3 flt.s            x15, f21, f20       x15=00000000 f21:40c90fdb f20:40a63c78
14047490ns          240990 1c0081ea 00a4222b p.sw             x10, 4(x8!)          x8=10001610 x10:bf7d27b4  x8:1000160c  PA:1000160c
14047510ns          240991 1c0081ee 00078363 beq              x15, x0, 6          x15:00000000
14047570ns          240994 1c0081f4 ff7412e3 bne              x8, x23, -28         x8:10001610 x23:100017c8
14047630ns          240997 1c0081d8 094c7553 fsub.s           f10, f24, f20       f10=xxxxxxxx f24:3fc90fdb f20:40a63c78
14047650ns          240998 1c0081dc 57c000ef jal              x1, 1404             x1=1c0081de
14047689ns          241000 1c008758 a0a527d3 feq.s            x15, f10, f10       x15=00000001 f10:c067f102 f10:c067f102
14047709ns          241001 1c00875c 0a078b63 beq              x15, x0, 182        x15:00000001
14047729ns          241002 1c00875e e00517d3 fclass.s         x15, f10            x15=00000002 f10:c067f102
14047749ns          241003 1c008762 0817f793 andi             x15, x15, 129       x15=00000000 x15:00000002
14047769ns          241004 1c008766 0a079663 bne              x15, x0, 172        x15:00000000
14047789ns          241005 1c008768 00000793 addi             x15, x0, 0          x15=00000000
14047809ns          241006 1c00876c a0f517d3 flt.s            x15, f10, f15       x15=00000001 f10:c067f102 f15:00000000
14047829ns          241007 1c008770 0a079663 bne              x15, x0, 172        x15:00000001
14047888ns          241010 1c00881c 1c0007b7 lui              x15, 0x1c000000     x15=1c000000
14047908ns          241011 1c008820 12c7a783 lw               x15, 300(x15)       x15=c0c90fdb x15:1c000000  PA:1c00012c
14048246ns          241028 1c008824 a0f517d3 flt.s            x15, f10, f15       x15=00000000 f10:c067f102 f15:c0c90fdb
14048266ns          241029 1c008828 00078463 beq              x15, x0, 8          x15:00000000
14048326ns          241032 1c008830 20a51553 fsgnjn.s         f10, f10, f10       f10=xxxxxxxx f10:c067f102 f10:c067f102
14048346ns          241033 1c008834 f6bff06f jal              x0, -150           
14048405ns          241036 1c00879e 1c0007b7 lui              x15, 0x1c000000     x15=1c000000
14048425ns          241037 1c0087a2 01c7a783 lw               x15, 28(x15)        x15=3fc90fdb x15:1c000000  PA:1c00001c
14048744ns          241053 1c0087a6 a0f517d3 flt.s            x15, f10, f15       x15=00000000 f10:4067f102 f15:3fc90fdb
14048763ns          241054 1c0087aa 02079563 bne              x15, x0, 42         x15:00000000
14048783ns          241055 1c0087ac 1c0007b7 lui              x15, 0x1c000000     x15=1c000000
14048803ns          241056 1c0087b0 1007a783 lw               x15, 256(x15)       x15=40490fdb x15:1c000000  PA:1c000100
14049122ns          241072 1c0087b4 a0f51753 flt.s            x14, f10, f15       x14=00000000 f10:4067f102 f15:40490fdb
14049141ns          241073 1c0087b8 06071f63 bne              x14, x0, 126        x14:00000000
14049161ns          241074 1c0087ba 1c000737 lui              x14, 0x1c000000     x14=1c000000
14049181ns          241075 1c0087be 14072703 lw               x14, 320(x14)       x14=4096cbe4 x14:1c000000  PA:1c000140
14049519ns          241092 1c0087c2 a0e51753 flt.s            x14, f10, f14       x14=00000001 f10:4067f102 f14:4096cbe4
14049539ns          241093 1c0087c6 0a071b63 bne              x14, x0, 182        x14:00000001
14049599ns          241096 1c00887c 08f57553 fsub.s           f10, f10, f15       f10=xxxxxxxx f10:4067f102 f15:40490fdb
14049619ns          241097 1c008880 fbbff06f jal              x0, -70            
14049678ns          241100 1c00883a 10a57553 fmul.s           f10, f10, f10       f10=xxxxxxxx f10:3ef70938 f10:3ef70938
14049698ns          241101 1c00883e 1c0007b7 lui              x15, 0x1c000000     x15=1c000000
14049718ns          241102 1c008842 1c000737 lui              x14, 0x1c000000     x14=1c000000
14049738ns          241103 1c008846 13472703 lw               x14, 308(x14)       x14=bab59551 x14:1c000000  PA:1c000134
14050037ns          241118 1c00884a 1307a783 lw               x15, 304(x15)       x15=37c23ab1 x15:1c000000  PA:1c000130
14050355ns          241134 1c00884e 70f577c3 fmadd.s          f15, f10, f15, f14  f15=xxxxxxxx f10:3e6e62ca f15:37c23ab1 f14:bab59551
14050375ns          241135 1c008852 1c000737 lui              x14, 0x1c000000     x14=1c000000
14050395ns          241136 1c008856 13872703 lw               x14, 312(x14)       x14=3d2aa76f x14:1c000000  PA:1c000138
14050713ns          241152 1c00885a 70f577c3 fmadd.s          f15, f10, f15, f14  f15=xxxxxxxx f10:3e6e62ca f15:bab4e073 f14:3d2aa76f
14050733ns          241153 1c00885e 1c000737 lui              x14, 0x1c000000     x14=1c000000
14050753ns          241154 1c008862 13c72703 lw               x14, 316(x14)       x14=beffffe0 x14:1c000000  PA:1c00013c
14051071ns          241170 1c008866 70f577c3 fmadd.s          f15, f10, f15, f14  f15=xxxxxxxx f10:3e6e62ca f15:3d295692 f14:beffffe0
14051091ns          241171 1c00886a 1c000737 lui              x14, 0x1c000000     x14=1c000000
14051111ns          241172 1c00886e 16872703 lw               x14, 360(x14)       x14=3f7fffff x14:1c000000  PA:1c000168
14051429ns          241188 1c008872 70f57543 fmadd.s          f10, f10, f15, f14  f10=xxxxxxxx f10:3e6e62ca f15:befb1261 f14:3f7fffff
14051449ns          241189 1c008876 20a51553 fsgnjn.s         f10, f10, f10       f10=xxxxxxxx f10:3f62c680 f10:3f62c680
14051469ns          241190 1c00887a 00008067 jalr             x0, x1, 0            x1:1c0081de
14051528ns          241193 1c0081de 016a7a53 fadd.s           f20, f20, f22       f20=xxxxxxxx f20:40a63c78 f22:3eaaa273
14051548ns          241194 1c0081e2 10acf553 fmul.s           f10, f25, f10       f10=xxxxxxxx f25:3f800000 f10:bf62c680
14051568ns          241195 1c0081e6 a14a97d3 flt.s            x15, f21, f20       x15=00000000 f21:40c90fdb f20:40b0e69f
14051588ns          241196 1c0081ea 00a4222b p.sw             x10, 4(x8!)          x8=10001614 x10:bf62c680  x8:10001610  PA:10001610
14051608ns          241197 1c0081ee 00078363 beq              x15, x0, 6          x15:00000000
14051668ns          241200 1c0081f4 ff7412e3 bne              x8, x23, -28         x8:10001614 x23:100017c8
14051727ns          241203 1c0081d8 094c7553 fsub.s           f10, f24, f20       f10=xxxxxxxx f24:3fc90fdb f20:40b0e69f
14051747ns          241204 1c0081dc 57c000ef jal              x1, 1404             x1=1c0081de
14051787ns          241206 1c008758 a0a527d3 feq.s            x15, f10, f10       x15=00000001 f10:c07d4550 f10:c07d4550
14051807ns          241207 1c00875c 0a078b63 beq              x15, x0, 182        x15:00000001
14051827ns          241208 1c00875e e00517d3 fclass.s         x15, f10            x15=00000002 f10:c07d4550
14051847ns          241209 1c008762 0817f793 andi             x15, x15, 129       x15=00000000 x15:00000002
14051866ns          241210 1c008766 0a079663 bne              x15, x0, 172        x15:00000000
14051886ns          241211 1c008768 00000793 addi             x15, x0, 0          x15=00000000
14051906ns          241212 1c00876c a0f517d3 flt.s            x15, f10, f15       x15=00000001 f10:c07d4550 f15:00000000
14051926ns          241213 1c008770 0a079663 bne              x15, x0, 172        x15:00000001
14051986ns          241216 1c00881c 1c0007b7 lui              x15, 0x1c000000     x15=1c000000
14052006ns          241217 1c008820 12c7a783 lw               x15, 300(x15)       x15=c0c90fdb x15:1c000000  PA:1c00012c
14052324ns          241233 1c008824 a0f517d3 flt.s            x15, f10, f15       x15=00000000 f10:c07d4550 f15:c0c90fdb
14052344ns          241234 1c008828 00078463 beq              x15, x0, 8          x15:00000000
14052404ns          241237 1c008830 20a51553 fsgnjn.s         f10, f10, f10       f10=xxxxxxxx f10:c07d4550 f10:c07d4550
14052423ns          241238 1c008834 f6bff06f jal              x0, -150           
14052483ns          241241 1c00879e 1c0007b7 lui              x15, 0x1c000000     x15=1c000000
14052503ns          241242 1c0087a2 01c7a783 lw               x15, 28(x15)        x15=3fc90fdb x15:1c000000  PA:1c00001c
14052821ns          241258 1c0087a6 a0f517d3 flt.s            x15, f10, f15       x15=00000000 f10:407d4550 f15:3fc90fdb
14052841ns          241259 1c0087aa 02079563 bne              x15, x0, 42         x15:00000000
14052861ns          241260 1c0087ac 1c0007b7 lui              x15, 0x1c000000     x15=1c000000
14052881ns          241261 1c0087b0 1007a783 lw               x15, 256(x15)       x15=40490fdb x15:1c000000  PA:1c000100
14053199ns          241277 1c0087b4 a0f51753 flt.s            x14, f10, f15       x14=00000000 f10:407d4550 f15:40490fdb
14053219ns          241278 1c0087b8 06071f63 bne              x14, x0, 126        x14:00000000
14053239ns          241279 1c0087ba 1c000737 lui              x14, 0x1c000000     x14=1c000000
14053259ns          241280 1c0087be 14072703 lw               x14, 320(x14)       x14=4096cbe4 x14:1c000000  PA:1c000140
14053597ns          241297 1c0087c2 a0e51753 flt.s            x14, f10, f14       x14=00000001 f10:407d4550 f14:4096cbe4
14053617ns          241298 1c0087c6 0a071b63 bne              x14, x0, 182        x14:00000001
14053677ns          241301 1c00887c 08f57553 fsub.s           f10, f10, f15       f10=xxxxxxxx f10:407d4550 f15:40490fdb
14053696ns          241302 1c008880 fbbff06f jal              x0, -70            
14053756ns          241305 1c00883a 10a57553 fmul.s           f10, f10, f10       f10=xxxxxxxx f10:3f50d5d4 f10:3f50d5d4
14053776ns          241306 1c00883e 1c0007b7 lui              x15, 0x1c000000     x15=1c000000
14053796ns          241307 1c008842 1c000737 lui              x14, 0x1c000000     x14=1c000000
14053816ns          241308 1c008846 13472703 lw               x14, 308(x14)       x14=bab59551 x14:1c000000  PA:1c000134
14054114ns          241323 1c00884a 1307a783 lw               x15, 304(x15)       x15=37c23ab1 x15:1c000000  PA:1c000130
14054432ns          241339 1c00884e 70f577c3 fmadd.s          f15, f10, f15, f14  f15=xxxxxxxx f10:3f2a5c2b f15:37c23ab1 f14:bab59551
14054452ns          241340 1c008852 1c000737 lui              x14, 0x1c000000     x14=1c000000
14054472ns          241341 1c008856 13872703 lw               x14, 312(x14)       x14=3d2aa76f x14:1c000000  PA:1c000138
14054790ns          241357 1c00885a 70f577c3 fmadd.s          f15, f10, f15, f14  f15=xxxxxxxx f10:3f2a5c2b f15:bab3904d f14:3d2aa76f
14054810ns          241358 1c00885e 1c000737 lui              x14, 0x1c000000     x14=1c000000
14054830ns          241359 1c008862 13c72703 lw               x14, 316(x14)       x14=beffffe0 x14:1c000000  PA:1c00013c
14055148ns          241375 1c008866 70f577c3 fmadd.s          f15, f10, f15, f14  f15=xxxxxxxx f10:3f2a5c2b f15:3d26eb7b f14:beffffe0
14055168ns          241376 1c00886a 1c000737 lui              x14, 0x1c000000     x14=1c000000
14055188ns          241377 1c00886e 16872703 lw               x14, 360(x14)       x14=3f7fffff x14:1c000000  PA:1c000168
14055506ns          241393 1c008872 70f57543 fmadd.s          f10, f10, f15, f14  f10=xxxxxxxx f10:3f2a5c2b f15:bef21d51 f14:3f7fffff
14055526ns          241394 1c008876 20a51553 fsgnjn.s         f10, f10, f10       f10=xxxxxxxx f10:3f2f70ae f10:3f2f70ae
14055546ns          241395 1c00887a 00008067 jalr             x0, x1, 0            x1:1c0081de
14055606ns          241398 1c0081de 016a7a53 fadd.s           f20, f20, f22       f20=xxxxxxxx f20:40b0e69f f22:3eaaa273
14055626ns          241399 1c0081e2 10acf553 fmul.s           f10, f25, f10       f10=xxxxxxxx f25:3f800000 f10:bf2f70ae
14055646ns          241400 1c0081e6 a14a97d3 flt.s            x15, f21, f20       x15=00000000 f21:40c90fdb f20:40bb90c6
14055666ns          241401 1c0081ea 00a4222b p.sw             x10, 4(x8!)          x8=10001618 x10:bf2f70ae  x8:10001614  PA:10001614
14055685ns          241402 1c0081ee 00078363 beq              x15, x0, 6          x15:00000000
14055745ns          241405 1c0081f4 ff7412e3 bne              x8, x23, -28         x8:10001618 x23:100017c8
14055805ns          241408 1c0081d8 094c7553 fsub.s           f10, f24, f20       f10=xxxxxxxx f24:3fc90fdb f20:40bb90c6
14055825ns          241409 1c0081dc 57c000ef jal              x1, 1404             x1=1c0081de
14055864ns          241411 1c008758 a0a527d3 feq.s            x15, f10, f10       x15=00000001 f10:c0894ccf f10:c0894ccf
14055884ns          241412 1c00875c 0a078b63 beq              x15, x0, 182        x15:00000001
14055904ns          241413 1c00875e e00517d3 fclass.s         x15, f10            x15=00000002 f10:c0894ccf
14055924ns          241414 1c008762 0817f793 andi             x15, x15, 129       x15=00000000 x15:00000002
14055944ns          241415 1c008766 0a079663 bne              x15, x0, 172        x15:00000000
14055964ns          241416 1c008768 00000793 addi             x15, x0, 0          x15=00000000
14055984ns          241417 1c00876c a0f517d3 flt.s            x15, f10, f15       x15=00000001 f10:c0894ccf f15:00000000
14056004ns          241418 1c008770 0a079663 bne              x15, x0, 172        x15:00000001
14056063ns          241421 1c00881c 1c0007b7 lui              x15, 0x1c000000     x15=1c000000
14056083ns          241422 1c008820 12c7a783 lw               x15, 300(x15)       x15=c0c90fdb x15:1c000000  PA:1c00012c
14056421ns          241439 1c008824 a0f517d3 flt.s            x15, f10, f15       x15=00000000 f10:c0894ccf f15:c0c90fdb
14056441ns          241440 1c008828 00078463 beq              x15, x0, 8          x15:00000000
14056501ns          241443 1c008830 20a51553 fsgnjn.s         f10, f10, f10       f10=xxxxxxxx f10:c0894ccf f10:c0894ccf
14056521ns          241444 1c008834 f6bff06f jal              x0, -150           
14056581ns          241447 1c00879e 1c0007b7 lui              x15, 0x1c000000     x15=1c000000
14056600ns          241448 1c0087a2 01c7a783 lw               x15, 28(x15)        x15=3fc90fdb x15:1c000000  PA:1c00001c
14056919ns          241464 1c0087a6 a0f517d3 flt.s            x15, f10, f15       x15=00000000 f10:40894ccf f15:3fc90fdb
14056939ns          241465 1c0087aa 02079563 bne              x15, x0, 42         x15:00000000
14056958ns          241466 1c0087ac 1c0007b7 lui              x15, 0x1c000000     x15=1c000000
14056978ns          241467 1c0087b0 1007a783 lw               x15, 256(x15)       x15=40490fdb x15:1c000000  PA:1c000100
14057297ns          241483 1c0087b4 a0f51753 flt.s            x14, f10, f15       x14=00000000 f10:40894ccf f15:40490fdb
14057317ns          241484 1c0087b8 06071f63 bne              x14, x0, 126        x14:00000000
14057336ns          241485 1c0087ba 1c000737 lui              x14, 0x1c000000     x14=1c000000
14057356ns          241486 1c0087be 14072703 lw               x14, 320(x14)       x14=4096cbe4 x14:1c000000  PA:1c000140
14057675ns          241502 1c0087c2 a0e51753 flt.s            x14, f10, f14       x14=00000001 f10:40894ccf f14:4096cbe4
14057694ns          241503 1c0087c6 0a071b63 bne              x14, x0, 182        x14:00000001
14057754ns          241506 1c00887c 08f57553 fsub.s           f10, f10, f15       f10=xxxxxxxx f10:40894ccf f15:40490fdb
14057774ns          241507 1c008880 fbbff06f jal              x0, -70            
14057834ns          241510 1c00883a 10a57553 fmul.s           f10, f10, f10       f10=xxxxxxxx f10:3f931386 f10:3f931386
14057854ns          241511 1c00883e 1c0007b7 lui              x15, 0x1c000000     x15=1c000000
14057873ns          241512 1c008842 1c000737 lui              x14, 0x1c000000     x14=1c000000
14057893ns          241513 1c008846 13472703 lw               x14, 308(x14)       x14=bab59551 x14:1c000000  PA:1c000134
14058192ns          241528 1c00884a 1307a783 lw               x15, 304(x15)       x15=37c23ab1 x15:1c000000  PA:1c000130
14058510ns          241544 1c00884e 70f577c3 fmadd.s          f15, f10, f15, f14  f15=xxxxxxxx f10:3fa8fedb f15:37c23ab1 f14:bab59551
14058530ns          241545 1c008852 1c000737 lui              x14, 0x1c000000     x14=1c000000
14058550ns          241546 1c008856 13872703 lw               x14, 312(x14)       x14=3d2aa76f x14:1c000000  PA:1c000138
14058888ns          241563 1c00885a 70f577c3 fmadd.s          f15, f10, f15, f14  f15=xxxxxxxx f10:3fa8fedb f15:bab19392 f14:3d2aa76f
14058908ns          241564 1c00885e 1c000737 lui              x14, 0x1c000000     x14=1c000000
14058928ns          241565 1c008862 13c72703 lw               x14, 316(x14)       x14=beffffe0 x14:1c000000  PA:1c00013c
14059246ns          241581 1c008866 70f577c3 fmadd.s          f15, f10, f15, f14  f15=xxxxxxxx f10:3fa8fedb f15:3d2353d5 f14:beffffe0
14059266ns          241582 1c00886a 1c000737 lui              x14, 0x1c000000     x14=1c000000
14059286ns          241583 1c00886e 16872703 lw               x14, 360(x14)       x14=3f7fffff x14:1c000000  PA:1c000168
14059604ns          241599 1c008872 70f57543 fmadd.s          f10, f10, f15, f14  f10=xxxxxxxx f10:3fa8fedb f15:bee50b79 f14:3f7fffff
14059624ns          241600 1c008876 20a51553 fsgnjn.s         f10, f10, f10       f10=xxxxxxxx f10:3ed198e5 f10:3ed198e5
14059644ns          241601 1c00887a 00008067 jalr             x0, x1, 0            x1:1c0081de
14059703ns          241604 1c0081de 016a7a53 fadd.s           f20, f20, f22       f20=xxxxxxxx f20:40bb90c6 f22:3eaaa273
14059723ns          241605 1c0081e2 10acf553 fmul.s           f10, f25, f10       f10=xxxxxxxx f25:3f800000 f10:bed198e5
14059743ns          241606 1c0081e6 a14a97d3 flt.s            x15, f21, f20       x15=00000000 f21:40c90fdb f20:40c63aed
14059763ns          241607 1c0081ea 00a4222b p.sw             x10, 4(x8!)          x8=1000161c x10:bed198e5  x8:10001618  PA:10001618
14059783ns          241608 1c0081ee 00078363 beq              x15, x0, 6          x15:00000000
14059843ns          241611 1c0081f4 ff7412e3 bne              x8, x23, -28         x8:1000161c x23:100017c8
14059902ns          241614 1c0081d8 094c7553 fsub.s           f10, f24, f20       f10=xxxxxxxx f24:3fc90fdb f20:40c63aed
14059922ns          241615 1c0081dc 57c000ef jal              x1, 1404             x1=1c0081de
14059962ns          241617 1c008758 a0a527d3 feq.s            x15, f10, f10       x15=00000001 f10:c093f6f6 f10:c093f6f6
14059982ns          241618 1c00875c 0a078b63 beq              x15, x0, 182        x15:00000001
14060002ns          241619 1c00875e e00517d3 fclass.s         x15, f10            x15=00000002 f10:c093f6f6
14060022ns          241620 1c008762 0817f793 andi             x15, x15, 129       x15=00000000 x15:00000002
14060042ns          241621 1c008766 0a079663 bne              x15, x0, 172        x15:00000000
14060061ns          241622 1c008768 00000793 addi             x15, x0, 0          x15=00000000
14060081ns          241623 1c00876c a0f517d3 flt.s            x15, f10, f15       x15=00000001 f10:c093f6f6 f15:00000000
14060101ns          241624 1c008770 0a079663 bne              x15, x0, 172        x15:00000001
14060161ns          241627 1c00881c 1c0007b7 lui              x15, 0x1c000000     x15=1c000000
14060181ns          241628 1c008820 12c7a783 lw               x15, 300(x15)       x15=c0c90fdb x15:1c000000  PA:1c00012c
14060519ns          241645 1c008824 a0f517d3 flt.s            x15, f10, f15       x15=00000000 f10:c093f6f6 f15:c0c90fdb
14060539ns          241646 1c008828 00078463 beq              x15, x0, 8          x15:00000000
14060598ns          241649 1c008830 20a51553 fsgnjn.s         f10, f10, f10       f10=xxxxxxxx f10:c093f6f6 f10:c093f6f6
14060618ns          241650 1c008834 f6bff06f jal              x0, -150           
14060678ns          241653 1c00879e 1c0007b7 lui              x15, 0x1c000000     x15=1c000000
14060698ns          241654 1c0087a2 01c7a783 lw               x15, 28(x15)        x15=3fc90fdb x15:1c000000  PA:1c00001c
14061016ns          241670 1c0087a6 a0f517d3 flt.s            x15, f10, f15       x15=00000000 f10:4093f6f6 f15:3fc90fdb
14061036ns          241671 1c0087aa 02079563 bne              x15, x0, 42         x15:00000000
14061056ns          241672 1c0087ac 1c0007b7 lui              x15, 0x1c000000     x15=1c000000
14061076ns          241673 1c0087b0 1007a783 lw               x15, 256(x15)       x15=40490fdb x15:1c000000  PA:1c000100
14061454ns          241692 1c0087b4 a0f51753 flt.s            x14, f10, f15       x14=00000000 f10:4093f6f6 f15:40490fdb
14061474ns          241693 1c0087b8 06071f63 bne              x14, x0, 126        x14:00000000
14061494ns          241694 1c0087ba 1c000737 lui              x14, 0x1c000000     x14=1c000000
14061513ns          241695 1c0087be 14072703 lw               x14, 320(x14)       x14=4096cbe4 x14:1c000000  PA:1c000140
14061832ns          241711 1c0087c2 a0e51753 flt.s            x14, f10, f14       x14=00000001 f10:4093f6f6 f14:4096cbe4
14061852ns          241712 1c0087c6 0a071b63 bne              x14, x0, 182        x14:00000001
14061911ns          241715 1c00887c 08f57553 fsub.s           f10, f10, f15       f10=xxxxxxxx f10:4093f6f6 f15:40490fdb
14061931ns          241716 1c008880 fbbff06f jal              x0, -70            
14061991ns          241719 1c00883a 10a57553 fmul.s           f10, f10, f10       f10=xxxxxxxx f10:3fbdbc22 f10:3fbdbc22
14062011ns          241720 1c00883e 1c0007b7 lui              x15, 0x1c000000     x15=1c000000
14062031ns          241721 1c008842 1c000737 lui              x14, 0x1c000000     x14=1c000000
14062051ns          241722 1c008846 13472703 lw               x14, 308(x14)       x14=bab59551 x14:1c000000  PA:1c000134
14062349ns          241737 1c00884a 1307a783 lw               x15, 304(x15)       x15=37c23ab1 x15:1c000000  PA:1c000130
14062667ns          241753 1c00884e 70f577c3 fmadd.s          f15, f10, f15, f14  f15=xxxxxxxx f10:400c9f54 f15:37c23ab1 f14:bab59551
14062687ns          241754 1c008852 1c000737 lui              x14, 0x1c000000     x14=1c000000
14062707ns          241755 1c008856 13872703 lw               x14, 312(x14)       x14=3d2aa76f x14:1c000000  PA:1c000138
14063045ns          241772 1c00885a 70f577c3 fmadd.s          f15, f10, f15, f14  f15=xxxxxxxx f10:400c9f54 f15:baaeea41 f14:3d2aa76f
14063065ns          241773 1c00885e 1c000737 lui              x14, 0x1c000000     x14=1c000000
14063085ns          241774 1c008862 13c72703 lw               x14, 316(x14)       x14=beffffe0 x14:1c000000  PA:1c00013c
14063403ns          241790 1c008866 70f577c3 fmadd.s          f15, f10, f15, f14  f15=xxxxxxxx f10:400c9f54 f15:3d1ea4d0 f14:beffffe0
14063423ns          241791 1c00886a 1c000737 lui              x14, 0x1c000000     x14=1c000000
14063443ns          241792 1c00886e 16872703 lw               x14, 360(x14)       x14=3f7fffff x14:1c000000  PA:1c000168
14063761ns          241808 1c008872 70f57543 fmadd.s          f10, f10, f15, f14  f10=xxxxxxxx f10:400c9f54 f15:bed46d71 f14:3f7fffff
14063781ns          241809 1c008876 20a51553 fsgnjn.s         f10, f10, f10       f10=xxxxxxxx f10:3db4ff00 f10:3db4ff00
14063801ns          241810 1c00887a 00008067 jalr             x0, x1, 0            x1:1c0081de
14063861ns          241813 1c0081de 016a7a53 fadd.s           f20, f20, f22       f20=xxxxxxxx f20:40c63aed f22:3eaaa273
14063880ns          241814 1c0081e2 10acf553 fmul.s           f10, f25, f10       f10=xxxxxxxx f25:3f800000 f10:bdb4ff00
14063900ns          241815 1c0081e6 a14a97d3 flt.s            x15, f21, f20       x15=00000001 f21:40c90fdb f20:40d0e514
14063920ns          241816 1c0081ea 00a4222b p.sw             x10, 4(x8!)          x8=10001620 x10:bdb4ff00  x8:1000161c  PA:1000161c
14063940ns          241817 1c0081ee 00078363 beq              x15, x0, 6          x15:00000001
14063960ns          241818 1c0081f0 095a7a53 fsub.s           f20, f20, f21       f20=xxxxxxxx f20:40d0e514 f21:40c90fdb
14063980ns          241819 1c0081f4 ff7412e3 bne              x8, x23, -28         x8:10001620 x23:100017c8
14064040ns          241822 1c0081d8 094c7553 fsub.s           f10, f24, f20       f10=xxxxxxxx f24:3fc90fdb f20:3e7aa720
14064059ns          241823 1c0081dc 57c000ef jal              x1, 1404             x1=1c0081de
14064099ns          241825 1c008758 a0a527d3 feq.s            x15, f10, f10       x15=00000001 f10:3fa9baf7 f10:3fa9baf7
14064119ns          241826 1c00875c 0a078b63 beq              x15, x0, 182        x15:00000001
14064139ns          241827 1c00875e e00517d3 fclass.s         x15, f10            x15=00000040 f10:3fa9baf7
14064159ns          241828 1c008762 0817f793 andi             x15, x15, 129       x15=00000000 x15:00000040
14064179ns          241829 1c008766 0a079663 bne              x15, x0, 172        x15:00000000
14064199ns          241830 1c008768 00000793 addi             x15, x0, 0          x15=00000000
14064219ns          241831 1c00876c a0f517d3 flt.s            x15, f10, f15       x15=00000000 f10:3fa9baf7 f15:00000000
14064239ns          241832 1c008770 0a079663 bne              x15, x0, 172        x15:00000000
14064258ns          241833 1c008772 1c000737 lui              x14, 0x1c000000     x14=1c000000
14064278ns          241834 1c008776 02072783 lw               x15, 32(x14)        x15=40c90fdb x14:1c000000  PA:1c000020
14064597ns          241850 1c00877a a0a797d3 flt.s            x15, f15, f10       x15=00000000 f15:40c90fdb f10:3fa9baf7
14064616ns          241851 1c00877e 00078b63 beq              x15, x0, 22         x15:00000000
14064676ns          241854 1c008794 00000793 addi             x15, x0, 0          x15=00000000
14064696ns          241855 1c008798 a0f517d3 flt.s            x15, f10, f15       x15=00000000 f10:3fa9baf7 f15:00000000
14064716ns          241856 1c00879c 08079a63 bne              x15, x0, 148        x15:00000000
14064736ns          241857 1c00879e 1c0007b7 lui              x15, 0x1c000000     x15=1c000000
14064756ns          241858 1c0087a2 01c7a783 lw               x15, 28(x15)        x15=3fc90fdb x15:1c000000  PA:1c00001c
14065074ns          241874 1c0087a6 a0f517d3 flt.s            x15, f10, f15       x15=00000001 f10:3fa9baf7 f15:3fc90fdb
14065094ns          241875 1c0087aa 02079563 bne              x15, x0, 42         x15:00000001
14065153ns          241878 1c0087d4 10a57553 fmul.s           f10, f10, f10       f10=xxxxxxxx f10:3fa9baf7 f10:3fa9baf7
14065173ns          241879 1c0087d8 1c0007b7 lui              x15, 0x1c000000     x15=1c000000
14065193ns          241880 1c0087dc 1c000737 lui              x14, 0x1c000000     x14=1c000000
14065213ns          241881 1c0087e0 13472703 lw               x14, 308(x14)       x14=bab59551 x14:1c000000  PA:1c000134
14065531ns          241897 1c0087e4 1307a783 lw               x15, 304(x15)       x15=37c23ab1 x15:1c000000  PA:1c000130
14065850ns          241913 1c0087e8 70f577c3 fmadd.s          f15, f10, f15, f14  f15=xxxxxxxx f10:3fe110c5 f15:37c23ab1 f14:bab59551
14065870ns          241914 1c0087ec 1c000737 lui              x14, 0x1c000000     x14=1c000000
14065889ns          241915 1c0087f0 13872703 lw               x14, 312(x14)       x14=3d2aa76f x14:1c000000  PA:1c000138
14066208ns          241931 1c0087f4 70f577c3 fmadd.s          f15, f10, f15, f14  f15=xxxxxxxx f10:3fe110c5 f15:bab03f3f f14:3d2aa76f
14066228ns          241932 1c0087f8 1c000737 lui              x14, 0x1c000000     x14=1c000000
14066247ns          241933 1c0087fc 13c72703 lw               x14, 316(x14)       x14=beffffe0 x14:1c000000  PA:1c00013c
14066566ns          241949 1c008800 70f577c3 fmadd.s          f15, f10, f15, f14  f15=xxxxxxxx f10:3fe110c5 f15:3d20f83d f14:beffffe0
14066586ns          241950 1c008804 1c000737 lui              x14, 0x1c000000     x14=1c000000
14066606ns          241951 1c008808 16872703 lw               x14, 360(x14)       x14=3f7fffff x14:1c000000  PA:1c000168
14066924ns          241967 1c00880c 70f57543 fmadd.s          f10, f10, f15, f14  f10=xxxxxxxx f10:3fe110c5 f15:bedc9eb2 f14:3f7fffff
14066944ns          241968 1c008810 00008067 jalr             x0, x1, 0            x1:1c0081de
14067003ns          241971 1c0081de 016a7a53 fadd.s           f20, f20, f22       f20=xxxxxxxx f20:3e7aa720 f22:3eaaa273
14067023ns          241972 1c0081e2 10acf553 fmul.s           f10, f25, f10       f10=xxxxxxxx f25:3f800000 f10:3e782843
14067043ns          241973 1c0081e6 a14a97d3 flt.s            x15, f21, f20       x15=00000000 f21:40c90fdb f20:3f13fb02
14067063ns          241974 1c0081ea 00a4222b p.sw             x10, 4(x8!)          x8=10001624 x10:3e782843  x8:10001620  PA:10001620
14067083ns          241975 1c0081ee 00078363 beq              x15, x0, 6          x15:00000000
14067143ns          241978 1c0081f4 ff7412e3 bne              x8, x23, -28         x8:10001624 x23:100017c8
14067202ns          241981 1c0081d8 094c7553 fsub.s           f10, f24, f20       f10=xxxxxxxx f24:3fc90fdb f20:3f13fb02
14067222ns          241982 1c0081dc 57c000ef jal              x1, 1404             x1=1c0081de
14067262ns          241984 1c008758 a0a527d3 feq.s            x15, f10, f10       x15=00000001 f10:3f7e24b4 f10:3f7e24b4
14067282ns          241985 1c00875c 0a078b63 beq              x15, x0, 182        x15:00000001
14067302ns          241986 1c00875e e00517d3 fclass.s         x15, f10            x15=00000040 f10:3f7e24b4
14067322ns          241987 1c008762 0817f793 andi             x15, x15, 129       x15=00000000 x15:00000040
14067341ns          241988 1c008766 0a079663 bne              x15, x0, 172        x15:00000000
14067361ns          241989 1c008768 00000793 addi             x15, x0, 0          x15=00000000
14067381ns          241990 1c00876c a0f517d3 flt.s            x15, f10, f15       x15=00000000 f10:3f7e24b4 f15:00000000
14067401ns          241991 1c008770 0a079663 bne              x15, x0, 172        x15:00000000
14067421ns          241992 1c008772 1c000737 lui              x14, 0x1c000000     x14=1c000000
14067441ns          241993 1c008776 02072783 lw               x15, 32(x14)        x15=40c90fdb x14:1c000000  PA:1c000020
14067759ns          242009 1c00877a a0a797d3 flt.s            x15, f15, f10       x15=00000000 f15:40c90fdb f10:3f7e24b4
14067779ns          242010 1c00877e 00078b63 beq              x15, x0, 22         x15:00000000
14067839ns          242013 1c008794 00000793 addi             x15, x0, 0          x15=00000000
14067859ns          242014 1c008798 a0f517d3 flt.s            x15, f10, f15       x15=00000000 f10:3f7e24b4 f15:00000000
14067879ns          242015 1c00879c 08079a63 bne              x15, x0, 148        x15:00000000
14067898ns          242016 1c00879e 1c0007b7 lui              x15, 0x1c000000     x15=1c000000
14067918ns          242017 1c0087a2 01c7a783 lw               x15, 28(x15)        x15=3fc90fdb x15:1c000000  PA:1c00001c
14068256ns          242034 1c0087a6 a0f517d3 flt.s            x15, f10, f15       x15=00000001 f10:3f7e24b4 f15:3fc90fdb
14068276ns          242035 1c0087aa 02079563 bne              x15, x0, 42         x15:00000001
14068336ns          242038 1c0087d4 10a57553 fmul.s           f10, f10, f10       f10=xxxxxxxx f10:3f7e24b4 f10:3f7e24b4
14068356ns          242039 1c0087d8 1c0007b7 lui              x15, 0x1c000000     x15=1c000000
14068376ns          242040 1c0087dc 1c000737 lui              x14, 0x1c000000     x14=1c000000
14068396ns          242041 1c0087e0 13472703 lw               x14, 308(x14)       x14=bab59551 x14:1c000000  PA:1c000134
14068694ns          242056 1c0087e4 1307a783 lw               x15, 304(x15)       x15=37c23ab1 x15:1c000000  PA:1c000130
14069032ns          242073 1c0087e8 70f577c3 fmadd.s          f15, f10, f15, f14  f15=xxxxxxxx f10:3f7c4cda f15:37c23ab1 f14:bab59551
14069052ns          242074 1c0087ec 1c000737 lui              x14, 0x1c000000     x14=1c000000
14069072ns          242075 1c0087f0 13872703 lw               x14, 312(x14)       x14=3d2aa76f x14:1c000000  PA:1c000138
14069390ns          242091 1c0087f4 70f577c3 fmadd.s          f15, f10, f15, f14  f15=xxxxxxxx f10:3f7c4cda f15:bab297a1 f14:3d2aa76f
14069410ns          242092 1c0087f8 1c000737 lui              x14, 0x1c000000     x14=1c000000
14069430ns          242093 1c0087fc 13c72703 lw               x14, 316(x14)       x14=beffffe0 x14:1c000000  PA:1c00013c
14069748ns          242109 1c008800 70f577c3 fmadd.s          f15, f10, f15, f14  f15=xxxxxxxx f10:3f7c4cda f15:3d252758 f14:beffffe0
14069768ns          242110 1c008804 1c000737 lui              x14, 0x1c000000     x14=1c000000
14069788ns          242111 1c008808 16872703 lw               x14, 360(x14)       x14=3f7fffff x14:1c000000  PA:1c000168
14070106ns          242127 1c00880c 70f57543 fmadd.s          f10, f10, f15, f14  f10=xxxxxxxx f10:3f7c4cda f15:beeba756 f14:3f7fffff
14070126ns          242128 1c008810 00008067 jalr             x0, x1, 0            x1:1c0081de
14070186ns          242131 1c0081de 016a7a53 fadd.s           f20, f20, f22       f20=xxxxxxxx f20:3f13fb02 f22:3eaaa273
14070206ns          242132 1c0081e2 10acf553 fmul.s           f10, f25, f10       f10=xxxxxxxx f25:3f800000 f10:3f0be043
14070226ns          242133 1c0081e6 a14a97d3 flt.s            x15, f21, f20       x15=00000000 f21:40c90fdb f20:3f694c3c
14070246ns          242134 1c0081ea 00a4222b p.sw             x10, 4(x8!)          x8=10001628 x10:3f0be043  x8:10001624  PA:10001624
14070265ns          242135 1c0081ee 00078363 beq              x15, x0, 6          x15:00000000
14070325ns          242138 1c0081f4 ff7412e3 bne              x8, x23, -28         x8:10001628 x23:100017c8
14070385ns          242141 1c0081d8 094c7553 fsub.s           f10, f24, f20       f10=xxxxxxxx f24:3fc90fdb f20:3f694c3c
14070405ns          242142 1c0081dc 57c000ef jal              x1, 1404             x1=1c0081de
14070444ns          242144 1c008758 a0a527d3 feq.s            x15, f10, f10       x15=00000001 f10:3f28d37a f10:3f28d37a
14070464ns          242145 1c00875c 0a078b63 beq              x15, x0, 182        x15:00000001
14070484ns          242146 1c00875e e00517d3 fclass.s         x15, f10            x15=00000040 f10:3f28d37a
14070504ns          242147 1c008762 0817f793 andi             x15, x15, 129       x15=00000000 x15:00000040
14070524ns          242148 1c008766 0a079663 bne              x15, x0, 172        x15:00000000
14070544ns          242149 1c008768 00000793 addi             x15, x0, 0          x15=00000000
14070564ns          242150 1c00876c a0f517d3 flt.s            x15, f10, f15       x15=00000000 f10:3f28d37a f15:00000000
14070584ns          242151 1c008770 0a079663 bne              x15, x0, 172        x15:00000000
14070604ns          242152 1c008772 1c000737 lui              x14, 0x1c000000     x14=1c000000
14070623ns          242153 1c008776 02072783 lw               x15, 32(x14)        x15=40c90fdb x14:1c000000  PA:1c000020
14070942ns          242169 1c00877a a0a797d3 flt.s            x15, f15, f10       x15=00000000 f15:40c90fdb f10:3f28d37a
14070962ns          242170 1c00877e 00078b63 beq              x15, x0, 22         x15:00000000
14071021ns          242173 1c008794 00000793 addi             x15, x0, 0          x15=00000000
14071041ns          242174 1c008798 a0f517d3 flt.s            x15, f10, f15       x15=00000000 f10:3f28d37a f15:00000000
14071061ns          242175 1c00879c 08079a63 bne              x15, x0, 148        x15:00000000
14071081ns          242176 1c00879e 1c0007b7 lui              x15, 0x1c000000     x15=1c000000
14071101ns          242177 1c0087a2 01c7a783 lw               x15, 28(x15)        x15=3fc90fdb x15:1c000000  PA:1c00001c
14071419ns          242193 1c0087a6 a0f517d3 flt.s            x15, f10, f15       x15=00000001 f10:3f28d37a f15:3fc90fdb
14071439ns          242194 1c0087aa 02079563 bne              x15, x0, 42         x15:00000001
14071499ns          242197 1c0087d4 10a57553 fmul.s           f10, f10, f10       f10=xxxxxxxx f10:3f28d37a f10:3f28d37a
14071519ns          242198 1c0087d8 1c0007b7 lui              x15, 0x1c000000     x15=1c000000
14071538ns          242199 1c0087dc 1c000737 lui              x14, 0x1c000000     x14=1c000000
14071558ns          242200 1c0087e0 13472703 lw               x14, 308(x14)       x14=bab59551 x14:1c000000  PA:1c000134
14071857ns          242215 1c0087e4 1307a783 lw               x15, 304(x15)       x15=37c23ab1 x15:1c000000  PA:1c000130
14072195ns          242232 1c0087e8 70f577c3 fmadd.s          f15, f10, f15, f14  f15=xxxxxxxx f10:3edeac7e f15:37c23ab1 f14:bab59551
14072215ns          242233 1c0087ec 1c000737 lui              x14, 0x1c000000     x14=1c000000
14072235ns          242234 1c0087f0 13872703 lw               x14, 312(x14)       x14=3d2aa76f x14:1c000000  PA:1c000138
14072553ns          242250 1c0087f4 70f577c3 fmadd.s          f15, f10, f15, f14  f15=xxxxxxxx f10:3edeac7e f15:bab4436d f14:3d2aa76f
14072573ns          242251 1c0087f8 1c000737 lui              x14, 0x1c000000     x14=1c000000
14072593ns          242252 1c0087fc 13c72703 lw               x14, 316(x14)       x14=beffffe0 x14:1c000000  PA:1c00013c
14072931ns          242269 1c008800 70f577c3 fmadd.s          f15, f10, f15, f14  f15=xxxxxxxx f10:3edeac7e f15:3d28343f f14:beffffe0
14072951ns          242270 1c008804 1c000737 lui              x14, 0x1c000000     x14=1c000000
14072971ns          242271 1c008808 16872703 lw               x14, 360(x14)       x14=3f7fffff x14:1c000000  PA:1c000168
14073289ns          242287 1c00880c 70f57543 fmadd.s          f10, f10, f15, f14  f10=xxxxxxxx f10:3edeac7e f15:bef6daf6 f14:3f7fffff
14073309ns          242288 1c008810 00008067 jalr             x0, x1, 0            x1:1c0081de
14073368ns          242291 1c0081de 016a7a53 fadd.s           f20, f20, f22       f20=xxxxxxxx f20:3f694c3c f22:3eaaa273
14073388ns          242292 1c0081e2 10acf553 fmul.s           f10, f25, f10       f10=xxxxxxxx f25:3f800000 f10:3f4a51f2
14073408ns          242293 1c0081e6 a14a97d3 flt.s            x15, f21, f20       x15=00000000 f21:40c90fdb f20:3f9f4ebb
14073428ns          242294 1c0081ea 00a4222b p.sw             x10, 4(x8!)          x8=1000162c x10:3f4a51f2  x8:10001628  PA:10001628
14073448ns          242295 1c0081ee 00078363 beq              x15, x0, 6          x15:00000000
14073508ns          242298 1c0081f4 ff7412e3 bne              x8, x23, -28         x8:1000162c x23:100017c8
14073567ns          242301 1c0081d8 094c7553 fsub.s           f10, f24, f20       f10=xxxxxxxx f24:3fc90fdb f20:3f9f4ebb
14073587ns          242302 1c0081dc 57c000ef jal              x1, 1404             x1=1c0081de
14073627ns          242304 1c008758 a0a527d3 feq.s            x15, f10, f10       x15=00000001 f10:3ea70480 f10:3ea70480
14073647ns          242305 1c00875c 0a078b63 beq              x15, x0, 182        x15:00000001
14073667ns          242306 1c00875e e00517d3 fclass.s         x15, f10            x15=00000040 f10:3ea70480
14073687ns          242307 1c008762 0817f793 andi             x15, x15, 129       x15=00000000 x15:00000040
14073707ns          242308 1c008766 0a079663 bne              x15, x0, 172        x15:00000000
14073726ns          242309 1c008768 00000793 addi             x15, x0, 0          x15=00000000
14073746ns          242310 1c00876c a0f517d3 flt.s            x15, f10, f15       x15=00000000 f10:3ea70480 f15:00000000
14073766ns          242311 1c008770 0a079663 bne              x15, x0, 172        x15:00000000
14073786ns          242312 1c008772 1c000737 lui              x14, 0x1c000000     x14=1c000000
14073806ns          242313 1c008776 02072783 lw               x15, 32(x14)        x15=40c90fdb x14:1c000000  PA:1c000020
14074184ns          242332 1c00877a a0a797d3 flt.s            x15, f15, f10       x15=00000000 f15:40c90fdb f10:3ea70480
14074204ns          242333 1c00877e 00078b63 beq              x15, x0, 22         x15:00000000
14074263ns          242336 1c008794 00000793 addi             x15, x0, 0          x15=00000000
14074283ns          242337 1c008798 a0f517d3 flt.s            x15, f10, f15       x15=00000000 f10:3ea70480 f15:00000000
14074303ns          242338 1c00879c 08079a63 bne              x15, x0, 148        x15:00000000
14074323ns          242339 1c00879e 1c0007b7 lui              x15, 0x1c000000     x15=1c000000
14074343ns          242340 1c0087a2 01c7a783 lw               x15, 28(x15)        x15=3fc90fdb x15:1c000000  PA:1c00001c
14074661ns          242356 1c0087a6 a0f517d3 flt.s            x15, f10, f15       x15=00000001 f10:3ea70480 f15:3fc90fdb
14074681ns          242357 1c0087aa 02079563 bne              x15, x0, 42         x15:00000001
14074741ns          242360 1c0087d4 10a57553 fmul.s           f10, f10, f10       f10=xxxxxxxx f10:3ea70480 f10:3ea70480
14074761ns          242361 1c0087d8 1c0007b7 lui              x15, 0x1c000000     x15=1c000000
14074781ns          242362 1c0087dc 1c000737 lui              x14, 0x1c000000     x14=1c000000
14074800ns          242363 1c0087e0 13472703 lw               x14, 308(x14)       x14=bab59551 x14:1c000000  PA:1c000134
14075099ns          242378 1c0087e4 1307a783 lw               x15, 304(x15)       x15=37c23ab1 x15:1c000000  PA:1c000130
14075417ns          242394 1c0087e8 70f577c3 fmadd.s          f15, f10, f15, f14  f15=xxxxxxxx f10:3dd9edbe f15:37c23ab1 f14:bab59551
14075437ns          242395 1c0087ec 1c000737 lui              x14, 0x1c000000     x14=1c000000
14075457ns          242396 1c0087f0 13872703 lw               x14, 312(x14)       x14=3d2aa76f x14:1c000000  PA:1c000138
14075775ns          242412 1c0087f4 70f577c3 fmadd.s          f15, f10, f15, f14  f15=xxxxxxxx f10:3dd9edbe f15:bab542a5 f14:3d2aa76f
14075795ns          242413 1c0087f8 1c000737 lui              x14, 0x1c000000     x14=1c000000
14075815ns          242414 1c0087fc 13c72703 lw               x14, 316(x14)       x14=beffffe0 x14:1c000000  PA:1c00013c
14076173ns          242432 1c008800 70f577c3 fmadd.s          f15, f10, f15, f14  f15=xxxxxxxx f10:3dd9edbe f15:3d2a0d21 f14:beffffe0
14076193ns          242433 1c008804 1c000737 lui              x14, 0x1c000000     x14=1c000000
14076213ns          242434 1c008808 16872703 lw               x14, 360(x14)       x14=3f7fffff x14:1c000000  PA:1c000168
14076531ns          242450 1c00880c 70f57543 fmadd.s          f10, f10, f15, f14  f10=xxxxxxxx f10:3dd9edbe f15:befdbcd4 f14:3f7fffff
14076551ns          242451 1c008810 00008067 jalr             x0, x1, 0            x1:1c0081de
14076611ns          242454 1c0081de 016a7a53 fadd.s           f20, f20, f22       f20=xxxxxxxx f20:3f9f4ebb f22:3eaaa273
14076630ns          242455 1c0081e2 10acf553 fmul.s           f10, f25, f10       f10=xxxxxxxx f25:3f800000 f10:3f727ff4
14076650ns          242456 1c0081e6 a14a97d3 flt.s            x15, f21, f20       x15=00000000 f21:40c90fdb f20:3fc9f758
14076670ns          242457 1c0081ea 00a4222b p.sw             x10, 4(x8!)          x8=10001630 x10:3f727ff4  x8:1000162c  PA:1000162c
14076690ns          242458 1c0081ee 00078363 beq              x15, x0, 6          x15:00000000
14076750ns          242461 1c0081f4 ff7412e3 bne              x8, x23, -28         x8:10001630 x23:100017c8
14076809ns          242464 1c0081d8 094c7553 fsub.s           f10, f24, f20       f10=xxxxxxxx f24:3fc90fdb f20:3fc9f758
14076829ns          242465 1c0081dc 57c000ef jal              x1, 1404             x1=1c0081de
14076869ns          242467 1c008758 a0a527d3 feq.s            x15, f10, f10       x15=00000001 f10:bbe77d00 f10:bbe77d00
14076889ns          242468 1c00875c 0a078b63 beq              x15, x0, 182        x15:00000001
14076909ns          242469 1c00875e e00517d3 fclass.s         x15, f10            x15=00000002 f10:bbe77d00
14076929ns          242470 1c008762 0817f793 andi             x15, x15, 129       x15=00000000 x15:00000002
14076949ns          242471 1c008766 0a079663 bne              x15, x0, 172        x15:00000000
14076969ns          242472 1c008768 00000793 addi             x15, x0, 0          x15=00000000
14076988ns          242473 1c00876c a0f517d3 flt.s            x15, f10, f15       x15=00000001 f10:bbe77d00 f15:00000000
14077008ns          242474 1c008770 0a079663 bne              x15, x0, 172        x15:00000001
14077068ns          242477 1c00881c 1c0007b7 lui              x15, 0x1c000000     x15=1c000000
14077088ns          242478 1c008820 12c7a783 lw               x15, 300(x15)       x15=c0c90fdb x15:1c000000  PA:1c00012c
14077406ns          242494 1c008824 a0f517d3 flt.s            x15, f10, f15       x15=00000000 f10:bbe77d00 f15:c0c90fdb
14077426ns          242495 1c008828 00078463 beq              x15, x0, 8          x15:00000000
14077486ns          242498 1c008830 20a51553 fsgnjn.s         f10, f10, f10       f10=xxxxxxxx f10:bbe77d00 f10:bbe77d00
14077506ns          242499 1c008834 f6bff06f jal              x0, -150           
14077565ns          242502 1c00879e 1c0007b7 lui              x15, 0x1c000000     x15=1c000000
14077585ns          242503 1c0087a2 01c7a783 lw               x15, 28(x15)        x15=3fc90fdb x15:1c000000  PA:1c00001c
14077903ns          242519 1c0087a6 a0f517d3 flt.s            x15, f10, f15       x15=00000001 f10:3be77d00 f15:3fc90fdb
14077923ns          242520 1c0087aa 02079563 bne              x15, x0, 42         x15:00000001
14077983ns          242523 1c0087d4 10a57553 fmul.s           f10, f10, f10       f10=xxxxxxxx f10:3be77d00 f10:3be77d00
14078003ns          242524 1c0087d8 1c0007b7 lui              x15, 0x1c000000     x15=1c000000
14078023ns          242525 1c0087dc 1c000737 lui              x14, 0x1c000000     x14=1c000000
14078043ns          242526 1c0087e0 13472703 lw               x14, 308(x14)       x14=bab59551 x14:1c000000  PA:1c000134
14078341ns          242541 1c0087e4 1307a783 lw               x15, 304(x15)       x15=37c23ab1 x15:1c000000  PA:1c000130
14078659ns          242557 1c0087e8 70f577c3 fmadd.s          f15, f10, f15, f14  f15=xxxxxxxx f10:385152d3 f15:37c23ab1 f14:bab59551
14078679ns          242558 1c0087ec 1c000737 lui              x14, 0x1c000000     x14=1c000000
14078699ns          242559 1c0087f0 13872703 lw               x14, 312(x14)       x14=3d2aa76f x14:1c000000  PA:1c000138
14079017ns          242575 1c0087f4 70f577c3 fmadd.s          f15, f10, f15, f14  f15=xxxxxxxx f10:385152d3 f15:bab59547 f14:3d2aa76f
14079037ns          242576 1c0087f8 1c000737 lui              x14, 0x1c000000     x14=1c000000
14079057ns          242577 1c0087fc 13c72703 lw               x14, 316(x14)       x14=beffffe0 x14:1c000000  PA:1c00013c
14079375ns          242593 1c008800 70f577c3 fmadd.s          f15, f10, f15, f14  f15=xxxxxxxx f10:385152d3 f15:3d2aa75c f14:beffffe0
14079395ns          242594 1c008804 1c000737 lui              x14, 0x1c000000     x14=1c000000
14079415ns          242595 1c008808 16872703 lw               x14, 360(x14)       x14=3f7fffff x14:1c000000  PA:1c000168
14079733ns          242611 1c00880c 70f57543 fmadd.s          f10, f10, f15, f14  f10=xxxxxxxx f10:385152d3 f15:beffff9a f14:3f7fffff
14079753ns          242612 1c008810 00008067 jalr             x0, x1, 0            x1:1c0081de
14079813ns          242615 1c0081de 016a7a53 fadd.s           f20, f20, f22       f20=xxxxxxxx f20:3fc9f758 f22:3eaaa273
14079833ns          242616 1c0081e2 10acf553 fmul.s           f10, f25, f10       f10=xxxxxxxx f25:3f800000 f10:3f7ffe5c
14079853ns          242617 1c0081e6 a14a97d3 flt.s            x15, f21, f20       x15=00000000 f21:40c90fdb f20:3ff49ff5
14079873ns          242618 1c0081ea 00a4222b p.sw             x10, 4(x8!)          x8=10001634 x10:3f7ffe5c  x8:10001630  PA:10001630
14079893ns          242619 1c0081ee 00078363 beq              x15, x0, 6          x15:00000000
14079952ns          242622 1c0081f4 ff7412e3 bne              x8, x23, -28         x8:10001634 x23:100017c8
14080012ns          242625 1c0081d8 094c7553 fsub.s           f10, f24, f20       f10=xxxxxxxx f24:3fc90fdb f20:3ff49ff5
14080032ns          242626 1c0081dc 57c000ef jal              x1, 1404             x1=1c0081de
14080072ns          242628 1c008758 a0a527d3 feq.s            x15, f10, f10       x15=00000001 f10:beae4068 f10:beae4068
14080091ns          242629 1c00875c 0a078b63 beq              x15, x0, 182        x15:00000001
14080111ns          242630 1c00875e e00517d3 fclass.s         x15, f10            x15=00000002 f10:beae4068
14080131ns          242631 1c008762 0817f793 andi             x15, x15, 129       x15=00000000 x15:00000002
14080151ns          242632 1c008766 0a079663 bne              x15, x0, 172        x15:00000000
14080171ns          242633 1c008768 00000793 addi             x15, x0, 0          x15=00000000
14080191ns          242634 1c00876c a0f517d3 flt.s            x15, f10, f15       x15=00000001 f10:beae4068 f15:00000000
14080211ns          242635 1c008770 0a079663 bne              x15, x0, 172        x15:00000001
14080270ns          242638 1c00881c 1c0007b7 lui              x15, 0x1c000000     x15=1c000000
14080290ns          242639 1c008820 12c7a783 lw               x15, 300(x15)       x15=c0c90fdb x15:1c000000  PA:1c00012c
14080609ns          242655 1c008824 a0f517d3 flt.s            x15, f10, f15       x15=00000000 f10:beae4068 f15:c0c90fdb
14080628ns          242656 1c008828 00078463 beq              x15, x0, 8          x15:00000000
14080688ns          242659 1c008830 20a51553 fsgnjn.s         f10, f10, f10       f10=xxxxxxxx f10:beae4068 f10:beae4068
14080708ns          242660 1c008834 f6bff06f jal              x0, -150           
14080768ns          242663 1c00879e 1c0007b7 lui              x15, 0x1c000000     x15=1c000000
14080788ns          242664 1c0087a2 01c7a783 lw               x15, 28(x15)        x15=3fc90fdb x15:1c000000  PA:1c00001c
14081106ns          242680 1c0087a6 a0f517d3 flt.s            x15, f10, f15       x15=00000001 f10:3eae4068 f15:3fc90fdb
14081126ns          242681 1c0087aa 02079563 bne              x15, x0, 42         x15:00000001
14081185ns          242684 1c0087d4 10a57553 fmul.s           f10, f10, f10       f10=xxxxxxxx f10:3eae4068 f10:3eae4068
14081205ns          242685 1c0087d8 1c0007b7 lui              x15, 0x1c000000     x15=1c000000
14081225ns          242686 1c0087dc 1c000737 lui              x14, 0x1c000000     x14=1c000000
14081245ns          242687 1c0087e0 13472703 lw               x14, 308(x14)       x14=bab59551 x14:1c000000  PA:1c000134
14081583ns          242704 1c0087e4 1307a783 lw               x15, 304(x15)       x15=37c23ab1 x15:1c000000  PA:1c000130
14081901ns          242720 1c0087e8 70f577c3 fmadd.s          f15, f10, f15, f14  f15=xxxxxxxx f10:3ded373b f15:37c23ab1 f14:bab59551
14081921ns          242721 1c0087ec 1c000737 lui              x14, 0x1c000000     x14=1c000000
14081941ns          242722 1c0087f0 13872703 lw               x14, 312(x14)       x14=3d2aa76f x14:1c000000  PA:1c000138
14082260ns          242738 1c0087f4 70f577c3 fmadd.s          f15, f10, f15, f14  f15=xxxxxxxx f10:3ded373b f15:bab53b54 f14:3d2aa76f
14082279ns          242739 1c0087f8 1c000737 lui              x14, 0x1c000000     x14=1c000000
14082299ns          242740 1c0087fc 13c72703 lw               x14, 316(x14)       x14=beffffe0 x14:1c000000  PA:1c00013c
14082618ns          242756 1c008800 70f577c3 fmadd.s          f15, f10, f15, f14  f15=xxxxxxxx f10:3ded373b f15:3d29ff80 f14:beffffe0
14082637ns          242757 1c008804 1c000737 lui              x14, 0x1c000000     x14=1c000000
14082657ns          242758 1c008808 16872703 lw               x14, 360(x14)       x14=3f7fffff x14:1c000000  PA:1c000168
14082995ns          242775 1c00880c 70f57543 fmadd.s          f10, f10, f15, f14  f10=xxxxxxxx f10:3ded373b f15:befd89c7 f14:3f7fffff
14083015ns          242776 1c008810 00008067 jalr             x0, x1, 0            x1:1c0081de
14083075ns          242779 1c0081de 016a7a53 fadd.s           f20, f20, f22       f20=xxxxxxxx f20:3ff49ff5 f22:3eaaa273
14083095ns          242780 1c0081e2 10acf553 fmul.s           f10, f25, f10       f10=xxxxxxxx f25:3f800000 f10:3f71510b
14083115ns          242781 1c0081e6 a14a97d3 flt.s            x15, f21, f20       x15=00000000 f21:40c90fdb f20:400fa449
14083135ns          242782 1c0081ea 00a4222b p.sw             x10, 4(x8!)          x8=10001638 x10:3f71510b  x8:10001634  PA:10001634
14083155ns          242783 1c0081ee 00078363 beq              x15, x0, 6          x15:00000000
14083214ns          242786 1c0081f4 ff7412e3 bne              x8, x23, -28         x8:10001638 x23:100017c8
14083274ns          242789 1c0081d8 094c7553 fsub.s           f10, f24, f20       f10=xxxxxxxx f24:3fc90fdb f20:400fa449
14083294ns          242790 1c0081dc 57c000ef jal              x1, 1404             x1=1c0081de
14083334ns          242792 1c008758 a0a527d3 feq.s            x15, f10, f10       x15=00000001 f10:bf2c716e f10:bf2c716e
14083354ns          242793 1c00875c 0a078b63 beq              x15, x0, 182        x15:00000001
14083373ns          242794 1c00875e e00517d3 fclass.s         x15, f10            x15=00000002 f10:bf2c716e
14083393ns          242795 1c008762 0817f793 andi             x15, x15, 129       x15=00000000 x15:00000002
14083413ns          242796 1c008766 0a079663 bne              x15, x0, 172        x15:00000000
14083433ns          242797 1c008768 00000793 addi             x15, x0, 0          x15=00000000
14083453ns          242798 1c00876c a0f517d3 flt.s            x15, f10, f15       x15=00000001 f10:bf2c716e f15:00000000
14083473ns          242799 1c008770 0a079663 bne              x15, x0, 172        x15:00000001
14083533ns          242802 1c00881c 1c0007b7 lui              x15, 0x1c000000     x15=1c000000
14083552ns          242803 1c008820 12c7a783 lw               x15, 300(x15)       x15=c0c90fdb x15:1c000000  PA:1c00012c
14083871ns          242819 1c008824 a0f517d3 flt.s            x15, f10, f15       x15=00000000 f10:bf2c716e f15:c0c90fdb
14083891ns          242820 1c008828 00078463 beq              x15, x0, 8          x15:00000000
14083950ns          242823 1c008830 20a51553 fsgnjn.s         f10, f10, f10       f10=xxxxxxxx f10:bf2c716e f10:bf2c716e
14083970ns          242824 1c008834 f6bff06f jal              x0, -150           
14084030ns          242827 1c00879e 1c0007b7 lui              x15, 0x1c000000     x15=1c000000
14084050ns          242828 1c0087a2 01c7a783 lw               x15, 28(x15)        x15=3fc90fdb x15:1c000000  PA:1c00001c
14084368ns          242844 1c0087a6 a0f517d3 flt.s            x15, f10, f15       x15=00000001 f10:3f2c716e f15:3fc90fdb
14084388ns          242845 1c0087aa 02079563 bne              x15, x0, 42         x15:00000001
14084448ns          242848 1c0087d4 10a57553 fmul.s           f10, f10, f10       f10=xxxxxxxx f10:3f2c716e f10:3f2c716e
14084467ns          242849 1c0087d8 1c0007b7 lui              x15, 0x1c000000     x15=1c000000
14084487ns          242850 1c0087dc 1c000737 lui              x14, 0x1c000000     x14=1c000000
14084507ns          242851 1c0087e0 13472703 lw               x14, 308(x14)       x14=bab59551 x14:1c000000  PA:1c000134
14084806ns          242866 1c0087e4 1307a783 lw               x15, 304(x15)       x15=37c23ab1 x15:1c000000  PA:1c000130
14085124ns          242882 1c0087e8 70f577c3 fmadd.s          f15, f10, f15, f14  f15=xxxxxxxx f10:3ee8513c f15:37c23ab1 f14:bab59551
14085144ns          242883 1c0087ec 1c000737 lui              x14, 0x1c000000     x14=1c000000
14085164ns          242884 1c0087f0 13872703 lw               x14, 312(x14)       x14=3d2aa76f x14:1c000000  PA:1c000138
14085502ns          242901 1c0087f4 70f577c3 fmadd.s          f15, f10, f15, f14  f15=xxxxxxxx f10:3ee8513c f15:bab434cb f14:3d2aa76f
14085522ns          242902 1c0087f8 1c000737 lui              x14, 0x1c000000     x14=1c000000
14085541ns          242903 1c0087fc 13c72703 lw               x14, 316(x14)       x14=beffffe0 x14:1c000000  PA:1c00013c
14085860ns          242919 1c008800 70f577c3 fmadd.s          f15, f10, f15, f14  f15=xxxxxxxx f10:3ee8513c f15:3d28194b f14:beffffe0
14085880ns          242920 1c008804 1c000737 lui              x14, 0x1c000000     x14=1c000000
14085900ns          242921 1c008808 16872703 lw               x14, 360(x14)       x14=3f7fffff x14:1c000000  PA:1c000168
14086238ns          242938 1c00880c 70f57543 fmadd.s          f10, f10, f15, f14  f10=xxxxxxxx f10:3ee8513c f15:bef6771c f14:3f7fffff
14086258ns          242939 1c008810 00008067 jalr             x0, x1, 0            x1:1c0081de
14086317ns          242942 1c0081de 016a7a53 fadd.s           f20, f20, f22       f20=xxxxxxxx f20:400fa449 f22:3eaaa273
14086337ns          242943 1c0081e2 10acf553 fmul.s           f10, f25, f10       f10=xxxxxxxx f25:3f800000 f10:3f481575
14086357ns          242944 1c0081e6 a14a97d3 flt.s            x15, f21, f20       x15=00000000 f21:40c90fdb f20:4024f897
14086377ns          242945 1c0081ea 00a4222b p.sw             x10, 4(x8!)          x8=1000163c x10:3f481575  x8:10001638  PA:10001638
14086397ns          242946 1c0081ee 00078363 beq              x15, x0, 6          x15:00000000
14086456ns          242949 1c0081f4 ff7412e3 bne              x8, x23, -28         x8:1000163c x23:100017c8
14086516ns          242952 1c0081d8 094c7553 fsub.s           f10, f24, f20       f10=xxxxxxxx f24:3fc90fdb f20:4024f897
14086536ns          242953 1c0081dc 57c000ef jal              x1, 1404             x1=1c0081de
14086576ns          242955 1c008758 a0a527d3 feq.s            x15, f10, f10       x15=00000001 f10:bf80e153 f10:bf80e153
14086596ns          242956 1c00875c 0a078b63 beq              x15, x0, 182        x15:00000001
14086616ns          242957 1c00875e e00517d3 fclass.s         x15, f10            x15=00000002 f10:bf80e153
14086635ns          242958 1c008762 0817f793 andi             x15, x15, 129       x15=00000000 x15:00000002
14086655ns          242959 1c008766 0a079663 bne              x15, x0, 172        x15:00000000
14086675ns          242960 1c008768 00000793 addi             x15, x0, 0          x15=00000000
14086695ns          242961 1c00876c a0f517d3 flt.s            x15, f10, f15       x15=00000001 f10:bf80e153 f15:00000000
14086715ns          242962 1c008770 0a079663 bne              x15, x0, 172        x15:00000001
14086775ns          242965 1c00881c 1c0007b7 lui              x15, 0x1c000000     x15=1c000000
14086795ns          242966 1c008820 12c7a783 lw               x15, 300(x15)       x15=c0c90fdb x15:1c000000  PA:1c00012c
14087113ns          242982 1c008824 a0f517d3 flt.s            x15, f10, f15       x15=00000000 f10:bf80e153 f15:c0c90fdb
14087133ns          242983 1c008828 00078463 beq              x15, x0, 8          x15:00000000
14087192ns          242986 1c008830 20a51553 fsgnjn.s         f10, f10, f10       f10=xxxxxxxx f10:bf80e153 f10:bf80e153
14087212ns          242987 1c008834 f6bff06f jal              x0, -150           
14087272ns          242990 1c00879e 1c0007b7 lui              x15, 0x1c000000     x15=1c000000
14087292ns          242991 1c0087a2 01c7a783 lw               x15, 28(x15)        x15=3fc90fdb x15:1c000000  PA:1c00001c
14087610ns          243007 1c0087a6 a0f517d3 flt.s            x15, f10, f15       x15=00000001 f10:3f80e153 f15:3fc90fdb
14087630ns          243008 1c0087aa 02079563 bne              x15, x0, 42         x15:00000001
14087690ns          243011 1c0087d4 10a57553 fmul.s           f10, f10, f10       f10=xxxxxxxx f10:3f80e153 f10:3f80e153
14087710ns          243012 1c0087d8 1c0007b7 lui              x15, 0x1c000000     x15=1c000000
14087729ns          243013 1c0087dc 1c000737 lui              x14, 0x1c000000     x14=1c000000
14087749ns          243014 1c0087e0 13472703 lw               x14, 308(x14)       x14=bab59551 x14:1c000000  PA:1c000134
14088048ns          243029 1c0087e4 1307a783 lw               x15, 304(x15)       x15=37c23ab1 x15:1c000000  PA:1c000130
14088366ns          243045 1c0087e8 70f577c3 fmadd.s          f15, f10, f15, f14  f15=xxxxxxxx f10:3f81c433 f15:37c23ab1 f14:bab59551
14088386ns          243046 1c0087ec 1c000737 lui              x14, 0x1c000000     x14=1c000000
14088406ns          243047 1c0087f0 13872703 lw               x14, 312(x14)       x14=3d2aa76f x14:1c000000  PA:1c000138
14088724ns          243063 1c0087f4 70f577c3 fmadd.s          f15, f10, f15, f14  f15=xxxxxxxx f10:3f81c433 f15:bab281ae f14:3d2aa76f
14088744ns          243064 1c0087f8 1c000737 lui              x14, 0x1c000000     x14=1c000000
14088764ns          243065 1c0087fc 13c72703 lw               x14, 316(x14)       x14=beffffe0 x14:1c000000  PA:1c00013c
14089082ns          243081 1c008800 70f577c3 fmadd.s          f15, f10, f15, f14  f15=xxxxxxxx f10:3f81c433 f15:3d24ffad f14:beffffe0
14089102ns          243082 1c008804 1c000737 lui              x14, 0x1c000000     x14=1c000000
14089122ns          243083 1c008808 16872703 lw               x14, 360(x14)       x14=3f7fffff x14:1c000000  PA:1c000168
14089480ns          243101 1c00880c 70f57543 fmadd.s          f10, f10, f15, f14  f10=xxxxxxxx f10:3f81c433 f15:beeb170d f14:3f7fffff
14089500ns          243102 1c008810 00008067 jalr             x0, x1, 0            x1:1c0081de
14089559ns          243105 1c0081de 016a7a53 fadd.s           f20, f20, f22       f20=xxxxxxxx f20:4024f897 f22:3eaaa273
14089579ns          243106 1c0081e2 10acf553 fmul.s           f10, f25, f10       f10=xxxxxxxx f25:3f800000 f10:3f08d535
14089599ns          243107 1c0081e6 a14a97d3 flt.s            x15, f21, f20       x15=00000000 f21:40c90fdb f20:403a4ce5
14089619ns          243108 1c0081ea 00a4222b p.sw             x10, 4(x8!)          x8=10001640 x10:3f08d535  x8:1000163c  PA:1000163c
14089639ns          243109 1c0081ee 00078363 beq              x15, x0, 6          x15:00000000
14089699ns          243112 1c0081f4 ff7412e3 bne              x8, x23, -28         x8:10001640 x23:100017c8
14089758ns          243115 1c0081d8 094c7553 fsub.s           f10, f24, f20       f10=xxxxxxxx f24:3fc90fdb f20:403a4ce5
14089778ns          243116 1c0081dc 57c000ef jal              x1, 1404             x1=1c0081de
14089818ns          243118 1c008758 a0a527d3 feq.s            x15, f10, f10       x15=00000001 f10:bfab89ef f10:bfab89ef
14089838ns          243119 1c00875c 0a078b63 beq              x15, x0, 182        x15:00000001
14089858ns          243120 1c00875e e00517d3 fclass.s         x15, f10            x15=00000002 f10:bfab89ef
14089878ns          243121 1c008762 0817f793 andi             x15, x15, 129       x15=00000000 x15:00000002
14089898ns          243122 1c008766 0a079663 bne              x15, x0, 172        x15:00000000
14089917ns          243123 1c008768 00000793 addi             x15, x0, 0          x15=00000000
14089937ns          243124 1c00876c a0f517d3 flt.s            x15, f10, f15       x15=00000001 f10:bfab89ef f15:00000000
14089957ns          243125 1c008770 0a079663 bne              x15, x0, 172        x15:00000001
14090017ns          243128 1c00881c 1c0007b7 lui              x15, 0x1c000000     x15=1c000000
14090037ns          243129 1c008820 12c7a783 lw               x15, 300(x15)       x15=c0c90fdb x15:1c000000  PA:1c00012c
14090355ns          243145 1c008824 a0f517d3 flt.s            x15, f10, f15       x15=00000000 f10:bfab89ef f15:c0c90fdb
14090375ns          243146 1c008828 00078463 beq              x15, x0, 8          x15:00000000
14090435ns          243149 1c008830 20a51553 fsgnjn.s         f10, f10, f10       f10=xxxxxxxx f10:bfab89ef f10:bfab89ef
14090455ns          243150 1c008834 f6bff06f jal              x0, -150           
14090514ns          243153 1c00879e 1c0007b7 lui              x15, 0x1c000000     x15=1c000000
14090534ns          243154 1c0087a2 01c7a783 lw               x15, 28(x15)        x15=3fc90fdb x15:1c000000  PA:1c00001c
14090872ns          243171 1c0087a6 a0f517d3 flt.s            x15, f10, f15       x15=00000001 f10:3fab89ef f15:3fc90fdb
14090892ns          243172 1c0087aa 02079563 bne              x15, x0, 42         x15:00000001
14090952ns          243175 1c0087d4 10a57553 fmul.s           f10, f10, f10       f10=xxxxxxxx f10:3fab89ef f10:3fab89ef
14090972ns          243176 1c0087d8 1c0007b7 lui              x15, 0x1c000000     x15=1c000000
14090992ns          243177 1c0087dc 1c000737 lui              x14, 0x1c000000     x14=1c000000
14091011ns          243178 1c0087e0 13472703 lw               x14, 308(x14)       x14=bab59551 x14:1c000000  PA:1c000134
14091310ns          243193 1c0087e4 1307a783 lw               x15, 304(x15)       x15=37c23ab1 x15:1c000000  PA:1c000130
14091628ns          243209 1c0087e8 70f577c3 fmadd.s          f15, f10, f15, f14  f15=xxxxxxxx f10:3fe5e31f f15:37c23ab1 f14:bab59551
14091648ns          243210 1c0087ec 1c000737 lui              x14, 0x1c000000     x14=1c000000
14091668ns          243211 1c0087f0 13872703 lw               x14, 312(x14)       x14=3d2aa76f x14:1c000000  PA:1c000138
14092006ns          243228 1c0087f4 70f577c3 fmadd.s          f15, f10, f15, f14  f15=xxxxxxxx f10:3fe5e31f f15:bab021fa f14:3d2aa76f
14092026ns          243229 1c0087f8 1c000737 lui              x14, 0x1c000000     x14=1c000000
14092046ns          243230 1c0087fc 13c72703 lw               x14, 316(x14)       x14=beffffe0 x14:1c000000  PA:1c00013c
14092364ns          243246 1c008800 70f577c3 fmadd.s          f15, f10, f15, f14  f15=xxxxxxxx f10:3fe5e31f f15:3d20c4c4 f14:beffffe0
14092384ns          243247 1c008804 1c000737 lui              x14, 0x1c000000     x14=1c000000
14092404ns          243248 1c008808 16872703 lw               x14, 360(x14)       x14=3f7fffff x14:1c000000  PA:1c000168
14092762ns          243266 1c00880c 70f57543 fmadd.s          f10, f10, f15, f14  f10=xxxxxxxx f10:3fe5e31f f15:bedbe837 f14:3f7fffff
14092782ns          243267 1c008810 00008067 jalr             x0, x1, 0            x1:1c0081de
14092841ns          243270 1c0081de 016a7a53 fadd.s           f20, f20, f22       f20=xxxxxxxx f20:403a4ce5 f22:3eaaa273
14092861ns          243271 1c0081e2 10acf553 fmul.s           f10, f25, f10       f10=xxxxxxxx f25:3f800000 f10:3e6a18b1
14092881ns          243272 1c0081e6 a14a97d3 flt.s            x15, f21, f20       x15=00000000 f21:40c90fdb f20:404fa133
14092901ns          243273 1c0081ea 00a4222b p.sw             x10, 4(x8!)          x8=10001644 x10:3e6a18b1  x8:10001640  PA:10001640
14092921ns          243274 1c0081ee 00078363 beq              x15, x0, 6          x15:00000000
14092981ns          243277 1c0081f4 ff7412e3 bne              x8, x23, -28         x8:10001644 x23:100017c8
14093040ns          243280 1c0081d8 094c7553 fsub.s           f10, f24, f20       f10=xxxxxxxx f24:3fc90fdb f20:404fa133
14093060ns          243281 1c0081dc 57c000ef jal              x1, 1404             x1=1c0081de
14093100ns          243283 1c008758 a0a527d3 feq.s            x15, f10, f10       x15=00000001 f10:bfd6328b f10:bfd6328b
14093120ns          243284 1c00875c 0a078b63 beq              x15, x0, 182        x15:00000001
14093140ns          243285 1c00875e e00517d3 fclass.s         x15, f10            x15=00000002 f10:bfd6328b
14093160ns          243286 1c008762 0817f793 andi             x15, x15, 129       x15=00000000 x15:00000002
14093180ns          243287 1c008766 0a079663 bne              x15, x0, 172        x15:00000000
14093199ns          243288 1c008768 00000793 addi             x15, x0, 0          x15=00000000
14093219ns          243289 1c00876c a0f517d3 flt.s            x15, f10, f15       x15=00000001 f10:bfd6328b f15:00000000
14093239ns          243290 1c008770 0a079663 bne              x15, x0, 172        x15:00000001
14093299ns          243293 1c00881c 1c0007b7 lui              x15, 0x1c000000     x15=1c000000
14093319ns          243294 1c008820 12c7a783 lw               x15, 300(x15)       x15=c0c90fdb x15:1c000000  PA:1c00012c
14093637ns          243310 1c008824 a0f517d3 flt.s            x15, f10, f15       x15=00000000 f10:bfd6328b f15:c0c90fdb
14093657ns          243311 1c008828 00078463 beq              x15, x0, 8          x15:00000000
14093717ns          243314 1c008830 20a51553 fsgnjn.s         f10, f10, f10       f10=xxxxxxxx f10:bfd6328b f10:bfd6328b
14093736ns          243315 1c008834 f6bff06f jal              x0, -150           
14093796ns          243318 1c00879e 1c0007b7 lui              x15, 0x1c000000     x15=1c000000
14093816ns          243319 1c0087a2 01c7a783 lw               x15, 28(x15)        x15=3fc90fdb x15:1c000000  PA:1c00001c
14094134ns          243335 1c0087a6 a0f517d3 flt.s            x15, f10, f15       x15=00000000 f10:3fd6328b f15:3fc90fdb
14094154ns          243336 1c0087aa 02079563 bne              x15, x0, 42         x15:00000000
14094174ns          243337 1c0087ac 1c0007b7 lui              x15, 0x1c000000     x15=1c000000
14094194ns          243338 1c0087b0 1007a783 lw               x15, 256(x15)       x15=40490fdb x15:1c000000  PA:1c000100
14094512ns          243354 1c0087b4 a0f51753 flt.s            x14, f10, f15       x14=00000001 f10:3fd6328b f15:40490fdb
14094532ns          243355 1c0087b8 06071f63 bne              x14, x0, 126        x14:00000001
14094612ns          243359 1c008836 08a7f553 fsub.s           f10, f15, f10       f10=xxxxxxxx f15:40490fdb f10:3fd6328b
14094632ns          243360 1c00883a 10a57553 fmul.s           f10, f10, f10       f10=xxxxxxxx f10:3fbbed2b f10:3fbbed2b
14094651ns          243361 1c00883e 1c0007b7 lui              x15, 0x1c000000     x15=1c000000
14094671ns          243362 1c008842 1c000737 lui              x14, 0x1c000000     x14=1c000000
14094691ns          243363 1c008846 13472703 lw               x14, 308(x14)       x14=bab59551 x14:1c000000  PA:1c000134
14094990ns          243378 1c00884a 1307a783 lw               x15, 304(x15)       x15=37c23ab1 x15:1c000000  PA:1c000130
14095308ns          243394 1c00884e 70f577c3 fmadd.s          f15, f10, f15, f14  f15=xxxxxxxx f10:4009f459 f15:37c23ab1 f14:bab59551
14095328ns          243395 1c008852 1c000737 lui              x14, 0x1c000000     x14=1c000000
14095348ns          243396 1c008856 13872703 lw               x14, 312(x14)       x14=3d2aa76f x14:1c000000  PA:1c000138
14095666ns          243412 1c00885a 70f577c3 fmadd.s          f15, f10, f15, f14  f15=xxxxxxxx f10:4009f459 f15:baaf0aa4 f14:3d2aa76f
14095686ns          243413 1c00885e 1c000737 lui              x14, 0x1c000000     x14=1c000000
14095706ns          243414 1c008862 13c72703 lw               x14, 316(x14)       x14=beffffe0 x14:1c000000  PA:1c00013c
14096024ns          243430 1c008866 70f577c3 fmadd.s          f15, f10, f15, f14  f15=xxxxxxxx f10:4009f459 f15:3d1edcf6 f14:beffffe0
14096044ns          243431 1c00886a 1c000737 lui              x14, 0x1c000000     x14=1c000000
14096064ns          243432 1c00886e 16872703 lw               x14, 360(x14)       x14=3f7fffff x14:1c000000  PA:1c000168
14096382ns          243448 1c008872 70f57543 fmadd.s          f10, f10, f15, f14  f10=xxxxxxxx f10:4009f459 f15:bed531ef f14:3f7fffff
14096402ns          243449 1c008876 20a51553 fsgnjn.s         f10, f10, f10       f10=xxxxxxxx f10:3dd1cc8e f10:3dd1cc8e
14096422ns          243450 1c00887a 00008067 jalr             x0, x1, 0            x1:1c0081de
14096481ns          243453 1c0081de 016a7a53 fadd.s           f20, f20, f22       f20=xxxxxxxx f20:404fa133 f22:3eaaa273
14096501ns          243454 1c0081e2 10acf553 fmul.s           f10, f25, f10       f10=xxxxxxxx f25:3f800000 f10:bdd1cc8e
14096521ns          243455 1c0081e6 a14a97d3 flt.s            x15, f21, f20       x15=00000000 f21:40c90fdb f20:4064f581
14096541ns          243456 1c0081ea 00a4222b p.sw             x10, 4(x8!)          x8=10001648 x10:bdd1cc8e  x8:10001644  PA:10001644
14096561ns          243457 1c0081ee 00078363 beq              x15, x0, 6          x15:00000000
14096621ns          243460 1c0081f4 ff7412e3 bne              x8, x23, -28         x8:10001648 x23:100017c8
14096680ns          243463 1c0081d8 094c7553 fsub.s           f10, f24, f20       f10=xxxxxxxx f24:3fc90fdb f20:4064f581
14096700ns          243464 1c0081dc 57c000ef jal              x1, 1404             x1=1c0081de
14096740ns          243466 1c008758 a0a527d3 feq.s            x15, f10, f10       x15=00000001 f10:c0006d94 f10:c0006d94
14096760ns          243467 1c00875c 0a078b63 beq              x15, x0, 182        x15:00000001
14096780ns          243468 1c00875e e00517d3 fclass.s         x15, f10            x15=00000002 f10:c0006d94
14096800ns          243469 1c008762 0817f793 andi             x15, x15, 129       x15=00000000 x15:00000002
14096820ns          243470 1c008766 0a079663 bne              x15, x0, 172        x15:00000000
14096839ns          243471 1c008768 00000793 addi             x15, x0, 0          x15=00000000
14096859ns          243472 1c00876c a0f517d3 flt.s            x15, f10, f15       x15=00000001 f10:c0006d94 f15:00000000
14096879ns          243473 1c008770 0a079663 bne              x15, x0, 172        x15:00000001
14096939ns          243476 1c00881c 1c0007b7 lui              x15, 0x1c000000     x15=1c000000
14096959ns          243477 1c008820 12c7a783 lw               x15, 300(x15)       x15=c0c90fdb x15:1c000000  PA:1c00012c
14097277ns          243493 1c008824 a0f517d3 flt.s            x15, f10, f15       x15=00000000 f10:c0006d94 f15:c0c90fdb
14097297ns          243494 1c008828 00078463 beq              x15, x0, 8          x15:00000000
14097357ns          243497 1c008830 20a51553 fsgnjn.s         f10, f10, f10       f10=xxxxxxxx f10:c0006d94 f10:c0006d94
14097376ns          243498 1c008834 f6bff06f jal              x0, -150           
14097436ns          243501 1c00879e 1c0007b7 lui              x15, 0x1c000000     x15=1c000000
14097456ns          243502 1c0087a2 01c7a783 lw               x15, 28(x15)        x15=3fc90fdb x15:1c000000  PA:1c00001c
14097774ns          243518 1c0087a6 a0f517d3 flt.s            x15, f10, f15       x15=00000000 f10:40006d94 f15:3fc90fdb
14097794ns          243519 1c0087aa 02079563 bne              x15, x0, 42         x15:00000000
14097814ns          243520 1c0087ac 1c0007b7 lui              x15, 0x1c000000     x15=1c000000
14097834ns          243521 1c0087b0 1007a783 lw               x15, 256(x15)       x15=40490fdb x15:1c000000  PA:1c000100
14098152ns          243537 1c0087b4 a0f51753 flt.s            x14, f10, f15       x14=00000001 f10:40006d94 f15:40490fdb
14098172ns          243538 1c0087b8 06071f63 bne              x14, x0, 126        x14:00000001
14098252ns          243542 1c008836 08a7f553 fsub.s           f10, f15, f10       f10=xxxxxxxx f15:40490fdb f10:40006d94
14098272ns          243543 1c00883a 10a57553 fmul.s           f10, f10, f10       f10=xxxxxxxx f10:3f91448e f10:3f91448e
14098291ns          243544 1c00883e 1c0007b7 lui              x15, 0x1c000000     x15=1c000000
14098311ns          243545 1c008842 1c000737 lui              x14, 0x1c000000     x14=1c000000
14098331ns          243546 1c008846 13472703 lw               x14, 308(x14)       x14=bab59551 x14:1c000000  PA:1c000134
14098630ns          243561 1c00884a 1307a783 lw               x15, 304(x15)       x15=37c23ab1 x15:1c000000  PA:1c000130
14098968ns          243578 1c00884e 70f577c3 fmadd.s          f15, f10, f15, f14  f15=xxxxxxxx f10:3fa4dd76 f15:37c23ab1 f14:bab59551
14098988ns          243579 1c008852 1c000737 lui              x14, 0x1c000000     x14=1c000000
14099008ns          243580 1c008856 13872703 lw               x14, 312(x14)       x14=3d2aa76f x14:1c000000  PA:1c000138
14099326ns          243596 1c00885a 70f577c3 fmadd.s          f15, f10, f15, f14  f15=xxxxxxxx f10:3fa4dd76 f15:bab1aca4 f14:3d2aa76f
14099346ns          243597 1c00885e 1c000737 lui              x14, 0x1c000000     x14=1c000000
14099366ns          243598 1c008862 13c72703 lw               x14, 316(x14)       x14=beffffe0 x14:1c000000  PA:1c00013c
14099704ns          243615 1c008866 70f577c3 fmadd.s          f15, f10, f15, f14  f15=xxxxxxxx f10:3fa4dd76 f15:3d2380aa f14:beffffe0
14099724ns          243616 1c00886a 1c000737 lui              x14, 0x1c000000     x14=1c000000
14099743ns          243617 1c00886e 16872703 lw               x14, 360(x14)       x14=3f7fffff x14:1c000000  PA:1c000168
14100062ns          243633 1c008872 70f57543 fmadd.s          f10, f10, f15, f14  f10=xxxxxxxx f10:3fa4dd76 f15:bee5ace8 f14:3f7fffff
14100082ns          243634 1c008876 20a51553 fsgnjn.s         f10, f10, f10       f10=xxxxxxxx f10:3ed82d14 f10:3ed82d14
14100102ns          243635 1c00887a 00008067 jalr             x0, x1, 0            x1:1c0081de
14100161ns          243638 1c0081de 016a7a53 fadd.s           f20, f20, f22       f20=xxxxxxxx f20:4064f581 f22:3eaaa273
14100181ns          243639 1c0081e2 10acf553 fmul.s           f10, f25, f10       f10=xxxxxxxx f25:3f800000 f10:bed82d14
14100201ns          243640 1c0081e6 a14a97d3 flt.s            x15, f21, f20       x15=00000000 f21:40c90fdb f20:407a49cf
14100221ns          243641 1c0081ea 00a4222b p.sw             x10, 4(x8!)          x8=1000164c x10:bed82d14  x8:10001648  PA:10001648
14100241ns          243642 1c0081ee 00078363 beq              x15, x0, 6          x15:00000000
14100300ns          243645 1c0081f4 ff7412e3 bne              x8, x23, -28         x8:1000164c x23:100017c8
14100360ns          243648 1c0081d8 094c7553 fsub.s           f10, f24, f20       f10=xxxxxxxx f24:3fc90fdb f20:407a49cf
14100380ns          243649 1c0081dc 57c000ef jal              x1, 1404             x1=1c0081de
14100420ns          243651 1c008758 a0a527d3 feq.s            x15, f10, f10       x15=00000001 f10:c015c1e2 f10:c015c1e2
14100440ns          243652 1c00875c 0a078b63 beq              x15, x0, 182        x15:00000001
14100460ns          243653 1c00875e e00517d3 fclass.s         x15, f10            x15=00000002 f10:c015c1e2
14100479ns          243654 1c008762 0817f793 andi             x15, x15, 129       x15=00000000 x15:00000002
14100499ns          243655 1c008766 0a079663 bne              x15, x0, 172        x15:00000000
14100519ns          243656 1c008768 00000793 addi             x15, x0, 0          x15=00000000
14100539ns          243657 1c00876c a0f517d3 flt.s            x15, f10, f15       x15=00000001 f10:c015c1e2 f15:00000000
14100559ns          243658 1c008770 0a079663 bne              x15, x0, 172        x15:00000001
14100619ns          243661 1c00881c 1c0007b7 lui              x15, 0x1c000000     x15=1c000000
14100639ns          243662 1c008820 12c7a783 lw               x15, 300(x15)       x15=c0c90fdb x15:1c000000  PA:1c00012c
14100977ns          243679 1c008824 a0f517d3 flt.s            x15, f10, f15       x15=00000000 f10:c015c1e2 f15:c0c90fdb
14100997ns          243680 1c008828 00078463 beq              x15, x0, 8          x15:00000000
14101056ns          243683 1c008830 20a51553 fsgnjn.s         f10, f10, f10       f10=xxxxxxxx f10:c015c1e2 f10:c015c1e2
14101076ns          243684 1c008834 f6bff06f jal              x0, -150           
14101136ns          243687 1c00879e 1c0007b7 lui              x15, 0x1c000000     x15=1c000000
14101156ns          243688 1c0087a2 01c7a783 lw               x15, 28(x15)        x15=3fc90fdb x15:1c000000  PA:1c00001c
14101494ns          243705 1c0087a6 a0f517d3 flt.s            x15, f10, f15       x15=00000000 f10:4015c1e2 f15:3fc90fdb
14101514ns          243706 1c0087aa 02079563 bne              x15, x0, 42         x15:00000000
14101534ns          243707 1c0087ac 1c0007b7 lui              x15, 0x1c000000     x15=1c000000
14101554ns          243708 1c0087b0 1007a783 lw               x15, 256(x15)       x15=40490fdb x15:1c000000  PA:1c000100
14101892ns          243725 1c0087b4 a0f51753 flt.s            x14, f10, f15       x14=00000001 f10:4015c1e2 f15:40490fdb
14101912ns          243726 1c0087b8 06071f63 bne              x14, x0, 126        x14:00000001
14101991ns          243730 1c008836 08a7f553 fsub.s           f10, f15, f10       f10=xxxxxxxx f15:40490fdb f10:4015c1e2
14102011ns          243731 1c00883a 10a57553 fmul.s           f10, f10, f10       f10=xxxxxxxx f10:3f4d37e4 f10:3f4d37e4
14102031ns          243732 1c00883e 1c0007b7 lui              x15, 0x1c000000     x15=1c000000
14102051ns          243733 1c008842 1c000737 lui              x14, 0x1c000000     x14=1c000000
14102071ns          243734 1c008846 13472703 lw               x14, 308(x14)       x14=bab59551 x14:1c000000  PA:1c000134
14102369ns          243749 1c00884a 1307a783 lw               x15, 304(x15)       x15=37c23ab1 x15:1c000000  PA:1c000130
14102687ns          243765 1c00884e 70f577c3 fmadd.s          f15, f10, f15, f14  f15=xxxxxxxx f10:3f24828f f15:37c23ab1 f14:bab59551
14102707ns          243766 1c008852 1c000737 lui              x14, 0x1c000000     x14=1c000000
14102727ns          243767 1c008856 13872703 lw               x14, 312(x14)       x14=3d2aa76f x14:1c000000  PA:1c000138
14103045ns          243783 1c00885a 70f577c3 fmadd.s          f15, f10, f15, f14  f15=xxxxxxxx f10:3f24828f f15:bab3a20e f14:3d2aa76f
14103065ns          243784 1c00885e 1c000737 lui              x14, 0x1c000000     x14=1c000000
14103085ns          243785 1c008862 13c72703 lw               x14, 316(x14)       x14=beffffe0 x14:1c000000  PA:1c00013c
14103403ns          243801 1c008866 70f577c3 fmadd.s          f15, f10, f15, f14  f15=xxxxxxxx f10:3f24828f f15:3d270bf4 f14:beffffe0
14103423ns          243802 1c00886a 1c000737 lui              x14, 0x1c000000     x14=1c000000
14103443ns          243803 1c00886e 16872703 lw               x14, 360(x14)       x14=3f7fffff x14:1c000000  PA:1c000168
14103761ns          243819 1c008872 70f57543 fmadd.s          f10, f10, f15, f14  f10=xxxxxxxx f10:3f24828f f15:bef294c5 f14:3f7fffff
14103781ns          243820 1c008876 20a51553 fsgnjn.s         f10, f10, f10       f10=xxxxxxxx f10:3f320e7c f10:3f320e7c
14103801ns          243821 1c00887a 00008067 jalr             x0, x1, 0            x1:1c0081de
14103861ns          243824 1c0081de 016a7a53 fadd.s           f20, f20, f22       f20=xxxxxxxx f20:407a49cf f22:3eaaa273
14103881ns          243825 1c0081e2 10acf553 fmul.s           f10, f25, f10       f10=xxxxxxxx f25:3f800000 f10:bf320e7c
14103901ns          243826 1c0081e6 a14a97d3 flt.s            x15, f21, f20       x15=00000000 f21:40c90fdb f20:4087cf0f
14103921ns          243827 1c0081ea 00a4222b p.sw             x10, 4(x8!)          x8=10001650 x10:bf320e7c  x8:1000164c  PA:1000164c
14103940ns          243828 1c0081ee 00078363 beq              x15, x0, 6          x15:00000000
14104000ns          243831 1c0081f4 ff7412e3 bne              x8, x23, -28         x8:10001650 x23:100017c8
14104060ns          243834 1c0081d8 094c7553 fsub.s           f10, f24, f20       f10=xxxxxxxx f24:3fc90fdb f20:4087cf0f
14104080ns          243835 1c0081dc 57c000ef jal              x1, 1404             x1=1c0081de
14104119ns          243837 1c008758 a0a527d3 feq.s            x15, f10, f10       x15=00000001 f10:c02b1630 f10:c02b1630
14104139ns          243838 1c00875c 0a078b63 beq              x15, x0, 182        x15:00000001
14104159ns          243839 1c00875e e00517d3 fclass.s         x15, f10            x15=00000002 f10:c02b1630
14104179ns          243840 1c008762 0817f793 andi             x15, x15, 129       x15=00000000 x15:00000002
14104199ns          243841 1c008766 0a079663 bne              x15, x0, 172        x15:00000000
14104219ns          243842 1c008768 00000793 addi             x15, x0, 0          x15=00000000
14104239ns          243843 1c00876c a0f517d3 flt.s            x15, f10, f15       x15=00000001 f10:c02b1630 f15:00000000
14104259ns          243844 1c008770 0a079663 bne              x15, x0, 172        x15:00000001
14104318ns          243847 1c00881c 1c0007b7 lui              x15, 0x1c000000     x15=1c000000
14104338ns          243848 1c008820 12c7a783 lw               x15, 300(x15)       x15=c0c90fdb x15:1c000000  PA:1c00012c
14104676ns          243865 1c008824 a0f517d3 flt.s            x15, f10, f15       x15=00000000 f10:c02b1630 f15:c0c90fdb
14104696ns          243866 1c008828 00078463 beq              x15, x0, 8          x15:00000000
14104756ns          243869 1c008830 20a51553 fsgnjn.s         f10, f10, f10       f10=xxxxxxxx f10:c02b1630 f10:c02b1630
14104776ns          243870 1c008834 f6bff06f jal              x0, -150           
14104836ns          243873 1c00879e 1c0007b7 lui              x15, 0x1c000000     x15=1c000000
14104855ns          243874 1c0087a2 01c7a783 lw               x15, 28(x15)        x15=3fc90fdb x15:1c000000  PA:1c00001c
14105174ns          243890 1c0087a6 a0f517d3 flt.s            x15, f10, f15       x15=00000000 f10:402b1630 f15:3fc90fdb
14105194ns          243891 1c0087aa 02079563 bne              x15, x0, 42         x15:00000000
14105213ns          243892 1c0087ac 1c0007b7 lui              x15, 0x1c000000     x15=1c000000
14105233ns          243893 1c0087b0 1007a783 lw               x15, 256(x15)       x15=40490fdb x15:1c000000  PA:1c000100
14105571ns          243910 1c0087b4 a0f51753 flt.s            x14, f10, f15       x14=00000001 f10:402b1630 f15:40490fdb
14105591ns          243911 1c0087b8 06071f63 bne              x14, x0, 126        x14:00000001
14105671ns          243915 1c008836 08a7f553 fsub.s           f10, f15, f10       f10=xxxxxxxx f15:40490fdb f10:402b1630
14105691ns          243916 1c00883a 10a57553 fmul.s           f10, f10, f10       f10=xxxxxxxx f10:3eefcd58 f10:3eefcd58
14105711ns          243917 1c00883e 1c0007b7 lui              x15, 0x1c000000     x15=1c000000
14105731ns          243918 1c008842 1c000737 lui              x14, 0x1c000000     x14=1c000000
14105751ns          243919 1c008846 13472703 lw               x14, 308(x14)       x14=bab59551 x14:1c000000  PA:1c000134
14106049ns          243934 1c00884a 1307a783 lw               x15, 304(x15)       x15=37c23ab1 x15:1c000000  PA:1c000130
14106387ns          243951 1c00884e 70f577c3 fmadd.s          f15, f10, f15, f14  f15=xxxxxxxx f10:3e60a10f f15:37c23ab1 f14:bab59551
14106407ns          243952 1c008852 1c000737 lui              x14, 0x1c000000     x14=1c000000
14106427ns          243953 1c008856 13872703 lw               x14, 312(x14)       x14=3d2aa76f x14:1c000000  PA:1c000138
14106765ns          243970 1c00885a 70f577c3 fmadd.s          f15, f10, f15, f14  f15=xxxxxxxx f10:3e60a10f f15:bab4eae3 f14:3d2aa76f
14106785ns          243971 1c00885e 1c000737 lui              x14, 0x1c000000     x14=1c000000
14106805ns          243972 1c008862 13c72703 lw               x14, 316(x14)       x14=beffffe0 x14:1c000000  PA:1c00013c
14107123ns          243988 1c008866 70f577c3 fmadd.s          f15, f10, f15, f14  f15=xxxxxxxx f10:3e60a10f f15:3d2969f0 f14:beffffe0
14107143ns          243989 1c00886a 1c000737 lui              x14, 0x1c000000     x14=1c000000
14107163ns          243990 1c00886e 16872703 lw               x14, 360(x14)       x14=3f7fffff x14:1c000000  PA:1c000168
14107501ns          244007 1c008872 70f57543 fmadd.s          f10, f10, f15, f14  f10=xxxxxxxx f10:3e60a10f f15:befb5aa6 f14:3f7fffff
14107521ns          244008 1c008876 20a51553 fsgnjn.s         f10, f10, f10       f10=xxxxxxxx f10:3f646e51 f10:3f646e51
14107541ns          244009 1c00887a 00008067 jalr             x0, x1, 0            x1:1c0081de
14107600ns          244012 1c0081de 016a7a53 fadd.s           f20, f20, f22       f20=xxxxxxxx f20:4087cf0f f22:3eaaa273
14107620ns          244013 1c0081e2 10acf553 fmul.s           f10, f25, f10       f10=xxxxxxxx f25:3f800000 f10:bf646e51
14107640ns          244014 1c0081e6 a14a97d3 flt.s            x15, f21, f20       x15=00000000 f21:40c90fdb f20:40927936
14107660ns          244015 1c0081ea 00a4222b p.sw             x10, 4(x8!)          x8=10001654 x10:bf646e51  x8:10001650  PA:10001650
14107680ns          244016 1c0081ee 00078363 beq              x15, x0, 6          x15:00000000
14107740ns          244019 1c0081f4 ff7412e3 bne              x8, x23, -28         x8:10001654 x23:100017c8
14107799ns          244022 1c0081d8 094c7553 fsub.s           f10, f24, f20       f10=xxxxxxxx f24:3fc90fdb f20:40927936
14107819ns          244023 1c0081dc 57c000ef jal              x1, 1404             x1=1c0081de
14107859ns          244025 1c008758 a0a527d3 feq.s            x15, f10, f10       x15=00000001 f10:c0406a7e f10:c0406a7e
14107879ns          244026 1c00875c 0a078b63 beq              x15, x0, 182        x15:00000001
14107899ns          244027 1c00875e e00517d3 fclass.s         x15, f10            x15=00000002 f10:c0406a7e
14107919ns          244028 1c008762 0817f793 andi             x15, x15, 129       x15=00000000 x15:00000002
14107938ns          244029 1c008766 0a079663 bne              x15, x0, 172        x15:00000000
14107958ns          244030 1c008768 00000793 addi             x15, x0, 0          x15=00000000
14107978ns          244031 1c00876c a0f517d3 flt.s            x15, f10, f15       x15=00000001 f10:c0406a7e f15:00000000
14107998ns          244032 1c008770 0a079663 bne              x15, x0, 172        x15:00000001
14108058ns          244035 1c00881c 1c0007b7 lui              x15, 0x1c000000     x15=1c000000
14108078ns          244036 1c008820 12c7a783 lw               x15, 300(x15)       x15=c0c90fdb x15:1c000000  PA:1c00012c
14108396ns          244052 1c008824 a0f517d3 flt.s            x15, f10, f15       x15=00000000 f10:c0406a7e f15:c0c90fdb
14108416ns          244053 1c008828 00078463 beq              x15, x0, 8          x15:00000000
14108476ns          244056 1c008830 20a51553 fsgnjn.s         f10, f10, f10       f10=xxxxxxxx f10:c0406a7e f10:c0406a7e
14108495ns          244057 1c008834 f6bff06f jal              x0, -150           
14108555ns          244060 1c00879e 1c0007b7 lui              x15, 0x1c000000     x15=1c000000
14108575ns          244061 1c0087a2 01c7a783 lw               x15, 28(x15)        x15=3fc90fdb x15:1c000000  PA:1c00001c
14108893ns          244077 1c0087a6 a0f517d3 flt.s            x15, f10, f15       x15=00000000 f10:40406a7e f15:3fc90fdb
14108913ns          244078 1c0087aa 02079563 bne              x15, x0, 42         x15:00000000
14108933ns          244079 1c0087ac 1c0007b7 lui              x15, 0x1c000000     x15=1c000000
14108953ns          244080 1c0087b0 1007a783 lw               x15, 256(x15)       x15=40490fdb x15:1c000000  PA:1c000100
14109271ns          244096 1c0087b4 a0f51753 flt.s            x14, f10, f15       x14=00000001 f10:40406a7e f15:40490fdb
14109291ns          244097 1c0087b8 06071f63 bne              x14, x0, 126        x14:00000001
14109371ns          244101 1c008836 08a7f553 fsub.s           f10, f15, f10       f10=xxxxxxxx f15:40490fdb f10:40406a7e
14109391ns          244102 1c00883a 10a57553 fmul.s           f10, f10, f10       f10=xxxxxxxx f10:3e0a55d0 f10:3e0a55d0
14109410ns          244103 1c00883e 1c0007b7 lui              x15, 0x1c000000     x15=1c000000
14109430ns          244104 1c008842 1c000737 lui              x14, 0x1c000000     x14=1c000000
14109450ns          244105 1c008846 13472703 lw               x14, 308(x14)       x14=bab59551 x14:1c000000  PA:1c000134
14109749ns          244120 1c00884a 1307a783 lw               x15, 304(x15)       x15=37c23ab1 x15:1c000000  PA:1c000130
14110067ns          244136 1c00884e 70f577c3 fmadd.s          f15, f10, f15, f14  f15=xxxxxxxx f10:3c958142 f15:37c23ab1 f14:bab59551
14110087ns          244137 1c008852 1c000737 lui              x14, 0x1c000000     x14=1c000000
14110107ns          244138 1c008856 13872703 lw               x14, 312(x14)       x14=3d2aa76f x14:1c000000  PA:1c000138
14110425ns          244154 1c00885a 70f577c3 fmadd.s          f15, f10, f15, f14  f15=xxxxxxxx f10:3c958142 f15:bab58723 f14:3d2aa76f
14110445ns          244155 1c00885e 1c000737 lui              x14, 0x1c000000     x14=1c000000
14110465ns          244156 1c008862 13c72703 lw               x14, 316(x14)       x14=beffffe0 x14:1c000000  PA:1c00013c
14110803ns          244173 1c008866 70f577c3 fmadd.s          f15, f10, f15, f14  f15=xxxxxxxx f10:3c958142 f15:3d2a8cee f14:beffffe0
14110823ns          244174 1c00886a 1c000737 lui              x14, 0x1c000000     x14=1c000000
14110843ns          244175 1c00886e 16872703 lw               x14, 360(x14)       x14=3f7fffff x14:1c000000  PA:1c000168
14111181ns          244192 1c008872 70f57543 fmadd.s          f10, f10, f15, f14  f10=xxxxxxxx f10:3c958142 f15:beff9c46 f14:3f7fffff
14111201ns          244193 1c008876 20a51553 fsgnjn.s         f10, f10, f10       f10=xxxxxxxx f10:3f7daae3 f10:3f7daae3
14111220ns          244194 1c00887a 00008067 jalr             x0, x1, 0            x1:1c0081de
14111280ns          244197 1c0081de 016a7a53 fadd.s           f20, f20, f22       f20=xxxxxxxx f20:40927936 f22:3eaaa273
14111300ns          244198 1c0081e2 10acf553 fmul.s           f10, f25, f10       f10=xxxxxxxx f25:3f800000 f10:bf7daae3
14111320ns          244199 1c0081e6 a14a97d3 flt.s            x15, f21, f20       x15=00000000 f21:40c90fdb f20:409d235d
14111340ns          244200 1c0081ea 00a4222b p.sw             x10, 4(x8!)          x8=10001658 x10:bf7daae3  x8:10001654  PA:10001654
14111360ns          244201 1c0081ee 00078363 beq              x15, x0, 6          x15:00000000
14111419ns          244204 1c0081f4 ff7412e3 bne              x8, x23, -28         x8:10001658 x23:100017c8
14111479ns          244207 1c0081d8 094c7553 fsub.s           f10, f24, f20       f10=xxxxxxxx f24:3fc90fdb f20:409d235d
14111499ns          244208 1c0081dc 57c000ef jal              x1, 1404             x1=1c0081de
14111539ns          244210 1c008758 a0a527d3 feq.s            x15, f10, f10       x15=00000001 f10:c055becc f10:c055becc
14111559ns          244211 1c00875c 0a078b63 beq              x15, x0, 182        x15:00000001
14111578ns          244212 1c00875e e00517d3 fclass.s         x15, f10            x15=00000002 f10:c055becc
14111598ns          244213 1c008762 0817f793 andi             x15, x15, 129       x15=00000000 x15:00000002
14111618ns          244214 1c008766 0a079663 bne              x15, x0, 172        x15:00000000
14111638ns          244215 1c008768 00000793 addi             x15, x0, 0          x15=00000000
14111658ns          244216 1c00876c a0f517d3 flt.s            x15, f10, f15       x15=00000001 f10:c055becc f15:00000000
14111678ns          244217 1c008770 0a079663 bne              x15, x0, 172        x15:00000001
14111738ns          244220 1c00881c 1c0007b7 lui              x15, 0x1c000000     x15=1c000000
14111758ns          244221 1c008820 12c7a783 lw               x15, 300(x15)       x15=c0c90fdb x15:1c000000  PA:1c00012c
14112096ns          244238 1c008824 a0f517d3 flt.s            x15, f10, f15       x15=00000000 f10:c055becc f15:c0c90fdb
14112116ns          244239 1c008828 00078463 beq              x15, x0, 8          x15:00000000
14112175ns          244242 1c008830 20a51553 fsgnjn.s         f10, f10, f10       f10=xxxxxxxx f10:c055becc f10:c055becc
14112195ns          244243 1c008834 f6bff06f jal              x0, -150           
14112255ns          244246 1c00879e 1c0007b7 lui              x15, 0x1c000000     x15=1c000000
14112275ns          244247 1c0087a2 01c7a783 lw               x15, 28(x15)        x15=3fc90fdb x15:1c000000  PA:1c00001c
14112653ns          244266 1c0087a6 a0f517d3 flt.s            x15, f10, f15       x15=00000000 f10:4055becc f15:3fc90fdb
14112672ns          244267 1c0087aa 02079563 bne              x15, x0, 42         x15:00000000
14112692ns          244268 1c0087ac 1c0007b7 lui              x15, 0x1c000000     x15=1c000000
14112712ns          244269 1c0087b0 1007a783 lw               x15, 256(x15)       x15=40490fdb x15:1c000000  PA:1c000100
14113031ns          244285 1c0087b4 a0f51753 flt.s            x14, f10, f15       x14=00000000 f10:4055becc f15:40490fdb
14113050ns          244286 1c0087b8 06071f63 bne              x14, x0, 126        x14:00000000
14113070ns          244287 1c0087ba 1c000737 lui              x14, 0x1c000000     x14=1c000000
14113090ns          244288 1c0087be 14072703 lw               x14, 320(x14)       x14=4096cbe4 x14:1c000000  PA:1c000140
14113428ns          244305 1c0087c2 a0e51753 flt.s            x14, f10, f14       x14=00000001 f10:4055becc f14:4096cbe4
14113448ns          244306 1c0087c6 0a071b63 bne              x14, x0, 182        x14:00000001
14113508ns          244309 1c00887c 08f57553 fsub.s           f10, f10, f15       f10=xxxxxxxx f10:4055becc f15:40490fdb
14113528ns          244310 1c008880 fbbff06f jal              x0, -70            
14113587ns          244313 1c00883a 10a57553 fmul.s           f10, f10, f10       f10=xxxxxxxx f10:3e4aef10 f10:3e4aef10
14113607ns          244314 1c00883e 1c0007b7 lui              x15, 0x1c000000     x15=1c000000
14113627ns          244315 1c008842 1c000737 lui              x14, 0x1c000000     x14=1c000000
14113647ns          244316 1c008846 13472703 lw               x14, 308(x14)       x14=bab59551 x14:1c000000  PA:1c000134
14113945ns          244331 1c00884a 1307a783 lw               x15, 304(x15)       x15=37c23ab1 x15:1c000000  PA:1c000130
14114264ns          244347 1c00884e 70f577c3 fmadd.s          f15, f10, f15, f14  f15=xxxxxxxx f10:3d20de24 f15:37c23ab1 f14:bab59551
14114284ns          244348 1c008852 1c000737 lui              x14, 0x1c000000     x14=1c000000
14114304ns          244349 1c008856 13872703 lw               x14, 312(x14)       x14=3d2aa76f x14:1c000000  PA:1c000138
14114642ns          244366 1c00885a 70f577c3 fmadd.s          f15, f10, f15, f14  f15=xxxxxxxx f10:3d20de24 f15:bab576ce f14:3d2aa76f
14114662ns          244367 1c00885e 1c000737 lui              x14, 0x1c000000     x14=1c000000
14114681ns          244368 1c008862 13c72703 lw               x14, 316(x14)       x14=beffffe0 x14:1c000000  PA:1c00013c
14115000ns          244384 1c008866 70f577c3 fmadd.s          f15, f10, f15, f14  f15=xxxxxxxx f10:3d20de24 f15:3d2a6e6b f14:beffffe0
14115020ns          244385 1c00886a 1c000737 lui              x14, 0x1c000000     x14=1c000000
14115039ns          244386 1c00886e 16872703 lw               x14, 360(x14)       x14=3f7fffff x14:1c000000  PA:1c000168
14115358ns          244402 1c008872 70f57543 fmadd.s          f10, f10, f15, f14  f10=xxxxxxxx f10:3d20de24 f15:beff29ae f14:3f7fffff
14115378ns          244403 1c008876 20a51553 fsgnjn.s         f10, f10, f10       f10=xxxxxxxx f10:3f7afd43 f10:3f7afd43
14115398ns          244404 1c00887a 00008067 jalr             x0, x1, 0            x1:1c0081de
14115457ns          244407 1c0081de 016a7a53 fadd.s           f20, f20, f22       f20=xxxxxxxx f20:409d235d f22:3eaaa273
14115477ns          244408 1c0081e2 10acf553 fmul.s           f10, f25, f10       f10=xxxxxxxx f25:3f800000 f10:bf7afd43
14115497ns          244409 1c0081e6 a14a97d3 flt.s            x15, f21, f20       x15=00000000 f21:40c90fdb f20:40a7cd84
14115517ns          244410 1c0081ea 00a4222b p.sw             x10, 4(x8!)          x8=1000165c x10:bf7afd43  x8:10001658  PA:10001658
14115537ns          244411 1c0081ee 00078363 beq              x15, x0, 6          x15:00000000
14115596ns          244414 1c0081f4 ff7412e3 bne              x8, x23, -28         x8:1000165c x23:100017c8
14115656ns          244417 1c0081d8 094c7553 fsub.s           f10, f24, f20       f10=xxxxxxxx f24:3fc90fdb f20:40a7cd84
14115676ns          244418 1c0081dc 57c000ef jal              x1, 1404             x1=1c0081de
14115716ns          244420 1c008758 a0a527d3 feq.s            x15, f10, f10       x15=00000001 f10:c06b131a f10:c06b131a
14115736ns          244421 1c00875c 0a078b63 beq              x15, x0, 182        x15:00000001
14115756ns          244422 1c00875e e00517d3 fclass.s         x15, f10            x15=00000002 f10:c06b131a
14115775ns          244423 1c008762 0817f793 andi             x15, x15, 129       x15=00000000 x15:00000002
14115795ns          244424 1c008766 0a079663 bne              x15, x0, 172        x15:00000000
14115815ns          244425 1c008768 00000793 addi             x15, x0, 0          x15=00000000
14115835ns          244426 1c00876c a0f517d3 flt.s            x15, f10, f15       x15=00000001 f10:c06b131a f15:00000000
14115855ns          244427 1c008770 0a079663 bne              x15, x0, 172        x15:00000001
14115915ns          244430 1c00881c 1c0007b7 lui              x15, 0x1c000000     x15=1c000000
14115935ns          244431 1c008820 12c7a783 lw               x15, 300(x15)       x15=c0c90fdb x15:1c000000  PA:1c00012c
14116273ns          244448 1c008824 a0f517d3 flt.s            x15, f10, f15       x15=00000000 f10:c06b131a f15:c0c90fdb
14116293ns          244449 1c008828 00078463 beq              x15, x0, 8          x15:00000000
14116352ns          244452 1c008830 20a51553 fsgnjn.s         f10, f10, f10       f10=xxxxxxxx f10:c06b131a f10:c06b131a
14116372ns          244453 1c008834 f6bff06f jal              x0, -150           
14116432ns          244456 1c00879e 1c0007b7 lui              x15, 0x1c000000     x15=1c000000
14116452ns          244457 1c0087a2 01c7a783 lw               x15, 28(x15)        x15=3fc90fdb x15:1c000000  PA:1c00001c
14116770ns          244473 1c0087a6 a0f517d3 flt.s            x15, f10, f15       x15=00000000 f10:406b131a f15:3fc90fdb
14116790ns          244474 1c0087aa 02079563 bne              x15, x0, 42         x15:00000000
14116810ns          244475 1c0087ac 1c0007b7 lui              x15, 0x1c000000     x15=1c000000
14116830ns          244476 1c0087b0 1007a783 lw               x15, 256(x15)       x15=40490fdb x15:1c000000  PA:1c000100
14117148ns          244492 1c0087b4 a0f51753 flt.s            x14, f10, f15       x14=00000000 f10:406b131a f15:40490fdb
14117168ns          244493 1c0087b8 06071f63 bne              x14, x0, 126        x14:00000000
14117188ns          244494 1c0087ba 1c000737 lui              x14, 0x1c000000     x14=1c000000
14117208ns          244495 1c0087be 14072703 lw               x14, 320(x14)       x14=4096cbe4 x14:1c000000  PA:1c000140
14117546ns          244512 1c0087c2 a0e51753 flt.s            x14, f10, f14       x14=00000001 f10:406b131a f14:4096cbe4
14117566ns          244513 1c0087c6 0a071b63 bne              x14, x0, 182        x14:00000001
14117625ns          244516 1c00887c 08f57553 fsub.s           f10, f10, f15       f10=xxxxxxxx f10:406b131a f15:40490fdb
14117645ns          244517 1c008880 fbbff06f jal              x0, -70            
14117705ns          244520 1c00883a 10a57553 fmul.s           f10, f10, f10       f10=xxxxxxxx f10:3f080cfc f10:3f080cfc
14117725ns          244521 1c00883e 1c0007b7 lui              x15, 0x1c000000     x15=1c000000
14117745ns          244522 1c008842 1c000737 lui              x14, 0x1c000000     x14=1c000000
14117765ns          244523 1c008846 13472703 lw               x14, 308(x14)       x14=bab59551 x14:1c000000  PA:1c000134
14118063ns          244538 1c00884a 1307a783 lw               x15, 304(x15)       x15=37c23ab1 x15:1c000000  PA:1c000130
14118381ns          244554 1c00884e 70f577c3 fmadd.s          f15, f10, f15, f14  f15=xxxxxxxx f10:3e909b99 f15:37c23ab1 f14:bab59551
14118401ns          244555 1c008852 1c000737 lui              x14, 0x1c000000     x14=1c000000
14118421ns          244556 1c008856 13872703 lw               x14, 312(x14)       x14=3d2aa76f x14:1c000000  PA:1c000138
14118859ns          244578 1c00885a 70f577c3 fmadd.s          f15, f10, f15, f14  f15=xxxxxxxx f10:3e909b99 f15:bab4b9e3 f14:3d2aa76f
14118878ns          244579 1c00885e 1c000737 lui              x14, 0x1c000000     x14=1c000000
14118898ns          244580 1c008862 13c72703 lw               x14, 316(x14)       x14=beffffe0 x14:1c000000  PA:1c00013c
14119217ns          244596 1c008866 70f577c3 fmadd.s          f15, f10, f15, f14  f15=xxxxxxxx f10:3e909b99 f15:3d290f15 f14:beffffe0
14119236ns          244597 1c00886a 1c000737 lui              x14, 0x1c000000     x14=1c000000
14119256ns          244598 1c00886e 16872703 lw               x14, 360(x14)       x14=3f7fffff x14:1c000000  PA:1c000168
14119575ns          244614 1c008872 70f57543 fmadd.s          f10, f10, f15, f14  f10=xxxxxxxx f10:3e909b99 f15:befa07ec f14:3f7fffff
14119594ns          244615 1c008876 20a51553 fsgnjn.s         f10, f10, f10       f10=xxxxxxxx f10:3f5cb0e4 f10:3f5cb0e4
14119614ns          244616 1c00887a 00008067 jalr             x0, x1, 0            x1:1c0081de
14119674ns          244619 1c0081de 016a7a53 fadd.s           f20, f20, f22       f20=xxxxxxxx f20:40a7cd84 f22:3eaaa273
14119694ns          244620 1c0081e2 10acf553 fmul.s           f10, f25, f10       f10=xxxxxxxx f25:3f800000 f10:bf5cb0e4
14119714ns          244621 1c0081e6 a14a97d3 flt.s            x15, f21, f20       x15=00000000 f21:40c90fdb f20:40b277ab
14119734ns          244622 1c0081ea 00a4222b p.sw             x10, 4(x8!)          x8=10001660 x10:bf5cb0e4  x8:1000165c  PA:1000165c
14119754ns          244623 1c0081ee 00078363 beq              x15, x0, 6          x15:00000000
14119813ns          244626 1c0081f4 ff7412e3 bne              x8, x23, -28         x8:10001660 x23:100017c8
14119873ns          244629 1c0081d8 094c7553 fsub.s           f10, f24, f20       f10=xxxxxxxx f24:3fc90fdb f20:40b277ab
14119893ns          244630 1c0081dc 57c000ef jal              x1, 1404             x1=1c0081de
14119933ns          244632 1c008758 a0a527d3 feq.s            x15, f10, f10       x15=00000001 f10:c08033b4 f10:c08033b4
14119952ns          244633 1c00875c 0a078b63 beq              x15, x0, 182        x15:00000001
14119972ns          244634 1c00875e e00517d3 fclass.s         x15, f10            x15=00000002 f10:c08033b4
14119992ns          244635 1c008762 0817f793 andi             x15, x15, 129       x15=00000000 x15:00000002
14120012ns          244636 1c008766 0a079663 bne              x15, x0, 172        x15:00000000
14120032ns          244637 1c008768 00000793 addi             x15, x0, 0          x15=00000000
14120052ns          244638 1c00876c a0f517d3 flt.s            x15, f10, f15       x15=00000001 f10:c08033b4 f15:00000000
14120072ns          244639 1c008770 0a079663 bne              x15, x0, 172        x15:00000001
14120132ns          244642 1c00881c 1c0007b7 lui              x15, 0x1c000000     x15=1c000000
14120151ns          244643 1c008820 12c7a783 lw               x15, 300(x15)       x15=c0c90fdb x15:1c000000  PA:1c00012c
14120490ns          244660 1c008824 a0f517d3 flt.s            x15, f10, f15       x15=00000000 f10:c08033b4 f15:c0c90fdb
14120509ns          244661 1c008828 00078463 beq              x15, x0, 8          x15:00000000
14120569ns          244664 1c008830 20a51553 fsgnjn.s         f10, f10, f10       f10=xxxxxxxx f10:c08033b4 f10:c08033b4
14120589ns          244665 1c008834 f6bff06f jal              x0, -150           
14120649ns          244668 1c00879e 1c0007b7 lui              x15, 0x1c000000     x15=1c000000
14120669ns          244669 1c0087a2 01c7a783 lw               x15, 28(x15)        x15=3fc90fdb x15:1c000000  PA:1c00001c
14120987ns          244685 1c0087a6 a0f517d3 flt.s            x15, f10, f15       x15=00000000 f10:408033b4 f15:3fc90fdb
14121007ns          244686 1c0087aa 02079563 bne              x15, x0, 42         x15:00000000
14121027ns          244687 1c0087ac 1c0007b7 lui              x15, 0x1c000000     x15=1c000000
14121046ns          244688 1c0087b0 1007a783 lw               x15, 256(x15)       x15=40490fdb x15:1c000000  PA:1c000100
14121405ns          244706 1c0087b4 a0f51753 flt.s            x14, f10, f15       x14=00000000 f10:408033b4 f15:40490fdb
14121424ns          244707 1c0087b8 06071f63 bne              x14, x0, 126        x14:00000000
14121444ns          244708 1c0087ba 1c000737 lui              x14, 0x1c000000     x14=1c000000
14121464ns          244709 1c0087be 14072703 lw               x14, 320(x14)       x14=4096cbe4 x14:1c000000  PA:1c000140
14121802ns          244726 1c0087c2 a0e51753 flt.s            x14, f10, f14       x14=00000001 f10:408033b4 f14:4096cbe4
14121822ns          244727 1c0087c6 0a071b63 bne              x14, x0, 182        x14:00000001
14121882ns          244730 1c00887c 08f57553 fsub.s           f10, f10, f15       f10=xxxxxxxx f10:408033b4 f15:40490fdb
14121902ns          244731 1c008880 fbbff06f jal              x0, -70            
14121961ns          244734 1c00883a 10a57553 fmul.s           f10, f10, f10       f10=xxxxxxxx f10:3f5d5e34 f10:3f5d5e34
14121981ns          244735 1c00883e 1c0007b7 lui              x15, 0x1c000000     x15=1c000000
14122001ns          244736 1c008842 1c000737 lui              x14, 0x1c000000     x14=1c000000
14122021ns          244737 1c008846 13472703 lw               x14, 308(x14)       x14=bab59551 x14:1c000000  PA:1c000134
14122319ns          244752 1c00884a 1307a783 lw               x15, 304(x15)       x15=37c23ab1 x15:1c000000  PA:1c000130
14122638ns          244768 1c00884e 70f577c3 fmadd.s          f15, f10, f15, f14  f15=xxxxxxxx f10:3f3f6bc8 f15:37c23ab1 f14:bab59551
14122658ns          244769 1c008852 1c000737 lui              x14, 0x1c000000     x14=1c000000
14122678ns          244770 1c008856 13872703 lw               x14, 312(x14)       x14=3d2aa76f x14:1c000000  PA:1c000138
14123016ns          244787 1c00885a 70f577c3 fmadd.s          f15, f10, f15, f14  f15=xxxxxxxx f10:3f3f6bc8 f15:bab35063 f14:3d2aa76f
14123036ns          244788 1c00885e 1c000737 lui              x14, 0x1c000000     x14=1c000000
14123055ns          244789 1c008862 13c72703 lw               x14, 316(x14)       x14=beffffe0 x14:1c000000  PA:1c00013c
14123374ns          244805 1c008866 70f577c3 fmadd.s          f15, f10, f15, f14  f15=xxxxxxxx f10:3f3f6bc8 f15:3d2676cb f14:beffffe0
14123394ns          244806 1c00886a 1c000737 lui              x14, 0x1c000000     x14=1c000000
14123413ns          244807 1c00886e 16872703 lw               x14, 360(x14)       x14=3f7fffff x14:1c000000  PA:1c000168
14123732ns          244823 1c008872 70f57543 fmadd.s          f10, f10, f15, f14  f10=xxxxxxxx f10:3f3f6bc8 f15:bef070c9 f14:3f7fffff
14123752ns          244824 1c008876 20a51553 fsgnjn.s         f10, f10, f10       f10=xxxxxxxx f10:3f261b4f f10:3f261b4f
14123772ns          244825 1c00887a 00008067 jalr             x0, x1, 0            x1:1c0081de
14123831ns          244828 1c0081de 016a7a53 fadd.s           f20, f20, f22       f20=xxxxxxxx f20:40b277ab f22:3eaaa273
14123851ns          244829 1c0081e2 10acf553 fmul.s           f10, f25, f10       f10=xxxxxxxx f25:3f800000 f10:bf261b4f
14123871ns          244830 1c0081e6 a14a97d3 flt.s            x15, f21, f20       x15=00000000 f21:40c90fdb f20:40bd21d2
14123891ns          244831 1c0081ea 00a4222b p.sw             x10, 4(x8!)          x8=10001664 x10:bf261b4f  x8:10001660  PA:10001660
14123911ns          244832 1c0081ee 00078363 beq              x15, x0, 6          x15:00000000
14123970ns          244835 1c0081f4 ff7412e3 bne              x8, x23, -28         x8:10001664 x23:100017c8
14124030ns          244838 1c0081d8 094c7553 fsub.s           f10, f24, f20       f10=xxxxxxxx f24:3fc90fdb f20:40bd21d2
14124050ns          244839 1c0081dc 57c000ef jal              x1, 1404             x1=1c0081de
14124090ns          244841 1c008758 a0a527d3 feq.s            x15, f10, f10       x15=00000001 f10:c08adddb f10:c08adddb
14124110ns          244842 1c00875c 0a078b63 beq              x15, x0, 182        x15:00000001
14124130ns          244843 1c00875e e00517d3 fclass.s         x15, f10            x15=00000002 f10:c08adddb
14124149ns          244844 1c008762 0817f793 andi             x15, x15, 129       x15=00000000 x15:00000002
14124169ns          244845 1c008766 0a079663 bne              x15, x0, 172        x15:00000000
14124189ns          244846 1c008768 00000793 addi             x15, x0, 0          x15=00000000
14124209ns          244847 1c00876c a0f517d3 flt.s            x15, f10, f15       x15=00000001 f10:c08adddb f15:00000000
14124229ns          244848 1c008770 0a079663 bne              x15, x0, 172        x15:00000001
14124289ns          244851 1c00881c 1c0007b7 lui              x15, 0x1c000000     x15=1c000000
14124309ns          244852 1c008820 12c7a783 lw               x15, 300(x15)       x15=c0c90fdb x15:1c000000  PA:1c00012c
14124627ns          244868 1c008824 a0f517d3 flt.s            x15, f10, f15       x15=00000000 f10:c08adddb f15:c0c90fdb
14124647ns          244869 1c008828 00078463 beq              x15, x0, 8          x15:00000000
14124706ns          244872 1c008830 20a51553 fsgnjn.s         f10, f10, f10       f10=xxxxxxxx f10:c08adddb f10:c08adddb
14124726ns          244873 1c008834 f6bff06f jal              x0, -150           
14124786ns          244876 1c00879e 1c0007b7 lui              x15, 0x1c000000     x15=1c000000
14124806ns          244877 1c0087a2 01c7a783 lw               x15, 28(x15)        x15=3fc90fdb x15:1c000000  PA:1c00001c
14125124ns          244893 1c0087a6 a0f517d3 flt.s            x15, f10, f15       x15=00000000 f10:408adddb f15:3fc90fdb
14125144ns          244894 1c0087aa 02079563 bne              x15, x0, 42         x15:00000000
14125164ns          244895 1c0087ac 1c0007b7 lui              x15, 0x1c000000     x15=1c000000
14125184ns          244896 1c0087b0 1007a783 lw               x15, 256(x15)       x15=40490fdb x15:1c000000  PA:1c000100
14125502ns          244912 1c0087b4 a0f51753 flt.s            x14, f10, f15       x14=00000000 f10:408adddb f15:40490fdb
14125522ns          244913 1c0087b8 06071f63 bne              x14, x0, 126        x14:00000000
14125542ns          244914 1c0087ba 1c000737 lui              x14, 0x1c000000     x14=1c000000
14125562ns          244915 1c0087be 14072703 lw               x14, 320(x14)       x14=4096cbe4 x14:1c000000  PA:1c000140
14125880ns          244931 1c0087c2 a0e51753 flt.s            x14, f10, f14       x14=00000001 f10:408adddb f14:4096cbe4
14125900ns          244932 1c0087c6 0a071b63 bne              x14, x0, 182        x14:00000001
14125960ns          244935 1c00887c 08f57553 fsub.s           f10, f10, f15       f10=xxxxxxxx f10:408adddb f15:40490fdb
14125979ns          244936 1c008880 fbbff06f jal              x0, -70            
14126039ns          244939 1c00883a 10a57553 fmul.s           f10, f10, f10       f10=xxxxxxxx f10:3f9957b6 f10:3f9957b6
14126059ns          244940 1c00883e 1c0007b7 lui              x15, 0x1c000000     x15=1c000000
14126079ns          244941 1c008842 1c000737 lui              x14, 0x1c000000     x14=1c000000
14126099ns          244942 1c008846 13472703 lw               x14, 308(x14)       x14=bab59551 x14:1c000000  PA:1c000134
14126397ns          244957 1c00884a 1307a783 lw               x15, 304(x15)       x15=37c23ab1 x15:1c000000  PA:1c000130
14126735ns          244974 1c00884e 70f577c3 fmadd.s          f15, f10, f15, f14  f15=xxxxxxxx f10:3fb7b3eb f15:37c23ab1 f14:bab59551
14126755ns          244975 1c008852 1c000737 lui              x14, 0x1c000000     x14=1c000000
14126775ns          244976 1c008856 13872703 lw               x14, 312(x14)       x14=3d2aa76f x14:1c000000  PA:1c000138
14127093ns          244992 1c00885a 70f577c3 fmadd.s          f15, f10, f15, f14  f15=xxxxxxxx f10:3fb7b3eb f15:bab13a4d f14:3d2aa76f
14127113ns          244993 1c00885e 1c000737 lui              x14, 0x1c000000     x14=1c000000
14127133ns          244994 1c008862 13c72703 lw               x14, 316(x14)       x14=beffffe0 x14:1c000000  PA:1c00013c
14127451ns          245010 1c008866 70f577c3 fmadd.s          f15, f10, f15, f14  f15=xxxxxxxx f10:3fb7b3eb f15:3d22b49b f14:beffffe0
14127471ns          245011 1c00886a 1c000737 lui              x14, 0x1c000000     x14=1c000000
14127491ns          245012 1c00886e 16872703 lw               x14, 360(x14)       x14=3f7fffff x14:1c000000  PA:1c000168
14127829ns          245029 1c008872 70f57543 fmadd.s          f10, f10, f15, f14  f10=xxxxxxxx f10:3fb7b3eb f15:bee2cf83 f14:3f7fffff
14127849ns          245030 1c008876 20a51553 fsgnjn.s         f10, f10, f10       f10=xxxxxxxx f10:3eba7c82 f10:3eba7c82
14127869ns          245031 1c00887a 00008067 jalr             x0, x1, 0            x1:1c0081de
14127929ns          245034 1c0081de 016a7a53 fadd.s           f20, f20, f22       f20=xxxxxxxx f20:40bd21d2 f22:3eaaa273
14127949ns          245035 1c0081e2 10acf553 fmul.s           f10, f25, f10       f10=xxxxxxxx f25:3f800000 f10:beba7c82
14127968ns          245036 1c0081e6 a14a97d3 flt.s            x15, f21, f20       x15=00000000 f21:40c90fdb f20:40c7cbf9
14127988ns          245037 1c0081ea 00a4222b p.sw             x10, 4(x8!)          x8=10001668 x10:beba7c82  x8:10001664  PA:10001664
14128008ns          245038 1c0081ee 00078363 beq              x15, x0, 6          x15:00000000
14128068ns          245041 1c0081f4 ff7412e3 bne              x8, x23, -28         x8:10001668 x23:100017c8
14128128ns          245044 1c0081d8 094c7553 fsub.s           f10, f24, f20       f10=xxxxxxxx f24:3fc90fdb f20:40c7cbf9
14128147ns          245045 1c0081dc 57c000ef jal              x1, 1404             x1=1c0081de
14128187ns          245047 1c008758 a0a527d3 feq.s            x15, f10, f10       x15=00000001 f10:c0958802 f10:c0958802
14128207ns          245048 1c00875c 0a078b63 beq              x15, x0, 182        x15:00000001
14128227ns          245049 1c00875e e00517d3 fclass.s         x15, f10            x15=00000002 f10:c0958802
14128247ns          245050 1c008762 0817f793 andi             x15, x15, 129       x15=00000000 x15:00000002
14128267ns          245051 1c008766 0a079663 bne              x15, x0, 172        x15:00000000
14128287ns          245052 1c008768 00000793 addi             x15, x0, 0          x15=00000000
14128307ns          245053 1c00876c a0f517d3 flt.s            x15, f10, f15       x15=00000001 f10:c0958802 f15:00000000
14128327ns          245054 1c008770 0a079663 bne              x15, x0, 172        x15:00000001
14128386ns          245057 1c00881c 1c0007b7 lui              x15, 0x1c000000     x15=1c000000
14128406ns          245058 1c008820 12c7a783 lw               x15, 300(x15)       x15=c0c90fdb x15:1c000000  PA:1c00012c
14128744ns          245075 1c008824 a0f517d3 flt.s            x15, f10, f15       x15=00000000 f10:c0958802 f15:c0c90fdb
14128764ns          245076 1c008828 00078463 beq              x15, x0, 8          x15:00000000
14128824ns          245079 1c008830 20a51553 fsgnjn.s         f10, f10, f10       f10=xxxxxxxx f10:c0958802 f10:c0958802
14128844ns          245080 1c008834 f6bff06f jal              x0, -150           
14128903ns          245083 1c00879e 1c0007b7 lui              x15, 0x1c000000     x15=1c000000
14128923ns          245084 1c0087a2 01c7a783 lw               x15, 28(x15)        x15=3fc90fdb x15:1c000000  PA:1c00001c
14129241ns          245100 1c0087a6 a0f517d3 flt.s            x15, f10, f15       x15=00000000 f10:40958802 f15:3fc90fdb
14129261ns          245101 1c0087aa 02079563 bne              x15, x0, 42         x15:00000000
14129281ns          245102 1c0087ac 1c0007b7 lui              x15, 0x1c000000     x15=1c000000
14129301ns          245103 1c0087b0 1007a783 lw               x15, 256(x15)       x15=40490fdb x15:1c000000  PA:1c000100
14129619ns          245119 1c0087b4 a0f51753 flt.s            x14, f10, f15       x14=00000000 f10:40958802 f15:40490fdb
14129639ns          245120 1c0087b8 06071f63 bne              x14, x0, 126        x14:00000000
14129659ns          245121 1c0087ba 1c000737 lui              x14, 0x1c000000     x14=1c000000
14129679ns          245122 1c0087be 14072703 lw               x14, 320(x14)       x14=4096cbe4 x14:1c000000  PA:1c000140
14129997ns          245138 1c0087c2 a0e51753 flt.s            x14, f10, f14       x14=00000001 f10:40958802 f14:4096cbe4
14130017ns          245139 1c0087c6 0a071b63 bne              x14, x0, 182        x14:00000001
14130077ns          245142 1c00887c 08f57553 fsub.s           f10, f10, f15       f10=xxxxxxxx f10:40958802 f15:40490fdb
14130097ns          245143 1c008880 fbbff06f jal              x0, -70            
14130156ns          245146 1c00883a 10a57553 fmul.s           f10, f10, f10       f10=xxxxxxxx f10:3fc40052 f10:3fc40052
14130176ns          245147 1c00883e 1c0007b7 lui              x15, 0x1c000000     x15=1c000000
14130196ns          245148 1c008842 1c000737 lui              x14, 0x1c000000     x14=1c000000
14130216ns          245149 1c008846 13472703 lw               x14, 308(x14)       x14=bab59551 x14:1c000000  PA:1c000134
14130514ns          245164 1c00884a 1307a783 lw               x15, 304(x15)       x15=37c23ab1 x15:1c000000  PA:1c000130
14130833ns          245180 1c00884e 70f577c3 fmadd.s          f15, f10, f15, f14  f15=xxxxxxxx f10:4016107e f15:37c23ab1 f14:bab59551
14130853ns          245181 1c008852 1c000737 lui              x14, 0x1c000000     x14=1c000000
14130873ns          245182 1c008856 13872703 lw               x14, 312(x14)       x14=3d2aa76f x14:1c000000  PA:1c000138
14131231ns          245200 1c00885a 70f577c3 fmadd.s          f15, f10, f15, f14  f15=xxxxxxxx f10:4016107e f15:baae77a3 f14:3d2aa76f
14131250ns          245201 1c00885e 1c000737 lui              x14, 0x1c000000     x14=1c000000
14131270ns          245202 1c008862 13c72703 lw               x14, 316(x14)       x14=beffffe0 x14:1c000000  PA:1c00013c
14131589ns          245218 1c008866 70f577c3 fmadd.s          f15, f10, f15, f14  f15=xxxxxxxx f10:4016107e f15:3d1ddec4 f14:beffffe0
14131608ns          245219 1c00886a 1c000737 lui              x14, 0x1c000000     x14=1c000000
14131628ns          245220 1c00886e 16872703 lw               x14, 360(x14)       x14=3f7fffff x14:1c000000  PA:1c000168
14131947ns          245236 1c008872 70f57543 fmadd.s          f10, f10, f15, f14  f10=xxxxxxxx f10:4016107e f15:bed1ba87 f14:3f7fffff
14131967ns          245237 1c008876 20a51553 fsgnjn.s         f10, f10, f10       f10=xxxxxxxx f10:3d21e630 f10:3d21e630
14131986ns          245238 1c00887a 00008067 jalr             x0, x1, 0            x1:1c0081de
14132046ns          245241 1c0081de 016a7a53 fadd.s           f20, f20, f22       f20=xxxxxxxx f20:40c7cbf9 f22:3eaaa273
14132066ns          245242 1c0081e2 10acf553 fmul.s           f10, f25, f10       f10=xxxxxxxx f25:3f800000 f10:bd21e630
14132086ns          245243 1c0081e6 a14a97d3 flt.s            x15, f21, f20       x15=00000001 f21:40c90fdb f20:40d27620
14132106ns          245244 1c0081ea 00a4222b p.sw             x10, 4(x8!)          x8=1000166c x10:bd21e630  x8:10001668  PA:10001668
14132126ns          245245 1c0081ee 00078363 beq              x15, x0, 6          x15:00000001
14132146ns          245246 1c0081f0 095a7a53 fsub.s           f20, f20, f21       f20=xxxxxxxx f20:40d27620 f21:40c90fdb
14132165ns          245247 1c0081f4 ff7412e3 bne              x8, x23, -28         x8:1000166c x23:100017c8
14132225ns          245250 1c0081d8 094c7553 fsub.s           f10, f24, f20       f10=xxxxxxxx f24:3fc90fdb f20:3e966450
14132245ns          245251 1c0081dc 57c000ef jal              x1, 1404             x1=1c0081de
14132285ns          245253 1c008758 a0a527d3 feq.s            x15, f10, f10       x15=00000001 f10:3fa376c7 f10:3fa376c7
14132305ns          245254 1c00875c 0a078b63 beq              x15, x0, 182        x15:00000001
14132325ns          245255 1c00875e e00517d3 fclass.s         x15, f10            x15=00000040 f10:3fa376c7
14132344ns          245256 1c008762 0817f793 andi             x15, x15, 129       x15=00000000 x15:00000040
14132364ns          245257 1c008766 0a079663 bne              x15, x0, 172        x15:00000000
14132384ns          245258 1c008768 00000793 addi             x15, x0, 0          x15=00000000
14132404ns          245259 1c00876c a0f517d3 flt.s            x15, f10, f15       x15=00000000 f10:3fa376c7 f15:00000000
14132424ns          245260 1c008770 0a079663 bne              x15, x0, 172        x15:00000000
14132444ns          245261 1c008772 1c000737 lui              x14, 0x1c000000     x14=1c000000
14132464ns          245262 1c008776 02072783 lw               x15, 32(x14)        x15=40c90fdb x14:1c000000  PA:1c000020
14132782ns          245278 1c00877a a0a797d3 flt.s            x15, f15, f10       x15=00000000 f15:40c90fdb f10:3fa376c7
14132802ns          245279 1c00877e 00078b63 beq              x15, x0, 22         x15:00000000
14132862ns          245282 1c008794 00000793 addi             x15, x0, 0          x15=00000000
14132881ns          245283 1c008798 a0f517d3 flt.s            x15, f10, f15       x15=00000000 f10:3fa376c7 f15:00000000
14132901ns          245284 1c00879c 08079a63 bne              x15, x0, 148        x15:00000000
14132921ns          245285 1c00879e 1c0007b7 lui              x15, 0x1c000000     x15=1c000000
14132941ns          245286 1c0087a2 01c7a783 lw               x15, 28(x15)        x15=3fc90fdb x15:1c000000  PA:1c00001c
14133279ns          245303 1c0087a6 a0f517d3 flt.s            x15, f10, f15       x15=00000001 f10:3fa376c7 f15:3fc90fdb
14133299ns          245304 1c0087aa 02079563 bne              x15, x0, 42         x15:00000001
14133359ns          245307 1c0087d4 10a57553 fmul.s           f10, f10, f10       f10=xxxxxxxx f10:3fa376c7 f10:3fa376c7
14133379ns          245308 1c0087d8 1c0007b7 lui              x15, 0x1c000000     x15=1c000000
14133399ns          245309 1c0087dc 1c000737 lui              x14, 0x1c000000     x14=1c000000
14133419ns          245310 1c0087e0 13472703 lw               x14, 308(x14)       x14=bab59551 x14:1c000000  PA:1c000134
14133717ns          245325 1c0087e4 1307a783 lw               x15, 304(x15)       x15=37c23ab1 x15:1c000000  PA:1c000130
14134035ns          245341 1c0087e8 70f577c3 fmadd.s          f15, f10, f15, f14  f15=xxxxxxxx f10:3fd0c0f1 f15:37c23ab1 f14:bab59551
14134055ns          245342 1c0087ec 1c000737 lui              x14, 0x1c000000     x14=1c000000
14134075ns          245343 1c0087f0 13872703 lw               x14, 312(x14)       x14=3d2aa76f x14:1c000000  PA:1c000138
14134393ns          245359 1c0087f4 70f577c3 fmadd.s          f15, f10, f15, f14  f15=xxxxxxxx f10:3fd0c0f1 f15:bab0a240 f14:3d2aa76f
14134413ns          245360 1c0087f8 1c000737 lui              x14, 0x1c000000     x14=1c000000
14134433ns          245361 1c0087fc 13c72703 lw               x14, 316(x14)       x14=beffffe0 x14:1c000000  PA:1c00013c
14134771ns          245378 1c008800 70f577c3 fmadd.s          f15, f10, f15, f14  f15=xxxxxxxx f10:3fd0c0f1 f15:3d21a6e0 f14:beffffe0
14134791ns          245379 1c008804 1c000737 lui              x14, 0x1c000000     x14=1c000000
14134811ns          245380 1c008808 16872703 lw               x14, 360(x14)       x14=3f7fffff x14:1c000000  PA:1c000168
14135129ns          245396 1c00880c 70f57543 fmadd.s          f10, f10, f15, f14  f10=xxxxxxxx f10:3fd0c0f1 f15:bedf0b85 f14:3f7fffff
14135149ns          245397 1c008810 00008067 jalr             x0, x1, 0            x1:1c0081de
14135209ns          245400 1c0081de 016a7a53 fadd.s           f20, f20, f22       f20=xxxxxxxx f20:3e966450 f22:3eaaa273
14135229ns          245401 1c0081e2 10acf553 fmul.s           f10, f25, f10       f10=xxxxxxxx f25:3f800000 f10:3e943d11
14135248ns          245402 1c0081e6 a14a97d3 flt.s            x15, f21, f20       x15=00000000 f21:40c90fdb f20:3f208362
14135268ns          245403 1c0081ea 00a4222b p.sw             x10, 4(x8!)          x8=10001670 x10:3e943d11  x8:1000166c  PA:1000166c
14135288ns          245404 1c0081ee 00078363 beq              x15, x0, 6          x15:00000000
14135348ns          245407 1c0081f4 ff7412e3 bne              x8, x23, -28         x8:10001670 x23:100017c8
14135408ns          245410 1c0081d8 094c7553 fsub.s           f10, f24, f20       f10=xxxxxxxx f24:3fc90fdb f20:3f208362
14135428ns          245411 1c0081dc 57c000ef jal              x1, 1404             x1=1c0081de
14135467ns          245413 1c008758 a0a527d3 feq.s            x15, f10, f10       x15=00000001 f10:3f719c54 f10:3f719c54
14135487ns          245414 1c00875c 0a078b63 beq              x15, x0, 182        x15:00000001
14135507ns          245415 1c00875e e00517d3 fclass.s         x15, f10            x15=00000040 f10:3f719c54
14135527ns          245416 1c008762 0817f793 andi             x15, x15, 129       x15=00000000 x15:00000040
14135547ns          245417 1c008766 0a079663 bne              x15, x0, 172        x15:00000000
14135567ns          245418 1c008768 00000793 addi             x15, x0, 0          x15=00000000
14135587ns          245419 1c00876c a0f517d3 flt.s            x15, f10, f15       x15=00000000 f10:3f719c54 f15:00000000
14135607ns          245420 1c008770 0a079663 bne              x15, x0, 172        x15:00000000
14135626ns          245421 1c008772 1c000737 lui              x14, 0x1c000000     x14=1c000000
14135646ns          245422 1c008776 02072783 lw               x15, 32(x14)        x15=40c90fdb x14:1c000000  PA:1c000020
14135965ns          245438 1c00877a a0a797d3 flt.s            x15, f15, f10       x15=00000000 f15:40c90fdb f10:3f719c54
14135984ns          245439 1c00877e 00078b63 beq              x15, x0, 22         x15:00000000
14136044ns          245442 1c008794 00000793 addi             x15, x0, 0          x15=00000000
14136064ns          245443 1c008798 a0f517d3 flt.s            x15, f10, f15       x15=00000000 f10:3f719c54 f15:00000000
14136084ns          245444 1c00879c 08079a63 bne              x15, x0, 148        x15:00000000
14136104ns          245445 1c00879e 1c0007b7 lui              x15, 0x1c000000     x15=1c000000
14136124ns          245446 1c0087a2 01c7a783 lw               x15, 28(x15)        x15=3fc90fdb x15:1c000000  PA:1c00001c
14136442ns          245462 1c0087a6 a0f517d3 flt.s            x15, f10, f15       x15=00000001 f10:3f719c54 f15:3fc90fdb
14136462ns          245463 1c0087aa 02079563 bne              x15, x0, 42         x15:00000001
14136521ns          245466 1c0087d4 10a57553 fmul.s           f10, f10, f10       f10=xxxxxxxx f10:3f719c54 f10:3f719c54
14136541ns          245467 1c0087d8 1c0007b7 lui              x15, 0x1c000000     x15=1c000000
14136561ns          245468 1c0087dc 1c000737 lui              x14, 0x1c000000     x14=1c000000
14136581ns          245469 1c0087e0 13472703 lw               x14, 308(x14)       x14=bab59551 x14:1c000000  PA:1c000134
14136880ns          245484 1c0087e4 1307a783 lw               x15, 304(x15)       x15=37c23ab1 x15:1c000000  PA:1c000130
14137198ns          245500 1c0087e8 70f577c3 fmadd.s          f15, f10, f15, f14  f15=xxxxxxxx f10:3f6407b6 f15:37c23ab1 f14:bab59551
14137218ns          245501 1c0087ec 1c000737 lui              x14, 0x1c000000     x14=1c000000
14137238ns          245502 1c0087f0 13872703 lw               x14, 312(x14)       x14=3d2aa76f x14:1c000000  PA:1c000138
14137556ns          245518 1c0087f4 70f577c3 fmadd.s          f15, f10, f15, f14  f15=xxxxxxxx f10:3f6407b6 f15:bab2e149 f14:3d2aa76f
14137576ns          245519 1c0087f8 1c000737 lui              x14, 0x1c000000     x14=1c000000
14137596ns          245520 1c0087fc 13c72703 lw               x14, 316(x14)       x14=beffffe0 x14:1c000000  PA:1c00013c
14137914ns          245536 1c008800 70f577c3 fmadd.s          f15, f10, f15, f14  f15=xxxxxxxx f10:3f6407b6 f15:3d25acbf f14:beffffe0
14137934ns          245537 1c008804 1c000737 lui              x14, 0x1c000000     x14=1c000000
14137954ns          245538 1c008808 16872703 lw               x14, 360(x14)       x14=3f7fffff x14:1c000000  PA:1c000168
14138292ns          245555 1c00880c 70f57543 fmadd.s          f10, f10, f15, f14  f10=xxxxxxxx f10:3f6407b6 f15:beed8d85 f14:3f7fffff
14138312ns          245556 1c008810 00008067 jalr             x0, x1, 0            x1:1c0081de
14138371ns          245559 1c0081de 016a7a53 fadd.s           f20, f20, f22       f20=xxxxxxxx f20:3f208362 f22:3eaaa273
14138391ns          245560 1c0081e2 10acf553 fmul.s           f10, f25, f10       f10=xxxxxxxx f25:3f800000 f10:3f163366
14138411ns          245561 1c0081e6 a14a97d3 flt.s            x15, f21, f20       x15=00000000 f21:40c90fdb f20:3f75d49c
14138431ns          245562 1c0081ea 00a4222b p.sw             x10, 4(x8!)          x8=10001674 x10:3f163366  x8:10001670  PA:10001670
14138451ns          245563 1c0081ee 00078363 beq              x15, x0, 6          x15:00000000
14138511ns          245566 1c0081f4 ff7412e3 bne              x8, x23, -28         x8:10001674 x23:100017c8
14138570ns          245569 1c0081d8 094c7553 fsub.s           f10, f24, f20       f10=xxxxxxxx f24:3fc90fdb f20:3f75d49c
14138590ns          245570 1c0081dc 57c000ef jal              x1, 1404             x1=1c0081de
14138630ns          245572 1c008758 a0a527d3 feq.s            x15, f10, f10       x15=00000001 f10:3f1c4b1a f10:3f1c4b1a
14138650ns          245573 1c00875c 0a078b63 beq              x15, x0, 182        x15:00000001
14138670ns          245574 1c00875e e00517d3 fclass.s         x15, f10            x15=00000040 f10:3f1c4b1a
14138690ns          245575 1c008762 0817f793 andi             x15, x15, 129       x15=00000000 x15:00000040
14138709ns          245576 1c008766 0a079663 bne              x15, x0, 172        x15:00000000
14138729ns          245577 1c008768 00000793 addi             x15, x0, 0          x15=00000000
14138749ns          245578 1c00876c a0f517d3 flt.s            x15, f10, f15       x15=00000000 f10:3f1c4b1a f15:00000000
14138769ns          245579 1c008770 0a079663 bne              x15, x0, 172        x15:00000000
14138789ns          245580 1c008772 1c000737 lui              x14, 0x1c000000     x14=1c000000
14138809ns          245581 1c008776 02072783 lw               x15, 32(x14)        x15=40c90fdb x14:1c000000  PA:1c000020
14139127ns          245597 1c00877a a0a797d3 flt.s            x15, f15, f10       x15=00000000 f15:40c90fdb f10:3f1c4b1a
14139147ns          245598 1c00877e 00078b63 beq              x15, x0, 22         x15:00000000
14139207ns          245601 1c008794 00000793 addi             x15, x0, 0          x15=00000000
14139227ns          245602 1c008798 a0f517d3 flt.s            x15, f10, f15       x15=00000000 f10:3f1c4b1a f15:00000000
14139247ns          245603 1c00879c 08079a63 bne              x15, x0, 148        x15:00000000
14139266ns          245604 1c00879e 1c0007b7 lui              x15, 0x1c000000     x15=1c000000
14139286ns          245605 1c0087a2 01c7a783 lw               x15, 28(x15)        x15=3fc90fdb x15:1c000000  PA:1c00001c
14139605ns          245621 1c0087a6 a0f517d3 flt.s            x15, f10, f15       x15=00000001 f10:3f1c4b1a f15:3fc90fdb
14139624ns          245622 1c0087aa 02079563 bne              x15, x0, 42         x15:00000001
14139684ns          245625 1c0087d4 10a57553 fmul.s           f10, f10, f10       f10=xxxxxxxx f10:3f1c4b1a f10:3f1c4b1a
14139704ns          245626 1c0087d8 1c0007b7 lui              x15, 0x1c000000     x15=1c000000
14139724ns          245627 1c0087dc 1c000737 lui              x14, 0x1c000000     x14=1c000000
14139744ns          245628 1c0087e0 13472703 lw               x14, 308(x14)       x14=bab59551 x14:1c000000  PA:1c000134
14140062ns          245644 1c0087e4 1307a783 lw               x15, 304(x15)       x15=37c23ab1 x15:1c000000  PA:1c000130
14140400ns          245661 1c0087e8 70f577c3 fmadd.s          f15, f10, f15, f14  f15=xxxxxxxx f10:3ebed73b f15:37c23ab1 f14:bab59551
14140420ns          245662 1c0087ec 1c000737 lui              x14, 0x1c000000     x14=1c000000
14140440ns          245663 1c0087f0 13872703 lw               x14, 312(x14)       x14=3d2aa76f x14:1c000000  PA:1c000138
14140758ns          245679 1c0087f4 70f577c3 fmadd.s          f15, f10, f15, f14  f15=xxxxxxxx f10:3ebed73b f15:bab473bb f14:3d2aa76f
14140778ns          245680 1c0087f8 1c000737 lui              x14, 0x1c000000     x14=1c000000
14140798ns          245681 1c0087fc 13c72703 lw               x14, 316(x14)       x14=beffffe0 x14:1c000000  PA:1c00013c
14141116ns          245697 1c008800 70f577c3 fmadd.s          f15, f10, f15, f14  f15=xxxxxxxx f10:3ebed73b f15:3d288d59 f14:beffffe0
14141136ns          245698 1c008804 1c000737 lui              x14, 0x1c000000     x14=1c000000
14141156ns          245699 1c008808 16872703 lw               x14, 360(x14)       x14=3f7fffff x14:1c000000  PA:1c000168
14141514ns          245717 1c00880c 70f57543 fmadd.s          f10, f10, f15, f14  f10=xxxxxxxx f10:3ebed73b f15:bef82576 f14:3f7fffff
14141534ns          245718 1c008810 00008067 jalr             x0, x1, 0            x1:1c0081de
14141594ns          245721 1c0081de 016a7a53 fadd.s           f20, f20, f22       f20=xxxxxxxx f20:3f75d49c f22:3eaaa273
14141614ns          245722 1c0081e2 10acf553 fmul.s           f10, f25, f10       f10=xxxxxxxx f25:3f800000 f10:3f51c0e3
14141633ns          245723 1c0081e6 a14a97d3 flt.s            x15, f21, f20       x15=00000000 f21:40c90fdb f20:3fa592eb
14141653ns          245724 1c0081ea 00a4222b p.sw             x10, 4(x8!)          x8=10001678 x10:3f51c0e3  x8:10001674  PA:10001674
14141673ns          245725 1c0081ee 00078363 beq              x15, x0, 6          x15:00000000
14141733ns          245728 1c0081f4 ff7412e3 bne              x8, x23, -28         x8:10001678 x23:100017c8
14141793ns          245731 1c0081d8 094c7553 fsub.s           f10, f24, f20       f10=xxxxxxxx f24:3fc90fdb f20:3fa592eb
14141812ns          245732 1c0081dc 57c000ef jal              x1, 1404             x1=1c0081de
14141852ns          245734 1c008758 a0a527d3 feq.s            x15, f10, f10       x15=00000001 f10:3e8df3c0 f10:3e8df3c0
14141872ns          245735 1c00875c 0a078b63 beq              x15, x0, 182        x15:00000001
14141892ns          245736 1c00875e e00517d3 fclass.s         x15, f10            x15=00000040 f10:3e8df3c0
14141912ns          245737 1c008762 0817f793 andi             x15, x15, 129       x15=00000000 x15:00000040
14141932ns          245738 1c008766 0a079663 bne              x15, x0, 172        x15:00000000
14141952ns          245739 1c008768 00000793 addi             x15, x0, 0          x15=00000000
14141972ns          245740 1c00876c a0f517d3 flt.s            x15, f10, f15       x15=00000000 f10:3e8df3c0 f15:00000000
14141991ns          245741 1c008770 0a079663 bne              x15, x0, 172        x15:00000000
14142011ns          245742 1c008772 1c000737 lui              x14, 0x1c000000     x14=1c000000
14142031ns          245743 1c008776 02072783 lw               x15, 32(x14)        x15=40c90fdb x14:1c000000  PA:1c000020
14142349ns          245759 1c00877a a0a797d3 flt.s            x15, f15, f10       x15=00000000 f15:40c90fdb f10:3e8df3c0
14142369ns          245760 1c00877e 00078b63 beq              x15, x0, 22         x15:00000000
14142429ns          245763 1c008794 00000793 addi             x15, x0, 0          x15=00000000
14142449ns          245764 1c008798 a0f517d3 flt.s            x15, f10, f15       x15=00000000 f10:3e8df3c0 f15:00000000
14142469ns          245765 1c00879c 08079a63 bne              x15, x0, 148        x15:00000000
14142489ns          245766 1c00879e 1c0007b7 lui              x15, 0x1c000000     x15=1c000000
14142509ns          245767 1c0087a2 01c7a783 lw               x15, 28(x15)        x15=3fc90fdb x15:1c000000  PA:1c00001c
14142847ns          245784 1c0087a6 a0f517d3 flt.s            x15, f10, f15       x15=00000001 f10:3e8df3c0 f15:3fc90fdb
14142867ns          245785 1c0087aa 02079563 bne              x15, x0, 42         x15:00000001
14142926ns          245788 1c0087d4 10a57553 fmul.s           f10, f10, f10       f10=xxxxxxxx f10:3e8df3c0 f10:3e8df3c0
14142946ns          245789 1c0087d8 1c0007b7 lui              x15, 0x1c000000     x15=1c000000
14142966ns          245790 1c0087dc 1c000737 lui              x14, 0x1c000000     x14=1c000000
14142986ns          245791 1c0087e0 13472703 lw               x14, 308(x14)       x14=bab59551 x14:1c000000  PA:1c000134
14143304ns          245807 1c0087e4 1307a783 lw               x15, 304(x15)       x15=37c23ab1 x15:1c000000  PA:1c000130
14143622ns          245823 1c0087e8 70f577c3 fmadd.s          f15, f10, f15, f14  f15=xxxxxxxx f10:3d9d6cd3 f15:37c23ab1 f14:bab59551
14143642ns          245824 1c0087ec 1c000737 lui              x14, 0x1c000000     x14=1c000000
14143662ns          245825 1c0087f0 13872703 lw               x14, 312(x14)       x14=3d2aa76f x14:1c000000  PA:1c000138
14143981ns          245841 1c0087f4 70f577c3 fmadd.s          f15, f10, f15, f14  f15=xxxxxxxx f10:3d9d6cd3 f15:bab55999 f14:3d2aa76f
14144000ns          245842 1c0087f8 1c000737 lui              x14, 0x1c000000     x14=1c000000
14144020ns          245843 1c0087fc 13c72703 lw               x14, 316(x14)       x14=beffffe0 x14:1c000000  PA:1c00013c
14144339ns          245859 1c008800 70f577c3 fmadd.s          f15, f10, f15, f14  f15=xxxxxxxx f10:3d9d6cd3 f15:3d2a37ea f14:beffffe0
14144358ns          245860 1c008804 1c000737 lui              x14, 0x1c000000     x14=1c000000
14144378ns          245861 1c008808 16872703 lw               x14, 360(x14)       x14=3f7fffff x14:1c000000  PA:1c000168
14144697ns          245877 1c00880c 70f57543 fmadd.s          f10, f10, f15, f14  f10=xxxxxxxx f10:3d9d6cd3 f15:befe5d2d f14:3f7fffff
14144716ns          245878 1c008810 00008067 jalr             x0, x1, 0            x1:1c0081de
14144776ns          245881 1c0081de 016a7a53 fadd.s           f20, f20, f22       f20=xxxxxxxx f20:3fa592eb f22:3eaaa273
14144796ns          245882 1c0081e2 10acf553 fmul.s           f10, f25, f10       f10=xxxxxxxx f25:3f800000 f10:3f76394b
14144816ns          245883 1c0081e6 a14a97d3 flt.s            x15, f21, f20       x15=00000000 f21:40c90fdb f20:3fd03b88
14144836ns          245884 1c0081ea 00a4222b p.sw             x10, 4(x8!)          x8=1000167c x10:3f76394b  x8:10001678  PA:10001678
14144856ns          245885 1c0081ee 00078363 beq              x15, x0, 6          x15:00000000
14144915ns          245888 1c0081f4 ff7412e3 bne              x8, x23, -28         x8:1000167c x23:100017c8
14144975ns          245891 1c0081d8 094c7553 fsub.s           f10, f24, f20       f10=xxxxxxxx f24:3fc90fdb f20:3fd03b88
14144995ns          245892 1c0081dc 57c000ef jal              x1, 1404             x1=1c0081de
14145035ns          245894 1c008758 a0a527d3 feq.s            x15, f10, f10       x15=00000001 f10:bd6575a0 f10:bd6575a0
14145055ns          245895 1c00875c 0a078b63 beq              x15, x0, 182        x15:00000001
14145075ns          245896 1c00875e e00517d3 fclass.s         x15, f10            x15=00000002 f10:bd6575a0
14145094ns          245897 1c008762 0817f793 andi             x15, x15, 129       x15=00000000 x15:00000002
14145114ns          245898 1c008766 0a079663 bne              x15, x0, 172        x15:00000000
14145134ns          245899 1c008768 00000793 addi             x15, x0, 0          x15=00000000
14145154ns          245900 1c00876c a0f517d3 flt.s            x15, f10, f15       x15=00000001 f10:bd6575a0 f15:00000000
14145174ns          245901 1c008770 0a079663 bne              x15, x0, 172        x15:00000001
14145234ns          245904 1c00881c 1c0007b7 lui              x15, 0x1c000000     x15=1c000000
14145254ns          245905 1c008820 12c7a783 lw               x15, 300(x15)       x15=c0c90fdb x15:1c000000  PA:1c00012c
14145572ns          245921 1c008824 a0f517d3 flt.s            x15, f10, f15       x15=00000000 f10:bd6575a0 f15:c0c90fdb
14145592ns          245922 1c008828 00078463 beq              x15, x0, 8          x15:00000000
14145651ns          245925 1c008830 20a51553 fsgnjn.s         f10, f10, f10       f10=xxxxxxxx f10:bd6575a0 f10:bd6575a0
14145671ns          245926 1c008834 f6bff06f jal              x0, -150           
14145731ns          245929 1c00879e 1c0007b7 lui              x15, 0x1c000000     x15=1c000000
14145751ns          245930 1c0087a2 01c7a783 lw               x15, 28(x15)        x15=3fc90fdb x15:1c000000  PA:1c00001c
14146069ns          245946 1c0087a6 a0f517d3 flt.s            x15, f10, f15       x15=00000001 f10:3d6575a0 f15:3fc90fdb
14146089ns          245947 1c0087aa 02079563 bne              x15, x0, 42         x15:00000001
14146149ns          245950 1c0087d4 10a57553 fmul.s           f10, f10, f10       f10=xxxxxxxx f10:3d6575a0 f10:3d6575a0
14146169ns          245951 1c0087d8 1c0007b7 lui              x15, 0x1c000000     x15=1c000000
14146188ns          245952 1c0087dc 1c000737 lui              x14, 0x1c000000     x14=1c000000
14146208ns          245953 1c0087e0 13472703 lw               x14, 308(x14)       x14=bab59551 x14:1c000000  PA:1c000134
14146507ns          245968 1c0087e4 1307a783 lw               x15, 304(x15)       x15=37c23ab1 x15:1c000000  PA:1c000130
14146825ns          245984 1c0087e8 70f577c3 fmadd.s          f15, f10, f15, f14  f15=xxxxxxxx f10:3b4daba6 f15:37c23ab1 f14:bab59551
14146845ns          245985 1c0087ec 1c000737 lui              x14, 0x1c000000     x14=1c000000
14146865ns          245986 1c0087f0 13872703 lw               x14, 312(x14)       x14=3d2aa76f x14:1c000000  PA:1c000138
14147183ns          246002 1c0087f4 70f577c3 fmadd.s          f15, f10, f15, f14  f15=xxxxxxxx f10:3b4daba6 f15:bab592e1 f14:3d2aa76f
14147203ns          246003 1c0087f8 1c000737 lui              x14, 0x1c000000     x14=1c000000
14147223ns          246004 1c0087fc 13c72703 lw               x14, 316(x14)       x14=beffffe0 x14:1c000000  PA:1c00013c
14147541ns          246020 1c008800 70f577c3 fmadd.s          f15, f10, f15, f14  f15=xxxxxxxx f10:3b4daba6 f15:3d2aa2e0 f14:beffffe0
14147561ns          246021 1c008804 1c000737 lui              x14, 0x1c000000     x14=1c000000
14147581ns          246022 1c008808 16872703 lw               x14, 360(x14)       x14=3f7fffff x14:1c000000  PA:1c000168
14147899ns          246038 1c00880c 70f57543 fmadd.s          f10, f10, f15, f14  f10=xxxxxxxx f10:3b4daba6 f15:beffeebd f14:3f7fffff
14147919ns          246039 1c008810 00008067 jalr             x0, x1, 0            x1:1c0081de
14147979ns          246042 1c0081de 016a7a53 fadd.s           f20, f20, f22       f20=xxxxxxxx f20:3fd03b88 f22:3eaaa273
14147998ns          246043 1c0081e2 10acf553 fmul.s           f10, f25, f10       f10=xxxxxxxx f25:3f800000 f10:3f7f9930
14148018ns          246044 1c0081e6 a14a97d3 flt.s            x15, f21, f20       x15=00000000 f21:40c90fdb f20:3ffae425
14148038ns          246045 1c0081ea 00a4222b p.sw             x10, 4(x8!)          x8=10001680 x10:3f7f9930  x8:1000167c  PA:1000167c
14148058ns          246046 1c0081ee 00078363 beq              x15, x0, 6          x15:00000000
14148118ns          246049 1c0081f4 ff7412e3 bne              x8, x23, -28         x8:10001680 x23:100017c8
14148177ns          246052 1c0081d8 094c7553 fsub.s           f10, f24, f20       f10=xxxxxxxx f24:3fc90fdb f20:3ffae425
14148197ns          246053 1c0081dc 57c000ef jal              x1, 1404             x1=1c0081de
14148237ns          246055 1c008758 a0a527d3 feq.s            x15, f10, f10       x15=00000001 f10:bec75128 f10:bec75128
14148257ns          246056 1c00875c 0a078b63 beq              x15, x0, 182        x15:00000001
14148277ns          246057 1c00875e e00517d3 fclass.s         x15, f10            x15=00000002 f10:bec75128
14148297ns          246058 1c008762 0817f793 andi             x15, x15, 129       x15=00000000 x15:00000002
14148317ns          246059 1c008766 0a079663 bne              x15, x0, 172        x15:00000000
14148337ns          246060 1c008768 00000793 addi             x15, x0, 0          x15=00000000
14148356ns          246061 1c00876c a0f517d3 flt.s            x15, f10, f15       x15=00000001 f10:bec75128 f15:00000000
14148376ns          246062 1c008770 0a079663 bne              x15, x0, 172        x15:00000001
14148436ns          246065 1c00881c 1c0007b7 lui              x15, 0x1c000000     x15=1c000000
14148456ns          246066 1c008820 12c7a783 lw               x15, 300(x15)       x15=c0c90fdb x15:1c000000  PA:1c00012c
14148774ns          246082 1c008824 a0f517d3 flt.s            x15, f10, f15       x15=00000000 f10:bec75128 f15:c0c90fdb
14148794ns          246083 1c008828 00078463 beq              x15, x0, 8          x15:00000000
14148854ns          246086 1c008830 20a51553 fsgnjn.s         f10, f10, f10       f10=xxxxxxxx f10:bec75128 f10:bec75128
14148874ns          246087 1c008834 f6bff06f jal              x0, -150           
14148933ns          246090 1c00879e 1c0007b7 lui              x15, 0x1c000000     x15=1c000000
14148953ns          246091 1c0087a2 01c7a783 lw               x15, 28(x15)        x15=3fc90fdb x15:1c000000  PA:1c00001c
14149271ns          246107 1c0087a6 a0f517d3 flt.s            x15, f10, f15       x15=00000001 f10:3ec75128 f15:3fc90fdb
14149291ns          246108 1c0087aa 02079563 bne              x15, x0, 42         x15:00000001
14149351ns          246111 1c0087d4 10a57553 fmul.s           f10, f10, f10       f10=xxxxxxxx f10:3ec75128 f10:3ec75128
14149371ns          246112 1c0087d8 1c0007b7 lui              x15, 0x1c000000     x15=1c000000
14149391ns          246113 1c0087dc 1c000737 lui              x14, 0x1c000000     x14=1c000000
14149411ns          246114 1c0087e0 13472703 lw               x14, 308(x14)       x14=bab59551 x14:1c000000  PA:1c000134
14149729ns          246130 1c0087e4 1307a783 lw               x15, 304(x15)       x15=37c23ab1 x15:1c000000  PA:1c000130
14150047ns          246146 1c0087e8 70f577c3 fmadd.s          f15, f10, f15, f14  f15=xxxxxxxx f10:3e1b2f46 f15:37c23ab1 f14:bab59551
14150067ns          246147 1c0087ec 1c000737 lui              x14, 0x1c000000     x14=1c000000
14150087ns          246148 1c0087f0 13872703 lw               x14, 312(x14)       x14=3d2aa76f x14:1c000000  PA:1c000138
14150405ns          246164 1c0087f4 70f577c3 fmadd.s          f15, f10, f15, f14  f15=xxxxxxxx f10:3e1b2f46 f15:bab51f94 f14:3d2aa76f
14150425ns          246165 1c0087f8 1c000737 lui              x14, 0x1c000000     x14=1c000000
14150445ns          246166 1c0087fc 13c72703 lw               x14, 316(x14)       x14=beffffe0 x14:1c000000  PA:1c00013c
14150903ns          246189 1c008800 70f577c3 fmadd.s          f15, f10, f15, f14  f15=xxxxxxxx f10:3e1b2f46 f15:3d29cbd8 f14:beffffe0
14150922ns          246190 1c008804 1c000737 lui              x14, 0x1c000000     x14=1c000000
14150942ns          246191 1c008808 16872703 lw               x14, 360(x14)       x14=3f7fffff x14:1c000000  PA:1c000168
14151261ns          246207 1c00880c 70f57543 fmadd.s          f10, f10, f15, f14  f10=xxxxxxxx f10:3e1b2f46 f15:befcc872 f14:3f7fffff
14151280ns          246208 1c008810 00008067 jalr             x0, x1, 0            x1:1c0081de
14151340ns          246211 1c0081de 016a7a53 fadd.s           f20, f20, f22       f20=xxxxxxxx f20:3ffae425 f22:3eaaa273
14151360ns          246212 1c0081e2 10acf553 fmul.s           f10, f25, f10       f10=xxxxxxxx f25:3f800000 f10:3f6cd87e
14151380ns          246213 1c0081e6 a14a97d3 flt.s            x15, f21, f20       x15=00000000 f21:40c90fdb f20:4012c661
14151400ns          246214 1c0081ea 00a4222b p.sw             x10, 4(x8!)          x8=10001684 x10:3f6cd87e  x8:10001680  PA:10001680
14151420ns          246215 1c0081ee 00078363 beq              x15, x0, 6          x15:00000000
14151479ns          246218 1c0081f4 ff7412e3 bne              x8, x23, -28         x8:10001684 x23:100017c8
14151539ns          246221 1c0081d8 094c7553 fsub.s           f10, f24, f20       f10=xxxxxxxx f24:3fc90fdb f20:4012c661
14151559ns          246222 1c0081dc 57c000ef jal              x1, 1404             x1=1c0081de
14151599ns          246224 1c008758 a0a527d3 feq.s            x15, f10, f10       x15=00000001 f10:bf38f9ce f10:bf38f9ce
14151619ns          246225 1c00875c 0a078b63 beq              x15, x0, 182        x15:00000001
14151638ns          246226 1c00875e e00517d3 fclass.s         x15, f10            x15=00000002 f10:bf38f9ce
14151658ns          246227 1c008762 0817f793 andi             x15, x15, 129       x15=00000000 x15:00000002
14151678ns          246228 1c008766 0a079663 bne              x15, x0, 172        x15:00000000
14151698ns          246229 1c008768 00000793 addi             x15, x0, 0          x15=00000000
14151718ns          246230 1c00876c a0f517d3 flt.s            x15, f10, f15       x15=00000001 f10:bf38f9ce f15:00000000
14151738ns          246231 1c008770 0a079663 bne              x15, x0, 172        x15:00000001
14151798ns          246234 1c00881c 1c0007b7 lui              x15, 0x1c000000     x15=1c000000
14151817ns          246235 1c008820 12c7a783 lw               x15, 300(x15)       x15=c0c90fdb x15:1c000000  PA:1c00012c
14152136ns          246251 1c008824 a0f517d3 flt.s            x15, f10, f15       x15=00000000 f10:bf38f9ce f15:c0c90fdb
14152156ns          246252 1c008828 00078463 beq              x15, x0, 8          x15:00000000
14152215ns          246255 1c008830 20a51553 fsgnjn.s         f10, f10, f10       f10=xxxxxxxx f10:bf38f9ce f10:bf38f9ce
14152235ns          246256 1c008834 f6bff06f jal              x0, -150           
14152295ns          246259 1c00879e 1c0007b7 lui              x15, 0x1c000000     x15=1c000000
14152315ns          246260 1c0087a2 01c7a783 lw               x15, 28(x15)        x15=3fc90fdb x15:1c000000  PA:1c00001c
14152633ns          246276 1c0087a6 a0f517d3 flt.s            x15, f10, f15       x15=00000001 f10:3f38f9ce f15:3fc90fdb
14152653ns          246277 1c0087aa 02079563 bne              x15, x0, 42         x15:00000001
14152713ns          246280 1c0087d4 10a57553 fmul.s           f10, f10, f10       f10=xxxxxxxx f10:3f38f9ce f10:3f38f9ce
14152732ns          246281 1c0087d8 1c0007b7 lui              x15, 0x1c000000     x15=1c000000
14152752ns          246282 1c0087dc 1c000737 lui              x14, 0x1c000000     x14=1c000000
14152772ns          246283 1c0087e0 13472703 lw               x14, 308(x14)       x14=bab59551 x14:1c000000  PA:1c000134
14153071ns          246298 1c0087e4 1307a783 lw               x15, 304(x15)       x15=37c23ab1 x15:1c000000  PA:1c000130
14153409ns          246315 1c0087e8 70f577c3 fmadd.s          f15, f10, f15, f14  f15=xxxxxxxx f10:3f05a80c f15:37c23ab1 f14:bab59551
14153429ns          246316 1c0087ec 1c000737 lui              x14, 0x1c000000     x14=1c000000
14153449ns          246317 1c0087f0 13872703 lw               x14, 312(x14)       x14=3d2aa76f x14:1c000000  PA:1c000138
14153826ns          246336 1c0087f4 70f577c3 fmadd.s          f15, f10, f15, f14  f15=xxxxxxxx f10:3f05a80c f15:bab3ffb1 f14:3d2aa76f
14153846ns          246337 1c0087f8 1c000737 lui              x14, 0x1c000000     x14=1c000000
14153866ns          246338 1c0087fc 13c72703 lw               x14, 316(x14)       x14=beffffe0 x14:1c000000  PA:1c00013c
14154224ns          246356 1c008800 70f577c3 fmadd.s          f15, f10, f15, f14  f15=xxxxxxxx f10:3f05a80c f15:3d27b79f f14:beffffe0
14154244ns          246357 1c008804 1c000737 lui              x14, 0x1c000000     x14=1c000000
14154264ns          246358 1c008808 16872703 lw               x14, 360(x14)       x14=3f7fffff x14:1c000000  PA:1c000168
14154582ns          246374 1c00880c 70f57543 fmadd.s          f10, f10, f15, f14  f10=xxxxxxxx f10:3f05a80c f15:bef50dd0 f14:3f7fffff
14154602ns          246375 1c008810 00008067 jalr             x0, x1, 0            x1:1c0081de
14154662ns          246378 1c0081de 016a7a53 fadd.s           f20, f20, f22       f20=xxxxxxxx f20:4012c661 f22:3eaaa273
14154682ns          246379 1c0081e2 10acf553 fmul.s           f10, f25, f10       f10=xxxxxxxx f25:3f800000 f10:3f40077a
14154702ns          246380 1c0081e6 a14a97d3 flt.s            x15, f21, f20       x15=00000000 f21:40c90fdb f20:40281aaf
14154722ns          246381 1c0081ea 00a4222b p.sw             x10, 4(x8!)          x8=10001688 x10:3f40077a  x8:10001684  PA:10001684
14154741ns          246382 1c0081ee 00078363 beq              x15, x0, 6          x15:00000000
14154801ns          246385 1c0081f4 ff7412e3 bne              x8, x23, -28         x8:10001688 x23:100017c8
14154861ns          246388 1c0081d8 094c7553 fsub.s           f10, f24, f20       f10=xxxxxxxx f24:3fc90fdb f20:40281aaf
14154881ns          246389 1c0081dc 57c000ef jal              x1, 1404             x1=1c0081de
14154920ns          246391 1c008758 a0a527d3 feq.s            x15, f10, f10       x15=00000001 f10:bf872583 f10:bf872583
14154940ns          246392 1c00875c 0a078b63 beq              x15, x0, 182        x15:00000001
14154960ns          246393 1c00875e e00517d3 fclass.s         x15, f10            x15=00000002 f10:bf872583
14154980ns          246394 1c008762 0817f793 andi             x15, x15, 129       x15=00000000 x15:00000002
14155000ns          246395 1c008766 0a079663 bne              x15, x0, 172        x15:00000000
14155020ns          246396 1c008768 00000793 addi             x15, x0, 0          x15=00000000
14155040ns          246397 1c00876c a0f517d3 flt.s            x15, f10, f15       x15=00000001 f10:bf872583 f15:00000000
14155060ns          246398 1c008770 0a079663 bne              x15, x0, 172        x15:00000001
14155119ns          246401 1c00881c 1c0007b7 lui              x15, 0x1c000000     x15=1c000000
14155139ns          246402 1c008820 12c7a783 lw               x15, 300(x15)       x15=c0c90fdb x15:1c000000  PA:1c00012c
14155457ns          246418 1c008824 a0f517d3 flt.s            x15, f10, f15       x15=00000000 f10:bf872583 f15:c0c90fdb
14155477ns          246419 1c008828 00078463 beq              x15, x0, 8          x15:00000000
14155537ns          246422 1c008830 20a51553 fsgnjn.s         f10, f10, f10       f10=xxxxxxxx f10:bf872583 f10:bf872583
14155557ns          246423 1c008834 f6bff06f jal              x0, -150           
14155617ns          246426 1c00879e 1c0007b7 lui              x15, 0x1c000000     x15=1c000000
14155637ns          246427 1c0087a2 01c7a783 lw               x15, 28(x15)        x15=3fc90fdb x15:1c000000  PA:1c00001c
14155955ns          246443 1c0087a6 a0f517d3 flt.s            x15, f10, f15       x15=00000001 f10:3f872583 f15:3fc90fdb
14155975ns          246444 1c0087aa 02079563 bne              x15, x0, 42         x15:00000001
14156034ns          246447 1c0087d4 10a57553 fmul.s           f10, f10, f10       f10=xxxxxxxx f10:3f872583 f10:3f872583
14156054ns          246448 1c0087d8 1c0007b7 lui              x15, 0x1c000000     x15=1c000000
14156074ns          246449 1c0087dc 1c000737 lui              x14, 0x1c000000     x14=1c000000
14156094ns          246450 1c0087e0 13472703 lw               x14, 308(x14)       x14=bab59551 x14:1c000000  PA:1c000134
14156392ns          246465 1c0087e4 1307a783 lw               x15, 304(x15)       x15=37c23ab1 x15:1c000000  PA:1c000130
14156711ns          246481 1c0087e8 70f577c3 fmadd.s          f15, f10, f15, f14  f15=xxxxxxxx f10:3f8eb12b f15:37c23ab1 f14:bab59551
14156730ns          246482 1c0087ec 1c000737 lui              x14, 0x1c000000     x14=1c000000
14156750ns          246483 1c0087f0 13872703 lw               x14, 312(x14)       x14=3d2aa76f x14:1c000000  PA:1c000138
14157089ns          246500 1c0087f4 70f577c3 fmadd.s          f15, f10, f15, f14  f15=xxxxxxxx f10:3f8eb12b f15:bab23339 f14:3d2aa76f
14157108ns          246501 1c0087f8 1c000737 lui              x14, 0x1c000000     x14=1c000000
14157128ns          246502 1c0087fc 13c72703 lw               x14, 316(x14)       x14=beffffe0 x14:1c000000  PA:1c00013c
14157466ns          246519 1c008800 70f577c3 fmadd.s          f15, f10, f15, f14  f15=xxxxxxxx f10:3f8eb12b f15:3d247233 f14:beffffe0
14157486ns          246520 1c008804 1c000737 lui              x14, 0x1c000000     x14=1c000000
14157506ns          246521 1c008808 16872703 lw               x14, 360(x14)       x14=3f7fffff x14:1c000000  PA:1c000168
14157824ns          246537 1c00880c 70f57543 fmadd.s          f10, f10, f15, f14  f10=xxxxxxxx f10:3f8eb12b f15:bee91596 f14:3f7fffff
14157844ns          246538 1c008810 00008067 jalr             x0, x1, 0            x1:1c0081de
14157904ns          246541 1c0081de 016a7a53 fadd.s           f20, f20, f22       f20=xxxxxxxx f20:40281aaf f22:3eaaa273
14157924ns          246542 1c0081e2 10acf553 fmul.s           f10, f25, f10       f10=xxxxxxxx f25:3f800000 f10:3efc296d
14157944ns          246543 1c0081e6 a14a97d3 flt.s            x15, f21, f20       x15=00000000 f21:40c90fdb f20:403d6efd
14157964ns          246544 1c0081ea 00a4222b p.sw             x10, 4(x8!)          x8=1000168c x10:3efc296d  x8:10001688  PA:10001688
14157984ns          246545 1c0081ee 00078363 beq              x15, x0, 6          x15:00000000
14158043ns          246548 1c0081f4 ff7412e3 bne              x8, x23, -28         x8:1000168c x23:100017c8
14158103ns          246551 1c0081d8 094c7553 fsub.s           f10, f24, f20       f10=xxxxxxxx f24:3fc90fdb f20:403d6efd
14158123ns          246552 1c0081dc 57c000ef jal              x1, 1404             x1=1c0081de
14158163ns          246554 1c008758 a0a527d3 feq.s            x15, f10, f10       x15=00000001 f10:bfb1ce1f f10:bfb1ce1f
14158183ns          246555 1c00875c 0a078b63 beq              x15, x0, 182        x15:00000001
14158202ns          246556 1c00875e e00517d3 fclass.s         x15, f10            x15=00000002 f10:bfb1ce1f
14158222ns          246557 1c008762 0817f793 andi             x15, x15, 129       x15=00000000 x15:00000002
14158242ns          246558 1c008766 0a079663 bne              x15, x0, 172        x15:00000000
14158262ns          246559 1c008768 00000793 addi             x15, x0, 0          x15=00000000
14158282ns          246560 1c00876c a0f517d3 flt.s            x15, f10, f15       x15=00000001 f10:bfb1ce1f f15:00000000
14158302ns          246561 1c008770 0a079663 bne              x15, x0, 172        x15:00000001
14158362ns          246564 1c00881c 1c0007b7 lui              x15, 0x1c000000     x15=1c000000
14158381ns          246565 1c008820 12c7a783 lw               x15, 300(x15)       x15=c0c90fdb x15:1c000000  PA:1c00012c
14158720ns          246582 1c008824 a0f517d3 flt.s            x15, f10, f15       x15=00000000 f10:bfb1ce1f f15:c0c90fdb
14158739ns          246583 1c008828 00078463 beq              x15, x0, 8          x15:00000000
14158799ns          246586 1c008830 20a51553 fsgnjn.s         f10, f10, f10       f10=xxxxxxxx f10:bfb1ce1f f10:bfb1ce1f
14158819ns          246587 1c008834 f6bff06f jal              x0, -150           
14158879ns          246590 1c00879e 1c0007b7 lui              x15, 0x1c000000     x15=1c000000
14158899ns          246591 1c0087a2 01c7a783 lw               x15, 28(x15)        x15=3fc90fdb x15:1c000000  PA:1c00001c
14159217ns          246607 1c0087a6 a0f517d3 flt.s            x15, f10, f15       x15=00000001 f10:3fb1ce1f f15:3fc90fdb
14159237ns          246608 1c0087aa 02079563 bne              x15, x0, 42         x15:00000001
14159296ns          246611 1c0087d4 10a57553 fmul.s           f10, f10, f10       f10=xxxxxxxx f10:3fb1ce1f f10:3fb1ce1f
14159316ns          246612 1c0087d8 1c0007b7 lui              x15, 0x1c000000     x15=1c000000
14159336ns          246613 1c0087dc 1c000737 lui              x14, 0x1c000000     x14=1c000000
14159356ns          246614 1c0087e0 13472703 lw               x14, 308(x14)       x14=bab59551 x14:1c000000  PA:1c000134
14159654ns          246629 1c0087e4 1307a783 lw               x15, 304(x15)       x15=37c23ab1 x15:1c000000  PA:1c000130
14159973ns          246645 1c0087e8 70f577c3 fmadd.s          f15, f10, f15, f14  f15=xxxxxxxx f10:3ff6fd5a f15:37c23ab1 f14:bab59551
14159993ns          246646 1c0087ec 1c000737 lui              x14, 0x1c000000     x14=1c000000
14160012ns          246647 1c0087f0 13872703 lw               x14, 312(x14)       x14=3d2aa76f x14:1c000000  PA:1c000138
14160371ns          246665 1c0087f4 70f577c3 fmadd.s          f15, f10, f15, f14  f15=xxxxxxxx f10:3ff6fd5a f15:baafba2c f14:3d2aa76f
14160390ns          246666 1c0087f8 1c000737 lui              x14, 0x1c000000     x14=1c000000
14160410ns          246667 1c0087fc 13c72703 lw               x14, 316(x14)       x14=beffffe0 x14:1c000000  PA:1c00013c
14160768ns          246685 1c008800 70f577c3 fmadd.s          f15, f10, f15, f14  f15=xxxxxxxx f10:3ff6fd5a f15:3d200ec2 f14:beffffe0
14160788ns          246686 1c008804 1c000737 lui              x14, 0x1c000000     x14=1c000000
14160808ns          246687 1c008808 16872703 lw               x14, 360(x14)       x14=3f7fffff x14:1c000000  PA:1c000168
14161126ns          246703 1c00880c 70f57543 fmadd.s          f10, f10, f15, f14  f10=xxxxxxxx f10:3ff6fd5a f15:bed964bb f14:3f7fffff
14161146ns          246704 1c008810 00008067 jalr             x0, x1, 0            x1:1c0081de
14161206ns          246707 1c0081de 016a7a53 fadd.s           f20, f20, f22       f20=xxxxxxxx f20:403d6efd f22:3eaaa273
14161226ns          246708 1c0081e2 10acf553 fmul.s           f10, f25, f10       f10=xxxxxxxx f25:3f800000 f10:3e390839
14161246ns          246709 1c0081e6 a14a97d3 flt.s            x15, f21, f20       x15=00000000 f21:40c90fdb f20:4052c34b
14161266ns          246710 1c0081ea 00a4222b p.sw             x10, 4(x8!)          x8=10001690 x10:3e390839  x8:1000168c  PA:1000168c
14161285ns          246711 1c0081ee 00078363 beq              x15, x0, 6          x15:00000000
14161345ns          246714 1c0081f4 ff7412e3 bne              x8, x23, -28         x8:10001690 x23:100017c8
14161405ns          246717 1c0081d8 094c7553 fsub.s           f10, f24, f20       f10=xxxxxxxx f24:3fc90fdb f20:4052c34b
14161425ns          246718 1c0081dc 57c000ef jal              x1, 1404             x1=1c0081de
14161464ns          246720 1c008758 a0a527d3 feq.s            x15, f10, f10       x15=00000001 f10:bfdc76bb f10:bfdc76bb
14161484ns          246721 1c00875c 0a078b63 beq              x15, x0, 182        x15:00000001
14161504ns          246722 1c00875e e00517d3 fclass.s         x15, f10            x15=00000002 f10:bfdc76bb
14161524ns          246723 1c008762 0817f793 andi             x15, x15, 129       x15=00000000 x15:00000002
14161544ns          246724 1c008766 0a079663 bne              x15, x0, 172        x15:00000000
14161564ns          246725 1c008768 00000793 addi             x15, x0, 0          x15=00000000
14161584ns          246726 1c00876c a0f517d3 flt.s            x15, f10, f15       x15=00000001 f10:bfdc76bb f15:00000000
14161604ns          246727 1c008770 0a079663 bne              x15, x0, 172        x15:00000001
14161663ns          246730 1c00881c 1c0007b7 lui              x15, 0x1c000000     x15=1c000000
14161683ns          246731 1c008820 12c7a783 lw               x15, 300(x15)       x15=c0c90fdb x15:1c000000  PA:1c00012c
14162002ns          246747 1c008824 a0f517d3 flt.s            x15, f10, f15       x15=00000000 f10:bfdc76bb f15:c0c90fdb
14162021ns          246748 1c008828 00078463 beq              x15, x0, 8          x15:00000000
14162081ns          246751 1c008830 20a51553 fsgnjn.s         f10, f10, f10       f10=xxxxxxxx f10:bfdc76bb f10:bfdc76bb
14162101ns          246752 1c008834 f6bff06f jal              x0, -150           
14162161ns          246755 1c00879e 1c0007b7 lui              x15, 0x1c000000     x15=1c000000
14162181ns          246756 1c0087a2 01c7a783 lw               x15, 28(x15)        x15=3fc90fdb x15:1c000000  PA:1c00001c
14162499ns          246772 1c0087a6 a0f517d3 flt.s            x15, f10, f15       x15=00000000 f10:3fdc76bb f15:3fc90fdb
14162519ns          246773 1c0087aa 02079563 bne              x15, x0, 42         x15:00000000
14162539ns          246774 1c0087ac 1c0007b7 lui              x15, 0x1c000000     x15=1c000000
14162558ns          246775 1c0087b0 1007a783 lw               x15, 256(x15)       x15=40490fdb x15:1c000000  PA:1c000100
14162877ns          246791 1c0087b4 a0f51753 flt.s            x14, f10, f15       x14=00000001 f10:3fdc76bb f15:40490fdb
14162897ns          246792 1c0087b8 06071f63 bne              x14, x0, 126        x14:00000001
14162976ns          246796 1c008836 08a7f553 fsub.s           f10, f15, f10       f10=xxxxxxxx f15:40490fdb f10:3fdc76bb
14162996ns          246797 1c00883a 10a57553 fmul.s           f10, f10, f10       f10=xxxxxxxx f10:3fb5a8fb f10:3fb5a8fb
14163016ns          246798 1c00883e 1c0007b7 lui              x15, 0x1c000000     x15=1c000000
14163036ns          246799 1c008842 1c000737 lui              x14, 0x1c000000     x14=1c000000
14163056ns          246800 1c008846 13472703 lw               x14, 308(x14)       x14=bab59551 x14:1c000000  PA:1c000134
14163354ns          246815 1c00884a 1307a783 lw               x15, 304(x15)       x15=37c23ab1 x15:1c000000  PA:1c000130
14163672ns          246831 1c00884e 70f577c3 fmadd.s          f15, f10, f15, f14  f15=xxxxxxxx f10:4000e862 f15:37c23ab1 f14:bab59551
14163692ns          246832 1c008852 1c000737 lui              x14, 0x1c000000     x14=1c000000
14163712ns          246833 1c008856 13872703 lw               x14, 312(x14)       x14=3d2aa76f x14:1c000000  PA:1c000138
14164050ns          246850 1c00885a 70f577c3 fmadd.s          f15, f10, f15, f14  f15=xxxxxxxx f10:4000e862 f15:baaf7876 f14:3d2aa76f
14164070ns          246851 1c00885e 1c000737 lui              x14, 0x1c000000     x14=1c000000
14164090ns          246852 1c008862 13c72703 lw               x14, 316(x14)       x14=beffffe0 x14:1c000000  PA:1c00013c
14164428ns          246869 1c008866 70f577c3 fmadd.s          f15, f10, f15, f14  f15=xxxxxxxx f10:4000e862 f15:3d1f9bff f14:beffffe0
14164448ns          246870 1c00886a 1c000737 lui              x14, 0x1c000000     x14=1c000000
14164468ns          246871 1c00886e 16872703 lw               x14, 360(x14)       x14=3f7fffff x14:1c000000  PA:1c000168
14164826ns          246889 1c008872 70f57543 fmadd.s          f10, f10, f15, f14  f10=xxxxxxxx f10:4000e862 f15:bed7d06f f14:3f7fffff
14164846ns          246890 1c008876 20a51553 fsgnjn.s         f10, f10, f10       f10=xxxxxxxx f10:3e1a9f04 f10:3e1a9f04
14164866ns          246891 1c00887a 00008067 jalr             x0, x1, 0            x1:1c0081de
14164925ns          246894 1c0081de 016a7a53 fadd.s           f20, f20, f22       f20=xxxxxxxx f20:4052c34b f22:3eaaa273
14164945ns          246895 1c0081e2 10acf553 fmul.s           f10, f25, f10       f10=xxxxxxxx f25:3f800000 f10:be1a9f04
14164965ns          246896 1c0081e6 a14a97d3 flt.s            x15, f21, f20       x15=00000000 f21:40c90fdb f20:40681799
14164985ns          246897 1c0081ea 00a4222b p.sw             x10, 4(x8!)          x8=10001694 x10:be1a9f04  x8:10001690  PA:10001690
14165005ns          246898 1c0081ee 00078363 beq              x15, x0, 6          x15:00000000
14165065ns          246901 1c0081f4 ff7412e3 bne              x8, x23, -28         x8:10001694 x23:100017c8
14165124ns          246904 1c0081d8 094c7553 fsub.s           f10, f24, f20       f10=xxxxxxxx f24:3fc90fdb f20:40681799
14165144ns          246905 1c0081dc 57c000ef jal              x1, 1404             x1=1c0081de
14165184ns          246907 1c008758 a0a527d3 feq.s            x15, f10, f10       x15=00000001 f10:c0038fac f10:c0038fac
14165204ns          246908 1c00875c 0a078b63 beq              x15, x0, 182        x15:00000001
14165224ns          246909 1c00875e e00517d3 fclass.s         x15, f10            x15=00000002 f10:c0038fac
14165244ns          246910 1c008762 0817f793 andi             x15, x15, 129       x15=00000000 x15:00000002
14165264ns          246911 1c008766 0a079663 bne              x15, x0, 172        x15:00000000
14165284ns          246912 1c008768 00000793 addi             x15, x0, 0          x15=00000000
14165303ns          246913 1c00876c a0f517d3 flt.s            x15, f10, f15       x15=00000001 f10:c0038fac f15:00000000
14165323ns          246914 1c008770 0a079663 bne              x15, x0, 172        x15:00000001
14165383ns          246917 1c00881c 1c0007b7 lui              x15, 0x1c000000     x15=1c000000
14165403ns          246918 1c008820 12c7a783 lw               x15, 300(x15)       x15=c0c90fdb x15:1c000000  PA:1c00012c
14165721ns          246934 1c008824 a0f517d3 flt.s            x15, f10, f15       x15=00000000 f10:c0038fac f15:c0c90fdb
14165741ns          246935 1c008828 00078463 beq              x15, x0, 8          x15:00000000
14165801ns          246938 1c008830 20a51553 fsgnjn.s         f10, f10, f10       f10=xxxxxxxx f10:c0038fac f10:c0038fac
14165821ns          246939 1c008834 f6bff06f jal              x0, -150           
14165880ns          246942 1c00879e 1c0007b7 lui              x15, 0x1c000000     x15=1c000000
14165900ns          246943 1c0087a2 01c7a783 lw               x15, 28(x15)        x15=3fc90fdb x15:1c000000  PA:1c00001c
14166218ns          246959 1c0087a6 a0f517d3 flt.s            x15, f10, f15       x15=00000000 f10:40038fac f15:3fc90fdb
14166238ns          246960 1c0087aa 02079563 bne              x15, x0, 42         x15:00000000
14166258ns          246961 1c0087ac 1c0007b7 lui              x15, 0x1c000000     x15=1c000000
14166278ns          246962 1c0087b0 1007a783 lw               x15, 256(x15)       x15=40490fdb x15:1c000000  PA:1c000100
14166596ns          246978 1c0087b4 a0f51753 flt.s            x14, f10, f15       x14=00000001 f10:40038fac f15:40490fdb
14166616ns          246979 1c0087b8 06071f63 bne              x14, x0, 126        x14:00000001
14166696ns          246983 1c008836 08a7f553 fsub.s           f10, f15, f10       f10=xxxxxxxx f15:40490fdb f10:40038fac
14166716ns          246984 1c00883a 10a57553 fmul.s           f10, f10, f10       f10=xxxxxxxx f10:3f8b005e f10:3f8b005e
14166736ns          246985 1c00883e 1c0007b7 lui              x15, 0x1c000000     x15=1c000000
14166755ns          246986 1c008842 1c000737 lui              x14, 0x1c000000     x14=1c000000
14166775ns          246987 1c008846 13472703 lw               x14, 308(x14)       x14=bab59551 x14:1c000000  PA:1c000134
14167094ns          247003 1c00884a 1307a783 lw               x15, 304(x15)       x15=37c23ab1 x15:1c000000  PA:1c000130
14167412ns          247019 1c00884e 70f577c3 fmadd.s          f15, f10, f15, f14  f15=xxxxxxxx f10:3f96f2cc f15:37c23ab1 f14:bab59551
14167432ns          247020 1c008852 1c000737 lui              x14, 0x1c000000     x14=1c000000
14167452ns          247021 1c008856 13872703 lw               x14, 312(x14)       x14=3d2aa76f x14:1c000000  PA:1c000138
14167770ns          247037 1c00885a 70f577c3 fmadd.s          f15, f10, f15, f14  f15=xxxxxxxx f10:3f96f2cc f15:bab2011c f14:3d2aa76f
14167790ns          247038 1c00885e 1c000737 lui              x14, 0x1c000000     x14=1c000000
14167810ns          247039 1c008862 13c72703 lw               x14, 316(x14)       x14=beffffe0 x14:1c000000  PA:1c00013c
14168128ns          247055 1c008866 70f577c3 fmadd.s          f15, f10, f15, f14  f15=xxxxxxxx f10:3f96f2cc f15:3d241817 f14:beffffe0
14168148ns          247056 1c00886a 1c000737 lui              x14, 0x1c000000     x14=1c000000
14168168ns          247057 1c00886e 16872703 lw               x14, 360(x14)       x14=3f7fffff x14:1c000000  PA:1c000168
14168506ns          247074 1c008872 70f57543 fmadd.s          f10, f10, f15, f14  f10=xxxxxxxx f10:3f96f2cc f15:bee7cf70 f14:3f7fffff
14168526ns          247075 1c008876 20a51553 fsgnjn.s         f10, f10, f10       f10=xxxxxxxx f10:3eeea131 f10:3eeea131
14168546ns          247076 1c00887a 00008067 jalr             x0, x1, 0            x1:1c0081de
14168605ns          247079 1c0081de 016a7a53 fadd.s           f20, f20, f22       f20=xxxxxxxx f20:40681799 f22:3eaaa273
14168625ns          247080 1c0081e2 10acf553 fmul.s           f10, f25, f10       f10=xxxxxxxx f25:3f800000 f10:beeea131
14168645ns          247081 1c0081e6 a14a97d3 flt.s            x15, f21, f20       x15=00000000 f21:40c90fdb f20:407d6be7
14168665ns          247082 1c0081ea 00a4222b p.sw             x10, 4(x8!)          x8=10001698 x10:beeea131  x8:10001694  PA:10001694
14168685ns          247083 1c0081ee 00078363 beq              x15, x0, 6          x15:00000000
14168745ns          247086 1c0081f4 ff7412e3 bne              x8, x23, -28         x8:10001698 x23:100017c8
14168804ns          247089 1c0081d8 094c7553 fsub.s           f10, f24, f20       f10=xxxxxxxx f24:3fc90fdb f20:407d6be7
14168824ns          247090 1c0081dc 57c000ef jal              x1, 1404             x1=1c0081de
14168864ns          247092 1c008758 a0a527d3 feq.s            x15, f10, f10       x15=00000001 f10:c018e3fa f10:c018e3fa
14168884ns          247093 1c00875c 0a078b63 beq              x15, x0, 182        x15:00000001
14168904ns          247094 1c00875e e00517d3 fclass.s         x15, f10            x15=00000002 f10:c018e3fa
14168924ns          247095 1c008762 0817f793 andi             x15, x15, 129       x15=00000000 x15:00000002
14168943ns          247096 1c008766 0a079663 bne              x15, x0, 172        x15:00000000
14168963ns          247097 1c008768 00000793 addi             x15, x0, 0          x15=00000000
14168983ns          247098 1c00876c a0f517d3 flt.s            x15, f10, f15       x15=00000001 f10:c018e3fa f15:00000000
14169003ns          247099 1c008770 0a079663 bne              x15, x0, 172        x15:00000001
14169063ns          247102 1c00881c 1c0007b7 lui              x15, 0x1c000000     x15=1c000000
14169083ns          247103 1c008820 12c7a783 lw               x15, 300(x15)       x15=c0c90fdb x15:1c000000  PA:1c00012c
14169421ns          247120 1c008824 a0f517d3 flt.s            x15, f10, f15       x15=00000000 f10:c018e3fa f15:c0c90fdb
14169441ns          247121 1c008828 00078463 beq              x15, x0, 8          x15:00000000
14169500ns          247124 1c008830 20a51553 fsgnjn.s         f10, f10, f10       f10=xxxxxxxx f10:c018e3fa f10:c018e3fa
14169520ns          247125 1c008834 f6bff06f jal              x0, -150           
14169580ns          247128 1c00879e 1c0007b7 lui              x15, 0x1c000000     x15=1c000000
14169600ns          247129 1c0087a2 01c7a783 lw               x15, 28(x15)        x15=3fc90fdb x15:1c000000  PA:1c00001c
14169918ns          247145 1c0087a6 a0f517d3 flt.s            x15, f10, f15       x15=00000000 f10:4018e3fa f15:3fc90fdb
14169938ns          247146 1c0087aa 02079563 bne              x15, x0, 42         x15:00000000
14169958ns          247147 1c0087ac 1c0007b7 lui              x15, 0x1c000000     x15=1c000000
14169978ns          247148 1c0087b0 1007a783 lw               x15, 256(x15)       x15=40490fdb x15:1c000000  PA:1c000100
14170296ns          247164 1c0087b4 a0f51753 flt.s            x14, f10, f15       x14=00000001 f10:4018e3fa f15:40490fdb
14170316ns          247165 1c0087b8 06071f63 bne              x14, x0, 126        x14:00000001
14170395ns          247169 1c008836 08a7f553 fsub.s           f10, f15, f10       f10=xxxxxxxx f15:40490fdb f10:4018e3fa
14170415ns          247170 1c00883a 10a57553 fmul.s           f10, f10, f10       f10=xxxxxxxx f10:3f40af84 f10:3f40af84
14170435ns          247171 1c00883e 1c0007b7 lui              x15, 0x1c000000     x15=1c000000
14170455ns          247172 1c008842 1c000737 lui              x14, 0x1c000000     x14=1c000000
14170475ns          247173 1c008846 13472703 lw               x14, 308(x14)       x14=bab59551 x14:1c000000  PA:1c000134
14170773ns          247188 1c00884a 1307a783 lw               x15, 304(x15)       x15=37c23ab1 x15:1c000000  PA:1c000130
14171112ns          247205 1c00884e 70f577c3 fmadd.s          f15, f10, f15, f14  f15=xxxxxxxx f10:3f1107be f15:37c23ab1 f14:bab59551
14171131ns          247206 1c008852 1c000737 lui              x14, 0x1c000000     x14=1c000000
14171151ns          247207 1c008856 13872703 lw               x14, 312(x14)       x14=3d2aa76f x14:1c000000  PA:1c000138
14171470ns          247223 1c00885a 70f577c3 fmadd.s          f15, f10, f15, f14  f15=xxxxxxxx f10:3f1107be f15:bab3dd2d f14:3d2aa76f
14171489ns          247224 1c00885e 1c000737 lui              x14, 0x1c000000     x14=1c000000
14171509ns          247225 1c008862 13c72703 lw               x14, 316(x14)       x14=beffffe0 x14:1c000000  PA:1c00013c
14171828ns          247241 1c008866 70f577c3 fmadd.s          f15, f10, f15, f14  f15=xxxxxxxx f10:3f1107be f15:3d277841 f14:beffffe0
14171847ns          247242 1c00886a 1c000737 lui              x14, 0x1c000000     x14=1c000000
14171867ns          247243 1c00886e 16872703 lw               x14, 360(x14)       x14=3f7fffff x14:1c000000  PA:1c000168
14172186ns          247259 1c008872 70f57543 fmadd.s          f10, f10, f15, f14  f10=xxxxxxxx f10:3f1107be f15:bef423da f14:3f7fffff
14172206ns          247260 1c008876 20a51553 fsgnjn.s         f10, f10, f10       f10=xxxxxxxx f10:3f3ad827 f10:3f3ad827
14172225ns          247261 1c00887a 00008067 jalr             x0, x1, 0            x1:1c0081de
14172285ns          247264 1c0081de 016a7a53 fadd.s           f20, f20, f22       f20=xxxxxxxx f20:407d6be7 f22:3eaaa273
14172305ns          247265 1c0081e2 10acf553 fmul.s           f10, f25, f10       f10=xxxxxxxx f25:3f800000 f10:bf3ad827
14172325ns          247266 1c0081e6 a14a97d3 flt.s            x15, f21, f20       x15=00000000 f21:40c90fdb f20:4089601b
14172345ns          247267 1c0081ea 00a4222b p.sw             x10, 4(x8!)          x8=1000169c x10:bf3ad827  x8:10001698  PA:10001698
14172365ns          247268 1c0081ee 00078363 beq              x15, x0, 6          x15:00000000
14172424ns          247271 1c0081f4 ff7412e3 bne              x8, x23, -28         x8:1000169c x23:100017c8
14172484ns          247274 1c0081d8 094c7553 fsub.s           f10, f24, f20       f10=xxxxxxxx f24:3fc90fdb f20:4089601b
14172504ns          247275 1c0081dc 57c000ef jal              x1, 1404             x1=1c0081de
14172544ns          247277 1c008758 a0a527d3 feq.s            x15, f10, f10       x15=00000001 f10:c02e3848 f10:c02e3848
14172564ns          247278 1c00875c 0a078b63 beq              x15, x0, 182        x15:00000001
14172583ns          247279 1c00875e e00517d3 fclass.s         x15, f10            x15=00000002 f10:c02e3848
14172603ns          247280 1c008762 0817f793 andi             x15, x15, 129       x15=00000000 x15:00000002
14172623ns          247281 1c008766 0a079663 bne              x15, x0, 172        x15:00000000
14172643ns          247282 1c008768 00000793 addi             x15, x0, 0          x15=00000000
14172663ns          247283 1c00876c a0f517d3 flt.s            x15, f10, f15       x15=00000001 f10:c02e3848 f15:00000000
14172683ns          247284 1c008770 0a079663 bne              x15, x0, 172        x15:00000001
14172743ns          247287 1c00881c 1c0007b7 lui              x15, 0x1c000000     x15=1c000000
14172762ns          247288 1c008820 12c7a783 lw               x15, 300(x15)       x15=c0c90fdb x15:1c000000  PA:1c00012c
14173081ns          247304 1c008824 a0f517d3 flt.s            x15, f10, f15       x15=00000000 f10:c02e3848 f15:c0c90fdb
14173101ns          247305 1c008828 00078463 beq              x15, x0, 8          x15:00000000
14173160ns          247308 1c008830 20a51553 fsgnjn.s         f10, f10, f10       f10=xxxxxxxx f10:c02e3848 f10:c02e3848
14173180ns          247309 1c008834 f6bff06f jal              x0, -150           
14173240ns          247312 1c00879e 1c0007b7 lui              x15, 0x1c000000     x15=1c000000
14173260ns          247313 1c0087a2 01c7a783 lw               x15, 28(x15)        x15=3fc90fdb x15:1c000000  PA:1c00001c
14173578ns          247329 1c0087a6 a0f517d3 flt.s            x15, f10, f15       x15=00000000 f10:402e3848 f15:3fc90fdb
14173598ns          247330 1c0087aa 02079563 bne              x15, x0, 42         x15:00000000
14173618ns          247331 1c0087ac 1c0007b7 lui              x15, 0x1c000000     x15=1c000000
14173638ns          247332 1c0087b0 1007a783 lw               x15, 256(x15)       x15=40490fdb x15:1c000000  PA:1c000100
14173956ns          247348 1c0087b4 a0f51753 flt.s            x14, f10, f15       x14=00000001 f10:402e3848 f15:40490fdb
14173976ns          247349 1c0087b8 06071f63 bne              x14, x0, 126        x14:00000001
14174055ns          247353 1c008836 08a7f553 fsub.s           f10, f15, f10       f10=xxxxxxxx f15:40490fdb f10:402e3848
14174075ns          247354 1c00883a 10a57553 fmul.s           f10, f10, f10       f10=xxxxxxxx f10:3ed6bc98 f10:3ed6bc98
14174095ns          247355 1c00883e 1c0007b7 lui              x15, 0x1c000000     x15=1c000000
14174115ns          247356 1c008842 1c000737 lui              x14, 0x1c000000     x14=1c000000
14174135ns          247357 1c008846 13472703 lw               x14, 308(x14)       x14=bab59551 x14:1c000000  PA:1c000134
14174433ns          247372 1c00884a 1307a783 lw               x15, 304(x15)       x15=37c23ab1 x15:1c000000  PA:1c000130
14174771ns          247389 1c00884e 70f577c3 fmadd.s          f15, f10, f15, f14  f15=xxxxxxxx f10:3e341fd9 f15:37c23ab1 f14:bab59551
14174791ns          247390 1c008852 1c000737 lui              x14, 0x1c000000     x14=1c000000
14174811ns          247391 1c008856 13872703 lw               x14, 312(x14)       x14=3d2aa76f x14:1c000000  PA:1c000138
14175209ns          247411 1c00885a 70f577c3 fmadd.s          f15, f10, f15, f14  f15=xxxxxxxx f10:3e341fd9 f15:bab50ca8 f14:3d2aa76f
14175229ns          247412 1c00885e 1c000737 lui              x14, 0x1c000000     x14=1c000000
14175249ns          247413 1c008862 13c72703 lw               x14, 316(x14)       x14=beffffe0 x14:1c000000  PA:1c00013c
14175567ns          247429 1c008866 70f577c3 fmadd.s          f15, f10, f15, f14  f15=xxxxxxxx f10:3e341fd9 f15:3d29a8a8 f14:beffffe0
14175587ns          247430 1c00886a 1c000737 lui              x14, 0x1c000000     x14=1c000000
14175607ns          247431 1c00886e 16872703 lw               x14, 360(x14)       x14=3f7fffff x14:1c000000  PA:1c000168
14175985ns          247450 1c008872 70f57543 fmadd.s          f10, f10, f15, f14  f10=xxxxxxxx f10:3e341fd9 f15:befc44e2 f14:3f7fffff
14176005ns          247451 1c008876 20a51553 fsgnjn.s         f10, f10, f10       f10=xxxxxxxx f10:3f69d005 f10:3f69d005
14176025ns          247452 1c00887a 00008067 jalr             x0, x1, 0            x1:1c0081de
14176084ns          247455 1c0081de 016a7a53 fadd.s           f20, f20, f22       f20=xxxxxxxx f20:4089601b f22:3eaaa273
14176104ns          247456 1c0081e2 10acf553 fmul.s           f10, f25, f10       f10=xxxxxxxx f25:3f800000 f10:bf69d005
14176124ns          247457 1c0081e6 a14a97d3 flt.s            x15, f21, f20       x15=00000000 f21:40c90fdb f20:40940a42
14176144ns          247458 1c0081ea 00a4222b p.sw             x10, 4(x8!)          x8=100016a0 x10:bf69d005  x8:1000169c  PA:1000169c
14176164ns          247459 1c0081ee 00078363 beq              x15, x0, 6          x15:00000000
14176223ns          247462 1c0081f4 ff7412e3 bne              x8, x23, -28         x8:100016a0 x23:100017c8
14176283ns          247465 1c0081d8 094c7553 fsub.s           f10, f24, f20       f10=xxxxxxxx f24:3fc90fdb f20:40940a42
14176303ns          247466 1c0081dc 57c000ef jal              x1, 1404             x1=1c0081de
14176343ns          247468 1c008758 a0a527d3 feq.s            x15, f10, f10       x15=00000001 f10:c0438c96 f10:c0438c96
14176363ns          247469 1c00875c 0a078b63 beq              x15, x0, 182        x15:00000001
14176383ns          247470 1c00875e e00517d3 fclass.s         x15, f10            x15=00000002 f10:c0438c96
14176402ns          247471 1c008762 0817f793 andi             x15, x15, 129       x15=00000000 x15:00000002
14176422ns          247472 1c008766 0a079663 bne              x15, x0, 172        x15:00000000
14176442ns          247473 1c008768 00000793 addi             x15, x0, 0          x15=00000000
14176462ns          247474 1c00876c a0f517d3 flt.s            x15, f10, f15       x15=00000001 f10:c0438c96 f15:00000000
14176482ns          247475 1c008770 0a079663 bne              x15, x0, 172        x15:00000001
14176542ns          247478 1c00881c 1c0007b7 lui              x15, 0x1c000000     x15=1c000000
14176562ns          247479 1c008820 12c7a783 lw               x15, 300(x15)       x15=c0c90fdb x15:1c000000  PA:1c00012c
14176880ns          247495 1c008824 a0f517d3 flt.s            x15, f10, f15       x15=00000000 f10:c0438c96 f15:c0c90fdb
14176900ns          247496 1c008828 00078463 beq              x15, x0, 8          x15:00000000
14176959ns          247499 1c008830 20a51553 fsgnjn.s         f10, f10, f10       f10=xxxxxxxx f10:c0438c96 f10:c0438c96
14176979ns          247500 1c008834 f6bff06f jal              x0, -150           
14177039ns          247503 1c00879e 1c0007b7 lui              x15, 0x1c000000     x15=1c000000
14177059ns          247504 1c0087a2 01c7a783 lw               x15, 28(x15)        x15=3fc90fdb x15:1c000000  PA:1c00001c
14177397ns          247521 1c0087a6 a0f517d3 flt.s            x15, f10, f15       x15=00000000 f10:40438c96 f15:3fc90fdb
14177417ns          247522 1c0087aa 02079563 bne              x15, x0, 42         x15:00000000
14177437ns          247523 1c0087ac 1c0007b7 lui              x15, 0x1c000000     x15=1c000000
14177457ns          247524 1c0087b0 1007a783 lw               x15, 256(x15)       x15=40490fdb x15:1c000000  PA:1c000100
14177775ns          247540 1c0087b4 a0f51753 flt.s            x14, f10, f15       x14=00000001 f10:40438c96 f15:40490fdb
14177795ns          247541 1c0087b8 06071f63 bne              x14, x0, 126        x14:00000001
14177874ns          247545 1c008836 08a7f553 fsub.s           f10, f15, f10       f10=xxxxxxxx f15:40490fdb f10:40438c96
14177894ns          247546 1c00883a 10a57553 fmul.s           f10, f10, f10       f10=xxxxxxxx f10:3db068a0 f10:3db068a0
14177914ns          247547 1c00883e 1c0007b7 lui              x15, 0x1c000000     x15=1c000000
14177934ns          247548 1c008842 1c000737 lui              x14, 0x1c000000     x14=1c000000
14177954ns          247549 1c008846 13472703 lw               x14, 308(x14)       x14=bab59551 x14:1c000000  PA:1c000134
14178252ns          247564 1c00884a 1307a783 lw               x15, 304(x15)       x15=37c23ab1 x15:1c000000  PA:1c000130
14178571ns          247580 1c00884e 70f577c3 fmadd.s          f15, f10, f15, f14  f15=xxxxxxxx f10:3bf3200e f15:37c23ab1 f14:bab59551
14178590ns          247581 1c008852 1c000737 lui              x14, 0x1c000000     x14=1c000000
14178610ns          247582 1c008856 13872703 lw               x14, 312(x14)       x14=3d2aa76f x14:1c000000  PA:1c000138
14178968ns          247600 1c00885a 70f577c3 fmadd.s          f15, f10, f15, f14  f15=xxxxxxxx f10:3bf3200e f15:bab58f8d f14:3d2aa76f
14178988ns          247601 1c00885e 1c000737 lui              x14, 0x1c000000     x14=1c000000
14179008ns          247602 1c008862 13c72703 lw               x14, 316(x14)       x14=beffffe0 x14:1c000000  PA:1c00013c
14179326ns          247618 1c008866 70f577c3 fmadd.s          f15, f10, f15, f14  f15=xxxxxxxx f10:3bf3200e f15:3d2a9ca8 f14:beffffe0
14179346ns          247619 1c00886a 1c000737 lui              x14, 0x1c000000     x14=1c000000
14179366ns          247620 1c00886e 16872703 lw               x14, 360(x14)       x14=3f7fffff x14:1c000000  PA:1c000168
14179684ns          247636 1c008872 70f57543 fmadd.s          f10, f10, f15, f14  f10=xxxxxxxx f10:3bf3200e f15:beffd75e f14:3f7fffff
14179704ns          247637 1c008876 20a51553 fsgnjn.s         f10, f10, f10       f10=xxxxxxxx f10:3f7f0d06 f10:3f7f0d06
14179724ns          247638 1c00887a 00008067 jalr             x0, x1, 0            x1:1c0081de
14179784ns          247641 1c0081de 016a7a53 fadd.s           f20, f20, f22       f20=xxxxxxxx f20:40940a42 f22:3eaaa273
14179804ns          247642 1c0081e2 10acf553 fmul.s           f10, f25, f10       f10=xxxxxxxx f25:3f800000 f10:bf7f0d06
14179824ns          247643 1c0081e6 a14a97d3 flt.s            x15, f21, f20       x15=00000000 f21:40c90fdb f20:409eb469
14179844ns          247644 1c0081ea 00a4222b p.sw             x10, 4(x8!)          x8=100016a4 x10:bf7f0d06  x8:100016a0  PA:100016a0
14179863ns          247645 1c0081ee 00078363 beq              x15, x0, 6          x15:00000000
14179923ns          247648 1c0081f4 ff7412e3 bne              x8, x23, -28         x8:100016a4 x23:100017c8
14179983ns          247651 1c0081d8 094c7553 fsub.s           f10, f24, f20       f10=xxxxxxxx f24:3fc90fdb f20:409eb469
14180003ns          247652 1c0081dc 57c000ef jal              x1, 1404             x1=1c0081de
14180042ns          247654 1c008758 a0a527d3 feq.s            x15, f10, f10       x15=00000001 f10:c058e0e4 f10:c058e0e4
14180062ns          247655 1c00875c 0a078b63 beq              x15, x0, 182        x15:00000001
14180082ns          247656 1c00875e e00517d3 fclass.s         x15, f10            x15=00000002 f10:c058e0e4
14180102ns          247657 1c008762 0817f793 andi             x15, x15, 129       x15=00000000 x15:00000002
14180122ns          247658 1c008766 0a079663 bne              x15, x0, 172        x15:00000000
14180142ns          247659 1c008768 00000793 addi             x15, x0, 0          x15=00000000
14180162ns          247660 1c00876c a0f517d3 flt.s            x15, f10, f15       x15=00000001 f10:c058e0e4 f15:00000000
14180182ns          247661 1c008770 0a079663 bne              x15, x0, 172        x15:00000001
14180241ns          247664 1c00881c 1c0007b7 lui              x15, 0x1c000000     x15=1c000000
14180261ns          247665 1c008820 12c7a783 lw               x15, 300(x15)       x15=c0c90fdb x15:1c000000  PA:1c00012c
14180580ns          247681 1c008824 a0f517d3 flt.s            x15, f10, f15       x15=00000000 f10:c058e0e4 f15:c0c90fdb
14180599ns          247682 1c008828 00078463 beq              x15, x0, 8          x15:00000000
14180659ns          247685 1c008830 20a51553 fsgnjn.s         f10, f10, f10       f10=xxxxxxxx f10:c058e0e4 f10:c058e0e4
14180679ns          247686 1c008834 f6bff06f jal              x0, -150           
14180739ns          247689 1c00879e 1c0007b7 lui              x15, 0x1c000000     x15=1c000000
14180759ns          247690 1c0087a2 01c7a783 lw               x15, 28(x15)        x15=3fc90fdb x15:1c000000  PA:1c00001c
14181077ns          247706 1c0087a6 a0f517d3 flt.s            x15, f10, f15       x15=00000000 f10:4058e0e4 f15:3fc90fdb
14181097ns          247707 1c0087aa 02079563 bne              x15, x0, 42         x15:00000000
14181117ns          247708 1c0087ac 1c0007b7 lui              x15, 0x1c000000     x15=1c000000
14181136ns          247709 1c0087b0 1007a783 lw               x15, 256(x15)       x15=40490fdb x15:1c000000  PA:1c000100
14181494ns          247727 1c0087b4 a0f51753 flt.s            x14, f10, f15       x14=00000000 f10:4058e0e4 f15:40490fdb
14181514ns          247728 1c0087b8 06071f63 bne              x14, x0, 126        x14:00000000
14181534ns          247729 1c0087ba 1c000737 lui              x14, 0x1c000000     x14=1c000000
14181554ns          247730 1c0087be 14072703 lw               x14, 320(x14)       x14=4096cbe4 x14:1c000000  PA:1c000140
14181892ns          247747 1c0087c2 a0e51753 flt.s            x14, f10, f14       x14=00000001 f10:4058e0e4 f14:4096cbe4
14181912ns          247748 1c0087c6 0a071b63 bne              x14, x0, 182        x14:00000001
14181972ns          247751 1c00887c 08f57553 fsub.s           f10, f10, f15       f10=xxxxxxxx f10:4058e0e4 f15:40490fdb
14181992ns          247752 1c008880 fbbff06f jal              x0, -70            
14182051ns          247755 1c00883a 10a57553 fmul.s           f10, f10, f10       f10=xxxxxxxx f10:3e7d1090 f10:3e7d1090
14182071ns          247756 1c00883e 1c0007b7 lui              x15, 0x1c000000     x15=1c000000
14182091ns          247757 1c008842 1c000737 lui              x14, 0x1c000000     x14=1c000000
14182111ns          247758 1c008846 13472703 lw               x14, 308(x14)       x14=bab59551 x14:1c000000  PA:1c000134
14182409ns          247773 1c00884a 1307a783 lw               x15, 304(x15)       x15=37c23ab1 x15:1c000000  PA:1c000130
14182748ns          247790 1c00884e 70f577c3 fmadd.s          f15, f10, f15, f14  f15=xxxxxxxx f10:3d7a29be f15:37c23ab1 f14:bab59551
14182767ns          247791 1c008852 1c000737 lui              x14, 0x1c000000     x14=1c000000
14182787ns          247792 1c008856 13872703 lw               x14, 312(x14)       x14=3d2aa76f x14:1c000000  PA:1c000138
14183126ns          247809 1c00885a 70f577c3 fmadd.s          f15, f10, f15, f14  f15=xxxxxxxx f10:3d7a29be f15:bab565de f14:3d2aa76f
14183145ns          247810 1c00885e 1c000737 lui              x14, 0x1c000000     x14=1c000000
14183165ns          247811 1c008862 13c72703 lw               x14, 316(x14)       x14=beffffe0 x14:1c000000  PA:1c00013c
14183484ns          247827 1c008866 70f577c3 fmadd.s          f15, f10, f15, f14  f15=xxxxxxxx f10:3d7a29be f15:3d2a4ecd f14:beffffe0
14183503ns          247828 1c00886a 1c000737 lui              x14, 0x1c000000     x14=1c000000
14183523ns          247829 1c00886e 16872703 lw               x14, 360(x14)       x14=3f7fffff x14:1c000000  PA:1c000168
14183842ns          247845 1c008872 70f57543 fmadd.s          f10, f10, f15, f14  f10=xxxxxxxx f10:3d7a29be f15:befeb307 f14:3f7fffff
14183861ns          247846 1c008876 20a51553 fsgnjn.s         f10, f10, f10       f10=xxxxxxxx f10:3f7838dc f10:3f7838dc
14183881ns          247847 1c00887a 00008067 jalr             x0, x1, 0            x1:1c0081de
14183941ns          247850 1c0081de 016a7a53 fadd.s           f20, f20, f22       f20=xxxxxxxx f20:409eb469 f22:3eaaa273
14183961ns          247851 1c0081e2 10acf553 fmul.s           f10, f25, f10       f10=xxxxxxxx f25:3f800000 f10:bf7838dc
14183981ns          247852 1c0081e6 a14a97d3 flt.s            x15, f21, f20       x15=00000000 f21:40c90fdb f20:40a95e90
14184001ns          247853 1c0081ea 00a4222b p.sw             x10, 4(x8!)          x8=100016a8 x10:bf7838dc  x8:100016a4  PA:100016a4
14184021ns          247854 1c0081ee 00078363 beq              x15, x0, 6          x15:00000000
14184080ns          247857 1c0081f4 ff7412e3 bne              x8, x23, -28         x8:100016a8 x23:100017c8
14184140ns          247860 1c0081d8 094c7553 fsub.s           f10, f24, f20       f10=xxxxxxxx f24:3fc90fdb f20:40a95e90
14184160ns          247861 1c0081dc 57c000ef jal              x1, 1404             x1=1c0081de
14184200ns          247863 1c008758 a0a527d3 feq.s            x15, f10, f10       x15=00000001 f10:c06e3532 f10:c06e3532
14184220ns          247864 1c00875c 0a078b63 beq              x15, x0, 182        x15:00000001
14184239ns          247865 1c00875e e00517d3 fclass.s         x15, f10            x15=00000002 f10:c06e3532
14184259ns          247866 1c008762 0817f793 andi             x15, x15, 129       x15=00000000 x15:00000002
14184279ns          247867 1c008766 0a079663 bne              x15, x0, 172        x15:00000000
14184299ns          247868 1c008768 00000793 addi             x15, x0, 0          x15=00000000
14184319ns          247869 1c00876c a0f517d3 flt.s            x15, f10, f15       x15=00000001 f10:c06e3532 f15:00000000
14184339ns          247870 1c008770 0a079663 bne              x15, x0, 172        x15:00000001
14184399ns          247873 1c00881c 1c0007b7 lui              x15, 0x1c000000     x15=1c000000
14184418ns          247874 1c008820 12c7a783 lw               x15, 300(x15)       x15=c0c90fdb x15:1c000000  PA:1c00012c
14184737ns          247890 1c008824 a0f517d3 flt.s            x15, f10, f15       x15=00000000 f10:c06e3532 f15:c0c90fdb
14184757ns          247891 1c008828 00078463 beq              x15, x0, 8          x15:00000000
14184816ns          247894 1c008830 20a51553 fsgnjn.s         f10, f10, f10       f10=xxxxxxxx f10:c06e3532 f10:c06e3532
14184836ns          247895 1c008834 f6bff06f jal              x0, -150           
14184896ns          247898 1c00879e 1c0007b7 lui              x15, 0x1c000000     x15=1c000000
14184916ns          247899 1c0087a2 01c7a783 lw               x15, 28(x15)        x15=3fc90fdb x15:1c000000  PA:1c00001c
14185234ns          247915 1c0087a6 a0f517d3 flt.s            x15, f10, f15       x15=00000000 f10:406e3532 f15:3fc90fdb
14185254ns          247916 1c0087aa 02079563 bne              x15, x0, 42         x15:00000000
14185274ns          247917 1c0087ac 1c0007b7 lui              x15, 0x1c000000     x15=1c000000
14185294ns          247918 1c0087b0 1007a783 lw               x15, 256(x15)       x15=40490fdb x15:1c000000  PA:1c000100
14185632ns          247935 1c0087b4 a0f51753 flt.s            x14, f10, f15       x14=00000000 f10:406e3532 f15:40490fdb
14185652ns          247936 1c0087b8 06071f63 bne              x14, x0, 126        x14:00000000
14185672ns          247937 1c0087ba 1c000737 lui              x14, 0x1c000000     x14=1c000000
14185691ns          247938 1c0087be 14072703 lw               x14, 320(x14)       x14=4096cbe4 x14:1c000000  PA:1c000140
14186010ns          247954 1c0087c2 a0e51753 flt.s            x14, f10, f14       x14=00000001 f10:406e3532 f14:4096cbe4
14186030ns          247955 1c0087c6 0a071b63 bne              x14, x0, 182        x14:00000001
14186089ns          247958 1c00887c 08f57553 fsub.s           f10, f10, f15       f10=xxxxxxxx f10:406e3532 f15:40490fdb
14186109ns          247959 1c008880 fbbff06f jal              x0, -70            
14186169ns          247962 1c00883a 10a57553 fmul.s           f10, f10, f10       f10=xxxxxxxx f10:3f14955c f10:3f14955c
14186189ns          247963 1c00883e 1c0007b7 lui              x15, 0x1c000000     x15=1c000000
14186209ns          247964 1c008842 1c000737 lui              x14, 0x1c000000     x14=1c000000
14186228ns          247965 1c008846 13472703 lw               x14, 308(x14)       x14=bab59551 x14:1c000000  PA:1c000134
14186527ns          247980 1c00884a 1307a783 lw               x15, 304(x15)       x15=37c23ab1 x15:1c000000  PA:1c000130
14186865ns          247997 1c00884e 70f577c3 fmadd.s          f15, f10, f15, f14  f15=xxxxxxxx f10:3eac7a13 f15:37c23ab1 f14:bab59551
14186885ns          247998 1c008852 1c000737 lui              x14, 0x1c000000     x14=1c000000
14186905ns          247999 1c008856 13872703 lw               x14, 312(x14)       x14=3d2aa76f x14:1c000000  PA:1c000138
14187223ns          248015 1c00885a 70f577c3 fmadd.s          f15, f10, f15, f14  f15=xxxxxxxx f10:3eac7a13 f15:bab48f99 f14:3d2aa76f
14187243ns          248016 1c00885e 1c000737 lui              x14, 0x1c000000     x14=1c000000
14187263ns          248017 1c008862 13c72703 lw               x14, 316(x14)       x14=beffffe0 x14:1c000000  PA:1c00013c
14187581ns          248033 1c008866 70f577c3 fmadd.s          f15, f10, f15, f14  f15=xxxxxxxx f10:3eac7a13 f15:3d28c0d5 f14:beffffe0
14187601ns          248034 1c00886a 1c000737 lui              x14, 0x1c000000     x14=1c000000
14187621ns          248035 1c00886e 16872703 lw               x14, 360(x14)       x14=3f7fffff x14:1c000000  PA:1c000168
14187979ns          248053 1c008872 70f57543 fmadd.s          f10, f10, f15, f14  f10=xxxxxxxx f10:3eac7a13 f15:bef8e4c0 f14:3f7fffff
14187999ns          248054 1c008876 20a51553 fsgnjn.s         f10, f10, f10       f10=xxxxxxxx f10:3f5613e7 f10:3f5613e7
14188019ns          248055 1c00887a 00008067 jalr             x0, x1, 0            x1:1c0081de
14188078ns          248058 1c0081de 016a7a53 fadd.s           f20, f20, f22       f20=xxxxxxxx f20:40a95e90 f22:3eaaa273
14188098ns          248059 1c0081e2 10acf553 fmul.s           f10, f25, f10       f10=xxxxxxxx f25:3f800000 f10:bf5613e7
14188118ns          248060 1c0081e6 a14a97d3 flt.s            x15, f21, f20       x15=00000000 f21:40c90fdb f20:40b408b7
14188138ns          248061 1c0081ea 00a4222b p.sw             x10, 4(x8!)          x8=100016ac x10:bf5613e7  x8:100016a8  PA:100016a8
14188158ns          248062 1c0081ee 00078363 beq              x15, x0, 6          x15:00000000
14188218ns          248065 1c0081f4 ff7412e3 bne              x8, x23, -28         x8:100016ac x23:100017c8
14188277ns          248068 1c0081d8 094c7553 fsub.s           f10, f24, f20       f10=xxxxxxxx f24:3fc90fdb f20:40b408b7
14188297ns          248069 1c0081dc 57c000ef jal              x1, 1404             x1=1c0081de
14188337ns          248071 1c008758 a0a527d3 feq.s            x15, f10, f10       x15=00000001 f10:c081c4c0 f10:c081c4c0
14188357ns          248072 1c00875c 0a078b63 beq              x15, x0, 182        x15:00000001
14188377ns          248073 1c00875e e00517d3 fclass.s         x15, f10            x15=00000002 f10:c081c4c0
14188397ns          248074 1c008762 0817f793 andi             x15, x15, 129       x15=00000000 x15:00000002
14188416ns          248075 1c008766 0a079663 bne              x15, x0, 172        x15:00000000
14188436ns          248076 1c008768 00000793 addi             x15, x0, 0          x15=00000000
14188456ns          248077 1c00876c a0f517d3 flt.s            x15, f10, f15       x15=00000001 f10:c081c4c0 f15:00000000
14188476ns          248078 1c008770 0a079663 bne              x15, x0, 172        x15:00000001
14188536ns          248081 1c00881c 1c0007b7 lui              x15, 0x1c000000     x15=1c000000
14188556ns          248082 1c008820 12c7a783 lw               x15, 300(x15)       x15=c0c90fdb x15:1c000000  PA:1c00012c
14188874ns          248098 1c008824 a0f517d3 flt.s            x15, f10, f15       x15=00000000 f10:c081c4c0 f15:c0c90fdb
14188894ns          248099 1c008828 00078463 beq              x15, x0, 8          x15:00000000
14188954ns          248102 1c008830 20a51553 fsgnjn.s         f10, f10, f10       f10=xxxxxxxx f10:c081c4c0 f10:c081c4c0
14188973ns          248103 1c008834 f6bff06f jal              x0, -150           
14189033ns          248106 1c00879e 1c0007b7 lui              x15, 0x1c000000     x15=1c000000
14189053ns          248107 1c0087a2 01c7a783 lw               x15, 28(x15)        x15=3fc90fdb x15:1c000000  PA:1c00001c
14189391ns          248124 1c0087a6 a0f517d3 flt.s            x15, f10, f15       x15=00000000 f10:4081c4c0 f15:3fc90fdb
14189411ns          248125 1c0087aa 02079563 bne              x15, x0, 42         x15:00000000
14189431ns          248126 1c0087ac 1c0007b7 lui              x15, 0x1c000000     x15=1c000000
14189451ns          248127 1c0087b0 1007a783 lw               x15, 256(x15)       x15=40490fdb x15:1c000000  PA:1c000100
14189769ns          248143 1c0087b4 a0f51753 flt.s            x14, f10, f15       x14=00000000 f10:4081c4c0 f15:40490fdb
14189789ns          248144 1c0087b8 06071f63 bne              x14, x0, 126        x14:00000000
14189809ns          248145 1c0087ba 1c000737 lui              x14, 0x1c000000     x14=1c000000
14189829ns          248146 1c0087be 14072703 lw               x14, 320(x14)       x14=4096cbe4 x14:1c000000  PA:1c000140
14190167ns          248163 1c0087c2 a0e51753 flt.s            x14, f10, f14       x14=00000001 f10:4081c4c0 f14:4096cbe4
14190187ns          248164 1c0087c6 0a071b63 bne              x14, x0, 182        x14:00000001
14190246ns          248167 1c00887c 08f57553 fsub.s           f10, f10, f15       f10=xxxxxxxx f10:4081c4c0 f15:40490fdb
14190266ns          248168 1c008880 fbbff06f jal              x0, -70            
14190326ns          248171 1c00883a 10a57553 fmul.s           f10, f10, f10       f10=xxxxxxxx f10:3f69e694 f10:3f69e694
14190346ns          248172 1c00883e 1c0007b7 lui              x15, 0x1c000000     x15=1c000000
14190366ns          248173 1c008842 1c000737 lui              x14, 0x1c000000     x14=1c000000
14190386ns          248174 1c008846 13472703 lw               x14, 308(x14)       x14=bab59551 x14:1c000000  PA:1c000134
14190724ns          248191 1c00884a 1307a783 lw               x15, 304(x15)       x15=37c23ab1 x15:1c000000  PA:1c000130
14191042ns          248207 1c00884e 70f577c3 fmadd.s          f15, f10, f15, f14  f15=xxxxxxxx f10:3f55b589 f15:37c23ab1 f14:bab59551
14191062ns          248208 1c008852 1c000737 lui              x14, 0x1c000000     x14=1c000000
14191082ns          248209 1c008856 13872703 lw               x14, 312(x14)       x14=3d2aa76f x14:1c000000  PA:1c000138
14191400ns          248225 1c00885a 70f577c3 fmadd.s          f15, f10, f15, f14  f15=xxxxxxxx f10:3f55b589 f15:bab30cbf f14:3d2aa76f
14191420ns          248226 1c00885e 1c000737 lui              x14, 0x1c000000     x14=1c000000
14191440ns          248227 1c008862 13c72703 lw               x14, 316(x14)       x14=beffffe0 x14:1c000000  PA:1c00013c
14191758ns          248243 1c008866 70f577c3 fmadd.s          f15, f10, f15, f14  f15=xxxxxxxx f10:3f55b589 f15:3d25fbaa f14:beffffe0
14191778ns          248244 1c00886a 1c000737 lui              x14, 0x1c000000     x14=1c000000
14191798ns          248245 1c00886e 16872703 lw               x14, 360(x14)       x14=3f7fffff x14:1c000000  PA:1c000168
14192116ns          248261 1c008872 70f57543 fmadd.s          f10, f10, f15, f14  f10=xxxxxxxx f10:3f55b589 f15:beeeaddd f14:3f7fffff
14192136ns          248262 1c008876 20a51553 fsgnjn.s         f10, f10, f10       f10=xxxxxxxx f10:3f1c600a f10:3f1c600a
14192156ns          248263 1c00887a 00008067 jalr             x0, x1, 0            x1:1c0081de
14192216ns          248266 1c0081de 016a7a53 fadd.s           f20, f20, f22       f20=xxxxxxxx f20:40b408b7 f22:3eaaa273
14192235ns          248267 1c0081e2 10acf553 fmul.s           f10, f25, f10       f10=xxxxxxxx f25:3f800000 f10:bf1c600a
14192255ns          248268 1c0081e6 a14a97d3 flt.s            x15, f21, f20       x15=00000000 f21:40c90fdb f20:40beb2de
14192275ns          248269 1c0081ea 00a4222b p.sw             x10, 4(x8!)          x8=100016b0 x10:bf1c600a  x8:100016ac  PA:100016ac
14192295ns          248270 1c0081ee 00078363 beq              x15, x0, 6          x15:00000000
14192355ns          248273 1c0081f4 ff7412e3 bne              x8, x23, -28         x8:100016b0 x23:100017c8
14192415ns          248276 1c0081d8 094c7553 fsub.s           f10, f24, f20       f10=xxxxxxxx f24:3fc90fdb f20:40beb2de
14192434ns          248277 1c0081dc 57c000ef jal              x1, 1404             x1=1c0081de
14192474ns          248279 1c008758 a0a527d3 feq.s            x15, f10, f10       x15=00000001 f10:c08c6ee7 f10:c08c6ee7
14192494ns          248280 1c00875c 0a078b63 beq              x15, x0, 182        x15:00000001
14192514ns          248281 1c00875e e00517d3 fclass.s         x15, f10            x15=00000002 f10:c08c6ee7
14192534ns          248282 1c008762 0817f793 andi             x15, x15, 129       x15=00000000 x15:00000002
14192554ns          248283 1c008766 0a079663 bne              x15, x0, 172        x15:00000000
14192574ns          248284 1c008768 00000793 addi             x15, x0, 0          x15=00000000
14192594ns          248285 1c00876c a0f517d3 flt.s            x15, f10, f15       x15=00000001 f10:c08c6ee7 f15:00000000
14192613ns          248286 1c008770 0a079663 bne              x15, x0, 172        x15:00000001
14192673ns          248289 1c00881c 1c0007b7 lui              x15, 0x1c000000     x15=1c000000
14192693ns          248290 1c008820 12c7a783 lw               x15, 300(x15)       x15=c0c90fdb x15:1c000000  PA:1c00012c
14193011ns          248306 1c008824 a0f517d3 flt.s            x15, f10, f15       x15=00000000 f10:c08c6ee7 f15:c0c90fdb
14193031ns          248307 1c008828 00078463 beq              x15, x0, 8          x15:00000000
14193091ns          248310 1c008830 20a51553 fsgnjn.s         f10, f10, f10       f10=xxxxxxxx f10:c08c6ee7 f10:c08c6ee7
14193111ns          248311 1c008834 f6bff06f jal              x0, -150           
14193170ns          248314 1c00879e 1c0007b7 lui              x15, 0x1c000000     x15=1c000000
14193190ns          248315 1c0087a2 01c7a783 lw               x15, 28(x15)        x15=3fc90fdb x15:1c000000  PA:1c00001c
14193528ns          248332 1c0087a6 a0f517d3 flt.s            x15, f10, f15       x15=00000000 f10:408c6ee7 f15:3fc90fdb
14193548ns          248333 1c0087aa 02079563 bne              x15, x0, 42         x15:00000000
14193568ns          248334 1c0087ac 1c0007b7 lui              x15, 0x1c000000     x15=1c000000
14193588ns          248335 1c0087b0 1007a783 lw               x15, 256(x15)       x15=40490fdb x15:1c000000  PA:1c000100
14193906ns          248351 1c0087b4 a0f51753 flt.s            x14, f10, f15       x14=00000000 f10:408c6ee7 f15:40490fdb
14193926ns          248352 1c0087b8 06071f63 bne              x14, x0, 126        x14:00000000
14193946ns          248353 1c0087ba 1c000737 lui              x14, 0x1c000000     x14=1c000000
14193966ns          248354 1c0087be 14072703 lw               x14, 320(x14)       x14=4096cbe4 x14:1c000000  PA:1c000140
14194304ns          248371 1c0087c2 a0e51753 flt.s            x14, f10, f14       x14=00000001 f10:408c6ee7 f14:4096cbe4
14194324ns          248372 1c0087c6 0a071b63 bne              x14, x0, 182        x14:00000001
14194384ns          248375 1c00887c 08f57553 fsub.s           f10, f10, f15       f10=xxxxxxxx f10:408c6ee7 f15:40490fdb
14194404ns          248376 1c008880 fbbff06f jal              x0, -70            
14194463ns          248379 1c00883a 10a57553 fmul.s           f10, f10, f10       f10=xxxxxxxx f10:3f9f9be6 f10:3f9f9be6
14194483ns          248380 1c00883e 1c0007b7 lui              x15, 0x1c000000     x15=1c000000
14194503ns          248381 1c008842 1c000737 lui              x14, 0x1c000000     x14=1c000000
14194523ns          248382 1c008846 13472703 lw               x14, 308(x14)       x14=bab59551 x14:1c000000  PA:1c000134
14194821ns          248397 1c00884a 1307a783 lw               x15, 304(x15)       x15=37c23ab1 x15:1c000000  PA:1c000130
14195140ns          248413 1c00884e 70f577c3 fmadd.s          f15, f10, f15, f14  f15=xxxxxxxx f10:3fc7060d f15:37c23ab1 f14:bab59551
14195159ns          248414 1c008852 1c000737 lui              x14, 0x1c000000     x14=1c000000
14195179ns          248415 1c008856 13872703 lw               x14, 312(x14)       x14=3d2aa76f x14:1c000000  PA:1c000138
14195498ns          248431 1c00885a 70f577c3 fmadd.s          f15, f10, f15, f14  f15=xxxxxxxx f10:3fc7060d f15:bab0dd4f f14:3d2aa76f
14195517ns          248432 1c00885e 1c000737 lui              x14, 0x1c000000     x14=1c000000
14195537ns          248433 1c008862 13c72703 lw               x14, 316(x14)       x14=beffffe0 x14:1c000000  PA:1c00013c
14195875ns          248450 1c008866 70f577c3 fmadd.s          f15, f10, f15, f14  f15=xxxxxxxx f10:3fc7060d f15:3d220f6c f14:beffffe0
14195895ns          248451 1c00886a 1c000737 lui              x14, 0x1c000000     x14=1c000000
14195915ns          248452 1c00886e 16872703 lw               x14, 360(x14)       x14=3f7fffff x14:1c000000  PA:1c000168
14196234ns          248468 1c008872 70f57543 fmadd.s          f10, f10, f15, f14  f10=xxxxxxxx f10:3fc7060d f15:bee0806c f14:3f7fffff
14196253ns          248469 1c008876 20a51553 fsgnjn.s         f10, f10, f10       f10=xxxxxxxx f10:3ea2edb9 f10:3ea2edb9
14196273ns          248470 1c00887a 00008067 jalr             x0, x1, 0            x1:1c0081de
14196333ns          248473 1c0081de 016a7a53 fadd.s           f20, f20, f22       f20=xxxxxxxx f20:40beb2de f22:3eaaa273
14196353ns          248474 1c0081e2 10acf553 fmul.s           f10, f25, f10       f10=xxxxxxxx f25:3f800000 f10:bea2edb9
14196373ns          248475 1c0081e6 a14a97d3 flt.s            x15, f21, f20       x15=00000001 f21:40c90fdb f20:40c95d05
14196393ns          248476 1c0081ea 00a4222b p.sw             x10, 4(x8!)          x8=100016b4 x10:bea2edb9  x8:100016b0  PA:100016b0
14196413ns          248477 1c0081ee 00078363 beq              x15, x0, 6          x15:00000001
14196432ns          248478 1c0081f0 095a7a53 fsub.s           f20, f20, f21       f20=xxxxxxxx f20:40c95d05 f21:40c90fdb
14196452ns          248479 1c0081f4 ff7412e3 bne              x8, x23, -28         x8:100016b4 x23:100017c8
14196512ns          248482 1c0081d8 094c7553 fsub.s           f10, f24, f20       f10=xxxxxxxx f24:3fc90fdb f20:3c1a5400
14196532ns          248483 1c0081dc 57c000ef jal              x1, 1404             x1=1c0081de
14196572ns          248485 1c008758 a0a527d3 feq.s            x15, f10, f10       x15=00000001 f10:3fc7db33 f10:3fc7db33
14196592ns          248486 1c00875c 0a078b63 beq              x15, x0, 182        x15:00000001
14196611ns          248487 1c00875e e00517d3 fclass.s         x15, f10            x15=00000040 f10:3fc7db33
14196631ns          248488 1c008762 0817f793 andi             x15, x15, 129       x15=00000000 x15:00000040
14196651ns          248489 1c008766 0a079663 bne              x15, x0, 172        x15:00000000
14196671ns          248490 1c008768 00000793 addi             x15, x0, 0          x15=00000000
14196691ns          248491 1c00876c a0f517d3 flt.s            x15, f10, f15       x15=00000000 f10:3fc7db33 f15:00000000
14196711ns          248492 1c008770 0a079663 bne              x15, x0, 172        x15:00000000
14196731ns          248493 1c008772 1c000737 lui              x14, 0x1c000000     x14=1c000000
14196751ns          248494 1c008776 02072783 lw               x15, 32(x14)        x15=40c90fdb x14:1c000000  PA:1c000020
14197089ns          248511 1c00877a a0a797d3 flt.s            x15, f15, f10       x15=00000000 f15:40c90fdb f10:3fc7db33
14197109ns          248512 1c00877e 00078b63 beq              x15, x0, 22         x15:00000000
14197168ns          248515 1c008794 00000793 addi             x15, x0, 0          x15=00000000
14197188ns          248516 1c008798 a0f517d3 flt.s            x15, f10, f15       x15=00000000 f10:3fc7db33 f15:00000000
14197208ns          248517 1c00879c 08079a63 bne              x15, x0, 148        x15:00000000
14197228ns          248518 1c00879e 1c0007b7 lui              x15, 0x1c000000     x15=1c000000
14197248ns          248519 1c0087a2 01c7a783 lw               x15, 28(x15)        x15=3fc90fdb x15:1c000000  PA:1c00001c
14197566ns          248535 1c0087a6 a0f517d3 flt.s            x15, f10, f15       x15=00000001 f10:3fc7db33 f15:3fc90fdb
14197586ns          248536 1c0087aa 02079563 bne              x15, x0, 42         x15:00000001
14197646ns          248539 1c0087d4 10a57553 fmul.s           f10, f10, f10       f10=xxxxxxxx f10:3fc7db33 f10:3fc7db33
14197666ns          248540 1c0087d8 1c0007b7 lui              x15, 0x1c000000     x15=1c000000
14197686ns          248541 1c0087dc 1c000737 lui              x14, 0x1c000000     x14=1c000000
14197705ns          248542 1c0087e0 13472703 lw               x14, 308(x14)       x14=bab59551 x14:1c000000  PA:1c000134
14198024ns          248558 1c0087e4 1307a783 lw               x15, 304(x15)       x15=37c23ab1 x15:1c000000  PA:1c000130
14198342ns          248574 1c0087e8 70f577c3 fmadd.s          f15, f10, f15, f14  f15=xxxxxxxx f10:401c0685 f15:37c23ab1 f14:bab59551
14198362ns          248575 1c0087ec 1c000737 lui              x14, 0x1c000000     x14=1c000000
14198382ns          248576 1c0087f0 13872703 lw               x14, 312(x14)       x14=3d2aa76f x14:1c000000  PA:1c000138
14198720ns          248593 1c0087f4 70f577c3 fmadd.s          f15, f10, f15, f14  f15=xxxxxxxx f10:401c0685 f15:baae2f46 f14:3d2aa76f
14198740ns          248594 1c0087f8 1c000737 lui              x14, 0x1c000000     x14=1c000000
14198760ns          248595 1c0087fc 13c72703 lw               x14, 316(x14)       x14=beffffe0 x14:1c000000  PA:1c00013c
14199078ns          248611 1c008800 70f577c3 fmadd.s          f15, f10, f15, f14  f15=xxxxxxxx f10:401c0685 f15:3d1d6247 f14:beffffe0
14199098ns          248612 1c008804 1c000737 lui              x14, 0x1c000000     x14=1c000000
14199118ns          248613 1c008808 16872703 lw               x14, 360(x14)       x14=3f7fffff x14:1c000000  PA:1c000168
14199436ns          248629 1c00880c 70f57543 fmadd.s          f10, f10, f15, f14  f10=xxxxxxxx f10:401c0685 f15:bed009ed f14:3f7fffff
14199456ns          248630 1c008810 00008067 jalr             x0, x1, 0            x1:1c0081de
14199516ns          248633 1c0081de 016a7a53 fadd.s           f20, f20, f22       f20=xxxxxxxx f20:3c1a5400 f22:3eaaa273
14199535ns          248634 1c0081e2 10acf553 fmul.s           f10, f25, f10       f10=xxxxxxxx f25:3f800000 f10:3c1a5362
14199555ns          248635 1c0081e6 a14a97d3 flt.s            x15, f21, f20       x15=00000000 f21:40c90fdb f20:3eaf7513
14199575ns          248636 1c0081ea 00a4222b p.sw             x10, 4(x8!)          x8=100016b8 x10:3c1a5362  x8:100016b4  PA:100016b4
14199595ns          248637 1c0081ee 00078363 beq              x15, x0, 6          x15:00000000
14199655ns          248640 1c0081f4 ff7412e3 bne              x8, x23, -28         x8:100016b8 x23:100017c8
14199714ns          248643 1c0081d8 094c7553 fsub.s           f10, f24, f20       f10=xxxxxxxx f24:3fc90fdb f20:3eaf7513
14199734ns          248644 1c0081dc 57c000ef jal              x1, 1404             x1=1c0081de
14199774ns          248646 1c008758 a0a527d3 feq.s            x15, f10, f10       x15=00000001 f10:3f9d3296 f10:3f9d3296
14199794ns          248647 1c00875c 0a078b63 beq              x15, x0, 182        x15:00000001
14199814ns          248648 1c00875e e00517d3 fclass.s         x15, f10            x15=00000040 f10:3f9d3296
14199834ns          248649 1c008762 0817f793 andi             x15, x15, 129       x15=00000000 x15:00000040
14199854ns          248650 1c008766 0a079663 bne              x15, x0, 172        x15:00000000
14199874ns          248651 1c008768 00000793 addi             x15, x0, 0          x15=00000000
14199893ns          248652 1c00876c a0f517d3 flt.s            x15, f10, f15       x15=00000000 f10:3f9d3296 f15:00000000
14199913ns          248653 1c008770 0a079663 bne              x15, x0, 172        x15:00000000
14199933ns          248654 1c008772 1c000737 lui              x14, 0x1c000000     x14=1c000000
14199953ns          248655 1c008776 02072783 lw               x15, 32(x14)        x15=40c90fdb x14:1c000000  PA:1c000020
14200351ns          248675 1c00877a a0a797d3 flt.s            x15, f15, f10       x15=00000000 f15:40c90fdb f10:3f9d3296
14200371ns          248676 1c00877e 00078b63 beq              x15, x0, 22         x15:00000000
14200430ns          248679 1c008794 00000793 addi             x15, x0, 0          x15=00000000
14200450ns          248680 1c008798 a0f517d3 flt.s            x15, f10, f15       x15=00000000 f10:3f9d3296 f15:00000000
14200470ns          248681 1c00879c 08079a63 bne              x15, x0, 148        x15:00000000
14200490ns          248682 1c00879e 1c0007b7 lui              x15, 0x1c000000     x15=1c000000
14200510ns          248683 1c0087a2 01c7a783 lw               x15, 28(x15)        x15=3fc90fdb x15:1c000000  PA:1c00001c
14200828ns          248699 1c0087a6 a0f517d3 flt.s            x15, f10, f15       x15=00000001 f10:3f9d3296 f15:3fc90fdb
14200848ns          248700 1c0087aa 02079563 bne              x15, x0, 42         x15:00000001
14200908ns          248703 1c0087d4 10a57553 fmul.s           f10, f10, f10       f10=xxxxxxxx f10:3f9d3296 f10:3f9d3296
14200928ns          248704 1c0087d8 1c0007b7 lui              x15, 0x1c000000     x15=1c000000
14200948ns          248705 1c0087dc 1c000737 lui              x14, 0x1c000000     x14=1c000000
14200968ns          248706 1c0087e0 13472703 lw               x14, 308(x14)       x14=bab59551 x14:1c000000  PA:1c000134
14201326ns          248724 1c0087e4 1307a783 lw               x15, 304(x15)       x15=37c23ab1 x15:1c000000  PA:1c000130
14201644ns          248740 1c0087e8 70f577c3 fmadd.s          f15, f10, f15, f14  f15=xxxxxxxx f10:3fc10e2c f15:37c23ab1 f14:bab59551
14201664ns          248741 1c0087ec 1c000737 lui              x14, 0x1c000000     x14=1c000000
14201684ns          248742 1c0087f0 13872703 lw               x14, 312(x14)       x14=3d2aa76f x14:1c000000  PA:1c000138
14202022ns          248759 1c0087f4 70f577c3 fmadd.s          f15, f10, f15, f14  f15=xxxxxxxx f10:3fc10e2c f15:bab10189 f14:3d2aa76f
14202042ns          248760 1c0087f8 1c000737 lui              x14, 0x1c000000     x14=1c000000
14202062ns          248761 1c0087fc 13c72703 lw               x14, 316(x14)       x14=beffffe0 x14:1c000000  PA:1c00013c
14202380ns          248777 1c008800 70f577c3 fmadd.s          f15, f10, f15, f14  f15=xxxxxxxx f10:3fc10e2c f15:3d224fb0 f14:beffffe0
14202400ns          248778 1c008804 1c000737 lui              x14, 0x1c000000     x14=1c000000
14202420ns          248779 1c008808 16872703 lw               x14, 360(x14)       x14=3f7fffff x14:1c000000  PA:1c000168
14202738ns          248795 1c00880c 70f57543 fmadd.s          f10, f10, f15, f14  f10=xxxxxxxx f10:3fc10e2c f15:bee1661c f14:3f7fffff
14202758ns          248796 1c008810 00008067 jalr             x0, x1, 0            x1:1c0081de
14202817ns          248799 1c0081de 016a7a53 fadd.s           f20, f20, f22       f20=xxxxxxxx f20:3eaf7513 f22:3eaaa273
14202837ns          248800 1c0081e2 10acf553 fmul.s           f10, f25, f10       f10=xxxxxxxx f25:3f800000 f10:3eac0b13
14202857ns          248801 1c0081e6 a14a97d3 flt.s            x15, f21, f20       x15=00000000 f21:40c90fdb f20:3f2d0bc3
14202877ns          248802 1c0081ea 00a4222b p.sw             x10, 4(x8!)          x8=100016bc x10:3eac0b13  x8:100016b8  PA:100016b8
14202897ns          248803 1c0081ee 00078363 beq              x15, x0, 6          x15:00000000
14202957ns          248806 1c0081f4 ff7412e3 bne              x8, x23, -28         x8:100016bc x23:100017c8
14203016ns          248809 1c0081d8 094c7553 fsub.s           f10, f24, f20       f10=xxxxxxxx f24:3fc90fdb f20:3f2d0bc3
14203036ns          248810 1c0081dc 57c000ef jal              x1, 1404             x1=1c0081de
14203076ns          248812 1c008758 a0a527d3 feq.s            x15, f10, f10       x15=00000001 f10:3f6513f3 f10:3f6513f3
14203096ns          248813 1c00875c 0a078b63 beq              x15, x0, 182        x15:00000001
14203116ns          248814 1c00875e e00517d3 fclass.s         x15, f10            x15=00000040 f10:3f6513f3
14203136ns          248815 1c008762 0817f793 andi             x15, x15, 129       x15=00000000 x15:00000040
14203156ns          248816 1c008766 0a079663 bne              x15, x0, 172        x15:00000000
14203175ns          248817 1c008768 00000793 addi             x15, x0, 0          x15=00000000
14203195ns          248818 1c00876c a0f517d3 flt.s            x15, f10, f15       x15=00000000 f10:3f6513f3 f15:00000000
14203215ns          248819 1c008770 0a079663 bne              x15, x0, 172        x15:00000000
14203235ns          248820 1c008772 1c000737 lui              x14, 0x1c000000     x14=1c000000
14203255ns          248821 1c008776 02072783 lw               x15, 32(x14)        x15=40c90fdb x14:1c000000  PA:1c000020
14203573ns          248837 1c00877a a0a797d3 flt.s            x15, f15, f10       x15=00000000 f15:40c90fdb f10:3f6513f3
14203593ns          248838 1c00877e 00078b63 beq              x15, x0, 22         x15:00000000
14203653ns          248841 1c008794 00000793 addi             x15, x0, 0          x15=00000000
14203673ns          248842 1c008798 a0f517d3 flt.s            x15, f10, f15       x15=00000000 f10:3f6513f3 f15:00000000
14203693ns          248843 1c00879c 08079a63 bne              x15, x0, 148        x15:00000000
14203712ns          248844 1c00879e 1c0007b7 lui              x15, 0x1c000000     x15=1c000000
14203732ns          248845 1c0087a2 01c7a783 lw               x15, 28(x15)        x15=3fc90fdb x15:1c000000  PA:1c00001c
14204070ns          248862 1c0087a6 a0f517d3 flt.s            x15, f10, f15       x15=00000001 f10:3f6513f3 f15:3fc90fdb
14204090ns          248863 1c0087aa 02079563 bne              x15, x0, 42         x15:00000001
14204150ns          248866 1c0087d4 10a57553 fmul.s           f10, f10, f10       f10=xxxxxxxx f10:3f6513f3 f10:3f6513f3
14204170ns          248867 1c0087d8 1c0007b7 lui              x15, 0x1c000000     x15=1c000000
14204190ns          248868 1c0087dc 1c000737 lui              x14, 0x1c000000     x14=1c000000
14204210ns          248869 1c0087e0 13472703 lw               x14, 308(x14)       x14=bab59551 x14:1c000000  PA:1c000134
14204528ns          248885 1c0087e4 1307a783 lw               x15, 304(x15)       x15=37c23ab1 x15:1c000000  PA:1c000130
14204846ns          248901 1c0087e8 70f577c3 fmadd.s          f15, f10, f15, f14  f15=xxxxxxxx f10:3f4cfcb2 f15:37c23ab1 f14:bab59551
14204866ns          248902 1c0087ec 1c000737 lui              x14, 0x1c000000     x14=1c000000
14204886ns          248903 1c0087f0 13872703 lw               x14, 312(x14)       x14=3d2aa76f x14:1c000000  PA:1c000138
14205204ns          248919 1c0087f4 70f577c3 fmadd.s          f15, f10, f15, f14  f15=xxxxxxxx f10:3f4cfcb2 f15:bab32737 f14:3d2aa76f
14205224ns          248920 1c0087f8 1c000737 lui              x14, 0x1c000000     x14=1c000000
14205244ns          248921 1c0087fc 13c72703 lw               x14, 316(x14)       x14=beffffe0 x14:1c000000  PA:1c00013c
14205562ns          248937 1c008800 70f577c3 fmadd.s          f15, f10, f15, f14  f15=xxxxxxxx f10:3f4cfcb2 f15:3d262bce f14:beffffe0
14205582ns          248938 1c008804 1c000737 lui              x14, 0x1c000000     x14=1c000000
14205602ns          248939 1c008808 16872703 lw               x14, 360(x14)       x14=3f7fffff x14:1c000000  PA:1c000168
14205920ns          248955 1c00880c 70f57543 fmadd.s          f10, f10, f15, f14  f10=xxxxxxxx f10:3f4cfcb2 f15:beef5e02 f14:3f7fffff
14205940ns          248956 1c008810 00008067 jalr             x0, x1, 0            x1:1c0081de
14206000ns          248959 1c0081de 016a7a53 fadd.s           f20, f20, f22       f20=xxxxxxxx f20:3f2d0bc3 f22:3eaaa273
14206020ns          248960 1c0081e2 10acf553 fmul.s           f10, f25, f10       f10=xxxxxxxx f25:3f800000 f10:3f202a67
14206040ns          248961 1c0081e6 a14a97d3 flt.s            x15, f21, f20       x15=00000000 f21:40c90fdb f20:3f812e7e
14206060ns          248962 1c0081ea 00a4222b p.sw             x10, 4(x8!)          x8=100016c0 x10:3f202a67  x8:100016bc  PA:100016bc
14206079ns          248963 1c0081ee 00078363 beq              x15, x0, 6          x15:00000000
14206139ns          248966 1c0081f4 ff7412e3 bne              x8, x23, -28         x8:100016c0 x23:100017c8
14206199ns          248969 1c0081d8 094c7553 fsub.s           f10, f24, f20       f10=xxxxxxxx f24:3fc90fdb f20:3f812e7e
14206219ns          248970 1c0081dc 57c000ef jal              x1, 1404             x1=1c0081de
14206258ns          248972 1c008758 a0a527d3 feq.s            x15, f10, f10       x15=00000001 f10:3f0fc2ba f10:3f0fc2ba
14206278ns          248973 1c00875c 0a078b63 beq              x15, x0, 182        x15:00000001
14206298ns          248974 1c00875e e00517d3 fclass.s         x15, f10            x15=00000040 f10:3f0fc2ba
14206318ns          248975 1c008762 0817f793 andi             x15, x15, 129       x15=00000000 x15:00000040
14206338ns          248976 1c008766 0a079663 bne              x15, x0, 172        x15:00000000
14206358ns          248977 1c008768 00000793 addi             x15, x0, 0          x15=00000000
14206378ns          248978 1c00876c a0f517d3 flt.s            x15, f10, f15       x15=00000000 f10:3f0fc2ba f15:00000000
14206398ns          248979 1c008770 0a079663 bne              x15, x0, 172        x15:00000000
14206418ns          248980 1c008772 1c000737 lui              x14, 0x1c000000     x14=1c000000
14206437ns          248981 1c008776 02072783 lw               x15, 32(x14)        x15=40c90fdb x14:1c000000  PA:1c000020
14206776ns          248998 1c00877a a0a797d3 flt.s            x15, f15, f10       x15=00000000 f15:40c90fdb f10:3f0fc2ba
14206796ns          248999 1c00877e 00078b63 beq              x15, x0, 22         x15:00000000
14206855ns          249002 1c008794 00000793 addi             x15, x0, 0          x15=00000000
14206875ns          249003 1c008798 a0f517d3 flt.s            x15, f10, f15       x15=00000000 f10:3f0fc2ba f15:00000000
14206895ns          249004 1c00879c 08079a63 bne              x15, x0, 148        x15:00000000
14206915ns          249005 1c00879e 1c0007b7 lui              x15, 0x1c000000     x15=1c000000
14206935ns          249006 1c0087a2 01c7a783 lw               x15, 28(x15)        x15=3fc90fdb x15:1c000000  PA:1c00001c
14207253ns          249022 1c0087a6 a0f517d3 flt.s            x15, f10, f15       x15=00000001 f10:3f0fc2ba f15:3fc90fdb
14207273ns          249023 1c0087aa 02079563 bne              x15, x0, 42         x15:00000001
14207333ns          249026 1c0087d4 10a57553 fmul.s           f10, f10, f10       f10=xxxxxxxx f10:3f0fc2ba f10:3f0fc2ba
14207352ns          249027 1c0087d8 1c0007b7 lui              x15, 0x1c000000     x15=1c000000
14207372ns          249028 1c0087dc 1c000737 lui              x14, 0x1c000000     x14=1c000000
14207392ns          249029 1c0087e0 13472703 lw               x14, 308(x14)       x14=bab59551 x14:1c000000  PA:1c000134
14207691ns          249044 1c0087e4 1307a783 lw               x15, 304(x15)       x15=37c23ab1 x15:1c000000  PA:1c000130
14208029ns          249061 1c0087e8 70f577c3 fmadd.s          f15, f10, f15, f14  f15=xxxxxxxx f10:3ea17640 f15:37c23ab1 f14:bab59551
14208049ns          249062 1c0087ec 1c000737 lui              x14, 0x1c000000     x14=1c000000
14208069ns          249063 1c0087f0 13872703 lw               x14, 312(x14)       x14=3d2aa76f x14:1c000000  PA:1c000138
14208387ns          249079 1c0087f4 70f577c3 fmadd.s          f15, f10, f15, f14  f15=xxxxxxxx f10:3ea17640 f15:bab4a050 f14:3d2aa76f
14208407ns          249080 1c0087f8 1c000737 lui              x14, 0x1c000000     x14=1c000000
14208427ns          249081 1c0087fc 13c72703 lw               x14, 316(x14)       x14=beffffe0 x14:1c000000  PA:1c00013c
14208765ns          249098 1c008800 70f577c3 fmadd.s          f15, f10, f15, f14  f15=xxxxxxxx f10:3ea17640 f15:3d28dfbe f14:beffffe0
14208785ns          249099 1c008804 1c000737 lui              x14, 0x1c000000     x14=1c000000
14208804ns          249100 1c008808 16872703 lw               x14, 360(x14)       x14=3f7fffff x14:1c000000  PA:1c000168
14209123ns          249116 1c00880c 70f57543 fmadd.s          f10, f10, f15, f14  f10=xxxxxxxx f10:3ea17640 f15:bef957b5 f14:3f7fffff
14209143ns          249117 1c008810 00008067 jalr             x0, x1, 0            x1:1c0081de
14209202ns          249120 1c0081de 016a7a53 fadd.s           f20, f20, f22       f20=xxxxxxxx f20:3f812e7e f22:3eaaa273
14209222ns          249121 1c0081e2 10acf553 fmul.s           f10, f25, f10       f10=xxxxxxxx f25:3f800000 f10:3f58af2a
14209242ns          249122 1c0081e6 a14a97d3 flt.s            x15, f21, f20       x15=00000000 f21:40c90fdb f20:3fabd71b
14209262ns          249123 1c0081ea 00a4222b p.sw             x10, 4(x8!)          x8=100016c4 x10:3f58af2a  x8:100016c0  PA:100016c0
14209282ns          249124 1c0081ee 00078363 beq              x15, x0, 6          x15:00000000
14209342ns          249127 1c0081f4 ff7412e3 bne              x8, x23, -28         x8:100016c4 x23:100017c8
14209401ns          249130 1c0081d8 094c7553 fsub.s           f10, f24, f20       f10=xxxxxxxx f24:3fc90fdb f20:3fabd71b
14209421ns          249131 1c0081dc 57c000ef jal              x1, 1404             x1=1c0081de
14209461ns          249133 1c008758 a0a527d3 feq.s            x15, f10, f10       x15=00000001 f10:3e69c600 f10:3e69c600
14209481ns          249134 1c00875c 0a078b63 beq              x15, x0, 182        x15:00000001
14209501ns          249135 1c00875e e00517d3 fclass.s         x15, f10            x15=00000040 f10:3e69c600
14209521ns          249136 1c008762 0817f793 andi             x15, x15, 129       x15=00000000 x15:00000040
14209540ns          249137 1c008766 0a079663 bne              x15, x0, 172        x15:00000000
14209560ns          249138 1c008768 00000793 addi             x15, x0, 0          x15=00000000
14209580ns          249139 1c00876c a0f517d3 flt.s            x15, f10, f15       x15=00000000 f10:3e69c600 f15:00000000
14209600ns          249140 1c008770 0a079663 bne              x15, x0, 172        x15:00000000
14209620ns          249141 1c008772 1c000737 lui              x14, 0x1c000000     x14=1c000000
14209640ns          249142 1c008776 02072783 lw               x15, 32(x14)        x15=40c90fdb x14:1c000000  PA:1c000020
14209978ns          249159 1c00877a a0a797d3 flt.s            x15, f15, f10       x15=00000000 f15:40c90fdb f10:3e69c600
14209998ns          249160 1c00877e 00078b63 beq              x15, x0, 22         x15:00000000
14210058ns          249163 1c008794 00000793 addi             x15, x0, 0          x15=00000000
14210077ns          249164 1c008798 a0f517d3 flt.s            x15, f10, f15       x15=00000000 f10:3e69c600 f15:00000000
14210097ns          249165 1c00879c 08079a63 bne              x15, x0, 148        x15:00000000
14210117ns          249166 1c00879e 1c0007b7 lui              x15, 0x1c000000     x15=1c000000
14210137ns          249167 1c0087a2 01c7a783 lw               x15, 28(x15)        x15=3fc90fdb x15:1c000000  PA:1c00001c
14210455ns          249183 1c0087a6 a0f517d3 flt.s            x15, f10, f15       x15=00000001 f10:3e69c600 f15:3fc90fdb
14210475ns          249184 1c0087aa 02079563 bne              x15, x0, 42         x15:00000001
14210535ns          249187 1c0087d4 10a57553 fmul.s           f10, f10, f10       f10=xxxxxxxx f10:3e69c600 f10:3e69c600
14210555ns          249188 1c0087d8 1c0007b7 lui              x15, 0x1c000000     x15=1c000000
14210575ns          249189 1c0087dc 1c000737 lui              x14, 0x1c000000     x14=1c000000
14210595ns          249190 1c0087e0 13472703 lw               x14, 308(x14)       x14=bab59551 x14:1c000000  PA:1c000134
14210893ns          249205 1c0087e4 1307a783 lw               x15, 304(x15)       x15=37c23ab1 x15:1c000000  PA:1c000130
14211211ns          249221 1c0087e8 70f577c3 fmadd.s          f15, f10, f15, f14  f15=xxxxxxxx f10:3d557a05 f15:37c23ab1 f14:bab59551
14211231ns          249222 1c0087ec 1c000737 lui              x14, 0x1c000000     x14=1c000000
14211251ns          249223 1c0087f0 13872703 lw               x14, 312(x14)       x14=3d2aa76f x14:1c000000  PA:1c000138
14211569ns          249239 1c0087f4 70f577c3 fmadd.s          f15, f10, f15, f14  f15=xxxxxxxx f10:3d557a05 f15:bab56cd3 f14:3d2aa76f
14211589ns          249240 1c0087f8 1c000737 lui              x14, 0x1c000000     x14=1c000000
14211609ns          249241 1c0087fc 13c72703 lw               x14, 316(x14)       x14=beffffe0 x14:1c000000  PA:1c00013c
14211967ns          249259 1c008800 70f577c3 fmadd.s          f15, f10, f15, f14  f15=xxxxxxxx f10:3d557a05 f15:3d2a5bca f14:beffffe0
14211987ns          249260 1c008804 1c000737 lui              x14, 0x1c000000     x14=1c000000
14212007ns          249261 1c008808 16872703 lw               x14, 360(x14)       x14=3f7fffff x14:1c000000  PA:1c000168
14212325ns          249277 1c00880c 70f57543 fmadd.s          f10, f10, f15, f14  f10=xxxxxxxx f10:3d557a05 f15:befee3c1 f14:3f7fffff
14212345ns          249278 1c008810 00008067 jalr             x0, x1, 0            x1:1c0081de
14212405ns          249281 1c0081de 016a7a53 fadd.s           f20, f20, f22       f20=xxxxxxxx f20:3fabd71b f22:3eaaa273
14212425ns          249282 1c0081e2 10acf553 fmul.s           f10, f25, f10       f10=xxxxxxxx f25:3f800000 f10:3f795b97
14212444ns          249283 1c0081e6 a14a97d3 flt.s            x15, f21, f20       x15=00000000 f21:40c90fdb f20:3fd67fb8
14212464ns          249284 1c0081ea 00a4222b p.sw             x10, 4(x8!)          x8=100016c8 x10:3f795b97  x8:100016c4  PA:100016c4
14212484ns          249285 1c0081ee 00078363 beq              x15, x0, 6          x15:00000000
14212544ns          249288 1c0081f4 ff7412e3 bne              x8, x23, -28         x8:100016c8 x23:100017c8
14212604ns          249291 1c0081d8 094c7553 fsub.s           f10, f24, f20       f10=xxxxxxxx f24:3fc90fdb f20:3fd67fb8
14212624ns          249292 1c0081dc 57c000ef jal              x1, 1404             x1=1c0081de
14212663ns          249294 1c008758 a0a527d3 feq.s            x15, f10, f10       x15=00000001 f10:bdd6fdd0 f10:bdd6fdd0
14212683ns          249295 1c00875c 0a078b63 beq              x15, x0, 182        x15:00000001
14212703ns          249296 1c00875e e00517d3 fclass.s         x15, f10            x15=00000002 f10:bdd6fdd0
14212723ns          249297 1c008762 0817f793 andi             x15, x15, 129       x15=00000000 x15:00000002
14212743ns          249298 1c008766 0a079663 bne              x15, x0, 172        x15:00000000
14212763ns          249299 1c008768 00000793 addi             x15, x0, 0          x15=00000000
14212783ns          249300 1c00876c a0f517d3 flt.s            x15, f10, f15       x15=00000001 f10:bdd6fdd0 f15:00000000
14212803ns          249301 1c008770 0a079663 bne              x15, x0, 172        x15:00000001
14212862ns          249304 1c00881c 1c0007b7 lui              x15, 0x1c000000     x15=1c000000
14212882ns          249305 1c008820 12c7a783 lw               x15, 300(x15)       x15=c0c90fdb x15:1c000000  PA:1c00012c
14213260ns          249324 1c008824 a0f517d3 flt.s            x15, f10, f15       x15=00000000 f10:bdd6fdd0 f15:c0c90fdb
14213280ns          249325 1c008828 00078463 beq              x15, x0, 8          x15:00000000
14213340ns          249328 1c008830 20a51553 fsgnjn.s         f10, f10, f10       f10=xxxxxxxx f10:bdd6fdd0 f10:bdd6fdd0
14213359ns          249329 1c008834 f6bff06f jal              x0, -150           
14213419ns          249332 1c00879e 1c0007b7 lui              x15, 0x1c000000     x15=1c000000
14213439ns          249333 1c0087a2 01c7a783 lw               x15, 28(x15)        x15=3fc90fdb x15:1c000000  PA:1c00001c
14213797ns          249351 1c0087a6 a0f517d3 flt.s            x15, f10, f15       x15=00000001 f10:3dd6fdd0 f15:3fc90fdb
14213817ns          249352 1c0087aa 02079563 bne              x15, x0, 42         x15:00000001
14213877ns          249355 1c0087d4 10a57553 fmul.s           f10, f10, f10       f10=xxxxxxxx f10:3dd6fdd0 f10:3dd6fdd0
14213897ns          249356 1c0087d8 1c0007b7 lui              x15, 0x1c000000     x15=1c000000
14213916ns          249357 1c0087dc 1c000737 lui              x14, 0x1c000000     x14=1c000000
14213936ns          249358 1c0087e0 13472703 lw               x14, 308(x14)       x14=bab59551 x14:1c000000  PA:1c000134
14214274ns          249375 1c0087e4 1307a783 lw               x15, 304(x15)       x15=37c23ab1 x15:1c000000  PA:1c000130
14214613ns          249392 1c0087e8 70f577c3 fmadd.s          f15, f10, f15, f14  f15=xxxxxxxx f10:3c348d53 f15:37c23ab1 f14:bab59551
14214632ns          249393 1c0087ec 1c000737 lui              x14, 0x1c000000     x14=1c000000
14214652ns          249394 1c0087f0 13872703 lw               x14, 312(x14)       x14=3d2aa76f x14:1c000000  PA:1c000138
14214971ns          249410 1c0087f4 70f577c3 fmadd.s          f15, f10, f15, f14  f15=xxxxxxxx f10:3c348d53 f15:bab58cc1 f14:3d2aa76f
14214991ns          249411 1c0087f8 1c000737 lui              x14, 0x1c000000     x14=1c000000
14215010ns          249412 1c0087fc 13c72703 lw               x14, 316(x14)       x14=beffffe0 x14:1c000000  PA:1c00013c
14215329ns          249428 1c008800 70f577c3 fmadd.s          f15, f10, f15, f14  f15=xxxxxxxx f10:3c348d53 f15:3d2a976e f14:beffffe0
14215349ns          249429 1c008804 1c000737 lui              x14, 0x1c000000     x14=1c000000
14215368ns          249430 1c008808 16872703 lw               x14, 360(x14)       x14=3f7fffff x14:1c000000  PA:1c000168
14215687ns          249446 1c00880c 70f57543 fmadd.s          f10, f10, f15, f14  f10=xxxxxxxx f10:3c348d53 f15:beffc3b8 f14:3f7fffff
14215707ns          249447 1c008810 00008067 jalr             x0, x1, 0            x1:1c0081de
14215766ns          249450 1c0081de 016a7a53 fadd.s           f20, f20, f22       f20=xxxxxxxx f20:3fd67fb8 f22:3eaaa273
14215786ns          249451 1c0081e2 10acf553 fmul.s           f10, f25, f10       f10=xxxxxxxx f25:3f800000 f10:3f7e9739
14215806ns          249452 1c0081e6 a14a97d3 flt.s            x15, f21, f20       x15=00000000 f21:40c90fdb f20:4000942a
14215826ns          249453 1c0081ea 00a4222b p.sw             x10, 4(x8!)          x8=100016cc x10:3f7e9739  x8:100016c8  PA:100016c8
14215846ns          249454 1c0081ee 00078363 beq              x15, x0, 6          x15:00000000
14215905ns          249457 1c0081f4 ff7412e3 bne              x8, x23, -28         x8:100016cc x23:100017c8
14215965ns          249460 1c0081d8 094c7553 fsub.s           f10, f24, f20       f10=xxxxxxxx f24:3fc90fdb f20:4000942a
14215985ns          249461 1c0081dc 57c000ef jal              x1, 1404             x1=1c0081de
14216025ns          249463 1c008758 a0a527d3 feq.s            x15, f10, f10       x15=00000001 f10:bee061e4 f10:bee061e4
14216045ns          249464 1c00875c 0a078b63 beq              x15, x0, 182        x15:00000001
14216065ns          249465 1c00875e e00517d3 fclass.s         x15, f10            x15=00000002 f10:bee061e4
14216085ns          249466 1c008762 0817f793 andi             x15, x15, 129       x15=00000000 x15:00000002
14216104ns          249467 1c008766 0a079663 bne              x15, x0, 172        x15:00000000
14216124ns          249468 1c008768 00000793 addi             x15, x0, 0          x15=00000000
14216144ns          249469 1c00876c a0f517d3 flt.s            x15, f10, f15       x15=00000001 f10:bee061e4 f15:00000000
14216164ns          249470 1c008770 0a079663 bne              x15, x0, 172        x15:00000001
14216224ns          249473 1c00881c 1c0007b7 lui              x15, 0x1c000000     x15=1c000000
14216244ns          249474 1c008820 12c7a783 lw               x15, 300(x15)       x15=c0c90fdb x15:1c000000  PA:1c00012c
14216562ns          249490 1c008824 a0f517d3 flt.s            x15, f10, f15       x15=00000000 f10:bee061e4 f15:c0c90fdb
14216582ns          249491 1c008828 00078463 beq              x15, x0, 8          x15:00000000
14216641ns          249494 1c008830 20a51553 fsgnjn.s         f10, f10, f10       f10=xxxxxxxx f10:bee061e4 f10:bee061e4
14216661ns          249495 1c008834 f6bff06f jal              x0, -150           
14216721ns          249498 1c00879e 1c0007b7 lui              x15, 0x1c000000     x15=1c000000
14216741ns          249499 1c0087a2 01c7a783 lw               x15, 28(x15)        x15=3fc90fdb x15:1c000000  PA:1c00001c
14217079ns          249516 1c0087a6 a0f517d3 flt.s            x15, f10, f15       x15=00000001 f10:3ee061e4 f15:3fc90fdb
14217099ns          249517 1c0087aa 02079563 bne              x15, x0, 42         x15:00000001
14217159ns          249520 1c0087d4 10a57553 fmul.s           f10, f10, f10       f10=xxxxxxxx f10:3ee061e4 f10:3ee061e4
14217178ns          249521 1c0087d8 1c0007b7 lui              x15, 0x1c000000     x15=1c000000
14217198ns          249522 1c0087dc 1c000737 lui              x14, 0x1c000000     x14=1c000000
14217218ns          249523 1c0087e0 13472703 lw               x14, 308(x14)       x14=bab59551 x14:1c000000  PA:1c000134
14217537ns          249539 1c0087e4 1307a783 lw               x15, 304(x15)       x15=37c23ab1 x15:1c000000  PA:1c000130
14217855ns          249555 1c0087e8 70f577c3 fmadd.s          f15, f10, f15, f14  f15=xxxxxxxx f10:3e44ab74 f15:37c23ab1 f14:bab59551
14217875ns          249556 1c0087ec 1c000737 lui              x14, 0x1c000000     x14=1c000000
14217895ns          249557 1c0087f0 13872703 lw               x14, 312(x14)       x14=3d2aa76f x14:1c000000  PA:1c000138
14218213ns          249573 1c0087f4 70f577c3 fmadd.s          f15, f10, f15, f14  f15=xxxxxxxx f10:3e44ab74 f15:bab5001a f14:3d2aa76f
14218233ns          249574 1c0087f8 1c000737 lui              x14, 0x1c000000     x14=1c000000
14218253ns          249575 1c0087fc 13c72703 lw               x14, 316(x14)       x14=beffffe0 x14:1c000000  PA:1c00013c
14218591ns          249592 1c008800 70f577c3 fmadd.s          f15, f10, f15, f14  f15=xxxxxxxx f10:3e44ab74 f15:3d299154 f14:beffffe0
14218611ns          249593 1c008804 1c000737 lui              x14, 0x1c000000     x14=1c000000
14218631ns          249594 1c008808 16872703 lw               x14, 360(x14)       x14=3f7fffff x14:1c000000  PA:1c000168
14218969ns          249611 1c00880c 70f57543 fmadd.s          f10, f10, f15, f14  f10=xxxxxxxx f10:3e44ab74 f15:befbedb9 f14:3f7fffff
14218989ns          249612 1c008810 00008067 jalr             x0, x1, 0            x1:1c0081de
14219048ns          249615 1c0081de 016a7a53 fadd.s           f20, f20, f22       f20=xxxxxxxx f20:4000942a f22:3eaaa273
14219068ns          249616 1c0081e2 10acf553 fmul.s           f10, f25, f10       f10=xxxxxxxx f25:3f800000 f10:3f67cea8
14219088ns          249617 1c0081e6 a14a97d3 flt.s            x15, f21, f20       x15=00000000 f21:40c90fdb f20:4015e878
14219108ns          249618 1c0081ea 00a4222b p.sw             x10, 4(x8!)          x8=100016d0 x10:3f67cea8  x8:100016cc  PA:100016cc
14219128ns          249619 1c0081ee 00078363 beq              x15, x0, 6          x15:00000000
14219187ns          249622 1c0081f4 ff7412e3 bne              x8, x23, -28         x8:100016d0 x23:100017c8
14219247ns          249625 1c0081d8 094c7553 fsub.s           f10, f24, f20       f10=xxxxxxxx f24:3fc90fdb f20:4015e878
14219267ns          249626 1c0081dc 57c000ef jal              x1, 1404             x1=1c0081de
14219307ns          249628 1c008758 a0a527d3 feq.s            x15, f10, f10       x15=00000001 f10:bf45822a f10:bf45822a
14219327ns          249629 1c00875c 0a078b63 beq              x15, x0, 182        x15:00000001
14219347ns          249630 1c00875e e00517d3 fclass.s         x15, f10            x15=00000002 f10:bf45822a
14219366ns          249631 1c008762 0817f793 andi             x15, x15, 129       x15=00000000 x15:00000002
14219386ns          249632 1c008766 0a079663 bne              x15, x0, 172        x15:00000000
14219406ns          249633 1c008768 00000793 addi             x15, x0, 0          x15=00000000
14219426ns          249634 1c00876c a0f517d3 flt.s            x15, f10, f15       x15=00000001 f10:bf45822a f15:00000000
14219446ns          249635 1c008770 0a079663 bne              x15, x0, 172        x15:00000001
14219506ns          249638 1c00881c 1c0007b7 lui              x15, 0x1c000000     x15=1c000000
14219526ns          249639 1c008820 12c7a783 lw               x15, 300(x15)       x15=c0c90fdb x15:1c000000  PA:1c00012c
14219844ns          249655 1c008824 a0f517d3 flt.s            x15, f10, f15       x15=00000000 f10:bf45822a f15:c0c90fdb
14219864ns          249656 1c008828 00078463 beq              x15, x0, 8          x15:00000000
14219923ns          249659 1c008830 20a51553 fsgnjn.s         f10, f10, f10       f10=xxxxxxxx f10:bf45822a f10:bf45822a
14219943ns          249660 1c008834 f6bff06f jal              x0, -150           
14220003ns          249663 1c00879e 1c0007b7 lui              x15, 0x1c000000     x15=1c000000
14220023ns          249664 1c0087a2 01c7a783 lw               x15, 28(x15)        x15=3fc90fdb x15:1c000000  PA:1c00001c
14220341ns          249680 1c0087a6 a0f517d3 flt.s            x15, f10, f15       x15=00000001 f10:3f45822a f15:3fc90fdb
14220361ns          249681 1c0087aa 02079563 bne              x15, x0, 42         x15:00000001
14220421ns          249684 1c0087d4 10a57553 fmul.s           f10, f10, f10       f10=xxxxxxxx f10:3f45822a f10:3f45822a
14220441ns          249685 1c0087d8 1c0007b7 lui              x15, 0x1c000000     x15=1c000000
14220460ns          249686 1c0087dc 1c000737 lui              x14, 0x1c000000     x14=1c000000
14220480ns          249687 1c0087e0 13472703 lw               x14, 308(x14)       x14=bab59551 x14:1c000000  PA:1c000134
14220779ns          249702 1c0087e4 1307a783 lw               x15, 304(x15)       x15=37c23ab1 x15:1c000000  PA:1c000130
14221097ns          249718 1c0087e8 70f577c3 fmadd.s          f15, f10, f15, f14  f15=xxxxxxxx f10:3f186197 f15:37c23ab1 f14:bab59551
14221117ns          249719 1c0087ec 1c000737 lui              x14, 0x1c000000     x14=1c000000
14221137ns          249720 1c0087f0 13872703 lw               x14, 312(x14)       x14=3d2aa76f x14:1c000000  PA:1c000138
14221455ns          249736 1c0087f4 70f577c3 fmadd.s          f15, f10, f15, f14  f15=xxxxxxxx f10:3f186197 f15:bab3c6dd f14:3d2aa76f
14221475ns          249737 1c0087f8 1c000737 lui              x14, 0x1c000000     x14=1c000000
14221495ns          249738 1c0087fc 13c72703 lw               x14, 316(x14)       x14=beffffe0 x14:1c000000  PA:1c00013c
14221853ns          249756 1c008800 70f577c3 fmadd.s          f15, f10, f15, f14  f15=xxxxxxxx f10:3f186197 f15:3d274f5a f14:beffffe0
14221873ns          249757 1c008804 1c000737 lui              x14, 0x1c000000     x14=1c000000
14221893ns          249758 1c008808 16872703 lw               x14, 360(x14)       x14=3f7fffff x14:1c000000  PA:1c000168
14222211ns          249774 1c00880c 70f57543 fmadd.s          f10, f10, f15, f14  f10=xxxxxxxx f10:3f186197 f15:bef38d03 f14:3f7fffff
14222231ns          249775 1c008810 00008067 jalr             x0, x1, 0            x1:1c0081de
14222290ns          249778 1c0081de 016a7a53 fadd.s           f20, f20, f22       f20=xxxxxxxx f20:4015e878 f22:3eaaa273
14222310ns          249779 1c0081e2 10acf553 fmul.s           f10, f25, f10       f10=xxxxxxxx f25:3f800000 f10:3f3783b6
14222330ns          249780 1c0081e6 a14a97d3 flt.s            x15, f21, f20       x15=00000000 f21:40c90fdb f20:402b3cc6
14222350ns          249781 1c0081ea 00a4222b p.sw             x10, 4(x8!)          x8=100016d4 x10:3f3783b6  x8:100016d0  PA:100016d0
14222370ns          249782 1c0081ee 00078363 beq              x15, x0, 6          x15:00000000
14222430ns          249785 1c0081f4 ff7412e3 bne              x8, x23, -28         x8:100016d4 x23:100017c8
14222489ns          249788 1c0081d8 094c7553 fsub.s           f10, f24, f20       f10=xxxxxxxx f24:3fc90fdb f20:402b3cc6
14222509ns          249789 1c0081dc 57c000ef jal              x1, 1404             x1=1c0081de
14222549ns          249791 1c008758 a0a527d3 feq.s            x15, f10, f10       x15=00000001 f10:bf8d69b1 f10:bf8d69b1
14222569ns          249792 1c00875c 0a078b63 beq              x15, x0, 182        x15:00000001
14222589ns          249793 1c00875e e00517d3 fclass.s         x15, f10            x15=00000002 f10:bf8d69b1
14222609ns          249794 1c008762 0817f793 andi             x15, x15, 129       x15=00000000 x15:00000002
14222629ns          249795 1c008766 0a079663 bne              x15, x0, 172        x15:00000000
14222648ns          249796 1c008768 00000793 addi             x15, x0, 0          x15=00000000
14222668ns          249797 1c00876c a0f517d3 flt.s            x15, f10, f15       x15=00000001 f10:bf8d69b1 f15:00000000
14222688ns          249798 1c008770 0a079663 bne              x15, x0, 172        x15:00000001
14222748ns          249801 1c00881c 1c0007b7 lui              x15, 0x1c000000     x15=1c000000
14222768ns          249802 1c008820 12c7a783 lw               x15, 300(x15)       x15=c0c90fdb x15:1c000000  PA:1c00012c
14223086ns          249818 1c008824 a0f517d3 flt.s            x15, f10, f15       x15=00000000 f10:bf8d69b1 f15:c0c90fdb
14223106ns          249819 1c008828 00078463 beq              x15, x0, 8          x15:00000000
14223166ns          249822 1c008830 20a51553 fsgnjn.s         f10, f10, f10       f10=xxxxxxxx f10:bf8d69b1 f10:bf8d69b1
14223186ns          249823 1c008834 f6bff06f jal              x0, -150           
14223245ns          249826 1c00879e 1c0007b7 lui              x15, 0x1c000000     x15=1c000000
14223265ns          249827 1c0087a2 01c7a783 lw               x15, 28(x15)        x15=3fc90fdb x15:1c000000  PA:1c00001c
14223583ns          249843 1c0087a6 a0f517d3 flt.s            x15, f10, f15       x15=00000001 f10:3f8d69b1 f15:3fc90fdb
14223603ns          249844 1c0087aa 02079563 bne              x15, x0, 42         x15:00000001
14223663ns          249847 1c0087d4 10a57553 fmul.s           f10, f10, f10       f10=xxxxxxxx f10:3f8d69b1 f10:3f8d69b1
14223683ns          249848 1c0087d8 1c0007b7 lui              x15, 0x1c000000     x15=1c000000
14223703ns          249849 1c0087dc 1c000737 lui              x14, 0x1c000000     x14=1c000000
14223723ns          249850 1c0087e0 13472703 lw               x14, 308(x14)       x14=bab59551 x14:1c000000  PA:1c000134
14224021ns          249865 1c0087e4 1307a783 lw               x15, 304(x15)       x15=37c23ab1 x15:1c000000  PA:1c000130
14224339ns          249881 1c0087e8 70f577c3 fmadd.s          f15, f10, f15, f14  f15=xxxxxxxx f10:3f9c3b31 f15:37c23ab1 f14:bab59551
14224359ns          249882 1c0087ec 1c000737 lui              x14, 0x1c000000     x14=1c000000
14224379ns          249883 1c0087f0 13872703 lw               x14, 312(x14)       x14=3d2aa76f x14:1c000000  PA:1c000138
14224697ns          249899 1c0087f4 70f577c3 fmadd.s          f15, f10, f15, f14  f15=xxxxxxxx f10:3f9c3b31 f15:bab1e10c f14:3d2aa76f
14224717ns          249900 1c0087f8 1c000737 lui              x14, 0x1c000000     x14=1c000000
14224737ns          249901 1c0087fc 13c72703 lw               x14, 316(x14)       x14=beffffe0 x14:1c000000  PA:1c00013c
14225055ns          249917 1c008800 70f577c3 fmadd.s          f15, f10, f15, f14  f15=xxxxxxxx f10:3f9c3b31 f15:3d23de8b f14:beffffe0
14225075ns          249918 1c008804 1c000737 lui              x14, 0x1c000000     x14=1c000000
14225095ns          249919 1c008808 16872703 lw               x14, 360(x14)       x14=3f7fffff x14:1c000000  PA:1c000168
14225413ns          249935 1c00880c 70f57543 fmadd.s          f10, f10, f15, f14  f10=xxxxxxxx f10:3f9c3b31 f15:bee6ff80 f14:3f7fffff
14225433ns          249936 1c008810 00008067 jalr             x0, x1, 0            x1:1c0081de
14225493ns          249939 1c0081de 016a7a53 fadd.s           f20, f20, f22       f20=xxxxxxxx f20:402b3cc6 f22:3eaaa273
14225513ns          249940 1c0081e2 10acf553 fmul.s           f10, f25, f10       f10=xxxxxxxx f25:3f800000 f10:3ee60dc8
14225533ns          249941 1c0081e6 a14a97d3 flt.s            x15, f21, f20       x15=00000000 f21:40c90fdb f20:40409114
14225553ns          249942 1c0081ea 00a4222b p.sw             x10, 4(x8!)          x8=100016d8 x10:3ee60dc8  x8:100016d4  PA:100016d4
14225572ns          249943 1c0081ee 00078363 beq              x15, x0, 6          x15:00000000
14225632ns          249946 1c0081f4 ff7412e3 bne              x8, x23, -28         x8:100016d8 x23:100017c8
14225692ns          249949 1c0081d8 094c7553 fsub.s           f10, f24, f20       f10=xxxxxxxx f24:3fc90fdb f20:40409114
14225712ns          249950 1c0081dc 57c000ef jal              x1, 1404             x1=1c0081de
14225751ns          249952 1c008758 a0a527d3 feq.s            x15, f10, f10       x15=00000001 f10:bfb8124d f10:bfb8124d
14225771ns          249953 1c00875c 0a078b63 beq              x15, x0, 182        x15:00000001
14225791ns          249954 1c00875e e00517d3 fclass.s         x15, f10            x15=00000002 f10:bfb8124d
14225811ns          249955 1c008762 0817f793 andi             x15, x15, 129       x15=00000000 x15:00000002
14225831ns          249956 1c008766 0a079663 bne              x15, x0, 172        x15:00000000
14225851ns          249957 1c008768 00000793 addi             x15, x0, 0          x15=00000000
14225871ns          249958 1c00876c a0f517d3 flt.s            x15, f10, f15       x15=00000001 f10:bfb8124d f15:00000000
14225891ns          249959 1c008770 0a079663 bne              x15, x0, 172        x15:00000001
14225950ns          249962 1c00881c 1c0007b7 lui              x15, 0x1c000000     x15=1c000000
14225970ns          249963 1c008820 12c7a783 lw               x15, 300(x15)       x15=c0c90fdb x15:1c000000  PA:1c00012c
14226288ns          249979 1c008824 a0f517d3 flt.s            x15, f10, f15       x15=00000000 f10:bfb8124d f15:c0c90fdb
14226308ns          249980 1c008828 00078463 beq              x15, x0, 8          x15:00000000
14226368ns          249983 1c008830 20a51553 fsgnjn.s         f10, f10, f10       f10=xxxxxxxx f10:bfb8124d f10:bfb8124d
14226388ns          249984 1c008834 f6bff06f jal              x0, -150           
14226448ns          249987 1c00879e 1c0007b7 lui              x15, 0x1c000000     x15=1c000000
14226467ns          249988 1c0087a2 01c7a783 lw               x15, 28(x15)        x15=3fc90fdb x15:1c000000  PA:1c00001c
14226786ns          250004 1c0087a6 a0f517d3 flt.s            x15, f10, f15       x15=00000001 f10:3fb8124d f15:3fc90fdb
14226806ns          250005 1c0087aa 02079563 bne              x15, x0, 42         x15:00000001
14226865ns          250008 1c0087d4 10a57553 fmul.s           f10, f10, f10       f10=xxxxxxxx f10:3fb8124d f10:3fb8124d
14226885ns          250009 1c0087d8 1c0007b7 lui              x15, 0x1c000000     x15=1c000000
14226905ns          250010 1c0087dc 1c000737 lui              x14, 0x1c000000     x14=1c000000
14226925ns          250011 1c0087e0 13472703 lw               x14, 308(x14)       x14=bab59551 x14:1c000000  PA:1c000134
14227223ns          250026 1c0087e4 1307a783 lw               x15, 304(x15)       x15=37c23ab1 x15:1c000000  PA:1c000130
14227542ns          250042 1c0087e8 70f577c3 fmadd.s          f15, f10, f15, f14  f15=xxxxxxxx f10:40045a50 f15:37c23ab1 f14:bab59551
14227561ns          250043 1c0087ec 1c000737 lui              x14, 0x1c000000     x14=1c000000
14227581ns          250044 1c0087f0 13872703 lw               x14, 312(x14)       x14=3d2aa76f x14:1c000000  PA:1c000138
14227920ns          250061 1c0087f4 70f577c3 fmadd.s          f15, f10, f15, f14  f15=xxxxxxxx f10:40045a50 f15:baaf4ea4 f14:3d2aa76f
14227939ns          250062 1c0087f8 1c000737 lui              x14, 0x1c000000     x14=1c000000
14227959ns          250063 1c0087fc 13c72703 lw               x14, 316(x14)       x14=beffffe0 x14:1c000000  PA:1c00013c
14228278ns          250079 1c008800 70f577c3 fmadd.s          f15, f10, f15, f14  f15=xxxxxxxx f10:40045a50 f15:3d1f5322 f14:beffffe0
14228297ns          250080 1c008804 1c000737 lui              x14, 0x1c000000     x14=1c000000
14228317ns          250081 1c008808 16872703 lw               x14, 360(x14)       x14=3f7fffff x14:1c000000  PA:1c000168
14228636ns          250097 1c00880c 70f57543 fmadd.s          f10, f10, f15, f14  f10=xxxxxxxx f10:40045a50 f15:bed6d057 f14:3f7fffff
14228655ns          250098 1c008810 00008067 jalr             x0, x1, 0            x1:1c0081de
14228715ns          250101 1c0081de 016a7a53 fadd.s           f20, f20, f22       f20=xxxxxxxx f20:40409114 f22:3eaaa273
14228735ns          250102 1c0081e2 10acf553 fmul.s           f10, f25, f10       f10=xxxxxxxx f25:3f800000 f10:3e078652
14228755ns          250103 1c0081e6 a14a97d3 flt.s            x15, f21, f20       x15=00000000 f21:40c90fdb f20:4055e562
14228775ns          250104 1c0081ea 00a4222b p.sw             x10, 4(x8!)          x8=100016dc x10:3e078652  x8:100016d8  PA:100016d8
14228795ns          250105 1c0081ee 00078363 beq              x15, x0, 6          x15:00000000
14228854ns          250108 1c0081f4 ff7412e3 bne              x8, x23, -28         x8:100016dc x23:100017c8
14228914ns          250111 1c0081d8 094c7553 fsub.s           f10, f24, f20       f10=xxxxxxxx f24:3fc90fdb f20:4055e562
14228934ns          250112 1c0081dc 57c000ef jal              x1, 1404             x1=1c0081de
14228974ns          250114 1c008758 a0a527d3 feq.s            x15, f10, f10       x15=00000001 f10:bfe2bae9 f10:bfe2bae9
14228994ns          250115 1c00875c 0a078b63 beq              x15, x0, 182        x15:00000001
14229013ns          250116 1c00875e e00517d3 fclass.s         x15, f10            x15=00000002 f10:bfe2bae9
14229033ns          250117 1c008762 0817f793 andi             x15, x15, 129       x15=00000000 x15:00000002
14229053ns          250118 1c008766 0a079663 bne              x15, x0, 172        x15:00000000
14229073ns          250119 1c008768 00000793 addi             x15, x0, 0          x15=00000000
14229093ns          250120 1c00876c a0f517d3 flt.s            x15, f10, f15       x15=00000001 f10:bfe2bae9 f15:00000000
14229113ns          250121 1c008770 0a079663 bne              x15, x0, 172        x15:00000001
14229173ns          250124 1c00881c 1c0007b7 lui              x15, 0x1c000000     x15=1c000000
14229193ns          250125 1c008820 12c7a783 lw               x15, 300(x15)       x15=c0c90fdb x15:1c000000  PA:1c00012c
14229511ns          250141 1c008824 a0f517d3 flt.s            x15, f10, f15       x15=00000000 f10:bfe2bae9 f15:c0c90fdb
14229531ns          250142 1c008828 00078463 beq              x15, x0, 8          x15:00000000
14229590ns          250145 1c008830 20a51553 fsgnjn.s         f10, f10, f10       f10=xxxxxxxx f10:bfe2bae9 f10:bfe2bae9
14229610ns          250146 1c008834 f6bff06f jal              x0, -150           
14229670ns          250149 1c00879e 1c0007b7 lui              x15, 0x1c000000     x15=1c000000
14229690ns          250150 1c0087a2 01c7a783 lw               x15, 28(x15)        x15=3fc90fdb x15:1c000000  PA:1c00001c
14230008ns          250166 1c0087a6 a0f517d3 flt.s            x15, f10, f15       x15=00000000 f10:3fe2bae9 f15:3fc90fdb
14230028ns          250167 1c0087aa 02079563 bne              x15, x0, 42         x15:00000000
14230048ns          250168 1c0087ac 1c0007b7 lui              x15, 0x1c000000     x15=1c000000
14230068ns          250169 1c0087b0 1007a783 lw               x15, 256(x15)       x15=40490fdb x15:1c000000  PA:1c000100
14230406ns          250186 1c0087b4 a0f51753 flt.s            x14, f10, f15       x14=00000001 f10:3fe2bae9 f15:40490fdb
14230426ns          250187 1c0087b8 06071f63 bne              x14, x0, 126        x14:00000001
14230505ns          250191 1c008836 08a7f553 fsub.s           f10, f15, f10       f10=xxxxxxxx f15:40490fdb f10:3fe2bae9
14230525ns          250192 1c00883a 10a57553 fmul.s           f10, f10, f10       f10=xxxxxxxx f10:3faf64cd f10:3faf64cd
14230545ns          250193 1c00883e 1c0007b7 lui              x15, 0x1c000000     x15=1c000000
14230565ns          250194 1c008842 1c000737 lui              x14, 0x1c000000     x14=1c000000
14230585ns          250195 1c008846 13472703 lw               x14, 308(x14)       x14=bab59551 x14:1c000000  PA:1c000134
14230883ns          250210 1c00884a 1307a783 lw               x15, 304(x15)       x15=37c23ab1 x15:1c000000  PA:1c000130
14231201ns          250226 1c00884e 70f577c3 fmadd.s          f15, f10, f15, f14  f15=xxxxxxxx f10:3ff055f0 f15:37c23ab1 f14:bab59551
14231221ns          250227 1c008852 1c000737 lui              x14, 0x1c000000     x14=1c000000
14231241ns          250228 1c008856 13872703 lw               x14, 312(x14)       x14=3d2aa76f x14:1c000000  PA:1c000138
14231560ns          250244 1c00885a 70f577c3 fmadd.s          f15, f10, f15, f14  f15=xxxxxxxx f10:3ff055f0 f15:baafe28f f14:3d2aa76f
14231579ns          250245 1c00885e 1c000737 lui              x14, 0x1c000000     x14=1c000000
14231599ns          250246 1c008862 13c72703 lw               x14, 316(x14)       x14=beffffe0 x14:1c000000  PA:1c00013c
14231937ns          250263 1c008866 70f577c3 fmadd.s          f15, f10, f15, f14  f15=xxxxxxxx f10:3ff055f0 f15:3d205578 f14:beffffe0
14231957ns          250264 1c00886a 1c000737 lui              x14, 0x1c000000     x14=1c000000
14231977ns          250265 1c00886e 16872703 lw               x14, 360(x14)       x14=3f7fffff x14:1c000000  PA:1c000168
14232295ns          250281 1c008872 70f57543 fmadd.s          f10, f10, f15, f14  f10=xxxxxxxx f10:3ff055f0 f15:beda5e63 f14:3f7fffff
14232315ns          250282 1c008876 20a51553 fsgnjn.s         f10, f10, f10       f10=xxxxxxxx f10:3e4bf8d1 f10:3e4bf8d1
14232335ns          250283 1c00887a 00008067 jalr             x0, x1, 0            x1:1c0081de
14232395ns          250286 1c0081de 016a7a53 fadd.s           f20, f20, f22       f20=xxxxxxxx f20:4055e562 f22:3eaaa273
14232415ns          250287 1c0081e2 10acf553 fmul.s           f10, f25, f10       f10=xxxxxxxx f25:3f800000 f10:be4bf8d1
14232435ns          250288 1c0081e6 a14a97d3 flt.s            x15, f21, f20       x15=00000000 f21:40c90fdb f20:406b39b0
14232455ns          250289 1c0081ea 00a4222b p.sw             x10, 4(x8!)          x8=100016e0 x10:be4bf8d1  x8:100016dc  PA:100016dc
14232474ns          250290 1c0081ee 00078363 beq              x15, x0, 6          x15:00000000
14232534ns          250293 1c0081f4 ff7412e3 bne              x8, x23, -28         x8:100016e0 x23:100017c8
14232594ns          250296 1c0081d8 094c7553 fsub.s           f10, f24, f20       f10=xxxxxxxx f24:3fc90fdb f20:406b39b0
14232614ns          250297 1c0081dc 57c000ef jal              x1, 1404             x1=1c0081de
14232654ns          250299 1c008758 a0a527d3 feq.s            x15, f10, f10       x15=00000001 f10:c006b1c2 f10:c006b1c2
14232673ns          250300 1c00875c 0a078b63 beq              x15, x0, 182        x15:00000001
14232693ns          250301 1c00875e e00517d3 fclass.s         x15, f10            x15=00000002 f10:c006b1c2
14232713ns          250302 1c008762 0817f793 andi             x15, x15, 129       x15=00000000 x15:00000002
14232733ns          250303 1c008766 0a079663 bne              x15, x0, 172        x15:00000000
14232753ns          250304 1c008768 00000793 addi             x15, x0, 0          x15=00000000
14232773ns          250305 1c00876c a0f517d3 flt.s            x15, f10, f15       x15=00000001 f10:c006b1c2 f15:00000000
14232793ns          250306 1c008770 0a079663 bne              x15, x0, 172        x15:00000001
14232852ns          250309 1c00881c 1c0007b7 lui              x15, 0x1c000000     x15=1c000000
14232872ns          250310 1c008820 12c7a783 lw               x15, 300(x15)       x15=c0c90fdb x15:1c000000  PA:1c00012c
14233191ns          250326 1c008824 a0f517d3 flt.s            x15, f10, f15       x15=00000000 f10:c006b1c2 f15:c0c90fdb
14233210ns          250327 1c008828 00078463 beq              x15, x0, 8          x15:00000000
14233270ns          250330 1c008830 20a51553 fsgnjn.s         f10, f10, f10       f10=xxxxxxxx f10:c006b1c2 f10:c006b1c2
14233290ns          250331 1c008834 f6bff06f jal              x0, -150           
14233350ns          250334 1c00879e 1c0007b7 lui              x15, 0x1c000000     x15=1c000000
14233370ns          250335 1c0087a2 01c7a783 lw               x15, 28(x15)        x15=3fc90fdb x15:1c000000  PA:1c00001c
14233708ns          250352 1c0087a6 a0f517d3 flt.s            x15, f10, f15       x15=00000000 f10:4006b1c2 f15:3fc90fdb
14233728ns          250353 1c0087aa 02079563 bne              x15, x0, 42         x15:00000000
14233747ns          250354 1c0087ac 1c0007b7 lui              x15, 0x1c000000     x15=1c000000
14233767ns          250355 1c0087b0 1007a783 lw               x15, 256(x15)       x15=40490fdb x15:1c000000  PA:1c000100
14234086ns          250371 1c0087b4 a0f51753 flt.s            x14, f10, f15       x14=00000001 f10:4006b1c2 f15:40490fdb
14234106ns          250372 1c0087b8 06071f63 bne              x14, x0, 126        x14:00000001
14234185ns          250376 1c008836 08a7f553 fsub.s           f10, f15, f10       f10=xxxxxxxx f15:40490fdb f10:4006b1c2
14234205ns          250377 1c00883a 10a57553 fmul.s           f10, f10, f10       f10=xxxxxxxx f10:3f84bc32 f10:3f84bc32
14234225ns          250378 1c00883e 1c0007b7 lui              x15, 0x1c000000     x15=1c000000
14234245ns          250379 1c008842 1c000737 lui              x14, 0x1c000000     x14=1c000000
14234265ns          250380 1c008846 13472703 lw               x14, 308(x14)       x14=bab59551 x14:1c000000  PA:1c000134
14234583ns          250396 1c00884a 1307a783 lw               x15, 304(x15)       x15=37c23ab1 x15:1c000000  PA:1c000130
14234901ns          250412 1c00884e 70f577c3 fmadd.s          f15, f10, f15, f14  f15=xxxxxxxx f10:3f89a53c f15:37c23ab1 f14:bab59551
14234921ns          250413 1c008852 1c000737 lui              x14, 0x1c000000     x14=1c000000
14234941ns          250414 1c008856 13872703 lw               x14, 312(x14)       x14=3d2aa76f x14:1c000000  PA:1c000138
14235259ns          250430 1c00885a 70f577c3 fmadd.s          f15, f10, f15, f14  f15=xxxxxxxx f10:3f89a53c f15:bab251db f14:3d2aa76f
14235279ns          250431 1c00885e 1c000737 lui              x14, 0x1c000000     x14=1c000000
14235299ns          250432 1c008862 13c72703 lw               x14, 316(x14)       x14=beffffe0 x14:1c000000  PA:1c00013c
14235637ns          250449 1c008866 70f577c3 fmadd.s          f15, f10, f15, f14  f15=xxxxxxxx f10:3f89a53c f15:3d24a961 f14:beffffe0
14235657ns          250450 1c00886a 1c000737 lui              x14, 0x1c000000     x14=1c000000
14235677ns          250451 1c00886e 16872703 lw               x14, 360(x14)       x14=3f7fffff x14:1c000000  PA:1c000168
14236114ns          250473 1c008872 70f57543 fmadd.s          f10, f10, f15, f14  f10=xxxxxxxx f10:3f89a53c f15:bee9dda5 f14:3f7fffff
14236134ns          250474 1c008876 20a51553 fsgnjn.s         f10, f10, f10       f10=xxxxxxxx f10:3f02416f f10:3f02416f
14236154ns          250475 1c00887a 00008067 jalr             x0, x1, 0            x1:1c0081de
14236214ns          250478 1c0081de 016a7a53 fadd.s           f20, f20, f22       f20=xxxxxxxx f20:406b39b0 f22:3eaaa273
14236234ns          250479 1c0081e2 10acf553 fmul.s           f10, f25, f10       f10=xxxxxxxx f25:3f800000 f10:bf02416f
14236254ns          250480 1c0081e6 a14a97d3 flt.s            x15, f21, f20       x15=00000000 f21:40c90fdb f20:408046ff
14236274ns          250481 1c0081ea 00a4222b p.sw             x10, 4(x8!)          x8=100016e4 x10:bf02416f  x8:100016e0  PA:100016e0
14236294ns          250482 1c0081ee 00078363 beq              x15, x0, 6          x15:00000000
14236353ns          250485 1c0081f4 ff7412e3 bne              x8, x23, -28         x8:100016e4 x23:100017c8
14236413ns          250488 1c0081d8 094c7553 fsub.s           f10, f24, f20       f10=xxxxxxxx f24:3fc90fdb f20:408046ff
14236433ns          250489 1c0081dc 57c000ef jal              x1, 1404             x1=1c0081de
14236473ns          250491 1c008758 a0a527d3 feq.s            x15, f10, f10       x15=00000001 f10:c01c0610 f10:c01c0610
14236492ns          250492 1c00875c 0a078b63 beq              x15, x0, 182        x15:00000001
14236512ns          250493 1c00875e e00517d3 fclass.s         x15, f10            x15=00000002 f10:c01c0610
14236532ns          250494 1c008762 0817f793 andi             x15, x15, 129       x15=00000000 x15:00000002
14236552ns          250495 1c008766 0a079663 bne              x15, x0, 172        x15:00000000
14236572ns          250496 1c008768 00000793 addi             x15, x0, 0          x15=00000000
14236592ns          250497 1c00876c a0f517d3 flt.s            x15, f10, f15       x15=00000001 f10:c01c0610 f15:00000000
14236612ns          250498 1c008770 0a079663 bne              x15, x0, 172        x15:00000001
14236671ns          250501 1c00881c 1c0007b7 lui              x15, 0x1c000000     x15=1c000000
14236691ns          250502 1c008820 12c7a783 lw               x15, 300(x15)       x15=c0c90fdb x15:1c000000  PA:1c00012c
14237010ns          250518 1c008824 a0f517d3 flt.s            x15, f10, f15       x15=00000000 f10:c01c0610 f15:c0c90fdb
14237029ns          250519 1c008828 00078463 beq              x15, x0, 8          x15:00000000
14237089ns          250522 1c008830 20a51553 fsgnjn.s         f10, f10, f10       f10=xxxxxxxx f10:c01c0610 f10:c01c0610
14237109ns          250523 1c008834 f6bff06f jal              x0, -150           
14237169ns          250526 1c00879e 1c0007b7 lui              x15, 0x1c000000     x15=1c000000
14237189ns          250527 1c0087a2 01c7a783 lw               x15, 28(x15)        x15=3fc90fdb x15:1c000000  PA:1c00001c
14237527ns          250544 1c0087a6 a0f517d3 flt.s            x15, f10, f15       x15=00000000 f10:401c0610 f15:3fc90fdb
14237547ns          250545 1c0087aa 02079563 bne              x15, x0, 42         x15:00000000
14237567ns          250546 1c0087ac 1c0007b7 lui              x15, 0x1c000000     x15=1c000000
14237586ns          250547 1c0087b0 1007a783 lw               x15, 256(x15)       x15=40490fdb x15:1c000000  PA:1c000100
14237925ns          250564 1c0087b4 a0f51753 flt.s            x14, f10, f15       x14=00000001 f10:401c0610 f15:40490fdb
14237944ns          250565 1c0087b8 06071f63 bne              x14, x0, 126        x14:00000001
14238024ns          250569 1c008836 08a7f553 fsub.s           f10, f15, f10       f10=xxxxxxxx f15:40490fdb f10:401c0610
14238044ns          250570 1c00883a 10a57553 fmul.s           f10, f10, f10       f10=xxxxxxxx f10:3f34272c f10:3f34272c
14238064ns          250571 1c00883e 1c0007b7 lui              x15, 0x1c000000     x15=1c000000
14238084ns          250572 1c008842 1c000737 lui              x14, 0x1c000000     x14=1c000000
14238104ns          250573 1c008846 13472703 lw               x14, 308(x14)       x14=bab59551 x14:1c000000  PA:1c000134
14238402ns          250588 1c00884a 1307a783 lw               x15, 304(x15)       x15=37c23ab1 x15:1c000000  PA:1c000130
14238740ns          250605 1c00884e 70f577c3 fmadd.s          f15, f10, f15, f14  f15=xxxxxxxx f10:3efd8e38 f15:37c23ab1 f14:bab59551
14238760ns          250606 1c008852 1c000737 lui              x14, 0x1c000000     x14=1c000000
14238780ns          250607 1c008856 13872703 lw               x14, 312(x14)       x14=3d2aa76f x14:1c000000  PA:1c000138
14239098ns          250623 1c00885a 70f577c3 fmadd.s          f15, f10, f15, f14  f15=xxxxxxxx f10:3efd8e38 f15:bab41491 f14:3d2aa76f
14239118ns          250624 1c00885e 1c000737 lui              x14, 0x1c000000     x14=1c000000
14239138ns          250625 1c008862 13c72703 lw               x14, 316(x14)       x14=beffffe0 x14:1c000000  PA:1c00013c
14239456ns          250641 1c008866 70f577c3 fmadd.s          f15, f10, f15, f14  f15=xxxxxxxx f10:3efd8e38 f15:3d27ddfe f14:beffffe0
14239476ns          250642 1c00886a 1c000737 lui              x14, 0x1c000000     x14=1c000000
14239496ns          250643 1c00886e 16872703 lw               x14, 360(x14)       x14=3f7fffff x14:1c000000  PA:1c000168
14239814ns          250659 1c008872 70f57543 fmadd.s          f10, f10, f15, f14  f10=xxxxxxxx f10:3efd8e38 f15:bef59ba6 f14:3f7fffff
14239834ns          250660 1c008876 20a51553 fsgnjn.s         f10, f10, f10       f10=xxxxxxxx f10:3f432f2e f10:3f432f2e
14239854ns          250661 1c00887a 00008067 jalr             x0, x1, 0            x1:1c0081de
14239914ns          250664 1c0081de 016a7a53 fadd.s           f20, f20, f22       f20=xxxxxxxx f20:408046ff f22:3eaaa273
14239934ns          250665 1c0081e2 10acf553 fmul.s           f10, f25, f10       f10=xxxxxxxx f25:3f800000 f10:bf432f2e
14239953ns          250666 1c0081e6 a14a97d3 flt.s            x15, f21, f20       x15=00000000 f21:40c90fdb f20:408af126
14239973ns          250667 1c0081ea 00a4222b p.sw             x10, 4(x8!)          x8=100016e8 x10:bf432f2e  x8:100016e4  PA:100016e4
14239993ns          250668 1c0081ee 00078363 beq              x15, x0, 6          x15:00000000
14240053ns          250671 1c0081f4 ff7412e3 bne              x8, x23, -28         x8:100016e8 x23:100017c8
14240113ns          250674 1c0081d8 094c7553 fsub.s           f10, f24, f20       f10=xxxxxxxx f24:3fc90fdb f20:408af126
14240132ns          250675 1c0081dc 57c000ef jal              x1, 1404             x1=1c0081de
14240172ns          250677 1c008758 a0a527d3 feq.s            x15, f10, f10       x15=00000001 f10:c0315a5e f10:c0315a5e
14240192ns          250678 1c00875c 0a078b63 beq              x15, x0, 182        x15:00000001
14240212ns          250679 1c00875e e00517d3 fclass.s         x15, f10            x15=00000002 f10:c0315a5e
14240232ns          250680 1c008762 0817f793 andi             x15, x15, 129       x15=00000000 x15:00000002
14240252ns          250681 1c008766 0a079663 bne              x15, x0, 172        x15:00000000
14240272ns          250682 1c008768 00000793 addi             x15, x0, 0          x15=00000000
14240292ns          250683 1c00876c a0f517d3 flt.s            x15, f10, f15       x15=00000001 f10:c0315a5e f15:00000000
14240311ns          250684 1c008770 0a079663 bne              x15, x0, 172        x15:00000001
14240371ns          250687 1c00881c 1c0007b7 lui              x15, 0x1c000000     x15=1c000000
14240391ns          250688 1c008820 12c7a783 lw               x15, 300(x15)       x15=c0c90fdb x15:1c000000  PA:1c00012c
14240709ns          250704 1c008824 a0f517d3 flt.s            x15, f10, f15       x15=00000000 f10:c0315a5e f15:c0c90fdb
14240729ns          250705 1c008828 00078463 beq              x15, x0, 8          x15:00000000
14240789ns          250708 1c008830 20a51553 fsgnjn.s         f10, f10, f10       f10=xxxxxxxx f10:c0315a5e f10:c0315a5e
14240809ns          250709 1c008834 f6bff06f jal              x0, -150           
14240868ns          250712 1c00879e 1c0007b7 lui              x15, 0x1c000000     x15=1c000000
14240888ns          250713 1c0087a2 01c7a783 lw               x15, 28(x15)        x15=3fc90fdb x15:1c000000  PA:1c00001c
14241226ns          250730 1c0087a6 a0f517d3 flt.s            x15, f10, f15       x15=00000000 f10:40315a5e f15:3fc90fdb
14241246ns          250731 1c0087aa 02079563 bne              x15, x0, 42         x15:00000000
14241266ns          250732 1c0087ac 1c0007b7 lui              x15, 0x1c000000     x15=1c000000
14241286ns          250733 1c0087b0 1007a783 lw               x15, 256(x15)       x15=40490fdb x15:1c000000  PA:1c000100
14241604ns          250749 1c0087b4 a0f51753 flt.s            x14, f10, f15       x14=00000001 f10:40315a5e f15:40490fdb
14241624ns          250750 1c0087b8 06071f63 bne              x14, x0, 126        x14:00000001
14241704ns          250754 1c008836 08a7f553 fsub.s           f10, f15, f10       f10=xxxxxxxx f15:40490fdb f10:40315a5e
14241724ns          250755 1c00883a 10a57553 fmul.s           f10, f10, f10       f10=xxxxxxxx f10:3ebdabe8 f10:3ebdabe8
14241744ns          250756 1c00883e 1c0007b7 lui              x15, 0x1c000000     x15=1c000000
14241763ns          250757 1c008842 1c000737 lui              x14, 0x1c000000     x14=1c000000
14241783ns          250758 1c008846 13472703 lw               x14, 308(x14)       x14=bab59551 x14:1c000000  PA:1c000134
14242102ns          250774 1c00884a 1307a783 lw               x15, 304(x15)       x15=37c23ab1 x15:1c000000  PA:1c000130
14242420ns          250790 1c00884e 70f577c3 fmadd.s          f15, f10, f15, f14  f15=xxxxxxxx f10:3e0c8748 f15:37c23ab1 f14:bab59551
14242440ns          250791 1c008852 1c000737 lui              x14, 0x1c000000     x14=1c000000
14242460ns          250792 1c008856 13872703 lw               x14, 312(x14)       x14=3d2aa76f x14:1c000000  PA:1c000138
14242778ns          250808 1c00885a 70f577c3 fmadd.s          f15, f10, f15, f14  f15=xxxxxxxx f10:3e0c8748 f15:bab52ab2 f14:3d2aa76f
14242798ns          250809 1c00885e 1c000737 lui              x14, 0x1c000000     x14=1c000000
14242818ns          250810 1c008862 13c72703 lw               x14, 316(x14)       x14=beffffe0 x14:1c000000  PA:1c00013c
14243136ns          250826 1c008866 70f577c3 fmadd.s          f15, f10, f15, f14  f15=xxxxxxxx f10:3e0c8748 f15:3d29e089 f14:beffffe0
14243156ns          250827 1c00886a 1c000737 lui              x14, 0x1c000000     x14=1c000000
14243176ns          250828 1c00886e 16872703 lw               x14, 360(x14)       x14=3f7fffff x14:1c000000  PA:1c000168
14243494ns          250844 1c008872 70f57543 fmadd.s          f10, f10, f15, f14  f10=xxxxxxxx f10:3e0c8748 f15:befd15db f14:3f7fffff
14243514ns          250845 1c008876 20a51553 fsgnjn.s         f10, f10, f10       f10=xxxxxxxx f10:3f6ea249 f10:3f6ea249
14243534ns          250846 1c00887a 00008067 jalr             x0, x1, 0            x1:1c0081de
14243593ns          250849 1c0081de 016a7a53 fadd.s           f20, f20, f22       f20=xxxxxxxx f20:408af126 f22:3eaaa273
14243613ns          250850 1c0081e2 10acf553 fmul.s           f10, f25, f10       f10=xxxxxxxx f25:3f800000 f10:bf6ea249
14243633ns          250851 1c0081e6 a14a97d3 flt.s            x15, f21, f20       x15=00000000 f21:40c90fdb f20:40959b4d
14243653ns          250852 1c0081ea 00a4222b p.sw             x10, 4(x8!)          x8=100016ec x10:bf6ea249  x8:100016e8  PA:100016e8
14243673ns          250853 1c0081ee 00078363 beq              x15, x0, 6          x15:00000000
14243733ns          250856 1c0081f4 ff7412e3 bne              x8, x23, -28         x8:100016ec x23:100017c8
14243792ns          250859 1c0081d8 094c7553 fsub.s           f10, f24, f20       f10=xxxxxxxx f24:3fc90fdb f20:40959b4d
14243812ns          250860 1c0081dc 57c000ef jal              x1, 1404             x1=1c0081de
14243852ns          250862 1c008758 a0a527d3 feq.s            x15, f10, f10       x15=00000001 f10:c046aeac f10:c046aeac
14243872ns          250863 1c00875c 0a078b63 beq              x15, x0, 182        x15:00000001
14243892ns          250864 1c00875e e00517d3 fclass.s         x15, f10            x15=00000002 f10:c046aeac
14243912ns          250865 1c008762 0817f793 andi             x15, x15, 129       x15=00000000 x15:00000002
14243932ns          250866 1c008766 0a079663 bne              x15, x0, 172        x15:00000000
14243951ns          250867 1c008768 00000793 addi             x15, x0, 0          x15=00000000
14243971ns          250868 1c00876c a0f517d3 flt.s            x15, f10, f15       x15=00000001 f10:c046aeac f15:00000000
14243991ns          250869 1c008770 0a079663 bne              x15, x0, 172        x15:00000001
14244051ns          250872 1c00881c 1c0007b7 lui              x15, 0x1c000000     x15=1c000000
14244071ns          250873 1c008820 12c7a783 lw               x15, 300(x15)       x15=c0c90fdb x15:1c000000  PA:1c00012c
14244449ns          250892 1c008824 a0f517d3 flt.s            x15, f10, f15       x15=00000000 f10:c046aeac f15:c0c90fdb
14244469ns          250893 1c008828 00078463 beq              x15, x0, 8          x15:00000000
14244528ns          250896 1c008830 20a51553 fsgnjn.s         f10, f10, f10       f10=xxxxxxxx f10:c046aeac f10:c046aeac
14244548ns          250897 1c008834 f6bff06f jal              x0, -150           
14244608ns          250900 1c00879e 1c0007b7 lui              x15, 0x1c000000     x15=1c000000
14244628ns          250901 1c0087a2 01c7a783 lw               x15, 28(x15)        x15=3fc90fdb x15:1c000000  PA:1c00001c
14244946ns          250917 1c0087a6 a0f517d3 flt.s            x15, f10, f15       x15=00000000 f10:4046aeac f15:3fc90fdb
14244966ns          250918 1c0087aa 02079563 bne              x15, x0, 42         x15:00000000
14244986ns          250919 1c0087ac 1c0007b7 lui              x15, 0x1c000000     x15=1c000000
14245006ns          250920 1c0087b0 1007a783 lw               x15, 256(x15)       x15=40490fdb x15:1c000000  PA:1c000100
14245364ns          250938 1c0087b4 a0f51753 flt.s            x14, f10, f15       x14=00000001 f10:4046aeac f15:40490fdb
14245384ns          250939 1c0087b8 06071f63 bne              x14, x0, 126        x14:00000001
14245463ns          250943 1c008836 08a7f553 fsub.s           f10, f15, f10       f10=xxxxxxxx f15:40490fdb f10:4046aeac
14245483ns          250944 1c00883a 10a57553 fmul.s           f10, f10, f10       f10=xxxxxxxx f10:3d184bc0 f10:3d184bc0
14245503ns          250945 1c00883e 1c0007b7 lui              x15, 0x1c000000     x15=1c000000
14245523ns          250946 1c008842 1c000737 lui              x14, 0x1c000000     x14=1c000000
14245543ns          250947 1c008846 13472703 lw               x14, 308(x14)       x14=bab59551 x14:1c000000  PA:1c000134
14245841ns          250962 1c00884a 1307a783 lw               x15, 304(x15)       x15=37c23ab1 x15:1c000000  PA:1c000130
14246159ns          250978 1c00884e 70f577c3 fmadd.s          f15, f10, f15, f14  f15=xxxxxxxx f10:3ab53415 f15:37c23ab1 f14:bab59551
14246179ns          250979 1c008852 1c000737 lui              x14, 0x1c000000     x14=1c000000
14246199ns          250980 1c008856 13872703 lw               x14, 312(x14)       x14=3d2aa76f x14:1c000000  PA:1c000138
14246557ns          250998 1c00885a 70f577c3 fmadd.s          f15, f10, f15, f14  f15=xxxxxxxx f10:3ab53415 f15:bab5943e f14:3d2aa76f
14246577ns          250999 1c00885e 1c000737 lui              x14, 0x1c000000     x14=1c000000
14246597ns          251000 1c008862 13c72703 lw               x14, 316(x14)       x14=beffffe0 x14:1c000000  PA:1c00013c
14246975ns          251019 1c008866 70f577c3 fmadd.s          f15, f10, f15, f14  f15=xxxxxxxx f10:3ab53415 f15:3d2aa56d f14:beffffe0
14246995ns          251020 1c00886a 1c000737 lui              x14, 0x1c000000     x14=1c000000
14247015ns          251021 1c00886e 16872703 lw               x14, 360(x14)       x14=3f7fffff x14:1c000000  PA:1c000168
14247333ns          251037 1c008872 70f57543 fmadd.s          f10, f10, f15, f14  f10=xxxxxxxx f10:3ab53415 f15:befff853 f14:3f7fffff
14247353ns          251038 1c008876 20a51553 fsgnjn.s         f10, f10, f10       f10=xxxxxxxx f10:3f7fd2b3 f10:3f7fd2b3
14247373ns          251039 1c00887a 00008067 jalr             x0, x1, 0            x1:1c0081de
14247432ns          251042 1c0081de 016a7a53 fadd.s           f20, f20, f22       f20=xxxxxxxx f20:40959b4d f22:3eaaa273
14247452ns          251043 1c0081e2 10acf553 fmul.s           f10, f25, f10       f10=xxxxxxxx f25:3f800000 f10:bf7fd2b3
14247472ns          251044 1c0081e6 a14a97d3 flt.s            x15, f21, f20       x15=00000000 f21:40c90fdb f20:40a04574
14247492ns          251045 1c0081ea 00a4222b p.sw             x10, 4(x8!)          x8=100016f0 x10:bf7fd2b3  x8:100016ec  PA:100016ec
14247512ns          251046 1c0081ee 00078363 beq              x15, x0, 6          x15:00000000
14247572ns          251049 1c0081f4 ff7412e3 bne              x8, x23, -28         x8:100016f0 x23:100017c8
14247631ns          251052 1c0081d8 094c7553 fsub.s           f10, f24, f20       f10=xxxxxxxx f24:3fc90fdb f20:40a04574
14247651ns          251053 1c0081dc 57c000ef jal              x1, 1404             x1=1c0081de
14247691ns          251055 1c008758 a0a527d3 feq.s            x15, f10, f10       x15=00000001 f10:c05c02fa f10:c05c02fa
14247711ns          251056 1c00875c 0a078b63 beq              x15, x0, 182        x15:00000001
14247731ns          251057 1c00875e e00517d3 fclass.s         x15, f10            x15=00000002 f10:c05c02fa
14247751ns          251058 1c008762 0817f793 andi             x15, x15, 129       x15=00000000 x15:00000002
14247770ns          251059 1c008766 0a079663 bne              x15, x0, 172        x15:00000000
14247790ns          251060 1c008768 00000793 addi             x15, x0, 0          x15=00000000
14247810ns          251061 1c00876c a0f517d3 flt.s            x15, f10, f15       x15=00000001 f10:c05c02fa f15:00000000
14247830ns          251062 1c008770 0a079663 bne              x15, x0, 172        x15:00000001
14247890ns          251065 1c00881c 1c0007b7 lui              x15, 0x1c000000     x15=1c000000
14247910ns          251066 1c008820 12c7a783 lw               x15, 300(x15)       x15=c0c90fdb x15:1c000000  PA:1c00012c
14248248ns          251083 1c008824 a0f517d3 flt.s            x15, f10, f15       x15=00000000 f10:c05c02fa f15:c0c90fdb
14248268ns          251084 1c008828 00078463 beq              x15, x0, 8          x15:00000000
14248327ns          251087 1c008830 20a51553 fsgnjn.s         f10, f10, f10       f10=xxxxxxxx f10:c05c02fa f10:c05c02fa
14248347ns          251088 1c008834 f6bff06f jal              x0, -150           
14248407ns          251091 1c00879e 1c0007b7 lui              x15, 0x1c000000     x15=1c000000
14248427ns          251092 1c0087a2 01c7a783 lw               x15, 28(x15)        x15=3fc90fdb x15:1c000000  PA:1c00001c
14248745ns          251108 1c0087a6 a0f517d3 flt.s            x15, f10, f15       x15=00000000 f10:405c02fa f15:3fc90fdb
14248765ns          251109 1c0087aa 02079563 bne              x15, x0, 42         x15:00000000
14248785ns          251110 1c0087ac 1c0007b7 lui              x15, 0x1c000000     x15=1c000000
14248805ns          251111 1c0087b0 1007a783 lw               x15, 256(x15)       x15=40490fdb x15:1c000000  PA:1c000100
14249123ns          251127 1c0087b4 a0f51753 flt.s            x14, f10, f15       x14=00000000 f10:405c02fa f15:40490fdb
14249143ns          251128 1c0087b8 06071f63 bne              x14, x0, 126        x14:00000000
14249163ns          251129 1c0087ba 1c000737 lui              x14, 0x1c000000     x14=1c000000
14249183ns          251130 1c0087be 14072703 lw               x14, 320(x14)       x14=4096cbe4 x14:1c000000  PA:1c000140
14249501ns          251146 1c0087c2 a0e51753 flt.s            x14, f10, f14       x14=00000001 f10:405c02fa f14:4096cbe4
14249521ns          251147 1c0087c6 0a071b63 bne              x14, x0, 182        x14:00000001
14249581ns          251150 1c00887c 08f57553 fsub.s           f10, f10, f15       f10=xxxxxxxx f10:405c02fa f15:40490fdb
14249600ns          251151 1c008880 fbbff06f jal              x0, -70            
14249660ns          251154 1c00883a 10a57553 fmul.s           f10, f10, f10       f10=xxxxxxxx f10:3e9798f8 f10:3e9798f8
14249680ns          251155 1c00883e 1c0007b7 lui              x15, 0x1c000000     x15=1c000000
14249700ns          251156 1c008842 1c000737 lui              x14, 0x1c000000     x14=1c000000
14249720ns          251157 1c008846 13472703 lw               x14, 308(x14)       x14=bab59551 x14:1c000000  PA:1c000134
14250018ns          251172 1c00884a 1307a783 lw               x15, 304(x15)       x15=37c23ab1 x15:1c000000  PA:1c000130
14250336ns          251188 1c00884e 70f577c3 fmadd.s          f15, f10, f15, f14  f15=xxxxxxxx f10:3db38ba0 f15:37c23ab1 f14:bab59551
14250356ns          251189 1c008852 1c000737 lui              x14, 0x1c000000     x14=1c000000
14250376ns          251190 1c008856 13872703 lw               x14, 312(x14)       x14=3d2aa76f x14:1c000000  PA:1c000138
14250694ns          251206 1c00885a 70f577c3 fmadd.s          f15, f10, f15, f14  f15=xxxxxxxx f10:3db38ba0 f15:bab55135 f14:3d2aa76f
14250714ns          251207 1c00885e 1c000737 lui              x14, 0x1c000000     x14=1c000000
14250734ns          251208 1c008862 13c72703 lw               x14, 316(x14)       x14=beffffe0 x14:1c000000  PA:1c00013c
14251052ns          251224 1c008866 70f577c3 fmadd.s          f15, f10, f15, f14  f15=xxxxxxxx f10:3db38ba0 f15:3d2a2844 f14:beffffe0
14251072ns          251225 1c00886a 1c000737 lui              x14, 0x1c000000     x14=1c000000
14251092ns          251226 1c00886e 16872703 lw               x14, 360(x14)       x14=3f7fffff x14:1c000000  PA:1c000168
14251410ns          251242 1c008872 70f57543 fmadd.s          f10, f10, f15, f14  f10=xxxxxxxx f10:3db38ba0 f15:befe2284 f14:3f7fffff
14251430ns          251243 1c008876 20a51553 fsgnjn.s         f10, f10, f10       f10=xxxxxxxx f10:3f74dc33 f10:3f74dc33
14251450ns          251244 1c00887a 00008067 jalr             x0, x1, 0            x1:1c0081de
14251510ns          251247 1c0081de 016a7a53 fadd.s           f20, f20, f22       f20=xxxxxxxx f20:40a04574 f22:3eaaa273
14251530ns          251248 1c0081e2 10acf553 fmul.s           f10, f25, f10       f10=xxxxxxxx f25:3f800000 f10:bf74dc33
14251550ns          251249 1c0081e6 a14a97d3 flt.s            x15, f21, f20       x15=00000000 f21:40c90fdb f20:40aaef9b
14251570ns          251250 1c0081ea 00a4222b p.sw             x10, 4(x8!)          x8=100016f4 x10:bf74dc33  x8:100016f0  PA:100016f0
14251589ns          251251 1c0081ee 00078363 beq              x15, x0, 6          x15:00000000
14251649ns          251254 1c0081f4 ff7412e3 bne              x8, x23, -28         x8:100016f4 x23:100017c8
14251709ns          251257 1c0081d8 094c7553 fsub.s           f10, f24, f20       f10=xxxxxxxx f24:3fc90fdb f20:40aaef9b
14251729ns          251258 1c0081dc 57c000ef jal              x1, 1404             x1=1c0081de
14251769ns          251260 1c008758 a0a527d3 feq.s            x15, f10, f10       x15=00000001 f10:c0715748 f10:c0715748
14251788ns          251261 1c00875c 0a078b63 beq              x15, x0, 182        x15:00000001
14251808ns          251262 1c00875e e00517d3 fclass.s         x15, f10            x15=00000002 f10:c0715748
14251828ns          251263 1c008762 0817f793 andi             x15, x15, 129       x15=00000000 x15:00000002
14251848ns          251264 1c008766 0a079663 bne              x15, x0, 172        x15:00000000
14251868ns          251265 1c008768 00000793 addi             x15, x0, 0          x15=00000000
14251888ns          251266 1c00876c a0f517d3 flt.s            x15, f10, f15       x15=00000001 f10:c0715748 f15:00000000
14251908ns          251267 1c008770 0a079663 bne              x15, x0, 172        x15:00000001
14251967ns          251270 1c00881c 1c0007b7 lui              x15, 0x1c000000     x15=1c000000
14251987ns          251271 1c008820 12c7a783 lw               x15, 300(x15)       x15=c0c90fdb x15:1c000000  PA:1c00012c
14252325ns          251288 1c008824 a0f517d3 flt.s            x15, f10, f15       x15=00000000 f10:c0715748 f15:c0c90fdb
14252345ns          251289 1c008828 00078463 beq              x15, x0, 8          x15:00000000
14252405ns          251292 1c008830 20a51553 fsgnjn.s         f10, f10, f10       f10=xxxxxxxx f10:c0715748 f10:c0715748
14252425ns          251293 1c008834 f6bff06f jal              x0, -150           
14252485ns          251296 1c00879e 1c0007b7 lui              x15, 0x1c000000     x15=1c000000
14252504ns          251297 1c0087a2 01c7a783 lw               x15, 28(x15)        x15=3fc90fdb x15:1c000000  PA:1c00001c
14252823ns          251313 1c0087a6 a0f517d3 flt.s            x15, f10, f15       x15=00000000 f10:40715748 f15:3fc90fdb
14252843ns          251314 1c0087aa 02079563 bne              x15, x0, 42         x15:00000000
14252863ns          251315 1c0087ac 1c0007b7 lui              x15, 0x1c000000     x15=1c000000
14252882ns          251316 1c0087b0 1007a783 lw               x15, 256(x15)       x15=40490fdb x15:1c000000  PA:1c000100
14253221ns          251333 1c0087b4 a0f51753 flt.s            x14, f10, f15       x14=00000000 f10:40715748 f15:40490fdb
14253240ns          251334 1c0087b8 06071f63 bne              x14, x0, 126        x14:00000000
14253260ns          251335 1c0087ba 1c000737 lui              x14, 0x1c000000     x14=1c000000
14253280ns          251336 1c0087be 14072703 lw               x14, 320(x14)       x14=4096cbe4 x14:1c000000  PA:1c000140
14253598ns          251352 1c0087c2 a0e51753 flt.s            x14, f10, f14       x14=00000001 f10:40715748 f14:4096cbe4
14253618ns          251353 1c0087c6 0a071b63 bne              x14, x0, 182        x14:00000001
14253678ns          251356 1c00887c 08f57553 fsub.s           f10, f10, f15       f10=xxxxxxxx f10:40715748 f15:40490fdb
14253698ns          251357 1c008880 fbbff06f jal              x0, -70            
14253758ns          251360 1c00883a 10a57553 fmul.s           f10, f10, f10       f10=xxxxxxxx f10:3f211db4 f10:3f211db4
14253777ns          251361 1c00883e 1c0007b7 lui              x15, 0x1c000000     x15=1c000000
14253797ns          251362 1c008842 1c000737 lui              x14, 0x1c000000     x14=1c000000
14253817ns          251363 1c008846 13472703 lw               x14, 308(x14)       x14=bab59551 x14:1c000000  PA:1c000134
14254116ns          251378 1c00884a 1307a783 lw               x15, 304(x15)       x15=37c23ab1 x15:1c000000  PA:1c000130
14254434ns          251394 1c00884e 70f577c3 fmadd.s          f15, f10, f15, f14  f15=xxxxxxxx f10:3ecaccc0 f15:37c23ab1 f14:bab59551
14254454ns          251395 1c008852 1c000737 lui              x14, 0x1c000000     x14=1c000000
14254474ns          251396 1c008856 13872703 lw               x14, 312(x14)       x14=3d2aa76f x14:1c000000  PA:1c000138
14254792ns          251412 1c00885a 70f577c3 fmadd.s          f15, f10, f15, f14  f15=xxxxxxxx f10:3ecaccc0 f15:bab46196 f14:3d2aa76f
14254812ns          251413 1c00885e 1c000737 lui              x14, 0x1c000000     x14=1c000000
14254832ns          251414 1c008862 13c72703 lw               x14, 316(x14)       x14=beffffe0 x14:1c000000  PA:1c00013c
14255190ns          251432 1c008866 70f577c3 fmadd.s          f15, f10, f15, f14  f15=xxxxxxxx f10:3ecaccc0 f15:3d286bda f14:beffffe0
14255210ns          251433 1c00886a 1c000737 lui              x14, 0x1c000000     x14=1c000000
14255230ns          251434 1c00886e 16872703 lw               x14, 360(x14)       x14=3f7fffff x14:1c000000  PA:1c000168
14255548ns          251450 1c008872 70f57543 fmadd.s          f10, f10, f15, f14  f10=xxxxxxxx f10:3ecaccc0 f15:bef7a923 f14:3f7fffff
14255568ns          251451 1c008876 20a51553 fsgnjn.s         f10, f10, f10       f10=xxxxxxxx f10:3f4ef39c f10:3f4ef39c
14255588ns          251452 1c00887a 00008067 jalr             x0, x1, 0            x1:1c0081de
14255647ns          251455 1c0081de 016a7a53 fadd.s           f20, f20, f22       f20=xxxxxxxx f20:40aaef9b f22:3eaaa273
14255667ns          251456 1c0081e2 10acf553 fmul.s           f10, f25, f10       f10=xxxxxxxx f25:3f800000 f10:bf4ef39c
14255687ns          251457 1c0081e6 a14a97d3 flt.s            x15, f21, f20       x15=00000000 f21:40c90fdb f20:40b599c2
14255707ns          251458 1c0081ea 00a4222b p.sw             x10, 4(x8!)          x8=100016f8 x10:bf4ef39c  x8:100016f4  PA:100016f4
14255727ns          251459 1c0081ee 00078363 beq              x15, x0, 6          x15:00000000
14255786ns          251462 1c0081f4 ff7412e3 bne              x8, x23, -28         x8:100016f8 x23:100017c8
14255846ns          251465 1c0081d8 094c7553 fsub.s           f10, f24, f20       f10=xxxxxxxx f24:3fc90fdb f20:40b599c2
14255866ns          251466 1c0081dc 57c000ef jal              x1, 1404             x1=1c0081de
14255906ns          251468 1c008758 a0a527d3 feq.s            x15, f10, f10       x15=00000001 f10:c08355cb f10:c08355cb
14255926ns          251469 1c00875c 0a078b63 beq              x15, x0, 182        x15:00000001
14255946ns          251470 1c00875e e00517d3 fclass.s         x15, f10            x15=00000002 f10:c08355cb
14255965ns          251471 1c008762 0817f793 andi             x15, x15, 129       x15=00000000 x15:00000002
14255985ns          251472 1c008766 0a079663 bne              x15, x0, 172        x15:00000000
14256005ns          251473 1c008768 00000793 addi             x15, x0, 0          x15=00000000
14256025ns          251474 1c00876c a0f517d3 flt.s            x15, f10, f15       x15=00000001 f10:c08355cb f15:00000000
14256045ns          251475 1c008770 0a079663 bne              x15, x0, 172        x15:00000001
14256105ns          251478 1c00881c 1c0007b7 lui              x15, 0x1c000000     x15=1c000000
14256125ns          251479 1c008820 12c7a783 lw               x15, 300(x15)       x15=c0c90fdb x15:1c000000  PA:1c00012c
14256463ns          251496 1c008824 a0f517d3 flt.s            x15, f10, f15       x15=00000000 f10:c08355cb f15:c0c90fdb
14256483ns          251497 1c008828 00078463 beq              x15, x0, 8          x15:00000000
14256542ns          251500 1c008830 20a51553 fsgnjn.s         f10, f10, f10       f10=xxxxxxxx f10:c08355cb f10:c08355cb
14256562ns          251501 1c008834 f6bff06f jal              x0, -150           
14256622ns          251504 1c00879e 1c0007b7 lui              x15, 0x1c000000     x15=1c000000
14256642ns          251505 1c0087a2 01c7a783 lw               x15, 28(x15)        x15=3fc90fdb x15:1c000000  PA:1c00001c
14257000ns          251523 1c0087a6 a0f517d3 flt.s            x15, f10, f15       x15=00000000 f10:408355cb f15:3fc90fdb
14257020ns          251524 1c0087aa 02079563 bne              x15, x0, 42         x15:00000000
14257040ns          251525 1c0087ac 1c0007b7 lui              x15, 0x1c000000     x15=1c000000
14257059ns          251526 1c0087b0 1007a783 lw               x15, 256(x15)       x15=40490fdb x15:1c000000  PA:1c000100
14257378ns          251542 1c0087b4 a0f51753 flt.s            x14, f10, f15       x14=00000000 f10:408355cb f15:40490fdb
14257398ns          251543 1c0087b8 06071f63 bne              x14, x0, 126        x14:00000000
14257417ns          251544 1c0087ba 1c000737 lui              x14, 0x1c000000     x14=1c000000
14257437ns          251545 1c0087be 14072703 lw               x14, 320(x14)       x14=4096cbe4 x14:1c000000  PA:1c000140
14257776ns          251562 1c0087c2 a0e51753 flt.s            x14, f10, f14       x14=00000001 f10:408355cb f14:4096cbe4
14257795ns          251563 1c0087c6 0a071b63 bne              x14, x0, 182        x14:00000001
14257855ns          251566 1c00887c 08f57553 fsub.s           f10, f10, f15       f10=xxxxxxxx f10:408355cb f15:40490fdb
14257875ns          251567 1c008880 fbbff06f jal              x0, -70            
14257935ns          251570 1c00883a 10a57553 fmul.s           f10, f10, f10       f10=xxxxxxxx f10:3f766eec f10:3f766eec
14257955ns          251571 1c00883e 1c0007b7 lui              x15, 0x1c000000     x15=1c000000
14257974ns          251572 1c008842 1c000737 lui              x14, 0x1c000000     x14=1c000000
14257994ns          251573 1c008846 13472703 lw               x14, 308(x14)       x14=bab59551 x14:1c000000  PA:1c000134
14258293ns          251588 1c00884a 1307a783 lw               x15, 304(x15)       x15=37c23ab1 x15:1c000000  PA:1c000130
14258631ns          251605 1c00884e 70f577c3 fmadd.s          f15, f10, f15, f14  f15=xxxxxxxx f10:3f6d395e f15:37c23ab1 f14:bab59551
14258651ns          251606 1c008852 1c000737 lui              x14, 0x1c000000     x14=1c000000
14258671ns          251607 1c008856 13872703 lw               x14, 312(x14)       x14=3d2aa76f x14:1c000000  PA:1c000138
14258989ns          251623 1c00885a 70f577c3 fmadd.s          f15, f10, f15, f14  f15=xxxxxxxx f10:3f6d395e f15:bab2c562 f14:3d2aa76f
14259009ns          251624 1c00885e 1c000737 lui              x14, 0x1c000000     x14=1c000000
14259029ns          251625 1c008862 13c72703 lw               x14, 316(x14)       x14=beffffe0 x14:1c000000  PA:1c00013c
14259367ns          251642 1c008866 70f577c3 fmadd.s          f15, f10, f15, f14  f15=xxxxxxxx f10:3f6d395e f15:3d257a29 f14:beffffe0
14259387ns          251643 1c00886a 1c000737 lui              x14, 0x1c000000     x14=1c000000
14259407ns          251644 1c00886e 16872703 lw               x14, 360(x14)       x14=3f7fffff x14:1c000000  PA:1c000168
14259725ns          251660 1c008872 70f57543 fmadd.s          f10, f10, f15, f14  f10=xxxxxxxx f10:3f6d395e f15:beecd4fa f14:3f7fffff
14259745ns          251661 1c008876 20a51553 fsgnjn.s         f10, f10, f10       f10=xxxxxxxx f10:3f1244e0 f10:3f1244e0
14259765ns          251662 1c00887a 00008067 jalr             x0, x1, 0            x1:1c0081de
14259824ns          251665 1c0081de 016a7a53 fadd.s           f20, f20, f22       f20=xxxxxxxx f20:40b599c2 f22:3eaaa273
14259844ns          251666 1c0081e2 10acf553 fmul.s           f10, f25, f10       f10=xxxxxxxx f25:3f800000 f10:bf1244e0
14259864ns          251667 1c0081e6 a14a97d3 flt.s            x15, f21, f20       x15=00000000 f21:40c90fdb f20:40c043e9
14259884ns          251668 1c0081ea 00a4222b p.sw             x10, 4(x8!)          x8=100016fc x10:bf1244e0  x8:100016f8  PA:100016f8
14259904ns          251669 1c0081ee 00078363 beq              x15, x0, 6          x15:00000000
14259964ns          251672 1c0081f4 ff7412e3 bne              x8, x23, -28         x8:100016fc x23:100017c8
14260023ns          251675 1c0081d8 094c7553 fsub.s           f10, f24, f20       f10=xxxxxxxx f24:3fc90fdb f20:40c043e9
14260043ns          251676 1c0081dc 57c000ef jal              x1, 1404             x1=1c0081de
14260083ns          251678 1c008758 a0a527d3 feq.s            x15, f10, f10       x15=00000001 f10:c08dfff2 f10:c08dfff2
14260103ns          251679 1c00875c 0a078b63 beq              x15, x0, 182        x15:00000001
14260123ns          251680 1c00875e e00517d3 fclass.s         x15, f10            x15=00000002 f10:c08dfff2
14260143ns          251681 1c008762 0817f793 andi             x15, x15, 129       x15=00000000 x15:00000002
14260162ns          251682 1c008766 0a079663 bne              x15, x0, 172        x15:00000000
14260182ns          251683 1c008768 00000793 addi             x15, x0, 0          x15=00000000
14260202ns          251684 1c00876c a0f517d3 flt.s            x15, f10, f15       x15=00000001 f10:c08dfff2 f15:00000000
14260222ns          251685 1c008770 0a079663 bne              x15, x0, 172        x15:00000001
14260282ns          251688 1c00881c 1c0007b7 lui              x15, 0x1c000000     x15=1c000000
14260302ns          251689 1c008820 12c7a783 lw               x15, 300(x15)       x15=c0c90fdb x15:1c000000  PA:1c00012c
14260640ns          251706 1c008824 a0f517d3 flt.s            x15, f10, f15       x15=00000000 f10:c08dfff2 f15:c0c90fdb
14260660ns          251707 1c008828 00078463 beq              x15, x0, 8          x15:00000000
14260719ns          251710 1c008830 20a51553 fsgnjn.s         f10, f10, f10       f10=xxxxxxxx f10:c08dfff2 f10:c08dfff2
14260739ns          251711 1c008834 f6bff06f jal              x0, -150           
14260799ns          251714 1c00879e 1c0007b7 lui              x15, 0x1c000000     x15=1c000000
14260819ns          251715 1c0087a2 01c7a783 lw               x15, 28(x15)        x15=3fc90fdb x15:1c000000  PA:1c00001c
14261137ns          251731 1c0087a6 a0f517d3 flt.s            x15, f10, f15       x15=00000000 f10:408dfff2 f15:3fc90fdb
14261157ns          251732 1c0087aa 02079563 bne              x15, x0, 42         x15:00000000
14261177ns          251733 1c0087ac 1c0007b7 lui              x15, 0x1c000000     x15=1c000000
14261197ns          251734 1c0087b0 1007a783 lw               x15, 256(x15)       x15=40490fdb x15:1c000000  PA:1c000100
14261515ns          251750 1c0087b4 a0f51753 flt.s            x14, f10, f15       x14=00000000 f10:408dfff2 f15:40490fdb
14261535ns          251751 1c0087b8 06071f63 bne              x14, x0, 126        x14:00000000
14261555ns          251752 1c0087ba 1c000737 lui              x14, 0x1c000000     x14=1c000000
14261575ns          251753 1c0087be 14072703 lw               x14, 320(x14)       x14=4096cbe4 x14:1c000000  PA:1c000140
14261893ns          251769 1c0087c2 a0e51753 flt.s            x14, f10, f14       x14=00000001 f10:408dfff2 f14:4096cbe4
14261913ns          251770 1c0087c6 0a071b63 bne              x14, x0, 182        x14:00000001
14261972ns          251773 1c00887c 08f57553 fsub.s           f10, f10, f15       f10=xxxxxxxx f10:408dfff2 f15:40490fdb
14261992ns          251774 1c008880 fbbff06f jal              x0, -70            
14262052ns          251777 1c00883a 10a57553 fmul.s           f10, f10, f10       f10=xxxxxxxx f10:3fa5e012 f10:3fa5e012
14262072ns          251778 1c00883e 1c0007b7 lui              x15, 0x1c000000     x15=1c000000
14262092ns          251779 1c008842 1c000737 lui              x14, 0x1c000000     x14=1c000000
14262112ns          251780 1c008846 13472703 lw               x14, 308(x14)       x14=bab59551 x14:1c000000  PA:1c000134
14262430ns          251796 1c00884a 1307a783 lw               x15, 304(x15)       x15=37c23ab1 x15:1c000000  PA:1c000130
14262768ns          251813 1c00884e 70f577c3 fmadd.s          f15, f10, f15, f14  f15=xxxxxxxx f10:3fd6f537 f15:37c23ab1 f14:bab59551
14262788ns          251814 1c008852 1c000737 lui              x14, 0x1c000000     x14=1c000000
14262808ns          251815 1c008856 13872703 lw               x14, 312(x14)       x14=3d2aa76f x14:1c000000  PA:1c000138
14263126ns          251831 1c00885a 70f577c3 fmadd.s          f15, f10, f15, f14  f15=xxxxxxxx f10:3fd6f537 f15:bab07c98 f14:3d2aa76f
14263146ns          251832 1c00885e 1c000737 lui              x14, 0x1c000000     x14=1c000000
14263166ns          251833 1c008862 13c72703 lw               x14, 316(x14)       x14=beffffe0 x14:1c000000  PA:1c00013c
14263484ns          251849 1c008866 70f577c3 fmadd.s          f15, f10, f15, f14  f15=xxxxxxxx f10:3fd6f537 f15:3d21645c f14:beffffe0
14263504ns          251850 1c00886a 1c000737 lui              x14, 0x1c000000     x14=1c000000
14263524ns          251851 1c00886e 16872703 lw               x14, 360(x14)       x14=3f7fffff x14:1c000000  PA:1c000168
14263862ns          251868 1c008872 70f57543 fmadd.s          f10, f10, f15, f14  f10=xxxxxxxx f10:3fd6f537 f15:bede1ec1 f14:3f7fffff
14263882ns          251869 1c008876 20a51553 fsgnjn.s         f10, f10, f10       f10=xxxxxxxx f10:3e8afb0d f10:3e8afb0d
14263902ns          251870 1c00887a 00008067 jalr             x0, x1, 0            x1:1c0081de
14263962ns          251873 1c0081de 016a7a53 fadd.s           f20, f20, f22       f20=xxxxxxxx f20:40c043e9 f22:3eaaa273
14263981ns          251874 1c0081e2 10acf553 fmul.s           f10, f25, f10       f10=xxxxxxxx f25:3f800000 f10:be8afb0d
14264001ns          251875 1c0081e6 a14a97d3 flt.s            x15, f21, f20       x15=00000001 f21:40c90fdb f20:40caee10
14264021ns          251876 1c0081ea 00a4222b p.sw             x10, 4(x8!)          x8=10001700 x10:be8afb0d  x8:100016fc  PA:100016fc
14264041ns          251877 1c0081ee 00078363 beq              x15, x0, 6          x15:00000001
14264061ns          251878 1c0081f0 095a7a53 fsub.s           f20, f20, f21       f20=xxxxxxxx f20:40caee10 f21:40c90fdb
14264081ns          251879 1c0081f4 ff7412e3 bne              x8, x23, -28         x8:10001700 x23:100017c8
14264141ns          251882 1c0081d8 094c7553 fsub.s           f10, f24, f20       f10=xxxxxxxx f24:3fc90fdb f20:3d6f1a80
14264160ns          251883 1c0081dc 57c000ef jal              x1, 1404             x1=1c0081de
14264200ns          251885 1c008758 a0a527d3 feq.s            x15, f10, f10       x15=00000001 f10:3fc19707 f10:3fc19707
14264220ns          251886 1c00875c 0a078b63 beq              x15, x0, 182        x15:00000001
14264240ns          251887 1c00875e e00517d3 fclass.s         x15, f10            x15=00000040 f10:3fc19707
14264260ns          251888 1c008762 0817f793 andi             x15, x15, 129       x15=00000000 x15:00000040
14264280ns          251889 1c008766 0a079663 bne              x15, x0, 172        x15:00000000
14264300ns          251890 1c008768 00000793 addi             x15, x0, 0          x15=00000000
14264320ns          251891 1c00876c a0f517d3 flt.s            x15, f10, f15       x15=00000000 f10:3fc19707 f15:00000000
14264339ns          251892 1c008770 0a079663 bne              x15, x0, 172        x15:00000000
14264359ns          251893 1c008772 1c000737 lui              x14, 0x1c000000     x14=1c000000
14264379ns          251894 1c008776 02072783 lw               x15, 32(x14)        x15=40c90fdb x14:1c000000  PA:1c000020
14264757ns          251913 1c00877a a0a797d3 flt.s            x15, f15, f10       x15=00000000 f15:40c90fdb f10:3fc19707
14264777ns          251914 1c00877e 00078b63 beq              x15, x0, 22         x15:00000000
14264837ns          251917 1c008794 00000793 addi             x15, x0, 0          x15=00000000
14264857ns          251918 1c008798 a0f517d3 flt.s            x15, f10, f15       x15=00000000 f10:3fc19707 f15:00000000
14264877ns          251919 1c00879c 08079a63 bne              x15, x0, 148        x15:00000000
14264896ns          251920 1c00879e 1c0007b7 lui              x15, 0x1c000000     x15=1c000000
14264916ns          251921 1c0087a2 01c7a783 lw               x15, 28(x15)        x15=3fc90fdb x15:1c000000  PA:1c00001c
14265254ns          251938 1c0087a6 a0f517d3 flt.s            x15, f10, f15       x15=00000001 f10:3fc19707 f15:3fc90fdb
14265274ns          251939 1c0087aa 02079563 bne              x15, x0, 42         x15:00000001
14265334ns          251942 1c0087d4 10a57553 fmul.s           f10, f10, f10       f10=xxxxxxxx f10:3fc19707 f10:3fc19707
14265354ns          251943 1c0087d8 1c0007b7 lui              x15, 0x1c000000     x15=1c000000
14265374ns          251944 1c0087dc 1c000737 lui              x14, 0x1c000000     x14=1c000000
14265394ns          251945 1c0087e0 13472703 lw               x14, 308(x14)       x14=bab59551 x14:1c000000  PA:1c000134
14265752ns          251963 1c0087e4 1307a783 lw               x15, 304(x15)       x15=37c23ab1 x15:1c000000  PA:1c000130
14266070ns          251979 1c0087e8 70f577c3 fmadd.s          f15, f10, f15, f14  f15=xxxxxxxx f10:40126512 f15:37c23ab1 f14:bab59551
14266090ns          251980 1c0087ec 1c000737 lui              x14, 0x1c000000     x14=1c000000
14266110ns          251981 1c0087f0 13872703 lw               x14, 312(x14)       x14=3d2aa76f x14:1c000000  PA:1c000138
14266428ns          251997 1c0087f4 70f577c3 fmadd.s          f15, f10, f15, f14  f15=xxxxxxxx f10:40126512 f15:baaea42f f14:3d2aa76f
14266448ns          251998 1c0087f8 1c000737 lui              x14, 0x1c000000     x14=1c000000
14266468ns          251999 1c0087fc 13c72703 lw               x14, 316(x14)       x14=beffffe0 x14:1c000000  PA:1c00013c
14266786ns          252015 1c008800 70f577c3 fmadd.s          f15, f10, f15, f14  f15=xxxxxxxx f10:40126512 f15:3d1e2b9c f14:beffffe0
14266806ns          252016 1c008804 1c000737 lui              x14, 0x1c000000     x14=1c000000
14266826ns          252017 1c008808 16872703 lw               x14, 360(x14)       x14=3f7fffff x14:1c000000  PA:1c000168
14267164ns          252034 1c00880c 70f57543 fmadd.s          f10, f10, f15, f14  f10=xxxxxxxx f10:40126512 f15:bed2c637 f14:3f7fffff
14267184ns          252035 1c008810 00008067 jalr             x0, x1, 0            x1:1c0081de
14267244ns          252038 1c0081de 016a7a53 fadd.s           f20, f20, f22       f20=xxxxxxxx f20:3d6f1a80 f22:3eaaa273
14267263ns          252039 1c0081e2 10acf553 fmul.s           f10, f25, f10       f10=xxxxxxxx f25:3f800000 f10:3d6ef7a4
14267283ns          252040 1c0081e6 a14a97d3 flt.s            x15, f21, f20       x15=00000000 f21:40c90fdb f20:3ec885c3
14267303ns          252041 1c0081ea 00a4222b p.sw             x10, 4(x8!)          x8=10001704 x10:3d6ef7a4  x8:10001700  PA:10001700
14267323ns          252042 1c0081ee 00078363 beq              x15, x0, 6          x15:00000000
14267383ns          252045 1c0081f4 ff7412e3 bne              x8, x23, -28         x8:10001704 x23:100017c8
14267442ns          252048 1c0081d8 094c7553 fsub.s           f10, f24, f20       f10=xxxxxxxx f24:3fc90fdb f20:3ec885c3
14267462ns          252049 1c0081dc 57c000ef jal              x1, 1404             x1=1c0081de
14267502ns          252051 1c008758 a0a527d3 feq.s            x15, f10, f10       x15=00000001 f10:3f96ee6a f10:3f96ee6a
14267522ns          252052 1c00875c 0a078b63 beq              x15, x0, 182        x15:00000001
14267542ns          252053 1c00875e e00517d3 fclass.s         x15, f10            x15=00000040 f10:3f96ee6a
14267562ns          252054 1c008762 0817f793 andi             x15, x15, 129       x15=00000000 x15:00000040
14267582ns          252055 1c008766 0a079663 bne              x15, x0, 172        x15:00000000
14267602ns          252056 1c008768 00000793 addi             x15, x0, 0          x15=00000000
14267621ns          252057 1c00876c a0f517d3 flt.s            x15, f10, f15       x15=00000000 f10:3f96ee6a f15:00000000
14267641ns          252058 1c008770 0a079663 bne              x15, x0, 172        x15:00000000
14267661ns          252059 1c008772 1c000737 lui              x14, 0x1c000000     x14=1c000000
14267681ns          252060 1c008776 02072783 lw               x15, 32(x14)        x15=40c90fdb x14:1c000000  PA:1c000020
14267999ns          252076 1c00877a a0a797d3 flt.s            x15, f15, f10       x15=00000000 f15:40c90fdb f10:3f96ee6a
14268019ns          252077 1c00877e 00078b63 beq              x15, x0, 22         x15:00000000
14268079ns          252080 1c008794 00000793 addi             x15, x0, 0          x15=00000000
14268099ns          252081 1c008798 a0f517d3 flt.s            x15, f10, f15       x15=00000000 f10:3f96ee6a f15:00000000
14268119ns          252082 1c00879c 08079a63 bne              x15, x0, 148        x15:00000000
14268139ns          252083 1c00879e 1c0007b7 lui              x15, 0x1c000000     x15=1c000000
14268158ns          252084 1c0087a2 01c7a783 lw               x15, 28(x15)        x15=3fc90fdb x15:1c000000  PA:1c00001c
14268517ns          252102 1c0087a6 a0f517d3 flt.s            x15, f10, f15       x15=00000001 f10:3f96ee6a f15:3fc90fdb
14268536ns          252103 1c0087aa 02079563 bne              x15, x0, 42         x15:00000001
14268596ns          252106 1c0087d4 10a57553 fmul.s           f10, f10, f10       f10=xxxxxxxx f10:3f96ee6a f10:3f96ee6a
14268616ns          252107 1c0087d8 1c0007b7 lui              x15, 0x1c000000     x15=1c000000
14268636ns          252108 1c0087dc 1c000737 lui              x14, 0x1c000000     x14=1c000000
14268656ns          252109 1c0087e0 13472703 lw               x14, 308(x14)       x14=bab59551 x14:1c000000  PA:1c000134
14268974ns          252125 1c0087e4 1307a783 lw               x15, 304(x15)       x15=37c23ab1 x15:1c000000  PA:1c000130
14269312ns          252142 1c0087e8 70f577c3 fmadd.s          f15, f10, f15, f14  f15=xxxxxxxx f10:3fb1f885 f15:37c23ab1 f14:bab59551
14269332ns          252143 1c0087ec 1c000737 lui              x14, 0x1c000000     x14=1c000000
14269352ns          252144 1c0087f0 13872703 lw               x14, 312(x14)       x14=3d2aa76f x14:1c000000  PA:1c000138
14269670ns          252160 1c0087f4 70f577c3 fmadd.s          f15, f10, f15, f14  f15=xxxxxxxx f10:3fb1f885 f15:bab15d18 f14:3d2aa76f
14269690ns          252161 1c0087f8 1c000737 lui              x14, 0x1c000000     x14=1c000000
14269710ns          252162 1c0087fc 13c72703 lw               x14, 316(x14)       x14=beffffe0 x14:1c000000  PA:1c00013c
14270028ns          252178 1c008800 70f577c3 fmadd.s          f15, f10, f15, f14  f15=xxxxxxxx f10:3fb1f885 f15:3d22f296 f14:beffffe0
14270048ns          252179 1c008804 1c000737 lui              x14, 0x1c000000     x14=1c000000
14270068ns          252180 1c008808 16872703 lw               x14, 360(x14)       x14=3f7fffff x14:1c000000  PA:1c000168
14270386ns          252196 1c00880c 70f57543 fmadd.s          f10, f10, f15, f14  f10=xxxxxxxx f10:3fb1f885 f15:bee3ade6 f14:3f7fffff
14270406ns          252197 1c008810 00008067 jalr             x0, x1, 0            x1:1c0081de
14270466ns          252200 1c0081de 016a7a53 fadd.s           f20, f20, f22       f20=xxxxxxxx f20:3ec885c3 f22:3eaaa273
14270486ns          252201 1c0081e2 10acf553 fmul.s           f10, f25, f10       f10=xxxxxxxx f25:3f800000 f10:3ec36f78
14270506ns          252202 1c0081e6 a14a97d3 flt.s            x15, f21, f20       x15=00000000 f21:40c90fdb f20:3f39941b
14270525ns          252203 1c0081ea 00a4222b p.sw             x10, 4(x8!)          x8=10001708 x10:3ec36f78  x8:10001704  PA:10001704
14270545ns          252204 1c0081ee 00078363 beq              x15, x0, 6          x15:00000000
14270605ns          252207 1c0081f4 ff7412e3 bne              x8, x23, -28         x8:10001708 x23:100017c8
14270665ns          252210 1c0081d8 094c7553 fsub.s           f10, f24, f20       f10=xxxxxxxx f24:3fc90fdb f20:3f39941b
14270685ns          252211 1c0081dc 57c000ef jal              x1, 1404             x1=1c0081de
14270724ns          252213 1c008758 a0a527d3 feq.s            x15, f10, f10       x15=00000001 f10:3f588b9b f10:3f588b9b
14270744ns          252214 1c00875c 0a078b63 beq              x15, x0, 182        x15:00000001
14270764ns          252215 1c00875e e00517d3 fclass.s         x15, f10            x15=00000040 f10:3f588b9b
14270784ns          252216 1c008762 0817f793 andi             x15, x15, 129       x15=00000000 x15:00000040
14270804ns          252217 1c008766 0a079663 bne              x15, x0, 172        x15:00000000
14270824ns          252218 1c008768 00000793 addi             x15, x0, 0          x15=00000000
14270844ns          252219 1c00876c a0f517d3 flt.s            x15, f10, f15       x15=00000000 f10:3f588b9b f15:00000000
14270864ns          252220 1c008770 0a079663 bne              x15, x0, 172        x15:00000000
14270884ns          252221 1c008772 1c000737 lui              x14, 0x1c000000     x14=1c000000
14270903ns          252222 1c008776 02072783 lw               x15, 32(x14)        x15=40c90fdb x14:1c000000  PA:1c000020
14271222ns          252238 1c00877a a0a797d3 flt.s            x15, f15, f10       x15=00000000 f15:40c90fdb f10:3f588b9b
14271242ns          252239 1c00877e 00078b63 beq              x15, x0, 22         x15:00000000
14271301ns          252242 1c008794 00000793 addi             x15, x0, 0          x15=00000000
14271321ns          252243 1c008798 a0f517d3 flt.s            x15, f10, f15       x15=00000000 f10:3f588b9b f15:00000000
14271341ns          252244 1c00879c 08079a63 bne              x15, x0, 148        x15:00000000
14271361ns          252245 1c00879e 1c0007b7 lui              x15, 0x1c000000     x15=1c000000
14271381ns          252246 1c0087a2 01c7a783 lw               x15, 28(x15)        x15=3fc90fdb x15:1c000000  PA:1c00001c
14271759ns          252265 1c0087a6 a0f517d3 flt.s            x15, f10, f15       x15=00000001 f10:3f588b9b f15:3fc90fdb
14271779ns          252266 1c0087aa 02079563 bne              x15, x0, 42         x15:00000001
14271838ns          252269 1c0087d4 10a57553 fmul.s           f10, f10, f10       f10=xxxxxxxx f10:3f588b9b f10:3f588b9b
14271858ns          252270 1c0087d8 1c0007b7 lui              x15, 0x1c000000     x15=1c000000
14271878ns          252271 1c0087dc 1c000737 lui              x14, 0x1c000000     x14=1c000000
14271898ns          252272 1c0087e0 13472703 lw               x14, 308(x14)       x14=bab59551 x14:1c000000  PA:1c000134
14272196ns          252287 1c0087e4 1307a783 lw               x15, 304(x15)       x15=37c23ab1 x15:1c000000  PA:1c000130
14272515ns          252303 1c0087e8 70f577c3 fmadd.s          f15, f10, f15, f14  f15=xxxxxxxx f10:3f372be2 f15:37c23ab1 f14:bab59551
14272534ns          252304 1c0087ec 1c000737 lui              x14, 0x1c000000     x14=1c000000
14272554ns          252305 1c0087f0 13872703 lw               x14, 312(x14)       x14=3d2aa76f x14:1c000000  PA:1c000138
14272873ns          252321 1c0087f4 70f577c3 fmadd.s          f15, f10, f15, f14  f15=xxxxxxxx f10:3f372be2 f15:bab3696c f14:3d2aa76f
14272892ns          252322 1c0087f8 1c000737 lui              x14, 0x1c000000     x14=1c000000
14272912ns          252323 1c0087fc 13c72703 lw               x14, 316(x14)       x14=beffffe0 x14:1c000000  PA:1c00013c
14273251ns          252340 1c008800 70f577c3 fmadd.s          f15, f10, f15, f14  f15=xxxxxxxx f10:3f372be2 f15:3d26a476 f14:beffffe0
14273270ns          252341 1c008804 1c000737 lui              x14, 0x1c000000     x14=1c000000
14273290ns          252342 1c008808 16872703 lw               x14, 360(x14)       x14=3f7fffff x14:1c000000  PA:1c000168
14273609ns          252358 1c00880c 70f57543 fmadd.s          f10, f10, f15, f14  f10=xxxxxxxx f10:3f372be2 f15:bef1185c f14:3f7fffff
14273628ns          252359 1c008810 00008067 jalr             x0, x1, 0            x1:1c0081de
14273688ns          252362 1c0081de 016a7a53 fadd.s           f20, f20, f22       f20=xxxxxxxx f20:3f39941b f22:3eaaa273
14273708ns          252363 1c0081e2 10acf553 fmul.s           f10, f25, f10       f10=xxxxxxxx f25:3f800000 f10:3f29bf20
14273728ns          252364 1c0081e6 a14a97d3 flt.s            x15, f21, f20       x15=00000000 f21:40c90fdb f20:3f8772aa
14273748ns          252365 1c0081ea 00a4222b p.sw             x10, 4(x8!)          x8=1000170c x10:3f29bf20  x8:10001708  PA:10001708
14273768ns          252366 1c0081ee 00078363 beq              x15, x0, 6          x15:00000000
14273827ns          252369 1c0081f4 ff7412e3 bne              x8, x23, -28         x8:1000170c x23:100017c8
14273887ns          252372 1c0081d8 094c7553 fsub.s           f10, f24, f20       f10=xxxxxxxx f24:3fc90fdb f20:3f8772aa
14273907ns          252373 1c0081dc 57c000ef jal              x1, 1404             x1=1c0081de
14273947ns          252375 1c008758 a0a527d3 feq.s            x15, f10, f10       x15=00000001 f10:3f033a62 f10:3f033a62
14273967ns          252376 1c00875c 0a078b63 beq              x15, x0, 182        x15:00000001
14273986ns          252377 1c00875e e00517d3 fclass.s         x15, f10            x15=00000040 f10:3f033a62
14274006ns          252378 1c008762 0817f793 andi             x15, x15, 129       x15=00000000 x15:00000040
14274026ns          252379 1c008766 0a079663 bne              x15, x0, 172        x15:00000000
14274046ns          252380 1c008768 00000793 addi             x15, x0, 0          x15=00000000
14274066ns          252381 1c00876c a0f517d3 flt.s            x15, f10, f15       x15=00000000 f10:3f033a62 f15:00000000
14274086ns          252382 1c008770 0a079663 bne              x15, x0, 172        x15:00000000
14274106ns          252383 1c008772 1c000737 lui              x14, 0x1c000000     x14=1c000000
14274126ns          252384 1c008776 02072783 lw               x15, 32(x14)        x15=40c90fdb x14:1c000000  PA:1c000020
14274444ns          252400 1c00877a a0a797d3 flt.s            x15, f15, f10       x15=00000000 f15:40c90fdb f10:3f033a62
14274464ns          252401 1c00877e 00078b63 beq              x15, x0, 22         x15:00000000
14274524ns          252404 1c008794 00000793 addi             x15, x0, 0          x15=00000000
14274543ns          252405 1c008798 a0f517d3 flt.s            x15, f10, f15       x15=00000000 f10:3f033a62 f15:00000000
14274563ns          252406 1c00879c 08079a63 bne              x15, x0, 148        x15:00000000
14274583ns          252407 1c00879e 1c0007b7 lui              x15, 0x1c000000     x15=1c000000
14274603ns          252408 1c0087a2 01c7a783 lw               x15, 28(x15)        x15=3fc90fdb x15:1c000000  PA:1c00001c
14274921ns          252424 1c0087a6 a0f517d3 flt.s            x15, f10, f15       x15=00000001 f10:3f033a62 f15:3fc90fdb
14274941ns          252425 1c0087aa 02079563 bne              x15, x0, 42         x15:00000001
14275001ns          252428 1c0087d4 10a57553 fmul.s           f10, f10, f10       f10=xxxxxxxx f10:3f033a62 f10:3f033a62
14275021ns          252429 1c0087d8 1c0007b7 lui              x15, 0x1c000000     x15=1c000000
14275041ns          252430 1c0087dc 1c000737 lui              x14, 0x1c000000     x14=1c000000
14275061ns          252431 1c0087e0 13472703 lw               x14, 308(x14)       x14=bab59551 x14:1c000000  PA:1c000134
14275359ns          252446 1c0087e4 1307a783 lw               x15, 304(x15)       x15=37c23ab1 x15:1c000000  PA:1c000130
14275677ns          252462 1c0087e8 70f577c3 fmadd.s          f15, f10, f15, f14  f15=xxxxxxxx f10:3e86899b f15:37c23ab1 f14:bab59551
14275697ns          252463 1c0087ec 1c000737 lui              x14, 0x1c000000     x14=1c000000
14275717ns          252464 1c0087f0 13872703 lw               x14, 312(x14)       x14=3d2aa76f x14:1c000000  PA:1c000138
14276035ns          252480 1c0087f4 70f577c3 fmadd.s          f15, f10, f15, f14  f15=xxxxxxxx f10:3e86899b f15:bab4c92b f14:3d2aa76f
14276055ns          252481 1c0087f8 1c000737 lui              x14, 0x1c000000     x14=1c000000
14276075ns          252482 1c0087fc 13c72703 lw               x14, 316(x14)       x14=beffffe0 x14:1c000000  PA:1c00013c
14276393ns          252498 1c008800 70f577c3 fmadd.s          f15, f10, f15, f14  f15=xxxxxxxx f10:3e86899b f15:3d292b65 f14:beffffe0
14276413ns          252499 1c008804 1c000737 lui              x14, 0x1c000000     x14=1c000000
14276433ns          252500 1c008808 16872703 lw               x14, 360(x14)       x14=3f7fffff x14:1c000000  PA:1c000168
14276751ns          252516 1c00880c 70f57543 fmadd.s          f10, f10, f15, f14  f10=xxxxxxxx f10:3e86899b f15:befa7166 f14:3f7fffff
14276771ns          252517 1c008810 00008067 jalr             x0, x1, 0            x1:1c0081de
14276831ns          252520 1c0081de 016a7a53 fadd.s           f20, f20, f22       f20=xxxxxxxx f20:3f8772aa f22:3eaaa273
14276851ns          252521 1c0081e2 10acf553 fmul.s           f10, f25, f10       f10=xxxxxxxx f25:3f800000 f10:3f5f1881
14276871ns          252522 1c0081e6 a14a97d3 flt.s            x15, f21, f20       x15=00000000 f21:40c90fdb f20:3fb21b47
14276891ns          252523 1c0081ea 00a4222b p.sw             x10, 4(x8!)          x8=10001710 x10:3f5f1881  x8:1000170c  PA:1000170c
14276910ns          252524 1c0081ee 00078363 beq              x15, x0, 6          x15:00000000
14276970ns          252527 1c0081f4 ff7412e3 bne              x8, x23, -28         x8:10001710 x23:100017c8
14277030ns          252530 1c0081d8 094c7553 fsub.s           f10, f24, f20       f10=xxxxxxxx f24:3fc90fdb f20:3fb21b47
14277050ns          252531 1c0081dc 57c000ef jal              x1, 1404             x1=1c0081de
14277089ns          252533 1c008758 a0a527d3 feq.s            x15, f10, f10       x15=00000001 f10:3e37a4a0 f10:3e37a4a0
14277109ns          252534 1c00875c 0a078b63 beq              x15, x0, 182        x15:00000001
14277129ns          252535 1c00875e e00517d3 fclass.s         x15, f10            x15=00000040 f10:3e37a4a0
14277149ns          252536 1c008762 0817f793 andi             x15, x15, 129       x15=00000000 x15:00000040
14277169ns          252537 1c008766 0a079663 bne              x15, x0, 172        x15:00000000
14277189ns          252538 1c008768 00000793 addi             x15, x0, 0          x15=00000000
14277209ns          252539 1c00876c a0f517d3 flt.s            x15, f10, f15       x15=00000000 f10:3e37a4a0 f15:00000000
14277229ns          252540 1c008770 0a079663 bne              x15, x0, 172        x15:00000000
14277249ns          252541 1c008772 1c000737 lui              x14, 0x1c000000     x14=1c000000
14277268ns          252542 1c008776 02072783 lw               x15, 32(x14)        x15=40c90fdb x14:1c000000  PA:1c000020
14277587ns          252558 1c00877a a0a797d3 flt.s            x15, f15, f10       x15=00000000 f15:40c90fdb f10:3e37a4a0
14277607ns          252559 1c00877e 00078b63 beq              x15, x0, 22         x15:00000000
14277666ns          252562 1c008794 00000793 addi             x15, x0, 0          x15=00000000
14277686ns          252563 1c008798 a0f517d3 flt.s            x15, f10, f15       x15=00000000 f10:3e37a4a0 f15:00000000
14277706ns          252564 1c00879c 08079a63 bne              x15, x0, 148        x15:00000000
14277726ns          252565 1c00879e 1c0007b7 lui              x15, 0x1c000000     x15=1c000000
14277746ns          252566 1c0087a2 01c7a783 lw               x15, 28(x15)        x15=3fc90fdb x15:1c000000  PA:1c00001c
14278064ns          252582 1c0087a6 a0f517d3 flt.s            x15, f10, f15       x15=00000001 f10:3e37a4a0 f15:3fc90fdb
14278084ns          252583 1c0087aa 02079563 bne              x15, x0, 42         x15:00000001
14278144ns          252586 1c0087d4 10a57553 fmul.s           f10, f10, f10       f10=xxxxxxxx f10:3e37a4a0 f10:3e37a4a0
14278164ns          252587 1c0087d8 1c0007b7 lui              x15, 0x1c000000     x15=1c000000
14278183ns          252588 1c0087dc 1c000737 lui              x14, 0x1c000000     x14=1c000000
14278203ns          252589 1c0087e0 13472703 lw               x14, 308(x14)       x14=bab59551 x14:1c000000  PA:1c000134
14278522ns          252605 1c0087e4 1307a783 lw               x15, 304(x15)       x15=37c23ab1 x15:1c000000  PA:1c000130
14278840ns          252621 1c0087e8 70f577c3 fmadd.s          f15, f10, f15, f14  f15=xxxxxxxx f10:3d03bcc7 f15:37c23ab1 f14:bab59551
14278860ns          252622 1c0087ec 1c000737 lui              x14, 0x1c000000     x14=1c000000
14278880ns          252623 1c0087f0 13872703 lw               x14, 312(x14)       x14=3d2aa76f x14:1c000000  PA:1c000138
14279198ns          252639 1c0087f4 70f577c3 fmadd.s          f15, f10, f15, f14  f15=xxxxxxxx f10:3d03bcc7 f15:bab57c54 f14:3d2aa76f
14279218ns          252640 1c0087f8 1c000737 lui              x14, 0x1c000000     x14=1c000000
14279238ns          252641 1c0087fc 13c72703 lw               x14, 316(x14)       x14=beffffe0 x14:1c000000  PA:1c00013c
14279576ns          252658 1c008800 70f577c3 fmadd.s          f15, f10, f15, f14  f15=xxxxxxxx f10:3d03bcc7 f15:3d2a78bd f14:beffffe0
14279596ns          252659 1c008804 1c000737 lui              x14, 0x1c000000     x14=1c000000
14279616ns          252660 1c008808 16872703 lw               x14, 360(x14)       x14=3f7fffff x14:1c000000  PA:1c000168
14279954ns          252677 1c00880c 70f57543 fmadd.s          f10, f10, f15, f14  f10=xxxxxxxx f10:3d03bcc7 f15:beff506d f14:3f7fffff
14279974ns          252678 1c008810 00008067 jalr             x0, x1, 0            x1:1c0081de
14280033ns          252681 1c0081de 016a7a53 fadd.s           f20, f20, f22       f20=xxxxxxxx f20:3fb21b47 f22:3eaaa273
14280053ns          252682 1c0081e2 10acf553 fmul.s           f10, f25, f10       f10=xxxxxxxx f25:3f800000 f10:3f7be4ec
14280073ns          252683 1c0081e6 a14a97d3 flt.s            x15, f21, f20       x15=00000000 f21:40c90fdb f20:3fdcc3e4
14280093ns          252684 1c0081ea 00a4222b p.sw             x10, 4(x8!)          x8=10001714 x10:3f7be4ec  x8:10001710  PA:10001710
14280113ns          252685 1c0081ee 00078363 beq              x15, x0, 6          x15:00000000
14280173ns          252688 1c0081f4 ff7412e3 bne              x8, x23, -28         x8:10001714 x23:100017c8
14280232ns          252691 1c0081d8 094c7553 fsub.s           f10, f24, f20       f10=xxxxxxxx f24:3fc90fdb f20:3fdcc3e4
14280252ns          252692 1c0081dc 57c000ef jal              x1, 1404             x1=1c0081de
14280292ns          252694 1c008758 a0a527d3 feq.s            x15, f10, f10       x15=00000001 f10:be1da048 f10:be1da048
14280312ns          252695 1c00875c 0a078b63 beq              x15, x0, 182        x15:00000001
14280332ns          252696 1c00875e e00517d3 fclass.s         x15, f10            x15=00000002 f10:be1da048
14280352ns          252697 1c008762 0817f793 andi             x15, x15, 129       x15=00000000 x15:00000002
14280371ns          252698 1c008766 0a079663 bne              x15, x0, 172        x15:00000000
14280391ns          252699 1c008768 00000793 addi             x15, x0, 0          x15=00000000
14280411ns          252700 1c00876c a0f517d3 flt.s            x15, f10, f15       x15=00000001 f10:be1da048 f15:00000000
14280431ns          252701 1c008770 0a079663 bne              x15, x0, 172        x15:00000001
14280491ns          252704 1c00881c 1c0007b7 lui              x15, 0x1c000000     x15=1c000000
14280511ns          252705 1c008820 12c7a783 lw               x15, 300(x15)       x15=c0c90fdb x15:1c000000  PA:1c00012c
14280829ns          252721 1c008824 a0f517d3 flt.s            x15, f10, f15       x15=00000000 f10:be1da048 f15:c0c90fdb
14280849ns          252722 1c008828 00078463 beq              x15, x0, 8          x15:00000000
14280908ns          252725 1c008830 20a51553 fsgnjn.s         f10, f10, f10       f10=xxxxxxxx f10:be1da048 f10:be1da048
14280928ns          252726 1c008834 f6bff06f jal              x0, -150           
14280988ns          252729 1c00879e 1c0007b7 lui              x15, 0x1c000000     x15=1c000000
14281008ns          252730 1c0087a2 01c7a783 lw               x15, 28(x15)        x15=3fc90fdb x15:1c000000  PA:1c00001c
14281346ns          252747 1c0087a6 a0f517d3 flt.s            x15, f10, f15       x15=00000001 f10:3e1da048 f15:3fc90fdb
14281366ns          252748 1c0087aa 02079563 bne              x15, x0, 42         x15:00000001
14281426ns          252751 1c0087d4 10a57553 fmul.s           f10, f10, f10       f10=xxxxxxxx f10:3e1da048 f10:3e1da048
14281446ns          252752 1c0087d8 1c0007b7 lui              x15, 0x1c000000     x15=1c000000
14281465ns          252753 1c0087dc 1c000737 lui              x14, 0x1c000000     x14=1c000000
14281485ns          252754 1c0087e0 13472703 lw               x14, 308(x14)       x14=bab59551 x14:1c000000  PA:1c000134
14281823ns          252771 1c0087e4 1307a783 lw               x15, 304(x15)       x15=37c23ab1 x15:1c000000  PA:1c000130
14282142ns          252787 1c0087e8 70f577c3 fmadd.s          f15, f10, f15, f14  f15=xxxxxxxx f10:3cc21bf9 f15:37c23ab1 f14:bab59551
14282162ns          252788 1c0087ec 1c000737 lui              x14, 0x1c000000     x14=1c000000
14282181ns          252789 1c0087f0 13872703 lw               x14, 312(x14)       x14=3d2aa76f x14:1c000000  PA:1c000138
14282520ns          252806 1c0087f4 70f577c3 fmadd.s          f15, f10, f15, f14  f15=xxxxxxxx f10:3cc21bf9 f15:bab582e8 f14:3d2aa76f
14282540ns          252807 1c0087f8 1c000737 lui              x14, 0x1c000000     x14=1c000000
14282559ns          252808 1c0087fc 13c72703 lw               x14, 316(x14)       x14=beffffe0 x14:1c000000  PA:1c00013c
14282878ns          252824 1c008800 70f577c3 fmadd.s          f15, f10, f15, f14  f15=xxxxxxxx f10:3cc21bf9 f15:3d2a8507 f14:beffffe0
14282898ns          252825 1c008804 1c000737 lui              x14, 0x1c000000     x14=1c000000
14282917ns          252826 1c008808 16872703 lw               x14, 360(x14)       x14=3f7fffff x14:1c000000  PA:1c000168
14283236ns          252842 1c00880c 70f57543 fmadd.s          f10, f10, f15, f14  f10=xxxxxxxx f10:3cc21bf9 f15:beff7e95 f14:3f7fffff
14283256ns          252843 1c008810 00008067 jalr             x0, x1, 0            x1:1c0081de
14283315ns          252846 1c0081de 016a7a53 fadd.s           f20, f20, f22       f20=xxxxxxxx f20:3fdcc3e4 f22:3eaaa273
14283335ns          252847 1c0081e2 10acf553 fmul.s           f10, f25, f10       f10=xxxxxxxx f25:3f800000 f10:3f7cf918
14283355ns          252848 1c0081e6 a14a97d3 flt.s            x15, f21, f20       x15=00000000 f21:40c90fdb f20:4003b640
14283375ns          252849 1c0081ea 00a4222b p.sw             x10, 4(x8!)          x8=10001718 x10:3f7cf918  x8:10001714  PA:10001714
14283395ns          252850 1c0081ee 00078363 beq              x15, x0, 6          x15:00000000
14283454ns          252853 1c0081f4 ff7412e3 bne              x8, x23, -28         x8:10001718 x23:100017c8
14283514ns          252856 1c0081d8 094c7553 fsub.s           f10, f24, f20       f10=xxxxxxxx f24:3fc90fdb f20:4003b640
14283534ns          252857 1c0081dc 57c000ef jal              x1, 1404             x1=1c0081de
14283574ns          252859 1c008758 a0a527d3 feq.s            x15, f10, f10       x15=00000001 f10:bef97294 f10:bef97294
14283594ns          252860 1c00875c 0a078b63 beq              x15, x0, 182        x15:00000001
14283614ns          252861 1c00875e e00517d3 fclass.s         x15, f10            x15=00000002 f10:bef97294
14283633ns          252862 1c008762 0817f793 andi             x15, x15, 129       x15=00000000 x15:00000002
14283653ns          252863 1c008766 0a079663 bne              x15, x0, 172        x15:00000000
14283673ns          252864 1c008768 00000793 addi             x15, x0, 0          x15=00000000
14283693ns          252865 1c00876c a0f517d3 flt.s            x15, f10, f15       x15=00000001 f10:bef97294 f15:00000000
14283713ns          252866 1c008770 0a079663 bne              x15, x0, 172        x15:00000001
14283773ns          252869 1c00881c 1c0007b7 lui              x15, 0x1c000000     x15=1c000000
14283793ns          252870 1c008820 12c7a783 lw               x15, 300(x15)       x15=c0c90fdb x15:1c000000  PA:1c00012c
14284111ns          252886 1c008824 a0f517d3 flt.s            x15, f10, f15       x15=00000000 f10:bef97294 f15:c0c90fdb
14284131ns          252887 1c008828 00078463 beq              x15, x0, 8          x15:00000000
14284190ns          252890 1c008830 20a51553 fsgnjn.s         f10, f10, f10       f10=xxxxxxxx f10:bef97294 f10:bef97294
14284210ns          252891 1c008834 f6bff06f jal              x0, -150           
14284270ns          252894 1c00879e 1c0007b7 lui              x15, 0x1c000000     x15=1c000000
14284290ns          252895 1c0087a2 01c7a783 lw               x15, 28(x15)        x15=3fc90fdb x15:1c000000  PA:1c00001c
14284648ns          252913 1c0087a6 a0f517d3 flt.s            x15, f10, f15       x15=00000001 f10:3ef97294 f15:3fc90fdb
14284668ns          252914 1c0087aa 02079563 bne              x15, x0, 42         x15:00000001
14284727ns          252917 1c0087d4 10a57553 fmul.s           f10, f10, f10       f10=xxxxxxxx f10:3ef97294 f10:3ef97294
14284747ns          252918 1c0087d8 1c0007b7 lui              x15, 0x1c000000     x15=1c000000
14284767ns          252919 1c0087dc 1c000737 lui              x14, 0x1c000000     x14=1c000000
14284787ns          252920 1c0087e0 13472703 lw               x14, 308(x14)       x14=bab59551 x14:1c000000  PA:1c000134
14285086ns          252935 1c0087e4 1307a783 lw               x15, 304(x15)       x15=37c23ab1 x15:1c000000  PA:1c000130
14285404ns          252951 1c0087e8 70f577c3 fmadd.s          f15, f10, f15, f14  f15=xxxxxxxx f10:3e731017 f15:37c23ab1 f14:bab59551
14285424ns          252952 1c0087ec 1c000737 lui              x14, 0x1c000000     x14=1c000000
14285444ns          252953 1c0087f0 13872703 lw               x14, 312(x14)       x14=3d2aa76f x14:1c000000  PA:1c000138
14285762ns          252969 1c0087f4 70f577c3 fmadd.s          f15, f10, f15, f14  f15=xxxxxxxx f10:3e731017 f15:bab4dce7 f14:3d2aa76f
14285782ns          252970 1c0087f8 1c000737 lui              x14, 0x1c000000     x14=1c000000
14285802ns          252971 1c0087fc 13c72703 lw               x14, 316(x14)       x14=beffffe0 x14:1c000000  PA:1c00013c
14286120ns          252987 1c008800 70f577c3 fmadd.s          f15, f10, f15, f14  f15=xxxxxxxx f10:3e731017 f15:3d294ffd f14:beffffe0
14286140ns          252988 1c008804 1c000737 lui              x14, 0x1c000000     x14=1c000000
14286160ns          252989 1c008808 16872703 lw               x14, 360(x14)       x14=3f7fffff x14:1c000000  PA:1c000168
14286498ns          253006 1c00880c 70f57543 fmadd.s          f10, f10, f15, f14  f10=xxxxxxxx f10:3e731017 f15:befaf9d3 f14:3f7fffff
14286518ns          253007 1c008810 00008067 jalr             x0, x1, 0            x1:1c0081de
14286577ns          253010 1c0081de 016a7a53 fadd.s           f20, f20, f22       f20=xxxxxxxx f20:4003b640 f22:3eaaa273
14286597ns          253011 1c0081e2 10acf553 fmul.s           f10, f25, f10       f10=xxxxxxxx f25:3f800000 f10:3f6236a2
14286617ns          253012 1c0081e6 a14a97d3 flt.s            x15, f21, f20       x15=00000000 f21:40c90fdb f20:40190a8e
14286637ns          253013 1c0081ea 00a4222b p.sw             x10, 4(x8!)          x8=1000171c x10:3f6236a2  x8:10001718  PA:10001718
14286657ns          253014 1c0081ee 00078363 beq              x15, x0, 6          x15:00000000
14286717ns          253017 1c0081f4 ff7412e3 bne              x8, x23, -28         x8:1000171c x23:100017c8
14286776ns          253020 1c0081d8 094c7553 fsub.s           f10, f24, f20       f10=xxxxxxxx f24:3fc90fdb f20:40190a8e
14286796ns          253021 1c0081dc 57c000ef jal              x1, 1404             x1=1c0081de
14286836ns          253023 1c008758 a0a527d3 feq.s            x15, f10, f10       x15=00000001 f10:bf520a82 f10:bf520a82
14286856ns          253024 1c00875c 0a078b63 beq              x15, x0, 182        x15:00000001
14286876ns          253025 1c00875e e00517d3 fclass.s         x15, f10            x15=00000002 f10:bf520a82
14286896ns          253026 1c008762 0817f793 andi             x15, x15, 129       x15=00000000 x15:00000002
14286915ns          253027 1c008766 0a079663 bne              x15, x0, 172        x15:00000000
14286935ns          253028 1c008768 00000793 addi             x15, x0, 0          x15=00000000
14286955ns          253029 1c00876c a0f517d3 flt.s            x15, f10, f15       x15=00000001 f10:bf520a82 f15:00000000
14286975ns          253030 1c008770 0a079663 bne              x15, x0, 172        x15:00000001
14287035ns          253033 1c00881c 1c0007b7 lui              x15, 0x1c000000     x15=1c000000
14287055ns          253034 1c008820 12c7a783 lw               x15, 300(x15)       x15=c0c90fdb x15:1c000000  PA:1c00012c
14287373ns          253050 1c008824 a0f517d3 flt.s            x15, f10, f15       x15=00000000 f10:bf520a82 f15:c0c90fdb
14287393ns          253051 1c008828 00078463 beq              x15, x0, 8          x15:00000000
14287453ns          253054 1c008830 20a51553 fsgnjn.s         f10, f10, f10       f10=xxxxxxxx f10:bf520a82 f10:bf520a82
14287472ns          253055 1c008834 f6bff06f jal              x0, -150           
14287532ns          253058 1c00879e 1c0007b7 lui              x15, 0x1c000000     x15=1c000000
14287552ns          253059 1c0087a2 01c7a783 lw               x15, 28(x15)        x15=3fc90fdb x15:1c000000  PA:1c00001c
14287890ns          253076 1c0087a6 a0f517d3 flt.s            x15, f10, f15       x15=00000001 f10:3f520a82 f15:3fc90fdb
14287910ns          253077 1c0087aa 02079563 bne              x15, x0, 42         x15:00000001
14287970ns          253080 1c0087d4 10a57553 fmul.s           f10, f10, f10       f10=xxxxxxxx f10:3f520a82 f10:3f520a82
14287990ns          253081 1c0087d8 1c0007b7 lui              x15, 0x1c000000     x15=1c000000
14288009ns          253082 1c0087dc 1c000737 lui              x14, 0x1c000000     x14=1c000000
14288029ns          253083 1c0087e0 13472703 lw               x14, 308(x14)       x14=bab59551 x14:1c000000  PA:1c000134
14288328ns          253098 1c0087e4 1307a783 lw               x15, 304(x15)       x15=37c23ab1 x15:1c000000  PA:1c000130
14288646ns          253114 1c0087e8 70f577c3 fmadd.s          f15, f10, f15, f14  f15=xxxxxxxx f10:3f2c553e f15:37c23ab1 f14:bab59551
14288666ns          253115 1c0087ec 1c000737 lui              x14, 0x1c000000     x14=1c000000
14288686ns          253116 1c0087f0 13872703 lw               x14, 312(x14)       x14=3d2aa76f x14:1c000000  PA:1c000138
14289004ns          253132 1c0087f4 70f577c3 fmadd.s          f15, f10, f15, f14  f15=xxxxxxxx f10:3f2c553e f15:bab38a51 f14:3d2aa76f
14289024ns          253133 1c0087f8 1c000737 lui              x14, 0x1c000000     x14=1c000000
14289044ns          253134 1c0087fc 13c72703 lw               x14, 316(x14)       x14=beffffe0 x14:1c000000  PA:1c00013c
14289402ns          253152 1c008800 70f577c3 fmadd.s          f15, f10, f15, f14  f15=xxxxxxxx f10:3f2c553e f15:3d26e089 f14:beffffe0
14289422ns          253153 1c008804 1c000737 lui              x14, 0x1c000000     x14=1c000000
14289442ns          253154 1c008808 16872703 lw               x14, 360(x14)       x14=3f7fffff x14:1c000000  PA:1c000168
14289780ns          253171 1c00880c 70f57543 fmadd.s          f10, f10, f15, f14  f10=xxxxxxxx f10:3f2c553e f15:bef1f512 f14:3f7fffff
14289800ns          253172 1c008810 00008067 jalr             x0, x1, 0            x1:1c0081de
14289859ns          253175 1c0081de 016a7a53 fadd.s           f20, f20, f22       f20=xxxxxxxx f20:40190a8e f22:3eaaa273
14289879ns          253176 1c0081e2 10acf553 fmul.s           f10, f25, f10       f10=xxxxxxxx f25:3f800000 f10:3f2e8f62
14289899ns          253177 1c0081e6 a14a97d3 flt.s            x15, f21, f20       x15=00000000 f21:40c90fdb f20:402e5edc
14289919ns          253178 1c0081ea 00a4222b p.sw             x10, 4(x8!)          x8=10001720 x10:3f2e8f62  x8:1000171c  PA:1000171c
14289939ns          253179 1c0081ee 00078363 beq              x15, x0, 6          x15:00000000
14289999ns          253182 1c0081f4 ff7412e3 bne              x8, x23, -28         x8:10001720 x23:100017c8
14290058ns          253185 1c0081d8 094c7553 fsub.s           f10, f24, f20       f10=xxxxxxxx f24:3fc90fdb f20:402e5edc
14290078ns          253186 1c0081dc 57c000ef jal              x1, 1404             x1=1c0081de
14290118ns          253188 1c008758 a0a527d3 feq.s            x15, f10, f10       x15=00000001 f10:bf93addd f10:bf93addd
14290138ns          253189 1c00875c 0a078b63 beq              x15, x0, 182        x15:00000001
14290158ns          253190 1c00875e e00517d3 fclass.s         x15, f10            x15=00000002 f10:bf93addd
14290178ns          253191 1c008762 0817f793 andi             x15, x15, 129       x15=00000000 x15:00000002
14290197ns          253192 1c008766 0a079663 bne              x15, x0, 172        x15:00000000
14290217ns          253193 1c008768 00000793 addi             x15, x0, 0          x15=00000000
14290237ns          253194 1c00876c a0f517d3 flt.s            x15, f10, f15       x15=00000001 f10:bf93addd f15:00000000
14290257ns          253195 1c008770 0a079663 bne              x15, x0, 172        x15:00000001
14290317ns          253198 1c00881c 1c0007b7 lui              x15, 0x1c000000     x15=1c000000
14290337ns          253199 1c008820 12c7a783 lw               x15, 300(x15)       x15=c0c90fdb x15:1c000000  PA:1c00012c
14290655ns          253215 1c008824 a0f517d3 flt.s            x15, f10, f15       x15=00000000 f10:bf93addd f15:c0c90fdb
14290675ns          253216 1c008828 00078463 beq              x15, x0, 8          x15:00000000
14290734ns          253219 1c008830 20a51553 fsgnjn.s         f10, f10, f10       f10=xxxxxxxx f10:bf93addd f10:bf93addd
14290754ns          253220 1c008834 f6bff06f jal              x0, -150           
14290814ns          253223 1c00879e 1c0007b7 lui              x15, 0x1c000000     x15=1c000000
14290834ns          253224 1c0087a2 01c7a783 lw               x15, 28(x15)        x15=3fc90fdb x15:1c000000  PA:1c00001c
14291152ns          253240 1c0087a6 a0f517d3 flt.s            x15, f10, f15       x15=00000001 f10:3f93addd f15:3fc90fdb
14291172ns          253241 1c0087aa 02079563 bne              x15, x0, 42         x15:00000001
14291232ns          253244 1c0087d4 10a57553 fmul.s           f10, f10, f10       f10=xxxxxxxx f10:3f93addd f10:3f93addd
14291252ns          253245 1c0087d8 1c0007b7 lui              x15, 0x1c000000     x15=1c000000
14291272ns          253246 1c0087dc 1c000737 lui              x14, 0x1c000000     x14=1c000000
14291291ns          253247 1c0087e0 13472703 lw               x14, 308(x14)       x14=bab59551 x14:1c000000  PA:1c000134
14291590ns          253262 1c0087e4 1307a783 lw               x15, 304(x15)       x15=37c23ab1 x15:1c000000  PA:1c000130
14291928ns          253279 1c0087e8 70f577c3 fmadd.s          f15, f10, f15, f14  f15=xxxxxxxx f10:3faa6244 f15:37c23ab1 f14:bab59551
14291948ns          253280 1c0087ec 1c000737 lui              x14, 0x1c000000     x14=1c000000
14291968ns          253281 1c0087f0 13872703 lw               x14, 312(x14)       x14=3d2aa76f x14:1c000000  PA:1c000138
14292306ns          253298 1c0087f4 70f577c3 fmadd.s          f15, f10, f15, f14  f15=xxxxxxxx f10:3faa6244 f15:bab18b25 f14:3d2aa76f
14292326ns          253299 1c0087f8 1c000737 lui              x14, 0x1c000000     x14=1c000000
14292346ns          253300 1c0087fc 13c72703 lw               x14, 316(x14)       x14=beffffe0 x14:1c000000  PA:1c00013c
14292664ns          253316 1c008800 70f577c3 fmadd.s          f15, f10, f15, f14  f15=xxxxxxxx f10:3faa6244 f15:3d2344c6 f14:beffffe0
14292684ns          253317 1c008804 1c000737 lui              x14, 0x1c000000     x14=1c000000
14292704ns          253318 1c008808 16872703 lw               x14, 360(x14)       x14=3f7fffff x14:1c000000  PA:1c000168
14293022ns          253334 1c00880c 70f57543 fmadd.s          f10, f10, f15, f14  f10=xxxxxxxx f10:3faa6244 f15:bee4d54a f14:3f7fffff
14293042ns          253335 1c008810 00008067 jalr             x0, x1, 0            x1:1c0081de
14293101ns          253338 1c0081de 016a7a53 fadd.s           f20, f20, f22       f20=xxxxxxxx f20:402e5edc f22:3eaaa273
14293121ns          253339 1c0081e2 10acf553 fmul.s           f10, f25, f10       f10=xxxxxxxx f25:3f800000 f10:3ecf650b
14293141ns          253340 1c0081e6 a14a97d3 flt.s            x15, f21, f20       x15=00000000 f21:40c90fdb f20:4043b32a
14293161ns          253341 1c0081ea 00a4222b p.sw             x10, 4(x8!)          x8=10001724 x10:3ecf650b  x8:10001720  PA:10001720
14293181ns          253342 1c0081ee 00078363 beq              x15, x0, 6          x15:00000000
14293241ns          253345 1c0081f4 ff7412e3 bne              x8, x23, -28         x8:10001724 x23:100017c8
14293300ns          253348 1c0081d8 094c7553 fsub.s           f10, f24, f20       f10=xxxxxxxx f24:3fc90fdb f20:4043b32a
14293320ns          253349 1c0081dc 57c000ef jal              x1, 1404             x1=1c0081de
14293360ns          253351 1c008758 a0a527d3 feq.s            x15, f10, f10       x15=00000001 f10:bfbe5679 f10:bfbe5679
14293380ns          253352 1c00875c 0a078b63 beq              x15, x0, 182        x15:00000001
14293400ns          253353 1c00875e e00517d3 fclass.s         x15, f10            x15=00000002 f10:bfbe5679
14293420ns          253354 1c008762 0817f793 andi             x15, x15, 129       x15=00000000 x15:00000002
14293440ns          253355 1c008766 0a079663 bne              x15, x0, 172        x15:00000000
14293460ns          253356 1c008768 00000793 addi             x15, x0, 0          x15=00000000
14293479ns          253357 1c00876c a0f517d3 flt.s            x15, f10, f15       x15=00000001 f10:bfbe5679 f15:00000000
14293499ns          253358 1c008770 0a079663 bne              x15, x0, 172        x15:00000001
14293559ns          253361 1c00881c 1c0007b7 lui              x15, 0x1c000000     x15=1c000000
14293579ns          253362 1c008820 12c7a783 lw               x15, 300(x15)       x15=c0c90fdb x15:1c000000  PA:1c00012c
14293917ns          253379 1c008824 a0f517d3 flt.s            x15, f10, f15       x15=00000000 f10:bfbe5679 f15:c0c90fdb
14293937ns          253380 1c008828 00078463 beq              x15, x0, 8          x15:00000000
14293997ns          253383 1c008830 20a51553 fsgnjn.s         f10, f10, f10       f10=xxxxxxxx f10:bfbe5679 f10:bfbe5679
14294016ns          253384 1c008834 f6bff06f jal              x0, -150           
14294076ns          253387 1c00879e 1c0007b7 lui              x15, 0x1c000000     x15=1c000000
14294096ns          253388 1c0087a2 01c7a783 lw               x15, 28(x15)        x15=3fc90fdb x15:1c000000  PA:1c00001c
14294414ns          253404 1c0087a6 a0f517d3 flt.s            x15, f10, f15       x15=00000001 f10:3fbe5679 f15:3fc90fdb
14294434ns          253405 1c0087aa 02079563 bne              x15, x0, 42         x15:00000001
14294494ns          253408 1c0087d4 10a57553 fmul.s           f10, f10, f10       f10=xxxxxxxx f10:3fbe5679 f10:3fbe5679
14294514ns          253409 1c0087d8 1c0007b7 lui              x15, 0x1c000000     x15=1c000000
14294534ns          253410 1c0087dc 1c000737 lui              x14, 0x1c000000     x14=1c000000
14294554ns          253411 1c0087e0 13472703 lw               x14, 308(x14)       x14=bab59551 x14:1c000000  PA:1c000134
14294852ns          253426 1c0087e4 1307a783 lw               x15, 304(x15)       x15=37c23ab1 x15:1c000000  PA:1c000130
14295170ns          253442 1c0087e8 70f577c3 fmadd.s          f15, f10, f15, f14  f15=xxxxxxxx f10:400d8479 f15:37c23ab1 f14:bab59551
14295190ns          253443 1c0087ec 1c000737 lui              x14, 0x1c000000     x14=1c000000
14295210ns          253444 1c0087f0 13872703 lw               x14, 312(x14)       x14=3d2aa76f x14:1c000000  PA:1c000138
14295528ns          253460 1c0087f4 70f577c3 fmadd.s          f15, f10, f15, f14  f15=xxxxxxxx f10:400d8479 f15:baaedf64 f14:3d2aa76f
14295548ns          253461 1c0087f8 1c000737 lui              x14, 0x1c000000     x14=1c000000
14295568ns          253462 1c0087fc 13c72703 lw               x14, 316(x14)       x14=beffffe0 x14:1c000000  PA:1c00013c
14295926ns          253480 1c008800 70f577c3 fmadd.s          f15, f10, f15, f14  f15=xxxxxxxx f10:400d8479 f15:3d1e91fe f14:beffffe0
14295946ns          253481 1c008804 1c000737 lui              x14, 0x1c000000     x14=1c000000
14295966ns          253482 1c008808 16872703 lw               x14, 360(x14)       x14=3f7fffff x14:1c000000  PA:1c000168
14296284ns          253498 1c00880c 70f57543 fmadd.s          f10, f10, f15, f14  f10=xxxxxxxx f10:400d8479 f15:bed42ba4 f14:3f7fffff
14296304ns          253499 1c008810 00008067 jalr             x0, x1, 0            x1:1c0081de
14296364ns          253502 1c0081de 016a7a53 fadd.s           f20, f20, f22       f20=xxxxxxxx f20:4043b32a f22:3eaaa273
14296383ns          253503 1c0081e2 10acf553 fmul.s           f10, f25, f10       f10=xxxxxxxx f25:3f800000 f10:3dab62b6
14296403ns          253504 1c0081e6 a14a97d3 flt.s            x15, f21, f20       x15=00000000 f21:40c90fdb f20:40590778
14296423ns          253505 1c0081ea 00a4222b p.sw             x10, 4(x8!)          x8=10001728 x10:3dab62b6  x8:10001724  PA:10001724
14296443ns          253506 1c0081ee 00078363 beq              x15, x0, 6          x15:00000000
14296503ns          253509 1c0081f4 ff7412e3 bne              x8, x23, -28         x8:10001728 x23:100017c8
14296562ns          253512 1c0081d8 094c7553 fsub.s           f10, f24, f20       f10=xxxxxxxx f24:3fc90fdb f20:40590778
14296582ns          253513 1c0081dc 57c000ef jal              x1, 1404             x1=1c0081de
14296622ns          253515 1c008758 a0a527d3 feq.s            x15, f10, f10       x15=00000001 f10:bfe8ff15 f10:bfe8ff15
14296642ns          253516 1c00875c 0a078b63 beq              x15, x0, 182        x15:00000001
14296662ns          253517 1c00875e e00517d3 fclass.s         x15, f10            x15=00000002 f10:bfe8ff15
14296682ns          253518 1c008762 0817f793 andi             x15, x15, 129       x15=00000000 x15:00000002
14296702ns          253519 1c008766 0a079663 bne              x15, x0, 172        x15:00000000
14296722ns          253520 1c008768 00000793 addi             x15, x0, 0          x15=00000000
14296742ns          253521 1c00876c a0f517d3 flt.s            x15, f10, f15       x15=00000001 f10:bfe8ff15 f15:00000000
14296761ns          253522 1c008770 0a079663 bne              x15, x0, 172        x15:00000001
14296821ns          253525 1c00881c 1c0007b7 lui              x15, 0x1c000000     x15=1c000000
14296841ns          253526 1c008820 12c7a783 lw               x15, 300(x15)       x15=c0c90fdb x15:1c000000  PA:1c00012c
14297179ns          253543 1c008824 a0f517d3 flt.s            x15, f10, f15       x15=00000000 f10:bfe8ff15 f15:c0c90fdb
14297199ns          253544 1c008828 00078463 beq              x15, x0, 8          x15:00000000
14297259ns          253547 1c008830 20a51553 fsgnjn.s         f10, f10, f10       f10=xxxxxxxx f10:bfe8ff15 f10:bfe8ff15
14297279ns          253548 1c008834 f6bff06f jal              x0, -150           
14297338ns          253551 1c00879e 1c0007b7 lui              x15, 0x1c000000     x15=1c000000
14297358ns          253552 1c0087a2 01c7a783 lw               x15, 28(x15)        x15=3fc90fdb x15:1c000000  PA:1c00001c
14297676ns          253568 1c0087a6 a0f517d3 flt.s            x15, f10, f15       x15=00000000 f10:3fe8ff15 f15:3fc90fdb
14297696ns          253569 1c0087aa 02079563 bne              x15, x0, 42         x15:00000000
14297716ns          253570 1c0087ac 1c0007b7 lui              x15, 0x1c000000     x15=1c000000
14297736ns          253571 1c0087b0 1007a783 lw               x15, 256(x15)       x15=40490fdb x15:1c000000  PA:1c000100
14298054ns          253587 1c0087b4 a0f51753 flt.s            x14, f10, f15       x14=00000001 f10:3fe8ff15 f15:40490fdb
14298074ns          253588 1c0087b8 06071f63 bne              x14, x0, 126        x14:00000001
14298154ns          253592 1c008836 08a7f553 fsub.s           f10, f15, f10       f10=xxxxxxxx f15:40490fdb f10:3fe8ff15
14298174ns          253593 1c00883a 10a57553 fmul.s           f10, f10, f10       f10=xxxxxxxx f10:3fa920a1 f10:3fa920a1
14298194ns          253594 1c00883e 1c0007b7 lui              x15, 0x1c000000     x15=1c000000
14298213ns          253595 1c008842 1c000737 lui              x14, 0x1c000000     x14=1c000000
14298233ns          253596 1c008846 13472703 lw               x14, 308(x14)       x14=bab59551 x14:1c000000  PA:1c000134
14298611ns          253615 1c00884a 1307a783 lw               x15, 304(x15)       x15=37c23ab1 x15:1c000000  PA:1c000130
14298929ns          253631 1c00884e 70f577c3 fmadd.s          f15, f10, f15, f14  f15=xxxxxxxx f10:3fdf7831 f15:37c23ab1 f14:bab59551
14298949ns          253632 1c008852 1c000737 lui              x14, 0x1c000000     x14=1c000000
14298969ns          253633 1c008856 13872703 lw               x14, 312(x14)       x14=3d2aa76f x14:1c000000  PA:1c000138
14299288ns          253649 1c00885a 70f577c3 fmadd.s          f15, f10, f15, f14  f15=xxxxxxxx f10:3fdf7831 f15:bab048ee f14:3d2aa76f
14299307ns          253650 1c00885e 1c000737 lui              x14, 0x1c000000     x14=1c000000
14299327ns          253651 1c008862 13c72703 lw               x14, 316(x14)       x14=beffffe0 x14:1c000000  PA:1c00013c
14299646ns          253667 1c008866 70f577c3 fmadd.s          f15, f10, f15, f14  f15=xxxxxxxx f10:3fdf7831 f15:3d21094a f14:beffffe0
14299665ns          253668 1c00886a 1c000737 lui              x14, 0x1c000000     x14=1c000000
14299685ns          253669 1c00886e 16872703 lw               x14, 360(x14)       x14=3f7fffff x14:1c000000  PA:1c000168
14300004ns          253685 1c008872 70f57543 fmadd.s          f10, f10, f15, f14  f10=xxxxxxxx f10:3fdf7831 f15:bedcdb33 f14:3f7fffff
14300023ns          253686 1c008876 20a51553 fsgnjn.s         f10, f10, f10       f10=xxxxxxxx f10:3e7cd572 f10:3e7cd572
14300043ns          253687 1c00887a 00008067 jalr             x0, x1, 0            x1:1c0081de
14300103ns          253690 1c0081de 016a7a53 fadd.s           f20, f20, f22       f20=xxxxxxxx f20:40590778 f22:3eaaa273
14300123ns          253691 1c0081e2 10acf553 fmul.s           f10, f25, f10       f10=xxxxxxxx f25:3f800000 f10:be7cd572
14300143ns          253692 1c0081e6 a14a97d3 flt.s            x15, f21, f20       x15=00000000 f21:40c90fdb f20:406e5bc6
14300163ns          253693 1c0081ea 00a4222b p.sw             x10, 4(x8!)          x8=1000172c x10:be7cd572  x8:10001728  PA:10001728
14300183ns          253694 1c0081ee 00078363 beq              x15, x0, 6          x15:00000000
14300242ns          253697 1c0081f4 ff7412e3 bne              x8, x23, -28         x8:1000172c x23:100017c8
14300302ns          253700 1c0081d8 094c7553 fsub.s           f10, f24, f20       f10=xxxxxxxx f24:3fc90fdb f20:406e5bc6
14300322ns          253701 1c0081dc 57c000ef jal              x1, 1404             x1=1c0081de
14300362ns          253703 1c008758 a0a527d3 feq.s            x15, f10, f10       x15=00000001 f10:c009d3d8 f10:c009d3d8
14300382ns          253704 1c00875c 0a078b63 beq              x15, x0, 182        x15:00000001
14300401ns          253705 1c00875e e00517d3 fclass.s         x15, f10            x15=00000002 f10:c009d3d8
14300421ns          253706 1c008762 0817f793 andi             x15, x15, 129       x15=00000000 x15:00000002
14300441ns          253707 1c008766 0a079663 bne              x15, x0, 172        x15:00000000
14300461ns          253708 1c008768 00000793 addi             x15, x0, 0          x15=00000000
14300481ns          253709 1c00876c a0f517d3 flt.s            x15, f10, f15       x15=00000001 f10:c009d3d8 f15:00000000
14300501ns          253710 1c008770 0a079663 bne              x15, x0, 172        x15:00000001
14300561ns          253713 1c00881c 1c0007b7 lui              x15, 0x1c000000     x15=1c000000
14300580ns          253714 1c008820 12c7a783 lw               x15, 300(x15)       x15=c0c90fdb x15:1c000000  PA:1c00012c
14300899ns          253730 1c008824 a0f517d3 flt.s            x15, f10, f15       x15=00000000 f10:c009d3d8 f15:c0c90fdb
14300919ns          253731 1c008828 00078463 beq              x15, x0, 8          x15:00000000
14300978ns          253734 1c008830 20a51553 fsgnjn.s         f10, f10, f10       f10=xxxxxxxx f10:c009d3d8 f10:c009d3d8
14300998ns          253735 1c008834 f6bff06f jal              x0, -150           
14301058ns          253738 1c00879e 1c0007b7 lui              x15, 0x1c000000     x15=1c000000
14301078ns          253739 1c0087a2 01c7a783 lw               x15, 28(x15)        x15=3fc90fdb x15:1c000000  PA:1c00001c
14301396ns          253755 1c0087a6 a0f517d3 flt.s            x15, f10, f15       x15=00000000 f10:4009d3d8 f15:3fc90fdb
14301416ns          253756 1c0087aa 02079563 bne              x15, x0, 42         x15:00000000
14301436ns          253757 1c0087ac 1c0007b7 lui              x15, 0x1c000000     x15=1c000000
14301456ns          253758 1c0087b0 1007a783 lw               x15, 256(x15)       x15=40490fdb x15:1c000000  PA:1c000100
14301794ns          253775 1c0087b4 a0f51753 flt.s            x14, f10, f15       x14=00000001 f10:4009d3d8 f15:40490fdb
14301814ns          253776 1c0087b8 06071f63 bne              x14, x0, 126        x14:00000001
14301893ns          253780 1c008836 08a7f553 fsub.s           f10, f15, f10       f10=xxxxxxxx f15:40490fdb f10:4009d3d8
14301913ns          253781 1c00883a 10a57553 fmul.s           f10, f10, f10       f10=xxxxxxxx f10:3f7cf00c f10:3f7cf00c
14301933ns          253782 1c00883e 1c0007b7 lui              x15, 0x1c000000     x15=1c000000
14301953ns          253783 1c008842 1c000737 lui              x14, 0x1c000000     x14=1c000000
14301973ns          253784 1c008846 13472703 lw               x14, 308(x14)       x14=bab59551 x14:1c000000  PA:1c000134
14302271ns          253799 1c00884a 1307a783 lw               x15, 304(x15)       x15=37c23ab1 x15:1c000000  PA:1c000130
14302609ns          253816 1c00884e 70f577c3 fmadd.s          f15, f10, f15, f14  f15=xxxxxxxx f10:3f79e979 f15:37c23ab1 f14:bab59551
14302629ns          253817 1c008852 1c000737 lui              x14, 0x1c000000     x14=1c000000
14302649ns          253818 1c008856 13872703 lw               x14, 312(x14)       x14=3d2aa76f x14:1c000000  PA:1c000138
14302967ns          253834 1c00885a 70f577c3 fmadd.s          f15, f10, f15, f14  f15=xxxxxxxx f10:3f79e979 f15:bab29ee0 f14:3d2aa76f
14302987ns          253835 1c00885e 1c000737 lui              x14, 0x1c000000     x14=1c000000
14303007ns          253836 1c008862 13c72703 lw               x14, 316(x14)       x14=beffffe0 x14:1c000000  PA:1c00013c
14303325ns          253852 1c008866 70f577c3 fmadd.s          f15, f10, f15, f14  f15=xxxxxxxx f10:3f79e979 f15:3d253474 f14:beffffe0
14303345ns          253853 1c00886a 1c000737 lui              x14, 0x1c000000     x14=1c000000
14303365ns          253854 1c00886e 16872703 lw               x14, 360(x14)       x14=3f7fffff x14:1c000000  PA:1c000168
14303703ns          253871 1c008872 70f57543 fmadd.s          f10, f10, f15, f14  f10=xxxxxxxx f10:3f79e979 f15:beebd70a f14:3f7fffff
14303723ns          253872 1c008876 20a51553 fsgnjn.s         f10, f10, f10       f10=xxxxxxxx f10:3f0ce260 f10:3f0ce260
14303743ns          253873 1c00887a 00008067 jalr             x0, x1, 0            x1:1c0081de
14303803ns          253876 1c0081de 016a7a53 fadd.s           f20, f20, f22       f20=xxxxxxxx f20:406e5bc6 f22:3eaaa273
14303823ns          253877 1c0081e2 10acf553 fmul.s           f10, f25, f10       f10=xxxxxxxx f25:3f800000 f10:bf0ce260
14303843ns          253878 1c0081e6 a14a97d3 flt.s            x15, f21, f20       x15=00000000 f21:40c90fdb f20:4081d80a
14303862ns          253879 1c0081ea 00a4222b p.sw             x10, 4(x8!)          x8=10001730 x10:bf0ce260  x8:1000172c  PA:1000172c
14303882ns          253880 1c0081ee 00078363 beq              x15, x0, 6          x15:00000000
14303942ns          253883 1c0081f4 ff7412e3 bne              x8, x23, -28         x8:10001730 x23:100017c8
14304002ns          253886 1c0081d8 094c7553 fsub.s           f10, f24, f20       f10=xxxxxxxx f24:3fc90fdb f20:4081d80a
14304022ns          253887 1c0081dc 57c000ef jal              x1, 1404             x1=1c0081de
14304061ns          253889 1c008758 a0a527d3 feq.s            x15, f10, f10       x15=00000001 f10:c01f2826 f10:c01f2826
14304081ns          253890 1c00875c 0a078b63 beq              x15, x0, 182        x15:00000001
14304101ns          253891 1c00875e e00517d3 fclass.s         x15, f10            x15=00000002 f10:c01f2826
14304121ns          253892 1c008762 0817f793 andi             x15, x15, 129       x15=00000000 x15:00000002
14304141ns          253893 1c008766 0a079663 bne              x15, x0, 172        x15:00000000
14304161ns          253894 1c008768 00000793 addi             x15, x0, 0          x15=00000000
14304181ns          253895 1c00876c a0f517d3 flt.s            x15, f10, f15       x15=00000001 f10:c01f2826 f15:00000000
14304201ns          253896 1c008770 0a079663 bne              x15, x0, 172        x15:00000001
14304260ns          253899 1c00881c 1c0007b7 lui              x15, 0x1c000000     x15=1c000000
14304280ns          253900 1c008820 12c7a783 lw               x15, 300(x15)       x15=c0c90fdb x15:1c000000  PA:1c00012c
14304598ns          253916 1c008824 a0f517d3 flt.s            x15, f10, f15       x15=00000000 f10:c01f2826 f15:c0c90fdb
14304618ns          253917 1c008828 00078463 beq              x15, x0, 8          x15:00000000
14304678ns          253920 1c008830 20a51553 fsgnjn.s         f10, f10, f10       f10=xxxxxxxx f10:c01f2826 f10:c01f2826
14304698ns          253921 1c008834 f6bff06f jal              x0, -150           
14304757ns          253924 1c00879e 1c0007b7 lui              x15, 0x1c000000     x15=1c000000
14304777ns          253925 1c0087a2 01c7a783 lw               x15, 28(x15)        x15=3fc90fdb x15:1c000000  PA:1c00001c
14305155ns          253944 1c0087a6 a0f517d3 flt.s            x15, f10, f15       x15=00000000 f10:401f2826 f15:3fc90fdb
14305175ns          253945 1c0087aa 02079563 bne              x15, x0, 42         x15:00000000
14305195ns          253946 1c0087ac 1c0007b7 lui              x15, 0x1c000000     x15=1c000000
14305215ns          253947 1c0087b0 1007a783 lw               x15, 256(x15)       x15=40490fdb x15:1c000000  PA:1c000100
14305533ns          253963 1c0087b4 a0f51753 flt.s            x14, f10, f15       x14=00000001 f10:401f2826 f15:40490fdb
14305553ns          253964 1c0087b8 06071f63 bne              x14, x0, 126        x14:00000001
14305633ns          253968 1c008836 08a7f553 fsub.s           f10, f15, f10       f10=xxxxxxxx f15:40490fdb f10:401f2826
14305653ns          253969 1c00883a 10a57553 fmul.s           f10, f10, f10       f10=xxxxxxxx f10:3f279ed4 f10:3f279ed4
14305672ns          253970 1c00883e 1c0007b7 lui              x15, 0x1c000000     x15=1c000000
14305692ns          253971 1c008842 1c000737 lui              x14, 0x1c000000     x14=1c000000
14305712ns          253972 1c008846 13472703 lw               x14, 308(x14)       x14=bab59551 x14:1c000000  PA:1c000134
14306011ns          253987 1c00884a 1307a783 lw               x15, 304(x15)       x15=37c23ab1 x15:1c000000  PA:1c000130
14306329ns          254003 1c00884e 70f577c3 fmadd.s          f15, f10, f15, f14  f15=xxxxxxxx f10:3edb8136 f15:37c23ab1 f14:bab59551
14306349ns          254004 1c008852 1c000737 lui              x14, 0x1c000000     x14=1c000000
14306369ns          254005 1c008856 13872703 lw               x14, 312(x14)       x14=3d2aa76f x14:1c000000  PA:1c000138
14306687ns          254021 1c00885a 70f577c3 fmadd.s          f15, f10, f15, f14  f15=xxxxxxxx f10:3edb8136 f15:bab4483d f14:3d2aa76f
14306707ns          254022 1c00885e 1c000737 lui              x14, 0x1c000000     x14=1c000000
14306727ns          254023 1c008862 13c72703 lw               x14, 316(x14)       x14=beffffe0 x14:1c000000  PA:1c00013c
14307045ns          254039 1c008866 70f577c3 fmadd.s          f15, f10, f15, f14  f15=xxxxxxxx f10:3edb8136 f15:3d283d1c f14:beffffe0
14307065ns          254040 1c00886a 1c000737 lui              x14, 0x1c000000     x14=1c000000
14307085ns          254041 1c00886e 16872703 lw               x14, 360(x14)       x14=3f7fffff x14:1c000000  PA:1c000168
14307403ns          254057 1c008872 70f57543 fmadd.s          f10, f10, f15, f14  f10=xxxxxxxx f10:3edb8136 f15:bef6fbcd f14:3f7fffff
14307423ns          254058 1c008876 20a51553 fsgnjn.s         f10, f10, f10       f10=xxxxxxxx f10:3f4b0e7b f10:3f4b0e7b
14307443ns          254059 1c00887a 00008067 jalr             x0, x1, 0            x1:1c0081de
14307502ns          254062 1c0081de 016a7a53 fadd.s           f20, f20, f22       f20=xxxxxxxx f20:4081d80a f22:3eaaa273
14307522ns          254063 1c0081e2 10acf553 fmul.s           f10, f25, f10       f10=xxxxxxxx f25:3f800000 f10:bf4b0e7b
14307542ns          254064 1c0081e6 a14a97d3 flt.s            x15, f21, f20       x15=00000000 f21:40c90fdb f20:408c8231
14307562ns          254065 1c0081ea 00a4222b p.sw             x10, 4(x8!)          x8=10001734 x10:bf4b0e7b  x8:10001730  PA:10001730
14307582ns          254066 1c0081ee 00078363 beq              x15, x0, 6          x15:00000000
14307642ns          254069 1c0081f4 ff7412e3 bne              x8, x23, -28         x8:10001734 x23:100017c8
14307701ns          254072 1c0081d8 094c7553 fsub.s           f10, f24, f20       f10=xxxxxxxx f24:3fc90fdb f20:408c8231
14307721ns          254073 1c0081dc 57c000ef jal              x1, 1404             x1=1c0081de
14307761ns          254075 1c008758 a0a527d3 feq.s            x15, f10, f10       x15=00000001 f10:c0347c74 f10:c0347c74
14307781ns          254076 1c00875c 0a078b63 beq              x15, x0, 182        x15:00000001
14307801ns          254077 1c00875e e00517d3 fclass.s         x15, f10            x15=00000002 f10:c0347c74
14307821ns          254078 1c008762 0817f793 andi             x15, x15, 129       x15=00000000 x15:00000002
14307841ns          254079 1c008766 0a079663 bne              x15, x0, 172        x15:00000000
14307860ns          254080 1c008768 00000793 addi             x15, x0, 0          x15=00000000
14307880ns          254081 1c00876c a0f517d3 flt.s            x15, f10, f15       x15=00000001 f10:c0347c74 f15:00000000
14307900ns          254082 1c008770 0a079663 bne              x15, x0, 172        x15:00000001
14307960ns          254085 1c00881c 1c0007b7 lui              x15, 0x1c000000     x15=1c000000
14307980ns          254086 1c008820 12c7a783 lw               x15, 300(x15)       x15=c0c90fdb x15:1c000000  PA:1c00012c
14308298ns          254102 1c008824 a0f517d3 flt.s            x15, f10, f15       x15=00000000 f10:c0347c74 f15:c0c90fdb
14308318ns          254103 1c008828 00078463 beq              x15, x0, 8          x15:00000000
14308378ns          254106 1c008830 20a51553 fsgnjn.s         f10, f10, f10       f10=xxxxxxxx f10:c0347c74 f10:c0347c74
14308397ns          254107 1c008834 f6bff06f jal              x0, -150           
14308457ns          254110 1c00879e 1c0007b7 lui              x15, 0x1c000000     x15=1c000000
14308477ns          254111 1c0087a2 01c7a783 lw               x15, 28(x15)        x15=3fc90fdb x15:1c000000  PA:1c00001c
14308795ns          254127 1c0087a6 a0f517d3 flt.s            x15, f10, f15       x15=00000000 f10:40347c74 f15:3fc90fdb
14308815ns          254128 1c0087aa 02079563 bne              x15, x0, 42         x15:00000000
14308835ns          254129 1c0087ac 1c0007b7 lui              x15, 0x1c000000     x15=1c000000
14308855ns          254130 1c0087b0 1007a783 lw               x15, 256(x15)       x15=40490fdb x15:1c000000  PA:1c000100
14309193ns          254147 1c0087b4 a0f51753 flt.s            x14, f10, f15       x14=00000001 f10:40347c74 f15:40490fdb
14309213ns          254148 1c0087b8 06071f63 bne              x14, x0, 126        x14:00000001
14309293ns          254152 1c008836 08a7f553 fsub.s           f10, f15, f10       f10=xxxxxxxx f15:40490fdb f10:40347c74
14309312ns          254153 1c00883a 10a57553 fmul.s           f10, f10, f10       f10=xxxxxxxx f10:3ea49b38 f10:3ea49b38
14309332ns          254154 1c00883e 1c0007b7 lui              x15, 0x1c000000     x15=1c000000
14309352ns          254155 1c008842 1c000737 lui              x14, 0x1c000000     x14=1c000000
14309372ns          254156 1c008846 13472703 lw               x14, 308(x14)       x14=bab59551 x14:1c000000  PA:1c000134
14309690ns          254172 1c00884a 1307a783 lw               x15, 304(x15)       x15=37c23ab1 x15:1c000000  PA:1c000130
14310009ns          254188 1c00884e 70f577c3 fmadd.s          f15, f10, f15, f14  f15=xxxxxxxx f10:3dd3ae7c f15:37c23ab1 f14:bab59551
14310029ns          254189 1c008852 1c000737 lui              x14, 0x1c000000     x14=1c000000
14310048ns          254190 1c008856 13872703 lw               x14, 312(x14)       x14=3d2aa76f x14:1c000000  PA:1c000138
14310367ns          254206 1c00885a 70f577c3 fmadd.s          f15, f10, f15, f14  f15=xxxxxxxx f10:3dd3ae7c f15:bab54504 f14:3d2aa76f
14310387ns          254207 1c00885e 1c000737 lui              x14, 0x1c000000     x14=1c000000
14310406ns          254208 1c008862 13c72703 lw               x14, 316(x14)       x14=beffffe0 x14:1c000000  PA:1c00013c
14310764ns          254226 1c008866 70f577c3 fmadd.s          f15, f10, f15, f14  f15=xxxxxxxx f10:3dd3ae7c f15:3d2a118c f14:beffffe0
14310784ns          254227 1c00886a 1c000737 lui              x14, 0x1c000000     x14=1c000000
14310804ns          254228 1c00886e 16872703 lw               x14, 360(x14)       x14=3f7fffff x14:1c000000  PA:1c000168
14311123ns          254244 1c008872 70f57543 fmadd.s          f10, f10, f15, f14  f10=xxxxxxxx f10:3dd3ae7c f15:befdcd5e f14:3f7fffff
14311142ns          254245 1c008876 20a51553 fsgnjn.s         f10, f10, f10       f10=xxxxxxxx f10:3f72e22b f10:3f72e22b
14311162ns          254246 1c00887a 00008067 jalr             x0, x1, 0            x1:1c0081de
14311222ns          254249 1c0081de 016a7a53 fadd.s           f20, f20, f22       f20=xxxxxxxx f20:408c8231 f22:3eaaa273
14311242ns          254250 1c0081e2 10acf553 fmul.s           f10, f25, f10       f10=xxxxxxxx f25:3f800000 f10:bf72e22b
14311262ns          254251 1c0081e6 a14a97d3 flt.s            x15, f21, f20       x15=00000000 f21:40c90fdb f20:40972c58
14311282ns          254252 1c0081ea 00a4222b p.sw             x10, 4(x8!)          x8=10001738 x10:bf72e22b  x8:10001734  PA:10001734
14311302ns          254253 1c0081ee 00078363 beq              x15, x0, 6          x15:00000000
14311361ns          254256 1c0081f4 ff7412e3 bne              x8, x23, -28         x8:10001738 x23:100017c8
14311421ns          254259 1c0081d8 094c7553 fsub.s           f10, f24, f20       f10=xxxxxxxx f24:3fc90fdb f20:40972c58
14311441ns          254260 1c0081dc 57c000ef jal              x1, 1404             x1=1c0081de
14311481ns          254262 1c008758 a0a527d3 feq.s            x15, f10, f10       x15=00000001 f10:c049d0c2 f10:c049d0c2
14311500ns          254263 1c00875c 0a078b63 beq              x15, x0, 182        x15:00000001
14311520ns          254264 1c00875e e00517d3 fclass.s         x15, f10            x15=00000002 f10:c049d0c2
14311540ns          254265 1c008762 0817f793 andi             x15, x15, 129       x15=00000000 x15:00000002
14311560ns          254266 1c008766 0a079663 bne              x15, x0, 172        x15:00000000
14311580ns          254267 1c008768 00000793 addi             x15, x0, 0          x15=00000000
14311600ns          254268 1c00876c a0f517d3 flt.s            x15, f10, f15       x15=00000001 f10:c049d0c2 f15:00000000
14311620ns          254269 1c008770 0a079663 bne              x15, x0, 172        x15:00000001
14311679ns          254272 1c00881c 1c0007b7 lui              x15, 0x1c000000     x15=1c000000
14311699ns          254273 1c008820 12c7a783 lw               x15, 300(x15)       x15=c0c90fdb x15:1c000000  PA:1c00012c
14312037ns          254290 1c008824 a0f517d3 flt.s            x15, f10, f15       x15=00000000 f10:c049d0c2 f15:c0c90fdb
14312057ns          254291 1c008828 00078463 beq              x15, x0, 8          x15:00000000
14312117ns          254294 1c008830 20a51553 fsgnjn.s         f10, f10, f10       f10=xxxxxxxx f10:c049d0c2 f10:c049d0c2
14312137ns          254295 1c008834 f6bff06f jal              x0, -150           
14312197ns          254298 1c00879e 1c0007b7 lui              x15, 0x1c000000     x15=1c000000
14312217ns          254299 1c0087a2 01c7a783 lw               x15, 28(x15)        x15=3fc90fdb x15:1c000000  PA:1c00001c
14312535ns          254315 1c0087a6 a0f517d3 flt.s            x15, f10, f15       x15=00000000 f10:4049d0c2 f15:3fc90fdb
14312555ns          254316 1c0087aa 02079563 bne              x15, x0, 42         x15:00000000
14312575ns          254317 1c0087ac 1c0007b7 lui              x15, 0x1c000000     x15=1c000000
14312594ns          254318 1c0087b0 1007a783 lw               x15, 256(x15)       x15=40490fdb x15:1c000000  PA:1c000100
14312933ns          254335 1c0087b4 a0f51753 flt.s            x14, f10, f15       x14=00000000 f10:4049d0c2 f15:40490fdb
14312952ns          254336 1c0087b8 06071f63 bne              x14, x0, 126        x14:00000000
14312972ns          254337 1c0087ba 1c000737 lui              x14, 0x1c000000     x14=1c000000
14312992ns          254338 1c0087be 14072703 lw               x14, 320(x14)       x14=4096cbe4 x14:1c000000  PA:1c000140
14313310ns          254354 1c0087c2 a0e51753 flt.s            x14, f10, f14       x14=00000001 f10:4049d0c2 f14:4096cbe4
14313330ns          254355 1c0087c6 0a071b63 bne              x14, x0, 182        x14:00000001
14313390ns          254358 1c00887c 08f57553 fsub.s           f10, f10, f15       f10=xxxxxxxx f10:4049d0c2 f15:40490fdb
14313410ns          254359 1c008880 fbbff06f jal              x0, -70            
14313470ns          254362 1c00883a 10a57553 fmul.s           f10, f10, f10       f10=xxxxxxxx f10:3c40e700 f10:3c40e700
14313490ns          254363 1c00883e 1c0007b7 lui              x15, 0x1c000000     x15=1c000000
14313509ns          254364 1c008842 1c000737 lui              x14, 0x1c000000     x14=1c000000
14313529ns          254365 1c008846 13472703 lw               x14, 308(x14)       x14=bab59551 x14:1c000000  PA:1c000134
14313828ns          254380 1c00884a 1307a783 lw               x15, 304(x15)       x15=37c23ab1 x15:1c000000  PA:1c000130
14314146ns          254396 1c00884e 70f577c3 fmadd.s          f15, f10, f15, f14  f15=xxxxxxxx f10:39115b50 f15:37c23ab1 f14:bab59551
14314166ns          254397 1c008852 1c000737 lui              x14, 0x1c000000     x14=1c000000
14314186ns          254398 1c008856 13872703 lw               x14, 312(x14)       x14=3d2aa76f x14:1c000000  PA:1c000138
14314524ns          254415 1c00885a 70f577c3 fmadd.s          f15, f10, f15, f14  f15=xxxxxxxx f10:39115b50 f15:bab59535 f14:3d2aa76f
14314544ns          254416 1c00885e 1c000737 lui              x14, 0x1c000000     x14=1c000000
14314564ns          254417 1c008862 13c72703 lw               x14, 316(x14)       x14=beffffe0 x14:1c000000  PA:1c00013c
14314961ns          254437 1c008866 70f577c3 fmadd.s          f15, f10, f15, f14  f15=xxxxxxxx f10:39115b50 f15:3d2aa73b f14:beffffe0
14314981ns          254438 1c00886a 1c000737 lui              x14, 0x1c000000     x14=1c000000
14315001ns          254439 1c00886e 16872703 lw               x14, 360(x14)       x14=3f7fffff x14:1c000000  PA:1c000168
14315319ns          254455 1c008872 70f57543 fmadd.s          f10, f10, f15, f14  f10=xxxxxxxx f10:39115b50 f15:beffff1e f14:3f7fffff
14315339ns          254456 1c008876 20a51553 fsgnjn.s         f10, f10, f10       f10=xxxxxxxx f10:3f7ffb74 f10:3f7ffb74
14315359ns          254457 1c00887a 00008067 jalr             x0, x1, 0            x1:1c0081de
14315419ns          254460 1c0081de 016a7a53 fadd.s           f20, f20, f22       f20=xxxxxxxx f20:40972c58 f22:3eaaa273
14315439ns          254461 1c0081e2 10acf553 fmul.s           f10, f25, f10       f10=xxxxxxxx f25:3f800000 f10:bf7ffb74
14315459ns          254462 1c0081e6 a14a97d3 flt.s            x15, f21, f20       x15=00000000 f21:40c90fdb f20:40a1d67f
14315479ns          254463 1c0081ea 00a4222b p.sw             x10, 4(x8!)          x8=1000173c x10:bf7ffb74  x8:10001738  PA:10001738
14315498ns          254464 1c0081ee 00078363 beq              x15, x0, 6          x15:00000000
14315558ns          254467 1c0081f4 ff7412e3 bne              x8, x23, -28         x8:1000173c x23:100017c8
14315618ns          254470 1c0081d8 094c7553 fsub.s           f10, f24, f20       f10=xxxxxxxx f24:3fc90fdb f20:40a1d67f
14315638ns          254471 1c0081dc 57c000ef jal              x1, 1404             x1=1c0081de
14315677ns          254473 1c008758 a0a527d3 feq.s            x15, f10, f10       x15=00000001 f10:c05f2510 f10:c05f2510
14315697ns          254474 1c00875c 0a078b63 beq              x15, x0, 182        x15:00000001
14315717ns          254475 1c00875e e00517d3 fclass.s         x15, f10            x15=00000002 f10:c05f2510
14315737ns          254476 1c008762 0817f793 andi             x15, x15, 129       x15=00000000 x15:00000002
14315757ns          254477 1c008766 0a079663 bne              x15, x0, 172        x15:00000000
14315777ns          254478 1c008768 00000793 addi             x15, x0, 0          x15=00000000
14315797ns          254479 1c00876c a0f517d3 flt.s            x15, f10, f15       x15=00000001 f10:c05f2510 f15:00000000
14315817ns          254480 1c008770 0a079663 bne              x15, x0, 172        x15:00000001
14315876ns          254483 1c00881c 1c0007b7 lui              x15, 0x1c000000     x15=1c000000
14315896ns          254484 1c008820 12c7a783 lw               x15, 300(x15)       x15=c0c90fdb x15:1c000000  PA:1c00012c
14316215ns          254500 1c008824 a0f517d3 flt.s            x15, f10, f15       x15=00000000 f10:c05f2510 f15:c0c90fdb
14316234ns          254501 1c008828 00078463 beq              x15, x0, 8          x15:00000000
14316294ns          254504 1c008830 20a51553 fsgnjn.s         f10, f10, f10       f10=xxxxxxxx f10:c05f2510 f10:c05f2510
14316314ns          254505 1c008834 f6bff06f jal              x0, -150           
14316374ns          254508 1c00879e 1c0007b7 lui              x15, 0x1c000000     x15=1c000000
14316394ns          254509 1c0087a2 01c7a783 lw               x15, 28(x15)        x15=3fc90fdb x15:1c000000  PA:1c00001c
14316712ns          254525 1c0087a6 a0f517d3 flt.s            x15, f10, f15       x15=00000000 f10:405f2510 f15:3fc90fdb
14316732ns          254526 1c0087aa 02079563 bne              x15, x0, 42         x15:00000000
14316752ns          254527 1c0087ac 1c0007b7 lui              x15, 0x1c000000     x15=1c000000
14316771ns          254528 1c0087b0 1007a783 lw               x15, 256(x15)       x15=40490fdb x15:1c000000  PA:1c000100
14317130ns          254546 1c0087b4 a0f51753 flt.s            x14, f10, f15       x14=00000000 f10:405f2510 f15:40490fdb
14317149ns          254547 1c0087b8 06071f63 bne              x14, x0, 126        x14:00000000
14317169ns          254548 1c0087ba 1c000737 lui              x14, 0x1c000000     x14=1c000000
14317189ns          254549 1c0087be 14072703 lw               x14, 320(x14)       x14=4096cbe4 x14:1c000000  PA:1c000140
14317527ns          254566 1c0087c2 a0e51753 flt.s            x14, f10, f14       x14=00000001 f10:405f2510 f14:4096cbe4
14317547ns          254567 1c0087c6 0a071b63 bne              x14, x0, 182        x14:00000001
14317607ns          254570 1c00887c 08f57553 fsub.s           f10, f10, f15       f10=xxxxxxxx f10:405f2510 f15:40490fdb
14317627ns          254571 1c008880 fbbff06f jal              x0, -70            
14317686ns          254574 1c00883a 10a57553 fmul.s           f10, f10, f10       f10=xxxxxxxx f10:3eb0a9a8 f10:3eb0a9a8
14317706ns          254575 1c00883e 1c0007b7 lui              x15, 0x1c000000     x15=1c000000
14317726ns          254576 1c008842 1c000737 lui              x14, 0x1c000000     x14=1c000000
14317746ns          254577 1c008846 13472703 lw               x14, 308(x14)       x14=bab59551 x14:1c000000  PA:1c000134
14318064ns          254593 1c00884a 1307a783 lw               x15, 304(x15)       x15=37c23ab1 x15:1c000000  PA:1c000130
14318442ns          254612 1c00884e 70f577c3 fmadd.s          f15, f10, f15, f14  f15=xxxxxxxx f10:3df3d36f f15:37c23ab1 f14:bab59551
14318462ns          254613 1c008852 1c000737 lui              x14, 0x1c000000     x14=1c000000
14318482ns          254614 1c008856 13872703 lw               x14, 312(x14)       x14=3d2aa76f x14:1c000000  PA:1c000138
14318820ns          254631 1c00885a 70f577c3 fmadd.s          f15, f10, f15, f14  f15=xxxxxxxx f10:3df3d36f f15:bab538d2 f14:3d2aa76f
14318840ns          254632 1c00885e 1c000737 lui              x14, 0x1c000000     x14=1c000000
14318860ns          254633 1c008862 13c72703 lw               x14, 316(x14)       x14=beffffe0 x14:1c000000  PA:1c00013c
14319178ns          254649 1c008866 70f577c3 fmadd.s          f15, f10, f15, f14  f15=xxxxxxxx f10:3df3d36f f15:3d29fad4 f14:beffffe0
14319198ns          254650 1c00886a 1c000737 lui              x14, 0x1c000000     x14=1c000000
14319218ns          254651 1c00886e 16872703 lw               x14, 360(x14)       x14=3f7fffff x14:1c000000  PA:1c000168
14319536ns          254667 1c008872 70f57543 fmadd.s          f10, f10, f15, f14  f10=xxxxxxxx f10:3df3d36f f15:befd784a f14:3f7fffff
14319556ns          254668 1c008876 20a51553 fsgnjn.s         f10, f10, f10       f10=xxxxxxxx f10:3f70e957 f10:3f70e957
14319576ns          254669 1c00887a 00008067 jalr             x0, x1, 0            x1:1c0081de
14319636ns          254672 1c0081de 016a7a53 fadd.s           f20, f20, f22       f20=xxxxxxxx f20:40a1d67f f22:3eaaa273
14319656ns          254673 1c0081e2 10acf553 fmul.s           f10, f25, f10       f10=xxxxxxxx f25:3f800000 f10:bf70e957
14319676ns          254674 1c0081e6 a14a97d3 flt.s            x15, f21, f20       x15=00000000 f21:40c90fdb f20:40ac80a6
14319695ns          254675 1c0081ea 00a4222b p.sw             x10, 4(x8!)          x8=10001740 x10:bf70e957  x8:1000173c  PA:1000173c
14319715ns          254676 1c0081ee 00078363 beq              x15, x0, 6          x15:00000000
14319775ns          254679 1c0081f4 ff7412e3 bne              x8, x23, -28         x8:10001740 x23:100017c8
14319835ns          254682 1c0081d8 094c7553 fsub.s           f10, f24, f20       f10=xxxxxxxx f24:3fc90fdb f20:40ac80a6
14319855ns          254683 1c0081dc 57c000ef jal              x1, 1404             x1=1c0081de
14319894ns          254685 1c008758 a0a527d3 feq.s            x15, f10, f10       x15=00000001 f10:c074795e f10:c074795e
14319914ns          254686 1c00875c 0a078b63 beq              x15, x0, 182        x15:00000001
14319934ns          254687 1c00875e e00517d3 fclass.s         x15, f10            x15=00000002 f10:c074795e
14319954ns          254688 1c008762 0817f793 andi             x15, x15, 129       x15=00000000 x15:00000002
14319974ns          254689 1c008766 0a079663 bne              x15, x0, 172        x15:00000000
14319994ns          254690 1c008768 00000793 addi             x15, x0, 0          x15=00000000
14320014ns          254691 1c00876c a0f517d3 flt.s            x15, f10, f15       x15=00000001 f10:c074795e f15:00000000
14320034ns          254692 1c008770 0a079663 bne              x15, x0, 172        x15:00000001
14320093ns          254695 1c00881c 1c0007b7 lui              x15, 0x1c000000     x15=1c000000
14320113ns          254696 1c008820 12c7a783 lw               x15, 300(x15)       x15=c0c90fdb x15:1c000000  PA:1c00012c
14320431ns          254712 1c008824 a0f517d3 flt.s            x15, f10, f15       x15=00000000 f10:c074795e f15:c0c90fdb
14320451ns          254713 1c008828 00078463 beq              x15, x0, 8          x15:00000000
14320511ns          254716 1c008830 20a51553 fsgnjn.s         f10, f10, f10       f10=xxxxxxxx f10:c074795e f10:c074795e
14320531ns          254717 1c008834 f6bff06f jal              x0, -150           
14320591ns          254720 1c00879e 1c0007b7 lui              x15, 0x1c000000     x15=1c000000
14320610ns          254721 1c0087a2 01c7a783 lw               x15, 28(x15)        x15=3fc90fdb x15:1c000000  PA:1c00001c
14320929ns          254737 1c0087a6 a0f517d3 flt.s            x15, f10, f15       x15=00000000 f10:4074795e f15:3fc90fdb
14320949ns          254738 1c0087aa 02079563 bne              x15, x0, 42         x15:00000000
14320968ns          254739 1c0087ac 1c0007b7 lui              x15, 0x1c000000     x15=1c000000
14320988ns          254740 1c0087b0 1007a783 lw               x15, 256(x15)       x15=40490fdb x15:1c000000  PA:1c000100
14321307ns          254756 1c0087b4 a0f51753 flt.s            x14, f10, f15       x14=00000000 f10:4074795e f15:40490fdb
14321326ns          254757 1c0087b8 06071f63 bne              x14, x0, 126        x14:00000000
14321346ns          254758 1c0087ba 1c000737 lui              x14, 0x1c000000     x14=1c000000
14321366ns          254759 1c0087be 14072703 lw               x14, 320(x14)       x14=4096cbe4 x14:1c000000  PA:1c000140
14321685ns          254775 1c0087c2 a0e51753 flt.s            x14, f10, f14       x14=00000001 f10:4074795e f14:4096cbe4
14321704ns          254776 1c0087c6 0a071b63 bne              x14, x0, 182        x14:00000001
14321764ns          254779 1c00887c 08f57553 fsub.s           f10, f10, f15       f10=xxxxxxxx f10:4074795e f15:40490fdb
14321784ns          254780 1c008880 fbbff06f jal              x0, -70            
14321844ns          254783 1c00883a 10a57553 fmul.s           f10, f10, f10       f10=xxxxxxxx f10:3f2da60c f10:3f2da60c
14321864ns          254784 1c00883e 1c0007b7 lui              x15, 0x1c000000     x15=1c000000
14321883ns          254785 1c008842 1c000737 lui              x14, 0x1c000000     x14=1c000000
14321903ns          254786 1c008846 13472703 lw               x14, 308(x14)       x14=bab59551 x14:1c000000  PA:1c000134
14322241ns          254803 1c00884a 1307a783 lw               x15, 304(x15)       x15=37c23ab1 x15:1c000000  PA:1c000130
14322580ns          254820 1c00884e 70f577c3 fmadd.s          f15, f10, f15, f14  f15=xxxxxxxx f10:3eeb93b0 f15:37c23ab1 f14:bab59551
14322599ns          254821 1c008852 1c000737 lui              x14, 0x1c000000     x14=1c000000
14322619ns          254822 1c008856 13872703 lw               x14, 312(x14)       x14=3d2aa76f x14:1c000000  PA:1c000138
14322938ns          254838 1c00885a 70f577c3 fmadd.s          f15, f10, f15, f14  f15=xxxxxxxx f10:3eeb93b0 f15:bab42fd9 f14:3d2aa76f
14322958ns          254839 1c00885e 1c000737 lui              x14, 0x1c000000     x14=1c000000
14322977ns          254840 1c008862 13c72703 lw               x14, 316(x14)       x14=beffffe0 x14:1c000000  PA:1c00013c
14323296ns          254856 1c008866 70f577c3 fmadd.s          f15, f10, f15, f14  f15=xxxxxxxx f10:3eeb93b0 f15:3d281030 f14:beffffe0
14323316ns          254857 1c00886a 1c000737 lui              x14, 0x1c000000     x14=1c000000
14323335ns          254858 1c00886e 16872703 lw               x14, 360(x14)       x14=3f7fffff x14:1c000000  PA:1c000168
14323674ns          254875 1c008872 70f57543 fmadd.s          f10, f10, f15, f14  f10=xxxxxxxx f10:3eeb93b0 f15:bef65563 f14:3f7fffff
14323693ns          254876 1c008876 20a51553 fsgnjn.s         f10, f10, f10       f10=xxxxxxxx f10:3f47545f f10:3f47545f
14323713ns          254877 1c00887a 00008067 jalr             x0, x1, 0            x1:1c0081de
14323773ns          254880 1c0081de 016a7a53 fadd.s           f20, f20, f22       f20=xxxxxxxx f20:40ac80a6 f22:3eaaa273
14323793ns          254881 1c0081e2 10acf553 fmul.s           f10, f25, f10       f10=xxxxxxxx f25:3f800000 f10:bf47545f
14323813ns          254882 1c0081e6 a14a97d3 flt.s            x15, f21, f20       x15=00000000 f21:40c90fdb f20:40b72acd
14323833ns          254883 1c0081ea 00a4222b p.sw             x10, 4(x8!)          x8=10001744 x10:bf47545f  x8:10001740  PA:10001740
14323853ns          254884 1c0081ee 00078363 beq              x15, x0, 6          x15:00000000
14323912ns          254887 1c0081f4 ff7412e3 bne              x8, x23, -28         x8:10001744 x23:100017c8
14323972ns          254890 1c0081d8 094c7553 fsub.s           f10, f24, f20       f10=xxxxxxxx f24:3fc90fdb f20:40b72acd
14323992ns          254891 1c0081dc 57c000ef jal              x1, 1404             x1=1c0081de
14324032ns          254893 1c008758 a0a527d3 feq.s            x15, f10, f10       x15=00000001 f10:c084e6d6 f10:c084e6d6
14324052ns          254894 1c00875c 0a078b63 beq              x15, x0, 182        x15:00000001
14324071ns          254895 1c00875e e00517d3 fclass.s         x15, f10            x15=00000002 f10:c084e6d6
14324091ns          254896 1c008762 0817f793 andi             x15, x15, 129       x15=00000000 x15:00000002
14324111ns          254897 1c008766 0a079663 bne              x15, x0, 172        x15:00000000
14324131ns          254898 1c008768 00000793 addi             x15, x0, 0          x15=00000000
14324151ns          254899 1c00876c a0f517d3 flt.s            x15, f10, f15       x15=00000001 f10:c084e6d6 f15:00000000
14324171ns          254900 1c008770 0a079663 bne              x15, x0, 172        x15:00000001
14324231ns          254903 1c00881c 1c0007b7 lui              x15, 0x1c000000     x15=1c000000
14324250ns          254904 1c008820 12c7a783 lw               x15, 300(x15)       x15=c0c90fdb x15:1c000000  PA:1c00012c
14324589ns          254921 1c008824 a0f517d3 flt.s            x15, f10, f15       x15=00000000 f10:c084e6d6 f15:c0c90fdb
14324608ns          254922 1c008828 00078463 beq              x15, x0, 8          x15:00000000
14324668ns          254925 1c008830 20a51553 fsgnjn.s         f10, f10, f10       f10=xxxxxxxx f10:c084e6d6 f10:c084e6d6
14324688ns          254926 1c008834 f6bff06f jal              x0, -150           
14324748ns          254929 1c00879e 1c0007b7 lui              x15, 0x1c000000     x15=1c000000
14324768ns          254930 1c0087a2 01c7a783 lw               x15, 28(x15)        x15=3fc90fdb x15:1c000000  PA:1c00001c
14325126ns          254948 1c0087a6 a0f517d3 flt.s            x15, f10, f15       x15=00000000 f10:4084e6d6 f15:3fc90fdb
14325145ns          254949 1c0087aa 02079563 bne              x15, x0, 42         x15:00000000
14325165ns          254950 1c0087ac 1c0007b7 lui              x15, 0x1c000000     x15=1c000000
14325185ns          254951 1c0087b0 1007a783 lw               x15, 256(x15)       x15=40490fdb x15:1c000000  PA:1c000100
14325523ns          254968 1c0087b4 a0f51753 flt.s            x14, f10, f15       x14=00000000 f10:4084e6d6 f15:40490fdb
14325543ns          254969 1c0087b8 06071f63 bne              x14, x0, 126        x14:00000000
14325563ns          254970 1c0087ba 1c000737 lui              x14, 0x1c000000     x14=1c000000
14325583ns          254971 1c0087be 14072703 lw               x14, 320(x14)       x14=4096cbe4 x14:1c000000  PA:1c000140
14325921ns          254988 1c0087c2 a0e51753 flt.s            x14, f10, f14       x14=00000001 f10:4084e6d6 f14:4096cbe4
14325941ns          254989 1c0087c6 0a071b63 bne              x14, x0, 182        x14:00000001
14326001ns          254992 1c00887c 08f57553 fsub.s           f10, f10, f15       f10=xxxxxxxx f10:4084e6d6 f15:40490fdb
14326021ns          254993 1c008880 fbbff06f jal              x0, -70            
14326080ns          254996 1c00883a 10a57553 fmul.s           f10, f10, f10       f10=xxxxxxxx f10:3f817ba2 f10:3f817ba2
14326100ns          254997 1c00883e 1c0007b7 lui              x15, 0x1c000000     x15=1c000000
14326120ns          254998 1c008842 1c000737 lui              x14, 0x1c000000     x14=1c000000
14326140ns          254999 1c008846 13472703 lw               x14, 308(x14)       x14=bab59551 x14:1c000000  PA:1c000134
14326458ns          255015 1c00884a 1307a783 lw               x15, 304(x15)       x15=37c23ab1 x15:1c000000  PA:1c000130
14326777ns          255031 1c00884e 70f577c3 fmadd.s          f15, f10, f15, f14  f15=xxxxxxxx f10:3f82fbaa f15:37c23ab1 f14:bab59551
14326796ns          255032 1c008852 1c000737 lui              x14, 0x1c000000     x14=1c000000
14326816ns          255033 1c008856 13872703 lw               x14, 312(x14)       x14=3d2aa76f x14:1c000000  PA:1c000138
14327135ns          255049 1c00885a 70f577c3 fmadd.s          f15, f10, f15, f14  f15=xxxxxxxx f10:3f82fbaa f15:bab27a4b f14:3d2aa76f
14327154ns          255050 1c00885e 1c000737 lui              x14, 0x1c000000     x14=1c000000
14327174ns          255051 1c008862 13c72703 lw               x14, 316(x14)       x14=beffffe0 x14:1c000000  PA:1c00013c
14327493ns          255067 1c008866 70f577c3 fmadd.s          f15, f10, f15, f14  f15=xxxxxxxx f10:3f82fbaa f15:3d24f256 f14:beffffe0
14327512ns          255068 1c00886a 1c000737 lui              x14, 0x1c000000     x14=1c000000
14327532ns          255069 1c00886e 16872703 lw               x14, 360(x14)       x14=3f7fffff x14:1c000000  PA:1c000168
14327871ns          255086 1c008872 70f57543 fmadd.s          f10, f10, f15, f14  f10=xxxxxxxx f10:3f82fbaa f15:beeae692 f14:3f7fffff
14327890ns          255087 1c008876 20a51553 fsgnjn.s         f10, f10, f10       f10=xxxxxxxx f10:3f07cffd f10:3f07cffd
14327910ns          255088 1c00887a 00008067 jalr             x0, x1, 0            x1:1c0081de
14327970ns          255091 1c0081de 016a7a53 fadd.s           f20, f20, f22       f20=xxxxxxxx f20:40b72acd f22:3eaaa273
14327990ns          255092 1c0081e2 10acf553 fmul.s           f10, f25, f10       f10=xxxxxxxx f25:3f800000 f10:bf07cffd
14328010ns          255093 1c0081e6 a14a97d3 flt.s            x15, f21, f20       x15=00000000 f21:40c90fdb f20:40c1d4f4
14328030ns          255094 1c0081ea 00a4222b p.sw             x10, 4(x8!)          x8=10001748 x10:bf07cffd  x8:10001744  PA:10001744
14328050ns          255095 1c0081ee 00078363 beq              x15, x0, 6          x15:00000000
14328109ns          255098 1c0081f4 ff7412e3 bne              x8, x23, -28         x8:10001748 x23:100017c8
14328169ns          255101 1c0081d8 094c7553 fsub.s           f10, f24, f20       f10=xxxxxxxx f24:3fc90fdb f20:40c1d4f4
14328189ns          255102 1c0081dc 57c000ef jal              x1, 1404             x1=1c0081de
14328229ns          255104 1c008758 a0a527d3 feq.s            x15, f10, f10       x15=00000001 f10:c08f90fd f10:c08f90fd
14328248ns          255105 1c00875c 0a078b63 beq              x15, x0, 182        x15:00000001
14328268ns          255106 1c00875e e00517d3 fclass.s         x15, f10            x15=00000002 f10:c08f90fd
14328288ns          255107 1c008762 0817f793 andi             x15, x15, 129       x15=00000000 x15:00000002
14328308ns          255108 1c008766 0a079663 bne              x15, x0, 172        x15:00000000
14328328ns          255109 1c008768 00000793 addi             x15, x0, 0          x15=00000000
14328348ns          255110 1c00876c a0f517d3 flt.s            x15, f10, f15       x15=00000001 f10:c08f90fd f15:00000000
14328368ns          255111 1c008770 0a079663 bne              x15, x0, 172        x15:00000001
14328427ns          255114 1c00881c 1c0007b7 lui              x15, 0x1c000000     x15=1c000000
14328447ns          255115 1c008820 12c7a783 lw               x15, 300(x15)       x15=c0c90fdb x15:1c000000  PA:1c00012c
14328766ns          255131 1c008824 a0f517d3 flt.s            x15, f10, f15       x15=00000000 f10:c08f90fd f15:c0c90fdb
14328786ns          255132 1c008828 00078463 beq              x15, x0, 8          x15:00000000
14328845ns          255135 1c008830 20a51553 fsgnjn.s         f10, f10, f10       f10=xxxxxxxx f10:c08f90fd f10:c08f90fd
14328865ns          255136 1c008834 f6bff06f jal              x0, -150           
14328925ns          255139 1c00879e 1c0007b7 lui              x15, 0x1c000000     x15=1c000000
14328945ns          255140 1c0087a2 01c7a783 lw               x15, 28(x15)        x15=3fc90fdb x15:1c000000  PA:1c00001c
14329263ns          255156 1c0087a6 a0f517d3 flt.s            x15, f10, f15       x15=00000000 f10:408f90fd f15:3fc90fdb
14329283ns          255157 1c0087aa 02079563 bne              x15, x0, 42         x15:00000000
14329303ns          255158 1c0087ac 1c0007b7 lui              x15, 0x1c000000     x15=1c000000
14329323ns          255159 1c0087b0 1007a783 lw               x15, 256(x15)       x15=40490fdb x15:1c000000  PA:1c000100
14329661ns          255176 1c0087b4 a0f51753 flt.s            x14, f10, f15       x14=00000000 f10:408f90fd f15:40490fdb
14329681ns          255177 1c0087b8 06071f63 bne              x14, x0, 126        x14:00000000
14329700ns          255178 1c0087ba 1c000737 lui              x14, 0x1c000000     x14=1c000000
14329720ns          255179 1c0087be 14072703 lw               x14, 320(x14)       x14=4096cbe4 x14:1c000000  PA:1c000140
14330059ns          255196 1c0087c2 a0e51753 flt.s            x14, f10, f14       x14=00000001 f10:408f90fd f14:4096cbe4
14330078ns          255197 1c0087c6 0a071b63 bne              x14, x0, 182        x14:00000001
14330138ns          255200 1c00887c 08f57553 fsub.s           f10, f10, f15       f10=xxxxxxxx f10:408f90fd f15:40490fdb
14330158ns          255201 1c008880 fbbff06f jal              x0, -70            
14330218ns          255204 1c00883a 10a57553 fmul.s           f10, f10, f10       f10=xxxxxxxx f10:3fac243e f10:3fac243e
14330238ns          255205 1c00883e 1c0007b7 lui              x15, 0x1c000000     x15=1c000000
14330257ns          255206 1c008842 1c000737 lui              x14, 0x1c000000     x14=1c000000
14330277ns          255207 1c008846 13472703 lw               x14, 308(x14)       x14=bab59551 x14:1c000000  PA:1c000134
14330576ns          255222 1c00884a 1307a783 lw               x15, 304(x15)       x15=37c23ab1 x15:1c000000  PA:1c000130
14330914ns          255239 1c00884e 70f577c3 fmadd.s          f15, f10, f15, f14  f15=xxxxxxxx f10:3fe78171 f15:37c23ab1 f14:bab59551
14330934ns          255240 1c008852 1c000737 lui              x14, 0x1c000000     x14=1c000000
14330954ns          255241 1c008856 13872703 lw               x14, 312(x14)       x14=3d2aa76f x14:1c000000  PA:1c000138
14331272ns          255257 1c00885a 70f577c3 fmadd.s          f15, f10, f15, f14  f15=xxxxxxxx f10:3fe78171 f15:bab01828 f14:3d2aa76f
14331292ns          255258 1c00885e 1c000737 lui              x14, 0x1c000000     x14=1c000000
14331312ns          255259 1c008862 13c72703 lw               x14, 316(x14)       x14=beffffe0 x14:1c000000  PA:1c00013c
14331670ns          255277 1c008866 70f577c3 fmadd.s          f15, f10, f15, f14  f15=xxxxxxxx f10:3fe78171 f15:3d20b382 f14:beffffe0
14331690ns          255278 1c00886a 1c000737 lui              x14, 0x1c000000     x14=1c000000
14331709ns          255279 1c00886e 16872703 lw               x14, 360(x14)       x14=3f7fffff x14:1c000000  PA:1c000168
14332028ns          255295 1c008872 70f57543 fmadd.s          f10, f10, f15, f14  f10=xxxxxxxx f10:3fe78171 f15:bedbab11 f14:3f7fffff
14332048ns          255296 1c008876 20a51553 fsgnjn.s         f10, f10, f10       f10=xxxxxxxx f10:3e656642 f10:3e656642
14332067ns          255297 1c00887a 00008067 jalr             x0, x1, 0            x1:1c0081de
14332127ns          255300 1c0081de 016a7a53 fadd.s           f20, f20, f22       f20=xxxxxxxx f20:40c1d4f4 f22:3eaaa273
14332147ns          255301 1c0081e2 10acf553 fmul.s           f10, f25, f10       f10=xxxxxxxx f25:3f800000 f10:be656642
14332167ns          255302 1c0081e6 a14a97d3 flt.s            x15, f21, f20       x15=00000001 f21:40c90fdb f20:40cc7f1b
14332187ns          255303 1c0081ea 00a4222b p.sw             x10, 4(x8!)          x8=1000174c x10:be656642  x8:10001748  PA:10001748
14332207ns          255304 1c0081ee 00078363 beq              x15, x0, 6          x15:00000001
14332227ns          255305 1c0081f0 095a7a53 fsub.s           f20, f20, f21       f20=xxxxxxxx f20:40cc7f1b f21:40c90fdb
14332246ns          255306 1c0081f4 ff7412e3 bne              x8, x23, -28         x8:1000174c x23:100017c8
14332306ns          255309 1c0081d8 094c7553 fsub.s           f10, f24, f20       f10=xxxxxxxx f24:3fc90fdb f20:3ddbd000
14332326ns          255310 1c0081dc 57c000ef jal              x1, 1404             x1=1c0081de
14332366ns          255312 1c008758 a0a527d3 feq.s            x15, f10, f10       x15=00000001 f10:3fbb52db f10:3fbb52db
14332386ns          255313 1c00875c 0a078b63 beq              x15, x0, 182        x15:00000001
14332406ns          255314 1c00875e e00517d3 fclass.s         x15, f10            x15=00000040 f10:3fbb52db
14332426ns          255315 1c008762 0817f793 andi             x15, x15, 129       x15=00000000 x15:00000040
14332445ns          255316 1c008766 0a079663 bne              x15, x0, 172        x15:00000000
14332465ns          255317 1c008768 00000793 addi             x15, x0, 0          x15=00000000
14332485ns          255318 1c00876c a0f517d3 flt.s            x15, f10, f15       x15=00000000 f10:3fbb52db f15:00000000
14332505ns          255319 1c008770 0a079663 bne              x15, x0, 172        x15:00000000
14332525ns          255320 1c008772 1c000737 lui              x14, 0x1c000000     x14=1c000000
14332545ns          255321 1c008776 02072783 lw               x15, 32(x14)        x15=40c90fdb x14:1c000000  PA:1c000020
14332883ns          255338 1c00877a a0a797d3 flt.s            x15, f15, f10       x15=00000000 f15:40c90fdb f10:3fbb52db
14332903ns          255339 1c00877e 00078b63 beq              x15, x0, 22         x15:00000000
14332963ns          255342 1c008794 00000793 addi             x15, x0, 0          x15=00000000
14332982ns          255343 1c008798 a0f517d3 flt.s            x15, f10, f15       x15=00000000 f10:3fbb52db f15:00000000
14333002ns          255344 1c00879c 08079a63 bne              x15, x0, 148        x15:00000000
14333022ns          255345 1c00879e 1c0007b7 lui              x15, 0x1c000000     x15=1c000000
14333042ns          255346 1c0087a2 01c7a783 lw               x15, 28(x15)        x15=3fc90fdb x15:1c000000  PA:1c00001c
14333360ns          255362 1c0087a6 a0f517d3 flt.s            x15, f10, f15       x15=00000001 f10:3fbb52db f15:3fc90fdb
14333380ns          255363 1c0087aa 02079563 bne              x15, x0, 42         x15:00000001
14333440ns          255366 1c0087d4 10a57553 fmul.s           f10, f10, f10       f10=xxxxxxxx f10:3fbb52db f10:3fbb52db
14333460ns          255367 1c0087d8 1c0007b7 lui              x15, 0x1c000000     x15=1c000000
14333480ns          255368 1c0087dc 1c000737 lui              x14, 0x1c000000     x14=1c000000
14333500ns          255369 1c0087e0 13472703 lw               x14, 308(x14)       x14=bab59551 x14:1c000000  PA:1c000134
14333798ns          255384 1c0087e4 1307a783 lw               x15, 304(x15)       x15=37c23ab1 x15:1c000000  PA:1c000130
14334136ns          255401 1c0087e8 70f577c3 fmadd.s          f15, f10, f15, f14  f15=xxxxxxxx f10:40091227 f15:37c23ab1 f14:bab59551
14334156ns          255402 1c0087ec 1c000737 lui              x14, 0x1c000000     x14=1c000000
14334176ns          255403 1c0087f0 13872703 lw               x14, 312(x14)       x14=3d2aa76f x14:1c000000  PA:1c000138
14334514ns          255420 1c0087f4 70f577c3 fmadd.s          f15, f10, f15, f14  f15=xxxxxxxx f10:40091227 f15:baaf155e f14:3d2aa76f
14334534ns          255421 1c0087f8 1c000737 lui              x14, 0x1c000000     x14=1c000000
14334554ns          255422 1c0087fc 13c72703 lw               x14, 316(x14)       x14=beffffe0 x14:1c000000  PA:1c00013c
14334912ns          255440 1c008800 70f577c3 fmadd.s          f15, f10, f15, f14  f15=xxxxxxxx f10:40091227 f15:3d1eef94 f14:beffffe0
14334932ns          255441 1c008804 1c000737 lui              x14, 0x1c000000     x14=1c000000
14334952ns          255442 1c008808 16872703 lw               x14, 360(x14)       x14=3f7fffff x14:1c000000  PA:1c000168
14335270ns          255458 1c00880c 70f57543 fmadd.s          f10, f10, f15, f14  f10=xxxxxxxx f10:40091227 f15:bed57322 f14:3f7fffff
14335290ns          255459 1c008810 00008067 jalr             x0, x1, 0            x1:1c0081de
14335349ns          255462 1c0081de 016a7a53 fadd.s           f20, f20, f22       f20=xxxxxxxx f20:3ddbd000 f22:3eaaa273
14335369ns          255463 1c0081e2 10acf553 fmul.s           f10, f25, f10       f10=xxxxxxxx f25:3f800000 f10:3ddb63fb
14335389ns          255464 1c0081e6 a14a97d3 flt.s            x15, f21, f20       x15=00000000 f21:40c90fdb f20:3ee19673
14335409ns          255465 1c0081ea 00a4222b p.sw             x10, 4(x8!)          x8=10001750 x10:3ddb63fb  x8:1000174c  PA:1000174c
14335429ns          255466 1c0081ee 00078363 beq              x15, x0, 6          x15:00000000
14335489ns          255469 1c0081f4 ff7412e3 bne              x8, x23, -28         x8:10001750 x23:100017c8
14335548ns          255472 1c0081d8 094c7553 fsub.s           f10, f24, f20       f10=xxxxxxxx f24:3fc90fdb f20:3ee19673
14335568ns          255473 1c0081dc 57c000ef jal              x1, 1404             x1=1c0081de
14335608ns          255475 1c008758 a0a527d3 feq.s            x15, f10, f10       x15=00000001 f10:3f90aa3e f10:3f90aa3e
14335628ns          255476 1c00875c 0a078b63 beq              x15, x0, 182        x15:00000001
14335648ns          255477 1c00875e e00517d3 fclass.s         x15, f10            x15=00000040 f10:3f90aa3e
14335668ns          255478 1c008762 0817f793 andi             x15, x15, 129       x15=00000000 x15:00000040
14335688ns          255479 1c008766 0a079663 bne              x15, x0, 172        x15:00000000
14335707ns          255480 1c008768 00000793 addi             x15, x0, 0          x15=00000000
14335727ns          255481 1c00876c a0f517d3 flt.s            x15, f10, f15       x15=00000000 f10:3f90aa3e f15:00000000
14335747ns          255482 1c008770 0a079663 bne              x15, x0, 172        x15:00000000
14335767ns          255483 1c008772 1c000737 lui              x14, 0x1c000000     x14=1c000000
14335787ns          255484 1c008776 02072783 lw               x15, 32(x14)        x15=40c90fdb x14:1c000000  PA:1c000020
14336105ns          255500 1c00877a a0a797d3 flt.s            x15, f15, f10       x15=00000000 f15:40c90fdb f10:3f90aa3e
14336125ns          255501 1c00877e 00078b63 beq              x15, x0, 22         x15:00000000
14336185ns          255504 1c008794 00000793 addi             x15, x0, 0          x15=00000000
14336205ns          255505 1c008798 a0f517d3 flt.s            x15, f10, f15       x15=00000000 f10:3f90aa3e f15:00000000
14336225ns          255506 1c00879c 08079a63 bne              x15, x0, 148        x15:00000000
14336245ns          255507 1c00879e 1c0007b7 lui              x15, 0x1c000000     x15=1c000000
14336264ns          255508 1c0087a2 01c7a783 lw               x15, 28(x15)        x15=3fc90fdb x15:1c000000  PA:1c00001c
14336603ns          255525 1c0087a6 a0f517d3 flt.s            x15, f10, f15       x15=00000001 f10:3f90aa3e f15:3fc90fdb
14336622ns          255526 1c0087aa 02079563 bne              x15, x0, 42         x15:00000001
14336682ns          255529 1c0087d4 10a57553 fmul.s           f10, f10, f10       f10=xxxxxxxx f10:3f90aa3e f10:3f90aa3e
14336702ns          255530 1c0087d8 1c0007b7 lui              x15, 0x1c000000     x15=1c000000
14336722ns          255531 1c0087dc 1c000737 lui              x14, 0x1c000000     x14=1c000000
14336742ns          255532 1c0087e0 13472703 lw               x14, 308(x14)       x14=bab59551 x14:1c000000  PA:1c000134
14337060ns          255548 1c0087e4 1307a783 lw               x15, 304(x15)       x15=37c23ab1 x15:1c000000  PA:1c000130
14337378ns          255564 1c0087e8 70f577c3 fmadd.s          f15, f10, f15, f14  f15=xxxxxxxx f10:3fa37fee f15:37c23ab1 f14:bab59551
14337398ns          255565 1c0087ec 1c000737 lui              x14, 0x1c000000     x14=1c000000
14337418ns          255566 1c0087f0 13872703 lw               x14, 312(x14)       x14=3d2aa76f x14:1c000000  PA:1c000138
14337736ns          255582 1c0087f4 70f577c3 fmadd.s          f15, f10, f15, f14  f15=xxxxxxxx f10:3fa37fee f15:bab1b4ee f14:3d2aa76f
14337756ns          255583 1c0087f8 1c000737 lui              x14, 0x1c000000     x14=1c000000
14337776ns          255584 1c0087fc 13c72703 lw               x14, 316(x14)       x14=beffffe0 x14:1c000000  PA:1c00013c
14338114ns          255601 1c008800 70f577c3 fmadd.s          f15, f10, f15, f14  f15=xxxxxxxx f10:3fa37fee f15:3d238f7f f14:beffffe0
14338134ns          255602 1c008804 1c000737 lui              x14, 0x1c000000     x14=1c000000
14338154ns          255603 1c008808 16872703 lw               x14, 360(x14)       x14=3f7fffff x14:1c000000  PA:1c000168
14338492ns          255620 1c00880c 70f57543 fmadd.s          f10, f10, f15, f14  f10=xxxxxxxx f10:3fa37fee f15:bee5e259 f14:3f7fffff
14338512ns          255621 1c008810 00008067 jalr             x0, x1, 0            x1:1c0081de
14338572ns          255624 1c0081de 016a7a53 fadd.s           f20, f20, f22       f20=xxxxxxxx f20:3ee19673 f22:3eaaa273
14338592ns          255625 1c0081e2 10acf553 fmul.s           f10, f25, f10       f10=xxxxxxxx f25:3f800000 f10:3eda5bff
14338612ns          255626 1c0081e6 a14a97d3 flt.s            x15, f21, f20       x15=00000000 f21:40c90fdb f20:3f461c73
14338631ns          255627 1c0081ea 00a4222b p.sw             x10, 4(x8!)          x8=10001754 x10:3eda5bff  x8:10001750  PA:10001750
14338651ns          255628 1c0081ee 00078363 beq              x15, x0, 6          x15:00000000
14338711ns          255631 1c0081f4 ff7412e3 bne              x8, x23, -28         x8:10001754 x23:100017c8
14338771ns          255634 1c0081d8 094c7553 fsub.s           f10, f24, f20       f10=xxxxxxxx f24:3fc90fdb f20:3f461c73
14338791ns          255635 1c0081dc 57c000ef jal              x1, 1404             x1=1c0081de
14338830ns          255637 1c008758 a0a527d3 feq.s            x15, f10, f10       x15=00000001 f10:3f4c0343 f10:3f4c0343
14338850ns          255638 1c00875c 0a078b63 beq              x15, x0, 182        x15:00000001
14338870ns          255639 1c00875e e00517d3 fclass.s         x15, f10            x15=00000040 f10:3f4c0343
14338890ns          255640 1c008762 0817f793 andi             x15, x15, 129       x15=00000000 x15:00000040
14338910ns          255641 1c008766 0a079663 bne              x15, x0, 172        x15:00000000
14338930ns          255642 1c008768 00000793 addi             x15, x0, 0          x15=00000000
14338950ns          255643 1c00876c a0f517d3 flt.s            x15, f10, f15       x15=00000000 f10:3f4c0343 f15:00000000
14338970ns          255644 1c008770 0a079663 bne              x15, x0, 172        x15:00000000
14338989ns          255645 1c008772 1c000737 lui              x14, 0x1c000000     x14=1c000000
14339009ns          255646 1c008776 02072783 lw               x15, 32(x14)        x15=40c90fdb x14:1c000000  PA:1c000020
14339328ns          255662 1c00877a a0a797d3 flt.s            x15, f15, f10       x15=00000000 f15:40c90fdb f10:3f4c0343
14339347ns          255663 1c00877e 00078b63 beq              x15, x0, 22         x15:00000000
14339407ns          255666 1c008794 00000793 addi             x15, x0, 0          x15=00000000
14339427ns          255667 1c008798 a0f517d3 flt.s            x15, f10, f15       x15=00000000 f10:3f4c0343 f15:00000000
14339447ns          255668 1c00879c 08079a63 bne              x15, x0, 148        x15:00000000
14339467ns          255669 1c00879e 1c0007b7 lui              x15, 0x1c000000     x15=1c000000
14339487ns          255670 1c0087a2 01c7a783 lw               x15, 28(x15)        x15=3fc90fdb x15:1c000000  PA:1c00001c
14339845ns          255688 1c0087a6 a0f517d3 flt.s            x15, f10, f15       x15=00000001 f10:3f4c0343 f15:3fc90fdb
14339865ns          255689 1c0087aa 02079563 bne              x15, x0, 42         x15:00000001
14339924ns          255692 1c0087d4 10a57553 fmul.s           f10, f10, f10       f10=xxxxxxxx f10:3f4c0343 f10:3f4c0343
14339944ns          255693 1c0087d8 1c0007b7 lui              x15, 0x1c000000     x15=1c000000
14339964ns          255694 1c0087dc 1c000737 lui              x14, 0x1c000000     x14=1c000000
14339984ns          255695 1c0087e0 13472703 lw               x14, 308(x14)       x14=bab59551 x14:1c000000  PA:1c000134
14340282ns          255710 1c0087e4 1307a783 lw               x15, 304(x15)       x15=37c23ab1 x15:1c000000  PA:1c000130
14340601ns          255726 1c0087e8 70f577c3 fmadd.s          f15, f10, f15, f14  f15=xxxxxxxx f10:3f229533 f15:37c23ab1 f14:bab59551
14340621ns          255727 1c0087ec 1c000737 lui              x14, 0x1c000000     x14=1c000000
14340640ns          255728 1c0087f0 13872703 lw               x14, 312(x14)       x14=3d2aa76f x14:1c000000  PA:1c000138
14340959ns          255744 1c0087f4 70f577c3 fmadd.s          f15, f10, f15, f14  f15=xxxxxxxx f10:3f229533 f15:bab3a7e8 f14:3d2aa76f
14340979ns          255745 1c0087f8 1c000737 lui              x14, 0x1c000000     x14=1c000000
14340998ns          255746 1c0087fc 13c72703 lw               x14, 316(x14)       x14=beffffe0 x14:1c000000  PA:1c00013c
14341376ns          255765 1c008800 70f577c3 fmadd.s          f15, f10, f15, f14  f15=xxxxxxxx f10:3f229533 f15:3d2716a7 f14:beffffe0
14341396ns          255766 1c008804 1c000737 lui              x14, 0x1c000000     x14=1c000000
14341416ns          255767 1c008808 16872703 lw               x14, 360(x14)       x14=3f7fffff x14:1c000000  PA:1c000168
14341734ns          255783 1c00880c 70f57543 fmadd.s          f10, f10, f15, f14  f10=xxxxxxxx f10:3f229533 f15:bef2bc29 f14:3f7fffff
14341754ns          255784 1c008810 00008067 jalr             x0, x1, 0            x1:1c0081de
14341814ns          255787 1c0081de 016a7a53 fadd.s           f20, f20, f22       f20=xxxxxxxx f20:3f461c73 f22:3eaaa273
14341834ns          255788 1c0081e2 10acf553 fmul.s           f10, f25, f10       f10=xxxxxxxx f25:3f800000 f10:3f32ebba
14341854ns          255789 1c0081e6 a14a97d3 flt.s            x15, f21, f20       x15=00000000 f21:40c90fdb f20:3f8db6d6
14341874ns          255790 1c0081ea 00a4222b p.sw             x10, 4(x8!)          x8=10001758 x10:3f32ebba  x8:10001754  PA:10001754
14341894ns          255791 1c0081ee 00078363 beq              x15, x0, 6          x15:00000000
14341953ns          255794 1c0081f4 ff7412e3 bne              x8, x23, -28         x8:10001758 x23:100017c8
14342013ns          255797 1c0081d8 094c7553 fsub.s           f10, f24, f20       f10=xxxxxxxx f24:3fc90fdb f20:3f8db6d6
14342033ns          255798 1c0081dc 57c000ef jal              x1, 1404             x1=1c0081de
14342073ns          255800 1c008758 a0a527d3 feq.s            x15, f10, f10       x15=00000001 f10:3eed6414 f10:3eed6414
14342092ns          255801 1c00875c 0a078b63 beq              x15, x0, 182        x15:00000001
14342112ns          255802 1c00875e e00517d3 fclass.s         x15, f10            x15=00000040 f10:3eed6414
14342132ns          255803 1c008762 0817f793 andi             x15, x15, 129       x15=00000000 x15:00000040
14342152ns          255804 1c008766 0a079663 bne              x15, x0, 172        x15:00000000
14342172ns          255805 1c008768 00000793 addi             x15, x0, 0          x15=00000000
14342192ns          255806 1c00876c a0f517d3 flt.s            x15, f10, f15       x15=00000000 f10:3eed6414 f15:00000000
14342212ns          255807 1c008770 0a079663 bne              x15, x0, 172        x15:00000000
14342232ns          255808 1c008772 1c000737 lui              x14, 0x1c000000     x14=1c000000
14342252ns          255809 1c008776 02072783 lw               x15, 32(x14)        x15=40c90fdb x14:1c000000  PA:1c000020
14342610ns          255827 1c00877a a0a797d3 flt.s            x15, f15, f10       x15=00000000 f15:40c90fdb f10:3eed6414
14342629ns          255828 1c00877e 00078b63 beq              x15, x0, 22         x15:00000000
14342689ns          255831 1c008794 00000793 addi             x15, x0, 0          x15=00000000
14342709ns          255832 1c008798 a0f517d3 flt.s            x15, f10, f15       x15=00000000 f10:3eed6414 f15:00000000
14342729ns          255833 1c00879c 08079a63 bne              x15, x0, 148        x15:00000000
14342749ns          255834 1c00879e 1c0007b7 lui              x15, 0x1c000000     x15=1c000000
14342769ns          255835 1c0087a2 01c7a783 lw               x15, 28(x15)        x15=3fc90fdb x15:1c000000  PA:1c00001c
14343087ns          255851 1c0087a6 a0f517d3 flt.s            x15, f10, f15       x15=00000001 f10:3eed6414 f15:3fc90fdb
14343107ns          255852 1c0087aa 02079563 bne              x15, x0, 42         x15:00000001
14343167ns          255855 1c0087d4 10a57553 fmul.s           f10, f10, f10       f10=xxxxxxxx f10:3eed6414 f10:3eed6414
14343186ns          255856 1c0087d8 1c0007b7 lui              x15, 0x1c000000     x15=1c000000
14343206ns          255857 1c0087dc 1c000737 lui              x14, 0x1c000000     x14=1c000000
14343226ns          255858 1c0087e0 13472703 lw               x14, 308(x14)       x14=bab59551 x14:1c000000  PA:1c000134
14343525ns          255873 1c0087e4 1307a783 lw               x15, 304(x15)       x15=37c23ab1 x15:1c000000  PA:1c000130
14343863ns          255890 1c0087e8 70f577c3 fmadd.s          f15, f10, f15, f14  f15=xxxxxxxx f10:3e5c2274 f15:37c23ab1 f14:bab59551
14343883ns          255891 1c0087ec 1c000737 lui              x14, 0x1c000000     x14=1c000000
14343902ns          255892 1c0087f0 13872703 lw               x14, 312(x14)       x14=3d2aa76f x14:1c000000  PA:1c000138
14344241ns          255909 1c0087f4 70f577c3 fmadd.s          f15, f10, f15, f14  f15=xxxxxxxx f10:3e5c2274 f15:bab4ee4c f14:3d2aa76f
14344261ns          255910 1c0087f8 1c000737 lui              x14, 0x1c000000     x14=1c000000
14344280ns          255911 1c0087fc 13c72703 lw               x14, 316(x14)       x14=beffffe0 x14:1c000000  PA:1c00013c
14344599ns          255927 1c008800 70f577c3 fmadd.s          f15, f10, f15, f14  f15=xxxxxxxx f10:3e5c2274 f15:3d297045 f14:beffffe0
14344619ns          255928 1c008804 1c000737 lui              x14, 0x1c000000     x14=1c000000
14344638ns          255929 1c008808 16872703 lw               x14, 360(x14)       x14=3f7fffff x14:1c000000  PA:1c000168
14344957ns          255945 1c00880c 70f57543 fmadd.s          f10, f10, f15, f14  f10=xxxxxxxx f10:3e5c2274 f15:befb7246 f14:3f7fffff
14344977ns          255946 1c008810 00008067 jalr             x0, x1, 0            x1:1c0081de
14345036ns          255949 1c0081de 016a7a53 fadd.s           f20, f20, f22       f20=xxxxxxxx f20:3f8db6d6 f22:3eaaa273
14345056ns          255950 1c0081e2 10acf553 fmul.s           f10, f25, f10       f10=xxxxxxxx f25:3f800000 f10:3f64f8fe
14345076ns          255951 1c0081e6 a14a97d3 flt.s            x15, f21, f20       x15=00000000 f21:40c90fdb f20:3fb85f73
14345096ns          255952 1c0081ea 00a4222b p.sw             x10, 4(x8!)          x8=1000175c x10:3f64f8fe  x8:10001758  PA:10001758
14345116ns          255953 1c0081ee 00078363 beq              x15, x0, 6          x15:00000000
14345175ns          255956 1c0081f4 ff7412e3 bne              x8, x23, -28         x8:1000175c x23:100017c8
14345235ns          255959 1c0081d8 094c7553 fsub.s           f10, f24, f20       f10=xxxxxxxx f24:3fc90fdb f20:3fb85f73
14345255ns          255960 1c0081dc 57c000ef jal              x1, 1404             x1=1c0081de
14345295ns          255962 1c008758 a0a527d3 feq.s            x15, f10, f10       x15=00000001 f10:3e058340 f10:3e058340
14345315ns          255963 1c00875c 0a078b63 beq              x15, x0, 182        x15:00000001
14345335ns          255964 1c00875e e00517d3 fclass.s         x15, f10            x15=00000040 f10:3e058340
14345355ns          255965 1c008762 0817f793 andi             x15, x15, 129       x15=00000000 x15:00000040
14345374ns          255966 1c008766 0a079663 bne              x15, x0, 172        x15:00000000
14345394ns          255967 1c008768 00000793 addi             x15, x0, 0          x15=00000000
14345414ns          255968 1c00876c a0f517d3 flt.s            x15, f10, f15       x15=00000000 f10:3e058340 f15:00000000
14345434ns          255969 1c008770 0a079663 bne              x15, x0, 172        x15:00000000
14345454ns          255970 1c008772 1c000737 lui              x14, 0x1c000000     x14=1c000000
14345474ns          255971 1c008776 02072783 lw               x15, 32(x14)        x15=40c90fdb x14:1c000000  PA:1c000020
14345792ns          255987 1c00877a a0a797d3 flt.s            x15, f15, f10       x15=00000000 f15:40c90fdb f10:3e058340
14345812ns          255988 1c00877e 00078b63 beq              x15, x0, 22         x15:00000000
14345872ns          255991 1c008794 00000793 addi             x15, x0, 0          x15=00000000
14345892ns          255992 1c008798 a0f517d3 flt.s            x15, f10, f15       x15=00000000 f10:3e058340 f15:00000000
14345911ns          255993 1c00879c 08079a63 bne              x15, x0, 148        x15:00000000
14345931ns          255994 1c00879e 1c0007b7 lui              x15, 0x1c000000     x15=1c000000
14345951ns          255995 1c0087a2 01c7a783 lw               x15, 28(x15)        x15=3fc90fdb x15:1c000000  PA:1c00001c
14346309ns          256013 1c0087a6 a0f517d3 flt.s            x15, f10, f15       x15=00000001 f10:3e058340 f15:3fc90fdb
14346329ns          256014 1c0087aa 02079563 bne              x15, x0, 42         x15:00000001
14346389ns          256017 1c0087d4 10a57553 fmul.s           f10, f10, f10       f10=xxxxxxxx f10:3e058340 f10:3e058340
14346409ns          256018 1c0087d8 1c0007b7 lui              x15, 0x1c000000     x15=1c000000
14346429ns          256019 1c0087dc 1c000737 lui              x14, 0x1c000000     x14=1c000000
14346448ns          256020 1c0087e0 13472703 lw               x14, 308(x14)       x14=bab59551 x14:1c000000  PA:1c000134
14346767ns          256036 1c0087e4 1307a783 lw               x15, 304(x15)       x15=37c23ab1 x15:1c000000  PA:1c000130
14347085ns          256052 1c0087e8 70f577c3 fmadd.s          f15, f10, f15, f14  f15=xxxxxxxx f10:3c8b4348 f15:37c23ab1 f14:bab59551
14347105ns          256053 1c0087ec 1c000737 lui              x14, 0x1c000000     x14=1c000000
14347125ns          256054 1c0087f0 13872703 lw               x14, 312(x14)       x14=3d2aa76f x14:1c000000  PA:1c000138
14347443ns          256070 1c0087f4 70f577c3 fmadd.s          f15, f10, f15, f14  f15=xxxxxxxx f10:3c8b4348 f15:bab5881c f14:3d2aa76f
14347463ns          256071 1c0087f8 1c000737 lui              x14, 0x1c000000     x14=1c000000
14347483ns          256072 1c0087fc 13c72703 lw               x14, 316(x14)       x14=beffffe0 x14:1c000000  PA:1c00013c
14347841ns          256090 1c008800 70f577c3 fmadd.s          f15, f10, f15, f14  f15=xxxxxxxx f10:3c8b4348 f15:3d2a8ebf f14:beffffe0
14347861ns          256091 1c008804 1c000737 lui              x14, 0x1c000000     x14=1c000000
14347881ns          256092 1c008808 16872703 lw               x14, 360(x14)       x14=3f7fffff x14:1c000000  PA:1c000168
14348199ns          256108 1c00880c 70f57543 fmadd.s          f10, f10, f15, f14  f10=xxxxxxxx f10:3c8b4348 f15:beffa318 f14:3f7fffff
14348219ns          256109 1c008810 00008067 jalr             x0, x1, 0            x1:1c0081de
14348278ns          256112 1c0081de 016a7a53 fadd.s           f20, f20, f22       f20=xxxxxxxx f20:3fb85f73 f22:3eaaa273
14348298ns          256113 1c0081e2 10acf553 fmul.s           f10, f25, f10       f10=xxxxxxxx f25:3f800000 f10:3f7dd3bc
14348318ns          256114 1c0081e6 a14a97d3 flt.s            x15, f21, f20       x15=00000000 f21:40c90fdb f20:3fe30810
14348338ns          256115 1c0081ea 00a4222b p.sw             x10, 4(x8!)          x8=10001760 x10:3f7dd3bc  x8:1000175c  PA:1000175c
14348358ns          256116 1c0081ee 00078363 beq              x15, x0, 6          x15:00000000
14348418ns          256119 1c0081f4 ff7412e3 bne              x8, x23, -28         x8:10001760 x23:100017c8
14348477ns          256122 1c0081d8 094c7553 fsub.s           f10, f24, f20       f10=xxxxxxxx f24:3fc90fdb f20:3fe30810
14348497ns          256123 1c0081dc 57c000ef jal              x1, 1404             x1=1c0081de
14348537ns          256125 1c008758 a0a527d3 feq.s            x15, f10, f10       x15=00000001 f10:be4fc1a8 f10:be4fc1a8
14348557ns          256126 1c00875c 0a078b63 beq              x15, x0, 182        x15:00000001
14348577ns          256127 1c00875e e00517d3 fclass.s         x15, f10            x15=00000002 f10:be4fc1a8
14348597ns          256128 1c008762 0817f793 andi             x15, x15, 129       x15=00000000 x15:00000002
14348617ns          256129 1c008766 0a079663 bne              x15, x0, 172        x15:00000000
14348636ns          256130 1c008768 00000793 addi             x15, x0, 0          x15=00000000
14348656ns          256131 1c00876c a0f517d3 flt.s            x15, f10, f15       x15=00000001 f10:be4fc1a8 f15:00000000
14348676ns          256132 1c008770 0a079663 bne              x15, x0, 172        x15:00000001
14348736ns          256135 1c00881c 1c0007b7 lui              x15, 0x1c000000     x15=1c000000
14348756ns          256136 1c008820 12c7a783 lw               x15, 300(x15)       x15=c0c90fdb x15:1c000000  PA:1c00012c
14349094ns          256153 1c008824 a0f517d3 flt.s            x15, f10, f15       x15=00000000 f10:be4fc1a8 f15:c0c90fdb
14349114ns          256154 1c008828 00078463 beq              x15, x0, 8          x15:00000000
14349174ns          256157 1c008830 20a51553 fsgnjn.s         f10, f10, f10       f10=xxxxxxxx f10:be4fc1a8 f10:be4fc1a8
14349193ns          256158 1c008834 f6bff06f jal              x0, -150           
14349253ns          256161 1c00879e 1c0007b7 lui              x15, 0x1c000000     x15=1c000000
14349273ns          256162 1c0087a2 01c7a783 lw               x15, 28(x15)        x15=3fc90fdb x15:1c000000  PA:1c00001c
14349591ns          256178 1c0087a6 a0f517d3 flt.s            x15, f10, f15       x15=00000001 f10:3e4fc1a8 f15:3fc90fdb
14349611ns          256179 1c0087aa 02079563 bne              x15, x0, 42         x15:00000001
14349671ns          256182 1c0087d4 10a57553 fmul.s           f10, f10, f10       f10=xxxxxxxx f10:3e4fc1a8 f10:3e4fc1a8
14349691ns          256183 1c0087d8 1c0007b7 lui              x15, 0x1c000000     x15=1c000000
14349711ns          256184 1c0087dc 1c000737 lui              x14, 0x1c000000     x14=1c000000
14349730ns          256185 1c0087e0 13472703 lw               x14, 308(x14)       x14=bab59551 x14:1c000000  PA:1c000134
14350069ns          256202 1c0087e4 1307a783 lw               x15, 304(x15)       x15=37c23ab1 x15:1c000000  PA:1c000130
14350407ns          256219 1c0087e8 70f577c3 fmadd.s          f15, f10, f15, f14  f15=xxxxxxxx f10:3d289ac0 f15:37c23ab1 f14:bab59551
14350427ns          256220 1c0087ec 1c000737 lui              x14, 0x1c000000     x14=1c000000
14350447ns          256221 1c0087f0 13872703 lw               x14, 312(x14)       x14=3d2aa76f x14:1c000000  PA:1c000138
14350765ns          256237 1c0087f4 70f577c3 fmadd.s          f15, f10, f15, f14  f15=xxxxxxxx f10:3d289ac0 f15:bab57556 f14:3d2aa76f
14350785ns          256238 1c0087f8 1c000737 lui              x14, 0x1c000000     x14=1c000000
14350805ns          256239 1c0087fc 13c72703 lw               x14, 316(x14)       x14=beffffe0 x14:1c000000  PA:1c00013c
14351123ns          256255 1c008800 70f577c3 fmadd.s          f15, f10, f15, f14  f15=xxxxxxxx f10:3d289ac0 f15:3d2a6bae f14:beffffe0
14351143ns          256256 1c008804 1c000737 lui              x14, 0x1c000000     x14=1c000000
14351163ns          256257 1c008808 16872703 lw               x14, 360(x14)       x14=3f7fffff x14:1c000000  PA:1c000168
14351481ns          256273 1c00880c 70f57543 fmadd.s          f10, f10, f15, f14  f10=xxxxxxxx f10:3d289ac0 f15:beff1f65 f14:3f7fffff
14351501ns          256274 1c008810 00008067 jalr             x0, x1, 0            x1:1c0081de
14351560ns          256277 1c0081de 016a7a53 fadd.s           f20, f20, f22       f20=xxxxxxxx f20:3fe30810 f22:3eaaa273
14351580ns          256278 1c0081e2 10acf553 fmul.s           f10, f25, f10       f10=xxxxxxxx f25:3f800000 f10:3f7abfc8
14351600ns          256279 1c0081e6 a14a97d3 flt.s            x15, f21, f20       x15=00000000 f21:40c90fdb f20:4006d856
14351620ns          256280 1c0081ea 00a4222b p.sw             x10, 4(x8!)          x8=10001764 x10:3f7abfc8  x8:10001760  PA:10001760
14351640ns          256281 1c0081ee 00078363 beq              x15, x0, 6          x15:00000000
14351700ns          256284 1c0081f4 ff7412e3 bne              x8, x23, -28         x8:10001764 x23:100017c8
14351759ns          256287 1c0081d8 094c7553 fsub.s           f10, f24, f20       f10=xxxxxxxx f24:3fc90fdb f20:4006d856
14351779ns          256288 1c0081dc 57c000ef jal              x1, 1404             x1=1c0081de
14351819ns          256290 1c008758 a0a527d3 feq.s            x15, f10, f10       x15=00000001 f10:bf0941a2 f10:bf0941a2
14351839ns          256291 1c00875c 0a078b63 beq              x15, x0, 182        x15:00000001
14351859ns          256292 1c00875e e00517d3 fclass.s         x15, f10            x15=00000002 f10:bf0941a2
14351879ns          256293 1c008762 0817f793 andi             x15, x15, 129       x15=00000000 x15:00000002
14351899ns          256294 1c008766 0a079663 bne              x15, x0, 172        x15:00000000
14351918ns          256295 1c008768 00000793 addi             x15, x0, 0          x15=00000000
14351938ns          256296 1c00876c a0f517d3 flt.s            x15, f10, f15       x15=00000001 f10:bf0941a2 f15:00000000
14351958ns          256297 1c008770 0a079663 bne              x15, x0, 172        x15:00000001
14352018ns          256300 1c00881c 1c0007b7 lui              x15, 0x1c000000     x15=1c000000
14352038ns          256301 1c008820 12c7a783 lw               x15, 300(x15)       x15=c0c90fdb x15:1c000000  PA:1c00012c
14352376ns          256318 1c008824 a0f517d3 flt.s            x15, f10, f15       x15=00000000 f10:bf0941a2 f15:c0c90fdb
14352396ns          256319 1c008828 00078463 beq              x15, x0, 8          x15:00000000
14352455ns          256322 1c008830 20a51553 fsgnjn.s         f10, f10, f10       f10=xxxxxxxx f10:bf0941a2 f10:bf0941a2
14352475ns          256323 1c008834 f6bff06f jal              x0, -150           
14352535ns          256326 1c00879e 1c0007b7 lui              x15, 0x1c000000     x15=1c000000
14352555ns          256327 1c0087a2 01c7a783 lw               x15, 28(x15)        x15=3fc90fdb x15:1c000000  PA:1c00001c
14352873ns          256343 1c0087a6 a0f517d3 flt.s            x15, f10, f15       x15=00000001 f10:3f0941a2 f15:3fc90fdb
14352893ns          256344 1c0087aa 02079563 bne              x15, x0, 42         x15:00000001
14352953ns          256347 1c0087d4 10a57553 fmul.s           f10, f10, f10       f10=xxxxxxxx f10:3f0941a2 f10:3f0941a2
14352973ns          256348 1c0087d8 1c0007b7 lui              x15, 0x1c000000     x15=1c000000
14352993ns          256349 1c0087dc 1c000737 lui              x14, 0x1c000000     x14=1c000000
14353012ns          256350 1c0087e0 13472703 lw               x14, 308(x14)       x14=bab59551 x14:1c000000  PA:1c000134
14353331ns          256366 1c0087e4 1307a783 lw               x15, 304(x15)       x15=37c23ab1 x15:1c000000  PA:1c000130
14353649ns          256382 1c0087e8 70f577c3 fmadd.s          f15, f10, f15, f14  f15=xxxxxxxx f10:3e932ea0 f15:37c23ab1 f14:bab59551
14353669ns          256383 1c0087ec 1c000737 lui              x14, 0x1c000000     x14=1c000000
14353689ns          256384 1c0087f0 13872703 lw               x14, 312(x14)       x14=3d2aa76f x14:1c000000  PA:1c000138
14354007ns          256400 1c0087f4 70f577c3 fmadd.s          f15, f10, f15, f14  f15=xxxxxxxx f10:3e932ea0 f15:bab4b5fb f14:3d2aa76f
14354027ns          256401 1c0087f8 1c000737 lui              x14, 0x1c000000     x14=1c000000
14354047ns          256402 1c0087fc 13c72703 lw               x14, 316(x14)       x14=beffffe0 x14:1c000000  PA:1c00013c
14354385ns          256419 1c008800 70f577c3 fmadd.s          f15, f10, f15, f14  f15=xxxxxxxx f10:3e932ea0 f15:3d2907d9 f14:beffffe0
14354405ns          256420 1c008804 1c000737 lui              x14, 0x1c000000     x14=1c000000
14354425ns          256421 1c008808 16872703 lw               x14, 360(x14)       x14=3f7fffff x14:1c000000  PA:1c000168
14354763ns          256438 1c00880c 70f57543 fmadd.s          f10, f10, f15, f14  f10=xxxxxxxx f10:3e932ea0 f15:bef9ecfb f14:3f7fffff
14354783ns          256439 1c008810 00008067 jalr             x0, x1, 0            x1:1c0081de
14354842ns          256442 1c0081de 016a7a53 fadd.s           f20, f20, f22       f20=xxxxxxxx f20:4006d856 f22:3eaaa273
14354862ns          256443 1c0081e2 10acf553 fmul.s           f10, f25, f10       f10=xxxxxxxx f25:3f800000 f10:3f5c13d9
14354882ns          256444 1c0081e6 a14a97d3 flt.s            x15, f21, f20       x15=00000000 f21:40c90fdb f20:401c2ca4
14354902ns          256445 1c0081ea 00a4222b p.sw             x10, 4(x8!)          x8=10001768 x10:3f5c13d9  x8:10001764  PA:10001764
14354922ns          256446 1c0081ee 00078363 beq              x15, x0, 6          x15:00000000
14354982ns          256449 1c0081f4 ff7412e3 bne              x8, x23, -28         x8:10001768 x23:100017c8
14355041ns          256452 1c0081d8 094c7553 fsub.s           f10, f24, f20       f10=xxxxxxxx f24:3fc90fdb f20:401c2ca4
14355061ns          256453 1c0081dc 57c000ef jal              x1, 1404             x1=1c0081de
14355101ns          256455 1c008758 a0a527d3 feq.s            x15, f10, f10       x15=00000001 f10:bf5e92da f10:bf5e92da
14355121ns          256456 1c00875c 0a078b63 beq              x15, x0, 182        x15:00000001
14355141ns          256457 1c00875e e00517d3 fclass.s         x15, f10            x15=00000002 f10:bf5e92da
14355161ns          256458 1c008762 0817f793 andi             x15, x15, 129       x15=00000000 x15:00000002
14355181ns          256459 1c008766 0a079663 bne              x15, x0, 172        x15:00000000
14355200ns          256460 1c008768 00000793 addi             x15, x0, 0          x15=00000000
14355220ns          256461 1c00876c a0f517d3 flt.s            x15, f10, f15       x15=00000001 f10:bf5e92da f15:00000000
14355240ns          256462 1c008770 0a079663 bne              x15, x0, 172        x15:00000001
14355300ns          256465 1c00881c 1c0007b7 lui              x15, 0x1c000000     x15=1c000000
14355320ns          256466 1c008820 12c7a783 lw               x15, 300(x15)       x15=c0c90fdb x15:1c000000  PA:1c00012c
14355658ns          256483 1c008824 a0f517d3 flt.s            x15, f10, f15       x15=00000000 f10:bf5e92da f15:c0c90fdb
14355678ns          256484 1c008828 00078463 beq              x15, x0, 8          x15:00000000
14355737ns          256487 1c008830 20a51553 fsgnjn.s         f10, f10, f10       f10=xxxxxxxx f10:bf5e92da f10:bf5e92da
14355757ns          256488 1c008834 f6bff06f jal              x0, -150           
14355817ns          256491 1c00879e 1c0007b7 lui              x15, 0x1c000000     x15=1c000000
14355837ns          256492 1c0087a2 01c7a783 lw               x15, 28(x15)        x15=3fc90fdb x15:1c000000  PA:1c00001c
14356155ns          256508 1c0087a6 a0f517d3 flt.s            x15, f10, f15       x15=00000001 f10:3f5e92da f15:3fc90fdb
14356175ns          256509 1c0087aa 02079563 bne              x15, x0, 42         x15:00000001
14356235ns          256512 1c0087d4 10a57553 fmul.s           f10, f10, f10       f10=xxxxxxxx f10:3f5e92da f10:3f5e92da
14356255ns          256513 1c0087d8 1c0007b7 lui              x15, 0x1c000000     x15=1c000000
14356275ns          256514 1c0087dc 1c000737 lui              x14, 0x1c000000     x14=1c000000
14356294ns          256515 1c0087e0 13472703 lw               x14, 308(x14)       x14=bab59551 x14:1c000000  PA:1c000134
14356613ns          256531 1c0087e4 1307a783 lw               x15, 304(x15)       x15=37c23ab1 x15:1c000000  PA:1c000130
14356971ns          256549 1c0087e8 70f577c3 fmadd.s          f15, f10, f15, f14  f15=xxxxxxxx f10:3f418306 f15:37c23ab1 f14:bab59551
14356991ns          256550 1c0087ec 1c000737 lui              x14, 0x1c000000     x14=1c000000
14357010ns          256551 1c0087f0 13872703 lw               x14, 312(x14)       x14=3d2aa76f x14:1c000000  PA:1c000138
14357349ns          256568 1c0087f4 70f577c3 fmadd.s          f15, f10, f15, f14  f15=xxxxxxxx f10:3f418306 f15:bab34a0a f14:3d2aa76f
14357369ns          256569 1c0087f8 1c000737 lui              x14, 0x1c000000     x14=1c000000
14357388ns          256570 1c0087fc 13c72703 lw               x14, 316(x14)       x14=beffffe0 x14:1c000000  PA:1c00013c
14357707ns          256586 1c008800 70f577c3 fmadd.s          f15, f10, f15, f14  f15=xxxxxxxx f10:3f418306 f15:3d266b3a f14:beffffe0
14357727ns          256587 1c008804 1c000737 lui              x14, 0x1c000000     x14=1c000000
14357746ns          256588 1c008808 16872703 lw               x14, 360(x14)       x14=3f7fffff x14:1c000000  PA:1c000168
14358065ns          256604 1c00880c 70f57543 fmadd.s          f10, f10, f15, f14  f10=xxxxxxxx f10:3f418306 f15:bef04660 f14:3f7fffff
14358085ns          256605 1c008810 00008067 jalr             x0, x1, 0            x1:1c0081de
14358144ns          256608 1c0081de 016a7a53 fadd.s           f20, f20, f22       f20=xxxxxxxx f20:401c2ca4 f22:3eaaa273
14358164ns          256609 1c0081e2 10acf553 fmul.s           f10, f25, f10       f10=xxxxxxxx f25:3f800000 f10:3f252ffb
14358184ns          256610 1c0081e6 a14a97d3 flt.s            x15, f21, f20       x15=00000000 f21:40c90fdb f20:403180f2
14358204ns          256611 1c0081ea 00a4222b p.sw             x10, 4(x8!)          x8=1000176c x10:3f252ffb  x8:10001768  PA:10001768
14358224ns          256612 1c0081ee 00078363 beq              x15, x0, 6          x15:00000000
14358283ns          256615 1c0081f4 ff7412e3 bne              x8, x23, -28         x8:1000176c x23:100017c8
14358343ns          256618 1c0081d8 094c7553 fsub.s           f10, f24, f20       f10=xxxxxxxx f24:3fc90fdb f20:403180f2
14358363ns          256619 1c0081dc 57c000ef jal              x1, 1404             x1=1c0081de
14358403ns          256621 1c008758 a0a527d3 feq.s            x15, f10, f10       x15=00000001 f10:bf99f209 f10:bf99f209
14358423ns          256622 1c00875c 0a078b63 beq              x15, x0, 182        x15:00000001
14358443ns          256623 1c00875e e00517d3 fclass.s         x15, f10            x15=00000002 f10:bf99f209
14358463ns          256624 1c008762 0817f793 andi             x15, x15, 129       x15=00000000 x15:00000002
14358482ns          256625 1c008766 0a079663 bne              x15, x0, 172        x15:00000000
14358502ns          256626 1c008768 00000793 addi             x15, x0, 0          x15=00000000
14358522ns          256627 1c00876c a0f517d3 flt.s            x15, f10, f15       x15=00000001 f10:bf99f209 f15:00000000
14358542ns          256628 1c008770 0a079663 bne              x15, x0, 172        x15:00000001
14358602ns          256631 1c00881c 1c0007b7 lui              x15, 0x1c000000     x15=1c000000
14358622ns          256632 1c008820 12c7a783 lw               x15, 300(x15)       x15=c0c90fdb x15:1c000000  PA:1c00012c
14358940ns          256648 1c008824 a0f517d3 flt.s            x15, f10, f15       x15=00000000 f10:bf99f209 f15:c0c90fdb
14358960ns          256649 1c008828 00078463 beq              x15, x0, 8          x15:00000000
14359019ns          256652 1c008830 20a51553 fsgnjn.s         f10, f10, f10       f10=xxxxxxxx f10:bf99f209 f10:bf99f209
14359039ns          256653 1c008834 f6bff06f jal              x0, -150           
14359099ns          256656 1c00879e 1c0007b7 lui              x15, 0x1c000000     x15=1c000000
14359119ns          256657 1c0087a2 01c7a783 lw               x15, 28(x15)        x15=3fc90fdb x15:1c000000  PA:1c00001c
14359437ns          256673 1c0087a6 a0f517d3 flt.s            x15, f10, f15       x15=00000001 f10:3f99f209 f15:3fc90fdb
14359457ns          256674 1c0087aa 02079563 bne              x15, x0, 42         x15:00000001
14359517ns          256677 1c0087d4 10a57553 fmul.s           f10, f10, f10       f10=xxxxxxxx f10:3f99f209 f10:3f99f209
14359537ns          256678 1c0087d8 1c0007b7 lui              x15, 0x1c000000     x15=1c000000
14359556ns          256679 1c0087dc 1c000737 lui              x14, 0x1c000000     x14=1c000000
14359576ns          256680 1c0087e0 13472703 lw               x14, 308(x14)       x14=bab59551 x14:1c000000  PA:1c000134
14359875ns          256695 1c0087e4 1307a783 lw               x15, 304(x15)       x15=37c23ab1 x15:1c000000  PA:1c000130
14360193ns          256711 1c0087e8 70f577c3 fmadd.s          f15, f10, f15, f14  f15=xxxxxxxx f10:3fb92667 f15:37c23ab1 f14:bab59551
14360213ns          256712 1c0087ec 1c000737 lui              x14, 0x1c000000     x14=1c000000
14360233ns          256713 1c0087f0 13872703 lw               x14, 312(x14)       x14=3d2aa76f x14:1c000000  PA:1c000138
14360551ns          256729 1c0087f4 70f577c3 fmadd.s          f15, f10, f15, f14  f15=xxxxxxxx f10:3fb92667 f15:bab13185 f14:3d2aa76f
14360571ns          256730 1c0087f8 1c000737 lui              x14, 0x1c000000     x14=1c000000
14360591ns          256731 1c0087fc 13c72703 lw               x14, 316(x14)       x14=beffffe0 x14:1c000000  PA:1c00013c
14360909ns          256747 1c008800 70f577c3 fmadd.s          f15, f10, f15, f14  f15=xxxxxxxx f10:3fb92667 f15:3d22a4f9 f14:beffffe0
14360929ns          256748 1c008804 1c000737 lui              x14, 0x1c000000     x14=1c000000
14360949ns          256749 1c008808 16872703 lw               x14, 360(x14)       x14=3f7fffff x14:1c000000  PA:1c000168
14361267ns          256765 1c00880c 70f57543 fmadd.s          f10, f10, f15, f14  f10=xxxxxxxx f10:3fb92667 f15:bee29779 f14:3f7fffff
14361287ns          256766 1c008810 00008067 jalr             x0, x1, 0            x1:1c0081de
14361347ns          256769 1c0081de 016a7a53 fadd.s           f20, f20, f22       f20=xxxxxxxx f20:403180f2 f22:3eaaa273
14361367ns          256770 1c0081e2 10acf553 fmul.s           f10, f25, f10       f10=xxxxxxxx f25:3f800000 f10:3eb83d16
14361386ns          256771 1c0081e6 a14a97d3 flt.s            x15, f21, f20       x15=00000000 f21:40c90fdb f20:4046d540
14361406ns          256772 1c0081ea 00a4222b p.sw             x10, 4(x8!)          x8=10001770 x10:3eb83d16  x8:1000176c  PA:1000176c
14361426ns          256773 1c0081ee 00078363 beq              x15, x0, 6          x15:00000000
14361486ns          256776 1c0081f4 ff7412e3 bne              x8, x23, -28         x8:10001770 x23:100017c8
14361546ns          256779 1c0081d8 094c7553 fsub.s           f10, f24, f20       f10=xxxxxxxx f24:3fc90fdb f20:4046d540
14361565ns          256780 1c0081dc 57c000ef jal              x1, 1404             x1=1c0081de
14361605ns          256782 1c008758 a0a527d3 feq.s            x15, f10, f10       x15=00000001 f10:bfc49aa5 f10:bfc49aa5
14361625ns          256783 1c00875c 0a078b63 beq              x15, x0, 182        x15:00000001
14361645ns          256784 1c00875e e00517d3 fclass.s         x15, f10            x15=00000002 f10:bfc49aa5
14361665ns          256785 1c008762 0817f793 andi             x15, x15, 129       x15=00000000 x15:00000002
14361685ns          256786 1c008766 0a079663 bne              x15, x0, 172        x15:00000000
14361705ns          256787 1c008768 00000793 addi             x15, x0, 0          x15=00000000
14361725ns          256788 1c00876c a0f517d3 flt.s            x15, f10, f15       x15=00000001 f10:bfc49aa5 f15:00000000
14361744ns          256789 1c008770 0a079663 bne              x15, x0, 172        x15:00000001
14361804ns          256792 1c00881c 1c0007b7 lui              x15, 0x1c000000     x15=1c000000
14361824ns          256793 1c008820 12c7a783 lw               x15, 300(x15)       x15=c0c90fdb x15:1c000000  PA:1c00012c
14362142ns          256809 1c008824 a0f517d3 flt.s            x15, f10, f15       x15=00000000 f10:bfc49aa5 f15:c0c90fdb
14362162ns          256810 1c008828 00078463 beq              x15, x0, 8          x15:00000000
14362222ns          256813 1c008830 20a51553 fsgnjn.s         f10, f10, f10       f10=xxxxxxxx f10:bfc49aa5 f10:bfc49aa5
14362242ns          256814 1c008834 f6bff06f jal              x0, -150           
14362301ns          256817 1c00879e 1c0007b7 lui              x15, 0x1c000000     x15=1c000000
14362321ns          256818 1c0087a2 01c7a783 lw               x15, 28(x15)        x15=3fc90fdb x15:1c000000  PA:1c00001c
14362659ns          256835 1c0087a6 a0f517d3 flt.s            x15, f10, f15       x15=00000001 f10:3fc49aa5 f15:3fc90fdb
14362679ns          256836 1c0087aa 02079563 bne              x15, x0, 42         x15:00000001
14362739ns          256839 1c0087d4 10a57553 fmul.s           f10, f10, f10       f10=xxxxxxxx f10:3fc49aa5 f10:3fc49aa5
14362759ns          256840 1c0087d8 1c0007b7 lui              x15, 0x1c000000     x15=1c000000
14362779ns          256841 1c0087dc 1c000737 lui              x14, 0x1c000000     x14=1c000000
14362799ns          256842 1c0087e0 13472703 lw               x14, 308(x14)       x14=bab59551 x14:1c000000  PA:1c000134
14363097ns          256857 1c0087e4 1307a783 lw               x15, 304(x15)       x15=37c23ab1 x15:1c000000  PA:1c000130
14363415ns          256873 1c0087e8 70f577c3 fmadd.s          f15, f10, f15, f14  f15=xxxxxxxx f10:4016fd2a f15:37c23ab1 f14:bab59551
14363435ns          256874 1c0087ec 1c000737 lui              x14, 0x1c000000     x14=1c000000
14363455ns          256875 1c0087f0 13872703 lw               x14, 312(x14)       x14=3d2aa76f x14:1c000000  PA:1c000138
14363793ns          256892 1c0087f4 70f577c3 fmadd.s          f15, f10, f15, f14  f15=xxxxxxxx f10:4016fd2a f15:baae6c6a f14:3d2aa76f
14363813ns          256893 1c0087f8 1c000737 lui              x14, 0x1c000000     x14=1c000000
14363833ns          256894 1c0087fc 13c72703 lw               x14, 316(x14)       x14=beffffe0 x14:1c000000  PA:1c00013c
14364151ns          256910 1c008800 70f577c3 fmadd.s          f15, f10, f15, f14  f15=xxxxxxxx f10:4016fd2a f15:3d1dcb6f f14:beffffe0
14364171ns          256911 1c008804 1c000737 lui              x14, 0x1c000000     x14=1c000000
14364191ns          256912 1c008808 16872703 lw               x14, 360(x14)       x14=3f7fffff x14:1c000000  PA:1c000168
14364509ns          256928 1c00880c 70f57543 fmadd.s          f10, f10, f15, f14  f10=xxxxxxxx f10:4016fd2a f15:bed17741 f14:3f7fffff
14364529ns          256929 1c008810 00008067 jalr             x0, x1, 0            x1:1c0081de
14364589ns          256932 1c0081de 016a7a53 fadd.s           f20, f20, f22       f20=xxxxxxxx f20:4046d540 f22:3eaaa273
14364609ns          256933 1c0081e2 10acf553 fmul.s           f10, f25, f10       f10=xxxxxxxx f25:3f800000 f10:3d0e9f46
14364629ns          256934 1c0081e6 a14a97d3 flt.s            x15, f21, f20       x15=00000000 f21:40c90fdb f20:405c298e
14364649ns          256935 1c0081ea 00a4222b p.sw             x10, 4(x8!)          x8=10001774 x10:3d0e9f46  x8:10001770  PA:10001770
14364668ns          256936 1c0081ee 00078363 beq              x15, x0, 6          x15:00000000
14364728ns          256939 1c0081f4 ff7412e3 bne              x8, x23, -28         x8:10001774 x23:100017c8
14364788ns          256942 1c0081d8 094c7553 fsub.s           f10, f24, f20       f10=xxxxxxxx f24:3fc90fdb f20:405c298e
14364808ns          256943 1c0081dc 57c000ef jal              x1, 1404             x1=1c0081de
14364847ns          256945 1c008758 a0a527d3 feq.s            x15, f10, f10       x15=00000001 f10:bfef4341 f10:bfef4341
14364867ns          256946 1c00875c 0a078b63 beq              x15, x0, 182        x15:00000001
14364887ns          256947 1c00875e e00517d3 fclass.s         x15, f10            x15=00000002 f10:bfef4341
14364907ns          256948 1c008762 0817f793 andi             x15, x15, 129       x15=00000000 x15:00000002
14364927ns          256949 1c008766 0a079663 bne              x15, x0, 172        x15:00000000
14364947ns          256950 1c008768 00000793 addi             x15, x0, 0          x15=00000000
14364967ns          256951 1c00876c a0f517d3 flt.s            x15, f10, f15       x15=00000001 f10:bfef4341 f15:00000000
14364987ns          256952 1c008770 0a079663 bne              x15, x0, 172        x15:00000001
14365046ns          256955 1c00881c 1c0007b7 lui              x15, 0x1c000000     x15=1c000000
14365066ns          256956 1c008820 12c7a783 lw               x15, 300(x15)       x15=c0c90fdb x15:1c000000  PA:1c00012c
14365384ns          256972 1c008824 a0f517d3 flt.s            x15, f10, f15       x15=00000000 f10:bfef4341 f15:c0c90fdb
14365404ns          256973 1c008828 00078463 beq              x15, x0, 8          x15:00000000
14365464ns          256976 1c008830 20a51553 fsgnjn.s         f10, f10, f10       f10=xxxxxxxx f10:bfef4341 f10:bfef4341
14365484ns          256977 1c008834 f6bff06f jal              x0, -150           
14365544ns          256980 1c00879e 1c0007b7 lui              x15, 0x1c000000     x15=1c000000
14365564ns          256981 1c0087a2 01c7a783 lw               x15, 28(x15)        x15=3fc90fdb x15:1c000000  PA:1c00001c
14365902ns          256998 1c0087a6 a0f517d3 flt.s            x15, f10, f15       x15=00000000 f10:3fef4341 f15:3fc90fdb
14365922ns          256999 1c0087aa 02079563 bne              x15, x0, 42         x15:00000000
14365941ns          257000 1c0087ac 1c0007b7 lui              x15, 0x1c000000     x15=1c000000
14365961ns          257001 1c0087b0 1007a783 lw               x15, 256(x15)       x15=40490fdb x15:1c000000  PA:1c000100
14366280ns          257017 1c0087b4 a0f51753 flt.s            x14, f10, f15       x14=00000001 f10:3fef4341 f15:40490fdb
14366299ns          257018 1c0087b8 06071f63 bne              x14, x0, 126        x14:00000001
14366379ns          257022 1c008836 08a7f553 fsub.s           f10, f15, f10       f10=xxxxxxxx f15:40490fdb f10:3fef4341
14366399ns          257023 1c00883a 10a57553 fmul.s           f10, f10, f10       f10=xxxxxxxx f10:3fa2dc75 f10:3fa2dc75
14366419ns          257024 1c00883e 1c0007b7 lui              x15, 0x1c000000     x15=1c000000
14366439ns          257025 1c008842 1c000737 lui              x14, 0x1c000000     x14=1c000000
14366459ns          257026 1c008846 13472703 lw               x14, 308(x14)       x14=bab59551 x14:1c000000  PA:1c000134
14366777ns          257042 1c00884a 1307a783 lw               x15, 304(x15)       x15=37c23ab1 x15:1c000000  PA:1c000130
14367135ns          257060 1c00884e 70f577c3 fmadd.s          f15, f10, f15, f14  f15=xxxxxxxx f10:3fcf3784 f15:37c23ab1 f14:bab59551
14367155ns          257061 1c008852 1c000737 lui              x14, 0x1c000000     x14=1c000000
14367175ns          257062 1c008856 13872703 lw               x14, 312(x14)       x14=3d2aa76f x14:1c000000  PA:1c000138
14367493ns          257078 1c00885a 70f577c3 fmadd.s          f15, f10, f15, f14  f15=xxxxxxxx f10:3fcf3784 f15:bab0ab94 f14:3d2aa76f
14367513ns          257079 1c00885e 1c000737 lui              x14, 0x1c000000     x14=1c000000
14367533ns          257080 1c008862 13c72703 lw               x14, 316(x14)       x14=beffffe0 x14:1c000000  PA:1c00013c
14367851ns          257096 1c008866 70f577c3 fmadd.s          f15, f10, f15, f14  f15=xxxxxxxx f10:3fcf3784 f15:3d21b75e f14:beffffe0
14367871ns          257097 1c00886a 1c000737 lui              x14, 0x1c000000     x14=1c000000
14367891ns          257098 1c00886e 16872703 lw               x14, 360(x14)       x14=3f7fffff x14:1c000000  PA:1c000168
14368229ns          257115 1c008872 70f57543 fmadd.s          f10, f10, f15, f14  f10=xxxxxxxx f10:3fcf3784 f15:bedf464a f14:3f7fffff
14368249ns          257116 1c008876 20a51553 fsgnjn.s         f10, f10, f10       f10=xxxxxxxx f10:3e968b7c f10:3e968b7c
14368269ns          257117 1c00887a 00008067 jalr             x0, x1, 0            x1:1c0081de
14368328ns          257120 1c0081de 016a7a53 fadd.s           f20, f20, f22       f20=xxxxxxxx f20:405c298e f22:3eaaa273
14368348ns          257121 1c0081e2 10acf553 fmul.s           f10, f25, f10       f10=xxxxxxxx f25:3f800000 f10:be968b7c
14368368ns          257122 1c0081e6 a14a97d3 flt.s            x15, f21, f20       x15=00000000 f21:40c90fdb f20:40717ddc
14368388ns          257123 1c0081ea 00a4222b p.sw             x10, 4(x8!)          x8=10001778 x10:be968b7c  x8:10001774  PA:10001774
14368408ns          257124 1c0081ee 00078363 beq              x15, x0, 6          x15:00000000
14368468ns          257127 1c0081f4 ff7412e3 bne              x8, x23, -28         x8:10001778 x23:100017c8
14368527ns          257130 1c0081d8 094c7553 fsub.s           f10, f24, f20       f10=xxxxxxxx f24:3fc90fdb f20:40717ddc
14368547ns          257131 1c0081dc 57c000ef jal              x1, 1404             x1=1c0081de
14368587ns          257133 1c008758 a0a527d3 feq.s            x15, f10, f10       x15=00000001 f10:c00cf5ee f10:c00cf5ee
14368607ns          257134 1c00875c 0a078b63 beq              x15, x0, 182        x15:00000001
14368627ns          257135 1c00875e e00517d3 fclass.s         x15, f10            x15=00000002 f10:c00cf5ee
14368647ns          257136 1c008762 0817f793 andi             x15, x15, 129       x15=00000000 x15:00000002
14368666ns          257137 1c008766 0a079663 bne              x15, x0, 172        x15:00000000
14368686ns          257138 1c008768 00000793 addi             x15, x0, 0          x15=00000000
14368706ns          257139 1c00876c a0f517d3 flt.s            x15, f10, f15       x15=00000001 f10:c00cf5ee f15:00000000
14368726ns          257140 1c008770 0a079663 bne              x15, x0, 172        x15:00000001
14368786ns          257143 1c00881c 1c0007b7 lui              x15, 0x1c000000     x15=1c000000
14368806ns          257144 1c008820 12c7a783 lw               x15, 300(x15)       x15=c0c90fdb x15:1c000000  PA:1c00012c
14369144ns          257161 1c008824 a0f517d3 flt.s            x15, f10, f15       x15=00000000 f10:c00cf5ee f15:c0c90fdb
14369164ns          257162 1c008828 00078463 beq              x15, x0, 8          x15:00000000
14369223ns          257165 1c008830 20a51553 fsgnjn.s         f10, f10, f10       f10=xxxxxxxx f10:c00cf5ee f10:c00cf5ee
14369243ns          257166 1c008834 f6bff06f jal              x0, -150           
14369303ns          257169 1c00879e 1c0007b7 lui              x15, 0x1c000000     x15=1c000000
14369323ns          257170 1c0087a2 01c7a783 lw               x15, 28(x15)        x15=3fc90fdb x15:1c000000  PA:1c00001c
14369641ns          257186 1c0087a6 a0f517d3 flt.s            x15, f10, f15       x15=00000000 f10:400cf5ee f15:3fc90fdb
14369661ns          257187 1c0087aa 02079563 bne              x15, x0, 42         x15:00000000
14369681ns          257188 1c0087ac 1c0007b7 lui              x15, 0x1c000000     x15=1c000000
14369701ns          257189 1c0087b0 1007a783 lw               x15, 256(x15)       x15=40490fdb x15:1c000000  PA:1c000100
14370039ns          257206 1c0087b4 a0f51753 flt.s            x14, f10, f15       x14=00000001 f10:400cf5ee f15:40490fdb
14370059ns          257207 1c0087b8 06071f63 bne              x14, x0, 126        x14:00000001
14370138ns          257211 1c008836 08a7f553 fsub.s           f10, f15, f10       f10=xxxxxxxx f15:40490fdb f10:400cf5ee
14370158ns          257212 1c00883a 10a57553 fmul.s           f10, f10, f10       f10=xxxxxxxx f10:3f7067b4 f10:3f7067b4
14370178ns          257213 1c00883e 1c0007b7 lui              x15, 0x1c000000     x15=1c000000
14370198ns          257214 1c008842 1c000737 lui              x14, 0x1c000000     x14=1c000000
14370218ns          257215 1c008846 13472703 lw               x14, 308(x14)       x14=bab59551 x14:1c000000  PA:1c000134
14370536ns          257231 1c00884a 1307a783 lw               x15, 304(x15)       x15=37c23ab1 x15:1c000000  PA:1c000130
14370874ns          257248 1c00884e 70f577c3 fmadd.s          f15, f10, f15, f14  f15=xxxxxxxx f10:3f61c29c f15:37c23ab1 f14:bab59551
14370894ns          257249 1c008852 1c000737 lui              x14, 0x1c000000     x14=1c000000
14370914ns          257250 1c008856 13872703 lw               x14, 312(x14)       x14=3d2aa76f x14:1c000000  PA:1c000138
14371252ns          257267 1c00885a 70f577c3 fmadd.s          f15, f10, f15, f14  f15=xxxxxxxx f10:3f61c29c f15:bab2e82c f14:3d2aa76f
14371272ns          257268 1c00885e 1c000737 lui              x14, 0x1c000000     x14=1c000000
14371292ns          257269 1c008862 13c72703 lw               x14, 316(x14)       x14=beffffe0 x14:1c000000  PA:1c00013c
14371610ns          257285 1c008866 70f577c3 fmadd.s          f15, f10, f15, f14  f15=xxxxxxxx f10:3f61c29c f15:3d25b93f f14:beffffe0
14371630ns          257286 1c00886a 1c000737 lui              x14, 0x1c000000     x14=1c000000
14371650ns          257287 1c00886e 16872703 lw               x14, 360(x14)       x14=3f7fffff x14:1c000000  PA:1c000168
14371968ns          257303 1c008872 70f57543 fmadd.s          f10, f10, f15, f14  f10=xxxxxxxx f10:3f61c29c f15:beedbb27 f14:3f7fffff
14371988ns          257304 1c008876 20a51553 fsgnjn.s         f10, f10, f10       f10=xxxxxxxx f10:3f172ce4 f10:3f172ce4
14372008ns          257305 1c00887a 00008067 jalr             x0, x1, 0            x1:1c0081de
14372068ns          257308 1c0081de 016a7a53 fadd.s           f20, f20, f22       f20=xxxxxxxx f20:40717ddc f22:3eaaa273
14372088ns          257309 1c0081e2 10acf553 fmul.s           f10, f25, f10       f10=xxxxxxxx f25:3f800000 f10:bf172ce4
14372108ns          257310 1c0081e6 a14a97d3 flt.s            x15, f21, f20       x15=00000000 f21:40c90fdb f20:40836915
14372127ns          257311 1c0081ea 00a4222b p.sw             x10, 4(x8!)          x8=1000177c x10:bf172ce4  x8:10001778  PA:10001778
14372147ns          257312 1c0081ee 00078363 beq              x15, x0, 6          x15:00000000
14372207ns          257315 1c0081f4 ff7412e3 bne              x8, x23, -28         x8:1000177c x23:100017c8
14372267ns          257318 1c0081d8 094c7553 fsub.s           f10, f24, f20       f10=xxxxxxxx f24:3fc90fdb f20:40836915
14372287ns          257319 1c0081dc 57c000ef jal              x1, 1404             x1=1c0081de
14372326ns          257321 1c008758 a0a527d3 feq.s            x15, f10, f10       x15=00000001 f10:c0224a3c f10:c0224a3c
14372346ns          257322 1c00875c 0a078b63 beq              x15, x0, 182        x15:00000001
14372366ns          257323 1c00875e e00517d3 fclass.s         x15, f10            x15=00000002 f10:c0224a3c
14372386ns          257324 1c008762 0817f793 andi             x15, x15, 129       x15=00000000 x15:00000002
14372406ns          257325 1c008766 0a079663 bne              x15, x0, 172        x15:00000000
14372426ns          257326 1c008768 00000793 addi             x15, x0, 0          x15=00000000
14372446ns          257327 1c00876c a0f517d3 flt.s            x15, f10, f15       x15=00000001 f10:c0224a3c f15:00000000
14372466ns          257328 1c008770 0a079663 bne              x15, x0, 172        x15:00000001
14372525ns          257331 1c00881c 1c0007b7 lui              x15, 0x1c000000     x15=1c000000
14372545ns          257332 1c008820 12c7a783 lw               x15, 300(x15)       x15=c0c90fdb x15:1c000000  PA:1c00012c
14372863ns          257348 1c008824 a0f517d3 flt.s            x15, f10, f15       x15=00000000 f10:c0224a3c f15:c0c90fdb
14372883ns          257349 1c008828 00078463 beq              x15, x0, 8          x15:00000000
14372943ns          257352 1c008830 20a51553 fsgnjn.s         f10, f10, f10       f10=xxxxxxxx f10:c0224a3c f10:c0224a3c
14372963ns          257353 1c008834 f6bff06f jal              x0, -150           
14373023ns          257356 1c00879e 1c0007b7 lui              x15, 0x1c000000     x15=1c000000
14373042ns          257357 1c0087a2 01c7a783 lw               x15, 28(x15)        x15=3fc90fdb x15:1c000000  PA:1c00001c
14373381ns          257374 1c0087a6 a0f517d3 flt.s            x15, f10, f15       x15=00000000 f10:40224a3c f15:3fc90fdb
14373400ns          257375 1c0087aa 02079563 bne              x15, x0, 42         x15:00000000
14373420ns          257376 1c0087ac 1c0007b7 lui              x15, 0x1c000000     x15=1c000000
14373440ns          257377 1c0087b0 1007a783 lw               x15, 256(x15)       x15=40490fdb x15:1c000000  PA:1c000100
14373758ns          257393 1c0087b4 a0f51753 flt.s            x14, f10, f15       x14=00000001 f10:40224a3c f15:40490fdb
14373778ns          257394 1c0087b8 06071f63 bne              x14, x0, 126        x14:00000001
14373858ns          257398 1c008836 08a7f553 fsub.s           f10, f15, f10       f10=xxxxxxxx f15:40490fdb f10:40224a3c
14373878ns          257399 1c00883a 10a57553 fmul.s           f10, f10, f10       f10=xxxxxxxx f10:3f1b167c f10:3f1b167c
14373898ns          257400 1c00883e 1c0007b7 lui              x15, 0x1c000000     x15=1c000000
14373918ns          257401 1c008842 1c000737 lui              x14, 0x1c000000     x14=1c000000
14373938ns          257402 1c008846 13472703 lw               x14, 308(x14)       x14=bab59551 x14:1c000000  PA:1c000134
14374236ns          257417 1c00884a 1307a783 lw               x15, 304(x15)       x15=37c23ab1 x15:1c000000  PA:1c000130
14374554ns          257433 1c00884e 70f577c3 fmadd.s          f15, f10, f15, f14  f15=xxxxxxxx f10:3ebbe878 f15:37c23ab1 f14:bab59551
14374574ns          257434 1c008852 1c000737 lui              x14, 0x1c000000     x14=1c000000
14374594ns          257435 1c008856 13872703 lw               x14, 312(x14)       x14=3d2aa76f x14:1c000000  PA:1c000138
14374912ns          257451 1c00885a 70f577c3 fmadd.s          f15, f10, f15, f14  f15=xxxxxxxx f10:3ebbe878 f15:bab4782f f14:3d2aa76f
14374932ns          257452 1c00885e 1c000737 lui              x14, 0x1c000000     x14=1c000000
14374952ns          257453 1c008862 13c72703 lw               x14, 316(x14)       x14=beffffe0 x14:1c000000  PA:1c00013c
14375270ns          257469 1c008866 70f577c3 fmadd.s          f15, f10, f15, f14  f15=xxxxxxxx f10:3ebbe878 f15:3d289590 f14:beffffe0
14375290ns          257470 1c00886a 1c000737 lui              x14, 0x1c000000     x14=1c000000
14375310ns          257471 1c00886e 16872703 lw               x14, 360(x14)       x14=3f7fffff x14:1c000000  PA:1c000168
14375648ns          257488 1c008872 70f57543 fmadd.s          f10, f10, f15, f14  f10=xxxxxxxx f10:3ebbe878 f15:bef843fb f14:3f7fffff
14375668ns          257489 1c008876 20a51553 fsgnjn.s         f10, f10, f10       f10=xxxxxxxx f10:3f527138 f10:3f527138
14375688ns          257490 1c00887a 00008067 jalr             x0, x1, 0            x1:1c0081de
14375748ns          257493 1c0081de 016a7a53 fadd.s           f20, f20, f22       f20=xxxxxxxx f20:40836915 f22:3eaaa273
14375767ns          257494 1c0081e2 10acf553 fmul.s           f10, f25, f10       f10=xxxxxxxx f25:3f800000 f10:bf527138
14375787ns          257495 1c0081e6 a14a97d3 flt.s            x15, f21, f20       x15=00000000 f21:40c90fdb f20:408e133c
14375807ns          257496 1c0081ea 00a4222b p.sw             x10, 4(x8!)          x8=10001780 x10:bf527138  x8:1000177c  PA:1000177c
14375827ns          257497 1c0081ee 00078363 beq              x15, x0, 6          x15:00000000
14375887ns          257500 1c0081f4 ff7412e3 bne              x8, x23, -28         x8:10001780 x23:100017c8
14375946ns          257503 1c0081d8 094c7553 fsub.s           f10, f24, f20       f10=xxxxxxxx f24:3fc90fdb f20:408e133c
14375966ns          257504 1c0081dc 57c000ef jal              x1, 1404             x1=1c0081de
14376006ns          257506 1c008758 a0a527d3 feq.s            x15, f10, f10       x15=00000001 f10:c0379e8a f10:c0379e8a
14376026ns          257507 1c00875c 0a078b63 beq              x15, x0, 182        x15:00000001
14376046ns          257508 1c00875e e00517d3 fclass.s         x15, f10            x15=00000002 f10:c0379e8a
14376066ns          257509 1c008762 0817f793 andi             x15, x15, 129       x15=00000000 x15:00000002
14376086ns          257510 1c008766 0a079663 bne              x15, x0, 172        x15:00000000
14376106ns          257511 1c008768 00000793 addi             x15, x0, 0          x15=00000000
14376125ns          257512 1c00876c a0f517d3 flt.s            x15, f10, f15       x15=00000001 f10:c0379e8a f15:00000000
14376145ns          257513 1c008770 0a079663 bne              x15, x0, 172        x15:00000001
14376205ns          257516 1c00881c 1c0007b7 lui              x15, 0x1c000000     x15=1c000000
14376225ns          257517 1c008820 12c7a783 lw               x15, 300(x15)       x15=c0c90fdb x15:1c000000  PA:1c00012c
14376563ns          257534 1c008824 a0f517d3 flt.s            x15, f10, f15       x15=00000000 f10:c0379e8a f15:c0c90fdb
14376583ns          257535 1c008828 00078463 beq              x15, x0, 8          x15:00000000
14376643ns          257538 1c008830 20a51553 fsgnjn.s         f10, f10, f10       f10=xxxxxxxx f10:c0379e8a f10:c0379e8a
14376663ns          257539 1c008834 f6bff06f jal              x0, -150           
14376722ns          257542 1c00879e 1c0007b7 lui              x15, 0x1c000000     x15=1c000000
14376742ns          257543 1c0087a2 01c7a783 lw               x15, 28(x15)        x15=3fc90fdb x15:1c000000  PA:1c00001c
14377080ns          257560 1c0087a6 a0f517d3 flt.s            x15, f10, f15       x15=00000000 f10:40379e8a f15:3fc90fdb
14377100ns          257561 1c0087aa 02079563 bne              x15, x0, 42         x15:00000000
14377120ns          257562 1c0087ac 1c0007b7 lui              x15, 0x1c000000     x15=1c000000
14377140ns          257563 1c0087b0 1007a783 lw               x15, 256(x15)       x15=40490fdb x15:1c000000  PA:1c000100
14377458ns          257579 1c0087b4 a0f51753 flt.s            x14, f10, f15       x14=00000001 f10:40379e8a f15:40490fdb
14377478ns          257580 1c0087b8 06071f63 bne              x14, x0, 126        x14:00000001
14377558ns          257584 1c008836 08a7f553 fsub.s           f10, f15, f10       f10=xxxxxxxx f15:40490fdb f10:40379e8a
14377578ns          257585 1c00883a 10a57553 fmul.s           f10, f10, f10       f10=xxxxxxxx f10:3e8b8a88 f10:3e8b8a88
14377597ns          257586 1c00883e 1c0007b7 lui              x15, 0x1c000000     x15=1c000000
14377617ns          257587 1c008842 1c000737 lui              x14, 0x1c000000     x14=1c000000
14377637ns          257588 1c008846 13472703 lw               x14, 308(x14)       x14=bab59551 x14:1c000000  PA:1c000134
14377936ns          257603 1c00884a 1307a783 lw               x15, 304(x15)       x15=37c23ab1 x15:1c000000  PA:1c000130
14378254ns          257619 1c00884e 70f577c3 fmadd.s          f15, f10, f15, f14  f15=xxxxxxxx f10:3d981f75 f15:37c23ab1 f14:bab59551
14378274ns          257620 1c008852 1c000737 lui              x14, 0x1c000000     x14=1c000000
14378294ns          257621 1c008856 13872703 lw               x14, 312(x14)       x14=3d2aa76f x14:1c000000  PA:1c000138
14378612ns          257637 1c00885a 70f577c3 fmadd.s          f15, f10, f15, f14  f15=xxxxxxxx f10:3d981f75 f15:bab55b9c f14:3d2aa76f
14378632ns          257638 1c00885e 1c000737 lui              x14, 0x1c000000     x14=1c000000
14378652ns          257639 1c008862 13c72703 lw               x14, 316(x14)       x14=beffffe0 x14:1c000000  PA:1c00013c
14378970ns          257655 1c008866 70f577c3 fmadd.s          f15, f10, f15, f14  f15=xxxxxxxx f10:3d981f75 f15:3d2a3baa f14:beffffe0
14378990ns          257656 1c00886a 1c000737 lui              x14, 0x1c000000     x14=1c000000
14379010ns          257657 1c00886e 16872703 lw               x14, 360(x14)       x14=3f7fffff x14:1c000000  PA:1c000168
14379328ns          257673 1c008872 70f57543 fmadd.s          f10, f10, f15, f14  f10=xxxxxxxx f10:3d981f75 f15:befe6b3f f14:3f7fffff
14379348ns          257674 1c008876 20a51553 fsgnjn.s         f10, f10, f10       f10=xxxxxxxx f10:3f768d10 f10:3f768d10
14379368ns          257675 1c00887a 00008067 jalr             x0, x1, 0            x1:1c0081de
14379427ns          257678 1c0081de 016a7a53 fadd.s           f20, f20, f22       f20=xxxxxxxx f20:408e133c f22:3eaaa273
14379447ns          257679 1c0081e2 10acf553 fmul.s           f10, f25, f10       f10=xxxxxxxx f25:3f800000 f10:bf768d10
14379467ns          257680 1c0081e6 a14a97d3 flt.s            x15, f21, f20       x15=00000000 f21:40c90fdb f20:4098bd63
14379487ns          257681 1c0081ea 00a4222b p.sw             x10, 4(x8!)          x8=10001784 x10:bf768d10  x8:10001780  PA:10001780
14379507ns          257682 1c0081ee 00078363 beq              x15, x0, 6          x15:00000000
14379567ns          257685 1c0081f4 ff7412e3 bne              x8, x23, -28         x8:10001784 x23:100017c8
14379626ns          257688 1c0081d8 094c7553 fsub.s           f10, f24, f20       f10=xxxxxxxx f24:3fc90fdb f20:4098bd63
14379646ns          257689 1c0081dc 57c000ef jal              x1, 1404             x1=1c0081de
14379686ns          257691 1c008758 a0a527d3 feq.s            x15, f10, f10       x15=00000001 f10:c04cf2d8 f10:c04cf2d8
14379706ns          257692 1c00875c 0a078b63 beq              x15, x0, 182        x15:00000001
14379726ns          257693 1c00875e e00517d3 fclass.s         x15, f10            x15=00000002 f10:c04cf2d8
14379746ns          257694 1c008762 0817f793 andi             x15, x15, 129       x15=00000000 x15:00000002
14379766ns          257695 1c008766 0a079663 bne              x15, x0, 172        x15:00000000
14379785ns          257696 1c008768 00000793 addi             x15, x0, 0          x15=00000000
14379805ns          257697 1c00876c a0f517d3 flt.s            x15, f10, f15       x15=00000001 f10:c04cf2d8 f15:00000000
14379825ns          257698 1c008770 0a079663 bne              x15, x0, 172        x15:00000001
14379885ns          257701 1c00881c 1c0007b7 lui              x15, 0x1c000000     x15=1c000000
14379905ns          257702 1c008820 12c7a783 lw               x15, 300(x15)       x15=c0c90fdb x15:1c000000  PA:1c00012c
14380223ns          257718 1c008824 a0f517d3 flt.s            x15, f10, f15       x15=00000000 f10:c04cf2d8 f15:c0c90fdb
14380243ns          257719 1c008828 00078463 beq              x15, x0, 8          x15:00000000
14380303ns          257722 1c008830 20a51553 fsgnjn.s         f10, f10, f10       f10=xxxxxxxx f10:c04cf2d8 f10:c04cf2d8
14380322ns          257723 1c008834 f6bff06f jal              x0, -150           
14380382ns          257726 1c00879e 1c0007b7 lui              x15, 0x1c000000     x15=1c000000
14380402ns          257727 1c0087a2 01c7a783 lw               x15, 28(x15)        x15=3fc90fdb x15:1c000000  PA:1c00001c
14380740ns          257744 1c0087a6 a0f517d3 flt.s            x15, f10, f15       x15=00000000 f10:404cf2d8 f15:3fc90fdb
14380760ns          257745 1c0087aa 02079563 bne              x15, x0, 42         x15:00000000
14380780ns          257746 1c0087ac 1c0007b7 lui              x15, 0x1c000000     x15=1c000000
14380800ns          257747 1c0087b0 1007a783 lw               x15, 256(x15)       x15=40490fdb x15:1c000000  PA:1c000100
14381138ns          257764 1c0087b4 a0f51753 flt.s            x14, f10, f15       x14=00000000 f10:404cf2d8 f15:40490fdb
14381158ns          257765 1c0087b8 06071f63 bne              x14, x0, 126        x14:00000000
14381178ns          257766 1c0087ba 1c000737 lui              x14, 0x1c000000     x14=1c000000
14381198ns          257767 1c0087be 14072703 lw               x14, 320(x14)       x14=4096cbe4 x14:1c000000  PA:1c000140
14381516ns          257783 1c0087c2 a0e51753 flt.s            x14, f10, f14       x14=00000001 f10:404cf2d8 f14:4096cbe4
14381536ns          257784 1c0087c6 0a071b63 bne              x14, x0, 182        x14:00000001
14381595ns          257787 1c00887c 08f57553 fsub.s           f10, f10, f15       f10=xxxxxxxx f10:404cf2d8 f15:40490fdb
14381615ns          257788 1c008880 fbbff06f jal              x0, -70            
14381675ns          257791 1c00883a 10a57553 fmul.s           f10, f10, f10       f10=xxxxxxxx f10:3d78bf40 f10:3d78bf40
14381695ns          257792 1c00883e 1c0007b7 lui              x15, 0x1c000000     x15=1c000000
14381715ns          257793 1c008842 1c000737 lui              x14, 0x1c000000     x14=1c000000
14381735ns          257794 1c008846 13472703 lw               x14, 308(x14)       x14=bab59551 x14:1c000000  PA:1c000134
14382033ns          257809 1c00884a 1307a783 lw               x15, 304(x15)       x15=37c23ab1 x15:1c000000  PA:1c000130
14382371ns          257826 1c00884e 70f577c3 fmadd.s          f15, f10, f15, f14  f15=xxxxxxxx f10:3b71b31b f15:37c23ab1 f14:bab59551
14382391ns          257827 1c008852 1c000737 lui              x14, 0x1c000000     x14=1c000000
14382411ns          257828 1c008856 13872703 lw               x14, 312(x14)       x14=3d2aa76f x14:1c000000  PA:1c000138
14382749ns          257845 1c00885a 70f577c3 fmadd.s          f15, f10, f15, f14  f15=xxxxxxxx f10:3b71b31b f15:bab59273 f14:3d2aa76f
14382769ns          257846 1c00885e 1c000737 lui              x14, 0x1c000000     x14=1c000000
14382789ns          257847 1c008862 13c72703 lw               x14, 316(x14)       x14=beffffe0 x14:1c000000  PA:1c00013c
14383107ns          257863 1c008866 70f577c3 fmadd.s          f15, f10, f15, f14  f15=xxxxxxxx f10:3b71b31b f15:3d2aa214 f14:beffffe0
14383127ns          257864 1c00886a 1c000737 lui              x14, 0x1c000000     x14=1c000000
14383147ns          257865 1c00886e 16872703 lw               x14, 360(x14)       x14=3f7fffff x14:1c000000  PA:1c000168
14383465ns          257881 1c008872 70f57543 fmadd.s          f10, f10, f15, f14  f10=xxxxxxxx f10:3b71b31b f15:beffebbd f14:3f7fffff
14383485ns          257882 1c008876 20a51553 fsgnjn.s         f10, f10, f10       f10=xxxxxxxx f10:3f7f872f f10:3f7f872f
14383505ns          257883 1c00887a 00008067 jalr             x0, x1, 0            x1:1c0081de
14383565ns          257886 1c0081de 016a7a53 fadd.s           f20, f20, f22       f20=xxxxxxxx f20:4098bd63 f22:3eaaa273
14383585ns          257887 1c0081e2 10acf553 fmul.s           f10, f25, f10       f10=xxxxxxxx f25:3f800000 f10:bf7f872f
14383604ns          257888 1c0081e6 a14a97d3 flt.s            x15, f21, f20       x15=00000000 f21:40c90fdb f20:40a3678a
14383624ns          257889 1c0081ea 00a4222b p.sw             x10, 4(x8!)          x8=10001788 x10:bf7f872f  x8:10001784  PA:10001784
14383644ns          257890 1c0081ee 00078363 beq              x15, x0, 6          x15:00000000
14383704ns          257893 1c0081f4 ff7412e3 bne              x8, x23, -28         x8:10001788 x23:100017c8
14383764ns          257896 1c0081d8 094c7553 fsub.s           f10, f24, f20       f10=xxxxxxxx f24:3fc90fdb f20:40a3678a
14383783ns          257897 1c0081dc 57c000ef jal              x1, 1404             x1=1c0081de
14383823ns          257899 1c008758 a0a527d3 feq.s            x15, f10, f10       x15=00000001 f10:c0624726 f10:c0624726
14383843ns          257900 1c00875c 0a078b63 beq              x15, x0, 182        x15:00000001
14383863ns          257901 1c00875e e00517d3 fclass.s         x15, f10            x15=00000002 f10:c0624726
14383883ns          257902 1c008762 0817f793 andi             x15, x15, 129       x15=00000000 x15:00000002
14383903ns          257903 1c008766 0a079663 bne              x15, x0, 172        x15:00000000
14383923ns          257904 1c008768 00000793 addi             x15, x0, 0          x15=00000000
14383943ns          257905 1c00876c a0f517d3 flt.s            x15, f10, f15       x15=00000001 f10:c0624726 f15:00000000
14383962ns          257906 1c008770 0a079663 bne              x15, x0, 172        x15:00000001
14384022ns          257909 1c00881c 1c0007b7 lui              x15, 0x1c000000     x15=1c000000
14384042ns          257910 1c008820 12c7a783 lw               x15, 300(x15)       x15=c0c90fdb x15:1c000000  PA:1c00012c
14384360ns          257926 1c008824 a0f517d3 flt.s            x15, f10, f15       x15=00000000 f10:c0624726 f15:c0c90fdb
14384380ns          257927 1c008828 00078463 beq              x15, x0, 8          x15:00000000
14384440ns          257930 1c008830 20a51553 fsgnjn.s         f10, f10, f10       f10=xxxxxxxx f10:c0624726 f10:c0624726
14384460ns          257931 1c008834 f6bff06f jal              x0, -150           
14384519ns          257934 1c00879e 1c0007b7 lui              x15, 0x1c000000     x15=1c000000
14384539ns          257935 1c0087a2 01c7a783 lw               x15, 28(x15)        x15=3fc90fdb x15:1c000000  PA:1c00001c
14384858ns          257951 1c0087a6 a0f517d3 flt.s            x15, f10, f15       x15=00000000 f10:40624726 f15:3fc90fdb
14384877ns          257952 1c0087aa 02079563 bne              x15, x0, 42         x15:00000000
14384897ns          257953 1c0087ac 1c0007b7 lui              x15, 0x1c000000     x15=1c000000
14384917ns          257954 1c0087b0 1007a783 lw               x15, 256(x15)       x15=40490fdb x15:1c000000  PA:1c000100
14385235ns          257970 1c0087b4 a0f51753 flt.s            x14, f10, f15       x14=00000000 f10:40624726 f15:40490fdb
14385255ns          257971 1c0087b8 06071f63 bne              x14, x0, 126        x14:00000000
14385275ns          257972 1c0087ba 1c000737 lui              x14, 0x1c000000     x14=1c000000
14385295ns          257973 1c0087be 14072703 lw               x14, 320(x14)       x14=4096cbe4 x14:1c000000  PA:1c000140
14385613ns          257989 1c0087c2 a0e51753 flt.s            x14, f10, f14       x14=00000001 f10:40624726 f14:4096cbe4
14385633ns          257990 1c0087c6 0a071b63 bne              x14, x0, 182        x14:00000001
14385693ns          257993 1c00887c 08f57553 fsub.s           f10, f10, f15       f10=xxxxxxxx f10:40624726 f15:40490fdb
14385713ns          257994 1c008880 fbbff06f jal              x0, -70            
14385773ns          257997 1c00883a 10a57553 fmul.s           f10, f10, f10       f10=xxxxxxxx f10:3ec9ba58 f10:3ec9ba58
14385792ns          257998 1c00883e 1c0007b7 lui              x15, 0x1c000000     x15=1c000000
14385812ns          257999 1c008842 1c000737 lui              x14, 0x1c000000     x14=1c000000
14385832ns          258000 1c008846 13472703 lw               x14, 308(x14)       x14=bab59551 x14:1c000000  PA:1c000134
14386131ns          258015 1c00884a 1307a783 lw               x15, 304(x15)       x15=37c23ab1 x15:1c000000  PA:1c000130
14386469ns          258032 1c00884e 70f577c3 fmadd.s          f15, f10, f15, f14  f15=xxxxxxxx f10:3e1ef626 f15:37c23ab1 f14:bab59551
14386489ns          258033 1c008852 1c000737 lui              x14, 0x1c000000     x14=1c000000
14386508ns          258034 1c008856 13872703 lw               x14, 312(x14)       x14=3d2aa76f x14:1c000000  PA:1c000138
14386827ns          258050 1c00885a 70f577c3 fmadd.s          f15, f10, f15, f14  f15=xxxxxxxx f10:3e1ef626 f15:bab51cb6 f14:3d2aa76f
14386847ns          258051 1c00885e 1c000737 lui              x14, 0x1c000000     x14=1c000000
14386867ns          258052 1c008862 13c72703 lw               x14, 316(x14)       x14=beffffe0 x14:1c000000  PA:1c00013c
14387185ns          258068 1c008866 70f577c3 fmadd.s          f15, f10, f15, f14  f15=xxxxxxxx f10:3e1ef626 f15:3d29c683 f14:beffffe0
14387205ns          258069 1c00886a 1c000737 lui              x14, 0x1c000000     x14=1c000000
14387225ns          258070 1c00886e 16872703 lw               x14, 360(x14)       x14=3f7fffff x14:1c000000  PA:1c000168
14387543ns          258086 1c008872 70f57543 fmadd.s          f10, f10, f15, f14  f10=xxxxxxxx f10:3e1ef626 f15:befcb482 f14:3f7fffff
14387563ns          258087 1c008876 20a51553 fsgnjn.s         f10, f10, f10       f10=xxxxxxxx f10:3f6c62b3 f10:3f6c62b3
14387583ns          258088 1c00887a 00008067 jalr             x0, x1, 0            x1:1c0081de
14387642ns          258091 1c0081de 016a7a53 fadd.s           f20, f20, f22       f20=xxxxxxxx f20:40a3678a f22:3eaaa273
14387662ns          258092 1c0081e2 10acf553 fmul.s           f10, f25, f10       f10=xxxxxxxx f25:3f800000 f10:bf6c62b3
14387682ns          258093 1c0081e6 a14a97d3 flt.s            x15, f21, f20       x15=00000000 f21:40c90fdb f20:40ae11b1
14387702ns          258094 1c0081ea 00a4222b p.sw             x10, 4(x8!)          x8=1000178c x10:bf6c62b3  x8:10001788  PA:10001788
14387722ns          258095 1c0081ee 00078363 beq              x15, x0, 6          x15:00000000
14387781ns          258098 1c0081f4 ff7412e3 bne              x8, x23, -28         x8:1000178c x23:100017c8
14387841ns          258101 1c0081d8 094c7553 fsub.s           f10, f24, f20       f10=xxxxxxxx f24:3fc90fdb f20:40ae11b1
14387861ns          258102 1c0081dc 57c000ef jal              x1, 1404             x1=1c0081de
14387901ns          258104 1c008758 a0a527d3 feq.s            x15, f10, f10       x15=00000001 f10:c0779b74 f10:c0779b74
14387921ns          258105 1c00875c 0a078b63 beq              x15, x0, 182        x15:00000001
14387941ns          258106 1c00875e e00517d3 fclass.s         x15, f10            x15=00000002 f10:c0779b74
14387960ns          258107 1c008762 0817f793 andi             x15, x15, 129       x15=00000000 x15:00000002
14387980ns          258108 1c008766 0a079663 bne              x15, x0, 172        x15:00000000
14388000ns          258109 1c008768 00000793 addi             x15, x0, 0          x15=00000000
14388020ns          258110 1c00876c a0f517d3 flt.s            x15, f10, f15       x15=00000001 f10:c0779b74 f15:00000000
14388040ns          258111 1c008770 0a079663 bne              x15, x0, 172        x15:00000001
14388100ns          258114 1c00881c 1c0007b7 lui              x15, 0x1c000000     x15=1c000000
14388120ns          258115 1c008820 12c7a783 lw               x15, 300(x15)       x15=c0c90fdb x15:1c000000  PA:1c00012c
14388458ns          258132 1c008824 a0f517d3 flt.s            x15, f10, f15       x15=00000000 f10:c0779b74 f15:c0c90fdb
14388478ns          258133 1c008828 00078463 beq              x15, x0, 8          x15:00000000
14388537ns          258136 1c008830 20a51553 fsgnjn.s         f10, f10, f10       f10=xxxxxxxx f10:c0779b74 f10:c0779b74
14388557ns          258137 1c008834 f6bff06f jal              x0, -150           
14388617ns          258140 1c00879e 1c0007b7 lui              x15, 0x1c000000     x15=1c000000
14388637ns          258141 1c0087a2 01c7a783 lw               x15, 28(x15)        x15=3fc90fdb x15:1c000000  PA:1c00001c
14388955ns          258157 1c0087a6 a0f517d3 flt.s            x15, f10, f15       x15=00000000 f10:40779b74 f15:3fc90fdb
14388975ns          258158 1c0087aa 02079563 bne              x15, x0, 42         x15:00000000
14388995ns          258159 1c0087ac 1c0007b7 lui              x15, 0x1c000000     x15=1c000000
14389015ns          258160 1c0087b0 1007a783 lw               x15, 256(x15)       x15=40490fdb x15:1c000000  PA:1c000100
14389333ns          258176 1c0087b4 a0f51753 flt.s            x14, f10, f15       x14=00000000 f10:40779b74 f15:40490fdb
14389353ns          258177 1c0087b8 06071f63 bne              x14, x0, 126        x14:00000000
14389373ns          258178 1c0087ba 1c000737 lui              x14, 0x1c000000     x14=1c000000
14389393ns          258179 1c0087be 14072703 lw               x14, 320(x14)       x14=4096cbe4 x14:1c000000  PA:1c000140
14389731ns          258196 1c0087c2 a0e51753 flt.s            x14, f10, f14       x14=00000001 f10:40779b74 f14:4096cbe4
14389751ns          258197 1c0087c6 0a071b63 bne              x14, x0, 182        x14:00000001
14389810ns          258200 1c00887c 08f57553 fsub.s           f10, f10, f15       f10=xxxxxxxx f10:40779b74 f15:40490fdb
14389830ns          258201 1c008880 fbbff06f jal              x0, -70            
14389890ns          258204 1c00883a 10a57553 fmul.s           f10, f10, f10       f10=xxxxxxxx f10:3f3a2e64 f10:3f3a2e64
14389910ns          258205 1c00883e 1c0007b7 lui              x15, 0x1c000000     x15=1c000000
14389930ns          258206 1c008842 1c000737 lui              x14, 0x1c000000     x14=1c000000
14389950ns          258207 1c008846 13472703 lw               x14, 308(x14)       x14=bab59551 x14:1c000000  PA:1c000134
14390248ns          258222 1c00884a 1307a783 lw               x15, 304(x15)       x15=37c23ab1 x15:1c000000  PA:1c000130
14390566ns          258238 1c00884e 70f577c3 fmadd.s          f15, f10, f15, f14  f15=xxxxxxxx f10:3f076772 f15:37c23ab1 f14:bab59551
14390586ns          258239 1c008852 1c000737 lui              x14, 0x1c000000     x14=1c000000
14390606ns          258240 1c008856 13872703 lw               x14, 312(x14)       x14=3d2aa76f x14:1c000000  PA:1c000138
14390924ns          258256 1c00885a 70f577c3 fmadd.s          f15, f10, f15, f14  f15=xxxxxxxx f10:3f076772 f15:bab3fa63 f14:3d2aa76f
14390944ns          258257 1c00885e 1c000737 lui              x14, 0x1c000000     x14=1c000000
14390964ns          258258 1c008862 13c72703 lw               x14, 316(x14)       x14=beffffe0 x14:1c000000  PA:1c00013c
14391282ns          258274 1c008866 70f577c3 fmadd.s          f15, f10, f15, f14  f15=xxxxxxxx f10:3f076772 f15:3d27ade1 f14:beffffe0
14391302ns          258275 1c00886a 1c000737 lui              x14, 0x1c000000     x14=1c000000
14391322ns          258276 1c00886e 16872703 lw               x14, 360(x14)       x14=3f7fffff x14:1c000000  PA:1c000168
14391680ns          258294 1c008872 70f57543 fmadd.s          f10, f10, f15, f14  f10=xxxxxxxx f10:3f076772 f15:bef4e9d2 f14:3f7fffff
14391700ns          258295 1c008876 20a51553 fsgnjn.s         f10, f10, f10       f10=xxxxxxxx f10:3f3f3add f10:3f3f3add
14391720ns          258296 1c00887a 00008067 jalr             x0, x1, 0            x1:1c0081de
14391780ns          258299 1c0081de 016a7a53 fadd.s           f20, f20, f22       f20=xxxxxxxx f20:40ae11b1 f22:3eaaa273
14391799ns          258300 1c0081e2 10acf553 fmul.s           f10, f25, f10       f10=xxxxxxxx f25:3f800000 f10:bf3f3add
14391819ns          258301 1c0081e6 a14a97d3 flt.s            x15, f21, f20       x15=00000000 f21:40c90fdb f20:40b8bbd8
14391839ns          258302 1c0081ea 00a4222b p.sw             x10, 4(x8!)          x8=10001790 x10:bf3f3add  x8:1000178c  PA:1000178c
14391859ns          258303 1c0081ee 00078363 beq              x15, x0, 6          x15:00000000
14391919ns          258306 1c0081f4 ff7412e3 bne              x8, x23, -28         x8:10001790 x23:100017c8
14391978ns          258309 1c0081d8 094c7553 fsub.s           f10, f24, f20       f10=xxxxxxxx f24:3fc90fdb f20:40b8bbd8
14391998ns          258310 1c0081dc 57c000ef jal              x1, 1404             x1=1c0081de
14392038ns          258312 1c008758 a0a527d3 feq.s            x15, f10, f10       x15=00000001 f10:c08677e1 f10:c08677e1
14392058ns          258313 1c00875c 0a078b63 beq              x15, x0, 182        x15:00000001
14392078ns          258314 1c00875e e00517d3 fclass.s         x15, f10            x15=00000002 f10:c08677e1
14392098ns          258315 1c008762 0817f793 andi             x15, x15, 129       x15=00000000 x15:00000002
14392118ns          258316 1c008766 0a079663 bne              x15, x0, 172        x15:00000000
14392138ns          258317 1c008768 00000793 addi             x15, x0, 0          x15=00000000
14392157ns          258318 1c00876c a0f517d3 flt.s            x15, f10, f15       x15=00000001 f10:c08677e1 f15:00000000
14392177ns          258319 1c008770 0a079663 bne              x15, x0, 172        x15:00000001
14392237ns          258322 1c00881c 1c0007b7 lui              x15, 0x1c000000     x15=1c000000
14392257ns          258323 1c008820 12c7a783 lw               x15, 300(x15)       x15=c0c90fdb x15:1c000000  PA:1c00012c
14392635ns          258342 1c008824 a0f517d3 flt.s            x15, f10, f15       x15=00000000 f10:c08677e1 f15:c0c90fdb
14392655ns          258343 1c008828 00078463 beq              x15, x0, 8          x15:00000000
14392714ns          258346 1c008830 20a51553 fsgnjn.s         f10, f10, f10       f10=xxxxxxxx f10:c08677e1 f10:c08677e1
14392734ns          258347 1c008834 f6bff06f jal              x0, -150           
14392794ns          258350 1c00879e 1c0007b7 lui              x15, 0x1c000000     x15=1c000000
14392814ns          258351 1c0087a2 01c7a783 lw               x15, 28(x15)        x15=3fc90fdb x15:1c000000  PA:1c00001c
14393132ns          258367 1c0087a6 a0f517d3 flt.s            x15, f10, f15       x15=00000000 f10:408677e1 f15:3fc90fdb
14393152ns          258368 1c0087aa 02079563 bne              x15, x0, 42         x15:00000000
14393172ns          258369 1c0087ac 1c0007b7 lui              x15, 0x1c000000     x15=1c000000
14393192ns          258370 1c0087b0 1007a783 lw               x15, 256(x15)       x15=40490fdb x15:1c000000  PA:1c000100
14393510ns          258386 1c0087b4 a0f51753 flt.s            x14, f10, f15       x14=00000000 f10:408677e1 f15:40490fdb
14393530ns          258387 1c0087b8 06071f63 bne              x14, x0, 126        x14:00000000
14393550ns          258388 1c0087ba 1c000737 lui              x14, 0x1c000000     x14=1c000000
14393570ns          258389 1c0087be 14072703 lw               x14, 320(x14)       x14=4096cbe4 x14:1c000000  PA:1c000140
14393888ns          258405 1c0087c2 a0e51753 flt.s            x14, f10, f14       x14=00000001 f10:408677e1 f14:4096cbe4
14393908ns          258406 1c0087c6 0a071b63 bne              x14, x0, 182        x14:00000001
14393967ns          258409 1c00887c 08f57553 fsub.s           f10, f10, f15       f10=xxxxxxxx f10:408677e1 f15:40490fdb
14393987ns          258410 1c008880 fbbff06f jal              x0, -70            
14394047ns          258413 1c00883a 10a57553 fmul.s           f10, f10, f10       f10=xxxxxxxx f10:3f87bfce f10:3f87bfce
14394067ns          258414 1c00883e 1c0007b7 lui              x15, 0x1c000000     x15=1c000000
14394087ns          258415 1c008842 1c000737 lui              x14, 0x1c000000     x14=1c000000
14394107ns          258416 1c008846 13472703 lw               x14, 308(x14)       x14=bab59551 x14:1c000000  PA:1c000134
14394445ns          258433 1c00884a 1307a783 lw               x15, 304(x15)       x15=37c23ab1 x15:1c000000  PA:1c000130
14394803ns          258451 1c00884e 70f577c3 fmadd.s          f15, f10, f15, f14  f15=xxxxxxxx f10:3f8ff7b6 f15:37c23ab1 f14:bab59551
14394823ns          258452 1c008852 1c000737 lui              x14, 0x1c000000     x14=1c000000
14394843ns          258453 1c008856 13872703 lw               x14, 312(x14)       x14=3d2aa76f x14:1c000000  PA:1c000138
14395201ns          258471 1c00885a 70f577c3 fmadd.s          f15, f10, f15, f14  f15=xxxxxxxx f10:3f8ff7b6 f15:bab22b7b f14:3d2aa76f
14395221ns          258472 1c00885e 1c000737 lui              x14, 0x1c000000     x14=1c000000
14395241ns          258473 1c008862 13c72703 lw               x14, 316(x14)       x14=beffffe0 x14:1c000000  PA:1c00013c
14395599ns          258491 1c008866 70f577c3 fmadd.s          f15, f10, f15, f14  f15=xxxxxxxx f10:3f8ff7b6 f15:3d246444 f14:beffffe0
14395618ns          258492 1c00886a 1c000737 lui              x14, 0x1c000000     x14=1c000000
14395638ns          258493 1c00886e 16872703 lw               x14, 360(x14)       x14=3f7fffff x14:1c000000  PA:1c000168
14395976ns          258510 1c008872 70f57543 fmadd.s          f10, f10, f15, f14  f10=xxxxxxxx f10:3f8ff7b6 f15:bee8e31b f14:3f7fffff
14395996ns          258511 1c008876 20a51553 fsgnjn.s         f10, f10, f10       f10=xxxxxxxx f10:3efa0f94 f10:3efa0f94
14396016ns          258512 1c00887a 00008067 jalr             x0, x1, 0            x1:1c0081de
14396076ns          258515 1c0081de 016a7a53 fadd.s           f20, f20, f22       f20=xxxxxxxx f20:40b8bbd8 f22:3eaaa273
14396096ns          258516 1c0081e2 10acf553 fmul.s           f10, f25, f10       f10=xxxxxxxx f25:3f800000 f10:befa0f94
14396116ns          258517 1c0081e6 a14a97d3 flt.s            x15, f21, f20       x15=00000000 f21:40c90fdb f20:40c365ff
14396136ns          258518 1c0081ea 00a4222b p.sw             x10, 4(x8!)          x8=10001794 x10:befa0f94  x8:10001790  PA:10001790
14396155ns          258519 1c0081ee 00078363 beq              x15, x0, 6          x15:00000000
14396215ns          258522 1c0081f4 ff7412e3 bne              x8, x23, -28         x8:10001794 x23:100017c8
14396275ns          258525 1c0081d8 094c7553 fsub.s           f10, f24, f20       f10=xxxxxxxx f24:3fc90fdb f20:40c365ff
14396295ns          258526 1c0081dc 57c000ef jal              x1, 1404             x1=1c0081de
14396334ns          258528 1c008758 a0a527d3 feq.s            x15, f10, f10       x15=00000001 f10:c0912208 f10:c0912208
14396354ns          258529 1c00875c 0a078b63 beq              x15, x0, 182        x15:00000001
14396374ns          258530 1c00875e e00517d3 fclass.s         x15, f10            x15=00000002 f10:c0912208
14396394ns          258531 1c008762 0817f793 andi             x15, x15, 129       x15=00000000 x15:00000002
14396414ns          258532 1c008766 0a079663 bne              x15, x0, 172        x15:00000000
14396434ns          258533 1c008768 00000793 addi             x15, x0, 0          x15=00000000
14396454ns          258534 1c00876c a0f517d3 flt.s            x15, f10, f15       x15=00000001 f10:c0912208 f15:00000000
14396474ns          258535 1c008770 0a079663 bne              x15, x0, 172        x15:00000001
14396533ns          258538 1c00881c 1c0007b7 lui              x15, 0x1c000000     x15=1c000000
14396553ns          258539 1c008820 12c7a783 lw               x15, 300(x15)       x15=c0c90fdb x15:1c000000  PA:1c00012c
14396872ns          258555 1c008824 a0f517d3 flt.s            x15, f10, f15       x15=00000000 f10:c0912208 f15:c0c90fdb
14396891ns          258556 1c008828 00078463 beq              x15, x0, 8          x15:00000000
14396951ns          258559 1c008830 20a51553 fsgnjn.s         f10, f10, f10       f10=xxxxxxxx f10:c0912208 f10:c0912208
14396971ns          258560 1c008834 f6bff06f jal              x0, -150           
14397031ns          258563 1c00879e 1c0007b7 lui              x15, 0x1c000000     x15=1c000000
14397051ns          258564 1c0087a2 01c7a783 lw               x15, 28(x15)        x15=3fc90fdb x15:1c000000  PA:1c00001c
14397369ns          258580 1c0087a6 a0f517d3 flt.s            x15, f10, f15       x15=00000000 f10:40912208 f15:3fc90fdb
14397389ns          258581 1c0087aa 02079563 bne              x15, x0, 42         x15:00000000
14397409ns          258582 1c0087ac 1c0007b7 lui              x15, 0x1c000000     x15=1c000000
14397428ns          258583 1c0087b0 1007a783 lw               x15, 256(x15)       x15=40490fdb x15:1c000000  PA:1c000100
14397747ns          258599 1c0087b4 a0f51753 flt.s            x14, f10, f15       x14=00000000 f10:40912208 f15:40490fdb
14397767ns          258600 1c0087b8 06071f63 bne              x14, x0, 126        x14:00000000
14397787ns          258601 1c0087ba 1c000737 lui              x14, 0x1c000000     x14=1c000000
14397806ns          258602 1c0087be 14072703 lw               x14, 320(x14)       x14=4096cbe4 x14:1c000000  PA:1c000140
14398125ns          258618 1c0087c2 a0e51753 flt.s            x14, f10, f14       x14=00000001 f10:40912208 f14:4096cbe4
14398145ns          258619 1c0087c6 0a071b63 bne              x14, x0, 182        x14:00000001
14398204ns          258622 1c00887c 08f57553 fsub.s           f10, f10, f15       f10=xxxxxxxx f10:40912208 f15:40490fdb
14398224ns          258623 1c008880 fbbff06f jal              x0, -70            
14398284ns          258626 1c00883a 10a57553 fmul.s           f10, f10, f10       f10=xxxxxxxx f10:3fb2686a f10:3fb2686a
14398304ns          258627 1c00883e 1c0007b7 lui              x15, 0x1c000000     x15=1c000000
14398324ns          258628 1c008842 1c000737 lui              x14, 0x1c000000     x14=1c000000
14398343ns          258629 1c008846 13472703 lw               x14, 308(x14)       x14=bab59551 x14:1c000000  PA:1c000134
14398642ns          258644 1c00884a 1307a783 lw               x15, 304(x15)       x15=37c23ab1 x15:1c000000  PA:1c000130
14398980ns          258661 1c00884e 70f577c3 fmadd.s          f15, f10, f15, f14  f15=xxxxxxxx f10:3ff8aabc f15:37c23ab1 f14:bab59551
14399000ns          258662 1c008852 1c000737 lui              x14, 0x1c000000     x14=1c000000
14399020ns          258663 1c008856 13872703 lw               x14, 312(x14)       x14=3d2aa76f x14:1c000000  PA:1c000138
14399338ns          258679 1c00885a 70f577c3 fmadd.s          f15, f10, f15, f14  f15=xxxxxxxx f10:3ff8aabc f15:baafaffe f14:3d2aa76f
14399358ns          258680 1c00885e 1c000737 lui              x14, 0x1c000000     x14=1c000000
14399378ns          258681 1c008862 13c72703 lw               x14, 316(x14)       x14=beffffe0 x14:1c000000  PA:1c00013c
14399716ns          258698 1c008866 70f577c3 fmadd.s          f15, f10, f15, f14  f15=xxxxxxxx f10:3ff8aabc f15:3d1ffcf4 f14:beffffe0
14399736ns          258699 1c00886a 1c000737 lui              x14, 0x1c000000     x14=1c000000
14399756ns          258700 1c00886e 16872703 lw               x14, 360(x14)       x14=3f7fffff x14:1c000000  PA:1c000168
14400074ns          258716 1c008872 70f57543 fmadd.s          f10, f10, f15, f14  f10=xxxxxxxx f10:3ff8aabc f15:bed925f0 f14:3f7fffff
14400094ns          258717 1c008876 20a51553 fsgnjn.s         f10, f10, f10       f10=xxxxxxxx f10:3e3449af f10:3e3449af
14400114ns          258718 1c00887a 00008067 jalr             x0, x1, 0            x1:1c0081de
14400173ns          258721 1c0081de 016a7a53 fadd.s           f20, f20, f22       f20=xxxxxxxx f20:40c365ff f22:3eaaa273
14400193ns          258722 1c0081e2 10acf553 fmul.s           f10, f25, f10       f10=xxxxxxxx f25:3f800000 f10:be3449af
14400213ns          258723 1c0081e6 a14a97d3 flt.s            x15, f21, f20       x15=00000001 f21:40c90fdb f20:40ce1026
14400233ns          258724 1c0081ea 00a4222b p.sw             x10, 4(x8!)          x8=10001798 x10:be3449af  x8:10001794  PA:10001794
14400253ns          258725 1c0081ee 00078363 beq              x15, x0, 6          x15:00000001
14400273ns          258726 1c0081f0 095a7a53 fsub.s           f20, f20, f21       f20=xxxxxxxx f20:40ce1026 f21:40c90fdb
14400293ns          258727 1c0081f4 ff7412e3 bne              x8, x23, -28         x8:10001798 x23:100017c8
14400352ns          258730 1c0081d8 094c7553 fsub.s           f10, f24, f20       f10=xxxxxxxx f24:3fc90fdb f20:3e200960
14400372ns          258731 1c0081dc 57c000ef jal              x1, 1404             x1=1c0081de
14400412ns          258733 1c008758 a0a527d3 feq.s            x15, f10, f10       x15=00000001 f10:3fb50eaf f10:3fb50eaf
14400432ns          258734 1c00875c 0a078b63 beq              x15, x0, 182        x15:00000001
14400452ns          258735 1c00875e e00517d3 fclass.s         x15, f10            x15=00000040 f10:3fb50eaf
14400472ns          258736 1c008762 0817f793 andi             x15, x15, 129       x15=00000000 x15:00000040
14400492ns          258737 1c008766 0a079663 bne              x15, x0, 172        x15:00000000
14400512ns          258738 1c008768 00000793 addi             x15, x0, 0          x15=00000000
14400531ns          258739 1c00876c a0f517d3 flt.s            x15, f10, f15       x15=00000000 f10:3fb50eaf f15:00000000
14400551ns          258740 1c008770 0a079663 bne              x15, x0, 172        x15:00000000
14400571ns          258741 1c008772 1c000737 lui              x14, 0x1c000000     x14=1c000000
14400591ns          258742 1c008776 02072783 lw               x15, 32(x14)        x15=40c90fdb x14:1c000000  PA:1c000020
14400989ns          258762 1c00877a a0a797d3 flt.s            x15, f15, f10       x15=00000000 f15:40c90fdb f10:3fb50eaf
14401009ns          258763 1c00877e 00078b63 beq              x15, x0, 22         x15:00000000
14401068ns          258766 1c008794 00000793 addi             x15, x0, 0          x15=00000000
14401088ns          258767 1c008798 a0f517d3 flt.s            x15, f10, f15       x15=00000000 f10:3fb50eaf f15:00000000
14401108ns          258768 1c00879c 08079a63 bne              x15, x0, 148        x15:00000000
14401128ns          258769 1c00879e 1c0007b7 lui              x15, 0x1c000000     x15=1c000000
14401148ns          258770 1c0087a2 01c7a783 lw               x15, 28(x15)        x15=3fc90fdb x15:1c000000  PA:1c00001c
14401486ns          258787 1c0087a6 a0f517d3 flt.s            x15, f10, f15       x15=00000001 f10:3fb50eaf f15:3fc90fdb
14401506ns          258788 1c0087aa 02079563 bne              x15, x0, 42         x15:00000001
14401566ns          258791 1c0087d4 10a57553 fmul.s           f10, f10, f10       f10=xxxxxxxx f10:3fb50eaf f10:3fb50eaf
14401586ns          258792 1c0087d8 1c0007b7 lui              x15, 0x1c000000     x15=1c000000
14401606ns          258793 1c0087dc 1c000737 lui              x14, 0x1c000000     x14=1c000000
14401625ns          258794 1c0087e0 13472703 lw               x14, 308(x14)       x14=bab59551 x14:1c000000  PA:1c000134
14401924ns          258809 1c0087e4 1307a783 lw               x15, 304(x15)       x15=37c23ab1 x15:1c000000  PA:1c000130
14402242ns          258825 1c0087e8 70f577c3 fmadd.s          f15, f10, f15, f14  f15=xxxxxxxx f10:40000dc4 f15:37c23ab1 f14:bab59551
14402262ns          258826 1c0087ec 1c000737 lui              x14, 0x1c000000     x14=1c000000
14402282ns          258827 1c0087f0 13872703 lw               x14, 312(x14)       x14=3d2aa76f x14:1c000000  PA:1c000138
14402620ns          258844 1c0087f4 70f577c3 fmadd.s          f15, f10, f15, f14  f15=xxxxxxxx f10:40000dc4 f15:baaf82d4 f14:3d2aa76f
14402640ns          258845 1c0087f8 1c000737 lui              x14, 0x1c000000     x14=1c000000
14402660ns          258846 1c0087fc 13c72703 lw               x14, 316(x14)       x14=beffffe0 x14:1c000000  PA:1c00013c
14402978ns          258862 1c008800 70f577c3 fmadd.s          f15, f10, f15, f14  f15=xxxxxxxx f10:40000dc4 f15:3d1fae14 f14:beffffe0
14402998ns          258863 1c008804 1c000737 lui              x14, 0x1c000000     x14=1c000000
14403018ns          258864 1c008808 16872703 lw               x14, 360(x14)       x14=3f7fffff x14:1c000000  PA:1c000168
14403336ns          258880 1c00880c 70f57543 fmadd.s          f10, f10, f15, f14  f10=xxxxxxxx f10:40000dc4 f15:bed81010 f14:3f7fffff
14403356ns          258881 1c008810 00008067 jalr             x0, x1, 0            x1:1c0081de
14403416ns          258884 1c0081de 016a7a53 fadd.s           f20, f20, f22       f20=xxxxxxxx f20:3e200960 f22:3eaaa273
14403435ns          258885 1c0081e2 10acf553 fmul.s           f10, f25, f10       f10=xxxxxxxx f25:3f800000 f10:3e1f62ca
14403455ns          258886 1c0081e6 a14a97d3 flt.s            x15, f21, f20       x15=00000000 f21:40c90fdb f20:3efaa723
14403475ns          258887 1c0081ea 00a4222b p.sw             x10, 4(x8!)          x8=1000179c x10:3e1f62ca  x8:10001798  PA:10001798
14403495ns          258888 1c0081ee 00078363 beq              x15, x0, 6          x15:00000000
14403555ns          258891 1c0081f4 ff7412e3 bne              x8, x23, -28         x8:1000179c x23:100017c8
14403615ns          258894 1c0081d8 094c7553 fsub.s           f10, f24, f20       f10=xxxxxxxx f24:3fc90fdb f20:3efaa723
14403634ns          258895 1c0081dc 57c000ef jal              x1, 1404             x1=1c0081de
14403674ns          258897 1c008758 a0a527d3 feq.s            x15, f10, f10       x15=00000001 f10:3f8a6612 f10:3f8a6612
14403694ns          258898 1c00875c 0a078b63 beq              x15, x0, 182        x15:00000001
14403714ns          258899 1c00875e e00517d3 fclass.s         x15, f10            x15=00000040 f10:3f8a6612
14403734ns          258900 1c008762 0817f793 andi             x15, x15, 129       x15=00000000 x15:00000040
14403754ns          258901 1c008766 0a079663 bne              x15, x0, 172        x15:00000000
14403774ns          258902 1c008768 00000793 addi             x15, x0, 0          x15=00000000
14403794ns          258903 1c00876c a0f517d3 flt.s            x15, f10, f15       x15=00000000 f10:3f8a6612 f15:00000000
14403813ns          258904 1c008770 0a079663 bne              x15, x0, 172        x15:00000000
14403833ns          258905 1c008772 1c000737 lui              x14, 0x1c000000     x14=1c000000
14403853ns          258906 1c008776 02072783 lw               x15, 32(x14)        x15=40c90fdb x14:1c000000  PA:1c000020
14404171ns          258922 1c00877a a0a797d3 flt.s            x15, f15, f10       x15=00000000 f15:40c90fdb f10:3f8a6612
14404191ns          258923 1c00877e 00078b63 beq              x15, x0, 22         x15:00000000
14404251ns          258926 1c008794 00000793 addi             x15, x0, 0          x15=00000000
14404271ns          258927 1c008798 a0f517d3 flt.s            x15, f10, f15       x15=00000000 f10:3f8a6612 f15:00000000
14404291ns          258928 1c00879c 08079a63 bne              x15, x0, 148        x15:00000000
14404311ns          258929 1c00879e 1c0007b7 lui              x15, 0x1c000000     x15=1c000000
14404331ns          258930 1c0087a2 01c7a783 lw               x15, 28(x15)        x15=3fc90fdb x15:1c000000  PA:1c00001c
14404709ns          258949 1c0087a6 a0f517d3 flt.s            x15, f10, f15       x15=00000001 f10:3f8a6612 f15:3fc90fdb
14404728ns          258950 1c0087aa 02079563 bne              x15, x0, 42         x15:00000001
14404788ns          258953 1c0087d4 10a57553 fmul.s           f10, f10, f10       f10=xxxxxxxx f10:3f8a6612 f10:3f8a6612
14404808ns          258954 1c0087d8 1c0007b7 lui              x15, 0x1c000000     x15=1c000000
14404828ns          258955 1c0087dc 1c000737 lui              x14, 0x1c000000     x14=1c000000
14404848ns          258956 1c0087e0 13472703 lw               x14, 308(x14)       x14=bab59551 x14:1c000000  PA:1c000134
14405265ns          258977 1c0087e4 1307a783 lw               x15, 304(x15)       x15=37c23ab1 x15:1c000000  PA:1c000130
14405584ns          258993 1c0087e8 70f577c3 fmadd.s          f15, f10, f15, f14  f15=xxxxxxxx f10:3f95a468 f15:37c23ab1 f14:bab59551
14405604ns          258994 1c0087ec 1c000737 lui              x14, 0x1c000000     x14=1c000000
14405623ns          258995 1c0087f0 13872703 lw               x14, 312(x14)       x14=3d2aa76f x14:1c000000  PA:1c000138
14405962ns          259012 1c0087f4 70f577c3 fmadd.s          f15, f10, f15, f14  f15=xxxxxxxx f10:3f95a468 f15:bab2090a f14:3d2aa76f
14405982ns          259013 1c0087f8 1c000737 lui              x14, 0x1c000000     x14=1c000000
14406001ns          259014 1c0087fc 13c72703 lw               x14, 316(x14)       x14=beffffe0 x14:1c000000  PA:1c00013c
14406340ns          259031 1c008800 70f577c3 fmadd.s          f15, f10, f15, f14  f15=xxxxxxxx f10:3f95a468 f15:3d242655 f14:beffffe0
14406359ns          259032 1c008804 1c000737 lui              x14, 0x1c000000     x14=1c000000
14406379ns          259033 1c008808 16872703 lw               x14, 360(x14)       x14=3f7fffff x14:1c000000  PA:1c000168
14406717ns          259050 1c00880c 70f57543 fmadd.s          f10, f10, f15, f14  f10=xxxxxxxx f10:3f95a468 f15:bee802f1 f14:3f7fffff
14406737ns          259051 1c008810 00008067 jalr             x0, x1, 0            x1:1c0081de
14406797ns          259054 1c0081de 016a7a53 fadd.s           f20, f20, f22       f20=xxxxxxxx f20:3efaa723 f22:3eaaa273
14406817ns          259055 1c0081e2 10acf553 fmul.s           f10, f25, f10       f10=xxxxxxxx f25:3f800000 f10:3ef0c291
14406837ns          259056 1c0081e6 a14a97d3 flt.s            x15, f21, f20       x15=00000000 f21:40c90fdb f20:3f52a4cb
14406857ns          259057 1c0081ea 00a4222b p.sw             x10, 4(x8!)          x8=100017a0 x10:3ef0c291  x8:1000179c  PA:1000179c
14406877ns          259058 1c0081ee 00078363 beq              x15, x0, 6          x15:00000000
14406936ns          259061 1c0081f4 ff7412e3 bne              x8, x23, -28         x8:100017a0 x23:100017c8
14406996ns          259064 1c0081d8 094c7553 fsub.s           f10, f24, f20       f10=xxxxxxxx f24:3fc90fdb f20:3f52a4cb
14407016ns          259065 1c0081dc 57c000ef jal              x1, 1404             x1=1c0081de
14407056ns          259067 1c008758 a0a527d3 feq.s            x15, f10, f10       x15=00000001 f10:3f3f7aeb f10:3f3f7aeb
14407076ns          259068 1c00875c 0a078b63 beq              x15, x0, 182        x15:00000001
14407095ns          259069 1c00875e e00517d3 fclass.s         x15, f10            x15=00000040 f10:3f3f7aeb
14407115ns          259070 1c008762 0817f793 andi             x15, x15, 129       x15=00000000 x15:00000040
14407135ns          259071 1c008766 0a079663 bne              x15, x0, 172        x15:00000000
14407155ns          259072 1c008768 00000793 addi             x15, x0, 0          x15=00000000
14407175ns          259073 1c00876c a0f517d3 flt.s            x15, f10, f15       x15=00000000 f10:3f3f7aeb f15:00000000
14407195ns          259074 1c008770 0a079663 bne              x15, x0, 172        x15:00000000
14407215ns          259075 1c008772 1c000737 lui              x14, 0x1c000000     x14=1c000000
14407235ns          259076 1c008776 02072783 lw               x15, 32(x14)        x15=40c90fdb x14:1c000000  PA:1c000020
14407553ns          259092 1c00877a a0a797d3 flt.s            x15, f15, f10       x15=00000000 f15:40c90fdb f10:3f3f7aeb
14407573ns          259093 1c00877e 00078b63 beq              x15, x0, 22         x15:00000000
14407632ns          259096 1c008794 00000793 addi             x15, x0, 0          x15=00000000
14407652ns          259097 1c008798 a0f517d3 flt.s            x15, f10, f15       x15=00000000 f10:3f3f7aeb f15:00000000
14407672ns          259098 1c00879c 08079a63 bne              x15, x0, 148        x15:00000000
14407692ns          259099 1c00879e 1c0007b7 lui              x15, 0x1c000000     x15=1c000000
14407712ns          259100 1c0087a2 01c7a783 lw               x15, 28(x15)        x15=3fc90fdb x15:1c000000  PA:1c00001c
14408030ns          259116 1c0087a6 a0f517d3 flt.s            x15, f10, f15       x15=00000001 f10:3f3f7aeb f15:3fc90fdb
14408050ns          259117 1c0087aa 02079563 bne              x15, x0, 42         x15:00000001
14408110ns          259120 1c0087d4 10a57553 fmul.s           f10, f10, f10       f10=xxxxxxxx f10:3f3f7aeb f10:3f3f7aeb
14408130ns          259121 1c0087d8 1c0007b7 lui              x15, 0x1c000000     x15=1c000000
14408150ns          259122 1c0087dc 1c000737 lui              x14, 0x1c000000     x14=1c000000
14408169ns          259123 1c0087e0 13472703 lw               x14, 308(x14)       x14=bab59551 x14:1c000000  PA:1c000134
14408468ns          259138 1c0087e4 1307a783 lw               x15, 304(x15)       x15=37c23ab1 x15:1c000000  PA:1c000130
14408786ns          259154 1c0087e8 70f577c3 fmadd.s          f15, f10, f15, f14  f15=xxxxxxxx f10:3f0f38a6 f15:37c23ab1 f14:bab59551
14408806ns          259155 1c0087ec 1c000737 lui              x14, 0x1c000000     x14=1c000000
14408826ns          259156 1c0087f0 13872703 lw               x14, 312(x14)       x14=3d2aa76f x14:1c000000  PA:1c000138
14409144ns          259172 1c0087f4 70f577c3 fmadd.s          f15, f10, f15, f14  f15=xxxxxxxx f10:3f0f38a6 f15:bab3e2aa f14:3d2aa76f
14409164ns          259173 1c0087f8 1c000737 lui              x14, 0x1c000000     x14=1c000000
14409184ns          259174 1c0087fc 13c72703 lw               x14, 316(x14)       x14=beffffe0 x14:1c000000  PA:1c00013c
14409502ns          259190 1c008800 70f577c3 fmadd.s          f15, f10, f15, f14  f15=xxxxxxxx f10:3f0f38a6 f15:3d278254 f14:beffffe0
14409522ns          259191 1c008804 1c000737 lui              x14, 0x1c000000     x14=1c000000
14409542ns          259192 1c008808 16872703 lw               x14, 360(x14)       x14=3f7fffff x14:1c000000  PA:1c000168
14409860ns          259208 1c00880c 70f57543 fmadd.s          f10, f10, f15, f14  f10=xxxxxxxx f10:3f0f38a6 f15:bef44904 f14:3f7fffff
14409880ns          259209 1c008810 00008067 jalr             x0, x1, 0            x1:1c0081de
14409940ns          259212 1c0081de 016a7a53 fadd.s           f20, f20, f22       f20=xxxxxxxx f20:3f52a4cb f22:3eaaa273
14409960ns          259213 1c0081e2 10acf553 fmul.s           f10, f25, f10       f10=xxxxxxxx f25:3f800000 f10:3f3baa93
14409980ns          259214 1c0081e6 a14a97d3 flt.s            x15, f21, f20       x15=00000000 f21:40c90fdb f20:3f93fb02
14409999ns          259215 1c0081ea 00a4222b p.sw             x10, 4(x8!)          x8=100017a4 x10:3f3baa93  x8:100017a0  PA:100017a0
14410019ns          259216 1c0081ee 00078363 beq              x15, x0, 6          x15:00000000
14410079ns          259219 1c0081f4 ff7412e3 bne              x8, x23, -28         x8:100017a4 x23:100017c8
14410139ns          259222 1c0081d8 094c7553 fsub.s           f10, f24, f20       f10=xxxxxxxx f24:3fc90fdb f20:3f93fb02
14410159ns          259223 1c0081dc 57c000ef jal              x1, 1404             x1=1c0081de
14410198ns          259225 1c008758 a0a527d3 feq.s            x15, f10, f10       x15=00000001 f10:3ed45364 f10:3ed45364
14410218ns          259226 1c00875c 0a078b63 beq              x15, x0, 182        x15:00000001
14410238ns          259227 1c00875e e00517d3 fclass.s         x15, f10            x15=00000040 f10:3ed45364
14410258ns          259228 1c008762 0817f793 andi             x15, x15, 129       x15=00000000 x15:00000040
14410278ns          259229 1c008766 0a079663 bne              x15, x0, 172        x15:00000000
14410298ns          259230 1c008768 00000793 addi             x15, x0, 0          x15=00000000
14410318ns          259231 1c00876c a0f517d3 flt.s            x15, f10, f15       x15=00000000 f10:3ed45364 f15:00000000
14410338ns          259232 1c008770 0a079663 bne              x15, x0, 172        x15:00000000
14410357ns          259233 1c008772 1c000737 lui              x14, 0x1c000000     x14=1c000000
14410377ns          259234 1c008776 02072783 lw               x15, 32(x14)        x15=40c90fdb x14:1c000000  PA:1c000020
14410696ns          259250 1c00877a a0a797d3 flt.s            x15, f15, f10       x15=00000000 f15:40c90fdb f10:3ed45364
14410716ns          259251 1c00877e 00078b63 beq              x15, x0, 22         x15:00000000
14410775ns          259254 1c008794 00000793 addi             x15, x0, 0          x15=00000000
14410795ns          259255 1c008798 a0f517d3 flt.s            x15, f10, f15       x15=00000000 f10:3ed45364 f15:00000000
14410815ns          259256 1c00879c 08079a63 bne              x15, x0, 148        x15:00000000
14410835ns          259257 1c00879e 1c0007b7 lui              x15, 0x1c000000     x15=1c000000
14410855ns          259258 1c0087a2 01c7a783 lw               x15, 28(x15)        x15=3fc90fdb x15:1c000000  PA:1c00001c
14411173ns          259274 1c0087a6 a0f517d3 flt.s            x15, f10, f15       x15=00000001 f10:3ed45364 f15:3fc90fdb
14411193ns          259275 1c0087aa 02079563 bne              x15, x0, 42         x15:00000001
14411253ns          259278 1c0087d4 10a57553 fmul.s           f10, f10, f10       f10=xxxxxxxx f10:3ed45364 f10:3ed45364
14411272ns          259279 1c0087d8 1c0007b7 lui              x15, 0x1c000000     x15=1c000000
14411292ns          259280 1c0087dc 1c000737 lui              x14, 0x1c000000     x14=1c000000
14411312ns          259281 1c0087e0 13472703 lw               x14, 308(x14)       x14=bab59551 x14:1c000000  PA:1c000134
14411630ns          259297 1c0087e4 1307a783 lw               x15, 304(x15)       x15=37c23ab1 x15:1c000000  PA:1c000130
14411949ns          259313 1c0087e8 70f577c3 fmadd.s          f15, f10, f15, f14  f15=xxxxxxxx f10:3e301a39 f15:37c23ab1 f14:bab59551
14411969ns          259314 1c0087ec 1c000737 lui              x14, 0x1c000000     x14=1c000000
14411989ns          259315 1c0087f0 13872703 lw               x14, 312(x14)       x14=3d2aa76f x14:1c000000  PA:1c000138
14412327ns          259332 1c0087f4 70f577c3 fmadd.s          f15, f10, f15, f14  f15=xxxxxxxx f10:3e301a39 f15:bab50fb5 f14:3d2aa76f
14412347ns          259333 1c0087f8 1c000737 lui              x14, 0x1c000000     x14=1c000000
14412366ns          259334 1c0087fc 13c72703 lw               x14, 316(x14)       x14=beffffe0 x14:1c000000  PA:1c00013c
14412685ns          259350 1c008800 70f577c3 fmadd.s          f15, f10, f15, f14  f15=xxxxxxxx f10:3e301a39 f15:3d29ae54 f14:beffffe0
14412705ns          259351 1c008804 1c000737 lui              x14, 0x1c000000     x14=1c000000
14412724ns          259352 1c008808 16872703 lw               x14, 360(x14)       x14=3f7fffff x14:1c000000  PA:1c000168
14413063ns          259369 1c00880c 70f57543 fmadd.s          f10, f10, f15, f14  f10=xxxxxxxx f10:3e301a39 f15:befc5a16 f14:3f7fffff
14413083ns          259370 1c008810 00008067 jalr             x0, x1, 0            x1:1c0081de
14413142ns          259373 1c0081de 016a7a53 fadd.s           f20, f20, f22       f20=xxxxxxxx f20:3f93fb02 f22:3eaaa273
14413162ns          259374 1c0081e2 10acf553 fmul.s           f10, f25, f10       f10=xxxxxxxx f25:3f800000 f10:3f6a4d06
14413182ns          259375 1c0081e6 a14a97d3 flt.s            x15, f21, f20       x15=00000000 f21:40c90fdb f20:3fbea39f
14413202ns          259376 1c0081ea 00a4222b p.sw             x10, 4(x8!)          x8=100017a8 x10:3f6a4d06  x8:100017a4  PA:100017a4
14413222ns          259377 1c0081ee 00078363 beq              x15, x0, 6          x15:00000000
14413281ns          259380 1c0081f4 ff7412e3 bne              x8, x23, -28         x8:100017a8 x23:100017c8
14413341ns          259383 1c0081d8 094c7553 fsub.s           f10, f24, f20       f10=xxxxxxxx f24:3fc90fdb f20:3fbea39f
14413361ns          259384 1c0081dc 57c000ef jal              x1, 1404             x1=1c0081de
14413401ns          259386 1c008758 a0a527d3 feq.s            x15, f10, f10       x15=00000001 f10:3da6c3c0 f10:3da6c3c0
14413421ns          259387 1c00875c 0a078b63 beq              x15, x0, 182        x15:00000001
14413441ns          259388 1c00875e e00517d3 fclass.s         x15, f10            x15=00000040 f10:3da6c3c0
14413460ns          259389 1c008762 0817f793 andi             x15, x15, 129       x15=00000000 x15:00000040
14413480ns          259390 1c008766 0a079663 bne              x15, x0, 172        x15:00000000
14413500ns          259391 1c008768 00000793 addi             x15, x0, 0          x15=00000000
14413520ns          259392 1c00876c a0f517d3 flt.s            x15, f10, f15       x15=00000000 f10:3da6c3c0 f15:00000000
14413540ns          259393 1c008770 0a079663 bne              x15, x0, 172        x15:00000000
14413560ns          259394 1c008772 1c000737 lui              x14, 0x1c000000     x14=1c000000
14413580ns          259395 1c008776 02072783 lw               x15, 32(x14)        x15=40c90fdb x14:1c000000  PA:1c000020
14413898ns          259411 1c00877a a0a797d3 flt.s            x15, f15, f10       x15=00000000 f15:40c90fdb f10:3da6c3c0
14413918ns          259412 1c00877e 00078b63 beq              x15, x0, 22         x15:00000000
14413978ns          259415 1c008794 00000793 addi             x15, x0, 0          x15=00000000
14413997ns          259416 1c008798 a0f517d3 flt.s            x15, f10, f15       x15=00000000 f10:3da6c3c0 f15:00000000
14414017ns          259417 1c00879c 08079a63 bne              x15, x0, 148        x15:00000000
14414037ns          259418 1c00879e 1c0007b7 lui              x15, 0x1c000000     x15=1c000000
14414057ns          259419 1c0087a2 01c7a783 lw               x15, 28(x15)        x15=3fc90fdb x15:1c000000  PA:1c00001c
14414395ns          259436 1c0087a6 a0f517d3 flt.s            x15, f10, f15       x15=00000001 f10:3da6c3c0 f15:3fc90fdb
14414415ns          259437 1c0087aa 02079563 bne              x15, x0, 42         x15:00000001
14414475ns          259440 1c0087d4 10a57553 fmul.s           f10, f10, f10       f10=xxxxxxxx f10:3da6c3c0 f10:3da6c3c0
14414495ns          259441 1c0087d8 1c0007b7 lui              x15, 0x1c000000     x15=1c000000
14414515ns          259442 1c0087dc 1c000737 lui              x14, 0x1c000000     x14=1c000000
14414535ns          259443 1c0087e0 13472703 lw               x14, 308(x14)       x14=bab59551 x14:1c000000  PA:1c000134
14414853ns          259459 1c0087e4 1307a783 lw               x15, 304(x15)       x15=37c23ab1 x15:1c000000  PA:1c000130
14415191ns          259476 1c0087e8 70f577c3 fmadd.s          f15, f10, f15, f14  f15=xxxxxxxx f10:3bd944e5 f15:37c23ab1 f14:bab59551
14415211ns          259477 1c0087ec 1c000737 lui              x14, 0x1c000000     x14=1c000000
14415231ns          259478 1c0087f0 13872703 lw               x14, 312(x14)       x14=3d2aa76f x14:1c000000  PA:1c000138
14415549ns          259494 1c0087f4 70f577c3 fmadd.s          f15, f10, f15, f14  f15=xxxxxxxx f10:3bd944e5 f15:bab5902a f14:3d2aa76f
14415569ns          259495 1c0087f8 1c000737 lui              x14, 0x1c000000     x14=1c000000
14415589ns          259496 1c0087fc 13c72703 lw               x14, 316(x14)       x14=beffffe0 x14:1c000000  PA:1c00013c
14415907ns          259512 1c008800 70f577c3 fmadd.s          f15, f10, f15, f14  f15=xxxxxxxx f10:3bd944e5 f15:3d2a9dcd f14:beffffe0
14415927ns          259513 1c008804 1c000737 lui              x14, 0x1c000000     x14=1c000000
14415947ns          259514 1c008808 16872703 lw               x14, 360(x14)       x14=3f7fffff x14:1c000000  PA:1c000168
14416265ns          259530 1c00880c 70f57543 fmadd.s          f10, f10, f15, f14  f10=xxxxxxxx f10:3bd944e5 f15:beffdbad f14:3f7fffff
14416285ns          259531 1c008810 00008067 jalr             x0, x1, 0            x1:1c0081de
14416345ns          259534 1c0081de 016a7a53 fadd.s           f20, f20, f22       f20=xxxxxxxx f20:3fbea39f f22:3eaaa273
14416364ns          259535 1c0081e2 10acf553 fmul.s           f10, f25, f10       f10=xxxxxxxx f25:3f800000 f10:3f7f26d9
14416384ns          259536 1c0081e6 a14a97d3 flt.s            x15, f21, f20       x15=00000000 f21:40c90fdb f20:3fe94c3c
14416404ns          259537 1c0081ea 00a4222b p.sw             x10, 4(x8!)          x8=100017ac x10:3f7f26d9  x8:100017a8  PA:100017a8
14416424ns          259538 1c0081ee 00078363 beq              x15, x0, 6          x15:00000000
14416484ns          259541 1c0081f4 ff7412e3 bne              x8, x23, -28         x8:100017ac x23:100017c8
14416544ns          259544 1c0081d8 094c7553 fsub.s           f10, f24, f20       f10=xxxxxxxx f24:3fc90fdb f20:3fe94c3c
14416563ns          259545 1c0081dc 57c000ef jal              x1, 1404             x1=1c0081de
14416603ns          259547 1c008758 a0a527d3 feq.s            x15, f10, f10       x15=00000001 f10:be80f184 f10:be80f184
14416623ns          259548 1c00875c 0a078b63 beq              x15, x0, 182        x15:00000001
14416643ns          259549 1c00875e e00517d3 fclass.s         x15, f10            x15=00000002 f10:be80f184
14416663ns          259550 1c008762 0817f793 andi             x15, x15, 129       x15=00000000 x15:00000002
14416683ns          259551 1c008766 0a079663 bne              x15, x0, 172        x15:00000000
14416703ns          259552 1c008768 00000793 addi             x15, x0, 0          x15=00000000
14416723ns          259553 1c00876c a0f517d3 flt.s            x15, f10, f15       x15=00000001 f10:be80f184 f15:00000000
14416742ns          259554 1c008770 0a079663 bne              x15, x0, 172        x15:00000001
14416802ns          259557 1c00881c 1c0007b7 lui              x15, 0x1c000000     x15=1c000000
14416822ns          259558 1c008820 12c7a783 lw               x15, 300(x15)       x15=c0c90fdb x15:1c000000  PA:1c00012c
14417140ns          259574 1c008824 a0f517d3 flt.s            x15, f10, f15       x15=00000000 f10:be80f184 f15:c0c90fdb
14417160ns          259575 1c008828 00078463 beq              x15, x0, 8          x15:00000000
14417220ns          259578 1c008830 20a51553 fsgnjn.s         f10, f10, f10       f10=xxxxxxxx f10:be80f184 f10:be80f184
14417240ns          259579 1c008834 f6bff06f jal              x0, -150           
14417299ns          259582 1c00879e 1c0007b7 lui              x15, 0x1c000000     x15=1c000000
14417319ns          259583 1c0087a2 01c7a783 lw               x15, 28(x15)        x15=3fc90fdb x15:1c000000  PA:1c00001c
14417637ns          259599 1c0087a6 a0f517d3 flt.s            x15, f10, f15       x15=00000001 f10:3e80f184 f15:3fc90fdb
14417657ns          259600 1c0087aa 02079563 bne              x15, x0, 42         x15:00000001
14417717ns          259603 1c0087d4 10a57553 fmul.s           f10, f10, f10       f10=xxxxxxxx f10:3e80f184 f10:3e80f184
14417737ns          259604 1c0087d8 1c0007b7 lui              x15, 0x1c000000     x15=1c000000
14417757ns          259605 1c0087dc 1c000737 lui              x14, 0x1c000000     x14=1c000000
14417777ns          259606 1c0087e0 13472703 lw               x14, 308(x14)       x14=bab59551 x14:1c000000  PA:1c000134
14418075ns          259621 1c0087e4 1307a783 lw               x15, 304(x15)       x15=37c23ab1 x15:1c000000  PA:1c000130
14418413ns          259638 1c0087e8 70f577c3 fmadd.s          f15, f10, f15, f14  f15=xxxxxxxx f10:3d81e4d0 f15:37c23ab1 f14:bab59551
14418433ns          259639 1c0087ec 1c000737 lui              x14, 0x1c000000     x14=1c000000
14418453ns          259640 1c0087f0 13872703 lw               x14, 312(x14)       x14=3d2aa76f x14:1c000000  PA:1c000138
14418791ns          259657 1c0087f4 70f577c3 fmadd.s          f15, f10, f15, f14  f15=xxxxxxxx f10:3d81e4d0 f15:bab5640a f14:3d2aa76f
14418811ns          259658 1c0087f8 1c000737 lui              x14, 0x1c000000     x14=1c000000
14418831ns          259659 1c0087fc 13c72703 lw               x14, 316(x14)       x14=beffffe0 x14:1c000000  PA:1c00013c
14419149ns          259675 1c008800 70f577c3 fmadd.s          f15, f10, f15, f14  f15=xxxxxxxx f10:3d81e4d0 f15:3d2a4b65 f14:beffffe0
14419169ns          259676 1c008804 1c000737 lui              x14, 0x1c000000     x14=1c000000
14419189ns          259677 1c008808 16872703 lw               x14, 360(x14)       x14=3f7fffff x14:1c000000  PA:1c000168
14419507ns          259693 1c00880c 70f57543 fmadd.s          f10, f10, f15, f14  f10=xxxxxxxx f10:3d81e4d0 f15:befea63f f14:3f7fffff
14419527ns          259694 1c008810 00008067 jalr             x0, x1, 0            x1:1c0081de
14419587ns          259697 1c0081de 016a7a53 fadd.s           f20, f20, f22       f20=xxxxxxxx f20:3fe94c3c f22:3eaaa273
14419607ns          259698 1c0081e2 10acf553 fmul.s           f10, f25, f10       f10=xxxxxxxx f25:3f800000 f10:3f77eca9
14419627ns          259699 1c0081e6 a14a97d3 flt.s            x15, f21, f20       x15=00000000 f21:40c90fdb f20:4009fa6c
14419646ns          259700 1c0081ea 00a4222b p.sw             x10, 4(x8!)          x8=100017b0 x10:3f77eca9  x8:100017ac  PA:100017ac
14419666ns          259701 1c0081ee 00078363 beq              x15, x0, 6          x15:00000000
14419726ns          259704 1c0081f4 ff7412e3 bne              x8, x23, -28         x8:100017b0 x23:100017c8
14419786ns          259707 1c0081d8 094c7553 fsub.s           f10, f24, f20       f10=xxxxxxxx f24:3fc90fdb f20:4009fa6c
14419806ns          259708 1c0081dc 57c000ef jal              x1, 1404             x1=1c0081de
14419845ns          259710 1c008758 a0a527d3 feq.s            x15, f10, f10       x15=00000001 f10:bf15c9fa f10:bf15c9fa
14419865ns          259711 1c00875c 0a078b63 beq              x15, x0, 182        x15:00000001
14419885ns          259712 1c00875e e00517d3 fclass.s         x15, f10            x15=00000002 f10:bf15c9fa
14419905ns          259713 1c008762 0817f793 andi             x15, x15, 129       x15=00000000 x15:00000002
14419925ns          259714 1c008766 0a079663 bne              x15, x0, 172        x15:00000000
14419945ns          259715 1c008768 00000793 addi             x15, x0, 0          x15=00000000
14419965ns          259716 1c00876c a0f517d3 flt.s            x15, f10, f15       x15=00000001 f10:bf15c9fa f15:00000000
14419985ns          259717 1c008770 0a079663 bne              x15, x0, 172        x15:00000001
14420044ns          259720 1c00881c 1c0007b7 lui              x15, 0x1c000000     x15=1c000000
14420064ns          259721 1c008820 12c7a783 lw               x15, 300(x15)       x15=c0c90fdb x15:1c000000  PA:1c00012c
14420382ns          259737 1c008824 a0f517d3 flt.s            x15, f10, f15       x15=00000000 f10:bf15c9fa f15:c0c90fdb
14420402ns          259738 1c008828 00078463 beq              x15, x0, 8          x15:00000000
14420462ns          259741 1c008830 20a51553 fsgnjn.s         f10, f10, f10       f10=xxxxxxxx f10:bf15c9fa f10:bf15c9fa
14420482ns          259742 1c008834 f6bff06f jal              x0, -150           
14420542ns          259745 1c00879e 1c0007b7 lui              x15, 0x1c000000     x15=1c000000
14420561ns          259746 1c0087a2 01c7a783 lw               x15, 28(x15)        x15=3fc90fdb x15:1c000000  PA:1c00001c
14420880ns          259762 1c0087a6 a0f517d3 flt.s            x15, f10, f15       x15=00000001 f10:3f15c9fa f15:3fc90fdb
14420900ns          259763 1c0087aa 02079563 bne              x15, x0, 42         x15:00000001
14420959ns          259766 1c0087d4 10a57553 fmul.s           f10, f10, f10       f10=xxxxxxxx f10:3f15c9fa f10:3f15c9fa
14420979ns          259767 1c0087d8 1c0007b7 lui              x15, 0x1c000000     x15=1c000000
14420999ns          259768 1c0087dc 1c000737 lui              x14, 0x1c000000     x14=1c000000
14421019ns          259769 1c0087e0 13472703 lw               x14, 308(x14)       x14=bab59551 x14:1c000000  PA:1c000134
14421337ns          259785 1c0087e4 1307a783 lw               x15, 304(x15)       x15=37c23ab1 x15:1c000000  PA:1c000130
14421675ns          259802 1c0087e8 70f577c3 fmadd.s          f15, f10, f15, f14  f15=xxxxxxxx f10:3eaf4979 f15:37c23ab1 f14:bab59551
14421695ns          259803 1c0087ec 1c000737 lui              x14, 0x1c000000     x14=1c000000
14421715ns          259804 1c0087f0 13872703 lw               x14, 312(x14)       x14=3d2aa76f x14:1c000000  PA:1c000138
14422033ns          259820 1c0087f4 70f577c3 fmadd.s          f15, f10, f15, f14  f15=xxxxxxxx f10:3eaf4979 f15:bab48b55 f14:3d2aa76f
14422053ns          259821 1c0087f8 1c000737 lui              x14, 0x1c000000     x14=1c000000
14422073ns          259822 1c0087fc 13c72703 lw               x14, 316(x14)       x14=beffffe0 x14:1c000000  PA:1c00013c
14422411ns          259839 1c008800 70f577c3 fmadd.s          f15, f10, f15, f14  f15=xxxxxxxx f10:3eaf4979 f15:3d28b8f3 f14:beffffe0
14422431ns          259840 1c008804 1c000737 lui              x14, 0x1c000000     x14=1c000000
14422451ns          259841 1c008808 16872703 lw               x14, 360(x14)       x14=3f7fffff x14:1c000000  PA:1c000168
14422769ns          259857 1c00880c 70f57543 fmadd.s          f10, f10, f15, f14  f10=xxxxxxxx f10:3eaf4979 f15:bef8c772 f14:3f7fffff
14422789ns          259858 1c008810 00008067 jalr             x0, x1, 0            x1:1c0081de
14422849ns          259861 1c0081de 016a7a53 fadd.s           f20, f20, f22       f20=xxxxxxxx f20:4009fa6c f22:3eaaa273
14422869ns          259862 1c0081e2 10acf553 fmul.s           f10, f25, f10       f10=xxxxxxxx f25:3f800000 f10:3f556a10
14422889ns          259863 1c0081e6 a14a97d3 flt.s            x15, f21, f20       x15=00000000 f21:40c90fdb f20:401f4eba
14422909ns          259864 1c0081ea 00a4222b p.sw             x10, 4(x8!)          x8=100017b4 x10:3f556a10  x8:100017b0  PA:100017b0
14422928ns          259865 1c0081ee 00078363 beq              x15, x0, 6          x15:00000000
14422988ns          259868 1c0081f4 ff7412e3 bne              x8, x23, -28         x8:100017b4 x23:100017c8
14423048ns          259871 1c0081d8 094c7553 fsub.s           f10, f24, f20       f10=xxxxxxxx f24:3fc90fdb f20:401f4eba
14423068ns          259872 1c0081dc 57c000ef jal              x1, 1404             x1=1c0081de
14423107ns          259874 1c008758 a0a527d3 feq.s            x15, f10, f10       x15=00000001 f10:bf6b1b32 f10:bf6b1b32
14423127ns          259875 1c00875c 0a078b63 beq              x15, x0, 182        x15:00000001
14423147ns          259876 1c00875e e00517d3 fclass.s         x15, f10            x15=00000002 f10:bf6b1b32
14423167ns          259877 1c008762 0817f793 andi             x15, x15, 129       x15=00000000 x15:00000002
14423187ns          259878 1c008766 0a079663 bne              x15, x0, 172        x15:00000000
14423207ns          259879 1c008768 00000793 addi             x15, x0, 0          x15=00000000
14423227ns          259880 1c00876c a0f517d3 flt.s            x15, f10, f15       x15=00000001 f10:bf6b1b32 f15:00000000
14423247ns          259881 1c008770 0a079663 bne              x15, x0, 172        x15:00000001
14423306ns          259884 1c00881c 1c0007b7 lui              x15, 0x1c000000     x15=1c000000
14423326ns          259885 1c008820 12c7a783 lw               x15, 300(x15)       x15=c0c90fdb x15:1c000000  PA:1c00012c
14423664ns          259902 1c008824 a0f517d3 flt.s            x15, f10, f15       x15=00000000 f10:bf6b1b32 f15:c0c90fdb
14423684ns          259903 1c008828 00078463 beq              x15, x0, 8          x15:00000000
14423744ns          259906 1c008830 20a51553 fsgnjn.s         f10, f10, f10       f10=xxxxxxxx f10:bf6b1b32 f10:bf6b1b32
14423764ns          259907 1c008834 f6bff06f jal              x0, -150           
14423824ns          259910 1c00879e 1c0007b7 lui              x15, 0x1c000000     x15=1c000000
14423843ns          259911 1c0087a2 01c7a783 lw               x15, 28(x15)        x15=3fc90fdb x15:1c000000  PA:1c00001c
14424182ns          259928 1c0087a6 a0f517d3 flt.s            x15, f10, f15       x15=00000001 f10:3f6b1b32 f15:3fc90fdb
14424201ns          259929 1c0087aa 02079563 bne              x15, x0, 42         x15:00000001
14424261ns          259932 1c0087d4 10a57553 fmul.s           f10, f10, f10       f10=xxxxxxxx f10:3f6b1b32 f10:3f6b1b32
14424281ns          259933 1c0087d8 1c0007b7 lui              x15, 0x1c000000     x15=1c000000
14424301ns          259934 1c0087dc 1c000737 lui              x14, 0x1c000000     x14=1c000000
14424321ns          259935 1c0087e0 13472703 lw               x14, 308(x14)       x14=bab59551 x14:1c000000  PA:1c000134
14424619ns          259950 1c0087e4 1307a783 lw               x15, 304(x15)       x15=37c23ab1 x15:1c000000  PA:1c000130
14424957ns          259967 1c0087e8 70f577c3 fmadd.s          f15, f10, f15, f14  f15=xxxxxxxx f10:3f57eaf1 f15:37c23ab1 f14:bab59551
14424977ns          259968 1c0087ec 1c000737 lui              x14, 0x1c000000     x14=1c000000
14424997ns          259969 1c0087f0 13872703 lw               x14, 312(x14)       x14=3d2aa76f x14:1c000000  PA:1c000138
14425315ns          259985 1c0087f4 70f577c3 fmadd.s          f15, f10, f15, f14  f15=xxxxxxxx f10:3f57eaf1 f15:bab3060b f14:3d2aa76f
14425335ns          259986 1c0087f8 1c000737 lui              x14, 0x1c000000     x14=1c000000
14425355ns          259987 1c0087fc 13c72703 lw               x14, 316(x14)       x14=beffffe0 x14:1c000000  PA:1c00013c
14425673ns          260003 1c008800 70f577c3 fmadd.s          f15, f10, f15, f14  f15=xxxxxxxx f10:3f57eaf1 f15:3d25ef7c f14:beffffe0
14425693ns          260004 1c008804 1c000737 lui              x14, 0x1c000000     x14=1c000000
14425713ns          260005 1c008808 16872703 lw               x14, 360(x14)       x14=3f7fffff x14:1c000000  PA:1c000168
14426031ns          260021 1c00880c 70f57543 fmadd.s          f10, f10, f15, f14  f10=xxxxxxxx f10:3f57eaf1 f15:beee8153 f14:3f7fffff
14426051ns          260022 1c008810 00008067 jalr             x0, x1, 0            x1:1c0081de
14426111ns          260025 1c0081de 016a7a53 fadd.s           f20, f20, f22       f20=xxxxxxxx f20:401f4eba f22:3eaaa273
14426131ns          260026 1c0081e2 10acf553 fmul.s           f10, f25, f10       f10=xxxxxxxx f25:3f800000 f10:3f1b6b3f
14426151ns          260027 1c0081e6 a14a97d3 flt.s            x15, f21, f20       x15=00000000 f21:40c90fdb f20:4034a308
14426171ns          260028 1c0081ea 00a4222b p.sw             x10, 4(x8!)          x8=100017b8 x10:3f1b6b3f  x8:100017b4  PA:100017b4
14426191ns          260029 1c0081ee 00078363 beq              x15, x0, 6          x15:00000000
14426250ns          260032 1c0081f4 ff7412e3 bne              x8, x23, -28         x8:100017b8 x23:100017c8
14426310ns          260035 1c0081d8 094c7553 fsub.s           f10, f24, f20       f10=xxxxxxxx f24:3fc90fdb f20:4034a308
14426330ns          260036 1c0081dc 57c000ef jal              x1, 1404             x1=1c0081de
14426370ns          260038 1c008758 a0a527d3 feq.s            x15, f10, f10       x15=00000001 f10:bfa03635 f10:bfa03635
14426389ns          260039 1c00875c 0a078b63 beq              x15, x0, 182        x15:00000001
14426409ns          260040 1c00875e e00517d3 fclass.s         x15, f10            x15=00000002 f10:bfa03635
14426429ns          260041 1c008762 0817f793 andi             x15, x15, 129       x15=00000000 x15:00000002
14426449ns          260042 1c008766 0a079663 bne              x15, x0, 172        x15:00000000
14426469ns          260043 1c008768 00000793 addi             x15, x0, 0          x15=00000000
14426489ns          260044 1c00876c a0f517d3 flt.s            x15, f10, f15       x15=00000001 f10:bfa03635 f15:00000000
14426509ns          260045 1c008770 0a079663 bne              x15, x0, 172        x15:00000001
14426568ns          260048 1c00881c 1c0007b7 lui              x15, 0x1c000000     x15=1c000000
14426588ns          260049 1c008820 12c7a783 lw               x15, 300(x15)       x15=c0c90fdb x15:1c000000  PA:1c00012c
14426907ns          260065 1c008824 a0f517d3 flt.s            x15, f10, f15       x15=00000000 f10:bfa03635 f15:c0c90fdb
14426926ns          260066 1c008828 00078463 beq              x15, x0, 8          x15:00000000
14426986ns          260069 1c008830 20a51553 fsgnjn.s         f10, f10, f10       f10=xxxxxxxx f10:bfa03635 f10:bfa03635
14427006ns          260070 1c008834 f6bff06f jal              x0, -150           
14427066ns          260073 1c00879e 1c0007b7 lui              x15, 0x1c000000     x15=1c000000
14427086ns          260074 1c0087a2 01c7a783 lw               x15, 28(x15)        x15=3fc90fdb x15:1c000000  PA:1c00001c
14427404ns          260090 1c0087a6 a0f517d3 flt.s            x15, f10, f15       x15=00000001 f10:3fa03635 f15:3fc90fdb
14427424ns          260091 1c0087aa 02079563 bne              x15, x0, 42         x15:00000001
14427483ns          260094 1c0087d4 10a57553 fmul.s           f10, f10, f10       f10=xxxxxxxx f10:3fa03635 f10:3fa03635
14427503ns          260095 1c0087d8 1c0007b7 lui              x15, 0x1c000000     x15=1c000000
14427523ns          260096 1c0087dc 1c000737 lui              x14, 0x1c000000     x14=1c000000
14427543ns          260097 1c0087e0 13472703 lw               x14, 308(x14)       x14=bab59551 x14:1c000000  PA:1c000134
14427841ns          260112 1c0087e4 1307a783 lw               x15, 304(x15)       x15=37c23ab1 x15:1c000000  PA:1c000130
14428160ns          260128 1c0087e8 70f577c3 fmadd.s          f15, f10, f15, f14  f15=xxxxxxxx f10:3fc8879b f15:37c23ab1 f14:bab59551
14428180ns          260129 1c0087ec 1c000737 lui              x14, 0x1c000000     x14=1c000000
14428199ns          260130 1c0087f0 13872703 lw               x14, 312(x14)       x14=3d2aa76f x14:1c000000  PA:1c000138
14428518ns          260146 1c0087f4 70f577c3 fmadd.s          f15, f10, f15, f14  f15=xxxxxxxx f10:3fc8879b f15:bab0d42b f14:3d2aa76f
14428538ns          260147 1c0087f8 1c000737 lui              x14, 0x1c000000     x14=1c000000
14428558ns          260148 1c0087fc 13c72703 lw               x14, 316(x14)       x14=beffffe0 x14:1c000000  PA:1c00013c
14428876ns          260164 1c008800 70f577c3 fmadd.s          f15, f10, f15, f14  f15=xxxxxxxx f10:3fc8879b f15:3d21ff38 f14:beffffe0
14428896ns          260165 1c008804 1c000737 lui              x14, 0x1c000000     x14=1c000000
14428916ns          260166 1c008808 16872703 lw               x14, 360(x14)       x14=3f7fffff x14:1c000000  PA:1c000168
14429234ns          260182 1c00880c 70f57543 fmadd.s          f10, f10, f15, f14  f10=xxxxxxxx f10:3fc8879b f15:bee04693 f14:3f7fffff
14429254ns          260183 1c008810 00008067 jalr             x0, x1, 0            x1:1c0081de
14429313ns          260186 1c0081de 016a7a53 fadd.s           f20, f20, f22       f20=xxxxxxxx f20:4034a308 f22:3eaaa273
14429333ns          260187 1c0081e2 10acf553 fmul.s           f10, f25, f10       f10=xxxxxxxx f25:3f800000 f10:3ea0a41e
14429353ns          260188 1c0081e6 a14a97d3 flt.s            x15, f21, f20       x15=00000000 f21:40c90fdb f20:4049f756
14429373ns          260189 1c0081ea 00a4222b p.sw             x10, 4(x8!)          x8=100017bc x10:3ea0a41e  x8:100017b8  PA:100017b8
14429393ns          260190 1c0081ee 00078363 beq              x15, x0, 6          x15:00000000
14429453ns          260193 1c0081f4 ff7412e3 bne              x8, x23, -28         x8:100017bc x23:100017c8
14429512ns          260196 1c0081d8 094c7553 fsub.s           f10, f24, f20       f10=xxxxxxxx f24:3fc90fdb f20:4049f756
14429532ns          260197 1c0081dc 57c000ef jal              x1, 1404             x1=1c0081de
14429572ns          260199 1c008758 a0a527d3 feq.s            x15, f10, f10       x15=00000001 f10:bfcaded1 f10:bfcaded1
14429592ns          260200 1c00875c 0a078b63 beq              x15, x0, 182        x15:00000001
14429612ns          260201 1c00875e e00517d3 fclass.s         x15, f10            x15=00000002 f10:bfcaded1
14429632ns          260202 1c008762 0817f793 andi             x15, x15, 129       x15=00000000 x15:00000002
14429652ns          260203 1c008766 0a079663 bne              x15, x0, 172        x15:00000000
14429671ns          260204 1c008768 00000793 addi             x15, x0, 0          x15=00000000
14429691ns          260205 1c00876c a0f517d3 flt.s            x15, f10, f15       x15=00000001 f10:bfcaded1 f15:00000000
14429711ns          260206 1c008770 0a079663 bne              x15, x0, 172        x15:00000001
14429771ns          260209 1c00881c 1c0007b7 lui              x15, 0x1c000000     x15=1c000000
14429791ns          260210 1c008820 12c7a783 lw               x15, 300(x15)       x15=c0c90fdb x15:1c000000  PA:1c00012c
14430109ns          260226 1c008824 a0f517d3 flt.s            x15, f10, f15       x15=00000000 f10:bfcaded1 f15:c0c90fdb
14430129ns          260227 1c008828 00078463 beq              x15, x0, 8          x15:00000000
14430189ns          260230 1c008830 20a51553 fsgnjn.s         f10, f10, f10       f10=xxxxxxxx f10:bfcaded1 f10:bfcaded1
14430208ns          260231 1c008834 f6bff06f jal              x0, -150           
14430268ns          260234 1c00879e 1c0007b7 lui              x15, 0x1c000000     x15=1c000000
14430288ns          260235 1c0087a2 01c7a783 lw               x15, 28(x15)        x15=3fc90fdb x15:1c000000  PA:1c00001c
14430606ns          260251 1c0087a6 a0f517d3 flt.s            x15, f10, f15       x15=00000000 f10:3fcaded1 f15:3fc90fdb
14430626ns          260252 1c0087aa 02079563 bne              x15, x0, 42         x15:00000000
14430646ns          260253 1c0087ac 1c0007b7 lui              x15, 0x1c000000     x15=1c000000
14430666ns          260254 1c0087b0 1007a783 lw               x15, 256(x15)       x15=40490fdb x15:1c000000  PA:1c000100
14430984ns          260270 1c0087b4 a0f51753 flt.s            x14, f10, f15       x14=00000001 f10:3fcaded1 f15:40490fdb
14431004ns          260271 1c0087b8 06071f63 bne              x14, x0, 126        x14:00000001
14431084ns          260275 1c008836 08a7f553 fsub.s           f10, f15, f10       f10=xxxxxxxx f15:40490fdb f10:3fcaded1
14431104ns          260276 1c00883a 10a57553 fmul.s           f10, f10, f10       f10=xxxxxxxx f10:3fc740e5 f10:3fc740e5
14431123ns          260277 1c00883e 1c0007b7 lui              x15, 0x1c000000     x15=1c000000
14431143ns          260278 1c008842 1c000737 lui              x14, 0x1c000000     x14=1c000000
14431163ns          260279 1c008846 13472703 lw               x14, 308(x14)       x14=bab59551 x14:1c000000  PA:1c000134
14431462ns          260294 1c00884a 1307a783 lw               x15, 304(x15)       x15=37c23ab1 x15:1c000000  PA:1c000130
14431780ns          260310 1c00884e 70f577c3 fmadd.s          f15, f10, f15, f14  f15=xxxxxxxx f10:401b15f4 f15:37c23ab1 f14:bab59551
14431800ns          260311 1c008852 1c000737 lui              x14, 0x1c000000     x14=1c000000
14431820ns          260312 1c008856 13872703 lw               x14, 312(x14)       x14=3d2aa76f x14:1c000000  PA:1c000138
14432178ns          260330 1c00885a 70f577c3 fmadd.s          f15, f10, f15, f14  f15=xxxxxxxx f10:401b15f4 f15:baae3aae f14:3d2aa76f
14432198ns          260331 1c00885e 1c000737 lui              x14, 0x1c000000     x14=1c000000
14432217ns          260332 1c008862 13c72703 lw               x14, 316(x14)       x14=beffffe0 x14:1c000000  PA:1c00013c
14432536ns          260348 1c008866 70f577c3 fmadd.s          f15, f10, f15, f14  f15=xxxxxxxx f10:401b15f4 f15:3d1d75e0 f14:beffffe0
14432556ns          260349 1c00886a 1c000737 lui              x14, 0x1c000000     x14=1c000000
14432575ns          260350 1c00886e 16872703 lw               x14, 360(x14)       x14=3f7fffff x14:1c000000  PA:1c000168
14432894ns          260366 1c008872 70f57543 fmadd.s          f10, f10, f15, f14  f10=xxxxxxxx f10:401b15f4 f15:bed04df0 f14:3f7fffff
14432914ns          260367 1c008876 20a51553 fsgnjn.s         f10, f10, f10       f10=xxxxxxxx f10:3c677921 f10:3c677921
14432933ns          260368 1c00887a 00008067 jalr             x0, x1, 0            x1:1c0081de
14432993ns          260371 1c0081de 016a7a53 fadd.s           f20, f20, f22       f20=xxxxxxxx f20:4049f756 f22:3eaaa273
14433013ns          260372 1c0081e2 10acf553 fmul.s           f10, f25, f10       f10=xxxxxxxx f25:3f800000 f10:bc677921
14433033ns          260373 1c0081e6 a14a97d3 flt.s            x15, f21, f20       x15=00000000 f21:40c90fdb f20:405f4ba4
14433053ns          260374 1c0081ea 00a4222b p.sw             x10, 4(x8!)          x8=100017c0 x10:bc677921  x8:100017bc  PA:100017bc
14433073ns          260375 1c0081ee 00078363 beq              x15, x0, 6          x15:00000000
14433132ns          260378 1c0081f4 ff7412e3 bne              x8, x23, -28         x8:100017c0 x23:100017c8
14433192ns          260381 1c0081d8 094c7553 fsub.s           f10, f24, f20       f10=xxxxxxxx f24:3fc90fdb f20:405f4ba4
14433212ns          260382 1c0081dc 57c000ef jal              x1, 1404             x1=1c0081de
14433252ns          260384 1c008758 a0a527d3 feq.s            x15, f10, f10       x15=00000001 f10:bff5876d f10:bff5876d
14433272ns          260385 1c00875c 0a078b63 beq              x15, x0, 182        x15:00000001
14433292ns          260386 1c00875e e00517d3 fclass.s         x15, f10            x15=00000002 f10:bff5876d
14433311ns          260387 1c008762 0817f793 andi             x15, x15, 129       x15=00000000 x15:00000002
14433331ns          260388 1c008766 0a079663 bne              x15, x0, 172        x15:00000000
14433351ns          260389 1c008768 00000793 addi             x15, x0, 0          x15=00000000
14433371ns          260390 1c00876c a0f517d3 flt.s            x15, f10, f15       x15=00000001 f10:bff5876d f15:00000000
14433391ns          260391 1c008770 0a079663 bne              x15, x0, 172        x15:00000001
14433451ns          260394 1c00881c 1c0007b7 lui              x15, 0x1c000000     x15=1c000000
14433471ns          260395 1c008820 12c7a783 lw               x15, 300(x15)       x15=c0c90fdb x15:1c000000  PA:1c00012c
14433789ns          260411 1c008824 a0f517d3 flt.s            x15, f10, f15       x15=00000000 f10:bff5876d f15:c0c90fdb
14433809ns          260412 1c008828 00078463 beq              x15, x0, 8          x15:00000000
14433868ns          260415 1c008830 20a51553 fsgnjn.s         f10, f10, f10       f10=xxxxxxxx f10:bff5876d f10:bff5876d
14433888ns          260416 1c008834 f6bff06f jal              x0, -150           
14433948ns          260419 1c00879e 1c0007b7 lui              x15, 0x1c000000     x15=1c000000
14433968ns          260420 1c0087a2 01c7a783 lw               x15, 28(x15)        x15=3fc90fdb x15:1c000000  PA:1c00001c
14434346ns          260439 1c0087a6 a0f517d3 flt.s            x15, f10, f15       x15=00000000 f10:3ff5876d f15:3fc90fdb
14434366ns          260440 1c0087aa 02079563 bne              x15, x0, 42         x15:00000000
14434386ns          260441 1c0087ac 1c0007b7 lui              x15, 0x1c000000     x15=1c000000
14434405ns          260442 1c0087b0 1007a783 lw               x15, 256(x15)       x15=40490fdb x15:1c000000  PA:1c000100
14434724ns          260458 1c0087b4 a0f51753 flt.s            x14, f10, f15       x14=00000001 f10:3ff5876d f15:40490fdb
14434744ns          260459 1c0087b8 06071f63 bne              x14, x0, 126        x14:00000001
14434823ns          260463 1c008836 08a7f553 fsub.s           f10, f15, f10       f10=xxxxxxxx f15:40490fdb f10:3ff5876d
14434843ns          260464 1c00883a 10a57553 fmul.s           f10, f10, f10       f10=xxxxxxxx f10:3f9c9849 f10:3f9c9849
14434863ns          260465 1c00883e 1c0007b7 lui              x15, 0x1c000000     x15=1c000000
14434883ns          260466 1c008842 1c000737 lui              x14, 0x1c000000     x14=1c000000
14434903ns          260467 1c008846 13472703 lw               x14, 308(x14)       x14=bab59551 x14:1c000000  PA:1c000134
14435201ns          260482 1c00884a 1307a783 lw               x15, 304(x15)       x15=37c23ab1 x15:1c000000  PA:1c000130
14435519ns          260498 1c00884e 70f577c3 fmadd.s          f15, f10, f15, f14  f15=xxxxxxxx f10:3fbf93e7 f15:37c23ab1 f14:bab59551
14435539ns          260499 1c008852 1c000737 lui              x14, 0x1c000000     x14=1c000000
14435559ns          260500 1c008856 13872703 lw               x14, 312(x14)       x14=3d2aa76f x14:1c000000  PA:1c000138
14435877ns          260516 1c00885a 70f577c3 fmadd.s          f15, f10, f15, f14  f15=xxxxxxxx f10:3fbf93e7 f15:bab10a81 f14:3d2aa76f
14435897ns          260517 1c00885e 1c000737 lui              x14, 0x1c000000     x14=1c000000
14435917ns          260518 1c008862 13c72703 lw               x14, 316(x14)       x14=beffffe0 x14:1c000000  PA:1c00013c
14436235ns          260534 1c008866 70f577c3 fmadd.s          f15, f10, f15, f14  f15=xxxxxxxx f10:3fbf93e7 f15:3d225f9d f14:beffffe0
14436255ns          260535 1c00886a 1c000737 lui              x14, 0x1c000000     x14=1c000000
14436275ns          260536 1c00886e 16872703 lw               x14, 360(x14)       x14=3f7fffff x14:1c000000  PA:1c000168
14436593ns          260552 1c008872 70f57543 fmadd.s          f10, f10, f15, f14  f10=xxxxxxxx f10:3fbf93e7 f15:bee19f17 f14:3f7fffff
14436613ns          260553 1c008876 20a51553 fsgnjn.s         f10, f10, f10       f10=xxxxxxxx f10:3eae4fe6 f10:3eae4fe6
14436633ns          260554 1c00887a 00008067 jalr             x0, x1, 0            x1:1c0081de
14436693ns          260557 1c0081de 016a7a53 fadd.s           f20, f20, f22       f20=xxxxxxxx f20:405f4ba4 f22:3eaaa273
14436713ns          260558 1c0081e2 10acf553 fmul.s           f10, f25, f10       f10=xxxxxxxx f25:3f800000 f10:beae4fe6
14436733ns          260559 1c0081e6 a14a97d3 flt.s            x15, f21, f20       x15=00000000 f21:40c90fdb f20:40749ff2
14436753ns          260560 1c0081ea 00a4222b p.sw             x10, 4(x8!)          x8=100017c4 x10:beae4fe6  x8:100017c0  PA:100017c0
14436772ns          260561 1c0081ee 00078363 beq              x15, x0, 6          x15:00000000
14436832ns          260564 1c0081f4 ff7412e3 bne              x8, x23, -28         x8:100017c4 x23:100017c8
14436892ns          260567 1c0081d8 094c7553 fsub.s           f10, f24, f20       f10=xxxxxxxx f24:3fc90fdb f20:40749ff2
14436912ns          260568 1c0081dc 57c000ef jal              x1, 1404             x1=1c0081de
14436951ns          260570 1c008758 a0a527d3 feq.s            x15, f10, f10       x15=00000001 f10:c0101804 f10:c0101804
14436971ns          260571 1c00875c 0a078b63 beq              x15, x0, 182        x15:00000001
14436991ns          260572 1c00875e e00517d3 fclass.s         x15, f10            x15=00000002 f10:c0101804
14437011ns          260573 1c008762 0817f793 andi             x15, x15, 129       x15=00000000 x15:00000002
14437031ns          260574 1c008766 0a079663 bne              x15, x0, 172        x15:00000000
14437051ns          260575 1c008768 00000793 addi             x15, x0, 0          x15=00000000
14437071ns          260576 1c00876c a0f517d3 flt.s            x15, f10, f15       x15=00000001 f10:c0101804 f15:00000000
14437091ns          260577 1c008770 0a079663 bne              x15, x0, 172        x15:00000001
14437150ns          260580 1c00881c 1c0007b7 lui              x15, 0x1c000000     x15=1c000000
14437170ns          260581 1c008820 12c7a783 lw               x15, 300(x15)       x15=c0c90fdb x15:1c000000  PA:1c00012c
14437488ns          260597 1c008824 a0f517d3 flt.s            x15, f10, f15       x15=00000000 f10:c0101804 f15:c0c90fdb
14437508ns          260598 1c008828 00078463 beq              x15, x0, 8          x15:00000000
14437568ns          260601 1c008830 20a51553 fsgnjn.s         f10, f10, f10       f10=xxxxxxxx f10:c0101804 f10:c0101804
14437588ns          260602 1c008834 f6bff06f jal              x0, -150           
14437648ns          260605 1c00879e 1c0007b7 lui              x15, 0x1c000000     x15=1c000000
14437667ns          260606 1c0087a2 01c7a783 lw               x15, 28(x15)        x15=3fc90fdb x15:1c000000  PA:1c00001c
14438006ns          260623 1c0087a6 a0f517d3 flt.s            x15, f10, f15       x15=00000000 f10:40101804 f15:3fc90fdb
14438026ns          260624 1c0087aa 02079563 bne              x15, x0, 42         x15:00000000
14438045ns          260625 1c0087ac 1c0007b7 lui              x15, 0x1c000000     x15=1c000000
14438065ns          260626 1c0087b0 1007a783 lw               x15, 256(x15)       x15=40490fdb x15:1c000000  PA:1c000100
14438483ns          260647 1c0087b4 a0f51753 flt.s            x14, f10, f15       x14=00000001 f10:40101804 f15:40490fdb
14438503ns          260648 1c0087b8 06071f63 bne              x14, x0, 126        x14:00000001
14438582ns          260652 1c008836 08a7f553 fsub.s           f10, f15, f10       f10=xxxxxxxx f15:40490fdb f10:40101804
14438602ns          260653 1c00883a 10a57553 fmul.s           f10, f10, f10       f10=xxxxxxxx f10:3f63df5c f10:3f63df5c
14438622ns          260654 1c00883e 1c0007b7 lui              x15, 0x1c000000     x15=1c000000
14438642ns          260655 1c008842 1c000737 lui              x14, 0x1c000000     x14=1c000000
14438662ns          260656 1c008846 13472703 lw               x14, 308(x14)       x14=bab59551 x14:1c000000  PA:1c000134
14438960ns          260671 1c00884a 1307a783 lw               x15, 304(x15)       x15=37c23ab1 x15:1c000000  PA:1c000130
14439279ns          260687 1c00884e 70f577c3 fmadd.s          f15, f10, f15, f14  f15=xxxxxxxx f10:3f4ad5e0 f15:37c23ab1 f14:bab59551
14439299ns          260688 1c008852 1c000737 lui              x14, 0x1c000000     x14=1c000000
14439318ns          260689 1c008856 13872703 lw               x14, 312(x14)       x14=3d2aa76f x14:1c000000  PA:1c000138
14439657ns          260706 1c00885a 70f577c3 fmadd.s          f15, f10, f15, f14  f15=xxxxxxxx f10:3f4ad5e0 f15:bab32dbf f14:3d2aa76f
14439676ns          260707 1c00885e 1c000737 lui              x14, 0x1c000000     x14=1c000000
14439696ns          260708 1c008862 13c72703 lw               x14, 316(x14)       x14=beffffe0 x14:1c000000  PA:1c00013c
14440015ns          260724 1c008866 70f577c3 fmadd.s          f15, f10, f15, f14  f15=xxxxxxxx f10:3f4ad5e0 f15:3d2637b1 f14:beffffe0
14440034ns          260725 1c00886a 1c000737 lui              x14, 0x1c000000     x14=1c000000
14440054ns          260726 1c00886e 16872703 lw               x14, 360(x14)       x14=3f7fffff x14:1c000000  PA:1c000168
14440393ns          260743 1c008872 70f57543 fmadd.s          f10, f10, f15, f14  f10=xxxxxxxx f10:3f4ad5e0 f15:beef8986 f14:3f7fffff
14440412ns          260744 1c008876 20a51553 fsgnjn.s         f10, f10, f10       f10=xxxxxxxx f10:3f211aae f10:3f211aae
14440432ns          260745 1c00887a 00008067 jalr             x0, x1, 0            x1:1c0081de
14440492ns          260748 1c0081de 016a7a53 fadd.s           f20, f20, f22       f20=xxxxxxxx f20:40749ff2 f22:3eaaa273
14440512ns          260749 1c0081e2 10acf553 fmul.s           f10, f25, f10       f10=xxxxxxxx f25:3f800000 f10:bf211aae
14440532ns          260750 1c0081e6 a14a97d3 flt.s            x15, f21, f20       x15=00000000 f21:40c90fdb f20:4084fa20
14440552ns          260751 1c0081ea 00a4222b p.sw             x10, 4(x8!)          x8=100017c8 x10:bf211aae  x8:100017c4  PA:100017c4
14440572ns          260752 1c0081ee 00078363 beq              x15, x0, 6          x15:00000000
14440631ns          260755 1c0081f4 ff7412e3 bne              x8, x23, -28         x8:100017c8 x23:100017c8
14440651ns          260756 1c0081f8 014020ef jal              x1, 8212             x1=1c0081fc
14440731ns          260760 1c00a20c f14027f3 csrrs            x15, x0, 0xf14      x15=00000002
14440810ns          260764 1c00a210 01f00713 addi             x14, x0, 31         x14=0000001f
14440850ns          260766 1c00a212 ca5797b3 p.extractu       x15, x15, 5, 5      x15=00000000 x15:00000002
14440870ns          260767 1c00a216 00e78863 beq              x15, x14, 16        x15:00000000 x14:0000001f
14440890ns          260768 1c00a21a 002047b7 lui              x15, 0x204000       x15=00204000
14440949ns          260771 1c00a21e 20078793 addi             x15, x15, 512       x15=00204200 x15:00204000
14440989ns          260773 1c00a222 01c7e703 p.elw            x14, 28(x15)        x14=00010000 x15:00204200  PA:0020421c
14444351ns          260942 1c00a226 00008067 jalr             x0, x1, 0            x1:1c0081fc
14444391ns          260944 1c0081fc f14027f3 csrrs            x15, x0, 0xf14      x15=00000002
14444410ns          260945 1c008200 f457b7b3 p.bclr           x15, x15, 26, 5     x15=00000002 x15:00000002
14444430ns          260946 1c008204 26078563 beq              x15, x0, 618        x15:00000002
14444450ns          260947 1c008208 004020ef jal              x1, 8196             x1=1c00820c
14444490ns          260949 1c00a20c f14027f3 csrrs            x15, x0, 0xf14      x15=00000002
14444510ns          260950 1c00a210 01f00713 addi             x14, x0, 31         x14=0000001f
14444530ns          260951 1c00a212 ca5797b3 p.extractu       x15, x15, 5, 5      x15=00000000 x15:00000002
14444550ns          260952 1c00a216 00e78863 beq              x15, x14, 16        x15:00000000 x14:0000001f
14444570ns          260953 1c00a21a 002047b7 lui              x15, 0x204000       x15=00204000
14444589ns          260954 1c00a21e 20078793 addi             x15, x15, 512       x15=00204200 x15:00204000
14444609ns          260955 1c00a222 01c7e703 p.elw            x14, 28(x15)        x14=00010000 x15:00204200  PA:0020421c
15093156ns          293299 1c00a226 00008067 jalr             x0, x1, 0            x1:1c00820c
15093196ns          293301 1c00820c 00410613 addi             x12, x2, 4          x12=100014ac  x2:100014a8
15093778ns          293330 1c00820e 40c407b3 sub              x15, x8, x12        x15=0000031c  x8:100017c8 x12:100014ac
15093798ns          293331 1c008212 00012683 lw               x13, 0(x2)          x13=3ea77e4e  x2:100014a8  PA:100014a8
15093818ns          293332 1c008214 ffc78793 addi             x15, x15, -4        x15=00000318 x15:0000031c
15093838ns          293333 1c008216 0027d793 srli             x15, x15, 0x2       x15=000000c6 x15:00000318
15093858ns          293334 1c008218 00c00733 add              x14, x0, x12        x14=100014ac x12:100014ac
15093878ns          293335 1c00821a 00d00a33 add              x20, x0, x13        x20=3ea77e4e x13:3ea77e4e
15093898ns          293336 1c00821c 00178793 addi             x15, x15, 1         x15=000000c7 x15:000000c6
15094300ns          293356 1c00821e 0047c0fb lp.setup         0x1, x15, 0x4       x15:000000c7
15094340ns          293358 1c008222 0047258b p.lw             x11, 4(x14!)        x11=3f1e4705 x14=100014b0 x14:100014ac  PA:100014ac
15094380ns          293360 1c008226 00ba7a53 fadd.s           f20, f20, f11       f20=xxxxxxxx f20:3ea77e4e f11:3f1e4705
15094400ns          293361 1c008222 0047258b p.lw             x11, 4(x14!)        x11=3f5763fb x14=100014b4 x14:100014b0  PA:100014b0
15094440ns          293363 1c008226 00ba7a53 fadd.s           f20, f20, f11       f20=xxxxxxxx f20:3f72062c f11:3f5763fb
15094460ns          293364 1c008222 0047258b p.lw             x11, 4(x14!)        x11=3f78cd0d x14=100014b8 x14:100014b4  PA:100014b4
15094500ns          293366 1c008226 00ba7a53 fadd.s           f20, f20, f11       f20=xxxxxxxx f20:3fe4b514 f11:3f78cd0d
15094520ns          293367 1c008222 0047258b p.lw             x11, 4(x14!)        x11=3f7ed504 x14=100014bc x14:100014b8  PA:100014b8
15094561ns          293369 1c008226 00ba7a53 fadd.s           f20, f20, f11       f20=xxxxxxxx f20:40308dcd f11:3f7ed504
15094581ns          293370 1c008222 0047258b p.lw             x11, 4(x14!)        x11=3f68d1f9 x14=100014c0 x14:100014bc  PA:100014bc
15094621ns          293372 1c008226 00ba7a53 fadd.s           f20, f20, f11       f20=xxxxxxxx f20:4070430e f11:3f68d1f9
15094641ns          293373 1c008222 0047258b p.lw             x11, 4(x14!)        x11=3f393004 x14=100014c4 x14:100014c0  PA:100014c0
15094681ns          293375 1c008226 00ba7a53 fadd.s           f20, f20, f11       f20=xxxxxxxx f20:40953bc6 f11:3f393004
15094701ns          293376 1c008222 0047258b p.lw             x11, 4(x14!)        x11=3eea5a19 x14=100014c8 x14:100014c4  PA:100014c4
15094741ns          293378 1c008226 00ba7a53 fadd.s           f20, f20, f11       f20=xxxxxxxx f20:40ac61c6 f11:3eea5a19
15094761ns          293379 1c008222 0047258b p.lw             x11, 4(x14!)        x11=3e111438 x14=100014cc x14:100014c8  PA:100014c8
15094801ns          293381 1c008226 00ba7a53 fadd.s           f20, f20, f11       f20=xxxxxxxx f20:40bb0768 f11:3e111438
15094821ns          293382 1c008222 0047258b p.lw             x11, 4(x14!)        x11=be4282d3 x14=100014d0 x14:100014cc  PA:100014cc
15094861ns          293384 1c008226 00ba7a53 fadd.s           f20, f20, f11       f20=xxxxxxxx f20:40bf900a f11:be4282d3
15094882ns          293385 1c008222 0047258b p.lw             x11, 4(x14!)        x11=bf002c8f x14=100014d4 x14:100014d0  PA:100014d0
15094922ns          293387 1c008226 00ba7a53 fadd.s           f20, f20, f11       f20=xxxxxxxx f20:40b97bf3 f11:bf002c8f
15094942ns          293388 1c008222 0047258b p.lw             x11, 4(x14!)        x11=bf419d8d x14=100014d8 x14:100014d4  PA:100014d4
15094982ns          293390 1c008226 00ba7a53 fadd.s           f20, f20, f11       f20=xxxxxxxx f20:40a97661 f11:bf419d8d
15095002ns          293391 1c008222 0047258b p.lw             x11, 4(x14!)        x11=bf6dc019 x14=100014dc x14:100014d8  PA:100014d8
15095042ns          293393 1c008226 00ba7a53 fadd.s           f20, f20, f11       f20=xxxxxxxx f20:409142af f11:bf6dc019
15095062ns          293394 1c008222 0047258b p.lw             x11, 4(x14!)        x11=bf7fb8da x14=100014e0 x14:100014dc  PA:100014dc
15095102ns          293396 1c008226 00ba7a53 fadd.s           f20, f20, f11       f20=xxxxxxxx f20:40671558 f11:bf7fb8da
15095122ns          293397 1c008222 0047258b p.lw             x11, 4(x14!)        x11=bf758d87 x14=100014e4 x14:100014e0  PA:100014e0
15095162ns          293399 1c008226 00ba7a53 fadd.s           f20, f20, f11       f20=xxxxxxxx f20:40272722 f11:bf758d87
15095183ns          293400 1c008222 0047258b p.lw             x11, 4(x14!)        x11=bf505c9b x14=100014e8 x14:100014e4  PA:100014e4
15095223ns          293402 1c008226 00ba7a53 fadd.s           f20, f20, f11       f20=xxxxxxxx f20:3fd38780 f11:bf505c9b
15095243ns          293403 1c008222 0047258b p.lw             x11, 4(x14!)        x11=bf143dce x14=100014ec x14:100014e8  PA:100014e8
15095283ns          293405 1c008226 00ba7a53 fadd.s           f20, f20, f11       f20=xxxxxxxx f20:3f56b265 f11:bf143dce
15095303ns          293406 1c008222 0047258b p.lw             x11, 4(x14!)        x11=be8f9dab x14=100014f0 x14:100014ec  PA:100014ec
15095343ns          293408 1c008226 00ba7a53 fadd.s           f20, f20, f11       f20=xxxxxxxx f20:3e84e92e f11:be8f9dab
15095363ns          293409 1c008222 0047258b p.lw             x11, 4(x14!)        x11=3d48716f x14=100014f4 x14:100014f0  PA:100014f0
15095403ns          293411 1c008226 00ba7a53 fadd.s           f20, f20, f11       f20=xxxxxxxx f20:bcab47d0 f11:3d48716f
15095423ns          293412 1c008222 0047258b p.lw             x11, 4(x14!)        x11=3ebef830 x14=100014f8 x14:100014f4  PA:100014f4
15095463ns          293414 1c008226 00ba7a53 fadd.s           f20, f20, f11       f20=xxxxxxxx f20:3ce59b0e f11:3ebef830
15095484ns          293415 1c008222 0047258b p.lw             x11, 4(x14!)        x11=3f27ef23 x14=100014fc x14:100014f8  PA:100014f8
15095524ns          293417 1c008226 00ba7a53 fadd.s           f20, f20, f11       f20=xxxxxxxx f20:3ecd51e1 f11:3f27ef23
15095544ns          293418 1c008222 0047258b p.lw             x11, 4(x14!)        x11=3f5de73a x14=10001500 x14:100014fc  PA:100014fc
15095584ns          293420 1c008226 00ba7a53 fadd.s           f20, f20, f11       f20=xxxxxxxx f20:3f874c0a f11:3f5de73a
15095604ns          293421 1c008222 0047258b p.lw             x11, 4(x14!)        x11=3f7b73f4 x14=10001504 x14:10001500  PA:10001500
15095644ns          293423 1c008226 00ba7a53 fadd.s           f20, f20, f11       f20=xxxxxxxx f20:3ff63fa7 f11:3f7b73f4
15095664ns          293424 1c008222 0047258b p.lw             x11, 4(x14!)        x11=3f7d54dd x14=10001508 x14:10001504  PA:10001504
15095704ns          293426 1c008226 00ba7a53 fadd.s           f20, f20, f11       f20=xxxxxxxx f20:4039fcd0 f11:3f7d54dd
15095724ns          293427 1c008222 0047258b p.lw             x11, 4(x14!)        x11=3f63550b x14=1000150c x14:10001508  PA:10001508
15095764ns          293429 1c008226 00ba7a53 fadd.s           f20, f20, f11       f20=xxxxxxxx f20:40795207 f11:3f63550b
15095784ns          293430 1c008222 0047258b p.lw             x11, 4(x14!)        x11=3f3050eb x14=10001510 x14:1000150c  PA:1000150c
15095825ns          293432 1c008226 00ba7a53 fadd.s           f20, f20, f11       f20=xxxxxxxx f20:409913a5 f11:3f3050eb
15095845ns          293433 1c008222 0047258b p.lw             x11, 4(x14!)        x11=3ed3cb69 x14=10001514 x14:10001510  PA:10001510
15095885ns          293435 1c008226 00ba7a53 fadd.s           f20, f20, f11       f20=xxxxxxxx f20:40af1dc2 f11:3ed3cb69
15095905ns          293436 1c008222 0047258b p.lw             x11, 4(x14!)        x11=3dbe99a2 x14=10001518 x14:10001514  PA:10001514
15095945ns          293438 1c008226 00ba7a53 fadd.s           f20, f20, f11       f20=xxxxxxxx f20:40bc5a79 f11:3dbe99a2
15095965ns          293439 1c008222 0047258b p.lw             x11, 4(x14!)        x11=be7379ee x14=1000151c x14:10001518  PA:10001518
15096005ns          293441 1c008226 00ba7a53 fadd.s           f20, f20, f11       f20=xxxxxxxx f20:40bf54e0 f11:be7379ee
15096025ns          293442 1c008222 0047258b p.lw             x11, 4(x14!)        x11=bf0add62 x14=10001520 x14:1000151c  PA:1000151c
15096065ns          293444 1c008226 00ba7a53 fadd.s           f20, f20, f11       f20=xxxxxxxx f20:40b7b911 f11:bf0add62
15096085ns          293445 1c008222 0047258b p.lw             x11, 4(x14!)        x11=bf499445 x14=10001524 x14:10001520  PA:10001520
15096126ns          293447 1c008226 00ba7a53 fadd.s           f20, f20, f11       f20=xxxxxxxx f20:40a65d65 f11:bf499445
15096146ns          293448 1c008222 0047258b p.lw             x11, 4(x14!)        x11=bf721c5c x14=10001528 x14:10001524  PA:10001524
15096186ns          293450 1c008226 00ba7a53 fadd.s           f20, f20, f11       f20=xxxxxxxx f20:408d2adc f11:bf721c5c
15096206ns          293451 1c008222 0047258b p.lw             x11, 4(x14!)        x11=bf7fffd0 x14=1000152c x14:10001528  PA:10001528
15096246ns          293453 1c008226 00ba7a53 fadd.s           f20, f20, f11       f20=xxxxxxxx f20:405dcea1 f11:bf7fffd0
15096266ns          293454 1c008222 0047258b p.lw             x11, 4(x14!)        x11=bf71b763 x14=10001530 x14:1000152c  PA:1000152c
15096306ns          293456 1c008226 00ba7a53 fadd.s           f20, f20, f11       f20=xxxxxxxx f20:401dcead f11:bf71b763
15096326ns          293457 1c008222 0047258b p.lw             x11, 4(x14!)        x11=bf48d570 x14=10001534 x14:10001530  PA:10001530
15096366ns          293459 1c008226 00ba7a53 fadd.s           f20, f20, f11       f20=xxxxxxxx f20:3fc2c1a8 f11:bf48d570
15096386ns          293460 1c008222 0047258b p.lw             x11, 4(x14!)        x11=bf09d9b1 x14=10001538 x14:10001534  PA:10001534
15096427ns          293462 1c008226 00ba7a53 fadd.s           f20, f20, f11       f20=xxxxxxxx f20:3f3cade0 f11:bf09d9b1
15096447ns          293463 1c008222 0047258b p.lw             x11, 4(x14!)        x11=be6ec9fb x14=1000153c x14:10001538  PA:10001538
15096487ns          293465 1c008226 00ba7a53 fadd.s           f20, f20, f11       f20=xxxxxxxx f20:3e4b50bc f11:be6ec9fb
15096507ns          293466 1c008222 0047258b p.lw             x11, 4(x14!)        x11=3dc833b9 x14=10001540 x14:1000153c  PA:1000153c
15096547ns          293468 1c008226 00ba7a53 fadd.s           f20, f20, f11       f20=xxxxxxxx f20:bd0de4fc f11:3dc833b9
15096567ns          293469 1c008222 0047258b p.lw             x11, 4(x14!)        x11=3ed5fce0 x14=10001544 x14:10001540  PA:10001540
15096607ns          293471 1c008226 00ba7a53 fadd.s           f20, f20, f11       f20=xxxxxxxx f20:3d81413b f11:3ed5fce0
15096627ns          293472 1c008222 0047258b p.lw             x11, 4(x14!)        x11=3f313037 x14=10001548 x14:10001544  PA:10001544
15096667ns          293474 1c008226 00ba7a53 fadd.s           f20, f20, f11       f20=xxxxxxxx f20:3ef64d2f f11:3f313037
15096687ns          293475 1c008222 0047258b p.lw             x11, 4(x14!)        x11=3f63e256 x14=1000154c x14:10001548  PA:10001548
15096728ns          293477 1c008226 00ba7a53 fadd.s           f20, f20, f11       f20=xxxxxxxx f20:3f962b67 f11:3f63e256
15096748ns          293478 1c008222 0047258b p.lw             x11, 4(x14!)        x11=3f7d8099 x14=10001550 x14:1000154c  PA:1000154c
15096788ns          293480 1c008226 00ba7a53 fadd.s           f20, f20, f11       f20=xxxxxxxx f20:40040e49 f11:3f7d8099
15096808ns          293481 1c008222 0047258b p.lw             x11, 4(x14!)        x11=3f7b3950 x14=10001554 x14:10001550  PA:10001550
15096848ns          293483 1c008226 00ba7a53 fadd.s           f20, f20, f11       f20=xxxxxxxx f20:40436e6f f11:3f7b3950
15096868ns          293484 1c008222 0047258b p.lw             x11, 4(x14!)        x11=3f5d4cac x14=10001558 x14:10001554  PA:10001554
15096908ns          293486 1c008226 00ba7a53 fadd.s           f20, f20, f11       f20=xxxxxxxx f20:40811e62 f11:3f5d4cac
15096928ns          293487 1c008222 0047258b p.lw             x11, 4(x14!)        x11=3f2705ad x14=1000155c x14:10001558  PA:10001558
15096968ns          293489 1c008226 00ba7a53 fadd.s           f20, f20, f11       f20=xxxxxxxx f20:409cc7f8 f11:3f2705ad
15096988ns          293490 1c008222 0047258b p.lw             x11, 4(x14!)        x11=3ebcbad8 x14=10001560 x14:1000155c  PA:1000155c
15097029ns          293492 1c008226 00ba7a53 fadd.s           f20, f20, f11       f20=xxxxxxxx f20:40b1a8ae f11:3ebcbad8
15097049ns          293493 1c008222 0047258b p.lw             x11, 4(x14!)        x11=3d352c12 x14=10001564 x14:10001560  PA:10001560
15097089ns          293495 1c008226 00ba7a53 fadd.s           f20, f20, f11       f20=xxxxxxxx f20:40bd745c f11:3d352c12
15097109ns          293496 1c008222 0047258b p.lw             x11, 4(x14!)        x11=be91edce x14=10001568 x14:10001564  PA:10001564
15097149ns          293498 1c008226 00ba7a53 fadd.s           f20, f20, f11       f20=xxxxxxxx f20:40bedeb4 f11:be91edce
15097169ns          293499 1c008222 0047258b p.lw             x11, 4(x14!)        x11=bf153907 x14=1000156c x14:10001568  PA:10001568
15097209ns          293501 1c008226 00ba7a53 fadd.s           f20, f20, f11       f20=xxxxxxxx f20:40b5bfd7 f11:bf153907
15097229ns          293502 1c008222 0047258b p.lw             x11, 4(x14!)        x11=bf510f57 x14=10001570 x14:1000156c  PA:1000156c
15097269ns          293504 1c008226 00ba7a53 fadd.s           f20, f20, f11       f20=xxxxxxxx f20:40a318b6 f11:bf510f57
15097289ns          293505 1c008222 0047258b p.lw             x11, 4(x14!)        x11=bf75e41b x14=10001574 x14:10001570  PA:10001570
15097330ns          293507 1c008226 00ba7a53 fadd.s           f20, f20, f11       f20=xxxxxxxx f20:4088f6cb f11:bf75e41b
15097350ns          293508 1c008222 0047258b p.lw             x11, 4(x14!)        x11=bf7fa9bf x14=10001578 x14:10001574  PA:10001574
15097390ns          293510 1c008226 00ba7a53 fadd.s           f20, f20, f11       f20=xxxxxxxx f20:4054748f f11:bf7fa9bf
15097410ns          293511 1c008222 0047258b p.lw             x11, 4(x14!)        x11=bf6d4cfa x14=1000157c x14:10001578  PA:10001578
15097450ns          293513 1c008226 00ba7a53 fadd.s           f20, f20, f11       f20=xxxxxxxx f20:40148a1f f11:bf6d4cfa
15097470ns          293514 1c008222 0047258b p.lw             x11, 4(x14!)        x11=bf40d313 x14=10001580 x14:1000157c  PA:1000157c
15097510ns          293516 1c008226 00ba7a53 fadd.s           f20, f20, f11       f20=xxxxxxxx f20:3fb26dc1 f11:bf40d313
15097530ns          293517 1c008222 0047258b p.lw             x11, 4(x14!)        x11=befe4207 x14=10001584 x14:10001580  PA:10001580
15097570ns          293519 1c008226 00ba7a53 fadd.s           f20, f20, f11       f20=xxxxxxxx f20:3f24086f f11:befe4207
15097590ns          293520 1c008222 0047258b p.lw             x11, 4(x14!)        x11=be3dc628 x14=10001588 x14:10001584  PA:10001584
15097631ns          293522 1c008226 00ba7a53 fadd.s           f20, f20, f11       f20=xxxxxxxx f20:3e139dae f11:be3dc628
15097651ns          293523 1c008222 0047258b p.lw             x11, 4(x14!)        x11=3e15d9f7 x14=1000158c x14:10001588  PA:10001588
15097691ns          293525 1c008226 00ba7a53 fadd.s           f20, f20, f11       f20=xxxxxxxx f20:bd28a1e8 f11:3e15d9f7
15097711ns          293526 1c008222 0047258b p.lw             x11, 4(x14!)        x11=3eec7e4c x14=10001590 x14:1000158c  PA:1000158c
15097751ns          293528 1c008226 00ba7a53 fadd.s           f20, f20, f11       f20=xxxxxxxx f20:3dd762fa f11:3eec7e4c
15097771ns          293529 1c008222 0047258b p.lw             x11, 4(x14!)        x11=3f3a049b x14=10001594 x14:10001590  PA:10001590
15097811ns          293531 1c008226 00ba7a53 fadd.s           f20, f20, f11       f20=xxxxxxxx f20:3f112b85 f11:3f3a049b
15097831ns          293532 1c008222 0047258b p.lw             x11, 4(x14!)        x11=3f6951a8 x14=10001598 x14:10001594  PA:10001594
15097871ns          293534 1c008226 00ba7a53 fadd.s           f20, f20, f11       f20=xxxxxxxx f20:3fa59810 f11:3f6951a8
15097891ns          293535 1c008222 0047258b p.lw             x11, 4(x14!)        x11=3f7ef1be x14=1000159c x14:10001598  PA:10001598
15097931ns          293537 1c008226 00ba7a53 fadd.s           f20, f20, f11       f20=xxxxxxxx f20:400d2072 f11:3f7ef1be
15097952ns          293538 1c008222 0047258b p.lw             x11, 4(x14!)        x11=3f7883a9 x14=100015a0 x14:1000159c  PA:1000159c
15097992ns          293540 1c008226 00ba7a53 fadd.s           f20, f20, f11       f20=xxxxxxxx f20:404cdce2 f11:3f7883a9
15098012ns          293541 1c008222 0047258b p.lw             x11, 4(x14!)        x11=3f56bc8e x14=100015a4 x14:100015a0  PA:100015a0
15098052ns          293543 1c008226 00ba7a53 fadd.s           f20, f20, f11       f20=xxxxxxxx f20:40857ee6 f11:3f56bc8e
15098072ns          293544 1c008222 0047258b p.lw             x11, 4(x14!)        x11=3f1d53fb x14=100015a8 x14:100015a4  PA:100015a4
15098112ns          293546 1c008226 00ba7a53 fadd.s           f20, f20, f11       f20=xxxxxxxx f20:40a05678 f11:3f1d53fb
15098132ns          293547 1c008222 0047258b p.lw             x11, 4(x14!)        x11=3ea53680 x14=100015ac x14:100015a8  PA:100015a8
15098172ns          293549 1c008226 00ba7a53 fadd.s           f20, f20, f11       f20=xxxxxxxx f20:40b400f7 f11:3ea53680
15098192ns          293550 1c008222 0047258b p.lw             x11, 4(x14!)        x11=bb9a51b2 x14=100015b0 x14:100015ac  PA:100015ac
15098232ns          293552 1c008226 00ba7a53 fadd.s           f20, f20, f11       f20=xxxxxxxx f20:40be545f f11:bb9a51b2
15098253ns          293553 1c008222 0047258b p.lw             x11, 4(x14!)        x11=bea9c522 x14=100015b4 x14:100015b0  PA:100015b0
15098293ns          293555 1c008226 00ba7a53 fadd.s           f20, f20, f11       f20=xxxxxxxx f20:40be2dcb f11:bea9c522
15098313ns          293556 1c008222 0047258b p.lw             x11, 4(x14!)        x11=bf1f3923 x14=100015b8 x14:100015b4  PA:100015b4
15098353ns          293558 1c008226 00ba7a53 fadd.s           f20, f20, f11       f20=xxxxxxxx f20:40b39179 f11:bf1f3923
15098373ns          293559 1c008222 0047258b p.lw             x11, 4(x14!)        x11=bf580a2a x14=100015bc x14:100015b8  PA:100015b8
15098413ns          293561 1c008226 00ba7a53 fadd.s           f20, f20, f11       f20=xxxxxxxx f20:409faa55 f11:bf580a2a
15098433ns          293562 1c008222 0047258b p.lw             x11, 4(x14!)        x11=bf791505 x14=100015c0 x14:100015bc  PA:100015bc
15098473ns          293564 1c008226 00ba7a53 fadd.s           f20, f20, f11       f20=xxxxxxxx f20:4084a910 f11:bf791505
15098493ns          293565 1c008222 0047258b p.lw             x11, 4(x14!)        x11=bf7eb6d9 x14=100015c4 x14:100015c0  PA:100015c0
15098533ns          293567 1c008226 00ba7a53 fadd.s           f20, f20, f11       f20=xxxxxxxx f20:404b0cdf f11:bf7eb6d9
15098554ns          293568 1c008222 0047258b p.lw             x11, 4(x14!)        x11=bf6850ff x14=100015c8 x14:100015c4  PA:100015c4
15098594ns          293570 1c008226 00ba7a53 fadd.s           f20, f20, f11       f20=xxxxxxxx f20:400b5f29 f11:bf6850ff
15098614ns          293571 1c008222 0047258b p.lw             x11, 4(x14!)        x11=bf385a6e x14=100015cc x14:100015c8  PA:100015c8
15098654ns          293573 1c008226 00ba7a53 fadd.s           f20, f20, f11       f20=xxxxxxxx f20:3fa295d2 f11:bf385a6e
15098674ns          293574 1c008222 0047258b p.lw             x11, 4(x14!)        x11=bee834b5 x14=100015d0 x14:100015cc  PA:100015cc
15098714ns          293576 1c008226 00ba7a53 fadd.s           f20, f20, f11       f20=xxxxxxxx f20:3f0cd136 f11:bee834b5
15098734ns          293577 1c008222 0047258b p.lw             x11, 4(x14!)        x11=be0c4deb x14=100015d4 x14:100015d0  PA:100015d0
15098774ns          293579 1c008226 00ba7a53 fadd.s           f20, f20, f11       f20=xxxxxxxx f20:3dc5b6dc f11:be0c4deb
15098794ns          293580 1c008222 0047258b p.lw             x11, 4(x14!)        x11=3e473e2e x14=100015d8 x14:100015d4  PA:100015d4
15098834ns          293582 1c008226 00ba7a53 fadd.s           f20, f20, f11       f20=xxxxxxxx f20:bd25c9f4 f11:3e473e2e
15098854ns          293583 1c008222 0047258b p.lw             x11, 4(x14!)        x11=3f013753 x14=100015dc x14:100015d8  PA:100015d8
15098895ns          293585 1c008226 00ba7a53 fadd.s           f20, f20, f11       f20=xxxxxxxx f20:3e1dcbb1 f11:3f013753
15098915ns          293586 1c008222 0047258b p.lw             x11, 4(x14!)        x11=3f4266e4 x14=100015e0 x14:100015dc  PA:100015dc
15098955ns          293588 1c008226 00ba7a53 fadd.s           f20, f20, f11       f20=xxxxxxxx f20:3f28aa3f f11:3f4266e4
15098975ns          293589 1c008222 0047258b p.lw             x11, 4(x14!)        x11=3f6e31db x14=100015e4 x14:100015e0  PA:100015e0
15099015ns          293591 1c008226 00ba7a53 fadd.s           f20, f20, f11       f20=xxxxxxxx f20:3fb58892 f11:3f6e31db
15099035ns          293592 1c008222 0047258b p.lw             x11, 4(x14!)        x11=3f7fc680 x14=100015e8 x14:100015e4  PA:100015e4
15099075ns          293594 1c008226 00ba7a53 fadd.s           f20, f20, f11       f20=xxxxxxxx f20:401650c0 f11:3f7fc680
15099095ns          293595 1c008222 0047258b p.lw             x11, 4(x14!)        x11=3f753590 x14=100015ec x14:100015e8  PA:100015e8
15099135ns          293597 1c008226 00ba7a53 fadd.s           f20, f20, f11       f20=xxxxxxxx f20:40564260 f11:3f753590
15099155ns          293598 1c008222 0047258b p.lw             x11, 4(x14!)        x11=3f4fa8b4 x14=100015f0 x14:100015ec  PA:100015ec
15099196ns          293600 1c008226 00ba7a53 fadd.s           f20, f20, f11       f20=xxxxxxxx f20:4089c7e2 f11:3f4fa8b4
15099216ns          293601 1c008222 0047258b p.lw             x11, 4(x14!)        x11=3f1341c4 x14=100015f4 x14:100015f0  PA:100015f0
15099256ns          293603 1c008226 00ba7a53 fadd.s           f20, f20, f11       f20=xxxxxxxx f20:40a3bcf8 f11:3f1341c4
15099276ns          293604 1c008222 0047258b p.lw             x11, 4(x14!)        x11=3e8d4cc7 x14=100015f8 x14:100015f4  PA:100015f4
15099316ns          293606 1c008226 00ba7a53 fadd.s           f20, f20, f11       f20=xxxxxxxx f20:40b62530 f11:3e8d4cc7
15099336ns          293607 1c008222 0047258b p.lw             x11, 4(x14!)        x11=bd5bb4f2 x14=100015fc x14:100015f8  PA:100015f8
15099376ns          293609 1c008226 00ba7a53 fadd.s           f20, f20, f11       f20=xxxxxxxx f20:40bef9fc f11:bd5bb4f2
15099396ns          293610 1c008222 0047258b p.lw             x11, 4(x14!)        x11=bec13455 x14=10001600 x14:100015fc  PA:100015fc
15099436ns          293612 1c008226 00ba7a53 fadd.s           f20, f20, f11       f20=xxxxxxxx f20:40bd4292 f11:bec13455
15099456ns          293613 1c008222 0047258b p.lw             x11, 4(x14!)        x11=bf28d798 x14=10001604 x14:10001600  PA:10001600
15099497ns          293615 1c008226 00ba7a53 fadd.s           f20, f20, f11       f20=xxxxxxxx f20:40b12f4d f11:bf28d798
15099517ns          293616 1c008222 0047258b p.lw             x11, 4(x14!)        x11=bf5e807c x14=10001608 x14:10001604  PA:10001604
15099557ns          293618 1c008226 00ba7a53 fadd.s           f20, f20, f11       f20=xxxxxxxx f20:409c145a f11:bf5e807c
15099577ns          293619 1c008222 0047258b p.lw             x11, 4(x14!)        x11=bf7bad25 x14=1000160c x14:10001608  PA:10001608
15099617ns          293621 1c008226 00ba7a53 fadd.s           f20, f20, f11       f20=xxxxxxxx f20:4080444a f11:bf7bad25
15099637ns          293622 1c008222 0047258b p.lw             x11, 4(x14!)        x11=bf7d27b4 x14=10001610 x14:1000160c  PA:1000160c
15099677ns          293624 1c008226 00ba7a53 fadd.s           f20, f20, f11       f20=xxxxxxxx f20:40419d4b f11:bf7d27b4
15099697ns          293625 1c008222 0047258b p.lw             x11, 4(x14!)        x11=bf62c680 x14=10001614 x14:10001610  PA:10001610
15099737ns          293627 1c008226 00ba7a53 fadd.s           f20, f20, f11       f20=xxxxxxxx f20:4002535e f11:bf62c680
15099757ns          293628 1c008222 0047258b p.lw             x11, 4(x14!)        x11=bf2f70ae x14=10001618 x14:10001614  PA:10001614
15099798ns          293630 1c008226 00ba7a53 fadd.s           f20, f20, f11       f20=xxxxxxxx f20:3f93437c f11:bf2f70ae
15099818ns          293631 1c008222 0047258b p.lw             x11, 4(x14!)        x11=bed198e5 x14=1000161c x14:10001618  PA:10001618
15099858ns          293633 1c008226 00ba7a53 fadd.s           f20, f20, f11       f20=xxxxxxxx f20:3eee2c94 f11:bed198e5
15099878ns          293634 1c008222 0047258b p.lw             x11, 4(x14!)        x11=bdb4ff00 x14=10001620 x14:1000161c  PA:1000161c
15099918ns          293636 1c008226 00ba7a53 fadd.s           f20, f20, f11       f20=xxxxxxxx f20:3d649d78 f11:bdb4ff00
15099938ns          293637 1c008222 0047258b p.lw             x11, 4(x14!)        x11=3e782843 x14=10001624 x14:10001620  PA:10001620
15099978ns          293639 1c008226 00ba7a53 fadd.s           f20, f20, f11       f20=xxxxxxxx f20:bd056088 f11:3e782843
15099998ns          293640 1c008222 0047258b p.lw             x11, 4(x14!)        x11=3f0be043 x14=10001628 x14:10001624  PA:10001624
15100038ns          293642 1c008226 00ba7a53 fadd.s           f20, f20, f11       f20=xxxxxxxx f20:3e56d021 f11:3f0be043
15100058ns          293643 1c008222 0047258b p.lw             x11, 4(x14!)        x11=3f4a51f2 x14=1000162c x14:10001628  PA:10001628
15100099ns          293645 1c008226 00ba7a53 fadd.s           f20, f20, f11       f20=xxxxxxxx f20:3f41944b f11:3f4a51f2
15100119ns          293646 1c008222 0047258b p.lw             x11, 4(x14!)        x11=3f727ff4 x14=10001630 x14:1000162c  PA:1000162c
15100159ns          293648 1c008226 00ba7a53 fadd.s           f20, f20, f11       f20=xxxxxxxx f20:3fc5f31e f11:3f727ff4
15100179ns          293649 1c008222 0047258b p.lw             x11, 4(x14!)        x11=3f7ffe5c x14=10001634 x14:10001630  PA:10001630
15100219ns          293651 1c008226 00ba7a53 fadd.s           f20, f20, f11       f20=xxxxxxxx f20:401f998c f11:3f7ffe5c
15100239ns          293652 1c008222 0047258b p.lw             x11, 4(x14!)        x11=3f71510b x14=10001638 x14:10001634  PA:10001634
15100279ns          293654 1c008226 00ba7a53 fadd.s           f20, f20, f11       f20=xxxxxxxx f20:405f9923 f11:3f71510b
15100299ns          293655 1c008222 0047258b p.lw             x11, 4(x14!)        x11=3f481575 x14=1000163c x14:10001638  PA:10001638
15100339ns          293657 1c008226 00ba7a53 fadd.s           f20, f20, f11       f20=xxxxxxxx f20:408df6b3 f11:3f481575
15100359ns          293658 1c008222 0047258b p.lw             x11, 4(x14!)        x11=3f08d535 x14=10001640 x14:1000163c  PA:1000163c
15100400ns          293660 1c008226 00ba7a53 fadd.s           f20, f20, f11       f20=xxxxxxxx f20:40a6f962 f11:3f08d535
15100420ns          293661 1c008222 0047258b p.lw             x11, 4(x14!)        x11=3e6a18b1 x14=10001644 x14:10001640  PA:10001640
15100460ns          293663 1c008226 00ba7a53 fadd.s           f20, f20, f11       f20=xxxxxxxx f20:40b81409 f11:3e6a18b1
15100480ns          293664 1c008222 0047258b p.lw             x11, 4(x14!)        x11=bdd1cc8e x14=10001648 x14:10001644  PA:10001644
15100520ns          293666 1c008226 00ba7a53 fadd.s           f20, f20, f11       f20=xxxxxxxx f20:40bf64cf f11:bdd1cc8e
15100540ns          293667 1c008222 0047258b p.lw             x11, 4(x14!)        x11=bed82d14 x14=1000164c x14:10001648  PA:10001648
15100580ns          293669 1c008226 00ba7a53 fadd.s           f20, f20, f11       f20=xxxxxxxx f20:40bc1d9d f11:bed82d14
15100600ns          293670 1c008222 0047258b p.lw             x11, 4(x14!)        x11=bf320e7c x14=10001650 x14:1000164c  PA:1000164c
15100640ns          293672 1c008226 00ba7a53 fadd.s           f20, f20, f11       f20=xxxxxxxx f20:40ae9acc f11:bf320e7c
15100660ns          293673 1c008222 0047258b p.lw             x11, 4(x14!)        x11=bf646e51 x14=10001654 x14:10001650  PA:10001650
15100701ns          293675 1c008226 00ba7a53 fadd.s           f20, f20, f11       f20=xxxxxxxx f20:409858fc f11:bf646e51
15100721ns          293676 1c008222 0047258b p.lw             x11, 4(x14!)        x11=bf7daae3 x14=10001658 x14:10001654  PA:10001654
15100761ns          293678 1c008226 00ba7a53 fadd.s           f20, f20, f11       f20=xxxxxxxx f20:40779664 f11:bf7daae3
15100781ns          293679 1c008222 0047258b p.lw             x11, 4(x14!)        x11=bf7afd43 x14=1000165c x14:10001658  PA:10001658
15100821ns          293681 1c008226 00ba7a53 fadd.s           f20, f20, f11       f20=xxxxxxxx f20:40382bab f11:bf7afd43
15100841ns          293682 1c008222 0047258b p.lw             x11, 4(x14!)        x11=bf5cb0e4 x14=10001660 x14:1000165c  PA:1000165c
15100881ns          293684 1c008226 00ba7a53 fadd.s           f20, f20, f11       f20=xxxxxxxx f20:3ff2d8b4 f11:bf5cb0e4
15100901ns          293685 1c008222 0047258b p.lw             x11, 4(x14!)        x11=bf261b4f x14=10001664 x14:10001660  PA:10001660
15100941ns          293687 1c008226 00ba7a53 fadd.s           f20, f20, f11       f20=xxxxxxxx f20:3f848042 f11:bf261b4f
15100961ns          293688 1c008222 0047258b p.lw             x11, 4(x14!)        x11=beba7c82 x14=10001668 x14:10001664  PA:10001664
15101001ns          293690 1c008226 00ba7a53 fadd.s           f20, f20, f11       f20=xxxxxxxx f20:3ec5ca6a f11:beba7c82
15101022ns          293691 1c008222 0047258b p.lw             x11, 4(x14!)        x11=bd21e630 x14=1000166c x14:10001668  PA:10001668
15101062ns          293693 1c008226 00ba7a53 fadd.s           f20, f20, f11       f20=xxxxxxxx f20:3cb4de80 f11:bd21e630
15101082ns          293694 1c008222 0047258b p.lw             x11, 4(x14!)        x11=3e943d11 x14=10001670 x14:1000166c  PA:1000166c
15101122ns          293696 1c008226 00ba7a53 fadd.s           f20, f20, f11       f20=xxxxxxxx f20:bc8eede0 f11:3e943d11
15101142ns          293697 1c008222 0047258b p.lw             x11, 4(x14!)        x11=3f163366 x14=10001674 x14:10001670  PA:10001670
15101182ns          293699 1c008226 00ba7a53 fadd.s           f20, f20, f11       f20=xxxxxxxx f20:3e8b4e33 f11:3f163366
15101202ns          293700 1c008222 0047258b p.lw             x11, 4(x14!)        x11=3f51c0e3 x14=10001678 x14:10001674  PA:10001674
15101242ns          293702 1c008226 00ba7a53 fadd.s           f20, f20, f11       f20=xxxxxxxx f20:3f5bda80 f11:3f51c0e3
15101262ns          293703 1c008222 0047258b p.lw             x11, 4(x14!)        x11=3f76394b x14=1000167c x14:10001678  PA:10001678
15101302ns          293705 1c008226 00ba7a53 fadd.s           f20, f20, f11       f20=xxxxxxxx f20:3fd6cdb2 f11:3f76394b
15101323ns          293706 1c008222 0047258b p.lw             x11, 4(x14!)        x11=3f7f9930 x14=10001680 x14:1000167c  PA:1000167c
15101363ns          293708 1c008226 00ba7a53 fadd.s           f20, f20, f11       f20=xxxxxxxx f20:4028f52c f11:3f7f9930
15101383ns          293709 1c008222 0047258b p.lw             x11, 4(x14!)        x11=3f6cd87e x14=10001684 x14:10001680  PA:10001680
15101423ns          293711 1c008226 00ba7a53 fadd.s           f20, f20, f11       f20=xxxxxxxx f20:4068db78 f11:3f6cd87e
15101443ns          293712 1c008222 0047258b p.lw             x11, 4(x14!)        x11=3f40077a x14=10001688 x14:10001684  PA:10001684
15101483ns          293714 1c008226 00ba7a53 fadd.s           f20, f20, f11       f20=xxxxxxxx f20:409208cc f11:3f40077a
15101503ns          293715 1c008222 0047258b p.lw             x11, 4(x14!)        x11=3efc296d x14=1000168c x14:10001688  PA:10001688
15101543ns          293717 1c008226 00ba7a53 fadd.s           f20, f20, f11       f20=xxxxxxxx f20:40aa09bb f11:3efc296d
15101563ns          293718 1c008222 0047258b p.lw             x11, 4(x14!)        x11=3e390839 x14=10001690 x14:1000168c  PA:1000168c
15101603ns          293720 1c008226 00ba7a53 fadd.s           f20, f20, f11       f20=xxxxxxxx f20:40b9cc52 f11:3e390839
15101624ns          293721 1c008222 0047258b p.lw             x11, 4(x14!)        x11=be1a9f04 x14=10001694 x14:10001690  PA:10001690
15101664ns          293723 1c008226 00ba7a53 fadd.s           f20, f20, f11       f20=xxxxxxxx f20:40bf9494 f11:be1a9f04
15101684ns          293724 1c008222 0047258b p.lw             x11, 4(x14!)        x11=beeea131 x14=10001698 x14:10001694  PA:10001694
15101724ns          293726 1c008226 00ba7a53 fadd.s           f20, f20, f11       f20=xxxxxxxx f20:40babf9c f11:beeea131
15101744ns          293727 1c008222 0047258b p.lw             x11, 4(x14!)        x11=bf3ad827 x14=1000169c x14:10001698  PA:10001698
15101784ns          293729 1c008226 00ba7a53 fadd.s           f20, f20, f11       f20=xxxxxxxx f20:40abd589 f11:bf3ad827
15101804ns          293730 1c008222 0047258b p.lw             x11, 4(x14!)        x11=bf69d005 x14=100016a0 x14:1000169c  PA:1000169c
15101844ns          293732 1c008226 00ba7a53 fadd.s           f20, f20, f11       f20=xxxxxxxx f20:40947a84 f11:bf69d005
15101864ns          293733 1c008222 0047258b p.lw             x11, 4(x14!)        x11=bf7f0d06 x14=100016a4 x14:100016a0  PA:100016a0
15101904ns          293735 1c008226 00ba7a53 fadd.s           f20, f20, f11       f20=xxxxxxxx f20:406e8107 f11:bf7f0d06
15101924ns          293736 1c008222 0047258b p.lw             x11, 4(x14!)        x11=bf7838dc x14=100016a8 x14:100016a4  PA:100016a4
15101965ns          293738 1c008226 00ba7a53 fadd.s           f20, f20, f11       f20=xxxxxxxx f20:402ebdc6 f11:bf7838dc
15101985ns          293739 1c008222 0047258b p.lw             x11, 4(x14!)        x11=bf5613e7 x14=100016ac x14:100016a8  PA:100016a8
15102025ns          293741 1c008226 00ba7a53 fadd.s           f20, f20, f11       f20=xxxxxxxx f20:3fe15f1e f11:bf5613e7
15102045ns          293742 1c008222 0047258b p.lw             x11, 4(x14!)        x11=bf1c600a x14=100016b0 x14:100016ac  PA:100016ac
15102085ns          293744 1c008226 00ba7a53 fadd.s           f20, f20, f11       f20=xxxxxxxx f20:3f6caa55 f11:bf1c600a
15102105ns          293745 1c008222 0047258b p.lw             x11, 4(x14!)        x11=bea2edb9 x14=100016b4 x14:100016b0  PA:100016b0
15102145ns          293747 1c008226 00ba7a53 fadd.s           f20, f20, f11       f20=xxxxxxxx f20:3ea09496 f11:bea2edb9
15102165ns          293748 1c008222 0047258b p.lw             x11, 4(x14!)        x11=3c1a5362 x14=100016b8 x14:100016b4  PA:100016b4
15102205ns          293750 1c008226 00ba7a53 fadd.s           f20, f20, f11       f20=xxxxxxxx f20:bb9648c0 f11:3c1a5362
15102225ns          293751 1c008222 0047258b p.lw             x11, 4(x14!)        x11=3eac0b13 x14=100016bc x14:100016b8  PA:100016b8
15102266ns          293753 1c008226 00ba7a53 fadd.s           f20, f20, f11       f20=xxxxxxxx f20:3b9e5e04 f11:3eac0b13
15102286ns          293754 1c008222 0047258b p.lw             x11, 4(x14!)        x11=3f202a67 x14=100016c0 x14:100016bc  PA:100016bc
15102326ns          293756 1c008226 00ba7a53 fadd.s           f20, f20, f11       f20=xxxxxxxx f20:3eae848b f11:3f202a67
15102346ns          293757 1c008222 0047258b p.lw             x11, 4(x14!)        x11=3f58af2a x14=100016c4 x14:100016c0  PA:100016c0
15102386ns          293759 1c008226 00ba7a53 fadd.s           f20, f20, f11       f20=xxxxxxxx f20:3f776cac f11:3f58af2a
15102406ns          293760 1c008222 0047258b p.lw             x11, 4(x14!)        x11=3f795b97 x14=100016c8 x14:100016c4  PA:100016c4
15102446ns          293762 1c008226 00ba7a53 fadd.s           f20, f20, f11       f20=xxxxxxxx f20:3fe80deb f11:3f795b97
15102466ns          293763 1c008222 0047258b p.lw             x11, 4(x14!)        x11=3f7e9739 x14=100016cc x14:100016c8  PA:100016c8
15102506ns          293765 1c008226 00ba7a53 fadd.s           f20, f20, f11       f20=xxxxxxxx f20:40325ddb f11:3f7e9739
15102526ns          293766 1c008222 0047258b p.lw             x11, 4(x14!)        x11=3f67cea8 x14=100016d0 x14:100016cc  PA:100016cc
15102567ns          293768 1c008226 00ba7a53 fadd.s           f20, f20, f11       f20=xxxxxxxx f20:407203a9 f11:3f67cea8
15102587ns          293769 1c008222 0047258b p.lw             x11, 4(x14!)        x11=3f3783b6 x14=100016d4 x14:100016d0  PA:100016d0
15102627ns          293771 1c008226 00ba7a53 fadd.s           f20, f20, f11       f20=xxxxxxxx f20:4095fbaa f11:3f3783b6
15102647ns          293772 1c008222 0047258b p.lw             x11, 4(x14!)        x11=3ee60dc8 x14=100016d8 x14:100016d4  PA:100016d4
15102687ns          293774 1c008226 00ba7a53 fadd.s           f20, f20, f11       f20=xxxxxxxx f20:40acec21 f11:3ee60dc8
15102707ns          293775 1c008222 0047258b p.lw             x11, 4(x14!)        x11=3e078652 x14=100016dc x14:100016d8  PA:100016d8
15102747ns          293777 1c008226 00ba7a53 fadd.s           f20, f20, f11       f20=xxxxxxxx f20:40bb4cfe f11:3e078652
15102767ns          293778 1c008222 0047258b p.lw             x11, 4(x14!)        x11=be4bf8d1 x14=100016e0 x14:100016dc  PA:100016dc
15102807ns          293780 1c008226 00ba7a53 fadd.s           f20, f20, f11       f20=xxxxxxxx f20:40bf8931 f11:be4bf8d1
15102827ns          293781 1c008222 0047258b p.lw             x11, 4(x14!)        x11=bf02416f x14=100016e4 x14:100016e0  PA:100016e0
15102868ns          293783 1c008226 00ba7a53 fadd.s           f20, f20, f11       f20=xxxxxxxx f20:40b9296a f11:bf02416f
15102888ns          293784 1c008222 0047258b p.lw             x11, 4(x14!)        x11=bf432f2e x14=100016e8 x14:100016e4  PA:100016e4
15102928ns          293786 1c008226 00ba7a53 fadd.s           f20, f20, f11       f20=xxxxxxxx f20:40a8e13c f11:bf432f2e
15102948ns          293787 1c008222 0047258b p.lw             x11, 4(x14!)        x11=bf6ea249 x14=100016ec x14:100016e8  PA:100016e8
15102988ns          293789 1c008226 00ba7a53 fadd.s           f20, f20, f11       f20=xxxxxxxx f20:40907b56 f11:bf6ea249
15103008ns          293790 1c008222 0047258b p.lw             x11, 4(x14!)        x11=bf7fd2b3 x14=100016f0 x14:100016ec  PA:100016ec
15103048ns          293792 1c008226 00ba7a53 fadd.s           f20, f20, f11       f20=xxxxxxxx f20:40654e1a f11:bf7fd2b3
15103068ns          293793 1c008222 0047258b p.lw             x11, 4(x14!)        x11=bf74dc33 x14=100016f4 x14:100016f0  PA:100016f0
15103108ns          293795 1c008226 00ba7a53 fadd.s           f20, f20, f11       f20=xxxxxxxx f20:4025596d f11:bf74dc33
15103128ns          293796 1c008222 0047258b p.lw             x11, 4(x14!)        x11=bf4ef39c x14=100016f8 x14:100016f4  PA:100016f4
15103169ns          293798 1c008226 00ba7a53 fadd.s           f20, f20, f11       f20=xxxxxxxx f20:3fd044c0 f11:bf4ef39c
15103189ns          293799 1c008222 0047258b p.lw             x11, 4(x14!)        x11=bf1244e0 x14=100016fc x14:100016f8  PA:100016f8
15103229ns          293801 1c008226 00ba7a53 fadd.s           f20, f20, f11       f20=xxxxxxxx f20:3f5195e4 f11:bf1244e0
15103249ns          293802 1c008222 0047258b p.lw             x11, 4(x14!)        x11=be8afb0d x14=10001700 x14:100016fc  PA:100016fc
15103289ns          293804 1c008226 00ba7a53 fadd.s           f20, f20, f11       f20=xxxxxxxx f20:3e7d4410 f11:be8afb0d
15103309ns          293805 1c008222 0047258b p.lw             x11, 4(x14!)        x11=3d6ef7a4 x14=10001704 x14:10001700  PA:10001700
15103349ns          293807 1c008226 00ba7a53 fadd.s           f20, f20, f11       f20=xxxxxxxx f20:bcc59050 f11:3d6ef7a4
15103369ns          293808 1c008222 0047258b p.lw             x11, 4(x14!)        x11=3ec36f78 x14=10001708 x14:10001704  PA:10001704
15103409ns          293810 1c008226 00ba7a53 fadd.s           f20, f20, f11       f20=xxxxxxxx f20:3d0c2f7c f11:3ec36f78
15103429ns          293811 1c008222 0047258b p.lw             x11, 4(x14!)        x11=3f29bf20 x14=1000170c x14:10001708  PA:10001708
15103470ns          293813 1c008226 00ba7a53 fadd.s           f20, f20, f11       f20=xxxxxxxx f20:3ed4f568 f11:3f29bf20
15103490ns          293814 1c008222 0047258b p.lw             x11, 4(x14!)        x11=3f5f1881 x14=10001710 x14:1000170c  PA:1000170c
15103530ns          293816 1c008226 00ba7a53 fadd.s           f20, f20, f11       f20=xxxxxxxx f20:3f8a1cea f11:3f5f1881
15103550ns          293817 1c008222 0047258b p.lw             x11, 4(x14!)        x11=3f7be4ec x14=10001714 x14:10001710  PA:10001710
15103590ns          293819 1c008226 00ba7a53 fadd.s           f20, f20, f11       f20=xxxxxxxx f20:3ff9a92a f11:3f7be4ec
15103610ns          293820 1c008222 0047258b p.lw             x11, 4(x14!)        x11=3f7cf918 x14=10001718 x14:10001714  PA:10001714
15103650ns          293822 1c008226 00ba7a53 fadd.s           f20, f20, f11       f20=xxxxxxxx f20:403bcdd0 f11:3f7cf918
15103670ns          293823 1c008222 0047258b p.lw             x11, 4(x14!)        x11=3f6236a2 x14=1000171c x14:10001718  PA:10001718
15103710ns          293825 1c008226 00ba7a53 fadd.s           f20, f20, f11       f20=xxxxxxxx f20:407b0c16 f11:3f6236a2
15103730ns          293826 1c008222 0047258b p.lw             x11, 4(x14!)        x11=3f2e8f62 x14=10001720 x14:1000171c  PA:1000171c
15103771ns          293828 1c008226 00ba7a53 fadd.s           f20, f20, f11       f20=xxxxxxxx f20:4099ccdf f11:3f2e8f62
15103791ns          293829 1c008222 0047258b p.lw             x11, 4(x14!)        x11=3ecf650b x14=10001724 x14:10001720  PA:10001720
15103831ns          293831 1c008226 00ba7a53 fadd.s           f20, f20, f11       f20=xxxxxxxx f20:40af9ecb f11:3ecf650b
15103851ns          293832 1c008222 0047258b p.lw             x11, 4(x14!)        x11=3dab62b6 x14=10001728 x14:10001724  PA:10001724
15103891ns          293834 1c008226 00ba7a53 fadd.s           f20, f20, f11       f20=xxxxxxxx f20:40bc951c f11:3dab62b6
15103911ns          293835 1c008222 0047258b p.lw             x11, 4(x14!)        x11=be7cd572 x14=1000172c x14:10001728  PA:10001728
15103951ns          293837 1c008226 00ba7a53 fadd.s           f20, f20, f11       f20=xxxxxxxx f20:40bf42a7 f11:be7cd572
15103971ns          293838 1c008222 0047258b p.lw             x11, 4(x14!)        x11=bf0ce260 x14=10001730 x14:1000172c  PA:1000172c
15104011ns          293840 1c008226 00ba7a53 fadd.s           f20, f20, f11       f20=xxxxxxxx f20:40b75bfb f11:bf0ce260
15104031ns          293841 1c008222 0047258b p.lw             x11, 4(x14!)        x11=bf4b0e7b x14=10001734 x14:10001730  PA:10001730
15104071ns          293843 1c008226 00ba7a53 fadd.s           f20, f20, f11       f20=xxxxxxxx f20:40a5bfaf f11:bf4b0e7b
15104092ns          293844 1c008222 0047258b p.lw             x11, 4(x14!)        x11=bf72e22b x14=10001738 x14:10001734  PA:10001734
15104132ns          293846 1c008226 00ba7a53 fadd.s           f20, f20, f11       f20=xxxxxxxx f20:408c5de0 f11:bf72e22b
15104152ns          293847 1c008222 0047258b p.lw             x11, 4(x14!)        x11=bf7ffb74 x14=1000173c x14:10001738  PA:10001738
15104192ns          293849 1c008226 00ba7a53 fadd.s           f20, f20, f11       f20=xxxxxxxx f20:405c0335 f11:bf7ffb74
15104212ns          293850 1c008222 0047258b p.lw             x11, 4(x14!)        x11=bf70e957 x14=10001740 x14:1000173c  PA:1000173c
15104252ns          293852 1c008226 00ba7a53 fadd.s           f20, f20, f11       f20=xxxxxxxx f20:401c0458 f11:bf70e957
15104272ns          293853 1c008222 0047258b p.lw             x11, 4(x14!)        x11=bf47545f x14=10001744 x14:10001740  PA:10001740
15104312ns          293855 1c008226 00ba7a53 fadd.s           f20, f20, f11       f20=xxxxxxxx f20:3fbf9404 f11:bf47545f
15104332ns          293856 1c008222 0047258b p.lw             x11, 4(x14!)        x11=bf07cffd x14=10001748 x14:10001744  PA:10001744
15104372ns          293858 1c008226 00ba7a53 fadd.s           f20, f20, f11       f20=xxxxxxxx f20:3f37d3a9 f11:bf07cffd
15104393ns          293859 1c008222 0047258b p.lw             x11, 4(x14!)        x11=be656642 x14=1000174c x14:10001748  PA:10001748
15104433ns          293861 1c008226 00ba7a53 fadd.s           f20, f20, f11       f20=xxxxxxxx f20:3e400eb0 f11:be656642
15104453ns          293862 1c008222 0047258b p.lw             x11, 4(x14!)        x11=3ddb63fb x14=10001750 x14:1000174c  PA:1000174c
15104493ns          293864 1c008226 00ba7a53 fadd.s           f20, f20, f11       f20=xxxxxxxx f20:bd155e48 f11:3ddb63fb
15104513ns          293865 1c008222 0047258b p.lw             x11, 4(x14!)        x11=3eda5bff x14=10001754 x14:10001750  PA:10001750
15104553ns          293867 1c008226 00ba7a53 fadd.s           f20, f20, f11       f20=xxxxxxxx f20:3d90b4d7 f11:3eda5bff
15104573ns          293868 1c008222 0047258b p.lw             x11, 4(x14!)        x11=3f32ebba x14=10001758 x14:10001754  PA:10001754
15104613ns          293870 1c008226 00ba7a53 fadd.s           f20, f20, f11       f20=xxxxxxxx f20:3efe8935 f11:3f32ebba
15104633ns          293871 1c008222 0047258b p.lw             x11, 4(x14!)        x11=3f64f8fe x14=1000175c x14:10001758  PA:10001758
15104673ns          293873 1c008226 00ba7a53 fadd.s           f20, f20, f11       f20=xxxxxxxx f20:3f99182a f11:3f64f8fe
15104694ns          293874 1c008222 0047258b p.lw             x11, 4(x14!)        x11=3f7dd3bc x14=10001760 x14:1000175c  PA:1000175c
15104734ns          293876 1c008226 00ba7a53 fadd.s           f20, f20, f11       f20=xxxxxxxx f20:4005ca54 f11:3f7dd3bc
15104754ns          293877 1c008222 0047258b p.lw             x11, 4(x14!)        x11=3f7abfc8 x14=10001764 x14:10001760  PA:10001760
15104794ns          293879 1c008226 00ba7a53 fadd.s           f20, f20, f11       f20=xxxxxxxx f20:40453f43 f11:3f7abfc8
15104814ns          293880 1c008222 0047258b p.lw             x11, 4(x14!)        x11=3f5c13d9 x14=10001768 x14:10001764  PA:10001764
15104854ns          293882 1c008226 00ba7a53 fadd.s           f20, f20, f11       f20=xxxxxxxx f20:4081f79a f11:3f5c13d9
15104874ns          293883 1c008222 0047258b p.lw             x11, 4(x14!)        x11=3f252ffb x14=1000176c x14:10001768  PA:10001768
15104914ns          293885 1c008226 00ba7a53 fadd.s           f20, f20, f11       f20=xxxxxxxx f20:409d7a15 f11:3f252ffb
15104934ns          293886 1c008222 0047258b p.lw             x11, 4(x14!)        x11=3eb83d16 x14=10001770 x14:1000176c  PA:1000176c
15104974ns          293888 1c008226 00ba7a53 fadd.s           f20, f20, f11       f20=xxxxxxxx f20:40b22014 f11:3eb83d16
15104994ns          293889 1c008222 0047258b p.lw             x11, 4(x14!)        x11=3d0e9f46 x14=10001774 x14:10001770  PA:10001770
15105035ns          293891 1c008226 00ba7a53 fadd.s           f20, f20, f11       f20=xxxxxxxx f20:40bda3e5 f11:3d0e9f46
15105055ns          293892 1c008222 0047258b p.lw             x11, 4(x14!)        x11=be968b7c x14=10001778 x14:10001774  PA:10001774
15105095ns          293894 1c008226 00ba7a53 fadd.s           f20, f20, f11       f20=xxxxxxxx f20:40bec124 f11:be968b7c
15105115ns          293895 1c008222 0047258b p.lw             x11, 4(x14!)        x11=bf172ce4 x14=1000177c x14:10001778  PA:10001778
15105155ns          293897 1c008226 00ba7a53 fadd.s           f20, f20, f11       f20=xxxxxxxx f20:40b5586c f11:bf172ce4
15105175ns          293898 1c008222 0047258b p.lw             x11, 4(x14!)        x11=bf527138 x14=10001780 x14:1000177c  PA:1000177c
15105215ns          293900 1c008226 00ba7a53 fadd.s           f20, f20, f11       f20=xxxxxxxx f20:40a272d0 f11:bf527138
15105235ns          293901 1c008222 0047258b p.lw             x11, 4(x14!)        x11=bf768d10 x14=10001784 x14:10001780  PA:10001780
15105275ns          293903 1c008226 00ba7a53 fadd.s           f20, f20, f11       f20=xxxxxxxx f20:408824a9 f11:bf768d10
15105295ns          293904 1c008222 0047258b p.lw             x11, 4(x14!)        x11=bf7f872f x14=10001788 x14:10001784  PA:10001784
15105336ns          293906 1c008226 00ba7a53 fadd.s           f20, f20, f11       f20=xxxxxxxx f20:4052a60e f11:bf7f872f
15105356ns          293907 1c008222 0047258b p.lw             x11, 4(x14!)        x11=bf6c62b3 x14=1000178c x14:10001788  PA:10001788
15105396ns          293909 1c008226 00ba7a53 fadd.s           f20, f20, f11       f20=xxxxxxxx f20:4012c442 f11:bf6c62b3
15105416ns          293910 1c008222 0047258b p.lw             x11, 4(x14!)        x11=bf3f3add x14=10001790 x14:1000178c  PA:1000178c
15105456ns          293912 1c008226 00ba7a53 fadd.s           f20, f20, f11       f20=xxxxxxxx f20:3faf572a f11:bf3f3add
15105476ns          293913 1c008222 0047258b p.lw             x11, 4(x14!)        x11=befa0f94 x14=10001794 x14:10001790  PA:10001790
15105516ns          293915 1c008226 00ba7a53 fadd.s           f20, f20, f11       f20=xxxxxxxx f20:3f1f7377 f11:befa0f94
15105536ns          293916 1c008222 0047258b p.lw             x11, 4(x14!)        x11=be3449af x14=10001798 x14:10001794  PA:10001794
15105576ns          293918 1c008226 00ba7a53 fadd.s           f20, f20, f11       f20=xxxxxxxx f20:3e09aeb4 f11:be3449af
15105596ns          293919 1c008222 0047258b p.lw             x11, 4(x14!)        x11=3e1f62ca x14=1000179c x14:10001798  PA:10001798
15105637ns          293921 1c008226 00ba7a53 fadd.s           f20, f20, f11       f20=xxxxxxxx f20:bd2a6bec f11:3e1f62ca
15105657ns          293922 1c008222 0047258b p.lw             x11, 4(x14!)        x11=3ef0c291 x14=100017a0 x14:1000179c  PA:1000179c
15105697ns          293924 1c008226 00ba7a53 fadd.s           f20, f20, f11       f20=xxxxxxxx f20:3de98f9e f11:3ef0c291
15105717ns          293925 1c008222 0047258b p.lw             x11, 4(x14!)        x11=3f3baa93 x14=100017a4 x14:100017a0  PA:100017a0
15105757ns          293927 1c008226 00ba7a53 fadd.s           f20, f20, f11       f20=xxxxxxxx f20:3f15933c f11:3f3baa93
15105777ns          293928 1c008222 0047258b p.lw             x11, 4(x14!)        x11=3f6a4d06 x14=100017a8 x14:100017a4  PA:100017a4
15105817ns          293930 1c008226 00ba7a53 fadd.s           f20, f20, f11       f20=xxxxxxxx f20:3fa89ee8 f11:3f6a4d06
15105837ns          293931 1c008222 0047258b p.lw             x11, 4(x14!)        x11=3f7f26d9 x14=100017ac x14:100017a8  PA:100017a8
15105877ns          293933 1c008226 00ba7a53 fadd.s           f20, f20, f11       f20=xxxxxxxx f20:400ee2b6 f11:3f7f26d9
15105897ns          293934 1c008222 0047258b p.lw             x11, 4(x14!)        x11=3f77eca9 x14=100017b0 x14:100017ac  PA:100017ac
15105938ns          293936 1c008226 00ba7a53 fadd.s           f20, f20, f11       f20=xxxxxxxx f20:404eac6c f11:3f77eca9
15105958ns          293937 1c008222 0047258b p.lw             x11, 4(x14!)        x11=3f556a10 x14=100017b4 x14:100017b0  PA:100017b0
15105998ns          293939 1c008226 00ba7a53 fadd.s           f20, f20, f11       f20=xxxxxxxx f20:408653cb f11:3f556a10
15106018ns          293940 1c008222 0047258b p.lw             x11, 4(x14!)        x11=3f1b6b3f x14=100017b8 x14:100017b4  PA:100017b4
15106058ns          293942 1c008226 00ba7a53 fadd.s           f20, f20, f11       f20=xxxxxxxx f20:40a1010d f11:3f1b6b3f
15106078ns          293943 1c008222 0047258b p.lw             x11, 4(x14!)        x11=3ea0a41e x14=100017bc x14:100017b8  PA:100017b8
15106118ns          293945 1c008226 00ba7a53 fadd.s           f20, f20, f11       f20=xxxxxxxx f20:40b46e75 f11:3ea0a41e
15106138ns          293946 1c008222 0047258b p.lw             x11, 4(x14!)        x11=bc677921 x14=100017c0 x14:100017bc  PA:100017bc
15106178ns          293948 1c008226 00ba7a53 fadd.s           f20, f20, f11       f20=xxxxxxxx f20:40be78b7 f11:bc677921
15106198ns          293949 1c008222 0047258b p.lw             x11, 4(x14!)        x11=beae4fe6 x14=100017c4 x14:100017c0  PA:100017c0
15106239ns          293951 1c008226 00ba7a53 fadd.s           f20, f20, f11       f20=xxxxxxxx f20:40be04fa f11:beae4fe6
15106259ns          293952 1c008222 0047258b p.lw             x11, 4(x14!)        x11=bf211aae x14=100017c8 x14:100017c4  PA:100017c4
15106299ns          293954 1c008226 00ba7a53 fadd.s           f20, f20, f11       f20=xxxxxxxx f20:40b31ffc f11:bf211aae
15106319ns          293955 1c00822a 1c0007b7 lui              x15, 0x1c000000     x15=1c000000
15106740ns          293976 1c00822e 0247a583 lw               x11, 36(x15)        x11=43480000 x15:1c000000  PA:1c000024
15107061ns          293992 1c008232 18ba75d3 fdiv.s           f11, f20, f11       f11=xxxxxxxx f20:409efca6 f11:43480000
15107864ns          294032 1c008236 08b6f6d3 fsub.s           f13, f13, f11       f13=xxxxxxxx f13:3ea77e4e f11:3ccb80d4
15107884ns          294033 1c00823a 40c707b3 sub              x15, x14, x12       x15=0000031c x14:100017c8 x12:100014ac
15107904ns          294034 1c00823e ffc78793 addi             x15, x15, -4        x15=00000318 x15:0000031c
15107924ns          294035 1c008240 10d6f6d3 fmul.s           f13, f13, f13       f13=xxxxxxxx f13:3e9ac641 f13:3e9ac641
15107944ns          294036 1c008244 0027d793 srli             x15, x15, 0x2       x15=000000c6 x15:00000318
15107964ns          294037 1c008246 00178793 addi             x15, x15, 1         x15=000000c7 x15:000000c6
15107984ns          294038 1c008248 0067c0fb lp.setup         0x1, x15, 0x6       x15:000000c7
15108004ns          294039 1c00824c 0046270b p.lw             x14, 4(x12!)        x14=3f1e4705 x12=100014b0 x12:100014ac  PA:100014ac
15108125ns          294045 1c008250 08b77753 fsub.s           f14, f14, f11       f14=xxxxxxxx f14:3f1e4705 f11:3ccb80d4
15108165ns          294047 1c008254 68e776c3 fmadd.s          f13, f14, f14, f13  f13=xxxxxxxx f14:3f17eafe f14:3f17eafe f13:3dbb263f
15108185ns          294048 1c00824c 0046270b p.lw             x14, 4(x12!)        x14=3f5763fb x12=100014b4 x12:100014b0  PA:100014b0
15108225ns          294050 1c008250 08b77753 fsub.s           f14, f14, f11       f14=xxxxxxxx f14:3f5763fb f11:3ccb80d4
15108245ns          294051 1c008254 68e776c3 fmadd.s          f13, f14, f14, f13  f13=xxxxxxxx f14:3f5107f4 f14:3f5107f4 f13:3ee317ae
15108265ns          294052 1c00824c 0046270b p.lw             x14, 4(x12!)        x14=3f78cd0d x12=100014b8 x12:100014b4  PA:100014b4
15108305ns          294054 1c008250 08b77753 fsub.s           f14, f14, f11       f14=xxxxxxxx f14:3f78cd0d f11:3ccb80d4
15108325ns          294055 1c008254 68e776c3 fmadd.s          f13, f14, f14, f13  f13=xxxxxxxx f14:3f727106 f14:3f727106 f13:3f8e1cea
15108345ns          294056 1c00824c 0046270b p.lw             x14, 4(x12!)        x14=3f7ed504 x12=100014bc x12:100014b8  PA:100014b8
15108386ns          294058 1c008250 08b77753 fsub.s           f14, f14, f11       f14=xxxxxxxx f14:3f7ed504 f11:3ccb80d4
15108406ns          294059 1c008254 68e776c3 fmadd.s          f13, f14, f14, f13  f13=xxxxxxxx f14:3f7878fd f14:3f7878fd f13:400074ed
15108426ns          294060 1c00824c 0046270b p.lw             x14, 4(x12!)        x14=3f68d1f9 x12=100014c0 x12:100014bc  PA:100014bc
15108466ns          294062 1c008250 08b77753 fsub.s           f14, f14, f11       f14=xxxxxxxx f14:3f68d1f9 f11:3ccb80d4
15108486ns          294063 1c008254 68e776c3 fmadd.s          f13, f14, f14, f13  f13=xxxxxxxx f14:3f6275f2 f14:3f6275f2 f13:403cbf96
15108506ns          294064 1c00824c 0046270b p.lw             x14, 4(x12!)        x14=3f393004 x12=100014c4 x12:100014c0  PA:100014c0
15108546ns          294066 1c008250 08b77753 fsub.s           f14, f14, f11       f14=xxxxxxxx f14:3f393004 f11:3ccb80d4
15108566ns          294067 1c008254 68e776c3 fmadd.s          f13, f14, f14, f13  f13=xxxxxxxx f14:3f32d3fd f14:3f32d3fd f13:406ed4b3
15108586ns          294068 1c00824c 0046270b p.lw             x14, 4(x12!)        x14=3eea5a19 x12=100014c8 x12:100014c4  PA:100014c4
15108626ns          294070 1c008250 08b77753 fsub.s           f14, f14, f11       f14=xxxxxxxx f14:3eea5a19 f11:3ccb80d4
15108646ns          294071 1c008254 68e776c3 fmadd.s          f13, f14, f14, f13  f13=xxxxxxxx f14:3edda20c f14:3edda20c f13:408707c9
15108666ns          294072 1c00824c 0046270b p.lw             x14, 4(x12!)        x14=3e111438 x12=100014cc x12:100014c8  PA:100014c8
15108707ns          294074 1c008250 08b77753 fsub.s           f14, f14, f11       f14=xxxxxxxx f14:3e111438 f11:3ccb80d4
15108727ns          294075 1c008254 68e776c3 fmadd.s          f13, f14, f14, f13  f13=xxxxxxxx f14:3def483b f14:3def483b f13:408d06d2
15108747ns          294076 1c00824c 0046270b p.lw             x14, 4(x12!)        x14=be4282d3 x12=100014d0 x12:100014cc  PA:100014cc
15108787ns          294078 1c008250 08b77753 fsub.s           f14, f14, f11       f14=xxxxxxxx f14:be4282d3 f11:3ccb80d4
15108807ns          294079 1c008254 68e776c3 fmadd.s          f13, f14, f14, f13  f13=xxxxxxxx f14:be5bf2ee f14:be5bf2ee f13:408d76a6
15108827ns          294080 1c00824c 0046270b p.lw             x14, 4(x12!)        x14=bf002c8f x12=100014d4 x12:100014d0  PA:100014d0
15108867ns          294082 1c008250 08b77753 fsub.s           f14, f14, f11       f14=xxxxxxxx f14:bf002c8f f11:3ccb80d4
15108887ns          294083 1c008254 68e776c3 fmadd.s          f13, f14, f14, f13  f13=xxxxxxxx f14:bf068896 f14:bf068896 f13:408ef099
15108907ns          294084 1c00824c 0046270b p.lw             x14, 4(x12!)        x14=bf419d8d x12=100014d8 x12:100014d4  PA:100014d4
15108947ns          294086 1c008250 08b77753 fsub.s           f14, f14, f11       f14=xxxxxxxx f14:bf419d8d f11:3ccb80d4
15108967ns          294087 1c008254 68e776c3 fmadd.s          f13, f14, f14, f13  f13=xxxxxxxx f14:bf47f994 f14:bf47f994 f13:4097c702
15108988ns          294088 1c00824c 0046270b p.lw             x14, 4(x12!)        x14=bf6dc019 x12=100014dc x12:100014d8  PA:100014d8
15109028ns          294090 1c008250 08b77753 fsub.s           f14, f14, f11       f14=xxxxxxxx f14:bf6dc019 f11:3ccb80d4
15109048ns          294091 1c008254 68e776c3 fmadd.s          f13, f14, f14, f13  f13=xxxxxxxx f14:bf741c20 f14:bf741c20 f13:40ab4dc1
15109068ns          294092 1c00824c 0046270b p.lw             x14, 4(x12!)        x14=bf7fb8da x12=100014e0 x12:100014dc  PA:100014dc
15109108ns          294094 1c008250 08b77753 fsub.s           f14, f14, f11       f14=xxxxxxxx f14:bf7fb8da f11:3ccb80d4
15109128ns          294095 1c008254 68e776c3 fmadd.s          f13, f14, f14, f13  f13=xxxxxxxx f14:bf830a70 f14:bf830a70 f13:40c86675
15109148ns          294096 1c00824c 0046270b p.lw             x14, 4(x12!)        x14=bf758d87 x12=100014e4 x12:100014e0  PA:100014e0
15109188ns          294098 1c008250 08b77753 fsub.s           f14, f14, f11       f14=xxxxxxxx f14:bf758d87 f11:3ccb80d4
15109208ns          294099 1c008254 68e776c3 fmadd.s          f13, f14, f14, f13  f13=xxxxxxxx f14:bf7be98e f14:bf7be98e f13:40e9f04d
15109228ns          294100 1c00824c 0046270b p.lw             x14, 4(x12!)        x14=bf505c9b x12=100014e8 x12:100014e4  PA:100014e4
15109268ns          294102 1c008250 08b77753 fsub.s           f14, f14, f11       f14=xxxxxxxx f14:bf505c9b f11:3ccb80d4
15109288ns          294103 1c008254 68e776c3 fmadd.s          f13, f14, f14, f13  f13=xxxxxxxx f14:bf56b8a2 f14:bf56b8a2 f13:41047664
15109309ns          294104 1c00824c 0046270b p.lw             x14, 4(x12!)        x14=bf143dce x12=100014ec x12:100014e8  PA:100014e8
15109349ns          294106 1c008250 08b77753 fsub.s           f14, f14, f11       f14=xxxxxxxx f14:bf143dce f11:3ccb80d4
15109369ns          294107 1c008254 68e776c3 fmadd.s          f13, f14, f14, f13  f13=xxxxxxxx f14:bf1a99d5 f14:bf1a99d5 f13:410fb7f7
15109389ns          294108 1c00824c 0046270b p.lw             x14, 4(x12!)        x14=be8f9dab x12=100014f0 x12:100014ec  PA:100014ec
15109429ns          294110 1c008250 08b77753 fsub.s           f14, f14, f11       f14=xxxxxxxx f14:be8f9dab f11:3ccb80d4
15109449ns          294111 1c008254 68e776c3 fmadd.s          f13, f14, f14, f13  f13=xxxxxxxx f14:be9c55b8 f14:be9c55b8 f13:41158dce
15109469ns          294112 1c00824c 0046270b p.lw             x14, 4(x12!)        x14=3d48716f x12=100014f4 x12:100014f0  PA:100014f0
15109509ns          294114 1c008250 08b77753 fsub.s           f14, f14, f11       f14=xxxxxxxx f14:3d48716f f11:3ccb80d4
15109529ns          294115 1c008254 68e776c3 fmadd.s          f13, f14, f14, f13  f13=xxxxxxxx f14:3cc5620a f14:3cc5620a f13:41170bb0
15109549ns          294116 1c00824c 0046270b p.lw             x14, 4(x12!)        x14=3ebef830 x12=100014f8 x12:100014f4  PA:100014f4
15109589ns          294118 1c008250 08b77753 fsub.s           f14, f14, f11       f14=xxxxxxxx f14:3ebef830 f11:3ccb80d4
15109610ns          294119 1c008254 68e776c3 fmadd.s          f13, f14, f14, f13  f13=xxxxxxxx f14:3eb24023 f14:3eb24023 f13:41170e11
15109630ns          294120 1c00824c 0046270b p.lw             x14, 4(x12!)        x14=3f27ef23 x12=100014fc x12:100014f8  PA:100014f8
15109670ns          294122 1c008250 08b77753 fsub.s           f14, f14, f11       f14=xxxxxxxx f14:3f27ef23 f11:3ccb80d4
15109690ns          294123 1c008254 68e776c3 fmadd.s          f13, f14, f14, f13  f13=xxxxxxxx f14:3f21931c f14:3f21931c f13:4118fe86
15109710ns          294124 1c00824c 0046270b p.lw             x14, 4(x12!)        x14=3f5de73a x12=10001500 x12:100014fc  PA:100014fc
15109750ns          294126 1c008250 08b77753 fsub.s           f14, f14, f11       f14=xxxxxxxx f14:3f5de73a f11:3ccb80d4
15109770ns          294127 1c008254 68e776c3 fmadd.s          f13, f14, f14, f13  f13=xxxxxxxx f14:3f578b33 f14:3f578b33 f13:411f5e2c
15109790ns          294128 1c00824c 0046270b p.lw             x14, 4(x12!)        x14=3f7b73f4 x12=10001504 x12:10001500  PA:10001500
15109830ns          294130 1c008250 08b77753 fsub.s           f14, f14, f11       f14=xxxxxxxx f14:3f7b73f4 f11:3ccb80d4
15109850ns          294131 1c008254 68e776c3 fmadd.s          f13, f14, f14, f13  f13=xxxxxxxx f14:3f7517ed f14:3f7517ed f13:412ab5de
15109870ns          294132 1c00824c 0046270b p.lw             x14, 4(x12!)        x14=3f7d54dd x12=10001508 x12:10001504  PA:10001504
15109911ns          294134 1c008250 08b77753 fsub.s           f14, f14, f11       f14=xxxxxxxx f14:3f7d54dd f11:3ccb80d4
15109931ns          294135 1c008254 68e776c3 fmadd.s          f13, f14, f14, f13  f13=xxxxxxxx f14:3f76f8d6 f14:3f76f8d6 f13:4139604b
15109951ns          294136 1c00824c 0046270b p.lw             x14, 4(x12!)        x14=3f63550b x12=1000150c x12:10001508  PA:10001508
15109991ns          294138 1c008250 08b77753 fsub.s           f14, f14, f11       f14=xxxxxxxx f14:3f63550b f11:3ccb80d4
15110011ns          294139 1c008254 68e776c3 fmadd.s          f13, f14, f14, f13  f13=xxxxxxxx f14:3f5cf904 f14:3f5cf904 f13:4148447e
15110031ns          294140 1c00824c 0046270b p.lw             x14, 4(x12!)        x14=3f3050eb x12=10001510 x12:1000150c  PA:1000150c
15110071ns          294142 1c008250 08b77753 fsub.s           f14, f14, f11       f14=xxxxxxxx f14:3f3050eb f11:3ccb80d4
15110091ns          294143 1c008254 68e776c3 fmadd.s          f13, f14, f14, f13  f13=xxxxxxxx f14:3f29f4e4 f14:3f29f4e4 f13:4154304d
15110111ns          294144 1c00824c 0046270b p.lw             x14, 4(x12!)        x14=3ed3cb69 x12=10001514 x12:10001510  PA:10001510
15110151ns          294146 1c008250 08b77753 fsub.s           f14, f14, f11       f14=xxxxxxxx f14:3ed3cb69 f11:3ccb80d4
15110171ns          294147 1c008254 68e776c3 fmadd.s          f13, f14, f14, f13  f13=xxxxxxxx f14:3ec7135c f14:3ec7135c f13:415b3da1
15110191ns          294148 1c00824c 0046270b p.lw             x14, 4(x12!)        x14=3dbe99a2 x12=10001518 x12:10001514  PA:10001514
15110232ns          294150 1c008250 08b77753 fsub.s           f14, f14, f11       f14=xxxxxxxx f14:3dbe99a2 f11:3ccb80d4
15110252ns          294151 1c008254 68e776c3 fmadd.s          f13, f14, f14, f13  f13=xxxxxxxx f14:3d8bb96d f14:3d8bb96d f13:415da8dd
15110272ns          294152 1c00824c 0046270b p.lw             x14, 4(x12!)        x14=be7379ee x12=1000151c x12:10001518  PA:10001518
15110312ns          294154 1c008250 08b77753 fsub.s           f14, f14, f11       f14=xxxxxxxx f14:be7379ee f11:3ccb80d4
15110332ns          294155 1c008254 68e776c3 fmadd.s          f13, f14, f14, f13  f13=xxxxxxxx f14:be867504 f14:be867504 f13:415dbbee
15110352ns          294156 1c00824c 0046270b p.lw             x14, 4(x12!)        x14=bf0add62 x12=10001520 x12:1000151c  PA:1000151c
15110392ns          294158 1c008250 08b77753 fsub.s           f14, f14, f11       f14=xxxxxxxx f14:bf0add62 f11:3ccb80d4
15110412ns          294159 1c008254 68e776c3 fmadd.s          f13, f14, f14, f13  f13=xxxxxxxx f14:bf113969 f14:bf113969 f13:415ed669
15110432ns          294160 1c00824c 0046270b p.lw             x14, 4(x12!)        x14=bf499445 x12=10001524 x12:10001520  PA:10001520
15110472ns          294162 1c008250 08b77753 fsub.s           f14, f14, f11       f14=xxxxxxxx f14:bf499445 f11:3ccb80d4
15110492ns          294163 1c008254 68e776c3 fmadd.s          f13, f14, f14, f13  f13=xxxxxxxx f14:bf4ff04c f14:bf4ff04c f13:4163fc8a
15110512ns          294164 1c00824c 0046270b p.lw             x14, 4(x12!)        x14=bf721c5c x12=10001528 x12:10001524  PA:10001524
15110553ns          294166 1c008250 08b77753 fsub.s           f14, f14, f11       f14=xxxxxxxx f14:bf721c5c f11:3ccb80d4
15110573ns          294167 1c008254 68e776c3 fmadd.s          f13, f14, f14, f13  f13=xxxxxxxx f14:bf787863 f14:bf787863 f13:416e8af2
15110593ns          294168 1c00824c 0046270b p.lw             x14, 4(x12!)        x14=bf7fffd0 x12=1000152c x12:10001528  PA:10001528
15110633ns          294170 1c008250 08b77753 fsub.s           f14, f14, f11       f14=xxxxxxxx f14:bf7fffd0 f11:3ccb80d4
15110653ns          294171 1c008254 68e776c3 fmadd.s          f13, f14, f14, f13  f13=xxxxxxxx f14:bf832deb f14:bf832deb f13:417d9d8a
15110673ns          294172 1c00824c 0046270b p.lw             x14, 4(x12!)        x14=bf71b763 x12=10001530 x12:1000152c  PA:1000152c
15110713ns          294174 1c008250 08b77753 fsub.s           f14, f14, f11       f14=xxxxxxxx f14:bf71b763 f11:3ccb80d4
15110733ns          294175 1c008254 68e776c3 fmadd.s          f13, f14, f14, f13  f13=xxxxxxxx f14:bf78136a f14:bf78136a f13:418735c6
15110753ns          294176 1c00824c 0046270b p.lw             x14, 4(x12!)        x14=bf48d570 x12=10001534 x12:10001530  PA:10001530
15110793ns          294178 1c008250 08b77753 fsub.s           f14, f14, f11       f14=xxxxxxxx f14:bf48d570 f11:3ccb80d4
15110813ns          294179 1c008254 68e776c3 fmadd.s          f13, f14, f14, f13  f13=xxxxxxxx f14:bf4f3177 f14:bf4f3177 f13:418eb8f3
15110834ns          294180 1c00824c 0046270b p.lw             x14, 4(x12!)        x14=bf09d9b1 x12=10001538 x12:10001534  PA:10001534
15110874ns          294182 1c008250 08b77753 fsub.s           f14, f14, f11       f14=xxxxxxxx f14:bf09d9b1 f11:3ccb80d4
15110894ns          294183 1c008254 68e776c3 fmadd.s          f13, f14, f14, f13  f13=xxxxxxxx f14:bf1035b8 f14:bf1035b8 f13:4193f67b
15110914ns          294184 1c00824c 0046270b p.lw             x14, 4(x12!)        x14=be6ec9fb x12=1000153c x12:10001538  PA:10001538
15110954ns          294186 1c008250 08b77753 fsub.s           f14, f14, f11       f14=xxxxxxxx f14:be6ec9fb f11:3ccb80d4
15110974ns          294187 1c008254 68e776c3 fmadd.s          f13, f14, f14, f13  f13=xxxxxxxx f14:be841d0b f14:be841d0b f13:4196805f
15110994ns          294188 1c00824c 0046270b p.lw             x14, 4(x12!)        x14=3dc833b9 x12=10001540 x12:1000153c  PA:1000153c
15111034ns          294190 1c008250 08b77753 fsub.s           f14, f14, f11       f14=xxxxxxxx f14:3dc833b9 f11:3ccb80d4
15111054ns          294191 1c008254 68e776c3 fmadd.s          f13, f14, f14, f13  f13=xxxxxxxx f14:3d955384 f14:3d955384 f13:419708bb
15111074ns          294192 1c00824c 0046270b p.lw             x14, 4(x12!)        x14=3ed5fce0 x12=10001544 x12:10001540  PA:10001540
15111114ns          294194 1c008250 08b77753 fsub.s           f14, f14, f11       f14=xxxxxxxx f14:3ed5fce0 f11:3ccb80d4
15111134ns          294195 1c008254 68e776c3 fmadd.s          f13, f14, f14, f13  f13=xxxxxxxx f14:3ec944d3 f14:3ec944d3 f13:4197139e
15111155ns          294196 1c00824c 0046270b p.lw             x14, 4(x12!)        x14=3f313037 x12=10001548 x12:10001544  PA:10001544
15111195ns          294198 1c008250 08b77753 fsub.s           f14, f14, f11       f14=xxxxxxxx f14:3f313037 f11:3ccb80d4
15111215ns          294199 1c008254 68e776c3 fmadd.s          f13, f14, f14, f13  f13=xxxxxxxx f14:3f2ad430 f14:3f2ad430 f13:41985018
15111235ns          294200 1c00824c 0046270b p.lw             x14, 4(x12!)        x14=3f63e256 x12=1000154c x12:10001548  PA:10001548
15111275ns          294202 1c008250 08b77753 fsub.s           f14, f14, f11       f14=xxxxxxxx f14:3f63e256 f11:3ccb80d4
15111295ns          294203 1c008254 68e776c3 fmadd.s          f13, f14, f14, f13  f13=xxxxxxxx f14:3f5d864f f14:3f5d864f f13:419be00c
15111315ns          294204 1c00824c 0046270b p.lw             x14, 4(x12!)        x14=3f7d8099 x12=10001550 x12:1000154c  PA:1000154c
15111355ns          294206 1c008250 08b77753 fsub.s           f14, f14, f11       f14=xxxxxxxx f14:3f7d8099 f11:3ccb80d4
15111375ns          294207 1c008254 68e776c3 fmadd.s          f13, f14, f14, f13  f13=xxxxxxxx f14:3f772492 f14:3f772492 f13:41a1dd95
15111395ns          294208 1c00824c 0046270b p.lw             x14, 4(x12!)        x14=3f7b3950 x12=10001554 x12:10001550  PA:10001550
15111435ns          294210 1c008250 08b77753 fsub.s           f14, f14, f11       f14=xxxxxxxx f14:3f7b3950 f11:3ccb80d4
15111456ns          294211 1c008254 68e776c3 fmadd.s          f13, f14, f14, f13  f13=xxxxxxxx f14:3f74dd49 f14:3f74dd49 f13:41a95252
15111476ns          294212 1c00824c 0046270b p.lw             x14, 4(x12!)        x14=3f5d4cac x12=10001558 x12:10001554  PA:10001554
15111516ns          294214 1c008250 08b77753 fsub.s           f14, f14, f11       f14=xxxxxxxx f14:3f5d4cac f11:3ccb80d4
15111536ns          294215 1c008254 68e776c3 fmadd.s          f13, f14, f14, f13  f13=xxxxxxxx f14:3f56f0a5 f14:3f56f0a5 f13:41b0a407
15111556ns          294216 1c00824c 0046270b p.lw             x14, 4(x12!)        x14=3f2705ad x12=1000155c x12:10001558  PA:10001558
15111596ns          294218 1c008250 08b77753 fsub.s           f14, f14, f11       f14=xxxxxxxx f14:3f2705ad f11:3ccb80d4
15111616ns          294219 1c008254 68e776c3 fmadd.s          f13, f14, f14, f13  f13=xxxxxxxx f14:3f20a9a6 f14:3f20a9a6 f13:41b647c1
15111636ns          294220 1c00824c 0046270b p.lw             x14, 4(x12!)        x14=3ebcbad8 x12=10001560 x12:1000155c  PA:1000155c
15111676ns          294222 1c008250 08b77753 fsub.s           f14, f14, f11       f14=xxxxxxxx f14:3ebcbad8 f11:3ccb80d4
15111696ns          294223 1c008254 68e776c3 fmadd.s          f13, f14, f14, f13  f13=xxxxxxxx f14:3eb002cb f14:3eb002cb f13:41b96e65
15111716ns          294224 1c00824c 0046270b p.lw             x14, 4(x12!)        x14=3d352c12 x12=10001564 x12:10001560  PA:10001560
15111757ns          294226 1c008250 08b77753 fsub.s           f14, f14, f11       f14=xxxxxxxx f14:3d352c12 f11:3ccb80d4
15111777ns          294227 1c008254 68e776c3 fmadd.s          f13, f14, f14, f13  f13=xxxxxxxx f14:3c9ed750 f14:3c9ed750 f13:41ba606d
15111797ns          294228 1c00824c 0046270b p.lw             x14, 4(x12!)        x14=be91edce x12=10001568 x12:10001564  PA:10001564
15111837ns          294230 1c008250 08b77753 fsub.s           f14, f14, f11       f14=xxxxxxxx f14:be91edce f11:3ccb80d4
15111857ns          294231 1c008254 68e776c3 fmadd.s          f13, f14, f14, f13  f13=xxxxxxxx f14:be9ea5db f14:be9ea5db f13:41ba6132
15111877ns          294232 1c00824c 0046270b p.lw             x14, 4(x12!)        x14=bf153907 x12=1000156c x12:10001568  PA:10001568
15111917ns          294234 1c008250 08b77753 fsub.s           f14, f14, f11       f14=xxxxxxxx f14:bf153907 f11:3ccb80d4
15111937ns          294235 1c008254 68e776c3 fmadd.s          f13, f14, f14, f13  f13=xxxxxxxx f14:bf1b950e f14:bf1b950e f13:41bb25d4
15111957ns          294236 1c00824c 0046270b p.lw             x14, 4(x12!)        x14=bf510f57 x12=10001570 x12:1000156c  PA:1000156c
15111997ns          294238 1c008250 08b77753 fsub.s           f14, f14, f11       f14=xxxxxxxx f14:bf510f57 f11:3ccb80d4
15112017ns          294239 1c008254 68e776c3 fmadd.s          f13, f14, f14, f13  f13=xxxxxxxx f14:bf576b5e f14:bf576b5e f13:41be1a43
15112037ns          294240 1c00824c 0046270b p.lw             x14, 4(x12!)        x14=bf75e41b x12=10001574 x12:10001570  PA:10001570
15112078ns          294242 1c008250 08b77753 fsub.s           f14, f14, f11       f14=xxxxxxxx f14:bf75e41b f11:3ccb80d4
15112098ns          294243 1c008254 68e776c3 fmadd.s          f13, f14, f14, f13  f13=xxxxxxxx f14:bf7c4022 f14:bf7c4022 f13:41c3c46f
15112118ns          294244 1c00824c 0046270b p.lw             x14, 4(x12!)        x14=bf7fa9bf x12=10001578 x12:10001574  PA:10001574
15112158ns          294246 1c008250 08b77753 fsub.s           f14, f14, f11       f14=xxxxxxxx f14:bf7fa9bf f11:3ccb80d4
15112178ns          294247 1c008254 68e776c3 fmadd.s          f13, f14, f14, f13  f13=xxxxxxxx f14:bf8302e3 f14:bf8302e3 f13:41cb88e2
15112198ns          294248 1c00824c 0046270b p.lw             x14, 4(x12!)        x14=bf6d4cfa x12=1000157c x12:10001578  PA:10001578
15112238ns          294250 1c008250 08b77753 fsub.s           f14, f14, f11       f14=xxxxxxxx f14:bf6d4cfa f11:3ccb80d4
15112258ns          294251 1c008254 68e776c3 fmadd.s          f13, f14, f14, f13  f13=xxxxxxxx f14:bf73a901 f14:bf73a901 f13:41d3ea61
15112278ns          294252 1c00824c 0046270b p.lw             x14, 4(x12!)        x14=bf40d313 x12=10001580 x12:1000157c  PA:1000157c
15112318ns          294254 1c008250 08b77753 fsub.s           f14, f14, f11       f14=xxxxxxxx f14:bf40d313 f11:3ccb80d4
15112338ns          294255 1c008254 68e776c3 fmadd.s          f13, f14, f14, f13  f13=xxxxxxxx f14:bf472f1a f14:bf472f1a f13:41db29b3
15112358ns          294256 1c00824c 0046270b p.lw             x14, 4(x12!)        x14=befe4207 x12=10001584 x12:10001580  PA:10001580
15112399ns          294258 1c008250 08b77753 fsub.s           f14, f14, f11       f14=xxxxxxxx f14:befe4207 f11:3ccb80d4
15112419ns          294259 1c008254 68e776c3 fmadd.s          f13, f14, f14, f13  f13=xxxxxxxx f14:bf057d0a f14:bf057d0a f13:41e00185
15112439ns          294260 1c00824c 0046270b p.lw             x14, 4(x12!)        x14=be3dc628 x12=10001588 x12:10001584  PA:10001584
15112479ns          294262 1c008250 08b77753 fsub.s           f14, f14, f11       f14=xxxxxxxx f14:be3dc628 f11:3ccb80d4
15112499ns          294263 1c008254 68e776c3 fmadd.s          f13, f14, f14, f13  f13=xxxxxxxx f14:be573642 f14:be573642 f13:41e22e5e
15112519ns          294264 1c00824c 0046270b p.lw             x14, 4(x12!)        x14=3e15d9f7 x12=1000158c x12:10001588  PA:10001588
15112559ns          294266 1c008250 08b77753 fsub.s           f14, f14, f11       f14=xxxxxxxx f14:3e15d9f7 f11:3ccb80d4
15112579ns          294267 1c008254 68e776c3 fmadd.s          f13, f14, f14, f13  f13=xxxxxxxx f14:3df8d3b9 f14:3df8d3b9 f13:41e288d4
15112599ns          294268 1c00824c 0046270b p.lw             x14, 4(x12!)        x14=3eec7e4c x12=10001590 x12:1000158c  PA:1000158c
15112639ns          294270 1c008250 08b77753 fsub.s           f14, f14, f11       f14=xxxxxxxx f14:3eec7e4c f11:3ccb80d4
15112659ns          294271 1c008254 68e776c3 fmadd.s          f13, f14, f14, f13  f13=xxxxxxxx f14:3edfc63f f14:3edfc63f f13:41e2a70f
15112680ns          294272 1c00824c 0046270b p.lw             x14, 4(x12!)        x14=3f3a049b x12=10001594 x12:10001590  PA:10001590
15112720ns          294274 1c008250 08b77753 fsub.s           f14, f14, f11       f14=xxxxxxxx f14:3f3a049b f11:3ccb80d4
15112740ns          294275 1c008254 68e776c3 fmadd.s          f13, f14, f14, f13  f13=xxxxxxxx f14:3f33a894 f14:3f33a894 f13:41e42e45
15112760ns          294276 1c00824c 0046270b p.lw             x14, 4(x12!)        x14=3f6951a8 x12=10001598 x12:10001594  PA:10001594
15112800ns          294278 1c008250 08b77753 fsub.s           f14, f14, f11       f14=xxxxxxxx f14:3f6951a8 f11:3ccb80d4
15112820ns          294279 1c008254 68e776c3 fmadd.s          f13, f14, f14, f13  f13=xxxxxxxx f14:3f62f5a1 f14:3f62f5a1 f13:41e81eee
15112840ns          294280 1c00824c 0046270b p.lw             x14, 4(x12!)        x14=3f7ef1be x12=1000159c x12:10001598  PA:10001598
15112880ns          294282 1c008250 08b77753 fsub.s           f14, f14, f11       f14=xxxxxxxx f14:3f7ef1be f11:3ccb80d4
15112900ns          294283 1c008254 68e776c3 fmadd.s          f13, f14, f14, f13  f13=xxxxxxxx f14:3f7895b7 f14:3f7895b7 f13:41ee68a3
15112920ns          294284 1c00824c 0046270b p.lw             x14, 4(x12!)        x14=3f7883a9 x12=100015a0 x12:1000159c  PA:1000159c
15112960ns          294286 1c008250 08b77753 fsub.s           f14, f14, f11       f14=xxxxxxxx f14:3f7883a9 f11:3ccb80d4
15112981ns          294287 1c008254 68e776c3 fmadd.s          f13, f14, f14, f13  f13=xxxxxxxx f14:3f7227a2 f14:3f7227a2 f13:41f5f3b6
15113001ns          294288 1c00824c 0046270b p.lw             x14, 4(x12!)        x14=3f56bc8e x12=100015a4 x12:100015a0  PA:100015a0
15113041ns          294290 1c008250 08b77753 fsub.s           f14, f14, f11       f14=xxxxxxxx f14:3f56bc8e f11:3ccb80d4
15113061ns          294291 1c008254 68e776c3 fmadd.s          f13, f14, f14, f13  f13=xxxxxxxx f14:3f506087 f14:3f506087 f13:41fd1c2e
15113081ns          294292 1c00824c 0046270b p.lw             x14, 4(x12!)        x14=3f1d53fb x12=100015a8 x12:100015a4  PA:100015a4
15113121ns          294294 1c008250 08b77753 fsub.s           f14, f14, f11       f14=xxxxxxxx f14:3f1d53fb f11:3ccb80d4
15113141ns          294295 1c008254 68e776c3 fmadd.s          f13, f14, f14, f13  f13=xxxxxxxx f14:3f16f7f4 f14:3f16f7f4 f13:4201348b
15113161ns          294296 1c00824c 0046270b p.lw             x14, 4(x12!)        x14=3ea53680 x12=100015ac x12:100015a8  PA:100015a8
15113201ns          294298 1c008250 08b77753 fsub.s           f14, f14, f11       f14=xxxxxxxx f14:3ea53680 f11:3ccb80d4
15113221ns          294299 1c008254 68e776c3 fmadd.s          f13, f14, f14, f13  f13=xxxxxxxx f14:3e987e73 f14:3e987e73 f13:420298a9
15113241ns          294300 1c00824c 0046270b p.lw             x14, 4(x12!)        x14=bb9a51b2 x12=100015b0 x12:100015ac  PA:100015ac
15113281ns          294302 1c008250 08b77753 fsub.s           f14, f14, f11       f14=xxxxxxxx f14:bb9a51b2 f11:3ccb80d4
15113302ns          294303 1c008254 68e776c3 fmadd.s          f13, f14, f14, f13  f13=xxxxxxxx f14:bcf21540 f14:bcf21540 f13:4202f37f
15113322ns          294304 1c00824c 0046270b p.lw             x14, 4(x12!)        x14=bea9c522 x12=100015b4 x12:100015b0  PA:100015b0
15113362ns          294306 1c008250 08b77753 fsub.s           f14, f14, f11       f14=xxxxxxxx f14:bea9c522 f11:3ccb80d4
15113382ns          294307 1c008254 68e776c3 fmadd.s          f13, f14, f14, f13  f13=xxxxxxxx f14:beb67d2f f14:beb67d2f f13:4202f464
15113402ns          294308 1c00824c 0046270b p.lw             x14, 4(x12!)        x14=bf1f3923 x12=100015b8 x12:100015b4  PA:100015b4
15113442ns          294310 1c008250 08b77753 fsub.s           f14, f14, f11       f14=xxxxxxxx f14:bf1f3923 f11:3ccb80d4
15113462ns          294311 1c008254 68e776c3 fmadd.s          f13, f14, f14, f13  f13=xxxxxxxx f14:bf25952a f14:bf25952a f13:4203767a
15113482ns          294312 1c00824c 0046270b p.lw             x14, 4(x12!)        x14=bf580a2a x12=100015bc x12:100015b8  PA:100015b8
15113522ns          294314 1c008250 08b77753 fsub.s           f14, f14, f11       f14=xxxxxxxx f14:bf580a2a f11:3ccb80d4
15113542ns          294315 1c008254 68e776c3 fmadd.s          f13, f14, f14, f13  f13=xxxxxxxx f14:bf5e6631 f14:bf5e6631 f13:420522e0
15113562ns          294316 1c00824c 0046270b p.lw             x14, 4(x12!)        x14=bf791505 x12=100015c0 x12:100015bc  PA:100015bc
15113603ns          294318 1c008250 08b77753 fsub.s           f14, f14, f11       f14=xxxxxxxx f14:bf791505 f11:3ccb80d4
15113623ns          294319 1c008254 68e776c3 fmadd.s          f13, f14, f14, f13  f13=xxxxxxxx f14:bf7f710c f14:bf7f710c f13:420827b6
15113643ns          294320 1c00824c 0046270b p.lw             x14, 4(x12!)        x14=bf7eb6d9 x12=100015c4 x12:100015c0  PA:100015c0
15113683ns          294322 1c008250 08b77753 fsub.s           f14, f14, f11       f14=xxxxxxxx f14:bf7eb6d9 f11:3ccb80d4
15113703ns          294323 1c008254 68e776c3 fmadd.s          f13, f14, f14, f13  f13=xxxxxxxx f14:bf828970 f14:bf828970 f13:420c2340
15113723ns          294324 1c00824c 0046270b p.lw             x14, 4(x12!)        x14=bf6850ff x12=100015c8 x12:100015c4  PA:100015c4
15113763ns          294326 1c008250 08b77753 fsub.s           f14, f14, f11       f14=xxxxxxxx f14:bf6850ff f11:3ccb80d4
15113783ns          294327 1c008254 68e776c3 fmadd.s          f13, f14, f14, f13  f13=xxxxxxxx f14:bf6ead06 f14:bf6ead06 f13:42104c3e
15113803ns          294328 1c00824c 0046270b p.lw             x14, 4(x12!)        x14=bf385a6e x12=100015cc x12:100015c8  PA:100015c8
15113843ns          294330 1c008250 08b77753 fsub.s           f14, f14, f11       f14=xxxxxxxx f14:bf385a6e f11:3ccb80d4
15113863ns          294331 1c008254 68e776c3 fmadd.s          f13, f14, f14, f13  f13=xxxxxxxx f14:bf3eb675 f14:bf3eb675 f13:4213c657
15113883ns          294332 1c00824c 0046270b p.lw             x14, 4(x12!)        x14=bee834b5 x12=100015d0 x12:100015cc  PA:100015cc
15113924ns          294334 1c008250 08b77753 fsub.s           f14, f14, f11       f14=xxxxxxxx f14:bee834b5 f11:3ccb80d4
15113944ns          294335 1c008254 68e776c3 fmadd.s          f13, f14, f14, f13  f13=xxxxxxxx f14:bef4ecc2 f14:bef4ecc2 f13:4215fea4
15113964ns          294336 1c00824c 0046270b p.lw             x14, 4(x12!)        x14=be0c4deb x12=100015d4 x12:100015d0  PA:100015d0
15114004ns          294338 1c008250 08b77753 fsub.s           f14, f14, f11       f14=xxxxxxxx f14:be0c4deb f11:3ccb80d4
15114024ns          294339 1c008254 68e776c3 fmadd.s          f13, f14, f14, f13  f13=xxxxxxxx f14:be25be06 f14:be25be06 f13:4216e8f8
15114044ns          294340 1c00824c 0046270b p.lw             x14, 4(x12!)        x14=3e473e2e x12=100015d8 x12:100015d4  PA:100015d4
15114084ns          294342 1c008250 08b77753 fsub.s           f14, f14, f11       f14=xxxxxxxx f14:3e473e2e f11:3ccb80d4
15114104ns          294343 1c008254 68e776c3 fmadd.s          f13, f14, f14, f13  f13=xxxxxxxx f14:3e2dce14 f14:3e2dce14 f13:421703cc
15114124ns          294344 1c00824c 0046270b p.lw             x14, 4(x12!)        x14=3f013753 x12=100015dc x12:100015d8  PA:100015d8
15114164ns          294346 1c008250 08b77753 fsub.s           f14, f14, f11       f14=xxxxxxxx f14:3f013753 f11:3ccb80d4
15114184ns          294347 1c008254 68e776c3 fmadd.s          f13, f14, f14, f13  f13=xxxxxxxx f14:3ef5b699 f14:3ef5b699 f13:4217214c
15114204ns          294348 1c00824c 0046270b p.lw             x14, 4(x12!)        x14=3f4266e4 x12=100015e0 x12:100015dc  PA:100015dc
15114245ns          294350 1c008250 08b77753 fsub.s           f14, f14, f11       f14=xxxxxxxx f14:3f4266e4 f11:3ccb80d4
15114265ns          294351 1c008254 68e776c3 fmadd.s          f13, f14, f14, f13  f13=xxxxxxxx f14:3f3c0add f14:3f3c0add f13:42180d23
15114285ns          294352 1c00824c 0046270b p.lw             x14, 4(x12!)        x14=3f6e31db x12=100015e4 x12:100015e0  PA:100015e0
15114325ns          294354 1c008250 08b77753 fsub.s           f14, f14, f11       f14=xxxxxxxx f14:3f6e31db f11:3ccb80d4
15114345ns          294355 1c008254 68e776c3 fmadd.s          f13, f14, f14, f13  f13=xxxxxxxx f14:3f67d5d4 f14:3f67d5d4 f13:421a35a3
15114365ns          294356 1c00824c 0046270b p.lw             x14, 4(x12!)        x14=3f7fc680 x12=100015e8 x12:100015e4  PA:100015e4
15114405ns          294358 1c008250 08b77753 fsub.s           f14, f14, f11       f14=xxxxxxxx f14:3f7fc680 f11:3ccb80d4
15114425ns          294359 1c008254 68e776c3 fmadd.s          f13, f14, f14, f13  f13=xxxxxxxx f14:3f796a79 f14:3f796a79 f13:421d7d71
15114445ns          294360 1c00824c 0046270b p.lw             x14, 4(x12!)        x14=3f753590 x12=100015ec x12:100015e8  PA:100015e8
15114485ns          294362 1c008250 08b77753 fsub.s           f14, f14, f11       f14=xxxxxxxx f14:3f753590 f11:3ccb80d4
15114505ns          294363 1c008254 68e776c3 fmadd.s          f13, f14, f14, f13  f13=xxxxxxxx f14:3f6ed989 f14:3f6ed989 f13:42214972
15114526ns          294364 1c00824c 0046270b p.lw             x14, 4(x12!)        x14=3f4fa8b4 x12=100015f0 x12:100015ec  PA:100015ec
15114566ns          294366 1c008250 08b77753 fsub.s           f14, f14, f11       f14=xxxxxxxx f14:3f4fa8b4 f11:3ccb80d4
15114586ns          294367 1c008254 68e776c3 fmadd.s          f13, f14, f14, f13  f13=xxxxxxxx f14:3f494cad f14:3f494cad f13:4224c4d7
15114606ns          294368 1c00824c 0046270b p.lw             x14, 4(x12!)        x14=3f1341c4 x12=100015f4 x12:100015f0  PA:100015f0
15114646ns          294370 1c008250 08b77753 fsub.s           f14, f14, f11       f14=xxxxxxxx f14:3f1341c4 f11:3ccb80d4
15114666ns          294371 1c008254 68e776c3 fmadd.s          f13, f14, f14, f13  f13=xxxxxxxx f14:3f0ce5bd f14:3f0ce5bd f13:42273dfd
15114686ns          294372 1c00824c 0046270b p.lw             x14, 4(x12!)        x14=3e8d4cc7 x12=100015f8 x12:100015f4  PA:100015f4
15114726ns          294374 1c008250 08b77753 fsub.s           f14, f14, f11       f14=xxxxxxxx f14:3e8d4cc7 f11:3ccb80d4
15114746ns          294375 1c008254 68e776c3 fmadd.s          f13, f14, f14, f13  f13=xxxxxxxx f14:3e8094ba f14:3e8094ba f13:4228742d
15114766ns          294376 1c00824c 0046270b p.lw             x14, 4(x12!)        x14=bd5bb4f2 x12=100015fc x12:100015f8  PA:100015f8
15114806ns          294378 1c008250 08b77753 fsub.s           f14, f14, f11       f14=xxxxxxxx f14:bd5bb4f2 f11:3ccb80d4
15114827ns          294379 1c008254 68e776c3 fmadd.s          f13, f14, f14, f13  f13=xxxxxxxx f14:bda0baae f14:bda0baae f13:4228b4c2
15114847ns          294380 1c00824c 0046270b p.lw             x14, 4(x12!)        x14=bec13455 x12=10001600 x12:100015fc  PA:100015fc
15114887ns          294382 1c008250 08b77753 fsub.s           f14, f14, f11       f14=xxxxxxxx f14:bec13455 f11:3ccb80d4
15114907ns          294383 1c008254 68e776c3 fmadd.s          f13, f14, f14, f13  f13=xxxxxxxx f14:becdec62 f14:becdec62 f13:4228bb11
15114927ns          294384 1c00824c 0046270b p.lw             x14, 4(x12!)        x14=bf28d798 x12=10001604 x12:10001600  PA:10001600
15114967ns          294386 1c008250 08b77753 fsub.s           f14, f14, f11       f14=xxxxxxxx f14:bf28d798 f11:3ccb80d4
15114987ns          294387 1c008254 68e776c3 fmadd.s          f13, f14, f14, f13  f13=xxxxxxxx f14:bf2f339f f14:bf2f339f f13:422960b5
15115007ns          294388 1c00824c 0046270b p.lw             x14, 4(x12!)        x14=bf5e807c x12=10001608 x12:10001604  PA:10001604
15115047ns          294390 1c008250 08b77753 fsub.s           f14, f14, f11       f14=xxxxxxxx f14:bf5e807c f11:3ccb80d4
15115067ns          294391 1c008254 68e776c3 fmadd.s          f13, f14, f14, f13  f13=xxxxxxxx f14:bf64dc83 f14:bf64dc83 f13:422b4053
15115087ns          294392 1c00824c 0046270b p.lw             x14, 4(x12!)        x14=bf7bad25 x12=1000160c x12:10001608  PA:10001608
15115128ns          294394 1c008250 08b77753 fsub.s           f14, f14, f11       f14=xxxxxxxx f14:bf7bad25 f11:3ccb80d4
15115148ns          294395 1c008254 68e776c3 fmadd.s          f13, f14, f14, f13  f13=xxxxxxxx f14:bf810496 f14:bf810496 f13:422e72b9
15115168ns          294396 1c00824c 0046270b p.lw             x14, 4(x12!)        x14=bf7d27b4 x12=10001610 x12:1000160c  PA:1000160c
15115208ns          294398 1c008250 08b77753 fsub.s           f14, f14, f11       f14=xxxxxxxx f14:bf7d27b4 f11:3ccb80d4
15115228ns          294399 1c008254 68e776c3 fmadd.s          f13, f14, f14, f13  f13=xxxxxxxx f14:bf81c1dd f14:bf81c1dd f13:42328313
15115248ns          294400 1c00824c 0046270b p.lw             x14, 4(x12!)        x14=bf62c680 x12=10001614 x12:10001610  PA:10001610
15115288ns          294402 1c008250 08b77753 fsub.s           f14, f14, f11       f14=xxxxxxxx f14:bf62c680 f11:3ccb80d4
15115308ns          294403 1c008254 68e776c3 fmadd.s          f13, f14, f14, f13  f13=xxxxxxxx f14:bf692287 f14:bf692287 f13:42369f62
15115328ns          294404 1c00824c 0046270b p.lw             x14, 4(x12!)        x14=bf2f70ae x12=10001618 x12:10001614  PA:10001614
15115368ns          294406 1c008250 08b77753 fsub.s           f14, f14, f11       f14=xxxxxxxx f14:bf2f70ae f11:3ccb80d4
15115388ns          294407 1c008254 68e776c3 fmadd.s          f13, f14, f14, f13  f13=xxxxxxxx f14:bf35ccb5 f14:bf35ccb5 f13:4239f0a1
15115408ns          294408 1c00824c 0046270b p.lw             x14, 4(x12!)        x14=bed198e5 x12=1000161c x12:10001618  PA:10001618
15115449ns          294410 1c008250 08b77753 fsub.s           f14, f14, f11       f14=xxxxxxxx f14:bed198e5 f11:3ccb80d4
15115469ns          294411 1c008254 68e776c3 fmadd.s          f13, f14, f14, f13  f13=xxxxxxxx f14:bede50f2 f14:bede50f2 f13:423bf50d
15115489ns          294412 1c00824c 0046270b p.lw             x14, 4(x12!)        x14=bdb4ff00 x12=10001620 x12:1000161c  PA:1000161c
15115529ns          294414 1c008250 08b77753 fsub.s           f14, f14, f11       f14=xxxxxxxx f14:bdb4ff00 f11:3ccb80d4
15115549ns          294415 1c008254 68e776c3 fmadd.s          f13, f14, f14, f13  f13=xxxxxxxx f14:bde7df35 f14:bde7df35 f13:423cb61d
15115569ns          294416 1c00824c 0046270b p.lw             x14, 4(x12!)        x14=3e782843 x12=10001624 x12:10001620  PA:10001620
15115609ns          294418 1c008250 08b77753 fsub.s           f14, f14, f11       f14=xxxxxxxx f14:3e782843 f11:3ccb80d4
15115629ns          294419 1c008254 68e776c3 fmadd.s          f13, f14, f14, f13  f13=xxxxxxxx f14:3e5eb828 f14:3e5eb828 f13:423cc33d
15115649ns          294420 1c00824c 0046270b p.lw             x14, 4(x12!)        x14=3f0be043 x12=10001628 x12:10001624  PA:10001624
15115689ns          294422 1c008250 08b77753 fsub.s           f14, f14, f11       f14=xxxxxxxx f14:3f0be043 f11:3ccb80d4
15115709ns          294423 1c008254 68e776c3 fmadd.s          f13, f14, f14, f13  f13=xxxxxxxx f14:3f05843c f14:3f05843c f13:423cf3ae
15115729ns          294424 1c00824c 0046270b p.lw             x14, 4(x12!)        x14=3f4a51f2 x12=1000162c x12:10001628  PA:10001628
15115770ns          294426 1c008250 08b77753 fsub.s           f14, f14, f11       f14=xxxxxxxx f14:3f4a51f2 f11:3ccb80d4
15115790ns          294427 1c008254 68e776c3 fmadd.s          f13, f14, f14, f13  f13=xxxxxxxx f14:3f43f5eb f14:3f43f5eb f13:423e0a39
15115810ns          294428 1c00824c 0046270b p.lw             x14, 4(x12!)        x14=3f727ff4 x12=10001630 x12:1000162c  PA:1000162c
15115850ns          294430 1c008250 08b77753 fsub.s           f14, f14, f11       f14=xxxxxxxx f14:3f727ff4 f11:3ccb80d4
15115870ns          294431 1c008254 68e776c3 fmadd.s          f13, f14, f14, f13  f13=xxxxxxxx f14:3f6c23ed f14:3f6c23ed f13:4240623b
15115890ns          294432 1c00824c 0046270b p.lw             x14, 4(x12!)        x14=3f7ffe5c x12=10001634 x12:10001630  PA:10001630
15115930ns          294434 1c008250 08b77753 fsub.s           f14, f14, f11       f14=xxxxxxxx f14:3f7ffe5c f11:3ccb80d4
15115950ns          294435 1c008254 68e776c3 fmadd.s          f13, f14, f14, f13  f13=xxxxxxxx f14:3f79a255 f14:3f79a255 f13:4243c984
15115970ns          294436 1c00824c 0046270b p.lw             x14, 4(x12!)        x14=3f71510b x12=10001638 x12:10001634  PA:10001634
15116010ns          294438 1c008250 08b77753 fsub.s           f14, f14, f11       f14=xxxxxxxx f14:3f71510b f11:3ccb80d4
15116030ns          294439 1c008254 68e776c3 fmadd.s          f13, f14, f14, f13  f13=xxxxxxxx f14:3f6af504 f14:3f6af504 f13:42479739
15116051ns          294440 1c00824c 0046270b p.lw             x14, 4(x12!)        x14=3f481575 x12=1000163c x12:10001638  PA:10001638
15116091ns          294442 1c008250 08b77753 fsub.s           f14, f14, f11       f14=xxxxxxxx f14:3f481575 f11:3ccb80d4
15116111ns          294443 1c008254 68e776c3 fmadd.s          f13, f14, f14, f13  f13=xxxxxxxx f14:3f41b96e f14:3f41b96e f13:424af5cc
15116131ns          294444 1c00824c 0046270b p.lw             x14, 4(x12!)        x14=3f08d535 x12=10001640 x12:1000163c  PA:1000163c
15116171ns          294446 1c008250 08b77753 fsub.s           f14, f14, f11       f14=xxxxxxxx f14:3f08d535 f11:3ccb80d4
15116191ns          294447 1c008254 68e776c3 fmadd.s          f13, f14, f14, f13  f13=xxxxxxxx f14:3f02792e f14:3f02792e f13:424d4030
15116211ns          294448 1c00824c 0046270b p.lw             x14, 4(x12!)        x14=3e6a18b1 x12=10001644 x12:10001640  PA:10001640
15116251ns          294450 1c008250 08b77753 fsub.s           f14, f14, f11       f14=xxxxxxxx f14:3e6a18b1 f11:3ccb80d4
15116271ns          294451 1c008254 68e776c3 fmadd.s          f13, f14, f14, f13  f13=xxxxxxxx f14:3e50a896 f14:3e50a896 f13:424e4a2d
15116291ns          294452 1c00824c 0046270b p.lw             x14, 4(x12!)        x14=bdd1cc8e x12=10001648 x12:10001644  PA:10001644
15116331ns          294454 1c008250 08b77753 fsub.s           f14, f14, f11       f14=xxxxxxxx f14:bdd1cc8e f11:3ccb80d4
15116351ns          294455 1c008254 68e776c3 fmadd.s          f13, f14, f14, f13  f13=xxxxxxxx f14:be025662 f14:be025662 f13:424e74b2
15116372ns          294456 1c00824c 0046270b p.lw             x14, 4(x12!)        x14=bed82d14 x12=1000164c x12:10001648  PA:10001648
15116412ns          294458 1c008250 08b77753 fsub.s           f14, f14, f11       f14=xxxxxxxx f14:bed82d14 f11:3ccb80d4
15116432ns          294459 1c008254 68e776c3 fmadd.s          f13, f14, f14, f13  f13=xxxxxxxx f14:bee4e521 f14:bee4e521 f13:424e8549
15116452ns          294460 1c00824c 0046270b p.lw             x14, 4(x12!)        x14=bf320e7c x12=10001650 x12:1000164c  PA:1000164c
15116492ns          294462 1c008250 08b77753 fsub.s           f14, f14, f11       f14=xxxxxxxx f14:bf320e7c f11:3ccb80d4
15116512ns          294463 1c008254 68e776c3 fmadd.s          f13, f14, f14, f13  f13=xxxxxxxx f14:bf386a83 f14:bf386a83 f13:424f51f2
15116532ns          294464 1c00824c 0046270b p.lw             x14, 4(x12!)        x14=bf646e51 x12=10001654 x12:10001650  PA:10001650
15116572ns          294466 1c008250 08b77753 fsub.s           f14, f14, f11       f14=xxxxxxxx f14:bf646e51 f11:3ccb80d4
15116592ns          294467 1c008254 68e776c3 fmadd.s          f13, f14, f14, f13  f13=xxxxxxxx f14:bf6aca58 f14:bf6aca58 f13:42516557
15116612ns          294468 1c00824c 0046270b p.lw             x14, 4(x12!)        x14=bf7daae3 x12=10001658 x12:10001654  PA:10001654
15116652ns          294470 1c008250 08b77753 fsub.s           f14, f14, f11       f14=xxxxxxxx f14:bf7daae3 f11:3ccb80d4
15116673ns          294471 1c008254 68e776c3 fmadd.s          f13, f14, f14, f13  f13=xxxxxxxx f14:bf820375 f14:bf820375 f13:4254c2b1
15116693ns          294472 1c00824c 0046270b p.lw             x14, 4(x12!)        x14=bf7afd43 x12=1000165c x12:10001658  PA:10001658
15116733ns          294474 1c008250 08b77753 fsub.s           f14, f14, f11       f14=xxxxxxxx f14:bf7afd43 f11:3ccb80d4
15116753ns          294475 1c008254 68e776c3 fmadd.s          f13, f14, f14, f13  f13=xxxxxxxx f14:bf80aca5 f14:bf80aca5 f13:4258e329
15116773ns          294476 1c00824c 0046270b p.lw             x14, 4(x12!)        x14=bf5cb0e4 x12=10001660 x12:1000165c  PA:1000165c
15116813ns          294478 1c008250 08b77753 fsub.s           f14, f14, f11       f14=xxxxxxxx f14:bf5cb0e4 f11:3ccb80d4
15116833ns          294479 1c008254 68e776c3 fmadd.s          f13, f14, f14, f13  f13=xxxxxxxx f14:bf630ceb f14:bf630ceb f13:425cedfb
15116853ns          294480 1c00824c 0046270b p.lw             x14, 4(x12!)        x14=bf261b4f x12=10001664 x12:10001660  PA:10001660
15116893ns          294482 1c008250 08b77753 fsub.s           f14, f14, f11       f14=xxxxxxxx f14:bf261b4f f11:3ccb80d4
15116913ns          294483 1c008254 68e776c3 fmadd.s          f13, f14, f14, f13  f13=xxxxxxxx f14:bf2c7756 f14:bf2c7756 f13:4260137b
15116933ns          294484 1c00824c 0046270b p.lw             x14, 4(x12!)        x14=beba7c82 x12=10001668 x12:10001664  PA:10001664
15116974ns          294486 1c008250 08b77753 fsub.s           f14, f14, f11       f14=xxxxxxxx f14:beba7c82 f11:3ccb80d4
15116994ns          294487 1c008254 68e776c3 fmadd.s          f13, f14, f14, f13  f13=xxxxxxxx f14:bec7348f f14:bec7348f f13:4261e43d
15117014ns          294488 1c00824c 0046270b p.lw             x14, 4(x12!)        x14=bd21e630 x12=1000166c x12:10001668  PA:10001668
15117054ns          294490 1c008250 08b77753 fsub.s           f14, f14, f11       f14=xxxxxxxx f14:bd21e630 f11:3ccb80d4
15117074ns          294491 1c008254 68e776c3 fmadd.s          f13, f14, f14, f13  f13=xxxxxxxx f14:bd83d34d f14:bd83d34d f13:42627f40
15117094ns          294492 1c00824c 0046270b p.lw             x14, 4(x12!)        x14=3e943d11 x12=10001670 x12:1000166c  PA:1000166c
15117134ns          294494 1c008250 08b77753 fsub.s           f14, f14, f11       f14=xxxxxxxx f14:3e943d11 f11:3ccb80d4
15117154ns          294495 1c008254 68e776c3 fmadd.s          f13, f14, f14, f13  f13=xxxxxxxx f14:3e878504 f14:3e878504 f13:4262837e
15117174ns          294496 1c00824c 0046270b p.lw             x14, 4(x12!)        x14=3f163366 x12=10001674 x12:10001670  PA:10001670
15117214ns          294498 1c008250 08b77753 fsub.s           f14, f14, f11       f14=xxxxxxxx f14:3f163366 f11:3ccb80d4
15117234ns          294499 1c008254 68e776c3 fmadd.s          f13, f14, f14, f13  f13=xxxxxxxx f14:3f0fd75f f14:3f0fd75f f13:4262cb3c
15117254ns          294500 1c00824c 0046270b p.lw             x14, 4(x12!)        x14=3f51c0e3 x12=10001678 x12:10001674  PA:10001674
15117295ns          294502 1c008250 08b77753 fsub.s           f14, f14, f11       f14=xxxxxxxx f14:3f51c0e3 f11:3ccb80d4
15117315ns          294503 1c008254 68e776c3 fmadd.s          f13, f14, f14, f13  f13=xxxxxxxx f14:3f4b64dc f14:3f4b64dc f13:42640e85
15117335ns          294504 1c00824c 0046270b p.lw             x14, 4(x12!)        x14=3f76394b x12=1000167c x12:10001678  PA:10001678
15117375ns          294506 1c008250 08b77753 fsub.s           f14, f14, f11       f14=xxxxxxxx f14:3f76394b f11:3ccb80d4
15117395ns          294507 1c008254 68e776c3 fmadd.s          f13, f14, f14, f13  f13=xxxxxxxx f14:3f6fdd44 f14:3f6fdd44 f13:426694e9
15117415ns          294508 1c00824c 0046270b p.lw             x14, 4(x12!)        x14=3f7f9930 x12=10001680 x12:1000167c  PA:1000167c
15117455ns          294510 1c008250 08b77753 fsub.s           f14, f14, f11       f14=xxxxxxxx f14:3f7f9930 f11:3ccb80d4
15117475ns          294511 1c008254 68e776c3 fmadd.s          f13, f14, f14, f13  f13=xxxxxxxx f14:3f793d29 f14:3f793d29 f13:426a17e5
15117495ns          294512 1c00824c 0046270b p.lw             x14, 4(x12!)        x14=3f6cd87e x12=10001684 x12:10001680  PA:10001680
15117535ns          294514 1c008250 08b77753 fsub.s           f14, f14, f11       f14=xxxxxxxx f14:3f6cd87e f11:3ccb80d4
15117555ns          294515 1c008254 68e776c3 fmadd.s          f13, f14, f14, f13  f13=xxxxxxxx f14:3f667c77 f14:3f667c77 f13:426de285
15117575ns          294516 1c00824c 0046270b p.lw             x14, 4(x12!)        x14=3f40077a x12=10001688 x12:10001684  PA:10001684
15117616ns          294518 1c008250 08b77753 fsub.s           f14, f14, f11       f14=xxxxxxxx f14:3f40077a f11:3ccb80d4
15117636ns          294519 1c008254 68e776c3 fmadd.s          f13, f14, f14, f13  f13=xxxxxxxx f14:3f39ab73 f14:3f39ab73 f13:42712095
15117656ns          294520 1c00824c 0046270b p.lw             x14, 4(x12!)        x14=3efc296d x12=1000168c x12:10001688  PA:10001688
15117696ns          294522 1c008250 08b77753 fsub.s           f14, f14, f11       f14=xxxxxxxx f14:3efc296d f11:3ccb80d4
15117716ns          294523 1c008254 68e776c3 fmadd.s          f13, f14, f14, f13  f13=xxxxxxxx f14:3eef7160 f14:3eef7160 f13:42733b3a
15117736ns          294524 1c00824c 0046270b p.lw             x14, 4(x12!)        x14=3e390839 x12=10001690 x12:1000168c  PA:1000168c
15117776ns          294526 1c008250 08b77753 fsub.s           f14, f14, f11       f14=xxxxxxxx f14:3e390839 f11:3ccb80d4
15117796ns          294527 1c008254 68e776c3 fmadd.s          f13, f14, f14, f13  f13=xxxxxxxx f14:3e1f981e f14:3e1f981e f13:42741b2f
15117816ns          294528 1c00824c 0046270b p.lw             x14, 4(x12!)        x14=be1a9f04 x12=10001694 x12:10001690  PA:10001690
15117856ns          294530 1c008250 08b77753 fsub.s           f14, f14, f11       f14=xxxxxxxx f14:be1a9f04 f11:3ccb80d4
15117876ns          294531 1c008254 68e776c3 fmadd.s          f13, f14, f14, f13  f13=xxxxxxxx f14:be340f1e f14:be340f1e f13:4274340f
15117897ns          294532 1c00824c 0046270b p.lw             x14, 4(x12!)        x14=beeea131 x12=10001698 x12:10001694  PA:10001694
15117937ns          294534 1c008250 08b77753 fsub.s           f14, f14, f11       f14=xxxxxxxx f14:beeea131 f11:3ccb80d4
15117957ns          294535 1c008254 68e776c3 fmadd.s          f13, f14, f14, f13  f13=xxxxxxxx f14:befb593e f14:befb593e f13:427453b8
15117977ns          294536 1c00824c 0046270b p.lw             x14, 4(x12!)        x14=bf3ad827 x12=1000169c x12:10001698  PA:10001698
15118017ns          294538 1c008250 08b77753 fsub.s           f14, f14, f11       f14=xxxxxxxx f14:bf3ad827 f11:3ccb80d4
15118037ns          294539 1c008254 68e776c3 fmadd.s          f13, f14, f14, f13  f13=xxxxxxxx f14:bf41342e f14:bf41342e f13:42754a80
15118057ns          294540 1c00824c 0046270b p.lw             x14, 4(x12!)        x14=bf69d005 x12=100016a0 x12:1000169c  PA:1000169c
15118097ns          294542 1c008250 08b77753 fsub.s           f14, f14, f11       f14=xxxxxxxx f14:bf69d005 f11:3ccb80d4
15118117ns          294543 1c008254 68e776c3 fmadd.s          f13, f14, f14, f13  f13=xxxxxxxx f14:bf702c0c f14:bf702c0c f13:427791bf
15118137ns          294544 1c00824c 0046270b p.lw             x14, 4(x12!)        x14=bf7f0d06 x12=100016a4 x12:100016a0  PA:100016a0
15118177ns          294546 1c008250 08b77753 fsub.s           f14, f14, f11       f14=xxxxxxxx f14:bf7f0d06 f11:3ccb80d4
15118198ns          294547 1c008254 68e776c3 fmadd.s          f13, f14, f14, f13  f13=xxxxxxxx f14:bf82b486 f14:bf82b486 f13:427b1709
15118218ns          294548 1c00824c 0046270b p.lw             x14, 4(x12!)        x14=bf7838dc x12=100016a8 x12:100016a4  PA:100016a4
15118258ns          294550 1c008250 08b77753 fsub.s           f14, f14, f11       f14=xxxxxxxx f14:bf7838dc f11:3ccb80d4
15118278ns          294551 1c008254 68e776c3 fmadd.s          f13, f14, f14, f13  f13=xxxxxxxx f14:bf7e94e3 f14:bf7e94e3 f13:427f42c6
15118298ns          294552 1c00824c 0046270b p.lw             x14, 4(x12!)        x14=bf5613e7 x12=100016ac x12:100016a8  PA:100016a8
15118338ns          294554 1c008250 08b77753 fsub.s           f14, f14, f11       f14=xxxxxxxx f14:bf5613e7 f11:3ccb80d4
15118358ns          294555 1c008254 68e776c3 fmadd.s          f13, f14, f14, f13  f13=xxxxxxxx f14:bf5c6fee f14:bf5c6fee f13:42819bbb
15118378ns          294556 1c00824c 0046270b p.lw             x14, 4(x12!)        x14=bf1c600a x12=100016b0 x12:100016ac  PA:100016ac
15118418ns          294558 1c008250 08b77753 fsub.s           f14, f14, f11       f14=xxxxxxxx f14:bf1c600a f11:3ccb80d4
15118438ns          294559 1c008254 68e776c3 fmadd.s          f13, f14, f14, f13  f13=xxxxxxxx f14:bf22bc11 f14:bf22bc11 f13:4283175c
15118458ns          294560 1c00824c 0046270b p.lw             x14, 4(x12!)        x14=bea2edb9 x12=100016b4 x12:100016b0  PA:100016b0
15118498ns          294562 1c008250 08b77753 fsub.s           f14, f14, f11       f14=xxxxxxxx f14:bea2edb9 f11:3ccb80d4
15118519ns          294563 1c008254 68e776c3 fmadd.s          f13, f14, f14, f13  f13=xxxxxxxx f14:beafa5c6 f14:beafa5c6 f13:4283e641
15118539ns          294564 1c00824c 0046270b p.lw             x14, 4(x12!)        x14=3c1a5362 x12=100016b8 x12:100016b4  PA:100016b4
15118579ns          294566 1c008250 08b77753 fsub.s           f14, f14, f11       f14=xxxxxxxx f14:3c1a5362 f11:3ccb80d4
15118599ns          294567 1c008254 68e776c3 fmadd.s          f13, f14, f14, f13  f13=xxxxxxxx f14:bc7cae46 f14:bc7cae46 f13:42842283
15118619ns          294568 1c00824c 0046270b p.lw             x14, 4(x12!)        x14=3eac0b13 x12=100016bc x12:100016b8  PA:100016b8
15118659ns          294570 1c008250 08b77753 fsub.s           f14, f14, f11       f14=xxxxxxxx f14:3eac0b13 f11:3ccb80d4
15118679ns          294571 1c008254 68e776c3 fmadd.s          f13, f14, f14, f13  f13=xxxxxxxx f14:3e9f5306 f14:3e9f5306 f13:428422a2
15118699ns          294572 1c00824c 0046270b p.lw             x14, 4(x12!)        x14=3f202a67 x12=100016c0 x12:100016bc  PA:100016bc
15118739ns          294574 1c008250 08b77753 fsub.s           f14, f14, f11       f14=xxxxxxxx f14:3f202a67 f11:3ccb80d4
15118759ns          294575 1c008254 68e776c3 fmadd.s          f13, f14, f14, f13  f13=xxxxxxxx f14:3f19ce60 f14:3f19ce60 f13:42845436
15118779ns          294576 1c00824c 0046270b p.lw             x14, 4(x12!)        x14=3f58af2a x12=100016c4 x12:100016c0  PA:100016c0
15118820ns          294578 1c008250 08b77753 fsub.s           f14, f14, f11       f14=xxxxxxxx f14:3f58af2a f11:3ccb80d4
15118840ns          294579 1c008254 68e776c3 fmadd.s          f13, f14, f14, f13  f13=xxxxxxxx f14:3f525323 f14:3f525323 f13:42850d07
15118860ns          294580 1c00824c 0046270b p.lw             x14, 4(x12!)        x14=3f795b97 x12=100016c8 x12:100016c4  PA:100016c4
15118900ns          294582 1c008250 08b77753 fsub.s           f14, f14, f11       f14=xxxxxxxx f14:3f795b97 f11:3ccb80d4
15118920ns          294583 1c008254 68e776c3 fmadd.s          f13, f14, f14, f13  f13=xxxxxxxx f14:3f72ff90 f14:3f72ff90 f13:428666a0
15118940ns          294584 1c00824c 0046270b p.lw             x14, 4(x12!)        x14=3f7e9739 x12=100016cc x12:100016c8  PA:100016c8
15118980ns          294586 1c008250 08b77753 fsub.s           f14, f14, f11       f14=xxxxxxxx f14:3f7e9739 f11:3ccb80d4
15119000ns          294587 1c008254 68e776c3 fmadd.s          f13, f14, f14, f13  f13=xxxxxxxx f14:3f783b32 f14:3f783b32 f13:428833f0
15119020ns          294588 1c00824c 0046270b p.lw             x14, 4(x12!)        x14=3f67cea8 x12=100016d0 x12:100016cc  PA:100016cc
15119060ns          294590 1c008250 08b77753 fsub.s           f14, f14, f11       f14=xxxxxxxx f14:3f67cea8 f11:3ccb80d4
15119080ns          294591 1c008254 68e776c3 fmadd.s          f13, f14, f14, f13  f13=xxxxxxxx f14:3f6172a1 f14:3f6172a1 f13:428a1555
15119100ns          294592 1c00824c 0046270b p.lw             x14, 4(x12!)        x14=3f3783b6 x12=100016d4 x12:100016d0  PA:100016d0
15119141ns          294594 1c008250 08b77753 fsub.s           f14, f14, f11       f14=xxxxxxxx f14:3f3783b6 f11:3ccb80d4
15119161ns          294595 1c008254 68e776c3 fmadd.s          f13, f14, f14, f13  f13=xxxxxxxx f14:3f3127af f14:3f3127af f13:428ba26a
15119181ns          294596 1c00824c 0046270b p.lw             x14, 4(x12!)        x14=3ee60dc8 x12=100016d8 x12:100016d4  PA:100016d4
15119221ns          294598 1c008250 08b77753 fsub.s           f14, f14, f11       f14=xxxxxxxx f14:3ee60dc8 f11:3ccb80d4
15119241ns          294599 1c008254 68e776c3 fmadd.s          f13, f14, f14, f13  f13=xxxxxxxx f14:3ed955bb f14:3ed955bb f13:428c979a
15119261ns          294600 1c00824c 0046270b p.lw             x14, 4(x12!)        x14=3e078652 x12=100016dc x12:100016d8  PA:100016d8
15119301ns          294602 1c008250 08b77753 fsub.s           f14, f14, f11       f14=xxxxxxxx f14:3e078652 f11:3ccb80d4
15119321ns          294603 1c008254 68e776c3 fmadd.s          f13, f14, f14, f13  f13=xxxxxxxx f14:3ddc2c6f f14:3ddc2c6f f13:428cf3db
15119341ns          294604 1c00824c 0046270b p.lw             x14, 4(x12!)        x14=be4bf8d1 x12=100016e0 x12:100016dc  PA:100016dc
15119381ns          294606 1c008250 08b77753 fsub.s           f14, f14, f11       f14=xxxxxxxx f14:be4bf8d1 f11:3ccb80d4
15119401ns          294607 1c008254 68e776c3 fmadd.s          f13, f14, f14, f13  f13=xxxxxxxx f14:be6568ec f14:be6568ec f13:428cf9c6
15119421ns          294608 1c00824c 0046270b p.lw             x14, 4(x12!)        x14=bf02416f x12=100016e4 x12:100016e0  PA:100016e0
15119462ns          294610 1c008250 08b77753 fsub.s           f14, f14, f11       f14=xxxxxxxx f14:bf02416f f11:3ccb80d4
15119482ns          294611 1c008254 68e776c3 fmadd.s          f13, f14, f14, f13  f13=xxxxxxxx f14:bf089d76 f14:bf089d76 f13:428d1379
15119502ns          294612 1c00824c 0046270b p.lw             x14, 4(x12!)        x14=bf432f2e x12=100016e8 x12:100016e4  PA:100016e4
15119542ns          294614 1c008250 08b77753 fsub.s           f14, f14, f11       f14=xxxxxxxx f14:bf432f2e f11:3ccb80d4
15119562ns          294615 1c008254 68e776c3 fmadd.s          f13, f14, f14, f13  f13=xxxxxxxx f14:bf498b35 f14:bf498b35 f13:428da548
15119582ns          294616 1c00824c 0046270b p.lw             x14, 4(x12!)        x14=bf6ea249 x12=100016ec x12:100016e8  PA:100016e8
15119622ns          294618 1c008250 08b77753 fsub.s           f14, f14, f11       f14=xxxxxxxx f14:bf6ea249 f11:3ccb80d4
15119642ns          294619 1c008254 68e776c3 fmadd.s          f13, f14, f14, f13  f13=xxxxxxxx f14:bf74fe50 f14:bf74fe50 f13:428ee2a0
15119662ns          294620 1c00824c 0046270b p.lw             x14, 4(x12!)        x14=bf7fd2b3 x12=100016f0 x12:100016ec  PA:100016ec
15119702ns          294622 1c008250 08b77753 fsub.s           f14, f14, f11       f14=xxxxxxxx f14:bf7fd2b3 f11:3ccb80d4
15119722ns          294623 1c008254 68e776c3 fmadd.s          f13, f14, f14, f13  f13=xxxxxxxx f14:bf83175d f14:bf83175d f13:4290b78c
15119743ns          294624 1c00824c 0046270b p.lw             x14, 4(x12!)        x14=bf74dc33 x12=100016f4 x12:100016f0  PA:100016f0
15119783ns          294626 1c008250 08b77753 fsub.s           f14, f14, f11       f14=xxxxxxxx f14:bf74dc33 f11:3ccb80d4
15119803ns          294627 1c008254 68e776c3 fmadd.s          f13, f14, f14, f13  f13=xxxxxxxx f14:bf7b383a f14:bf7b383a f13:4292d093
15119823ns          294628 1c00824c 0046270b p.lw             x14, 4(x12!)        x14=bf4ef39c x12=100016f8 x12:100016f4  PA:100016f4
15119863ns          294630 1c008250 08b77753 fsub.s           f14, f14, f11       f14=xxxxxxxx f14:bf4ef39c f11:3ccb80d4
15119883ns          294631 1c008254 68e776c3 fmadd.s          f13, f14, f14, f13  f13=xxxxxxxx f14:bf554fa3 f14:bf554fa3 f13:4294bda2
15119903ns          294632 1c00824c 0046270b p.lw             x14, 4(x12!)        x14=bf1244e0 x12=100016fc x12:100016f8  PA:100016f8
15119943ns          294634 1c008250 08b77753 fsub.s           f14, f14, f11       f14=xxxxxxxx f14:bf1244e0 f11:3ccb80d4
15119963ns          294635 1c008254 68e776c3 fmadd.s          f13, f14, f14, f13  f13=xxxxxxxx f14:bf18a0e7 f14:bf18a0e7 f13:4296211d
15119983ns          294636 1c00824c 0046270b p.lw             x14, 4(x12!)        x14=be8afb0d x12=10001700 x12:100016fc  PA:100016fc
15120023ns          294638 1c008250 08b77753 fsub.s           f14, f14, f11       f14=xxxxxxxx f14:be8afb0d f11:3ccb80d4
15120044ns          294639 1c008254 68e776c3 fmadd.s          f13, f14, f14, f13  f13=xxxxxxxx f14:be97b31a f14:be97b31a f13:4296d71c
15120064ns          294640 1c00824c 0046270b p.lw             x14, 4(x12!)        x14=3d6ef7a4 x12=10001704 x12:10001700  PA:10001700
15120104ns          294642 1c008250 08b77753 fsub.s           f14, f14, f11       f14=xxxxxxxx f14:3d6ef7a4 f11:3ccb80d4
15120124ns          294643 1c008254 68e776c3 fmadd.s          f13, f14, f14, f13  f13=xxxxxxxx f14:3d09373a f14:3d09373a f13:4297040e
15120144ns          294644 1c00824c 0046270b p.lw             x14, 4(x12!)        x14=3ec36f78 x12=10001708 x12:10001704  PA:10001704
15120184ns          294646 1c008250 08b77753 fsub.s           f14, f14, f11       f14=xxxxxxxx f14:3ec36f78 f11:3ccb80d4
15120204ns          294647 1c008254 68e776c3 fmadd.s          f13, f14, f14, f13  f13=xxxxxxxx f14:3eb6b76b f14:3eb6b76b f13:429704a1
15120224ns          294648 1c00824c 0046270b p.lw             x14, 4(x12!)        x14=3f29bf20 x12=1000170c x12:10001708  PA:10001708
15120264ns          294650 1c008250 08b77753 fsub.s           f14, f14, f11       f14=xxxxxxxx f14:3f29bf20 f11:3ccb80d4
15120284ns          294651 1c008254 68e776c3 fmadd.s          f13, f14, f14, f13  f13=xxxxxxxx f14:3f236319 f14:3f236319 f13:429745d6
15120304ns          294652 1c00824c 0046270b p.lw             x14, 4(x12!)        x14=3f5f1881 x12=10001710 x12:1000170c  PA:1000170c
15120344ns          294654 1c008250 08b77753 fsub.s           f14, f14, f11       f14=xxxxxxxx f14:3f5f1881 f11:3ccb80d4
15120365ns          294655 1c008254 68e776c3 fmadd.s          f13, f14, f14, f13  f13=xxxxxxxx f14:3f58bc7a f14:3f58bc7a f13:42981665
15120385ns          294656 1c00824c 0046270b p.lw             x14, 4(x12!)        x14=3f7be4ec x12=10001714 x12:10001710  PA:10001710
15120425ns          294658 1c008250 08b77753 fsub.s           f14, f14, f11       f14=xxxxxxxx f14:3f7be4ec f11:3ccb80d4
15120445ns          294659 1c008254 68e776c3 fmadd.s          f13, f14, f14, f13  f13=xxxxxxxx f14:3f7588e5 f14:3f7588e5 f13:42998562
15120465ns          294660 1c00824c 0046270b p.lw             x14, 4(x12!)        x14=3f7cf918 x12=10001718 x12:10001714  PA:10001714
15120505ns          294662 1c008250 08b77753 fsub.s           f14, f14, f11       f14=xxxxxxxx f14:3f7cf918 f11:3ccb80d4
15120525ns          294663 1c008254 68e776c3 fmadd.s          f13, f14, f14, f13  f13=xxxxxxxx f14:3f769d11 f14:3f769d11 f13:429b5c61
15120545ns          294664 1c00824c 0046270b p.lw             x14, 4(x12!)        x14=3f6236a2 x12=1000171c x12:10001718  PA:10001718
15120585ns          294666 1c008250 08b77753 fsub.s           f14, f14, f11       f14=xxxxxxxx f14:3f6236a2 f11:3ccb80d4
15120605ns          294667 1c008254 68e776c3 fmadd.s          f13, f14, f14, f13  f13=xxxxxxxx f14:3f5bda9b f14:3f5bda9b f13:429d3785
15120625ns          294668 1c00824c 0046270b p.lw             x14, 4(x12!)        x14=3f2e8f62 x12=10001720 x12:1000171c  PA:1000171c
15120666ns          294670 1c008250 08b77753 fsub.s           f14, f14, f11       f14=xxxxxxxx f14:3f2e8f62 f11:3ccb80d4
15120686ns          294671 1c008254 68e776c3 fmadd.s          f13, f14, f14, f13  f13=xxxxxxxx f14:3f28335b f14:3f28335b f13:429eb124
15120706ns          294672 1c00824c 0046270b p.lw             x14, 4(x12!)        x14=3ecf650b x12=10001724 x12:10001720  PA:10001720
15120746ns          294674 1c008250 08b77753 fsub.s           f14, f14, f11       f14=xxxxxxxx f14:3ecf650b f11:3ccb80d4
15120766ns          294675 1c008254 68e776c3 fmadd.s          f13, f14, f14, f13  f13=xxxxxxxx f14:3ec2acfe f14:3ec2acfe f13:429f8e2b
15120786ns          294676 1c00824c 0046270b p.lw             x14, 4(x12!)        x14=3dab62b6 x12=10001728 x12:10001724  PA:10001724
15120826ns          294678 1c008250 08b77753 fsub.s           f14, f14, f11       f14=xxxxxxxx f14:3dab62b6 f11:3ccb80d4
15120846ns          294679 1c008254 68e776c3 fmadd.s          f13, f14, f14, f13  f13=xxxxxxxx f14:3d710502 f14:3d710502 f13:429fd830
15120866ns          294680 1c00824c 0046270b p.lw             x14, 4(x12!)        x14=be7cd572 x12=1000172c x12:10001728  PA:10001728
15120906ns          294682 1c008250 08b77753 fsub.s           f14, f14, f11       f14=xxxxxxxx f14:be7cd572 f11:3ccb80d4
15120926ns          294683 1c008254 68e776c3 fmadd.s          f13, f14, f14, f13  f13=xxxxxxxx f14:be8b22c6 f14:be8b22c6 f13:429fd9f6
15120946ns          294684 1c00824c 0046270b p.lw             x14, 4(x12!)        x14=bf0ce260 x12=10001730 x12:1000172c  PA:1000172c
15120987ns          294686 1c008250 08b77753 fsub.s           f14, f14, f11       f14=xxxxxxxx f14:bf0ce260 f11:3ccb80d4
15121007ns          294687 1c008254 68e776c3 fmadd.s          f13, f14, f14, f13  f13=xxxxxxxx f14:bf133e67 f14:bf133e67 f13:429fffc5
15121027ns          294688 1c00824c 0046270b p.lw             x14, 4(x12!)        x14=bf4b0e7b x12=10001734 x12:10001730  PA:10001730
15121067ns          294690 1c008250 08b77753 fsub.s           f14, f14, f11       f14=xxxxxxxx f14:bf4b0e7b f11:3ccb80d4
15121087ns          294691 1c008254 68e776c3 fmadd.s          f13, f14, f14, f13  f13=xxxxxxxx f14:bf516a82 f14:bf516a82 f13:42a0a926
15121107ns          294692 1c00824c 0046270b p.lw             x14, 4(x12!)        x14=bf72e22b x12=10001738 x12:10001734  PA:10001734
15121147ns          294694 1c008250 08b77753 fsub.s           f14, f14, f11       f14=xxxxxxxx f14:bf72e22b f11:3ccb80d4
15121167ns          294695 1c008254 68e776c3 fmadd.s          f13, f14, f14, f13  f13=xxxxxxxx f14:bf793e32 f14:bf793e32 f13:42a1ffc4
15121187ns          294696 1c00824c 0046270b p.lw             x14, 4(x12!)        x14=bf7ffb74 x12=1000173c x12:10001738  PA:10001738
15121227ns          294698 1c008250 08b77753 fsub.s           f14, f14, f11       f14=xxxxxxxx f14:bf7ffb74 f11:3ccb80d4
15121247ns          294699 1c008254 68e776c3 fmadd.s          f13, f14, f14, f13  f13=xxxxxxxx f14:bf832bbd f14:bf832bbd f13:42a3e518
15121268ns          294700 1c00824c 0046270b p.lw             x14, 4(x12!)        x14=bf70e957 x12=10001740 x12:1000173c  PA:1000173c
15121308ns          294702 1c008250 08b77753 fsub.s           f14, f14, f11       f14=xxxxxxxx f14:bf70e957 f11:3ccb80d4
15121328ns          294703 1c008254 68e776c3 fmadd.s          f13, f14, f14, f13  f13=xxxxxxxx f14:bf77455e f14:bf77455e f13:42a5fec6
15121348ns          294704 1c00824c 0046270b p.lw             x14, 4(x12!)        x14=bf47545f x12=10001744 x12:10001740  PA:10001740
15121388ns          294706 1c008250 08b77753 fsub.s           f14, f14, f11       f14=xxxxxxxx f14:bf47545f f11:3ccb80d4
15121408ns          294707 1c008254 68e776c3 fmadd.s          f13, f14, f14, f13  f13=xxxxxxxx f14:bf4db066 f14:bf4db066 f13:42a7dc74
15121428ns          294708 1c00824c 0046270b p.lw             x14, 4(x12!)        x14=bf07cffd x12=10001748 x12:10001744  PA:10001744
15121468ns          294710 1c008250 08b77753 fsub.s           f14, f14, f11       f14=xxxxxxxx f14:bf07cffd f11:3ccb80d4
15121488ns          294711 1c008254 68e776c3 fmadd.s          f13, f14, f14, f13  f13=xxxxxxxx f14:bf0e2c04 f14:bf0e2c04 f13:42a926fc
15121508ns          294712 1c00824c 0046270b p.lw             x14, 4(x12!)        x14=be656642 x12=1000174c x12:10001748  PA:10001748
15121548ns          294714 1c008250 08b77753 fsub.s           f14, f14, f11       f14=xxxxxxxx f14:be656642 f11:3ccb80d4
15121568ns          294715 1c008254 68e776c3 fmadd.s          f13, f14, f14, f13  f13=xxxxxxxx f14:be7ed65c f14:be7ed65c f13:42a9c4e6
15121589ns          294716 1c00824c 0046270b p.lw             x14, 4(x12!)        x14=3ddb63fb x12=10001750 x12:1000174c  PA:1000174c
15121629ns          294718 1c008250 08b77753 fsub.s           f14, f14, f11       f14=xxxxxxxx f14:3ddb63fb f11:3ccb80d4
15121649ns          294719 1c008254 68e776c3 fmadd.s          f13, f14, f14, f13  f13=xxxxxxxx f14:3da883c6 f14:3da883c6 f13:42a9e49c
15121669ns          294720 1c00824c 0046270b p.lw             x14, 4(x12!)        x14=3eda5bff x12=10001754 x12:10001750  PA:10001750
15121709ns          294722 1c008250 08b77753 fsub.s           f14, f14, f11       f14=xxxxxxxx f14:3eda5bff f11:3ccb80d4
15121729ns          294723 1c008254 68e776c3 fmadd.s          f13, f14, f14, f13  f13=xxxxxxxx f14:3ecda3f2 f14:3ecda3f2 f13:42a9e813
15121749ns          294724 1c00824c 0046270b p.lw             x14, 4(x12!)        x14=3f32ebba x12=10001758 x12:10001754  PA:10001754
15121789ns          294726 1c008250 08b77753 fsub.s           f14, f14, f11       f14=xxxxxxxx f14:3f32ebba f11:3ccb80d4
15121809ns          294727 1c008254 68e776c3 fmadd.s          f13, f14, f14, f13  f13=xxxxxxxx f14:3f2c8fb3 f14:3f2c8fb3 f13:42aa3aab
15121829ns          294728 1c00824c 0046270b p.lw             x14, 4(x12!)        x14=3f64f8fe x12=1000175c x12:10001758  PA:10001758
15121869ns          294730 1c008250 08b77753 fsub.s           f14, f14, f11       f14=xxxxxxxx f14:3f64f8fe f11:3ccb80d4
15121890ns          294731 1c008254 68e776c3 fmadd.s          f13, f14, f14, f13  f13=xxxxxxxx f14:3f5e9cf7 f14:3f5e9cf7 f13:42ab234e
15121910ns          294732 1c00824c 0046270b p.lw             x14, 4(x12!)        x14=3f7dd3bc x12=10001760 x12:1000175c  PA:1000175c
15121950ns          294734 1c008250 08b77753 fsub.s           f14, f14, f11       f14=xxxxxxxx f14:3f7dd3bc f11:3ccb80d4
15121970ns          294735 1c008254 68e776c3 fmadd.s          f13, f14, f14, f13  f13=xxxxxxxx f14:3f7777b5 f14:3f7777b5 f13:42aca677
15121990ns          294736 1c00824c 0046270b p.lw             x14, 4(x12!)        x14=3f7abfc8 x12=10001764 x12:10001760  PA:10001760
15122030ns          294738 1c008250 08b77753 fsub.s           f14, f14, f11       f14=xxxxxxxx f14:3f7abfc8 f11:3ccb80d4
15122050ns          294739 1c008254 68e776c3 fmadd.s          f13, f14, f14, f13  f13=xxxxxxxx f14:3f7463c1 f14:3f7463c1 f13:42ae84e7
15122070ns          294740 1c00824c 0046270b p.lw             x14, 4(x12!)        x14=3f5c13d9 x12=10001768 x12:10001764  PA:10001764
15122110ns          294742 1c008250 08b77753 fsub.s           f14, f14, f11       f14=xxxxxxxx f14:3f5c13d9 f11:3ccb80d4
15122130ns          294743 1c008254 68e776c3 fmadd.s          f13, f14, f14, f13  f13=xxxxxxxx f14:3f55b7d2 f14:3f55b7d2 f13:42b05784
15122150ns          294744 1c00824c 0046270b p.lw             x14, 4(x12!)        x14=3f252ffb x12=1000176c x12:10001768  PA:10001768
15122191ns          294746 1c008250 08b77753 fsub.s           f14, f14, f11       f14=xxxxxxxx f14:3f252ffb f11:3ccb80d4
15122211ns          294747 1c008254 68e776c3 fmadd.s          f13, f14, f14, f13  f13=xxxxxxxx f14:3f1ed3f4 f14:3f1ed3f4 f13:42b1bc5b
15122231ns          294748 1c00824c 0046270b p.lw             x14, 4(x12!)        x14=3eb83d16 x12=10001770 x12:1000176c  PA:1000176c
15122271ns          294750 1c008250 08b77753 fsub.s           f14, f14, f11       f14=xxxxxxxx f14:3eb83d16 f11:3ccb80d4
15122291ns          294751 1c008254 68e776c3 fmadd.s          f13, f14, f14, f13  f13=xxxxxxxx f14:3eab8509 f14:3eab8509 f13:42b28170
15122311ns          294752 1c00824c 0046270b p.lw             x14, 4(x12!)        x14=3d0e9f46 x12=10001774 x12:10001770  PA:10001770
15122351ns          294754 1c008250 08b77753 fsub.s           f14, f14, f11       f14=xxxxxxxx f14:3d0e9f46 f11:3ccb80d4
15122371ns          294755 1c008254 68e776c3 fmadd.s          f13, f14, f14, f13  f13=xxxxxxxx f14:3c237b70 f14:3c237b70 f13:42b2bae5
15122391ns          294756 1c00824c 0046270b p.lw             x14, 4(x12!)        x14=be968b7c x12=10001778 x12:10001774  PA:10001774
15122431ns          294758 1c008250 08b77753 fsub.s           f14, f14, f11       f14=xxxxxxxx f14:be968b7c f11:3ccb80d4
15122451ns          294759 1c008254 68e776c3 fmadd.s          f13, f14, f14, f13  f13=xxxxxxxx f14:bea34389 f14:bea34389 f13:42b2baf2
15122471ns          294760 1c00824c 0046270b p.lw             x14, 4(x12!)        x14=bf172ce4 x12=1000177c x12:10001778  PA:10001778
15122512ns          294762 1c008250 08b77753 fsub.s           f14, f14, f11       f14=xxxxxxxx f14:bf172ce4 f11:3ccb80d4
15122532ns          294763 1c008254 68e776c3 fmadd.s          f13, f14, f14, f13  f13=xxxxxxxx f14:bf1d88eb f14:bf1d88eb f13:42b2ef02
15122552ns          294764 1c00824c 0046270b p.lw             x14, 4(x12!)        x14=bf527138 x12=10001780 x12:1000177c  PA:1000177c
15122592ns          294766 1c008250 08b77753 fsub.s           f14, f14, f11       f14=xxxxxxxx f14:bf527138 f11:3ccb80d4
15122612ns          294767 1c008254 68e776c3 fmadd.s          f13, f14, f14, f13  f13=xxxxxxxx f14:bf58cd3f f14:bf58cd3f f13:42b3b0e4
15122632ns          294768 1c00824c 0046270b p.lw             x14, 4(x12!)        x14=bf768d10 x12=10001784 x12:10001780  PA:10001780
15122672ns          294770 1c008250 08b77753 fsub.s           f14, f14, f11       f14=xxxxxxxx f14:bf768d10 f11:3ccb80d4
15122692ns          294771 1c008254 68e776c3 fmadd.s          f13, f14, f14, f13  f13=xxxxxxxx f14:bf7ce917 f14:bf7ce917 f13:42b5201a
15122712ns          294772 1c00824c 0046270b p.lw             x14, 4(x12!)        x14=bf7f872f x12=10001788 x12:10001784  PA:10001784
15122752ns          294774 1c008250 08b77753 fsub.s           f14, f14, f11       f14=xxxxxxxx f14:bf7f872f f11:3ccb80d4
15122772ns          294775 1c008254 68e776c3 fmadd.s          f13, f14, f14, f13  f13=xxxxxxxx f14:bf82f19b f14:bf82f19b f13:42b713d1
15122792ns          294776 1c00824c 0046270b p.lw             x14, 4(x12!)        x14=bf6c62b3 x12=1000178c x12:10001788  PA:10001788
15122833ns          294778 1c008250 08b77753 fsub.s           f14, f14, f11       f14=xxxxxxxx f14:bf6c62b3 f11:3ccb80d4
15122853ns          294779 1c008254 68e776c3 fmadd.s          f13, f14, f14, f13  f13=xxxxxxxx f14:bf72beba f14:bf72beba f13:42b92ba3
15122873ns          294780 1c00824c 0046270b p.lw             x14, 4(x12!)        x14=bf3f3add x12=10001790 x12:1000178c  PA:1000178c
15122913ns          294782 1c008250 08b77753 fsub.s           f14, f14, f11       f14=xxxxxxxx f14:bf3f3add f11:3ccb80d4
15122933ns          294783 1c008254 68e776c3 fmadd.s          f13, f14, f14, f13  f13=xxxxxxxx f14:bf4596e4 f14:bf4596e4 f13:42baf7fd
15122953ns          294784 1c00824c 0046270b p.lw             x14, 4(x12!)        x14=befa0f94 x12=10001794 x12:10001790  PA:10001790
15122993ns          294786 1c008250 08b77753 fsub.s           f14, f14, f11       f14=xxxxxxxx f14:befa0f94 f11:3ccb80d4
15123013ns          294787 1c008254 68e776c3 fmadd.s          f13, f14, f14, f13  f13=xxxxxxxx f14:bf0363d1 f14:bf0363d1 f13:42bc2900
15123033ns          294788 1c00824c 0046270b p.lw             x14, 4(x12!)        x14=be3449af x12=10001798 x12:10001794  PA:10001794
15123073ns          294790 1c008250 08b77753 fsub.s           f14, f14, f11       f14=xxxxxxxx f14:be3449af f11:3ccb80d4
15123093ns          294791 1c008254 68e776c3 fmadd.s          f13, f14, f14, f13  f13=xxxxxxxx f14:be4db9ca f14:be4db9ca f13:42bcafdf
15123114ns          294792 1c00824c 0046270b p.lw             x14, 4(x12!)        x14=3e1f62ca x12=1000179c x12:10001798  PA:10001798
15123154ns          294794 1c008250 08b77753 fsub.s           f14, f14, f11       f14=xxxxxxxx f14:3e1f62ca f11:3ccb80d4
15123174ns          294795 1c008254 68e776c3 fmadd.s          f13, f14, f14, f13  f13=xxxxxxxx f14:3e05f2b0 f14:3e05f2b0 f13:42bcc489
15123194ns          294796 1c00824c 0046270b p.lw             x14, 4(x12!)        x14=3ef0c291 x12=100017a0 x12:1000179c  PA:1000179c
15123234ns          294798 1c008250 08b77753 fsub.s           f14, f14, f11       f14=xxxxxxxx f14:3ef0c291 f11:3ccb80d4
15123254ns          294799 1c008254 68e776c3 fmadd.s          f13, f14, f14, f13  f13=xxxxxxxx f14:3ee40a84 f14:3ee40a84 f13:42bccd4c
15123274ns          294800 1c00824c 0046270b p.lw             x14, 4(x12!)        x14=3f3baa93 x12=100017a4 x12:100017a0  PA:100017a0
15123314ns          294802 1c008250 08b77753 fsub.s           f14, f14, f11       f14=xxxxxxxx f14:3f3baa93 f11:3ccb80d4
15123334ns          294803 1c008254 68e776c3 fmadd.s          f13, f14, f14, f13  f13=xxxxxxxx f14:3f354e8c f14:3f354e8c f13:42bd32dd
15123354ns          294804 1c00824c 0046270b p.lw             x14, 4(x12!)        x14=3f6a4d06 x12=100017a8 x12:100017a4  PA:100017a4
15123394ns          294806 1c008250 08b77753 fsub.s           f14, f14, f11       f14=xxxxxxxx f14:3f6a4d06 f11:3ccb80d4
15123414ns          294807 1c008254 68e776c3 fmadd.s          f13, f14, f14, f13  f13=xxxxxxxx f14:3f63f0ff f14:3f63f0ff f13:42be33ad
15123435ns          294808 1c00824c 0046270b p.lw             x14, 4(x12!)        x14=3f7f26d9 x12=100017ac x12:100017a8  PA:100017a8
15123475ns          294810 1c008250 08b77753 fsub.s           f14, f14, f11       f14=xxxxxxxx f14:3f7f26d9 f11:3ccb80d4
15123495ns          294811 1c008254 68e776c3 fmadd.s          f13, f14, f14, f13  f13=xxxxxxxx f14:3f78cad2 f14:3f78cad2 f13:42bfc998
15123515ns          294812 1c00824c 0046270b p.lw             x14, 4(x12!)        x14=3f77eca9 x12=100017b0 x12:100017ac  PA:100017ac
15123555ns          294814 1c008250 08b77753 fsub.s           f14, f14, f11       f14=xxxxxxxx f14:3f77eca9 f11:3ccb80d4
15123575ns          294815 1c008254 68e776c3 fmadd.s          f13, f14, f14, f13  f13=xxxxxxxx f14:3f7190a2 f14:3f7190a2 f13:42c1ad2b
15123595ns          294816 1c00824c 0046270b p.lw             x14, 4(x12!)        x14=3f556a10 x12=100017b4 x12:100017b0  PA:100017b0
15123635ns          294818 1c008250 08b77753 fsub.s           f14, f14, f11       f14=xxxxxxxx f14:3f556a10 f11:3ccb80d4
15123655ns          294819 1c008254 68e776c3 fmadd.s          f13, f14, f14, f13  f13=xxxxxxxx f14:3f4f0e09 f14:3f4f0e09 f13:42c3750e
15123675ns          294820 1c00824c 0046270b p.lw             x14, 4(x12!)        x14=3f1b6b3f x12=100017b8 x12:100017b4  PA:100017b4
15123715ns          294822 1c008250 08b77753 fsub.s           f14, f14, f11       f14=xxxxxxxx f14:3f1b6b3f f11:3ccb80d4
15123736ns          294823 1c008254 68e776c3 fmadd.s          f13, f14, f14, f13  f13=xxxxxxxx f14:3f150f38 f14:3f150f38 f13:42c4c3fd
15123756ns          294824 1c00824c 0046270b p.lw             x14, 4(x12!)        x14=3ea0a41e x12=100017bc x12:100017b8  PA:100017b8
15123796ns          294826 1c008250 08b77753 fsub.s           f14, f14, f11       f14=xxxxxxxx f14:3ea0a41e f11:3ccb80d4
15123816ns          294827 1c008254 68e776c3 fmadd.s          f13, f14, f14, f13  f13=xxxxxxxx f14:3e93ec11 f14:3e93ec11 f13:42c57192
15123836ns          294828 1c00824c 0046270b p.lw             x14, 4(x12!)        x14=bc677921 x12=100017c0 x12:100017bc  PA:100017bc
15123876ns          294830 1c008250 08b77753 fsub.s           f14, f14, f11       f14=xxxxxxxx f14:bc677921 f11:3ccb80d4
15123896ns          294831 1c008254 68e776c3 fmadd.s          f13, f14, f14, f13  f13=xxxxxxxx f14:bd1f9eb2 f14:bd1f9eb2 f13:42c59c4e
15123916ns          294832 1c00824c 0046270b p.lw             x14, 4(x12!)        x14=beae4fe6 x12=100017c4 x12:100017c0  PA:100017c0
15123956ns          294834 1c008250 08b77753 fsub.s           f14, f14, f11       f14=xxxxxxxx f14:beae4fe6 f11:3ccb80d4
15123976ns          294835 1c008254 68e776c3 fmadd.s          f13, f14, f14, f13  f13=xxxxxxxx f14:bebb07f3 f14:bebb07f3 f13:42c59d15
15123996ns          294836 1c00824c 0046270b p.lw             x14, 4(x12!)        x14=bf211aae x12=100017c8 x12:100017c4  PA:100017c4
15124037ns          294838 1c008250 08b77753 fsub.s           f14, f14, f11       f14=xxxxxxxx f14:bf211aae f11:3ccb80d4
15124057ns          294839 1c008254 68e776c3 fmadd.s          f13, f14, f14, f13  f13=xxxxxxxx f14:bf2776b5 f14:bf2776b5 f13:42c5e167
15124077ns          294840 1c008258 00449793 slli             x15, x9, 0x4        x15=00000020  x9:00000002
15124097ns          294841 1c00825c 012787b3 add              x15, x15, x18       x15=1c010020 x15:00000020 x18:1c010000
15124117ns          294842 1c00825e 0207a483 lw               x9, 32(x15)          x9=409efcf0 x15:1c010020  PA:1c010040
15124518ns          294862 1c008260 00198793 addi             x15, x19, 1         x15=00000009 x19:00000008
15124558ns          294864 1c008264 00279793 slli             x15, x15, 0x2       x15=00000024 x15:00000009
15124578ns          294865 1c008266 a09a0753 fle.s            x14, f20, f9        x14=00000001 f20:409efca6  f9:409efcf0
15124598ns          294866 1c00826a 012787b3 add              x15, x15, x18       x15=1c010024 x15:00000024 x18:1c010000
15124618ns          294867 1c00826c 0207aa83 lw               x21, 32(x15)        x21=409efc20 x15:1c010024  PA:1c010044
15125040ns          294888 1c008270 1c0007b7 lui              x15, 0x1c000000     x15=1c000000
15125060ns          294889 1c008274 0287a403 lw               x8, 40(x15)          x8=43470000 x15:1c000000  PA:1c000028
15125501ns          294911 1c008278 1886f453 fdiv.s           f8, f13, f8          f8=xxxxxxxx f13:42c6bc7f  f8:43470000
15125883ns          294930 1c00827c 1c071463 bne              x14, x0, 456        x14:00000001
15126043ns          294938 1c008444 a14a87d3 fle.s            x15, f21, f20       x15=00000001 f21:409efc20 f20:409efca6
15126184ns          294945 1c008448 00100693 addi             x13, x0, 1          x13=00000001
15126204ns          294946 1c00844a f80794e3 bne              x15, x0, -120       x15:00000001
15126685ns          294970 1c0083d2 00298793 addi             x15, x19, 2         x15=0000000a x19:00000008
15126705ns          294971 1c0083d6 00279793 slli             x15, x15, 0x2       x15=00000028 x15:0000000a
15126725ns          294972 1c0083d8 012787b3 add              x15, x15, x18       x15=1c010028 x15:00000028 x18:1c010000
15126745ns          294973 1c0083da 0207aa03 lw               x20, 32(x15)        x20=3effa9db x15:1c010028  PA:1c010048
15127187ns          294995 1c0083de 00398793 addi             x15, x19, 3         x15=0000000b x19:00000008
15127227ns          294997 1c0083e2 a1440753 fle.s            x14, f8, f20        x14=00000001  f8:3effa929 f20:3effa9db
15127247ns          294998 1c0083e6 00279793 slli             x15, x15, 0x2       x15=0000002c x15:0000000b
15127267ns          294999 1c0083e8 012787b3 add              x15, x15, x18       x15=1c01002c x15:0000002c x18:1c010000
15127287ns          295000 1c0083ea 0207a483 lw               x9, 32(x15)          x9=3effa88b x15:1c01002c  PA:1c01004c
15127688ns          295020 1c0083ec 08070e63 beq              x14, x0, 156        x14:00000001
15127708ns          295021 1c0083ee a08487d3 fle.s            x15, f9, f8         x15=00000001  f9:3effa88b  f8:3effa929
15127729ns          295022 1c0083f2 08078b63 beq              x15, x0, 150        x15:00000001
15127749ns          295023 1c0083f4 f14025f3 csrrs            x11, x0, 0xf14      x11=00000002
15127769ns          295024 1c0083f8 f455b5b3 p.bclr           x11, x11, 26, 5     x11=00000002 x11:00000002
15127789ns          295025 1c0083fc 1e068263 beq              x13, x0, 484        x13:00000001
15128230ns          295047 1c008400 1c000537 lui              x10, 0x1c000000     x10=1c000000
15128270ns          295049 1c008404 0c450513 addi             x10, x10, 196       x10=1c0000c4 x10:1c000000
15128290ns          295050 1c008408 24f000ef jal              x1, 2638             x1=1c00840c
15128371ns          295054 1c008e56 fc010113 addi             x2, x2, -64          x2=10001468  x2:100014a8
15128411ns          295056 1c008e58 02410313 addi             x6, x2, 36           x6=1000148c  x2:10001468
15128431ns          295057 1c008e5c 02c12423 sw               x12, 40(x2)         x12:100017c8  x2:10001468  PA:10001490
15128451ns          295058 1c008e5e 00a00633 add              x12, x0, x10        x12=1c0000c4 x10:1c0000c4
15128491ns          295060 1c008e60 1c009537 lui              x10, 0x1c009000     x10=1c009000
15128531ns          295062 1c008e64 02b12223 sw               x11, 36(x2)         x11:00000002  x2:10001468  PA:1000148c
15128551ns          295063 1c008e66 02d12623 sw               x13, 44(x2)         x13:00000001  x2:10001468  PA:10001494
15128571ns          295064 1c008e68 00200593 addi             x11, x0, 2          x11=00000002
15128591ns          295065 1c008e6a 006006b3 add              x13, x0, x6         x13=1000148c  x6:1000148c
15128611ns          295066 1c008e6c dea50513 addi             x10, x10, -534      x10=1c008dea x10:1c009000
15128631ns          295067 1c008e70 00112e23 sw               x1, 28(x2)           x1:1c00840c  x2:10001468  PA:10001484
15128652ns          295068 1c008e72 02e12823 sw               x14, 48(x2)         x14:00000001  x2:10001468  PA:10001498
15128672ns          295069 1c008e74 02f12a23 sw               x15, 52(x2)         x15:00000001  x2:10001468  PA:1000149c
15128692ns          295070 1c008e76 03012c23 sw               x16, 56(x2)         x16:xxxxxxxx  x2:10001468  PA:100014a0
15128712ns          295071 1c008e78 03112e23 sw               x17, 60(x2)         x17:xxxxxxxx  x2:10001468  PA:100014a4
15128732ns          295072 1c008e7a 00612623 sw               x6, 12(x2)           x6:1000148c  x2:10001468  PA:10001474
15128752ns          295073 1c008e7c fbfff0ef jal              x1, -66              x1=1c008e7e
15129615ns          295116 1c008e3a 04a0006f jal              x0, 74             
15129655ns          295118 1c008e84 ed010113 addi             x2, x2, -304         x2=10001338  x2:10001468
15129675ns          295119 1c008e86 12812423 sw               x8, 296(x2)          x8:3effa929  x2:10001338  PA:10001460
15129695ns          295120 1c008e8a 00000413 addi             x8, x0, 0            x8=00000000
15129715ns          295121 1c008e8c 11612823 sw               x22, 272(x2)        x22:3eaaa273  x2:10001338  PA:10001448
15129755ns          295123 1c008e90 11712623 sw               x23, 268(x2)        x23:100017c8  x2:10001338  PA:10001444
15129795ns          295125 1c008e94 11812423 sw               x24, 264(x2)        x24:3fc90fdb  x2:10001338  PA:10001440
15129815ns          295126 1c008e98 11912223 sw               x25, 260(x2)        x25:3f800000  x2:10001338  PA:1000143c
15129835ns          295127 1c008e9c 11a12023 sw               x26, 256(x2)        x26:xxxxxxxx  x2:10001338  PA:10001438
15129896ns          295130 1c008ea0 0fb12e23 sw               x27, 252(x2)        x27:xxxxxxxx  x2:10001338  PA:10001434
15129936ns          295132 1c008ea2 12112623 sw               x1, 300(x2)          x1:1c008e7e  x2:10001338  PA:10001464
15129956ns          295133 1c008ea6 00800db3 add              x27, x0, x8         x27=00000000  x8:00000000
15129976ns          295134 1c008ea8 12912223 sw               x9, 292(x2)          x9:3effa88b  x2:10001338  PA:1000145c
15129996ns          295135 1c008eac 13212023 sw               x18, 288(x2)        x18:1c010000  x2:10001338  PA:10001458
15130036ns          295137 1c008eb0 11312e23 sw               x19, 284(x2)        x19:00000008  x2:10001338  PA:10001454
15130076ns          295139 1c008eb4 11412c23 sw               x20, 280(x2)        x20:3effa9db  x2:10001338  PA:10001450
15130096ns          295140 1c008eb8 11512a23 sw               x21, 276(x2)        x21:409efc20  x2:10001338  PA:1000144c
15130116ns          295141 1c008ebc 00a00b33 add              x22, x0, x10        x22=1c008dea x10:1c008dea
15130136ns          295142 1c008ebe 00b00d33 add              x26, x0, x11        x26=00000002 x11:00000002
15130177ns          295144 1c008ec0 00d00c33 add              x24, x0, x13        x24=1000148c x13:1000148c
15130217ns          295146 1c008ec2 1c000bb7 lui              x23, 0x1c000000     x23=1c000000
15130237ns          295147 1c008ec6 02410c93 addi             x25, x2, 36         x25=1000135c  x2:10001338
15130257ns          295148 1c008eca 00c00433 add              x8, x0, x12          x8=1c0000c4 x12:1c0000c4
15130277ns          295149 1c008ecc 00044503 lbu              x10, 0(x8)          x10=0000006b  x8:1c0000c4  PA:1c0000c4
15130598ns          295165 1c008ed0 00140413 addi             x8, x8, 1            x8=1c0000c5  x8:1c0000c4
15130618ns          295166 1c008ed2 00050e63 beq              x10, x0, 28         x10:0000006b
15130638ns          295167 1c008ed4 02500793 addi             x15, x0, 37         x15=00000025
15130658ns          295168 1c008ed8 04f50863 beq              x10, x15, 80        x10:0000006b x15:00000025
15130678ns          295169 1c008edc 01a005b3 add              x11, x0, x26        x11=00000002 x26:00000002
15130698ns          295170 1c008ede 000b00e7 jalr             x1, x22, 0           x1=1c008ee0 x22:1c008dea
15130819ns          295176 1c008dea 000026b7 lui              x13, 0x2000         x13=00002000
15130859ns          295178 1c008dec f14027f3 csrrs            x15, x0, 0xf14      x15=00000002
15130919ns          295181 1c008df0 f8068693 addi             x13, x13, -128      x13=00001f80 x13:00002000
15130959ns          295183 1c008df4 00379713 slli             x14, x15, 0x3       x14=00000010 x15:00000002
15130979ns          295184 1c008df8 00279793 slli             x15, x15, 0x2       x15=00000008 x15:00000002
15130999ns          295185 1c008dfa 00d7f7b3 and              x15, x15, x13       x15=00000000 x15:00000008 x13:00001f80
15131019ns          295186 1c008dfc ee873733 p.bclr           x14, x14, 23, 8     x14=00000010 x14:00000010
15131059ns          295188 1c008e00 1a10f6b7 lui              x13, 0x1a10f000     x13=1a10f000
15131100ns          295190 1c008e04 0ff57513 andi             x10, x10, 255       x10=0000006b x10:0000006b
15131120ns          295191 1c008e08 00d70733 add              x14, x14, x13       x14=1a10f010 x14:00000010 x13:1a10f000
15131140ns          295192 1c008e0a 00a7e723 p.sw             x10, x0(x15)        x10:0000006b x15:00000000  PA:1a10f010
15131501ns          295210 1c008e0e 00000513 addi             x10, x0, 0          x10=00000000
15131521ns          295211 1c008e10 00008067 jalr             x0, x1, 0            x1:1c008ee0
15131561ns          295213 1c008ee0 31f52563 p.beqimm         x10, 778            x10:00000000
15131581ns          295214 1c008ee4 001d8d93 addi             x27, x27, 1         x27=00000001 x27:00000000
15131601ns          295215 1c008ee6 00044503 lbu              x10, 0(x8)          x10=00000065  x8:1c0000c5  PA:1c0000c5
15131902ns          295230 1c008eea 00140413 addi             x8, x8, 1            x8=1c0000c6  x8:1c0000c5
15131922ns          295231 1c008eec fe0514e3 bne              x10, x0, -24        x10:00000065
15131982ns          295234 1c008ed4 02500793 addi             x15, x0, 37         x15=00000025
15132002ns          295235 1c008ed8 04f50863 beq              x10, x15, 80        x10:00000065 x15:00000025
15132023ns          295236 1c008edc 01a005b3 add              x11, x0, x26        x11=00000002 x26:00000002
15132043ns          295237 1c008ede 000b00e7 jalr             x1, x22, 0           x1=1c008ee0 x22:1c008dea
15132083ns          295239 1c008dea 000026b7 lui              x13, 0x2000         x13=00002000
15132103ns          295240 1c008dec f14027f3 csrrs            x15, x0, 0xf14      x15=00000002
15132123ns          295241 1c008df0 f8068693 addi             x13, x13, -128      x13=00001f80 x13:00002000
15132143ns          295242 1c008df4 00379713 slli             x14, x15, 0x3       x14=00000010 x15:00000002
15132163ns          295243 1c008df8 00279793 slli             x15, x15, 0x2       x15=00000008 x15:00000002
15132183ns          295244 1c008dfa 00d7f7b3 and              x15, x15, x13       x15=00000000 x15:00000008 x13:00001f80
15132203ns          295245 1c008dfc ee873733 p.bclr           x14, x14, 23, 8     x14=00000010 x14:00000010
15132223ns          295246 1c008e00 1a10f6b7 lui              x13, 0x1a10f000     x13=1a10f000
15132243ns          295247 1c008e04 0ff57513 andi             x10, x10, 255       x10=00000065 x10:00000065
15132263ns          295248 1c008e08 00d70733 add              x14, x14, x13       x14=1a10f010 x14:00000010 x13:1a10f000
15132283ns          295249 1c008e0a 00a7e723 p.sw             x10, x0(x15)        x10:00000065 x15:00000000  PA:1a10f010
15132624ns          295266 1c008e0e 00000513 addi             x10, x0, 0          x10=00000000
15132645ns          295267 1c008e10 00008067 jalr             x0, x1, 0            x1:1c008ee0
15132685ns          295269 1c008ee0 31f52563 p.beqimm         x10, 778            x10:00000000
15132705ns          295270 1c008ee4 001d8d93 addi             x27, x27, 1         x27=00000002 x27:00000001
15132725ns          295271 1c008ee6 00044503 lbu              x10, 0(x8)          x10=00000072  x8:1c0000c6  PA:1c0000c6
15133046ns          295287 1c008eea 00140413 addi             x8, x8, 1            x8=1c0000c7  x8:1c0000c6
15133066ns          295288 1c008eec fe0514e3 bne              x10, x0, -24        x10:00000072
15133126ns          295291 1c008ed4 02500793 addi             x15, x0, 37         x15=00000025
15133146ns          295292 1c008ed8 04f50863 beq              x10, x15, 80        x10:00000072 x15:00000025
15133166ns          295293 1c008edc 01a005b3 add              x11, x0, x26        x11=00000002 x26:00000002
15133186ns          295294 1c008ede 000b00e7 jalr             x1, x22, 0           x1=1c008ee0 x22:1c008dea
15133226ns          295296 1c008dea 000026b7 lui              x13, 0x2000         x13=00002000
15133247ns          295297 1c008dec f14027f3 csrrs            x15, x0, 0xf14      x15=00000002
15133267ns          295298 1c008df0 f8068693 addi             x13, x13, -128      x13=00001f80 x13:00002000
15133287ns          295299 1c008df4 00379713 slli             x14, x15, 0x3       x14=00000010 x15:00000002
15133307ns          295300 1c008df8 00279793 slli             x15, x15, 0x2       x15=00000008 x15:00000002
15133327ns          295301 1c008dfa 00d7f7b3 and              x15, x15, x13       x15=00000000 x15:00000008 x13:00001f80
15133347ns          295302 1c008dfc ee873733 p.bclr           x14, x14, 23, 8     x14=00000010 x14:00000010
15133367ns          295303 1c008e00 1a10f6b7 lui              x13, 0x1a10f000     x13=1a10f000
15133387ns          295304 1c008e04 0ff57513 andi             x10, x10, 255       x10=00000072 x10:00000072
15133407ns          295305 1c008e08 00d70733 add              x14, x14, x13       x14=1a10f010 x14:00000010 x13:1a10f000
15133427ns          295306 1c008e0a 00a7e723 p.sw             x10, x0(x15)        x10:00000072 x15:00000000  PA:1a10f010
15133748ns          295322 1c008e0e 00000513 addi             x10, x0, 0          x10=00000000
15133768ns          295323 1c008e10 00008067 jalr             x0, x1, 0            x1:1c008ee0
15133808ns          295325 1c008ee0 31f52563 p.beqimm         x10, 778            x10:00000000
15133828ns          295326 1c008ee4 001d8d93 addi             x27, x27, 1         x27=00000003 x27:00000002
15133848ns          295327 1c008ee6 00044503 lbu              x10, 0(x8)          x10=0000006e  x8:1c0000c7  PA:1c0000c7
15134149ns          295342 1c008eea 00140413 addi             x8, x8, 1            x8=1c0000c8  x8:1c0000c7
15134170ns          295343 1c008eec fe0514e3 bne              x10, x0, -24        x10:0000006e
15134230ns          295346 1c008ed4 02500793 addi             x15, x0, 37         x15=00000025
15134250ns          295347 1c008ed8 04f50863 beq              x10, x15, 80        x10:0000006e x15:00000025
15134270ns          295348 1c008edc 01a005b3 add              x11, x0, x26        x11=00000002 x26:00000002
15134290ns          295349 1c008ede 000b00e7 jalr             x1, x22, 0           x1=1c008ee0 x22:1c008dea
15134330ns          295351 1c008dea 000026b7 lui              x13, 0x2000         x13=00002000
15134350ns          295352 1c008dec f14027f3 csrrs            x15, x0, 0xf14      x15=00000002
15134370ns          295353 1c008df0 f8068693 addi             x13, x13, -128      x13=00001f80 x13:00002000
15134390ns          295354 1c008df4 00379713 slli             x14, x15, 0x3       x14=00000010 x15:00000002
15134410ns          295355 1c008df8 00279793 slli             x15, x15, 0x2       x15=00000008 x15:00000002
15134430ns          295356 1c008dfa 00d7f7b3 and              x15, x15, x13       x15=00000000 x15:00000008 x13:00001f80
15134450ns          295357 1c008dfc ee873733 p.bclr           x14, x14, 23, 8     x14=00000010 x14:00000010
15134471ns          295358 1c008e00 1a10f6b7 lui              x13, 0x1a10f000     x13=1a10f000
15134491ns          295359 1c008e04 0ff57513 andi             x10, x10, 255       x10=0000006e x10:0000006e
15134511ns          295360 1c008e08 00d70733 add              x14, x14, x13       x14=1a10f010 x14:00000010 x13:1a10f000
15134531ns          295361 1c008e0a 00a7e723 p.sw             x10, x0(x15)        x10:0000006e x15:00000000  PA:1a10f010
15134852ns          295377 1c008e0e 00000513 addi             x10, x0, 0          x10=00000000
15134872ns          295378 1c008e10 00008067 jalr             x0, x1, 0            x1:1c008ee0
15134912ns          295380 1c008ee0 31f52563 p.beqimm         x10, 778            x10:00000000
15134932ns          295381 1c008ee4 001d8d93 addi             x27, x27, 1         x27=00000004 x27:00000003
15134952ns          295382 1c008ee6 00044503 lbu              x10, 0(x8)          x10=00000065  x8:1c0000c8  PA:1c0000c8
15135253ns          295397 1c008eea 00140413 addi             x8, x8, 1            x8=1c0000c9  x8:1c0000c8
15135273ns          295398 1c008eec fe0514e3 bne              x10, x0, -24        x10:00000065
15135333ns          295401 1c008ed4 02500793 addi             x15, x0, 37         x15=00000025
15135353ns          295402 1c008ed8 04f50863 beq              x10, x15, 80        x10:00000065 x15:00000025
15135373ns          295403 1c008edc 01a005b3 add              x11, x0, x26        x11=00000002 x26:00000002
15135394ns          295404 1c008ede 000b00e7 jalr             x1, x22, 0           x1=1c008ee0 x22:1c008dea
15135434ns          295406 1c008dea 000026b7 lui              x13, 0x2000         x13=00002000
15135454ns          295407 1c008dec f14027f3 csrrs            x15, x0, 0xf14      x15=00000002
15135474ns          295408 1c008df0 f8068693 addi             x13, x13, -128      x13=00001f80 x13:00002000
15135494ns          295409 1c008df4 00379713 slli             x14, x15, 0x3       x14=00000010 x15:00000002
15135514ns          295410 1c008df8 00279793 slli             x15, x15, 0x2       x15=00000008 x15:00000002
15135534ns          295411 1c008dfa 00d7f7b3 and              x15, x15, x13       x15=00000000 x15:00000008 x13:00001f80
15135554ns          295412 1c008dfc ee873733 p.bclr           x14, x14, 23, 8     x14=00000010 x14:00000010
15135574ns          295413 1c008e00 1a10f6b7 lui              x13, 0x1a10f000     x13=1a10f000
15135594ns          295414 1c008e04 0ff57513 andi             x10, x10, 255       x10=00000065 x10:00000065
15135614ns          295415 1c008e08 00d70733 add              x14, x14, x13       x14=1a10f010 x14:00000010 x13:1a10f000
15135634ns          295416 1c008e0a 00a7e723 p.sw             x10, x0(x15)        x10:00000065 x15:00000000  PA:1a10f010
15135955ns          295432 1c008e0e 00000513 addi             x10, x0, 0          x10=00000000
15135975ns          295433 1c008e10 00008067 jalr             x0, x1, 0            x1:1c008ee0
15136016ns          295435 1c008ee0 31f52563 p.beqimm         x10, 778            x10:00000000
15136036ns          295436 1c008ee4 001d8d93 addi             x27, x27, 1         x27=00000005 x27:00000004
15136056ns          295437 1c008ee6 00044503 lbu              x10, 0(x8)          x10=0000006c  x8:1c0000c9  PA:1c0000c9
15136357ns          295452 1c008eea 00140413 addi             x8, x8, 1            x8=1c0000ca  x8:1c0000c9
15136377ns          295453 1c008eec fe0514e3 bne              x10, x0, -24        x10:0000006c
15136437ns          295456 1c008ed4 02500793 addi             x15, x0, 37         x15=00000025
15136457ns          295457 1c008ed8 04f50863 beq              x10, x15, 80        x10:0000006c x15:00000025
15136477ns          295458 1c008edc 01a005b3 add              x11, x0, x26        x11=00000002 x26:00000002
15136497ns          295459 1c008ede 000b00e7 jalr             x1, x22, 0           x1=1c008ee0 x22:1c008dea
15136537ns          295461 1c008dea 000026b7 lui              x13, 0x2000         x13=00002000
15136557ns          295462 1c008dec f14027f3 csrrs            x15, x0, 0xf14      x15=00000002
15136577ns          295463 1c008df0 f8068693 addi             x13, x13, -128      x13=00001f80 x13:00002000
15136597ns          295464 1c008df4 00379713 slli             x14, x15, 0x3       x14=00000010 x15:00000002
15136618ns          295465 1c008df8 00279793 slli             x15, x15, 0x2       x15=00000008 x15:00000002
15136638ns          295466 1c008dfa 00d7f7b3 and              x15, x15, x13       x15=00000000 x15:00000008 x13:00001f80
15136658ns          295467 1c008dfc ee873733 p.bclr           x14, x14, 23, 8     x14=00000010 x14:00000010
15136678ns          295468 1c008e00 1a10f6b7 lui              x13, 0x1a10f000     x13=1a10f000
15136698ns          295469 1c008e04 0ff57513 andi             x10, x10, 255       x10=0000006c x10:0000006c
15136718ns          295470 1c008e08 00d70733 add              x14, x14, x13       x14=1a10f010 x14:00000010 x13:1a10f000
15136738ns          295471 1c008e0a 00a7e723 p.sw             x10, x0(x15)        x10:0000006c x15:00000000  PA:1a10f010
15137059ns          295487 1c008e0e 00000513 addi             x10, x0, 0          x10=00000000
15137079ns          295488 1c008e10 00008067 jalr             x0, x1, 0            x1:1c008ee0
15137119ns          295490 1c008ee0 31f52563 p.beqimm         x10, 778            x10:00000000
15137139ns          295491 1c008ee4 001d8d93 addi             x27, x27, 1         x27=00000006 x27:00000005
15137159ns          295492 1c008ee6 00044503 lbu              x10, 0(x8)          x10=00000020  x8:1c0000ca  PA:1c0000ca
15137460ns          295507 1c008eea 00140413 addi             x8, x8, 1            x8=1c0000cb  x8:1c0000ca
15137480ns          295508 1c008eec fe0514e3 bne              x10, x0, -24        x10:00000020
15137541ns          295511 1c008ed4 02500793 addi             x15, x0, 37         x15=00000025
15137561ns          295512 1c008ed8 04f50863 beq              x10, x15, 80        x10:00000020 x15:00000025
15137581ns          295513 1c008edc 01a005b3 add              x11, x0, x26        x11=00000002 x26:00000002
15137601ns          295514 1c008ede 000b00e7 jalr             x1, x22, 0           x1=1c008ee0 x22:1c008dea
15137641ns          295516 1c008dea 000026b7 lui              x13, 0x2000         x13=00002000
15137661ns          295517 1c008dec f14027f3 csrrs            x15, x0, 0xf14      x15=00000002
15137681ns          295518 1c008df0 f8068693 addi             x13, x13, -128      x13=00001f80 x13:00002000
15137701ns          295519 1c008df4 00379713 slli             x14, x15, 0x3       x14=00000010 x15:00000002
15137721ns          295520 1c008df8 00279793 slli             x15, x15, 0x2       x15=00000008 x15:00000002
15137741ns          295521 1c008dfa 00d7f7b3 and              x15, x15, x13       x15=00000000 x15:00000008 x13:00001f80
15137761ns          295522 1c008dfc ee873733 p.bclr           x14, x14, 23, 8     x14=00000010 x14:00000010
15137781ns          295523 1c008e00 1a10f6b7 lui              x13, 0x1a10f000     x13=1a10f000
15137801ns          295524 1c008e04 0ff57513 andi             x10, x10, 255       x10=00000020 x10:00000020
15137821ns          295525 1c008e08 00d70733 add              x14, x14, x13       x14=1a10f010 x14:00000010 x13:1a10f000
15137841ns          295526 1c008e0a 00a7e723 p.sw             x10, x0(x15)        x10:00000020 x15:00000000  PA:1a10f010
15138163ns          295542 1c008e0e 00000513 addi             x10, x0, 0          x10=00000000
15138183ns          295543 1c008e10 00008067 jalr             x0, x1, 0            x1:1c008ee0
15138223ns          295545 1c008ee0 31f52563 p.beqimm         x10, 778            x10:00000000
15138243ns          295546 1c008ee4 001d8d93 addi             x27, x27, 1         x27=00000007 x27:00000006
15138263ns          295547 1c008ee6 00044503 lbu              x10, 0(x8)          x10=00000070  x8:1c0000cb  PA:1c0000cb
15138564ns          295562 1c008eea 00140413 addi             x8, x8, 1            x8=1c0000cc  x8:1c0000cb
15138584ns          295563 1c008eec fe0514e3 bne              x10, x0, -24        x10:00000070
15138644ns          295566 1c008ed4 02500793 addi             x15, x0, 37         x15=00000025
15138664ns          295567 1c008ed8 04f50863 beq              x10, x15, 80        x10:00000070 x15:00000025
15138684ns          295568 1c008edc 01a005b3 add              x11, x0, x26        x11=00000002 x26:00000002
15138704ns          295569 1c008ede 000b00e7 jalr             x1, x22, 0           x1=1c008ee0 x22:1c008dea
15138744ns          295571 1c008dea 000026b7 lui              x13, 0x2000         x13=00002000
15138764ns          295572 1c008dec f14027f3 csrrs            x15, x0, 0xf14      x15=00000002
15138785ns          295573 1c008df0 f8068693 addi             x13, x13, -128      x13=00001f80 x13:00002000
15138805ns          295574 1c008df4 00379713 slli             x14, x15, 0x3       x14=00000010 x15:00000002
15138825ns          295575 1c008df8 00279793 slli             x15, x15, 0x2       x15=00000008 x15:00000002
15138845ns          295576 1c008dfa 00d7f7b3 and              x15, x15, x13       x15=00000000 x15:00000008 x13:00001f80
15138865ns          295577 1c008dfc ee873733 p.bclr           x14, x14, 23, 8     x14=00000010 x14:00000010
15138885ns          295578 1c008e00 1a10f6b7 lui              x13, 0x1a10f000     x13=1a10f000
15138905ns          295579 1c008e04 0ff57513 andi             x10, x10, 255       x10=00000070 x10:00000070
15138925ns          295580 1c008e08 00d70733 add              x14, x14, x13       x14=1a10f010 x14:00000010 x13:1a10f000
15138945ns          295581 1c008e0a 00a7e723 p.sw             x10, x0(x15)        x10:00000070 x15:00000000  PA:1a10f010
15139266ns          295597 1c008e0e 00000513 addi             x10, x0, 0          x10=00000000
15139286ns          295598 1c008e10 00008067 jalr             x0, x1, 0            x1:1c008ee0
15139326ns          295600 1c008ee0 31f52563 p.beqimm         x10, 778            x10:00000000
15139346ns          295601 1c008ee4 001d8d93 addi             x27, x27, 1         x27=00000008 x27:00000007
15139366ns          295602 1c008ee6 00044503 lbu              x10, 0(x8)          x10=00000061  x8:1c0000cc  PA:1c0000cc
15139667ns          295617 1c008eea 00140413 addi             x8, x8, 1            x8=1c0000cd  x8:1c0000cc
15139688ns          295618 1c008eec fe0514e3 bne              x10, x0, -24        x10:00000061
15139748ns          295621 1c008ed4 02500793 addi             x15, x0, 37         x15=00000025
15139768ns          295622 1c008ed8 04f50863 beq              x10, x15, 80        x10:00000061 x15:00000025
15139788ns          295623 1c008edc 01a005b3 add              x11, x0, x26        x11=00000002 x26:00000002
15139808ns          295624 1c008ede 000b00e7 jalr             x1, x22, 0           x1=1c008ee0 x22:1c008dea
15139848ns          295626 1c008dea 000026b7 lui              x13, 0x2000         x13=00002000
15139868ns          295627 1c008dec f14027f3 csrrs            x15, x0, 0xf14      x15=00000002
15139888ns          295628 1c008df0 f8068693 addi             x13, x13, -128      x13=00001f80 x13:00002000
15139908ns          295629 1c008df4 00379713 slli             x14, x15, 0x3       x14=00000010 x15:00000002
15139928ns          295630 1c008df8 00279793 slli             x15, x15, 0x2       x15=00000008 x15:00000002
15139948ns          295631 1c008dfa 00d7f7b3 and              x15, x15, x13       x15=00000000 x15:00000008 x13:00001f80
15139968ns          295632 1c008dfc ee873733 p.bclr           x14, x14, 23, 8     x14=00000010 x14:00000010
15139988ns          295633 1c008e00 1a10f6b7 lui              x13, 0x1a10f000     x13=1a10f000
15140009ns          295634 1c008e04 0ff57513 andi             x10, x10, 255       x10=00000061 x10:00000061
15140029ns          295635 1c008e08 00d70733 add              x14, x14, x13       x14=1a10f010 x14:00000010 x13:1a10f000
15140049ns          295636 1c008e0a 00a7e723 p.sw             x10, x0(x15)        x10:00000061 x15:00000000  PA:1a10f010
15140370ns          295652 1c008e0e 00000513 addi             x10, x0, 0          x10=00000000
15140390ns          295653 1c008e10 00008067 jalr             x0, x1, 0            x1:1c008ee0
15140430ns          295655 1c008ee0 31f52563 p.beqimm         x10, 778            x10:00000000
15140450ns          295656 1c008ee4 001d8d93 addi             x27, x27, 1         x27=00000009 x27:00000008
15140470ns          295657 1c008ee6 00044503 lbu              x10, 0(x8)          x10=00000073  x8:1c0000cd  PA:1c0000cd
15140771ns          295672 1c008eea 00140413 addi             x8, x8, 1            x8=1c0000ce  x8:1c0000cd
15140791ns          295673 1c008eec fe0514e3 bne              x10, x0, -24        x10:00000073
15140851ns          295676 1c008ed4 02500793 addi             x15, x0, 37         x15=00000025
15140871ns          295677 1c008ed8 04f50863 beq              x10, x15, 80        x10:00000073 x15:00000025
15140891ns          295678 1c008edc 01a005b3 add              x11, x0, x26        x11=00000002 x26:00000002
15140911ns          295679 1c008ede 000b00e7 jalr             x1, x22, 0           x1=1c008ee0 x22:1c008dea
15140952ns          295681 1c008dea 000026b7 lui              x13, 0x2000         x13=00002000
15140972ns          295682 1c008dec f14027f3 csrrs            x15, x0, 0xf14      x15=00000002
15140992ns          295683 1c008df0 f8068693 addi             x13, x13, -128      x13=00001f80 x13:00002000
15141012ns          295684 1c008df4 00379713 slli             x14, x15, 0x3       x14=00000010 x15:00000002
15141032ns          295685 1c008df8 00279793 slli             x15, x15, 0x2       x15=00000008 x15:00000002
15141052ns          295686 1c008dfa 00d7f7b3 and              x15, x15, x13       x15=00000000 x15:00000008 x13:00001f80
15141072ns          295687 1c008dfc ee873733 p.bclr           x14, x14, 23, 8     x14=00000010 x14:00000010
15141092ns          295688 1c008e00 1a10f6b7 lui              x13, 0x1a10f000     x13=1a10f000
15141112ns          295689 1c008e04 0ff57513 andi             x10, x10, 255       x10=00000073 x10:00000073
15141132ns          295690 1c008e08 00d70733 add              x14, x14, x13       x14=1a10f010 x14:00000010 x13:1a10f000
15141152ns          295691 1c008e0a 00a7e723 p.sw             x10, x0(x15)        x10:00000073 x15:00000000  PA:1a10f010
15141473ns          295707 1c008e0e 00000513 addi             x10, x0, 0          x10=00000000
15141493ns          295708 1c008e10 00008067 jalr             x0, x1, 0            x1:1c008ee0
15141534ns          295710 1c008ee0 31f52563 p.beqimm         x10, 778            x10:00000000
15141554ns          295711 1c008ee4 001d8d93 addi             x27, x27, 1         x27=0000000a x27:00000009
15141574ns          295712 1c008ee6 00044503 lbu              x10, 0(x8)          x10=00000073  x8:1c0000ce  PA:1c0000ce
15141875ns          295727 1c008eea 00140413 addi             x8, x8, 1            x8=1c0000cf  x8:1c0000ce
15141895ns          295728 1c008eec fe0514e3 bne              x10, x0, -24        x10:00000073
15141955ns          295731 1c008ed4 02500793 addi             x15, x0, 37         x15=00000025
15141975ns          295732 1c008ed8 04f50863 beq              x10, x15, 80        x10:00000073 x15:00000025
15141995ns          295733 1c008edc 01a005b3 add              x11, x0, x26        x11=00000002 x26:00000002
15142015ns          295734 1c008ede 000b00e7 jalr             x1, x22, 0           x1=1c008ee0 x22:1c008dea
15142055ns          295736 1c008dea 000026b7 lui              x13, 0x2000         x13=00002000
15142075ns          295737 1c008dec f14027f3 csrrs            x15, x0, 0xf14      x15=00000002
15142095ns          295738 1c008df0 f8068693 addi             x13, x13, -128      x13=00001f80 x13:00002000
15142115ns          295739 1c008df4 00379713 slli             x14, x15, 0x3       x14=00000010 x15:00000002
15142135ns          295740 1c008df8 00279793 slli             x15, x15, 0x2       x15=00000008 x15:00000002
15142156ns          295741 1c008dfa 00d7f7b3 and              x15, x15, x13       x15=00000000 x15:00000008 x13:00001f80
15142176ns          295742 1c008dfc ee873733 p.bclr           x14, x14, 23, 8     x14=00000010 x14:00000010
15142196ns          295743 1c008e00 1a10f6b7 lui              x13, 0x1a10f000     x13=1a10f000
15142216ns          295744 1c008e04 0ff57513 andi             x10, x10, 255       x10=00000073 x10:00000073
15142236ns          295745 1c008e08 00d70733 add              x14, x14, x13       x14=1a10f010 x14:00000010 x13:1a10f000
15142256ns          295746 1c008e0a 00a7e723 p.sw             x10, x0(x15)        x10:00000073 x15:00000000  PA:1a10f010
15142597ns          295763 1c008e0e 00000513 addi             x10, x0, 0          x10=00000000
15142617ns          295764 1c008e10 00008067 jalr             x0, x1, 0            x1:1c008ee0
15142657ns          295766 1c008ee0 31f52563 p.beqimm         x10, 778            x10:00000000
15142677ns          295767 1c008ee4 001d8d93 addi             x27, x27, 1         x27=0000000b x27:0000000a
15142697ns          295768 1c008ee6 00044503 lbu              x10, 0(x8)          x10=00000065  x8:1c0000cf  PA:1c0000cf
15142998ns          295783 1c008eea 00140413 addi             x8, x8, 1            x8=1c0000d0  x8:1c0000cf
15143018ns          295784 1c008eec fe0514e3 bne              x10, x0, -24        x10:00000065
15143079ns          295787 1c008ed4 02500793 addi             x15, x0, 37         x15=00000025
15143099ns          295788 1c008ed8 04f50863 beq              x10, x15, 80        x10:00000065 x15:00000025
15143119ns          295789 1c008edc 01a005b3 add              x11, x0, x26        x11=00000002 x26:00000002
15143139ns          295790 1c008ede 000b00e7 jalr             x1, x22, 0           x1=1c008ee0 x22:1c008dea
15143179ns          295792 1c008dea 000026b7 lui              x13, 0x2000         x13=00002000
15143199ns          295793 1c008dec f14027f3 csrrs            x15, x0, 0xf14      x15=00000002
15143219ns          295794 1c008df0 f8068693 addi             x13, x13, -128      x13=00001f80 x13:00002000
15143239ns          295795 1c008df4 00379713 slli             x14, x15, 0x3       x14=00000010 x15:00000002
15143259ns          295796 1c008df8 00279793 slli             x15, x15, 0x2       x15=00000008 x15:00000002
15143279ns          295797 1c008dfa 00d7f7b3 and              x15, x15, x13       x15=00000000 x15:00000008 x13:00001f80
15143299ns          295798 1c008dfc ee873733 p.bclr           x14, x14, 23, 8     x14=00000010 x14:00000010
15143319ns          295799 1c008e00 1a10f6b7 lui              x13, 0x1a10f000     x13=1a10f000
15143339ns          295800 1c008e04 0ff57513 andi             x10, x10, 255       x10=00000065 x10:00000065
15143359ns          295801 1c008e08 00d70733 add              x14, x14, x13       x14=1a10f010 x14:00000010 x13:1a10f000
15143380ns          295802 1c008e0a 00a7e723 p.sw             x10, x0(x15)        x10:00000065 x15:00000000  PA:1a10f010
15143701ns          295818 1c008e0e 00000513 addi             x10, x0, 0          x10=00000000
15143721ns          295819 1c008e10 00008067 jalr             x0, x1, 0            x1:1c008ee0
15143761ns          295821 1c008ee0 31f52563 p.beqimm         x10, 778            x10:00000000
15143781ns          295822 1c008ee4 001d8d93 addi             x27, x27, 1         x27=0000000c x27:0000000b
15143801ns          295823 1c008ee6 00044503 lbu              x10, 0(x8)          x10=00000064  x8:1c0000d0  PA:1c0000d0
15144102ns          295838 1c008eea 00140413 addi             x8, x8, 1            x8=1c0000d1  x8:1c0000d0
15144122ns          295839 1c008eec fe0514e3 bne              x10, x0, -24        x10:00000064
15144182ns          295842 1c008ed4 02500793 addi             x15, x0, 37         x15=00000025
15144202ns          295843 1c008ed8 04f50863 beq              x10, x15, 80        x10:00000064 x15:00000025
15144222ns          295844 1c008edc 01a005b3 add              x11, x0, x26        x11=00000002 x26:00000002
15144242ns          295845 1c008ede 000b00e7 jalr             x1, x22, 0           x1=1c008ee0 x22:1c008dea
15144282ns          295847 1c008dea 000026b7 lui              x13, 0x2000         x13=00002000
15144303ns          295848 1c008dec f14027f3 csrrs            x15, x0, 0xf14      x15=00000002
15144323ns          295849 1c008df0 f8068693 addi             x13, x13, -128      x13=00001f80 x13:00002000
15144343ns          295850 1c008df4 00379713 slli             x14, x15, 0x3       x14=00000010 x15:00000002
15144363ns          295851 1c008df8 00279793 slli             x15, x15, 0x2       x15=00000008 x15:00000002
15144383ns          295852 1c008dfa 00d7f7b3 and              x15, x15, x13       x15=00000000 x15:00000008 x13:00001f80
15144403ns          295853 1c008dfc ee873733 p.bclr           x14, x14, 23, 8     x14=00000010 x14:00000010
15144423ns          295854 1c008e00 1a10f6b7 lui              x13, 0x1a10f000     x13=1a10f000
15144443ns          295855 1c008e04 0ff57513 andi             x10, x10, 255       x10=00000064 x10:00000064
15144463ns          295856 1c008e08 00d70733 add              x14, x14, x13       x14=1a10f010 x14:00000010 x13:1a10f000
15144483ns          295857 1c008e0a 00a7e723 p.sw             x10, x0(x15)        x10:00000064 x15:00000000  PA:1a10f010
15144804ns          295873 1c008e0e 00000513 addi             x10, x0, 0          x10=00000000
15144824ns          295874 1c008e10 00008067 jalr             x0, x1, 0            x1:1c008ee0
15144864ns          295876 1c008ee0 31f52563 p.beqimm         x10, 778            x10:00000000
15144884ns          295877 1c008ee4 001d8d93 addi             x27, x27, 1         x27=0000000d x27:0000000c
15144904ns          295878 1c008ee6 00044503 lbu              x10, 0(x8)          x10=00000020  x8:1c0000d1  PA:1c0000d1
15145205ns          295893 1c008eea 00140413 addi             x8, x8, 1            x8=1c0000d2  x8:1c0000d1
15145226ns          295894 1c008eec fe0514e3 bne              x10, x0, -24        x10:00000020
15145286ns          295897 1c008ed4 02500793 addi             x15, x0, 37         x15=00000025
15145306ns          295898 1c008ed8 04f50863 beq              x10, x15, 80        x10:00000020 x15:00000025
15145326ns          295899 1c008edc 01a005b3 add              x11, x0, x26        x11=00000002 x26:00000002
15145346ns          295900 1c008ede 000b00e7 jalr             x1, x22, 0           x1=1c008ee0 x22:1c008dea
15145386ns          295902 1c008dea 000026b7 lui              x13, 0x2000         x13=00002000
15145406ns          295903 1c008dec f14027f3 csrrs            x15, x0, 0xf14      x15=00000002
15145426ns          295904 1c008df0 f8068693 addi             x13, x13, -128      x13=00001f80 x13:00002000
15145446ns          295905 1c008df4 00379713 slli             x14, x15, 0x3       x14=00000010 x15:00000002
15145466ns          295906 1c008df8 00279793 slli             x15, x15, 0x2       x15=00000008 x15:00000002
15145486ns          295907 1c008dfa 00d7f7b3 and              x15, x15, x13       x15=00000000 x15:00000008 x13:00001f80
15145506ns          295908 1c008dfc ee873733 p.bclr           x14, x14, 23, 8     x14=00000010 x14:00000010
15145527ns          295909 1c008e00 1a10f6b7 lui              x13, 0x1a10f000     x13=1a10f000
15145547ns          295910 1c008e04 0ff57513 andi             x10, x10, 255       x10=00000020 x10:00000020
15145567ns          295911 1c008e08 00d70733 add              x14, x14, x13       x14=1a10f010 x14:00000010 x13:1a10f000
15145587ns          295912 1c008e0a 00a7e723 p.sw             x10, x0(x15)        x10:00000020 x15:00000000  PA:1a10f010
15145928ns          295929 1c008e0e 00000513 addi             x10, x0, 0          x10=00000000
15145948ns          295930 1c008e10 00008067 jalr             x0, x1, 0            x1:1c008ee0
15145988ns          295932 1c008ee0 31f52563 p.beqimm         x10, 778            x10:00000000
15146008ns          295933 1c008ee4 001d8d93 addi             x27, x27, 1         x27=0000000e x27:0000000d
15146028ns          295934 1c008ee6 00044503 lbu              x10, 0(x8)          x10=0000006f  x8:1c0000d2  PA:1c0000d2
15146329ns          295949 1c008eea 00140413 addi             x8, x8, 1            x8=1c0000d3  x8:1c0000d2
15146349ns          295950 1c008eec fe0514e3 bne              x10, x0, -24        x10:0000006f
15146409ns          295953 1c008ed4 02500793 addi             x15, x0, 37         x15=00000025
15146429ns          295954 1c008ed8 04f50863 beq              x10, x15, 80        x10:0000006f x15:00000025
15146450ns          295955 1c008edc 01a005b3 add              x11, x0, x26        x11=00000002 x26:00000002
15146470ns          295956 1c008ede 000b00e7 jalr             x1, x22, 0           x1=1c008ee0 x22:1c008dea
15146510ns          295958 1c008dea 000026b7 lui              x13, 0x2000         x13=00002000
15146530ns          295959 1c008dec f14027f3 csrrs            x15, x0, 0xf14      x15=00000002
15146550ns          295960 1c008df0 f8068693 addi             x13, x13, -128      x13=00001f80 x13:00002000
15146570ns          295961 1c008df4 00379713 slli             x14, x15, 0x3       x14=00000010 x15:00000002
15146590ns          295962 1c008df8 00279793 slli             x15, x15, 0x2       x15=00000008 x15:00000002
15146610ns          295963 1c008dfa 00d7f7b3 and              x15, x15, x13       x15=00000000 x15:00000008 x13:00001f80
15146630ns          295964 1c008dfc ee873733 p.bclr           x14, x14, 23, 8     x14=00000010 x14:00000010
15146650ns          295965 1c008e00 1a10f6b7 lui              x13, 0x1a10f000     x13=1a10f000
15146670ns          295966 1c008e04 0ff57513 andi             x10, x10, 255       x10=0000006f x10:0000006f
15146690ns          295967 1c008e08 00d70733 add              x14, x14, x13       x14=1a10f010 x14:00000010 x13:1a10f000
15146710ns          295968 1c008e0a 00a7e723 p.sw             x10, x0(x15)        x10:0000006f x15:00000000  PA:1a10f010
15147031ns          295984 1c008e0e 00000513 addi             x10, x0, 0          x10=00000000
15147051ns          295985 1c008e10 00008067 jalr             x0, x1, 0            x1:1c008ee0
15147092ns          295987 1c008ee0 31f52563 p.beqimm         x10, 778            x10:00000000
15147112ns          295988 1c008ee4 001d8d93 addi             x27, x27, 1         x27=0000000f x27:0000000e
15147132ns          295989 1c008ee6 00044503 lbu              x10, 0(x8)          x10=0000006e  x8:1c0000d3  PA:1c0000d3
15147433ns          296004 1c008eea 00140413 addi             x8, x8, 1            x8=1c0000d4  x8:1c0000d3
15147453ns          296005 1c008eec fe0514e3 bne              x10, x0, -24        x10:0000006e
15147513ns          296008 1c008ed4 02500793 addi             x15, x0, 37         x15=00000025
15147533ns          296009 1c008ed8 04f50863 beq              x10, x15, 80        x10:0000006e x15:00000025
15147553ns          296010 1c008edc 01a005b3 add              x11, x0, x26        x11=00000002 x26:00000002
15147573ns          296011 1c008ede 000b00e7 jalr             x1, x22, 0           x1=1c008ee0 x22:1c008dea
15147613ns          296013 1c008dea 000026b7 lui              x13, 0x2000         x13=00002000
15147633ns          296014 1c008dec f14027f3 csrrs            x15, x0, 0xf14      x15=00000002
15147653ns          296015 1c008df0 f8068693 addi             x13, x13, -128      x13=00001f80 x13:00002000
15147674ns          296016 1c008df4 00379713 slli             x14, x15, 0x3       x14=00000010 x15:00000002
15147694ns          296017 1c008df8 00279793 slli             x15, x15, 0x2       x15=00000008 x15:00000002
15147714ns          296018 1c008dfa 00d7f7b3 and              x15, x15, x13       x15=00000000 x15:00000008 x13:00001f80
15147734ns          296019 1c008dfc ee873733 p.bclr           x14, x14, 23, 8     x14=00000010 x14:00000010
15147754ns          296020 1c008e00 1a10f6b7 lui              x13, 0x1a10f000     x13=1a10f000
15147774ns          296021 1c008e04 0ff57513 andi             x10, x10, 255       x10=0000006e x10:0000006e
15147794ns          296022 1c008e08 00d70733 add              x14, x14, x13       x14=1a10f010 x14:00000010 x13:1a10f000
15147814ns          296023 1c008e0a 00a7e723 p.sw             x10, x0(x15)        x10:0000006e x15:00000000  PA:1a10f010
15148155ns          296040 1c008e0e 00000513 addi             x10, x0, 0          x10=00000000
15148175ns          296041 1c008e10 00008067 jalr             x0, x1, 0            x1:1c008ee0
15148215ns          296043 1c008ee0 31f52563 p.beqimm         x10, 778            x10:00000000
15148235ns          296044 1c008ee4 001d8d93 addi             x27, x27, 1         x27=00000010 x27:0000000f
15148255ns          296045 1c008ee6 00044503 lbu              x10, 0(x8)          x10=00000020  x8:1c0000d4  PA:1c0000d4
15148556ns          296060 1c008eea 00140413 addi             x8, x8, 1            x8=1c0000d5  x8:1c0000d4
15148576ns          296061 1c008eec fe0514e3 bne              x10, x0, -24        x10:00000020
15148637ns          296064 1c008ed4 02500793 addi             x15, x0, 37         x15=00000025
15148657ns          296065 1c008ed8 04f50863 beq              x10, x15, 80        x10:00000020 x15:00000025
15148677ns          296066 1c008edc 01a005b3 add              x11, x0, x26        x11=00000002 x26:00000002
15148697ns          296067 1c008ede 000b00e7 jalr             x1, x22, 0           x1=1c008ee0 x22:1c008dea
15148737ns          296069 1c008dea 000026b7 lui              x13, 0x2000         x13=00002000
15148757ns          296070 1c008dec f14027f3 csrrs            x15, x0, 0xf14      x15=00000002
15148777ns          296071 1c008df0 f8068693 addi             x13, x13, -128      x13=00001f80 x13:00002000
15148797ns          296072 1c008df4 00379713 slli             x14, x15, 0x3       x14=00000010 x15:00000002
15148817ns          296073 1c008df8 00279793 slli             x15, x15, 0x2       x15=00000008 x15:00000002
15148837ns          296074 1c008dfa 00d7f7b3 and              x15, x15, x13       x15=00000000 x15:00000008 x13:00001f80
15148857ns          296075 1c008dfc ee873733 p.bclr           x14, x14, 23, 8     x14=00000010 x14:00000010
15148877ns          296076 1c008e00 1a10f6b7 lui              x13, 0x1a10f000     x13=1a10f000
15148898ns          296077 1c008e04 0ff57513 andi             x10, x10, 255       x10=00000020 x10:00000020
15148918ns          296078 1c008e08 00d70733 add              x14, x14, x13       x14=1a10f010 x14:00000010 x13:1a10f000
15148938ns          296079 1c008e0a 00a7e723 p.sw             x10, x0(x15)        x10:00000020 x15:00000000  PA:1a10f010
15149259ns          296095 1c008e0e 00000513 addi             x10, x0, 0          x10=00000000
15149279ns          296096 1c008e10 00008067 jalr             x0, x1, 0            x1:1c008ee0
15149319ns          296098 1c008ee0 31f52563 p.beqimm         x10, 778            x10:00000000
15149339ns          296099 1c008ee4 001d8d93 addi             x27, x27, 1         x27=00000011 x27:00000010
15149359ns          296100 1c008ee6 00044503 lbu              x10, 0(x8)          x10=00000063  x8:1c0000d5  PA:1c0000d5
15149660ns          296115 1c008eea 00140413 addi             x8, x8, 1            x8=1c0000d6  x8:1c0000d5
15149680ns          296116 1c008eec fe0514e3 bne              x10, x0, -24        x10:00000063
15149740ns          296119 1c008ed4 02500793 addi             x15, x0, 37         x15=00000025
15149760ns          296120 1c008ed8 04f50863 beq              x10, x15, 80        x10:00000063 x15:00000025
15149780ns          296121 1c008edc 01a005b3 add              x11, x0, x26        x11=00000002 x26:00000002
15149800ns          296122 1c008ede 000b00e7 jalr             x1, x22, 0           x1=1c008ee0 x22:1c008dea
15149841ns          296124 1c008dea 000026b7 lui              x13, 0x2000         x13=00002000
15149861ns          296125 1c008dec f14027f3 csrrs            x15, x0, 0xf14      x15=00000002
15149881ns          296126 1c008df0 f8068693 addi             x13, x13, -128      x13=00001f80 x13:00002000
15149901ns          296127 1c008df4 00379713 slli             x14, x15, 0x3       x14=00000010 x15:00000002
15149921ns          296128 1c008df8 00279793 slli             x15, x15, 0x2       x15=00000008 x15:00000002
15149941ns          296129 1c008dfa 00d7f7b3 and              x15, x15, x13       x15=00000000 x15:00000008 x13:00001f80
15149961ns          296130 1c008dfc ee873733 p.bclr           x14, x14, 23, 8     x14=00000010 x14:00000010
15149981ns          296131 1c008e00 1a10f6b7 lui              x13, 0x1a10f000     x13=1a10f000
15150001ns          296132 1c008e04 0ff57513 andi             x10, x10, 255       x10=00000063 x10:00000063
15150021ns          296133 1c008e08 00d70733 add              x14, x14, x13       x14=1a10f010 x14:00000010 x13:1a10f000
15150041ns          296134 1c008e0a 00a7e723 p.sw             x10, x0(x15)        x10:00000063 x15:00000000  PA:1a10f010
15150362ns          296150 1c008e0e 00000513 addi             x10, x0, 0          x10=00000000
15150382ns          296151 1c008e10 00008067 jalr             x0, x1, 0            x1:1c008ee0
15150422ns          296153 1c008ee0 31f52563 p.beqimm         x10, 778            x10:00000000
15150443ns          296154 1c008ee4 001d8d93 addi             x27, x27, 1         x27=00000012 x27:00000011
15150463ns          296155 1c008ee6 00044503 lbu              x10, 0(x8)          x10=0000006f  x8:1c0000d6  PA:1c0000d6
15150764ns          296170 1c008eea 00140413 addi             x8, x8, 1            x8=1c0000d7  x8:1c0000d6
15150784ns          296171 1c008eec fe0514e3 bne              x10, x0, -24        x10:0000006f
15150844ns          296174 1c008ed4 02500793 addi             x15, x0, 37         x15=00000025
15150864ns          296175 1c008ed8 04f50863 beq              x10, x15, 80        x10:0000006f x15:00000025
15150884ns          296176 1c008edc 01a005b3 add              x11, x0, x26        x11=00000002 x26:00000002
15150904ns          296177 1c008ede 000b00e7 jalr             x1, x22, 0           x1=1c008ee0 x22:1c008dea
15150944ns          296179 1c008dea 000026b7 lui              x13, 0x2000         x13=00002000
15150964ns          296180 1c008dec f14027f3 csrrs            x15, x0, 0xf14      x15=00000002
15150984ns          296181 1c008df0 f8068693 addi             x13, x13, -128      x13=00001f80 x13:00002000
15151004ns          296182 1c008df4 00379713 slli             x14, x15, 0x3       x14=00000010 x15:00000002
15151024ns          296183 1c008df8 00279793 slli             x15, x15, 0x2       x15=00000008 x15:00000002
15151044ns          296184 1c008dfa 00d7f7b3 and              x15, x15, x13       x15=00000000 x15:00000008 x13:00001f80
15151065ns          296185 1c008dfc ee873733 p.bclr           x14, x14, 23, 8     x14=00000010 x14:00000010
15151085ns          296186 1c008e00 1a10f6b7 lui              x13, 0x1a10f000     x13=1a10f000
15151105ns          296187 1c008e04 0ff57513 andi             x10, x10, 255       x10=0000006f x10:0000006f
15151125ns          296188 1c008e08 00d70733 add              x14, x14, x13       x14=1a10f010 x14:00000010 x13:1a10f000
15151145ns          296189 1c008e0a 00a7e723 p.sw             x10, x0(x15)        x10:0000006f x15:00000000  PA:1a10f010
15151466ns          296205 1c008e0e 00000513 addi             x10, x0, 0          x10=00000000
15151486ns          296206 1c008e10 00008067 jalr             x0, x1, 0            x1:1c008ee0
15151526ns          296208 1c008ee0 31f52563 p.beqimm         x10, 778            x10:00000000
15151546ns          296209 1c008ee4 001d8d93 addi             x27, x27, 1         x27=00000013 x27:00000012
15151566ns          296210 1c008ee6 00044503 lbu              x10, 0(x8)          x10=00000072  x8:1c0000d7  PA:1c0000d7
15151867ns          296225 1c008eea 00140413 addi             x8, x8, 1            x8=1c0000d8  x8:1c0000d7
15151887ns          296226 1c008eec fe0514e3 bne              x10, x0, -24        x10:00000072
15151947ns          296229 1c008ed4 02500793 addi             x15, x0, 37         x15=00000025
15151968ns          296230 1c008ed8 04f50863 beq              x10, x15, 80        x10:00000072 x15:00000025
15151988ns          296231 1c008edc 01a005b3 add              x11, x0, x26        x11=00000002 x26:00000002
15152008ns          296232 1c008ede 000b00e7 jalr             x1, x22, 0           x1=1c008ee0 x22:1c008dea
15152048ns          296234 1c008dea 000026b7 lui              x13, 0x2000         x13=00002000
15152068ns          296235 1c008dec f14027f3 csrrs            x15, x0, 0xf14      x15=00000002
15152088ns          296236 1c008df0 f8068693 addi             x13, x13, -128      x13=00001f80 x13:00002000
15152108ns          296237 1c008df4 00379713 slli             x14, x15, 0x3       x14=00000010 x15:00000002
15152128ns          296238 1c008df8 00279793 slli             x15, x15, 0x2       x15=00000008 x15:00000002
15152148ns          296239 1c008dfa 00d7f7b3 and              x15, x15, x13       x15=00000000 x15:00000008 x13:00001f80
15152168ns          296240 1c008dfc ee873733 p.bclr           x14, x14, 23, 8     x14=00000010 x14:00000010
15152188ns          296241 1c008e00 1a10f6b7 lui              x13, 0x1a10f000     x13=1a10f000
15152208ns          296242 1c008e04 0ff57513 andi             x10, x10, 255       x10=00000072 x10:00000072
15152228ns          296243 1c008e08 00d70733 add              x14, x14, x13       x14=1a10f010 x14:00000010 x13:1a10f000
15152248ns          296244 1c008e0a 00a7e723 p.sw             x10, x0(x15)        x10:00000072 x15:00000000  PA:1a10f010
15152569ns          296260 1c008e0e 00000513 addi             x10, x0, 0          x10=00000000
15152590ns          296261 1c008e10 00008067 jalr             x0, x1, 0            x1:1c008ee0
15152630ns          296263 1c008ee0 31f52563 p.beqimm         x10, 778            x10:00000000
15152650ns          296264 1c008ee4 001d8d93 addi             x27, x27, 1         x27=00000014 x27:00000013
15152670ns          296265 1c008ee6 00044503 lbu              x10, 0(x8)          x10=00000065  x8:1c0000d8  PA:1c0000d8
15152971ns          296280 1c008eea 00140413 addi             x8, x8, 1            x8=1c0000d9  x8:1c0000d8
15152991ns          296281 1c008eec fe0514e3 bne              x10, x0, -24        x10:00000065
15153051ns          296284 1c008ed4 02500793 addi             x15, x0, 37         x15=00000025
15153071ns          296285 1c008ed8 04f50863 beq              x10, x15, 80        x10:00000065 x15:00000025
15153091ns          296286 1c008edc 01a005b3 add              x11, x0, x26        x11=00000002 x26:00000002
15153111ns          296287 1c008ede 000b00e7 jalr             x1, x22, 0           x1=1c008ee0 x22:1c008dea
15153151ns          296289 1c008dea 000026b7 lui              x13, 0x2000         x13=00002000
15153171ns          296290 1c008dec f14027f3 csrrs            x15, x0, 0xf14      x15=00000002
15153191ns          296291 1c008df0 f8068693 addi             x13, x13, -128      x13=00001f80 x13:00002000
15153212ns          296292 1c008df4 00379713 slli             x14, x15, 0x3       x14=00000010 x15:00000002
15153232ns          296293 1c008df8 00279793 slli             x15, x15, 0x2       x15=00000008 x15:00000002
15153252ns          296294 1c008dfa 00d7f7b3 and              x15, x15, x13       x15=00000000 x15:00000008 x13:00001f80
15153272ns          296295 1c008dfc ee873733 p.bclr           x14, x14, 23, 8     x14=00000010 x14:00000010
15153292ns          296296 1c008e00 1a10f6b7 lui              x13, 0x1a10f000     x13=1a10f000
15153312ns          296297 1c008e04 0ff57513 andi             x10, x10, 255       x10=00000065 x10:00000065
15153332ns          296298 1c008e08 00d70733 add              x14, x14, x13       x14=1a10f010 x14:00000010 x13:1a10f000
15153352ns          296299 1c008e0a 00a7e723 p.sw             x10, x0(x15)        x10:00000065 x15:00000000  PA:1a10f010
15153673ns          296315 1c008e0e 00000513 addi             x10, x0, 0          x10=00000000
15153693ns          296316 1c008e10 00008067 jalr             x0, x1, 0            x1:1c008ee0
15153733ns          296318 1c008ee0 31f52563 p.beqimm         x10, 778            x10:00000000
15153753ns          296319 1c008ee4 001d8d93 addi             x27, x27, 1         x27=00000015 x27:00000014
15153773ns          296320 1c008ee6 00044503 lbu              x10, 0(x8)          x10=00000020  x8:1c0000d9  PA:1c0000d9
15154074ns          296335 1c008eea 00140413 addi             x8, x8, 1            x8=1c0000da  x8:1c0000d9
15154094ns          296336 1c008eec fe0514e3 bne              x10, x0, -24        x10:00000020
15154155ns          296339 1c008ed4 02500793 addi             x15, x0, 37         x15=00000025
15154175ns          296340 1c008ed8 04f50863 beq              x10, x15, 80        x10:00000020 x15:00000025
15154195ns          296341 1c008edc 01a005b3 add              x11, x0, x26        x11=00000002 x26:00000002
15154215ns          296342 1c008ede 000b00e7 jalr             x1, x22, 0           x1=1c008ee0 x22:1c008dea
15154255ns          296344 1c008dea 000026b7 lui              x13, 0x2000         x13=00002000
15154275ns          296345 1c008dec f14027f3 csrrs            x15, x0, 0xf14      x15=00000002
15154295ns          296346 1c008df0 f8068693 addi             x13, x13, -128      x13=00001f80 x13:00002000
15154315ns          296347 1c008df4 00379713 slli             x14, x15, 0x3       x14=00000010 x15:00000002
15154335ns          296348 1c008df8 00279793 slli             x15, x15, 0x2       x15=00000008 x15:00000002
15154355ns          296349 1c008dfa 00d7f7b3 and              x15, x15, x13       x15=00000000 x15:00000008 x13:00001f80
15154375ns          296350 1c008dfc ee873733 p.bclr           x14, x14, 23, 8     x14=00000010 x14:00000010
15154395ns          296351 1c008e00 1a10f6b7 lui              x13, 0x1a10f000     x13=1a10f000
15154415ns          296352 1c008e04 0ff57513 andi             x10, x10, 255       x10=00000020 x10:00000020
15154436ns          296353 1c008e08 00d70733 add              x14, x14, x13       x14=1a10f010 x14:00000010 x13:1a10f000
15154456ns          296354 1c008e0a 00a7e723 p.sw             x10, x0(x15)        x10:00000020 x15:00000000  PA:1a10f010
15154777ns          296370 1c008e0e 00000513 addi             x10, x0, 0          x10=00000000
15154797ns          296371 1c008e10 00008067 jalr             x0, x1, 0            x1:1c008ee0
15154837ns          296373 1c008ee0 31f52563 p.beqimm         x10, 778            x10:00000000
15154857ns          296374 1c008ee4 001d8d93 addi             x27, x27, 1         x27=00000016 x27:00000015
15154877ns          296375 1c008ee6 00044503 lbu              x10, 0(x8)          x10=00000020  x8:1c0000da  PA:1c0000da
15155178ns          296390 1c008eea 00140413 addi             x8, x8, 1            x8=1c0000db  x8:1c0000da
15155198ns          296391 1c008eec fe0514e3 bne              x10, x0, -24        x10:00000020
15155258ns          296394 1c008ed4 02500793 addi             x15, x0, 37         x15=00000025
15155278ns          296395 1c008ed8 04f50863 beq              x10, x15, 80        x10:00000020 x15:00000025
15155298ns          296396 1c008edc 01a005b3 add              x11, x0, x26        x11=00000002 x26:00000002
15155318ns          296397 1c008ede 000b00e7 jalr             x1, x22, 0           x1=1c008ee0 x22:1c008dea
15155359ns          296399 1c008dea 000026b7 lui              x13, 0x2000         x13=00002000
15155379ns          296400 1c008dec f14027f3 csrrs            x15, x0, 0xf14      x15=00000002
15155399ns          296401 1c008df0 f8068693 addi             x13, x13, -128      x13=00001f80 x13:00002000
15155419ns          296402 1c008df4 00379713 slli             x14, x15, 0x3       x14=00000010 x15:00000002
15155439ns          296403 1c008df8 00279793 slli             x15, x15, 0x2       x15=00000008 x15:00000002
15155459ns          296404 1c008dfa 00d7f7b3 and              x15, x15, x13       x15=00000000 x15:00000008 x13:00001f80
15155479ns          296405 1c008dfc ee873733 p.bclr           x14, x14, 23, 8     x14=00000010 x14:00000010
15155499ns          296406 1c008e00 1a10f6b7 lui              x13, 0x1a10f000     x13=1a10f000
15155519ns          296407 1c008e04 0ff57513 andi             x10, x10, 255       x10=00000020 x10:00000020
15155539ns          296408 1c008e08 00d70733 add              x14, x14, x13       x14=1a10f010 x14:00000010 x13:1a10f000
15155559ns          296409 1c008e0a 00a7e723 p.sw             x10, x0(x15)        x10:00000020 x15:00000000  PA:1a10f010
15155880ns          296425 1c008e0e 00000513 addi             x10, x0, 0          x10=00000000
15155900ns          296426 1c008e10 00008067 jalr             x0, x1, 0            x1:1c008ee0
15155940ns          296428 1c008ee0 31f52563 p.beqimm         x10, 778            x10:00000000
15155961ns          296429 1c008ee4 001d8d93 addi             x27, x27, 1         x27=00000017 x27:00000016
15155981ns          296430 1c008ee6 00044503 lbu              x10, 0(x8)          x10=00000025  x8:1c0000db  PA:1c0000db
15156282ns          296445 1c008eea 00140413 addi             x8, x8, 1            x8=1c0000dc  x8:1c0000db
15156302ns          296446 1c008eec fe0514e3 bne              x10, x0, -24        x10:00000025
15156362ns          296449 1c008ed4 02500793 addi             x15, x0, 37         x15=00000025
15156382ns          296450 1c008ed8 04f50863 beq              x10, x15, 80        x10:00000025 x15:00000025
15156482ns          296455 1c008f28 00044483 lbu              x9, 0(x8)            x9=00000064  x8:1c0000dc  PA:1c0000dc
15156803ns          296471 1c008f2c 02000693 addi             x13, x0, 32         x13=00000020
15156823ns          296472 1c008f30 00140a93 addi             x21, x8, 1          x21=1c0000dd  x8:1c0000dc
15156843ns          296473 1c008f34 009005b3 add              x11, x0, x9         x11=00000064  x9:00000064
15156863ns          296474 1c008f36 198b8513 addi             x10, x23, 408       x10=1c000198 x23:1c000000
15156884ns          296475 1c008f3a 00d12823 sw               x13, 16(x2)         x13:00000020  x2:10001338  PA:10001348
15156904ns          296476 1c008f3c 00012c23 sw               x0, 24(x2)           x2:10001338  PA:10001350
15156924ns          296477 1c008f3e 00012a23 sw               x0, 20(x2)           x2:10001338  PA:1000134c
15156944ns          296478 1c008f40 00012e23 sw               x0, 28(x2)           x2:10001338  PA:10001354
15156964ns          296479 1c008f42 00012623 sw               x0, 12(x2)           x2:10001338  PA:10001344
15156984ns          296480 1c008f44 02300913 addi             x18, x0, 35         x18=00000023
15157004ns          296481 1c008f48 02d00a13 addi             x20, x0, 45         x20=0000002d
15157024ns          296482 1c008f4c 015009b3 add              x19, x0, x21        x19=1c0000dd x21:1c0000dd
15157044ns          296483 1c008f4e e1dff0ef jal              x1, -484             x1=1c008f50
15157184ns          296490 1c008d6a 00054783 lbu              x15, 0(x10)         x15=0000002d x10:1c000198  PA:1c000198
15157506ns          296506 1c008d6e 0ff5f593 andi             x11, x11, 255       x11=00000064 x11:00000064
15157526ns          296507 1c008d72 00b78c63 beq              x15, x11, 24        x15:0000002d x11:00000064
15157546ns          296508 1c008d76 00078b63 beq              x15, x0, 22         x15:0000002d
15157566ns          296509 1c008d78 00150793 addi             x15, x10, 1         x15=1c000199 x10:1c000198
15157586ns          296510 1c008d7c 0040006f jal              x0, 4              
15157666ns          296514 1c008d80 00f00533 add              x10, x0, x15        x10=1c000199 x15:1c000199
15157686ns          296515 1c008d82 0017c70b p.lbu            x14, 1(x15!)        x14=0000002b x15=1c00019a x15:1c000199  PA:1c000199
15158007ns          296531 1c008d86 feb71ce3 bne              x14, x11, -8        x14:0000002b x11:00000064
15158067ns          296534 1c008d7e 00070763 beq              x14, x0, 14         x14:0000002b
15158087ns          296535 1c008d80 00f00533 add              x10, x0, x15        x10=1c00019a x15:1c00019a
15158108ns          296536 1c008d82 0017c70b p.lbu            x14, 1(x15!)        x14=00000020 x15=1c00019b x15:1c00019a  PA:1c00019a
15158429ns          296552 1c008d86 feb71ce3 bne              x14, x11, -8        x14:00000020 x11:00000064
15158489ns          296555 1c008d7e 00070763 beq              x14, x0, 14         x14:00000020
15158509ns          296556 1c008d80 00f00533 add              x10, x0, x15        x10=1c00019b x15:1c00019b
15158529ns          296557 1c008d82 0017c70b p.lbu            x14, 1(x15!)        x14=00000023 x15=1c00019c x15:1c00019b  PA:1c00019b
15158850ns          296573 1c008d86 feb71ce3 bne              x14, x11, -8        x14:00000023 x11:00000064
15158910ns          296576 1c008d7e 00070763 beq              x14, x0, 14         x14:00000023
15158930ns          296577 1c008d80 00f00533 add              x10, x0, x15        x10=1c00019c x15:1c00019c
15158950ns          296578 1c008d82 0017c70b p.lbu            x14, 1(x15!)        x14=00000030 x15=1c00019d x15:1c00019c  PA:1c00019c
15159271ns          296594 1c008d86 feb71ce3 bne              x14, x11, -8        x14:00000030 x11:00000064
15159331ns          296597 1c008d7e 00070763 beq              x14, x0, 14         x14:00000030
15159352ns          296598 1c008d80 00f00533 add              x10, x0, x15        x10=1c00019d x15:1c00019d
15159372ns          296599 1c008d82 0017c70b p.lbu            x14, 1(x15!)        x14=00000000 x15=1c00019e x15:1c00019d  PA:1c00019d
15159693ns          296615 1c008d86 feb71ce3 bne              x14, x11, -8        x14:00000000 x11:00000064
15159753ns          296618 1c008d7e 00070763 beq              x14, x0, 14         x14:00000000
15159813ns          296621 1c008d8c 0015b593 sltiu            x11, x11, 1         x11=00000000 x11:00000064
15159833ns          296622 1c008d90 40b005b3 sub              x11, x0, x11        x11=00000000 x11:00000000
15159853ns          296623 1c008d94 00b57533 and              x10, x10, x11       x10=00000000 x10:1c00019d x11:00000000
15159873ns          296624 1c008d96 00008067 jalr             x0, x1, 0            x1:1c008f50
15159913ns          296626 1c008f50 02050a63 beq              x10, x0, 52         x10:00000000
15160014ns          296631 1c008f84 02a00613 addi             x12, x0, 42         x12=0000002a
15160054ns          296633 1c008f88 2ac48663 beq              x9, x12, 684         x9:00000064 x12:0000002a
15160074ns          296634 1c008f8c fd048613 addi             x12, x9, -48        x12=00000034  x9:00000064
15160134ns          296637 1c008f90 00900593 addi             x11, x0, 9          x11=00000009
15160154ns          296638 1c008f92 00000913 addi             x18, x0, 0          x18=00000000
15160174ns          296639 1c008f94 28c5f063 bgeu             x11, x12, 640       x11:00000009 x12:00000034
15160194ns          296640 1c008f98 02e00693 addi             x13, x0, 46         x13=0000002e
15160214ns          296641 1c008f9c fff00a13 addi             x20, x0, -1         x20=ffffffff
15160275ns          296644 1c008f9e 2ed48363 beq              x9, x13, 742         x9:00000064 x13:0000002e
15160315ns          296646 1c008fa2 1c0007b7 lui              x15, 0x1c000000     x15=1c000000
15160335ns          296647 1c008fa6 009005b3 add              x11, x0, x9         x11=00000064  x9:00000064
15160355ns          296648 1c008fa8 1a078513 addi             x10, x15, 416       x10=1c0001a0 x15:1c000000
15160375ns          296649 1c008fac dbfff0ef jal              x1, -578             x1=1c008fae
15160475ns          296654 1c008d6a 00054783 lbu              x15, 0(x10)         x15=00000068 x10:1c0001a0  PA:1c0001a0
15160776ns          296669 1c008d6e 0ff5f593 andi             x11, x11, 255       x11=00000064 x11:00000064
15160796ns          296670 1c008d72 00b78c63 beq              x15, x11, 24        x15:00000068 x11:00000064
15160816ns          296671 1c008d76 00078b63 beq              x15, x0, 22         x15:00000068
15160836ns          296672 1c008d78 00150793 addi             x15, x10, 1         x15=1c0001a1 x10:1c0001a0
15160856ns          296673 1c008d7c 0040006f jal              x0, 4              
15160897ns          296675 1c008d80 00f00533 add              x10, x0, x15        x10=1c0001a1 x15:1c0001a1
15160917ns          296676 1c008d82 0017c70b p.lbu            x14, 1(x15!)        x14=0000006c x15=1c0001a2 x15:1c0001a1  PA:1c0001a1
15161238ns          296692 1c008d86 feb71ce3 bne              x14, x11, -8        x14:0000006c x11:00000064
15161298ns          296695 1c008d7e 00070763 beq              x14, x0, 14         x14:0000006c
15161318ns          296696 1c008d80 00f00533 add              x10, x0, x15        x10=1c0001a2 x15:1c0001a2
15161338ns          296697 1c008d82 0017c70b p.lbu            x14, 1(x15!)        x14=0000004c x15=1c0001a3 x15:1c0001a2  PA:1c0001a2
15161659ns          296713 1c008d86 feb71ce3 bne              x14, x11, -8        x14:0000004c x11:00000064
15161719ns          296716 1c008d7e 00070763 beq              x14, x0, 14         x14:0000004c
15161739ns          296717 1c008d80 00f00533 add              x10, x0, x15        x10=1c0001a3 x15:1c0001a3
15161759ns          296718 1c008d82 0017c70b p.lbu            x14, 1(x15!)        x14=0000007a x15=1c0001a4 x15:1c0001a3  PA:1c0001a3
15162080ns          296734 1c008d86 feb71ce3 bne              x14, x11, -8        x14:0000007a x11:00000064
15162141ns          296737 1c008d7e 00070763 beq              x14, x0, 14         x14:0000007a
15162161ns          296738 1c008d80 00f00533 add              x10, x0, x15        x10=1c0001a4 x15:1c0001a4
15162181ns          296739 1c008d82 0017c70b p.lbu            x14, 1(x15!)        x14=00000000 x15=1c0001a5 x15:1c0001a4  PA:1c0001a4
15162502ns          296755 1c008d86 feb71ce3 bne              x14, x11, -8        x14:00000000 x11:00000064
15162562ns          296758 1c008d7e 00070763 beq              x14, x0, 14         x14:00000000
15162622ns          296761 1c008d8c 0015b593 sltiu            x11, x11, 1         x11=00000000 x11:00000064
15162642ns          296762 1c008d90 40b005b3 sub              x11, x0, x11        x11=00000000 x11:00000000
15162662ns          296763 1c008d94 00b57533 and              x10, x10, x11       x10=00000000 x10:1c0001a4 x11:00000000
15162682ns          296764 1c008d96 00008067 jalr             x0, x1, 0            x1:1c008fae
15162723ns          296766 1c008fae 01300433 add              x8, x0, x19          x8=1c0000dd x19:1c0000dd
15162743ns          296767 1c008fb0 00050563 beq              x10, x0, 10         x10:00000000
15162823ns          296771 1c008fba 06700693 addi             x13, x0, 103        x13=00000067
15162883ns          296774 1c008fbe 2896d963 bge              x13, x9, 658        x13:00000067  x9:00000064
15162983ns          296779 1c009250 06500693 addi             x13, x0, 101        x13=00000065
15163024ns          296781 1c009254 12d4d563 bge              x9, x13, 298         x9:00000064 x13:00000065
15163044ns          296782 1c009258 04700693 addi             x13, x0, 71         x13=00000047
15163064ns          296783 1c00925c dc96cbe3 blt              x13, x9, -554       x13:00000047  x9:00000064
15163244ns          296792 1c009032 06300693 addi             x13, x0, 99         x13=00000063
15163264ns          296793 1c009036 0ad488e3 beq              x9, x13, 2224        x9:00000064 x13:00000063
15163284ns          296794 1c00903a 0096c9e3 blt              x13, x9, 2066       x13:00000063  x9:00000064
15163806ns          296820 1c00984c 000c2583 lw               x11, 0(x24)         x11=00000002 x24:1000148c  PA:1000148c
15163886ns          296824 1c009850 004c0c13 addi             x24, x24, 4         x24=10001490 x24:1000148c
15163926ns          296826 1c009852 3405cc63 blt              x11, x0, 856        x11:00000002
15163947ns          296827 1c009856 01412603 lw               x12, 20(x2)         x12=00000000  x2:10001338  PA:1000134c
15163967ns          296828 1c009858 00b006b3 add              x13, x0, x11        x13=00000002 x11:00000002
15163987ns          296829 1c00985a 2e061863 bne              x12, x0, 752        x12:00000000
15164007ns          296830 1c00985e 01812703 lw               x14, 24(x2)         x14=00000000  x2:10001338  PA:10001350
15164027ns          296831 1c009860 019007b3 add              x15, x0, x25        x15=1000135c x25:1000135c
15164047ns          296832 1c009862 00070763 beq              x14, x0, 14         x14:00000000
15164147ns          296837 1c009870 00f00733 add              x14, x0, x15        x14=1000135c x15:1000135c
15164167ns          296838 1c009872 00a00513 addi             x10, x0, 10         x10=0000000a
15164187ns          296839 1c009874 02a6f633 remu             x12, x13, x10       x12=00000002 x13:00000002 x10:0000000a
15164809ns          296870 1c009878 02a6d6b3 divu             x13, x13, x10       x13=00000000 x13:00000002 x10:0000000a
15165431ns          296901 1c00987c 03060613 addi             x12, x12, 48        x12=00000032 x12:00000002
15165451ns          296902 1c009880 00c700ab p.sb             x12, 1(x14!)        x14=1000135d x12:00000032 x14:1000135c  PA:1000135c
15165471ns          296903 1c009884 fe0698e3 bne              x13, x0, -16        x13:00000000
15165492ns          296904 1c009886 40f706b3 sub              x13, x14, x15       x13=00000001 x14:1000135d x15:1000135c
15165512ns          296905 1c00988a 0146dc63 bge              x13, x20, 24        x13:00000001 x20:ffffffff
15165632ns          296911 1c0098a2 00e006b3 add              x13, x0, x14        x13=1000135d x14:1000135d
15165672ns          296913 1c0098a4 fe068fab p.sb             x0, -1(x13!)        x13=1000135c x13:1000135d  PA:1000135d
15165692ns          296914 1c0098a8 00d7fc63 bgeu             x15, x13, 24        x15:1000135c x13:1000135c
15165853ns          296922 1c0098c0 01412783 lw               x15, 20(x2)         x15=00000000  x2:10001338  PA:1000134c
15165873ns          296923 1c0098c2 01812603 lw               x12, 24(x2)         x12=00000000  x2:10001338  PA:10001350
15165893ns          296924 1c0098c4 419704b3 sub              x9, x14, x25         x9=00000001 x14:1000135d x25:1000135c
15165913ns          296925 1c0098c8 00c7e7b3 or               x15, x15, x12       x15=00000000 x15:00000000 x12:00000000
15165933ns          296926 1c0098ca 00f12623 sw               x15, 12(x2)         x15:00000000  x2:10001338  PA:10001344
15165953ns          296927 1c0098cc 00079363 bne              x15, x0, 6          x15:00000000
15165973ns          296928 1c0098ce 01f5d593 srli             x11, x11, 0x1f      x11=00000000 x11:00000002
15165993ns          296929 1c0098d0 00b12623 sw               x11, 12(x2)         x11:00000000  x2:10001338  PA:10001344
15166033ns          296931 1c0098d2 e3fa28e3 p.beqimm         x20, -464           x20:ffffffff
15166174ns          296938 1c009702 0c800793 addi             x15, x0, 200        x15=000000c8
15166194ns          296939 1c009706 9e97d0e3 bge              x15, x9, -1568      x15:000000c8  x9:00000001
15166394ns          296949 1c0090e6 0f24d163 bge              x9, x18, 226         x9:00000001 x18:00000000
15166555ns          296957 1c0091c8 d00482e3 beq              x9, x0, -764         x9:00000001
15166595ns          296959 1c0091cc 01900933 add              x18, x0, x25        x18=1000135c x25:1000135c
15166655ns          296962 1c0091ce 419d8db3 sub              x27, x27, x25       x27=efffecbb x27:00000017 x25:1000135c
15166675ns          296963 1c0091d2 00a0006f jal              x0, 10             
15166716ns          296965 1c0091dc 0019450b p.lbu            x10, 1(x18!)        x10=00000032 x18=1000135d x18:1000135c  PA:1000135c
15166776ns          296968 1c0091e0 01a005b3 add              x11, x0, x26        x11=00000002 x26:00000002
15166796ns          296969 1c0091e2 000b00e7 jalr             x1, x22, 0           x1=1c0091e4 x22:1c008dea
15166836ns          296971 1c008dea 000026b7 lui              x13, 0x2000         x13=00002000
15166856ns          296972 1c008dec f14027f3 csrrs            x15, x0, 0xf14      x15=00000002
15166876ns          296973 1c008df0 f8068693 addi             x13, x13, -128      x13=00001f80 x13:00002000
15166896ns          296974 1c008df4 00379713 slli             x14, x15, 0x3       x14=00000010 x15:00000002
15166916ns          296975 1c008df8 00279793 slli             x15, x15, 0x2       x15=00000008 x15:00000002
15166936ns          296976 1c008dfa 00d7f7b3 and              x15, x15, x13       x15=00000000 x15:00000008 x13:00001f80
15166956ns          296977 1c008dfc ee873733 p.bclr           x14, x14, 23, 8     x14=00000010 x14:00000010
15166996ns          296979 1c008e00 1a10f6b7 lui              x13, 0x1a10f000     x13=1a10f000
15167037ns          296981 1c008e04 0ff57513 andi             x10, x10, 255       x10=00000032 x10:00000032
15167057ns          296982 1c008e08 00d70733 add              x14, x14, x13       x14=1a10f010 x14:00000010 x13:1a10f000
15167077ns          296983 1c008e0a 00a7e723 p.sw             x10, x0(x15)        x10:00000032 x15:00000000  PA:1a10f010
15167458ns          297002 1c008e0e 00000513 addi             x10, x0, 0          x10=00000000
15167478ns          297003 1c008e10 00008067 jalr             x0, x1, 0            x1:1c0091e4
15167518ns          297005 1c0091e4 fff48493 addi             x9, x9, -1           x9=00000000  x9:00000001
15167538ns          297006 1c0091e6 fff537e3 p.bneimm         x10, -18            x10:00000000
15167659ns          297012 1c0091d4 012d8733 add              x14, x27, x18       x14=00000018 x27:efffecbb x18:1000135d
15167679ns          297013 1c0091d8 5a048b63 beq              x9, x0, 1462         x9:00000000
15167779ns          297018 1c00978e 00e00db3 add              x27, x0, x14        x27=00000018 x14:00000018
15167859ns          297022 1c009790 f3cff06f jal              x0, -2244          
15167940ns          297026 1c008ecc 00044503 lbu              x10, 0(x8)          x10=0000000a  x8:1c0000dd  PA:1c0000dd
15168261ns          297042 1c008ed0 00140413 addi             x8, x8, 1            x8=1c0000de  x8:1c0000dd
15168281ns          297043 1c008ed2 00050e63 beq              x10, x0, 28         x10:0000000a
15168301ns          297044 1c008ed4 02500793 addi             x15, x0, 37         x15=00000025
15168321ns          297045 1c008ed8 04f50863 beq              x10, x15, 80        x10:0000000a x15:00000025
15168341ns          297046 1c008edc 01a005b3 add              x11, x0, x26        x11=00000002 x26:00000002
15168361ns          297047 1c008ede 000b00e7 jalr             x1, x22, 0           x1=1c008ee0 x22:1c008dea
15168401ns          297049 1c008dea 000026b7 lui              x13, 0x2000         x13=00002000
15168421ns          297050 1c008dec f14027f3 csrrs            x15, x0, 0xf14      x15=00000002
15168441ns          297051 1c008df0 f8068693 addi             x13, x13, -128      x13=00001f80 x13:00002000
15168461ns          297052 1c008df4 00379713 slli             x14, x15, 0x3       x14=00000010 x15:00000002
15168481ns          297053 1c008df8 00279793 slli             x15, x15, 0x2       x15=00000008 x15:00000002
15168501ns          297054 1c008dfa 00d7f7b3 and              x15, x15, x13       x15=00000000 x15:00000008 x13:00001f80
15168521ns          297055 1c008dfc ee873733 p.bclr           x14, x14, 23, 8     x14=00000010 x14:00000010
15168562ns          297057 1c008e00 1a10f6b7 lui              x13, 0x1a10f000     x13=1a10f000
15168602ns          297059 1c008e04 0ff57513 andi             x10, x10, 255       x10=0000000a x10:0000000a
15168622ns          297060 1c008e08 00d70733 add              x14, x14, x13       x14=1a10f010 x14:00000010 x13:1a10f000
15168642ns          297061 1c008e0a 00a7e723 p.sw             x10, x0(x15)        x10:0000000a x15:00000000  PA:1a10f010
15169043ns          297081 1c008e0e 00000513 addi             x10, x0, 0          x10=00000000
15169063ns          297082 1c008e10 00008067 jalr             x0, x1, 0            x1:1c008ee0
15169103ns          297084 1c008ee0 31f52563 p.beqimm         x10, 778            x10:00000000
15169123ns          297085 1c008ee4 001d8d93 addi             x27, x27, 1         x27=00000019 x27:00000018
15169143ns          297086 1c008ee6 00044503 lbu              x10, 0(x8)          x10=00000000  x8:1c0000de  PA:1c0000de
15169444ns          297101 1c008eea 00140413 addi             x8, x8, 1            x8=1c0000df  x8:1c0000de
15169464ns          297102 1c008eec fe0514e3 bne              x10, x0, -24        x10:00000000
15169485ns          297103 1c008eee 01b00433 add              x8, x0, x27          x8=00000019 x27:00000019
15169505ns          297104 1c008ef0 00800533 add              x10, x0, x8         x10=00000019  x8:00000019
15169525ns          297105 1c008ef2 12c12083 lw               x1, 300(x2)          x1=1c008e7e  x2:10001338  PA:10001464
15169545ns          297106 1c008ef6 12812403 lw               x8, 296(x2)          x8=3effa929  x2:10001338  PA:10001460
15169565ns          297107 1c008efa 12412483 lw               x9, 292(x2)          x9=3effa88b  x2:10001338  PA:1000145c
15169625ns          297110 1c008efe 12012903 lw               x18, 288(x2)        x18=1c010000  x2:10001338  PA:10001458
15169665ns          297112 1c008f02 11c12983 lw               x19, 284(x2)        x19=00000008  x2:10001338  PA:10001454
15169685ns          297113 1c008f06 11812a03 lw               x20, 280(x2)        x20=3effa9db  x2:10001338  PA:10001450
15169705ns          297114 1c008f0a 11412a83 lw               x21, 276(x2)        x21=409efc20  x2:10001338  PA:1000144c
15169765ns          297117 1c008f0e 11012b03 lw               x22, 272(x2)        x22=3eaaa273  x2:10001338  PA:10001448
15169806ns          297119 1c008f12 10c12b83 lw               x23, 268(x2)        x23=100017c8  x2:10001338  PA:10001444
15169826ns          297120 1c008f16 10812c03 lw               x24, 264(x2)        x24=3fc90fdb  x2:10001338  PA:10001440
15169846ns          297121 1c008f1a 10412c83 lw               x25, 260(x2)        x25=3f800000  x2:10001338  PA:1000143c
15169866ns          297122 1c008f1e 10012d03 lw               x26, 256(x2)        x26=xxxxxxxx  x2:10001338  PA:10001438
15169886ns          297123 1c008f22 0fc12d83 lw               x27, 252(x2)        x27=xxxxxxxx  x2:10001338  PA:10001434
15169906ns          297124 1c008f24 13010113 addi             x2, x2, 304          x2=10001468  x2:10001338
15169926ns          297125 1c008f26 00008067 jalr             x0, x1, 0            x1:1c008e7e
15170066ns          297132 1c008e7e 01c12083 lw               x1, 28(x2)           x1=1c00840c  x2:10001468  PA:10001484
15170147ns          297136 1c008e80 04010113 addi             x2, x2, 64           x2=100014a8  x2:10001468
15170167ns          297137 1c008e82 00008067 jalr             x0, x1, 0            x1:1c00840c
15170247ns          297141 1c00840c 00100513 addi             x10, x0, 1          x10=00000001
15170548ns          297156 1c00840e 34c12083 lw               x1, 844(x2)          x1=1c00a11c  x2:100014a8  PA:100017f4
15170588ns          297158 1c008412 34812403 lw               x8, 840(x2)          x8=xxxxxxxx  x2:100014a8  PA:100017f0
15170608ns          297159 1c008416 34412483 lw               x9, 836(x2)          x9=xxxxxxxx  x2:100014a8  PA:100017ec
15170628ns          297160 1c00841a 34012903 lw               x18, 832(x2)        x18=xxxxxxxx  x2:100014a8  PA:100017e8
15171090ns          297183 1c00841e 33c12983 lw               x19, 828(x2)        x19=xxxxxxxx  x2:100014a8  PA:100017e4
15171130ns          297185 1c008422 33812a03 lw               x20, 824(x2)        x20=xxxxxxxx  x2:100014a8  PA:100017e0
15171150ns          297186 1c008426 33412a83 lw               x21, 820(x2)        x21=xxxxxxxx  x2:100014a8  PA:100017dc
15171170ns          297187 1c00842a 33012b03 lw               x22, 816(x2)        x22=xxxxxxxx  x2:100014a8  PA:100017d8
15171611ns          297209 1c00842e 32c12b83 lw               x23, 812(x2)        x23=xxxxxxxx  x2:100014a8  PA:100017d4
15171652ns          297211 1c008432 32812c03 lw               x24, 808(x2)        x24=xxxxxxxx  x2:100014a8  PA:100017d0
15171672ns          297212 1c008436 32412c83 lw               x25, 804(x2)        x25=xxxxxxxx  x2:100014a8  PA:100017cc
15171692ns          297213 1c00843a 00154513 xori             x10, x10, 1         x10=00000000 x10:00000001
15172113ns          297234 1c00843e 35010113 addi             x2, x2, 848          x2=100017f8  x2:100014a8
15172133ns          297235 1c008442 00008067 jalr             x0, x1, 0            x1:1c00a11c
15172213ns          297239 1c00a11c f14027f3 csrrs            x15, x0, 0xf14      x15=00000002
15172294ns          297243 1c00a120 f457b7b3 p.bclr           x15, x15, 26, 5     x15=00000002 x15:00000002
15172334ns          297245 1c00a124 00079963 bne              x15, x0, 18         x15:00000002
15172474ns          297252 1c00a136 002047b7 lui              x15, 0x204000       x15=00204000
15172494ns          297253 1c00a13a fff00713 addi             x14, x0, -1         x14=ffffffff
15172514ns          297254 1c00a13c 00e7a223 sw               x14, 4(x15)         x14:ffffffff x15:00204000  PA:00204004
