                Time          Cycles PC       Instr    Mnemonic
11938699ns          189822 1c008080 0640006f jal              x0, 100            
11939157ns          189845 1c0080e4 f1402573 csrrs            x10, x0, 0xf14      x10=00000001
11939197ns          189847 1c0080e8 01f57593 andi             x11, x10, 31        x11=00000001 x10:00000001
11939217ns          189848 1c0080ec 00555513 srli             x10, x10, 0x5       x10=00000000 x10:00000001
11939236ns          189849 1c0080ee 01f00613 addi             x12, x0, 31         x12=0000001f
11939654ns          189870 1c0080f0 00c50463 beq              x10, x12, 8         x10:00000000 x12:0000001f
11939694ns          189872 1c0080f4 fa1ff06f jal              x0, -96            
11940151ns          189895 1c008094 f3ff8117 auipc            x2, 0xf3ff8000       x2=10000094
11940191ns          189897 1c008098 f7010113 addi             x2, x2, -144         x2=10000004  x2:10000094
11940211ns          189898 1c00809c 00012103 lw               x2, 0(x2)            x2=10000008  x2:10000004  PA:10000004
11940669ns          189921 1c0080a0 000011b7 lui              x3, 0x1000           x3=00001000
11940708ns          189923 1c0080a4 80018193 addi             x3, x3, -2048        x3=00000800  x3:00001000
11940728ns          189924 1c0080a8 00158593 addi             x11, x11, 1         x11=00000002 x11:00000001
11940748ns          189925 1c0080ac 02b180b3 mul              x1, x3, x11          x1=00001000  x3:00000800 x11:00000002
11941186ns          189947 1c0080b0 00110133 add              x2, x2, x1           x2=10001008  x2:10000008  x1:00001000
11941226ns          189949 1c0080b4 1610106f jal              x0, 6496           
11941683ns          189972 1c009a14 ff010113 addi             x2, x2, -16          x2=10000ff8  x2:10001008
11941703ns          189973 1c009a16 00112623 sw               x1, 12(x2)           x1:00001000  x2:10000ff8  PA:10001004
11941723ns          189974 1c009a18 002047b7 lui              x15, 0x204000       x15=00204000
11941743ns          189975 1c009a1c 00070737 lui              x14, 0x70000        x14=00070000
11942180ns          189997 1c009a20 00e7a423 sw               x14, 8(x15)         x14:00070000 x15:00204000  PA:00204008
11942200ns          189998 1c009a22 00f00713 addi             x14, x0, 15         x14=0000000f
11942220ns          189999 1c009a24 20078793 addi             x15, x15, 512       x15=00204200 x15:00204000
11942240ns          190000 1c009a28 00e7a023 sw               x14, 0(x15)         x14:0000000f x15:00204200  PA:00204200
11942260ns          190001 1c009a2c 00e7a623 sw               x14, 12(x15)        x14:0000000f x15:00204200  PA:0020420c
11942697ns          190023 1c009a30 1c0017b7 lui              x15, 0x1c001000     x15=1c001000
11942737ns          190025 1c009a34 a547a783 lw               x15, -1452(x15)     x15=1c00813e x15:1c001000  PA:1c000a54
11943095ns          190043 1c009a38 000780e7 jalr             x1, x15, 0           x1=1c009a3a x15:1c00813e
11944189ns          190098 1c00813e f14027f3 csrrs            x15, x0, 0xf14      x15=00000001
11944229ns          190100 1c008142 ca579733 p.extractu       x14, x15, 5, 5      x14=00000000 x15:00000001
11944249ns          190101 1c008146 0c071763 bne              x14, x0, 206        x14:00000000
11944269ns          190102 1c008148 ff010113 addi             x2, x2, -16          x2=10000fe8  x2:10000ff8
11944289ns          190103 1c00814a 00912223 sw               x9, 4(x2)            x9:xxxxxxxx  x2:10000fe8  PA:10000fec
11944309ns          190104 1c00814c 00112623 sw               x1, 12(x2)           x1:1c009a3a  x2:10000fe8  PA:10000ff4
11944328ns          190105 1c00814e 00812423 sw               x8, 8(x2)            x8:xxxxxxxx  x2:10000fe8  PA:10000ff0
11944726ns          190125 1c008150 f457b4b3 p.bclr           x9, x15, 26, 5       x9=00000001 x15:00000001
11944766ns          190127 1c008154 0414a663 p.beqimm         x9, 76               x9:00000001
11945323ns          190155 1c0081a0 1c0016b7 lui              x13, 0x1c001000     x13=1c001000
11945363ns          190157 1c0081a4 dead05b7 lui              x11, 0xdead0000     x11=dead0000
11945383ns          190158 1c0081a8 9ac68413 addi             x8, x13, -1620       x8=1c0009ac x13:1c001000
11945403ns          190159 1c0081ac 00000713 addi             x14, x0, 0          x14=00000000
11946158ns          190197 1c0081ae 9ac68693 addi             x13, x13, -1620     x13=1c0009ac x13:1c001000
11946198ns          190199 1c0081b2 10058593 addi             x11, x11, 256       x11=dead0100 x11:dead0000
11946218ns          190200 1c0081b6 020350fb lp.setupi        0x1, 0x20, 0x6     
11946238ns          190201 1c0081ba 00b76633 or               x12, x14, x11       x12=dead0100 x14:00000000 x11:dead0100
11946755ns          190227 1c0081be 00c6a22b p.sw             x12, 4(x13!)        x13=1c0009b0 x12:dead0100 x13:1c0009ac  PA:1c0009ac
11947073ns          190243 1c0081c2 00170713 addi             x14, x14, 1         x14=00000001 x14:00000000
11947093ns          190244 1c0081ba 00b76633 or               x12, x14, x11       x12=dead0101 x14:00000001 x11:dead0100
11947113ns          190245 1c0081be 00c6a22b p.sw             x12, 4(x13!)        x13=1c0009b4 x12:dead0101 x13:1c0009b0  PA:1c0009b0
11947451ns          190262 1c0081c2 00170713 addi             x14, x14, 1         x14=00000002 x14:00000001
11947471ns          190263 1c0081ba 00b76633 or               x12, x14, x11       x12=dead0102 x14:00000002 x11:dead0100
11947491ns          190264 1c0081be 00c6a22b p.sw             x12, 4(x13!)        x13=1c0009b8 x12:dead0102 x13:1c0009b4  PA:1c0009b4
11947809ns          190280 1c0081c2 00170713 addi             x14, x14, 1         x14=00000003 x14:00000002
11947829ns          190281 1c0081ba 00b76633 or               x12, x14, x11       x12=dead0103 x14:00000003 x11:dead0100
11947849ns          190282 1c0081be 00c6a22b p.sw             x12, 4(x13!)        x13=1c0009bc x12:dead0103 x13:1c0009b8  PA:1c0009b8
11948167ns          190298 1c0081c2 00170713 addi             x14, x14, 1         x14=00000004 x14:00000003
11948187ns          190299 1c0081ba 00b76633 or               x12, x14, x11       x12=dead0104 x14:00000004 x11:dead0100
11948207ns          190300 1c0081be 00c6a22b p.sw             x12, 4(x13!)        x13=1c0009c0 x12:dead0104 x13:1c0009bc  PA:1c0009bc
11948565ns          190318 1c0081c2 00170713 addi             x14, x14, 1         x14=00000005 x14:00000004
11948585ns          190319 1c0081ba 00b76633 or               x12, x14, x11       x12=dead0105 x14:00000005 x11:dead0100
11948605ns          190320 1c0081be 00c6a22b p.sw             x12, 4(x13!)        x13=1c0009c4 x12:dead0105 x13:1c0009c0  PA:1c0009c0
11948923ns          190336 1c0081c2 00170713 addi             x14, x14, 1         x14=00000006 x14:00000005
11948943ns          190337 1c0081ba 00b76633 or               x12, x14, x11       x12=dead0106 x14:00000006 x11:dead0100
11948963ns          190338 1c0081be 00c6a22b p.sw             x12, 4(x13!)        x13=1c0009c8 x12:dead0106 x13:1c0009c4  PA:1c0009c4
11949281ns          190354 1c0081c2 00170713 addi             x14, x14, 1         x14=00000007 x14:00000006
11949301ns          190355 1c0081ba 00b76633 or               x12, x14, x11       x12=dead0107 x14:00000007 x11:dead0100
11949321ns          190356 1c0081be 00c6a22b p.sw             x12, 4(x13!)        x13=1c0009cc x12:dead0107 x13:1c0009c8  PA:1c0009c8
11949659ns          190373 1c0081c2 00170713 addi             x14, x14, 1         x14=00000008 x14:00000007
11949679ns          190374 1c0081ba 00b76633 or               x12, x14, x11       x12=dead0108 x14:00000008 x11:dead0100
11949699ns          190375 1c0081be 00c6a22b p.sw             x12, 4(x13!)        x13=1c0009d0 x12:dead0108 x13:1c0009cc  PA:1c0009cc
11950017ns          190391 1c0081c2 00170713 addi             x14, x14, 1         x14=00000009 x14:00000008
11950037ns          190392 1c0081ba 00b76633 or               x12, x14, x11       x12=dead0109 x14:00000009 x11:dead0100
11950057ns          190393 1c0081be 00c6a22b p.sw             x12, 4(x13!)        x13=1c0009d4 x12:dead0109 x13:1c0009d0  PA:1c0009d0
11950375ns          190409 1c0081c2 00170713 addi             x14, x14, 1         x14=0000000a x14:00000009
11950395ns          190410 1c0081ba 00b76633 or               x12, x14, x11       x12=dead010a x14:0000000a x11:dead0100
11950415ns          190411 1c0081be 00c6a22b p.sw             x12, 4(x13!)        x13=1c0009d8 x12:dead010a x13:1c0009d4  PA:1c0009d4
11950733ns          190427 1c0081c2 00170713 addi             x14, x14, 1         x14=0000000b x14:0000000a
11950753ns          190428 1c0081ba 00b76633 or               x12, x14, x11       x12=dead010b x14:0000000b x11:dead0100
11950773ns          190429 1c0081be 00c6a22b p.sw             x12, 4(x13!)        x13=1c0009dc x12:dead010b x13:1c0009d8  PA:1c0009d8
11951091ns          190445 1c0081c2 00170713 addi             x14, x14, 1         x14=0000000c x14:0000000b
11951111ns          190446 1c0081ba 00b76633 or               x12, x14, x11       x12=dead010c x14:0000000c x11:dead0100
11951131ns          190447 1c0081be 00c6a22b p.sw             x12, 4(x13!)        x13=1c0009e0 x12:dead010c x13:1c0009dc  PA:1c0009dc
11951449ns          190463 1c0081c2 00170713 addi             x14, x14, 1         x14=0000000d x14:0000000c
11951469ns          190464 1c0081ba 00b76633 or               x12, x14, x11       x12=dead010d x14:0000000d x11:dead0100
11951489ns          190465 1c0081be 00c6a22b p.sw             x12, 4(x13!)        x13=1c0009e4 x12:dead010d x13:1c0009e0  PA:1c0009e0
11951807ns          190481 1c0081c2 00170713 addi             x14, x14, 1         x14=0000000e x14:0000000d
11951827ns          190482 1c0081ba 00b76633 or               x12, x14, x11       x12=dead010e x14:0000000e x11:dead0100
11951847ns          190483 1c0081be 00c6a22b p.sw             x12, 4(x13!)        x13=1c0009e8 x12:dead010e x13:1c0009e4  PA:1c0009e4
11952185ns          190500 1c0081c2 00170713 addi             x14, x14, 1         x14=0000000f x14:0000000e
11952205ns          190501 1c0081ba 00b76633 or               x12, x14, x11       x12=dead010f x14:0000000f x11:dead0100
11952225ns          190502 1c0081be 00c6a22b p.sw             x12, 4(x13!)        x13=1c0009ec x12:dead010f x13:1c0009e8  PA:1c0009e8
11952563ns          190519 1c0081c2 00170713 addi             x14, x14, 1         x14=00000010 x14:0000000f
11952583ns          190520 1c0081ba 00b76633 or               x12, x14, x11       x12=dead0110 x14:00000010 x11:dead0100
11952603ns          190521 1c0081be 00c6a22b p.sw             x12, 4(x13!)        x13=1c0009f0 x12:dead0110 x13:1c0009ec  PA:1c0009ec
11952921ns          190537 1c0081c2 00170713 addi             x14, x14, 1         x14=00000011 x14:00000010
11952941ns          190538 1c0081ba 00b76633 or               x12, x14, x11       x12=dead0111 x14:00000011 x11:dead0100
11952961ns          190539 1c0081be 00c6a22b p.sw             x12, 4(x13!)        x13=1c0009f4 x12:dead0111 x13:1c0009f0  PA:1c0009f0
11953299ns          190556 1c0081c2 00170713 addi             x14, x14, 1         x14=00000012 x14:00000011
11953319ns          190557 1c0081ba 00b76633 or               x12, x14, x11       x12=dead0112 x14:00000012 x11:dead0100
11953339ns          190558 1c0081be 00c6a22b p.sw             x12, 4(x13!)        x13=1c0009f8 x12:dead0112 x13:1c0009f4  PA:1c0009f4
11953657ns          190574 1c0081c2 00170713 addi             x14, x14, 1         x14=00000013 x14:00000012
11953677ns          190575 1c0081ba 00b76633 or               x12, x14, x11       x12=dead0113 x14:00000013 x11:dead0100
11953697ns          190576 1c0081be 00c6a22b p.sw             x12, 4(x13!)        x13=1c0009fc x12:dead0113 x13:1c0009f8  PA:1c0009f8
11954015ns          190592 1c0081c2 00170713 addi             x14, x14, 1         x14=00000014 x14:00000013
11954035ns          190593 1c0081ba 00b76633 or               x12, x14, x11       x12=dead0114 x14:00000014 x11:dead0100
11954055ns          190594 1c0081be 00c6a22b p.sw             x12, 4(x13!)        x13=1c000a00 x12:dead0114 x13:1c0009fc  PA:1c0009fc
11954373ns          190610 1c0081c2 00170713 addi             x14, x14, 1         x14=00000015 x14:00000014
11954393ns          190611 1c0081ba 00b76633 or               x12, x14, x11       x12=dead0115 x14:00000015 x11:dead0100
11954413ns          190612 1c0081be 00c6a22b p.sw             x12, 4(x13!)        x13=1c000a04 x12:dead0115 x13:1c000a00  PA:1c000a00
11954731ns          190628 1c0081c2 00170713 addi             x14, x14, 1         x14=00000016 x14:00000015
11954751ns          190629 1c0081ba 00b76633 or               x12, x14, x11       x12=dead0116 x14:00000016 x11:dead0100
11954771ns          190630 1c0081be 00c6a22b p.sw             x12, 4(x13!)        x13=1c000a08 x12:dead0116 x13:1c000a04  PA:1c000a04
11955129ns          190648 1c0081c2 00170713 addi             x14, x14, 1         x14=00000017 x14:00000016
11955149ns          190649 1c0081ba 00b76633 or               x12, x14, x11       x12=dead0117 x14:00000017 x11:dead0100
11955169ns          190650 1c0081be 00c6a22b p.sw             x12, 4(x13!)        x13=1c000a0c x12:dead0117 x13:1c000a08  PA:1c000a08
11955487ns          190666 1c0081c2 00170713 addi             x14, x14, 1         x14=00000018 x14:00000017
11955507ns          190667 1c0081ba 00b76633 or               x12, x14, x11       x12=dead0118 x14:00000018 x11:dead0100
11955527ns          190668 1c0081be 00c6a22b p.sw             x12, 4(x13!)        x13=1c000a10 x12:dead0118 x13:1c000a0c  PA:1c000a0c
11955845ns          190684 1c0081c2 00170713 addi             x14, x14, 1         x14=00000019 x14:00000018
11955865ns          190685 1c0081ba 00b76633 or               x12, x14, x11       x12=dead0119 x14:00000019 x11:dead0100
11955885ns          190686 1c0081be 00c6a22b p.sw             x12, 4(x13!)        x13=1c000a14 x12:dead0119 x13:1c000a10  PA:1c000a10
11956223ns          190703 1c0081c2 00170713 addi             x14, x14, 1         x14=0000001a x14:00000019
11956243ns          190704 1c0081ba 00b76633 or               x12, x14, x11       x12=dead011a x14:0000001a x11:dead0100
11956263ns          190705 1c0081be 00c6a22b p.sw             x12, 4(x13!)        x13=1c000a18 x12:dead011a x13:1c000a14  PA:1c000a14
11956581ns          190721 1c0081c2 00170713 addi             x14, x14, 1         x14=0000001b x14:0000001a
11956601ns          190722 1c0081ba 00b76633 or               x12, x14, x11       x12=dead011b x14:0000001b x11:dead0100
11956621ns          190723 1c0081be 00c6a22b p.sw             x12, 4(x13!)        x13=1c000a1c x12:dead011b x13:1c000a18  PA:1c000a18
11956939ns          190739 1c0081c2 00170713 addi             x14, x14, 1         x14=0000001c x14:0000001b
11956959ns          190740 1c0081ba 00b76633 or               x12, x14, x11       x12=dead011c x14:0000001c x11:dead0100
11956979ns          190741 1c0081be 00c6a22b p.sw             x12, 4(x13!)        x13=1c000a20 x12:dead011c x13:1c000a1c  PA:1c000a1c
11957297ns          190757 1c0081c2 00170713 addi             x14, x14, 1         x14=0000001d x14:0000001c
11957317ns          190758 1c0081ba 00b76633 or               x12, x14, x11       x12=dead011d x14:0000001d x11:dead0100
11957337ns          190759 1c0081be 00c6a22b p.sw             x12, 4(x13!)        x13=1c000a24 x12:dead011d x13:1c000a20  PA:1c000a20
11957655ns          190775 1c0081c2 00170713 addi             x14, x14, 1         x14=0000001e x14:0000001d
11957675ns          190776 1c0081ba 00b76633 or               x12, x14, x11       x12=dead011e x14:0000001e x11:dead0100
11957695ns          190777 1c0081be 00c6a22b p.sw             x12, 4(x13!)        x13=1c000a28 x12:dead011e x13:1c000a24  PA:1c000a24
11958013ns          190793 1c0081c2 00170713 addi             x14, x14, 1         x14=0000001f x14:0000001e
11958033ns          190794 1c0081ba 00b76633 or               x12, x14, x11       x12=dead011f x14:0000001f x11:dead0100
11958053ns          190795 1c0081be 00c6a22b p.sw             x12, 4(x13!)        x13=1c000a2c x12:dead011f x13:1c000a28  PA:1c000a28
11958371ns          190811 1c0081c2 00170713 addi             x14, x14, 1         x14=00000020 x14:0000001f
11958391ns          190812 1c0081c4 167010ef jal              x1, 6502             x1=1c0081c8
11958670ns          190826 1c009b2a f14027f3 csrrs            x15, x0, 0xf14      x15=00000001
11958690ns          190827 1c009b2e 01f00713 addi             x14, x0, 31         x14=0000001f
11958729ns          190829 1c009b30 ca5797b3 p.extractu       x15, x15, 5, 5      x15=00000000 x15:00000001
11958769ns          190831 1c009b34 00e78863 beq              x15, x14, 16        x15:00000000 x14:0000001f
11958789ns          190832 1c009b38 002047b7 lui              x15, 0x204000       x15=00204000
11958809ns          190833 1c009b3c 20078793 addi             x15, x15, 512       x15=00204200 x15:00204000
11958869ns          190836 1c009b40 01c7e703 p.elw            x14, 28(x15)        x14=00010000 x15:00204200  PA:0020421c
11958988ns          190842 1c009b44 00008067 jalr             x0, x1, 0            x1:1c0081c8
11959048ns          190845 1c0081c8 f14027f3 csrrs            x15, x0, 0xf14      x15=00000001
11959068ns          190846 1c0081cc f457b7b3 p.bclr           x15, x15, 26, 5     x15=00000001 x15:00000001
11959087ns          190847 1c0081d0 02079763 bne              x15, x0, 46         x15:00000001
11960122ns          190899 1c0081fe 19000637 lui              x12, 0x19000000     x12=19000000
11960142ns          190900 1c008202 00800733 add              x14, x0, x8         x14=1c0009ac  x8:1c0009ac
11960162ns          190901 1c008204 02060613 addi             x12, x12, 32        x12=19000020 x12:19000000
11960181ns          190902 1c008208 020250fb lp.setupi        0x1, 0x20, 0x4     
11960201ns          190903 1c00820c 0047268b p.lw             x13, 4(x14!)        x13=dead0100 x14=1c0009b0 x14:1c0009ac  PA:1c0009ac
11960679ns          190927 1c008210 00d62023 sw               x13, 0(x12)         x13:dead0100 x12:19000020  PA:19000020
11960699ns          190928 1c00820c 0047268b p.lw             x13, 4(x14!)        x13=dead0101 x14=1c0009b4 x14:1c0009b0  PA:1c0009b0
11961017ns          190944 1c008210 00d62023 sw               x13, 0(x12)         x13:dead0101 x12:19000020  PA:19000020
11961037ns          190945 1c00820c 0047268b p.lw             x13, 4(x14!)        x13=dead0102 x14=1c0009b8 x14:1c0009b4  PA:1c0009b4
11961375ns          190962 1c008210 00d62023 sw               x13, 0(x12)         x13:dead0102 x12:19000020  PA:19000020
11961395ns          190963 1c00820c 0047268b p.lw             x13, 4(x14!)        x13=dead0103 x14=1c0009bc x14:1c0009b8  PA:1c0009b8
11961713ns          190979 1c008210 00d62023 sw               x13, 0(x12)         x13:dead0103 x12:19000020  PA:19000020
11961733ns          190980 1c00820c 0047268b p.lw             x13, 4(x14!)        x13=dead0104 x14=1c0009c0 x14:1c0009bc  PA:1c0009bc
11962051ns          190996 1c008210 00d62023 sw               x13, 0(x12)         x13:dead0104 x12:19000020  PA:19000020
11962071ns          190997 1c00820c 0047268b p.lw             x13, 4(x14!)        x13=dead0105 x14=1c0009c4 x14:1c0009c0  PA:1c0009c0
11962389ns          191013 1c008210 00d62023 sw               x13, 0(x12)         x13:dead0105 x12:19000020  PA:19000020
11962409ns          191014 1c00820c 0047268b p.lw             x13, 4(x14!)        x13=dead0106 x14=1c0009c8 x14:1c0009c4  PA:1c0009c4
11962727ns          191030 1c008210 00d62023 sw               x13, 0(x12)         x13:dead0106 x12:19000020  PA:19000020
11962747ns          191031 1c00820c 0047268b p.lw             x13, 4(x14!)        x13=dead0107 x14=1c0009cc x14:1c0009c8  PA:1c0009c8
11963085ns          191048 1c008210 00d62023 sw               x13, 0(x12)         x13:dead0107 x12:19000020  PA:19000020
11963105ns          191049 1c00820c 0047268b p.lw             x13, 4(x14!)        x13=dead0108 x14=1c0009d0 x14:1c0009cc  PA:1c0009cc
11963424ns          191065 1c008210 00d62023 sw               x13, 0(x12)         x13:dead0108 x12:19000020  PA:19000020
11963444ns          191066 1c00820c 0047268b p.lw             x13, 4(x14!)        x13=dead0109 x14=1c0009d4 x14:1c0009d0  PA:1c0009d0
11963762ns          191082 1c008210 00d62023 sw               x13, 0(x12)         x13:dead0109 x12:19000020  PA:19000020
11963782ns          191083 1c00820c 0047268b p.lw             x13, 4(x14!)        x13=dead010a x14=1c0009d8 x14:1c0009d4  PA:1c0009d4
11964100ns          191099 1c008210 00d62023 sw               x13, 0(x12)         x13:dead010a x12:19000020  PA:19000020
11964120ns          191100 1c00820c 0047268b p.lw             x13, 4(x14!)        x13=dead010b x14=1c0009dc x14:1c0009d8  PA:1c0009d8
11964458ns          191117 1c008210 00d62023 sw               x13, 0(x12)         x13:dead010b x12:19000020  PA:19000020
11964478ns          191118 1c00820c 0047268b p.lw             x13, 4(x14!)        x13=dead010c x14=1c0009e0 x14:1c0009dc  PA:1c0009dc
11964816ns          191135 1c008210 00d62023 sw               x13, 0(x12)         x13:dead010c x12:19000020  PA:19000020
11964836ns          191136 1c00820c 0047268b p.lw             x13, 4(x14!)        x13=dead010d x14=1c0009e4 x14:1c0009e0  PA:1c0009e0
11965154ns          191152 1c008210 00d62023 sw               x13, 0(x12)         x13:dead010d x12:19000020  PA:19000020
11965174ns          191153 1c00820c 0047268b p.lw             x13, 4(x14!)        x13=dead010e x14=1c0009e8 x14:1c0009e4  PA:1c0009e4
11965512ns          191170 1c008210 00d62023 sw               x13, 0(x12)         x13:dead010e x12:19000020  PA:19000020
11965532ns          191171 1c00820c 0047268b p.lw             x13, 4(x14!)        x13=dead010f x14=1c0009ec x14:1c0009e8  PA:1c0009e8
11965870ns          191188 1c008210 00d62023 sw               x13, 0(x12)         x13:dead010f x12:19000020  PA:19000020
11965890ns          191189 1c00820c 0047268b p.lw             x13, 4(x14!)        x13=dead0110 x14=1c0009f0 x14:1c0009ec  PA:1c0009ec
11966228ns          191206 1c008210 00d62023 sw               x13, 0(x12)         x13:dead0110 x12:19000020  PA:19000020
11966248ns          191207 1c00820c 0047268b p.lw             x13, 4(x14!)        x13=dead0111 x14=1c0009f4 x14:1c0009f0  PA:1c0009f0
11966566ns          191223 1c008210 00d62023 sw               x13, 0(x12)         x13:dead0111 x12:19000020  PA:19000020
11966586ns          191224 1c00820c 0047268b p.lw             x13, 4(x14!)        x13=dead0112 x14=1c0009f8 x14:1c0009f4  PA:1c0009f4
11966924ns          191241 1c008210 00d62023 sw               x13, 0(x12)         x13:dead0112 x12:19000020  PA:19000020
11966944ns          191242 1c00820c 0047268b p.lw             x13, 4(x14!)        x13=dead0113 x14=1c0009fc x14:1c0009f8  PA:1c0009f8
11967263ns          191258 1c008210 00d62023 sw               x13, 0(x12)         x13:dead0113 x12:19000020  PA:19000020
11967282ns          191259 1c00820c 0047268b p.lw             x13, 4(x14!)        x13=dead0114 x14=1c000a00 x14:1c0009fc  PA:1c0009fc
11967601ns          191275 1c008210 00d62023 sw               x13, 0(x12)         x13:dead0114 x12:19000020  PA:19000020
11967621ns          191276 1c00820c 0047268b p.lw             x13, 4(x14!)        x13=dead0115 x14=1c000a04 x14:1c000a00  PA:1c000a00
11967939ns          191292 1c008210 00d62023 sw               x13, 0(x12)         x13:dead0115 x12:19000020  PA:19000020
11967959ns          191293 1c00820c 0047268b p.lw             x13, 4(x14!)        x13=dead0116 x14=1c000a08 x14:1c000a04  PA:1c000a04
11968277ns          191309 1c008210 00d62023 sw               x13, 0(x12)         x13:dead0116 x12:19000020  PA:19000020
11968297ns          191310 1c00820c 0047268b p.lw             x13, 4(x14!)        x13=dead0117 x14=1c000a0c x14:1c000a08  PA:1c000a08
11968615ns          191326 1c008210 00d62023 sw               x13, 0(x12)         x13:dead0117 x12:19000020  PA:19000020
11968635ns          191327 1c00820c 0047268b p.lw             x13, 4(x14!)        x13=dead0118 x14=1c000a10 x14:1c000a0c  PA:1c000a0c
11968953ns          191343 1c008210 00d62023 sw               x13, 0(x12)         x13:dead0118 x12:19000020  PA:19000020
11968973ns          191344 1c00820c 0047268b p.lw             x13, 4(x14!)        x13=dead0119 x14=1c000a14 x14:1c000a10  PA:1c000a10
11969291ns          191360 1c008210 00d62023 sw               x13, 0(x12)         x13:dead0119 x12:19000020  PA:19000020
11969311ns          191361 1c00820c 0047268b p.lw             x13, 4(x14!)        x13=dead011a x14=1c000a18 x14:1c000a14  PA:1c000a14
11969649ns          191378 1c008210 00d62023 sw               x13, 0(x12)         x13:dead011a x12:19000020  PA:19000020
11969669ns          191379 1c00820c 0047268b p.lw             x13, 4(x14!)        x13=dead011b x14=1c000a1c x14:1c000a18  PA:1c000a18
11969988ns          191395 1c008210 00d62023 sw               x13, 0(x12)         x13:dead011b x12:19000020  PA:19000020
11970007ns          191396 1c00820c 0047268b p.lw             x13, 4(x14!)        x13=dead011c x14=1c000a20 x14:1c000a1c  PA:1c000a1c
11970326ns          191412 1c008210 00d62023 sw               x13, 0(x12)         x13:dead011c x12:19000020  PA:19000020
11970346ns          191413 1c00820c 0047268b p.lw             x13, 4(x14!)        x13=dead011d x14=1c000a24 x14:1c000a20  PA:1c000a20
11970664ns          191429 1c008210 00d62023 sw               x13, 0(x12)         x13:dead011d x12:19000020  PA:19000020
11970684ns          191430 1c00820c 0047268b p.lw             x13, 4(x14!)        x13=dead011e x14=1c000a28 x14:1c000a24  PA:1c000a24
11971002ns          191446 1c008210 00d62023 sw               x13, 0(x12)         x13:dead011e x12:19000020  PA:19000020
11971022ns          191447 1c00820c 0047268b p.lw             x13, 4(x14!)        x13=dead011f x14=1c000a2c x14:1c000a28  PA:1c000a28
11971340ns          191463 1c008210 00d62023 sw               x13, 0(x12)         x13:dead011f x12:19000020  PA:19000020
11971360ns          191464 1c008212 f5fff06f jal              x0, -162           
11971440ns          191468 1c008170 1bb010ef jal              x1, 6586             x1=1c008174
11971499ns          191471 1c009b2a f14027f3 csrrs            x15, x0, 0xf14      x15=00000001
11971519ns          191472 1c009b2e 01f00713 addi             x14, x0, 31         x14=0000001f
11971539ns          191473 1c009b30 ca5797b3 p.extractu       x15, x15, 5, 5      x15=00000000 x15:00000001
11971559ns          191474 1c009b34 00e78863 beq              x15, x14, 16        x15:00000000 x14:0000001f
11971579ns          191475 1c009b38 002047b7 lui              x15, 0x204000       x15=00204000
11971599ns          191476 1c009b3c 20078793 addi             x15, x15, 512       x15=00204200 x15:00204000
11971619ns          191477 1c009b40 01c7e703 p.elw            x14, 28(x15)        x14=00010000 x15:00204200  PA:0020421c
11971758ns          191484 1c009b44 00008067 jalr             x0, x1, 0            x1:1c008174
11971798ns          191486 1c008174 f14027f3 csrrs            x15, x0, 0xf14      x15=00000001
11971818ns          191487 1c008178 f457b7b3 p.bclr           x15, x15, 26, 5     x15=00000001 x15:00000001
11971837ns          191488 1c00817c 00079c63 bne              x15, x0, 24         x15:00000001
11972812ns          191537 1c008194 00c12083 lw               x1, 12(x2)           x1=1c009a3a  x2:10000fe8  PA:10000ff4
11972832ns          191538 1c008196 00812403 lw               x8, 8(x2)            x8=xxxxxxxx  x2:10000fe8  PA:10000ff0
11972852ns          191539 1c008198 00412483 lw               x9, 4(x2)            x9=xxxxxxxx  x2:10000fe8  PA:10000fec
11972872ns          191540 1c00819a 00000513 addi             x10, x0, 0          x10=00000000
11972892ns          191541 1c00819c 01010113 addi             x2, x2, 16           x2=10000ff8  x2:10000fe8
11972912ns          191542 1c00819e 00008067 jalr             x0, x1, 0            x1:1c009a3a
11972971ns          191545 1c009a3a f14027f3 csrrs            x15, x0, 0xf14      x15=00000001
11972991ns          191546 1c009a3e f457b7b3 p.bclr           x15, x15, 26, 5     x15=00000001 x15:00000001
11973011ns          191547 1c009a42 00079963 bne              x15, x0, 18         x15:00000001
11973468ns          191570 1c009a54 002047b7 lui              x15, 0x204000       x15=00204000
11973508ns          191572 1c009a58 fff00713 addi             x14, x0, -1         x14=ffffffff
11973528ns          191573 1c009a5a 00e7a223 sw               x14, 4(x15)         x14:ffffffff x15:00204000  PA:00204004

