                Time          Cycles PC       Instr    Mnemonic
12762700ns          204321 1c008080 0640006f jal              x0, 100            
12763157ns          204344 1c0080e4 f1402573 csrrs            x10, x0, 0xf14      x10=00000002
12763197ns          204346 1c0080e8 01f57593 andi             x11, x10, 31        x11=00000002 x10:00000002
12763217ns          204347 1c0080ec 00555513 srli             x10, x10, 0x5       x10=00000000 x10:00000002
12763237ns          204348 1c0080ee 01f00613 addi             x12, x0, 31         x12=0000001f
12763654ns          204369 1c0080f0 00c50463 beq              x10, x12, 8         x10:00000000 x12:0000001f
12763694ns          204371 1c0080f4 fa1ff06f jal              x0, -96            
12764152ns          204394 1c008094 f3ff8117 auipc            x2, 0xf3ff8000       x2=10000094
12764191ns          204396 1c008098 f7010113 addi             x2, x2, -144         x2=10000004  x2:10000094
12764211ns          204397 1c00809c 00012103 lw               x2, 0(x2)            x2=10000008  x2:10000004  PA:10000004
12764649ns          204419 1c0080a0 000011b7 lui              x3, 0x1000           x3=00001000
12764689ns          204421 1c0080a4 80018193 addi             x3, x3, -2048        x3=00000800  x3:00001000
12764709ns          204422 1c0080a8 00158593 addi             x11, x11, 1         x11=00000003 x11:00000002
12764728ns          204423 1c0080ac 02b180b3 mul              x1, x3, x11          x1=00001800  x3:00000800 x11:00000003
12765186ns          204446 1c0080b0 00110133 add              x2, x2, x1           x2=10001808  x2:10000008  x1:00001800
12765226ns          204448 1c0080b4 5410106f jal              x0, 7488           
12765683ns          204471 1c009df4 ff010113 addi             x2, x2, -16          x2=100017f8  x2:10001808
12765703ns          204472 1c009df6 00112623 sw               x1, 12(x2)           x1:00001800  x2:100017f8  PA:10001804
12765723ns          204473 1c009df8 002047b7 lui              x15, 0x204000       x15=00204000
12765743ns          204474 1c009dfc 00070737 lui              x14, 0x70000        x14=00070000
12766180ns          204496 1c009e00 00e7a423 sw               x14, 8(x15)         x14:00070000 x15:00204000  PA:00204008
12766200ns          204497 1c009e02 00f00713 addi             x14, x0, 15         x14=0000000f
12766220ns          204498 1c009e04 20078793 addi             x15, x15, 512       x15=00204200 x15:00204000
12766240ns          204499 1c009e08 00e7a023 sw               x14, 0(x15)         x14:0000000f x15:00204200  PA:00204200
12766260ns          204500 1c009e0c 00e7a623 sw               x14, 12(x15)        x14:0000000f x15:00204200  PA:0020420c
12766698ns          204522 1c009e10 1c0017b7 lui              x15, 0x1c001000     x15=1c001000
12766737ns          204524 1c009e14 a8c7a783 lw               x15, -1396(x15)     x15=1c0084c4 x15:1c001000  PA:1c000a8c
12767195ns          204547 1c009e18 000780e7 jalr             x1, x15, 0           x1=1c009e1a x15:1c0084c4
12767712ns          204573 1c0084c4 f14027f3 csrrs            x15, x0, 0xf14      x15=00000002
12767752ns          204575 1c0084c8 ca579733 p.extractu       x14, x15, 5, 5      x14=00000000 x15:00000002
12767772ns          204576 1c0084cc 02071063 bne              x14, x0, 32         x14:00000000
12768209ns          204598 1c0084d0 f457b7b3 p.bclr           x15, x15, 26, 5     x15=00000002 x15:00000002
12768249ns          204600 1c0084d4 00078663 beq              x15, x0, 12         x15:00000002
12768269ns          204601 1c0084d8 00000513 addi             x10, x0, 0          x10=00000000
12768289ns          204602 1c0084dc 00008067 jalr             x0, x1, 0            x1:1c009e1a
12768786ns          204627 1c009e1a f14027f3 csrrs            x15, x0, 0xf14      x15=00000002
12768806ns          204628 1c009e1e f457b7b3 p.bclr           x15, x15, 26, 5     x15=00000002 x15:00000002
12768826ns          204629 1c009e22 00079963 bne              x15, x0, 18         x15:00000002
12769363ns          204656 1c009e34 002047b7 lui              x15, 0x204000       x15=00204000
12769403ns          204658 1c009e38 fff00713 addi             x14, x0, -1         x14=ffffffff
12769423ns          204659 1c009e3a 00e7a223 sw               x14, 4(x15)         x14:ffffffff x15:00204000  PA:00204004
