                Time          Cycles PC       Instr    Mnemonic
12762660ns          204319 1c008080 0640006f jal              x0, 100            
12763117ns          204342 1c0080e4 f1402573 csrrs            x10, x0, 0xf14      x10=00000001
12763157ns          204344 1c0080e8 01f57593 andi             x11, x10, 31        x11=00000001 x10:00000001
12763177ns          204345 1c0080ec 00555513 srli             x10, x10, 0x5       x10=00000000 x10:00000001
12763197ns          204346 1c0080ee 01f00613 addi             x12, x0, 31         x12=0000001f
12763615ns          204367 1c0080f0 00c50463 beq              x10, x12, 8         x10:00000000 x12:0000001f
12763654ns          204369 1c0080f4 fa1ff06f jal              x0, -96            
12764112ns          204392 1c008094 f3ff8117 auipc            x2, 0xf3ff8000       x2=10000094
12764152ns          204394 1c008098 f7010113 addi             x2, x2, -144         x2=10000004  x2:10000094
12764172ns          204395 1c00809c 00012103 lw               x2, 0(x2)            x2=10000008  x2:10000004  PA:10000004
12764609ns          204417 1c0080a0 000011b7 lui              x3, 0x1000           x3=00001000
12764649ns          204419 1c0080a4 80018193 addi             x3, x3, -2048        x3=00000800  x3:00001000
12764669ns          204420 1c0080a8 00158593 addi             x11, x11, 1         x11=00000002 x11:00000001
12764689ns          204421 1c0080ac 02b180b3 mul              x1, x3, x11          x1=00001000  x3:00000800 x11:00000002
12765146ns          204444 1c0080b0 00110133 add              x2, x2, x1           x2=10001008  x2:10000008  x1:00001000
12765186ns          204446 1c0080b4 5410106f jal              x0, 7488           
12765643ns          204469 1c009df4 ff010113 addi             x2, x2, -16          x2=10000ff8  x2:10001008
12765663ns          204470 1c009df6 00112623 sw               x1, 12(x2)           x1:00001000  x2:10000ff8  PA:10001004
12765683ns          204471 1c009df8 002047b7 lui              x15, 0x204000       x15=00204000
12765703ns          204472 1c009dfc 00070737 lui              x14, 0x70000        x14=00070000
12766141ns          204494 1c009e00 00e7a423 sw               x14, 8(x15)         x14:00070000 x15:00204000  PA:00204008
12766161ns          204495 1c009e02 00f00713 addi             x14, x0, 15         x14=0000000f
12766180ns          204496 1c009e04 20078793 addi             x15, x15, 512       x15=00204200 x15:00204000
12766200ns          204497 1c009e08 00e7a023 sw               x14, 0(x15)         x14:0000000f x15:00204200  PA:00204200
12766220ns          204498 1c009e0c 00e7a623 sw               x14, 12(x15)        x14:0000000f x15:00204200  PA:0020420c
12766658ns          204520 1c009e10 1c0017b7 lui              x15, 0x1c001000     x15=1c001000
12766698ns          204522 1c009e14 a8c7a783 lw               x15, -1396(x15)     x15=1c0084c4 x15:1c001000  PA:1c000a8c
12767036ns          204539 1c009e18 000780e7 jalr             x1, x15, 0           x1=1c009e1a x15:1c0084c4
12767672ns          204571 1c0084c4 f14027f3 csrrs            x15, x0, 0xf14      x15=00000001
12767712ns          204573 1c0084c8 ca579733 p.extractu       x14, x15, 5, 5      x14=00000000 x15:00000001
12767732ns          204574 1c0084cc 02071063 bne              x14, x0, 32         x14:00000000
12768170ns          204596 1c0084d0 f457b7b3 p.bclr           x15, x15, 26, 5     x15=00000001 x15:00000001
12768209ns          204598 1c0084d4 00078663 beq              x15, x0, 12         x15:00000001
12768229ns          204599 1c0084d8 00000513 addi             x10, x0, 0          x10=00000000
12768249ns          204600 1c0084dc 00008067 jalr             x0, x1, 0            x1:1c009e1a
12768746ns          204625 1c009e1a f14027f3 csrrs            x15, x0, 0xf14      x15=00000001
12768766ns          204626 1c009e1e f457b7b3 p.bclr           x15, x15, 26, 5     x15=00000001 x15:00000001
12768786ns          204627 1c009e22 00079963 bne              x15, x0, 18         x15:00000001
12769283ns          204652 1c009e34 002047b7 lui              x15, 0x204000       x15=00204000
12769323ns          204654 1c009e38 fff00713 addi             x14, x0, -1         x14=ffffffff
12769343ns          204655 1c009e3a 00e7a223 sw               x14, 4(x15)         x14:ffffffff x15:00204000  PA:00204004
