                Time          Cycles PC       Instr    Mnemonic
17065537ns          280030 1c008080 0640006f jal              x0, 100            
17065994ns          280053 1c0080e4 f1402573 csrrs            x10, x0, 0xf14      x10=00000001
17066034ns          280055 1c0080e8 01f57593 andi             x11, x10, 31        x11=00000001 x10:00000001
17066054ns          280056 1c0080ec 00555513 srli             x10, x10, 0x5       x10=00000000 x10:00000001
17066074ns          280057 1c0080ee 01f00613 addi             x12, x0, 31         x12=0000001f
17066492ns          280078 1c0080f0 00c50463 beq              x10, x12, 8         x10:00000000 x12:0000001f
17066531ns          280080 1c0080f4 fa1ff06f jal              x0, -96            
17066989ns          280103 1c008094 f3ff8117 auipc            x2, 0xf3ff8000       x2=10000094
17067029ns          280105 1c008098 f7010113 addi             x2, x2, -144         x2=10000004  x2:10000094
17067048ns          280106 1c00809c 00012103 lw               x2, 0(x2)            x2=10000008  x2:10000004  PA:10000004
17067486ns          280128 1c0080a0 000011b7 lui              x3, 0x1000           x3=00001000
17067526ns          280130 1c0080a4 80018193 addi             x3, x3, -2048        x3=00000800  x3:00001000
17067546ns          280131 1c0080a8 00158593 addi             x11, x11, 1         x11=00000002 x11:00000001
17067566ns          280132 1c0080ac 02b180b3 mul              x1, x3, x11          x1=00001000  x3:00000800 x11:00000002
17068003ns          280154 1c0080b0 00110133 add              x2, x2, x1           x2=10001008  x2:10000008  x1:00001000
17068043ns          280156 1c0080b4 6d10106f jal              x0, 7888           
17068500ns          280179 1c009f84 ff010113 addi             x2, x2, -16          x2=10000ff8  x2:10001008
17068520ns          280180 1c009f86 00112623 sw               x1, 12(x2)           x1:00001000  x2:10000ff8  PA:10001004
17068540ns          280181 1c009f88 002047b7 lui              x15, 0x204000       x15=00204000
17068560ns          280182 1c009f8c 00070737 lui              x14, 0x70000        x14=00070000
17069018ns          280205 1c009f90 00e7a423 sw               x14, 8(x15)         x14:00070000 x15:00204000  PA:00204008
17069038ns          280206 1c009f92 00f00713 addi             x14, x0, 15         x14=0000000f
17069057ns          280207 1c009f94 20078793 addi             x15, x15, 512       x15=00204200 x15:00204000
17069077ns          280208 1c009f98 00e7a023 sw               x14, 0(x15)         x14:0000000f x15:00204200  PA:00204200
17069097ns          280209 1c009f9c 00e7a623 sw               x14, 12(x15)        x14:0000000f x15:00204200  PA:0020420c
17069535ns          280231 1c009fa0 1c0017b7 lui              x15, 0x1c001000     x15=1c001000
17069575ns          280233 1c009fa4 a947a783 lw               x15, -1388(x15)     x15=1c0085e0 x15:1c001000  PA:1c000a94
17069913ns          280250 1c009fa8 000780e7 jalr             x1, x15, 0           x1=1c009faa x15:1c0085e0
17070529ns          280281 1c0085e0 e5010113 addi             x2, x2, -432         x2=10000e48  x2:10000ff8
17070569ns          280283 1c0085e2 1a912223 sw               x9, 420(x2)          x9:xxxxxxxx  x2:10000e48  PA:10000fec
17070589ns          280284 1c0085e6 1a112623 sw               x1, 428(x2)          x1:1c009faa  x2:10000e48  PA:10000ff4
17070609ns          280285 1c0085ea f14024f3 csrrs            x9, x0, 0xf14        x9=00000001
17071046ns          280307 1c0085ee 1a812423 sw               x8, 424(x2)          x8:xxxxxxxx  x2:10000e48  PA:10000ff0
17071086ns          280309 1c0085f2 ca5497b3 p.extractu       x15, x9, 5, 5       x15=00000000  x9:00000001
17071106ns          280310 1c0085f6 10079963 bne              x15, x0, 274        x15:00000000
17071126ns          280311 1c0085fa f454b4b3 p.bclr           x9, x9, 26, 5        x9=00000001  x9:00000001
17071584ns          280334 1c0085fe 1c000537 lui              x10, 0x1c000000     x10=1c000000
17071603ns          280335 1c008602 00900633 add              x12, x0, x9         x12=00000001  x9:00000001
17071623ns          280336 1c008604 00100593 addi             x11, x0, 1          x11=00000001
17071643ns          280337 1c008606 04050513 addi             x10, x10, 64        x10=1c000040 x10:1c000000
17071663ns          280338 1c00860a 6da000ef jal              x1, 1754             x1=1c00860c
17072558ns          280383 1c008ce4 fc010113 addi             x2, x2, -64          x2=10000e08  x2:10000e48
17072598ns          280385 1c008ce6 02410313 addi             x6, x2, 36           x6=10000e2c  x2:10000e08
17072618ns          280386 1c008cea 02c12423 sw               x12, 40(x2)         x12:00000001  x2:10000e08  PA:10000e30
17072638ns          280387 1c008cec 00a00633 add              x12, x0, x10        x12=1c000040 x10:1c000040
17073055ns          280408 1c008cee 1c009537 lui              x10, 0x1c009000     x10=1c009000
17073075ns          280409 1c008cf2 02b12223 sw               x11, 36(x2)         x11:00000001  x2:10000e08  PA:10000e2c
17073095ns          280410 1c008cf4 02d12623 sw               x13, 44(x2)         x13:xxxxxxxx  x2:10000e08  PA:10000e34
17073115ns          280411 1c008cf6 00200593 addi             x11, x0, 2          x11=00000002
17073135ns          280412 1c008cf8 006006b3 add              x13, x0, x6         x13=10000e2c  x6:10000e2c
17073155ns          280413 1c008cfa c7850513 addi             x10, x10, -904      x10=1c008c78 x10:1c009000
17073175ns          280414 1c008cfe 00112e23 sw               x1, 28(x2)           x1:1c00860c  x2:10000e08  PA:10000e24
17073573ns          280434 1c008d00 02e12823 sw               x14, 48(x2)         x14:0000000f  x2:10000e08  PA:10000e38
17073593ns          280435 1c008d02 02f12a23 sw               x15, 52(x2)         x15:00000000  x2:10000e08  PA:10000e3c
17073612ns          280436 1c008d04 03012c23 sw               x16, 56(x2)         x16:xxxxxxxx  x2:10000e08  PA:10000e40
17073632ns          280437 1c008d06 03112e23 sw               x17, 60(x2)         x17:xxxxxxxx  x2:10000e08  PA:10000e44
17073652ns          280438 1c008d08 00612623 sw               x6, 12(x2)           x6:10000e2c  x2:10000e08  PA:10000e14
17073672ns          280439 1c008d0a fbfff0ef jal              x1, -66              x1=1c008d0c
17074547ns          280483 1c008cc8 04a0006f jal              x0, 74             
17074587ns          280485 1c008d12 ed010113 addi             x2, x2, -304         x2=10000cd8  x2:10000e08
17074607ns          280486 1c008d14 12812423 sw               x8, 296(x2)          x8:xxxxxxxx  x2:10000cd8  PA:10000e00
17074627ns          280487 1c008d18 00000413 addi             x8, x0, 0            x8=00000000
17074647ns          280488 1c008d1a 11612823 sw               x22, 272(x2)        x22:xxxxxxxx  x2:10000cd8  PA:10000de8
17075084ns          280510 1c008d1e 11712623 sw               x23, 268(x2)        x23:xxxxxxxx  x2:10000cd8  PA:10000de4
17075124ns          280512 1c008d22 11812423 sw               x24, 264(x2)        x24:xxxxxxxx  x2:10000cd8  PA:10000de0
17075144ns          280513 1c008d26 11912223 sw               x25, 260(x2)        x25:xxxxxxxx  x2:10000cd8  PA:10000ddc
17075164ns          280514 1c008d2a 11a12023 sw               x26, 256(x2)        x26:xxxxxxxx  x2:10000cd8  PA:10000dd8
17075184ns          280515 1c008d2e 0fb12e23 sw               x27, 252(x2)        x27:xxxxxxxx  x2:10000cd8  PA:10000dd4
17075621ns          280537 1c008d30 12112623 sw               x1, 300(x2)          x1:1c008d0c  x2:10000cd8  PA:10000e04
17075661ns          280539 1c008d34 00800db3 add              x27, x0, x8         x27=00000000  x8:00000000
17075681ns          280540 1c008d36 12912223 sw               x9, 292(x2)          x9:00000001  x2:10000cd8  PA:10000dfc
17075701ns          280541 1c008d3a 13212023 sw               x18, 288(x2)        x18:xxxxxxxx  x2:10000cd8  PA:10000df8
17076139ns          280563 1c008d3e 11312e23 sw               x19, 284(x2)        x19:xxxxxxxx  x2:10000cd8  PA:10000df4
17076178ns          280565 1c008d42 11412c23 sw               x20, 280(x2)        x20:xxxxxxxx  x2:10000cd8  PA:10000df0
17076198ns          280566 1c008d46 11512a23 sw               x21, 276(x2)        x21:xxxxxxxx  x2:10000cd8  PA:10000dec
17076218ns          280567 1c008d4a 00a00b33 add              x22, x0, x10        x22=1c008c78 x10:1c008c78
17076238ns          280568 1c008d4c 00b00d33 add              x26, x0, x11        x26=00000002 x11:00000002
17076258ns          280569 1c008d4e 00d00c33 add              x24, x0, x13        x24=10000e2c x13:10000e2c
17076656ns          280589 1c008d50 1c000bb7 lui              x23, 0x1c000000     x23=1c000000
17076695ns          280591 1c008d54 02410c93 addi             x25, x2, 36         x25=10000cfc  x2:10000cd8
17076715ns          280592 1c008d58 00c00433 add              x8, x0, x12          x8=1c000040 x12:1c000040
17076735ns          280593 1c008d5a 00044503 lbu              x10, 0(x8)          x10=00000073  x8:1c000040  PA:1c000040
17077153ns          280614 1c008d5e 00140413 addi             x8, x8, 1            x8=1c000041  x8:1c000040
17077173ns          280615 1c008d60 00050e63 beq              x10, x0, 28         x10:00000073
17077213ns          280617 1c008d62 02500793 addi             x15, x0, 37         x15=00000025
17077233ns          280618 1c008d66 04f50863 beq              x10, x15, 80        x10:00000073 x15:00000025
17077252ns          280619 1c008d6a 01a005b3 add              x11, x0, x26        x11=00000002 x26:00000002
17077272ns          280620 1c008d6c 000b00e7 jalr             x1, x22, 0           x1=1c008d6e x22:1c008c78
17078207ns          280667 1c008c78 000026b7 lui              x13, 0x2000         x13=00002000
17078247ns          280669 1c008c7a f14027f3 csrrs            x15, x0, 0xf14      x15=00000001
17078685ns          280691 1c008c7e f8068693 addi             x13, x13, -128      x13=00001f80 x13:00002000
17078724ns          280693 1c008c82 00379713 slli             x14, x15, 0x3       x14=00000008 x15:00000001
17078744ns          280694 1c008c86 00279793 slli             x15, x15, 0x2       x15=00000004 x15:00000001
17078764ns          280695 1c008c88 00d7f7b3 and              x15, x15, x13       x15=00000000 x15:00000004 x13:00001f80
17078784ns          280696 1c008c8a ee873733 p.bclr           x14, x14, 23, 8     x14=00000008 x14:00000008
17079202ns          280717 1c008c8e 1a10f6b7 lui              x13, 0x1a10f000     x13=1a10f000
17079241ns          280719 1c008c92 0ff57513 andi             x10, x10, 255       x10=00000073 x10:00000073
17079261ns          280720 1c008c96 00d70733 add              x14, x14, x13       x14=1a10f008 x14:00000008 x13:1a10f000
17079281ns          280721 1c008c98 00a7e723 p.sw             x10, x0(x15)        x10:00000073 x15:00000000  PA:1a10f008
17079639ns          280739 1c008c9c 00000513 addi             x10, x0, 0          x10=00000000
17079659ns          280740 1c008c9e 00008067 jalr             x0, x1, 0            x1:1c008d6e
17079818ns          280748 1c008d6e 31f52563 p.beqimm         x10, 778            x10:00000000
17079838ns          280749 1c008d72 001d8d93 addi             x27, x27, 1         x27=00000001 x27:00000000
17079858ns          280750 1c008d74 00044503 lbu              x10, 0(x8)          x10=00000074  x8:1c000041  PA:1c000041
17080156ns          280765 1c008d78 00140413 addi             x8, x8, 1            x8=1c000042  x8:1c000041
17080176ns          280766 1c008d7a fe0514e3 bne              x10, x0, -24        x10:00000074
17080415ns          280778 1c008d62 02500793 addi             x15, x0, 37         x15=00000025
17080435ns          280779 1c008d66 04f50863 beq              x10, x15, 80        x10:00000074 x15:00000025
17080455ns          280780 1c008d6a 01a005b3 add              x11, x0, x26        x11=00000002 x26:00000002
17080475ns          280781 1c008d6c 000b00e7 jalr             x1, x22, 0           x1=1c008d6e x22:1c008c78
17080514ns          280783 1c008c78 000026b7 lui              x13, 0x2000         x13=00002000
17080534ns          280784 1c008c7a f14027f3 csrrs            x15, x0, 0xf14      x15=00000001
17080594ns          280787 1c008c7e f8068693 addi             x13, x13, -128      x13=00001f80 x13:00002000
17080634ns          280789 1c008c82 00379713 slli             x14, x15, 0x3       x14=00000008 x15:00000001
17080654ns          280790 1c008c86 00279793 slli             x15, x15, 0x2       x15=00000004 x15:00000001
17080674ns          280791 1c008c88 00d7f7b3 and              x15, x15, x13       x15=00000000 x15:00000004 x13:00001f80
17080694ns          280792 1c008c8a ee873733 p.bclr           x14, x14, 23, 8     x14=00000008 x14:00000008
17080713ns          280793 1c008c8e 1a10f6b7 lui              x13, 0x1a10f000     x13=1a10f000
17080733ns          280794 1c008c92 0ff57513 andi             x10, x10, 255       x10=00000074 x10:00000074
17080753ns          280795 1c008c96 00d70733 add              x14, x14, x13       x14=1a10f008 x14:00000008 x13:1a10f000
17080773ns          280796 1c008c98 00a7e723 p.sw             x10, x0(x15)        x10:00000074 x15:00000000  PA:1a10f008
17081131ns          280814 1c008c9c 00000513 addi             x10, x0, 0          x10=00000000
17081151ns          280815 1c008c9e 00008067 jalr             x0, x1, 0            x1:1c008d6e
17081211ns          280818 1c008d6e 31f52563 p.beqimm         x10, 778            x10:00000000
17081231ns          280819 1c008d72 001d8d93 addi             x27, x27, 1         x27=00000002 x27:00000001
17081250ns          280820 1c008d74 00044503 lbu              x10, 0(x8)          x10=00000061  x8:1c000042  PA:1c000042
17081549ns          280835 1c008d78 00140413 addi             x8, x8, 1            x8=1c000043  x8:1c000042
17081569ns          280836 1c008d7a fe0514e3 bne              x10, x0, -24        x10:00000061
17081648ns          280840 1c008d62 02500793 addi             x15, x0, 37         x15=00000025
17081668ns          280841 1c008d66 04f50863 beq              x10, x15, 80        x10:00000061 x15:00000025
17081688ns          280842 1c008d6a 01a005b3 add              x11, x0, x26        x11=00000002 x26:00000002
17081708ns          280843 1c008d6c 000b00e7 jalr             x1, x22, 0           x1=1c008d6e x22:1c008c78
17081748ns          280845 1c008c78 000026b7 lui              x13, 0x2000         x13=00002000
17081768ns          280846 1c008c7a f14027f3 csrrs            x15, x0, 0xf14      x15=00000001
17081788ns          280847 1c008c7e f8068693 addi             x13, x13, -128      x13=00001f80 x13:00002000
17081807ns          280848 1c008c82 00379713 slli             x14, x15, 0x3       x14=00000008 x15:00000001
17081827ns          280849 1c008c86 00279793 slli             x15, x15, 0x2       x15=00000004 x15:00000001
17081847ns          280850 1c008c88 00d7f7b3 and              x15, x15, x13       x15=00000000 x15:00000004 x13:00001f80
17081867ns          280851 1c008c8a ee873733 p.bclr           x14, x14, 23, 8     x14=00000008 x14:00000008
17081887ns          280852 1c008c8e 1a10f6b7 lui              x13, 0x1a10f000     x13=1a10f000
17081907ns          280853 1c008c92 0ff57513 andi             x10, x10, 255       x10=00000061 x10:00000061
17081927ns          280854 1c008c96 00d70733 add              x14, x14, x13       x14=1a10f008 x14:00000008 x13:1a10f000
17081947ns          280855 1c008c98 00a7e723 p.sw             x10, x0(x15)        x10:00000061 x15:00000000  PA:1a10f008
17082285ns          280872 1c008c9c 00000513 addi             x10, x0, 0          x10=00000000
17082305ns          280873 1c008c9e 00008067 jalr             x0, x1, 0            x1:1c008d6e
17082364ns          280876 1c008d6e 31f52563 p.beqimm         x10, 778            x10:00000000
17082384ns          280877 1c008d72 001d8d93 addi             x27, x27, 1         x27=00000003 x27:00000002
17082404ns          280878 1c008d74 00044503 lbu              x10, 0(x8)          x10=00000072  x8:1c000043  PA:1c000043
17082702ns          280893 1c008d78 00140413 addi             x8, x8, 1            x8=1c000044  x8:1c000043
17082722ns          280894 1c008d7a fe0514e3 bne              x10, x0, -24        x10:00000072
17082802ns          280898 1c008d62 02500793 addi             x15, x0, 37         x15=00000025
17082822ns          280899 1c008d66 04f50863 beq              x10, x15, 80        x10:00000072 x15:00000025
17082842ns          280900 1c008d6a 01a005b3 add              x11, x0, x26        x11=00000002 x26:00000002
17082862ns          280901 1c008d6c 000b00e7 jalr             x1, x22, 0           x1=1c008d6e x22:1c008c78
17082901ns          280903 1c008c78 000026b7 lui              x13, 0x2000         x13=00002000
17082921ns          280904 1c008c7a f14027f3 csrrs            x15, x0, 0xf14      x15=00000001
17082941ns          280905 1c008c7e f8068693 addi             x13, x13, -128      x13=00001f80 x13:00002000
17082961ns          280906 1c008c82 00379713 slli             x14, x15, 0x3       x14=00000008 x15:00000001
17082981ns          280907 1c008c86 00279793 slli             x15, x15, 0x2       x15=00000004 x15:00000001
17083001ns          280908 1c008c88 00d7f7b3 and              x15, x15, x13       x15=00000000 x15:00000004 x13:00001f80
17083021ns          280909 1c008c8a ee873733 p.bclr           x14, x14, 23, 8     x14=00000008 x14:00000008
17083041ns          280910 1c008c8e 1a10f6b7 lui              x13, 0x1a10f000     x13=1a10f000
17083061ns          280911 1c008c92 0ff57513 andi             x10, x10, 255       x10=00000072 x10:00000072
17083080ns          280912 1c008c96 00d70733 add              x14, x14, x13       x14=1a10f008 x14:00000008 x13:1a10f000
17083100ns          280913 1c008c98 00a7e723 p.sw             x10, x0(x15)        x10:00000072 x15:00000000  PA:1a10f008
17083438ns          280930 1c008c9c 00000513 addi             x10, x0, 0          x10=00000000
17083458ns          280931 1c008c9e 00008067 jalr             x0, x1, 0            x1:1c008d6e
17083518ns          280934 1c008d6e 31f52563 p.beqimm         x10, 778            x10:00000000
17083538ns          280935 1c008d72 001d8d93 addi             x27, x27, 1         x27=00000004 x27:00000003
17083558ns          280936 1c008d74 00044503 lbu              x10, 0(x8)          x10=00000074  x8:1c000044  PA:1c000044
17083856ns          280951 1c008d78 00140413 addi             x8, x8, 1            x8=1c000045  x8:1c000044
17083876ns          280952 1c008d7a fe0514e3 bne              x10, x0, -24        x10:00000074
17083956ns          280956 1c008d62 02500793 addi             x15, x0, 37         x15=00000025
17083975ns          280957 1c008d66 04f50863 beq              x10, x15, 80        x10:00000074 x15:00000025
17083995ns          280958 1c008d6a 01a005b3 add              x11, x0, x26        x11=00000002 x26:00000002
17084015ns          280959 1c008d6c 000b00e7 jalr             x1, x22, 0           x1=1c008d6e x22:1c008c78
17084055ns          280961 1c008c78 000026b7 lui              x13, 0x2000         x13=00002000
17084075ns          280962 1c008c7a f14027f3 csrrs            x15, x0, 0xf14      x15=00000001
17084095ns          280963 1c008c7e f8068693 addi             x13, x13, -128      x13=00001f80 x13:00002000
17084115ns          280964 1c008c82 00379713 slli             x14, x15, 0x3       x14=00000008 x15:00000001
17084135ns          280965 1c008c86 00279793 slli             x15, x15, 0x2       x15=00000004 x15:00000001
17084155ns          280966 1c008c88 00d7f7b3 and              x15, x15, x13       x15=00000000 x15:00000004 x13:00001f80
17084174ns          280967 1c008c8a ee873733 p.bclr           x14, x14, 23, 8     x14=00000008 x14:00000008
17084194ns          280968 1c008c8e 1a10f6b7 lui              x13, 0x1a10f000     x13=1a10f000
17084214ns          280969 1c008c92 0ff57513 andi             x10, x10, 255       x10=00000074 x10:00000074
17084234ns          280970 1c008c96 00d70733 add              x14, x14, x13       x14=1a10f008 x14:00000008 x13:1a10f000
17084254ns          280971 1c008c98 00a7e723 p.sw             x10, x0(x15)        x10:00000074 x15:00000000  PA:1a10f008
17084572ns          280987 1c008c9c 00000513 addi             x10, x0, 0          x10=00000000
17084592ns          280988 1c008c9e 00008067 jalr             x0, x1, 0            x1:1c008d6e
17084652ns          280991 1c008d6e 31f52563 p.beqimm         x10, 778            x10:00000000
17084672ns          280992 1c008d72 001d8d93 addi             x27, x27, 1         x27=00000005 x27:00000004
17084692ns          280993 1c008d74 00044503 lbu              x10, 0(x8)          x10=00000069  x8:1c000045  PA:1c000045
17084990ns          281008 1c008d78 00140413 addi             x8, x8, 1            x8=1c000046  x8:1c000045
17085010ns          281009 1c008d7a fe0514e3 bne              x10, x0, -24        x10:00000069
17085089ns          281013 1c008d62 02500793 addi             x15, x0, 37         x15=00000025
17085109ns          281014 1c008d66 04f50863 beq              x10, x15, 80        x10:00000069 x15:00000025
17085129ns          281015 1c008d6a 01a005b3 add              x11, x0, x26        x11=00000002 x26:00000002
17085149ns          281016 1c008d6c 000b00e7 jalr             x1, x22, 0           x1=1c008d6e x22:1c008c78
17085189ns          281018 1c008c78 000026b7 lui              x13, 0x2000         x13=00002000
17085209ns          281019 1c008c7a f14027f3 csrrs            x15, x0, 0xf14      x15=00000001
17085229ns          281020 1c008c7e f8068693 addi             x13, x13, -128      x13=00001f80 x13:00002000
17085248ns          281021 1c008c82 00379713 slli             x14, x15, 0x3       x14=00000008 x15:00000001
17085268ns          281022 1c008c86 00279793 slli             x15, x15, 0x2       x15=00000004 x15:00000001
17085288ns          281023 1c008c88 00d7f7b3 and              x15, x15, x13       x15=00000000 x15:00000004 x13:00001f80
17085308ns          281024 1c008c8a ee873733 p.bclr           x14, x14, 23, 8     x14=00000008 x14:00000008
17085328ns          281025 1c008c8e 1a10f6b7 lui              x13, 0x1a10f000     x13=1a10f000
17085348ns          281026 1c008c92 0ff57513 andi             x10, x10, 255       x10=00000069 x10:00000069
17085368ns          281027 1c008c96 00d70733 add              x14, x14, x13       x14=1a10f008 x14:00000008 x13:1a10f000
17085388ns          281028 1c008c98 00a7e723 p.sw             x10, x0(x15)        x10:00000069 x15:00000000  PA:1a10f008
17085706ns          281044 1c008c9c 00000513 addi             x10, x0, 0          x10=00000000
17085726ns          281045 1c008c9e 00008067 jalr             x0, x1, 0            x1:1c008d6e
17085786ns          281048 1c008d6e 31f52563 p.beqimm         x10, 778            x10:00000000
17085805ns          281049 1c008d72 001d8d93 addi             x27, x27, 1         x27=00000006 x27:00000005
17085825ns          281050 1c008d74 00044503 lbu              x10, 0(x8)          x10=0000006e  x8:1c000046  PA:1c000046
17086144ns          281066 1c008d78 00140413 addi             x8, x8, 1            x8=1c000047  x8:1c000046
17086163ns          281067 1c008d7a fe0514e3 bne              x10, x0, -24        x10:0000006e
17086243ns          281071 1c008d62 02500793 addi             x15, x0, 37         x15=00000025
17086263ns          281072 1c008d66 04f50863 beq              x10, x15, 80        x10:0000006e x15:00000025
17086283ns          281073 1c008d6a 01a005b3 add              x11, x0, x26        x11=00000002 x26:00000002
17086303ns          281074 1c008d6c 000b00e7 jalr             x1, x22, 0           x1=1c008d6e x22:1c008c78
17086342ns          281076 1c008c78 000026b7 lui              x13, 0x2000         x13=00002000
17086362ns          281077 1c008c7a f14027f3 csrrs            x15, x0, 0xf14      x15=00000001
17086382ns          281078 1c008c7e f8068693 addi             x13, x13, -128      x13=00001f80 x13:00002000
17086402ns          281079 1c008c82 00379713 slli             x14, x15, 0x3       x14=00000008 x15:00000001
17086422ns          281080 1c008c86 00279793 slli             x15, x15, 0x2       x15=00000004 x15:00000001
17086442ns          281081 1c008c88 00d7f7b3 and              x15, x15, x13       x15=00000000 x15:00000004 x13:00001f80
17086462ns          281082 1c008c8a ee873733 p.bclr           x14, x14, 23, 8     x14=00000008 x14:00000008
17086482ns          281083 1c008c8e 1a10f6b7 lui              x13, 0x1a10f000     x13=1a10f000
17086502ns          281084 1c008c92 0ff57513 andi             x10, x10, 255       x10=0000006e x10:0000006e
17086522ns          281085 1c008c96 00d70733 add              x14, x14, x13       x14=1a10f008 x14:00000008 x13:1a10f000
17086541ns          281086 1c008c98 00a7e723 p.sw             x10, x0(x15)        x10:0000006e x15:00000000  PA:1a10f008
17086860ns          281102 1c008c9c 00000513 addi             x10, x0, 0          x10=00000000
17086880ns          281103 1c008c9e 00008067 jalr             x0, x1, 0            x1:1c008d6e
17086939ns          281106 1c008d6e 31f52563 p.beqimm         x10, 778            x10:00000000
17086959ns          281107 1c008d72 001d8d93 addi             x27, x27, 1         x27=00000007 x27:00000006
17086979ns          281108 1c008d74 00044503 lbu              x10, 0(x8)          x10=00000067  x8:1c000047  PA:1c000047
17087277ns          281123 1c008d78 00140413 addi             x8, x8, 1            x8=1c000048  x8:1c000047
17087297ns          281124 1c008d7a fe0514e3 bne              x10, x0, -24        x10:00000067
17087377ns          281128 1c008d62 02500793 addi             x15, x0, 37         x15=00000025
17087397ns          281129 1c008d66 04f50863 beq              x10, x15, 80        x10:00000067 x15:00000025
17087417ns          281130 1c008d6a 01a005b3 add              x11, x0, x26        x11=00000002 x26:00000002
17087436ns          281131 1c008d6c 000b00e7 jalr             x1, x22, 0           x1=1c008d6e x22:1c008c78
17087476ns          281133 1c008c78 000026b7 lui              x13, 0x2000         x13=00002000
17087496ns          281134 1c008c7a f14027f3 csrrs            x15, x0, 0xf14      x15=00000001
17087516ns          281135 1c008c7e f8068693 addi             x13, x13, -128      x13=00001f80 x13:00002000
17087536ns          281136 1c008c82 00379713 slli             x14, x15, 0x3       x14=00000008 x15:00000001
17087556ns          281137 1c008c86 00279793 slli             x15, x15, 0x2       x15=00000004 x15:00000001
17087576ns          281138 1c008c88 00d7f7b3 and              x15, x15, x13       x15=00000000 x15:00000004 x13:00001f80
17087596ns          281139 1c008c8a ee873733 p.bclr           x14, x14, 23, 8     x14=00000008 x14:00000008
17087615ns          281140 1c008c8e 1a10f6b7 lui              x13, 0x1a10f000     x13=1a10f000
17087635ns          281141 1c008c92 0ff57513 andi             x10, x10, 255       x10=00000067 x10:00000067
17087655ns          281142 1c008c96 00d70733 add              x14, x14, x13       x14=1a10f008 x14:00000008 x13:1a10f000
17087675ns          281143 1c008c98 00a7e723 p.sw             x10, x0(x15)        x10:00000067 x15:00000000  PA:1a10f008
17087993ns          281159 1c008c9c 00000513 addi             x10, x0, 0          x10=00000000
17088013ns          281160 1c008c9e 00008067 jalr             x0, x1, 0            x1:1c008d6e
17088073ns          281163 1c008d6e 31f52563 p.beqimm         x10, 778            x10:00000000
17088093ns          281164 1c008d72 001d8d93 addi             x27, x27, 1         x27=00000008 x27:00000007
17088113ns          281165 1c008d74 00044503 lbu              x10, 0(x8)          x10=00000020  x8:1c000048  PA:1c000048
17088411ns          281180 1c008d78 00140413 addi             x8, x8, 1            x8=1c000049  x8:1c000048
17088431ns          281181 1c008d7a fe0514e3 bne              x10, x0, -24        x10:00000020
17088511ns          281185 1c008d62 02500793 addi             x15, x0, 37         x15=00000025
17088530ns          281186 1c008d66 04f50863 beq              x10, x15, 80        x10:00000020 x15:00000025
17088550ns          281187 1c008d6a 01a005b3 add              x11, x0, x26        x11=00000002 x26:00000002
17088570ns          281188 1c008d6c 000b00e7 jalr             x1, x22, 0           x1=1c008d6e x22:1c008c78
17088610ns          281190 1c008c78 000026b7 lui              x13, 0x2000         x13=00002000
17088630ns          281191 1c008c7a f14027f3 csrrs            x15, x0, 0xf14      x15=00000001
17088650ns          281192 1c008c7e f8068693 addi             x13, x13, -128      x13=00001f80 x13:00002000
17088670ns          281193 1c008c82 00379713 slli             x14, x15, 0x3       x14=00000008 x15:00000001
17088690ns          281194 1c008c86 00279793 slli             x15, x15, 0x2       x15=00000004 x15:00000001
17088709ns          281195 1c008c88 00d7f7b3 and              x15, x15, x13       x15=00000000 x15:00000004 x13:00001f80
17088729ns          281196 1c008c8a ee873733 p.bclr           x14, x14, 23, 8     x14=00000008 x14:00000008
17088749ns          281197 1c008c8e 1a10f6b7 lui              x13, 0x1a10f000     x13=1a10f000
17088769ns          281198 1c008c92 0ff57513 andi             x10, x10, 255       x10=00000020 x10:00000020
17088789ns          281199 1c008c96 00d70733 add              x14, x14, x13       x14=1a10f008 x14:00000008 x13:1a10f000
17088809ns          281200 1c008c98 00a7e723 p.sw             x10, x0(x15)        x10:00000020 x15:00000000  PA:1a10f008
17089127ns          281216 1c008c9c 00000513 addi             x10, x0, 0          x10=00000000
17089147ns          281217 1c008c9e 00008067 jalr             x0, x1, 0            x1:1c008d6e
17089207ns          281220 1c008d6e 31f52563 p.beqimm         x10, 778            x10:00000000
17089227ns          281221 1c008d72 001d8d93 addi             x27, x27, 1         x27=00000009 x27:00000008
17089247ns          281222 1c008d74 00044503 lbu              x10, 0(x8)          x10=00000025  x8:1c000049  PA:1c000049
17089545ns          281237 1c008d78 00140413 addi             x8, x8, 1            x8=1c00004a  x8:1c000049
17089565ns          281238 1c008d7a fe0514e3 bne              x10, x0, -24        x10:00000025
17089644ns          281242 1c008d62 02500793 addi             x15, x0, 37         x15=00000025
17089664ns          281243 1c008d66 04f50863 beq              x10, x15, 80        x10:00000025 x15:00000025
17090142ns          281267 1c008db6 00044483 lbu              x9, 0(x8)            x9=00000064  x8:1c00004a  PA:1c00004a
17090559ns          281288 1c008dba 02000693 addi             x13, x0, 32         x13=00000020
17090599ns          281290 1c008dbe 00140a93 addi             x21, x8, 1          x21=1c00004b  x8:1c00004a
17090619ns          281291 1c008dc2 009005b3 add              x11, x0, x9         x11=00000064  x9:00000064
17090639ns          281292 1c008dc4 0fcb8513 addi             x10, x23, 252       x10=1c0000fc x23:1c000000
17090659ns          281293 1c008dc8 00d12823 sw               x13, 16(x2)         x13:00000020  x2:10000cd8  PA:10000ce8
17090679ns          281294 1c008dca 00012c23 sw               x0, 24(x2)           x2:10000cd8  PA:10000cf0
17090699ns          281295 1c008dcc 00012a23 sw               x0, 20(x2)           x2:10000cd8  PA:10000cec
17090718ns          281296 1c008dce 00012e23 sw               x0, 28(x2)           x2:10000cd8  PA:10000cf4
17091116ns          281316 1c008dd0 00012623 sw               x0, 12(x2)           x2:10000cd8  PA:10000ce4
17091156ns          281318 1c008dd2 02300913 addi             x18, x0, 35         x18=00000023
17091176ns          281319 1c008dd6 02d00a13 addi             x20, x0, 45         x20=0000002d
17091196ns          281320 1c008dda 015009b3 add              x19, x0, x21        x19=1c00004b x21:1c00004b
17091216ns          281321 1c008ddc e1dff0ef jal              x1, -484             x1=1c008dde
17092111ns          281366 1c008bf8 00054783 lbu              x15, 0(x10)         x15=0000002d x10:1c0000fc  PA:1c0000fc
17092429ns          281382 1c008bfc 0ff5f593 andi             x11, x11, 255       x11=00000064 x11:00000064
17092608ns          281391 1c008c00 00b78c63 beq              x15, x11, 24        x15:0000002d x11:00000064
17092648ns          281393 1c008c04 00078b63 beq              x15, x0, 22         x15:0000002d
17092668ns          281394 1c008c06 00150793 addi             x15, x10, 1         x15=1c0000fd x10:1c0000fc
17092688ns          281395 1c008c0a 0040006f jal              x0, 4              
17093165ns          281419 1c008c0e 00f00533 add              x10, x0, x15        x10=1c0000fd x15:1c0000fd
17093185ns          281420 1c008c10 0017c70b p.lbu            x14, 1(x15!)        x14=0000002b x15=1c0000fe x15:1c0000fd  PA:1c0000fd
17093503ns          281436 1c008c14 feb71ce3 bne              x14, x11, -8        x14:0000002b x11:00000064
17093722ns          281447 1c008c0c 00070763 beq              x14, x0, 14         x14:0000002b
17093742ns          281448 1c008c0e 00f00533 add              x10, x0, x15        x10=1c0000fe x15:1c0000fe
17093762ns          281449 1c008c10 0017c70b p.lbu            x14, 1(x15!)        x14=00000020 x15=1c0000ff x15:1c0000fe  PA:1c0000fe
17094100ns          281466 1c008c14 feb71ce3 bne              x14, x11, -8        x14:00000020 x11:00000064
17094160ns          281469 1c008c0c 00070763 beq              x14, x0, 14         x14:00000020
17094179ns          281470 1c008c0e 00f00533 add              x10, x0, x15        x10=1c0000ff x15:1c0000ff
17094199ns          281471 1c008c10 0017c70b p.lbu            x14, 1(x15!)        x14=00000023 x15=1c000100 x15:1c0000ff  PA:1c0000ff
17094518ns          281487 1c008c14 feb71ce3 bne              x14, x11, -8        x14:00000023 x11:00000064
17094577ns          281490 1c008c0c 00070763 beq              x14, x0, 14         x14:00000023
17094597ns          281491 1c008c0e 00f00533 add              x10, x0, x15        x10=1c000100 x15:1c000100
17094617ns          281492 1c008c10 0017c70b p.lbu            x14, 1(x15!)        x14=00000030 x15=1c000101 x15:1c000100  PA:1c000100
17094935ns          281508 1c008c14 feb71ce3 bne              x14, x11, -8        x14:00000030 x11:00000064
17094995ns          281511 1c008c0c 00070763 beq              x14, x0, 14         x14:00000030
17095015ns          281512 1c008c0e 00f00533 add              x10, x0, x15        x10=1c000101 x15:1c000101
17095035ns          281513 1c008c10 0017c70b p.lbu            x14, 1(x15!)        x14=00000000 x15=1c000102 x15:1c000101  PA:1c000101
17095353ns          281529 1c008c14 feb71ce3 bne              x14, x11, -8        x14:00000000 x11:00000064
17095413ns          281532 1c008c0c 00070763 beq              x14, x0, 14         x14:00000000
17095492ns          281536 1c008c1a 0015b593 sltiu            x11, x11, 1         x11=00000000 x11:00000064
17095512ns          281537 1c008c1e 40b005b3 sub              x11, x0, x11        x11=00000000 x11:00000000
17095532ns          281538 1c008c22 00b57533 and              x10, x10, x11       x10=00000000 x10:1c000101 x11:00000000
17095552ns          281539 1c008c24 00008067 jalr             x0, x1, 0            x1:1c008dde
17095592ns          281541 1c008dde 02050a63 beq              x10, x0, 52         x10:00000000
17096089ns          281566 1c008e12 02a00613 addi             x12, x0, 42         x12=0000002a
17096109ns          281567 1c008e16 2ac48663 beq              x9, x12, 684         x9:00000064 x12:0000002a
17096129ns          281568 1c008e1a fd048613 addi             x12, x9, -48        x12=00000034  x9:00000064
17096149ns          281569 1c008e1e 00900593 addi             x11, x0, 9          x11=00000009
17096566ns          281590 1c008e20 00000913 addi             x18, x0, 0          x18=00000000
17096606ns          281592 1c008e22 28c5f063 bgeu             x11, x12, 640       x11:00000009 x12:00000034
17096626ns          281593 1c008e26 02e00693 addi             x13, x0, 46         x13=0000002e
17096646ns          281594 1c008e2a fff00a13 addi             x20, x0, -1         x20=ffffffff
17096666ns          281595 1c008e2c 2ed48363 beq              x9, x13, 742         x9:00000064 x13:0000002e
17097083ns          281616 1c008e30 1c0007b7 lui              x15, 0x1c000000     x15=1c000000
17097123ns          281618 1c008e34 009005b3 add              x11, x0, x9         x11=00000064  x9:00000064
17097143ns          281619 1c008e36 10478513 addi             x10, x15, 260       x10=1c000104 x15:1c000000
17097163ns          281620 1c008e3a dbfff0ef jal              x1, -578             x1=1c008e3c
17097640ns          281644 1c008bf8 00054783 lbu              x15, 0(x10)         x15=00000068 x10:1c000104  PA:1c000104
17097939ns          281659 1c008bfc 0ff5f593 andi             x11, x11, 255       x11=00000064 x11:00000064
17097959ns          281660 1c008c00 00b78c63 beq              x15, x11, 24        x15:00000068 x11:00000064
17097979ns          281661 1c008c04 00078b63 beq              x15, x0, 22         x15:00000068
17097998ns          281662 1c008c06 00150793 addi             x15, x10, 1         x15=1c000105 x10:1c000104
17098018ns          281663 1c008c0a 0040006f jal              x0, 4              
17098118ns          281668 1c008c0e 00f00533 add              x10, x0, x15        x10=1c000105 x15:1c000105
17098138ns          281669 1c008c10 0017c70b p.lbu            x14, 1(x15!)        x14=0000006c x15=1c000106 x15:1c000105  PA:1c000105
17098456ns          281685 1c008c14 feb71ce3 bne              x14, x11, -8        x14:0000006c x11:00000064
17098516ns          281688 1c008c0c 00070763 beq              x14, x0, 14         x14:0000006c
17098536ns          281689 1c008c0e 00f00533 add              x10, x0, x15        x10=1c000106 x15:1c000106
17098555ns          281690 1c008c10 0017c70b p.lbu            x14, 1(x15!)        x14=0000004c x15=1c000107 x15:1c000106  PA:1c000106
17098874ns          281706 1c008c14 feb71ce3 bne              x14, x11, -8        x14:0000004c x11:00000064
17098933ns          281709 1c008c0c 00070763 beq              x14, x0, 14         x14:0000004c
17098953ns          281710 1c008c0e 00f00533 add              x10, x0, x15        x10=1c000107 x15:1c000107
17098973ns          281711 1c008c10 0017c70b p.lbu            x14, 1(x15!)        x14=0000007a x15=1c000108 x15:1c000107  PA:1c000107
17099291ns          281727 1c008c14 feb71ce3 bne              x14, x11, -8        x14:0000007a x11:00000064
17099351ns          281730 1c008c0c 00070763 beq              x14, x0, 14         x14:0000007a
17099371ns          281731 1c008c0e 00f00533 add              x10, x0, x15        x10=1c000108 x15:1c000108
17099391ns          281732 1c008c10 0017c70b p.lbu            x14, 1(x15!)        x14=00000000 x15=1c000109 x15:1c000108  PA:1c000108
17099729ns          281749 1c008c14 feb71ce3 bne              x14, x11, -8        x14:00000000 x11:00000064
17099789ns          281752 1c008c0c 00070763 beq              x14, x0, 14         x14:00000000
17099868ns          281756 1c008c1a 0015b593 sltiu            x11, x11, 1         x11=00000000 x11:00000064
17099888ns          281757 1c008c1e 40b005b3 sub              x11, x0, x11        x11=00000000 x11:00000000
17099908ns          281758 1c008c22 00b57533 and              x10, x10, x11       x10=00000000 x10:1c000108 x11:00000000
17099928ns          281759 1c008c24 00008067 jalr             x0, x1, 0            x1:1c008e3c
17099968ns          281761 1c008e3c 01300433 add              x8, x0, x19          x8=1c00004b x19:1c00004b
17099988ns          281762 1c008e3e 00050563 beq              x10, x0, 10         x10:00000000
17100047ns          281765 1c008e48 06700693 addi             x13, x0, 103        x13=00000067
17100067ns          281766 1c008e4c 2896d963 bge              x13, x9, 658        x13:00000067  x9:00000064
17101479ns          281837 1c0090de 06500693 addi             x13, x0, 101        x13=00000065
17101519ns          281839 1c0090e2 12d4d563 bge              x9, x13, 298         x9:00000064 x13:00000065
17101539ns          281840 1c0090e6 04700693 addi             x13, x0, 71         x13=00000047
17101559ns          281841 1c0090ea dc96cbe3 blt              x13, x9, -554       x13:00000047  x9:00000064
17102454ns          281886 1c008ec0 06300693 addi             x13, x0, 99         x13=00000063
17102494ns          281888 1c008ec4 0ad488e3 beq              x9, x13, 2224        x9:00000064 x13:00000063
17102514ns          281889 1c008ec8 0096c9e3 blt              x13, x9, 2066       x13:00000063  x9:00000064
17103528ns          281940 1c0096da 000c2583 lw               x11, 0(x24)         x11=00000001 x24:10000e2c  PA:10000e2c
17103548ns          281941 1c0096de 004c0c13 addi             x24, x24, 4         x24=10000e30 x24:10000e2c
17103966ns          281962 1c0096e0 3405cc63 blt              x11, x0, 856        x11:00000001
17104005ns          281964 1c0096e4 01412603 lw               x12, 20(x2)         x12=00000000  x2:10000cd8  PA:10000cec
17104025ns          281965 1c0096e6 00b006b3 add              x13, x0, x11        x13=00000001 x11:00000001
17104045ns          281966 1c0096e8 2e061863 bne              x12, x0, 752        x12:00000000
17104065ns          281967 1c0096ec 01812703 lw               x14, 24(x2)         x14=00000000  x2:10000cd8  PA:10000cf0
17104085ns          281968 1c0096ee 019007b3 add              x15, x0, x25        x15=10000cfc x25:10000cfc
17104483ns          281988 1c0096f0 00070763 beq              x14, x0, 14         x14:00000000
17104543ns          281991 1c0096fe 00f00733 add              x14, x0, x15        x14=10000cfc x15:10000cfc
17105000ns          282014 1c009700 00a00513 addi             x10, x0, 10         x10=0000000a
17105040ns          282016 1c009702 02a6f633 remu             x12, x13, x10       x12=00000001 x13:00000001 x10:0000000a
17105656ns          282047 1c009706 02a6d6b3 divu             x13, x13, x10       x13=00000000 x13:00000001 x10:0000000a
17106273ns          282078 1c00970a 03060613 addi             x12, x12, 48        x12=00000031 x12:00000001
17106293ns          282079 1c00970e 00c700ab p.sb             x12, 1(x14!)        x14=10000cfd x12:00000031 x14:10000cfc  PA:10000cfc
17106313ns          282080 1c009712 fe0698e3 bne              x13, x0, -16        x13:00000000
17106333ns          282081 1c009714 40f706b3 sub              x13, x14, x15       x13=00000001 x14:10000cfd x15:10000cfc
17106353ns          282082 1c009718 0146dc63 bge              x13, x20, 24        x13:00000001 x20:ffffffff
17107248ns          282127 1c009730 00e006b3 add              x13, x0, x14        x13=10000cfd x14:10000cfd
17107287ns          282129 1c009732 fe068fab p.sb             x0, -1(x13!)        x13=10000cfc x13:10000cfd  PA:10000cfd
17107307ns          282130 1c009736 00d7fc63 bgeu             x15, x13, 24        x15:10000cfc x13:10000cfc
17107805ns          282155 1c00974e 01412783 lw               x15, 20(x2)         x15=00000000  x2:10000cd8  PA:10000cec
17108242ns          282177 1c009750 01812603 lw               x12, 24(x2)         x12=00000000  x2:10000cd8  PA:10000cf0
17108282ns          282179 1c009752 419704b3 sub              x9, x14, x25         x9=00000001 x14:10000cfd x25:10000cfc
17108302ns          282180 1c009756 00c7e7b3 or               x15, x15, x12       x15=00000000 x15:00000000 x12:00000000
17108322ns          282181 1c009758 00f12623 sw               x15, 12(x2)         x15:00000000  x2:10000cd8  PA:10000ce4
17108342ns          282182 1c00975a 00079363 bne              x15, x0, 6          x15:00000000
17108362ns          282183 1c00975c 01f5d593 srli             x11, x11, 0x1f      x11=00000000 x11:00000001
17108381ns          282184 1c00975e 00b12623 sw               x11, 12(x2)         x11:00000000  x2:10000cd8  PA:10000ce4
17108759ns          282203 1c009760 e3fa28e3 p.beqimm         x20, -464           x20:ffffffff
17109237ns          282227 1c009590 0c800793 addi             x15, x0, 200        x15=000000c8
17109277ns          282229 1c009594 9e97d0e3 bge              x15, x9, -1568      x15:000000c8  x9:00000001
17109754ns          282253 1c008f74 0f24d163 bge              x9, x18, 226         x9:00000001 x18:00000000
17110291ns          282280 1c009056 d00482e3 beq              x9, x0, -764         x9:00000001
17110311ns          282281 1c00905a 01900933 add              x18, x0, x25        x18=10000cfc x25:10000cfc
17110331ns          282282 1c00905c 419d8db3 sub              x27, x27, x25       x27=effff30d x27:00000009 x25:10000cfc
17110748ns          282303 1c009060 00a0006f jal              x0, 10             
17110808ns          282306 1c00906a 0019450b p.lbu            x10, 1(x18!)        x10=00000031 x18=10000cfd x18:10000cfc  PA:10000cfc
17110828ns          282307 1c00906e 01a005b3 add              x11, x0, x26        x11=00000002 x26:00000002
17111246ns          282328 1c009070 000b00e7 jalr             x1, x22, 0           x1=1c009072 x22:1c008c78
17111345ns          282333 1c008c78 000026b7 lui              x13, 0x2000         x13=00002000
17111385ns          282335 1c008c7a f14027f3 csrrs            x15, x0, 0xf14      x15=00000001
17111405ns          282336 1c008c7e f8068693 addi             x13, x13, -128      x13=00001f80 x13:00002000
17111425ns          282337 1c008c82 00379713 slli             x14, x15, 0x3       x14=00000008 x15:00000001
17111445ns          282338 1c008c86 00279793 slli             x15, x15, 0x2       x15=00000004 x15:00000001
17111465ns          282339 1c008c88 00d7f7b3 and              x15, x15, x13       x15=00000000 x15:00000004 x13:00001f80
17111484ns          282340 1c008c8a ee873733 p.bclr           x14, x14, 23, 8     x14=00000008 x14:00000008
17111524ns          282342 1c008c8e 1a10f6b7 lui              x13, 0x1a10f000     x13=1a10f000
17111564ns          282344 1c008c92 0ff57513 andi             x10, x10, 255       x10=00000031 x10:00000031
17111584ns          282345 1c008c96 00d70733 add              x14, x14, x13       x14=1a10f008 x14:00000008 x13:1a10f000
17111604ns          282346 1c008c98 00a7e723 p.sw             x10, x0(x15)        x10:00000031 x15:00000000  PA:1a10f008
17111982ns          282365 1c008c9c 00000513 addi             x10, x0, 0          x10=00000000
17112002ns          282366 1c008c9e 00008067 jalr             x0, x1, 0            x1:1c009072
17112041ns          282368 1c009072 fff48493 addi             x9, x9, -1           x9=00000000  x9:00000001
17112061ns          282369 1c009074 fff537e3 p.bneimm         x10, -18            x10:00000000
17112141ns          282373 1c009062 012d8733 add              x14, x27, x18       x14=0000000a x27:effff30d x18:10000cfd
17112161ns          282374 1c009066 5a048b63 beq              x9, x0, 1462         x9:00000000
17112598ns          282396 1c00961c 00e00db3 add              x27, x0, x14        x27=0000000a x14:0000000a
17113056ns          282419 1c00961e f3cff06f jal              x0, -2244          
17113175ns          282425 1c008d5a 00044503 lbu              x10, 0(x8)          x10=00000020  x8:1c00004b  PA:1c00004b
17113473ns          282440 1c008d5e 00140413 addi             x8, x8, 1            x8=1c00004c  x8:1c00004b
17113493ns          282441 1c008d60 00050e63 beq              x10, x0, 28         x10:00000020
17113513ns          282442 1c008d62 02500793 addi             x15, x0, 37         x15=00000025
17113533ns          282443 1c008d66 04f50863 beq              x10, x15, 80        x10:00000020 x15:00000025
17113553ns          282444 1c008d6a 01a005b3 add              x11, x0, x26        x11=00000002 x26:00000002
17113573ns          282445 1c008d6c 000b00e7 jalr             x1, x22, 0           x1=1c008d6e x22:1c008c78
17113652ns          282449 1c008c78 000026b7 lui              x13, 0x2000         x13=00002000
17113672ns          282450 1c008c7a f14027f3 csrrs            x15, x0, 0xf14      x15=00000001
17113692ns          282451 1c008c7e f8068693 addi             x13, x13, -128      x13=00001f80 x13:00002000
17113712ns          282452 1c008c82 00379713 slli             x14, x15, 0x3       x14=00000008 x15:00000001
17113732ns          282453 1c008c86 00279793 slli             x15, x15, 0x2       x15=00000004 x15:00000001
17113752ns          282454 1c008c88 00d7f7b3 and              x15, x15, x13       x15=00000000 x15:00000004 x13:00001f80
17113772ns          282455 1c008c8a ee873733 p.bclr           x14, x14, 23, 8     x14=00000008 x14:00000008
17113792ns          282456 1c008c8e 1a10f6b7 lui              x13, 0x1a10f000     x13=1a10f000
17113812ns          282457 1c008c92 0ff57513 andi             x10, x10, 255       x10=00000020 x10:00000020
17113832ns          282458 1c008c96 00d70733 add              x14, x14, x13       x14=1a10f008 x14:00000008 x13:1a10f000
17113851ns          282459 1c008c98 00a7e723 p.sw             x10, x0(x15)        x10:00000020 x15:00000000  PA:1a10f008
17114229ns          282478 1c008c9c 00000513 addi             x10, x0, 0          x10=00000000
17114249ns          282479 1c008c9e 00008067 jalr             x0, x1, 0            x1:1c008d6e
17114309ns          282482 1c008d6e 31f52563 p.beqimm         x10, 778            x10:00000000
17114329ns          282483 1c008d72 001d8d93 addi             x27, x27, 1         x27=0000000b x27:0000000a
17114349ns          282484 1c008d74 00044503 lbu              x10, 0(x8)          x10=0000006b  x8:1c00004c  PA:1c00004c
17114647ns          282499 1c008d78 00140413 addi             x8, x8, 1            x8=1c00004d  x8:1c00004c
17114667ns          282500 1c008d7a fe0514e3 bne              x10, x0, -24        x10:0000006b
17114746ns          282504 1c008d62 02500793 addi             x15, x0, 37         x15=00000025
17114766ns          282505 1c008d66 04f50863 beq              x10, x15, 80        x10:0000006b x15:00000025
17114786ns          282506 1c008d6a 01a005b3 add              x11, x0, x26        x11=00000002 x26:00000002
17114806ns          282507 1c008d6c 000b00e7 jalr             x1, x22, 0           x1=1c008d6e x22:1c008c78
17114846ns          282509 1c008c78 000026b7 lui              x13, 0x2000         x13=00002000
17114866ns          282510 1c008c7a f14027f3 csrrs            x15, x0, 0xf14      x15=00000001
17114886ns          282511 1c008c7e f8068693 addi             x13, x13, -128      x13=00001f80 x13:00002000
17114906ns          282512 1c008c82 00379713 slli             x14, x15, 0x3       x14=00000008 x15:00000001
17114925ns          282513 1c008c86 00279793 slli             x15, x15, 0x2       x15=00000004 x15:00000001
17114945ns          282514 1c008c88 00d7f7b3 and              x15, x15, x13       x15=00000000 x15:00000004 x13:00001f80
17114965ns          282515 1c008c8a ee873733 p.bclr           x14, x14, 23, 8     x14=00000008 x14:00000008
17114985ns          282516 1c008c8e 1a10f6b7 lui              x13, 0x1a10f000     x13=1a10f000
17115005ns          282517 1c008c92 0ff57513 andi             x10, x10, 255       x10=0000006b x10:0000006b
17115025ns          282518 1c008c96 00d70733 add              x14, x14, x13       x14=1a10f008 x14:00000008 x13:1a10f000
17115045ns          282519 1c008c98 00a7e723 p.sw             x10, x0(x15)        x10:0000006b x15:00000000  PA:1a10f008
17115383ns          282536 1c008c9c 00000513 addi             x10, x0, 0          x10=00000000
17115403ns          282537 1c008c9e 00008067 jalr             x0, x1, 0            x1:1c008d6e
17115463ns          282540 1c008d6e 31f52563 p.beqimm         x10, 778            x10:00000000
17115482ns          282541 1c008d72 001d8d93 addi             x27, x27, 1         x27=0000000c x27:0000000b
17115502ns          282542 1c008d74 00044503 lbu              x10, 0(x8)          x10=00000065  x8:1c00004d  PA:1c00004d
17115801ns          282557 1c008d78 00140413 addi             x8, x8, 1            x8=1c00004e  x8:1c00004d
17115821ns          282558 1c008d7a fe0514e3 bne              x10, x0, -24        x10:00000065
17115900ns          282562 1c008d62 02500793 addi             x15, x0, 37         x15=00000025
17115920ns          282563 1c008d66 04f50863 beq              x10, x15, 80        x10:00000065 x15:00000025
17115940ns          282564 1c008d6a 01a005b3 add              x11, x0, x26        x11=00000002 x26:00000002
17115960ns          282565 1c008d6c 000b00e7 jalr             x1, x22, 0           x1=1c008d6e x22:1c008c78
17116000ns          282567 1c008c78 000026b7 lui              x13, 0x2000         x13=00002000
17116019ns          282568 1c008c7a f14027f3 csrrs            x15, x0, 0xf14      x15=00000001
17116039ns          282569 1c008c7e f8068693 addi             x13, x13, -128      x13=00001f80 x13:00002000
17116059ns          282570 1c008c82 00379713 slli             x14, x15, 0x3       x14=00000008 x15:00000001
17116079ns          282571 1c008c86 00279793 slli             x15, x15, 0x2       x15=00000004 x15:00000001
17116099ns          282572 1c008c88 00d7f7b3 and              x15, x15, x13       x15=00000000 x15:00000004 x13:00001f80
17116119ns          282573 1c008c8a ee873733 p.bclr           x14, x14, 23, 8     x14=00000008 x14:00000008
17116139ns          282574 1c008c8e 1a10f6b7 lui              x13, 0x1a10f000     x13=1a10f000
17116159ns          282575 1c008c92 0ff57513 andi             x10, x10, 255       x10=00000065 x10:00000065
17116179ns          282576 1c008c96 00d70733 add              x14, x14, x13       x14=1a10f008 x14:00000008 x13:1a10f000
17116199ns          282577 1c008c98 00a7e723 p.sw             x10, x0(x15)        x10:00000065 x15:00000000  PA:1a10f008
17116517ns          282593 1c008c9c 00000513 addi             x10, x0, 0          x10=00000000
17116537ns          282594 1c008c9e 00008067 jalr             x0, x1, 0            x1:1c008d6e
17116596ns          282597 1c008d6e 31f52563 p.beqimm         x10, 778            x10:00000000
17116616ns          282598 1c008d72 001d8d93 addi             x27, x27, 1         x27=0000000d x27:0000000c
17116636ns          282599 1c008d74 00044503 lbu              x10, 0(x8)          x10=00000072  x8:1c00004e  PA:1c00004e
17116934ns          282614 1c008d78 00140413 addi             x8, x8, 1            x8=1c00004f  x8:1c00004e
17116954ns          282615 1c008d7a fe0514e3 bne              x10, x0, -24        x10:00000072
17117034ns          282619 1c008d62 02500793 addi             x15, x0, 37         x15=00000025
17117054ns          282620 1c008d66 04f50863 beq              x10, x15, 80        x10:00000072 x15:00000025
17117074ns          282621 1c008d6a 01a005b3 add              x11, x0, x26        x11=00000002 x26:00000002
17117094ns          282622 1c008d6c 000b00e7 jalr             x1, x22, 0           x1=1c008d6e x22:1c008c78
17117133ns          282624 1c008c78 000026b7 lui              x13, 0x2000         x13=00002000
17117153ns          282625 1c008c7a f14027f3 csrrs            x15, x0, 0xf14      x15=00000001
17117173ns          282626 1c008c7e f8068693 addi             x13, x13, -128      x13=00001f80 x13:00002000
17117193ns          282627 1c008c82 00379713 slli             x14, x15, 0x3       x14=00000008 x15:00000001
17117213ns          282628 1c008c86 00279793 slli             x15, x15, 0x2       x15=00000004 x15:00000001
17117233ns          282629 1c008c88 00d7f7b3 and              x15, x15, x13       x15=00000000 x15:00000004 x13:00001f80
17117253ns          282630 1c008c8a ee873733 p.bclr           x14, x14, 23, 8     x14=00000008 x14:00000008
17117273ns          282631 1c008c8e 1a10f6b7 lui              x13, 0x1a10f000     x13=1a10f000
17117292ns          282632 1c008c92 0ff57513 andi             x10, x10, 255       x10=00000072 x10:00000072
17117312ns          282633 1c008c96 00d70733 add              x14, x14, x13       x14=1a10f008 x14:00000008 x13:1a10f000
17117332ns          282634 1c008c98 00a7e723 p.sw             x10, x0(x15)        x10:00000072 x15:00000000  PA:1a10f008
17117651ns          282650 1c008c9c 00000513 addi             x10, x0, 0          x10=00000000
17117670ns          282651 1c008c9e 00008067 jalr             x0, x1, 0            x1:1c008d6e
17117730ns          282654 1c008d6e 31f52563 p.beqimm         x10, 778            x10:00000000
17117750ns          282655 1c008d72 001d8d93 addi             x27, x27, 1         x27=0000000e x27:0000000d
17117770ns          282656 1c008d74 00044503 lbu              x10, 0(x8)          x10=0000006e  x8:1c00004f  PA:1c00004f
17118088ns          282672 1c008d78 00140413 addi             x8, x8, 1            x8=1c000050  x8:1c00004f
17118108ns          282673 1c008d7a fe0514e3 bne              x10, x0, -24        x10:0000006e
17118188ns          282677 1c008d62 02500793 addi             x15, x0, 37         x15=00000025
17118207ns          282678 1c008d66 04f50863 beq              x10, x15, 80        x10:0000006e x15:00000025
17118227ns          282679 1c008d6a 01a005b3 add              x11, x0, x26        x11=00000002 x26:00000002
17118247ns          282680 1c008d6c 000b00e7 jalr             x1, x22, 0           x1=1c008d6e x22:1c008c78
17118287ns          282682 1c008c78 000026b7 lui              x13, 0x2000         x13=00002000
17118307ns          282683 1c008c7a f14027f3 csrrs            x15, x0, 0xf14      x15=00000001
17118327ns          282684 1c008c7e f8068693 addi             x13, x13, -128      x13=00001f80 x13:00002000
17118347ns          282685 1c008c82 00379713 slli             x14, x15, 0x3       x14=00000008 x15:00000001
17118367ns          282686 1c008c86 00279793 slli             x15, x15, 0x2       x15=00000004 x15:00000001
17118386ns          282687 1c008c88 00d7f7b3 and              x15, x15, x13       x15=00000000 x15:00000004 x13:00001f80
17118406ns          282688 1c008c8a ee873733 p.bclr           x14, x14, 23, 8     x14=00000008 x14:00000008
17118426ns          282689 1c008c8e 1a10f6b7 lui              x13, 0x1a10f000     x13=1a10f000
17118446ns          282690 1c008c92 0ff57513 andi             x10, x10, 255       x10=0000006e x10:0000006e
17118466ns          282691 1c008c96 00d70733 add              x14, x14, x13       x14=1a10f008 x14:00000008 x13:1a10f000
17118486ns          282692 1c008c98 00a7e723 p.sw             x10, x0(x15)        x10:0000006e x15:00000000  PA:1a10f008
17118804ns          282708 1c008c9c 00000513 addi             x10, x0, 0          x10=00000000
17118824ns          282709 1c008c9e 00008067 jalr             x0, x1, 0            x1:1c008d6e
17118884ns          282712 1c008d6e 31f52563 p.beqimm         x10, 778            x10:00000000
17118904ns          282713 1c008d72 001d8d93 addi             x27, x27, 1         x27=0000000f x27:0000000e
17118924ns          282714 1c008d74 00044503 lbu              x10, 0(x8)          x10=00000065  x8:1c000050  PA:1c000050
17119222ns          282729 1c008d78 00140413 addi             x8, x8, 1            x8=1c000051  x8:1c000050
17119242ns          282730 1c008d7a fe0514e3 bne              x10, x0, -24        x10:00000065
17119321ns          282734 1c008d62 02500793 addi             x15, x0, 37         x15=00000025
17119341ns          282735 1c008d66 04f50863 beq              x10, x15, 80        x10:00000065 x15:00000025
17119361ns          282736 1c008d6a 01a005b3 add              x11, x0, x26        x11=00000002 x26:00000002
17119381ns          282737 1c008d6c 000b00e7 jalr             x1, x22, 0           x1=1c008d6e x22:1c008c78
17119421ns          282739 1c008c78 000026b7 lui              x13, 0x2000         x13=00002000
17119441ns          282740 1c008c7a f14027f3 csrrs            x15, x0, 0xf14      x15=00000001
17119461ns          282741 1c008c7e f8068693 addi             x13, x13, -128      x13=00001f80 x13:00002000
17119480ns          282742 1c008c82 00379713 slli             x14, x15, 0x3       x14=00000008 x15:00000001
17119500ns          282743 1c008c86 00279793 slli             x15, x15, 0x2       x15=00000004 x15:00000001
17119520ns          282744 1c008c88 00d7f7b3 and              x15, x15, x13       x15=00000000 x15:00000004 x13:00001f80
17119540ns          282745 1c008c8a ee873733 p.bclr           x14, x14, 23, 8     x14=00000008 x14:00000008
17119560ns          282746 1c008c8e 1a10f6b7 lui              x13, 0x1a10f000     x13=1a10f000
17119580ns          282747 1c008c92 0ff57513 andi             x10, x10, 255       x10=00000065 x10:00000065
17119600ns          282748 1c008c96 00d70733 add              x14, x14, x13       x14=1a10f008 x14:00000008 x13:1a10f000
17119620ns          282749 1c008c98 00a7e723 p.sw             x10, x0(x15)        x10:00000065 x15:00000000  PA:1a10f008
17119938ns          282765 1c008c9c 00000513 addi             x10, x0, 0          x10=00000000
17119958ns          282766 1c008c9e 00008067 jalr             x0, x1, 0            x1:1c008d6e
17120018ns          282769 1c008d6e 31f52563 p.beqimm         x10, 778            x10:00000000
17120037ns          282770 1c008d72 001d8d93 addi             x27, x27, 1         x27=00000010 x27:0000000f
17120057ns          282771 1c008d74 00044503 lbu              x10, 0(x8)          x10=0000006c  x8:1c000051  PA:1c000051
17120356ns          282786 1c008d78 00140413 addi             x8, x8, 1            x8=1c000052  x8:1c000051
17120376ns          282787 1c008d7a fe0514e3 bne              x10, x0, -24        x10:0000006c
17120455ns          282791 1c008d62 02500793 addi             x15, x0, 37         x15=00000025
17120475ns          282792 1c008d66 04f50863 beq              x10, x15, 80        x10:0000006c x15:00000025
17120495ns          282793 1c008d6a 01a005b3 add              x11, x0, x26        x11=00000002 x26:00000002
17120515ns          282794 1c008d6c 000b00e7 jalr             x1, x22, 0           x1=1c008d6e x22:1c008c78
17120555ns          282796 1c008c78 000026b7 lui              x13, 0x2000         x13=00002000
17120574ns          282797 1c008c7a f14027f3 csrrs            x15, x0, 0xf14      x15=00000001
17120594ns          282798 1c008c7e f8068693 addi             x13, x13, -128      x13=00001f80 x13:00002000
17120614ns          282799 1c008c82 00379713 slli             x14, x15, 0x3       x14=00000008 x15:00000001
17120634ns          282800 1c008c86 00279793 slli             x15, x15, 0x2       x15=00000004 x15:00000001
17120654ns          282801 1c008c88 00d7f7b3 and              x15, x15, x13       x15=00000000 x15:00000004 x13:00001f80
17120674ns          282802 1c008c8a ee873733 p.bclr           x14, x14, 23, 8     x14=00000008 x14:00000008
17120694ns          282803 1c008c8e 1a10f6b7 lui              x13, 0x1a10f000     x13=1a10f000
17120714ns          282804 1c008c92 0ff57513 andi             x10, x10, 255       x10=0000006c x10:0000006c
17120734ns          282805 1c008c96 00d70733 add              x14, x14, x13       x14=1a10f008 x14:00000008 x13:1a10f000
17120753ns          282806 1c008c98 00a7e723 p.sw             x10, x0(x15)        x10:0000006c x15:00000000  PA:1a10f008
17121072ns          282822 1c008c9c 00000513 addi             x10, x0, 0          x10=00000000
17121092ns          282823 1c008c9e 00008067 jalr             x0, x1, 0            x1:1c008d6e
17121151ns          282826 1c008d6e 31f52563 p.beqimm         x10, 778            x10:00000000
17121171ns          282827 1c008d72 001d8d93 addi             x27, x27, 1         x27=00000011 x27:00000010
17121191ns          282828 1c008d74 00044503 lbu              x10, 0(x8)          x10=00000020  x8:1c000052  PA:1c000052
17121509ns          282844 1c008d78 00140413 addi             x8, x8, 1            x8=1c000053  x8:1c000052
17121529ns          282845 1c008d7a fe0514e3 bne              x10, x0, -24        x10:00000020
17121609ns          282849 1c008d62 02500793 addi             x15, x0, 37         x15=00000025
17121629ns          282850 1c008d66 04f50863 beq              x10, x15, 80        x10:00000020 x15:00000025
17121649ns          282851 1c008d6a 01a005b3 add              x11, x0, x26        x11=00000002 x26:00000002
17121668ns          282852 1c008d6c 000b00e7 jalr             x1, x22, 0           x1=1c008d6e x22:1c008c78
17121708ns          282854 1c008c78 000026b7 lui              x13, 0x2000         x13=00002000
17121728ns          282855 1c008c7a f14027f3 csrrs            x15, x0, 0xf14      x15=00000001
17121748ns          282856 1c008c7e f8068693 addi             x13, x13, -128      x13=00001f80 x13:00002000
17121768ns          282857 1c008c82 00379713 slli             x14, x15, 0x3       x14=00000008 x15:00000001
17121788ns          282858 1c008c86 00279793 slli             x15, x15, 0x2       x15=00000004 x15:00000001
17121808ns          282859 1c008c88 00d7f7b3 and              x15, x15, x13       x15=00000000 x15:00000004 x13:00001f80
17121828ns          282860 1c008c8a ee873733 p.bclr           x14, x14, 23, 8     x14=00000008 x14:00000008
17121847ns          282861 1c008c8e 1a10f6b7 lui              x13, 0x1a10f000     x13=1a10f000
17121867ns          282862 1c008c92 0ff57513 andi             x10, x10, 255       x10=00000020 x10:00000020
17121887ns          282863 1c008c96 00d70733 add              x14, x14, x13       x14=1a10f008 x14:00000008 x13:1a10f000
17121907ns          282864 1c008c98 00a7e723 p.sw             x10, x0(x15)        x10:00000020 x15:00000000  PA:1a10f008
17122225ns          282880 1c008c9c 00000513 addi             x10, x0, 0          x10=00000000
17122245ns          282881 1c008c9e 00008067 jalr             x0, x1, 0            x1:1c008d6e
17122305ns          282884 1c008d6e 31f52563 p.beqimm         x10, 778            x10:00000000
17122325ns          282885 1c008d72 001d8d93 addi             x27, x27, 1         x27=00000012 x27:00000011
17122345ns          282886 1c008d74 00044503 lbu              x10, 0(x8)          x10=00000069  x8:1c000053  PA:1c000053
17122643ns          282901 1c008d78 00140413 addi             x8, x8, 1            x8=1c000054  x8:1c000053
17122663ns          282902 1c008d7a fe0514e3 bne              x10, x0, -24        x10:00000069
17122743ns          282906 1c008d62 02500793 addi             x15, x0, 37         x15=00000025
17122762ns          282907 1c008d66 04f50863 beq              x10, x15, 80        x10:00000069 x15:00000025
17122782ns          282908 1c008d6a 01a005b3 add              x11, x0, x26        x11=00000002 x26:00000002
17122802ns          282909 1c008d6c 000b00e7 jalr             x1, x22, 0           x1=1c008d6e x22:1c008c78
17122842ns          282911 1c008c78 000026b7 lui              x13, 0x2000         x13=00002000
17122862ns          282912 1c008c7a f14027f3 csrrs            x15, x0, 0xf14      x15=00000001
17122882ns          282913 1c008c7e f8068693 addi             x13, x13, -128      x13=00001f80 x13:00002000
17122902ns          282914 1c008c82 00379713 slli             x14, x15, 0x3       x14=00000008 x15:00000001
17122922ns          282915 1c008c86 00279793 slli             x15, x15, 0x2       x15=00000004 x15:00000001
17122941ns          282916 1c008c88 00d7f7b3 and              x15, x15, x13       x15=00000000 x15:00000004 x13:00001f80
17122961ns          282917 1c008c8a ee873733 p.bclr           x14, x14, 23, 8     x14=00000008 x14:00000008
17122981ns          282918 1c008c8e 1a10f6b7 lui              x13, 0x1a10f000     x13=1a10f000
17123001ns          282919 1c008c92 0ff57513 andi             x10, x10, 255       x10=00000069 x10:00000069
17123021ns          282920 1c008c96 00d70733 add              x14, x14, x13       x14=1a10f008 x14:00000008 x13:1a10f000
17123041ns          282921 1c008c98 00a7e723 p.sw             x10, x0(x15)        x10:00000069 x15:00000000  PA:1a10f008
17123379ns          282938 1c008c9c 00000513 addi             x10, x0, 0          x10=00000000
17123399ns          282939 1c008c9e 00008067 jalr             x0, x1, 0            x1:1c008d6e
17123459ns          282942 1c008d6e 31f52563 p.beqimm         x10, 778            x10:00000000
17123479ns          282943 1c008d72 001d8d93 addi             x27, x27, 1         x27=00000013 x27:00000012
17123498ns          282944 1c008d74 00044503 lbu              x10, 0(x8)          x10=00000074  x8:1c000054  PA:1c000054
17123797ns          282959 1c008d78 00140413 addi             x8, x8, 1            x8=1c000055  x8:1c000054
17123817ns          282960 1c008d7a fe0514e3 bne              x10, x0, -24        x10:00000074
17123896ns          282964 1c008d62 02500793 addi             x15, x0, 37         x15=00000025
17123916ns          282965 1c008d66 04f50863 beq              x10, x15, 80        x10:00000074 x15:00000025
17123936ns          282966 1c008d6a 01a005b3 add              x11, x0, x26        x11=00000002 x26:00000002
17123956ns          282967 1c008d6c 000b00e7 jalr             x1, x22, 0           x1=1c008d6e x22:1c008c78
17123996ns          282969 1c008c78 000026b7 lui              x13, 0x2000         x13=00002000
17124016ns          282970 1c008c7a f14027f3 csrrs            x15, x0, 0xf14      x15=00000001
17124035ns          282971 1c008c7e f8068693 addi             x13, x13, -128      x13=00001f80 x13:00002000
17124055ns          282972 1c008c82 00379713 slli             x14, x15, 0x3       x14=00000008 x15:00000001
17124075ns          282973 1c008c86 00279793 slli             x15, x15, 0x2       x15=00000004 x15:00000001
17124095ns          282974 1c008c88 00d7f7b3 and              x15, x15, x13       x15=00000000 x15:00000004 x13:00001f80
17124115ns          282975 1c008c8a ee873733 p.bclr           x14, x14, 23, 8     x14=00000008 x14:00000008
17124135ns          282976 1c008c8e 1a10f6b7 lui              x13, 0x1a10f000     x13=1a10f000
17124155ns          282977 1c008c92 0ff57513 andi             x10, x10, 255       x10=00000074 x10:00000074
17124175ns          282978 1c008c96 00d70733 add              x14, x14, x13       x14=1a10f008 x14:00000008 x13:1a10f000
17124195ns          282979 1c008c98 00a7e723 p.sw             x10, x0(x15)        x10:00000074 x15:00000000  PA:1a10f008
17124513ns          282995 1c008c9c 00000513 addi             x10, x0, 0          x10=00000000
17124533ns          282996 1c008c9e 00008067 jalr             x0, x1, 0            x1:1c008d6e
17124592ns          282999 1c008d6e 31f52563 p.beqimm         x10, 778            x10:00000000
17124612ns          283000 1c008d72 001d8d93 addi             x27, x27, 1         x27=00000014 x27:00000013
17124632ns          283001 1c008d74 00044503 lbu              x10, 0(x8)          x10=00000065  x8:1c000055  PA:1c000055
17124931ns          283016 1c008d78 00140413 addi             x8, x8, 1            x8=1c000056  x8:1c000055
17124950ns          283017 1c008d7a fe0514e3 bne              x10, x0, -24        x10:00000065
17125030ns          283021 1c008d62 02500793 addi             x15, x0, 37         x15=00000025
17125050ns          283022 1c008d66 04f50863 beq              x10, x15, 80        x10:00000065 x15:00000025
17125070ns          283023 1c008d6a 01a005b3 add              x11, x0, x26        x11=00000002 x26:00000002
17125090ns          283024 1c008d6c 000b00e7 jalr             x1, x22, 0           x1=1c008d6e x22:1c008c78
17125129ns          283026 1c008c78 000026b7 lui              x13, 0x2000         x13=00002000
17125149ns          283027 1c008c7a f14027f3 csrrs            x15, x0, 0xf14      x15=00000001
17125169ns          283028 1c008c7e f8068693 addi             x13, x13, -128      x13=00001f80 x13:00002000
17125189ns          283029 1c008c82 00379713 slli             x14, x15, 0x3       x14=00000008 x15:00000001
17125209ns          283030 1c008c86 00279793 slli             x15, x15, 0x2       x15=00000004 x15:00000001
17125229ns          283031 1c008c88 00d7f7b3 and              x15, x15, x13       x15=00000000 x15:00000004 x13:00001f80
17125249ns          283032 1c008c8a ee873733 p.bclr           x14, x14, 23, 8     x14=00000008 x14:00000008
17125269ns          283033 1c008c8e 1a10f6b7 lui              x13, 0x1a10f000     x13=1a10f000
17125289ns          283034 1c008c92 0ff57513 andi             x10, x10, 255       x10=00000065 x10:00000065
17125308ns          283035 1c008c96 00d70733 add              x14, x14, x13       x14=1a10f008 x14:00000008 x13:1a10f000
17125328ns          283036 1c008c98 00a7e723 p.sw             x10, x0(x15)        x10:00000065 x15:00000000  PA:1a10f008
17125647ns          283052 1c008c9c 00000513 addi             x10, x0, 0          x10=00000000
17125667ns          283053 1c008c9e 00008067 jalr             x0, x1, 0            x1:1c008d6e
17125726ns          283056 1c008d6e 31f52563 p.beqimm         x10, 778            x10:00000000
17125746ns          283057 1c008d72 001d8d93 addi             x27, x27, 1         x27=00000015 x27:00000014
17125766ns          283058 1c008d74 00044503 lbu              x10, 0(x8)          x10=00000072  x8:1c000056  PA:1c000056
17126084ns          283074 1c008d78 00140413 addi             x8, x8, 1            x8=1c000057  x8:1c000056
17126104ns          283075 1c008d7a fe0514e3 bne              x10, x0, -24        x10:00000072
17126184ns          283079 1c008d62 02500793 addi             x15, x0, 37         x15=00000025
17126204ns          283080 1c008d66 04f50863 beq              x10, x15, 80        x10:00000072 x15:00000025
17126223ns          283081 1c008d6a 01a005b3 add              x11, x0, x26        x11=00000002 x26:00000002
17126243ns          283082 1c008d6c 000b00e7 jalr             x1, x22, 0           x1=1c008d6e x22:1c008c78
17126283ns          283084 1c008c78 000026b7 lui              x13, 0x2000         x13=00002000
17126303ns          283085 1c008c7a f14027f3 csrrs            x15, x0, 0xf14      x15=00000001
17126323ns          283086 1c008c7e f8068693 addi             x13, x13, -128      x13=00001f80 x13:00002000
17126343ns          283087 1c008c82 00379713 slli             x14, x15, 0x3       x14=00000008 x15:00000001
17126363ns          283088 1c008c86 00279793 slli             x15, x15, 0x2       x15=00000004 x15:00000001
17126383ns          283089 1c008c88 00d7f7b3 and              x15, x15, x13       x15=00000000 x15:00000004 x13:00001f80
17126402ns          283090 1c008c8a ee873733 p.bclr           x14, x14, 23, 8     x14=00000008 x14:00000008
17126422ns          283091 1c008c8e 1a10f6b7 lui              x13, 0x1a10f000     x13=1a10f000
17126442ns          283092 1c008c92 0ff57513 andi             x10, x10, 255       x10=00000072 x10:00000072
17126462ns          283093 1c008c96 00d70733 add              x14, x14, x13       x14=1a10f008 x14:00000008 x13:1a10f000
17126482ns          283094 1c008c98 00a7e723 p.sw             x10, x0(x15)        x10:00000072 x15:00000000  PA:1a10f008
17126800ns          283110 1c008c9c 00000513 addi             x10, x0, 0          x10=00000000
17126820ns          283111 1c008c9e 00008067 jalr             x0, x1, 0            x1:1c008d6e
17126880ns          283114 1c008d6e 31f52563 p.beqimm         x10, 778            x10:00000000
17126900ns          283115 1c008d72 001d8d93 addi             x27, x27, 1         x27=00000016 x27:00000015
17126920ns          283116 1c008d74 00044503 lbu              x10, 0(x8)          x10=00000061  x8:1c000057  PA:1c000057
17127218ns          283131 1c008d78 00140413 addi             x8, x8, 1            x8=1c000058  x8:1c000057
17127238ns          283132 1c008d7a fe0514e3 bne              x10, x0, -24        x10:00000061
17127317ns          283136 1c008d62 02500793 addi             x15, x0, 37         x15=00000025
17127337ns          283137 1c008d66 04f50863 beq              x10, x15, 80        x10:00000061 x15:00000025
17127357ns          283138 1c008d6a 01a005b3 add              x11, x0, x26        x11=00000002 x26:00000002
17127377ns          283139 1c008d6c 000b00e7 jalr             x1, x22, 0           x1=1c008d6e x22:1c008c78
17127417ns          283141 1c008c78 000026b7 lui              x13, 0x2000         x13=00002000
17127437ns          283142 1c008c7a f14027f3 csrrs            x15, x0, 0xf14      x15=00000001
17127457ns          283143 1c008c7e f8068693 addi             x13, x13, -128      x13=00001f80 x13:00002000
17127477ns          283144 1c008c82 00379713 slli             x14, x15, 0x3       x14=00000008 x15:00000001
17127496ns          283145 1c008c86 00279793 slli             x15, x15, 0x2       x15=00000004 x15:00000001
17127516ns          283146 1c008c88 00d7f7b3 and              x15, x15, x13       x15=00000000 x15:00000004 x13:00001f80
17127536ns          283147 1c008c8a ee873733 p.bclr           x14, x14, 23, 8     x14=00000008 x14:00000008
17127556ns          283148 1c008c8e 1a10f6b7 lui              x13, 0x1a10f000     x13=1a10f000
17127576ns          283149 1c008c92 0ff57513 andi             x10, x10, 255       x10=00000061 x10:00000061
17127596ns          283150 1c008c96 00d70733 add              x14, x14, x13       x14=1a10f008 x14:00000008 x13:1a10f000
17127616ns          283151 1c008c98 00a7e723 p.sw             x10, x0(x15)        x10:00000061 x15:00000000  PA:1a10f008
17127934ns          283167 1c008c9c 00000513 addi             x10, x0, 0          x10=00000000
17127954ns          283168 1c008c9e 00008067 jalr             x0, x1, 0            x1:1c008d6e
17128014ns          283171 1c008d6e 31f52563 p.beqimm         x10, 778            x10:00000000
17128033ns          283172 1c008d72 001d8d93 addi             x27, x27, 1         x27=00000017 x27:00000016
17128053ns          283173 1c008d74 00044503 lbu              x10, 0(x8)          x10=00000074  x8:1c000058  PA:1c000058
17128352ns          283188 1c008d78 00140413 addi             x8, x8, 1            x8=1c000059  x8:1c000058
17128372ns          283189 1c008d7a fe0514e3 bne              x10, x0, -24        x10:00000074
17128451ns          283193 1c008d62 02500793 addi             x15, x0, 37         x15=00000025
17128471ns          283194 1c008d66 04f50863 beq              x10, x15, 80        x10:00000074 x15:00000025
17128491ns          283195 1c008d6a 01a005b3 add              x11, x0, x26        x11=00000002 x26:00000002
17128511ns          283196 1c008d6c 000b00e7 jalr             x1, x22, 0           x1=1c008d6e x22:1c008c78
17128551ns          283198 1c008c78 000026b7 lui              x13, 0x2000         x13=00002000
17128571ns          283199 1c008c7a f14027f3 csrrs            x15, x0, 0xf14      x15=00000001
17128590ns          283200 1c008c7e f8068693 addi             x13, x13, -128      x13=00001f80 x13:00002000
17128610ns          283201 1c008c82 00379713 slli             x14, x15, 0x3       x14=00000008 x15:00000001
17128630ns          283202 1c008c86 00279793 slli             x15, x15, 0x2       x15=00000004 x15:00000001
17128650ns          283203 1c008c88 00d7f7b3 and              x15, x15, x13       x15=00000000 x15:00000004 x13:00001f80
17128670ns          283204 1c008c8a ee873733 p.bclr           x14, x14, 23, 8     x14=00000008 x14:00000008
17128690ns          283205 1c008c8e 1a10f6b7 lui              x13, 0x1a10f000     x13=1a10f000
17128710ns          283206 1c008c92 0ff57513 andi             x10, x10, 255       x10=00000074 x10:00000074
17128730ns          283207 1c008c96 00d70733 add              x14, x14, x13       x14=1a10f008 x14:00000008 x13:1a10f000
17128750ns          283208 1c008c98 00a7e723 p.sw             x10, x0(x15)        x10:00000074 x15:00000000  PA:1a10f008
17129068ns          283224 1c008c9c 00000513 addi             x10, x0, 0          x10=00000000
17129088ns          283225 1c008c9e 00008067 jalr             x0, x1, 0            x1:1c008d6e
17129147ns          283228 1c008d6e 31f52563 p.beqimm         x10, 778            x10:00000000
17129167ns          283229 1c008d72 001d8d93 addi             x27, x27, 1         x27=00000018 x27:00000017
17129187ns          283230 1c008d74 00044503 lbu              x10, 0(x8)          x10=00000069  x8:1c000059  PA:1c000059
17129505ns          283246 1c008d78 00140413 addi             x8, x8, 1            x8=1c00005a  x8:1c000059
17129525ns          283247 1c008d7a fe0514e3 bne              x10, x0, -24        x10:00000069
17129605ns          283251 1c008d62 02500793 addi             x15, x0, 37         x15=00000025
17129625ns          283252 1c008d66 04f50863 beq              x10, x15, 80        x10:00000069 x15:00000025
17129645ns          283253 1c008d6a 01a005b3 add              x11, x0, x26        x11=00000002 x26:00000002
17129665ns          283254 1c008d6c 000b00e7 jalr             x1, x22, 0           x1=1c008d6e x22:1c008c78
17129704ns          283256 1c008c78 000026b7 lui              x13, 0x2000         x13=00002000
17129724ns          283257 1c008c7a f14027f3 csrrs            x15, x0, 0xf14      x15=00000001
17129744ns          283258 1c008c7e f8068693 addi             x13, x13, -128      x13=00001f80 x13:00002000
17129764ns          283259 1c008c82 00379713 slli             x14, x15, 0x3       x14=00000008 x15:00000001
17129784ns          283260 1c008c86 00279793 slli             x15, x15, 0x2       x15=00000004 x15:00000001
17129804ns          283261 1c008c88 00d7f7b3 and              x15, x15, x13       x15=00000000 x15:00000004 x13:00001f80
17129824ns          283262 1c008c8a ee873733 p.bclr           x14, x14, 23, 8     x14=00000008 x14:00000008
17129844ns          283263 1c008c8e 1a10f6b7 lui              x13, 0x1a10f000     x13=1a10f000
17129863ns          283264 1c008c92 0ff57513 andi             x10, x10, 255       x10=00000069 x10:00000069
17129883ns          283265 1c008c96 00d70733 add              x14, x14, x13       x14=1a10f008 x14:00000008 x13:1a10f000
17129903ns          283266 1c008c98 00a7e723 p.sw             x10, x0(x15)        x10:00000069 x15:00000000  PA:1a10f008
17130221ns          283282 1c008c9c 00000513 addi             x10, x0, 0          x10=00000000
17130241ns          283283 1c008c9e 00008067 jalr             x0, x1, 0            x1:1c008d6e
17130301ns          283286 1c008d6e 31f52563 p.beqimm         x10, 778            x10:00000000
17130321ns          283287 1c008d72 001d8d93 addi             x27, x27, 1         x27=00000019 x27:00000018
17130341ns          283288 1c008d74 00044503 lbu              x10, 0(x8)          x10=0000006f  x8:1c00005a  PA:1c00005a
17130639ns          283303 1c008d78 00140413 addi             x8, x8, 1            x8=1c00005b  x8:1c00005a
17130659ns          283304 1c008d7a fe0514e3 bne              x10, x0, -24        x10:0000006f
17130739ns          283308 1c008d62 02500793 addi             x15, x0, 37         x15=00000025
17130759ns          283309 1c008d66 04f50863 beq              x10, x15, 80        x10:0000006f x15:00000025
17130778ns          283310 1c008d6a 01a005b3 add              x11, x0, x26        x11=00000002 x26:00000002
17130798ns          283311 1c008d6c 000b00e7 jalr             x1, x22, 0           x1=1c008d6e x22:1c008c78
17130838ns          283313 1c008c78 000026b7 lui              x13, 0x2000         x13=00002000
17130858ns          283314 1c008c7a f14027f3 csrrs            x15, x0, 0xf14      x15=00000001
17130878ns          283315 1c008c7e f8068693 addi             x13, x13, -128      x13=00001f80 x13:00002000
17130898ns          283316 1c008c82 00379713 slli             x14, x15, 0x3       x14=00000008 x15:00000001
17130918ns          283317 1c008c86 00279793 slli             x15, x15, 0x2       x15=00000004 x15:00000001
17130938ns          283318 1c008c88 00d7f7b3 and              x15, x15, x13       x15=00000000 x15:00000004 x13:00001f80
17130957ns          283319 1c008c8a ee873733 p.bclr           x14, x14, 23, 8     x14=00000008 x14:00000008
17130977ns          283320 1c008c8e 1a10f6b7 lui              x13, 0x1a10f000     x13=1a10f000
17130997ns          283321 1c008c92 0ff57513 andi             x10, x10, 255       x10=0000006f x10:0000006f
17131017ns          283322 1c008c96 00d70733 add              x14, x14, x13       x14=1a10f008 x14:00000008 x13:1a10f000
17131037ns          283323 1c008c98 00a7e723 p.sw             x10, x0(x15)        x10:0000006f x15:00000000  PA:1a10f008
17131375ns          283340 1c008c9c 00000513 addi             x10, x0, 0          x10=00000000
17131395ns          283341 1c008c9e 00008067 jalr             x0, x1, 0            x1:1c008d6e
17131455ns          283344 1c008d6e 31f52563 p.beqimm         x10, 778            x10:00000000
17131475ns          283345 1c008d72 001d8d93 addi             x27, x27, 1         x27=0000001a x27:00000019
17131494ns          283346 1c008d74 00044503 lbu              x10, 0(x8)          x10=0000006e  x8:1c00005b  PA:1c00005b
17131793ns          283361 1c008d78 00140413 addi             x8, x8, 1            x8=1c00005c  x8:1c00005b
17131813ns          283362 1c008d7a fe0514e3 bne              x10, x0, -24        x10:0000006e
17131892ns          283366 1c008d62 02500793 addi             x15, x0, 37         x15=00000025
17131912ns          283367 1c008d66 04f50863 beq              x10, x15, 80        x10:0000006e x15:00000025
17131932ns          283368 1c008d6a 01a005b3 add              x11, x0, x26        x11=00000002 x26:00000002
17131952ns          283369 1c008d6c 000b00e7 jalr             x1, x22, 0           x1=1c008d6e x22:1c008c78
17131992ns          283371 1c008c78 000026b7 lui              x13, 0x2000         x13=00002000
17132012ns          283372 1c008c7a f14027f3 csrrs            x15, x0, 0xf14      x15=00000001
17132032ns          283373 1c008c7e f8068693 addi             x13, x13, -128      x13=00001f80 x13:00002000
17132051ns          283374 1c008c82 00379713 slli             x14, x15, 0x3       x14=00000008 x15:00000001
17132071ns          283375 1c008c86 00279793 slli             x15, x15, 0x2       x15=00000004 x15:00000001
17132091ns          283376 1c008c88 00d7f7b3 and              x15, x15, x13       x15=00000000 x15:00000004 x13:00001f80
17132111ns          283377 1c008c8a ee873733 p.bclr           x14, x14, 23, 8     x14=00000008 x14:00000008
17132131ns          283378 1c008c8e 1a10f6b7 lui              x13, 0x1a10f000     x13=1a10f000
17132151ns          283379 1c008c92 0ff57513 andi             x10, x10, 255       x10=0000006e x10:0000006e
17132171ns          283380 1c008c96 00d70733 add              x14, x14, x13       x14=1a10f008 x14:00000008 x13:1a10f000
17132191ns          283381 1c008c98 00a7e723 p.sw             x10, x0(x15)        x10:0000006e x15:00000000  PA:1a10f008
17132509ns          283397 1c008c9c 00000513 addi             x10, x0, 0          x10=00000000
17132529ns          283398 1c008c9e 00008067 jalr             x0, x1, 0            x1:1c008d6e
17132588ns          283401 1c008d6e 31f52563 p.beqimm         x10, 778            x10:00000000
17132608ns          283402 1c008d72 001d8d93 addi             x27, x27, 1         x27=0000001b x27:0000001a
17132628ns          283403 1c008d74 00044503 lbu              x10, 0(x8)          x10=00000073  x8:1c00005c  PA:1c00005c
17132927ns          283418 1c008d78 00140413 addi             x8, x8, 1            x8=1c00005d  x8:1c00005c
17132947ns          283419 1c008d7a fe0514e3 bne              x10, x0, -24        x10:00000073
17133026ns          283423 1c008d62 02500793 addi             x15, x0, 37         x15=00000025
17133046ns          283424 1c008d66 04f50863 beq              x10, x15, 80        x10:00000073 x15:00000025
17133066ns          283425 1c008d6a 01a005b3 add              x11, x0, x26        x11=00000002 x26:00000002
17133086ns          283426 1c008d6c 000b00e7 jalr             x1, x22, 0           x1=1c008d6e x22:1c008c78
17133126ns          283428 1c008c78 000026b7 lui              x13, 0x2000         x13=00002000
17133145ns          283429 1c008c7a f14027f3 csrrs            x15, x0, 0xf14      x15=00000001
17133165ns          283430 1c008c7e f8068693 addi             x13, x13, -128      x13=00001f80 x13:00002000
17133185ns          283431 1c008c82 00379713 slli             x14, x15, 0x3       x14=00000008 x15:00000001
17133205ns          283432 1c008c86 00279793 slli             x15, x15, 0x2       x15=00000004 x15:00000001
17133225ns          283433 1c008c88 00d7f7b3 and              x15, x15, x13       x15=00000000 x15:00000004 x13:00001f80
17133245ns          283434 1c008c8a ee873733 p.bclr           x14, x14, 23, 8     x14=00000008 x14:00000008
17133265ns          283435 1c008c8e 1a10f6b7 lui              x13, 0x1a10f000     x13=1a10f000
17133285ns          283436 1c008c92 0ff57513 andi             x10, x10, 255       x10=00000073 x10:00000073
17133305ns          283437 1c008c96 00d70733 add              x14, x14, x13       x14=1a10f008 x14:00000008 x13:1a10f000
17133324ns          283438 1c008c98 00a7e723 p.sw             x10, x0(x15)        x10:00000073 x15:00000000  PA:1a10f008
17133643ns          283454 1c008c9c 00000513 addi             x10, x0, 0          x10=00000000
17133663ns          283455 1c008c9e 00008067 jalr             x0, x1, 0            x1:1c008d6e
17133722ns          283458 1c008d6e 31f52563 p.beqimm         x10, 778            x10:00000000
17133742ns          283459 1c008d72 001d8d93 addi             x27, x27, 1         x27=0000001c x27:0000001b
17133762ns          283460 1c008d74 00044503 lbu              x10, 0(x8)          x10=0000002e  x8:1c00005d  PA:1c00005d
17134080ns          283476 1c008d78 00140413 addi             x8, x8, 1            x8=1c00005e  x8:1c00005d
17134100ns          283477 1c008d7a fe0514e3 bne              x10, x0, -24        x10:0000002e
17134180ns          283481 1c008d62 02500793 addi             x15, x0, 37         x15=00000025
17134200ns          283482 1c008d66 04f50863 beq              x10, x15, 80        x10:0000002e x15:00000025
17134220ns          283483 1c008d6a 01a005b3 add              x11, x0, x26        x11=00000002 x26:00000002
17134239ns          283484 1c008d6c 000b00e7 jalr             x1, x22, 0           x1=1c008d6e x22:1c008c78
17134279ns          283486 1c008c78 000026b7 lui              x13, 0x2000         x13=00002000
17134299ns          283487 1c008c7a f14027f3 csrrs            x15, x0, 0xf14      x15=00000001
17134319ns          283488 1c008c7e f8068693 addi             x13, x13, -128      x13=00001f80 x13:00002000
17134339ns          283489 1c008c82 00379713 slli             x14, x15, 0x3       x14=00000008 x15:00000001
17134359ns          283490 1c008c86 00279793 slli             x15, x15, 0x2       x15=00000004 x15:00000001
17134379ns          283491 1c008c88 00d7f7b3 and              x15, x15, x13       x15=00000000 x15:00000004 x13:00001f80
17134399ns          283492 1c008c8a ee873733 p.bclr           x14, x14, 23, 8     x14=00000008 x14:00000008
17134418ns          283493 1c008c8e 1a10f6b7 lui              x13, 0x1a10f000     x13=1a10f000
17134438ns          283494 1c008c92 0ff57513 andi             x10, x10, 255       x10=0000002e x10:0000002e
17134458ns          283495 1c008c96 00d70733 add              x14, x14, x13       x14=1a10f008 x14:00000008 x13:1a10f000
17134478ns          283496 1c008c98 00a7e723 p.sw             x10, x0(x15)        x10:0000002e x15:00000000  PA:1a10f008
17134796ns          283512 1c008c9c 00000513 addi             x10, x0, 0          x10=00000000
17134816ns          283513 1c008c9e 00008067 jalr             x0, x1, 0            x1:1c008d6e
17134876ns          283516 1c008d6e 31f52563 p.beqimm         x10, 778            x10:00000000
17134896ns          283517 1c008d72 001d8d93 addi             x27, x27, 1         x27=0000001d x27:0000001c
17134916ns          283518 1c008d74 00044503 lbu              x10, 0(x8)          x10=0000002e  x8:1c00005e  PA:1c00005e
17135214ns          283533 1c008d78 00140413 addi             x8, x8, 1            x8=1c00005f  x8:1c00005e
17135234ns          283534 1c008d7a fe0514e3 bne              x10, x0, -24        x10:0000002e
17135314ns          283538 1c008d62 02500793 addi             x15, x0, 37         x15=00000025
17135333ns          283539 1c008d66 04f50863 beq              x10, x15, 80        x10:0000002e x15:00000025
17135353ns          283540 1c008d6a 01a005b3 add              x11, x0, x26        x11=00000002 x26:00000002
17135373ns          283541 1c008d6c 000b00e7 jalr             x1, x22, 0           x1=1c008d6e x22:1c008c78
17135413ns          283543 1c008c78 000026b7 lui              x13, 0x2000         x13=00002000
17135433ns          283544 1c008c7a f14027f3 csrrs            x15, x0, 0xf14      x15=00000001
17135453ns          283545 1c008c7e f8068693 addi             x13, x13, -128      x13=00001f80 x13:00002000
17135473ns          283546 1c008c82 00379713 slli             x14, x15, 0x3       x14=00000008 x15:00000001
17135493ns          283547 1c008c86 00279793 slli             x15, x15, 0x2       x15=00000004 x15:00000001
17135512ns          283548 1c008c88 00d7f7b3 and              x15, x15, x13       x15=00000000 x15:00000004 x13:00001f80
17135532ns          283549 1c008c8a ee873733 p.bclr           x14, x14, 23, 8     x14=00000008 x14:00000008
17135552ns          283550 1c008c8e 1a10f6b7 lui              x13, 0x1a10f000     x13=1a10f000
17135572ns          283551 1c008c92 0ff57513 andi             x10, x10, 255       x10=0000002e x10:0000002e
17135592ns          283552 1c008c96 00d70733 add              x14, x14, x13       x14=1a10f008 x14:00000008 x13:1a10f000
17135612ns          283553 1c008c98 00a7e723 p.sw             x10, x0(x15)        x10:0000002e x15:00000000  PA:1a10f008
17135930ns          283569 1c008c9c 00000513 addi             x10, x0, 0          x10=00000000
17135950ns          283570 1c008c9e 00008067 jalr             x0, x1, 0            x1:1c008d6e
17136010ns          283573 1c008d6e 31f52563 p.beqimm         x10, 778            x10:00000000
17136030ns          283574 1c008d72 001d8d93 addi             x27, x27, 1         x27=0000001e x27:0000001d
17136049ns          283575 1c008d74 00044503 lbu              x10, 0(x8)          x10=0000002e  x8:1c00005f  PA:1c00005f
17136348ns          283590 1c008d78 00140413 addi             x8, x8, 1            x8=1c000060  x8:1c00005f
17136368ns          283591 1c008d7a fe0514e3 bne              x10, x0, -24        x10:0000002e
17136447ns          283595 1c008d62 02500793 addi             x15, x0, 37         x15=00000025
17136467ns          283596 1c008d66 04f50863 beq              x10, x15, 80        x10:0000002e x15:00000025
17136487ns          283597 1c008d6a 01a005b3 add              x11, x0, x26        x11=00000002 x26:00000002
17136507ns          283598 1c008d6c 000b00e7 jalr             x1, x22, 0           x1=1c008d6e x22:1c008c78
17136547ns          283600 1c008c78 000026b7 lui              x13, 0x2000         x13=00002000
17136567ns          283601 1c008c7a f14027f3 csrrs            x15, x0, 0xf14      x15=00000001
17136587ns          283602 1c008c7e f8068693 addi             x13, x13, -128      x13=00001f80 x13:00002000
17136606ns          283603 1c008c82 00379713 slli             x14, x15, 0x3       x14=00000008 x15:00000001
17136626ns          283604 1c008c86 00279793 slli             x15, x15, 0x2       x15=00000004 x15:00000001
17136646ns          283605 1c008c88 00d7f7b3 and              x15, x15, x13       x15=00000000 x15:00000004 x13:00001f80
17136666ns          283606 1c008c8a ee873733 p.bclr           x14, x14, 23, 8     x14=00000008 x14:00000008
17136686ns          283607 1c008c8e 1a10f6b7 lui              x13, 0x1a10f000     x13=1a10f000
17136706ns          283608 1c008c92 0ff57513 andi             x10, x10, 255       x10=0000002e x10:0000002e
17136726ns          283609 1c008c96 00d70733 add              x14, x14, x13       x14=1a10f008 x14:00000008 x13:1a10f000
17136746ns          283610 1c008c98 00a7e723 p.sw             x10, x0(x15)        x10:0000002e x15:00000000  PA:1a10f008
17137064ns          283626 1c008c9c 00000513 addi             x10, x0, 0          x10=00000000
17137084ns          283627 1c008c9e 00008067 jalr             x0, x1, 0            x1:1c008d6e
17137143ns          283630 1c008d6e 31f52563 p.beqimm         x10, 778            x10:00000000
17137163ns          283631 1c008d72 001d8d93 addi             x27, x27, 1         x27=0000001f x27:0000001e
17137183ns          283632 1c008d74 00044503 lbu              x10, 0(x8)          x10=00000020  x8:1c000060  PA:1c000060
17137501ns          283648 1c008d78 00140413 addi             x8, x8, 1            x8=1c000061  x8:1c000060
17137521ns          283649 1c008d7a fe0514e3 bne              x10, x0, -24        x10:00000020
17137601ns          283653 1c008d62 02500793 addi             x15, x0, 37         x15=00000025
17137621ns          283654 1c008d66 04f50863 beq              x10, x15, 80        x10:00000020 x15:00000025
17137641ns          283655 1c008d6a 01a005b3 add              x11, x0, x26        x11=00000002 x26:00000002
17137661ns          283656 1c008d6c 000b00e7 jalr             x1, x22, 0           x1=1c008d6e x22:1c008c78
17137700ns          283658 1c008c78 000026b7 lui              x13, 0x2000         x13=00002000
17137720ns          283659 1c008c7a f14027f3 csrrs            x15, x0, 0xf14      x15=00000001
17137740ns          283660 1c008c7e f8068693 addi             x13, x13, -128      x13=00001f80 x13:00002000
17137760ns          283661 1c008c82 00379713 slli             x14, x15, 0x3       x14=00000008 x15:00000001
17137780ns          283662 1c008c86 00279793 slli             x15, x15, 0x2       x15=00000004 x15:00000001
17137800ns          283663 1c008c88 00d7f7b3 and              x15, x15, x13       x15=00000000 x15:00000004 x13:00001f80
17137820ns          283664 1c008c8a ee873733 p.bclr           x14, x14, 23, 8     x14=00000008 x14:00000008
17137840ns          283665 1c008c8e 1a10f6b7 lui              x13, 0x1a10f000     x13=1a10f000
17137860ns          283666 1c008c92 0ff57513 andi             x10, x10, 255       x10=00000020 x10:00000020
17137879ns          283667 1c008c96 00d70733 add              x14, x14, x13       x14=1a10f008 x14:00000008 x13:1a10f000
17137899ns          283668 1c008c98 00a7e723 p.sw             x10, x0(x15)        x10:00000020 x15:00000000  PA:1a10f008
17138218ns          283684 1c008c9c 00000513 addi             x10, x0, 0          x10=00000000
17138237ns          283685 1c008c9e 00008067 jalr             x0, x1, 0            x1:1c008d6e
17138297ns          283688 1c008d6e 31f52563 p.beqimm         x10, 778            x10:00000000
17138317ns          283689 1c008d72 001d8d93 addi             x27, x27, 1         x27=00000020 x27:0000001f
17138337ns          283690 1c008d74 00044503 lbu              x10, 0(x8)          x10=00000028  x8:1c000061  PA:1c000061
17138635ns          283705 1c008d78 00140413 addi             x8, x8, 1            x8=1c000062  x8:1c000061
17138655ns          283706 1c008d7a fe0514e3 bne              x10, x0, -24        x10:00000028
17138735ns          283710 1c008d62 02500793 addi             x15, x0, 37         x15=00000025
17138755ns          283711 1c008d66 04f50863 beq              x10, x15, 80        x10:00000028 x15:00000025
17138775ns          283712 1c008d6a 01a005b3 add              x11, x0, x26        x11=00000002 x26:00000002
17138794ns          283713 1c008d6c 000b00e7 jalr             x1, x22, 0           x1=1c008d6e x22:1c008c78
17138834ns          283715 1c008c78 000026b7 lui              x13, 0x2000         x13=00002000
17138854ns          283716 1c008c7a f14027f3 csrrs            x15, x0, 0xf14      x15=00000001
17138874ns          283717 1c008c7e f8068693 addi             x13, x13, -128      x13=00001f80 x13:00002000
17138894ns          283718 1c008c82 00379713 slli             x14, x15, 0x3       x14=00000008 x15:00000001
17138914ns          283719 1c008c86 00279793 slli             x15, x15, 0x2       x15=00000004 x15:00000001
17138934ns          283720 1c008c88 00d7f7b3 and              x15, x15, x13       x15=00000000 x15:00000004 x13:00001f80
17138954ns          283721 1c008c8a ee873733 p.bclr           x14, x14, 23, 8     x14=00000008 x14:00000008
17138973ns          283722 1c008c8e 1a10f6b7 lui              x13, 0x1a10f000     x13=1a10f000
17138993ns          283723 1c008c92 0ff57513 andi             x10, x10, 255       x10=00000028 x10:00000028
17139013ns          283724 1c008c96 00d70733 add              x14, x14, x13       x14=1a10f008 x14:00000008 x13:1a10f000
17139033ns          283725 1c008c98 00a7e723 p.sw             x10, x0(x15)        x10:00000028 x15:00000000  PA:1a10f008
17139371ns          283742 1c008c9c 00000513 addi             x10, x0, 0          x10=00000000
17139391ns          283743 1c008c9e 00008067 jalr             x0, x1, 0            x1:1c008d6e
17139451ns          283746 1c008d6e 31f52563 p.beqimm         x10, 778            x10:00000000
17139471ns          283747 1c008d72 001d8d93 addi             x27, x27, 1         x27=00000021 x27:00000020
17139491ns          283748 1c008d74 00044503 lbu              x10, 0(x8)          x10=00000063  x8:1c000062  PA:1c000062
17139789ns          283763 1c008d78 00140413 addi             x8, x8, 1            x8=1c000063  x8:1c000062
17139809ns          283764 1c008d7a fe0514e3 bne              x10, x0, -24        x10:00000063
17139888ns          283768 1c008d62 02500793 addi             x15, x0, 37         x15=00000025
17139908ns          283769 1c008d66 04f50863 beq              x10, x15, 80        x10:00000063 x15:00000025
17139928ns          283770 1c008d6a 01a005b3 add              x11, x0, x26        x11=00000002 x26:00000002
17139948ns          283771 1c008d6c 000b00e7 jalr             x1, x22, 0           x1=1c008d6e x22:1c008c78
17139988ns          283773 1c008c78 000026b7 lui              x13, 0x2000         x13=00002000
17140008ns          283774 1c008c7a f14027f3 csrrs            x15, x0, 0xf14      x15=00000001
17140028ns          283775 1c008c7e f8068693 addi             x13, x13, -128      x13=00001f80 x13:00002000
17140048ns          283776 1c008c82 00379713 slli             x14, x15, 0x3       x14=00000008 x15:00000001
17140067ns          283777 1c008c86 00279793 slli             x15, x15, 0x2       x15=00000004 x15:00000001
17140087ns          283778 1c008c88 00d7f7b3 and              x15, x15, x13       x15=00000000 x15:00000004 x13:00001f80
17140107ns          283779 1c008c8a ee873733 p.bclr           x14, x14, 23, 8     x14=00000008 x14:00000008
17140127ns          283780 1c008c8e 1a10f6b7 lui              x13, 0x1a10f000     x13=1a10f000
17140147ns          283781 1c008c92 0ff57513 andi             x10, x10, 255       x10=00000063 x10:00000063
17140167ns          283782 1c008c96 00d70733 add              x14, x14, x13       x14=1a10f008 x14:00000008 x13:1a10f000
17140187ns          283783 1c008c98 00a7e723 p.sw             x10, x0(x15)        x10:00000063 x15:00000000  PA:1a10f008
17140505ns          283799 1c008c9c 00000513 addi             x10, x0, 0          x10=00000000
17140525ns          283800 1c008c9e 00008067 jalr             x0, x1, 0            x1:1c008d6e
17140585ns          283803 1c008d6e 31f52563 p.beqimm         x10, 778            x10:00000000
17140604ns          283804 1c008d72 001d8d93 addi             x27, x27, 1         x27=00000022 x27:00000021
17140624ns          283805 1c008d74 00044503 lbu              x10, 0(x8)          x10=0000006f  x8:1c000063  PA:1c000063
17140923ns          283820 1c008d78 00140413 addi             x8, x8, 1            x8=1c000064  x8:1c000063
17140943ns          283821 1c008d7a fe0514e3 bne              x10, x0, -24        x10:0000006f
17141022ns          283825 1c008d62 02500793 addi             x15, x0, 37         x15=00000025
17141042ns          283826 1c008d66 04f50863 beq              x10, x15, 80        x10:0000006f x15:00000025
17141062ns          283827 1c008d6a 01a005b3 add              x11, x0, x26        x11=00000002 x26:00000002
17141082ns          283828 1c008d6c 000b00e7 jalr             x1, x22, 0           x1=1c008d6e x22:1c008c78
17141122ns          283830 1c008c78 000026b7 lui              x13, 0x2000         x13=00002000
17141142ns          283831 1c008c7a f14027f3 csrrs            x15, x0, 0xf14      x15=00000001
17141161ns          283832 1c008c7e f8068693 addi             x13, x13, -128      x13=00001f80 x13:00002000
17141181ns          283833 1c008c82 00379713 slli             x14, x15, 0x3       x14=00000008 x15:00000001
17141201ns          283834 1c008c86 00279793 slli             x15, x15, 0x2       x15=00000004 x15:00000001
17141221ns          283835 1c008c88 00d7f7b3 and              x15, x15, x13       x15=00000000 x15:00000004 x13:00001f80
17141241ns          283836 1c008c8a ee873733 p.bclr           x14, x14, 23, 8     x14=00000008 x14:00000008
17141261ns          283837 1c008c8e 1a10f6b7 lui              x13, 0x1a10f000     x13=1a10f000
17141281ns          283838 1c008c92 0ff57513 andi             x10, x10, 255       x10=0000006f x10:0000006f
17141301ns          283839 1c008c96 00d70733 add              x14, x14, x13       x14=1a10f008 x14:00000008 x13:1a10f000
17141321ns          283840 1c008c98 00a7e723 p.sw             x10, x0(x15)        x10:0000006f x15:00000000  PA:1a10f008
17141639ns          283856 1c008c9c 00000513 addi             x10, x0, 0          x10=00000000
17141659ns          283857 1c008c9e 00008067 jalr             x0, x1, 0            x1:1c008d6e
17141718ns          283860 1c008d6e 31f52563 p.beqimm         x10, 778            x10:00000000
17141738ns          283861 1c008d72 001d8d93 addi             x27, x27, 1         x27=00000023 x27:00000022
17141758ns          283862 1c008d74 00044503 lbu              x10, 0(x8)          x10=00000072  x8:1c000064  PA:1c000064
17142076ns          283878 1c008d78 00140413 addi             x8, x8, 1            x8=1c000065  x8:1c000064
17142096ns          283879 1c008d7a fe0514e3 bne              x10, x0, -24        x10:00000072
17142176ns          283883 1c008d62 02500793 addi             x15, x0, 37         x15=00000025
17142196ns          283884 1c008d66 04f50863 beq              x10, x15, 80        x10:00000072 x15:00000025
17142216ns          283885 1c008d6a 01a005b3 add              x11, x0, x26        x11=00000002 x26:00000002
17142235ns          283886 1c008d6c 000b00e7 jalr             x1, x22, 0           x1=1c008d6e x22:1c008c78
17142275ns          283888 1c008c78 000026b7 lui              x13, 0x2000         x13=00002000
17142295ns          283889 1c008c7a f14027f3 csrrs            x15, x0, 0xf14      x15=00000001
17142315ns          283890 1c008c7e f8068693 addi             x13, x13, -128      x13=00001f80 x13:00002000
17142335ns          283891 1c008c82 00379713 slli             x14, x15, 0x3       x14=00000008 x15:00000001
17142355ns          283892 1c008c86 00279793 slli             x15, x15, 0x2       x15=00000004 x15:00000001
17142375ns          283893 1c008c88 00d7f7b3 and              x15, x15, x13       x15=00000000 x15:00000004 x13:00001f80
17142395ns          283894 1c008c8a ee873733 p.bclr           x14, x14, 23, 8     x14=00000008 x14:00000008
17142415ns          283895 1c008c8e 1a10f6b7 lui              x13, 0x1a10f000     x13=1a10f000
17142434ns          283896 1c008c92 0ff57513 andi             x10, x10, 255       x10=00000072 x10:00000072
17142454ns          283897 1c008c96 00d70733 add              x14, x14, x13       x14=1a10f008 x14:00000008 x13:1a10f000
17142474ns          283898 1c008c98 00a7e723 p.sw             x10, x0(x15)        x10:00000072 x15:00000000  PA:1a10f008
17142792ns          283914 1c008c9c 00000513 addi             x10, x0, 0          x10=00000000
17142812ns          283915 1c008c9e 00008067 jalr             x0, x1, 0            x1:1c008d6e
17142872ns          283918 1c008d6e 31f52563 p.beqimm         x10, 778            x10:00000000
17142892ns          283919 1c008d72 001d8d93 addi             x27, x27, 1         x27=00000024 x27:00000023
17142912ns          283920 1c008d74 00044503 lbu              x10, 0(x8)          x10=00000065  x8:1c000065  PA:1c000065
17143210ns          283935 1c008d78 00140413 addi             x8, x8, 1            x8=1c000066  x8:1c000065
17143230ns          283936 1c008d7a fe0514e3 bne              x10, x0, -24        x10:00000065
17143310ns          283940 1c008d62 02500793 addi             x15, x0, 37         x15=00000025
17143329ns          283941 1c008d66 04f50863 beq              x10, x15, 80        x10:00000065 x15:00000025
17143349ns          283942 1c008d6a 01a005b3 add              x11, x0, x26        x11=00000002 x26:00000002
17143369ns          283943 1c008d6c 000b00e7 jalr             x1, x22, 0           x1=1c008d6e x22:1c008c78
17143409ns          283945 1c008c78 000026b7 lui              x13, 0x2000         x13=00002000
17143429ns          283946 1c008c7a f14027f3 csrrs            x15, x0, 0xf14      x15=00000001
17143449ns          283947 1c008c7e f8068693 addi             x13, x13, -128      x13=00001f80 x13:00002000
17143469ns          283948 1c008c82 00379713 slli             x14, x15, 0x3       x14=00000008 x15:00000001
17143489ns          283949 1c008c86 00279793 slli             x15, x15, 0x2       x15=00000004 x15:00000001
17143509ns          283950 1c008c88 00d7f7b3 and              x15, x15, x13       x15=00000000 x15:00000004 x13:00001f80
17143528ns          283951 1c008c8a ee873733 p.bclr           x14, x14, 23, 8     x14=00000008 x14:00000008
17143548ns          283952 1c008c8e 1a10f6b7 lui              x13, 0x1a10f000     x13=1a10f000
17143568ns          283953 1c008c92 0ff57513 andi             x10, x10, 255       x10=00000065 x10:00000065
17143588ns          283954 1c008c96 00d70733 add              x14, x14, x13       x14=1a10f008 x14:00000008 x13:1a10f000
17143608ns          283955 1c008c98 00a7e723 p.sw             x10, x0(x15)        x10:00000065 x15:00000000  PA:1a10f008
17143926ns          283971 1c008c9c 00000513 addi             x10, x0, 0          x10=00000000
17143946ns          283972 1c008c9e 00008067 jalr             x0, x1, 0            x1:1c008d6e
17144006ns          283975 1c008d6e 31f52563 p.beqimm         x10, 778            x10:00000000
17144026ns          283976 1c008d72 001d8d93 addi             x27, x27, 1         x27=00000025 x27:00000024
17144046ns          283977 1c008d74 00044503 lbu              x10, 0(x8)          x10=00000069  x8:1c000066  PA:1c000066
17144344ns          283992 1c008d78 00140413 addi             x8, x8, 1            x8=1c000067  x8:1c000066
17144364ns          283993 1c008d7a fe0514e3 bne              x10, x0, -24        x10:00000069
17144443ns          283997 1c008d62 02500793 addi             x15, x0, 37         x15=00000025
17144463ns          283998 1c008d66 04f50863 beq              x10, x15, 80        x10:00000069 x15:00000025
17144483ns          283999 1c008d6a 01a005b3 add              x11, x0, x26        x11=00000002 x26:00000002
17144503ns          284000 1c008d6c 000b00e7 jalr             x1, x22, 0           x1=1c008d6e x22:1c008c78
17144543ns          284002 1c008c78 000026b7 lui              x13, 0x2000         x13=00002000
17144563ns          284003 1c008c7a f14027f3 csrrs            x15, x0, 0xf14      x15=00000001
17144583ns          284004 1c008c7e f8068693 addi             x13, x13, -128      x13=00001f80 x13:00002000
17144602ns          284005 1c008c82 00379713 slli             x14, x15, 0x3       x14=00000008 x15:00000001
17144622ns          284006 1c008c86 00279793 slli             x15, x15, 0x2       x15=00000004 x15:00000001
17144642ns          284007 1c008c88 00d7f7b3 and              x15, x15, x13       x15=00000000 x15:00000004 x13:00001f80
17144662ns          284008 1c008c8a ee873733 p.bclr           x14, x14, 23, 8     x14=00000008 x14:00000008
17144682ns          284009 1c008c8e 1a10f6b7 lui              x13, 0x1a10f000     x13=1a10f000
17144702ns          284010 1c008c92 0ff57513 andi             x10, x10, 255       x10=00000069 x10:00000069
17144722ns          284011 1c008c96 00d70733 add              x14, x14, x13       x14=1a10f008 x14:00000008 x13:1a10f000
17144742ns          284012 1c008c98 00a7e723 p.sw             x10, x0(x15)        x10:00000069 x15:00000000  PA:1a10f008
17145060ns          284028 1c008c9c 00000513 addi             x10, x0, 0          x10=00000000
17145080ns          284029 1c008c9e 00008067 jalr             x0, x1, 0            x1:1c008d6e
17145140ns          284032 1c008d6e 31f52563 p.beqimm         x10, 778            x10:00000000
17145159ns          284033 1c008d72 001d8d93 addi             x27, x27, 1         x27=00000026 x27:00000025
17145179ns          284034 1c008d74 00044503 lbu              x10, 0(x8)          x10=00000064  x8:1c000067  PA:1c000067
17145498ns          284050 1c008d78 00140413 addi             x8, x8, 1            x8=1c000068  x8:1c000067
17145517ns          284051 1c008d7a fe0514e3 bne              x10, x0, -24        x10:00000064
17145597ns          284055 1c008d62 02500793 addi             x15, x0, 37         x15=00000025
17145617ns          284056 1c008d66 04f50863 beq              x10, x15, 80        x10:00000064 x15:00000025
17145637ns          284057 1c008d6a 01a005b3 add              x11, x0, x26        x11=00000002 x26:00000002
17145657ns          284058 1c008d6c 000b00e7 jalr             x1, x22, 0           x1=1c008d6e x22:1c008c78
17145696ns          284060 1c008c78 000026b7 lui              x13, 0x2000         x13=00002000
17145716ns          284061 1c008c7a f14027f3 csrrs            x15, x0, 0xf14      x15=00000001
17145736ns          284062 1c008c7e f8068693 addi             x13, x13, -128      x13=00001f80 x13:00002000
17145756ns          284063 1c008c82 00379713 slli             x14, x15, 0x3       x14=00000008 x15:00000001
17145776ns          284064 1c008c86 00279793 slli             x15, x15, 0x2       x15=00000004 x15:00000001
17145796ns          284065 1c008c88 00d7f7b3 and              x15, x15, x13       x15=00000000 x15:00000004 x13:00001f80
17145816ns          284066 1c008c8a ee873733 p.bclr           x14, x14, 23, 8     x14=00000008 x14:00000008
17145836ns          284067 1c008c8e 1a10f6b7 lui              x13, 0x1a10f000     x13=1a10f000
17145856ns          284068 1c008c92 0ff57513 andi             x10, x10, 255       x10=00000064 x10:00000064
17145876ns          284069 1c008c96 00d70733 add              x14, x14, x13       x14=1a10f008 x14:00000008 x13:1a10f000
17145895ns          284070 1c008c98 00a7e723 p.sw             x10, x0(x15)        x10:00000064 x15:00000000  PA:1a10f008
17146214ns          284086 1c008c9c 00000513 addi             x10, x0, 0          x10=00000000
17146234ns          284087 1c008c9e 00008067 jalr             x0, x1, 0            x1:1c008d6e
17146293ns          284090 1c008d6e 31f52563 p.beqimm         x10, 778            x10:00000000
17146313ns          284091 1c008d72 001d8d93 addi             x27, x27, 1         x27=00000027 x27:00000026
17146333ns          284092 1c008d74 00044503 lbu              x10, 0(x8)          x10=00000020  x8:1c000068  PA:1c000068
17146631ns          284107 1c008d78 00140413 addi             x8, x8, 1            x8=1c000069  x8:1c000068
17146651ns          284108 1c008d7a fe0514e3 bne              x10, x0, -24        x10:00000020
17146731ns          284112 1c008d62 02500793 addi             x15, x0, 37         x15=00000025
17146751ns          284113 1c008d66 04f50863 beq              x10, x15, 80        x10:00000020 x15:00000025
17146771ns          284114 1c008d6a 01a005b3 add              x11, x0, x26        x11=00000002 x26:00000002
17146790ns          284115 1c008d6c 000b00e7 jalr             x1, x22, 0           x1=1c008d6e x22:1c008c78
17146830ns          284117 1c008c78 000026b7 lui              x13, 0x2000         x13=00002000
17146850ns          284118 1c008c7a f14027f3 csrrs            x15, x0, 0xf14      x15=00000001
17146870ns          284119 1c008c7e f8068693 addi             x13, x13, -128      x13=00001f80 x13:00002000
17146890ns          284120 1c008c82 00379713 slli             x14, x15, 0x3       x14=00000008 x15:00000001
17146910ns          284121 1c008c86 00279793 slli             x15, x15, 0x2       x15=00000004 x15:00000001
17146930ns          284122 1c008c88 00d7f7b3 and              x15, x15, x13       x15=00000000 x15:00000004 x13:00001f80
17146950ns          284123 1c008c8a ee873733 p.bclr           x14, x14, 23, 8     x14=00000008 x14:00000008
17146969ns          284124 1c008c8e 1a10f6b7 lui              x13, 0x1a10f000     x13=1a10f000
17146989ns          284125 1c008c92 0ff57513 andi             x10, x10, 255       x10=00000020 x10:00000020
17147009ns          284126 1c008c96 00d70733 add              x14, x14, x13       x14=1a10f008 x14:00000008 x13:1a10f000
17147029ns          284127 1c008c98 00a7e723 p.sw             x10, x0(x15)        x10:00000020 x15:00000000  PA:1a10f008
17147367ns          284144 1c008c9c 00000513 addi             x10, x0, 0          x10=00000000
17147387ns          284145 1c008c9e 00008067 jalr             x0, x1, 0            x1:1c008d6e
17147447ns          284148 1c008d6e 31f52563 p.beqimm         x10, 778            x10:00000000
17147467ns          284149 1c008d72 001d8d93 addi             x27, x27, 1         x27=00000028 x27:00000027
17147487ns          284150 1c008d74 00044503 lbu              x10, 0(x8)          x10=0000003d  x8:1c000069  PA:1c000069
17147785ns          284165 1c008d78 00140413 addi             x8, x8, 1            x8=1c00006a  x8:1c000069
17147805ns          284166 1c008d7a fe0514e3 bne              x10, x0, -24        x10:0000003d
17147884ns          284170 1c008d62 02500793 addi             x15, x0, 37         x15=00000025
17147904ns          284171 1c008d66 04f50863 beq              x10, x15, 80        x10:0000003d x15:00000025
17147924ns          284172 1c008d6a 01a005b3 add              x11, x0, x26        x11=00000002 x26:00000002
17147944ns          284173 1c008d6c 000b00e7 jalr             x1, x22, 0           x1=1c008d6e x22:1c008c78
17147984ns          284175 1c008c78 000026b7 lui              x13, 0x2000         x13=00002000
17148004ns          284176 1c008c7a f14027f3 csrrs            x15, x0, 0xf14      x15=00000001
17148024ns          284177 1c008c7e f8068693 addi             x13, x13, -128      x13=00001f80 x13:00002000
17148044ns          284178 1c008c82 00379713 slli             x14, x15, 0x3       x14=00000008 x15:00000001
17148063ns          284179 1c008c86 00279793 slli             x15, x15, 0x2       x15=00000004 x15:00000001
17148083ns          284180 1c008c88 00d7f7b3 and              x15, x15, x13       x15=00000000 x15:00000004 x13:00001f80
17148103ns          284181 1c008c8a ee873733 p.bclr           x14, x14, 23, 8     x14=00000008 x14:00000008
17148123ns          284182 1c008c8e 1a10f6b7 lui              x13, 0x1a10f000     x13=1a10f000
17148143ns          284183 1c008c92 0ff57513 andi             x10, x10, 255       x10=0000003d x10:0000003d
17148163ns          284184 1c008c96 00d70733 add              x14, x14, x13       x14=1a10f008 x14:00000008 x13:1a10f000
17148183ns          284185 1c008c98 00a7e723 p.sw             x10, x0(x15)        x10:0000003d x15:00000000  PA:1a10f008
17148501ns          284201 1c008c9c 00000513 addi             x10, x0, 0          x10=00000000
17148521ns          284202 1c008c9e 00008067 jalr             x0, x1, 0            x1:1c008d6e
17148581ns          284205 1c008d6e 31f52563 p.beqimm         x10, 778            x10:00000000
17148601ns          284206 1c008d72 001d8d93 addi             x27, x27, 1         x27=00000029 x27:00000028
17148620ns          284207 1c008d74 00044503 lbu              x10, 0(x8)          x10=00000020  x8:1c00006a  PA:1c00006a
17148919ns          284222 1c008d78 00140413 addi             x8, x8, 1            x8=1c00006b  x8:1c00006a
17148939ns          284223 1c008d7a fe0514e3 bne              x10, x0, -24        x10:00000020
17149018ns          284227 1c008d62 02500793 addi             x15, x0, 37         x15=00000025
17149038ns          284228 1c008d66 04f50863 beq              x10, x15, 80        x10:00000020 x15:00000025
17149058ns          284229 1c008d6a 01a005b3 add              x11, x0, x26        x11=00000002 x26:00000002
17149078ns          284230 1c008d6c 000b00e7 jalr             x1, x22, 0           x1=1c008d6e x22:1c008c78
17149118ns          284232 1c008c78 000026b7 lui              x13, 0x2000         x13=00002000
17149138ns          284233 1c008c7a f14027f3 csrrs            x15, x0, 0xf14      x15=00000001
17149157ns          284234 1c008c7e f8068693 addi             x13, x13, -128      x13=00001f80 x13:00002000
17149177ns          284235 1c008c82 00379713 slli             x14, x15, 0x3       x14=00000008 x15:00000001
17149197ns          284236 1c008c86 00279793 slli             x15, x15, 0x2       x15=00000004 x15:00000001
17149217ns          284237 1c008c88 00d7f7b3 and              x15, x15, x13       x15=00000000 x15:00000004 x13:00001f80
17149237ns          284238 1c008c8a ee873733 p.bclr           x14, x14, 23, 8     x14=00000008 x14:00000008
17149257ns          284239 1c008c8e 1a10f6b7 lui              x13, 0x1a10f000     x13=1a10f000
17149277ns          284240 1c008c92 0ff57513 andi             x10, x10, 255       x10=00000020 x10:00000020
17149297ns          284241 1c008c96 00d70733 add              x14, x14, x13       x14=1a10f008 x14:00000008 x13:1a10f000
17149317ns          284242 1c008c98 00a7e723 p.sw             x10, x0(x15)        x10:00000020 x15:00000000  PA:1a10f008
17149635ns          284258 1c008c9c 00000513 addi             x10, x0, 0          x10=00000000
17149655ns          284259 1c008c9e 00008067 jalr             x0, x1, 0            x1:1c008d6e
17149714ns          284262 1c008d6e 31f52563 p.beqimm         x10, 778            x10:00000000
17149734ns          284263 1c008d72 001d8d93 addi             x27, x27, 1         x27=0000002a x27:00000029
17149754ns          284264 1c008d74 00044503 lbu              x10, 0(x8)          x10=00000025  x8:1c00006b  PA:1c00006b
17150072ns          284280 1c008d78 00140413 addi             x8, x8, 1            x8=1c00006c  x8:1c00006b
17150092ns          284281 1c008d7a fe0514e3 bne              x10, x0, -24        x10:00000025
17150172ns          284285 1c008d62 02500793 addi             x15, x0, 37         x15=00000025
17150192ns          284286 1c008d66 04f50863 beq              x10, x15, 80        x10:00000025 x15:00000025
17150271ns          284290 1c008db6 00044483 lbu              x9, 0(x8)            x9=00000064  x8:1c00006c  PA:1c00006c
17150570ns          284305 1c008dba 02000693 addi             x13, x0, 32         x13=00000020
17150590ns          284306 1c008dbe 00140a93 addi             x21, x8, 1          x21=1c00006d  x8:1c00006c
17150610ns          284307 1c008dc2 009005b3 add              x11, x0, x9         x11=00000064  x9:00000064
17150629ns          284308 1c008dc4 0fcb8513 addi             x10, x23, 252       x10=1c0000fc x23:1c000000
17150649ns          284309 1c008dc8 00d12823 sw               x13, 16(x2)         x13:00000020  x2:10000cd8  PA:10000ce8
17150669ns          284310 1c008dca 00012c23 sw               x0, 24(x2)           x2:10000cd8  PA:10000cf0
17150689ns          284311 1c008dcc 00012a23 sw               x0, 20(x2)           x2:10000cd8  PA:10000cec
17150709ns          284312 1c008dce 00012e23 sw               x0, 28(x2)           x2:10000cd8  PA:10000cf4
17150729ns          284313 1c008dd0 00012623 sw               x0, 12(x2)           x2:10000cd8  PA:10000ce4
17150749ns          284314 1c008dd2 02300913 addi             x18, x0, 35         x18=00000023
17150769ns          284315 1c008dd6 02d00a13 addi             x20, x0, 45         x20=0000002d
17150789ns          284316 1c008dda 015009b3 add              x19, x0, x21        x19=1c00006d x21:1c00006d
17150808ns          284317 1c008ddc e1dff0ef jal              x1, -484             x1=1c008dde
17150928ns          284323 1c008bf8 00054783 lbu              x15, 0(x10)         x15=0000002d x10:1c0000fc  PA:1c0000fc
17151246ns          284339 1c008bfc 0ff5f593 andi             x11, x11, 255       x11=00000064 x11:00000064
17151266ns          284340 1c008c00 00b78c63 beq              x15, x11, 24        x15:0000002d x11:00000064
17151286ns          284341 1c008c04 00078b63 beq              x15, x0, 22         x15:0000002d
17151306ns          284342 1c008c06 00150793 addi             x15, x10, 1         x15=1c0000fd x10:1c0000fc
17151326ns          284343 1c008c0a 0040006f jal              x0, 4              
17151365ns          284345 1c008c0e 00f00533 add              x10, x0, x15        x10=1c0000fd x15:1c0000fd
17151385ns          284346 1c008c10 0017c70b p.lbu            x14, 1(x15!)        x14=0000002b x15=1c0000fe x15:1c0000fd  PA:1c0000fd
17151703ns          284362 1c008c14 feb71ce3 bne              x14, x11, -8        x14:0000002b x11:00000064
17151763ns          284365 1c008c0c 00070763 beq              x14, x0, 14         x14:0000002b
17151783ns          284366 1c008c0e 00f00533 add              x10, x0, x15        x10=1c0000fe x15:1c0000fe
17151803ns          284367 1c008c10 0017c70b p.lbu            x14, 1(x15!)        x14=00000020 x15=1c0000ff x15:1c0000fe  PA:1c0000fe
17152121ns          284383 1c008c14 feb71ce3 bne              x14, x11, -8        x14:00000020 x11:00000064
17152181ns          284386 1c008c0c 00070763 beq              x14, x0, 14         x14:00000020
17152201ns          284387 1c008c0e 00f00533 add              x10, x0, x15        x10=1c0000ff x15:1c0000ff
17152221ns          284388 1c008c10 0017c70b p.lbu            x14, 1(x15!)        x14=00000023 x15=1c000100 x15:1c0000ff  PA:1c0000ff
17152539ns          284404 1c008c14 feb71ce3 bne              x14, x11, -8        x14:00000023 x11:00000064
17152599ns          284407 1c008c0c 00070763 beq              x14, x0, 14         x14:00000023
17152618ns          284408 1c008c0e 00f00533 add              x10, x0, x15        x10=1c000100 x15:1c000100
17152638ns          284409 1c008c10 0017c70b p.lbu            x14, 1(x15!)        x14=00000030 x15=1c000101 x15:1c000100  PA:1c000100
17152957ns          284425 1c008c14 feb71ce3 bne              x14, x11, -8        x14:00000030 x11:00000064
17153016ns          284428 1c008c0c 00070763 beq              x14, x0, 14         x14:00000030
17153036ns          284429 1c008c0e 00f00533 add              x10, x0, x15        x10=1c000101 x15:1c000101
17153056ns          284430 1c008c10 0017c70b p.lbu            x14, 1(x15!)        x14=00000000 x15=1c000102 x15:1c000101  PA:1c000101
17153374ns          284446 1c008c14 feb71ce3 bne              x14, x11, -8        x14:00000000 x11:00000064
17153434ns          284449 1c008c0c 00070763 beq              x14, x0, 14         x14:00000000
17153514ns          284453 1c008c1a 0015b593 sltiu            x11, x11, 1         x11=00000000 x11:00000064
17153533ns          284454 1c008c1e 40b005b3 sub              x11, x0, x11        x11=00000000 x11:00000000
17153553ns          284455 1c008c22 00b57533 and              x10, x10, x11       x10=00000000 x10:1c000101 x11:00000000
17153573ns          284456 1c008c24 00008067 jalr             x0, x1, 0            x1:1c008dde
17153613ns          284458 1c008dde 02050a63 beq              x10, x0, 52         x10:00000000
17153752ns          284465 1c008e12 02a00613 addi             x12, x0, 42         x12=0000002a
17153772ns          284466 1c008e16 2ac48663 beq              x9, x12, 684         x9:00000064 x12:0000002a
17153792ns          284467 1c008e1a fd048613 addi             x12, x9, -48        x12=00000034  x9:00000064
17153812ns          284468 1c008e1e 00900593 addi             x11, x0, 9          x11=00000009
17153852ns          284470 1c008e20 00000913 addi             x18, x0, 0          x18=00000000
17153891ns          284472 1c008e22 28c5f063 bgeu             x11, x12, 640       x11:00000009 x12:00000034
17153911ns          284473 1c008e26 02e00693 addi             x13, x0, 46         x13=0000002e
17153931ns          284474 1c008e2a fff00a13 addi             x20, x0, -1         x20=ffffffff
17153951ns          284475 1c008e2c 2ed48363 beq              x9, x13, 742         x9:00000064 x13:0000002e
17153991ns          284477 1c008e30 1c0007b7 lui              x15, 0x1c000000     x15=1c000000
17154031ns          284479 1c008e34 009005b3 add              x11, x0, x9         x11=00000064  x9:00000064
17154051ns          284480 1c008e36 10478513 addi             x10, x15, 260       x10=1c000104 x15:1c000000
17154070ns          284481 1c008e3a dbfff0ef jal              x1, -578             x1=1c008e3c
17154170ns          284486 1c008bf8 00054783 lbu              x15, 0(x10)         x15=00000068 x10:1c000104  PA:1c000104
17154468ns          284501 1c008bfc 0ff5f593 andi             x11, x11, 255       x11=00000064 x11:00000064
17154488ns          284502 1c008c00 00b78c63 beq              x15, x11, 24        x15:00000068 x11:00000064
17154508ns          284503 1c008c04 00078b63 beq              x15, x0, 22         x15:00000068
17154528ns          284504 1c008c06 00150793 addi             x15, x10, 1         x15=1c000105 x10:1c000104
17154548ns          284505 1c008c0a 0040006f jal              x0, 4              
17154588ns          284507 1c008c0e 00f00533 add              x10, x0, x15        x10=1c000105 x15:1c000105
17154608ns          284508 1c008c10 0017c70b p.lbu            x14, 1(x15!)        x14=0000006c x15=1c000106 x15:1c000105  PA:1c000105
17154926ns          284524 1c008c14 feb71ce3 bne              x14, x11, -8        x14:0000006c x11:00000064
17154985ns          284527 1c008c0c 00070763 beq              x14, x0, 14         x14:0000006c
17155005ns          284528 1c008c0e 00f00533 add              x10, x0, x15        x10=1c000106 x15:1c000106
17155025ns          284529 1c008c10 0017c70b p.lbu            x14, 1(x15!)        x14=0000004c x15=1c000107 x15:1c000106  PA:1c000106
17155363ns          284546 1c008c14 feb71ce3 bne              x14, x11, -8        x14:0000004c x11:00000064
17155423ns          284549 1c008c0c 00070763 beq              x14, x0, 14         x14:0000004c
17155443ns          284550 1c008c0e 00f00533 add              x10, x0, x15        x10=1c000107 x15:1c000107
17155463ns          284551 1c008c10 0017c70b p.lbu            x14, 1(x15!)        x14=0000007a x15=1c000108 x15:1c000107  PA:1c000107
17155781ns          284567 1c008c14 feb71ce3 bne              x14, x11, -8        x14:0000007a x11:00000064
17155841ns          284570 1c008c0c 00070763 beq              x14, x0, 14         x14:0000007a
17155861ns          284571 1c008c0e 00f00533 add              x10, x0, x15        x10=1c000108 x15:1c000108
17155881ns          284572 1c008c10 0017c70b p.lbu            x14, 1(x15!)        x14=00000000 x15=1c000109 x15:1c000108  PA:1c000108
17156199ns          284588 1c008c14 feb71ce3 bne              x14, x11, -8        x14:00000000 x11:00000064
17156258ns          284591 1c008c0c 00070763 beq              x14, x0, 14         x14:00000000
17156338ns          284595 1c008c1a 0015b593 sltiu            x11, x11, 1         x11=00000000 x11:00000064
17156358ns          284596 1c008c1e 40b005b3 sub              x11, x0, x11        x11=00000000 x11:00000000
17156378ns          284597 1c008c22 00b57533 and              x10, x10, x11       x10=00000000 x10:1c000108 x11:00000000
17156398ns          284598 1c008c24 00008067 jalr             x0, x1, 0            x1:1c008e3c
17156437ns          284600 1c008e3c 01300433 add              x8, x0, x19          x8=1c00006d x19:1c00006d
17156457ns          284601 1c008e3e 00050563 beq              x10, x0, 10         x10:00000000
17156517ns          284604 1c008e48 06700693 addi             x13, x0, 103        x13=00000067
17156537ns          284605 1c008e4c 2896d963 bge              x13, x9, 658        x13:00000067  x9:00000064
17156756ns          284616 1c0090de 06500693 addi             x13, x0, 101        x13=00000065
17156796ns          284618 1c0090e2 12d4d563 bge              x9, x13, 298         x9:00000064 x13:00000065
17156815ns          284619 1c0090e6 04700693 addi             x13, x0, 71         x13=00000047
17156835ns          284620 1c0090ea dc96cbe3 blt              x13, x9, -554       x13:00000047  x9:00000064
17156975ns          284627 1c008ec0 06300693 addi             x13, x0, 99         x13=00000063
17157014ns          284629 1c008ec4 0ad488e3 beq              x9, x13, 2224        x9:00000064 x13:00000063
17157034ns          284630 1c008ec8 0096c9e3 blt              x13, x9, 2066       x13:00000063  x9:00000064
17157233ns          284640 1c0096da 000c2583 lw               x11, 0(x24)         x11=00000001 x24:10000e30  PA:10000e30
17157253ns          284641 1c0096de 004c0c13 addi             x24, x24, 4         x24=10000e34 x24:10000e30
17157293ns          284643 1c0096e0 3405cc63 blt              x11, x0, 856        x11:00000001
17157333ns          284645 1c0096e4 01412603 lw               x12, 20(x2)         x12=00000000  x2:10000cd8  PA:10000cec
17157352ns          284646 1c0096e6 00b006b3 add              x13, x0, x11        x13=00000001 x11:00000001
17157372ns          284647 1c0096e8 2e061863 bne              x12, x0, 752        x12:00000000
17157392ns          284648 1c0096ec 01812703 lw               x14, 24(x2)         x14=00000000  x2:10000cd8  PA:10000cf0
17157412ns          284649 1c0096ee 019007b3 add              x15, x0, x25        x15=10000cfc x25:10000cfc
17157432ns          284650 1c0096f0 00070763 beq              x14, x0, 14         x14:00000000
17157492ns          284653 1c0096fe 00f00733 add              x14, x0, x15        x14=10000cfc x15:10000cfc
17157551ns          284656 1c009700 00a00513 addi             x10, x0, 10         x10=0000000a
17157591ns          284658 1c009702 02a6f633 remu             x12, x13, x10       x12=00000001 x13:00000001 x10:0000000a
17158208ns          284689 1c009706 02a6d6b3 divu             x13, x13, x10       x13=00000000 x13:00000001 x10:0000000a
17158824ns          284720 1c00970a 03060613 addi             x12, x12, 48        x12=00000031 x12:00000001
17158844ns          284721 1c00970e 00c700ab p.sb             x12, 1(x14!)        x14=10000cfd x12:00000031 x14:10000cfc  PA:10000cfc
17158864ns          284722 1c009712 fe0698e3 bne              x13, x0, -16        x13:00000000
17158884ns          284723 1c009714 40f706b3 sub              x13, x14, x15       x13=00000001 x14:10000cfd x15:10000cfc
17158904ns          284724 1c009718 0146dc63 bge              x13, x20, 24        x13:00000001 x20:ffffffff
17158964ns          284727 1c009730 00e006b3 add              x13, x0, x14        x13=10000cfd x14:10000cfd
17158984ns          284728 1c009732 fe068fab p.sb             x0, -1(x13!)        x13=10000cfc x13:10000cfd  PA:10000cfd
17159003ns          284729 1c009736 00d7fc63 bgeu             x15, x13, 24        x15:10000cfc x13:10000cfc
17159123ns          284735 1c00974e 01412783 lw               x15, 20(x2)         x15=00000000  x2:10000cd8  PA:10000cec
17159182ns          284738 1c009750 01812603 lw               x12, 24(x2)         x12=00000000  x2:10000cd8  PA:10000cf0
17159222ns          284740 1c009752 419704b3 sub              x9, x14, x25         x9=00000001 x14:10000cfd x25:10000cfc
17159242ns          284741 1c009756 00c7e7b3 or               x15, x15, x12       x15=00000000 x15:00000000 x12:00000000
17159262ns          284742 1c009758 00f12623 sw               x15, 12(x2)         x15:00000000  x2:10000cd8  PA:10000ce4
17159282ns          284743 1c00975a 00079363 bne              x15, x0, 6          x15:00000000
17159302ns          284744 1c00975c 01f5d593 srli             x11, x11, 0x1f      x11=00000000 x11:00000001
17159322ns          284745 1c00975e 00b12623 sw               x11, 12(x2)         x11:00000000  x2:10000cd8  PA:10000ce4
17159342ns          284746 1c009760 e3fa28e3 p.beqimm         x20, -464           x20:ffffffff
17159441ns          284751 1c009590 0c800793 addi             x15, x0, 200        x15=000000c8
17159481ns          284753 1c009594 9e97d0e3 bge              x15, x9, -1568      x15:000000c8  x9:00000001
17159540ns          284756 1c008f74 0f24d163 bge              x9, x18, 226         x9:00000001 x18:00000000
17159620ns          284760 1c009056 d00482e3 beq              x9, x0, -764         x9:00000001
17159640ns          284761 1c00905a 01900933 add              x18, x0, x25        x18=10000cfc x25:10000cfc
17159660ns          284762 1c00905c 419d8db3 sub              x27, x27, x25       x27=effff32e x27:0000002a x25:10000cfc
17159680ns          284763 1c009060 00a0006f jal              x0, 10             
17159739ns          284766 1c00906a 0019450b p.lbu            x10, 1(x18!)        x10=00000031 x18=10000cfd x18:10000cfc  PA:10000cfc
17159759ns          284767 1c00906e 01a005b3 add              x11, x0, x26        x11=00000002 x26:00000002
17159799ns          284769 1c009070 000b00e7 jalr             x1, x22, 0           x1=1c009072 x22:1c008c78
17159898ns          284774 1c008c78 000026b7 lui              x13, 0x2000         x13=00002000
17159938ns          284776 1c008c7a f14027f3 csrrs            x15, x0, 0xf14      x15=00000001
17159958ns          284777 1c008c7e f8068693 addi             x13, x13, -128      x13=00001f80 x13:00002000
17159978ns          284778 1c008c82 00379713 slli             x14, x15, 0x3       x14=00000008 x15:00000001
17159998ns          284779 1c008c86 00279793 slli             x15, x15, 0x2       x15=00000004 x15:00000001
17160018ns          284780 1c008c88 00d7f7b3 and              x15, x15, x13       x15=00000000 x15:00000004 x13:00001f80
17160038ns          284781 1c008c8a ee873733 p.bclr           x14, x14, 23, 8     x14=00000008 x14:00000008
17160078ns          284783 1c008c8e 1a10f6b7 lui              x13, 0x1a10f000     x13=1a10f000
17160117ns          284785 1c008c92 0ff57513 andi             x10, x10, 255       x10=00000031 x10:00000031
17160137ns          284786 1c008c96 00d70733 add              x14, x14, x13       x14=1a10f008 x14:00000008 x13:1a10f000
17160157ns          284787 1c008c98 00a7e723 p.sw             x10, x0(x15)        x10:00000031 x15:00000000  PA:1a10f008
17160475ns          284803 1c008c9c 00000513 addi             x10, x0, 0          x10=00000000
17160495ns          284804 1c008c9e 00008067 jalr             x0, x1, 0            x1:1c009072
17160535ns          284806 1c009072 fff48493 addi             x9, x9, -1           x9=00000000  x9:00000001
17160555ns          284807 1c009074 fff537e3 p.bneimm         x10, -18            x10:00000000
17160634ns          284811 1c009062 012d8733 add              x14, x27, x18       x14=0000002b x27:effff32e x18:10000cfd
17160654ns          284812 1c009066 5a048b63 beq              x9, x0, 1462         x9:00000000
17160754ns          284817 1c00961c 00e00db3 add              x27, x0, x14        x27=0000002b x14:0000002b
17160833ns          284821 1c00961e f3cff06f jal              x0, -2244          
17160953ns          284827 1c008d5a 00044503 lbu              x10, 0(x8)          x10=00000029  x8:1c00006d  PA:1c00006d
17161251ns          284842 1c008d5e 00140413 addi             x8, x8, 1            x8=1c00006e  x8:1c00006d
17161271ns          284843 1c008d60 00050e63 beq              x10, x0, 28         x10:00000029
17161291ns          284844 1c008d62 02500793 addi             x15, x0, 37         x15=00000025
17161311ns          284845 1c008d66 04f50863 beq              x10, x15, 80        x10:00000029 x15:00000025
17161331ns          284846 1c008d6a 01a005b3 add              x11, x0, x26        x11=00000002 x26:00000002
17161351ns          284847 1c008d6c 000b00e7 jalr             x1, x22, 0           x1=1c008d6e x22:1c008c78
17161430ns          284851 1c008c78 000026b7 lui              x13, 0x2000         x13=00002000
17161450ns          284852 1c008c7a f14027f3 csrrs            x15, x0, 0xf14      x15=00000001
17161470ns          284853 1c008c7e f8068693 addi             x13, x13, -128      x13=00001f80 x13:00002000
17161490ns          284854 1c008c82 00379713 slli             x14, x15, 0x3       x14=00000008 x15:00000001
17161510ns          284855 1c008c86 00279793 slli             x15, x15, 0x2       x15=00000004 x15:00000001
17161530ns          284856 1c008c88 00d7f7b3 and              x15, x15, x13       x15=00000000 x15:00000004 x13:00001f80
17161549ns          284857 1c008c8a ee873733 p.bclr           x14, x14, 23, 8     x14=00000008 x14:00000008
17161569ns          284858 1c008c8e 1a10f6b7 lui              x13, 0x1a10f000     x13=1a10f000
17161589ns          284859 1c008c92 0ff57513 andi             x10, x10, 255       x10=00000029 x10:00000029
17161609ns          284860 1c008c96 00d70733 add              x14, x14, x13       x14=1a10f008 x14:00000008 x13:1a10f000
17161629ns          284861 1c008c98 00a7e723 p.sw             x10, x0(x15)        x10:00000029 x15:00000000  PA:1a10f008
17161967ns          284878 1c008c9c 00000513 addi             x10, x0, 0          x10=00000000
17161987ns          284879 1c008c9e 00008067 jalr             x0, x1, 0            x1:1c008d6e
17162047ns          284882 1c008d6e 31f52563 p.beqimm         x10, 778            x10:00000000
17162067ns          284883 1c008d72 001d8d93 addi             x27, x27, 1         x27=0000002c x27:0000002b
17162086ns          284884 1c008d74 00044503 lbu              x10, 0(x8)          x10=0000000a  x8:1c00006e  PA:1c00006e
17162385ns          284899 1c008d78 00140413 addi             x8, x8, 1            x8=1c00006f  x8:1c00006e
17162405ns          284900 1c008d7a fe0514e3 bne              x10, x0, -24        x10:0000000a
17162484ns          284904 1c008d62 02500793 addi             x15, x0, 37         x15=00000025
17162504ns          284905 1c008d66 04f50863 beq              x10, x15, 80        x10:0000000a x15:00000025
17162524ns          284906 1c008d6a 01a005b3 add              x11, x0, x26        x11=00000002 x26:00000002
17162544ns          284907 1c008d6c 000b00e7 jalr             x1, x22, 0           x1=1c008d6e x22:1c008c78
17162584ns          284909 1c008c78 000026b7 lui              x13, 0x2000         x13=00002000
17162604ns          284910 1c008c7a f14027f3 csrrs            x15, x0, 0xf14      x15=00000001
17162624ns          284911 1c008c7e f8068693 addi             x13, x13, -128      x13=00001f80 x13:00002000
17162643ns          284912 1c008c82 00379713 slli             x14, x15, 0x3       x14=00000008 x15:00000001
17162663ns          284913 1c008c86 00279793 slli             x15, x15, 0x2       x15=00000004 x15:00000001
17162683ns          284914 1c008c88 00d7f7b3 and              x15, x15, x13       x15=00000000 x15:00000004 x13:00001f80
17162703ns          284915 1c008c8a ee873733 p.bclr           x14, x14, 23, 8     x14=00000008 x14:00000008
17162723ns          284916 1c008c8e 1a10f6b7 lui              x13, 0x1a10f000     x13=1a10f000
17162743ns          284917 1c008c92 0ff57513 andi             x10, x10, 255       x10=0000000a x10:0000000a
17162763ns          284918 1c008c96 00d70733 add              x14, x14, x13       x14=1a10f008 x14:00000008 x13:1a10f000
17162783ns          284919 1c008c98 00a7e723 p.sw             x10, x0(x15)        x10:0000000a x15:00000000  PA:1a10f008
17163101ns          284935 1c008c9c 00000513 addi             x10, x0, 0          x10=00000000
17163121ns          284936 1c008c9e 00008067 jalr             x0, x1, 0            x1:1c008d6e
17163180ns          284939 1c008d6e 31f52563 p.beqimm         x10, 778            x10:00000000
17163200ns          284940 1c008d72 001d8d93 addi             x27, x27, 1         x27=0000002d x27:0000002c
17163220ns          284941 1c008d74 00044503 lbu              x10, 0(x8)          x10=00000000  x8:1c00006f  PA:1c00006f
17163519ns          284956 1c008d78 00140413 addi             x8, x8, 1            x8=1c000070  x8:1c00006f
17163538ns          284957 1c008d7a fe0514e3 bne              x10, x0, -24        x10:00000000
17163558ns          284958 1c008d7c 01b00433 add              x8, x0, x27          x8=0000002d x27:0000002d
17163578ns          284959 1c008d7e 00800533 add              x10, x0, x8         x10=0000002d  x8:0000002d
17163598ns          284960 1c008d80 12c12083 lw               x1, 300(x2)          x1=1c008d0c  x2:10000cd8  PA:10000e04
17163618ns          284961 1c008d84 12812403 lw               x8, 296(x2)          x8=xxxxxxxx  x2:10000cd8  PA:10000e00
17163638ns          284962 1c008d88 12412483 lw               x9, 292(x2)          x9=00000001  x2:10000cd8  PA:10000dfc
17163658ns          284963 1c008d8c 12012903 lw               x18, 288(x2)        x18=xxxxxxxx  x2:10000cd8  PA:10000df8
17163916ns          284976 1c008d90 11c12983 lw               x19, 284(x2)        x19=xxxxxxxx  x2:10000cd8  PA:10000df4
17163956ns          284978 1c008d94 11812a03 lw               x20, 280(x2)        x20=xxxxxxxx  x2:10000cd8  PA:10000df0
17163976ns          284979 1c008d98 11412a83 lw               x21, 276(x2)        x21=xxxxxxxx  x2:10000cd8  PA:10000dec
17163996ns          284980 1c008d9c 11012b03 lw               x22, 272(x2)        x22=xxxxxxxx  x2:10000cd8  PA:10000de8
17164434ns          285002 1c008da0 10c12b83 lw               x23, 268(x2)        x23=xxxxxxxx  x2:10000cd8  PA:10000de4
17164473ns          285004 1c008da4 10812c03 lw               x24, 264(x2)        x24=xxxxxxxx  x2:10000cd8  PA:10000de0
17164493ns          285005 1c008da8 10412c83 lw               x25, 260(x2)        x25=xxxxxxxx  x2:10000cd8  PA:10000ddc
17164513ns          285006 1c008dac 10012d03 lw               x26, 256(x2)        x26=xxxxxxxx  x2:10000cd8  PA:10000dd8
17164573ns          285009 1c008db0 0fc12d83 lw               x27, 252(x2)        x27=xxxxxxxx  x2:10000cd8  PA:10000dd4
17164593ns          285010 1c008db2 13010113 addi             x2, x2, 304          x2=10000e08  x2:10000cd8
17164613ns          285011 1c008db4 00008067 jalr             x0, x1, 0            x1:1c008d0c
17164652ns          285013 1c008d0c 01c12083 lw               x1, 28(x2)           x1=1c00860c  x2:10000e08  PA:10000e24
17164672ns          285014 1c008d0e 04010113 addi             x2, x2, 64           x2=10000e48  x2:10000e08
17164712ns          285016 1c008d10 00008067 jalr             x0, x1, 0            x1:1c00860c
17164792ns          285020 1c00860c 00300793 addi             x15, x0, 3          x15=00000003
17164871ns          285024 1c00860e 0097f463 bgeu             x15, x9, 8          x15:00000003  x9:00000001
17164951ns          285028 1c008616 285010ef jal              x1, 6788             x1=1c00861a
17165448ns          285053 1c00a09a f14027f3 csrrs            x15, x0, 0xf14      x15=00000001
17165468ns          285054 1c00a09e 01f00713 addi             x14, x0, 31         x14=0000001f
17165886ns          285075 1c00a0a0 ca5797b3 p.extractu       x15, x15, 5, 5      x15=00000000 x15:00000001
17165925ns          285077 1c00a0a4 00e78863 beq              x15, x14, 16        x15:00000000 x14:0000001f
17165945ns          285078 1c00a0a8 002047b7 lui              x15, 0x204000       x15=00204000
17165965ns          285079 1c00a0ac 20078793 addi             x15, x15, 512       x15=00204200 x15:00204000
17166403ns          285101 1c00a0b0 01c7e703 p.elw            x14, 28(x15)        x14=00010000 x15:00204200  PA:0020421c
17166582ns          285110 1c00a0b4 00008067 jalr             x0, x1, 0            x1:1c00861a
17166980ns          285130 1c00861a f14027f3 csrrs            x15, x0, 0xf14      x15=00000001
17167437ns          285153 1c00861e f457b7b3 p.bclr           x15, x15, 26, 5     x15=00000001 x15:00000001
17167457ns          285154 1c008622 0a078163 beq              x15, x0, 162        x15:00000001
17167477ns          285155 1c008624 12c00713 addi             x14, x0, 300        x14=0000012c
17167497ns          285156 1c008628 02e48733 mul              x14, x9, x14        x14=0000012c  x9:00000001 x14:0000012c
17167517ns          285157 1c00862c 1c0107b7 lui              x15, 0x1c010000     x15=1c010000
17168014ns          285182 1c008630 00271713 slli             x14, x14, 0x2       x14=000004b0 x14:0000012c
17168054ns          285184 1c008632 04078793 addi             x15, x15, 64        x15=1c010040 x15:1c010000
17168074ns          285185 1c008636 00f70733 add              x14, x14, x15       x14=1c0104f0 x14:000004b0 x15:1c010040
17168093ns          285186 1c008638 01010413 addi             x8, x2, 16           x8=10000e58  x2:10000e48
17168113ns          285187 1c00863a 064750fb lp.setupi        0x1, 0x64, 0xe     
17168133ns          285188 1c00863e 00472783 lw               x15, 4(x14)         x15=4276cbc1 x14:1c0104f0  PA:1c0104f4
17168551ns          285209 1c008640 00072683 lw               x13, 0(x14)         x13=41869b26 x14:1c0104f0  PA:1c0104f0
17168909ns          285227 1c008642 10f7f653 fmul.s           f12, f15, f15       f12=xxxxxxxx f15:4276cbc1 f15:4276cbc1
17168929ns          285228 1c008646 00872783 lw               x15, 8(x14)         x15=428b826c x14:1c0104f0  PA:1c0104f8
17169227ns          285243 1c008648 00c70713 addi             x14, x14, 12        x14=1c0104fc x14:1c0104f0
17169247ns          285244 1c00864a 60d6f6c3 fmadd.s          f13, f13, f13, f12  f13=xxxxxxxx f13:41869b26 f13:41869b26 f12:456dec39
17169267ns          285245 1c00864e 68f7f7c3 fmadd.s          f15, f15, f15, f13  f15=xxxxxxxx f15:428b826c f15:428b826c f13:457f9deb
17169287ns          285246 1c008652 5807f7d3 fsqrt.s          f15, f15            f15=xxxxxxxx f15:460bee5e
17169565ns          285260 1c008656 00f4222b p.sw             x15, 4(x8!)          x8=10000e5c x15:42bd449a  x8:10000e58  PA:10000e58
17169585ns          285261 1c00863e 00472783 lw               x15, 4(x14)         x15=41a546af x14:1c0104fc  PA:1c010500
17169884ns          285276 1c008640 00072683 lw               x13, 0(x14)         x13=413015db x14:1c0104fc  PA:1c0104fc
17170182ns          285291 1c008642 10f7f653 fmul.s           f12, f15, f15       f12=xxxxxxxx f15:41a546af f15:41a546af
17170202ns          285292 1c008646 00872783 lw               x15, 8(x14)         x15=421ddd73 x14:1c0104fc  PA:1c010504
17170500ns          285307 1c008648 00c70713 addi             x14, x14, 12        x14=1c010508 x14:1c0104fc
17170520ns          285308 1c00864a 60d6f6c3 fmadd.s          f13, f13, f13, f12  f13=xxxxxxxx f13:413015db f13:413015db f12:43d56862
17170540ns          285309 1c00864e 68f7f7c3 fmadd.s          f15, f15, f15, f13  f15=xxxxxxxx f15:421ddd73 f15:421ddd73 f13:4408fbb5
17170560ns          285310 1c008652 5807f7d3 fsqrt.s          f15, f15            f15=xxxxxxxx f15:4503984c
17170838ns          285324 1c008656 00f4222b p.sw             x15, 4(x8!)          x8=10000e60 x15:42378b31  x8:10000e5c  PA:10000e5c
17170858ns          285325 1c00863e 00472783 lw               x15, 4(x14)         x15=428d5b84 x14:1c010508  PA:1c01050c
17171157ns          285340 1c008640 00072683 lw               x13, 0(x14)         x13=418e61f5 x14:1c010508  PA:1c010508
17171455ns          285355 1c008642 10f7f653 fmul.s           f12, f15, f15       f12=xxxxxxxx f15:428d5b84 f15:428d5b84
17171475ns          285356 1c008646 00872783 lw               x15, 8(x14)         x15=4241db75 x14:1c010508  PA:1c010510
17171773ns          285371 1c008648 00c70713 addi             x14, x14, 12        x14=1c010514 x14:1c010508
17171793ns          285372 1c00864a 60d6f6c3 fmadd.s          f13, f13, f13, f12  f13=xxxxxxxx f13:418e61f5 f13:418e61f5 f12:459c1be0
17171813ns          285373 1c00864e 68f7f7c3 fmadd.s          f15, f15, f15, f13  f15=xxxxxxxx f15:4241db75 f15:4241db75 f13:45a601fa
17171833ns          285374 1c008652 5807f7d3 fsqrt.s          f15, f15            f15=xxxxxxxx f15:45ef684b
17172111ns          285388 1c008656 00f4222b p.sw             x15, 4(x8!)          x8=10000e64 x15:42af0e00  x8:10000e60  PA:10000e60
17172131ns          285389 1c00863e 00472783 lw               x15, 4(x14)         x15=428a2e1f x14:1c010514  PA:1c010518
17172430ns          285404 1c008640 00072683 lw               x13, 0(x14)         x13=42adbb09 x14:1c010514  PA:1c010514
17172748ns          285420 1c008642 10f7f653 fmul.s           f12, f15, f15       f12=xxxxxxxx f15:428a2e1f f15:428a2e1f
17172768ns          285421 1c008646 00872783 lw               x15, 8(x14)         x15=42870750 x14:1c010514  PA:1c01051c
17173066ns          285436 1c008648 00c70713 addi             x14, x14, 12        x14=1c010520 x14:1c010514
17173086ns          285437 1c00864a 60d6f6c3 fmadd.s          f13, f13, f13, f12  f13=xxxxxxxx f13:42adbb09 f13:42adbb09 f12:45952b83
17173106ns          285438 1c00864e 68f7f7c3 fmadd.s          f15, f15, f15, f13  f15=xxxxxxxx f15:42870750 f15:42870750 f13:46407c14
17173126ns          285439 1c008652 5807f7d3 fsqrt.s          f15, f15            f15=xxxxxxxx f15:4683da65
17173404ns          285453 1c008656 00f4222b p.sw             x15, 4(x8!)          x8=10000e68 x15:4301e98a  x8:10000e64  PA:10000e64
17173424ns          285454 1c00863e 00472783 lw               x15, 4(x14)         x15=411fa33d x14:1c010520  PA:1c010524
17173723ns          285469 1c008640 00072683 lw               x13, 0(x14)         x13=4233bf76 x14:1c010520  PA:1c010520
17174041ns          285485 1c008642 10f7f653 fmul.s           f12, f15, f15       f12=xxxxxxxx f15:411fa33d f15:411fa33d
17174061ns          285486 1c008646 00872783 lw               x15, 8(x14)         x15=422c973f x14:1c010520  PA:1c010528
17174359ns          285501 1c008648 00c70713 addi             x14, x14, 12        x14=1c01052c x14:1c010520
17174379ns          285502 1c00864a 60d6f6c3 fmadd.s          f13, f13, f13, f12  f13=xxxxxxxx f13:4233bf76 f13:4233bf76 f12:42c7185c
17174399ns          285503 1c00864e 68f7f7c3 fmadd.s          f15, f15, f15, f13  f15=xxxxxxxx f15:422c973f f15:422c973f f13:45046e11
17174419ns          285504 1c008652 5807f7d3 fsqrt.s          f15, f15            f15=xxxxxxxx f15:4578c9a7
17174697ns          285518 1c008656 00f4222b p.sw             x15, 4(x8!)          x8=10000e6c x15:427c5e3b  x8:10000e68  PA:10000e68
17174717ns          285519 1c00863e 00472783 lw               x15, 4(x14)         x15=42b273b8 x14:1c01052c  PA:1c010530
17175015ns          285534 1c008640 00072683 lw               x13, 0(x14)         x13=420de072 x14:1c01052c  PA:1c01052c
17175334ns          285550 1c008642 10f7f653 fmul.s           f12, f15, f15       f12=xxxxxxxx f15:42b273b8 f15:42b273b8
17175354ns          285551 1c008646 00872783 lw               x15, 8(x14)         x15=41249d58 x14:1c01052c  PA:1c010534
17175652ns          285566 1c008648 00c70713 addi             x14, x14, 12        x14=1c010538 x14:1c01052c
17175672ns          285567 1c00864a 60d6f6c3 fmadd.s          f13, f13, f13, f12  f13=xxxxxxxx f13:420de072 f13:420de072 f12:45f8ca40
17175692ns          285568 1c00864e 68f7f7c3 fmadd.s          f15, f15, f15, f13  f15=xxxxxxxx f15:41249d58 f15:41249d58 f13:46100d61
17175712ns          285569 1c008652 5807f7d3 fsqrt.s          f15, f15            f15=xxxxxxxx f15:4611b4c9
17175990ns          285583 1c008656 00f4222b p.sw             x15, 4(x8!)          x8=10000e70 x15:42c12255  x8:10000e6c  PA:10000e6c
17176010ns          285584 1c00863e 00472783 lw               x15, 4(x14)         x15=426649b7 x14:1c010538  PA:1c01053c
17176308ns          285599 1c008640 00072683 lw               x13, 0(x14)         x13=4244cf74 x14:1c010538  PA:1c010538
17176627ns          285615 1c008642 10f7f653 fmul.s           f12, f15, f15       f12=xxxxxxxx f15:426649b7 f15:426649b7
17176646ns          285616 1c008646 00872783 lw               x15, 8(x14)         x15=3da6132b x14:1c010538  PA:1c010540
17176945ns          285631 1c008648 00c70713 addi             x14, x14, 12        x14=1c010544 x14:1c010538
17176965ns          285632 1c00864a 60d6f6c3 fmadd.s          f13, f13, f13, f12  f13=xxxxxxxx f13:4244cf74 f13:4244cf74 f12:454f288a
17176985ns          285633 1c00864e 68f7f7c3 fmadd.s          f15, f15, f15, f13  f15=xxxxxxxx f15:3da6132b f15:3da6132b f13:45b33b6e
17177005ns          285634 1c008652 5807f7d3 fsqrt.s          f15, f15            f15=xxxxxxxx f15:45b33b7b
17177283ns          285648 1c008656 00f4222b p.sw             x15, 4(x8!)          x8=10000e74 x15:4297771e  x8:10000e70  PA:10000e70
17177303ns          285649 1c00863e 00472783 lw               x15, 4(x14)         x15=428888f8 x14:1c010544  PA:1c010548
17177601ns          285664 1c008640 00072683 lw               x13, 0(x14)         x13=42c578c1 x14:1c010544  PA:1c010544
17177900ns          285679 1c008642 10f7f653 fmul.s           f12, f15, f15       f12=xxxxxxxx f15:428888f8 f15:428888f8
17177920ns          285680 1c008646 00872783 lw               x15, 8(x14)         x15=42835860 x14:1c010544  PA:1c01054c
17178218ns          285695 1c008648 00c70713 addi             x14, x14, 12        x14=1c010550 x14:1c010544
17178238ns          285696 1c00864a 60d6f6c3 fmadd.s          f13, f13, f13, f12  f13=xxxxxxxx f13:42c578c1 f13:42c578c1 f12:4591a3a2
17178258ns          285697 1c00864e 68f7f7c3 fmadd.s          f15, f15, f15, f13  f15=xxxxxxxx f15:42835860 f15:42835860 f13:466124e3
17178278ns          285698 1c008652 5807f7d3 fsqrt.s          f15, f15            f15=xxxxxxxx f15:4692443a
17178556ns          285712 1c008656 00f4222b p.sw             x15, 4(x8!)          x8=10000e78 x15:4308d42a  x8:10000e74  PA:10000e74
17178576ns          285713 1c00863e 00472783 lw               x15, 4(x14)         x15=40f2ce5d x14:1c010550  PA:1c010554
17178874ns          285728 1c008640 00072683 lw               x13, 0(x14)         x13=4213cc8c x14:1c010550  PA:1c010550
17179173ns          285743 1c008642 10f7f653 fmul.s           f12, f15, f15       f12=xxxxxxxx f15:40f2ce5d f15:40f2ce5d
17179193ns          285744 1c008646 00872783 lw               x15, 8(x14)         x15=41980b6d x14:1c010550  PA:1c010558
17179491ns          285759 1c008648 00c70713 addi             x14, x14, 12        x14=1c01055c x14:1c010550
17179511ns          285760 1c00864a 60d6f6c3 fmadd.s          f13, f13, f13, f12  f13=xxxxxxxx f13:4213cc8c f13:4213cc8c f12:42664ace
17179531ns          285761 1c00864e 68f7f7c3 fmadd.s          f15, f15, f15, f13  f15=xxxxxxxx f15:41980b6d f15:41980b6d f13:44b1db6f
17179551ns          285762 1c008652 5807f7d3 fsqrt.s          f15, f15            f15=xxxxxxxx f15:44df0238
17179829ns          285776 1c008656 00f4222b p.sw             x15, 4(x8!)          x8=10000e7c x15:4228f3f6  x8:10000e78  PA:10000e78
17179849ns          285777 1c00863e 00472783 lw               x15, 4(x14)         x15=42755c03 x14:1c01055c  PA:1c010560
17180147ns          285792 1c008640 00072683 lw               x13, 0(x14)         x13=42c36945 x14:1c01055c  PA:1c01055c
17180446ns          285807 1c008642 10f7f653 fmul.s           f12, f15, f15       f12=xxxxxxxx f15:42755c03 f15:42755c03
17180466ns          285808 1c008646 00872783 lw               x15, 8(x14)         x15=4207a114 x14:1c01055c  PA:1c010564
17180764ns          285823 1c008648 00c70713 addi             x14, x14, 12        x14=1c010568 x14:1c01055c
17180784ns          285824 1c00864a 60d6f6c3 fmadd.s          f13, f13, f13, f12  f13=xxxxxxxx f13:42c36945 f13:42c36945 f12:456b293f
17180804ns          285825 1c00864e 68f7f7c3 fmadd.s          f15, f15, f15, f13  f15=xxxxxxxx f15:4207a114 f15:4207a114 f13:464ff3da
17180824ns          285826 1c008652 5807f7d3 fsqrt.s          f15, f15            f15=xxxxxxxx f15:4661eaac
17181102ns          285840 1c008656 00f4222b p.sw             x15, 4(x8!)          x8=10000e80 x15:42f07d08  x8:10000e7c  PA:10000e7c
17181122ns          285841 1c00863e 00472783 lw               x15, 4(x14)         x15=4295e8d6 x14:1c010568  PA:1c01056c
17181420ns          285856 1c008640 00072683 lw               x13, 0(x14)         x13=4249177d x14:1c010568  PA:1c010568
17181719ns          285871 1c008642 10f7f653 fmul.s           f12, f15, f15       f12=xxxxxxxx f15:4295e8d6 f15:4295e8d6
17181739ns          285872 1c008646 00872783 lw               x15, 8(x14)         x15=42ade4d6 x14:1c010568  PA:1c010570
17182077ns          285889 1c008648 00c70713 addi             x14, x14, 12        x14=1c010574 x14:1c010568
17182097ns          285890 1c00864a 60d6f6c3 fmadd.s          f13, f13, f13, f12  f13=xxxxxxxx f13:4249177d f13:4249177d f12:45af91ba
17182116ns          285891 1c00864e 68f7f7c3 fmadd.s          f15, f15, f15, f13  f15=xxxxxxxx f15:42ade4d6 f15:42ade4d6 f13:45fe8cac
17182136ns          285892 1c008652 5807f7d3 fsqrt.s          f15, f15            f15=xxxxxxxx f15:4675656c
17182415ns          285906 1c008656 00f4222b p.sw             x15, 4(x8!)          x8=10000e84 x15:42faa45b  x8:10000e80  PA:10000e80
17182435ns          285907 1c00863e 00472783 lw               x15, 4(x14)         x15=42c458a4 x14:1c010574  PA:1c010578
17182733ns          285922 1c008640 00072683 lw               x13, 0(x14)         x13=41ff4452 x14:1c010574  PA:1c010574
17183031ns          285937 1c008642 10f7f653 fmul.s           f12, f15, f15       f12=xxxxxxxx f15:42c458a4 f15:42c458a4
17183051ns          285938 1c008646 00872783 lw               x15, 8(x14)         x15=4293d827 x14:1c010574  PA:1c01057c
17183389ns          285955 1c008648 00c70713 addi             x14, x14, 12        x14=1c010580 x14:1c010574
17183409ns          285956 1c00864a 60d6f6c3 fmadd.s          f13, f13, f13, f12  f13=xxxxxxxx f13:41ff4452 f13:41ff4452 f12:461697da
17183429ns          285957 1c00864e 68f7f7c3 fmadd.s          f15, f15, f15, f13  f15=xxxxxxxx f15:4293d827 f15:4293d827 f13:4626806d
17183449ns          285958 1c008652 5807f7d3 fsqrt.s          f15, f15            f15=xxxxxxxx f15:467be260
17183728ns          285972 1c008656 00f4222b p.sw             x15, 4(x8!)          x8=10000e88 x15:42fdef0e  x8:10000e84  PA:10000e84
17183747ns          285973 1c00863e 00472783 lw               x15, 4(x14)         x15=42b3f8cd x14:1c010580  PA:1c010584
17184046ns          285988 1c008640 00072683 lw               x13, 0(x14)         x13=41ef764a x14:1c010580  PA:1c010580
17184344ns          286003 1c008642 10f7f653 fmul.s           f12, f15, f15       f12=xxxxxxxx f15:42b3f8cd f15:42b3f8cd
17184364ns          286004 1c008646 00872783 lw               x15, 8(x14)         x15=428d3c59 x14:1c010580  PA:1c010588
17184702ns          286021 1c008648 00c70713 addi             x14, x14, 12        x14=1c01058c x14:1c010580
17184722ns          286022 1c00864a 60d6f6c3 fmadd.s          f13, f13, f13, f12  f13=xxxxxxxx f13:41ef764a f13:41ef764a f12:45fd0bc1
17184742ns          286023 1c00864e 68f7f7c3 fmadd.s          f15, f15, f15, f13  f15=xxxxxxxx f15:428d3c59 f15:428d3c59 f13:460c85c2
17184762ns          286024 1c008652 5807f7d3 fsqrt.s          f15, f15            f15=xxxxxxxx f15:465a714a
17185040ns          286038 1c008656 00f4222b p.sw             x15, 4(x8!)          x8=10000e8c x15:42ec7a11  x8:10000e88  PA:10000e88
17185060ns          286039 1c00863e 00472783 lw               x15, 4(x14)         x15=413d41d7 x14:1c01058c  PA:1c010590
17185359ns          286054 1c008640 00072683 lw               x13, 0(x14)         x13=414f1dd3 x14:1c01058c  PA:1c01058c
17185657ns          286069 1c008642 10f7f653 fmul.s           f12, f15, f15       f12=xxxxxxxx f15:413d41d7 f15:413d41d7
17185677ns          286070 1c008646 00872783 lw               x15, 8(x14)         x15=421940ab x14:1c01058c  PA:1c010594
17186015ns          286087 1c008648 00c70713 addi             x14, x14, 12        x14=1c010598 x14:1c01058c
17186035ns          286088 1c00864a 60d6f6c3 fmadd.s          f13, f13, f13, f12  f13=xxxxxxxx f13:414f1dd3 f13:414f1dd3 f12:430bea48
17186055ns          286089 1c00864e 68f7f7c3 fmadd.s          f15, f15, f15, f13  f15=xxxxxxxx f15:421940ab f15:421940ab f13:4399bdc3
17186075ns          286090 1c008652 5807f7d3 fsqrt.s          f15, f15            f15=xxxxxxxx f15:44ddec2a
17186353ns          286104 1c008656 00f4222b p.sw             x15, 4(x8!)          x8=10000e90 x15:42288a82  x8:10000e8c  PA:10000e8c
17186373ns          286105 1c00863e 00472783 lw               x15, 4(x14)         x15=42937cd5 x14:1c010598  PA:1c01059c
17186671ns          286120 1c008640 00072683 lw               x13, 0(x14)         x13=425ba606 x14:1c010598  PA:1c010598
17186970ns          286135 1c008642 10f7f653 fmul.s           f12, f15, f15       f12=xxxxxxxx f15:42937cd5 f15:42937cd5
17186990ns          286136 1c008646 00872783 lw               x15, 8(x14)         x15=4290ddac x14:1c010598  PA:1c0105a0
17187328ns          286153 1c008648 00c70713 addi             x14, x14, 12        x14=1c0105a4 x14:1c010598
17187348ns          286154 1c00864a 60d6f6c3 fmadd.s          f13, f13, f13, f12  f13=xxxxxxxx f13:425ba606 f13:425ba606 f12:45a9f133
17187368ns          286155 1c00864e 68f7f7c3 fmadd.s          f15, f15, f15, f13  f15=xxxxxxxx f15:4290ddac f15:4290ddac f13:460415f8
17187388ns          286156 1c008652 5807f7d3 fsqrt.s          f15, f15            f15=xxxxxxxx f15:46561019
17187666ns          286170 1c008656 00f4222b p.sw             x15, 4(x8!)          x8=10000e94 x15:42ea181e  x8:10000e90  PA:10000e90
17187686ns          286171 1c00863e 00472783 lw               x15, 4(x14)         x15=426af2ee x14:1c0105a4  PA:1c0105a8
17187984ns          286186 1c008640 00072683 lw               x13, 0(x14)         x13=41fad0b9 x14:1c0105a4  PA:1c0105a4
17188283ns          286201 1c008642 10f7f653 fmul.s           f12, f15, f15       f12=xxxxxxxx f15:426af2ee f15:426af2ee
17188302ns          286202 1c008646 00872783 lw               x15, 8(x14)         x15=42089dc4 x14:1c0105a4  PA:1c0105ac
17188641ns          286219 1c008648 00c70713 addi             x14, x14, 12        x14=1c0105b0 x14:1c0105a4
17188661ns          286220 1c00864a 60d6f6c3 fmadd.s          f13, f13, f13, f12  f13=xxxxxxxx f13:41fad0b9 f13:41fad0b9 f12:4557a102
17188680ns          286221 1c00864e 68f7f7c3 fmadd.s          f15, f15, f15, f13  f15=xxxxxxxx f15:42089dc4 f15:42089dc4 f13:458a880b
17188700ns          286222 1c008652 5807f7d3 fsqrt.s          f15, f15            f15=xxxxxxxx f15:45aefc0c
17188979ns          286236 1c008656 00f4222b p.sw             x15, 4(x8!)          x8=10000e98 x15:4295a8e2  x8:10000e94  PA:10000e94
17188999ns          286237 1c00863e 00472783 lw               x15, 4(x14)         x15=4257139d x14:1c0105b0  PA:1c0105b4
17189297ns          286252 1c008640 00072683 lw               x13, 0(x14)         x13=4291457a x14:1c0105b0  PA:1c0105b0
17189595ns          286267 1c008642 10f7f653 fmul.s           f12, f15, f15       f12=xxxxxxxx f15:4257139d f15:4257139d
17189615ns          286268 1c008646 00872783 lw               x15, 8(x14)         x15=4293698e x14:1c0105b0  PA:1c0105b8
17189953ns          286285 1c008648 00c70713 addi             x14, x14, 12        x14=1c0105bc x14:1c0105b0
17189973ns          286286 1c00864a 60d6f6c3 fmadd.s          f13, f13, f13, f12  f13=xxxxxxxx f13:4291457a f13:4291457a f12:4534b1f3
17189993ns          286287 1c00864e 68f7f7c3 fmadd.s          f15, f15, f15, f13  f15=xxxxxxxx f15:4293698e f15:4293698e f13:45ff3888
17190013ns          286288 1c008652 5807f7d3 fsqrt.s          f15, f15            f15=xxxxxxxx f15:46547ea9
17190292ns          286302 1c008656 00f4222b p.sw             x15, 4(x8!)          x8=10000e9c x15:42e93c36  x8:10000e98  PA:10000e98
17190311ns          286303 1c00863e 00472783 lw               x15, 4(x14)         x15=42b1f4be x14:1c0105bc  PA:1c0105c0
17190610ns          286318 1c008640 00072683 lw               x13, 0(x14)         x13=42bfec01 x14:1c0105bc  PA:1c0105bc
17190908ns          286333 1c008642 10f7f653 fmul.s           f12, f15, f15       f12=xxxxxxxx f15:42b1f4be f15:42b1f4be
17190928ns          286334 1c008646 00872783 lw               x15, 8(x14)         x15=42628c25 x14:1c0105bc  PA:1c0105c4
17191266ns          286351 1c008648 00c70713 addi             x14, x14, 12        x14=1c0105c8 x14:1c0105bc
17191286ns          286352 1c00864a 60d6f6c3 fmadd.s          f13, f13, f13, f12  f13=xxxxxxxx f13:42bfec01 f13:42bfec01 f12:45f768b1
17191306ns          286353 1c00864e 68f7f7c3 fmadd.s          f15, f15, f15, f13  f15=xxxxxxxx f15:42628c25 f15:42628c25 f13:4685cb2e
17191326ns          286354 1c008652 5807f7d3 fsqrt.s          f15, f15            f15=xxxxxxxx f15:469edaa6
17191604ns          286368 1c008656 00f4222b p.sw             x15, 4(x8!)          x8=10000ea0 x15:430e9850  x8:10000e9c  PA:10000e9c
17191624ns          286369 1c00863e 00472783 lw               x15, 4(x14)         x15=426dc19c x14:1c0105c8  PA:1c0105cc
17191923ns          286384 1c008640 00072683 lw               x13, 0(x14)         x13=422a06f1 x14:1c0105c8  PA:1c0105c8
17192221ns          286399 1c008642 10f7f653 fmul.s           f12, f15, f15       f12=xxxxxxxx f15:426dc19c f15:426dc19c
17192241ns          286400 1c008646 00872783 lw               x15, 8(x14)         x15=42882307 x14:1c0105c8  PA:1c0105d0
17192539ns          286415 1c008648 00c70713 addi             x14, x14, 12        x14=1c0105d4 x14:1c0105c8
17192559ns          286416 1c00864a 60d6f6c3 fmadd.s          f13, f13, f13, f12  f13=xxxxxxxx f13:422a06f1 f13:422a06f1 f12:455cd00d
17192579ns          286417 1c00864e 68f7f7c3 fmadd.s          f15, f15, f15, f13  f15=xxxxxxxx f15:42882307 f15:42882307 f13:45a6dea3
17192599ns          286418 1c008652 5807f7d3 fsqrt.s          f15, f15            f15=xxxxxxxx f15:461bd48e
17192877ns          286432 1c008656 00f4222b p.sw             x15, 4(x8!)          x8=10000ea4 x15:42c7bb30  x8:10000ea0  PA:10000ea0
17192897ns          286433 1c00863e 00472783 lw               x15, 4(x14)         x15=426e2d35 x14:1c0105d4  PA:1c0105d8
17193196ns          286448 1c008640 00072683 lw               x13, 0(x14)         x13=429be017 x14:1c0105d4  PA:1c0105d4
17193494ns          286463 1c008642 10f7f653 fmul.s           f12, f15, f15       f12=xxxxxxxx f15:426e2d35 f15:426e2d35
17193514ns          286464 1c008646 00872783 lw               x15, 8(x14)         x15=41e12749 x14:1c0105d4  PA:1c0105dc
17193812ns          286479 1c008648 00c70713 addi             x14, x14, 12        x14=1c0105e0 x14:1c0105d4
17193832ns          286480 1c00864a 60d6f6c3 fmadd.s          f13, f13, f13, f12  f13=xxxxxxxx f13:429be017 f13:429be017 f12:455d9817
17193852ns          286481 1c00864e 68f7f7c3 fmadd.s          f15, f15, f15, f13  f15=xxxxxxxx f15:41e12749 f15:41e12749 f13:46164f26
17193872ns          286482 1c008652 5807f7d3 fsqrt.s          f15, f15            f15=xxxxxxxx f15:4622af87
17194150ns          286496 1c008656 00f4222b p.sw             x15, 4(x8!)          x8=10000ea8 x15:42cc13c7  x8:10000ea4  PA:10000ea4
17194170ns          286497 1c00863e 00472783 lw               x15, 4(x14)         x15=42b545cc x14:1c0105e0  PA:1c0105e4
17194469ns          286512 1c008640 00072683 lw               x13, 0(x14)         x13=42bc1829 x14:1c0105e0  PA:1c0105e0
17194767ns          286527 1c008642 10f7f653 fmul.s           f12, f15, f15       f12=xxxxxxxx f15:42b545cc f15:42b545cc
17194787ns          286528 1c008646 00872783 lw               x15, 8(x14)         x15=4101c538 x14:1c0105e0  PA:1c0105e8
17195085ns          286543 1c008648 00c70713 addi             x14, x14, 12        x14=1c0105ec x14:1c0105e0
17195105ns          286544 1c00864a 60d6f6c3 fmadd.s          f13, f13, f13, f12  f13=xxxxxxxx f13:42bc1829 f13:42bc1829 f12:46005bc5
17195125ns          286545 1c00864e 68f7f7c3 fmadd.s          f15, f15, f15, f13  f15=xxxxxxxx f15:4101c538 f15:4101c538 f13:468547a2
17195145ns          286546 1c008652 5807f7d3 fsqrt.s          f15, f15            f15=xxxxxxxx f15:4685cb33
17195423ns          286560 1c008656 00f4222b p.sw             x15, 4(x8!)          x8=10000eac x15:4302dd64  x8:10000ea8  PA:10000ea8
17195443ns          286561 1c00863e 00472783 lw               x15, 4(x14)         x15=42b576c5 x14:1c0105ec  PA:1c0105f0
17195742ns          286576 1c008640 00072683 lw               x13, 0(x14)         x13=4211cc3b x14:1c0105ec  PA:1c0105ec
17196040ns          286591 1c008642 10f7f653 fmul.s           f12, f15, f15       f12=xxxxxxxx f15:42b576c5 f15:42b576c5
17196060ns          286592 1c008646 00872783 lw               x15, 8(x14)         x15=41edf3cc x14:1c0105ec  PA:1c0105f4
17196378ns          286608 1c008648 00c70713 addi             x14, x14, 12        x14=1c0105f8 x14:1c0105ec
17196398ns          286609 1c00864a 60d6f6c3 fmadd.s          f13, f13, f13, f12  f13=xxxxxxxx f13:4211cc3b f13:4211cc3b f12:4600a12a
17196418ns          286610 1c00864e 68f7f7c3 fmadd.s          f15, f15, f15, f13  f15=xxxxxxxx f15:41edf3cc f15:41edf3cc f13:46156369
17196438ns          286611 1c008652 5807f7d3 fsqrt.s          f15, f15            f15=xxxxxxxx f15:4623363e
17196716ns          286625 1c008656 00f4222b p.sw             x15, 4(x8!)          x8=10000eb0 x15:42cc6834  x8:10000eac  PA:10000eac
17196736ns          286626 1c00863e 00472783 lw               x15, 4(x14)         x15=42868a34 x14:1c0105f8  PA:1c0105fc
17197035ns          286641 1c008640 00072683 lw               x13, 0(x14)         x13=41adae4a x14:1c0105f8  PA:1c0105f8
17197333ns          286656 1c008642 10f7f653 fmul.s           f12, f15, f15       f12=xxxxxxxx f15:42868a34 f15:42868a34
17197353ns          286657 1c008646 00872783 lw               x15, 8(x14)         x15=413262e3 x14:1c0105f8  PA:1c010600
17197671ns          286673 1c008648 00c70713 addi             x14, x14, 12        x14=1c010604 x14:1c0105f8
17197691ns          286674 1c00864a 60d6f6c3 fmadd.s          f13, f13, f13, f12  f13=xxxxxxxx f13:41adae4a f13:41adae4a f12:458d69f2
17197711ns          286675 1c00864e 68f7f7c3 fmadd.s          f15, f15, f15, f13  f15=xxxxxxxx f15:413262e3 f15:413262e3 f13:459c2493
17197731ns          286676 1c008652 5807f7d3 fsqrt.s          f15, f15            f15=xxxxxxxx f15:45a00700
17198009ns          286690 1c008656 00f4222b p.sw             x15, 4(x8!)          x8=10000eb4 x15:428f1ede  x8:10000eb0  PA:10000eb0
17198029ns          286691 1c00863e 00472783 lw               x15, 4(x14)         x15=4243d5cf x14:1c010604  PA:1c010608
17198327ns          286706 1c008640 00072683 lw               x13, 0(x14)         x13=42b029b5 x14:1c010604  PA:1c010604
17198646ns          286722 1c008642 10f7f653 fmul.s           f12, f15, f15       f12=xxxxxxxx f15:4243d5cf f15:4243d5cf
17198666ns          286723 1c008646 00872783 lw               x15, 8(x14)         x15=424df508 x14:1c010604  PA:1c01060c
17198984ns          286739 1c008648 00c70713 addi             x14, x14, 12        x14=1c010610 x14:1c010604
17199004ns          286740 1c00864a 60d6f6c3 fmadd.s          f13, f13, f13, f12  f13=xxxxxxxx f13:42b029b5 f13:42b029b5 f12:4515cf6c
17199024ns          286741 1c00864e 68f7f7c3 fmadd.s          f15, f15, f15, f13  f15=xxxxxxxx f15:424df508 f15:424df508 f13:461ead3b
17199043ns          286742 1c008652 5807f7d3 fsqrt.s          f15, f15            f15=xxxxxxxx f15:464819d1
17199322ns          286756 1c008656 00f4222b p.sw             x15, 4(x8!)          x8=10000eb8 x15:42e254ca  x8:10000eb4  PA:10000eb4
17199342ns          286757 1c00863e 00472783 lw               x15, 4(x14)         x15=4008e2b7 x14:1c010610  PA:1c010614
17199660ns          286773 1c008640 00072683 lw               x13, 0(x14)         x13=41cf6703 x14:1c010610  PA:1c010610
17199978ns          286789 1c008642 10f7f653 fmul.s           f12, f15, f15       f12=xxxxxxxx f15:4008e2b7 f15:4008e2b7
17199998ns          286790 1c008646 00872783 lw               x15, 8(x14)         x15=42c7fb8f x14:1c010610  PA:1c010618
17200297ns          286805 1c008648 00c70713 addi             x14, x14, 12        x14=1c01061c x14:1c010610
17200316ns          286806 1c00864a 60d6f6c3 fmadd.s          f13, f13, f13, f12  f13=xxxxxxxx f13:41cf6703 f13:41cf6703 f12:40926356
17200336ns          286807 1c00864e 68f7f7c3 fmadd.s          f15, f15, f15, f13  f15=xxxxxxxx f15:42c7fb8f f15:42c7fb8f f13:44292c87
17200356ns          286808 1c008652 5807f7d3 fsqrt.s          f15, f15            f15=xxxxxxxx f15:4626cbd8
17200635ns          286822 1c008656 00f4222b p.sw             x15, 4(x8!)          x8=10000ebc x15:42cea3b0  x8:10000eb8  PA:10000eb8
17200655ns          286823 1c00863e 00472783 lw               x15, 4(x14)         x15=42c5d521 x14:1c01061c  PA:1c010620
17200953ns          286838 1c008640 00072683 lw               x13, 0(x14)         x13=4259c15c x14:1c01061c  PA:1c01061c
17201271ns          286854 1c008642 10f7f653 fmul.s           f12, f15, f15       f12=xxxxxxxx f15:42c5d521 f15:42c5d521
17201291ns          286855 1c008646 00872783 lw               x15, 8(x14)         x15=428f5daf x14:1c01061c  PA:1c010624
17201590ns          286870 1c008648 00c70713 addi             x14, x14, 12        x14=1c010628 x14:1c01061c
17201609ns          286871 1c00864a 60d6f6c3 fmadd.s          f13, f13, f13, f12  f13=xxxxxxxx f13:4259c15c f13:4259c15c f12:4618e1b6
17201629ns          286872 1c00864e 68f7f7c3 fmadd.s          f15, f15, f15, f13  f15=xxxxxxxx f15:428f5daf f15:428f5daf f13:4647300e
17201649ns          286873 1c008652 5807f7d3 fsqrt.s          f15, f15            f15=xxxxxxxx f15:468bbced
17201928ns          286887 1c008656 00f4222b p.sw             x15, 4(x8!)          x8=10000ec0 x15:4305bd83  x8:10000ebc  PA:10000ebc
17201948ns          286888 1c00863e 00472783 lw               x15, 4(x14)         x15=40b0aa79 x14:1c010628  PA:1c01062c
17202246ns          286903 1c008640 00072683 lw               x13, 0(x14)         x13=42893092 x14:1c010628  PA:1c010628
17202544ns          286918 1c008642 10f7f653 fmul.s           f12, f15, f15       f12=xxxxxxxx f15:40b0aa79 f15:40b0aa79
17202564ns          286919 1c008646 00872783 lw               x15, 8(x14)         x15=41a15dde x14:1c010628  PA:1c010630
17202863ns          286934 1c008648 00c70713 addi             x14, x14, 12        x14=1c010634 x14:1c010628
17202882ns          286935 1c00864a 60d6f6c3 fmadd.s          f13, f13, f13, f12  f13=xxxxxxxx f13:42893092 f13:42893092 f12:41f3d5b0
17202902ns          286936 1c00864e 68f7f7c3 fmadd.s          f15, f15, f15, f13  f15=xxxxxxxx f15:41a15dde f15:41a15dde f13:4593fde1
17202922ns          286937 1c008652 5807f7d3 fsqrt.s          f15, f15            f15=xxxxxxxx f15:45a0b4c7
17203221ns          286952 1c008656 00f4222b p.sw             x15, 4(x8!)          x8=10000ec4 x15:428f6c7f  x8:10000ec0  PA:10000ec0
17203240ns          286953 1c00863e 00472783 lw               x15, 4(x14)         x15=42bba932 x14:1c010634  PA:1c010638
17203539ns          286968 1c008640 00072683 lw               x13, 0(x14)         x13=41d15f48 x14:1c010634  PA:1c010634
17203837ns          286983 1c008642 10f7f653 fmul.s           f12, f15, f15       f12=xxxxxxxx f15:42bba932 f15:42bba932
17203857ns          286984 1c008646 00872783 lw               x15, 8(x14)         x15=4252040f x14:1c010634  PA:1c01063c
17204155ns          286999 1c008648 00c70713 addi             x14, x14, 12        x14=1c010640 x14:1c010634
17204175ns          287000 1c00864a 60d6f6c3 fmadd.s          f13, f13, f13, f12  f13=xxxxxxxx f13:41d15f48 f13:41d15f48 f12:4609909f
17204195ns          287001 1c00864e 68f7f7c3 fmadd.s          f15, f15, f15, f13  f15=xxxxxxxx f15:4252040f f15:4252040f f13:4614446a
17204215ns          287002 1c008652 5807f7d3 fsqrt.s          f15, f15            f15=xxxxxxxx f15:463f5714
17204533ns          287018 1c008656 00f4222b p.sw             x15, 4(x8!)          x8=10000ec8 x15:42dd523b  x8:10000ec4  PA:10000ec4
17204553ns          287019 1c00863e 00472783 lw               x15, 4(x14)         x15=429c0580 x14:1c010640  PA:1c010644
17204852ns          287034 1c008640 00072683 lw               x13, 0(x14)         x13=4294fe58 x14:1c010640  PA:1c010640
17205150ns          287049 1c008642 10f7f653 fmul.s           f12, f15, f15       f12=xxxxxxxx f15:429c0580 f15:429c0580
17205170ns          287050 1c008646 00872783 lw               x15, 8(x14)         x15=429084e2 x14:1c010640  PA:1c010648
17205468ns          287065 1c008648 00c70713 addi             x14, x14, 12        x14=1c01064c x14:1c010640
17205488ns          287066 1c00864a 60d6f6c3 fmadd.s          f13, f13, f13, f12  f13=xxxxxxxx f13:4294fe58 f13:4294fe58 f12:45be2d68
17205508ns          287067 1c00864e 68f7f7c3 fmadd.s          f15, f15, f15, f13  f15=xxxxxxxx f15:429084e2 f15:429084e2 f13:4635cdc6
17205528ns          287068 1c008652 5807f7d3 fsqrt.s          f15, f15            f15=xxxxxxxx f15:4683b1c5
17205846ns          287084 1c008656 00f4222b p.sw             x15, 4(x8!)          x8=10000ecc x15:4301d585  x8:10000ec8  PA:10000ec8
17205866ns          287085 1c00863e 00472783 lw               x15, 4(x14)         x15=42b6dc3b x14:1c01064c  PA:1c010650
17206164ns          287100 1c008640 00072683 lw               x13, 0(x14)         x13=42884629 x14:1c01064c  PA:1c01064c
17206463ns          287115 1c008642 10f7f653 fmul.s           f12, f15, f15       f12=xxxxxxxx f15:42b6dc3b f15:42b6dc3b
17206483ns          287116 1c008646 00872783 lw               x15, 8(x14)         x15=429761f0 x14:1c01064c  PA:1c010654
17206781ns          287131 1c008648 00c70713 addi             x14, x14, 12        x14=1c010658 x14:1c01064c
17206801ns          287132 1c00864a 60d6f6c3 fmadd.s          f13, f13, f13, f12  f13=xxxxxxxx f13:42884629 f13:42884629 f12:46029de1
17206821ns          287133 1c00864e 68f7f7c3 fmadd.s          f15, f15, f15, f13  f15=xxxxxxxx f15:429761f0 f15:429761f0 f13:464b2880
17206841ns          287134 1c008652 5807f7d3 fsqrt.s          f15, f15            f15=xxxxxxxx f15:46925697
17207159ns          287150 1c008656 00f4222b p.sw             x15, 4(x8!)          x8=10000ed0 x15:4308dcc1  x8:10000ecc  PA:10000ecc
17207179ns          287151 1c00863e 00472783 lw               x15, 4(x14)         x15=422bad7c x14:1c010658  PA:1c01065c
17207477ns          287166 1c008640 00072683 lw               x13, 0(x14)         x13=40d8318a x14:1c010658  PA:1c010658
17207776ns          287181 1c008642 10f7f653 fmul.s           f12, f15, f15       f12=xxxxxxxx f15:422bad7c f15:422bad7c
17207795ns          287182 1c008646 00872783 lw               x15, 8(x14)         x15=428ff36a x14:1c010658  PA:1c010660
17208094ns          287197 1c008648 00c70713 addi             x14, x14, 12        x14=1c010664 x14:1c010658
17208114ns          287198 1c00864a 60d6f6c3 fmadd.s          f13, f13, f13, f12  f13=xxxxxxxx f13:40d8318a f13:40d8318a f12:44e64272
17208134ns          287199 1c00864e 68f7f7c3 fmadd.s          f15, f15, f15, f13  f15=xxxxxxxx f15:428ff36a f15:428ff36a f13:44ebf70f
17208153ns          287200 1c008652 5807f7d3 fsqrt.s          f15, f15            f15=xxxxxxxx f15:45dce173
17208472ns          287216 1c008656 00f4222b p.sw             x15, 4(x8!)          x8=10000ed4 x15:42a8251c  x8:10000ed0  PA:10000ed0
17208492ns          287217 1c00863e 00472783 lw               x15, 4(x14)         x15=42a17b7b x14:1c010664  PA:1c010668
17208790ns          287232 1c008640 00072683 lw               x13, 0(x14)         x13=419471db x14:1c010664  PA:1c010664
17209088ns          287247 1c008642 10f7f653 fmul.s           f12, f15, f15       f12=xxxxxxxx f15:42a17b7b f15:42a17b7b
17209108ns          287248 1c008646 00872783 lw               x15, 8(x14)         x15=4290437e x14:1c010664  PA:1c01066c
17209407ns          287263 1c008648 00c70713 addi             x14, x14, 12        x14=1c010670 x14:1c010664
17209426ns          287264 1c00864a 60d6f6c3 fmadd.s          f13, f13, f13, f12  f13=xxxxxxxx f13:419471db f13:419471db f12:45cbb919
17209446ns          287265 1c00864e 68f7f7c3 fmadd.s          f15, f15, f15, f13  f15=xxxxxxxx f15:4290437e f15:4290437e f13:45d67b94
17209466ns          287266 1c008652 5807f7d3 fsqrt.s          f15, f15            f15=xxxxxxxx f15:463c89ca
17209745ns          287280 1c008656 00f4222b p.sw             x15, 4(x8!)          x8=10000ed8 x15:42dbb1dc  x8:10000ed4  PA:10000ed4
17209765ns          287281 1c00863e 00472783 lw               x15, 4(x14)         x15=3f698f3a x14:1c010670  PA:1c010674
17210063ns          287296 1c008640 00072683 lw               x13, 0(x14)         x13=42454836 x14:1c010670  PA:1c010670
17210361ns          287311 1c008642 10f7f653 fmul.s           f12, f15, f15       f12=xxxxxxxx f15:3f698f3a f15:3f698f3a
17210381ns          287312 1c008646 00872783 lw               x15, 8(x14)         x15=4296e7f5 x14:1c010670  PA:1c010678
17210680ns          287327 1c008648 00c70713 addi             x14, x14, 12        x14=1c01067c x14:1c010670
17210699ns          287328 1c00864a 60d6f6c3 fmadd.s          f13, f13, f13, f12  f13=xxxxxxxx f13:42454836 f13:42454836 f12:3f551608
17210719ns          287329 1c00864e 68f7f7c3 fmadd.s          f15, f15, f15, f13  f15=xxxxxxxx f15:4296e7f5 f15:4296e7f5 f13:45181589
17210739ns          287330 1c008652 5807f7d3 fsqrt.s          f15, f15            f15=xxxxxxxx f15:45fdf40f
17211038ns          287345 1c008656 00f4222b p.sw             x15, 4(x8!)          x8=10000edc x15:42b44b56  x8:10000ed8  PA:10000ed8
17211057ns          287346 1c00863e 00472783 lw               x15, 4(x14)         x15=42955115 x14:1c01067c  PA:1c010680
17211356ns          287361 1c008640 00072683 lw               x13, 0(x14)         x13=42a9862f x14:1c01067c  PA:1c01067c
17211654ns          287376 1c008642 10f7f653 fmul.s           f12, f15, f15       f12=xxxxxxxx f15:42955115 f15:42955115
17211674ns          287377 1c008646 00872783 lw               x15, 8(x14)         x15=429bc80d x14:1c01067c  PA:1c010684
17211972ns          287392 1c008648 00c70713 addi             x14, x14, 12        x14=1c010688 x14:1c01067c
17211992ns          287393 1c00864a 60d6f6c3 fmadd.s          f13, f13, f13, f12  f13=xxxxxxxx f13:42a9862f f13:42a9862f f12:45ae2ef8
17212012ns          287394 1c00864e 68f7f7c3 fmadd.s          f15, f15, f15, f13  f15=xxxxxxxx f15:429bc80d f15:429bc80d f13:464759ec
17212032ns          287395 1c008652 5807f7d3 fsqrt.s          f15, f15            f15=xxxxxxxx f15:469312e4
17212331ns          287410 1c008656 00f4222b p.sw             x15, 4(x8!)          x8=10000ee0 x15:430934b2  x8:10000edc  PA:10000edc
17212350ns          287411 1c00863e 00472783 lw               x15, 4(x14)         x15=42ba8df8 x14:1c010688  PA:1c01068c
17212669ns          287427 1c008640 00072683 lw               x13, 0(x14)         x13=425bf82f x14:1c010688  PA:1c010688
17212967ns          287442 1c008642 10f7f653 fmul.s           f12, f15, f15       f12=xxxxxxxx f15:42ba8df8 f15:42ba8df8
17212987ns          287443 1c008646 00872783 lw               x15, 8(x14)         x15=41256258 x14:1c010688  PA:1c010690
17213285ns          287458 1c008648 00c70713 addi             x14, x14, 12        x14=1c010694 x14:1c010688
17213305ns          287459 1c00864a 60d6f6c3 fmadd.s          f13, f13, f13, f12  f13=xxxxxxxx f13:425bf82f f13:425bf82f f12:4607f29b
17213325ns          287460 1c00864e 68f7f7c3 fmadd.s          f15, f15, f15, f13  f15=xxxxxxxx f15:41256258 f15:41256258 f13:4637333f
17213345ns          287461 1c008652 5807f7d3 fsqrt.s          f15, f15            f15=xxxxxxxx f15:4638de9f
17213623ns          287475 1c008656 00f4222b p.sw             x15, 4(x8!)          x8=10000ee4 x15:42d98bfd  x8:10000ee0  PA:10000ee0
17213643ns          287476 1c00863e 00472783 lw               x15, 4(x14)         x15=428f12e5 x14:1c010694  PA:1c010698
17213962ns          287492 1c008640 00072683 lw               x13, 0(x14)         x13=42c3cfce x14:1c010694  PA:1c010694
17214260ns          287507 1c008642 10f7f653 fmul.s           f12, f15, f15       f12=xxxxxxxx f15:428f12e5 f15:428f12e5
17214280ns          287508 1c008646 00872783 lw               x15, 8(x14)         x15=4262355c x14:1c010694  PA:1c01069c
17214578ns          287523 1c008648 00c70713 addi             x14, x14, 12        x14=1c0106a0 x14:1c010694
17214598ns          287524 1c00864a 60d6f6c3 fmadd.s          f13, f13, f13, f12  f13=xxxxxxxx f13:42c3cfce f13:42c3cfce f12:459fec3a
17214618ns          287525 1c00864e 68f7f7c3 fmadd.s          f15, f15, f15, f13  f15=xxxxxxxx f15:4262355c f15:4262355c f13:4665bc5a
17214638ns          287526 1c008652 5807f7d3 fsqrt.s          f15, f15            f15=xxxxxxxx f15:468bda75
17214936ns          287541 1c008656 00f4222b p.sw             x15, 4(x8!)          x8=10000ee8 x15:4305cba4  x8:10000ee4  PA:10000ee4
17214956ns          287542 1c00863e 00472783 lw               x15, 4(x14)         x15=4108c59f x14:1c0106a0  PA:1c0106a4
17215274ns          287558 1c008640 00072683 lw               x13, 0(x14)         x13=421f770f x14:1c0106a0  PA:1c0106a0
17215573ns          287573 1c008642 10f7f653 fmul.s           f12, f15, f15       f12=xxxxxxxx f15:4108c59f f15:4108c59f
17215593ns          287574 1c008646 00872783 lw               x15, 8(x14)         x15=42a5d7a5 x14:1c0106a0  PA:1c0106a8
17215891ns          287589 1c008648 00c70713 addi             x14, x14, 12        x14=1c0106ac x14:1c0106a0
17215911ns          287590 1c00864a 60d6f6c3 fmadd.s          f13, f13, f13, f12  f13=xxxxxxxx f13:421f770f f13:421f770f f12:42922523
17215931ns          287591 1c00864e 68f7f7c3 fmadd.s          f15, f15, f15, f13  f15=xxxxxxxx f15:42a5d7a5 f15:42a5d7a5 f13:44cfcc8a
17215951ns          287592 1c008652 5807f7d3 fsqrt.s          f15, f15            f15=xxxxxxxx f15:46056942
17216249ns          287607 1c008656 00f4222b p.sw             x15, 4(x8!)          x8=10000eec x15:42b8ce56  x8:10000ee8  PA:10000ee8
17216269ns          287608 1c00863e 00472783 lw               x15, 4(x14)         x15=42c03494 x14:1c0106ac  PA:1c0106b0
17216587ns          287624 1c008640 00072683 lw               x13, 0(x14)         x13=419b4c3e x14:1c0106ac  PA:1c0106ac
17216885ns          287639 1c008642 10f7f653 fmul.s           f12, f15, f15       f12=xxxxxxxx f15:42c03494 f15:42c03494
17216905ns          287640 1c008646 00872783 lw               x15, 8(x14)         x15=42368cb3 x14:1c0106ac  PA:1c0106b4
17217204ns          287655 1c008648 00c70713 addi             x14, x14, 12        x14=1c0106b8 x14:1c0106ac
17217224ns          287656 1c00864a 60d6f6c3 fmadd.s          f13, f13, f13, f12  f13=xxxxxxxx f13:419b4c3e f13:419b4c3e f12:46104ee9
17217244ns          287657 1c00864e 68f7f7c3 fmadd.s          f15, f15, f15, f13  f15=xxxxxxxx f15:42368cb3 f15:42368cb3 f13:46163240
17217263ns          287658 1c008652 5807f7d3 fsqrt.s          f15, f15            f15=xxxxxxxx f15:4636bd57
17217562ns          287673 1c008656 00f4222b p.sw             x15, 4(x8!)          x8=10000ef0 x15:42d84a3a  x8:10000eec  PA:10000eec
17217582ns          287674 1c00863e 00472783 lw               x15, 4(x14)         x15=42216bae x14:1c0106b8  PA:1c0106bc
17217900ns          287690 1c008640 00072683 lw               x13, 0(x14)         x13=422aed30 x14:1c0106b8  PA:1c0106b8
17218198ns          287705 1c008642 10f7f653 fmul.s           f12, f15, f15       f12=xxxxxxxx f15:42216bae f15:42216bae
17218218ns          287706 1c008646 00872783 lw               x15, 8(x14)         x15=420f9028 x14:1c0106b8  PA:1c0106c0
17218517ns          287721 1c008648 00c70713 addi             x14, x14, 12        x14=1c0106c4 x14:1c0106b8
17218536ns          287722 1c00864a 60d6f6c3 fmadd.s          f13, f13, f13, f12  f13=xxxxxxxx f13:422aed30 f13:422aed30 f12:44cb913c
17218556ns          287723 1c00864e 68f7f7c3 fmadd.s          f15, f15, f15, f13  f15=xxxxxxxx f15:420f9028 f15:420f9028 f13:4557e87e
17218576ns          287724 1c008652 5807f7d3 fsqrt.s          f15, f15            f15=xxxxxxxx f15:4594356e
17218875ns          287739 1c008656 00f4222b p.sw             x15, 4(x8!)          x8=10000ef4 x15:4289bbf6  x8:10000ef0  PA:10000ef0
17218894ns          287740 1c00863e 00472783 lw               x15, 4(x14)         x15=42c12e6b x14:1c0106c4  PA:1c0106c8
17219213ns          287756 1c008640 00072683 lw               x13, 0(x14)         x13=4252d259 x14:1c0106c4  PA:1c0106c4
17219511ns          287771 1c008642 10f7f653 fmul.s           f12, f15, f15       f12=xxxxxxxx f15:42c12e6b f15:42c12e6b
17219531ns          287772 1c008646 00872783 lw               x15, 8(x14)         x15=3fc07df2 x14:1c0106c4  PA:1c0106cc
17219829ns          287787 1c008648 00c70713 addi             x14, x14, 12        x14=1c0106d0 x14:1c0106c4
17219849ns          287788 1c00864a 60d6f6c3 fmadd.s          f13, f13, f13, f12  f13=xxxxxxxx f13:4252d259 f13:4252d259 f12:4611c706
17219869ns          287789 1c00864e 68f7f7c3 fmadd.s          f15, f15, f15, f13  f15=xxxxxxxx f15:3fc07df2 f15:3fc07df2 f13:463d2e78
17219889ns          287790 1c008652 5807f7d3 fsqrt.s          f15, f15            f15=xxxxxxxx f15:463d3784
17220187ns          287805 1c008656 00f4222b p.sw             x15, 4(x8!)          x8=10000ef8 x15:42dc16fc  x8:10000ef4  PA:10000ef4
17220207ns          287806 1c00863e 00472783 lw               x15, 4(x14)         x15=428b1ab1 x14:1c0106d0  PA:1c0106d4
17220506ns          287821 1c008640 00072683 lw               x13, 0(x14)         x13=40dc957b x14:1c0106d0  PA:1c0106d0
17220804ns          287836 1c008642 10f7f653 fmul.s           f12, f15, f15       f12=xxxxxxxx f15:428b1ab1 f15:428b1ab1
17220824ns          287837 1c008646 00872783 lw               x15, 8(x14)         x15=429cf17b x14:1c0106d0  PA:1c0106d8
17221122ns          287852 1c008648 00c70713 addi             x14, x14, 12        x14=1c0106dc x14:1c0106d0
17221142ns          287853 1c00864a 60d6f6c3 fmadd.s          f13, f13, f13, f12  f13=xxxxxxxx f13:40dc957b f13:40dc957b f12:45972bfe
17221162ns          287854 1c00864e 68f7f7c3 fmadd.s          f15, f15, f15, f13  f15=xxxxxxxx f15:429cf17b f15:429cf17b f13:4598a821
17221182ns          287855 1c008652 5807f7d3 fsqrt.s          f15, f15            f15=xxxxxxxx f15:462c8b42
17221500ns          287871 1c008656 00f4222b p.sw             x15, 4(x8!)          x8=10000efc x15:42d22b6a  x8:10000ef8  PA:10000ef8
17221520ns          287872 1c00863e 00472783 lw               x15, 4(x14)         x15=42b93a8d x14:1c0106dc  PA:1c0106e0
17221818ns          287887 1c008640 00072683 lw               x13, 0(x14)         x13=400d8fba x14:1c0106dc  PA:1c0106dc
17222117ns          287902 1c008642 10f7f653 fmul.s           f12, f15, f15       f12=xxxxxxxx f15:42b93a8d f15:42b93a8d
17222137ns          287903 1c008646 00872783 lw               x15, 8(x14)         x15=4200f3f3 x14:1c0106dc  PA:1c0106e4
17222435ns          287918 1c008648 00c70713 addi             x14, x14, 12        x14=1c0106e8 x14:1c0106dc
17222455ns          287919 1c00864a 60d6f6c3 fmadd.s          f13, f13, f13, f12  f13=xxxxxxxx f13:400d8fba f13:400d8fba f12:460605ad
17222475ns          287920 1c00864e 68f7f7c3 fmadd.s          f15, f15, f15, f13  f15=xxxxxxxx f15:4200f3f3 f15:4200f3f3 f13:4606193f
17222495ns          287921 1c008652 5807f7d3 fsqrt.s          f15, f15            f15=xxxxxxxx f15:46165676
17222813ns          287937 1c008656 00f4222b p.sw             x15, 4(x8!)          x8=10000f00 x15:42c42dfe  x8:10000efc  PA:10000efc
17222833ns          287938 1c00863e 00472783 lw               x15, 4(x14)         x15=41a461cb x14:1c0106e8  PA:1c0106ec
17223131ns          287953 1c008640 00072683 lw               x13, 0(x14)         x13=424b52fa x14:1c0106e8  PA:1c0106e8
17223430ns          287968 1c008642 10f7f653 fmul.s           f12, f15, f15       f12=xxxxxxxx f15:41a461cb f15:41a461cb
17223449ns          287969 1c008646 00872783 lw               x15, 8(x14)         x15=42b0924e x14:1c0106e8  PA:1c0106f0
17223748ns          287984 1c008648 00c70713 addi             x14, x14, 12        x14=1c0106f4 x14:1c0106e8
17223768ns          287985 1c00864a 60d6f6c3 fmadd.s          f13, f13, f13, f12  f13=xxxxxxxx f13:424b52fa f13:424b52fa f12:43d31ae3
17223788ns          287986 1c00864e 68f7f7c3 fmadd.s          f15, f15, f15, f13  f15=xxxxxxxx f15:42b0924e f15:42b0924e f13:453be010
17223807ns          287987 1c008652 5807f7d3 fsqrt.s          f15, f15            f15=xxxxxxxx f15:4628c183
17224106ns          288002 1c008656 00f4222b p.sw             x15, 4(x8!)          x8=10000f04 x15:42cfd988  x8:10000f00  PA:10000f00
17224126ns          288003 1c00863e 00472783 lw               x15, 4(x14)         x15=427f10da x14:1c0106f4  PA:1c0106f8
17224424ns          288018 1c008640 00072683 lw               x13, 0(x14)         x13=41fafe66 x14:1c0106f4  PA:1c0106f4
17224722ns          288033 1c008642 10f7f653 fmul.s           f12, f15, f15       f12=xxxxxxxx f15:427f10da f15:427f10da
17224742ns          288034 1c008646 00872783 lw               x15, 8(x14)         x15=42655540 x14:1c0106f4  PA:1c0106fc
17225041ns          288049 1c008648 00c70713 addi             x14, x14, 12        x14=1c010700 x14:1c0106f4
17225061ns          288050 1c00864a 60d6f6c3 fmadd.s          f13, f13, f13, f12  f13=xxxxxxxx f13:41fafe66 f13:41fafe66 f12:457e2293
17225080ns          288051 1c00864e 68f7f7c3 fmadd.s          f15, f15, f15, f13  f15=xxxxxxxx f15:42655540 f15:42655540 f13:459dd405
17225100ns          288052 1c008652 5807f7d3 fsqrt.s          f15, f15            f15=xxxxxxxx f15:4602466b
17225379ns          288066 1c008656 00f4222b p.sw             x15, 4(x8!)          x8=10000f08 x15:42b69ef8  x8:10000f04  PA:10000f04
17225399ns          288067 1c00863e 00472783 lw               x15, 4(x14)         x15=4287f0e5 x14:1c010700  PA:1c010704
17225697ns          288082 1c008640 00072683 lw               x13, 0(x14)         x13=41ce2b21 x14:1c010700  PA:1c010700
17226015ns          288098 1c008642 10f7f653 fmul.s           f12, f15, f15       f12=xxxxxxxx f15:4287f0e5 f15:4287f0e5
17226035ns          288099 1c008646 00872783 lw               x15, 8(x14)         x15=422436f4 x14:1c010700  PA:1c010708
17226334ns          288114 1c008648 00c70713 addi             x14, x14, 12        x14=1c01070c x14:1c010700
17226353ns          288115 1c00864a 60d6f6c3 fmadd.s          f13, f13, f13, f12  f13=xxxxxxxx f13:41ce2b21 f13:41ce2b21 f12:45905fe8
17226373ns          288116 1c00864e 68f7f7c3 fmadd.s          f15, f15, f15, f13  f15=xxxxxxxx f15:422436f4 f15:422436f4 f13:45a52116
17226393ns          288117 1c008652 5807f7d3 fsqrt.s          f15, f15            f15=xxxxxxxx f15:45d9cc50
17226672ns          288131 1c008656 00f4222b p.sw             x15, 4(x8!)          x8=10000f0c x15:42a6f7b0  x8:10000f08  PA:10000f08
17226692ns          288132 1c00863e 00472783 lw               x15, 4(x14)         x15=423c39c1 x14:1c01070c  PA:1c010710
17227010ns          288148 1c008640 00072683 lw               x13, 0(x14)         x13=42a92911 x14:1c01070c  PA:1c01070c
17227328ns          288164 1c008642 10f7f653 fmul.s           f12, f15, f15       f12=xxxxxxxx f15:423c39c1 f15:423c39c1
17227348ns          288165 1c008646 00872783 lw               x15, 8(x14)         x15=3f0841d4 x14:1c01070c  PA:1c010714
17227646ns          288180 1c008648 00c70713 addi             x14, x14, 12        x14=1c010718 x14:1c01070c
17227666ns          288181 1c00864a 60d6f6c3 fmadd.s          f13, f13, f13, f12  f13=xxxxxxxx f13:42a92911 f13:42a92911 f12:450a64e0
17227686ns          288182 1c00864e 68f7f7c3 fmadd.s          f15, f15, f15, f13  f15=xxxxxxxx f15:3f0841d4 f15:3f0841d4 f13:46126077
17227706ns          288183 1c008652 5807f7d3 fsqrt.s          f15, f15            f15=xxxxxxxx f15:46126199
17227985ns          288197 1c008656 00f4222b p.sw             x15, 4(x8!)          x8=10000f10 x15:42c194bb  x8:10000f0c  PA:10000f0c
17228004ns          288198 1c00863e 00472783 lw               x15, 4(x14)         x15=4233ad1b x14:1c010718  PA:1c01071c
17228323ns          288214 1c008640 00072683 lw               x13, 0(x14)         x13=42aa3d9e x14:1c010718  PA:1c010718
17228641ns          288230 1c008642 10f7f653 fmul.s           f12, f15, f15       f12=xxxxxxxx f15:4233ad1b f15:4233ad1b
17228661ns          288231 1c008646 00872783 lw               x15, 8(x14)         x15=42b37bb6 x14:1c010718  PA:1c010720
17228959ns          288246 1c008648 00c70713 addi             x14, x14, 12        x14=1c010724 x14:1c010718
17228979ns          288247 1c00864a 60d6f6c3 fmadd.s          f13, f13, f13, f12  f13=xxxxxxxx f13:42aa3d9e f13:42aa3d9e f12:44fc3712
17228999ns          288248 1c00864e 68f7f7c3 fmadd.s          f15, f15, f15, f13  f15=xxxxxxxx f15:42b37bb6 f15:42b37bb6 f13:4610bcc7
17229019ns          288249 1c008652 5807f7d3 fsqrt.s          f15, f15            f15=xxxxxxxx f15:46874982
17229297ns          288263 1c008656 00f4222b p.sw             x15, 4(x8!)          x8=10000f14 x15:430397d8  x8:10000f10  PA:10000f10
17229317ns          288264 1c00863e 00472783 lw               x15, 4(x14)         x15=40c4f8a2 x14:1c010724  PA:1c010728
17229635ns          288280 1c008640 00072683 lw               x13, 0(x14)         x13=42025164 x14:1c010724  PA:1c010724
17229954ns          288296 1c008642 10f7f653 fmul.s           f12, f15, f15       f12=xxxxxxxx f15:40c4f8a2 f15:40c4f8a2
17229974ns          288297 1c008646 00872783 lw               x15, 8(x14)         x15=4228dff4 x14:1c010724  PA:1c01072c
17230272ns          288312 1c008648 00c70713 addi             x14, x14, 12        x14=1c010730 x14:1c010724
17230292ns          288313 1c00864a 60d6f6c3 fmadd.s          f13, f13, f13, f12  f13=xxxxxxxx f13:42025164 f13:42025164 f12:42178daa
17230312ns          288314 1c00864e 68f7f7c3 fmadd.s          f15, f15, f15, f13  f15=xxxxxxxx f15:4228dff4 f15:4228dff4 f13:448969f4
17230332ns          288315 1c008652 5807f7d3 fsqrt.s          f15, f15            f15=xxxxxxxx f15:45341bae
17230610ns          288329 1c008656 00f4222b p.sw             x15, 4(x8!)          x8=10000f18 x15:4256ba1c  x8:10000f14  PA:10000f14
17230630ns          288330 1c00863e 00472783 lw               x15, 4(x14)         x15=40cb0678 x14:1c010730  PA:1c010734
17230948ns          288346 1c008640 00072683 lw               x13, 0(x14)         x13=422f4273 x14:1c010730  PA:1c010730
17231267ns          288362 1c008642 10f7f653 fmul.s           f12, f15, f15       f12=xxxxxxxx f15:40cb0678 f15:40cb0678
17231286ns          288363 1c008646 00872783 lw               x15, 8(x14)         x15=424c41d5 x14:1c010730  PA:1c010738
17231585ns          288378 1c008648 00c70713 addi             x14, x14, 12        x14=1c01073c x14:1c010730
17231605ns          288379 1c00864a 60d6f6c3 fmadd.s          f13, f13, f13, f12  f13=xxxxxxxx f13:422f4273 f13:422f4273 f12:42210342
17231625ns          288380 1c00864e 68f7f7c3 fmadd.s          f15, f15, f15, f13  f15=xxxxxxxx f15:424c41d5 f15:424c41d5 f13:44f4ffef
17231644ns          288381 1c008652 5807f7d3 fsqrt.s          f15, f15            f15=xxxxxxxx f15:458ebc7a
17231923ns          288395 1c008656 00f4222b p.sw             x15, 4(x8!)          x8=10000f1c x15:42872ade  x8:10000f18  PA:10000f18
17231943ns          288396 1c00863e 00472783 lw               x15, 4(x14)         x15=4161c148 x14:1c01073c  PA:1c010740
17232261ns          288412 1c008640 00072683 lw               x13, 0(x14)         x13=42c7587a x14:1c01073c  PA:1c01073c
17232579ns          288428 1c008642 10f7f653 fmul.s           f12, f15, f15       f12=xxxxxxxx f15:4161c148 f15:4161c148
17232599ns          288429 1c008646 00872783 lw               x15, 8(x14)         x15=426f8652 x14:1c01073c  PA:1c010744
17232898ns          288444 1c008648 00c70713 addi             x14, x14, 12        x14=1c010748 x14:1c01073c
17232917ns          288445 1c00864a 60d6f6c3 fmadd.s          f13, f13, f13, f12  f13=xxxxxxxx f13:42c7587a f13:42c7587a f12:43471552
17232937ns          288446 1c00864e 68f7f7c3 fmadd.s          f15, f15, f15, f13  f15=xxxxxxxx f15:426f8652 f15:426f8652 f13:461e5702
17232957ns          288447 1c008652 5807f7d3 fsqrt.s          f15, f15            f15=xxxxxxxx f15:46565e07
17233236ns          288461 1c008656 00f4222b p.sw             x15, 4(x8!)          x8=10000f20 x15:42ea42b6  x8:10000f1c  PA:10000f1c
17233256ns          288462 1c00863e 00472783 lw               x15, 4(x14)         x15=42c5935b x14:1c010748  PA:1c01074c
17233574ns          288478 1c008640 00072683 lw               x13, 0(x14)         x13=421a209a x14:1c010748  PA:1c010748
17233892ns          288494 1c008642 10f7f653 fmul.s           f12, f15, f15       f12=xxxxxxxx f15:42c5935b f15:42c5935b
17233912ns          288495 1c008646 00872783 lw               x15, 8(x14)         x15=42a7feb8 x14:1c010748  PA:1c010750
17234210ns          288510 1c008648 00c70713 addi             x14, x14, 12        x14=1c010754 x14:1c010748
17234230ns          288511 1c00864a 60d6f6c3 fmadd.s          f13, f13, f13, f12  f13=xxxxxxxx f13:421a209a f13:421a209a f12:46187c1f
17234250ns          288512 1c00864e 68f7f7c3 fmadd.s          f15, f15, f15, f13  f15=xxxxxxxx f15:42a7feb8 f15:42a7feb8 f13:462faeee
17234270ns          288513 1c008652 5807f7d3 fsqrt.s          f15, f15            f15=xxxxxxxx f15:468ef6a0
17234548ns          288527 1c008656 00f4222b p.sw             x15, 4(x8!)          x8=10000f24 x15:43074663  x8:10000f20  PA:10000f20
17234568ns          288528 1c00863e 00472783 lw               x15, 4(x14)         x15=42af7b28 x14:1c010754  PA:1c010758
17234887ns          288544 1c008640 00072683 lw               x13, 0(x14)         x13=4252b9cb x14:1c010754  PA:1c010754
17235205ns          288560 1c008642 10f7f653 fmul.s           f12, f15, f15       f12=xxxxxxxx f15:42af7b28 f15:42af7b28
17235225ns          288561 1c008646 00872783 lw               x15, 8(x14)         x15=42447f4d x14:1c010754  PA:1c01075c
17235523ns          288576 1c008648 00c70713 addi             x14, x14, 12        x14=1c010760 x14:1c010754
17235543ns          288577 1c00864a 60d6f6c3 fmadd.s          f13, f13, f13, f12  f13=xxxxxxxx f13:4252b9cb f13:4252b9cb f12:45f09338
17235563ns          288578 1c00864e 68f7f7c3 fmadd.s          f15, f15, f15, f13  f15=xxxxxxxx f15:42447f4d f15:42447f4d f13:4623a6f2
17235583ns          288579 1c008652 5807f7d3 fsqrt.s          f15, f15            f15=xxxxxxxx f15:46495bbd
17235861ns          288593 1c008656 00f4222b p.sw             x15, 4(x8!)          x8=10000f28 x15:42e30a91  x8:10000f24  PA:10000f24
17235881ns          288594 1c00863e 00472783 lw               x15, 4(x14)         x15=422bf0a1 x14:1c010760  PA:1c010764
17236199ns          288610 1c008640 00072683 lw               x13, 0(x14)         x13=4231ee78 x14:1c010760  PA:1c010760
17236498ns          288625 1c008642 10f7f653 fmul.s           f12, f15, f15       f12=xxxxxxxx f15:422bf0a1 f15:422bf0a1
17236518ns          288626 1c008646 00872783 lw               x15, 8(x14)         x15=42909168 x14:1c010760  PA:1c010768
17236816ns          288641 1c008648 00c70713 addi             x14, x14, 12        x14=1c01076c x14:1c010760
17236836ns          288642 1c00864a 60d6f6c3 fmadd.s          f13, f13, f13, f12  f13=xxxxxxxx f13:4231ee78 f13:4231ee78 f12:44e6f6b3
17236856ns          288643 1c00864e 68f7f7c3 fmadd.s          f15, f15, f15, f13  f15=xxxxxxxx f15:42909168 f15:42909168 f13:456f26fa
17236876ns          288644 1c008652 5807f7d3 fsqrt.s          f15, f15            f15=xxxxxxxx f15:460d6da6
17237154ns          288658 1c008656 00f4222b p.sw             x15, 4(x8!)          x8=10000f2c x15:42be471f  x8:10000f28  PA:10000f28
17237174ns          288659 1c00863e 00472783 lw               x15, 4(x14)         x15=429a0d32 x14:1c01076c  PA:1c010770
17237472ns          288674 1c008640 00072683 lw               x13, 0(x14)         x13=4224d064 x14:1c01076c  PA:1c01076c
17237771ns          288689 1c008642 10f7f653 fmul.s           f12, f15, f15       f12=xxxxxxxx f15:429a0d32 f15:429a0d32
17237791ns          288690 1c008646 00872783 lw               x15, 8(x14)         x15=42bd1e28 x14:1c01076c  PA:1c010774
17238089ns          288705 1c008648 00c70713 addi             x14, x14, 12        x14=1c010778 x14:1c01076c
17238109ns          288706 1c00864a 60d6f6c3 fmadd.s          f13, f13, f13, f12  f13=xxxxxxxx f13:4224d064 f13:4224d064 f12:45b967c2
17238129ns          288707 1c00864e 68f7f7c3 fmadd.s          f15, f15, f15, f13  f15=xxxxxxxx f15:42bd1e28 f15:42bd1e28 f13:45ee7597
17238149ns          288708 1c008652 5807f7d3 fsqrt.s          f15, f15            f15=xxxxxxxx f15:4681782b
17238427ns          288722 1c008656 00f4222b p.sw             x15, 4(x8!)          x8=10000f30 x15:4300bb8c  x8:10000f2c  PA:10000f2c
17238447ns          288723 1c00863e 00472783 lw               x15, 4(x14)         x15=42829856 x14:1c010778  PA:1c01077c
17238745ns          288738 1c008640 00072683 lw               x13, 0(x14)         x13=4073a75f x14:1c010778  PA:1c010778
17239044ns          288753 1c008642 10f7f653 fmul.s           f12, f15, f15       f12=xxxxxxxx f15:42829856 f15:42829856
17239064ns          288754 1c008646 00872783 lw               x15, 8(x14)         x15=41ce83dd x14:1c010778  PA:1c010780
17239362ns          288769 1c008648 00c70713 addi             x14, x14, 12        x14=1c010784 x14:1c010778
17239382ns          288770 1c00864a 60d6f6c3 fmadd.s          f13, f13, f13, f12  f13=xxxxxxxx f13:4073a75f f13:4073a75f f12:45853e24
17239402ns          288771 1c00864e 68f7f7c3 fmadd.s          f15, f15, f15, f13  f15=xxxxxxxx f15:41ce83dd f15:41ce83dd f13:4585b218
17239422ns          288772 1c008652 5807f7d3 fsqrt.s          f15, f15            f15=xxxxxxxx f15:459a8527
17239720ns          288787 1c008656 00f4222b p.sw             x15, 4(x8!)          x8=10000f34 x15:428ca2e6  x8:10000f30  PA:10000f30
17239740ns          288788 1c00863e 00472783 lw               x15, 4(x14)         x15=4286ba7e x14:1c010784  PA:1c010788
17240038ns          288803 1c008640 00072683 lw               x13, 0(x14)         x13=41ec54d0 x14:1c010784  PA:1c010784
17240337ns          288818 1c008642 10f7f653 fmul.s           f12, f15, f15       f12=xxxxxxxx f15:4286ba7e f15:4286ba7e
17240357ns          288819 1c008646 00872783 lw               x15, 8(x14)         x15=4283cd9e x14:1c010784  PA:1c01078c
17240655ns          288834 1c008648 00c70713 addi             x14, x14, 12        x14=1c010790 x14:1c010784
17240675ns          288835 1c00864a 60d6f6c3 fmadd.s          f13, f13, f13, f12  f13=xxxxxxxx f13:41ec54d0 f13:41ec54d0 f12:458dcf88
17240695ns          288836 1c00864e 68f7f7c3 fmadd.s          f15, f15, f15, f13  f15=xxxxxxxx f15:4283cd9e f15:4283cd9e f13:45a91517
17240715ns          288837 1c008652 5807f7d3 fsqrt.s          f15, f15            f15=xxxxxxxx f15:461866a0
17241013ns          288852 1c008656 00f4222b p.sw             x15, 4(x8!)          x8=10000f38 x15:42c5856d  x8:10000f34  PA:10000f34
17241033ns          288853 1c00863e 00472783 lw               x15, 4(x14)         x15=42133b5e x14:1c010790  PA:1c010794
17241331ns          288868 1c008640 00072683 lw               x13, 0(x14)         x13=4229f859 x14:1c010790  PA:1c010790
17241630ns          288883 1c008642 10f7f653 fmul.s           f12, f15, f15       f12=xxxxxxxx f15:42133b5e f15:42133b5e
17241649ns          288884 1c008646 00872783 lw               x15, 8(x14)         x15=41daeb12 x14:1c010790  PA:1c010798
17241968ns          288900 1c008648 00c70713 addi             x14, x14, 12        x14=1c01079c x14:1c010790
17241988ns          288901 1c00864a 60d6f6c3 fmadd.s          f13, f13, f13, f12  f13=xxxxxxxx f13:4229f859 f13:4229f859 f12:44a95a77
17242008ns          288902 1c00864e 68f7f7c3 fmadd.s          f15, f15, f15, f13  f15=xxxxxxxx f15:41daeb12 f15:41daeb12 f13:45458712
17242027ns          288903 1c008652 5807f7d3 fsqrt.s          f15, f15            f15=xxxxxxxx f15:4574545f
17242306ns          288917 1c008656 00f4222b p.sw             x15, 4(x8!)          x8=10000f3c x15:427a18c3  x8:10000f38  PA:10000f38
17242326ns          288918 1c00863e 00472783 lw               x15, 4(x14)         x15=42a3d676 x14:1c01079c  PA:1c0107a0
17242624ns          288933 1c008640 00072683 lw               x13, 0(x14)         x13=41d1b083 x14:1c01079c  PA:1c01079c
17242922ns          288948 1c008642 10f7f653 fmul.s           f12, f15, f15       f12=xxxxxxxx f15:42a3d676 f15:42a3d676
17242942ns          288949 1c008646 00872783 lw               x15, 8(x14)         x15=42282f91 x14:1c01079c  PA:1c0107a4
17243261ns          288965 1c008648 00c70713 addi             x14, x14, 12        x14=1c0107a8 x14:1c01079c
17243281ns          288966 1c00864a 60d6f6c3 fmadd.s          f13, f13, f13, f12  f13=xxxxxxxx f13:41d1b083 f13:41d1b083 f12:45d1b59c
17243300ns          288967 1c00864e 68f7f7c3 fmadd.s          f15, f15, f15, f13  f15=xxxxxxxx f15:42282f91 f15:42282f91 f13:45e72dd2
17243320ns          288968 1c008652 5807f7d3 fsqrt.s          f15, f15            f15=xxxxxxxx f15:460f3687
17243599ns          288982 1c008656 00f4222b p.sw             x15, 4(x8!)          x8=10000f40 x15:42bf7980  x8:10000f3c  PA:10000f3c
17243619ns          288983 1c00863e 00472783 lw               x15, 4(x14)         x15=4197ba44 x14:1c0107a8  PA:1c0107ac
17243917ns          288998 1c008640 00072683 lw               x13, 0(x14)         x13=41975566 x14:1c0107a8  PA:1c0107a8
17244215ns          289013 1c008642 10f7f653 fmul.s           f12, f15, f15       f12=xxxxxxxx f15:4197ba44 f15:4197ba44
17244235ns          289014 1c008646 00872783 lw               x15, 8(x14)         x15=42b94e78 x14:1c0107a8  PA:1c0107b0
17244554ns          289030 1c008648 00c70713 addi             x14, x14, 12        x14=1c0107b4 x14:1c0107a8
17244573ns          289031 1c00864a 60d6f6c3 fmadd.s          f13, f13, f13, f12  f13=xxxxxxxx f13:41975566 f13:41975566 f12:43b3da87
17244593ns          289032 1c00864e 68f7f7c3 fmadd.s          f15, f15, f15, f13  f15=xxxxxxxx f15:42b94e78 f15:42b94e78 f13:4433631e
17244613ns          289033 1c008652 5807f7d3 fsqrt.s          f15, f15            f15=xxxxxxxx f15:461158b3
17244892ns          289047 1c008656 00f4222b p.sw             x15, 4(x8!)          x8=10000f44 x15:42c0e544  x8:10000f40  PA:10000f40
17244912ns          289048 1c00863e 00472783 lw               x15, 4(x14)         x15=42989816 x14:1c0107b4  PA:1c0107b8
17245210ns          289063 1c008640 00072683 lw               x13, 0(x14)         x13=4192c1ff x14:1c0107b4  PA:1c0107b4
17245508ns          289078 1c008642 10f7f653 fmul.s           f12, f15, f15       f12=xxxxxxxx f15:42989816 f15:42989816
17245528ns          289079 1c008646 00872783 lw               x15, 8(x14)         x15=42c36e57 x14:1c0107b4  PA:1c0107bc
17245846ns          289095 1c008648 00c70713 addi             x14, x14, 12        x14=1c0107c0 x14:1c0107b4
17245866ns          289096 1c00864a 60d6f6c3 fmadd.s          f13, f13, f13, f12  f13=xxxxxxxx f13:4192c1ff f13:4192c1ff f12:45b5e9e9
17245886ns          289097 1c00864e 68f7f7c3 fmadd.s          f15, f15, f15, f13  f15=xxxxxxxx f15:42c36e57 f15:42c36e57 f13:45c06e24
17245906ns          289098 1c008652 5807f7d3 fsqrt.s          f15, f15            f15=xxxxxxxx f15:4675685a
17246185ns          289112 1c008656 00f4222b p.sw             x15, 4(x8!)          x8=10000f48 x15:42faa5da  x8:10000f44  PA:10000f44
17246204ns          289113 1c00863e 00472783 lw               x15, 4(x14)         x15=42b7d198 x14:1c0107c0  PA:1c0107c4
17246503ns          289128 1c008640 00072683 lw               x13, 0(x14)         x13=42824284 x14:1c0107c0  PA:1c0107c0
17246801ns          289143 1c008642 10f7f653 fmul.s           f12, f15, f15       f12=xxxxxxxx f15:42b7d198 f15:42b7d198
17246821ns          289144 1c008646 00872783 lw               x15, 8(x14)         x15=4186ce46 x14:1c0107c0  PA:1c0107c8
17247119ns          289159 1c008648 00c70713 addi             x14, x14, 12        x14=1c0107cc x14:1c0107c0
17247139ns          289160 1c00864a 60d6f6c3 fmadd.s          f13, f13, f13, f12  f13=xxxxxxxx f13:42824284 f13:42824284 f12:4603fd53
17247159ns          289161 1c00864e 68f7f7c3 fmadd.s          f15, f15, f15, f13  f15=xxxxxxxx f15:4186ce46 f15:4186ce46 f13:464644f2
17247179ns          289162 1c008652 5807f7d3 fsqrt.s          f15, f15            f15=xxxxxxxx f15:464ab4bb
17247458ns          289176 1c008656 00f4222b p.sw             x15, 4(x8!)          x8=10000f4c x15:42e3ccbd  x8:10000f48  PA:10000f48
17247477ns          289177 1c00863e 00472783 lw               x15, 4(x14)         x15=42205c2a x14:1c0107cc  PA:1c0107d0
17247776ns          289192 1c008640 00072683 lw               x13, 0(x14)         x13=40596615 x14:1c0107cc  PA:1c0107cc
17248074ns          289207 1c008642 10f7f653 fmul.s           f12, f15, f15       f12=xxxxxxxx f15:42205c2a f15:42205c2a
17248094ns          289208 1c008646 00872783 lw               x15, 8(x14)         x15=427d60d8 x14:1c0107cc  PA:1c0107d4
17248392ns          289223 1c008648 00c70713 addi             x14, x14, 12        x14=1c0107d8 x14:1c0107cc
17248412ns          289224 1c00864a 60d6f6c3 fmadd.s          f13, f13, f13, f12  f13=xxxxxxxx f13:40596615 f13:40596615 f12:44c8e6ab
17248432ns          289225 1c00864e 68f7f7c3 fmadd.s          f15, f15, f15, f13  f15=xxxxxxxx f15:427d60d8 f15:427d60d8 f13:44ca57e7
17248452ns          289226 1c008652 5807f7d3 fsqrt.s          f15, f15            f15=xxxxxxxx f15:45affa42
17248750ns          289241 1c008656 00f4222b p.sw             x15, 4(x8!)          x8=10000f50 x15:42961570  x8:10000f4c  PA:10000f4c
17248770ns          289242 1c00863e 00472783 lw               x15, 4(x14)         x15=41a38801 x14:1c0107d8  PA:1c0107dc
17249069ns          289257 1c008640 00072683 lw               x13, 0(x14)         x13=4294ffc7 x14:1c0107d8  PA:1c0107d8
17249367ns          289272 1c008642 10f7f653 fmul.s           f12, f15, f15       f12=xxxxxxxx f15:41a38801 f15:41a38801
17249387ns          289273 1c008646 00872783 lw               x15, 8(x14)         x15=426d8222 x14:1c0107d8  PA:1c0107e0
17249685ns          289288 1c008648 00c70713 addi             x14, x14, 12        x14=1c0107e4 x14:1c0107d8
17249705ns          289289 1c00864a 60d6f6c3 fmadd.s          f13, f13, f13, f12  f13=xxxxxxxx f13:4294ffc7 f13:4294ffc7 f12:43d0ecf3
17249725ns          289290 1c00864e 68f7f7c3 fmadd.s          f15, f15, f15, f13  f15=xxxxxxxx f15:426d8222 f15:426d8222 f13:45ba804a
17249745ns          289291 1c008652 5807f7d3 fsqrt.s          f15, f15            f15=xxxxxxxx f15:461456b2
17250043ns          289306 1c008656 00f4222b p.sw             x15, 4(x8!)          x8=10000f54 x15:42c2def8  x8:10000f50  PA:10000f50
17250063ns          289307 1c00863e 00472783 lw               x15, 4(x14)         x15=426fa907 x14:1c0107e4  PA:1c0107e8
17250362ns          289322 1c008640 00072683 lw               x13, 0(x14)         x13=42af2a09 x14:1c0107e4  PA:1c0107e4
17250660ns          289337 1c008642 10f7f653 fmul.s           f12, f15, f15       f12=xxxxxxxx f15:426fa907 f15:426fa907
17250680ns          289338 1c008646 00872783 lw               x15, 8(x14)         x15=42bb17f5 x14:1c0107e4  PA:1c0107ec
17250978ns          289353 1c008648 00c70713 addi             x14, x14, 12        x14=1c0107f0 x14:1c0107e4
17250998ns          289354 1c00864a 60d6f6c3 fmadd.s          f13, f13, f13, f12  f13=xxxxxxxx f13:42af2a09 f13:42af2a09 f12:45605d0b
17251018ns          289355 1c00864e 68f7f7c3 fmadd.s          f15, f15, f15, f13  f15=xxxxxxxx f15:42bb17f5 f15:42bb17f5 f13:462ff1c2
17251038ns          289356 1c008652 5807f7d3 fsqrt.s          f15, f15            f15=xxxxxxxx f15:469c56e2
17251316ns          289370 1c008656 00f4222b p.sw             x15, 4(x8!)          x8=10000f58 x15:430d7639  x8:10000f54  PA:10000f54
17251336ns          289371 1c00863e 00472783 lw               x15, 4(x14)         x15=3fa78a55 x14:1c0107f0  PA:1c0107f4
17251635ns          289386 1c008640 00072683 lw               x13, 0(x14)         x13=419e8ddf x14:1c0107f0  PA:1c0107f0
17251953ns          289402 1c008642 10f7f653 fmul.s           f12, f15, f15       f12=xxxxxxxx f15:3fa78a55 f15:3fa78a55
17251973ns          289403 1c008646 00872783 lw               x15, 8(x14)         x15=4059b708 x14:1c0107f0  PA:1c0107f8
17252271ns          289418 1c008648 00c70713 addi             x14, x14, 12        x14=1c0107fc x14:1c0107f0
17252291ns          289419 1c00864a 60d6f6c3 fmadd.s          f13, f13, f13, f12  f13=xxxxxxxx f13:419e8ddf f13:419e8ddf f12:3fdb4b8b
17252311ns          289420 1c00864e 68f7f7c3 fmadd.s          f15, f15, f15, f13  f15=xxxxxxxx f15:4059b708 f15:4059b708 f13:43c54227
17252331ns          289421 1c008652 5807f7d3 fsqrt.s          f15, f15            f15=xxxxxxxx f15:43cb0b65
17252609ns          289435 1c008656 00f4222b p.sw             x15, 4(x8!)          x8=10000f5c x15:41a13694  x8:10000f58  PA:10000f58
17252629ns          289436 1c00863e 00472783 lw               x15, 4(x14)         x15=4239ede0 x14:1c0107fc  PA:1c010800
17252947ns          289452 1c008640 00072683 lw               x13, 0(x14)         x13=41ae3932 x14:1c0107fc  PA:1c0107fc
17253246ns          289467 1c008642 10f7f653 fmul.s           f12, f15, f15       f12=xxxxxxxx f15:4239ede0 f15:4239ede0
17253266ns          289468 1c008646 00872783 lw               x15, 8(x14)         x15=3fa7a46b x14:1c0107fc  PA:1c010804
17253564ns          289483 1c008648 00c70713 addi             x14, x14, 12        x14=1c010808 x14:1c0107fc
17253584ns          289484 1c00864a 60d6f6c3 fmadd.s          f13, f13, f13, f12  f13=xxxxxxxx f13:41ae3932 f13:41ae3932 f12:450709ab
17253604ns          289485 1c00864e 68f7f7c3 fmadd.s          f15, f15, f15, f13  f15=xxxxxxxx f15:3fa7a46b f15:3fa7a46b f13:4524ae1e
17253624ns          289486 1c008652 5807f7d3 fsqrt.s          f15, f15            f15=xxxxxxxx f15:4524c990
17253902ns          289500 1c008656 00f4222b p.sw             x15, 4(x8!)          x8=10000f60 x15:424d6428  x8:10000f5c  PA:10000f5c
17253922ns          289501 1c00863e 00472783 lw               x15, 4(x14)         x15=423d2d37 x14:1c010808  PA:1c01080c
17254220ns          289516 1c008640 00072683 lw               x13, 0(x14)         x13=420cf1d5 x14:1c010808  PA:1c010808
17254539ns          289532 1c008642 10f7f653 fmul.s           f12, f15, f15       f12=xxxxxxxx f15:423d2d37 f15:423d2d37
17254559ns          289533 1c008646 00872783 lw               x15, 8(x14)         x15=42ad4694 x14:1c010808  PA:1c010810
17254857ns          289548 1c008648 00c70713 addi             x14, x14, 12        x14=1c010814 x14:1c010808
17254877ns          289549 1c00864a 60d6f6c3 fmadd.s          f13, f13, f13, f12  f13=xxxxxxxx f13:420cf1d5 f13:420cf1d5 f12:450bcbcb
17254897ns          289550 1c00864e 68f7f7c3 fmadd.s          f15, f15, f15, f13  f15=xxxxxxxx f15:42ad4694 f15:42ad4694 f13:45596530
17254917ns          289551 1c008652 5807f7d3 fsqrt.s          f15, f15            f15=xxxxxxxx f15:462ba1c3
17255195ns          289565 1c008656 00f4222b p.sw             x15, 4(x8!)          x8=10000f64 x15:42d19d05  x8:10000f60  PA:10000f60
17255215ns          289566 1c00863e 00472783 lw               x15, 4(x14)         x15=41bf8e29 x14:1c010814  PA:1c010818
17255513ns          289581 1c008640 00072683 lw               x13, 0(x14)         x13=429f1380 x14:1c010814  PA:1c010814
17255812ns          289596 1c008642 10f7f653 fmul.s           f12, f15, f15       f12=xxxxxxxx f15:41bf8e29 f15:41bf8e29
17255832ns          289597 1c008646 00872783 lw               x15, 8(x14)         x15=4205f1b3 x14:1c010814  PA:1c01081c
17256130ns          289612 1c008648 00c70713 addi             x14, x14, 12        x14=1c010820 x14:1c010814
17256150ns          289613 1c00864a 60d6f6c3 fmadd.s          f13, f13, f13, f12  f13=xxxxxxxx f13:429f1380 f13:429f1380 f12:440f5570
17256170ns          289614 1c00864e 68f7f7c3 fmadd.s          f15, f15, f15, f13  f15=xxxxxxxx f15:4205f1b3 f15:4205f1b3 f13:45d79d23
17256190ns          289615 1c008652 5807f7d3 fsqrt.s          f15, f15            f15=xxxxxxxx f15:45faa7a7
17256508ns          289631 1c008656 00f4222b p.sw             x15, 4(x8!)          x8=10000f68 x15:42b31e9d  x8:10000f64  PA:10000f64
17256528ns          289632 1c00863e 00472783 lw               x15, 4(x14)         x15=429c3a97 x14:1c010820  PA:1c010824
17256826ns          289647 1c008640 00072683 lw               x13, 0(x14)         x13=42aef76e x14:1c010820  PA:1c010820
17257124ns          289662 1c008642 10f7f653 fmul.s           f12, f15, f15       f12=xxxxxxxx f15:429c3a97 f15:429c3a97
17257144ns          289663 1c008646 00872783 lw               x15, 8(x14)         x15=42b2f67a x14:1c010820  PA:1c010828
17257443ns          289678 1c008648 00c70713 addi             x14, x14, 12        x14=1c01082c x14:1c010820
17257463ns          289679 1c00864a 60d6f6c3 fmadd.s          f13, f13, f13, f12  f13=xxxxxxxx f13:42aef76e f13:42aef76e f12:45beaeeb
17257483ns          289680 1c00864e 68f7f7c3 fmadd.s          f15, f15, f15, f13  f15=xxxxxxxx f15:42b2f67a f15:42b2f67a f13:4656ecbe
17257502ns          289681 1c008652 5807f7d3 fsqrt.s          f15, f15            f15=xxxxxxxx f15:46aa0436
17257821ns          289697 1c008656 00f4222b p.sw             x15, 4(x8!)          x8=10000f6c x15:43138515  x8:10000f68  PA:10000f68
17257841ns          289698 1c00863e 00472783 lw               x15, 4(x14)         x15=429970b1 x14:1c01082c  PA:1c010830
17258139ns          289713 1c008640 00072683 lw               x13, 0(x14)         x13=42670278 x14:1c01082c  PA:1c01082c
17258437ns          289728 1c008642 10f7f653 fmul.s           f12, f15, f15       f12=xxxxxxxx f15:429970b1 f15:429970b1
17258457ns          289729 1c008646 00872783 lw               x15, 8(x14)         x15=42359ee1 x14:1c01082c  PA:1c010834
17258756ns          289744 1c008648 00c70713 addi             x14, x14, 12        x14=1c010838 x14:1c01082c
17258775ns          289745 1c00864a 60d6f6c3 fmadd.s          f13, f13, f13, f12  f13=xxxxxxxx f13:42670278 f13:42670278 f12:45b7efca
17258795ns          289746 1c00864e 68f7f7c3 fmadd.s          f15, f15, f15, f13  f15=xxxxxxxx f15:42359ee1 f15:42359ee1 f13:46101542
17258815ns          289747 1c008652 5807f7d3 fsqrt.s          f15, f15            f15=xxxxxxxx f15:46304bc5
17259133ns          289763 1c008656 00f4222b p.sw             x15, 4(x8!)          x8=10000f70 x15:42d47140  x8:10000f6c  PA:10000f6c
17259153ns          289764 1c00863e 00472783 lw               x15, 4(x14)         x15=42a9b6ee x14:1c010838  PA:1c01083c
17259452ns          289779 1c008640 00072683 lw               x13, 0(x14)         x13=421c9d3a x14:1c010838  PA:1c010838
17259750ns          289794 1c008642 10f7f653 fmul.s           f12, f15, f15       f12=xxxxxxxx f15:42a9b6ee f15:42a9b6ee
17259770ns          289795 1c008646 00872783 lw               x15, 8(x14)         x15=40821472 x14:1c010838  PA:1c010840
17260068ns          289810 1c008648 00c70713 addi             x14, x14, 12        x14=1c010844 x14:1c010838
17260088ns          289811 1c00864a 60d6f6c3 fmadd.s          f13, f13, f13, f12  f13=xxxxxxxx f13:421c9d3a f13:421c9d3a f12:45e10612
17260108ns          289812 1c00864e 68f7f7c3 fmadd.s          f15, f15, f15, f13  f15=xxxxxxxx f15:40821472 f15:40821472 f13:46087709
17260128ns          289813 1c008652 5807f7d3 fsqrt.s          f15, f15            f15=xxxxxxxx f15:4608b922
17260446ns          289829 1c008656 00f4222b p.sw             x15, 4(x8!)          x8=10000f74 x15:42bb15fd  x8:10000f70  PA:10000f70
17260466ns          289830 1c00863e 00472783 lw               x15, 4(x14)         x15=415af675 x14:1c010844  PA:1c010848
17260764ns          289845 1c008640 00072683 lw               x13, 0(x14)         x13=42048017 x14:1c010844  PA:1c010844
17261063ns          289860 1c008642 10f7f653 fmul.s           f12, f15, f15       f12=xxxxxxxx f15:415af675 f15:415af675
17261083ns          289861 1c008646 00872783 lw               x15, 8(x14)         x15=423c56d5 x14:1c010844  PA:1c01084c
17261381ns          289876 1c008648 00c70713 addi             x14, x14, 12        x14=1c010850 x14:1c010844
17261401ns          289877 1c00864a 60d6f6c3 fmadd.s          f13, f13, f13, f12  f13=xxxxxxxx f13:42048017 f13:42048017 f12:433b48ad
17261421ns          289878 1c00864e 68f7f7c3 fmadd.s          f15, f15, f15, f13  f15=xxxxxxxx f15:423c56d5 f15:423c56d5 f13:44a091c5
17261441ns          289879 1c008652 5807f7d3 fsqrt.s          f15, f15            f15=xxxxxxxx f15:455ad889
17261759ns          289895 1c008656 00f4222b p.sw             x15, 4(x8!)          x8=10000f78 x15:426cb1ed  x8:10000f74  PA:10000f74
17261779ns          289896 1c00863e 00472783 lw               x15, 4(x14)         x15=426ac969 x14:1c010850  PA:1c010854
17262077ns          289911 1c008640 00072683 lw               x13, 0(x14)         x13=4215418d x14:1c010850  PA:1c010850
17262376ns          289926 1c008642 10f7f653 fmul.s           f12, f15, f15       f12=xxxxxxxx f15:426ac969 f15:426ac969
17262396ns          289927 1c008646 00872783 lw               x15, 8(x14)         x15=425df8c5 x14:1c010850  PA:1c010858
17262694ns          289942 1c008648 00c70713 addi             x14, x14, 12        x14=1c01085c x14:1c010850
17262714ns          289943 1c00864a 60d6f6c3 fmadd.s          f13, f13, f13, f12  f13=xxxxxxxx f13:4215418d f13:4215418d f12:455754d2
17262734ns          289944 1c00864e 68f7f7c3 fmadd.s          f15, f15, f15, f13  f15=xxxxxxxx f15:425df8c5 f15:425df8c5 f13:45972d18
17262754ns          289945 1c008652 5807f7d3 fsqrt.s          f15, f15            f15=xxxxxxxx f15:45f768d3
17263072ns          289961 1c008656 00f4222b p.sw             x15, 4(x8!)          x8=10000f7c x15:42b1f4ca  x8:10000f78  PA:10000f78
17263092ns          289962 1c00863e 00472783 lw               x15, 4(x14)         x15=421c37e8 x14:1c01085c  PA:1c010860
17263390ns          289977 1c008640 00072683 lw               x13, 0(x14)         x13=4288d61b x14:1c01085c  PA:1c01085c
17263688ns          289992 1c008642 10f7f653 fmul.s           f12, f15, f15       f12=xxxxxxxx f15:421c37e8 f15:421c37e8
17263708ns          289993 1c008646 00872783 lw               x15, 8(x14)         x15=41f07bd8 x14:1c01085c  PA:1c010864
17264007ns          290008 1c008648 00c70713 addi             x14, x14, 12        x14=1c010868 x14:1c01085c
17264027ns          290009 1c00864a 60d6f6c3 fmadd.s          f13, f13, f13, f12  f13=xxxxxxxx f13:4288d61b f13:4288d61b f12:44bea85e
17264046ns          290010 1c00864e 68f7f7c3 fmadd.s          f15, f15, f15, f13  f15=xxxxxxxx f15:41f07bd8 f15:41f07bd8 f13:45c1f277
17264066ns          290011 1c008652 5807f7d3 fsqrt.s          f15, f15            f15=xxxxxxxx f15:45de2f85
17264385ns          290027 1c008656 00f4222b p.sw             x15, 4(x8!)          x8=10000f80 x15:42a8a413  x8:10000f7c  PA:10000f7c
17264404ns          290028 1c00863e 00472783 lw               x15, 4(x14)         x15=428e1d53 x14:1c010868  PA:1c01086c
17264703ns          290043 1c008640 00072683 lw               x13, 0(x14)         x13=426489f3 x14:1c010868  PA:1c010868
17265001ns          290058 1c008642 10f7f653 fmul.s           f12, f15, f15       f12=xxxxxxxx f15:428e1d53 f15:428e1d53
17265021ns          290059 1c008646 00872783 lw               x15, 8(x14)         x15=42c46f7c x14:1c010868  PA:1c010870
17265319ns          290074 1c008648 00c70713 addi             x14, x14, 12        x14=1c010874 x14:1c010868
17265339ns          290075 1c00864a 60d6f6c3 fmadd.s          f13, f13, f13, f12  f13=xxxxxxxx f13:426489f3 f13:426489f3 f12:459dc917
17265359ns          290076 1c00864e 68f7f7c3 fmadd.s          f15, f15, f15, f13  f15=xxxxxxxx f15:42c46f7c f15:42c46f7c f13:4601e60c
17265379ns          290077 1c008652 5807f7d3 fsqrt.s          f15, f15            f15=xxxxxxxx f15:468c5079
17265658ns          290091 1c008656 00f4222b p.sw             x15, 4(x8!)          x8=10000f84 x15:4306040c  x8:10000f80  PA:10000f80
17265678ns          290092 1c00863e 00472783 lw               x15, 4(x14)         x15=40a6acad x14:1c010874  PA:1c010878
17265976ns          290107 1c008640 00072683 lw               x13, 0(x14)         x13=42393e30 x14:1c010874  PA:1c010874
17266274ns          290122 1c008642 10f7f653 fmul.s           f12, f15, f15       f12=xxxxxxxx f15:40a6acad f15:40a6acad
17266294ns          290123 1c008646 00872783 lw               x15, 8(x14)         x15=42be3a54 x14:1c010874  PA:1c01087c
17266592ns          290138 1c008648 00c70713 addi             x14, x14, 12        x14=1c010880 x14:1c010874
17266612ns          290139 1c00864a 60d6f6c3 fmadd.s          f13, f13, f13, f12  f13=xxxxxxxx f13:42393e30 f13:42393e30 f12:41d908ca
17266632ns          290140 1c00864e 68f7f7c3 fmadd.s          f15, f15, f15, f13  f15=xxxxxxxx f15:42be3a54 f15:42be3a54 f13:4507bd02
17266652ns          290141 1c008652 5807f7d3 fsqrt.s          f15, f15            f15=xxxxxxxx f15:462f49e2
17266951ns          290156 1c008656 00f4222b p.sw             x15, 4(x8!)          x8=10000f88 x15:42d3d5a6  x8:10000f84  PA:10000f84
17266970ns          290157 1c00863e 00472783 lw               x15, 4(x14)         x15=4280b8c7 x14:1c010880  PA:1c010884
17267269ns          290172 1c008640 00072683 lw               x13, 0(x14)         x13=4118ad9b x14:1c010880  PA:1c010880
17267567ns          290187 1c008642 10f7f653 fmul.s           f12, f15, f15       f12=xxxxxxxx f15:4280b8c7 f15:4280b8c7
17267587ns          290188 1c008646 00872783 lw               x15, 8(x14)         x15=41b3cb48 x14:1c010880  PA:1c010888
17267885ns          290203 1c008648 00c70713 addi             x14, x14, 12        x14=1c01088c x14:1c010880
17267905ns          290204 1c00864a 60d6f6c3 fmadd.s          f13, f13, f13, f12  f13=xxxxxxxx f13:4118ad9b f13:4118ad9b f12:45817299
17267925ns          290205 1c00864e 68f7f7c3 fmadd.s          f15, f15, f15, f13  f15=xxxxxxxx f15:41b3cb48 f15:41b3cb48 f13:45844b0e
17267945ns          290206 1c008652 5807f7d3 fsqrt.s          f15, f15            f15=xxxxxxxx f15:459413cb
17268243ns          290221 1c008656 00f4222b p.sw             x15, 4(x8!)          x8=10000f8c x15:4289ac54  x8:10000f88  PA:10000f88
17268263ns          290222 1c00863e 00472783 lw               x15, 4(x14)         x15=42734989 x14:1c01088c  PA:1c010890
17268582ns          290238 1c008640 00072683 lw               x13, 0(x14)         x13=4244ded9 x14:1c01088c  PA:1c01088c
17268880ns          290253 1c008642 10f7f653 fmul.s           f12, f15, f15       f12=xxxxxxxx f15:42734989 f15:42734989
17268900ns          290254 1c008646 00872783 lw               x15, 8(x14)         x15=40474cbc x14:1c01088c  PA:1c010894
17269198ns          290269 1c008648 00c70713 addi             x14, x14, 12        x14=1c010898 x14:1c01088c
17269218ns          290270 1c00864a 60d6f6c3 fmadd.s          f13, f13, f13, f12  f13=xxxxxxxx f13:4244ded9 f13:4244ded9 f12:456734af
17269238ns          290271 1c00864e 68f7f7c3 fmadd.s          f15, f15, f15, f13  f15=xxxxxxxx f15:40474cbc f15:40474cbc f13:45bf4d57
17269258ns          290272 1c008652 5807f7d3 fsqrt.s          f15, f15            f15=xxxxxxxx f15:45bf9aeb
17269536ns          290286 1c008656 00f4222b p.sw             x15, 4(x8!)          x8=10000f90 x15:429c9b27  x8:10000f8c  PA:10000f8c
17269556ns          290287 1c00863e 00472783 lw               x15, 4(x14)         x15=42b479b4 x14:1c010898  PA:1c01089c
17269874ns          290303 1c008640 00072683 lw               x13, 0(x14)         x13=425d8860 x14:1c010898  PA:1c010898
17270173ns          290318 1c008642 10f7f653 fmul.s           f12, f15, f15       f12=xxxxxxxx f15:42b479b4 f15:42b479b4
17270193ns          290319 1c008646 00872783 lw               x15, 8(x14)         x15=421df762 x14:1c010898  PA:1c0108a0
17270491ns          290334 1c008648 00c70713 addi             x14, x14, 12        x14=1c0108a4 x14:1c010898
17270511ns          290335 1c00864a 60d6f6c3 fmadd.s          f13, f13, f13, f12  f13=xxxxxxxx f13:425d8860 f13:425d8860 f12:45fe76be
17270531ns          290336 1c00864e 68f7f7c3 fmadd.s          f15, f15, f15, f13  f15=xxxxxxxx f15:421df762 f15:421df762 f13:462f288f
17270551ns          290337 1c008652 5807f7d3 fsqrt.s          f15, f15            f15=xxxxxxxx f15:464786e6
17270849ns          290352 1c008656 00f4222b p.sw             x15, 4(x8!)          x8=10000f94 x15:42e201a4  x8:10000f90  PA:10000f90
17270869ns          290353 1c00863e 00472783 lw               x15, 4(x14)         x15=42a858ad x14:1c0108a4  PA:1c0108a8
17271187ns          290369 1c008640 00072683 lw               x13, 0(x14)         x13=421171e1 x14:1c0108a4  PA:1c0108a4
17271486ns          290384 1c008642 10f7f653 fmul.s           f12, f15, f15       f12=xxxxxxxx f15:42a858ad f15:42a858ad
17271505ns          290385 1c008646 00872783 lw               x15, 8(x14)         x15=425e344c x14:1c0108a4  PA:1c0108ac
17271804ns          290400 1c008648 00c70713 addi             x14, x14, 12        x14=1c0108b0 x14:1c0108a4
17271824ns          290401 1c00864a 60d6f6c3 fmadd.s          f13, f13, f13, f12  f13=xxxxxxxx f13:421171e1 f13:421171e1 f12:45dd6904
17271844ns          290402 1c00864e 68f7f7c3 fmadd.s          f15, f15, f15, f13  f15=xxxxxxxx f15:425e344c f15:425e344c f13:46035d0f
17271864ns          290403 1c008652 5807f7d3 fsqrt.s          f15, f15            f15=xxxxxxxx f15:463394bf
17272162ns          290418 1c008656 00f4222b p.sw             x15, 4(x8!)          x8=10000f98 x15:42d6699e  x8:10000f94  PA:10000f94
17272182ns          290419 1c00863e 00472783 lw               x15, 4(x14)         x15=4237fc06 x14:1c0108b0  PA:1c0108b4
17272500ns          290435 1c008640 00072683 lw               x13, 0(x14)         x13=3fadeab8 x14:1c0108b0  PA:1c0108b0
17272798ns          290450 1c008642 10f7f653 fmul.s           f12, f15, f15       f12=xxxxxxxx f15:4237fc06 f15:4237fc06
17272818ns          290451 1c008646 00872783 lw               x15, 8(x14)         x15=42aaec9f x14:1c0108b0  PA:1c0108b8
17273117ns          290466 1c008648 00c70713 addi             x14, x14, 12        x14=1c0108bc x14:1c0108b0
17273137ns          290467 1c00864a 60d6f6c3 fmadd.s          f13, f13, f13, f12  f13=xxxxxxxx f13:3fadeab8 f13:3fadeab8 f12:45043a49
17273156ns          290468 1c00864e 68f7f7c3 fmadd.s          f15, f15, f15, f13  f15=xxxxxxxx f15:42aaec9f f15:42aaec9f f13:450457d3
17273176ns          290469 1c008652 5807f7d3 fsqrt.s          f15, f15            f15=xxxxxxxx f15:46133513
17273475ns          290484 1c008656 00f4222b p.sw             x15, 4(x8!)          x8=10000f9c x15:42c2205e  x8:10000f98  PA:10000f98
17273495ns          290485 1c00863e 00472783 lw               x15, 4(x14)         x15=426fdd08 x14:1c0108bc  PA:1c0108c0
17273813ns          290501 1c008640 00072683 lw               x13, 0(x14)         x13=427df2fd x14:1c0108bc  PA:1c0108bc
17274111ns          290516 1c008642 10f7f653 fmul.s           f12, f15, f15       f12=xxxxxxxx f15:426fdd08 f15:426fdd08
17274131ns          290517 1c008646 00872783 lw               x15, 8(x14)         x15=42818f1c x14:1c0108bc  PA:1c0108c4
17274429ns          290532 1c008648 00c70713 addi             x14, x14, 12        x14=1c0108c8 x14:1c0108bc
17274449ns          290533 1c00864a 60d6f6c3 fmadd.s          f13, f13, f13, f12  f13=xxxxxxxx f13:427df2fd f13:427df2fd f12:4560be74
17274469ns          290534 1c00864e 68f7f7c3 fmadd.s          f15, f15, f15, f13  f15=xxxxxxxx f15:42818f1c f15:42818f1c f13:45ee5451
17274489ns          290535 1c008652 5807f7d3 fsqrt.s          f15, f15            f15=xxxxxxxx f15:4638bbb3
17274787ns          290550 1c008656 00f4222b p.sw             x15, 4(x8!)          x8=10000fa0 x15:42d97770  x8:10000f9c  PA:10000f9c
17274807ns          290551 1c00863e 00472783 lw               x15, 4(x14)         x15=42bd4cd7 x14:1c0108c8  PA:1c0108cc
17275106ns          290566 1c008640 00072683 lw               x13, 0(x14)         x13=4285d1ff x14:1c0108c8  PA:1c0108c8
17275404ns          290581 1c008642 10f7f653 fmul.s           f12, f15, f15       f12=xxxxxxxx f15:42bd4cd7 f15:42bd4cd7
17275424ns          290582 1c008646 00872783 lw               x15, 8(x14)         x15=42243e26 x14:1c0108c8  PA:1c0108d0
17275722ns          290597 1c008648 00c70713 addi             x14, x14, 12        x14=1c0108d4 x14:1c0108c8
17275742ns          290598 1c00864a 60d6f6c3 fmadd.s          f13, f13, f13, f12  f13=xxxxxxxx f13:4285d1ff f13:4285d1ff f12:460bfa8d
17275762ns          290599 1c00864e 68f7f7c3 fmadd.s          f15, f15, f15, f13  f15=xxxxxxxx f15:42243e26 f15:42243e26 f13:4651ee6c
17275782ns          290600 1c008652 5807f7d3 fsqrt.s          f15, f15            f15=xxxxxxxx f15:466c4658
17276100ns          290616 1c008656 00f4222b p.sw             x15, 4(x8!)          x8=10000fa4 x15:42f5f091  x8:10000fa0  PA:10000fa0
17276120ns          290617 1c00863e 00472783 lw               x15, 4(x14)         x15=425e2415 x14:1c0108d4  PA:1c0108d8
17276419ns          290632 1c008640 00072683 lw               x13, 0(x14)         x13=4205c0ae x14:1c0108d4  PA:1c0108d4
17276717ns          290647 1c008642 10f7f653 fmul.s           f12, f15, f15       f12=xxxxxxxx f15:425e2415 f15:425e2415
17276737ns          290648 1c008646 00872783 lw               x15, 8(x14)         x15=42a2f902 x14:1c0108d4  PA:1c0108dc
17277035ns          290663 1c008648 00c70713 addi             x14, x14, 12        x14=1c0108e0 x14:1c0108d4
17277055ns          290664 1c00864a 60d6f6c3 fmadd.s          f13, f13, f13, f12  f13=xxxxxxxx f13:4205c0ae f13:4205c0ae f12:4540c29a
17277075ns          290665 1c00864e 68f7f7c3 fmadd.s          f15, f15, f15, f13  f15=xxxxxxxx f15:42a2f902 f15:42a2f902 f13:45835230
17277095ns          290666 1c008652 5807f7d3 fsqrt.s          f15, f15            f15=xxxxxxxx f15:46296931
17277413ns          290682 1c008656 00f4222b p.sw             x15, 4(x8!)          x8=10000fa8 x15:42d040b2  x8:10000fa4  PA:10000fa4
17277433ns          290683 1c00863e 00472783 lw               x15, 4(x14)         x15=411591ec x14:1c0108e0  PA:1c0108e4
17277731ns          290698 1c008640 00072683 lw               x13, 0(x14)         x13=4230ed47 x14:1c0108e0  PA:1c0108e0
17278030ns          290713 1c008642 10f7f653 fmul.s           f12, f15, f15       f12=xxxxxxxx f15:411591ec f15:411591ec
17278050ns          290714 1c008646 00872783 lw               x15, 8(x14)         x15=428d525f x14:1c0108e0  PA:1c0108e8
17278348ns          290729 1c008648 00c70713 addi             x14, x14, 12        x14=1c0108ec x14:1c0108e0
17278368ns          290730 1c00864a 60d6f6c3 fmadd.s          f13, f13, f13, f12  f13=xxxxxxxx f13:4230ed47 f13:4230ed47 f12:42aec660
17278388ns          290731 1c00864e 68f7f7c3 fmadd.s          f15, f15, f15, f13  f15=xxxxxxxx f15:428d525f f15:428d525f f13:44ff7aa1
17278408ns          290732 1c008652 5807f7d3 fsqrt.s          f15, f15            f15=xxxxxxxx f15:45dbe657
17278706ns          290747 1c008656 00f4222b p.sw             x15, 4(x8!)          x8=10000fac x15:42a7c56c  x8:10000fa8  PA:10000fa8
17278726ns          290748 1c00863e 00472783 lw               x15, 4(x14)         x15=428da477 x14:1c0108ec  PA:1c0108f0
17279024ns          290763 1c008640 00072683 lw               x13, 0(x14)         x13=3f55ba8e x14:1c0108ec  PA:1c0108ec
17279323ns          290778 1c008642 10f7f653 fmul.s           f12, f15, f15       f12=xxxxxxxx f15:428da477 f15:428da477
17279342ns          290779 1c008646 00872783 lw               x15, 8(x14)         x15=40883338 x14:1c0108ec  PA:1c0108f4
17279641ns          290794 1c008648 00c70713 addi             x14, x14, 12        x14=1c0108f8 x14:1c0108ec
17279661ns          290795 1c00864a 60d6f6c3 fmadd.s          f13, f13, f13, f12  f13=xxxxxxxx f13:3f55ba8e f13:3f55ba8e f12:459cbd29
17279681ns          290796 1c00864e 68f7f7c3 fmadd.s          f15, f15, f15, f13  f15=xxxxxxxx f15:40883338 f15:40883338 f13:459cc2bc
17279700ns          290797 1c008652 5807f7d3 fsqrt.s          f15, f15            f15=xxxxxxxx f15:459d53a9
17279979ns          290811 1c008656 00f4222b p.sw             x15, 4(x8!)          x8=10000fb0 x15:428de867  x8:10000fac  PA:10000fac
17279999ns          290812 1c00863e 00472783 lw               x15, 4(x14)         x15=423519f1 x14:1c0108f8  PA:1c0108fc
17280297ns          290827 1c008640 00072683 lw               x13, 0(x14)         x13=42553233 x14:1c0108f8  PA:1c0108f8
17280596ns          290842 1c008642 10f7f653 fmul.s           f12, f15, f15       f12=xxxxxxxx f15:423519f1 f15:423519f1
17280615ns          290843 1c008646 00872783 lw               x15, 8(x14)         x15=42974dd1 x14:1c0108f8  PA:1c010900
17280914ns          290858 1c008648 00c70713 addi             x14, x14, 12        x14=1c010904 x14:1c0108f8
17280934ns          290859 1c00864a 60d6f6c3 fmadd.s          f13, f13, f13, f12  f13=xxxxxxxx f13:42553233 f13:42553233 f12:45001db1
17280954ns          290860 1c00864e 68f7f7c3 fmadd.s          f15, f15, f15, f13  f15=xxxxxxxx f15:42974dd1 f15:42974dd1 f13:4598d522
17280973ns          290861 1c008652 5807f7d3 fsqrt.s          f15, f15            f15=xxxxxxxx f15:4625d775
17281252ns          290875 1c008656 00f4222b p.sw             x15, 4(x8!)          x8=10000fb4 x15:42ce0c17  x8:10000fb0  PA:10000fb0
17281272ns          290876 1c00863e 00472783 lw               x15, 4(x14)         x15=420d2734 x14:1c010904  PA:1c010908
17281570ns          290891 1c008640 00072683 lw               x13, 0(x14)         x13=42779a91 x14:1c010904  PA:1c010904
17281888ns          290907 1c008642 10f7f653 fmul.s           f12, f15, f15       f12=xxxxxxxx f15:420d2734 f15:420d2734
17281908ns          290908 1c008646 00872783 lw               x15, 8(x14)         x15=42bf6e24 x14:1c010904  PA:1c01090c
17282207ns          290923 1c008648 00c70713 addi             x14, x14, 12        x14=1c010910 x14:1c010904
17282227ns          290924 1c00864a 60d6f6c3 fmadd.s          f13, f13, f13, f12  f13=xxxxxxxx f13:42779a91 f13:42779a91 f12:449ba86b
17282246ns          290925 1c00864e 68f7f7c3 fmadd.s          f15, f15, f15, f13  f15=xxxxxxxx f15:42bf6e24 f15:42bf6e24 f13:459ea7eb
17282266ns          290926 1c008652 5807f7d3 fsqrt.s          f15, f15            f15=xxxxxxxx f15:465e797f
17282545ns          290940 1c008656 00f4222b p.sw             x15, 4(x8!)          x8=10000fb8 x15:42eea63a  x8:10000fb4  PA:10000fb4
17282565ns          290941 1c00863e 00472783 lw               x15, 4(x14)         x15=421b61ed x14:1c010910  PA:1c010914
17282883ns          290957 1c008640 00072683 lw               x13, 0(x14)         x13=42848984 x14:1c010910  PA:1c010910
17283201ns          290973 1c008642 10f7f653 fmul.s           f12, f15, f15       f12=xxxxxxxx f15:421b61ed f15:421b61ed
17283221ns          290974 1c008646 00872783 lw               x15, 8(x14)         x15=418c5c11 x14:1c010910  PA:1c010918
17283520ns          290989 1c008648 00c70713 addi             x14, x14, 12        x14=1c01091c x14:1c010910
17283539ns          290990 1c00864a 60d6f6c3 fmadd.s          f13, f13, f13, f12  f13=xxxxxxxx f13:42848984 f13:42848984 f12:44bc9f75
17283559ns          290991 1c00864e 68f7f7c3 fmadd.s          f15, f15, f15, f13  f15=xxxxxxxx f15:418c5c11 f15:418c5c11 f13:45b86411
17283579ns          290992 1c008652 5807f7d3 fsqrt.s          f15, f15            f15=xxxxxxxx f15:45c202ab
17283858ns          291006 1c008656 00f4222b p.sw             x15, 4(x8!)          x8=10000fbc x15:429d9601  x8:10000fb8  PA:10000fb8
17283878ns          291007 1c00863e 00472783 lw               x15, 4(x14)         x15=4213fe69 x14:1c01091c  PA:1c010920
17284196ns          291023 1c008640 00072683 lw               x13, 0(x14)         x13=42ba2111 x14:1c01091c  PA:1c01091c
17284514ns          291039 1c008642 10f7f653 fmul.s           f12, f15, f15       f12=xxxxxxxx f15:4213fe69 f15:4213fe69
17284534ns          291040 1c008646 00872783 lw               x15, 8(x14)         x15=424204a3 x14:1c01091c  PA:1c010924
17284832ns          291055 1c008648 00c70713 addi             x14, x14, 12        x14=1c010928 x14:1c01091c
17284852ns          291056 1c00864a 60d6f6c3 fmadd.s          f13, f13, f13, f12  f13=xxxxxxxx f13:42ba2111 f13:42ba2111 f12:44ab1c53
17284872ns          291057 1c00864e 68f7f7c3 fmadd.s          f15, f15, f15, f13  f15=xxxxxxxx f15:424204a3 f15:424204a3 f13:461cb79b
17284892ns          291058 1c008652 5807f7d3 fsqrt.s          f15, f15            f15=xxxxxxxx f15:46417a5d
17285170ns          291072 1c008656 00f4222b p.sw             x15, 4(x8!)          x8=10000fc0 x15:42de8ddf  x8:10000fbc  PA:10000fbc
17285190ns          291073 1c00863e 00472783 lw               x15, 4(x14)         x15=3e07c95b x14:1c010928  PA:1c01092c
17285509ns          291089 1c008640 00072683 lw               x13, 0(x14)         x13=428030ca x14:1c010928  PA:1c010928
17285827ns          291105 1c008642 10f7f653 fmul.s           f12, f15, f15       f12=xxxxxxxx f15:3e07c95b f15:3e07c95b
17285847ns          291106 1c008646 00872783 lw               x15, 8(x14)         x15=42c110a3 x14:1c010928  PA:1c010930
17286145ns          291121 1c008648 00c70713 addi             x14, x14, 12        x14=1c010934 x14:1c010928
17286165ns          291122 1c00864a 60d6f6c3 fmadd.s          f13, f13, f13, f12  f13=xxxxxxxx f13:428030ca f13:428030ca f12:3c900bf9
17286185ns          291123 1c00864e 68f7f7c3 fmadd.s          f15, f15, f15, f13  f15=xxxxxxxx f15:42c110a3 f15:42c110a3 f13:458061cb
17286205ns          291124 1c008652 5807f7d3 fsqrt.s          f15, f15            f15=xxxxxxxx f15:4651cafc
17286483ns          291138 1c008656 00f4222b p.sw             x15, 4(x8!)          x8=10000fc4 x15:42e7bf68  x8:10000fc0  PA:10000fc0
17286503ns          291139 1c00863e 00472783 lw               x15, 4(x14)         x15=4197bf2d x14:1c010934  PA:1c010938
17286821ns          291155 1c008640 00072683 lw               x13, 0(x14)         x13=42c5f9be x14:1c010934  PA:1c010934
17287140ns          291171 1c008642 10f7f653 fmul.s           f12, f15, f15       f12=xxxxxxxx f15:4197bf2d f15:4197bf2d
17287160ns          291172 1c008646 00872783 lw               x15, 8(x14)         x15=422eafa4 x14:1c010934  PA:1c01093c
17287458ns          291187 1c008648 00c70713 addi             x14, x14, 12        x14=1c010940 x14:1c010934
17287478ns          291188 1c00864a 60d6f6c3 fmadd.s          f13, f13, f13, f12  f13=xxxxxxxx f13:42c5f9be f13:42c5f9be f12:43b3e62c
17287498ns          291189 1c00864e 68f7f7c3 fmadd.s          f15, f15, f15, f13  f15=xxxxxxxx f15:422eafa4 f15:422eafa4 f13:461eb983
17287518ns          291190 1c008652 5807f7d3 fsqrt.s          f15, f15            f15=xxxxxxxx f15:463c8652
17287796ns          291204 1c008656 00f4222b p.sw             x15, 4(x8!)          x8=10000fc8 x15:42dbafd7  x8:10000fc4  PA:10000fc4
17287816ns          291205 1c00863e 00472783 lw               x15, 4(x14)         x15=428c6228 x14:1c010940  PA:1c010944
17288134ns          291221 1c008640 00072683 lw               x13, 0(x14)         x13=42704629 x14:1c010940  PA:1c010940
17288452ns          291237 1c008642 10f7f653 fmul.s           f12, f15, f15       f12=xxxxxxxx f15:428c6228 f15:428c6228
17288472ns          291238 1c008646 00872783 lw               x15, 8(x14)         x15=424a2721 x14:1c010940  PA:1c010948
17288771ns          291253 1c008648 00c70713 addi             x14, x14, 12        x14=1c01094c x14:1c010940
17288791ns          291254 1c00864a 60d6f6c3 fmadd.s          f13, f13, f13, f12  f13=xxxxxxxx f13:42704629 f13:42704629 f12:4599f703
17288810ns          291255 1c00864e 68f7f7c3 fmadd.s          f15, f15, f15, f13  f15=xxxxxxxx f15:424a2721 f15:424a2721 f13:46055c6a
17288830ns          291256 1c008652 5807f7d3 fsqrt.s          f15, f15            f15=xxxxxxxx f15:462d44dc
17289109ns          291270 1c008656 00f4222b p.sw             x15, 4(x8!)          x8=10000fcc x15:42d29c56  x8:10000fc8  PA:10000fc8
17289129ns          291271 1c00863e 00472783 lw               x15, 4(x14)         x15=4147784b x14:1c01094c  PA:1c010950
17289447ns          291287 1c008640 00072683 lw               x13, 0(x14)         x13=425479c0 x14:1c01094c  PA:1c01094c
17289745ns          291302 1c008642 10f7f653 fmul.s           f12, f15, f15       f12=xxxxxxxx f15:4147784b f15:4147784b
17289765ns          291303 1c008646 00872783 lw               x15, 8(x14)         x15=40d2e58c x14:1c01094c  PA:1c010954
17290064ns          291318 1c008648 00c70713 addi             x14, x14, 12        x14=1c010958 x14:1c01094c
17290083ns          291319 1c00864a 60d6f6c3 fmadd.s          f13, f13, f13, f12  f13=xxxxxxxx f13:425479c0 f13:425479c0 f12:431b6c3d
17290103ns          291320 1c00864e 68f7f7c3 fmadd.s          f15, f15, f15, f13  f15=xxxxxxxx f15:40d2e58c f15:40d2e58c f13:453a10a4
17290123ns          291321 1c008652 5807f7d3 fsqrt.s          f15, f15            f15=xxxxxxxx f15:453cc79a
17290402ns          291335 1c008656 00f4222b p.sw             x15, 4(x8!)          x8=10000fd0 x15:425bd5dc  x8:10000fcc  PA:10000fcc
17290422ns          291336 1c00863e 00472783 lw               x15, 4(x14)         x15=42ab631c x14:1c010958  PA:1c01095c
17290720ns          291351 1c008640 00072683 lw               x13, 0(x14)         x13=428b7f55 x14:1c010958  PA:1c010958
17291018ns          291366 1c008642 10f7f653 fmul.s           f12, f15, f15       f12=xxxxxxxx f15:42ab631c f15:42ab631c
17291038ns          291367 1c008646 00872783 lw               x15, 8(x14)         x15=4122e2cd x14:1c010958  PA:1c010960
17291337ns          291382 1c008648 00c70713 addi             x14, x14, 12        x14=1c010964 x14:1c010958
17291356ns          291383 1c00864a 60d6f6c3 fmadd.s          f13, f13, f13, f12  f13=xxxxxxxx f13:428b7f55 f13:428b7f55 f12:45e57b1c
17291376ns          291384 1c00864e 68f7f7c3 fmadd.s          f15, f15, f15, f13  f15=xxxxxxxx f15:4122e2cd f15:4122e2cd f13:463ec114
17291396ns          291385 1c008652 5807f7d3 fsqrt.s          f15, f15            f15=xxxxxxxx f15:46405fa3
17291675ns          291399 1c008656 00f4222b p.sw             x15, 4(x8!)          x8=10000fd4 x15:42ddeb08  x8:10000fd0  PA:10000fd0
17291695ns          291400 1c00863e 00472783 lw               x15, 4(x14)         x15=428a9e1c x14:1c010964  PA:1c010968
17291993ns          291415 1c008640 00072683 lw               x13, 0(x14)         x13=42069fe6 x14:1c010964  PA:1c010964
17292291ns          291430 1c008642 10f7f653 fmul.s           f12, f15, f15       f12=xxxxxxxx f15:428a9e1c f15:428a9e1c
17292311ns          291431 1c008646 00872783 lw               x15, 8(x14)         x15=42c0eaf2 x14:1c010964  PA:1c01096c
17292610ns          291446 1c008648 00c70713 addi             x14, x14, 12        x14=1c010970 x14:1c010964
17292629ns          291447 1c00864a 60d6f6c3 fmadd.s          f13, f13, f13, f12  f13=xxxxxxxx f13:42069fe6 f13:42069fe6 f12:45961db0
17292649ns          291448 1c00864e 68f7f7c3 fmadd.s          f15, f15, f15, f13  f15=xxxxxxxx f15:42c0eaf2 f15:42c0eaf2 f13:45b98394
17292669ns          291449 1c008652 5807f7d3 fsqrt.s          f15, f15            f15=xxxxxxxx f15:466e230d
17292968ns          291464 1c008656 00f4222b p.sw             x15, 4(x8!)          x8=10000fd8 x15:42f6e82f  x8:10000fd4  PA:10000fd4
17292988ns          291465 1c00863e 00472783 lw               x15, 4(x14)         x15=42931e96 x14:1c010970  PA:1c010974
17293286ns          291480 1c008640 00072683 lw               x13, 0(x14)         x13=410fe289 x14:1c010970  PA:1c010970
17293584ns          291495 1c008642 10f7f653 fmul.s           f12, f15, f15       f12=xxxxxxxx f15:42931e96 f15:42931e96
17293604ns          291496 1c008646 00872783 lw               x15, 8(x14)         x15=42bcc7fd x14:1c010970  PA:1c010978
17293902ns          291511 1c008648 00c70713 addi             x14, x14, 12        x14=1c01097c x14:1c010970
17293922ns          291512 1c00864a 60d6f6c3 fmadd.s          f13, f13, f13, f12  f13=xxxxxxxx f13:410fe289 f13:410fe289 f12:45a91848
17293942ns          291513 1c00864e 68f7f7c3 fmadd.s          f15, f15, f15, f13  f15=xxxxxxxx f15:42bcc7fd f15:42bcc7fd f13:45ab9f3f
17293962ns          291514 1c008652 5807f7d3 fsqrt.s          f15, f15            f15=xxxxxxxx f15:466105f7
17294261ns          291529 1c008656 00f4222b p.sw             x15, 4(x8!)          x8=10000fdc x15:42f0032e  x8:10000fd8  PA:10000fd8
17294280ns          291530 1c00863e 00472783 lw               x15, 4(x14)         x15=41fc7ec8 x14:1c01097c  PA:1c010980
17294579ns          291545 1c008640 00072683 lw               x13, 0(x14)         x13=42945ebb x14:1c01097c  PA:1c01097c
17294877ns          291560 1c008642 10f7f653 fmul.s           f12, f15, f15       f12=xxxxxxxx f15:41fc7ec8 f15:41fc7ec8
17294897ns          291561 1c008646 00872783 lw               x15, 8(x14)         x15=429aca04 x14:1c01097c  PA:1c010984
17295215ns          291577 1c008648 00c70713 addi             x14, x14, 12        x14=1c010988 x14:1c01097c
17295235ns          291578 1c00864a 60d6f6c3 fmadd.s          f13, f13, f13, f12  f13=xxxxxxxx f13:42945ebb f13:42945ebb f12:447909d9
17295255ns          291579 1c00864e 68f7f7c3 fmadd.s          f15, f15, f15, f13  f15=xxxxxxxx f15:429aca04 f15:429aca04 f13:45cb1c92
17295275ns          291580 1c008652 5807f7d3 fsqrt.s          f15, f15            f15=xxxxxxxx f15:464325f5
17295553ns          291594 1c008656 00f4222b p.sw             x15, 4(x8!)          x8=10000fe0 x15:42df8345  x8:10000fdc  PA:10000fdc
17295573ns          291595 1c00863e 00472783 lw               x15, 4(x14)         x15=42c47d25 x14:1c010988  PA:1c01098c
17295872ns          291610 1c008640 00072683 lw               x13, 0(x14)         x13=4221e4f6 x14:1c010988  PA:1c010988
17296170ns          291625 1c008642 10f7f653 fmul.s           f12, f15, f15       f12=xxxxxxxx f15:42c47d25 f15:42c47d25
17296190ns          291626 1c008646 00872783 lw               x15, 8(x14)         x15=4290c42b x14:1c010988  PA:1c010990
17296508ns          291642 1c008648 00c70713 addi             x14, x14, 12        x14=1c010994 x14:1c010988
17296528ns          291643 1c00864a 60d6f6c3 fmadd.s          f13, f13, f13, f12  f13=xxxxxxxx f13:4221e4f6 f13:4221e4f6 f12:4616cfde
17296548ns          291644 1c00864e 68f7f7c3 fmadd.s          f15, f15, f15, f13  f15=xxxxxxxx f15:4290c42b f15:4290c42b f13:46306851
17296568ns          291645 1c008652 5807f7d3 fsqrt.s          f15, f15            f15=xxxxxxxx f15:468122cc
17296846ns          291659 1c008656 00f4222b p.sw             x15, 4(x8!)          x8=10000fe4 x15:43009114  x8:10000fe0  PA:10000fe0
17296866ns          291660 1c00863e 00472783 lw               x15, 4(x14)         x15=425d6f0e x14:1c010994  PA:1c010998
17297165ns          291675 1c008640 00072683 lw               x13, 0(x14)         x13=4296fd31 x14:1c010994  PA:1c010994
17297463ns          291690 1c008642 10f7f653 fmul.s           f12, f15, f15       f12=xxxxxxxx f15:425d6f0e f15:425d6f0e
17297483ns          291691 1c008646 00872783 lw               x15, 8(x14)         x15=41751563 x14:1c010994  PA:1c01099c
17297801ns          291707 1c008648 00c70713 addi             x14, x14, 12        x14=1c0109a0 x14:1c010994
17297821ns          291708 1c00864a 60d6f6c3 fmadd.s          f13, f13, f13, f12  f13=xxxxxxxx f13:4296fd31 f13:4296fd31 f12:453f88ee
17297841ns          291709 1c00864e 68f7f7c3 fmadd.s          f15, f15, f15, f13  f15=xxxxxxxx f15:41751563 f15:41751563 f13:4608efeb
17297861ns          291710 1c008652 5807f7d3 fsqrt.s          f15, f15            f15=xxxxxxxx f15:460c9a73
17298139ns          291724 1c008656 00f4222b p.sw             x15, 4(x8!)          x8=10000fe8 x15:42bdb8d7  x8:10000fe4  PA:10000fe4
17298159ns          291725 1c00865a 241010ef jal              x1, 6720             x1=1c00865e
17298418ns          291738 1c00a09a f14027f3 csrrs            x15, x0, 0xf14      x15=00000001
17298438ns          291739 1c00a09e 01f00713 addi             x14, x0, 31         x14=0000001f
17298457ns          291740 1c00a0a0 ca5797b3 p.extractu       x15, x15, 5, 5      x15=00000000 x15:00000001
17298477ns          291741 1c00a0a4 00e78863 beq              x15, x14, 16        x15:00000000 x14:0000001f
17298497ns          291742 1c00a0a8 002047b7 lui              x15, 0x204000       x15=00204000
17298517ns          291743 1c00a0ac 20078793 addi             x15, x15, 512       x15=00204200 x15:00204000
17298537ns          291744 1c00a0b0 01c7e703 p.elw            x14, 28(x15)        x14=00010000 x15:00204200  PA:0020421c
17299452ns          291790 1c00a0b4 00008067 jalr             x0, x1, 0            x1:1c00865e
17299512ns          291793 1c00865e f14027f3 csrrs            x15, x0, 0xf14      x15=00000001
17299532ns          291794 1c008662 f457b7b3 p.bclr           x15, x15, 26, 5     x15=00000001 x15:00000001
17299551ns          291795 1c008666 08078563 beq              x15, x0, 138        x15:00000001
17299571ns          291796 1c008668 01410693 addi             x13, x2, 20         x13=10000e5c  x2:10000e48
17299591ns          291797 1c00866a 40d407b3 sub              x15, x8, x13        x15=0000018c  x8:10000fe8 x13:10000e5c
17299611ns          291798 1c00866e ffc78793 addi             x15, x15, -4        x15=00000188 x15:0000018c
17300049ns          291820 1c008670 0027d793 srli             x15, x15, 0x2       x15=00000062 x15:00000188
17300069ns          291821 1c008672 01012703 lw               x14, 16(x2)         x14=42bd449a  x2:10000e48  PA:10000e58
17300089ns          291822 1c008674 00178793 addi             x15, x15, 1         x15=00000063 x15:00000062
17300108ns          291823 1c008676 0047c0fb lp.setup         0x1, x15, 0x4       x15:00000063
17300128ns          291824 1c00867a 0046a60b p.lw             x12, 4(x13!)        x12=42378b31 x13=10000e60 x13:10000e5c  PA:10000e5c
17300645ns          291850 1c00867e 00c77753 fadd.s           f14, f14, f12       f14=xxxxxxxx f14:42bd449a f12:42378b31
17300705ns          291853 1c00867a 0046a60b p.lw             x12, 4(x13!)        x12=42af0e00 x13=10000e64 x13:10000e60  PA:10000e60
17300745ns          291855 1c00867e 00c77753 fadd.s           f14, f14, f12       f14=xxxxxxxx f14:430c8519 f12:42af0e00
17300765ns          291856 1c00867a 0046a60b p.lw             x12, 4(x13!)        x12=4301e98a x13=10000e68 x13:10000e64  PA:10000e64
17300805ns          291858 1c00867e 00c77753 fadd.s           f14, f14, f12       f14=xxxxxxxx f14:43640c19 f12:4301e98a
17300824ns          291859 1c00867a 0046a60b p.lw             x12, 4(x13!)        x12=427c5e3b x13=10000e6c x13:10000e68  PA:10000e68
17300864ns          291861 1c00867e 00c77753 fadd.s           f14, f14, f12       f14=xxxxxxxx f14:43b2fad2 f12:427c5e3b
17300884ns          291862 1c00867a 0046a60b p.lw             x12, 4(x13!)        x12=42c12255 x13=10000e70 x13:10000e6c  PA:10000e6c
17300924ns          291864 1c00867e 00c77753 fadd.s           f14, f14, f12       f14=xxxxxxxx f14:43d28699 f12:42c12255
17300944ns          291865 1c00867a 0046a60b p.lw             x12, 4(x13!)        x12=4297771e x13=10000e74 x13:10000e70  PA:10000e70
17300984ns          291867 1c00867e 00c77753 fadd.s           f14, f14, f12       f14=xxxxxxxx f14:44016797 f12:4297771e
17301003ns          291868 1c00867a 0046a60b p.lw             x12, 4(x13!)        x12=4308d42a x13=10000e78 x13:10000e74  PA:10000e74
17301043ns          291870 1c00867e 00c77753 fadd.s           f14, f14, f12       f14=xxxxxxxx f14:4414567b f12:4308d42a
17301063ns          291871 1c00867a 0046a60b p.lw             x12, 4(x13!)        x12=4228f3f6 x13=10000e7c x13:10000e78  PA:10000e78
17301103ns          291873 1c00867e 00c77753 fadd.s           f14, f14, f12       f14=xxxxxxxx f14:44368b86 f12:4228f3f6
17301123ns          291874 1c00867a 0046a60b p.lw             x12, 4(x13!)        x12=42f07d08 x13=10000e80 x13:10000e7c  PA:10000e7c
17301163ns          291876 1c00867e 00c77753 fadd.s           f14, f14, f12       f14=xxxxxxxx f14:44411ac5 f12:42f07d08
17301182ns          291877 1c00867a 0046a60b p.lw             x12, 4(x13!)        x12=42faa45b x13=10000e84 x13:10000e80  PA:10000e80
17301222ns          291879 1c00867e 00c77753 fadd.s           f14, f14, f12       f14=xxxxxxxx f14:445f2a66 f12:42faa45b
17301242ns          291880 1c00867a 0046a60b p.lw             x12, 4(x13!)        x12=42fdef0e x13=10000e88 x13:10000e84  PA:10000e84
17301282ns          291882 1c00867e 00c77753 fadd.s           f14, f14, f12       f14=xxxxxxxx f14:447e7ef1 f12:42fdef0e
17301302ns          291883 1c00867a 0046a60b p.lw             x12, 4(x13!)        x12=42ec7a11 x13=10000e8c x13:10000e88  PA:10000e88
17301342ns          291885 1c00867e 00c77753 fadd.s           f14, f14, f12       f14=xxxxxxxx f14:448f1e69 f12:42ec7a11
17301362ns          291886 1c00867a 0046a60b p.lw             x12, 4(x13!)        x12=42288a82 x13=10000e90 x13:10000e8c  PA:10000e8c
17301401ns          291888 1c00867e 00c77753 fadd.s           f14, f14, f12       f14=xxxxxxxx f14:449de60a f12:42288a82
17301421ns          291889 1c00867a 0046a60b p.lw             x12, 4(x13!)        x12=42ea181e x13=10000e94 x13:10000e90  PA:10000e90
17301461ns          291891 1c00867e 00c77753 fadd.s           f14, f14, f12       f14=xxxxxxxx f14:44a32a5e f12:42ea181e
17301481ns          291892 1c00867a 0046a60b p.lw             x12, 4(x13!)        x12=4295a8e2 x13=10000e98 x13:10000e94  PA:10000e94
17301521ns          291894 1c00867e 00c77753 fadd.s           f14, f14, f12       f14=xxxxxxxx f14:44b1cbe0 f12:4295a8e2
17301541ns          291895 1c00867a 0046a60b p.lw             x12, 4(x13!)        x12=42e93c36 x13=10000e9c x13:10000e98  PA:10000e98
17301580ns          291897 1c00867e 00c77753 fadd.s           f14, f14, f12       f14=xxxxxxxx f14:44bb266e f12:42e93c36
17301600ns          291898 1c00867a 0046a60b p.lw             x12, 4(x13!)        x12=430e9850 x13=10000ea0 x13:10000e9c  PA:10000e9c
17301640ns          291900 1c00867e 00c77753 fadd.s           f14, f14, f12       f14=xxxxxxxx f14:44c9ba31 f12:430e9850
17301660ns          291901 1c00867a 0046a60b p.lw             x12, 4(x13!)        x12=42c7bb30 x13=10000ea4 x13:10000ea0  PA:10000ea0
17301700ns          291903 1c00867e 00c77753 fadd.s           f14, f14, f12       f14=xxxxxxxx f14:44db8d3b f12:42c7bb30
17301720ns          291904 1c00867a 0046a60b p.lw             x12, 4(x13!)        x12=42cc13c7 x13=10000ea8 x13:10000ea4  PA:10000ea4
17301759ns          291906 1c00867e 00c77753 fadd.s           f14, f14, f12       f14=xxxxxxxx f14:44e808ee f12:42cc13c7
17301779ns          291907 1c00867a 0046a60b p.lw             x12, 4(x13!)        x12=4302dd64 x13=10000eac x13:10000ea8  PA:10000ea8
17301819ns          291909 1c00867e 00c77753 fadd.s           f14, f14, f12       f14=xxxxxxxx f14:44f4ca2a f12:4302dd64
17301839ns          291910 1c00867a 0046a60b p.lw             x12, 4(x13!)        x12=42cc6834 x13=10000eb0 x13:10000eac  PA:10000eac
17301879ns          291912 1c00867e 00c77753 fadd.s           f14, f14, f12       f14=xxxxxxxx f14:450292eb f12:42cc6834
17301899ns          291913 1c00867a 0046a60b p.lw             x12, 4(x13!)        x12=428f1ede x13=10000eb4 x13:10000eb0  PA:10000eb0
17301938ns          291915 1c00867e 00c77753 fadd.s           f14, f14, f12       f14=xxxxxxxx f14:4508f62d f12:428f1ede
17301958ns          291916 1c00867a 0046a60b p.lw             x12, 4(x13!)        x12=42e254ca x13=10000eb8 x13:10000eb4  PA:10000eb4
17301998ns          291918 1c00867e 00c77753 fadd.s           f14, f14, f12       f14=xxxxxxxx f14:450d6f24 f12:42e254ca
17302018ns          291919 1c00867a 0046a60b p.lw             x12, 4(x13!)        x12=42cea3b0 x13=10000ebc x13:10000eb8  PA:10000eb8
17302058ns          291921 1c00867e 00c77753 fadd.s           f14, f14, f12       f14=xxxxxxxx f14:451481ca f12:42cea3b0
17302078ns          291922 1c00867a 0046a60b p.lw             x12, 4(x13!)        x12=4305bd83 x13=10000ec0 x13:10000ebc  PA:10000ebc
17302117ns          291924 1c00867e 00c77753 fadd.s           f14, f14, f12       f14=xxxxxxxx f14:451af6e8 f12:4305bd83
17302137ns          291925 1c00867a 0046a60b p.lw             x12, 4(x13!)        x12=428f6c7f x13=10000ec4 x13:10000ec0  PA:10000ec0
17302177ns          291927 1c00867e 00c77753 fadd.s           f14, f14, f12       f14=xxxxxxxx f14:452352c0 f12:428f6c7f
17302197ns          291928 1c00867a 0046a60b p.lw             x12, 4(x13!)        x12=42dd523b x13=10000ec8 x13:10000ec4  PA:10000ec4
17302237ns          291930 1c00867e 00c77753 fadd.s           f14, f14, f12       f14=xxxxxxxx f14:4527ce24 f12:42dd523b
17302257ns          291931 1c00867a 0046a60b p.lw             x12, 4(x13!)        x12=4301d585 x13=10000ecc x13:10000ec8  PA:10000ec8
17302296ns          291933 1c00867e 00c77753 fadd.s           f14, f14, f12       f14=xxxxxxxx f14:452eb8b6 f12:4301d585
17302316ns          291934 1c00867a 0046a60b p.lw             x12, 4(x13!)        x12=4308dcc1 x13=10000ed0 x13:10000ecc  PA:10000ecc
17302356ns          291936 1c00867e 00c77753 fadd.s           f14, f14, f12       f14=xxxxxxxx f14:4536d60e f12:4308dcc1
17302376ns          291937 1c00867a 0046a60b p.lw             x12, 4(x13!)        x12=42a8251c x13=10000ed4 x13:10000ed0  PA:10000ed0
17302416ns          291939 1c00867e 00c77753 fadd.s           f14, f14, f12       f14=xxxxxxxx f14:453f63da f12:42a8251c
17302436ns          291940 1c00867a 0046a60b p.lw             x12, 4(x13!)        x12=42dbb1dc x13=10000ed8 x13:10000ed4  PA:10000ed4
17302475ns          291942 1c00867e 00c77753 fadd.s           f14, f14, f12       f14=xxxxxxxx f14:4544a503 f12:42dbb1dc
17302495ns          291943 1c00867a 0046a60b p.lw             x12, 4(x13!)        x12=42b44b56 x13=10000edc x13:10000ed8  PA:10000ed8
17302535ns          291945 1c00867e 00c77753 fadd.s           f14, f14, f12       f14=xxxxxxxx f14:454b8292 f12:42b44b56
17302555ns          291946 1c00867a 0046a60b p.lw             x12, 4(x13!)        x12=430934b2 x13=10000ee0 x13:10000edc  PA:10000edc
17302595ns          291948 1c00867e 00c77753 fadd.s           f14, f14, f12       f14=xxxxxxxx f14:455124ed f12:430934b2
17302615ns          291949 1c00867a 0046a60b p.lw             x12, 4(x13!)        x12=42d98bfd x13=10000ee4 x13:10000ee0  PA:10000ee0
17302654ns          291951 1c00867e 00c77753 fadd.s           f14, f14, f12       f14=xxxxxxxx f14:4559b838 f12:42d98bfd
17302674ns          291952 1c00867a 0046a60b p.lw             x12, 4(x13!)        x12=4305cba4 x13=10000ee8 x13:10000ee4  PA:10000ee4
17302714ns          291954 1c00867e 00c77753 fadd.s           f14, f14, f12       f14=xxxxxxxx f14:45608498 f12:4305cba4
17302734ns          291955 1c00867a 0046a60b p.lw             x12, 4(x13!)        x12=42b8ce56 x13=10000eec x13:10000ee8  PA:10000ee8
17302774ns          291957 1c00867e 00c77753 fadd.s           f14, f14, f12       f14=xxxxxxxx f14:4568e152 f12:42b8ce56
17302794ns          291958 1c00867a 0046a60b p.lw             x12, 4(x13!)        x12=42d84a3a x13=10000ef0 x13:10000eec  PA:10000eec
17302833ns          291960 1c00867e 00c77753 fadd.s           f14, f14, f12       f14=xxxxxxxx f14:456ea7c5 f12:42d84a3a
17302853ns          291961 1c00867a 0046a60b p.lw             x12, 4(x13!)        x12=4289bbf6 x13=10000ef4 x13:10000ef0  PA:10000ef0
17302893ns          291963 1c00867e 00c77753 fadd.s           f14, f14, f12       f14=xxxxxxxx f14:45756a17 f12:4289bbf6
17302913ns          291964 1c00867a 0046a60b p.lw             x12, 4(x13!)        x12=42dc16fc x13=10000ef8 x13:10000ef4  PA:10000ef4
17302953ns          291966 1c00867e 00c77753 fadd.s           f14, f14, f12       f14=xxxxxxxx f14:4579b7f7 f12:42dc16fc
17302973ns          291967 1c00867a 0046a60b p.lw             x12, 4(x13!)        x12=42d22b6a x13=10000efc x13:10000ef8  PA:10000ef8
17303012ns          291969 1c00867e 00c77753 fadd.s           f14, f14, f12       f14=xxxxxxxx f14:45804c57 f12:42d22b6a
17303032ns          291970 1c00867a 0046a60b p.lw             x12, 4(x13!)        x12=42c42dfe x13=10000f00 x13:10000efc  PA:10000efc
17303072ns          291972 1c00867e 00c77753 fadd.s           f14, f14, f12       f14=xxxxxxxx f14:45839505 f12:42c42dfe
17303092ns          291973 1c00867a 0046a60b p.lw             x12, 4(x13!)        x12=42cfd988 x13=10000f04 x13:10000f00  PA:10000f00
17303132ns          291975 1c00867e 00c77753 fadd.s           f14, f14, f12       f14=xxxxxxxx f14:4586a5bd f12:42cfd988
17303152ns          291976 1c00867a 0046a60b p.lw             x12, 4(x13!)        x12=42b69ef8 x13=10000f08 x13:10000f04  PA:10000f04
17303191ns          291978 1c00867e 00c77753 fadd.s           f14, f14, f12       f14=xxxxxxxx f14:4589e523 f12:42b69ef8
17303211ns          291979 1c00867a 0046a60b p.lw             x12, 4(x13!)        x12=42a6f7b0 x13=10000f0c x13:10000f08  PA:10000f08
17303251ns          291981 1c00867e 00c77753 fadd.s           f14, f14, f12       f14=xxxxxxxx f14:458cbf9f f12:42a6f7b0
17303271ns          291982 1c00867a 0046a60b p.lw             x12, 4(x13!)        x12=42c194bb x13=10000f10 x13:10000f0c  PA:10000f0c
17303311ns          291984 1c00867e 00c77753 fadd.s           f14, f14, f12       f14=xxxxxxxx f14:458f5b7e f12:42c194bb
17303331ns          291985 1c00867a 0046a60b p.lw             x12, 4(x13!)        x12=430397d8 x13=10000f14 x13:10000f10  PA:10000f10
17303370ns          291987 1c00867e 00c77753 fadd.s           f14, f14, f12       f14=xxxxxxxx f14:459261d1 f12:430397d8
17303390ns          291988 1c00867a 0046a60b p.lw             x12, 4(x13!)        x12=4256ba1c x13=10000f18 x13:10000f14  PA:10000f14
17303430ns          291990 1c00867e 00c77753 fadd.s           f14, f14, f12       f14=xxxxxxxx f14:45967e90 f12:4256ba1c
17303450ns          291991 1c00867a 0046a60b p.lw             x12, 4(x13!)        x12=42872ade x13=10000f1c x13:10000f18  PA:10000f18
17303490ns          291993 1c00867e 00c77753 fadd.s           f14, f14, f12       f14=xxxxxxxx f14:45982c04 f12:42872ade
17303510ns          291994 1c00867a 0046a60b p.lw             x12, 4(x13!)        x12=42ea42b6 x13=10000f20 x13:10000f1c  PA:10000f1c
17303549ns          291996 1c00867e 00c77753 fadd.s           f14, f14, f12       f14=xxxxxxxx f14:459a48af f12:42ea42b6
17303569ns          291997 1c00867a 0046a60b p.lw             x12, 4(x13!)        x12=43074663 x13=10000f24 x13:10000f20  PA:10000f20
17303609ns          291999 1c00867e 00c77753 fadd.s           f14, f14, f12       f14=xxxxxxxx f14:459df1ba f12:43074663
17303629ns          292000 1c00867a 0046a60b p.lw             x12, 4(x13!)        x12=42e30a91 x13=10000f28 x13:10000f24  PA:10000f24
17303669ns          292002 1c00867e 00c77753 fadd.s           f14, f14, f12       f14=xxxxxxxx f14:45a22bed f12:42e30a91
17303689ns          292003 1c00867a 0046a60b p.lw             x12, 4(x13!)        x12=42be471f x13=10000f2c x13:10000f28  PA:10000f28
17303729ns          292005 1c00867e 00c77753 fadd.s           f14, f14, f12       f14=xxxxxxxx f14:45a5b817 f12:42be471f
17303748ns          292006 1c00867a 0046a60b p.lw             x12, 4(x13!)        x12=4300bb8c x13=10000f30 x13:10000f2c  PA:10000f2c
17303788ns          292008 1c00867e 00c77753 fadd.s           f14, f14, f12       f14=xxxxxxxx f14:45a8b133 f12:4300bb8c
17303808ns          292009 1c00867a 0046a60b p.lw             x12, 4(x13!)        x12=428ca2e6 x13=10000f34 x13:10000f30  PA:10000f30
17303848ns          292011 1c00867e 00c77753 fadd.s           f14, f14, f12       f14=xxxxxxxx f14:45acb70f f12:428ca2e6
17303868ns          292012 1c00867a 0046a60b p.lw             x12, 4(x13!)        x12=42c5856d x13=10000f38 x13:10000f34  PA:10000f34
17303908ns          292014 1c00867e 00c77753 fadd.s           f14, f14, f12       f14=xxxxxxxx f14:45aee99b f12:42c5856d
17303927ns          292015 1c00867a 0046a60b p.lw             x12, 4(x13!)        x12=427a18c3 x13=10000f3c x13:10000f38  PA:10000f38
17303967ns          292017 1c00867e 00c77753 fadd.s           f14, f14, f12       f14=xxxxxxxx f14:45b1ffb1 f12:427a18c3
17303987ns          292018 1c00867a 0046a60b p.lw             x12, 4(x13!)        x12=42bf7980 x13=10000f40 x13:10000f3c  PA:10000f3c
17304027ns          292020 1c00867e 00c77753 fadd.s           f14, f14, f12       f14=xxxxxxxx f14:45b3f3e3 f12:42bf7980
17304047ns          292021 1c00867a 0046a60b p.lw             x12, 4(x13!)        x12=42c0e544 x13=10000f44 x13:10000f40  PA:10000f40
17304087ns          292023 1c00867e 00c77753 fadd.s           f14, f14, f12       f14=xxxxxxxx f14:45b6f1c9 f12:42c0e544
17304106ns          292024 1c00867a 0046a60b p.lw             x12, 4(x13!)        x12=42faa5da x13=10000f48 x13:10000f44  PA:10000f44
17304146ns          292026 1c00867e 00c77753 fadd.s           f14, f14, f12       f14=xxxxxxxx f14:45b9f55e f12:42faa5da
17304166ns          292027 1c00867a 0046a60b p.lw             x12, 4(x13!)        x12=42e3ccbd x13=10000f4c x13:10000f48  PA:10000f48
17304206ns          292029 1c00867e 00c77753 fadd.s           f14, f14, f12       f14=xxxxxxxx f14:45bddff5 f12:42e3ccbd
17304226ns          292030 1c00867a 0046a60b p.lw             x12, 4(x13!)        x12=42961570 x13=10000f50 x13:10000f4c  PA:10000f4c
17304266ns          292032 1c00867e 00c77753 fadd.s           f14, f14, f12       f14=xxxxxxxx f14:45c16f28 f12:42961570
17304285ns          292033 1c00867a 0046a60b p.lw             x12, 4(x13!)        x12=42c2def8 x13=10000f54 x13:10000f50  PA:10000f50
17304325ns          292035 1c00867e 00c77753 fadd.s           f14, f14, f12       f14=xxxxxxxx f14:45c3c77e f12:42c2def8
17304345ns          292036 1c00867a 0046a60b p.lw             x12, 4(x13!)        x12=430d7639 x13=10000f58 x13:10000f54  PA:10000f54
17304385ns          292038 1c00867e 00c77753 fadd.s           f14, f14, f12       f14=xxxxxxxx f14:45c6d2fa f12:430d7639
17304405ns          292039 1c00867a 0046a60b p.lw             x12, 4(x13!)        x12=41a13694 x13=10000f5c x13:10000f58  PA:10000f58
17304445ns          292041 1c00867e 00c77753 fadd.s           f14, f14, f12       f14=xxxxxxxx f14:45cb3eac f12:41a13694
17304464ns          292042 1c00867a 0046a60b p.lw             x12, 4(x13!)        x12=424d6428 x13=10000f60 x13:10000f5c  PA:10000f5c
17304504ns          292044 1c00867e 00c77753 fadd.s           f14, f14, f12       f14=xxxxxxxx f14:45cbdfe3 f12:424d6428
17304524ns          292045 1c00867a 0046a60b p.lw             x12, 4(x13!)        x12=42d19d05 x13=10000f64 x13:10000f60  PA:10000f60
17304564ns          292047 1c00867e 00c77753 fadd.s           f14, f14, f12       f14=xxxxxxxx f14:45cd7aab f12:42d19d05
17304584ns          292048 1c00867a 0046a60b p.lw             x12, 4(x13!)        x12=42b31e9d x13=10000f68 x13:10000f64  PA:10000f64
17304624ns          292050 1c00867e 00c77753 fadd.s           f14, f14, f12       f14=xxxxxxxx f14:45d0c11f f12:42b31e9d
17304643ns          292051 1c00867a 0046a60b p.lw             x12, 4(x13!)        x12=43138515 x13=10000f6c x13:10000f68  PA:10000f68
17304683ns          292053 1c00867e 00c77753 fadd.s           f14, f14, f12       f14=xxxxxxxx f14:45d38d99 f12:43138515
17304703ns          292054 1c00867a 0046a60b p.lw             x12, 4(x13!)        x12=42d47140 x13=10000f70 x13:10000f6c  PA:10000f6c
17304743ns          292056 1c00867e 00c77753 fadd.s           f14, f14, f12       f14=xxxxxxxx f14:45d829c2 f12:42d47140
17304763ns          292057 1c00867a 0046a60b p.lw             x12, 4(x13!)        x12=42bb15fd x13=10000f74 x13:10000f70  PA:10000f70
17304803ns          292059 1c00867e 00c77753 fadd.s           f14, f14, f12       f14=xxxxxxxx f14:45db7b87 f12:42bb15fd
17304823ns          292060 1c00867a 0046a60b p.lw             x12, 4(x13!)        x12=426cb1ed x13=10000f78 x13:10000f74  PA:10000f74
17304862ns          292062 1c00867e 00c77753 fadd.s           f14, f14, f12       f14=xxxxxxxx f14:45de67df f12:426cb1ed
17304882ns          292063 1c00867a 0046a60b p.lw             x12, 4(x13!)        x12=42b1f4ca x13=10000f7c x13:10000f78  PA:10000f78
17304922ns          292065 1c00867e 00c77753 fadd.s           f14, f14, f12       f14=xxxxxxxx f14:45e04143 f12:42b1f4ca
17304942ns          292066 1c00867a 0046a60b p.lw             x12, 4(x13!)        x12=42a8a413 x13=10000f80 x13:10000f7c  PA:10000f7c
17304982ns          292068 1c00867e 00c77753 fadd.s           f14, f14, f12       f14=xxxxxxxx f14:45e30916 f12:42a8a413
17305002ns          292069 1c00867a 0046a60b p.lw             x12, 4(x13!)        x12=4306040c x13=10000f84 x13:10000f80  PA:10000f80
17305041ns          292071 1c00867e 00c77753 fadd.s           f14, f14, f12       f14=xxxxxxxx f14:45e5aba6 f12:4306040c
17305061ns          292072 1c00867a 0046a60b p.lw             x12, 4(x13!)        x12=42d3d5a6 x13=10000f88 x13:10000f84  PA:10000f84
17305101ns          292074 1c00867e 00c77753 fadd.s           f14, f14, f12       f14=xxxxxxxx f14:45e9dbc6 f12:42d3d5a6
17305121ns          292075 1c00867a 0046a60b p.lw             x12, 4(x13!)        x12=4289ac54 x13=10000f8c x13:10000f88  PA:10000f88
17305161ns          292077 1c00867e 00c77753 fadd.s           f14, f14, f12       f14=xxxxxxxx f14:45ed2b1d f12:4289ac54
17305181ns          292078 1c00867a 0046a60b p.lw             x12, 4(x13!)        x12=429c9b27 x13=10000f90 x13:10000f8c  PA:10000f8c
17305220ns          292080 1c00867e 00c77753 fadd.s           f14, f14, f12       f14=xxxxxxxx f14:45ef51ce f12:429c9b27
17305240ns          292081 1c00867a 0046a60b p.lw             x12, 4(x13!)        x12=42e201a4 x13=10000f94 x13:10000f90  PA:10000f90
17305280ns          292083 1c00867e 00c77753 fadd.s           f14, f14, f12       f14=xxxxxxxx f14:45f1c43b f12:42e201a4
17305300ns          292084 1c00867a 0046a60b p.lw             x12, 4(x13!)        x12=42d6699e x13=10000f98 x13:10000f94  PA:10000f94
17305340ns          292086 1c00867e 00c77753 fadd.s           f14, f14, f12       f14=xxxxxxxx f14:45f54c42 f12:42d6699e
17305360ns          292087 1c00867a 0046a60b p.lw             x12, 4(x13!)        x12=42c2205e x13=10000f9c x13:10000f98  PA:10000f98
17305399ns          292089 1c00867e 00c77753 fadd.s           f14, f14, f12       f14=xxxxxxxx f14:45f8a5e8 f12:42c2205e
17305419ns          292090 1c00867a 0046a60b p.lw             x12, 4(x13!)        x12=42d97770 x13=10000fa0 x13:10000f9c  PA:10000f9c
17305459ns          292092 1c00867e 00c77753 fadd.s           f14, f14, f12       f14=xxxxxxxx f14:45fbae69 f12:42d97770
17305479ns          292093 1c00867a 0046a60b p.lw             x12, 4(x13!)        x12=42f5f091 x13=10000fa4 x13:10000fa0  PA:10000fa0
17305519ns          292095 1c00867e 00c77753 fadd.s           f14, f14, f12       f14=xxxxxxxx f14:45ff1447 f12:42f5f091
17305539ns          292096 1c00867a 0046a60b p.lw             x12, 4(x13!)        x12=42d040b2 x13=10000fa8 x13:10000fa4  PA:10000fa4
17305578ns          292098 1c00867e 00c77753 fadd.s           f14, f14, f12       f14=xxxxxxxx f14:46017605 f12:42d040b2
17305598ns          292099 1c00867a 0046a60b p.lw             x12, 4(x13!)        x12=42a7c56c x13=10000fac x13:10000fa8  PA:10000fa8
17305638ns          292101 1c00867e 00c77753 fadd.s           f14, f14, f12       f14=xxxxxxxx f14:46031686 f12:42a7c56c
17305658ns          292102 1c00867a 0046a60b p.lw             x12, 4(x13!)        x12=428de867 x13=10000fb0 x13:10000fac  PA:10000fac
17305698ns          292104 1c00867e 00c77753 fadd.s           f14, f14, f12       f14=xxxxxxxx f14:46046611 f12:428de867
17305718ns          292105 1c00867a 0046a60b p.lw             x12, 4(x13!)        x12=42ce0c17 x13=10000fb4 x13:10000fb0  PA:10000fb0
17305757ns          292107 1c00867e 00c77753 fadd.s           f14, f14, f12       f14=xxxxxxxx f14:460581e2 f12:42ce0c17
17305777ns          292108 1c00867a 0046a60b p.lw             x12, 4(x13!)        x12=42eea63a x13=10000fb8 x13:10000fb4  PA:10000fb4
17305817ns          292110 1c00867e 00c77753 fadd.s           f14, f14, f12       f14=xxxxxxxx f14:46071dfa f12:42eea63a
17305837ns          292111 1c00867a 0046a60b p.lw             x12, 4(x13!)        x12=429d9601 x13=10000fbc x13:10000fb8  PA:10000fb8
17305877ns          292113 1c00867e 00c77753 fadd.s           f14, f14, f12       f14=xxxxxxxx f14:4608fb46 f12:429d9601
17305897ns          292114 1c00867a 0046a60b p.lw             x12, 4(x13!)        x12=42de8ddf x13=10000fc0 x13:10000fbc  PA:10000fbc
17305936ns          292116 1c00867e 00c77753 fadd.s           f14, f14, f12       f14=xxxxxxxx f14:460a3672 f12:42de8ddf
17305956ns          292117 1c00867a 0046a60b p.lw             x12, 4(x13!)        x12=42e7bf68 x13=10000fc4 x13:10000fc0  PA:10000fc0
17305996ns          292119 1c00867e 00c77753 fadd.s           f14, f14, f12       f14=xxxxxxxx f14:460bf38e f12:42e7bf68
17306016ns          292120 1c00867a 0046a60b p.lw             x12, 4(x13!)        x12=42dbafd7 x13=10000fc8 x13:10000fc4  PA:10000fc4
17306056ns          292122 1c00867e 00c77753 fadd.s           f14, f14, f12       f14=xxxxxxxx f14:460dc30d f12:42dbafd7
17306076ns          292123 1c00867a 0046a60b p.lw             x12, 4(x13!)        x12=42d29c56 x13=10000fcc x13:10000fc8  PA:10000fc8
17306115ns          292125 1c00867e 00c77753 fadd.s           f14, f14, f12       f14=xxxxxxxx f14:460f7a6d f12:42d29c56
17306135ns          292126 1c00867a 0046a60b p.lw             x12, 4(x13!)        x12=425bd5dc x13=10000fd0 x13:10000fcc  PA:10000fcc
17306175ns          292128 1c00867e 00c77753 fadd.s           f14, f14, f12       f14=xxxxxxxx f14:46111fa6 f12:425bd5dc
17306195ns          292129 1c00867a 0046a60b p.lw             x12, 4(x13!)        x12=42ddeb08 x13=10000fd4 x13:10000fd0  PA:10000fd0
17306235ns          292131 1c00867e 00c77753 fadd.s           f14, f14, f12       f14=xxxxxxxx f14:4611fb7c f12:42ddeb08
17306255ns          292132 1c00867a 0046a60b p.lw             x12, 4(x13!)        x12=42f6e82f x13=10000fd8 x13:10000fd4  PA:10000fd4
17306294ns          292134 1c00867e 00c77753 fadd.s           f14, f14, f12       f14=xxxxxxxx f14:4613b752 f12:42f6e82f
17306314ns          292135 1c00867a 0046a60b p.lw             x12, 4(x13!)        x12=42f0032e x13=10000fdc x13:10000fd8  PA:10000fd8
17306354ns          292137 1c00867e 00c77753 fadd.s           f14, f14, f12       f14=xxxxxxxx f14:4615a522 f12:42f0032e
17306374ns          292138 1c00867a 0046a60b p.lw             x12, 4(x13!)        x12=42df8345 x13=10000fe0 x13:10000fdc  PA:10000fdc
17306414ns          292140 1c00867e 00c77753 fadd.s           f14, f14, f12       f14=xxxxxxxx f14:46178528 f12:42df8345
17306434ns          292141 1c00867a 0046a60b p.lw             x12, 4(x13!)        x12=43009114 x13=10000fe4 x13:10000fe0  PA:10000fe0
17306473ns          292143 1c00867e 00c77753 fadd.s           f14, f14, f12       f14=xxxxxxxx f14:4619442f f12:43009114
17306493ns          292144 1c00867a 0046a60b p.lw             x12, 4(x13!)        x12=42bdb8d7 x13=10000fe8 x13:10000fe4  PA:10000fe4
17306533ns          292146 1c00867e 00c77753 fadd.s           f14, f14, f12       f14=xxxxxxxx f14:461b4673 f12:42bdb8d7
17306553ns          292147 1c008682 01010513 addi             x10, x2, 16         x10=10000e58  x2:10000e48
17306573ns          292148 1c008684 00e12423 sw               x14, 8(x2)          x14:461cc1e5  x2:10000e48  PA:10000e50
17306593ns          292149 1c008686 ab9ff0ef jal              x1, -1352            x1=1c008688
17307925ns          292216 1c00813e 0045260b p.lw             x12, 4(x10!)        x12=42bd449a x10=10000e5c x10:10000e58  PA:10000e58
17307945ns          292217 1c008142 00a007b3 add              x15, x0, x10        x15=10000e5c x10:10000e5c
17307965ns          292218 1c008144 00c00733 add              x14, x0, x12        x14=42bd449a x12:42bd449a
17307985ns          292219 1c008146 063250fb lp.setupi        0x1, 0x63, 0x4     
17308005ns          292220 1c00814a 0047a58b p.lw             x11, 4(x15!)        x11=42378b31 x15=10000e60 x15:10000e5c  PA:10000e5c
17308463ns          292243 1c00814e 00b77753 fadd.s           f14, f14, f11       f14=xxxxxxxx f14:42bd449a f11:42378b31
17308522ns          292246 1c00814a 0047a58b p.lw             x11, 4(x15!)        x11=42af0e00 x15=10000e64 x15:10000e60  PA:10000e60
17308562ns          292248 1c00814e 00b77753 fadd.s           f14, f14, f11       f14=xxxxxxxx f14:430c8519 f11:42af0e00
17308582ns          292249 1c00814a 0047a58b p.lw             x11, 4(x15!)        x11=4301e98a x15=10000e68 x15:10000e64  PA:10000e64
17308622ns          292251 1c00814e 00b77753 fadd.s           f14, f14, f11       f14=xxxxxxxx f14:43640c19 f11:4301e98a
17308642ns          292252 1c00814a 0047a58b p.lw             x11, 4(x15!)        x11=427c5e3b x15=10000e6c x15:10000e68  PA:10000e68
17308681ns          292254 1c00814e 00b77753 fadd.s           f14, f14, f11       f14=xxxxxxxx f14:43b2fad2 f11:427c5e3b
17308701ns          292255 1c00814a 0047a58b p.lw             x11, 4(x15!)        x11=42c12255 x15=10000e70 x15:10000e6c  PA:10000e6c
17308741ns          292257 1c00814e 00b77753 fadd.s           f14, f14, f11       f14=xxxxxxxx f14:43d28699 f11:42c12255
17308761ns          292258 1c00814a 0047a58b p.lw             x11, 4(x15!)        x11=4297771e x15=10000e74 x15:10000e70  PA:10000e70
17308801ns          292260 1c00814e 00b77753 fadd.s           f14, f14, f11       f14=xxxxxxxx f14:44016797 f11:4297771e
17308821ns          292261 1c00814a 0047a58b p.lw             x11, 4(x15!)        x11=4308d42a x15=10000e78 x15:10000e74  PA:10000e74
17308860ns          292263 1c00814e 00b77753 fadd.s           f14, f14, f11       f14=xxxxxxxx f14:4414567b f11:4308d42a
17308880ns          292264 1c00814a 0047a58b p.lw             x11, 4(x15!)        x11=4228f3f6 x15=10000e7c x15:10000e78  PA:10000e78
17308920ns          292266 1c00814e 00b77753 fadd.s           f14, f14, f11       f14=xxxxxxxx f14:44368b86 f11:4228f3f6
17308940ns          292267 1c00814a 0047a58b p.lw             x11, 4(x15!)        x11=42f07d08 x15=10000e80 x15:10000e7c  PA:10000e7c
17308980ns          292269 1c00814e 00b77753 fadd.s           f14, f14, f11       f14=xxxxxxxx f14:44411ac5 f11:42f07d08
17309000ns          292270 1c00814a 0047a58b p.lw             x11, 4(x15!)        x11=42faa45b x15=10000e84 x15:10000e80  PA:10000e80
17309039ns          292272 1c00814e 00b77753 fadd.s           f14, f14, f11       f14=xxxxxxxx f14:445f2a66 f11:42faa45b
17309059ns          292273 1c00814a 0047a58b p.lw             x11, 4(x15!)        x11=42fdef0e x15=10000e88 x15:10000e84  PA:10000e84
17309099ns          292275 1c00814e 00b77753 fadd.s           f14, f14, f11       f14=xxxxxxxx f14:447e7ef1 f11:42fdef0e
17309119ns          292276 1c00814a 0047a58b p.lw             x11, 4(x15!)        x11=42ec7a11 x15=10000e8c x15:10000e88  PA:10000e88
17309159ns          292278 1c00814e 00b77753 fadd.s           f14, f14, f11       f14=xxxxxxxx f14:448f1e69 f11:42ec7a11
17309179ns          292279 1c00814a 0047a58b p.lw             x11, 4(x15!)        x11=42288a82 x15=10000e90 x15:10000e8c  PA:10000e8c
17309218ns          292281 1c00814e 00b77753 fadd.s           f14, f14, f11       f14=xxxxxxxx f14:449de60a f11:42288a82
17309238ns          292282 1c00814a 0047a58b p.lw             x11, 4(x15!)        x11=42ea181e x15=10000e94 x15:10000e90  PA:10000e90
17309278ns          292284 1c00814e 00b77753 fadd.s           f14, f14, f11       f14=xxxxxxxx f14:44a32a5e f11:42ea181e
17309298ns          292285 1c00814a 0047a58b p.lw             x11, 4(x15!)        x11=4295a8e2 x15=10000e98 x15:10000e94  PA:10000e94
17309338ns          292287 1c00814e 00b77753 fadd.s           f14, f14, f11       f14=xxxxxxxx f14:44b1cbe0 f11:4295a8e2
17309358ns          292288 1c00814a 0047a58b p.lw             x11, 4(x15!)        x11=42e93c36 x15=10000e9c x15:10000e98  PA:10000e98
17309397ns          292290 1c00814e 00b77753 fadd.s           f14, f14, f11       f14=xxxxxxxx f14:44bb266e f11:42e93c36
17309417ns          292291 1c00814a 0047a58b p.lw             x11, 4(x15!)        x11=430e9850 x15=10000ea0 x15:10000e9c  PA:10000e9c
17309457ns          292293 1c00814e 00b77753 fadd.s           f14, f14, f11       f14=xxxxxxxx f14:44c9ba31 f11:430e9850
17309477ns          292294 1c00814a 0047a58b p.lw             x11, 4(x15!)        x11=42c7bb30 x15=10000ea4 x15:10000ea0  PA:10000ea0
17309517ns          292296 1c00814e 00b77753 fadd.s           f14, f14, f11       f14=xxxxxxxx f14:44db8d3b f11:42c7bb30
17309537ns          292297 1c00814a 0047a58b p.lw             x11, 4(x15!)        x11=42cc13c7 x15=10000ea8 x15:10000ea4  PA:10000ea4
17309576ns          292299 1c00814e 00b77753 fadd.s           f14, f14, f11       f14=xxxxxxxx f14:44e808ee f11:42cc13c7
17309596ns          292300 1c00814a 0047a58b p.lw             x11, 4(x15!)        x11=4302dd64 x15=10000eac x15:10000ea8  PA:10000ea8
17309636ns          292302 1c00814e 00b77753 fadd.s           f14, f14, f11       f14=xxxxxxxx f14:44f4ca2a f11:4302dd64
17309656ns          292303 1c00814a 0047a58b p.lw             x11, 4(x15!)        x11=42cc6834 x15=10000eb0 x15:10000eac  PA:10000eac
17309696ns          292305 1c00814e 00b77753 fadd.s           f14, f14, f11       f14=xxxxxxxx f14:450292eb f11:42cc6834
17309716ns          292306 1c00814a 0047a58b p.lw             x11, 4(x15!)        x11=428f1ede x15=10000eb4 x15:10000eb0  PA:10000eb0
17309755ns          292308 1c00814e 00b77753 fadd.s           f14, f14, f11       f14=xxxxxxxx f14:4508f62d f11:428f1ede
17309775ns          292309 1c00814a 0047a58b p.lw             x11, 4(x15!)        x11=42e254ca x15=10000eb8 x15:10000eb4  PA:10000eb4
17309815ns          292311 1c00814e 00b77753 fadd.s           f14, f14, f11       f14=xxxxxxxx f14:450d6f24 f11:42e254ca
17309835ns          292312 1c00814a 0047a58b p.lw             x11, 4(x15!)        x11=42cea3b0 x15=10000ebc x15:10000eb8  PA:10000eb8
17309875ns          292314 1c00814e 00b77753 fadd.s           f14, f14, f11       f14=xxxxxxxx f14:451481ca f11:42cea3b0
17309895ns          292315 1c00814a 0047a58b p.lw             x11, 4(x15!)        x11=4305bd83 x15=10000ec0 x15:10000ebc  PA:10000ebc
17309934ns          292317 1c00814e 00b77753 fadd.s           f14, f14, f11       f14=xxxxxxxx f14:451af6e8 f11:4305bd83
17309954ns          292318 1c00814a 0047a58b p.lw             x11, 4(x15!)        x11=428f6c7f x15=10000ec4 x15:10000ec0  PA:10000ec0
17309994ns          292320 1c00814e 00b77753 fadd.s           f14, f14, f11       f14=xxxxxxxx f14:452352c0 f11:428f6c7f
17310014ns          292321 1c00814a 0047a58b p.lw             x11, 4(x15!)        x11=42dd523b x15=10000ec8 x15:10000ec4  PA:10000ec4
17310054ns          292323 1c00814e 00b77753 fadd.s           f14, f14, f11       f14=xxxxxxxx f14:4527ce24 f11:42dd523b
17310074ns          292324 1c00814a 0047a58b p.lw             x11, 4(x15!)        x11=4301d585 x15=10000ecc x15:10000ec8  PA:10000ec8
17310113ns          292326 1c00814e 00b77753 fadd.s           f14, f14, f11       f14=xxxxxxxx f14:452eb8b6 f11:4301d585
17310133ns          292327 1c00814a 0047a58b p.lw             x11, 4(x15!)        x11=4308dcc1 x15=10000ed0 x15:10000ecc  PA:10000ecc
17310173ns          292329 1c00814e 00b77753 fadd.s           f14, f14, f11       f14=xxxxxxxx f14:4536d60e f11:4308dcc1
17310193ns          292330 1c00814a 0047a58b p.lw             x11, 4(x15!)        x11=42a8251c x15=10000ed4 x15:10000ed0  PA:10000ed0
17310233ns          292332 1c00814e 00b77753 fadd.s           f14, f14, f11       f14=xxxxxxxx f14:453f63da f11:42a8251c
17310253ns          292333 1c00814a 0047a58b p.lw             x11, 4(x15!)        x11=42dbb1dc x15=10000ed8 x15:10000ed4  PA:10000ed4
17310292ns          292335 1c00814e 00b77753 fadd.s           f14, f14, f11       f14=xxxxxxxx f14:4544a503 f11:42dbb1dc
17310312ns          292336 1c00814a 0047a58b p.lw             x11, 4(x15!)        x11=42b44b56 x15=10000edc x15:10000ed8  PA:10000ed8
17310352ns          292338 1c00814e 00b77753 fadd.s           f14, f14, f11       f14=xxxxxxxx f14:454b8292 f11:42b44b56
17310372ns          292339 1c00814a 0047a58b p.lw             x11, 4(x15!)        x11=430934b2 x15=10000ee0 x15:10000edc  PA:10000edc
17310412ns          292341 1c00814e 00b77753 fadd.s           f14, f14, f11       f14=xxxxxxxx f14:455124ed f11:430934b2
17310432ns          292342 1c00814a 0047a58b p.lw             x11, 4(x15!)        x11=42d98bfd x15=10000ee4 x15:10000ee0  PA:10000ee0
17310471ns          292344 1c00814e 00b77753 fadd.s           f14, f14, f11       f14=xxxxxxxx f14:4559b838 f11:42d98bfd
17310491ns          292345 1c00814a 0047a58b p.lw             x11, 4(x15!)        x11=4305cba4 x15=10000ee8 x15:10000ee4  PA:10000ee4
17310531ns          292347 1c00814e 00b77753 fadd.s           f14, f14, f11       f14=xxxxxxxx f14:45608498 f11:4305cba4
17310551ns          292348 1c00814a 0047a58b p.lw             x11, 4(x15!)        x11=42b8ce56 x15=10000eec x15:10000ee8  PA:10000ee8
17310591ns          292350 1c00814e 00b77753 fadd.s           f14, f14, f11       f14=xxxxxxxx f14:4568e152 f11:42b8ce56
17310611ns          292351 1c00814a 0047a58b p.lw             x11, 4(x15!)        x11=42d84a3a x15=10000ef0 x15:10000eec  PA:10000eec
17310650ns          292353 1c00814e 00b77753 fadd.s           f14, f14, f11       f14=xxxxxxxx f14:456ea7c5 f11:42d84a3a
17310670ns          292354 1c00814a 0047a58b p.lw             x11, 4(x15!)        x11=4289bbf6 x15=10000ef4 x15:10000ef0  PA:10000ef0
17310710ns          292356 1c00814e 00b77753 fadd.s           f14, f14, f11       f14=xxxxxxxx f14:45756a17 f11:4289bbf6
17310730ns          292357 1c00814a 0047a58b p.lw             x11, 4(x15!)        x11=42dc16fc x15=10000ef8 x15:10000ef4  PA:10000ef4
17310770ns          292359 1c00814e 00b77753 fadd.s           f14, f14, f11       f14=xxxxxxxx f14:4579b7f7 f11:42dc16fc
17310790ns          292360 1c00814a 0047a58b p.lw             x11, 4(x15!)        x11=42d22b6a x15=10000efc x15:10000ef8  PA:10000ef8
17310830ns          292362 1c00814e 00b77753 fadd.s           f14, f14, f11       f14=xxxxxxxx f14:45804c57 f11:42d22b6a
17310849ns          292363 1c00814a 0047a58b p.lw             x11, 4(x15!)        x11=42c42dfe x15=10000f00 x15:10000efc  PA:10000efc
17310889ns          292365 1c00814e 00b77753 fadd.s           f14, f14, f11       f14=xxxxxxxx f14:45839505 f11:42c42dfe
17310909ns          292366 1c00814a 0047a58b p.lw             x11, 4(x15!)        x11=42cfd988 x15=10000f04 x15:10000f00  PA:10000f00
17310949ns          292368 1c00814e 00b77753 fadd.s           f14, f14, f11       f14=xxxxxxxx f14:4586a5bd f11:42cfd988
17310969ns          292369 1c00814a 0047a58b p.lw             x11, 4(x15!)        x11=42b69ef8 x15=10000f08 x15:10000f04  PA:10000f04
17311009ns          292371 1c00814e 00b77753 fadd.s           f14, f14, f11       f14=xxxxxxxx f14:4589e523 f11:42b69ef8
17311028ns          292372 1c00814a 0047a58b p.lw             x11, 4(x15!)        x11=42a6f7b0 x15=10000f0c x15:10000f08  PA:10000f08
17311068ns          292374 1c00814e 00b77753 fadd.s           f14, f14, f11       f14=xxxxxxxx f14:458cbf9f f11:42a6f7b0
17311088ns          292375 1c00814a 0047a58b p.lw             x11, 4(x15!)        x11=42c194bb x15=10000f10 x15:10000f0c  PA:10000f0c
17311128ns          292377 1c00814e 00b77753 fadd.s           f14, f14, f11       f14=xxxxxxxx f14:458f5b7e f11:42c194bb
17311148ns          292378 1c00814a 0047a58b p.lw             x11, 4(x15!)        x11=430397d8 x15=10000f14 x15:10000f10  PA:10000f10
17311188ns          292380 1c00814e 00b77753 fadd.s           f14, f14, f11       f14=xxxxxxxx f14:459261d1 f11:430397d8
17311207ns          292381 1c00814a 0047a58b p.lw             x11, 4(x15!)        x11=4256ba1c x15=10000f18 x15:10000f14  PA:10000f14
17311247ns          292383 1c00814e 00b77753 fadd.s           f14, f14, f11       f14=xxxxxxxx f14:45967e90 f11:4256ba1c
17311267ns          292384 1c00814a 0047a58b p.lw             x11, 4(x15!)        x11=42872ade x15=10000f1c x15:10000f18  PA:10000f18
17311307ns          292386 1c00814e 00b77753 fadd.s           f14, f14, f11       f14=xxxxxxxx f14:45982c04 f11:42872ade
17311327ns          292387 1c00814a 0047a58b p.lw             x11, 4(x15!)        x11=42ea42b6 x15=10000f20 x15:10000f1c  PA:10000f1c
17311367ns          292389 1c00814e 00b77753 fadd.s           f14, f14, f11       f14=xxxxxxxx f14:459a48af f11:42ea42b6
17311386ns          292390 1c00814a 0047a58b p.lw             x11, 4(x15!)        x11=43074663 x15=10000f24 x15:10000f20  PA:10000f20
17311426ns          292392 1c00814e 00b77753 fadd.s           f14, f14, f11       f14=xxxxxxxx f14:459df1ba f11:43074663
17311446ns          292393 1c00814a 0047a58b p.lw             x11, 4(x15!)        x11=42e30a91 x15=10000f28 x15:10000f24  PA:10000f24
17311486ns          292395 1c00814e 00b77753 fadd.s           f14, f14, f11       f14=xxxxxxxx f14:45a22bed f11:42e30a91
17311506ns          292396 1c00814a 0047a58b p.lw             x11, 4(x15!)        x11=42be471f x15=10000f2c x15:10000f28  PA:10000f28
17311546ns          292398 1c00814e 00b77753 fadd.s           f14, f14, f11       f14=xxxxxxxx f14:45a5b817 f11:42be471f
17311565ns          292399 1c00814a 0047a58b p.lw             x11, 4(x15!)        x11=4300bb8c x15=10000f30 x15:10000f2c  PA:10000f2c
17311605ns          292401 1c00814e 00b77753 fadd.s           f14, f14, f11       f14=xxxxxxxx f14:45a8b133 f11:4300bb8c
17311625ns          292402 1c00814a 0047a58b p.lw             x11, 4(x15!)        x11=428ca2e6 x15=10000f34 x15:10000f30  PA:10000f30
17311665ns          292404 1c00814e 00b77753 fadd.s           f14, f14, f11       f14=xxxxxxxx f14:45acb70f f11:428ca2e6
17311685ns          292405 1c00814a 0047a58b p.lw             x11, 4(x15!)        x11=42c5856d x15=10000f38 x15:10000f34  PA:10000f34
17311725ns          292407 1c00814e 00b77753 fadd.s           f14, f14, f11       f14=xxxxxxxx f14:45aee99b f11:42c5856d
17311744ns          292408 1c00814a 0047a58b p.lw             x11, 4(x15!)        x11=427a18c3 x15=10000f3c x15:10000f38  PA:10000f38
17311784ns          292410 1c00814e 00b77753 fadd.s           f14, f14, f11       f14=xxxxxxxx f14:45b1ffb1 f11:427a18c3
17311804ns          292411 1c00814a 0047a58b p.lw             x11, 4(x15!)        x11=42bf7980 x15=10000f40 x15:10000f3c  PA:10000f3c
17311844ns          292413 1c00814e 00b77753 fadd.s           f14, f14, f11       f14=xxxxxxxx f14:45b3f3e3 f11:42bf7980
17311864ns          292414 1c00814a 0047a58b p.lw             x11, 4(x15!)        x11=42c0e544 x15=10000f44 x15:10000f40  PA:10000f40
17311904ns          292416 1c00814e 00b77753 fadd.s           f14, f14, f11       f14=xxxxxxxx f14:45b6f1c9 f11:42c0e544
17311924ns          292417 1c00814a 0047a58b p.lw             x11, 4(x15!)        x11=42faa5da x15=10000f48 x15:10000f44  PA:10000f44
17311963ns          292419 1c00814e 00b77753 fadd.s           f14, f14, f11       f14=xxxxxxxx f14:45b9f55e f11:42faa5da
17311983ns          292420 1c00814a 0047a58b p.lw             x11, 4(x15!)        x11=42e3ccbd x15=10000f4c x15:10000f48  PA:10000f48
17312023ns          292422 1c00814e 00b77753 fadd.s           f14, f14, f11       f14=xxxxxxxx f14:45bddff5 f11:42e3ccbd
17312043ns          292423 1c00814a 0047a58b p.lw             x11, 4(x15!)        x11=42961570 x15=10000f50 x15:10000f4c  PA:10000f4c
17312083ns          292425 1c00814e 00b77753 fadd.s           f14, f14, f11       f14=xxxxxxxx f14:45c16f28 f11:42961570
17312103ns          292426 1c00814a 0047a58b p.lw             x11, 4(x15!)        x11=42c2def8 x15=10000f54 x15:10000f50  PA:10000f50
17312142ns          292428 1c00814e 00b77753 fadd.s           f14, f14, f11       f14=xxxxxxxx f14:45c3c77e f11:42c2def8
17312162ns          292429 1c00814a 0047a58b p.lw             x11, 4(x15!)        x11=430d7639 x15=10000f58 x15:10000f54  PA:10000f54
17312202ns          292431 1c00814e 00b77753 fadd.s           f14, f14, f11       f14=xxxxxxxx f14:45c6d2fa f11:430d7639
17312222ns          292432 1c00814a 0047a58b p.lw             x11, 4(x15!)        x11=41a13694 x15=10000f5c x15:10000f58  PA:10000f58
17312262ns          292434 1c00814e 00b77753 fadd.s           f14, f14, f11       f14=xxxxxxxx f14:45cb3eac f11:41a13694
17312282ns          292435 1c00814a 0047a58b p.lw             x11, 4(x15!)        x11=424d6428 x15=10000f60 x15:10000f5c  PA:10000f5c
17312321ns          292437 1c00814e 00b77753 fadd.s           f14, f14, f11       f14=xxxxxxxx f14:45cbdfe3 f11:424d6428
17312341ns          292438 1c00814a 0047a58b p.lw             x11, 4(x15!)        x11=42d19d05 x15=10000f64 x15:10000f60  PA:10000f60
17312381ns          292440 1c00814e 00b77753 fadd.s           f14, f14, f11       f14=xxxxxxxx f14:45cd7aab f11:42d19d05
17312401ns          292441 1c00814a 0047a58b p.lw             x11, 4(x15!)        x11=42b31e9d x15=10000f68 x15:10000f64  PA:10000f64
17312441ns          292443 1c00814e 00b77753 fadd.s           f14, f14, f11       f14=xxxxxxxx f14:45d0c11f f11:42b31e9d
17312461ns          292444 1c00814a 0047a58b p.lw             x11, 4(x15!)        x11=43138515 x15=10000f6c x15:10000f68  PA:10000f68
17312500ns          292446 1c00814e 00b77753 fadd.s           f14, f14, f11       f14=xxxxxxxx f14:45d38d99 f11:43138515
17312520ns          292447 1c00814a 0047a58b p.lw             x11, 4(x15!)        x11=42d47140 x15=10000f70 x15:10000f6c  PA:10000f6c
17312560ns          292449 1c00814e 00b77753 fadd.s           f14, f14, f11       f14=xxxxxxxx f14:45d829c2 f11:42d47140
17312580ns          292450 1c00814a 0047a58b p.lw             x11, 4(x15!)        x11=42bb15fd x15=10000f74 x15:10000f70  PA:10000f70
17312620ns          292452 1c00814e 00b77753 fadd.s           f14, f14, f11       f14=xxxxxxxx f14:45db7b87 f11:42bb15fd
17312640ns          292453 1c00814a 0047a58b p.lw             x11, 4(x15!)        x11=426cb1ed x15=10000f78 x15:10000f74  PA:10000f74
17312679ns          292455 1c00814e 00b77753 fadd.s           f14, f14, f11       f14=xxxxxxxx f14:45de67df f11:426cb1ed
17312699ns          292456 1c00814a 0047a58b p.lw             x11, 4(x15!)        x11=42b1f4ca x15=10000f7c x15:10000f78  PA:10000f78
17312739ns          292458 1c00814e 00b77753 fadd.s           f14, f14, f11       f14=xxxxxxxx f14:45e04143 f11:42b1f4ca
17312759ns          292459 1c00814a 0047a58b p.lw             x11, 4(x15!)        x11=42a8a413 x15=10000f80 x15:10000f7c  PA:10000f7c
17312799ns          292461 1c00814e 00b77753 fadd.s           f14, f14, f11       f14=xxxxxxxx f14:45e30916 f11:42a8a413
17312819ns          292462 1c00814a 0047a58b p.lw             x11, 4(x15!)        x11=4306040c x15=10000f84 x15:10000f80  PA:10000f80
17312858ns          292464 1c00814e 00b77753 fadd.s           f14, f14, f11       f14=xxxxxxxx f14:45e5aba6 f11:4306040c
17312878ns          292465 1c00814a 0047a58b p.lw             x11, 4(x15!)        x11=42d3d5a6 x15=10000f88 x15:10000f84  PA:10000f84
17312918ns          292467 1c00814e 00b77753 fadd.s           f14, f14, f11       f14=xxxxxxxx f14:45e9dbc6 f11:42d3d5a6
17312938ns          292468 1c00814a 0047a58b p.lw             x11, 4(x15!)        x11=4289ac54 x15=10000f8c x15:10000f88  PA:10000f88
17312978ns          292470 1c00814e 00b77753 fadd.s           f14, f14, f11       f14=xxxxxxxx f14:45ed2b1d f11:4289ac54
17312998ns          292471 1c00814a 0047a58b p.lw             x11, 4(x15!)        x11=429c9b27 x15=10000f90 x15:10000f8c  PA:10000f8c
17313037ns          292473 1c00814e 00b77753 fadd.s           f14, f14, f11       f14=xxxxxxxx f14:45ef51ce f11:429c9b27
17313057ns          292474 1c00814a 0047a58b p.lw             x11, 4(x15!)        x11=42e201a4 x15=10000f94 x15:10000f90  PA:10000f90
17313097ns          292476 1c00814e 00b77753 fadd.s           f14, f14, f11       f14=xxxxxxxx f14:45f1c43b f11:42e201a4
17313117ns          292477 1c00814a 0047a58b p.lw             x11, 4(x15!)        x11=42d6699e x15=10000f98 x15:10000f94  PA:10000f94
17313157ns          292479 1c00814e 00b77753 fadd.s           f14, f14, f11       f14=xxxxxxxx f14:45f54c42 f11:42d6699e
17313177ns          292480 1c00814a 0047a58b p.lw             x11, 4(x15!)        x11=42c2205e x15=10000f9c x15:10000f98  PA:10000f98
17313216ns          292482 1c00814e 00b77753 fadd.s           f14, f14, f11       f14=xxxxxxxx f14:45f8a5e8 f11:42c2205e
17313236ns          292483 1c00814a 0047a58b p.lw             x11, 4(x15!)        x11=42d97770 x15=10000fa0 x15:10000f9c  PA:10000f9c
17313276ns          292485 1c00814e 00b77753 fadd.s           f14, f14, f11       f14=xxxxxxxx f14:45fbae69 f11:42d97770
17313296ns          292486 1c00814a 0047a58b p.lw             x11, 4(x15!)        x11=42f5f091 x15=10000fa4 x15:10000fa0  PA:10000fa0
17313336ns          292488 1c00814e 00b77753 fadd.s           f14, f14, f11       f14=xxxxxxxx f14:45ff1447 f11:42f5f091
17313356ns          292489 1c00814a 0047a58b p.lw             x11, 4(x15!)        x11=42d040b2 x15=10000fa8 x15:10000fa4  PA:10000fa4
17313395ns          292491 1c00814e 00b77753 fadd.s           f14, f14, f11       f14=xxxxxxxx f14:46017605 f11:42d040b2
17313415ns          292492 1c00814a 0047a58b p.lw             x11, 4(x15!)        x11=42a7c56c x15=10000fac x15:10000fa8  PA:10000fa8
17313455ns          292494 1c00814e 00b77753 fadd.s           f14, f14, f11       f14=xxxxxxxx f14:46031686 f11:42a7c56c
17313475ns          292495 1c00814a 0047a58b p.lw             x11, 4(x15!)        x11=428de867 x15=10000fb0 x15:10000fac  PA:10000fac
17313515ns          292497 1c00814e 00b77753 fadd.s           f14, f14, f11       f14=xxxxxxxx f14:46046611 f11:428de867
17313535ns          292498 1c00814a 0047a58b p.lw             x11, 4(x15!)        x11=42ce0c17 x15=10000fb4 x15:10000fb0  PA:10000fb0
17313574ns          292500 1c00814e 00b77753 fadd.s           f14, f14, f11       f14=xxxxxxxx f14:460581e2 f11:42ce0c17
17313594ns          292501 1c00814a 0047a58b p.lw             x11, 4(x15!)        x11=42eea63a x15=10000fb8 x15:10000fb4  PA:10000fb4
17313634ns          292503 1c00814e 00b77753 fadd.s           f14, f14, f11       f14=xxxxxxxx f14:46071dfa f11:42eea63a
17313654ns          292504 1c00814a 0047a58b p.lw             x11, 4(x15!)        x11=429d9601 x15=10000fbc x15:10000fb8  PA:10000fb8
17313694ns          292506 1c00814e 00b77753 fadd.s           f14, f14, f11       f14=xxxxxxxx f14:4608fb46 f11:429d9601
17313714ns          292507 1c00814a 0047a58b p.lw             x11, 4(x15!)        x11=42de8ddf x15=10000fc0 x15:10000fbc  PA:10000fbc
17313753ns          292509 1c00814e 00b77753 fadd.s           f14, f14, f11       f14=xxxxxxxx f14:460a3672 f11:42de8ddf
17313773ns          292510 1c00814a 0047a58b p.lw             x11, 4(x15!)        x11=42e7bf68 x15=10000fc4 x15:10000fc0  PA:10000fc0
17313813ns          292512 1c00814e 00b77753 fadd.s           f14, f14, f11       f14=xxxxxxxx f14:460bf38e f11:42e7bf68
17313833ns          292513 1c00814a 0047a58b p.lw             x11, 4(x15!)        x11=42dbafd7 x15=10000fc8 x15:10000fc4  PA:10000fc4
17313873ns          292515 1c00814e 00b77753 fadd.s           f14, f14, f11       f14=xxxxxxxx f14:460dc30d f11:42dbafd7
17313893ns          292516 1c00814a 0047a58b p.lw             x11, 4(x15!)        x11=42d29c56 x15=10000fcc x15:10000fc8  PA:10000fc8
17313932ns          292518 1c00814e 00b77753 fadd.s           f14, f14, f11       f14=xxxxxxxx f14:460f7a6d f11:42d29c56
17313952ns          292519 1c00814a 0047a58b p.lw             x11, 4(x15!)        x11=425bd5dc x15=10000fd0 x15:10000fcc  PA:10000fcc
17313992ns          292521 1c00814e 00b77753 fadd.s           f14, f14, f11       f14=xxxxxxxx f14:46111fa6 f11:425bd5dc
17314012ns          292522 1c00814a 0047a58b p.lw             x11, 4(x15!)        x11=42ddeb08 x15=10000fd4 x15:10000fd0  PA:10000fd0
17314052ns          292524 1c00814e 00b77753 fadd.s           f14, f14, f11       f14=xxxxxxxx f14:4611fb7c f11:42ddeb08
17314072ns          292525 1c00814a 0047a58b p.lw             x11, 4(x15!)        x11=42f6e82f x15=10000fd8 x15:10000fd4  PA:10000fd4
17314111ns          292527 1c00814e 00b77753 fadd.s           f14, f14, f11       f14=xxxxxxxx f14:4613b752 f11:42f6e82f
17314131ns          292528 1c00814a 0047a58b p.lw             x11, 4(x15!)        x11=42f0032e x15=10000fdc x15:10000fd8  PA:10000fd8
17314171ns          292530 1c00814e 00b77753 fadd.s           f14, f14, f11       f14=xxxxxxxx f14:4615a522 f11:42f0032e
17314191ns          292531 1c00814a 0047a58b p.lw             x11, 4(x15!)        x11=42df8345 x15=10000fe0 x15:10000fdc  PA:10000fdc
17314231ns          292533 1c00814e 00b77753 fadd.s           f14, f14, f11       f14=xxxxxxxx f14:46178528 f11:42df8345
17314251ns          292534 1c00814a 0047a58b p.lw             x11, 4(x15!)        x11=43009114 x15=10000fe4 x15:10000fe0  PA:10000fe0
17314291ns          292536 1c00814e 00b77753 fadd.s           f14, f14, f11       f14=xxxxxxxx f14:4619442f f11:43009114
17314310ns          292537 1c00814a 0047a58b p.lw             x11, 4(x15!)        x11=42bdb8d7 x15=10000fe8 x15:10000fe4  PA:10000fe4
17314350ns          292539 1c00814e 00b77753 fadd.s           f14, f14, f11       f14=xxxxxxxx f14:461b4673 f11:42bdb8d7
17314370ns          292540 1c008152 1c0006b7 lui              x13, 0x1c000000     x13=1c000000
17314390ns          292541 1c008156 0f06a683 lw               x13, 240(x13)       x13=3c23d70a x13:1c000000  PA:1c0000f0
17314708ns          292557 1c00815a 40a787b3 sub              x15, x15, x10       x15=0000018c x15:10000fe8 x10:10000e5c
17314728ns          292558 1c00815c 10d776d3 fmul.s           f13, f14, f13       f13=xxxxxxxx f14:461cc1e5 f13:3c23d70a
17314867ns          292565 1c008160 ffc78793 addi             x15, x15, -4        x15=00000188 x15:0000018c
17314887ns          292566 1c008162 0027d793 srli             x15, x15, 0x2       x15=00000062 x15:00000188
17314907ns          292567 1c008164 08d67653 fsub.s           f12, f12, f13       f12=xxxxxxxx f12:42bd449a f13:42c8a644
17314927ns          292568 1c008168 00178793 addi             x15, x15, 1         x15=00000063 x15:00000062
17314947ns          292569 1c00816a 10c67653 fmul.s           f12, f12, f12       f12=xxxxxxxx f12:c0b61aa0 f12:c0b61aa0
17315384ns          292591 1c00816e 0067c0fb lp.setup         0x1, x15, 0x6       x15:00000063
17315424ns          292593 1c008172 0045270b p.lw             x14, 4(x10!)        x14=42378b31 x10=10000e60 x10:10000e5c  PA:10000e5c
17315464ns          292595 1c008176 08d77753 fsub.s           f14, f14, f13       f14=xxxxxxxx f14:42378b31 f13:42c8a644
17315484ns          292596 1c00817a 60e77643 fmadd.s          f12, f14, f14, f12  f12=xxxxxxxx f14:c259c157 f14:c259c157 f12:420189de
17315504ns          292597 1c008172 0045270b p.lw             x14, 4(x10!)        x14=42af0e00 x10=10000e64 x10:10000e60  PA:10000e60
17315544ns          292599 1c008176 08d77753 fsub.s           f14, f14, f13       f14=xxxxxxxx f14:42af0e00 f13:42c8a644
17315564ns          292600 1c00817a 60e77643 fmadd.s          f12, f14, f14, f12  f12=xxxxxxxx f14:c14cc220 f14:c14cc220 f12:453b3f7f
17315583ns          292601 1c008172 0045270b p.lw             x14, 4(x10!)        x14=4301e98a x10=10000e68 x10:10000e64  PA:10000e64
17315623ns          292603 1c008176 08d77753 fsub.s           f14, f14, f13       f14=xxxxxxxx f14:4301e98a f13:42c8a644
17315643ns          292604 1c00817a 60e77643 fmadd.s          f12, f14, f14, f12  f12=xxxxxxxx f14:41ecb340 f14:41ecb340 f12:45457bde
17315663ns          292605 1c008172 0045270b p.lw             x14, 4(x10!)        x14=427c5e3b x10=10000e6c x10:10000e68  PA:10000e68
17315703ns          292607 1c008176 08d77753 fsub.s           f14, f14, f13       f14=xxxxxxxx f14:427c5e3b f13:42c8a644
17315723ns          292608 1c00817a 60e77643 fmadd.s          f12, f14, f14, f12  f12=xxxxxxxx f14:c214ee4d f14:c214ee4d f12:457c329d
17315743ns          292609 1c008172 0045270b p.lw             x14, 4(x10!)        x14=42c12255 x10=10000e70 x10:10000e6c  PA:10000e6c
17315782ns          292611 1c008176 08d77753 fsub.s           f14, f14, f13       f14=xxxxxxxx f14:42c12255 f13:42c8a644
17315802ns          292612 1c00817a 60e77643 fmadd.s          f12, f14, f14, f12  f12=xxxxxxxx f14:c0707de0 f14:c0707de0 f12:45a96b82
17315822ns          292613 1c008172 0045270b p.lw             x14, 4(x10!)        x14=4297771e x10=10000e74 x10:10000e70  PA:10000e70
17315862ns          292615 1c008176 08d77753 fsub.s           f14, f14, f13       f14=xxxxxxxx f14:4297771e f13:42c8a644
17315882ns          292616 1c00817a 60e77643 fmadd.s          f12, f14, f14, f12  f12=xxxxxxxx f14:c1c4bc98 f14:c1c4bc98 f12:45a9dc78
17315902ns          292617 1c008172 0045270b p.lw             x14, 4(x10!)        x14=4308d42a x10=10000e78 x10:10000e74  PA:10000e74
17315941ns          292619 1c008176 08d77753 fsub.s           f14, f14, f13       f14=xxxxxxxx f14:4308d42a f13:42c8a644
17315961ns          292620 1c00817a 60e77643 fmadd.s          f12, f14, f14, f12  f12=xxxxxxxx f14:42120420 f14:42120420 f12:45bcc2a2
17315981ns          292621 1c008172 0045270b p.lw             x14, 4(x10!)        x14=4228f3f6 x10=10000e7c x10:10000e78  PA:10000e78
17316021ns          292623 1c008176 08d77753 fsub.s           f14, f14, f13       f14=xxxxxxxx f14:4228f3f6 f13:42c8a644
17316041ns          292624 1c00817a 60e77643 fmadd.s          f12, f14, f14, f12  f12=xxxxxxxx f14:c2685892 f14:c2685892 f12:45e666fc
17316061ns          292625 1c008172 0045270b p.lw             x14, 4(x10!)        x14=42f07d08 x10=10000e80 x10:10000e7c  PA:10000e7c
17316101ns          292627 1c008176 08d77753 fsub.s           f14, f14, f13       f14=xxxxxxxx f14:42f07d08 f13:42c8a644
17316120ns          292628 1c00817a 60e77643 fmadd.s          f12, f14, f14, f12  f12=xxxxxxxx f14:419f5b10 f14:419f5b10 f12:4627eba8
17316140ns          292629 1c008172 0045270b p.lw             x14, 4(x10!)        x14=42faa45b x10=10000e84 x10:10000e80  PA:10000e80
17316180ns          292631 1c008176 08d77753 fsub.s           f14, f14, f13       f14=xxxxxxxx f14:42faa45b f13:42c8a644
17316200ns          292632 1c00817a 60e77643 fmadd.s          f12, f14, f14, f12  f12=xxxxxxxx f14:41c7f85c f14:41c7f85c f12:462e1ecc
17316220ns          292633 1c008172 0045270b p.lw             x14, 4(x10!)        x14=42fdef0e x10=10000e88 x10:10000e84  PA:10000e84
17316260ns          292635 1c008176 08d77753 fsub.s           f14, f14, f13       f14=xxxxxxxx f14:42fdef0e f13:42c8a644
17316280ns          292636 1c00817a 60e77643 fmadd.s          f12, f14, f14, f12  f12=xxxxxxxx f14:41d52328 f14:41d52328 f12:4637e20d
17316299ns          292637 1c008172 0045270b p.lw             x14, 4(x10!)        x14=42ec7a11 x10=10000e8c x10:10000e88  PA:10000e88
17316339ns          292639 1c008176 08d77753 fsub.s           f14, f14, f13       f14=xxxxxxxx f14:42ec7a11 f13:42c8a644
17316359ns          292640 1c00817a 60e77643 fmadd.s          f12, f14, f14, f12  f12=xxxxxxxx f14:418f4f34 f14:418f4f34 f12:4642f945
17316379ns          292641 1c008172 0045270b p.lw             x14, 4(x10!)        x14=42288a82 x10=10000e90 x10:10000e8c  PA:10000e8c
17316419ns          292643 1c008176 08d77753 fsub.s           f14, f14, f13       f14=xxxxxxxx f14:42288a82 f13:42c8a644
17316439ns          292644 1c00817a 60e77643 fmadd.s          f12, f14, f14, f12  f12=xxxxxxxx f14:c268c206 f14:c268c206 f12:4647fcde
17316459ns          292645 1c008172 0045270b p.lw             x14, 4(x10!)        x14=42ea181e x10=10000e94 x10:10000e90  PA:10000e90
17316498ns          292647 1c008176 08d77753 fsub.s           f14, f14, f13       f14=xxxxxxxx f14:42ea181e f13:42c8a644
17316518ns          292648 1c00817a 60e77643 fmadd.s          f12, f14, f14, f12  f12=xxxxxxxx f14:4185c768 f14:4185c768 f12:467ce4ed
17316538ns          292649 1c008172 0045270b p.lw             x14, 4(x10!)        x14=4295a8e2 x10=10000e98 x10:10000e94  PA:10000e94
17316578ns          292651 1c008176 08d77753 fsub.s           f14, f14, f13       f14=xxxxxxxx f14:4295a8e2 f13:42c8a644
17316598ns          292652 1c00817a 60e77643 fmadd.s          f12, f14, f14, f12  f12=xxxxxxxx f14:c1cbf588 f14:c1cbf588 f12:4680a1bd
17316618ns          292653 1c008172 0045270b p.lw             x14, 4(x10!)        x14=42e93c36 x10=10000e9c x10:10000e98  PA:10000e98
17316658ns          292655 1c008176 08d77753 fsub.s           f14, f14, f13       f14=xxxxxxxx f14:42e93c36 f13:42c8a644
17316677ns          292656 1c00817a 60e77643 fmadd.s          f12, f14, f14, f12  f12=xxxxxxxx f14:418257c8 f14:418257c8 f12:4685b5b8
17316697ns          292657 1c008172 0045270b p.lw             x14, 4(x10!)        x14=430e9850 x10=10000ea0 x10:10000e9c  PA:10000e9c
17316737ns          292659 1c008176 08d77753 fsub.s           f14, f14, f13       f14=xxxxxxxx f14:430e9850 f13:42c8a644
17316757ns          292660 1c00817a 60e77643 fmadd.s          f12, f14, f14, f12  f12=xxxxxxxx f14:422914b8 f14:422914b8 f12:4687c8a2
17316777ns          292661 1c008172 0045270b p.lw             x14, 4(x10!)        x14=42c7bb30 x10=10000ea4 x10:10000ea0  PA:10000ea0
17316817ns          292663 1c008176 08d77753 fsub.s           f14, f14, f13       f14=xxxxxxxx f14:42c7bb30 f13:42c8a644
17316837ns          292664 1c00817a 60e77643 fmadd.s          f12, f14, f14, f12  f12=xxxxxxxx f14:beeb1400 f14:beeb1400 f12:4695be2e
17316856ns          292665 1c008172 0045270b p.lw             x14, 4(x10!)        x14=42cc13c7 x10=10000ea8 x10:10000ea4  PA:10000ea4
17316896ns          292667 1c008176 08d77753 fsub.s           f14, f14, f13       f14=xxxxxxxx f14:42cc13c7 f13:42c8a644
17316916ns          292668 1c00817a 60e77643 fmadd.s          f12, f14, f14, f12  f12=xxxxxxxx f14:3fdb60c0 f14:3fdb60c0 f12:4695be9a
17316936ns          292669 1c008172 0045270b p.lw             x14, 4(x10!)        x14=4302dd64 x10=10000eac x10:10000ea8  PA:10000ea8
17316976ns          292671 1c008176 08d77753 fsub.s           f14, f14, f13       f14=xxxxxxxx f14:4302dd64 f13:42c8a644
17316996ns          292672 1c00817a 60e77643 fmadd.s          f12, f14, f14, f12  f12=xxxxxxxx f14:41f45210 f14:41f45210 f12:4695c47a
17317016ns          292673 1c008172 0045270b p.lw             x14, 4(x10!)        x14=42cc6834 x10=10000eb0 x10:10000eac  PA:10000eac
17317055ns          292675 1c008176 08d77753 fsub.s           f14, f14, f13       f14=xxxxxxxx f14:42cc6834 f13:42c8a644
17317075ns          292676 1c00817a 60e77643 fmadd.s          f12, f14, f14, f12  f12=xxxxxxxx f14:3ff07c00 f14:3ff07c00 f12:469d0dde
17317095ns          292677 1c008172 0045270b p.lw             x14, 4(x10!)        x14=428f1ede x10=10000eb4 x10:10000eb0  PA:10000eb0
17317135ns          292679 1c008176 08d77753 fsub.s           f14, f14, f13       f14=xxxxxxxx f14:428f1ede f13:42c8a644
17317155ns          292680 1c00817a 60e77643 fmadd.s          f12, f14, f14, f12  f12=xxxxxxxx f14:c1e61d98 f14:c1e61d98 f12:469d14ed
17317175ns          292681 1c008172 0045270b p.lw             x14, 4(x10!)        x14=42e254ca x10=10000eb8 x10:10000eb4  PA:10000eb4
17317214ns          292683 1c008176 08d77753 fsub.s           f14, f14, f13       f14=xxxxxxxx f14:42e254ca f13:42c8a644
17317234ns          292684 1c00817a 60e77643 fmadd.s          f12, f14, f14, f12  f12=xxxxxxxx f14:414d7430 f14:414d7430 f12:46a38bb7
17317254ns          292685 1c008172 0045270b p.lw             x14, 4(x10!)        x14=42cea3b0 x10=10000ebc x10:10000eb8  PA:10000eb8
17317294ns          292687 1c008176 08d77753 fsub.s           f14, f14, f13       f14=xxxxxxxx f14:42cea3b0 f13:42c8a644
17317314ns          292688 1c00817a 60e77643 fmadd.s          f12, f14, f14, f12  f12=xxxxxxxx f14:403fad80 f14:403fad80 f12:46a4d57e
17317334ns          292689 1c008172 0045270b p.lw             x14, 4(x10!)        x14=4305bd83 x10=10000ec0 x10:10000ebc  PA:10000ebc
17317374ns          292691 1c008176 08d77753 fsub.s           f14, f14, f13       f14=xxxxxxxx f14:4305bd83 f13:42c8a644
17317393ns          292692 1c00817a 60e77643 fmadd.s          f12, f14, f14, f12  f12=xxxxxxxx f14:4205a984 f14:4205a984 f12:46a4e76f
17317413ns          292693 1c008172 0045270b p.lw             x14, 4(x10!)        x14=428f6c7f x10=10000ec4 x10:10000ec0  PA:10000ec0
17317453ns          292695 1c008176 08d77753 fsub.s           f14, f14, f13       f14=xxxxxxxx f14:428f6c7f f13:42c8a644
17317473ns          292696 1c00817a 60e77643 fmadd.s          f12, f14, f14, f12  f12=xxxxxxxx f14:c1e4e714 f14:c1e4e714 f12:46ada0a1
17317493ns          292697 1c008172 0045270b p.lw             x14, 4(x10!)        x14=42dd523b x10=10000ec8 x10:10000ec4  PA:10000ec4
17317533ns          292699 1c008176 08d77753 fsub.s           f14, f14, f13       f14=xxxxxxxx f14:42dd523b f13:42c8a644
17317553ns          292700 1c00817a 60e77643 fmadd.s          f12, f14, f14, f12  f12=xxxxxxxx f14:41255fb8 f14:41255fb8 f12:46b40604
17317572ns          292701 1c008172 0045270b p.lw             x14, 4(x10!)        x14=4301d585 x10=10000ecc x10:10000ec8  PA:10000ec8
17317612ns          292703 1c008176 08d77753 fsub.s           f14, f14, f13       f14=xxxxxxxx f14:4301d585 f13:42c8a644
17317632ns          292704 1c00817a 60e77643 fmadd.s          f12, f14, f14, f12  f12=xxxxxxxx f14:41ec1318 f14:41ec1318 f12:46b4dbad
17317652ns          292705 1c008172 0045270b p.lw             x14, 4(x10!)        x14=4308dcc1 x10=10000ed0 x10:10000ecc  PA:10000ecc
17317692ns          292707 1c008176 08d77753 fsub.s           f14, f14, f13       f14=xxxxxxxx f14:4308dcc1 f13:42c8a644
17317712ns          292708 1c00817a 60e77643 fmadd.s          f12, f14, f14, f12  f12=xxxxxxxx f14:4212267c f14:4212267c f12:46bba947
17317732ns          292709 1c008172 0045270b p.lw             x14, 4(x10!)        x14=42a8251c x10=10000ed4 x10:10000ed0  PA:10000ed0
17317771ns          292711 1c008176 08d77753 fsub.s           f14, f14, f13       f14=xxxxxxxx f14:42a8251c f13:42c8a644
17317791ns          292712 1c00817a 60e77643 fmadd.s          f12, f14, f14, f12  f12=xxxxxxxx f14:c18204a0 f14:c18204a0 f12:46c61744
17317811ns          292713 1c008172 0045270b p.lw             x14, 4(x10!)        x14=42dbb1dc x10=10000ed8 x10:10000ed4  PA:10000ed4
17317851ns          292715 1c008176 08d77753 fsub.s           f14, f14, f13       f14=xxxxxxxx f14:42dbb1dc f13:42c8a644
17317871ns          292716 1c00817a 60e77643 fmadd.s          f12, f14, f14, f12  f12=xxxxxxxx f14:41185cc0 f14:41185cc0 f12:46c8278a
17317891ns          292717 1c008172 0045270b p.lw             x14, 4(x10!)        x14=42b44b56 x10=10000edc x10:10000ed8  PA:10000ed8
17317931ns          292719 1c008176 08d77753 fsub.s           f14, f14, f13       f14=xxxxxxxx f14:42b44b56 f13:42c8a644
17317950ns          292720 1c00817a 60e77643 fmadd.s          f12, f14, f14, f12  f12=xxxxxxxx f14:c122d770 f14:c122d770 f12:46c8dce7
17317970ns          292721 1c008172 0045270b p.lw             x14, 4(x10!)        x14=430934b2 x10=10000ee0 x10:10000edc  PA:10000edc
17318010ns          292723 1c008176 08d77753 fsub.s           f14, f14, f13       f14=xxxxxxxx f14:430934b2 f13:42c8a644
17318030ns          292724 1c00817a 60e77643 fmadd.s          f12, f14, f14, f12  f12=xxxxxxxx f14:42138640 f14:42138640 f12:46c9ac12
17318050ns          292725 1c008172 0045270b p.lw             x14, 4(x10!)        x14=42d98bfd x10=10000ee4 x10:10000ee0  PA:10000ee0
17318090ns          292727 1c008176 08d77753 fsub.s           f14, f14, f13       f14=xxxxxxxx f14:42d98bfd f13:42c8a644
17318110ns          292728 1c00817a 60e77643 fmadd.s          f12, f14, f14, f12  f12=xxxxxxxx f14:41072dc8 f14:41072dc8 f12:46d44c80
17318129ns          292729 1c008172 0045270b p.lw             x14, 4(x10!)        x14=4305cba4 x10=10000ee8 x10:10000ee4  PA:10000ee4
17318169ns          292731 1c008176 08d77753 fsub.s           f14, f14, f13       f14=xxxxxxxx f14:4305cba4 f13:42c8a644
17318189ns          292732 1c00817a 60e77643 fmadd.s          f12, f14, f14, f12  f12=xxxxxxxx f14:4205e208 f14:4205e208 f12:46d4db43
17318209ns          292733 1c008172 0045270b p.lw             x14, 4(x10!)        x14=42b8ce56 x10=10000eec x10:10000ee8  PA:10000ee8
17318249ns          292735 1c008176 08d77753 fsub.s           f14, f14, f13       f14=xxxxxxxx f14:42b8ce56 f13:42c8a644
17318269ns          292736 1c00817a 60e77643 fmadd.s          f12, f14, f14, f12  f12=xxxxxxxx f14:c0fd7ee0 f14:c0fd7ee0 f12:46dd9bd7
17318289ns          292737 1c008172 0045270b p.lw             x14, 4(x10!)        x14=42d84a3a x10=10000ef0 x10:10000eec  PA:10000eec
17318328ns          292739 1c008176 08d77753 fsub.s           f14, f14, f13       f14=xxxxxxxx f14:42d84a3a f13:42c8a644
17318348ns          292740 1c00817a 60e77643 fmadd.s          f12, f14, f14, f12  f12=xxxxxxxx f14:40fa3f60 f14:40fa3f60 f12:46de1959
17318368ns          292741 1c008172 0045270b p.lw             x14, 4(x10!)        x14=4289bbf6 x10=10000ef4 x10:10000ef0  PA:10000ef0
17318408ns          292743 1c008176 08d77753 fsub.s           f14, f14, f13       f14=xxxxxxxx f14:4289bbf6 f13:42c8a644
17318428ns          292744 1c00817a 60e77643 fmadd.s          f12, f14, f14, f12  f12=xxxxxxxx f14:c1fba938 f14:c1fba938 f12:46de93a9
17318448ns          292745 1c008172 0045270b p.lw             x14, 4(x10!)        x14=42dc16fc x10=10000ef8 x10:10000ef4  PA:10000ef4
17318487ns          292747 1c008176 08d77753 fsub.s           f14, f14, f13       f14=xxxxxxxx f14:42dc16fc f13:42c8a644
17318507ns          292748 1c00817a 60e77643 fmadd.s          f12, f14, f14, f12  f12=xxxxxxxx f14:411b85c0 f14:411b85c0 f12:46e64ed3
17318527ns          292749 1c008172 0045270b p.lw             x14, 4(x10!)        x14=42d22b6a x10=10000efc x10:10000ef8  PA:10000ef8
17318567ns          292751 1c008176 08d77753 fsub.s           f14, f14, f13       f14=xxxxxxxx f14:42d22b6a f13:42c8a644
17318587ns          292752 1c00817a 60e77643 fmadd.s          f12, f14, f14, f12  f12=xxxxxxxx f14:40985260 f14:40985260 f12:46e70bc9
17318607ns          292753 1c008172 0045270b p.lw             x14, 4(x10!)        x14=42c42dfe x10=10000f00 x10:10000efc  PA:10000efc
17318647ns          292755 1c008176 08d77753 fsub.s           f14, f14, f13       f14=xxxxxxxx f14:42c42dfe f13:42c8a644
17318666ns          292756 1c00817a 60e77643 fmadd.s          f12, f14, f14, f12  f12=xxxxxxxx f14:c00f08c0 f14:c00f08c0 f12:46e7391a
17318686ns          292757 1c008172 0045270b p.lw             x14, 4(x10!)        x14=42cfd988 x10=10000f04 x10:10000f00  PA:10000f00
17318726ns          292759 1c008176 08d77753 fsub.s           f14, f14, f13       f14=xxxxxxxx f14:42cfd988 f13:42c8a644
17318746ns          292760 1c00817a 60e77643 fmadd.s          f12, f14, f14, f12  f12=xxxxxxxx f14:40666880 f14:40666880 f12:46e74317
17318766ns          292761 1c008172 0045270b p.lw             x14, 4(x10!)        x14=42b69ef8 x10=10000f08 x10:10000f04  PA:10000f04
17318806ns          292763 1c008176 08d77753 fsub.s           f14, f14, f13       f14=xxxxxxxx f14:42b69ef8 f13:42c8a644
17318826ns          292764 1c00817a 60e77643 fmadd.s          f12, f14, f14, f12  f12=xxxxxxxx f14:c1103a60 f14:c1103a60 f12:46e75d03
17318845ns          292765 1c008172 0045270b p.lw             x14, 4(x10!)        x14=42a6f7b0 x10=10000f0c x10:10000f08  PA:10000f08
17318885ns          292767 1c008176 08d77753 fsub.s           f14, f14, f13       f14=xxxxxxxx f14:42a6f7b0 f13:42c8a644
17318905ns          292768 1c00817a 60e77643 fmadd.s          f12, f14, f14, f12  f12=xxxxxxxx f14:c186ba50 f14:c186ba50 f12:46e7ff86
17318925ns          292769 1c008172 0045270b p.lw             x14, 4(x10!)        x14=42c194bb x10=10000f10 x10:10000f0c  PA:10000f0c
17318965ns          292771 1c008176 08d77753 fsub.s           f14, f14, f13       f14=xxxxxxxx f14:42c194bb f13:42c8a644
17318985ns          292772 1c00817a 60e77643 fmadd.s          f12, f14, f14, f12  f12=xxxxxxxx f14:c0623120 f14:c0623120 f12:46ea36c3
17319005ns          292773 1c008172 0045270b p.lw             x14, 4(x10!)        x14=430397d8 x10=10000f14 x10:10000f10  PA:10000f10
17319044ns          292775 1c008176 08d77753 fsub.s           f14, f14, f13       f14=xxxxxxxx f14:430397d8 f13:42c8a644
17319064ns          292776 1c00817a 60e77643 fmadd.s          f12, f14, f14, f12  f12=xxxxxxxx f14:41fa25b0 f14:41fa25b0 f12:46ea4fbe
17319084ns          292777 1c008172 0045270b p.lw             x14, 4(x10!)        x14=4256ba1c x10=10000f18 x10:10000f14  PA:10000f14
17319124ns          292779 1c008176 08d77753 fsub.s           f14, f14, f13       f14=xxxxxxxx f14:4256ba1c f13:42c8a644
17319144ns          292780 1c00817a 60e77643 fmadd.s          f12, f14, f14, f12  f12=xxxxxxxx f14:c23a926c f14:c23a926c f12:46f1f32b
17319164ns          292781 1c008172 0045270b p.lw             x14, 4(x10!)        x14=42872ade x10=10000f1c x10:10000f18  PA:10000f18
17319204ns          292783 1c008176 08d77753 fsub.s           f14, f14, f13       f14=xxxxxxxx f14:42872ade f13:42c8a644
17319223ns          292784 1c00817a 60e77643 fmadd.s          f12, f14, f14, f12  f12=xxxxxxxx f14:c202f6cc f14:c202f6cc f12:47017927
17319243ns          292785 1c008172 0045270b p.lw             x14, 4(x10!)        x14=42ea42b6 x10=10000f20 x10:10000f1c  PA:10000f1c
17319283ns          292787 1c008176 08d77753 fsub.s           f14, f14, f13       f14=xxxxxxxx f14:42ea42b6 f13:42c8a644
17319303ns          292788 1c00817a 60e77643 fmadd.s          f12, f14, f14, f12  f12=xxxxxxxx f14:418671c8 f14:418671c8 f12:4705a920
17319323ns          292789 1c008172 0045270b p.lw             x14, 4(x10!)        x14=43074663 x10=10000f24 x10:10000f20  PA:10000f20
17319363ns          292791 1c008176 08d77753 fsub.s           f14, f14, f13       f14=xxxxxxxx f14:43074663 f13:42c8a644
17319383ns          292792 1c00817a 60e77643 fmadd.s          f12, f14, f14, f12  f12=xxxxxxxx f14:420bcd04 f14:420bcd04 f12:4706c38d
17319402ns          292793 1c008172 0045270b p.lw             x14, 4(x10!)        x14=42e30a91 x10=10000f28 x10:10000f24  PA:10000f24
17319442ns          292795 1c008176 08d77753 fsub.s           f14, f14, f13       f14=xxxxxxxx f14:42e30a91 f13:42c8a644
17319462ns          292796 1c00817a 60e77643 fmadd.s          f12, f14, f14, f12  f12=xxxxxxxx f14:41532268 f14:41532268 f12:470b8911
17319482ns          292797 1c008172 0045270b p.lw             x14, 4(x10!)        x14=42be471f x10=10000f2c x10:10000f28  PA:10000f28
17319522ns          292799 1c008176 08d77753 fsub.s           f14, f14, f13       f14=xxxxxxxx f14:42be471f f13:42c8a644
17319542ns          292800 1c00817a 60e77643 fmadd.s          f12, f14, f14, f12  f12=xxxxxxxx f14:c0a5f250 f14:c0a5f250 f12:470c3733
17319562ns          292801 1c008172 0045270b p.lw             x14, 4(x10!)        x14=4300bb8c x10=10000f30 x10:10000f2c  PA:10000f2c
17319601ns          292803 1c008176 08d77753 fsub.s           f14, f14, f13       f14=xxxxxxxx f14:4300bb8c f13:42c8a644
17319621ns          292804 1c00817a 60e77643 fmadd.s          f12, f14, f14, f12  f12=xxxxxxxx f14:41e34350 f14:41e34350 f12:470c5218
17319641ns          292805 1c008172 0045270b p.lw             x14, 4(x10!)        x14=428ca2e6 x10=10000f34 x10:10000f30  PA:10000f30
17319681ns          292807 1c008176 08d77753 fsub.s           f14, f14, f13       f14=xxxxxxxx f14:428ca2e6 f13:42c8a644
17319701ns          292808 1c00817a 60e77643 fmadd.s          f12, f14, f14, f12  f12=xxxxxxxx f14:c1f00d78 f14:c1f00d78 f12:470f791a
17319721ns          292809 1c008172 0045270b p.lw             x14, 4(x10!)        x14=42c5856d x10=10000f38 x10:10000f34  PA:10000f34
17319760ns          292811 1c008176 08d77753 fsub.s           f14, f14, f13       f14=xxxxxxxx f14:42c5856d f13:42c8a644
17319780ns          292812 1c00817a 60e77643 fmadd.s          f12, f14, f14, f12  f12=xxxxxxxx f14:bfc835c0 f14:bfc835c0 f12:4712fd7f
17319800ns          292813 1c008172 0045270b p.lw             x14, 4(x10!)        x14=427a18c3 x10=10000f3c x10:10000f38  PA:10000f38
17319840ns          292815 1c008176 08d77753 fsub.s           f14, f14, f13       f14=xxxxxxxx f14:427a18c3 f13:42c8a644
17319860ns          292816 1c00817a 60e77643 fmadd.s          f12, f14, f14, f12  f12=xxxxxxxx f14:c21733c5 f14:c21733c5 f12:4712fff1
17319880ns          292817 1c008172 0045270b p.lw             x14, 4(x10!)        x14=42bf7980 x10=10000f40 x10:10000f3c  PA:10000f3c
17319920ns          292819 1c008176 08d77753 fsub.s           f14, f14, f13       f14=xxxxxxxx f14:42bf7980 f13:42c8a644
17319939ns          292820 1c00817a 60e77643 fmadd.s          f12, f14, f14, f12  f12=xxxxxxxx f14:c092cc40 f14:c092cc40 f12:471894d3
17319959ns          292821 1c008172 0045270b p.lw             x14, 4(x10!)        x14=42c0e544 x10=10000f44 x10:10000f40  PA:10000f40
17319999ns          292823 1c008176 08d77753 fsub.s           f14, f14, f13       f14=xxxxxxxx f14:42c0e544 f13:42c8a644
17320019ns          292824 1c00817a 60e77643 fmadd.s          f12, f14, f14, f12  f12=xxxxxxxx f14:c0782000 f14:c0782000 f12:4718a9de
17320039ns          292825 1c008172 0045270b p.lw             x14, 4(x10!)        x14=42faa5da x10=10000f48 x10:10000f44  PA:10000f44
17320079ns          292827 1c008176 08d77753 fsub.s           f14, f14, f13       f14=xxxxxxxx f14:42faa5da f13:42c8a644
17320099ns          292828 1c00817a 60e77643 fmadd.s          f12, f14, f14, f12  f12=xxxxxxxx f14:41c7fe58 f14:41c7fe58 f12:4718b8e6
17320118ns          292829 1c008172 0045270b p.lw             x14, 4(x10!)        x14=42e3ccbd x10=10000f4c x10:10000f48  PA:10000f48
17320158ns          292831 1c008176 08d77753 fsub.s           f14, f14, f13       f14=xxxxxxxx f14:42e3ccbd f13:42c8a644
17320178ns          292832 1c00817a 60e77643 fmadd.s          f12, f14, f14, f12  f12=xxxxxxxx f14:415933c8 f14:415933c8 f12:471b29dc
17320198ns          292833 1c008172 0045270b p.lw             x14, 4(x10!)        x14=42961570 x10=10000f50 x10:10000f4c  PA:10000f4c
17320238ns          292835 1c008176 08d77753 fsub.s           f14, f14, f13       f14=xxxxxxxx f14:42961570 f13:42c8a644
17320258ns          292836 1c00817a 60e77643 fmadd.s          f12, f14, f14, f12  f12=xxxxxxxx f14:c1ca4350 f14:c1ca4350 f12:471be225
17320278ns          292837 1c008172 0045270b p.lw             x14, 4(x10!)        x14=42c2def8 x10=10000f54 x10:10000f50  PA:10000f50
17320317ns          292839 1c008176 08d77753 fsub.s           f14, f14, f13       f14=xxxxxxxx f14:42c2def8 f13:42c8a644
17320337ns          292840 1c00817a 60e77643 fmadd.s          f12, f14, f14, f12  f12=xxxxxxxx f14:c038e980 f14:c038e980 f12:471e615e
17320357ns          292841 1c008172 0045270b p.lw             x14, 4(x10!)        x14=430d7639 x10=10000f58 x10:10000f54  PA:10000f54
17320397ns          292843 1c008176 08d77753 fsub.s           f14, f14, f13       f14=xxxxxxxx f14:430d7639 f13:42c8a644
17320417ns          292844 1c00817a 60e77643 fmadd.s          f12, f14, f14, f12  f12=xxxxxxxx f14:42248c5c f14:42248c5c f12:471e69b7
17320437ns          292845 1c008172 0045270b p.lw             x14, 4(x10!)        x14=41a13694 x10=10000f5c x10:10000f58  PA:10000f58
17320477ns          292847 1c008176 08d77753 fsub.s           f14, f14, f13       f14=xxxxxxxx f14:41a13694 f13:42c8a644
17320496ns          292848 1c00817a 60e77643 fmadd.s          f12, f14, f14, f12  f12=xxxxxxxx f14:c2a0589f f14:c2a0589f f12:472505f9
17320516ns          292849 1c008172 0045270b p.lw             x14, 4(x10!)        x14=424d6428 x10=10000f60 x10:10000f5c  PA:10000f5c
17320556ns          292851 1c008176 08d77753 fsub.s           f14, f14, f13       f14=xxxxxxxx f14:424d6428 f13:42c8a644
17320576ns          292852 1c00817a 60e77643 fmadd.s          f12, f14, f14, f12  f12=xxxxxxxx f14:c243e860 f14:c243e860 f12:473e21b2
17320596ns          292853 1c008172 0045270b p.lw             x14, 4(x10!)        x14=42d19d05 x10=10000f64 x10:10000f60  PA:10000f60
17320636ns          292855 1c008176 08d77753 fsub.s           f14, f14, f13       f14=xxxxxxxx f14:42d19d05 f13:42c8a644
17320656ns          292856 1c00817a 60e77643 fmadd.s          f12, f14, f14, f12  f12=xxxxxxxx f14:408f6c10 f14:408f6c10 f12:4747806f
17320675ns          292857 1c008172 0045270b p.lw             x14, 4(x10!)        x14=42b31e9d x10=10000f68 x10:10000f64  PA:10000f64
17320715ns          292859 1c008176 08d77753 fsub.s           f14, f14, f13       f14=xxxxxxxx f14:42b31e9d f13:42c8a644
17320735ns          292860 1c00817a 60e77643 fmadd.s          f12, f14, f14, f12  f12=xxxxxxxx f14:c12c3d38 f14:c12c3d38 f12:47479485
17320755ns          292861 1c008172 0045270b p.lw             x14, 4(x10!)        x14=43138515 x10=10000f6c x10:10000f68  PA:10000f68
17320795ns          292863 1c008176 08d77753 fsub.s           f14, f14, f13       f14=xxxxxxxx f14:43138515 f13:42c8a644
17320815ns          292864 1c00817a 60e77643 fmadd.s          f12, f14, f14, f12  f12=xxxxxxxx f14:423cc7cc f14:423cc7cc f12:47480867
17320835ns          292865 1c008172 0045270b p.lw             x14, 4(x10!)        x14=42d47140 x10=10000f70 x10:10000f6c  PA:10000f6c
17320874ns          292867 1c008176 08d77753 fsub.s           f14, f14, f13       f14=xxxxxxxx f14:42d47140 f13:42c8a644
17320894ns          292868 1c00817a 60e77643 fmadd.s          f12, f14, f14, f12  f12=xxxxxxxx f14:40bcafc0 f14:40bcafc0 f12:4750bbc8
17320914ns          292869 1c008172 0045270b p.lw             x14, 4(x10!)        x14=42bb15fd x10=10000f74 x10:10000f70  PA:10000f70
17320954ns          292871 1c008176 08d77753 fsub.s           f14, f14, f13       f14=xxxxxxxx f14:42bb15fd f13:42c8a644
17320974ns          292872 1c00817a 60e77643 fmadd.s          f12, f14, f14, f12  f12=xxxxxxxx f14:c0d90470 f14:c0d90470 f12:4750de8d
17320994ns          292873 1c008172 0045270b p.lw             x14, 4(x10!)        x14=426cb1ed x10=10000f78 x10:10000f74  PA:10000f74
17321033ns          292875 1c008176 08d77753 fsub.s           f14, f14, f13       f14=xxxxxxxx f14:426cb1ed f13:42c8a644
17321053ns          292876 1c00817a 60e77643 fmadd.s          f12, f14, f14, f12  f12=xxxxxxxx f14:c2249a9b f14:c2249a9b f12:47510c8b
17321073ns          292877 1c008172 0045270b p.lw             x14, 4(x10!)        x14=42b1f4ca x10=10000f7c x10:10000f78  PA:10000f78
17321113ns          292879 1c008176 08d77753 fsub.s           f14, f14, f13       f14=xxxxxxxx f14:42b1f4ca f13:42c8a644
17321133ns          292880 1c00817a 60e77643 fmadd.s          f12, f14, f14, f12  f12=xxxxxxxx f14:c1358bd0 f14:c1358bd0 f12:4757a9f2
17321153ns          292881 1c008172 0045270b p.lw             x14, 4(x10!)        x14=42a8a413 x10=10000f80 x10:10000f7c  PA:10000f7c
17321193ns          292883 1c008176 08d77753 fsub.s           f14, f14, f13       f14=xxxxxxxx f14:42a8a413 f13:42c8a644
17321212ns          292884 1c00817a 60e77643 fmadd.s          f12, f14, f14, f12  f12=xxxxxxxx f14:c18008c4 f14:c18008c4 f12:47582ab1
17321232ns          292885 1c008172 0045270b p.lw             x14, 4(x10!)        x14=4306040c x10=10000f84 x10:10000f80  PA:10000f80
17321272ns          292887 1c008176 08d77753 fsub.s           f14, f14, f13       f14=xxxxxxxx f14:4306040c f13:42c8a644
17321292ns          292888 1c00817a 60e77643 fmadd.s          f12, f14, f14, f12  f12=xxxxxxxx f14:4206c3a8 f14:4206c3a8 f12:47592ad4
17321312ns          292889 1c008172 0045270b p.lw             x14, 4(x10!)        x14=42d3d5a6 x10=10000f88 x10:10000f84  PA:10000f84
17321352ns          292891 1c008176 08d77753 fsub.s           f14, f14, f13       f14=xxxxxxxx f14:42d3d5a6 f13:42c8a644
17321372ns          292892 1c00817a 60e77643 fmadd.s          f12, f14, f14, f12  f12=xxxxxxxx f14:40b2f620 f14:40b2f620 f12:475d99eb
17321391ns          292893 1c008172 0045270b p.lw             x14, 4(x10!)        x14=4289ac54 x10=10000f8c x10:10000f88  PA:10000f88
17321431ns          292895 1c008176 08d77753 fsub.s           f14, f14, f13       f14=xxxxxxxx f14:4289ac54 f13:42c8a644
17321451ns          292896 1c00817a 60e77643 fmadd.s          f12, f14, f14, f12  f12=xxxxxxxx f14:c1fbe7c0 f14:c1fbe7c0 f12:475db932
17321471ns          292897 1c008172 0045270b p.lw             x14, 4(x10!)        x14=429c9b27 x10=10000f90 x10:10000f8c  PA:10000f8c
17321511ns          292899 1c008176 08d77753 fsub.s           f14, f14, f13       f14=xxxxxxxx f14:429c9b27 f13:42c8a644
17321531ns          292900 1c00817a 60e77643 fmadd.s          f12, f14, f14, f12  f12=xxxxxxxx f14:c1b02c74 f14:c1b02c74 f12:476198b3
17321551ns          292901 1c008172 0045270b p.lw             x14, 4(x10!)        x14=42e201a4 x10=10000f94 x10:10000f90  PA:10000f90
17321590ns          292903 1c008176 08d77753 fsub.s           f14, f14, f13       f14=xxxxxxxx f14:42e201a4 f13:42c8a644
17321610ns          292904 1c00817a 60e77643 fmadd.s          f12, f14, f14, f12  f12=xxxxxxxx f14:414adb00 f14:414adb00 f12:47637da8
17321630ns          292905 1c008172 0045270b p.lw             x14, 4(x10!)        x14=42d6699e x10=10000f98 x10:10000f94  PA:10000f94
17321670ns          292907 1c008176 08d77753 fsub.s           f14, f14, f13       f14=xxxxxxxx f14:42d6699e f13:42c8a644
17321690ns          292908 1c00817a 60e77643 fmadd.s          f12, f14, f14, f12  f12=xxxxxxxx f14:40dc35a0 f14:40dc35a0 f12:47641e66
17321710ns          292909 1c008172 0045270b p.lw             x14, 4(x10!)        x14=42c2205e x10=10000f9c x10:10000f98  PA:10000f98
17321750ns          292911 1c008176 08d77753 fsub.s           f14, f14, f13       f14=xxxxxxxx f14:42c2205e f13:42c8a644
17321769ns          292912 1c00817a 60e77643 fmadd.s          f12, f14, f14, f12  f12=xxxxxxxx f14:c050bcc0 f14:c050bcc0 f12:47644dc1
17321789ns          292913 1c008172 0045270b p.lw             x14, 4(x10!)        x14=42d97770 x10=10000fa0 x10:10000f9c  PA:10000f9c
17321829ns          292915 1c008176 08d77753 fsub.s           f14, f14, f13       f14=xxxxxxxx f14:42d97770 f13:42c8a644
17321849ns          292916 1c00817a 60e77643 fmadd.s          f12, f14, f14, f12  f12=xxxxxxxx f14:41068960 f14:41068960 f12:47645864
17321869ns          292917 1c008172 0045270b p.lw             x14, 4(x10!)        x14=42f5f091 x10=10000fa4 x10:10000fa0  PA:10000fa0
17321909ns          292919 1c008176 08d77753 fsub.s           f14, f14, f13       f14=xxxxxxxx f14:42f5f091 f13:42c8a644
17321929ns          292920 1c00817a 60e77643 fmadd.s          f12, f14, f14, f12  f12=xxxxxxxx f14:41b52934 f14:41b52934 f12:47649f18
17321948ns          292921 1c008172 0045270b p.lw             x14, 4(x10!)        x14=42d040b2 x10=10000fa8 x10:10000fa4  PA:10000fa4
17321988ns          292923 1c008176 08d77753 fsub.s           f14, f14, f13       f14=xxxxxxxx f14:42d040b2 f13:42c8a644
17322008ns          292924 1c00817a 60e77643 fmadd.s          f12, f14, f14, f12  f12=xxxxxxxx f14:40734dc0 f14:40734dc0 f12:47669fe5
17322028ns          292925 1c008172 0045270b p.lw             x14, 4(x10!)        x14=42a7c56c x10=10000fac x10:10000fa8  PA:10000fa8
17322068ns          292927 1c008176 08d77753 fsub.s           f14, f14, f13       f14=xxxxxxxx f14:42a7c56c f13:42c8a644
17322088ns          292928 1c00817a 60e77643 fmadd.s          f12, f14, f14, f12  f12=xxxxxxxx f14:c1838360 f14:c1838360 f12:4766ae59
17322108ns          292929 1c008172 0045270b p.lw             x14, 4(x10!)        x14=428de867 x10=10000fb0 x10:10000fac  PA:10000fac
17322147ns          292931 1c008176 08d77753 fsub.s           f14, f14, f13       f14=xxxxxxxx f14:428de867 f13:42c8a644
17322167ns          292932 1c00817a 60e77643 fmadd.s          f12, f14, f14, f12  f12=xxxxxxxx f14:c1eaf774 f14:c1eaf774 f12:4767bc98
17322187ns          292933 1c008172 0045270b p.lw             x14, 4(x10!)        x14=42ce0c17 x10=10000fb4 x10:10000fb0  PA:10000fb0
17322227ns          292935 1c008176 08d77753 fsub.s           f14, f14, f13       f14=xxxxxxxx f14:42ce0c17 f13:42c8a644
17322247ns          292936 1c00817a 60e77643 fmadd.s          f12, f14, f14, f12  f12=xxxxxxxx f14:402cba60 f14:402cba60 f12:476b1b3d
17322267ns          292937 1c008172 0045270b p.lw             x14, 4(x10!)        x14=42eea63a x10=10000fb8 x10:10000fb4  PA:10000fb4
17322306ns          292939 1c008176 08d77753 fsub.s           f14, f14, f13       f14=xxxxxxxx f14:42eea63a f13:42c8a644
17322326ns          292940 1c00817a 60e77643 fmadd.s          f12, f14, f14, f12  f12=xxxxxxxx f14:4197ffd8 f14:4197ffd8 f12:476b2286
17322346ns          292941 1c008172 0045270b p.lw             x14, 4(x10!)        x14=429d9601 x10=10000fbc x10:10000fb8  PA:10000fb8
17322386ns          292943 1c008176 08d77753 fsub.s           f14, f14, f13       f14=xxxxxxxx f14:429d9601 f13:42c8a644
17322406ns          292944 1c00817a 60e77643 fmadd.s          f12, f14, f14, f12  f12=xxxxxxxx f14:c1ac410c f14:c1ac410c f12:476c8b85
17322426ns          292945 1c008172 0045270b p.lw             x14, 4(x10!)        x14=42de8ddf x10=10000fc0 x10:10000fbc  PA:10000fbc
17322466ns          292947 1c008176 08d77753 fsub.s           f14, f14, f13       f14=xxxxxxxx f14:42de8ddf f13:42c8a644
17322485ns          292948 1c00817a 60e77643 fmadd.s          f12, f14, f14, f12  f12=xxxxxxxx f14:412f3cd8 f14:412f3cd8 f12:476e5b23
17322505ns          292949 1c008172 0045270b p.lw             x14, 4(x10!)        x14=42e7bf68 x10=10000fc4 x10:10000fc0  PA:10000fc0
17322545ns          292951 1c008176 08d77753 fsub.s           f14, f14, f13       f14=xxxxxxxx f14:42e7bf68 f13:42c8a644
17322565ns          292952 1c00817a 60e77643 fmadd.s          f12, f14, f14, f12  f12=xxxxxxxx f14:4178c920 f14:4178c920 f12:476ed317
17322585ns          292953 1c008172 0045270b p.lw             x14, 4(x10!)        x14=42dbafd7 x10=10000fc8 x10:10000fc4  PA:10000fc4
17322625ns          292955 1c008176 08d77753 fsub.s           f14, f14, f13       f14=xxxxxxxx f14:42dbafd7 f13:42c8a644
17322645ns          292956 1c00817a 60e77643 fmadd.s          f12, f14, f14, f12  f12=xxxxxxxx f14:41184c98 f14:41184c98 f12:476fc4dd
17322665ns          292957 1c008172 0045270b p.lw             x14, 4(x10!)        x14=42d29c56 x10=10000fcc x10:10000fc8  PA:10000fc8
17322704ns          292959 1c008176 08d77753 fsub.s           f14, f14, f13       f14=xxxxxxxx f14:42d29c56 f13:42c8a644
17322724ns          292960 1c00817a 60e77643 fmadd.s          f12, f14, f14, f12  f12=xxxxxxxx f14:409f6120 f14:409f6120 f12:47701f78
17322744ns          292961 1c008172 0045270b p.lw             x14, 4(x10!)        x14=425bd5dc x10=10000fd0 x10:10000fcc  PA:10000fcc
17322784ns          292963 1c008176 08d77753 fsub.s           f14, f14, f13       f14=xxxxxxxx f14:425bd5dc f13:42c8a644
17322804ns          292964 1c00817a 60e77643 fmadd.s          f12, f14, f14, f12  f12=xxxxxxxx f14:c23576ac f14:c23576ac f12:47703846
17322824ns          292965 1c008172 0045270b p.lw             x14, 4(x10!)        x14=42ddeb08 x10=10000fd4 x10:10000fd0  PA:10000fd0
17322863ns          292967 1c008176 08d77753 fsub.s           f14, f14, f13       f14=xxxxxxxx f14:42ddeb08 f13:42c8a644
17322883ns          292968 1c00817a 60e77643 fmadd.s          f12, f14, f14, f12  f12=xxxxxxxx f14:412a2620 f14:412a2620 f12:47784256
17322903ns          292969 1c008172 0045270b p.lw             x14, 4(x10!)        x14=42f6e82f x10=10000fd8 x10:10000fd4  PA:10000fd4
17322943ns          292971 1c008176 08d77753 fsub.s           f14, f14, f13       f14=xxxxxxxx f14:42f6e82f f13:42c8a644
17322963ns          292972 1c00817a 60e77643 fmadd.s          f12, f14, f14, f12  f12=xxxxxxxx f14:41b907ac f14:41b907ac f12:4778b36d
17322983ns          292973 1c008172 0045270b p.lw             x14, 4(x10!)        x14=42f0032e x10=10000fdc x10:10000fd8  PA:10000fd8
17323023ns          292975 1c008176 08d77753 fsub.s           f14, f14, f13       f14=xxxxxxxx f14:42f0032e f13:42c8a644
17323042ns          292976 1c00817a 60e77643 fmadd.s          f12, f14, f14, f12  f12=xxxxxxxx f14:419d73a8 f14:419d73a8 f12:477aca5d
17323062ns          292977 1c008172 0045270b p.lw             x14, 4(x10!)        x14=42df8345 x10=10000fe0 x10:10000fdc  PA:10000fdc
17323102ns          292979 1c008176 08d77753 fsub.s           f14, f14, f13       f14=xxxxxxxx f14:42df8345 f13:42c8a644
17323122ns          292980 1c00817a 60e77643 fmadd.s          f12, f14, f14, f12  f12=xxxxxxxx f14:4136e808 f14:4136e808 f12:477c4db9
17323142ns          292981 1c008172 0045270b p.lw             x14, 4(x10!)        x14=43009114 x10=10000fe4 x10:10000fe0  PA:10000fe0
17323182ns          292983 1c008176 08d77753 fsub.s           f14, f14, f13       f14=xxxxxxxx f14:43009114 f13:42c8a644
17323202ns          292984 1c00817a 60e77643 fmadd.s          f12, f14, f14, f12  f12=xxxxxxxx f14:41e1ef90 f14:41e1ef90 f12:477cd068
17323221ns          292985 1c008172 0045270b p.lw             x14, 4(x10!)        x14=42bdb8d7 x10=10000fe8 x10:10000fe4  PA:10000fe4
17323261ns          292987 1c008176 08d77753 fsub.s           f14, f14, f13       f14=xxxxxxxx f14:42bdb8d7 f13:42c8a644
17323281ns          292988 1c00817a 60e77643 fmadd.s          f12, f14, f14, f12  f12=xxxxxxxx f14:c0aed6d0 f14:c0aed6d0 f12:477fee04
17323699ns          293009 1c00817e 1c0007b7 lui              x15, 0x1c000000     x15=1c000000
17323739ns          293011 1c008182 0f47a503 lw               x10, 244(x15)       x10=3c257eb5 x15:1c000000  PA:1c0000f4
17324057ns          293027 1c008186 10a67553 fmul.s           f10, f12, f10       f10=xxxxxxxx f12:478005ef f10:3c257eb5
17324077ns          293028 1c00818a 00008067 jalr             x0, x1, 0            x1:1c008688
17324335ns          293041 1c008688 1c0105b7 lui              x11, 0x1c010000     x11=1c010000
17324375ns          293043 1c00868c 00449493 slli             x9, x9, 0x4          x9=00000010  x9:00000001
17324395ns          293044 1c00868e 00058593 addi             x11, x11, 0         x11=1c010000 x11:1c010000
17324415ns          293045 1c008692 00a12623 sw               x10, 12(x2)         x10:44258661  x2:10000e48  PA:10000e54
17324435ns          293046 1c008694 009585b3 add              x11, x11, x9        x11=1c010010 x11:1c010000  x9:00000010
17324455ns          293047 1c008696 00810513 addi             x10, x2, 8          x10=10000e50  x2:10000e48
17324475ns          293048 1c008698 af5ff0ef jal              x1, -1292            x1=1c00869a
17324932ns          293071 1c00818c fe010113 addi             x2, x2, -32          x2=10000e28  x2:10000e48
17324952ns          293072 1c00818e 01212823 sw               x18, 16(x2)         x18:xxxxxxxx  x2:10000e28  PA:10000e38
17324972ns          293073 1c008190 01312623 sw               x19, 12(x2)         x19:xxxxxxxx  x2:10000e28  PA:10000e34
17324992ns          293074 1c008192 00052903 lw               x18, 0(x10)         x18=461cc1e5 x10:10000e50  PA:10000e50
17325012ns          293075 1c008196 0005a983 lw               x19, 0(x11)         x19=461cc24c x11:1c010010  PA:1c010010
17325310ns          293090 1c00819a 00812c23 sw               x8, 24(x2)           x8:10000fe8  x2:10000e28  PA:10000e40
17325330ns          293091 1c00819c a13907d3 fle.s            x15, f18, f19       x15=00000001 f18:461cc1e5 f19:461cc24c
17325469ns          293098 1c0081a0 00912a23 sw               x9, 20(x2)           x9:00000010  x2:10000e28  PA:10000e3c
17325489ns          293099 1c0081a2 01412423 sw               x20, 8(x2)          x20:xxxxxxxx  x2:10000e28  PA:10000e30
17325509ns          293100 1c0081a4 00112e23 sw               x1, 28(x2)           x1:1c00869a  x2:10000e28  PA:10000e44
17325529ns          293101 1c0081a6 01512223 sw               x21, 4(x2)          x21:xxxxxxxx  x2:10000e28  PA:10000e2c
17325549ns          293102 1c0081a8 00b00433 add              x8, x0, x11          x8=1c010010 x11:1c010010
17325569ns          293103 1c0081aa 00a00a33 add              x20, x0, x10        x20=10000e50 x10:10000e50
17325588ns          293104 1c0081ac 0045a483 lw               x9, 4(x11)           x9=461cc17e x11:1c010010  PA:1c010014
17326006ns          293125 1c0081ae 18078663 beq              x15, x0, 396        x15:00000001
17326026ns          293126 1c0081b2 a12487d3 fle.s            x15, f9, f18        x15=00000001  f9:461cc17e f18:461cc1e5
17326046ns          293127 1c0081b6 00100513 addi             x10, x0, 1          x10=00000001
17326066ns          293128 1c0081b8 18078163 beq              x15, x0, 386        x15:00000001
17326086ns          293129 1c0081bc 00842903 lw               x18, 8(x8)          x18=442586ce  x8:1c010010  PA:1c010018
17326543ns          293152 1c0081c0 004a2483 lw               x9, 4(x20)           x9=44258661 x20:10000e50  PA:10000e54
17326563ns          293153 1c0081c4 00c42403 lw               x8, 12(x8)           x8=442585f6  x8:1c010010  PA:1c01001c
17326861ns          293168 1c0081c6 a12487d3 fle.s            x15, f9, f18        x15=00000001  f9:44258661 f18:442586ce
17326881ns          293169 1c0081ca 00078563 beq              x15, x0, 10         x15:00000001
17326901ns          293170 1c0081cc a09407d3 fle.s            x15, f8, f9         x15=00000001  f8:442585f6  f9:44258661
17327040ns          293177 1c0081d0 14079c63 bne              x15, x0, 344        x15:00000001
17327518ns          293201 1c008328 01c12083 lw               x1, 28(x2)           x1=1c00869a  x2:10000e28  PA:10000e44
17327538ns          293202 1c00832a 01812403 lw               x8, 24(x2)           x8=10000fe8  x2:10000e28  PA:10000e40
17327558ns          293203 1c00832c 01412483 lw               x9, 20(x2)           x9=00000010  x2:10000e28  PA:10000e3c
17327578ns          293204 1c00832e 01012903 lw               x18, 16(x2)         x18=xxxxxxxx  x2:10000e28  PA:10000e38
17327995ns          293225 1c008330 00c12983 lw               x19, 12(x2)         x19=xxxxxxxx  x2:10000e28  PA:10000e34
17328015ns          293226 1c008332 00812a03 lw               x20, 8(x2)          x20=xxxxxxxx  x2:10000e28  PA:10000e30
17328035ns          293227 1c008334 00412a83 lw               x21, 4(x2)          x21=xxxxxxxx  x2:10000e28  PA:10000e2c
17328055ns          293228 1c008336 02010113 addi             x2, x2, 32           x2=10000e48  x2:10000e28
17328075ns          293229 1c008338 00008067 jalr             x0, x1, 0            x1:1c00869a
17328572ns          293254 1c00869a 00a00433 add              x8, x0, x10          x8=00000001 x10:00000001
17328592ns          293255 1c00869c f14027f3 csrrs            x15, x0, 0xf14      x15=00000001
17328612ns          293256 1c0086a0 f457b5b3 p.bclr           x11, x15, 26, 5     x11=00000001 x15:00000001
17328632ns          293257 1c0086a4 04050063 beq              x10, x0, 64         x10:00000001
17328652ns          293258 1c0086a6 1c000537 lui              x10, 0x1c000000     x10=1c000000
17328672ns          293259 1c0086aa 0b450513 addi             x10, x10, 180       x10=1c0000b4 x10:1c000000
17328691ns          293260 1c0086ae 636000ef jal              x1, 1590             x1=1c0086b0
17329189ns          293285 1c008ce4 fc010113 addi             x2, x2, -64          x2=10000e08  x2:10000e48
17329228ns          293287 1c008ce6 02410313 addi             x6, x2, 36           x6=10000e2c  x2:10000e08
17329248ns          293288 1c008cea 02c12423 sw               x12, 40(x2)         x12:478005ef  x2:10000e08  PA:10000e30
17329268ns          293289 1c008cec 00a00633 add              x12, x0, x10        x12=1c0000b4 x10:1c0000b4
17329308ns          293291 1c008cee 1c009537 lui              x10, 0x1c009000     x10=1c009000
17329328ns          293292 1c008cf2 02b12223 sw               x11, 36(x2)         x11:00000001  x2:10000e08  PA:10000e2c
17329348ns          293293 1c008cf4 02d12623 sw               x13, 44(x2)         x13:42c8a644  x2:10000e08  PA:10000e34
17329368ns          293294 1c008cf6 00200593 addi             x11, x0, 2          x11=00000002
17329388ns          293295 1c008cf8 006006b3 add              x13, x0, x6         x13=10000e2c  x6:10000e2c
17329407ns          293296 1c008cfa c7850513 addi             x10, x10, -904      x10=1c008c78 x10:1c009000
17329427ns          293297 1c008cfe 00112e23 sw               x1, 28(x2)           x1:1c0086b0  x2:10000e08  PA:10000e24
17329447ns          293298 1c008d00 02e12823 sw               x14, 48(x2)         x14:c0aed6d0  x2:10000e08  PA:10000e38
17329467ns          293299 1c008d02 02f12a23 sw               x15, 52(x2)         x15:00000001  x2:10000e08  PA:10000e3c
17329487ns          293300 1c008d04 03012c23 sw               x16, 56(x2)         x16:xxxxxxxx  x2:10000e08  PA:10000e40
17329507ns          293301 1c008d06 03112e23 sw               x17, 60(x2)         x17:xxxxxxxx  x2:10000e08  PA:10000e44
17329527ns          293302 1c008d08 00612623 sw               x6, 12(x2)           x6:10000e2c  x2:10000e08  PA:10000e14
17329547ns          293303 1c008d0a fbfff0ef jal              x1, -66              x1=1c008d0c
17329626ns          293307 1c008cc8 04a0006f jal              x0, 74             
17329666ns          293309 1c008d12 ed010113 addi             x2, x2, -304         x2=10000cd8  x2:10000e08
17329686ns          293310 1c008d14 12812423 sw               x8, 296(x2)          x8:00000001  x2:10000cd8  PA:10000e00
17329706ns          293311 1c008d18 00000413 addi             x8, x0, 0            x8=00000000
17329726ns          293312 1c008d1a 11612823 sw               x22, 272(x2)        x22:xxxxxxxx  x2:10000cd8  PA:10000de8
17329785ns          293315 1c008d1e 11712623 sw               x23, 268(x2)        x23:xxxxxxxx  x2:10000cd8  PA:10000de4
17329825ns          293317 1c008d22 11812423 sw               x24, 264(x2)        x24:xxxxxxxx  x2:10000cd8  PA:10000de0
17329845ns          293318 1c008d26 11912223 sw               x25, 260(x2)        x25:xxxxxxxx  x2:10000cd8  PA:10000ddc
17329865ns          293319 1c008d2a 11a12023 sw               x26, 256(x2)        x26:xxxxxxxx  x2:10000cd8  PA:10000dd8
17329885ns          293320 1c008d2e 0fb12e23 sw               x27, 252(x2)        x27:xxxxxxxx  x2:10000cd8  PA:10000dd4
17329925ns          293322 1c008d30 12112623 sw               x1, 300(x2)          x1:1c008d0c  x2:10000cd8  PA:10000e04
17329964ns          293324 1c008d34 00800db3 add              x27, x0, x8         x27=00000000  x8:00000000
17329984ns          293325 1c008d36 12912223 sw               x9, 292(x2)          x9:00000010  x2:10000cd8  PA:10000dfc
17330004ns          293326 1c008d3a 13212023 sw               x18, 288(x2)        x18:xxxxxxxx  x2:10000cd8  PA:10000df8
17330064ns          293329 1c008d3e 11312e23 sw               x19, 284(x2)        x19:xxxxxxxx  x2:10000cd8  PA:10000df4
17330104ns          293331 1c008d42 11412c23 sw               x20, 280(x2)        x20:xxxxxxxx  x2:10000cd8  PA:10000df0
17330124ns          293332 1c008d46 11512a23 sw               x21, 276(x2)        x21:xxxxxxxx  x2:10000cd8  PA:10000dec
17330143ns          293333 1c008d4a 00a00b33 add              x22, x0, x10        x22=1c008c78 x10:1c008c78
17330163ns          293334 1c008d4c 00b00d33 add              x26, x0, x11        x26=00000002 x11:00000002
17330183ns          293335 1c008d4e 00d00c33 add              x24, x0, x13        x24=10000e2c x13:10000e2c
17330203ns          293336 1c008d50 1c000bb7 lui              x23, 0x1c000000     x23=1c000000
17330223ns          293337 1c008d54 02410c93 addi             x25, x2, 36         x25=10000cfc  x2:10000cd8
17330243ns          293338 1c008d58 00c00433 add              x8, x0, x12          x8=1c0000b4 x12:1c0000b4
17330263ns          293339 1c008d5a 00044503 lbu              x10, 0(x8)          x10=0000006b  x8:1c0000b4  PA:1c0000b4
17330581ns          293355 1c008d5e 00140413 addi             x8, x8, 1            x8=1c0000b5  x8:1c0000b4
17330601ns          293356 1c008d60 00050e63 beq              x10, x0, 28         x10:0000006b
17330621ns          293357 1c008d62 02500793 addi             x15, x0, 37         x15=00000025
17330641ns          293358 1c008d66 04f50863 beq              x10, x15, 80        x10:0000006b x15:00000025
17330661ns          293359 1c008d6a 01a005b3 add              x11, x0, x26        x11=00000002 x26:00000002
17330680ns          293360 1c008d6c 000b00e7 jalr             x1, x22, 0           x1=1c008d6e x22:1c008c78
17330800ns          293366 1c008c78 000026b7 lui              x13, 0x2000         x13=00002000
17330840ns          293368 1c008c7a f14027f3 csrrs            x15, x0, 0xf14      x15=00000001
17330859ns          293369 1c008c7e f8068693 addi             x13, x13, -128      x13=00001f80 x13:00002000
17330879ns          293370 1c008c82 00379713 slli             x14, x15, 0x3       x14=00000008 x15:00000001
17330899ns          293371 1c008c86 00279793 slli             x15, x15, 0x2       x15=00000004 x15:00000001
17330919ns          293372 1c008c88 00d7f7b3 and              x15, x15, x13       x15=00000000 x15:00000004 x13:00001f80
17330939ns          293373 1c008c8a ee873733 p.bclr           x14, x14, 23, 8     x14=00000008 x14:00000008
17330979ns          293375 1c008c8e 1a10f6b7 lui              x13, 0x1a10f000     x13=1a10f000
17331019ns          293377 1c008c92 0ff57513 andi             x10, x10, 255       x10=0000006b x10:0000006b
17331039ns          293378 1c008c96 00d70733 add              x14, x14, x13       x14=1a10f008 x14:00000008 x13:1a10f000
17331058ns          293379 1c008c98 00a7e723 p.sw             x10, x0(x15)        x10:0000006b x15:00000000  PA:1a10f008
17331377ns          293395 1c008c9c 00000513 addi             x10, x0, 0          x10=00000000
17331397ns          293396 1c008c9e 00008067 jalr             x0, x1, 0            x1:1c008d6e
17331456ns          293399 1c008d6e 31f52563 p.beqimm         x10, 778            x10:00000000
17331476ns          293400 1c008d72 001d8d93 addi             x27, x27, 1         x27=00000001 x27:00000000
17331496ns          293401 1c008d74 00044503 lbu              x10, 0(x8)          x10=00000065  x8:1c0000b5  PA:1c0000b5
17331794ns          293416 1c008d78 00140413 addi             x8, x8, 1            x8=1c0000b6  x8:1c0000b5
17331814ns          293417 1c008d7a fe0514e3 bne              x10, x0, -24        x10:00000065
17331894ns          293421 1c008d62 02500793 addi             x15, x0, 37         x15=00000025
17331914ns          293422 1c008d66 04f50863 beq              x10, x15, 80        x10:00000065 x15:00000025
17331934ns          293423 1c008d6a 01a005b3 add              x11, x0, x26        x11=00000002 x26:00000002
17331953ns          293424 1c008d6c 000b00e7 jalr             x1, x22, 0           x1=1c008d6e x22:1c008c78
17331993ns          293426 1c008c78 000026b7 lui              x13, 0x2000         x13=00002000
17332013ns          293427 1c008c7a f14027f3 csrrs            x15, x0, 0xf14      x15=00000001
17332073ns          293430 1c008c7e f8068693 addi             x13, x13, -128      x13=00001f80 x13:00002000
17332113ns          293432 1c008c82 00379713 slli             x14, x15, 0x3       x14=00000008 x15:00000001
17332133ns          293433 1c008c86 00279793 slli             x15, x15, 0x2       x15=00000004 x15:00000001
17332152ns          293434 1c008c88 00d7f7b3 and              x15, x15, x13       x15=00000000 x15:00000004 x13:00001f80
17332172ns          293435 1c008c8a ee873733 p.bclr           x14, x14, 23, 8     x14=00000008 x14:00000008
17332192ns          293436 1c008c8e 1a10f6b7 lui              x13, 0x1a10f000     x13=1a10f000
17332212ns          293437 1c008c92 0ff57513 andi             x10, x10, 255       x10=00000065 x10:00000065
17332232ns          293438 1c008c96 00d70733 add              x14, x14, x13       x14=1a10f008 x14:00000008 x13:1a10f000
17332252ns          293439 1c008c98 00a7e723 p.sw             x10, x0(x15)        x10:00000065 x15:00000000  PA:1a10f008
17332570ns          293455 1c008c9c 00000513 addi             x10, x0, 0          x10=00000000
17332590ns          293456 1c008c9e 00008067 jalr             x0, x1, 0            x1:1c008d6e
17332650ns          293459 1c008d6e 31f52563 p.beqimm         x10, 778            x10:00000000
17332670ns          293460 1c008d72 001d8d93 addi             x27, x27, 1         x27=00000002 x27:00000001
17332689ns          293461 1c008d74 00044503 lbu              x10, 0(x8)          x10=00000072  x8:1c0000b6  PA:1c0000b6
17332988ns          293476 1c008d78 00140413 addi             x8, x8, 1            x8=1c0000b7  x8:1c0000b6
17333008ns          293477 1c008d7a fe0514e3 bne              x10, x0, -24        x10:00000072
17333087ns          293481 1c008d62 02500793 addi             x15, x0, 37         x15=00000025
17333107ns          293482 1c008d66 04f50863 beq              x10, x15, 80        x10:00000072 x15:00000025
17333127ns          293483 1c008d6a 01a005b3 add              x11, x0, x26        x11=00000002 x26:00000002
17333147ns          293484 1c008d6c 000b00e7 jalr             x1, x22, 0           x1=1c008d6e x22:1c008c78
17333187ns          293486 1c008c78 000026b7 lui              x13, 0x2000         x13=00002000
17333207ns          293487 1c008c7a f14027f3 csrrs            x15, x0, 0xf14      x15=00000001
17333226ns          293488 1c008c7e f8068693 addi             x13, x13, -128      x13=00001f80 x13:00002000
17333246ns          293489 1c008c82 00379713 slli             x14, x15, 0x3       x14=00000008 x15:00000001
17333266ns          293490 1c008c86 00279793 slli             x15, x15, 0x2       x15=00000004 x15:00000001
17333286ns          293491 1c008c88 00d7f7b3 and              x15, x15, x13       x15=00000000 x15:00000004 x13:00001f80
17333306ns          293492 1c008c8a ee873733 p.bclr           x14, x14, 23, 8     x14=00000008 x14:00000008
17333326ns          293493 1c008c8e 1a10f6b7 lui              x13, 0x1a10f000     x13=1a10f000
17333346ns          293494 1c008c92 0ff57513 andi             x10, x10, 255       x10=00000072 x10:00000072
17333366ns          293495 1c008c96 00d70733 add              x14, x14, x13       x14=1a10f008 x14:00000008 x13:1a10f000
17333386ns          293496 1c008c98 00a7e723 p.sw             x10, x0(x15)        x10:00000072 x15:00000000  PA:1a10f008
17333724ns          293513 1c008c9c 00000513 addi             x10, x0, 0          x10=00000000
17333744ns          293514 1c008c9e 00008067 jalr             x0, x1, 0            x1:1c008d6e
17333803ns          293517 1c008d6e 31f52563 p.beqimm         x10, 778            x10:00000000
17333823ns          293518 1c008d72 001d8d93 addi             x27, x27, 1         x27=00000003 x27:00000002
17333843ns          293519 1c008d74 00044503 lbu              x10, 0(x8)          x10=0000006e  x8:1c0000b7  PA:1c0000b7
17334161ns          293535 1c008d78 00140413 addi             x8, x8, 1            x8=1c0000b8  x8:1c0000b7
17334181ns          293536 1c008d7a fe0514e3 bne              x10, x0, -24        x10:0000006e
17334261ns          293540 1c008d62 02500793 addi             x15, x0, 37         x15=00000025
17334281ns          293541 1c008d66 04f50863 beq              x10, x15, 80        x10:0000006e x15:00000025
17334301ns          293542 1c008d6a 01a005b3 add              x11, x0, x26        x11=00000002 x26:00000002
17334320ns          293543 1c008d6c 000b00e7 jalr             x1, x22, 0           x1=1c008d6e x22:1c008c78
17334360ns          293545 1c008c78 000026b7 lui              x13, 0x2000         x13=00002000
17334380ns          293546 1c008c7a f14027f3 csrrs            x15, x0, 0xf14      x15=00000001
17334400ns          293547 1c008c7e f8068693 addi             x13, x13, -128      x13=00001f80 x13:00002000
17334420ns          293548 1c008c82 00379713 slli             x14, x15, 0x3       x14=00000008 x15:00000001
17334440ns          293549 1c008c86 00279793 slli             x15, x15, 0x2       x15=00000004 x15:00000001
17334460ns          293550 1c008c88 00d7f7b3 and              x15, x15, x13       x15=00000000 x15:00000004 x13:00001f80
17334480ns          293551 1c008c8a ee873733 p.bclr           x14, x14, 23, 8     x14=00000008 x14:00000008
17334500ns          293552 1c008c8e 1a10f6b7 lui              x13, 0x1a10f000     x13=1a10f000
17334519ns          293553 1c008c92 0ff57513 andi             x10, x10, 255       x10=0000006e x10:0000006e
17334539ns          293554 1c008c96 00d70733 add              x14, x14, x13       x14=1a10f008 x14:00000008 x13:1a10f000
17334559ns          293555 1c008c98 00a7e723 p.sw             x10, x0(x15)        x10:0000006e x15:00000000  PA:1a10f008
17334877ns          293571 1c008c9c 00000513 addi             x10, x0, 0          x10=00000000
17334897ns          293572 1c008c9e 00008067 jalr             x0, x1, 0            x1:1c008d6e
17334957ns          293575 1c008d6e 31f52563 p.beqimm         x10, 778            x10:00000000
17334977ns          293576 1c008d72 001d8d93 addi             x27, x27, 1         x27=00000004 x27:00000003
17334997ns          293577 1c008d74 00044503 lbu              x10, 0(x8)          x10=00000065  x8:1c0000b8  PA:1c0000b8
17335434ns          293599 1c008d78 00140413 addi             x8, x8, 1            x8=1c0000b9  x8:1c0000b8
17335454ns          293600 1c008d7a fe0514e3 bne              x10, x0, -24        x10:00000065
17335534ns          293604 1c008d62 02500793 addi             x15, x0, 37         x15=00000025
17335554ns          293605 1c008d66 04f50863 beq              x10, x15, 80        x10:00000065 x15:00000025
17335574ns          293606 1c008d6a 01a005b3 add              x11, x0, x26        x11=00000002 x26:00000002
17335593ns          293607 1c008d6c 000b00e7 jalr             x1, x22, 0           x1=1c008d6e x22:1c008c78
17335633ns          293609 1c008c78 000026b7 lui              x13, 0x2000         x13=00002000
17335653ns          293610 1c008c7a f14027f3 csrrs            x15, x0, 0xf14      x15=00000001
17335673ns          293611 1c008c7e f8068693 addi             x13, x13, -128      x13=00001f80 x13:00002000
17335693ns          293612 1c008c82 00379713 slli             x14, x15, 0x3       x14=00000008 x15:00000001
17335713ns          293613 1c008c86 00279793 slli             x15, x15, 0x2       x15=00000004 x15:00000001
17335733ns          293614 1c008c88 00d7f7b3 and              x15, x15, x13       x15=00000000 x15:00000004 x13:00001f80
17335753ns          293615 1c008c8a ee873733 p.bclr           x14, x14, 23, 8     x14=00000008 x14:00000008
17335773ns          293616 1c008c8e 1a10f6b7 lui              x13, 0x1a10f000     x13=1a10f000
17335792ns          293617 1c008c92 0ff57513 andi             x10, x10, 255       x10=00000065 x10:00000065
17335812ns          293618 1c008c96 00d70733 add              x14, x14, x13       x14=1a10f008 x14:00000008 x13:1a10f000
17335832ns          293619 1c008c98 00a7e723 p.sw             x10, x0(x15)        x10:00000065 x15:00000000  PA:1a10f008
17336150ns          293635 1c008c9c 00000513 addi             x10, x0, 0          x10=00000000
17336170ns          293636 1c008c9e 00008067 jalr             x0, x1, 0            x1:1c008d6e
17336230ns          293639 1c008d6e 31f52563 p.beqimm         x10, 778            x10:00000000
17336250ns          293640 1c008d72 001d8d93 addi             x27, x27, 1         x27=00000005 x27:00000004
17336270ns          293641 1c008d74 00044503 lbu              x10, 0(x8)          x10=0000006c  x8:1c0000b9  PA:1c0000b9
17336568ns          293656 1c008d78 00140413 addi             x8, x8, 1            x8=1c0000ba  x8:1c0000b9
17336588ns          293657 1c008d7a fe0514e3 bne              x10, x0, -24        x10:0000006c
17336668ns          293661 1c008d62 02500793 addi             x15, x0, 37         x15=00000025
17336687ns          293662 1c008d66 04f50863 beq              x10, x15, 80        x10:0000006c x15:00000025
17336707ns          293663 1c008d6a 01a005b3 add              x11, x0, x26        x11=00000002 x26:00000002
17336727ns          293664 1c008d6c 000b00e7 jalr             x1, x22, 0           x1=1c008d6e x22:1c008c78
17336767ns          293666 1c008c78 000026b7 lui              x13, 0x2000         x13=00002000
17336787ns          293667 1c008c7a f14027f3 csrrs            x15, x0, 0xf14      x15=00000001
17336807ns          293668 1c008c7e f8068693 addi             x13, x13, -128      x13=00001f80 x13:00002000
17336827ns          293669 1c008c82 00379713 slli             x14, x15, 0x3       x14=00000008 x15:00000001
17336847ns          293670 1c008c86 00279793 slli             x15, x15, 0x2       x15=00000004 x15:00000001
17336867ns          293671 1c008c88 00d7f7b3 and              x15, x15, x13       x15=00000000 x15:00000004 x13:00001f80
17336886ns          293672 1c008c8a ee873733 p.bclr           x14, x14, 23, 8     x14=00000008 x14:00000008
17336906ns          293673 1c008c8e 1a10f6b7 lui              x13, 0x1a10f000     x13=1a10f000
17336926ns          293674 1c008c92 0ff57513 andi             x10, x10, 255       x10=0000006c x10:0000006c
17336946ns          293675 1c008c96 00d70733 add              x14, x14, x13       x14=1a10f008 x14:00000008 x13:1a10f000
17336966ns          293676 1c008c98 00a7e723 p.sw             x10, x0(x15)        x10:0000006c x15:00000000  PA:1a10f008
17337284ns          293692 1c008c9c 00000513 addi             x10, x0, 0          x10=00000000
17337304ns          293693 1c008c9e 00008067 jalr             x0, x1, 0            x1:1c008d6e
17337364ns          293696 1c008d6e 31f52563 p.beqimm         x10, 778            x10:00000000
17337384ns          293697 1c008d72 001d8d93 addi             x27, x27, 1         x27=00000006 x27:00000005
17337404ns          293698 1c008d74 00044503 lbu              x10, 0(x8)          x10=00000020  x8:1c0000ba  PA:1c0000ba
17337722ns          293714 1c008d78 00140413 addi             x8, x8, 1            x8=1c0000bb  x8:1c0000ba
17337742ns          293715 1c008d7a fe0514e3 bne              x10, x0, -24        x10:00000020
17337821ns          293719 1c008d62 02500793 addi             x15, x0, 37         x15=00000025
17337841ns          293720 1c008d66 04f50863 beq              x10, x15, 80        x10:00000020 x15:00000025
17337861ns          293721 1c008d6a 01a005b3 add              x11, x0, x26        x11=00000002 x26:00000002
17337881ns          293722 1c008d6c 000b00e7 jalr             x1, x22, 0           x1=1c008d6e x22:1c008c78
17337921ns          293724 1c008c78 000026b7 lui              x13, 0x2000         x13=00002000
17337941ns          293725 1c008c7a f14027f3 csrrs            x15, x0, 0xf14      x15=00000001
17337960ns          293726 1c008c7e f8068693 addi             x13, x13, -128      x13=00001f80 x13:00002000
17337980ns          293727 1c008c82 00379713 slli             x14, x15, 0x3       x14=00000008 x15:00000001
17338000ns          293728 1c008c86 00279793 slli             x15, x15, 0x2       x15=00000004 x15:00000001
17338020ns          293729 1c008c88 00d7f7b3 and              x15, x15, x13       x15=00000000 x15:00000004 x13:00001f80
17338040ns          293730 1c008c8a ee873733 p.bclr           x14, x14, 23, 8     x14=00000008 x14:00000008
17338060ns          293731 1c008c8e 1a10f6b7 lui              x13, 0x1a10f000     x13=1a10f000
17338080ns          293732 1c008c92 0ff57513 andi             x10, x10, 255       x10=00000020 x10:00000020
17338100ns          293733 1c008c96 00d70733 add              x14, x14, x13       x14=1a10f008 x14:00000008 x13:1a10f000
17338120ns          293734 1c008c98 00a7e723 p.sw             x10, x0(x15)        x10:00000020 x15:00000000  PA:1a10f008
17338438ns          293750 1c008c9c 00000513 addi             x10, x0, 0          x10=00000000
17338458ns          293751 1c008c9e 00008067 jalr             x0, x1, 0            x1:1c008d6e
17338517ns          293754 1c008d6e 31f52563 p.beqimm         x10, 778            x10:00000000
17338537ns          293755 1c008d72 001d8d93 addi             x27, x27, 1         x27=00000007 x27:00000006
17338557ns          293756 1c008d74 00044503 lbu              x10, 0(x8)          x10=00000070  x8:1c0000bb  PA:1c0000bb
17338856ns          293771 1c008d78 00140413 addi             x8, x8, 1            x8=1c0000bc  x8:1c0000bb
17338875ns          293772 1c008d7a fe0514e3 bne              x10, x0, -24        x10:00000070
17338955ns          293776 1c008d62 02500793 addi             x15, x0, 37         x15=00000025
17338975ns          293777 1c008d66 04f50863 beq              x10, x15, 80        x10:00000070 x15:00000025
17338995ns          293778 1c008d6a 01a005b3 add              x11, x0, x26        x11=00000002 x26:00000002
17339015ns          293779 1c008d6c 000b00e7 jalr             x1, x22, 0           x1=1c008d6e x22:1c008c78
17339054ns          293781 1c008c78 000026b7 lui              x13, 0x2000         x13=00002000
17339074ns          293782 1c008c7a f14027f3 csrrs            x15, x0, 0xf14      x15=00000001
17339094ns          293783 1c008c7e f8068693 addi             x13, x13, -128      x13=00001f80 x13:00002000
17339114ns          293784 1c008c82 00379713 slli             x14, x15, 0x3       x14=00000008 x15:00000001
17339134ns          293785 1c008c86 00279793 slli             x15, x15, 0x2       x15=00000004 x15:00000001
17339154ns          293786 1c008c88 00d7f7b3 and              x15, x15, x13       x15=00000000 x15:00000004 x13:00001f80
17339174ns          293787 1c008c8a ee873733 p.bclr           x14, x14, 23, 8     x14=00000008 x14:00000008
17339194ns          293788 1c008c8e 1a10f6b7 lui              x13, 0x1a10f000     x13=1a10f000
17339214ns          293789 1c008c92 0ff57513 andi             x10, x10, 255       x10=00000070 x10:00000070
17339234ns          293790 1c008c96 00d70733 add              x14, x14, x13       x14=1a10f008 x14:00000008 x13:1a10f000
17339253ns          293791 1c008c98 00a7e723 p.sw             x10, x0(x15)        x10:00000070 x15:00000000  PA:1a10f008
17339572ns          293807 1c008c9c 00000513 addi             x10, x0, 0          x10=00000000
17339592ns          293808 1c008c9e 00008067 jalr             x0, x1, 0            x1:1c008d6e
17339651ns          293811 1c008d6e 31f52563 p.beqimm         x10, 778            x10:00000000
17339671ns          293812 1c008d72 001d8d93 addi             x27, x27, 1         x27=00000008 x27:00000007
17339691ns          293813 1c008d74 00044503 lbu              x10, 0(x8)          x10=00000061  x8:1c0000bc  PA:1c0000bc
17340009ns          293829 1c008d78 00140413 addi             x8, x8, 1            x8=1c0000bd  x8:1c0000bc
17340029ns          293830 1c008d7a fe0514e3 bne              x10, x0, -24        x10:00000061
17340109ns          293834 1c008d62 02500793 addi             x15, x0, 37         x15=00000025
17340129ns          293835 1c008d66 04f50863 beq              x10, x15, 80        x10:00000061 x15:00000025
17340148ns          293836 1c008d6a 01a005b3 add              x11, x0, x26        x11=00000002 x26:00000002
17340168ns          293837 1c008d6c 000b00e7 jalr             x1, x22, 0           x1=1c008d6e x22:1c008c78
17340208ns          293839 1c008c78 000026b7 lui              x13, 0x2000         x13=00002000
17340228ns          293840 1c008c7a f14027f3 csrrs            x15, x0, 0xf14      x15=00000001
17340248ns          293841 1c008c7e f8068693 addi             x13, x13, -128      x13=00001f80 x13:00002000
17340268ns          293842 1c008c82 00379713 slli             x14, x15, 0x3       x14=00000008 x15:00000001
17340288ns          293843 1c008c86 00279793 slli             x15, x15, 0x2       x15=00000004 x15:00000001
17340308ns          293844 1c008c88 00d7f7b3 and              x15, x15, x13       x15=00000000 x15:00000004 x13:00001f80
17340327ns          293845 1c008c8a ee873733 p.bclr           x14, x14, 23, 8     x14=00000008 x14:00000008
17340347ns          293846 1c008c8e 1a10f6b7 lui              x13, 0x1a10f000     x13=1a10f000
17340367ns          293847 1c008c92 0ff57513 andi             x10, x10, 255       x10=00000061 x10:00000061
17340387ns          293848 1c008c96 00d70733 add              x14, x14, x13       x14=1a10f008 x14:00000008 x13:1a10f000
17340407ns          293849 1c008c98 00a7e723 p.sw             x10, x0(x15)        x10:00000061 x15:00000000  PA:1a10f008
17340725ns          293865 1c008c9c 00000513 addi             x10, x0, 0          x10=00000000
17340745ns          293866 1c008c9e 00008067 jalr             x0, x1, 0            x1:1c008d6e
17340805ns          293869 1c008d6e 31f52563 p.beqimm         x10, 778            x10:00000000
17340825ns          293870 1c008d72 001d8d93 addi             x27, x27, 1         x27=00000009 x27:00000008
17340845ns          293871 1c008d74 00044503 lbu              x10, 0(x8)          x10=00000073  x8:1c0000bd  PA:1c0000bd
17341143ns          293886 1c008d78 00140413 addi             x8, x8, 1            x8=1c0000be  x8:1c0000bd
17341163ns          293887 1c008d7a fe0514e3 bne              x10, x0, -24        x10:00000073
17341242ns          293891 1c008d62 02500793 addi             x15, x0, 37         x15=00000025
17341262ns          293892 1c008d66 04f50863 beq              x10, x15, 80        x10:00000073 x15:00000025
17341282ns          293893 1c008d6a 01a005b3 add              x11, x0, x26        x11=00000002 x26:00000002
17341302ns          293894 1c008d6c 000b00e7 jalr             x1, x22, 0           x1=1c008d6e x22:1c008c78
17341342ns          293896 1c008c78 000026b7 lui              x13, 0x2000         x13=00002000
17341362ns          293897 1c008c7a f14027f3 csrrs            x15, x0, 0xf14      x15=00000001
17341382ns          293898 1c008c7e f8068693 addi             x13, x13, -128      x13=00001f80 x13:00002000
17341402ns          293899 1c008c82 00379713 slli             x14, x15, 0x3       x14=00000008 x15:00000001
17341421ns          293900 1c008c86 00279793 slli             x15, x15, 0x2       x15=00000004 x15:00000001
17341441ns          293901 1c008c88 00d7f7b3 and              x15, x15, x13       x15=00000000 x15:00000004 x13:00001f80
17341461ns          293902 1c008c8a ee873733 p.bclr           x14, x14, 23, 8     x14=00000008 x14:00000008
17341481ns          293903 1c008c8e 1a10f6b7 lui              x13, 0x1a10f000     x13=1a10f000
17341501ns          293904 1c008c92 0ff57513 andi             x10, x10, 255       x10=00000073 x10:00000073
17341521ns          293905 1c008c96 00d70733 add              x14, x14, x13       x14=1a10f008 x14:00000008 x13:1a10f000
17341541ns          293906 1c008c98 00a7e723 p.sw             x10, x0(x15)        x10:00000073 x15:00000000  PA:1a10f008
17341859ns          293922 1c008c9c 00000513 addi             x10, x0, 0          x10=00000000
17341879ns          293923 1c008c9e 00008067 jalr             x0, x1, 0            x1:1c008d6e
17341939ns          293926 1c008d6e 31f52563 p.beqimm         x10, 778            x10:00000000
17341959ns          293927 1c008d72 001d8d93 addi             x27, x27, 1         x27=0000000a x27:00000009
17341978ns          293928 1c008d74 00044503 lbu              x10, 0(x8)          x10=00000073  x8:1c0000be  PA:1c0000be
17342277ns          293943 1c008d78 00140413 addi             x8, x8, 1            x8=1c0000bf  x8:1c0000be
17342297ns          293944 1c008d7a fe0514e3 bne              x10, x0, -24        x10:00000073
17342376ns          293948 1c008d62 02500793 addi             x15, x0, 37         x15=00000025
17342396ns          293949 1c008d66 04f50863 beq              x10, x15, 80        x10:00000073 x15:00000025
17342416ns          293950 1c008d6a 01a005b3 add              x11, x0, x26        x11=00000002 x26:00000002
17342436ns          293951 1c008d6c 000b00e7 jalr             x1, x22, 0           x1=1c008d6e x22:1c008c78
17342476ns          293953 1c008c78 000026b7 lui              x13, 0x2000         x13=00002000
17342496ns          293954 1c008c7a f14027f3 csrrs            x15, x0, 0xf14      x15=00000001
17342515ns          293955 1c008c7e f8068693 addi             x13, x13, -128      x13=00001f80 x13:00002000
17342535ns          293956 1c008c82 00379713 slli             x14, x15, 0x3       x14=00000008 x15:00000001
17342555ns          293957 1c008c86 00279793 slli             x15, x15, 0x2       x15=00000004 x15:00000001
17342575ns          293958 1c008c88 00d7f7b3 and              x15, x15, x13       x15=00000000 x15:00000004 x13:00001f80
17342595ns          293959 1c008c8a ee873733 p.bclr           x14, x14, 23, 8     x14=00000008 x14:00000008
17342615ns          293960 1c008c8e 1a10f6b7 lui              x13, 0x1a10f000     x13=1a10f000
17342635ns          293961 1c008c92 0ff57513 andi             x10, x10, 255       x10=00000073 x10:00000073
17342655ns          293962 1c008c96 00d70733 add              x14, x14, x13       x14=1a10f008 x14:00000008 x13:1a10f000
17342675ns          293963 1c008c98 00a7e723 p.sw             x10, x0(x15)        x10:00000073 x15:00000000  PA:1a10f008
17342993ns          293979 1c008c9c 00000513 addi             x10, x0, 0          x10=00000000
17343013ns          293980 1c008c9e 00008067 jalr             x0, x1, 0            x1:1c008d6e
17343072ns          293983 1c008d6e 31f52563 p.beqimm         x10, 778            x10:00000000
17343092ns          293984 1c008d72 001d8d93 addi             x27, x27, 1         x27=0000000b x27:0000000a
17343112ns          293985 1c008d74 00044503 lbu              x10, 0(x8)          x10=00000065  x8:1c0000bf  PA:1c0000bf
17343411ns          294000 1c008d78 00140413 addi             x8, x8, 1            x8=1c0000c0  x8:1c0000bf
17343430ns          294001 1c008d7a fe0514e3 bne              x10, x0, -24        x10:00000065
17343510ns          294005 1c008d62 02500793 addi             x15, x0, 37         x15=00000025
17343530ns          294006 1c008d66 04f50863 beq              x10, x15, 80        x10:00000065 x15:00000025
17343550ns          294007 1c008d6a 01a005b3 add              x11, x0, x26        x11=00000002 x26:00000002
17343570ns          294008 1c008d6c 000b00e7 jalr             x1, x22, 0           x1=1c008d6e x22:1c008c78
17343609ns          294010 1c008c78 000026b7 lui              x13, 0x2000         x13=00002000
17343629ns          294011 1c008c7a f14027f3 csrrs            x15, x0, 0xf14      x15=00000001
17343649ns          294012 1c008c7e f8068693 addi             x13, x13, -128      x13=00001f80 x13:00002000
17343669ns          294013 1c008c82 00379713 slli             x14, x15, 0x3       x14=00000008 x15:00000001
17343689ns          294014 1c008c86 00279793 slli             x15, x15, 0x2       x15=00000004 x15:00000001
17343709ns          294015 1c008c88 00d7f7b3 and              x15, x15, x13       x15=00000000 x15:00000004 x13:00001f80
17343729ns          294016 1c008c8a ee873733 p.bclr           x14, x14, 23, 8     x14=00000008 x14:00000008
17343749ns          294017 1c008c8e 1a10f6b7 lui              x13, 0x1a10f000     x13=1a10f000
17343769ns          294018 1c008c92 0ff57513 andi             x10, x10, 255       x10=00000065 x10:00000065
17343788ns          294019 1c008c96 00d70733 add              x14, x14, x13       x14=1a10f008 x14:00000008 x13:1a10f000
17343808ns          294020 1c008c98 00a7e723 p.sw             x10, x0(x15)        x10:00000065 x15:00000000  PA:1a10f008
17344127ns          294036 1c008c9c 00000513 addi             x10, x0, 0          x10=00000000
17344147ns          294037 1c008c9e 00008067 jalr             x0, x1, 0            x1:1c008d6e
17344206ns          294040 1c008d6e 31f52563 p.beqimm         x10, 778            x10:00000000
17344226ns          294041 1c008d72 001d8d93 addi             x27, x27, 1         x27=0000000c x27:0000000b
17344246ns          294042 1c008d74 00044503 lbu              x10, 0(x8)          x10=00000064  x8:1c0000c0  PA:1c0000c0
17344544ns          294057 1c008d78 00140413 addi             x8, x8, 1            x8=1c0000c1  x8:1c0000c0
17344564ns          294058 1c008d7a fe0514e3 bne              x10, x0, -24        x10:00000064
17344644ns          294062 1c008d62 02500793 addi             x15, x0, 37         x15=00000025
17344664ns          294063 1c008d66 04f50863 beq              x10, x15, 80        x10:00000064 x15:00000025
17344684ns          294064 1c008d6a 01a005b3 add              x11, x0, x26        x11=00000002 x26:00000002
17344703ns          294065 1c008d6c 000b00e7 jalr             x1, x22, 0           x1=1c008d6e x22:1c008c78
17344743ns          294067 1c008c78 000026b7 lui              x13, 0x2000         x13=00002000
17344763ns          294068 1c008c7a f14027f3 csrrs            x15, x0, 0xf14      x15=00000001
17344783ns          294069 1c008c7e f8068693 addi             x13, x13, -128      x13=00001f80 x13:00002000
17344803ns          294070 1c008c82 00379713 slli             x14, x15, 0x3       x14=00000008 x15:00000001
17344823ns          294071 1c008c86 00279793 slli             x15, x15, 0x2       x15=00000004 x15:00000001
17344843ns          294072 1c008c88 00d7f7b3 and              x15, x15, x13       x15=00000000 x15:00000004 x13:00001f80
17344863ns          294073 1c008c8a ee873733 p.bclr           x14, x14, 23, 8     x14=00000008 x14:00000008
17344882ns          294074 1c008c8e 1a10f6b7 lui              x13, 0x1a10f000     x13=1a10f000
17344902ns          294075 1c008c92 0ff57513 andi             x10, x10, 255       x10=00000064 x10:00000064
17344922ns          294076 1c008c96 00d70733 add              x14, x14, x13       x14=1a10f008 x14:00000008 x13:1a10f000
17344942ns          294077 1c008c98 00a7e723 p.sw             x10, x0(x15)        x10:00000064 x15:00000000  PA:1a10f008
17345260ns          294093 1c008c9c 00000513 addi             x10, x0, 0          x10=00000000
17345280ns          294094 1c008c9e 00008067 jalr             x0, x1, 0            x1:1c008d6e
17345340ns          294097 1c008d6e 31f52563 p.beqimm         x10, 778            x10:00000000
17345360ns          294098 1c008d72 001d8d93 addi             x27, x27, 1         x27=0000000d x27:0000000c
17345380ns          294099 1c008d74 00044503 lbu              x10, 0(x8)          x10=00000020  x8:1c0000c1  PA:1c0000c1
17345718ns          294116 1c008d78 00140413 addi             x8, x8, 1            x8=1c0000c2  x8:1c0000c1
17345738ns          294117 1c008d7a fe0514e3 bne              x10, x0, -24        x10:00000020
17345817ns          294121 1c008d62 02500793 addi             x15, x0, 37         x15=00000025
17345837ns          294122 1c008d66 04f50863 beq              x10, x15, 80        x10:00000020 x15:00000025
17345857ns          294123 1c008d6a 01a005b3 add              x11, x0, x26        x11=00000002 x26:00000002
17345877ns          294124 1c008d6c 000b00e7 jalr             x1, x22, 0           x1=1c008d6e x22:1c008c78
17345917ns          294126 1c008c78 000026b7 lui              x13, 0x2000         x13=00002000
17345937ns          294127 1c008c7a f14027f3 csrrs            x15, x0, 0xf14      x15=00000001
17345957ns          294128 1c008c7e f8068693 addi             x13, x13, -128      x13=00001f80 x13:00002000
17345976ns          294129 1c008c82 00379713 slli             x14, x15, 0x3       x14=00000008 x15:00000001
17345996ns          294130 1c008c86 00279793 slli             x15, x15, 0x2       x15=00000004 x15:00000001
17346016ns          294131 1c008c88 00d7f7b3 and              x15, x15, x13       x15=00000000 x15:00000004 x13:00001f80
17346036ns          294132 1c008c8a ee873733 p.bclr           x14, x14, 23, 8     x14=00000008 x14:00000008
17346056ns          294133 1c008c8e 1a10f6b7 lui              x13, 0x1a10f000     x13=1a10f000
17346076ns          294134 1c008c92 0ff57513 andi             x10, x10, 255       x10=00000020 x10:00000020
17346096ns          294135 1c008c96 00d70733 add              x14, x14, x13       x14=1a10f008 x14:00000008 x13:1a10f000
17346116ns          294136 1c008c98 00a7e723 p.sw             x10, x0(x15)        x10:00000020 x15:00000000  PA:1a10f008
17346434ns          294152 1c008c9c 00000513 addi             x10, x0, 0          x10=00000000
17346454ns          294153 1c008c9e 00008067 jalr             x0, x1, 0            x1:1c008d6e
17346514ns          294156 1c008d6e 31f52563 p.beqimm         x10, 778            x10:00000000
17346533ns          294157 1c008d72 001d8d93 addi             x27, x27, 1         x27=0000000e x27:0000000d
17346553ns          294158 1c008d74 00044503 lbu              x10, 0(x8)          x10=0000006f  x8:1c0000c2  PA:1c0000c2
17346852ns          294173 1c008d78 00140413 addi             x8, x8, 1            x8=1c0000c3  x8:1c0000c2
17346872ns          294174 1c008d7a fe0514e3 bne              x10, x0, -24        x10:0000006f
17346951ns          294178 1c008d62 02500793 addi             x15, x0, 37         x15=00000025
17346971ns          294179 1c008d66 04f50863 beq              x10, x15, 80        x10:0000006f x15:00000025
17346991ns          294180 1c008d6a 01a005b3 add              x11, x0, x26        x11=00000002 x26:00000002
17347011ns          294181 1c008d6c 000b00e7 jalr             x1, x22, 0           x1=1c008d6e x22:1c008c78
17347051ns          294183 1c008c78 000026b7 lui              x13, 0x2000         x13=00002000
17347070ns          294184 1c008c7a f14027f3 csrrs            x15, x0, 0xf14      x15=00000001
17347090ns          294185 1c008c7e f8068693 addi             x13, x13, -128      x13=00001f80 x13:00002000
17347110ns          294186 1c008c82 00379713 slli             x14, x15, 0x3       x14=00000008 x15:00000001
17347130ns          294187 1c008c86 00279793 slli             x15, x15, 0x2       x15=00000004 x15:00000001
17347150ns          294188 1c008c88 00d7f7b3 and              x15, x15, x13       x15=00000000 x15:00000004 x13:00001f80
17347170ns          294189 1c008c8a ee873733 p.bclr           x14, x14, 23, 8     x14=00000008 x14:00000008
17347190ns          294190 1c008c8e 1a10f6b7 lui              x13, 0x1a10f000     x13=1a10f000
17347210ns          294191 1c008c92 0ff57513 andi             x10, x10, 255       x10=0000006f x10:0000006f
17347230ns          294192 1c008c96 00d70733 add              x14, x14, x13       x14=1a10f008 x14:00000008 x13:1a10f000
17347249ns          294193 1c008c98 00a7e723 p.sw             x10, x0(x15)        x10:0000006f x15:00000000  PA:1a10f008
17347568ns          294209 1c008c9c 00000513 addi             x10, x0, 0          x10=00000000
17347588ns          294210 1c008c9e 00008067 jalr             x0, x1, 0            x1:1c008d6e
17347647ns          294213 1c008d6e 31f52563 p.beqimm         x10, 778            x10:00000000
17347667ns          294214 1c008d72 001d8d93 addi             x27, x27, 1         x27=0000000f x27:0000000e
17347687ns          294215 1c008d74 00044503 lbu              x10, 0(x8)          x10=0000006e  x8:1c0000c3  PA:1c0000c3
17347985ns          294230 1c008d78 00140413 addi             x8, x8, 1            x8=1c0000c4  x8:1c0000c3
17348005ns          294231 1c008d7a fe0514e3 bne              x10, x0, -24        x10:0000006e
17348085ns          294235 1c008d62 02500793 addi             x15, x0, 37         x15=00000025
17348105ns          294236 1c008d66 04f50863 beq              x10, x15, 80        x10:0000006e x15:00000025
17348125ns          294237 1c008d6a 01a005b3 add              x11, x0, x26        x11=00000002 x26:00000002
17348145ns          294238 1c008d6c 000b00e7 jalr             x1, x22, 0           x1=1c008d6e x22:1c008c78
17348184ns          294240 1c008c78 000026b7 lui              x13, 0x2000         x13=00002000
17348204ns          294241 1c008c7a f14027f3 csrrs            x15, x0, 0xf14      x15=00000001
17348224ns          294242 1c008c7e f8068693 addi             x13, x13, -128      x13=00001f80 x13:00002000
17348244ns          294243 1c008c82 00379713 slli             x14, x15, 0x3       x14=00000008 x15:00000001
17348264ns          294244 1c008c86 00279793 slli             x15, x15, 0x2       x15=00000004 x15:00000001
17348284ns          294245 1c008c88 00d7f7b3 and              x15, x15, x13       x15=00000000 x15:00000004 x13:00001f80
17348304ns          294246 1c008c8a ee873733 p.bclr           x14, x14, 23, 8     x14=00000008 x14:00000008
17348324ns          294247 1c008c8e 1a10f6b7 lui              x13, 0x1a10f000     x13=1a10f000
17348343ns          294248 1c008c92 0ff57513 andi             x10, x10, 255       x10=0000006e x10:0000006e
17348363ns          294249 1c008c96 00d70733 add              x14, x14, x13       x14=1a10f008 x14:00000008 x13:1a10f000
17348383ns          294250 1c008c98 00a7e723 p.sw             x10, x0(x15)        x10:0000006e x15:00000000  PA:1a10f008
17348702ns          294266 1c008c9c 00000513 addi             x10, x0, 0          x10=00000000
17348721ns          294267 1c008c9e 00008067 jalr             x0, x1, 0            x1:1c008d6e
17348781ns          294270 1c008d6e 31f52563 p.beqimm         x10, 778            x10:00000000
17348801ns          294271 1c008d72 001d8d93 addi             x27, x27, 1         x27=00000010 x27:0000000f
17348821ns          294272 1c008d74 00044503 lbu              x10, 0(x8)          x10=00000020  x8:1c0000c4  PA:1c0000c4
17349119ns          294287 1c008d78 00140413 addi             x8, x8, 1            x8=1c0000c5  x8:1c0000c4
17349139ns          294288 1c008d7a fe0514e3 bne              x10, x0, -24        x10:00000020
17349219ns          294292 1c008d62 02500793 addi             x15, x0, 37         x15=00000025
17349239ns          294293 1c008d66 04f50863 beq              x10, x15, 80        x10:00000020 x15:00000025
17349258ns          294294 1c008d6a 01a005b3 add              x11, x0, x26        x11=00000002 x26:00000002
17349278ns          294295 1c008d6c 000b00e7 jalr             x1, x22, 0           x1=1c008d6e x22:1c008c78
17349318ns          294297 1c008c78 000026b7 lui              x13, 0x2000         x13=00002000
17349338ns          294298 1c008c7a f14027f3 csrrs            x15, x0, 0xf14      x15=00000001
17349358ns          294299 1c008c7e f8068693 addi             x13, x13, -128      x13=00001f80 x13:00002000
17349378ns          294300 1c008c82 00379713 slli             x14, x15, 0x3       x14=00000008 x15:00000001
17349398ns          294301 1c008c86 00279793 slli             x15, x15, 0x2       x15=00000004 x15:00000001
17349418ns          294302 1c008c88 00d7f7b3 and              x15, x15, x13       x15=00000000 x15:00000004 x13:00001f80
17349437ns          294303 1c008c8a ee873733 p.bclr           x14, x14, 23, 8     x14=00000008 x14:00000008
17349457ns          294304 1c008c8e 1a10f6b7 lui              x13, 0x1a10f000     x13=1a10f000
17349477ns          294305 1c008c92 0ff57513 andi             x10, x10, 255       x10=00000020 x10:00000020
17349497ns          294306 1c008c96 00d70733 add              x14, x14, x13       x14=1a10f008 x14:00000008 x13:1a10f000
17349517ns          294307 1c008c98 00a7e723 p.sw             x10, x0(x15)        x10:00000020 x15:00000000  PA:1a10f008
17349835ns          294323 1c008c9c 00000513 addi             x10, x0, 0          x10=00000000
17349855ns          294324 1c008c9e 00008067 jalr             x0, x1, 0            x1:1c008d6e
17349915ns          294327 1c008d6e 31f52563 p.beqimm         x10, 778            x10:00000000
17349935ns          294328 1c008d72 001d8d93 addi             x27, x27, 1         x27=00000011 x27:00000010
17349955ns          294329 1c008d74 00044503 lbu              x10, 0(x8)          x10=00000063  x8:1c0000c5  PA:1c0000c5
17350253ns          294344 1c008d78 00140413 addi             x8, x8, 1            x8=1c0000c6  x8:1c0000c5
17350273ns          294345 1c008d7a fe0514e3 bne              x10, x0, -24        x10:00000063
17350352ns          294349 1c008d62 02500793 addi             x15, x0, 37         x15=00000025
17350372ns          294350 1c008d66 04f50863 beq              x10, x15, 80        x10:00000063 x15:00000025
17350392ns          294351 1c008d6a 01a005b3 add              x11, x0, x26        x11=00000002 x26:00000002
17350412ns          294352 1c008d6c 000b00e7 jalr             x1, x22, 0           x1=1c008d6e x22:1c008c78
17350452ns          294354 1c008c78 000026b7 lui              x13, 0x2000         x13=00002000
17350472ns          294355 1c008c7a f14027f3 csrrs            x15, x0, 0xf14      x15=00000001
17350492ns          294356 1c008c7e f8068693 addi             x13, x13, -128      x13=00001f80 x13:00002000
17350512ns          294357 1c008c82 00379713 slli             x14, x15, 0x3       x14=00000008 x15:00000001
17350531ns          294358 1c008c86 00279793 slli             x15, x15, 0x2       x15=00000004 x15:00000001
17350551ns          294359 1c008c88 00d7f7b3 and              x15, x15, x13       x15=00000000 x15:00000004 x13:00001f80
17350571ns          294360 1c008c8a ee873733 p.bclr           x14, x14, 23, 8     x14=00000008 x14:00000008
17350591ns          294361 1c008c8e 1a10f6b7 lui              x13, 0x1a10f000     x13=1a10f000
17350611ns          294362 1c008c92 0ff57513 andi             x10, x10, 255       x10=00000063 x10:00000063
17350631ns          294363 1c008c96 00d70733 add              x14, x14, x13       x14=1a10f008 x14:00000008 x13:1a10f000
17350651ns          294364 1c008c98 00a7e723 p.sw             x10, x0(x15)        x10:00000063 x15:00000000  PA:1a10f008
17350969ns          294380 1c008c9c 00000513 addi             x10, x0, 0          x10=00000000
17350989ns          294381 1c008c9e 00008067 jalr             x0, x1, 0            x1:1c008d6e
17351049ns          294384 1c008d6e 31f52563 p.beqimm         x10, 778            x10:00000000
17351069ns          294385 1c008d72 001d8d93 addi             x27, x27, 1         x27=00000012 x27:00000011
17351088ns          294386 1c008d74 00044503 lbu              x10, 0(x8)          x10=0000006f  x8:1c0000c6  PA:1c0000c6
17351407ns          294402 1c008d78 00140413 addi             x8, x8, 1            x8=1c0000c7  x8:1c0000c6
17351427ns          294403 1c008d7a fe0514e3 bne              x10, x0, -24        x10:0000006f
17351506ns          294407 1c008d62 02500793 addi             x15, x0, 37         x15=00000025
17351526ns          294408 1c008d66 04f50863 beq              x10, x15, 80        x10:0000006f x15:00000025
17351546ns          294409 1c008d6a 01a005b3 add              x11, x0, x26        x11=00000002 x26:00000002
17351566ns          294410 1c008d6c 000b00e7 jalr             x1, x22, 0           x1=1c008d6e x22:1c008c78
17351606ns          294412 1c008c78 000026b7 lui              x13, 0x2000         x13=00002000
17351625ns          294413 1c008c7a f14027f3 csrrs            x15, x0, 0xf14      x15=00000001
17351645ns          294414 1c008c7e f8068693 addi             x13, x13, -128      x13=00001f80 x13:00002000
17351665ns          294415 1c008c82 00379713 slli             x14, x15, 0x3       x14=00000008 x15:00000001
17351685ns          294416 1c008c86 00279793 slli             x15, x15, 0x2       x15=00000004 x15:00000001
17351705ns          294417 1c008c88 00d7f7b3 and              x15, x15, x13       x15=00000000 x15:00000004 x13:00001f80
17351725ns          294418 1c008c8a ee873733 p.bclr           x14, x14, 23, 8     x14=00000008 x14:00000008
17351745ns          294419 1c008c8e 1a10f6b7 lui              x13, 0x1a10f000     x13=1a10f000
17351765ns          294420 1c008c92 0ff57513 andi             x10, x10, 255       x10=0000006f x10:0000006f
17351785ns          294421 1c008c96 00d70733 add              x14, x14, x13       x14=1a10f008 x14:00000008 x13:1a10f000
17351804ns          294422 1c008c98 00a7e723 p.sw             x10, x0(x15)        x10:0000006f x15:00000000  PA:1a10f008
17352123ns          294438 1c008c9c 00000513 addi             x10, x0, 0          x10=00000000
17352143ns          294439 1c008c9e 00008067 jalr             x0, x1, 0            x1:1c008d6e
17352202ns          294442 1c008d6e 31f52563 p.beqimm         x10, 778            x10:00000000
17352222ns          294443 1c008d72 001d8d93 addi             x27, x27, 1         x27=00000013 x27:00000012
17352242ns          294444 1c008d74 00044503 lbu              x10, 0(x8)          x10=00000072  x8:1c0000c7  PA:1c0000c7
17352540ns          294459 1c008d78 00140413 addi             x8, x8, 1            x8=1c0000c8  x8:1c0000c7
17352560ns          294460 1c008d7a fe0514e3 bne              x10, x0, -24        x10:00000072
17352640ns          294464 1c008d62 02500793 addi             x15, x0, 37         x15=00000025
17352660ns          294465 1c008d66 04f50863 beq              x10, x15, 80        x10:00000072 x15:00000025
17352680ns          294466 1c008d6a 01a005b3 add              x11, x0, x26        x11=00000002 x26:00000002
17352700ns          294467 1c008d6c 000b00e7 jalr             x1, x22, 0           x1=1c008d6e x22:1c008c78
17352739ns          294469 1c008c78 000026b7 lui              x13, 0x2000         x13=00002000
17352759ns          294470 1c008c7a f14027f3 csrrs            x15, x0, 0xf14      x15=00000001
17352779ns          294471 1c008c7e f8068693 addi             x13, x13, -128      x13=00001f80 x13:00002000
17352799ns          294472 1c008c82 00379713 slli             x14, x15, 0x3       x14=00000008 x15:00000001
17352819ns          294473 1c008c86 00279793 slli             x15, x15, 0x2       x15=00000004 x15:00000001
17352839ns          294474 1c008c88 00d7f7b3 and              x15, x15, x13       x15=00000000 x15:00000004 x13:00001f80
17352859ns          294475 1c008c8a ee873733 p.bclr           x14, x14, 23, 8     x14=00000008 x14:00000008
17352879ns          294476 1c008c8e 1a10f6b7 lui              x13, 0x1a10f000     x13=1a10f000
17352898ns          294477 1c008c92 0ff57513 andi             x10, x10, 255       x10=00000072 x10:00000072
17352918ns          294478 1c008c96 00d70733 add              x14, x14, x13       x14=1a10f008 x14:00000008 x13:1a10f000
17352938ns          294479 1c008c98 00a7e723 p.sw             x10, x0(x15)        x10:00000072 x15:00000000  PA:1a10f008
17353256ns          294495 1c008c9c 00000513 addi             x10, x0, 0          x10=00000000
17353276ns          294496 1c008c9e 00008067 jalr             x0, x1, 0            x1:1c008d6e
17353336ns          294499 1c008d6e 31f52563 p.beqimm         x10, 778            x10:00000000
17353356ns          294500 1c008d72 001d8d93 addi             x27, x27, 1         x27=00000014 x27:00000013
17353376ns          294501 1c008d74 00044503 lbu              x10, 0(x8)          x10=00000065  x8:1c0000c8  PA:1c0000c8
17353694ns          294517 1c008d78 00140413 addi             x8, x8, 1            x8=1c0000c9  x8:1c0000c8
17353714ns          294518 1c008d7a fe0514e3 bne              x10, x0, -24        x10:00000065
17353794ns          294522 1c008d62 02500793 addi             x15, x0, 37         x15=00000025
17353813ns          294523 1c008d66 04f50863 beq              x10, x15, 80        x10:00000065 x15:00000025
17353833ns          294524 1c008d6a 01a005b3 add              x11, x0, x26        x11=00000002 x26:00000002
17353853ns          294525 1c008d6c 000b00e7 jalr             x1, x22, 0           x1=1c008d6e x22:1c008c78
17353893ns          294527 1c008c78 000026b7 lui              x13, 0x2000         x13=00002000
17353913ns          294528 1c008c7a f14027f3 csrrs            x15, x0, 0xf14      x15=00000001
17353933ns          294529 1c008c7e f8068693 addi             x13, x13, -128      x13=00001f80 x13:00002000
17353953ns          294530 1c008c82 00379713 slli             x14, x15, 0x3       x14=00000008 x15:00000001
17353973ns          294531 1c008c86 00279793 slli             x15, x15, 0x2       x15=00000004 x15:00000001
17353992ns          294532 1c008c88 00d7f7b3 and              x15, x15, x13       x15=00000000 x15:00000004 x13:00001f80
17354012ns          294533 1c008c8a ee873733 p.bclr           x14, x14, 23, 8     x14=00000008 x14:00000008
17354032ns          294534 1c008c8e 1a10f6b7 lui              x13, 0x1a10f000     x13=1a10f000
17354052ns          294535 1c008c92 0ff57513 andi             x10, x10, 255       x10=00000065 x10:00000065
17354072ns          294536 1c008c96 00d70733 add              x14, x14, x13       x14=1a10f008 x14:00000008 x13:1a10f000
17354092ns          294537 1c008c98 00a7e723 p.sw             x10, x0(x15)        x10:00000065 x15:00000000  PA:1a10f008
17354410ns          294553 1c008c9c 00000513 addi             x10, x0, 0          x10=00000000
17354430ns          294554 1c008c9e 00008067 jalr             x0, x1, 0            x1:1c008d6e
17354490ns          294557 1c008d6e 31f52563 p.beqimm         x10, 778            x10:00000000
17354510ns          294558 1c008d72 001d8d93 addi             x27, x27, 1         x27=00000015 x27:00000014
17354529ns          294559 1c008d74 00044503 lbu              x10, 0(x8)          x10=00000020  x8:1c0000c9  PA:1c0000c9
17354828ns          294574 1c008d78 00140413 addi             x8, x8, 1            x8=1c0000ca  x8:1c0000c9
17354848ns          294575 1c008d7a fe0514e3 bne              x10, x0, -24        x10:00000020
17354927ns          294579 1c008d62 02500793 addi             x15, x0, 37         x15=00000025
17354947ns          294580 1c008d66 04f50863 beq              x10, x15, 80        x10:00000020 x15:00000025
17354967ns          294581 1c008d6a 01a005b3 add              x11, x0, x26        x11=00000002 x26:00000002
17354987ns          294582 1c008d6c 000b00e7 jalr             x1, x22, 0           x1=1c008d6e x22:1c008c78
17355027ns          294584 1c008c78 000026b7 lui              x13, 0x2000         x13=00002000
17355047ns          294585 1c008c7a f14027f3 csrrs            x15, x0, 0xf14      x15=00000001
17355067ns          294586 1c008c7e f8068693 addi             x13, x13, -128      x13=00001f80 x13:00002000
17355086ns          294587 1c008c82 00379713 slli             x14, x15, 0x3       x14=00000008 x15:00000001
17355106ns          294588 1c008c86 00279793 slli             x15, x15, 0x2       x15=00000004 x15:00000001
17355126ns          294589 1c008c88 00d7f7b3 and              x15, x15, x13       x15=00000000 x15:00000004 x13:00001f80
17355146ns          294590 1c008c8a ee873733 p.bclr           x14, x14, 23, 8     x14=00000008 x14:00000008
17355166ns          294591 1c008c8e 1a10f6b7 lui              x13, 0x1a10f000     x13=1a10f000
17355186ns          294592 1c008c92 0ff57513 andi             x10, x10, 255       x10=00000020 x10:00000020
17355206ns          294593 1c008c96 00d70733 add              x14, x14, x13       x14=1a10f008 x14:00000008 x13:1a10f000
17355226ns          294594 1c008c98 00a7e723 p.sw             x10, x0(x15)        x10:00000020 x15:00000000  PA:1a10f008
17355544ns          294610 1c008c9c 00000513 addi             x10, x0, 0          x10=00000000
17355564ns          294611 1c008c9e 00008067 jalr             x0, x1, 0            x1:1c008d6e
17355623ns          294614 1c008d6e 31f52563 p.beqimm         x10, 778            x10:00000000
17355643ns          294615 1c008d72 001d8d93 addi             x27, x27, 1         x27=00000016 x27:00000015
17355663ns          294616 1c008d74 00044503 lbu              x10, 0(x8)          x10=00000020  x8:1c0000ca  PA:1c0000ca
17355962ns          294631 1c008d78 00140413 addi             x8, x8, 1            x8=1c0000cb  x8:1c0000ca
17355982ns          294632 1c008d7a fe0514e3 bne              x10, x0, -24        x10:00000020
17356061ns          294636 1c008d62 02500793 addi             x15, x0, 37         x15=00000025
17356081ns          294637 1c008d66 04f50863 beq              x10, x15, 80        x10:00000020 x15:00000025
17356101ns          294638 1c008d6a 01a005b3 add              x11, x0, x26        x11=00000002 x26:00000002
17356121ns          294639 1c008d6c 000b00e7 jalr             x1, x22, 0           x1=1c008d6e x22:1c008c78
17356161ns          294641 1c008c78 000026b7 lui              x13, 0x2000         x13=00002000
17356180ns          294642 1c008c7a f14027f3 csrrs            x15, x0, 0xf14      x15=00000001
17356200ns          294643 1c008c7e f8068693 addi             x13, x13, -128      x13=00001f80 x13:00002000
17356220ns          294644 1c008c82 00379713 slli             x14, x15, 0x3       x14=00000008 x15:00000001
17356240ns          294645 1c008c86 00279793 slli             x15, x15, 0x2       x15=00000004 x15:00000001
17356260ns          294646 1c008c88 00d7f7b3 and              x15, x15, x13       x15=00000000 x15:00000004 x13:00001f80
17356280ns          294647 1c008c8a ee873733 p.bclr           x14, x14, 23, 8     x14=00000008 x14:00000008
17356300ns          294648 1c008c8e 1a10f6b7 lui              x13, 0x1a10f000     x13=1a10f000
17356320ns          294649 1c008c92 0ff57513 andi             x10, x10, 255       x10=00000020 x10:00000020
17356340ns          294650 1c008c96 00d70733 add              x14, x14, x13       x14=1a10f008 x14:00000008 x13:1a10f000
17356359ns          294651 1c008c98 00a7e723 p.sw             x10, x0(x15)        x10:00000020 x15:00000000  PA:1a10f008
17356678ns          294667 1c008c9c 00000513 addi             x10, x0, 0          x10=00000000
17356698ns          294668 1c008c9e 00008067 jalr             x0, x1, 0            x1:1c008d6e
17356757ns          294671 1c008d6e 31f52563 p.beqimm         x10, 778            x10:00000000
17356777ns          294672 1c008d72 001d8d93 addi             x27, x27, 1         x27=00000017 x27:00000016
17356797ns          294673 1c008d74 00044503 lbu              x10, 0(x8)          x10=00000025  x8:1c0000cb  PA:1c0000cb
17357095ns          294688 1c008d78 00140413 addi             x8, x8, 1            x8=1c0000cc  x8:1c0000cb
17357115ns          294689 1c008d7a fe0514e3 bne              x10, x0, -24        x10:00000025
17357195ns          294693 1c008d62 02500793 addi             x15, x0, 37         x15=00000025
17357215ns          294694 1c008d66 04f50863 beq              x10, x15, 80        x10:00000025 x15:00000025
17357732ns          294720 1c008db6 00044483 lbu              x9, 0(x8)            x9=00000064  x8:1c0000cc  PA:1c0000cc
17358030ns          294735 1c008dba 02000693 addi             x13, x0, 32         x13=00000020
17358050ns          294736 1c008dbe 00140a93 addi             x21, x8, 1          x21=1c0000cd  x8:1c0000cc
17358070ns          294737 1c008dc2 009005b3 add              x11, x0, x9         x11=00000064  x9:00000064
17358090ns          294738 1c008dc4 0fcb8513 addi             x10, x23, 252       x10=1c0000fc x23:1c000000
17358110ns          294739 1c008dc8 00d12823 sw               x13, 16(x2)         x13:00000020  x2:10000cd8  PA:10000ce8
17358130ns          294740 1c008dca 00012c23 sw               x0, 24(x2)           x2:10000cd8  PA:10000cf0
17358150ns          294741 1c008dcc 00012a23 sw               x0, 20(x2)           x2:10000cd8  PA:10000cec
17358170ns          294742 1c008dce 00012e23 sw               x0, 28(x2)           x2:10000cd8  PA:10000cf4
17358189ns          294743 1c008dd0 00012623 sw               x0, 12(x2)           x2:10000cd8  PA:10000ce4
17358209ns          294744 1c008dd2 02300913 addi             x18, x0, 35         x18=00000023
17358229ns          294745 1c008dd6 02d00a13 addi             x20, x0, 45         x20=0000002d
17358249ns          294746 1c008dda 015009b3 add              x19, x0, x21        x19=1c0000cd x21:1c0000cd
17358269ns          294747 1c008ddc e1dff0ef jal              x1, -484             x1=1c008dde
17358388ns          294753 1c008bf8 00054783 lbu              x15, 0(x10)         x15=0000002d x10:1c0000fc  PA:1c0000fc
17358726ns          294770 1c008bfc 0ff5f593 andi             x11, x11, 255       x11=00000064 x11:00000064
17358746ns          294771 1c008c00 00b78c63 beq              x15, x11, 24        x15:0000002d x11:00000064
17358766ns          294772 1c008c04 00078b63 beq              x15, x0, 22         x15:0000002d
17358786ns          294773 1c008c06 00150793 addi             x15, x10, 1         x15=1c0000fd x10:1c0000fc
17358806ns          294774 1c008c0a 0040006f jal              x0, 4              
17358886ns          294778 1c008c0e 00f00533 add              x10, x0, x15        x10=1c0000fd x15:1c0000fd
17358905ns          294779 1c008c10 0017c70b p.lbu            x14, 1(x15!)        x14=0000002b x15=1c0000fe x15:1c0000fd  PA:1c0000fd
17359244ns          294796 1c008c14 feb71ce3 bne              x14, x11, -8        x14:0000002b x11:00000064
17359303ns          294799 1c008c0c 00070763 beq              x14, x0, 14         x14:0000002b
17359323ns          294800 1c008c0e 00f00533 add              x10, x0, x15        x10=1c0000fe x15:1c0000fe
17359343ns          294801 1c008c10 0017c70b p.lbu            x14, 1(x15!)        x14=00000020 x15=1c0000ff x15:1c0000fe  PA:1c0000fe
17359681ns          294818 1c008c14 feb71ce3 bne              x14, x11, -8        x14:00000020 x11:00000064
17359741ns          294821 1c008c0c 00070763 beq              x14, x0, 14         x14:00000020
17359761ns          294822 1c008c0e 00f00533 add              x10, x0, x15        x10=1c0000ff x15:1c0000ff
17359781ns          294823 1c008c10 0017c70b p.lbu            x14, 1(x15!)        x14=00000023 x15=1c000100 x15:1c0000ff  PA:1c0000ff
17360198ns          294844 1c008c14 feb71ce3 bne              x14, x11, -8        x14:00000023 x11:00000064
17360258ns          294847 1c008c0c 00070763 beq              x14, x0, 14         x14:00000023
17360278ns          294848 1c008c0e 00f00533 add              x10, x0, x15        x10=1c000100 x15:1c000100
17360298ns          294849 1c008c10 0017c70b p.lbu            x14, 1(x15!)        x14=00000030 x15=1c000101 x15:1c000100  PA:1c000100
17360656ns          294867 1c008c14 feb71ce3 bne              x14, x11, -8        x14:00000030 x11:00000064
17360716ns          294870 1c008c0c 00070763 beq              x14, x0, 14         x14:00000030
17360735ns          294871 1c008c0e 00f00533 add              x10, x0, x15        x10=1c000101 x15:1c000101
17360755ns          294872 1c008c10 0017c70b p.lbu            x14, 1(x15!)        x14=00000000 x15=1c000102 x15:1c000101  PA:1c000101
17361074ns          294888 1c008c14 feb71ce3 bne              x14, x11, -8        x14:00000000 x11:00000064
17361133ns          294891 1c008c0c 00070763 beq              x14, x0, 14         x14:00000000
17361213ns          294895 1c008c1a 0015b593 sltiu            x11, x11, 1         x11=00000000 x11:00000064
17361233ns          294896 1c008c1e 40b005b3 sub              x11, x0, x11        x11=00000000 x11:00000000
17361253ns          294897 1c008c22 00b57533 and              x10, x10, x11       x10=00000000 x10:1c000101 x11:00000000
17361272ns          294898 1c008c24 00008067 jalr             x0, x1, 0            x1:1c008dde
17361312ns          294900 1c008dde 02050a63 beq              x10, x0, 52         x10:00000000
17361451ns          294907 1c008e12 02a00613 addi             x12, x0, 42         x12=0000002a
17361471ns          294908 1c008e16 2ac48663 beq              x9, x12, 684         x9:00000064 x12:0000002a
17361491ns          294909 1c008e1a fd048613 addi             x12, x9, -48        x12=00000034  x9:00000064
17361511ns          294910 1c008e1e 00900593 addi             x11, x0, 9          x11=00000009
17361551ns          294912 1c008e20 00000913 addi             x18, x0, 0          x18=00000000
17361591ns          294914 1c008e22 28c5f063 bgeu             x11, x12, 640       x11:00000009 x12:00000034
17361611ns          294915 1c008e26 02e00693 addi             x13, x0, 46         x13=0000002e
17361630ns          294916 1c008e2a fff00a13 addi             x20, x0, -1         x20=ffffffff
17361650ns          294917 1c008e2c 2ed48363 beq              x9, x13, 742         x9:00000064 x13:0000002e
17361690ns          294919 1c008e30 1c0007b7 lui              x15, 0x1c000000     x15=1c000000
17361730ns          294921 1c008e34 009005b3 add              x11, x0, x9         x11=00000064  x9:00000064
17361750ns          294922 1c008e36 10478513 addi             x10, x15, 260       x10=1c000104 x15:1c000000
17361770ns          294923 1c008e3a dbfff0ef jal              x1, -578             x1=1c008e3c
17362247ns          294947 1c008bf8 00054783 lbu              x15, 0(x10)         x15=00000068 x10:1c000104  PA:1c000104
17362565ns          294963 1c008bfc 0ff5f593 andi             x11, x11, 255       x11=00000064 x11:00000064
17362585ns          294964 1c008c00 00b78c63 beq              x15, x11, 24        x15:00000068 x11:00000064
17362605ns          294965 1c008c04 00078b63 beq              x15, x0, 22         x15:00000068
17362625ns          294966 1c008c06 00150793 addi             x15, x10, 1         x15=1c000105 x10:1c000104
17362645ns          294967 1c008c0a 0040006f jal              x0, 4              
17362685ns          294969 1c008c0e 00f00533 add              x10, x0, x15        x10=1c000105 x15:1c000105
17362705ns          294970 1c008c10 0017c70b p.lbu            x14, 1(x15!)        x14=0000006c x15=1c000106 x15:1c000105  PA:1c000105
17363043ns          294987 1c008c14 feb71ce3 bne              x14, x11, -8        x14:0000006c x11:00000064
17363102ns          294990 1c008c0c 00070763 beq              x14, x0, 14         x14:0000006c
17363122ns          294991 1c008c0e 00f00533 add              x10, x0, x15        x10=1c000106 x15:1c000106
17363142ns          294992 1c008c10 0017c70b p.lbu            x14, 1(x15!)        x14=0000004c x15=1c000107 x15:1c000106  PA:1c000106
17363460ns          295008 1c008c14 feb71ce3 bne              x14, x11, -8        x14:0000004c x11:00000064
17363520ns          295011 1c008c0c 00070763 beq              x14, x0, 14         x14:0000004c
17363540ns          295012 1c008c0e 00f00533 add              x10, x0, x15        x10=1c000107 x15:1c000107
17363560ns          295013 1c008c10 0017c70b p.lbu            x14, 1(x15!)        x14=0000007a x15=1c000108 x15:1c000107  PA:1c000107
17363878ns          295029 1c008c14 feb71ce3 bne              x14, x11, -8        x14:0000007a x11:00000064
17363938ns          295032 1c008c0c 00070763 beq              x14, x0, 14         x14:0000007a
17363958ns          295033 1c008c0e 00f00533 add              x10, x0, x15        x10=1c000108 x15:1c000108
17363978ns          295034 1c008c10 0017c70b p.lbu            x14, 1(x15!)        x14=00000000 x15=1c000109 x15:1c000108  PA:1c000108
17364296ns          295050 1c008c14 feb71ce3 bne              x14, x11, -8        x14:00000000 x11:00000064
17364356ns          295053 1c008c0c 00070763 beq              x14, x0, 14         x14:00000000
17364435ns          295057 1c008c1a 0015b593 sltiu            x11, x11, 1         x11=00000000 x11:00000064
17364455ns          295058 1c008c1e 40b005b3 sub              x11, x0, x11        x11=00000000 x11:00000000
17364475ns          295059 1c008c22 00b57533 and              x10, x10, x11       x10=00000000 x10:1c000108 x11:00000000
17364495ns          295060 1c008c24 00008067 jalr             x0, x1, 0            x1:1c008e3c
17364535ns          295062 1c008e3c 01300433 add              x8, x0, x19          x8=1c0000cd x19:1c0000cd
17364554ns          295063 1c008e3e 00050563 beq              x10, x0, 10         x10:00000000
17364614ns          295066 1c008e48 06700693 addi             x13, x0, 103        x13=00000067
17364634ns          295067 1c008e4c 2896d963 bge              x13, x9, 658        x13:00000067  x9:00000064
17365231ns          295097 1c0090de 06500693 addi             x13, x0, 101        x13=00000065
17365270ns          295099 1c0090e2 12d4d563 bge              x9, x13, 298         x9:00000064 x13:00000065
17365290ns          295100 1c0090e6 04700693 addi             x13, x0, 71         x13=00000047
17365310ns          295101 1c0090ea dc96cbe3 blt              x13, x9, -554       x13:00000047  x9:00000064
17365450ns          295108 1c008ec0 06300693 addi             x13, x0, 99         x13=00000063
17365489ns          295110 1c008ec4 0ad488e3 beq              x9, x13, 2224        x9:00000064 x13:00000063
17365509ns          295111 1c008ec8 0096c9e3 blt              x13, x9, 2066       x13:00000063  x9:00000064
17365708ns          295121 1c0096da 000c2583 lw               x11, 0(x24)         x11=00000001 x24:10000e2c  PA:10000e2c
17365728ns          295122 1c0096de 004c0c13 addi             x24, x24, 4         x24=10000e30 x24:10000e2c
17365768ns          295124 1c0096e0 3405cc63 blt              x11, x0, 856        x11:00000001
17365808ns          295126 1c0096e4 01412603 lw               x12, 20(x2)         x12=00000000  x2:10000cd8  PA:10000cec
17365847ns          295128 1c0096e6 00b006b3 add              x13, x0, x11        x13=00000001 x11:00000001
17365867ns          295129 1c0096e8 2e061863 bne              x12, x0, 752        x12:00000000
17365887ns          295130 1c0096ec 01812703 lw               x14, 24(x2)         x14=00000000  x2:10000cd8  PA:10000cf0
17365907ns          295131 1c0096ee 019007b3 add              x15, x0, x25        x15=10000cfc x25:10000cfc
17365927ns          295132 1c0096f0 00070763 beq              x14, x0, 14         x14:00000000
17365987ns          295135 1c0096fe 00f00733 add              x14, x0, x15        x14=10000cfc x15:10000cfc
17366046ns          295138 1c009700 00a00513 addi             x10, x0, 10         x10=0000000a
17366086ns          295140 1c009702 02a6f633 remu             x12, x13, x10       x12=00000001 x13:00000001 x10:0000000a
17366703ns          295171 1c009706 02a6d6b3 divu             x13, x13, x10       x13=00000000 x13:00000001 x10:0000000a
17367319ns          295202 1c00970a 03060613 addi             x12, x12, 48        x12=00000031 x12:00000001
17367339ns          295203 1c00970e 00c700ab p.sb             x12, 1(x14!)        x14=10000cfd x12:00000031 x14:10000cfc  PA:10000cfc
17367359ns          295204 1c009712 fe0698e3 bne              x13, x0, -16        x13:00000000
17367379ns          295205 1c009714 40f706b3 sub              x13, x14, x15       x13=00000001 x14:10000cfd x15:10000cfc
17367399ns          295206 1c009718 0146dc63 bge              x13, x20, 24        x13:00000001 x20:ffffffff
17367538ns          295213 1c009730 00e006b3 add              x13, x0, x14        x13=10000cfd x14:10000cfd
17367578ns          295215 1c009732 fe068fab p.sb             x0, -1(x13!)        x13=10000cfc x13:10000cfd  PA:10000cfd
17367598ns          295216 1c009736 00d7fc63 bgeu             x15, x13, 24        x15:10000cfc x13:10000cfc
17367717ns          295222 1c00974e 01412783 lw               x15, 20(x2)         x15=00000000  x2:10000cd8  PA:10000cec
17367777ns          295225 1c009750 01812603 lw               x12, 24(x2)         x12=00000000  x2:10000cd8  PA:10000cf0
17367817ns          295227 1c009752 419704b3 sub              x9, x14, x25         x9=00000001 x14:10000cfd x25:10000cfc
17367836ns          295228 1c009756 00c7e7b3 or               x15, x15, x12       x15=00000000 x15:00000000 x12:00000000
17367856ns          295229 1c009758 00f12623 sw               x15, 12(x2)         x15:00000000  x2:10000cd8  PA:10000ce4
17367876ns          295230 1c00975a 00079363 bne              x15, x0, 6          x15:00000000
17367896ns          295231 1c00975c 01f5d593 srli             x11, x11, 0x1f      x11=00000000 x11:00000001
17367916ns          295232 1c00975e 00b12623 sw               x11, 12(x2)         x11:00000000  x2:10000cd8  PA:10000ce4
17367936ns          295233 1c009760 e3fa28e3 p.beqimm         x20, -464           x20:ffffffff
17368433ns          295258 1c009590 0c800793 addi             x15, x0, 200        x15=000000c8
17368473ns          295260 1c009594 9e97d0e3 bge              x15, x9, -1568      x15:000000c8  x9:00000001
17368572ns          295265 1c008f74 0f24d163 bge              x9, x18, 226         x9:00000001 x18:00000000
17368712ns          295272 1c009056 d00482e3 beq              x9, x0, -764         x9:00000001
17368731ns          295273 1c00905a 01900933 add              x18, x0, x25        x18=10000cfc x25:10000cfc
17368751ns          295274 1c00905c 419d8db3 sub              x27, x27, x25       x27=effff31b x27:00000017 x25:10000cfc
17368791ns          295276 1c009060 00a0006f jal              x0, 10             
17368851ns          295279 1c00906a 0019450b p.lbu            x10, 1(x18!)        x10=00000031 x18=10000cfd x18:10000cfc  PA:10000cfc
17368871ns          295280 1c00906e 01a005b3 add              x11, x0, x26        x11=00000002 x26:00000002
17368891ns          295281 1c009070 000b00e7 jalr             x1, x22, 0           x1=1c009072 x22:1c008c78
17368970ns          295285 1c008c78 000026b7 lui              x13, 0x2000         x13=00002000
17369010ns          295287 1c008c7a f14027f3 csrrs            x15, x0, 0xf14      x15=00000001
17369030ns          295288 1c008c7e f8068693 addi             x13, x13, -128      x13=00001f80 x13:00002000
17369050ns          295289 1c008c82 00379713 slli             x14, x15, 0x3       x14=00000008 x15:00000001
17369070ns          295290 1c008c86 00279793 slli             x15, x15, 0x2       x15=00000004 x15:00000001
17369090ns          295291 1c008c88 00d7f7b3 and              x15, x15, x13       x15=00000000 x15:00000004 x13:00001f80
17369109ns          295292 1c008c8a ee873733 p.bclr           x14, x14, 23, 8     x14=00000008 x14:00000008
17369149ns          295294 1c008c8e 1a10f6b7 lui              x13, 0x1a10f000     x13=1a10f000
17369189ns          295296 1c008c92 0ff57513 andi             x10, x10, 255       x10=00000031 x10:00000031
17369209ns          295297 1c008c96 00d70733 add              x14, x14, x13       x14=1a10f008 x14:00000008 x13:1a10f000
17369229ns          295298 1c008c98 00a7e723 p.sw             x10, x0(x15)        x10:00000031 x15:00000000  PA:1a10f008
17369547ns          295314 1c008c9c 00000513 addi             x10, x0, 0          x10=00000000
17369567ns          295315 1c008c9e 00008067 jalr             x0, x1, 0            x1:1c009072
17369607ns          295317 1c009072 fff48493 addi             x9, x9, -1           x9=00000000  x9:00000001
17369627ns          295318 1c009074 fff537e3 p.bneimm         x10, -18            x10:00000000
17369706ns          295322 1c009062 012d8733 add              x14, x27, x18       x14=00000018 x27:effff31b x18:10000cfd
17369726ns          295323 1c009066 5a048b63 beq              x9, x0, 1462         x9:00000000
17369825ns          295328 1c00961c 00e00db3 add              x27, x0, x14        x27=00000018 x14:00000018
17369905ns          295332 1c00961e f3cff06f jal              x0, -2244          
17370024ns          295338 1c008d5a 00044503 lbu              x10, 0(x8)          x10=0000000a  x8:1c0000cd  PA:1c0000cd
17370343ns          295354 1c008d5e 00140413 addi             x8, x8, 1            x8=1c0000ce  x8:1c0000cd
17370363ns          295355 1c008d60 00050e63 beq              x10, x0, 28         x10:0000000a
17370382ns          295356 1c008d62 02500793 addi             x15, x0, 37         x15=00000025
17370402ns          295357 1c008d66 04f50863 beq              x10, x15, 80        x10:0000000a x15:00000025
17370422ns          295358 1c008d6a 01a005b3 add              x11, x0, x26        x11=00000002 x26:00000002
17370442ns          295359 1c008d6c 000b00e7 jalr             x1, x22, 0           x1=1c008d6e x22:1c008c78
17370522ns          295363 1c008c78 000026b7 lui              x13, 0x2000         x13=00002000
17370542ns          295364 1c008c7a f14027f3 csrrs            x15, x0, 0xf14      x15=00000001
17370561ns          295365 1c008c7e f8068693 addi             x13, x13, -128      x13=00001f80 x13:00002000
17370581ns          295366 1c008c82 00379713 slli             x14, x15, 0x3       x14=00000008 x15:00000001
17370601ns          295367 1c008c86 00279793 slli             x15, x15, 0x2       x15=00000004 x15:00000001
17370621ns          295368 1c008c88 00d7f7b3 and              x15, x15, x13       x15=00000000 x15:00000004 x13:00001f80
17370641ns          295369 1c008c8a ee873733 p.bclr           x14, x14, 23, 8     x14=00000008 x14:00000008
17370661ns          295370 1c008c8e 1a10f6b7 lui              x13, 0x1a10f000     x13=1a10f000
17370681ns          295371 1c008c92 0ff57513 andi             x10, x10, 255       x10=0000000a x10:0000000a
17370701ns          295372 1c008c96 00d70733 add              x14, x14, x13       x14=1a10f008 x14:00000008 x13:1a10f000
17370721ns          295373 1c008c98 00a7e723 p.sw             x10, x0(x15)        x10:0000000a x15:00000000  PA:1a10f008
17371059ns          295390 1c008c9c 00000513 addi             x10, x0, 0          x10=00000000
17371079ns          295391 1c008c9e 00008067 jalr             x0, x1, 0            x1:1c008d6e
17371138ns          295394 1c008d6e 31f52563 p.beqimm         x10, 778            x10:00000000
17371158ns          295395 1c008d72 001d8d93 addi             x27, x27, 1         x27=00000019 x27:00000018
17371178ns          295396 1c008d74 00044503 lbu              x10, 0(x8)          x10=00000000  x8:1c0000ce  PA:1c0000ce
17371476ns          295411 1c008d78 00140413 addi             x8, x8, 1            x8=1c0000cf  x8:1c0000ce
17371496ns          295412 1c008d7a fe0514e3 bne              x10, x0, -24        x10:00000000
17371516ns          295413 1c008d7c 01b00433 add              x8, x0, x27          x8=00000019 x27:00000019
17371536ns          295414 1c008d7e 00800533 add              x10, x0, x8         x10=00000019  x8:00000019
17371556ns          295415 1c008d80 12c12083 lw               x1, 300(x2)          x1=1c008d0c  x2:10000cd8  PA:10000e04
17371576ns          295416 1c008d84 12812403 lw               x8, 296(x2)          x8=00000001  x2:10000cd8  PA:10000e00
17371596ns          295417 1c008d88 12412483 lw               x9, 292(x2)          x9=00000010  x2:10000cd8  PA:10000dfc
17371616ns          295418 1c008d8c 12012903 lw               x18, 288(x2)        x18=xxxxxxxx  x2:10000cd8  PA:10000df8
17371655ns          295420 1c008d90 11c12983 lw               x19, 284(x2)        x19=xxxxxxxx  x2:10000cd8  PA:10000df4
17371695ns          295422 1c008d94 11812a03 lw               x20, 280(x2)        x20=xxxxxxxx  x2:10000cd8  PA:10000df0
17371715ns          295423 1c008d98 11412a83 lw               x21, 276(x2)        x21=xxxxxxxx  x2:10000cd8  PA:10000dec
17371735ns          295424 1c008d9c 11012b03 lw               x22, 272(x2)        x22=xxxxxxxx  x2:10000cd8  PA:10000de8
17371795ns          295427 1c008da0 10c12b83 lw               x23, 268(x2)        x23=xxxxxxxx  x2:10000cd8  PA:10000de4
17371834ns          295429 1c008da4 10812c03 lw               x24, 264(x2)        x24=xxxxxxxx  x2:10000cd8  PA:10000de0
17371854ns          295430 1c008da8 10412c83 lw               x25, 260(x2)        x25=xxxxxxxx  x2:10000cd8  PA:10000ddc
17371874ns          295431 1c008dac 10012d03 lw               x26, 256(x2)        x26=xxxxxxxx  x2:10000cd8  PA:10000dd8
17371894ns          295432 1c008db0 0fc12d83 lw               x27, 252(x2)        x27=xxxxxxxx  x2:10000cd8  PA:10000dd4
17371914ns          295433 1c008db2 13010113 addi             x2, x2, 304          x2=10000e08  x2:10000cd8
17371934ns          295434 1c008db4 00008067 jalr             x0, x1, 0            x1:1c008d0c
17372013ns          295438 1c008d0c 01c12083 lw               x1, 28(x2)           x1=1c0086b0  x2:10000e08  PA:10000e24
17372033ns          295439 1c008d0e 04010113 addi             x2, x2, 64           x2=10000e48  x2:10000e08
17372093ns          295442 1c008d10 00008067 jalr             x0, x1, 0            x1:1c0086b0
17372173ns          295446 1c0086b0 00143513 sltiu            x10, x8, 1          x10=00000000  x8:00000001
17372212ns          295448 1c0086b4 1ac12083 lw               x1, 428(x2)          x1=1c009faa  x2:10000e48  PA:10000ff4
17372232ns          295449 1c0086b8 1a812403 lw               x8, 424(x2)          x8=xxxxxxxx  x2:10000e48  PA:10000ff0
17372252ns          295450 1c0086bc 1a412483 lw               x9, 420(x2)          x9=xxxxxxxx  x2:10000e48  PA:10000fec
17372312ns          295453 1c0086c0 1b010113 addi             x2, x2, 432          x2=10000ff8  x2:10000e48
17372332ns          295454 1c0086c2 00008067 jalr             x0, x1, 0            x1:1c009faa
17372451ns          295460 1c009faa f14027f3 csrrs            x15, x0, 0xf14      x15=00000001
17372511ns          295463 1c009fae f457b7b3 p.bclr           x15, x15, 26, 5     x15=00000001 x15:00000001
17372531ns          295464 1c009fb2 00079963 bne              x15, x0, 18         x15:00000001
17373008ns          295488 1c009fc4 002047b7 lui              x15, 0x204000       x15=00204000
17373048ns          295490 1c009fc8 fff00713 addi             x14, x0, -1         x14=ffffffff
17373068ns          295491 1c009fca 00e7a223 sw               x14, 4(x15)         x14:ffffffff x15:00204000  PA:00204004
