                Time          Cycles PC       Instr    Mnemonic
17065577ns          280032 1c008080 0640006f jal              x0, 100            
17066034ns          280055 1c0080e4 f1402573 csrrs            x10, x0, 0xf14      x10=00000002
17066074ns          280057 1c0080e8 01f57593 andi             x11, x10, 31        x11=00000002 x10:00000002
17066094ns          280058 1c0080ec 00555513 srli             x10, x10, 0x5       x10=00000000 x10:00000002
17066114ns          280059 1c0080ee 01f00613 addi             x12, x0, 31         x12=0000001f
17066531ns          280080 1c0080f0 00c50463 beq              x10, x12, 8         x10:00000000 x12:0000001f
17066571ns          280082 1c0080f4 fa1ff06f jal              x0, -96            
17067029ns          280105 1c008094 f3ff8117 auipc            x2, 0xf3ff8000       x2=10000094
17067068ns          280107 1c008098 f7010113 addi             x2, x2, -144         x2=10000004  x2:10000094
17067088ns          280108 1c00809c 00012103 lw               x2, 0(x2)            x2=10000008  x2:10000004  PA:10000004
17067526ns          280130 1c0080a0 000011b7 lui              x3, 0x1000           x3=00001000
17067566ns          280132 1c0080a4 80018193 addi             x3, x3, -2048        x3=00000800  x3:00001000
17067586ns          280133 1c0080a8 00158593 addi             x11, x11, 1         x11=00000003 x11:00000002
17067605ns          280134 1c0080ac 02b180b3 mul              x1, x3, x11          x1=00001800  x3:00000800 x11:00000003
17068043ns          280156 1c0080b0 00110133 add              x2, x2, x1           x2=10001808  x2:10000008  x1:00001800
17068083ns          280158 1c0080b4 6d10106f jal              x0, 7888           
17068540ns          280181 1c009f84 ff010113 addi             x2, x2, -16          x2=100017f8  x2:10001808
17068560ns          280182 1c009f86 00112623 sw               x1, 12(x2)           x1:00001800  x2:100017f8  PA:10001804
17068580ns          280183 1c009f88 002047b7 lui              x15, 0x204000       x15=00204000
17068600ns          280184 1c009f8c 00070737 lui              x14, 0x70000        x14=00070000
17069057ns          280207 1c009f90 00e7a423 sw               x14, 8(x15)         x14:00070000 x15:00204000  PA:00204008
17069077ns          280208 1c009f92 00f00713 addi             x14, x0, 15         x14=0000000f
17069097ns          280209 1c009f94 20078793 addi             x15, x15, 512       x15=00204200 x15:00204000
17069117ns          280210 1c009f98 00e7a023 sw               x14, 0(x15)         x14:0000000f x15:00204200  PA:00204200
17069137ns          280211 1c009f9c 00e7a623 sw               x14, 12(x15)        x14:0000000f x15:00204200  PA:0020420c
17069575ns          280233 1c009fa0 1c0017b7 lui              x15, 0x1c001000     x15=1c001000
17069614ns          280235 1c009fa4 a947a783 lw               x15, -1388(x15)     x15=1c0085e0 x15:1c001000  PA:1c000a94
17070072ns          280258 1c009fa8 000780e7 jalr             x1, x15, 0           x1=1c009faa x15:1c0085e0
17070569ns          280283 1c0085e0 e5010113 addi             x2, x2, -432         x2=10001648  x2:100017f8
17070609ns          280285 1c0085e2 1a912223 sw               x9, 420(x2)          x9:xxxxxxxx  x2:10001648  PA:100017ec
17070629ns          280286 1c0085e6 1a112623 sw               x1, 428(x2)          x1:1c009faa  x2:10001648  PA:100017f4
17070649ns          280287 1c0085ea f14024f3 csrrs            x9, x0, 0xf14        x9=00000002
17071086ns          280309 1c0085ee 1a812423 sw               x8, 424(x2)          x8:xxxxxxxx  x2:10001648  PA:100017f0
17071126ns          280311 1c0085f2 ca5497b3 p.extractu       x15, x9, 5, 5       x15=00000000  x9:00000002
17071146ns          280312 1c0085f6 10079963 bne              x15, x0, 274        x15:00000000
17071166ns          280313 1c0085fa f454b4b3 p.bclr           x9, x9, 26, 5        x9=00000002  x9:00000002
17071623ns          280336 1c0085fe 1c000537 lui              x10, 0x1c000000     x10=1c000000
17071643ns          280337 1c008602 00900633 add              x12, x0, x9         x12=00000002  x9:00000002
17071663ns          280338 1c008604 00100593 addi             x11, x0, 1          x11=00000001
17071683ns          280339 1c008606 04050513 addi             x10, x10, 64        x10=1c000040 x10:1c000000
17071703ns          280340 1c00860a 6da000ef jal              x1, 1754             x1=1c00860c
17072598ns          280385 1c008ce4 fc010113 addi             x2, x2, -64          x2=10001608  x2:10001648
17072638ns          280387 1c008ce6 02410313 addi             x6, x2, 36           x6=1000162c  x2:10001608
17072658ns          280388 1c008cea 02c12423 sw               x12, 40(x2)         x12:00000002  x2:10001608  PA:10001630
17072678ns          280389 1c008cec 00a00633 add              x12, x0, x10        x12=1c000040 x10:1c000040
17073095ns          280410 1c008cee 1c009537 lui              x10, 0x1c009000     x10=1c009000
17073115ns          280411 1c008cf2 02b12223 sw               x11, 36(x2)         x11:00000001  x2:10001608  PA:1000162c
17073135ns          280412 1c008cf4 02d12623 sw               x13, 44(x2)         x13:xxxxxxxx  x2:10001608  PA:10001634
17073155ns          280413 1c008cf6 00200593 addi             x11, x0, 2          x11=00000002
17073175ns          280414 1c008cf8 006006b3 add              x13, x0, x6         x13=1000162c  x6:1000162c
17073195ns          280415 1c008cfa c7850513 addi             x10, x10, -904      x10=1c008c78 x10:1c009000
17073215ns          280416 1c008cfe 00112e23 sw               x1, 28(x2)           x1:1c00860c  x2:10001608  PA:10001624
17073612ns          280436 1c008d00 02e12823 sw               x14, 48(x2)         x14:0000000f  x2:10001608  PA:10001638
17073632ns          280437 1c008d02 02f12a23 sw               x15, 52(x2)         x15:00000000  x2:10001608  PA:1000163c
17073652ns          280438 1c008d04 03012c23 sw               x16, 56(x2)         x16:xxxxxxxx  x2:10001608  PA:10001640
17073672ns          280439 1c008d06 03112e23 sw               x17, 60(x2)         x17:xxxxxxxx  x2:10001608  PA:10001644
17073692ns          280440 1c008d08 00612623 sw               x6, 12(x2)           x6:1000162c  x2:10001608  PA:10001614
17073712ns          280441 1c008d0a fbfff0ef jal              x1, -66              x1=1c008d0c
17074587ns          280485 1c008cc8 04a0006f jal              x0, 74             
17074627ns          280487 1c008d12 ed010113 addi             x2, x2, -304         x2=100014d8  x2:10001608
17074647ns          280488 1c008d14 12812423 sw               x8, 296(x2)          x8:xxxxxxxx  x2:100014d8  PA:10001600
17074667ns          280489 1c008d18 00000413 addi             x8, x0, 0            x8=00000000
17074687ns          280490 1c008d1a 11612823 sw               x22, 272(x2)        x22:xxxxxxxx  x2:100014d8  PA:100015e8
17075124ns          280512 1c008d1e 11712623 sw               x23, 268(x2)        x23:xxxxxxxx  x2:100014d8  PA:100015e4
17075164ns          280514 1c008d22 11812423 sw               x24, 264(x2)        x24:xxxxxxxx  x2:100014d8  PA:100015e0
17075184ns          280515 1c008d26 11912223 sw               x25, 260(x2)        x25:xxxxxxxx  x2:100014d8  PA:100015dc
17075204ns          280516 1c008d2a 11a12023 sw               x26, 256(x2)        x26:xxxxxxxx  x2:100014d8  PA:100015d8
17075224ns          280517 1c008d2e 0fb12e23 sw               x27, 252(x2)        x27:xxxxxxxx  x2:100014d8  PA:100015d4
17075661ns          280539 1c008d30 12112623 sw               x1, 300(x2)          x1:1c008d0c  x2:100014d8  PA:10001604
17075701ns          280541 1c008d34 00800db3 add              x27, x0, x8         x27=00000000  x8:00000000
17075721ns          280542 1c008d36 12912223 sw               x9, 292(x2)          x9:00000002  x2:100014d8  PA:100015fc
17075741ns          280543 1c008d3a 13212023 sw               x18, 288(x2)        x18:xxxxxxxx  x2:100014d8  PA:100015f8
17076178ns          280565 1c008d3e 11312e23 sw               x19, 284(x2)        x19:xxxxxxxx  x2:100014d8  PA:100015f4
17076218ns          280567 1c008d42 11412c23 sw               x20, 280(x2)        x20:xxxxxxxx  x2:100014d8  PA:100015f0
17076238ns          280568 1c008d46 11512a23 sw               x21, 276(x2)        x21:xxxxxxxx  x2:100014d8  PA:100015ec
17076258ns          280569 1c008d4a 00a00b33 add              x22, x0, x10        x22=1c008c78 x10:1c008c78
17076278ns          280570 1c008d4c 00b00d33 add              x26, x0, x11        x26=00000002 x11:00000002
17076298ns          280571 1c008d4e 00d00c33 add              x24, x0, x13        x24=1000162c x13:1000162c
17076695ns          280591 1c008d50 1c000bb7 lui              x23, 0x1c000000     x23=1c000000
17076735ns          280593 1c008d54 02410c93 addi             x25, x2, 36         x25=100014fc  x2:100014d8
17076755ns          280594 1c008d58 00c00433 add              x8, x0, x12          x8=1c000040 x12:1c000040
17076775ns          280595 1c008d5a 00044503 lbu              x10, 0(x8)          x10=00000073  x8:1c000040  PA:1c000040
17077173ns          280615 1c008d5e 00140413 addi             x8, x8, 1            x8=1c000041  x8:1c000040
17077213ns          280617 1c008d60 00050e63 beq              x10, x0, 28         x10:00000073
17077252ns          280619 1c008d62 02500793 addi             x15, x0, 37         x15=00000025
17077272ns          280620 1c008d66 04f50863 beq              x10, x15, 80        x10:00000073 x15:00000025
17077292ns          280621 1c008d6a 01a005b3 add              x11, x0, x26        x11=00000002 x26:00000002
17077312ns          280622 1c008d6c 000b00e7 jalr             x1, x22, 0           x1=1c008d6e x22:1c008c78
17078247ns          280669 1c008c78 000026b7 lui              x13, 0x2000         x13=00002000
17078287ns          280671 1c008c7a f14027f3 csrrs            x15, x0, 0xf14      x15=00000002
17078724ns          280693 1c008c7e f8068693 addi             x13, x13, -128      x13=00001f80 x13:00002000
17078764ns          280695 1c008c82 00379713 slli             x14, x15, 0x3       x14=00000010 x15:00000002
17078784ns          280696 1c008c86 00279793 slli             x15, x15, 0x2       x15=00000008 x15:00000002
17078804ns          280697 1c008c88 00d7f7b3 and              x15, x15, x13       x15=00000000 x15:00000008 x13:00001f80
17078824ns          280698 1c008c8a ee873733 p.bclr           x14, x14, 23, 8     x14=00000010 x14:00000010
17079241ns          280719 1c008c8e 1a10f6b7 lui              x13, 0x1a10f000     x13=1a10f000
17079281ns          280721 1c008c92 0ff57513 andi             x10, x10, 255       x10=00000073 x10:00000073
17079301ns          280722 1c008c96 00d70733 add              x14, x14, x13       x14=1a10f010 x14:00000010 x13:1a10f000
17079321ns          280723 1c008c98 00a7e723 p.sw             x10, x0(x15)        x10:00000073 x15:00000000  PA:1a10f010
17079719ns          280743 1c008c9c 00000513 addi             x10, x0, 0          x10=00000000
17079739ns          280744 1c008c9e 00008067 jalr             x0, x1, 0            x1:1c008d6e
17079858ns          280750 1c008d6e 31f52563 p.beqimm         x10, 778            x10:00000000
17079878ns          280751 1c008d72 001d8d93 addi             x27, x27, 1         x27=00000001 x27:00000000
17079898ns          280752 1c008d74 00044503 lbu              x10, 0(x8)          x10=00000074  x8:1c000041  PA:1c000041
17080316ns          280773 1c008d78 00140413 addi             x8, x8, 1            x8=1c000042  x8:1c000041
17080335ns          280774 1c008d7a fe0514e3 bne              x10, x0, -24        x10:00000074
17080455ns          280780 1c008d62 02500793 addi             x15, x0, 37         x15=00000025
17080475ns          280781 1c008d66 04f50863 beq              x10, x15, 80        x10:00000074 x15:00000025
17080495ns          280782 1c008d6a 01a005b3 add              x11, x0, x26        x11=00000002 x26:00000002
17080514ns          280783 1c008d6c 000b00e7 jalr             x1, x22, 0           x1=1c008d6e x22:1c008c78
17080554ns          280785 1c008c78 000026b7 lui              x13, 0x2000         x13=00002000
17080574ns          280786 1c008c7a f14027f3 csrrs            x15, x0, 0xf14      x15=00000002
17080634ns          280789 1c008c7e f8068693 addi             x13, x13, -128      x13=00001f80 x13:00002000
17080674ns          280791 1c008c82 00379713 slli             x14, x15, 0x3       x14=00000010 x15:00000002
17080694ns          280792 1c008c86 00279793 slli             x15, x15, 0x2       x15=00000008 x15:00000002
17080713ns          280793 1c008c88 00d7f7b3 and              x15, x15, x13       x15=00000000 x15:00000008 x13:00001f80
17080733ns          280794 1c008c8a ee873733 p.bclr           x14, x14, 23, 8     x14=00000010 x14:00000010
17080753ns          280795 1c008c8e 1a10f6b7 lui              x13, 0x1a10f000     x13=1a10f000
17080773ns          280796 1c008c92 0ff57513 andi             x10, x10, 255       x10=00000074 x10:00000074
17080793ns          280797 1c008c96 00d70733 add              x14, x14, x13       x14=1a10f010 x14:00000010 x13:1a10f000
17080813ns          280798 1c008c98 00a7e723 p.sw             x10, x0(x15)        x10:00000074 x15:00000000  PA:1a10f010
17081211ns          280818 1c008c9c 00000513 addi             x10, x0, 0          x10=00000000
17081231ns          280819 1c008c9e 00008067 jalr             x0, x1, 0            x1:1c008d6e
17081290ns          280822 1c008d6e 31f52563 p.beqimm         x10, 778            x10:00000000
17081310ns          280823 1c008d72 001d8d93 addi             x27, x27, 1         x27=00000002 x27:00000001
17081330ns          280824 1c008d74 00044503 lbu              x10, 0(x8)          x10=00000061  x8:1c000042  PA:1c000042
17081628ns          280839 1c008d78 00140413 addi             x8, x8, 1            x8=1c000043  x8:1c000042
17081648ns          280840 1c008d7a fe0514e3 bne              x10, x0, -24        x10:00000061
17081728ns          280844 1c008d62 02500793 addi             x15, x0, 37         x15=00000025
17081748ns          280845 1c008d66 04f50863 beq              x10, x15, 80        x10:00000061 x15:00000025
17081768ns          280846 1c008d6a 01a005b3 add              x11, x0, x26        x11=00000002 x26:00000002
17081788ns          280847 1c008d6c 000b00e7 jalr             x1, x22, 0           x1=1c008d6e x22:1c008c78
17081827ns          280849 1c008c78 000026b7 lui              x13, 0x2000         x13=00002000
17081847ns          280850 1c008c7a f14027f3 csrrs            x15, x0, 0xf14      x15=00000002
17081867ns          280851 1c008c7e f8068693 addi             x13, x13, -128      x13=00001f80 x13:00002000
17081887ns          280852 1c008c82 00379713 slli             x14, x15, 0x3       x14=00000010 x15:00000002
17081907ns          280853 1c008c86 00279793 slli             x15, x15, 0x2       x15=00000008 x15:00000002
17081927ns          280854 1c008c88 00d7f7b3 and              x15, x15, x13       x15=00000000 x15:00000008 x13:00001f80
17081947ns          280855 1c008c8a ee873733 p.bclr           x14, x14, 23, 8     x14=00000010 x14:00000010
17081967ns          280856 1c008c8e 1a10f6b7 lui              x13, 0x1a10f000     x13=1a10f000
17081986ns          280857 1c008c92 0ff57513 andi             x10, x10, 255       x10=00000061 x10:00000061
17082006ns          280858 1c008c96 00d70733 add              x14, x14, x13       x14=1a10f010 x14:00000010 x13:1a10f000
17082026ns          280859 1c008c98 00a7e723 p.sw             x10, x0(x15)        x10:00000061 x15:00000000  PA:1a10f010
17082364ns          280876 1c008c9c 00000513 addi             x10, x0, 0          x10=00000000
17082384ns          280877 1c008c9e 00008067 jalr             x0, x1, 0            x1:1c008d6e
17082444ns          280880 1c008d6e 31f52563 p.beqimm         x10, 778            x10:00000000
17082464ns          280881 1c008d72 001d8d93 addi             x27, x27, 1         x27=00000003 x27:00000002
17082484ns          280882 1c008d74 00044503 lbu              x10, 0(x8)          x10=00000072  x8:1c000043  PA:1c000043
17082782ns          280897 1c008d78 00140413 addi             x8, x8, 1            x8=1c000044  x8:1c000043
17082802ns          280898 1c008d7a fe0514e3 bne              x10, x0, -24        x10:00000072
17082881ns          280902 1c008d62 02500793 addi             x15, x0, 37         x15=00000025
17082901ns          280903 1c008d66 04f50863 beq              x10, x15, 80        x10:00000072 x15:00000025
17082921ns          280904 1c008d6a 01a005b3 add              x11, x0, x26        x11=00000002 x26:00000002
17082941ns          280905 1c008d6c 000b00e7 jalr             x1, x22, 0           x1=1c008d6e x22:1c008c78
17082981ns          280907 1c008c78 000026b7 lui              x13, 0x2000         x13=00002000
17083001ns          280908 1c008c7a f14027f3 csrrs            x15, x0, 0xf14      x15=00000002
17083021ns          280909 1c008c7e f8068693 addi             x13, x13, -128      x13=00001f80 x13:00002000
17083041ns          280910 1c008c82 00379713 slli             x14, x15, 0x3       x14=00000010 x15:00000002
17083061ns          280911 1c008c86 00279793 slli             x15, x15, 0x2       x15=00000008 x15:00000002
17083080ns          280912 1c008c88 00d7f7b3 and              x15, x15, x13       x15=00000000 x15:00000008 x13:00001f80
17083100ns          280913 1c008c8a ee873733 p.bclr           x14, x14, 23, 8     x14=00000010 x14:00000010
17083120ns          280914 1c008c8e 1a10f6b7 lui              x13, 0x1a10f000     x13=1a10f000
17083140ns          280915 1c008c92 0ff57513 andi             x10, x10, 255       x10=00000072 x10:00000072
17083160ns          280916 1c008c96 00d70733 add              x14, x14, x13       x14=1a10f010 x14:00000010 x13:1a10f000
17083180ns          280917 1c008c98 00a7e723 p.sw             x10, x0(x15)        x10:00000072 x15:00000000  PA:1a10f010
17083518ns          280934 1c008c9c 00000513 addi             x10, x0, 0          x10=00000000
17083538ns          280935 1c008c9e 00008067 jalr             x0, x1, 0            x1:1c008d6e
17083598ns          280938 1c008d6e 31f52563 p.beqimm         x10, 778            x10:00000000
17083617ns          280939 1c008d72 001d8d93 addi             x27, x27, 1         x27=00000004 x27:00000003
17083637ns          280940 1c008d74 00044503 lbu              x10, 0(x8)          x10=00000074  x8:1c000044  PA:1c000044
17083936ns          280955 1c008d78 00140413 addi             x8, x8, 1            x8=1c000045  x8:1c000044
17083956ns          280956 1c008d7a fe0514e3 bne              x10, x0, -24        x10:00000074
17084035ns          280960 1c008d62 02500793 addi             x15, x0, 37         x15=00000025
17084055ns          280961 1c008d66 04f50863 beq              x10, x15, 80        x10:00000074 x15:00000025
17084075ns          280962 1c008d6a 01a005b3 add              x11, x0, x26        x11=00000002 x26:00000002
17084095ns          280963 1c008d6c 000b00e7 jalr             x1, x22, 0           x1=1c008d6e x22:1c008c78
17084135ns          280965 1c008c78 000026b7 lui              x13, 0x2000         x13=00002000
17084155ns          280966 1c008c7a f14027f3 csrrs            x15, x0, 0xf14      x15=00000002
17084174ns          280967 1c008c7e f8068693 addi             x13, x13, -128      x13=00001f80 x13:00002000
17084194ns          280968 1c008c82 00379713 slli             x14, x15, 0x3       x14=00000010 x15:00000002
17084214ns          280969 1c008c86 00279793 slli             x15, x15, 0x2       x15=00000008 x15:00000002
17084234ns          280970 1c008c88 00d7f7b3 and              x15, x15, x13       x15=00000000 x15:00000008 x13:00001f80
17084254ns          280971 1c008c8a ee873733 p.bclr           x14, x14, 23, 8     x14=00000010 x14:00000010
17084274ns          280972 1c008c8e 1a10f6b7 lui              x13, 0x1a10f000     x13=1a10f000
17084294ns          280973 1c008c92 0ff57513 andi             x10, x10, 255       x10=00000074 x10:00000074
17084314ns          280974 1c008c96 00d70733 add              x14, x14, x13       x14=1a10f010 x14:00000010 x13:1a10f000
17084334ns          280975 1c008c98 00a7e723 p.sw             x10, x0(x15)        x10:00000074 x15:00000000  PA:1a10f010
17084652ns          280991 1c008c9c 00000513 addi             x10, x0, 0          x10=00000000
17084672ns          280992 1c008c9e 00008067 jalr             x0, x1, 0            x1:1c008d6e
17084731ns          280995 1c008d6e 31f52563 p.beqimm         x10, 778            x10:00000000
17084751ns          280996 1c008d72 001d8d93 addi             x27, x27, 1         x27=00000005 x27:00000004
17084771ns          280997 1c008d74 00044503 lbu              x10, 0(x8)          x10=00000069  x8:1c000045  PA:1c000045
17085069ns          281012 1c008d78 00140413 addi             x8, x8, 1            x8=1c000046  x8:1c000045
17085089ns          281013 1c008d7a fe0514e3 bne              x10, x0, -24        x10:00000069
17085169ns          281017 1c008d62 02500793 addi             x15, x0, 37         x15=00000025
17085189ns          281018 1c008d66 04f50863 beq              x10, x15, 80        x10:00000069 x15:00000025
17085209ns          281019 1c008d6a 01a005b3 add              x11, x0, x26        x11=00000002 x26:00000002
17085229ns          281020 1c008d6c 000b00e7 jalr             x1, x22, 0           x1=1c008d6e x22:1c008c78
17085268ns          281022 1c008c78 000026b7 lui              x13, 0x2000         x13=00002000
17085288ns          281023 1c008c7a f14027f3 csrrs            x15, x0, 0xf14      x15=00000002
17085308ns          281024 1c008c7e f8068693 addi             x13, x13, -128      x13=00001f80 x13:00002000
17085328ns          281025 1c008c82 00379713 slli             x14, x15, 0x3       x14=00000010 x15:00000002
17085348ns          281026 1c008c86 00279793 slli             x15, x15, 0x2       x15=00000008 x15:00000002
17085368ns          281027 1c008c88 00d7f7b3 and              x15, x15, x13       x15=00000000 x15:00000008 x13:00001f80
17085388ns          281028 1c008c8a ee873733 p.bclr           x14, x14, 23, 8     x14=00000010 x14:00000010
17085408ns          281029 1c008c8e 1a10f6b7 lui              x13, 0x1a10f000     x13=1a10f000
17085428ns          281030 1c008c92 0ff57513 andi             x10, x10, 255       x10=00000069 x10:00000069
17085447ns          281031 1c008c96 00d70733 add              x14, x14, x13       x14=1a10f010 x14:00000010 x13:1a10f000
17085467ns          281032 1c008c98 00a7e723 p.sw             x10, x0(x15)        x10:00000069 x15:00000000  PA:1a10f010
17085786ns          281048 1c008c9c 00000513 addi             x10, x0, 0          x10=00000000
17085805ns          281049 1c008c9e 00008067 jalr             x0, x1, 0            x1:1c008d6e
17085865ns          281052 1c008d6e 31f52563 p.beqimm         x10, 778            x10:00000000
17085885ns          281053 1c008d72 001d8d93 addi             x27, x27, 1         x27=00000006 x27:00000005
17085905ns          281054 1c008d74 00044503 lbu              x10, 0(x8)          x10=0000006e  x8:1c000046  PA:1c000046
17086203ns          281069 1c008d78 00140413 addi             x8, x8, 1            x8=1c000047  x8:1c000046
17086223ns          281070 1c008d7a fe0514e3 bne              x10, x0, -24        x10:0000006e
17086303ns          281074 1c008d62 02500793 addi             x15, x0, 37         x15=00000025
17086323ns          281075 1c008d66 04f50863 beq              x10, x15, 80        x10:0000006e x15:00000025
17086342ns          281076 1c008d6a 01a005b3 add              x11, x0, x26        x11=00000002 x26:00000002
17086362ns          281077 1c008d6c 000b00e7 jalr             x1, x22, 0           x1=1c008d6e x22:1c008c78
17086402ns          281079 1c008c78 000026b7 lui              x13, 0x2000         x13=00002000
17086422ns          281080 1c008c7a f14027f3 csrrs            x15, x0, 0xf14      x15=00000002
17086442ns          281081 1c008c7e f8068693 addi             x13, x13, -128      x13=00001f80 x13:00002000
17086462ns          281082 1c008c82 00379713 slli             x14, x15, 0x3       x14=00000010 x15:00000002
17086482ns          281083 1c008c86 00279793 slli             x15, x15, 0x2       x15=00000008 x15:00000002
17086502ns          281084 1c008c88 00d7f7b3 and              x15, x15, x13       x15=00000000 x15:00000008 x13:00001f80
17086522ns          281085 1c008c8a ee873733 p.bclr           x14, x14, 23, 8     x14=00000010 x14:00000010
17086541ns          281086 1c008c8e 1a10f6b7 lui              x13, 0x1a10f000     x13=1a10f000
17086561ns          281087 1c008c92 0ff57513 andi             x10, x10, 255       x10=0000006e x10:0000006e
17086581ns          281088 1c008c96 00d70733 add              x14, x14, x13       x14=1a10f010 x14:00000010 x13:1a10f000
17086601ns          281089 1c008c98 00a7e723 p.sw             x10, x0(x15)        x10:0000006e x15:00000000  PA:1a10f010
17086939ns          281106 1c008c9c 00000513 addi             x10, x0, 0          x10=00000000
17086959ns          281107 1c008c9e 00008067 jalr             x0, x1, 0            x1:1c008d6e
17087019ns          281110 1c008d6e 31f52563 p.beqimm         x10, 778            x10:00000000
17087039ns          281111 1c008d72 001d8d93 addi             x27, x27, 1         x27=00000007 x27:00000006
17087059ns          281112 1c008d74 00044503 lbu              x10, 0(x8)          x10=00000067  x8:1c000047  PA:1c000047
17087357ns          281127 1c008d78 00140413 addi             x8, x8, 1            x8=1c000048  x8:1c000047
17087377ns          281128 1c008d7a fe0514e3 bne              x10, x0, -24        x10:00000067
17087456ns          281132 1c008d62 02500793 addi             x15, x0, 37         x15=00000025
17087476ns          281133 1c008d66 04f50863 beq              x10, x15, 80        x10:00000067 x15:00000025
17087496ns          281134 1c008d6a 01a005b3 add              x11, x0, x26        x11=00000002 x26:00000002
17087516ns          281135 1c008d6c 000b00e7 jalr             x1, x22, 0           x1=1c008d6e x22:1c008c78
17087556ns          281137 1c008c78 000026b7 lui              x13, 0x2000         x13=00002000
17087576ns          281138 1c008c7a f14027f3 csrrs            x15, x0, 0xf14      x15=00000002
17087596ns          281139 1c008c7e f8068693 addi             x13, x13, -128      x13=00001f80 x13:00002000
17087615ns          281140 1c008c82 00379713 slli             x14, x15, 0x3       x14=00000010 x15:00000002
17087635ns          281141 1c008c86 00279793 slli             x15, x15, 0x2       x15=00000008 x15:00000002
17087655ns          281142 1c008c88 00d7f7b3 and              x15, x15, x13       x15=00000000 x15:00000008 x13:00001f80
17087675ns          281143 1c008c8a ee873733 p.bclr           x14, x14, 23, 8     x14=00000010 x14:00000010
17087695ns          281144 1c008c8e 1a10f6b7 lui              x13, 0x1a10f000     x13=1a10f000
17087715ns          281145 1c008c92 0ff57513 andi             x10, x10, 255       x10=00000067 x10:00000067
17087735ns          281146 1c008c96 00d70733 add              x14, x14, x13       x14=1a10f010 x14:00000010 x13:1a10f000
17087755ns          281147 1c008c98 00a7e723 p.sw             x10, x0(x15)        x10:00000067 x15:00000000  PA:1a10f010
17088073ns          281163 1c008c9c 00000513 addi             x10, x0, 0          x10=00000000
17088093ns          281164 1c008c9e 00008067 jalr             x0, x1, 0            x1:1c008d6e
17088153ns          281167 1c008d6e 31f52563 p.beqimm         x10, 778            x10:00000000
17088172ns          281168 1c008d72 001d8d93 addi             x27, x27, 1         x27=00000008 x27:00000007
17088192ns          281169 1c008d74 00044503 lbu              x10, 0(x8)          x10=00000020  x8:1c000048  PA:1c000048
17088491ns          281184 1c008d78 00140413 addi             x8, x8, 1            x8=1c000049  x8:1c000048
17088511ns          281185 1c008d7a fe0514e3 bne              x10, x0, -24        x10:00000020
17088590ns          281189 1c008d62 02500793 addi             x15, x0, 37         x15=00000025
17088610ns          281190 1c008d66 04f50863 beq              x10, x15, 80        x10:00000020 x15:00000025
17088630ns          281191 1c008d6a 01a005b3 add              x11, x0, x26        x11=00000002 x26:00000002
17088650ns          281192 1c008d6c 000b00e7 jalr             x1, x22, 0           x1=1c008d6e x22:1c008c78
17088690ns          281194 1c008c78 000026b7 lui              x13, 0x2000         x13=00002000
17088709ns          281195 1c008c7a f14027f3 csrrs            x15, x0, 0xf14      x15=00000002
17088729ns          281196 1c008c7e f8068693 addi             x13, x13, -128      x13=00001f80 x13:00002000
17088749ns          281197 1c008c82 00379713 slli             x14, x15, 0x3       x14=00000010 x15:00000002
17088769ns          281198 1c008c86 00279793 slli             x15, x15, 0x2       x15=00000008 x15:00000002
17088789ns          281199 1c008c88 00d7f7b3 and              x15, x15, x13       x15=00000000 x15:00000008 x13:00001f80
17088809ns          281200 1c008c8a ee873733 p.bclr           x14, x14, 23, 8     x14=00000010 x14:00000010
17088829ns          281201 1c008c8e 1a10f6b7 lui              x13, 0x1a10f000     x13=1a10f000
17088849ns          281202 1c008c92 0ff57513 andi             x10, x10, 255       x10=00000020 x10:00000020
17088869ns          281203 1c008c96 00d70733 add              x14, x14, x13       x14=1a10f010 x14:00000010 x13:1a10f000
17088888ns          281204 1c008c98 00a7e723 p.sw             x10, x0(x15)        x10:00000020 x15:00000000  PA:1a10f010
17089207ns          281220 1c008c9c 00000513 addi             x10, x0, 0          x10=00000000
17089227ns          281221 1c008c9e 00008067 jalr             x0, x1, 0            x1:1c008d6e
17089286ns          281224 1c008d6e 31f52563 p.beqimm         x10, 778            x10:00000000
17089306ns          281225 1c008d72 001d8d93 addi             x27, x27, 1         x27=00000009 x27:00000008
17089326ns          281226 1c008d74 00044503 lbu              x10, 0(x8)          x10=00000025  x8:1c000049  PA:1c000049
17089624ns          281241 1c008d78 00140413 addi             x8, x8, 1            x8=1c00004a  x8:1c000049
17089644ns          281242 1c008d7a fe0514e3 bne              x10, x0, -24        x10:00000025
17089724ns          281246 1c008d62 02500793 addi             x15, x0, 37         x15=00000025
17089744ns          281247 1c008d66 04f50863 beq              x10, x15, 80        x10:00000025 x15:00000025
17090181ns          281269 1c008db6 00044483 lbu              x9, 0(x8)            x9=00000064  x8:1c00004a  PA:1c00004a
17090579ns          281289 1c008dba 02000693 addi             x13, x0, 32         x13=00000020
17090639ns          281292 1c008dbe 00140a93 addi             x21, x8, 1          x21=1c00004b  x8:1c00004a
17090659ns          281293 1c008dc2 009005b3 add              x11, x0, x9         x11=00000064  x9:00000064
17090679ns          281294 1c008dc4 0fcb8513 addi             x10, x23, 252       x10=1c0000fc x23:1c000000
17090699ns          281295 1c008dc8 00d12823 sw               x13, 16(x2)         x13:00000020  x2:100014d8  PA:100014e8
17090718ns          281296 1c008dca 00012c23 sw               x0, 24(x2)           x2:100014d8  PA:100014f0
17090738ns          281297 1c008dcc 00012a23 sw               x0, 20(x2)           x2:100014d8  PA:100014ec
17090758ns          281298 1c008dce 00012e23 sw               x0, 28(x2)           x2:100014d8  PA:100014f4
17091156ns          281318 1c008dd0 00012623 sw               x0, 12(x2)           x2:100014d8  PA:100014e4
17091196ns          281320 1c008dd2 02300913 addi             x18, x0, 35         x18=00000023
17091216ns          281321 1c008dd6 02d00a13 addi             x20, x0, 45         x20=0000002d
17091236ns          281322 1c008dda 015009b3 add              x19, x0, x21        x19=1c00004b x21:1c00004b
17091255ns          281323 1c008ddc e1dff0ef jal              x1, -484             x1=1c008dde
17092151ns          281368 1c008bf8 00054783 lbu              x15, 0(x10)         x15=0000002d x10:1c0000fc  PA:1c0000fc
17092588ns          281390 1c008bfc 0ff5f593 andi             x11, x11, 255       x11=00000064 x11:00000064
17092648ns          281393 1c008c00 00b78c63 beq              x15, x11, 24        x15:0000002d x11:00000064
17092688ns          281395 1c008c04 00078b63 beq              x15, x0, 22         x15:0000002d
17092708ns          281396 1c008c06 00150793 addi             x15, x10, 1         x15=1c0000fd x10:1c0000fc
17092727ns          281397 1c008c0a 0040006f jal              x0, 4              
17093205ns          281421 1c008c0e 00f00533 add              x10, x0, x15        x10=1c0000fd x15:1c0000fd
17093225ns          281422 1c008c10 0017c70b p.lbu            x14, 1(x15!)        x14=0000002b x15=1c0000fe x15:1c0000fd  PA:1c0000fd
17093662ns          281444 1c008c14 feb71ce3 bne              x14, x11, -8        x14:0000002b x11:00000064
17093762ns          281449 1c008c0c 00070763 beq              x14, x0, 14         x14:0000002b
17093782ns          281450 1c008c0e 00f00533 add              x10, x0, x15        x10=1c0000fe x15:1c0000fe
17093802ns          281451 1c008c10 0017c70b p.lbu            x14, 1(x15!)        x14=00000020 x15=1c0000ff x15:1c0000fe  PA:1c0000fe
17094140ns          281468 1c008c14 feb71ce3 bne              x14, x11, -8        x14:00000020 x11:00000064
17094199ns          281471 1c008c0c 00070763 beq              x14, x0, 14         x14:00000020
17094219ns          281472 1c008c0e 00f00533 add              x10, x0, x15        x10=1c0000ff x15:1c0000ff
17094239ns          281473 1c008c10 0017c70b p.lbu            x14, 1(x15!)        x14=00000023 x15=1c000100 x15:1c0000ff  PA:1c0000ff
17094557ns          281489 1c008c14 feb71ce3 bne              x14, x11, -8        x14:00000023 x11:00000064
17094617ns          281492 1c008c0c 00070763 beq              x14, x0, 14         x14:00000023
17094637ns          281493 1c008c0e 00f00533 add              x10, x0, x15        x10=1c000100 x15:1c000100
17094657ns          281494 1c008c10 0017c70b p.lbu            x14, 1(x15!)        x14=00000030 x15=1c000101 x15:1c000100  PA:1c000100
17094975ns          281510 1c008c14 feb71ce3 bne              x14, x11, -8        x14:00000030 x11:00000064
17095035ns          281513 1c008c0c 00070763 beq              x14, x0, 14         x14:00000030
17095055ns          281514 1c008c0e 00f00533 add              x10, x0, x15        x10=1c000101 x15:1c000101
17095075ns          281515 1c008c10 0017c70b p.lbu            x14, 1(x15!)        x14=00000000 x15=1c000102 x15:1c000101  PA:1c000101
17095413ns          281532 1c008c14 feb71ce3 bne              x14, x11, -8        x14:00000000 x11:00000064
17095472ns          281535 1c008c0c 00070763 beq              x14, x0, 14         x14:00000000
17095552ns          281539 1c008c1a 0015b593 sltiu            x11, x11, 1         x11=00000000 x11:00000064
17095572ns          281540 1c008c1e 40b005b3 sub              x11, x0, x11        x11=00000000 x11:00000000
17095592ns          281541 1c008c22 00b57533 and              x10, x10, x11       x10=00000000 x10:1c000101 x11:00000000
17095612ns          281542 1c008c24 00008067 jalr             x0, x1, 0            x1:1c008dde
17095651ns          281544 1c008dde 02050a63 beq              x10, x0, 52         x10:00000000
17096129ns          281568 1c008e12 02a00613 addi             x12, x0, 42         x12=0000002a
17096149ns          281569 1c008e16 2ac48663 beq              x9, x12, 684         x9:00000064 x12:0000002a
17096169ns          281570 1c008e1a fd048613 addi             x12, x9, -48        x12=00000034  x9:00000064
17096188ns          281571 1c008e1e 00900593 addi             x11, x0, 9          x11=00000009
17096606ns          281592 1c008e20 00000913 addi             x18, x0, 0          x18=00000000
17096646ns          281594 1c008e22 28c5f063 bgeu             x11, x12, 640       x11:00000009 x12:00000034
17096666ns          281595 1c008e26 02e00693 addi             x13, x0, 46         x13=0000002e
17096686ns          281596 1c008e2a fff00a13 addi             x20, x0, -1         x20=ffffffff
17096706ns          281597 1c008e2c 2ed48363 beq              x9, x13, 742         x9:00000064 x13:0000002e
17097123ns          281618 1c008e30 1c0007b7 lui              x15, 0x1c000000     x15=1c000000
17097163ns          281620 1c008e34 009005b3 add              x11, x0, x9         x11=00000064  x9:00000064
17097183ns          281621 1c008e36 10478513 addi             x10, x15, 260       x10=1c000104 x15:1c000000
17097203ns          281622 1c008e3a dbfff0ef jal              x1, -578             x1=1c008e3c
17097680ns          281646 1c008bf8 00054783 lbu              x15, 0(x10)         x15=00000068 x10:1c000104  PA:1c000104
17097979ns          281661 1c008bfc 0ff5f593 andi             x11, x11, 255       x11=00000064 x11:00000064
17097998ns          281662 1c008c00 00b78c63 beq              x15, x11, 24        x15:00000068 x11:00000064
17098018ns          281663 1c008c04 00078b63 beq              x15, x0, 22         x15:00000068
17098038ns          281664 1c008c06 00150793 addi             x15, x10, 1         x15=1c000105 x10:1c000104
17098058ns          281665 1c008c0a 0040006f jal              x0, 4              
17098158ns          281670 1c008c0e 00f00533 add              x10, x0, x15        x10=1c000105 x15:1c000105
17098177ns          281671 1c008c10 0017c70b p.lbu            x14, 1(x15!)        x14=0000006c x15=1c000106 x15:1c000105  PA:1c000105
17098496ns          281687 1c008c14 feb71ce3 bne              x14, x11, -8        x14:0000006c x11:00000064
17098555ns          281690 1c008c0c 00070763 beq              x14, x0, 14         x14:0000006c
17098575ns          281691 1c008c0e 00f00533 add              x10, x0, x15        x10=1c000106 x15:1c000106
17098595ns          281692 1c008c10 0017c70b p.lbu            x14, 1(x15!)        x14=0000004c x15=1c000107 x15:1c000106  PA:1c000106
17098913ns          281708 1c008c14 feb71ce3 bne              x14, x11, -8        x14:0000004c x11:00000064
17098973ns          281711 1c008c0c 00070763 beq              x14, x0, 14         x14:0000004c
17098993ns          281712 1c008c0e 00f00533 add              x10, x0, x15        x10=1c000107 x15:1c000107
17099013ns          281713 1c008c10 0017c70b p.lbu            x14, 1(x15!)        x14=0000007a x15=1c000108 x15:1c000107  PA:1c000107
17099331ns          281729 1c008c14 feb71ce3 bne              x14, x11, -8        x14:0000007a x11:00000064
17099391ns          281732 1c008c0c 00070763 beq              x14, x0, 14         x14:0000007a
17099411ns          281733 1c008c0e 00f00533 add              x10, x0, x15        x10=1c000108 x15:1c000108
17099431ns          281734 1c008c10 0017c70b p.lbu            x14, 1(x15!)        x14=00000000 x15=1c000109 x15:1c000108  PA:1c000108
17099789ns          281752 1c008c14 feb71ce3 bne              x14, x11, -8        x14:00000000 x11:00000064
17099848ns          281755 1c008c0c 00070763 beq              x14, x0, 14         x14:00000000
17099928ns          281759 1c008c1a 0015b593 sltiu            x11, x11, 1         x11=00000000 x11:00000064
17099948ns          281760 1c008c1e 40b005b3 sub              x11, x0, x11        x11=00000000 x11:00000000
17099968ns          281761 1c008c22 00b57533 and              x10, x10, x11       x10=00000000 x10:1c000108 x11:00000000
17099988ns          281762 1c008c24 00008067 jalr             x0, x1, 0            x1:1c008e3c
17100027ns          281764 1c008e3c 01300433 add              x8, x0, x19          x8=1c00004b x19:1c00004b
17100047ns          281765 1c008e3e 00050563 beq              x10, x0, 10         x10:00000000
17100107ns          281768 1c008e48 06700693 addi             x13, x0, 103        x13=00000067
17100127ns          281769 1c008e4c 2896d963 bge              x13, x9, 658        x13:00000067  x9:00000064
17101519ns          281839 1c0090de 06500693 addi             x13, x0, 101        x13=00000065
17101559ns          281841 1c0090e2 12d4d563 bge              x9, x13, 298         x9:00000064 x13:00000065
17101579ns          281842 1c0090e6 04700693 addi             x13, x0, 71         x13=00000047
17101599ns          281843 1c0090ea dc96cbe3 blt              x13, x9, -554       x13:00000047  x9:00000064
17102494ns          281888 1c008ec0 06300693 addi             x13, x0, 99         x13=00000063
17102534ns          281890 1c008ec4 0ad488e3 beq              x9, x13, 2224        x9:00000064 x13:00000063
17102553ns          281891 1c008ec8 0096c9e3 blt              x13, x9, 2066       x13:00000063  x9:00000064
17103568ns          281942 1c0096da 000c2583 lw               x11, 0(x24)         x11=00000001 x24:1000162c  PA:1000162c
17103588ns          281943 1c0096de 004c0c13 addi             x24, x24, 4         x24=10001630 x24:1000162c
17104005ns          281964 1c0096e0 3405cc63 blt              x11, x0, 856        x11:00000001
17104045ns          281966 1c0096e4 01412603 lw               x12, 20(x2)         x12=00000000  x2:100014d8  PA:100014ec
17104065ns          281967 1c0096e6 00b006b3 add              x13, x0, x11        x13=00000001 x11:00000001
17104085ns          281968 1c0096e8 2e061863 bne              x12, x0, 752        x12:00000000
17104105ns          281969 1c0096ec 01812703 lw               x14, 24(x2)         x14=00000000  x2:100014d8  PA:100014f0
17104125ns          281970 1c0096ee 019007b3 add              x15, x0, x25        x15=100014fc x25:100014fc
17104523ns          281990 1c0096f0 00070763 beq              x14, x0, 14         x14:00000000
17104582ns          281993 1c0096fe 00f00733 add              x14, x0, x15        x14=100014fc x15:100014fc
17105040ns          282016 1c009700 00a00513 addi             x10, x0, 10         x10=0000000a
17105080ns          282018 1c009702 02a6f633 remu             x12, x13, x10       x12=00000001 x13:00000001 x10:0000000a
17105696ns          282049 1c009706 02a6d6b3 divu             x13, x13, x10       x13=00000000 x13:00000001 x10:0000000a
17106313ns          282080 1c00970a 03060613 addi             x12, x12, 48        x12=00000031 x12:00000001
17106333ns          282081 1c00970e 00c700ab p.sb             x12, 1(x14!)        x14=100014fd x12:00000031 x14:100014fc  PA:100014fc
17106353ns          282082 1c009712 fe0698e3 bne              x13, x0, -16        x13:00000000
17106372ns          282083 1c009714 40f706b3 sub              x13, x14, x15       x13=00000001 x14:100014fd x15:100014fc
17106392ns          282084 1c009718 0146dc63 bge              x13, x20, 24        x13:00000001 x20:ffffffff
17107287ns          282129 1c009730 00e006b3 add              x13, x0, x14        x13=100014fd x14:100014fd
17107327ns          282131 1c009732 fe068fab p.sb             x0, -1(x13!)        x13=100014fc x13:100014fd  PA:100014fd
17107347ns          282132 1c009736 00d7fc63 bgeu             x15, x13, 24        x15:100014fc x13:100014fc
17107844ns          282157 1c00974e 01412783 lw               x15, 20(x2)         x15=00000000  x2:100014d8  PA:100014ec
17108282ns          282179 1c009750 01812603 lw               x12, 24(x2)         x12=00000000  x2:100014d8  PA:100014f0
17108322ns          282181 1c009752 419704b3 sub              x9, x14, x25         x9=00000001 x14:100014fd x25:100014fc
17108342ns          282182 1c009756 00c7e7b3 or               x15, x15, x12       x15=00000000 x15:00000000 x12:00000000
17108362ns          282183 1c009758 00f12623 sw               x15, 12(x2)         x15:00000000  x2:100014d8  PA:100014e4
17108381ns          282184 1c00975a 00079363 bne              x15, x0, 6          x15:00000000
17108401ns          282185 1c00975c 01f5d593 srli             x11, x11, 0x1f      x11=00000000 x11:00000001
17108421ns          282186 1c00975e 00b12623 sw               x11, 12(x2)         x11:00000000  x2:100014d8  PA:100014e4
17108799ns          282205 1c009760 e3fa28e3 p.beqimm         x20, -464           x20:ffffffff
17109277ns          282229 1c009590 0c800793 addi             x15, x0, 200        x15=000000c8
17109316ns          282231 1c009594 9e97d0e3 bge              x15, x9, -1568      x15:000000c8  x9:00000001
17109794ns          282255 1c008f74 0f24d163 bge              x9, x18, 226         x9:00000001 x18:00000000
17110331ns          282282 1c009056 d00482e3 beq              x9, x0, -764         x9:00000001
17110351ns          282283 1c00905a 01900933 add              x18, x0, x25        x18=100014fc x25:100014fc
17110371ns          282284 1c00905c 419d8db3 sub              x27, x27, x25       x27=efffeb0d x27:00000009 x25:100014fc
17110788ns          282305 1c009060 00a0006f jal              x0, 10             
17110848ns          282308 1c00906a 0019450b p.lbu            x10, 1(x18!)        x10=00000031 x18=100014fd x18:100014fc  PA:100014fc
17110868ns          282309 1c00906e 01a005b3 add              x11, x0, x26        x11=00000002 x26:00000002
17111285ns          282330 1c009070 000b00e7 jalr             x1, x22, 0           x1=1c009072 x22:1c008c78
17111365ns          282334 1c008c78 000026b7 lui              x13, 0x2000         x13=00002000
17111405ns          282336 1c008c7a f14027f3 csrrs            x15, x0, 0xf14      x15=00000002
17111425ns          282337 1c008c7e f8068693 addi             x13, x13, -128      x13=00001f80 x13:00002000
17111445ns          282338 1c008c82 00379713 slli             x14, x15, 0x3       x14=00000010 x15:00000002
17111465ns          282339 1c008c86 00279793 slli             x15, x15, 0x2       x15=00000008 x15:00000002
17111484ns          282340 1c008c88 00d7f7b3 and              x15, x15, x13       x15=00000000 x15:00000008 x13:00001f80
17111504ns          282341 1c008c8a ee873733 p.bclr           x14, x14, 23, 8     x14=00000010 x14:00000010
17111544ns          282343 1c008c8e 1a10f6b7 lui              x13, 0x1a10f000     x13=1a10f000
17111584ns          282345 1c008c92 0ff57513 andi             x10, x10, 255       x10=00000031 x10:00000031
17111604ns          282346 1c008c96 00d70733 add              x14, x14, x13       x14=1a10f010 x14:00000010 x13:1a10f000
17111624ns          282347 1c008c98 00a7e723 p.sw             x10, x0(x15)        x10:00000031 x15:00000000  PA:1a10f010
17112061ns          282369 1c008c9c 00000513 addi             x10, x0, 0          x10=00000000
17112081ns          282370 1c008c9e 00008067 jalr             x0, x1, 0            x1:1c009072
17112121ns          282372 1c009072 fff48493 addi             x9, x9, -1           x9=00000000  x9:00000001
17112141ns          282373 1c009074 fff537e3 p.bneimm         x10, -18            x10:00000000
17112220ns          282377 1c009062 012d8733 add              x14, x27, x18       x14=0000000a x27:efffeb0d x18:100014fd
17112240ns          282378 1c009066 5a048b63 beq              x9, x0, 1462         x9:00000000
17112638ns          282398 1c00961c 00e00db3 add              x27, x0, x14        x27=0000000a x14:0000000a
17113096ns          282421 1c00961e f3cff06f jal              x0, -2244          
17113215ns          282427 1c008d5a 00044503 lbu              x10, 0(x8)          x10=00000020  x8:1c00004b  PA:1c00004b
17113513ns          282442 1c008d5e 00140413 addi             x8, x8, 1            x8=1c00004c  x8:1c00004b
17113533ns          282443 1c008d60 00050e63 beq              x10, x0, 28         x10:00000020
17113553ns          282444 1c008d62 02500793 addi             x15, x0, 37         x15=00000025
17113573ns          282445 1c008d66 04f50863 beq              x10, x15, 80        x10:00000020 x15:00000025
17113593ns          282446 1c008d6a 01a005b3 add              x11, x0, x26        x11=00000002 x26:00000002
17113613ns          282447 1c008d6c 000b00e7 jalr             x1, x22, 0           x1=1c008d6e x22:1c008c78
17113692ns          282451 1c008c78 000026b7 lui              x13, 0x2000         x13=00002000
17113712ns          282452 1c008c7a f14027f3 csrrs            x15, x0, 0xf14      x15=00000002
17113732ns          282453 1c008c7e f8068693 addi             x13, x13, -128      x13=00001f80 x13:00002000
17113752ns          282454 1c008c82 00379713 slli             x14, x15, 0x3       x14=00000010 x15:00000002
17113772ns          282455 1c008c86 00279793 slli             x15, x15, 0x2       x15=00000008 x15:00000002
17113792ns          282456 1c008c88 00d7f7b3 and              x15, x15, x13       x15=00000000 x15:00000008 x13:00001f80
17113812ns          282457 1c008c8a ee873733 p.bclr           x14, x14, 23, 8     x14=00000010 x14:00000010
17113832ns          282458 1c008c8e 1a10f6b7 lui              x13, 0x1a10f000     x13=1a10f000
17113851ns          282459 1c008c92 0ff57513 andi             x10, x10, 255       x10=00000020 x10:00000020
17113871ns          282460 1c008c96 00d70733 add              x14, x14, x13       x14=1a10f010 x14:00000010 x13:1a10f000
17113891ns          282461 1c008c98 00a7e723 p.sw             x10, x0(x15)        x10:00000020 x15:00000000  PA:1a10f010
17114309ns          282482 1c008c9c 00000513 addi             x10, x0, 0          x10=00000000
17114329ns          282483 1c008c9e 00008067 jalr             x0, x1, 0            x1:1c008d6e
17114388ns          282486 1c008d6e 31f52563 p.beqimm         x10, 778            x10:00000000
17114408ns          282487 1c008d72 001d8d93 addi             x27, x27, 1         x27=0000000b x27:0000000a
17114428ns          282488 1c008d74 00044503 lbu              x10, 0(x8)          x10=0000006b  x8:1c00004c  PA:1c00004c
17114727ns          282503 1c008d78 00140413 addi             x8, x8, 1            x8=1c00004d  x8:1c00004c
17114746ns          282504 1c008d7a fe0514e3 bne              x10, x0, -24        x10:0000006b
17114826ns          282508 1c008d62 02500793 addi             x15, x0, 37         x15=00000025
17114846ns          282509 1c008d66 04f50863 beq              x10, x15, 80        x10:0000006b x15:00000025
17114866ns          282510 1c008d6a 01a005b3 add              x11, x0, x26        x11=00000002 x26:00000002
17114886ns          282511 1c008d6c 000b00e7 jalr             x1, x22, 0           x1=1c008d6e x22:1c008c78
17114925ns          282513 1c008c78 000026b7 lui              x13, 0x2000         x13=00002000
17114945ns          282514 1c008c7a f14027f3 csrrs            x15, x0, 0xf14      x15=00000002
17114965ns          282515 1c008c7e f8068693 addi             x13, x13, -128      x13=00001f80 x13:00002000
17114985ns          282516 1c008c82 00379713 slli             x14, x15, 0x3       x14=00000010 x15:00000002
17115005ns          282517 1c008c86 00279793 slli             x15, x15, 0x2       x15=00000008 x15:00000002
17115025ns          282518 1c008c88 00d7f7b3 and              x15, x15, x13       x15=00000000 x15:00000008 x13:00001f80
17115045ns          282519 1c008c8a ee873733 p.bclr           x14, x14, 23, 8     x14=00000010 x14:00000010
17115065ns          282520 1c008c8e 1a10f6b7 lui              x13, 0x1a10f000     x13=1a10f000
17115085ns          282521 1c008c92 0ff57513 andi             x10, x10, 255       x10=0000006b x10:0000006b
17115105ns          282522 1c008c96 00d70733 add              x14, x14, x13       x14=1a10f010 x14:00000010 x13:1a10f000
17115124ns          282523 1c008c98 00a7e723 p.sw             x10, x0(x15)        x10:0000006b x15:00000000  PA:1a10f010
17115463ns          282540 1c008c9c 00000513 addi             x10, x0, 0          x10=00000000
17115482ns          282541 1c008c9e 00008067 jalr             x0, x1, 0            x1:1c008d6e
17115542ns          282544 1c008d6e 31f52563 p.beqimm         x10, 778            x10:00000000
17115562ns          282545 1c008d72 001d8d93 addi             x27, x27, 1         x27=0000000c x27:0000000b
17115582ns          282546 1c008d74 00044503 lbu              x10, 0(x8)          x10=00000065  x8:1c00004d  PA:1c00004d
17115880ns          282561 1c008d78 00140413 addi             x8, x8, 1            x8=1c00004e  x8:1c00004d
17115900ns          282562 1c008d7a fe0514e3 bne              x10, x0, -24        x10:00000065
17115980ns          282566 1c008d62 02500793 addi             x15, x0, 37         x15=00000025
17116000ns          282567 1c008d66 04f50863 beq              x10, x15, 80        x10:00000065 x15:00000025
17116019ns          282568 1c008d6a 01a005b3 add              x11, x0, x26        x11=00000002 x26:00000002
17116039ns          282569 1c008d6c 000b00e7 jalr             x1, x22, 0           x1=1c008d6e x22:1c008c78
17116079ns          282571 1c008c78 000026b7 lui              x13, 0x2000         x13=00002000
17116099ns          282572 1c008c7a f14027f3 csrrs            x15, x0, 0xf14      x15=00000002
17116119ns          282573 1c008c7e f8068693 addi             x13, x13, -128      x13=00001f80 x13:00002000
17116139ns          282574 1c008c82 00379713 slli             x14, x15, 0x3       x14=00000010 x15:00000002
17116159ns          282575 1c008c86 00279793 slli             x15, x15, 0x2       x15=00000008 x15:00000002
17116179ns          282576 1c008c88 00d7f7b3 and              x15, x15, x13       x15=00000000 x15:00000008 x13:00001f80
17116199ns          282577 1c008c8a ee873733 p.bclr           x14, x14, 23, 8     x14=00000010 x14:00000010
17116218ns          282578 1c008c8e 1a10f6b7 lui              x13, 0x1a10f000     x13=1a10f000
17116238ns          282579 1c008c92 0ff57513 andi             x10, x10, 255       x10=00000065 x10:00000065
17116258ns          282580 1c008c96 00d70733 add              x14, x14, x13       x14=1a10f010 x14:00000010 x13:1a10f000
17116278ns          282581 1c008c98 00a7e723 p.sw             x10, x0(x15)        x10:00000065 x15:00000000  PA:1a10f010
17116596ns          282597 1c008c9c 00000513 addi             x10, x0, 0          x10=00000000
17116616ns          282598 1c008c9e 00008067 jalr             x0, x1, 0            x1:1c008d6e
17116676ns          282601 1c008d6e 31f52563 p.beqimm         x10, 778            x10:00000000
17116696ns          282602 1c008d72 001d8d93 addi             x27, x27, 1         x27=0000000d x27:0000000c
17116716ns          282603 1c008d74 00044503 lbu              x10, 0(x8)          x10=00000072  x8:1c00004e  PA:1c00004e
17117014ns          282618 1c008d78 00140413 addi             x8, x8, 1            x8=1c00004f  x8:1c00004e
17117034ns          282619 1c008d7a fe0514e3 bne              x10, x0, -24        x10:00000072
17117113ns          282623 1c008d62 02500793 addi             x15, x0, 37         x15=00000025
17117133ns          282624 1c008d66 04f50863 beq              x10, x15, 80        x10:00000072 x15:00000025
17117153ns          282625 1c008d6a 01a005b3 add              x11, x0, x26        x11=00000002 x26:00000002
17117173ns          282626 1c008d6c 000b00e7 jalr             x1, x22, 0           x1=1c008d6e x22:1c008c78
17117213ns          282628 1c008c78 000026b7 lui              x13, 0x2000         x13=00002000
17117233ns          282629 1c008c7a f14027f3 csrrs            x15, x0, 0xf14      x15=00000002
17117253ns          282630 1c008c7e f8068693 addi             x13, x13, -128      x13=00001f80 x13:00002000
17117273ns          282631 1c008c82 00379713 slli             x14, x15, 0x3       x14=00000010 x15:00000002
17117292ns          282632 1c008c86 00279793 slli             x15, x15, 0x2       x15=00000008 x15:00000002
17117312ns          282633 1c008c88 00d7f7b3 and              x15, x15, x13       x15=00000000 x15:00000008 x13:00001f80
17117332ns          282634 1c008c8a ee873733 p.bclr           x14, x14, 23, 8     x14=00000010 x14:00000010
17117352ns          282635 1c008c8e 1a10f6b7 lui              x13, 0x1a10f000     x13=1a10f000
17117372ns          282636 1c008c92 0ff57513 andi             x10, x10, 255       x10=00000072 x10:00000072
17117392ns          282637 1c008c96 00d70733 add              x14, x14, x13       x14=1a10f010 x14:00000010 x13:1a10f000
17117412ns          282638 1c008c98 00a7e723 p.sw             x10, x0(x15)        x10:00000072 x15:00000000  PA:1a10f010
17117730ns          282654 1c008c9c 00000513 addi             x10, x0, 0          x10=00000000
17117750ns          282655 1c008c9e 00008067 jalr             x0, x1, 0            x1:1c008d6e
17117810ns          282658 1c008d6e 31f52563 p.beqimm         x10, 778            x10:00000000
17117830ns          282659 1c008d72 001d8d93 addi             x27, x27, 1         x27=0000000e x27:0000000d
17117849ns          282660 1c008d74 00044503 lbu              x10, 0(x8)          x10=0000006e  x8:1c00004f  PA:1c00004f
17118148ns          282675 1c008d78 00140413 addi             x8, x8, 1            x8=1c000050  x8:1c00004f
17118168ns          282676 1c008d7a fe0514e3 bne              x10, x0, -24        x10:0000006e
17118247ns          282680 1c008d62 02500793 addi             x15, x0, 37         x15=00000025
17118267ns          282681 1c008d66 04f50863 beq              x10, x15, 80        x10:0000006e x15:00000025
17118287ns          282682 1c008d6a 01a005b3 add              x11, x0, x26        x11=00000002 x26:00000002
17118307ns          282683 1c008d6c 000b00e7 jalr             x1, x22, 0           x1=1c008d6e x22:1c008c78
17118347ns          282685 1c008c78 000026b7 lui              x13, 0x2000         x13=00002000
17118367ns          282686 1c008c7a f14027f3 csrrs            x15, x0, 0xf14      x15=00000002
17118386ns          282687 1c008c7e f8068693 addi             x13, x13, -128      x13=00001f80 x13:00002000
17118406ns          282688 1c008c82 00379713 slli             x14, x15, 0x3       x14=00000010 x15:00000002
17118426ns          282689 1c008c86 00279793 slli             x15, x15, 0x2       x15=00000008 x15:00000002
17118446ns          282690 1c008c88 00d7f7b3 and              x15, x15, x13       x15=00000000 x15:00000008 x13:00001f80
17118466ns          282691 1c008c8a ee873733 p.bclr           x14, x14, 23, 8     x14=00000010 x14:00000010
17118486ns          282692 1c008c8e 1a10f6b7 lui              x13, 0x1a10f000     x13=1a10f000
17118506ns          282693 1c008c92 0ff57513 andi             x10, x10, 255       x10=0000006e x10:0000006e
17118526ns          282694 1c008c96 00d70733 add              x14, x14, x13       x14=1a10f010 x14:00000010 x13:1a10f000
17118546ns          282695 1c008c98 00a7e723 p.sw             x10, x0(x15)        x10:0000006e x15:00000000  PA:1a10f010
17118884ns          282712 1c008c9c 00000513 addi             x10, x0, 0          x10=00000000
17118904ns          282713 1c008c9e 00008067 jalr             x0, x1, 0            x1:1c008d6e
17118963ns          282716 1c008d6e 31f52563 p.beqimm         x10, 778            x10:00000000
17118983ns          282717 1c008d72 001d8d93 addi             x27, x27, 1         x27=0000000f x27:0000000e
17119003ns          282718 1c008d74 00044503 lbu              x10, 0(x8)          x10=00000065  x8:1c000050  PA:1c000050
17119301ns          282733 1c008d78 00140413 addi             x8, x8, 1            x8=1c000051  x8:1c000050
17119321ns          282734 1c008d7a fe0514e3 bne              x10, x0, -24        x10:00000065
17119401ns          282738 1c008d62 02500793 addi             x15, x0, 37         x15=00000025
17119421ns          282739 1c008d66 04f50863 beq              x10, x15, 80        x10:00000065 x15:00000025
17119441ns          282740 1c008d6a 01a005b3 add              x11, x0, x26        x11=00000002 x26:00000002
17119461ns          282741 1c008d6c 000b00e7 jalr             x1, x22, 0           x1=1c008d6e x22:1c008c78
17119500ns          282743 1c008c78 000026b7 lui              x13, 0x2000         x13=00002000
17119520ns          282744 1c008c7a f14027f3 csrrs            x15, x0, 0xf14      x15=00000002
17119540ns          282745 1c008c7e f8068693 addi             x13, x13, -128      x13=00001f80 x13:00002000
17119560ns          282746 1c008c82 00379713 slli             x14, x15, 0x3       x14=00000010 x15:00000002
17119580ns          282747 1c008c86 00279793 slli             x15, x15, 0x2       x15=00000008 x15:00000002
17119600ns          282748 1c008c88 00d7f7b3 and              x15, x15, x13       x15=00000000 x15:00000008 x13:00001f80
17119620ns          282749 1c008c8a ee873733 p.bclr           x14, x14, 23, 8     x14=00000010 x14:00000010
17119640ns          282750 1c008c8e 1a10f6b7 lui              x13, 0x1a10f000     x13=1a10f000
17119659ns          282751 1c008c92 0ff57513 andi             x10, x10, 255       x10=00000065 x10:00000065
17119679ns          282752 1c008c96 00d70733 add              x14, x14, x13       x14=1a10f010 x14:00000010 x13:1a10f000
17119699ns          282753 1c008c98 00a7e723 p.sw             x10, x0(x15)        x10:00000065 x15:00000000  PA:1a10f010
17120018ns          282769 1c008c9c 00000513 addi             x10, x0, 0          x10=00000000
17120037ns          282770 1c008c9e 00008067 jalr             x0, x1, 0            x1:1c008d6e
17120097ns          282773 1c008d6e 31f52563 p.beqimm         x10, 778            x10:00000000
17120117ns          282774 1c008d72 001d8d93 addi             x27, x27, 1         x27=00000010 x27:0000000f
17120137ns          282775 1c008d74 00044503 lbu              x10, 0(x8)          x10=0000006c  x8:1c000051  PA:1c000051
17120435ns          282790 1c008d78 00140413 addi             x8, x8, 1            x8=1c000052  x8:1c000051
17120455ns          282791 1c008d7a fe0514e3 bne              x10, x0, -24        x10:0000006c
17120535ns          282795 1c008d62 02500793 addi             x15, x0, 37         x15=00000025
17120555ns          282796 1c008d66 04f50863 beq              x10, x15, 80        x10:0000006c x15:00000025
17120574ns          282797 1c008d6a 01a005b3 add              x11, x0, x26        x11=00000002 x26:00000002
17120594ns          282798 1c008d6c 000b00e7 jalr             x1, x22, 0           x1=1c008d6e x22:1c008c78
17120634ns          282800 1c008c78 000026b7 lui              x13, 0x2000         x13=00002000
17120654ns          282801 1c008c7a f14027f3 csrrs            x15, x0, 0xf14      x15=00000002
17120674ns          282802 1c008c7e f8068693 addi             x13, x13, -128      x13=00001f80 x13:00002000
17120694ns          282803 1c008c82 00379713 slli             x14, x15, 0x3       x14=00000010 x15:00000002
17120714ns          282804 1c008c86 00279793 slli             x15, x15, 0x2       x15=00000008 x15:00000002
17120734ns          282805 1c008c88 00d7f7b3 and              x15, x15, x13       x15=00000000 x15:00000008 x13:00001f80
17120753ns          282806 1c008c8a ee873733 p.bclr           x14, x14, 23, 8     x14=00000010 x14:00000010
17120773ns          282807 1c008c8e 1a10f6b7 lui              x13, 0x1a10f000     x13=1a10f000
17120793ns          282808 1c008c92 0ff57513 andi             x10, x10, 255       x10=0000006c x10:0000006c
17120813ns          282809 1c008c96 00d70733 add              x14, x14, x13       x14=1a10f010 x14:00000010 x13:1a10f000
17120833ns          282810 1c008c98 00a7e723 p.sw             x10, x0(x15)        x10:0000006c x15:00000000  PA:1a10f010
17121151ns          282826 1c008c9c 00000513 addi             x10, x0, 0          x10=00000000
17121171ns          282827 1c008c9e 00008067 jalr             x0, x1, 0            x1:1c008d6e
17121231ns          282830 1c008d6e 31f52563 p.beqimm         x10, 778            x10:00000000
17121251ns          282831 1c008d72 001d8d93 addi             x27, x27, 1         x27=00000011 x27:00000010
17121271ns          282832 1c008d74 00044503 lbu              x10, 0(x8)          x10=00000020  x8:1c000052  PA:1c000052
17121569ns          282847 1c008d78 00140413 addi             x8, x8, 1            x8=1c000053  x8:1c000052
17121589ns          282848 1c008d7a fe0514e3 bne              x10, x0, -24        x10:00000020
17121668ns          282852 1c008d62 02500793 addi             x15, x0, 37         x15=00000025
17121688ns          282853 1c008d66 04f50863 beq              x10, x15, 80        x10:00000020 x15:00000025
17121708ns          282854 1c008d6a 01a005b3 add              x11, x0, x26        x11=00000002 x26:00000002
17121728ns          282855 1c008d6c 000b00e7 jalr             x1, x22, 0           x1=1c008d6e x22:1c008c78
17121768ns          282857 1c008c78 000026b7 lui              x13, 0x2000         x13=00002000
17121788ns          282858 1c008c7a f14027f3 csrrs            x15, x0, 0xf14      x15=00000002
17121808ns          282859 1c008c7e f8068693 addi             x13, x13, -128      x13=00001f80 x13:00002000
17121828ns          282860 1c008c82 00379713 slli             x14, x15, 0x3       x14=00000010 x15:00000002
17121847ns          282861 1c008c86 00279793 slli             x15, x15, 0x2       x15=00000008 x15:00000002
17121867ns          282862 1c008c88 00d7f7b3 and              x15, x15, x13       x15=00000000 x15:00000008 x13:00001f80
17121887ns          282863 1c008c8a ee873733 p.bclr           x14, x14, 23, 8     x14=00000010 x14:00000010
17121907ns          282864 1c008c8e 1a10f6b7 lui              x13, 0x1a10f000     x13=1a10f000
17121927ns          282865 1c008c92 0ff57513 andi             x10, x10, 255       x10=00000020 x10:00000020
17121947ns          282866 1c008c96 00d70733 add              x14, x14, x13       x14=1a10f010 x14:00000010 x13:1a10f000
17121967ns          282867 1c008c98 00a7e723 p.sw             x10, x0(x15)        x10:00000020 x15:00000000  PA:1a10f010
17122305ns          282884 1c008c9c 00000513 addi             x10, x0, 0          x10=00000000
17122325ns          282885 1c008c9e 00008067 jalr             x0, x1, 0            x1:1c008d6e
17122385ns          282888 1c008d6e 31f52563 p.beqimm         x10, 778            x10:00000000
17122404ns          282889 1c008d72 001d8d93 addi             x27, x27, 1         x27=00000012 x27:00000011
17122424ns          282890 1c008d74 00044503 lbu              x10, 0(x8)          x10=00000069  x8:1c000053  PA:1c000053
17122723ns          282905 1c008d78 00140413 addi             x8, x8, 1            x8=1c000054  x8:1c000053
17122743ns          282906 1c008d7a fe0514e3 bne              x10, x0, -24        x10:00000069
17122822ns          282910 1c008d62 02500793 addi             x15, x0, 37         x15=00000025
17122842ns          282911 1c008d66 04f50863 beq              x10, x15, 80        x10:00000069 x15:00000025
17122862ns          282912 1c008d6a 01a005b3 add              x11, x0, x26        x11=00000002 x26:00000002
17122882ns          282913 1c008d6c 000b00e7 jalr             x1, x22, 0           x1=1c008d6e x22:1c008c78
17122922ns          282915 1c008c78 000026b7 lui              x13, 0x2000         x13=00002000
17122941ns          282916 1c008c7a f14027f3 csrrs            x15, x0, 0xf14      x15=00000002
17122961ns          282917 1c008c7e f8068693 addi             x13, x13, -128      x13=00001f80 x13:00002000
17122981ns          282918 1c008c82 00379713 slli             x14, x15, 0x3       x14=00000010 x15:00000002
17123001ns          282919 1c008c86 00279793 slli             x15, x15, 0x2       x15=00000008 x15:00000002
17123021ns          282920 1c008c88 00d7f7b3 and              x15, x15, x13       x15=00000000 x15:00000008 x13:00001f80
17123041ns          282921 1c008c8a ee873733 p.bclr           x14, x14, 23, 8     x14=00000010 x14:00000010
17123061ns          282922 1c008c8e 1a10f6b7 lui              x13, 0x1a10f000     x13=1a10f000
17123081ns          282923 1c008c92 0ff57513 andi             x10, x10, 255       x10=00000069 x10:00000069
17123101ns          282924 1c008c96 00d70733 add              x14, x14, x13       x14=1a10f010 x14:00000010 x13:1a10f000
17123120ns          282925 1c008c98 00a7e723 p.sw             x10, x0(x15)        x10:00000069 x15:00000000  PA:1a10f010
17123459ns          282942 1c008c9c 00000513 addi             x10, x0, 0          x10=00000000
17123479ns          282943 1c008c9e 00008067 jalr             x0, x1, 0            x1:1c008d6e
17123538ns          282946 1c008d6e 31f52563 p.beqimm         x10, 778            x10:00000000
17123558ns          282947 1c008d72 001d8d93 addi             x27, x27, 1         x27=00000013 x27:00000012
17123578ns          282948 1c008d74 00044503 lbu              x10, 0(x8)          x10=00000074  x8:1c000054  PA:1c000054
17123876ns          282963 1c008d78 00140413 addi             x8, x8, 1            x8=1c000055  x8:1c000054
17123896ns          282964 1c008d7a fe0514e3 bne              x10, x0, -24        x10:00000074
17123976ns          282968 1c008d62 02500793 addi             x15, x0, 37         x15=00000025
17123996ns          282969 1c008d66 04f50863 beq              x10, x15, 80        x10:00000074 x15:00000025
17124016ns          282970 1c008d6a 01a005b3 add              x11, x0, x26        x11=00000002 x26:00000002
17124035ns          282971 1c008d6c 000b00e7 jalr             x1, x22, 0           x1=1c008d6e x22:1c008c78
17124075ns          282973 1c008c78 000026b7 lui              x13, 0x2000         x13=00002000
17124095ns          282974 1c008c7a f14027f3 csrrs            x15, x0, 0xf14      x15=00000002
17124115ns          282975 1c008c7e f8068693 addi             x13, x13, -128      x13=00001f80 x13:00002000
17124135ns          282976 1c008c82 00379713 slli             x14, x15, 0x3       x14=00000010 x15:00000002
17124155ns          282977 1c008c86 00279793 slli             x15, x15, 0x2       x15=00000008 x15:00000002
17124175ns          282978 1c008c88 00d7f7b3 and              x15, x15, x13       x15=00000000 x15:00000008 x13:00001f80
17124195ns          282979 1c008c8a ee873733 p.bclr           x14, x14, 23, 8     x14=00000010 x14:00000010
17124214ns          282980 1c008c8e 1a10f6b7 lui              x13, 0x1a10f000     x13=1a10f000
17124234ns          282981 1c008c92 0ff57513 andi             x10, x10, 255       x10=00000074 x10:00000074
17124254ns          282982 1c008c96 00d70733 add              x14, x14, x13       x14=1a10f010 x14:00000010 x13:1a10f000
17124274ns          282983 1c008c98 00a7e723 p.sw             x10, x0(x15)        x10:00000074 x15:00000000  PA:1a10f010
17124592ns          282999 1c008c9c 00000513 addi             x10, x0, 0          x10=00000000
17124612ns          283000 1c008c9e 00008067 jalr             x0, x1, 0            x1:1c008d6e
17124672ns          283003 1c008d6e 31f52563 p.beqimm         x10, 778            x10:00000000
17124692ns          283004 1c008d72 001d8d93 addi             x27, x27, 1         x27=00000014 x27:00000013
17124712ns          283005 1c008d74 00044503 lbu              x10, 0(x8)          x10=00000065  x8:1c000055  PA:1c000055
17125010ns          283020 1c008d78 00140413 addi             x8, x8, 1            x8=1c000056  x8:1c000055
17125030ns          283021 1c008d7a fe0514e3 bne              x10, x0, -24        x10:00000065
17125110ns          283025 1c008d62 02500793 addi             x15, x0, 37         x15=00000025
17125129ns          283026 1c008d66 04f50863 beq              x10, x15, 80        x10:00000065 x15:00000025
17125149ns          283027 1c008d6a 01a005b3 add              x11, x0, x26        x11=00000002 x26:00000002
17125169ns          283028 1c008d6c 000b00e7 jalr             x1, x22, 0           x1=1c008d6e x22:1c008c78
17125209ns          283030 1c008c78 000026b7 lui              x13, 0x2000         x13=00002000
17125229ns          283031 1c008c7a f14027f3 csrrs            x15, x0, 0xf14      x15=00000002
17125249ns          283032 1c008c7e f8068693 addi             x13, x13, -128      x13=00001f80 x13:00002000
17125269ns          283033 1c008c82 00379713 slli             x14, x15, 0x3       x14=00000010 x15:00000002
17125289ns          283034 1c008c86 00279793 slli             x15, x15, 0x2       x15=00000008 x15:00000002
17125308ns          283035 1c008c88 00d7f7b3 and              x15, x15, x13       x15=00000000 x15:00000008 x13:00001f80
17125328ns          283036 1c008c8a ee873733 p.bclr           x14, x14, 23, 8     x14=00000010 x14:00000010
17125348ns          283037 1c008c8e 1a10f6b7 lui              x13, 0x1a10f000     x13=1a10f000
17125368ns          283038 1c008c92 0ff57513 andi             x10, x10, 255       x10=00000065 x10:00000065
17125388ns          283039 1c008c96 00d70733 add              x14, x14, x13       x14=1a10f010 x14:00000010 x13:1a10f000
17125408ns          283040 1c008c98 00a7e723 p.sw             x10, x0(x15)        x10:00000065 x15:00000000  PA:1a10f010
17125726ns          283056 1c008c9c 00000513 addi             x10, x0, 0          x10=00000000
17125746ns          283057 1c008c9e 00008067 jalr             x0, x1, 0            x1:1c008d6e
17125806ns          283060 1c008d6e 31f52563 p.beqimm         x10, 778            x10:00000000
17125826ns          283061 1c008d72 001d8d93 addi             x27, x27, 1         x27=00000015 x27:00000014
17125846ns          283062 1c008d74 00044503 lbu              x10, 0(x8)          x10=00000072  x8:1c000056  PA:1c000056
17126144ns          283077 1c008d78 00140413 addi             x8, x8, 1            x8=1c000057  x8:1c000056
17126164ns          283078 1c008d7a fe0514e3 bne              x10, x0, -24        x10:00000072
17126243ns          283082 1c008d62 02500793 addi             x15, x0, 37         x15=00000025
17126263ns          283083 1c008d66 04f50863 beq              x10, x15, 80        x10:00000072 x15:00000025
17126283ns          283084 1c008d6a 01a005b3 add              x11, x0, x26        x11=00000002 x26:00000002
17126303ns          283085 1c008d6c 000b00e7 jalr             x1, x22, 0           x1=1c008d6e x22:1c008c78
17126343ns          283087 1c008c78 000026b7 lui              x13, 0x2000         x13=00002000
17126363ns          283088 1c008c7a f14027f3 csrrs            x15, x0, 0xf14      x15=00000002
17126383ns          283089 1c008c7e f8068693 addi             x13, x13, -128      x13=00001f80 x13:00002000
17126402ns          283090 1c008c82 00379713 slli             x14, x15, 0x3       x14=00000010 x15:00000002
17126422ns          283091 1c008c86 00279793 slli             x15, x15, 0x2       x15=00000008 x15:00000002
17126442ns          283092 1c008c88 00d7f7b3 and              x15, x15, x13       x15=00000000 x15:00000008 x13:00001f80
17126462ns          283093 1c008c8a ee873733 p.bclr           x14, x14, 23, 8     x14=00000010 x14:00000010
17126482ns          283094 1c008c8e 1a10f6b7 lui              x13, 0x1a10f000     x13=1a10f000
17126502ns          283095 1c008c92 0ff57513 andi             x10, x10, 255       x10=00000072 x10:00000072
17126522ns          283096 1c008c96 00d70733 add              x14, x14, x13       x14=1a10f010 x14:00000010 x13:1a10f000
17126542ns          283097 1c008c98 00a7e723 p.sw             x10, x0(x15)        x10:00000072 x15:00000000  PA:1a10f010
17126880ns          283114 1c008c9c 00000513 addi             x10, x0, 0          x10=00000000
17126900ns          283115 1c008c9e 00008067 jalr             x0, x1, 0            x1:1c008d6e
17126959ns          283118 1c008d6e 31f52563 p.beqimm         x10, 778            x10:00000000
17126979ns          283119 1c008d72 001d8d93 addi             x27, x27, 1         x27=00000016 x27:00000015
17126999ns          283120 1c008d74 00044503 lbu              x10, 0(x8)          x10=00000061  x8:1c000057  PA:1c000057
17127298ns          283135 1c008d78 00140413 addi             x8, x8, 1            x8=1c000058  x8:1c000057
17127317ns          283136 1c008d7a fe0514e3 bne              x10, x0, -24        x10:00000061
17127397ns          283140 1c008d62 02500793 addi             x15, x0, 37         x15=00000025
17127417ns          283141 1c008d66 04f50863 beq              x10, x15, 80        x10:00000061 x15:00000025
17127437ns          283142 1c008d6a 01a005b3 add              x11, x0, x26        x11=00000002 x26:00000002
17127457ns          283143 1c008d6c 000b00e7 jalr             x1, x22, 0           x1=1c008d6e x22:1c008c78
17127496ns          283145 1c008c78 000026b7 lui              x13, 0x2000         x13=00002000
17127516ns          283146 1c008c7a f14027f3 csrrs            x15, x0, 0xf14      x15=00000002
17127536ns          283147 1c008c7e f8068693 addi             x13, x13, -128      x13=00001f80 x13:00002000
17127556ns          283148 1c008c82 00379713 slli             x14, x15, 0x3       x14=00000010 x15:00000002
17127576ns          283149 1c008c86 00279793 slli             x15, x15, 0x2       x15=00000008 x15:00000002
17127596ns          283150 1c008c88 00d7f7b3 and              x15, x15, x13       x15=00000000 x15:00000008 x13:00001f80
17127616ns          283151 1c008c8a ee873733 p.bclr           x14, x14, 23, 8     x14=00000010 x14:00000010
17127636ns          283152 1c008c8e 1a10f6b7 lui              x13, 0x1a10f000     x13=1a10f000
17127656ns          283153 1c008c92 0ff57513 andi             x10, x10, 255       x10=00000061 x10:00000061
17127675ns          283154 1c008c96 00d70733 add              x14, x14, x13       x14=1a10f010 x14:00000010 x13:1a10f000
17127695ns          283155 1c008c98 00a7e723 p.sw             x10, x0(x15)        x10:00000061 x15:00000000  PA:1a10f010
17128014ns          283171 1c008c9c 00000513 addi             x10, x0, 0          x10=00000000
17128033ns          283172 1c008c9e 00008067 jalr             x0, x1, 0            x1:1c008d6e
17128093ns          283175 1c008d6e 31f52563 p.beqimm         x10, 778            x10:00000000
17128113ns          283176 1c008d72 001d8d93 addi             x27, x27, 1         x27=00000017 x27:00000016
17128133ns          283177 1c008d74 00044503 lbu              x10, 0(x8)          x10=00000074  x8:1c000058  PA:1c000058
17128431ns          283192 1c008d78 00140413 addi             x8, x8, 1            x8=1c000059  x8:1c000058
17128451ns          283193 1c008d7a fe0514e3 bne              x10, x0, -24        x10:00000074
17128531ns          283197 1c008d62 02500793 addi             x15, x0, 37         x15=00000025
17128551ns          283198 1c008d66 04f50863 beq              x10, x15, 80        x10:00000074 x15:00000025
17128571ns          283199 1c008d6a 01a005b3 add              x11, x0, x26        x11=00000002 x26:00000002
17128590ns          283200 1c008d6c 000b00e7 jalr             x1, x22, 0           x1=1c008d6e x22:1c008c78
17128630ns          283202 1c008c78 000026b7 lui              x13, 0x2000         x13=00002000
17128650ns          283203 1c008c7a f14027f3 csrrs            x15, x0, 0xf14      x15=00000002
17128670ns          283204 1c008c7e f8068693 addi             x13, x13, -128      x13=00001f80 x13:00002000
17128690ns          283205 1c008c82 00379713 slli             x14, x15, 0x3       x14=00000010 x15:00000002
17128710ns          283206 1c008c86 00279793 slli             x15, x15, 0x2       x15=00000008 x15:00000002
17128730ns          283207 1c008c88 00d7f7b3 and              x15, x15, x13       x15=00000000 x15:00000008 x13:00001f80
17128750ns          283208 1c008c8a ee873733 p.bclr           x14, x14, 23, 8     x14=00000010 x14:00000010
17128769ns          283209 1c008c8e 1a10f6b7 lui              x13, 0x1a10f000     x13=1a10f000
17128789ns          283210 1c008c92 0ff57513 andi             x10, x10, 255       x10=00000074 x10:00000074
17128809ns          283211 1c008c96 00d70733 add              x14, x14, x13       x14=1a10f010 x14:00000010 x13:1a10f000
17128829ns          283212 1c008c98 00a7e723 p.sw             x10, x0(x15)        x10:00000074 x15:00000000  PA:1a10f010
17129147ns          283228 1c008c9c 00000513 addi             x10, x0, 0          x10=00000000
17129167ns          283229 1c008c9e 00008067 jalr             x0, x1, 0            x1:1c008d6e
17129227ns          283232 1c008d6e 31f52563 p.beqimm         x10, 778            x10:00000000
17129247ns          283233 1c008d72 001d8d93 addi             x27, x27, 1         x27=00000018 x27:00000017
17129267ns          283234 1c008d74 00044503 lbu              x10, 0(x8)          x10=00000069  x8:1c000059  PA:1c000059
17129565ns          283249 1c008d78 00140413 addi             x8, x8, 1            x8=1c00005a  x8:1c000059
17129585ns          283250 1c008d7a fe0514e3 bne              x10, x0, -24        x10:00000069
17129665ns          283254 1c008d62 02500793 addi             x15, x0, 37         x15=00000025
17129684ns          283255 1c008d66 04f50863 beq              x10, x15, 80        x10:00000069 x15:00000025
17129704ns          283256 1c008d6a 01a005b3 add              x11, x0, x26        x11=00000002 x26:00000002
17129724ns          283257 1c008d6c 000b00e7 jalr             x1, x22, 0           x1=1c008d6e x22:1c008c78
17129764ns          283259 1c008c78 000026b7 lui              x13, 0x2000         x13=00002000
17129784ns          283260 1c008c7a f14027f3 csrrs            x15, x0, 0xf14      x15=00000002
17129804ns          283261 1c008c7e f8068693 addi             x13, x13, -128      x13=00001f80 x13:00002000
17129824ns          283262 1c008c82 00379713 slli             x14, x15, 0x3       x14=00000010 x15:00000002
17129844ns          283263 1c008c86 00279793 slli             x15, x15, 0x2       x15=00000008 x15:00000002
17129863ns          283264 1c008c88 00d7f7b3 and              x15, x15, x13       x15=00000000 x15:00000008 x13:00001f80
17129883ns          283265 1c008c8a ee873733 p.bclr           x14, x14, 23, 8     x14=00000010 x14:00000010
17129903ns          283266 1c008c8e 1a10f6b7 lui              x13, 0x1a10f000     x13=1a10f000
17129923ns          283267 1c008c92 0ff57513 andi             x10, x10, 255       x10=00000069 x10:00000069
17129943ns          283268 1c008c96 00d70733 add              x14, x14, x13       x14=1a10f010 x14:00000010 x13:1a10f000
17129963ns          283269 1c008c98 00a7e723 p.sw             x10, x0(x15)        x10:00000069 x15:00000000  PA:1a10f010
17130301ns          283286 1c008c9c 00000513 addi             x10, x0, 0          x10=00000000
17130321ns          283287 1c008c9e 00008067 jalr             x0, x1, 0            x1:1c008d6e
17130381ns          283290 1c008d6e 31f52563 p.beqimm         x10, 778            x10:00000000
17130400ns          283291 1c008d72 001d8d93 addi             x27, x27, 1         x27=00000019 x27:00000018
17130420ns          283292 1c008d74 00044503 lbu              x10, 0(x8)          x10=0000006f  x8:1c00005a  PA:1c00005a
17130719ns          283307 1c008d78 00140413 addi             x8, x8, 1            x8=1c00005b  x8:1c00005a
17130739ns          283308 1c008d7a fe0514e3 bne              x10, x0, -24        x10:0000006f
17130818ns          283312 1c008d62 02500793 addi             x15, x0, 37         x15=00000025
17130838ns          283313 1c008d66 04f50863 beq              x10, x15, 80        x10:0000006f x15:00000025
17130858ns          283314 1c008d6a 01a005b3 add              x11, x0, x26        x11=00000002 x26:00000002
17130878ns          283315 1c008d6c 000b00e7 jalr             x1, x22, 0           x1=1c008d6e x22:1c008c78
17130918ns          283317 1c008c78 000026b7 lui              x13, 0x2000         x13=00002000
17130938ns          283318 1c008c7a f14027f3 csrrs            x15, x0, 0xf14      x15=00000002
17130957ns          283319 1c008c7e f8068693 addi             x13, x13, -128      x13=00001f80 x13:00002000
17130977ns          283320 1c008c82 00379713 slli             x14, x15, 0x3       x14=00000010 x15:00000002
17130997ns          283321 1c008c86 00279793 slli             x15, x15, 0x2       x15=00000008 x15:00000002
17131017ns          283322 1c008c88 00d7f7b3 and              x15, x15, x13       x15=00000000 x15:00000008 x13:00001f80
17131037ns          283323 1c008c8a ee873733 p.bclr           x14, x14, 23, 8     x14=00000010 x14:00000010
17131057ns          283324 1c008c8e 1a10f6b7 lui              x13, 0x1a10f000     x13=1a10f000
17131077ns          283325 1c008c92 0ff57513 andi             x10, x10, 255       x10=0000006f x10:0000006f
17131097ns          283326 1c008c96 00d70733 add              x14, x14, x13       x14=1a10f010 x14:00000010 x13:1a10f000
17131117ns          283327 1c008c98 00a7e723 p.sw             x10, x0(x15)        x10:0000006f x15:00000000  PA:1a10f010
17131455ns          283344 1c008c9c 00000513 addi             x10, x0, 0          x10=00000000
17131475ns          283345 1c008c9e 00008067 jalr             x0, x1, 0            x1:1c008d6e
17131534ns          283348 1c008d6e 31f52563 p.beqimm         x10, 778            x10:00000000
17131554ns          283349 1c008d72 001d8d93 addi             x27, x27, 1         x27=0000001a x27:00000019
17131574ns          283350 1c008d74 00044503 lbu              x10, 0(x8)          x10=0000006e  x8:1c00005b  PA:1c00005b
17131872ns          283365 1c008d78 00140413 addi             x8, x8, 1            x8=1c00005c  x8:1c00005b
17131892ns          283366 1c008d7a fe0514e3 bne              x10, x0, -24        x10:0000006e
17131972ns          283370 1c008d62 02500793 addi             x15, x0, 37         x15=00000025
17131992ns          283371 1c008d66 04f50863 beq              x10, x15, 80        x10:0000006e x15:00000025
17132012ns          283372 1c008d6a 01a005b3 add              x11, x0, x26        x11=00000002 x26:00000002
17132032ns          283373 1c008d6c 000b00e7 jalr             x1, x22, 0           x1=1c008d6e x22:1c008c78
17132071ns          283375 1c008c78 000026b7 lui              x13, 0x2000         x13=00002000
17132091ns          283376 1c008c7a f14027f3 csrrs            x15, x0, 0xf14      x15=00000002
17132111ns          283377 1c008c7e f8068693 addi             x13, x13, -128      x13=00001f80 x13:00002000
17132131ns          283378 1c008c82 00379713 slli             x14, x15, 0x3       x14=00000010 x15:00000002
17132151ns          283379 1c008c86 00279793 slli             x15, x15, 0x2       x15=00000008 x15:00000002
17132171ns          283380 1c008c88 00d7f7b3 and              x15, x15, x13       x15=00000000 x15:00000008 x13:00001f80
17132191ns          283381 1c008c8a ee873733 p.bclr           x14, x14, 23, 8     x14=00000010 x14:00000010
17132211ns          283382 1c008c8e 1a10f6b7 lui              x13, 0x1a10f000     x13=1a10f000
17132230ns          283383 1c008c92 0ff57513 andi             x10, x10, 255       x10=0000006e x10:0000006e
17132250ns          283384 1c008c96 00d70733 add              x14, x14, x13       x14=1a10f010 x14:00000010 x13:1a10f000
17132270ns          283385 1c008c98 00a7e723 p.sw             x10, x0(x15)        x10:0000006e x15:00000000  PA:1a10f010
17132588ns          283401 1c008c9c 00000513 addi             x10, x0, 0          x10=00000000
17132608ns          283402 1c008c9e 00008067 jalr             x0, x1, 0            x1:1c008d6e
17132668ns          283405 1c008d6e 31f52563 p.beqimm         x10, 778            x10:00000000
17132688ns          283406 1c008d72 001d8d93 addi             x27, x27, 1         x27=0000001b x27:0000001a
17132708ns          283407 1c008d74 00044503 lbu              x10, 0(x8)          x10=00000073  x8:1c00005c  PA:1c00005c
17133006ns          283422 1c008d78 00140413 addi             x8, x8, 1            x8=1c00005d  x8:1c00005c
17133026ns          283423 1c008d7a fe0514e3 bne              x10, x0, -24        x10:00000073
17133106ns          283427 1c008d62 02500793 addi             x15, x0, 37         x15=00000025
17133126ns          283428 1c008d66 04f50863 beq              x10, x15, 80        x10:00000073 x15:00000025
17133145ns          283429 1c008d6a 01a005b3 add              x11, x0, x26        x11=00000002 x26:00000002
17133165ns          283430 1c008d6c 000b00e7 jalr             x1, x22, 0           x1=1c008d6e x22:1c008c78
17133205ns          283432 1c008c78 000026b7 lui              x13, 0x2000         x13=00002000
17133225ns          283433 1c008c7a f14027f3 csrrs            x15, x0, 0xf14      x15=00000002
17133245ns          283434 1c008c7e f8068693 addi             x13, x13, -128      x13=00001f80 x13:00002000
17133265ns          283435 1c008c82 00379713 slli             x14, x15, 0x3       x14=00000010 x15:00000002
17133285ns          283436 1c008c86 00279793 slli             x15, x15, 0x2       x15=00000008 x15:00000002
17133305ns          283437 1c008c88 00d7f7b3 and              x15, x15, x13       x15=00000000 x15:00000008 x13:00001f80
17133324ns          283438 1c008c8a ee873733 p.bclr           x14, x14, 23, 8     x14=00000010 x14:00000010
17133344ns          283439 1c008c8e 1a10f6b7 lui              x13, 0x1a10f000     x13=1a10f000
17133364ns          283440 1c008c92 0ff57513 andi             x10, x10, 255       x10=00000073 x10:00000073
17133384ns          283441 1c008c96 00d70733 add              x14, x14, x13       x14=1a10f010 x14:00000010 x13:1a10f000
17133404ns          283442 1c008c98 00a7e723 p.sw             x10, x0(x15)        x10:00000073 x15:00000000  PA:1a10f010
17133722ns          283458 1c008c9c 00000513 addi             x10, x0, 0          x10=00000000
17133742ns          283459 1c008c9e 00008067 jalr             x0, x1, 0            x1:1c008d6e
17133802ns          283462 1c008d6e 31f52563 p.beqimm         x10, 778            x10:00000000
17133822ns          283463 1c008d72 001d8d93 addi             x27, x27, 1         x27=0000001c x27:0000001b
17133842ns          283464 1c008d74 00044503 lbu              x10, 0(x8)          x10=0000002e  x8:1c00005d  PA:1c00005d
17134140ns          283479 1c008d78 00140413 addi             x8, x8, 1            x8=1c00005e  x8:1c00005d
17134160ns          283480 1c008d7a fe0514e3 bne              x10, x0, -24        x10:0000002e
17134239ns          283484 1c008d62 02500793 addi             x15, x0, 37         x15=00000025
17134259ns          283485 1c008d66 04f50863 beq              x10, x15, 80        x10:0000002e x15:00000025
17134279ns          283486 1c008d6a 01a005b3 add              x11, x0, x26        x11=00000002 x26:00000002
17134299ns          283487 1c008d6c 000b00e7 jalr             x1, x22, 0           x1=1c008d6e x22:1c008c78
17134339ns          283489 1c008c78 000026b7 lui              x13, 0x2000         x13=00002000
17134359ns          283490 1c008c7a f14027f3 csrrs            x15, x0, 0xf14      x15=00000002
17134379ns          283491 1c008c7e f8068693 addi             x13, x13, -128      x13=00001f80 x13:00002000
17134399ns          283492 1c008c82 00379713 slli             x14, x15, 0x3       x14=00000010 x15:00000002
17134418ns          283493 1c008c86 00279793 slli             x15, x15, 0x2       x15=00000008 x15:00000002
17134438ns          283494 1c008c88 00d7f7b3 and              x15, x15, x13       x15=00000000 x15:00000008 x13:00001f80
17134458ns          283495 1c008c8a ee873733 p.bclr           x14, x14, 23, 8     x14=00000010 x14:00000010
17134478ns          283496 1c008c8e 1a10f6b7 lui              x13, 0x1a10f000     x13=1a10f000
17134498ns          283497 1c008c92 0ff57513 andi             x10, x10, 255       x10=0000002e x10:0000002e
17134518ns          283498 1c008c96 00d70733 add              x14, x14, x13       x14=1a10f010 x14:00000010 x13:1a10f000
17134538ns          283499 1c008c98 00a7e723 p.sw             x10, x0(x15)        x10:0000002e x15:00000000  PA:1a10f010
17134876ns          283516 1c008c9c 00000513 addi             x10, x0, 0          x10=00000000
17134896ns          283517 1c008c9e 00008067 jalr             x0, x1, 0            x1:1c008d6e
17134955ns          283520 1c008d6e 31f52563 p.beqimm         x10, 778            x10:00000000
17134975ns          283521 1c008d72 001d8d93 addi             x27, x27, 1         x27=0000001d x27:0000001c
17134995ns          283522 1c008d74 00044503 lbu              x10, 0(x8)          x10=0000002e  x8:1c00005e  PA:1c00005e
17135294ns          283537 1c008d78 00140413 addi             x8, x8, 1            x8=1c00005f  x8:1c00005e
17135314ns          283538 1c008d7a fe0514e3 bne              x10, x0, -24        x10:0000002e
17135393ns          283542 1c008d62 02500793 addi             x15, x0, 37         x15=00000025
17135413ns          283543 1c008d66 04f50863 beq              x10, x15, 80        x10:0000002e x15:00000025
17135433ns          283544 1c008d6a 01a005b3 add              x11, x0, x26        x11=00000002 x26:00000002
17135453ns          283545 1c008d6c 000b00e7 jalr             x1, x22, 0           x1=1c008d6e x22:1c008c78
17135493ns          283547 1c008c78 000026b7 lui              x13, 0x2000         x13=00002000
17135512ns          283548 1c008c7a f14027f3 csrrs            x15, x0, 0xf14      x15=00000002
17135532ns          283549 1c008c7e f8068693 addi             x13, x13, -128      x13=00001f80 x13:00002000
17135552ns          283550 1c008c82 00379713 slli             x14, x15, 0x3       x14=00000010 x15:00000002
17135572ns          283551 1c008c86 00279793 slli             x15, x15, 0x2       x15=00000008 x15:00000002
17135592ns          283552 1c008c88 00d7f7b3 and              x15, x15, x13       x15=00000000 x15:00000008 x13:00001f80
17135612ns          283553 1c008c8a ee873733 p.bclr           x14, x14, 23, 8     x14=00000010 x14:00000010
17135632ns          283554 1c008c8e 1a10f6b7 lui              x13, 0x1a10f000     x13=1a10f000
17135652ns          283555 1c008c92 0ff57513 andi             x10, x10, 255       x10=0000002e x10:0000002e
17135672ns          283556 1c008c96 00d70733 add              x14, x14, x13       x14=1a10f010 x14:00000010 x13:1a10f000
17135691ns          283557 1c008c98 00a7e723 p.sw             x10, x0(x15)        x10:0000002e x15:00000000  PA:1a10f010
17136010ns          283573 1c008c9c 00000513 addi             x10, x0, 0          x10=00000000
17136030ns          283574 1c008c9e 00008067 jalr             x0, x1, 0            x1:1c008d6e
17136089ns          283577 1c008d6e 31f52563 p.beqimm         x10, 778            x10:00000000
17136109ns          283578 1c008d72 001d8d93 addi             x27, x27, 1         x27=0000001e x27:0000001d
17136129ns          283579 1c008d74 00044503 lbu              x10, 0(x8)          x10=0000002e  x8:1c00005f  PA:1c00005f
17136427ns          283594 1c008d78 00140413 addi             x8, x8, 1            x8=1c000060  x8:1c00005f
17136447ns          283595 1c008d7a fe0514e3 bne              x10, x0, -24        x10:0000002e
17136527ns          283599 1c008d62 02500793 addi             x15, x0, 37         x15=00000025
17136547ns          283600 1c008d66 04f50863 beq              x10, x15, 80        x10:0000002e x15:00000025
17136567ns          283601 1c008d6a 01a005b3 add              x11, x0, x26        x11=00000002 x26:00000002
17136587ns          283602 1c008d6c 000b00e7 jalr             x1, x22, 0           x1=1c008d6e x22:1c008c78
17136626ns          283604 1c008c78 000026b7 lui              x13, 0x2000         x13=00002000
17136646ns          283605 1c008c7a f14027f3 csrrs            x15, x0, 0xf14      x15=00000002
17136666ns          283606 1c008c7e f8068693 addi             x13, x13, -128      x13=00001f80 x13:00002000
17136686ns          283607 1c008c82 00379713 slli             x14, x15, 0x3       x14=00000010 x15:00000002
17136706ns          283608 1c008c86 00279793 slli             x15, x15, 0x2       x15=00000008 x15:00000002
17136726ns          283609 1c008c88 00d7f7b3 and              x15, x15, x13       x15=00000000 x15:00000008 x13:00001f80
17136746ns          283610 1c008c8a ee873733 p.bclr           x14, x14, 23, 8     x14=00000010 x14:00000010
17136766ns          283611 1c008c8e 1a10f6b7 lui              x13, 0x1a10f000     x13=1a10f000
17136785ns          283612 1c008c92 0ff57513 andi             x10, x10, 255       x10=0000002e x10:0000002e
17136805ns          283613 1c008c96 00d70733 add              x14, x14, x13       x14=1a10f010 x14:00000010 x13:1a10f000
17136825ns          283614 1c008c98 00a7e723 p.sw             x10, x0(x15)        x10:0000002e x15:00000000  PA:1a10f010
17137143ns          283630 1c008c9c 00000513 addi             x10, x0, 0          x10=00000000
17137163ns          283631 1c008c9e 00008067 jalr             x0, x1, 0            x1:1c008d6e
17137223ns          283634 1c008d6e 31f52563 p.beqimm         x10, 778            x10:00000000
17137243ns          283635 1c008d72 001d8d93 addi             x27, x27, 1         x27=0000001f x27:0000001e
17137263ns          283636 1c008d74 00044503 lbu              x10, 0(x8)          x10=00000020  x8:1c000060  PA:1c000060
17137561ns          283651 1c008d78 00140413 addi             x8, x8, 1            x8=1c000061  x8:1c000060
17137581ns          283652 1c008d7a fe0514e3 bne              x10, x0, -24        x10:00000020
17137661ns          283656 1c008d62 02500793 addi             x15, x0, 37         x15=00000025
17137681ns          283657 1c008d66 04f50863 beq              x10, x15, 80        x10:00000020 x15:00000025
17137700ns          283658 1c008d6a 01a005b3 add              x11, x0, x26        x11=00000002 x26:00000002
17137720ns          283659 1c008d6c 000b00e7 jalr             x1, x22, 0           x1=1c008d6e x22:1c008c78
17137760ns          283661 1c008c78 000026b7 lui              x13, 0x2000         x13=00002000
17137780ns          283662 1c008c7a f14027f3 csrrs            x15, x0, 0xf14      x15=00000002
17137800ns          283663 1c008c7e f8068693 addi             x13, x13, -128      x13=00001f80 x13:00002000
17137820ns          283664 1c008c82 00379713 slli             x14, x15, 0x3       x14=00000010 x15:00000002
17137840ns          283665 1c008c86 00279793 slli             x15, x15, 0x2       x15=00000008 x15:00000002
17137860ns          283666 1c008c88 00d7f7b3 and              x15, x15, x13       x15=00000000 x15:00000008 x13:00001f80
17137879ns          283667 1c008c8a ee873733 p.bclr           x14, x14, 23, 8     x14=00000010 x14:00000010
17137899ns          283668 1c008c8e 1a10f6b7 lui              x13, 0x1a10f000     x13=1a10f000
17137919ns          283669 1c008c92 0ff57513 andi             x10, x10, 255       x10=00000020 x10:00000020
17137939ns          283670 1c008c96 00d70733 add              x14, x14, x13       x14=1a10f010 x14:00000010 x13:1a10f000
17137959ns          283671 1c008c98 00a7e723 p.sw             x10, x0(x15)        x10:00000020 x15:00000000  PA:1a10f010
17138297ns          283688 1c008c9c 00000513 addi             x10, x0, 0          x10=00000000
17138317ns          283689 1c008c9e 00008067 jalr             x0, x1, 0            x1:1c008d6e
17138377ns          283692 1c008d6e 31f52563 p.beqimm         x10, 778            x10:00000000
17138397ns          283693 1c008d72 001d8d93 addi             x27, x27, 1         x27=00000020 x27:0000001f
17138416ns          283694 1c008d74 00044503 lbu              x10, 0(x8)          x10=00000028  x8:1c000061  PA:1c000061
17138715ns          283709 1c008d78 00140413 addi             x8, x8, 1            x8=1c000062  x8:1c000061
17138735ns          283710 1c008d7a fe0514e3 bne              x10, x0, -24        x10:00000028
17138814ns          283714 1c008d62 02500793 addi             x15, x0, 37         x15=00000025
17138834ns          283715 1c008d66 04f50863 beq              x10, x15, 80        x10:00000028 x15:00000025
17138854ns          283716 1c008d6a 01a005b3 add              x11, x0, x26        x11=00000002 x26:00000002
17138874ns          283717 1c008d6c 000b00e7 jalr             x1, x22, 0           x1=1c008d6e x22:1c008c78
17138914ns          283719 1c008c78 000026b7 lui              x13, 0x2000         x13=00002000
17138934ns          283720 1c008c7a f14027f3 csrrs            x15, x0, 0xf14      x15=00000002
17138954ns          283721 1c008c7e f8068693 addi             x13, x13, -128      x13=00001f80 x13:00002000
17138973ns          283722 1c008c82 00379713 slli             x14, x15, 0x3       x14=00000010 x15:00000002
17138993ns          283723 1c008c86 00279793 slli             x15, x15, 0x2       x15=00000008 x15:00000002
17139013ns          283724 1c008c88 00d7f7b3 and              x15, x15, x13       x15=00000000 x15:00000008 x13:00001f80
17139033ns          283725 1c008c8a ee873733 p.bclr           x14, x14, 23, 8     x14=00000010 x14:00000010
17139053ns          283726 1c008c8e 1a10f6b7 lui              x13, 0x1a10f000     x13=1a10f000
17139073ns          283727 1c008c92 0ff57513 andi             x10, x10, 255       x10=00000028 x10:00000028
17139093ns          283728 1c008c96 00d70733 add              x14, x14, x13       x14=1a10f010 x14:00000010 x13:1a10f000
17139113ns          283729 1c008c98 00a7e723 p.sw             x10, x0(x15)        x10:00000028 x15:00000000  PA:1a10f010
17139451ns          283746 1c008c9c 00000513 addi             x10, x0, 0          x10=00000000
17139471ns          283747 1c008c9e 00008067 jalr             x0, x1, 0            x1:1c008d6e
17139530ns          283750 1c008d6e 31f52563 p.beqimm         x10, 778            x10:00000000
17139550ns          283751 1c008d72 001d8d93 addi             x27, x27, 1         x27=00000021 x27:00000020
17139570ns          283752 1c008d74 00044503 lbu              x10, 0(x8)          x10=00000063  x8:1c000062  PA:1c000062
17139868ns          283767 1c008d78 00140413 addi             x8, x8, 1            x8=1c000063  x8:1c000062
17139888ns          283768 1c008d7a fe0514e3 bne              x10, x0, -24        x10:00000063
17139968ns          283772 1c008d62 02500793 addi             x15, x0, 37         x15=00000025
17139988ns          283773 1c008d66 04f50863 beq              x10, x15, 80        x10:00000063 x15:00000025
17140008ns          283774 1c008d6a 01a005b3 add              x11, x0, x26        x11=00000002 x26:00000002
17140028ns          283775 1c008d6c 000b00e7 jalr             x1, x22, 0           x1=1c008d6e x22:1c008c78
17140067ns          283777 1c008c78 000026b7 lui              x13, 0x2000         x13=00002000
17140087ns          283778 1c008c7a f14027f3 csrrs            x15, x0, 0xf14      x15=00000002
17140107ns          283779 1c008c7e f8068693 addi             x13, x13, -128      x13=00001f80 x13:00002000
17140127ns          283780 1c008c82 00379713 slli             x14, x15, 0x3       x14=00000010 x15:00000002
17140147ns          283781 1c008c86 00279793 slli             x15, x15, 0x2       x15=00000008 x15:00000002
17140167ns          283782 1c008c88 00d7f7b3 and              x15, x15, x13       x15=00000000 x15:00000008 x13:00001f80
17140187ns          283783 1c008c8a ee873733 p.bclr           x14, x14, 23, 8     x14=00000010 x14:00000010
17140207ns          283784 1c008c8e 1a10f6b7 lui              x13, 0x1a10f000     x13=1a10f000
17140227ns          283785 1c008c92 0ff57513 andi             x10, x10, 255       x10=00000063 x10:00000063
17140246ns          283786 1c008c96 00d70733 add              x14, x14, x13       x14=1a10f010 x14:00000010 x13:1a10f000
17140266ns          283787 1c008c98 00a7e723 p.sw             x10, x0(x15)        x10:00000063 x15:00000000  PA:1a10f010
17140585ns          283803 1c008c9c 00000513 addi             x10, x0, 0          x10=00000000
17140604ns          283804 1c008c9e 00008067 jalr             x0, x1, 0            x1:1c008d6e
17140664ns          283807 1c008d6e 31f52563 p.beqimm         x10, 778            x10:00000000
17140684ns          283808 1c008d72 001d8d93 addi             x27, x27, 1         x27=00000022 x27:00000021
17140704ns          283809 1c008d74 00044503 lbu              x10, 0(x8)          x10=0000006f  x8:1c000063  PA:1c000063
17141002ns          283824 1c008d78 00140413 addi             x8, x8, 1            x8=1c000064  x8:1c000063
17141022ns          283825 1c008d7a fe0514e3 bne              x10, x0, -24        x10:0000006f
17141102ns          283829 1c008d62 02500793 addi             x15, x0, 37         x15=00000025
17141122ns          283830 1c008d66 04f50863 beq              x10, x15, 80        x10:0000006f x15:00000025
17141142ns          283831 1c008d6a 01a005b3 add              x11, x0, x26        x11=00000002 x26:00000002
17141161ns          283832 1c008d6c 000b00e7 jalr             x1, x22, 0           x1=1c008d6e x22:1c008c78
17141201ns          283834 1c008c78 000026b7 lui              x13, 0x2000         x13=00002000
17141221ns          283835 1c008c7a f14027f3 csrrs            x15, x0, 0xf14      x15=00000002
17141241ns          283836 1c008c7e f8068693 addi             x13, x13, -128      x13=00001f80 x13:00002000
17141261ns          283837 1c008c82 00379713 slli             x14, x15, 0x3       x14=00000010 x15:00000002
17141281ns          283838 1c008c86 00279793 slli             x15, x15, 0x2       x15=00000008 x15:00000002
17141301ns          283839 1c008c88 00d7f7b3 and              x15, x15, x13       x15=00000000 x15:00000008 x13:00001f80
17141321ns          283840 1c008c8a ee873733 p.bclr           x14, x14, 23, 8     x14=00000010 x14:00000010
17141340ns          283841 1c008c8e 1a10f6b7 lui              x13, 0x1a10f000     x13=1a10f000
17141360ns          283842 1c008c92 0ff57513 andi             x10, x10, 255       x10=0000006f x10:0000006f
17141380ns          283843 1c008c96 00d70733 add              x14, x14, x13       x14=1a10f010 x14:00000010 x13:1a10f000
17141400ns          283844 1c008c98 00a7e723 p.sw             x10, x0(x15)        x10:0000006f x15:00000000  PA:1a10f010
17141718ns          283860 1c008c9c 00000513 addi             x10, x0, 0          x10=00000000
17141738ns          283861 1c008c9e 00008067 jalr             x0, x1, 0            x1:1c008d6e
17141798ns          283864 1c008d6e 31f52563 p.beqimm         x10, 778            x10:00000000
17141818ns          283865 1c008d72 001d8d93 addi             x27, x27, 1         x27=00000023 x27:00000022
17141838ns          283866 1c008d74 00044503 lbu              x10, 0(x8)          x10=00000072  x8:1c000064  PA:1c000064
17142136ns          283881 1c008d78 00140413 addi             x8, x8, 1            x8=1c000065  x8:1c000064
17142156ns          283882 1c008d7a fe0514e3 bne              x10, x0, -24        x10:00000072
17142235ns          283886 1c008d62 02500793 addi             x15, x0, 37         x15=00000025
17142255ns          283887 1c008d66 04f50863 beq              x10, x15, 80        x10:00000072 x15:00000025
17142275ns          283888 1c008d6a 01a005b3 add              x11, x0, x26        x11=00000002 x26:00000002
17142295ns          283889 1c008d6c 000b00e7 jalr             x1, x22, 0           x1=1c008d6e x22:1c008c78
17142335ns          283891 1c008c78 000026b7 lui              x13, 0x2000         x13=00002000
17142355ns          283892 1c008c7a f14027f3 csrrs            x15, x0, 0xf14      x15=00000002
17142375ns          283893 1c008c7e f8068693 addi             x13, x13, -128      x13=00001f80 x13:00002000
17142395ns          283894 1c008c82 00379713 slli             x14, x15, 0x3       x14=00000010 x15:00000002
17142415ns          283895 1c008c86 00279793 slli             x15, x15, 0x2       x15=00000008 x15:00000002
17142434ns          283896 1c008c88 00d7f7b3 and              x15, x15, x13       x15=00000000 x15:00000008 x13:00001f80
17142454ns          283897 1c008c8a ee873733 p.bclr           x14, x14, 23, 8     x14=00000010 x14:00000010
17142474ns          283898 1c008c8e 1a10f6b7 lui              x13, 0x1a10f000     x13=1a10f000
17142494ns          283899 1c008c92 0ff57513 andi             x10, x10, 255       x10=00000072 x10:00000072
17142514ns          283900 1c008c96 00d70733 add              x14, x14, x13       x14=1a10f010 x14:00000010 x13:1a10f000
17142534ns          283901 1c008c98 00a7e723 p.sw             x10, x0(x15)        x10:00000072 x15:00000000  PA:1a10f010
17142872ns          283918 1c008c9c 00000513 addi             x10, x0, 0          x10=00000000
17142892ns          283919 1c008c9e 00008067 jalr             x0, x1, 0            x1:1c008d6e
17142952ns          283922 1c008d6e 31f52563 p.beqimm         x10, 778            x10:00000000
17142971ns          283923 1c008d72 001d8d93 addi             x27, x27, 1         x27=00000024 x27:00000023
17142991ns          283924 1c008d74 00044503 lbu              x10, 0(x8)          x10=00000065  x8:1c000065  PA:1c000065
17143290ns          283939 1c008d78 00140413 addi             x8, x8, 1            x8=1c000066  x8:1c000065
17143310ns          283940 1c008d7a fe0514e3 bne              x10, x0, -24        x10:00000065
17143389ns          283944 1c008d62 02500793 addi             x15, x0, 37         x15=00000025
17143409ns          283945 1c008d66 04f50863 beq              x10, x15, 80        x10:00000065 x15:00000025
17143429ns          283946 1c008d6a 01a005b3 add              x11, x0, x26        x11=00000002 x26:00000002
17143449ns          283947 1c008d6c 000b00e7 jalr             x1, x22, 0           x1=1c008d6e x22:1c008c78
17143489ns          283949 1c008c78 000026b7 lui              x13, 0x2000         x13=00002000
17143509ns          283950 1c008c7a f14027f3 csrrs            x15, x0, 0xf14      x15=00000002
17143528ns          283951 1c008c7e f8068693 addi             x13, x13, -128      x13=00001f80 x13:00002000
17143548ns          283952 1c008c82 00379713 slli             x14, x15, 0x3       x14=00000010 x15:00000002
17143568ns          283953 1c008c86 00279793 slli             x15, x15, 0x2       x15=00000008 x15:00000002
17143588ns          283954 1c008c88 00d7f7b3 and              x15, x15, x13       x15=00000000 x15:00000008 x13:00001f80
17143608ns          283955 1c008c8a ee873733 p.bclr           x14, x14, 23, 8     x14=00000010 x14:00000010
17143628ns          283956 1c008c8e 1a10f6b7 lui              x13, 0x1a10f000     x13=1a10f000
17143648ns          283957 1c008c92 0ff57513 andi             x10, x10, 255       x10=00000065 x10:00000065
17143668ns          283958 1c008c96 00d70733 add              x14, x14, x13       x14=1a10f010 x14:00000010 x13:1a10f000
17143688ns          283959 1c008c98 00a7e723 p.sw             x10, x0(x15)        x10:00000065 x15:00000000  PA:1a10f010
17144006ns          283975 1c008c9c 00000513 addi             x10, x0, 0          x10=00000000
17144026ns          283976 1c008c9e 00008067 jalr             x0, x1, 0            x1:1c008d6e
17144085ns          283979 1c008d6e 31f52563 p.beqimm         x10, 778            x10:00000000
17144105ns          283980 1c008d72 001d8d93 addi             x27, x27, 1         x27=00000025 x27:00000024
17144125ns          283981 1c008d74 00044503 lbu              x10, 0(x8)          x10=00000069  x8:1c000066  PA:1c000066
17144423ns          283996 1c008d78 00140413 addi             x8, x8, 1            x8=1c000067  x8:1c000066
17144443ns          283997 1c008d7a fe0514e3 bne              x10, x0, -24        x10:00000069
17144523ns          284001 1c008d62 02500793 addi             x15, x0, 37         x15=00000025
17144543ns          284002 1c008d66 04f50863 beq              x10, x15, 80        x10:00000069 x15:00000025
17144563ns          284003 1c008d6a 01a005b3 add              x11, x0, x26        x11=00000002 x26:00000002
17144583ns          284004 1c008d6c 000b00e7 jalr             x1, x22, 0           x1=1c008d6e x22:1c008c78
17144622ns          284006 1c008c78 000026b7 lui              x13, 0x2000         x13=00002000
17144642ns          284007 1c008c7a f14027f3 csrrs            x15, x0, 0xf14      x15=00000002
17144662ns          284008 1c008c7e f8068693 addi             x13, x13, -128      x13=00001f80 x13:00002000
17144682ns          284009 1c008c82 00379713 slli             x14, x15, 0x3       x14=00000010 x15:00000002
17144702ns          284010 1c008c86 00279793 slli             x15, x15, 0x2       x15=00000008 x15:00000002
17144722ns          284011 1c008c88 00d7f7b3 and              x15, x15, x13       x15=00000000 x15:00000008 x13:00001f80
17144742ns          284012 1c008c8a ee873733 p.bclr           x14, x14, 23, 8     x14=00000010 x14:00000010
17144762ns          284013 1c008c8e 1a10f6b7 lui              x13, 0x1a10f000     x13=1a10f000
17144782ns          284014 1c008c92 0ff57513 andi             x10, x10, 255       x10=00000069 x10:00000069
17144801ns          284015 1c008c96 00d70733 add              x14, x14, x13       x14=1a10f010 x14:00000010 x13:1a10f000
17144821ns          284016 1c008c98 00a7e723 p.sw             x10, x0(x15)        x10:00000069 x15:00000000  PA:1a10f010
17145140ns          284032 1c008c9c 00000513 addi             x10, x0, 0          x10=00000000
17145159ns          284033 1c008c9e 00008067 jalr             x0, x1, 0            x1:1c008d6e
17145219ns          284036 1c008d6e 31f52563 p.beqimm         x10, 778            x10:00000000
17145239ns          284037 1c008d72 001d8d93 addi             x27, x27, 1         x27=00000026 x27:00000025
17145259ns          284038 1c008d74 00044503 lbu              x10, 0(x8)          x10=00000064  x8:1c000067  PA:1c000067
17145557ns          284053 1c008d78 00140413 addi             x8, x8, 1            x8=1c000068  x8:1c000067
17145577ns          284054 1c008d7a fe0514e3 bne              x10, x0, -24        x10:00000064
17145657ns          284058 1c008d62 02500793 addi             x15, x0, 37         x15=00000025
17145677ns          284059 1c008d66 04f50863 beq              x10, x15, 80        x10:00000064 x15:00000025
17145696ns          284060 1c008d6a 01a005b3 add              x11, x0, x26        x11=00000002 x26:00000002
17145716ns          284061 1c008d6c 000b00e7 jalr             x1, x22, 0           x1=1c008d6e x22:1c008c78
17145756ns          284063 1c008c78 000026b7 lui              x13, 0x2000         x13=00002000
17145776ns          284064 1c008c7a f14027f3 csrrs            x15, x0, 0xf14      x15=00000002
17145796ns          284065 1c008c7e f8068693 addi             x13, x13, -128      x13=00001f80 x13:00002000
17145816ns          284066 1c008c82 00379713 slli             x14, x15, 0x3       x14=00000010 x15:00000002
17145836ns          284067 1c008c86 00279793 slli             x15, x15, 0x2       x15=00000008 x15:00000002
17145856ns          284068 1c008c88 00d7f7b3 and              x15, x15, x13       x15=00000000 x15:00000008 x13:00001f80
17145876ns          284069 1c008c8a ee873733 p.bclr           x14, x14, 23, 8     x14=00000010 x14:00000010
17145895ns          284070 1c008c8e 1a10f6b7 lui              x13, 0x1a10f000     x13=1a10f000
17145915ns          284071 1c008c92 0ff57513 andi             x10, x10, 255       x10=00000064 x10:00000064
17145935ns          284072 1c008c96 00d70733 add              x14, x14, x13       x14=1a10f010 x14:00000010 x13:1a10f000
17145955ns          284073 1c008c98 00a7e723 p.sw             x10, x0(x15)        x10:00000064 x15:00000000  PA:1a10f010
17146293ns          284090 1c008c9c 00000513 addi             x10, x0, 0          x10=00000000
17146313ns          284091 1c008c9e 00008067 jalr             x0, x1, 0            x1:1c008d6e
17146373ns          284094 1c008d6e 31f52563 p.beqimm         x10, 778            x10:00000000
17146393ns          284095 1c008d72 001d8d93 addi             x27, x27, 1         x27=00000027 x27:00000026
17146413ns          284096 1c008d74 00044503 lbu              x10, 0(x8)          x10=00000020  x8:1c000068  PA:1c000068
17146711ns          284111 1c008d78 00140413 addi             x8, x8, 1            x8=1c000069  x8:1c000068
17146731ns          284112 1c008d7a fe0514e3 bne              x10, x0, -24        x10:00000020
17146810ns          284116 1c008d62 02500793 addi             x15, x0, 37         x15=00000025
17146830ns          284117 1c008d66 04f50863 beq              x10, x15, 80        x10:00000020 x15:00000025
17146850ns          284118 1c008d6a 01a005b3 add              x11, x0, x26        x11=00000002 x26:00000002
17146870ns          284119 1c008d6c 000b00e7 jalr             x1, x22, 0           x1=1c008d6e x22:1c008c78
17146910ns          284121 1c008c78 000026b7 lui              x13, 0x2000         x13=00002000
17146930ns          284122 1c008c7a f14027f3 csrrs            x15, x0, 0xf14      x15=00000002
17146950ns          284123 1c008c7e f8068693 addi             x13, x13, -128      x13=00001f80 x13:00002000
17146969ns          284124 1c008c82 00379713 slli             x14, x15, 0x3       x14=00000010 x15:00000002
17146989ns          284125 1c008c86 00279793 slli             x15, x15, 0x2       x15=00000008 x15:00000002
17147009ns          284126 1c008c88 00d7f7b3 and              x15, x15, x13       x15=00000000 x15:00000008 x13:00001f80
17147029ns          284127 1c008c8a ee873733 p.bclr           x14, x14, 23, 8     x14=00000010 x14:00000010
17147049ns          284128 1c008c8e 1a10f6b7 lui              x13, 0x1a10f000     x13=1a10f000
17147069ns          284129 1c008c92 0ff57513 andi             x10, x10, 255       x10=00000020 x10:00000020
17147089ns          284130 1c008c96 00d70733 add              x14, x14, x13       x14=1a10f010 x14:00000010 x13:1a10f000
17147109ns          284131 1c008c98 00a7e723 p.sw             x10, x0(x15)        x10:00000020 x15:00000000  PA:1a10f010
17147447ns          284148 1c008c9c 00000513 addi             x10, x0, 0          x10=00000000
17147467ns          284149 1c008c9e 00008067 jalr             x0, x1, 0            x1:1c008d6e
17147526ns          284152 1c008d6e 31f52563 p.beqimm         x10, 778            x10:00000000
17147546ns          284153 1c008d72 001d8d93 addi             x27, x27, 1         x27=00000028 x27:00000027
17147566ns          284154 1c008d74 00044503 lbu              x10, 0(x8)          x10=0000003d  x8:1c000069  PA:1c000069
17147865ns          284169 1c008d78 00140413 addi             x8, x8, 1            x8=1c00006a  x8:1c000069
17147884ns          284170 1c008d7a fe0514e3 bne              x10, x0, -24        x10:0000003d
17147964ns          284174 1c008d62 02500793 addi             x15, x0, 37         x15=00000025
17147984ns          284175 1c008d66 04f50863 beq              x10, x15, 80        x10:0000003d x15:00000025
17148004ns          284176 1c008d6a 01a005b3 add              x11, x0, x26        x11=00000002 x26:00000002
17148024ns          284177 1c008d6c 000b00e7 jalr             x1, x22, 0           x1=1c008d6e x22:1c008c78
17148063ns          284179 1c008c78 000026b7 lui              x13, 0x2000         x13=00002000
17148083ns          284180 1c008c7a f14027f3 csrrs            x15, x0, 0xf14      x15=00000002
17148103ns          284181 1c008c7e f8068693 addi             x13, x13, -128      x13=00001f80 x13:00002000
17148123ns          284182 1c008c82 00379713 slli             x14, x15, 0x3       x14=00000010 x15:00000002
17148143ns          284183 1c008c86 00279793 slli             x15, x15, 0x2       x15=00000008 x15:00000002
17148163ns          284184 1c008c88 00d7f7b3 and              x15, x15, x13       x15=00000000 x15:00000008 x13:00001f80
17148183ns          284185 1c008c8a ee873733 p.bclr           x14, x14, 23, 8     x14=00000010 x14:00000010
17148203ns          284186 1c008c8e 1a10f6b7 lui              x13, 0x1a10f000     x13=1a10f000
17148223ns          284187 1c008c92 0ff57513 andi             x10, x10, 255       x10=0000003d x10:0000003d
17148243ns          284188 1c008c96 00d70733 add              x14, x14, x13       x14=1a10f010 x14:00000010 x13:1a10f000
17148262ns          284189 1c008c98 00a7e723 p.sw             x10, x0(x15)        x10:0000003d x15:00000000  PA:1a10f010
17148581ns          284205 1c008c9c 00000513 addi             x10, x0, 0          x10=00000000
17148601ns          284206 1c008c9e 00008067 jalr             x0, x1, 0            x1:1c008d6e
17148660ns          284209 1c008d6e 31f52563 p.beqimm         x10, 778            x10:00000000
17148680ns          284210 1c008d72 001d8d93 addi             x27, x27, 1         x27=00000029 x27:00000028
17148700ns          284211 1c008d74 00044503 lbu              x10, 0(x8)          x10=00000020  x8:1c00006a  PA:1c00006a
17148998ns          284226 1c008d78 00140413 addi             x8, x8, 1            x8=1c00006b  x8:1c00006a
17149018ns          284227 1c008d7a fe0514e3 bne              x10, x0, -24        x10:00000020
17149098ns          284231 1c008d62 02500793 addi             x15, x0, 37         x15=00000025
17149118ns          284232 1c008d66 04f50863 beq              x10, x15, 80        x10:00000020 x15:00000025
17149138ns          284233 1c008d6a 01a005b3 add              x11, x0, x26        x11=00000002 x26:00000002
17149157ns          284234 1c008d6c 000b00e7 jalr             x1, x22, 0           x1=1c008d6e x22:1c008c78
17149197ns          284236 1c008c78 000026b7 lui              x13, 0x2000         x13=00002000
17149217ns          284237 1c008c7a f14027f3 csrrs            x15, x0, 0xf14      x15=00000002
17149237ns          284238 1c008c7e f8068693 addi             x13, x13, -128      x13=00001f80 x13:00002000
17149257ns          284239 1c008c82 00379713 slli             x14, x15, 0x3       x14=00000010 x15:00000002
17149277ns          284240 1c008c86 00279793 slli             x15, x15, 0x2       x15=00000008 x15:00000002
17149297ns          284241 1c008c88 00d7f7b3 and              x15, x15, x13       x15=00000000 x15:00000008 x13:00001f80
17149317ns          284242 1c008c8a ee873733 p.bclr           x14, x14, 23, 8     x14=00000010 x14:00000010
17149336ns          284243 1c008c8e 1a10f6b7 lui              x13, 0x1a10f000     x13=1a10f000
17149356ns          284244 1c008c92 0ff57513 andi             x10, x10, 255       x10=00000020 x10:00000020
17149376ns          284245 1c008c96 00d70733 add              x14, x14, x13       x14=1a10f010 x14:00000010 x13:1a10f000
17149396ns          284246 1c008c98 00a7e723 p.sw             x10, x0(x15)        x10:00000020 x15:00000000  PA:1a10f010
17149714ns          284262 1c008c9c 00000513 addi             x10, x0, 0          x10=00000000
17149734ns          284263 1c008c9e 00008067 jalr             x0, x1, 0            x1:1c008d6e
17149794ns          284266 1c008d6e 31f52563 p.beqimm         x10, 778            x10:00000000
17149814ns          284267 1c008d72 001d8d93 addi             x27, x27, 1         x27=0000002a x27:00000029
17149834ns          284268 1c008d74 00044503 lbu              x10, 0(x8)          x10=00000025  x8:1c00006b  PA:1c00006b
17150132ns          284283 1c008d78 00140413 addi             x8, x8, 1            x8=1c00006c  x8:1c00006b
17150152ns          284284 1c008d7a fe0514e3 bne              x10, x0, -24        x10:00000025
17150232ns          284288 1c008d62 02500793 addi             x15, x0, 37         x15=00000025
17150251ns          284289 1c008d66 04f50863 beq              x10, x15, 80        x10:00000025 x15:00000025
17150331ns          284293 1c008db6 00044483 lbu              x9, 0(x8)            x9=00000064  x8:1c00006c  PA:1c00006c
17150629ns          284308 1c008dba 02000693 addi             x13, x0, 32         x13=00000020
17150649ns          284309 1c008dbe 00140a93 addi             x21, x8, 1          x21=1c00006d  x8:1c00006c
17150669ns          284310 1c008dc2 009005b3 add              x11, x0, x9         x11=00000064  x9:00000064
17150689ns          284311 1c008dc4 0fcb8513 addi             x10, x23, 252       x10=1c0000fc x23:1c000000
17150709ns          284312 1c008dc8 00d12823 sw               x13, 16(x2)         x13:00000020  x2:100014d8  PA:100014e8
17150729ns          284313 1c008dca 00012c23 sw               x0, 24(x2)           x2:100014d8  PA:100014f0
17150749ns          284314 1c008dcc 00012a23 sw               x0, 20(x2)           x2:100014d8  PA:100014ec
17150769ns          284315 1c008dce 00012e23 sw               x0, 28(x2)           x2:100014d8  PA:100014f4
17150789ns          284316 1c008dd0 00012623 sw               x0, 12(x2)           x2:100014d8  PA:100014e4
17150808ns          284317 1c008dd2 02300913 addi             x18, x0, 35         x18=00000023
17150828ns          284318 1c008dd6 02d00a13 addi             x20, x0, 45         x20=0000002d
17150848ns          284319 1c008dda 015009b3 add              x19, x0, x21        x19=1c00006d x21:1c00006d
17150868ns          284320 1c008ddc e1dff0ef jal              x1, -484             x1=1c008dde
17150987ns          284326 1c008bf8 00054783 lbu              x15, 0(x10)         x15=0000002d x10:1c0000fc  PA:1c0000fc
17151306ns          284342 1c008bfc 0ff5f593 andi             x11, x11, 255       x11=00000064 x11:00000064
17151326ns          284343 1c008c00 00b78c63 beq              x15, x11, 24        x15:0000002d x11:00000064
17151345ns          284344 1c008c04 00078b63 beq              x15, x0, 22         x15:0000002d
17151365ns          284345 1c008c06 00150793 addi             x15, x10, 1         x15=1c0000fd x10:1c0000fc
17151385ns          284346 1c008c0a 0040006f jal              x0, 4              
17151425ns          284348 1c008c0e 00f00533 add              x10, x0, x15        x10=1c0000fd x15:1c0000fd
17151445ns          284349 1c008c10 0017c70b p.lbu            x14, 1(x15!)        x14=0000002b x15=1c0000fe x15:1c0000fd  PA:1c0000fd
17151763ns          284365 1c008c14 feb71ce3 bne              x14, x11, -8        x14:0000002b x11:00000064
17151823ns          284368 1c008c0c 00070763 beq              x14, x0, 14         x14:0000002b
17151843ns          284369 1c008c0e 00f00533 add              x10, x0, x15        x10=1c0000fe x15:1c0000fe
17151863ns          284370 1c008c10 0017c70b p.lbu            x14, 1(x15!)        x14=00000020 x15=1c0000ff x15:1c0000fe  PA:1c0000fe
17152181ns          284386 1c008c14 feb71ce3 bne              x14, x11, -8        x14:00000020 x11:00000064
17152241ns          284389 1c008c0c 00070763 beq              x14, x0, 14         x14:00000020
17152260ns          284390 1c008c0e 00f00533 add              x10, x0, x15        x10=1c0000ff x15:1c0000ff
17152280ns          284391 1c008c10 0017c70b p.lbu            x14, 1(x15!)        x14=00000023 x15=1c000100 x15:1c0000ff  PA:1c0000ff
17152599ns          284407 1c008c14 feb71ce3 bne              x14, x11, -8        x14:00000023 x11:00000064
17152658ns          284410 1c008c0c 00070763 beq              x14, x0, 14         x14:00000023
17152678ns          284411 1c008c0e 00f00533 add              x10, x0, x15        x10=1c000100 x15:1c000100
17152698ns          284412 1c008c10 0017c70b p.lbu            x14, 1(x15!)        x14=00000030 x15=1c000101 x15:1c000100  PA:1c000100
17153016ns          284428 1c008c14 feb71ce3 bne              x14, x11, -8        x14:00000030 x11:00000064
17153076ns          284431 1c008c0c 00070763 beq              x14, x0, 14         x14:00000030
17153096ns          284432 1c008c0e 00f00533 add              x10, x0, x15        x10=1c000101 x15:1c000101
17153116ns          284433 1c008c10 0017c70b p.lbu            x14, 1(x15!)        x14=00000000 x15=1c000102 x15:1c000101  PA:1c000101
17153434ns          284449 1c008c14 feb71ce3 bne              x14, x11, -8        x14:00000000 x11:00000064
17153494ns          284452 1c008c0c 00070763 beq              x14, x0, 14         x14:00000000
17153573ns          284456 1c008c1a 0015b593 sltiu            x11, x11, 1         x11=00000000 x11:00000064
17153593ns          284457 1c008c1e 40b005b3 sub              x11, x0, x11        x11=00000000 x11:00000000
17153613ns          284458 1c008c22 00b57533 and              x10, x10, x11       x10=00000000 x10:1c000101 x11:00000000
17153633ns          284459 1c008c24 00008067 jalr             x0, x1, 0            x1:1c008dde
17153673ns          284461 1c008dde 02050a63 beq              x10, x0, 52         x10:00000000
17153812ns          284468 1c008e12 02a00613 addi             x12, x0, 42         x12=0000002a
17153832ns          284469 1c008e16 2ac48663 beq              x9, x12, 684         x9:00000064 x12:0000002a
17153852ns          284470 1c008e1a fd048613 addi             x12, x9, -48        x12=00000034  x9:00000064
17153872ns          284471 1c008e1e 00900593 addi             x11, x0, 9          x11=00000009
17153911ns          284473 1c008e20 00000913 addi             x18, x0, 0          x18=00000000
17153951ns          284475 1c008e22 28c5f063 bgeu             x11, x12, 640       x11:00000009 x12:00000034
17153971ns          284476 1c008e26 02e00693 addi             x13, x0, 46         x13=0000002e
17153991ns          284477 1c008e2a fff00a13 addi             x20, x0, -1         x20=ffffffff
17154011ns          284478 1c008e2c 2ed48363 beq              x9, x13, 742         x9:00000064 x13:0000002e
17154051ns          284480 1c008e30 1c0007b7 lui              x15, 0x1c000000     x15=1c000000
17154090ns          284482 1c008e34 009005b3 add              x11, x0, x9         x11=00000064  x9:00000064
17154110ns          284483 1c008e36 10478513 addi             x10, x15, 260       x10=1c000104 x15:1c000000
17154130ns          284484 1c008e3a dbfff0ef jal              x1, -578             x1=1c008e3c
17154230ns          284489 1c008bf8 00054783 lbu              x15, 0(x10)         x15=00000068 x10:1c000104  PA:1c000104
17154528ns          284504 1c008bfc 0ff5f593 andi             x11, x11, 255       x11=00000064 x11:00000064
17154548ns          284505 1c008c00 00b78c63 beq              x15, x11, 24        x15:00000068 x11:00000064
17154568ns          284506 1c008c04 00078b63 beq              x15, x0, 22         x15:00000068
17154588ns          284507 1c008c06 00150793 addi             x15, x10, 1         x15=1c000105 x10:1c000104
17154608ns          284508 1c008c0a 0040006f jal              x0, 4              
17154647ns          284510 1c008c0e 00f00533 add              x10, x0, x15        x10=1c000105 x15:1c000105
17154667ns          284511 1c008c10 0017c70b p.lbu            x14, 1(x15!)        x14=0000006c x15=1c000106 x15:1c000105  PA:1c000105
17154985ns          284527 1c008c14 feb71ce3 bne              x14, x11, -8        x14:0000006c x11:00000064
17155045ns          284530 1c008c0c 00070763 beq              x14, x0, 14         x14:0000006c
17155065ns          284531 1c008c0e 00f00533 add              x10, x0, x15        x10=1c000106 x15:1c000106
17155085ns          284532 1c008c10 0017c70b p.lbu            x14, 1(x15!)        x14=0000004c x15=1c000107 x15:1c000106  PA:1c000106
17155423ns          284549 1c008c14 feb71ce3 bne              x14, x11, -8        x14:0000004c x11:00000064
17155483ns          284552 1c008c0c 00070763 beq              x14, x0, 14         x14:0000004c
17155503ns          284553 1c008c0e 00f00533 add              x10, x0, x15        x10=1c000107 x15:1c000107
17155523ns          284554 1c008c10 0017c70b p.lbu            x14, 1(x15!)        x14=0000007a x15=1c000108 x15:1c000107  PA:1c000107
17155841ns          284570 1c008c14 feb71ce3 bne              x14, x11, -8        x14:0000007a x11:00000064
17155900ns          284573 1c008c0c 00070763 beq              x14, x0, 14         x14:0000007a
17155920ns          284574 1c008c0e 00f00533 add              x10, x0, x15        x10=1c000108 x15:1c000108
17155940ns          284575 1c008c10 0017c70b p.lbu            x14, 1(x15!)        x14=00000000 x15=1c000109 x15:1c000108  PA:1c000108
17156258ns          284591 1c008c14 feb71ce3 bne              x14, x11, -8        x14:00000000 x11:00000064
17156318ns          284594 1c008c0c 00070763 beq              x14, x0, 14         x14:00000000
17156398ns          284598 1c008c1a 0015b593 sltiu            x11, x11, 1         x11=00000000 x11:00000064
17156418ns          284599 1c008c1e 40b005b3 sub              x11, x0, x11        x11=00000000 x11:00000000
17156437ns          284600 1c008c22 00b57533 and              x10, x10, x11       x10=00000000 x10:1c000108 x11:00000000
17156457ns          284601 1c008c24 00008067 jalr             x0, x1, 0            x1:1c008e3c
17156497ns          284603 1c008e3c 01300433 add              x8, x0, x19          x8=1c00006d x19:1c00006d
17156517ns          284604 1c008e3e 00050563 beq              x10, x0, 10         x10:00000000
17156577ns          284607 1c008e48 06700693 addi             x13, x0, 103        x13=00000067
17156597ns          284608 1c008e4c 2896d963 bge              x13, x9, 658        x13:00000067  x9:00000064
17156815ns          284619 1c0090de 06500693 addi             x13, x0, 101        x13=00000065
17156855ns          284621 1c0090e2 12d4d563 bge              x9, x13, 298         x9:00000064 x13:00000065
17156875ns          284622 1c0090e6 04700693 addi             x13, x0, 71         x13=00000047
17156895ns          284623 1c0090ea dc96cbe3 blt              x13, x9, -554       x13:00000047  x9:00000064
17157034ns          284630 1c008ec0 06300693 addi             x13, x0, 99         x13=00000063
17157074ns          284632 1c008ec4 0ad488e3 beq              x9, x13, 2224        x9:00000064 x13:00000063
17157094ns          284633 1c008ec8 0096c9e3 blt              x13, x9, 2066       x13:00000063  x9:00000064
17157293ns          284643 1c0096da 000c2583 lw               x11, 0(x24)         x11=00000002 x24:10001630  PA:10001630
17157313ns          284644 1c0096de 004c0c13 addi             x24, x24, 4         x24=10001634 x24:10001630
17157352ns          284646 1c0096e0 3405cc63 blt              x11, x0, 856        x11:00000002
17157392ns          284648 1c0096e4 01412603 lw               x12, 20(x2)         x12=00000000  x2:100014d8  PA:100014ec
17157412ns          284649 1c0096e6 00b006b3 add              x13, x0, x11        x13=00000002 x11:00000002
17157432ns          284650 1c0096e8 2e061863 bne              x12, x0, 752        x12:00000000
17157452ns          284651 1c0096ec 01812703 lw               x14, 24(x2)         x14=00000000  x2:100014d8  PA:100014f0
17157472ns          284652 1c0096ee 019007b3 add              x15, x0, x25        x15=100014fc x25:100014fc
17157492ns          284653 1c0096f0 00070763 beq              x14, x0, 14         x14:00000000
17157551ns          284656 1c0096fe 00f00733 add              x14, x0, x15        x14=100014fc x15:100014fc
17157611ns          284659 1c009700 00a00513 addi             x10, x0, 10         x10=0000000a
17157651ns          284661 1c009702 02a6f633 remu             x12, x13, x10       x12=00000002 x13:00000002 x10:0000000a
17158267ns          284692 1c009706 02a6d6b3 divu             x13, x13, x10       x13=00000000 x13:00000002 x10:0000000a
17158884ns          284723 1c00970a 03060613 addi             x12, x12, 48        x12=00000032 x12:00000002
17158904ns          284724 1c00970e 00c700ab p.sb             x12, 1(x14!)        x14=100014fd x12:00000032 x14:100014fc  PA:100014fc
17158924ns          284725 1c009712 fe0698e3 bne              x13, x0, -16        x13:00000000
17158944ns          284726 1c009714 40f706b3 sub              x13, x14, x15       x13=00000001 x14:100014fd x15:100014fc
17158964ns          284727 1c009718 0146dc63 bge              x13, x20, 24        x13:00000001 x20:ffffffff
17159023ns          284730 1c009730 00e006b3 add              x13, x0, x14        x13=100014fd x14:100014fd
17159043ns          284731 1c009732 fe068fab p.sb             x0, -1(x13!)        x13=100014fc x13:100014fd  PA:100014fd
17159083ns          284733 1c009736 00d7fc63 bgeu             x15, x13, 24        x15:100014fc x13:100014fc
17159182ns          284738 1c00974e 01412783 lw               x15, 20(x2)         x15=00000000  x2:100014d8  PA:100014ec
17159242ns          284741 1c009750 01812603 lw               x12, 24(x2)         x12=00000000  x2:100014d8  PA:100014f0
17159282ns          284743 1c009752 419704b3 sub              x9, x14, x25         x9=00000001 x14:100014fd x25:100014fc
17159302ns          284744 1c009756 00c7e7b3 or               x15, x15, x12       x15=00000000 x15:00000000 x12:00000000
17159322ns          284745 1c009758 00f12623 sw               x15, 12(x2)         x15:00000000  x2:100014d8  PA:100014e4
17159361ns          284747 1c00975a 00079363 bne              x15, x0, 6          x15:00000000
17159381ns          284748 1c00975c 01f5d593 srli             x11, x11, 0x1f      x11=00000000 x11:00000002
17159401ns          284749 1c00975e 00b12623 sw               x11, 12(x2)         x11:00000000  x2:100014d8  PA:100014e4
17159421ns          284750 1c009760 e3fa28e3 p.beqimm         x20, -464           x20:ffffffff
17159521ns          284755 1c009590 0c800793 addi             x15, x0, 200        x15=000000c8
17159560ns          284757 1c009594 9e97d0e3 bge              x15, x9, -1568      x15:000000c8  x9:00000001
17159620ns          284760 1c008f74 0f24d163 bge              x9, x18, 226         x9:00000001 x18:00000000
17159700ns          284764 1c009056 d00482e3 beq              x9, x0, -764         x9:00000001
17159719ns          284765 1c00905a 01900933 add              x18, x0, x25        x18=100014fc x25:100014fc
17159739ns          284766 1c00905c 419d8db3 sub              x27, x27, x25       x27=efffeb2e x27:0000002a x25:100014fc
17159759ns          284767 1c009060 00a0006f jal              x0, 10             
17159819ns          284770 1c00906a 0019450b p.lbu            x10, 1(x18!)        x10=00000032 x18=100014fd x18:100014fc  PA:100014fc
17159839ns          284771 1c00906e 01a005b3 add              x11, x0, x26        x11=00000002 x26:00000002
17159879ns          284773 1c009070 000b00e7 jalr             x1, x22, 0           x1=1c009072 x22:1c008c78
17159958ns          284777 1c008c78 000026b7 lui              x13, 0x2000         x13=00002000
17159998ns          284779 1c008c7a f14027f3 csrrs            x15, x0, 0xf14      x15=00000002
17160018ns          284780 1c008c7e f8068693 addi             x13, x13, -128      x13=00001f80 x13:00002000
17160038ns          284781 1c008c82 00379713 slli             x14, x15, 0x3       x14=00000010 x15:00000002
17160058ns          284782 1c008c86 00279793 slli             x15, x15, 0x2       x15=00000008 x15:00000002
17160078ns          284783 1c008c88 00d7f7b3 and              x15, x15, x13       x15=00000000 x15:00000008 x13:00001f80
17160097ns          284784 1c008c8a ee873733 p.bclr           x14, x14, 23, 8     x14=00000010 x14:00000010
17160137ns          284786 1c008c8e 1a10f6b7 lui              x13, 0x1a10f000     x13=1a10f000
17160177ns          284788 1c008c92 0ff57513 andi             x10, x10, 255       x10=00000032 x10:00000032
17160197ns          284789 1c008c96 00d70733 add              x14, x14, x13       x14=1a10f010 x14:00000010 x13:1a10f000
17160217ns          284790 1c008c98 00a7e723 p.sw             x10, x0(x15)        x10:00000032 x15:00000000  PA:1a10f010
17160555ns          284807 1c008c9c 00000513 addi             x10, x0, 0          x10=00000000
17160575ns          284808 1c008c9e 00008067 jalr             x0, x1, 0            x1:1c009072
17160615ns          284810 1c009072 fff48493 addi             x9, x9, -1           x9=00000000  x9:00000001
17160634ns          284811 1c009074 fff537e3 p.bneimm         x10, -18            x10:00000000
17160714ns          284815 1c009062 012d8733 add              x14, x27, x18       x14=0000002b x27:efffeb2e x18:100014fd
17160734ns          284816 1c009066 5a048b63 beq              x9, x0, 1462         x9:00000000
17160833ns          284821 1c00961c 00e00db3 add              x27, x0, x14        x27=0000002b x14:0000002b
17160913ns          284825 1c00961e f3cff06f jal              x0, -2244          
17161032ns          284831 1c008d5a 00044503 lbu              x10, 0(x8)          x10=00000029  x8:1c00006d  PA:1c00006d
17161331ns          284846 1c008d5e 00140413 addi             x8, x8, 1            x8=1c00006e  x8:1c00006d
17161351ns          284847 1c008d60 00050e63 beq              x10, x0, 28         x10:00000029
17161370ns          284848 1c008d62 02500793 addi             x15, x0, 37         x15=00000025
17161390ns          284849 1c008d66 04f50863 beq              x10, x15, 80        x10:00000029 x15:00000025
17161410ns          284850 1c008d6a 01a005b3 add              x11, x0, x26        x11=00000002 x26:00000002
17161430ns          284851 1c008d6c 000b00e7 jalr             x1, x22, 0           x1=1c008d6e x22:1c008c78
17161510ns          284855 1c008c78 000026b7 lui              x13, 0x2000         x13=00002000
17161530ns          284856 1c008c7a f14027f3 csrrs            x15, x0, 0xf14      x15=00000002
17161549ns          284857 1c008c7e f8068693 addi             x13, x13, -128      x13=00001f80 x13:00002000
17161569ns          284858 1c008c82 00379713 slli             x14, x15, 0x3       x14=00000010 x15:00000002
17161589ns          284859 1c008c86 00279793 slli             x15, x15, 0x2       x15=00000008 x15:00000002
17161609ns          284860 1c008c88 00d7f7b3 and              x15, x15, x13       x15=00000000 x15:00000008 x13:00001f80
17161629ns          284861 1c008c8a ee873733 p.bclr           x14, x14, 23, 8     x14=00000010 x14:00000010
17161649ns          284862 1c008c8e 1a10f6b7 lui              x13, 0x1a10f000     x13=1a10f000
17161669ns          284863 1c008c92 0ff57513 andi             x10, x10, 255       x10=00000029 x10:00000029
17161689ns          284864 1c008c96 00d70733 add              x14, x14, x13       x14=1a10f010 x14:00000010 x13:1a10f000
17161709ns          284865 1c008c98 00a7e723 p.sw             x10, x0(x15)        x10:00000029 x15:00000000  PA:1a10f010
17162047ns          284882 1c008c9c 00000513 addi             x10, x0, 0          x10=00000000
17162067ns          284883 1c008c9e 00008067 jalr             x0, x1, 0            x1:1c008d6e
17162126ns          284886 1c008d6e 31f52563 p.beqimm         x10, 778            x10:00000000
17162146ns          284887 1c008d72 001d8d93 addi             x27, x27, 1         x27=0000002c x27:0000002b
17162166ns          284888 1c008d74 00044503 lbu              x10, 0(x8)          x10=0000000a  x8:1c00006e  PA:1c00006e
17162464ns          284903 1c008d78 00140413 addi             x8, x8, 1            x8=1c00006f  x8:1c00006e
17162484ns          284904 1c008d7a fe0514e3 bne              x10, x0, -24        x10:0000000a
17162564ns          284908 1c008d62 02500793 addi             x15, x0, 37         x15=00000025
17162584ns          284909 1c008d66 04f50863 beq              x10, x15, 80        x10:0000000a x15:00000025
17162604ns          284910 1c008d6a 01a005b3 add              x11, x0, x26        x11=00000002 x26:00000002
17162624ns          284911 1c008d6c 000b00e7 jalr             x1, x22, 0           x1=1c008d6e x22:1c008c78
17162663ns          284913 1c008c78 000026b7 lui              x13, 0x2000         x13=00002000
17162683ns          284914 1c008c7a f14027f3 csrrs            x15, x0, 0xf14      x15=00000002
17162703ns          284915 1c008c7e f8068693 addi             x13, x13, -128      x13=00001f80 x13:00002000
17162723ns          284916 1c008c82 00379713 slli             x14, x15, 0x3       x14=00000010 x15:00000002
17162743ns          284917 1c008c86 00279793 slli             x15, x15, 0x2       x15=00000008 x15:00000002
17162763ns          284918 1c008c88 00d7f7b3 and              x15, x15, x13       x15=00000000 x15:00000008 x13:00001f80
17162783ns          284919 1c008c8a ee873733 p.bclr           x14, x14, 23, 8     x14=00000010 x14:00000010
17162803ns          284920 1c008c8e 1a10f6b7 lui              x13, 0x1a10f000     x13=1a10f000
17162822ns          284921 1c008c92 0ff57513 andi             x10, x10, 255       x10=0000000a x10:0000000a
17162842ns          284922 1c008c96 00d70733 add              x14, x14, x13       x14=1a10f010 x14:00000010 x13:1a10f000
17162862ns          284923 1c008c98 00a7e723 p.sw             x10, x0(x15)        x10:0000000a x15:00000000  PA:1a10f010
17163180ns          284939 1c008c9c 00000513 addi             x10, x0, 0          x10=00000000
17163200ns          284940 1c008c9e 00008067 jalr             x0, x1, 0            x1:1c008d6e
17163260ns          284943 1c008d6e 31f52563 p.beqimm         x10, 778            x10:00000000
17163280ns          284944 1c008d72 001d8d93 addi             x27, x27, 1         x27=0000002d x27:0000002c
17163300ns          284945 1c008d74 00044503 lbu              x10, 0(x8)          x10=00000000  x8:1c00006f  PA:1c00006f
17163598ns          284960 1c008d78 00140413 addi             x8, x8, 1            x8=1c000070  x8:1c00006f
17163618ns          284961 1c008d7a fe0514e3 bne              x10, x0, -24        x10:00000000
17163638ns          284962 1c008d7c 01b00433 add              x8, x0, x27          x8=0000002d x27:0000002d
17163658ns          284963 1c008d7e 00800533 add              x10, x0, x8         x10=0000002d  x8:0000002d
17163678ns          284964 1c008d80 12c12083 lw               x1, 300(x2)          x1=1c008d0c  x2:100014d8  PA:10001604
17163698ns          284965 1c008d84 12812403 lw               x8, 296(x2)          x8=xxxxxxxx  x2:100014d8  PA:10001600
17163718ns          284966 1c008d88 12412483 lw               x9, 292(x2)          x9=00000002  x2:100014d8  PA:100015fc
17163737ns          284967 1c008d8c 12012903 lw               x18, 288(x2)        x18=xxxxxxxx  x2:100014d8  PA:100015f8
17163956ns          284978 1c008d90 11c12983 lw               x19, 284(x2)        x19=xxxxxxxx  x2:100014d8  PA:100015f4
17163996ns          284980 1c008d94 11812a03 lw               x20, 280(x2)        x20=xxxxxxxx  x2:100014d8  PA:100015f0
17164016ns          284981 1c008d98 11412a83 lw               x21, 276(x2)        x21=xxxxxxxx  x2:100014d8  PA:100015ec
17164036ns          284982 1c008d9c 11012b03 lw               x22, 272(x2)        x22=xxxxxxxx  x2:100014d8  PA:100015e8
17164473ns          285004 1c008da0 10c12b83 lw               x23, 268(x2)        x23=xxxxxxxx  x2:100014d8  PA:100015e4
17164513ns          285006 1c008da4 10812c03 lw               x24, 264(x2)        x24=xxxxxxxx  x2:100014d8  PA:100015e0
17164533ns          285007 1c008da8 10412c83 lw               x25, 260(x2)        x25=xxxxxxxx  x2:100014d8  PA:100015dc
17164553ns          285008 1c008dac 10012d03 lw               x26, 256(x2)        x26=xxxxxxxx  x2:100014d8  PA:100015d8
17164613ns          285011 1c008db0 0fc12d83 lw               x27, 252(x2)        x27=xxxxxxxx  x2:100014d8  PA:100015d4
17164632ns          285012 1c008db2 13010113 addi             x2, x2, 304          x2=10001608  x2:100014d8
17164652ns          285013 1c008db4 00008067 jalr             x0, x1, 0            x1:1c008d0c
17164692ns          285015 1c008d0c 01c12083 lw               x1, 28(x2)           x1=1c00860c  x2:10001608  PA:10001624
17164712ns          285016 1c008d0e 04010113 addi             x2, x2, 64           x2=10001648  x2:10001608
17164752ns          285018 1c008d10 00008067 jalr             x0, x1, 0            x1:1c00860c
17164831ns          285022 1c00860c 00300793 addi             x15, x0, 3          x15=00000003
17164911ns          285026 1c00860e 0097f463 bgeu             x15, x9, 8          x15:00000003  x9:00000002
17164991ns          285030 1c008616 285010ef jal              x1, 6788             x1=1c00861a
17165488ns          285055 1c00a09a f14027f3 csrrs            x15, x0, 0xf14      x15=00000002
17165508ns          285056 1c00a09e 01f00713 addi             x14, x0, 31         x14=0000001f
17165925ns          285077 1c00a0a0 ca5797b3 p.extractu       x15, x15, 5, 5      x15=00000000 x15:00000002
17165965ns          285079 1c00a0a4 00e78863 beq              x15, x14, 16        x15:00000000 x14:0000001f
17165985ns          285080 1c00a0a8 002047b7 lui              x15, 0x204000       x15=00204000
17166005ns          285081 1c00a0ac 20078793 addi             x15, x15, 512       x15=00204200 x15:00204000
17166443ns          285103 1c00a0b0 01c7e703 p.elw            x14, 28(x15)        x14=00010000 x15:00204200  PA:0020421c
17166582ns          285110 1c00a0b4 00008067 jalr             x0, x1, 0            x1:1c00861a
17167019ns          285132 1c00861a f14027f3 csrrs            x15, x0, 0xf14      x15=00000002
17167477ns          285155 1c00861e f457b7b3 p.bclr           x15, x15, 26, 5     x15=00000002 x15:00000002
17167497ns          285156 1c008622 0a078163 beq              x15, x0, 162        x15:00000002
17167517ns          285157 1c008624 12c00713 addi             x14, x0, 300        x14=0000012c
17167537ns          285158 1c008628 02e48733 mul              x14, x9, x14        x14=00000258  x9:00000002 x14:0000012c
17167556ns          285159 1c00862c 1c0107b7 lui              x15, 0x1c010000     x15=1c010000
17168093ns          285186 1c008630 00271713 slli             x14, x14, 0x2       x14=00000960 x14:00000258
17168133ns          285188 1c008632 04078793 addi             x15, x15, 64        x15=1c010040 x15:1c010000
17168153ns          285189 1c008636 00f70733 add              x14, x14, x15       x14=1c0109a0 x14:00000960 x15:1c010040
17168173ns          285190 1c008638 01010413 addi             x8, x2, 16           x8=10001658  x2:10001648
17168193ns          285191 1c00863a 064750fb lp.setupi        0x1, 0x64, 0xe     
17168213ns          285192 1c00863e 00472783 lw               x15, 4(x14)         x15=42ac4a48 x14:1c0109a0  PA:1c0109a4
17168650ns          285214 1c008640 00072683 lw               x13, 0(x14)         x13=42b167d8 x14:1c0109a0  PA:1c0109a0
17169108ns          285237 1c008642 10f7f653 fmul.s           f12, f15, f15       f12=xxxxxxxx f15:42ac4a48 f15:42ac4a48
17169128ns          285238 1c008646 00872783 lw               x15, 8(x14)         x15=427f7051 x14:1c0109a0  PA:1c0109a8
17169426ns          285253 1c008648 00c70713 addi             x14, x14, 12        x14=1c0109ac x14:1c0109a0
17169446ns          285254 1c00864a 60d6f6c3 fmadd.s          f13, f13, f13, f12  f13=xxxxxxxx f13:42b167d8 f13:42b167d8 f12:45e7e7cd
17169466ns          285255 1c00864e 68f7f7c3 fmadd.s          f15, f15, f15, f13  f15=xxxxxxxx f15:427f7051 f15:427f7051 f13:466ee4a9
17169486ns          285256 1c008652 5807f7d3 fsqrt.s          f15, f15            f15=xxxxxxxx f15:46974e73
17170122ns          285288 1c008656 00f4222b p.sw             x15, 4(x8!)          x8=1000165c x15:430b2a8a  x8:10001658  PA:10001658
17170142ns          285289 1c00863e 00472783 lw               x15, 4(x14)         x15=42bd4038 x14:1c0109ac  PA:1c0109b0
17170441ns          285304 1c008640 00072683 lw               x13, 0(x14)         x13=4170a9b3 x14:1c0109ac  PA:1c0109ac
17170739ns          285319 1c008642 10f7f653 fmul.s           f12, f15, f15       f12=xxxxxxxx f15:42bd4038 f15:42bd4038
17170759ns          285320 1c008646 00872783 lw               x15, 8(x14)         x15=421905f6 x14:1c0109ac  PA:1c0109b4
17171057ns          285335 1c008648 00c70713 addi             x14, x14, 12        x14=1c0109b8 x14:1c0109ac
17171077ns          285336 1c00864a 60d6f6c3 fmadd.s          f13, f13, f13, f12  f13=xxxxxxxx f13:4170a9b3 f13:4170a9b3 f12:460be7e3
17171097ns          285337 1c00864e 68f7f7c3 fmadd.s          f15, f15, f15, f13  f15=xxxxxxxx f15:421905f6 f15:421905f6 f13:460f70de
17171117ns          285338 1c008652 5807f7d3 fsqrt.s          f15, f15            f15=xxxxxxxx f15:46264ee6
17171395ns          285352 1c008656 00f4222b p.sw             x15, 4(x8!)          x8=10001660 x15:42ce563c  x8:1000165c  PA:1000165c
17171415ns          285353 1c00863e 00472783 lw               x15, 4(x14)         x15=42998922 x14:1c0109b8  PA:1c0109bc
17171714ns          285368 1c008640 00072683 lw               x13, 0(x14)         x13=42b2fe82 x14:1c0109b8  PA:1c0109b8
17172012ns          285383 1c008642 10f7f653 fmul.s           f12, f15, f15       f12=xxxxxxxx f15:42998922 f15:42998922
17172032ns          285384 1c008646 00872783 lw               x15, 8(x14)         x15=413f8f5e x14:1c0109b8  PA:1c0109c0
17172330ns          285399 1c008648 00c70713 addi             x14, x14, 12        x14=1c0109c4 x14:1c0109b8
17172350ns          285400 1c00864a 60d6f6c3 fmadd.s          f13, f13, f13, f12  f13=xxxxxxxx f13:42b2fe82 f13:42b2fe82 f12:45b82a68
17172370ns          285401 1c00864e 68f7f7c3 fmadd.s          f15, f15, f15, f13  f15=xxxxxxxx f15:413f8f5e f15:413f8f5e f13:46593c1e
17172390ns          285402 1c008652 5807f7d3 fsqrt.s          f15, f15            f15=xxxxxxxx f15:465b797b
17172668ns          285416 1c008656 00f4222b p.sw             x15, 4(x8!)          x8=10001664 x15:42ed08e6  x8:10001660  PA:10001660
17172688ns          285417 1c00863e 00472783 lw               x15, 4(x14)         x15=40f859fd x14:1c0109c4  PA:1c0109c8
17172987ns          285432 1c008640 00072683 lw               x13, 0(x14)         x13=4258ebba x14:1c0109c4  PA:1c0109c4
17173285ns          285447 1c008642 10f7f653 fmul.s           f12, f15, f15       f12=xxxxxxxx f15:40f859fd f15:40f859fd
17173305ns          285448 1c008646 00872783 lw               x15, 8(x14)         x15=3fc6c6dd x14:1c0109c4  PA:1c0109cc
17173603ns          285463 1c008648 00c70713 addi             x14, x14, 12        x14=1c0109d0 x14:1c0109c4
17173623ns          285464 1c00864a 60d6f6c3 fmadd.s          f13, f13, f13, f12  f13=xxxxxxxx f13:4258ebba f13:4258ebba f12:4270ee7a
17173643ns          285465 1c00864e 68f7f7c3 fmadd.s          f15, f15, f15, f13  f15=xxxxxxxx f15:3fc6c6dd f15:3fc6c6dd f13:453b925d
17173663ns          285466 1c008652 5807f7d3 fsqrt.s          f15, f15            f15=xxxxxxxx f15:453bb8f3
17173961ns          285481 1c008656 00f4222b p.sw             x15, 4(x8!)          x8=10001668 x15:425b380d  x8:10001664  PA:10001664
17173981ns          285482 1c00863e 00472783 lw               x15, 4(x14)         x15=415b409f x14:1c0109d0  PA:1c0109d4
17174279ns          285497 1c008640 00072683 lw               x13, 0(x14)         x13=42317d9a x14:1c0109d0  PA:1c0109d0
17174578ns          285512 1c008642 10f7f653 fmul.s           f12, f15, f15       f12=xxxxxxxx f15:415b409f f15:415b409f
17174598ns          285513 1c008646 00872783 lw               x15, 8(x14)         x15=42bcdeb4 x14:1c0109d0  PA:1c0109d8
17174896ns          285528 1c008648 00c70713 addi             x14, x14, 12        x14=1c0109dc x14:1c0109d0
17174916ns          285529 1c00864a 60d6f6c3 fmadd.s          f13, f13, f13, f12  f13=xxxxxxxx f13:42317d9a f13:42317d9a f12:433bc7a0
17174936ns          285530 1c00864e 68f7f7c3 fmadd.s          f15, f15, f15, f13  f15=xxxxxxxx f15:42bcdeb4 f15:42bcdeb4 f13:4506cb67
17174956ns          285531 1c008652 5807f7d3 fsqrt.s          f15, f15            f15=xxxxxxxx f15:462d0ab4
17175254ns          285546 1c008656 00f4222b p.sw             x15, 4(x8!)          x8=1000166c x15:42d278fa  x8:10001668  PA:10001668
17175274ns          285547 1c00863e 00472783 lw               x15, 4(x14)         x15=42963876 x14:1c0109dc  PA:1c0109e0
17175572ns          285562 1c008640 00072683 lw               x13, 0(x14)         x13=4248961c x14:1c0109dc  PA:1c0109dc
17175871ns          285577 1c008642 10f7f653 fmul.s           f12, f15, f15       f12=xxxxxxxx f15:42963876 f15:42963876
17175891ns          285578 1c008646 00872783 lw               x15, 8(x14)         x15=4210e231 x14:1c0109dc  PA:1c0109e4
17176189ns          285593 1c008648 00c70713 addi             x14, x14, 12        x14=1c0109e8 x14:1c0109dc
17176209ns          285594 1c00864a 60d6f6c3 fmadd.s          f13, f13, f13, f12  f13=xxxxxxxx f13:4248961c f13:4248961c f12:45b04c6d
17176229ns          285595 1c00864e 68f7f7c3 fmadd.s          f15, f15, f15, f13  f15=xxxxxxxx f15:4210e231 f15:4210e231 f13:45fee1df
17176249ns          285596 1c008652 5807f7d3 fsqrt.s          f15, f15            f15=xxxxxxxx f15:4613f0bf
17176547ns          285611 1c008656 00f4222b p.sw             x15, 4(x8!)          x8=10001670 x15:42c29bf5  x8:1000166c  PA:1000166c
17176567ns          285612 1c00863e 00472783 lw               x15, 4(x14)         x15=42a86709 x14:1c0109e8  PA:1c0109ec
17176865ns          285627 1c008640 00072683 lw               x13, 0(x14)         x13=426b7eca x14:1c0109e8  PA:1c0109e8
17177164ns          285642 1c008642 10f7f653 fmul.s           f12, f15, f15       f12=xxxxxxxx f15:42a86709 f15:42a86709
17177184ns          285643 1c008646 00872783 lw               x15, 8(x14)         x15=41a085ee x14:1c0109e8  PA:1c0109f0
17177482ns          285658 1c008648 00c70713 addi             x14, x14, 12        x14=1c0109f4 x14:1c0109e8
17177502ns          285659 1c00864a 60d6f6c3 fmadd.s          f13, f13, f13, f12  f13=xxxxxxxx f13:426b7eca f13:426b7eca f12:45dd8ecb
17177522ns          285660 1c00864e 68f7f7c3 fmadd.s          f15, f15, f15, f13  f15=xxxxxxxx f15:41a085ee f15:41a085ee f13:4624efe7
17177542ns          285661 1c008652 5807f7d3 fsqrt.s          f15, f15            f15=xxxxxxxx f15:462b3a62
17177840ns          285676 1c008656 00f4222b p.sw             x15, 4(x8!)          x8=10001674 x15:42d15ddb  x8:10001670  PA:10001670
17177860ns          285677 1c00863e 00472783 lw               x15, 4(x14)         x15=42c3a63e x14:1c0109f4  PA:1c0109f8
17178158ns          285692 1c008640 00072683 lw               x13, 0(x14)         x13=42b447d4 x14:1c0109f4  PA:1c0109f4
17178457ns          285707 1c008642 10f7f653 fmul.s           f12, f15, f15       f12=xxxxxxxx f15:42c3a63e f15:42c3a63e
17178476ns          285708 1c008646 00872783 lw               x15, 8(x14)         x15=40dac6af x14:1c0109f4  PA:1c0109fc
17178775ns          285723 1c008648 00c70713 addi             x14, x14, 12        x14=1c010a00 x14:1c0109f4
17178795ns          285724 1c00864a 60d6f6c3 fmadd.s          f13, f13, f13, f12  f13=xxxxxxxx f13:42b447d4 f13:42b447d4 f12:461586ae
17178815ns          285725 1c00864e 68f7f7c3 fmadd.s          f15, f15, f15, f13  f15=xxxxxxxx f15:40dac6af f15:40dac6af f13:468a3de2
17178834ns          285726 1c008652 5807f7d3 fsqrt.s          f15, f15            f15=xxxxxxxx f15:468a9b5d
17179113ns          285740 1c008656 00f4222b p.sw             x15, 4(x8!)          x8=10001678 x15:430532aa  x8:10001674  PA:10001674
17179133ns          285741 1c00863e 00472783 lw               x15, 4(x14)         x15=41ee8599 x14:1c010a00  PA:1c010a04
17179431ns          285756 1c008640 00072683 lw               x13, 0(x14)         x13=42486f29 x14:1c010a00  PA:1c010a00
17179730ns          285771 1c008642 10f7f653 fmul.s           f12, f15, f15       f12=xxxxxxxx f15:41ee8599 f15:41ee8599
17179749ns          285772 1c008646 00872783 lw               x15, 8(x14)         x15=41a5a71f x14:1c010a00  PA:1c010a08
17180048ns          285787 1c008648 00c70713 addi             x14, x14, 12        x14=1c010a0c x14:1c010a00
17180068ns          285788 1c00864a 60d6f6c3 fmadd.s          f13, f13, f13, f12  f13=xxxxxxxx f13:42486f29 f13:42486f29 f12:445e3cae
17180088ns          285789 1c00864e 68f7f7c3 fmadd.s          f15, f15, f15, f13  f15=xxxxxxxx f15:41a5a71f f15:41a5a71f f13:45547d0c
17180107ns          285790 1c008652 5807f7d3 fsqrt.s          f15, f15            f15=xxxxxxxx f15:456f4943
17180386ns          285804 1c008656 00f4222b p.sw             x15, 4(x8!)          x8=1000167c x15:42778086  x8:10001678  PA:10001678
17180406ns          285805 1c00863e 00472783 lw               x15, 4(x14)         x15=424b449d x14:1c010a0c  PA:1c010a10
17180724ns          285821 1c008640 00072683 lw               x13, 0(x14)         x13=41a81378 x14:1c010a0c  PA:1c010a0c
17181022ns          285836 1c008642 10f7f653 fmul.s           f12, f15, f15       f12=xxxxxxxx f15:424b449d f15:424b449d
17181042ns          285837 1c008646 00872783 lw               x15, 8(x14)         x15=42a6888f x14:1c010a0c  PA:1c010a14
17181341ns          285852 1c008648 00c70713 addi             x14, x14, 12        x14=1c010a18 x14:1c010a0c
17181361ns          285853 1c00864a 60d6f6c3 fmadd.s          f13, f13, f13, f12  f13=xxxxxxxx f13:41a81378 f13:41a81378 f12:452165e3
17181380ns          285854 1c00864e 68f7f7c3 fmadd.s          f15, f15, f15, f13  f15=xxxxxxxx f15:42a6888f f15:42a6888f f13:453cfc47
17181400ns          285855 1c008652 5807f7d3 fsqrt.s          f15, f15            f15=xxxxxxxx f15:461b9474
17181679ns          285869 1c008656 00f4222b p.sw             x15, 4(x8!)          x8=10001680 x15:42c79218  x8:1000167c  PA:1000167c
17181699ns          285870 1c00863e 00472783 lw               x15, 4(x14)         x15=429992e5 x14:1c010a18  PA:1c010a1c
17182017ns          285886 1c008640 00072683 lw               x13, 0(x14)         x13=4292871d x14:1c010a18  PA:1c010a18
17182315ns          285901 1c008642 10f7f653 fmul.s           f12, f15, f15       f12=xxxxxxxx f15:429992e5 f15:429992e5
17182335ns          285902 1c008646 00872783 lw               x15, 8(x14)         x15=3ffd5550 x14:1c010a18  PA:1c010a20
17182634ns          285917 1c008648 00c70713 addi             x14, x14, 12        x14=1c010a24 x14:1c010a18
17182654ns          285918 1c00864a 60d6f6c3 fmadd.s          f13, f13, f13, f12  f13=xxxxxxxx f13:4292871d f13:4292871d f12:45b841d4
17182673ns          285919 1c00864e 68f7f7c3 fmadd.s          f15, f15, f15, f13  f15=xxxxxxxx f15:3ffd5550 f15:3ffd5550 f13:462fff4e
17182693ns          285920 1c008652 5807f7d3 fsqrt.s          f15, f15            f15=xxxxxxxx f15:46300ef9
17182992ns          285935 1c008656 00f4222b p.sw             x15, 4(x8!)          x8=10001684 x15:42d44c9c  x8:10001680  PA:10001680
17183012ns          285936 1c00863e 00472783 lw               x15, 4(x14)         x15=41b68ae3 x14:1c010a24  PA:1c010a28
17183330ns          285952 1c008640 00072683 lw               x13, 0(x14)         x13=428e67ac x14:1c010a24  PA:1c010a24
17183648ns          285968 1c008642 10f7f653 fmul.s           f12, f15, f15       f12=xxxxxxxx f15:41b68ae3 f15:41b68ae3
17183668ns          285969 1c008646 00872783 lw               x15, 8(x14)         x15=420b6565 x14:1c010a24  PA:1c010a2c
17183966ns          285984 1c008648 00c70713 addi             x14, x14, 12        x14=1c010a30 x14:1c010a24
17183986ns          285985 1c00864a 60d6f6c3 fmadd.s          f13, f13, f13, f12  f13=xxxxxxxx f13:428e67ac f13:428e67ac f12:440229c6
17184006ns          285986 1c00864e 68f7f7c3 fmadd.s          f15, f15, f15, f13  f15=xxxxxxxx f15:420b6565 f15:420b6565 f13:45aeb392
17184026ns          285987 1c008652 5807f7d3 fsqrt.s          f15, f15            f15=xxxxxxxx f15:45d4a734
17184304ns          286001 1c008656 00f4222b p.sw             x15, 4(x8!)          x8=10001688 x15:42a4fbd0  x8:10001684  PA:10001684
17184324ns          286002 1c00863e 00472783 lw               x15, 4(x14)         x15=41b7153e x14:1c010a30  PA:1c010a34
17184643ns          286018 1c008640 00072683 lw               x13, 0(x14)         x13=4264261a x14:1c010a30  PA:1c010a30
17184941ns          286033 1c008642 10f7f653 fmul.s           f12, f15, f15       f12=xxxxxxxx f15:41b7153e f15:41b7153e
17184961ns          286034 1c008646 00872783 lw               x15, 8(x14)         x15=4163a182 x14:1c010a30  PA:1c010a38
17185259ns          286049 1c008648 00c70713 addi             x14, x14, 12        x14=1c010a3c x14:1c010a30
17185279ns          286050 1c00864a 60d6f6c3 fmadd.s          f13, f13, f13, f12  f13=xxxxxxxx f13:4264261a f13:4264261a f12:4402ef60
17185299ns          286051 1c00864e 68f7f7c3 fmadd.s          f15, f15, f15, f13  f15=xxxxxxxx f15:4163a182 f15:4163a182 f13:456c0fbc
17185319ns          286052 1c008652 5807f7d3 fsqrt.s          f15, f15            f15=xxxxxxxx f15:4578b639
17185617ns          286067 1c008656 00f4222b p.sw             x15, 4(x8!)          x8=1000168c x15:427c5460  x8:10001688  PA:10001688
17185637ns          286068 1c00863e 00472783 lw               x15, 4(x14)         x15=42b3c896 x14:1c010a3c  PA:1c010a40
17185955ns          286084 1c008640 00072683 lw               x13, 0(x14)         x13=42c68d8d x14:1c010a3c  PA:1c010a3c
17186254ns          286099 1c008642 10f7f653 fmul.s           f12, f15, f15       f12=xxxxxxxx f15:42b3c896 f15:42b3c896
17186274ns          286100 1c008646 00872783 lw               x15, 8(x14)         x15=425a04f2 x14:1c010a3c  PA:1c010a44
17186572ns          286115 1c008648 00c70713 addi             x14, x14, 12        x14=1c010a48 x14:1c010a3c
17186592ns          286116 1c00864a 60d6f6c3 fmadd.s          f13, f13, f13, f12  f13=xxxxxxxx f13:42c68d8d f13:42c68d8d f12:45fc843e
17186612ns          286117 1c00864e 68f7f7c3 fmadd.s          f15, f15, f15, f13  f15=xxxxxxxx f15:425a04f2 f15:425a04f2 f13:468c20b2
17186632ns          286118 1c008652 5807f7d3 fsqrt.s          f15, f15            f15=xxxxxxxx f15:46a35640
17186930ns          286133 1c008656 00f4222b p.sw             x15, 4(x8!)          x8=10001690 x15:431097cc  x8:1000168c  PA:1000168c
17186950ns          286134 1c00863e 00472783 lw               x15, 4(x14)         x15=42a688de x14:1c010a48  PA:1c010a4c
17187268ns          286150 1c008640 00072683 lw               x13, 0(x14)         x13=42ac4166 x14:1c010a48  PA:1c010a48
17187567ns          286165 1c008642 10f7f653 fmul.s           f12, f15, f15       f12=xxxxxxxx f15:42a688de f15:42a688de
17187586ns          286166 1c008646 00872783 lw               x15, 8(x14)         x15=4199de79 x14:1c010a48  PA:1c010a50
17187885ns          286181 1c008648 00c70713 addi             x14, x14, 12        x14=1c010a54 x14:1c010a48
17187905ns          286182 1c00864a 60d6f6c3 fmadd.s          f13, f13, f13, f12  f13=xxxxxxxx f13:42ac4166 f13:42ac4166 f12:45d8ab92
17187925ns          286183 1c00864e 68f7f7c3 fmadd.s          f15, f15, f15, f13  f15=xxxxxxxx f15:4199de79 f15:4199de79 f13:46603dbb
17187944ns          286184 1c008652 5807f7d3 fsqrt.s          f15, f15            f15=xxxxxxxx f15:46660576
17188243ns          286199 1c008656 00f4222b p.sw             x15, 4(x8!)          x8=10001694 x15:42f2a9cc  x8:10001690  PA:10001690
17188263ns          286200 1c00863e 00472783 lw               x15, 4(x14)         x15=42c6086e x14:1c010a54  PA:1c010a58
17188561ns          286215 1c008640 00072683 lw               x13, 0(x14)         x13=412fac69 x14:1c010a54  PA:1c010a54
17188859ns          286230 1c008642 10f7f653 fmul.s           f12, f15, f15       f12=xxxxxxxx f15:42c6086e f15:42c6086e
17188879ns          286231 1c008646 00872783 lw               x15, 8(x14)         x15=42b930ce x14:1c010a54  PA:1c010a5c
17189178ns          286246 1c008648 00c70713 addi             x14, x14, 12        x14=1c010a60 x14:1c010a54
17189198ns          286247 1c00864a 60d6f6c3 fmadd.s          f13, f13, f13, f12  f13=xxxxxxxx f13:412fac69 f13:412fac69 f12:4619310a
17189217ns          286248 1c00864e 68f7f7c3 fmadd.s          f15, f15, f15, f13  f15=xxxxxxxx f15:42b930ce f15:42b930ce f13:461b133f
17189237ns          286249 1c008652 5807f7d3 fsqrt.s          f15, f15            f15=xxxxxxxx f15:46908569
17189556ns          286265 1c008656 00f4222b p.sw             x15, 4(x8!)          x8=10001698 x15:4308028c  x8:10001694  PA:10001694
17189575ns          286266 1c00863e 00472783 lw               x15, 4(x14)         x15=42c0ed4f x14:1c010a60  PA:1c010a64
17189874ns          286281 1c008640 00072683 lw               x13, 0(x14)         x13=404bedea x14:1c010a60  PA:1c010a60
17190172ns          286296 1c008642 10f7f653 fmul.s           f12, f15, f15       f12=xxxxxxxx f15:42c0ed4f f15:42c0ed4f
17190192ns          286297 1c008646 00872783 lw               x15, 8(x14)         x15=4189f503 x14:1c010a60  PA:1c010a68
17190490ns          286312 1c008648 00c70713 addi             x14, x14, 12        x14=1c010a6c x14:1c010a60
17190510ns          286313 1c00864a 60d6f6c3 fmadd.s          f13, f13, f13, f12  f13=xxxxxxxx f13:404bedea f13:404bedea f12:461164d2
17190530ns          286314 1c00864e 68f7f7c3 fmadd.s          f15, f15, f15, f13  f15=xxxxxxxx f15:4189f503 f15:4189f503 f13:46118d6f
17190550ns          286315 1c008652 5807f7d3 fsqrt.s          f15, f15            f15=xxxxxxxx f15:461632f1
17190868ns          286331 1c008656 00f4222b p.sw             x15, 4(x8!)          x8=1000169c x15:42c416d0  x8:10001698  PA:10001698
17190888ns          286332 1c00863e 00472783 lw               x15, 4(x14)         x15=4291a240 x14:1c010a6c  PA:1c010a70
17191187ns          286347 1c008640 00072683 lw               x13, 0(x14)         x13=4285bae9 x14:1c010a6c  PA:1c010a6c
17191485ns          286362 1c008642 10f7f653 fmul.s           f12, f15, f15       f12=xxxxxxxx f15:4291a240 f15:4291a240
17191505ns          286363 1c008646 00872783 lw               x15, 8(x14)         x15=421a697f x14:1c010a6c  PA:1c010a74
17191803ns          286378 1c008648 00c70713 addi             x14, x14, 12        x14=1c010a78 x14:1c010a6c
17191823ns          286379 1c00864a 60d6f6c3 fmadd.s          f13, f13, f13, f12  f13=xxxxxxxx f13:4285bae9 f13:4285bae9 f12:45a5b267
17191843ns          286380 1c00864e 68f7f7c3 fmadd.s          f15, f15, f15, f13  f15=xxxxxxxx f15:421a697f f15:421a697f f13:4618b4f2
17191863ns          286381 1c008652 5807f7d3 fsqrt.s          f15, f15            f15=xxxxxxxx f15:462ffdb8
17192161ns          286396 1c008656 00f4222b p.sw             x15, 4(x8!)          x8=100016a0 x15:42d44234  x8:1000169c  PA:1000169c
17192181ns          286397 1c00863e 00472783 lw               x15, 4(x14)         x15=42bb4696 x14:1c010a78  PA:1c010a7c
17192480ns          286412 1c008640 00072683 lw               x13, 0(x14)         x13=4188713b x14:1c010a78  PA:1c010a78
17192778ns          286427 1c008642 10f7f653 fmul.s           f12, f15, f15       f12=xxxxxxxx f15:42bb4696 f15:42bb4696
17192798ns          286428 1c008646 00872783 lw               x15, 8(x14)         x15=421af2c7 x14:1c010a78  PA:1c010a80
17193096ns          286443 1c008648 00c70713 addi             x14, x14, 12        x14=1c010a84 x14:1c010a78
17193116ns          286444 1c00864a 60d6f6c3 fmadd.s          f13, f13, f13, f12  f13=xxxxxxxx f13:4188713b f13:4188713b f12:46090033
17193136ns          286445 1c00864e 68f7f7c3 fmadd.s          f15, f15, f15, f13  f15=xxxxxxxx f15:421af2c7 f15:421af2c7 f13:460d8bbb
17193156ns          286446 1c008652 5807f7d3 fsqrt.s          f15, f15            f15=xxxxxxxx f15:4624fdfa
17193434ns          286460 1c008656 00f4222b p.sw             x15, 4(x8!)          x8=100016a4 x15:42cd84d0  x8:100016a0  PA:100016a0
17193454ns          286461 1c00863e 00472783 lw               x15, 4(x14)         x15=42637d4d x14:1c010a84  PA:1c010a88
17193753ns          286476 1c008640 00072683 lw               x13, 0(x14)         x13=41531712 x14:1c010a84  PA:1c010a84
17194071ns          286492 1c008642 10f7f653 fmul.s           f12, f15, f15       f12=xxxxxxxx f15:42637d4d f15:42637d4d
17194091ns          286493 1c008646 00872783 lw               x15, 8(x14)         x15=42938806 x14:1c010a84  PA:1c010a8c
17194389ns          286508 1c008648 00c70713 addi             x14, x14, 12        x14=1c010a90 x14:1c010a84
17194409ns          286509 1c00864a 60d6f6c3 fmadd.s          f13, f13, f13, f12  f13=xxxxxxxx f13:41531712 f13:41531712 f12:454a2774
17194429ns          286510 1c00864e 68f7f7c3 fmadd.s          f15, f15, f15, f13  f15=xxxxxxxx f15:42938806 f15:42938806 f13:45550865
17194449ns          286511 1c008652 5807f7d3 fsqrt.s          f15, f15            f15=xxxxxxxx f15:460a4798
17194727ns          286525 1c008656 00f4222b p.sw             x15, 4(x8!)          x8=100016a8 x15:42bc25d6  x8:100016a4  PA:100016a4
17194747ns          286526 1c00863e 00472783 lw               x15, 4(x14)         x15=42b4f7b5 x14:1c010a90  PA:1c010a94
17195065ns          286542 1c008640 00072683 lw               x13, 0(x14)         x13=404ff3dd x14:1c010a90  PA:1c010a90
17195384ns          286558 1c008642 10f7f653 fmul.s           f12, f15, f15       f12=xxxxxxxx f15:42b4f7b5 f15:42b4f7b5
17195403ns          286559 1c008646 00872783 lw               x15, 8(x14)         x15=4226bc3a x14:1c010a90  PA:1c010a98
17195702ns          286574 1c008648 00c70713 addi             x14, x14, 12        x14=1c010a9c x14:1c010a90
17195722ns          286575 1c00864a 60d6f6c3 fmadd.s          f13, f13, f13, f12  f13=xxxxxxxx f13:404ff3dd f13:404ff3dd f12:45ffda8c
17195742ns          286576 1c00864e 68f7f7c3 fmadd.s          f15, f15, f15, f13  f15=xxxxxxxx f15:4226bc3a f15:4226bc3a f13:46001781
17195762ns          286577 1c008652 5807f7d3 fsqrt.s          f15, f15            f15=xxxxxxxx f15:461b3daa
17196040ns          286591 1c008656 00f4222b p.sw             x15, 4(x8!)          x8=100016ac x15:42c75a66  x8:100016a8  PA:100016a8
17196060ns          286592 1c00863e 00472783 lw               x15, 4(x14)         x15=42af32a4 x14:1c010a9c  PA:1c010aa0
17196398ns          286609 1c008640 00072683 lw               x13, 0(x14)         x13=423c2440 x14:1c010a9c  PA:1c010a9c
17196716ns          286625 1c008642 10f7f653 fmul.s           f12, f15, f15       f12=xxxxxxxx f15:42af32a4 f15:42af32a4
17196736ns          286626 1c008646 00872783 lw               x15, 8(x14)         x15=41e4ec50 x14:1c010a9c  PA:1c010aa4
17197054ns          286642 1c008648 00c70713 addi             x14, x14, 12        x14=1c010aa8 x14:1c010a9c
17197074ns          286643 1c00864a 60d6f6c3 fmadd.s          f13, f13, f13, f12  f13=xxxxxxxx f13:423c2440 f13:423c2440 f12:45efcc8c
17197094ns          286644 1c00864e 68f7f7c3 fmadd.s          f15, f15, f15, f13  f15=xxxxxxxx f15:41e4ec50 f15:41e4ec50 f13:461a7797
17197114ns          286645 1c008652 5807f7d3 fsqrt.s          f15, f15            f15=xxxxxxxx f15:462742f4
17197393ns          286659 1c008656 00f4222b p.sw             x15, 4(x8!)          x8=100016b0 x15:42ceed6b  x8:100016ac  PA:100016ac
17197412ns          286660 1c00863e 00472783 lw               x15, 4(x14)         x15=425ca7e2 x14:1c010aa8  PA:1c010aac
17197711ns          286675 1c008640 00072683 lw               x13, 0(x14)         x13=41f4f41c x14:1c010aa8  PA:1c010aa8
17198029ns          286691 1c008642 10f7f653 fmul.s           f12, f15, f15       f12=xxxxxxxx f15:425ca7e2 f15:425ca7e2
17198049ns          286692 1c008646 00872783 lw               x15, 8(x14)         x15=428a87d5 x14:1c010aa8  PA:1c010ab0
17198347ns          286707 1c008648 00c70713 addi             x14, x14, 12        x14=1c010ab4 x14:1c010aa8
17198367ns          286708 1c00864a 60d6f6c3 fmadd.s          f13, f13, f13, f12  f13=xxxxxxxx f13:41f4f41c f13:41f4f41c f12:453e30fb
17198387ns          286709 1c00864e 68f7f7c3 fmadd.s          f15, f15, f15, f13  f15=xxxxxxxx f15:428a87d5 f15:428a87d5 f13:4578c98b
17198407ns          286710 1c008652 5807f7d3 fsqrt.s          f15, f15            f15=xxxxxxxx f15:4609291c
17198685ns          286724 1c008656 00f4222b p.sw             x15, 4(x8!)          x8=100016b4 x15:42bb628a  x8:100016b0  PA:100016b0
17198705ns          286725 1c00863e 00472783 lw               x15, 4(x14)         x15=4213114e x14:1c010ab4  PA:1c010ab8
17199004ns          286740 1c008640 00072683 lw               x13, 0(x14)         x13=4256445b x14:1c010ab4  PA:1c010ab4
17199322ns          286756 1c008642 10f7f653 fmul.s           f12, f15, f15       f12=xxxxxxxx f15:4213114e f15:4213114e
17199342ns          286757 1c008646 00872783 lw               x15, 8(x14)         x15=428fb054 x14:1c010ab4  PA:1c010abc
17199680ns          286774 1c008648 00c70713 addi             x14, x14, 12        x14=1c010ac0 x14:1c010ab4
17199700ns          286775 1c00864a 60d6f6c3 fmadd.s          f13, f13, f13, f12  f13=xxxxxxxx f13:4256445b f13:4256445b f12:44a8f9c1
17199720ns          286776 1c00864e 68f7f7c3 fmadd.s          f15, f15, f15, f13  f15=xxxxxxxx f15:428fb054 f15:428fb054 f13:4583e99d
17199740ns          286777 1c008652 5807f7d3 fsqrt.s          f15, f15            f15=xxxxxxxx f15:46129b46
17200018ns          286791 1c008656 00f4222b p.sw             x15, 4(x8!)          x8=100016b8 x15:42c1bada  x8:100016b4  PA:100016b4
17200038ns          286792 1c00863e 00472783 lw               x15, 4(x14)         x15=421680cb x14:1c010ac0  PA:1c010ac4
17200336ns          286807 1c008640 00072683 lw               x13, 0(x14)         x13=408dc3b3 x14:1c010ac0  PA:1c010ac0
17200655ns          286823 1c008642 10f7f653 fmul.s           f12, f15, f15       f12=xxxxxxxx f15:421680cb f15:421680cb
17200675ns          286824 1c008646 00872783 lw               x15, 8(x14)         x15=42195083 x14:1c010ac0  PA:1c010ac8
17200993ns          286840 1c008648 00c70713 addi             x14, x14, 12        x14=1c010acc x14:1c010ac0
17201013ns          286841 1c00864a 60d6f6c3 fmadd.s          f13, f13, f13, f12  f13=xxxxxxxx f13:408dc3b3 f13:408dc3b3 f12:44b0f65d
17201033ns          286842 1c00864e 68f7f7c3 fmadd.s          f15, f15, f15, f13  f15=xxxxxxxx f15:42195083 f15:42195083 f13:44b36a66
17201052ns          286843 1c008652 5807f7d3 fsqrt.s          f15, f15            f15=xxxxxxxx f15:45358689
17201331ns          286857 1c008656 00f4222b p.sw             x15, 4(x8!)          x8=100016bc x15:425791fc  x8:100016b8  PA:100016b8
17201351ns          286858 1c00863e 00472783 lw               x15, 4(x14)         x15=42281824 x14:1c010acc  PA:1c010ad0
17201649ns          286873 1c008640 00072683 lw               x13, 0(x14)         x13=422b3d83 x14:1c010acc  PA:1c010acc
17201967ns          286889 1c008642 10f7f653 fmul.s           f12, f15, f15       f12=xxxxxxxx f15:42281824 f15:42281824
17201987ns          286890 1c008646 00872783 lw               x15, 8(x14)         x15=42b116f4 x14:1c010acc  PA:1c010ad4
17202306ns          286906 1c008648 00c70713 addi             x14, x14, 12        x14=1c010ad8 x14:1c010acc
17202325ns          286907 1c00864a 60d6f6c3 fmadd.s          f13, f13, f13, f12  f13=xxxxxxxx f13:422b3d83 f13:422b3d83 f12:44dcbf63
17202345ns          286908 1c00864e 68f7f7c3 fmadd.s          f15, f15, f15, f13  f15=xxxxxxxx f15:42b116f4 f15:42b116f4 f13:4560eaed
17202365ns          286909 1c008652 5807f7d3 fsqrt.s          f15, f15            f15=xxxxxxxx f15:4632bb7b
17202644ns          286923 1c008656 00f4222b p.sw             x15, 4(x8!)          x8=100016c0 x15:42d5e7c2  x8:100016bc  PA:100016bc
17202664ns          286924 1c00863e 00472783 lw               x15, 4(x14)         x15=42931ce8 x14:1c010ad8  PA:1c010adc
17202962ns          286939 1c008640 00072683 lw               x13, 0(x14)         x13=42550171 x14:1c010ad8  PA:1c010ad8
17203280ns          286955 1c008642 10f7f653 fmul.s           f12, f15, f15       f12=xxxxxxxx f15:42931ce8 f15:42931ce8
17203300ns          286956 1c008646 00872783 lw               x15, 8(x14)         x15=42a025f5 x14:1c010ad8  PA:1c010ae0
17203618ns          286972 1c008648 00c70713 addi             x14, x14, 12        x14=1c010ae4 x14:1c010ad8
17203638ns          286973 1c00864a 60d6f6c3 fmadd.s          f13, f13, f13, f12  f13=xxxxxxxx f13:42550171 f13:42550171 f12:45a9146b
17203658ns          286974 1c00864e 68f7f7c3 fmadd.s          f15, f15, f15, f13  f15=xxxxxxxx f15:42a025f5 f15:42a025f5 f13:4600d90f
17203678ns          286975 1c008652 5807f7d3 fsqrt.s          f15, f15            f15=xxxxxxxx f15:46650887
17203957ns          286989 1c008656 00f4222b p.sw             x15, 4(x8!)          x8=100016c4 x15:42f2243c  x8:100016c0  PA:100016c0
17203976ns          286990 1c00863e 00472783 lw               x15, 4(x14)         x15=421a4e53 x14:1c010ae4  PA:1c010ae8
17204275ns          287005 1c008640 00072683 lw               x13, 0(x14)         x13=429c5fd9 x14:1c010ae4  PA:1c010ae4
17204593ns          287021 1c008642 10f7f653 fmul.s           f12, f15, f15       f12=xxxxxxxx f15:421a4e53 f15:421a4e53
17204613ns          287022 1c008646 00872783 lw               x15, 8(x14)         x15=42555d3c x14:1c010ae4  PA:1c010aec
17204931ns          287038 1c008648 00c70713 addi             x14, x14, 12        x14=1c010af0 x14:1c010ae4
17204951ns          287039 1c00864a 60d6f6c3 fmadd.s          f13, f13, f13, f12  f13=xxxxxxxx f13:429c5fd9 f13:429c5fd9 f12:44ba04a8
17204971ns          287040 1c00864e 68f7f7c3 fmadd.s          f15, f15, f15, f13  f15=xxxxxxxx f15:42555d3c f15:42555d3c f13:45ed8b13
17204991ns          287041 1c008652 5807f7d3 fsqrt.s          f15, f15            f15=xxxxxxxx f15:46233a9b
17205269ns          287055 1c008656 00f4222b p.sw             x15, 4(x8!)          x8=100016c8 x15:42cc6af0  x8:100016c4  PA:100016c4
17205289ns          287056 1c00863e 00472783 lw               x15, 4(x14)         x15=41bbdf0e x14:1c010af0  PA:1c010af4
17205588ns          287071 1c008640 00072683 lw               x13, 0(x14)         x13=428499a5 x14:1c010af0  PA:1c010af0
17205906ns          287087 1c008642 10f7f653 fmul.s           f12, f15, f15       f12=xxxxxxxx f15:41bbdf0e f15:41bbdf0e
17205926ns          287088 1c008646 00872783 lw               x15, 8(x14)         x15=40a56129 x14:1c010af0  PA:1c010af8
17206244ns          287104 1c008648 00c70713 addi             x14, x14, 12        x14=1c010afc x14:1c010af0
17206264ns          287105 1c00864a 60d6f6c3 fmadd.s          f13, f13, f13, f12  f13=xxxxxxxx f13:428499a5 f13:428499a5 f12:4409dfa1
17206284ns          287106 1c00864e 68f7f7c3 fmadd.s          f15, f15, f15, f13  f15=xxxxxxxx f15:40a56129 f15:40a56129 f13:459a9991
17206304ns          287107 1c008652 5807f7d3 fsqrt.s          f15, f15            f15=xxxxxxxx f15:459b6f3e
17206582ns          287121 1c008656 00f4222b p.sw             x15, 4(x8!)          x8=100016cc x15:428d0d45  x8:100016c8  PA:100016c8
17206602ns          287122 1c00863e 00472783 lw               x15, 4(x14)         x15=414c287b x14:1c010afc  PA:1c010b00
17206900ns          287137 1c008640 00072683 lw               x13, 0(x14)         x13=42b5ccd3 x14:1c010afc  PA:1c010afc
17207199ns          287152 1c008642 10f7f653 fmul.s           f12, f15, f15       f12=xxxxxxxx f15:414c287b f15:414c287b
17207219ns          287153 1c008646 00872783 lw               x15, 8(x14)         x15=42a83431 x14:1c010afc  PA:1c010b04
17207517ns          287168 1c008648 00c70713 addi             x14, x14, 12        x14=1c010b08 x14:1c010afc
17207537ns          287169 1c00864a 60d6f6c3 fmadd.s          f13, f13, f13, f12  f13=xxxxxxxx f13:42b5ccd3 f13:42b5ccd3 f12:4322d08a
17207557ns          287170 1c00864e 68f7f7c3 fmadd.s          f15, f15, f15, f13  f15=xxxxxxxx f15:42a83431 f15:42a83431 f13:4603a688
17207577ns          287171 1c008652 5807f7d3 fsqrt.s          f15, f15            f15=xxxxxxxx f15:46722b13
17207855ns          287185 1c008656 00f4222b p.sw             x15, 4(x8!)          x8=100016d0 x15:42f8fcf4  x8:100016cc  PA:100016cc
17207875ns          287186 1c00863e 00472783 lw               x15, 4(x14)         x15=4295ff32 x14:1c010b08  PA:1c010b0c
17208173ns          287201 1c008640 00072683 lw               x13, 0(x14)         x13=42989ee9 x14:1c010b08  PA:1c010b08
17208472ns          287216 1c008642 10f7f653 fmul.s           f12, f15, f15       f12=xxxxxxxx f15:4295ff32 f15:4295ff32
17208492ns          287217 1c008646 00872783 lw               x15, 8(x14)         x15=41ef9616 x14:1c010b08  PA:1c010b10
17208830ns          287234 1c008648 00c70713 addi             x14, x14, 12        x14=1c010b14 x14:1c010b08
17208850ns          287235 1c00864a 60d6f6c3 fmadd.s          f13, f13, f13, f12  f13=xxxxxxxx f13:42989ee9 f13:42989ee9 f12:45afc61d
17208870ns          287236 1c00864e 68f7f7c3 fmadd.s          f15, f15, f15, f13  f15=xxxxxxxx f15:41ef9616 f15:41ef9616 f13:4632e026
17208889ns          287237 1c008652 5807f7d3 fsqrt.s          f15, f15            f15=xxxxxxxx f15:4640e3bf
17209168ns          287251 1c008656 00f4222b p.sw             x15, 4(x8!)          x8=100016d4 x15:42de372e  x8:100016d0  PA:100016d0
17209188ns          287252 1c00863e 00472783 lw               x15, 4(x14)         x15=42a76dd3 x14:1c010b14  PA:1c010b18
17209486ns          287267 1c008640 00072683 lw               x13, 0(x14)         x13=4266366c x14:1c010b14  PA:1c010b14
17209784ns          287282 1c008642 10f7f653 fmul.s           f12, f15, f15       f12=xxxxxxxx f15:42a76dd3 f15:42a76dd3
17209804ns          287283 1c008646 00872783 lw               x15, 8(x14)         x15=4291a2a0 x14:1c010b14  PA:1c010b1c
17210123ns          287299 1c008648 00c70713 addi             x14, x14, 12        x14=1c010b20 x14:1c010b14
17210143ns          287300 1c00864a 60d6f6c3 fmadd.s          f13, f13, f13, f12  f13=xxxxxxxx f13:4266366c f13:4266366c f12:45db00f1
17210162ns          287301 1c00864e 68f7f7c3 fmadd.s          f15, f15, f15, f13  f15=xxxxxxxx f15:4291a2a0 f15:4291a2a0 f13:462141ee
17210182ns          287302 1c008652 5807f7d3 fsqrt.s          f15, f15            f15=xxxxxxxx f15:46741b8f
17210461ns          287316 1c008656 00f4222b p.sw             x15, 4(x8!)          x8=100016d8 x15:42f9fbae  x8:100016d4  PA:100016d4
17210481ns          287317 1c00863e 00472783 lw               x15, 4(x14)         x15=4145fba6 x14:1c010b20  PA:1c010b24
17210779ns          287332 1c008640 00072683 lw               x13, 0(x14)         x13=42b63837 x14:1c010b20  PA:1c010b20
17211077ns          287347 1c008642 10f7f653 fmul.s           f12, f15, f15       f12=xxxxxxxx f15:4145fba6 f15:4145fba6
17211097ns          287348 1c008646 00872783 lw               x15, 8(x14)         x15=422592a1 x14:1c010b20  PA:1c010b28
17211416ns          287364 1c008648 00c70713 addi             x14, x14, 12        x14=1c010b2c x14:1c010b20
17211435ns          287365 1c00864a 60d6f6c3 fmadd.s          f13, f13, f13, f12  f13=xxxxxxxx f13:42b63837 f13:42b63837 f12:43191d45
17211455ns          287366 1c00864e 68f7f7c3 fmadd.s          f15, f15, f15, f13  f15=xxxxxxxx f15:422592a1 f15:422592a1 f13:46041870
17211475ns          287367 1c008652 5807f7d3 fsqrt.s          f15, f15            f15=xxxxxxxx f15:461ede06
17211754ns          287381 1c008656 00f4222b p.sw             x15, 4(x8!)          x8=100016dc x15:42c9ab09  x8:100016d8  PA:100016d8
17211774ns          287382 1c00863e 00472783 lw               x15, 4(x14)         x15=42a7eb14 x14:1c010b2c  PA:1c010b30
17212072ns          287397 1c008640 00072683 lw               x13, 0(x14)         x13=424e9f66 x14:1c010b2c  PA:1c010b2c
17212370ns          287412 1c008642 10f7f653 fmul.s           f12, f15, f15       f12=xxxxxxxx f15:42a7eb14 f15:42a7eb14
17212390ns          287413 1c008646 00872783 lw               x15, 8(x14)         x15=42b4164c x14:1c010b2c  PA:1c010b34
17212708ns          287429 1c008648 00c70713 addi             x14, x14, 12        x14=1c010b38 x14:1c010b2c
17212728ns          287430 1c00864a 60d6f6c3 fmadd.s          f13, f13, f13, f12  f13=xxxxxxxx f13:424e9f66 f13:424e9f66 f12:45dc4918
17212748ns          287431 1c00864e 68f7f7c3 fmadd.s          f15, f15, f15, f13  f15=xxxxxxxx f15:42b4164c f15:42b4164c f13:4617d5c7
17212768ns          287432 1c008652 5807f7d3 fsqrt.s          f15, f15            f15=xxxxxxxx f15:468b4292
17213047ns          287446 1c008656 00f4222b p.sw             x15, 4(x8!)          x8=100016e0 x15:430582e9  x8:100016dc  PA:100016dc
17213066ns          287447 1c00863e 00472783 lw               x15, 4(x14)         x15=42b16e11 x14:1c010b38  PA:1c010b3c
17213365ns          287462 1c008640 00072683 lw               x13, 0(x14)         x13=4244633c x14:1c010b38  PA:1c010b38
17213663ns          287477 1c008642 10f7f653 fmul.s           f12, f15, f15       f12=xxxxxxxx f15:42b16e11 f15:42b16e11
17213683ns          287478 1c008646 00872783 lw               x15, 8(x14)         x15=42ae5191 x14:1c010b38  PA:1c010b40
17214021ns          287495 1c008648 00c70713 addi             x14, x14, 12        x14=1c010b44 x14:1c010b38
17214041ns          287496 1c00864a 60d6f6c3 fmadd.s          f13, f13, f13, f12  f13=xxxxxxxx f13:4244633c f13:4244633c f12:45f5f2c6
17214061ns          287497 1c00864e 68f7f7c3 fmadd.s          f15, f15, f15, f13  f15=xxxxxxxx f15:42ae5191 f15:42ae5191 f13:4620a36a
17214081ns          287498 1c008652 5807f7d3 fsqrt.s          f15, f15            f15=xxxxxxxx f15:468bab33
17214359ns          287512 1c008656 00f4222b p.sw             x15, 4(x8!)          x8=100016e4 x15:4305b507  x8:100016e0  PA:100016e0
17214379ns          287513 1c00863e 00472783 lw               x15, 4(x14)         x15=4261033d x14:1c010b44  PA:1c010b48
17214678ns          287528 1c008640 00072683 lw               x13, 0(x14)         x13=42abb14f x14:1c010b44  PA:1c010b44
17214976ns          287543 1c008642 10f7f653 fmul.s           f12, f15, f15       f12=xxxxxxxx f15:4261033d f15:4261033d
17214996ns          287544 1c008646 00872783 lw               x15, 8(x14)         x15=42c2200f x14:1c010b44  PA:1c010b4c
17215334ns          287561 1c008648 00c70713 addi             x14, x14, 12        x14=1c010b50 x14:1c010b44
17215354ns          287562 1c00864a 60d6f6c3 fmadd.s          f13, f13, f13, f12  f13=xxxxxxxx f13:42abb14f f13:42abb14f f12:4545c6b1
17215374ns          287563 1c00864e 68f7f7c3 fmadd.s          f15, f15, f15, f13  f15=xxxxxxxx f15:42c2200f f15:42c2200f f13:46249807
17215394ns          287564 1c008652 5807f7d3 fsqrt.s          f15, f15            f15=xxxxxxxx f15:469be651
17215672ns          287578 1c008656 00f4222b p.sw             x15, 4(x8!)          x8=100016e8 x15:430d4342  x8:100016e4  PA:100016e4
17215692ns          287579 1c00863e 00472783 lw               x15, 4(x14)         x15=414fbad6 x14:1c010b50  PA:1c010b54
17215990ns          287594 1c008640 00072683 lw               x13, 0(x14)         x13=4285e821 x14:1c010b50  PA:1c010b50
17216289ns          287609 1c008642 10f7f653 fmul.s           f12, f15, f15       f12=xxxxxxxx f15:414fbad6 f15:414fbad6
17216309ns          287610 1c008646 00872783 lw               x15, 8(x14)         x15=41d0f7d9 x14:1c010b50  PA:1c010b58
17216647ns          287627 1c008648 00c70713 addi             x14, x14, 12        x14=1c010b5c x14:1c010b50
17216667ns          287628 1c00864a 60d6f6c3 fmadd.s          f13, f13, f13, f12  f13=xxxxxxxx f13:4285e821 f13:4285e821 f12:43288fae
17216687ns          287629 1c00864e 68f7f7c3 fmadd.s          f15, f15, f15, f13  f15=xxxxxxxx f15:41d0f7d9 f15:41d0f7d9 f13:45915a87
17216706ns          287630 1c008652 5807f7d3 fsqrt.s          f15, f15            f15=xxxxxxxx f15:45a6acfd
17216985ns          287644 1c008656 00f4222b p.sw             x15, 4(x8!)          x8=100016ec x15:42921036  x8:100016e8  PA:100016e8
17217005ns          287645 1c00863e 00472783 lw               x15, 4(x14)         x15=420bf99f x14:1c010b5c  PA:1c010b60
17217303ns          287660 1c008640 00072683 lw               x13, 0(x14)         x13=42b8dd6d x14:1c010b5c  PA:1c010b5c
17217602ns          287675 1c008642 10f7f653 fmul.s           f12, f15, f15       f12=xxxxxxxx f15:420bf99f f15:420bf99f
17217621ns          287676 1c008646 00872783 lw               x15, 8(x14)         x15=40e0a640 x14:1c010b5c  PA:1c010b64
17217960ns          287693 1c008648 00c70713 addi             x14, x14, 12        x14=1c010b68 x14:1c010b5c
17217979ns          287694 1c00864a 60d6f6c3 fmadd.s          f13, f13, f13, f12  f13=xxxxxxxx f13:42b8dd6d f13:42b8dd6d f12:4499120c
17217999ns          287695 1c00864e 68f7f7c3 fmadd.s          f15, f15, f15, f13  f15=xxxxxxxx f15:40e0a640 f15:40e0a640 f13:4618a14e
17218019ns          287696 1c008652 5807f7d3 fsqrt.s          f15, f15            f15=xxxxxxxx f15:46196671
17218298ns          287710 1c008656 00f4222b p.sw             x15, 4(x8!)          x8=100016f0 x15:42c62aef  x8:100016ec  PA:100016ec
17218318ns          287711 1c00863e 00472783 lw               x15, 4(x14)         x15=4136fc79 x14:1c010b68  PA:1c010b6c
17218616ns          287726 1c008640 00072683 lw               x13, 0(x14)         x13=4217deb8 x14:1c010b68  PA:1c010b68
17218914ns          287741 1c008642 10f7f653 fmul.s           f12, f15, f15       f12=xxxxxxxx f15:4136fc79 f15:4136fc79
17218934ns          287742 1c008646 00872783 lw               x15, 8(x14)         x15=42a15f6e x14:1c010b68  PA:1c010b70
17219272ns          287759 1c008648 00c70713 addi             x14, x14, 12        x14=1c010b74 x14:1c010b68
17219292ns          287760 1c00864a 60d6f6c3 fmadd.s          f13, f13, f13, f12  f13=xxxxxxxx f13:4217deb8 f13:4217deb8 f12:4302cbf5
17219312ns          287761 1c00864e 68f7f7c3 fmadd.s          f15, f15, f15, f13  f15=xxxxxxxx f15:42a15f6e f15:42a15f6e f13:44c48a7c
17219332ns          287762 1c008652 5807f7d3 fsqrt.s          f15, f15            f15=xxxxxxxx f15:45fc94f7
17219611ns          287776 1c008656 00f4222b p.sw             x15, 4(x8!)          x8=100016f4 x15:42b3ce8a  x8:100016f0  PA:100016f0
17219630ns          287777 1c00863e 00472783 lw               x15, 4(x14)         x15=412d2fb7 x14:1c010b74  PA:1c010b78
17219929ns          287792 1c008640 00072683 lw               x13, 0(x14)         x13=419fe50f x14:1c010b74  PA:1c010b74
17220227ns          287807 1c008642 10f7f653 fmul.s           f12, f15, f15       f12=xxxxxxxx f15:412d2fb7 f15:412d2fb7
17220247ns          287808 1c008646 00872783 lw               x15, 8(x14)         x15=428a79ff x14:1c010b74  PA:1c010b7c
17220585ns          287825 1c008648 00c70713 addi             x14, x14, 12        x14=1c010b80 x14:1c010b74
17220605ns          287826 1c00864a 60d6f6c3 fmadd.s          f13, f13, f13, f12  f13=xxxxxxxx f13:419fe50f f13:419fe50f f12:42ea530c
17220625ns          287827 1c00864e 68f7f7c3 fmadd.s          f15, f15, f15, f13  f15=xxxxxxxx f15:428a79ff f15:428a79ff f13:440128b7
17220645ns          287828 1c008652 5807f7d3 fsqrt.s          f15, f15            f15=xxxxxxxx f15:45a5f499
17220923ns          287842 1c008656 00f4222b p.sw             x15, 4(x8!)          x8=100016f8 x15:4291bf54  x8:100016f4  PA:100016f4
17220943ns          287843 1c00863e 00472783 lw               x15, 4(x14)         x15=42a2038f x14:1c010b80  PA:1c010b84
17221242ns          287858 1c008640 00072683 lw               x13, 0(x14)         x13=429f86b0 x14:1c010b80  PA:1c010b80
17221540ns          287873 1c008642 10f7f653 fmul.s           f12, f15, f15       f12=xxxxxxxx f15:42a2038f f15:42a2038f
17221560ns          287874 1c008646 00872783 lw               x15, 8(x14)         x15=4164ff31 x14:1c010b80  PA:1c010b88
17221898ns          287891 1c008648 00c70713 addi             x14, x14, 12        x14=1c010b8c x14:1c010b80
17221918ns          287892 1c00864a 60d6f6c3 fmadd.s          f13, f13, f13, f12  f13=xxxxxxxx f13:429f86b0 f13:429f86b0 f12:45cd1102
17221938ns          287893 1c00864e 68f7f7c3 fmadd.s          f15, f15, f15, f13  f15=xxxxxxxx f15:4164ff31 f15:4164ff31 f13:4649f116
17221958ns          287894 1c008652 5807f7d3 fsqrt.s          f15, f15            f15=xxxxxxxx f15:464d2474
17222236ns          287908 1c008656 00f4222b p.sw             x15, 4(x8!)          x8=100016fc x15:42e52a29  x8:100016f8  PA:100016f8
17222256ns          287909 1c00863e 00472783 lw               x15, 4(x14)         x15=423d60e6 x14:1c010b8c  PA:1c010b90
17222554ns          287924 1c008640 00072683 lw               x13, 0(x14)         x13=4287091e x14:1c010b8c  PA:1c010b8c
17222853ns          287939 1c008642 10f7f653 fmul.s           f12, f15, f15       f12=xxxxxxxx f15:423d60e6 f15:423d60e6
17222873ns          287940 1c008646 00872783 lw               x15, 8(x14)         x15=4145168a x14:1c010b8c  PA:1c010b94
17223211ns          287957 1c008648 00c70713 addi             x14, x14, 12        x14=1c010b98 x14:1c010b8c
17223231ns          287958 1c00864a 60d6f6c3 fmadd.s          f13, f13, f13, f12  f13=xxxxxxxx f13:4287091e f13:4287091e f12:450c1838
17223251ns          287959 1c00864e 68f7f7c3 fmadd.s          f15, f15, f15, f13  f15=xxxxxxxx f15:4145168a f15:4145168a f13:45d48158
17223270ns          287960 1c008652 5807f7d3 fsqrt.s          f15, f15            f15=xxxxxxxx f15:45d93f36
17223549ns          287974 1c008656 00f4222b p.sw             x15, 4(x8!)          x8=10001700 x15:42a6c191  x8:100016fc  PA:100016fc
17223569ns          287975 1c00863e 00472783 lw               x15, 4(x14)         x15=3f8aeb26 x14:1c010b98  PA:1c010b9c
17223867ns          287990 1c008640 00072683 lw               x13, 0(x14)         x13=4046e545 x14:1c010b98  PA:1c010b98
17224166ns          288005 1c008642 10f7f653 fmul.s           f12, f15, f15       f12=xxxxxxxx f15:3f8aeb26 f15:3f8aeb26
17224185ns          288006 1c008646 00872783 lw               x15, 8(x14)         x15=42128b1a x14:1c010b98  PA:1c010ba0
17224484ns          288021 1c008648 00c70713 addi             x14, x14, 12        x14=1c010ba4 x14:1c010b98
17224504ns          288022 1c00864a 60d6f6c3 fmadd.s          f13, f13, f13, f12  f13=xxxxxxxx f13:4046e545 f13:4046e545 f12:3f96c4ba
17224524ns          288023 1c00864e 68f7f7c3 fmadd.s          f15, f15, f15, f13  f15=xxxxxxxx f15:42128b1a f15:42128b1a f13:412d600b
17224543ns          288024 1c008652 5807f7d3 fsqrt.s          f15, f15            f15=xxxxxxxx f15:44a920ab
17224822ns          288038 1c008656 00f4222b p.sw             x15, 4(x8!)          x8=10001704 x15:4213223c  x8:10001700  PA:10001700
17224842ns          288039 1c00863e 00472783 lw               x15, 4(x14)         x15=40d9365b x14:1c010ba4  PA:1c010ba8
17225140ns          288054 1c008640 00072683 lw               x13, 0(x14)         x13=4201df75 x14:1c010ba4  PA:1c010ba4
17225439ns          288069 1c008642 10f7f653 fmul.s           f12, f15, f15       f12=xxxxxxxx f15:40d9365b f15:40d9365b
17225458ns          288070 1c008646 00872783 lw               x15, 8(x14)         x15=42af4c72 x14:1c010ba4  PA:1c010bac
17225757ns          288085 1c008648 00c70713 addi             x14, x14, 12        x14=1c010bb0 x14:1c010ba4
17225777ns          288086 1c00864a 60d6f6c3 fmadd.s          f13, f13, f13, f12  f13=xxxxxxxx f13:4201df75 f13:4201df75 f12:42384d32
17225797ns          288087 1c00864e 68f7f7c3 fmadd.s          f15, f15, f15, f13  f15=xxxxxxxx f15:42af4c72 f15:42af4c72 f13:44898857
17225816ns          288088 1c008652 5807f7d3 fsqrt.s          f15, f15            f15=xxxxxxxx f15:46093aa6
17226095ns          288102 1c008656 00f4222b p.sw             x15, 4(x8!)          x8=10001708 x15:42bb6e85  x8:10001704  PA:10001704
17226115ns          288103 1c00863e 00472783 lw               x15, 4(x14)         x15=41920626 x14:1c010bb0  PA:1c010bb4
17226413ns          288118 1c008640 00072683 lw               x13, 0(x14)         x13=421367ca x14:1c010bb0  PA:1c010bb0
17226712ns          288133 1c008642 10f7f653 fmul.s           f12, f15, f15       f12=xxxxxxxx f15:41920626 f15:41920626
17226731ns          288134 1c008646 00872783 lw               x15, 8(x14)         x15=3dea5324 x14:1c010bb0  PA:1c010bb8
17227030ns          288149 1c008648 00c70713 addi             x14, x14, 12        x14=1c010bbc x14:1c010bb0
17227050ns          288150 1c00864a 60d6f6c3 fmadd.s          f13, f13, f13, f12  f13=xxxxxxxx f13:421367ca f13:421367ca f12:43a69607
17227070ns          288151 1c00864e 68f7f7c3 fmadd.s          f15, f15, f15, f13  f15=xxxxxxxx f15:3dea5324 f15:3dea5324 f13:44d3663a
17227089ns          288152 1c008652 5807f7d3 fsqrt.s          f15, f15            f15=xxxxxxxx f15:44d366a5
17227368ns          288166 1c008656 00f4222b p.sw             x15, 4(x8!)          x8=1000170c x15:42247f47  x8:10001708  PA:10001708
17227388ns          288167 1c00863e 00472783 lw               x15, 4(x14)         x15=42669035 x14:1c010bbc  PA:1c010bc0
17227686ns          288182 1c008640 00072683 lw               x13, 0(x14)         x13=42acfa3a x14:1c010bbc  PA:1c010bbc
17227985ns          288197 1c008642 10f7f653 fmul.s           f12, f15, f15       f12=xxxxxxxx f15:42669035 f15:42669035
17228004ns          288198 1c008646 00872783 lw               x15, 8(x14)         x15=42b81a04 x14:1c010bbc  PA:1c010bc4
17228343ns          288215 1c008648 00c70713 addi             x14, x14, 12        x14=1c010bc8 x14:1c010bbc
17228362ns          288216 1c00864a 60d6f6c3 fmadd.s          f13, f13, f13, f12  f13=xxxxxxxx f13:42acfa3a f13:42acfa3a f12:454fa770
17228382ns          288217 1c00864e 68f7f7c3 fmadd.s          f15, f15, f15, f13  f15=xxxxxxxx f15:42b81a04 f15:42b81a04 f13:4628cb0f
17228402ns          288218 1c008652 5807f7d3 fsqrt.s          f15, f15            f15=xxxxxxxx f15:4696983c
17228681ns          288232 1c008656 00f4222b p.sw             x15, 4(x8!)          x8=10001710 x15:430ad6a5  x8:1000170c  PA:1000170c
17228701ns          288233 1c00863e 00472783 lw               x15, 4(x14)         x15=40c80311 x14:1c010bc8  PA:1c010bcc
17228999ns          288248 1c008640 00072683 lw               x13, 0(x14)         x13=42812104 x14:1c010bc8  PA:1c010bc8
17229297ns          288263 1c008642 10f7f653 fmul.s           f12, f15, f15       f12=xxxxxxxx f15:40c80311 f15:40c80311
17229317ns          288264 1c008646 00872783 lw               x15, 8(x14)         x15=4214f60b x14:1c010bc8  PA:1c010bd0
17229655ns          288281 1c008648 00c70713 addi             x14, x14, 12        x14=1c010bd4 x14:1c010bc8
17229675ns          288282 1c00864a 60d6f6c3 fmadd.s          f13, f13, f13, f12  f13=xxxxxxxx f13:42812104 f13:42812104 f12:421c44cb
17229695ns          288283 1c00864e 68f7f7c3 fmadd.s          f15, f15, f15, f13  f15=xxxxxxxx f15:4214f60b f15:4214f60b f13:45837d1e
17229715ns          288284 1c008652 5807f7d3 fsqrt.s          f15, f15            f15=xxxxxxxx f15:45aed3d3
17229993ns          288298 1c008656 00f4222b p.sw             x15, 4(x8!)          x8=10001714 x15:429597ad  x8:10001710  PA:10001710
17230013ns          288299 1c00863e 00472783 lw               x15, 4(x14)         x15=40e66acb x14:1c010bd4  PA:1c010bd8
17230312ns          288314 1c008640 00072683 lw               x13, 0(x14)         x13=426a2743 x14:1c010bd4  PA:1c010bd4
17230610ns          288329 1c008642 10f7f653 fmul.s           f12, f15, f15       f12=xxxxxxxx f15:40e66acb f15:40e66acb
17230630ns          288330 1c008646 00872783 lw               x15, 8(x14)         x15=40b8bc34 x14:1c010bd4  PA:1c010bdc
17230968ns          288347 1c008648 00c70713 addi             x14, x14, 12        x14=1c010be0 x14:1c010bd4
17230988ns          288348 1c00864a 60d6f6c3 fmadd.s          f13, f13, f13, f12  f13=xxxxxxxx f13:426a2743 f13:426a2743 f12:424f6411
17231008ns          288349 1c00864e 68f7f7c3 fmadd.s          f15, f15, f15, f13  f15=xxxxxxxx f15:40b8bc34 f15:40b8bc34 f13:4559695d
17231028ns          288350 1c008652 5807f7d3 fsqrt.s          f15, f15            f15=xxxxxxxx f15:455b7e99
17231306ns          288364 1c008656 00f4222b p.sw             x15, 4(x8!)          x8=10001718 x15:426d0baa  x8:10001714  PA:10001714
17231326ns          288365 1c00863e 00472783 lw               x15, 4(x14)         x15=429ed7f6 x14:1c010be0  PA:1c010be4
17231625ns          288380 1c008640 00072683 lw               x13, 0(x14)         x13=418fdc2b x14:1c010be0  PA:1c010be0
17231923ns          288395 1c008642 10f7f653 fmul.s           f12, f15, f15       f12=xxxxxxxx f15:429ed7f6 f15:429ed7f6
17231943ns          288396 1c008646 00872783 lw               x15, 8(x14)         x15=42b49c13 x14:1c010be0  PA:1c010be8
17232281ns          288413 1c008648 00c70713 addi             x14, x14, 12        x14=1c010bec x14:1c010be0
17232301ns          288414 1c00864a 60d6f6c3 fmadd.s          f13, f13, f13, f12  f13=xxxxxxxx f13:418fdc2b f13:418fdc2b f12:45c51e94
17232321ns          288415 1c00864e 68f7f7c3 fmadd.s          f15, f15, f15, f13  f15=xxxxxxxx f15:42b49c13 f15:42b49c13 f13:45cf398b
17232341ns          288416 1c008652 5807f7d3 fsqrt.s          f15, f15            f15=xxxxxxxx f15:4667089f
17232619ns          288430 1c008656 00f4222b p.sw             x15, 4(x8!)          x8=1000171c x15:42f33259  x8:10001718  PA:10001718
17232639ns          288431 1c00863e 00472783 lw               x15, 4(x14)         x15=423be98a x14:1c010bec  PA:1c010bf0
17232937ns          288446 1c008640 00072683 lw               x13, 0(x14)         x13=4274783d x14:1c010bec  PA:1c010bec
17233236ns          288461 1c008642 10f7f653 fmul.s           f12, f15, f15       f12=xxxxxxxx f15:423be98a f15:423be98a
17233256ns          288462 1c008646 00872783 lw               x15, 8(x14)         x15=42772c54 x14:1c010bec  PA:1c010bf4
17233594ns          288479 1c008648 00c70713 addi             x14, x14, 12        x14=1c010bf8 x14:1c010bec
17233614ns          288480 1c00864a 60d6f6c3 fmadd.s          f13, f13, f13, f12  f13=xxxxxxxx f13:4274783d f13:4274783d f12:4509ef05
17233634ns          288481 1c00864e 68f7f7c3 fmadd.s          f15, f15, f15, f13  f15=xxxxxxxx f15:42772c54 f15:42772c54 f13:45b9b239
17233653ns          288482 1c008652 5807f7d3 fsqrt.s          f15, f15            f15=xxxxxxxx f15:461882c1
17233932ns          288496 1c008656 00f4222b p.sw             x15, 4(x8!)          x8=10001720 x15:42c597a7  x8:1000171c  PA:1000171c
17233952ns          288497 1c00863e 00472783 lw               x15, 4(x14)         x15=42bc6859 x14:1c010bf8  PA:1c010bfc
17234250ns          288512 1c008640 00072683 lw               x13, 0(x14)         x13=426cb5b7 x14:1c010bf8  PA:1c010bf8
17234548ns          288527 1c008642 10f7f653 fmul.s           f12, f15, f15       f12=xxxxxxxx f15:42bc6859 f15:42bc6859
17234568ns          288528 1c008646 00872783 lw               x15, 8(x14)         x15=415e6f5b x14:1c010bf8  PA:1c010c00
17234907ns          288545 1c008648 00c70713 addi             x14, x14, 12        x14=1c010c04 x14:1c010bf8
17234926ns          288546 1c00864a 60d6f6c3 fmadd.s          f13, f13, f13, f12  f13=xxxxxxxx f13:426cb5b7 f13:426cb5b7 f12:460aa96d
17234946ns          288547 1c00864e 68f7f7c3 fmadd.s          f15, f15, f15, f13  f15=xxxxxxxx f15:415e6f5b f15:415e6f5b f13:46416150
17234966ns          288548 1c008652 5807f7d3 fsqrt.s          f15, f15            f15=xxxxxxxx f15:46446665
17235245ns          288562 1c008656 00f4222b p.sw             x15, 4(x8!)          x8=10001724 x15:42e03a7b  x8:10001720  PA:10001720
17235265ns          288563 1c00863e 00472783 lw               x15, 4(x14)         x15=42b45744 x14:1c010c04  PA:1c010c08
17235563ns          288578 1c008640 00072683 lw               x13, 0(x14)         x13=4296eb13 x14:1c010c04  PA:1c010c04
17235861ns          288593 1c008642 10f7f653 fmul.s           f12, f15, f15       f12=xxxxxxxx f15:42b45744 f15:42b45744
17235881ns          288594 1c008646 00872783 lw               x15, 8(x14)         x15=42bcd2ec x14:1c010c04  PA:1c010c0c
17236219ns          288611 1c008648 00c70713 addi             x14, x14, 12        x14=1c010c10 x14:1c010c04
17236239ns          288612 1c00864a 60d6f6c3 fmadd.s          f13, f13, f13, f12  f13=xxxxxxxx f13:4296eb13 f13:4296eb13 f12:45fe15ab
17236259ns          288613 1c00864e 68f7f7c3 fmadd.s          f15, f15, f15, f13  f15=xxxxxxxx f15:42bcd2ec f15:42bcd2ec f13:46580328
17236279ns          288614 1c008652 5807f7d3 fsqrt.s          f15, f15            f15=xxxxxxxx f15:46b1a4d0
17236557ns          288628 1c008656 00f4222b p.sw             x15, 4(x8!)          x8=10001728 x15:4316cae7  x8:10001724  PA:10001724
17236577ns          288629 1c00863e 00472783 lw               x15, 4(x14)         x15=42c1bb10 x14:1c010c10  PA:1c010c14
17236876ns          288644 1c008640 00072683 lw               x13, 0(x14)         x13=40e232fc x14:1c010c10  PA:1c010c10
17237174ns          288659 1c008642 10f7f653 fmul.s           f12, f15, f15       f12=xxxxxxxx f15:42c1bb10 f15:42c1bb10
17237194ns          288660 1c008646 00872783 lw               x15, 8(x14)         x15=42275fdf x14:1c010c10  PA:1c010c18
17237512ns          288676 1c008648 00c70713 addi             x14, x14, 12        x14=1c010c1c x14:1c010c10
17237532ns          288677 1c00864a 60d6f6c3 fmadd.s          f13, f13, f13, f12  f13=xxxxxxxx f13:40e232fc f13:40e232fc f12:46129b97
17237552ns          288678 1c00864e 68f7f7c3 fmadd.s          f15, f15, f15, f13  f15=xxxxxxxx f15:42275fdf f15:42275fdf f13:46136375
17237572ns          288679 1c008652 5807f7d3 fsqrt.s          f15, f15            f15=xxxxxxxx f15:462ebf03
17237850ns          288693 1c008656 00f4222b p.sw             x15, 4(x8!)          x8=1000172c x15:42d381ac  x8:10001728  PA:10001728
17237870ns          288694 1c00863e 00472783 lw               x15, 4(x14)         x15=4187e383 x14:1c010c1c  PA:1c010c20
17238169ns          288709 1c008640 00072683 lw               x13, 0(x14)         x13=416e544f x14:1c010c1c  PA:1c010c1c
17238467ns          288724 1c008642 10f7f653 fmul.s           f12, f15, f15       f12=xxxxxxxx f15:4187e383 f15:4187e383
17238487ns          288725 1c008646 00872783 lw               x15, 8(x14)         x15=41dacbf4 x14:1c010c1c  PA:1c010c24
17238805ns          288741 1c008648 00c70713 addi             x14, x14, 12        x14=1c010c28 x14:1c010c1c
17238825ns          288742 1c00864a 60d6f6c3 fmadd.s          f13, f13, f13, f12  f13=xxxxxxxx f13:416e544f f13:416e544f f12:4390437d
17238845ns          288743 1c00864e 68f7f7c3 fmadd.s          f15, f15, f15, f13  f15=xxxxxxxx f15:41dacbf4 f15:41dacbf4 f13:43ff33ec
17238865ns          288744 1c008652 5807f7d3 fsqrt.s          f15, f15            f15=xxxxxxxx f15:449d4cfa
17239143ns          288758 1c008656 00f4222b p.sw             x15, 4(x8!)          x8=10001730 x15:420de563  x8:1000172c  PA:1000172c
17239163ns          288759 1c00863e 00472783 lw               x15, 4(x14)         x15=41c87b35 x14:1c010c28  PA:1c010c2c
17239461ns          288774 1c008640 00072683 lw               x13, 0(x14)         x13=42a2abcb x14:1c010c28  PA:1c010c28
17239760ns          288789 1c008642 10f7f653 fmul.s           f12, f15, f15       f12=xxxxxxxx f15:41c87b35 f15:41c87b35
17239780ns          288790 1c008646 00872783 lw               x15, 8(x14)         x15=40328d78 x14:1c010c28  PA:1c010c30
17240098ns          288806 1c008648 00c70713 addi             x14, x14, 12        x14=1c010c34 x14:1c010c28
17240118ns          288807 1c00864a 60d6f6c3 fmadd.s          f13, f13, f13, f12  f13=xxxxxxxx f13:42a2abcb f13:42a2abcb f12:441d00be
17240138ns          288808 1c00864e 68f7f7c3 fmadd.s          f15, f15, f15, f13  f15=xxxxxxxx f15:40328d78 f15:40328d78 f13:45e25bd8
17240158ns          288809 1c008652 5807f7d3 fsqrt.s          f15, f15            f15=xxxxxxxx f15:45e29a1d
17240436ns          288823 1c008656 00f4222b p.sw             x15, 4(x8!)          x8=10001734 x15:42aa4f08  x8:10001730  PA:10001730
17240456ns          288824 1c00863e 00472783 lw               x15, 4(x14)         x15=424a2c9d x14:1c010c34  PA:1c010c38
17240754ns          288839 1c008640 00072683 lw               x13, 0(x14)         x13=40919fa2 x14:1c010c34  PA:1c010c34
17241053ns          288854 1c008642 10f7f653 fmul.s           f12, f15, f15       f12=xxxxxxxx f15:424a2c9d f15:424a2c9d
17241073ns          288855 1c008646 00872783 lw               x15, 8(x14)         x15=41d3746d x14:1c010c34  PA:1c010c3c
17241391ns          288871 1c008648 00c70713 addi             x14, x14, 12        x14=1c010c40 x14:1c010c34
17241411ns          288872 1c00864a 60d6f6c3 fmadd.s          f13, f13, f13, f12  f13=xxxxxxxx f13:40919fa2 f13:40919fa2 f12:451faa70
17241431ns          288873 1c00864e 68f7f7c3 fmadd.s          f15, f15, f15, f13  f15=xxxxxxxx f15:41d3746d f15:41d3746d f13:4520f5c9
17241451ns          288874 1c008652 5807f7d3 fsqrt.s          f15, f15            f15=xxxxxxxx f15:454ca011
17241729ns          288888 1c008656 00f4222b p.sw             x15, 4(x8!)          x8=10001738 x15:4264e02b  x8:10001734  PA:10001734
17241749ns          288889 1c00863e 00472783 lw               x15, 4(x14)         x15=423a8db4 x14:1c010c40  PA:1c010c44
17242047ns          288904 1c008640 00072683 lw               x13, 0(x14)         x13=42670b9e x14:1c010c40  PA:1c010c40
17242346ns          288919 1c008642 10f7f653 fmul.s           f12, f15, f15       f12=xxxxxxxx f15:423a8db4 f15:423a8db4
17242366ns          288920 1c008646 00872783 lw               x15, 8(x14)         x15=42a31ee9 x14:1c010c40  PA:1c010c48
17242684ns          288936 1c008648 00c70713 addi             x14, x14, 12        x14=1c010c4c x14:1c010c40
17242704ns          288937 1c00864a 60d6f6c3 fmadd.s          f13, f13, f13, f12  f13=xxxxxxxx f13:42670b9e f13:42670b9e f12:4507f238
17242724ns          288938 1c00864e 68f7f7c3 fmadd.s          f15, f15, f15, f13  f15=xxxxxxxx f15:42a31ee9 f15:42a31ee9 f13:45ac3c18
17242743ns          288939 1c008652 5807f7d3 fsqrt.s          f15, f15            f15=xxxxxxxx f15:463e0e6c
17243022ns          288953 1c008656 00f4222b p.sw             x15, 4(x8!)          x8=1000173c x15:42dc93d5  x8:10001738  PA:10001738
17243042ns          288954 1c00863e 00472783 lw               x15, 4(x14)         x15=42c7143e x14:1c010c4c  PA:1c010c50
17243340ns          288969 1c008640 00072683 lw               x13, 0(x14)         x13=419ba309 x14:1c010c4c  PA:1c010c4c
17243639ns          288984 1c008642 10f7f653 fmul.s           f12, f15, f15       f12=xxxxxxxx f15:42c7143e f15:42c7143e
17243658ns          288985 1c008646 00872783 lw               x15, 8(x14)         x15=4201bacf x14:1c010c4c  PA:1c010c54
17243977ns          289001 1c008648 00c70713 addi             x14, x14, 12        x14=1c010c58 x14:1c010c4c
17243997ns          289002 1c00864a 60d6f6c3 fmadd.s          f13, f13, f13, f12  f13=xxxxxxxx f13:419ba309 f13:419ba309 f12:461ad07a
17244016ns          289003 1c00864e 68f7f7c3 fmadd.s          f15, f15, f15, f13  f15=xxxxxxxx f15:4201bacf f15:4201bacf f13:4620ba67
17244036ns          289004 1c008652 5807f7d3 fsqrt.s          f15, f15            f15=xxxxxxxx f15:463129da
17244315ns          289018 1c008656 00f4222b p.sw             x15, 4(x8!)          x8=10001740 x15:42d4f6e5  x8:1000173c  PA:1000173c
17244335ns          289019 1c00863e 00472783 lw               x15, 4(x14)         x15=426d8e71 x14:1c010c58  PA:1c010c5c
17244633ns          289034 1c008640 00072683 lw               x13, 0(x14)         x13=42485807 x14:1c010c58  PA:1c010c58
17244931ns          289049 1c008642 10f7f653 fmul.s           f12, f15, f15       f12=xxxxxxxx f15:426d8e71 f15:426d8e71
17244951ns          289050 1c008646 00872783 lw               x15, 8(x14)         x15=41f2717d x14:1c010c58  PA:1c010c60
17245270ns          289066 1c008648 00c70713 addi             x14, x14, 12        x14=1c010c64 x14:1c010c58
17245289ns          289067 1c00864a 60d6f6c3 fmadd.s          f13, f13, f13, f12  f13=xxxxxxxx f13:42485807 f13:42485807 f12:455c710c
17245309ns          289068 1c00864e 68f7f7c3 fmadd.s          f15, f15, f15, f13  f15=xxxxxxxx f15:41f2717d f15:41f2717d f13:45bc9d5b
17245329ns          289069 1c008652 5807f7d3 fsqrt.s          f15, f15            f15=xxxxxxxx f15:45d950b3
17245608ns          289083 1c008656 00f4222b p.sw             x15, 4(x8!)          x8=10001744 x15:42a6c848  x8:10001740  PA:10001740
17245628ns          289084 1c00863e 00472783 lw               x15, 4(x14)         x15=42b82c28 x14:1c010c64  PA:1c010c68
17245946ns          289100 1c008640 00072683 lw               x13, 0(x14)         x13=400a7f6e x14:1c010c64  PA:1c010c64
17246244ns          289115 1c008642 10f7f653 fmul.s           f12, f15, f15       f12=xxxxxxxx f15:42b82c28 f15:42b82c28
17246264ns          289116 1c008646 00872783 lw               x15, 8(x14)         x15=4233f30e x14:1c010c64  PA:1c010c6c
17246562ns          289131 1c008648 00c70713 addi             x14, x14, 12        x14=1c010c70 x14:1c010c64
17246582ns          289132 1c00864a 60d6f6c3 fmadd.s          f13, f13, f13, f12  f13=xxxxxxxx f13:400a7f6e f13:400a7f6e f12:46047f81
17246602ns          289133 1c00864e 68f7f7c3 fmadd.s          f15, f15, f15, f13  f15=xxxxxxxx f15:4233f30e f15:4233f30e f13:4604923c
17246622ns          289134 1c008652 5807f7d3 fsqrt.s          f15, f15            f15=xxxxxxxx f15:462431af
17246901ns          289148 1c008656 00f4222b p.sw             x15, 4(x8!)          x8=10001748 x15:42cd056c  x8:10001744  PA:10001744
17246921ns          289149 1c00863e 00472783 lw               x15, 4(x14)         x15=429cf6de x14:1c010c70  PA:1c010c74
17247239ns          289165 1c008640 00072683 lw               x13, 0(x14)         x13=41d1c0bc x14:1c010c70  PA:1c010c70
17247537ns          289180 1c008642 10f7f653 fmul.s           f12, f15, f15       f12=xxxxxxxx f15:429cf6de f15:429cf6de
17247557ns          289181 1c008646 00872783 lw               x15, 8(x14)         x15=42599c14 x14:1c010c70  PA:1c010c78
17247855ns          289196 1c008648 00c70713 addi             x14, x14, 12        x14=1c010c7c x14:1c010c70
17247875ns          289197 1c00864a 60d6f6c3 fmadd.s          f13, f13, f13, f12  f13=xxxxxxxx f13:41d1c0bc f13:41d1c0bc f12:45c07b99
17247895ns          289198 1c00864e 68f7f7c3 fmadd.s          f15, f15, f15, f13  f15=xxxxxxxx f15:42599c14 f15:42599c14 f13:45d5f722
17247915ns          289199 1c008652 5807f7d3 fsqrt.s          f15, f15            f15=xxxxxxxx f15:46193a0f
17248194ns          289213 1c008656 00f4222b p.sw             x15, 4(x8!)          x8=1000174c x15:42c60e42  x8:10001748  PA:10001748
17248213ns          289214 1c00863e 00472783 lw               x15, 4(x14)         x15=4244b6f9 x14:1c010c7c  PA:1c010c80
17248532ns          289230 1c008640 00072683 lw               x13, 0(x14)         x13=42a9e7dc x14:1c010c7c  PA:1c010c7c
17248830ns          289245 1c008642 10f7f653 fmul.s           f12, f15, f15       f12=xxxxxxxx f15:4244b6f9 f15:4244b6f9
17248850ns          289246 1c008646 00872783 lw               x15, 8(x14)         x15=4238fc6b x14:1c010c7c  PA:1c010c84
17249148ns          289261 1c008648 00c70713 addi             x14, x14, 12        x14=1c010c88 x14:1c010c7c
17249168ns          289262 1c00864a 60d6f6c3 fmadd.s          f13, f13, f13, f12  f13=xxxxxxxx f13:42a9e7dc f13:42a9e7dc f12:451728b0
17249188ns          289263 1c00864e 68f7f7c3 fmadd.s          f15, f15, f15, f13  f15=xxxxxxxx f15:4238fc6b f15:4238fc6b f13:46168e1e
17249208ns          289264 1c008652 5807f7d3 fsqrt.s          f15, f15            f15=xxxxxxxx f15:4637f913
17249486ns          289278 1c008656 00f4222b p.sw             x15, 4(x8!)          x8=10001750 x15:42d904c3  x8:1000174c  PA:1000174c
17249506ns          289279 1c00863e 00472783 lw               x15, 4(x14)         x15=421f8f91 x14:1c010c88  PA:1c010c8c
17249805ns          289294 1c008640 00072683 lw               x13, 0(x14)         x13=425d9515 x14:1c010c88  PA:1c010c88
17250103ns          289309 1c008642 10f7f653 fmul.s           f12, f15, f15       f12=xxxxxxxx f15:421f8f91 f15:421f8f91
17250123ns          289310 1c008646 00872783 lw               x15, 8(x14)         x15=408b293b x14:1c010c88  PA:1c010c90
17250421ns          289325 1c008648 00c70713 addi             x14, x14, 12        x14=1c010c94 x14:1c010c88
17250441ns          289326 1c00864a 60d6f6c3 fmadd.s          f13, f13, f13, f12  f13=xxxxxxxx f13:425d9515 f13:425d9515 f12:44c6e74d
17250461ns          289327 1c00864e 68f7f7c3 fmadd.s          f15, f15, f15, f13  f15=xxxxxxxx f15:408b293b f15:408b293b f13:45919f32
17250481ns          289328 1c008652 5807f7d3 fsqrt.s          f15, f15            f15=xxxxxxxx f15:4592367e
17250759ns          289342 1c008656 00f4222b p.sw             x15, 4(x8!)          x8=10001754 x15:4288cdbe  x8:10001750  PA:10001750
17250779ns          289343 1c00863e 00472783 lw               x15, 4(x14)         x15=418fce01 x14:1c010c94  PA:1c010c98
17251078ns          289358 1c008640 00072683 lw               x13, 0(x14)         x13=42b0e6f4 x14:1c010c94  PA:1c010c94
17251376ns          289373 1c008642 10f7f653 fmul.s           f12, f15, f15       f12=xxxxxxxx f15:418fce01 f15:418fce01
17251396ns          289374 1c008646 00872783 lw               x15, 8(x14)         x15=422e513d x14:1c010c94  PA:1c010c9c
17251694ns          289389 1c008648 00c70713 addi             x14, x14, 12        x14=1c010ca0 x14:1c010c94
17251714ns          289390 1c00864a 60d6f6c3 fmadd.s          f13, f13, f13, f12  f13=xxxxxxxx f13:42b0e6f4 f13:42b0e6f4 f12:43a18f96
17251734ns          289391 1c00864e 68f7f7c3 fmadd.s          f15, f15, f15, f13  f15=xxxxxxxx f15:422e513d f15:422e513d f13:45fe95b9
17251754ns          289392 1c008652 5807f7d3 fsqrt.s          f15, f15            f15=xxxxxxxx f15:461cf77f
17252032ns          289406 1c008656 00f4222b p.sw             x15, 4(x8!)          x8=10001758 x15:42c8754e  x8:10001754  PA:10001754
17252052ns          289407 1c00863e 00472783 lw               x15, 4(x14)         x15=42bf4333 x14:1c010ca0  PA:1c010ca4
17252351ns          289422 1c008640 00072683 lw               x13, 0(x14)         x13=42614b51 x14:1c010ca0  PA:1c010ca0
17252649ns          289437 1c008642 10f7f653 fmul.s           f12, f15, f15       f12=xxxxxxxx f15:42bf4333 f15:42bf4333
17252669ns          289438 1c008646 00872783 lw               x15, 8(x14)         x15=42c56a84 x14:1c010ca0  PA:1c010ca8
17252967ns          289453 1c008648 00c70713 addi             x14, x14, 12        x14=1c010cac x14:1c010ca0
17252987ns          289454 1c00864a 60d6f6c3 fmadd.s          f13, f13, f13, f12  f13=xxxxxxxx f13:42614b51 f13:42614b51 f12:460ee558
17253007ns          289455 1c00864e 68f7f7c3 fmadd.s          f15, f15, f15, f13  f15=xxxxxxxx f15:42c56a84 f15:42c56a84 f13:464076b7
17253027ns          289456 1c008652 5807f7d3 fsqrt.s          f15, f15            f15=xxxxxxxx f15:46ac59e9
17253305ns          289470 1c008656 00f4222b p.sw             x15, 4(x8!)          x8=1000175c x15:43148781  x8:10001758  PA:10001758
17253325ns          289471 1c00863e 00472783 lw               x15, 4(x14)         x15=410c7e10 x14:1c010cac  PA:1c010cb0
17253624ns          289486 1c008640 00072683 lw               x13, 0(x14)         x13=42a8847a x14:1c010cac  PA:1c010cac
17253942ns          289502 1c008642 10f7f653 fmul.s           f12, f15, f15       f12=xxxxxxxx f15:410c7e10 f15:410c7e10
17253962ns          289503 1c008646 00872783 lw               x15, 8(x14)         x15=42bcd13b x14:1c010cac  PA:1c010cb4
17254280ns          289519 1c008648 00c70713 addi             x14, x14, 12        x14=1c010cb8 x14:1c010cac
17254300ns          289520 1c00864a 60d6f6c3 fmadd.s          f13, f13, f13, f12  f13=xxxxxxxx f13:42a8847a f13:42a8847a f12:429a343f
17254320ns          289521 1c00864e 68f7f7c3 fmadd.s          f15, f15, f15, f13  f15=xxxxxxxx f15:42bcd13b f15:42bcd13b f13:45e0451a
17254340ns          289522 1c008652 5807f7d3 fsqrt.s          f15, f15            f15=xxxxxxxx f15:467b6687
17254618ns          289536 1c008656 00f4222b p.sw             x15, 4(x8!)          x8=10001760 x15:42fdb098  x8:1000175c  PA:1000175c
17254638ns          289537 1c00863e 00472783 lw               x15, 4(x14)         x15=4221aa43 x14:1c010cb8  PA:1c010cbc
17254936ns          289552 1c008640 00072683 lw               x13, 0(x14)         x13=42bbedd3 x14:1c010cb8  PA:1c010cb8
17255255ns          289568 1c008642 10f7f653 fmul.s           f12, f15, f15       f12=xxxxxxxx f15:4221aa43 f15:4221aa43
17255275ns          289569 1c008646 00872783 lw               x15, 8(x14)         x15=4212d845 x14:1c010cb8  PA:1c010cc0
17255593ns          289585 1c008648 00c70713 addi             x14, x14, 12        x14=1c010cc4 x14:1c010cb8
17255613ns          289586 1c00864a 60d6f6c3 fmadd.s          f13, f13, f13, f12  f13=xxxxxxxx f13:42bbedd3 f13:42bbedd3 f12:44cc2f33
17255633ns          289587 1c00864e 68f7f7c3 fmadd.s          f15, f15, f15, f13  f15=xxxxxxxx f15:4212d845 f15:4212d845 f13:46237b36
17255653ns          289588 1c008652 5807f7d3 fsqrt.s          f15, f15            f15=xxxxxxxx f15:46388a0f
17255931ns          289602 1c008656 00f4222b p.sw             x15, 4(x8!)          x8=10001764 x15:42d95a36  x8:10001760  PA:10001760
17255951ns          289603 1c00863e 00472783 lw               x15, 4(x14)         x15=428eb4a3 x14:1c010cc4  PA:1c010cc8
17256249ns          289618 1c008640 00072683 lw               x13, 0(x14)         x13=41940479 x14:1c010cc4  PA:1c010cc4
17256568ns          289634 1c008642 10f7f653 fmul.s           f12, f15, f15       f12=xxxxxxxx f15:428eb4a3 f15:428eb4a3
17256587ns          289635 1c008646 00872783 lw               x15, 8(x14)         x15=4276e302 x14:1c010cc4  PA:1c010ccc
17256906ns          289651 1c008648 00c70713 addi             x14, x14, 12        x14=1c010cd0 x14:1c010cc4
17256926ns          289652 1c00864a 60d6f6c3 fmadd.s          f13, f13, f13, f12  f13=xxxxxxxx f13:41940479 f13:41940479 f12:459f19c9
17256945ns          289653 1c00864e 68f7f7c3 fmadd.s          f15, f15, f15, f13  f15=xxxxxxxx f15:4276e302 f15:4276e302 f13:45a9cc6e
17256965ns          289654 1c008652 5807f7d3 fsqrt.s          f15, f15            f15=xxxxxxxx f15:46106c7b
17257244ns          289668 1c008656 00f4222b p.sw             x15, 4(x8!)          x8=10001768 x15:42c04844  x8:10001764  PA:10001764
17257264ns          289669 1c00863e 00472783 lw               x15, 4(x14)         x15=42a0fd2f x14:1c010cd0  PA:1c010cd4
17257562ns          289684 1c008640 00072683 lw               x13, 0(x14)         x13=4239dbe1 x14:1c010cd0  PA:1c010cd0
17257880ns          289700 1c008642 10f7f653 fmul.s           f12, f15, f15       f12=xxxxxxxx f15:42a0fd2f f15:42a0fd2f
17257900ns          289701 1c008646 00872783 lw               x15, 8(x14)         x15=41b1ad01 x14:1c010cd0  PA:1c010cd8
17258218ns          289717 1c008648 00c70713 addi             x14, x14, 12        x14=1c010cdc x14:1c010cd0
17258238ns          289718 1c00864a 60d6f6c3 fmadd.s          f13, f13, f13, f12  f13=xxxxxxxx f13:4239dbe1 f13:4239dbe1 f12:45ca7aea
17258258ns          289719 1c00864e 68f7f7c3 fmadd.s          f15, f15, f15, f13  f15=xxxxxxxx f15:41b1ad01 f15:41b1ad01 f13:4606f957
17258278ns          289720 1c008652 5807f7d3 fsqrt.s          f15, f15            f15=xxxxxxxx f15:460eae62
17258557ns          289734 1c008656 00f4222b p.sw             x15, 4(x8!)          x8=1000176c x15:42bf1e67  x8:10001768  PA:10001768
17258577ns          289735 1c00863e 00472783 lw               x15, 4(x14)         x15=42bf62ce x14:1c010cdc  PA:1c010ce0
17258875ns          289750 1c008640 00072683 lw               x13, 0(x14)         x13=41b40538 x14:1c010cdc  PA:1c010cdc
17259193ns          289766 1c008642 10f7f653 fmul.s           f12, f15, f15       f12=xxxxxxxx f15:42bf62ce f15:42bf62ce
17259213ns          289767 1c008646 00872783 lw               x15, 8(x14)         x15=4211c25f x14:1c010cdc  PA:1c010ce4
17259531ns          289783 1c008648 00c70713 addi             x14, x14, 12        x14=1c010ce8 x14:1c010cdc
17259551ns          289784 1c00864a 60d6f6c3 fmadd.s          f13, f13, f13, f12  f13=xxxxxxxx f13:41b40538 f13:41b40538 f12:460f1496
17259571ns          289785 1c00864e 68f7f7c3 fmadd.s          f15, f15, f15, f13  f15=xxxxxxxx f15:4211c25f f15:4211c25f f13:4616fe0b
17259591ns          289786 1c008652 5807f7d3 fsqrt.s          f15, f15            f15=xxxxxxxx f15:462bbd7c
17259869ns          289800 1c008656 00f4222b p.sw             x15, 4(x8!)          x8=10001770 x15:42d1adf2  x8:1000176c  PA:1000176c
17259889ns          289801 1c00863e 00472783 lw               x15, 4(x14)         x15=420e86e6 x14:1c010ce8  PA:1c010cec
17260188ns          289816 1c008640 00072683 lw               x13, 0(x14)         x13=42be3639 x14:1c010ce8  PA:1c010ce8
17260506ns          289832 1c008642 10f7f653 fmul.s           f12, f15, f15       f12=xxxxxxxx f15:420e86e6 f15:420e86e6
17260526ns          289833 1c008646 00872783 lw               x15, 8(x14)         x15=4117a32e x14:1c010ce8  PA:1c010cf0
17260844ns          289849 1c008648 00c70713 addi             x14, x14, 12        x14=1c010cf4 x14:1c010ce8
17260864ns          289850 1c00864a 60d6f6c3 fmadd.s          f13, f13, f13, f12  f13=xxxxxxxx f13:42be3639 f13:42be3639 f12:449eb3dc
17260884ns          289851 1c00864e 68f7f7c3 fmadd.s          f15, f15, f15, f13  f15=xxxxxxxx f15:4117a32e f15:4117a32e f13:46212b04
17260904ns          289852 1c008652 5807f7d3 fsqrt.s          f15, f15            f15=xxxxxxxx f15:4622924c
17261182ns          289866 1c008656 00f4222b p.sw             x15, 4(x8!)          x8=10001774 x15:42cc0171  x8:10001770  PA:10001770
17261202ns          289867 1c00863e 00472783 lw               x15, 4(x14)         x15=42be089e x14:1c010cf4  PA:1c010cf8
17261500ns          289882 1c008640 00072683 lw               x13, 0(x14)         x13=421d1186 x14:1c010cf4  PA:1c010cf4
17261819ns          289898 1c008642 10f7f653 fmul.s           f12, f15, f15       f12=xxxxxxxx f15:42be089e f15:42be089e
17261839ns          289899 1c008646 00872783 lw               x15, 8(x14)         x15=42bdfeeb x14:1c010cf4  PA:1c010cfc
17262157ns          289915 1c008648 00c70713 addi             x14, x14, 12        x14=1c010d00 x14:1c010cf4
17262177ns          289916 1c00864a 60d6f6c3 fmadd.s          f13, f13, f13, f12  f13=xxxxxxxx f13:421d1186 f13:421d1186 f12:460d10cb
17262197ns          289917 1c00864e 68f7f7c3 fmadd.s          f15, f15, f15, f13  f15=xxxxxxxx f15:42bdfeeb f15:42bdfeeb f13:4625286b
17262217ns          289918 1c008652 5807f7d3 fsqrt.s          f15, f15            f15=xxxxxxxx f15:46991568
17262495ns          289932 1c008656 00f4222b p.sw             x15, 4(x8!)          x8=10001778 x15:430bfb28  x8:10001774  PA:10001774
17262515ns          289933 1c00863e 00472783 lw               x15, 4(x14)         x15=419a616c x14:1c010d00  PA:1c010d04
17262813ns          289948 1c008640 00072683 lw               x13, 0(x14)         x13=41a2eaf7 x14:1c010d00  PA:1c010d00
17263112ns          289963 1c008642 10f7f653 fmul.s           f12, f15, f15       f12=xxxxxxxx f15:419a616c f15:419a616c
17263131ns          289964 1c008646 00872783 lw               x15, 8(x14)         x15=41f5e879 x14:1c010d00  PA:1c010d08
17263430ns          289979 1c008648 00c70713 addi             x14, x14, 12        x14=1c010d0c x14:1c010d00
17263450ns          289980 1c00864a 60d6f6c3 fmadd.s          f13, f13, f13, f12  f13=xxxxxxxx f13:41a2eaf7 f13:41a2eaf7 f12:43ba32b6
17263470ns          289981 1c00864e 68f7f7c3 fmadd.s          f15, f15, f15, f13  f15=xxxxxxxx f15:41f5e879 f15:41f5e879 f13:4444c793
17263490ns          289982 1c008652 5807f7d3 fsqrt.s          f15, f15            f15=xxxxxxxx f15:44d87f2f
17263768ns          289996 1c008656 00f4222b p.sw             x15, 4(x8!)          x8=1000177c x15:422677ce  x8:10001778  PA:10001778
17263788ns          289997 1c00863e 00472783 lw               x15, 4(x14)         x15=4157ff10 x14:1c010d0c  PA:1c010d10
17264086ns          290012 1c008640 00072683 lw               x13, 0(x14)         x13=42b0f5bb x14:1c010d0c  PA:1c010d0c
17264385ns          290027 1c008642 10f7f653 fmul.s           f12, f15, f15       f12=xxxxxxxx f15:4157ff10 f15:4157ff10
17264404ns          290028 1c008646 00872783 lw               x15, 8(x14)         x15=42aad950 x14:1c010d0c  PA:1c010d14
17264743ns          290045 1c008648 00c70713 addi             x14, x14, 12        x14=1c010d18 x14:1c010d0c
17264763ns          290046 1c00864a 60d6f6c3 fmadd.s          f13, f13, f13, f12  f13=xxxxxxxx f13:42b0f5bb f13:42b0f5bb f12:43363e6b
17264782ns          290047 1c00864e 68f7f7c3 fmadd.s          f15, f15, f15, f13  f15=xxxxxxxx f15:42aad950 f15:42aad950 f13:45fa578d
17264802ns          290048 1c008652 5807f7d3 fsqrt.s          f15, f15            f15=xxxxxxxx f15:466f311d
17265081ns          290062 1c008656 00f4222b p.sw             x15, 4(x8!)          x8=10001780 x15:42f77408  x8:1000177c  PA:1000177c
17265101ns          290063 1c00863e 00472783 lw               x15, 4(x14)         x15=4193d74e x14:1c010d18  PA:1c010d1c
17265399ns          290078 1c008640 00072683 lw               x13, 0(x14)         x13=41a30dae x14:1c010d18  PA:1c010d18
17265697ns          290093 1c008642 10f7f653 fmul.s           f12, f15, f15       f12=xxxxxxxx f15:4193d74e f15:4193d74e
17265717ns          290094 1c008646 00872783 lw               x15, 8(x14)         x15=416291c8 x14:1c010d18  PA:1c010d20
17266036ns          290110 1c008648 00c70713 addi             x14, x14, 12        x14=1c010d24 x14:1c010d18
17266055ns          290111 1c00864a 60d6f6c3 fmadd.s          f13, f13, f13, f12  f13=xxxxxxxx f13:41a30dae f13:41a30dae f12:43aac1f1
17266075ns          290112 1c00864e 68f7f7c3 fmadd.s          f15, f15, f15, f13  f15=xxxxxxxx f15:416291c8 f15:416291c8 f13:443d3b65
17266095ns          290113 1c008652 5807f7d3 fsqrt.s          f15, f15            f15=xxxxxxxx f15:446f5cd3
17266374ns          290127 1c008656 00f4222b p.sw             x15, 4(x8!)          x8=10001784 x15:41f78aa4  x8:10001780  PA:10001780
17266394ns          290128 1c00863e 00472783 lw               x15, 4(x14)         x15=42866529 x14:1c010d24  PA:1c010d28
17266692ns          290143 1c008640 00072683 lw               x13, 0(x14)         x13=425055f0 x14:1c010d24  PA:1c010d24
17266990ns          290158 1c008642 10f7f653 fmul.s           f12, f15, f15       f12=xxxxxxxx f15:42866529 f15:42866529
17267010ns          290159 1c008646 00872783 lw               x15, 8(x14)         x15=42b73318 x14:1c010d24  PA:1c010d2c
17267328ns          290175 1c008648 00c70713 addi             x14, x14, 12        x14=1c010d30 x14:1c010d24
17267348ns          290176 1c00864a 60d6f6c3 fmadd.s          f13, f13, f13, f12  f13=xxxxxxxx f13:425055f0 f13:425055f0 f12:458d1c1e
17267368ns          290177 1c00864e 68f7f7c3 fmadd.s          f15, f15, f15, f13  f15=xxxxxxxx f15:42b73318 f15:42b73318 f13:45e1e1ff
17267388ns          290178 1c008652 5807f7d3 fsqrt.s          f15, f15            f15=xxxxxxxx f15:46740b16
17267667ns          290192 1c008656 00f4222b p.sw             x15, 4(x8!)          x8=10001788 x15:42f9f33e  x8:10001784  PA:10001784
17267686ns          290193 1c00863e 00472783 lw               x15, 4(x14)         x15=42c7e367 x14:1c010d30  PA:1c010d34
17267985ns          290208 1c008640 00072683 lw               x13, 0(x14)         x13=42214937 x14:1c010d30  PA:1c010d30
17268283ns          290223 1c008642 10f7f653 fmul.s           f12, f15, f15       f12=xxxxxxxx f15:42c7e367 f15:42c7e367
17268303ns          290224 1c008646 00872783 lw               x15, 8(x14)         x15=42b8b89e x14:1c010d30  PA:1c010d38
17268621ns          290240 1c008648 00c70713 addi             x14, x14, 12        x14=1c010d3c x14:1c010d30
17268641ns          290241 1c00864a 60d6f6c3 fmadd.s          f13, f13, f13, f12  f13=xxxxxxxx f13:42214937 f13:42214937 f12:461c1354
17268661ns          290242 1c00864e 68f7f7c3 fmadd.s          f15, f15, f15, f13  f15=xxxxxxxx f15:42b8b89e f15:42b8b89e f13:46357a9f
17268681ns          290243 1c008652 5807f7d3 fsqrt.s          f15, f15            f15=xxxxxxxx f15:469d6244
17268959ns          290257 1c008656 00f4222b p.sw             x15, 4(x8!)          x8=1000178c x15:430deefd  x8:10001788  PA:10001788
17268979ns          290258 1c00863e 00472783 lw               x15, 4(x14)         x15=42b5ee2b x14:1c010d3c  PA:1c010d40
17269278ns          290273 1c008640 00072683 lw               x13, 0(x14)         x13=41a4b18a x14:1c010d3c  PA:1c010d3c
17269576ns          290288 1c008642 10f7f653 fmul.s           f12, f15, f15       f12=xxxxxxxx f15:42b5ee2b f15:42b5ee2b
17269596ns          290289 1c008646 00872783 lw               x15, 8(x14)         x15=3f8e9ef0 x14:1c010d3c  PA:1c010d44
17269934ns          290306 1c008648 00c70713 addi             x14, x14, 12        x14=1c010d48 x14:1c010d3c
17269954ns          290307 1c00864a 60d6f6c3 fmadd.s          f13, f13, f13, f12  f13=xxxxxxxx f13:41a4b18a f13:41a4b18a f12:46014aa6
17269974ns          290308 1c00864e 68f7f7c3 fmadd.s          f15, f15, f15, f13  f15=xxxxxxxx f15:3f8e9ef0 f15:3f8e9ef0 f13:4607e9e5
17269994ns          290309 1c008652 5807f7d3 fsqrt.s          f15, f15            f15=xxxxxxxx f15:4607eedc
17270272ns          290323 1c008656 00f4222b p.sw             x15, 4(x8!)          x8=10001790 x15:42ba8b66  x8:1000178c  PA:1000178c
17270292ns          290324 1c00863e 00472783 lw               x15, 4(x14)         x15=41f891f5 x14:1c010d48  PA:1c010d4c
17270591ns          290339 1c008640 00072683 lw               x13, 0(x14)         x13=428482f9 x14:1c010d48  PA:1c010d48
17270889ns          290354 1c008642 10f7f653 fmul.s           f12, f15, f15       f12=xxxxxxxx f15:41f891f5 f15:41f891f5
17270909ns          290355 1c008646 00872783 lw               x15, 8(x14)         x15=42b1e387 x14:1c010d48  PA:1c010d50
17271247ns          290372 1c008648 00c70713 addi             x14, x14, 12        x14=1c010d54 x14:1c010d48
17271267ns          290373 1c00864a 60d6f6c3 fmadd.s          f13, f13, f13, f12  f13=xxxxxxxx f13:428482f9 f13:428482f9 f12:44715b1e
17271287ns          290374 1c00864e 68f7f7c3 fmadd.s          f15, f15, f15, f13  f15=xxxxxxxx f15:42b1e387 f15:42b1e387 f13:45a75a0b
17271307ns          290375 1c008652 5807f7d3 fsqrt.s          f15, f15            f15=xxxxxxxx f15:464f4970
17271585ns          290389 1c008656 00f4222b p.sw             x15, 4(x8!)          x8=10001794 x15:42e65bff  x8:10001790  PA:10001790
17271605ns          290390 1c00863e 00472783 lw               x15, 4(x14)         x15=42b2f9cf x14:1c010d54  PA:1c010d58
17271903ns          290405 1c008640 00072683 lw               x13, 0(x14)         x13=4292f499 x14:1c010d54  PA:1c010d54
17272202ns          290420 1c008642 10f7f653 fmul.s           f12, f15, f15       f12=xxxxxxxx f15:42b2f9cf f15:42b2f9cf
17272222ns          290421 1c008646 00872783 lw               x15, 8(x14)         x15=41aeadd1 x14:1c010d54  PA:1c010d5c
17272560ns          290438 1c008648 00c70713 addi             x14, x14, 12        x14=1c010d60 x14:1c010d54
17272580ns          290439 1c00864a 60d6f6c3 fmadd.s          f13, f13, f13, f12  f13=xxxxxxxx f13:4292f499 f13:4292f499 f12:45fa40af
17272599ns          290440 1c00864e 68f7f7c3 fmadd.s          f15, f15, f15, f13  f15=xxxxxxxx f15:41aeadd1 f15:41aeadd1 f13:46517c40
17272619ns          290441 1c008652 5807f7d3 fsqrt.s          f15, f15            f15=xxxxxxxx f15:4658ef4c
17272898ns          290455 1c008656 00f4222b p.sw             x15, 4(x8!)          x8=10001798 x15:42eba8c7  x8:10001794  PA:10001794
17272918ns          290456 1c00863e 00472783 lw               x15, 4(x14)         x15=428a0bda x14:1c010d60  PA:1c010d64
17273216ns          290471 1c008640 00072683 lw               x13, 0(x14)         x13=4273cbb5 x14:1c010d60  PA:1c010d60
17273514ns          290486 1c008642 10f7f653 fmul.s           f12, f15, f15       f12=xxxxxxxx f15:428a0bda f15:428a0bda
17273534ns          290487 1c008646 00872783 lw               x15, 8(x14)         x15=429dd543 x14:1c010d60  PA:1c010d68
17273872ns          290504 1c008648 00c70713 addi             x14, x14, 12        x14=1c010d6c x14:1c010d60
17273892ns          290505 1c00864a 60d6f6c3 fmadd.s          f13, f13, f13, f12  f13=xxxxxxxx f13:4273cbb5 f13:4273cbb5 f12:4594e18f
17273912ns          290506 1c00864e 68f7f7c3 fmadd.s          f15, f15, f15, f13  f15=xxxxxxxx f15:429dd543 f15:429dd543 f13:46047bde
17273932ns          290507 1c008652 5807f7d3 fsqrt.s          f15, f15            f15=xxxxxxxx f15:4665cb24
17274211ns          290521 1c008656 00f4222b p.sw             x15, 4(x8!)          x8=1000179c x15:42f28b06  x8:10001798  PA:10001798
17274231ns          290522 1c00863e 00472783 lw               x15, 4(x14)         x15=41eed2a6 x14:1c010d6c  PA:1c010d70
17274529ns          290537 1c008640 00072683 lw               x13, 0(x14)         x13=421127bd x14:1c010d6c  PA:1c010d6c
17274827ns          290552 1c008642 10f7f653 fmul.s           f12, f15, f15       f12=xxxxxxxx f15:41eed2a6 f15:41eed2a6
17274847ns          290553 1c008646 00872783 lw               x15, 8(x14)         x15=425badb9 x14:1c010d6c  PA:1c010d74
17275185ns          290570 1c008648 00c70713 addi             x14, x14, 12        x14=1c010d78 x14:1c010d6c
17275205ns          290571 1c00864a 60d6f6c3 fmadd.s          f13, f13, f13, f12  f13=xxxxxxxx f13:421127bd f13:421127bd f12:445ecc5a
17275225ns          290572 1c00864e 68f7f7c3 fmadd.s          f15, f15, f15, f13  f15=xxxxxxxx f15:425badb9 f15:425badb9 f13:450a0121
17275245ns          290573 1c008652 5807f7d3 fsqrt.s          f15, f15            f15=xxxxxxxx f15:45a341e9
17275523ns          290587 1c008656 00f4222b p.sw             x15, 4(x8!)          x8=100017a0 x15:42908ecb  x8:1000179c  PA:1000179c
17275543ns          290588 1c00863e 00472783 lw               x15, 4(x14)         x15=429ad08d x14:1c010d78  PA:1c010d7c
17275842ns          290603 1c008640 00072683 lw               x13, 0(x14)         x13=4285efb2 x14:1c010d78  PA:1c010d78
17276140ns          290618 1c008642 10f7f653 fmul.s           f12, f15, f15       f12=xxxxxxxx f15:429ad08d f15:429ad08d
17276160ns          290619 1c008646 00872783 lw               x15, 8(x14)         x15=42915322 x14:1c010d78  PA:1c010d80
17276498ns          290636 1c008648 00c70713 addi             x14, x14, 12        x14=1c010d84 x14:1c010d78
17276518ns          290637 1c00864a 60d6f6c3 fmadd.s          f13, f13, f13, f12  f13=xxxxxxxx f13:4285efb2 f13:4285efb2 f12:45bb3f27
17276538ns          290638 1c00864e 68f7f7c3 fmadd.s          f15, f15, f15, f13  f15=xxxxxxxx f15:42915322 f15:42915322 f13:4623b283
17276558ns          290639 1c008652 5807f7d3 fsqrt.s          f15, f15            f15=xxxxxxxx f15:467631cb
17276836ns          290653 1c008656 00f4222b p.sw             x15, 4(x8!)          x8=100017a4 x15:42fb0ca4  x8:100017a0  PA:100017a0
17276856ns          290654 1c00863e 00472783 lw               x15, 4(x14)         x15=4259f88c x14:1c010d84  PA:1c010d88
17277154ns          290669 1c008640 00072683 lw               x13, 0(x14)         x13=414c2476 x14:1c010d84  PA:1c010d84
17277453ns          290684 1c008642 10f7f653 fmul.s           f12, f15, f15       f12=xxxxxxxx f15:4259f88c f15:4259f88c
17277473ns          290685 1c008646 00872783 lw               x15, 8(x14)         x15=425b9eb6 x14:1c010d84  PA:1c010d8c
17277811ns          290702 1c008648 00c70713 addi             x14, x14, 12        x14=1c010d90 x14:1c010d84
17277831ns          290703 1c00864a 60d6f6c3 fmadd.s          f13, f13, f13, f12  f13=xxxxxxxx f13:414c2476 f13:414c2476 f12:4539974f
17277851ns          290704 1c00864e 68f7f7c3 fmadd.s          f15, f15, f15, f13  f15=xxxxxxxx f15:425b9eb6 f15:425b9eb6 f13:4543c3f1
17277871ns          290705 1c008652 5807f7d3 fsqrt.s          f15, f15            f15=xxxxxxxx f15:45c0166f
17278149ns          290719 1c008656 00f4222b p.sw             x15, 4(x8!)          x8=100017a8 x15:429ccd99  x8:100017a4  PA:100017a4
17278169ns          290720 1c00863e 00472783 lw               x15, 4(x14)         x15=423924ee x14:1c010d90  PA:1c010d94
17278467ns          290735 1c008640 00072683 lw               x13, 0(x14)         x13=4243511c x14:1c010d90  PA:1c010d90
17278766ns          290750 1c008642 10f7f653 fmul.s           f12, f15, f15       f12=xxxxxxxx f15:423924ee f15:423924ee
17278786ns          290751 1c008646 00872783 lw               x15, 8(x14)         x15=41694db6 x14:1c010d90  PA:1c010d98
17279084ns          290766 1c008648 00c70713 addi             x14, x14, 12        x14=1c010d9c x14:1c010d90
17279104ns          290767 1c00864a 60d6f6c3 fmadd.s          f13, f13, f13, f12  f13=xxxxxxxx f13:4243511c f13:4243511c f12:4505e665
17279124ns          290768 1c00864e 68f7f7c3 fmadd.s          f15, f15, f15, f13  f15=xxxxxxxx f15:41694db6 f15:41694db6 f13:458d7588
17279144ns          290769 1c008652 5807f7d3 fsqrt.s          f15, f15            f15=xxxxxxxx f15:45941a7c
17279422ns          290783 1c008656 00f4222b p.sw             x15, 4(x8!)          x8=100017ac x15:4289af70  x8:100017a8  PA:100017a8
17279442ns          290784 1c00863e 00472783 lw               x15, 4(x14)         x15=42350f50 x14:1c010d9c  PA:1c010da0
17279740ns          290799 1c008640 00072683 lw               x13, 0(x14)         x13=41b1b22d x14:1c010d9c  PA:1c010d9c
17280039ns          290814 1c008642 10f7f653 fmul.s           f12, f15, f15       f12=xxxxxxxx f15:42350f50 f15:42350f50
17280059ns          290815 1c008646 00872783 lw               x15, 8(x14)         x15=4295d2cf x14:1c010d9c  PA:1c010da4
17280357ns          290830 1c008648 00c70713 addi             x14, x14, 12        x14=1c010da8 x14:1c010d9c
17280377ns          290831 1c00864a 60d6f6c3 fmadd.s          f13, f13, f13, f12  f13=xxxxxxxx f13:41b1b22d f13:41b1b22d f12:45000ea8
17280397ns          290832 1c00864e 68f7f7c3 fmadd.s          f15, f15, f15, f13  f15=xxxxxxxx f15:4295d2cf f15:4295d2cf f13:451ee4a0
17280417ns          290833 1c008652 5807f7d3 fsqrt.s          f15, f15            f15=xxxxxxxx f15:45fed075
17280695ns          290847 1c008656 00f4222b p.sw             x15, 4(x8!)          x8=100017b0 x15:42b49982  x8:100017ac  PA:100017ac
17280715ns          290848 1c00863e 00472783 lw               x15, 4(x14)         x15=42b837e7 x14:1c010da8  PA:1c010dac
17281013ns          290863 1c008640 00072683 lw               x13, 0(x14)         x13=411525ee x14:1c010da8  PA:1c010da8
17281312ns          290878 1c008642 10f7f653 fmul.s           f12, f15, f15       f12=xxxxxxxx f15:42b837e7 f15:42b837e7
17281332ns          290879 1c008646 00872783 lw               x15, 8(x14)         x15=40b09173 x14:1c010da8  PA:1c010db0
17281630ns          290894 1c008648 00c70713 addi             x14, x14, 12        x14=1c010db4 x14:1c010da8
17281650ns          290895 1c00864a 60d6f6c3 fmadd.s          f13, f13, f13, f12  f13=xxxxxxxx f13:411525ee f13:411525ee f12:46049068
17281670ns          290896 1c00864e 68f7f7c3 fmadd.s          f15, f15, f15, f13  f15=xxxxxxxx f15:40b09173 f15:40b09173 f13:4605ebfd
17281690ns          290897 1c008652 5807f7d3 fsqrt.s          f15, f15            f15=xxxxxxxx f15:460665c5
17281968ns          290911 1c008656 00f4222b p.sw             x15, 4(x8!)          x8=100017b4 x15:42b97ce8  x8:100017b0  PA:100017b0
17281988ns          290912 1c00863e 00472783 lw               x15, 4(x14)         x15=42648db1 x14:1c010db4  PA:1c010db8
17282286ns          290927 1c008640 00072683 lw               x13, 0(x14)         x13=42a4b0b7 x14:1c010db4  PA:1c010db4
17282585ns          290942 1c008642 10f7f653 fmul.s           f12, f15, f15       f12=xxxxxxxx f15:42648db1 f15:42648db1
17282605ns          290943 1c008646 00872783 lw               x15, 8(x14)         x15=42888ca0 x14:1c010db4  PA:1c010dbc
17282903ns          290958 1c008648 00c70713 addi             x14, x14, 12        x14=1c010dc0 x14:1c010db4
17282923ns          290959 1c00864a 60d6f6c3 fmadd.s          f13, f13, f13, f12  f13=xxxxxxxx f13:42a4b0b7 f13:42a4b0b7 f12:454c0cb2
17282943ns          290960 1c00864e 68f7f7c3 fmadd.s          f15, f15, f15, f13  f15=xxxxxxxx f15:42888ca0 f15:42888ca0 f13:461cf611
17282963ns          290961 1c008652 5807f7d3 fsqrt.s          f15, f15            f15=xxxxxxxx f15:4665cbc8
17283241ns          290975 1c008656 00f4222b p.sw             x15, 4(x8!)          x8=100017b8 x15:42f28b5d  x8:100017b4  PA:100017b4
17283261ns          290976 1c00863e 00472783 lw               x15, 4(x14)         x15=42ac2c54 x14:1c010dc0  PA:1c010dc4
17283559ns          290991 1c008640 00072683 lw               x13, 0(x14)         x13=4275d0b9 x14:1c010dc0  PA:1c010dc0
17283858ns          291006 1c008642 10f7f653 fmul.s           f12, f15, f15       f12=xxxxxxxx f15:42ac2c54 f15:42ac2c54
17283878ns          291007 1c008646 00872783 lw               x15, 8(x14)         x15=42b9aaff x14:1c010dc0  PA:1c010dc8
17284216ns          291024 1c008648 00c70713 addi             x14, x14, 12        x14=1c010dcc x14:1c010dc0
17284236ns          291025 1c00864a 60d6f6c3 fmadd.s          f13, f13, f13, f12  f13=xxxxxxxx f13:4275d0b9 f13:4275d0b9 f12:45e79731
17284255ns          291026 1c00864e 68f7f7c3 fmadd.s          f15, f15, f15, f13  f15=xxxxxxxx f15:42b9aaff f15:42b9aaff f13:462ecde4
17284275ns          291027 1c008652 5807f7d3 fsqrt.s          f15, f15            f15=xxxxxxxx f15:469abb3d
17284554ns          291041 1c008656 00f4222b p.sw             x15, 4(x8!)          x8=100017bc x15:430cbb81  x8:100017b8  PA:100017b8
17284574ns          291042 1c00863e 00472783 lw               x15, 4(x14)         x15=420d22e6 x14:1c010dcc  PA:1c010dd0
17284872ns          291057 1c008640 00072683 lw               x13, 0(x14)         x13=429d5db3 x14:1c010dcc  PA:1c010dcc
17285170ns          291072 1c008642 10f7f653 fmul.s           f12, f15, f15       f12=xxxxxxxx f15:420d22e6 f15:420d22e6
17285190ns          291073 1c008646 00872783 lw               x15, 8(x14)         x15=41c049e8 x14:1c010dcc  PA:1c010dd4
17285528ns          291090 1c008648 00c70713 addi             x14, x14, 12        x14=1c010dd8 x14:1c010dcc
17285548ns          291091 1c00864a 60d6f6c3 fmadd.s          f13, f13, f13, f12  f13=xxxxxxxx f13:429d5db3 f13:429d5db3 f12:449b9eec
17285568ns          291092 1c00864e 68f7f7c3 fmadd.s          f15, f15, f15, f13  f15=xxxxxxxx f15:41c049e8 f15:41c049e8 f13:45e85fdb
17285588ns          291093 1c008652 5807f7d3 fsqrt.s          f15, f15            f15=xxxxxxxx f15:45fa6db9
17285867ns          291107 1c008656 00f4222b p.sw             x15, 4(x8!)          x8=100017c0 x15:42b309e9  x8:100017bc  PA:100017bc
17285887ns          291108 1c00863e 00472783 lw               x15, 4(x14)         x15=42c507a9 x14:1c010dd8  PA:1c010ddc
17286185ns          291123 1c008640 00072683 lw               x13, 0(x14)         x13=42372439 x14:1c010dd8  PA:1c010dd8
17286483ns          291138 1c008642 10f7f653 fmul.s           f12, f15, f15       f12=xxxxxxxx f15:42c507a9 f15:42c507a9
17286503ns          291139 1c008646 00872783 lw               x15, 8(x14)         x15=4274a5fe x14:1c010dd8  PA:1c010de0
17286841ns          291156 1c008648 00c70713 addi             x14, x14, 12        x14=1c010de4 x14:1c010dd8
17286861ns          291157 1c00864a 60d6f6c3 fmadd.s          f13, f13, f13, f12  f13=xxxxxxxx f13:42372439 f13:42372439 f12:4617a4ca
17286881ns          291158 1c00864e 68f7f7c3 fmadd.s          f15, f15, f15, f13  f15=xxxxxxxx f15:4274a5fe f15:4274a5fe f13:463865fe
17286901ns          291159 1c008652 5807f7d3 fsqrt.s          f15, f15            f15=xxxxxxxx f15:4672d934
17287179ns          291173 1c008656 00f4222b p.sw             x15, 4(x8!)          x8=100017c4 x15:42f95668  x8:100017c0  PA:100017c0
17287199ns          291174 1c00863e 00472783 lw               x15, 4(x14)         x15=41c02b77 x14:1c010de4  PA:1c010de8
17287498ns          291189 1c008640 00072683 lw               x13, 0(x14)         x13=4286376f x14:1c010de4  PA:1c010de4
17287796ns          291204 1c008642 10f7f653 fmul.s           f12, f15, f15       f12=xxxxxxxx f15:41c02b77 f15:41c02b77
17287816ns          291205 1c008646 00872783 lw               x15, 8(x14)         x15=42a9b215 x14:1c010de4  PA:1c010dec
17288154ns          291222 1c008648 00c70713 addi             x14, x14, 12        x14=1c010df0 x14:1c010de4
17288174ns          291223 1c00864a 60d6f6c3 fmadd.s          f13, f13, f13, f12  f13=xxxxxxxx f13:4286376f f13:4286376f f12:4410413a
17288194ns          291224 1c00864e 68f7f7c3 fmadd.s          f15, f15, f15, f13  f15=xxxxxxxx f15:42a9b215 f15:42a9b215 f13:459ec450
17288214ns          291225 1c008652 5807f7d3 fsqrt.s          f15, f15            f15=xxxxxxxx f15:463fdec4
17288492ns          291239 1c008656 00f4222b p.sw             x15, 4(x8!)          x8=100017c8 x15:42dda0a6  x8:100017c4  PA:100017c4
17288512ns          291240 1c00863e 00472783 lw               x15, 4(x14)         x15=427dfbcf x14:1c010df0  PA:1c010df4
17288810ns          291255 1c008640 00072683 lw               x13, 0(x14)         x13=4234bf0d x14:1c010df0  PA:1c010df0
17289109ns          291270 1c008642 10f7f653 fmul.s           f12, f15, f15       f12=xxxxxxxx f15:427dfbcf f15:427dfbcf
17289129ns          291271 1c008646 00872783 lw               x15, 8(x14)         x15=4286c20a x14:1c010df0  PA:1c010df8
17289467ns          291288 1c008648 00c70713 addi             x14, x14, 12        x14=1c010dfc x14:1c010df0
17289487ns          291289 1c00864a 60d6f6c3 fmadd.s          f13, f13, f13, f12  f13=xxxxxxxx f13:4234bf0d f13:4234bf0d f12:457bfbaf
17289507ns          291290 1c00864e 68f7f7c3 fmadd.s          f15, f15, f15, f13  f15=xxxxxxxx f15:4286c20a f15:4286c20a f13:45bdcc74
17289527ns          291291 1c008652 5807f7d3 fsqrt.s          f15, f15            f15=xxxxxxxx f15:4625d5f0
17289805ns          291305 1c008656 00f4222b p.sw             x15, 4(x8!)          x8=100017cc x15:42ce0b25  x8:100017c8  PA:100017c8
17289825ns          291306 1c00863e 00472783 lw               x15, 4(x14)         x15=42c12b0e x14:1c010dfc  PA:1c010e00
17290123ns          291321 1c008640 00072683 lw               x13, 0(x14)         x13=411a8ffc x14:1c010dfc  PA:1c010dfc
17290422ns          291336 1c008642 10f7f653 fmul.s           f12, f15, f15       f12=xxxxxxxx f15:42c12b0e f15:42c12b0e
17290441ns          291337 1c008646 00872783 lw               x15, 8(x14)         x15=42adaffe x14:1c010dfc  PA:1c010e04
17290760ns          291353 1c008648 00c70713 addi             x14, x14, 12        x14=1c010e08 x14:1c010dfc
17290780ns          291354 1c00864a 60d6f6c3 fmadd.s          f13, f13, f13, f12  f13=xxxxxxxx f13:411a8ffc f13:411a8ffc f12:4611c1f2
17290800ns          291355 1c00864e 68f7f7c3 fmadd.s          f15, f15, f15, f13  f15=xxxxxxxx f15:42adaffe f15:42adaffe f13:46133738
17290819ns          291356 1c008652 5807f7d3 fsqrt.s          f15, f15            f15=xxxxxxxx f15:46848747
17291098ns          291370 1c008656 00f4222b p.sw             x15, 4(x8!)          x8=100017d0 x15:43023e9a  x8:100017cc  PA:100017cc
17291118ns          291371 1c00863e 00472783 lw               x15, 4(x14)         x15=42a4bdc0 x14:1c010e08  PA:1c010e0c
17291416ns          291386 1c008640 00072683 lw               x13, 0(x14)         x13=42b0102d x14:1c010e08  PA:1c010e08
17291714ns          291401 1c008642 10f7f653 fmul.s           f12, f15, f15       f12=xxxxxxxx f15:42a4bdc0 f15:42a4bdc0
17291734ns          291402 1c008646 00872783 lw               x15, 8(x14)         x15=41e26874 x14:1c010e08  PA:1c010e10
17292053ns          291418 1c008648 00c70713 addi             x14, x14, 12        x14=1c010e14 x14:1c010e08
17292073ns          291419 1c00864a 60d6f6c3 fmadd.s          f13, f13, f13, f12  f13=xxxxxxxx f13:42b0102d f13:42b0102d f12:45d40755
17292092ns          291420 1c00864e 68f7f7c3 fmadd.s          f15, f15, f15, f13  f15=xxxxxxxx f15:41e26874 f15:41e26874 f13:466319e9
17292112ns          291421 1c008652 5807f7d3 fsqrt.s          f15, f15            f15=xxxxxxxx f15:466f9db2
17292391ns          291435 1c008656 00f4222b p.sw             x15, 4(x8!)          x8=100017d4 x15:42f7ac2d  x8:100017d0  PA:100017d0
17292411ns          291436 1c00863e 00472783 lw               x15, 4(x14)         x15=4131a4e7 x14:1c010e14  PA:1c010e18
17292709ns          291451 1c008640 00072683 lw               x13, 0(x14)         x13=42470a0d x14:1c010e14  PA:1c010e14
17293007ns          291466 1c008642 10f7f653 fmul.s           f12, f15, f15       f12=xxxxxxxx f15:4131a4e7 f15:4131a4e7
17293027ns          291467 1c008646 00872783 lw               x15, 8(x14)         x15=42a051d6 x14:1c010e14  PA:1c010e1c
17293346ns          291483 1c008648 00c70713 addi             x14, x14, 12        x14=1c010e20 x14:1c010e14
17293365ns          291484 1c00864a 60d6f6c3 fmadd.s          f13, f13, f13, f12  f13=xxxxxxxx f13:42470a0d f13:42470a0d f12:42f68ae3
17293385ns          291485 1c00864e 68f7f7c3 fmadd.s          f15, f15, f15, f13  f15=xxxxxxxx f15:42a051d6 f15:42a051d6 f13:452274f8
17293405ns          291486 1c008652 5807f7d3 fsqrt.s          f15, f15            f15=xxxxxxxx f15:460d03a4
17293684ns          291500 1c008656 00f4222b p.sw             x15, 4(x8!)          x8=100017d8 x15:42bdffc2  x8:100017d4  PA:100017d4
17293704ns          291501 1c00863e 00472783 lw               x15, 4(x14)         x15=42c29917 x14:1c010e20  PA:1c010e24
17294002ns          291516 1c008640 00072683 lw               x13, 0(x14)         x13=421418e0 x14:1c010e20  PA:1c010e20
17294300ns          291531 1c008642 10f7f653 fmul.s           f12, f15, f15       f12=xxxxxxxx f15:42c29917 f15:42c29917
17294320ns          291532 1c008646 00872783 lw               x15, 8(x14)         x15=41bc51b1 x14:1c010e20  PA:1c010e28
17294638ns          291548 1c008648 00c70713 addi             x14, x14, 12        x14=1c010e2c x14:1c010e20
17294658ns          291549 1c00864a 60d6f6c3 fmadd.s          f13, f13, f13, f12  f13=xxxxxxxx f13:421418e0 f13:421418e0 f12:4613ec62
17294678ns          291550 1c00864e 68f7f7c3 fmadd.s          f15, f15, f15, f13  f15=xxxxxxxx f15:41bc51b1 f15:41bc51b1 f13:46295793
17294698ns          291551 1c008652 5807f7d3 fsqrt.s          f15, f15            f15=xxxxxxxx f15:46320014
17294977ns          291565 1c008656 00f4222b p.sw             x15, 4(x8!)          x8=100017dc x15:42d57781  x8:100017d8  PA:100017d8
17294996ns          291566 1c00863e 00472783 lw               x15, 4(x14)         x15=413e5cde x14:1c010e2c  PA:1c010e30
17295295ns          291581 1c008640 00072683 lw               x13, 0(x14)         x13=42207905 x14:1c010e2c  PA:1c010e2c
17295593ns          291596 1c008642 10f7f653 fmul.s           f12, f15, f15       f12=xxxxxxxx f15:413e5cde f15:413e5cde
17295613ns          291597 1c008646 00872783 lw               x15, 8(x14)         x15=4289f4b7 x14:1c010e2c  PA:1c010e34
17295931ns          291613 1c008648 00c70713 addi             x14, x14, 12        x14=1c010e38 x14:1c010e2c
17295951ns          291614 1c00864a 60d6f6c3 fmadd.s          f13, f13, f13, f12  f13=xxxxxxxx f13:42207905 f13:42207905 f12:430d8dfb
17295971ns          291615 1c00864e 68f7f7c3 fmadd.s          f15, f15, f15, f13  f15=xxxxxxxx f15:4289f4b7 f15:4289f4b7 f13:44dae0be
17295991ns          291616 1c008652 5807f7d3 fsqrt.s          f15, f15            f15=xxxxxxxx f15:45cb67db
17296269ns          291630 1c008656 00f4222b p.sw             x15, 4(x8!)          x8=100017e0 x15:42a15b45  x8:100017dc  PA:100017dc
17296289ns          291631 1c00863e 00472783 lw               x15, 4(x14)         x15=415ea42a x14:1c010e38  PA:1c010e3c
17296588ns          291646 1c008640 00072683 lw               x13, 0(x14)         x13=42a2defc x14:1c010e38  PA:1c010e38
17296886ns          291661 1c008642 10f7f653 fmul.s           f12, f15, f15       f12=xxxxxxxx f15:415ea42a f15:415ea42a
17296906ns          291662 1c008646 00872783 lw               x15, 8(x14)         x15=404c6b77 x14:1c010e38  PA:1c010e40
17297224ns          291678 1c008648 00c70713 addi             x14, x14, 12        x14=1c010e44 x14:1c010e38
17297244ns          291679 1c00864a 60d6f6c3 fmadd.s          f13, f13, f13, f12  f13=xxxxxxxx f13:42a2defc f13:42a2defc f12:4341a122
17297264ns          291680 1c00864e 68f7f7c3 fmadd.s          f15, f15, f15, f13  f15=xxxxxxxx f15:404c6b77 f15:404c6b77 f13:45d54afb
17297284ns          291681 1c008652 5807f7d3 fsqrt.s          f15, f15            f15=xxxxxxxx f15:45d59c99
17297562ns          291695 1c008656 00f4222b p.sw             x15, 4(x8!)          x8=100017e4 x15:42a55ae6  x8:100017e0  PA:100017e0
17297582ns          291696 1c00863e 00472783 lw               x15, 4(x14)         x15=42b6086a x14:1c010e44  PA:1c010e48
17297901ns          291712 1c008640 00072683 lw               x13, 0(x14)         x13=420570a4 x14:1c010e44  PA:1c010e44
17298199ns          291727 1c008642 10f7f653 fmul.s           f12, f15, f15       f12=xxxxxxxx f15:42b6086a f15:42b6086a
17298219ns          291728 1c008646 00872783 lw               x15, 8(x14)         x15=42800b37 x14:1c010e44  PA:1c010e4c
17298517ns          291743 1c008648 00c70713 addi             x14, x14, 12        x14=1c010e50 x14:1c010e44
17298537ns          291744 1c00864a 60d6f6c3 fmadd.s          f13, f13, f13, f12  f13=xxxxxxxx f13:420570a4 f13:420570a4 f12:46016ff7
17298557ns          291745 1c00864e 68f7f7c3 fmadd.s          f15, f15, f15, f13  f15=xxxxxxxx f15:42800b37 f15:42800b37 f13:4612d386
17298577ns          291746 1c008652 5807f7d3 fsqrt.s          f15, f15            f15=xxxxxxxx f15:4652debd
17298855ns          291760 1c008656 00f4222b p.sw             x15, 4(x8!)          x8=100017e8 x15:42e85784  x8:100017e4  PA:100017e4
17298875ns          291761 1c00865a 241010ef jal              x1, 6720             x1=1c00865e
17298935ns          291764 1c00a09a f14027f3 csrrs            x15, x0, 0xf14      x15=00000002
17298955ns          291765 1c00a09e 01f00713 addi             x14, x0, 31         x14=0000001f
17298975ns          291766 1c00a0a0 ca5797b3 p.extractu       x15, x15, 5, 5      x15=00000000 x15:00000002
17298995ns          291767 1c00a0a4 00e78863 beq              x15, x14, 16        x15:00000000 x14:0000001f
17299014ns          291768 1c00a0a8 002047b7 lui              x15, 0x204000       x15=00204000
17299034ns          291769 1c00a0ac 20078793 addi             x15, x15, 512       x15=00204200 x15:00204000
17299054ns          291770 1c00a0b0 01c7e703 p.elw            x14, 28(x15)        x14=00010000 x15:00204200  PA:0020421c
17299452ns          291790 1c00a0b4 00008067 jalr             x0, x1, 0            x1:1c00865e
17299512ns          291793 1c00865e f14027f3 csrrs            x15, x0, 0xf14      x15=00000002
17299532ns          291794 1c008662 f457b7b3 p.bclr           x15, x15, 26, 5     x15=00000002 x15:00000002
17299551ns          291795 1c008666 08078563 beq              x15, x0, 138        x15:00000002
17299571ns          291796 1c008668 01410693 addi             x13, x2, 20         x13=1000165c  x2:10001648
17299591ns          291797 1c00866a 40d407b3 sub              x15, x8, x13        x15=0000018c  x8:100017e8 x13:1000165c
17299611ns          291798 1c00866e ffc78793 addi             x15, x15, -4        x15=00000188 x15:0000018c
17300089ns          291822 1c008670 0027d793 srli             x15, x15, 0x2       x15=00000062 x15:00000188
17300108ns          291823 1c008672 01012703 lw               x14, 16(x2)         x14=430b2a8a  x2:10001648  PA:10001658
17300128ns          291824 1c008674 00178793 addi             x15, x15, 1         x15=00000063 x15:00000062
17300148ns          291825 1c008676 0047c0fb lp.setup         0x1, x15, 0x4       x15:00000063
17300168ns          291826 1c00867a 0046a60b p.lw             x12, 4(x13!)        x12=42ce563c x13=10001660 x13:1000165c  PA:1000165c
17300785ns          291857 1c00867e 00c77753 fadd.s           f14, f14, f12       f14=xxxxxxxx f14:430b2a8a f12:42ce563c
17300844ns          291860 1c00867a 0046a60b p.lw             x12, 4(x13!)        x12=42ed08e6 x13=10001664 x13:10001660  PA:10001660
17300884ns          291862 1c00867e 00c77753 fadd.s           f14, f14, f12       f14=xxxxxxxx f14:437255a8 f12:42ed08e6
17300904ns          291863 1c00867a 0046a60b p.lw             x12, 4(x13!)        x12=425b380d x13=10001668 x13:10001664  PA:10001664
17300944ns          291865 1c00867e 00c77753 fadd.s           f14, f14, f12       f14=xxxxxxxx f14:43b46d0e f12:425b380d
17300964ns          291866 1c00867a 0046a60b p.lw             x12, 4(x13!)        x12=42d278fa x13=1000166c x13:10001668  PA:10001668
17301003ns          291868 1c00867e 00c77753 fadd.s           f14, f14, f12       f14=xxxxxxxx f14:43cfd410 f12:42d278fa
17301023ns          291869 1c00867a 0046a60b p.lw             x12, 4(x13!)        x12=42c29bf5 x13=10001670 x13:1000166c  PA:1000166c
17301063ns          291871 1c00867e 00c77753 fadd.s           f14, f14, f12       f14=xxxxxxxx f14:44023927 f12:42c29bf5
17301083ns          291872 1c00867a 0046a60b p.lw             x12, 4(x13!)        x12=42d15ddb x13=10001674 x13:10001670  PA:10001670
17301123ns          291874 1c00867e 00c77753 fadd.s           f14, f14, f12       f14=xxxxxxxx f14:441a8ca6 f12:42d15ddb
17301143ns          291875 1c00867a 0046a60b p.lw             x12, 4(x13!)        x12=430532aa x13=10001678 x13:10001674  PA:10001674
17301182ns          291877 1c00867e 00c77753 fadd.s           f14, f14, f12       f14=xxxxxxxx f14:4434b861 f12:430532aa
17301202ns          291878 1c00867a 0046a60b p.lw             x12, 4(x13!)        x12=42778086 x13=1000167c x13:10001678  PA:10001678
17301242ns          291880 1c00867e 00c77753 fadd.s           f14, f14, f12       f14=xxxxxxxx f14:4456050c f12:42778086
17301262ns          291881 1c00867a 0046a60b p.lw             x12, 4(x13!)        x12=42c79218 x13=10001680 x13:1000167c  PA:1000167c
17301302ns          291883 1c00867e 00c77753 fadd.s           f14, f14, f12       f14=xxxxxxxx f14:44657d14 f12:42c79218
17301322ns          291884 1c00867a 0046a60b p.lw             x12, 4(x13!)        x12=42d44c9c x13=10001684 x13:10001680  PA:10001680
17301362ns          291886 1c00867e 00c77753 fadd.s           f14, f14, f12       f14=xxxxxxxx f14:447e6f57 f12:42d44c9c
17301381ns          291887 1c00867a 0046a60b p.lw             x12, 4(x13!)        x12=42a4fbd0 x13=10001688 x13:10001684  PA:10001684
17301421ns          291889 1c00867e 00c77753 fadd.s           f14, f14, f12       f14=xxxxxxxx f14:448c7c75 f12:42a4fbd0
17301441ns          291890 1c00867a 0046a60b p.lw             x12, 4(x13!)        x12=427c5460 x13=1000168c x13:10001688  PA:10001688
17301481ns          291892 1c00867e 00c77753 fadd.s           f14, f14, f12       f14=xxxxxxxx f14:4496cc32 f12:427c5460
17301501ns          291893 1c00867a 0046a60b p.lw             x12, 4(x13!)        x12=431097cc x13=10001690 x13:1000168c  PA:1000168c
17301541ns          291895 1c00867e 00c77753 fadd.s           f14, f14, f12       f14=xxxxxxxx f14:449eaed5 f12:431097cc
17301560ns          291896 1c00867a 0046a60b p.lw             x12, 4(x13!)        x12=42f2a9cc x13=10001694 x13:10001690  PA:10001690
17301600ns          291898 1c00867e 00c77753 fadd.s           f14, f14, f12       f14=xxxxxxxx f14:44b0c1ce f12:42f2a9cc
17301620ns          291899 1c00867a 0046a60b p.lw             x12, 4(x13!)        x12=4308028c x13=10001698 x13:10001694  PA:10001694
17301660ns          291901 1c00867e 00c77753 fadd.s           f14, f14, f12       f14=xxxxxxxx f14:44bfec6b f12:4308028c
17301680ns          291902 1c00867a 0046a60b p.lw             x12, 4(x13!)        x12=42c416d0 x13=1000169c x13:10001698  PA:10001698
17301720ns          291904 1c00867e 00c77753 fadd.s           f14, f14, f12       f14=xxxxxxxx f14:44d0ecbc f12:42c416d0
17301739ns          291905 1c00867a 0046a60b p.lw             x12, 4(x13!)        x12=42d44234 x13=100016a0 x13:1000169c  PA:1000169c
17301779ns          291907 1c00867e 00c77753 fadd.s           f14, f14, f12       f14=xxxxxxxx f14:44dd2e29 f12:42d44234
17301799ns          291908 1c00867a 0046a60b p.lw             x12, 4(x13!)        x12=42cd84d0 x13=100016a4 x13:100016a0  PA:100016a0
17301839ns          291910 1c00867e 00c77753 fadd.s           f14, f14, f12       f14=xxxxxxxx f14:44ea724c f12:42cd84d0
17301859ns          291911 1c00867a 0046a60b p.lw             x12, 4(x13!)        x12=42bc25d6 x13=100016a8 x13:100016a4  PA:100016a4
17301899ns          291913 1c00867e 00c77753 fadd.s           f14, f14, f12       f14=xxxxxxxx f14:44f74a99 f12:42bc25d6
17301918ns          291914 1c00867a 0046a60b p.lw             x12, 4(x13!)        x12=42c75a66 x13=100016ac x13:100016a8  PA:100016a8
17301958ns          291916 1c00867e 00c77753 fadd.s           f14, f14, f12       f14=xxxxxxxx f14:4501867b f12:42c75a66
17301978ns          291917 1c00867a 0046a60b p.lw             x12, 4(x13!)        x12=42ceed6b x13=100016b0 x13:100016ac  PA:100016ac
17302018ns          291919 1c00867e 00c77753 fadd.s           f14, f14, f12       f14=xxxxxxxx f14:4507c14e f12:42ceed6b
17302038ns          291920 1c00867a 0046a60b p.lw             x12, 4(x13!)        x12=42bb628a x13=100016b4 x13:100016b0  PA:100016b0
17302078ns          291922 1c00867e 00c77753 fadd.s           f14, f14, f12       f14=xxxxxxxx f14:450e38b9 f12:42bb628a
17302097ns          291923 1c00867a 0046a60b p.lw             x12, 4(x13!)        x12=42c1bada x13=100016b8 x13:100016b4  PA:100016b4
17302137ns          291925 1c00867e 00c77753 fadd.s           f14, f14, f12       f14=xxxxxxxx f14:451413cd f12:42c1bada
17302157ns          291926 1c00867a 0046a60b p.lw             x12, 4(x13!)        x12=425791fc x13=100016bc x13:100016b8  PA:100016b8
17302197ns          291928 1c00867e 00c77753 fadd.s           f14, f14, f12       f14=xxxxxxxx f14:451a21a4 f12:425791fc
17302217ns          291929 1c00867a 0046a60b p.lw             x12, 4(x13!)        x12=42d5e7c2 x13=100016c0 x13:100016bc  PA:100016bc
17302257ns          291931 1c00867e 00c77753 fadd.s           f14, f14, f12       f14=xxxxxxxx f14:451d7fec f12:42d5e7c2
17302276ns          291932 1c00867a 0046a60b p.lw             x12, 4(x13!)        x12=42f2243c x13=100016c4 x13:100016c0  PA:100016c0
17302316ns          291934 1c00867e 00c77753 fadd.s           f14, f14, f12       f14=xxxxxxxx f14:45242f2a f12:42f2243c
17302336ns          291935 1c00867a 0046a60b p.lw             x12, 4(x13!)        x12=42cc6af0 x13=100016c8 x13:100016c4  PA:100016c4
17302376ns          291937 1c00867e 00c77753 fadd.s           f14, f14, f12       f14=xxxxxxxx f14:452bc04c f12:42cc6af0
17302396ns          291938 1c00867a 0046a60b p.lw             x12, 4(x13!)        x12=428d0d45 x13=100016cc x13:100016c8  PA:100016c8
17302436ns          291940 1c00867e 00c77753 fadd.s           f14, f14, f12       f14=xxxxxxxx f14:453223a4 f12:428d0d45
17302456ns          291941 1c00867a 0046a60b p.lw             x12, 4(x13!)        x12=42f8fcf4 x13=100016d0 x13:100016cc  PA:100016cc
17302495ns          291943 1c00867e 00c77753 fadd.s           f14, f14, f12       f14=xxxxxxxx f14:45368c0e f12:42f8fcf4
17302515ns          291944 1c00867a 0046a60b p.lw             x12, 4(x13!)        x12=42de372e x13=100016d4 x13:100016d0  PA:100016d0
17302555ns          291946 1c00867e 00c77753 fadd.s           f14, f14, f12       f14=xxxxxxxx f14:453e53f6 f12:42de372e
17302575ns          291947 1c00867a 0046a60b p.lw             x12, 4(x13!)        x12=42f9fbae x13=100016d8 x13:100016d4  PA:100016d4
17302615ns          291949 1c00867e 00c77753 fadd.s           f14, f14, f12       f14=xxxxxxxx f14:454545af f12:42f9fbae
17302635ns          291950 1c00867a 0046a60b p.lw             x12, 4(x13!)        x12=42c9ab09 x13=100016dc x13:100016d8  PA:100016d8
17302674ns          291952 1c00867e 00c77753 fadd.s           f14, f14, f12       f14=xxxxxxxx f14:454d158c f12:42c9ab09
17302694ns          291953 1c00867a 0046a60b p.lw             x12, 4(x13!)        x12=430582e9 x13=100016e0 x13:100016dc  PA:100016dc
17302734ns          291955 1c00867e 00c77753 fadd.s           f14, f14, f12       f14=xxxxxxxx f14:455362e4 f12:430582e9
17302754ns          291956 1c00867a 0046a60b p.lw             x12, 4(x13!)        x12=4305b507 x13=100016e4 x13:100016e0  PA:100016e0
17302794ns          291958 1c00867e 00c77753 fadd.s           f14, f14, f12       f14=xxxxxxxx f14:455bbb13 f12:4305b507
17302814ns          291959 1c00867a 0046a60b p.lw             x12, 4(x13!)        x12=430d4342 x13=100016e8 x13:100016e4  PA:100016e4
17302853ns          291961 1c00867e 00c77753 fadd.s           f14, f14, f12       f14=xxxxxxxx f14:45641663 f12:430d4342
17302873ns          291962 1c00867a 0046a60b p.lw             x12, 4(x13!)        x12=42921036 x13=100016ec x13:100016e8  PA:100016e8
17302913ns          291964 1c00867e 00c77753 fadd.s           f14, f14, f12       f14=xxxxxxxx f14:456cea97 f12:42921036
17302933ns          291965 1c00867a 0046a60b p.lw             x12, 4(x13!)        x12=42c62aef x13=100016f0 x13:100016ec  PA:100016ec
17302973ns          291967 1c00867e 00c77753 fadd.s           f14, f14, f12       f14=xxxxxxxx f14:45717b19 f12:42c62aef
17302993ns          291968 1c00867a 0046a60b p.lw             x12, 4(x13!)        x12=42b3ce8a x13=100016f4 x13:100016f0  PA:100016f0
17303032ns          291970 1c00867e 00c77753 fadd.s           f14, f14, f12       f14=xxxxxxxx f14:4577ac70 f12:42b3ce8a
17303052ns          291971 1c00867a 0046a60b p.lw             x12, 4(x13!)        x12=4291bf54 x13=100016f8 x13:100016f4  PA:100016f4
17303092ns          291973 1c00867e 00c77753 fadd.s           f14, f14, f12       f14=xxxxxxxx f14:457d4ae4 f12:4291bf54
17303112ns          291974 1c00867a 0046a60b p.lw             x12, 4(x13!)        x12=42e52a29 x13=100016fc x13:100016f8  PA:100016f8
17303152ns          291976 1c00867e 00c77753 fadd.s           f14, f14, f12       f14=xxxxxxxx f14:4580ec6f f12:42e52a29
17303172ns          291977 1c00867a 0046a60b p.lw             x12, 4(x13!)        x12=42a6c191 x13=10001700 x13:100016fc  PA:100016fc
17303211ns          291979 1c00867e 00c77753 fadd.s           f14, f14, f12       f14=xxxxxxxx f14:45848118 f12:42a6c191
17303231ns          291980 1c00867a 0046a60b p.lw             x12, 4(x13!)        x12=4213223c x13=10001704 x13:10001700  PA:10001700
17303271ns          291982 1c00867e 00c77753 fadd.s           f14, f14, f12       f14=xxxxxxxx f14:45871c1e f12:4213223c
17303291ns          291983 1c00867a 0046a60b p.lw             x12, 4(x13!)        x12=42bb6e85 x13=10001708 x13:10001704  PA:10001704
17303331ns          291985 1c00867e 00c77753 fadd.s           f14, f14, f12       f14=xxxxxxxx f14:45884262 f12:42bb6e85
17303351ns          291986 1c00867a 0046a60b p.lw             x12, 4(x13!)        x12=42247f47 x13=1000170c x13:10001708  PA:10001708
17303390ns          291988 1c00867e 00c77753 fadd.s           f14, f14, f12       f14=xxxxxxxx f14:458b301c f12:42247f47
17303410ns          291989 1c00867a 0046a60b p.lw             x12, 4(x13!)        x12=430ad6a5 x13=10001710 x13:1000170c  PA:1000170c
17303450ns          291991 1c00867e 00c77753 fadd.s           f14, f14, f12       f14=xxxxxxxx f14:458c791b f12:430ad6a5
17303470ns          291992 1c00867a 0046a60b p.lw             x12, 4(x13!)        x12=429597ad x13=10001714 x13:10001710  PA:10001710
17303510ns          291994 1c00867e 00c77753 fadd.s           f14, f14, f12       f14=xxxxxxxx f14:4590cfd0 f12:429597ad
17303530ns          291995 1c00867a 0046a60b p.lw             x12, 4(x13!)        x12=426d0baa x13=10001718 x13:10001714  PA:10001714
17303569ns          291997 1c00867e 00c77753 fadd.s           f14, f14, f12       f14=xxxxxxxx f14:4593262f f12:426d0baa
17303589ns          291998 1c00867a 0046a60b p.lw             x12, 4(x13!)        x12=42f33259 x13=1000171c x13:10001718  PA:10001718
17303629ns          292000 1c00867e 00c77753 fadd.s           f14, f14, f12       f14=xxxxxxxx f14:45950046 f12:42f33259
17303649ns          292001 1c00867a 0046a60b p.lw             x12, 4(x13!)        x12=42c597a7 x13=10001720 x13:1000171c  PA:1000171c
17303689ns          292003 1c00867e 00c77753 fadd.s           f14, f14, f12       f14=xxxxxxxx f14:4598cd0f f12:42c597a7
17303709ns          292004 1c00867a 0046a60b p.lw             x12, 4(x13!)        x12=42e03a7b x13=10001724 x13:10001720  PA:10001720
17303748ns          292006 1c00867e 00c77753 fadd.s           f14, f14, f12       f14=xxxxxxxx f14:459be36e f12:42e03a7b
17303768ns          292007 1c00867a 0046a60b p.lw             x12, 4(x13!)        x12=4316cae7 x13=10001728 x13:10001724  PA:10001724
17303808ns          292009 1c00867e 00c77753 fadd.s           f14, f14, f12       f14=xxxxxxxx f14:459f6458 f12:4316cae7
17303828ns          292010 1c00867a 0046a60b p.lw             x12, 4(x13!)        x12=42d381ac x13=1000172c x13:10001728  PA:10001728
17303868ns          292012 1c00867e 00c77753 fadd.s           f14, f14, f12       f14=xxxxxxxx f14:45a41aaf f12:42d381ac
17303888ns          292013 1c00867a 0046a60b p.lw             x12, 4(x13!)        x12=420de563 x13=10001730 x13:1000172c  PA:1000172c
17303927ns          292015 1c00867e 00c77753 fadd.s           f14, f14, f12       f14=xxxxxxxx f14:45a768b6 f12:420de563
17303947ns          292016 1c00867a 0046a60b p.lw             x12, 4(x13!)        x12=42aa4f08 x13=10001734 x13:10001730  PA:10001730
17303987ns          292018 1c00867e 00c77753 fadd.s           f14, f14, f12       f14=xxxxxxxx f14:45a88481 f12:42aa4f08
17304007ns          292019 1c00867a 0046a60b p.lw             x12, 4(x13!)        x12=4264e02b x13=10001738 x13:10001734  PA:10001734
17304047ns          292021 1c00867e 00c77753 fadd.s           f14, f14, f12       f14=xxxxxxxx f14:45ab2dbd f12:4264e02b
17304067ns          292022 1c00867a 0046a60b p.lw             x12, 4(x13!)        x12=42dc93d5 x13=1000173c x13:10001738  PA:10001738
17304106ns          292024 1c00867e 00c77753 fadd.s           f14, f14, f12       f14=xxxxxxxx f14:45acf77d f12:42dc93d5
17304126ns          292025 1c00867a 0046a60b p.lw             x12, 4(x13!)        x12=42d4f6e5 x13=10001740 x13:1000173c  PA:1000173c
17304166ns          292027 1c00867e 00c77753 fadd.s           f14, f14, f12       f14=xxxxxxxx f14:45b069cc f12:42d4f6e5
17304186ns          292028 1c00867a 0046a60b p.lw             x12, 4(x13!)        x12=42a6c848 x13=10001744 x13:10001740  PA:10001740
17304226ns          292030 1c00867e 00c77753 fadd.s           f14, f14, f12       f14=xxxxxxxx f14:45b3bda8 f12:42a6c848
17304246ns          292031 1c00867a 0046a60b p.lw             x12, 4(x13!)        x12=42cd056c x13=10001748 x13:10001744  PA:10001744
17304285ns          292033 1c00867e 00c77753 fadd.s           f14, f14, f12       f14=xxxxxxxx f14:45b658c9 f12:42cd056c
17304305ns          292034 1c00867a 0046a60b p.lw             x12, 4(x13!)        x12=42c60e42 x13=1000174c x13:10001748  PA:10001748
17304345ns          292036 1c00867e 00c77753 fadd.s           f14, f14, f12       f14=xxxxxxxx f14:45b98cdf f12:42c60e42
17304365ns          292037 1c00867a 0046a60b p.lw             x12, 4(x13!)        x12=42d904c3 x13=10001750 x13:1000174c  PA:1000174c
17304405ns          292039 1c00867e 00c77753 fadd.s           f14, f14, f12       f14=xxxxxxxx f14:45bca518 f12:42d904c3
17304425ns          292040 1c00867a 0046a60b p.lw             x12, 4(x13!)        x12=4288cdbe x13=10001754 x13:10001750  PA:10001750
17304464ns          292042 1c00867e 00c77753 fadd.s           f14, f14, f12       f14=xxxxxxxx f14:45c0092b f12:4288cdbe
17304484ns          292043 1c00867a 0046a60b p.lw             x12, 4(x13!)        x12=42c8754e x13=10001758 x13:10001754  PA:10001754
17304524ns          292045 1c00867e 00c77753 fadd.s           f14, f14, f12       f14=xxxxxxxx f14:45c22c62 f12:42c8754e
17304544ns          292046 1c00867a 0046a60b p.lw             x12, 4(x13!)        x12=43148781 x13=1000175c x13:10001758  PA:10001758
17304584ns          292048 1c00867e 00c77753 fadd.s           f14, f14, f12       f14=xxxxxxxx f14:45c54e37 f12:43148781
17304604ns          292049 1c00867a 0046a60b p.lw             x12, 4(x13!)        x12=42fdb098 x13=10001760 x13:1000175c  PA:1000175c
17304643ns          292051 1c00867e 00c77753 fadd.s           f14, f14, f12       f14=xxxxxxxx f14:45c9f273 f12:42fdb098
17304663ns          292052 1c00867a 0046a60b p.lw             x12, 4(x13!)        x12=42d95a36 x13=10001764 x13:10001760  PA:10001760
17304703ns          292054 1c00867e 00c77753 fadd.s           f14, f14, f12       f14=xxxxxxxx f14:45cde935 f12:42d95a36
17304723ns          292055 1c00867a 0046a60b p.lw             x12, 4(x13!)        x12=42c04844 x13=10001768 x13:10001764  PA:10001764
17304763ns          292057 1c00867e 00c77753 fadd.s           f14, f14, f12       f14=xxxxxxxx f14:45d14e9e f12:42c04844
17304783ns          292058 1c00867a 0046a60b p.lw             x12, 4(x13!)        x12=42bf1e67 x13=1000176c x13:10001768  PA:10001768
17304823ns          292060 1c00867e 00c77753 fadd.s           f14, f14, f12       f14=xxxxxxxx f14:45d44fbf f12:42bf1e67
17304842ns          292061 1c00867a 0046a60b p.lw             x12, 4(x13!)        x12=42d1adf2 x13=10001770 x13:1000176c  PA:1000176c
17304882ns          292063 1c00867e 00c77753 fadd.s           f14, f14, f12       f14=xxxxxxxx f14:45d74c39 f12:42d1adf2
17304902ns          292064 1c00867a 0046a60b p.lw             x12, 4(x13!)        x12=42cc0171 x13=10001774 x13:10001770  PA:10001770
17304942ns          292066 1c00867e 00c77753 fadd.s           f14, f14, f12       f14=xxxxxxxx f14:45da92f1 f12:42cc0171
17304962ns          292067 1c00867a 0046a60b p.lw             x12, 4(x13!)        x12=430bfb28 x13=10001778 x13:10001774  PA:10001774
17305002ns          292069 1c00867e 00c77753 fadd.s           f14, f14, f12       f14=xxxxxxxx f14:45ddc2f7 f12:430bfb28
17305021ns          292070 1c00867a 0046a60b p.lw             x12, 4(x13!)        x12=422677ce x13=1000177c x13:10001778  PA:10001778
17305061ns          292072 1c00867e 00c77753 fadd.s           f14, f14, f12       f14=xxxxxxxx f14:45e222d0 f12:422677ce
17305081ns          292073 1c00867a 0046a60b p.lw             x12, 4(x13!)        x12=42f77408 x13=10001780 x13:1000177c  PA:1000177c
17305121ns          292075 1c00867e 00c77753 fadd.s           f14, f14, f12       f14=xxxxxxxx f14:45e36fc0 f12:42f77408
17305141ns          292076 1c00867a 0046a60b p.lw             x12, 4(x13!)        x12=41f78aa4 x13=10001784 x13:10001780  PA:10001780
17305181ns          292078 1c00867e 00c77753 fadd.s           f14, f14, f12       f14=xxxxxxxx f14:45e74d90 f12:41f78aa4
17305200ns          292079 1c00867a 0046a60b p.lw             x12, 4(x13!)        x12=42f9f33e x13=10001788 x13:10001784  PA:10001784
17305240ns          292081 1c00867e 00c77753 fadd.s           f14, f14, f12       f14=xxxxxxxx f14:45e8451b f12:42f9f33e
17305260ns          292082 1c00867a 0046a60b p.lw             x12, 4(x13!)        x12=430deefd x13=1000178c x13:10001788  PA:10001788
17305300ns          292084 1c00867e 00c77753 fadd.s           f14, f14, f12       f14=xxxxxxxx f14:45ec2ce8 f12:430deefd
17305320ns          292085 1c00867a 0046a60b p.lw             x12, 4(x13!)        x12=42ba8b66 x13=10001790 x13:1000178c  PA:1000178c
17305360ns          292087 1c00867e 00c77753 fadd.s           f14, f14, f12       f14=xxxxxxxx f14:45f09c60 f12:42ba8b66
17305379ns          292088 1c00867a 0046a60b p.lw             x12, 4(x13!)        x12=42e65bff x13=10001794 x13:10001790  PA:10001790
17305419ns          292090 1c00867e 00c77753 fadd.s           f14, f14, f12       f14=xxxxxxxx f14:45f3868e f12:42e65bff
17305439ns          292091 1c00867a 0046a60b p.lw             x12, 4(x13!)        x12=42eba8c7 x13=10001798 x13:10001794  PA:10001794
17305479ns          292093 1c00867e 00c77753 fadd.s           f14, f14, f12       f14=xxxxxxxx f14:45f71ffe f12:42eba8c7
17305499ns          292094 1c00867a 0046a60b p.lw             x12, 4(x13!)        x12=42f28b06 x13=1000179c x13:10001798  PA:10001798
17305539ns          292096 1c00867e 00c77753 fadd.s           f14, f14, f12       f14=xxxxxxxx f14:45facea1 f12:42f28b06
17305558ns          292097 1c00867a 0046a60b p.lw             x12, 4(x13!)        x12=42908ecb x13=100017a0 x13:1000179c  PA:1000179c
17305598ns          292099 1c00867e 00c77753 fadd.s           f14, f14, f12       f14=xxxxxxxx f14:45fe98cd f12:42908ecb
17305618ns          292100 1c00867a 0046a60b p.lw             x12, 4(x13!)        x12=42fb0ca4 x13=100017a4 x13:100017a0  PA:100017a0
17305658ns          292102 1c00867e 00c77753 fadd.s           f14, f14, f12       f14=xxxxxxxx f14:46006d84 f12:42fb0ca4
17305678ns          292103 1c00867a 0046a60b p.lw             x12, 4(x13!)        x12=429ccd99 x13=100017a8 x13:100017a4  PA:100017a4
17305718ns          292105 1c00867e 00c77753 fadd.s           f14, f14, f12       f14=xxxxxxxx f14:4602639d f12:429ccd99
17305737ns          292106 1c00867a 0046a60b p.lw             x12, 4(x13!)        x12=4289af70 x13=100017ac x13:100017a8  PA:100017a8
17305777ns          292108 1c00867e 00c77753 fadd.s           f14, f14, f12       f14=xxxxxxxx f14:46039d38 f12:4289af70
17305797ns          292109 1c00867a 0046a60b p.lw             x12, 4(x13!)        x12=42b49982 x13=100017b0 x13:100017ac  PA:100017ac
17305837ns          292111 1c00867e 00c77753 fadd.s           f14, f14, f12       f14=xxxxxxxx f14:4604b097 f12:42b49982
17305857ns          292112 1c00867a 0046a60b p.lw             x12, 4(x13!)        x12=42b97ce8 x13=100017b4 x13:100017b0  PA:100017b0
17305897ns          292114 1c00867e 00c77753 fadd.s           f14, f14, f12       f14=xxxxxxxx f14:460619ca f12:42b97ce8
17305916ns          292115 1c00867a 0046a60b p.lw             x12, 4(x13!)        x12=42f28b5d x13=100017b8 x13:100017b4  PA:100017b4
17305956ns          292117 1c00867e 00c77753 fadd.s           f14, f14, f12       f14=xxxxxxxx f14:46078cc4 f12:42f28b5d
17305976ns          292118 1c00867a 0046a60b p.lw             x12, 4(x13!)        x12=430cbb81 x13=100017bc x13:100017b8  PA:100017b8
17306016ns          292120 1c00867e 00c77753 fadd.s           f14, f14, f12       f14=xxxxxxxx f14:460971db f12:430cbb81
17306036ns          292121 1c00867a 0046a60b p.lw             x12, 4(x13!)        x12=42b309e9 x13=100017c0 x13:100017bc  PA:100017bc
17306076ns          292123 1c00867e 00c77753 fadd.s           f14, f14, f12       f14=xxxxxxxx f14:460ba4c9 f12:42b309e9
17306096ns          292124 1c00867a 0046a60b p.lw             x12, 4(x13!)        x12=42f95668 x13=100017c4 x13:100017c0  PA:100017c0
17306135ns          292126 1c00867e 00c77753 fadd.s           f14, f14, f12       f14=xxxxxxxx f14:460d0add f12:42f95668
17306155ns          292127 1c00867a 0046a60b p.lw             x12, 4(x13!)        x12=42dda0a6 x13=100017c8 x13:100017c4  PA:100017c4
17306195ns          292129 1c00867e 00c77753 fadd.s           f14, f14, f12       f14=xxxxxxxx f14:460efd8a f12:42dda0a6
17306215ns          292130 1c00867a 0046a60b p.lw             x12, 4(x13!)        x12=42ce0b25 x13=100017cc x13:100017c8  PA:100017c8
17306255ns          292132 1c00867e 00c77753 fadd.s           f14, f14, f12       f14=xxxxxxxx f14:4610b8cb f12:42ce0b25
17306275ns          292133 1c00867a 0046a60b p.lw             x12, 4(x13!)        x12=43023e9a x13=100017d0 x13:100017cc  PA:100017cc
17306314ns          292135 1c00867e 00c77753 fadd.s           f14, f14, f12       f14=xxxxxxxx f14:461254e1 f12:43023e9a
17306334ns          292136 1c00867a 0046a60b p.lw             x12, 4(x13!)        x12=42f7ac2d x13=100017d4 x13:100017d0  PA:100017d0
17306374ns          292138 1c00867e 00c77753 fadd.s           f14, f14, f12       f14=xxxxxxxx f14:46145ddb f12:42f7ac2d
17306394ns          292139 1c00867a 0046a60b p.lw             x12, 4(x13!)        x12=42bdffc2 x13=100017d8 x13:100017d4  PA:100017d4
17306434ns          292141 1c00867e 00c77753 fadd.s           f14, f14, f12       f14=xxxxxxxx f14:46164d33 f12:42bdffc2
17306454ns          292142 1c00867a 0046a60b p.lw             x12, 4(x13!)        x12=42d57781 x13=100017dc x13:100017d8  PA:100017d8
17306493ns          292144 1c00867e 00c77753 fadd.s           f14, f14, f12       f14=xxxxxxxx f14:4617c933 f12:42d57781
17306513ns          292145 1c00867a 0046a60b p.lw             x12, 4(x13!)        x12=42a15b45 x13=100017e0 x13:100017dc  PA:100017dc
17306553ns          292147 1c00867e 00c77753 fadd.s           f14, f14, f12       f14=xxxxxxxx f14:46197422 f12:42a15b45
17306573ns          292148 1c00867a 0046a60b p.lw             x12, 4(x13!)        x12=42a55ae6 x13=100017e4 x13:100017e0  PA:100017e0
17306613ns          292150 1c00867e 00c77753 fadd.s           f14, f14, f12       f14=xxxxxxxx f14:461ab6d9 f12:42a55ae6
17306633ns          292151 1c00867a 0046a60b p.lw             x12, 4(x13!)        x12=42e85784 x13=100017e8 x13:100017e4  PA:100017e4
17306672ns          292153 1c00867e 00c77753 fadd.s           f14, f14, f12       f14=xxxxxxxx f14:461c018f f12:42e85784
17306692ns          292154 1c008682 01010513 addi             x10, x2, 16         x10=10001658  x2:10001648
17306712ns          292155 1c008684 00e12423 sw               x14, 8(x2)          x14:461dd23e  x2:10001648  PA:10001650
17306732ns          292156 1c008686 ab9ff0ef jal              x1, -1352            x1=1c008688
17308005ns          292220 1c00813e 0045260b p.lw             x12, 4(x10!)        x12=430b2a8a x10=1000165c x10:10001658  PA:10001658
17308025ns          292221 1c008142 00a007b3 add              x15, x0, x10        x15=1000165c x10:1000165c
17308045ns          292222 1c008144 00c00733 add              x14, x0, x12        x14=430b2a8a x12:430b2a8a
17308065ns          292223 1c008146 063250fb lp.setupi        0x1, 0x63, 0x4     
17308085ns          292224 1c00814a 0047a58b p.lw             x11, 4(x15!)        x11=42ce563c x15=10001660 x15:1000165c  PA:1000165c
17308542ns          292247 1c00814e 00b77753 fadd.s           f14, f14, f11       f14=xxxxxxxx f14:430b2a8a f11:42ce563c
17308602ns          292250 1c00814a 0047a58b p.lw             x11, 4(x15!)        x11=42ed08e6 x15=10001664 x15:10001660  PA:10001660
17308642ns          292252 1c00814e 00b77753 fadd.s           f14, f14, f11       f14=xxxxxxxx f14:437255a8 f11:42ed08e6
17308661ns          292253 1c00814a 0047a58b p.lw             x11, 4(x15!)        x11=425b380d x15=10001668 x15:10001664  PA:10001664
17308701ns          292255 1c00814e 00b77753 fadd.s           f14, f14, f11       f14=xxxxxxxx f14:43b46d0e f11:425b380d
17308721ns          292256 1c00814a 0047a58b p.lw             x11, 4(x15!)        x11=42d278fa x15=1000166c x15:10001668  PA:10001668
17308761ns          292258 1c00814e 00b77753 fadd.s           f14, f14, f11       f14=xxxxxxxx f14:43cfd410 f11:42d278fa
17308781ns          292259 1c00814a 0047a58b p.lw             x11, 4(x15!)        x11=42c29bf5 x15=10001670 x15:1000166c  PA:1000166c
17308821ns          292261 1c00814e 00b77753 fadd.s           f14, f14, f11       f14=xxxxxxxx f14:44023927 f11:42c29bf5
17308840ns          292262 1c00814a 0047a58b p.lw             x11, 4(x15!)        x11=42d15ddb x15=10001674 x15:10001670  PA:10001670
17308880ns          292264 1c00814e 00b77753 fadd.s           f14, f14, f11       f14=xxxxxxxx f14:441a8ca6 f11:42d15ddb
17308900ns          292265 1c00814a 0047a58b p.lw             x11, 4(x15!)        x11=430532aa x15=10001678 x15:10001674  PA:10001674
17308940ns          292267 1c00814e 00b77753 fadd.s           f14, f14, f11       f14=xxxxxxxx f14:4434b861 f11:430532aa
17308960ns          292268 1c00814a 0047a58b p.lw             x11, 4(x15!)        x11=42778086 x15=1000167c x15:10001678  PA:10001678
17309000ns          292270 1c00814e 00b77753 fadd.s           f14, f14, f11       f14=xxxxxxxx f14:4456050c f11:42778086
17309019ns          292271 1c00814a 0047a58b p.lw             x11, 4(x15!)        x11=42c79218 x15=10001680 x15:1000167c  PA:1000167c
17309059ns          292273 1c00814e 00b77753 fadd.s           f14, f14, f11       f14=xxxxxxxx f14:44657d14 f11:42c79218
17309079ns          292274 1c00814a 0047a58b p.lw             x11, 4(x15!)        x11=42d44c9c x15=10001684 x15:10001680  PA:10001680
17309119ns          292276 1c00814e 00b77753 fadd.s           f14, f14, f11       f14=xxxxxxxx f14:447e6f57 f11:42d44c9c
17309139ns          292277 1c00814a 0047a58b p.lw             x11, 4(x15!)        x11=42a4fbd0 x15=10001688 x15:10001684  PA:10001684
17309179ns          292279 1c00814e 00b77753 fadd.s           f14, f14, f11       f14=xxxxxxxx f14:448c7c75 f11:42a4fbd0
17309198ns          292280 1c00814a 0047a58b p.lw             x11, 4(x15!)        x11=427c5460 x15=1000168c x15:10001688  PA:10001688
17309238ns          292282 1c00814e 00b77753 fadd.s           f14, f14, f11       f14=xxxxxxxx f14:4496cc32 f11:427c5460
17309258ns          292283 1c00814a 0047a58b p.lw             x11, 4(x15!)        x11=431097cc x15=10001690 x15:1000168c  PA:1000168c
17309298ns          292285 1c00814e 00b77753 fadd.s           f14, f14, f11       f14=xxxxxxxx f14:449eaed5 f11:431097cc
17309318ns          292286 1c00814a 0047a58b p.lw             x11, 4(x15!)        x11=42f2a9cc x15=10001694 x15:10001690  PA:10001690
17309358ns          292288 1c00814e 00b77753 fadd.s           f14, f14, f11       f14=xxxxxxxx f14:44b0c1ce f11:42f2a9cc
17309377ns          292289 1c00814a 0047a58b p.lw             x11, 4(x15!)        x11=4308028c x15=10001698 x15:10001694  PA:10001694
17309417ns          292291 1c00814e 00b77753 fadd.s           f14, f14, f11       f14=xxxxxxxx f14:44bfec6b f11:4308028c
17309437ns          292292 1c00814a 0047a58b p.lw             x11, 4(x15!)        x11=42c416d0 x15=1000169c x15:10001698  PA:10001698
17309477ns          292294 1c00814e 00b77753 fadd.s           f14, f14, f11       f14=xxxxxxxx f14:44d0ecbc f11:42c416d0
17309497ns          292295 1c00814a 0047a58b p.lw             x11, 4(x15!)        x11=42d44234 x15=100016a0 x15:1000169c  PA:1000169c
17309537ns          292297 1c00814e 00b77753 fadd.s           f14, f14, f11       f14=xxxxxxxx f14:44dd2e29 f11:42d44234
17309557ns          292298 1c00814a 0047a58b p.lw             x11, 4(x15!)        x11=42cd84d0 x15=100016a4 x15:100016a0  PA:100016a0
17309596ns          292300 1c00814e 00b77753 fadd.s           f14, f14, f11       f14=xxxxxxxx f14:44ea724c f11:42cd84d0
17309616ns          292301 1c00814a 0047a58b p.lw             x11, 4(x15!)        x11=42bc25d6 x15=100016a8 x15:100016a4  PA:100016a4
17309656ns          292303 1c00814e 00b77753 fadd.s           f14, f14, f11       f14=xxxxxxxx f14:44f74a99 f11:42bc25d6
17309676ns          292304 1c00814a 0047a58b p.lw             x11, 4(x15!)        x11=42c75a66 x15=100016ac x15:100016a8  PA:100016a8
17309716ns          292306 1c00814e 00b77753 fadd.s           f14, f14, f11       f14=xxxxxxxx f14:4501867b f11:42c75a66
17309736ns          292307 1c00814a 0047a58b p.lw             x11, 4(x15!)        x11=42ceed6b x15=100016b0 x15:100016ac  PA:100016ac
17309775ns          292309 1c00814e 00b77753 fadd.s           f14, f14, f11       f14=xxxxxxxx f14:4507c14e f11:42ceed6b
17309795ns          292310 1c00814a 0047a58b p.lw             x11, 4(x15!)        x11=42bb628a x15=100016b4 x15:100016b0  PA:100016b0
17309835ns          292312 1c00814e 00b77753 fadd.s           f14, f14, f11       f14=xxxxxxxx f14:450e38b9 f11:42bb628a
17309855ns          292313 1c00814a 0047a58b p.lw             x11, 4(x15!)        x11=42c1bada x15=100016b8 x15:100016b4  PA:100016b4
17309895ns          292315 1c00814e 00b77753 fadd.s           f14, f14, f11       f14=xxxxxxxx f14:451413cd f11:42c1bada
17309915ns          292316 1c00814a 0047a58b p.lw             x11, 4(x15!)        x11=425791fc x15=100016bc x15:100016b8  PA:100016b8
17309954ns          292318 1c00814e 00b77753 fadd.s           f14, f14, f11       f14=xxxxxxxx f14:451a21a4 f11:425791fc
17309974ns          292319 1c00814a 0047a58b p.lw             x11, 4(x15!)        x11=42d5e7c2 x15=100016c0 x15:100016bc  PA:100016bc
17310014ns          292321 1c00814e 00b77753 fadd.s           f14, f14, f11       f14=xxxxxxxx f14:451d7fec f11:42d5e7c2
17310034ns          292322 1c00814a 0047a58b p.lw             x11, 4(x15!)        x11=42f2243c x15=100016c4 x15:100016c0  PA:100016c0
17310074ns          292324 1c00814e 00b77753 fadd.s           f14, f14, f11       f14=xxxxxxxx f14:45242f2a f11:42f2243c
17310094ns          292325 1c00814a 0047a58b p.lw             x11, 4(x15!)        x11=42cc6af0 x15=100016c8 x15:100016c4  PA:100016c4
17310133ns          292327 1c00814e 00b77753 fadd.s           f14, f14, f11       f14=xxxxxxxx f14:452bc04c f11:42cc6af0
17310153ns          292328 1c00814a 0047a58b p.lw             x11, 4(x15!)        x11=428d0d45 x15=100016cc x15:100016c8  PA:100016c8
17310193ns          292330 1c00814e 00b77753 fadd.s           f14, f14, f11       f14=xxxxxxxx f14:453223a4 f11:428d0d45
17310213ns          292331 1c00814a 0047a58b p.lw             x11, 4(x15!)        x11=42f8fcf4 x15=100016d0 x15:100016cc  PA:100016cc
17310253ns          292333 1c00814e 00b77753 fadd.s           f14, f14, f11       f14=xxxxxxxx f14:45368c0e f11:42f8fcf4
17310273ns          292334 1c00814a 0047a58b p.lw             x11, 4(x15!)        x11=42de372e x15=100016d4 x15:100016d0  PA:100016d0
17310312ns          292336 1c00814e 00b77753 fadd.s           f14, f14, f11       f14=xxxxxxxx f14:453e53f6 f11:42de372e
17310332ns          292337 1c00814a 0047a58b p.lw             x11, 4(x15!)        x11=42f9fbae x15=100016d8 x15:100016d4  PA:100016d4
17310372ns          292339 1c00814e 00b77753 fadd.s           f14, f14, f11       f14=xxxxxxxx f14:454545af f11:42f9fbae
17310392ns          292340 1c00814a 0047a58b p.lw             x11, 4(x15!)        x11=42c9ab09 x15=100016dc x15:100016d8  PA:100016d8
17310432ns          292342 1c00814e 00b77753 fadd.s           f14, f14, f11       f14=xxxxxxxx f14:454d158c f11:42c9ab09
17310452ns          292343 1c00814a 0047a58b p.lw             x11, 4(x15!)        x11=430582e9 x15=100016e0 x15:100016dc  PA:100016dc
17310491ns          292345 1c00814e 00b77753 fadd.s           f14, f14, f11       f14=xxxxxxxx f14:455362e4 f11:430582e9
17310511ns          292346 1c00814a 0047a58b p.lw             x11, 4(x15!)        x11=4305b507 x15=100016e4 x15:100016e0  PA:100016e0
17310551ns          292348 1c00814e 00b77753 fadd.s           f14, f14, f11       f14=xxxxxxxx f14:455bbb13 f11:4305b507
17310571ns          292349 1c00814a 0047a58b p.lw             x11, 4(x15!)        x11=430d4342 x15=100016e8 x15:100016e4  PA:100016e4
17310611ns          292351 1c00814e 00b77753 fadd.s           f14, f14, f11       f14=xxxxxxxx f14:45641663 f11:430d4342
17310631ns          292352 1c00814a 0047a58b p.lw             x11, 4(x15!)        x11=42921036 x15=100016ec x15:100016e8  PA:100016e8
17310670ns          292354 1c00814e 00b77753 fadd.s           f14, f14, f11       f14=xxxxxxxx f14:456cea97 f11:42921036
17310690ns          292355 1c00814a 0047a58b p.lw             x11, 4(x15!)        x11=42c62aef x15=100016f0 x15:100016ec  PA:100016ec
17310730ns          292357 1c00814e 00b77753 fadd.s           f14, f14, f11       f14=xxxxxxxx f14:45717b19 f11:42c62aef
17310750ns          292358 1c00814a 0047a58b p.lw             x11, 4(x15!)        x11=42b3ce8a x15=100016f4 x15:100016f0  PA:100016f0
17310790ns          292360 1c00814e 00b77753 fadd.s           f14, f14, f11       f14=xxxxxxxx f14:4577ac70 f11:42b3ce8a
17310810ns          292361 1c00814a 0047a58b p.lw             x11, 4(x15!)        x11=4291bf54 x15=100016f8 x15:100016f4  PA:100016f4
17310849ns          292363 1c00814e 00b77753 fadd.s           f14, f14, f11       f14=xxxxxxxx f14:457d4ae4 f11:4291bf54
17310869ns          292364 1c00814a 0047a58b p.lw             x11, 4(x15!)        x11=42e52a29 x15=100016fc x15:100016f8  PA:100016f8
17310909ns          292366 1c00814e 00b77753 fadd.s           f14, f14, f11       f14=xxxxxxxx f14:4580ec6f f11:42e52a29
17310929ns          292367 1c00814a 0047a58b p.lw             x11, 4(x15!)        x11=42a6c191 x15=10001700 x15:100016fc  PA:100016fc
17310969ns          292369 1c00814e 00b77753 fadd.s           f14, f14, f11       f14=xxxxxxxx f14:45848118 f11:42a6c191
17310989ns          292370 1c00814a 0047a58b p.lw             x11, 4(x15!)        x11=4213223c x15=10001704 x15:10001700  PA:10001700
17311028ns          292372 1c00814e 00b77753 fadd.s           f14, f14, f11       f14=xxxxxxxx f14:45871c1e f11:4213223c
17311048ns          292373 1c00814a 0047a58b p.lw             x11, 4(x15!)        x11=42bb6e85 x15=10001708 x15:10001704  PA:10001704
17311088ns          292375 1c00814e 00b77753 fadd.s           f14, f14, f11       f14=xxxxxxxx f14:45884262 f11:42bb6e85
17311108ns          292376 1c00814a 0047a58b p.lw             x11, 4(x15!)        x11=42247f47 x15=1000170c x15:10001708  PA:10001708
17311148ns          292378 1c00814e 00b77753 fadd.s           f14, f14, f11       f14=xxxxxxxx f14:458b301c f11:42247f47
17311168ns          292379 1c00814a 0047a58b p.lw             x11, 4(x15!)        x11=430ad6a5 x15=10001710 x15:1000170c  PA:1000170c
17311207ns          292381 1c00814e 00b77753 fadd.s           f14, f14, f11       f14=xxxxxxxx f14:458c791b f11:430ad6a5
17311227ns          292382 1c00814a 0047a58b p.lw             x11, 4(x15!)        x11=429597ad x15=10001714 x15:10001710  PA:10001710
17311267ns          292384 1c00814e 00b77753 fadd.s           f14, f14, f11       f14=xxxxxxxx f14:4590cfd0 f11:429597ad
17311287ns          292385 1c00814a 0047a58b p.lw             x11, 4(x15!)        x11=426d0baa x15=10001718 x15:10001714  PA:10001714
17311327ns          292387 1c00814e 00b77753 fadd.s           f14, f14, f11       f14=xxxxxxxx f14:4593262f f11:426d0baa
17311347ns          292388 1c00814a 0047a58b p.lw             x11, 4(x15!)        x11=42f33259 x15=1000171c x15:10001718  PA:10001718
17311386ns          292390 1c00814e 00b77753 fadd.s           f14, f14, f11       f14=xxxxxxxx f14:45950046 f11:42f33259
17311406ns          292391 1c00814a 0047a58b p.lw             x11, 4(x15!)        x11=42c597a7 x15=10001720 x15:1000171c  PA:1000171c
17311446ns          292393 1c00814e 00b77753 fadd.s           f14, f14, f11       f14=xxxxxxxx f14:4598cd0f f11:42c597a7
17311466ns          292394 1c00814a 0047a58b p.lw             x11, 4(x15!)        x11=42e03a7b x15=10001724 x15:10001720  PA:10001720
17311506ns          292396 1c00814e 00b77753 fadd.s           f14, f14, f11       f14=xxxxxxxx f14:459be36e f11:42e03a7b
17311526ns          292397 1c00814a 0047a58b p.lw             x11, 4(x15!)        x11=4316cae7 x15=10001728 x15:10001724  PA:10001724
17311565ns          292399 1c00814e 00b77753 fadd.s           f14, f14, f11       f14=xxxxxxxx f14:459f6458 f11:4316cae7
17311585ns          292400 1c00814a 0047a58b p.lw             x11, 4(x15!)        x11=42d381ac x15=1000172c x15:10001728  PA:10001728
17311625ns          292402 1c00814e 00b77753 fadd.s           f14, f14, f11       f14=xxxxxxxx f14:45a41aaf f11:42d381ac
17311645ns          292403 1c00814a 0047a58b p.lw             x11, 4(x15!)        x11=420de563 x15=10001730 x15:1000172c  PA:1000172c
17311685ns          292405 1c00814e 00b77753 fadd.s           f14, f14, f11       f14=xxxxxxxx f14:45a768b6 f11:420de563
17311705ns          292406 1c00814a 0047a58b p.lw             x11, 4(x15!)        x11=42aa4f08 x15=10001734 x15:10001730  PA:10001730
17311744ns          292408 1c00814e 00b77753 fadd.s           f14, f14, f11       f14=xxxxxxxx f14:45a88481 f11:42aa4f08
17311764ns          292409 1c00814a 0047a58b p.lw             x11, 4(x15!)        x11=4264e02b x15=10001738 x15:10001734  PA:10001734
17311804ns          292411 1c00814e 00b77753 fadd.s           f14, f14, f11       f14=xxxxxxxx f14:45ab2dbd f11:4264e02b
17311824ns          292412 1c00814a 0047a58b p.lw             x11, 4(x15!)        x11=42dc93d5 x15=1000173c x15:10001738  PA:10001738
17311864ns          292414 1c00814e 00b77753 fadd.s           f14, f14, f11       f14=xxxxxxxx f14:45acf77d f11:42dc93d5
17311884ns          292415 1c00814a 0047a58b p.lw             x11, 4(x15!)        x11=42d4f6e5 x15=10001740 x15:1000173c  PA:1000173c
17311924ns          292417 1c00814e 00b77753 fadd.s           f14, f14, f11       f14=xxxxxxxx f14:45b069cc f11:42d4f6e5
17311943ns          292418 1c00814a 0047a58b p.lw             x11, 4(x15!)        x11=42a6c848 x15=10001744 x15:10001740  PA:10001740
17311983ns          292420 1c00814e 00b77753 fadd.s           f14, f14, f11       f14=xxxxxxxx f14:45b3bda8 f11:42a6c848
17312003ns          292421 1c00814a 0047a58b p.lw             x11, 4(x15!)        x11=42cd056c x15=10001748 x15:10001744  PA:10001744
17312043ns          292423 1c00814e 00b77753 fadd.s           f14, f14, f11       f14=xxxxxxxx f14:45b658c9 f11:42cd056c
17312063ns          292424 1c00814a 0047a58b p.lw             x11, 4(x15!)        x11=42c60e42 x15=1000174c x15:10001748  PA:10001748
17312103ns          292426 1c00814e 00b77753 fadd.s           f14, f14, f11       f14=xxxxxxxx f14:45b98cdf f11:42c60e42
17312122ns          292427 1c00814a 0047a58b p.lw             x11, 4(x15!)        x11=42d904c3 x15=10001750 x15:1000174c  PA:1000174c
17312162ns          292429 1c00814e 00b77753 fadd.s           f14, f14, f11       f14=xxxxxxxx f14:45bca518 f11:42d904c3
17312182ns          292430 1c00814a 0047a58b p.lw             x11, 4(x15!)        x11=4288cdbe x15=10001754 x15:10001750  PA:10001750
17312222ns          292432 1c00814e 00b77753 fadd.s           f14, f14, f11       f14=xxxxxxxx f14:45c0092b f11:4288cdbe
17312242ns          292433 1c00814a 0047a58b p.lw             x11, 4(x15!)        x11=42c8754e x15=10001758 x15:10001754  PA:10001754
17312282ns          292435 1c00814e 00b77753 fadd.s           f14, f14, f11       f14=xxxxxxxx f14:45c22c62 f11:42c8754e
17312301ns          292436 1c00814a 0047a58b p.lw             x11, 4(x15!)        x11=43148781 x15=1000175c x15:10001758  PA:10001758
17312341ns          292438 1c00814e 00b77753 fadd.s           f14, f14, f11       f14=xxxxxxxx f14:45c54e37 f11:43148781
17312361ns          292439 1c00814a 0047a58b p.lw             x11, 4(x15!)        x11=42fdb098 x15=10001760 x15:1000175c  PA:1000175c
17312401ns          292441 1c00814e 00b77753 fadd.s           f14, f14, f11       f14=xxxxxxxx f14:45c9f273 f11:42fdb098
17312421ns          292442 1c00814a 0047a58b p.lw             x11, 4(x15!)        x11=42d95a36 x15=10001764 x15:10001760  PA:10001760
17312461ns          292444 1c00814e 00b77753 fadd.s           f14, f14, f11       f14=xxxxxxxx f14:45cde935 f11:42d95a36
17312480ns          292445 1c00814a 0047a58b p.lw             x11, 4(x15!)        x11=42c04844 x15=10001768 x15:10001764  PA:10001764
17312520ns          292447 1c00814e 00b77753 fadd.s           f14, f14, f11       f14=xxxxxxxx f14:45d14e9e f11:42c04844
17312540ns          292448 1c00814a 0047a58b p.lw             x11, 4(x15!)        x11=42bf1e67 x15=1000176c x15:10001768  PA:10001768
17312580ns          292450 1c00814e 00b77753 fadd.s           f14, f14, f11       f14=xxxxxxxx f14:45d44fbf f11:42bf1e67
17312600ns          292451 1c00814a 0047a58b p.lw             x11, 4(x15!)        x11=42d1adf2 x15=10001770 x15:1000176c  PA:1000176c
17312640ns          292453 1c00814e 00b77753 fadd.s           f14, f14, f11       f14=xxxxxxxx f14:45d74c39 f11:42d1adf2
17312659ns          292454 1c00814a 0047a58b p.lw             x11, 4(x15!)        x11=42cc0171 x15=10001774 x15:10001770  PA:10001770
17312699ns          292456 1c00814e 00b77753 fadd.s           f14, f14, f11       f14=xxxxxxxx f14:45da92f1 f11:42cc0171
17312719ns          292457 1c00814a 0047a58b p.lw             x11, 4(x15!)        x11=430bfb28 x15=10001778 x15:10001774  PA:10001774
17312759ns          292459 1c00814e 00b77753 fadd.s           f14, f14, f11       f14=xxxxxxxx f14:45ddc2f7 f11:430bfb28
17312779ns          292460 1c00814a 0047a58b p.lw             x11, 4(x15!)        x11=422677ce x15=1000177c x15:10001778  PA:10001778
17312819ns          292462 1c00814e 00b77753 fadd.s           f14, f14, f11       f14=xxxxxxxx f14:45e222d0 f11:422677ce
17312838ns          292463 1c00814a 0047a58b p.lw             x11, 4(x15!)        x11=42f77408 x15=10001780 x15:1000177c  PA:1000177c
17312878ns          292465 1c00814e 00b77753 fadd.s           f14, f14, f11       f14=xxxxxxxx f14:45e36fc0 f11:42f77408
17312898ns          292466 1c00814a 0047a58b p.lw             x11, 4(x15!)        x11=41f78aa4 x15=10001784 x15:10001780  PA:10001780
17312938ns          292468 1c00814e 00b77753 fadd.s           f14, f14, f11       f14=xxxxxxxx f14:45e74d90 f11:41f78aa4
17312958ns          292469 1c00814a 0047a58b p.lw             x11, 4(x15!)        x11=42f9f33e x15=10001788 x15:10001784  PA:10001784
17312998ns          292471 1c00814e 00b77753 fadd.s           f14, f14, f11       f14=xxxxxxxx f14:45e8451b f11:42f9f33e
17313017ns          292472 1c00814a 0047a58b p.lw             x11, 4(x15!)        x11=430deefd x15=1000178c x15:10001788  PA:10001788
17313057ns          292474 1c00814e 00b77753 fadd.s           f14, f14, f11       f14=xxxxxxxx f14:45ec2ce8 f11:430deefd
17313077ns          292475 1c00814a 0047a58b p.lw             x11, 4(x15!)        x11=42ba8b66 x15=10001790 x15:1000178c  PA:1000178c
17313117ns          292477 1c00814e 00b77753 fadd.s           f14, f14, f11       f14=xxxxxxxx f14:45f09c60 f11:42ba8b66
17313137ns          292478 1c00814a 0047a58b p.lw             x11, 4(x15!)        x11=42e65bff x15=10001794 x15:10001790  PA:10001790
17313177ns          292480 1c00814e 00b77753 fadd.s           f14, f14, f11       f14=xxxxxxxx f14:45f3868e f11:42e65bff
17313197ns          292481 1c00814a 0047a58b p.lw             x11, 4(x15!)        x11=42eba8c7 x15=10001798 x15:10001794  PA:10001794
17313236ns          292483 1c00814e 00b77753 fadd.s           f14, f14, f11       f14=xxxxxxxx f14:45f71ffe f11:42eba8c7
17313256ns          292484 1c00814a 0047a58b p.lw             x11, 4(x15!)        x11=42f28b06 x15=1000179c x15:10001798  PA:10001798
17313296ns          292486 1c00814e 00b77753 fadd.s           f14, f14, f11       f14=xxxxxxxx f14:45facea1 f11:42f28b06
17313316ns          292487 1c00814a 0047a58b p.lw             x11, 4(x15!)        x11=42908ecb x15=100017a0 x15:1000179c  PA:1000179c
17313356ns          292489 1c00814e 00b77753 fadd.s           f14, f14, f11       f14=xxxxxxxx f14:45fe98cd f11:42908ecb
17313376ns          292490 1c00814a 0047a58b p.lw             x11, 4(x15!)        x11=42fb0ca4 x15=100017a4 x15:100017a0  PA:100017a0
17313415ns          292492 1c00814e 00b77753 fadd.s           f14, f14, f11       f14=xxxxxxxx f14:46006d84 f11:42fb0ca4
17313435ns          292493 1c00814a 0047a58b p.lw             x11, 4(x15!)        x11=429ccd99 x15=100017a8 x15:100017a4  PA:100017a4
17313475ns          292495 1c00814e 00b77753 fadd.s           f14, f14, f11       f14=xxxxxxxx f14:4602639d f11:429ccd99
17313495ns          292496 1c00814a 0047a58b p.lw             x11, 4(x15!)        x11=4289af70 x15=100017ac x15:100017a8  PA:100017a8
17313535ns          292498 1c00814e 00b77753 fadd.s           f14, f14, f11       f14=xxxxxxxx f14:46039d38 f11:4289af70
17313555ns          292499 1c00814a 0047a58b p.lw             x11, 4(x15!)        x11=42b49982 x15=100017b0 x15:100017ac  PA:100017ac
17313594ns          292501 1c00814e 00b77753 fadd.s           f14, f14, f11       f14=xxxxxxxx f14:4604b097 f11:42b49982
17313614ns          292502 1c00814a 0047a58b p.lw             x11, 4(x15!)        x11=42b97ce8 x15=100017b4 x15:100017b0  PA:100017b0
17313654ns          292504 1c00814e 00b77753 fadd.s           f14, f14, f11       f14=xxxxxxxx f14:460619ca f11:42b97ce8
17313674ns          292505 1c00814a 0047a58b p.lw             x11, 4(x15!)        x11=42f28b5d x15=100017b8 x15:100017b4  PA:100017b4
17313714ns          292507 1c00814e 00b77753 fadd.s           f14, f14, f11       f14=xxxxxxxx f14:46078cc4 f11:42f28b5d
17313734ns          292508 1c00814a 0047a58b p.lw             x11, 4(x15!)        x11=430cbb81 x15=100017bc x15:100017b8  PA:100017b8
17313773ns          292510 1c00814e 00b77753 fadd.s           f14, f14, f11       f14=xxxxxxxx f14:460971db f11:430cbb81
17313793ns          292511 1c00814a 0047a58b p.lw             x11, 4(x15!)        x11=42b309e9 x15=100017c0 x15:100017bc  PA:100017bc
17313833ns          292513 1c00814e 00b77753 fadd.s           f14, f14, f11       f14=xxxxxxxx f14:460ba4c9 f11:42b309e9
17313853ns          292514 1c00814a 0047a58b p.lw             x11, 4(x15!)        x11=42f95668 x15=100017c4 x15:100017c0  PA:100017c0
17313893ns          292516 1c00814e 00b77753 fadd.s           f14, f14, f11       f14=xxxxxxxx f14:460d0add f11:42f95668
17313913ns          292517 1c00814a 0047a58b p.lw             x11, 4(x15!)        x11=42dda0a6 x15=100017c8 x15:100017c4  PA:100017c4
17313952ns          292519 1c00814e 00b77753 fadd.s           f14, f14, f11       f14=xxxxxxxx f14:460efd8a f11:42dda0a6
17313972ns          292520 1c00814a 0047a58b p.lw             x11, 4(x15!)        x11=42ce0b25 x15=100017cc x15:100017c8  PA:100017c8
17314012ns          292522 1c00814e 00b77753 fadd.s           f14, f14, f11       f14=xxxxxxxx f14:4610b8cb f11:42ce0b25
17314032ns          292523 1c00814a 0047a58b p.lw             x11, 4(x15!)        x11=43023e9a x15=100017d0 x15:100017cc  PA:100017cc
17314072ns          292525 1c00814e 00b77753 fadd.s           f14, f14, f11       f14=xxxxxxxx f14:461254e1 f11:43023e9a
17314092ns          292526 1c00814a 0047a58b p.lw             x11, 4(x15!)        x11=42f7ac2d x15=100017d4 x15:100017d0  PA:100017d0
17314131ns          292528 1c00814e 00b77753 fadd.s           f14, f14, f11       f14=xxxxxxxx f14:46145ddb f11:42f7ac2d
17314151ns          292529 1c00814a 0047a58b p.lw             x11, 4(x15!)        x11=42bdffc2 x15=100017d8 x15:100017d4  PA:100017d4
17314191ns          292531 1c00814e 00b77753 fadd.s           f14, f14, f11       f14=xxxxxxxx f14:46164d33 f11:42bdffc2
17314211ns          292532 1c00814a 0047a58b p.lw             x11, 4(x15!)        x11=42d57781 x15=100017dc x15:100017d8  PA:100017d8
17314251ns          292534 1c00814e 00b77753 fadd.s           f14, f14, f11       f14=xxxxxxxx f14:4617c933 f11:42d57781
17314271ns          292535 1c00814a 0047a58b p.lw             x11, 4(x15!)        x11=42a15b45 x15=100017e0 x15:100017dc  PA:100017dc
17314310ns          292537 1c00814e 00b77753 fadd.s           f14, f14, f11       f14=xxxxxxxx f14:46197422 f11:42a15b45
17314330ns          292538 1c00814a 0047a58b p.lw             x11, 4(x15!)        x11=42a55ae6 x15=100017e4 x15:100017e0  PA:100017e0
17314370ns          292540 1c00814e 00b77753 fadd.s           f14, f14, f11       f14=xxxxxxxx f14:461ab6d9 f11:42a55ae6
17314390ns          292541 1c00814a 0047a58b p.lw             x11, 4(x15!)        x11=42e85784 x15=100017e8 x15:100017e4  PA:100017e4
17314430ns          292543 1c00814e 00b77753 fadd.s           f14, f14, f11       f14=xxxxxxxx f14:461c018f f11:42e85784
17314450ns          292544 1c008152 1c0006b7 lui              x13, 0x1c000000     x13=1c000000
17314470ns          292545 1c008156 0f06a683 lw               x13, 240(x13)       x13=3c23d70a x13:1c000000  PA:1c0000f0
17314927ns          292568 1c00815a 40a787b3 sub              x15, x15, x10       x15=0000018c x15:100017e8 x10:1000165c
17314947ns          292569 1c00815c 10d776d3 fmul.s           f13, f14, f13       f13=xxxxxxxx f14:461dd23e f13:3c23d70a
17314967ns          292570 1c008160 ffc78793 addi             x15, x15, -4        x15=00000188 x15:0000018c
17314987ns          292571 1c008162 0027d793 srli             x15, x15, 0x2       x15=00000062 x15:00000188
17315007ns          292572 1c008164 08d67653 fsub.s           f12, f12, f13       f12=xxxxxxxx f12:430b2a8a f13:42ca02de
17315026ns          292573 1c008168 00178793 addi             x15, x15, 1         x15=00000063 x15:00000062
17315046ns          292574 1c00816a 10c67653 fmul.s           f12, f12, f12       f12=xxxxxxxx f12:4218a46c f12:4218a46c
17315464ns          292595 1c00816e 0067c0fb lp.setup         0x1, x15, 0x6       x15:00000063
17315504ns          292597 1c008172 0045270b p.lw             x14, 4(x10!)        x14=42ce563c x10=10001660 x10:1000165c  PA:1000165c
17315544ns          292599 1c008176 08d77753 fsub.s           f14, f14, f13       f14=xxxxxxxx f14:42ce563c f13:42ca02de
17315564ns          292600 1c00817a 60e77643 fmadd.s          f12, f14, f14, f12  f12=xxxxxxxx f14:400a6bc0 f14:400a6bc0 f12:44b60754
17315583ns          292601 1c008172 0045270b p.lw             x14, 4(x10!)        x14=42ed08e6 x10=10001664 x10:10001660  PA:10001660
17315623ns          292603 1c008176 08d77753 fsub.s           f14, f14, f13       f14=xxxxxxxx f14:42ed08e6 f13:42ca02de
17315643ns          292604 1c00817a 60e77643 fmadd.s          f12, f14, f14, f12  f12=xxxxxxxx f14:418c1820 f14:418c1820 f12:44b69d05
17315663ns          292605 1c008172 0045270b p.lw             x14, 4(x10!)        x14=425b380d x10=10001668 x10:10001664  PA:10001664
17315703ns          292607 1c008176 08d77753 fsub.s           f14, f14, f13       f14=xxxxxxxx f14:425b380d f13:42ca02de
17315723ns          292608 1c00817a 60e77643 fmadd.s          f12, f14, f14, f12  f12=xxxxxxxx f14:c238cdaf f14:c238cdaf f12:44dcf238
17315743ns          292609 1c008172 0045270b p.lw             x14, 4(x10!)        x14=42d278fa x10=1000166c x10:10001668  PA:10001668
17315782ns          292611 1c008176 08d77753 fsub.s           f14, f14, f13       f14=xxxxxxxx f14:42d278fa f13:42ca02de
17315802ns          292612 1c00817a 60e77643 fmadd.s          f12, f14, f14, f12  f12=xxxxxxxx f14:408761c0 f14:408761c0 f12:4573e16d
17315822ns          292613 1c008172 0045270b p.lw             x14, 4(x10!)        x14=42c29bf5 x10=10001670 x10:1000166c  PA:1000166c
17315862ns          292615 1c008176 08d77753 fsub.s           f14, f14, f13       f14=xxxxxxxx f14:42c29bf5 f13:42ca02de
17315882ns          292616 1c00817a 60e77643 fmadd.s          f12, f14, f14, f12  f12=xxxxxxxx f14:c06cdd20 f14:c06cdd20 f12:4574ffce
17315902ns          292617 1c008172 0045270b p.lw             x14, 4(x10!)        x14=42d15ddb x10=10001674 x10:10001670  PA:10001670
17315941ns          292619 1c008176 08d77753 fsub.s           f14, f14, f13       f14=xxxxxxxx f14:42d15ddb f13:42ca02de
17315961ns          292620 1c00817a 60e77643 fmadd.s          f12, f14, f14, f12  f12=xxxxxxxx f14:406b5fa0 f14:406b5fa0 f12:4575daf6
17315981ns          292621 1c008172 0045270b p.lw             x14, 4(x10!)        x14=430532aa x10=10001678 x10:10001674  PA:10001674
17316021ns          292623 1c008176 08d77753 fsub.s           f14, f14, f13       f14=xxxxxxxx f14:430532aa f13:42ca02de
17316041ns          292624 1c00817a 60e77643 fmadd.s          f12, f14, f14, f12  f12=xxxxxxxx f14:4200c4ec f14:4200c4ec f12:4576b35f
17316061ns          292625 1c008172 0045270b p.lw             x14, 4(x10!)        x14=42778086 x10=1000167c x10:10001678  PA:10001678
17316101ns          292627 1c008176 08d77753 fsub.s           f14, f14, f13       f14=xxxxxxxx f14:42778086 f13:42ca02de
17316120ns          292628 1c00817a 60e77643 fmadd.s          f12, f14, f14, f12  f12=xxxxxxxx f14:c21c8536 f14:c21c8536 f12:459bbc71
17316140ns          292629 1c008172 0045270b p.lw             x14, 4(x10!)        x14=42c79218 x10=10001680 x10:1000167c  PA:1000167c
17316180ns          292631 1c008176 08d77753 fsub.s           f14, f14, f13       f14=xxxxxxxx f14:42c79218 f13:42ca02de
17316200ns          292632 1c00817a 60e77643 fmadd.s          f12, f14, f14, f12  f12=xxxxxxxx f14:bf9c3180 f14:bf9c3180 f12:45cb95c1
17316220ns          292633 1c008172 0045270b p.lw             x14, 4(x10!)        x14=42d44c9c x10=10001684 x10:10001680  PA:10001680
17316260ns          292635 1c008176 08d77753 fsub.s           f14, f14, f13       f14=xxxxxxxx f14:42d44c9c f13:42ca02de
17316280ns          292636 1c00817a 60e77643 fmadd.s          f12, f14, f14, f12  f12=xxxxxxxx f14:40a49be0 f14:40a49be0 f12:45cba1ab
17316299ns          292637 1c008172 0045270b p.lw             x14, 4(x10!)        x14=42a4fbd0 x10=10001688 x10:10001684  PA:10001684
17316339ns          292639 1c008176 08d77753 fsub.s           f14, f14, f13       f14=xxxxxxxx f14:42a4fbd0 f13:42ca02de
17316359ns          292640 1c00817a 60e77643 fmadd.s          f12, f14, f14, f12  f12=xxxxxxxx f14:c1941c38 f14:c1941c38 f12:45cc755b
17316379ns          292641 1c008172 0045270b p.lw             x14, 4(x10!)        x14=427c5460 x10=1000168c x10:10001688  PA:10001688
17316419ns          292643 1c008176 08d77753 fsub.s           f14, f14, f13       f14=xxxxxxxx f14:427c5460 f13:42ca02de
17316439ns          292644 1c00817a 60e77643 fmadd.s          f12, f14, f14, f12  f12=xxxxxxxx f14:c217b15c f14:c217b15c f12:45d72b6f
17316459ns          292645 1c008172 0045270b p.lw             x14, 4(x10!)        x14=431097cc x10=10001690 x10:1000168c  PA:1000168c
17316498ns          292647 1c008176 08d77753 fsub.s           f14, f14, f13       f14=xxxxxxxx f14:431097cc f13:42ca02de
17316518ns          292648 1c00817a 60e77643 fmadd.s          f12, f14, f14, f12  f12=xxxxxxxx f14:422e5974 f14:422e5974 f12:46020e65
17316538ns          292649 1c008172 0045270b p.lw             x14, 4(x10!)        x14=42f2a9cc x10=10001694 x10:10001690  PA:10001690
17316578ns          292651 1c008176 08d77753 fsub.s           f14, f14, f13       f14=xxxxxxxx f14:42f2a9cc f13:42ca02de
17316598ns          292652 1c00817a 60e77643 fmadd.s          f12, f14, f14, f12  f12=xxxxxxxx f14:41a29bb8 f14:41a29bb8 f12:461fbdd3
17316618ns          292653 1c008172 0045270b p.lw             x14, 4(x10!)        x14=4308028c x10=10001698 x10:10001694  PA:10001694
17316658ns          292655 1c008176 08d77753 fsub.s           f14, f14, f13       f14=xxxxxxxx f14:4308028c f13:42ca02de
17316677ns          292656 1c00817a 60e77643 fmadd.s          f12, f14, f14, f12  f12=xxxxxxxx f14:420c0474 f14:420c0474 f12:4626326a
17316697ns          292657 1c008172 0045270b p.lw             x14, 4(x10!)        x14=42c416d0 x10=1000169c x10:10001698  PA:10001698
17316737ns          292659 1c008176 08d77753 fsub.s           f14, f14, f13       f14=xxxxxxxx f14:42c416d0 f13:42ca02de
17316757ns          292660 1c00817a 60e77643 fmadd.s          f12, f14, f14, f12  f12=xxxxxxxx f14:c03d81c0 f14:c03d81c0 f12:463957a2
17316777ns          292661 1c008172 0045270b p.lw             x14, 4(x10!)        x14=42d44234 x10=100016a0 x10:1000169c  PA:1000169c
17316817ns          292663 1c008176 08d77753 fsub.s           f14, f14, f13       f14=xxxxxxxx f14:42d44234 f13:42ca02de
17316837ns          292664 1c00817a 60e77643 fmadd.s          f12, f14, f14, f12  f12=xxxxxxxx f14:40a3f560 f14:40a3f560 f12:46397ab4
17316856ns          292665 1c008172 0045270b p.lw             x14, 4(x10!)        x14=42cd84d0 x10=100016a4 x10:100016a0  PA:100016a0
17316896ns          292667 1c008176 08d77753 fsub.s           f14, f14, f13       f14=xxxxxxxx f14:42cd84d0 f13:42ca02de
17316916ns          292668 1c00817a 60e77643 fmadd.s          f12, f14, f14, f12  f12=xxxxxxxx f14:3fe07c80 f14:3fe07c80 f12:4639e3b6
17316936ns          292669 1c008172 0045270b p.lw             x14, 4(x10!)        x14=42bc25d6 x10=100016a8 x10:100016a4  PA:100016a4
17316976ns          292671 1c008176 08d77753 fsub.s           f14, f14, f13       f14=xxxxxxxx f14:42bc25d6 f13:42ca02de
17316996ns          292672 1c00817a 60e77643 fmadd.s          f12, f14, f14, f12  f12=xxxxxxxx f14:c0ddd080 f14:c0ddd080 f12:4639f004
17317016ns          292673 1c008172 0045270b p.lw             x14, 4(x10!)        x14=42c75a66 x10=100016ac x10:100016a8  PA:100016a8
17317055ns          292675 1c008176 08d77753 fsub.s           f14, f14, f13       f14=xxxxxxxx f14:42c75a66 f13:42ca02de
17317075ns          292676 1c00817a 60e77643 fmadd.s          f12, f14, f14, f12  f12=xxxxxxxx f14:bfaa1e00 f14:bfaa1e00 f12:463ab036
17317095ns          292677 1c008172 0045270b p.lw             x14, 4(x10!)        x14=42ceed6b x10=100016b0 x10:100016ac  PA:100016ac
17317135ns          292679 1c008176 08d77753 fsub.s           f14, f14, f13       f14=xxxxxxxx f14:42ceed6b f13:42ca02de
17317155ns          292680 1c00817a 60e77643 fmadd.s          f12, f14, f14, f12  f12=xxxxxxxx f14:401d51a0 f14:401d51a0 f12:463ab747
17317175ns          292681 1c008172 0045270b p.lw             x14, 4(x10!)        x14=42bb628a x10=100016b4 x10:100016b0  PA:100016b0
17317214ns          292683 1c008176 08d77753 fsub.s           f14, f14, f13       f14=xxxxxxxx f14:42bb628a f13:42ca02de
17317234ns          292684 1c00817a 60e77643 fmadd.s          f12, f14, f14, f12  f12=xxxxxxxx f14:c0ea0540 f14:c0ea0540 f12:463acf72
17317254ns          292685 1c008172 0045270b p.lw             x14, 4(x10!)        x14=42c1bada x10=100016b8 x10:100016b4  PA:100016b4
17317294ns          292687 1c008176 08d77753 fsub.s           f14, f14, f13       f14=xxxxxxxx f14:42c1bada f13:42ca02de
17317314ns          292688 1c00817a 60e77643 fmadd.s          f12, f14, f14, f12  f12=xxxxxxxx f14:c0848040 f14:c0848040 f12:463ba560
17317334ns          292689 1c008172 0045270b p.lw             x14, 4(x10!)        x14=425791fc x10=100016bc x10:100016b8  PA:100016b8
17317374ns          292691 1c008176 08d77753 fsub.s           f14, f14, f13       f14=xxxxxxxx f14:425791fc f13:42ca02de
17317393ns          292692 1c00817a 60e77643 fmadd.s          f12, f14, f14, f12  f12=xxxxxxxx f14:c23c73c0 f14:c23c73c0 f12:463be9f5
17317413ns          292693 1c008172 0045270b p.lw             x14, 4(x10!)        x14=42d5e7c2 x10=100016c0 x10:100016bc  PA:100016bc
17317453ns          292695 1c008176 08d77753 fsub.s           f14, f14, f13       f14=xxxxxxxx f14:42d5e7c2 f13:42ca02de
17317473ns          292696 1c00817a 60e77643 fmadd.s          f12, f14, f14, f12  f12=xxxxxxxx f14:40be4e40 f14:40be4e40 f12:465e9883
17317493ns          292697 1c008172 0045270b p.lw             x14, 4(x10!)        x14=42f2243c x10=100016c4 x10:100016c0  PA:100016c0
17317533ns          292699 1c008176 08d77753 fsub.s           f14, f14, f13       f14=xxxxxxxx f14:42f2243c f13:42ca02de
17317553ns          292700 1c00817a 60e77643 fmadd.s          f12, f14, f14, f12  f12=xxxxxxxx f14:41a08578 f14:41a08578 f12:465f25fb
17317572ns          292701 1c008172 0045270b p.lw             x14, 4(x10!)        x14=42cc6af0 x10=100016c8 x10:100016c4  PA:100016c4
17317612ns          292703 1c008176 08d77753 fsub.s           f14, f14, f13       f14=xxxxxxxx f14:42cc6af0 f13:42ca02de
17317632ns          292704 1c00817a 60e77643 fmadd.s          f12, f14, f14, f12  f12=xxxxxxxx f14:3f9a0480 f14:3f9a0480 f12:4665706d
17317652ns          292705 1c008172 0045270b p.lw             x14, 4(x10!)        x14=428d0d45 x10=100016cc x10:100016c8  PA:100016c8
17317692ns          292707 1c008176 08d77753 fsub.s           f14, f14, f13       f14=xxxxxxxx f14:428d0d45 f13:42ca02de
17317712ns          292708 1c00817a 60e77643 fmadd.s          f12, f14, f14, f12  f12=xxxxxxxx f14:c1f3d664 f14:c1f3d664 f12:46657638
17317732ns          292709 1c008172 0045270b p.lw             x14, 4(x10!)        x14=42f8fcf4 x10=100016d0 x10:100016cc  PA:100016cc
17317771ns          292711 1c008176 08d77753 fsub.s           f14, f14, f13       f14=xxxxxxxx f14:42f8fcf4 f13:42ca02de
17317791ns          292712 1c00817a 60e77643 fmadd.s          f12, f14, f14, f12  f12=xxxxxxxx f14:41bbe858 f14:41bbe858 f12:4673fa43
17317811ns          292713 1c008172 0045270b p.lw             x14, 4(x10!)        x14=42de372e x10=100016d4 x10:100016d0  PA:100016d0
17317851ns          292715 1c008176 08d77753 fsub.s           f14, f14, f13       f14=xxxxxxxx f14:42de372e f13:42ca02de
17317871ns          292716 1c00817a 60e77643 fmadd.s          f12, f14, f14, f12  f12=xxxxxxxx f14:4121a280 f14:4121a280 f12:467c9917
17317891ns          292717 1c008172 0045270b p.lw             x14, 4(x10!)        x14=42f9fbae x10=100016d8 x10:100016d4  PA:100016d4
17317931ns          292719 1c008176 08d77753 fsub.s           f14, f14, f13       f14=xxxxxxxx f14:42f9fbae f13:42ca02de
17317950ns          292720 1c00817a 60e77643 fmadd.s          f12, f14, f14, f12  f12=xxxxxxxx f14:41bfe340 f14:41bfe340 f12:467e314e
17317970ns          292721 1c008172 0045270b p.lw             x14, 4(x10!)        x14=42c9ab09 x10=100016dc x10:100016d8  PA:100016d8
17318010ns          292723 1c008176 08d77753 fsub.s           f14, f14, f13       f14=xxxxxxxx f14:42c9ab09 f13:42ca02de
17318030ns          292724 1c00817a 60e77643 fmadd.s          f12, f14, f14, f12  f12=xxxxxxxx f14:be2faa00 f14:be2faa00 f12:4683974e
17318050ns          292725 1c008172 0045270b p.lw             x14, 4(x10!)        x14=430582e9 x10=100016e0 x10:100016dc  PA:100016dc
17318090ns          292727 1c008176 08d77753 fsub.s           f14, f14, f13       f14=xxxxxxxx f14:430582e9 f13:42ca02de
17318110ns          292728 1c00817a 60e77643 fmadd.s          f12, f14, f14, f12  f12=xxxxxxxx f14:420205e8 f14:420205e8 f12:4683975d
17318129ns          292729 1c008172 0045270b p.lw             x14, 4(x10!)        x14=4305b507 x10=100016e4 x10:100016e0  PA:100016e0
17318169ns          292731 1c008176 08d77753 fsub.s           f14, f14, f13       f14=xxxxxxxx f14:4305b507 f13:42ca02de
17318189ns          292732 1c00817a 60e77643 fmadd.s          f12, f14, f14, f12  f12=xxxxxxxx f14:4202ce60 f14:4202ce60 f12:468bd89d
17318209ns          292733 1c008172 0045270b p.lw             x14, 4(x10!)        x14=430d4342 x10=100016e8 x10:100016e4  PA:100016e4
17318249ns          292735 1c008176 08d77753 fsub.s           f14, f14, f13       f14=xxxxxxxx f14:430d4342 f13:42ca02de
17318269ns          292736 1c00817a 60e77643 fmadd.s          f12, f14, f14, f12  f12=xxxxxxxx f14:4221074c f14:4221074c f12:46943365
17318289ns          292737 1c008172 0045270b p.lw             x14, 4(x10!)        x14=42921036 x10=100016ec x10:100016e8  PA:100016e8
17318328ns          292739 1c008176 08d77753 fsub.s           f14, f14, f13       f14=xxxxxxxx f14:42921036 f13:42ca02de
17318348ns          292740 1c00817a 60e77643 fmadd.s          f12, f14, f14, f12  f12=xxxxxxxx f14:c1dfcaa0 f14:c1dfcaa0 f12:46a0dcab
17318368ns          292741 1c008172 0045270b p.lw             x14, 4(x10!)        x14=42c62aef x10=100016f0 x10:100016ec  PA:100016ec
17318408ns          292743 1c008176 08d77753 fsub.s           f14, f14, f13       f14=xxxxxxxx f14:42c62aef f13:42ca02de
17318428ns          292744 1c00817a 60e77643 fmadd.s          f12, f14, f14, f12  f12=xxxxxxxx f14:bff5fbc0 f14:bff5fbc0 f12:46a6f9c0
17318448ns          292745 1c008172 0045270b p.lw             x14, 4(x10!)        x14=42b3ce8a x10=100016f4 x10:100016f0  PA:100016f0
17318487ns          292747 1c008176 08d77753 fsub.s           f14, f14, f13       f14=xxxxxxxx f14:42b3ce8a f13:42ca02de
17318507ns          292748 1c00817a 60e77643 fmadd.s          f12, f14, f14, f12  f12=xxxxxxxx f14:c131a2a0 f14:c131a2a0 f12:46a70123
17318527ns          292749 1c008172 0045270b p.lw             x14, 4(x10!)        x14=4291bf54 x10=100016f8 x10:100016f4  PA:100016f4
17318567ns          292751 1c008176 08d77753 fsub.s           f14, f14, f13       f14=xxxxxxxx f14:4291bf54 f13:42ca02de
17318587ns          292752 1c00817a 60e77643 fmadd.s          f12, f14, f14, f12  f12=xxxxxxxx f14:c1e10e28 f14:c1e10e28 f12:46a7f7a8
17318607ns          292753 1c008172 0045270b p.lw             x14, 4(x10!)        x14=42e52a29 x10=100016fc x10:100016f8  PA:100016f8
17318647ns          292755 1c008176 08d77753 fsub.s           f14, f14, f13       f14=xxxxxxxx f14:42e52a29 f13:42ca02de
17318666ns          292756 1c00817a 60e77643 fmadd.s          f12, f14, f14, f12  f12=xxxxxxxx f14:41593a58 f14:41593a58 f12:46ae2677
17318686ns          292757 1c008172 0045270b p.lw             x14, 4(x10!)        x14=42a6c191 x10=10001700 x10:100016fc  PA:100016fc
17318726ns          292759 1c008176 08d77753 fsub.s           f14, f14, f13       f14=xxxxxxxx f14:42a6c191 f13:42ca02de
17318746ns          292760 1c00817a 60e77643 fmadd.s          f12, f14, f14, f12  f12=xxxxxxxx f14:c18d0534 f14:c18d0534 f12:46af971f
17318766ns          292761 1c008172 0045270b p.lw             x14, 4(x10!)        x14=4213223c x10=10001704 x10:10001700  PA:10001700
17318806ns          292763 1c008176 08d77753 fsub.s           f14, f14, f13       f14=xxxxxxxx f14:4213223c f13:42ca02de
17318826ns          292764 1c00817a 60e77643 fmadd.s          f12, f14, f14, f12  f12=xxxxxxxx f14:c28071c0 f14:c28071c0 f12:46b20495
17318845ns          292765 1c008172 0045270b p.lw             x14, 4(x10!)        x14=42bb6e85 x10=10001708 x10:10001704  PA:10001704
17318885ns          292767 1c008176 08d77753 fsub.s           f14, f14, f13       f14=xxxxxxxx f14:42bb6e85 f13:42ca02de
17318905ns          292768 1c00817a 60e77643 fmadd.s          f12, f14, f14, f12  f12=xxxxxxxx f14:c0e94590 f14:c0e94590 f12:46d23d8e
17318925ns          292769 1c008172 0045270b p.lw             x14, 4(x10!)        x14=42247f47 x10=1000170c x10:10001708  PA:10001708
17318965ns          292771 1c008176 08d77753 fsub.s           f14, f14, f13       f14=xxxxxxxx f14:42247f47 f13:42ca02de
17318985ns          292772 1c00817a 60e77643 fmadd.s          f12, f14, f14, f12  f12=xxxxxxxx f14:c26f8675 f14:c26f8675 f12:46d2a7d6
17319005ns          292773 1c008172 0045270b p.lw             x14, 4(x10!)        x14=430ad6a5 x10=10001710 x10:1000170c  PA:1000170c
17319044ns          292775 1c008176 08d77753 fsub.s           f14, f14, f13       f14=xxxxxxxx f14:430ad6a5 f13:42ca02de
17319064ns          292776 1c00817a 60e77643 fmadd.s          f12, f14, f14, f12  f12=xxxxxxxx f14:421754d8 f14:421754d8 f12:46eeab61
17319084ns          292777 1c008172 0045270b p.lw             x14, 4(x10!)        x14=429597ad x10=10001714 x10:10001710  PA:10001710
17319124ns          292779 1c008176 08d77753 fsub.s           f14, f14, f13       f14=xxxxxxxx f14:429597ad f13:42ca02de
17319144ns          292780 1c00817a 60e77643 fmadd.s          f12, f14, f14, f12  f12=xxxxxxxx f14:c1d1acc4 f14:c1d1acc4 f12:46f9da07
17319164ns          292781 1c008172 0045270b p.lw             x14, 4(x10!)        x14=426d0baa x10=10001718 x10:10001714  PA:10001714
17319204ns          292783 1c008176 08d77753 fsub.s           f14, f14, f13       f14=xxxxxxxx f14:426d0baa f13:42ca02de
17319223ns          292784 1c00817a 60e77643 fmadd.s          f12, f14, f14, f12  f12=xxxxxxxx f14:c226fa12 f14:c226fa12 f12:46ff37e3
17319243ns          292785 1c008172 0045270b p.lw             x14, 4(x10!)        x14=42f33259 x10=1000171c x10:10001718  PA:10001718
17319283ns          292787 1c008176 08d77753 fsub.s           f14, f14, f13       f14=xxxxxxxx f14:42f33259 f13:42ca02de
17319303ns          292788 1c00817a 60e77643 fmadd.s          f12, f14, f14, f12  f12=xxxxxxxx f14:41a4bdec f14:41a4bdec f12:47066a86
17319323ns          292789 1c008172 0045270b p.lw             x14, 4(x10!)        x14=42c597a7 x10=10001720 x10:1000171c  PA:1000171c
17319363ns          292791 1c008176 08d77753 fsub.s           f14, f14, f13       f14=xxxxxxxx f14:42c597a7 f13:42ca02de
17319383ns          292792 1c00817a 60e77643 fmadd.s          f12, f14, f14, f12  f12=xxxxxxxx f14:c00d66e0 f14:c00d66e0 f12:47081296
17319402ns          292793 1c008172 0045270b p.lw             x14, 4(x10!)        x14=42e03a7b x10=10001724 x10:10001720  PA:10001720
17319442ns          292795 1c008176 08d77753 fsub.s           f14, f14, f13       f14=xxxxxxxx f14:42e03a7b f13:42ca02de
17319462ns          292796 1c00817a 60e77643 fmadd.s          f12, f14, f14, f12  f12=xxxxxxxx f14:4131bce8 f14:4131bce8 f12:47081778
17319482ns          292797 1c008172 0045270b p.lw             x14, 4(x10!)        x14=4316cae7 x10=10001728 x10:10001724  PA:10001724
17319522ns          292799 1c008176 08d77753 fsub.s           f14, f14, f13       f14=xxxxxxxx f14:4316cae7 f13:42ca02de
17319542ns          292800 1c00817a 60e77643 fmadd.s          f12, f14, f14, f12  f12=xxxxxxxx f14:424725e0 f14:424725e0 f12:470892df
17319562ns          292801 1c008172 0045270b p.lw             x14, 4(x10!)        x14=42d381ac x10=1000172c x10:10001728  PA:10001728
17319601ns          292803 1c008176 08d77753 fsub.s           f14, f14, f13       f14=xxxxxxxx f14:42d381ac f13:42ca02de
17319621ns          292804 1c00817a 60e77643 fmadd.s          f12, f14, f14, f12  f12=xxxxxxxx f14:4097ece0 f14:4097ece0 f12:4712419d
17319641ns          292805 1c008172 0045270b p.lw             x14, 4(x10!)        x14=420de563 x10=10001730 x10:1000172c  PA:1000172c
17319681ns          292807 1c008176 08d77753 fsub.s           f14, f14, f13       f14=xxxxxxxx f14:420de563 f13:42ca02de
17319701ns          292808 1c00817a 60e77643 fmadd.s          f12, f14, f14, f12  f12=xxxxxxxx f14:c283102c f14:c283102c f12:47125827
17319721ns          292809 1c008172 0045270b p.lw             x14, 4(x10!)        x14=42aa4f08 x10=10001734 x10:10001730  PA:10001730
17319760ns          292811 1c008176 08d77753 fsub.s           f14, f14, f13       f14=xxxxxxxx f14:42aa4f08 f13:42ca02de
17319780ns          292812 1c00817a 60e77643 fmadd.s          f12, f14, f14, f12  f12=xxxxxxxx f14:c17d9eb0 f14:c17d9eb0 f12:47231e8b
17319800ns          292813 1c008172 0045270b p.lw             x14, 4(x10!)        x14=4264e02b x10=10001738 x10:10001734  PA:10001734
17319840ns          292815 1c008176 08d77753 fsub.s           f14, f14, f13       f14=xxxxxxxx f14:4264e02b f13:42ca02de
17319860ns          292816 1c00817a 60e77643 fmadd.s          f12, f14, f14, f12  f12=xxxxxxxx f14:c22f2591 f14:c22f2591 f12:472419ce
17319880ns          292817 1c008172 0045270b p.lw             x14, 4(x10!)        x14=42dc93d5 x10=1000173c x10:10001738  PA:10001738
17319920ns          292819 1c008176 08d77753 fsub.s           f14, f14, f13       f14=xxxxxxxx f14:42dc93d5 f13:42ca02de
17319939ns          292820 1c00817a 60e77643 fmadd.s          f12, f14, f14, f12  f12=xxxxxxxx f14:411487b8 f14:411487b8 f12:472b9714
17319959ns          292821 1c008172 0045270b p.lw             x14, 4(x10!)        x14=42d4f6e5 x10=10001740 x10:1000173c  PA:1000173c
17319999ns          292823 1c008176 08d77753 fsub.s           f14, f14, f13       f14=xxxxxxxx f14:42d4f6e5 f13:42ca02de
17320019ns          292824 1c00817a 60e77643 fmadd.s          f12, f14, f14, f12  f12=xxxxxxxx f14:40af4070 f14:40af4070 f12:472bed41
17320039ns          292825 1c008172 0045270b p.lw             x14, 4(x10!)        x14=42a6c848 x10=10001744 x10:10001740  PA:10001740
17320079ns          292827 1c008176 08d77753 fsub.s           f14, f14, f13       f14=xxxxxxxx f14:42a6c848 f13:42ca02de
17320099ns          292828 1c00817a 60e77643 fmadd.s          f12, f14, f14, f12  f12=xxxxxxxx f14:c18cea58 f14:c18cea58 f12:472c0b3f
17320118ns          292829 1c008172 0045270b p.lw             x14, 4(x10!)        x14=42cd056c x10=10001748 x10:10001744  PA:10001744
17320158ns          292831 1c008176 08d77753 fsub.s           f14, f14, f13       f14=xxxxxxxx f14:42cd056c f13:42ca02de
17320178ns          292832 1c00817a 60e77643 fmadd.s          f12, f14, f14, f12  f12=xxxxxxxx f14:3fc0a380 f14:3fc0a380 f12:472d4184
17320198ns          292833 1c008172 0045270b p.lw             x14, 4(x10!)        x14=42c60e42 x10=1000174c x10:10001748  PA:10001748
17320238ns          292835 1c008176 08d77753 fsub.s           f14, f14, f13       f14=xxxxxxxx f14:42c60e42 f13:42ca02de
17320258ns          292836 1c00817a 60e77643 fmadd.s          f12, f14, f14, f12  f12=xxxxxxxx f14:bffd2700 f14:bffd2700 f12:472d43c8
17320278ns          292837 1c008172 0045270b p.lw             x14, 4(x10!)        x14=42d904c3 x10=10001750 x10:1000174c  PA:1000174c
17320317ns          292839 1c008176 08d77753 fsub.s           f14, f14, f13       f14=xxxxxxxx f14:42d904c3 f13:42ca02de
17320337ns          292840 1c00817a 60e77643 fmadd.s          f12, f14, f14, f12  f12=xxxxxxxx f14:40f01e50 f14:40f01e50 f12:472d47b1
17320357ns          292841 1c008172 0045270b p.lw             x14, 4(x10!)        x14=4288cdbe x10=10001754 x10:10001750  PA:10001750
17320397ns          292843 1c008176 08d77753 fsub.s           f14, f14, f13       f14=xxxxxxxx f14:4288cdbe f13:42ca02de
17320417ns          292844 1c00817a 60e77643 fmadd.s          f12, f14, f14, f12  f12=xxxxxxxx f14:c2026a40 f14:c2026a40 f12:472d7fff
17320437ns          292845 1c008172 0045270b p.lw             x14, 4(x10!)        x14=42c8754e x10=10001758 x10:10001754  PA:10001754
17320477ns          292847 1c008176 08d77753 fsub.s           f14, f14, f13       f14=xxxxxxxx f14:42c8754e f13:42ca02de
17320496ns          292848 1c00817a 60e77643 fmadd.s          f12, f14, f14, f12  f12=xxxxxxxx f14:bf46c800 f14:bf46c800 f12:4731a700
17320516ns          292849 1c008172 0045270b p.lw             x14, 4(x10!)        x14=43148781 x10=1000175c x10:10001758  PA:10001758
17320556ns          292851 1c008176 08d77753 fsub.s           f14, f14, f13       f14=xxxxxxxx f14:43148781 f13:42ca02de
17320576ns          292852 1c00817a 60e77643 fmadd.s          f12, f14, f14, f12  f12=xxxxxxxx f14:423e1848 f14:423e1848 f12:4731a79a
17320596ns          292853 1c008172 0045270b p.lw             x14, 4(x10!)        x14=42fdb098 x10=10001760 x10:1000175c  PA:1000175c
17320636ns          292855 1c008176 08d77753 fsub.s           f14, f14, f13       f14=xxxxxxxx f14:42fdb098 f13:42ca02de
17320656ns          292856 1c00817a 60e77643 fmadd.s          f12, f14, f14, f12  f12=xxxxxxxx f14:41ceb6e8 f14:41ceb6e8 f12:473a7a1b
17320675ns          292857 1c008172 0045270b p.lw             x14, 4(x10!)        x14=42d95a36 x10=10001764 x10:10001760  PA:10001760
17320715ns          292859 1c008176 08d77753 fsub.s           f14, f14, f13       f14=xxxxxxxx f14:42d95a36 f13:42ca02de
17320735ns          292860 1c00817a 60e77643 fmadd.s          f12, f14, f14, f12  f12=xxxxxxxx f14:40f57580 f14:40f57580 f12:473d15c7
17320755ns          292861 1c008172 0045270b p.lw             x14, 4(x10!)        x14=42c04844 x10=10001768 x10:10001764  PA:10001764
17320795ns          292863 1c008176 08d77753 fsub.s           f14, f14, f13       f14=xxxxxxxx f14:42c04844 f13:42ca02de
17320815ns          292864 1c00817a 60e77643 fmadd.s          f12, f14, f14, f12  f12=xxxxxxxx f14:c09ba9a0 f14:c09ba9a0 f12:473d509e
17320835ns          292865 1c008172 0045270b p.lw             x14, 4(x10!)        x14=42bf1e67 x10=1000176c x10:10001768  PA:10001768
17320874ns          292867 1c008176 08d77753 fsub.s           f14, f14, f13       f14=xxxxxxxx f14:42bf1e67 f13:42ca02de
17320894ns          292868 1c00817a 60e77643 fmadd.s          f12, f14, f14, f12  f12=xxxxxxxx f14:c0ae4770 f14:c0ae4770 f12:473d6848
17320914ns          292869 1c008172 0045270b p.lw             x14, 4(x10!)        x14=42d1adf2 x10=10001770 x10:1000176c  PA:1000176c
17320954ns          292871 1c008176 08d77753 fsub.s           f14, f14, f13       f14=xxxxxxxx f14:42d1adf2 f13:42ca02de
17320974ns          292872 1c00817a 60e77643 fmadd.s          f12, f14, f14, f12  f12=xxxxxxxx f14:40756280 f14:40756280 f12:473d85f1
17320994ns          292873 1c008172 0045270b p.lw             x14, 4(x10!)        x14=42cc0171 x10=10001774 x10:10001770  PA:10001770
17321033ns          292875 1c008176 08d77753 fsub.s           f14, f14, f13       f14=xxxxxxxx f14:42cc0171 f13:42ca02de
17321053ns          292876 1c00817a 60e77643 fmadd.s          f12, f14, f14, f12  f12=xxxxxxxx f14:3f7f4980 f14:3f7f4980 f12:473d94a4
17321073ns          292877 1c008172 0045270b p.lw             x14, 4(x10!)        x14=430bfb28 x10=10001778 x10:10001774  PA:10001774
17321113ns          292879 1c008176 08d77753 fsub.s           f14, f14, f13       f14=xxxxxxxx f14:430bfb28 f13:42ca02de
17321133ns          292880 1c00817a 60e77643 fmadd.s          f12, f14, f14, f12  f12=xxxxxxxx f14:421be6e4 f14:421be6e4 f12:473d95a3
17321153ns          292881 1c008172 0045270b p.lw             x14, 4(x10!)        x14=422677ce x10=1000177c x10:10001778  PA:10001778
17321193ns          292883 1c008176 08d77753 fsub.s           f14, f14, f13       f14=xxxxxxxx f14:422677ce f13:42ca02de
17321212ns          292884 1c00817a 60e77643 fmadd.s          f12, f14, f14, f12  f12=xxxxxxxx f14:c26d8dee f14:c26d8dee f12:474384ba
17321232ns          292885 1c008172 0045270b p.lw             x14, 4(x10!)        x14=42f77408 x10=10001780 x10:1000177c  PA:1000177c
17321272ns          292887 1c008176 08d77753 fsub.s           f14, f14, f13       f14=xxxxxxxx f14:42f77408 f13:42ca02de
17321292ns          292888 1c00817a 60e77643 fmadd.s          f12, f14, f14, f12  f12=xxxxxxxx f14:41b5c4a8 f14:41b5c4a8 f12:47514bbc
17321312ns          292889 1c008172 0045270b p.lw             x14, 4(x10!)        x14=41f78aa4 x10=10001784 x10:10001780  PA:10001780
17321352ns          292891 1c008176 08d77753 fsub.s           f14, f14, f13       f14=xxxxxxxx f14:41f78aa4 f13:42ca02de
17321372ns          292892 1c00817a 60e77643 fmadd.s          f12, f14, f14, f12  f12=xxxxxxxx f14:c28c2035 f14:c28c2035 f12:47534ffb
17321391ns          292893 1c008172 0045270b p.lw             x14, 4(x10!)        x14=42f9f33e x10=10001788 x10:10001784  PA:10001784
17321431ns          292895 1c008176 08d77753 fsub.s           f14, f14, f13       f14=xxxxxxxx f14:42f9f33e f13:42ca02de
17321451ns          292896 1c00817a 60e77643 fmadd.s          f12, f14, f14, f12  f12=xxxxxxxx f14:41bfc180 f14:41bfc180 f12:47667ccb
17321471ns          292897 1c008172 0045270b p.lw             x14, 4(x10!)        x14=430deefd x10=1000178c x10:10001788  PA:10001788
17321511ns          292899 1c008176 08d77753 fsub.s           f14, f14, f13       f14=xxxxxxxx f14:430deefd f13:42ca02de
17321531ns          292900 1c00817a 60e77643 fmadd.s          f12, f14, f14, f12  f12=xxxxxxxx f14:4223b638 f14:4223b638 f12:4768bb54
17321551ns          292901 1c008172 0045270b p.lw             x14, 4(x10!)        x14=42ba8b66 x10=10001790 x10:1000178c  PA:1000178c
17321590ns          292903 1c008176 08d77753 fsub.s           f14, f14, f13       f14=xxxxxxxx f14:42ba8b66 f13:42ca02de
17321610ns          292904 1c00817a 60e77643 fmadd.s          f12, f14, f14, f12  f12=xxxxxxxx f14:c0f77780 f14:c0f77780 f12:476f466d
17321630ns          292905 1c008172 0045270b p.lw             x14, 4(x10!)        x14=42e65bff x10=10001794 x10:10001790  PA:10001790
17321670ns          292907 1c008176 08d77753 fsub.s           f14, f14, f13       f14=xxxxxxxx f14:42e65bff f13:42ca02de
17321690ns          292908 1c00817a 60e77643 fmadd.s          f12, f14, f14, f12  f12=xxxxxxxx f14:4162c908 f14:4162c908 f12:476f823b
17321710ns          292909 1c008172 0045270b p.lw             x14, 4(x10!)        x14=42eba8c7 x10=10001798 x10:10001794  PA:10001794
17321750ns          292911 1c008176 08d77753 fsub.s           f14, f14, f13       f14=xxxxxxxx f14:42eba8c7 f13:42ca02de
17321769ns          292912 1c00817a 60e77643 fmadd.s          f12, f14, f14, f12  f12=xxxxxxxx f14:418697a4 f14:418697a4 f12:47704b23
17321789ns          292913 1c008172 0045270b p.lw             x14, 4(x10!)        x14=42f28b06 x10=1000179c x10:10001798  PA:10001798
17321829ns          292915 1c008176 08d77753 fsub.s           f14, f14, f13       f14=xxxxxxxx f14:42f28b06 f13:42ca02de
17321849ns          292916 1c00817a 60e77643 fmadd.s          f12, f14, f14, f12  f12=xxxxxxxx f14:41a220a0 f14:41a220a0 f12:4771662f
17321869ns          292917 1c008172 0045270b p.lw             x14, 4(x10!)        x14=42908ecb x10=100017a0 x10:1000179c  PA:1000179c
17321909ns          292919 1c008176 08d77753 fsub.s           f14, f14, f13       f14=xxxxxxxx f14:42908ecb f13:42ca02de
17321929ns          292920 1c00817a 60e77643 fmadd.s          f12, f14, f14, f12  f12=xxxxxxxx f14:c1e5d04c f14:c1e5d04c f12:477300e4
17321948ns          292921 1c008172 0045270b p.lw             x14, 4(x10!)        x14=42fb0ca4 x10=100017a4 x10:100017a0  PA:100017a0
17321988ns          292923 1c008176 08d77753 fsub.s           f14, f14, f13       f14=xxxxxxxx f14:42fb0ca4 f13:42ca02de
17322008ns          292924 1c00817a 60e77643 fmadd.s          f12, f14, f14, f12  f12=xxxxxxxx f14:41c42718 f14:41c42718 f12:47763a1d
17322028ns          292925 1c008172 0045270b p.lw             x14, 4(x10!)        x14=429ccd99 x10=100017a8 x10:100017a4  PA:100017a4
17322068ns          292927 1c008176 08d77753 fsub.s           f14, f14, f13       f14=xxxxxxxx f14:429ccd99 f13:42ca02de
17322088ns          292928 1c00817a 60e77643 fmadd.s          f12, f14, f14, f12  f12=xxxxxxxx f14:c1b4d514 f14:c1b4d514 f12:4778934d
17322108ns          292929 1c008172 0045270b p.lw             x14, 4(x10!)        x14=4289af70 x10=100017ac x10:100017a8  PA:100017a8
17322147ns          292931 1c008176 08d77753 fsub.s           f14, f14, f13       f14=xxxxxxxx f14:4289af70 f13:42ca02de
17322167ns          292932 1c00817a 60e77643 fmadd.s          f12, f14, f14, f12  f12=xxxxxxxx f14:c200a6dc f14:c200a6dc f12:477a923e
17322187ns          292933 1c008172 0045270b p.lw             x14, 4(x10!)        x14=42b49982 x10=100017b0 x10:100017ac  PA:100017ac
17322227ns          292935 1c008176 08d77753 fsub.s           f14, f14, f13       f14=xxxxxxxx f14:42b49982 f13:42ca02de
17322247ns          292936 1c00817a 60e77643 fmadd.s          f12, f14, f14, f12  f12=xxxxxxxx f14:c12b4ae0 f14:c12b4ae0 f12:477e9cb3
17322267ns          292937 1c008172 0045270b p.lw             x14, 4(x10!)        x14=42b97ce8 x10=100017b4 x10:100017b0  PA:100017b0
17322306ns          292939 1c008176 08d77753 fsub.s           f14, f14, f13       f14=xxxxxxxx f14:42b97ce8 f13:42ca02de
17322326ns          292940 1c00817a 60e77643 fmadd.s          f12, f14, f14, f12  f12=xxxxxxxx f14:c1042fb0 f14:c1042fb0 f12:477f0f50
17322346ns          292941 1c008172 0045270b p.lw             x14, 4(x10!)        x14=42f28b5d x10=100017b8 x10:100017b4  PA:100017b4
17322386ns          292943 1c008176 08d77753 fsub.s           f14, f14, f13       f14=xxxxxxxx f14:42f28b5d f13:42ca02de
17322406ns          292944 1c00817a 60e77643 fmadd.s          f12, f14, f14, f12  f12=xxxxxxxx f14:41a221fc f14:41a221fc f12:477f5391
17322426ns          292945 1c008172 0045270b p.lw             x14, 4(x10!)        x14=430cbb81 x10=100017bc x10:100017b8  PA:100017b8
17322466ns          292947 1c008176 08d77753 fsub.s           f14, f14, f13       f14=xxxxxxxx f14:430cbb81 f13:42ca02de
17322485ns          292948 1c00817a 60e77643 fmadd.s          f12, f14, f14, f12  f12=xxxxxxxx f14:421ee848 f14:421ee848 f12:47807727
17322505ns          292949 1c008172 0045270b p.lw             x14, 4(x10!)        x14=42b309e9 x10=100017c0 x10:100017bc  PA:100017bc
17322545ns          292951 1c008176 08d77753 fsub.s           f14, f14, f13       f14=xxxxxxxx f14:42b309e9 f13:42ca02de
17322565ns          292952 1c00817a 60e77643 fmadd.s          f12, f14, f14, f12  f12=xxxxxxxx f14:c137c7a8 f14:c137c7a8 f12:47838c43
17322585ns          292953 1c008172 0045270b p.lw             x14, 4(x10!)        x14=42f95668 x10=100017c4 x10:100017c0  PA:100017c0
17322625ns          292955 1c008176 08d77753 fsub.s           f14, f14, f13       f14=xxxxxxxx f14:42f95668 f13:42ca02de
17322645ns          292956 1c00817a 60e77643 fmadd.s          f12, f14, f14, f12  f12=xxxxxxxx f14:41bd4e28 f14:41bd4e28 f12:4783ce3b
17322665ns          292957 1c008172 0045270b p.lw             x14, 4(x10!)        x14=42dda0a6 x10=100017c8 x10:100017c4  PA:100017c4
17322704ns          292959 1c008176 08d77753 fsub.s           f14, f14, f13       f14=xxxxxxxx f14:42dda0a6 f13:42ca02de
17322724ns          292960 1c00817a 60e77643 fmadd.s          f12, f14, f14, f12  f12=xxxxxxxx f14:411cee40 f14:411cee40 f12:4784e634
17322744ns          292961 1c008172 0045270b p.lw             x14, 4(x10!)        x14=42ce0b25 x10=100017cc x10:100017c8  PA:100017c8
17322784ns          292963 1c008176 08d77753 fsub.s           f14, f14, f13       f14=xxxxxxxx f14:42ce0b25 f13:42ca02de
17322804ns          292964 1c00817a 60e77643 fmadd.s          f12, f14, f14, f12  f12=xxxxxxxx f14:400108e0 f14:400108e0 f12:4785164e
17322824ns          292965 1c008172 0045270b p.lw             x14, 4(x10!)        x14=43023e9a x10=100017d0 x10:100017cc  PA:100017cc
17322863ns          292967 1c008176 08d77753 fsub.s           f14, f14, f13       f14=xxxxxxxx f14:43023e9a f13:42ca02de
17322883ns          292968 1c00817a 60e77643 fmadd.s          f12, f14, f14, f12  f12=xxxxxxxx f14:41e9e958 f14:41e9e958 f12:47851856
17322903ns          292969 1c008172 0045270b p.lw             x14, 4(x10!)        x14=42f7ac2d x10=100017d4 x10:100017d0  PA:100017d0
17322943ns          292971 1c008176 08d77753 fsub.s           f14, f14, f13       f14=xxxxxxxx f14:42f7ac2d f13:42ca02de
17322963ns          292972 1c00817a 60e77643 fmadd.s          f12, f14, f14, f12  f12=xxxxxxxx f14:41b6a53c f14:41b6a53c f12:4786c3cb
17322983ns          292973 1c008172 0045270b p.lw             x14, 4(x10!)        x14=42bdffc2 x10=100017d8 x10:100017d4  PA:100017d4
17323023ns          292975 1c008176 08d77753 fsub.s           f14, f14, f13       f14=xxxxxxxx f14:42bdffc2 f13:42ca02de
17323042ns          292976 1c00817a 60e77643 fmadd.s          f12, f14, f14, f12  f12=xxxxxxxx f14:c0c031c0 f14:c0c031c0 f12:4787c86a
17323062ns          292977 1c008172 0045270b p.lw             x14, 4(x10!)        x14=42d57781 x10=100017dc x10:100017d8  PA:100017d8
17323102ns          292979 1c008176 08d77753 fsub.s           f14, f14, f13       f14=xxxxxxxx f14:42d57781 f13:42ca02de
17323122ns          292980 1c00817a 60e77643 fmadd.s          f12, f14, f14, f12  f12=xxxxxxxx f14:40b74a30 f14:40b74a30 f12:4787da73
17323142ns          292981 1c008172 0045270b p.lw             x14, 4(x10!)        x14=42a15b45 x10=100017e0 x10:100017dc  PA:100017dc
17323182ns          292983 1c008176 08d77753 fsub.s           f14, f14, f13       f14=xxxxxxxx f14:42a15b45 f13:42ca02de
17323202ns          292984 1c00817a 60e77643 fmadd.s          f12, f14, f14, f12  f12=xxxxxxxx f14:c1a29e64 f14:c1a29e64 f12:4787eada
17323221ns          292985 1c008172 0045270b p.lw             x14, 4(x10!)        x14=42a55ae6 x10=100017e4 x10:100017e0  PA:100017e0
17323261ns          292987 1c008176 08d77753 fsub.s           f14, f14, f13       f14=xxxxxxxx f14:42a55ae6 f13:42ca02de
17323281ns          292988 1c00817a 60e77643 fmadd.s          f12, f14, f14, f12  f12=xxxxxxxx f14:c1929fe0 f14:c1929fe0 f12:4788b974
17323301ns          292989 1c008172 0045270b p.lw             x14, 4(x10!)        x14=42e85784 x10=100017e8 x10:100017e4  PA:100017e4
17323341ns          292991 1c008176 08d77753 fsub.s           f14, f14, f13       f14=xxxxxxxx f14:42e85784 f13:42ca02de
17323361ns          292992 1c00817a 60e77643 fmadd.s          f12, f14, f14, f12  f12=xxxxxxxx f14:4172a530 f14:4172a530 f12:47896169
17323778ns          293013 1c00817e 1c0007b7 lui              x15, 0x1c000000     x15=1c000000
17323818ns          293015 1c008182 0f47a503 lw               x10, 244(x15)       x10=3c257eb5 x15:1c000000  PA:1c0000f4
17324335ns          293041 1c008186 10a67553 fmul.s           f10, f12, f10       f10=xxxxxxxx f12:4789d467 f10:3c257eb5
17324355ns          293042 1c00818a 00008067 jalr             x0, x1, 0            x1:1c008688
17324435ns          293046 1c008688 1c0105b7 lui              x11, 0x1c010000     x11=1c010000
17324475ns          293048 1c00868c 00449493 slli             x9, x9, 0x4          x9=00000020  x9:00000002
17324494ns          293049 1c00868e 00058593 addi             x11, x11, 0         x11=1c010000 x11:1c010000
17324514ns          293050 1c008692 00a12623 sw               x10, 12(x2)         x10:4432343d  x2:10001648  PA:10001654
17324534ns          293051 1c008694 009585b3 add              x11, x11, x9        x11=1c010020 x11:1c010000  x9:00000020
17324554ns          293052 1c008696 00810513 addi             x10, x2, 8          x10=10001650  x2:10001648
17324574ns          293053 1c008698 af5ff0ef jal              x1, -1292            x1=1c00869a
17325012ns          293075 1c00818c fe010113 addi             x2, x2, -32          x2=10001628  x2:10001648
17325032ns          293076 1c00818e 01212823 sw               x18, 16(x2)         x18:xxxxxxxx  x2:10001628  PA:10001638
17325051ns          293077 1c008190 01312623 sw               x19, 12(x2)         x19:xxxxxxxx  x2:10001628  PA:10001634
17325071ns          293078 1c008192 00052903 lw               x18, 0(x10)         x18=461dd23e x10:10001650  PA:10001650
17325091ns          293079 1c008196 0005a983 lw               x19, 0(x11)         x19=461dd2a5 x11:1c010020  PA:1c010020
17325509ns          293100 1c00819a 00812c23 sw               x8, 24(x2)           x8:100017e8  x2:10001628  PA:10001640
17325529ns          293101 1c00819c a13907d3 fle.s            x15, f18, f19       x15=00000001 f18:461dd23e f19:461dd2a5
17325549ns          293102 1c0081a0 00912a23 sw               x9, 20(x2)           x9:00000020  x2:10001628  PA:1000163c
17325569ns          293103 1c0081a2 01412423 sw               x20, 8(x2)          x20:xxxxxxxx  x2:10001628  PA:10001630
17325588ns          293104 1c0081a4 00112e23 sw               x1, 28(x2)           x1:1c00869a  x2:10001628  PA:10001644
17325608ns          293105 1c0081a6 01512223 sw               x21, 4(x2)          x21:xxxxxxxx  x2:10001628  PA:1000162c
17325628ns          293106 1c0081a8 00b00433 add              x8, x0, x11          x8=1c010020 x11:1c010020
17325648ns          293107 1c0081aa 00a00a33 add              x20, x0, x10        x20=10001650 x10:10001650
17325668ns          293108 1c0081ac 0045a483 lw               x9, 4(x11)           x9=461dd1d7 x11:1c010020  PA:1c010024
17326086ns          293129 1c0081ae 18078663 beq              x15, x0, 396        x15:00000001
17326106ns          293130 1c0081b2 a12487d3 fle.s            x15, f9, f18        x15=00000001  f9:461dd1d7 f18:461dd23e
17326125ns          293131 1c0081b6 00100513 addi             x10, x0, 1          x10=00000001
17326145ns          293132 1c0081b8 18078163 beq              x15, x0, 386        x15:00000001
17326165ns          293133 1c0081bc 00842903 lw               x18, 8(x8)          x18=443234b0  x8:1c010020  PA:1c010028
17326583ns          293154 1c0081c0 004a2483 lw               x9, 4(x20)           x9=4432343d x20:10001650  PA:10001654
17326623ns          293156 1c0081c4 00c42403 lw               x8, 12(x8)           x8=443233c6  x8:1c010020  PA:1c01002c
17327060ns          293178 1c0081c6 a12487d3 fle.s            x15, f9, f18        x15=00000001  f9:4432343d f18:443234b0
17327080ns          293179 1c0081ca 00078563 beq              x15, x0, 10         x15:00000001
17327100ns          293180 1c0081cc a09407d3 fle.s            x15, f8, f9         x15=00000001  f8:443233c6  f9:4432343d
17327120ns          293181 1c0081d0 14079c63 bne              x15, x0, 344        x15:00000001
17327597ns          293205 1c008328 01c12083 lw               x1, 28(x2)           x1=1c00869a  x2:10001628  PA:10001644
17327617ns          293206 1c00832a 01812403 lw               x8, 24(x2)           x8=100017e8  x2:10001628  PA:10001640
17327637ns          293207 1c00832c 01412483 lw               x9, 20(x2)           x9=00000020  x2:10001628  PA:1000163c
17327657ns          293208 1c00832e 01012903 lw               x18, 16(x2)         x18=xxxxxxxx  x2:10001628  PA:10001638
17328075ns          293229 1c008330 00c12983 lw               x19, 12(x2)         x19=xxxxxxxx  x2:10001628  PA:10001634
17328095ns          293230 1c008332 00812a03 lw               x20, 8(x2)          x20=xxxxxxxx  x2:10001628  PA:10001630
17328115ns          293231 1c008334 00412a83 lw               x21, 4(x2)          x21=xxxxxxxx  x2:10001628  PA:1000162c
17328134ns          293232 1c008336 02010113 addi             x2, x2, 32           x2=10001648  x2:10001628
17328154ns          293233 1c008338 00008067 jalr             x0, x1, 0            x1:1c00869a
17328652ns          293258 1c00869a 00a00433 add              x8, x0, x10          x8=00000001 x10:00000001
17328672ns          293259 1c00869c f14027f3 csrrs            x15, x0, 0xf14      x15=00000002
17328691ns          293260 1c0086a0 f457b5b3 p.bclr           x11, x15, 26, 5     x11=00000002 x15:00000002
17328711ns          293261 1c0086a4 04050063 beq              x10, x0, 64         x10:00000001
17328731ns          293262 1c0086a6 1c000537 lui              x10, 0x1c000000     x10=1c000000
17328751ns          293263 1c0086aa 0b450513 addi             x10, x10, 180       x10=1c0000b4 x10:1c000000
17328771ns          293264 1c0086ae 636000ef jal              x1, 1590             x1=1c0086b0
17329268ns          293289 1c008ce4 fc010113 addi             x2, x2, -64          x2=10001608  x2:10001648
17329308ns          293291 1c008ce6 02410313 addi             x6, x2, 36           x6=1000162c  x2:10001608
17329328ns          293292 1c008cea 02c12423 sw               x12, 40(x2)         x12:4789d467  x2:10001608  PA:10001630
17329348ns          293293 1c008cec 00a00633 add              x12, x0, x10        x12=1c0000b4 x10:1c0000b4
17329388ns          293295 1c008cee 1c009537 lui              x10, 0x1c009000     x10=1c009000
17329407ns          293296 1c008cf2 02b12223 sw               x11, 36(x2)         x11:00000002  x2:10001608  PA:1000162c
17329427ns          293297 1c008cf4 02d12623 sw               x13, 44(x2)         x13:42ca02de  x2:10001608  PA:10001634
17329447ns          293298 1c008cf6 00200593 addi             x11, x0, 2          x11=00000002
17329467ns          293299 1c008cf8 006006b3 add              x13, x0, x6         x13=1000162c  x6:1000162c
17329487ns          293300 1c008cfa c7850513 addi             x10, x10, -904      x10=1c008c78 x10:1c009000
17329507ns          293301 1c008cfe 00112e23 sw               x1, 28(x2)           x1:1c0086b0  x2:10001608  PA:10001624
17329527ns          293302 1c008d00 02e12823 sw               x14, 48(x2)         x14:4172a530  x2:10001608  PA:10001638
17329547ns          293303 1c008d02 02f12a23 sw               x15, 52(x2)         x15:00000002  x2:10001608  PA:1000163c
17329567ns          293304 1c008d04 03012c23 sw               x16, 56(x2)         x16:xxxxxxxx  x2:10001608  PA:10001640
17329586ns          293305 1c008d06 03112e23 sw               x17, 60(x2)         x17:xxxxxxxx  x2:10001608  PA:10001644
17329606ns          293306 1c008d08 00612623 sw               x6, 12(x2)           x6:1000162c  x2:10001608  PA:10001614
17329626ns          293307 1c008d0a fbfff0ef jal              x1, -66              x1=1c008d0c
17329706ns          293311 1c008cc8 04a0006f jal              x0, 74             
17329746ns          293313 1c008d12 ed010113 addi             x2, x2, -304         x2=100014d8  x2:10001608
17329766ns          293314 1c008d14 12812423 sw               x8, 296(x2)          x8:00000001  x2:100014d8  PA:10001600
17329785ns          293315 1c008d18 00000413 addi             x8, x0, 0            x8=00000000
17329805ns          293316 1c008d1a 11612823 sw               x22, 272(x2)        x22:xxxxxxxx  x2:100014d8  PA:100015e8
17329865ns          293319 1c008d1e 11712623 sw               x23, 268(x2)        x23:xxxxxxxx  x2:100014d8  PA:100015e4
17329905ns          293321 1c008d22 11812423 sw               x24, 264(x2)        x24:xxxxxxxx  x2:100014d8  PA:100015e0
17329925ns          293322 1c008d26 11912223 sw               x25, 260(x2)        x25:xxxxxxxx  x2:100014d8  PA:100015dc
17329945ns          293323 1c008d2a 11a12023 sw               x26, 256(x2)        x26:xxxxxxxx  x2:100014d8  PA:100015d8
17329964ns          293324 1c008d2e 0fb12e23 sw               x27, 252(x2)        x27:xxxxxxxx  x2:100014d8  PA:100015d4
17330004ns          293326 1c008d30 12112623 sw               x1, 300(x2)          x1:1c008d0c  x2:100014d8  PA:10001604
17330044ns          293328 1c008d34 00800db3 add              x27, x0, x8         x27=00000000  x8:00000000
17330064ns          293329 1c008d36 12912223 sw               x9, 292(x2)          x9:00000020  x2:100014d8  PA:100015fc
17330084ns          293330 1c008d3a 13212023 sw               x18, 288(x2)        x18:xxxxxxxx  x2:100014d8  PA:100015f8
17330143ns          293333 1c008d3e 11312e23 sw               x19, 284(x2)        x19:xxxxxxxx  x2:100014d8  PA:100015f4
17330183ns          293335 1c008d42 11412c23 sw               x20, 280(x2)        x20:xxxxxxxx  x2:100014d8  PA:100015f0
17330203ns          293336 1c008d46 11512a23 sw               x21, 276(x2)        x21:xxxxxxxx  x2:100014d8  PA:100015ec
17330223ns          293337 1c008d4a 00a00b33 add              x22, x0, x10        x22=1c008c78 x10:1c008c78
17330243ns          293338 1c008d4c 00b00d33 add              x26, x0, x11        x26=00000002 x11:00000002
17330263ns          293339 1c008d4e 00d00c33 add              x24, x0, x13        x24=1000162c x13:1000162c
17330283ns          293340 1c008d50 1c000bb7 lui              x23, 0x1c000000     x23=1c000000
17330303ns          293341 1c008d54 02410c93 addi             x25, x2, 36         x25=100014fc  x2:100014d8
17330322ns          293342 1c008d58 00c00433 add              x8, x0, x12          x8=1c0000b4 x12:1c0000b4
17330342ns          293343 1c008d5a 00044503 lbu              x10, 0(x8)          x10=0000006b  x8:1c0000b4  PA:1c0000b4
17330680ns          293360 1c008d5e 00140413 addi             x8, x8, 1            x8=1c0000b5  x8:1c0000b4
17330700ns          293361 1c008d60 00050e63 beq              x10, x0, 28         x10:0000006b
17330720ns          293362 1c008d62 02500793 addi             x15, x0, 37         x15=00000025
17330740ns          293363 1c008d66 04f50863 beq              x10, x15, 80        x10:0000006b x15:00000025
17330760ns          293364 1c008d6a 01a005b3 add              x11, x0, x26        x11=00000002 x26:00000002
17330780ns          293365 1c008d6c 000b00e7 jalr             x1, x22, 0           x1=1c008d6e x22:1c008c78
17330899ns          293371 1c008c78 000026b7 lui              x13, 0x2000         x13=00002000
17330939ns          293373 1c008c7a f14027f3 csrrs            x15, x0, 0xf14      x15=00000002
17330959ns          293374 1c008c7e f8068693 addi             x13, x13, -128      x13=00001f80 x13:00002000
17330979ns          293375 1c008c82 00379713 slli             x14, x15, 0x3       x14=00000010 x15:00000002
17330999ns          293376 1c008c86 00279793 slli             x15, x15, 0x2       x15=00000008 x15:00000002
17331019ns          293377 1c008c88 00d7f7b3 and              x15, x15, x13       x15=00000000 x15:00000008 x13:00001f80
17331039ns          293378 1c008c8a ee873733 p.bclr           x14, x14, 23, 8     x14=00000010 x14:00000010
17331078ns          293380 1c008c8e 1a10f6b7 lui              x13, 0x1a10f000     x13=1a10f000
17331118ns          293382 1c008c92 0ff57513 andi             x10, x10, 255       x10=0000006b x10:0000006b
17331138ns          293383 1c008c96 00d70733 add              x14, x14, x13       x14=1a10f010 x14:00000010 x13:1a10f000
17331158ns          293384 1c008c98 00a7e723 p.sw             x10, x0(x15)        x10:0000006b x15:00000000  PA:1a10f010
17331536ns          293403 1c008c9c 00000513 addi             x10, x0, 0          x10=00000000
17331556ns          293404 1c008c9e 00008067 jalr             x0, x1, 0            x1:1c008d6e
17331615ns          293407 1c008d6e 31f52563 p.beqimm         x10, 778            x10:00000000
17331635ns          293408 1c008d72 001d8d93 addi             x27, x27, 1         x27=00000001 x27:00000000
17331655ns          293409 1c008d74 00044503 lbu              x10, 0(x8)          x10=00000065  x8:1c0000b5  PA:1c0000b5
17331953ns          293424 1c008d78 00140413 addi             x8, x8, 1            x8=1c0000b6  x8:1c0000b5
17331973ns          293425 1c008d7a fe0514e3 bne              x10, x0, -24        x10:00000065
17332053ns          293429 1c008d62 02500793 addi             x15, x0, 37         x15=00000025
17332073ns          293430 1c008d66 04f50863 beq              x10, x15, 80        x10:00000065 x15:00000025
17332093ns          293431 1c008d6a 01a005b3 add              x11, x0, x26        x11=00000002 x26:00000002
17332113ns          293432 1c008d6c 000b00e7 jalr             x1, x22, 0           x1=1c008d6e x22:1c008c78
17332152ns          293434 1c008c78 000026b7 lui              x13, 0x2000         x13=00002000
17332172ns          293435 1c008c7a f14027f3 csrrs            x15, x0, 0xf14      x15=00000002
17332232ns          293438 1c008c7e f8068693 addi             x13, x13, -128      x13=00001f80 x13:00002000
17332272ns          293440 1c008c82 00379713 slli             x14, x15, 0x3       x14=00000010 x15:00000002
17332292ns          293441 1c008c86 00279793 slli             x15, x15, 0x2       x15=00000008 x15:00000002
17332312ns          293442 1c008c88 00d7f7b3 and              x15, x15, x13       x15=00000000 x15:00000008 x13:00001f80
17332331ns          293443 1c008c8a ee873733 p.bclr           x14, x14, 23, 8     x14=00000010 x14:00000010
17332351ns          293444 1c008c8e 1a10f6b7 lui              x13, 0x1a10f000     x13=1a10f000
17332371ns          293445 1c008c92 0ff57513 andi             x10, x10, 255       x10=00000065 x10:00000065
17332391ns          293446 1c008c96 00d70733 add              x14, x14, x13       x14=1a10f010 x14:00000010 x13:1a10f000
17332411ns          293447 1c008c98 00a7e723 p.sw             x10, x0(x15)        x10:00000065 x15:00000000  PA:1a10f010
17332729ns          293463 1c008c9c 00000513 addi             x10, x0, 0          x10=00000000
17332749ns          293464 1c008c9e 00008067 jalr             x0, x1, 0            x1:1c008d6e
17332809ns          293467 1c008d6e 31f52563 p.beqimm         x10, 778            x10:00000000
17332829ns          293468 1c008d72 001d8d93 addi             x27, x27, 1         x27=00000002 x27:00000001
17332849ns          293469 1c008d74 00044503 lbu              x10, 0(x8)          x10=00000072  x8:1c0000b6  PA:1c0000b6
17333147ns          293484 1c008d78 00140413 addi             x8, x8, 1            x8=1c0000b7  x8:1c0000b6
17333167ns          293485 1c008d7a fe0514e3 bne              x10, x0, -24        x10:00000072
17333246ns          293489 1c008d62 02500793 addi             x15, x0, 37         x15=00000025
17333266ns          293490 1c008d66 04f50863 beq              x10, x15, 80        x10:00000072 x15:00000025
17333286ns          293491 1c008d6a 01a005b3 add              x11, x0, x26        x11=00000002 x26:00000002
17333306ns          293492 1c008d6c 000b00e7 jalr             x1, x22, 0           x1=1c008d6e x22:1c008c78
17333346ns          293494 1c008c78 000026b7 lui              x13, 0x2000         x13=00002000
17333366ns          293495 1c008c7a f14027f3 csrrs            x15, x0, 0xf14      x15=00000002
17333386ns          293496 1c008c7e f8068693 addi             x13, x13, -128      x13=00001f80 x13:00002000
17333406ns          293497 1c008c82 00379713 slli             x14, x15, 0x3       x14=00000010 x15:00000002
17333425ns          293498 1c008c86 00279793 slli             x15, x15, 0x2       x15=00000008 x15:00000002
17333445ns          293499 1c008c88 00d7f7b3 and              x15, x15, x13       x15=00000000 x15:00000008 x13:00001f80
17333465ns          293500 1c008c8a ee873733 p.bclr           x14, x14, 23, 8     x14=00000010 x14:00000010
17333485ns          293501 1c008c8e 1a10f6b7 lui              x13, 0x1a10f000     x13=1a10f000
17333505ns          293502 1c008c92 0ff57513 andi             x10, x10, 255       x10=00000072 x10:00000072
17333525ns          293503 1c008c96 00d70733 add              x14, x14, x13       x14=1a10f010 x14:00000010 x13:1a10f000
17333545ns          293504 1c008c98 00a7e723 p.sw             x10, x0(x15)        x10:00000072 x15:00000000  PA:1a10f010
17333883ns          293521 1c008c9c 00000513 addi             x10, x0, 0          x10=00000000
17333903ns          293522 1c008c9e 00008067 jalr             x0, x1, 0            x1:1c008d6e
17333962ns          293525 1c008d6e 31f52563 p.beqimm         x10, 778            x10:00000000
17333982ns          293526 1c008d72 001d8d93 addi             x27, x27, 1         x27=00000003 x27:00000002
17334002ns          293527 1c008d74 00044503 lbu              x10, 0(x8)          x10=0000006e  x8:1c0000b7  PA:1c0000b7
17334301ns          293542 1c008d78 00140413 addi             x8, x8, 1            x8=1c0000b8  x8:1c0000b7
17334320ns          293543 1c008d7a fe0514e3 bne              x10, x0, -24        x10:0000006e
17334400ns          293547 1c008d62 02500793 addi             x15, x0, 37         x15=00000025
17334420ns          293548 1c008d66 04f50863 beq              x10, x15, 80        x10:0000006e x15:00000025
17334440ns          293549 1c008d6a 01a005b3 add              x11, x0, x26        x11=00000002 x26:00000002
17334460ns          293550 1c008d6c 000b00e7 jalr             x1, x22, 0           x1=1c008d6e x22:1c008c78
17334500ns          293552 1c008c78 000026b7 lui              x13, 0x2000         x13=00002000
17334519ns          293553 1c008c7a f14027f3 csrrs            x15, x0, 0xf14      x15=00000002
17334539ns          293554 1c008c7e f8068693 addi             x13, x13, -128      x13=00001f80 x13:00002000
17334559ns          293555 1c008c82 00379713 slli             x14, x15, 0x3       x14=00000010 x15:00000002
17334579ns          293556 1c008c86 00279793 slli             x15, x15, 0x2       x15=00000008 x15:00000002
17334599ns          293557 1c008c88 00d7f7b3 and              x15, x15, x13       x15=00000000 x15:00000008 x13:00001f80
17334619ns          293558 1c008c8a ee873733 p.bclr           x14, x14, 23, 8     x14=00000010 x14:00000010
17334639ns          293559 1c008c8e 1a10f6b7 lui              x13, 0x1a10f000     x13=1a10f000
17334659ns          293560 1c008c92 0ff57513 andi             x10, x10, 255       x10=0000006e x10:0000006e
17334679ns          293561 1c008c96 00d70733 add              x14, x14, x13       x14=1a10f010 x14:00000010 x13:1a10f000
17334698ns          293562 1c008c98 00a7e723 p.sw             x10, x0(x15)        x10:0000006e x15:00000000  PA:1a10f010
17335056ns          293580 1c008c9c 00000513 addi             x10, x0, 0          x10=00000000
17335076ns          293581 1c008c9e 00008067 jalr             x0, x1, 0            x1:1c008d6e
17335136ns          293584 1c008d6e 31f52563 p.beqimm         x10, 778            x10:00000000
17335156ns          293585 1c008d72 001d8d93 addi             x27, x27, 1         x27=00000004 x27:00000003
17335176ns          293586 1c008d74 00044503 lbu              x10, 0(x8)          x10=00000065  x8:1c0000b8  PA:1c0000b8
17335474ns          293601 1c008d78 00140413 addi             x8, x8, 1            x8=1c0000b9  x8:1c0000b8
17335494ns          293602 1c008d7a fe0514e3 bne              x10, x0, -24        x10:00000065
17335574ns          293606 1c008d62 02500793 addi             x15, x0, 37         x15=00000025
17335593ns          293607 1c008d66 04f50863 beq              x10, x15, 80        x10:00000065 x15:00000025
17335613ns          293608 1c008d6a 01a005b3 add              x11, x0, x26        x11=00000002 x26:00000002
17335633ns          293609 1c008d6c 000b00e7 jalr             x1, x22, 0           x1=1c008d6e x22:1c008c78
17335673ns          293611 1c008c78 000026b7 lui              x13, 0x2000         x13=00002000
17335693ns          293612 1c008c7a f14027f3 csrrs            x15, x0, 0xf14      x15=00000002
17335713ns          293613 1c008c7e f8068693 addi             x13, x13, -128      x13=00001f80 x13:00002000
17335733ns          293614 1c008c82 00379713 slli             x14, x15, 0x3       x14=00000010 x15:00000002
17335753ns          293615 1c008c86 00279793 slli             x15, x15, 0x2       x15=00000008 x15:00000002
17335773ns          293616 1c008c88 00d7f7b3 and              x15, x15, x13       x15=00000000 x15:00000008 x13:00001f80
17335792ns          293617 1c008c8a ee873733 p.bclr           x14, x14, 23, 8     x14=00000010 x14:00000010
17335812ns          293618 1c008c8e 1a10f6b7 lui              x13, 0x1a10f000     x13=1a10f000
17335832ns          293619 1c008c92 0ff57513 andi             x10, x10, 255       x10=00000065 x10:00000065
17335852ns          293620 1c008c96 00d70733 add              x14, x14, x13       x14=1a10f010 x14:00000010 x13:1a10f000
17335872ns          293621 1c008c98 00a7e723 p.sw             x10, x0(x15)        x10:00000065 x15:00000000  PA:1a10f010
17336310ns          293643 1c008c9c 00000513 addi             x10, x0, 0          x10=00000000
17336329ns          293644 1c008c9e 00008067 jalr             x0, x1, 0            x1:1c008d6e
17336389ns          293647 1c008d6e 31f52563 p.beqimm         x10, 778            x10:00000000
17336409ns          293648 1c008d72 001d8d93 addi             x27, x27, 1         x27=00000005 x27:00000004
17336429ns          293649 1c008d74 00044503 lbu              x10, 0(x8)          x10=0000006c  x8:1c0000b9  PA:1c0000b9
17336727ns          293664 1c008d78 00140413 addi             x8, x8, 1            x8=1c0000ba  x8:1c0000b9
17336747ns          293665 1c008d7a fe0514e3 bne              x10, x0, -24        x10:0000006c
17336827ns          293669 1c008d62 02500793 addi             x15, x0, 37         x15=00000025
17336847ns          293670 1c008d66 04f50863 beq              x10, x15, 80        x10:0000006c x15:00000025
17336867ns          293671 1c008d6a 01a005b3 add              x11, x0, x26        x11=00000002 x26:00000002
17336886ns          293672 1c008d6c 000b00e7 jalr             x1, x22, 0           x1=1c008d6e x22:1c008c78
17336926ns          293674 1c008c78 000026b7 lui              x13, 0x2000         x13=00002000
17336946ns          293675 1c008c7a f14027f3 csrrs            x15, x0, 0xf14      x15=00000002
17336966ns          293676 1c008c7e f8068693 addi             x13, x13, -128      x13=00001f80 x13:00002000
17336986ns          293677 1c008c82 00379713 slli             x14, x15, 0x3       x14=00000010 x15:00000002
17337006ns          293678 1c008c86 00279793 slli             x15, x15, 0x2       x15=00000008 x15:00000002
17337026ns          293679 1c008c88 00d7f7b3 and              x15, x15, x13       x15=00000000 x15:00000008 x13:00001f80
17337046ns          293680 1c008c8a ee873733 p.bclr           x14, x14, 23, 8     x14=00000010 x14:00000010
17337065ns          293681 1c008c8e 1a10f6b7 lui              x13, 0x1a10f000     x13=1a10f000
17337085ns          293682 1c008c92 0ff57513 andi             x10, x10, 255       x10=0000006c x10:0000006c
17337105ns          293683 1c008c96 00d70733 add              x14, x14, x13       x14=1a10f010 x14:00000010 x13:1a10f000
17337125ns          293684 1c008c98 00a7e723 p.sw             x10, x0(x15)        x10:0000006c x15:00000000  PA:1a10f010
17337443ns          293700 1c008c9c 00000513 addi             x10, x0, 0          x10=00000000
17337463ns          293701 1c008c9e 00008067 jalr             x0, x1, 0            x1:1c008d6e
17337523ns          293704 1c008d6e 31f52563 p.beqimm         x10, 778            x10:00000000
17337543ns          293705 1c008d72 001d8d93 addi             x27, x27, 1         x27=00000006 x27:00000005
17337563ns          293706 1c008d74 00044503 lbu              x10, 0(x8)          x10=00000020  x8:1c0000ba  PA:1c0000ba
17337861ns          293721 1c008d78 00140413 addi             x8, x8, 1            x8=1c0000bb  x8:1c0000ba
17337881ns          293722 1c008d7a fe0514e3 bne              x10, x0, -24        x10:00000020
17337960ns          293726 1c008d62 02500793 addi             x15, x0, 37         x15=00000025
17337980ns          293727 1c008d66 04f50863 beq              x10, x15, 80        x10:00000020 x15:00000025
17338000ns          293728 1c008d6a 01a005b3 add              x11, x0, x26        x11=00000002 x26:00000002
17338020ns          293729 1c008d6c 000b00e7 jalr             x1, x22, 0           x1=1c008d6e x22:1c008c78
17338060ns          293731 1c008c78 000026b7 lui              x13, 0x2000         x13=00002000
17338080ns          293732 1c008c7a f14027f3 csrrs            x15, x0, 0xf14      x15=00000002
17338100ns          293733 1c008c7e f8068693 addi             x13, x13, -128      x13=00001f80 x13:00002000
17338120ns          293734 1c008c82 00379713 slli             x14, x15, 0x3       x14=00000010 x15:00000002
17338140ns          293735 1c008c86 00279793 slli             x15, x15, 0x2       x15=00000008 x15:00000002
17338159ns          293736 1c008c88 00d7f7b3 and              x15, x15, x13       x15=00000000 x15:00000008 x13:00001f80
17338179ns          293737 1c008c8a ee873733 p.bclr           x14, x14, 23, 8     x14=00000010 x14:00000010
17338199ns          293738 1c008c8e 1a10f6b7 lui              x13, 0x1a10f000     x13=1a10f000
17338219ns          293739 1c008c92 0ff57513 andi             x10, x10, 255       x10=00000020 x10:00000020
17338239ns          293740 1c008c96 00d70733 add              x14, x14, x13       x14=1a10f010 x14:00000010 x13:1a10f000
17338259ns          293741 1c008c98 00a7e723 p.sw             x10, x0(x15)        x10:00000020 x15:00000000  PA:1a10f010
17338597ns          293758 1c008c9c 00000513 addi             x10, x0, 0          x10=00000000
17338617ns          293759 1c008c9e 00008067 jalr             x0, x1, 0            x1:1c008d6e
17338677ns          293762 1c008d6e 31f52563 p.beqimm         x10, 778            x10:00000000
17338696ns          293763 1c008d72 001d8d93 addi             x27, x27, 1         x27=00000007 x27:00000006
17338716ns          293764 1c008d74 00044503 lbu              x10, 0(x8)          x10=00000070  x8:1c0000bb  PA:1c0000bb
17339015ns          293779 1c008d78 00140413 addi             x8, x8, 1            x8=1c0000bc  x8:1c0000bb
17339035ns          293780 1c008d7a fe0514e3 bne              x10, x0, -24        x10:00000070
17339114ns          293784 1c008d62 02500793 addi             x15, x0, 37         x15=00000025
17339134ns          293785 1c008d66 04f50863 beq              x10, x15, 80        x10:00000070 x15:00000025
17339154ns          293786 1c008d6a 01a005b3 add              x11, x0, x26        x11=00000002 x26:00000002
17339174ns          293787 1c008d6c 000b00e7 jalr             x1, x22, 0           x1=1c008d6e x22:1c008c78
17339214ns          293789 1c008c78 000026b7 lui              x13, 0x2000         x13=00002000
17339234ns          293790 1c008c7a f14027f3 csrrs            x15, x0, 0xf14      x15=00000002
17339253ns          293791 1c008c7e f8068693 addi             x13, x13, -128      x13=00001f80 x13:00002000
17339273ns          293792 1c008c82 00379713 slli             x14, x15, 0x3       x14=00000010 x15:00000002
17339293ns          293793 1c008c86 00279793 slli             x15, x15, 0x2       x15=00000008 x15:00000002
17339313ns          293794 1c008c88 00d7f7b3 and              x15, x15, x13       x15=00000000 x15:00000008 x13:00001f80
17339333ns          293795 1c008c8a ee873733 p.bclr           x14, x14, 23, 8     x14=00000010 x14:00000010
17339353ns          293796 1c008c8e 1a10f6b7 lui              x13, 0x1a10f000     x13=1a10f000
17339373ns          293797 1c008c92 0ff57513 andi             x10, x10, 255       x10=00000070 x10:00000070
17339393ns          293798 1c008c96 00d70733 add              x14, x14, x13       x14=1a10f010 x14:00000010 x13:1a10f000
17339413ns          293799 1c008c98 00a7e723 p.sw             x10, x0(x15)        x10:00000070 x15:00000000  PA:1a10f010
17339731ns          293815 1c008c9c 00000513 addi             x10, x0, 0          x10=00000000
17339751ns          293816 1c008c9e 00008067 jalr             x0, x1, 0            x1:1c008d6e
17339810ns          293819 1c008d6e 31f52563 p.beqimm         x10, 778            x10:00000000
17339830ns          293820 1c008d72 001d8d93 addi             x27, x27, 1         x27=00000008 x27:00000007
17339850ns          293821 1c008d74 00044503 lbu              x10, 0(x8)          x10=00000061  x8:1c0000bc  PA:1c0000bc
17340148ns          293836 1c008d78 00140413 addi             x8, x8, 1            x8=1c0000bd  x8:1c0000bc
17340168ns          293837 1c008d7a fe0514e3 bne              x10, x0, -24        x10:00000061
17340248ns          293841 1c008d62 02500793 addi             x15, x0, 37         x15=00000025
17340268ns          293842 1c008d66 04f50863 beq              x10, x15, 80        x10:00000061 x15:00000025
17340288ns          293843 1c008d6a 01a005b3 add              x11, x0, x26        x11=00000002 x26:00000002
17340308ns          293844 1c008d6c 000b00e7 jalr             x1, x22, 0           x1=1c008d6e x22:1c008c78
17340347ns          293846 1c008c78 000026b7 lui              x13, 0x2000         x13=00002000
17340367ns          293847 1c008c7a f14027f3 csrrs            x15, x0, 0xf14      x15=00000002
17340387ns          293848 1c008c7e f8068693 addi             x13, x13, -128      x13=00001f80 x13:00002000
17340407ns          293849 1c008c82 00379713 slli             x14, x15, 0x3       x14=00000010 x15:00000002
17340427ns          293850 1c008c86 00279793 slli             x15, x15, 0x2       x15=00000008 x15:00000002
17340447ns          293851 1c008c88 00d7f7b3 and              x15, x15, x13       x15=00000000 x15:00000008 x13:00001f80
17340467ns          293852 1c008c8a ee873733 p.bclr           x14, x14, 23, 8     x14=00000010 x14:00000010
17340487ns          293853 1c008c8e 1a10f6b7 lui              x13, 0x1a10f000     x13=1a10f000
17340507ns          293854 1c008c92 0ff57513 andi             x10, x10, 255       x10=00000061 x10:00000061
17340526ns          293855 1c008c96 00d70733 add              x14, x14, x13       x14=1a10f010 x14:00000010 x13:1a10f000
17340546ns          293856 1c008c98 00a7e723 p.sw             x10, x0(x15)        x10:00000061 x15:00000000  PA:1a10f010
17340884ns          293873 1c008c9c 00000513 addi             x10, x0, 0          x10=00000000
17340904ns          293874 1c008c9e 00008067 jalr             x0, x1, 0            x1:1c008d6e
17340964ns          293877 1c008d6e 31f52563 p.beqimm         x10, 778            x10:00000000
17340984ns          293878 1c008d72 001d8d93 addi             x27, x27, 1         x27=00000009 x27:00000008
17341004ns          293879 1c008d74 00044503 lbu              x10, 0(x8)          x10=00000073  x8:1c0000bd  PA:1c0000bd
17341302ns          293894 1c008d78 00140413 addi             x8, x8, 1            x8=1c0000be  x8:1c0000bd
17341322ns          293895 1c008d7a fe0514e3 bne              x10, x0, -24        x10:00000073
17341402ns          293899 1c008d62 02500793 addi             x15, x0, 37         x15=00000025
17341421ns          293900 1c008d66 04f50863 beq              x10, x15, 80        x10:00000073 x15:00000025
17341441ns          293901 1c008d6a 01a005b3 add              x11, x0, x26        x11=00000002 x26:00000002
17341461ns          293902 1c008d6c 000b00e7 jalr             x1, x22, 0           x1=1c008d6e x22:1c008c78
17341501ns          293904 1c008c78 000026b7 lui              x13, 0x2000         x13=00002000
17341521ns          293905 1c008c7a f14027f3 csrrs            x15, x0, 0xf14      x15=00000002
17341541ns          293906 1c008c7e f8068693 addi             x13, x13, -128      x13=00001f80 x13:00002000
17341561ns          293907 1c008c82 00379713 slli             x14, x15, 0x3       x14=00000010 x15:00000002
17341581ns          293908 1c008c86 00279793 slli             x15, x15, 0x2       x15=00000008 x15:00000002
17341601ns          293909 1c008c88 00d7f7b3 and              x15, x15, x13       x15=00000000 x15:00000008 x13:00001f80
17341620ns          293910 1c008c8a ee873733 p.bclr           x14, x14, 23, 8     x14=00000010 x14:00000010
17341640ns          293911 1c008c8e 1a10f6b7 lui              x13, 0x1a10f000     x13=1a10f000
17341660ns          293912 1c008c92 0ff57513 andi             x10, x10, 255       x10=00000073 x10:00000073
17341680ns          293913 1c008c96 00d70733 add              x14, x14, x13       x14=1a10f010 x14:00000010 x13:1a10f000
17341700ns          293914 1c008c98 00a7e723 p.sw             x10, x0(x15)        x10:00000073 x15:00000000  PA:1a10f010
17342018ns          293930 1c008c9c 00000513 addi             x10, x0, 0          x10=00000000
17342038ns          293931 1c008c9e 00008067 jalr             x0, x1, 0            x1:1c008d6e
17342098ns          293934 1c008d6e 31f52563 p.beqimm         x10, 778            x10:00000000
17342118ns          293935 1c008d72 001d8d93 addi             x27, x27, 1         x27=0000000a x27:00000009
17342138ns          293936 1c008d74 00044503 lbu              x10, 0(x8)          x10=00000073  x8:1c0000be  PA:1c0000be
17342496ns          293954 1c008d78 00140413 addi             x8, x8, 1            x8=1c0000bf  x8:1c0000be
17342515ns          293955 1c008d7a fe0514e3 bne              x10, x0, -24        x10:00000073
17342595ns          293959 1c008d62 02500793 addi             x15, x0, 37         x15=00000025
17342615ns          293960 1c008d66 04f50863 beq              x10, x15, 80        x10:00000073 x15:00000025
17342635ns          293961 1c008d6a 01a005b3 add              x11, x0, x26        x11=00000002 x26:00000002
17342655ns          293962 1c008d6c 000b00e7 jalr             x1, x22, 0           x1=1c008d6e x22:1c008c78
17342694ns          293964 1c008c78 000026b7 lui              x13, 0x2000         x13=00002000
17342714ns          293965 1c008c7a f14027f3 csrrs            x15, x0, 0xf14      x15=00000002
17342734ns          293966 1c008c7e f8068693 addi             x13, x13, -128      x13=00001f80 x13:00002000
17342754ns          293967 1c008c82 00379713 slli             x14, x15, 0x3       x14=00000010 x15:00000002
17342774ns          293968 1c008c86 00279793 slli             x15, x15, 0x2       x15=00000008 x15:00000002
17342794ns          293969 1c008c88 00d7f7b3 and              x15, x15, x13       x15=00000000 x15:00000008 x13:00001f80
17342814ns          293970 1c008c8a ee873733 p.bclr           x14, x14, 23, 8     x14=00000010 x14:00000010
17342834ns          293971 1c008c8e 1a10f6b7 lui              x13, 0x1a10f000     x13=1a10f000
17342854ns          293972 1c008c92 0ff57513 andi             x10, x10, 255       x10=00000073 x10:00000073
17342874ns          293973 1c008c96 00d70733 add              x14, x14, x13       x14=1a10f010 x14:00000010 x13:1a10f000
17342893ns          293974 1c008c98 00a7e723 p.sw             x10, x0(x15)        x10:00000073 x15:00000000  PA:1a10f010
17343271ns          293993 1c008c9c 00000513 addi             x10, x0, 0          x10=00000000
17343291ns          293994 1c008c9e 00008067 jalr             x0, x1, 0            x1:1c008d6e
17343351ns          293997 1c008d6e 31f52563 p.beqimm         x10, 778            x10:00000000
17343371ns          293998 1c008d72 001d8d93 addi             x27, x27, 1         x27=0000000b x27:0000000a
17343391ns          293999 1c008d74 00044503 lbu              x10, 0(x8)          x10=00000065  x8:1c0000bf  PA:1c0000bf
17343689ns          294014 1c008d78 00140413 addi             x8, x8, 1            x8=1c0000c0  x8:1c0000bf
17343709ns          294015 1c008d7a fe0514e3 bne              x10, x0, -24        x10:00000065
17343788ns          294019 1c008d62 02500793 addi             x15, x0, 37         x15=00000025
17343808ns          294020 1c008d66 04f50863 beq              x10, x15, 80        x10:00000065 x15:00000025
17343828ns          294021 1c008d6a 01a005b3 add              x11, x0, x26        x11=00000002 x26:00000002
17343848ns          294022 1c008d6c 000b00e7 jalr             x1, x22, 0           x1=1c008d6e x22:1c008c78
17343888ns          294024 1c008c78 000026b7 lui              x13, 0x2000         x13=00002000
17343908ns          294025 1c008c7a f14027f3 csrrs            x15, x0, 0xf14      x15=00000002
17343928ns          294026 1c008c7e f8068693 addi             x13, x13, -128      x13=00001f80 x13:00002000
17343948ns          294027 1c008c82 00379713 slli             x14, x15, 0x3       x14=00000010 x15:00000002
17343968ns          294028 1c008c86 00279793 slli             x15, x15, 0x2       x15=00000008 x15:00000002
17343987ns          294029 1c008c88 00d7f7b3 and              x15, x15, x13       x15=00000000 x15:00000008 x13:00001f80
17344007ns          294030 1c008c8a ee873733 p.bclr           x14, x14, 23, 8     x14=00000010 x14:00000010
17344027ns          294031 1c008c8e 1a10f6b7 lui              x13, 0x1a10f000     x13=1a10f000
17344047ns          294032 1c008c92 0ff57513 andi             x10, x10, 255       x10=00000065 x10:00000065
17344067ns          294033 1c008c96 00d70733 add              x14, x14, x13       x14=1a10f010 x14:00000010 x13:1a10f000
17344087ns          294034 1c008c98 00a7e723 p.sw             x10, x0(x15)        x10:00000065 x15:00000000  PA:1a10f010
17344425ns          294051 1c008c9c 00000513 addi             x10, x0, 0          x10=00000000
17344445ns          294052 1c008c9e 00008067 jalr             x0, x1, 0            x1:1c008d6e
17344505ns          294055 1c008d6e 31f52563 p.beqimm         x10, 778            x10:00000000
17344524ns          294056 1c008d72 001d8d93 addi             x27, x27, 1         x27=0000000c x27:0000000b
17344544ns          294057 1c008d74 00044503 lbu              x10, 0(x8)          x10=00000064  x8:1c0000c0  PA:1c0000c0
17344843ns          294072 1c008d78 00140413 addi             x8, x8, 1            x8=1c0000c1  x8:1c0000c0
17344863ns          294073 1c008d7a fe0514e3 bne              x10, x0, -24        x10:00000064
17344942ns          294077 1c008d62 02500793 addi             x15, x0, 37         x15=00000025
17344962ns          294078 1c008d66 04f50863 beq              x10, x15, 80        x10:00000064 x15:00000025
17344982ns          294079 1c008d6a 01a005b3 add              x11, x0, x26        x11=00000002 x26:00000002
17345002ns          294080 1c008d6c 000b00e7 jalr             x1, x22, 0           x1=1c008d6e x22:1c008c78
17345042ns          294082 1c008c78 000026b7 lui              x13, 0x2000         x13=00002000
17345061ns          294083 1c008c7a f14027f3 csrrs            x15, x0, 0xf14      x15=00000002
17345081ns          294084 1c008c7e f8068693 addi             x13, x13, -128      x13=00001f80 x13:00002000
17345101ns          294085 1c008c82 00379713 slli             x14, x15, 0x3       x14=00000010 x15:00000002
17345121ns          294086 1c008c86 00279793 slli             x15, x15, 0x2       x15=00000008 x15:00000002
17345141ns          294087 1c008c88 00d7f7b3 and              x15, x15, x13       x15=00000000 x15:00000008 x13:00001f80
17345161ns          294088 1c008c8a ee873733 p.bclr           x14, x14, 23, 8     x14=00000010 x14:00000010
17345181ns          294089 1c008c8e 1a10f6b7 lui              x13, 0x1a10f000     x13=1a10f000
17345201ns          294090 1c008c92 0ff57513 andi             x10, x10, 255       x10=00000064 x10:00000064
17345221ns          294091 1c008c96 00d70733 add              x14, x14, x13       x14=1a10f010 x14:00000010 x13:1a10f000
17345241ns          294092 1c008c98 00a7e723 p.sw             x10, x0(x15)        x10:00000064 x15:00000000  PA:1a10f010
17345559ns          294108 1c008c9c 00000513 addi             x10, x0, 0          x10=00000000
17345579ns          294109 1c008c9e 00008067 jalr             x0, x1, 0            x1:1c008d6e
17345638ns          294112 1c008d6e 31f52563 p.beqimm         x10, 778            x10:00000000
17345658ns          294113 1c008d72 001d8d93 addi             x27, x27, 1         x27=0000000d x27:0000000c
17345678ns          294114 1c008d74 00044503 lbu              x10, 0(x8)          x10=00000020  x8:1c0000c1  PA:1c0000c1
17345976ns          294129 1c008d78 00140413 addi             x8, x8, 1            x8=1c0000c2  x8:1c0000c1
17345996ns          294130 1c008d7a fe0514e3 bne              x10, x0, -24        x10:00000020
17346076ns          294134 1c008d62 02500793 addi             x15, x0, 37         x15=00000025
17346096ns          294135 1c008d66 04f50863 beq              x10, x15, 80        x10:00000020 x15:00000025
17346116ns          294136 1c008d6a 01a005b3 add              x11, x0, x26        x11=00000002 x26:00000002
17346136ns          294137 1c008d6c 000b00e7 jalr             x1, x22, 0           x1=1c008d6e x22:1c008c78
17346175ns          294139 1c008c78 000026b7 lui              x13, 0x2000         x13=00002000
17346195ns          294140 1c008c7a f14027f3 csrrs            x15, x0, 0xf14      x15=00000002
17346215ns          294141 1c008c7e f8068693 addi             x13, x13, -128      x13=00001f80 x13:00002000
17346235ns          294142 1c008c82 00379713 slli             x14, x15, 0x3       x14=00000010 x15:00000002
17346255ns          294143 1c008c86 00279793 slli             x15, x15, 0x2       x15=00000008 x15:00000002
17346275ns          294144 1c008c88 00d7f7b3 and              x15, x15, x13       x15=00000000 x15:00000008 x13:00001f80
17346295ns          294145 1c008c8a ee873733 p.bclr           x14, x14, 23, 8     x14=00000010 x14:00000010
17346315ns          294146 1c008c8e 1a10f6b7 lui              x13, 0x1a10f000     x13=1a10f000
17346335ns          294147 1c008c92 0ff57513 andi             x10, x10, 255       x10=00000020 x10:00000020
17346354ns          294148 1c008c96 00d70733 add              x14, x14, x13       x14=1a10f010 x14:00000010 x13:1a10f000
17346374ns          294149 1c008c98 00a7e723 p.sw             x10, x0(x15)        x10:00000020 x15:00000000  PA:1a10f010
17346752ns          294168 1c008c9c 00000513 addi             x10, x0, 0          x10=00000000
17346772ns          294169 1c008c9e 00008067 jalr             x0, x1, 0            x1:1c008d6e
17346832ns          294172 1c008d6e 31f52563 p.beqimm         x10, 778            x10:00000000
17346852ns          294173 1c008d72 001d8d93 addi             x27, x27, 1         x27=0000000e x27:0000000d
17346872ns          294174 1c008d74 00044503 lbu              x10, 0(x8)          x10=0000006f  x8:1c0000c2  PA:1c0000c2
17347170ns          294189 1c008d78 00140413 addi             x8, x8, 1            x8=1c0000c3  x8:1c0000c2
17347190ns          294190 1c008d7a fe0514e3 bne              x10, x0, -24        x10:0000006f
17347269ns          294194 1c008d62 02500793 addi             x15, x0, 37         x15=00000025
17347289ns          294195 1c008d66 04f50863 beq              x10, x15, 80        x10:0000006f x15:00000025
17347309ns          294196 1c008d6a 01a005b3 add              x11, x0, x26        x11=00000002 x26:00000002
17347329ns          294197 1c008d6c 000b00e7 jalr             x1, x22, 0           x1=1c008d6e x22:1c008c78
17347369ns          294199 1c008c78 000026b7 lui              x13, 0x2000         x13=00002000
17347389ns          294200 1c008c7a f14027f3 csrrs            x15, x0, 0xf14      x15=00000002
17347409ns          294201 1c008c7e f8068693 addi             x13, x13, -128      x13=00001f80 x13:00002000
17347428ns          294202 1c008c82 00379713 slli             x14, x15, 0x3       x14=00000010 x15:00000002
17347448ns          294203 1c008c86 00279793 slli             x15, x15, 0x2       x15=00000008 x15:00000002
17347468ns          294204 1c008c88 00d7f7b3 and              x15, x15, x13       x15=00000000 x15:00000008 x13:00001f80
17347488ns          294205 1c008c8a ee873733 p.bclr           x14, x14, 23, 8     x14=00000010 x14:00000010
17347508ns          294206 1c008c8e 1a10f6b7 lui              x13, 0x1a10f000     x13=1a10f000
17347528ns          294207 1c008c92 0ff57513 andi             x10, x10, 255       x10=0000006f x10:0000006f
17347548ns          294208 1c008c96 00d70733 add              x14, x14, x13       x14=1a10f010 x14:00000010 x13:1a10f000
17347568ns          294209 1c008c98 00a7e723 p.sw             x10, x0(x15)        x10:0000006f x15:00000000  PA:1a10f010
17347886ns          294225 1c008c9c 00000513 addi             x10, x0, 0          x10=00000000
17347906ns          294226 1c008c9e 00008067 jalr             x0, x1, 0            x1:1c008d6e
17347966ns          294229 1c008d6e 31f52563 p.beqimm         x10, 778            x10:00000000
17347985ns          294230 1c008d72 001d8d93 addi             x27, x27, 1         x27=0000000f x27:0000000e
17348005ns          294231 1c008d74 00044503 lbu              x10, 0(x8)          x10=0000006e  x8:1c0000c3  PA:1c0000c3
17348304ns          294246 1c008d78 00140413 addi             x8, x8, 1            x8=1c0000c4  x8:1c0000c3
17348324ns          294247 1c008d7a fe0514e3 bne              x10, x0, -24        x10:0000006e
17348403ns          294251 1c008d62 02500793 addi             x15, x0, 37         x15=00000025
17348423ns          294252 1c008d66 04f50863 beq              x10, x15, 80        x10:0000006e x15:00000025
17348443ns          294253 1c008d6a 01a005b3 add              x11, x0, x26        x11=00000002 x26:00000002
17348463ns          294254 1c008d6c 000b00e7 jalr             x1, x22, 0           x1=1c008d6e x22:1c008c78
17348503ns          294256 1c008c78 000026b7 lui              x13, 0x2000         x13=00002000
17348522ns          294257 1c008c7a f14027f3 csrrs            x15, x0, 0xf14      x15=00000002
17348542ns          294258 1c008c7e f8068693 addi             x13, x13, -128      x13=00001f80 x13:00002000
17348562ns          294259 1c008c82 00379713 slli             x14, x15, 0x3       x14=00000010 x15:00000002
17348582ns          294260 1c008c86 00279793 slli             x15, x15, 0x2       x15=00000008 x15:00000002
17348602ns          294261 1c008c88 00d7f7b3 and              x15, x15, x13       x15=00000000 x15:00000008 x13:00001f80
17348622ns          294262 1c008c8a ee873733 p.bclr           x14, x14, 23, 8     x14=00000010 x14:00000010
17348642ns          294263 1c008c8e 1a10f6b7 lui              x13, 0x1a10f000     x13=1a10f000
17348662ns          294264 1c008c92 0ff57513 andi             x10, x10, 255       x10=0000006e x10:0000006e
17348682ns          294265 1c008c96 00d70733 add              x14, x14, x13       x14=1a10f010 x14:00000010 x13:1a10f000
17348702ns          294266 1c008c98 00a7e723 p.sw             x10, x0(x15)        x10:0000006e x15:00000000  PA:1a10f010
17349020ns          294282 1c008c9c 00000513 addi             x10, x0, 0          x10=00000000
17349040ns          294283 1c008c9e 00008067 jalr             x0, x1, 0            x1:1c008d6e
17349099ns          294286 1c008d6e 31f52563 p.beqimm         x10, 778            x10:00000000
17349119ns          294287 1c008d72 001d8d93 addi             x27, x27, 1         x27=00000010 x27:0000000f
17349139ns          294288 1c008d74 00044503 lbu              x10, 0(x8)          x10=00000020  x8:1c0000c4  PA:1c0000c4
17349437ns          294303 1c008d78 00140413 addi             x8, x8, 1            x8=1c0000c5  x8:1c0000c4
17349457ns          294304 1c008d7a fe0514e3 bne              x10, x0, -24        x10:00000020
17349537ns          294308 1c008d62 02500793 addi             x15, x0, 37         x15=00000025
17349557ns          294309 1c008d66 04f50863 beq              x10, x15, 80        x10:00000020 x15:00000025
17349577ns          294310 1c008d6a 01a005b3 add              x11, x0, x26        x11=00000002 x26:00000002
17349597ns          294311 1c008d6c 000b00e7 jalr             x1, x22, 0           x1=1c008d6e x22:1c008c78
17349636ns          294313 1c008c78 000026b7 lui              x13, 0x2000         x13=00002000
17349656ns          294314 1c008c7a f14027f3 csrrs            x15, x0, 0xf14      x15=00000002
17349676ns          294315 1c008c7e f8068693 addi             x13, x13, -128      x13=00001f80 x13:00002000
17349696ns          294316 1c008c82 00379713 slli             x14, x15, 0x3       x14=00000010 x15:00000002
17349716ns          294317 1c008c86 00279793 slli             x15, x15, 0x2       x15=00000008 x15:00000002
17349736ns          294318 1c008c88 00d7f7b3 and              x15, x15, x13       x15=00000000 x15:00000008 x13:00001f80
17349756ns          294319 1c008c8a ee873733 p.bclr           x14, x14, 23, 8     x14=00000010 x14:00000010
17349776ns          294320 1c008c8e 1a10f6b7 lui              x13, 0x1a10f000     x13=1a10f000
17349795ns          294321 1c008c92 0ff57513 andi             x10, x10, 255       x10=00000020 x10:00000020
17349815ns          294322 1c008c96 00d70733 add              x14, x14, x13       x14=1a10f010 x14:00000010 x13:1a10f000
17349835ns          294323 1c008c98 00a7e723 p.sw             x10, x0(x15)        x10:00000020 x15:00000000  PA:1a10f010
17350154ns          294339 1c008c9c 00000513 addi             x10, x0, 0          x10=00000000
17350173ns          294340 1c008c9e 00008067 jalr             x0, x1, 0            x1:1c008d6e
17350233ns          294343 1c008d6e 31f52563 p.beqimm         x10, 778            x10:00000000
17350253ns          294344 1c008d72 001d8d93 addi             x27, x27, 1         x27=00000011 x27:00000010
17350273ns          294345 1c008d74 00044503 lbu              x10, 0(x8)          x10=00000063  x8:1c0000c5  PA:1c0000c5
17350591ns          294361 1c008d78 00140413 addi             x8, x8, 1            x8=1c0000c6  x8:1c0000c5
17350611ns          294362 1c008d7a fe0514e3 bne              x10, x0, -24        x10:00000063
17350691ns          294366 1c008d62 02500793 addi             x15, x0, 37         x15=00000025
17350710ns          294367 1c008d66 04f50863 beq              x10, x15, 80        x10:00000063 x15:00000025
17350730ns          294368 1c008d6a 01a005b3 add              x11, x0, x26        x11=00000002 x26:00000002
17350750ns          294369 1c008d6c 000b00e7 jalr             x1, x22, 0           x1=1c008d6e x22:1c008c78
17350790ns          294371 1c008c78 000026b7 lui              x13, 0x2000         x13=00002000
17350810ns          294372 1c008c7a f14027f3 csrrs            x15, x0, 0xf14      x15=00000002
17350830ns          294373 1c008c7e f8068693 addi             x13, x13, -128      x13=00001f80 x13:00002000
17350850ns          294374 1c008c82 00379713 slli             x14, x15, 0x3       x14=00000010 x15:00000002
17350870ns          294375 1c008c86 00279793 slli             x15, x15, 0x2       x15=00000008 x15:00000002
17350889ns          294376 1c008c88 00d7f7b3 and              x15, x15, x13       x15=00000000 x15:00000008 x13:00001f80
17350909ns          294377 1c008c8a ee873733 p.bclr           x14, x14, 23, 8     x14=00000010 x14:00000010
17350929ns          294378 1c008c8e 1a10f6b7 lui              x13, 0x1a10f000     x13=1a10f000
17350949ns          294379 1c008c92 0ff57513 andi             x10, x10, 255       x10=00000063 x10:00000063
17350969ns          294380 1c008c96 00d70733 add              x14, x14, x13       x14=1a10f010 x14:00000010 x13:1a10f000
17350989ns          294381 1c008c98 00a7e723 p.sw             x10, x0(x15)        x10:00000063 x15:00000000  PA:1a10f010
17351307ns          294397 1c008c9c 00000513 addi             x10, x0, 0          x10=00000000
17351327ns          294398 1c008c9e 00008067 jalr             x0, x1, 0            x1:1c008d6e
17351387ns          294401 1c008d6e 31f52563 p.beqimm         x10, 778            x10:00000000
17351407ns          294402 1c008d72 001d8d93 addi             x27, x27, 1         x27=00000012 x27:00000011
17351427ns          294403 1c008d74 00044503 lbu              x10, 0(x8)          x10=0000006f  x8:1c0000c6  PA:1c0000c6
17351725ns          294418 1c008d78 00140413 addi             x8, x8, 1            x8=1c0000c7  x8:1c0000c6
17351745ns          294419 1c008d7a fe0514e3 bne              x10, x0, -24        x10:0000006f
17351824ns          294423 1c008d62 02500793 addi             x15, x0, 37         x15=00000025
17351844ns          294424 1c008d66 04f50863 beq              x10, x15, 80        x10:0000006f x15:00000025
17351864ns          294425 1c008d6a 01a005b3 add              x11, x0, x26        x11=00000002 x26:00000002
17351884ns          294426 1c008d6c 000b00e7 jalr             x1, x22, 0           x1=1c008d6e x22:1c008c78
17351924ns          294428 1c008c78 000026b7 lui              x13, 0x2000         x13=00002000
17351944ns          294429 1c008c7a f14027f3 csrrs            x15, x0, 0xf14      x15=00000002
17351964ns          294430 1c008c7e f8068693 addi             x13, x13, -128      x13=00001f80 x13:00002000
17351983ns          294431 1c008c82 00379713 slli             x14, x15, 0x3       x14=00000010 x15:00000002
17352003ns          294432 1c008c86 00279793 slli             x15, x15, 0x2       x15=00000008 x15:00000002
17352023ns          294433 1c008c88 00d7f7b3 and              x15, x15, x13       x15=00000000 x15:00000008 x13:00001f80
17352043ns          294434 1c008c8a ee873733 p.bclr           x14, x14, 23, 8     x14=00000010 x14:00000010
17352063ns          294435 1c008c8e 1a10f6b7 lui              x13, 0x1a10f000     x13=1a10f000
17352083ns          294436 1c008c92 0ff57513 andi             x10, x10, 255       x10=0000006f x10:0000006f
17352103ns          294437 1c008c96 00d70733 add              x14, x14, x13       x14=1a10f010 x14:00000010 x13:1a10f000
17352123ns          294438 1c008c98 00a7e723 p.sw             x10, x0(x15)        x10:0000006f x15:00000000  PA:1a10f010
17352461ns          294455 1c008c9c 00000513 addi             x10, x0, 0          x10=00000000
17352481ns          294456 1c008c9e 00008067 jalr             x0, x1, 0            x1:1c008d6e
17352540ns          294459 1c008d6e 31f52563 p.beqimm         x10, 778            x10:00000000
17352560ns          294460 1c008d72 001d8d93 addi             x27, x27, 1         x27=00000013 x27:00000012
17352580ns          294461 1c008d74 00044503 lbu              x10, 0(x8)          x10=00000072  x8:1c0000c7  PA:1c0000c7
17352879ns          294476 1c008d78 00140413 addi             x8, x8, 1            x8=1c0000c8  x8:1c0000c7
17352898ns          294477 1c008d7a fe0514e3 bne              x10, x0, -24        x10:00000072
17352978ns          294481 1c008d62 02500793 addi             x15, x0, 37         x15=00000025
17352998ns          294482 1c008d66 04f50863 beq              x10, x15, 80        x10:00000072 x15:00000025
17353018ns          294483 1c008d6a 01a005b3 add              x11, x0, x26        x11=00000002 x26:00000002
17353038ns          294484 1c008d6c 000b00e7 jalr             x1, x22, 0           x1=1c008d6e x22:1c008c78
17353077ns          294486 1c008c78 000026b7 lui              x13, 0x2000         x13=00002000
17353097ns          294487 1c008c7a f14027f3 csrrs            x15, x0, 0xf14      x15=00000002
17353117ns          294488 1c008c7e f8068693 addi             x13, x13, -128      x13=00001f80 x13:00002000
17353137ns          294489 1c008c82 00379713 slli             x14, x15, 0x3       x14=00000010 x15:00000002
17353157ns          294490 1c008c86 00279793 slli             x15, x15, 0x2       x15=00000008 x15:00000002
17353177ns          294491 1c008c88 00d7f7b3 and              x15, x15, x13       x15=00000000 x15:00000008 x13:00001f80
17353197ns          294492 1c008c8a ee873733 p.bclr           x14, x14, 23, 8     x14=00000010 x14:00000010
17353217ns          294493 1c008c8e 1a10f6b7 lui              x13, 0x1a10f000     x13=1a10f000
17353237ns          294494 1c008c92 0ff57513 andi             x10, x10, 255       x10=00000072 x10:00000072
17353256ns          294495 1c008c96 00d70733 add              x14, x14, x13       x14=1a10f010 x14:00000010 x13:1a10f000
17353276ns          294496 1c008c98 00a7e723 p.sw             x10, x0(x15)        x10:00000072 x15:00000000  PA:1a10f010
17353595ns          294512 1c008c9c 00000513 addi             x10, x0, 0          x10=00000000
17353615ns          294513 1c008c9e 00008067 jalr             x0, x1, 0            x1:1c008d6e
17353674ns          294516 1c008d6e 31f52563 p.beqimm         x10, 778            x10:00000000
17353694ns          294517 1c008d72 001d8d93 addi             x27, x27, 1         x27=00000014 x27:00000013
17353714ns          294518 1c008d74 00044503 lbu              x10, 0(x8)          x10=00000065  x8:1c0000c8  PA:1c0000c8
17354032ns          294534 1c008d78 00140413 addi             x8, x8, 1            x8=1c0000c9  x8:1c0000c8
17354052ns          294535 1c008d7a fe0514e3 bne              x10, x0, -24        x10:00000065
17354132ns          294539 1c008d62 02500793 addi             x15, x0, 37         x15=00000025
17354152ns          294540 1c008d66 04f50863 beq              x10, x15, 80        x10:00000065 x15:00000025
17354171ns          294541 1c008d6a 01a005b3 add              x11, x0, x26        x11=00000002 x26:00000002
17354191ns          294542 1c008d6c 000b00e7 jalr             x1, x22, 0           x1=1c008d6e x22:1c008c78
17354231ns          294544 1c008c78 000026b7 lui              x13, 0x2000         x13=00002000
17354251ns          294545 1c008c7a f14027f3 csrrs            x15, x0, 0xf14      x15=00000002
17354271ns          294546 1c008c7e f8068693 addi             x13, x13, -128      x13=00001f80 x13:00002000
17354291ns          294547 1c008c82 00379713 slli             x14, x15, 0x3       x14=00000010 x15:00000002
17354311ns          294548 1c008c86 00279793 slli             x15, x15, 0x2       x15=00000008 x15:00000002
17354331ns          294549 1c008c88 00d7f7b3 and              x15, x15, x13       x15=00000000 x15:00000008 x13:00001f80
17354350ns          294550 1c008c8a ee873733 p.bclr           x14, x14, 23, 8     x14=00000010 x14:00000010
17354370ns          294551 1c008c8e 1a10f6b7 lui              x13, 0x1a10f000     x13=1a10f000
17354390ns          294552 1c008c92 0ff57513 andi             x10, x10, 255       x10=00000065 x10:00000065
17354410ns          294553 1c008c96 00d70733 add              x14, x14, x13       x14=1a10f010 x14:00000010 x13:1a10f000
17354430ns          294554 1c008c98 00a7e723 p.sw             x10, x0(x15)        x10:00000065 x15:00000000  PA:1a10f010
17354748ns          294570 1c008c9c 00000513 addi             x10, x0, 0          x10=00000000
17354768ns          294571 1c008c9e 00008067 jalr             x0, x1, 0            x1:1c008d6e
17354828ns          294574 1c008d6e 31f52563 p.beqimm         x10, 778            x10:00000000
17354848ns          294575 1c008d72 001d8d93 addi             x27, x27, 1         x27=00000015 x27:00000014
17354868ns          294576 1c008d74 00044503 lbu              x10, 0(x8)          x10=00000020  x8:1c0000c9  PA:1c0000c9
17355166ns          294591 1c008d78 00140413 addi             x8, x8, 1            x8=1c0000ca  x8:1c0000c9
17355186ns          294592 1c008d7a fe0514e3 bne              x10, x0, -24        x10:00000020
17355265ns          294596 1c008d62 02500793 addi             x15, x0, 37         x15=00000025
17355285ns          294597 1c008d66 04f50863 beq              x10, x15, 80        x10:00000020 x15:00000025
17355305ns          294598 1c008d6a 01a005b3 add              x11, x0, x26        x11=00000002 x26:00000002
17355325ns          294599 1c008d6c 000b00e7 jalr             x1, x22, 0           x1=1c008d6e x22:1c008c78
17355365ns          294601 1c008c78 000026b7 lui              x13, 0x2000         x13=00002000
17355385ns          294602 1c008c7a f14027f3 csrrs            x15, x0, 0xf14      x15=00000002
17355405ns          294603 1c008c7e f8068693 addi             x13, x13, -128      x13=00001f80 x13:00002000
17355425ns          294604 1c008c82 00379713 slli             x14, x15, 0x3       x14=00000010 x15:00000002
17355444ns          294605 1c008c86 00279793 slli             x15, x15, 0x2       x15=00000008 x15:00000002
17355464ns          294606 1c008c88 00d7f7b3 and              x15, x15, x13       x15=00000000 x15:00000008 x13:00001f80
17355484ns          294607 1c008c8a ee873733 p.bclr           x14, x14, 23, 8     x14=00000010 x14:00000010
17355504ns          294608 1c008c8e 1a10f6b7 lui              x13, 0x1a10f000     x13=1a10f000
17355524ns          294609 1c008c92 0ff57513 andi             x10, x10, 255       x10=00000020 x10:00000020
17355544ns          294610 1c008c96 00d70733 add              x14, x14, x13       x14=1a10f010 x14:00000010 x13:1a10f000
17355564ns          294611 1c008c98 00a7e723 p.sw             x10, x0(x15)        x10:00000020 x15:00000000  PA:1a10f010
17355882ns          294627 1c008c9c 00000513 addi             x10, x0, 0          x10=00000000
17355902ns          294628 1c008c9e 00008067 jalr             x0, x1, 0            x1:1c008d6e
17355962ns          294631 1c008d6e 31f52563 p.beqimm         x10, 778            x10:00000000
17355982ns          294632 1c008d72 001d8d93 addi             x27, x27, 1         x27=00000016 x27:00000015
17356001ns          294633 1c008d74 00044503 lbu              x10, 0(x8)          x10=00000020  x8:1c0000ca  PA:1c0000ca
17356300ns          294648 1c008d78 00140413 addi             x8, x8, 1            x8=1c0000cb  x8:1c0000ca
17356320ns          294649 1c008d7a fe0514e3 bne              x10, x0, -24        x10:00000020
17356399ns          294653 1c008d62 02500793 addi             x15, x0, 37         x15=00000025
17356419ns          294654 1c008d66 04f50863 beq              x10, x15, 80        x10:00000020 x15:00000025
17356439ns          294655 1c008d6a 01a005b3 add              x11, x0, x26        x11=00000002 x26:00000002
17356459ns          294656 1c008d6c 000b00e7 jalr             x1, x22, 0           x1=1c008d6e x22:1c008c78
17356499ns          294658 1c008c78 000026b7 lui              x13, 0x2000         x13=00002000
17356519ns          294659 1c008c7a f14027f3 csrrs            x15, x0, 0xf14      x15=00000002
17356538ns          294660 1c008c7e f8068693 addi             x13, x13, -128      x13=00001f80 x13:00002000
17356558ns          294661 1c008c82 00379713 slli             x14, x15, 0x3       x14=00000010 x15:00000002
17356578ns          294662 1c008c86 00279793 slli             x15, x15, 0x2       x15=00000008 x15:00000002
17356598ns          294663 1c008c88 00d7f7b3 and              x15, x15, x13       x15=00000000 x15:00000008 x13:00001f80
17356618ns          294664 1c008c8a ee873733 p.bclr           x14, x14, 23, 8     x14=00000010 x14:00000010
17356638ns          294665 1c008c8e 1a10f6b7 lui              x13, 0x1a10f000     x13=1a10f000
17356658ns          294666 1c008c92 0ff57513 andi             x10, x10, 255       x10=00000020 x10:00000020
17356678ns          294667 1c008c96 00d70733 add              x14, x14, x13       x14=1a10f010 x14:00000010 x13:1a10f000
17356698ns          294668 1c008c98 00a7e723 p.sw             x10, x0(x15)        x10:00000020 x15:00000000  PA:1a10f010
17357016ns          294684 1c008c9c 00000513 addi             x10, x0, 0          x10=00000000
17357036ns          294685 1c008c9e 00008067 jalr             x0, x1, 0            x1:1c008d6e
17357095ns          294688 1c008d6e 31f52563 p.beqimm         x10, 778            x10:00000000
17357115ns          294689 1c008d72 001d8d93 addi             x27, x27, 1         x27=00000017 x27:00000016
17357135ns          294690 1c008d74 00044503 lbu              x10, 0(x8)          x10=00000025  x8:1c0000cb  PA:1c0000cb
17357453ns          294706 1c008d78 00140413 addi             x8, x8, 1            x8=1c0000cc  x8:1c0000cb
17357473ns          294707 1c008d7a fe0514e3 bne              x10, x0, -24        x10:00000025
17357553ns          294711 1c008d62 02500793 addi             x15, x0, 37         x15=00000025
17357573ns          294712 1c008d66 04f50863 beq              x10, x15, 80        x10:00000025 x15:00000025
17357811ns          294724 1c008db6 00044483 lbu              x9, 0(x8)            x9=00000064  x8:1c0000cc  PA:1c0000cc
17358110ns          294739 1c008dba 02000693 addi             x13, x0, 32         x13=00000020
17358130ns          294740 1c008dbe 00140a93 addi             x21, x8, 1          x21=1c0000cd  x8:1c0000cc
17358150ns          294741 1c008dc2 009005b3 add              x11, x0, x9         x11=00000064  x9:00000064
17358170ns          294742 1c008dc4 0fcb8513 addi             x10, x23, 252       x10=1c0000fc x23:1c000000
17358189ns          294743 1c008dc8 00d12823 sw               x13, 16(x2)         x13:00000020  x2:100014d8  PA:100014e8
17358209ns          294744 1c008dca 00012c23 sw               x0, 24(x2)           x2:100014d8  PA:100014f0
17358229ns          294745 1c008dcc 00012a23 sw               x0, 20(x2)           x2:100014d8  PA:100014ec
17358249ns          294746 1c008dce 00012e23 sw               x0, 28(x2)           x2:100014d8  PA:100014f4
17358289ns          294748 1c008dd0 00012623 sw               x0, 12(x2)           x2:100014d8  PA:100014e4
17358329ns          294750 1c008dd2 02300913 addi             x18, x0, 35         x18=00000023
17358349ns          294751 1c008dd6 02d00a13 addi             x20, x0, 45         x20=0000002d
17358368ns          294752 1c008dda 015009b3 add              x19, x0, x21        x19=1c0000cd x21:1c0000cd
17358388ns          294753 1c008ddc e1dff0ef jal              x1, -484             x1=1c008dde
17358508ns          294759 1c008bf8 00054783 lbu              x15, 0(x10)         x15=0000002d x10:1c0000fc  PA:1c0000fc
17358826ns          294775 1c008bfc 0ff5f593 andi             x11, x11, 255       x11=00000064 x11:00000064
17358846ns          294776 1c008c00 00b78c63 beq              x15, x11, 24        x15:0000002d x11:00000064
17358866ns          294777 1c008c04 00078b63 beq              x15, x0, 22         x15:0000002d
17358886ns          294778 1c008c06 00150793 addi             x15, x10, 1         x15=1c0000fd x10:1c0000fc
17358905ns          294779 1c008c0a 0040006f jal              x0, 4              
17358985ns          294783 1c008c0e 00f00533 add              x10, x0, x15        x10=1c0000fd x15:1c0000fd
17359005ns          294784 1c008c10 0017c70b p.lbu            x14, 1(x15!)        x14=0000002b x15=1c0000fe x15:1c0000fd  PA:1c0000fd
17359343ns          294801 1c008c14 feb71ce3 bne              x14, x11, -8        x14:0000002b x11:00000064
17359403ns          294804 1c008c0c 00070763 beq              x14, x0, 14         x14:0000002b
17359423ns          294805 1c008c0e 00f00533 add              x10, x0, x15        x10=1c0000fe x15:1c0000fe
17359443ns          294806 1c008c10 0017c70b p.lbu            x14, 1(x15!)        x14=00000020 x15=1c0000ff x15:1c0000fe  PA:1c0000fe
17359761ns          294822 1c008c14 feb71ce3 bne              x14, x11, -8        x14:00000020 x11:00000064
17359820ns          294825 1c008c0c 00070763 beq              x14, x0, 14         x14:00000020
17359840ns          294826 1c008c0e 00f00533 add              x10, x0, x15        x10=1c0000ff x15:1c0000ff
17359860ns          294827 1c008c10 0017c70b p.lbu            x14, 1(x15!)        x14=00000023 x15=1c000100 x15:1c0000ff  PA:1c0000ff
17360238ns          294846 1c008c14 feb71ce3 bne              x14, x11, -8        x14:00000023 x11:00000064
17360298ns          294849 1c008c0c 00070763 beq              x14, x0, 14         x14:00000023
17360318ns          294850 1c008c0e 00f00533 add              x10, x0, x15        x10=1c000100 x15:1c000100
17360338ns          294851 1c008c10 0017c70b p.lbu            x14, 1(x15!)        x14=00000030 x15=1c000101 x15:1c000100  PA:1c000100
17360696ns          294869 1c008c14 feb71ce3 bne              x14, x11, -8        x14:00000030 x11:00000064
17360755ns          294872 1c008c0c 00070763 beq              x14, x0, 14         x14:00000030
17360775ns          294873 1c008c0e 00f00533 add              x10, x0, x15        x10=1c000101 x15:1c000101
17360795ns          294874 1c008c10 0017c70b p.lbu            x14, 1(x15!)        x14=00000000 x15=1c000102 x15:1c000101  PA:1c000101
17361113ns          294890 1c008c14 feb71ce3 bne              x14, x11, -8        x14:00000000 x11:00000064
17361173ns          294893 1c008c0c 00070763 beq              x14, x0, 14         x14:00000000
17361253ns          294897 1c008c1a 0015b593 sltiu            x11, x11, 1         x11=00000000 x11:00000064
17361272ns          294898 1c008c1e 40b005b3 sub              x11, x0, x11        x11=00000000 x11:00000000
17361292ns          294899 1c008c22 00b57533 and              x10, x10, x11       x10=00000000 x10:1c000101 x11:00000000
17361312ns          294900 1c008c24 00008067 jalr             x0, x1, 0            x1:1c008dde
17361352ns          294902 1c008dde 02050a63 beq              x10, x0, 52         x10:00000000
17361491ns          294909 1c008e12 02a00613 addi             x12, x0, 42         x12=0000002a
17361511ns          294910 1c008e16 2ac48663 beq              x9, x12, 684         x9:00000064 x12:0000002a
17361531ns          294911 1c008e1a fd048613 addi             x12, x9, -48        x12=00000034  x9:00000064
17361551ns          294912 1c008e1e 00900593 addi             x11, x0, 9          x11=00000009
17361591ns          294914 1c008e20 00000913 addi             x18, x0, 0          x18=00000000
17361630ns          294916 1c008e22 28c5f063 bgeu             x11, x12, 640       x11:00000009 x12:00000034
17361650ns          294917 1c008e26 02e00693 addi             x13, x0, 46         x13=0000002e
17361670ns          294918 1c008e2a fff00a13 addi             x20, x0, -1         x20=ffffffff
17361690ns          294919 1c008e2c 2ed48363 beq              x9, x13, 742         x9:00000064 x13:0000002e
17361730ns          294921 1c008e30 1c0007b7 lui              x15, 0x1c000000     x15=1c000000
17361770ns          294923 1c008e34 009005b3 add              x11, x0, x9         x11=00000064  x9:00000064
17361790ns          294924 1c008e36 10478513 addi             x10, x15, 260       x10=1c000104 x15:1c000000
17361810ns          294925 1c008e3a dbfff0ef jal              x1, -578             x1=1c008e3c
17362287ns          294949 1c008bf8 00054783 lbu              x15, 0(x10)         x15=00000068 x10:1c000104  PA:1c000104
17362605ns          294965 1c008bfc 0ff5f593 andi             x11, x11, 255       x11=00000064 x11:00000064
17362625ns          294966 1c008c00 00b78c63 beq              x15, x11, 24        x15:00000068 x11:00000064
17362645ns          294967 1c008c04 00078b63 beq              x15, x0, 22         x15:00000068
17362665ns          294968 1c008c06 00150793 addi             x15, x10, 1         x15=1c000105 x10:1c000104
17362685ns          294969 1c008c0a 0040006f jal              x0, 4              
17362724ns          294971 1c008c0e 00f00533 add              x10, x0, x15        x10=1c000105 x15:1c000105
17362744ns          294972 1c008c10 0017c70b p.lbu            x14, 1(x15!)        x14=0000006c x15=1c000106 x15:1c000105  PA:1c000105
17363083ns          294989 1c008c14 feb71ce3 bne              x14, x11, -8        x14:0000006c x11:00000064
17363142ns          294992 1c008c0c 00070763 beq              x14, x0, 14         x14:0000006c
17363162ns          294993 1c008c0e 00f00533 add              x10, x0, x15        x10=1c000106 x15:1c000106
17363182ns          294994 1c008c10 0017c70b p.lbu            x14, 1(x15!)        x14=0000004c x15=1c000107 x15:1c000106  PA:1c000106
17363500ns          295010 1c008c14 feb71ce3 bne              x14, x11, -8        x14:0000004c x11:00000064
17363560ns          295013 1c008c0c 00070763 beq              x14, x0, 14         x14:0000004c
17363580ns          295014 1c008c0e 00f00533 add              x10, x0, x15        x10=1c000107 x15:1c000107
17363600ns          295015 1c008c10 0017c70b p.lbu            x14, 1(x15!)        x14=0000007a x15=1c000108 x15:1c000107  PA:1c000107
17363918ns          295031 1c008c14 feb71ce3 bne              x14, x11, -8        x14:0000007a x11:00000064
17363978ns          295034 1c008c0c 00070763 beq              x14, x0, 14         x14:0000007a
17363997ns          295035 1c008c0e 00f00533 add              x10, x0, x15        x10=1c000108 x15:1c000108
17364017ns          295036 1c008c10 0017c70b p.lbu            x14, 1(x15!)        x14=00000000 x15=1c000109 x15:1c000108  PA:1c000108
17364375ns          295054 1c008c14 feb71ce3 bne              x14, x11, -8        x14:00000000 x11:00000064
17364435ns          295057 1c008c0c 00070763 beq              x14, x0, 14         x14:00000000
17364515ns          295061 1c008c1a 0015b593 sltiu            x11, x11, 1         x11=00000000 x11:00000064
17364535ns          295062 1c008c1e 40b005b3 sub              x11, x0, x11        x11=00000000 x11:00000000
17364554ns          295063 1c008c22 00b57533 and              x10, x10, x11       x10=00000000 x10:1c000108 x11:00000000
17364574ns          295064 1c008c24 00008067 jalr             x0, x1, 0            x1:1c008e3c
17364614ns          295066 1c008e3c 01300433 add              x8, x0, x19          x8=1c0000cd x19:1c0000cd
17364634ns          295067 1c008e3e 00050563 beq              x10, x0, 10         x10:00000000
17364694ns          295070 1c008e48 06700693 addi             x13, x0, 103        x13=00000067
17364714ns          295071 1c008e4c 2896d963 bge              x13, x9, 658        x13:00000067  x9:00000064
17365270ns          295099 1c0090de 06500693 addi             x13, x0, 101        x13=00000065
17365310ns          295101 1c0090e2 12d4d563 bge              x9, x13, 298         x9:00000064 x13:00000065
17365330ns          295102 1c0090e6 04700693 addi             x13, x0, 71         x13=00000047
17365350ns          295103 1c0090ea dc96cbe3 blt              x13, x9, -554       x13:00000047  x9:00000064
17365489ns          295110 1c008ec0 06300693 addi             x13, x0, 99         x13=00000063
17365529ns          295112 1c008ec4 0ad488e3 beq              x9, x13, 2224        x9:00000064 x13:00000063
17365549ns          295113 1c008ec8 0096c9e3 blt              x13, x9, 2066       x13:00000063  x9:00000064
17365748ns          295123 1c0096da 000c2583 lw               x11, 0(x24)         x11=00000002 x24:1000162c  PA:1000162c
17365768ns          295124 1c0096de 004c0c13 addi             x24, x24, 4         x24=10001630 x24:1000162c
17365808ns          295126 1c0096e0 3405cc63 blt              x11, x0, 856        x11:00000002
17365847ns          295128 1c0096e4 01412603 lw               x12, 20(x2)         x12=00000000  x2:100014d8  PA:100014ec
17365867ns          295129 1c0096e6 00b006b3 add              x13, x0, x11        x13=00000002 x11:00000002
17365887ns          295130 1c0096e8 2e061863 bne              x12, x0, 752        x12:00000000
17365907ns          295131 1c0096ec 01812703 lw               x14, 24(x2)         x14=00000000  x2:100014d8  PA:100014f0
17365927ns          295132 1c0096ee 019007b3 add              x15, x0, x25        x15=100014fc x25:100014fc
17365947ns          295133 1c0096f0 00070763 beq              x14, x0, 14         x14:00000000
17366006ns          295136 1c0096fe 00f00733 add              x14, x0, x15        x14=100014fc x15:100014fc
17366066ns          295139 1c009700 00a00513 addi             x10, x0, 10         x10=0000000a
17366106ns          295141 1c009702 02a6f633 remu             x12, x13, x10       x12=00000002 x13:00000002 x10:0000000a
17366723ns          295172 1c009706 02a6d6b3 divu             x13, x13, x10       x13=00000000 x13:00000002 x10:0000000a
17367339ns          295203 1c00970a 03060613 addi             x12, x12, 48        x12=00000032 x12:00000002
17367359ns          295204 1c00970e 00c700ab p.sb             x12, 1(x14!)        x14=100014fd x12:00000032 x14:100014fc  PA:100014fc
17367379ns          295205 1c009712 fe0698e3 bne              x13, x0, -16        x13:00000000
17367399ns          295206 1c009714 40f706b3 sub              x13, x14, x15       x13=00000001 x14:100014fd x15:100014fc
17367419ns          295207 1c009718 0146dc63 bge              x13, x20, 24        x13:00000001 x20:ffffffff
17367558ns          295214 1c009730 00e006b3 add              x13, x0, x14        x13=100014fd x14:100014fd
17367598ns          295216 1c009732 fe068fab p.sb             x0, -1(x13!)        x13=100014fc x13:100014fd  PA:100014fd
17367618ns          295217 1c009736 00d7fc63 bgeu             x15, x13, 24        x15:100014fc x13:100014fc
17367737ns          295223 1c00974e 01412783 lw               x15, 20(x2)         x15=00000000  x2:100014d8  PA:100014ec
17367797ns          295226 1c009750 01812603 lw               x12, 24(x2)         x12=00000000  x2:100014d8  PA:100014f0
17367836ns          295228 1c009752 419704b3 sub              x9, x14, x25         x9=00000001 x14:100014fd x25:100014fc
17367856ns          295229 1c009756 00c7e7b3 or               x15, x15, x12       x15=00000000 x15:00000000 x12:00000000
17367876ns          295230 1c009758 00f12623 sw               x15, 12(x2)         x15:00000000  x2:100014d8  PA:100014e4
17367896ns          295231 1c00975a 00079363 bne              x15, x0, 6          x15:00000000
17367916ns          295232 1c00975c 01f5d593 srli             x11, x11, 0x1f      x11=00000000 x11:00000002
17367936ns          295233 1c00975e 00b12623 sw               x11, 12(x2)         x11:00000000  x2:100014d8  PA:100014e4
17367976ns          295235 1c009760 e3fa28e3 p.beqimm         x20, -464           x20:ffffffff
17368473ns          295260 1c009590 0c800793 addi             x15, x0, 200        x15=000000c8
17368513ns          295262 1c009594 9e97d0e3 bge              x15, x9, -1568      x15:000000c8  x9:00000001
17368612ns          295267 1c008f74 0f24d163 bge              x9, x18, 226         x9:00000001 x18:00000000
17368751ns          295274 1c009056 d00482e3 beq              x9, x0, -764         x9:00000001
17368771ns          295275 1c00905a 01900933 add              x18, x0, x25        x18=100014fc x25:100014fc
17368791ns          295276 1c00905c 419d8db3 sub              x27, x27, x25       x27=efffeb1b x27:00000017 x25:100014fc
17368831ns          295278 1c009060 00a0006f jal              x0, 10             
17368891ns          295281 1c00906a 0019450b p.lbu            x10, 1(x18!)        x10=00000032 x18=100014fd x18:100014fc  PA:100014fc
17368911ns          295282 1c00906e 01a005b3 add              x11, x0, x26        x11=00000002 x26:00000002
17368930ns          295283 1c009070 000b00e7 jalr             x1, x22, 0           x1=1c009072 x22:1c008c78
17369010ns          295287 1c008c78 000026b7 lui              x13, 0x2000         x13=00002000
17369050ns          295289 1c008c7a f14027f3 csrrs            x15, x0, 0xf14      x15=00000002
17369070ns          295290 1c008c7e f8068693 addi             x13, x13, -128      x13=00001f80 x13:00002000
17369090ns          295291 1c008c82 00379713 slli             x14, x15, 0x3       x14=00000010 x15:00000002
17369109ns          295292 1c008c86 00279793 slli             x15, x15, 0x2       x15=00000008 x15:00000002
17369129ns          295293 1c008c88 00d7f7b3 and              x15, x15, x13       x15=00000000 x15:00000008 x13:00001f80
17369149ns          295294 1c008c8a ee873733 p.bclr           x14, x14, 23, 8     x14=00000010 x14:00000010
17369189ns          295296 1c008c8e 1a10f6b7 lui              x13, 0x1a10f000     x13=1a10f000
17369229ns          295298 1c008c92 0ff57513 andi             x10, x10, 255       x10=00000032 x10:00000032
17369249ns          295299 1c008c96 00d70733 add              x14, x14, x13       x14=1a10f010 x14:00000010 x13:1a10f000
17369269ns          295300 1c008c98 00a7e723 p.sw             x10, x0(x15)        x10:00000032 x15:00000000  PA:1a10f010
17369726ns          295323 1c008c9c 00000513 addi             x10, x0, 0          x10=00000000
17369746ns          295324 1c008c9e 00008067 jalr             x0, x1, 0            x1:1c009072
17369786ns          295326 1c009072 fff48493 addi             x9, x9, -1           x9=00000000  x9:00000001
17369806ns          295327 1c009074 fff537e3 p.bneimm         x10, -18            x10:00000000
17369885ns          295331 1c009062 012d8733 add              x14, x27, x18       x14=00000018 x27:efffeb1b x18:100014fd
17369905ns          295332 1c009066 5a048b63 beq              x9, x0, 1462         x9:00000000
17370004ns          295337 1c00961c 00e00db3 add              x27, x0, x14        x27=00000018 x14:00000018
17370084ns          295341 1c00961e f3cff06f jal              x0, -2244          
17370203ns          295347 1c008d5a 00044503 lbu              x10, 0(x8)          x10=0000000a  x8:1c0000cd  PA:1c0000cd
17370502ns          295362 1c008d5e 00140413 addi             x8, x8, 1            x8=1c0000ce  x8:1c0000cd
17370522ns          295363 1c008d60 00050e63 beq              x10, x0, 28         x10:0000000a
17370542ns          295364 1c008d62 02500793 addi             x15, x0, 37         x15=00000025
17370561ns          295365 1c008d66 04f50863 beq              x10, x15, 80        x10:0000000a x15:00000025
17370581ns          295366 1c008d6a 01a005b3 add              x11, x0, x26        x11=00000002 x26:00000002
17370601ns          295367 1c008d6c 000b00e7 jalr             x1, x22, 0           x1=1c008d6e x22:1c008c78
17370681ns          295371 1c008c78 000026b7 lui              x13, 0x2000         x13=00002000
17370701ns          295372 1c008c7a f14027f3 csrrs            x15, x0, 0xf14      x15=00000002
17370721ns          295373 1c008c7e f8068693 addi             x13, x13, -128      x13=00001f80 x13:00002000
17370740ns          295374 1c008c82 00379713 slli             x14, x15, 0x3       x14=00000010 x15:00000002
17370760ns          295375 1c008c86 00279793 slli             x15, x15, 0x2       x15=00000008 x15:00000002
17370780ns          295376 1c008c88 00d7f7b3 and              x15, x15, x13       x15=00000000 x15:00000008 x13:00001f80
17370800ns          295377 1c008c8a ee873733 p.bclr           x14, x14, 23, 8     x14=00000010 x14:00000010
17370820ns          295378 1c008c8e 1a10f6b7 lui              x13, 0x1a10f000     x13=1a10f000
17370840ns          295379 1c008c92 0ff57513 andi             x10, x10, 255       x10=0000000a x10:0000000a
17370860ns          295380 1c008c96 00d70733 add              x14, x14, x13       x14=1a10f010 x14:00000010 x13:1a10f000
17370880ns          295381 1c008c98 00a7e723 p.sw             x10, x0(x15)        x10:0000000a x15:00000000  PA:1a10f010
17371218ns          295398 1c008c9c 00000513 addi             x10, x0, 0          x10=00000000
17371238ns          295399 1c008c9e 00008067 jalr             x0, x1, 0            x1:1c008d6e
17371297ns          295402 1c008d6e 31f52563 p.beqimm         x10, 778            x10:00000000
17371317ns          295403 1c008d72 001d8d93 addi             x27, x27, 1         x27=00000019 x27:00000018
17371337ns          295404 1c008d74 00044503 lbu              x10, 0(x8)          x10=00000000  x8:1c0000ce  PA:1c0000ce
17371655ns          295420 1c008d78 00140413 addi             x8, x8, 1            x8=1c0000cf  x8:1c0000ce
17371675ns          295421 1c008d7a fe0514e3 bne              x10, x0, -24        x10:00000000
17371695ns          295422 1c008d7c 01b00433 add              x8, x0, x27          x8=00000019 x27:00000019
17371715ns          295423 1c008d7e 00800533 add              x10, x0, x8         x10=00000019  x8:00000019
17371735ns          295424 1c008d80 12c12083 lw               x1, 300(x2)          x1=1c008d0c  x2:100014d8  PA:10001604
17371755ns          295425 1c008d84 12812403 lw               x8, 296(x2)          x8=00000001  x2:100014d8  PA:10001600
17371775ns          295426 1c008d88 12412483 lw               x9, 292(x2)          x9=00000020  x2:100014d8  PA:100015fc
17371795ns          295427 1c008d8c 12012903 lw               x18, 288(x2)        x18=xxxxxxxx  x2:100014d8  PA:100015f8
17371834ns          295429 1c008d90 11c12983 lw               x19, 284(x2)        x19=xxxxxxxx  x2:100014d8  PA:100015f4
17371874ns          295431 1c008d94 11812a03 lw               x20, 280(x2)        x20=xxxxxxxx  x2:100014d8  PA:100015f0
17371894ns          295432 1c008d98 11412a83 lw               x21, 276(x2)        x21=xxxxxxxx  x2:100014d8  PA:100015ec
17371914ns          295433 1c008d9c 11012b03 lw               x22, 272(x2)        x22=xxxxxxxx  x2:100014d8  PA:100015e8
17371974ns          295436 1c008da0 10c12b83 lw               x23, 268(x2)        x23=xxxxxxxx  x2:100014d8  PA:100015e4
17372013ns          295438 1c008da4 10812c03 lw               x24, 264(x2)        x24=xxxxxxxx  x2:100014d8  PA:100015e0
17372033ns          295439 1c008da8 10412c83 lw               x25, 260(x2)        x25=xxxxxxxx  x2:100014d8  PA:100015dc
17372053ns          295440 1c008dac 10012d03 lw               x26, 256(x2)        x26=xxxxxxxx  x2:100014d8  PA:100015d8
17372073ns          295441 1c008db0 0fc12d83 lw               x27, 252(x2)        x27=xxxxxxxx  x2:100014d8  PA:100015d4
17372093ns          295442 1c008db2 13010113 addi             x2, x2, 304          x2=10001608  x2:100014d8
17372113ns          295443 1c008db4 00008067 jalr             x0, x1, 0            x1:1c008d0c
17372192ns          295447 1c008d0c 01c12083 lw               x1, 28(x2)           x1=1c0086b0  x2:10001608  PA:10001624
17372212ns          295448 1c008d0e 04010113 addi             x2, x2, 64           x2=10001648  x2:10001608
17372272ns          295451 1c008d10 00008067 jalr             x0, x1, 0            x1:1c0086b0
17372352ns          295455 1c0086b0 00143513 sltiu            x10, x8, 1          x10=00000000  x8:00000001
17372391ns          295457 1c0086b4 1ac12083 lw               x1, 428(x2)          x1=1c009faa  x2:10001648  PA:100017f4
17372411ns          295458 1c0086b8 1a812403 lw               x8, 424(x2)          x8=xxxxxxxx  x2:10001648  PA:100017f0
17372431ns          295459 1c0086bc 1a412483 lw               x9, 420(x2)          x9=xxxxxxxx  x2:10001648  PA:100017ec
17372491ns          295462 1c0086c0 1b010113 addi             x2, x2, 432          x2=100017f8  x2:10001648
17372511ns          295463 1c0086c2 00008067 jalr             x0, x1, 0            x1:1c009faa
17372630ns          295469 1c009faa f14027f3 csrrs            x15, x0, 0xf14      x15=00000002
17372690ns          295472 1c009fae f457b7b3 p.bclr           x15, x15, 26, 5     x15=00000002 x15:00000002
17372710ns          295473 1c009fb2 00079963 bne              x15, x0, 18         x15:00000002
17373048ns          295490 1c009fc4 002047b7 lui              x15, 0x204000       x15=00204000
17373088ns          295492 1c009fc8 fff00713 addi             x14, x0, -1         x14=ffffffff
17373107ns          295493 1c009fca 00e7a223 sw               x14, 4(x15)         x14:ffffffff x15:00204000  PA:00204004
