                Time          Cycles PC       Instr    Mnemonic
17065596ns          280033 1c008080 0640006f jal              x0, 100            
17066054ns          280056 1c0080e4 f1402573 csrrs            x10, x0, 0xf14      x10=00000003
17066094ns          280058 1c0080e8 01f57593 andi             x11, x10, 31        x11=00000003 x10:00000003
17066114ns          280059 1c0080ec 00555513 srli             x10, x10, 0x5       x10=00000000 x10:00000003
17066133ns          280060 1c0080ee 01f00613 addi             x12, x0, 31         x12=0000001f
17066551ns          280081 1c0080f0 00c50463 beq              x10, x12, 8         x10:00000000 x12:0000001f
17066591ns          280083 1c0080f4 fa1ff06f jal              x0, -96            
17067048ns          280106 1c008094 f3ff8117 auipc            x2, 0xf3ff8000       x2=10000094
17067088ns          280108 1c008098 f7010113 addi             x2, x2, -144         x2=10000004  x2:10000094
17067108ns          280109 1c00809c 00012103 lw               x2, 0(x2)            x2=10000008  x2:10000004  PA:10000004
17067546ns          280131 1c0080a0 000011b7 lui              x3, 0x1000           x3=00001000
17067586ns          280133 1c0080a4 80018193 addi             x3, x3, -2048        x3=00000800  x3:00001000
17067605ns          280134 1c0080a8 00158593 addi             x11, x11, 1         x11=00000004 x11:00000003
17067625ns          280135 1c0080ac 02b180b3 mul              x1, x3, x11          x1=00002000  x3:00000800 x11:00000004
17068063ns          280157 1c0080b0 00110133 add              x2, x2, x1           x2=10002008  x2:10000008  x1:00002000
17068103ns          280159 1c0080b4 6d10106f jal              x0, 7888           
17068560ns          280182 1c009f84 ff010113 addi             x2, x2, -16          x2=10001ff8  x2:10002008
17068580ns          280183 1c009f86 00112623 sw               x1, 12(x2)           x1:00002000  x2:10001ff8  PA:10002004
17068600ns          280184 1c009f88 002047b7 lui              x15, 0x204000       x15=00204000
17068620ns          280185 1c009f8c 00070737 lui              x14, 0x70000        x14=00070000
17069077ns          280208 1c009f90 00e7a423 sw               x14, 8(x15)         x14:00070000 x15:00204000  PA:00204008
17069097ns          280209 1c009f92 00f00713 addi             x14, x0, 15         x14=0000000f
17069117ns          280210 1c009f94 20078793 addi             x15, x15, 512       x15=00204200 x15:00204000
17069137ns          280211 1c009f98 00e7a023 sw               x14, 0(x15)         x14:0000000f x15:00204200  PA:00204200
17069177ns          280213 1c009f9c 00e7a623 sw               x14, 12(x15)        x14:0000000f x15:00204200  PA:0020420c
17069594ns          280234 1c009fa0 1c0017b7 lui              x15, 0x1c001000     x15=1c001000
17069634ns          280236 1c009fa4 a947a783 lw               x15, -1388(x15)     x15=1c0085e0 x15:1c001000  PA:1c000a94
17070092ns          280259 1c009fa8 000780e7 jalr             x1, x15, 0           x1=1c009faa x15:1c0085e0
17070589ns          280284 1c0085e0 e5010113 addi             x2, x2, -432         x2=10001e48  x2:10001ff8
17070629ns          280286 1c0085e2 1a912223 sw               x9, 420(x2)          x9:xxxxxxxx  x2:10001e48  PA:10001fec
17070649ns          280287 1c0085e6 1a112623 sw               x1, 428(x2)          x1:1c009faa  x2:10001e48  PA:10001ff4
17070669ns          280288 1c0085ea f14024f3 csrrs            x9, x0, 0xf14        x9=00000003
17071106ns          280310 1c0085ee 1a812423 sw               x8, 424(x2)          x8:xxxxxxxx  x2:10001e48  PA:10001ff0
17071146ns          280312 1c0085f2 ca5497b3 p.extractu       x15, x9, 5, 5       x15=00000000  x9:00000003
17071166ns          280313 1c0085f6 10079963 bne              x15, x0, 274        x15:00000000
17071186ns          280314 1c0085fa f454b4b3 p.bclr           x9, x9, 26, 5        x9=00000003  x9:00000003
17071643ns          280337 1c0085fe 1c000537 lui              x10, 0x1c000000     x10=1c000000
17071663ns          280338 1c008602 00900633 add              x12, x0, x9         x12=00000003  x9:00000003
17071683ns          280339 1c008604 00100593 addi             x11, x0, 1          x11=00000001
17071703ns          280340 1c008606 04050513 addi             x10, x10, 64        x10=1c000040 x10:1c000000
17071723ns          280341 1c00860a 6da000ef jal              x1, 1754             x1=1c00860c
17072618ns          280386 1c008ce4 fc010113 addi             x2, x2, -64          x2=10001e08  x2:10001e48
17072658ns          280388 1c008ce6 02410313 addi             x6, x2, 36           x6=10001e2c  x2:10001e08
17072678ns          280389 1c008cea 02c12423 sw               x12, 40(x2)         x12:00000003  x2:10001e08  PA:10001e30
17072697ns          280390 1c008cec 00a00633 add              x12, x0, x10        x12=1c000040 x10:1c000040
17073115ns          280411 1c008cee 1c009537 lui              x10, 0x1c009000     x10=1c009000
17073135ns          280412 1c008cf2 02b12223 sw               x11, 36(x2)         x11:00000001  x2:10001e08  PA:10001e2c
17073155ns          280413 1c008cf4 02d12623 sw               x13, 44(x2)         x13:xxxxxxxx  x2:10001e08  PA:10001e34
17073175ns          280414 1c008cf6 00200593 addi             x11, x0, 2          x11=00000002
17073195ns          280415 1c008cf8 006006b3 add              x13, x0, x6         x13=10001e2c  x6:10001e2c
17073215ns          280416 1c008cfa c7850513 addi             x10, x10, -904      x10=1c008c78 x10:1c009000
17073234ns          280417 1c008cfe 00112e23 sw               x1, 28(x2)           x1:1c00860c  x2:10001e08  PA:10001e24
17073632ns          280437 1c008d00 02e12823 sw               x14, 48(x2)         x14:0000000f  x2:10001e08  PA:10001e38
17073652ns          280438 1c008d02 02f12a23 sw               x15, 52(x2)         x15:00000000  x2:10001e08  PA:10001e3c
17073672ns          280439 1c008d04 03012c23 sw               x16, 56(x2)         x16:xxxxxxxx  x2:10001e08  PA:10001e40
17073692ns          280440 1c008d06 03112e23 sw               x17, 60(x2)         x17:xxxxxxxx  x2:10001e08  PA:10001e44
17073712ns          280441 1c008d08 00612623 sw               x6, 12(x2)           x6:10001e2c  x2:10001e08  PA:10001e14
17073732ns          280442 1c008d0a fbfff0ef jal              x1, -66              x1=1c008d0c
17074607ns          280486 1c008cc8 04a0006f jal              x0, 74             
17074647ns          280488 1c008d12 ed010113 addi             x2, x2, -304         x2=10001cd8  x2:10001e08
17074667ns          280489 1c008d14 12812423 sw               x8, 296(x2)          x8:xxxxxxxx  x2:10001cd8  PA:10001e00
17074687ns          280490 1c008d18 00000413 addi             x8, x0, 0            x8=00000000
17074706ns          280491 1c008d1a 11612823 sw               x22, 272(x2)        x22:xxxxxxxx  x2:10001cd8  PA:10001de8
17075144ns          280513 1c008d1e 11712623 sw               x23, 268(x2)        x23:xxxxxxxx  x2:10001cd8  PA:10001de4
17075184ns          280515 1c008d22 11812423 sw               x24, 264(x2)        x24:xxxxxxxx  x2:10001cd8  PA:10001de0
17075204ns          280516 1c008d26 11912223 sw               x25, 260(x2)        x25:xxxxxxxx  x2:10001cd8  PA:10001ddc
17075224ns          280517 1c008d2a 11a12023 sw               x26, 256(x2)        x26:xxxxxxxx  x2:10001cd8  PA:10001dd8
17075243ns          280518 1c008d2e 0fb12e23 sw               x27, 252(x2)        x27:xxxxxxxx  x2:10001cd8  PA:10001dd4
17075681ns          280540 1c008d30 12112623 sw               x1, 300(x2)          x1:1c008d0c  x2:10001cd8  PA:10001e04
17075721ns          280542 1c008d34 00800db3 add              x27, x0, x8         x27=00000000  x8:00000000
17075741ns          280543 1c008d36 12912223 sw               x9, 292(x2)          x9:00000003  x2:10001cd8  PA:10001dfc
17075761ns          280544 1c008d3a 13212023 sw               x18, 288(x2)        x18:xxxxxxxx  x2:10001cd8  PA:10001df8
17076198ns          280566 1c008d3e 11312e23 sw               x19, 284(x2)        x19:xxxxxxxx  x2:10001cd8  PA:10001df4
17076238ns          280568 1c008d42 11412c23 sw               x20, 280(x2)        x20:xxxxxxxx  x2:10001cd8  PA:10001df0
17076258ns          280569 1c008d46 11512a23 sw               x21, 276(x2)        x21:xxxxxxxx  x2:10001cd8  PA:10001dec
17076278ns          280570 1c008d4a 00a00b33 add              x22, x0, x10        x22=1c008c78 x10:1c008c78
17076298ns          280571 1c008d4c 00b00d33 add              x26, x0, x11        x26=00000002 x11:00000002
17076318ns          280572 1c008d4e 00d00c33 add              x24, x0, x13        x24=10001e2c x13:10001e2c
17076715ns          280592 1c008d50 1c000bb7 lui              x23, 0x1c000000     x23=1c000000
17076755ns          280594 1c008d54 02410c93 addi             x25, x2, 36         x25=10001cfc  x2:10001cd8
17076775ns          280595 1c008d58 00c00433 add              x8, x0, x12          x8=1c000040 x12:1c000040
17076795ns          280596 1c008d5a 00044503 lbu              x10, 0(x8)          x10=00000073  x8:1c000040  PA:1c000040
17077193ns          280616 1c008d5e 00140413 addi             x8, x8, 1            x8=1c000041  x8:1c000040
17077233ns          280618 1c008d60 00050e63 beq              x10, x0, 28         x10:00000073
17077272ns          280620 1c008d62 02500793 addi             x15, x0, 37         x15=00000025
17077292ns          280621 1c008d66 04f50863 beq              x10, x15, 80        x10:00000073 x15:00000025
17077312ns          280622 1c008d6a 01a005b3 add              x11, x0, x26        x11=00000002 x26:00000002
17077332ns          280623 1c008d6c 000b00e7 jalr             x1, x22, 0           x1=1c008d6e x22:1c008c78
17078267ns          280670 1c008c78 000026b7 lui              x13, 0x2000         x13=00002000
17078307ns          280672 1c008c7a f14027f3 csrrs            x15, x0, 0xf14      x15=00000003
17078744ns          280694 1c008c7e f8068693 addi             x13, x13, -128      x13=00001f80 x13:00002000
17078784ns          280696 1c008c82 00379713 slli             x14, x15, 0x3       x14=00000018 x15:00000003
17078804ns          280697 1c008c86 00279793 slli             x15, x15, 0x2       x15=0000000c x15:00000003
17078824ns          280698 1c008c88 00d7f7b3 and              x15, x15, x13       x15=00000000 x15:0000000c x13:00001f80
17078844ns          280699 1c008c8a ee873733 p.bclr           x14, x14, 23, 8     x14=00000018 x14:00000018
17079261ns          280720 1c008c8e 1a10f6b7 lui              x13, 0x1a10f000     x13=1a10f000
17079301ns          280722 1c008c92 0ff57513 andi             x10, x10, 255       x10=00000073 x10:00000073
17079321ns          280723 1c008c96 00d70733 add              x14, x14, x13       x14=1a10f018 x14:00000018 x13:1a10f000
17079341ns          280724 1c008c98 00a7e723 p.sw             x10, x0(x15)        x10:00000073 x15:00000000  PA:1a10f018
17079798ns          280747 1c008c9c 00000513 addi             x10, x0, 0          x10=00000000
17079818ns          280748 1c008c9e 00008067 jalr             x0, x1, 0            x1:1c008d6e
17079918ns          280753 1c008d6e 31f52563 p.beqimm         x10, 778            x10:00000000
17079938ns          280754 1c008d72 001d8d93 addi             x27, x27, 1         x27=00000001 x27:00000000
17079958ns          280755 1c008d74 00044503 lbu              x10, 0(x8)          x10=00000074  x8:1c000041  PA:1c000041
17080335ns          280774 1c008d78 00140413 addi             x8, x8, 1            x8=1c000042  x8:1c000041
17080355ns          280775 1c008d7a fe0514e3 bne              x10, x0, -24        x10:00000074
17080475ns          280781 1c008d62 02500793 addi             x15, x0, 37         x15=00000025
17080495ns          280782 1c008d66 04f50863 beq              x10, x15, 80        x10:00000074 x15:00000025
17080514ns          280783 1c008d6a 01a005b3 add              x11, x0, x26        x11=00000002 x26:00000002
17080534ns          280784 1c008d6c 000b00e7 jalr             x1, x22, 0           x1=1c008d6e x22:1c008c78
17080574ns          280786 1c008c78 000026b7 lui              x13, 0x2000         x13=00002000
17080594ns          280787 1c008c7a f14027f3 csrrs            x15, x0, 0xf14      x15=00000003
17080654ns          280790 1c008c7e f8068693 addi             x13, x13, -128      x13=00001f80 x13:00002000
17080694ns          280792 1c008c82 00379713 slli             x14, x15, 0x3       x14=00000018 x15:00000003
17080713ns          280793 1c008c86 00279793 slli             x15, x15, 0x2       x15=0000000c x15:00000003
17080733ns          280794 1c008c88 00d7f7b3 and              x15, x15, x13       x15=00000000 x15:0000000c x13:00001f80
17080753ns          280795 1c008c8a ee873733 p.bclr           x14, x14, 23, 8     x14=00000018 x14:00000018
17080773ns          280796 1c008c8e 1a10f6b7 lui              x13, 0x1a10f000     x13=1a10f000
17080793ns          280797 1c008c92 0ff57513 andi             x10, x10, 255       x10=00000074 x10:00000074
17080813ns          280798 1c008c96 00d70733 add              x14, x14, x13       x14=1a10f018 x14:00000018 x13:1a10f000
17080833ns          280799 1c008c98 00a7e723 p.sw             x10, x0(x15)        x10:00000074 x15:00000000  PA:1a10f018
17081290ns          280822 1c008c9c 00000513 addi             x10, x0, 0          x10=00000000
17081310ns          280823 1c008c9e 00008067 jalr             x0, x1, 0            x1:1c008d6e
17081370ns          280826 1c008d6e 31f52563 p.beqimm         x10, 778            x10:00000000
17081390ns          280827 1c008d72 001d8d93 addi             x27, x27, 1         x27=00000002 x27:00000001
17081410ns          280828 1c008d74 00044503 lbu              x10, 0(x8)          x10=00000061  x8:1c000042  PA:1c000042
17081708ns          280843 1c008d78 00140413 addi             x8, x8, 1            x8=1c000043  x8:1c000042
17081728ns          280844 1c008d7a fe0514e3 bne              x10, x0, -24        x10:00000061
17081807ns          280848 1c008d62 02500793 addi             x15, x0, 37         x15=00000025
17081827ns          280849 1c008d66 04f50863 beq              x10, x15, 80        x10:00000061 x15:00000025
17081847ns          280850 1c008d6a 01a005b3 add              x11, x0, x26        x11=00000002 x26:00000002
17081867ns          280851 1c008d6c 000b00e7 jalr             x1, x22, 0           x1=1c008d6e x22:1c008c78
17081907ns          280853 1c008c78 000026b7 lui              x13, 0x2000         x13=00002000
17081927ns          280854 1c008c7a f14027f3 csrrs            x15, x0, 0xf14      x15=00000003
17081947ns          280855 1c008c7e f8068693 addi             x13, x13, -128      x13=00001f80 x13:00002000
17081967ns          280856 1c008c82 00379713 slli             x14, x15, 0x3       x14=00000018 x15:00000003
17081986ns          280857 1c008c86 00279793 slli             x15, x15, 0x2       x15=0000000c x15:00000003
17082006ns          280858 1c008c88 00d7f7b3 and              x15, x15, x13       x15=00000000 x15:0000000c x13:00001f80
17082026ns          280859 1c008c8a ee873733 p.bclr           x14, x14, 23, 8     x14=00000018 x14:00000018
17082046ns          280860 1c008c8e 1a10f6b7 lui              x13, 0x1a10f000     x13=1a10f000
17082066ns          280861 1c008c92 0ff57513 andi             x10, x10, 255       x10=00000061 x10:00000061
17082086ns          280862 1c008c96 00d70733 add              x14, x14, x13       x14=1a10f018 x14:00000018 x13:1a10f000
17082106ns          280863 1c008c98 00a7e723 p.sw             x10, x0(x15)        x10:00000061 x15:00000000  PA:1a10f018
17082444ns          280880 1c008c9c 00000513 addi             x10, x0, 0          x10=00000000
17082464ns          280881 1c008c9e 00008067 jalr             x0, x1, 0            x1:1c008d6e
17082523ns          280884 1c008d6e 31f52563 p.beqimm         x10, 778            x10:00000000
17082543ns          280885 1c008d72 001d8d93 addi             x27, x27, 1         x27=00000003 x27:00000002
17082563ns          280886 1c008d74 00044503 lbu              x10, 0(x8)          x10=00000072  x8:1c000043  PA:1c000043
17082862ns          280901 1c008d78 00140413 addi             x8, x8, 1            x8=1c000044  x8:1c000043
17082881ns          280902 1c008d7a fe0514e3 bne              x10, x0, -24        x10:00000072
17082961ns          280906 1c008d62 02500793 addi             x15, x0, 37         x15=00000025
17082981ns          280907 1c008d66 04f50863 beq              x10, x15, 80        x10:00000072 x15:00000025
17083001ns          280908 1c008d6a 01a005b3 add              x11, x0, x26        x11=00000002 x26:00000002
17083021ns          280909 1c008d6c 000b00e7 jalr             x1, x22, 0           x1=1c008d6e x22:1c008c78
17083061ns          280911 1c008c78 000026b7 lui              x13, 0x2000         x13=00002000
17083080ns          280912 1c008c7a f14027f3 csrrs            x15, x0, 0xf14      x15=00000003
17083100ns          280913 1c008c7e f8068693 addi             x13, x13, -128      x13=00001f80 x13:00002000
17083120ns          280914 1c008c82 00379713 slli             x14, x15, 0x3       x14=00000018 x15:00000003
17083140ns          280915 1c008c86 00279793 slli             x15, x15, 0x2       x15=0000000c x15:00000003
17083160ns          280916 1c008c88 00d7f7b3 and              x15, x15, x13       x15=00000000 x15:0000000c x13:00001f80
17083180ns          280917 1c008c8a ee873733 p.bclr           x14, x14, 23, 8     x14=00000018 x14:00000018
17083200ns          280918 1c008c8e 1a10f6b7 lui              x13, 0x1a10f000     x13=1a10f000
17083220ns          280919 1c008c92 0ff57513 andi             x10, x10, 255       x10=00000072 x10:00000072
17083240ns          280920 1c008c96 00d70733 add              x14, x14, x13       x14=1a10f018 x14:00000018 x13:1a10f000
17083259ns          280921 1c008c98 00a7e723 p.sw             x10, x0(x15)        x10:00000072 x15:00000000  PA:1a10f018
17083598ns          280938 1c008c9c 00000513 addi             x10, x0, 0          x10=00000000
17083617ns          280939 1c008c9e 00008067 jalr             x0, x1, 0            x1:1c008d6e
17083677ns          280942 1c008d6e 31f52563 p.beqimm         x10, 778            x10:00000000
17083697ns          280943 1c008d72 001d8d93 addi             x27, x27, 1         x27=00000004 x27:00000003
17083717ns          280944 1c008d74 00044503 lbu              x10, 0(x8)          x10=00000074  x8:1c000044  PA:1c000044
17084015ns          280959 1c008d78 00140413 addi             x8, x8, 1            x8=1c000045  x8:1c000044
17084035ns          280960 1c008d7a fe0514e3 bne              x10, x0, -24        x10:00000074
17084115ns          280964 1c008d62 02500793 addi             x15, x0, 37         x15=00000025
17084135ns          280965 1c008d66 04f50863 beq              x10, x15, 80        x10:00000074 x15:00000025
17084155ns          280966 1c008d6a 01a005b3 add              x11, x0, x26        x11=00000002 x26:00000002
17084174ns          280967 1c008d6c 000b00e7 jalr             x1, x22, 0           x1=1c008d6e x22:1c008c78
17084214ns          280969 1c008c78 000026b7 lui              x13, 0x2000         x13=00002000
17084234ns          280970 1c008c7a f14027f3 csrrs            x15, x0, 0xf14      x15=00000003
17084254ns          280971 1c008c7e f8068693 addi             x13, x13, -128      x13=00001f80 x13:00002000
17084274ns          280972 1c008c82 00379713 slli             x14, x15, 0x3       x14=00000018 x15:00000003
17084294ns          280973 1c008c86 00279793 slli             x15, x15, 0x2       x15=0000000c x15:00000003
17084314ns          280974 1c008c88 00d7f7b3 and              x15, x15, x13       x15=00000000 x15:0000000c x13:00001f80
17084334ns          280975 1c008c8a ee873733 p.bclr           x14, x14, 23, 8     x14=00000018 x14:00000018
17084353ns          280976 1c008c8e 1a10f6b7 lui              x13, 0x1a10f000     x13=1a10f000
17084373ns          280977 1c008c92 0ff57513 andi             x10, x10, 255       x10=00000074 x10:00000074
17084393ns          280978 1c008c96 00d70733 add              x14, x14, x13       x14=1a10f018 x14:00000018 x13:1a10f000
17084413ns          280979 1c008c98 00a7e723 p.sw             x10, x0(x15)        x10:00000074 x15:00000000  PA:1a10f018
17084751ns          280996 1c008c9c 00000513 addi             x10, x0, 0          x10=00000000
17084771ns          280997 1c008c9e 00008067 jalr             x0, x1, 0            x1:1c008d6e
17084831ns          281000 1c008d6e 31f52563 p.beqimm         x10, 778            x10:00000000
17084851ns          281001 1c008d72 001d8d93 addi             x27, x27, 1         x27=00000005 x27:00000004
17084871ns          281002 1c008d74 00044503 lbu              x10, 0(x8)          x10=00000069  x8:1c000045  PA:1c000045
17085169ns          281017 1c008d78 00140413 addi             x8, x8, 1            x8=1c000046  x8:1c000045
17085189ns          281018 1c008d7a fe0514e3 bne              x10, x0, -24        x10:00000069
17085268ns          281022 1c008d62 02500793 addi             x15, x0, 37         x15=00000025
17085288ns          281023 1c008d66 04f50863 beq              x10, x15, 80        x10:00000069 x15:00000025
17085308ns          281024 1c008d6a 01a005b3 add              x11, x0, x26        x11=00000002 x26:00000002
17085328ns          281025 1c008d6c 000b00e7 jalr             x1, x22, 0           x1=1c008d6e x22:1c008c78
17085368ns          281027 1c008c78 000026b7 lui              x13, 0x2000         x13=00002000
17085388ns          281028 1c008c7a f14027f3 csrrs            x15, x0, 0xf14      x15=00000003
17085408ns          281029 1c008c7e f8068693 addi             x13, x13, -128      x13=00001f80 x13:00002000
17085428ns          281030 1c008c82 00379713 slli             x14, x15, 0x3       x14=00000018 x15:00000003
17085447ns          281031 1c008c86 00279793 slli             x15, x15, 0x2       x15=0000000c x15:00000003
17085467ns          281032 1c008c88 00d7f7b3 and              x15, x15, x13       x15=00000000 x15:0000000c x13:00001f80
17085487ns          281033 1c008c8a ee873733 p.bclr           x14, x14, 23, 8     x14=00000018 x14:00000018
17085507ns          281034 1c008c8e 1a10f6b7 lui              x13, 0x1a10f000     x13=1a10f000
17085527ns          281035 1c008c92 0ff57513 andi             x10, x10, 255       x10=00000069 x10:00000069
17085547ns          281036 1c008c96 00d70733 add              x14, x14, x13       x14=1a10f018 x14:00000018 x13:1a10f000
17085567ns          281037 1c008c98 00a7e723 p.sw             x10, x0(x15)        x10:00000069 x15:00000000  PA:1a10f018
17085885ns          281053 1c008c9c 00000513 addi             x10, x0, 0          x10=00000000
17085905ns          281054 1c008c9e 00008067 jalr             x0, x1, 0            x1:1c008d6e
17085965ns          281057 1c008d6e 31f52563 p.beqimm         x10, 778            x10:00000000
17085984ns          281058 1c008d72 001d8d93 addi             x27, x27, 1         x27=00000006 x27:00000005
17086004ns          281059 1c008d74 00044503 lbu              x10, 0(x8)          x10=0000006e  x8:1c000046  PA:1c000046
17086303ns          281074 1c008d78 00140413 addi             x8, x8, 1            x8=1c000047  x8:1c000046
17086323ns          281075 1c008d7a fe0514e3 bne              x10, x0, -24        x10:0000006e
17086402ns          281079 1c008d62 02500793 addi             x15, x0, 37         x15=00000025
17086422ns          281080 1c008d66 04f50863 beq              x10, x15, 80        x10:0000006e x15:00000025
17086442ns          281081 1c008d6a 01a005b3 add              x11, x0, x26        x11=00000002 x26:00000002
17086462ns          281082 1c008d6c 000b00e7 jalr             x1, x22, 0           x1=1c008d6e x22:1c008c78
17086502ns          281084 1c008c78 000026b7 lui              x13, 0x2000         x13=00002000
17086522ns          281085 1c008c7a f14027f3 csrrs            x15, x0, 0xf14      x15=00000003
17086541ns          281086 1c008c7e f8068693 addi             x13, x13, -128      x13=00001f80 x13:00002000
17086561ns          281087 1c008c82 00379713 slli             x14, x15, 0x3       x14=00000018 x15:00000003
17086581ns          281088 1c008c86 00279793 slli             x15, x15, 0x2       x15=0000000c x15:00000003
17086601ns          281089 1c008c88 00d7f7b3 and              x15, x15, x13       x15=00000000 x15:0000000c x13:00001f80
17086621ns          281090 1c008c8a ee873733 p.bclr           x14, x14, 23, 8     x14=00000018 x14:00000018
17086641ns          281091 1c008c8e 1a10f6b7 lui              x13, 0x1a10f000     x13=1a10f000
17086661ns          281092 1c008c92 0ff57513 andi             x10, x10, 255       x10=0000006e x10:0000006e
17086681ns          281093 1c008c96 00d70733 add              x14, x14, x13       x14=1a10f018 x14:00000018 x13:1a10f000
17086701ns          281094 1c008c98 00a7e723 p.sw             x10, x0(x15)        x10:0000006e x15:00000000  PA:1a10f018
17087019ns          281110 1c008c9c 00000513 addi             x10, x0, 0          x10=00000000
17087039ns          281111 1c008c9e 00008067 jalr             x0, x1, 0            x1:1c008d6e
17087098ns          281114 1c008d6e 31f52563 p.beqimm         x10, 778            x10:00000000
17087118ns          281115 1c008d72 001d8d93 addi             x27, x27, 1         x27=00000007 x27:00000006
17087138ns          281116 1c008d74 00044503 lbu              x10, 0(x8)          x10=00000067  x8:1c000047  PA:1c000047
17087456ns          281132 1c008d78 00140413 addi             x8, x8, 1            x8=1c000048  x8:1c000047
17087476ns          281133 1c008d7a fe0514e3 bne              x10, x0, -24        x10:00000067
17087556ns          281137 1c008d62 02500793 addi             x15, x0, 37         x15=00000025
17087576ns          281138 1c008d66 04f50863 beq              x10, x15, 80        x10:00000067 x15:00000025
17087596ns          281139 1c008d6a 01a005b3 add              x11, x0, x26        x11=00000002 x26:00000002
17087615ns          281140 1c008d6c 000b00e7 jalr             x1, x22, 0           x1=1c008d6e x22:1c008c78
17087655ns          281142 1c008c78 000026b7 lui              x13, 0x2000         x13=00002000
17087675ns          281143 1c008c7a f14027f3 csrrs            x15, x0, 0xf14      x15=00000003
17087695ns          281144 1c008c7e f8068693 addi             x13, x13, -128      x13=00001f80 x13:00002000
17087715ns          281145 1c008c82 00379713 slli             x14, x15, 0x3       x14=00000018 x15:00000003
17087735ns          281146 1c008c86 00279793 slli             x15, x15, 0x2       x15=0000000c x15:00000003
17087755ns          281147 1c008c88 00d7f7b3 and              x15, x15, x13       x15=00000000 x15:0000000c x13:00001f80
17087775ns          281148 1c008c8a ee873733 p.bclr           x14, x14, 23, 8     x14=00000018 x14:00000018
17087795ns          281149 1c008c8e 1a10f6b7 lui              x13, 0x1a10f000     x13=1a10f000
17087814ns          281150 1c008c92 0ff57513 andi             x10, x10, 255       x10=00000067 x10:00000067
17087834ns          281151 1c008c96 00d70733 add              x14, x14, x13       x14=1a10f018 x14:00000018 x13:1a10f000
17087854ns          281152 1c008c98 00a7e723 p.sw             x10, x0(x15)        x10:00000067 x15:00000000  PA:1a10f018
17088172ns          281168 1c008c9c 00000513 addi             x10, x0, 0          x10=00000000
17088192ns          281169 1c008c9e 00008067 jalr             x0, x1, 0            x1:1c008d6e
17088252ns          281172 1c008d6e 31f52563 p.beqimm         x10, 778            x10:00000000
17088272ns          281173 1c008d72 001d8d93 addi             x27, x27, 1         x27=00000008 x27:00000007
17088292ns          281174 1c008d74 00044503 lbu              x10, 0(x8)          x10=00000020  x8:1c000048  PA:1c000048
17088590ns          281189 1c008d78 00140413 addi             x8, x8, 1            x8=1c000049  x8:1c000048
17088610ns          281190 1c008d7a fe0514e3 bne              x10, x0, -24        x10:00000020
17088690ns          281194 1c008d62 02500793 addi             x15, x0, 37         x15=00000025
17088709ns          281195 1c008d66 04f50863 beq              x10, x15, 80        x10:00000020 x15:00000025
17088729ns          281196 1c008d6a 01a005b3 add              x11, x0, x26        x11=00000002 x26:00000002
17088749ns          281197 1c008d6c 000b00e7 jalr             x1, x22, 0           x1=1c008d6e x22:1c008c78
17088789ns          281199 1c008c78 000026b7 lui              x13, 0x2000         x13=00002000
17088809ns          281200 1c008c7a f14027f3 csrrs            x15, x0, 0xf14      x15=00000003
17088829ns          281201 1c008c7e f8068693 addi             x13, x13, -128      x13=00001f80 x13:00002000
17088849ns          281202 1c008c82 00379713 slli             x14, x15, 0x3       x14=00000018 x15:00000003
17088869ns          281203 1c008c86 00279793 slli             x15, x15, 0x2       x15=0000000c x15:00000003
17088888ns          281204 1c008c88 00d7f7b3 and              x15, x15, x13       x15=00000000 x15:0000000c x13:00001f80
17088908ns          281205 1c008c8a ee873733 p.bclr           x14, x14, 23, 8     x14=00000018 x14:00000018
17088928ns          281206 1c008c8e 1a10f6b7 lui              x13, 0x1a10f000     x13=1a10f000
17088948ns          281207 1c008c92 0ff57513 andi             x10, x10, 255       x10=00000020 x10:00000020
17088968ns          281208 1c008c96 00d70733 add              x14, x14, x13       x14=1a10f018 x14:00000018 x13:1a10f000
17088988ns          281209 1c008c98 00a7e723 p.sw             x10, x0(x15)        x10:00000020 x15:00000000  PA:1a10f018
17089306ns          281225 1c008c9c 00000513 addi             x10, x0, 0          x10=00000000
17089326ns          281226 1c008c9e 00008067 jalr             x0, x1, 0            x1:1c008d6e
17089386ns          281229 1c008d6e 31f52563 p.beqimm         x10, 778            x10:00000000
17089406ns          281230 1c008d72 001d8d93 addi             x27, x27, 1         x27=00000009 x27:00000008
17089426ns          281231 1c008d74 00044503 lbu              x10, 0(x8)          x10=00000025  x8:1c000049  PA:1c000049
17089724ns          281246 1c008d78 00140413 addi             x8, x8, 1            x8=1c00004a  x8:1c000049
17089744ns          281247 1c008d7a fe0514e3 bne              x10, x0, -24        x10:00000025
17089823ns          281251 1c008d62 02500793 addi             x15, x0, 37         x15=00000025
17089843ns          281252 1c008d66 04f50863 beq              x10, x15, 80        x10:00000025 x15:00000025
17090201ns          281270 1c008db6 00044483 lbu              x9, 0(x8)            x9=00000064  x8:1c00004a  PA:1c00004a
17090599ns          281290 1c008dba 02000693 addi             x13, x0, 32         x13=00000020
17090659ns          281293 1c008dbe 00140a93 addi             x21, x8, 1          x21=1c00004b  x8:1c00004a
17090679ns          281294 1c008dc2 009005b3 add              x11, x0, x9         x11=00000064  x9:00000064
17090699ns          281295 1c008dc4 0fcb8513 addi             x10, x23, 252       x10=1c0000fc x23:1c000000
17090718ns          281296 1c008dc8 00d12823 sw               x13, 16(x2)         x13:00000020  x2:10001cd8  PA:10001ce8
17090738ns          281297 1c008dca 00012c23 sw               x0, 24(x2)           x2:10001cd8  PA:10001cf0
17090758ns          281298 1c008dcc 00012a23 sw               x0, 20(x2)           x2:10001cd8  PA:10001cec
17090778ns          281299 1c008dce 00012e23 sw               x0, 28(x2)           x2:10001cd8  PA:10001cf4
17091176ns          281319 1c008dd0 00012623 sw               x0, 12(x2)           x2:10001cd8  PA:10001ce4
17091216ns          281321 1c008dd2 02300913 addi             x18, x0, 35         x18=00000023
17091236ns          281322 1c008dd6 02d00a13 addi             x20, x0, 45         x20=0000002d
17091255ns          281323 1c008dda 015009b3 add              x19, x0, x21        x19=1c00004b x21:1c00004b
17091275ns          281324 1c008ddc e1dff0ef jal              x1, -484             x1=1c008dde
17092170ns          281369 1c008bf8 00054783 lbu              x15, 0(x10)         x15=0000002d x10:1c0000fc  PA:1c0000fc
17092608ns          281391 1c008bfc 0ff5f593 andi             x11, x11, 255       x11=00000064 x11:00000064
17092668ns          281394 1c008c00 00b78c63 beq              x15, x11, 24        x15:0000002d x11:00000064
17092708ns          281396 1c008c04 00078b63 beq              x15, x0, 22         x15:0000002d
17092727ns          281397 1c008c06 00150793 addi             x15, x10, 1         x15=1c0000fd x10:1c0000fc
17092747ns          281398 1c008c0a 0040006f jal              x0, 4              
17093225ns          281422 1c008c0e 00f00533 add              x10, x0, x15        x10=1c0000fd x15:1c0000fd
17093245ns          281423 1c008c10 0017c70b p.lbu            x14, 1(x15!)        x14=0000002b x15=1c0000fe x15:1c0000fd  PA:1c0000fd
17093722ns          281447 1c008c14 feb71ce3 bne              x14, x11, -8        x14:0000002b x11:00000064
17093782ns          281450 1c008c0c 00070763 beq              x14, x0, 14         x14:0000002b
17093802ns          281451 1c008c0e 00f00533 add              x10, x0, x15        x10=1c0000fe x15:1c0000fe
17093821ns          281452 1c008c10 0017c70b p.lbu            x14, 1(x15!)        x14=00000020 x15=1c0000ff x15:1c0000fe  PA:1c0000fe
17094160ns          281469 1c008c14 feb71ce3 bne              x14, x11, -8        x14:00000020 x11:00000064
17094219ns          281472 1c008c0c 00070763 beq              x14, x0, 14         x14:00000020
17094239ns          281473 1c008c0e 00f00533 add              x10, x0, x15        x10=1c0000ff x15:1c0000ff
17094259ns          281474 1c008c10 0017c70b p.lbu            x14, 1(x15!)        x14=00000023 x15=1c000100 x15:1c0000ff  PA:1c0000ff
17094577ns          281490 1c008c14 feb71ce3 bne              x14, x11, -8        x14:00000023 x11:00000064
17094637ns          281493 1c008c0c 00070763 beq              x14, x0, 14         x14:00000023
17094657ns          281494 1c008c0e 00f00533 add              x10, x0, x15        x10=1c000100 x15:1c000100
17094677ns          281495 1c008c10 0017c70b p.lbu            x14, 1(x15!)        x14=00000030 x15=1c000101 x15:1c000100  PA:1c000100
17094995ns          281511 1c008c14 feb71ce3 bne              x14, x11, -8        x14:00000030 x11:00000064
17095055ns          281514 1c008c0c 00070763 beq              x14, x0, 14         x14:00000030
17095075ns          281515 1c008c0e 00f00533 add              x10, x0, x15        x10=1c000101 x15:1c000101
17095094ns          281516 1c008c10 0017c70b p.lbu            x14, 1(x15!)        x14=00000000 x15=1c000102 x15:1c000101  PA:1c000101
17095433ns          281533 1c008c14 feb71ce3 bne              x14, x11, -8        x14:00000000 x11:00000064
17095492ns          281536 1c008c0c 00070763 beq              x14, x0, 14         x14:00000000
17095572ns          281540 1c008c1a 0015b593 sltiu            x11, x11, 1         x11=00000000 x11:00000064
17095592ns          281541 1c008c1e 40b005b3 sub              x11, x0, x11        x11=00000000 x11:00000000
17095612ns          281542 1c008c22 00b57533 and              x10, x10, x11       x10=00000000 x10:1c000101 x11:00000000
17095631ns          281543 1c008c24 00008067 jalr             x0, x1, 0            x1:1c008dde
17095671ns          281545 1c008dde 02050a63 beq              x10, x0, 52         x10:00000000
17096149ns          281569 1c008e12 02a00613 addi             x12, x0, 42         x12=0000002a
17096169ns          281570 1c008e16 2ac48663 beq              x9, x12, 684         x9:00000064 x12:0000002a
17096188ns          281571 1c008e1a fd048613 addi             x12, x9, -48        x12=00000034  x9:00000064
17096208ns          281572 1c008e1e 00900593 addi             x11, x0, 9          x11=00000009
17096626ns          281593 1c008e20 00000913 addi             x18, x0, 0          x18=00000000
17096666ns          281595 1c008e22 28c5f063 bgeu             x11, x12, 640       x11:00000009 x12:00000034
17096686ns          281596 1c008e26 02e00693 addi             x13, x0, 46         x13=0000002e
17096706ns          281597 1c008e2a fff00a13 addi             x20, x0, -1         x20=ffffffff
17096725ns          281598 1c008e2c 2ed48363 beq              x9, x13, 742         x9:00000064 x13:0000002e
17097143ns          281619 1c008e30 1c0007b7 lui              x15, 0x1c000000     x15=1c000000
17097183ns          281621 1c008e34 009005b3 add              x11, x0, x9         x11=00000064  x9:00000064
17097203ns          281622 1c008e36 10478513 addi             x10, x15, 260       x10=1c000104 x15:1c000000
17097223ns          281623 1c008e3a dbfff0ef jal              x1, -578             x1=1c008e3c
17097700ns          281647 1c008bf8 00054783 lbu              x15, 0(x10)         x15=00000068 x10:1c000104  PA:1c000104
17097998ns          281662 1c008bfc 0ff5f593 andi             x11, x11, 255       x11=00000064 x11:00000064
17098018ns          281663 1c008c00 00b78c63 beq              x15, x11, 24        x15:00000068 x11:00000064
17098038ns          281664 1c008c04 00078b63 beq              x15, x0, 22         x15:00000068
17098058ns          281665 1c008c06 00150793 addi             x15, x10, 1         x15=1c000105 x10:1c000104
17098078ns          281666 1c008c0a 0040006f jal              x0, 4              
17098177ns          281671 1c008c0e 00f00533 add              x10, x0, x15        x10=1c000105 x15:1c000105
17098197ns          281672 1c008c10 0017c70b p.lbu            x14, 1(x15!)        x14=0000006c x15=1c000106 x15:1c000105  PA:1c000105
17098536ns          281689 1c008c14 feb71ce3 bne              x14, x11, -8        x14:0000006c x11:00000064
17098595ns          281692 1c008c0c 00070763 beq              x14, x0, 14         x14:0000006c
17098615ns          281693 1c008c0e 00f00533 add              x10, x0, x15        x10=1c000106 x15:1c000106
17098635ns          281694 1c008c10 0017c70b p.lbu            x14, 1(x15!)        x14=0000004c x15=1c000107 x15:1c000106  PA:1c000106
17098953ns          281710 1c008c14 feb71ce3 bne              x14, x11, -8        x14:0000004c x11:00000064
17099013ns          281713 1c008c0c 00070763 beq              x14, x0, 14         x14:0000004c
17099033ns          281714 1c008c0e 00f00533 add              x10, x0, x15        x10=1c000107 x15:1c000107
17099053ns          281715 1c008c10 0017c70b p.lbu            x14, 1(x15!)        x14=0000007a x15=1c000108 x15:1c000107  PA:1c000107
17099371ns          281731 1c008c14 feb71ce3 bne              x14, x11, -8        x14:0000007a x11:00000064
17099431ns          281734 1c008c0c 00070763 beq              x14, x0, 14         x14:0000007a
17099450ns          281735 1c008c0e 00f00533 add              x10, x0, x15        x10=1c000108 x15:1c000108
17099470ns          281736 1c008c10 0017c70b p.lbu            x14, 1(x15!)        x14=00000000 x15=1c000109 x15:1c000108  PA:1c000108
17099828ns          281754 1c008c14 feb71ce3 bne              x14, x11, -8        x14:00000000 x11:00000064
17099888ns          281757 1c008c0c 00070763 beq              x14, x0, 14         x14:00000000
17099968ns          281761 1c008c1a 0015b593 sltiu            x11, x11, 1         x11=00000000 x11:00000064
17099988ns          281762 1c008c1e 40b005b3 sub              x11, x0, x11        x11=00000000 x11:00000000
17100007ns          281763 1c008c22 00b57533 and              x10, x10, x11       x10=00000000 x10:1c000108 x11:00000000
17100027ns          281764 1c008c24 00008067 jalr             x0, x1, 0            x1:1c008e3c
17100067ns          281766 1c008e3c 01300433 add              x8, x0, x19          x8=1c00004b x19:1c00004b
17100087ns          281767 1c008e3e 00050563 beq              x10, x0, 10         x10:00000000
17100147ns          281770 1c008e48 06700693 addi             x13, x0, 103        x13=00000067
17100167ns          281771 1c008e4c 2896d963 bge              x13, x9, 658        x13:00000067  x9:00000064
17101539ns          281840 1c0090de 06500693 addi             x13, x0, 101        x13=00000065
17101579ns          281842 1c0090e2 12d4d563 bge              x9, x13, 298         x9:00000064 x13:00000065
17101599ns          281843 1c0090e6 04700693 addi             x13, x0, 71         x13=00000047
17101619ns          281844 1c0090ea dc96cbe3 blt              x13, x9, -554       x13:00000047  x9:00000064
17102514ns          281889 1c008ec0 06300693 addi             x13, x0, 99         x13=00000063
17102553ns          281891 1c008ec4 0ad488e3 beq              x9, x13, 2224        x9:00000064 x13:00000063
17102573ns          281892 1c008ec8 0096c9e3 blt              x13, x9, 2066       x13:00000063  x9:00000064
17103588ns          281943 1c0096da 000c2583 lw               x11, 0(x24)         x11=00000001 x24:10001e2c  PA:10001e2c
17103608ns          281944 1c0096de 004c0c13 addi             x24, x24, 4         x24=10001e30 x24:10001e2c
17104025ns          281965 1c0096e0 3405cc63 blt              x11, x0, 856        x11:00000001
17104065ns          281967 1c0096e4 01412603 lw               x12, 20(x2)         x12=00000000  x2:10001cd8  PA:10001cec
17104085ns          281968 1c0096e6 00b006b3 add              x13, x0, x11        x13=00000001 x11:00000001
17104105ns          281969 1c0096e8 2e061863 bne              x12, x0, 752        x12:00000000
17104125ns          281970 1c0096ec 01812703 lw               x14, 24(x2)         x14=00000000  x2:10001cd8  PA:10001cf0
17104145ns          281971 1c0096ee 019007b3 add              x15, x0, x25        x15=10001cfc x25:10001cfc
17104543ns          281991 1c0096f0 00070763 beq              x14, x0, 14         x14:00000000
17104602ns          281994 1c0096fe 00f00733 add              x14, x0, x15        x14=10001cfc x15:10001cfc
17105060ns          282017 1c009700 00a00513 addi             x10, x0, 10         x10=0000000a
17105099ns          282019 1c009702 02a6f633 remu             x12, x13, x10       x12=00000001 x13:00000001 x10:0000000a
17105716ns          282050 1c009706 02a6d6b3 divu             x13, x13, x10       x13=00000000 x13:00000001 x10:0000000a
17106333ns          282081 1c00970a 03060613 addi             x12, x12, 48        x12=00000031 x12:00000001
17106353ns          282082 1c00970e 00c700ab p.sb             x12, 1(x14!)        x14=10001cfd x12:00000031 x14:10001cfc  PA:10001cfc
17106372ns          282083 1c009712 fe0698e3 bne              x13, x0, -16        x13:00000000
17106392ns          282084 1c009714 40f706b3 sub              x13, x14, x15       x13=00000001 x14:10001cfd x15:10001cfc
17106412ns          282085 1c009718 0146dc63 bge              x13, x20, 24        x13:00000001 x20:ffffffff
17107307ns          282130 1c009730 00e006b3 add              x13, x0, x14        x13=10001cfd x14:10001cfd
17107347ns          282132 1c009732 fe068fab p.sb             x0, -1(x13!)        x13=10001cfc x13:10001cfd  PA:10001cfd
17107367ns          282133 1c009736 00d7fc63 bgeu             x15, x13, 24        x15:10001cfc x13:10001cfc
17107864ns          282158 1c00974e 01412783 lw               x15, 20(x2)         x15=00000000  x2:10001cd8  PA:10001cec
17108302ns          282180 1c009750 01812603 lw               x12, 24(x2)         x12=00000000  x2:10001cd8  PA:10001cf0
17108342ns          282182 1c009752 419704b3 sub              x9, x14, x25         x9=00000001 x14:10001cfd x25:10001cfc
17108362ns          282183 1c009756 00c7e7b3 or               x15, x15, x12       x15=00000000 x15:00000000 x12:00000000
17108381ns          282184 1c009758 00f12623 sw               x15, 12(x2)         x15:00000000  x2:10001cd8  PA:10001ce4
17108401ns          282185 1c00975a 00079363 bne              x15, x0, 6          x15:00000000
17108421ns          282186 1c00975c 01f5d593 srli             x11, x11, 0x1f      x11=00000000 x11:00000001
17108441ns          282187 1c00975e 00b12623 sw               x11, 12(x2)         x11:00000000  x2:10001cd8  PA:10001ce4
17108819ns          282206 1c009760 e3fa28e3 p.beqimm         x20, -464           x20:ffffffff
17109296ns          282230 1c009590 0c800793 addi             x15, x0, 200        x15=000000c8
17109336ns          282232 1c009594 9e97d0e3 bge              x15, x9, -1568      x15:000000c8  x9:00000001
17109814ns          282256 1c008f74 0f24d163 bge              x9, x18, 226         x9:00000001 x18:00000000
17110351ns          282283 1c009056 d00482e3 beq              x9, x0, -764         x9:00000001
17110371ns          282284 1c00905a 01900933 add              x18, x0, x25        x18=10001cfc x25:10001cfc
17110390ns          282285 1c00905c 419d8db3 sub              x27, x27, x25       x27=efffe30d x27:00000009 x25:10001cfc
17110808ns          282306 1c009060 00a0006f jal              x0, 10             
17110868ns          282309 1c00906a 0019450b p.lbu            x10, 1(x18!)        x10=00000031 x18=10001cfd x18:10001cfc  PA:10001cfc
17110888ns          282310 1c00906e 01a005b3 add              x11, x0, x26        x11=00000002 x26:00000002
17111305ns          282331 1c009070 000b00e7 jalr             x1, x22, 0           x1=1c009072 x22:1c008c78
17111385ns          282335 1c008c78 000026b7 lui              x13, 0x2000         x13=00002000
17111425ns          282337 1c008c7a f14027f3 csrrs            x15, x0, 0xf14      x15=00000003
17111445ns          282338 1c008c7e f8068693 addi             x13, x13, -128      x13=00001f80 x13:00002000
17111465ns          282339 1c008c82 00379713 slli             x14, x15, 0x3       x14=00000018 x15:00000003
17111484ns          282340 1c008c86 00279793 slli             x15, x15, 0x2       x15=0000000c x15:00000003
17111504ns          282341 1c008c88 00d7f7b3 and              x15, x15, x13       x15=00000000 x15:0000000c x13:00001f80
17111524ns          282342 1c008c8a ee873733 p.bclr           x14, x14, 23, 8     x14=00000018 x14:00000018
17111564ns          282344 1c008c8e 1a10f6b7 lui              x13, 0x1a10f000     x13=1a10f000
17111604ns          282346 1c008c92 0ff57513 andi             x10, x10, 255       x10=00000031 x10:00000031
17111624ns          282347 1c008c96 00d70733 add              x14, x14, x13       x14=1a10f018 x14:00000018 x13:1a10f000
17111644ns          282348 1c008c98 00a7e723 p.sw             x10, x0(x15)        x10:00000031 x15:00000000  PA:1a10f018
17112141ns          282373 1c008c9c 00000513 addi             x10, x0, 0          x10=00000000
17112161ns          282374 1c008c9e 00008067 jalr             x0, x1, 0            x1:1c009072
17112200ns          282376 1c009072 fff48493 addi             x9, x9, -1           x9=00000000  x9:00000001
17112220ns          282377 1c009074 fff537e3 p.bneimm         x10, -18            x10:00000000
17112300ns          282381 1c009062 012d8733 add              x14, x27, x18       x14=0000000a x27:efffe30d x18:10001cfd
17112320ns          282382 1c009066 5a048b63 beq              x9, x0, 1462         x9:00000000
17112658ns          282399 1c00961c 00e00db3 add              x27, x0, x14        x27=0000000a x14:0000000a
17113115ns          282422 1c00961e f3cff06f jal              x0, -2244          
17113235ns          282428 1c008d5a 00044503 lbu              x10, 0(x8)          x10=00000020  x8:1c00004b  PA:1c00004b
17113533ns          282443 1c008d5e 00140413 addi             x8, x8, 1            x8=1c00004c  x8:1c00004b
17113553ns          282444 1c008d60 00050e63 beq              x10, x0, 28         x10:00000020
17113573ns          282445 1c008d62 02500793 addi             x15, x0, 37         x15=00000025
17113593ns          282446 1c008d66 04f50863 beq              x10, x15, 80        x10:00000020 x15:00000025
17113613ns          282447 1c008d6a 01a005b3 add              x11, x0, x26        x11=00000002 x26:00000002
17113633ns          282448 1c008d6c 000b00e7 jalr             x1, x22, 0           x1=1c008d6e x22:1c008c78
17113712ns          282452 1c008c78 000026b7 lui              x13, 0x2000         x13=00002000
17113732ns          282453 1c008c7a f14027f3 csrrs            x15, x0, 0xf14      x15=00000003
17113752ns          282454 1c008c7e f8068693 addi             x13, x13, -128      x13=00001f80 x13:00002000
17113772ns          282455 1c008c82 00379713 slli             x14, x15, 0x3       x14=00000018 x15:00000003
17113792ns          282456 1c008c86 00279793 slli             x15, x15, 0x2       x15=0000000c x15:00000003
17113812ns          282457 1c008c88 00d7f7b3 and              x15, x15, x13       x15=00000000 x15:0000000c x13:00001f80
17113832ns          282458 1c008c8a ee873733 p.bclr           x14, x14, 23, 8     x14=00000018 x14:00000018
17113851ns          282459 1c008c8e 1a10f6b7 lui              x13, 0x1a10f000     x13=1a10f000
17113871ns          282460 1c008c92 0ff57513 andi             x10, x10, 255       x10=00000020 x10:00000020
17113891ns          282461 1c008c96 00d70733 add              x14, x14, x13       x14=1a10f018 x14:00000018 x13:1a10f000
17113911ns          282462 1c008c98 00a7e723 p.sw             x10, x0(x15)        x10:00000020 x15:00000000  PA:1a10f018
17114388ns          282486 1c008c9c 00000513 addi             x10, x0, 0          x10=00000000
17114408ns          282487 1c008c9e 00008067 jalr             x0, x1, 0            x1:1c008d6e
17114468ns          282490 1c008d6e 31f52563 p.beqimm         x10, 778            x10:00000000
17114488ns          282491 1c008d72 001d8d93 addi             x27, x27, 1         x27=0000000b x27:0000000a
17114508ns          282492 1c008d74 00044503 lbu              x10, 0(x8)          x10=0000006b  x8:1c00004c  PA:1c00004c
17114806ns          282507 1c008d78 00140413 addi             x8, x8, 1            x8=1c00004d  x8:1c00004c
17114826ns          282508 1c008d7a fe0514e3 bne              x10, x0, -24        x10:0000006b
17114906ns          282512 1c008d62 02500793 addi             x15, x0, 37         x15=00000025
17114925ns          282513 1c008d66 04f50863 beq              x10, x15, 80        x10:0000006b x15:00000025
17114945ns          282514 1c008d6a 01a005b3 add              x11, x0, x26        x11=00000002 x26:00000002
17114965ns          282515 1c008d6c 000b00e7 jalr             x1, x22, 0           x1=1c008d6e x22:1c008c78
17115005ns          282517 1c008c78 000026b7 lui              x13, 0x2000         x13=00002000
17115025ns          282518 1c008c7a f14027f3 csrrs            x15, x0, 0xf14      x15=00000003
17115045ns          282519 1c008c7e f8068693 addi             x13, x13, -128      x13=00001f80 x13:00002000
17115065ns          282520 1c008c82 00379713 slli             x14, x15, 0x3       x14=00000018 x15:00000003
17115085ns          282521 1c008c86 00279793 slli             x15, x15, 0x2       x15=0000000c x15:00000003
17115105ns          282522 1c008c88 00d7f7b3 and              x15, x15, x13       x15=00000000 x15:0000000c x13:00001f80
17115124ns          282523 1c008c8a ee873733 p.bclr           x14, x14, 23, 8     x14=00000018 x14:00000018
17115144ns          282524 1c008c8e 1a10f6b7 lui              x13, 0x1a10f000     x13=1a10f000
17115164ns          282525 1c008c92 0ff57513 andi             x10, x10, 255       x10=0000006b x10:0000006b
17115184ns          282526 1c008c96 00d70733 add              x14, x14, x13       x14=1a10f018 x14:00000018 x13:1a10f000
17115204ns          282527 1c008c98 00a7e723 p.sw             x10, x0(x15)        x10:0000006b x15:00000000  PA:1a10f018
17115542ns          282544 1c008c9c 00000513 addi             x10, x0, 0          x10=00000000
17115562ns          282545 1c008c9e 00008067 jalr             x0, x1, 0            x1:1c008d6e
17115622ns          282548 1c008d6e 31f52563 p.beqimm         x10, 778            x10:00000000
17115642ns          282549 1c008d72 001d8d93 addi             x27, x27, 1         x27=0000000c x27:0000000b
17115661ns          282550 1c008d74 00044503 lbu              x10, 0(x8)          x10=00000065  x8:1c00004d  PA:1c00004d
17115960ns          282565 1c008d78 00140413 addi             x8, x8, 1            x8=1c00004e  x8:1c00004d
17115980ns          282566 1c008d7a fe0514e3 bne              x10, x0, -24        x10:00000065
17116059ns          282570 1c008d62 02500793 addi             x15, x0, 37         x15=00000025
17116079ns          282571 1c008d66 04f50863 beq              x10, x15, 80        x10:00000065 x15:00000025
17116099ns          282572 1c008d6a 01a005b3 add              x11, x0, x26        x11=00000002 x26:00000002
17116119ns          282573 1c008d6c 000b00e7 jalr             x1, x22, 0           x1=1c008d6e x22:1c008c78
17116159ns          282575 1c008c78 000026b7 lui              x13, 0x2000         x13=00002000
17116179ns          282576 1c008c7a f14027f3 csrrs            x15, x0, 0xf14      x15=00000003
17116199ns          282577 1c008c7e f8068693 addi             x13, x13, -128      x13=00001f80 x13:00002000
17116218ns          282578 1c008c82 00379713 slli             x14, x15, 0x3       x14=00000018 x15:00000003
17116238ns          282579 1c008c86 00279793 slli             x15, x15, 0x2       x15=0000000c x15:00000003
17116258ns          282580 1c008c88 00d7f7b3 and              x15, x15, x13       x15=00000000 x15:0000000c x13:00001f80
17116278ns          282581 1c008c8a ee873733 p.bclr           x14, x14, 23, 8     x14=00000018 x14:00000018
17116298ns          282582 1c008c8e 1a10f6b7 lui              x13, 0x1a10f000     x13=1a10f000
17116318ns          282583 1c008c92 0ff57513 andi             x10, x10, 255       x10=00000065 x10:00000065
17116338ns          282584 1c008c96 00d70733 add              x14, x14, x13       x14=1a10f018 x14:00000018 x13:1a10f000
17116358ns          282585 1c008c98 00a7e723 p.sw             x10, x0(x15)        x10:00000065 x15:00000000  PA:1a10f018
17116696ns          282602 1c008c9c 00000513 addi             x10, x0, 0          x10=00000000
17116716ns          282603 1c008c9e 00008067 jalr             x0, x1, 0            x1:1c008d6e
17116775ns          282606 1c008d6e 31f52563 p.beqimm         x10, 778            x10:00000000
17116795ns          282607 1c008d72 001d8d93 addi             x27, x27, 1         x27=0000000d x27:0000000c
17116815ns          282608 1c008d74 00044503 lbu              x10, 0(x8)          x10=00000072  x8:1c00004e  PA:1c00004e
17117113ns          282623 1c008d78 00140413 addi             x8, x8, 1            x8=1c00004f  x8:1c00004e
17117133ns          282624 1c008d7a fe0514e3 bne              x10, x0, -24        x10:00000072
17117213ns          282628 1c008d62 02500793 addi             x15, x0, 37         x15=00000025
17117233ns          282629 1c008d66 04f50863 beq              x10, x15, 80        x10:00000072 x15:00000025
17117253ns          282630 1c008d6a 01a005b3 add              x11, x0, x26        x11=00000002 x26:00000002
17117273ns          282631 1c008d6c 000b00e7 jalr             x1, x22, 0           x1=1c008d6e x22:1c008c78
17117312ns          282633 1c008c78 000026b7 lui              x13, 0x2000         x13=00002000
17117332ns          282634 1c008c7a f14027f3 csrrs            x15, x0, 0xf14      x15=00000003
17117352ns          282635 1c008c7e f8068693 addi             x13, x13, -128      x13=00001f80 x13:00002000
17117372ns          282636 1c008c82 00379713 slli             x14, x15, 0x3       x14=00000018 x15:00000003
17117392ns          282637 1c008c86 00279793 slli             x15, x15, 0x2       x15=0000000c x15:00000003
17117412ns          282638 1c008c88 00d7f7b3 and              x15, x15, x13       x15=00000000 x15:0000000c x13:00001f80
17117432ns          282639 1c008c8a ee873733 p.bclr           x14, x14, 23, 8     x14=00000018 x14:00000018
17117452ns          282640 1c008c8e 1a10f6b7 lui              x13, 0x1a10f000     x13=1a10f000
17117472ns          282641 1c008c92 0ff57513 andi             x10, x10, 255       x10=00000072 x10:00000072
17117491ns          282642 1c008c96 00d70733 add              x14, x14, x13       x14=1a10f018 x14:00000018 x13:1a10f000
17117511ns          282643 1c008c98 00a7e723 p.sw             x10, x0(x15)        x10:00000072 x15:00000000  PA:1a10f018
17117830ns          282659 1c008c9c 00000513 addi             x10, x0, 0          x10=00000000
17117849ns          282660 1c008c9e 00008067 jalr             x0, x1, 0            x1:1c008d6e
17117909ns          282663 1c008d6e 31f52563 p.beqimm         x10, 778            x10:00000000
17117929ns          282664 1c008d72 001d8d93 addi             x27, x27, 1         x27=0000000e x27:0000000d
17117949ns          282665 1c008d74 00044503 lbu              x10, 0(x8)          x10=0000006e  x8:1c00004f  PA:1c00004f
17118247ns          282680 1c008d78 00140413 addi             x8, x8, 1            x8=1c000050  x8:1c00004f
17118267ns          282681 1c008d7a fe0514e3 bne              x10, x0, -24        x10:0000006e
17118347ns          282685 1c008d62 02500793 addi             x15, x0, 37         x15=00000025
17118367ns          282686 1c008d66 04f50863 beq              x10, x15, 80        x10:0000006e x15:00000025
17118386ns          282687 1c008d6a 01a005b3 add              x11, x0, x26        x11=00000002 x26:00000002
17118406ns          282688 1c008d6c 000b00e7 jalr             x1, x22, 0           x1=1c008d6e x22:1c008c78
17118446ns          282690 1c008c78 000026b7 lui              x13, 0x2000         x13=00002000
17118466ns          282691 1c008c7a f14027f3 csrrs            x15, x0, 0xf14      x15=00000003
17118486ns          282692 1c008c7e f8068693 addi             x13, x13, -128      x13=00001f80 x13:00002000
17118506ns          282693 1c008c82 00379713 slli             x14, x15, 0x3       x14=00000018 x15:00000003
17118526ns          282694 1c008c86 00279793 slli             x15, x15, 0x2       x15=0000000c x15:00000003
17118546ns          282695 1c008c88 00d7f7b3 and              x15, x15, x13       x15=00000000 x15:0000000c x13:00001f80
17118566ns          282696 1c008c8a ee873733 p.bclr           x14, x14, 23, 8     x14=00000018 x14:00000018
17118585ns          282697 1c008c8e 1a10f6b7 lui              x13, 0x1a10f000     x13=1a10f000
17118605ns          282698 1c008c92 0ff57513 andi             x10, x10, 255       x10=0000006e x10:0000006e
17118625ns          282699 1c008c96 00d70733 add              x14, x14, x13       x14=1a10f018 x14:00000018 x13:1a10f000
17118645ns          282700 1c008c98 00a7e723 p.sw             x10, x0(x15)        x10:0000006e x15:00000000  PA:1a10f018
17118963ns          282716 1c008c9c 00000513 addi             x10, x0, 0          x10=00000000
17118983ns          282717 1c008c9e 00008067 jalr             x0, x1, 0            x1:1c008d6e
17119043ns          282720 1c008d6e 31f52563 p.beqimm         x10, 778            x10:00000000
17119063ns          282721 1c008d72 001d8d93 addi             x27, x27, 1         x27=0000000f x27:0000000e
17119083ns          282722 1c008d74 00044503 lbu              x10, 0(x8)          x10=00000065  x8:1c000050  PA:1c000050
17119401ns          282738 1c008d78 00140413 addi             x8, x8, 1            x8=1c000051  x8:1c000050
17119421ns          282739 1c008d7a fe0514e3 bne              x10, x0, -24        x10:00000065
17119500ns          282743 1c008d62 02500793 addi             x15, x0, 37         x15=00000025
17119520ns          282744 1c008d66 04f50863 beq              x10, x15, 80        x10:00000065 x15:00000025
17119540ns          282745 1c008d6a 01a005b3 add              x11, x0, x26        x11=00000002 x26:00000002
17119560ns          282746 1c008d6c 000b00e7 jalr             x1, x22, 0           x1=1c008d6e x22:1c008c78
17119600ns          282748 1c008c78 000026b7 lui              x13, 0x2000         x13=00002000
17119620ns          282749 1c008c7a f14027f3 csrrs            x15, x0, 0xf14      x15=00000003
17119640ns          282750 1c008c7e f8068693 addi             x13, x13, -128      x13=00001f80 x13:00002000
17119659ns          282751 1c008c82 00379713 slli             x14, x15, 0x3       x14=00000018 x15:00000003
17119679ns          282752 1c008c86 00279793 slli             x15, x15, 0x2       x15=0000000c x15:00000003
17119699ns          282753 1c008c88 00d7f7b3 and              x15, x15, x13       x15=00000000 x15:0000000c x13:00001f80
17119719ns          282754 1c008c8a ee873733 p.bclr           x14, x14, 23, 8     x14=00000018 x14:00000018
17119739ns          282755 1c008c8e 1a10f6b7 lui              x13, 0x1a10f000     x13=1a10f000
17119759ns          282756 1c008c92 0ff57513 andi             x10, x10, 255       x10=00000065 x10:00000065
17119779ns          282757 1c008c96 00d70733 add              x14, x14, x13       x14=1a10f018 x14:00000018 x13:1a10f000
17119799ns          282758 1c008c98 00a7e723 p.sw             x10, x0(x15)        x10:00000065 x15:00000000  PA:1a10f018
17120117ns          282774 1c008c9c 00000513 addi             x10, x0, 0          x10=00000000
17120137ns          282775 1c008c9e 00008067 jalr             x0, x1, 0            x1:1c008d6e
17120197ns          282778 1c008d6e 31f52563 p.beqimm         x10, 778            x10:00000000
17120216ns          282779 1c008d72 001d8d93 addi             x27, x27, 1         x27=00000010 x27:0000000f
17120236ns          282780 1c008d74 00044503 lbu              x10, 0(x8)          x10=0000006c  x8:1c000051  PA:1c000051
17120535ns          282795 1c008d78 00140413 addi             x8, x8, 1            x8=1c000052  x8:1c000051
17120555ns          282796 1c008d7a fe0514e3 bne              x10, x0, -24        x10:0000006c
17120634ns          282800 1c008d62 02500793 addi             x15, x0, 37         x15=00000025
17120654ns          282801 1c008d66 04f50863 beq              x10, x15, 80        x10:0000006c x15:00000025
17120674ns          282802 1c008d6a 01a005b3 add              x11, x0, x26        x11=00000002 x26:00000002
17120694ns          282803 1c008d6c 000b00e7 jalr             x1, x22, 0           x1=1c008d6e x22:1c008c78
17120734ns          282805 1c008c78 000026b7 lui              x13, 0x2000         x13=00002000
17120753ns          282806 1c008c7a f14027f3 csrrs            x15, x0, 0xf14      x15=00000003
17120773ns          282807 1c008c7e f8068693 addi             x13, x13, -128      x13=00001f80 x13:00002000
17120793ns          282808 1c008c82 00379713 slli             x14, x15, 0x3       x14=00000018 x15:00000003
17120813ns          282809 1c008c86 00279793 slli             x15, x15, 0x2       x15=0000000c x15:00000003
17120833ns          282810 1c008c88 00d7f7b3 and              x15, x15, x13       x15=00000000 x15:0000000c x13:00001f80
17120853ns          282811 1c008c8a ee873733 p.bclr           x14, x14, 23, 8     x14=00000018 x14:00000018
17120873ns          282812 1c008c8e 1a10f6b7 lui              x13, 0x1a10f000     x13=1a10f000
17120893ns          282813 1c008c92 0ff57513 andi             x10, x10, 255       x10=0000006c x10:0000006c
17120913ns          282814 1c008c96 00d70733 add              x14, x14, x13       x14=1a10f018 x14:00000018 x13:1a10f000
17120933ns          282815 1c008c98 00a7e723 p.sw             x10, x0(x15)        x10:0000006c x15:00000000  PA:1a10f018
17121251ns          282831 1c008c9c 00000513 addi             x10, x0, 0          x10=00000000
17121271ns          282832 1c008c9e 00008067 jalr             x0, x1, 0            x1:1c008d6e
17121330ns          282835 1c008d6e 31f52563 p.beqimm         x10, 778            x10:00000000
17121350ns          282836 1c008d72 001d8d93 addi             x27, x27, 1         x27=00000011 x27:00000010
17121370ns          282837 1c008d74 00044503 lbu              x10, 0(x8)          x10=00000020  x8:1c000052  PA:1c000052
17121668ns          282852 1c008d78 00140413 addi             x8, x8, 1            x8=1c000053  x8:1c000052
17121688ns          282853 1c008d7a fe0514e3 bne              x10, x0, -24        x10:00000020
17121768ns          282857 1c008d62 02500793 addi             x15, x0, 37         x15=00000025
17121788ns          282858 1c008d66 04f50863 beq              x10, x15, 80        x10:00000020 x15:00000025
17121808ns          282859 1c008d6a 01a005b3 add              x11, x0, x26        x11=00000002 x26:00000002
17121828ns          282860 1c008d6c 000b00e7 jalr             x1, x22, 0           x1=1c008d6e x22:1c008c78
17121867ns          282862 1c008c78 000026b7 lui              x13, 0x2000         x13=00002000
17121887ns          282863 1c008c7a f14027f3 csrrs            x15, x0, 0xf14      x15=00000003
17121907ns          282864 1c008c7e f8068693 addi             x13, x13, -128      x13=00001f80 x13:00002000
17121927ns          282865 1c008c82 00379713 slli             x14, x15, 0x3       x14=00000018 x15:00000003
17121947ns          282866 1c008c86 00279793 slli             x15, x15, 0x2       x15=0000000c x15:00000003
17121967ns          282867 1c008c88 00d7f7b3 and              x15, x15, x13       x15=00000000 x15:0000000c x13:00001f80
17121987ns          282868 1c008c8a ee873733 p.bclr           x14, x14, 23, 8     x14=00000018 x14:00000018
17122007ns          282869 1c008c8e 1a10f6b7 lui              x13, 0x1a10f000     x13=1a10f000
17122026ns          282870 1c008c92 0ff57513 andi             x10, x10, 255       x10=00000020 x10:00000020
17122046ns          282871 1c008c96 00d70733 add              x14, x14, x13       x14=1a10f018 x14:00000018 x13:1a10f000
17122066ns          282872 1c008c98 00a7e723 p.sw             x10, x0(x15)        x10:00000020 x15:00000000  PA:1a10f018
17122385ns          282888 1c008c9c 00000513 addi             x10, x0, 0          x10=00000000
17122404ns          282889 1c008c9e 00008067 jalr             x0, x1, 0            x1:1c008d6e
17122464ns          282892 1c008d6e 31f52563 p.beqimm         x10, 778            x10:00000000
17122484ns          282893 1c008d72 001d8d93 addi             x27, x27, 1         x27=00000012 x27:00000011
17122504ns          282894 1c008d74 00044503 lbu              x10, 0(x8)          x10=00000069  x8:1c000053  PA:1c000053
17122802ns          282909 1c008d78 00140413 addi             x8, x8, 1            x8=1c000054  x8:1c000053
17122822ns          282910 1c008d7a fe0514e3 bne              x10, x0, -24        x10:00000069
17122902ns          282914 1c008d62 02500793 addi             x15, x0, 37         x15=00000025
17122922ns          282915 1c008d66 04f50863 beq              x10, x15, 80        x10:00000069 x15:00000025
17122941ns          282916 1c008d6a 01a005b3 add              x11, x0, x26        x11=00000002 x26:00000002
17122961ns          282917 1c008d6c 000b00e7 jalr             x1, x22, 0           x1=1c008d6e x22:1c008c78
17123001ns          282919 1c008c78 000026b7 lui              x13, 0x2000         x13=00002000
17123021ns          282920 1c008c7a f14027f3 csrrs            x15, x0, 0xf14      x15=00000003
17123041ns          282921 1c008c7e f8068693 addi             x13, x13, -128      x13=00001f80 x13:00002000
17123061ns          282922 1c008c82 00379713 slli             x14, x15, 0x3       x14=00000018 x15:00000003
17123081ns          282923 1c008c86 00279793 slli             x15, x15, 0x2       x15=0000000c x15:00000003
17123101ns          282924 1c008c88 00d7f7b3 and              x15, x15, x13       x15=00000000 x15:0000000c x13:00001f80
17123120ns          282925 1c008c8a ee873733 p.bclr           x14, x14, 23, 8     x14=00000018 x14:00000018
17123140ns          282926 1c008c8e 1a10f6b7 lui              x13, 0x1a10f000     x13=1a10f000
17123160ns          282927 1c008c92 0ff57513 andi             x10, x10, 255       x10=00000069 x10:00000069
17123180ns          282928 1c008c96 00d70733 add              x14, x14, x13       x14=1a10f018 x14:00000018 x13:1a10f000
17123200ns          282929 1c008c98 00a7e723 p.sw             x10, x0(x15)        x10:00000069 x15:00000000  PA:1a10f018
17123538ns          282946 1c008c9c 00000513 addi             x10, x0, 0          x10=00000000
17123558ns          282947 1c008c9e 00008067 jalr             x0, x1, 0            x1:1c008d6e
17123618ns          282950 1c008d6e 31f52563 p.beqimm         x10, 778            x10:00000000
17123638ns          282951 1c008d72 001d8d93 addi             x27, x27, 1         x27=00000013 x27:00000012
17123658ns          282952 1c008d74 00044503 lbu              x10, 0(x8)          x10=00000074  x8:1c000054  PA:1c000054
17123956ns          282967 1c008d78 00140413 addi             x8, x8, 1            x8=1c000055  x8:1c000054
17123976ns          282968 1c008d7a fe0514e3 bne              x10, x0, -24        x10:00000074
17124055ns          282972 1c008d62 02500793 addi             x15, x0, 37         x15=00000025
17124075ns          282973 1c008d66 04f50863 beq              x10, x15, 80        x10:00000074 x15:00000025
17124095ns          282974 1c008d6a 01a005b3 add              x11, x0, x26        x11=00000002 x26:00000002
17124115ns          282975 1c008d6c 000b00e7 jalr             x1, x22, 0           x1=1c008d6e x22:1c008c78
17124155ns          282977 1c008c78 000026b7 lui              x13, 0x2000         x13=00002000
17124175ns          282978 1c008c7a f14027f3 csrrs            x15, x0, 0xf14      x15=00000003
17124195ns          282979 1c008c7e f8068693 addi             x13, x13, -128      x13=00001f80 x13:00002000
17124214ns          282980 1c008c82 00379713 slli             x14, x15, 0x3       x14=00000018 x15:00000003
17124234ns          282981 1c008c86 00279793 slli             x15, x15, 0x2       x15=0000000c x15:00000003
17124254ns          282982 1c008c88 00d7f7b3 and              x15, x15, x13       x15=00000000 x15:0000000c x13:00001f80
17124274ns          282983 1c008c8a ee873733 p.bclr           x14, x14, 23, 8     x14=00000018 x14:00000018
17124294ns          282984 1c008c8e 1a10f6b7 lui              x13, 0x1a10f000     x13=1a10f000
17124314ns          282985 1c008c92 0ff57513 andi             x10, x10, 255       x10=00000074 x10:00000074
17124334ns          282986 1c008c96 00d70733 add              x14, x14, x13       x14=1a10f018 x14:00000018 x13:1a10f000
17124354ns          282987 1c008c98 00a7e723 p.sw             x10, x0(x15)        x10:00000074 x15:00000000  PA:1a10f018
17124692ns          283004 1c008c9c 00000513 addi             x10, x0, 0          x10=00000000
17124712ns          283005 1c008c9e 00008067 jalr             x0, x1, 0            x1:1c008d6e
17124771ns          283008 1c008d6e 31f52563 p.beqimm         x10, 778            x10:00000000
17124791ns          283009 1c008d72 001d8d93 addi             x27, x27, 1         x27=00000014 x27:00000013
17124811ns          283010 1c008d74 00044503 lbu              x10, 0(x8)          x10=00000065  x8:1c000055  PA:1c000055
17125110ns          283025 1c008d78 00140413 addi             x8, x8, 1            x8=1c000056  x8:1c000055
17125129ns          283026 1c008d7a fe0514e3 bne              x10, x0, -24        x10:00000065
17125209ns          283030 1c008d62 02500793 addi             x15, x0, 37         x15=00000025
17125229ns          283031 1c008d66 04f50863 beq              x10, x15, 80        x10:00000065 x15:00000025
17125249ns          283032 1c008d6a 01a005b3 add              x11, x0, x26        x11=00000002 x26:00000002
17125269ns          283033 1c008d6c 000b00e7 jalr             x1, x22, 0           x1=1c008d6e x22:1c008c78
17125308ns          283035 1c008c78 000026b7 lui              x13, 0x2000         x13=00002000
17125328ns          283036 1c008c7a f14027f3 csrrs            x15, x0, 0xf14      x15=00000003
17125348ns          283037 1c008c7e f8068693 addi             x13, x13, -128      x13=00001f80 x13:00002000
17125368ns          283038 1c008c82 00379713 slli             x14, x15, 0x3       x14=00000018 x15:00000003
17125388ns          283039 1c008c86 00279793 slli             x15, x15, 0x2       x15=0000000c x15:00000003
17125408ns          283040 1c008c88 00d7f7b3 and              x15, x15, x13       x15=00000000 x15:0000000c x13:00001f80
17125428ns          283041 1c008c8a ee873733 p.bclr           x14, x14, 23, 8     x14=00000018 x14:00000018
17125448ns          283042 1c008c8e 1a10f6b7 lui              x13, 0x1a10f000     x13=1a10f000
17125468ns          283043 1c008c92 0ff57513 andi             x10, x10, 255       x10=00000065 x10:00000065
17125487ns          283044 1c008c96 00d70733 add              x14, x14, x13       x14=1a10f018 x14:00000018 x13:1a10f000
17125507ns          283045 1c008c98 00a7e723 p.sw             x10, x0(x15)        x10:00000065 x15:00000000  PA:1a10f018
17125826ns          283061 1c008c9c 00000513 addi             x10, x0, 0          x10=00000000
17125846ns          283062 1c008c9e 00008067 jalr             x0, x1, 0            x1:1c008d6e
17125905ns          283065 1c008d6e 31f52563 p.beqimm         x10, 778            x10:00000000
17125925ns          283066 1c008d72 001d8d93 addi             x27, x27, 1         x27=00000015 x27:00000014
17125945ns          283067 1c008d74 00044503 lbu              x10, 0(x8)          x10=00000072  x8:1c000056  PA:1c000056
17126243ns          283082 1c008d78 00140413 addi             x8, x8, 1            x8=1c000057  x8:1c000056
17126263ns          283083 1c008d7a fe0514e3 bne              x10, x0, -24        x10:00000072
17126343ns          283087 1c008d62 02500793 addi             x15, x0, 37         x15=00000025
17126363ns          283088 1c008d66 04f50863 beq              x10, x15, 80        x10:00000072 x15:00000025
17126383ns          283089 1c008d6a 01a005b3 add              x11, x0, x26        x11=00000002 x26:00000002
17126402ns          283090 1c008d6c 000b00e7 jalr             x1, x22, 0           x1=1c008d6e x22:1c008c78
17126442ns          283092 1c008c78 000026b7 lui              x13, 0x2000         x13=00002000
17126462ns          283093 1c008c7a f14027f3 csrrs            x15, x0, 0xf14      x15=00000003
17126482ns          283094 1c008c7e f8068693 addi             x13, x13, -128      x13=00001f80 x13:00002000
17126502ns          283095 1c008c82 00379713 slli             x14, x15, 0x3       x14=00000018 x15:00000003
17126522ns          283096 1c008c86 00279793 slli             x15, x15, 0x2       x15=0000000c x15:00000003
17126542ns          283097 1c008c88 00d7f7b3 and              x15, x15, x13       x15=00000000 x15:0000000c x13:00001f80
17126562ns          283098 1c008c8a ee873733 p.bclr           x14, x14, 23, 8     x14=00000018 x14:00000018
17126581ns          283099 1c008c8e 1a10f6b7 lui              x13, 0x1a10f000     x13=1a10f000
17126601ns          283100 1c008c92 0ff57513 andi             x10, x10, 255       x10=00000072 x10:00000072
17126621ns          283101 1c008c96 00d70733 add              x14, x14, x13       x14=1a10f018 x14:00000018 x13:1a10f000
17126641ns          283102 1c008c98 00a7e723 p.sw             x10, x0(x15)        x10:00000072 x15:00000000  PA:1a10f018
17126959ns          283118 1c008c9c 00000513 addi             x10, x0, 0          x10=00000000
17126979ns          283119 1c008c9e 00008067 jalr             x0, x1, 0            x1:1c008d6e
17127039ns          283122 1c008d6e 31f52563 p.beqimm         x10, 778            x10:00000000
17127059ns          283123 1c008d72 001d8d93 addi             x27, x27, 1         x27=00000016 x27:00000015
17127079ns          283124 1c008d74 00044503 lbu              x10, 0(x8)          x10=00000061  x8:1c000057  PA:1c000057
17127397ns          283140 1c008d78 00140413 addi             x8, x8, 1            x8=1c000058  x8:1c000057
17127417ns          283141 1c008d7a fe0514e3 bne              x10, x0, -24        x10:00000061
17127496ns          283145 1c008d62 02500793 addi             x15, x0, 37         x15=00000025
17127516ns          283146 1c008d66 04f50863 beq              x10, x15, 80        x10:00000061 x15:00000025
17127536ns          283147 1c008d6a 01a005b3 add              x11, x0, x26        x11=00000002 x26:00000002
17127556ns          283148 1c008d6c 000b00e7 jalr             x1, x22, 0           x1=1c008d6e x22:1c008c78
17127596ns          283150 1c008c78 000026b7 lui              x13, 0x2000         x13=00002000
17127616ns          283151 1c008c7a f14027f3 csrrs            x15, x0, 0xf14      x15=00000003
17127636ns          283152 1c008c7e f8068693 addi             x13, x13, -128      x13=00001f80 x13:00002000
17127656ns          283153 1c008c82 00379713 slli             x14, x15, 0x3       x14=00000018 x15:00000003
17127675ns          283154 1c008c86 00279793 slli             x15, x15, 0x2       x15=0000000c x15:00000003
17127695ns          283155 1c008c88 00d7f7b3 and              x15, x15, x13       x15=00000000 x15:0000000c x13:00001f80
17127715ns          283156 1c008c8a ee873733 p.bclr           x14, x14, 23, 8     x14=00000018 x14:00000018
17127735ns          283157 1c008c8e 1a10f6b7 lui              x13, 0x1a10f000     x13=1a10f000
17127755ns          283158 1c008c92 0ff57513 andi             x10, x10, 255       x10=00000061 x10:00000061
17127775ns          283159 1c008c96 00d70733 add              x14, x14, x13       x14=1a10f018 x14:00000018 x13:1a10f000
17127795ns          283160 1c008c98 00a7e723 p.sw             x10, x0(x15)        x10:00000061 x15:00000000  PA:1a10f018
17128113ns          283176 1c008c9c 00000513 addi             x10, x0, 0          x10=00000000
17128133ns          283177 1c008c9e 00008067 jalr             x0, x1, 0            x1:1c008d6e
17128193ns          283180 1c008d6e 31f52563 p.beqimm         x10, 778            x10:00000000
17128213ns          283181 1c008d72 001d8d93 addi             x27, x27, 1         x27=00000017 x27:00000016
17128232ns          283182 1c008d74 00044503 lbu              x10, 0(x8)          x10=00000074  x8:1c000058  PA:1c000058
17128531ns          283197 1c008d78 00140413 addi             x8, x8, 1            x8=1c000059  x8:1c000058
17128551ns          283198 1c008d7a fe0514e3 bne              x10, x0, -24        x10:00000074
17128630ns          283202 1c008d62 02500793 addi             x15, x0, 37         x15=00000025
17128650ns          283203 1c008d66 04f50863 beq              x10, x15, 80        x10:00000074 x15:00000025
17128670ns          283204 1c008d6a 01a005b3 add              x11, x0, x26        x11=00000002 x26:00000002
17128690ns          283205 1c008d6c 000b00e7 jalr             x1, x22, 0           x1=1c008d6e x22:1c008c78
17128730ns          283207 1c008c78 000026b7 lui              x13, 0x2000         x13=00002000
17128750ns          283208 1c008c7a f14027f3 csrrs            x15, x0, 0xf14      x15=00000003
17128769ns          283209 1c008c7e f8068693 addi             x13, x13, -128      x13=00001f80 x13:00002000
17128789ns          283210 1c008c82 00379713 slli             x14, x15, 0x3       x14=00000018 x15:00000003
17128809ns          283211 1c008c86 00279793 slli             x15, x15, 0x2       x15=0000000c x15:00000003
17128829ns          283212 1c008c88 00d7f7b3 and              x15, x15, x13       x15=00000000 x15:0000000c x13:00001f80
17128849ns          283213 1c008c8a ee873733 p.bclr           x14, x14, 23, 8     x14=00000018 x14:00000018
17128869ns          283214 1c008c8e 1a10f6b7 lui              x13, 0x1a10f000     x13=1a10f000
17128889ns          283215 1c008c92 0ff57513 andi             x10, x10, 255       x10=00000074 x10:00000074
17128909ns          283216 1c008c96 00d70733 add              x14, x14, x13       x14=1a10f018 x14:00000018 x13:1a10f000
17128929ns          283217 1c008c98 00a7e723 p.sw             x10, x0(x15)        x10:00000074 x15:00000000  PA:1a10f018
17129247ns          283233 1c008c9c 00000513 addi             x10, x0, 0          x10=00000000
17129267ns          283234 1c008c9e 00008067 jalr             x0, x1, 0            x1:1c008d6e
17129326ns          283237 1c008d6e 31f52563 p.beqimm         x10, 778            x10:00000000
17129346ns          283238 1c008d72 001d8d93 addi             x27, x27, 1         x27=00000018 x27:00000017
17129366ns          283239 1c008d74 00044503 lbu              x10, 0(x8)          x10=00000069  x8:1c000059  PA:1c000059
17129665ns          283254 1c008d78 00140413 addi             x8, x8, 1            x8=1c00005a  x8:1c000059
17129684ns          283255 1c008d7a fe0514e3 bne              x10, x0, -24        x10:00000069
17129764ns          283259 1c008d62 02500793 addi             x15, x0, 37         x15=00000025
17129784ns          283260 1c008d66 04f50863 beq              x10, x15, 80        x10:00000069 x15:00000025
17129804ns          283261 1c008d6a 01a005b3 add              x11, x0, x26        x11=00000002 x26:00000002
17129824ns          283262 1c008d6c 000b00e7 jalr             x1, x22, 0           x1=1c008d6e x22:1c008c78
17129863ns          283264 1c008c78 000026b7 lui              x13, 0x2000         x13=00002000
17129883ns          283265 1c008c7a f14027f3 csrrs            x15, x0, 0xf14      x15=00000003
17129903ns          283266 1c008c7e f8068693 addi             x13, x13, -128      x13=00001f80 x13:00002000
17129923ns          283267 1c008c82 00379713 slli             x14, x15, 0x3       x14=00000018 x15:00000003
17129943ns          283268 1c008c86 00279793 slli             x15, x15, 0x2       x15=0000000c x15:00000003
17129963ns          283269 1c008c88 00d7f7b3 and              x15, x15, x13       x15=00000000 x15:0000000c x13:00001f80
17129983ns          283270 1c008c8a ee873733 p.bclr           x14, x14, 23, 8     x14=00000018 x14:00000018
17130003ns          283271 1c008c8e 1a10f6b7 lui              x13, 0x1a10f000     x13=1a10f000
17130023ns          283272 1c008c92 0ff57513 andi             x10, x10, 255       x10=00000069 x10:00000069
17130042ns          283273 1c008c96 00d70733 add              x14, x14, x13       x14=1a10f018 x14:00000018 x13:1a10f000
17130062ns          283274 1c008c98 00a7e723 p.sw             x10, x0(x15)        x10:00000069 x15:00000000  PA:1a10f018
17130381ns          283290 1c008c9c 00000513 addi             x10, x0, 0          x10=00000000
17130400ns          283291 1c008c9e 00008067 jalr             x0, x1, 0            x1:1c008d6e
17130460ns          283294 1c008d6e 31f52563 p.beqimm         x10, 778            x10:00000000
17130480ns          283295 1c008d72 001d8d93 addi             x27, x27, 1         x27=00000019 x27:00000018
17130500ns          283296 1c008d74 00044503 lbu              x10, 0(x8)          x10=0000006f  x8:1c00005a  PA:1c00005a
17130798ns          283311 1c008d78 00140413 addi             x8, x8, 1            x8=1c00005b  x8:1c00005a
17130818ns          283312 1c008d7a fe0514e3 bne              x10, x0, -24        x10:0000006f
17130898ns          283316 1c008d62 02500793 addi             x15, x0, 37         x15=00000025
17130918ns          283317 1c008d66 04f50863 beq              x10, x15, 80        x10:0000006f x15:00000025
17130938ns          283318 1c008d6a 01a005b3 add              x11, x0, x26        x11=00000002 x26:00000002
17130957ns          283319 1c008d6c 000b00e7 jalr             x1, x22, 0           x1=1c008d6e x22:1c008c78
17130997ns          283321 1c008c78 000026b7 lui              x13, 0x2000         x13=00002000
17131017ns          283322 1c008c7a f14027f3 csrrs            x15, x0, 0xf14      x15=00000003
17131037ns          283323 1c008c7e f8068693 addi             x13, x13, -128      x13=00001f80 x13:00002000
17131057ns          283324 1c008c82 00379713 slli             x14, x15, 0x3       x14=00000018 x15:00000003
17131077ns          283325 1c008c86 00279793 slli             x15, x15, 0x2       x15=0000000c x15:00000003
17131097ns          283326 1c008c88 00d7f7b3 and              x15, x15, x13       x15=00000000 x15:0000000c x13:00001f80
17131117ns          283327 1c008c8a ee873733 p.bclr           x14, x14, 23, 8     x14=00000018 x14:00000018
17131136ns          283328 1c008c8e 1a10f6b7 lui              x13, 0x1a10f000     x13=1a10f000
17131156ns          283329 1c008c92 0ff57513 andi             x10, x10, 255       x10=0000006f x10:0000006f
17131176ns          283330 1c008c96 00d70733 add              x14, x14, x13       x14=1a10f018 x14:00000018 x13:1a10f000
17131196ns          283331 1c008c98 00a7e723 p.sw             x10, x0(x15)        x10:0000006f x15:00000000  PA:1a10f018
17131534ns          283348 1c008c9c 00000513 addi             x10, x0, 0          x10=00000000
17131554ns          283349 1c008c9e 00008067 jalr             x0, x1, 0            x1:1c008d6e
17131614ns          283352 1c008d6e 31f52563 p.beqimm         x10, 778            x10:00000000
17131634ns          283353 1c008d72 001d8d93 addi             x27, x27, 1         x27=0000001a x27:00000019
17131654ns          283354 1c008d74 00044503 lbu              x10, 0(x8)          x10=0000006e  x8:1c00005b  PA:1c00005b
17131952ns          283369 1c008d78 00140413 addi             x8, x8, 1            x8=1c00005c  x8:1c00005b
17131972ns          283370 1c008d7a fe0514e3 bne              x10, x0, -24        x10:0000006e
17132051ns          283374 1c008d62 02500793 addi             x15, x0, 37         x15=00000025
17132071ns          283375 1c008d66 04f50863 beq              x10, x15, 80        x10:0000006e x15:00000025
17132091ns          283376 1c008d6a 01a005b3 add              x11, x0, x26        x11=00000002 x26:00000002
17132111ns          283377 1c008d6c 000b00e7 jalr             x1, x22, 0           x1=1c008d6e x22:1c008c78
17132151ns          283379 1c008c78 000026b7 lui              x13, 0x2000         x13=00002000
17132171ns          283380 1c008c7a f14027f3 csrrs            x15, x0, 0xf14      x15=00000003
17132191ns          283381 1c008c7e f8068693 addi             x13, x13, -128      x13=00001f80 x13:00002000
17132211ns          283382 1c008c82 00379713 slli             x14, x15, 0x3       x14=00000018 x15:00000003
17132230ns          283383 1c008c86 00279793 slli             x15, x15, 0x2       x15=0000000c x15:00000003
17132250ns          283384 1c008c88 00d7f7b3 and              x15, x15, x13       x15=00000000 x15:0000000c x13:00001f80
17132270ns          283385 1c008c8a ee873733 p.bclr           x14, x14, 23, 8     x14=00000018 x14:00000018
17132290ns          283386 1c008c8e 1a10f6b7 lui              x13, 0x1a10f000     x13=1a10f000
17132310ns          283387 1c008c92 0ff57513 andi             x10, x10, 255       x10=0000006e x10:0000006e
17132330ns          283388 1c008c96 00d70733 add              x14, x14, x13       x14=1a10f018 x14:00000018 x13:1a10f000
17132350ns          283389 1c008c98 00a7e723 p.sw             x10, x0(x15)        x10:0000006e x15:00000000  PA:1a10f018
17132688ns          283406 1c008c9c 00000513 addi             x10, x0, 0          x10=00000000
17132708ns          283407 1c008c9e 00008067 jalr             x0, x1, 0            x1:1c008d6e
17132767ns          283410 1c008d6e 31f52563 p.beqimm         x10, 778            x10:00000000
17132787ns          283411 1c008d72 001d8d93 addi             x27, x27, 1         x27=0000001b x27:0000001a
17132807ns          283412 1c008d74 00044503 lbu              x10, 0(x8)          x10=00000073  x8:1c00005c  PA:1c00005c
17133106ns          283427 1c008d78 00140413 addi             x8, x8, 1            x8=1c00005d  x8:1c00005c
17133126ns          283428 1c008d7a fe0514e3 bne              x10, x0, -24        x10:00000073
17133205ns          283432 1c008d62 02500793 addi             x15, x0, 37         x15=00000025
17133225ns          283433 1c008d66 04f50863 beq              x10, x15, 80        x10:00000073 x15:00000025
17133245ns          283434 1c008d6a 01a005b3 add              x11, x0, x26        x11=00000002 x26:00000002
17133265ns          283435 1c008d6c 000b00e7 jalr             x1, x22, 0           x1=1c008d6e x22:1c008c78
17133305ns          283437 1c008c78 000026b7 lui              x13, 0x2000         x13=00002000
17133324ns          283438 1c008c7a f14027f3 csrrs            x15, x0, 0xf14      x15=00000003
17133344ns          283439 1c008c7e f8068693 addi             x13, x13, -128      x13=00001f80 x13:00002000
17133364ns          283440 1c008c82 00379713 slli             x14, x15, 0x3       x14=00000018 x15:00000003
17133384ns          283441 1c008c86 00279793 slli             x15, x15, 0x2       x15=0000000c x15:00000003
17133404ns          283442 1c008c88 00d7f7b3 and              x15, x15, x13       x15=00000000 x15:0000000c x13:00001f80
17133424ns          283443 1c008c8a ee873733 p.bclr           x14, x14, 23, 8     x14=00000018 x14:00000018
17133444ns          283444 1c008c8e 1a10f6b7 lui              x13, 0x1a10f000     x13=1a10f000
17133464ns          283445 1c008c92 0ff57513 andi             x10, x10, 255       x10=00000073 x10:00000073
17133484ns          283446 1c008c96 00d70733 add              x14, x14, x13       x14=1a10f018 x14:00000018 x13:1a10f000
17133503ns          283447 1c008c98 00a7e723 p.sw             x10, x0(x15)        x10:00000073 x15:00000000  PA:1a10f018
17133822ns          283463 1c008c9c 00000513 addi             x10, x0, 0          x10=00000000
17133842ns          283464 1c008c9e 00008067 jalr             x0, x1, 0            x1:1c008d6e
17133901ns          283467 1c008d6e 31f52563 p.beqimm         x10, 778            x10:00000000
17133921ns          283468 1c008d72 001d8d93 addi             x27, x27, 1         x27=0000001c x27:0000001b
17133941ns          283469 1c008d74 00044503 lbu              x10, 0(x8)          x10=0000002e  x8:1c00005d  PA:1c00005d
17134239ns          283484 1c008d78 00140413 addi             x8, x8, 1            x8=1c00005e  x8:1c00005d
17134259ns          283485 1c008d7a fe0514e3 bne              x10, x0, -24        x10:0000002e
17134339ns          283489 1c008d62 02500793 addi             x15, x0, 37         x15=00000025
17134359ns          283490 1c008d66 04f50863 beq              x10, x15, 80        x10:0000002e x15:00000025
17134379ns          283491 1c008d6a 01a005b3 add              x11, x0, x26        x11=00000002 x26:00000002
17134399ns          283492 1c008d6c 000b00e7 jalr             x1, x22, 0           x1=1c008d6e x22:1c008c78
17134438ns          283494 1c008c78 000026b7 lui              x13, 0x2000         x13=00002000
17134458ns          283495 1c008c7a f14027f3 csrrs            x15, x0, 0xf14      x15=00000003
17134478ns          283496 1c008c7e f8068693 addi             x13, x13, -128      x13=00001f80 x13:00002000
17134498ns          283497 1c008c82 00379713 slli             x14, x15, 0x3       x14=00000018 x15:00000003
17134518ns          283498 1c008c86 00279793 slli             x15, x15, 0x2       x15=0000000c x15:00000003
17134538ns          283499 1c008c88 00d7f7b3 and              x15, x15, x13       x15=00000000 x15:0000000c x13:00001f80
17134558ns          283500 1c008c8a ee873733 p.bclr           x14, x14, 23, 8     x14=00000018 x14:00000018
17134578ns          283501 1c008c8e 1a10f6b7 lui              x13, 0x1a10f000     x13=1a10f000
17134597ns          283502 1c008c92 0ff57513 andi             x10, x10, 255       x10=0000002e x10:0000002e
17134617ns          283503 1c008c96 00d70733 add              x14, x14, x13       x14=1a10f018 x14:00000018 x13:1a10f000
17134637ns          283504 1c008c98 00a7e723 p.sw             x10, x0(x15)        x10:0000002e x15:00000000  PA:1a10f018
17134955ns          283520 1c008c9c 00000513 addi             x10, x0, 0          x10=00000000
17134975ns          283521 1c008c9e 00008067 jalr             x0, x1, 0            x1:1c008d6e
17135035ns          283524 1c008d6e 31f52563 p.beqimm         x10, 778            x10:00000000
17135055ns          283525 1c008d72 001d8d93 addi             x27, x27, 1         x27=0000001d x27:0000001c
17135075ns          283526 1c008d74 00044503 lbu              x10, 0(x8)          x10=0000002e  x8:1c00005e  PA:1c00005e
17135393ns          283542 1c008d78 00140413 addi             x8, x8, 1            x8=1c00005f  x8:1c00005e
17135413ns          283543 1c008d7a fe0514e3 bne              x10, x0, -24        x10:0000002e
17135493ns          283547 1c008d62 02500793 addi             x15, x0, 37         x15=00000025
17135512ns          283548 1c008d66 04f50863 beq              x10, x15, 80        x10:0000002e x15:00000025
17135532ns          283549 1c008d6a 01a005b3 add              x11, x0, x26        x11=00000002 x26:00000002
17135552ns          283550 1c008d6c 000b00e7 jalr             x1, x22, 0           x1=1c008d6e x22:1c008c78
17135592ns          283552 1c008c78 000026b7 lui              x13, 0x2000         x13=00002000
17135612ns          283553 1c008c7a f14027f3 csrrs            x15, x0, 0xf14      x15=00000003
17135632ns          283554 1c008c7e f8068693 addi             x13, x13, -128      x13=00001f80 x13:00002000
17135652ns          283555 1c008c82 00379713 slli             x14, x15, 0x3       x14=00000018 x15:00000003
17135672ns          283556 1c008c86 00279793 slli             x15, x15, 0x2       x15=0000000c x15:00000003
17135691ns          283557 1c008c88 00d7f7b3 and              x15, x15, x13       x15=00000000 x15:0000000c x13:00001f80
17135711ns          283558 1c008c8a ee873733 p.bclr           x14, x14, 23, 8     x14=00000018 x14:00000018
17135731ns          283559 1c008c8e 1a10f6b7 lui              x13, 0x1a10f000     x13=1a10f000
17135751ns          283560 1c008c92 0ff57513 andi             x10, x10, 255       x10=0000002e x10:0000002e
17135771ns          283561 1c008c96 00d70733 add              x14, x14, x13       x14=1a10f018 x14:00000018 x13:1a10f000
17135791ns          283562 1c008c98 00a7e723 p.sw             x10, x0(x15)        x10:0000002e x15:00000000  PA:1a10f018
17136109ns          283578 1c008c9c 00000513 addi             x10, x0, 0          x10=00000000
17136129ns          283579 1c008c9e 00008067 jalr             x0, x1, 0            x1:1c008d6e
17136189ns          283582 1c008d6e 31f52563 p.beqimm         x10, 778            x10:00000000
17136209ns          283583 1c008d72 001d8d93 addi             x27, x27, 1         x27=0000001e x27:0000001d
17136228ns          283584 1c008d74 00044503 lbu              x10, 0(x8)          x10=0000002e  x8:1c00005f  PA:1c00005f
17136527ns          283599 1c008d78 00140413 addi             x8, x8, 1            x8=1c000060  x8:1c00005f
17136547ns          283600 1c008d7a fe0514e3 bne              x10, x0, -24        x10:0000002e
17136626ns          283604 1c008d62 02500793 addi             x15, x0, 37         x15=00000025
17136646ns          283605 1c008d66 04f50863 beq              x10, x15, 80        x10:0000002e x15:00000025
17136666ns          283606 1c008d6a 01a005b3 add              x11, x0, x26        x11=00000002 x26:00000002
17136686ns          283607 1c008d6c 000b00e7 jalr             x1, x22, 0           x1=1c008d6e x22:1c008c78
17136726ns          283609 1c008c78 000026b7 lui              x13, 0x2000         x13=00002000
17136746ns          283610 1c008c7a f14027f3 csrrs            x15, x0, 0xf14      x15=00000003
17136766ns          283611 1c008c7e f8068693 addi             x13, x13, -128      x13=00001f80 x13:00002000
17136785ns          283612 1c008c82 00379713 slli             x14, x15, 0x3       x14=00000018 x15:00000003
17136805ns          283613 1c008c86 00279793 slli             x15, x15, 0x2       x15=0000000c x15:00000003
17136825ns          283614 1c008c88 00d7f7b3 and              x15, x15, x13       x15=00000000 x15:0000000c x13:00001f80
17136845ns          283615 1c008c8a ee873733 p.bclr           x14, x14, 23, 8     x14=00000018 x14:00000018
17136865ns          283616 1c008c8e 1a10f6b7 lui              x13, 0x1a10f000     x13=1a10f000
17136885ns          283617 1c008c92 0ff57513 andi             x10, x10, 255       x10=0000002e x10:0000002e
17136905ns          283618 1c008c96 00d70733 add              x14, x14, x13       x14=1a10f018 x14:00000018 x13:1a10f000
17136925ns          283619 1c008c98 00a7e723 p.sw             x10, x0(x15)        x10:0000002e x15:00000000  PA:1a10f018
17137243ns          283635 1c008c9c 00000513 addi             x10, x0, 0          x10=00000000
17137263ns          283636 1c008c9e 00008067 jalr             x0, x1, 0            x1:1c008d6e
17137322ns          283639 1c008d6e 31f52563 p.beqimm         x10, 778            x10:00000000
17137342ns          283640 1c008d72 001d8d93 addi             x27, x27, 1         x27=0000001f x27:0000001e
17137362ns          283641 1c008d74 00044503 lbu              x10, 0(x8)          x10=00000020  x8:1c000060  PA:1c000060
17137661ns          283656 1c008d78 00140413 addi             x8, x8, 1            x8=1c000061  x8:1c000060
17137681ns          283657 1c008d7a fe0514e3 bne              x10, x0, -24        x10:00000020
17137760ns          283661 1c008d62 02500793 addi             x15, x0, 37         x15=00000025
17137780ns          283662 1c008d66 04f50863 beq              x10, x15, 80        x10:00000020 x15:00000025
17137800ns          283663 1c008d6a 01a005b3 add              x11, x0, x26        x11=00000002 x26:00000002
17137820ns          283664 1c008d6c 000b00e7 jalr             x1, x22, 0           x1=1c008d6e x22:1c008c78
17137860ns          283666 1c008c78 000026b7 lui              x13, 0x2000         x13=00002000
17137879ns          283667 1c008c7a f14027f3 csrrs            x15, x0, 0xf14      x15=00000003
17137899ns          283668 1c008c7e f8068693 addi             x13, x13, -128      x13=00001f80 x13:00002000
17137919ns          283669 1c008c82 00379713 slli             x14, x15, 0x3       x14=00000018 x15:00000003
17137939ns          283670 1c008c86 00279793 slli             x15, x15, 0x2       x15=0000000c x15:00000003
17137959ns          283671 1c008c88 00d7f7b3 and              x15, x15, x13       x15=00000000 x15:0000000c x13:00001f80
17137979ns          283672 1c008c8a ee873733 p.bclr           x14, x14, 23, 8     x14=00000018 x14:00000018
17137999ns          283673 1c008c8e 1a10f6b7 lui              x13, 0x1a10f000     x13=1a10f000
17138019ns          283674 1c008c92 0ff57513 andi             x10, x10, 255       x10=00000020 x10:00000020
17138039ns          283675 1c008c96 00d70733 add              x14, x14, x13       x14=1a10f018 x14:00000018 x13:1a10f000
17138058ns          283676 1c008c98 00a7e723 p.sw             x10, x0(x15)        x10:00000020 x15:00000000  PA:1a10f018
17138377ns          283692 1c008c9c 00000513 addi             x10, x0, 0          x10=00000000
17138397ns          283693 1c008c9e 00008067 jalr             x0, x1, 0            x1:1c008d6e
17138456ns          283696 1c008d6e 31f52563 p.beqimm         x10, 778            x10:00000000
17138476ns          283697 1c008d72 001d8d93 addi             x27, x27, 1         x27=00000020 x27:0000001f
17138496ns          283698 1c008d74 00044503 lbu              x10, 0(x8)          x10=00000028  x8:1c000061  PA:1c000061
17138794ns          283713 1c008d78 00140413 addi             x8, x8, 1            x8=1c000062  x8:1c000061
17138814ns          283714 1c008d7a fe0514e3 bne              x10, x0, -24        x10:00000028
17138894ns          283718 1c008d62 02500793 addi             x15, x0, 37         x15=00000025
17138914ns          283719 1c008d66 04f50863 beq              x10, x15, 80        x10:00000028 x15:00000025
17138934ns          283720 1c008d6a 01a005b3 add              x11, x0, x26        x11=00000002 x26:00000002
17138954ns          283721 1c008d6c 000b00e7 jalr             x1, x22, 0           x1=1c008d6e x22:1c008c78
17138993ns          283723 1c008c78 000026b7 lui              x13, 0x2000         x13=00002000
17139013ns          283724 1c008c7a f14027f3 csrrs            x15, x0, 0xf14      x15=00000003
17139033ns          283725 1c008c7e f8068693 addi             x13, x13, -128      x13=00001f80 x13:00002000
17139053ns          283726 1c008c82 00379713 slli             x14, x15, 0x3       x14=00000018 x15:00000003
17139073ns          283727 1c008c86 00279793 slli             x15, x15, 0x2       x15=0000000c x15:00000003
17139093ns          283728 1c008c88 00d7f7b3 and              x15, x15, x13       x15=00000000 x15:0000000c x13:00001f80
17139113ns          283729 1c008c8a ee873733 p.bclr           x14, x14, 23, 8     x14=00000018 x14:00000018
17139133ns          283730 1c008c8e 1a10f6b7 lui              x13, 0x1a10f000     x13=1a10f000
17139152ns          283731 1c008c92 0ff57513 andi             x10, x10, 255       x10=00000028 x10:00000028
17139172ns          283732 1c008c96 00d70733 add              x14, x14, x13       x14=1a10f018 x14:00000018 x13:1a10f000
17139192ns          283733 1c008c98 00a7e723 p.sw             x10, x0(x15)        x10:00000028 x15:00000000  PA:1a10f018
17139530ns          283750 1c008c9c 00000513 addi             x10, x0, 0          x10=00000000
17139550ns          283751 1c008c9e 00008067 jalr             x0, x1, 0            x1:1c008d6e
17139610ns          283754 1c008d6e 31f52563 p.beqimm         x10, 778            x10:00000000
17139630ns          283755 1c008d72 001d8d93 addi             x27, x27, 1         x27=00000021 x27:00000020
17139650ns          283756 1c008d74 00044503 lbu              x10, 0(x8)          x10=00000063  x8:1c000062  PA:1c000062
17139948ns          283771 1c008d78 00140413 addi             x8, x8, 1            x8=1c000063  x8:1c000062
17139968ns          283772 1c008d7a fe0514e3 bne              x10, x0, -24        x10:00000063
17140048ns          283776 1c008d62 02500793 addi             x15, x0, 37         x15=00000025
17140067ns          283777 1c008d66 04f50863 beq              x10, x15, 80        x10:00000063 x15:00000025
17140087ns          283778 1c008d6a 01a005b3 add              x11, x0, x26        x11=00000002 x26:00000002
17140107ns          283779 1c008d6c 000b00e7 jalr             x1, x22, 0           x1=1c008d6e x22:1c008c78
17140147ns          283781 1c008c78 000026b7 lui              x13, 0x2000         x13=00002000
17140167ns          283782 1c008c7a f14027f3 csrrs            x15, x0, 0xf14      x15=00000003
17140187ns          283783 1c008c7e f8068693 addi             x13, x13, -128      x13=00001f80 x13:00002000
17140207ns          283784 1c008c82 00379713 slli             x14, x15, 0x3       x14=00000018 x15:00000003
17140227ns          283785 1c008c86 00279793 slli             x15, x15, 0x2       x15=0000000c x15:00000003
17140246ns          283786 1c008c88 00d7f7b3 and              x15, x15, x13       x15=00000000 x15:0000000c x13:00001f80
17140266ns          283787 1c008c8a ee873733 p.bclr           x14, x14, 23, 8     x14=00000018 x14:00000018
17140286ns          283788 1c008c8e 1a10f6b7 lui              x13, 0x1a10f000     x13=1a10f000
17140306ns          283789 1c008c92 0ff57513 andi             x10, x10, 255       x10=00000063 x10:00000063
17140326ns          283790 1c008c96 00d70733 add              x14, x14, x13       x14=1a10f018 x14:00000018 x13:1a10f000
17140346ns          283791 1c008c98 00a7e723 p.sw             x10, x0(x15)        x10:00000063 x15:00000000  PA:1a10f018
17140684ns          283808 1c008c9c 00000513 addi             x10, x0, 0          x10=00000000
17140704ns          283809 1c008c9e 00008067 jalr             x0, x1, 0            x1:1c008d6e
17140764ns          283812 1c008d6e 31f52563 p.beqimm         x10, 778            x10:00000000
17140783ns          283813 1c008d72 001d8d93 addi             x27, x27, 1         x27=00000022 x27:00000021
17140803ns          283814 1c008d74 00044503 lbu              x10, 0(x8)          x10=0000006f  x8:1c000063  PA:1c000063
17141102ns          283829 1c008d78 00140413 addi             x8, x8, 1            x8=1c000064  x8:1c000063
17141122ns          283830 1c008d7a fe0514e3 bne              x10, x0, -24        x10:0000006f
17141201ns          283834 1c008d62 02500793 addi             x15, x0, 37         x15=00000025
17141221ns          283835 1c008d66 04f50863 beq              x10, x15, 80        x10:0000006f x15:00000025
17141241ns          283836 1c008d6a 01a005b3 add              x11, x0, x26        x11=00000002 x26:00000002
17141261ns          283837 1c008d6c 000b00e7 jalr             x1, x22, 0           x1=1c008d6e x22:1c008c78
17141301ns          283839 1c008c78 000026b7 lui              x13, 0x2000         x13=00002000
17141321ns          283840 1c008c7a f14027f3 csrrs            x15, x0, 0xf14      x15=00000003
17141340ns          283841 1c008c7e f8068693 addi             x13, x13, -128      x13=00001f80 x13:00002000
17141360ns          283842 1c008c82 00379713 slli             x14, x15, 0x3       x14=00000018 x15:00000003
17141380ns          283843 1c008c86 00279793 slli             x15, x15, 0x2       x15=0000000c x15:00000003
17141400ns          283844 1c008c88 00d7f7b3 and              x15, x15, x13       x15=00000000 x15:0000000c x13:00001f80
17141420ns          283845 1c008c8a ee873733 p.bclr           x14, x14, 23, 8     x14=00000018 x14:00000018
17141440ns          283846 1c008c8e 1a10f6b7 lui              x13, 0x1a10f000     x13=1a10f000
17141460ns          283847 1c008c92 0ff57513 andi             x10, x10, 255       x10=0000006f x10:0000006f
17141480ns          283848 1c008c96 00d70733 add              x14, x14, x13       x14=1a10f018 x14:00000018 x13:1a10f000
17141500ns          283849 1c008c98 00a7e723 p.sw             x10, x0(x15)        x10:0000006f x15:00000000  PA:1a10f018
17141818ns          283865 1c008c9c 00000513 addi             x10, x0, 0          x10=00000000
17141838ns          283866 1c008c9e 00008067 jalr             x0, x1, 0            x1:1c008d6e
17141897ns          283869 1c008d6e 31f52563 p.beqimm         x10, 778            x10:00000000
17141917ns          283870 1c008d72 001d8d93 addi             x27, x27, 1         x27=00000023 x27:00000022
17141937ns          283871 1c008d74 00044503 lbu              x10, 0(x8)          x10=00000072  x8:1c000064  PA:1c000064
17142235ns          283886 1c008d78 00140413 addi             x8, x8, 1            x8=1c000065  x8:1c000064
17142255ns          283887 1c008d7a fe0514e3 bne              x10, x0, -24        x10:00000072
17142335ns          283891 1c008d62 02500793 addi             x15, x0, 37         x15=00000025
17142355ns          283892 1c008d66 04f50863 beq              x10, x15, 80        x10:00000072 x15:00000025
17142375ns          283893 1c008d6a 01a005b3 add              x11, x0, x26        x11=00000002 x26:00000002
17142395ns          283894 1c008d6c 000b00e7 jalr             x1, x22, 0           x1=1c008d6e x22:1c008c78
17142434ns          283896 1c008c78 000026b7 lui              x13, 0x2000         x13=00002000
17142454ns          283897 1c008c7a f14027f3 csrrs            x15, x0, 0xf14      x15=00000003
17142474ns          283898 1c008c7e f8068693 addi             x13, x13, -128      x13=00001f80 x13:00002000
17142494ns          283899 1c008c82 00379713 slli             x14, x15, 0x3       x14=00000018 x15:00000003
17142514ns          283900 1c008c86 00279793 slli             x15, x15, 0x2       x15=0000000c x15:00000003
17142534ns          283901 1c008c88 00d7f7b3 and              x15, x15, x13       x15=00000000 x15:0000000c x13:00001f80
17142554ns          283902 1c008c8a ee873733 p.bclr           x14, x14, 23, 8     x14=00000018 x14:00000018
17142574ns          283903 1c008c8e 1a10f6b7 lui              x13, 0x1a10f000     x13=1a10f000
17142594ns          283904 1c008c92 0ff57513 andi             x10, x10, 255       x10=00000072 x10:00000072
17142613ns          283905 1c008c96 00d70733 add              x14, x14, x13       x14=1a10f018 x14:00000018 x13:1a10f000
17142633ns          283906 1c008c98 00a7e723 p.sw             x10, x0(x15)        x10:00000072 x15:00000000  PA:1a10f018
17142952ns          283922 1c008c9c 00000513 addi             x10, x0, 0          x10=00000000
17142971ns          283923 1c008c9e 00008067 jalr             x0, x1, 0            x1:1c008d6e
17143031ns          283926 1c008d6e 31f52563 p.beqimm         x10, 778            x10:00000000
17143051ns          283927 1c008d72 001d8d93 addi             x27, x27, 1         x27=00000024 x27:00000023
17143071ns          283928 1c008d74 00044503 lbu              x10, 0(x8)          x10=00000065  x8:1c000065  PA:1c000065
17143389ns          283944 1c008d78 00140413 addi             x8, x8, 1            x8=1c000066  x8:1c000065
17143409ns          283945 1c008d7a fe0514e3 bne              x10, x0, -24        x10:00000065
17143489ns          283949 1c008d62 02500793 addi             x15, x0, 37         x15=00000025
17143509ns          283950 1c008d66 04f50863 beq              x10, x15, 80        x10:00000065 x15:00000025
17143528ns          283951 1c008d6a 01a005b3 add              x11, x0, x26        x11=00000002 x26:00000002
17143548ns          283952 1c008d6c 000b00e7 jalr             x1, x22, 0           x1=1c008d6e x22:1c008c78
17143588ns          283954 1c008c78 000026b7 lui              x13, 0x2000         x13=00002000
17143608ns          283955 1c008c7a f14027f3 csrrs            x15, x0, 0xf14      x15=00000003
17143628ns          283956 1c008c7e f8068693 addi             x13, x13, -128      x13=00001f80 x13:00002000
17143648ns          283957 1c008c82 00379713 slli             x14, x15, 0x3       x14=00000018 x15:00000003
17143668ns          283958 1c008c86 00279793 slli             x15, x15, 0x2       x15=0000000c x15:00000003
17143688ns          283959 1c008c88 00d7f7b3 and              x15, x15, x13       x15=00000000 x15:0000000c x13:00001f80
17143707ns          283960 1c008c8a ee873733 p.bclr           x14, x14, 23, 8     x14=00000018 x14:00000018
17143727ns          283961 1c008c8e 1a10f6b7 lui              x13, 0x1a10f000     x13=1a10f000
17143747ns          283962 1c008c92 0ff57513 andi             x10, x10, 255       x10=00000065 x10:00000065
17143767ns          283963 1c008c96 00d70733 add              x14, x14, x13       x14=1a10f018 x14:00000018 x13:1a10f000
17143787ns          283964 1c008c98 00a7e723 p.sw             x10, x0(x15)        x10:00000065 x15:00000000  PA:1a10f018
17144105ns          283980 1c008c9c 00000513 addi             x10, x0, 0          x10=00000000
17144125ns          283981 1c008c9e 00008067 jalr             x0, x1, 0            x1:1c008d6e
17144185ns          283984 1c008d6e 31f52563 p.beqimm         x10, 778            x10:00000000
17144205ns          283985 1c008d72 001d8d93 addi             x27, x27, 1         x27=00000025 x27:00000024
17144225ns          283986 1c008d74 00044503 lbu              x10, 0(x8)          x10=00000069  x8:1c000066  PA:1c000066
17144523ns          284001 1c008d78 00140413 addi             x8, x8, 1            x8=1c000067  x8:1c000066
17144543ns          284002 1c008d7a fe0514e3 bne              x10, x0, -24        x10:00000069
17144622ns          284006 1c008d62 02500793 addi             x15, x0, 37         x15=00000025
17144642ns          284007 1c008d66 04f50863 beq              x10, x15, 80        x10:00000069 x15:00000025
17144662ns          284008 1c008d6a 01a005b3 add              x11, x0, x26        x11=00000002 x26:00000002
17144682ns          284009 1c008d6c 000b00e7 jalr             x1, x22, 0           x1=1c008d6e x22:1c008c78
17144722ns          284011 1c008c78 000026b7 lui              x13, 0x2000         x13=00002000
17144742ns          284012 1c008c7a f14027f3 csrrs            x15, x0, 0xf14      x15=00000003
17144762ns          284013 1c008c7e f8068693 addi             x13, x13, -128      x13=00001f80 x13:00002000
17144782ns          284014 1c008c82 00379713 slli             x14, x15, 0x3       x14=00000018 x15:00000003
17144801ns          284015 1c008c86 00279793 slli             x15, x15, 0x2       x15=0000000c x15:00000003
17144821ns          284016 1c008c88 00d7f7b3 and              x15, x15, x13       x15=00000000 x15:0000000c x13:00001f80
17144841ns          284017 1c008c8a ee873733 p.bclr           x14, x14, 23, 8     x14=00000018 x14:00000018
17144861ns          284018 1c008c8e 1a10f6b7 lui              x13, 0x1a10f000     x13=1a10f000
17144881ns          284019 1c008c92 0ff57513 andi             x10, x10, 255       x10=00000069 x10:00000069
17144901ns          284020 1c008c96 00d70733 add              x14, x14, x13       x14=1a10f018 x14:00000018 x13:1a10f000
17144921ns          284021 1c008c98 00a7e723 p.sw             x10, x0(x15)        x10:00000069 x15:00000000  PA:1a10f018
17145239ns          284037 1c008c9c 00000513 addi             x10, x0, 0          x10=00000000
17145259ns          284038 1c008c9e 00008067 jalr             x0, x1, 0            x1:1c008d6e
17145319ns          284041 1c008d6e 31f52563 p.beqimm         x10, 778            x10:00000000
17145338ns          284042 1c008d72 001d8d93 addi             x27, x27, 1         x27=00000026 x27:00000025
17145358ns          284043 1c008d74 00044503 lbu              x10, 0(x8)          x10=00000064  x8:1c000067  PA:1c000067
17145657ns          284058 1c008d78 00140413 addi             x8, x8, 1            x8=1c000068  x8:1c000067
17145677ns          284059 1c008d7a fe0514e3 bne              x10, x0, -24        x10:00000064
17145756ns          284063 1c008d62 02500793 addi             x15, x0, 37         x15=00000025
17145776ns          284064 1c008d66 04f50863 beq              x10, x15, 80        x10:00000064 x15:00000025
17145796ns          284065 1c008d6a 01a005b3 add              x11, x0, x26        x11=00000002 x26:00000002
17145816ns          284066 1c008d6c 000b00e7 jalr             x1, x22, 0           x1=1c008d6e x22:1c008c78
17145856ns          284068 1c008c78 000026b7 lui              x13, 0x2000         x13=00002000
17145876ns          284069 1c008c7a f14027f3 csrrs            x15, x0, 0xf14      x15=00000003
17145895ns          284070 1c008c7e f8068693 addi             x13, x13, -128      x13=00001f80 x13:00002000
17145915ns          284071 1c008c82 00379713 slli             x14, x15, 0x3       x14=00000018 x15:00000003
17145935ns          284072 1c008c86 00279793 slli             x15, x15, 0x2       x15=0000000c x15:00000003
17145955ns          284073 1c008c88 00d7f7b3 and              x15, x15, x13       x15=00000000 x15:0000000c x13:00001f80
17145975ns          284074 1c008c8a ee873733 p.bclr           x14, x14, 23, 8     x14=00000018 x14:00000018
17145995ns          284075 1c008c8e 1a10f6b7 lui              x13, 0x1a10f000     x13=1a10f000
17146015ns          284076 1c008c92 0ff57513 andi             x10, x10, 255       x10=00000064 x10:00000064
17146035ns          284077 1c008c96 00d70733 add              x14, x14, x13       x14=1a10f018 x14:00000018 x13:1a10f000
17146055ns          284078 1c008c98 00a7e723 p.sw             x10, x0(x15)        x10:00000064 x15:00000000  PA:1a10f018
17146373ns          284094 1c008c9c 00000513 addi             x10, x0, 0          x10=00000000
17146393ns          284095 1c008c9e 00008067 jalr             x0, x1, 0            x1:1c008d6e
17146452ns          284098 1c008d6e 31f52563 p.beqimm         x10, 778            x10:00000000
17146472ns          284099 1c008d72 001d8d93 addi             x27, x27, 1         x27=00000027 x27:00000026
17146492ns          284100 1c008d74 00044503 lbu              x10, 0(x8)          x10=00000020  x8:1c000068  PA:1c000068
17146790ns          284115 1c008d78 00140413 addi             x8, x8, 1            x8=1c000069  x8:1c000068
17146810ns          284116 1c008d7a fe0514e3 bne              x10, x0, -24        x10:00000020
17146890ns          284120 1c008d62 02500793 addi             x15, x0, 37         x15=00000025
17146910ns          284121 1c008d66 04f50863 beq              x10, x15, 80        x10:00000020 x15:00000025
17146930ns          284122 1c008d6a 01a005b3 add              x11, x0, x26        x11=00000002 x26:00000002
17146950ns          284123 1c008d6c 000b00e7 jalr             x1, x22, 0           x1=1c008d6e x22:1c008c78
17146989ns          284125 1c008c78 000026b7 lui              x13, 0x2000         x13=00002000
17147009ns          284126 1c008c7a f14027f3 csrrs            x15, x0, 0xf14      x15=00000003
17147029ns          284127 1c008c7e f8068693 addi             x13, x13, -128      x13=00001f80 x13:00002000
17147049ns          284128 1c008c82 00379713 slli             x14, x15, 0x3       x14=00000018 x15:00000003
17147069ns          284129 1c008c86 00279793 slli             x15, x15, 0x2       x15=0000000c x15:00000003
17147089ns          284130 1c008c88 00d7f7b3 and              x15, x15, x13       x15=00000000 x15:0000000c x13:00001f80
17147109ns          284131 1c008c8a ee873733 p.bclr           x14, x14, 23, 8     x14=00000018 x14:00000018
17147129ns          284132 1c008c8e 1a10f6b7 lui              x13, 0x1a10f000     x13=1a10f000
17147149ns          284133 1c008c92 0ff57513 andi             x10, x10, 255       x10=00000020 x10:00000020
17147168ns          284134 1c008c96 00d70733 add              x14, x14, x13       x14=1a10f018 x14:00000018 x13:1a10f000
17147188ns          284135 1c008c98 00a7e723 p.sw             x10, x0(x15)        x10:00000020 x15:00000000  PA:1a10f018
17147526ns          284152 1c008c9c 00000513 addi             x10, x0, 0          x10=00000000
17147546ns          284153 1c008c9e 00008067 jalr             x0, x1, 0            x1:1c008d6e
17147606ns          284156 1c008d6e 31f52563 p.beqimm         x10, 778            x10:00000000
17147626ns          284157 1c008d72 001d8d93 addi             x27, x27, 1         x27=00000028 x27:00000027
17147646ns          284158 1c008d74 00044503 lbu              x10, 0(x8)          x10=0000003d  x8:1c000069  PA:1c000069
17147944ns          284173 1c008d78 00140413 addi             x8, x8, 1            x8=1c00006a  x8:1c000069
17147964ns          284174 1c008d7a fe0514e3 bne              x10, x0, -24        x10:0000003d
17148044ns          284178 1c008d62 02500793 addi             x15, x0, 37         x15=00000025
17148063ns          284179 1c008d66 04f50863 beq              x10, x15, 80        x10:0000003d x15:00000025
17148083ns          284180 1c008d6a 01a005b3 add              x11, x0, x26        x11=00000002 x26:00000002
17148103ns          284181 1c008d6c 000b00e7 jalr             x1, x22, 0           x1=1c008d6e x22:1c008c78
17148143ns          284183 1c008c78 000026b7 lui              x13, 0x2000         x13=00002000
17148163ns          284184 1c008c7a f14027f3 csrrs            x15, x0, 0xf14      x15=00000003
17148183ns          284185 1c008c7e f8068693 addi             x13, x13, -128      x13=00001f80 x13:00002000
17148203ns          284186 1c008c82 00379713 slli             x14, x15, 0x3       x14=00000018 x15:00000003
17148223ns          284187 1c008c86 00279793 slli             x15, x15, 0x2       x15=0000000c x15:00000003
17148243ns          284188 1c008c88 00d7f7b3 and              x15, x15, x13       x15=00000000 x15:0000000c x13:00001f80
17148262ns          284189 1c008c8a ee873733 p.bclr           x14, x14, 23, 8     x14=00000018 x14:00000018
17148282ns          284190 1c008c8e 1a10f6b7 lui              x13, 0x1a10f000     x13=1a10f000
17148302ns          284191 1c008c92 0ff57513 andi             x10, x10, 255       x10=0000003d x10:0000003d
17148322ns          284192 1c008c96 00d70733 add              x14, x14, x13       x14=1a10f018 x14:00000018 x13:1a10f000
17148342ns          284193 1c008c98 00a7e723 p.sw             x10, x0(x15)        x10:0000003d x15:00000000  PA:1a10f018
17148680ns          284210 1c008c9c 00000513 addi             x10, x0, 0          x10=00000000
17148700ns          284211 1c008c9e 00008067 jalr             x0, x1, 0            x1:1c008d6e
17148760ns          284214 1c008d6e 31f52563 p.beqimm         x10, 778            x10:00000000
17148780ns          284215 1c008d72 001d8d93 addi             x27, x27, 1         x27=00000029 x27:00000028
17148799ns          284216 1c008d74 00044503 lbu              x10, 0(x8)          x10=00000020  x8:1c00006a  PA:1c00006a
17149098ns          284231 1c008d78 00140413 addi             x8, x8, 1            x8=1c00006b  x8:1c00006a
17149118ns          284232 1c008d7a fe0514e3 bne              x10, x0, -24        x10:00000020
17149197ns          284236 1c008d62 02500793 addi             x15, x0, 37         x15=00000025
17149217ns          284237 1c008d66 04f50863 beq              x10, x15, 80        x10:00000020 x15:00000025
17149237ns          284238 1c008d6a 01a005b3 add              x11, x0, x26        x11=00000002 x26:00000002
17149257ns          284239 1c008d6c 000b00e7 jalr             x1, x22, 0           x1=1c008d6e x22:1c008c78
17149297ns          284241 1c008c78 000026b7 lui              x13, 0x2000         x13=00002000
17149317ns          284242 1c008c7a f14027f3 csrrs            x15, x0, 0xf14      x15=00000003
17149336ns          284243 1c008c7e f8068693 addi             x13, x13, -128      x13=00001f80 x13:00002000
17149356ns          284244 1c008c82 00379713 slli             x14, x15, 0x3       x14=00000018 x15:00000003
17149376ns          284245 1c008c86 00279793 slli             x15, x15, 0x2       x15=0000000c x15:00000003
17149396ns          284246 1c008c88 00d7f7b3 and              x15, x15, x13       x15=00000000 x15:0000000c x13:00001f80
17149416ns          284247 1c008c8a ee873733 p.bclr           x14, x14, 23, 8     x14=00000018 x14:00000018
17149436ns          284248 1c008c8e 1a10f6b7 lui              x13, 0x1a10f000     x13=1a10f000
17149456ns          284249 1c008c92 0ff57513 andi             x10, x10, 255       x10=00000020 x10:00000020
17149476ns          284250 1c008c96 00d70733 add              x14, x14, x13       x14=1a10f018 x14:00000018 x13:1a10f000
17149496ns          284251 1c008c98 00a7e723 p.sw             x10, x0(x15)        x10:00000020 x15:00000000  PA:1a10f018
17149814ns          284267 1c008c9c 00000513 addi             x10, x0, 0          x10=00000000
17149834ns          284268 1c008c9e 00008067 jalr             x0, x1, 0            x1:1c008d6e
17149893ns          284271 1c008d6e 31f52563 p.beqimm         x10, 778            x10:00000000
17149913ns          284272 1c008d72 001d8d93 addi             x27, x27, 1         x27=0000002a x27:00000029
17149933ns          284273 1c008d74 00044503 lbu              x10, 0(x8)          x10=00000025  x8:1c00006b  PA:1c00006b
17150232ns          284288 1c008d78 00140413 addi             x8, x8, 1            x8=1c00006c  x8:1c00006b
17150251ns          284289 1c008d7a fe0514e3 bne              x10, x0, -24        x10:00000025
17150331ns          284293 1c008d62 02500793 addi             x15, x0, 37         x15=00000025
17150351ns          284294 1c008d66 04f50863 beq              x10, x15, 80        x10:00000025 x15:00000025
17150430ns          284298 1c008db6 00044483 lbu              x9, 0(x8)            x9=00000064  x8:1c00006c  PA:1c00006c
17150729ns          284313 1c008dba 02000693 addi             x13, x0, 32         x13=00000020
17150749ns          284314 1c008dbe 00140a93 addi             x21, x8, 1          x21=1c00006d  x8:1c00006c
17150769ns          284315 1c008dc2 009005b3 add              x11, x0, x9         x11=00000064  x9:00000064
17150789ns          284316 1c008dc4 0fcb8513 addi             x10, x23, 252       x10=1c0000fc x23:1c000000
17150808ns          284317 1c008dc8 00d12823 sw               x13, 16(x2)         x13:00000020  x2:10001cd8  PA:10001ce8
17150828ns          284318 1c008dca 00012c23 sw               x0, 24(x2)           x2:10001cd8  PA:10001cf0
17150848ns          284319 1c008dcc 00012a23 sw               x0, 20(x2)           x2:10001cd8  PA:10001cec
17150868ns          284320 1c008dce 00012e23 sw               x0, 28(x2)           x2:10001cd8  PA:10001cf4
17150888ns          284321 1c008dd0 00012623 sw               x0, 12(x2)           x2:10001cd8  PA:10001ce4
17150908ns          284322 1c008dd2 02300913 addi             x18, x0, 35         x18=00000023
17150928ns          284323 1c008dd6 02d00a13 addi             x20, x0, 45         x20=0000002d
17150948ns          284324 1c008dda 015009b3 add              x19, x0, x21        x19=1c00006d x21:1c00006d
17150968ns          284325 1c008ddc e1dff0ef jal              x1, -484             x1=1c008dde
17151087ns          284331 1c008bf8 00054783 lbu              x15, 0(x10)         x15=0000002d x10:1c0000fc  PA:1c0000fc
17151425ns          284348 1c008bfc 0ff5f593 andi             x11, x11, 255       x11=00000064 x11:00000064
17151445ns          284349 1c008c00 00b78c63 beq              x15, x11, 24        x15:0000002d x11:00000064
17151465ns          284350 1c008c04 00078b63 beq              x15, x0, 22         x15:0000002d
17151485ns          284351 1c008c06 00150793 addi             x15, x10, 1         x15=1c0000fd x10:1c0000fc
17151505ns          284352 1c008c0a 0040006f jal              x0, 4              
17151544ns          284354 1c008c0e 00f00533 add              x10, x0, x15        x10=1c0000fd x15:1c0000fd
17151564ns          284355 1c008c10 0017c70b p.lbu            x14, 1(x15!)        x14=0000002b x15=1c0000fe x15:1c0000fd  PA:1c0000fd
17151902ns          284372 1c008c14 feb71ce3 bne              x14, x11, -8        x14:0000002b x11:00000064
17151962ns          284375 1c008c0c 00070763 beq              x14, x0, 14         x14:0000002b
17151982ns          284376 1c008c0e 00f00533 add              x10, x0, x15        x10=1c0000fe x15:1c0000fe
17152002ns          284377 1c008c10 0017c70b p.lbu            x14, 1(x15!)        x14=00000020 x15=1c0000ff x15:1c0000fe  PA:1c0000fe
17152320ns          284393 1c008c14 feb71ce3 bne              x14, x11, -8        x14:00000020 x11:00000064
17152380ns          284396 1c008c0c 00070763 beq              x14, x0, 14         x14:00000020
17152400ns          284397 1c008c0e 00f00533 add              x10, x0, x15        x10=1c0000ff x15:1c0000ff
17152420ns          284398 1c008c10 0017c70b p.lbu            x14, 1(x15!)        x14=00000023 x15=1c000100 x15:1c0000ff  PA:1c0000ff
17152758ns          284415 1c008c14 feb71ce3 bne              x14, x11, -8        x14:00000023 x11:00000064
17152817ns          284418 1c008c0c 00070763 beq              x14, x0, 14         x14:00000023
17152837ns          284419 1c008c0e 00f00533 add              x10, x0, x15        x10=1c000100 x15:1c000100
17152857ns          284420 1c008c10 0017c70b p.lbu            x14, 1(x15!)        x14=00000030 x15=1c000101 x15:1c000100  PA:1c000100
17153175ns          284436 1c008c14 feb71ce3 bne              x14, x11, -8        x14:00000030 x11:00000064
17153235ns          284439 1c008c0c 00070763 beq              x14, x0, 14         x14:00000030
17153255ns          284440 1c008c0e 00f00533 add              x10, x0, x15        x10=1c000101 x15:1c000101
17153275ns          284441 1c008c10 0017c70b p.lbu            x14, 1(x15!)        x14=00000000 x15=1c000102 x15:1c000101  PA:1c000101
17153593ns          284457 1c008c14 feb71ce3 bne              x14, x11, -8        x14:00000000 x11:00000064
17153653ns          284460 1c008c0c 00070763 beq              x14, x0, 14         x14:00000000
17153732ns          284464 1c008c1a 0015b593 sltiu            x11, x11, 1         x11=00000000 x11:00000064
17153752ns          284465 1c008c1e 40b005b3 sub              x11, x0, x11        x11=00000000 x11:00000000
17153772ns          284466 1c008c22 00b57533 and              x10, x10, x11       x10=00000000 x10:1c000101 x11:00000000
17153792ns          284467 1c008c24 00008067 jalr             x0, x1, 0            x1:1c008dde
17153832ns          284469 1c008dde 02050a63 beq              x10, x0, 52         x10:00000000
17153971ns          284476 1c008e12 02a00613 addi             x12, x0, 42         x12=0000002a
17153991ns          284477 1c008e16 2ac48663 beq              x9, x12, 684         x9:00000064 x12:0000002a
17154011ns          284478 1c008e1a fd048613 addi             x12, x9, -48        x12=00000034  x9:00000064
17154031ns          284479 1c008e1e 00900593 addi             x11, x0, 9          x11=00000009
17154070ns          284481 1c008e20 00000913 addi             x18, x0, 0          x18=00000000
17154110ns          284483 1c008e22 28c5f063 bgeu             x11, x12, 640       x11:00000009 x12:00000034
17154130ns          284484 1c008e26 02e00693 addi             x13, x0, 46         x13=0000002e
17154150ns          284485 1c008e2a fff00a13 addi             x20, x0, -1         x20=ffffffff
17154170ns          284486 1c008e2c 2ed48363 beq              x9, x13, 742         x9:00000064 x13:0000002e
17154210ns          284488 1c008e30 1c0007b7 lui              x15, 0x1c000000     x15=1c000000
17154250ns          284490 1c008e34 009005b3 add              x11, x0, x9         x11=00000064  x9:00000064
17154269ns          284491 1c008e36 10478513 addi             x10, x15, 260       x10=1c000104 x15:1c000000
17154289ns          284492 1c008e3a dbfff0ef jal              x1, -578             x1=1c008e3c
17154389ns          284497 1c008bf8 00054783 lbu              x15, 0(x10)         x15=00000068 x10:1c000104  PA:1c000104
17154687ns          284512 1c008bfc 0ff5f593 andi             x11, x11, 255       x11=00000064 x11:00000064
17154707ns          284513 1c008c00 00b78c63 beq              x15, x11, 24        x15:00000068 x11:00000064
17154727ns          284514 1c008c04 00078b63 beq              x15, x0, 22         x15:00000068
17154747ns          284515 1c008c06 00150793 addi             x15, x10, 1         x15=1c000105 x10:1c000104
17154767ns          284516 1c008c0a 0040006f jal              x0, 4              
17154806ns          284518 1c008c0e 00f00533 add              x10, x0, x15        x10=1c000105 x15:1c000105
17154826ns          284519 1c008c10 0017c70b p.lbu            x14, 1(x15!)        x14=0000006c x15=1c000106 x15:1c000105  PA:1c000105
17155145ns          284535 1c008c14 feb71ce3 bne              x14, x11, -8        x14:0000006c x11:00000064
17155204ns          284538 1c008c0c 00070763 beq              x14, x0, 14         x14:0000006c
17155224ns          284539 1c008c0e 00f00533 add              x10, x0, x15        x10=1c000106 x15:1c000106
17155244ns          284540 1c008c10 0017c70b p.lbu            x14, 1(x15!)        x14=0000004c x15=1c000107 x15:1c000106  PA:1c000106
17155562ns          284556 1c008c14 feb71ce3 bne              x14, x11, -8        x14:0000004c x11:00000064
17155622ns          284559 1c008c0c 00070763 beq              x14, x0, 14         x14:0000004c
17155642ns          284560 1c008c0e 00f00533 add              x10, x0, x15        x10=1c000107 x15:1c000107
17155662ns          284561 1c008c10 0017c70b p.lbu            x14, 1(x15!)        x14=0000007a x15=1c000108 x15:1c000107  PA:1c000107
17155980ns          284577 1c008c14 feb71ce3 bne              x14, x11, -8        x14:0000007a x11:00000064
17156040ns          284580 1c008c0c 00070763 beq              x14, x0, 14         x14:0000007a
17156060ns          284581 1c008c0e 00f00533 add              x10, x0, x15        x10=1c000108 x15:1c000108
17156079ns          284582 1c008c10 0017c70b p.lbu            x14, 1(x15!)        x14=00000000 x15=1c000109 x15:1c000108  PA:1c000108
17156398ns          284598 1c008c14 feb71ce3 bne              x14, x11, -8        x14:00000000 x11:00000064
17156457ns          284601 1c008c0c 00070763 beq              x14, x0, 14         x14:00000000
17156537ns          284605 1c008c1a 0015b593 sltiu            x11, x11, 1         x11=00000000 x11:00000064
17156557ns          284606 1c008c1e 40b005b3 sub              x11, x0, x11        x11=00000000 x11:00000000
17156577ns          284607 1c008c22 00b57533 and              x10, x10, x11       x10=00000000 x10:1c000108 x11:00000000
17156597ns          284608 1c008c24 00008067 jalr             x0, x1, 0            x1:1c008e3c
17156636ns          284610 1c008e3c 01300433 add              x8, x0, x19          x8=1c00006d x19:1c00006d
17156656ns          284611 1c008e3e 00050563 beq              x10, x0, 10         x10:00000000
17156716ns          284614 1c008e48 06700693 addi             x13, x0, 103        x13=00000067
17156736ns          284615 1c008e4c 2896d963 bge              x13, x9, 658        x13:00000067  x9:00000064
17156955ns          284626 1c0090de 06500693 addi             x13, x0, 101        x13=00000065
17156994ns          284628 1c0090e2 12d4d563 bge              x9, x13, 298         x9:00000064 x13:00000065
17157014ns          284629 1c0090e6 04700693 addi             x13, x0, 71         x13=00000047
17157034ns          284630 1c0090ea dc96cbe3 blt              x13, x9, -554       x13:00000047  x9:00000064
17157173ns          284637 1c008ec0 06300693 addi             x13, x0, 99         x13=00000063
17157213ns          284639 1c008ec4 0ad488e3 beq              x9, x13, 2224        x9:00000064 x13:00000063
17157233ns          284640 1c008ec8 0096c9e3 blt              x13, x9, 2066       x13:00000063  x9:00000064
17157432ns          284650 1c0096da 000c2583 lw               x11, 0(x24)         x11=00000003 x24:10001e30  PA:10001e30
17157452ns          284651 1c0096de 004c0c13 addi             x24, x24, 4         x24=10001e34 x24:10001e30
17157492ns          284653 1c0096e0 3405cc63 blt              x11, x0, 856        x11:00000003
17157531ns          284655 1c0096e4 01412603 lw               x12, 20(x2)         x12=00000000  x2:10001cd8  PA:10001cec
17157551ns          284656 1c0096e6 00b006b3 add              x13, x0, x11        x13=00000003 x11:00000003
17157571ns          284657 1c0096e8 2e061863 bne              x12, x0, 752        x12:00000000
17157591ns          284658 1c0096ec 01812703 lw               x14, 24(x2)         x14=00000000  x2:10001cd8  PA:10001cf0
17157611ns          284659 1c0096ee 019007b3 add              x15, x0, x25        x15=10001cfc x25:10001cfc
17157631ns          284660 1c0096f0 00070763 beq              x14, x0, 14         x14:00000000
17157691ns          284663 1c0096fe 00f00733 add              x14, x0, x15        x14=10001cfc x15:10001cfc
17157750ns          284666 1c009700 00a00513 addi             x10, x0, 10         x10=0000000a
17157790ns          284668 1c009702 02a6f633 remu             x12, x13, x10       x12=00000003 x13:00000003 x10:0000000a
17158407ns          284699 1c009706 02a6d6b3 divu             x13, x13, x10       x13=00000000 x13:00000003 x10:0000000a
17159023ns          284730 1c00970a 03060613 addi             x12, x12, 48        x12=00000033 x12:00000003
17159043ns          284731 1c00970e 00c700ab p.sb             x12, 1(x14!)        x14=10001cfd x12:00000033 x14:10001cfc  PA:10001cfc
17159063ns          284732 1c009712 fe0698e3 bne              x13, x0, -16        x13:00000000
17159083ns          284733 1c009714 40f706b3 sub              x13, x14, x15       x13=00000001 x14:10001cfd x15:10001cfc
17159103ns          284734 1c009718 0146dc63 bge              x13, x20, 24        x13:00000001 x20:ffffffff
17159163ns          284737 1c009730 00e006b3 add              x13, x0, x14        x13=10001cfd x14:10001cfd
17159182ns          284738 1c009732 fe068fab p.sb             x0, -1(x13!)        x13=10001cfc x13:10001cfd  PA:10001cfd
17159202ns          284739 1c009736 00d7fc63 bgeu             x15, x13, 24        x15:10001cfc x13:10001cfc
17159322ns          284745 1c00974e 01412783 lw               x15, 20(x2)         x15=00000000  x2:10001cd8  PA:10001cec
17159381ns          284748 1c009750 01812603 lw               x12, 24(x2)         x12=00000000  x2:10001cd8  PA:10001cf0
17159421ns          284750 1c009752 419704b3 sub              x9, x14, x25         x9=00000001 x14:10001cfd x25:10001cfc
17159441ns          284751 1c009756 00c7e7b3 or               x15, x15, x12       x15=00000000 x15:00000000 x12:00000000
17159461ns          284752 1c009758 00f12623 sw               x15, 12(x2)         x15:00000000  x2:10001cd8  PA:10001ce4
17159481ns          284753 1c00975a 00079363 bne              x15, x0, 6          x15:00000000
17159501ns          284754 1c00975c 01f5d593 srli             x11, x11, 0x1f      x11=00000000 x11:00000003
17159521ns          284755 1c00975e 00b12623 sw               x11, 12(x2)         x11:00000000  x2:10001cd8  PA:10001ce4
17159540ns          284756 1c009760 e3fa28e3 p.beqimm         x20, -464           x20:ffffffff
17159640ns          284761 1c009590 0c800793 addi             x15, x0, 200        x15=000000c8
17159680ns          284763 1c009594 9e97d0e3 bge              x15, x9, -1568      x15:000000c8  x9:00000001
17159739ns          284766 1c008f74 0f24d163 bge              x9, x18, 226         x9:00000001 x18:00000000
17159819ns          284770 1c009056 d00482e3 beq              x9, x0, -764         x9:00000001
17159839ns          284771 1c00905a 01900933 add              x18, x0, x25        x18=10001cfc x25:10001cfc
17159859ns          284772 1c00905c 419d8db3 sub              x27, x27, x25       x27=efffe32e x27:0000002a x25:10001cfc
17159879ns          284773 1c009060 00a0006f jal              x0, 10             
17159938ns          284776 1c00906a 0019450b p.lbu            x10, 1(x18!)        x10=00000033 x18=10001cfd x18:10001cfc  PA:10001cfc
17159958ns          284777 1c00906e 01a005b3 add              x11, x0, x26        x11=00000002 x26:00000002
17159998ns          284779 1c009070 000b00e7 jalr             x1, x22, 0           x1=1c009072 x22:1c008c78
17160078ns          284783 1c008c78 000026b7 lui              x13, 0x2000         x13=00002000
17160117ns          284785 1c008c7a f14027f3 csrrs            x15, x0, 0xf14      x15=00000003
17160137ns          284786 1c008c7e f8068693 addi             x13, x13, -128      x13=00001f80 x13:00002000
17160157ns          284787 1c008c82 00379713 slli             x14, x15, 0x3       x14=00000018 x15:00000003
17160177ns          284788 1c008c86 00279793 slli             x15, x15, 0x2       x15=0000000c x15:00000003
17160197ns          284789 1c008c88 00d7f7b3 and              x15, x15, x13       x15=00000000 x15:0000000c x13:00001f80
17160217ns          284790 1c008c8a ee873733 p.bclr           x14, x14, 23, 8     x14=00000018 x14:00000018
17160257ns          284792 1c008c8e 1a10f6b7 lui              x13, 0x1a10f000     x13=1a10f000
17160296ns          284794 1c008c92 0ff57513 andi             x10, x10, 255       x10=00000033 x10:00000033
17160316ns          284795 1c008c96 00d70733 add              x14, x14, x13       x14=1a10f018 x14:00000018 x13:1a10f000
17160336ns          284796 1c008c98 00a7e723 p.sw             x10, x0(x15)        x10:00000033 x15:00000000  PA:1a10f018
17160674ns          284813 1c008c9c 00000513 addi             x10, x0, 0          x10=00000000
17160694ns          284814 1c008c9e 00008067 jalr             x0, x1, 0            x1:1c009072
17160734ns          284816 1c009072 fff48493 addi             x9, x9, -1           x9=00000000  x9:00000001
17160754ns          284817 1c009074 fff537e3 p.bneimm         x10, -18            x10:00000000
17160833ns          284821 1c009062 012d8733 add              x14, x27, x18       x14=0000002b x27:efffe32e x18:10001cfd
17160853ns          284822 1c009066 5a048b63 beq              x9, x0, 1462         x9:00000000
17160953ns          284827 1c00961c 00e00db3 add              x27, x0, x14        x27=0000002b x14:0000002b
17161032ns          284831 1c00961e f3cff06f jal              x0, -2244          
17161152ns          284837 1c008d5a 00044503 lbu              x10, 0(x8)          x10=00000029  x8:1c00006d  PA:1c00006d
17161450ns          284852 1c008d5e 00140413 addi             x8, x8, 1            x8=1c00006e  x8:1c00006d
17161470ns          284853 1c008d60 00050e63 beq              x10, x0, 28         x10:00000029
17161490ns          284854 1c008d62 02500793 addi             x15, x0, 37         x15=00000025
17161510ns          284855 1c008d66 04f50863 beq              x10, x15, 80        x10:00000029 x15:00000025
17161530ns          284856 1c008d6a 01a005b3 add              x11, x0, x26        x11=00000002 x26:00000002
17161549ns          284857 1c008d6c 000b00e7 jalr             x1, x22, 0           x1=1c008d6e x22:1c008c78
17161629ns          284861 1c008c78 000026b7 lui              x13, 0x2000         x13=00002000
17161649ns          284862 1c008c7a f14027f3 csrrs            x15, x0, 0xf14      x15=00000003
17161669ns          284863 1c008c7e f8068693 addi             x13, x13, -128      x13=00001f80 x13:00002000
17161689ns          284864 1c008c82 00379713 slli             x14, x15, 0x3       x14=00000018 x15:00000003
17161709ns          284865 1c008c86 00279793 slli             x15, x15, 0x2       x15=0000000c x15:00000003
17161728ns          284866 1c008c88 00d7f7b3 and              x15, x15, x13       x15=00000000 x15:0000000c x13:00001f80
17161748ns          284867 1c008c8a ee873733 p.bclr           x14, x14, 23, 8     x14=00000018 x14:00000018
17161768ns          284868 1c008c8e 1a10f6b7 lui              x13, 0x1a10f000     x13=1a10f000
17161788ns          284869 1c008c92 0ff57513 andi             x10, x10, 255       x10=00000029 x10:00000029
17161808ns          284870 1c008c96 00d70733 add              x14, x14, x13       x14=1a10f018 x14:00000018 x13:1a10f000
17161828ns          284871 1c008c98 00a7e723 p.sw             x10, x0(x15)        x10:00000029 x15:00000000  PA:1a10f018
17162146ns          284887 1c008c9c 00000513 addi             x10, x0, 0          x10=00000000
17162166ns          284888 1c008c9e 00008067 jalr             x0, x1, 0            x1:1c008d6e
17162226ns          284891 1c008d6e 31f52563 p.beqimm         x10, 778            x10:00000000
17162246ns          284892 1c008d72 001d8d93 addi             x27, x27, 1         x27=0000002c x27:0000002b
17162265ns          284893 1c008d74 00044503 lbu              x10, 0(x8)          x10=0000000a  x8:1c00006e  PA:1c00006e
17162564ns          284908 1c008d78 00140413 addi             x8, x8, 1            x8=1c00006f  x8:1c00006e
17162584ns          284909 1c008d7a fe0514e3 bne              x10, x0, -24        x10:0000000a
17162663ns          284913 1c008d62 02500793 addi             x15, x0, 37         x15=00000025
17162683ns          284914 1c008d66 04f50863 beq              x10, x15, 80        x10:0000000a x15:00000025
17162703ns          284915 1c008d6a 01a005b3 add              x11, x0, x26        x11=00000002 x26:00000002
17162723ns          284916 1c008d6c 000b00e7 jalr             x1, x22, 0           x1=1c008d6e x22:1c008c78
17162763ns          284918 1c008c78 000026b7 lui              x13, 0x2000         x13=00002000
17162783ns          284919 1c008c7a f14027f3 csrrs            x15, x0, 0xf14      x15=00000003
17162803ns          284920 1c008c7e f8068693 addi             x13, x13, -128      x13=00001f80 x13:00002000
17162822ns          284921 1c008c82 00379713 slli             x14, x15, 0x3       x14=00000018 x15:00000003
17162842ns          284922 1c008c86 00279793 slli             x15, x15, 0x2       x15=0000000c x15:00000003
17162862ns          284923 1c008c88 00d7f7b3 and              x15, x15, x13       x15=00000000 x15:0000000c x13:00001f80
17162882ns          284924 1c008c8a ee873733 p.bclr           x14, x14, 23, 8     x14=00000018 x14:00000018
17162902ns          284925 1c008c8e 1a10f6b7 lui              x13, 0x1a10f000     x13=1a10f000
17162922ns          284926 1c008c92 0ff57513 andi             x10, x10, 255       x10=0000000a x10:0000000a
17162942ns          284927 1c008c96 00d70733 add              x14, x14, x13       x14=1a10f018 x14:00000018 x13:1a10f000
17162962ns          284928 1c008c98 00a7e723 p.sw             x10, x0(x15)        x10:0000000a x15:00000000  PA:1a10f018
17163300ns          284945 1c008c9c 00000513 addi             x10, x0, 0          x10=00000000
17163320ns          284946 1c008c9e 00008067 jalr             x0, x1, 0            x1:1c008d6e
17163379ns          284949 1c008d6e 31f52563 p.beqimm         x10, 778            x10:00000000
17163399ns          284950 1c008d72 001d8d93 addi             x27, x27, 1         x27=0000002d x27:0000002c
17163419ns          284951 1c008d74 00044503 lbu              x10, 0(x8)          x10=00000000  x8:1c00006f  PA:1c00006f
17163718ns          284966 1c008d78 00140413 addi             x8, x8, 1            x8=1c000070  x8:1c00006f
17163737ns          284967 1c008d7a fe0514e3 bne              x10, x0, -24        x10:00000000
17163757ns          284968 1c008d7c 01b00433 add              x8, x0, x27          x8=0000002d x27:0000002d
17163777ns          284969 1c008d7e 00800533 add              x10, x0, x8         x10=0000002d  x8:0000002d
17163797ns          284970 1c008d80 12c12083 lw               x1, 300(x2)          x1=1c008d0c  x2:10001cd8  PA:10001e04
17163817ns          284971 1c008d84 12812403 lw               x8, 296(x2)          x8=xxxxxxxx  x2:10001cd8  PA:10001e00
17163837ns          284972 1c008d88 12412483 lw               x9, 292(x2)          x9=00000003  x2:10001cd8  PA:10001dfc
17163857ns          284973 1c008d8c 12012903 lw               x18, 288(x2)        x18=xxxxxxxx  x2:10001cd8  PA:10001df8
17163976ns          284979 1c008d90 11c12983 lw               x19, 284(x2)        x19=xxxxxxxx  x2:10001cd8  PA:10001df4
17164016ns          284981 1c008d94 11812a03 lw               x20, 280(x2)        x20=xxxxxxxx  x2:10001cd8  PA:10001df0
17164036ns          284982 1c008d98 11412a83 lw               x21, 276(x2)        x21=xxxxxxxx  x2:10001cd8  PA:10001dec
17164056ns          284983 1c008d9c 11012b03 lw               x22, 272(x2)        x22=xxxxxxxx  x2:10001cd8  PA:10001de8
17164493ns          285005 1c008da0 10c12b83 lw               x23, 268(x2)        x23=xxxxxxxx  x2:10001cd8  PA:10001de4
17164533ns          285007 1c008da4 10812c03 lw               x24, 264(x2)        x24=xxxxxxxx  x2:10001cd8  PA:10001de0
17164553ns          285008 1c008da8 10412c83 lw               x25, 260(x2)        x25=xxxxxxxx  x2:10001cd8  PA:10001ddc
17164573ns          285009 1c008dac 10012d03 lw               x26, 256(x2)        x26=xxxxxxxx  x2:10001cd8  PA:10001dd8
17164632ns          285012 1c008db0 0fc12d83 lw               x27, 252(x2)        x27=xxxxxxxx  x2:10001cd8  PA:10001dd4
17164652ns          285013 1c008db2 13010113 addi             x2, x2, 304          x2=10001e08  x2:10001cd8
17164672ns          285014 1c008db4 00008067 jalr             x0, x1, 0            x1:1c008d0c
17164712ns          285016 1c008d0c 01c12083 lw               x1, 28(x2)           x1=1c00860c  x2:10001e08  PA:10001e24
17164732ns          285017 1c008d0e 04010113 addi             x2, x2, 64           x2=10001e48  x2:10001e08
17164772ns          285019 1c008d10 00008067 jalr             x0, x1, 0            x1:1c00860c
17164851ns          285023 1c00860c 00300793 addi             x15, x0, 3          x15=00000003
17164931ns          285027 1c00860e 0097f463 bgeu             x15, x9, 8          x15:00000003  x9:00000003
17165010ns          285031 1c008616 285010ef jal              x1, 6788             x1=1c00861a
17165508ns          285056 1c00a09a f14027f3 csrrs            x15, x0, 0xf14      x15=00000003
17165528ns          285057 1c00a09e 01f00713 addi             x14, x0, 31         x14=0000001f
17165945ns          285078 1c00a0a0 ca5797b3 p.extractu       x15, x15, 5, 5      x15=00000000 x15:00000003
17165985ns          285080 1c00a0a4 00e78863 beq              x15, x14, 16        x15:00000000 x14:0000001f
17166005ns          285081 1c00a0a8 002047b7 lui              x15, 0x204000       x15=00204000
17166025ns          285082 1c00a0ac 20078793 addi             x15, x15, 512       x15=00204200 x15:00204000
17166462ns          285104 1c00a0b0 01c7e703 p.elw            x14, 28(x15)        x14=00010000 x15:00204200  PA:0020421c
17166582ns          285110 1c00a0b4 00008067 jalr             x0, x1, 0            x1:1c00861a
17167039ns          285133 1c00861a f14027f3 csrrs            x15, x0, 0xf14      x15=00000003
17167497ns          285156 1c00861e f457b7b3 p.bclr           x15, x15, 26, 5     x15=00000003 x15:00000003
17167517ns          285157 1c008622 0a078163 beq              x15, x0, 162        x15:00000003
17167537ns          285158 1c008624 12c00713 addi             x14, x0, 300        x14=0000012c
17167556ns          285159 1c008628 02e48733 mul              x14, x9, x14        x14=00000384  x9:00000003 x14:0000012c
17167576ns          285160 1c00862c 1c0107b7 lui              x15, 0x1c010000     x15=1c010000
17168054ns          285184 1c008630 00271713 slli             x14, x14, 0x2       x14=00000e10 x14:00000384
17168093ns          285186 1c008632 04078793 addi             x15, x15, 64        x15=1c010040 x15:1c010000
17168113ns          285187 1c008636 00f70733 add              x14, x14, x15       x14=1c010e50 x14:00000e10 x15:1c010040
17168133ns          285188 1c008638 01010413 addi             x8, x2, 16           x8=10001e58  x2:10001e48
17168153ns          285189 1c00863a 064750fb lp.setupi        0x1, 0x64, 0xe     
17168173ns          285190 1c00863e 00472783 lw               x15, 4(x14)         x15=42857b21 x14:1c010e50  PA:1c010e54
17168591ns          285211 1c008640 00072683 lw               x13, 0(x14)         x13=421b4415 x14:1c010e50  PA:1c010e50
17168949ns          285229 1c008642 10f7f653 fmul.s           f12, f15, f15       f12=xxxxxxxx f15:42857b21 f15:42857b21
17168969ns          285230 1c008646 00872783 lw               x15, 8(x14)         x15=42a1bccd x14:1c010e50  PA:1c010e58
17169267ns          285245 1c008648 00c70713 addi             x14, x14, 12        x14=1c010e5c x14:1c010e50
17169287ns          285246 1c00864a 60d6f6c3 fmadd.s          f13, f13, f13, f12  f13=xxxxxxxx f13:421b4415 f13:421b4415 f12:458b3257
17169307ns          285247 1c00864e 68f7f7c3 fmadd.s          f15, f15, f15, f13  f15=xxxxxxxx f15:42a1bccd f15:42a1bccd f13:45ba4819
17169327ns          285248 1c008652 5807f7d3 fsqrt.s          f15, f15            f15=xxxxxxxx f15:46435312
17169844ns          285274 1c008656 00f4222b p.sw             x15, 4(x8!)          x8=10001e5c x15:42df9d19  x8:10001e58  PA:10001e58
17169864ns          285275 1c00863e 00472783 lw               x15, 4(x14)         x15=42704c90 x14:1c010e5c  PA:1c010e60
17170162ns          285290 1c008640 00072683 lw               x13, 0(x14)         x13=427ff29a x14:1c010e5c  PA:1c010e5c
17170460ns          285305 1c008642 10f7f653 fmul.s           f12, f15, f15       f12=xxxxxxxx f15:42704c90 f15:42704c90
17170480ns          285306 1c008646 00872783 lw               x15, 8(x14)         x15=42771b09 x14:1c010e5c  PA:1c010e64
17170779ns          285321 1c008648 00c70713 addi             x14, x14, 12        x14=1c010e68 x14:1c010e5c
17170799ns          285322 1c00864a 60d6f6c3 fmadd.s          f13, f13, f13, f12  f13=xxxxxxxx f13:427ff29a f13:427ff29a f12:45618fa5
17170819ns          285323 1c00864e 68f7f7c3 fmadd.s          f15, f15, f15, f13  f15=xxxxxxxx f15:42771b09 f15:42771b09 f13:45f0ba6d
17170838ns          285324 1c008652 5807f7d3 fsqrt.s          f15, f15            f15=xxxxxxxx f15:4633fe82
17171117ns          285338 1c008656 00f4222b p.sw             x15, 4(x8!)          x8=10001e60 x15:42d6a8b8  x8:10001e5c  PA:10001e5c
17171137ns          285339 1c00863e 00472783 lw               x15, 4(x14)         x15=421d0080 x14:1c010e68  PA:1c010e6c
17171435ns          285354 1c008640 00072683 lw               x13, 0(x14)         x13=4218da58 x14:1c010e68  PA:1c010e68
17171733ns          285369 1c008642 10f7f653 fmul.s           f12, f15, f15       f12=xxxxxxxx f15:421d0080 f15:421d0080
17171753ns          285370 1c008646 00872783 lw               x15, 8(x14)         x15=4289ea87 x14:1c010e68  PA:1c010e70
17172052ns          285385 1c008648 00c70713 addi             x14, x14, 12        x14=1c010e74 x14:1c010e68
17172072ns          285386 1c00864a 60d6f6c3 fmadd.s          f13, f13, f13, f12  f13=xxxxxxxx f13:4218da58 f13:4218da58 f12:44c0933a
17172092ns          285387 1c00864e 68f7f7c3 fmadd.s          f15, f15, f15, f13  f15=xxxxxxxx f15:4289ea87 f15:4289ea87 f13:453b8da0
17172111ns          285388 1c008652 5807f7d3 fsqrt.s          f15, f15            f15=xxxxxxxx f15:45f26087
17172390ns          285402 1c008656 00f4222b p.sw             x15, 4(x8!)          x8=10001e64 x15:42b02316  x8:10001e60  PA:10001e60
17172410ns          285403 1c00863e 00472783 lw               x15, 4(x14)         x15=42bf7c3c x14:1c010e74  PA:1c010e78
17172728ns          285419 1c008640 00072683 lw               x13, 0(x14)         x13=42984a55 x14:1c010e74  PA:1c010e74
17173026ns          285434 1c008642 10f7f653 fmul.s           f12, f15, f15       f12=xxxxxxxx f15:42bf7c3c f15:42bf7c3c
17173046ns          285435 1c008646 00872783 lw               x15, 8(x14)         x15=426f1b10 x14:1c010e74  PA:1c010e7c
17173345ns          285450 1c008648 00c70713 addi             x14, x14, 12        x14=1c010e80 x14:1c010e74
17173365ns          285451 1c00864a 60d6f6c3 fmadd.s          f13, f13, f13, f12  f13=xxxxxxxx f13:42984a55 f13:42984a55 f12:460f3a9e
17173384ns          285452 1c00864e 68f7f7c3 fmadd.s          f15, f15, f15, f13  f15=xxxxxxxx f15:426f1b10 f15:426f1b10 f13:4669d2f9
17173404ns          285453 1c008652 5807f7d3 fsqrt.s          f15, f15            f15=xxxxxxxx f15:4690d3ee
17173683ns          285467 1c008656 00f4222b p.sw             x15, 4(x8!)          x8=10001e68 x15:43082779  x8:10001e64  PA:10001e64
17173703ns          285468 1c00863e 00472783 lw               x15, 4(x14)         x15=4288aee7 x14:1c010e80  PA:1c010e84
17174021ns          285484 1c008640 00072683 lw               x13, 0(x14)         x13=4232069f x14:1c010e80  PA:1c010e80
17174319ns          285499 1c008642 10f7f653 fmul.s           f12, f15, f15       f12=xxxxxxxx f15:4288aee7 f15:4288aee7
17174339ns          285500 1c008646 00872783 lw               x15, 8(x14)         x15=412a6a8c x14:1c010e80  PA:1c010e88
17174638ns          285515 1c008648 00c70713 addi             x14, x14, 12        x14=1c010e8c x14:1c010e80
17174657ns          285516 1c00864a 60d6f6c3 fmadd.s          f13, f13, f13, f12  f13=xxxxxxxx f13:4232069f f13:4232069f f12:4591f49a
17174677ns          285517 1c00864e 68f7f7c3 fmadd.s          f15, f15, f15, f13  f15=xxxxxxxx f15:412a6a8c f15:412a6a8c f13:45cfdb35
17174697ns          285518 1c008652 5807f7d3 fsqrt.s          f15, f15            f15=xxxxxxxx f15:45d366c2
17174976ns          285532 1c008656 00f4222b p.sw             x15, 4(x8!)          x8=10001e6c x15:42a47f52  x8:10001e68  PA:10001e68
17174996ns          285533 1c00863e 00472783 lw               x15, 4(x14)         x15=42b36934 x14:1c010e8c  PA:1c010e90
17175314ns          285549 1c008640 00072683 lw               x13, 0(x14)         x13=423294eb x14:1c010e8c  PA:1c010e8c
17175612ns          285564 1c008642 10f7f653 fmul.s           f12, f15, f15       f12=xxxxxxxx f15:42b36934 f15:42b36934
17175632ns          285565 1c008646 00872783 lw               x15, 8(x14)         x15=4238469a x14:1c010e8c  PA:1c010e94
17175930ns          285580 1c008648 00c70713 addi             x14, x14, 12        x14=1c010e98 x14:1c010e8c
17175950ns          285581 1c00864a 60d6f6c3 fmadd.s          f13, f13, f13, f12  f13=xxxxxxxx f13:423294eb f13:423294eb f12:45fb7894
17175970ns          285582 1c00864e 68f7f7c3 fmadd.s          f15, f15, f15, f13  f15=xxxxxxxx f15:4238469a f15:4238469a f13:461ce125
17175990ns          285583 1c008652 5807f7d3 fsqrt.s          f15, f15            f15=xxxxxxxx f15:463e0a89
17176269ns          285597 1c008656 00f4222b p.sw             x15, 4(x8!)          x8=10001e70 x15:42dc9194  x8:10001e6c  PA:10001e6c
17176288ns          285598 1c00863e 00472783 lw               x15, 4(x14)         x15=41d68992 x14:1c010e98  PA:1c010e9c
17176607ns          285614 1c008640 00072683 lw               x13, 0(x14)         x13=42b720d5 x14:1c010e98  PA:1c010e98
17176905ns          285629 1c008642 10f7f653 fmul.s           f12, f15, f15       f12=xxxxxxxx f15:41d68992 f15:41d68992
17176925ns          285630 1c008646 00872783 lw               x15, 8(x14)         x15=42945397 x14:1c010e98  PA:1c010ea0
17177223ns          285645 1c008648 00c70713 addi             x14, x14, 12        x14=1c010ea4 x14:1c010e98
17177243ns          285646 1c00864a 60d6f6c3 fmadd.s          f13, f13, f13, f12  f13=xxxxxxxx f13:42b720d5 f13:42b720d5 f12:4433ca4a
17177263ns          285647 1c00864e 68f7f7c3 fmadd.s          f15, f15, f15, f13  f15=xxxxxxxx f15:42945397 f15:42945397 f13:460e3c99
17177283ns          285648 1c008652 5807f7d3 fsqrt.s          f15, f15            f15=xxxxxxxx f15:46642d5b
17177561ns          285662 1c008656 00f4222b p.sw             x15, 4(x8!)          x8=10001e74 x15:42f1b045  x8:10001e70  PA:10001e70
17177581ns          285663 1c00863e 00472783 lw               x15, 4(x14)         x15=421a17b8 x14:1c010ea4  PA:1c010ea8
17177880ns          285678 1c008640 00072683 lw               x13, 0(x14)         x13=4292f996 x14:1c010ea4  PA:1c010ea4
17178178ns          285693 1c008642 10f7f653 fmul.s           f12, f15, f15       f12=xxxxxxxx f15:421a17b8 f15:421a17b8
17178198ns          285694 1c008646 00872783 lw               x15, 8(x14)         x15=40a2e9cc x14:1c010ea4  PA:1c010eac
17178496ns          285709 1c008648 00c70713 addi             x14, x14, 12        x14=1c010eb0 x14:1c010ea4
17178516ns          285710 1c00864a 60d6f6c3 fmadd.s          f13, f13, f13, f12  f13=xxxxxxxx f13:4292f996 f13:4292f996 f12:44b98117
17178536ns          285711 1c00864e 68f7f7c3 fmadd.s          f15, f15, f15, f13  f15=xxxxxxxx f15:40a2e9cc f15:40a2e9cc f13:45d7238b
17178556ns          285712 1c008652 5807f7d3 fsqrt.s          f15, f15            f15=xxxxxxxx f15:45d7f2e4
17178834ns          285726 1c008656 00f4222b p.sw             x15, 4(x8!)          x8=10001e78 x15:42a641d6  x8:10001e74  PA:10001e74
17178854ns          285727 1c00863e 00472783 lw               x15, 4(x14)         x15=429ddb64 x14:1c010eb0  PA:1c010eb4
17179153ns          285742 1c008640 00072683 lw               x13, 0(x14)         x13=4219b199 x14:1c010eb0  PA:1c010eb0
17179451ns          285757 1c008642 10f7f653 fmul.s           f12, f15, f15       f12=xxxxxxxx f15:429ddb64 f15:429ddb64
17179471ns          285758 1c008646 00872783 lw               x15, 8(x14)         x15=4249505b x14:1c010eb0  PA:1c010eb8
17179769ns          285773 1c008648 00c70713 addi             x14, x14, 12        x14=1c010ebc x14:1c010eb0
17179789ns          285774 1c00864a 60d6f6c3 fmadd.s          f13, f13, f13, f12  f13=xxxxxxxx f13:4219b199 f13:4219b199 f12:45c2ada9
17179809ns          285775 1c00864e 68f7f7c3 fmadd.s          f15, f15, f15, f13  f15=xxxxxxxx f15:4249505b f15:4249505b f13:45f0d08b
17179829ns          285776 1c008652 5807f7d3 fsqrt.s          f15, f15            f15=xxxxxxxx f15:461ffc18
17180107ns          285790 1c008656 00f4222b p.sw             x15, 4(x8!)          x8=10001e7c x15:42ca6049  x8:10001e78  PA:10001e78
17180127ns          285791 1c00863e 00472783 lw               x15, 4(x14)         x15=42c5fa1d x14:1c010ebc  PA:1c010ec0
17180426ns          285806 1c008640 00072683 lw               x13, 0(x14)         x13=425345e6 x14:1c010ebc  PA:1c010ebc
17180744ns          285822 1c008642 10f7f653 fmul.s           f12, f15, f15       f12=xxxxxxxx f15:42c5fa1d f15:42c5fa1d
17180764ns          285823 1c008646 00872783 lw               x15, 8(x14)         x15=4293775d x14:1c010ebc  PA:1c010ec4
17181062ns          285838 1c008648 00c70713 addi             x14, x14, 12        x14=1c010ec8 x14:1c010ebc
17181082ns          285839 1c00864a 60d6f6c3 fmadd.s          f13, f13, f13, f12  f13=xxxxxxxx f13:425345e6 f13:425345e6 f12:46191ae5
17181102ns          285840 1c00864e 68f7f7c3 fmadd.s          f15, f15, f15, f13  f15=xxxxxxxx f15:4293775d f15:4293775d f13:4644b1f8
17181122ns          285841 1c008652 5807f7d3 fsqrt.s          f15, f15            f15=xxxxxxxx f15:468cd222
17181400ns          285855 1c008656 00f4222b p.sw             x15, 4(x8!)          x8=10001e80 x15:430641e9  x8:10001e7c  PA:10001e7c
17181420ns          285856 1c00863e 00472783 lw               x15, 4(x14)         x15=41e90a4b x14:1c010ec8  PA:1c010ecc
17181739ns          285872 1c008640 00072683 lw               x13, 0(x14)         x13=41a43cd6 x14:1c010ec8  PA:1c010ec8
17182057ns          285888 1c008642 10f7f653 fmul.s           f12, f15, f15       f12=xxxxxxxx f15:41e90a4b f15:41e90a4b
17182077ns          285889 1c008646 00872783 lw               x15, 8(x14)         x15=41d6ba77 x14:1c010ec8  PA:1c010ed0
17182375ns          285904 1c008648 00c70713 addi             x14, x14, 12        x14=1c010ed4 x14:1c010ec8
17182395ns          285905 1c00864a 60d6f6c3 fmadd.s          f13, f13, f13, f12  f13=xxxxxxxx f13:41a43cd6 f13:41a43cd6 f12:445423bd
17182415ns          285906 1c00864e 68f7f7c3 fmadd.s          f15, f15, f15, f13  f15=xxxxxxxx f15:41d6ba77 f15:41d6ba77 f13:449ec0df
17182435ns          285907 1c008652 5807f7d3 fsqrt.s          f15, f15            f15=xxxxxxxx f15:44f8cf02
17182713ns          285921 1c008656 00f4222b p.sw             x15, 4(x8!)          x8=10001e84 x15:4232756d  x8:10001e80  PA:10001e80
17182733ns          285922 1c00863e 00472783 lw               x15, 4(x14)         x15=428b9a03 x14:1c010ed4  PA:1c010ed8
17183051ns          285938 1c008640 00072683 lw               x13, 0(x14)         x13=41eccd6e x14:1c010ed4  PA:1c010ed4
17183370ns          285954 1c008642 10f7f653 fmul.s           f12, f15, f15       f12=xxxxxxxx f15:428b9a03 f15:428b9a03
17183389ns          285955 1c008646 00872783 lw               x15, 8(x14)         x15=429b3490 x14:1c010ed4  PA:1c010edc
17183688ns          285970 1c008648 00c70713 addi             x14, x14, 12        x14=1c010ee0 x14:1c010ed4
17183708ns          285971 1c00864a 60d6f6c3 fmadd.s          f13, f13, f13, f12  f13=xxxxxxxx f13:41eccd6e f13:41eccd6e f12:45984138
17183728ns          285972 1c00864e 68f7f7c3 fmadd.s          f15, f15, f15, f13  f15=xxxxxxxx f15:429b3490 f15:429b3490 f13:45b3a2a5
17183747ns          285973 1c008652 5807f7d3 fsqrt.s          f15, f15            f15=xxxxxxxx f15:4637ea04
17184026ns          285987 1c008656 00f4222b p.sw             x15, 4(x8!)          x8=10001e88 x15:42d8fbe1  x8:10001e84  PA:10001e84
17184046ns          285988 1c00863e 00472783 lw               x15, 4(x14)         x15=41381783 x14:1c010ee0  PA:1c010ee4
17184364ns          286004 1c008640 00072683 lw               x13, 0(x14)         x13=3f8059c5 x14:1c010ee0  PA:1c010ee0
17184682ns          286020 1c008642 10f7f653 fmul.s           f12, f15, f15       f12=xxxxxxxx f15:41381783 f15:41381783
17184702ns          286021 1c008646 00872783 lw               x15, 8(x14)         x15=42142281 x14:1c010ee0  PA:1c010ee8
17185001ns          286036 1c008648 00c70713 addi             x14, x14, 12        x14=1c010eec x14:1c010ee0
17185021ns          286037 1c00864a 60d6f6c3 fmadd.s          f13, f13, f13, f12  f13=xxxxxxxx f13:3f8059c5 f13:3f8059c5 f12:430461ce
17185040ns          286038 1c00864e 68f7f7c3 fmadd.s          f15, f15, f15, f13  f15=xxxxxxxx f15:42142281 f15:42142281 f13:43056336
17185060ns          286039 1c008652 5807f7d3 fsqrt.s          f15, f15            f15=xxxxxxxx f15:44bc1c3a
17185339ns          286053 1c008656 00f4222b p.sw             x15, 4(x8!)          x8=10001e8c x15:421b2bd6  x8:10001e88  PA:10001e88
17185359ns          286054 1c00863e 00472783 lw               x15, 4(x14)         x15=42a2c3ca x14:1c010eec  PA:1c010ef0
17185677ns          286070 1c008640 00072683 lw               x13, 0(x14)         x13=4230ebe6 x14:1c010eec  PA:1c010eec
17185995ns          286086 1c008642 10f7f653 fmul.s           f12, f15, f15       f12=xxxxxxxx f15:42a2c3ca f15:42a2c3ca
17186015ns          286087 1c008646 00872783 lw               x15, 8(x14)         x15=4240b330 x14:1c010eec  PA:1c010ef4
17186313ns          286102 1c008648 00c70713 addi             x14, x14, 12        x14=1c010ef8 x14:1c010eec
17186333ns          286103 1c00864a 60d6f6c3 fmadd.s          f13, f13, f13, f12  f13=xxxxxxxx f13:4230ebe6 f13:4230ebe6 f12:45cef8c3
17186353ns          286104 1c00864e 68f7f7c3 fmadd.s          f15, f15, f15, f13  f15=xxxxxxxx f15:4240b330 f15:4240b330 f13:46060daf
17186373ns          286105 1c008652 5807f7d3 fsqrt.s          f15, f15            f15=xxxxxxxx f15:462a5100
17186652ns          286119 1c008656 00f4222b p.sw             x15, 4(x8!)          x8=10001e90 x15:42d0cefb  x8:10001e8c  PA:10001e8c
17186671ns          286120 1c00863e 00472783 lw               x15, 4(x14)         x15=4145d400 x14:1c010ef8  PA:1c010efc
17186990ns          286136 1c008640 00072683 lw               x13, 0(x14)         x13=42ac49db x14:1c010ef8  PA:1c010ef8
17187308ns          286152 1c008642 10f7f653 fmul.s           f12, f15, f15       f12=xxxxxxxx f15:4145d400 f15:4145d400
17187328ns          286153 1c008646 00872783 lw               x15, 8(x14)         x15=42211e0d x14:1c010ef8  PA:1c010f00
17187626ns          286168 1c008648 00c70713 addi             x14, x14, 12        x14=1c010f04 x14:1c010ef8
17187646ns          286169 1c00864a 60d6f6c3 fmadd.s          f13, f13, f13, f12  f13=xxxxxxxx f13:42ac49db f13:42ac49db f12:4318dff8
17187666ns          286170 1c00864e 68f7f7c3 fmadd.s          f15, f15, f15, f13  f15=xxxxxxxx f15:42211e0d f15:42211e0d f13:45ecada7
17187686ns          286171 1c008652 5807f7d3 fsqrt.s          f15, f15            f15=xxxxxxxx f15:460fb087
17187964ns          286185 1c008656 00f4222b p.sw             x15, 4(x8!)          x8=10001e94 x15:42bfcafd  x8:10001e90  PA:10001e90
17187984ns          286186 1c00863e 00472783 lw               x15, 4(x14)         x15=42885232 x14:1c010f04  PA:1c010f08
17188302ns          286202 1c008640 00072683 lw               x13, 0(x14)         x13=42172696 x14:1c010f04  PA:1c010f04
17188621ns          286218 1c008642 10f7f653 fmul.s           f12, f15, f15       f12=xxxxxxxx f15:42885232 f15:42885232
17188641ns          286219 1c008646 00872783 lw               x15, 8(x14)         x15=42573056 x14:1c010f04  PA:1c010f0c
17188939ns          286234 1c008648 00c70713 addi             x14, x14, 12        x14=1c010f10 x14:1c010f04
17188959ns          286235 1c00864a 60d6f6c3 fmadd.s          f13, f13, f13, f12  f13=xxxxxxxx f13:42172696 f13:42172696 f12:45912edf
17188979ns          286236 1c00864e 68f7f7c3 fmadd.s          f15, f15, f15, f13  f15=xxxxxxxx f15:42573056 f15:42573056 f13:45bdce24
17188999ns          286237 1c008652 5807f7d3 fsqrt.s          f15, f15            f15=xxxxxxxx f15:460c1fa0
17189277ns          286251 1c008656 00f4222b p.sw             x15, 4(x8!)          x8=10001e98 x15:42bd65e7  x8:10001e94  PA:10001e94
17189297ns          286252 1c00863e 00472783 lw               x15, 4(x14)         x15=41e10c57 x14:1c010f10  PA:1c010f14
17189615ns          286268 1c008640 00072683 lw               x13, 0(x14)         x13=4226cf77 x14:1c010f10  PA:1c010f10
17189934ns          286284 1c008642 10f7f653 fmul.s           f12, f15, f15       f12=xxxxxxxx f15:41e10c57 f15:41e10c57
17189953ns          286285 1c008646 00872783 lw               x15, 8(x14)         x15=420d13cd x14:1c010f10  PA:1c010f18
17190252ns          286300 1c008648 00c70713 addi             x14, x14, 12        x14=1c010f1c x14:1c010f10
17190272ns          286301 1c00864a 60d6f6c3 fmadd.s          f13, f13, f13, f12  f13=xxxxxxxx f13:4226cf77 f13:4226cf77 f12:4445d6b2
17190292ns          286302 1c00864e 68f7f7c3 fmadd.s          f15, f15, f15, f13  f15=xxxxxxxx f15:420d13cd f15:420d13cd f13:451e2763
17190311ns          286303 1c008652 5807f7d3 fsqrt.s          f15, f15            f15=xxxxxxxx f15:456be634
17190590ns          286317 1c008656 00f4222b p.sw             x15, 4(x8!)          x8=10001e9c x15:4275be83  x8:10001e98  PA:10001e98
17190610ns          286318 1c00863e 00472783 lw               x15, 4(x14)         x15=422388c3 x14:1c010f1c  PA:1c010f20
17190928ns          286334 1c008640 00072683 lw               x13, 0(x14)         x13=412e1e3f x14:1c010f1c  PA:1c010f1c
17191226ns          286349 1c008642 10f7f653 fmul.s           f12, f15, f15       f12=xxxxxxxx f15:422388c3 f15:422388c3
17191246ns          286350 1c008646 00872783 lw               x15, 8(x14)         x15=42691ba7 x14:1c010f1c  PA:1c010f24
17191545ns          286365 1c008648 00c70713 addi             x14, x14, 12        x14=1c010f28 x14:1c010f1c
17191565ns          286366 1c00864a 60d6f6c3 fmadd.s          f13, f13, f13, f12  f13=xxxxxxxx f13:412e1e3f f13:412e1e3f f12:44d0eee3
17191584ns          286367 1c00864e 68f7f7c3 fmadd.s          f15, f15, f15, f13  f15=xxxxxxxx f15:42691ba7 f15:42691ba7 f13:44dfbc87
17191604ns          286368 1c008652 5807f7d3 fsqrt.s          f15, f15            f15=xxxxxxxx f15:45a210ce
17191883ns          286382 1c008656 00f4222b p.sw             x15, 4(x8!)          x8=10001ea0 x15:42900778  x8:10001e9c  PA:10001e9c
17191903ns          286383 1c00863e 00472783 lw               x15, 4(x14)         x15=42c49f11 x14:1c010f28  PA:1c010f2c
17192201ns          286398 1c008640 00072683 lw               x13, 0(x14)         x13=415f2839 x14:1c010f28  PA:1c010f28
17192499ns          286413 1c008642 10f7f653 fmul.s           f12, f15, f15       f12=xxxxxxxx f15:42c49f11 f15:42c49f11
17192519ns          286414 1c008646 00872783 lw               x15, 8(x14)         x15=429dbf58 x14:1c010f28  PA:1c010f30
17192818ns          286429 1c008648 00c70713 addi             x14, x14, 12        x14=1c010f34 x14:1c010f28
17192838ns          286430 1c00864a 60d6f6c3 fmadd.s          f13, f13, f13, f12  f13=xxxxxxxx f13:415f2839 f13:415f2839 f12:461703f5
17192857ns          286431 1c00864e 68f7f7c3 fmadd.s          f15, f15, f15, f13  f15=xxxxxxxx f15:429dbf58 f15:429dbf58 f13:461a0e11
17192877ns          286432 1c008652 5807f7d3 fsqrt.s          f15, f15            f15=xxxxxxxx f15:467b4252
17193156ns          286446 1c008656 00f4222b p.sw             x15, 4(x8!)          x8=10001ea4 x15:42fd9e53  x8:10001ea0  PA:10001ea0
17193176ns          286447 1c00863e 00472783 lw               x15, 4(x14)         x15=41640f11 x14:1c010f34  PA:1c010f38
17193474ns          286462 1c008640 00072683 lw               x13, 0(x14)         x13=40f34229 x14:1c010f34  PA:1c010f34
17193772ns          286477 1c008642 10f7f653 fmul.s           f12, f15, f15       f12=xxxxxxxx f15:41640f11 f15:41640f11
17193792ns          286478 1c008646 00872783 lw               x15, 8(x14)         x15=427c6527 x14:1c010f34  PA:1c010f3c
17194091ns          286493 1c008648 00c70713 addi             x14, x14, 12        x14=1c010f40 x14:1c010f34
17194111ns          286494 1c00864a 60d6f6c3 fmadd.s          f13, f13, f13, f12  f13=xxxxxxxx f13:40f34229 f13:40f34229 f12:434b2ad7
17194130ns          286495 1c00864e 68f7f7c3 fmadd.s          f15, f15, f15, f13  f15=xxxxxxxx f15:427c6527 f15:427c6527 f13:43827a41
17194150ns          286496 1c008652 5807f7d3 fsqrt.s          f15, f15            f15=xxxxxxxx f15:4584934a
17194429ns          286510 1c008656 00f4222b p.sw             x15, 4(x8!)          x8=10001ea8 x15:42824481  x8:10001ea4  PA:10001ea4
17194449ns          286511 1c00863e 00472783 lw               x15, 4(x14)         x15=42980505 x14:1c010f40  PA:1c010f44
17194747ns          286526 1c008640 00072683 lw               x13, 0(x14)         x13=417b9b7a x14:1c010f40  PA:1c010f40
17195045ns          286541 1c008642 10f7f653 fmul.s           f12, f15, f15       f12=xxxxxxxx f15:42980505 f15:42980505
17195065ns          286542 1c008646 00872783 lw               x15, 8(x14)         x15=41e1a71e x14:1c010f40  PA:1c010f48
17195403ns          286559 1c008648 00c70713 addi             x14, x14, 12        x14=1c010f4c x14:1c010f40
17195423ns          286560 1c00864a 60d6f6c3 fmadd.s          f13, f13, f13, f12  f13=xxxxxxxx f13:417b9b7a f13:417b9b7a f12:45b48bec
17195443ns          286561 1c00864e 68f7f7c3 fmadd.s          f15, f15, f15, f13  f15=xxxxxxxx f15:41e1a71e f15:41e1a71e f13:45bc463e
17195463ns          286562 1c008652 5807f7d3 fsqrt.s          f15, f15            f15=xxxxxxxx f15:45d52324
17195742ns          286576 1c008656 00f4222b p.sw             x15, 4(x8!)          x8=10001eac x15:42a52bdd  x8:10001ea8  PA:10001ea8
17195762ns          286577 1c00863e 00472783 lw               x15, 4(x14)         x15=4270bbc3 x14:1c010f4c  PA:1c010f50
17196060ns          286592 1c008640 00072683 lw               x13, 0(x14)         x13=42131197 x14:1c010f4c  PA:1c010f4c
17196358ns          286607 1c008642 10f7f653 fmul.s           f12, f15, f15       f12=xxxxxxxx f15:4270bbc3 f15:4270bbc3
17196378ns          286608 1c008646 00872783 lw               x15, 8(x14)         x15=42a879a7 x14:1c010f4c  PA:1c010f54
17196696ns          286624 1c008648 00c70713 addi             x14, x14, 12        x14=1c010f58 x14:1c010f4c
17196716ns          286625 1c00864a 60d6f6c3 fmadd.s          f13, f13, f13, f12  f13=xxxxxxxx f13:42131197 f13:42131197 f12:45626097
17196736ns          286626 1c00864e 68f7f7c3 fmadd.s          f15, f15, f15, f13  f15=xxxxxxxx f15:42a879a7 f15:42a879a7 f13:459b6ee6
17196756ns          286627 1c008652 5807f7d3 fsqrt.s          f15, f15            f15=xxxxxxxx f15:463c9758
17197035ns          286641 1c008656 00f4222b p.sw             x15, 4(x8!)          x8=10001eb0 x15:42dbb9c2  x8:10001eac  PA:10001eac
17197054ns          286642 1c00863e 00472783 lw               x15, 4(x14)         x15=420be77b x14:1c010f58  PA:1c010f5c
17197353ns          286657 1c008640 00072683 lw               x13, 0(x14)         x13=42bfc7a6 x14:1c010f58  PA:1c010f58
17197651ns          286672 1c008642 10f7f653 fmul.s           f12, f15, f15       f12=xxxxxxxx f15:420be77b f15:420be77b
17197671ns          286673 1c008646 00872783 lw               x15, 8(x14)         x15=40af9264 x14:1c010f58  PA:1c010f60
17197989ns          286689 1c008648 00c70713 addi             x14, x14, 12        x14=1c010f64 x14:1c010f58
17198009ns          286690 1c00864a 60d6f6c3 fmadd.s          f13, f13, f13, f12  f13=xxxxxxxx f13:42bfc7a6 f13:42bfc7a6 f12:4498ea62
17198029ns          286691 1c00864e 68f7f7c3 fmadd.s          f15, f15, f15, f13  f15=xxxxxxxx f15:40af9264 f15:40af9264 f13:4622c8d2
17198049ns          286692 1c008652 5807f7d3 fsqrt.s          f15, f15            f15=xxxxxxxx f15:4623413b
17198327ns          286706 1c008656 00f4222b p.sw             x15, 4(x8!)          x8=10001eb4 x15:42cc6f16  x8:10001eb0  PA:10001eb0
17198347ns          286707 1c00863e 00472783 lw               x15, 4(x14)         x15=4292c9bf x14:1c010f64  PA:1c010f68
17198666ns          286723 1c008640 00072683 lw               x13, 0(x14)         x13=42a30829 x14:1c010f64  PA:1c010f64
17198964ns          286738 1c008642 10f7f653 fmul.s           f12, f15, f15       f12=xxxxxxxx f15:4292c9bf f15:4292c9bf
17198984ns          286739 1c008646 00872783 lw               x15, 8(x14)         x15=425c1719 x14:1c010f64  PA:1c010f6c
17199302ns          286755 1c008648 00c70713 addi             x14, x14, 12        x14=1c010f70 x14:1c010f64
17199322ns          286756 1c00864a 60d6f6c3 fmadd.s          f13, f13, f13, f12  f13=xxxxxxxx f13:42a30829 f13:42a30829 f12:45a8557a
17199342ns          286757 1c00864e 68f7f7c3 fmadd.s          f15, f15, f15, f13  f15=xxxxxxxx f15:425c1719 f15:425c1719 f13:463bfe21
17199362ns          286758 1c008652 5807f7d3 fsqrt.s          f15, f15            f15=xxxxxxxx f15:466b4c0e
17199640ns          286772 1c008656 00f4222b p.sw             x15, 4(x8!)          x8=10001eb8 x15:42f56e2b  x8:10001eb4  PA:10001eb4
17199660ns          286773 1c00863e 00472783 lw               x15, 4(x14)         x15=428b3cac x14:1c010f70  PA:1c010f74
17199958ns          286788 1c008640 00072683 lw               x13, 0(x14)         x13=420600e3 x14:1c010f70  PA:1c010f70
17200257ns          286803 1c008642 10f7f653 fmul.s           f12, f15, f15       f12=xxxxxxxx f15:428b3cac f15:428b3cac
17200277ns          286804 1c008646 00872783 lw               x15, 8(x14)         x15=429c0a5d x14:1c010f70  PA:1c010f78
17200595ns          286820 1c008648 00c70713 addi             x14, x14, 12        x14=1c010f7c x14:1c010f70
17200615ns          286821 1c00864a 60d6f6c3 fmadd.s          f13, f13, f13, f12  f13=xxxxxxxx f13:420600e3 f13:420600e3 f12:459775e2
17200635ns          286822 1c00864e 68f7f7c3 fmadd.s          f15, f15, f15, f13  f15=xxxxxxxx f15:429c0a5d f15:429c0a5d f13:45ba8859
17200655ns          286823 1c008652 5807f7d3 fsqrt.s          f15, f15            f15=xxxxxxxx f15:463c60ce
17200933ns          286837 1c008656 00f4222b p.sw             x15, 4(x8!)          x8=10001ebc x15:42db99fa  x8:10001eb8  PA:10001eb8
17200953ns          286838 1c00863e 00472783 lw               x15, 4(x14)         x15=41ce5f5b x14:1c010f7c  PA:1c010f80
17201251ns          286853 1c008640 00072683 lw               x13, 0(x14)         x13=41dead56 x14:1c010f7c  PA:1c010f7c
17201550ns          286868 1c008642 10f7f653 fmul.s           f12, f15, f15       f12=xxxxxxxx f15:41ce5f5b f15:41ce5f5b
17201570ns          286869 1c008646 00872783 lw               x15, 8(x14)         x15=421705f7 x14:1c010f7c  PA:1c010f84
17201868ns          286884 1c008648 00c70713 addi             x14, x14, 12        x14=1c010f88 x14:1c010f7c
17201888ns          286885 1c00864a 60d6f6c3 fmadd.s          f13, f13, f13, f12  f13=xxxxxxxx f13:41dead56 f13:41dead56 f12:44265d9a
17201908ns          286886 1c00864e 68f7f7c3 fmadd.s          f15, f15, f15, f13  f15=xxxxxxxx f15:421705f7 f15:421705f7 f13:44b40758
17201928ns          286887 1c008652 5807f7d3 fsqrt.s          f15, f15            f15=xxxxxxxx f15:45331bb6
17202206ns          286901 1c008656 00f4222b p.sw             x15, 4(x8!)          x8=10001ec0 x15:42562150  x8:10001ebc  PA:10001ebc
17202226ns          286902 1c00863e 00472783 lw               x15, 4(x14)         x15=4110c148 x14:1c010f88  PA:1c010f8c
17202524ns          286917 1c008640 00072683 lw               x13, 0(x14)         x13=42870b1f x14:1c010f88  PA:1c010f88
17202823ns          286932 1c008642 10f7f653 fmul.s           f12, f15, f15       f12=xxxxxxxx f15:4110c148 f15:4110c148
17202843ns          286933 1c008646 00872783 lw               x15, 8(x14)         x15=429b1f7c x14:1c010f88  PA:1c010f90
17203141ns          286948 1c008648 00c70713 addi             x14, x14, 12        x14=1c010f94 x14:1c010f88
17203161ns          286949 1c00864a 60d6f6c3 fmadd.s          f13, f13, f13, f12  f13=xxxxxxxx f13:42870b1f f13:42870b1f f12:42a3b406
17203181ns          286950 1c00864e 68f7f7c3 fmadd.s          f15, f15, f15, f13  f15=xxxxxxxx f15:429b1f7c f15:429b1f7c f13:45910846
17203201ns          286951 1c008652 5807f7d3 fsqrt.s          f15, f15            f15=xxxxxxxx f15:46268347
17203499ns          286966 1c008656 00f4222b p.sw             x15, 4(x8!)          x8=10001ec4 x15:42ce76b8  x8:10001ec0  PA:10001ec0
17203519ns          286967 1c00863e 00472783 lw               x15, 4(x14)         x15=42878c54 x14:1c010f94  PA:1c010f98
17203817ns          286982 1c008640 00072683 lw               x13, 0(x14)         x13=4159c934 x14:1c010f94  PA:1c010f94
17204116ns          286997 1c008642 10f7f653 fmul.s           f12, f15, f15       f12=xxxxxxxx f15:42878c54 f15:42878c54
17204136ns          286998 1c008646 00872783 lw               x15, 8(x14)         x15=429a0cc0 x14:1c010f94  PA:1c010f9c
17204434ns          287013 1c008648 00c70713 addi             x14, x14, 12        x14=1c010fa0 x14:1c010f94
17204454ns          287014 1c00864a 60d6f6c3 fmadd.s          f13, f13, f13, f12  f13=xxxxxxxx f13:4159c934 f13:4159c934 f12:458f8a9b
17204474ns          287015 1c00864e 68f7f7c3 fmadd.s          f15, f15, f15, f13  f15=xxxxxxxx f15:429a0cc0 f15:429a0cc0 f13:459554d1
17204494ns          287016 1c008652 5807f7d3 fsqrt.s          f15, f15            f15=xxxxxxxx f15:46275dc0
17204812ns          287032 1c008656 00f4222b p.sw             x15, 4(x8!)          x8=10001ec8 x15:42cefdfe  x8:10001ec4  PA:10001ec4
17204832ns          287033 1c00863e 00472783 lw               x15, 4(x14)         x15=42c07fb3 x14:1c010fa0  PA:1c010fa4
17205130ns          287048 1c008640 00072683 lw               x13, 0(x14)         x13=42380ff1 x14:1c010fa0  PA:1c010fa0
17205428ns          287063 1c008642 10f7f653 fmul.s           f12, f15, f15       f12=xxxxxxxx f15:42c07fb3 f15:42c07fb3
17205448ns          287064 1c008646 00872783 lw               x15, 8(x14)         x15=42c6b392 x14:1c010fa0  PA:1c010fa8
17205747ns          287079 1c008648 00c70713 addi             x14, x14, 12        x14=1c010fac x14:1c010fa0
17205767ns          287080 1c00864a 60d6f6c3 fmadd.s          f13, f13, f13, f12  f13=xxxxxxxx f13:42380ff1 f13:42380ff1 f12:4610bfcc
17205786ns          287081 1c00864e 68f7f7c3 fmadd.s          f15, f15, f15, f13  f15=xxxxxxxx f15:42c6b392 f15:42c6b392 f13:4631d587
17205806ns          287082 1c008652 5807f7d3 fsqrt.s          f15, f15            f15=xxxxxxxx f15:46a607e5
17206125ns          287098 1c008656 00f4222b p.sw             x15, 4(x8!)          x8=10001ecc x15:4311c7cd  x8:10001ec8  PA:10001ec8
17206144ns          287099 1c00863e 00472783 lw               x15, 4(x14)         x15=4282480f x14:1c010fac  PA:1c010fb0
17206443ns          287114 1c008640 00072683 lw               x13, 0(x14)         x13=42937f8a x14:1c010fac  PA:1c010fac
17206741ns          287129 1c008642 10f7f653 fmul.s           f12, f15, f15       f12=xxxxxxxx f15:4282480f f15:4282480f
17206761ns          287130 1c008646 00872783 lw               x15, 8(x14)         x15=41fadf78 x14:1c010fac  PA:1c010fb4
17207059ns          287145 1c008648 00c70713 addi             x14, x14, 12        x14=1c010fb8 x14:1c010fac
17207079ns          287146 1c00864a 60d6f6c3 fmadd.s          f13, f13, f13, f12  f13=xxxxxxxx f13:42937f8a f13:42937f8a f12:45849a87
17207099ns          287147 1c00864e 68f7f7c3 fmadd.s          f15, f15, f15, f13  f15=xxxxxxxx f15:41fadf78 f15:41fadf78 f13:461748fc
17207119ns          287148 1c008652 5807f7d3 fsqrt.s          f15, f15            f15=xxxxxxxx f15:4626a690
17207437ns          287164 1c008656 00f4222b p.sw             x15, 4(x8!)          x8=10001ed0 x15:42ce8c97  x8:10001ecc  PA:10001ecc
17207457ns          287165 1c00863e 00472783 lw               x15, 4(x14)         x15=425adf8a x14:1c010fb8  PA:1c010fbc
17207756ns          287180 1c008640 00072683 lw               x13, 0(x14)         x13=41acddcc x14:1c010fb8  PA:1c010fb8
17208054ns          287195 1c008642 10f7f653 fmul.s           f12, f15, f15       f12=xxxxxxxx f15:425adf8a f15:425adf8a
17208074ns          287196 1c008646 00872783 lw               x15, 8(x14)         x15=423abb8d x14:1c010fb8  PA:1c010fc0
17208372ns          287211 1c008648 00c70713 addi             x14, x14, 12        x14=1c010fc4 x14:1c010fb8
17208392ns          287212 1c00864a 60d6f6c3 fmadd.s          f13, f13, f13, f12  f13=xxxxxxxx f13:41acddcc f13:41acddcc f12:453b217a
17208412ns          287213 1c00864e 68f7f7c3 fmadd.s          f15, f15, f15, f13  f15=xxxxxxxx f15:423abb8d f15:423abb8d f13:4558502d
17208432ns          287214 1c008652 5807f7d3 fsqrt.s          f15, f15            f15=xxxxxxxx f15:45b042a0
17208750ns          287230 1c008656 00f4222b p.sw             x15, 4(x8!)          x8=10001ed4 x15:42963449  x8:10001ed0  PA:10001ed0
17208770ns          287231 1c00863e 00472783 lw               x15, 4(x14)         x15=42919569 x14:1c010fc4  PA:1c010fc8
17209068ns          287246 1c008640 00072683 lw               x13, 0(x14)         x13=3e69871b x14:1c010fc4  PA:1c010fc4
17209367ns          287261 1c008642 10f7f653 fmul.s           f12, f15, f15       f12=xxxxxxxx f15:42919569 f15:42919569
17209387ns          287262 1c008646 00872783 lw               x15, 8(x14)         x15=425877e6 x14:1c010fc4  PA:1c010fcc
17209685ns          287277 1c008648 00c70713 addi             x14, x14, 12        x14=1c010fd0 x14:1c010fc4
17209705ns          287278 1c00864a 60d6f6c3 fmadd.s          f13, f13, f13, f12  f13=xxxxxxxx f13:3e69871b f13:3e69871b f12:45a59530
17209725ns          287279 1c00864e 68f7f7c3 fmadd.s          f15, f15, f15, f13  f15=xxxxxxxx f15:425877e6 f15:425877e6 f13:45a5959b
17209745ns          287280 1c008652 5807f7d3 fsqrt.s          f15, f15            f15=xxxxxxxx f15:46008d71
17210023ns          287294 1c008656 00f4222b p.sw             x15, 4(x8!)          x8=10001ed8 x15:42b568db  x8:10001ed4  PA:10001ed4
17210043ns          287295 1c00863e 00472783 lw               x15, 4(x14)         x15=4296d7fe x14:1c010fd0  PA:1c010fd4
17210341ns          287310 1c008640 00072683 lw               x13, 0(x14)         x13=4096e8b4 x14:1c010fd0  PA:1c010fd0
17210640ns          287325 1c008642 10f7f653 fmul.s           f12, f15, f15       f12=xxxxxxxx f15:4296d7fe f15:4296d7fe
17210660ns          287326 1c008646 00872783 lw               x15, 8(x14)         x15=4256c59d x14:1c010fd0  PA:1c010fd8
17210958ns          287341 1c008648 00c70713 addi             x14, x14, 12        x14=1c010fdc x14:1c010fd0
17210978ns          287342 1c00864a 60d6f6c3 fmadd.s          f13, f13, f13, f12  f13=xxxxxxxx f13:4096e8b4 f13:4096e8b4 f12:45b1c3a8
17210998ns          287343 1c00864e 68f7f7c3 fmadd.s          f15, f15, f15, f13  f15=xxxxxxxx f15:4256c59d f15:4256c59d f13:45b27593
17211018ns          287344 1c008652 5807f7d3 fsqrt.s          f15, f15            f15=xxxxxxxx f15:46064688
17211316ns          287359 1c008656 00f4222b p.sw             x15, 4(x8!)          x8=10001edc x15:42b96759  x8:10001ed8  PA:10001ed8
17211336ns          287360 1c00863e 00472783 lw               x15, 4(x14)         x15=429f1c11 x14:1c010fdc  PA:1c010fe0
17211634ns          287375 1c008640 00072683 lw               x13, 0(x14)         x13=42994aaa x14:1c010fdc  PA:1c010fdc
17211933ns          287390 1c008642 10f7f653 fmul.s           f12, f15, f15       f12=xxxxxxxx f15:429f1c11 f15:429f1c11
17211953ns          287391 1c008646 00872783 lw               x15, 8(x14)         x15=4072bdcc x14:1c010fdc  PA:1c010fe4
17212251ns          287406 1c008648 00c70713 addi             x14, x14, 12        x14=1c010fe8 x14:1c010fdc
17212271ns          287407 1c00864a 60d6f6c3 fmadd.s          f13, f13, f13, f12  f13=xxxxxxxx f13:42994aaa f13:42994aaa f12:45c5c7c0
17212291ns          287408 1c00864e 68f7f7c3 fmadd.s          f15, f15, f15, f13  f15=xxxxxxxx f15:4072bdcc f15:4072bdcc f13:463eae35
17212311ns          287409 1c008652 5807f7d3 fsqrt.s          f15, f15            f15=xxxxxxxx f15:463ee7c0
17212609ns          287424 1c008656 00f4222b p.sw             x15, 4(x8!)          x8=10001ee0 x15:42dd11cf  x8:10001edc  PA:10001edc
17212629ns          287425 1c00863e 00472783 lw               x15, 4(x14)         x15=41ddc543 x14:1c010fe8  PA:1c010fec
17212927ns          287440 1c008640 00072683 lw               x13, 0(x14)         x13=41b0b833 x14:1c010fe8  PA:1c010fe8
17213226ns          287455 1c008642 10f7f653 fmul.s           f12, f15, f15       f12=xxxxxxxx f15:41ddc543 f15:41ddc543
17213245ns          287456 1c008646 00872783 lw               x15, 8(x14)         x15=4291b237 x14:1c010fe8  PA:1c010ff0
17213544ns          287471 1c008648 00c70713 addi             x14, x14, 12        x14=1c010ff4 x14:1c010fe8
17213564ns          287472 1c00864a 60d6f6c3 fmadd.s          f13, f13, f13, f12  f13=xxxxxxxx f13:41b0b833 f13:41b0b833 f12:44401e2e
17213584ns          287473 1c00864e 68f7f7c3 fmadd.s          f15, f15, f15, f13  f15=xxxxxxxx f15:4291b237 f15:4291b237 f13:449d0dfc
17213604ns          287474 1c008652 5807f7d3 fsqrt.s          f15, f15            f15=xxxxxxxx f15:45cd1a3c
17213902ns          287489 1c008656 00f4222b p.sw             x15, 4(x8!)          x8=10001ee4 x15:42a20734  x8:10001ee0  PA:10001ee0
17213922ns          287490 1c00863e 00472783 lw               x15, 4(x14)         x15=41a41965 x14:1c010ff4  PA:1c010ff8
17214220ns          287505 1c008640 00072683 lw               x13, 0(x14)         x13=4212f810 x14:1c010ff4  PA:1c010ff4
17214518ns          287520 1c008642 10f7f653 fmul.s           f12, f15, f15       f12=xxxxxxxx f15:41a41965 f15:41a41965
17214538ns          287521 1c008646 00872783 lw               x15, 8(x14)         x15=41b92702 x14:1c010ff4  PA:1c010ffc
17214837ns          287536 1c008648 00c70713 addi             x14, x14, 12        x14=1c011000 x14:1c010ff4
17214857ns          287537 1c00864a 60d6f6c3 fmadd.s          f13, f13, f13, f12  f13=xxxxxxxx f13:4212f810 f13:4212f810 f12:43d26118
17214877ns          287538 1c00864e 68f7f7c3 fmadd.s          f15, f15, f15, f13  f15=xxxxxxxx f15:41b92702 f15:41b92702 f13:44dd580b
17214896ns          287539 1c008652 5807f7d3 fsqrt.s          f15, f15            f15=xxxxxxxx f15:4510265f
17215215ns          287555 1c008656 00f4222b p.sw             x15, 4(x8!)          x8=10001ee8 x15:42401993  x8:10001ee4  PA:10001ee4
17215235ns          287556 1c00863e 00472783 lw               x15, 4(x14)         x15=42a1489c x14:1c011000  PA:1c011004
17215533ns          287571 1c008640 00072683 lw               x13, 0(x14)         x13=418c0783 x14:1c011000  PA:1c011000
17215831ns          287586 1c008642 10f7f653 fmul.s           f12, f15, f15       f12=xxxxxxxx f15:42a1489c f15:42a1489c
17215851ns          287587 1c008646 00872783 lw               x15, 8(x14)         x15=4101aef2 x14:1c011000  PA:1c011008
17216150ns          287602 1c008648 00c70713 addi             x14, x14, 12        x14=1c01100c x14:1c011000
17216169ns          287603 1c00864a 60d6f6c3 fmadd.s          f13, f13, f13, f12  f13=xxxxxxxx f13:418c0783 f13:418c0783 f12:45cb38d2
17216189ns          287604 1c00864e 68f7f7c3 fmadd.s          f15, f15, f15, f13  f15=xxxxxxxx f15:4101aef2 f15:4101aef2 f13:45d4cbd9
17216209ns          287605 1c008652 5807f7d3 fsqrt.s          f15, f15            f15=xxxxxxxx f15:45d6d967
17216527ns          287621 1c008656 00f4222b p.sw             x15, 4(x8!)          x8=10001eec x15:42a5d557  x8:10001ee8  PA:10001ee8
17216547ns          287622 1c00863e 00472783 lw               x15, 4(x14)         x15=4210755c x14:1c01100c  PA:1c011010
17216846ns          287637 1c008640 00072683 lw               x13, 0(x14)         x13=426e3149 x14:1c01100c  PA:1c01100c
17217144ns          287652 1c008642 10f7f653 fmul.s           f12, f15, f15       f12=xxxxxxxx f15:4210755c f15:4210755c
17217164ns          287653 1c008646 00872783 lw               x15, 8(x14)         x15=42aa17e6 x14:1c01100c  PA:1c011014
17217462ns          287668 1c008648 00c70713 addi             x14, x14, 12        x14=1c011018 x14:1c01100c
17217482ns          287669 1c00864a 60d6f6c3 fmadd.s          f13, f13, f13, f12  f13=xxxxxxxx f13:426e3149 f13:426e3149 f12:44a3087b
17217502ns          287670 1c00864e 68f7f7c3 fmadd.s          f15, f15, f15, f13  f15=xxxxxxxx f15:42aa17e6 f15:42aa17e6 f13:459791f5
17217522ns          287671 1c008652 5807f7d3 fsqrt.s          f15, f15            f15=xxxxxxxx f15:463cccba
17217840ns          287687 1c008656 00f4222b p.sw             x15, 4(x8!)          x8=10001ef0 x15:42dbd8d8  x8:10001eec  PA:10001eec
17217860ns          287688 1c00863e 00472783 lw               x15, 4(x14)         x15=429e7b60 x14:1c011018  PA:1c01101c
17218158ns          287703 1c008640 00072683 lw               x13, 0(x14)         x13=428e64ac x14:1c011018  PA:1c011018
17218457ns          287718 1c008642 10f7f653 fmul.s           f12, f15, f15       f12=xxxxxxxx f15:429e7b60 f15:429e7b60
17218477ns          287719 1c008646 00872783 lw               x15, 8(x14)         x15=422291a4 x14:1c011018  PA:1c011020
17218775ns          287734 1c008648 00c70713 addi             x14, x14, 12        x14=1c011024 x14:1c011018
17218795ns          287735 1c00864a 60d6f6c3 fmadd.s          f13, f13, f13, f12  f13=xxxxxxxx f13:428e64ac f13:428e64ac f12:45c4390c
17218815ns          287736 1c00864e 68f7f7c3 fmadd.s          f15, f15, f15, f13  f15=xxxxxxxx f15:422291a4 f15:422291a4 f13:4631505c
17218835ns          287737 1c008652 5807f7d3 fsqrt.s          f15, f15            f15=xxxxxxxx f15:464b1f86
17219153ns          287753 1c008656 00f4222b p.sw             x15, 4(x8!)          x8=10001ef4 x15:42e408b7  x8:10001ef0  PA:10001ef0
17219173ns          287754 1c00863e 00472783 lw               x15, 4(x14)         x15=42990425 x14:1c011024  PA:1c011028
17219471ns          287769 1c008640 00072683 lw               x13, 0(x14)         x13=42353f3d x14:1c011024  PA:1c011024
17219770ns          287784 1c008642 10f7f653 fmul.s           f12, f15, f15       f12=xxxxxxxx f15:42990425 f15:42990425
17219790ns          287785 1c008646 00872783 lw               x15, 8(x14)         x15=425c106e x14:1c011024  PA:1c01102c
17220088ns          287800 1c008648 00c70713 addi             x14, x14, 12        x14=1c011030 x14:1c011024
17220108ns          287801 1c00864a 60d6f6c3 fmadd.s          f13, f13, f13, f12  f13=xxxxxxxx f13:42353f3d f13:42353f3d f12:45b6ebe9
17220128ns          287802 1c00864e 68f7f7c3 fmadd.s          f15, f15, f15, f13  f15=xxxxxxxx f15:425c106e f15:425c106e f13:45f71527
17220148ns          287803 1c008652 5807f7d3 fsqrt.s          f15, f15            f15=xxxxxxxx f15:462ad5a3
17220466ns          287819 1c008656 00f4222b p.sw             x15, 4(x8!)          x8=10001ef8 x15:42d1203a  x8:10001ef4  PA:10001ef4
17220486ns          287820 1c00863e 00472783 lw               x15, 4(x14)         x15=418d5716 x14:1c011030  PA:1c011034
17220784ns          287835 1c008640 00072683 lw               x13, 0(x14)         x13=41c92704 x14:1c011030  PA:1c011030
17221082ns          287850 1c008642 10f7f653 fmul.s           f12, f15, f15       f12=xxxxxxxx f15:418d5716 f15:418d5716
17221102ns          287851 1c008646 00872783 lw               x15, 8(x14)         x15=411df932 x14:1c011030  PA:1c011038
17221401ns          287866 1c008648 00c70713 addi             x14, x14, 12        x14=1c01103c x14:1c011030
17221421ns          287867 1c00864a 60d6f6c3 fmadd.s          f13, f13, f13, f12  f13=xxxxxxxx f13:41c92704 f13:41c92704 f12:439c1218
17221440ns          287868 1c00864e 68f7f7c3 fmadd.s          f15, f15, f15, f13  f15=xxxxxxxx f15:411df932 f15:411df932 f13:446c1756
17221460ns          287869 1c008652 5807f7d3 fsqrt.s          f15, f15            f15=xxxxxxxx f15:44823b1e
17221779ns          287885 1c008656 00f4222b p.sw             x15, 4(x8!)          x8=10001efc x15:42011c53  x8:10001ef8  PA:10001ef8
17221799ns          287886 1c00863e 00472783 lw               x15, 4(x14)         x15=40143248 x14:1c01103c  PA:1c011040
17222097ns          287901 1c008640 00072683 lw               x13, 0(x14)         x13=428087ab x14:1c01103c  PA:1c01103c
17222395ns          287916 1c008642 10f7f653 fmul.s           f12, f15, f15       f12=xxxxxxxx f15:40143248 f15:40143248
17222415ns          287917 1c008646 00872783 lw               x15, 8(x14)         x15=4284fa2e x14:1c01103c  PA:1c011044
17222713ns          287932 1c008648 00c70713 addi             x14, x14, 12        x14=1c011048 x14:1c01103c
17222733ns          287933 1c00864a 60d6f6c3 fmadd.s          f13, f13, f13, f12  f13=xxxxxxxx f13:428087ab f13:428087ab f12:40ab945a
17222753ns          287934 1c00864e 68f7f7c3 fmadd.s          f15, f15, f15, f13  f15=xxxxxxxx f15:4284fa2e f15:4284fa2e f13:45813acb
17222773ns          287935 1c008652 5807f7d3 fsqrt.s          f15, f15            f15=xxxxxxxx f15:4605b059
17223091ns          287951 1c008656 00f4222b p.sw             x15, 4(x8!)          x8=10001f00 x15:42b8ff8c  x8:10001efc  PA:10001efc
17223111ns          287952 1c00863e 00472783 lw               x15, 4(x14)         x15=4288caea x14:1c011048  PA:1c01104c
17223410ns          287967 1c008640 00072683 lw               x13, 0(x14)         x13=425ab151 x14:1c011048  PA:1c011048
17223708ns          287982 1c008642 10f7f653 fmul.s           f12, f15, f15       f12=xxxxxxxx f15:4288caea f15:4288caea
17223728ns          287983 1c008646 00872783 lw               x15, 8(x14)         x15=4202614b x14:1c011048  PA:1c011050
17224026ns          287998 1c008648 00c70713 addi             x14, x14, 12        x14=1c011054 x14:1c011048
17224046ns          287999 1c00864a 60d6f6c3 fmadd.s          f13, f13, f13, f12  f13=xxxxxxxx f13:425ab151 f13:425ab151 f12:45923073
17224066ns          288000 1c00864e 68f7f7c3 fmadd.s          f15, f15, f15, f13  f15=xxxxxxxx f15:4202614b f15:4202614b f13:45ef99af
17224086ns          288001 1c008652 5807f7d3 fsqrt.s          f15, f15            f15=xxxxxxxx f15:46086695
17224384ns          288016 1c008656 00f4222b p.sw             x15, 4(x8!)          x8=10001f04 x15:42badd7a  x8:10001f00  PA:10001f00
17224404ns          288017 1c00863e 00472783 lw               x15, 4(x14)         x15=428da987 x14:1c011054  PA:1c011058
17224703ns          288032 1c008640 00072683 lw               x13, 0(x14)         x13=42b47719 x14:1c011054  PA:1c011054
17225001ns          288047 1c008642 10f7f653 fmul.s           f12, f15, f15       f12=xxxxxxxx f15:428da987 f15:428da987
17225021ns          288048 1c008646 00872783 lw               x15, 8(x14)         x15=42c3e34b x14:1c011054  PA:1c01105c
17225319ns          288063 1c008648 00c70713 addi             x14, x14, 12        x14=1c011060 x14:1c011054
17225339ns          288064 1c00864a 60d6f6c3 fmadd.s          f13, f13, f13, f12  f13=xxxxxxxx f13:42b47719 f13:42b47719 f12:459cc85e
17225359ns          288065 1c00864e 68f7f7c3 fmadd.s          f15, f15, f15, f13  f15=xxxxxxxx f15:42c3e34b f15:42c3e34b f13:464d9be2
17225379ns          288066 1c008652 5807f7d3 fsqrt.s          f15, f15            f15=xxxxxxxx f15:46b1bff8
17225657ns          288080 1c008656 00f4222b p.sw             x15, 4(x8!)          x8=10001f08 x15:4316d66e  x8:10001f04  PA:10001f04
17225677ns          288081 1c00863e 00472783 lw               x15, 4(x14)         x15=41ad2191 x14:1c011060  PA:1c011064
17225995ns          288097 1c008640 00072683 lw               x13, 0(x14)         x13=4291930d x14:1c011060  PA:1c011060
17226294ns          288112 1c008642 10f7f653 fmul.s           f12, f15, f15       f12=xxxxxxxx f15:41ad2191 f15:41ad2191
17226314ns          288113 1c008646 00872783 lw               x15, 8(x14)         x15=415fe7b1 x14:1c011060  PA:1c011068
17226612ns          288128 1c008648 00c70713 addi             x14, x14, 12        x14=1c01106c x14:1c011060
17226632ns          288129 1c00864a 60d6f6c3 fmadd.s          f13, f13, f13, f12  f13=xxxxxxxx f13:4291930d f13:4291930d f12:43ea2cc5
17226652ns          288130 1c00864e 68f7f7c3 fmadd.s          f15, f15, f15, f13  f15=xxxxxxxx f15:415fe7b1 f15:415fe7b1 f13:45b4329f
17226672ns          288131 1c008652 5807f7d3 fsqrt.s          f15, f15            f15=xxxxxxxx f15:45ba514b
17226950ns          288145 1c008656 00f4222b p.sw             x15, 4(x8!)          x8=10001f0c x15:429a6e19  x8:10001f08  PA:10001f08
17226970ns          288146 1c00863e 00472783 lw               x15, 4(x14)         x15=42200281 x14:1c01106c  PA:1c011070
17227288ns          288162 1c008640 00072683 lw               x13, 0(x14)         x13=42af1b44 x14:1c01106c  PA:1c01106c
17227587ns          288177 1c008642 10f7f653 fmul.s           f12, f15, f15       f12=xxxxxxxx f15:42200281 f15:42200281
17227607ns          288178 1c008646 00872783 lw               x15, 8(x14)         x15=4289cf09 x14:1c01106c  PA:1c011074
17227905ns          288193 1c008648 00c70713 addi             x14, x14, 12        x14=1c011078 x14:1c01106c
17227925ns          288194 1c00864a 60d6f6c3 fmadd.s          f13, f13, f13, f12  f13=xxxxxxxx f13:42af1b44 f13:42af1b44 f12:44c80643
17227945ns          288195 1c00864e 68f7f7c3 fmadd.s          f15, f15, f15, f13  f15=xxxxxxxx f15:4289cf09 f15:4289cf09 f13:4610c712
17227965ns          288196 1c008652 5807f7d3 fsqrt.s          f15, f15            f15=xxxxxxxx f15:465af651
17228263ns          288211 1c008656 00f4222b p.sw             x15, 4(x8!)          x8=10001f10 x15:42ecc208  x8:10001f0c  PA:10001f0c
17228283ns          288212 1c00863e 00472783 lw               x15, 4(x14)         x15=40906693 x14:1c011078  PA:1c01107c
17228601ns          288228 1c008640 00072683 lw               x13, 0(x14)         x13=425f7039 x14:1c011078  PA:1c011078
17228900ns          288243 1c008642 10f7f653 fmul.s           f12, f15, f15       f12=xxxxxxxx f15:40906693 f15:40906693
17228919ns          288244 1c008646 00872783 lw               x15, 8(x14)         x15=42b5148f x14:1c011078  PA:1c011080
17229218ns          288259 1c008648 00c70713 addi             x14, x14, 12        x14=1c011084 x14:1c011078
17229238ns          288260 1c00864a 60d6f6c3 fmadd.s          f13, f13, f13, f12  f13=xxxxxxxx f13:425f7039 f13:425f7039 f12:41a2e71d
17229258ns          288261 1c00864e 68f7f7c3 fmadd.s          f15, f15, f15, f13  f15=xxxxxxxx f15:42b5148f f15:42b5148f f13:45444a83
17229277ns          288262 1c008652 5807f7d3 fsqrt.s          f15, f15            f15=xxxxxxxx f15:463128b5
17229576ns          288277 1c008656 00f4222b p.sw             x15, 4(x8!)          x8=10001f14 x15:42d4f635  x8:10001f10  PA:10001f10
17229596ns          288278 1c00863e 00472783 lw               x15, 4(x14)         x15=42aaec65 x14:1c011084  PA:1c011088
17229914ns          288294 1c008640 00072683 lw               x13, 0(x14)         x13=42b6805a x14:1c011084  PA:1c011084
17230212ns          288309 1c008642 10f7f653 fmul.s           f12, f15, f15       f12=xxxxxxxx f15:42aaec65 f15:42aaec65
17230232ns          288310 1c008646 00872783 lw               x15, 8(x14)         x15=4220a11a x14:1c011084  PA:1c01108c
17230531ns          288325 1c008648 00c70713 addi             x14, x14, 12        x14=1c011090 x14:1c011084
17230550ns          288326 1c00864a 60d6f6c3 fmadd.s          f13, f13, f13, f12  f13=xxxxxxxx f13:42b6805a f13:42b6805a f12:45e43da1
17230570ns          288327 1c00864e 68f7f7c3 fmadd.s          f15, f15, f15, f13  f15=xxxxxxxx f15:4220a11a f15:4220a11a f13:46743991
17230590ns          288328 1c008652 5807f7d3 fsqrt.s          f15, f15            f15=xxxxxxxx f15:4686b601
17230889ns          288343 1c008656 00f4222b p.sw             x15, 4(x8!)          x8=10001f18 x15:43035007  x8:10001f14  PA:10001f14
17230908ns          288344 1c00863e 00472783 lw               x15, 4(x14)         x15=42c7ae1d x14:1c011090  PA:1c011094
17231227ns          288360 1c008640 00072683 lw               x13, 0(x14)         x13=408b1b07 x14:1c011090  PA:1c011090
17231525ns          288375 1c008642 10f7f653 fmul.s           f12, f15, f15       f12=xxxxxxxx f15:42c7ae1d f15:42c7ae1d
17231545ns          288376 1c008646 00872783 lw               x15, 8(x14)         x15=41c327da x14:1c011090  PA:1c011098
17231843ns          288391 1c008648 00c70713 addi             x14, x14, 12        x14=1c01109c x14:1c011090
17231863ns          288392 1c00864a 60d6f6c3 fmadd.s          f13, f13, f13, f12  f13=xxxxxxxx f13:408b1b07 f13:408b1b07 f12:461bc028
17231883ns          288393 1c00864e 68f7f7c3 fmadd.s          f15, f15, f15, f13  f15=xxxxxxxx f15:41c327da f15:41c327da f13:461c0bbe
17231903ns          288394 1c008652 5807f7d3 fsqrt.s          f15, f15            f15=xxxxxxxx f15:4625581a
17232201ns          288409 1c008656 00f4222b p.sw             x15, 4(x8!)          x8=10001f1c x15:42cdbcea  x8:10001f18  PA:10001f18
17232221ns          288410 1c00863e 00472783 lw               x15, 4(x14)         x15=42771943 x14:1c01109c  PA:1c0110a0
17232540ns          288426 1c008640 00072683 lw               x13, 0(x14)         x13=42327d21 x14:1c01109c  PA:1c01109c
17232838ns          288441 1c008642 10f7f653 fmul.s           f12, f15, f15       f12=xxxxxxxx f15:42771943 f15:42771943
17232858ns          288442 1c008646 00872783 lw               x15, 8(x14)         x15=429fa243 x14:1c01109c  PA:1c0110a4
17233156ns          288457 1c008648 00c70713 addi             x14, x14, 12        x14=1c0110a8 x14:1c01109c
17233176ns          288458 1c00864a 60d6f6c3 fmadd.s          f13, f13, f13, f12  f13=xxxxxxxx f13:42327d21 f13:42327d21 f12:456e81c2
17233196ns          288459 1c00864e 68f7f7c3 fmadd.s          f15, f15, f15, f13  f15=xxxxxxxx f15:429fa243 f15:429fa243 f13:45b57a01
17233216ns          288460 1c008652 5807f7d3 fsqrt.s          f15, f15            f15=xxxxxxxx f15:463e47f7
17233514ns          288475 1c008656 00f4222b p.sw             x15, 4(x8!)          x8=10001f20 x15:42dcb537  x8:10001f1c  PA:10001f1c
17233534ns          288476 1c00863e 00472783 lw               x15, 4(x14)         x15=42638050 x14:1c0110a8  PA:1c0110ac
17233832ns          288491 1c008640 00072683 lw               x13, 0(x14)         x13=42ade564 x14:1c0110a8  PA:1c0110a8
17234131ns          288506 1c008642 10f7f653 fmul.s           f12, f15, f15       f12=xxxxxxxx f15:42638050 f15:42638050
17234151ns          288507 1c008646 00872783 lw               x15, 8(x14)         x15=41404689 x14:1c0110a8  PA:1c0110b0
17234449ns          288522 1c008648 00c70713 addi             x14, x14, 12        x14=1c0110b4 x14:1c0110a8
17234469ns          288523 1c00864a 60d6f6c3 fmadd.s          f13, f13, f13, f12  f13=xxxxxxxx f13:42ade564 f13:42ade564 f12:454a2cce
17234489ns          288524 1c00864e 68f7f7c3 fmadd.s          f15, f15, f15, f13  f15=xxxxxxxx f15:41404689 f15:41404689 f13:4628ab0a
17234509ns          288525 1c008652 5807f7d3 fsqrt.s          f15, f15            f15=xxxxxxxx f15:462aecb2
17234827ns          288541 1c008656 00f4222b p.sw             x15, 4(x8!)          x8=10001f24 x15:42d12e57  x8:10001f20  PA:10001f20
17234847ns          288542 1c00863e 00472783 lw               x15, 4(x14)         x15=422a051b x14:1c0110b4  PA:1c0110b8
17235145ns          288557 1c008640 00072683 lw               x13, 0(x14)         x13=4215976a x14:1c0110b4  PA:1c0110b4
17235444ns          288572 1c008642 10f7f653 fmul.s           f12, f15, f15       f12=xxxxxxxx f15:422a051b f15:422a051b
17235463ns          288573 1c008646 00872783 lw               x15, 8(x14)         x15=41f04881 x14:1c0110b4  PA:1c0110bc
17235762ns          288588 1c008648 00c70713 addi             x14, x14, 12        x14=1c0110c0 x14:1c0110b4
17235782ns          288589 1c00864a 60d6f6c3 fmadd.s          f13, f13, f13, f12  f13=xxxxxxxx f13:4215976a f13:4215976a f12:44e1d590
17235802ns          288590 1c00864e 68f7f7c3 fmadd.s          f15, f15, f15, f13  f15=xxxxxxxx f15:41f04881 f15:41f04881 f13:45485463
17235821ns          288591 1c008652 5807f7d3 fsqrt.s          f15, f15            f15=xxxxxxxx f15:45805b32
17236140ns          288607 1c008656 00f4222b p.sw             x15, 4(x8!)          x8=10001f28 x15:42802d91  x8:10001f24  PA:10001f24
17236160ns          288608 1c00863e 00472783 lw               x15, 4(x14)         x15=42b18825 x14:1c0110c0  PA:1c0110c4
17236458ns          288623 1c008640 00072683 lw               x13, 0(x14)         x13=42b1d45d x14:1c0110c0  PA:1c0110c0
17236756ns          288638 1c008642 10f7f653 fmul.s           f12, f15, f15       f12=xxxxxxxx f15:42b18825 f15:42b18825
17236776ns          288639 1c008646 00872783 lw               x15, 8(x14)         x15=42aa9b00 x14:1c0110c0  PA:1c0110c8
17237075ns          288654 1c008648 00c70713 addi             x14, x14, 12        x14=1c0110cc x14:1c0110c0
17237094ns          288655 1c00864a 60d6f6c3 fmadd.s          f13, f13, f13, f12  f13=xxxxxxxx f13:42b1d45d f13:42b1d45d f12:45f63b17
17237114ns          288656 1c00864e 68f7f7c3 fmadd.s          f15, f15, f15, f13  f15=xxxxxxxx f15:42aa9b00 f15:42aa9b00 f13:4676a4e4
17237134ns          288657 1c008652 5807f7d3 fsqrt.s          f15, f15            f15=xxxxxxxx f15:46b42b8f
17237433ns          288672 1c008656 00f4222b p.sw             x15, 4(x8!)          x8=10001f2c x15:4317dc6e  x8:10001f28  PA:10001f28
17237453ns          288673 1c00863e 00472783 lw               x15, 4(x14)         x15=42075959 x14:1c0110cc  PA:1c0110d0
17237751ns          288688 1c008640 00072683 lw               x13, 0(x14)         x13=425e45fc x14:1c0110cc  PA:1c0110cc
17238049ns          288703 1c008642 10f7f653 fmul.s           f12, f15, f15       f12=xxxxxxxx f15:42075959 f15:42075959
17238069ns          288704 1c008646 00872783 lw               x15, 8(x14)         x15=41be3786 x14:1c0110cc  PA:1c0110d4
17238368ns          288719 1c008648 00c70713 addi             x14, x14, 12        x14=1c0110d8 x14:1c0110cc
17238387ns          288720 1c00864a 60d6f6c3 fmadd.s          f13, f13, f13, f12  f13=xxxxxxxx f13:425e45fc f13:425e45fc f12:448f1eb6
17238407ns          288721 1c00864e 68f7f7c3 fmadd.s          f15, f15, f15, f13  f15=xxxxxxxx f15:41be3786 f15:41be3786 f13:45844668
17238427ns          288722 1c008652 5807f7d3 fsqrt.s          f15, f15            f15=xxxxxxxx f15:4595f137
17238706ns          288736 1c008656 00f4222b p.sw             x15, 4(x8!)          x8=10001f30 x15:428a8992  x8:10001f2c  PA:10001f2c
17238726ns          288737 1c00863e 00472783 lw               x15, 4(x14)         x15=426f98ba x14:1c0110d8  PA:1c0110dc
17239024ns          288752 1c008640 00072683 lw               x13, 0(x14)         x13=42126f35 x14:1c0110d8  PA:1c0110d8
17239322ns          288767 1c008642 10f7f653 fmul.s           f12, f15, f15       f12=xxxxxxxx f15:426f98ba f15:426f98ba
17239342ns          288768 1c008646 00872783 lw               x15, 8(x14)         x15=42bd7c12 x14:1c0110d8  PA:1c0110e0
17239641ns          288783 1c008648 00c70713 addi             x14, x14, 12        x14=1c0110e4 x14:1c0110d8
17239660ns          288784 1c00864a 60d6f6c3 fmadd.s          f13, f13, f13, f12  f13=xxxxxxxx f13:42126f35 f13:42126f35 f12:45603e86
17239680ns          288785 1c00864e 68f7f7c3 fmadd.s          f15, f15, f15, f13  f15=xxxxxxxx f15:42bd7c12 f15:42bd7c12 f13:459a00c7
17239700ns          288786 1c008652 5807f7d3 fsqrt.s          f15, f15            f15=xxxxxxxx f15:465940d2
17239999ns          288801 1c008656 00f4222b p.sw             x15, 4(x8!)          x8=10001f34 x15:42ebd50a  x8:10001f30  PA:10001f30
17240018ns          288802 1c00863e 00472783 lw               x15, 4(x14)         x15=40daacd4 x14:1c0110e4  PA:1c0110e8
17240317ns          288817 1c008640 00072683 lw               x13, 0(x14)         x13=41b6da79 x14:1c0110e4  PA:1c0110e4
17240635ns          288833 1c008642 10f7f653 fmul.s           f12, f15, f15       f12=xxxxxxxx f15:40daacd4 f15:40daacd4
17240655ns          288834 1c008646 00872783 lw               x15, 8(x14)         x15=41b15561 x14:1c0110e4  PA:1c0110ec
17240953ns          288849 1c008648 00c70713 addi             x14, x14, 12        x14=1c0110f0 x14:1c0110e4
17240973ns          288850 1c00864a 60d6f6c3 fmadd.s          f13, f13, f13, f12  f13=xxxxxxxx f13:41b6da79 f13:41b6da79 f12:423acace
17240993ns          288851 1c00864e 68f7f7c3 fmadd.s          f15, f15, f15, f13  f15=xxxxxxxx f15:41b15561 f15:41b15561 f13:440e480b
17241013ns          288852 1c008652 5807f7d3 fsqrt.s          f15, f15            f15=xxxxxxxx f15:44848f9c
17241291ns          288866 1c008656 00f4222b p.sw             x15, 4(x8!)          x8=10001f38 x15:420242b2  x8:10001f34  PA:10001f34
17241311ns          288867 1c00863e 00472783 lw               x15, 4(x14)         x15=4193639b x14:1c0110f0  PA:1c0110f4
17241610ns          288882 1c008640 00072683 lw               x13, 0(x14)         x13=4223ac08 x14:1c0110f0  PA:1c0110f0
17241928ns          288898 1c008642 10f7f653 fmul.s           f12, f15, f15       f12=xxxxxxxx f15:4193639b f15:4193639b
17241948ns          288899 1c008646 00872783 lw               x15, 8(x14)         x15=41c01500 x14:1c0110f0  PA:1c0110f8
17242246ns          288914 1c008648 00c70713 addi             x14, x14, 12        x14=1c0110fc x14:1c0110f0
17242266ns          288915 1c00864a 60d6f6c3 fmadd.s          f13, f13, f13, f12  f13=xxxxxxxx f13:4223ac08 f13:4223ac08 f12:43a9b716
17242286ns          288916 1c00864e 68f7f7c3 fmadd.s          f15, f15, f15, f13  f15=xxxxxxxx f15:41c01500 f15:41c01500 f13:44fbb6d1
17242306ns          288917 1c008652 5807f7d3 fsqrt.s          f15, f15            f15=xxxxxxxx f15:4521e349
17242584ns          288931 1c008656 00f4222b p.sw             x15, 4(x8!)          x8=10001f3c x15:424b9384  x8:10001f38  PA:10001f38
17242604ns          288932 1c00863e 00472783 lw               x15, 4(x14)         x15=422f356b x14:1c0110fc  PA:1c011100
17242903ns          288947 1c008640 00072683 lw               x13, 0(x14)         x13=408af68c x14:1c0110fc  PA:1c0110fc
17243221ns          288963 1c008642 10f7f653 fmul.s           f12, f15, f15       f12=xxxxxxxx f15:422f356b f15:422f356b
17243241ns          288964 1c008646 00872783 lw               x15, 8(x14)         x15=42474d43 x14:1c0110fc  PA:1c011104
17243539ns          288979 1c008648 00c70713 addi             x14, x14, 12        x14=1c011108 x14:1c0110fc
17243559ns          288980 1c00864a 60d6f6c3 fmadd.s          f13, f13, f13, f12  f13=xxxxxxxx f13:408af68c f13:408af68c f12:44efd427
17243579ns          288981 1c00864e 68f7f7c3 fmadd.s          f15, f15, f15, f13  f15=xxxxxxxx f15:42474d43 f15:42474d43 f13:44f22f9d
17243599ns          288982 1c008652 5807f7d3 fsqrt.s          f15, f15            f15=xxxxxxxx f15:458a2082
17243877ns          288996 1c008656 00f4222b p.sw             x15, 4(x8!)          x8=10001f40 x15:4284f795  x8:10001f3c  PA:10001f3c
17243897ns          288997 1c00863e 00472783 lw               x15, 4(x14)         x15=41bf0523 x14:1c011108  PA:1c01110c
17244195ns          289012 1c008640 00072683 lw               x13, 0(x14)         x13=41e6f680 x14:1c011108  PA:1c011108
17244514ns          289028 1c008642 10f7f653 fmul.s           f12, f15, f15       f12=xxxxxxxx f15:41bf0523 f15:41bf0523
17244534ns          289029 1c008646 00872783 lw               x15, 8(x14)         x15=41002f29 x14:1c011108  PA:1c011110
17244832ns          289044 1c008648 00c70713 addi             x14, x14, 12        x14=1c011114 x14:1c011108
17244852ns          289045 1c00864a 60d6f6c3 fmadd.s          f13, f13, f13, f12  f13=xxxxxxxx f13:41e6f680 f13:41e6f680 f12:440e88aa
17244872ns          289046 1c00864e 68f7f7c3 fmadd.s          f15, f15, f15, f13  f15=xxxxxxxx f15:41002f29 f15:41002f29 f13:44af7443
17244892ns          289047 1c008652 5807f7d3 fsqrt.s          f15, f15            f15=xxxxxxxx f15:44b77a29
17245170ns          289061 1c008656 00f4222b p.sw             x15, 4(x8!)          x8=10001f44 x15:42193f99  x8:10001f40  PA:10001f40
17245190ns          289062 1c00863e 00472783 lw               x15, 4(x14)         x15=426a99f0 x14:1c011114  PA:1c011118
17245488ns          289077 1c008640 00072683 lw               x13, 0(x14)         x13=4102b9b1 x14:1c011114  PA:1c011114
17245787ns          289092 1c008642 10f7f653 fmul.s           f12, f15, f15       f12=xxxxxxxx f15:426a99f0 f15:426a99f0
17245807ns          289093 1c008646 00872783 lw               x15, 8(x14)         x15=425a1d36 x14:1c011114  PA:1c01111c
17246105ns          289108 1c008648 00c70713 addi             x14, x14, 12        x14=1c011120 x14:1c011114
17246125ns          289109 1c00864a 60d6f6c3 fmadd.s          f13, f13, f13, f12  f13=xxxxxxxx f13:4102b9b1 f13:4102b9b1 f12:4556fdc7
17246145ns          289110 1c00864e 68f7f7c3 fmadd.s          f15, f15, f15, f13  f15=xxxxxxxx f15:425a1d36 f15:425a1d36 f13:455b29d9
17246165ns          289111 1c008652 5807f7d3 fsqrt.s          f15, f15            f15=xxxxxxxx f15:45ca7fce
17246463ns          289126 1c008656 00f4222b p.sw             x15, 4(x8!)          x8=10001f48 x15:42a0ff20  x8:10001f44  PA:10001f44
17246483ns          289127 1c00863e 00472783 lw               x15, 4(x14)         x15=41a49b71 x14:1c011120  PA:1c011124
17246781ns          289142 1c008640 00072683 lw               x13, 0(x14)         x13=42651f2e x14:1c011120  PA:1c011120
17247080ns          289157 1c008642 10f7f653 fmul.s           f12, f15, f15       f12=xxxxxxxx f15:41a49b71 f15:41a49b71
17247100ns          289158 1c008646 00872783 lw               x15, 8(x14)         x15=3fad35b4 x14:1c011120  PA:1c011128
17247398ns          289173 1c008648 00c70713 addi             x14, x14, 12        x14=1c01112c x14:1c011120
17247418ns          289174 1c00864a 60d6f6c3 fmadd.s          f13, f13, f13, f12  f13=xxxxxxxx f13:42651f2e f13:42651f2e f12:43d3af0e
17247438ns          289175 1c00864e 68f7f7c3 fmadd.s          f15, f15, f15, f13  f15=xxxxxxxx f15:3fad35b4 f15:3fad35b4 f13:456786ae
17247458ns          289176 1c008652 5807f7d3 fsqrt.s          f15, f15            f15=xxxxxxxx f15:4567a3fa
17247736ns          289190 1c008656 00f4222b p.sw             x15, 4(x8!)          x8=10001f4c x15:42738410  x8:10001f48  PA:10001f48
17247756ns          289191 1c00863e 00472783 lw               x15, 4(x14)         x15=42afb7e5 x14:1c01112c  PA:1c011130
17248054ns          289206 1c008640 00072683 lw               x13, 0(x14)         x13=42040bdc x14:1c01112c  PA:1c01112c
17248353ns          289221 1c008642 10f7f653 fmul.s           f12, f15, f15       f12=xxxxxxxx f15:42afb7e5 f15:42afb7e5
17248373ns          289222 1c008646 00872783 lw               x15, 8(x14)         x15=41b9aaaf x14:1c01112c  PA:1c011134
17248671ns          289237 1c008648 00c70713 addi             x14, x14, 12        x14=1c011138 x14:1c01112c
17248691ns          289238 1c00864a 60d6f6c3 fmadd.s          f13, f13, f13, f12  f13=xxxxxxxx f13:42040bdc f13:42040bdc f12:45f139de
17248711ns          289239 1c00864e 68f7f7c3 fmadd.s          f15, f15, f15, f13  f15=xxxxxxxx f15:41b9aaaf f15:41b9aaaf f13:4609a3fe
17248731ns          289240 1c008652 5807f7d3 fsqrt.s          f15, f15            f15=xxxxxxxx f15:46120e80
17249029ns          289255 1c008656 00f4222b p.sw             x15, 4(x8!)          x8=10001f50 x15:42c15dc1  x8:10001f4c  PA:10001f4c
17249049ns          289256 1c00863e 00472783 lw               x15, 4(x14)         x15=42bc4007 x14:1c011138  PA:1c01113c
17249347ns          289271 1c008640 00072683 lw               x13, 0(x14)         x13=42803d34 x14:1c011138  PA:1c011138
17249646ns          289286 1c008642 10f7f653 fmul.s           f12, f15, f15       f12=xxxxxxxx f15:42bc4007 f15:42bc4007
17249665ns          289287 1c008646 00872783 lw               x15, 8(x14)         x15=4118d0bf x14:1c011138  PA:1c011140
17249964ns          289302 1c008648 00c70713 addi             x14, x14, 12        x14=1c011144 x14:1c011138
17249984ns          289303 1c00864a 60d6f6c3 fmadd.s          f13, f13, f13, f12  f13=xxxxxxxx f13:42803d34 f13:42803d34 f12:460a6e1a
17250004ns          289304 1c00864e 68f7f7c3 fmadd.s          f15, f15, f15, f13  f15=xxxxxxxx f15:4118d0bf f15:4118d0bf f13:464aab5d
17250023ns          289305 1c008652 5807f7d3 fsqrt.s          f15, f15            f15=xxxxxxxx f15:464c183f
17250322ns          289320 1c008656 00f4222b p.sw             x15, 4(x8!)          x8=10001f54 x15:42e49429  x8:10001f50  PA:10001f50
17250342ns          289321 1c00863e 00472783 lw               x15, 4(x14)         x15=424ad307 x14:1c011144  PA:1c011148
17250640ns          289336 1c008640 00072683 lw               x13, 0(x14)         x13=4126937a x14:1c011144  PA:1c011144
17250938ns          289351 1c008642 10f7f653 fmul.s           f12, f15, f15       f12=xxxxxxxx f15:424ad307 f15:424ad307
17250958ns          289352 1c008646 00872783 lw               x15, 8(x14)         x15=42048df2 x14:1c011144  PA:1c01114c
17251277ns          289368 1c008648 00c70713 addi             x14, x14, 12        x14=1c011150 x14:1c011144
17251296ns          289369 1c00864a 60d6f6c3 fmadd.s          f13, f13, f13, f12  f13=xxxxxxxx f13:4126937a f13:4126937a f12:4520b1b5
17251316ns          289370 1c00864e 68f7f7c3 fmadd.s          f15, f15, f15, f13  f15=xxxxxxxx f15:42048df2 f15:42048df2 f13:452777ee
17251336ns          289371 1c008652 5807f7d3 fsqrt.s          f15, f15            f15=xxxxxxxx f15:456c1a9e
17251615ns          289385 1c008656 00f4222b p.sw             x15, 4(x8!)          x8=10001f58 x15:4275d9ce  x8:10001f54  PA:10001f54
17251635ns          289386 1c00863e 00472783 lw               x15, 4(x14)         x15=428ce43b x14:1c011150  PA:1c011154
17251933ns          289401 1c008640 00072683 lw               x13, 0(x14)         x13=429474af x14:1c011150  PA:1c011150
17252231ns          289416 1c008642 10f7f653 fmul.s           f12, f15, f15       f12=xxxxxxxx f15:428ce43b f15:428ce43b
17252251ns          289417 1c008646 00872783 lw               x15, 8(x14)         x15=42497f9d x14:1c011150  PA:1c011158
17252569ns          289433 1c008648 00c70713 addi             x14, x14, 12        x14=1c01115c x14:1c011150
17252589ns          289434 1c00864a 60d6f6c3 fmadd.s          f13, f13, f13, f12  f13=xxxxxxxx f13:429474af f13:429474af f12:459b14d8
17252609ns          289435 1c00864e 68f7f7c3 fmadd.s          f15, f15, f15, f13  f15=xxxxxxxx f15:42497f9d f15:42497f9d f13:4623a18c
17252629ns          289436 1c008652 5807f7d3 fsqrt.s          f15, f15            f15=xxxxxxxx f15:464b47f5
17252908ns          289450 1c008656 00f4222b p.sw             x15, 4(x8!)          x8=10001f5c x15:42e41f68  x8:10001f58  PA:10001f58
17252928ns          289451 1c00863e 00472783 lw               x15, 4(x14)         x15=41957d4e x14:1c01115c  PA:1c011160
17253226ns          289466 1c008640 00072683 lw               x13, 0(x14)         x13=426a7510 x14:1c01115c  PA:1c01115c
17253524ns          289481 1c008642 10f7f653 fmul.s           f12, f15, f15       f12=xxxxxxxx f15:41957d4e f15:41957d4e
17253544ns          289482 1c008646 00872783 lw               x15, 8(x14)         x15=42ab14c0 x14:1c01115c  PA:1c011164
17253862ns          289498 1c008648 00c70713 addi             x14, x14, 12        x14=1c011168 x14:1c01115c
17253882ns          289499 1c00864a 60d6f6c3 fmadd.s          f13, f13, f13, f12  f13=xxxxxxxx f13:426a7510 f13:426a7510 f12:43ae9634
17253902ns          289500 1c00864e 68f7f7c3 fmadd.s          f15, f15, f15, f13  f15=xxxxxxxx f15:42ab14c0 f15:42ab14c0 f13:456c8cfd
17253922ns          289501 1c008652 5807f7d3 fsqrt.s          f15, f15            f15=xxxxxxxx f15:462d77f9
17254201ns          289515 1c008656 00f4222b p.sw             x15, 4(x8!)          x8=10001f60 x15:42d2bb64  x8:10001f5c  PA:10001f5c
17254220ns          289516 1c00863e 00472783 lw               x15, 4(x14)         x15=3ce7eb04 x14:1c011168  PA:1c01116c
17254519ns          289531 1c008640 00072683 lw               x13, 0(x14)         x13=42a250d7 x14:1c011168  PA:1c011168
17254817ns          289546 1c008642 10f7f653 fmul.s           f12, f15, f15       f12=xxxxxxxx f15:3ce7eb04 f15:3ce7eb04
17254837ns          289547 1c008646 00872783 lw               x15, 8(x14)         x15=42b47a07 x14:1c011168  PA:1c011170
17255135ns          289562 1c008648 00c70713 addi             x14, x14, 12        x14=1c011174 x14:1c011168
17255155ns          289563 1c00864a 60d6f6c3 fmadd.s          f13, f13, f13, f12  f13=xxxxxxxx f13:42a250d7 f13:42a250d7 f12:3a5219f9
17255175ns          289564 1c00864e 68f7f7c3 fmadd.s          f15, f15, f15, f13  f15=xxxxxxxx f15:42b47a07 f15:42b47a07 f13:45cdd4d5
17255195ns          289565 1c008652 5807f7d3 fsqrt.s          f15, f15            f15=xxxxxxxx f15:4666263f
17255474ns          289579 1c008656 00f4222b p.sw             x15, 4(x8!)          x8=10001f64 x15:42f2bb16  x8:10001f60  PA:10001f60
17255493ns          289580 1c00863e 00472783 lw               x15, 4(x14)         x15=41f4f994 x14:1c011174  PA:1c011178
17255792ns          289595 1c008640 00072683 lw               x13, 0(x14)         x13=3fd727cc x14:1c011174  PA:1c011174
17256090ns          289610 1c008642 10f7f653 fmul.s           f12, f15, f15       f12=xxxxxxxx f15:41f4f994 f15:41f4f994
17256110ns          289611 1c008646 00872783 lw               x15, 8(x14)         x15=41cab230 x14:1c011174  PA:1c01117c
17256408ns          289626 1c008648 00c70713 addi             x14, x14, 12        x14=1c011180 x14:1c011174
17256428ns          289627 1c00864a 60d6f6c3 fmadd.s          f13, f13, f13, f12  f13=xxxxxxxx f13:3fd727cc f13:3fd727cc f12:446a6cb5
17256448ns          289628 1c00864e 68f7f7c3 fmadd.s          f15, f15, f15, f13  f15=xxxxxxxx f15:41cab230 f15:41cab230 f13:446b2189
17256468ns          289629 1c008652 5807f7d3 fsqrt.s          f15, f15            f15=xxxxxxxx f15:44c5cf9c
17256786ns          289645 1c008656 00f4222b p.sw             x15, 4(x8!)          x8=10001f68 x15:421f1f3a  x8:10001f64  PA:10001f64
17256806ns          289646 1c00863e 00472783 lw               x15, 4(x14)         x15=42b8b160 x14:1c011180  PA:1c011184
17257105ns          289661 1c008640 00072683 lw               x13, 0(x14)         x13=41ec62c8 x14:1c011180  PA:1c011180
17257403ns          289676 1c008642 10f7f653 fmul.s           f12, f15, f15       f12=xxxxxxxx f15:42b8b160 f15:42b8b160
17257423ns          289677 1c008646 00872783 lw               x15, 8(x14)         x15=428a3928 x14:1c011180  PA:1c011188
17257721ns          289692 1c008648 00c70713 addi             x14, x14, 12        x14=1c01118c x14:1c011180
17257741ns          289693 1c00864a 60d6f6c3 fmadd.s          f13, f13, f13, f12  f13=xxxxxxxx f13:41ec62c8 f13:41ec62c8 f12:46053f75
17257761ns          289694 1c00864e 68f7f7c3 fmadd.s          f15, f15, f15, f13  f15=xxxxxxxx f15:428a3928 f15:428a3928 f13:4612e3d9
17257781ns          289695 1c008652 5807f7d3 fsqrt.s          f15, f15            f15=xxxxxxxx f15:465d8585
17258099ns          289711 1c008656 00f4222b p.sw             x15, 4(x8!)          x8=10001f6c x15:42ee233a  x8:10001f68  PA:10001f68
17258119ns          289712 1c00863e 00472783 lw               x15, 4(x14)         x15=4210ed9f x14:1c01118c  PA:1c011190
17258417ns          289727 1c008640 00072683 lw               x13, 0(x14)         x13=42036746 x14:1c01118c  PA:1c01118c
17258716ns          289742 1c008642 10f7f653 fmul.s           f12, f15, f15       f12=xxxxxxxx f15:4210ed9f f15:4210ed9f
17258736ns          289743 1c008646 00872783 lw               x15, 8(x14)         x15=41f5ec8a x14:1c01118c  PA:1c011194
17259034ns          289758 1c008648 00c70713 addi             x14, x14, 12        x14=1c011198 x14:1c01118c
17259054ns          289759 1c00864a 60d6f6c3 fmadd.s          f13, f13, f13, f12  f13=xxxxxxxx f13:42036746 f13:42036746 f12:44a4185f
17259074ns          289760 1c00864e 68f7f7c3 fmadd.s          f15, f15, f15, f13  f15=xxxxxxxx f15:41f5ec8a f15:41f5ec8a f13:45157f0b
17259094ns          289761 1c008652 5807f7d3 fsqrt.s          f15, f15            f15=xxxxxxxx f15:45508eb2
17259412ns          289777 1c008656 00f4222b p.sw             x15, 4(x8!)          x8=10001f70 x15:42671074  x8:10001f6c  PA:10001f6c
17259432ns          289778 1c00863e 00472783 lw               x15, 4(x14)         x15=424696c6 x14:1c011198  PA:1c01119c
17259730ns          289793 1c008640 00072683 lw               x13, 0(x14)         x13=425e7149 x14:1c011198  PA:1c011198
17260029ns          289808 1c008642 10f7f653 fmul.s           f12, f15, f15       f12=xxxxxxxx f15:424696c6 f15:424696c6
17260048ns          289809 1c008646 00872783 lw               x15, 8(x14)         x15=4232be34 x14:1c011198  PA:1c0111a0
17260347ns          289824 1c008648 00c70713 addi             x14, x14, 12        x14=1c0111a4 x14:1c011198
17260367ns          289825 1c00864a 60d6f6c3 fmadd.s          f13, f13, f13, f12  f13=xxxxxxxx f13:425e7149 f13:425e7149 f12:451a0d93
17260387ns          289826 1c00864e 68f7f7c3 fmadd.s          f15, f15, f15, f13  f15=xxxxxxxx f15:4232be34 f15:4232be34 f13:45adab20
17260406ns          289827 1c008652 5807f7d3 fsqrt.s          f15, f15            f15=xxxxxxxx f15:45ec11a7
17260725ns          289843 1c008656 00f4222b p.sw             x15, 4(x8!)          x8=10001f74 x15:42add473  x8:10001f70  PA:10001f70
17260745ns          289844 1c00863e 00472783 lw               x15, 4(x14)         x15=4296aad7 x14:1c0111a4  PA:1c0111a8
17261043ns          289859 1c008640 00072683 lw               x13, 0(x14)         x13=42addda5 x14:1c0111a4  PA:1c0111a4
17261341ns          289874 1c008642 10f7f653 fmul.s           f12, f15, f15       f12=xxxxxxxx f15:4296aad7 f15:4296aad7
17261361ns          289875 1c008646 00872783 lw               x15, 8(x14)         x15=4281e776 x14:1c0111a4  PA:1c0111ac
17261660ns          289890 1c008648 00c70713 addi             x14, x14, 12        x14=1c0111b0 x14:1c0111a4
17261679ns          289891 1c00864a 60d6f6c3 fmadd.s          f13, f13, f13, f12  f13=xxxxxxxx f13:42addda5 f13:42addda5 f12:45b1594c
17261699ns          289892 1c00864e 68f7f7c3 fmadd.s          f15, f15, f15, f13  f15=xxxxxxxx f15:4281e776 f15:4281e776 f13:464ec1f7
17261719ns          289893 1c008652 5807f7d3 fsqrt.s          f15, f15            f15=xxxxxxxx f15:46885687
17262037ns          289909 1c008656 00f4222b p.sw             x15, 4(x8!)          x8=10001f78 x15:43041a6d  x8:10001f74  PA:10001f74
17262057ns          289910 1c00863e 00472783 lw               x15, 4(x14)         x15=42461ae0 x14:1c0111b0  PA:1c0111b4
17262356ns          289925 1c008640 00072683 lw               x13, 0(x14)         x13=422c0ab3 x14:1c0111b0  PA:1c0111b0
17262654ns          289940 1c008642 10f7f653 fmul.s           f12, f15, f15       f12=xxxxxxxx f15:42461ae0 f15:42461ae0
17262674ns          289941 1c008646 00872783 lw               x15, 8(x14)         x15=4263f354 x14:1c0111b0  PA:1c0111b8
17262972ns          289956 1c008648 00c70713 addi             x14, x14, 12        x14=1c0111bc x14:1c0111b0
17262992ns          289957 1c00864a 60d6f6c3 fmadd.s          f13, f13, f13, f12  f13=xxxxxxxx f13:422c0ab3 f13:422c0ab3 f12:45194d95
17263012ns          289958 1c00864e 68f7f7c3 fmadd.s          f15, f15, f15, f13  f15=xxxxxxxx f15:4263f354 f15:4263f354 f13:458675fb
17263032ns          289959 1c008652 5807f7d3 fsqrt.s          f15, f15            f15=xxxxxxxx f15:45ebf2b2
17263350ns          289975 1c008656 00f4222b p.sw             x15, 4(x8!)          x8=10001f7c x15:42adc90d  x8:10001f78  PA:10001f78
17263370ns          289976 1c00863e 00472783 lw               x15, 4(x14)         x15=42b548bf x14:1c0111bc  PA:1c0111c0
17263669ns          289991 1c008640 00072683 lw               x13, 0(x14)         x13=41a59d53 x14:1c0111bc  PA:1c0111bc
17263967ns          290006 1c008642 10f7f653 fmul.s           f12, f15, f15       f12=xxxxxxxx f15:42b548bf f15:42b548bf
17263987ns          290007 1c008646 00872783 lw               x15, 8(x14)         x15=429428ed x14:1c0111bc  PA:1c0111c4
17264285ns          290022 1c008648 00c70713 addi             x14, x14, 12        x14=1c0111c8 x14:1c0111bc
17264305ns          290023 1c00864a 60d6f6c3 fmadd.s          f13, f13, f13, f12  f13=xxxxxxxx f13:41a59d53 f13:41a59d53 f12:46005ff3
17264325ns          290024 1c00864e 68f7f7c3 fmadd.s          f15, f15, f15, f13  f15=xxxxxxxx f15:429428ed f15:429428ed f13:46071236
17264345ns          290025 1c008652 5807f7d3 fsqrt.s          f15, f15            f15=xxxxxxxx f15:465cd18f
17264663ns          290041 1c008656 00f4222b p.sw             x15, 4(x8!)          x8=10001f80 x15:42edc26c  x8:10001f7c  PA:10001f7c
17264683ns          290042 1c00863e 00472783 lw               x15, 4(x14)         x15=428da883 x14:1c0111c8  PA:1c0111cc
17264981ns          290057 1c008640 00072683 lw               x13, 0(x14)         x13=41feb003 x14:1c0111c8  PA:1c0111c8
17265280ns          290072 1c008642 10f7f653 fmul.s           f12, f15, f15       f12=xxxxxxxx f15:428da883 f15:428da883
17265300ns          290073 1c008646 00872783 lw               x15, 8(x14)         x15=4187d8d4 x14:1c0111c8  PA:1c0111d0
17265598ns          290088 1c008648 00c70713 addi             x14, x14, 12        x14=1c0111d4 x14:1c0111c8
17265618ns          290089 1c00864a 60d6f6c3 fmadd.s          f13, f13, f13, f12  f13=xxxxxxxx f13:41feb003 f13:41feb003 f12:459cc61e
17265638ns          290090 1c00864e 68f7f7c3 fmadd.s          f15, f15, f15, f13  f15=xxxxxxxx f15:4187d8d4 f15:4187d8d4 f13:45bc7256
17265658ns          290091 1c008652 5807f7d3 fsqrt.s          f15, f15            f15=xxxxxxxx f15:45c57523
17265936ns          290105 1c008656 00f4222b p.sw             x15, 4(x8!)          x8=10001f84 x15:429efad2  x8:10001f80  PA:10001f80
17265956ns          290106 1c00863e 00472783 lw               x15, 4(x14)         x15=428aceaf x14:1c0111d4  PA:1c0111d8
17266254ns          290121 1c008640 00072683 lw               x13, 0(x14)         x13=421568d1 x14:1c0111d4  PA:1c0111d4
17266553ns          290136 1c008642 10f7f653 fmul.s           f12, f15, f15       f12=xxxxxxxx f15:428aceaf f15:428aceaf
17266573ns          290137 1c008646 00872783 lw               x15, 8(x14)         x15=40cc6b45 x14:1c0111d4  PA:1c0111dc
17266871ns          290152 1c008648 00c70713 addi             x14, x14, 12        x14=1c0111e0 x14:1c0111d4
17266891ns          290153 1c00864a 60d6f6c3 fmadd.s          f13, f13, f13, f12  f13=xxxxxxxx f13:421568d1 f13:421568d1 f12:459686f7
17266911ns          290154 1c00864e 68f7f7c3 fmadd.s          f15, f15, f15, f13  f15=xxxxxxxx f15:40cc6b45 f15:40cc6b45 f13:45c2208e
17266931ns          290155 1c008652 5807f7d3 fsqrt.s          f15, f15            f15=xxxxxxxx f15:45c36704
17267229ns          290170 1c008656 00f4222b p.sw             x15, 4(x8!)          x8=10001f88 x15:429e2678  x8:10001f84  PA:10001f84
17267249ns          290171 1c00863e 00472783 lw               x15, 4(x14)         x15=422301e8 x14:1c0111e0  PA:1c0111e4
17267547ns          290186 1c008640 00072683 lw               x13, 0(x14)         x13=422bc80a x14:1c0111e0  PA:1c0111e0
17267846ns          290201 1c008642 10f7f653 fmul.s           f12, f15, f15       f12=xxxxxxxx f15:422301e8 f15:422301e8
17267865ns          290202 1c008646 00872783 lw               x15, 8(x14)         x15=421590fb x14:1c0111e0  PA:1c0111e8
17268164ns          290217 1c008648 00c70713 addi             x14, x14, 12        x14=1c0111ec x14:1c0111e0
17268184ns          290218 1c00864a 60d6f6c3 fmadd.s          f13, f13, f13, f12  f13=xxxxxxxx f13:422bc80a f13:422bc80a f12:44cf96db
17268204ns          290219 1c00864e 68f7f7c3 fmadd.s          f15, f15, f15, f13  f15=xxxxxxxx f15:421590fb f15:421590fb f13:455b1047
17268224ns          290220 1c008652 5807f7d3 fsqrt.s          f15, f15            f15=xxxxxxxx f15:4599392f
17268522ns          290235 1c008656 00f4222b p.sw             x15, 4(x8!)          x8=10001f8c x15:428c0b83  x8:10001f88  PA:10001f88
17268542ns          290236 1c00863e 00472783 lw               x15, 4(x14)         x15=41e3311c x14:1c0111ec  PA:1c0111f0
17268840ns          290251 1c008640 00072683 lw               x13, 0(x14)         x13=3ff198d2 x14:1c0111ec  PA:1c0111ec
17269138ns          290266 1c008642 10f7f653 fmul.s           f12, f15, f15       f12=xxxxxxxx f15:41e3311c f15:41e3311c
17269158ns          290267 1c008646 00872783 lw               x15, 8(x14)         x15=424d1d9b x14:1c0111ec  PA:1c0111f4
17269457ns          290282 1c008648 00c70713 addi             x14, x14, 12        x14=1c0111f8 x14:1c0111ec
17269477ns          290283 1c00864a 60d6f6c3 fmadd.s          f13, f13, f13, f12  f13=xxxxxxxx f13:3ff198d2 f13:3ff198d2 f12:4449a021
17269497ns          290284 1c00864e 68f7f7c3 fmadd.s          f15, f15, f15, f13  f15=xxxxxxxx f15:424d1d9b f15:424d1d9b f13:444a8422
17269516ns          290285 1c008652 5807f7d3 fsqrt.s          f15, f15            f15=xxxxxxxx f15:4556f976
17269815ns          290300 1c008656 00f4222b p.sw             x15, 4(x8!)          x8=10001f90 x15:426a9795  x8:10001f8c  PA:10001f8c
17269835ns          290301 1c00863e 00472783 lw               x15, 4(x14)         x15=42c550ea x14:1c0111f8  PA:1c0111fc
17270133ns          290316 1c008640 00072683 lw               x13, 0(x14)         x13=42a5ae4e x14:1c0111f8  PA:1c0111f8
17270431ns          290331 1c008642 10f7f653 fmul.s           f12, f15, f15       f12=xxxxxxxx f15:42c550ea f15:42c550ea
17270451ns          290332 1c008646 00872783 lw               x15, 8(x14)         x15=4247c2d9 x14:1c0111f8  PA:1c011200
17270750ns          290347 1c008648 00c70713 addi             x14, x14, 12        x14=1c011204 x14:1c0111f8
17270770ns          290348 1c00864a 60d6f6c3 fmadd.s          f13, f13, f13, f12  f13=xxxxxxxx f13:42a5ae4e f13:42a5ae4e f12:461815a2
17270789ns          290349 1c00864e 68f7f7c3 fmadd.s          f15, f15, f15, f13  f15=xxxxxxxx f15:4247c2d9 f15:4247c2d9 f13:4681a7e5
17270809ns          290350 1c008652 5807f7d3 fsqrt.s          f15, f15            f15=xxxxxxxx f15:469523f5
17271128ns          290366 1c008656 00f4222b p.sw             x15, 4(x8!)          x8=10001f94 x15:430a2a9f  x8:10001f90  PA:10001f90
17271147ns          290367 1c00863e 00472783 lw               x15, 4(x14)         x15=42a11fbd x14:1c011204  PA:1c011208
17271446ns          290382 1c008640 00072683 lw               x13, 0(x14)         x13=4202513a x14:1c011204  PA:1c011204
17271744ns          290397 1c008642 10f7f653 fmul.s           f12, f15, f15       f12=xxxxxxxx f15:42a11fbd f15:42a11fbd
17271764ns          290398 1c008646 00872783 lw               x15, 8(x14)         x15=41732a94 x14:1c011204  PA:1c01120c
17272062ns          290413 1c008648 00c70713 addi             x14, x14, 12        x14=1c011210 x14:1c011204
17272082ns          290414 1c00864a 60d6f6c3 fmadd.s          f13, f13, f13, f12  f13=xxxxxxxx f13:4202513a f13:4202513a f12:45cad1df
17272102ns          290415 1c00864e 68f7f7c3 fmadd.s          f15, f15, f15, f13  f15=xxxxxxxx f15:41732a94 f15:41732a94 f13:45ebfd2b
17272122ns          290416 1c008652 5807f7d3 fsqrt.s          f15, f15            f15=xxxxxxxx f15:45f334fa
17272440ns          290432 1c008656 00f4222b p.sw             x15, 4(x8!)          x8=10001f98 x15:42b07037  x8:10001f94  PA:10001f94
17272460ns          290433 1c00863e 00472783 lw               x15, 4(x14)         x15=425fe38c x14:1c011210  PA:1c011214
17272759ns          290448 1c008640 00072683 lw               x13, 0(x14)         x13=4233e385 x14:1c011210  PA:1c011210
17273057ns          290463 1c008642 10f7f653 fmul.s           f12, f15, f15       f12=xxxxxxxx f15:425fe38c f15:425fe38c
17273077ns          290464 1c008646 00872783 lw               x15, 8(x14)         x15=42c40359 x14:1c011210  PA:1c011218
17273375ns          290479 1c008648 00c70713 addi             x14, x14, 12        x14=1c01121c x14:1c011210
17273395ns          290480 1c00864a 60d6f6c3 fmadd.s          f13, f13, f13, f12  f13=xxxxxxxx f13:4233e385 f13:4233e385 f12:4543ce38
17273415ns          290481 1c00864e 68f7f7c3 fmadd.s          f15, f15, f15, f13  f15=xxxxxxxx f15:42c40359 f15:42c40359 f13:45a11b17
17273435ns          290482 1c008652 5807f7d3 fsqrt.s          f15, f15            f15=xxxxxxxx f15:4666a2ac
17273753ns          290498 1c008656 00f4222b p.sw             x15, 4(x8!)          x8=10001f9c x15:42f2fcab  x8:10001f98  PA:10001f98
17273773ns          290499 1c00863e 00472783 lw               x15, 4(x14)         x15=4288b13e x14:1c01121c  PA:1c011220
17274071ns          290514 1c008640 00072683 lw               x13, 0(x14)         x13=4273676a x14:1c01121c  PA:1c01121c
17274370ns          290529 1c008642 10f7f653 fmul.s           f12, f15, f15       f12=xxxxxxxx f15:4288b13e f15:4288b13e
17274390ns          290530 1c008646 00872783 lw               x15, 8(x14)         x15=42a518d9 x14:1c01121c  PA:1c011224
17274688ns          290545 1c008648 00c70713 addi             x14, x14, 12        x14=1c011228 x14:1c01121c
17274708ns          290546 1c00864a 60d6f6c3 fmadd.s          f13, f13, f13, f12  f13=xxxxxxxx f13:4273676a f13:4273676a f12:4591f999
17274728ns          290547 1c00864e 68f7f7c3 fmadd.s          f15, f15, f15, f13  f15=xxxxxxxx f15:42a518d9 f15:42a518d9 f13:4602d82c
17274748ns          290548 1c008652 5807f7d3 fsqrt.s          f15, f15            f15=xxxxxxxx f15:466d5136
17275066ns          290564 1c008656 00f4222b p.sw             x15, 4(x8!)          x8=10001fa0 x15:42f67b4e  x8:10001f9c  PA:10001f9c
17275086ns          290565 1c00863e 00472783 lw               x15, 4(x14)         x15=42af487f x14:1c011228  PA:1c01122c
17275384ns          290580 1c008640 00072683 lw               x13, 0(x14)         x13=40e57709 x14:1c011228  PA:1c011228
17275683ns          290595 1c008642 10f7f653 fmul.s           f12, f15, f15       f12=xxxxxxxx f15:42af487f f15:42af487f
17275702ns          290596 1c008646 00872783 lw               x15, 8(x14)         x15=401a0b76 x14:1c011228  PA:1c011230
17276001ns          290611 1c008648 00c70713 addi             x14, x14, 12        x14=1c011234 x14:1c011228
17276021ns          290612 1c00864a 60d6f6c3 fmadd.s          f13, f13, f13, f12  f13=xxxxxxxx f13:40e57709 f13:40e57709 f12:45f00864
17276041ns          290613 1c00864e 68f7f7c3 fmadd.s          f15, f15, f15, f13  f15=xxxxxxxx f15:401a0b76 f15:401a0b76 f13:45f1a3c0
17276060ns          290614 1c008652 5807f7d3 fsqrt.s          f15, f15            f15=xxxxxxxx f15:45f1d219
17276379ns          290630 1c008656 00f4222b p.sw             x15, 4(x8!)          x8=10001fa4 x15:42afef4e  x8:10001fa0  PA:10001fa0
17276399ns          290631 1c00863e 00472783 lw               x15, 4(x14)         x15=42c2ca35 x14:1c011234  PA:1c011238
17276697ns          290646 1c008640 00072683 lw               x13, 0(x14)         x13=4068b9a2 x14:1c011234  PA:1c011234
17276995ns          290661 1c008642 10f7f653 fmul.s           f12, f15, f15       f12=xxxxxxxx f15:42c2ca35 f15:42c2ca35
17277015ns          290662 1c008646 00872783 lw               x15, 8(x14)         x15=41d47889 x14:1c011234  PA:1c01123c
17277314ns          290677 1c008648 00c70713 addi             x14, x14, 12        x14=1c011240 x14:1c011234
17277333ns          290678 1c00864a 60d6f6c3 fmadd.s          f13, f13, f13, f12  f13=xxxxxxxx f13:4068b9a2 f13:4068b9a2 f12:46143718
17277353ns          290679 1c00864e 68f7f7c3 fmadd.s          f15, f15, f15, f13  f15=xxxxxxxx f15:41d47889 f15:41d47889 f13:46146bfc
17277373ns          290680 1c008652 5807f7d3 fsqrt.s          f15, f15            f15=xxxxxxxx f15:461f717a
17277692ns          290696 1c008656 00f4222b p.sw             x15, 4(x8!)          x8=10001fa8 x15:42ca088a  x8:10001fa4  PA:10001fa4
17277711ns          290697 1c00863e 00472783 lw               x15, 4(x14)         x15=415888d6 x14:1c011240  PA:1c011244
17278010ns          290712 1c008640 00072683 lw               x13, 0(x14)         x13=42ae67a2 x14:1c011240  PA:1c011240
17278308ns          290727 1c008642 10f7f653 fmul.s           f12, f15, f15       f12=xxxxxxxx f15:415888d6 f15:415888d6
17278328ns          290728 1c008646 00872783 lw               x15, 8(x14)         x15=42434b59 x14:1c011240  PA:1c011248
17278626ns          290743 1c008648 00c70713 addi             x14, x14, 12        x14=1c01124c x14:1c011240
17278646ns          290744 1c00864a 60d6f6c3 fmadd.s          f13, f13, f13, f12  f13=xxxxxxxx f13:42ae67a2 f13:42ae67a2 f12:43372732
17278666ns          290745 1c00864e 68f7f7c3 fmadd.s          f15, f15, f15, f13  f15=xxxxxxxx f15:42434b59 f15:42434b59 f13:45f35b4e
17278686ns          290746 1c008652 5807f7d3 fsqrt.s          f15, f15            f15=xxxxxxxx f15:461eec9f
17278984ns          290761 1c008656 00f4222b p.sw             x15, 4(x8!)          x8=10001fac x15:42c9b44c  x8:10001fa8  PA:10001fa8
17279004ns          290762 1c00863e 00472783 lw               x15, 4(x14)         x15=42a5fa87 x14:1c01124c  PA:1c011250
17279303ns          290777 1c008640 00072683 lw               x13, 0(x14)         x13=40f83438 x14:1c01124c  PA:1c01124c
17279601ns          290792 1c008642 10f7f653 fmul.s           f12, f15, f15       f12=xxxxxxxx f15:42a5fa87 f15:42a5fa87
17279621ns          290793 1c008646 00872783 lw               x15, 8(x14)         x15=428bdac5 x14:1c01124c  PA:1c011254
17279919ns          290808 1c008648 00c70713 addi             x14, x14, 12        x14=1c011258 x14:1c01124c
17279939ns          290809 1c00864a 60d6f6c3 fmadd.s          f13, f13, f13, f12  f13=xxxxxxxx f13:40f83438 f13:40f83438 f12:45d739ce
17279959ns          290810 1c00864e 68f7f7c3 fmadd.s          f15, f15, f15, f13  f15=xxxxxxxx f15:428bdac5 f15:428bdac5 f13:45d91b18
17279979ns          290811 1c008652 5807f7d3 fsqrt.s          f15, f15            f15=xxxxxxxx f15:4638f4d9
17280257ns          290825 1c008656 00f4222b p.sw             x15, 4(x8!)          x8=10001fb0 x15:42d99910  x8:10001fac  PA:10001fac
17280277ns          290826 1c00863e 00472783 lw               x15, 4(x14)         x15=429e76fe x14:1c011258  PA:1c01125c
17280576ns          290841 1c008640 00072683 lw               x13, 0(x14)         x13=416fb806 x14:1c011258  PA:1c011258
17280874ns          290856 1c008642 10f7f653 fmul.s           f12, f15, f15       f12=xxxxxxxx f15:429e76fe f15:429e76fe
17280894ns          290857 1c008646 00872783 lw               x15, 8(x14)         x15=42a7f1c9 x14:1c011258  PA:1c011260
17281192ns          290872 1c008648 00c70713 addi             x14, x14, 12        x14=1c011264 x14:1c011258
17281212ns          290873 1c00864a 60d6f6c3 fmadd.s          f13, f13, f13, f12  f13=xxxxxxxx f13:416fb806 f13:416fb806 f12:45c42e32
17281232ns          290874 1c00864e 68f7f7c3 fmadd.s          f15, f15, f15, f13  f15=xxxxxxxx f15:42a7f1c9 f15:42a7f1c9 f13:45cb31fb
17281252ns          290875 1c008652 5807f7d3 fsqrt.s          f15, f15            f15=xxxxxxxx f15:4653c656
17281530ns          290889 1c008656 00f4222b p.sw             x15, 4(x8!)          x8=10001fb4 x15:42e8d6f8  x8:10001fb0  PA:10001fb0
17281550ns          290890 1c00863e 00472783 lw               x15, 4(x14)         x15=4248066f x14:1c011264  PA:1c011268
17281869ns          290906 1c008640 00072683 lw               x13, 0(x14)         x13=4015e47f x14:1c011264  PA:1c011264
17282167ns          290921 1c008642 10f7f653 fmul.s           f12, f15, f15       f12=xxxxxxxx f15:4248066f f15:4248066f
17282187ns          290922 1c008646 00872783 lw               x15, 8(x14)         x15=42928595 x14:1c011264  PA:1c01126c
17282485ns          290937 1c008648 00c70713 addi             x14, x14, 12        x14=1c011270 x14:1c011264
17282505ns          290938 1c00864a 60d6f6c3 fmadd.s          f13, f13, f13, f12  f13=xxxxxxxx f13:4015e47f f13:4015e47f f12:451c4a0e
17282525ns          290939 1c00864e 68f7f7c3 fmadd.s          f15, f15, f15, f13  f15=xxxxxxxx f15:42928595 f15:42928595 f13:451ca1d2
17282545ns          290940 1c008652 5807f7d3 fsqrt.s          f15, f15            f15=xxxxxxxx f15:45f60a30
17282823ns          290954 1c008656 00f4222b p.sw             x15, 4(x8!)          x8=10001fb8 x15:42b17683  x8:10001fb4  PA:10001fb4
17282843ns          290955 1c00863e 00472783 lw               x15, 4(x14)         x15=426bea9a x14:1c011270  PA:1c011274
17283161ns          290971 1c008640 00072683 lw               x13, 0(x14)         x13=408a155a x14:1c011270  PA:1c011270
17283460ns          290986 1c008642 10f7f653 fmul.s           f12, f15, f15       f12=xxxxxxxx f15:426bea9a f15:426bea9a
17283480ns          290987 1c008646 00872783 lw               x15, 8(x14)         x15=4278f772 x14:1c011270  PA:1c011278
17283778ns          291002 1c008648 00c70713 addi             x14, x14, 12        x14=1c01127c x14:1c011270
17283798ns          291003 1c00864a 60d6f6c3 fmadd.s          f13, f13, f13, f12  f13=xxxxxxxx f13:408a155a f13:408a155a f12:4559688e
17283818ns          291004 1c00864e 68f7f7c3 fmadd.s          f15, f15, f15, f13  f15=xxxxxxxx f15:4278f772 f15:4278f772 f13:455a927a
17283838ns          291005 1c008652 5807f7d3 fsqrt.s          f15, f15            f15=xxxxxxxx f15:45e6596b
17284136ns          291020 1c008656 00f4222b p.sw             x15, 4(x8!)          x8=10001fbc x15:42abb60c  x8:10001fb8  PA:10001fb8
17284156ns          291021 1c00863e 00472783 lw               x15, 4(x14)         x15=429a4b5a x14:1c01127c  PA:1c011280
17284474ns          291037 1c008640 00072683 lw               x13, 0(x14)         x13=423e404c x14:1c01127c  PA:1c01127c
17284773ns          291052 1c008642 10f7f653 fmul.s           f12, f15, f15       f12=xxxxxxxx f15:429a4b5a f15:429a4b5a
17284793ns          291053 1c008646 00872783 lw               x15, 8(x14)         x15=42a47df1 x14:1c01127c  PA:1c011284
17285091ns          291068 1c008648 00c70713 addi             x14, x14, 12        x14=1c011288 x14:1c01127c
17285111ns          291069 1c00864a 60d6f6c3 fmadd.s          f13, f13, f13, f12  f13=xxxxxxxx f13:423e404c f13:423e404c f12:45b9fd7d
17285131ns          291070 1c00864e 68f7f7c3 fmadd.s          f15, f15, f15, f13  f15=xxxxxxxx f15:42a47df1 f15:42a47df1 f13:4600579f
17285151ns          291071 1c008652 5807f7d3 fsqrt.s          f15, f15            f15=xxxxxxxx f15:466a093a
17285449ns          291086 1c008656 00f4222b p.sw             x15, 4(x8!)          x8=10001fc0 x15:42f4c594  x8:10001fbc  PA:10001fbc
17285469ns          291087 1c00863e 00472783 lw               x15, 4(x14)         x15=42494488 x14:1c011288  PA:1c01128c
17285787ns          291103 1c008640 00072683 lw               x13, 0(x14)         x13=41c797f3 x14:1c011288  PA:1c011288
17286085ns          291118 1c008642 10f7f653 fmul.s           f12, f15, f15       f12=xxxxxxxx f15:42494488 f15:42494488
17286105ns          291119 1c008646 00872783 lw               x15, 8(x14)         x15=42141b01 x14:1c011288  PA:1c011290
17286404ns          291134 1c008648 00c70713 addi             x14, x14, 12        x14=1c011294 x14:1c011288
17286424ns          291135 1c00864a 60d6f6c3 fmadd.s          f13, f13, f13, f12  f13=xxxxxxxx f13:41c797f3 f13:41c797f3 f12:451e3cb0
17286443ns          291136 1c00864e 68f7f7c3 fmadd.s          f15, f15, f15, f13  f15=xxxxxxxx f15:42141b01 f15:42141b01 f13:45452415
17286463ns          291137 1c008652 5807f7d3 fsqrt.s          f15, f15            f15=xxxxxxxx f15:458d69a9
17286762ns          291152 1c008656 00f4222b p.sw             x15, 4(x8!)          x8=10001fc4 x15:42868a11  x8:10001fc0  PA:10001fc0
17286782ns          291153 1c00863e 00472783 lw               x15, 4(x14)         x15=423bd997 x14:1c011294  PA:1c011298
17287080ns          291168 1c008640 00072683 lw               x13, 0(x14)         x13=426bfabc x14:1c011294  PA:1c011294
17287378ns          291183 1c008642 10f7f653 fmul.s           f12, f15, f15       f12=xxxxxxxx f15:423bd997 f15:423bd997
17287398ns          291184 1c008646 00872783 lw               x15, 8(x14)         x15=423a92f7 x14:1c011294  PA:1c01129c
17287697ns          291199 1c008648 00c70713 addi             x14, x14, 12        x14=1c0112a0 x14:1c011294
17287716ns          291200 1c00864a 60d6f6c3 fmadd.s          f13, f13, f13, f12  f13=xxxxxxxx f13:426bfabc f13:426bfabc f12:4509d79c
17287736ns          291201 1c00864e 68f7f7c3 fmadd.s          f15, f15, f15, f13  f15=xxxxxxxx f15:423a92f7 f15:423a92f7 f13:45b1aef3
17287756ns          291202 1c008652 5807f7d3 fsqrt.s          f15, f15            f15=xxxxxxxx f15:45f5abe5
17288074ns          291218 1c008656 00f4222b p.sw             x15, 4(x8!)          x8=10001fc8 x15:42b1547e  x8:10001fc4  PA:10001fc4
17288094ns          291219 1c00863e 00472783 lw               x15, 4(x14)         x15=41157203 x14:1c0112a0  PA:1c0112a4
17288393ns          291234 1c008640 00072683 lw               x13, 0(x14)         x13=413189ec x14:1c0112a0  PA:1c0112a0
17288691ns          291249 1c008642 10f7f653 fmul.s           f12, f15, f15       f12=xxxxxxxx f15:41157203 f15:41157203
17288711ns          291250 1c008646 00872783 lw               x15, 8(x14)         x15=42938d82 x14:1c0112a0  PA:1c0112a8
17289009ns          291265 1c008648 00c70713 addi             x14, x14, 12        x14=1c0112ac x14:1c0112a0
17289029ns          291266 1c00864a 60d6f6c3 fmadd.s          f13, f13, f13, f12  f13=xxxxxxxx f13:413189ec f13:413189ec f12:42ae7bd5
17289049ns          291267 1c00864e 68f7f7c3 fmadd.s          f15, f15, f15, f13  f15=xxxxxxxx f15:42938d82 f15:42938d82 f13:43525ded
17289069ns          291268 1c008652 5807f7d3 fsqrt.s          f15, f15            f15=xxxxxxxx f15:45b0aa92
17289387ns          291284 1c008656 00f4222b p.sw             x15, 4(x8!)          x8=10001fcc x15:4296608c  x8:10001fc8  PA:10001fc8
17289407ns          291285 1c00863e 00472783 lw               x15, 4(x14)         x15=42bffc3d x14:1c0112ac  PA:1c0112b0
17289706ns          291300 1c008640 00072683 lw               x13, 0(x14)         x13=42973217 x14:1c0112ac  PA:1c0112ac
17290004ns          291315 1c008642 10f7f653 fmul.s           f12, f15, f15       f12=xxxxxxxx f15:42bffc3d f15:42bffc3d
17290024ns          291316 1c008646 00872783 lw               x15, 8(x14)         x15=42ba464e x14:1c0112ac  PA:1c0112b4
17290322ns          291331 1c008648 00c70713 addi             x14, x14, 12        x14=1c0112b8 x14:1c0112ac
17290342ns          291332 1c00864a 60d6f6c3 fmadd.s          f13, f13, f13, f12  f13=xxxxxxxx f13:42973217 f13:42973217 f12:460ffa5c
17290362ns          291333 1c00864e 68f7f7c3 fmadd.s          f15, f15, f15, f13  f15=xxxxxxxx f15:42ba464e f15:42ba464e f13:4669467d
17290382ns          291334 1c008652 5807f7d3 fsqrt.s          f15, f15            f15=xxxxxxxx f15:46b8685d
17290680ns          291349 1c008656 00f4222b p.sw             x15, 4(x8!)          x8=10001fd0 x15:4319a2f3  x8:10001fcc  PA:10001fcc
17290700ns          291350 1c00863e 00472783 lw               x15, 4(x14)         x15=41497a64 x14:1c0112b8  PA:1c0112bc
17290998ns          291365 1c008640 00072683 lw               x13, 0(x14)         x13=425952d2 x14:1c0112b8  PA:1c0112b8
17291297ns          291380 1c008642 10f7f653 fmul.s           f12, f15, f15       f12=xxxxxxxx f15:41497a64 f15:41497a64
17291317ns          291381 1c008646 00872783 lw               x15, 8(x14)         x15=42a468be x14:1c0112b8  PA:1c0112c0
17291615ns          291396 1c008648 00c70713 addi             x14, x14, 12        x14=1c0112c4 x14:1c0112b8
17291635ns          291397 1c00864a 60d6f6c3 fmadd.s          f13, f13, f13, f12  f13=xxxxxxxx f13:425952d2 f13:425952d2 f12:431e916c
17291655ns          291398 1c00864e 68f7f7c3 fmadd.s          f15, f15, f15, f13  f15=xxxxxxxx f15:42a468be f15:42a468be f13:4542669a
17291675ns          291399 1c008652 5807f7d3 fsqrt.s          f15, f15            f15=xxxxxxxx f15:461a3005
17291953ns          291413 1c008656 00f4222b p.sw             x15, 4(x8!)          x8=10001fd4 x15:42c6acf8  x8:10001fd0  PA:10001fd0
17291973ns          291414 1c00863e 00472783 lw               x15, 4(x14)         x15=42ad5c8a x14:1c0112c4  PA:1c0112c8
17292271ns          291429 1c008640 00072683 lw               x13, 0(x14)         x13=427f6aba x14:1c0112c4  PA:1c0112c4
17292570ns          291444 1c008642 10f7f653 fmul.s           f12, f15, f15       f12=xxxxxxxx f15:42ad5c8a f15:42ad5c8a
17292590ns          291445 1c008646 00872783 lw               x15, 8(x14)         x15=429d9ca4 x14:1c0112c4  PA:1c0112cc
17292888ns          291460 1c008648 00c70713 addi             x14, x14, 12        x14=1c0112d0 x14:1c0112c4
17292908ns          291461 1c00864a 60d6f6c3 fmadd.s          f13, f13, f13, f12  f13=xxxxxxxx f13:427f6aba f13:427f6aba f12:45eacc68
17292928ns          291462 1c00864e 68f7f7c3 fmadd.s          f15, f15, f15, f13  f15=xxxxxxxx f15:429d9ca4 f15:429d9ca4 f13:46351ba7
17292948ns          291463 1c008652 5807f7d3 fsqrt.s          f15, f15            f15=xxxxxxxx f15:468b1294
17293246ns          291478 1c008656 00f4222b p.sw             x15, 4(x8!)          x8=10001fd8 x15:43056be6  x8:10001fd4  PA:10001fd4
17293266ns          291479 1c00863e 00472783 lw               x15, 4(x14)         x15=422016a1 x14:1c0112d0  PA:1c0112d4
17293564ns          291494 1c008640 00072683 lw               x13, 0(x14)         x13=4236d7f5 x14:1c0112d0  PA:1c0112d0
17293883ns          291510 1c008642 10f7f653 fmul.s           f12, f15, f15       f12=xxxxxxxx f15:422016a1 f15:422016a1
17293902ns          291511 1c008646 00872783 lw               x15, 8(x14)         x15=41990fbe x14:1c0112d0  PA:1c0112d8
17294201ns          291526 1c008648 00c70713 addi             x14, x14, 12        x14=1c0112dc x14:1c0112d0
17294221ns          291527 1c00864a 60d6f6c3 fmadd.s          f13, f13, f13, f12  f13=xxxxxxxx f13:4236d7f5 f13:4236d7f5 f12:44c83897
17294241ns          291528 1c00864e 68f7f7c3 fmadd.s          f15, f15, f15, f13  f15=xxxxxxxx f15:41990fbe f15:41990fbe f13:4566b412
17294261ns          291529 1c008652 5807f7d3 fsqrt.s          f15, f15            f15=xxxxxxxx f15:457d9507
17294539ns          291543 1c008656 00f4222b p.sw             x15, 4(x8!)          x8=10001fdc x15:427ec9c8  x8:10001fd8  PA:10001fd8
17294559ns          291544 1c00863e 00472783 lw               x15, 4(x14)         x15=4253a689 x14:1c0112dc  PA:1c0112e0
17294857ns          291559 1c008640 00072683 lw               x13, 0(x14)         x13=42b9cd51 x14:1c0112dc  PA:1c0112dc
17295175ns          291575 1c008642 10f7f653 fmul.s           f12, f15, f15       f12=xxxxxxxx f15:4253a689 f15:4253a689
17295195ns          291576 1c008646 00872783 lw               x15, 8(x14)         x15=42873a26 x14:1c0112dc  PA:1c0112e4
17295494ns          291591 1c008648 00c70713 addi             x14, x14, 12        x14=1c0112e8 x14:1c0112dc
17295514ns          291592 1c00864a 60d6f6c3 fmadd.s          f13, f13, f13, f12  f13=xxxxxxxx f13:42b9cd51 f13:42b9cd51 f12:452efbf2
17295534ns          291593 1c00864e 68f7f7c3 fmadd.s          f15, f15, f15, f13  f15=xxxxxxxx f15:42873a26 f15:42873a26 f13:46329960
17295553ns          291594 1c008652 5807f7d3 fsqrt.s          f15, f15            f15=xxxxxxxx f15:467a07c1
17295832ns          291608 1c008656 00f4222b p.sw             x15, 4(x8!)          x8=10001fe0 x15:42fcff5e  x8:10001fdc  PA:10001fdc
17295852ns          291609 1c00863e 00472783 lw               x15, 4(x14)         x15=42a7ad92 x14:1c0112e8  PA:1c0112ec
17296150ns          291624 1c008640 00072683 lw               x13, 0(x14)         x13=4232a217 x14:1c0112e8  PA:1c0112e8
17296468ns          291640 1c008642 10f7f653 fmul.s           f12, f15, f15       f12=xxxxxxxx f15:42a7ad92 f15:42a7ad92
17296488ns          291641 1c008646 00872783 lw               x15, 8(x14)         x15=42afedaa x14:1c0112e8  PA:1c0112f0
17296787ns          291656 1c008648 00c70713 addi             x14, x14, 12        x14=1c0112f4 x14:1c0112e8
17296807ns          291657 1c00864a 60d6f6c3 fmadd.s          f13, f13, f13, f12  f13=xxxxxxxx f13:4232a217 f13:4232a217 f12:45dba7d4
17296826ns          291658 1c00864e 68f7f7c3 fmadd.s          f15, f15, f15, f13  f15=xxxxxxxx f15:42afedaa f15:42afedaa f13:460cfd5e
17296846ns          291659 1c008652 5807f7d3 fsqrt.s          f15, f15            f15=xxxxxxxx f15:4682f215
17297125ns          291673 1c008656 00f4222b p.sw             x15, 4(x8!)          x8=10001fe4 x15:430176e5  x8:10001fe0  PA:10001fe0
17297145ns          291674 1c00863e 00472783 lw               x15, 4(x14)         x15=427653c1 x14:1c0112f4  PA:1c0112f8
17297443ns          291689 1c008640 00072683 lw               x13, 0(x14)         x13=42b793c6 x14:1c0112f4  PA:1c0112f4
17297741ns          291704 1c008642 10f7f653 fmul.s           f12, f15, f15       f12=xxxxxxxx f15:427653c1 f15:427653c1
17297761ns          291705 1c008646 00872783 lw               x15, 8(x14)         x15=420d2bf2 x14:1c0112f4  PA:1c0112fc
17298060ns          291720 1c008648 00c70713 addi             x14, x14, 12        x14=1c011300 x14:1c0112f4
17298080ns          291721 1c00864a 60d6f6c3 fmadd.s          f13, f13, f13, f12  f13=xxxxxxxx f13:42b793c6 f13:42b793c6 f12:456d0512
17298099ns          291722 1c00864e 68f7f7c3 fmadd.s          f15, f15, f15, f13  f15=xxxxxxxx f15:420d2bf2 f15:420d2bf2 f13:463ee5df
17298119ns          291723 1c008652 5807f7d3 fsqrt.s          f15, f15            f15=xxxxxxxx f15:46525c3b
17298418ns          291738 1c008656 00f4222b p.sw             x15, 4(x8!)          x8=10001fe8 x15:42e80f93  x8:10001fe4  PA:10001fe4
17298438ns          291739 1c00865a 241010ef jal              x1, 6720             x1=1c00865e
17298497ns          291742 1c00a09a f14027f3 csrrs            x15, x0, 0xf14      x15=00000003
17298517ns          291743 1c00a09e 01f00713 addi             x14, x0, 31         x14=0000001f
17298537ns          291744 1c00a0a0 ca5797b3 p.extractu       x15, x15, 5, 5      x15=00000000 x15:00000003
17298557ns          291745 1c00a0a4 00e78863 beq              x15, x14, 16        x15:00000000 x14:0000001f
17298577ns          291746 1c00a0a8 002047b7 lui              x15, 0x204000       x15=00204000
17298597ns          291747 1c00a0ac 20078793 addi             x15, x15, 512       x15=00204200 x15:00204000
17298617ns          291748 1c00a0b0 01c7e703 p.elw            x14, 28(x15)        x14=00010000 x15:00204200  PA:0020421c
17299452ns          291790 1c00a0b4 00008067 jalr             x0, x1, 0            x1:1c00865e
17299512ns          291793 1c00865e f14027f3 csrrs            x15, x0, 0xf14      x15=00000003
17299532ns          291794 1c008662 f457b7b3 p.bclr           x15, x15, 26, 5     x15=00000003 x15:00000003
17299551ns          291795 1c008666 08078563 beq              x15, x0, 138        x15:00000003
17299571ns          291796 1c008668 01410693 addi             x13, x2, 20         x13=10001e5c  x2:10001e48
17299591ns          291797 1c00866a 40d407b3 sub              x15, x8, x13        x15=0000018c  x8:10001fe8 x13:10001e5c
17299611ns          291798 1c00866e ffc78793 addi             x15, x15, -4        x15=00000188 x15:0000018c
17300108ns          291823 1c008670 0027d793 srli             x15, x15, 0x2       x15=00000062 x15:00000188
17300128ns          291824 1c008672 01012703 lw               x14, 16(x2)         x14=42df9d19  x2:10001e48  PA:10001e58
17300148ns          291825 1c008674 00178793 addi             x15, x15, 1         x15=00000063 x15:00000062
17300168ns          291826 1c008676 0047c0fb lp.setup         0x1, x15, 0x4       x15:00000063
17300188ns          291827 1c00867a 0046a60b p.lw             x12, 4(x13!)        x12=42d6a8b8 x13=10001e60 x13:10001e5c  PA:10001e5c
17300685ns          291852 1c00867e 00c77753 fadd.s           f14, f14, f12       f14=xxxxxxxx f14:42df9d19 f12:42d6a8b8
17300745ns          291855 1c00867a 0046a60b p.lw             x12, 4(x13!)        x12=42b02316 x13=10001e64 x13:10001e60  PA:10001e60
17300785ns          291857 1c00867e 00c77753 fadd.s           f14, f14, f12       f14=xxxxxxxx f14:435b22e8 f12:42b02316
17300805ns          291858 1c00867a 0046a60b p.lw             x12, 4(x13!)        x12=43082779 x13=10001e68 x13:10001e64  PA:10001e64
17300844ns          291860 1c00867e 00c77753 fadd.s           f14, f14, f12       f14=xxxxxxxx f14:43999a3a f12:43082779
17300864ns          291861 1c00867a 0046a60b p.lw             x12, 4(x13!)        x12=42a47f52 x13=10001e6c x13:10001e68  PA:10001e68
17300904ns          291863 1c00867e 00c77753 fadd.s           f14, f14, f12       f14=xxxxxxxx f14:43ddadf6 f12:42a47f52
17300924ns          291864 1c00867a 0046a60b p.lw             x12, 4(x13!)        x12=42dc9194 x13=10001e70 x13:10001e6c  PA:10001e6c
17300964ns          291866 1c00867e 00c77753 fadd.s           f14, f14, f12       f14=xxxxxxxx f14:440366e5 f12:42dc9194
17300984ns          291867 1c00867a 0046a60b p.lw             x12, 4(x13!)        x12=42f1b045 x13=10001e74 x13:10001e70  PA:10001e70
17301023ns          291869 1c00867e 00c77753 fadd.s           f14, f14, f12       f14=xxxxxxxx f14:441ef918 f12:42f1b045
17301043ns          291870 1c00867a 0046a60b p.lw             x12, 4(x13!)        x12=42a641d6 x13=10001e78 x13:10001e74  PA:10001e74
17301083ns          291872 1c00867e 00c77753 fadd.s           f14, f14, f12       f14=xxxxxxxx f14:443d2f21 f12:42a641d6
17301103ns          291873 1c00867a 0046a60b p.lw             x12, 4(x13!)        x12=42ca6049 x13=10001e7c x13:10001e78  PA:10001e78
17301143ns          291875 1c00867e 00c77753 fadd.s           f14, f14, f12       f14=xxxxxxxx f14:4451f75c f12:42ca6049
17301163ns          291876 1c00867a 0046a60b p.lw             x12, 4(x13!)        x12=430641e9 x13=10001e80 x13:10001e7c  PA:10001e7c
17301202ns          291878 1c00867e 00c77753 fadd.s           f14, f14, f12       f14=xxxxxxxx f14:446b4365 f12:430641e9
17301222ns          291879 1c00867a 0046a60b p.lw             x12, 4(x13!)        x12=4232756d x13=10001e84 x13:10001e80  PA:10001e80
17301262ns          291881 1c00867e 00c77753 fadd.s           f14, f14, f12       f14=xxxxxxxx f14:448669f0 f12:4232756d
17301282ns          291882 1c00867a 0046a60b p.lw             x12, 4(x13!)        x12=42d8fbe1 x13=10001e88 x13:10001e84  PA:10001e84
17301322ns          291884 1c00867e 00c77753 fadd.s           f14, f14, f12       f14=xxxxxxxx f14:448bfd9b f12:42d8fbe1
17301342ns          291885 1c00867a 0046a60b p.lw             x12, 4(x13!)        x12=421b2bd6 x13=10001e8c x13:10001e88  PA:10001e88
17301381ns          291887 1c00867e 00c77753 fadd.s           f14, f14, f12       f14=xxxxxxxx f14:44998d59 f12:421b2bd6
17301401ns          291888 1c00867a 0046a60b p.lw             x12, 4(x13!)        x12=42d0cefb x13=10001e90 x13:10001e8c  PA:10001e8c
17301441ns          291890 1c00867e 00c77753 fadd.s           f14, f14, f12       f14=xxxxxxxx f14:449e66b8 f12:42d0cefb
17301461ns          291891 1c00867a 0046a60b p.lw             x12, 4(x13!)        x12=42bfcafd x13=10001e94 x13:10001e90  PA:10001e90
17301501ns          291893 1c00867e 00c77753 fadd.s           f14, f14, f12       f14=xxxxxxxx f14:44ab73a8 f12:42bfcafd
17301521ns          291894 1c00867a 0046a60b p.lw             x12, 4(x13!)        x12=42bd65e7 x13=10001e98 x13:10001e94  PA:10001e94
17301560ns          291896 1c00867e 00c77753 fadd.s           f14, f14, f12       f14=xxxxxxxx f14:44b77058 f12:42bd65e7
17301580ns          291897 1c00867a 0046a60b p.lw             x12, 4(x13!)        x12=4275be83 x13=10001e9c x13:10001e98  PA:10001e98
17301620ns          291899 1c00867e 00c77753 fadd.s           f14, f14, f12       f14=xxxxxxxx f14:44c346b6 f12:4275be83
17301640ns          291900 1c00867a 0046a60b p.lw             x12, 4(x13!)        x12=42900778 x13=10001ea0 x13:10001e9c  PA:10001e9c
17301680ns          291902 1c00867e 00c77753 fadd.s           f14, f14, f12       f14=xxxxxxxx f14:44caf4aa f12:42900778
17301700ns          291903 1c00867a 0046a60b p.lw             x12, 4(x13!)        x12=42fd9e53 x13=10001ea4 x13:10001ea0  PA:10001ea0
17301739ns          291905 1c00867e 00c77753 fadd.s           f14, f14, f12       f14=xxxxxxxx f14:44d3f522 f12:42fd9e53
17301759ns          291906 1c00867a 0046a60b p.lw             x12, 4(x13!)        x12=42824481 x13=10001ea8 x13:10001ea4  PA:10001ea4
17301799ns          291908 1c00867e 00c77753 fadd.s           f14, f14, f12       f14=xxxxxxxx f14:44e3cf07 f12:42824481
17301819ns          291909 1c00867a 0046a60b p.lw             x12, 4(x13!)        x12=42a52bdd x13=10001eac x13:10001ea8  PA:10001ea8
17301859ns          291911 1c00867e 00c77753 fadd.s           f14, f14, f12       f14=xxxxxxxx f14:44ebf34f f12:42a52bdd
17301879ns          291912 1c00867a 0046a60b p.lw             x12, 4(x13!)        x12=42dbb9c2 x13=10001eb0 x13:10001eac  PA:10001eac
17301918ns          291914 1c00867e 00c77753 fadd.s           f14, f14, f12       f14=xxxxxxxx f14:44f6460d f12:42dbb9c2
17301938ns          291915 1c00867a 0046a60b p.lw             x12, 4(x13!)        x12=42cc6f16 x13=10001eb4 x13:10001eb0  PA:10001eb0
17301978ns          291917 1c00867e 00c77753 fadd.s           f14, f14, f12       f14=xxxxxxxx f14:450200d5 f12:42cc6f16
17301998ns          291918 1c00867a 0046a60b p.lw             x12, 4(x13!)        x12=42f56e2b x13=10001eb8 x13:10001eb4  PA:10001eb4
17302038ns          291920 1c00867e 00c77753 fadd.s           f14, f14, f12       f14=xxxxxxxx f14:4508644e f12:42f56e2b
17302058ns          291921 1c00867a 0046a60b p.lw             x12, 4(x13!)        x12=42db99fa x13=10001ebc x13:10001eb8  PA:10001eb8
17302097ns          291923 1c00867e 00c77753 fadd.s           f14, f14, f12       f14=xxxxxxxx f14:45100fbf f12:42db99fa
17302117ns          291924 1c00867a 0046a60b p.lw             x12, 4(x13!)        x12=42562150 x13=10001ec0 x13:10001ebc  PA:10001ebc
17302157ns          291926 1c00867e 00c77753 fadd.s           f14, f14, f12       f14=xxxxxxxx f14:4516ec8f f12:42562150
17302177ns          291927 1c00867a 0046a60b p.lw             x12, 4(x13!)        x12=42ce76b8 x13=10001ec4 x13:10001ec0  PA:10001ec0
17302217ns          291929 1c00867e 00c77753 fadd.s           f14, f14, f12       f14=xxxxxxxx f14:451a4514 f12:42ce76b8
17302237ns          291930 1c00867a 0046a60b p.lw             x12, 4(x13!)        x12=42cefdfe x13=10001ec8 x13:10001ec4  PA:10001ec4
17302276ns          291932 1c00867e 00c77753 fadd.s           f14, f14, f12       f14=xxxxxxxx f14:4520b8ca f12:42cefdfe
17302296ns          291933 1c00867a 0046a60b p.lw             x12, 4(x13!)        x12=4311c7cd x13=10001ecc x13:10001ec8  PA:10001ec8
17302336ns          291935 1c00867e 00c77753 fadd.s           f14, f14, f12       f14=xxxxxxxx f14:452730ba f12:4311c7cd
17302356ns          291936 1c00867a 0046a60b p.lw             x12, 4(x13!)        x12=42ce8c97 x13=10001ed0 x13:10001ecc  PA:10001ecc
17302396ns          291938 1c00867e 00c77753 fadd.s           f14, f14, f12       f14=xxxxxxxx f14:45304d37 f12:42ce8c97
17302416ns          291939 1c00867a 0046a60b p.lw             x12, 4(x13!)        x12=42963449 x13=10001ed4 x13:10001ed0  PA:10001ed0
17302456ns          291941 1c00867e 00c77753 fadd.s           f14, f14, f12       f14=xxxxxxxx f14:4536c19c f12:42963449
17302475ns          291942 1c00867a 0046a60b p.lw             x12, 4(x13!)        x12=42b568db x13=10001ed8 x13:10001ed4  PA:10001ed4
17302515ns          291944 1c00867e 00c77753 fadd.s           f14, f14, f12       f14=xxxxxxxx f14:453b733e f12:42b568db
17302535ns          291945 1c00867a 0046a60b p.lw             x12, 4(x13!)        x12=42b96759 x13=10001edc x13:10001ed8  PA:10001ed8
17302575ns          291947 1c00867e 00c77753 fadd.s           f14, f14, f12       f14=xxxxxxxx f14:45411e85 f12:42b96759
17302595ns          291948 1c00867a 0046a60b p.lw             x12, 4(x13!)        x12=42dd11cf x13=10001ee0 x13:10001edc  PA:10001edc
17302635ns          291950 1c00867e 00c77753 fadd.s           f14, f14, f12       f14=xxxxxxxx f14:4546e9c0 f12:42dd11cf
17302654ns          291951 1c00867a 0046a60b p.lw             x12, 4(x13!)        x12=42a20734 x13=10001ee4 x13:10001ee0  PA:10001ee0
17302694ns          291953 1c00867e 00c77753 fadd.s           f14, f14, f12       f14=xxxxxxxx f14:454dd24e f12:42a20734
17302714ns          291954 1c00867a 0046a60b p.lw             x12, 4(x13!)        x12=42401993 x13=10001ee8 x13:10001ee4  PA:10001ee4
17302754ns          291956 1c00867e 00c77753 fadd.s           f14, f14, f12       f14=xxxxxxxx f14:4552e288 f12:42401993
17302774ns          291957 1c00867a 0046a60b p.lw             x12, 4(x13!)        x12=42a5d557 x13=10001eec x13:10001ee8  PA:10001ee8
17302814ns          291959 1c00867e 00c77753 fadd.s           f14, f14, f12       f14=xxxxxxxx f14:4555e2ee f12:42a5d557
17302833ns          291960 1c00867a 0046a60b p.lw             x12, 4(x13!)        x12=42dbd8d8 x13=10001ef0 x13:10001eec  PA:10001eec
17302873ns          291962 1c00867e 00c77753 fadd.s           f14, f14, f12       f14=xxxxxxxx f14:455b1199 f12:42dbd8d8
17302893ns          291963 1c00867a 0046a60b p.lw             x12, 4(x13!)        x12=42e408b7 x13=10001ef4 x13:10001ef0  PA:10001ef0
17302933ns          291965 1c00867e 00c77753 fadd.s           f14, f14, f12       f14=xxxxxxxx f14:4561f060 f12:42e408b7
17302953ns          291966 1c00867a 0046a60b p.lw             x12, 4(x13!)        x12=42d1203a x13=10001ef8 x13:10001ef4  PA:10001ef4
17302993ns          291968 1c00867e 00c77753 fadd.s           f14, f14, f12       f14=xxxxxxxx f14:456910a6 f12:42d1203a
17303012ns          291969 1c00867a 0046a60b p.lw             x12, 4(x13!)        x12=42011c53 x13=10001efc x13:10001ef8  PA:10001ef8
17303052ns          291971 1c00867e 00c77753 fadd.s           f14, f14, f12       f14=xxxxxxxx f14:456f99a8 f12:42011c53
17303072ns          291972 1c00867a 0046a60b p.lw             x12, 4(x13!)        x12=42b8ff8c x13=10001f00 x13:10001efc  PA:10001efc
17303112ns          291974 1c00867e 00c77753 fadd.s           f14, f14, f12       f14=xxxxxxxx f14:45719e19 f12:42b8ff8c
17303132ns          291975 1c00867a 0046a60b p.lw             x12, 4(x13!)        x12=42badd7a x13=10001f04 x13:10001f00  PA:10001f00
17303172ns          291977 1c00867e 00c77753 fadd.s           f14, f14, f12       f14=xxxxxxxx f14:45776615 f12:42badd7a
17303191ns          291978 1c00867a 0046a60b p.lw             x12, 4(x13!)        x12=4316d66e x13=10001f08 x13:10001f04  PA:10001f04
17303231ns          291980 1c00867e 00c77753 fadd.s           f14, f14, f12       f14=xxxxxxxx f14:457d3d01 f12:4316d66e
17303251ns          291981 1c00867a 0046a60b p.lw             x12, 4(x13!)        x12=429a6e19 x13=10001f0c x13:10001f08  PA:10001f08
17303291ns          291983 1c00867e 00c77753 fadd.s           f14, f14, f12       f14=xxxxxxxx f14:45835534 f12:429a6e19
17303311ns          291984 1c00867a 0046a60b p.lw             x12, 4(x13!)        x12=42ecc208 x13=10001f10 x13:10001f0c  PA:10001f0c
17303351ns          291986 1c00867e 00c77753 fadd.s           f14, f14, f12       f14=xxxxxxxx f14:4585beec f12:42ecc208
17303370ns          291987 1c00867a 0046a60b p.lw             x12, 4(x13!)        x12=42d4f635 x13=10001f14 x13:10001f10  PA:10001f10
17303410ns          291989 1c00867e 00c77753 fadd.s           f14, f14, f12       f14=xxxxxxxx f14:458971f4 f12:42d4f635
17303430ns          291990 1c00867a 0046a60b p.lw             x12, 4(x13!)        x12=43035007 x13=10001f18 x13:10001f14  PA:10001f14
17303470ns          291992 1c00867e 00c77753 fadd.s           f14, f14, f12       f14=xxxxxxxx f14:458cc5cd f12:43035007
17303490ns          291993 1c00867a 0046a60b p.lw             x12, 4(x13!)        x12=42cdbcea x13=10001f1c x13:10001f18  PA:10001f18
17303530ns          291995 1c00867e 00c77753 fadd.s           f14, f14, f12       f14=xxxxxxxx f14:4590e04d f12:42cdbcea
17303549ns          291996 1c00867a 0046a60b p.lw             x12, 4(x13!)        x12=42dcb537 x13=10001f20 x13:10001f1c  PA:10001f1c
17303589ns          291998 1c00867e 00c77753 fadd.s           f14, f14, f12       f14=xxxxxxxx f14:45941741 f12:42dcb537
17303609ns          291999 1c00867a 0046a60b p.lw             x12, 4(x13!)        x12=42d12e57 x13=10001f24 x13:10001f20  PA:10001f20
17303649ns          292001 1c00867e 00c77753 fadd.s           f14, f14, f12       f14=xxxxxxxx f14:45978a16 f12:42d12e57
17303669ns          292002 1c00867a 0046a60b p.lw             x12, 4(x13!)        x12=42802d91 x13=10001f28 x13:10001f24  PA:10001f24
17303709ns          292004 1c00867e 00c77753 fadd.s           f14, f14, f12       f14=xxxxxxxx f14:459acecf f12:42802d91
17303729ns          292005 1c00867a 0046a60b p.lw             x12, 4(x13!)        x12=4317dc6e x13=10001f2c x13:10001f28  PA:10001f28
17303768ns          292007 1c00867e 00c77753 fadd.s           f14, f14, f12       f14=xxxxxxxx f14:459ccf85 f12:4317dc6e
17303788ns          292008 1c00867a 0046a60b p.lw             x12, 4(x13!)        x12=428a8992 x13=10001f30 x13:10001f2c  PA:10001f2c
17303828ns          292010 1c00867e 00c77753 fadd.s           f14, f14, f12       f14=xxxxxxxx f14:45a18e68 f12:428a8992
17303848ns          292011 1c00867a 0046a60b p.lw             x12, 4(x13!)        x12=42ebd50a x13=10001f34 x13:10001f30  PA:10001f30
17303888ns          292013 1c00867e 00c77753 fadd.s           f14, f14, f12       f14=xxxxxxxx f14:45a3b88e f12:42ebd50a
17303908ns          292014 1c00867a 0046a60b p.lw             x12, 4(x13!)        x12=420242b2 x13=10001f38 x13:10001f34  PA:10001f34
17303947ns          292016 1c00867e 00c77753 fadd.s           f14, f14, f12       f14=xxxxxxxx f14:45a767e2 f12:420242b2
17303967ns          292017 1c00867a 0046a60b p.lw             x12, 4(x13!)        x12=424b9384 x13=10001f3c x13:10001f38  PA:10001f38
17304007ns          292019 1c00867e 00c77753 fadd.s           f14, f14, f12       f14=xxxxxxxx f14:45a86c67 f12:424b9384
17304027ns          292020 1c00867a 0046a60b p.lw             x12, 4(x13!)        x12=4284f795 x13=10001f40 x13:10001f3c  PA:10001f3c
17304067ns          292022 1c00867e 00c77753 fadd.s           f14, f14, f12       f14=xxxxxxxx f14:45aa038e f12:4284f795
17304087ns          292023 1c00867a 0046a60b p.lw             x12, 4(x13!)        x12=42193f99 x13=10001f44 x13:10001f40  PA:10001f40
17304126ns          292025 1c00867e 00c77753 fadd.s           f14, f14, f12       f14=xxxxxxxx f14:45ac176c f12:42193f99
17304146ns          292026 1c00867a 0046a60b p.lw             x12, 4(x13!)        x12=42a0ff20 x13=10001f48 x13:10001f44  PA:10001f44
17304186ns          292028 1c00867e 00c77753 fadd.s           f14, f14, f12       f14=xxxxxxxx f14:45ad49eb f12:42a0ff20
17304206ns          292029 1c00867a 0046a60b p.lw             x12, 4(x13!)        x12=42738410 x13=10001f4c x13:10001f48  PA:10001f48
17304246ns          292031 1c00867e 00c77753 fadd.s           f14, f14, f12       f14=xxxxxxxx f14:45afcde8 f12:42738410
17304266ns          292032 1c00867a 0046a60b p.lw             x12, 4(x13!)        x12=42c15dc1 x13=10001f50 x13:10001f4c  PA:10001f4c
17304305ns          292034 1c00867e 00c77753 fadd.s           f14, f14, f12       f14=xxxxxxxx f14:45b1b4f0 f12:42c15dc1
17304325ns          292035 1c00867a 0046a60b p.lw             x12, 4(x13!)        x12=42e49429 x13=10001f54 x13:10001f50  PA:10001f50
17304365ns          292037 1c00867e 00c77753 fadd.s           f14, f14, f12       f14=xxxxxxxx f14:45b4ba67 f12:42e49429
17304385ns          292038 1c00867a 0046a60b p.lw             x12, 4(x13!)        x12=4275d9ce x13=10001f58 x13:10001f54  PA:10001f54
17304425ns          292040 1c00867e 00c77753 fadd.s           f14, f14, f12       f14=xxxxxxxx f14:45b84cb8 f12:4275d9ce
17304445ns          292041 1c00867a 0046a60b p.lw             x12, 4(x13!)        x12=42e41f68 x13=10001f5c x13:10001f58  PA:10001f58
17304484ns          292043 1c00867e 00c77753 fadd.s           f14, f14, f12       f14=xxxxxxxx f14:45ba386c f12:42e41f68
17304504ns          292044 1c00867a 0046a60b p.lw             x12, 4(x13!)        x12=42d2bb64 x13=10001f60 x13:10001f5c  PA:10001f5c
17304544ns          292046 1c00867e 00c77753 fadd.s           f14, f14, f12       f14=xxxxxxxx f14:45bdc8ea f12:42d2bb64
17304564ns          292047 1c00867a 0046a60b p.lw             x12, 4(x13!)        x12=42f2bb16 x13=10001f64 x13:10001f60  PA:10001f60
17304604ns          292049 1c00867e 00c77753 fadd.s           f14, f14, f12       f14=xxxxxxxx f14:45c113d8 f12:42f2bb16
17304624ns          292050 1c00867a 0046a60b p.lw             x12, 4(x13!)        x12=421f1f3a x13=10001f68 x13:10001f64  PA:10001f64
17304663ns          292052 1c00867e 00c77753 fadd.s           f14, f14, f12       f14=xxxxxxxx f14:45c4dec4 f12:421f1f3a
17304683ns          292053 1c00867a 0046a60b p.lw             x12, 4(x13!)        x12=42ee233a x13=10001f6c x13:10001f68  PA:10001f68
17304723ns          292055 1c00867e 00c77753 fadd.s           f14, f14, f12       f14=xxxxxxxx f14:45c61d02 f12:42ee233a
17304743ns          292056 1c00867a 0046a60b p.lw             x12, 4(x13!)        x12=42671074 x13=10001f70 x13:10001f6c  PA:10001f6c
17304783ns          292058 1c00867e 00c77753 fadd.s           f14, f14, f12       f14=xxxxxxxx f14:45c9d58f f12:42671074
17304803ns          292059 1c00867a 0046a60b p.lw             x12, 4(x13!)        x12=42add473 x13=10001f74 x13:10001f70  PA:10001f70
17304842ns          292061 1c00867e 00c77753 fadd.s           f14, f14, f12       f14=xxxxxxxx f14:45cba3b0 f12:42add473
17304862ns          292062 1c00867a 0046a60b p.lw             x12, 4(x13!)        x12=43041a6d x13=10001f78 x13:10001f74  PA:10001f74
17304902ns          292064 1c00867e 00c77753 fadd.s           f14, f14, f12       f14=xxxxxxxx f14:45ce5b02 f12:43041a6d
17304922ns          292065 1c00867a 0046a60b p.lw             x12, 4(x13!)        x12=42adc90d x13=10001f7c x13:10001f78  PA:10001f78
17304962ns          292067 1c00867e 00c77753 fadd.s           f14, f14, f12       f14=xxxxxxxx f14:45d27bd5 f12:42adc90d
17304982ns          292068 1c00867a 0046a60b p.lw             x12, 4(x13!)        x12=42edc26c x13=10001f80 x13:10001f7c  PA:10001f7c
17305021ns          292070 1c00867e 00c77753 fadd.s           f14, f14, f12       f14=xxxxxxxx f14:45d532f9 f12:42edc26c
17305041ns          292071 1c00867a 0046a60b p.lw             x12, 4(x13!)        x12=429efad2 x13=10001f84 x13:10001f80  PA:10001f80
17305081ns          292073 1c00867e 00c77753 fadd.s           f14, f14, f12       f14=xxxxxxxx f14:45d8ea03 f12:429efad2
17305101ns          292074 1c00867a 0046a60b p.lw             x12, 4(x13!)        x12=429e2678 x13=10001f88 x13:10001f84  PA:10001f84
17305141ns          292076 1c00867e 00c77753 fadd.s           f14, f14, f12       f14=xxxxxxxx f14:45db65ee f12:429e2678
17305161ns          292077 1c00867a 0046a60b p.lw             x12, 4(x13!)        x12=428c0b83 x13=10001f8c x13:10001f88  PA:10001f88
17305200ns          292079 1c00867e 00c77753 fadd.s           f14, f14, f12       f14=xxxxxxxx f14:45ddde88 f12:428c0b83
17305220ns          292080 1c00867a 0046a60b p.lw             x12, 4(x13!)        x12=426a9795 x13=10001f90 x13:10001f8c  PA:10001f8c
17305260ns          292082 1c00867e 00c77753 fadd.s           f14, f14, f12       f14=xxxxxxxx f14:45e00eb6 f12:426a9795
17305280ns          292083 1c00867a 0046a60b p.lw             x12, 4(x13!)        x12=430a2a9f x13=10001f94 x13:10001f90  PA:10001f90
17305320ns          292085 1c00867e 00c77753 fadd.s           f14, f14, f12       f14=xxxxxxxx f14:45e1e3e5 f12:430a2a9f
17305340ns          292086 1c00867a 0046a60b p.lw             x12, 4(x13!)        x12=42b07037 x13=10001f98 x13:10001f94  PA:10001f94
17305379ns          292088 1c00867e 00c77753 fadd.s           f14, f14, f12       f14=xxxxxxxx f14:45e6353a f12:42b07037
17305399ns          292089 1c00867a 0046a60b p.lw             x12, 4(x13!)        x12=42f2fcab x13=10001f9c x13:10001f98  PA:10001f98
17305439ns          292091 1c00867e 00c77753 fadd.s           f14, f14, f12       f14=xxxxxxxx f14:45e8f6fb f12:42f2fcab
17305459ns          292092 1c00867a 0046a60b p.lw             x12, 4(x13!)        x12=42f67b4e x13=10001fa0 x13:10001f9c  PA:10001f9c
17305499ns          292094 1c00867e 00c77753 fadd.s           f14, f14, f12       f14=xxxxxxxx f14:45ecc2ee f12:42f67b4e
17305519ns          292095 1c00867a 0046a60b p.lw             x12, 4(x13!)        x12=42afef4e x13=10001fa4 x13:10001fa0  PA:10001fa0
17305558ns          292097 1c00867e 00c77753 fadd.s           f14, f14, f12       f14=xxxxxxxx f14:45f09cdb f12:42afef4e
17305578ns          292098 1c00867a 0046a60b p.lw             x12, 4(x13!)        x12=42ca088a x13=10001fa8 x13:10001fa4  PA:10001fa4
17305618ns          292100 1c00867e 00c77753 fadd.s           f14, f14, f12       f14=xxxxxxxx f14:45f35c98 f12:42ca088a
17305638ns          292101 1c00867a 0046a60b p.lw             x12, 4(x13!)        x12=42c9b44c x13=10001fac x13:10001fa8  PA:10001fa8
17305678ns          292103 1c00867e 00c77753 fadd.s           f14, f14, f12       f14=xxxxxxxx f14:45f684ba f12:42c9b44c
17305698ns          292104 1c00867a 0046a60b p.lw             x12, 4(x13!)        x12=42d99910 x13=10001fb0 x13:10001fac  PA:10001fac
17305737ns          292106 1c00867e 00c77753 fadd.s           f14, f14, f12       f14=xxxxxxxx f14:45f9ab8b f12:42d99910
17305757ns          292107 1c00867a 0046a60b p.lw             x12, 4(x13!)        x12=42e8d6f8 x13=10001fb4 x13:10001fb0  PA:10001fb0
17305797ns          292109 1c00867e 00c77753 fadd.s           f14, f14, f12       f14=xxxxxxxx f14:45fd11ef f12:42e8d6f8
17305817ns          292110 1c00867a 0046a60b p.lw             x12, 4(x13!)        x12=42b17683 x13=10001fb8 x13:10001fb4  PA:10001fb4
17305857ns          292112 1c00867e 00c77753 fadd.s           f14, f14, f12       f14=xxxxxxxx f14:46005aa5 f12:42b17683
17305877ns          292113 1c00867a 0046a60b p.lw             x12, 4(x13!)        x12=42abb60c x13=10001fbc x13:10001fb8  PA:10001fb8
17305916ns          292115 1c00867e 00c77753 fadd.s           f14, f14, f12       f14=xxxxxxxx f14:4601bd92 f12:42abb60c
17305936ns          292116 1c00867a 0046a60b p.lw             x12, 4(x13!)        x12=42f4c594 x13=10001fc0 x13:10001fbc  PA:10001fbc
17305976ns          292118 1c00867e 00c77753 fadd.s           f14, f14, f12       f14=xxxxxxxx f14:460314fe f12:42f4c594
17305996ns          292119 1c00867a 0046a60b p.lw             x12, 4(x13!)        x12=42868a11 x13=10001fc4 x13:10001fc0  PA:10001fc0
17306036ns          292121 1c00867e 00c77753 fadd.s           f14, f14, f12       f14=xxxxxxxx f14:4604fe89 f12:42868a11
17306056ns          292122 1c00867a 0046a60b p.lw             x12, 4(x13!)        x12=42b1547e x13=10001fc8 x13:10001fc4  PA:10001fc4
17306096ns          292124 1c00867e 00c77753 fadd.s           f14, f14, f12       f14=xxxxxxxx f14:46060b9d f12:42b1547e
17306115ns          292125 1c00867a 0046a60b p.lw             x12, 4(x13!)        x12=4296608c x13=10001fcc x13:10001fc8  PA:10001fc8
17306155ns          292127 1c00867e 00c77753 fadd.s           f14, f14, f12       f14=xxxxxxxx f14:46076e46 f12:4296608c
17306175ns          292128 1c00867a 0046a60b p.lw             x12, 4(x13!)        x12=4319a2f3 x13=10001fd0 x13:10001fcc  PA:10001fcc
17306215ns          292130 1c00867e 00c77753 fadd.s           f14, f14, f12       f14=xxxxxxxx f14:46089b07 f12:4319a2f3
17306235ns          292131 1c00867a 0046a60b p.lw             x12, 4(x13!)        x12=42c6acf8 x13=10001fd4 x13:10001fd0  PA:10001fd0
17306275ns          292133 1c00867e 00c77753 fadd.s           f14, f14, f12       f14=xxxxxxxx f14:460b0193 f12:42c6acf8
17306294ns          292134 1c00867a 0046a60b p.lw             x12, 4(x13!)        x12=43056be6 x13=10001fd8 x13:10001fd4  PA:10001fd4
17306334ns          292136 1c00867e 00c77753 fadd.s           f14, f14, f12       f14=xxxxxxxx f14:460c8eed f12:43056be6
17306354ns          292137 1c00867a 0046a60b p.lw             x12, 4(x13!)        x12=427ec9c8 x13=10001fdc x13:10001fd8  PA:10001fd8
17306394ns          292139 1c00867e 00c77753 fadd.s           f14, f14, f12       f14=xxxxxxxx f14:460ea49d f12:427ec9c8
17306414ns          292140 1c00867a 0046a60b p.lw             x12, 4(x13!)        x12=42fcff5e x13=10001fe0 x13:10001fdc  PA:10001fdc
17306454ns          292142 1c00867e 00c77753 fadd.s           f14, f14, f12       f14=xxxxxxxx f14:460fa367 f12:42fcff5e
17306473ns          292143 1c00867a 0046a60b p.lw             x12, 4(x13!)        x12=430176e5 x13=10001fe4 x13:10001fe0  PA:10001fe0
17306513ns          292145 1c00867e 00c77753 fadd.s           f14, f14, f12       f14=xxxxxxxx f14:46119d66 f12:430176e5
17306533ns          292146 1c00867a 0046a60b p.lw             x12, 4(x13!)        x12=42e80f93 x13=10001fe8 x13:10001fe4  PA:10001fe4
17306573ns          292148 1c00867e 00c77753 fadd.s           f14, f14, f12       f14=xxxxxxxx f14:4613a342 f12:42e80f93
17306593ns          292149 1c008682 01010513 addi             x10, x2, 16         x10=10001e58  x2:10001e48
17306613ns          292150 1c008684 00e12423 sw               x14, 8(x2)          x14:46157361  x2:10001e48  PA:10001e50
17306633ns          292151 1c008686 ab9ff0ef jal              x1, -1352            x1=1c008688
17307965ns          292218 1c00813e 0045260b p.lw             x12, 4(x10!)        x12=42df9d19 x10=10001e5c x10:10001e58  PA:10001e58
17307985ns          292219 1c008142 00a007b3 add              x15, x0, x10        x15=10001e5c x10:10001e5c
17308005ns          292220 1c008144 00c00733 add              x14, x0, x12        x14=42df9d19 x12:42df9d19
17308025ns          292221 1c008146 063250fb lp.setupi        0x1, 0x63, 0x4     
17308045ns          292222 1c00814a 0047a58b p.lw             x11, 4(x15!)        x11=42d6a8b8 x15=10001e60 x15:10001e5c  PA:10001e5c
17308502ns          292245 1c00814e 00b77753 fadd.s           f14, f14, f11       f14=xxxxxxxx f14:42df9d19 f11:42d6a8b8
17308562ns          292248 1c00814a 0047a58b p.lw             x11, 4(x15!)        x11=42b02316 x15=10001e64 x15:10001e60  PA:10001e60
17308602ns          292250 1c00814e 00b77753 fadd.s           f14, f14, f11       f14=xxxxxxxx f14:435b22e8 f11:42b02316
17308622ns          292251 1c00814a 0047a58b p.lw             x11, 4(x15!)        x11=43082779 x15=10001e68 x15:10001e64  PA:10001e64
17308661ns          292253 1c00814e 00b77753 fadd.s           f14, f14, f11       f14=xxxxxxxx f14:43999a3a f11:43082779
17308681ns          292254 1c00814a 0047a58b p.lw             x11, 4(x15!)        x11=42a47f52 x15=10001e6c x15:10001e68  PA:10001e68
17308721ns          292256 1c00814e 00b77753 fadd.s           f14, f14, f11       f14=xxxxxxxx f14:43ddadf6 f11:42a47f52
17308741ns          292257 1c00814a 0047a58b p.lw             x11, 4(x15!)        x11=42dc9194 x15=10001e70 x15:10001e6c  PA:10001e6c
17308781ns          292259 1c00814e 00b77753 fadd.s           f14, f14, f11       f14=xxxxxxxx f14:440366e5 f11:42dc9194
17308801ns          292260 1c00814a 0047a58b p.lw             x11, 4(x15!)        x11=42f1b045 x15=10001e74 x15:10001e70  PA:10001e70
17308840ns          292262 1c00814e 00b77753 fadd.s           f14, f14, f11       f14=xxxxxxxx f14:441ef918 f11:42f1b045
17308860ns          292263 1c00814a 0047a58b p.lw             x11, 4(x15!)        x11=42a641d6 x15=10001e78 x15:10001e74  PA:10001e74
17308900ns          292265 1c00814e 00b77753 fadd.s           f14, f14, f11       f14=xxxxxxxx f14:443d2f21 f11:42a641d6
17308920ns          292266 1c00814a 0047a58b p.lw             x11, 4(x15!)        x11=42ca6049 x15=10001e7c x15:10001e78  PA:10001e78
17308960ns          292268 1c00814e 00b77753 fadd.s           f14, f14, f11       f14=xxxxxxxx f14:4451f75c f11:42ca6049
17308980ns          292269 1c00814a 0047a58b p.lw             x11, 4(x15!)        x11=430641e9 x15=10001e80 x15:10001e7c  PA:10001e7c
17309019ns          292271 1c00814e 00b77753 fadd.s           f14, f14, f11       f14=xxxxxxxx f14:446b4365 f11:430641e9
17309039ns          292272 1c00814a 0047a58b p.lw             x11, 4(x15!)        x11=4232756d x15=10001e84 x15:10001e80  PA:10001e80
17309079ns          292274 1c00814e 00b77753 fadd.s           f14, f14, f11       f14=xxxxxxxx f14:448669f0 f11:4232756d
17309099ns          292275 1c00814a 0047a58b p.lw             x11, 4(x15!)        x11=42d8fbe1 x15=10001e88 x15:10001e84  PA:10001e84
17309139ns          292277 1c00814e 00b77753 fadd.s           f14, f14, f11       f14=xxxxxxxx f14:448bfd9b f11:42d8fbe1
17309159ns          292278 1c00814a 0047a58b p.lw             x11, 4(x15!)        x11=421b2bd6 x15=10001e8c x15:10001e88  PA:10001e88
17309198ns          292280 1c00814e 00b77753 fadd.s           f14, f14, f11       f14=xxxxxxxx f14:44998d59 f11:421b2bd6
17309218ns          292281 1c00814a 0047a58b p.lw             x11, 4(x15!)        x11=42d0cefb x15=10001e90 x15:10001e8c  PA:10001e8c
17309258ns          292283 1c00814e 00b77753 fadd.s           f14, f14, f11       f14=xxxxxxxx f14:449e66b8 f11:42d0cefb
17309278ns          292284 1c00814a 0047a58b p.lw             x11, 4(x15!)        x11=42bfcafd x15=10001e94 x15:10001e90  PA:10001e90
17309318ns          292286 1c00814e 00b77753 fadd.s           f14, f14, f11       f14=xxxxxxxx f14:44ab73a8 f11:42bfcafd
17309338ns          292287 1c00814a 0047a58b p.lw             x11, 4(x15!)        x11=42bd65e7 x15=10001e98 x15:10001e94  PA:10001e94
17309377ns          292289 1c00814e 00b77753 fadd.s           f14, f14, f11       f14=xxxxxxxx f14:44b77058 f11:42bd65e7
17309397ns          292290 1c00814a 0047a58b p.lw             x11, 4(x15!)        x11=4275be83 x15=10001e9c x15:10001e98  PA:10001e98
17309437ns          292292 1c00814e 00b77753 fadd.s           f14, f14, f11       f14=xxxxxxxx f14:44c346b6 f11:4275be83
17309457ns          292293 1c00814a 0047a58b p.lw             x11, 4(x15!)        x11=42900778 x15=10001ea0 x15:10001e9c  PA:10001e9c
17309497ns          292295 1c00814e 00b77753 fadd.s           f14, f14, f11       f14=xxxxxxxx f14:44caf4aa f11:42900778
17309517ns          292296 1c00814a 0047a58b p.lw             x11, 4(x15!)        x11=42fd9e53 x15=10001ea4 x15:10001ea0  PA:10001ea0
17309557ns          292298 1c00814e 00b77753 fadd.s           f14, f14, f11       f14=xxxxxxxx f14:44d3f522 f11:42fd9e53
17309576ns          292299 1c00814a 0047a58b p.lw             x11, 4(x15!)        x11=42824481 x15=10001ea8 x15:10001ea4  PA:10001ea4
17309616ns          292301 1c00814e 00b77753 fadd.s           f14, f14, f11       f14=xxxxxxxx f14:44e3cf07 f11:42824481
17309636ns          292302 1c00814a 0047a58b p.lw             x11, 4(x15!)        x11=42a52bdd x15=10001eac x15:10001ea8  PA:10001ea8
17309676ns          292304 1c00814e 00b77753 fadd.s           f14, f14, f11       f14=xxxxxxxx f14:44ebf34f f11:42a52bdd
17309696ns          292305 1c00814a 0047a58b p.lw             x11, 4(x15!)        x11=42dbb9c2 x15=10001eb0 x15:10001eac  PA:10001eac
17309736ns          292307 1c00814e 00b77753 fadd.s           f14, f14, f11       f14=xxxxxxxx f14:44f6460d f11:42dbb9c2
17309755ns          292308 1c00814a 0047a58b p.lw             x11, 4(x15!)        x11=42cc6f16 x15=10001eb4 x15:10001eb0  PA:10001eb0
17309795ns          292310 1c00814e 00b77753 fadd.s           f14, f14, f11       f14=xxxxxxxx f14:450200d5 f11:42cc6f16
17309815ns          292311 1c00814a 0047a58b p.lw             x11, 4(x15!)        x11=42f56e2b x15=10001eb8 x15:10001eb4  PA:10001eb4
17309855ns          292313 1c00814e 00b77753 fadd.s           f14, f14, f11       f14=xxxxxxxx f14:4508644e f11:42f56e2b
17309875ns          292314 1c00814a 0047a58b p.lw             x11, 4(x15!)        x11=42db99fa x15=10001ebc x15:10001eb8  PA:10001eb8
17309915ns          292316 1c00814e 00b77753 fadd.s           f14, f14, f11       f14=xxxxxxxx f14:45100fbf f11:42db99fa
17309934ns          292317 1c00814a 0047a58b p.lw             x11, 4(x15!)        x11=42562150 x15=10001ec0 x15:10001ebc  PA:10001ebc
17309974ns          292319 1c00814e 00b77753 fadd.s           f14, f14, f11       f14=xxxxxxxx f14:4516ec8f f11:42562150
17309994ns          292320 1c00814a 0047a58b p.lw             x11, 4(x15!)        x11=42ce76b8 x15=10001ec4 x15:10001ec0  PA:10001ec0
17310034ns          292322 1c00814e 00b77753 fadd.s           f14, f14, f11       f14=xxxxxxxx f14:451a4514 f11:42ce76b8
17310054ns          292323 1c00814a 0047a58b p.lw             x11, 4(x15!)        x11=42cefdfe x15=10001ec8 x15:10001ec4  PA:10001ec4
17310094ns          292325 1c00814e 00b77753 fadd.s           f14, f14, f11       f14=xxxxxxxx f14:4520b8ca f11:42cefdfe
17310113ns          292326 1c00814a 0047a58b p.lw             x11, 4(x15!)        x11=4311c7cd x15=10001ecc x15:10001ec8  PA:10001ec8
17310153ns          292328 1c00814e 00b77753 fadd.s           f14, f14, f11       f14=xxxxxxxx f14:452730ba f11:4311c7cd
17310173ns          292329 1c00814a 0047a58b p.lw             x11, 4(x15!)        x11=42ce8c97 x15=10001ed0 x15:10001ecc  PA:10001ecc
17310213ns          292331 1c00814e 00b77753 fadd.s           f14, f14, f11       f14=xxxxxxxx f14:45304d37 f11:42ce8c97
17310233ns          292332 1c00814a 0047a58b p.lw             x11, 4(x15!)        x11=42963449 x15=10001ed4 x15:10001ed0  PA:10001ed0
17310273ns          292334 1c00814e 00b77753 fadd.s           f14, f14, f11       f14=xxxxxxxx f14:4536c19c f11:42963449
17310292ns          292335 1c00814a 0047a58b p.lw             x11, 4(x15!)        x11=42b568db x15=10001ed8 x15:10001ed4  PA:10001ed4
17310332ns          292337 1c00814e 00b77753 fadd.s           f14, f14, f11       f14=xxxxxxxx f14:453b733e f11:42b568db
17310352ns          292338 1c00814a 0047a58b p.lw             x11, 4(x15!)        x11=42b96759 x15=10001edc x15:10001ed8  PA:10001ed8
17310392ns          292340 1c00814e 00b77753 fadd.s           f14, f14, f11       f14=xxxxxxxx f14:45411e85 f11:42b96759
17310412ns          292341 1c00814a 0047a58b p.lw             x11, 4(x15!)        x11=42dd11cf x15=10001ee0 x15:10001edc  PA:10001edc
17310452ns          292343 1c00814e 00b77753 fadd.s           f14, f14, f11       f14=xxxxxxxx f14:4546e9c0 f11:42dd11cf
17310471ns          292344 1c00814a 0047a58b p.lw             x11, 4(x15!)        x11=42a20734 x15=10001ee4 x15:10001ee0  PA:10001ee0
17310511ns          292346 1c00814e 00b77753 fadd.s           f14, f14, f11       f14=xxxxxxxx f14:454dd24e f11:42a20734
17310531ns          292347 1c00814a 0047a58b p.lw             x11, 4(x15!)        x11=42401993 x15=10001ee8 x15:10001ee4  PA:10001ee4
17310571ns          292349 1c00814e 00b77753 fadd.s           f14, f14, f11       f14=xxxxxxxx f14:4552e288 f11:42401993
17310591ns          292350 1c00814a 0047a58b p.lw             x11, 4(x15!)        x11=42a5d557 x15=10001eec x15:10001ee8  PA:10001ee8
17310631ns          292352 1c00814e 00b77753 fadd.s           f14, f14, f11       f14=xxxxxxxx f14:4555e2ee f11:42a5d557
17310650ns          292353 1c00814a 0047a58b p.lw             x11, 4(x15!)        x11=42dbd8d8 x15=10001ef0 x15:10001eec  PA:10001eec
17310690ns          292355 1c00814e 00b77753 fadd.s           f14, f14, f11       f14=xxxxxxxx f14:455b1199 f11:42dbd8d8
17310710ns          292356 1c00814a 0047a58b p.lw             x11, 4(x15!)        x11=42e408b7 x15=10001ef4 x15:10001ef0  PA:10001ef0
17310750ns          292358 1c00814e 00b77753 fadd.s           f14, f14, f11       f14=xxxxxxxx f14:4561f060 f11:42e408b7
17310770ns          292359 1c00814a 0047a58b p.lw             x11, 4(x15!)        x11=42d1203a x15=10001ef8 x15:10001ef4  PA:10001ef4
17310810ns          292361 1c00814e 00b77753 fadd.s           f14, f14, f11       f14=xxxxxxxx f14:456910a6 f11:42d1203a
17310830ns          292362 1c00814a 0047a58b p.lw             x11, 4(x15!)        x11=42011c53 x15=10001efc x15:10001ef8  PA:10001ef8
17310869ns          292364 1c00814e 00b77753 fadd.s           f14, f14, f11       f14=xxxxxxxx f14:456f99a8 f11:42011c53
17310889ns          292365 1c00814a 0047a58b p.lw             x11, 4(x15!)        x11=42b8ff8c x15=10001f00 x15:10001efc  PA:10001efc
17310929ns          292367 1c00814e 00b77753 fadd.s           f14, f14, f11       f14=xxxxxxxx f14:45719e19 f11:42b8ff8c
17310949ns          292368 1c00814a 0047a58b p.lw             x11, 4(x15!)        x11=42badd7a x15=10001f04 x15:10001f00  PA:10001f00
17310989ns          292370 1c00814e 00b77753 fadd.s           f14, f14, f11       f14=xxxxxxxx f14:45776615 f11:42badd7a
17311009ns          292371 1c00814a 0047a58b p.lw             x11, 4(x15!)        x11=4316d66e x15=10001f08 x15:10001f04  PA:10001f04
17311048ns          292373 1c00814e 00b77753 fadd.s           f14, f14, f11       f14=xxxxxxxx f14:457d3d01 f11:4316d66e
17311068ns          292374 1c00814a 0047a58b p.lw             x11, 4(x15!)        x11=429a6e19 x15=10001f0c x15:10001f08  PA:10001f08
17311108ns          292376 1c00814e 00b77753 fadd.s           f14, f14, f11       f14=xxxxxxxx f14:45835534 f11:429a6e19
17311128ns          292377 1c00814a 0047a58b p.lw             x11, 4(x15!)        x11=42ecc208 x15=10001f10 x15:10001f0c  PA:10001f0c
17311168ns          292379 1c00814e 00b77753 fadd.s           f14, f14, f11       f14=xxxxxxxx f14:4585beec f11:42ecc208
17311188ns          292380 1c00814a 0047a58b p.lw             x11, 4(x15!)        x11=42d4f635 x15=10001f14 x15:10001f10  PA:10001f10
17311227ns          292382 1c00814e 00b77753 fadd.s           f14, f14, f11       f14=xxxxxxxx f14:458971f4 f11:42d4f635
17311247ns          292383 1c00814a 0047a58b p.lw             x11, 4(x15!)        x11=43035007 x15=10001f18 x15:10001f14  PA:10001f14
17311287ns          292385 1c00814e 00b77753 fadd.s           f14, f14, f11       f14=xxxxxxxx f14:458cc5cd f11:43035007
17311307ns          292386 1c00814a 0047a58b p.lw             x11, 4(x15!)        x11=42cdbcea x15=10001f1c x15:10001f18  PA:10001f18
17311347ns          292388 1c00814e 00b77753 fadd.s           f14, f14, f11       f14=xxxxxxxx f14:4590e04d f11:42cdbcea
17311367ns          292389 1c00814a 0047a58b p.lw             x11, 4(x15!)        x11=42dcb537 x15=10001f20 x15:10001f1c  PA:10001f1c
17311406ns          292391 1c00814e 00b77753 fadd.s           f14, f14, f11       f14=xxxxxxxx f14:45941741 f11:42dcb537
17311426ns          292392 1c00814a 0047a58b p.lw             x11, 4(x15!)        x11=42d12e57 x15=10001f24 x15:10001f20  PA:10001f20
17311466ns          292394 1c00814e 00b77753 fadd.s           f14, f14, f11       f14=xxxxxxxx f14:45978a16 f11:42d12e57
17311486ns          292395 1c00814a 0047a58b p.lw             x11, 4(x15!)        x11=42802d91 x15=10001f28 x15:10001f24  PA:10001f24
17311526ns          292397 1c00814e 00b77753 fadd.s           f14, f14, f11       f14=xxxxxxxx f14:459acecf f11:42802d91
17311546ns          292398 1c00814a 0047a58b p.lw             x11, 4(x15!)        x11=4317dc6e x15=10001f2c x15:10001f28  PA:10001f28
17311585ns          292400 1c00814e 00b77753 fadd.s           f14, f14, f11       f14=xxxxxxxx f14:459ccf85 f11:4317dc6e
17311605ns          292401 1c00814a 0047a58b p.lw             x11, 4(x15!)        x11=428a8992 x15=10001f30 x15:10001f2c  PA:10001f2c
17311645ns          292403 1c00814e 00b77753 fadd.s           f14, f14, f11       f14=xxxxxxxx f14:45a18e68 f11:428a8992
17311665ns          292404 1c00814a 0047a58b p.lw             x11, 4(x15!)        x11=42ebd50a x15=10001f34 x15:10001f30  PA:10001f30
17311705ns          292406 1c00814e 00b77753 fadd.s           f14, f14, f11       f14=xxxxxxxx f14:45a3b88e f11:42ebd50a
17311725ns          292407 1c00814a 0047a58b p.lw             x11, 4(x15!)        x11=420242b2 x15=10001f38 x15:10001f34  PA:10001f34
17311764ns          292409 1c00814e 00b77753 fadd.s           f14, f14, f11       f14=xxxxxxxx f14:45a767e2 f11:420242b2
17311784ns          292410 1c00814a 0047a58b p.lw             x11, 4(x15!)        x11=424b9384 x15=10001f3c x15:10001f38  PA:10001f38
17311824ns          292412 1c00814e 00b77753 fadd.s           f14, f14, f11       f14=xxxxxxxx f14:45a86c67 f11:424b9384
17311844ns          292413 1c00814a 0047a58b p.lw             x11, 4(x15!)        x11=4284f795 x15=10001f40 x15:10001f3c  PA:10001f3c
17311884ns          292415 1c00814e 00b77753 fadd.s           f14, f14, f11       f14=xxxxxxxx f14:45aa038e f11:4284f795
17311904ns          292416 1c00814a 0047a58b p.lw             x11, 4(x15!)        x11=42193f99 x15=10001f44 x15:10001f40  PA:10001f40
17311943ns          292418 1c00814e 00b77753 fadd.s           f14, f14, f11       f14=xxxxxxxx f14:45ac176c f11:42193f99
17311963ns          292419 1c00814a 0047a58b p.lw             x11, 4(x15!)        x11=42a0ff20 x15=10001f48 x15:10001f44  PA:10001f44
17312003ns          292421 1c00814e 00b77753 fadd.s           f14, f14, f11       f14=xxxxxxxx f14:45ad49eb f11:42a0ff20
17312023ns          292422 1c00814a 0047a58b p.lw             x11, 4(x15!)        x11=42738410 x15=10001f4c x15:10001f48  PA:10001f48
17312063ns          292424 1c00814e 00b77753 fadd.s           f14, f14, f11       f14=xxxxxxxx f14:45afcde8 f11:42738410
17312083ns          292425 1c00814a 0047a58b p.lw             x11, 4(x15!)        x11=42c15dc1 x15=10001f50 x15:10001f4c  PA:10001f4c
17312122ns          292427 1c00814e 00b77753 fadd.s           f14, f14, f11       f14=xxxxxxxx f14:45b1b4f0 f11:42c15dc1
17312142ns          292428 1c00814a 0047a58b p.lw             x11, 4(x15!)        x11=42e49429 x15=10001f54 x15:10001f50  PA:10001f50
17312182ns          292430 1c00814e 00b77753 fadd.s           f14, f14, f11       f14=xxxxxxxx f14:45b4ba67 f11:42e49429
17312202ns          292431 1c00814a 0047a58b p.lw             x11, 4(x15!)        x11=4275d9ce x15=10001f58 x15:10001f54  PA:10001f54
17312242ns          292433 1c00814e 00b77753 fadd.s           f14, f14, f11       f14=xxxxxxxx f14:45b84cb8 f11:4275d9ce
17312262ns          292434 1c00814a 0047a58b p.lw             x11, 4(x15!)        x11=42e41f68 x15=10001f5c x15:10001f58  PA:10001f58
17312301ns          292436 1c00814e 00b77753 fadd.s           f14, f14, f11       f14=xxxxxxxx f14:45ba386c f11:42e41f68
17312321ns          292437 1c00814a 0047a58b p.lw             x11, 4(x15!)        x11=42d2bb64 x15=10001f60 x15:10001f5c  PA:10001f5c
17312361ns          292439 1c00814e 00b77753 fadd.s           f14, f14, f11       f14=xxxxxxxx f14:45bdc8ea f11:42d2bb64
17312381ns          292440 1c00814a 0047a58b p.lw             x11, 4(x15!)        x11=42f2bb16 x15=10001f64 x15:10001f60  PA:10001f60
17312421ns          292442 1c00814e 00b77753 fadd.s           f14, f14, f11       f14=xxxxxxxx f14:45c113d8 f11:42f2bb16
17312441ns          292443 1c00814a 0047a58b p.lw             x11, 4(x15!)        x11=421f1f3a x15=10001f68 x15:10001f64  PA:10001f64
17312480ns          292445 1c00814e 00b77753 fadd.s           f14, f14, f11       f14=xxxxxxxx f14:45c4dec4 f11:421f1f3a
17312500ns          292446 1c00814a 0047a58b p.lw             x11, 4(x15!)        x11=42ee233a x15=10001f6c x15:10001f68  PA:10001f68
17312540ns          292448 1c00814e 00b77753 fadd.s           f14, f14, f11       f14=xxxxxxxx f14:45c61d02 f11:42ee233a
17312560ns          292449 1c00814a 0047a58b p.lw             x11, 4(x15!)        x11=42671074 x15=10001f70 x15:10001f6c  PA:10001f6c
17312600ns          292451 1c00814e 00b77753 fadd.s           f14, f14, f11       f14=xxxxxxxx f14:45c9d58f f11:42671074
17312620ns          292452 1c00814a 0047a58b p.lw             x11, 4(x15!)        x11=42add473 x15=10001f74 x15:10001f70  PA:10001f70
17312659ns          292454 1c00814e 00b77753 fadd.s           f14, f14, f11       f14=xxxxxxxx f14:45cba3b0 f11:42add473
17312679ns          292455 1c00814a 0047a58b p.lw             x11, 4(x15!)        x11=43041a6d x15=10001f78 x15:10001f74  PA:10001f74
17312719ns          292457 1c00814e 00b77753 fadd.s           f14, f14, f11       f14=xxxxxxxx f14:45ce5b02 f11:43041a6d
17312739ns          292458 1c00814a 0047a58b p.lw             x11, 4(x15!)        x11=42adc90d x15=10001f7c x15:10001f78  PA:10001f78
17312779ns          292460 1c00814e 00b77753 fadd.s           f14, f14, f11       f14=xxxxxxxx f14:45d27bd5 f11:42adc90d
17312799ns          292461 1c00814a 0047a58b p.lw             x11, 4(x15!)        x11=42edc26c x15=10001f80 x15:10001f7c  PA:10001f7c
17312838ns          292463 1c00814e 00b77753 fadd.s           f14, f14, f11       f14=xxxxxxxx f14:45d532f9 f11:42edc26c
17312858ns          292464 1c00814a 0047a58b p.lw             x11, 4(x15!)        x11=429efad2 x15=10001f84 x15:10001f80  PA:10001f80
17312898ns          292466 1c00814e 00b77753 fadd.s           f14, f14, f11       f14=xxxxxxxx f14:45d8ea03 f11:429efad2
17312918ns          292467 1c00814a 0047a58b p.lw             x11, 4(x15!)        x11=429e2678 x15=10001f88 x15:10001f84  PA:10001f84
17312958ns          292469 1c00814e 00b77753 fadd.s           f14, f14, f11       f14=xxxxxxxx f14:45db65ee f11:429e2678
17312978ns          292470 1c00814a 0047a58b p.lw             x11, 4(x15!)        x11=428c0b83 x15=10001f8c x15:10001f88  PA:10001f88
17313017ns          292472 1c00814e 00b77753 fadd.s           f14, f14, f11       f14=xxxxxxxx f14:45ddde88 f11:428c0b83
17313037ns          292473 1c00814a 0047a58b p.lw             x11, 4(x15!)        x11=426a9795 x15=10001f90 x15:10001f8c  PA:10001f8c
17313077ns          292475 1c00814e 00b77753 fadd.s           f14, f14, f11       f14=xxxxxxxx f14:45e00eb6 f11:426a9795
17313097ns          292476 1c00814a 0047a58b p.lw             x11, 4(x15!)        x11=430a2a9f x15=10001f94 x15:10001f90  PA:10001f90
17313137ns          292478 1c00814e 00b77753 fadd.s           f14, f14, f11       f14=xxxxxxxx f14:45e1e3e5 f11:430a2a9f
17313157ns          292479 1c00814a 0047a58b p.lw             x11, 4(x15!)        x11=42b07037 x15=10001f98 x15:10001f94  PA:10001f94
17313197ns          292481 1c00814e 00b77753 fadd.s           f14, f14, f11       f14=xxxxxxxx f14:45e6353a f11:42b07037
17313216ns          292482 1c00814a 0047a58b p.lw             x11, 4(x15!)        x11=42f2fcab x15=10001f9c x15:10001f98  PA:10001f98
17313256ns          292484 1c00814e 00b77753 fadd.s           f14, f14, f11       f14=xxxxxxxx f14:45e8f6fb f11:42f2fcab
17313276ns          292485 1c00814a 0047a58b p.lw             x11, 4(x15!)        x11=42f67b4e x15=10001fa0 x15:10001f9c  PA:10001f9c
17313316ns          292487 1c00814e 00b77753 fadd.s           f14, f14, f11       f14=xxxxxxxx f14:45ecc2ee f11:42f67b4e
17313336ns          292488 1c00814a 0047a58b p.lw             x11, 4(x15!)        x11=42afef4e x15=10001fa4 x15:10001fa0  PA:10001fa0
17313376ns          292490 1c00814e 00b77753 fadd.s           f14, f14, f11       f14=xxxxxxxx f14:45f09cdb f11:42afef4e
17313395ns          292491 1c00814a 0047a58b p.lw             x11, 4(x15!)        x11=42ca088a x15=10001fa8 x15:10001fa4  PA:10001fa4
17313435ns          292493 1c00814e 00b77753 fadd.s           f14, f14, f11       f14=xxxxxxxx f14:45f35c98 f11:42ca088a
17313455ns          292494 1c00814a 0047a58b p.lw             x11, 4(x15!)        x11=42c9b44c x15=10001fac x15:10001fa8  PA:10001fa8
17313495ns          292496 1c00814e 00b77753 fadd.s           f14, f14, f11       f14=xxxxxxxx f14:45f684ba f11:42c9b44c
17313515ns          292497 1c00814a 0047a58b p.lw             x11, 4(x15!)        x11=42d99910 x15=10001fb0 x15:10001fac  PA:10001fac
17313555ns          292499 1c00814e 00b77753 fadd.s           f14, f14, f11       f14=xxxxxxxx f14:45f9ab8b f11:42d99910
17313574ns          292500 1c00814a 0047a58b p.lw             x11, 4(x15!)        x11=42e8d6f8 x15=10001fb4 x15:10001fb0  PA:10001fb0
17313614ns          292502 1c00814e 00b77753 fadd.s           f14, f14, f11       f14=xxxxxxxx f14:45fd11ef f11:42e8d6f8
17313634ns          292503 1c00814a 0047a58b p.lw             x11, 4(x15!)        x11=42b17683 x15=10001fb8 x15:10001fb4  PA:10001fb4
17313674ns          292505 1c00814e 00b77753 fadd.s           f14, f14, f11       f14=xxxxxxxx f14:46005aa5 f11:42b17683
17313694ns          292506 1c00814a 0047a58b p.lw             x11, 4(x15!)        x11=42abb60c x15=10001fbc x15:10001fb8  PA:10001fb8
17313734ns          292508 1c00814e 00b77753 fadd.s           f14, f14, f11       f14=xxxxxxxx f14:4601bd92 f11:42abb60c
17313753ns          292509 1c00814a 0047a58b p.lw             x11, 4(x15!)        x11=42f4c594 x15=10001fc0 x15:10001fbc  PA:10001fbc
17313793ns          292511 1c00814e 00b77753 fadd.s           f14, f14, f11       f14=xxxxxxxx f14:460314fe f11:42f4c594
17313813ns          292512 1c00814a 0047a58b p.lw             x11, 4(x15!)        x11=42868a11 x15=10001fc4 x15:10001fc0  PA:10001fc0
17313853ns          292514 1c00814e 00b77753 fadd.s           f14, f14, f11       f14=xxxxxxxx f14:4604fe89 f11:42868a11
17313873ns          292515 1c00814a 0047a58b p.lw             x11, 4(x15!)        x11=42b1547e x15=10001fc8 x15:10001fc4  PA:10001fc4
17313913ns          292517 1c00814e 00b77753 fadd.s           f14, f14, f11       f14=xxxxxxxx f14:46060b9d f11:42b1547e
17313932ns          292518 1c00814a 0047a58b p.lw             x11, 4(x15!)        x11=4296608c x15=10001fcc x15:10001fc8  PA:10001fc8
17313972ns          292520 1c00814e 00b77753 fadd.s           f14, f14, f11       f14=xxxxxxxx f14:46076e46 f11:4296608c
17313992ns          292521 1c00814a 0047a58b p.lw             x11, 4(x15!)        x11=4319a2f3 x15=10001fd0 x15:10001fcc  PA:10001fcc
17314032ns          292523 1c00814e 00b77753 fadd.s           f14, f14, f11       f14=xxxxxxxx f14:46089b07 f11:4319a2f3
17314052ns          292524 1c00814a 0047a58b p.lw             x11, 4(x15!)        x11=42c6acf8 x15=10001fd4 x15:10001fd0  PA:10001fd0
17314092ns          292526 1c00814e 00b77753 fadd.s           f14, f14, f11       f14=xxxxxxxx f14:460b0193 f11:42c6acf8
17314111ns          292527 1c00814a 0047a58b p.lw             x11, 4(x15!)        x11=43056be6 x15=10001fd8 x15:10001fd4  PA:10001fd4
17314151ns          292529 1c00814e 00b77753 fadd.s           f14, f14, f11       f14=xxxxxxxx f14:460c8eed f11:43056be6
17314171ns          292530 1c00814a 0047a58b p.lw             x11, 4(x15!)        x11=427ec9c8 x15=10001fdc x15:10001fd8  PA:10001fd8
17314211ns          292532 1c00814e 00b77753 fadd.s           f14, f14, f11       f14=xxxxxxxx f14:460ea49d f11:427ec9c8
17314231ns          292533 1c00814a 0047a58b p.lw             x11, 4(x15!)        x11=42fcff5e x15=10001fe0 x15:10001fdc  PA:10001fdc
17314271ns          292535 1c00814e 00b77753 fadd.s           f14, f14, f11       f14=xxxxxxxx f14:460fa367 f11:42fcff5e
17314291ns          292536 1c00814a 0047a58b p.lw             x11, 4(x15!)        x11=430176e5 x15=10001fe4 x15:10001fe0  PA:10001fe0
17314330ns          292538 1c00814e 00b77753 fadd.s           f14, f14, f11       f14=xxxxxxxx f14:46119d66 f11:430176e5
17314350ns          292539 1c00814a 0047a58b p.lw             x11, 4(x15!)        x11=42e80f93 x15=10001fe8 x15:10001fe4  PA:10001fe4
17314390ns          292541 1c00814e 00b77753 fadd.s           f14, f14, f11       f14=xxxxxxxx f14:4613a342 f11:42e80f93
17314410ns          292542 1c008152 1c0006b7 lui              x13, 0x1c000000     x13=1c000000
17314430ns          292543 1c008156 0f06a683 lw               x13, 240(x13)       x13=3c23d70a x13:1c000000  PA:1c0000f0
17314867ns          292565 1c00815a 40a787b3 sub              x15, x15, x10       x15=0000018c x15:10001fe8 x10:10001e5c
17314887ns          292566 1c00815c 10d776d3 fmul.s           f13, f14, f13       f13=xxxxxxxx f14:46157361 f13:3c23d70a
17314907ns          292567 1c008160 ffc78793 addi             x15, x15, -4        x15=00000188 x15:0000018c
17314927ns          292568 1c008162 0027d793 srli             x15, x15, 0x2       x15=00000062 x15:00000188
17314947ns          292569 1c008164 08d67653 fsub.s           f12, f12, f13       f12=xxxxxxxx f12:42df9d19 f13:42bf4c01
17314967ns          292570 1c008168 00178793 addi             x15, x15, 1         x15=00000063 x15:00000062
17314987ns          292571 1c00816a 10c67653 fmul.s           f12, f12, f12       f12=xxxxxxxx f12:41814460 f12:41814460
17315424ns          292593 1c00816e 0067c0fb lp.setup         0x1, x15, 0x6       x15:00000063
17315464ns          292595 1c008172 0045270b p.lw             x14, 4(x10!)        x14=42d6a8b8 x10=10001e60 x10:10001e5c  PA:10001e5c
17315504ns          292597 1c008176 08d77753 fsub.s           f14, f14, f13       f14=xxxxxxxx f14:42d6a8b8 f13:42bf4c01
17315524ns          292598 1c00817a 60e77643 fmadd.s          f12, f14, f14, f12  f12=xxxxxxxx f14:413ae5b8 f14:413ae5b8 f12:43828bf6
17315544ns          292599 1c008172 0045270b p.lw             x14, 4(x10!)        x14=42b02316 x10=10001e64 x10:10001e60  PA:10001e60
17315583ns          292601 1c008176 08d77753 fsub.s           f14, f14, f13       f14=xxxxxxxx f14:42b02316 f13:42bf4c01
17315603ns          292602 1c00817a 60e77643 fmadd.s          f12, f14, f14, f12  f12=xxxxxxxx f14:c0f28eb0 f14:c0f28eb0 f12:43c6c545
17315623ns          292603 1c008172 0045270b p.lw             x14, 4(x10!)        x14=43082779 x10=10001e68 x10:10001e64  PA:10001e64
17315663ns          292605 1c008176 08d77753 fsub.s           f14, f14, f13       f14=xxxxxxxx f14:43082779 f13:42bf4c01
17315683ns          292606 1c00817a 60e77643 fmadd.s          f12, f14, f14, f12  f12=xxxxxxxx f14:422205e2 f14:422205e2 f12:43e37f88
17315703ns          292607 1c008172 0045270b p.lw             x14, 4(x10!)        x14=42a47f52 x10=10001e6c x10:10001e68  PA:10001e68
17315743ns          292609 1c008176 08d77753 fsub.s           f14, f14, f13       f14=xxxxxxxx f14:42a47f52 f13:42bf4c01
17315762ns          292610 1c00817a 60e77643 fmadd.s          f12, f14, f14, f12  f12=xxxxxxxx f14:c1566578 f14:c1566578 f12:4502fb63
17315782ns          292611 1c008172 0045270b p.lw             x14, 4(x10!)        x14=42dc9194 x10=10001e70 x10:10001e6c  PA:10001e6c
17315822ns          292613 1c008176 08d77753 fsub.s           f14, f14, f13       f14=xxxxxxxx f14:42dc9194 f13:42bf4c01
17315842ns          292614 1c00817a 60e77643 fmadd.s          f12, f14, f14, f12  f12=xxxxxxxx f14:416a2c98 f14:416a2c98 f12:450e3440
17315862ns          292615 1c008172 0045270b p.lw             x14, 4(x10!)        x14=42f1b045 x10=10001e74 x10:10001e70  PA:10001e70
17315902ns          292617 1c008176 08d77753 fsub.s           f14, f14, f13       f14=xxxxxxxx f14:42f1b045 f13:42bf4c01
17315922ns          292618 1c00817a 60e77643 fmadd.s          f12, f14, f14, f12  f12=xxxxxxxx f14:41c99110 f14:41c99110 f12:451b9799
17315941ns          292619 1c008172 0045270b p.lw             x14, 4(x10!)        x14=42a641d6 x10=10001e78 x10:10001e74  PA:10001e74
17315981ns          292621 1c008176 08d77753 fsub.s           f14, f14, f13       f14=xxxxxxxx f14:42a641d6 f13:42bf4c01
17316001ns          292622 1c00817a 60e77643 fmadd.s          f12, f14, f14, f12  f12=xxxxxxxx f14:c1485158 f14:c1485158 f12:454344e0
17316021ns          292623 1c008172 0045270b p.lw             x14, 4(x10!)        x14=42ca6049 x10=10001e7c x10:10001e78  PA:10001e78
17316061ns          292625 1c008176 08d77753 fsub.s           f14, f14, f13       f14=xxxxxxxx f14:42ca6049 f13:42bf4c01
17316081ns          292626 1c00817a 60e77643 fmadd.s          f12, f14, f14, f12  f12=xxxxxxxx f14:40b14480 f14:40b14480 f12:454d10d3
17316101ns          292627 1c008172 0045270b p.lw             x14, 4(x10!)        x14=430641e9 x10=10001e80 x10:10001e7c  PA:10001e7c
17316140ns          292629 1c008176 08d77753 fsub.s           f14, f14, f13       f14=xxxxxxxx f14:430641e9 f13:42bf4c01
17316160ns          292630 1c00817a 60e77643 fmadd.s          f12, f14, f14, f12  f12=xxxxxxxx f14:421a6fa2 f14:421a6fa2 f12:454efbd2
17316180ns          292631 1c008172 0045270b p.lw             x14, 4(x10!)        x14=4232756d x10=10001e84 x10:10001e80  PA:10001e80
17316220ns          292633 1c008176 08d77753 fsub.s           f14, f14, f13       f14=xxxxxxxx f14:4232756d f13:42bf4c01
17316240ns          292634 1c00817a 60e77643 fmadd.s          f12, f14, f14, f12  f12=xxxxxxxx f14:c24c2295 f14:c24c2295 f12:45961329
17316260ns          292635 1c008172 0045270b p.lw             x14, 4(x10!)        x14=42d8fbe1 x10=10001e88 x10:10001e84  PA:10001e84
17316299ns          292637 1c008176 08d77753 fsub.s           f14, f14, f13       f14=xxxxxxxx f14:42d8fbe1 f13:42bf4c01
17316319ns          292638 1c00817a 60e77643 fmadd.s          f12, f14, f14, f12  f12=xxxxxxxx f14:414d7f00 f14:414d7f00 f12:45e776ba
17316339ns          292639 1c008172 0045270b p.lw             x14, 4(x10!)        x14=421b2bd6 x10=10001e8c x10:10001e88  PA:10001e88
17316379ns          292641 1c008176 08d77753 fsub.s           f14, f14, f13       f14=xxxxxxxx f14:421b2bd6 f13:42bf4c01
17316399ns          292642 1c00817a 60e77643 fmadd.s          f12, f14, f14, f12  f12=xxxxxxxx f14:c2636c2c f14:c2636c2c f12:45ec9e5f
17316419ns          292643 1c008172 0045270b p.lw             x14, 4(x10!)        x14=42d0cefb x10=10001e90 x10:10001e8c  PA:10001e8c
17316459ns          292645 1c008176 08d77753 fsub.s           f14, f14, f13       f14=xxxxxxxx f14:42d0cefb f13:42bf4c01
17316478ns          292646 1c00817a 60e77643 fmadd.s          f12, f14, f14, f12  f12=xxxxxxxx f14:410c17d0 f14:410c17d0 f12:4628d170
17316498ns          292647 1c008172 0045270b p.lw             x14, 4(x10!)        x14=42bfcafd x10=10001e94 x10:10001e90  PA:10001e90
17316538ns          292649 1c008176 08d77753 fsub.s           f14, f14, f13       f14=xxxxxxxx f14:42bfcafd f13:42bf4c01
17316558ns          292650 1c00817a 60e77643 fmadd.s          f12, f14, f14, f12  f12=xxxxxxxx f14:3e7df800 f14:3e7df800 f12:462a0418
17316578ns          292651 1c008172 0045270b p.lw             x14, 4(x10!)        x14=42bd65e7 x10=10001e98 x10:10001e94  PA:10001e94
17316618ns          292653 1c008176 08d77753 fsub.s           f14, f14, f13       f14=xxxxxxxx f14:42bd65e7 f13:42bf4c01
17316638ns          292654 1c00817a 60e77643 fmadd.s          f12, f14, f14, f12  f12=xxxxxxxx f14:bf730d00 f14:bf730d00 f12:462a0457
17316658ns          292655 1c008172 0045270b p.lw             x14, 4(x10!)        x14=4275be83 x10=10001e9c x10:10001e98  PA:10001e98
17316697ns          292657 1c008176 08d77753 fsub.s           f14, f14, f13       f14=xxxxxxxx f14:4275be83 f13:42bf4c01
17316717ns          292658 1c00817a 60e77643 fmadd.s          f12, f14, f14, f12  f12=xxxxxxxx f14:c208d97f f14:c208d97f f12:462a07f2
17316737ns          292659 1c008172 0045270b p.lw             x14, 4(x10!)        x14=42900778 x10=10001ea0 x10:10001e9c  PA:10001e9c
17316777ns          292661 1c008176 08d77753 fsub.s           f14, f14, f13       f14=xxxxxxxx f14:42900778 f13:42bf4c01
17316797ns          292662 1c00817a 60e77643 fmadd.s          f12, f14, f14, f12  f12=xxxxxxxx f14:c1bd1224 f14:c1bd1224 f12:463c51e6
17316817ns          292663 1c008172 0045270b p.lw             x14, 4(x10!)        x14=42fd9e53 x10=10001ea4 x10:10001ea0  PA:10001ea0
17316856ns          292665 1c008176 08d77753 fsub.s           f14, f14, f13       f14=xxxxxxxx f14:42fd9e53 f13:42bf4c01
17316876ns          292666 1c00817a 60e77643 fmadd.s          f12, f14, f14, f12  f12=xxxxxxxx f14:41f94948 f14:41f94948 f12:46450c23
17316896ns          292667 1c008172 0045270b p.lw             x14, 4(x10!)        x14=42824481 x10=10001ea8 x10:10001ea4  PA:10001ea4
17316936ns          292669 1c008176 08d77753 fsub.s           f14, f14, f13       f14=xxxxxxxx f14:42824481 f13:42bf4c01
17316956ns          292670 1c00817a 60e77643 fmadd.s          f12, f14, f14, f12  f12=xxxxxxxx f14:c1f41e00 f14:c1f41e00 f12:4654381d
17316976ns          292671 1c008172 0045270b p.lw             x14, 4(x10!)        x14=42a52bdd x10=10001eac x10:10001ea8  PA:10001ea8
17317016ns          292673 1c008176 08d77753 fsub.s           f14, f14, f13       f14=xxxxxxxx f14:42a52bdd f13:42bf4c01
17317035ns          292674 1c00817a 60e77643 fmadd.s          f12, f14, f14, f12  f12=xxxxxxxx f14:c1510120 f14:c1510120 f12:4662c4b0
17317055ns          292675 1c008172 0045270b p.lw             x14, 4(x10!)        x14=42dbb9c2 x10=10001eb0 x10:10001eac  PA:10001eac
17317095ns          292677 1c008176 08d77753 fsub.s           f14, f14, f13       f14=xxxxxxxx f14:42dbb9c2 f13:42bf4c01
17317115ns          292678 1c00817a 60e77643 fmadd.s          f12, f14, f14, f12  f12=xxxxxxxx f14:41636e08 f14:41636e08 f12:46656f3b
17317135ns          292679 1c008172 0045270b p.lw             x14, 4(x10!)        x14=42cc6f16 x10=10001eb4 x10:10001eb0  PA:10001eb0
17317175ns          292681 1c008176 08d77753 fsub.s           f14, f14, f13       f14=xxxxxxxx f14:42cc6f16 f13:42bf4c01
17317195ns          292682 1c00817a 60e77643 fmadd.s          f12, f14, f14, f12  f12=xxxxxxxx f14:40d23150 f14:40d23150 f12:4668976c
17317214ns          292683 1c008172 0045270b p.lw             x14, 4(x10!)        x14=42f56e2b x10=10001eb8 x10:10001eb4  PA:10001eb4
17317254ns          292685 1c008176 08d77753 fsub.s           f14, f14, f13       f14=xxxxxxxx f14:42f56e2b f13:42bf4c01
17317274ns          292686 1c00817a 60e77643 fmadd.s          f12, f14, f14, f12  f12=xxxxxxxx f14:41d888a8 f14:41d888a8 f12:46694401
17317294ns          292687 1c008172 0045270b p.lw             x14, 4(x10!)        x14=42db99fa x10=10001ebc x10:10001eb8  PA:10001eb8
17317334ns          292689 1c008176 08d77753 fsub.s           f14, f14, f13       f14=xxxxxxxx f14:42db99fa f13:42bf4c01
17317354ns          292690 1c00817a 60e77643 fmadd.s          f12, f14, f14, f12  f12=xxxxxxxx f14:41626fc8 f14:41626fc8 f12:4674b66f
17317374ns          292691 1c008172 0045270b p.lw             x14, 4(x10!)        x14=42562150 x10=10001ec0 x10:10001ebc  PA:10001ebc
17317413ns          292693 1c008176 08d77753 fsub.s           f14, f14, f13       f14=xxxxxxxx f14:42562150 f13:42bf4c01
17317433ns          292694 1c00817a 60e77643 fmadd.s          f12, f14, f14, f12  f12=xxxxxxxx f14:c22876b2 f14:c22876b2 f12:4677d795
17317453ns          292695 1c008172 0045270b p.lw             x14, 4(x10!)        x14=42ce76b8 x10=10001ec4 x10:10001ec0  PA:10001ec0
17317493ns          292697 1c008176 08d77753 fsub.s           f14, f14, f13       f14=xxxxxxxx f14:42ce76b8 f13:42bf4c01
17317513ns          292698 1c00817a 60e77643 fmadd.s          f12, f14, f14, f12  f12=xxxxxxxx f14:40f2ab70 f14:40f2ab70 f12:4689c74b
17317533ns          292699 1c008172 0045270b p.lw             x14, 4(x10!)        x14=42cefdfe x10=10001ec8 x10:10001ec4  PA:10001ec4
17317572ns          292701 1c008176 08d77753 fsub.s           f14, f14, f13       f14=xxxxxxxx f14:42cefdfe f13:42bf4c01
17317592ns          292702 1c00817a 60e77643 fmadd.s          f12, f14, f14, f12  f12=xxxxxxxx f14:40fb1fd0 f14:40fb1fd0 f12:468a3a4f
17317612ns          292703 1c008172 0045270b p.lw             x14, 4(x10!)        x14=4311c7cd x10=10001ecc x10:10001ec8  PA:10001ec8
17317652ns          292705 1c008176 08d77753 fsub.s           f14, f14, f13       f14=xxxxxxxx f14:4311c7cd f13:42bf4c01
17317672ns          292706 1c00817a 60e77643 fmadd.s          f12, f14, f14, f12  f12=xxxxxxxx f14:42488732 f14:42488732 f12:468ab57b
17317692ns          292707 1c008172 0045270b p.lw             x14, 4(x10!)        x14=42ce8c97 x10=10001ed0 x10:10001ecc  PA:10001ecc
17317732ns          292709 1c008176 08d77753 fsub.s           f14, f14, f13       f14=xxxxxxxx f14:42ce8c97 f13:42bf4c01
17317751ns          292710 1c00817a 60e77643 fmadd.s          f12, f14, f14, f12  f12=xxxxxxxx f14:40f40960 f14:40f40960 f12:469e57ec
17317771ns          292711 1c008172 0045270b p.lw             x14, 4(x10!)        x14=42963449 x10=10001ed4 x10:10001ed0  PA:10001ed0
17317811ns          292713 1c008176 08d77753 fsub.s           f14, f14, f13       f14=xxxxxxxx f14:42963449 f13:42bf4c01
17317831ns          292714 1c00817a 60e77643 fmadd.s          f12, f14, f14, f12  f12=xxxxxxxx f14:c1a45ee0 f14:c1a45ee0 f12:469ecc3d
17317851ns          292715 1c008172 0045270b p.lw             x14, 4(x10!)        x14=42b568db x10=10001ed8 x10:10001ed4  PA:10001ed4
17317891ns          292717 1c008176 08d77753 fsub.s           f14, f14, f13       f14=xxxxxxxx f14:42b568db f13:42bf4c01
17317911ns          292718 1c00817a 60e77643 fmadd.s          f12, f14, f14, f12  f12=xxxxxxxx f14:c09e3260 f14:c09e3260 f12:46a2188b
17317931ns          292719 1c008172 0045270b p.lw             x14, 4(x10!)        x14=42b96759 x10=10001edc x10:10001ed8  PA:10001ed8
17317970ns          292721 1c008176 08d77753 fsub.s           f14, f14, f13       f14=xxxxxxxx f14:42b96759 f13:42bf4c01
17317990ns          292722 1c00817a 60e77643 fmadd.s          f12, f14, f14, f12  f12=xxxxxxxx f14:c03c9500 f14:c03c9500 f12:46a2496c
17318010ns          292723 1c008172 0045270b p.lw             x14, 4(x10!)        x14=42dd11cf x10=10001ee0 x10:10001edc  PA:10001edc
17318050ns          292725 1c008176 08d77753 fsub.s           f14, f14, f13       f14=xxxxxxxx f14:42dd11cf f13:42bf4c01
17318070ns          292726 1c00817a 60e77643 fmadd.s          f12, f14, f14, f12  f12=xxxxxxxx f14:416e2e70 f14:416e2e70 f12:46a25ac9
17318090ns          292727 1c008172 0045270b p.lw             x14, 4(x10!)        x14=42a20734 x10=10001ee4 x10:10001ee0  PA:10001ee0
17318129ns          292729 1c008176 08d77753 fsub.s           f14, f14, f13       f14=xxxxxxxx f14:42a20734 f13:42bf4c01
17318149ns          292730 1c00817a 60e77643 fmadd.s          f12, f14, f14, f12  f12=xxxxxxxx f14:c16a2668 f14:c16a2668 f12:46a415fe
17318169ns          292731 1c008172 0045270b p.lw             x14, 4(x10!)        x14=42401993 x10=10001ee8 x10:10001ee4  PA:10001ee4
17318209ns          292733 1c008176 08d77753 fsub.s           f14, f14, f13       f14=xxxxxxxx f14:42401993 f13:42bf4c01
17318229ns          292734 1c00817a 60e77643 fmadd.s          f12, f14, f14, f12  f12=xxxxxxxx f14:c23e7e6f f14:c23e7e6f f12:46a5c252
17318249ns          292735 1c008172 0045270b p.lw             x14, 4(x10!)        x14=42a5d557 x10=10001eec x10:10001ee8  PA:10001ee8
17318289ns          292737 1c008176 08d77753 fsub.s           f14, f14, f13       f14=xxxxxxxx f14:42a5d557 f13:42bf4c01
17318308ns          292738 1c00817a 60e77643 fmadd.s          f12, f14, f14, f12  f12=xxxxxxxx f14:c14bb550 f14:c14bb550 f12:46b77a4f
17318328ns          292739 1c008172 0045270b p.lw             x14, 4(x10!)        x14=42dbd8d8 x10=10001ef0 x10:10001eec  PA:10001eec
17318368ns          292741 1c008176 08d77753 fsub.s           f14, f14, f13       f14=xxxxxxxx f14:42dbd8d8 f13:42bf4c01
17318388ns          292742 1c00817a 60e77643 fmadd.s          f12, f14, f14, f12  f12=xxxxxxxx f14:416466b8 f14:416466b8 f12:46b8be81
17318408ns          292743 1c008172 0045270b p.lw             x14, 4(x10!)        x14=42e408b7 x10=10001ef4 x10:10001ef0  PA:10001ef0
17318448ns          292745 1c008176 08d77753 fsub.s           f14, f14, f13       f14=xxxxxxxx f14:42e408b7 f13:42bf4c01
17318468ns          292746 1c00817a 60e77643 fmadd.s          f12, f14, f14, f12  f12=xxxxxxxx f14:4192f2d8 f14:4192f2d8 f12:46ba560f
17318487ns          292747 1c008172 0045270b p.lw             x14, 4(x10!)        x14=42d1203a x10=10001ef8 x10:10001ef4  PA:10001ef4
17318527ns          292749 1c008176 08d77753 fsub.s           f14, f14, f13       f14=xxxxxxxx f14:42d1203a f13:42bf4c01
17318547ns          292750 1c00817a 60e77643 fmadd.s          f12, f14, f14, f12  f12=xxxxxxxx f14:410ea1c8 f14:410ea1c8 f12:46bcf8de
17318567ns          292751 1c008172 0045270b p.lw             x14, 4(x10!)        x14=42011c53 x10=10001efc x10:10001ef8  PA:10001ef8
17318607ns          292753 1c008176 08d77753 fsub.s           f14, f14, f13       f14=xxxxxxxx f14:42011c53 f13:42bf4c01
17318627ns          292754 1c00817a 60e77643 fmadd.s          f12, f14, f14, f12  f12=xxxxxxxx f14:c27d7baf f14:c27d7baf f12:46bd97ce
17318647ns          292755 1c008172 0045270b p.lw             x14, 4(x10!)        x14=42b8ff8c x10=10001f00 x10:10001efc  PA:10001efc
17318686ns          292757 1c008176 08d77753 fsub.s           f14, f14, f13       f14=xxxxxxxx f14:42b8ff8c f13:42bf4c01
17318706ns          292758 1c00817a 60e77643 fmadd.s          f12, f14, f14, f12  f12=xxxxxxxx f14:c0498ea0 f14:c0498ea0 f12:46dcf784
17318726ns          292759 1c008172 0045270b p.lw             x14, 4(x10!)        x14=42badd7a x10=10001f04 x10:10001f00  PA:10001f00
17318766ns          292761 1c008176 08d77753 fsub.s           f14, f14, f13       f14=xxxxxxxx f14:42badd7a f13:42bf4c01
17318786ns          292762 1c00817a 60e77643 fmadd.s          f12, f14, f14, f12  f12=xxxxxxxx f14:c00dd0e0 f14:c00dd0e0 f12:46dd0b5a
17318806ns          292763 1c008172 0045270b p.lw             x14, 4(x10!)        x14=4316d66e x10=10001f08 x10:10001f04  PA:10001f04
17318845ns          292765 1c008176 08d77753 fsub.s           f14, f14, f13       f14=xxxxxxxx f14:4316d66e f13:42bf4c01
17318865ns          292766 1c00817a 60e77643 fmadd.s          f12, f14, f14, f12  f12=xxxxxxxx f14:425cc1b6 f14:425cc1b6 f12:46dd152c
17318885ns          292767 1c008172 0045270b p.lw             x14, 4(x10!)        x14=429a6e19 x10=10001f0c x10:10001f08  PA:10001f08
17318925ns          292769 1c008176 08d77753 fsub.s           f14, f14, f13       f14=xxxxxxxx f14:429a6e19 f13:42bf4c01
17318945ns          292770 1c00817a 60e77643 fmadd.s          f12, f14, f14, f12  f12=xxxxxxxx f14:c19377a0 f14:c19377a0 f12:46f4e0dc
17318965ns          292771 1c008172 0045270b p.lw             x14, 4(x10!)        x14=42ecc208 x10=10001f10 x10:10001f0c  PA:10001f0c
17319005ns          292773 1c008176 08d77753 fsub.s           f14, f14, f13       f14=xxxxxxxx f14:42ecc208 f13:42bf4c01
17319025ns          292774 1c00817a 60e77643 fmadd.s          f12, f14, f14, f12  f12=xxxxxxxx f14:41b5d81c f14:41b5d81c f12:46f78871
17319044ns          292775 1c008172 0045270b p.lw             x14, 4(x10!)        x14=42d4f635 x10=10001f14 x10:10001f10  PA:10001f10
17319084ns          292777 1c008176 08d77753 fsub.s           f14, f14, f13       f14=xxxxxxxx f14:42d4f635 f13:42bf4c01
17319104ns          292778 1c00817a 60e77643 fmadd.s          f12, f14, f14, f12  f12=xxxxxxxx f14:412d51a0 f14:412d51a0 f12:46fb91cb
17319124ns          292779 1c008172 0045270b p.lw             x14, 4(x10!)        x14=43035007 x10=10001f18 x10:10001f14  PA:10001f14
17319164ns          292781 1c008176 08d77753 fsub.s           f14, f14, f13       f14=xxxxxxxx f14:43035007 f13:42bf4c01
17319184ns          292782 1c00817a 60e77643 fmadd.s          f12, f14, f14, f12  f12=xxxxxxxx f14:420ea81a f14:420ea81a f12:46fc7c7a
17319204ns          292783 1c008172 0045270b p.lw             x14, 4(x10!)        x14=42cdbcea x10=10001f1c x10:10001f18  PA:10001f18
17319243ns          292785 1c008176 08d77753 fsub.s           f14, f14, f13       f14=xxxxxxxx f14:42cdbcea f13:42bf4c01
17319263ns          292786 1c00817a 60e77643 fmadd.s          f12, f14, f14, f12  f12=xxxxxxxx f14:40e70e90 f14:40e70e90 f12:4703362c
17319283ns          292787 1c008172 0045270b p.lw             x14, 4(x10!)        x14=42dcb537 x10=10001f20 x10:10001f1c  PA:10001f1c
17319323ns          292789 1c008176 08d77753 fsub.s           f14, f14, f13       f14=xxxxxxxx f14:42dcb537 f13:42bf4c01
17319343ns          292790 1c00817a 60e77643 fmadd.s          f12, f14, f14, f12  f12=xxxxxxxx f14:416b49b0 f14:416b49b0 f12:47036a4f
17319363ns          292791 1c008172 0045270b p.lw             x14, 4(x10!)        x14=42d12e57 x10=10001f24 x10:10001f20  PA:10001f20
17319402ns          292793 1c008176 08d77753 fsub.s           f14, f14, f13       f14=xxxxxxxx f14:42d12e57 f13:42bf4c01
17319422ns          292794 1c00817a 60e77643 fmadd.s          f12, f14, f14, f12  f12=xxxxxxxx f14:410f12b0 f14:410f12b0 f12:4704428f
17319442ns          292795 1c008172 0045270b p.lw             x14, 4(x10!)        x14=42802d91 x10=10001f28 x10:10001f24  PA:10001f24
17319482ns          292797 1c008176 08d77753 fsub.s           f14, f14, f13       f14=xxxxxxxx f14:42802d91 f13:42bf4c01
17319502ns          292798 1c00817a 60e77643 fmadd.s          f12, f14, f14, f12  f12=xxxxxxxx f14:c1fc79c0 f14:c1fc79c0 f12:47049285
17319522ns          292799 1c008172 0045270b p.lw             x14, 4(x10!)        x14=4317dc6e x10=10001f2c x10:10001f28  PA:10001f28
17319562ns          292801 1c008176 08d77753 fsub.s           f14, f14, f13       f14=xxxxxxxx f14:4317dc6e f13:42bf4c01
17319581ns          292802 1c00817a 60e77643 fmadd.s          f12, f14, f14, f12  f12=xxxxxxxx f14:4260d9b6 f14:4260d9b6 f12:47087685
17319601ns          292803 1c008172 0045270b p.lw             x14, 4(x10!)        x14=428a8992 x10=10001f30 x10:10001f2c  PA:10001f2c
17319641ns          292805 1c008176 08d77753 fsub.s           f14, f14, f13       f14=xxxxxxxx f14:428a8992 f13:42bf4c01
17319661ns          292806 1c00817a 60e77643 fmadd.s          f12, f14, f14, f12  f12=xxxxxxxx f14:c1d309bc f14:c1d309bc f12:4714ce60
17319681ns          292807 1c008172 0045270b p.lw             x14, 4(x10!)        x14=42ebd50a x10=10001f34 x10:10001f30  PA:10001f30
17319721ns          292809 1c008176 08d77753 fsub.s           f14, f14, f13       f14=xxxxxxxx f14:42ebd50a f13:42bf4c01
17319741ns          292810 1c00817a 60e77643 fmadd.s          f12, f14, f14, f12  f12=xxxxxxxx f14:41b22424 f14:41b22424 f12:47178644
17319760ns          292811 1c008172 0045270b p.lw             x14, 4(x10!)        x14=420242b2 x10=10001f38 x10:10001f34  PA:10001f34
17319800ns          292813 1c008176 08d77753 fsub.s           f14, f14, f13       f14=xxxxxxxx f14:420242b2 f13:42bf4c01
17319820ns          292814 1c00817a 60e77643 fmadd.s          f12, f14, f14, f12  f12=xxxxxxxx f14:c27c5550 f14:c27c5550 f12:4719761d
17319840ns          292815 1c008172 0045270b p.lw             x14, 4(x10!)        x14=424b9384 x10=10001f3c x10:10001f38  PA:10001f38
17319880ns          292817 1c008176 08d77753 fsub.s           f14, f14, f13       f14=xxxxxxxx f14:424b9384 f13:42bf4c01
17319900ns          292818 1c00817a 60e77643 fmadd.s          f12, f14, f14, f12  f12=xxxxxxxx f14:c233047e f14:c233047e f12:4729019e
17319920ns          292819 1c008172 0045270b p.lw             x14, 4(x10!)        x14=4284f795 x10=10001f40 x10:10001f3c  PA:10001f3c
17319959ns          292821 1c008176 08d77753 fsub.s           f14, f14, f13       f14=xxxxxxxx f14:4284f795 f13:42bf4c01
17319979ns          292822 1c00817a 60e77643 fmadd.s          f12, f14, f14, f12  f12=xxxxxxxx f14:c1e951b0 f14:c1e951b0 f12:4730d493
17319999ns          292823 1c008172 0045270b p.lw             x14, 4(x10!)        x14=42193f99 x10=10001f44 x10:10001f40  PA:10001f40
17320039ns          292825 1c008176 08d77753 fsub.s           f14, f14, f13       f14=xxxxxxxx f14:42193f99 f13:42bf4c01
17320059ns          292826 1c00817a 60e77643 fmadd.s          f12, f14, f14, f12  f12=xxxxxxxx f14:c2655869 f14:c2655869 f12:4734272a
17320079ns          292827 1c008172 0045270b p.lw             x14, 4(x10!)        x14=42a0ff20 x10=10001f48 x10:10001f44  PA:10001f44
17320118ns          292829 1c008176 08d77753 fsub.s           f14, f14, f13       f14=xxxxxxxx f14:42a0ff20 f13:42bf4c01
17320138ns          292830 1c00817a 60e77643 fmadd.s          f12, f14, f14, f12  f12=xxxxxxxx f14:c1726708 f14:c1726708 f12:4740fe9f
17320158ns          292831 1c008172 0045270b p.lw             x14, 4(x10!)        x14=42738410 x10=10001f4c x10:10001f48  PA:10001f48
17320198ns          292833 1c008176 08d77753 fsub.s           f14, f14, f13       f14=xxxxxxxx f14:42738410 f13:42bf4c01
17320218ns          292834 1c00817a 60e77643 fmadd.s          f12, f14, f14, f12  f12=xxxxxxxx f14:c20b13f2 f14:c20b13f2 f12:4741e426
17320238ns          292835 1c008172 0045270b p.lw             x14, 4(x10!)        x14=42c15dc1 x10=10001f50 x10:10001f4c  PA:10001f4c
17320278ns          292837 1c008176 08d77753 fsub.s           f14, f14, f13       f14=xxxxxxxx f14:42c15dc1 f13:42bf4c01
17320298ns          292838 1c00817a 60e77643 fmadd.s          f12, f14, f14, f12  f12=xxxxxxxx f14:3f847000 f14:3f847000 f12:47469d11
17320317ns          292839 1c008172 0045270b p.lw             x14, 4(x10!)        x14=42e49429 x10=10001f54 x10:10001f50  PA:10001f50
17320357ns          292841 1c008176 08d77753 fsub.s           f14, f14, f13       f14=xxxxxxxx f14:42e49429 f13:42bf4c01
17320377ns          292842 1c00817a 60e77643 fmadd.s          f12, f14, f14, f12  f12=xxxxxxxx f14:419520a0 f14:419520a0 f12:47469e23
17320397ns          292843 1c008172 0045270b p.lw             x14, 4(x10!)        x14=4275d9ce x10=10001f58 x10:10001f54  PA:10001f54
17320437ns          292845 1c008176 08d77753 fsub.s           f14, f14, f13       f14=xxxxxxxx f14:4275d9ce f13:42bf4c01
17320457ns          292846 1c00817a 60e77643 fmadd.s          f12, f14, f14, f12  f12=xxxxxxxx f14:c208be34 f14:c208be34 f12:4747f99f
17320477ns          292847 1c008172 0045270b p.lw             x14, 4(x10!)        x14=42e41f68 x10=10001f5c x10:10001f58  PA:10001f58
17320516ns          292849 1c008176 08d77753 fsub.s           f14, f14, f13       f14=xxxxxxxx f14:42e41f68 f13:42bf4c01
17320536ns          292850 1c00817a 60e77643 fmadd.s          f12, f14, f14, f12  f12=xxxxxxxx f14:41934d9c f14:41934d9c f12:474c8a49
17320556ns          292851 1c008172 0045270b p.lw             x14, 4(x10!)        x14=42d2bb64 x10=10001f60 x10:10001f5c  PA:10001f5c
17320596ns          292853 1c008176 08d77753 fsub.s           f14, f14, f13       f14=xxxxxxxx f14:42d2bb64 f13:42bf4c01
17320616ns          292854 1c00817a 60e77643 fmadd.s          f12, f14, f14, f12  f12=xxxxxxxx f14:411b7b18 f14:411b7b18 f12:474ddd52
17320636ns          292855 1c008172 0045270b p.lw             x14, 4(x10!)        x14=42f2bb16 x10=10001f64 x10:10001f60  PA:10001f60
17320675ns          292857 1c008176 08d77753 fsub.s           f14, f14, f13       f14=xxxxxxxx f14:42f2bb16 f13:42bf4c01
17320695ns          292858 1c00817a 60e77643 fmadd.s          f12, f14, f14, f12  f12=xxxxxxxx f14:41cdbc54 f14:41cdbc54 f12:474e3bc0
17320715ns          292859 1c008172 0045270b p.lw             x14, 4(x10!)        x14=421f1f3a x10=10001f68 x10:10001f64  PA:10001f64
17320755ns          292861 1c008176 08d77753 fsub.s           f14, f14, f13       f14=xxxxxxxx f14:421f1f3a f13:42bf4c01
17320775ns          292862 1c00817a 60e77643 fmadd.s          f12, f14, f14, f12  f12=xxxxxxxx f14:c25f78c8 f14:c25f78c8 f12:4750d11d
17320795ns          292863 1c008172 0045270b p.lw             x14, 4(x10!)        x14=42ee233a x10=10001f6c x10:10001f68  PA:10001f68
17320835ns          292865 1c008176 08d77753 fsub.s           f14, f14, f13       f14=xxxxxxxx f14:42ee233a f13:42bf4c01
17320854ns          292866 1c00817a 60e77643 fmadd.s          f12, f14, f14, f12  f12=xxxxxxxx f14:41bb5ce4 f14:41bb5ce4 f12:475d0257
17320874ns          292867 1c008172 0045270b p.lw             x14, 4(x10!)        x14=42671074 x10=10001f70 x10:10001f6c  PA:10001f6c
17320914ns          292869 1c008176 08d77753 fsub.s           f14, f14, f13       f14=xxxxxxxx f14:42671074 f13:42bf4c01
17320934ns          292870 1c00817a 60e77643 fmadd.s          f12, f14, f14, f12  f12=xxxxxxxx f14:c217878e f14:c217878e f12:475f26da
17320954ns          292871 1c008172 0045270b p.lw             x14, 4(x10!)        x14=42add473 x10=10001f74 x10:10001f70  PA:10001f70
17320994ns          292873 1c008176 08d77753 fsub.s           f14, f14, f13       f14=xxxxxxxx f14:42add473 f13:42bf4c01
17321014ns          292874 1c00817a 60e77643 fmadd.s          f12, f14, f14, f12  f12=xxxxxxxx f14:c10bbc70 f14:c10bbc70 f12:4764c1ed
17321033ns          292875 1c008172 0045270b p.lw             x14, 4(x10!)        x14=43041a6d x10=10001f78 x10:10001f74  PA:10001f74
17321073ns          292877 1c008176 08d77753 fsub.s           f14, f14, f13       f14=xxxxxxxx f14:43041a6d f13:42bf4c01
17321093ns          292878 1c00817a 60e77643 fmadd.s          f12, f14, f14, f12  f12=xxxxxxxx f14:4211d1b2 f14:4211d1b2 f12:47650e33
17321113ns          292879 1c008172 0045270b p.lw             x14, 4(x10!)        x14=42adc90d x10=10001f7c x10:10001f78  PA:10001f78
17321153ns          292881 1c008176 08d77753 fsub.s           f14, f14, f13       f14=xxxxxxxx f14:42adc90d f13:42bf4c01
17321173ns          292882 1c00817a 60e77643 fmadd.s          f12, f14, f14, f12  f12=xxxxxxxx f14:c10c17a0 f14:c10c17a0 f12:476a3f26
17321193ns          292883 1c008172 0045270b p.lw             x14, 4(x10!)        x14=42edc26c x10=10001f80 x10:10001f7c  PA:10001f7c
17321232ns          292885 1c008176 08d77753 fsub.s           f14, f14, f13       f14=xxxxxxxx f14:42edc26c f13:42bf4c01
17321252ns          292886 1c00817a 60e77643 fmadd.s          f12, f14, f14, f12  f12=xxxxxxxx f14:41b9d9ac f14:41b9d9ac f12:476a8bd0
17321272ns          292887 1c008172 0045270b p.lw             x14, 4(x10!)        x14=429efad2 x10=10001f84 x10:10001f80  PA:10001f80
17321312ns          292889 1c008176 08d77753 fsub.s           f14, f14, f13       f14=xxxxxxxx f14:429efad2 f13:42bf4c01
17321332ns          292890 1c00817a 60e77643 fmadd.s          f12, f14, f14, f12  f12=xxxxxxxx f14:c18144bc f14:c18144bc f12:476ca781
17321352ns          292891 1c008172 0045270b p.lw             x14, 4(x10!)        x14=429e2678 x10=10001f88 x10:10001f84  PA:10001f84
17321391ns          292893 1c008176 08d77753 fsub.s           f14, f14, f13       f14=xxxxxxxx f14:429e2678 f13:42bf4c01
17321411ns          292894 1c00817a 60e77643 fmadd.s          f12, f14, f14, f12  f12=xxxxxxxx f14:c1849624 f14:c1849624 f12:476dac9a
17321431ns          292895 1c008172 0045270b p.lw             x14, 4(x10!)        x14=428c0b83 x10=10001f8c x10:10001f88  PA:10001f88
17321471ns          292897 1c008176 08d77753 fsub.s           f14, f14, f13       f14=xxxxxxxx f14:428c0b83 f13:42bf4c01
17321491ns          292898 1c00817a 60e77643 fmadd.s          f12, f14, f14, f12  f12=xxxxxxxx f14:c1cd01f8 f14:c1cd01f8 f12:476ebf47
17321511ns          292899 1c008172 0045270b p.lw             x14, 4(x10!)        x14=426a9795 x10=10001f90 x10:10001f8c  PA:10001f8c
17321551ns          292901 1c008176 08d77753 fsub.s           f14, f14, f13       f14=xxxxxxxx f14:426a9795 f13:42bf4c01
17321571ns          292902 1c00817a 60e77643 fmadd.s          f12, f14, f14, f12  f12=xxxxxxxx f14:c214006d f14:c214006d f12:47714ff8
17321590ns          292903 1c008172 0045270b p.lw             x14, 4(x10!)        x14=430a2a9f x10=10001f94 x10:10001f90  PA:10001f90
17321630ns          292905 1c008176 08d77753 fsub.s           f14, f14, f13       f14=xxxxxxxx f14:430a2a9f f13:42bf4c01
17321650ns          292906 1c00817a 60e77643 fmadd.s          f12, f14, f14, f12  f12=xxxxxxxx f14:422a127a f14:422a127a f12:4776a900
17321670ns          292907 1c008172 0045270b p.lw             x14, 4(x10!)        x14=42b07037 x10=10001f98 x10:10001f94  PA:10001f94
17321710ns          292909 1c008176 08d77753 fsub.s           f14, f14, f13       f14=xxxxxxxx f14:42b07037 f13:42bf4c01
17321730ns          292910 1c00817a 60e77643 fmadd.s          f12, f14, f14, f12  f12=xxxxxxxx f14:c0edbca0 f14:c0edbca0 f12:477db8c9
17321750ns          292911 1c008172 0045270b p.lw             x14, 4(x10!)        x14=42f2fcab x10=10001f9c x10:10001f98  PA:10001f98
17321789ns          292913 1c008176 08d77753 fsub.s           f14, f14, f13       f14=xxxxxxxx f14:42f2fcab f13:42bf4c01
17321809ns          292914 1c00817a 60e77643 fmadd.s          f12, f14, f14, f12  f12=xxxxxxxx f14:41cec2a8 f14:41cec2a8 f12:477deffb
17321829ns          292915 1c008172 0045270b p.lw             x14, 4(x10!)        x14=42f67b4e x10=10001fa0 x10:10001f9c  PA:10001f9c
17321869ns          292917 1c008176 08d77753 fsub.s           f14, f14, f13       f14=xxxxxxxx f14:42f67b4e f13:42bf4c01
17321889ns          292918 1c00817a 60e77643 fmadd.s          f12, f14, f14, f12  f12=xxxxxxxx f14:41dcbd34 f14:41dcbd34 f12:478045f9
17321909ns          292919 1c008172 0045270b p.lw             x14, 4(x10!)        x14=42afef4e x10=10001fa4 x10:10001fa0  PA:10001fa0
17321948ns          292921 1c008176 08d77753 fsub.s           f14, f14, f13       f14=xxxxxxxx f14:42afef4e f13:42bf4c01
17321968ns          292922 1c00817a 60e77643 fmadd.s          f12, f14, f14, f12  f12=xxxxxxxx f14:c0f5cb30 f14:c0f5cb30 f12:4781c2a4
17321988ns          292923 1c008172 0045270b p.lw             x14, 4(x10!)        x14=42ca088a x10=10001fa8 x10:10001fa4  PA:10001fa4
17322028ns          292925 1c008176 08d77753 fsub.s           f14, f14, f13       f14=xxxxxxxx f14:42ca088a f13:42bf4c01
17322048ns          292926 1c00817a 60e77643 fmadd.s          f12, f14, f14, f12  f12=xxxxxxxx f14:40abc890 f14:40abc890 f12:4781e024
17322068ns          292927 1c008172 0045270b p.lw             x14, 4(x10!)        x14=42c9b44c x10=10001fac x10:10001fa8  PA:10001fa8
17322108ns          292929 1c008176 08d77753 fsub.s           f14, f14, f13       f14=xxxxxxxx f14:42c9b44c f13:42bf4c01
17322127ns          292930 1c00817a 60e77643 fmadd.s          f12, f14, f14, f12  f12=xxxxxxxx f14:40a684b0 f14:40a684b0 f12:4781ee8d
17322147ns          292931 1c008172 0045270b p.lw             x14, 4(x10!)        x14=42d99910 x10=10001fb0 x10:10001fac  PA:10001fac
17322187ns          292933 1c008176 08d77753 fsub.s           f14, f14, f13       f14=xxxxxxxx f14:42d99910 f13:42bf4c01
17322207ns          292934 1c00817a 60e77643 fmadd.s          f12, f14, f14, f12  f12=xxxxxxxx f14:41526878 f14:41526878 f12:4781fc17
17322227ns          292935 1c008172 0045270b p.lw             x14, 4(x10!)        x14=42e8d6f8 x10=10001fb4 x10:10001fb0  PA:10001fb0
17322267ns          292937 1c008176 08d77753 fsub.s           f14, f14, f13       f14=xxxxxxxx f14:42e8d6f8 f13:42bf4c01
17322287ns          292938 1c00817a 60e77643 fmadd.s          f12, f14, f14, f12  f12=xxxxxxxx f14:41a62bdc f14:41a62bdc f12:4782528f
17322306ns          292939 1c008172 0045270b p.lw             x14, 4(x10!)        x14=42b17683 x10=10001fb8 x10:10001fb4  PA:10001fb4
17322346ns          292941 1c008176 08d77753 fsub.s           f14, f14, f13       f14=xxxxxxxx f14:42b17683 f13:42bf4c01
17322366ns          292942 1c00817a 60e77643 fmadd.s          f12, f14, f14, f12  f12=xxxxxxxx f14:c0dd57e0 f14:c0dd57e0 f12:47832a49
17322386ns          292943 1c008172 0045270b p.lw             x14, 4(x10!)        x14=42abb60c x10=10001fbc x10:10001fb8  PA:10001fb8
17322426ns          292945 1c008176 08d77753 fsub.s           f14, f14, f13       f14=xxxxxxxx f14:42abb60c f13:42bf4c01
17322446ns          292946 1c00817a 60e77643 fmadd.s          f12, f14, f14, f12  f12=xxxxxxxx f14:c11cafa8 f14:c11cafa8 f12:47834235
17322466ns          292947 1c008172 0045270b p.lw             x14, 4(x10!)        x14=42f4c594 x10=10001fc0 x10:10001fbc  PA:10001fbc
17322505ns          292949 1c008176 08d77753 fsub.s           f14, f14, f13       f14=xxxxxxxx f14:42f4c594 f13:42bf4c01
17322525ns          292950 1c00817a 60e77643 fmadd.s          f12, f14, f14, f12  f12=xxxxxxxx f14:41d5e64c f14:41d5e64c f12:47837228
17322545ns          292951 1c008172 0045270b p.lw             x14, 4(x10!)        x14=42868a11 x10=10001fc4 x10:10001fc0  PA:10001fc0
17322585ns          292953 1c008176 08d77753 fsub.s           f14, f14, f13       f14=xxxxxxxx f14:42868a11 f13:42bf4c01
17322605ns          292954 1c00817a 60e77643 fmadd.s          f12, f14, f14, f12  f12=xxxxxxxx f14:c1e307c0 f14:c1e307c0 f12:4784d79a
17322625ns          292955 1c008172 0045270b p.lw             x14, 4(x10!)        x14=42b1547e x10=10001fc8 x10:10001fc4  PA:10001fc4
17322665ns          292957 1c008176 08d77753 fsub.s           f14, f14, f13       f14=xxxxxxxx f14:42b1547e f13:42bf4c01
17322684ns          292958 1c00817a 60e77643 fmadd.s          f12, f14, f14, f12  f12=xxxxxxxx f14:c0df7830 f14:c0df7830 f12:47866a47
17322704ns          292959 1c008172 0045270b p.lw             x14, 4(x10!)        x14=4296608c x10=10001fcc x10:10001fc8  PA:10001fc8
17322744ns          292961 1c008176 08d77753 fsub.s           f14, f14, f13       f14=xxxxxxxx f14:4296608c f13:42bf4c01
17322764ns          292962 1c00817a 60e77643 fmadd.s          f12, f14, f14, f12  f12=xxxxxxxx f14:c1a3add4 f14:c1a3add4 f12:478682a9
17322784ns          292963 1c008172 0045270b p.lw             x14, 4(x10!)        x14=4319a2f3 x10=10001fd0 x10:10001fcc  PA:10001fcc
17322824ns          292965 1c008176 08d77753 fsub.s           f14, f14, f13       f14=xxxxxxxx f14:4319a2f3 f13:42bf4c01
17322844ns          292966 1c00817a 60e77643 fmadd.s          f12, f14, f14, f12  f12=xxxxxxxx f14:4267f3ca f14:4267f3ca f12:478753f7
17322863ns          292967 1c008172 0045270b p.lw             x14, 4(x10!)        x14=42c6acf8 x10=10001fd4 x10:10001fd0  PA:10001fd0
17322903ns          292969 1c008176 08d77753 fsub.s           f14, f14, f13       f14=xxxxxxxx f14:42c6acf8 f13:42bf4c01
17322923ns          292970 1c00817a 60e77643 fmadd.s          f12, f14, f14, f12  f12=xxxxxxxx f14:406c1ee0 f14:406c1ee0 f12:478de546
17322943ns          292971 1c008172 0045270b p.lw             x14, 4(x10!)        x14=43056be6 x10=10001fd8 x10:10001fd4  PA:10001fd4
17322983ns          292973 1c008176 08d77753 fsub.s           f14, f14, f13       f14=xxxxxxxx f14:43056be6 f13:42bf4c01
17323003ns          292974 1c00817a 60e77643 fmadd.s          f12, f14, f14, f12  f12=xxxxxxxx f14:42171796 f14:42171796 f12:478dec14
17323023ns          292975 1c008172 0045270b p.lw             x14, 4(x10!)        x14=427ec9c8 x10=10001fdc x10:10001fd8  PA:10001fd8
17323062ns          292977 1c008176 08d77753 fsub.s           f14, f14, f13       f14=xxxxxxxx f14:427ec9c8 f13:42bf4c01
17323082ns          292978 1c00817a 60e77643 fmadd.s          f12, f14, f14, f12  f12=xxxxxxxx f14:c1ff9c74 f14:c1ff9c74 f12:4790b57b
17323102ns          292979 1c008172 0045270b p.lw             x14, 4(x10!)        x14=42fcff5e x10=10001fe0 x10:10001fdc  PA:10001fdc
17323142ns          292981 1c008176 08d77753 fsub.s           f14, f14, f13       f14=xxxxxxxx f14:42fcff5e f13:42bf4c01
17323162ns          292982 1c00817a 60e77643 fmadd.s          f12, f14, f14, f12  f12=xxxxxxxx f14:41f6cd74 f14:41f6cd74 f12:4792b3ed
17323182ns          292983 1c008172 0045270b p.lw             x14, 4(x10!)        x14=430176e5 x10=10001fe4 x10:10001fe0  PA:10001fe0
17323221ns          292985 1c008176 08d77753 fsub.s           f14, f14, f13       f14=xxxxxxxx f14:430176e5 f13:42bf4c01
17323241ns          292986 1c00817a 60e77643 fmadd.s          f12, f14, f14, f12  f12=xxxxxxxx f14:42074392 f14:42074392 f12:47948fcc
17323261ns          292987 1c008172 0045270b p.lw             x14, 4(x10!)        x14=42e80f93 x10=10001fe8 x10:10001fe4  PA:10001fe4
17323301ns          292989 1c008176 08d77753 fsub.s           f14, f14, f13       f14=xxxxxxxx f14:42e80f93 f13:42bf4c01
17323321ns          292990 1c00817a 60e77643 fmadd.s          f12, f14, f14, f12  f12=xxxxxxxx f14:41a30e48 f14:41a30e48 f12:4796cb8f
17323739ns          293011 1c00817e 1c0007b7 lui              x15, 0x1c000000     x15=1c000000
17323778ns          293013 1c008182 0f47a503 lw               x10, 244(x15)       x10=3c257eb5 x15:1c000000  PA:1c0000f4
17324276ns          293038 1c008186 10a67553 fmul.s           f10, f12, f10       f10=xxxxxxxx f12:47979b45 f10:3c257eb5
17324296ns          293039 1c00818a 00008067 jalr             x0, x1, 0            x1:1c008688
17324375ns          293043 1c008688 1c0105b7 lui              x11, 0x1c010000     x11=1c010000
17324415ns          293045 1c00868c 00449493 slli             x9, x9, 0x4          x9=00000030  x9:00000003
17324435ns          293046 1c00868e 00058593 addi             x11, x11, 0         x11=1c010000 x11:1c010000
17324455ns          293047 1c008692 00a12623 sw               x10, 12(x2)         x10:4444043a  x2:10001e48  PA:10001e54
17324475ns          293048 1c008694 009585b3 add              x11, x11, x9        x11=1c010030 x11:1c010000  x9:00000030
17324494ns          293049 1c008696 00810513 addi             x10, x2, 8          x10=10001e50  x2:10001e48
17324514ns          293050 1c008698 af5ff0ef jal              x1, -1292            x1=1c00869a
17324972ns          293073 1c00818c fe010113 addi             x2, x2, -32          x2=10001e28  x2:10001e48
17324992ns          293074 1c00818e 01212823 sw               x18, 16(x2)         x18:xxxxxxxx  x2:10001e28  PA:10001e38
17325012ns          293075 1c008190 01312623 sw               x19, 12(x2)         x19:xxxxxxxx  x2:10001e28  PA:10001e34
17325032ns          293076 1c008192 00052903 lw               x18, 0(x10)         x18=46157361 x10:10001e50  PA:10001e50
17325051ns          293077 1c008196 0005a983 lw               x19, 0(x11)         x19=461573c3 x11:1c010030  PA:1c010030
17325469ns          293098 1c00819a 00812c23 sw               x8, 24(x2)           x8:10001fe8  x2:10001e28  PA:10001e40
17325489ns          293099 1c00819c a13907d3 fle.s            x15, f18, f19       x15=00000001 f18:46157361 f19:461573c3
17325509ns          293100 1c0081a0 00912a23 sw               x9, 20(x2)           x9:00000030  x2:10001e28  PA:10001e3c
17325529ns          293101 1c0081a2 01412423 sw               x20, 8(x2)          x20:xxxxxxxx  x2:10001e28  PA:10001e30
17325549ns          293102 1c0081a4 00112e23 sw               x1, 28(x2)           x1:1c00869a  x2:10001e28  PA:10001e44
17325569ns          293103 1c0081a6 01512223 sw               x21, 4(x2)          x21:xxxxxxxx  x2:10001e28  PA:10001e2c
17325588ns          293104 1c0081a8 00b00433 add              x8, x0, x11          x8=1c010030 x11:1c010030
17325608ns          293105 1c0081aa 00a00a33 add              x20, x0, x10        x20=10001e50 x10:10001e50
17325628ns          293106 1c0081ac 0045a483 lw               x9, 4(x11)           x9=461572ff x11:1c010030  PA:1c010034
17326046ns          293127 1c0081ae 18078663 beq              x15, x0, 396        x15:00000001
17326066ns          293128 1c0081b2 a12487d3 fle.s            x15, f9, f18        x15=00000001  f9:461572ff f18:46157361
17326086ns          293129 1c0081b6 00100513 addi             x10, x0, 1          x10=00000001
17326106ns          293130 1c0081b8 18078163 beq              x15, x0, 386        x15:00000001
17326125ns          293131 1c0081bc 00842903 lw               x18, 8(x8)          x18=444404ba  x8:1c010030  PA:1c010038
17326563ns          293153 1c0081c0 004a2483 lw               x9, 4(x20)           x9=4444043a x20:10001e50  PA:10001e54
17326583ns          293154 1c0081c4 00c42403 lw               x8, 12(x8)           x8=444403ba  x8:1c010030  PA:1c01003c
17326881ns          293169 1c0081c6 a12487d3 fle.s            x15, f9, f18        x15=00000001  f9:4444043a f18:444404ba
17326901ns          293170 1c0081ca 00078563 beq              x15, x0, 10         x15:00000001
17326921ns          293171 1c0081cc a09407d3 fle.s            x15, f8, f9         x15=00000001  f8:444403ba  f9:4444043a
17327080ns          293179 1c0081d0 14079c63 bne              x15, x0, 344        x15:00000001
17327558ns          293203 1c008328 01c12083 lw               x1, 28(x2)           x1=1c00869a  x2:10001e28  PA:10001e44
17327578ns          293204 1c00832a 01812403 lw               x8, 24(x2)           x8=10001fe8  x2:10001e28  PA:10001e40
17327597ns          293205 1c00832c 01412483 lw               x9, 20(x2)           x9=00000030  x2:10001e28  PA:10001e3c
17327617ns          293206 1c00832e 01012903 lw               x18, 16(x2)         x18=xxxxxxxx  x2:10001e28  PA:10001e38
17328035ns          293227 1c008330 00c12983 lw               x19, 12(x2)         x19=xxxxxxxx  x2:10001e28  PA:10001e34
17328055ns          293228 1c008332 00812a03 lw               x20, 8(x2)          x20=xxxxxxxx  x2:10001e28  PA:10001e30
17328075ns          293229 1c008334 00412a83 lw               x21, 4(x2)          x21=xxxxxxxx  x2:10001e28  PA:10001e2c
17328095ns          293230 1c008336 02010113 addi             x2, x2, 32           x2=10001e48  x2:10001e28
17328115ns          293231 1c008338 00008067 jalr             x0, x1, 0            x1:1c00869a
17328612ns          293256 1c00869a 00a00433 add              x8, x0, x10          x8=00000001 x10:00000001
17328632ns          293257 1c00869c f14027f3 csrrs            x15, x0, 0xf14      x15=00000003
17328652ns          293258 1c0086a0 f457b5b3 p.bclr           x11, x15, 26, 5     x11=00000003 x15:00000003
17328672ns          293259 1c0086a4 04050063 beq              x10, x0, 64         x10:00000001
17328691ns          293260 1c0086a6 1c000537 lui              x10, 0x1c000000     x10=1c000000
17328711ns          293261 1c0086aa 0b450513 addi             x10, x10, 180       x10=1c0000b4 x10:1c000000
17328731ns          293262 1c0086ae 636000ef jal              x1, 1590             x1=1c0086b0
17329228ns          293287 1c008ce4 fc010113 addi             x2, x2, -64          x2=10001e08  x2:10001e48
17329268ns          293289 1c008ce6 02410313 addi             x6, x2, 36           x6=10001e2c  x2:10001e08
17329288ns          293290 1c008cea 02c12423 sw               x12, 40(x2)         x12:47979b45  x2:10001e08  PA:10001e30
17329308ns          293291 1c008cec 00a00633 add              x12, x0, x10        x12=1c0000b4 x10:1c0000b4
17329348ns          293293 1c008cee 1c009537 lui              x10, 0x1c009000     x10=1c009000
17329368ns          293294 1c008cf2 02b12223 sw               x11, 36(x2)         x11:00000003  x2:10001e08  PA:10001e2c
17329388ns          293295 1c008cf4 02d12623 sw               x13, 44(x2)         x13:42bf4c01  x2:10001e08  PA:10001e34
17329407ns          293296 1c008cf6 00200593 addi             x11, x0, 2          x11=00000002
17329427ns          293297 1c008cf8 006006b3 add              x13, x0, x6         x13=10001e2c  x6:10001e2c
17329447ns          293298 1c008cfa c7850513 addi             x10, x10, -904      x10=1c008c78 x10:1c009000
17329467ns          293299 1c008cfe 00112e23 sw               x1, 28(x2)           x1:1c0086b0  x2:10001e08  PA:10001e24
17329487ns          293300 1c008d00 02e12823 sw               x14, 48(x2)         x14:41a30e48  x2:10001e08  PA:10001e38
17329507ns          293301 1c008d02 02f12a23 sw               x15, 52(x2)         x15:00000003  x2:10001e08  PA:10001e3c
17329527ns          293302 1c008d04 03012c23 sw               x16, 56(x2)         x16:xxxxxxxx  x2:10001e08  PA:10001e40
17329547ns          293303 1c008d06 03112e23 sw               x17, 60(x2)         x17:xxxxxxxx  x2:10001e08  PA:10001e44
17329567ns          293304 1c008d08 00612623 sw               x6, 12(x2)           x6:10001e2c  x2:10001e08  PA:10001e14
17329586ns          293305 1c008d0a fbfff0ef jal              x1, -66              x1=1c008d0c
17329666ns          293309 1c008cc8 04a0006f jal              x0, 74             
17329706ns          293311 1c008d12 ed010113 addi             x2, x2, -304         x2=10001cd8  x2:10001e08
17329726ns          293312 1c008d14 12812423 sw               x8, 296(x2)          x8:00000001  x2:10001cd8  PA:10001e00
17329746ns          293313 1c008d18 00000413 addi             x8, x0, 0            x8=00000000
17329766ns          293314 1c008d1a 11612823 sw               x22, 272(x2)        x22:xxxxxxxx  x2:10001cd8  PA:10001de8
17329825ns          293317 1c008d1e 11712623 sw               x23, 268(x2)        x23:xxxxxxxx  x2:10001cd8  PA:10001de4
17329865ns          293319 1c008d22 11812423 sw               x24, 264(x2)        x24:xxxxxxxx  x2:10001cd8  PA:10001de0
17329885ns          293320 1c008d26 11912223 sw               x25, 260(x2)        x25:xxxxxxxx  x2:10001cd8  PA:10001ddc
17329905ns          293321 1c008d2a 11a12023 sw               x26, 256(x2)        x26:xxxxxxxx  x2:10001cd8  PA:10001dd8
17329925ns          293322 1c008d2e 0fb12e23 sw               x27, 252(x2)        x27:xxxxxxxx  x2:10001cd8  PA:10001dd4
17329964ns          293324 1c008d30 12112623 sw               x1, 300(x2)          x1:1c008d0c  x2:10001cd8  PA:10001e04
17330004ns          293326 1c008d34 00800db3 add              x27, x0, x8         x27=00000000  x8:00000000
17330024ns          293327 1c008d36 12912223 sw               x9, 292(x2)          x9:00000030  x2:10001cd8  PA:10001dfc
17330044ns          293328 1c008d3a 13212023 sw               x18, 288(x2)        x18:xxxxxxxx  x2:10001cd8  PA:10001df8
17330104ns          293331 1c008d3e 11312e23 sw               x19, 284(x2)        x19:xxxxxxxx  x2:10001cd8  PA:10001df4
17330143ns          293333 1c008d42 11412c23 sw               x20, 280(x2)        x20:xxxxxxxx  x2:10001cd8  PA:10001df0
17330163ns          293334 1c008d46 11512a23 sw               x21, 276(x2)        x21:xxxxxxxx  x2:10001cd8  PA:10001dec
17330183ns          293335 1c008d4a 00a00b33 add              x22, x0, x10        x22=1c008c78 x10:1c008c78
17330203ns          293336 1c008d4c 00b00d33 add              x26, x0, x11        x26=00000002 x11:00000002
17330223ns          293337 1c008d4e 00d00c33 add              x24, x0, x13        x24=10001e2c x13:10001e2c
17330243ns          293338 1c008d50 1c000bb7 lui              x23, 0x1c000000     x23=1c000000
17330263ns          293339 1c008d54 02410c93 addi             x25, x2, 36         x25=10001cfc  x2:10001cd8
17330283ns          293340 1c008d58 00c00433 add              x8, x0, x12          x8=1c0000b4 x12:1c0000b4
17330303ns          293341 1c008d5a 00044503 lbu              x10, 0(x8)          x10=0000006b  x8:1c0000b4  PA:1c0000b4
17330621ns          293357 1c008d5e 00140413 addi             x8, x8, 1            x8=1c0000b5  x8:1c0000b4
17330641ns          293358 1c008d60 00050e63 beq              x10, x0, 28         x10:0000006b
17330661ns          293359 1c008d62 02500793 addi             x15, x0, 37         x15=00000025
17330680ns          293360 1c008d66 04f50863 beq              x10, x15, 80        x10:0000006b x15:00000025
17330700ns          293361 1c008d6a 01a005b3 add              x11, x0, x26        x11=00000002 x26:00000002
17330720ns          293362 1c008d6c 000b00e7 jalr             x1, x22, 0           x1=1c008d6e x22:1c008c78
17330840ns          293368 1c008c78 000026b7 lui              x13, 0x2000         x13=00002000
17330879ns          293370 1c008c7a f14027f3 csrrs            x15, x0, 0xf14      x15=00000003
17330899ns          293371 1c008c7e f8068693 addi             x13, x13, -128      x13=00001f80 x13:00002000
17330919ns          293372 1c008c82 00379713 slli             x14, x15, 0x3       x14=00000018 x15:00000003
17330939ns          293373 1c008c86 00279793 slli             x15, x15, 0x2       x15=0000000c x15:00000003
17330959ns          293374 1c008c88 00d7f7b3 and              x15, x15, x13       x15=00000000 x15:0000000c x13:00001f80
17330979ns          293375 1c008c8a ee873733 p.bclr           x14, x14, 23, 8     x14=00000018 x14:00000018
17331019ns          293377 1c008c8e 1a10f6b7 lui              x13, 0x1a10f000     x13=1a10f000
17331058ns          293379 1c008c92 0ff57513 andi             x10, x10, 255       x10=0000006b x10:0000006b
17331078ns          293380 1c008c96 00d70733 add              x14, x14, x13       x14=1a10f018 x14:00000018 x13:1a10f000
17331098ns          293381 1c008c98 00a7e723 p.sw             x10, x0(x15)        x10:0000006b x15:00000000  PA:1a10f018
17331456ns          293399 1c008c9c 00000513 addi             x10, x0, 0          x10=00000000
17331476ns          293400 1c008c9e 00008067 jalr             x0, x1, 0            x1:1c008d6e
17331536ns          293403 1c008d6e 31f52563 p.beqimm         x10, 778            x10:00000000
17331556ns          293404 1c008d72 001d8d93 addi             x27, x27, 1         x27=00000001 x27:00000000
17331576ns          293405 1c008d74 00044503 lbu              x10, 0(x8)          x10=00000065  x8:1c0000b5  PA:1c0000b5
17331874ns          293420 1c008d78 00140413 addi             x8, x8, 1            x8=1c0000b6  x8:1c0000b5
17331894ns          293421 1c008d7a fe0514e3 bne              x10, x0, -24        x10:00000065
17331973ns          293425 1c008d62 02500793 addi             x15, x0, 37         x15=00000025
17331993ns          293426 1c008d66 04f50863 beq              x10, x15, 80        x10:00000065 x15:00000025
17332013ns          293427 1c008d6a 01a005b3 add              x11, x0, x26        x11=00000002 x26:00000002
17332033ns          293428 1c008d6c 000b00e7 jalr             x1, x22, 0           x1=1c008d6e x22:1c008c78
17332073ns          293430 1c008c78 000026b7 lui              x13, 0x2000         x13=00002000
17332093ns          293431 1c008c7a f14027f3 csrrs            x15, x0, 0xf14      x15=00000003
17332152ns          293434 1c008c7e f8068693 addi             x13, x13, -128      x13=00001f80 x13:00002000
17332192ns          293436 1c008c82 00379713 slli             x14, x15, 0x3       x14=00000018 x15:00000003
17332212ns          293437 1c008c86 00279793 slli             x15, x15, 0x2       x15=0000000c x15:00000003
17332232ns          293438 1c008c88 00d7f7b3 and              x15, x15, x13       x15=00000000 x15:0000000c x13:00001f80
17332252ns          293439 1c008c8a ee873733 p.bclr           x14, x14, 23, 8     x14=00000018 x14:00000018
17332272ns          293440 1c008c8e 1a10f6b7 lui              x13, 0x1a10f000     x13=1a10f000
17332292ns          293441 1c008c92 0ff57513 andi             x10, x10, 255       x10=00000065 x10:00000065
17332312ns          293442 1c008c96 00d70733 add              x14, x14, x13       x14=1a10f018 x14:00000018 x13:1a10f000
17332331ns          293443 1c008c98 00a7e723 p.sw             x10, x0(x15)        x10:00000065 x15:00000000  PA:1a10f018
17332650ns          293459 1c008c9c 00000513 addi             x10, x0, 0          x10=00000000
17332670ns          293460 1c008c9e 00008067 jalr             x0, x1, 0            x1:1c008d6e
17332729ns          293463 1c008d6e 31f52563 p.beqimm         x10, 778            x10:00000000
17332749ns          293464 1c008d72 001d8d93 addi             x27, x27, 1         x27=00000002 x27:00000001
17332769ns          293465 1c008d74 00044503 lbu              x10, 0(x8)          x10=00000072  x8:1c0000b6  PA:1c0000b6
17333067ns          293480 1c008d78 00140413 addi             x8, x8, 1            x8=1c0000b7  x8:1c0000b6
17333087ns          293481 1c008d7a fe0514e3 bne              x10, x0, -24        x10:00000072
17333167ns          293485 1c008d62 02500793 addi             x15, x0, 37         x15=00000025
17333187ns          293486 1c008d66 04f50863 beq              x10, x15, 80        x10:00000072 x15:00000025
17333207ns          293487 1c008d6a 01a005b3 add              x11, x0, x26        x11=00000002 x26:00000002
17333226ns          293488 1c008d6c 000b00e7 jalr             x1, x22, 0           x1=1c008d6e x22:1c008c78
17333266ns          293490 1c008c78 000026b7 lui              x13, 0x2000         x13=00002000
17333286ns          293491 1c008c7a f14027f3 csrrs            x15, x0, 0xf14      x15=00000003
17333306ns          293492 1c008c7e f8068693 addi             x13, x13, -128      x13=00001f80 x13:00002000
17333326ns          293493 1c008c82 00379713 slli             x14, x15, 0x3       x14=00000018 x15:00000003
17333346ns          293494 1c008c86 00279793 slli             x15, x15, 0x2       x15=0000000c x15:00000003
17333366ns          293495 1c008c88 00d7f7b3 and              x15, x15, x13       x15=00000000 x15:0000000c x13:00001f80
17333386ns          293496 1c008c8a ee873733 p.bclr           x14, x14, 23, 8     x14=00000018 x14:00000018
17333406ns          293497 1c008c8e 1a10f6b7 lui              x13, 0x1a10f000     x13=1a10f000
17333425ns          293498 1c008c92 0ff57513 andi             x10, x10, 255       x10=00000072 x10:00000072
17333445ns          293499 1c008c96 00d70733 add              x14, x14, x13       x14=1a10f018 x14:00000018 x13:1a10f000
17333465ns          293500 1c008c98 00a7e723 p.sw             x10, x0(x15)        x10:00000072 x15:00000000  PA:1a10f018
17333803ns          293517 1c008c9c 00000513 addi             x10, x0, 0          x10=00000000
17333823ns          293518 1c008c9e 00008067 jalr             x0, x1, 0            x1:1c008d6e
17333883ns          293521 1c008d6e 31f52563 p.beqimm         x10, 778            x10:00000000
17333903ns          293522 1c008d72 001d8d93 addi             x27, x27, 1         x27=00000003 x27:00000002
17333923ns          293523 1c008d74 00044503 lbu              x10, 0(x8)          x10=0000006e  x8:1c0000b7  PA:1c0000b7
17334221ns          293538 1c008d78 00140413 addi             x8, x8, 1            x8=1c0000b8  x8:1c0000b7
17334241ns          293539 1c008d7a fe0514e3 bne              x10, x0, -24        x10:0000006e
17334320ns          293543 1c008d62 02500793 addi             x15, x0, 37         x15=00000025
17334340ns          293544 1c008d66 04f50863 beq              x10, x15, 80        x10:0000006e x15:00000025
17334360ns          293545 1c008d6a 01a005b3 add              x11, x0, x26        x11=00000002 x26:00000002
17334380ns          293546 1c008d6c 000b00e7 jalr             x1, x22, 0           x1=1c008d6e x22:1c008c78
17334420ns          293548 1c008c78 000026b7 lui              x13, 0x2000         x13=00002000
17334440ns          293549 1c008c7a f14027f3 csrrs            x15, x0, 0xf14      x15=00000003
17334460ns          293550 1c008c7e f8068693 addi             x13, x13, -128      x13=00001f80 x13:00002000
17334480ns          293551 1c008c82 00379713 slli             x14, x15, 0x3       x14=00000018 x15:00000003
17334500ns          293552 1c008c86 00279793 slli             x15, x15, 0x2       x15=0000000c x15:00000003
17334519ns          293553 1c008c88 00d7f7b3 and              x15, x15, x13       x15=00000000 x15:0000000c x13:00001f80
17334539ns          293554 1c008c8a ee873733 p.bclr           x14, x14, 23, 8     x14=00000018 x14:00000018
17334559ns          293555 1c008c8e 1a10f6b7 lui              x13, 0x1a10f000     x13=1a10f000
17334579ns          293556 1c008c92 0ff57513 andi             x10, x10, 255       x10=0000006e x10:0000006e
17334599ns          293557 1c008c96 00d70733 add              x14, x14, x13       x14=1a10f018 x14:00000018 x13:1a10f000
17334619ns          293558 1c008c98 00a7e723 p.sw             x10, x0(x15)        x10:0000006e x15:00000000  PA:1a10f018
17334957ns          293575 1c008c9c 00000513 addi             x10, x0, 0          x10=00000000
17334977ns          293576 1c008c9e 00008067 jalr             x0, x1, 0            x1:1c008d6e
17335037ns          293579 1c008d6e 31f52563 p.beqimm         x10, 778            x10:00000000
17335056ns          293580 1c008d72 001d8d93 addi             x27, x27, 1         x27=00000004 x27:00000003
17335076ns          293581 1c008d74 00044503 lbu              x10, 0(x8)          x10=00000065  x8:1c0000b8  PA:1c0000b8
17335454ns          293600 1c008d78 00140413 addi             x8, x8, 1            x8=1c0000b9  x8:1c0000b8
17335474ns          293601 1c008d7a fe0514e3 bne              x10, x0, -24        x10:00000065
17335554ns          293605 1c008d62 02500793 addi             x15, x0, 37         x15=00000025
17335574ns          293606 1c008d66 04f50863 beq              x10, x15, 80        x10:00000065 x15:00000025
17335593ns          293607 1c008d6a 01a005b3 add              x11, x0, x26        x11=00000002 x26:00000002
17335613ns          293608 1c008d6c 000b00e7 jalr             x1, x22, 0           x1=1c008d6e x22:1c008c78
17335653ns          293610 1c008c78 000026b7 lui              x13, 0x2000         x13=00002000
17335673ns          293611 1c008c7a f14027f3 csrrs            x15, x0, 0xf14      x15=00000003
17335693ns          293612 1c008c7e f8068693 addi             x13, x13, -128      x13=00001f80 x13:00002000
17335713ns          293613 1c008c82 00379713 slli             x14, x15, 0x3       x14=00000018 x15:00000003
17335733ns          293614 1c008c86 00279793 slli             x15, x15, 0x2       x15=0000000c x15:00000003
17335753ns          293615 1c008c88 00d7f7b3 and              x15, x15, x13       x15=00000000 x15:0000000c x13:00001f80
17335773ns          293616 1c008c8a ee873733 p.bclr           x14, x14, 23, 8     x14=00000018 x14:00000018
17335792ns          293617 1c008c8e 1a10f6b7 lui              x13, 0x1a10f000     x13=1a10f000
17335812ns          293618 1c008c92 0ff57513 andi             x10, x10, 255       x10=00000065 x10:00000065
17335832ns          293619 1c008c96 00d70733 add              x14, x14, x13       x14=1a10f018 x14:00000018 x13:1a10f000
17335852ns          293620 1c008c98 00a7e723 p.sw             x10, x0(x15)        x10:00000065 x15:00000000  PA:1a10f018
17336230ns          293639 1c008c9c 00000513 addi             x10, x0, 0          x10=00000000
17336250ns          293640 1c008c9e 00008067 jalr             x0, x1, 0            x1:1c008d6e
17336310ns          293643 1c008d6e 31f52563 p.beqimm         x10, 778            x10:00000000
17336329ns          293644 1c008d72 001d8d93 addi             x27, x27, 1         x27=00000005 x27:00000004
17336349ns          293645 1c008d74 00044503 lbu              x10, 0(x8)          x10=0000006c  x8:1c0000b9  PA:1c0000b9
17336648ns          293660 1c008d78 00140413 addi             x8, x8, 1            x8=1c0000ba  x8:1c0000b9
17336668ns          293661 1c008d7a fe0514e3 bne              x10, x0, -24        x10:0000006c
17336747ns          293665 1c008d62 02500793 addi             x15, x0, 37         x15=00000025
17336767ns          293666 1c008d66 04f50863 beq              x10, x15, 80        x10:0000006c x15:00000025
17336787ns          293667 1c008d6a 01a005b3 add              x11, x0, x26        x11=00000002 x26:00000002
17336807ns          293668 1c008d6c 000b00e7 jalr             x1, x22, 0           x1=1c008d6e x22:1c008c78
17336847ns          293670 1c008c78 000026b7 lui              x13, 0x2000         x13=00002000
17336867ns          293671 1c008c7a f14027f3 csrrs            x15, x0, 0xf14      x15=00000003
17336886ns          293672 1c008c7e f8068693 addi             x13, x13, -128      x13=00001f80 x13:00002000
17336906ns          293673 1c008c82 00379713 slli             x14, x15, 0x3       x14=00000018 x15:00000003
17336926ns          293674 1c008c86 00279793 slli             x15, x15, 0x2       x15=0000000c x15:00000003
17336946ns          293675 1c008c88 00d7f7b3 and              x15, x15, x13       x15=00000000 x15:0000000c x13:00001f80
17336966ns          293676 1c008c8a ee873733 p.bclr           x14, x14, 23, 8     x14=00000018 x14:00000018
17336986ns          293677 1c008c8e 1a10f6b7 lui              x13, 0x1a10f000     x13=1a10f000
17337006ns          293678 1c008c92 0ff57513 andi             x10, x10, 255       x10=0000006c x10:0000006c
17337026ns          293679 1c008c96 00d70733 add              x14, x14, x13       x14=1a10f018 x14:00000018 x13:1a10f000
17337046ns          293680 1c008c98 00a7e723 p.sw             x10, x0(x15)        x10:0000006c x15:00000000  PA:1a10f018
17337364ns          293696 1c008c9c 00000513 addi             x10, x0, 0          x10=00000000
17337384ns          293697 1c008c9e 00008067 jalr             x0, x1, 0            x1:1c008d6e
17337443ns          293700 1c008d6e 31f52563 p.beqimm         x10, 778            x10:00000000
17337463ns          293701 1c008d72 001d8d93 addi             x27, x27, 1         x27=00000006 x27:00000005
17337483ns          293702 1c008d74 00044503 lbu              x10, 0(x8)          x10=00000020  x8:1c0000ba  PA:1c0000ba
17337801ns          293718 1c008d78 00140413 addi             x8, x8, 1            x8=1c0000bb  x8:1c0000ba
17337821ns          293719 1c008d7a fe0514e3 bne              x10, x0, -24        x10:00000020
17337901ns          293723 1c008d62 02500793 addi             x15, x0, 37         x15=00000025
17337921ns          293724 1c008d66 04f50863 beq              x10, x15, 80        x10:00000020 x15:00000025
17337941ns          293725 1c008d6a 01a005b3 add              x11, x0, x26        x11=00000002 x26:00000002
17337960ns          293726 1c008d6c 000b00e7 jalr             x1, x22, 0           x1=1c008d6e x22:1c008c78
17338000ns          293728 1c008c78 000026b7 lui              x13, 0x2000         x13=00002000
17338020ns          293729 1c008c7a f14027f3 csrrs            x15, x0, 0xf14      x15=00000003
17338040ns          293730 1c008c7e f8068693 addi             x13, x13, -128      x13=00001f80 x13:00002000
17338060ns          293731 1c008c82 00379713 slli             x14, x15, 0x3       x14=00000018 x15:00000003
17338080ns          293732 1c008c86 00279793 slli             x15, x15, 0x2       x15=0000000c x15:00000003
17338100ns          293733 1c008c88 00d7f7b3 and              x15, x15, x13       x15=00000000 x15:0000000c x13:00001f80
17338120ns          293734 1c008c8a ee873733 p.bclr           x14, x14, 23, 8     x14=00000018 x14:00000018
17338140ns          293735 1c008c8e 1a10f6b7 lui              x13, 0x1a10f000     x13=1a10f000
17338159ns          293736 1c008c92 0ff57513 andi             x10, x10, 255       x10=00000020 x10:00000020
17338179ns          293737 1c008c96 00d70733 add              x14, x14, x13       x14=1a10f018 x14:00000018 x13:1a10f000
17338199ns          293738 1c008c98 00a7e723 p.sw             x10, x0(x15)        x10:00000020 x15:00000000  PA:1a10f018
17338517ns          293754 1c008c9c 00000513 addi             x10, x0, 0          x10=00000000
17338537ns          293755 1c008c9e 00008067 jalr             x0, x1, 0            x1:1c008d6e
17338597ns          293758 1c008d6e 31f52563 p.beqimm         x10, 778            x10:00000000
17338617ns          293759 1c008d72 001d8d93 addi             x27, x27, 1         x27=00000007 x27:00000006
17338637ns          293760 1c008d74 00044503 lbu              x10, 0(x8)          x10=00000070  x8:1c0000bb  PA:1c0000bb
17338935ns          293775 1c008d78 00140413 addi             x8, x8, 1            x8=1c0000bc  x8:1c0000bb
17338955ns          293776 1c008d7a fe0514e3 bne              x10, x0, -24        x10:00000070
17339035ns          293780 1c008d62 02500793 addi             x15, x0, 37         x15=00000025
17339054ns          293781 1c008d66 04f50863 beq              x10, x15, 80        x10:00000070 x15:00000025
17339074ns          293782 1c008d6a 01a005b3 add              x11, x0, x26        x11=00000002 x26:00000002
17339094ns          293783 1c008d6c 000b00e7 jalr             x1, x22, 0           x1=1c008d6e x22:1c008c78
17339134ns          293785 1c008c78 000026b7 lui              x13, 0x2000         x13=00002000
17339154ns          293786 1c008c7a f14027f3 csrrs            x15, x0, 0xf14      x15=00000003
17339174ns          293787 1c008c7e f8068693 addi             x13, x13, -128      x13=00001f80 x13:00002000
17339194ns          293788 1c008c82 00379713 slli             x14, x15, 0x3       x14=00000018 x15:00000003
17339214ns          293789 1c008c86 00279793 slli             x15, x15, 0x2       x15=0000000c x15:00000003
17339234ns          293790 1c008c88 00d7f7b3 and              x15, x15, x13       x15=00000000 x15:0000000c x13:00001f80
17339253ns          293791 1c008c8a ee873733 p.bclr           x14, x14, 23, 8     x14=00000018 x14:00000018
17339273ns          293792 1c008c8e 1a10f6b7 lui              x13, 0x1a10f000     x13=1a10f000
17339293ns          293793 1c008c92 0ff57513 andi             x10, x10, 255       x10=00000070 x10:00000070
17339313ns          293794 1c008c96 00d70733 add              x14, x14, x13       x14=1a10f018 x14:00000018 x13:1a10f000
17339333ns          293795 1c008c98 00a7e723 p.sw             x10, x0(x15)        x10:00000070 x15:00000000  PA:1a10f018
17339651ns          293811 1c008c9c 00000513 addi             x10, x0, 0          x10=00000000
17339671ns          293812 1c008c9e 00008067 jalr             x0, x1, 0            x1:1c008d6e
17339731ns          293815 1c008d6e 31f52563 p.beqimm         x10, 778            x10:00000000
17339751ns          293816 1c008d72 001d8d93 addi             x27, x27, 1         x27=00000008 x27:00000007
17339771ns          293817 1c008d74 00044503 lbu              x10, 0(x8)          x10=00000061  x8:1c0000bc  PA:1c0000bc
17340069ns          293832 1c008d78 00140413 addi             x8, x8, 1            x8=1c0000bd  x8:1c0000bc
17340089ns          293833 1c008d7a fe0514e3 bne              x10, x0, -24        x10:00000061
17340168ns          293837 1c008d62 02500793 addi             x15, x0, 37         x15=00000025
17340188ns          293838 1c008d66 04f50863 beq              x10, x15, 80        x10:00000061 x15:00000025
17340208ns          293839 1c008d6a 01a005b3 add              x11, x0, x26        x11=00000002 x26:00000002
17340228ns          293840 1c008d6c 000b00e7 jalr             x1, x22, 0           x1=1c008d6e x22:1c008c78
17340268ns          293842 1c008c78 000026b7 lui              x13, 0x2000         x13=00002000
17340288ns          293843 1c008c7a f14027f3 csrrs            x15, x0, 0xf14      x15=00000003
17340308ns          293844 1c008c7e f8068693 addi             x13, x13, -128      x13=00001f80 x13:00002000
17340327ns          293845 1c008c82 00379713 slli             x14, x15, 0x3       x14=00000018 x15:00000003
17340347ns          293846 1c008c86 00279793 slli             x15, x15, 0x2       x15=0000000c x15:00000003
17340367ns          293847 1c008c88 00d7f7b3 and              x15, x15, x13       x15=00000000 x15:0000000c x13:00001f80
17340387ns          293848 1c008c8a ee873733 p.bclr           x14, x14, 23, 8     x14=00000018 x14:00000018
17340407ns          293849 1c008c8e 1a10f6b7 lui              x13, 0x1a10f000     x13=1a10f000
17340427ns          293850 1c008c92 0ff57513 andi             x10, x10, 255       x10=00000061 x10:00000061
17340447ns          293851 1c008c96 00d70733 add              x14, x14, x13       x14=1a10f018 x14:00000018 x13:1a10f000
17340467ns          293852 1c008c98 00a7e723 p.sw             x10, x0(x15)        x10:00000061 x15:00000000  PA:1a10f018
17340805ns          293869 1c008c9c 00000513 addi             x10, x0, 0          x10=00000000
17340825ns          293870 1c008c9e 00008067 jalr             x0, x1, 0            x1:1c008d6e
17340884ns          293873 1c008d6e 31f52563 p.beqimm         x10, 778            x10:00000000
17340904ns          293874 1c008d72 001d8d93 addi             x27, x27, 1         x27=00000009 x27:00000008
17340924ns          293875 1c008d74 00044503 lbu              x10, 0(x8)          x10=00000073  x8:1c0000bd  PA:1c0000bd
17341223ns          293890 1c008d78 00140413 addi             x8, x8, 1            x8=1c0000be  x8:1c0000bd
17341242ns          293891 1c008d7a fe0514e3 bne              x10, x0, -24        x10:00000073
17341322ns          293895 1c008d62 02500793 addi             x15, x0, 37         x15=00000025
17341342ns          293896 1c008d66 04f50863 beq              x10, x15, 80        x10:00000073 x15:00000025
17341362ns          293897 1c008d6a 01a005b3 add              x11, x0, x26        x11=00000002 x26:00000002
17341382ns          293898 1c008d6c 000b00e7 jalr             x1, x22, 0           x1=1c008d6e x22:1c008c78
17341421ns          293900 1c008c78 000026b7 lui              x13, 0x2000         x13=00002000
17341441ns          293901 1c008c7a f14027f3 csrrs            x15, x0, 0xf14      x15=00000003
17341461ns          293902 1c008c7e f8068693 addi             x13, x13, -128      x13=00001f80 x13:00002000
17341481ns          293903 1c008c82 00379713 slli             x14, x15, 0x3       x14=00000018 x15:00000003
17341501ns          293904 1c008c86 00279793 slli             x15, x15, 0x2       x15=0000000c x15:00000003
17341521ns          293905 1c008c88 00d7f7b3 and              x15, x15, x13       x15=00000000 x15:0000000c x13:00001f80
17341541ns          293906 1c008c8a ee873733 p.bclr           x14, x14, 23, 8     x14=00000018 x14:00000018
17341561ns          293907 1c008c8e 1a10f6b7 lui              x13, 0x1a10f000     x13=1a10f000
17341581ns          293908 1c008c92 0ff57513 andi             x10, x10, 255       x10=00000073 x10:00000073
17341601ns          293909 1c008c96 00d70733 add              x14, x14, x13       x14=1a10f018 x14:00000018 x13:1a10f000
17341620ns          293910 1c008c98 00a7e723 p.sw             x10, x0(x15)        x10:00000073 x15:00000000  PA:1a10f018
17341939ns          293926 1c008c9c 00000513 addi             x10, x0, 0          x10=00000000
17341959ns          293927 1c008c9e 00008067 jalr             x0, x1, 0            x1:1c008d6e
17342018ns          293930 1c008d6e 31f52563 p.beqimm         x10, 778            x10:00000000
17342038ns          293931 1c008d72 001d8d93 addi             x27, x27, 1         x27=0000000a x27:00000009
17342058ns          293932 1c008d74 00044503 lbu              x10, 0(x8)          x10=00000073  x8:1c0000be  PA:1c0000be
17342476ns          293953 1c008d78 00140413 addi             x8, x8, 1            x8=1c0000bf  x8:1c0000be
17342496ns          293954 1c008d7a fe0514e3 bne              x10, x0, -24        x10:00000073
17342575ns          293958 1c008d62 02500793 addi             x15, x0, 37         x15=00000025
17342595ns          293959 1c008d66 04f50863 beq              x10, x15, 80        x10:00000073 x15:00000025
17342615ns          293960 1c008d6a 01a005b3 add              x11, x0, x26        x11=00000002 x26:00000002
17342635ns          293961 1c008d6c 000b00e7 jalr             x1, x22, 0           x1=1c008d6e x22:1c008c78
17342675ns          293963 1c008c78 000026b7 lui              x13, 0x2000         x13=00002000
17342694ns          293964 1c008c7a f14027f3 csrrs            x15, x0, 0xf14      x15=00000003
17342714ns          293965 1c008c7e f8068693 addi             x13, x13, -128      x13=00001f80 x13:00002000
17342734ns          293966 1c008c82 00379713 slli             x14, x15, 0x3       x14=00000018 x15:00000003
17342754ns          293967 1c008c86 00279793 slli             x15, x15, 0x2       x15=0000000c x15:00000003
17342774ns          293968 1c008c88 00d7f7b3 and              x15, x15, x13       x15=00000000 x15:0000000c x13:00001f80
17342794ns          293969 1c008c8a ee873733 p.bclr           x14, x14, 23, 8     x14=00000018 x14:00000018
17342814ns          293970 1c008c8e 1a10f6b7 lui              x13, 0x1a10f000     x13=1a10f000
17342834ns          293971 1c008c92 0ff57513 andi             x10, x10, 255       x10=00000073 x10:00000073
17342854ns          293972 1c008c96 00d70733 add              x14, x14, x13       x14=1a10f018 x14:00000018 x13:1a10f000
17342874ns          293973 1c008c98 00a7e723 p.sw             x10, x0(x15)        x10:00000073 x15:00000000  PA:1a10f018
17343192ns          293989 1c008c9c 00000513 addi             x10, x0, 0          x10=00000000
17343212ns          293990 1c008c9e 00008067 jalr             x0, x1, 0            x1:1c008d6e
17343271ns          293993 1c008d6e 31f52563 p.beqimm         x10, 778            x10:00000000
17343291ns          293994 1c008d72 001d8d93 addi             x27, x27, 1         x27=0000000b x27:0000000a
17343311ns          293995 1c008d74 00044503 lbu              x10, 0(x8)          x10=00000065  x8:1c0000bf  PA:1c0000bf
17343609ns          294010 1c008d78 00140413 addi             x8, x8, 1            x8=1c0000c0  x8:1c0000bf
17343629ns          294011 1c008d7a fe0514e3 bne              x10, x0, -24        x10:00000065
17343709ns          294015 1c008d62 02500793 addi             x15, x0, 37         x15=00000025
17343729ns          294016 1c008d66 04f50863 beq              x10, x15, 80        x10:00000065 x15:00000025
17343749ns          294017 1c008d6a 01a005b3 add              x11, x0, x26        x11=00000002 x26:00000002
17343769ns          294018 1c008d6c 000b00e7 jalr             x1, x22, 0           x1=1c008d6e x22:1c008c78
17343808ns          294020 1c008c78 000026b7 lui              x13, 0x2000         x13=00002000
17343828ns          294021 1c008c7a f14027f3 csrrs            x15, x0, 0xf14      x15=00000003
17343848ns          294022 1c008c7e f8068693 addi             x13, x13, -128      x13=00001f80 x13:00002000
17343868ns          294023 1c008c82 00379713 slli             x14, x15, 0x3       x14=00000018 x15:00000003
17343888ns          294024 1c008c86 00279793 slli             x15, x15, 0x2       x15=0000000c x15:00000003
17343908ns          294025 1c008c88 00d7f7b3 and              x15, x15, x13       x15=00000000 x15:0000000c x13:00001f80
17343928ns          294026 1c008c8a ee873733 p.bclr           x14, x14, 23, 8     x14=00000018 x14:00000018
17343948ns          294027 1c008c8e 1a10f6b7 lui              x13, 0x1a10f000     x13=1a10f000
17343968ns          294028 1c008c92 0ff57513 andi             x10, x10, 255       x10=00000065 x10:00000065
17343987ns          294029 1c008c96 00d70733 add              x14, x14, x13       x14=1a10f018 x14:00000018 x13:1a10f000
17344007ns          294030 1c008c98 00a7e723 p.sw             x10, x0(x15)        x10:00000065 x15:00000000  PA:1a10f018
17344326ns          294046 1c008c9c 00000513 addi             x10, x0, 0          x10=00000000
17344345ns          294047 1c008c9e 00008067 jalr             x0, x1, 0            x1:1c008d6e
17344405ns          294050 1c008d6e 31f52563 p.beqimm         x10, 778            x10:00000000
17344425ns          294051 1c008d72 001d8d93 addi             x27, x27, 1         x27=0000000c x27:0000000b
17344445ns          294052 1c008d74 00044503 lbu              x10, 0(x8)          x10=00000064  x8:1c0000c0  PA:1c0000c0
17344743ns          294067 1c008d78 00140413 addi             x8, x8, 1            x8=1c0000c1  x8:1c0000c0
17344763ns          294068 1c008d7a fe0514e3 bne              x10, x0, -24        x10:00000064
17344843ns          294072 1c008d62 02500793 addi             x15, x0, 37         x15=00000025
17344863ns          294073 1c008d66 04f50863 beq              x10, x15, 80        x10:00000064 x15:00000025
17344882ns          294074 1c008d6a 01a005b3 add              x11, x0, x26        x11=00000002 x26:00000002
17344902ns          294075 1c008d6c 000b00e7 jalr             x1, x22, 0           x1=1c008d6e x22:1c008c78
17344942ns          294077 1c008c78 000026b7 lui              x13, 0x2000         x13=00002000
17344962ns          294078 1c008c7a f14027f3 csrrs            x15, x0, 0xf14      x15=00000003
17344982ns          294079 1c008c7e f8068693 addi             x13, x13, -128      x13=00001f80 x13:00002000
17345002ns          294080 1c008c82 00379713 slli             x14, x15, 0x3       x14=00000018 x15:00000003
17345022ns          294081 1c008c86 00279793 slli             x15, x15, 0x2       x15=0000000c x15:00000003
17345042ns          294082 1c008c88 00d7f7b3 and              x15, x15, x13       x15=00000000 x15:0000000c x13:00001f80
17345061ns          294083 1c008c8a ee873733 p.bclr           x14, x14, 23, 8     x14=00000018 x14:00000018
17345081ns          294084 1c008c8e 1a10f6b7 lui              x13, 0x1a10f000     x13=1a10f000
17345101ns          294085 1c008c92 0ff57513 andi             x10, x10, 255       x10=00000064 x10:00000064
17345121ns          294086 1c008c96 00d70733 add              x14, x14, x13       x14=1a10f018 x14:00000018 x13:1a10f000
17345141ns          294087 1c008c98 00a7e723 p.sw             x10, x0(x15)        x10:00000064 x15:00000000  PA:1a10f018
17345459ns          294103 1c008c9c 00000513 addi             x10, x0, 0          x10=00000000
17345479ns          294104 1c008c9e 00008067 jalr             x0, x1, 0            x1:1c008d6e
17345539ns          294107 1c008d6e 31f52563 p.beqimm         x10, 778            x10:00000000
17345559ns          294108 1c008d72 001d8d93 addi             x27, x27, 1         x27=0000000d x27:0000000c
17345579ns          294109 1c008d74 00044503 lbu              x10, 0(x8)          x10=00000020  x8:1c0000c1  PA:1c0000c1
17345877ns          294124 1c008d78 00140413 addi             x8, x8, 1            x8=1c0000c2  x8:1c0000c1
17345897ns          294125 1c008d7a fe0514e3 bne              x10, x0, -24        x10:00000020
17345976ns          294129 1c008d62 02500793 addi             x15, x0, 37         x15=00000025
17345996ns          294130 1c008d66 04f50863 beq              x10, x15, 80        x10:00000020 x15:00000025
17346016ns          294131 1c008d6a 01a005b3 add              x11, x0, x26        x11=00000002 x26:00000002
17346036ns          294132 1c008d6c 000b00e7 jalr             x1, x22, 0           x1=1c008d6e x22:1c008c78
17346076ns          294134 1c008c78 000026b7 lui              x13, 0x2000         x13=00002000
17346096ns          294135 1c008c7a f14027f3 csrrs            x15, x0, 0xf14      x15=00000003
17346116ns          294136 1c008c7e f8068693 addi             x13, x13, -128      x13=00001f80 x13:00002000
17346136ns          294137 1c008c82 00379713 slli             x14, x15, 0x3       x14=00000018 x15:00000003
17346155ns          294138 1c008c86 00279793 slli             x15, x15, 0x2       x15=0000000c x15:00000003
17346175ns          294139 1c008c88 00d7f7b3 and              x15, x15, x13       x15=00000000 x15:0000000c x13:00001f80
17346195ns          294140 1c008c8a ee873733 p.bclr           x14, x14, 23, 8     x14=00000018 x14:00000018
17346215ns          294141 1c008c8e 1a10f6b7 lui              x13, 0x1a10f000     x13=1a10f000
17346235ns          294142 1c008c92 0ff57513 andi             x10, x10, 255       x10=00000020 x10:00000020
17346255ns          294143 1c008c96 00d70733 add              x14, x14, x13       x14=1a10f018 x14:00000018 x13:1a10f000
17346275ns          294144 1c008c98 00a7e723 p.sw             x10, x0(x15)        x10:00000020 x15:00000000  PA:1a10f018
17346593ns          294160 1c008c9c 00000513 addi             x10, x0, 0          x10=00000000
17346613ns          294161 1c008c9e 00008067 jalr             x0, x1, 0            x1:1c008d6e
17346673ns          294164 1c008d6e 31f52563 p.beqimm         x10, 778            x10:00000000
17346693ns          294165 1c008d72 001d8d93 addi             x27, x27, 1         x27=0000000e x27:0000000d
17346712ns          294166 1c008d74 00044503 lbu              x10, 0(x8)          x10=0000006f  x8:1c0000c2  PA:1c0000c2
17347031ns          294182 1c008d78 00140413 addi             x8, x8, 1            x8=1c0000c3  x8:1c0000c2
17347051ns          294183 1c008d7a fe0514e3 bne              x10, x0, -24        x10:0000006f
17347130ns          294187 1c008d62 02500793 addi             x15, x0, 37         x15=00000025
17347150ns          294188 1c008d66 04f50863 beq              x10, x15, 80        x10:0000006f x15:00000025
17347170ns          294189 1c008d6a 01a005b3 add              x11, x0, x26        x11=00000002 x26:00000002
17347190ns          294190 1c008d6c 000b00e7 jalr             x1, x22, 0           x1=1c008d6e x22:1c008c78
17347230ns          294192 1c008c78 000026b7 lui              x13, 0x2000         x13=00002000
17347249ns          294193 1c008c7a f14027f3 csrrs            x15, x0, 0xf14      x15=00000003
17347269ns          294194 1c008c7e f8068693 addi             x13, x13, -128      x13=00001f80 x13:00002000
17347289ns          294195 1c008c82 00379713 slli             x14, x15, 0x3       x14=00000018 x15:00000003
17347309ns          294196 1c008c86 00279793 slli             x15, x15, 0x2       x15=0000000c x15:00000003
17347329ns          294197 1c008c88 00d7f7b3 and              x15, x15, x13       x15=00000000 x15:0000000c x13:00001f80
17347349ns          294198 1c008c8a ee873733 p.bclr           x14, x14, 23, 8     x14=00000018 x14:00000018
17347369ns          294199 1c008c8e 1a10f6b7 lui              x13, 0x1a10f000     x13=1a10f000
17347389ns          294200 1c008c92 0ff57513 andi             x10, x10, 255       x10=0000006f x10:0000006f
17347409ns          294201 1c008c96 00d70733 add              x14, x14, x13       x14=1a10f018 x14:00000018 x13:1a10f000
17347428ns          294202 1c008c98 00a7e723 p.sw             x10, x0(x15)        x10:0000006f x15:00000000  PA:1a10f018
17347747ns          294218 1c008c9c 00000513 addi             x10, x0, 0          x10=00000000
17347767ns          294219 1c008c9e 00008067 jalr             x0, x1, 0            x1:1c008d6e
17347826ns          294222 1c008d6e 31f52563 p.beqimm         x10, 778            x10:00000000
17347846ns          294223 1c008d72 001d8d93 addi             x27, x27, 1         x27=0000000f x27:0000000e
17347866ns          294224 1c008d74 00044503 lbu              x10, 0(x8)          x10=0000006e  x8:1c0000c3  PA:1c0000c3
17348164ns          294239 1c008d78 00140413 addi             x8, x8, 1            x8=1c0000c4  x8:1c0000c3
17348184ns          294240 1c008d7a fe0514e3 bne              x10, x0, -24        x10:0000006e
17348264ns          294244 1c008d62 02500793 addi             x15, x0, 37         x15=00000025
17348284ns          294245 1c008d66 04f50863 beq              x10, x15, 80        x10:0000006e x15:00000025
17348304ns          294246 1c008d6a 01a005b3 add              x11, x0, x26        x11=00000002 x26:00000002
17348324ns          294247 1c008d6c 000b00e7 jalr             x1, x22, 0           x1=1c008d6e x22:1c008c78
17348363ns          294249 1c008c78 000026b7 lui              x13, 0x2000         x13=00002000
17348383ns          294250 1c008c7a f14027f3 csrrs            x15, x0, 0xf14      x15=00000003
17348403ns          294251 1c008c7e f8068693 addi             x13, x13, -128      x13=00001f80 x13:00002000
17348423ns          294252 1c008c82 00379713 slli             x14, x15, 0x3       x14=00000018 x15:00000003
17348443ns          294253 1c008c86 00279793 slli             x15, x15, 0x2       x15=0000000c x15:00000003
17348463ns          294254 1c008c88 00d7f7b3 and              x15, x15, x13       x15=00000000 x15:0000000c x13:00001f80
17348483ns          294255 1c008c8a ee873733 p.bclr           x14, x14, 23, 8     x14=00000018 x14:00000018
17348503ns          294256 1c008c8e 1a10f6b7 lui              x13, 0x1a10f000     x13=1a10f000
17348522ns          294257 1c008c92 0ff57513 andi             x10, x10, 255       x10=0000006e x10:0000006e
17348542ns          294258 1c008c96 00d70733 add              x14, x14, x13       x14=1a10f018 x14:00000018 x13:1a10f000
17348562ns          294259 1c008c98 00a7e723 p.sw             x10, x0(x15)        x10:0000006e x15:00000000  PA:1a10f018
17348881ns          294275 1c008c9c 00000513 addi             x10, x0, 0          x10=00000000
17348900ns          294276 1c008c9e 00008067 jalr             x0, x1, 0            x1:1c008d6e
17348960ns          294279 1c008d6e 31f52563 p.beqimm         x10, 778            x10:00000000
17348980ns          294280 1c008d72 001d8d93 addi             x27, x27, 1         x27=00000010 x27:0000000f
17349000ns          294281 1c008d74 00044503 lbu              x10, 0(x8)          x10=00000020  x8:1c0000c4  PA:1c0000c4
17349298ns          294296 1c008d78 00140413 addi             x8, x8, 1            x8=1c0000c5  x8:1c0000c4
17349318ns          294297 1c008d7a fe0514e3 bne              x10, x0, -24        x10:00000020
17349398ns          294301 1c008d62 02500793 addi             x15, x0, 37         x15=00000025
17349418ns          294302 1c008d66 04f50863 beq              x10, x15, 80        x10:00000020 x15:00000025
17349437ns          294303 1c008d6a 01a005b3 add              x11, x0, x26        x11=00000002 x26:00000002
17349457ns          294304 1c008d6c 000b00e7 jalr             x1, x22, 0           x1=1c008d6e x22:1c008c78
17349497ns          294306 1c008c78 000026b7 lui              x13, 0x2000         x13=00002000
17349517ns          294307 1c008c7a f14027f3 csrrs            x15, x0, 0xf14      x15=00000003
17349537ns          294308 1c008c7e f8068693 addi             x13, x13, -128      x13=00001f80 x13:00002000
17349557ns          294309 1c008c82 00379713 slli             x14, x15, 0x3       x14=00000018 x15:00000003
17349577ns          294310 1c008c86 00279793 slli             x15, x15, 0x2       x15=0000000c x15:00000003
17349597ns          294311 1c008c88 00d7f7b3 and              x15, x15, x13       x15=00000000 x15:0000000c x13:00001f80
17349616ns          294312 1c008c8a ee873733 p.bclr           x14, x14, 23, 8     x14=00000018 x14:00000018
17349636ns          294313 1c008c8e 1a10f6b7 lui              x13, 0x1a10f000     x13=1a10f000
17349656ns          294314 1c008c92 0ff57513 andi             x10, x10, 255       x10=00000020 x10:00000020
17349676ns          294315 1c008c96 00d70733 add              x14, x14, x13       x14=1a10f018 x14:00000018 x13:1a10f000
17349696ns          294316 1c008c98 00a7e723 p.sw             x10, x0(x15)        x10:00000020 x15:00000000  PA:1a10f018
17350014ns          294332 1c008c9c 00000513 addi             x10, x0, 0          x10=00000000
17350034ns          294333 1c008c9e 00008067 jalr             x0, x1, 0            x1:1c008d6e
17350094ns          294336 1c008d6e 31f52563 p.beqimm         x10, 778            x10:00000000
17350114ns          294337 1c008d72 001d8d93 addi             x27, x27, 1         x27=00000011 x27:00000010
17350134ns          294338 1c008d74 00044503 lbu              x10, 0(x8)          x10=00000063  x8:1c0000c5  PA:1c0000c5
17350432ns          294353 1c008d78 00140413 addi             x8, x8, 1            x8=1c0000c6  x8:1c0000c5
17350452ns          294354 1c008d7a fe0514e3 bne              x10, x0, -24        x10:00000063
17350531ns          294358 1c008d62 02500793 addi             x15, x0, 37         x15=00000025
17350551ns          294359 1c008d66 04f50863 beq              x10, x15, 80        x10:00000063 x15:00000025
17350571ns          294360 1c008d6a 01a005b3 add              x11, x0, x26        x11=00000002 x26:00000002
17350591ns          294361 1c008d6c 000b00e7 jalr             x1, x22, 0           x1=1c008d6e x22:1c008c78
17350631ns          294363 1c008c78 000026b7 lui              x13, 0x2000         x13=00002000
17350651ns          294364 1c008c7a f14027f3 csrrs            x15, x0, 0xf14      x15=00000003
17350671ns          294365 1c008c7e f8068693 addi             x13, x13, -128      x13=00001f80 x13:00002000
17350691ns          294366 1c008c82 00379713 slli             x14, x15, 0x3       x14=00000018 x15:00000003
17350710ns          294367 1c008c86 00279793 slli             x15, x15, 0x2       x15=0000000c x15:00000003
17350730ns          294368 1c008c88 00d7f7b3 and              x15, x15, x13       x15=00000000 x15:0000000c x13:00001f80
17350750ns          294369 1c008c8a ee873733 p.bclr           x14, x14, 23, 8     x14=00000018 x14:00000018
17350770ns          294370 1c008c8e 1a10f6b7 lui              x13, 0x1a10f000     x13=1a10f000
17350790ns          294371 1c008c92 0ff57513 andi             x10, x10, 255       x10=00000063 x10:00000063
17350810ns          294372 1c008c96 00d70733 add              x14, x14, x13       x14=1a10f018 x14:00000018 x13:1a10f000
17350830ns          294373 1c008c98 00a7e723 p.sw             x10, x0(x15)        x10:00000063 x15:00000000  PA:1a10f018
17351148ns          294389 1c008c9c 00000513 addi             x10, x0, 0          x10=00000000
17351168ns          294390 1c008c9e 00008067 jalr             x0, x1, 0            x1:1c008d6e
17351228ns          294393 1c008d6e 31f52563 p.beqimm         x10, 778            x10:00000000
17351248ns          294394 1c008d72 001d8d93 addi             x27, x27, 1         x27=00000012 x27:00000011
17351267ns          294395 1c008d74 00044503 lbu              x10, 0(x8)          x10=0000006f  x8:1c0000c6  PA:1c0000c6
17351566ns          294410 1c008d78 00140413 addi             x8, x8, 1            x8=1c0000c7  x8:1c0000c6
17351586ns          294411 1c008d7a fe0514e3 bne              x10, x0, -24        x10:0000006f
17351665ns          294415 1c008d62 02500793 addi             x15, x0, 37         x15=00000025
17351685ns          294416 1c008d66 04f50863 beq              x10, x15, 80        x10:0000006f x15:00000025
17351705ns          294417 1c008d6a 01a005b3 add              x11, x0, x26        x11=00000002 x26:00000002
17351725ns          294418 1c008d6c 000b00e7 jalr             x1, x22, 0           x1=1c008d6e x22:1c008c78
17351765ns          294420 1c008c78 000026b7 lui              x13, 0x2000         x13=00002000
17351785ns          294421 1c008c7a f14027f3 csrrs            x15, x0, 0xf14      x15=00000003
17351804ns          294422 1c008c7e f8068693 addi             x13, x13, -128      x13=00001f80 x13:00002000
17351824ns          294423 1c008c82 00379713 slli             x14, x15, 0x3       x14=00000018 x15:00000003
17351844ns          294424 1c008c86 00279793 slli             x15, x15, 0x2       x15=0000000c x15:00000003
17351864ns          294425 1c008c88 00d7f7b3 and              x15, x15, x13       x15=00000000 x15:0000000c x13:00001f80
17351884ns          294426 1c008c8a ee873733 p.bclr           x14, x14, 23, 8     x14=00000018 x14:00000018
17351904ns          294427 1c008c8e 1a10f6b7 lui              x13, 0x1a10f000     x13=1a10f000
17351924ns          294428 1c008c92 0ff57513 andi             x10, x10, 255       x10=0000006f x10:0000006f
17351944ns          294429 1c008c96 00d70733 add              x14, x14, x13       x14=1a10f018 x14:00000018 x13:1a10f000
17351964ns          294430 1c008c98 00a7e723 p.sw             x10, x0(x15)        x10:0000006f x15:00000000  PA:1a10f018
17352282ns          294446 1c008c9c 00000513 addi             x10, x0, 0          x10=00000000
17352302ns          294447 1c008c9e 00008067 jalr             x0, x1, 0            x1:1c008d6e
17352361ns          294450 1c008d6e 31f52563 p.beqimm         x10, 778            x10:00000000
17352381ns          294451 1c008d72 001d8d93 addi             x27, x27, 1         x27=00000013 x27:00000012
17352401ns          294452 1c008d74 00044503 lbu              x10, 0(x8)          x10=00000072  x8:1c0000c7  PA:1c0000c7
17352719ns          294468 1c008d78 00140413 addi             x8, x8, 1            x8=1c0000c8  x8:1c0000c7
17352739ns          294469 1c008d7a fe0514e3 bne              x10, x0, -24        x10:00000072
17352819ns          294473 1c008d62 02500793 addi             x15, x0, 37         x15=00000025
17352839ns          294474 1c008d66 04f50863 beq              x10, x15, 80        x10:00000072 x15:00000025
17352859ns          294475 1c008d6a 01a005b3 add              x11, x0, x26        x11=00000002 x26:00000002
17352879ns          294476 1c008d6c 000b00e7 jalr             x1, x22, 0           x1=1c008d6e x22:1c008c78
17352918ns          294478 1c008c78 000026b7 lui              x13, 0x2000         x13=00002000
17352938ns          294479 1c008c7a f14027f3 csrrs            x15, x0, 0xf14      x15=00000003
17352958ns          294480 1c008c7e f8068693 addi             x13, x13, -128      x13=00001f80 x13:00002000
17352978ns          294481 1c008c82 00379713 slli             x14, x15, 0x3       x14=00000018 x15:00000003
17352998ns          294482 1c008c86 00279793 slli             x15, x15, 0x2       x15=0000000c x15:00000003
17353018ns          294483 1c008c88 00d7f7b3 and              x15, x15, x13       x15=00000000 x15:0000000c x13:00001f80
17353038ns          294484 1c008c8a ee873733 p.bclr           x14, x14, 23, 8     x14=00000018 x14:00000018
17353058ns          294485 1c008c8e 1a10f6b7 lui              x13, 0x1a10f000     x13=1a10f000
17353077ns          294486 1c008c92 0ff57513 andi             x10, x10, 255       x10=00000072 x10:00000072
17353097ns          294487 1c008c96 00d70733 add              x14, x14, x13       x14=1a10f018 x14:00000018 x13:1a10f000
17353117ns          294488 1c008c98 00a7e723 p.sw             x10, x0(x15)        x10:00000072 x15:00000000  PA:1a10f018
17353436ns          294504 1c008c9c 00000513 addi             x10, x0, 0          x10=00000000
17353455ns          294505 1c008c9e 00008067 jalr             x0, x1, 0            x1:1c008d6e
17353515ns          294508 1c008d6e 31f52563 p.beqimm         x10, 778            x10:00000000
17353535ns          294509 1c008d72 001d8d93 addi             x27, x27, 1         x27=00000014 x27:00000013
17353555ns          294510 1c008d74 00044503 lbu              x10, 0(x8)          x10=00000065  x8:1c0000c8  PA:1c0000c8
17353853ns          294525 1c008d78 00140413 addi             x8, x8, 1            x8=1c0000c9  x8:1c0000c8
17353873ns          294526 1c008d7a fe0514e3 bne              x10, x0, -24        x10:00000065
17353953ns          294530 1c008d62 02500793 addi             x15, x0, 37         x15=00000025
17353973ns          294531 1c008d66 04f50863 beq              x10, x15, 80        x10:00000065 x15:00000025
17353992ns          294532 1c008d6a 01a005b3 add              x11, x0, x26        x11=00000002 x26:00000002
17354012ns          294533 1c008d6c 000b00e7 jalr             x1, x22, 0           x1=1c008d6e x22:1c008c78
17354052ns          294535 1c008c78 000026b7 lui              x13, 0x2000         x13=00002000
17354072ns          294536 1c008c7a f14027f3 csrrs            x15, x0, 0xf14      x15=00000003
17354092ns          294537 1c008c7e f8068693 addi             x13, x13, -128      x13=00001f80 x13:00002000
17354112ns          294538 1c008c82 00379713 slli             x14, x15, 0x3       x14=00000018 x15:00000003
17354132ns          294539 1c008c86 00279793 slli             x15, x15, 0x2       x15=0000000c x15:00000003
17354152ns          294540 1c008c88 00d7f7b3 and              x15, x15, x13       x15=00000000 x15:0000000c x13:00001f80
17354171ns          294541 1c008c8a ee873733 p.bclr           x14, x14, 23, 8     x14=00000018 x14:00000018
17354191ns          294542 1c008c8e 1a10f6b7 lui              x13, 0x1a10f000     x13=1a10f000
17354211ns          294543 1c008c92 0ff57513 andi             x10, x10, 255       x10=00000065 x10:00000065
17354231ns          294544 1c008c96 00d70733 add              x14, x14, x13       x14=1a10f018 x14:00000018 x13:1a10f000
17354251ns          294545 1c008c98 00a7e723 p.sw             x10, x0(x15)        x10:00000065 x15:00000000  PA:1a10f018
17354569ns          294561 1c008c9c 00000513 addi             x10, x0, 0          x10=00000000
17354589ns          294562 1c008c9e 00008067 jalr             x0, x1, 0            x1:1c008d6e
17354649ns          294565 1c008d6e 31f52563 p.beqimm         x10, 778            x10:00000000
17354669ns          294566 1c008d72 001d8d93 addi             x27, x27, 1         x27=00000015 x27:00000014
17354689ns          294567 1c008d74 00044503 lbu              x10, 0(x8)          x10=00000020  x8:1c0000c9  PA:1c0000c9
17354987ns          294582 1c008d78 00140413 addi             x8, x8, 1            x8=1c0000ca  x8:1c0000c9
17355007ns          294583 1c008d7a fe0514e3 bne              x10, x0, -24        x10:00000020
17355086ns          294587 1c008d62 02500793 addi             x15, x0, 37         x15=00000025
17355106ns          294588 1c008d66 04f50863 beq              x10, x15, 80        x10:00000020 x15:00000025
17355126ns          294589 1c008d6a 01a005b3 add              x11, x0, x26        x11=00000002 x26:00000002
17355146ns          294590 1c008d6c 000b00e7 jalr             x1, x22, 0           x1=1c008d6e x22:1c008c78
17355186ns          294592 1c008c78 000026b7 lui              x13, 0x2000         x13=00002000
17355206ns          294593 1c008c7a f14027f3 csrrs            x15, x0, 0xf14      x15=00000003
17355226ns          294594 1c008c7e f8068693 addi             x13, x13, -128      x13=00001f80 x13:00002000
17355246ns          294595 1c008c82 00379713 slli             x14, x15, 0x3       x14=00000018 x15:00000003
17355265ns          294596 1c008c86 00279793 slli             x15, x15, 0x2       x15=0000000c x15:00000003
17355285ns          294597 1c008c88 00d7f7b3 and              x15, x15, x13       x15=00000000 x15:0000000c x13:00001f80
17355305ns          294598 1c008c8a ee873733 p.bclr           x14, x14, 23, 8     x14=00000018 x14:00000018
17355325ns          294599 1c008c8e 1a10f6b7 lui              x13, 0x1a10f000     x13=1a10f000
17355345ns          294600 1c008c92 0ff57513 andi             x10, x10, 255       x10=00000020 x10:00000020
17355365ns          294601 1c008c96 00d70733 add              x14, x14, x13       x14=1a10f018 x14:00000018 x13:1a10f000
17355385ns          294602 1c008c98 00a7e723 p.sw             x10, x0(x15)        x10:00000020 x15:00000000  PA:1a10f018
17355703ns          294618 1c008c9c 00000513 addi             x10, x0, 0          x10=00000000
17355723ns          294619 1c008c9e 00008067 jalr             x0, x1, 0            x1:1c008d6e
17355783ns          294622 1c008d6e 31f52563 p.beqimm         x10, 778            x10:00000000
17355803ns          294623 1c008d72 001d8d93 addi             x27, x27, 1         x27=00000016 x27:00000015
17355822ns          294624 1c008d74 00044503 lbu              x10, 0(x8)          x10=00000020  x8:1c0000ca  PA:1c0000ca
17356141ns          294640 1c008d78 00140413 addi             x8, x8, 1            x8=1c0000cb  x8:1c0000ca
17356161ns          294641 1c008d7a fe0514e3 bne              x10, x0, -24        x10:00000020
17356240ns          294645 1c008d62 02500793 addi             x15, x0, 37         x15=00000025
17356260ns          294646 1c008d66 04f50863 beq              x10, x15, 80        x10:00000020 x15:00000025
17356280ns          294647 1c008d6a 01a005b3 add              x11, x0, x26        x11=00000002 x26:00000002
17356300ns          294648 1c008d6c 000b00e7 jalr             x1, x22, 0           x1=1c008d6e x22:1c008c78
17356340ns          294650 1c008c78 000026b7 lui              x13, 0x2000         x13=00002000
17356359ns          294651 1c008c7a f14027f3 csrrs            x15, x0, 0xf14      x15=00000003
17356379ns          294652 1c008c7e f8068693 addi             x13, x13, -128      x13=00001f80 x13:00002000
17356399ns          294653 1c008c82 00379713 slli             x14, x15, 0x3       x14=00000018 x15:00000003
17356419ns          294654 1c008c86 00279793 slli             x15, x15, 0x2       x15=0000000c x15:00000003
17356439ns          294655 1c008c88 00d7f7b3 and              x15, x15, x13       x15=00000000 x15:0000000c x13:00001f80
17356459ns          294656 1c008c8a ee873733 p.bclr           x14, x14, 23, 8     x14=00000018 x14:00000018
17356479ns          294657 1c008c8e 1a10f6b7 lui              x13, 0x1a10f000     x13=1a10f000
17356499ns          294658 1c008c92 0ff57513 andi             x10, x10, 255       x10=00000020 x10:00000020
17356519ns          294659 1c008c96 00d70733 add              x14, x14, x13       x14=1a10f018 x14:00000018 x13:1a10f000
17356538ns          294660 1c008c98 00a7e723 p.sw             x10, x0(x15)        x10:00000020 x15:00000000  PA:1a10f018
17356857ns          294676 1c008c9c 00000513 addi             x10, x0, 0          x10=00000000
17356877ns          294677 1c008c9e 00008067 jalr             x0, x1, 0            x1:1c008d6e
17356936ns          294680 1c008d6e 31f52563 p.beqimm         x10, 778            x10:00000000
17356956ns          294681 1c008d72 001d8d93 addi             x27, x27, 1         x27=00000017 x27:00000016
17356976ns          294682 1c008d74 00044503 lbu              x10, 0(x8)          x10=00000025  x8:1c0000cb  PA:1c0000cb
17357274ns          294697 1c008d78 00140413 addi             x8, x8, 1            x8=1c0000cc  x8:1c0000cb
17357294ns          294698 1c008d7a fe0514e3 bne              x10, x0, -24        x10:00000025
17357374ns          294702 1c008d62 02500793 addi             x15, x0, 37         x15=00000025
17357394ns          294703 1c008d66 04f50863 beq              x10, x15, 80        x10:00000025 x15:00000025
17357772ns          294722 1c008db6 00044483 lbu              x9, 0(x8)            x9=00000064  x8:1c0000cc  PA:1c0000cc
17358070ns          294737 1c008dba 02000693 addi             x13, x0, 32         x13=00000020
17358090ns          294738 1c008dbe 00140a93 addi             x21, x8, 1          x21=1c0000cd  x8:1c0000cc
17358110ns          294739 1c008dc2 009005b3 add              x11, x0, x9         x11=00000064  x9:00000064
17358130ns          294740 1c008dc4 0fcb8513 addi             x10, x23, 252       x10=1c0000fc x23:1c000000
17358150ns          294741 1c008dc8 00d12823 sw               x13, 16(x2)         x13:00000020  x2:10001cd8  PA:10001ce8
17358170ns          294742 1c008dca 00012c23 sw               x0, 24(x2)           x2:10001cd8  PA:10001cf0
17358189ns          294743 1c008dcc 00012a23 sw               x0, 20(x2)           x2:10001cd8  PA:10001cec
17358209ns          294744 1c008dce 00012e23 sw               x0, 28(x2)           x2:10001cd8  PA:10001cf4
17358229ns          294745 1c008dd0 00012623 sw               x0, 12(x2)           x2:10001cd8  PA:10001ce4
17358249ns          294746 1c008dd2 02300913 addi             x18, x0, 35         x18=00000023
17358269ns          294747 1c008dd6 02d00a13 addi             x20, x0, 45         x20=0000002d
17358289ns          294748 1c008dda 015009b3 add              x19, x0, x21        x19=1c0000cd x21:1c0000cd
17358309ns          294749 1c008ddc e1dff0ef jal              x1, -484             x1=1c008dde
17358428ns          294755 1c008bf8 00054783 lbu              x15, 0(x10)         x15=0000002d x10:1c0000fc  PA:1c0000fc
17358766ns          294772 1c008bfc 0ff5f593 andi             x11, x11, 255       x11=00000064 x11:00000064
17358786ns          294773 1c008c00 00b78c63 beq              x15, x11, 24        x15:0000002d x11:00000064
17358806ns          294774 1c008c04 00078b63 beq              x15, x0, 22         x15:0000002d
17358826ns          294775 1c008c06 00150793 addi             x15, x10, 1         x15=1c0000fd x10:1c0000fc
17358846ns          294776 1c008c0a 0040006f jal              x0, 4              
17358925ns          294780 1c008c0e 00f00533 add              x10, x0, x15        x10=1c0000fd x15:1c0000fd
17358945ns          294781 1c008c10 0017c70b p.lbu            x14, 1(x15!)        x14=0000002b x15=1c0000fe x15:1c0000fd  PA:1c0000fd
17359283ns          294798 1c008c14 feb71ce3 bne              x14, x11, -8        x14:0000002b x11:00000064
17359343ns          294801 1c008c0c 00070763 beq              x14, x0, 14         x14:0000002b
17359363ns          294802 1c008c0e 00f00533 add              x10, x0, x15        x10=1c0000fe x15:1c0000fe
17359383ns          294803 1c008c10 0017c70b p.lbu            x14, 1(x15!)        x14=00000020 x15=1c0000ff x15:1c0000fe  PA:1c0000fe
17359701ns          294819 1c008c14 feb71ce3 bne              x14, x11, -8        x14:00000020 x11:00000064
17359761ns          294822 1c008c0c 00070763 beq              x14, x0, 14         x14:00000020
17359781ns          294823 1c008c0e 00f00533 add              x10, x0, x15        x10=1c0000ff x15:1c0000ff
17359801ns          294824 1c008c10 0017c70b p.lbu            x14, 1(x15!)        x14=00000023 x15=1c000100 x15:1c0000ff  PA:1c0000ff
17360218ns          294845 1c008c14 feb71ce3 bne              x14, x11, -8        x14:00000023 x11:00000064
17360278ns          294848 1c008c0c 00070763 beq              x14, x0, 14         x14:00000023
17360298ns          294849 1c008c0e 00f00533 add              x10, x0, x15        x10=1c000100 x15:1c000100
17360318ns          294850 1c008c10 0017c70b p.lbu            x14, 1(x15!)        x14=00000030 x15=1c000101 x15:1c000100  PA:1c000100
17360676ns          294868 1c008c14 feb71ce3 bne              x14, x11, -8        x14:00000030 x11:00000064
17360735ns          294871 1c008c0c 00070763 beq              x14, x0, 14         x14:00000030
17360755ns          294872 1c008c0e 00f00533 add              x10, x0, x15        x10=1c000101 x15:1c000101
17360775ns          294873 1c008c10 0017c70b p.lbu            x14, 1(x15!)        x14=00000000 x15=1c000102 x15:1c000101  PA:1c000101
17361093ns          294889 1c008c14 feb71ce3 bne              x14, x11, -8        x14:00000000 x11:00000064
17361153ns          294892 1c008c0c 00070763 beq              x14, x0, 14         x14:00000000
17361233ns          294896 1c008c1a 0015b593 sltiu            x11, x11, 1         x11=00000000 x11:00000064
17361253ns          294897 1c008c1e 40b005b3 sub              x11, x0, x11        x11=00000000 x11:00000000
17361272ns          294898 1c008c22 00b57533 and              x10, x10, x11       x10=00000000 x10:1c000101 x11:00000000
17361292ns          294899 1c008c24 00008067 jalr             x0, x1, 0            x1:1c008dde
17361332ns          294901 1c008dde 02050a63 beq              x10, x0, 52         x10:00000000
17361471ns          294908 1c008e12 02a00613 addi             x12, x0, 42         x12=0000002a
17361491ns          294909 1c008e16 2ac48663 beq              x9, x12, 684         x9:00000064 x12:0000002a
17361511ns          294910 1c008e1a fd048613 addi             x12, x9, -48        x12=00000034  x9:00000064
17361531ns          294911 1c008e1e 00900593 addi             x11, x0, 9          x11=00000009
17361571ns          294913 1c008e20 00000913 addi             x18, x0, 0          x18=00000000
17361611ns          294915 1c008e22 28c5f063 bgeu             x11, x12, 640       x11:00000009 x12:00000034
17361630ns          294916 1c008e26 02e00693 addi             x13, x0, 46         x13=0000002e
17361650ns          294917 1c008e2a fff00a13 addi             x20, x0, -1         x20=ffffffff
17361670ns          294918 1c008e2c 2ed48363 beq              x9, x13, 742         x9:00000064 x13:0000002e
17361710ns          294920 1c008e30 1c0007b7 lui              x15, 0x1c000000     x15=1c000000
17361750ns          294922 1c008e34 009005b3 add              x11, x0, x9         x11=00000064  x9:00000064
17361770ns          294923 1c008e36 10478513 addi             x10, x15, 260       x10=1c000104 x15:1c000000
17361790ns          294924 1c008e3a dbfff0ef jal              x1, -578             x1=1c008e3c
17362327ns          294951 1c008bf8 00054783 lbu              x15, 0(x10)         x15=00000068 x10:1c000104  PA:1c000104
17362665ns          294968 1c008bfc 0ff5f593 andi             x11, x11, 255       x11=00000064 x11:00000064
17362685ns          294969 1c008c00 00b78c63 beq              x15, x11, 24        x15:00000068 x11:00000064
17362705ns          294970 1c008c04 00078b63 beq              x15, x0, 22         x15:00000068
17362724ns          294971 1c008c06 00150793 addi             x15, x10, 1         x15=1c000105 x10:1c000104
17362744ns          294972 1c008c0a 0040006f jal              x0, 4              
17362784ns          294974 1c008c0e 00f00533 add              x10, x0, x15        x10=1c000105 x15:1c000105
17362804ns          294975 1c008c10 0017c70b p.lbu            x14, 1(x15!)        x14=0000006c x15=1c000106 x15:1c000105  PA:1c000105
17363142ns          294992 1c008c14 feb71ce3 bne              x14, x11, -8        x14:0000006c x11:00000064
17363202ns          294995 1c008c0c 00070763 beq              x14, x0, 14         x14:0000006c
17363222ns          294996 1c008c0e 00f00533 add              x10, x0, x15        x10=1c000106 x15:1c000106
17363242ns          294997 1c008c10 0017c70b p.lbu            x14, 1(x15!)        x14=0000004c x15=1c000107 x15:1c000106  PA:1c000106
17363560ns          295013 1c008c14 feb71ce3 bne              x14, x11, -8        x14:0000004c x11:00000064
17363620ns          295016 1c008c0c 00070763 beq              x14, x0, 14         x14:0000004c
17363639ns          295017 1c008c0e 00f00533 add              x10, x0, x15        x10=1c000107 x15:1c000107
17363659ns          295018 1c008c10 0017c70b p.lbu            x14, 1(x15!)        x14=0000007a x15=1c000108 x15:1c000107  PA:1c000107
17363978ns          295034 1c008c14 feb71ce3 bne              x14, x11, -8        x14:0000007a x11:00000064
17364037ns          295037 1c008c0c 00070763 beq              x14, x0, 14         x14:0000007a
17364057ns          295038 1c008c0e 00f00533 add              x10, x0, x15        x10=1c000108 x15:1c000108
17364077ns          295039 1c008c10 0017c70b p.lbu            x14, 1(x15!)        x14=00000000 x15=1c000109 x15:1c000108  PA:1c000108
17364415ns          295056 1c008c14 feb71ce3 bne              x14, x11, -8        x14:00000000 x11:00000064
17364475ns          295059 1c008c0c 00070763 beq              x14, x0, 14         x14:00000000
17364554ns          295063 1c008c1a 0015b593 sltiu            x11, x11, 1         x11=00000000 x11:00000064
17364574ns          295064 1c008c1e 40b005b3 sub              x11, x0, x11        x11=00000000 x11:00000000
17364594ns          295065 1c008c22 00b57533 and              x10, x10, x11       x10=00000000 x10:1c000108 x11:00000000
17364614ns          295066 1c008c24 00008067 jalr             x0, x1, 0            x1:1c008e3c
17364654ns          295068 1c008e3c 01300433 add              x8, x0, x19          x8=1c0000cd x19:1c0000cd
17364674ns          295069 1c008e3e 00050563 beq              x10, x0, 10         x10:00000000
17364733ns          295072 1c008e48 06700693 addi             x13, x0, 103        x13=00000067
17364753ns          295073 1c008e4c 2896d963 bge              x13, x9, 658        x13:00000067  x9:00000064
17365330ns          295102 1c0090de 06500693 addi             x13, x0, 101        x13=00000065
17365370ns          295104 1c0090e2 12d4d563 bge              x9, x13, 298         x9:00000064 x13:00000065
17365390ns          295105 1c0090e6 04700693 addi             x13, x0, 71         x13=00000047
17365410ns          295106 1c0090ea dc96cbe3 blt              x13, x9, -554       x13:00000047  x9:00000064
17365549ns          295113 1c008ec0 06300693 addi             x13, x0, 99         x13=00000063
17365589ns          295115 1c008ec4 0ad488e3 beq              x9, x13, 2224        x9:00000064 x13:00000063
17365609ns          295116 1c008ec8 0096c9e3 blt              x13, x9, 2066       x13:00000063  x9:00000064
17365808ns          295126 1c0096da 000c2583 lw               x11, 0(x24)         x11=00000003 x24:10001e2c  PA:10001e2c
17365827ns          295127 1c0096de 004c0c13 addi             x24, x24, 4         x24=10001e30 x24:10001e2c
17365867ns          295129 1c0096e0 3405cc63 blt              x11, x0, 856        x11:00000003
17365907ns          295131 1c0096e4 01412603 lw               x12, 20(x2)         x12=00000000  x2:10001cd8  PA:10001cec
17365927ns          295132 1c0096e6 00b006b3 add              x13, x0, x11        x13=00000003 x11:00000003
17365947ns          295133 1c0096e8 2e061863 bne              x12, x0, 752        x12:00000000
17365967ns          295134 1c0096ec 01812703 lw               x14, 24(x2)         x14=00000000  x2:10001cd8  PA:10001cf0
17365987ns          295135 1c0096ee 019007b3 add              x15, x0, x25        x15=10001cfc x25:10001cfc
17366006ns          295136 1c0096f0 00070763 beq              x14, x0, 14         x14:00000000
17366066ns          295139 1c0096fe 00f00733 add              x14, x0, x15        x14=10001cfc x15:10001cfc
17366126ns          295142 1c009700 00a00513 addi             x10, x0, 10         x10=0000000a
17366166ns          295144 1c009702 02a6f633 remu             x12, x13, x10       x12=00000003 x13:00000003 x10:0000000a
17366782ns          295175 1c009706 02a6d6b3 divu             x13, x13, x10       x13=00000000 x13:00000003 x10:0000000a
17367399ns          295206 1c00970a 03060613 addi             x12, x12, 48        x12=00000033 x12:00000003
17367419ns          295207 1c00970e 00c700ab p.sb             x12, 1(x14!)        x14=10001cfd x12:00000033 x14:10001cfc  PA:10001cfc
17367439ns          295208 1c009712 fe0698e3 bne              x13, x0, -16        x13:00000000
17367458ns          295209 1c009714 40f706b3 sub              x13, x14, x15       x13=00000001 x14:10001cfd x15:10001cfc
17367478ns          295210 1c009718 0146dc63 bge              x13, x20, 24        x13:00000001 x20:ffffffff
17367618ns          295217 1c009730 00e006b3 add              x13, x0, x14        x13=10001cfd x14:10001cfd
17367657ns          295219 1c009732 fe068fab p.sb             x0, -1(x13!)        x13=10001cfc x13:10001cfd  PA:10001cfd
17367677ns          295220 1c009736 00d7fc63 bgeu             x15, x13, 24        x15:10001cfc x13:10001cfc
17367797ns          295226 1c00974e 01412783 lw               x15, 20(x2)         x15=00000000  x2:10001cd8  PA:10001cec
17367856ns          295229 1c009750 01812603 lw               x12, 24(x2)         x12=00000000  x2:10001cd8  PA:10001cf0
17367896ns          295231 1c009752 419704b3 sub              x9, x14, x25         x9=00000001 x14:10001cfd x25:10001cfc
17367916ns          295232 1c009756 00c7e7b3 or               x15, x15, x12       x15=00000000 x15:00000000 x12:00000000
17367936ns          295233 1c009758 00f12623 sw               x15, 12(x2)         x15:00000000  x2:10001cd8  PA:10001ce4
17367956ns          295234 1c00975a 00079363 bne              x15, x0, 6          x15:00000000
17367976ns          295235 1c00975c 01f5d593 srli             x11, x11, 0x1f      x11=00000000 x11:00000003
17367996ns          295236 1c00975e 00b12623 sw               x11, 12(x2)         x11:00000000  x2:10001cd8  PA:10001ce4
17368015ns          295237 1c009760 e3fa28e3 p.beqimm         x20, -464           x20:ffffffff
17368513ns          295262 1c009590 0c800793 addi             x15, x0, 200        x15=000000c8
17368552ns          295264 1c009594 9e97d0e3 bge              x15, x9, -1568      x15:000000c8  x9:00000001
17368652ns          295269 1c008f74 0f24d163 bge              x9, x18, 226         x9:00000001 x18:00000000
17368791ns          295276 1c009056 d00482e3 beq              x9, x0, -764         x9:00000001
17368811ns          295277 1c00905a 01900933 add              x18, x0, x25        x18=10001cfc x25:10001cfc
17368831ns          295278 1c00905c 419d8db3 sub              x27, x27, x25       x27=efffe31b x27:00000017 x25:10001cfc
17368871ns          295280 1c009060 00a0006f jal              x0, 10             
17368930ns          295283 1c00906a 0019450b p.lbu            x10, 1(x18!)        x10=00000033 x18=10001cfd x18:10001cfc  PA:10001cfc
17368950ns          295284 1c00906e 01a005b3 add              x11, x0, x26        x11=00000002 x26:00000002
17368970ns          295285 1c009070 000b00e7 jalr             x1, x22, 0           x1=1c009072 x22:1c008c78
17369050ns          295289 1c008c78 000026b7 lui              x13, 0x2000         x13=00002000
17369090ns          295291 1c008c7a f14027f3 csrrs            x15, x0, 0xf14      x15=00000003
17369109ns          295292 1c008c7e f8068693 addi             x13, x13, -128      x13=00001f80 x13:00002000
17369129ns          295293 1c008c82 00379713 slli             x14, x15, 0x3       x14=00000018 x15:00000003
17369149ns          295294 1c008c86 00279793 slli             x15, x15, 0x2       x15=0000000c x15:00000003
17369169ns          295295 1c008c88 00d7f7b3 and              x15, x15, x13       x15=00000000 x15:0000000c x13:00001f80
17369189ns          295296 1c008c8a ee873733 p.bclr           x14, x14, 23, 8     x14=00000018 x14:00000018
17369229ns          295298 1c008c8e 1a10f6b7 lui              x13, 0x1a10f000     x13=1a10f000
17369269ns          295300 1c008c92 0ff57513 andi             x10, x10, 255       x10=00000033 x10:00000033
17369288ns          295301 1c008c96 00d70733 add              x14, x14, x13       x14=1a10f018 x14:00000018 x13:1a10f000
17369308ns          295302 1c008c98 00a7e723 p.sw             x10, x0(x15)        x10:00000033 x15:00000000  PA:1a10f018
17369806ns          295327 1c008c9c 00000513 addi             x10, x0, 0          x10=00000000
17369825ns          295328 1c008c9e 00008067 jalr             x0, x1, 0            x1:1c009072
17369865ns          295330 1c009072 fff48493 addi             x9, x9, -1           x9=00000000  x9:00000001
17369885ns          295331 1c009074 fff537e3 p.bneimm         x10, -18            x10:00000000
17369965ns          295335 1c009062 012d8733 add              x14, x27, x18       x14=00000018 x27:efffe31b x18:10001cfd
17369985ns          295336 1c009066 5a048b63 beq              x9, x0, 1462         x9:00000000
17370084ns          295341 1c00961c 00e00db3 add              x27, x0, x14        x27=00000018 x14:00000018
17370164ns          295345 1c00961e f3cff06f jal              x0, -2244          
17370283ns          295351 1c008d5a 00044503 lbu              x10, 0(x8)          x10=0000000a  x8:1c0000cd  PA:1c0000cd
17370581ns          295366 1c008d5e 00140413 addi             x8, x8, 1            x8=1c0000ce  x8:1c0000cd
17370601ns          295367 1c008d60 00050e63 beq              x10, x0, 28         x10:0000000a
17370621ns          295368 1c008d62 02500793 addi             x15, x0, 37         x15=00000025
17370641ns          295369 1c008d66 04f50863 beq              x10, x15, 80        x10:0000000a x15:00000025
17370661ns          295370 1c008d6a 01a005b3 add              x11, x0, x26        x11=00000002 x26:00000002
17370681ns          295371 1c008d6c 000b00e7 jalr             x1, x22, 0           x1=1c008d6e x22:1c008c78
17370760ns          295375 1c008c78 000026b7 lui              x13, 0x2000         x13=00002000
17370780ns          295376 1c008c7a f14027f3 csrrs            x15, x0, 0xf14      x15=00000003
17370800ns          295377 1c008c7e f8068693 addi             x13, x13, -128      x13=00001f80 x13:00002000
17370820ns          295378 1c008c82 00379713 slli             x14, x15, 0x3       x14=00000018 x15:00000003
17370840ns          295379 1c008c86 00279793 slli             x15, x15, 0x2       x15=0000000c x15:00000003
17370860ns          295380 1c008c88 00d7f7b3 and              x15, x15, x13       x15=00000000 x15:0000000c x13:00001f80
17370880ns          295381 1c008c8a ee873733 p.bclr           x14, x14, 23, 8     x14=00000018 x14:00000018
17370900ns          295382 1c008c8e 1a10f6b7 lui              x13, 0x1a10f000     x13=1a10f000
17370919ns          295383 1c008c92 0ff57513 andi             x10, x10, 255       x10=0000000a x10:0000000a
17370939ns          295384 1c008c96 00d70733 add              x14, x14, x13       x14=1a10f018 x14:00000018 x13:1a10f000
17370959ns          295385 1c008c98 00a7e723 p.sw             x10, x0(x15)        x10:0000000a x15:00000000  PA:1a10f018
17371297ns          295402 1c008c9c 00000513 addi             x10, x0, 0          x10=00000000
17371317ns          295403 1c008c9e 00008067 jalr             x0, x1, 0            x1:1c008d6e
17371377ns          295406 1c008d6e 31f52563 p.beqimm         x10, 778            x10:00000000
17371397ns          295407 1c008d72 001d8d93 addi             x27, x27, 1         x27=00000019 x27:00000018
17371417ns          295408 1c008d74 00044503 lbu              x10, 0(x8)          x10=00000000  x8:1c0000ce  PA:1c0000ce
17371715ns          295423 1c008d78 00140413 addi             x8, x8, 1            x8=1c0000cf  x8:1c0000ce
17371735ns          295424 1c008d7a fe0514e3 bne              x10, x0, -24        x10:00000000
17371755ns          295425 1c008d7c 01b00433 add              x8, x0, x27          x8=00000019 x27:00000019
17371775ns          295426 1c008d7e 00800533 add              x10, x0, x8         x10=00000019  x8:00000019
17371795ns          295427 1c008d80 12c12083 lw               x1, 300(x2)          x1=1c008d0c  x2:10001cd8  PA:10001e04
17371815ns          295428 1c008d84 12812403 lw               x8, 296(x2)          x8=00000001  x2:10001cd8  PA:10001e00
17371834ns          295429 1c008d88 12412483 lw               x9, 292(x2)          x9=00000030  x2:10001cd8  PA:10001dfc
17371854ns          295430 1c008d8c 12012903 lw               x18, 288(x2)        x18=xxxxxxxx  x2:10001cd8  PA:10001df8
17371894ns          295432 1c008d90 11c12983 lw               x19, 284(x2)        x19=xxxxxxxx  x2:10001cd8  PA:10001df4
17371934ns          295434 1c008d94 11812a03 lw               x20, 280(x2)        x20=xxxxxxxx  x2:10001cd8  PA:10001df0
17371954ns          295435 1c008d98 11412a83 lw               x21, 276(x2)        x21=xxxxxxxx  x2:10001cd8  PA:10001dec
17371974ns          295436 1c008d9c 11012b03 lw               x22, 272(x2)        x22=xxxxxxxx  x2:10001cd8  PA:10001de8
17372033ns          295439 1c008da0 10c12b83 lw               x23, 268(x2)        x23=xxxxxxxx  x2:10001cd8  PA:10001de4
17372073ns          295441 1c008da4 10812c03 lw               x24, 264(x2)        x24=xxxxxxxx  x2:10001cd8  PA:10001de0
17372093ns          295442 1c008da8 10412c83 lw               x25, 260(x2)        x25=xxxxxxxx  x2:10001cd8  PA:10001ddc
17372113ns          295443 1c008dac 10012d03 lw               x26, 256(x2)        x26=xxxxxxxx  x2:10001cd8  PA:10001dd8
17372133ns          295444 1c008db0 0fc12d83 lw               x27, 252(x2)        x27=xxxxxxxx  x2:10001cd8  PA:10001dd4
17372153ns          295445 1c008db2 13010113 addi             x2, x2, 304          x2=10001e08  x2:10001cd8
17372173ns          295446 1c008db4 00008067 jalr             x0, x1, 0            x1:1c008d0c
17372252ns          295450 1c008d0c 01c12083 lw               x1, 28(x2)           x1=1c0086b0  x2:10001e08  PA:10001e24
17372272ns          295451 1c008d0e 04010113 addi             x2, x2, 64           x2=10001e48  x2:10001e08
17372332ns          295454 1c008d10 00008067 jalr             x0, x1, 0            x1:1c0086b0
17372411ns          295458 1c0086b0 00143513 sltiu            x10, x8, 1          x10=00000000  x8:00000001
17372451ns          295460 1c0086b4 1ac12083 lw               x1, 428(x2)          x1=1c009faa  x2:10001e48  PA:10001ff4
17372471ns          295461 1c0086b8 1a812403 lw               x8, 424(x2)          x8=xxxxxxxx  x2:10001e48  PA:10001ff0
17372491ns          295462 1c0086bc 1a412483 lw               x9, 420(x2)          x9=xxxxxxxx  x2:10001e48  PA:10001fec
17372551ns          295465 1c0086c0 1b010113 addi             x2, x2, 432          x2=10001ff8  x2:10001e48
17372570ns          295466 1c0086c2 00008067 jalr             x0, x1, 0            x1:1c009faa
17372690ns          295472 1c009faa f14027f3 csrrs            x15, x0, 0xf14      x15=00000003
17372749ns          295475 1c009fae f457b7b3 p.bclr           x15, x15, 26, 5     x15=00000003 x15:00000003
17372769ns          295476 1c009fb2 00079963 bne              x15, x0, 18         x15:00000003
17373088ns          295492 1c009fc4 002047b7 lui              x15, 0x204000       x15=00204000
17373127ns          295494 1c009fc8 fff00713 addi             x14, x0, -1         x14=ffffffff
17373147ns          295495 1c009fca 00e7a223 sw               x14, 4(x15)         x14:ffffffff x15:00204000  PA:00204004
