                Time          Cycles PC       Instr    Mnemonic
16668815ns          273049 1c008080 0640006f jal              x0, 100            
16669293ns          273073 1c0080e4 f1402573 csrrs            x10, x0, 0xf14      x10=00000002
16669333ns          273075 1c0080e8 01f57593 andi             x11, x10, 31        x11=00000002 x10:00000002
16669353ns          273076 1c0080ec 00555513 srli             x10, x10, 0x5       x10=00000000 x10:00000002
16669372ns          273077 1c0080ee 01f00613 addi             x12, x0, 31         x12=0000001f
16669790ns          273098 1c0080f0 00c50463 beq              x10, x12, 8         x10:00000000 x12:0000001f
16669830ns          273100 1c0080f4 fa1ff06f jal              x0, -96            
16670287ns          273123 1c008094 f3ff9117 auipc            x2, 0xf3ff9000       x2=10001094
16670327ns          273125 1c008098 b7010113 addi             x2, x2, -1168        x2=10000c04  x2:10001094
16670347ns          273126 1c00809c 00012103 lw               x2, 0(x2)            x2=10000c08  x2:10000c04  PA:10000c04
16670805ns          273149 1c0080a0 000011b7 lui              x3, 0x1000           x3=00001000
16670844ns          273151 1c0080a4 80018193 addi             x3, x3, -2048        x3=00000800  x3:00001000
16670864ns          273152 1c0080a8 00158593 addi             x11, x11, 1         x11=00000003 x11:00000002
16670884ns          273153 1c0080ac 02b180b3 mul              x1, x3, x11          x1=00001800  x3:00000800 x11:00000003
16671322ns          273175 1c0080b0 00110133 add              x2, x2, x1           x2=10002408  x2:10000c08  x1:00001800
16671362ns          273177 1c0080b4 5370106f jal              x0, 7478           
16671819ns          273200 1c009dea ff010113 addi             x2, x2, -16          x2=100023f8  x2:10002408
16671859ns          273202 1c009dec 00112623 sw               x1, 12(x2)           x1:00001800  x2:100023f8  PA:10002404
16672296ns          273224 1c009dee 002047b7 lui              x15, 0x204000       x15=00204000
16672336ns          273226 1c009df2 00070737 lui              x14, 0x70000        x14=00070000
16672356ns          273227 1c009df6 00e7a423 sw               x14, 8(x15)         x14:00070000 x15:00204000  PA:00204008
16672376ns          273228 1c009df8 00f00713 addi             x14, x0, 15         x14=0000000f
16672396ns          273229 1c009dfa 20078793 addi             x15, x15, 512       x15=00204200 x15:00204000
16672814ns          273250 1c009dfe 00e7a023 sw               x14, 0(x15)         x14:0000000f x15:00204200  PA:00204200
16672853ns          273252 1c009e02 00e7a623 sw               x14, 12(x15)        x14:0000000f x15:00204200  PA:0020420c
16672873ns          273253 1c009e06 1c0017b7 lui              x15, 0x1c001000     x15=1c001000
16672893ns          273254 1c009e0a 14c7a783 lw               x15, 332(x15)       x15=1c0084b6 x15:1c001000  PA:1c00114c
16673351ns          273277 1c009e0e 000780e7 jalr             x1, x15, 0           x1=1c009e10 x15:1c0084b6
16673888ns          273304 1c0084b6 f14027f3 csrrs            x15, x0, 0xf14      x15=00000002
16673908ns          273305 1c0084ba ca5797b3 p.extractu       x15, x15, 5, 5      x15=00000000 x15:00000002
16673927ns          273306 1c0084be 02079363 bne              x15, x0, 38         x15:00000000
16674345ns          273327 1c0084c0 1c001537 lui              x10, 0x1c001000     x10=1c001000
16674385ns          273329 1c0084c4 ff010113 addi             x2, x2, -16          x2=100023e8  x2:100023f8
16674405ns          273330 1c0084c6 10050513 addi             x10, x10, 256       x10=1c001100 x10:1c001000
16674425ns          273331 1c0084ca 00112623 sw               x1, 12(x2)           x1:1c009e10  x2:100023e8  PA:100023f4
16674445ns          273332 1c0084cc 00812423 sw               x8, 8(x2)            x8:xxxxxxxx  x2:100023e8  PA:100023f0
16674862ns          273353 1c0084ce 77a010ef jal              x1, 6010             x1=1c0084d2
16675320ns          273376 1c009c48 fb010113 addi             x2, x2, -80          x2=10002398  x2:100023e8
16675340ns          273377 1c009c4a 00052783 lw               x15, 0(x10)         x15=1c000040 x10:1c001100  PA:1c001100
16675777ns          273399 1c009c4c 04112623 sw               x1, 76(x2)           x1:1c0084d2  x2:10002398  PA:100023e4
16675797ns          273400 1c009c4e 04812423 sw               x8, 72(x2)           x8:xxxxxxxx  x2:10002398  PA:100023e0
16675817ns          273401 1c009c50 04912223 sw               x9, 68(x2)           x9:xxxxxxxx  x2:10002398  PA:100023dc
16675837ns          273402 1c009c52 05212023 sw               x18, 64(x2)         x18:xxxxxxxx  x2:10002398  PA:100023d8
16675857ns          273403 1c009c54 03312e23 sw               x19, 60(x2)         x19:xxxxxxxx  x2:10002398  PA:100023d4
16675877ns          273404 1c009c56 03412c23 sw               x20, 56(x2)         x20:xxxxxxxx  x2:10002398  PA:100023d0
16675897ns          273405 1c009c58 03512a23 sw               x21, 52(x2)         x21:xxxxxxxx  x2:10002398  PA:100023cc
16675916ns          273406 1c009c5a 03612823 sw               x22, 48(x2)         x22:xxxxxxxx  x2:10002398  PA:100023c8
16675936ns          273407 1c009c5c 03712623 sw               x23, 44(x2)         x23:xxxxxxxx  x2:10002398  PA:100023c4
16675956ns          273408 1c009c5e 03812423 sw               x24, 40(x2)         x24:xxxxxxxx  x2:10002398  PA:100023c0
16676314ns          273426 1c009c60 03912223 sw               x25, 36(x2)         x25:xxxxxxxx  x2:10002398  PA:100023bc
16676334ns          273427 1c009c62 03a12023 sw               x26, 32(x2)         x26:xxxxxxxx  x2:10002398  PA:100023b8
16676354ns          273428 1c009c64 01b12e23 sw               x27, 28(x2)         x27:xxxxxxxx  x2:10002398  PA:100023b4
16676374ns          273429 1c009c66 10078763 beq              x15, x0, 270        x15:1c000040
16676394ns          273430 1c009c6a 00850713 addi             x14, x10, 8         x14=1c001108 x10:1c001100
16676414ns          273431 1c009c6e 00000413 addi             x8, x0, 0            x8=00000000
16676831ns          273452 1c009c70 0087268b p.lw             x13, 8(x14!)        x13=00000000 x14=1c001110 x14:1c001108  PA:1c001108
16677209ns          273471 1c009c74 00140413 addi             x8, x8, 1            x8=00000001  x8:00000000
16677229ns          273472 1c009c76 fe069de3 bne              x13, x0, -6         x13:00000000
16677249ns          273473 1c009c78 00450d93 addi             x27, x10, 4         x27=1c001104 x10:1c001100
16677269ns          273474 1c009c7c 00341413 slli             x8, x8, 0x3          x8=00000008  x8:00000001
16677428ns          273482 1c009c7e 1c001a37 lui              x20, 0x1c001000     x20=1c001000
16677468ns          273484 1c009c82 1a10b937 lui              x18, 0x1a10b000     x18=1a10b000
16677488ns          273485 1c009c86 f14029f3 csrrs            x19, x0, 0xf14      x19=00000002
16677508ns          273486 1c009c8a 01b40433 add              x8, x8, x27          x8=1c00110c  x8:00000008 x27:1c001104
16677528ns          273487 1c009c8c 00000493 addi             x9, x0, 0            x9=00000000
16677945ns          273508 1c009c8e 1c00ab37 lui              x22, 0x1c00a000     x22=1c00a000
16677985ns          273510 1c009c92 1c00aab7 lui              x21, 0x1c00a000     x21=1c00a000
16678005ns          273511 1c009c96 110a0a13 addi             x20, x20, 272       x20=1c001110 x20:1c001000
16678025ns          273512 1c009c9a f459b9b3 p.bclr           x19, x19, 26, 5     x19=00000002 x19:00000002
16678045ns          273513 1c009c9e 00490913 addi             x18, x18, 4         x18=1a10b004 x18:1a10b000
16678463ns          273534 1c009ca0 1c000d37 lui              x26, 0x1c000000     x26=1c000000
16678502ns          273536 1c009ca4 1c000cb7 lui              x25, 0x1c000000     x25=1c000000
16678522ns          273537 1c009ca8 1c000c37 lui              x24, 0x1c000000     x24=1c000000
16678542ns          273538 1c009cac 1c000bb7 lui              x23, 0x1c000000     x23=1c000000
16678980ns          273560 1c009cb0 00c0006f jal              x0, 12             
16679019ns          273562 1c009cbc 00012623 sw               x0, 12(x2)           x2:10002398  PA:100023a4
16679457ns          273584 1c009cbe 00099763 bne              x19, x0, 14         x19:00000002
16679517ns          273587 1c009ccc 000da703 lw               x14, 0(x27)         x14=1c00813e x27:1c001104  PA:1c001104
16679994ns          273611 1c009cd0 c32b0613 addi             x12, x22, -974      x12=1c009c32 x22:1c00a000
16680034ns          273613 1c009cd4 c1aa8593 addi             x11, x21, -998      x11=1c009c1a x21:1c00a000
16680054ns          273614 1c009cd8 00810513 addi             x10, x2, 8          x10=100023a0  x2:10002398
16680074ns          273615 1c009cda 000700e7 jalr             x1, x14, 0           x1=1c009cdc x14:1c00813e
16681009ns          273662 1c00813e fc010113 addi             x2, x2, -64          x2=10002358  x2:10002398
16681486ns          273686 1c008140 02912a23 sw               x9, 52(x2)           x9:00000000  x2:10002358  PA:1000238c
16681526ns          273688 1c008142 f14024f3 csrrs            x9, x0, 0xf14        x9=00000002
16681546ns          273689 1c008146 f454b4b3 p.bclr           x9, x9, 26, 5        x9=00000002  x9:00000002
16681565ns          273690 1c00814a 02812c23 sw               x8, 56(x2)           x8:1c00110c  x2:10002358  PA:10002390
16681585ns          273691 1c00814c 03212823 sw               x18, 48(x2)         x18:1a10b004  x2:10002358  PA:10002388
16681605ns          273692 1c00814e 03312623 sw               x19, 44(x2)         x19:00000002  x2:10002358  PA:10002384
16682003ns          273712 1c008150 03412423 sw               x20, 40(x2)         x20:1c001110  x2:10002358  PA:10002380
16682023ns          273713 1c008152 03512223 sw               x21, 36(x2)         x21:1c00a000  x2:10002358  PA:1000237c
16682043ns          273714 1c008154 02112e23 sw               x1, 60(x2)           x1:1c009cdc  x2:10002358  PA:10002394
16682063ns          273715 1c008156 00249a93 slli             x21, x9, 0x2        x21=00000008  x9:00000002
16682083ns          273716 1c00815a 03612023 sw               x22, 32(x2)         x22:1c00a000  x2:10002358  PA:10002378
16682103ns          273717 1c00815c 01712e23 sw               x23, 28(x2)         x23:1c000000  x2:10002358  PA:10002374
16682122ns          273718 1c00815e 01812c23 sw               x24, 24(x2)         x24:1c000000  x2:10002358  PA:10002370
16682520ns          273738 1c008160 01912a23 sw               x25, 20(x2)         x25:1c000000  x2:10002358  PA:1000236c
16682540ns          273739 1c008162 01a12823 sw               x26, 16(x2)         x26:1c000000  x2:10002358  PA:10002368
16682560ns          273740 1c008164 01b12623 sw               x27, 12(x2)         x27:1c001104  x2:10002358  PA:10002364
16682580ns          273741 1c008166 00a009b3 add              x19, x0, x10        x19=100023a0 x10:100023a0
16682600ns          273742 1c008168 00b00433 add              x8, x0, x11          x8=1c009c1a x11:1c009c1a
16682620ns          273743 1c00816a 00c00933 add              x18, x0, x12        x18=1c009c32 x12:1c009c32
16682640ns          273744 1c00816c 004a8a13 addi             x20, x21, 4         x20=0000000c x21:00000008
16683037ns          273764 1c008170 1c048963 beq              x9, x0, 466          x9:00000002
16683077ns          273766 1c008174 58d010ef jal              x1, 7564             x1=1c008178
16683535ns          273789 1c009f00 f14027f3 csrrs            x15, x0, 0xf14      x15=00000002
16683574ns          273791 1c009f04 01f00713 addi             x14, x0, 31         x14=0000001f
16683594ns          273792 1c009f06 ca5797b3 p.extractu       x15, x15, 5, 5      x15=00000000 x15:00000002
16683614ns          273793 1c009f0a 00e78863 beq              x15, x14, 16        x15:00000000 x14:0000001f
16684151ns          273820 1c009f0e 002047b7 lui              x15, 0x204000       x15=00204000
16684191ns          273822 1c009f12 20078793 addi             x15, x15, 512       x15=00204200 x15:00204000
16684211ns          273823 1c009f16 01c7e703 p.elw            x14, 28(x15)        x14=00010000 x15:00204200  PA:0020421c
16886480ns          283992 1c009f1a 00008067 jalr             x0, x1, 0            x1:1c008178
16886520ns          283994 1c008178 00300793 addi             x15, x0, 3          x15=00000003
16886540ns          283995 1c00817a 3097e963 bltu             x15, x9, 786        x15:00000003  x9:00000002
16886560ns          283996 1c00817e 000400e7 jalr             x1, x8, 0            x1=1c008180  x8:1c009c1a
16887236ns          284030 1c009c1a f14027f3 csrrs            x15, x0, 0xf14      x15=00000002
16887673ns          284052 1c009c1e f457b7b3 p.bclr           x15, x15, 26, 5     x15=00000002 x15:00000002
16887693ns          284053 1c009c22 00079763 bne              x15, x0, 14         x15:00000002
16888191ns          284078 1c009c30 00008067 jalr             x0, x1, 0            x1:1c008180
16888230ns          284080 1c008180 100007b7 lui              x15, 0x10000000     x15=10000000
16888250ns          284081 1c008184 10000cb7 lui              x25, 0x10000000     x25=10000000
16888270ns          284082 1c008188 100acc33 p.exths          x24, x21, x0        x24=00000008 x21:00000008
16888290ns          284083 1c00818c 00478d13 addi             x26, x15, 4         x26=10000004 x15:10000000
16888708ns          284104 1c008190 404c8c93 addi             x25, x25, 1028      x25=10000404 x25:10000000
16888748ns          284106 1c008194 fffc4d93 xori             x27, x24, -1        x27=fffffff7 x24:00000008
16888767ns          284107 1c008198 014d8db3 add              x27, x27, x20       x27=00000003 x27:fffffff7 x20:0000000c
16888787ns          284108 1c00819a 001c0793 addi             x15, x24, 1         x15=00000009 x24:00000008
16889185ns          284128 1c00819e 100dddb3 p.exthz          x27, x27, x0        x27=00000003 x27:00000003
16889225ns          284130 1c0081a2 1007c7b3 p.exths          x15, x15, x0        x15=00000009 x15:00000009
16889245ns          284131 1c0081a6 100a4733 p.exths          x14, x20, x0        x14=0000000c x20:0000000c
16889265ns          284132 1c0081aa 001d8d93 addi             x27, x27, 1         x27=00000004 x27:00000003
16889285ns          284133 1c0081ac 30f74263 blt              x14, x15, 772       x14:0000000c x15:00000009
16889702ns          284154 1c0081b0 ffff87b7 lui              x15, 0xffff8000     x15=ffff8000
16889722ns          284155 1c0081b2 01500633 add              x12, x0, x21        x12=00000008 x21:00000008
16889742ns          284156 1c0081b4 2efa4e63 blt              x20, x15, 764       x20:0000000c x15:ffff8000
16889762ns          284157 1c0081b8 06fdc07b lp.setup         0x0, x27, 0x6f      x27:00000004
16889782ns          284158 1c0081bc 00661613 slli             x12, x12, 0x6       x12=00000200 x12:00000008
16890239ns          284181 1c0081be 00cd07b3 add              x15, x26, x12       x15=10000204 x26:10000004 x12:00000200
16890279ns          284183 1c0081c2 0007ab83 lw               x23, 0(x15)         x23=00000080 x15:10000204  PA:10000204
16890299ns          284184 1c0081c6 0047ab03 lw               x22, 4(x15)         x22=00000082 x15:10000204  PA:10000208
16890319ns          284185 1c0081ca 0087aa83 lw               x21, 8(x15)         x21=00000083 x15:10000204  PA:1000020c
16890757ns          284207 1c0081ce 00c7aa03 lw               x20, 12(x15)        x20=0000007d x15:10000204  PA:10000210
16890796ns          284209 1c0081d2 0107a083 lw               x1, 16(x15)          x1=0000007c x15:10000204  PA:10000214
16890816ns          284210 1c0081d6 0147a383 lw               x7, 20(x15)          x7=00000086 x15:10000204  PA:10000218
16890836ns          284211 1c0081da 0187a283 lw               x5, 24(x15)          x5=00000087 x15:10000204  PA:1000021c
16891254ns          284232 1c0081de 01c7af83 lw               x31, 28(x15)        x31=00000079 x15:10000204  PA:10000220
16891294ns          284234 1c0081e2 0207af03 lw               x30, 32(x15)        x30=00000078 x15:10000204  PA:10000224
16891313ns          284235 1c0081e6 0247ae83 lw               x29, 36(x15)        x29=0000008a x15:10000204  PA:10000228
16891333ns          284236 1c0081ea 0287ae03 lw               x28, 40(x15)        x28=0000008b x15:10000204  PA:1000022c
16891791ns          284259 1c0081ee 02c7a303 lw               x6, 44(x15)          x6=00000075 x15:10000204  PA:10000230
16891831ns          284261 1c0081f2 0307a883 lw               x17, 48(x15)        x17=00000074 x15:10000204  PA:10000234
16891850ns          284262 1c0081f6 0347a803 lw               x16, 52(x15)        x16=0000008e x15:10000204  PA:10000238
16891870ns          284263 1c0081fa 0387a503 lw               x10, 56(x15)        x10=0000008f x15:10000204  PA:1000023c
16891890ns          284264 1c0081fc 03c7a583 lw               x11, 60(x15)        x11=00000071 x15:10000204  PA:10000240
16892328ns          284286 1c0081fe 100017b7 lui              x15, 0x10001000     x15=10001000
16892368ns          284288 1c008202 80478793 addi             x15, x15, -2044     x15=10000804 x15:10001000
16892388ns          284289 1c008206 01900733 add              x14, x0, x25        x14=10000404 x25:10000404
16892407ns          284290 1c008208 00f60633 add              x12, x12, x15       x12=10000a04 x12:00000200 x15:10000804
16892427ns          284291 1c00820a 01000693 addi             x13, x0, 16         x13=00000010
16892447ns          284292 1c00820c 0406c0fb lp.setup         0x1, x13, 0x40      x13:00000010
16892845ns          284312 1c008210 0047278b p.lw             x15, 4(x14!)        x15=00000001 x14=10000408 x14:10000404  PA:10000404
16892885ns          284314 1c008214 03c72403 lw               x8, 60(x14)          x8=00000000 x14:10000408  PA:10000444
16892925ns          284316 1c008216 02fb87b3 mul              x15, x23, x15       x15=00000080 x23:00000080 x15:00000001
16892944ns          284317 1c00821a 428b07b3 p.mac            x15, x22, x8        x15=00000080 x15:00000080 x22:00000082  x8:00000000
16892964ns          284318 1c00821e 07c72403 lw               x8, 124(x14)         x8=00000001 x14:10000408  PA:10000484
16893342ns          284337 1c008220 428a87b3 p.mac            x15, x21, x8        x15=00000103 x15:00000080 x21:00000083  x8:00000001
16893382ns          284339 1c008224 0bc72403 lw               x8, 188(x14)         x8=00000000 x14:10000408  PA:100004c4
16893422ns          284341 1c008228 428a07b3 p.mac            x15, x20, x8        x15=00000103 x15:00000103 x20:0000007d  x8:00000000
16893442ns          284342 1c00822c 0fc72403 lw               x8, 252(x14)         x8=00000000 x14:10000408  PA:10000504
16893859ns          284363 1c008230 428087b3 p.mac            x15, x1, x8         x15=00000103 x15:00000103  x1:0000007c  x8:00000000
16893899ns          284365 1c008234 13c72403 lw               x8, 316(x14)         x8=00000001 x14:10000408  PA:10000544
16893939ns          284367 1c008238 428387b3 p.mac            x15, x7, x8         x15=00000189 x15:00000103  x7:00000086  x8:00000001
16893959ns          284368 1c00823c 17c72403 lw               x8, 380(x14)         x8=00000000 x14:10000408  PA:10000584
16894416ns          284391 1c008240 428287b3 p.mac            x15, x5, x8         x15=00000189 x15:00000189  x5:00000087  x8:00000000
16894456ns          284393 1c008244 1bc72403 lw               x8, 444(x14)         x8=00000000 x14:10000408  PA:100005c4
16894496ns          284395 1c008248 428f87b3 p.mac            x15, x31, x8        x15=00000189 x15:00000189 x31:00000079  x8:00000000
16894516ns          284396 1c00824c 1fc72403 lw               x8, 508(x14)         x8=00000000 x14:10000408  PA:10000604
16894934ns          284417 1c008250 428f07b3 p.mac            x15, x30, x8        x15=00000189 x15:00000189 x30:00000078  x8:00000000
16894973ns          284419 1c008254 23c72403 lw               x8, 572(x14)         x8=00000000 x14:10000408  PA:10000644
16895013ns          284421 1c008258 428e87b3 p.mac            x15, x29, x8        x15=00000189 x15:00000189 x29:0000008a  x8:00000000
16895033ns          284422 1c00825c 27c72403 lw               x8, 636(x14)         x8=00000000 x14:10000408  PA:10000684
16895431ns          284442 1c008260 428e07b3 p.mac            x15, x28, x8        x15=00000189 x15:00000189 x28:0000008b  x8:00000000
16895471ns          284444 1c008264 2bc72403 lw               x8, 700(x14)         x8=00000001 x14:10000408  PA:100006c4
16895510ns          284446 1c008268 428307b3 p.mac            x15, x6, x8         x15=000001fe x15:00000189  x6:00000075  x8:00000001
16895530ns          284447 1c00826c 2fc72403 lw               x8, 764(x14)         x8=00000000 x14:10000408  PA:10000704
16895948ns          284468 1c008270 428887b3 p.mac            x15, x17, x8        x15=000001fe x15:000001fe x17:00000074  x8:00000000
16895988ns          284470 1c008274 33c72403 lw               x8, 828(x14)         x8=00000000 x14:10000408  PA:10000744
16896028ns          284472 1c008278 428807b3 p.mac            x15, x16, x8        x15=000001fe x15:000001fe x16:0000008e  x8:00000000
16896047ns          284473 1c00827c 37c72403 lw               x8, 892(x14)         x8=00000000 x14:10000408  PA:10000784
16896485ns          284495 1c008280 428507b3 p.mac            x15, x10, x8        x15=000001fe x15:000001fe x10:0000008f  x8:00000000
16896525ns          284497 1c008284 3bc72403 lw               x8, 956(x14)         x8=00000000 x14:10000408  PA:100007c4
16896565ns          284499 1c008288 428587b3 p.mac            x15, x11, x8        x15=000001fe x15:000001fe x11:00000071  x8:00000000
16896584ns          284500 1c00828c 00f6222b p.sw             x15, 4(x12!)        x12=10000a08 x15:000001fe x12:10000a04  PA:10000a04
16896604ns          284501 1c008210 0047278b p.lw             x15, 4(x14!)        x15=00000000 x14=1000040c x14:10000408  PA:10000408
16896664ns          284504 1c008214 03c72403 lw               x8, 60(x14)          x8=00000000 x14:1000040c  PA:10000448
16896724ns          284507 1c008216 02fb87b3 mul              x15, x23, x15       x15=00000000 x23:00000080 x15:00000000
16896744ns          284508 1c00821a 428b07b3 p.mac            x15, x22, x8        x15=00000000 x15:00000000 x22:00000082  x8:00000000
16896764ns          284509 1c00821e 07c72403 lw               x8, 124(x14)         x8=00000001 x14:1000040c  PA:10000488
16896823ns          284512 1c008220 428a87b3 p.mac            x15, x21, x8        x15=00000083 x15:00000000 x21:00000083  x8:00000001
16896843ns          284513 1c008224 0bc72403 lw               x8, 188(x14)         x8=00000000 x14:1000040c  PA:100004c8
16896903ns          284516 1c008228 428a07b3 p.mac            x15, x20, x8        x15=00000083 x15:00000083 x20:0000007d  x8:00000000
16896923ns          284517 1c00822c 0fc72403 lw               x8, 252(x14)         x8=00000000 x14:1000040c  PA:10000508
16896982ns          284520 1c008230 428087b3 p.mac            x15, x1, x8         x15=00000083 x15:00000083  x1:0000007c  x8:00000000
16897002ns          284521 1c008234 13c72403 lw               x8, 316(x14)         x8=00000000 x14:1000040c  PA:10000548
16897062ns          284524 1c008238 428387b3 p.mac            x15, x7, x8         x15=00000083 x15:00000083  x7:00000086  x8:00000000
16897082ns          284525 1c00823c 17c72403 lw               x8, 380(x14)         x8=00000000 x14:1000040c  PA:10000588
16897141ns          284528 1c008240 428287b3 p.mac            x15, x5, x8         x15=00000083 x15:00000083  x5:00000087  x8:00000000
16897161ns          284529 1c008244 1bc72403 lw               x8, 444(x14)         x8=00000000 x14:1000040c  PA:100005c8
16897221ns          284532 1c008248 428f87b3 p.mac            x15, x31, x8        x15=00000083 x15:00000083 x31:00000079  x8:00000000
16897241ns          284533 1c00824c 1fc72403 lw               x8, 508(x14)         x8=00000000 x14:1000040c  PA:10000608
16897301ns          284536 1c008250 428f07b3 p.mac            x15, x30, x8        x15=00000083 x15:00000083 x30:00000078  x8:00000000
16897320ns          284537 1c008254 23c72403 lw               x8, 572(x14)         x8=00000000 x14:1000040c  PA:10000648
16897380ns          284540 1c008258 428e87b3 p.mac            x15, x29, x8        x15=00000083 x15:00000083 x29:0000008a  x8:00000000
16897400ns          284541 1c00825c 27c72403 lw               x8, 636(x14)         x8=00000000 x14:1000040c  PA:10000688
16897460ns          284544 1c008260 428e07b3 p.mac            x15, x28, x8        x15=00000083 x15:00000083 x28:0000008b  x8:00000000
16897480ns          284545 1c008264 2bc72403 lw               x8, 700(x14)         x8=00000001 x14:1000040c  PA:100006c8
16897539ns          284548 1c008268 428307b3 p.mac            x15, x6, x8         x15=000000f8 x15:00000083  x6:00000075  x8:00000001
16897559ns          284549 1c00826c 2fc72403 lw               x8, 764(x14)         x8=00000000 x14:1000040c  PA:10000708
16897619ns          284552 1c008270 428887b3 p.mac            x15, x17, x8        x15=000000f8 x15:000000f8 x17:00000074  x8:00000000
16897639ns          284553 1c008274 33c72403 lw               x8, 828(x14)         x8=00000001 x14:1000040c  PA:10000748
16897698ns          284556 1c008278 428807b3 p.mac            x15, x16, x8        x15=00000186 x15:000000f8 x16:0000008e  x8:00000001
16897718ns          284557 1c00827c 37c72403 lw               x8, 892(x14)         x8=00000000 x14:1000040c  PA:10000788
16897778ns          284560 1c008280 428507b3 p.mac            x15, x10, x8        x15=00000186 x15:00000186 x10:0000008f  x8:00000000
16897798ns          284561 1c008284 3bc72403 lw               x8, 956(x14)         x8=00000001 x14:1000040c  PA:100007c8
16897857ns          284564 1c008288 428587b3 p.mac            x15, x11, x8        x15=000001f7 x15:00000186 x11:00000071  x8:00000001
16897877ns          284565 1c00828c 00f6222b p.sw             x15, 4(x12!)        x12=10000a0c x15:000001f7 x12:10000a08  PA:10000a08
16898216ns          284582 1c008210 0047278b p.lw             x15, 4(x14!)        x15=00000000 x14=10000410 x14:1000040c  PA:1000040c
16898255ns          284584 1c008214 03c72403 lw               x8, 60(x14)          x8=00000000 x14:10000410  PA:1000044c
16898335ns          284588 1c008216 02fb87b3 mul              x15, x23, x15       x15=00000000 x23:00000080 x15:00000000
16898355ns          284589 1c00821a 428b07b3 p.mac            x15, x22, x8        x15=00000000 x15:00000000 x22:00000082  x8:00000000
16898375ns          284590 1c00821e 07c72403 lw               x8, 124(x14)         x8=00000001 x14:10000410  PA:1000048c
16898434ns          284593 1c008220 428a87b3 p.mac            x15, x21, x8        x15=00000083 x15:00000000 x21:00000083  x8:00000001
16898454ns          284594 1c008224 0bc72403 lw               x8, 188(x14)         x8=00000000 x14:10000410  PA:100004cc
16898514ns          284597 1c008228 428a07b3 p.mac            x15, x20, x8        x15=00000083 x15:00000083 x20:0000007d  x8:00000000
16898534ns          284598 1c00822c 0fc72403 lw               x8, 252(x14)         x8=00000000 x14:10000410  PA:1000050c
16898593ns          284601 1c008230 428087b3 p.mac            x15, x1, x8         x15=00000083 x15:00000083  x1:0000007c  x8:00000000
16898613ns          284602 1c008234 13c72403 lw               x8, 316(x14)         x8=00000000 x14:10000410  PA:1000054c
16898673ns          284605 1c008238 428387b3 p.mac            x15, x7, x8         x15=00000083 x15:00000083  x7:00000086  x8:00000000
16898693ns          284606 1c00823c 17c72403 lw               x8, 380(x14)         x8=00000000 x14:10000410  PA:1000058c
16898753ns          284609 1c008240 428287b3 p.mac            x15, x5, x8         x15=00000083 x15:00000083  x5:00000087  x8:00000000
16898772ns          284610 1c008244 1bc72403 lw               x8, 444(x14)         x8=00000000 x14:10000410  PA:100005cc
16898832ns          284613 1c008248 428f87b3 p.mac            x15, x31, x8        x15=00000083 x15:00000083 x31:00000079  x8:00000000
16898852ns          284614 1c00824c 1fc72403 lw               x8, 508(x14)         x8=00000000 x14:10000410  PA:1000060c
16898912ns          284617 1c008250 428f07b3 p.mac            x15, x30, x8        x15=00000083 x15:00000083 x30:00000078  x8:00000000
16898932ns          284618 1c008254 23c72403 lw               x8, 572(x14)         x8=00000000 x14:10000410  PA:1000064c
16898991ns          284621 1c008258 428e87b3 p.mac            x15, x29, x8        x15=00000083 x15:00000083 x29:0000008a  x8:00000000
16899011ns          284622 1c00825c 27c72403 lw               x8, 636(x14)         x8=00000001 x14:10000410  PA:1000068c
16899071ns          284625 1c008260 428e07b3 p.mac            x15, x28, x8        x15=0000010e x15:00000083 x28:0000008b  x8:00000001
16899091ns          284626 1c008264 2bc72403 lw               x8, 700(x14)         x8=00000000 x14:10000410  PA:100006cc
16899150ns          284629 1c008268 428307b3 p.mac            x15, x6, x8         x15=0000010e x15:0000010e  x6:00000075  x8:00000000
16899170ns          284630 1c00826c 2fc72403 lw               x8, 764(x14)         x8=00000000 x14:10000410  PA:1000070c
16899230ns          284633 1c008270 428887b3 p.mac            x15, x17, x8        x15=0000010e x15:0000010e x17:00000074  x8:00000000
16899250ns          284634 1c008274 33c72403 lw               x8, 828(x14)         x8=00000000 x14:10000410  PA:1000074c
16899310ns          284637 1c008278 428807b3 p.mac            x15, x16, x8        x15=0000010e x15:0000010e x16:0000008e  x8:00000000
16899329ns          284638 1c00827c 37c72403 lw               x8, 892(x14)         x8=00000000 x14:10000410  PA:1000078c
16899389ns          284641 1c008280 428507b3 p.mac            x15, x10, x8        x15=0000010e x15:0000010e x10:0000008f  x8:00000000
16899409ns          284642 1c008284 3bc72403 lw               x8, 956(x14)         x8=00000000 x14:10000410  PA:100007cc
16899449ns          284644 1c008288 428587b3 p.mac            x15, x11, x8        x15=0000010e x15:0000010e x11:00000071  x8:00000000
16899469ns          284645 1c00828c 00f6222b p.sw             x15, 4(x12!)        x12=10000a10 x15:0000010e x12:10000a0c  PA:10000a0c
16899489ns          284646 1c008210 0047278b p.lw             x15, 4(x14!)        x15=00000001 x14=10000414 x14:10000410  PA:10000410
16899528ns          284648 1c008214 03c72403 lw               x8, 60(x14)          x8=00000000 x14:10000414  PA:10000450
16899588ns          284651 1c008216 02fb87b3 mul              x15, x23, x15       x15=00000080 x23:00000080 x15:00000001
16899608ns          284652 1c00821a 428b07b3 p.mac            x15, x22, x8        x15=00000080 x15:00000080 x22:00000082  x8:00000000
16899628ns          284653 1c00821e 07c72403 lw               x8, 124(x14)         x8=00000000 x14:10000414  PA:10000490
16899687ns          284656 1c008220 428a87b3 p.mac            x15, x21, x8        x15=00000080 x15:00000080 x21:00000083  x8:00000000
16899707ns          284657 1c008224 0bc72403 lw               x8, 188(x14)         x8=00000000 x14:10000414  PA:100004d0
16899767ns          284660 1c008228 428a07b3 p.mac            x15, x20, x8        x15=00000080 x15:00000080 x20:0000007d  x8:00000000
16899787ns          284661 1c00822c 0fc72403 lw               x8, 252(x14)         x8=00000000 x14:10000414  PA:10000510
16899847ns          284664 1c008230 428087b3 p.mac            x15, x1, x8         x15=00000080 x15:00000080  x1:0000007c  x8:00000000
16899866ns          284665 1c008234 13c72403 lw               x8, 316(x14)         x8=00000000 x14:10000414  PA:10000550
16899926ns          284668 1c008238 428387b3 p.mac            x15, x7, x8         x15=00000080 x15:00000080  x7:00000086  x8:00000000
16899946ns          284669 1c00823c 17c72403 lw               x8, 380(x14)         x8=00000000 x14:10000414  PA:10000590
16900006ns          284672 1c008240 428287b3 p.mac            x15, x5, x8         x15=00000080 x15:00000080  x5:00000087  x8:00000000
16900026ns          284673 1c008244 1bc72403 lw               x8, 444(x14)         x8=00000000 x14:10000414  PA:100005d0
16900085ns          284676 1c008248 428f87b3 p.mac            x15, x31, x8        x15=00000080 x15:00000080 x31:00000079  x8:00000000
16900105ns          284677 1c00824c 1fc72403 lw               x8, 508(x14)         x8=00000000 x14:10000414  PA:10000610
16900165ns          284680 1c008250 428f07b3 p.mac            x15, x30, x8        x15=00000080 x15:00000080 x30:00000078  x8:00000000
16900185ns          284681 1c008254 23c72403 lw               x8, 572(x14)         x8=00000000 x14:10000414  PA:10000650
16900244ns          284684 1c008258 428e87b3 p.mac            x15, x29, x8        x15=00000080 x15:00000080 x29:0000008a  x8:00000000
16900264ns          284685 1c00825c 27c72403 lw               x8, 636(x14)         x8=00000001 x14:10000414  PA:10000690
16900324ns          284688 1c008260 428e07b3 p.mac            x15, x28, x8        x15=0000010b x15:00000080 x28:0000008b  x8:00000001
16900344ns          284689 1c008264 2bc72403 lw               x8, 700(x14)         x8=00000000 x14:10000414  PA:100006d0
16900404ns          284692 1c008268 428307b3 p.mac            x15, x6, x8         x15=0000010b x15:0000010b  x6:00000075  x8:00000000
16900423ns          284693 1c00826c 2fc72403 lw               x8, 764(x14)         x8=00000001 x14:10000414  PA:10000710
16900483ns          284696 1c008270 428887b3 p.mac            x15, x17, x8        x15=0000017f x15:0000010b x17:00000074  x8:00000001
16900503ns          284697 1c008274 33c72403 lw               x8, 828(x14)         x8=00000000 x14:10000414  PA:10000750
16900563ns          284700 1c008278 428807b3 p.mac            x15, x16, x8        x15=0000017f x15:0000017f x16:0000008e  x8:00000000
16900583ns          284701 1c00827c 37c72403 lw               x8, 892(x14)         x8=00000000 x14:10000414  PA:10000790
16900642ns          284704 1c008280 428507b3 p.mac            x15, x10, x8        x15=0000017f x15:0000017f x10:0000008f  x8:00000000
16900662ns          284705 1c008284 3bc72403 lw               x8, 956(x14)         x8=00000000 x14:10000414  PA:100007d0
16900702ns          284707 1c008288 428587b3 p.mac            x15, x11, x8        x15=0000017f x15:0000017f x11:00000071  x8:00000000
16900722ns          284708 1c00828c 00f6222b p.sw             x15, 4(x12!)        x12=10000a14 x15:0000017f x12:10000a10  PA:10000a10
16900742ns          284709 1c008210 0047278b p.lw             x15, 4(x14!)        x15=00000000 x14=10000418 x14:10000414  PA:10000414
16900801ns          284712 1c008214 03c72403 lw               x8, 60(x14)          x8=00000000 x14:10000418  PA:10000454
16900841ns          284714 1c008216 02fb87b3 mul              x15, x23, x15       x15=00000000 x23:00000080 x15:00000000
16900861ns          284715 1c00821a 428b07b3 p.mac            x15, x22, x8        x15=00000000 x15:00000000 x22:00000082  x8:00000000
16900881ns          284716 1c00821e 07c72403 lw               x8, 124(x14)         x8=00000000 x14:10000418  PA:10000494
16900941ns          284719 1c008220 428a87b3 p.mac            x15, x21, x8        x15=00000000 x15:00000000 x21:00000083  x8:00000000
16900960ns          284720 1c008224 0bc72403 lw               x8, 188(x14)         x8=00000000 x14:10000418  PA:100004d4
16901020ns          284723 1c008228 428a07b3 p.mac            x15, x20, x8        x15=00000000 x15:00000000 x20:0000007d  x8:00000000
16901040ns          284724 1c00822c 0fc72403 lw               x8, 252(x14)         x8=00000001 x14:10000418  PA:10000514
16901100ns          284727 1c008230 428087b3 p.mac            x15, x1, x8         x15=0000007c x15:00000000  x1:0000007c  x8:00000001
16901120ns          284728 1c008234 13c72403 lw               x8, 316(x14)         x8=00000000 x14:10000418  PA:10000554
16901179ns          284731 1c008238 428387b3 p.mac            x15, x7, x8         x15=0000007c x15:0000007c  x7:00000086  x8:00000000
16901199ns          284732 1c00823c 17c72403 lw               x8, 380(x14)         x8=00000000 x14:10000418  PA:10000594
16901259ns          284735 1c008240 428287b3 p.mac            x15, x5, x8         x15=0000007c x15:0000007c  x5:00000087  x8:00000000
16901279ns          284736 1c008244 1bc72403 lw               x8, 444(x14)         x8=00000000 x14:10000418  PA:100005d4
16901338ns          284739 1c008248 428f87b3 p.mac            x15, x31, x8        x15=0000007c x15:0000007c x31:00000079  x8:00000000
16901358ns          284740 1c00824c 1fc72403 lw               x8, 508(x14)         x8=00000000 x14:10000418  PA:10000614
16901418ns          284743 1c008250 428f07b3 p.mac            x15, x30, x8        x15=0000007c x15:0000007c x30:00000078  x8:00000000
16901438ns          284744 1c008254 23c72403 lw               x8, 572(x14)         x8=00000001 x14:10000418  PA:10000654
16901498ns          284747 1c008258 428e87b3 p.mac            x15, x29, x8        x15=00000106 x15:0000007c x29:0000008a  x8:00000001
16901517ns          284748 1c00825c 27c72403 lw               x8, 636(x14)         x8=00000000 x14:10000418  PA:10000694
16901577ns          284751 1c008260 428e07b3 p.mac            x15, x28, x8        x15=00000106 x15:00000106 x28:0000008b  x8:00000000
16901597ns          284752 1c008264 2bc72403 lw               x8, 700(x14)         x8=00000000 x14:10000418  PA:100006d4
16901657ns          284755 1c008268 428307b3 p.mac            x15, x6, x8         x15=00000106 x15:00000106  x6:00000075  x8:00000000
16901677ns          284756 1c00826c 2fc72403 lw               x8, 764(x14)         x8=00000000 x14:10000418  PA:10000714
16901736ns          284759 1c008270 428887b3 p.mac            x15, x17, x8        x15=00000106 x15:00000106 x17:00000074  x8:00000000
16901756ns          284760 1c008274 33c72403 lw               x8, 828(x14)         x8=00000000 x14:10000418  PA:10000754
16901816ns          284763 1c008278 428807b3 p.mac            x15, x16, x8        x15=00000106 x15:00000106 x16:0000008e  x8:00000000
16901836ns          284764 1c00827c 37c72403 lw               x8, 892(x14)         x8=00000000 x14:10000418  PA:10000794
16901875ns          284766 1c008280 428507b3 p.mac            x15, x10, x8        x15=00000106 x15:00000106 x10:0000008f  x8:00000000
16901895ns          284767 1c008284 3bc72403 lw               x8, 956(x14)         x8=00000000 x14:10000418  PA:100007d4
16901935ns          284769 1c008288 428587b3 p.mac            x15, x11, x8        x15=00000106 x15:00000106 x11:00000071  x8:00000000
16901955ns          284770 1c00828c 00f6222b p.sw             x15, 4(x12!)        x12=10000a18 x15:00000106 x12:10000a14  PA:10000a14
16901975ns          284771 1c008210 0047278b p.lw             x15, 4(x14!)        x15=00000000 x14=1000041c x14:10000418  PA:10000418
16902035ns          284774 1c008214 03c72403 lw               x8, 60(x14)          x8=00000000 x14:1000041c  PA:10000458
16902074ns          284776 1c008216 02fb87b3 mul              x15, x23, x15       x15=00000000 x23:00000080 x15:00000000
16902094ns          284777 1c00821a 428b07b3 p.mac            x15, x22, x8        x15=00000000 x15:00000000 x22:00000082  x8:00000000
16902114ns          284778 1c00821e 07c72403 lw               x8, 124(x14)         x8=00000000 x14:1000041c  PA:10000498
16902174ns          284781 1c008220 428a87b3 p.mac            x15, x21, x8        x15=00000000 x15:00000000 x21:00000083  x8:00000000
16902194ns          284782 1c008224 0bc72403 lw               x8, 188(x14)         x8=00000000 x14:1000041c  PA:100004d8
16902253ns          284785 1c008228 428a07b3 p.mac            x15, x20, x8        x15=00000000 x15:00000000 x20:0000007d  x8:00000000
16902273ns          284786 1c00822c 0fc72403 lw               x8, 252(x14)         x8=00000000 x14:1000041c  PA:10000518
16902333ns          284789 1c008230 428087b3 p.mac            x15, x1, x8         x15=00000000 x15:00000000  x1:0000007c  x8:00000000
16902353ns          284790 1c008234 13c72403 lw               x8, 316(x14)         x8=00000000 x14:1000041c  PA:10000558
16902412ns          284793 1c008238 428387b3 p.mac            x15, x7, x8         x15=00000000 x15:00000000  x7:00000086  x8:00000000
16902432ns          284794 1c00823c 17c72403 lw               x8, 380(x14)         x8=00000000 x14:1000041c  PA:10000598
16902492ns          284797 1c008240 428287b3 p.mac            x15, x5, x8         x15=00000000 x15:00000000  x5:00000087  x8:00000000
16902512ns          284798 1c008244 1bc72403 lw               x8, 444(x14)         x8=00000000 x14:1000041c  PA:100005d8
16902572ns          284801 1c008248 428f87b3 p.mac            x15, x31, x8        x15=00000000 x15:00000000 x31:00000079  x8:00000000
16902591ns          284802 1c00824c 1fc72403 lw               x8, 508(x14)         x8=00000000 x14:1000041c  PA:10000618
16902651ns          284805 1c008250 428f07b3 p.mac            x15, x30, x8        x15=00000000 x15:00000000 x30:00000078  x8:00000000
16902671ns          284806 1c008254 23c72403 lw               x8, 572(x14)         x8=00000000 x14:1000041c  PA:10000658
16902731ns          284809 1c008258 428e87b3 p.mac            x15, x29, x8        x15=00000000 x15:00000000 x29:0000008a  x8:00000000
16902751ns          284810 1c00825c 27c72403 lw               x8, 636(x14)         x8=00000000 x14:1000041c  PA:10000698
16902810ns          284813 1c008260 428e07b3 p.mac            x15, x28, x8        x15=00000000 x15:00000000 x28:0000008b  x8:00000000
16902830ns          284814 1c008264 2bc72403 lw               x8, 700(x14)         x8=00000000 x14:1000041c  PA:100006d8
16902890ns          284817 1c008268 428307b3 p.mac            x15, x6, x8         x15=00000000 x15:00000000  x6:00000075  x8:00000000
16902910ns          284818 1c00826c 2fc72403 lw               x8, 764(x14)         x8=00000000 x14:1000041c  PA:10000718
16902969ns          284821 1c008270 428887b3 p.mac            x15, x17, x8        x15=00000000 x15:00000000 x17:00000074  x8:00000000
16902989ns          284822 1c008274 33c72403 lw               x8, 828(x14)         x8=00000000 x14:1000041c  PA:10000758
16903049ns          284825 1c008278 428807b3 p.mac            x15, x16, x8        x15=00000000 x15:00000000 x16:0000008e  x8:00000000
16903069ns          284826 1c00827c 37c72403 lw               x8, 892(x14)         x8=00000000 x14:1000041c  PA:10000798
16903109ns          284828 1c008280 428507b3 p.mac            x15, x10, x8        x15=00000000 x15:00000000 x10:0000008f  x8:00000000
16903129ns          284829 1c008284 3bc72403 lw               x8, 956(x14)         x8=00000000 x14:1000041c  PA:100007d8
16903168ns          284831 1c008288 428587b3 p.mac            x15, x11, x8        x15=00000000 x15:00000000 x11:00000071  x8:00000000
16903188ns          284832 1c00828c 00f6222b p.sw             x15, 4(x12!)        x12=10000a1c x15:00000000 x12:10000a18  PA:10000a18
16903208ns          284833 1c008210 0047278b p.lw             x15, 4(x14!)        x15=00000000 x14=10000420 x14:1000041c  PA:1000041c
16903268ns          284836 1c008214 03c72403 lw               x8, 60(x14)          x8=00000001 x14:10000420  PA:1000045c
16903308ns          284838 1c008216 02fb87b3 mul              x15, x23, x15       x15=00000000 x23:00000080 x15:00000000
16903327ns          284839 1c00821a 428b07b3 p.mac            x15, x22, x8        x15=00000082 x15:00000000 x22:00000082  x8:00000001
16903347ns          284840 1c00821e 07c72403 lw               x8, 124(x14)         x8=00000001 x14:10000420  PA:1000049c
16903407ns          284843 1c008220 428a87b3 p.mac            x15, x21, x8        x15=00000105 x15:00000082 x21:00000083  x8:00000001
16903427ns          284844 1c008224 0bc72403 lw               x8, 188(x14)         x8=00000000 x14:10000420  PA:100004dc
16903487ns          284847 1c008228 428a07b3 p.mac            x15, x20, x8        x15=00000105 x15:00000105 x20:0000007d  x8:00000000
16903506ns          284848 1c00822c 0fc72403 lw               x8, 252(x14)         x8=00000000 x14:10000420  PA:1000051c
16903566ns          284851 1c008230 428087b3 p.mac            x15, x1, x8         x15=00000105 x15:00000105  x1:0000007c  x8:00000000
16903586ns          284852 1c008234 13c72403 lw               x8, 316(x14)         x8=00000001 x14:10000420  PA:1000055c
16903646ns          284855 1c008238 428387b3 p.mac            x15, x7, x8         x15=0000018b x15:00000105  x7:00000086  x8:00000001
16903666ns          284856 1c00823c 17c72403 lw               x8, 380(x14)         x8=00000000 x14:10000420  PA:1000059c
16903725ns          284859 1c008240 428287b3 p.mac            x15, x5, x8         x15=0000018b x15:0000018b  x5:00000087  x8:00000000
16903745ns          284860 1c008244 1bc72403 lw               x8, 444(x14)         x8=00000000 x14:10000420  PA:100005dc
16903805ns          284863 1c008248 428f87b3 p.mac            x15, x31, x8        x15=0000018b x15:0000018b x31:00000079  x8:00000000
16903825ns          284864 1c00824c 1fc72403 lw               x8, 508(x14)         x8=00000000 x14:10000420  PA:1000061c
16903884ns          284867 1c008250 428f07b3 p.mac            x15, x30, x8        x15=0000018b x15:0000018b x30:00000078  x8:00000000
16903904ns          284868 1c008254 23c72403 lw               x8, 572(x14)         x8=00000000 x14:10000420  PA:1000065c
16903964ns          284871 1c008258 428e87b3 p.mac            x15, x29, x8        x15=0000018b x15:0000018b x29:0000008a  x8:00000000
16903984ns          284872 1c00825c 27c72403 lw               x8, 636(x14)         x8=00000000 x14:10000420  PA:1000069c
16904044ns          284875 1c008260 428e07b3 p.mac            x15, x28, x8        x15=0000018b x15:0000018b x28:0000008b  x8:00000000
16904063ns          284876 1c008264 2bc72403 lw               x8, 700(x14)         x8=00000000 x14:10000420  PA:100006dc
16904123ns          284879 1c008268 428307b3 p.mac            x15, x6, x8         x15=0000018b x15:0000018b  x6:00000075  x8:00000000
16904143ns          284880 1c00826c 2fc72403 lw               x8, 764(x14)         x8=00000000 x14:10000420  PA:1000071c
16904203ns          284883 1c008270 428887b3 p.mac            x15, x17, x8        x15=0000018b x15:0000018b x17:00000074  x8:00000000
16904223ns          284884 1c008274 33c72403 lw               x8, 828(x14)         x8=00000000 x14:10000420  PA:1000075c
16904282ns          284887 1c008278 428807b3 p.mac            x15, x16, x8        x15=0000018b x15:0000018b x16:0000008e  x8:00000000
16904302ns          284888 1c00827c 37c72403 lw               x8, 892(x14)         x8=00000000 x14:10000420  PA:1000079c
16904342ns          284890 1c008280 428507b3 p.mac            x15, x10, x8        x15=0000018b x15:0000018b x10:0000008f  x8:00000000
16904362ns          284891 1c008284 3bc72403 lw               x8, 956(x14)         x8=00000000 x14:10000420  PA:100007dc
16904402ns          284893 1c008288 428587b3 p.mac            x15, x11, x8        x15=0000018b x15:0000018b x11:00000071  x8:00000000
16904421ns          284894 1c00828c 00f6222b p.sw             x15, 4(x12!)        x12=10000a20 x15:0000018b x12:10000a1c  PA:10000a1c
16904441ns          284895 1c008210 0047278b p.lw             x15, 4(x14!)        x15=00000000 x14=10000424 x14:10000420  PA:10000420
16904501ns          284898 1c008214 03c72403 lw               x8, 60(x14)          x8=00000000 x14:10000424  PA:10000460
16904541ns          284900 1c008216 02fb87b3 mul              x15, x23, x15       x15=00000000 x23:00000080 x15:00000000
16904561ns          284901 1c00821a 428b07b3 p.mac            x15, x22, x8        x15=00000000 x15:00000000 x22:00000082  x8:00000000
16904581ns          284902 1c00821e 07c72403 lw               x8, 124(x14)         x8=00000000 x14:10000424  PA:100004a0
16904640ns          284905 1c008220 428a87b3 p.mac            x15, x21, x8        x15=00000000 x15:00000000 x21:00000083  x8:00000000
16904660ns          284906 1c008224 0bc72403 lw               x8, 188(x14)         x8=00000000 x14:10000424  PA:100004e0
16904720ns          284909 1c008228 428a07b3 p.mac            x15, x20, x8        x15=00000000 x15:00000000 x20:0000007d  x8:00000000
16904740ns          284910 1c00822c 0fc72403 lw               x8, 252(x14)         x8=00000000 x14:10000424  PA:10000520
16904799ns          284913 1c008230 428087b3 p.mac            x15, x1, x8         x15=00000000 x15:00000000  x1:0000007c  x8:00000000
16904819ns          284914 1c008234 13c72403 lw               x8, 316(x14)         x8=00000000 x14:10000424  PA:10000560
16904879ns          284917 1c008238 428387b3 p.mac            x15, x7, x8         x15=00000000 x15:00000000  x7:00000086  x8:00000000
16904899ns          284918 1c00823c 17c72403 lw               x8, 380(x14)         x8=00000000 x14:10000424  PA:100005a0
16904958ns          284921 1c008240 428287b3 p.mac            x15, x5, x8         x15=00000000 x15:00000000  x5:00000087  x8:00000000
16904978ns          284922 1c008244 1bc72403 lw               x8, 444(x14)         x8=00000000 x14:10000424  PA:100005e0
16905038ns          284925 1c008248 428f87b3 p.mac            x15, x31, x8        x15=00000000 x15:00000000 x31:00000079  x8:00000000
16905058ns          284926 1c00824c 1fc72403 lw               x8, 508(x14)         x8=00000001 x14:10000424  PA:10000620
16905118ns          284929 1c008250 428f07b3 p.mac            x15, x30, x8        x15=00000078 x15:00000000 x30:00000078  x8:00000001
16905138ns          284930 1c008254 23c72403 lw               x8, 572(x14)         x8=00000000 x14:10000424  PA:10000660
16905197ns          284933 1c008258 428e87b3 p.mac            x15, x29, x8        x15=00000078 x15:00000078 x29:0000008a  x8:00000000
16905217ns          284934 1c00825c 27c72403 lw               x8, 636(x14)         x8=00000000 x14:10000424  PA:100006a0
16905277ns          284937 1c008260 428e07b3 p.mac            x15, x28, x8        x15=00000078 x15:00000078 x28:0000008b  x8:00000000
16905297ns          284938 1c008264 2bc72403 lw               x8, 700(x14)         x8=00000000 x14:10000424  PA:100006e0
16905356ns          284941 1c008268 428307b3 p.mac            x15, x6, x8         x15=00000078 x15:00000078  x6:00000075  x8:00000000
16905376ns          284942 1c00826c 2fc72403 lw               x8, 764(x14)         x8=00000001 x14:10000424  PA:10000720
16905436ns          284945 1c008270 428887b3 p.mac            x15, x17, x8        x15=000000ec x15:00000078 x17:00000074  x8:00000001
16905456ns          284946 1c008274 33c72403 lw               x8, 828(x14)         x8=00000000 x14:10000424  PA:10000760
16905515ns          284949 1c008278 428807b3 p.mac            x15, x16, x8        x15=000000ec x15:000000ec x16:0000008e  x8:00000000
16905535ns          284950 1c00827c 37c72403 lw               x8, 892(x14)         x8=00000000 x14:10000424  PA:100007a0
16905575ns          284952 1c008280 428507b3 p.mac            x15, x10, x8        x15=000000ec x15:000000ec x10:0000008f  x8:00000000
16905595ns          284953 1c008284 3bc72403 lw               x8, 956(x14)         x8=00000000 x14:10000424  PA:100007e0
16905635ns          284955 1c008288 428587b3 p.mac            x15, x11, x8        x15=000000ec x15:000000ec x11:00000071  x8:00000000
16905655ns          284956 1c00828c 00f6222b p.sw             x15, 4(x12!)        x12=10000a24 x15:000000ec x12:10000a20  PA:10000a20
16905675ns          284957 1c008210 0047278b p.lw             x15, 4(x14!)        x15=00000000 x14=10000428 x14:10000424  PA:10000424
16905734ns          284960 1c008214 03c72403 lw               x8, 60(x14)          x8=00000000 x14:10000428  PA:10000464
16905774ns          284962 1c008216 02fb87b3 mul              x15, x23, x15       x15=00000000 x23:00000080 x15:00000000
16905794ns          284963 1c00821a 428b07b3 p.mac            x15, x22, x8        x15=00000000 x15:00000000 x22:00000082  x8:00000000
16905814ns          284964 1c00821e 07c72403 lw               x8, 124(x14)         x8=00000001 x14:10000428  PA:100004a4
16905873ns          284967 1c008220 428a87b3 p.mac            x15, x21, x8        x15=00000083 x15:00000000 x21:00000083  x8:00000001
16905893ns          284968 1c008224 0bc72403 lw               x8, 188(x14)         x8=00000000 x14:10000428  PA:100004e4
16905953ns          284971 1c008228 428a07b3 p.mac            x15, x20, x8        x15=00000083 x15:00000083 x20:0000007d  x8:00000000
16905973ns          284972 1c00822c 0fc72403 lw               x8, 252(x14)         x8=00000000 x14:10000428  PA:10000524
16906033ns          284975 1c008230 428087b3 p.mac            x15, x1, x8         x15=00000083 x15:00000083  x1:0000007c  x8:00000000
16906052ns          284976 1c008234 13c72403 lw               x8, 316(x14)         x8=00000000 x14:10000428  PA:10000564
16906112ns          284979 1c008238 428387b3 p.mac            x15, x7, x8         x15=00000083 x15:00000083  x7:00000086  x8:00000000
16906132ns          284980 1c00823c 17c72403 lw               x8, 380(x14)         x8=00000000 x14:10000428  PA:100005a4
16906192ns          284983 1c008240 428287b3 p.mac            x15, x5, x8         x15=00000083 x15:00000083  x5:00000087  x8:00000000
16906212ns          284984 1c008244 1bc72403 lw               x8, 444(x14)         x8=00000000 x14:10000428  PA:100005e4
16906271ns          284987 1c008248 428f87b3 p.mac            x15, x31, x8        x15=00000083 x15:00000083 x31:00000079  x8:00000000
16906291ns          284988 1c00824c 1fc72403 lw               x8, 508(x14)         x8=00000000 x14:10000428  PA:10000624
16906351ns          284991 1c008250 428f07b3 p.mac            x15, x30, x8        x15=00000083 x15:00000083 x30:00000078  x8:00000000
16906371ns          284992 1c008254 23c72403 lw               x8, 572(x14)         x8=00000000 x14:10000428  PA:10000664
16906430ns          284995 1c008258 428e87b3 p.mac            x15, x29, x8        x15=00000083 x15:00000083 x29:0000008a  x8:00000000
16906450ns          284996 1c00825c 27c72403 lw               x8, 636(x14)         x8=00000000 x14:10000428  PA:100006a4
16906510ns          284999 1c008260 428e07b3 p.mac            x15, x28, x8        x15=00000083 x15:00000083 x28:0000008b  x8:00000000
16906530ns          285000 1c008264 2bc72403 lw               x8, 700(x14)         x8=00000000 x14:10000428  PA:100006e4
16906590ns          285003 1c008268 428307b3 p.mac            x15, x6, x8         x15=00000083 x15:00000083  x6:00000075  x8:00000000
16906609ns          285004 1c00826c 2fc72403 lw               x8, 764(x14)         x8=00000001 x14:10000428  PA:10000724
16906669ns          285007 1c008270 428887b3 p.mac            x15, x17, x8        x15=000000f7 x15:00000083 x17:00000074  x8:00000001
16906689ns          285008 1c008274 33c72403 lw               x8, 828(x14)         x8=00000001 x14:10000428  PA:10000764
16906749ns          285011 1c008278 428807b3 p.mac            x15, x16, x8        x15=00000185 x15:000000f7 x16:0000008e  x8:00000001
16906769ns          285012 1c00827c 37c72403 lw               x8, 892(x14)         x8=00000000 x14:10000428  PA:100007a4
16906808ns          285014 1c008280 428507b3 p.mac            x15, x10, x8        x15=00000185 x15:00000185 x10:0000008f  x8:00000000
16906828ns          285015 1c008284 3bc72403 lw               x8, 956(x14)         x8=00000000 x14:10000428  PA:100007e4
16906868ns          285017 1c008288 428587b3 p.mac            x15, x11, x8        x15=00000185 x15:00000185 x11:00000071  x8:00000000
16906888ns          285018 1c00828c 00f6222b p.sw             x15, 4(x12!)        x12=10000a28 x15:00000185 x12:10000a24  PA:10000a24
16906908ns          285019 1c008210 0047278b p.lw             x15, 4(x14!)        x15=00000000 x14=1000042c x14:10000428  PA:10000428
16906967ns          285022 1c008214 03c72403 lw               x8, 60(x14)          x8=00000000 x14:1000042c  PA:10000468
16907007ns          285024 1c008216 02fb87b3 mul              x15, x23, x15       x15=00000000 x23:00000080 x15:00000000
16907027ns          285025 1c00821a 428b07b3 p.mac            x15, x22, x8        x15=00000000 x15:00000000 x22:00000082  x8:00000000
16907047ns          285026 1c00821e 07c72403 lw               x8, 124(x14)         x8=00000000 x14:1000042c  PA:100004a8
16907107ns          285029 1c008220 428a87b3 p.mac            x15, x21, x8        x15=00000000 x15:00000000 x21:00000083  x8:00000000
16907127ns          285030 1c008224 0bc72403 lw               x8, 188(x14)         x8=00000000 x14:1000042c  PA:100004e8
16907186ns          285033 1c008228 428a07b3 p.mac            x15, x20, x8        x15=00000000 x15:00000000 x20:0000007d  x8:00000000
16907206ns          285034 1c00822c 0fc72403 lw               x8, 252(x14)         x8=00000000 x14:1000042c  PA:10000528
16907266ns          285037 1c008230 428087b3 p.mac            x15, x1, x8         x15=00000000 x15:00000000  x1:0000007c  x8:00000000
16907286ns          285038 1c008234 13c72403 lw               x8, 316(x14)         x8=00000000 x14:1000042c  PA:10000568
16907345ns          285041 1c008238 428387b3 p.mac            x15, x7, x8         x15=00000000 x15:00000000  x7:00000086  x8:00000000
16907365ns          285042 1c00823c 17c72403 lw               x8, 380(x14)         x8=00000000 x14:1000042c  PA:100005a8
16907425ns          285045 1c008240 428287b3 p.mac            x15, x5, x8         x15=00000000 x15:00000000  x5:00000087  x8:00000000
16907445ns          285046 1c008244 1bc72403 lw               x8, 444(x14)         x8=00000000 x14:1000042c  PA:100005e8
16907505ns          285049 1c008248 428f87b3 p.mac            x15, x31, x8        x15=00000000 x15:00000000 x31:00000079  x8:00000000
16907524ns          285050 1c00824c 1fc72403 lw               x8, 508(x14)         x8=00000000 x14:1000042c  PA:10000628
16907584ns          285053 1c008250 428f07b3 p.mac            x15, x30, x8        x15=00000000 x15:00000000 x30:00000078  x8:00000000
16907604ns          285054 1c008254 23c72403 lw               x8, 572(x14)         x8=00000000 x14:1000042c  PA:10000668
16907664ns          285057 1c008258 428e87b3 p.mac            x15, x29, x8        x15=00000000 x15:00000000 x29:0000008a  x8:00000000
16907684ns          285058 1c00825c 27c72403 lw               x8, 636(x14)         x8=00000000 x14:1000042c  PA:100006a8
16907743ns          285061 1c008260 428e07b3 p.mac            x15, x28, x8        x15=00000000 x15:00000000 x28:0000008b  x8:00000000
16907763ns          285062 1c008264 2bc72403 lw               x8, 700(x14)         x8=00000000 x14:1000042c  PA:100006e8
16907823ns          285065 1c008268 428307b3 p.mac            x15, x6, x8         x15=00000000 x15:00000000  x6:00000075  x8:00000000
16907843ns          285066 1c00826c 2fc72403 lw               x8, 764(x14)         x8=00000000 x14:1000042c  PA:10000728
16907902ns          285069 1c008270 428887b3 p.mac            x15, x17, x8        x15=00000000 x15:00000000 x17:00000074  x8:00000000
16907922ns          285070 1c008274 33c72403 lw               x8, 828(x14)         x8=00000000 x14:1000042c  PA:10000768
16907982ns          285073 1c008278 428807b3 p.mac            x15, x16, x8        x15=00000000 x15:00000000 x16:0000008e  x8:00000000
16908002ns          285074 1c00827c 37c72403 lw               x8, 892(x14)         x8=00000000 x14:1000042c  PA:100007a8
16908042ns          285076 1c008280 428507b3 p.mac            x15, x10, x8        x15=00000000 x15:00000000 x10:0000008f  x8:00000000
16908061ns          285077 1c008284 3bc72403 lw               x8, 956(x14)         x8=00000000 x14:1000042c  PA:100007e8
16908101ns          285079 1c008288 428587b3 p.mac            x15, x11, x8        x15=00000000 x15:00000000 x11:00000071  x8:00000000
16908121ns          285080 1c00828c 00f6222b p.sw             x15, 4(x12!)        x12=10000a2c x15:00000000 x12:10000a28  PA:10000a28
16908141ns          285081 1c008210 0047278b p.lw             x15, 4(x14!)        x15=00000000 x14=10000430 x14:1000042c  PA:1000042c
16908201ns          285084 1c008214 03c72403 lw               x8, 60(x14)          x8=00000000 x14:10000430  PA:1000046c
16908240ns          285086 1c008216 02fb87b3 mul              x15, x23, x15       x15=00000000 x23:00000080 x15:00000000
16908260ns          285087 1c00821a 428b07b3 p.mac            x15, x22, x8        x15=00000000 x15:00000000 x22:00000082  x8:00000000
16908280ns          285088 1c00821e 07c72403 lw               x8, 124(x14)         x8=00000000 x14:10000430  PA:100004ac
16908340ns          285091 1c008220 428a87b3 p.mac            x15, x21, x8        x15=00000000 x15:00000000 x21:00000083  x8:00000000
16908360ns          285092 1c008224 0bc72403 lw               x8, 188(x14)         x8=00000000 x14:10000430  PA:100004ec
16908419ns          285095 1c008228 428a07b3 p.mac            x15, x20, x8        x15=00000000 x15:00000000 x20:0000007d  x8:00000000
16908439ns          285096 1c00822c 0fc72403 lw               x8, 252(x14)         x8=00000000 x14:10000430  PA:1000052c
16908499ns          285099 1c008230 428087b3 p.mac            x15, x1, x8         x15=00000000 x15:00000000  x1:0000007c  x8:00000000
16908519ns          285100 1c008234 13c72403 lw               x8, 316(x14)         x8=00000000 x14:10000430  PA:1000056c
16908579ns          285103 1c008238 428387b3 p.mac            x15, x7, x8         x15=00000000 x15:00000000  x7:00000086  x8:00000000
16908599ns          285104 1c00823c 17c72403 lw               x8, 380(x14)         x8=00000001 x14:10000430  PA:100005ac
16908658ns          285107 1c008240 428287b3 p.mac            x15, x5, x8         x15=00000087 x15:00000000  x5:00000087  x8:00000001
16908678ns          285108 1c008244 1bc72403 lw               x8, 444(x14)         x8=00000000 x14:10000430  PA:100005ec
16908738ns          285111 1c008248 428f87b3 p.mac            x15, x31, x8        x15=00000087 x15:00000087 x31:00000079  x8:00000000
16908758ns          285112 1c00824c 1fc72403 lw               x8, 508(x14)         x8=00000000 x14:10000430  PA:1000062c
16908817ns          285115 1c008250 428f07b3 p.mac            x15, x30, x8        x15=00000087 x15:00000087 x30:00000078  x8:00000000
16908837ns          285116 1c008254 23c72403 lw               x8, 572(x14)         x8=00000000 x14:10000430  PA:1000066c
16908897ns          285119 1c008258 428e87b3 p.mac            x15, x29, x8        x15=00000087 x15:00000087 x29:0000008a  x8:00000000
16908917ns          285120 1c00825c 27c72403 lw               x8, 636(x14)         x8=00000001 x14:10000430  PA:100006ac
16908976ns          285123 1c008260 428e07b3 p.mac            x15, x28, x8        x15=00000112 x15:00000087 x28:0000008b  x8:00000001
16908996ns          285124 1c008264 2bc72403 lw               x8, 700(x14)         x8=00000000 x14:10000430  PA:100006ec
16909056ns          285127 1c008268 428307b3 p.mac            x15, x6, x8         x15=00000112 x15:00000112  x6:00000075  x8:00000000
16909076ns          285128 1c00826c 2fc72403 lw               x8, 764(x14)         x8=00000000 x14:10000430  PA:1000072c
16909136ns          285131 1c008270 428887b3 p.mac            x15, x17, x8        x15=00000112 x15:00000112 x17:00000074  x8:00000000
16909155ns          285132 1c008274 33c72403 lw               x8, 828(x14)         x8=00000000 x14:10000430  PA:1000076c
16909215ns          285135 1c008278 428807b3 p.mac            x15, x16, x8        x15=00000112 x15:00000112 x16:0000008e  x8:00000000
16909235ns          285136 1c00827c 37c72403 lw               x8, 892(x14)         x8=00000000 x14:10000430  PA:100007ac
16909275ns          285138 1c008280 428507b3 p.mac            x15, x10, x8        x15=00000112 x15:00000112 x10:0000008f  x8:00000000
16909295ns          285139 1c008284 3bc72403 lw               x8, 956(x14)         x8=00000000 x14:10000430  PA:100007ec
16909334ns          285141 1c008288 428587b3 p.mac            x15, x11, x8        x15=00000112 x15:00000112 x11:00000071  x8:00000000
16909354ns          285142 1c00828c 00f6222b p.sw             x15, 4(x12!)        x12=10000a30 x15:00000112 x12:10000a2c  PA:10000a2c
16909374ns          285143 1c008210 0047278b p.lw             x15, 4(x14!)        x15=00000000 x14=10000434 x14:10000430  PA:10000430
16909434ns          285146 1c008214 03c72403 lw               x8, 60(x14)          x8=00000000 x14:10000434  PA:10000470
16909474ns          285148 1c008216 02fb87b3 mul              x15, x23, x15       x15=00000000 x23:00000080 x15:00000000
16909494ns          285149 1c00821a 428b07b3 p.mac            x15, x22, x8        x15=00000000 x15:00000000 x22:00000082  x8:00000000
16909513ns          285150 1c00821e 07c72403 lw               x8, 124(x14)         x8=00000000 x14:10000434  PA:100004b0
16909573ns          285153 1c008220 428a87b3 p.mac            x15, x21, x8        x15=00000000 x15:00000000 x21:00000083  x8:00000000
16909593ns          285154 1c008224 0bc72403 lw               x8, 188(x14)         x8=00000001 x14:10000434  PA:100004f0
16909653ns          285157 1c008228 428a07b3 p.mac            x15, x20, x8        x15=0000007d x15:00000000 x20:0000007d  x8:00000001
16909673ns          285158 1c00822c 0fc72403 lw               x8, 252(x14)         x8=00000001 x14:10000434  PA:10000530
16909732ns          285161 1c008230 428087b3 p.mac            x15, x1, x8         x15=000000f9 x15:0000007d  x1:0000007c  x8:00000001
16909752ns          285162 1c008234 13c72403 lw               x8, 316(x14)         x8=00000000 x14:10000434  PA:10000570
16909812ns          285165 1c008238 428387b3 p.mac            x15, x7, x8         x15=000000f9 x15:000000f9  x7:00000086  x8:00000000
16909832ns          285166 1c00823c 17c72403 lw               x8, 380(x14)         x8=00000000 x14:10000434  PA:100005b0
16909891ns          285169 1c008240 428287b3 p.mac            x15, x5, x8         x15=000000f9 x15:000000f9  x5:00000087  x8:00000000
16909911ns          285170 1c008244 1bc72403 lw               x8, 444(x14)         x8=00000000 x14:10000434  PA:100005f0
16909971ns          285173 1c008248 428f87b3 p.mac            x15, x31, x8        x15=000000f9 x15:000000f9 x31:00000079  x8:00000000
16909991ns          285174 1c00824c 1fc72403 lw               x8, 508(x14)         x8=00000000 x14:10000434  PA:10000630
16910051ns          285177 1c008250 428f07b3 p.mac            x15, x30, x8        x15=000000f9 x15:000000f9 x30:00000078  x8:00000000
16910070ns          285178 1c008254 23c72403 lw               x8, 572(x14)         x8=00000000 x14:10000434  PA:10000670
16910130ns          285181 1c008258 428e87b3 p.mac            x15, x29, x8        x15=000000f9 x15:000000f9 x29:0000008a  x8:00000000
16910150ns          285182 1c00825c 27c72403 lw               x8, 636(x14)         x8=00000001 x14:10000434  PA:100006b0
16910210ns          285185 1c008260 428e07b3 p.mac            x15, x28, x8        x15=00000184 x15:000000f9 x28:0000008b  x8:00000001
16910230ns          285186 1c008264 2bc72403 lw               x8, 700(x14)         x8=00000000 x14:10000434  PA:100006f0
16910289ns          285189 1c008268 428307b3 p.mac            x15, x6, x8         x15=00000184 x15:00000184  x6:00000075  x8:00000000
16910309ns          285190 1c00826c 2fc72403 lw               x8, 764(x14)         x8=00000001 x14:10000434  PA:10000730
16910369ns          285193 1c008270 428887b3 p.mac            x15, x17, x8        x15=000001f8 x15:00000184 x17:00000074  x8:00000001
16910389ns          285194 1c008274 33c72403 lw               x8, 828(x14)         x8=00000000 x14:10000434  PA:10000770
16910448ns          285197 1c008278 428807b3 p.mac            x15, x16, x8        x15=000001f8 x15:000001f8 x16:0000008e  x8:00000000
16910468ns          285198 1c00827c 37c72403 lw               x8, 892(x14)         x8=00000000 x14:10000434  PA:100007b0
16910508ns          285200 1c008280 428507b3 p.mac            x15, x10, x8        x15=000001f8 x15:000001f8 x10:0000008f  x8:00000000
16910528ns          285201 1c008284 3bc72403 lw               x8, 956(x14)         x8=00000000 x14:10000434  PA:100007f0
16910568ns          285203 1c008288 428587b3 p.mac            x15, x11, x8        x15=000001f8 x15:000001f8 x11:00000071  x8:00000000
16910588ns          285204 1c00828c 00f6222b p.sw             x15, 4(x12!)        x12=10000a34 x15:000001f8 x12:10000a30  PA:10000a30
16910607ns          285205 1c008210 0047278b p.lw             x15, 4(x14!)        x15=00000000 x14=10000438 x14:10000434  PA:10000434
16910667ns          285208 1c008214 03c72403 lw               x8, 60(x14)          x8=00000000 x14:10000438  PA:10000474
16910707ns          285210 1c008216 02fb87b3 mul              x15, x23, x15       x15=00000000 x23:00000080 x15:00000000
16910727ns          285211 1c00821a 428b07b3 p.mac            x15, x22, x8        x15=00000000 x15:00000000 x22:00000082  x8:00000000
16910747ns          285212 1c00821e 07c72403 lw               x8, 124(x14)         x8=00000000 x14:10000438  PA:100004b4
16910806ns          285215 1c008220 428a87b3 p.mac            x15, x21, x8        x15=00000000 x15:00000000 x21:00000083  x8:00000000
16910826ns          285216 1c008224 0bc72403 lw               x8, 188(x14)         x8=00000001 x14:10000438  PA:100004f4
16910886ns          285219 1c008228 428a07b3 p.mac            x15, x20, x8        x15=0000007d x15:00000000 x20:0000007d  x8:00000001
16910906ns          285220 1c00822c 0fc72403 lw               x8, 252(x14)         x8=00000000 x14:10000438  PA:10000534
16910966ns          285223 1c008230 428087b3 p.mac            x15, x1, x8         x15=0000007d x15:0000007d  x1:0000007c  x8:00000000
16910985ns          285224 1c008234 13c72403 lw               x8, 316(x14)         x8=00000000 x14:10000438  PA:10000574
16911045ns          285227 1c008238 428387b3 p.mac            x15, x7, x8         x15=0000007d x15:0000007d  x7:00000086  x8:00000000
16911065ns          285228 1c00823c 17c72403 lw               x8, 380(x14)         x8=00000000 x14:10000438  PA:100005b4
16911125ns          285231 1c008240 428287b3 p.mac            x15, x5, x8         x15=0000007d x15:0000007d  x5:00000087  x8:00000000
16911145ns          285232 1c008244 1bc72403 lw               x8, 444(x14)         x8=00000000 x14:10000438  PA:100005f4
16911204ns          285235 1c008248 428f87b3 p.mac            x15, x31, x8        x15=0000007d x15:0000007d x31:00000079  x8:00000000
16911224ns          285236 1c00824c 1fc72403 lw               x8, 508(x14)         x8=00000000 x14:10000438  PA:10000634
16911284ns          285239 1c008250 428f07b3 p.mac            x15, x30, x8        x15=0000007d x15:0000007d x30:00000078  x8:00000000
16911304ns          285240 1c008254 23c72403 lw               x8, 572(x14)         x8=00000000 x14:10000438  PA:10000674
16911363ns          285243 1c008258 428e87b3 p.mac            x15, x29, x8        x15=0000007d x15:0000007d x29:0000008a  x8:00000000
16911383ns          285244 1c00825c 27c72403 lw               x8, 636(x14)         x8=00000000 x14:10000438  PA:100006b4
16911443ns          285247 1c008260 428e07b3 p.mac            x15, x28, x8        x15=0000007d x15:0000007d x28:0000008b  x8:00000000
16911463ns          285248 1c008264 2bc72403 lw               x8, 700(x14)         x8=00000000 x14:10000438  PA:100006f4
16911522ns          285251 1c008268 428307b3 p.mac            x15, x6, x8         x15=0000007d x15:0000007d  x6:00000075  x8:00000000
16911542ns          285252 1c00826c 2fc72403 lw               x8, 764(x14)         x8=00000000 x14:10000438  PA:10000734
16911602ns          285255 1c008270 428887b3 p.mac            x15, x17, x8        x15=0000007d x15:0000007d x17:00000074  x8:00000000
16911622ns          285256 1c008274 33c72403 lw               x8, 828(x14)         x8=00000000 x14:10000438  PA:10000774
16911682ns          285259 1c008278 428807b3 p.mac            x15, x16, x8        x15=0000007d x15:0000007d x16:0000008e  x8:00000000
16911701ns          285260 1c00827c 37c72403 lw               x8, 892(x14)         x8=00000000 x14:10000438  PA:100007b4
16911741ns          285262 1c008280 428507b3 p.mac            x15, x10, x8        x15=0000007d x15:0000007d x10:0000008f  x8:00000000
16911761ns          285263 1c008284 3bc72403 lw               x8, 956(x14)         x8=00000000 x14:10000438  PA:100007f4
16911801ns          285265 1c008288 428587b3 p.mac            x15, x11, x8        x15=0000007d x15:0000007d x11:00000071  x8:00000000
16911821ns          285266 1c00828c 00f6222b p.sw             x15, 4(x12!)        x12=10000a38 x15:0000007d x12:10000a34  PA:10000a34
16911841ns          285267 1c008210 0047278b p.lw             x15, 4(x14!)        x15=00000000 x14=1000043c x14:10000438  PA:10000438
16911900ns          285270 1c008214 03c72403 lw               x8, 60(x14)          x8=00000000 x14:1000043c  PA:10000478
16911940ns          285272 1c008216 02fb87b3 mul              x15, x23, x15       x15=00000000 x23:00000080 x15:00000000
16911960ns          285273 1c00821a 428b07b3 p.mac            x15, x22, x8        x15=00000000 x15:00000000 x22:00000082  x8:00000000
16911980ns          285274 1c00821e 07c72403 lw               x8, 124(x14)         x8=00000001 x14:1000043c  PA:100004b8
16912040ns          285277 1c008220 428a87b3 p.mac            x15, x21, x8        x15=00000083 x15:00000000 x21:00000083  x8:00000001
16912059ns          285278 1c008224 0bc72403 lw               x8, 188(x14)         x8=00000000 x14:1000043c  PA:100004f8
16912119ns          285281 1c008228 428a07b3 p.mac            x15, x20, x8        x15=00000083 x15:00000083 x20:0000007d  x8:00000000
16912139ns          285282 1c00822c 0fc72403 lw               x8, 252(x14)         x8=00000000 x14:1000043c  PA:10000538
16912199ns          285285 1c008230 428087b3 p.mac            x15, x1, x8         x15=00000083 x15:00000083  x1:0000007c  x8:00000000
16912219ns          285286 1c008234 13c72403 lw               x8, 316(x14)         x8=00000000 x14:1000043c  PA:10000578
16912278ns          285289 1c008238 428387b3 p.mac            x15, x7, x8         x15=00000083 x15:00000083  x7:00000086  x8:00000000
16912298ns          285290 1c00823c 17c72403 lw               x8, 380(x14)         x8=00000000 x14:1000043c  PA:100005b8
16912358ns          285293 1c008240 428287b3 p.mac            x15, x5, x8         x15=00000083 x15:00000083  x5:00000087  x8:00000000
16912378ns          285294 1c008244 1bc72403 lw               x8, 444(x14)         x8=00000001 x14:1000043c  PA:100005f8
16912437ns          285297 1c008248 428f87b3 p.mac            x15, x31, x8        x15=000000fc x15:00000083 x31:00000079  x8:00000001
16912457ns          285298 1c00824c 1fc72403 lw               x8, 508(x14)         x8=00000001 x14:1000043c  PA:10000638
16912517ns          285301 1c008250 428f07b3 p.mac            x15, x30, x8        x15=00000174 x15:000000fc x30:00000078  x8:00000001
16912537ns          285302 1c008254 23c72403 lw               x8, 572(x14)         x8=00000000 x14:1000043c  PA:10000678
16912597ns          285305 1c008258 428e87b3 p.mac            x15, x29, x8        x15=00000174 x15:00000174 x29:0000008a  x8:00000000
16912616ns          285306 1c00825c 27c72403 lw               x8, 636(x14)         x8=00000001 x14:1000043c  PA:100006b8
16912676ns          285309 1c008260 428e07b3 p.mac            x15, x28, x8        x15=000001ff x15:00000174 x28:0000008b  x8:00000001
16912696ns          285310 1c008264 2bc72403 lw               x8, 700(x14)         x8=00000000 x14:1000043c  PA:100006f8
16912756ns          285313 1c008268 428307b3 p.mac            x15, x6, x8         x15=000001ff x15:000001ff  x6:00000075  x8:00000000
16912776ns          285314 1c00826c 2fc72403 lw               x8, 764(x14)         x8=00000001 x14:1000043c  PA:10000738
16912835ns          285317 1c008270 428887b3 p.mac            x15, x17, x8        x15=00000273 x15:000001ff x17:00000074  x8:00000001
16912855ns          285318 1c008274 33c72403 lw               x8, 828(x14)         x8=00000000 x14:1000043c  PA:10000778
16912915ns          285321 1c008278 428807b3 p.mac            x15, x16, x8        x15=00000273 x15:00000273 x16:0000008e  x8:00000000
16912935ns          285322 1c00827c 37c72403 lw               x8, 892(x14)         x8=00000000 x14:1000043c  PA:100007b8
16912974ns          285324 1c008280 428507b3 p.mac            x15, x10, x8        x15=00000273 x15:00000273 x10:0000008f  x8:00000000
16912994ns          285325 1c008284 3bc72403 lw               x8, 956(x14)         x8=00000000 x14:1000043c  PA:100007f8
16913034ns          285327 1c008288 428587b3 p.mac            x15, x11, x8        x15=00000273 x15:00000273 x11:00000071  x8:00000000
16913054ns          285328 1c00828c 00f6222b p.sw             x15, 4(x12!)        x12=10000a3c x15:00000273 x12:10000a38  PA:10000a38
16913074ns          285329 1c008210 0047278b p.lw             x15, 4(x14!)        x15=00000000 x14=10000440 x14:1000043c  PA:1000043c
16913134ns          285332 1c008214 03c72403 lw               x8, 60(x14)          x8=00000000 x14:10000440  PA:1000047c
16913173ns          285334 1c008216 02fb87b3 mul              x15, x23, x15       x15=00000000 x23:00000080 x15:00000000
16913193ns          285335 1c00821a 428b07b3 p.mac            x15, x22, x8        x15=00000000 x15:00000000 x22:00000082  x8:00000000
16913213ns          285336 1c00821e 07c72403 lw               x8, 124(x14)         x8=00000000 x14:10000440  PA:100004bc
16913273ns          285339 1c008220 428a87b3 p.mac            x15, x21, x8        x15=00000000 x15:00000000 x21:00000083  x8:00000000
16913293ns          285340 1c008224 0bc72403 lw               x8, 188(x14)         x8=00000000 x14:10000440  PA:100004fc
16913352ns          285343 1c008228 428a07b3 p.mac            x15, x20, x8        x15=00000000 x15:00000000 x20:0000007d  x8:00000000
16913372ns          285344 1c00822c 0fc72403 lw               x8, 252(x14)         x8=00000000 x14:10000440  PA:1000053c
16913432ns          285347 1c008230 428087b3 p.mac            x15, x1, x8         x15=00000000 x15:00000000  x1:0000007c  x8:00000000
16913452ns          285348 1c008234 13c72403 lw               x8, 316(x14)         x8=00000000 x14:10000440  PA:1000057c
16913512ns          285351 1c008238 428387b3 p.mac            x15, x7, x8         x15=00000000 x15:00000000  x7:00000086  x8:00000000
16913531ns          285352 1c00823c 17c72403 lw               x8, 380(x14)         x8=00000000 x14:10000440  PA:100005bc
16913591ns          285355 1c008240 428287b3 p.mac            x15, x5, x8         x15=00000000 x15:00000000  x5:00000087  x8:00000000
16913611ns          285356 1c008244 1bc72403 lw               x8, 444(x14)         x8=00000000 x14:10000440  PA:100005fc
16913671ns          285359 1c008248 428f87b3 p.mac            x15, x31, x8        x15=00000000 x15:00000000 x31:00000079  x8:00000000
16913691ns          285360 1c00824c 1fc72403 lw               x8, 508(x14)         x8=00000000 x14:10000440  PA:1000063c
16913750ns          285363 1c008250 428f07b3 p.mac            x15, x30, x8        x15=00000000 x15:00000000 x30:00000078  x8:00000000
16913770ns          285364 1c008254 23c72403 lw               x8, 572(x14)         x8=00000001 x14:10000440  PA:1000067c
16913830ns          285367 1c008258 428e87b3 p.mac            x15, x29, x8        x15=0000008a x15:00000000 x29:0000008a  x8:00000001
16913850ns          285368 1c00825c 27c72403 lw               x8, 636(x14)         x8=00000000 x14:10000440  PA:100006bc
16913909ns          285371 1c008260 428e07b3 p.mac            x15, x28, x8        x15=0000008a x15:0000008a x28:0000008b  x8:00000000
16913929ns          285372 1c008264 2bc72403 lw               x8, 700(x14)         x8=00000001 x14:10000440  PA:100006fc
16913989ns          285375 1c008268 428307b3 p.mac            x15, x6, x8         x15=000000ff x15:0000008a  x6:00000075  x8:00000001
16914009ns          285376 1c00826c 2fc72403 lw               x8, 764(x14)         x8=00000001 x14:10000440  PA:1000073c
16914068ns          285379 1c008270 428887b3 p.mac            x15, x17, x8        x15=00000173 x15:000000ff x17:00000074  x8:00000001
16914088ns          285380 1c008274 33c72403 lw               x8, 828(x14)         x8=00000000 x14:10000440  PA:1000077c
16914148ns          285383 1c008278 428807b3 p.mac            x15, x16, x8        x15=00000173 x15:00000173 x16:0000008e  x8:00000000
16914168ns          285384 1c00827c 37c72403 lw               x8, 892(x14)         x8=00000001 x14:10000440  PA:100007bc
16914208ns          285386 1c008280 428507b3 p.mac            x15, x10, x8        x15=00000202 x15:00000173 x10:0000008f  x8:00000001
16914228ns          285387 1c008284 3bc72403 lw               x8, 956(x14)         x8=00000000 x14:10000440  PA:100007fc
16914267ns          285389 1c008288 428587b3 p.mac            x15, x11, x8        x15=00000202 x15:00000202 x11:00000071  x8:00000000
16914287ns          285390 1c00828c 00f6222b p.sw             x15, 4(x12!)        x12=10000a40 x15:00000202 x12:10000a3c  PA:10000a3c
16914307ns          285391 1c008210 0047278b p.lw             x15, 4(x14!)        x15=00000000 x14=10000444 x14:10000440  PA:10000440
16914367ns          285394 1c008214 03c72403 lw               x8, 60(x14)          x8=00000000 x14:10000444  PA:10000480
16914407ns          285396 1c008216 02fb87b3 mul              x15, x23, x15       x15=00000000 x23:00000080 x15:00000000
16914426ns          285397 1c00821a 428b07b3 p.mac            x15, x22, x8        x15=00000000 x15:00000000 x22:00000082  x8:00000000
16914446ns          285398 1c00821e 07c72403 lw               x8, 124(x14)         x8=00000001 x14:10000444  PA:100004c0
16914506ns          285401 1c008220 428a87b3 p.mac            x15, x21, x8        x15=00000083 x15:00000000 x21:00000083  x8:00000001
16914526ns          285402 1c008224 0bc72403 lw               x8, 188(x14)         x8=00000001 x14:10000444  PA:10000500
16914586ns          285405 1c008228 428a07b3 p.mac            x15, x20, x8        x15=00000100 x15:00000083 x20:0000007d  x8:00000001
16914606ns          285406 1c00822c 0fc72403 lw               x8, 252(x14)         x8=00000000 x14:10000444  PA:10000540
16914665ns          285409 1c008230 428087b3 p.mac            x15, x1, x8         x15=00000100 x15:00000100  x1:0000007c  x8:00000000
16914685ns          285410 1c008234 13c72403 lw               x8, 316(x14)         x8=00000000 x14:10000444  PA:10000580
16914745ns          285413 1c008238 428387b3 p.mac            x15, x7, x8         x15=00000100 x15:00000100  x7:00000086  x8:00000000
16914765ns          285414 1c00823c 17c72403 lw               x8, 380(x14)         x8=00000000 x14:10000444  PA:100005c0
16914824ns          285417 1c008240 428287b3 p.mac            x15, x5, x8         x15=00000100 x15:00000100  x5:00000087  x8:00000000
16914844ns          285418 1c008244 1bc72403 lw               x8, 444(x14)         x8=00000000 x14:10000444  PA:10000600
16914904ns          285421 1c008248 428f87b3 p.mac            x15, x31, x8        x15=00000100 x15:00000100 x31:00000079  x8:00000000
16914924ns          285422 1c00824c 1fc72403 lw               x8, 508(x14)         x8=00000000 x14:10000444  PA:10000640
16914983ns          285425 1c008250 428f07b3 p.mac            x15, x30, x8        x15=00000100 x15:00000100 x30:00000078  x8:00000000
16915003ns          285426 1c008254 23c72403 lw               x8, 572(x14)         x8=00000001 x14:10000444  PA:10000680
16915063ns          285429 1c008258 428e87b3 p.mac            x15, x29, x8        x15=0000018a x15:00000100 x29:0000008a  x8:00000001
16915083ns          285430 1c00825c 27c72403 lw               x8, 636(x14)         x8=00000000 x14:10000444  PA:100006c0
16915143ns          285433 1c008260 428e07b3 p.mac            x15, x28, x8        x15=0000018a x15:0000018a x28:0000008b  x8:00000000
16915162ns          285434 1c008264 2bc72403 lw               x8, 700(x14)         x8=00000001 x14:10000444  PA:10000700
16915222ns          285437 1c008268 428307b3 p.mac            x15, x6, x8         x15=000001ff x15:0000018a  x6:00000075  x8:00000001
16915242ns          285438 1c00826c 2fc72403 lw               x8, 764(x14)         x8=00000000 x14:10000444  PA:10000740
16915302ns          285441 1c008270 428887b3 p.mac            x15, x17, x8        x15=000001ff x15:000001ff x17:00000074  x8:00000000
16915322ns          285442 1c008274 33c72403 lw               x8, 828(x14)         x8=00000000 x14:10000444  PA:10000780
16915381ns          285445 1c008278 428807b3 p.mac            x15, x16, x8        x15=000001ff x15:000001ff x16:0000008e  x8:00000000
16915401ns          285446 1c00827c 37c72403 lw               x8, 892(x14)         x8=00000000 x14:10000444  PA:100007c0
16915441ns          285448 1c008280 428507b3 p.mac            x15, x10, x8        x15=000001ff x15:000001ff x10:0000008f  x8:00000000
16915461ns          285449 1c008284 3bc72403 lw               x8, 956(x14)         x8=00000000 x14:10000444  PA:10000800
16915501ns          285451 1c008288 428587b3 p.mac            x15, x11, x8        x15=000001ff x15:000001ff x11:00000071  x8:00000000
16915520ns          285452 1c00828c 00f6222b p.sw             x15, 4(x12!)        x12=10000a44 x15:000001ff x12:10000a40  PA:10000a40
16915540ns          285453 1c008290 001c0c13 addi             x24, x24, 1         x24=00000009 x24:00000008
16915560ns          285454 1c008292 100c4c33 p.exths          x24, x24, x0        x24=00000009 x24:00000009
16915580ns          285455 1c008296 01800633 add              x12, x0, x24        x12=00000009 x24:00000009
16915600ns          285456 1c0081bc 00661613 slli             x12, x12, 0x6       x12=00000240 x12:00000009
16915620ns          285457 1c0081be 00cd07b3 add              x15, x26, x12       x15=10000244 x26:10000004 x12:00000240
16915640ns          285458 1c0081c2 0007ab83 lw               x23, 0(x15)         x23=00000091 x15:10000244  PA:10000244
16915660ns          285459 1c0081c6 0047ab03 lw               x22, 4(x15)         x22=0000006f x15:10000244  PA:10000248
16915680ns          285460 1c0081ca 0087aa83 lw               x21, 8(x15)         x21=0000006e x15:10000244  PA:1000024c
16915700ns          285461 1c0081ce 00c7aa03 lw               x20, 12(x15)        x20=00000094 x15:10000244  PA:10000250
16915719ns          285462 1c0081d2 0107a083 lw               x1, 16(x15)          x1=00000095 x15:10000244  PA:10000254
16915739ns          285463 1c0081d6 0147a383 lw               x7, 20(x15)          x7=0000006b x15:10000244  PA:10000258
16915759ns          285464 1c0081da 0187a283 lw               x5, 24(x15)          x5=0000006a x15:10000244  PA:1000025c
16915779ns          285465 1c0081de 01c7af83 lw               x31, 28(x15)        x31=00000098 x15:10000244  PA:10000260
16915799ns          285466 1c0081e2 0207af03 lw               x30, 32(x15)        x30=00000099 x15:10000244  PA:10000264
16915819ns          285467 1c0081e6 0247ae83 lw               x29, 36(x15)        x29=00000067 x15:10000244  PA:10000268
16915839ns          285468 1c0081ea 0287ae03 lw               x28, 40(x15)        x28=00000066 x15:10000244  PA:1000026c
16915859ns          285469 1c0081ee 02c7a303 lw               x6, 44(x15)          x6=0000009c x15:10000244  PA:10000270
16915879ns          285470 1c0081f2 0307a883 lw               x17, 48(x15)        x17=0000009d x15:10000244  PA:10000274
16915898ns          285471 1c0081f6 0347a803 lw               x16, 52(x15)        x16=00000063 x15:10000244  PA:10000278
16915918ns          285472 1c0081fa 0387a503 lw               x10, 56(x15)        x10=00000062 x15:10000244  PA:1000027c
16915938ns          285473 1c0081fc 03c7a583 lw               x11, 60(x15)        x11=000000a0 x15:10000244  PA:10000280
16915958ns          285474 1c0081fe 100017b7 lui              x15, 0x10001000     x15=10001000
16915978ns          285475 1c008202 80478793 addi             x15, x15, -2044     x15=10000804 x15:10001000
16915998ns          285476 1c008206 01900733 add              x14, x0, x25        x14=10000404 x25:10000404
16916018ns          285477 1c008208 00f60633 add              x12, x12, x15       x12=10000a44 x12:00000240 x15:10000804
16916038ns          285478 1c00820a 01000693 addi             x13, x0, 16         x13=00000010
16916058ns          285479 1c00820c 0406c0fb lp.setup         0x1, x13, 0x40      x13:00000010
16916077ns          285480 1c008210 0047278b p.lw             x15, 4(x14!)        x15=00000001 x14=10000408 x14:10000404  PA:10000404
16916117ns          285482 1c008214 03c72403 lw               x8, 60(x14)          x8=00000000 x14:10000408  PA:10000444
16916197ns          285486 1c008216 02fb87b3 mul              x15, x23, x15       x15=00000091 x23:00000091 x15:00000001
16916217ns          285487 1c00821a 428b07b3 p.mac            x15, x22, x8        x15=00000091 x15:00000091 x22:0000006f  x8:00000000
16916237ns          285488 1c00821e 07c72403 lw               x8, 124(x14)         x8=00000001 x14:10000408  PA:10000484
16916296ns          285491 1c008220 428a87b3 p.mac            x15, x21, x8        x15=000000ff x15:00000091 x21:0000006e  x8:00000001
16916316ns          285492 1c008224 0bc72403 lw               x8, 188(x14)         x8=00000000 x14:10000408  PA:100004c4
16916376ns          285495 1c008228 428a07b3 p.mac            x15, x20, x8        x15=000000ff x15:000000ff x20:00000094  x8:00000000
16916396ns          285496 1c00822c 0fc72403 lw               x8, 252(x14)         x8=00000000 x14:10000408  PA:10000504
16916455ns          285499 1c008230 428087b3 p.mac            x15, x1, x8         x15=000000ff x15:000000ff  x1:00000095  x8:00000000
16916475ns          285500 1c008234 13c72403 lw               x8, 316(x14)         x8=00000001 x14:10000408  PA:10000544
16916535ns          285503 1c008238 428387b3 p.mac            x15, x7, x8         x15=0000016a x15:000000ff  x7:0000006b  x8:00000001
16916555ns          285504 1c00823c 17c72403 lw               x8, 380(x14)         x8=00000000 x14:10000408  PA:10000584
16916614ns          285507 1c008240 428287b3 p.mac            x15, x5, x8         x15=0000016a x15:0000016a  x5:0000006a  x8:00000000
16916634ns          285508 1c008244 1bc72403 lw               x8, 444(x14)         x8=00000000 x14:10000408  PA:100005c4
16916694ns          285511 1c008248 428f87b3 p.mac            x15, x31, x8        x15=0000016a x15:0000016a x31:00000098  x8:00000000
16916714ns          285512 1c00824c 1fc72403 lw               x8, 508(x14)         x8=00000000 x14:10000408  PA:10000604
16916774ns          285515 1c008250 428f07b3 p.mac            x15, x30, x8        x15=0000016a x15:0000016a x30:00000099  x8:00000000
16916793ns          285516 1c008254 23c72403 lw               x8, 572(x14)         x8=00000000 x14:10000408  PA:10000644
16916853ns          285519 1c008258 428e87b3 p.mac            x15, x29, x8        x15=0000016a x15:0000016a x29:00000067  x8:00000000
16916873ns          285520 1c00825c 27c72403 lw               x8, 636(x14)         x8=00000000 x14:10000408  PA:10000684
16916933ns          285523 1c008260 428e07b3 p.mac            x15, x28, x8        x15=0000016a x15:0000016a x28:00000066  x8:00000000
16916953ns          285524 1c008264 2bc72403 lw               x8, 700(x14)         x8=00000001 x14:10000408  PA:100006c4
16917012ns          285527 1c008268 428307b3 p.mac            x15, x6, x8         x15=00000206 x15:0000016a  x6:0000009c  x8:00000001
16917032ns          285528 1c00826c 2fc72403 lw               x8, 764(x14)         x8=00000000 x14:10000408  PA:10000704
16917092ns          285531 1c008270 428887b3 p.mac            x15, x17, x8        x15=00000206 x15:00000206 x17:0000009d  x8:00000000
16917112ns          285532 1c008274 33c72403 lw               x8, 828(x14)         x8=00000000 x14:10000408  PA:10000744
16917171ns          285535 1c008278 428807b3 p.mac            x15, x16, x8        x15=00000206 x15:00000206 x16:00000063  x8:00000000
16917191ns          285536 1c00827c 37c72403 lw               x8, 892(x14)         x8=00000000 x14:10000408  PA:10000784
16917251ns          285539 1c008280 428507b3 p.mac            x15, x10, x8        x15=00000206 x15:00000206 x10:00000062  x8:00000000
16917271ns          285540 1c008284 3bc72403 lw               x8, 956(x14)         x8=00000000 x14:10000408  PA:100007c4
16917331ns          285543 1c008288 428587b3 p.mac            x15, x11, x8        x15=00000206 x15:00000206 x11:000000a0  x8:00000000
16917350ns          285544 1c00828c 00f6222b p.sw             x15, 4(x12!)        x12=10000a48 x15:00000206 x12:10000a44  PA:10000a44
16917370ns          285545 1c008210 0047278b p.lw             x15, 4(x14!)        x15=00000000 x14=1000040c x14:10000408  PA:10000408
16917410ns          285547 1c008214 03c72403 lw               x8, 60(x14)          x8=00000000 x14:1000040c  PA:10000448
16917470ns          285550 1c008216 02fb87b3 mul              x15, x23, x15       x15=00000000 x23:00000091 x15:00000000
16917490ns          285551 1c00821a 428b07b3 p.mac            x15, x22, x8        x15=00000000 x15:00000000 x22:0000006f  x8:00000000
16917510ns          285552 1c00821e 07c72403 lw               x8, 124(x14)         x8=00000001 x14:1000040c  PA:10000488
16917569ns          285555 1c008220 428a87b3 p.mac            x15, x21, x8        x15=0000006e x15:00000000 x21:0000006e  x8:00000001
16917589ns          285556 1c008224 0bc72403 lw               x8, 188(x14)         x8=00000000 x14:1000040c  PA:100004c8
16917649ns          285559 1c008228 428a07b3 p.mac            x15, x20, x8        x15=0000006e x15:0000006e x20:00000094  x8:00000000
16917669ns          285560 1c00822c 0fc72403 lw               x8, 252(x14)         x8=00000000 x14:1000040c  PA:10000508
16917728ns          285563 1c008230 428087b3 p.mac            x15, x1, x8         x15=0000006e x15:0000006e  x1:00000095  x8:00000000
16917748ns          285564 1c008234 13c72403 lw               x8, 316(x14)         x8=00000000 x14:1000040c  PA:10000548
16917808ns          285567 1c008238 428387b3 p.mac            x15, x7, x8         x15=0000006e x15:0000006e  x7:0000006b  x8:00000000
16917828ns          285568 1c00823c 17c72403 lw               x8, 380(x14)         x8=00000000 x14:1000040c  PA:10000588
16917887ns          285571 1c008240 428287b3 p.mac            x15, x5, x8         x15=0000006e x15:0000006e  x5:0000006a  x8:00000000
16917907ns          285572 1c008244 1bc72403 lw               x8, 444(x14)         x8=00000000 x14:1000040c  PA:100005c8
16917967ns          285575 1c008248 428f87b3 p.mac            x15, x31, x8        x15=0000006e x15:0000006e x31:00000098  x8:00000000
16917987ns          285576 1c00824c 1fc72403 lw               x8, 508(x14)         x8=00000000 x14:1000040c  PA:10000608
16918047ns          285579 1c008250 428f07b3 p.mac            x15, x30, x8        x15=0000006e x15:0000006e x30:00000099  x8:00000000
16918067ns          285580 1c008254 23c72403 lw               x8, 572(x14)         x8=00000000 x14:1000040c  PA:10000648
16918126ns          285583 1c008258 428e87b3 p.mac            x15, x29, x8        x15=0000006e x15:0000006e x29:00000067  x8:00000000
16918146ns          285584 1c00825c 27c72403 lw               x8, 636(x14)         x8=00000000 x14:1000040c  PA:10000688
16918206ns          285587 1c008260 428e07b3 p.mac            x15, x28, x8        x15=0000006e x15:0000006e x28:00000066  x8:00000000
16918226ns          285588 1c008264 2bc72403 lw               x8, 700(x14)         x8=00000001 x14:1000040c  PA:100006c8
16918285ns          285591 1c008268 428307b3 p.mac            x15, x6, x8         x15=0000010a x15:0000006e  x6:0000009c  x8:00000001
16918305ns          285592 1c00826c 2fc72403 lw               x8, 764(x14)         x8=00000000 x14:1000040c  PA:10000708
16918365ns          285595 1c008270 428887b3 p.mac            x15, x17, x8        x15=0000010a x15:0000010a x17:0000009d  x8:00000000
16918385ns          285596 1c008274 33c72403 lw               x8, 828(x14)         x8=00000001 x14:1000040c  PA:10000748
16918444ns          285599 1c008278 428807b3 p.mac            x15, x16, x8        x15=0000016d x15:0000010a x16:00000063  x8:00000001
16918464ns          285600 1c00827c 37c72403 lw               x8, 892(x14)         x8=00000000 x14:1000040c  PA:10000788
16918524ns          285603 1c008280 428507b3 p.mac            x15, x10, x8        x15=0000016d x15:0000016d x10:00000062  x8:00000000
16918544ns          285604 1c008284 3bc72403 lw               x8, 956(x14)         x8=00000001 x14:1000040c  PA:100007c8
16918604ns          285607 1c008288 428587b3 p.mac            x15, x11, x8        x15=0000020d x15:0000016d x11:000000a0  x8:00000001
16918623ns          285608 1c00828c 00f6222b p.sw             x15, 4(x12!)        x12=10000a4c x15:0000020d x12:10000a48  PA:10000a48
16918643ns          285609 1c008210 0047278b p.lw             x15, 4(x14!)        x15=00000000 x14=10000410 x14:1000040c  PA:1000040c
16918703ns          285612 1c008214 03c72403 lw               x8, 60(x14)          x8=00000000 x14:10000410  PA:1000044c
16918743ns          285614 1c008216 02fb87b3 mul              x15, x23, x15       x15=00000000 x23:00000091 x15:00000000
16918763ns          285615 1c00821a 428b07b3 p.mac            x15, x22, x8        x15=00000000 x15:00000000 x22:0000006f  x8:00000000
16918783ns          285616 1c00821e 07c72403 lw               x8, 124(x14)         x8=00000001 x14:10000410  PA:1000048c
16918842ns          285619 1c008220 428a87b3 p.mac            x15, x21, x8        x15=0000006e x15:00000000 x21:0000006e  x8:00000001
16918862ns          285620 1c008224 0bc72403 lw               x8, 188(x14)         x8=00000000 x14:10000410  PA:100004cc
16918922ns          285623 1c008228 428a07b3 p.mac            x15, x20, x8        x15=0000006e x15:0000006e x20:00000094  x8:00000000
16918942ns          285624 1c00822c 0fc72403 lw               x8, 252(x14)         x8=00000000 x14:10000410  PA:1000050c
16919001ns          285627 1c008230 428087b3 p.mac            x15, x1, x8         x15=0000006e x15:0000006e  x1:00000095  x8:00000000
16919021ns          285628 1c008234 13c72403 lw               x8, 316(x14)         x8=00000000 x14:10000410  PA:1000054c
16919081ns          285631 1c008238 428387b3 p.mac            x15, x7, x8         x15=0000006e x15:0000006e  x7:0000006b  x8:00000000
16919101ns          285632 1c00823c 17c72403 lw               x8, 380(x14)         x8=00000000 x14:10000410  PA:1000058c
16919160ns          285635 1c008240 428287b3 p.mac            x15, x5, x8         x15=0000006e x15:0000006e  x5:0000006a  x8:00000000
16919180ns          285636 1c008244 1bc72403 lw               x8, 444(x14)         x8=00000000 x14:10000410  PA:100005cc
16919240ns          285639 1c008248 428f87b3 p.mac            x15, x31, x8        x15=0000006e x15:0000006e x31:00000098  x8:00000000
16919260ns          285640 1c00824c 1fc72403 lw               x8, 508(x14)         x8=00000000 x14:10000410  PA:1000060c
16919320ns          285643 1c008250 428f07b3 p.mac            x15, x30, x8        x15=0000006e x15:0000006e x30:00000099  x8:00000000
16919340ns          285644 1c008254 23c72403 lw               x8, 572(x14)         x8=00000000 x14:10000410  PA:1000064c
16919399ns          285647 1c008258 428e87b3 p.mac            x15, x29, x8        x15=0000006e x15:0000006e x29:00000067  x8:00000000
16919419ns          285648 1c00825c 27c72403 lw               x8, 636(x14)         x8=00000001 x14:10000410  PA:1000068c
16919479ns          285651 1c008260 428e07b3 p.mac            x15, x28, x8        x15=000000d4 x15:0000006e x28:00000066  x8:00000001
16919499ns          285652 1c008264 2bc72403 lw               x8, 700(x14)         x8=00000000 x14:10000410  PA:100006cc
16919558ns          285655 1c008268 428307b3 p.mac            x15, x6, x8         x15=000000d4 x15:000000d4  x6:0000009c  x8:00000000
16919578ns          285656 1c00826c 2fc72403 lw               x8, 764(x14)         x8=00000000 x14:10000410  PA:1000070c
16919638ns          285659 1c008270 428887b3 p.mac            x15, x17, x8        x15=000000d4 x15:000000d4 x17:0000009d  x8:00000000
16919658ns          285660 1c008274 33c72403 lw               x8, 828(x14)         x8=00000000 x14:10000410  PA:1000074c
16919717ns          285663 1c008278 428807b3 p.mac            x15, x16, x8        x15=000000d4 x15:000000d4 x16:00000063  x8:00000000
16919737ns          285664 1c00827c 37c72403 lw               x8, 892(x14)         x8=00000000 x14:10000410  PA:1000078c
16919797ns          285667 1c008280 428507b3 p.mac            x15, x10, x8        x15=000000d4 x15:000000d4 x10:00000062  x8:00000000
16919817ns          285668 1c008284 3bc72403 lw               x8, 956(x14)         x8=00000000 x14:10000410  PA:100007cc
16919857ns          285670 1c008288 428587b3 p.mac            x15, x11, x8        x15=000000d4 x15:000000d4 x11:000000a0  x8:00000000
16919877ns          285671 1c00828c 00f6222b p.sw             x15, 4(x12!)        x12=10000a50 x15:000000d4 x12:10000a4c  PA:10000a4c
16919896ns          285672 1c008210 0047278b p.lw             x15, 4(x14!)        x15=00000001 x14=10000414 x14:10000410  PA:10000410
16919956ns          285675 1c008214 03c72403 lw               x8, 60(x14)          x8=00000000 x14:10000414  PA:10000450
16919996ns          285677 1c008216 02fb87b3 mul              x15, x23, x15       x15=00000091 x23:00000091 x15:00000001
16920016ns          285678 1c00821a 428b07b3 p.mac            x15, x22, x8        x15=00000091 x15:00000091 x22:0000006f  x8:00000000
16920036ns          285679 1c00821e 07c72403 lw               x8, 124(x14)         x8=00000000 x14:10000414  PA:10000490
16920095ns          285682 1c008220 428a87b3 p.mac            x15, x21, x8        x15=00000091 x15:00000091 x21:0000006e  x8:00000000
16920115ns          285683 1c008224 0bc72403 lw               x8, 188(x14)         x8=00000000 x14:10000414  PA:100004d0
16920175ns          285686 1c008228 428a07b3 p.mac            x15, x20, x8        x15=00000091 x15:00000091 x20:00000094  x8:00000000
16920195ns          285687 1c00822c 0fc72403 lw               x8, 252(x14)         x8=00000000 x14:10000414  PA:10000510
16920254ns          285690 1c008230 428087b3 p.mac            x15, x1, x8         x15=00000091 x15:00000091  x1:00000095  x8:00000000
16920274ns          285691 1c008234 13c72403 lw               x8, 316(x14)         x8=00000000 x14:10000414  PA:10000550
16920334ns          285694 1c008238 428387b3 p.mac            x15, x7, x8         x15=00000091 x15:00000091  x7:0000006b  x8:00000000
16920354ns          285695 1c00823c 17c72403 lw               x8, 380(x14)         x8=00000000 x14:10000414  PA:10000590
16920414ns          285698 1c008240 428287b3 p.mac            x15, x5, x8         x15=00000091 x15:00000091  x5:0000006a  x8:00000000
16920434ns          285699 1c008244 1bc72403 lw               x8, 444(x14)         x8=00000000 x14:10000414  PA:100005d0
16920493ns          285702 1c008248 428f87b3 p.mac            x15, x31, x8        x15=00000091 x15:00000091 x31:00000098  x8:00000000
16920513ns          285703 1c00824c 1fc72403 lw               x8, 508(x14)         x8=00000000 x14:10000414  PA:10000610
16920573ns          285706 1c008250 428f07b3 p.mac            x15, x30, x8        x15=00000091 x15:00000091 x30:00000099  x8:00000000
16920593ns          285707 1c008254 23c72403 lw               x8, 572(x14)         x8=00000000 x14:10000414  PA:10000650
16920652ns          285710 1c008258 428e87b3 p.mac            x15, x29, x8        x15=00000091 x15:00000091 x29:00000067  x8:00000000
16920672ns          285711 1c00825c 27c72403 lw               x8, 636(x14)         x8=00000001 x14:10000414  PA:10000690
16920732ns          285714 1c008260 428e07b3 p.mac            x15, x28, x8        x15=000000f7 x15:00000091 x28:00000066  x8:00000001
16920752ns          285715 1c008264 2bc72403 lw               x8, 700(x14)         x8=00000000 x14:10000414  PA:100006d0
16920811ns          285718 1c008268 428307b3 p.mac            x15, x6, x8         x15=000000f7 x15:000000f7  x6:0000009c  x8:00000000
16920831ns          285719 1c00826c 2fc72403 lw               x8, 764(x14)         x8=00000001 x14:10000414  PA:10000710
16920891ns          285722 1c008270 428887b3 p.mac            x15, x17, x8        x15=00000194 x15:000000f7 x17:0000009d  x8:00000001
16920911ns          285723 1c008274 33c72403 lw               x8, 828(x14)         x8=00000000 x14:10000414  PA:10000750
16920971ns          285726 1c008278 428807b3 p.mac            x15, x16, x8        x15=00000194 x15:00000194 x16:00000063  x8:00000000
16920990ns          285727 1c00827c 37c72403 lw               x8, 892(x14)         x8=00000000 x14:10000414  PA:10000790
16921050ns          285730 1c008280 428507b3 p.mac            x15, x10, x8        x15=00000194 x15:00000194 x10:00000062  x8:00000000
16921070ns          285731 1c008284 3bc72403 lw               x8, 956(x14)         x8=00000000 x14:10000414  PA:100007d0
16921110ns          285733 1c008288 428587b3 p.mac            x15, x11, x8        x15=00000194 x15:00000194 x11:000000a0  x8:00000000
16921130ns          285734 1c00828c 00f6222b p.sw             x15, 4(x12!)        x12=10000a54 x15:00000194 x12:10000a50  PA:10000a50
16921150ns          285735 1c008210 0047278b p.lw             x15, 4(x14!)        x15=00000000 x14=10000418 x14:10000414  PA:10000414
16921209ns          285738 1c008214 03c72403 lw               x8, 60(x14)          x8=00000000 x14:10000418  PA:10000454
16921249ns          285740 1c008216 02fb87b3 mul              x15, x23, x15       x15=00000000 x23:00000091 x15:00000000
16921269ns          285741 1c00821a 428b07b3 p.mac            x15, x22, x8        x15=00000000 x15:00000000 x22:0000006f  x8:00000000
16921289ns          285742 1c00821e 07c72403 lw               x8, 124(x14)         x8=00000000 x14:10000418  PA:10000494
16921348ns          285745 1c008220 428a87b3 p.mac            x15, x21, x8        x15=00000000 x15:00000000 x21:0000006e  x8:00000000
16921368ns          285746 1c008224 0bc72403 lw               x8, 188(x14)         x8=00000000 x14:10000418  PA:100004d4
16921428ns          285749 1c008228 428a07b3 p.mac            x15, x20, x8        x15=00000000 x15:00000000 x20:00000094  x8:00000000
16921448ns          285750 1c00822c 0fc72403 lw               x8, 252(x14)         x8=00000001 x14:10000418  PA:10000514
16921508ns          285753 1c008230 428087b3 p.mac            x15, x1, x8         x15=00000095 x15:00000000  x1:00000095  x8:00000001
16921527ns          285754 1c008234 13c72403 lw               x8, 316(x14)         x8=00000000 x14:10000418  PA:10000554
16921587ns          285757 1c008238 428387b3 p.mac            x15, x7, x8         x15=00000095 x15:00000095  x7:0000006b  x8:00000000
16921607ns          285758 1c00823c 17c72403 lw               x8, 380(x14)         x8=00000000 x14:10000418  PA:10000594
16921667ns          285761 1c008240 428287b3 p.mac            x15, x5, x8         x15=00000095 x15:00000095  x5:0000006a  x8:00000000
16921687ns          285762 1c008244 1bc72403 lw               x8, 444(x14)         x8=00000000 x14:10000418  PA:100005d4
16921746ns          285765 1c008248 428f87b3 p.mac            x15, x31, x8        x15=00000095 x15:00000095 x31:00000098  x8:00000000
16921766ns          285766 1c00824c 1fc72403 lw               x8, 508(x14)         x8=00000000 x14:10000418  PA:10000614
16921826ns          285769 1c008250 428f07b3 p.mac            x15, x30, x8        x15=00000095 x15:00000095 x30:00000099  x8:00000000
16921846ns          285770 1c008254 23c72403 lw               x8, 572(x14)         x8=00000001 x14:10000418  PA:10000654
16921905ns          285773 1c008258 428e87b3 p.mac            x15, x29, x8        x15=000000fc x15:00000095 x29:00000067  x8:00000001
16921925ns          285774 1c00825c 27c72403 lw               x8, 636(x14)         x8=00000000 x14:10000418  PA:10000694
16921985ns          285777 1c008260 428e07b3 p.mac            x15, x28, x8        x15=000000fc x15:000000fc x28:00000066  x8:00000000
16922005ns          285778 1c008264 2bc72403 lw               x8, 700(x14)         x8=00000000 x14:10000418  PA:100006d4
16922065ns          285781 1c008268 428307b3 p.mac            x15, x6, x8         x15=000000fc x15:000000fc  x6:0000009c  x8:00000000
16922084ns          285782 1c00826c 2fc72403 lw               x8, 764(x14)         x8=00000000 x14:10000418  PA:10000714
16922144ns          285785 1c008270 428887b3 p.mac            x15, x17, x8        x15=000000fc x15:000000fc x17:0000009d  x8:00000000
16922164ns          285786 1c008274 33c72403 lw               x8, 828(x14)         x8=00000000 x14:10000418  PA:10000754
16922224ns          285789 1c008278 428807b3 p.mac            x15, x16, x8        x15=000000fc x15:000000fc x16:00000063  x8:00000000
16922244ns          285790 1c00827c 37c72403 lw               x8, 892(x14)         x8=00000000 x14:10000418  PA:10000794
16922303ns          285793 1c008280 428507b3 p.mac            x15, x10, x8        x15=000000fc x15:000000fc x10:00000062  x8:00000000
16922323ns          285794 1c008284 3bc72403 lw               x8, 956(x14)         x8=00000000 x14:10000418  PA:100007d4
16922363ns          285796 1c008288 428587b3 p.mac            x15, x11, x8        x15=000000fc x15:000000fc x11:000000a0  x8:00000000
16922383ns          285797 1c00828c 00f6222b p.sw             x15, 4(x12!)        x12=10000a58 x15:000000fc x12:10000a54  PA:10000a54
16922403ns          285798 1c008210 0047278b p.lw             x15, 4(x14!)        x15=00000000 x14=1000041c x14:10000418  PA:10000418
16922462ns          285801 1c008214 03c72403 lw               x8, 60(x14)          x8=00000000 x14:1000041c  PA:10000458
16922502ns          285803 1c008216 02fb87b3 mul              x15, x23, x15       x15=00000000 x23:00000091 x15:00000000
16922522ns          285804 1c00821a 428b07b3 p.mac            x15, x22, x8        x15=00000000 x15:00000000 x22:0000006f  x8:00000000
16922542ns          285805 1c00821e 07c72403 lw               x8, 124(x14)         x8=00000000 x14:1000041c  PA:10000498
16922602ns          285808 1c008220 428a87b3 p.mac            x15, x21, x8        x15=00000000 x15:00000000 x21:0000006e  x8:00000000
16922621ns          285809 1c008224 0bc72403 lw               x8, 188(x14)         x8=00000000 x14:1000041c  PA:100004d8
16922681ns          285812 1c008228 428a07b3 p.mac            x15, x20, x8        x15=00000000 x15:00000000 x20:00000094  x8:00000000
16922701ns          285813 1c00822c 0fc72403 lw               x8, 252(x14)         x8=00000000 x14:1000041c  PA:10000518
16922761ns          285816 1c008230 428087b3 p.mac            x15, x1, x8         x15=00000000 x15:00000000  x1:00000095  x8:00000000
16922781ns          285817 1c008234 13c72403 lw               x8, 316(x14)         x8=00000000 x14:1000041c  PA:10000558
16922840ns          285820 1c008238 428387b3 p.mac            x15, x7, x8         x15=00000000 x15:00000000  x7:0000006b  x8:00000000
16922860ns          285821 1c00823c 17c72403 lw               x8, 380(x14)         x8=00000000 x14:1000041c  PA:10000598
16922920ns          285824 1c008240 428287b3 p.mac            x15, x5, x8         x15=00000000 x15:00000000  x5:0000006a  x8:00000000
16922940ns          285825 1c008244 1bc72403 lw               x8, 444(x14)         x8=00000000 x14:1000041c  PA:100005d8
16922999ns          285828 1c008248 428f87b3 p.mac            x15, x31, x8        x15=00000000 x15:00000000 x31:00000098  x8:00000000
16923019ns          285829 1c00824c 1fc72403 lw               x8, 508(x14)         x8=00000000 x14:1000041c  PA:10000618
16923079ns          285832 1c008250 428f07b3 p.mac            x15, x30, x8        x15=00000000 x15:00000000 x30:00000099  x8:00000000
16923099ns          285833 1c008254 23c72403 lw               x8, 572(x14)         x8=00000000 x14:1000041c  PA:10000658
16923159ns          285836 1c008258 428e87b3 p.mac            x15, x29, x8        x15=00000000 x15:00000000 x29:00000067  x8:00000000
16923178ns          285837 1c00825c 27c72403 lw               x8, 636(x14)         x8=00000000 x14:1000041c  PA:10000698
16923238ns          285840 1c008260 428e07b3 p.mac            x15, x28, x8        x15=00000000 x15:00000000 x28:00000066  x8:00000000
16923258ns          285841 1c008264 2bc72403 lw               x8, 700(x14)         x8=00000000 x14:1000041c  PA:100006d8
16923318ns          285844 1c008268 428307b3 p.mac            x15, x6, x8         x15=00000000 x15:00000000  x6:0000009c  x8:00000000
16923338ns          285845 1c00826c 2fc72403 lw               x8, 764(x14)         x8=00000000 x14:1000041c  PA:10000718
16923397ns          285848 1c008270 428887b3 p.mac            x15, x17, x8        x15=00000000 x15:00000000 x17:0000009d  x8:00000000
16923417ns          285849 1c008274 33c72403 lw               x8, 828(x14)         x8=00000000 x14:1000041c  PA:10000758
16923477ns          285852 1c008278 428807b3 p.mac            x15, x16, x8        x15=00000000 x15:00000000 x16:00000063  x8:00000000
16923497ns          285853 1c00827c 37c72403 lw               x8, 892(x14)         x8=00000000 x14:1000041c  PA:10000798
16923556ns          285856 1c008280 428507b3 p.mac            x15, x10, x8        x15=00000000 x15:00000000 x10:00000062  x8:00000000
16923576ns          285857 1c008284 3bc72403 lw               x8, 956(x14)         x8=00000000 x14:1000041c  PA:100007d8
16923616ns          285859 1c008288 428587b3 p.mac            x15, x11, x8        x15=00000000 x15:00000000 x11:000000a0  x8:00000000
16923636ns          285860 1c00828c 00f6222b p.sw             x15, 4(x12!)        x12=10000a5c x15:00000000 x12:10000a58  PA:10000a58
16923656ns          285861 1c008210 0047278b p.lw             x15, 4(x14!)        x15=00000000 x14=10000420 x14:1000041c  PA:1000041c
16923715ns          285864 1c008214 03c72403 lw               x8, 60(x14)          x8=00000001 x14:10000420  PA:1000045c
16923755ns          285866 1c008216 02fb87b3 mul              x15, x23, x15       x15=00000000 x23:00000091 x15:00000000
16923775ns          285867 1c00821a 428b07b3 p.mac            x15, x22, x8        x15=0000006f x15:00000000 x22:0000006f  x8:00000001
16923795ns          285868 1c00821e 07c72403 lw               x8, 124(x14)         x8=00000001 x14:10000420  PA:1000049c
16923855ns          285871 1c008220 428a87b3 p.mac            x15, x21, x8        x15=000000dd x15:0000006f x21:0000006e  x8:00000001
16923875ns          285872 1c008224 0bc72403 lw               x8, 188(x14)         x8=00000000 x14:10000420  PA:100004dc
16923934ns          285875 1c008228 428a07b3 p.mac            x15, x20, x8        x15=000000dd x15:000000dd x20:00000094  x8:00000000
16923954ns          285876 1c00822c 0fc72403 lw               x8, 252(x14)         x8=00000000 x14:10000420  PA:1000051c
16924014ns          285879 1c008230 428087b3 p.mac            x15, x1, x8         x15=000000dd x15:000000dd  x1:00000095  x8:00000000
16924034ns          285880 1c008234 13c72403 lw               x8, 316(x14)         x8=00000001 x14:10000420  PA:1000055c
16924093ns          285883 1c008238 428387b3 p.mac            x15, x7, x8         x15=00000148 x15:000000dd  x7:0000006b  x8:00000001
16924113ns          285884 1c00823c 17c72403 lw               x8, 380(x14)         x8=00000000 x14:10000420  PA:1000059c
16924173ns          285887 1c008240 428287b3 p.mac            x15, x5, x8         x15=00000148 x15:00000148  x5:0000006a  x8:00000000
16924193ns          285888 1c008244 1bc72403 lw               x8, 444(x14)         x8=00000000 x14:10000420  PA:100005dc
16924253ns          285891 1c008248 428f87b3 p.mac            x15, x31, x8        x15=00000148 x15:00000148 x31:00000098  x8:00000000
16924272ns          285892 1c00824c 1fc72403 lw               x8, 508(x14)         x8=00000000 x14:10000420  PA:1000061c
16924332ns          285895 1c008250 428f07b3 p.mac            x15, x30, x8        x15=00000148 x15:00000148 x30:00000099  x8:00000000
16924352ns          285896 1c008254 23c72403 lw               x8, 572(x14)         x8=00000000 x14:10000420  PA:1000065c
16924412ns          285899 1c008258 428e87b3 p.mac            x15, x29, x8        x15=00000148 x15:00000148 x29:00000067  x8:00000000
16924432ns          285900 1c00825c 27c72403 lw               x8, 636(x14)         x8=00000000 x14:10000420  PA:1000069c
16924491ns          285903 1c008260 428e07b3 p.mac            x15, x28, x8        x15=00000148 x15:00000148 x28:00000066  x8:00000000
16924511ns          285904 1c008264 2bc72403 lw               x8, 700(x14)         x8=00000000 x14:10000420  PA:100006dc
16924571ns          285907 1c008268 428307b3 p.mac            x15, x6, x8         x15=00000148 x15:00000148  x6:0000009c  x8:00000000
16924591ns          285908 1c00826c 2fc72403 lw               x8, 764(x14)         x8=00000000 x14:10000420  PA:1000071c
16924650ns          285911 1c008270 428887b3 p.mac            x15, x17, x8        x15=00000148 x15:00000148 x17:0000009d  x8:00000000
16924670ns          285912 1c008274 33c72403 lw               x8, 828(x14)         x8=00000000 x14:10000420  PA:1000075c
16924730ns          285915 1c008278 428807b3 p.mac            x15, x16, x8        x15=00000148 x15:00000148 x16:00000063  x8:00000000
16924750ns          285916 1c00827c 37c72403 lw               x8, 892(x14)         x8=00000000 x14:10000420  PA:1000079c
16924809ns          285919 1c008280 428507b3 p.mac            x15, x10, x8        x15=00000148 x15:00000148 x10:00000062  x8:00000000
16924829ns          285920 1c008284 3bc72403 lw               x8, 956(x14)         x8=00000000 x14:10000420  PA:100007dc
16924869ns          285922 1c008288 428587b3 p.mac            x15, x11, x8        x15=00000148 x15:00000148 x11:000000a0  x8:00000000
16924889ns          285923 1c00828c 00f6222b p.sw             x15, 4(x12!)        x12=10000a60 x15:00000148 x12:10000a5c  PA:10000a5c
16924909ns          285924 1c008210 0047278b p.lw             x15, 4(x14!)        x15=00000000 x14=10000424 x14:10000420  PA:10000420
16924969ns          285927 1c008214 03c72403 lw               x8, 60(x14)          x8=00000000 x14:10000424  PA:10000460
16925008ns          285929 1c008216 02fb87b3 mul              x15, x23, x15       x15=00000000 x23:00000091 x15:00000000
16925028ns          285930 1c00821a 428b07b3 p.mac            x15, x22, x8        x15=00000000 x15:00000000 x22:0000006f  x8:00000000
16925048ns          285931 1c00821e 07c72403 lw               x8, 124(x14)         x8=00000000 x14:10000424  PA:100004a0
16925108ns          285934 1c008220 428a87b3 p.mac            x15, x21, x8        x15=00000000 x15:00000000 x21:0000006e  x8:00000000
16925128ns          285935 1c008224 0bc72403 lw               x8, 188(x14)         x8=00000000 x14:10000424  PA:100004e0
16925187ns          285938 1c008228 428a07b3 p.mac            x15, x20, x8        x15=00000000 x15:00000000 x20:00000094  x8:00000000
16925207ns          285939 1c00822c 0fc72403 lw               x8, 252(x14)         x8=00000000 x14:10000424  PA:10000520
16925267ns          285942 1c008230 428087b3 p.mac            x15, x1, x8         x15=00000000 x15:00000000  x1:00000095  x8:00000000
16925287ns          285943 1c008234 13c72403 lw               x8, 316(x14)         x8=00000000 x14:10000424  PA:10000560
16925347ns          285946 1c008238 428387b3 p.mac            x15, x7, x8         x15=00000000 x15:00000000  x7:0000006b  x8:00000000
16925366ns          285947 1c00823c 17c72403 lw               x8, 380(x14)         x8=00000000 x14:10000424  PA:100005a0
16925426ns          285950 1c008240 428287b3 p.mac            x15, x5, x8         x15=00000000 x15:00000000  x5:0000006a  x8:00000000
16925446ns          285951 1c008244 1bc72403 lw               x8, 444(x14)         x8=00000000 x14:10000424  PA:100005e0
16925506ns          285954 1c008248 428f87b3 p.mac            x15, x31, x8        x15=00000000 x15:00000000 x31:00000098  x8:00000000
16925526ns          285955 1c00824c 1fc72403 lw               x8, 508(x14)         x8=00000001 x14:10000424  PA:10000620
16925585ns          285958 1c008250 428f07b3 p.mac            x15, x30, x8        x15=00000099 x15:00000000 x30:00000099  x8:00000001
16925605ns          285959 1c008254 23c72403 lw               x8, 572(x14)         x8=00000000 x14:10000424  PA:10000660
16925665ns          285962 1c008258 428e87b3 p.mac            x15, x29, x8        x15=00000099 x15:00000099 x29:00000067  x8:00000000
16925685ns          285963 1c00825c 27c72403 lw               x8, 636(x14)         x8=00000000 x14:10000424  PA:100006a0
16925744ns          285966 1c008260 428e07b3 p.mac            x15, x28, x8        x15=00000099 x15:00000099 x28:00000066  x8:00000000
16925764ns          285967 1c008264 2bc72403 lw               x8, 700(x14)         x8=00000000 x14:10000424  PA:100006e0
16925824ns          285970 1c008268 428307b3 p.mac            x15, x6, x8         x15=00000099 x15:00000099  x6:0000009c  x8:00000000
16925844ns          285971 1c00826c 2fc72403 lw               x8, 764(x14)         x8=00000001 x14:10000424  PA:10000720
16925903ns          285974 1c008270 428887b3 p.mac            x15, x17, x8        x15=00000136 x15:00000099 x17:0000009d  x8:00000001
16925923ns          285975 1c008274 33c72403 lw               x8, 828(x14)         x8=00000000 x14:10000424  PA:10000760
16925983ns          285978 1c008278 428807b3 p.mac            x15, x16, x8        x15=00000136 x15:00000136 x16:00000063  x8:00000000
16926003ns          285979 1c00827c 37c72403 lw               x8, 892(x14)         x8=00000000 x14:10000424  PA:100007a0
16926063ns          285982 1c008280 428507b3 p.mac            x15, x10, x8        x15=00000136 x15:00000136 x10:00000062  x8:00000000
16926082ns          285983 1c008284 3bc72403 lw               x8, 956(x14)         x8=00000000 x14:10000424  PA:100007e0
16926122ns          285985 1c008288 428587b3 p.mac            x15, x11, x8        x15=00000136 x15:00000136 x11:000000a0  x8:00000000
16926142ns          285986 1c00828c 00f6222b p.sw             x15, 4(x12!)        x12=10000a64 x15:00000136 x12:10000a60  PA:10000a60
16926162ns          285987 1c008210 0047278b p.lw             x15, 4(x14!)        x15=00000000 x14=10000428 x14:10000424  PA:10000424
16926222ns          285990 1c008214 03c72403 lw               x8, 60(x14)          x8=00000000 x14:10000428  PA:10000464
16926261ns          285992 1c008216 02fb87b3 mul              x15, x23, x15       x15=00000000 x23:00000091 x15:00000000
16926281ns          285993 1c00821a 428b07b3 p.mac            x15, x22, x8        x15=00000000 x15:00000000 x22:0000006f  x8:00000000
16926301ns          285994 1c00821e 07c72403 lw               x8, 124(x14)         x8=00000001 x14:10000428  PA:100004a4
16926361ns          285997 1c008220 428a87b3 p.mac            x15, x21, x8        x15=0000006e x15:00000000 x21:0000006e  x8:00000001
16926381ns          285998 1c008224 0bc72403 lw               x8, 188(x14)         x8=00000000 x14:10000428  PA:100004e4
16926441ns          286001 1c008228 428a07b3 p.mac            x15, x20, x8        x15=0000006e x15:0000006e x20:00000094  x8:00000000
16926460ns          286002 1c00822c 0fc72403 lw               x8, 252(x14)         x8=00000000 x14:10000428  PA:10000524
16926520ns          286005 1c008230 428087b3 p.mac            x15, x1, x8         x15=0000006e x15:0000006e  x1:00000095  x8:00000000
16926540ns          286006 1c008234 13c72403 lw               x8, 316(x14)         x8=00000000 x14:10000428  PA:10000564
16926600ns          286009 1c008238 428387b3 p.mac            x15, x7, x8         x15=0000006e x15:0000006e  x7:0000006b  x8:00000000
16926620ns          286010 1c00823c 17c72403 lw               x8, 380(x14)         x8=00000000 x14:10000428  PA:100005a4
16926679ns          286013 1c008240 428287b3 p.mac            x15, x5, x8         x15=0000006e x15:0000006e  x5:0000006a  x8:00000000
16926699ns          286014 1c008244 1bc72403 lw               x8, 444(x14)         x8=00000000 x14:10000428  PA:100005e4
16926759ns          286017 1c008248 428f87b3 p.mac            x15, x31, x8        x15=0000006e x15:0000006e x31:00000098  x8:00000000
16926779ns          286018 1c00824c 1fc72403 lw               x8, 508(x14)         x8=00000000 x14:10000428  PA:10000624
16926838ns          286021 1c008250 428f07b3 p.mac            x15, x30, x8        x15=0000006e x15:0000006e x30:00000099  x8:00000000
16926858ns          286022 1c008254 23c72403 lw               x8, 572(x14)         x8=00000000 x14:10000428  PA:10000664
16926918ns          286025 1c008258 428e87b3 p.mac            x15, x29, x8        x15=0000006e x15:0000006e x29:00000067  x8:00000000
16926938ns          286026 1c00825c 27c72403 lw               x8, 636(x14)         x8=00000000 x14:10000428  PA:100006a4
16926997ns          286029 1c008260 428e07b3 p.mac            x15, x28, x8        x15=0000006e x15:0000006e x28:00000066  x8:00000000
16927017ns          286030 1c008264 2bc72403 lw               x8, 700(x14)         x8=00000000 x14:10000428  PA:100006e4
16927077ns          286033 1c008268 428307b3 p.mac            x15, x6, x8         x15=0000006e x15:0000006e  x6:0000009c  x8:00000000
16927097ns          286034 1c00826c 2fc72403 lw               x8, 764(x14)         x8=00000001 x14:10000428  PA:10000724
16927157ns          286037 1c008270 428887b3 p.mac            x15, x17, x8        x15=0000010b x15:0000006e x17:0000009d  x8:00000001
16927176ns          286038 1c008274 33c72403 lw               x8, 828(x14)         x8=00000001 x14:10000428  PA:10000764
16927236ns          286041 1c008278 428807b3 p.mac            x15, x16, x8        x15=0000016e x15:0000010b x16:00000063  x8:00000001
16927256ns          286042 1c00827c 37c72403 lw               x8, 892(x14)         x8=00000000 x14:10000428  PA:100007a4
16927316ns          286045 1c008280 428507b3 p.mac            x15, x10, x8        x15=0000016e x15:0000016e x10:00000062  x8:00000000
16927336ns          286046 1c008284 3bc72403 lw               x8, 956(x14)         x8=00000000 x14:10000428  PA:100007e4
16927375ns          286048 1c008288 428587b3 p.mac            x15, x11, x8        x15=0000016e x15:0000016e x11:000000a0  x8:00000000
16927395ns          286049 1c00828c 00f6222b p.sw             x15, 4(x12!)        x12=10000a68 x15:0000016e x12:10000a64  PA:10000a64
16927415ns          286050 1c008210 0047278b p.lw             x15, 4(x14!)        x15=00000000 x14=1000042c x14:10000428  PA:10000428
16927475ns          286053 1c008214 03c72403 lw               x8, 60(x14)          x8=00000000 x14:1000042c  PA:10000468
16927515ns          286055 1c008216 02fb87b3 mul              x15, x23, x15       x15=00000000 x23:00000091 x15:00000000
16927535ns          286056 1c00821a 428b07b3 p.mac            x15, x22, x8        x15=00000000 x15:00000000 x22:0000006f  x8:00000000
16927554ns          286057 1c00821e 07c72403 lw               x8, 124(x14)         x8=00000000 x14:1000042c  PA:100004a8
16927614ns          286060 1c008220 428a87b3 p.mac            x15, x21, x8        x15=00000000 x15:00000000 x21:0000006e  x8:00000000
16927634ns          286061 1c008224 0bc72403 lw               x8, 188(x14)         x8=00000000 x14:1000042c  PA:100004e8
16927694ns          286064 1c008228 428a07b3 p.mac            x15, x20, x8        x15=00000000 x15:00000000 x20:00000094  x8:00000000
16927714ns          286065 1c00822c 0fc72403 lw               x8, 252(x14)         x8=00000000 x14:1000042c  PA:10000528
16927773ns          286068 1c008230 428087b3 p.mac            x15, x1, x8         x15=00000000 x15:00000000  x1:00000095  x8:00000000
16927793ns          286069 1c008234 13c72403 lw               x8, 316(x14)         x8=00000000 x14:1000042c  PA:10000568
16927853ns          286072 1c008238 428387b3 p.mac            x15, x7, x8         x15=00000000 x15:00000000  x7:0000006b  x8:00000000
16927873ns          286073 1c00823c 17c72403 lw               x8, 380(x14)         x8=00000000 x14:1000042c  PA:100005a8
16927932ns          286076 1c008240 428287b3 p.mac            x15, x5, x8         x15=00000000 x15:00000000  x5:0000006a  x8:00000000
16927952ns          286077 1c008244 1bc72403 lw               x8, 444(x14)         x8=00000000 x14:1000042c  PA:100005e8
16928012ns          286080 1c008248 428f87b3 p.mac            x15, x31, x8        x15=00000000 x15:00000000 x31:00000098  x8:00000000
16928032ns          286081 1c00824c 1fc72403 lw               x8, 508(x14)         x8=00000000 x14:1000042c  PA:10000628
16928091ns          286084 1c008250 428f07b3 p.mac            x15, x30, x8        x15=00000000 x15:00000000 x30:00000099  x8:00000000
16928111ns          286085 1c008254 23c72403 lw               x8, 572(x14)         x8=00000000 x14:1000042c  PA:10000668
16928171ns          286088 1c008258 428e87b3 p.mac            x15, x29, x8        x15=00000000 x15:00000000 x29:00000067  x8:00000000
16928191ns          286089 1c00825c 27c72403 lw               x8, 636(x14)         x8=00000000 x14:1000042c  PA:100006a8
16928251ns          286092 1c008260 428e07b3 p.mac            x15, x28, x8        x15=00000000 x15:00000000 x28:00000066  x8:00000000
16928270ns          286093 1c008264 2bc72403 lw               x8, 700(x14)         x8=00000000 x14:1000042c  PA:100006e8
16928330ns          286096 1c008268 428307b3 p.mac            x15, x6, x8         x15=00000000 x15:00000000  x6:0000009c  x8:00000000
16928350ns          286097 1c00826c 2fc72403 lw               x8, 764(x14)         x8=00000000 x14:1000042c  PA:10000728
16928410ns          286100 1c008270 428887b3 p.mac            x15, x17, x8        x15=00000000 x15:00000000 x17:0000009d  x8:00000000
16928430ns          286101 1c008274 33c72403 lw               x8, 828(x14)         x8=00000000 x14:1000042c  PA:10000768
16928489ns          286104 1c008278 428807b3 p.mac            x15, x16, x8        x15=00000000 x15:00000000 x16:00000063  x8:00000000
16928509ns          286105 1c00827c 37c72403 lw               x8, 892(x14)         x8=00000000 x14:1000042c  PA:100007a8
16928569ns          286108 1c008280 428507b3 p.mac            x15, x10, x8        x15=00000000 x15:00000000 x10:00000062  x8:00000000
16928589ns          286109 1c008284 3bc72403 lw               x8, 956(x14)         x8=00000000 x14:1000042c  PA:100007e8
16928628ns          286111 1c008288 428587b3 p.mac            x15, x11, x8        x15=00000000 x15:00000000 x11:000000a0  x8:00000000
16928648ns          286112 1c00828c 00f6222b p.sw             x15, 4(x12!)        x12=10000a6c x15:00000000 x12:10000a68  PA:10000a68
16928668ns          286113 1c008210 0047278b p.lw             x15, 4(x14!)        x15=00000000 x14=10000430 x14:1000042c  PA:1000042c
16928728ns          286116 1c008214 03c72403 lw               x8, 60(x14)          x8=00000000 x14:10000430  PA:1000046c
16928768ns          286118 1c008216 02fb87b3 mul              x15, x23, x15       x15=00000000 x23:00000091 x15:00000000
16928788ns          286119 1c00821a 428b07b3 p.mac            x15, x22, x8        x15=00000000 x15:00000000 x22:0000006f  x8:00000000
16928808ns          286120 1c00821e 07c72403 lw               x8, 124(x14)         x8=00000000 x14:10000430  PA:100004ac
16928867ns          286123 1c008220 428a87b3 p.mac            x15, x21, x8        x15=00000000 x15:00000000 x21:0000006e  x8:00000000
16928887ns          286124 1c008224 0bc72403 lw               x8, 188(x14)         x8=00000000 x14:10000430  PA:100004ec
16928947ns          286127 1c008228 428a07b3 p.mac            x15, x20, x8        x15=00000000 x15:00000000 x20:00000094  x8:00000000
16928967ns          286128 1c00822c 0fc72403 lw               x8, 252(x14)         x8=00000000 x14:10000430  PA:1000052c
16929026ns          286131 1c008230 428087b3 p.mac            x15, x1, x8         x15=00000000 x15:00000000  x1:00000095  x8:00000000
16929046ns          286132 1c008234 13c72403 lw               x8, 316(x14)         x8=00000000 x14:10000430  PA:1000056c
16929106ns          286135 1c008238 428387b3 p.mac            x15, x7, x8         x15=00000000 x15:00000000  x7:0000006b  x8:00000000
16929126ns          286136 1c00823c 17c72403 lw               x8, 380(x14)         x8=00000001 x14:10000430  PA:100005ac
16929185ns          286139 1c008240 428287b3 p.mac            x15, x5, x8         x15=0000006a x15:00000000  x5:0000006a  x8:00000001
16929205ns          286140 1c008244 1bc72403 lw               x8, 444(x14)         x8=00000000 x14:10000430  PA:100005ec
16929265ns          286143 1c008248 428f87b3 p.mac            x15, x31, x8        x15=0000006a x15:0000006a x31:00000098  x8:00000000
16929285ns          286144 1c00824c 1fc72403 lw               x8, 508(x14)         x8=00000000 x14:10000430  PA:1000062c
16929345ns          286147 1c008250 428f07b3 p.mac            x15, x30, x8        x15=0000006a x15:0000006a x30:00000099  x8:00000000
16929364ns          286148 1c008254 23c72403 lw               x8, 572(x14)         x8=00000000 x14:10000430  PA:1000066c
16929424ns          286151 1c008258 428e87b3 p.mac            x15, x29, x8        x15=0000006a x15:0000006a x29:00000067  x8:00000000
16929444ns          286152 1c00825c 27c72403 lw               x8, 636(x14)         x8=00000001 x14:10000430  PA:100006ac
16929504ns          286155 1c008260 428e07b3 p.mac            x15, x28, x8        x15=000000d0 x15:0000006a x28:00000066  x8:00000001
16929524ns          286156 1c008264 2bc72403 lw               x8, 700(x14)         x8=00000000 x14:10000430  PA:100006ec
16929583ns          286159 1c008268 428307b3 p.mac            x15, x6, x8         x15=000000d0 x15:000000d0  x6:0000009c  x8:00000000
16929603ns          286160 1c00826c 2fc72403 lw               x8, 764(x14)         x8=00000000 x14:10000430  PA:1000072c
16929663ns          286163 1c008270 428887b3 p.mac            x15, x17, x8        x15=000000d0 x15:000000d0 x17:0000009d  x8:00000000
16929683ns          286164 1c008274 33c72403 lw               x8, 828(x14)         x8=00000000 x14:10000430  PA:1000076c
16929742ns          286167 1c008278 428807b3 p.mac            x15, x16, x8        x15=000000d0 x15:000000d0 x16:00000063  x8:00000000
16929762ns          286168 1c00827c 37c72403 lw               x8, 892(x14)         x8=00000000 x14:10000430  PA:100007ac
16929822ns          286171 1c008280 428507b3 p.mac            x15, x10, x8        x15=000000d0 x15:000000d0 x10:00000062  x8:00000000
16929842ns          286172 1c008284 3bc72403 lw               x8, 956(x14)         x8=00000000 x14:10000430  PA:100007ec
16929882ns          286174 1c008288 428587b3 p.mac            x15, x11, x8        x15=000000d0 x15:000000d0 x11:000000a0  x8:00000000
16929902ns          286175 1c00828c 00f6222b p.sw             x15, 4(x12!)        x12=10000a70 x15:000000d0 x12:10000a6c  PA:10000a6c
16929921ns          286176 1c008210 0047278b p.lw             x15, 4(x14!)        x15=00000000 x14=10000434 x14:10000430  PA:10000430
16929981ns          286179 1c008214 03c72403 lw               x8, 60(x14)          x8=00000000 x14:10000434  PA:10000470
16930021ns          286181 1c008216 02fb87b3 mul              x15, x23, x15       x15=00000000 x23:00000091 x15:00000000
16930041ns          286182 1c00821a 428b07b3 p.mac            x15, x22, x8        x15=00000000 x15:00000000 x22:0000006f  x8:00000000
16930061ns          286183 1c00821e 07c72403 lw               x8, 124(x14)         x8=00000000 x14:10000434  PA:100004b0
16930120ns          286186 1c008220 428a87b3 p.mac            x15, x21, x8        x15=00000000 x15:00000000 x21:0000006e  x8:00000000
16930140ns          286187 1c008224 0bc72403 lw               x8, 188(x14)         x8=00000001 x14:10000434  PA:100004f0
16930200ns          286190 1c008228 428a07b3 p.mac            x15, x20, x8        x15=00000094 x15:00000000 x20:00000094  x8:00000001
16930220ns          286191 1c00822c 0fc72403 lw               x8, 252(x14)         x8=00000001 x14:10000434  PA:10000530
16930279ns          286194 1c008230 428087b3 p.mac            x15, x1, x8         x15=00000129 x15:00000094  x1:00000095  x8:00000001
16930299ns          286195 1c008234 13c72403 lw               x8, 316(x14)         x8=00000000 x14:10000434  PA:10000570
16930359ns          286198 1c008238 428387b3 p.mac            x15, x7, x8         x15=00000129 x15:00000129  x7:0000006b  x8:00000000
16930379ns          286199 1c00823c 17c72403 lw               x8, 380(x14)         x8=00000000 x14:10000434  PA:100005b0
16930439ns          286202 1c008240 428287b3 p.mac            x15, x5, x8         x15=00000129 x15:00000129  x5:0000006a  x8:00000000
16930458ns          286203 1c008244 1bc72403 lw               x8, 444(x14)         x8=00000000 x14:10000434  PA:100005f0
16930518ns          286206 1c008248 428f87b3 p.mac            x15, x31, x8        x15=00000129 x15:00000129 x31:00000098  x8:00000000
16930538ns          286207 1c00824c 1fc72403 lw               x8, 508(x14)         x8=00000000 x14:10000434  PA:10000630
16930598ns          286210 1c008250 428f07b3 p.mac            x15, x30, x8        x15=00000129 x15:00000129 x30:00000099  x8:00000000
16930618ns          286211 1c008254 23c72403 lw               x8, 572(x14)         x8=00000000 x14:10000434  PA:10000670
16930677ns          286214 1c008258 428e87b3 p.mac            x15, x29, x8        x15=00000129 x15:00000129 x29:00000067  x8:00000000
16930697ns          286215 1c00825c 27c72403 lw               x8, 636(x14)         x8=00000001 x14:10000434  PA:100006b0
16930757ns          286218 1c008260 428e07b3 p.mac            x15, x28, x8        x15=0000018f x15:00000129 x28:00000066  x8:00000001
16930777ns          286219 1c008264 2bc72403 lw               x8, 700(x14)         x8=00000000 x14:10000434  PA:100006f0
16930836ns          286222 1c008268 428307b3 p.mac            x15, x6, x8         x15=0000018f x15:0000018f  x6:0000009c  x8:00000000
16930856ns          286223 1c00826c 2fc72403 lw               x8, 764(x14)         x8=00000001 x14:10000434  PA:10000730
16930916ns          286226 1c008270 428887b3 p.mac            x15, x17, x8        x15=0000022c x15:0000018f x17:0000009d  x8:00000001
16930936ns          286227 1c008274 33c72403 lw               x8, 828(x14)         x8=00000000 x14:10000434  PA:10000770
16930995ns          286230 1c008278 428807b3 p.mac            x15, x16, x8        x15=0000022c x15:0000022c x16:00000063  x8:00000000
16931015ns          286231 1c00827c 37c72403 lw               x8, 892(x14)         x8=00000000 x14:10000434  PA:100007b0
16931075ns          286234 1c008280 428507b3 p.mac            x15, x10, x8        x15=0000022c x15:0000022c x10:00000062  x8:00000000
16931095ns          286235 1c008284 3bc72403 lw               x8, 956(x14)         x8=00000000 x14:10000434  PA:100007f0
16931135ns          286237 1c008288 428587b3 p.mac            x15, x11, x8        x15=0000022c x15:0000022c x11:000000a0  x8:00000000
16931155ns          286238 1c00828c 00f6222b p.sw             x15, 4(x12!)        x12=10000a74 x15:0000022c x12:10000a70  PA:10000a70
16931175ns          286239 1c008210 0047278b p.lw             x15, 4(x14!)        x15=00000000 x14=10000438 x14:10000434  PA:10000434
16931234ns          286242 1c008214 03c72403 lw               x8, 60(x14)          x8=00000000 x14:10000438  PA:10000474
16931274ns          286244 1c008216 02fb87b3 mul              x15, x23, x15       x15=00000000 x23:00000091 x15:00000000
16931294ns          286245 1c00821a 428b07b3 p.mac            x15, x22, x8        x15=00000000 x15:00000000 x22:0000006f  x8:00000000
16931314ns          286246 1c00821e 07c72403 lw               x8, 124(x14)         x8=00000000 x14:10000438  PA:100004b4
16931373ns          286249 1c008220 428a87b3 p.mac            x15, x21, x8        x15=00000000 x15:00000000 x21:0000006e  x8:00000000
16931393ns          286250 1c008224 0bc72403 lw               x8, 188(x14)         x8=00000001 x14:10000438  PA:100004f4
16931453ns          286253 1c008228 428a07b3 p.mac            x15, x20, x8        x15=00000094 x15:00000000 x20:00000094  x8:00000001
16931473ns          286254 1c00822c 0fc72403 lw               x8, 252(x14)         x8=00000000 x14:10000438  PA:10000534
16931533ns          286257 1c008230 428087b3 p.mac            x15, x1, x8         x15=00000094 x15:00000094  x1:00000095  x8:00000000
16931552ns          286258 1c008234 13c72403 lw               x8, 316(x14)         x8=00000000 x14:10000438  PA:10000574
16931612ns          286261 1c008238 428387b3 p.mac            x15, x7, x8         x15=00000094 x15:00000094  x7:0000006b  x8:00000000
16931632ns          286262 1c00823c 17c72403 lw               x8, 380(x14)         x8=00000000 x14:10000438  PA:100005b4
16931692ns          286265 1c008240 428287b3 p.mac            x15, x5, x8         x15=00000094 x15:00000094  x5:0000006a  x8:00000000
16931712ns          286266 1c008244 1bc72403 lw               x8, 444(x14)         x8=00000000 x14:10000438  PA:100005f4
16931771ns          286269 1c008248 428f87b3 p.mac            x15, x31, x8        x15=00000094 x15:00000094 x31:00000098  x8:00000000
16931791ns          286270 1c00824c 1fc72403 lw               x8, 508(x14)         x8=00000000 x14:10000438  PA:10000634
16931851ns          286273 1c008250 428f07b3 p.mac            x15, x30, x8        x15=00000094 x15:00000094 x30:00000099  x8:00000000
16931871ns          286274 1c008254 23c72403 lw               x8, 572(x14)         x8=00000000 x14:10000438  PA:10000674
16931930ns          286277 1c008258 428e87b3 p.mac            x15, x29, x8        x15=00000094 x15:00000094 x29:00000067  x8:00000000
16931950ns          286278 1c00825c 27c72403 lw               x8, 636(x14)         x8=00000000 x14:10000438  PA:100006b4
16932010ns          286281 1c008260 428e07b3 p.mac            x15, x28, x8        x15=00000094 x15:00000094 x28:00000066  x8:00000000
16932030ns          286282 1c008264 2bc72403 lw               x8, 700(x14)         x8=00000000 x14:10000438  PA:100006f4
16932089ns          286285 1c008268 428307b3 p.mac            x15, x6, x8         x15=00000094 x15:00000094  x6:0000009c  x8:00000000
16932109ns          286286 1c00826c 2fc72403 lw               x8, 764(x14)         x8=00000000 x14:10000438  PA:10000734
16932169ns          286289 1c008270 428887b3 p.mac            x15, x17, x8        x15=00000094 x15:00000094 x17:0000009d  x8:00000000
16932189ns          286290 1c008274 33c72403 lw               x8, 828(x14)         x8=00000000 x14:10000438  PA:10000774
16932249ns          286293 1c008278 428807b3 p.mac            x15, x16, x8        x15=00000094 x15:00000094 x16:00000063  x8:00000000
16932268ns          286294 1c00827c 37c72403 lw               x8, 892(x14)         x8=00000000 x14:10000438  PA:100007b4
16932328ns          286297 1c008280 428507b3 p.mac            x15, x10, x8        x15=00000094 x15:00000094 x10:00000062  x8:00000000
16932348ns          286298 1c008284 3bc72403 lw               x8, 956(x14)         x8=00000000 x14:10000438  PA:100007f4
16932388ns          286300 1c008288 428587b3 p.mac            x15, x11, x8        x15=00000094 x15:00000094 x11:000000a0  x8:00000000
16932408ns          286301 1c00828c 00f6222b p.sw             x15, 4(x12!)        x12=10000a78 x15:00000094 x12:10000a74  PA:10000a74
16932428ns          286302 1c008210 0047278b p.lw             x15, 4(x14!)        x15=00000000 x14=1000043c x14:10000438  PA:10000438
16932487ns          286305 1c008214 03c72403 lw               x8, 60(x14)          x8=00000000 x14:1000043c  PA:10000478
16932527ns          286307 1c008216 02fb87b3 mul              x15, x23, x15       x15=00000000 x23:00000091 x15:00000000
16932547ns          286308 1c00821a 428b07b3 p.mac            x15, x22, x8        x15=00000000 x15:00000000 x22:0000006f  x8:00000000
16932567ns          286309 1c00821e 07c72403 lw               x8, 124(x14)         x8=00000001 x14:1000043c  PA:100004b8
16932627ns          286312 1c008220 428a87b3 p.mac            x15, x21, x8        x15=0000006e x15:00000000 x21:0000006e  x8:00000001
16932646ns          286313 1c008224 0bc72403 lw               x8, 188(x14)         x8=00000000 x14:1000043c  PA:100004f8
16932706ns          286316 1c008228 428a07b3 p.mac            x15, x20, x8        x15=0000006e x15:0000006e x20:00000094  x8:00000000
16932726ns          286317 1c00822c 0fc72403 lw               x8, 252(x14)         x8=00000000 x14:1000043c  PA:10000538
16932786ns          286320 1c008230 428087b3 p.mac            x15, x1, x8         x15=0000006e x15:0000006e  x1:00000095  x8:00000000
16932806ns          286321 1c008234 13c72403 lw               x8, 316(x14)         x8=00000000 x14:1000043c  PA:10000578
16932865ns          286324 1c008238 428387b3 p.mac            x15, x7, x8         x15=0000006e x15:0000006e  x7:0000006b  x8:00000000
16932885ns          286325 1c00823c 17c72403 lw               x8, 380(x14)         x8=00000000 x14:1000043c  PA:100005b8
16932945ns          286328 1c008240 428287b3 p.mac            x15, x5, x8         x15=0000006e x15:0000006e  x5:0000006a  x8:00000000
16932965ns          286329 1c008244 1bc72403 lw               x8, 444(x14)         x8=00000001 x14:1000043c  PA:100005f8
16933024ns          286332 1c008248 428f87b3 p.mac            x15, x31, x8        x15=00000106 x15:0000006e x31:00000098  x8:00000001
16933044ns          286333 1c00824c 1fc72403 lw               x8, 508(x14)         x8=00000001 x14:1000043c  PA:10000638
16933104ns          286336 1c008250 428f07b3 p.mac            x15, x30, x8        x15=0000019f x15:00000106 x30:00000099  x8:00000001
16933124ns          286337 1c008254 23c72403 lw               x8, 572(x14)         x8=00000000 x14:1000043c  PA:10000678
16933183ns          286340 1c008258 428e87b3 p.mac            x15, x29, x8        x15=0000019f x15:0000019f x29:00000067  x8:00000000
16933203ns          286341 1c00825c 27c72403 lw               x8, 636(x14)         x8=00000001 x14:1000043c  PA:100006b8
16933263ns          286344 1c008260 428e07b3 p.mac            x15, x28, x8        x15=00000205 x15:0000019f x28:00000066  x8:00000001
16933283ns          286345 1c008264 2bc72403 lw               x8, 700(x14)         x8=00000000 x14:1000043c  PA:100006f8
16933343ns          286348 1c008268 428307b3 p.mac            x15, x6, x8         x15=00000205 x15:00000205  x6:0000009c  x8:00000000
16933362ns          286349 1c00826c 2fc72403 lw               x8, 764(x14)         x8=00000001 x14:1000043c  PA:10000738
16933422ns          286352 1c008270 428887b3 p.mac            x15, x17, x8        x15=000002a2 x15:00000205 x17:0000009d  x8:00000001
16933442ns          286353 1c008274 33c72403 lw               x8, 828(x14)         x8=00000000 x14:1000043c  PA:10000778
16933502ns          286356 1c008278 428807b3 p.mac            x15, x16, x8        x15=000002a2 x15:000002a2 x16:00000063  x8:00000000
16933522ns          286357 1c00827c 37c72403 lw               x8, 892(x14)         x8=00000000 x14:1000043c  PA:100007b8
16933581ns          286360 1c008280 428507b3 p.mac            x15, x10, x8        x15=000002a2 x15:000002a2 x10:00000062  x8:00000000
16933601ns          286361 1c008284 3bc72403 lw               x8, 956(x14)         x8=00000000 x14:1000043c  PA:100007f8
16933641ns          286363 1c008288 428587b3 p.mac            x15, x11, x8        x15=000002a2 x15:000002a2 x11:000000a0  x8:00000000
16933661ns          286364 1c00828c 00f6222b p.sw             x15, 4(x12!)        x12=10000a7c x15:000002a2 x12:10000a78  PA:10000a78
16933681ns          286365 1c008210 0047278b p.lw             x15, 4(x14!)        x15=00000000 x14=10000440 x14:1000043c  PA:1000043c
16933740ns          286368 1c008214 03c72403 lw               x8, 60(x14)          x8=00000000 x14:10000440  PA:1000047c
16933780ns          286370 1c008216 02fb87b3 mul              x15, x23, x15       x15=00000000 x23:00000091 x15:00000000
16933800ns          286371 1c00821a 428b07b3 p.mac            x15, x22, x8        x15=00000000 x15:00000000 x22:0000006f  x8:00000000
16933820ns          286372 1c00821e 07c72403 lw               x8, 124(x14)         x8=00000000 x14:10000440  PA:100004bc
16933880ns          286375 1c008220 428a87b3 p.mac            x15, x21, x8        x15=00000000 x15:00000000 x21:0000006e  x8:00000000
16933900ns          286376 1c008224 0bc72403 lw               x8, 188(x14)         x8=00000000 x14:10000440  PA:100004fc
16933959ns          286379 1c008228 428a07b3 p.mac            x15, x20, x8        x15=00000000 x15:00000000 x20:00000094  x8:00000000
16933979ns          286380 1c00822c 0fc72403 lw               x8, 252(x14)         x8=00000000 x14:10000440  PA:1000053c
16934039ns          286383 1c008230 428087b3 p.mac            x15, x1, x8         x15=00000000 x15:00000000  x1:00000095  x8:00000000
16934059ns          286384 1c008234 13c72403 lw               x8, 316(x14)         x8=00000000 x14:10000440  PA:1000057c
16934118ns          286387 1c008238 428387b3 p.mac            x15, x7, x8         x15=00000000 x15:00000000  x7:0000006b  x8:00000000
16934138ns          286388 1c00823c 17c72403 lw               x8, 380(x14)         x8=00000000 x14:10000440  PA:100005bc
16934198ns          286391 1c008240 428287b3 p.mac            x15, x5, x8         x15=00000000 x15:00000000  x5:0000006a  x8:00000000
16934218ns          286392 1c008244 1bc72403 lw               x8, 444(x14)         x8=00000000 x14:10000440  PA:100005fc
16934277ns          286395 1c008248 428f87b3 p.mac            x15, x31, x8        x15=00000000 x15:00000000 x31:00000098  x8:00000000
16934297ns          286396 1c00824c 1fc72403 lw               x8, 508(x14)         x8=00000000 x14:10000440  PA:1000063c
16934357ns          286399 1c008250 428f07b3 p.mac            x15, x30, x8        x15=00000000 x15:00000000 x30:00000099  x8:00000000
16934377ns          286400 1c008254 23c72403 lw               x8, 572(x14)         x8=00000001 x14:10000440  PA:1000067c
16934437ns          286403 1c008258 428e87b3 p.mac            x15, x29, x8        x15=00000067 x15:00000000 x29:00000067  x8:00000001
16934456ns          286404 1c00825c 27c72403 lw               x8, 636(x14)         x8=00000000 x14:10000440  PA:100006bc
16934516ns          286407 1c008260 428e07b3 p.mac            x15, x28, x8        x15=00000067 x15:00000067 x28:00000066  x8:00000000
16934536ns          286408 1c008264 2bc72403 lw               x8, 700(x14)         x8=00000001 x14:10000440  PA:100006fc
16934596ns          286411 1c008268 428307b3 p.mac            x15, x6, x8         x15=00000103 x15:00000067  x6:0000009c  x8:00000001
16934616ns          286412 1c00826c 2fc72403 lw               x8, 764(x14)         x8=00000001 x14:10000440  PA:1000073c
16934675ns          286415 1c008270 428887b3 p.mac            x15, x17, x8        x15=000001a0 x15:00000103 x17:0000009d  x8:00000001
16934695ns          286416 1c008274 33c72403 lw               x8, 828(x14)         x8=00000000 x14:10000440  PA:1000077c
16934755ns          286419 1c008278 428807b3 p.mac            x15, x16, x8        x15=000001a0 x15:000001a0 x16:00000063  x8:00000000
16934775ns          286420 1c00827c 37c72403 lw               x8, 892(x14)         x8=00000001 x14:10000440  PA:100007bc
16934834ns          286423 1c008280 428507b3 p.mac            x15, x10, x8        x15=00000202 x15:000001a0 x10:00000062  x8:00000001
16934854ns          286424 1c008284 3bc72403 lw               x8, 956(x14)         x8=00000000 x14:10000440  PA:100007fc
16934894ns          286426 1c008288 428587b3 p.mac            x15, x11, x8        x15=00000202 x15:00000202 x11:000000a0  x8:00000000
16934914ns          286427 1c00828c 00f6222b p.sw             x15, 4(x12!)        x12=10000a80 x15:00000202 x12:10000a7c  PA:10000a7c
16934934ns          286428 1c008210 0047278b p.lw             x15, 4(x14!)        x15=00000000 x14=10000444 x14:10000440  PA:10000440
16934994ns          286431 1c008214 03c72403 lw               x8, 60(x14)          x8=00000000 x14:10000444  PA:10000480
16935033ns          286433 1c008216 02fb87b3 mul              x15, x23, x15       x15=00000000 x23:00000091 x15:00000000
16935053ns          286434 1c00821a 428b07b3 p.mac            x15, x22, x8        x15=00000000 x15:00000000 x22:0000006f  x8:00000000
16935073ns          286435 1c00821e 07c72403 lw               x8, 124(x14)         x8=00000001 x14:10000444  PA:100004c0
16935133ns          286438 1c008220 428a87b3 p.mac            x15, x21, x8        x15=0000006e x15:00000000 x21:0000006e  x8:00000001
16935153ns          286439 1c008224 0bc72403 lw               x8, 188(x14)         x8=00000001 x14:10000444  PA:10000500
16935212ns          286442 1c008228 428a07b3 p.mac            x15, x20, x8        x15=00000102 x15:0000006e x20:00000094  x8:00000001
16935232ns          286443 1c00822c 0fc72403 lw               x8, 252(x14)         x8=00000000 x14:10000444  PA:10000540
16935292ns          286446 1c008230 428087b3 p.mac            x15, x1, x8         x15=00000102 x15:00000102  x1:00000095  x8:00000000
16935312ns          286447 1c008234 13c72403 lw               x8, 316(x14)         x8=00000000 x14:10000444  PA:10000580
16935371ns          286450 1c008238 428387b3 p.mac            x15, x7, x8         x15=00000102 x15:00000102  x7:0000006b  x8:00000000
16935391ns          286451 1c00823c 17c72403 lw               x8, 380(x14)         x8=00000000 x14:10000444  PA:100005c0
16935451ns          286454 1c008240 428287b3 p.mac            x15, x5, x8         x15=00000102 x15:00000102  x5:0000006a  x8:00000000
16935471ns          286455 1c008244 1bc72403 lw               x8, 444(x14)         x8=00000000 x14:10000444  PA:10000600
16935531ns          286458 1c008248 428f87b3 p.mac            x15, x31, x8        x15=00000102 x15:00000102 x31:00000098  x8:00000000
16935550ns          286459 1c00824c 1fc72403 lw               x8, 508(x14)         x8=00000000 x14:10000444  PA:10000640
16935610ns          286462 1c008250 428f07b3 p.mac            x15, x30, x8        x15=00000102 x15:00000102 x30:00000099  x8:00000000
16935630ns          286463 1c008254 23c72403 lw               x8, 572(x14)         x8=00000001 x14:10000444  PA:10000680
16935690ns          286466 1c008258 428e87b3 p.mac            x15, x29, x8        x15=00000169 x15:00000102 x29:00000067  x8:00000001
16935710ns          286467 1c00825c 27c72403 lw               x8, 636(x14)         x8=00000000 x14:10000444  PA:100006c0
16935769ns          286470 1c008260 428e07b3 p.mac            x15, x28, x8        x15=00000169 x15:00000169 x28:00000066  x8:00000000
16935789ns          286471 1c008264 2bc72403 lw               x8, 700(x14)         x8=00000001 x14:10000444  PA:10000700
16935849ns          286474 1c008268 428307b3 p.mac            x15, x6, x8         x15=00000205 x15:00000169  x6:0000009c  x8:00000001
16935869ns          286475 1c00826c 2fc72403 lw               x8, 764(x14)         x8=00000000 x14:10000444  PA:10000740
16935928ns          286478 1c008270 428887b3 p.mac            x15, x17, x8        x15=00000205 x15:00000205 x17:0000009d  x8:00000000
16935948ns          286479 1c008274 33c72403 lw               x8, 828(x14)         x8=00000000 x14:10000444  PA:10000780
16936008ns          286482 1c008278 428807b3 p.mac            x15, x16, x8        x15=00000205 x15:00000205 x16:00000063  x8:00000000
16936028ns          286483 1c00827c 37c72403 lw               x8, 892(x14)         x8=00000000 x14:10000444  PA:100007c0
16936088ns          286486 1c008280 428507b3 p.mac            x15, x10, x8        x15=00000205 x15:00000205 x10:00000062  x8:00000000
16936107ns          286487 1c008284 3bc72403 lw               x8, 956(x14)         x8=00000000 x14:10000444  PA:10000800
16936147ns          286489 1c008288 428587b3 p.mac            x15, x11, x8        x15=00000205 x15:00000205 x11:000000a0  x8:00000000
16936167ns          286490 1c00828c 00f6222b p.sw             x15, 4(x12!)        x12=10000a84 x15:00000205 x12:10000a80  PA:10000a80
16936187ns          286491 1c008290 001c0c13 addi             x24, x24, 1         x24=0000000a x24:00000009
16936207ns          286492 1c008292 100c4c33 p.exths          x24, x24, x0        x24=0000000a x24:0000000a
16936227ns          286493 1c008296 01800633 add              x12, x0, x24        x12=0000000a x24:0000000a
16936247ns          286494 1c0081bc 00661613 slli             x12, x12, 0x6       x12=00000280 x12:0000000a
16936267ns          286495 1c0081be 00cd07b3 add              x15, x26, x12       x15=10000284 x26:10000004 x12:00000280
16936286ns          286496 1c0081c2 0007ab83 lw               x23, 0(x15)         x23=000000a1 x15:10000284  PA:10000284
16936306ns          286497 1c0081c6 0047ab03 lw               x22, 4(x15)         x22=0000005f x15:10000284  PA:10000288
16936326ns          286498 1c0081ca 0087aa83 lw               x21, 8(x15)         x21=0000005e x15:10000284  PA:1000028c
16936346ns          286499 1c0081ce 00c7aa03 lw               x20, 12(x15)        x20=000000a4 x15:10000284  PA:10000290
16936366ns          286500 1c0081d2 0107a083 lw               x1, 16(x15)          x1=000000a5 x15:10000284  PA:10000294
16936386ns          286501 1c0081d6 0147a383 lw               x7, 20(x15)          x7=0000005b x15:10000284  PA:10000298
16936406ns          286502 1c0081da 0187a283 lw               x5, 24(x15)          x5=0000005a x15:10000284  PA:1000029c
16936426ns          286503 1c0081de 01c7af83 lw               x31, 28(x15)        x31=000000a8 x15:10000284  PA:100002a0
16936446ns          286504 1c0081e2 0207af03 lw               x30, 32(x15)        x30=000000a9 x15:10000284  PA:100002a4
16936465ns          286505 1c0081e6 0247ae83 lw               x29, 36(x15)        x29=00000057 x15:10000284  PA:100002a8
16936485ns          286506 1c0081ea 0287ae03 lw               x28, 40(x15)        x28=00000056 x15:10000284  PA:100002ac
16936505ns          286507 1c0081ee 02c7a303 lw               x6, 44(x15)          x6=000000ac x15:10000284  PA:100002b0
16936525ns          286508 1c0081f2 0307a883 lw               x17, 48(x15)        x17=000000ad x15:10000284  PA:100002b4
16936545ns          286509 1c0081f6 0347a803 lw               x16, 52(x15)        x16=00000053 x15:10000284  PA:100002b8
16936565ns          286510 1c0081fa 0387a503 lw               x10, 56(x15)        x10=00000052 x15:10000284  PA:100002bc
16936585ns          286511 1c0081fc 03c7a583 lw               x11, 60(x15)        x11=000000b0 x15:10000284  PA:100002c0
16936605ns          286512 1c0081fe 100017b7 lui              x15, 0x10001000     x15=10001000
16936625ns          286513 1c008202 80478793 addi             x15, x15, -2044     x15=10000804 x15:10001000
16936644ns          286514 1c008206 01900733 add              x14, x0, x25        x14=10000404 x25:10000404
16936664ns          286515 1c008208 00f60633 add              x12, x12, x15       x12=10000a84 x12:00000280 x15:10000804
16936684ns          286516 1c00820a 01000693 addi             x13, x0, 16         x13=00000010
16936704ns          286517 1c00820c 0406c0fb lp.setup         0x1, x13, 0x40      x13:00000010
16936724ns          286518 1c008210 0047278b p.lw             x15, 4(x14!)        x15=00000001 x14=10000408 x14:10000404  PA:10000404
16936784ns          286521 1c008214 03c72403 lw               x8, 60(x14)          x8=00000000 x14:10000408  PA:10000444
16936823ns          286523 1c008216 02fb87b3 mul              x15, x23, x15       x15=000000a1 x23:000000a1 x15:00000001
16936843ns          286524 1c00821a 428b07b3 p.mac            x15, x22, x8        x15=000000a1 x15:000000a1 x22:0000005f  x8:00000000
16936863ns          286525 1c00821e 07c72403 lw               x8, 124(x14)         x8=00000001 x14:10000408  PA:10000484
16936923ns          286528 1c008220 428a87b3 p.mac            x15, x21, x8        x15=000000ff x15:000000a1 x21:0000005e  x8:00000001
16936943ns          286529 1c008224 0bc72403 lw               x8, 188(x14)         x8=00000000 x14:10000408  PA:100004c4
16937002ns          286532 1c008228 428a07b3 p.mac            x15, x20, x8        x15=000000ff x15:000000ff x20:000000a4  x8:00000000
16937022ns          286533 1c00822c 0fc72403 lw               x8, 252(x14)         x8=00000000 x14:10000408  PA:10000504
16937082ns          286536 1c008230 428087b3 p.mac            x15, x1, x8         x15=000000ff x15:000000ff  x1:000000a5  x8:00000000
16937102ns          286537 1c008234 13c72403 lw               x8, 316(x14)         x8=00000001 x14:10000408  PA:10000544
16937162ns          286540 1c008238 428387b3 p.mac            x15, x7, x8         x15=0000015a x15:000000ff  x7:0000005b  x8:00000001
16937182ns          286541 1c00823c 17c72403 lw               x8, 380(x14)         x8=00000000 x14:10000408  PA:10000584
16937241ns          286544 1c008240 428287b3 p.mac            x15, x5, x8         x15=0000015a x15:0000015a  x5:0000005a  x8:00000000
16937261ns          286545 1c008244 1bc72403 lw               x8, 444(x14)         x8=00000000 x14:10000408  PA:100005c4
16937321ns          286548 1c008248 428f87b3 p.mac            x15, x31, x8        x15=0000015a x15:0000015a x31:000000a8  x8:00000000
16937341ns          286549 1c00824c 1fc72403 lw               x8, 508(x14)         x8=00000000 x14:10000408  PA:10000604
16937400ns          286552 1c008250 428f07b3 p.mac            x15, x30, x8        x15=0000015a x15:0000015a x30:000000a9  x8:00000000
16937420ns          286553 1c008254 23c72403 lw               x8, 572(x14)         x8=00000000 x14:10000408  PA:10000644
16937480ns          286556 1c008258 428e87b3 p.mac            x15, x29, x8        x15=0000015a x15:0000015a x29:00000057  x8:00000000
16937500ns          286557 1c00825c 27c72403 lw               x8, 636(x14)         x8=00000000 x14:10000408  PA:10000684
16937559ns          286560 1c008260 428e07b3 p.mac            x15, x28, x8        x15=0000015a x15:0000015a x28:00000056  x8:00000000
16937579ns          286561 1c008264 2bc72403 lw               x8, 700(x14)         x8=00000001 x14:10000408  PA:100006c4
16937639ns          286564 1c008268 428307b3 p.mac            x15, x6, x8         x15=00000206 x15:0000015a  x6:000000ac  x8:00000001
16937659ns          286565 1c00826c 2fc72403 lw               x8, 764(x14)         x8=00000000 x14:10000408  PA:10000704
16937719ns          286568 1c008270 428887b3 p.mac            x15, x17, x8        x15=00000206 x15:00000206 x17:000000ad  x8:00000000
16937738ns          286569 1c008274 33c72403 lw               x8, 828(x14)         x8=00000000 x14:10000408  PA:10000744
16937798ns          286572 1c008278 428807b3 p.mac            x15, x16, x8        x15=00000206 x15:00000206 x16:00000053  x8:00000000
16937818ns          286573 1c00827c 37c72403 lw               x8, 892(x14)         x8=00000000 x14:10000408  PA:10000784
16937878ns          286576 1c008280 428507b3 p.mac            x15, x10, x8        x15=00000206 x15:00000206 x10:00000052  x8:00000000
16937898ns          286577 1c008284 3bc72403 lw               x8, 956(x14)         x8=00000000 x14:10000408  PA:100007c4
16937937ns          286579 1c008288 428587b3 p.mac            x15, x11, x8        x15=00000206 x15:00000206 x11:000000b0  x8:00000000
16937957ns          286580 1c00828c 00f6222b p.sw             x15, 4(x12!)        x12=10000a88 x15:00000206 x12:10000a84  PA:10000a84
16937977ns          286581 1c008210 0047278b p.lw             x15, 4(x14!)        x15=00000000 x14=1000040c x14:10000408  PA:10000408
16938037ns          286584 1c008214 03c72403 lw               x8, 60(x14)          x8=00000000 x14:1000040c  PA:10000448
16938077ns          286586 1c008216 02fb87b3 mul              x15, x23, x15       x15=00000000 x23:000000a1 x15:00000000
16938096ns          286587 1c00821a 428b07b3 p.mac            x15, x22, x8        x15=00000000 x15:00000000 x22:0000005f  x8:00000000
16938116ns          286588 1c00821e 07c72403 lw               x8, 124(x14)         x8=00000001 x14:1000040c  PA:10000488
16938176ns          286591 1c008220 428a87b3 p.mac            x15, x21, x8        x15=0000005e x15:00000000 x21:0000005e  x8:00000001
16938196ns          286592 1c008224 0bc72403 lw               x8, 188(x14)         x8=00000000 x14:1000040c  PA:100004c8
16938256ns          286595 1c008228 428a07b3 p.mac            x15, x20, x8        x15=0000005e x15:0000005e x20:000000a4  x8:00000000
16938276ns          286596 1c00822c 0fc72403 lw               x8, 252(x14)         x8=00000000 x14:1000040c  PA:10000508
16938335ns          286599 1c008230 428087b3 p.mac            x15, x1, x8         x15=0000005e x15:0000005e  x1:000000a5  x8:00000000
16938355ns          286600 1c008234 13c72403 lw               x8, 316(x14)         x8=00000000 x14:1000040c  PA:10000548
16938415ns          286603 1c008238 428387b3 p.mac            x15, x7, x8         x15=0000005e x15:0000005e  x7:0000005b  x8:00000000
16938435ns          286604 1c00823c 17c72403 lw               x8, 380(x14)         x8=00000000 x14:1000040c  PA:10000588
16938494ns          286607 1c008240 428287b3 p.mac            x15, x5, x8         x15=0000005e x15:0000005e  x5:0000005a  x8:00000000
16938514ns          286608 1c008244 1bc72403 lw               x8, 444(x14)         x8=00000000 x14:1000040c  PA:100005c8
16938574ns          286611 1c008248 428f87b3 p.mac            x15, x31, x8        x15=0000005e x15:0000005e x31:000000a8  x8:00000000
16938594ns          286612 1c00824c 1fc72403 lw               x8, 508(x14)         x8=00000000 x14:1000040c  PA:10000608
16938653ns          286615 1c008250 428f07b3 p.mac            x15, x30, x8        x15=0000005e x15:0000005e x30:000000a9  x8:00000000
16938673ns          286616 1c008254 23c72403 lw               x8, 572(x14)         x8=00000000 x14:1000040c  PA:10000648
16938733ns          286619 1c008258 428e87b3 p.mac            x15, x29, x8        x15=0000005e x15:0000005e x29:00000057  x8:00000000
16938753ns          286620 1c00825c 27c72403 lw               x8, 636(x14)         x8=00000000 x14:1000040c  PA:10000688
16938813ns          286623 1c008260 428e07b3 p.mac            x15, x28, x8        x15=0000005e x15:0000005e x28:00000056  x8:00000000
16938832ns          286624 1c008264 2bc72403 lw               x8, 700(x14)         x8=00000001 x14:1000040c  PA:100006c8
16938892ns          286627 1c008268 428307b3 p.mac            x15, x6, x8         x15=0000010a x15:0000005e  x6:000000ac  x8:00000001
16938912ns          286628 1c00826c 2fc72403 lw               x8, 764(x14)         x8=00000000 x14:1000040c  PA:10000708
16938972ns          286631 1c008270 428887b3 p.mac            x15, x17, x8        x15=0000010a x15:0000010a x17:000000ad  x8:00000000
16938992ns          286632 1c008274 33c72403 lw               x8, 828(x14)         x8=00000001 x14:1000040c  PA:10000748
16939051ns          286635 1c008278 428807b3 p.mac            x15, x16, x8        x15=0000015d x15:0000010a x16:00000053  x8:00000001
16939071ns          286636 1c00827c 37c72403 lw               x8, 892(x14)         x8=00000000 x14:1000040c  PA:10000788
16939131ns          286639 1c008280 428507b3 p.mac            x15, x10, x8        x15=0000015d x15:0000015d x10:00000052  x8:00000000
16939151ns          286640 1c008284 3bc72403 lw               x8, 956(x14)         x8=00000001 x14:1000040c  PA:100007c8
16939190ns          286642 1c008288 428587b3 p.mac            x15, x11, x8        x15=0000020d x15:0000015d x11:000000b0  x8:00000001
16939210ns          286643 1c00828c 00f6222b p.sw             x15, 4(x12!)        x12=10000a8c x15:0000020d x12:10000a88  PA:10000a88
16939230ns          286644 1c008210 0047278b p.lw             x15, 4(x14!)        x15=00000000 x14=10000410 x14:1000040c  PA:1000040c
16939290ns          286647 1c008214 03c72403 lw               x8, 60(x14)          x8=00000000 x14:10000410  PA:1000044c
16939330ns          286649 1c008216 02fb87b3 mul              x15, x23, x15       x15=00000000 x23:000000a1 x15:00000000
16939350ns          286650 1c00821a 428b07b3 p.mac            x15, x22, x8        x15=00000000 x15:00000000 x22:0000005f  x8:00000000
16939369ns          286651 1c00821e 07c72403 lw               x8, 124(x14)         x8=00000001 x14:10000410  PA:1000048c
16939429ns          286654 1c008220 428a87b3 p.mac            x15, x21, x8        x15=0000005e x15:00000000 x21:0000005e  x8:00000001
16939449ns          286655 1c008224 0bc72403 lw               x8, 188(x14)         x8=00000000 x14:10000410  PA:100004cc
16939509ns          286658 1c008228 428a07b3 p.mac            x15, x20, x8        x15=0000005e x15:0000005e x20:000000a4  x8:00000000
16939529ns          286659 1c00822c 0fc72403 lw               x8, 252(x14)         x8=00000000 x14:10000410  PA:1000050c
16939588ns          286662 1c008230 428087b3 p.mac            x15, x1, x8         x15=0000005e x15:0000005e  x1:000000a5  x8:00000000
16939608ns          286663 1c008234 13c72403 lw               x8, 316(x14)         x8=00000000 x14:10000410  PA:1000054c
16939668ns          286666 1c008238 428387b3 p.mac            x15, x7, x8         x15=0000005e x15:0000005e  x7:0000005b  x8:00000000
16939688ns          286667 1c00823c 17c72403 lw               x8, 380(x14)         x8=00000000 x14:10000410  PA:1000058c
16939747ns          286670 1c008240 428287b3 p.mac            x15, x5, x8         x15=0000005e x15:0000005e  x5:0000005a  x8:00000000
16939767ns          286671 1c008244 1bc72403 lw               x8, 444(x14)         x8=00000000 x14:10000410  PA:100005cc
16939827ns          286674 1c008248 428f87b3 p.mac            x15, x31, x8        x15=0000005e x15:0000005e x31:000000a8  x8:00000000
16939847ns          286675 1c00824c 1fc72403 lw               x8, 508(x14)         x8=00000000 x14:10000410  PA:1000060c
16939907ns          286678 1c008250 428f07b3 p.mac            x15, x30, x8        x15=0000005e x15:0000005e x30:000000a9  x8:00000000
16939926ns          286679 1c008254 23c72403 lw               x8, 572(x14)         x8=00000000 x14:10000410  PA:1000064c
16939986ns          286682 1c008258 428e87b3 p.mac            x15, x29, x8        x15=0000005e x15:0000005e x29:00000057  x8:00000000
16940006ns          286683 1c00825c 27c72403 lw               x8, 636(x14)         x8=00000001 x14:10000410  PA:1000068c
16940066ns          286686 1c008260 428e07b3 p.mac            x15, x28, x8        x15=000000b4 x15:0000005e x28:00000056  x8:00000001
16940086ns          286687 1c008264 2bc72403 lw               x8, 700(x14)         x8=00000000 x14:10000410  PA:100006cc
16940145ns          286690 1c008268 428307b3 p.mac            x15, x6, x8         x15=000000b4 x15:000000b4  x6:000000ac  x8:00000000
16940165ns          286691 1c00826c 2fc72403 lw               x8, 764(x14)         x8=00000000 x14:10000410  PA:1000070c
16940225ns          286694 1c008270 428887b3 p.mac            x15, x17, x8        x15=000000b4 x15:000000b4 x17:000000ad  x8:00000000
16940245ns          286695 1c008274 33c72403 lw               x8, 828(x14)         x8=00000000 x14:10000410  PA:1000074c
16940304ns          286698 1c008278 428807b3 p.mac            x15, x16, x8        x15=000000b4 x15:000000b4 x16:00000053  x8:00000000
16940324ns          286699 1c00827c 37c72403 lw               x8, 892(x14)         x8=00000000 x14:10000410  PA:1000078c
16940384ns          286702 1c008280 428507b3 p.mac            x15, x10, x8        x15=000000b4 x15:000000b4 x10:00000052  x8:00000000
16940404ns          286703 1c008284 3bc72403 lw               x8, 956(x14)         x8=00000000 x14:10000410  PA:100007cc
16940444ns          286705 1c008288 428587b3 p.mac            x15, x11, x8        x15=000000b4 x15:000000b4 x11:000000b0  x8:00000000
16940463ns          286706 1c00828c 00f6222b p.sw             x15, 4(x12!)        x12=10000a90 x15:000000b4 x12:10000a8c  PA:10000a8c
16940483ns          286707 1c008210 0047278b p.lw             x15, 4(x14!)        x15=00000001 x14=10000414 x14:10000410  PA:10000410
16940543ns          286710 1c008214 03c72403 lw               x8, 60(x14)          x8=00000000 x14:10000414  PA:10000450
16940583ns          286712 1c008216 02fb87b3 mul              x15, x23, x15       x15=000000a1 x23:000000a1 x15:00000001
16940603ns          286713 1c00821a 428b07b3 p.mac            x15, x22, x8        x15=000000a1 x15:000000a1 x22:0000005f  x8:00000000
16940623ns          286714 1c00821e 07c72403 lw               x8, 124(x14)         x8=00000000 x14:10000414  PA:10000490
16940682ns          286717 1c008220 428a87b3 p.mac            x15, x21, x8        x15=000000a1 x15:000000a1 x21:0000005e  x8:00000000
16940702ns          286718 1c008224 0bc72403 lw               x8, 188(x14)         x8=00000000 x14:10000414  PA:100004d0
16940762ns          286721 1c008228 428a07b3 p.mac            x15, x20, x8        x15=000000a1 x15:000000a1 x20:000000a4  x8:00000000
16940782ns          286722 1c00822c 0fc72403 lw               x8, 252(x14)         x8=00000000 x14:10000414  PA:10000510
16940841ns          286725 1c008230 428087b3 p.mac            x15, x1, x8         x15=000000a1 x15:000000a1  x1:000000a5  x8:00000000
16940861ns          286726 1c008234 13c72403 lw               x8, 316(x14)         x8=00000000 x14:10000414  PA:10000550
16940921ns          286729 1c008238 428387b3 p.mac            x15, x7, x8         x15=000000a1 x15:000000a1  x7:0000005b  x8:00000000
16940941ns          286730 1c00823c 17c72403 lw               x8, 380(x14)         x8=00000000 x14:10000414  PA:10000590
16941001ns          286733 1c008240 428287b3 p.mac            x15, x5, x8         x15=000000a1 x15:000000a1  x5:0000005a  x8:00000000
16941020ns          286734 1c008244 1bc72403 lw               x8, 444(x14)         x8=00000000 x14:10000414  PA:100005d0
16941080ns          286737 1c008248 428f87b3 p.mac            x15, x31, x8        x15=000000a1 x15:000000a1 x31:000000a8  x8:00000000
16941100ns          286738 1c00824c 1fc72403 lw               x8, 508(x14)         x8=00000000 x14:10000414  PA:10000610
16941160ns          286741 1c008250 428f07b3 p.mac            x15, x30, x8        x15=000000a1 x15:000000a1 x30:000000a9  x8:00000000
16941180ns          286742 1c008254 23c72403 lw               x8, 572(x14)         x8=00000000 x14:10000414  PA:10000650
16941239ns          286745 1c008258 428e87b3 p.mac            x15, x29, x8        x15=000000a1 x15:000000a1 x29:00000057  x8:00000000
16941259ns          286746 1c00825c 27c72403 lw               x8, 636(x14)         x8=00000001 x14:10000414  PA:10000690
16941319ns          286749 1c008260 428e07b3 p.mac            x15, x28, x8        x15=000000f7 x15:000000a1 x28:00000056  x8:00000001
16941339ns          286750 1c008264 2bc72403 lw               x8, 700(x14)         x8=00000000 x14:10000414  PA:100006d0
16941398ns          286753 1c008268 428307b3 p.mac            x15, x6, x8         x15=000000f7 x15:000000f7  x6:000000ac  x8:00000000
16941418ns          286754 1c00826c 2fc72403 lw               x8, 764(x14)         x8=00000001 x14:10000414  PA:10000710
16941478ns          286757 1c008270 428887b3 p.mac            x15, x17, x8        x15=000001a4 x15:000000f7 x17:000000ad  x8:00000001
16941498ns          286758 1c008274 33c72403 lw               x8, 828(x14)         x8=00000000 x14:10000414  PA:10000750
16941557ns          286761 1c008278 428807b3 p.mac            x15, x16, x8        x15=000001a4 x15:000001a4 x16:00000053  x8:00000000
16941577ns          286762 1c00827c 37c72403 lw               x8, 892(x14)         x8=00000000 x14:10000414  PA:10000790
16941637ns          286765 1c008280 428507b3 p.mac            x15, x10, x8        x15=000001a4 x15:000001a4 x10:00000052  x8:00000000
16941657ns          286766 1c008284 3bc72403 lw               x8, 956(x14)         x8=00000000 x14:10000414  PA:100007d0
16941697ns          286768 1c008288 428587b3 p.mac            x15, x11, x8        x15=000001a4 x15:000001a4 x11:000000b0  x8:00000000
16941717ns          286769 1c00828c 00f6222b p.sw             x15, 4(x12!)        x12=10000a94 x15:000001a4 x12:10000a90  PA:10000a90
16941736ns          286770 1c008210 0047278b p.lw             x15, 4(x14!)        x15=00000000 x14=10000418 x14:10000414  PA:10000414
16941796ns          286773 1c008214 03c72403 lw               x8, 60(x14)          x8=00000000 x14:10000418  PA:10000454
16941836ns          286775 1c008216 02fb87b3 mul              x15, x23, x15       x15=00000000 x23:000000a1 x15:00000000
16941856ns          286776 1c00821a 428b07b3 p.mac            x15, x22, x8        x15=00000000 x15:00000000 x22:0000005f  x8:00000000
16941876ns          286777 1c00821e 07c72403 lw               x8, 124(x14)         x8=00000000 x14:10000418  PA:10000494
16941935ns          286780 1c008220 428a87b3 p.mac            x15, x21, x8        x15=00000000 x15:00000000 x21:0000005e  x8:00000000
16941955ns          286781 1c008224 0bc72403 lw               x8, 188(x14)         x8=00000000 x14:10000418  PA:100004d4
16942015ns          286784 1c008228 428a07b3 p.mac            x15, x20, x8        x15=00000000 x15:00000000 x20:000000a4  x8:00000000
16942035ns          286785 1c00822c 0fc72403 lw               x8, 252(x14)         x8=00000001 x14:10000418  PA:10000514
16942095ns          286788 1c008230 428087b3 p.mac            x15, x1, x8         x15=000000a5 x15:00000000  x1:000000a5  x8:00000001
16942114ns          286789 1c008234 13c72403 lw               x8, 316(x14)         x8=00000000 x14:10000418  PA:10000554
16942174ns          286792 1c008238 428387b3 p.mac            x15, x7, x8         x15=000000a5 x15:000000a5  x7:0000005b  x8:00000000
16942194ns          286793 1c00823c 17c72403 lw               x8, 380(x14)         x8=00000000 x14:10000418  PA:10000594
16942254ns          286796 1c008240 428287b3 p.mac            x15, x5, x8         x15=000000a5 x15:000000a5  x5:0000005a  x8:00000000
16942274ns          286797 1c008244 1bc72403 lw               x8, 444(x14)         x8=00000000 x14:10000418  PA:100005d4
16942333ns          286800 1c008248 428f87b3 p.mac            x15, x31, x8        x15=000000a5 x15:000000a5 x31:000000a8  x8:00000000
16942353ns          286801 1c00824c 1fc72403 lw               x8, 508(x14)         x8=00000000 x14:10000418  PA:10000614
16942413ns          286804 1c008250 428f07b3 p.mac            x15, x30, x8        x15=000000a5 x15:000000a5 x30:000000a9  x8:00000000
16942433ns          286805 1c008254 23c72403 lw               x8, 572(x14)         x8=00000001 x14:10000418  PA:10000654
16942492ns          286808 1c008258 428e87b3 p.mac            x15, x29, x8        x15=000000fc x15:000000a5 x29:00000057  x8:00000001
16942512ns          286809 1c00825c 27c72403 lw               x8, 636(x14)         x8=00000000 x14:10000418  PA:10000694
16942572ns          286812 1c008260 428e07b3 p.mac            x15, x28, x8        x15=000000fc x15:000000fc x28:00000056  x8:00000000
16942592ns          286813 1c008264 2bc72403 lw               x8, 700(x14)         x8=00000000 x14:10000418  PA:100006d4
16942651ns          286816 1c008268 428307b3 p.mac            x15, x6, x8         x15=000000fc x15:000000fc  x6:000000ac  x8:00000000
16942671ns          286817 1c00826c 2fc72403 lw               x8, 764(x14)         x8=00000000 x14:10000418  PA:10000714
16942731ns          286820 1c008270 428887b3 p.mac            x15, x17, x8        x15=000000fc x15:000000fc x17:000000ad  x8:00000000
16942751ns          286821 1c008274 33c72403 lw               x8, 828(x14)         x8=00000000 x14:10000418  PA:10000754
16942811ns          286824 1c008278 428807b3 p.mac            x15, x16, x8        x15=000000fc x15:000000fc x16:00000053  x8:00000000
16942830ns          286825 1c00827c 37c72403 lw               x8, 892(x14)         x8=00000000 x14:10000418  PA:10000794
16942890ns          286828 1c008280 428507b3 p.mac            x15, x10, x8        x15=000000fc x15:000000fc x10:00000052  x8:00000000
16942910ns          286829 1c008284 3bc72403 lw               x8, 956(x14)         x8=00000000 x14:10000418  PA:100007d4
16942950ns          286831 1c008288 428587b3 p.mac            x15, x11, x8        x15=000000fc x15:000000fc x11:000000b0  x8:00000000
16942970ns          286832 1c00828c 00f6222b p.sw             x15, 4(x12!)        x12=10000a98 x15:000000fc x12:10000a94  PA:10000a94
16942990ns          286833 1c008210 0047278b p.lw             x15, 4(x14!)        x15=00000000 x14=1000041c x14:10000418  PA:10000418
16943049ns          286836 1c008214 03c72403 lw               x8, 60(x14)          x8=00000000 x14:1000041c  PA:10000458
16943089ns          286838 1c008216 02fb87b3 mul              x15, x23, x15       x15=00000000 x23:000000a1 x15:00000000
16943109ns          286839 1c00821a 428b07b3 p.mac            x15, x22, x8        x15=00000000 x15:00000000 x22:0000005f  x8:00000000
16943129ns          286840 1c00821e 07c72403 lw               x8, 124(x14)         x8=00000000 x14:1000041c  PA:10000498
16943189ns          286843 1c008220 428a87b3 p.mac            x15, x21, x8        x15=00000000 x15:00000000 x21:0000005e  x8:00000000
16943208ns          286844 1c008224 0bc72403 lw               x8, 188(x14)         x8=00000000 x14:1000041c  PA:100004d8
16943268ns          286847 1c008228 428a07b3 p.mac            x15, x20, x8        x15=00000000 x15:00000000 x20:000000a4  x8:00000000
16943288ns          286848 1c00822c 0fc72403 lw               x8, 252(x14)         x8=00000000 x14:1000041c  PA:10000518
16943348ns          286851 1c008230 428087b3 p.mac            x15, x1, x8         x15=00000000 x15:00000000  x1:000000a5  x8:00000000
16943368ns          286852 1c008234 13c72403 lw               x8, 316(x14)         x8=00000000 x14:1000041c  PA:10000558
16943427ns          286855 1c008238 428387b3 p.mac            x15, x7, x8         x15=00000000 x15:00000000  x7:0000005b  x8:00000000
16943447ns          286856 1c00823c 17c72403 lw               x8, 380(x14)         x8=00000000 x14:1000041c  PA:10000598
16943507ns          286859 1c008240 428287b3 p.mac            x15, x5, x8         x15=00000000 x15:00000000  x5:0000005a  x8:00000000
16943527ns          286860 1c008244 1bc72403 lw               x8, 444(x14)         x8=00000000 x14:1000041c  PA:100005d8
16943586ns          286863 1c008248 428f87b3 p.mac            x15, x31, x8        x15=00000000 x15:00000000 x31:000000a8  x8:00000000
16943606ns          286864 1c00824c 1fc72403 lw               x8, 508(x14)         x8=00000000 x14:1000041c  PA:10000618
16943666ns          286867 1c008250 428f07b3 p.mac            x15, x30, x8        x15=00000000 x15:00000000 x30:000000a9  x8:00000000
16943686ns          286868 1c008254 23c72403 lw               x8, 572(x14)         x8=00000000 x14:1000041c  PA:10000658
16943745ns          286871 1c008258 428e87b3 p.mac            x15, x29, x8        x15=00000000 x15:00000000 x29:00000057  x8:00000000
16943765ns          286872 1c00825c 27c72403 lw               x8, 636(x14)         x8=00000000 x14:1000041c  PA:10000698
16943825ns          286875 1c008260 428e07b3 p.mac            x15, x28, x8        x15=00000000 x15:00000000 x28:00000056  x8:00000000
16943845ns          286876 1c008264 2bc72403 lw               x8, 700(x14)         x8=00000000 x14:1000041c  PA:100006d8
16943905ns          286879 1c008268 428307b3 p.mac            x15, x6, x8         x15=00000000 x15:00000000  x6:000000ac  x8:00000000
16943924ns          286880 1c00826c 2fc72403 lw               x8, 764(x14)         x8=00000000 x14:1000041c  PA:10000718
16943984ns          286883 1c008270 428887b3 p.mac            x15, x17, x8        x15=00000000 x15:00000000 x17:000000ad  x8:00000000
16944004ns          286884 1c008274 33c72403 lw               x8, 828(x14)         x8=00000000 x14:1000041c  PA:10000758
16944064ns          286887 1c008278 428807b3 p.mac            x15, x16, x8        x15=00000000 x15:00000000 x16:00000053  x8:00000000
16944084ns          286888 1c00827c 37c72403 lw               x8, 892(x14)         x8=00000000 x14:1000041c  PA:10000798
16944143ns          286891 1c008280 428507b3 p.mac            x15, x10, x8        x15=00000000 x15:00000000 x10:00000052  x8:00000000
16944163ns          286892 1c008284 3bc72403 lw               x8, 956(x14)         x8=00000000 x14:1000041c  PA:100007d8
16944203ns          286894 1c008288 428587b3 p.mac            x15, x11, x8        x15=00000000 x15:00000000 x11:000000b0  x8:00000000
16944223ns          286895 1c00828c 00f6222b p.sw             x15, 4(x12!)        x12=10000a9c x15:00000000 x12:10000a98  PA:10000a98
16944243ns          286896 1c008210 0047278b p.lw             x15, 4(x14!)        x15=00000000 x14=10000420 x14:1000041c  PA:1000041c
16944302ns          286899 1c008214 03c72403 lw               x8, 60(x14)          x8=00000001 x14:10000420  PA:1000045c
16944342ns          286901 1c008216 02fb87b3 mul              x15, x23, x15       x15=00000000 x23:000000a1 x15:00000000
16944362ns          286902 1c00821a 428b07b3 p.mac            x15, x22, x8        x15=0000005f x15:00000000 x22:0000005f  x8:00000001
16944382ns          286903 1c00821e 07c72403 lw               x8, 124(x14)         x8=00000001 x14:10000420  PA:1000049c
16944442ns          286906 1c008220 428a87b3 p.mac            x15, x21, x8        x15=000000bd x15:0000005f x21:0000005e  x8:00000001
16944462ns          286907 1c008224 0bc72403 lw               x8, 188(x14)         x8=00000000 x14:10000420  PA:100004dc
16944521ns          286910 1c008228 428a07b3 p.mac            x15, x20, x8        x15=000000bd x15:000000bd x20:000000a4  x8:00000000
16944541ns          286911 1c00822c 0fc72403 lw               x8, 252(x14)         x8=00000000 x14:10000420  PA:1000051c
16944601ns          286914 1c008230 428087b3 p.mac            x15, x1, x8         x15=000000bd x15:000000bd  x1:000000a5  x8:00000000
16944621ns          286915 1c008234 13c72403 lw               x8, 316(x14)         x8=00000001 x14:10000420  PA:1000055c
16944680ns          286918 1c008238 428387b3 p.mac            x15, x7, x8         x15=00000118 x15:000000bd  x7:0000005b  x8:00000001
16944700ns          286919 1c00823c 17c72403 lw               x8, 380(x14)         x8=00000000 x14:10000420  PA:1000059c
16944760ns          286922 1c008240 428287b3 p.mac            x15, x5, x8         x15=00000118 x15:00000118  x5:0000005a  x8:00000000
16944780ns          286923 1c008244 1bc72403 lw               x8, 444(x14)         x8=00000000 x14:10000420  PA:100005dc
16944839ns          286926 1c008248 428f87b3 p.mac            x15, x31, x8        x15=00000118 x15:00000118 x31:000000a8  x8:00000000
16944859ns          286927 1c00824c 1fc72403 lw               x8, 508(x14)         x8=00000000 x14:10000420  PA:1000061c
16944919ns          286930 1c008250 428f07b3 p.mac            x15, x30, x8        x15=00000118 x15:00000118 x30:000000a9  x8:00000000
16944939ns          286931 1c008254 23c72403 lw               x8, 572(x14)         x8=00000000 x14:10000420  PA:1000065c
16944999ns          286934 1c008258 428e87b3 p.mac            x15, x29, x8        x15=00000118 x15:00000118 x29:00000057  x8:00000000
16945018ns          286935 1c00825c 27c72403 lw               x8, 636(x14)         x8=00000000 x14:10000420  PA:1000069c
16945078ns          286938 1c008260 428e07b3 p.mac            x15, x28, x8        x15=00000118 x15:00000118 x28:00000056  x8:00000000
16945098ns          286939 1c008264 2bc72403 lw               x8, 700(x14)         x8=00000000 x14:10000420  PA:100006dc
16945158ns          286942 1c008268 428307b3 p.mac            x15, x6, x8         x15=00000118 x15:00000118  x6:000000ac  x8:00000000
16945178ns          286943 1c00826c 2fc72403 lw               x8, 764(x14)         x8=00000000 x14:10000420  PA:1000071c
16945237ns          286946 1c008270 428887b3 p.mac            x15, x17, x8        x15=00000118 x15:00000118 x17:000000ad  x8:00000000
16945257ns          286947 1c008274 33c72403 lw               x8, 828(x14)         x8=00000000 x14:10000420  PA:1000075c
16945317ns          286950 1c008278 428807b3 p.mac            x15, x16, x8        x15=00000118 x15:00000118 x16:00000053  x8:00000000
16945337ns          286951 1c00827c 37c72403 lw               x8, 892(x14)         x8=00000000 x14:10000420  PA:1000079c
16945396ns          286954 1c008280 428507b3 p.mac            x15, x10, x8        x15=00000118 x15:00000118 x10:00000052  x8:00000000
16945416ns          286955 1c008284 3bc72403 lw               x8, 956(x14)         x8=00000000 x14:10000420  PA:100007dc
16945456ns          286957 1c008288 428587b3 p.mac            x15, x11, x8        x15=00000118 x15:00000118 x11:000000b0  x8:00000000
16945476ns          286958 1c00828c 00f6222b p.sw             x15, 4(x12!)        x12=10000aa0 x15:00000118 x12:10000a9c  PA:10000a9c
16945496ns          286959 1c008210 0047278b p.lw             x15, 4(x14!)        x15=00000000 x14=10000424 x14:10000420  PA:10000420
16945556ns          286962 1c008214 03c72403 lw               x8, 60(x14)          x8=00000000 x14:10000424  PA:10000460
16945595ns          286964 1c008216 02fb87b3 mul              x15, x23, x15       x15=00000000 x23:000000a1 x15:00000000
16945615ns          286965 1c00821a 428b07b3 p.mac            x15, x22, x8        x15=00000000 x15:00000000 x22:0000005f  x8:00000000
16945635ns          286966 1c00821e 07c72403 lw               x8, 124(x14)         x8=00000000 x14:10000424  PA:100004a0
16945695ns          286969 1c008220 428a87b3 p.mac            x15, x21, x8        x15=00000000 x15:00000000 x21:0000005e  x8:00000000
16945715ns          286970 1c008224 0bc72403 lw               x8, 188(x14)         x8=00000000 x14:10000424  PA:100004e0
16945774ns          286973 1c008228 428a07b3 p.mac            x15, x20, x8        x15=00000000 x15:00000000 x20:000000a4  x8:00000000
16945794ns          286974 1c00822c 0fc72403 lw               x8, 252(x14)         x8=00000000 x14:10000424  PA:10000520
16945854ns          286977 1c008230 428087b3 p.mac            x15, x1, x8         x15=00000000 x15:00000000  x1:000000a5  x8:00000000
16945874ns          286978 1c008234 13c72403 lw               x8, 316(x14)         x8=00000000 x14:10000424  PA:10000560
16945933ns          286981 1c008238 428387b3 p.mac            x15, x7, x8         x15=00000000 x15:00000000  x7:0000005b  x8:00000000
16945953ns          286982 1c00823c 17c72403 lw               x8, 380(x14)         x8=00000000 x14:10000424  PA:100005a0
16946013ns          286985 1c008240 428287b3 p.mac            x15, x5, x8         x15=00000000 x15:00000000  x5:0000005a  x8:00000000
16946033ns          286986 1c008244 1bc72403 lw               x8, 444(x14)         x8=00000000 x14:10000424  PA:100005e0
16946093ns          286989 1c008248 428f87b3 p.mac            x15, x31, x8        x15=00000000 x15:00000000 x31:000000a8  x8:00000000
16946112ns          286990 1c00824c 1fc72403 lw               x8, 508(x14)         x8=00000001 x14:10000424  PA:10000620
16946172ns          286993 1c008250 428f07b3 p.mac            x15, x30, x8        x15=000000a9 x15:00000000 x30:000000a9  x8:00000001
16946192ns          286994 1c008254 23c72403 lw               x8, 572(x14)         x8=00000000 x14:10000424  PA:10000660
16946252ns          286997 1c008258 428e87b3 p.mac            x15, x29, x8        x15=000000a9 x15:000000a9 x29:00000057  x8:00000000
16946272ns          286998 1c00825c 27c72403 lw               x8, 636(x14)         x8=00000000 x14:10000424  PA:100006a0
16946331ns          287001 1c008260 428e07b3 p.mac            x15, x28, x8        x15=000000a9 x15:000000a9 x28:00000056  x8:00000000
16946351ns          287002 1c008264 2bc72403 lw               x8, 700(x14)         x8=00000000 x14:10000424  PA:100006e0
16946411ns          287005 1c008268 428307b3 p.mac            x15, x6, x8         x15=000000a9 x15:000000a9  x6:000000ac  x8:00000000
16946431ns          287006 1c00826c 2fc72403 lw               x8, 764(x14)         x8=00000001 x14:10000424  PA:10000720
16946490ns          287009 1c008270 428887b3 p.mac            x15, x17, x8        x15=00000156 x15:000000a9 x17:000000ad  x8:00000001
16946510ns          287010 1c008274 33c72403 lw               x8, 828(x14)         x8=00000000 x14:10000424  PA:10000760
16946570ns          287013 1c008278 428807b3 p.mac            x15, x16, x8        x15=00000156 x15:00000156 x16:00000053  x8:00000000
16946590ns          287014 1c00827c 37c72403 lw               x8, 892(x14)         x8=00000000 x14:10000424  PA:100007a0
16946650ns          287017 1c008280 428507b3 p.mac            x15, x10, x8        x15=00000156 x15:00000156 x10:00000052  x8:00000000
16946669ns          287018 1c008284 3bc72403 lw               x8, 956(x14)         x8=00000000 x14:10000424  PA:100007e0
16946709ns          287020 1c008288 428587b3 p.mac            x15, x11, x8        x15=00000156 x15:00000156 x11:000000b0  x8:00000000
16946729ns          287021 1c00828c 00f6222b p.sw             x15, 4(x12!)        x12=10000aa4 x15:00000156 x12:10000aa0  PA:10000aa0
16946749ns          287022 1c008210 0047278b p.lw             x15, 4(x14!)        x15=00000000 x14=10000428 x14:10000424  PA:10000424
16946809ns          287025 1c008214 03c72403 lw               x8, 60(x14)          x8=00000000 x14:10000428  PA:10000464
16946848ns          287027 1c008216 02fb87b3 mul              x15, x23, x15       x15=00000000 x23:000000a1 x15:00000000
16946868ns          287028 1c00821a 428b07b3 p.mac            x15, x22, x8        x15=00000000 x15:00000000 x22:0000005f  x8:00000000
16946888ns          287029 1c00821e 07c72403 lw               x8, 124(x14)         x8=00000001 x14:10000428  PA:100004a4
16946948ns          287032 1c008220 428a87b3 p.mac            x15, x21, x8        x15=0000005e x15:00000000 x21:0000005e  x8:00000001
16946968ns          287033 1c008224 0bc72403 lw               x8, 188(x14)         x8=00000000 x14:10000428  PA:100004e4
16947027ns          287036 1c008228 428a07b3 p.mac            x15, x20, x8        x15=0000005e x15:0000005e x20:000000a4  x8:00000000
16947047ns          287037 1c00822c 0fc72403 lw               x8, 252(x14)         x8=00000000 x14:10000428  PA:10000524
16947107ns          287040 1c008230 428087b3 p.mac            x15, x1, x8         x15=0000005e x15:0000005e  x1:000000a5  x8:00000000
16947127ns          287041 1c008234 13c72403 lw               x8, 316(x14)         x8=00000000 x14:10000428  PA:10000564
16947187ns          287044 1c008238 428387b3 p.mac            x15, x7, x8         x15=0000005e x15:0000005e  x7:0000005b  x8:00000000
16947206ns          287045 1c00823c 17c72403 lw               x8, 380(x14)         x8=00000000 x14:10000428  PA:100005a4
16947266ns          287048 1c008240 428287b3 p.mac            x15, x5, x8         x15=0000005e x15:0000005e  x5:0000005a  x8:00000000
16947286ns          287049 1c008244 1bc72403 lw               x8, 444(x14)         x8=00000000 x14:10000428  PA:100005e4
16947346ns          287052 1c008248 428f87b3 p.mac            x15, x31, x8        x15=0000005e x15:0000005e x31:000000a8  x8:00000000
16947366ns          287053 1c00824c 1fc72403 lw               x8, 508(x14)         x8=00000000 x14:10000428  PA:10000624
16947425ns          287056 1c008250 428f07b3 p.mac            x15, x30, x8        x15=0000005e x15:0000005e x30:000000a9  x8:00000000
16947445ns          287057 1c008254 23c72403 lw               x8, 572(x14)         x8=00000000 x14:10000428  PA:10000664
16947505ns          287060 1c008258 428e87b3 p.mac            x15, x29, x8        x15=0000005e x15:0000005e x29:00000057  x8:00000000
16947525ns          287061 1c00825c 27c72403 lw               x8, 636(x14)         x8=00000000 x14:10000428  PA:100006a4
16947584ns          287064 1c008260 428e07b3 p.mac            x15, x28, x8        x15=0000005e x15:0000005e x28:00000056  x8:00000000
16947604ns          287065 1c008264 2bc72403 lw               x8, 700(x14)         x8=00000000 x14:10000428  PA:100006e4
16947664ns          287068 1c008268 428307b3 p.mac            x15, x6, x8         x15=0000005e x15:0000005e  x6:000000ac  x8:00000000
16947684ns          287069 1c00826c 2fc72403 lw               x8, 764(x14)         x8=00000001 x14:10000428  PA:10000724
16947744ns          287072 1c008270 428887b3 p.mac            x15, x17, x8        x15=0000010b x15:0000005e x17:000000ad  x8:00000001
16947763ns          287073 1c008274 33c72403 lw               x8, 828(x14)         x8=00000001 x14:10000428  PA:10000764
16947823ns          287076 1c008278 428807b3 p.mac            x15, x16, x8        x15=0000015e x15:0000010b x16:00000053  x8:00000001
16947843ns          287077 1c00827c 37c72403 lw               x8, 892(x14)         x8=00000000 x14:10000428  PA:100007a4
16947903ns          287080 1c008280 428507b3 p.mac            x15, x10, x8        x15=0000015e x15:0000015e x10:00000052  x8:00000000
16947923ns          287081 1c008284 3bc72403 lw               x8, 956(x14)         x8=00000000 x14:10000428  PA:100007e4
16947962ns          287083 1c008288 428587b3 p.mac            x15, x11, x8        x15=0000015e x15:0000015e x11:000000b0  x8:00000000
16947982ns          287084 1c00828c 00f6222b p.sw             x15, 4(x12!)        x12=10000aa8 x15:0000015e x12:10000aa4  PA:10000aa4
16948002ns          287085 1c008210 0047278b p.lw             x15, 4(x14!)        x15=00000000 x14=1000042c x14:10000428  PA:10000428
16948062ns          287088 1c008214 03c72403 lw               x8, 60(x14)          x8=00000000 x14:1000042c  PA:10000468
16948102ns          287090 1c008216 02fb87b3 mul              x15, x23, x15       x15=00000000 x23:000000a1 x15:00000000
16948121ns          287091 1c00821a 428b07b3 p.mac            x15, x22, x8        x15=00000000 x15:00000000 x22:0000005f  x8:00000000
16948141ns          287092 1c00821e 07c72403 lw               x8, 124(x14)         x8=00000000 x14:1000042c  PA:100004a8
16948201ns          287095 1c008220 428a87b3 p.mac            x15, x21, x8        x15=00000000 x15:00000000 x21:0000005e  x8:00000000
16948221ns          287096 1c008224 0bc72403 lw               x8, 188(x14)         x8=00000000 x14:1000042c  PA:100004e8
16948281ns          287099 1c008228 428a07b3 p.mac            x15, x20, x8        x15=00000000 x15:00000000 x20:000000a4  x8:00000000
16948300ns          287100 1c00822c 0fc72403 lw               x8, 252(x14)         x8=00000000 x14:1000042c  PA:10000528
16948360ns          287103 1c008230 428087b3 p.mac            x15, x1, x8         x15=00000000 x15:00000000  x1:000000a5  x8:00000000
16948380ns          287104 1c008234 13c72403 lw               x8, 316(x14)         x8=00000000 x14:1000042c  PA:10000568
16948440ns          287107 1c008238 428387b3 p.mac            x15, x7, x8         x15=00000000 x15:00000000  x7:0000005b  x8:00000000
16948460ns          287108 1c00823c 17c72403 lw               x8, 380(x14)         x8=00000000 x14:1000042c  PA:100005a8
16948519ns          287111 1c008240 428287b3 p.mac            x15, x5, x8         x15=00000000 x15:00000000  x5:0000005a  x8:00000000
16948539ns          287112 1c008244 1bc72403 lw               x8, 444(x14)         x8=00000000 x14:1000042c  PA:100005e8
16948599ns          287115 1c008248 428f87b3 p.mac            x15, x31, x8        x15=00000000 x15:00000000 x31:000000a8  x8:00000000
16948619ns          287116 1c00824c 1fc72403 lw               x8, 508(x14)         x8=00000000 x14:1000042c  PA:10000628
16948678ns          287119 1c008250 428f07b3 p.mac            x15, x30, x8        x15=00000000 x15:00000000 x30:000000a9  x8:00000000
16948698ns          287120 1c008254 23c72403 lw               x8, 572(x14)         x8=00000000 x14:1000042c  PA:10000668
16948758ns          287123 1c008258 428e87b3 p.mac            x15, x29, x8        x15=00000000 x15:00000000 x29:00000057  x8:00000000
16948778ns          287124 1c00825c 27c72403 lw               x8, 636(x14)         x8=00000000 x14:1000042c  PA:100006a8
16948837ns          287127 1c008260 428e07b3 p.mac            x15, x28, x8        x15=00000000 x15:00000000 x28:00000056  x8:00000000
16948857ns          287128 1c008264 2bc72403 lw               x8, 700(x14)         x8=00000000 x14:1000042c  PA:100006e8
16948917ns          287131 1c008268 428307b3 p.mac            x15, x6, x8         x15=00000000 x15:00000000  x6:000000ac  x8:00000000
16948937ns          287132 1c00826c 2fc72403 lw               x8, 764(x14)         x8=00000000 x14:1000042c  PA:10000728
16948997ns          287135 1c008270 428887b3 p.mac            x15, x17, x8        x15=00000000 x15:00000000 x17:000000ad  x8:00000000
16949017ns          287136 1c008274 33c72403 lw               x8, 828(x14)         x8=00000000 x14:1000042c  PA:10000768
16949076ns          287139 1c008278 428807b3 p.mac            x15, x16, x8        x15=00000000 x15:00000000 x16:00000053  x8:00000000
16949096ns          287140 1c00827c 37c72403 lw               x8, 892(x14)         x8=00000000 x14:1000042c  PA:100007a8
16949156ns          287143 1c008280 428507b3 p.mac            x15, x10, x8        x15=00000000 x15:00000000 x10:00000052  x8:00000000
16949176ns          287144 1c008284 3bc72403 lw               x8, 956(x14)         x8=00000000 x14:1000042c  PA:100007e8
16949215ns          287146 1c008288 428587b3 p.mac            x15, x11, x8        x15=00000000 x15:00000000 x11:000000b0  x8:00000000
16949235ns          287147 1c00828c 00f6222b p.sw             x15, 4(x12!)        x12=10000aac x15:00000000 x12:10000aa8  PA:10000aa8
16949255ns          287148 1c008210 0047278b p.lw             x15, 4(x14!)        x15=00000000 x14=10000430 x14:1000042c  PA:1000042c
16949315ns          287151 1c008214 03c72403 lw               x8, 60(x14)          x8=00000000 x14:10000430  PA:1000046c
16949355ns          287153 1c008216 02fb87b3 mul              x15, x23, x15       x15=00000000 x23:000000a1 x15:00000000
16949375ns          287154 1c00821a 428b07b3 p.mac            x15, x22, x8        x15=00000000 x15:00000000 x22:0000005f  x8:00000000
16949394ns          287155 1c00821e 07c72403 lw               x8, 124(x14)         x8=00000000 x14:10000430  PA:100004ac
16949454ns          287158 1c008220 428a87b3 p.mac            x15, x21, x8        x15=00000000 x15:00000000 x21:0000005e  x8:00000000
16949474ns          287159 1c008224 0bc72403 lw               x8, 188(x14)         x8=00000000 x14:10000430  PA:100004ec
16949534ns          287162 1c008228 428a07b3 p.mac            x15, x20, x8        x15=00000000 x15:00000000 x20:000000a4  x8:00000000
16949554ns          287163 1c00822c 0fc72403 lw               x8, 252(x14)         x8=00000000 x14:10000430  PA:1000052c
16949613ns          287166 1c008230 428087b3 p.mac            x15, x1, x8         x15=00000000 x15:00000000  x1:000000a5  x8:00000000
16949633ns          287167 1c008234 13c72403 lw               x8, 316(x14)         x8=00000000 x14:10000430  PA:1000056c
16949693ns          287170 1c008238 428387b3 p.mac            x15, x7, x8         x15=00000000 x15:00000000  x7:0000005b  x8:00000000
16949713ns          287171 1c00823c 17c72403 lw               x8, 380(x14)         x8=00000001 x14:10000430  PA:100005ac
16949772ns          287174 1c008240 428287b3 p.mac            x15, x5, x8         x15=0000005a x15:00000000  x5:0000005a  x8:00000001
16949792ns          287175 1c008244 1bc72403 lw               x8, 444(x14)         x8=00000000 x14:10000430  PA:100005ec
16949852ns          287178 1c008248 428f87b3 p.mac            x15, x31, x8        x15=0000005a x15:0000005a x31:000000a8  x8:00000000
16949872ns          287179 1c00824c 1fc72403 lw               x8, 508(x14)         x8=00000000 x14:10000430  PA:1000062c
16949931ns          287182 1c008250 428f07b3 p.mac            x15, x30, x8        x15=0000005a x15:0000005a x30:000000a9  x8:00000000
16949951ns          287183 1c008254 23c72403 lw               x8, 572(x14)         x8=00000000 x14:10000430  PA:1000066c
16950011ns          287186 1c008258 428e87b3 p.mac            x15, x29, x8        x15=0000005a x15:0000005a x29:00000057  x8:00000000
16950031ns          287187 1c00825c 27c72403 lw               x8, 636(x14)         x8=00000001 x14:10000430  PA:100006ac
16950091ns          287190 1c008260 428e07b3 p.mac            x15, x28, x8        x15=000000b0 x15:0000005a x28:00000056  x8:00000001
16950111ns          287191 1c008264 2bc72403 lw               x8, 700(x14)         x8=00000000 x14:10000430  PA:100006ec
16950170ns          287194 1c008268 428307b3 p.mac            x15, x6, x8         x15=000000b0 x15:000000b0  x6:000000ac  x8:00000000
16950190ns          287195 1c00826c 2fc72403 lw               x8, 764(x14)         x8=00000000 x14:10000430  PA:1000072c
16950250ns          287198 1c008270 428887b3 p.mac            x15, x17, x8        x15=000000b0 x15:000000b0 x17:000000ad  x8:00000000
16950270ns          287199 1c008274 33c72403 lw               x8, 828(x14)         x8=00000000 x14:10000430  PA:1000076c
16950329ns          287202 1c008278 428807b3 p.mac            x15, x16, x8        x15=000000b0 x15:000000b0 x16:00000053  x8:00000000
16950349ns          287203 1c00827c 37c72403 lw               x8, 892(x14)         x8=00000000 x14:10000430  PA:100007ac
16950409ns          287206 1c008280 428507b3 p.mac            x15, x10, x8        x15=000000b0 x15:000000b0 x10:00000052  x8:00000000
16950429ns          287207 1c008284 3bc72403 lw               x8, 956(x14)         x8=00000000 x14:10000430  PA:100007ec
16950469ns          287209 1c008288 428587b3 p.mac            x15, x11, x8        x15=000000b0 x15:000000b0 x11:000000b0  x8:00000000
16950488ns          287210 1c00828c 00f6222b p.sw             x15, 4(x12!)        x12=10000ab0 x15:000000b0 x12:10000aac  PA:10000aac
16950508ns          287211 1c008210 0047278b p.lw             x15, 4(x14!)        x15=00000000 x14=10000434 x14:10000430  PA:10000430
16950568ns          287214 1c008214 03c72403 lw               x8, 60(x14)          x8=00000000 x14:10000434  PA:10000470
16950608ns          287216 1c008216 02fb87b3 mul              x15, x23, x15       x15=00000000 x23:000000a1 x15:00000000
16950628ns          287217 1c00821a 428b07b3 p.mac            x15, x22, x8        x15=00000000 x15:00000000 x22:0000005f  x8:00000000
16950648ns          287218 1c00821e 07c72403 lw               x8, 124(x14)         x8=00000000 x14:10000434  PA:100004b0
16950707ns          287221 1c008220 428a87b3 p.mac            x15, x21, x8        x15=00000000 x15:00000000 x21:0000005e  x8:00000000
16950727ns          287222 1c008224 0bc72403 lw               x8, 188(x14)         x8=00000001 x14:10000434  PA:100004f0
16950787ns          287225 1c008228 428a07b3 p.mac            x15, x20, x8        x15=000000a4 x15:00000000 x20:000000a4  x8:00000001
16950807ns          287226 1c00822c 0fc72403 lw               x8, 252(x14)         x8=00000001 x14:10000434  PA:10000530
16950866ns          287229 1c008230 428087b3 p.mac            x15, x1, x8         x15=00000149 x15:000000a4  x1:000000a5  x8:00000001
16950886ns          287230 1c008234 13c72403 lw               x8, 316(x14)         x8=00000000 x14:10000434  PA:10000570
16950946ns          287233 1c008238 428387b3 p.mac            x15, x7, x8         x15=00000149 x15:00000149  x7:0000005b  x8:00000000
16950966ns          287234 1c00823c 17c72403 lw               x8, 380(x14)         x8=00000000 x14:10000434  PA:100005b0
16951025ns          287237 1c008240 428287b3 p.mac            x15, x5, x8         x15=00000149 x15:00000149  x5:0000005a  x8:00000000
16951045ns          287238 1c008244 1bc72403 lw               x8, 444(x14)         x8=00000000 x14:10000434  PA:100005f0
16951105ns          287241 1c008248 428f87b3 p.mac            x15, x31, x8        x15=00000149 x15:00000149 x31:000000a8  x8:00000000
16951125ns          287242 1c00824c 1fc72403 lw               x8, 508(x14)         x8=00000000 x14:10000434  PA:10000630
16951185ns          287245 1c008250 428f07b3 p.mac            x15, x30, x8        x15=00000149 x15:00000149 x30:000000a9  x8:00000000
16951204ns          287246 1c008254 23c72403 lw               x8, 572(x14)         x8=00000000 x14:10000434  PA:10000670
16951264ns          287249 1c008258 428e87b3 p.mac            x15, x29, x8        x15=00000149 x15:00000149 x29:00000057  x8:00000000
16951284ns          287250 1c00825c 27c72403 lw               x8, 636(x14)         x8=00000001 x14:10000434  PA:100006b0
16951344ns          287253 1c008260 428e07b3 p.mac            x15, x28, x8        x15=0000019f x15:00000149 x28:00000056  x8:00000001
16951364ns          287254 1c008264 2bc72403 lw               x8, 700(x14)         x8=00000000 x14:10000434  PA:100006f0
16951423ns          287257 1c008268 428307b3 p.mac            x15, x6, x8         x15=0000019f x15:0000019f  x6:000000ac  x8:00000000
16951443ns          287258 1c00826c 2fc72403 lw               x8, 764(x14)         x8=00000001 x14:10000434  PA:10000730
16951503ns          287261 1c008270 428887b3 p.mac            x15, x17, x8        x15=0000024c x15:0000019f x17:000000ad  x8:00000001
16951523ns          287262 1c008274 33c72403 lw               x8, 828(x14)         x8=00000000 x14:10000434  PA:10000770
16951582ns          287265 1c008278 428807b3 p.mac            x15, x16, x8        x15=0000024c x15:0000024c x16:00000053  x8:00000000
16951602ns          287266 1c00827c 37c72403 lw               x8, 892(x14)         x8=00000000 x14:10000434  PA:100007b0
16951662ns          287269 1c008280 428507b3 p.mac            x15, x10, x8        x15=0000024c x15:0000024c x10:00000052  x8:00000000
16951682ns          287270 1c008284 3bc72403 lw               x8, 956(x14)         x8=00000000 x14:10000434  PA:100007f0
16951722ns          287272 1c008288 428587b3 p.mac            x15, x11, x8        x15=0000024c x15:0000024c x11:000000b0  x8:00000000
16951742ns          287273 1c00828c 00f6222b p.sw             x15, 4(x12!)        x12=10000ab4 x15:0000024c x12:10000ab0  PA:10000ab0
16951761ns          287274 1c008210 0047278b p.lw             x15, 4(x14!)        x15=00000000 x14=10000438 x14:10000434  PA:10000434
16951821ns          287277 1c008214 03c72403 lw               x8, 60(x14)          x8=00000000 x14:10000438  PA:10000474
16951861ns          287279 1c008216 02fb87b3 mul              x15, x23, x15       x15=00000000 x23:000000a1 x15:00000000
16951881ns          287280 1c00821a 428b07b3 p.mac            x15, x22, x8        x15=00000000 x15:00000000 x22:0000005f  x8:00000000
16951901ns          287281 1c00821e 07c72403 lw               x8, 124(x14)         x8=00000000 x14:10000438  PA:100004b4
16951960ns          287284 1c008220 428a87b3 p.mac            x15, x21, x8        x15=00000000 x15:00000000 x21:0000005e  x8:00000000
16951980ns          287285 1c008224 0bc72403 lw               x8, 188(x14)         x8=00000001 x14:10000438  PA:100004f4
16952040ns          287288 1c008228 428a07b3 p.mac            x15, x20, x8        x15=000000a4 x15:00000000 x20:000000a4  x8:00000001
16952060ns          287289 1c00822c 0fc72403 lw               x8, 252(x14)         x8=00000000 x14:10000438  PA:10000534
16952119ns          287292 1c008230 428087b3 p.mac            x15, x1, x8         x15=000000a4 x15:000000a4  x1:000000a5  x8:00000000
16952139ns          287293 1c008234 13c72403 lw               x8, 316(x14)         x8=00000000 x14:10000438  PA:10000574
16952199ns          287296 1c008238 428387b3 p.mac            x15, x7, x8         x15=000000a4 x15:000000a4  x7:0000005b  x8:00000000
16952219ns          287297 1c00823c 17c72403 lw               x8, 380(x14)         x8=00000000 x14:10000438  PA:100005b4
16952279ns          287300 1c008240 428287b3 p.mac            x15, x5, x8         x15=000000a4 x15:000000a4  x5:0000005a  x8:00000000
16952298ns          287301 1c008244 1bc72403 lw               x8, 444(x14)         x8=00000000 x14:10000438  PA:100005f4
16952358ns          287304 1c008248 428f87b3 p.mac            x15, x31, x8        x15=000000a4 x15:000000a4 x31:000000a8  x8:00000000
16952378ns          287305 1c00824c 1fc72403 lw               x8, 508(x14)         x8=00000000 x14:10000438  PA:10000634
16952438ns          287308 1c008250 428f07b3 p.mac            x15, x30, x8        x15=000000a4 x15:000000a4 x30:000000a9  x8:00000000
16952458ns          287309 1c008254 23c72403 lw               x8, 572(x14)         x8=00000000 x14:10000438  PA:10000674
16952517ns          287312 1c008258 428e87b3 p.mac            x15, x29, x8        x15=000000a4 x15:000000a4 x29:00000057  x8:00000000
16952537ns          287313 1c00825c 27c72403 lw               x8, 636(x14)         x8=00000000 x14:10000438  PA:100006b4
16952597ns          287316 1c008260 428e07b3 p.mac            x15, x28, x8        x15=000000a4 x15:000000a4 x28:00000056  x8:00000000
16952617ns          287317 1c008264 2bc72403 lw               x8, 700(x14)         x8=00000000 x14:10000438  PA:100006f4
16952676ns          287320 1c008268 428307b3 p.mac            x15, x6, x8         x15=000000a4 x15:000000a4  x6:000000ac  x8:00000000
16952696ns          287321 1c00826c 2fc72403 lw               x8, 764(x14)         x8=00000000 x14:10000438  PA:10000734
16952756ns          287324 1c008270 428887b3 p.mac            x15, x17, x8        x15=000000a4 x15:000000a4 x17:000000ad  x8:00000000
16952776ns          287325 1c008274 33c72403 lw               x8, 828(x14)         x8=00000000 x14:10000438  PA:10000774
16952836ns          287328 1c008278 428807b3 p.mac            x15, x16, x8        x15=000000a4 x15:000000a4 x16:00000053  x8:00000000
16952855ns          287329 1c00827c 37c72403 lw               x8, 892(x14)         x8=00000000 x14:10000438  PA:100007b4
16952915ns          287332 1c008280 428507b3 p.mac            x15, x10, x8        x15=000000a4 x15:000000a4 x10:00000052  x8:00000000
16952935ns          287333 1c008284 3bc72403 lw               x8, 956(x14)         x8=00000000 x14:10000438  PA:100007f4
16952975ns          287335 1c008288 428587b3 p.mac            x15, x11, x8        x15=000000a4 x15:000000a4 x11:000000b0  x8:00000000
16952995ns          287336 1c00828c 00f6222b p.sw             x15, 4(x12!)        x12=10000ab8 x15:000000a4 x12:10000ab4  PA:10000ab4
16953015ns          287337 1c008210 0047278b p.lw             x15, 4(x14!)        x15=00000000 x14=1000043c x14:10000438  PA:10000438
16953074ns          287340 1c008214 03c72403 lw               x8, 60(x14)          x8=00000000 x14:1000043c  PA:10000478
16953114ns          287342 1c008216 02fb87b3 mul              x15, x23, x15       x15=00000000 x23:000000a1 x15:00000000
16953134ns          287343 1c00821a 428b07b3 p.mac            x15, x22, x8        x15=00000000 x15:00000000 x22:0000005f  x8:00000000
16953154ns          287344 1c00821e 07c72403 lw               x8, 124(x14)         x8=00000001 x14:1000043c  PA:100004b8
16953213ns          287347 1c008220 428a87b3 p.mac            x15, x21, x8        x15=0000005e x15:00000000 x21:0000005e  x8:00000001
16953233ns          287348 1c008224 0bc72403 lw               x8, 188(x14)         x8=00000000 x14:1000043c  PA:100004f8
16953293ns          287351 1c008228 428a07b3 p.mac            x15, x20, x8        x15=0000005e x15:0000005e x20:000000a4  x8:00000000
16953313ns          287352 1c00822c 0fc72403 lw               x8, 252(x14)         x8=00000000 x14:1000043c  PA:10000538
16953373ns          287355 1c008230 428087b3 p.mac            x15, x1, x8         x15=0000005e x15:0000005e  x1:000000a5  x8:00000000
16953392ns          287356 1c008234 13c72403 lw               x8, 316(x14)         x8=00000000 x14:1000043c  PA:10000578
16953452ns          287359 1c008238 428387b3 p.mac            x15, x7, x8         x15=0000005e x15:0000005e  x7:0000005b  x8:00000000
16953472ns          287360 1c00823c 17c72403 lw               x8, 380(x14)         x8=00000000 x14:1000043c  PA:100005b8
16953532ns          287363 1c008240 428287b3 p.mac            x15, x5, x8         x15=0000005e x15:0000005e  x5:0000005a  x8:00000000
16953552ns          287364 1c008244 1bc72403 lw               x8, 444(x14)         x8=00000001 x14:1000043c  PA:100005f8
16953611ns          287367 1c008248 428f87b3 p.mac            x15, x31, x8        x15=00000106 x15:0000005e x31:000000a8  x8:00000001
16953631ns          287368 1c00824c 1fc72403 lw               x8, 508(x14)         x8=00000001 x14:1000043c  PA:10000638
16953691ns          287371 1c008250 428f07b3 p.mac            x15, x30, x8        x15=000001af x15:00000106 x30:000000a9  x8:00000001
16953711ns          287372 1c008254 23c72403 lw               x8, 572(x14)         x8=00000000 x14:1000043c  PA:10000678
16953770ns          287375 1c008258 428e87b3 p.mac            x15, x29, x8        x15=000001af x15:000001af x29:00000057  x8:00000000
16953790ns          287376 1c00825c 27c72403 lw               x8, 636(x14)         x8=00000001 x14:1000043c  PA:100006b8
16953850ns          287379 1c008260 428e07b3 p.mac            x15, x28, x8        x15=00000205 x15:000001af x28:00000056  x8:00000001
16953870ns          287380 1c008264 2bc72403 lw               x8, 700(x14)         x8=00000000 x14:1000043c  PA:100006f8
16953930ns          287383 1c008268 428307b3 p.mac            x15, x6, x8         x15=00000205 x15:00000205  x6:000000ac  x8:00000000
16953949ns          287384 1c00826c 2fc72403 lw               x8, 764(x14)         x8=00000001 x14:1000043c  PA:10000738
16954009ns          287387 1c008270 428887b3 p.mac            x15, x17, x8        x15=000002b2 x15:00000205 x17:000000ad  x8:00000001
16954029ns          287388 1c008274 33c72403 lw               x8, 828(x14)         x8=00000000 x14:1000043c  PA:10000778
16954089ns          287391 1c008278 428807b3 p.mac            x15, x16, x8        x15=000002b2 x15:000002b2 x16:00000053  x8:00000000
16954109ns          287392 1c00827c 37c72403 lw               x8, 892(x14)         x8=00000000 x14:1000043c  PA:100007b8
16954168ns          287395 1c008280 428507b3 p.mac            x15, x10, x8        x15=000002b2 x15:000002b2 x10:00000052  x8:00000000
16954188ns          287396 1c008284 3bc72403 lw               x8, 956(x14)         x8=00000000 x14:1000043c  PA:100007f8
16954228ns          287398 1c008288 428587b3 p.mac            x15, x11, x8        x15=000002b2 x15:000002b2 x11:000000b0  x8:00000000
16954248ns          287399 1c00828c 00f6222b p.sw             x15, 4(x12!)        x12=10000abc x15:000002b2 x12:10000ab8  PA:10000ab8
16954268ns          287400 1c008210 0047278b p.lw             x15, 4(x14!)        x15=00000000 x14=10000440 x14:1000043c  PA:1000043c
16954327ns          287403 1c008214 03c72403 lw               x8, 60(x14)          x8=00000000 x14:10000440  PA:1000047c
16954367ns          287405 1c008216 02fb87b3 mul              x15, x23, x15       x15=00000000 x23:000000a1 x15:00000000
16954387ns          287406 1c00821a 428b07b3 p.mac            x15, x22, x8        x15=00000000 x15:00000000 x22:0000005f  x8:00000000
16954407ns          287407 1c00821e 07c72403 lw               x8, 124(x14)         x8=00000000 x14:10000440  PA:100004bc
16954467ns          287410 1c008220 428a87b3 p.mac            x15, x21, x8        x15=00000000 x15:00000000 x21:0000005e  x8:00000000
16954486ns          287411 1c008224 0bc72403 lw               x8, 188(x14)         x8=00000000 x14:10000440  PA:100004fc
16954546ns          287414 1c008228 428a07b3 p.mac            x15, x20, x8        x15=00000000 x15:00000000 x20:000000a4  x8:00000000
16954566ns          287415 1c00822c 0fc72403 lw               x8, 252(x14)         x8=00000000 x14:10000440  PA:1000053c
16954626ns          287418 1c008230 428087b3 p.mac            x15, x1, x8         x15=00000000 x15:00000000  x1:000000a5  x8:00000000
16954646ns          287419 1c008234 13c72403 lw               x8, 316(x14)         x8=00000000 x14:10000440  PA:1000057c
16954705ns          287422 1c008238 428387b3 p.mac            x15, x7, x8         x15=00000000 x15:00000000  x7:0000005b  x8:00000000
16954725ns          287423 1c00823c 17c72403 lw               x8, 380(x14)         x8=00000000 x14:10000440  PA:100005bc
16954785ns          287426 1c008240 428287b3 p.mac            x15, x5, x8         x15=00000000 x15:00000000  x5:0000005a  x8:00000000
16954805ns          287427 1c008244 1bc72403 lw               x8, 444(x14)         x8=00000000 x14:10000440  PA:100005fc
16954864ns          287430 1c008248 428f87b3 p.mac            x15, x31, x8        x15=00000000 x15:00000000 x31:000000a8  x8:00000000
16954884ns          287431 1c00824c 1fc72403 lw               x8, 508(x14)         x8=00000000 x14:10000440  PA:1000063c
16954944ns          287434 1c008250 428f07b3 p.mac            x15, x30, x8        x15=00000000 x15:00000000 x30:000000a9  x8:00000000
16954964ns          287435 1c008254 23c72403 lw               x8, 572(x14)         x8=00000001 x14:10000440  PA:1000067c
16955024ns          287438 1c008258 428e87b3 p.mac            x15, x29, x8        x15=00000057 x15:00000000 x29:00000057  x8:00000001
16955043ns          287439 1c00825c 27c72403 lw               x8, 636(x14)         x8=00000000 x14:10000440  PA:100006bc
16955103ns          287442 1c008260 428e07b3 p.mac            x15, x28, x8        x15=00000057 x15:00000057 x28:00000056  x8:00000000
16955123ns          287443 1c008264 2bc72403 lw               x8, 700(x14)         x8=00000001 x14:10000440  PA:100006fc
16955183ns          287446 1c008268 428307b3 p.mac            x15, x6, x8         x15=00000103 x15:00000057  x6:000000ac  x8:00000001
16955203ns          287447 1c00826c 2fc72403 lw               x8, 764(x14)         x8=00000001 x14:10000440  PA:1000073c
16955262ns          287450 1c008270 428887b3 p.mac            x15, x17, x8        x15=000001b0 x15:00000103 x17:000000ad  x8:00000001
16955282ns          287451 1c008274 33c72403 lw               x8, 828(x14)         x8=00000000 x14:10000440  PA:1000077c
16955342ns          287454 1c008278 428807b3 p.mac            x15, x16, x8        x15=000001b0 x15:000001b0 x16:00000053  x8:00000000
16955362ns          287455 1c00827c 37c72403 lw               x8, 892(x14)         x8=00000001 x14:10000440  PA:100007bc
16955421ns          287458 1c008280 428507b3 p.mac            x15, x10, x8        x15=00000202 x15:000001b0 x10:00000052  x8:00000001
16955441ns          287459 1c008284 3bc72403 lw               x8, 956(x14)         x8=00000000 x14:10000440  PA:100007fc
16955481ns          287461 1c008288 428587b3 p.mac            x15, x11, x8        x15=00000202 x15:00000202 x11:000000b0  x8:00000000
16955501ns          287462 1c00828c 00f6222b p.sw             x15, 4(x12!)        x12=10000ac0 x15:00000202 x12:10000abc  PA:10000abc
16955521ns          287463 1c008210 0047278b p.lw             x15, 4(x14!)        x15=00000000 x14=10000444 x14:10000440  PA:10000440
16955580ns          287466 1c008214 03c72403 lw               x8, 60(x14)          x8=00000000 x14:10000444  PA:10000480
16955620ns          287468 1c008216 02fb87b3 mul              x15, x23, x15       x15=00000000 x23:000000a1 x15:00000000
16955640ns          287469 1c00821a 428b07b3 p.mac            x15, x22, x8        x15=00000000 x15:00000000 x22:0000005f  x8:00000000
16955660ns          287470 1c00821e 07c72403 lw               x8, 124(x14)         x8=00000001 x14:10000444  PA:100004c0
16955720ns          287473 1c008220 428a87b3 p.mac            x15, x21, x8        x15=0000005e x15:00000000 x21:0000005e  x8:00000001
16955740ns          287474 1c008224 0bc72403 lw               x8, 188(x14)         x8=00000001 x14:10000444  PA:10000500
16955799ns          287477 1c008228 428a07b3 p.mac            x15, x20, x8        x15=00000102 x15:0000005e x20:000000a4  x8:00000001
16955819ns          287478 1c00822c 0fc72403 lw               x8, 252(x14)         x8=00000000 x14:10000444  PA:10000540
16955879ns          287481 1c008230 428087b3 p.mac            x15, x1, x8         x15=00000102 x15:00000102  x1:000000a5  x8:00000000
16955899ns          287482 1c008234 13c72403 lw               x8, 316(x14)         x8=00000000 x14:10000444  PA:10000580
16955958ns          287485 1c008238 428387b3 p.mac            x15, x7, x8         x15=00000102 x15:00000102  x7:0000005b  x8:00000000
16955978ns          287486 1c00823c 17c72403 lw               x8, 380(x14)         x8=00000000 x14:10000444  PA:100005c0
16956038ns          287489 1c008240 428287b3 p.mac            x15, x5, x8         x15=00000102 x15:00000102  x5:0000005a  x8:00000000
16956058ns          287490 1c008244 1bc72403 lw               x8, 444(x14)         x8=00000000 x14:10000444  PA:10000600
16956118ns          287493 1c008248 428f87b3 p.mac            x15, x31, x8        x15=00000102 x15:00000102 x31:000000a8  x8:00000000
16956137ns          287494 1c00824c 1fc72403 lw               x8, 508(x14)         x8=00000000 x14:10000444  PA:10000640
16956197ns          287497 1c008250 428f07b3 p.mac            x15, x30, x8        x15=00000102 x15:00000102 x30:000000a9  x8:00000000
16956217ns          287498 1c008254 23c72403 lw               x8, 572(x14)         x8=00000001 x14:10000444  PA:10000680
16956277ns          287501 1c008258 428e87b3 p.mac            x15, x29, x8        x15=00000159 x15:00000102 x29:00000057  x8:00000001
16956297ns          287502 1c00825c 27c72403 lw               x8, 636(x14)         x8=00000000 x14:10000444  PA:100006c0
16956356ns          287505 1c008260 428e07b3 p.mac            x15, x28, x8        x15=00000159 x15:00000159 x28:00000056  x8:00000000
16956376ns          287506 1c008264 2bc72403 lw               x8, 700(x14)         x8=00000001 x14:10000444  PA:10000700
16956436ns          287509 1c008268 428307b3 p.mac            x15, x6, x8         x15=00000205 x15:00000159  x6:000000ac  x8:00000001
16956456ns          287510 1c00826c 2fc72403 lw               x8, 764(x14)         x8=00000000 x14:10000444  PA:10000740
16956515ns          287513 1c008270 428887b3 p.mac            x15, x17, x8        x15=00000205 x15:00000205 x17:000000ad  x8:00000000
16956535ns          287514 1c008274 33c72403 lw               x8, 828(x14)         x8=00000000 x14:10000444  PA:10000780
16956595ns          287517 1c008278 428807b3 p.mac            x15, x16, x8        x15=00000205 x15:00000205 x16:00000053  x8:00000000
16956615ns          287518 1c00827c 37c72403 lw               x8, 892(x14)         x8=00000000 x14:10000444  PA:100007c0
16956674ns          287521 1c008280 428507b3 p.mac            x15, x10, x8        x15=00000205 x15:00000205 x10:00000052  x8:00000000
16956694ns          287522 1c008284 3bc72403 lw               x8, 956(x14)         x8=00000000 x14:10000444  PA:10000800
16956734ns          287524 1c008288 428587b3 p.mac            x15, x11, x8        x15=00000205 x15:00000205 x11:000000b0  x8:00000000
16956754ns          287525 1c00828c 00f6222b p.sw             x15, 4(x12!)        x12=10000ac4 x15:00000205 x12:10000ac0  PA:10000ac0
16956774ns          287526 1c008290 001c0c13 addi             x24, x24, 1         x24=0000000b x24:0000000a
16956794ns          287527 1c008292 100c4c33 p.exths          x24, x24, x0        x24=0000000b x24:0000000b
16956814ns          287528 1c008296 01800633 add              x12, x0, x24        x12=0000000b x24:0000000b
16956834ns          287529 1c0081bc 00661613 slli             x12, x12, 0x6       x12=000002c0 x12:0000000b
16956853ns          287530 1c0081be 00cd07b3 add              x15, x26, x12       x15=100002c4 x26:10000004 x12:000002c0
16956873ns          287531 1c0081c2 0007ab83 lw               x23, 0(x15)         x23=00000050 x15:100002c4  PA:100002c4
16956893ns          287532 1c0081c6 0047ab03 lw               x22, 4(x15)         x22=000000b2 x15:100002c4  PA:100002c8
16956913ns          287533 1c0081ca 0087aa83 lw               x21, 8(x15)         x21=000000b3 x15:100002c4  PA:100002cc
16956933ns          287534 1c0081ce 00c7aa03 lw               x20, 12(x15)        x20=0000004d x15:100002c4  PA:100002d0
16956953ns          287535 1c0081d2 0107a083 lw               x1, 16(x15)          x1=0000004c x15:100002c4  PA:100002d4
16956973ns          287536 1c0081d6 0147a383 lw               x7, 20(x15)          x7=000000b6 x15:100002c4  PA:100002d8
16956993ns          287537 1c0081da 0187a283 lw               x5, 24(x15)          x5=000000b7 x15:100002c4  PA:100002dc
16957013ns          287538 1c0081de 01c7af83 lw               x31, 28(x15)        x31=00000049 x15:100002c4  PA:100002e0
16957032ns          287539 1c0081e2 0207af03 lw               x30, 32(x15)        x30=00000048 x15:100002c4  PA:100002e4
16957052ns          287540 1c0081e6 0247ae83 lw               x29, 36(x15)        x29=000000ba x15:100002c4  PA:100002e8
16957072ns          287541 1c0081ea 0287ae03 lw               x28, 40(x15)        x28=000000bb x15:100002c4  PA:100002ec
16957092ns          287542 1c0081ee 02c7a303 lw               x6, 44(x15)          x6=00000045 x15:100002c4  PA:100002f0
16957112ns          287543 1c0081f2 0307a883 lw               x17, 48(x15)        x17=00000044 x15:100002c4  PA:100002f4
16957132ns          287544 1c0081f6 0347a803 lw               x16, 52(x15)        x16=000000be x15:100002c4  PA:100002f8
16957152ns          287545 1c0081fa 0387a503 lw               x10, 56(x15)        x10=000000bf x15:100002c4  PA:100002fc
16957172ns          287546 1c0081fc 03c7a583 lw               x11, 60(x15)        x11=00000041 x15:100002c4  PA:10000300
16957192ns          287547 1c0081fe 100017b7 lui              x15, 0x10001000     x15=10001000
16957212ns          287548 1c008202 80478793 addi             x15, x15, -2044     x15=10000804 x15:10001000
16957231ns          287549 1c008206 01900733 add              x14, x0, x25        x14=10000404 x25:10000404
16957251ns          287550 1c008208 00f60633 add              x12, x12, x15       x12=10000ac4 x12:000002c0 x15:10000804
16957271ns          287551 1c00820a 01000693 addi             x13, x0, 16         x13=00000010
16957291ns          287552 1c00820c 0406c0fb lp.setup         0x1, x13, 0x40      x13:00000010
16957311ns          287553 1c008210 0047278b p.lw             x15, 4(x14!)        x15=00000001 x14=10000408 x14:10000404  PA:10000404
16957371ns          287556 1c008214 03c72403 lw               x8, 60(x14)          x8=00000000 x14:10000408  PA:10000444
16957410ns          287558 1c008216 02fb87b3 mul              x15, x23, x15       x15=00000050 x23:00000050 x15:00000001
16957430ns          287559 1c00821a 428b07b3 p.mac            x15, x22, x8        x15=00000050 x15:00000050 x22:000000b2  x8:00000000
16957450ns          287560 1c00821e 07c72403 lw               x8, 124(x14)         x8=00000001 x14:10000408  PA:10000484
16957510ns          287563 1c008220 428a87b3 p.mac            x15, x21, x8        x15=00000103 x15:00000050 x21:000000b3  x8:00000001
16957530ns          287564 1c008224 0bc72403 lw               x8, 188(x14)         x8=00000000 x14:10000408  PA:100004c4
16957589ns          287567 1c008228 428a07b3 p.mac            x15, x20, x8        x15=00000103 x15:00000103 x20:0000004d  x8:00000000
16957609ns          287568 1c00822c 0fc72403 lw               x8, 252(x14)         x8=00000000 x14:10000408  PA:10000504
16957669ns          287571 1c008230 428087b3 p.mac            x15, x1, x8         x15=00000103 x15:00000103  x1:0000004c  x8:00000000
16957689ns          287572 1c008234 13c72403 lw               x8, 316(x14)         x8=00000001 x14:10000408  PA:10000544
16957749ns          287575 1c008238 428387b3 p.mac            x15, x7, x8         x15=000001b9 x15:00000103  x7:000000b6  x8:00000001
16957768ns          287576 1c00823c 17c72403 lw               x8, 380(x14)         x8=00000000 x14:10000408  PA:10000584
16957828ns          287579 1c008240 428287b3 p.mac            x15, x5, x8         x15=000001b9 x15:000001b9  x5:000000b7  x8:00000000
16957848ns          287580 1c008244 1bc72403 lw               x8, 444(x14)         x8=00000000 x14:10000408  PA:100005c4
16957908ns          287583 1c008248 428f87b3 p.mac            x15, x31, x8        x15=000001b9 x15:000001b9 x31:00000049  x8:00000000
16957928ns          287584 1c00824c 1fc72403 lw               x8, 508(x14)         x8=00000000 x14:10000408  PA:10000604
16957987ns          287587 1c008250 428f07b3 p.mac            x15, x30, x8        x15=000001b9 x15:000001b9 x30:00000048  x8:00000000
16958007ns          287588 1c008254 23c72403 lw               x8, 572(x14)         x8=00000000 x14:10000408  PA:10000644
16958067ns          287591 1c008258 428e87b3 p.mac            x15, x29, x8        x15=000001b9 x15:000001b9 x29:000000ba  x8:00000000
16958087ns          287592 1c00825c 27c72403 lw               x8, 636(x14)         x8=00000000 x14:10000408  PA:10000684
16958146ns          287595 1c008260 428e07b3 p.mac            x15, x28, x8        x15=000001b9 x15:000001b9 x28:000000bb  x8:00000000
16958166ns          287596 1c008264 2bc72403 lw               x8, 700(x14)         x8=00000001 x14:10000408  PA:100006c4
16958226ns          287599 1c008268 428307b3 p.mac            x15, x6, x8         x15=000001fe x15:000001b9  x6:00000045  x8:00000001
16958246ns          287600 1c00826c 2fc72403 lw               x8, 764(x14)         x8=00000000 x14:10000408  PA:10000704
16958305ns          287603 1c008270 428887b3 p.mac            x15, x17, x8        x15=000001fe x15:000001fe x17:00000044  x8:00000000
16958325ns          287604 1c008274 33c72403 lw               x8, 828(x14)         x8=00000000 x14:10000408  PA:10000744
16958385ns          287607 1c008278 428807b3 p.mac            x15, x16, x8        x15=000001fe x15:000001fe x16:000000be  x8:00000000
16958405ns          287608 1c00827c 37c72403 lw               x8, 892(x14)         x8=00000000 x14:10000408  PA:10000784
16958465ns          287611 1c008280 428507b3 p.mac            x15, x10, x8        x15=000001fe x15:000001fe x10:000000bf  x8:00000000
16958485ns          287612 1c008284 3bc72403 lw               x8, 956(x14)         x8=00000000 x14:10000408  PA:100007c4
16958524ns          287614 1c008288 428587b3 p.mac            x15, x11, x8        x15=000001fe x15:000001fe x11:00000041  x8:00000000
16958544ns          287615 1c00828c 00f6222b p.sw             x15, 4(x12!)        x12=10000ac8 x15:000001fe x12:10000ac4  PA:10000ac4
16958564ns          287616 1c008210 0047278b p.lw             x15, 4(x14!)        x15=00000000 x14=1000040c x14:10000408  PA:10000408
16958624ns          287619 1c008214 03c72403 lw               x8, 60(x14)          x8=00000000 x14:1000040c  PA:10000448
16958664ns          287621 1c008216 02fb87b3 mul              x15, x23, x15       x15=00000000 x23:00000050 x15:00000000
16958683ns          287622 1c00821a 428b07b3 p.mac            x15, x22, x8        x15=00000000 x15:00000000 x22:000000b2  x8:00000000
16958703ns          287623 1c00821e 07c72403 lw               x8, 124(x14)         x8=00000001 x14:1000040c  PA:10000488
16958763ns          287626 1c008220 428a87b3 p.mac            x15, x21, x8        x15=000000b3 x15:00000000 x21:000000b3  x8:00000001
16958783ns          287627 1c008224 0bc72403 lw               x8, 188(x14)         x8=00000000 x14:1000040c  PA:100004c8
16958843ns          287630 1c008228 428a07b3 p.mac            x15, x20, x8        x15=000000b3 x15:000000b3 x20:0000004d  x8:00000000
16958862ns          287631 1c00822c 0fc72403 lw               x8, 252(x14)         x8=00000000 x14:1000040c  PA:10000508
16958922ns          287634 1c008230 428087b3 p.mac            x15, x1, x8         x15=000000b3 x15:000000b3  x1:0000004c  x8:00000000
16958942ns          287635 1c008234 13c72403 lw               x8, 316(x14)         x8=00000000 x14:1000040c  PA:10000548
16959002ns          287638 1c008238 428387b3 p.mac            x15, x7, x8         x15=000000b3 x15:000000b3  x7:000000b6  x8:00000000
16959022ns          287639 1c00823c 17c72403 lw               x8, 380(x14)         x8=00000000 x14:1000040c  PA:10000588
16959081ns          287642 1c008240 428287b3 p.mac            x15, x5, x8         x15=000000b3 x15:000000b3  x5:000000b7  x8:00000000
16959101ns          287643 1c008244 1bc72403 lw               x8, 444(x14)         x8=00000000 x14:1000040c  PA:100005c8
16959161ns          287646 1c008248 428f87b3 p.mac            x15, x31, x8        x15=000000b3 x15:000000b3 x31:00000049  x8:00000000
16959181ns          287647 1c00824c 1fc72403 lw               x8, 508(x14)         x8=00000000 x14:1000040c  PA:10000608
16959240ns          287650 1c008250 428f07b3 p.mac            x15, x30, x8        x15=000000b3 x15:000000b3 x30:00000048  x8:00000000
16959260ns          287651 1c008254 23c72403 lw               x8, 572(x14)         x8=00000000 x14:1000040c  PA:10000648
16959320ns          287654 1c008258 428e87b3 p.mac            x15, x29, x8        x15=000000b3 x15:000000b3 x29:000000ba  x8:00000000
16959340ns          287655 1c00825c 27c72403 lw               x8, 636(x14)         x8=00000000 x14:1000040c  PA:10000688
16959399ns          287658 1c008260 428e07b3 p.mac            x15, x28, x8        x15=000000b3 x15:000000b3 x28:000000bb  x8:00000000
16959419ns          287659 1c008264 2bc72403 lw               x8, 700(x14)         x8=00000001 x14:1000040c  PA:100006c8
16959479ns          287662 1c008268 428307b3 p.mac            x15, x6, x8         x15=000000f8 x15:000000b3  x6:00000045  x8:00000001
16959499ns          287663 1c00826c 2fc72403 lw               x8, 764(x14)         x8=00000000 x14:1000040c  PA:10000708
16959559ns          287666 1c008270 428887b3 p.mac            x15, x17, x8        x15=000000f8 x15:000000f8 x17:00000044  x8:00000000
16959579ns          287667 1c008274 33c72403 lw               x8, 828(x14)         x8=00000001 x14:1000040c  PA:10000748
16959638ns          287670 1c008278 428807b3 p.mac            x15, x16, x8        x15=000001b6 x15:000000f8 x16:000000be  x8:00000001
16959658ns          287671 1c00827c 37c72403 lw               x8, 892(x14)         x8=00000000 x14:1000040c  PA:10000788
16959718ns          287674 1c008280 428507b3 p.mac            x15, x10, x8        x15=000001b6 x15:000001b6 x10:000000bf  x8:00000000
16959738ns          287675 1c008284 3bc72403 lw               x8, 956(x14)         x8=00000001 x14:1000040c  PA:100007c8
16959777ns          287677 1c008288 428587b3 p.mac            x15, x11, x8        x15=000001f7 x15:000001b6 x11:00000041  x8:00000001
16959797ns          287678 1c00828c 00f6222b p.sw             x15, 4(x12!)        x12=10000acc x15:000001f7 x12:10000ac8  PA:10000ac8
16959817ns          287679 1c008210 0047278b p.lw             x15, 4(x14!)        x15=00000000 x14=10000410 x14:1000040c  PA:1000040c
16959877ns          287682 1c008214 03c72403 lw               x8, 60(x14)          x8=00000000 x14:10000410  PA:1000044c
16959917ns          287684 1c008216 02fb87b3 mul              x15, x23, x15       x15=00000000 x23:00000050 x15:00000000
16959937ns          287685 1c00821a 428b07b3 p.mac            x15, x22, x8        x15=00000000 x15:00000000 x22:000000b2  x8:00000000
16959956ns          287686 1c00821e 07c72403 lw               x8, 124(x14)         x8=00000001 x14:10000410  PA:1000048c
16960016ns          287689 1c008220 428a87b3 p.mac            x15, x21, x8        x15=000000b3 x15:00000000 x21:000000b3  x8:00000001
16960036ns          287690 1c008224 0bc72403 lw               x8, 188(x14)         x8=00000000 x14:10000410  PA:100004cc
16960096ns          287693 1c008228 428a07b3 p.mac            x15, x20, x8        x15=000000b3 x15:000000b3 x20:0000004d  x8:00000000
16960116ns          287694 1c00822c 0fc72403 lw               x8, 252(x14)         x8=00000000 x14:10000410  PA:1000050c
16960175ns          287697 1c008230 428087b3 p.mac            x15, x1, x8         x15=000000b3 x15:000000b3  x1:0000004c  x8:00000000
16960195ns          287698 1c008234 13c72403 lw               x8, 316(x14)         x8=00000000 x14:10000410  PA:1000054c
16960255ns          287701 1c008238 428387b3 p.mac            x15, x7, x8         x15=000000b3 x15:000000b3  x7:000000b6  x8:00000000
16960275ns          287702 1c00823c 17c72403 lw               x8, 380(x14)         x8=00000000 x14:10000410  PA:1000058c
16960334ns          287705 1c008240 428287b3 p.mac            x15, x5, x8         x15=000000b3 x15:000000b3  x5:000000b7  x8:00000000
16960354ns          287706 1c008244 1bc72403 lw               x8, 444(x14)         x8=00000000 x14:10000410  PA:100005cc
16960414ns          287709 1c008248 428f87b3 p.mac            x15, x31, x8        x15=000000b3 x15:000000b3 x31:00000049  x8:00000000
16960434ns          287710 1c00824c 1fc72403 lw               x8, 508(x14)         x8=00000000 x14:10000410  PA:1000060c
16960493ns          287713 1c008250 428f07b3 p.mac            x15, x30, x8        x15=000000b3 x15:000000b3 x30:00000048  x8:00000000
16960513ns          287714 1c008254 23c72403 lw               x8, 572(x14)         x8=00000000 x14:10000410  PA:1000064c
16960573ns          287717 1c008258 428e87b3 p.mac            x15, x29, x8        x15=000000b3 x15:000000b3 x29:000000ba  x8:00000000
16960593ns          287718 1c00825c 27c72403 lw               x8, 636(x14)         x8=00000001 x14:10000410  PA:1000068c
16960653ns          287721 1c008260 428e07b3 p.mac            x15, x28, x8        x15=0000016e x15:000000b3 x28:000000bb  x8:00000001
16960672ns          287722 1c008264 2bc72403 lw               x8, 700(x14)         x8=00000000 x14:10000410  PA:100006cc
16960732ns          287725 1c008268 428307b3 p.mac            x15, x6, x8         x15=0000016e x15:0000016e  x6:00000045  x8:00000000
16960752ns          287726 1c00826c 2fc72403 lw               x8, 764(x14)         x8=00000000 x14:10000410  PA:1000070c
16960812ns          287729 1c008270 428887b3 p.mac            x15, x17, x8        x15=0000016e x15:0000016e x17:00000044  x8:00000000
16960832ns          287730 1c008274 33c72403 lw               x8, 828(x14)         x8=00000000 x14:10000410  PA:1000074c
16960891ns          287733 1c008278 428807b3 p.mac            x15, x16, x8        x15=0000016e x15:0000016e x16:000000be  x8:00000000
16960911ns          287734 1c00827c 37c72403 lw               x8, 892(x14)         x8=00000000 x14:10000410  PA:1000078c
16960971ns          287737 1c008280 428507b3 p.mac            x15, x10, x8        x15=0000016e x15:0000016e x10:000000bf  x8:00000000
16960991ns          287738 1c008284 3bc72403 lw               x8, 956(x14)         x8=00000000 x14:10000410  PA:100007cc
16961031ns          287740 1c008288 428587b3 p.mac            x15, x11, x8        x15=0000016e x15:0000016e x11:00000041  x8:00000000
16961050ns          287741 1c00828c 00f6222b p.sw             x15, 4(x12!)        x12=10000ad0 x15:0000016e x12:10000acc  PA:10000acc
16961070ns          287742 1c008210 0047278b p.lw             x15, 4(x14!)        x15=00000001 x14=10000414 x14:10000410  PA:10000410
16961130ns          287745 1c008214 03c72403 lw               x8, 60(x14)          x8=00000000 x14:10000414  PA:10000450
16961170ns          287747 1c008216 02fb87b3 mul              x15, x23, x15       x15=00000050 x23:00000050 x15:00000001
16961190ns          287748 1c00821a 428b07b3 p.mac            x15, x22, x8        x15=00000050 x15:00000050 x22:000000b2  x8:00000000
16961210ns          287749 1c00821e 07c72403 lw               x8, 124(x14)         x8=00000000 x14:10000414  PA:10000490
16961269ns          287752 1c008220 428a87b3 p.mac            x15, x21, x8        x15=00000050 x15:00000050 x21:000000b3  x8:00000000
16961289ns          287753 1c008224 0bc72403 lw               x8, 188(x14)         x8=00000000 x14:10000414  PA:100004d0
16961349ns          287756 1c008228 428a07b3 p.mac            x15, x20, x8        x15=00000050 x15:00000050 x20:0000004d  x8:00000000
16961369ns          287757 1c00822c 0fc72403 lw               x8, 252(x14)         x8=00000000 x14:10000414  PA:10000510
16961428ns          287760 1c008230 428087b3 p.mac            x15, x1, x8         x15=00000050 x15:00000050  x1:0000004c  x8:00000000
16961448ns          287761 1c008234 13c72403 lw               x8, 316(x14)         x8=00000000 x14:10000414  PA:10000550
16961508ns          287764 1c008238 428387b3 p.mac            x15, x7, x8         x15=00000050 x15:00000050  x7:000000b6  x8:00000000
16961528ns          287765 1c00823c 17c72403 lw               x8, 380(x14)         x8=00000000 x14:10000414  PA:10000590
16961587ns          287768 1c008240 428287b3 p.mac            x15, x5, x8         x15=00000050 x15:00000050  x5:000000b7  x8:00000000
16961607ns          287769 1c008244 1bc72403 lw               x8, 444(x14)         x8=00000000 x14:10000414  PA:100005d0
16961667ns          287772 1c008248 428f87b3 p.mac            x15, x31, x8        x15=00000050 x15:00000050 x31:00000049  x8:00000000
16961687ns          287773 1c00824c 1fc72403 lw               x8, 508(x14)         x8=00000000 x14:10000414  PA:10000610
16961747ns          287776 1c008250 428f07b3 p.mac            x15, x30, x8        x15=00000050 x15:00000050 x30:00000048  x8:00000000
16961766ns          287777 1c008254 23c72403 lw               x8, 572(x14)         x8=00000000 x14:10000414  PA:10000650
16961826ns          287780 1c008258 428e87b3 p.mac            x15, x29, x8        x15=00000050 x15:00000050 x29:000000ba  x8:00000000
16961846ns          287781 1c00825c 27c72403 lw               x8, 636(x14)         x8=00000001 x14:10000414  PA:10000690
16961906ns          287784 1c008260 428e07b3 p.mac            x15, x28, x8        x15=0000010b x15:00000050 x28:000000bb  x8:00000001
16961926ns          287785 1c008264 2bc72403 lw               x8, 700(x14)         x8=00000000 x14:10000414  PA:100006d0
16961985ns          287788 1c008268 428307b3 p.mac            x15, x6, x8         x15=0000010b x15:0000010b  x6:00000045  x8:00000000
16962005ns          287789 1c00826c 2fc72403 lw               x8, 764(x14)         x8=00000001 x14:10000414  PA:10000710
16962065ns          287792 1c008270 428887b3 p.mac            x15, x17, x8        x15=0000014f x15:0000010b x17:00000044  x8:00000001
16962085ns          287793 1c008274 33c72403 lw               x8, 828(x14)         x8=00000000 x14:10000414  PA:10000750
16962144ns          287796 1c008278 428807b3 p.mac            x15, x16, x8        x15=0000014f x15:0000014f x16:000000be  x8:00000000
16962164ns          287797 1c00827c 37c72403 lw               x8, 892(x14)         x8=00000000 x14:10000414  PA:10000790
16962224ns          287800 1c008280 428507b3 p.mac            x15, x10, x8        x15=0000014f x15:0000014f x10:000000bf  x8:00000000
16962244ns          287801 1c008284 3bc72403 lw               x8, 956(x14)         x8=00000000 x14:10000414  PA:100007d0
16962284ns          287803 1c008288 428587b3 p.mac            x15, x11, x8        x15=0000014f x15:0000014f x11:00000041  x8:00000000
16962304ns          287804 1c00828c 00f6222b p.sw             x15, 4(x12!)        x12=10000ad4 x15:0000014f x12:10000ad0  PA:10000ad0
16962323ns          287805 1c008210 0047278b p.lw             x15, 4(x14!)        x15=00000000 x14=10000418 x14:10000414  PA:10000414
16962383ns          287808 1c008214 03c72403 lw               x8, 60(x14)          x8=00000000 x14:10000418  PA:10000454
16962423ns          287810 1c008216 02fb87b3 mul              x15, x23, x15       x15=00000000 x23:00000050 x15:00000000
16962443ns          287811 1c00821a 428b07b3 p.mac            x15, x22, x8        x15=00000000 x15:00000000 x22:000000b2  x8:00000000
16962463ns          287812 1c00821e 07c72403 lw               x8, 124(x14)         x8=00000000 x14:10000418  PA:10000494
16962522ns          287815 1c008220 428a87b3 p.mac            x15, x21, x8        x15=00000000 x15:00000000 x21:000000b3  x8:00000000
16962542ns          287816 1c008224 0bc72403 lw               x8, 188(x14)         x8=00000000 x14:10000418  PA:100004d4
16962602ns          287819 1c008228 428a07b3 p.mac            x15, x20, x8        x15=00000000 x15:00000000 x20:0000004d  x8:00000000
16962622ns          287820 1c00822c 0fc72403 lw               x8, 252(x14)         x8=00000001 x14:10000418  PA:10000514
16962681ns          287823 1c008230 428087b3 p.mac            x15, x1, x8         x15=0000004c x15:00000000  x1:0000004c  x8:00000001
16962701ns          287824 1c008234 13c72403 lw               x8, 316(x14)         x8=00000000 x14:10000418  PA:10000554
16962761ns          287827 1c008238 428387b3 p.mac            x15, x7, x8         x15=0000004c x15:0000004c  x7:000000b6  x8:00000000
16962781ns          287828 1c00823c 17c72403 lw               x8, 380(x14)         x8=00000000 x14:10000418  PA:10000594
16962841ns          287831 1c008240 428287b3 p.mac            x15, x5, x8         x15=0000004c x15:0000004c  x5:000000b7  x8:00000000
16962860ns          287832 1c008244 1bc72403 lw               x8, 444(x14)         x8=00000000 x14:10000418  PA:100005d4
16962920ns          287835 1c008248 428f87b3 p.mac            x15, x31, x8        x15=0000004c x15:0000004c x31:00000049  x8:00000000
16962940ns          287836 1c00824c 1fc72403 lw               x8, 508(x14)         x8=00000000 x14:10000418  PA:10000614
16963000ns          287839 1c008250 428f07b3 p.mac            x15, x30, x8        x15=0000004c x15:0000004c x30:00000048  x8:00000000
16963020ns          287840 1c008254 23c72403 lw               x8, 572(x14)         x8=00000001 x14:10000418  PA:10000654
16963079ns          287843 1c008258 428e87b3 p.mac            x15, x29, x8        x15=00000106 x15:0000004c x29:000000ba  x8:00000001
16963099ns          287844 1c00825c 27c72403 lw               x8, 636(x14)         x8=00000000 x14:10000418  PA:10000694
16963159ns          287847 1c008260 428e07b3 p.mac            x15, x28, x8        x15=00000106 x15:00000106 x28:000000bb  x8:00000000
16963179ns          287848 1c008264 2bc72403 lw               x8, 700(x14)         x8=00000000 x14:10000418  PA:100006d4
16963238ns          287851 1c008268 428307b3 p.mac            x15, x6, x8         x15=00000106 x15:00000106  x6:00000045  x8:00000000
16963258ns          287852 1c00826c 2fc72403 lw               x8, 764(x14)         x8=00000000 x14:10000418  PA:10000714
16963318ns          287855 1c008270 428887b3 p.mac            x15, x17, x8        x15=00000106 x15:00000106 x17:00000044  x8:00000000
16963338ns          287856 1c008274 33c72403 lw               x8, 828(x14)         x8=00000000 x14:10000418  PA:10000754
16963398ns          287859 1c008278 428807b3 p.mac            x15, x16, x8        x15=00000106 x15:00000106 x16:000000be  x8:00000000
16963417ns          287860 1c00827c 37c72403 lw               x8, 892(x14)         x8=00000000 x14:10000418  PA:10000794
16963477ns          287863 1c008280 428507b3 p.mac            x15, x10, x8        x15=00000106 x15:00000106 x10:000000bf  x8:00000000
16963497ns          287864 1c008284 3bc72403 lw               x8, 956(x14)         x8=00000000 x14:10000418  PA:100007d4
16963537ns          287866 1c008288 428587b3 p.mac            x15, x11, x8        x15=00000106 x15:00000106 x11:00000041  x8:00000000
16963557ns          287867 1c00828c 00f6222b p.sw             x15, 4(x12!)        x12=10000ad8 x15:00000106 x12:10000ad4  PA:10000ad4
16963577ns          287868 1c008210 0047278b p.lw             x15, 4(x14!)        x15=00000000 x14=1000041c x14:10000418  PA:10000418
16963636ns          287871 1c008214 03c72403 lw               x8, 60(x14)          x8=00000000 x14:1000041c  PA:10000458
16963676ns          287873 1c008216 02fb87b3 mul              x15, x23, x15       x15=00000000 x23:00000050 x15:00000000
16963696ns          287874 1c00821a 428b07b3 p.mac            x15, x22, x8        x15=00000000 x15:00000000 x22:000000b2  x8:00000000
16963716ns          287875 1c00821e 07c72403 lw               x8, 124(x14)         x8=00000000 x14:1000041c  PA:10000498
16963775ns          287878 1c008220 428a87b3 p.mac            x15, x21, x8        x15=00000000 x15:00000000 x21:000000b3  x8:00000000
16963795ns          287879 1c008224 0bc72403 lw               x8, 188(x14)         x8=00000000 x14:1000041c  PA:100004d8
16963855ns          287882 1c008228 428a07b3 p.mac            x15, x20, x8        x15=00000000 x15:00000000 x20:0000004d  x8:00000000
16963875ns          287883 1c00822c 0fc72403 lw               x8, 252(x14)         x8=00000000 x14:1000041c  PA:10000518
16963935ns          287886 1c008230 428087b3 p.mac            x15, x1, x8         x15=00000000 x15:00000000  x1:0000004c  x8:00000000
16963954ns          287887 1c008234 13c72403 lw               x8, 316(x14)         x8=00000000 x14:1000041c  PA:10000558
16964014ns          287890 1c008238 428387b3 p.mac            x15, x7, x8         x15=00000000 x15:00000000  x7:000000b6  x8:00000000
16964034ns          287891 1c00823c 17c72403 lw               x8, 380(x14)         x8=00000000 x14:1000041c  PA:10000598
16964094ns          287894 1c008240 428287b3 p.mac            x15, x5, x8         x15=00000000 x15:00000000  x5:000000b7  x8:00000000
16964114ns          287895 1c008244 1bc72403 lw               x8, 444(x14)         x8=00000000 x14:1000041c  PA:100005d8
16964173ns          287898 1c008248 428f87b3 p.mac            x15, x31, x8        x15=00000000 x15:00000000 x31:00000049  x8:00000000
16964193ns          287899 1c00824c 1fc72403 lw               x8, 508(x14)         x8=00000000 x14:1000041c  PA:10000618
16964253ns          287902 1c008250 428f07b3 p.mac            x15, x30, x8        x15=00000000 x15:00000000 x30:00000048  x8:00000000
16964273ns          287903 1c008254 23c72403 lw               x8, 572(x14)         x8=00000000 x14:1000041c  PA:10000658
16964332ns          287906 1c008258 428e87b3 p.mac            x15, x29, x8        x15=00000000 x15:00000000 x29:000000ba  x8:00000000
16964352ns          287907 1c00825c 27c72403 lw               x8, 636(x14)         x8=00000000 x14:1000041c  PA:10000698
16964412ns          287910 1c008260 428e07b3 p.mac            x15, x28, x8        x15=00000000 x15:00000000 x28:000000bb  x8:00000000
16964432ns          287911 1c008264 2bc72403 lw               x8, 700(x14)         x8=00000000 x14:1000041c  PA:100006d8
16964492ns          287914 1c008268 428307b3 p.mac            x15, x6, x8         x15=00000000 x15:00000000  x6:00000045  x8:00000000
16964511ns          287915 1c00826c 2fc72403 lw               x8, 764(x14)         x8=00000000 x14:1000041c  PA:10000718
16964571ns          287918 1c008270 428887b3 p.mac            x15, x17, x8        x15=00000000 x15:00000000 x17:00000044  x8:00000000
16964591ns          287919 1c008274 33c72403 lw               x8, 828(x14)         x8=00000000 x14:1000041c  PA:10000758
16964651ns          287922 1c008278 428807b3 p.mac            x15, x16, x8        x15=00000000 x15:00000000 x16:000000be  x8:00000000
16964671ns          287923 1c00827c 37c72403 lw               x8, 892(x14)         x8=00000000 x14:1000041c  PA:10000798
16964730ns          287926 1c008280 428507b3 p.mac            x15, x10, x8        x15=00000000 x15:00000000 x10:000000bf  x8:00000000
16964750ns          287927 1c008284 3bc72403 lw               x8, 956(x14)         x8=00000000 x14:1000041c  PA:100007d8
16964790ns          287929 1c008288 428587b3 p.mac            x15, x11, x8        x15=00000000 x15:00000000 x11:00000041  x8:00000000
16964810ns          287930 1c00828c 00f6222b p.sw             x15, 4(x12!)        x12=10000adc x15:00000000 x12:10000ad8  PA:10000ad8
16964830ns          287931 1c008210 0047278b p.lw             x15, 4(x14!)        x15=00000000 x14=10000420 x14:1000041c  PA:1000041c
16964889ns          287934 1c008214 03c72403 lw               x8, 60(x14)          x8=00000001 x14:10000420  PA:1000045c
16964929ns          287936 1c008216 02fb87b3 mul              x15, x23, x15       x15=00000000 x23:00000050 x15:00000000
16964949ns          287937 1c00821a 428b07b3 p.mac            x15, x22, x8        x15=000000b2 x15:00000000 x22:000000b2  x8:00000001
16964969ns          287938 1c00821e 07c72403 lw               x8, 124(x14)         x8=00000001 x14:10000420  PA:1000049c
16965029ns          287941 1c008220 428a87b3 p.mac            x15, x21, x8        x15=00000165 x15:000000b2 x21:000000b3  x8:00000001
16965048ns          287942 1c008224 0bc72403 lw               x8, 188(x14)         x8=00000000 x14:10000420  PA:100004dc
16965108ns          287945 1c008228 428a07b3 p.mac            x15, x20, x8        x15=00000165 x15:00000165 x20:0000004d  x8:00000000
16965128ns          287946 1c00822c 0fc72403 lw               x8, 252(x14)         x8=00000000 x14:10000420  PA:1000051c
16965188ns          287949 1c008230 428087b3 p.mac            x15, x1, x8         x15=00000165 x15:00000165  x1:0000004c  x8:00000000
16965208ns          287950 1c008234 13c72403 lw               x8, 316(x14)         x8=00000001 x14:10000420  PA:1000055c
16965267ns          287953 1c008238 428387b3 p.mac            x15, x7, x8         x15=0000021b x15:00000165  x7:000000b6  x8:00000001
16965287ns          287954 1c00823c 17c72403 lw               x8, 380(x14)         x8=00000000 x14:10000420  PA:1000059c
16965347ns          287957 1c008240 428287b3 p.mac            x15, x5, x8         x15=0000021b x15:0000021b  x5:000000b7  x8:00000000
16965367ns          287958 1c008244 1bc72403 lw               x8, 444(x14)         x8=00000000 x14:10000420  PA:100005dc
16965426ns          287961 1c008248 428f87b3 p.mac            x15, x31, x8        x15=0000021b x15:0000021b x31:00000049  x8:00000000
16965446ns          287962 1c00824c 1fc72403 lw               x8, 508(x14)         x8=00000000 x14:10000420  PA:1000061c
16965506ns          287965 1c008250 428f07b3 p.mac            x15, x30, x8        x15=0000021b x15:0000021b x30:00000048  x8:00000000
16965526ns          287966 1c008254 23c72403 lw               x8, 572(x14)         x8=00000000 x14:10000420  PA:1000065c
16965586ns          287969 1c008258 428e87b3 p.mac            x15, x29, x8        x15=0000021b x15:0000021b x29:000000ba  x8:00000000
16965605ns          287970 1c00825c 27c72403 lw               x8, 636(x14)         x8=00000000 x14:10000420  PA:1000069c
16965665ns          287973 1c008260 428e07b3 p.mac            x15, x28, x8        x15=0000021b x15:0000021b x28:000000bb  x8:00000000
16965685ns          287974 1c008264 2bc72403 lw               x8, 700(x14)         x8=00000000 x14:10000420  PA:100006dc
16965745ns          287977 1c008268 428307b3 p.mac            x15, x6, x8         x15=0000021b x15:0000021b  x6:00000045  x8:00000000
16965765ns          287978 1c00826c 2fc72403 lw               x8, 764(x14)         x8=00000000 x14:10000420  PA:1000071c
16965824ns          287981 1c008270 428887b3 p.mac            x15, x17, x8        x15=0000021b x15:0000021b x17:00000044  x8:00000000
16965844ns          287982 1c008274 33c72403 lw               x8, 828(x14)         x8=00000000 x14:10000420  PA:1000075c
16965904ns          287985 1c008278 428807b3 p.mac            x15, x16, x8        x15=0000021b x15:0000021b x16:000000be  x8:00000000
16965924ns          287986 1c00827c 37c72403 lw               x8, 892(x14)         x8=00000000 x14:10000420  PA:1000079c
16965983ns          287989 1c008280 428507b3 p.mac            x15, x10, x8        x15=0000021b x15:0000021b x10:000000bf  x8:00000000
16966003ns          287990 1c008284 3bc72403 lw               x8, 956(x14)         x8=00000000 x14:10000420  PA:100007dc
16966043ns          287992 1c008288 428587b3 p.mac            x15, x11, x8        x15=0000021b x15:0000021b x11:00000041  x8:00000000
16966063ns          287993 1c00828c 00f6222b p.sw             x15, 4(x12!)        x12=10000ae0 x15:0000021b x12:10000adc  PA:10000adc
16966083ns          287994 1c008210 0047278b p.lw             x15, 4(x14!)        x15=00000000 x14=10000424 x14:10000420  PA:10000420
16966142ns          287997 1c008214 03c72403 lw               x8, 60(x14)          x8=00000000 x14:10000424  PA:10000460
16966182ns          287999 1c008216 02fb87b3 mul              x15, x23, x15       x15=00000000 x23:00000050 x15:00000000
16966202ns          288000 1c00821a 428b07b3 p.mac            x15, x22, x8        x15=00000000 x15:00000000 x22:000000b2  x8:00000000
16966222ns          288001 1c00821e 07c72403 lw               x8, 124(x14)         x8=00000000 x14:10000424  PA:100004a0
16966282ns          288004 1c008220 428a87b3 p.mac            x15, x21, x8        x15=00000000 x15:00000000 x21:000000b3  x8:00000000
16966302ns          288005 1c008224 0bc72403 lw               x8, 188(x14)         x8=00000000 x14:10000424  PA:100004e0
16966361ns          288008 1c008228 428a07b3 p.mac            x15, x20, x8        x15=00000000 x15:00000000 x20:0000004d  x8:00000000
16966381ns          288009 1c00822c 0fc72403 lw               x8, 252(x14)         x8=00000000 x14:10000424  PA:10000520
16966441ns          288012 1c008230 428087b3 p.mac            x15, x1, x8         x15=00000000 x15:00000000  x1:0000004c  x8:00000000
16966461ns          288013 1c008234 13c72403 lw               x8, 316(x14)         x8=00000000 x14:10000424  PA:10000560
16966520ns          288016 1c008238 428387b3 p.mac            x15, x7, x8         x15=00000000 x15:00000000  x7:000000b6  x8:00000000
16966540ns          288017 1c00823c 17c72403 lw               x8, 380(x14)         x8=00000000 x14:10000424  PA:100005a0
16966600ns          288020 1c008240 428287b3 p.mac            x15, x5, x8         x15=00000000 x15:00000000  x5:000000b7  x8:00000000
16966620ns          288021 1c008244 1bc72403 lw               x8, 444(x14)         x8=00000000 x14:10000424  PA:100005e0
16966680ns          288024 1c008248 428f87b3 p.mac            x15, x31, x8        x15=00000000 x15:00000000 x31:00000049  x8:00000000
16966699ns          288025 1c00824c 1fc72403 lw               x8, 508(x14)         x8=00000001 x14:10000424  PA:10000620
16966759ns          288028 1c008250 428f07b3 p.mac            x15, x30, x8        x15=00000048 x15:00000000 x30:00000048  x8:00000001
16966779ns          288029 1c008254 23c72403 lw               x8, 572(x14)         x8=00000000 x14:10000424  PA:10000660
16966839ns          288032 1c008258 428e87b3 p.mac            x15, x29, x8        x15=00000048 x15:00000048 x29:000000ba  x8:00000000
16966859ns          288033 1c00825c 27c72403 lw               x8, 636(x14)         x8=00000000 x14:10000424  PA:100006a0
16966918ns          288036 1c008260 428e07b3 p.mac            x15, x28, x8        x15=00000048 x15:00000048 x28:000000bb  x8:00000000
16966938ns          288037 1c008264 2bc72403 lw               x8, 700(x14)         x8=00000000 x14:10000424  PA:100006e0
16966998ns          288040 1c008268 428307b3 p.mac            x15, x6, x8         x15=00000048 x15:00000048  x6:00000045  x8:00000000
16967018ns          288041 1c00826c 2fc72403 lw               x8, 764(x14)         x8=00000001 x14:10000424  PA:10000720
16967077ns          288044 1c008270 428887b3 p.mac            x15, x17, x8        x15=0000008c x15:00000048 x17:00000044  x8:00000001
16967097ns          288045 1c008274 33c72403 lw               x8, 828(x14)         x8=00000000 x14:10000424  PA:10000760
16967157ns          288048 1c008278 428807b3 p.mac            x15, x16, x8        x15=0000008c x15:0000008c x16:000000be  x8:00000000
16967177ns          288049 1c00827c 37c72403 lw               x8, 892(x14)         x8=00000000 x14:10000424  PA:100007a0
16967236ns          288052 1c008280 428507b3 p.mac            x15, x10, x8        x15=0000008c x15:0000008c x10:000000bf  x8:00000000
16967256ns          288053 1c008284 3bc72403 lw               x8, 956(x14)         x8=00000000 x14:10000424  PA:100007e0
16967296ns          288055 1c008288 428587b3 p.mac            x15, x11, x8        x15=0000008c x15:0000008c x11:00000041  x8:00000000
16967316ns          288056 1c00828c 00f6222b p.sw             x15, 4(x12!)        x12=10000ae4 x15:0000008c x12:10000ae0  PA:10000ae0
16967336ns          288057 1c008210 0047278b p.lw             x15, 4(x14!)        x15=00000000 x14=10000428 x14:10000424  PA:10000424
16967396ns          288060 1c008214 03c72403 lw               x8, 60(x14)          x8=00000000 x14:10000428  PA:10000464
16967435ns          288062 1c008216 02fb87b3 mul              x15, x23, x15       x15=00000000 x23:00000050 x15:00000000
16967455ns          288063 1c00821a 428b07b3 p.mac            x15, x22, x8        x15=00000000 x15:00000000 x22:000000b2  x8:00000000
16967475ns          288064 1c00821e 07c72403 lw               x8, 124(x14)         x8=00000001 x14:10000428  PA:100004a4
16967535ns          288067 1c008220 428a87b3 p.mac            x15, x21, x8        x15=000000b3 x15:00000000 x21:000000b3  x8:00000001
16967555ns          288068 1c008224 0bc72403 lw               x8, 188(x14)         x8=00000000 x14:10000428  PA:100004e4
16967614ns          288071 1c008228 428a07b3 p.mac            x15, x20, x8        x15=000000b3 x15:000000b3 x20:0000004d  x8:00000000
16967634ns          288072 1c00822c 0fc72403 lw               x8, 252(x14)         x8=00000000 x14:10000428  PA:10000524
16967694ns          288075 1c008230 428087b3 p.mac            x15, x1, x8         x15=000000b3 x15:000000b3  x1:0000004c  x8:00000000
16967714ns          288076 1c008234 13c72403 lw               x8, 316(x14)         x8=00000000 x14:10000428  PA:10000564
16967773ns          288079 1c008238 428387b3 p.mac            x15, x7, x8         x15=000000b3 x15:000000b3  x7:000000b6  x8:00000000
16967793ns          288080 1c00823c 17c72403 lw               x8, 380(x14)         x8=00000000 x14:10000428  PA:100005a4
16967853ns          288083 1c008240 428287b3 p.mac            x15, x5, x8         x15=000000b3 x15:000000b3  x5:000000b7  x8:00000000
16967873ns          288084 1c008244 1bc72403 lw               x8, 444(x14)         x8=00000000 x14:10000428  PA:100005e4
16967933ns          288087 1c008248 428f87b3 p.mac            x15, x31, x8        x15=000000b3 x15:000000b3 x31:00000049  x8:00000000
16967953ns          288088 1c00824c 1fc72403 lw               x8, 508(x14)         x8=00000000 x14:10000428  PA:10000624
16968012ns          288091 1c008250 428f07b3 p.mac            x15, x30, x8        x15=000000b3 x15:000000b3 x30:00000048  x8:00000000
16968032ns          288092 1c008254 23c72403 lw               x8, 572(x14)         x8=00000000 x14:10000428  PA:10000664
16968092ns          288095 1c008258 428e87b3 p.mac            x15, x29, x8        x15=000000b3 x15:000000b3 x29:000000ba  x8:00000000
16968112ns          288096 1c00825c 27c72403 lw               x8, 636(x14)         x8=00000000 x14:10000428  PA:100006a4
16968171ns          288099 1c008260 428e07b3 p.mac            x15, x28, x8        x15=000000b3 x15:000000b3 x28:000000bb  x8:00000000
16968191ns          288100 1c008264 2bc72403 lw               x8, 700(x14)         x8=00000000 x14:10000428  PA:100006e4
16968251ns          288103 1c008268 428307b3 p.mac            x15, x6, x8         x15=000000b3 x15:000000b3  x6:00000045  x8:00000000
16968271ns          288104 1c00826c 2fc72403 lw               x8, 764(x14)         x8=00000001 x14:10000428  PA:10000724
16968330ns          288107 1c008270 428887b3 p.mac            x15, x17, x8        x15=000000f7 x15:000000b3 x17:00000044  x8:00000001
16968350ns          288108 1c008274 33c72403 lw               x8, 828(x14)         x8=00000001 x14:10000428  PA:10000764
16968410ns          288111 1c008278 428807b3 p.mac            x15, x16, x8        x15=000001b5 x15:000000f7 x16:000000be  x8:00000001
16968430ns          288112 1c00827c 37c72403 lw               x8, 892(x14)         x8=00000000 x14:10000428  PA:100007a4
16968490ns          288115 1c008280 428507b3 p.mac            x15, x10, x8        x15=000001b5 x15:000001b5 x10:000000bf  x8:00000000
16968509ns          288116 1c008284 3bc72403 lw               x8, 956(x14)         x8=00000000 x14:10000428  PA:100007e4
16968549ns          288118 1c008288 428587b3 p.mac            x15, x11, x8        x15=000001b5 x15:000001b5 x11:00000041  x8:00000000
16968569ns          288119 1c00828c 00f6222b p.sw             x15, 4(x12!)        x12=10000ae8 x15:000001b5 x12:10000ae4  PA:10000ae4
16968589ns          288120 1c008210 0047278b p.lw             x15, 4(x14!)        x15=00000000 x14=1000042c x14:10000428  PA:10000428
16968649ns          288123 1c008214 03c72403 lw               x8, 60(x14)          x8=00000000 x14:1000042c  PA:10000468
16968688ns          288125 1c008216 02fb87b3 mul              x15, x23, x15       x15=00000000 x23:00000050 x15:00000000
16968708ns          288126 1c00821a 428b07b3 p.mac            x15, x22, x8        x15=00000000 x15:00000000 x22:000000b2  x8:00000000
16968728ns          288127 1c00821e 07c72403 lw               x8, 124(x14)         x8=00000000 x14:1000042c  PA:100004a8
16968788ns          288130 1c008220 428a87b3 p.mac            x15, x21, x8        x15=00000000 x15:00000000 x21:000000b3  x8:00000000
16968808ns          288131 1c008224 0bc72403 lw               x8, 188(x14)         x8=00000000 x14:1000042c  PA:100004e8
16968867ns          288134 1c008228 428a07b3 p.mac            x15, x20, x8        x15=00000000 x15:00000000 x20:0000004d  x8:00000000
16968887ns          288135 1c00822c 0fc72403 lw               x8, 252(x14)         x8=00000000 x14:1000042c  PA:10000528
16968947ns          288138 1c008230 428087b3 p.mac            x15, x1, x8         x15=00000000 x15:00000000  x1:0000004c  x8:00000000
16968967ns          288139 1c008234 13c72403 lw               x8, 316(x14)         x8=00000000 x14:1000042c  PA:10000568
16969027ns          288142 1c008238 428387b3 p.mac            x15, x7, x8         x15=00000000 x15:00000000  x7:000000b6  x8:00000000
16969047ns          288143 1c00823c 17c72403 lw               x8, 380(x14)         x8=00000000 x14:1000042c  PA:100005a8
16969106ns          288146 1c008240 428287b3 p.mac            x15, x5, x8         x15=00000000 x15:00000000  x5:000000b7  x8:00000000
16969126ns          288147 1c008244 1bc72403 lw               x8, 444(x14)         x8=00000000 x14:1000042c  PA:100005e8
16969186ns          288150 1c008248 428f87b3 p.mac            x15, x31, x8        x15=00000000 x15:00000000 x31:00000049  x8:00000000
16969206ns          288151 1c00824c 1fc72403 lw               x8, 508(x14)         x8=00000000 x14:1000042c  PA:10000628
16969265ns          288154 1c008250 428f07b3 p.mac            x15, x30, x8        x15=00000000 x15:00000000 x30:00000048  x8:00000000
16969285ns          288155 1c008254 23c72403 lw               x8, 572(x14)         x8=00000000 x14:1000042c  PA:10000668
16969345ns          288158 1c008258 428e87b3 p.mac            x15, x29, x8        x15=00000000 x15:00000000 x29:000000ba  x8:00000000
16969365ns          288159 1c00825c 27c72403 lw               x8, 636(x14)         x8=00000000 x14:1000042c  PA:100006a8
16969424ns          288162 1c008260 428e07b3 p.mac            x15, x28, x8        x15=00000000 x15:00000000 x28:000000bb  x8:00000000
16969444ns          288163 1c008264 2bc72403 lw               x8, 700(x14)         x8=00000000 x14:1000042c  PA:100006e8
16969504ns          288166 1c008268 428307b3 p.mac            x15, x6, x8         x15=00000000 x15:00000000  x6:00000045  x8:00000000
16969524ns          288167 1c00826c 2fc72403 lw               x8, 764(x14)         x8=00000000 x14:1000042c  PA:10000728
16969584ns          288170 1c008270 428887b3 p.mac            x15, x17, x8        x15=00000000 x15:00000000 x17:00000044  x8:00000000
16969603ns          288171 1c008274 33c72403 lw               x8, 828(x14)         x8=00000000 x14:1000042c  PA:10000768
16969663ns          288174 1c008278 428807b3 p.mac            x15, x16, x8        x15=00000000 x15:00000000 x16:000000be  x8:00000000
16969683ns          288175 1c00827c 37c72403 lw               x8, 892(x14)         x8=00000000 x14:1000042c  PA:100007a8
16969743ns          288178 1c008280 428507b3 p.mac            x15, x10, x8        x15=00000000 x15:00000000 x10:000000bf  x8:00000000
16969763ns          288179 1c008284 3bc72403 lw               x8, 956(x14)         x8=00000000 x14:1000042c  PA:100007e8
16969802ns          288181 1c008288 428587b3 p.mac            x15, x11, x8        x15=00000000 x15:00000000 x11:00000041  x8:00000000
16969822ns          288182 1c00828c 00f6222b p.sw             x15, 4(x12!)        x12=10000aec x15:00000000 x12:10000ae8  PA:10000ae8
16969842ns          288183 1c008210 0047278b p.lw             x15, 4(x14!)        x15=00000000 x14=10000430 x14:1000042c  PA:1000042c
16969902ns          288186 1c008214 03c72403 lw               x8, 60(x14)          x8=00000000 x14:10000430  PA:1000046c
16969942ns          288188 1c008216 02fb87b3 mul              x15, x23, x15       x15=00000000 x23:00000050 x15:00000000
16969961ns          288189 1c00821a 428b07b3 p.mac            x15, x22, x8        x15=00000000 x15:00000000 x22:000000b2  x8:00000000
16969981ns          288190 1c00821e 07c72403 lw               x8, 124(x14)         x8=00000000 x14:10000430  PA:100004ac
16970041ns          288193 1c008220 428a87b3 p.mac            x15, x21, x8        x15=00000000 x15:00000000 x21:000000b3  x8:00000000
16970061ns          288194 1c008224 0bc72403 lw               x8, 188(x14)         x8=00000000 x14:10000430  PA:100004ec
16970121ns          288197 1c008228 428a07b3 p.mac            x15, x20, x8        x15=00000000 x15:00000000 x20:0000004d  x8:00000000
16970140ns          288198 1c00822c 0fc72403 lw               x8, 252(x14)         x8=00000000 x14:10000430  PA:1000052c
16970200ns          288201 1c008230 428087b3 p.mac            x15, x1, x8         x15=00000000 x15:00000000  x1:0000004c  x8:00000000
16970220ns          288202 1c008234 13c72403 lw               x8, 316(x14)         x8=00000000 x14:10000430  PA:1000056c
16970280ns          288205 1c008238 428387b3 p.mac            x15, x7, x8         x15=00000000 x15:00000000  x7:000000b6  x8:00000000
16970300ns          288206 1c00823c 17c72403 lw               x8, 380(x14)         x8=00000001 x14:10000430  PA:100005ac
16970359ns          288209 1c008240 428287b3 p.mac            x15, x5, x8         x15=000000b7 x15:00000000  x5:000000b7  x8:00000001
16970379ns          288210 1c008244 1bc72403 lw               x8, 444(x14)         x8=00000000 x14:10000430  PA:100005ec
16970439ns          288213 1c008248 428f87b3 p.mac            x15, x31, x8        x15=000000b7 x15:000000b7 x31:00000049  x8:00000000
16970459ns          288214 1c00824c 1fc72403 lw               x8, 508(x14)         x8=00000000 x14:10000430  PA:1000062c
16970518ns          288217 1c008250 428f07b3 p.mac            x15, x30, x8        x15=000000b7 x15:000000b7 x30:00000048  x8:00000000
16970538ns          288218 1c008254 23c72403 lw               x8, 572(x14)         x8=00000000 x14:10000430  PA:1000066c
16970598ns          288221 1c008258 428e87b3 p.mac            x15, x29, x8        x15=000000b7 x15:000000b7 x29:000000ba  x8:00000000
16970618ns          288222 1c00825c 27c72403 lw               x8, 636(x14)         x8=00000001 x14:10000430  PA:100006ac
16970678ns          288225 1c008260 428e07b3 p.mac            x15, x28, x8        x15=00000172 x15:000000b7 x28:000000bb  x8:00000001
16970697ns          288226 1c008264 2bc72403 lw               x8, 700(x14)         x8=00000000 x14:10000430  PA:100006ec
16970757ns          288229 1c008268 428307b3 p.mac            x15, x6, x8         x15=00000172 x15:00000172  x6:00000045  x8:00000000
16970777ns          288230 1c00826c 2fc72403 lw               x8, 764(x14)         x8=00000000 x14:10000430  PA:1000072c
16970837ns          288233 1c008270 428887b3 p.mac            x15, x17, x8        x15=00000172 x15:00000172 x17:00000044  x8:00000000
16970857ns          288234 1c008274 33c72403 lw               x8, 828(x14)         x8=00000000 x14:10000430  PA:1000076c
16970916ns          288237 1c008278 428807b3 p.mac            x15, x16, x8        x15=00000172 x15:00000172 x16:000000be  x8:00000000
16970936ns          288238 1c00827c 37c72403 lw               x8, 892(x14)         x8=00000000 x14:10000430  PA:100007ac
16970996ns          288241 1c008280 428507b3 p.mac            x15, x10, x8        x15=00000172 x15:00000172 x10:000000bf  x8:00000000
16971016ns          288242 1c008284 3bc72403 lw               x8, 956(x14)         x8=00000000 x14:10000430  PA:100007ec
16971055ns          288244 1c008288 428587b3 p.mac            x15, x11, x8        x15=00000172 x15:00000172 x11:00000041  x8:00000000
16971075ns          288245 1c00828c 00f6222b p.sw             x15, 4(x12!)        x12=10000af0 x15:00000172 x12:10000aec  PA:10000aec
16971095ns          288246 1c008210 0047278b p.lw             x15, 4(x14!)        x15=00000000 x14=10000434 x14:10000430  PA:10000430
16971155ns          288249 1c008214 03c72403 lw               x8, 60(x14)          x8=00000000 x14:10000434  PA:10000470
16971195ns          288251 1c008216 02fb87b3 mul              x15, x23, x15       x15=00000000 x23:00000050 x15:00000000
16971215ns          288252 1c00821a 428b07b3 p.mac            x15, x22, x8        x15=00000000 x15:00000000 x22:000000b2  x8:00000000
16971234ns          288253 1c00821e 07c72403 lw               x8, 124(x14)         x8=00000000 x14:10000434  PA:100004b0
16971294ns          288256 1c008220 428a87b3 p.mac            x15, x21, x8        x15=00000000 x15:00000000 x21:000000b3  x8:00000000
16971314ns          288257 1c008224 0bc72403 lw               x8, 188(x14)         x8=00000001 x14:10000434  PA:100004f0
16971374ns          288260 1c008228 428a07b3 p.mac            x15, x20, x8        x15=0000004d x15:00000000 x20:0000004d  x8:00000001
16971394ns          288261 1c00822c 0fc72403 lw               x8, 252(x14)         x8=00000001 x14:10000434  PA:10000530
16971453ns          288264 1c008230 428087b3 p.mac            x15, x1, x8         x15=00000099 x15:0000004d  x1:0000004c  x8:00000001
16971473ns          288265 1c008234 13c72403 lw               x8, 316(x14)         x8=00000000 x14:10000434  PA:10000570
16971533ns          288268 1c008238 428387b3 p.mac            x15, x7, x8         x15=00000099 x15:00000099  x7:000000b6  x8:00000000
16971553ns          288269 1c00823c 17c72403 lw               x8, 380(x14)         x8=00000000 x14:10000434  PA:100005b0
16971612ns          288272 1c008240 428287b3 p.mac            x15, x5, x8         x15=00000099 x15:00000099  x5:000000b7  x8:00000000
16971632ns          288273 1c008244 1bc72403 lw               x8, 444(x14)         x8=00000000 x14:10000434  PA:100005f0
16971692ns          288276 1c008248 428f87b3 p.mac            x15, x31, x8        x15=00000099 x15:00000099 x31:00000049  x8:00000000
16971712ns          288277 1c00824c 1fc72403 lw               x8, 508(x14)         x8=00000000 x14:10000434  PA:10000630
16971772ns          288280 1c008250 428f07b3 p.mac            x15, x30, x8        x15=00000099 x15:00000099 x30:00000048  x8:00000000
16971791ns          288281 1c008254 23c72403 lw               x8, 572(x14)         x8=00000000 x14:10000434  PA:10000670
16971851ns          288284 1c008258 428e87b3 p.mac            x15, x29, x8        x15=00000099 x15:00000099 x29:000000ba  x8:00000000
16971871ns          288285 1c00825c 27c72403 lw               x8, 636(x14)         x8=00000001 x14:10000434  PA:100006b0
16971931ns          288288 1c008260 428e07b3 p.mac            x15, x28, x8        x15=00000154 x15:00000099 x28:000000bb  x8:00000001
16971951ns          288289 1c008264 2bc72403 lw               x8, 700(x14)         x8=00000000 x14:10000434  PA:100006f0
16972010ns          288292 1c008268 428307b3 p.mac            x15, x6, x8         x15=00000154 x15:00000154  x6:00000045  x8:00000000
16972030ns          288293 1c00826c 2fc72403 lw               x8, 764(x14)         x8=00000001 x14:10000434  PA:10000730
16972090ns          288296 1c008270 428887b3 p.mac            x15, x17, x8        x15=00000198 x15:00000154 x17:00000044  x8:00000001
16972110ns          288297 1c008274 33c72403 lw               x8, 828(x14)         x8=00000000 x14:10000434  PA:10000770
16972169ns          288300 1c008278 428807b3 p.mac            x15, x16, x8        x15=00000198 x15:00000198 x16:000000be  x8:00000000
16972189ns          288301 1c00827c 37c72403 lw               x8, 892(x14)         x8=00000000 x14:10000434  PA:100007b0
16972249ns          288304 1c008280 428507b3 p.mac            x15, x10, x8        x15=00000198 x15:00000198 x10:000000bf  x8:00000000
16972269ns          288305 1c008284 3bc72403 lw               x8, 956(x14)         x8=00000000 x14:10000434  PA:100007f0
16972309ns          288307 1c008288 428587b3 p.mac            x15, x11, x8        x15=00000198 x15:00000198 x11:00000041  x8:00000000
16972328ns          288308 1c00828c 00f6222b p.sw             x15, 4(x12!)        x12=10000af4 x15:00000198 x12:10000af0  PA:10000af0
16972348ns          288309 1c008210 0047278b p.lw             x15, 4(x14!)        x15=00000000 x14=10000438 x14:10000434  PA:10000434
16972408ns          288312 1c008214 03c72403 lw               x8, 60(x14)          x8=00000000 x14:10000438  PA:10000474
16972448ns          288314 1c008216 02fb87b3 mul              x15, x23, x15       x15=00000000 x23:00000050 x15:00000000
16972468ns          288315 1c00821a 428b07b3 p.mac            x15, x22, x8        x15=00000000 x15:00000000 x22:000000b2  x8:00000000
16972488ns          288316 1c00821e 07c72403 lw               x8, 124(x14)         x8=00000000 x14:10000438  PA:100004b4
16972547ns          288319 1c008220 428a87b3 p.mac            x15, x21, x8        x15=00000000 x15:00000000 x21:000000b3  x8:00000000
16972567ns          288320 1c008224 0bc72403 lw               x8, 188(x14)         x8=00000001 x14:10000438  PA:100004f4
16972627ns          288323 1c008228 428a07b3 p.mac            x15, x20, x8        x15=0000004d x15:00000000 x20:0000004d  x8:00000001
16972647ns          288324 1c00822c 0fc72403 lw               x8, 252(x14)         x8=00000000 x14:10000438  PA:10000534
16972706ns          288327 1c008230 428087b3 p.mac            x15, x1, x8         x15=0000004d x15:0000004d  x1:0000004c  x8:00000000
16972726ns          288328 1c008234 13c72403 lw               x8, 316(x14)         x8=00000000 x14:10000438  PA:10000574
16972786ns          288331 1c008238 428387b3 p.mac            x15, x7, x8         x15=0000004d x15:0000004d  x7:000000b6  x8:00000000
16972806ns          288332 1c00823c 17c72403 lw               x8, 380(x14)         x8=00000000 x14:10000438  PA:100005b4
16972866ns          288335 1c008240 428287b3 p.mac            x15, x5, x8         x15=0000004d x15:0000004d  x5:000000b7  x8:00000000
16972885ns          288336 1c008244 1bc72403 lw               x8, 444(x14)         x8=00000000 x14:10000438  PA:100005f4
16972945ns          288339 1c008248 428f87b3 p.mac            x15, x31, x8        x15=0000004d x15:0000004d x31:00000049  x8:00000000
16972965ns          288340 1c00824c 1fc72403 lw               x8, 508(x14)         x8=00000000 x14:10000438  PA:10000634
16973025ns          288343 1c008250 428f07b3 p.mac            x15, x30, x8        x15=0000004d x15:0000004d x30:00000048  x8:00000000
16973045ns          288344 1c008254 23c72403 lw               x8, 572(x14)         x8=00000000 x14:10000438  PA:10000674
16973104ns          288347 1c008258 428e87b3 p.mac            x15, x29, x8        x15=0000004d x15:0000004d x29:000000ba  x8:00000000
16973124ns          288348 1c00825c 27c72403 lw               x8, 636(x14)         x8=00000000 x14:10000438  PA:100006b4
16973184ns          288351 1c008260 428e07b3 p.mac            x15, x28, x8        x15=0000004d x15:0000004d x28:000000bb  x8:00000000
16973204ns          288352 1c008264 2bc72403 lw               x8, 700(x14)         x8=00000000 x14:10000438  PA:100006f4
16973263ns          288355 1c008268 428307b3 p.mac            x15, x6, x8         x15=0000004d x15:0000004d  x6:00000045  x8:00000000
16973283ns          288356 1c00826c 2fc72403 lw               x8, 764(x14)         x8=00000000 x14:10000438  PA:10000734
16973343ns          288359 1c008270 428887b3 p.mac            x15, x17, x8        x15=0000004d x15:0000004d x17:00000044  x8:00000000
16973363ns          288360 1c008274 33c72403 lw               x8, 828(x14)         x8=00000000 x14:10000438  PA:10000774
16973422ns          288363 1c008278 428807b3 p.mac            x15, x16, x8        x15=0000004d x15:0000004d x16:000000be  x8:00000000
16973442ns          288364 1c00827c 37c72403 lw               x8, 892(x14)         x8=00000000 x14:10000438  PA:100007b4
16973502ns          288367 1c008280 428507b3 p.mac            x15, x10, x8        x15=0000004d x15:0000004d x10:000000bf  x8:00000000
16973522ns          288368 1c008284 3bc72403 lw               x8, 956(x14)         x8=00000000 x14:10000438  PA:100007f4
16973562ns          288370 1c008288 428587b3 p.mac            x15, x11, x8        x15=0000004d x15:0000004d x11:00000041  x8:00000000
16973582ns          288371 1c00828c 00f6222b p.sw             x15, 4(x12!)        x12=10000af8 x15:0000004d x12:10000af4  PA:10000af4
16973601ns          288372 1c008210 0047278b p.lw             x15, 4(x14!)        x15=00000000 x14=1000043c x14:10000438  PA:10000438
16973661ns          288375 1c008214 03c72403 lw               x8, 60(x14)          x8=00000000 x14:1000043c  PA:10000478
16973701ns          288377 1c008216 02fb87b3 mul              x15, x23, x15       x15=00000000 x23:00000050 x15:00000000
16973721ns          288378 1c00821a 428b07b3 p.mac            x15, x22, x8        x15=00000000 x15:00000000 x22:000000b2  x8:00000000
16973741ns          288379 1c00821e 07c72403 lw               x8, 124(x14)         x8=00000001 x14:1000043c  PA:100004b8
16973800ns          288382 1c008220 428a87b3 p.mac            x15, x21, x8        x15=000000b3 x15:00000000 x21:000000b3  x8:00000001
16973820ns          288383 1c008224 0bc72403 lw               x8, 188(x14)         x8=00000000 x14:1000043c  PA:100004f8
16973880ns          288386 1c008228 428a07b3 p.mac            x15, x20, x8        x15=000000b3 x15:000000b3 x20:0000004d  x8:00000000
16973900ns          288387 1c00822c 0fc72403 lw               x8, 252(x14)         x8=00000000 x14:1000043c  PA:10000538
16973960ns          288390 1c008230 428087b3 p.mac            x15, x1, x8         x15=000000b3 x15:000000b3  x1:0000004c  x8:00000000
16973979ns          288391 1c008234 13c72403 lw               x8, 316(x14)         x8=00000000 x14:1000043c  PA:10000578
16974039ns          288394 1c008238 428387b3 p.mac            x15, x7, x8         x15=000000b3 x15:000000b3  x7:000000b6  x8:00000000
16974059ns          288395 1c00823c 17c72403 lw               x8, 380(x14)         x8=00000000 x14:1000043c  PA:100005b8
16974119ns          288398 1c008240 428287b3 p.mac            x15, x5, x8         x15=000000b3 x15:000000b3  x5:000000b7  x8:00000000
16974139ns          288399 1c008244 1bc72403 lw               x8, 444(x14)         x8=00000001 x14:1000043c  PA:100005f8
16974198ns          288402 1c008248 428f87b3 p.mac            x15, x31, x8        x15=000000fc x15:000000b3 x31:00000049  x8:00000001
16974218ns          288403 1c00824c 1fc72403 lw               x8, 508(x14)         x8=00000001 x14:1000043c  PA:10000638
16974278ns          288406 1c008250 428f07b3 p.mac            x15, x30, x8        x15=00000144 x15:000000fc x30:00000048  x8:00000001
16974298ns          288407 1c008254 23c72403 lw               x8, 572(x14)         x8=00000000 x14:1000043c  PA:10000678
16974357ns          288410 1c008258 428e87b3 p.mac            x15, x29, x8        x15=00000144 x15:00000144 x29:000000ba  x8:00000000
16974377ns          288411 1c00825c 27c72403 lw               x8, 636(x14)         x8=00000001 x14:1000043c  PA:100006b8
16974437ns          288414 1c008260 428e07b3 p.mac            x15, x28, x8        x15=000001ff x15:00000144 x28:000000bb  x8:00000001
16974457ns          288415 1c008264 2bc72403 lw               x8, 700(x14)         x8=00000000 x14:1000043c  PA:100006f8
16974516ns          288418 1c008268 428307b3 p.mac            x15, x6, x8         x15=000001ff x15:000001ff  x6:00000045  x8:00000000
16974536ns          288419 1c00826c 2fc72403 lw               x8, 764(x14)         x8=00000001 x14:1000043c  PA:10000738
16974596ns          288422 1c008270 428887b3 p.mac            x15, x17, x8        x15=00000243 x15:000001ff x17:00000044  x8:00000001
16974616ns          288423 1c008274 33c72403 lw               x8, 828(x14)         x8=00000000 x14:1000043c  PA:10000778
16974676ns          288426 1c008278 428807b3 p.mac            x15, x16, x8        x15=00000243 x15:00000243 x16:000000be  x8:00000000
16974695ns          288427 1c00827c 37c72403 lw               x8, 892(x14)         x8=00000000 x14:1000043c  PA:100007b8
16974755ns          288430 1c008280 428507b3 p.mac            x15, x10, x8        x15=00000243 x15:00000243 x10:000000bf  x8:00000000
16974775ns          288431 1c008284 3bc72403 lw               x8, 956(x14)         x8=00000000 x14:1000043c  PA:100007f8
16974815ns          288433 1c008288 428587b3 p.mac            x15, x11, x8        x15=00000243 x15:00000243 x11:00000041  x8:00000000
16974835ns          288434 1c00828c 00f6222b p.sw             x15, 4(x12!)        x12=10000afc x15:00000243 x12:10000af8  PA:10000af8
16974855ns          288435 1c008210 0047278b p.lw             x15, 4(x14!)        x15=00000000 x14=10000440 x14:1000043c  PA:1000043c
16974914ns          288438 1c008214 03c72403 lw               x8, 60(x14)          x8=00000000 x14:10000440  PA:1000047c
16974954ns          288440 1c008216 02fb87b3 mul              x15, x23, x15       x15=00000000 x23:00000050 x15:00000000
16974974ns          288441 1c00821a 428b07b3 p.mac            x15, x22, x8        x15=00000000 x15:00000000 x22:000000b2  x8:00000000
16974994ns          288442 1c00821e 07c72403 lw               x8, 124(x14)         x8=00000000 x14:10000440  PA:100004bc
16975054ns          288445 1c008220 428a87b3 p.mac            x15, x21, x8        x15=00000000 x15:00000000 x21:000000b3  x8:00000000
16975073ns          288446 1c008224 0bc72403 lw               x8, 188(x14)         x8=00000000 x14:10000440  PA:100004fc
16975133ns          288449 1c008228 428a07b3 p.mac            x15, x20, x8        x15=00000000 x15:00000000 x20:0000004d  x8:00000000
16975153ns          288450 1c00822c 0fc72403 lw               x8, 252(x14)         x8=00000000 x14:10000440  PA:1000053c
16975213ns          288453 1c008230 428087b3 p.mac            x15, x1, x8         x15=00000000 x15:00000000  x1:0000004c  x8:00000000
16975233ns          288454 1c008234 13c72403 lw               x8, 316(x14)         x8=00000000 x14:10000440  PA:1000057c
16975292ns          288457 1c008238 428387b3 p.mac            x15, x7, x8         x15=00000000 x15:00000000  x7:000000b6  x8:00000000
16975312ns          288458 1c00823c 17c72403 lw               x8, 380(x14)         x8=00000000 x14:10000440  PA:100005bc
16975372ns          288461 1c008240 428287b3 p.mac            x15, x5, x8         x15=00000000 x15:00000000  x5:000000b7  x8:00000000
16975392ns          288462 1c008244 1bc72403 lw               x8, 444(x14)         x8=00000000 x14:10000440  PA:100005fc
16975451ns          288465 1c008248 428f87b3 p.mac            x15, x31, x8        x15=00000000 x15:00000000 x31:00000049  x8:00000000
16975471ns          288466 1c00824c 1fc72403 lw               x8, 508(x14)         x8=00000000 x14:10000440  PA:1000063c
16975531ns          288469 1c008250 428f07b3 p.mac            x15, x30, x8        x15=00000000 x15:00000000 x30:00000048  x8:00000000
16975551ns          288470 1c008254 23c72403 lw               x8, 572(x14)         x8=00000001 x14:10000440  PA:1000067c
16975610ns          288473 1c008258 428e87b3 p.mac            x15, x29, x8        x15=000000ba x15:00000000 x29:000000ba  x8:00000001
16975630ns          288474 1c00825c 27c72403 lw               x8, 636(x14)         x8=00000000 x14:10000440  PA:100006bc
16975690ns          288477 1c008260 428e07b3 p.mac            x15, x28, x8        x15=000000ba x15:000000ba x28:000000bb  x8:00000000
16975710ns          288478 1c008264 2bc72403 lw               x8, 700(x14)         x8=00000001 x14:10000440  PA:100006fc
16975770ns          288481 1c008268 428307b3 p.mac            x15, x6, x8         x15=000000ff x15:000000ba  x6:00000045  x8:00000001
16975789ns          288482 1c00826c 2fc72403 lw               x8, 764(x14)         x8=00000001 x14:10000440  PA:1000073c
16975849ns          288485 1c008270 428887b3 p.mac            x15, x17, x8        x15=00000143 x15:000000ff x17:00000044  x8:00000001
16975869ns          288486 1c008274 33c72403 lw               x8, 828(x14)         x8=00000000 x14:10000440  PA:1000077c
16975929ns          288489 1c008278 428807b3 p.mac            x15, x16, x8        x15=00000143 x15:00000143 x16:000000be  x8:00000000
16975949ns          288490 1c00827c 37c72403 lw               x8, 892(x14)         x8=00000001 x14:10000440  PA:100007bc
16976008ns          288493 1c008280 428507b3 p.mac            x15, x10, x8        x15=00000202 x15:00000143 x10:000000bf  x8:00000001
16976028ns          288494 1c008284 3bc72403 lw               x8, 956(x14)         x8=00000000 x14:10000440  PA:100007fc
16976068ns          288496 1c008288 428587b3 p.mac            x15, x11, x8        x15=00000202 x15:00000202 x11:00000041  x8:00000000
16976088ns          288497 1c00828c 00f6222b p.sw             x15, 4(x12!)        x12=10000b00 x15:00000202 x12:10000afc  PA:10000afc
16976108ns          288498 1c008210 0047278b p.lw             x15, 4(x14!)        x15=00000000 x14=10000444 x14:10000440  PA:10000440
16976167ns          288501 1c008214 03c72403 lw               x8, 60(x14)          x8=00000000 x14:10000444  PA:10000480
16976207ns          288503 1c008216 02fb87b3 mul              x15, x23, x15       x15=00000000 x23:00000050 x15:00000000
16976227ns          288504 1c00821a 428b07b3 p.mac            x15, x22, x8        x15=00000000 x15:00000000 x22:000000b2  x8:00000000
16976247ns          288505 1c00821e 07c72403 lw               x8, 124(x14)         x8=00000001 x14:10000444  PA:100004c0
16976307ns          288508 1c008220 428a87b3 p.mac            x15, x21, x8        x15=000000b3 x15:00000000 x21:000000b3  x8:00000001
16976327ns          288509 1c008224 0bc72403 lw               x8, 188(x14)         x8=00000001 x14:10000444  PA:10000500
16976386ns          288512 1c008228 428a07b3 p.mac            x15, x20, x8        x15=00000100 x15:000000b3 x20:0000004d  x8:00000001
16976406ns          288513 1c00822c 0fc72403 lw               x8, 252(x14)         x8=00000000 x14:10000444  PA:10000540
16976466ns          288516 1c008230 428087b3 p.mac            x15, x1, x8         x15=00000100 x15:00000100  x1:0000004c  x8:00000000
16976486ns          288517 1c008234 13c72403 lw               x8, 316(x14)         x8=00000000 x14:10000444  PA:10000580
16976545ns          288520 1c008238 428387b3 p.mac            x15, x7, x8         x15=00000100 x15:00000100  x7:000000b6  x8:00000000
16976565ns          288521 1c00823c 17c72403 lw               x8, 380(x14)         x8=00000000 x14:10000444  PA:100005c0
16976625ns          288524 1c008240 428287b3 p.mac            x15, x5, x8         x15=00000100 x15:00000100  x5:000000b7  x8:00000000
16976645ns          288525 1c008244 1bc72403 lw               x8, 444(x14)         x8=00000000 x14:10000444  PA:10000600
16976704ns          288528 1c008248 428f87b3 p.mac            x15, x31, x8        x15=00000100 x15:00000100 x31:00000049  x8:00000000
16976724ns          288529 1c00824c 1fc72403 lw               x8, 508(x14)         x8=00000000 x14:10000444  PA:10000640
16976784ns          288532 1c008250 428f07b3 p.mac            x15, x30, x8        x15=00000100 x15:00000100 x30:00000048  x8:00000000
16976804ns          288533 1c008254 23c72403 lw               x8, 572(x14)         x8=00000001 x14:10000444  PA:10000680
16976864ns          288536 1c008258 428e87b3 p.mac            x15, x29, x8        x15=000001ba x15:00000100 x29:000000ba  x8:00000001
16976883ns          288537 1c00825c 27c72403 lw               x8, 636(x14)         x8=00000000 x14:10000444  PA:100006c0
16976943ns          288540 1c008260 428e07b3 p.mac            x15, x28, x8        x15=000001ba x15:000001ba x28:000000bb  x8:00000000
16976963ns          288541 1c008264 2bc72403 lw               x8, 700(x14)         x8=00000001 x14:10000444  PA:10000700
16977023ns          288544 1c008268 428307b3 p.mac            x15, x6, x8         x15=000001ff x15:000001ba  x6:00000045  x8:00000001
16977043ns          288545 1c00826c 2fc72403 lw               x8, 764(x14)         x8=00000000 x14:10000444  PA:10000740
16977102ns          288548 1c008270 428887b3 p.mac            x15, x17, x8        x15=000001ff x15:000001ff x17:00000044  x8:00000000
16977122ns          288549 1c008274 33c72403 lw               x8, 828(x14)         x8=00000000 x14:10000444  PA:10000780
16977182ns          288552 1c008278 428807b3 p.mac            x15, x16, x8        x15=000001ff x15:000001ff x16:000000be  x8:00000000
16977202ns          288553 1c00827c 37c72403 lw               x8, 892(x14)         x8=00000000 x14:10000444  PA:100007c0
16977261ns          288556 1c008280 428507b3 p.mac            x15, x10, x8        x15=000001ff x15:000001ff x10:000000bf  x8:00000000
16977281ns          288557 1c008284 3bc72403 lw               x8, 956(x14)         x8=00000000 x14:10000444  PA:10000800
16977321ns          288559 1c008288 428587b3 p.mac            x15, x11, x8        x15=000001ff x15:000001ff x11:00000041  x8:00000000
16977341ns          288560 1c00828c 00f6222b p.sw             x15, 4(x12!)        x12=10000b04 x15:000001ff x12:10000b00  PA:10000b00
16977361ns          288561 1c008290 001c0c13 addi             x24, x24, 1         x24=0000000c x24:0000000b
16977381ns          288562 1c008292 100c4c33 p.exths          x24, x24, x0        x24=0000000c x24:0000000c
16977401ns          288563 1c008296 01800633 add              x12, x0, x24        x12=0000000c x24:0000000c
16977421ns          288564 1c008298 469010ef jal              x1, 7272             x1=1c00829c
16977838ns          288585 1c009f00 f14027f3 csrrs            x15, x0, 0xf14      x15=00000002
16977858ns          288586 1c009f04 01f00713 addi             x14, x0, 31         x14=0000001f
16977878ns          288587 1c009f06 ca5797b3 p.extractu       x15, x15, 5, 5      x15=00000000 x15:00000002
16977898ns          288588 1c009f0a 00e78863 beq              x15, x14, 16        x15:00000000 x14:0000001f
16977918ns          288589 1c009f0e 002047b7 lui              x15, 0x204000       x15=00204000
16977938ns          288590 1c009f12 20078793 addi             x15, x15, 512       x15=00204200 x15:00204000
16977958ns          288591 1c009f16 01c7e703 p.elw            x14, 28(x15)        x14=00010000 x15:00204200  PA:0020421c
16978097ns          288598 1c009f1a 00008067 jalr             x0, x1, 0            x1:1c00829c
16978137ns          288600 1c00829c 000900e7 jalr             x1, x18, 0           x1=1c00829e x18:1c009c32
16978196ns          288603 1c009c32 f14027f3 csrrs            x15, x0, 0xf14      x15=00000002
16978216ns          288604 1c009c36 f457b7b3 p.bclr           x15, x15, 26, 5     x15=00000002 x15:00000002
16978236ns          288605 1c009c3a 00079663 bne              x15, x0, 12         x15:00000002
16978296ns          288608 1c009c46 00008067 jalr             x0, x1, 0            x1:1c00829e
16978335ns          288610 1c00829e 08049363 bne              x9, x0, 134          x9:00000002
16978813ns          288634 1c008324 03c12083 lw               x1, 60(x2)           x1=1c009cdc  x2:10002358  PA:10002394
16978833ns          288635 1c008326 03812403 lw               x8, 56(x2)           x8=1c00110c  x2:10002358  PA:10002390
16978853ns          288636 1c008328 03412483 lw               x9, 52(x2)           x9=00000000  x2:10002358  PA:1000238c
16978873ns          288637 1c00832a 03012903 lw               x18, 48(x2)         x18=1a10b004  x2:10002358  PA:10002388
16978892ns          288638 1c00832c 02c12983 lw               x19, 44(x2)         x19=00000002  x2:10002358  PA:10002384
16978912ns          288639 1c00832e 02812a03 lw               x20, 40(x2)         x20=1c001110  x2:10002358  PA:10002380
16979310ns          288659 1c008330 02412a83 lw               x21, 36(x2)         x21=1c00a000  x2:10002358  PA:1000237c
16979330ns          288660 1c008332 02012b03 lw               x22, 32(x2)         x22=1c00a000  x2:10002358  PA:10002378
16979350ns          288661 1c008334 01c12b83 lw               x23, 28(x2)         x23=1c000000  x2:10002358  PA:10002374
16979370ns          288662 1c008336 01812c03 lw               x24, 24(x2)         x24=1c000000  x2:10002358  PA:10002370
16979390ns          288663 1c008338 01412c83 lw               x25, 20(x2)         x25=1c000000  x2:10002358  PA:1000236c
16979410ns          288664 1c00833a 01012d03 lw               x26, 16(x2)         x26=1c000000  x2:10002358  PA:10002368
16979429ns          288665 1c00833c 00c12d83 lw               x27, 12(x2)         x27=1c001104  x2:10002358  PA:10002364
16979449ns          288666 1c00833e 04010113 addi             x2, x2, 64           x2=10002398  x2:10002358
16979469ns          288667 1c008340 00008067 jalr             x0, x1, 0            x1:1c009cdc
16979509ns          288669 1c009cdc 00892683 lw               x13, 8(x18)         x13=0000118a x18:1a10b004  PA:1a10b00c
16979847ns          288686 1c009ce0 000a2703 lw               x14, 0(x20)         x14=00000001 x20:1c001110  PA:1c001110
16980225ns          288705 1c009ce4 00d12423 sw               x13, 8(x2)          x13:0000118a  x2:10002398  PA:100023a0
16980245ns          288706 1c009ce6 fc0706e3 beq              x14, x0, -52        x14:00000001
16980265ns          288707 1c009ce8 ffcda583 lw               x11, -4(x27)        x11=1c000040 x27:1c001104  PA:1c001100
16980563ns          288722 1c009cec 088d0513 addi             x10, x26, 136       x10=1c000088 x26:1c000000
16980722ns          288730 1c009cf0 dcffe0ef jal              x1, -4658            x1=1c009cf4
16981180ns          288753 1c008abe fc010113 addi             x2, x2, -64          x2=10002358  x2:10002398
16981637ns          288776 1c008ac0 02410313 addi             x6, x2, 36           x6=1000237c  x2:10002358
16981677ns          288778 1c008ac4 02c12423 sw               x12, 40(x2)         x12:0000000c  x2:10002358  PA:10002380
16981697ns          288779 1c008ac6 00a00633 add              x12, x0, x10        x12=1c000088 x10:1c000088
16981717ns          288780 1c008ac8 1c009537 lui              x10, 0x1c009000     x10=1c009000
16981737ns          288781 1c008acc 02b12223 sw               x11, 36(x2)         x11:1c000040  x2:10002358  PA:1000237c
16981757ns          288782 1c008ace 02d12623 sw               x13, 44(x2)         x13:0000118a  x2:10002358  PA:10002384
16982174ns          288803 1c008ad0 00200593 addi             x11, x0, 2          x11=00000002
16982194ns          288804 1c008ad2 006006b3 add              x13, x0, x6         x13=1000237c  x6:1000237c
16982214ns          288805 1c008ad4 a5250513 addi             x10, x10, -1454     x10=1c008a52 x10:1c009000
16982234ns          288806 1c008ad8 00112e23 sw               x1, 28(x2)           x1:1c009cf4  x2:10002358  PA:10002374
16982254ns          288807 1c008ada 02e12823 sw               x14, 48(x2)         x14:00000001  x2:10002358  PA:10002388
16982274ns          288808 1c008adc 02f12a23 sw               x15, 52(x2)         x15:00000002  x2:10002358  PA:1000238c
16982294ns          288809 1c008ade 03012c23 sw               x16, 56(x2)         x16:000000be  x2:10002358  PA:10002390
16982692ns          288829 1c008ae0 03112e23 sw               x17, 60(x2)         x17:00000044  x2:10002358  PA:10002394
16982711ns          288830 1c008ae2 00612623 sw               x6, 12(x2)           x6:1000237c  x2:10002358  PA:10002364
16982731ns          288831 1c008ae4 fbfff0ef jal              x1, -66              x1=1c008ae6
16982811ns          288835 1c008aa2 04a0006f jal              x0, 74             
16982851ns          288837 1c008aec ed010113 addi             x2, x2, -304         x2=10002228  x2:10002358
16982910ns          288840 1c008aee 12812423 sw               x8, 296(x2)          x8:1c00110c  x2:10002228  PA:10002350
16982930ns          288841 1c008af2 00000413 addi             x8, x0, 0            x8=00000000
16982950ns          288842 1c008af4 11612823 sw               x22, 272(x2)        x22:1c00a000  x2:10002228  PA:10002338
16982970ns          288843 1c008af8 11712623 sw               x23, 268(x2)        x23:1c000000  x2:10002228  PA:10002334
16982990ns          288844 1c008afc 11812423 sw               x24, 264(x2)        x24:1c000000  x2:10002228  PA:10002330
16983050ns          288847 1c008b00 11912223 sw               x25, 260(x2)        x25:1c000000  x2:10002228  PA:1000232c
16983089ns          288849 1c008b04 11a12023 sw               x26, 256(x2)        x26:1c000000  x2:10002228  PA:10002328
16983109ns          288850 1c008b08 0fb12e23 sw               x27, 252(x2)        x27:1c001104  x2:10002228  PA:10002324
16983129ns          288851 1c008b0a 12112623 sw               x1, 300(x2)          x1:1c008ae6  x2:10002228  PA:10002354
16983149ns          288852 1c008b0e 00800db3 add              x27, x0, x8         x27=00000000  x8:00000000
16983189ns          288854 1c008b10 12912223 sw               x9, 292(x2)          x9:00000000  x2:10002228  PA:1000234c
16983229ns          288856 1c008b14 13212023 sw               x18, 288(x2)        x18:1a10b004  x2:10002228  PA:10002348
16983248ns          288857 1c008b18 11312e23 sw               x19, 284(x2)        x19:00000002  x2:10002228  PA:10002344
16983268ns          288858 1c008b1c 11412c23 sw               x20, 280(x2)        x20:1c001110  x2:10002228  PA:10002340
16983328ns          288861 1c008b20 11512a23 sw               x21, 276(x2)        x21:1c00a000  x2:10002228  PA:1000233c
16983368ns          288863 1c008b24 00a00b33 add              x22, x0, x10        x22=1c008a52 x10:1c008a52
16983388ns          288864 1c008b26 00b00d33 add              x26, x0, x11        x26=00000002 x11:00000002
16983408ns          288865 1c008b28 00d00c33 add              x24, x0, x13        x24=1000237c x13:1000237c
16983428ns          288866 1c008b2a 1c000bb7 lui              x23, 0x1c000000     x23=1c000000
16983467ns          288868 1c008b2e 02410c93 addi             x25, x2, 36         x25=1000224c  x2:10002228
16983487ns          288869 1c008b32 00c00433 add              x8, x0, x12          x8=1c000088 x12:1c000088
16983507ns          288870 1c008b34 00044503 lbu              x10, 0(x8)          x10=0000003d  x8:1c000088  PA:1c000088
16983805ns          288885 1c008b38 00140413 addi             x8, x8, 1            x8=1c000089  x8:1c000088
16983825ns          288886 1c008b3a 00050e63 beq              x10, x0, 28         x10:0000003d
16983845ns          288887 1c008b3c 02500793 addi             x15, x0, 37         x15=00000025
16983865ns          288888 1c008b40 04f50863 beq              x10, x15, 80        x10:0000003d x15:00000025
16983885ns          288889 1c008b44 01a005b3 add              x11, x0, x26        x11=00000002 x26:00000002
16983905ns          288890 1c008b46 000b00e7 jalr             x1, x22, 0           x1=1c008b48 x22:1c008a52
16984422ns          288916 1c008a52 000026b7 lui              x13, 0x2000         x13=00002000
16984462ns          288918 1c008a54 f14027f3 csrrs            x15, x0, 0xf14      x15=00000002
16984482ns          288919 1c008a58 f8068693 addi             x13, x13, -128      x13=00001f80 x13:00002000
16984502ns          288920 1c008a5c 00379713 slli             x14, x15, 0x3       x14=00000010 x15:00000002
16984959ns          288943 1c008a60 00279793 slli             x15, x15, 0x2       x15=00000008 x15:00000002
16984979ns          288944 1c008a62 00d7f7b3 and              x15, x15, x13       x15=00000000 x15:00000008 x13:00001f80
16984999ns          288945 1c008a64 ee873733 p.bclr           x14, x14, 23, 8     x14=00000010 x14:00000010
16985019ns          288946 1c008a68 1a10f6b7 lui              x13, 0x1a10f000     x13=1a10f000
16985039ns          288947 1c008a6c 0ff57513 andi             x10, x10, 255       x10=0000003d x10:0000003d
16985476ns          288969 1c008a70 00d70733 add              x14, x14, x13       x14=1a10f010 x14:00000010 x13:1a10f000
16985516ns          288971 1c008a72 00a7e723 p.sw             x10, x0(x15)        x10:0000003d x15:00000000  PA:1a10f010
16985834ns          288987 1c008a76 00000513 addi             x10, x0, 0          x10=00000000
16985854ns          288988 1c008a78 00008067 jalr             x0, x1, 0            x1:1c008b48
16985894ns          288990 1c008b48 31f52563 p.beqimm         x10, 778            x10:00000000
16985914ns          288991 1c008b4c 001d8d93 addi             x27, x27, 1         x27=00000001 x27:00000000
16985934ns          288992 1c008b4e 00044503 lbu              x10, 0(x8)          x10=0000003d  x8:1c000089  PA:1c000089
16986232ns          289007 1c008b52 00140413 addi             x8, x8, 1            x8=1c00008a  x8:1c000089
16986252ns          289008 1c008b54 fe0514e3 bne              x10, x0, -24        x10:0000003d
16986312ns          289011 1c008b3c 02500793 addi             x15, x0, 37         x15=00000025
16986332ns          289012 1c008b40 04f50863 beq              x10, x15, 80        x10:0000003d x15:00000025
16986351ns          289013 1c008b44 01a005b3 add              x11, x0, x26        x11=00000002 x26:00000002
16986371ns          289014 1c008b46 000b00e7 jalr             x1, x22, 0           x1=1c008b48 x22:1c008a52
16986411ns          289016 1c008a52 000026b7 lui              x13, 0x2000         x13=00002000
16986431ns          289017 1c008a54 f14027f3 csrrs            x15, x0, 0xf14      x15=00000002
16986451ns          289018 1c008a58 f8068693 addi             x13, x13, -128      x13=00001f80 x13:00002000
16986471ns          289019 1c008a5c 00379713 slli             x14, x15, 0x3       x14=00000010 x15:00000002
16986491ns          289020 1c008a60 00279793 slli             x15, x15, 0x2       x15=00000008 x15:00000002
16986511ns          289021 1c008a62 00d7f7b3 and              x15, x15, x13       x15=00000000 x15:00000008 x13:00001f80
16986530ns          289022 1c008a64 ee873733 p.bclr           x14, x14, 23, 8     x14=00000010 x14:00000010
16986550ns          289023 1c008a68 1a10f6b7 lui              x13, 0x1a10f000     x13=1a10f000
16986570ns          289024 1c008a6c 0ff57513 andi             x10, x10, 255       x10=0000003d x10:0000003d
16986590ns          289025 1c008a70 00d70733 add              x14, x14, x13       x14=1a10f010 x14:00000010 x13:1a10f000
16986610ns          289026 1c008a72 00a7e723 p.sw             x10, x0(x15)        x10:0000003d x15:00000000  PA:1a10f010
16986928ns          289042 1c008a76 00000513 addi             x10, x0, 0          x10=00000000
16986948ns          289043 1c008a78 00008067 jalr             x0, x1, 0            x1:1c008b48
16986988ns          289045 1c008b48 31f52563 p.beqimm         x10, 778            x10:00000000
16987008ns          289046 1c008b4c 001d8d93 addi             x27, x27, 1         x27=00000002 x27:00000001
16987028ns          289047 1c008b4e 00044503 lbu              x10, 0(x8)          x10=00000020  x8:1c00008a  PA:1c00008a
16987326ns          289062 1c008b52 00140413 addi             x8, x8, 1            x8=1c00008b  x8:1c00008a
16987346ns          289063 1c008b54 fe0514e3 bne              x10, x0, -24        x10:00000020
16987406ns          289066 1c008b3c 02500793 addi             x15, x0, 37         x15=00000025
16987426ns          289067 1c008b40 04f50863 beq              x10, x15, 80        x10:00000020 x15:00000025
16987445ns          289068 1c008b44 01a005b3 add              x11, x0, x26        x11=00000002 x26:00000002
16987465ns          289069 1c008b46 000b00e7 jalr             x1, x22, 0           x1=1c008b48 x22:1c008a52
16987505ns          289071 1c008a52 000026b7 lui              x13, 0x2000         x13=00002000
16987525ns          289072 1c008a54 f14027f3 csrrs            x15, x0, 0xf14      x15=00000002
16987545ns          289073 1c008a58 f8068693 addi             x13, x13, -128      x13=00001f80 x13:00002000
16987565ns          289074 1c008a5c 00379713 slli             x14, x15, 0x3       x14=00000010 x15:00000002
16987585ns          289075 1c008a60 00279793 slli             x15, x15, 0x2       x15=00000008 x15:00000002
16987605ns          289076 1c008a62 00d7f7b3 and              x15, x15, x13       x15=00000000 x15:00000008 x13:00001f80
16987624ns          289077 1c008a64 ee873733 p.bclr           x14, x14, 23, 8     x14=00000010 x14:00000010
16987644ns          289078 1c008a68 1a10f6b7 lui              x13, 0x1a10f000     x13=1a10f000
16987664ns          289079 1c008a6c 0ff57513 andi             x10, x10, 255       x10=00000020 x10:00000020
16987684ns          289080 1c008a70 00d70733 add              x14, x14, x13       x14=1a10f010 x14:00000010 x13:1a10f000
16987704ns          289081 1c008a72 00a7e723 p.sw             x10, x0(x15)        x10:00000020 x15:00000000  PA:1a10f010
16988022ns          289097 1c008a76 00000513 addi             x10, x0, 0          x10=00000000
16988042ns          289098 1c008a78 00008067 jalr             x0, x1, 0            x1:1c008b48
16988082ns          289100 1c008b48 31f52563 p.beqimm         x10, 778            x10:00000000
16988102ns          289101 1c008b4c 001d8d93 addi             x27, x27, 1         x27=00000003 x27:00000002
16988122ns          289102 1c008b4e 00044503 lbu              x10, 0(x8)          x10=00000074  x8:1c00008b  PA:1c00008b
16988420ns          289117 1c008b52 00140413 addi             x8, x8, 1            x8=1c00008c  x8:1c00008b
16988440ns          289118 1c008b54 fe0514e3 bne              x10, x0, -24        x10:00000074
16988500ns          289121 1c008b3c 02500793 addi             x15, x0, 37         x15=00000025
16988520ns          289122 1c008b40 04f50863 beq              x10, x15, 80        x10:00000074 x15:00000025
16988539ns          289123 1c008b44 01a005b3 add              x11, x0, x26        x11=00000002 x26:00000002
16988559ns          289124 1c008b46 000b00e7 jalr             x1, x22, 0           x1=1c008b48 x22:1c008a52
16988599ns          289126 1c008a52 000026b7 lui              x13, 0x2000         x13=00002000
16988619ns          289127 1c008a54 f14027f3 csrrs            x15, x0, 0xf14      x15=00000002
16988639ns          289128 1c008a58 f8068693 addi             x13, x13, -128      x13=00001f80 x13:00002000
16988659ns          289129 1c008a5c 00379713 slli             x14, x15, 0x3       x14=00000010 x15:00000002
16988679ns          289130 1c008a60 00279793 slli             x15, x15, 0x2       x15=00000008 x15:00000002
16988699ns          289131 1c008a62 00d7f7b3 and              x15, x15, x13       x15=00000000 x15:00000008 x13:00001f80
16988718ns          289132 1c008a64 ee873733 p.bclr           x14, x14, 23, 8     x14=00000010 x14:00000010
16988738ns          289133 1c008a68 1a10f6b7 lui              x13, 0x1a10f000     x13=1a10f000
16988758ns          289134 1c008a6c 0ff57513 andi             x10, x10, 255       x10=00000074 x10:00000074
16988778ns          289135 1c008a70 00d70733 add              x14, x14, x13       x14=1a10f010 x14:00000010 x13:1a10f000
16988798ns          289136 1c008a72 00a7e723 p.sw             x10, x0(x15)        x10:00000074 x15:00000000  PA:1a10f010
16989116ns          289152 1c008a76 00000513 addi             x10, x0, 0          x10=00000000
16989136ns          289153 1c008a78 00008067 jalr             x0, x1, 0            x1:1c008b48
16989176ns          289155 1c008b48 31f52563 p.beqimm         x10, 778            x10:00000000
16989196ns          289156 1c008b4c 001d8d93 addi             x27, x27, 1         x27=00000004 x27:00000003
16989216ns          289157 1c008b4e 00044503 lbu              x10, 0(x8)          x10=00000065  x8:1c00008c  PA:1c00008c
16989514ns          289172 1c008b52 00140413 addi             x8, x8, 1            x8=1c00008d  x8:1c00008c
16989534ns          289173 1c008b54 fe0514e3 bne              x10, x0, -24        x10:00000065
16989594ns          289176 1c008b3c 02500793 addi             x15, x0, 37         x15=00000025
16989614ns          289177 1c008b40 04f50863 beq              x10, x15, 80        x10:00000065 x15:00000025
16989633ns          289178 1c008b44 01a005b3 add              x11, x0, x26        x11=00000002 x26:00000002
16989653ns          289179 1c008b46 000b00e7 jalr             x1, x22, 0           x1=1c008b48 x22:1c008a52
16989693ns          289181 1c008a52 000026b7 lui              x13, 0x2000         x13=00002000
16989713ns          289182 1c008a54 f14027f3 csrrs            x15, x0, 0xf14      x15=00000002
16989733ns          289183 1c008a58 f8068693 addi             x13, x13, -128      x13=00001f80 x13:00002000
16989753ns          289184 1c008a5c 00379713 slli             x14, x15, 0x3       x14=00000010 x15:00000002
16989773ns          289185 1c008a60 00279793 slli             x15, x15, 0x2       x15=00000008 x15:00000002
16989793ns          289186 1c008a62 00d7f7b3 and              x15, x15, x13       x15=00000000 x15:00000008 x13:00001f80
16989812ns          289187 1c008a64 ee873733 p.bclr           x14, x14, 23, 8     x14=00000010 x14:00000010
16989832ns          289188 1c008a68 1a10f6b7 lui              x13, 0x1a10f000     x13=1a10f000
16989852ns          289189 1c008a6c 0ff57513 andi             x10, x10, 255       x10=00000065 x10:00000065
16989872ns          289190 1c008a70 00d70733 add              x14, x14, x13       x14=1a10f010 x14:00000010 x13:1a10f000
16989892ns          289191 1c008a72 00a7e723 p.sw             x10, x0(x15)        x10:00000065 x15:00000000  PA:1a10f010
16990210ns          289207 1c008a76 00000513 addi             x10, x0, 0          x10=00000000
16990230ns          289208 1c008a78 00008067 jalr             x0, x1, 0            x1:1c008b48
16990270ns          289210 1c008b48 31f52563 p.beqimm         x10, 778            x10:00000000
16990290ns          289211 1c008b4c 001d8d93 addi             x27, x27, 1         x27=00000005 x27:00000004
16990310ns          289212 1c008b4e 00044503 lbu              x10, 0(x8)          x10=00000073  x8:1c00008d  PA:1c00008d
16990608ns          289227 1c008b52 00140413 addi             x8, x8, 1            x8=1c00008e  x8:1c00008d
16990628ns          289228 1c008b54 fe0514e3 bne              x10, x0, -24        x10:00000073
16990688ns          289231 1c008b3c 02500793 addi             x15, x0, 37         x15=00000025
16990708ns          289232 1c008b40 04f50863 beq              x10, x15, 80        x10:00000073 x15:00000025
16990727ns          289233 1c008b44 01a005b3 add              x11, x0, x26        x11=00000002 x26:00000002
16990747ns          289234 1c008b46 000b00e7 jalr             x1, x22, 0           x1=1c008b48 x22:1c008a52
16990787ns          289236 1c008a52 000026b7 lui              x13, 0x2000         x13=00002000
16990807ns          289237 1c008a54 f14027f3 csrrs            x15, x0, 0xf14      x15=00000002
16990827ns          289238 1c008a58 f8068693 addi             x13, x13, -128      x13=00001f80 x13:00002000
16990847ns          289239 1c008a5c 00379713 slli             x14, x15, 0x3       x14=00000010 x15:00000002
16990867ns          289240 1c008a60 00279793 slli             x15, x15, 0x2       x15=00000008 x15:00000002
16990887ns          289241 1c008a62 00d7f7b3 and              x15, x15, x13       x15=00000000 x15:00000008 x13:00001f80
16990906ns          289242 1c008a64 ee873733 p.bclr           x14, x14, 23, 8     x14=00000010 x14:00000010
16990926ns          289243 1c008a68 1a10f6b7 lui              x13, 0x1a10f000     x13=1a10f000
16990946ns          289244 1c008a6c 0ff57513 andi             x10, x10, 255       x10=00000073 x10:00000073
16990966ns          289245 1c008a70 00d70733 add              x14, x14, x13       x14=1a10f010 x14:00000010 x13:1a10f000
16990986ns          289246 1c008a72 00a7e723 p.sw             x10, x0(x15)        x10:00000073 x15:00000000  PA:1a10f010
16991304ns          289262 1c008a76 00000513 addi             x10, x0, 0          x10=00000000
16991324ns          289263 1c008a78 00008067 jalr             x0, x1, 0            x1:1c008b48
16991364ns          289265 1c008b48 31f52563 p.beqimm         x10, 778            x10:00000000
16991384ns          289266 1c008b4c 001d8d93 addi             x27, x27, 1         x27=00000006 x27:00000005
16991404ns          289267 1c008b4e 00044503 lbu              x10, 0(x8)          x10=00000074  x8:1c00008e  PA:1c00008e
16991702ns          289282 1c008b52 00140413 addi             x8, x8, 1            x8=1c00008f  x8:1c00008e
16991722ns          289283 1c008b54 fe0514e3 bne              x10, x0, -24        x10:00000074
16991782ns          289286 1c008b3c 02500793 addi             x15, x0, 37         x15=00000025
16991802ns          289287 1c008b40 04f50863 beq              x10, x15, 80        x10:00000074 x15:00000025
16991821ns          289288 1c008b44 01a005b3 add              x11, x0, x26        x11=00000002 x26:00000002
16991841ns          289289 1c008b46 000b00e7 jalr             x1, x22, 0           x1=1c008b48 x22:1c008a52
16991881ns          289291 1c008a52 000026b7 lui              x13, 0x2000         x13=00002000
16991901ns          289292 1c008a54 f14027f3 csrrs            x15, x0, 0xf14      x15=00000002
16991921ns          289293 1c008a58 f8068693 addi             x13, x13, -128      x13=00001f80 x13:00002000
16991941ns          289294 1c008a5c 00379713 slli             x14, x15, 0x3       x14=00000010 x15:00000002
16991961ns          289295 1c008a60 00279793 slli             x15, x15, 0x2       x15=00000008 x15:00000002
16991981ns          289296 1c008a62 00d7f7b3 and              x15, x15, x13       x15=00000000 x15:00000008 x13:00001f80
16992000ns          289297 1c008a64 ee873733 p.bclr           x14, x14, 23, 8     x14=00000010 x14:00000010
16992020ns          289298 1c008a68 1a10f6b7 lui              x13, 0x1a10f000     x13=1a10f000
16992040ns          289299 1c008a6c 0ff57513 andi             x10, x10, 255       x10=00000074 x10:00000074
16992060ns          289300 1c008a70 00d70733 add              x14, x14, x13       x14=1a10f010 x14:00000010 x13:1a10f000
16992080ns          289301 1c008a72 00a7e723 p.sw             x10, x0(x15)        x10:00000074 x15:00000000  PA:1a10f010
16992398ns          289317 1c008a76 00000513 addi             x10, x0, 0          x10=00000000
16992418ns          289318 1c008a78 00008067 jalr             x0, x1, 0            x1:1c008b48
16992458ns          289320 1c008b48 31f52563 p.beqimm         x10, 778            x10:00000000
16992478ns          289321 1c008b4c 001d8d93 addi             x27, x27, 1         x27=00000007 x27:00000006
16992498ns          289322 1c008b4e 00044503 lbu              x10, 0(x8)          x10=0000003a  x8:1c00008f  PA:1c00008f
16992816ns          289338 1c008b52 00140413 addi             x8, x8, 1            x8=1c000090  x8:1c00008f
16992836ns          289339 1c008b54 fe0514e3 bne              x10, x0, -24        x10:0000003a
16992896ns          289342 1c008b3c 02500793 addi             x15, x0, 37         x15=00000025
16992915ns          289343 1c008b40 04f50863 beq              x10, x15, 80        x10:0000003a x15:00000025
16992935ns          289344 1c008b44 01a005b3 add              x11, x0, x26        x11=00000002 x26:00000002
16992955ns          289345 1c008b46 000b00e7 jalr             x1, x22, 0           x1=1c008b48 x22:1c008a52
16992995ns          289347 1c008a52 000026b7 lui              x13, 0x2000         x13=00002000
16993015ns          289348 1c008a54 f14027f3 csrrs            x15, x0, 0xf14      x15=00000002
16993035ns          289349 1c008a58 f8068693 addi             x13, x13, -128      x13=00001f80 x13:00002000
16993055ns          289350 1c008a5c 00379713 slli             x14, x15, 0x3       x14=00000010 x15:00000002
16993075ns          289351 1c008a60 00279793 slli             x15, x15, 0x2       x15=00000008 x15:00000002
16993094ns          289352 1c008a62 00d7f7b3 and              x15, x15, x13       x15=00000000 x15:00000008 x13:00001f80
16993114ns          289353 1c008a64 ee873733 p.bclr           x14, x14, 23, 8     x14=00000010 x14:00000010
16993134ns          289354 1c008a68 1a10f6b7 lui              x13, 0x1a10f000     x13=1a10f000
16993154ns          289355 1c008a6c 0ff57513 andi             x10, x10, 255       x10=0000003a x10:0000003a
16993174ns          289356 1c008a70 00d70733 add              x14, x14, x13       x14=1a10f010 x14:00000010 x13:1a10f000
16993194ns          289357 1c008a72 00a7e723 p.sw             x10, x0(x15)        x10:0000003a x15:00000000  PA:1a10f010
16993512ns          289373 1c008a76 00000513 addi             x10, x0, 0          x10=00000000
16993532ns          289374 1c008a78 00008067 jalr             x0, x1, 0            x1:1c008b48
16993572ns          289376 1c008b48 31f52563 p.beqimm         x10, 778            x10:00000000
16993592ns          289377 1c008b4c 001d8d93 addi             x27, x27, 1         x27=00000008 x27:00000007
16993612ns          289378 1c008b4e 00044503 lbu              x10, 0(x8)          x10=00000020  x8:1c000090  PA:1c000090
16993910ns          289393 1c008b52 00140413 addi             x8, x8, 1            x8=1c000091  x8:1c000090
16993930ns          289394 1c008b54 fe0514e3 bne              x10, x0, -24        x10:00000020
16993990ns          289397 1c008b3c 02500793 addi             x15, x0, 37         x15=00000025
16994009ns          289398 1c008b40 04f50863 beq              x10, x15, 80        x10:00000020 x15:00000025
16994029ns          289399 1c008b44 01a005b3 add              x11, x0, x26        x11=00000002 x26:00000002
16994049ns          289400 1c008b46 000b00e7 jalr             x1, x22, 0           x1=1c008b48 x22:1c008a52
16994089ns          289402 1c008a52 000026b7 lui              x13, 0x2000         x13=00002000
16994109ns          289403 1c008a54 f14027f3 csrrs            x15, x0, 0xf14      x15=00000002
16994129ns          289404 1c008a58 f8068693 addi             x13, x13, -128      x13=00001f80 x13:00002000
16994149ns          289405 1c008a5c 00379713 slli             x14, x15, 0x3       x14=00000010 x15:00000002
16994169ns          289406 1c008a60 00279793 slli             x15, x15, 0x2       x15=00000008 x15:00000002
16994188ns          289407 1c008a62 00d7f7b3 and              x15, x15, x13       x15=00000000 x15:00000008 x13:00001f80
16994208ns          289408 1c008a64 ee873733 p.bclr           x14, x14, 23, 8     x14=00000010 x14:00000010
16994228ns          289409 1c008a68 1a10f6b7 lui              x13, 0x1a10f000     x13=1a10f000
16994248ns          289410 1c008a6c 0ff57513 andi             x10, x10, 255       x10=00000020 x10:00000020
16994268ns          289411 1c008a70 00d70733 add              x14, x14, x13       x14=1a10f010 x14:00000010 x13:1a10f000
16994288ns          289412 1c008a72 00a7e723 p.sw             x10, x0(x15)        x10:00000020 x15:00000000  PA:1a10f010
16994626ns          289429 1c008a76 00000513 addi             x10, x0, 0          x10=00000000
16994646ns          289430 1c008a78 00008067 jalr             x0, x1, 0            x1:1c008b48
16994686ns          289432 1c008b48 31f52563 p.beqimm         x10, 778            x10:00000000
16994706ns          289433 1c008b4c 001d8d93 addi             x27, x27, 1         x27=00000009 x27:00000008
16994725ns          289434 1c008b4e 00044503 lbu              x10, 0(x8)          x10=00000025  x8:1c000091  PA:1c000091
16995024ns          289449 1c008b52 00140413 addi             x8, x8, 1            x8=1c000092  x8:1c000091
16995044ns          289450 1c008b54 fe0514e3 bne              x10, x0, -24        x10:00000025
16995103ns          289453 1c008b3c 02500793 addi             x15, x0, 37         x15=00000025
16995123ns          289454 1c008b40 04f50863 beq              x10, x15, 80        x10:00000025 x15:00000025
16995223ns          289459 1c008b90 00044483 lbu              x9, 0(x8)            x9=00000073  x8:1c000092  PA:1c000092
16995541ns          289475 1c008b94 02000693 addi             x13, x0, 32         x13=00000020
16995561ns          289476 1c008b98 00140a93 addi             x21, x8, 1          x21=1c000093  x8:1c000092
16995581ns          289477 1c008b9c 009005b3 add              x11, x0, x9         x11=00000073  x9:00000073
16995740ns          289485 1c008b9e 05cb8513 addi             x10, x23, 92        x10=1c00005c x23:1c000000
16995760ns          289486 1c008ba2 00d12823 sw               x13, 16(x2)         x13:00000020  x2:10002228  PA:10002238
16995780ns          289487 1c008ba4 00012c23 sw               x0, 24(x2)           x2:10002228  PA:10002240
16995800ns          289488 1c008ba6 00012a23 sw               x0, 20(x2)           x2:10002228  PA:1000223c
16995819ns          289489 1c008ba8 00012e23 sw               x0, 28(x2)           x2:10002228  PA:10002244
16995839ns          289490 1c008baa 00012623 sw               x0, 12(x2)           x2:10002228  PA:10002234
16995859ns          289491 1c008bac 02300913 addi             x18, x0, 35         x18=00000023
16996257ns          289511 1c008bb0 02d00a13 addi             x20, x0, 45         x20=0000002d
16996297ns          289513 1c008bb4 015009b3 add              x19, x0, x21        x19=1c000093 x21:1c000093
16996317ns          289514 1c008bb6 e1dff0ef jal              x1, -484             x1=1c008bb8
16996834ns          289540 1c0089d2 00054783 lbu              x15, 0(x10)         x15=0000002d x10:1c00005c  PA:1c00005c
16997152ns          289556 1c0089d6 0ff5f593 andi             x11, x11, 255       x11=00000073 x11:00000073
16997172ns          289557 1c0089da 00b78c63 beq              x15, x11, 24        x15:0000002d x11:00000073
16997192ns          289558 1c0089de 00078b63 beq              x15, x0, 22         x15:0000002d
16997351ns          289566 1c0089e0 00150793 addi             x15, x10, 1         x15=1c00005d x10:1c00005c
16997391ns          289568 1c0089e4 0040006f jal              x0, 4              
16997431ns          289570 1c0089e8 00f00533 add              x10, x0, x15        x10=1c00005d x15:1c00005d
16997450ns          289571 1c0089ea 0017c70b p.lbu            x14, 1(x15!)        x14=0000002b x15=1c00005e x15:1c00005d  PA:1c00005d
16997928ns          289595 1c0089ee feb71ce3 bne              x14, x11, -8        x14:0000002b x11:00000073
16997988ns          289598 1c0089e6 00070763 beq              x14, x0, 14         x14:0000002b
16998007ns          289599 1c0089e8 00f00533 add              x10, x0, x15        x10=1c00005e x15:1c00005e
16998027ns          289600 1c0089ea 0017c70b p.lbu            x14, 1(x15!)        x14=00000020 x15=1c00005f x15:1c00005e  PA:1c00005e
16998346ns          289616 1c0089ee feb71ce3 bne              x14, x11, -8        x14:00000020 x11:00000073
16998405ns          289619 1c0089e6 00070763 beq              x14, x0, 14         x14:00000020
16998425ns          289620 1c0089e8 00f00533 add              x10, x0, x15        x10=1c00005f x15:1c00005f
16998445ns          289621 1c0089ea 0017c70b p.lbu            x14, 1(x15!)        x14=00000023 x15=1c000060 x15:1c00005f  PA:1c00005f
16998763ns          289637 1c0089ee feb71ce3 bne              x14, x11, -8        x14:00000023 x11:00000073
16998823ns          289640 1c0089e6 00070763 beq              x14, x0, 14         x14:00000023
16998843ns          289641 1c0089e8 00f00533 add              x10, x0, x15        x10=1c000060 x15:1c000060
16998863ns          289642 1c0089ea 0017c70b p.lbu            x14, 1(x15!)        x14=00000030 x15=1c000061 x15:1c000060  PA:1c000060
16999181ns          289658 1c0089ee feb71ce3 bne              x14, x11, -8        x14:00000030 x11:00000073
16999241ns          289661 1c0089e6 00070763 beq              x14, x0, 14         x14:00000030
16999261ns          289662 1c0089e8 00f00533 add              x10, x0, x15        x10=1c000061 x15:1c000061
16999280ns          289663 1c0089ea 0017c70b p.lbu            x14, 1(x15!)        x14=00000000 x15=1c000062 x15:1c000061  PA:1c000061
16999599ns          289679 1c0089ee feb71ce3 bne              x14, x11, -8        x14:00000000 x11:00000073
16999658ns          289682 1c0089e6 00070763 beq              x14, x0, 14         x14:00000000
16999718ns          289685 1c0089f4 0015b593 sltiu            x11, x11, 1         x11=00000000 x11:00000073
16999738ns          289686 1c0089f8 40b005b3 sub              x11, x0, x11        x11=00000000 x11:00000000
16999758ns          289687 1c0089fc 00b57533 and              x10, x10, x11       x10=00000000 x10:1c000061 x11:00000000
16999778ns          289688 1c0089fe 00008067 jalr             x0, x1, 0            x1:1c008bb8
17000235ns          289711 1c008bb8 02050a63 beq              x10, x0, 52         x10:00000000
17001150ns          289757 1c008bec 02a00613 addi             x12, x0, 42         x12=0000002a
17001608ns          289780 1c008bf0 2ac48663 beq              x9, x12, 684         x9:00000073 x12:0000002a
17001647ns          289782 1c008bf4 fd048613 addi             x12, x9, -48        x12=00000043  x9:00000073
17001667ns          289783 1c008bf8 00900593 addi             x11, x0, 9          x11=00000009
17001687ns          289784 1c008bfa 00000913 addi             x18, x0, 0          x18=00000000
17001707ns          289785 1c008bfc 28c5f063 bgeu             x11, x12, 640       x11:00000009 x12:00000043
17002145ns          289807 1c008c00 02e00693 addi             x13, x0, 46         x13=0000002e
17002184ns          289809 1c008c04 fff00a13 addi             x20, x0, -1         x20=ffffffff
17002204ns          289810 1c008c06 2ed48363 beq              x9, x13, 742         x9:00000073 x13:0000002e
17002224ns          289811 1c008c0a 1c0007b7 lui              x15, 0x1c000000     x15=1c000000
17002244ns          289812 1c008c0e 009005b3 add              x11, x0, x9         x11=00000073  x9:00000073
17002662ns          289833 1c008c10 06478513 addi             x10, x15, 100       x10=1c000064 x15:1c000000
17002702ns          289835 1c008c14 dbfff0ef jal              x1, -578             x1=1c008c16
17002761ns          289838 1c0089d2 00054783 lbu              x15, 0(x10)         x15=00000068 x10:1c000064  PA:1c000064
17003080ns          289854 1c0089d6 0ff5f593 andi             x11, x11, 255       x11=00000073 x11:00000073
17003099ns          289855 1c0089da 00b78c63 beq              x15, x11, 24        x15:00000068 x11:00000073
17003119ns          289856 1c0089de 00078b63 beq              x15, x0, 22         x15:00000068
17003139ns          289857 1c0089e0 00150793 addi             x15, x10, 1         x15=1c000065 x10:1c000064
17003159ns          289858 1c0089e4 0040006f jal              x0, 4              
17003199ns          289860 1c0089e8 00f00533 add              x10, x0, x15        x10=1c000065 x15:1c000065
17003219ns          289861 1c0089ea 0017c70b p.lbu            x14, 1(x15!)        x14=0000006c x15=1c000066 x15:1c000065  PA:1c000065
17003537ns          289877 1c0089ee feb71ce3 bne              x14, x11, -8        x14:0000006c x11:00000073
17003597ns          289880 1c0089e6 00070763 beq              x14, x0, 14         x14:0000006c
17003617ns          289881 1c0089e8 00f00533 add              x10, x0, x15        x10=1c000066 x15:1c000066
17003637ns          289882 1c0089ea 0017c70b p.lbu            x14, 1(x15!)        x14=0000004c x15=1c000067 x15:1c000066  PA:1c000066
17003955ns          289898 1c0089ee feb71ce3 bne              x14, x11, -8        x14:0000004c x11:00000073
17004014ns          289901 1c0089e6 00070763 beq              x14, x0, 14         x14:0000004c
17004034ns          289902 1c0089e8 00f00533 add              x10, x0, x15        x10=1c000067 x15:1c000067
17004054ns          289903 1c0089ea 0017c70b p.lbu            x14, 1(x15!)        x14=0000007a x15=1c000068 x15:1c000067  PA:1c000067
17004372ns          289919 1c0089ee feb71ce3 bne              x14, x11, -8        x14:0000007a x11:00000073
17004432ns          289922 1c0089e6 00070763 beq              x14, x0, 14         x14:0000007a
17004452ns          289923 1c0089e8 00f00533 add              x10, x0, x15        x10=1c000068 x15:1c000068
17004472ns          289924 1c0089ea 0017c70b p.lbu            x14, 1(x15!)        x14=00000000 x15=1c000069 x15:1c000068  PA:1c000068
17004810ns          289941 1c0089ee feb71ce3 bne              x14, x11, -8        x14:00000000 x11:00000073
17004870ns          289944 1c0089e6 00070763 beq              x14, x0, 14         x14:00000000
17004929ns          289947 1c0089f4 0015b593 sltiu            x11, x11, 1         x11=00000000 x11:00000073
17004949ns          289948 1c0089f8 40b005b3 sub              x11, x0, x11        x11=00000000 x11:00000000
17004969ns          289949 1c0089fc 00b57533 and              x10, x10, x11       x10=00000000 x10:1c000068 x11:00000000
17004989ns          289950 1c0089fe 00008067 jalr             x0, x1, 0            x1:1c008c16
17005029ns          289952 1c008c16 01300433 add              x8, x0, x19          x8=1c000093 x19:1c000093
17005049ns          289953 1c008c18 00050563 beq              x10, x0, 10         x10:00000000
17005566ns          289979 1c008c22 06700693 addi             x13, x0, 103        x13=00000067
17005586ns          289980 1c008c26 2896d963 bge              x13, x9, 658        x13:00000067  x9:00000073
17005606ns          289981 1c008c2a 07000693 addi             x13, x0, 112        x13=00000070
17006063ns          290004 1c008c2e 7cd48763 beq              x9, x13, 1998        x9:00000073 x13:00000070
17006103ns          290006 1c008c32 2e96d163 bge              x13, x9, 738        x13:00000070  x9:00000073
17006123ns          290007 1c008c36 07500693 addi             x13, x0, 117        x13=00000075
17006143ns          290008 1c008c3a 12d484e3 beq              x9, x13, 2344        x9:00000073 x13:00000075
17006580ns          290030 1c008c3e 07800693 addi             x13, x0, 120        x13=00000078
17006620ns          290032 1c008c42 06d48663 beq              x9, x13, 108         x9:00000073 x13:00000078
17006640ns          290033 1c008c46 07300693 addi             x13, x0, 115        x13=00000073
17006660ns          290034 1c008c4a 18d49ae3 bne              x9, x13, 2452        x9:00000073 x13:00000073
17007098ns          290056 1c008c4e 000c2583 lw               x11, 0(x24)         x11=1c000040 x24:1000237c  PA:1000237c
17007137ns          290058 1c008c52 004c0993 addi             x19, x24, 4         x19=10002380 x24:1000237c
17007157ns          290059 1c008c56 00b006b3 add              x13, x0, x11        x13=1c000040 x11:1c000040
17007177ns          290060 1c008c58 00000493 addi             x9, x0, 0            x9=00000000
17007197ns          290061 1c008c5a 0c8350fb lp.setupi        0x1, 0xc8, 0x6     
17007615ns          290082 1c008c5e 0016c70b p.lbu            x14, 1(x13!)        x14=0000004d x13=1c000041 x13:1c000040  PA:1c000040
17007953ns          290099 1c008c62 180705e3 beq              x14, x0, 2442       x14:0000004d
17007973ns          290100 1c008c66 00148493 addi             x9, x9, 1            x9=00000001  x9:00000000
17008012ns          290102 1c008c5e 0016c70b p.lbu            x14, 1(x13!)        x14=00000061 x13=1c000042 x13:1c000041  PA:1c000041
17008331ns          290118 1c008c62 180705e3 beq              x14, x0, 2442       x14:00000061
17008351ns          290119 1c008c66 00148493 addi             x9, x9, 1            x9=00000002  x9:00000001
17008371ns          290120 1c008c5e 0016c70b p.lbu            x14, 1(x13!)        x14=00000074 x13=1c000043 x13:1c000042  PA:1c000042
17008709ns          290137 1c008c62 180705e3 beq              x14, x0, 2442       x14:00000074
17008729ns          290138 1c008c66 00148493 addi             x9, x9, 1            x9=00000003  x9:00000002
17008748ns          290139 1c008c5e 0016c70b p.lbu            x14, 1(x13!)        x14=00000072 x13=1c000044 x13:1c000043  PA:1c000043
17009087ns          290156 1c008c62 180705e3 beq              x14, x0, 2442       x14:00000072
17009106ns          290157 1c008c66 00148493 addi             x9, x9, 1            x9=00000004  x9:00000003
17009126ns          290158 1c008c5e 0016c70b p.lbu            x14, 1(x13!)        x14=00000069 x13=1c000045 x13:1c000044  PA:1c000044
17009445ns          290174 1c008c62 180705e3 beq              x14, x0, 2442       x14:00000069
17009465ns          290175 1c008c66 00148493 addi             x9, x9, 1            x9=00000005  x9:00000004
17009484ns          290176 1c008c5e 0016c70b p.lbu            x14, 1(x13!)        x14=00000078 x13=1c000046 x13:1c000045  PA:1c000045
17009803ns          290192 1c008c62 180705e3 beq              x14, x0, 2442       x14:00000078
17009823ns          290193 1c008c66 00148493 addi             x9, x9, 1            x9=00000006  x9:00000005
17009842ns          290194 1c008c5e 0016c70b p.lbu            x14, 1(x13!)        x14=00000020 x13=1c000047 x13:1c000046  PA:1c000046
17010161ns          290210 1c008c62 180705e3 beq              x14, x0, 2442       x14:00000020
17010181ns          290211 1c008c66 00148493 addi             x9, x9, 1            x9=00000007  x9:00000006
17010200ns          290212 1c008c5e 0016c70b p.lbu            x14, 1(x13!)        x14=0000004d x13=1c000048 x13:1c000047  PA:1c000047
17010539ns          290229 1c008c62 180705e3 beq              x14, x0, 2442       x14:0000004d
17010558ns          290230 1c008c66 00148493 addi             x9, x9, 1            x9=00000008  x9:00000007
17010578ns          290231 1c008c5e 0016c70b p.lbu            x14, 1(x13!)        x14=00000075 x13=1c000049 x13:1c000048  PA:1c000048
17010897ns          290247 1c008c62 180705e3 beq              x14, x0, 2442       x14:00000075
17010917ns          290248 1c008c66 00148493 addi             x9, x9, 1            x9=00000009  x9:00000008
17010936ns          290249 1c008c5e 0016c70b p.lbu            x14, 1(x13!)        x14=0000006c x13=1c00004a x13:1c000049  PA:1c000049
17011275ns          290266 1c008c62 180705e3 beq              x14, x0, 2442       x14:0000006c
17011294ns          290267 1c008c66 00148493 addi             x9, x9, 1            x9=0000000a  x9:00000009
17011314ns          290268 1c008c5e 0016c70b p.lbu            x14, 1(x13!)        x14=00000074 x13=1c00004b x13:1c00004a  PA:1c00004a
17011652ns          290285 1c008c62 180705e3 beq              x14, x0, 2442       x14:00000074
17011672ns          290286 1c008c66 00148493 addi             x9, x9, 1            x9=0000000b  x9:0000000a
17011692ns          290287 1c008c5e 0016c70b p.lbu            x14, 1(x13!)        x14=00000069 x13=1c00004c x13:1c00004b  PA:1c00004b
17012011ns          290303 1c008c62 180705e3 beq              x14, x0, 2442       x14:00000069
17012030ns          290304 1c008c66 00148493 addi             x9, x9, 1            x9=0000000c  x9:0000000b
17012050ns          290305 1c008c5e 0016c70b p.lbu            x14, 1(x13!)        x14=00000070 x13=1c00004d x13:1c00004c  PA:1c00004c
17012369ns          290321 1c008c62 180705e3 beq              x14, x0, 2442       x14:00000070
17012388ns          290322 1c008c66 00148493 addi             x9, x9, 1            x9=0000000d  x9:0000000c
17012408ns          290323 1c008c5e 0016c70b p.lbu            x14, 1(x13!)        x14=0000006c x13=1c00004e x13:1c00004d  PA:1c00004d
17012766ns          290341 1c008c62 180705e3 beq              x14, x0, 2442       x14:0000006c
17012786ns          290342 1c008c66 00148493 addi             x9, x9, 1            x9=0000000e  x9:0000000d
17012806ns          290343 1c008c5e 0016c70b p.lbu            x14, 1(x13!)        x14=00000069 x13=1c00004f x13:1c00004e  PA:1c00004e
17013124ns          290359 1c008c62 180705e3 beq              x14, x0, 2442       x14:00000069
17013144ns          290360 1c008c66 00148493 addi             x9, x9, 1            x9=0000000f  x9:0000000e
17013164ns          290361 1c008c5e 0016c70b p.lbu            x14, 1(x13!)        x14=00000063 x13=1c000050 x13:1c00004f  PA:1c00004f
17013482ns          290377 1c008c62 180705e3 beq              x14, x0, 2442       x14:00000063
17013502ns          290378 1c008c66 00148493 addi             x9, x9, 1            x9=00000010  x9:0000000f
17013522ns          290379 1c008c5e 0016c70b p.lbu            x14, 1(x13!)        x14=00000061 x13=1c000051 x13:1c000050  PA:1c000050
17013840ns          290395 1c008c62 180705e3 beq              x14, x0, 2442       x14:00000061
17013860ns          290396 1c008c66 00148493 addi             x9, x9, 1            x9=00000011  x9:00000010
17013880ns          290397 1c008c5e 0016c70b p.lbu            x14, 1(x13!)        x14=00000074 x13=1c000052 x13:1c000051  PA:1c000051
17014218ns          290414 1c008c62 180705e3 beq              x14, x0, 2442       x14:00000074
17014238ns          290415 1c008c66 00148493 addi             x9, x9, 1            x9=00000012  x9:00000011
17014258ns          290416 1c008c5e 0016c70b p.lbu            x14, 1(x13!)        x14=00000069 x13=1c000053 x13:1c000052  PA:1c000052
17014576ns          290432 1c008c62 180705e3 beq              x14, x0, 2442       x14:00000069
17014596ns          290433 1c008c66 00148493 addi             x9, x9, 1            x9=00000013  x9:00000012
17014616ns          290434 1c008c5e 0016c70b p.lbu            x14, 1(x13!)        x14=0000006f x13=1c000054 x13:1c000053  PA:1c000053
17014934ns          290450 1c008c62 180705e3 beq              x14, x0, 2442       x14:0000006f
17014954ns          290451 1c008c66 00148493 addi             x9, x9, 1            x9=00000014  x9:00000013
17014974ns          290452 1c008c5e 0016c70b p.lbu            x14, 1(x13!)        x14=0000006e x13=1c000055 x13:1c000054  PA:1c000054
17015312ns          290469 1c008c62 180705e3 beq              x14, x0, 2442       x14:0000006e
17015332ns          290470 1c008c66 00148493 addi             x9, x9, 1            x9=00000015  x9:00000014
17015352ns          290471 1c008c5e 0016c70b p.lbu            x14, 1(x13!)        x14=00000000 x13=1c000056 x13:1c000055  PA:1c000055
17015670ns          290487 1c008c62 180705e3 beq              x14, x0, 2442       x14:00000000
17016148ns          290511 1c0095ec e80a5063 bge              x20, x0, -2432      x20:ffffffff
17016605ns          290534 1c0095f0 e80ff06f jal              x0, -2432          
17017083ns          290558 1c008c70 01300c33 add              x24, x0, x19        x24=10002380 x19:10002380
17017122ns          290560 1c008c72 ec0481e3 beq              x9, x0, -318         x9:00000015
17017142ns          290561 1c008c76 00900633 add              x12, x0, x9         x12=00000015  x9:00000015
17017162ns          290562 1c008c78 01900533 add              x10, x0, x25        x10=1000224c x25:1000224c
17017182ns          290563 1c008c7a 9e5ff0ef jal              x1, -1564            x1=1c008c7c
17018535ns          290631 1c00865e 00a5e7b3 or               x15, x11, x10       x15=1c00224c x11:1c000040 x10:1000224c
17018574ns          290633 1c008662 fa27b7b3 p.bclr           x15, x15, 29, 2     x15=00000000 x15:1c00224c
17018594ns          290634 1c008666 00a00833 add              x16, x0, x10        x16=1000224c x10:1000224c
17018614ns          290635 1c008668 10078163 beq              x15, x0, 258        x15:00000000
17019589ns          290684 1c00876a fa2637b3 p.bclr           x15, x12, 29, 2     x15=00000001 x12:00000015
17019609ns          290685 1c00876e f00791e3 bne              x15, x0, -254       x15:00000001
17020066ns          290708 1c008670 00458793 addi             x15, x11, 4         x15=1c000044 x11:1c000040
17020086ns          290709 1c008674 00450693 addi             x13, x10, 4         x13=10002250 x10:1000224c
17020106ns          290710 1c008678 04a7b7b3 p.sletu          x15, x15, x10       x15=00000000 x15:1c000044 x10:1000224c
17020126ns          290711 1c00867c 04b6b6b3 p.sletu          x13, x13, x11       x13=00000001 x13:10002250 x11:1c000040
17020564ns          290733 1c008680 00f00733 add              x14, x0, x15        x14=00000000 x15:00000000
17020583ns          290734 1c008682 00d007b3 add              x15, x0, x13        x15=00000001 x13:00000001
17020603ns          290735 1c008684 00e7e7b3 or               x15, x15, x14       x15=00000001 x15:00000001 x14:00000000
17020623ns          290736 1c008686 0ff7f793 andi             x15, x15, 255       x15=00000001 x15:00000001
17020643ns          290737 1c00868a 0c078963 beq              x15, x0, 210        x15:00000001
17020663ns          290738 1c00868c 00863793 sltiu            x15, x12, 8         x15=00000000 x12:00000015
17021081ns          290759 1c008690 0017c793 xori             x15, x15, 1         x15=00000001 x15:00000000
17021120ns          290761 1c008694 0ff7f793 andi             x15, x15, 255       x15=00000001 x15:00000001
17021140ns          290762 1c008698 0c078263 beq              x15, x0, 196        x15:00000001
17021160ns          290763 1c00869a 40b007b3 sub              x15, x0, x11        x15=e3ffffc0 x11:1c000040
17021598ns          290785 1c00869e fa27b7b3 p.bclr           x15, x15, 29, 2     x15=00000000 x15:e3ffffc0
17021638ns          290787 1c0086a2 fff60313 addi             x6, x12, -1          x6=00000014 x12:00000015
17021658ns          290788 1c0086a6 0e078163 beq              x15, x0, 226        x15:00000000
17022592ns          290835 1c008788 00b008b3 add              x17, x0, x11        x17=1c000040 x11:1c000040
17022612ns          290836 1c00878a 00a00833 add              x16, x0, x10        x16=1000224c x10:1000224c
17022632ns          290837 1c00878c 00c00333 add              x6, x0, x12          x6=00000015 x12:00000015
17022652ns          290838 1c00878e f5bff06f jal              x0, -166           
17023547ns          290883 1c0086e8 40f60633 sub              x12, x12, x15       x12=00000015 x12:00000015 x15:00000000
17023587ns          290885 1c0086ea 00265713 srli             x14, x12, 0x2       x14=00000005 x12:00000015
17024025ns          290907 1c0086ee 00f506b3 add              x13, x10, x15       x13=1000224c x10:1000224c x15:00000000
17024044ns          290908 1c0086f2 00f585b3 add              x11, x11, x15       x11=1c000040 x11:1c000040 x15:00000000
17024064ns          290909 1c0086f4 08070f63 beq              x14, x0, 158        x14:00000005
17024084ns          290910 1c0086f6 004740fb lp.setup         0x1, x14, 0x4       x14:00000005
17024104ns          290911 1c0086fa 0045a78b p.lw             x15, 4(x11!)        x15=7274614d x11=1c000044 x11:1c000040  PA:1c000040
17024562ns          290934 1c0086fe 00f6a22b p.sw             x15, 4(x13!)        x13=10002250 x15:7274614d x13:1000224c  PA:1000224c
17024621ns          290937 1c0086fa 0045a78b p.lw             x15, 4(x11!)        x15=4d207869 x11=1c000048 x11:1c000044  PA:1c000044
17024959ns          290954 1c0086fe 00f6a22b p.sw             x15, 4(x13!)        x13=10002254 x15:4d207869 x13:10002250  PA:10002250
17024979ns          290955 1c0086fa 0045a78b p.lw             x15, 4(x11!)        x15=69746c75 x11=1c00004c x11:1c000048  PA:1c000048
17025298ns          290971 1c0086fe 00f6a22b p.sw             x15, 4(x13!)        x13=10002258 x15:69746c75 x13:10002254  PA:10002254
17025317ns          290972 1c0086fa 0045a78b p.lw             x15, 4(x11!)        x15=63696c70 x11=1c000050 x11:1c00004c  PA:1c00004c
17025636ns          290988 1c0086fe 00f6a22b p.sw             x15, 4(x13!)        x13=1000225c x15:63696c70 x13:10002258  PA:10002258
17025656ns          290989 1c0086fa 0045a78b p.lw             x15, 4(x11!)        x15=6f697461 x11=1c000054 x11:1c000050  PA:1c000050
17025974ns          291005 1c0086fe 00f6a22b p.sw             x15, 4(x13!)        x13=10002260 x15:6f697461 x13:1000225c  PA:1000225c
17025994ns          291006 1c008702 c20635b3 p.bclr           x11, x12, 1, 0      x11=00000014 x12:00000015
17026014ns          291007 1c008706 40b306b3 sub              x13, x6, x11        x13=00000001  x6:00000015 x11:00000014
17026034ns          291008 1c00870a 00b807b3 add              x15, x16, x11       x15=10002260 x16:1000224c x11:00000014
17026471ns          291030 1c00870e 00b88733 add              x14, x17, x11       x14=1c000054 x17:1c000040 x11:00000014
17026511ns          291032 1c008712 04b60b63 beq              x12, x11, 86        x12:00000015 x11:00000014
17026531ns          291033 1c008716 00074603 lbu              x12, 0(x14)         x12=0000006e x14:1c000054  PA:1c000054
17026849ns          291049 1c00871a 00c78023 sb               x12, 0(x15)         x12:0000006e x15:10002260  PA:10002260
17026988ns          291056 1c00871e 0416a563 p.beqimm         x13, 74             x13:00000001
17027048ns          291059 1c008768 00008067 jalr             x0, x1, 0            x1:1c008c7c
17027127ns          291063 1c008c7c 01300c33 add              x24, x0, x19        x24=10002380 x19:10002380
17027167ns          291065 1c008c7e 1b24db63 bge              x9, x18, 438         x9:00000015 x18:00000000
17027645ns          291089 1c008e34 01900933 add              x18, x0, x25        x18=1000224c x25:1000224c
17027684ns          291091 1c008e36 419d8db3 sub              x27, x27, x25       x27=efffddbd x27:00000009 x25:1000224c
17027704ns          291092 1c008e3a 00a0006f jal              x0, 10             
17028182ns          291116 1c008e44 0019450b p.lbu            x10, 1(x18!)        x10=0000004d x18=1000224d x18:1000224c  PA:1000224c
17028202ns          291117 1c008e48 01a005b3 add              x11, x0, x26        x11=00000002 x26:00000002
17028221ns          291118 1c008e4a 000b00e7 jalr             x1, x22, 0           x1=1c008e4c x22:1c008a52
17028719ns          291143 1c008a52 000026b7 lui              x13, 0x2000         x13=00002000
17028739ns          291144 1c008a54 f14027f3 csrrs            x15, x0, 0xf14      x15=00000002
17028759ns          291145 1c008a58 f8068693 addi             x13, x13, -128      x13=00001f80 x13:00002000
17028778ns          291146 1c008a5c 00379713 slli             x14, x15, 0x3       x14=00000010 x15:00000002
17028838ns          291149 1c008a60 00279793 slli             x15, x15, 0x2       x15=00000008 x15:00000002
17028858ns          291150 1c008a62 00d7f7b3 and              x15, x15, x13       x15=00000000 x15:00000008 x13:00001f80
17028878ns          291151 1c008a64 ee873733 p.bclr           x14, x14, 23, 8     x14=00000010 x14:00000010
17028898ns          291152 1c008a68 1a10f6b7 lui              x13, 0x1a10f000     x13=1a10f000
17028918ns          291153 1c008a6c 0ff57513 andi             x10, x10, 255       x10=0000004d x10:0000004d
17028977ns          291156 1c008a70 00d70733 add              x14, x14, x13       x14=1a10f010 x14:00000010 x13:1a10f000
17029017ns          291158 1c008a72 00a7e723 p.sw             x10, x0(x15)        x10:0000004d x15:00000000  PA:1a10f010
17029335ns          291174 1c008a76 00000513 addi             x10, x0, 0          x10=00000000
17029355ns          291175 1c008a78 00008067 jalr             x0, x1, 0            x1:1c008e4c
17029534ns          291184 1c008e4c fff48493 addi             x9, x9, -1           x9=00000014  x9:00000015
17029554ns          291185 1c008e4e fff537e3 p.bneimm         x10, -18            x10:00000000
17029614ns          291188 1c008e3c 012d8733 add              x14, x27, x18       x14=0000000a x27:efffddbd x18:1000224d
17029634ns          291189 1c008e40 5a048b63 beq              x9, x0, 1462         x9:00000014
17029654ns          291190 1c008e44 0019450b p.lbu            x10, 1(x18!)        x10=00000061 x18=1000224e x18:1000224d  PA:1000224d
17029674ns          291191 1c008e48 01a005b3 add              x11, x0, x26        x11=00000002 x26:00000002
17029693ns          291192 1c008e4a 000b00e7 jalr             x1, x22, 0           x1=1c008e4c x22:1c008a52
17029733ns          291194 1c008a52 000026b7 lui              x13, 0x2000         x13=00002000
17029753ns          291195 1c008a54 f14027f3 csrrs            x15, x0, 0xf14      x15=00000002
17029773ns          291196 1c008a58 f8068693 addi             x13, x13, -128      x13=00001f80 x13:00002000
17029793ns          291197 1c008a5c 00379713 slli             x14, x15, 0x3       x14=00000010 x15:00000002
17029813ns          291198 1c008a60 00279793 slli             x15, x15, 0x2       x15=00000008 x15:00000002
17029833ns          291199 1c008a62 00d7f7b3 and              x15, x15, x13       x15=00000000 x15:00000008 x13:00001f80
17029853ns          291200 1c008a64 ee873733 p.bclr           x14, x14, 23, 8     x14=00000010 x14:00000010
17029872ns          291201 1c008a68 1a10f6b7 lui              x13, 0x1a10f000     x13=1a10f000
17029892ns          291202 1c008a6c 0ff57513 andi             x10, x10, 255       x10=00000061 x10:00000061
17029912ns          291203 1c008a70 00d70733 add              x14, x14, x13       x14=1a10f010 x14:00000010 x13:1a10f000
17029932ns          291204 1c008a72 00a7e723 p.sw             x10, x0(x15)        x10:00000061 x15:00000000  PA:1a10f010
17030250ns          291220 1c008a76 00000513 addi             x10, x0, 0          x10=00000000
17030270ns          291221 1c008a78 00008067 jalr             x0, x1, 0            x1:1c008e4c
17030310ns          291223 1c008e4c fff48493 addi             x9, x9, -1           x9=00000013  x9:00000014
17030330ns          291224 1c008e4e fff537e3 p.bneimm         x10, -18            x10:00000000
17030390ns          291227 1c008e3c 012d8733 add              x14, x27, x18       x14=0000000b x27:efffddbd x18:1000224e
17030409ns          291228 1c008e40 5a048b63 beq              x9, x0, 1462         x9:00000013
17030429ns          291229 1c008e44 0019450b p.lbu            x10, 1(x18!)        x10=00000074 x18=1000224f x18:1000224e  PA:1000224e
17030449ns          291230 1c008e48 01a005b3 add              x11, x0, x26        x11=00000002 x26:00000002
17030469ns          291231 1c008e4a 000b00e7 jalr             x1, x22, 0           x1=1c008e4c x22:1c008a52
17030509ns          291233 1c008a52 000026b7 lui              x13, 0x2000         x13=00002000
17030529ns          291234 1c008a54 f14027f3 csrrs            x15, x0, 0xf14      x15=00000002
17030549ns          291235 1c008a58 f8068693 addi             x13, x13, -128      x13=00001f80 x13:00002000
17030569ns          291236 1c008a5c 00379713 slli             x14, x15, 0x3       x14=00000010 x15:00000002
17030588ns          291237 1c008a60 00279793 slli             x15, x15, 0x2       x15=00000008 x15:00000002
17030608ns          291238 1c008a62 00d7f7b3 and              x15, x15, x13       x15=00000000 x15:00000008 x13:00001f80
17030628ns          291239 1c008a64 ee873733 p.bclr           x14, x14, 23, 8     x14=00000010 x14:00000010
17030648ns          291240 1c008a68 1a10f6b7 lui              x13, 0x1a10f000     x13=1a10f000
17030668ns          291241 1c008a6c 0ff57513 andi             x10, x10, 255       x10=00000074 x10:00000074
17030688ns          291242 1c008a70 00d70733 add              x14, x14, x13       x14=1a10f010 x14:00000010 x13:1a10f000
17030708ns          291243 1c008a72 00a7e723 p.sw             x10, x0(x15)        x10:00000074 x15:00000000  PA:1a10f010
17031026ns          291259 1c008a76 00000513 addi             x10, x0, 0          x10=00000000
17031046ns          291260 1c008a78 00008067 jalr             x0, x1, 0            x1:1c008e4c
17031086ns          291262 1c008e4c fff48493 addi             x9, x9, -1           x9=00000012  x9:00000013
17031106ns          291263 1c008e4e fff537e3 p.bneimm         x10, -18            x10:00000000
17031165ns          291266 1c008e3c 012d8733 add              x14, x27, x18       x14=0000000c x27:efffddbd x18:1000224f
17031185ns          291267 1c008e40 5a048b63 beq              x9, x0, 1462         x9:00000012
17031205ns          291268 1c008e44 0019450b p.lbu            x10, 1(x18!)        x10=00000072 x18=10002250 x18:1000224f  PA:1000224f
17031225ns          291269 1c008e48 01a005b3 add              x11, x0, x26        x11=00000002 x26:00000002
17031245ns          291270 1c008e4a 000b00e7 jalr             x1, x22, 0           x1=1c008e4c x22:1c008a52
17031285ns          291272 1c008a52 000026b7 lui              x13, 0x2000         x13=00002000
17031305ns          291273 1c008a54 f14027f3 csrrs            x15, x0, 0xf14      x15=00000002
17031324ns          291274 1c008a58 f8068693 addi             x13, x13, -128      x13=00001f80 x13:00002000
17031344ns          291275 1c008a5c 00379713 slli             x14, x15, 0x3       x14=00000010 x15:00000002
17031364ns          291276 1c008a60 00279793 slli             x15, x15, 0x2       x15=00000008 x15:00000002
17031384ns          291277 1c008a62 00d7f7b3 and              x15, x15, x13       x15=00000000 x15:00000008 x13:00001f80
17031404ns          291278 1c008a64 ee873733 p.bclr           x14, x14, 23, 8     x14=00000010 x14:00000010
17031424ns          291279 1c008a68 1a10f6b7 lui              x13, 0x1a10f000     x13=1a10f000
17031444ns          291280 1c008a6c 0ff57513 andi             x10, x10, 255       x10=00000072 x10:00000072
17031464ns          291281 1c008a70 00d70733 add              x14, x14, x13       x14=1a10f010 x14:00000010 x13:1a10f000
17031484ns          291282 1c008a72 00a7e723 p.sw             x10, x0(x15)        x10:00000072 x15:00000000  PA:1a10f010
17031802ns          291298 1c008a76 00000513 addi             x10, x0, 0          x10=00000000
17031822ns          291299 1c008a78 00008067 jalr             x0, x1, 0            x1:1c008e4c
17031861ns          291301 1c008e4c fff48493 addi             x9, x9, -1           x9=00000011  x9:00000012
17031881ns          291302 1c008e4e fff537e3 p.bneimm         x10, -18            x10:00000000
17031941ns          291305 1c008e3c 012d8733 add              x14, x27, x18       x14=0000000d x27:efffddbd x18:10002250
17031961ns          291306 1c008e40 5a048b63 beq              x9, x0, 1462         x9:00000011
17031981ns          291307 1c008e44 0019450b p.lbu            x10, 1(x18!)        x10=00000069 x18=10002251 x18:10002250  PA:10002250
17032001ns          291308 1c008e48 01a005b3 add              x11, x0, x26        x11=00000002 x26:00000002
17032021ns          291309 1c008e4a 000b00e7 jalr             x1, x22, 0           x1=1c008e4c x22:1c008a52
17032060ns          291311 1c008a52 000026b7 lui              x13, 0x2000         x13=00002000
17032080ns          291312 1c008a54 f14027f3 csrrs            x15, x0, 0xf14      x15=00000002
17032100ns          291313 1c008a58 f8068693 addi             x13, x13, -128      x13=00001f80 x13:00002000
17032120ns          291314 1c008a5c 00379713 slli             x14, x15, 0x3       x14=00000010 x15:00000002
17032140ns          291315 1c008a60 00279793 slli             x15, x15, 0x2       x15=00000008 x15:00000002
17032160ns          291316 1c008a62 00d7f7b3 and              x15, x15, x13       x15=00000000 x15:00000008 x13:00001f80
17032180ns          291317 1c008a64 ee873733 p.bclr           x14, x14, 23, 8     x14=00000010 x14:00000010
17032200ns          291318 1c008a68 1a10f6b7 lui              x13, 0x1a10f000     x13=1a10f000
17032220ns          291319 1c008a6c 0ff57513 andi             x10, x10, 255       x10=00000069 x10:00000069
17032239ns          291320 1c008a70 00d70733 add              x14, x14, x13       x14=1a10f010 x14:00000010 x13:1a10f000
17032259ns          291321 1c008a72 00a7e723 p.sw             x10, x0(x15)        x10:00000069 x15:00000000  PA:1a10f010
17032578ns          291337 1c008a76 00000513 addi             x10, x0, 0          x10=00000000
17032597ns          291338 1c008a78 00008067 jalr             x0, x1, 0            x1:1c008e4c
17032637ns          291340 1c008e4c fff48493 addi             x9, x9, -1           x9=00000010  x9:00000011
17032657ns          291341 1c008e4e fff537e3 p.bneimm         x10, -18            x10:00000000
17032717ns          291344 1c008e3c 012d8733 add              x14, x27, x18       x14=0000000e x27:efffddbd x18:10002251
17032737ns          291345 1c008e40 5a048b63 beq              x9, x0, 1462         x9:00000010
17032757ns          291346 1c008e44 0019450b p.lbu            x10, 1(x18!)        x10=00000078 x18=10002252 x18:10002251  PA:10002251
17032776ns          291347 1c008e48 01a005b3 add              x11, x0, x26        x11=00000002 x26:00000002
17032796ns          291348 1c008e4a 000b00e7 jalr             x1, x22, 0           x1=1c008e4c x22:1c008a52
17032836ns          291350 1c008a52 000026b7 lui              x13, 0x2000         x13=00002000
17032856ns          291351 1c008a54 f14027f3 csrrs            x15, x0, 0xf14      x15=00000002
17032876ns          291352 1c008a58 f8068693 addi             x13, x13, -128      x13=00001f80 x13:00002000
17032896ns          291353 1c008a5c 00379713 slli             x14, x15, 0x3       x14=00000010 x15:00000002
17032916ns          291354 1c008a60 00279793 slli             x15, x15, 0x2       x15=00000008 x15:00000002
17032936ns          291355 1c008a62 00d7f7b3 and              x15, x15, x13       x15=00000000 x15:00000008 x13:00001f80
17032955ns          291356 1c008a64 ee873733 p.bclr           x14, x14, 23, 8     x14=00000010 x14:00000010
17032975ns          291357 1c008a68 1a10f6b7 lui              x13, 0x1a10f000     x13=1a10f000
17032995ns          291358 1c008a6c 0ff57513 andi             x10, x10, 255       x10=00000078 x10:00000078
17033015ns          291359 1c008a70 00d70733 add              x14, x14, x13       x14=1a10f010 x14:00000010 x13:1a10f000
17033035ns          291360 1c008a72 00a7e723 p.sw             x10, x0(x15)        x10:00000078 x15:00000000  PA:1a10f010
17033353ns          291376 1c008a76 00000513 addi             x10, x0, 0          x10=00000000
17033373ns          291377 1c008a78 00008067 jalr             x0, x1, 0            x1:1c008e4c
17033413ns          291379 1c008e4c fff48493 addi             x9, x9, -1           x9=0000000f  x9:00000010
17033433ns          291380 1c008e4e fff537e3 p.bneimm         x10, -18            x10:00000000
17033493ns          291383 1c008e3c 012d8733 add              x14, x27, x18       x14=0000000f x27:efffddbd x18:10002252
17033512ns          291384 1c008e40 5a048b63 beq              x9, x0, 1462         x9:0000000f
17033532ns          291385 1c008e44 0019450b p.lbu            x10, 1(x18!)        x10=00000020 x18=10002253 x18:10002252  PA:10002252
17033552ns          291386 1c008e48 01a005b3 add              x11, x0, x26        x11=00000002 x26:00000002
17033572ns          291387 1c008e4a 000b00e7 jalr             x1, x22, 0           x1=1c008e4c x22:1c008a52
17033612ns          291389 1c008a52 000026b7 lui              x13, 0x2000         x13=00002000
17033632ns          291390 1c008a54 f14027f3 csrrs            x15, x0, 0xf14      x15=00000002
17033652ns          291391 1c008a58 f8068693 addi             x13, x13, -128      x13=00001f80 x13:00002000
17033672ns          291392 1c008a5c 00379713 slli             x14, x15, 0x3       x14=00000010 x15:00000002
17033691ns          291393 1c008a60 00279793 slli             x15, x15, 0x2       x15=00000008 x15:00000002
17033711ns          291394 1c008a62 00d7f7b3 and              x15, x15, x13       x15=00000000 x15:00000008 x13:00001f80
17033731ns          291395 1c008a64 ee873733 p.bclr           x14, x14, 23, 8     x14=00000010 x14:00000010
17033751ns          291396 1c008a68 1a10f6b7 lui              x13, 0x1a10f000     x13=1a10f000
17033771ns          291397 1c008a6c 0ff57513 andi             x10, x10, 255       x10=00000020 x10:00000020
17033791ns          291398 1c008a70 00d70733 add              x14, x14, x13       x14=1a10f010 x14:00000010 x13:1a10f000
17033811ns          291399 1c008a72 00a7e723 p.sw             x10, x0(x15)        x10:00000020 x15:00000000  PA:1a10f010
17034129ns          291415 1c008a76 00000513 addi             x10, x0, 0          x10=00000000
17034149ns          291416 1c008a78 00008067 jalr             x0, x1, 0            x1:1c008e4c
17034189ns          291418 1c008e4c fff48493 addi             x9, x9, -1           x9=0000000e  x9:0000000f
17034209ns          291419 1c008e4e fff537e3 p.bneimm         x10, -18            x10:00000000
17034268ns          291422 1c008e3c 012d8733 add              x14, x27, x18       x14=00000010 x27:efffddbd x18:10002253
17034288ns          291423 1c008e40 5a048b63 beq              x9, x0, 1462         x9:0000000e
17034308ns          291424 1c008e44 0019450b p.lbu            x10, 1(x18!)        x10=0000004d x18=10002254 x18:10002253  PA:10002253
17034328ns          291425 1c008e48 01a005b3 add              x11, x0, x26        x11=00000002 x26:00000002
17034348ns          291426 1c008e4a 000b00e7 jalr             x1, x22, 0           x1=1c008e4c x22:1c008a52
17034388ns          291428 1c008a52 000026b7 lui              x13, 0x2000         x13=00002000
17034408ns          291429 1c008a54 f14027f3 csrrs            x15, x0, 0xf14      x15=00000002
17034427ns          291430 1c008a58 f8068693 addi             x13, x13, -128      x13=00001f80 x13:00002000
17034447ns          291431 1c008a5c 00379713 slli             x14, x15, 0x3       x14=00000010 x15:00000002
17034467ns          291432 1c008a60 00279793 slli             x15, x15, 0x2       x15=00000008 x15:00000002
17034487ns          291433 1c008a62 00d7f7b3 and              x15, x15, x13       x15=00000000 x15:00000008 x13:00001f80
17034507ns          291434 1c008a64 ee873733 p.bclr           x14, x14, 23, 8     x14=00000010 x14:00000010
17034527ns          291435 1c008a68 1a10f6b7 lui              x13, 0x1a10f000     x13=1a10f000
17034547ns          291436 1c008a6c 0ff57513 andi             x10, x10, 255       x10=0000004d x10:0000004d
17034567ns          291437 1c008a70 00d70733 add              x14, x14, x13       x14=1a10f010 x14:00000010 x13:1a10f000
17034587ns          291438 1c008a72 00a7e723 p.sw             x10, x0(x15)        x10:0000004d x15:00000000  PA:1a10f010
17034905ns          291454 1c008a76 00000513 addi             x10, x0, 0          x10=00000000
17034925ns          291455 1c008a78 00008067 jalr             x0, x1, 0            x1:1c008e4c
17034964ns          291457 1c008e4c fff48493 addi             x9, x9, -1           x9=0000000d  x9:0000000e
17034984ns          291458 1c008e4e fff537e3 p.bneimm         x10, -18            x10:00000000
17035044ns          291461 1c008e3c 012d8733 add              x14, x27, x18       x14=00000011 x27:efffddbd x18:10002254
17035064ns          291462 1c008e40 5a048b63 beq              x9, x0, 1462         x9:0000000d
17035084ns          291463 1c008e44 0019450b p.lbu            x10, 1(x18!)        x10=00000075 x18=10002255 x18:10002254  PA:10002254
17035104ns          291464 1c008e48 01a005b3 add              x11, x0, x26        x11=00000002 x26:00000002
17035124ns          291465 1c008e4a 000b00e7 jalr             x1, x22, 0           x1=1c008e4c x22:1c008a52
17035163ns          291467 1c008a52 000026b7 lui              x13, 0x2000         x13=00002000
17035183ns          291468 1c008a54 f14027f3 csrrs            x15, x0, 0xf14      x15=00000002
17035203ns          291469 1c008a58 f8068693 addi             x13, x13, -128      x13=00001f80 x13:00002000
17035223ns          291470 1c008a5c 00379713 slli             x14, x15, 0x3       x14=00000010 x15:00000002
17035243ns          291471 1c008a60 00279793 slli             x15, x15, 0x2       x15=00000008 x15:00000002
17035263ns          291472 1c008a62 00d7f7b3 and              x15, x15, x13       x15=00000000 x15:00000008 x13:00001f80
17035283ns          291473 1c008a64 ee873733 p.bclr           x14, x14, 23, 8     x14=00000010 x14:00000010
17035303ns          291474 1c008a68 1a10f6b7 lui              x13, 0x1a10f000     x13=1a10f000
17035322ns          291475 1c008a6c 0ff57513 andi             x10, x10, 255       x10=00000075 x10:00000075
17035342ns          291476 1c008a70 00d70733 add              x14, x14, x13       x14=1a10f010 x14:00000010 x13:1a10f000
17035362ns          291477 1c008a72 00a7e723 p.sw             x10, x0(x15)        x10:00000075 x15:00000000  PA:1a10f010
17035681ns          291493 1c008a76 00000513 addi             x10, x0, 0          x10=00000000
17035700ns          291494 1c008a78 00008067 jalr             x0, x1, 0            x1:1c008e4c
17035740ns          291496 1c008e4c fff48493 addi             x9, x9, -1           x9=0000000c  x9:0000000d
17035760ns          291497 1c008e4e fff537e3 p.bneimm         x10, -18            x10:00000000
17035820ns          291500 1c008e3c 012d8733 add              x14, x27, x18       x14=00000012 x27:efffddbd x18:10002255
17035840ns          291501 1c008e40 5a048b63 beq              x9, x0, 1462         x9:0000000c
17035860ns          291502 1c008e44 0019450b p.lbu            x10, 1(x18!)        x10=0000006c x18=10002256 x18:10002255  PA:10002255
17035879ns          291503 1c008e48 01a005b3 add              x11, x0, x26        x11=00000002 x26:00000002
17035899ns          291504 1c008e4a 000b00e7 jalr             x1, x22, 0           x1=1c008e4c x22:1c008a52
17035939ns          291506 1c008a52 000026b7 lui              x13, 0x2000         x13=00002000
17035959ns          291507 1c008a54 f14027f3 csrrs            x15, x0, 0xf14      x15=00000002
17035979ns          291508 1c008a58 f8068693 addi             x13, x13, -128      x13=00001f80 x13:00002000
17035999ns          291509 1c008a5c 00379713 slli             x14, x15, 0x3       x14=00000010 x15:00000002
17036019ns          291510 1c008a60 00279793 slli             x15, x15, 0x2       x15=00000008 x15:00000002
17036039ns          291511 1c008a62 00d7f7b3 and              x15, x15, x13       x15=00000000 x15:00000008 x13:00001f80
17036058ns          291512 1c008a64 ee873733 p.bclr           x14, x14, 23, 8     x14=00000010 x14:00000010
17036078ns          291513 1c008a68 1a10f6b7 lui              x13, 0x1a10f000     x13=1a10f000
17036098ns          291514 1c008a6c 0ff57513 andi             x10, x10, 255       x10=0000006c x10:0000006c
17036118ns          291515 1c008a70 00d70733 add              x14, x14, x13       x14=1a10f010 x14:00000010 x13:1a10f000
17036138ns          291516 1c008a72 00a7e723 p.sw             x10, x0(x15)        x10:0000006c x15:00000000  PA:1a10f010
17036456ns          291532 1c008a76 00000513 addi             x10, x0, 0          x10=00000000
17036476ns          291533 1c008a78 00008067 jalr             x0, x1, 0            x1:1c008e4c
17036516ns          291535 1c008e4c fff48493 addi             x9, x9, -1           x9=0000000b  x9:0000000c
17036536ns          291536 1c008e4e fff537e3 p.bneimm         x10, -18            x10:00000000
17036595ns          291539 1c008e3c 012d8733 add              x14, x27, x18       x14=00000013 x27:efffddbd x18:10002256
17036615ns          291540 1c008e40 5a048b63 beq              x9, x0, 1462         x9:0000000b
17036635ns          291541 1c008e44 0019450b p.lbu            x10, 1(x18!)        x10=00000074 x18=10002257 x18:10002256  PA:10002256
17036655ns          291542 1c008e48 01a005b3 add              x11, x0, x26        x11=00000002 x26:00000002
17036675ns          291543 1c008e4a 000b00e7 jalr             x1, x22, 0           x1=1c008e4c x22:1c008a52
17036715ns          291545 1c008a52 000026b7 lui              x13, 0x2000         x13=00002000
17036735ns          291546 1c008a54 f14027f3 csrrs            x15, x0, 0xf14      x15=00000002
17036755ns          291547 1c008a58 f8068693 addi             x13, x13, -128      x13=00001f80 x13:00002000
17036775ns          291548 1c008a5c 00379713 slli             x14, x15, 0x3       x14=00000010 x15:00000002
17036794ns          291549 1c008a60 00279793 slli             x15, x15, 0x2       x15=00000008 x15:00000002
17036814ns          291550 1c008a62 00d7f7b3 and              x15, x15, x13       x15=00000000 x15:00000008 x13:00001f80
17036834ns          291551 1c008a64 ee873733 p.bclr           x14, x14, 23, 8     x14=00000010 x14:00000010
17036854ns          291552 1c008a68 1a10f6b7 lui              x13, 0x1a10f000     x13=1a10f000
17036874ns          291553 1c008a6c 0ff57513 andi             x10, x10, 255       x10=00000074 x10:00000074
17036894ns          291554 1c008a70 00d70733 add              x14, x14, x13       x14=1a10f010 x14:00000010 x13:1a10f000
17036914ns          291555 1c008a72 00a7e723 p.sw             x10, x0(x15)        x10:00000074 x15:00000000  PA:1a10f010
17037232ns          291571 1c008a76 00000513 addi             x10, x0, 0          x10=00000000
17037252ns          291572 1c008a78 00008067 jalr             x0, x1, 0            x1:1c008e4c
17037292ns          291574 1c008e4c fff48493 addi             x9, x9, -1           x9=0000000a  x9:0000000b
17037312ns          291575 1c008e4e fff537e3 p.bneimm         x10, -18            x10:00000000
17037371ns          291578 1c008e3c 012d8733 add              x14, x27, x18       x14=00000014 x27:efffddbd x18:10002257
17037391ns          291579 1c008e40 5a048b63 beq              x9, x0, 1462         x9:0000000a
17037411ns          291580 1c008e44 0019450b p.lbu            x10, 1(x18!)        x10=00000069 x18=10002258 x18:10002257  PA:10002257
17037431ns          291581 1c008e48 01a005b3 add              x11, x0, x26        x11=00000002 x26:00000002
17037451ns          291582 1c008e4a 000b00e7 jalr             x1, x22, 0           x1=1c008e4c x22:1c008a52
17037491ns          291584 1c008a52 000026b7 lui              x13, 0x2000         x13=00002000
17037510ns          291585 1c008a54 f14027f3 csrrs            x15, x0, 0xf14      x15=00000002
17037530ns          291586 1c008a58 f8068693 addi             x13, x13, -128      x13=00001f80 x13:00002000
17037550ns          291587 1c008a5c 00379713 slli             x14, x15, 0x3       x14=00000010 x15:00000002
17037570ns          291588 1c008a60 00279793 slli             x15, x15, 0x2       x15=00000008 x15:00000002
17037590ns          291589 1c008a62 00d7f7b3 and              x15, x15, x13       x15=00000000 x15:00000008 x13:00001f80
17037610ns          291590 1c008a64 ee873733 p.bclr           x14, x14, 23, 8     x14=00000010 x14:00000010
17037630ns          291591 1c008a68 1a10f6b7 lui              x13, 0x1a10f000     x13=1a10f000
17037650ns          291592 1c008a6c 0ff57513 andi             x10, x10, 255       x10=00000069 x10:00000069
17037670ns          291593 1c008a70 00d70733 add              x14, x14, x13       x14=1a10f010 x14:00000010 x13:1a10f000
17037689ns          291594 1c008a72 00a7e723 p.sw             x10, x0(x15)        x10:00000069 x15:00000000  PA:1a10f010
17038028ns          291611 1c008a76 00000513 addi             x10, x0, 0          x10=00000000
17038048ns          291612 1c008a78 00008067 jalr             x0, x1, 0            x1:1c008e4c
17038087ns          291614 1c008e4c fff48493 addi             x9, x9, -1           x9=00000009  x9:0000000a
17038107ns          291615 1c008e4e fff537e3 p.bneimm         x10, -18            x10:00000000
17038167ns          291618 1c008e3c 012d8733 add              x14, x27, x18       x14=00000015 x27:efffddbd x18:10002258
17038187ns          291619 1c008e40 5a048b63 beq              x9, x0, 1462         x9:00000009
17038207ns          291620 1c008e44 0019450b p.lbu            x10, 1(x18!)        x10=00000070 x18=10002259 x18:10002258  PA:10002258
17038227ns          291621 1c008e48 01a005b3 add              x11, x0, x26        x11=00000002 x26:00000002
17038246ns          291622 1c008e4a 000b00e7 jalr             x1, x22, 0           x1=1c008e4c x22:1c008a52
17038286ns          291624 1c008a52 000026b7 lui              x13, 0x2000         x13=00002000
17038306ns          291625 1c008a54 f14027f3 csrrs            x15, x0, 0xf14      x15=00000002
17038326ns          291626 1c008a58 f8068693 addi             x13, x13, -128      x13=00001f80 x13:00002000
17038346ns          291627 1c008a5c 00379713 slli             x14, x15, 0x3       x14=00000010 x15:00000002
17038366ns          291628 1c008a60 00279793 slli             x15, x15, 0x2       x15=00000008 x15:00000002
17038386ns          291629 1c008a62 00d7f7b3 and              x15, x15, x13       x15=00000000 x15:00000008 x13:00001f80
17038406ns          291630 1c008a64 ee873733 p.bclr           x14, x14, 23, 8     x14=00000010 x14:00000010
17038425ns          291631 1c008a68 1a10f6b7 lui              x13, 0x1a10f000     x13=1a10f000
17038445ns          291632 1c008a6c 0ff57513 andi             x10, x10, 255       x10=00000070 x10:00000070
17038465ns          291633 1c008a70 00d70733 add              x14, x14, x13       x14=1a10f010 x14:00000010 x13:1a10f000
17038485ns          291634 1c008a72 00a7e723 p.sw             x10, x0(x15)        x10:00000070 x15:00000000  PA:1a10f010
17038803ns          291650 1c008a76 00000513 addi             x10, x0, 0          x10=00000000
17038823ns          291651 1c008a78 00008067 jalr             x0, x1, 0            x1:1c008e4c
17038863ns          291653 1c008e4c fff48493 addi             x9, x9, -1           x9=00000008  x9:00000009
17038883ns          291654 1c008e4e fff537e3 p.bneimm         x10, -18            x10:00000000
17038943ns          291657 1c008e3c 012d8733 add              x14, x27, x18       x14=00000016 x27:efffddbd x18:10002259
17038962ns          291658 1c008e40 5a048b63 beq              x9, x0, 1462         x9:00000008
17038982ns          291659 1c008e44 0019450b p.lbu            x10, 1(x18!)        x10=0000006c x18=1000225a x18:10002259  PA:10002259
17039002ns          291660 1c008e48 01a005b3 add              x11, x0, x26        x11=00000002 x26:00000002
17039022ns          291661 1c008e4a 000b00e7 jalr             x1, x22, 0           x1=1c008e4c x22:1c008a52
17039062ns          291663 1c008a52 000026b7 lui              x13, 0x2000         x13=00002000
17039082ns          291664 1c008a54 f14027f3 csrrs            x15, x0, 0xf14      x15=00000002
17039102ns          291665 1c008a58 f8068693 addi             x13, x13, -128      x13=00001f80 x13:00002000
17039122ns          291666 1c008a5c 00379713 slli             x14, x15, 0x3       x14=00000010 x15:00000002
17039142ns          291667 1c008a60 00279793 slli             x15, x15, 0x2       x15=00000008 x15:00000002
17039161ns          291668 1c008a62 00d7f7b3 and              x15, x15, x13       x15=00000000 x15:00000008 x13:00001f80
17039181ns          291669 1c008a64 ee873733 p.bclr           x14, x14, 23, 8     x14=00000010 x14:00000010
17039201ns          291670 1c008a68 1a10f6b7 lui              x13, 0x1a10f000     x13=1a10f000
17039221ns          291671 1c008a6c 0ff57513 andi             x10, x10, 255       x10=0000006c x10:0000006c
17039241ns          291672 1c008a70 00d70733 add              x14, x14, x13       x14=1a10f010 x14:00000010 x13:1a10f000
17039261ns          291673 1c008a72 00a7e723 p.sw             x10, x0(x15)        x10:0000006c x15:00000000  PA:1a10f010
17039579ns          291689 1c008a76 00000513 addi             x10, x0, 0          x10=00000000
17039599ns          291690 1c008a78 00008067 jalr             x0, x1, 0            x1:1c008e4c
17039639ns          291692 1c008e4c fff48493 addi             x9, x9, -1           x9=00000007  x9:00000008
17039659ns          291693 1c008e4e fff537e3 p.bneimm         x10, -18            x10:00000000
17039718ns          291696 1c008e3c 012d8733 add              x14, x27, x18       x14=00000017 x27:efffddbd x18:1000225a
17039738ns          291697 1c008e40 5a048b63 beq              x9, x0, 1462         x9:00000007
17039758ns          291698 1c008e44 0019450b p.lbu            x10, 1(x18!)        x10=00000069 x18=1000225b x18:1000225a  PA:1000225a
17039778ns          291699 1c008e48 01a005b3 add              x11, x0, x26        x11=00000002 x26:00000002
17039798ns          291700 1c008e4a 000b00e7 jalr             x1, x22, 0           x1=1c008e4c x22:1c008a52
17039838ns          291702 1c008a52 000026b7 lui              x13, 0x2000         x13=00002000
17039858ns          291703 1c008a54 f14027f3 csrrs            x15, x0, 0xf14      x15=00000002
17039877ns          291704 1c008a58 f8068693 addi             x13, x13, -128      x13=00001f80 x13:00002000
17039897ns          291705 1c008a5c 00379713 slli             x14, x15, 0x3       x14=00000010 x15:00000002
17039917ns          291706 1c008a60 00279793 slli             x15, x15, 0x2       x15=00000008 x15:00000002
17039937ns          291707 1c008a62 00d7f7b3 and              x15, x15, x13       x15=00000000 x15:00000008 x13:00001f80
17039957ns          291708 1c008a64 ee873733 p.bclr           x14, x14, 23, 8     x14=00000010 x14:00000010
17039977ns          291709 1c008a68 1a10f6b7 lui              x13, 0x1a10f000     x13=1a10f000
17039997ns          291710 1c008a6c 0ff57513 andi             x10, x10, 255       x10=00000069 x10:00000069
17040017ns          291711 1c008a70 00d70733 add              x14, x14, x13       x14=1a10f010 x14:00000010 x13:1a10f000
17040037ns          291712 1c008a72 00a7e723 p.sw             x10, x0(x15)        x10:00000069 x15:00000000  PA:1a10f010
17040355ns          291728 1c008a76 00000513 addi             x10, x0, 0          x10=00000000
17040375ns          291729 1c008a78 00008067 jalr             x0, x1, 0            x1:1c008e4c
17040415ns          291731 1c008e4c fff48493 addi             x9, x9, -1           x9=00000006  x9:00000007
17040434ns          291732 1c008e4e fff537e3 p.bneimm         x10, -18            x10:00000000
17040494ns          291735 1c008e3c 012d8733 add              x14, x27, x18       x14=00000018 x27:efffddbd x18:1000225b
17040514ns          291736 1c008e40 5a048b63 beq              x9, x0, 1462         x9:00000006
17040534ns          291737 1c008e44 0019450b p.lbu            x10, 1(x18!)        x10=00000063 x18=1000225c x18:1000225b  PA:1000225b
17040554ns          291738 1c008e48 01a005b3 add              x11, x0, x26        x11=00000002 x26:00000002
17040574ns          291739 1c008e4a 000b00e7 jalr             x1, x22, 0           x1=1c008e4c x22:1c008a52
17040613ns          291741 1c008a52 000026b7 lui              x13, 0x2000         x13=00002000
17040633ns          291742 1c008a54 f14027f3 csrrs            x15, x0, 0xf14      x15=00000002
17040653ns          291743 1c008a58 f8068693 addi             x13, x13, -128      x13=00001f80 x13:00002000
17040673ns          291744 1c008a5c 00379713 slli             x14, x15, 0x3       x14=00000010 x15:00000002
17040693ns          291745 1c008a60 00279793 slli             x15, x15, 0x2       x15=00000008 x15:00000002
17040713ns          291746 1c008a62 00d7f7b3 and              x15, x15, x13       x15=00000000 x15:00000008 x13:00001f80
17040733ns          291747 1c008a64 ee873733 p.bclr           x14, x14, 23, 8     x14=00000010 x14:00000010
17040753ns          291748 1c008a68 1a10f6b7 lui              x13, 0x1a10f000     x13=1a10f000
17040773ns          291749 1c008a6c 0ff57513 andi             x10, x10, 255       x10=00000063 x10:00000063
17040792ns          291750 1c008a70 00d70733 add              x14, x14, x13       x14=1a10f010 x14:00000010 x13:1a10f000
17040812ns          291751 1c008a72 00a7e723 p.sw             x10, x0(x15)        x10:00000063 x15:00000000  PA:1a10f010
17041131ns          291767 1c008a76 00000513 addi             x10, x0, 0          x10=00000000
17041150ns          291768 1c008a78 00008067 jalr             x0, x1, 0            x1:1c008e4c
17041190ns          291770 1c008e4c fff48493 addi             x9, x9, -1           x9=00000005  x9:00000006
17041210ns          291771 1c008e4e fff537e3 p.bneimm         x10, -18            x10:00000000
17041270ns          291774 1c008e3c 012d8733 add              x14, x27, x18       x14=00000019 x27:efffddbd x18:1000225c
17041290ns          291775 1c008e40 5a048b63 beq              x9, x0, 1462         x9:00000005
17041310ns          291776 1c008e44 0019450b p.lbu            x10, 1(x18!)        x10=00000061 x18=1000225d x18:1000225c  PA:1000225c
17041329ns          291777 1c008e48 01a005b3 add              x11, x0, x26        x11=00000002 x26:00000002
17041349ns          291778 1c008e4a 000b00e7 jalr             x1, x22, 0           x1=1c008e4c x22:1c008a52
17041389ns          291780 1c008a52 000026b7 lui              x13, 0x2000         x13=00002000
17041409ns          291781 1c008a54 f14027f3 csrrs            x15, x0, 0xf14      x15=00000002
17041429ns          291782 1c008a58 f8068693 addi             x13, x13, -128      x13=00001f80 x13:00002000
17041449ns          291783 1c008a5c 00379713 slli             x14, x15, 0x3       x14=00000010 x15:00000002
17041469ns          291784 1c008a60 00279793 slli             x15, x15, 0x2       x15=00000008 x15:00000002
17041489ns          291785 1c008a62 00d7f7b3 and              x15, x15, x13       x15=00000000 x15:00000008 x13:00001f80
17041509ns          291786 1c008a64 ee873733 p.bclr           x14, x14, 23, 8     x14=00000010 x14:00000010
17041528ns          291787 1c008a68 1a10f6b7 lui              x13, 0x1a10f000     x13=1a10f000
17041548ns          291788 1c008a6c 0ff57513 andi             x10, x10, 255       x10=00000061 x10:00000061
17041568ns          291789 1c008a70 00d70733 add              x14, x14, x13       x14=1a10f010 x14:00000010 x13:1a10f000
17041588ns          291790 1c008a72 00a7e723 p.sw             x10, x0(x15)        x10:00000061 x15:00000000  PA:1a10f010
17041906ns          291806 1c008a76 00000513 addi             x10, x0, 0          x10=00000000
17041926ns          291807 1c008a78 00008067 jalr             x0, x1, 0            x1:1c008e4c
17041966ns          291809 1c008e4c fff48493 addi             x9, x9, -1           x9=00000004  x9:00000005
17041986ns          291810 1c008e4e fff537e3 p.bneimm         x10, -18            x10:00000000
17042046ns          291813 1c008e3c 012d8733 add              x14, x27, x18       x14=0000001a x27:efffddbd x18:1000225d
17042065ns          291814 1c008e40 5a048b63 beq              x9, x0, 1462         x9:00000004
17042085ns          291815 1c008e44 0019450b p.lbu            x10, 1(x18!)        x10=00000074 x18=1000225e x18:1000225d  PA:1000225d
17042105ns          291816 1c008e48 01a005b3 add              x11, x0, x26        x11=00000002 x26:00000002
17042125ns          291817 1c008e4a 000b00e7 jalr             x1, x22, 0           x1=1c008e4c x22:1c008a52
17042165ns          291819 1c008a52 000026b7 lui              x13, 0x2000         x13=00002000
17042185ns          291820 1c008a54 f14027f3 csrrs            x15, x0, 0xf14      x15=00000002
17042205ns          291821 1c008a58 f8068693 addi             x13, x13, -128      x13=00001f80 x13:00002000
17042225ns          291822 1c008a5c 00379713 slli             x14, x15, 0x3       x14=00000010 x15:00000002
17042244ns          291823 1c008a60 00279793 slli             x15, x15, 0x2       x15=00000008 x15:00000002
17042264ns          291824 1c008a62 00d7f7b3 and              x15, x15, x13       x15=00000000 x15:00000008 x13:00001f80
17042284ns          291825 1c008a64 ee873733 p.bclr           x14, x14, 23, 8     x14=00000010 x14:00000010
17042304ns          291826 1c008a68 1a10f6b7 lui              x13, 0x1a10f000     x13=1a10f000
17042324ns          291827 1c008a6c 0ff57513 andi             x10, x10, 255       x10=00000074 x10:00000074
17042344ns          291828 1c008a70 00d70733 add              x14, x14, x13       x14=1a10f010 x14:00000010 x13:1a10f000
17042364ns          291829 1c008a72 00a7e723 p.sw             x10, x0(x15)        x10:00000074 x15:00000000  PA:1a10f010
17042682ns          291845 1c008a76 00000513 addi             x10, x0, 0          x10=00000000
17042702ns          291846 1c008a78 00008067 jalr             x0, x1, 0            x1:1c008e4c
17042742ns          291848 1c008e4c fff48493 addi             x9, x9, -1           x9=00000003  x9:00000004
17042762ns          291849 1c008e4e fff537e3 p.bneimm         x10, -18            x10:00000000
17042821ns          291852 1c008e3c 012d8733 add              x14, x27, x18       x14=0000001b x27:efffddbd x18:1000225e
17042841ns          291853 1c008e40 5a048b63 beq              x9, x0, 1462         x9:00000003
17042861ns          291854 1c008e44 0019450b p.lbu            x10, 1(x18!)        x10=00000069 x18=1000225f x18:1000225e  PA:1000225e
17042881ns          291855 1c008e48 01a005b3 add              x11, x0, x26        x11=00000002 x26:00000002
17042901ns          291856 1c008e4a 000b00e7 jalr             x1, x22, 0           x1=1c008e4c x22:1c008a52
17042941ns          291858 1c008a52 000026b7 lui              x13, 0x2000         x13=00002000
17042961ns          291859 1c008a54 f14027f3 csrrs            x15, x0, 0xf14      x15=00000002
17042980ns          291860 1c008a58 f8068693 addi             x13, x13, -128      x13=00001f80 x13:00002000
17043000ns          291861 1c008a5c 00379713 slli             x14, x15, 0x3       x14=00000010 x15:00000002
17043020ns          291862 1c008a60 00279793 slli             x15, x15, 0x2       x15=00000008 x15:00000002
17043040ns          291863 1c008a62 00d7f7b3 and              x15, x15, x13       x15=00000000 x15:00000008 x13:00001f80
17043060ns          291864 1c008a64 ee873733 p.bclr           x14, x14, 23, 8     x14=00000010 x14:00000010
17043080ns          291865 1c008a68 1a10f6b7 lui              x13, 0x1a10f000     x13=1a10f000
17043100ns          291866 1c008a6c 0ff57513 andi             x10, x10, 255       x10=00000069 x10:00000069
17043120ns          291867 1c008a70 00d70733 add              x14, x14, x13       x14=1a10f010 x14:00000010 x13:1a10f000
17043140ns          291868 1c008a72 00a7e723 p.sw             x10, x0(x15)        x10:00000069 x15:00000000  PA:1a10f010
17043458ns          291884 1c008a76 00000513 addi             x10, x0, 0          x10=00000000
17043478ns          291885 1c008a78 00008067 jalr             x0, x1, 0            x1:1c008e4c
17043517ns          291887 1c008e4c fff48493 addi             x9, x9, -1           x9=00000002  x9:00000003
17043537ns          291888 1c008e4e fff537e3 p.bneimm         x10, -18            x10:00000000
17043597ns          291891 1c008e3c 012d8733 add              x14, x27, x18       x14=0000001c x27:efffddbd x18:1000225f
17043617ns          291892 1c008e40 5a048b63 beq              x9, x0, 1462         x9:00000002
17043637ns          291893 1c008e44 0019450b p.lbu            x10, 1(x18!)        x10=0000006f x18=10002260 x18:1000225f  PA:1000225f
17043657ns          291894 1c008e48 01a005b3 add              x11, x0, x26        x11=00000002 x26:00000002
17043677ns          291895 1c008e4a 000b00e7 jalr             x1, x22, 0           x1=1c008e4c x22:1c008a52
17043716ns          291897 1c008a52 000026b7 lui              x13, 0x2000         x13=00002000
17043736ns          291898 1c008a54 f14027f3 csrrs            x15, x0, 0xf14      x15=00000002
17043756ns          291899 1c008a58 f8068693 addi             x13, x13, -128      x13=00001f80 x13:00002000
17043776ns          291900 1c008a5c 00379713 slli             x14, x15, 0x3       x14=00000010 x15:00000002
17043796ns          291901 1c008a60 00279793 slli             x15, x15, 0x2       x15=00000008 x15:00000002
17043816ns          291902 1c008a62 00d7f7b3 and              x15, x15, x13       x15=00000000 x15:00000008 x13:00001f80
17043836ns          291903 1c008a64 ee873733 p.bclr           x14, x14, 23, 8     x14=00000010 x14:00000010
17043856ns          291904 1c008a68 1a10f6b7 lui              x13, 0x1a10f000     x13=1a10f000
17043876ns          291905 1c008a6c 0ff57513 andi             x10, x10, 255       x10=0000006f x10:0000006f
17043895ns          291906 1c008a70 00d70733 add              x14, x14, x13       x14=1a10f010 x14:00000010 x13:1a10f000
17043915ns          291907 1c008a72 00a7e723 p.sw             x10, x0(x15)        x10:0000006f x15:00000000  PA:1a10f010
17044234ns          291923 1c008a76 00000513 addi             x10, x0, 0          x10=00000000
17044253ns          291924 1c008a78 00008067 jalr             x0, x1, 0            x1:1c008e4c
17044293ns          291926 1c008e4c fff48493 addi             x9, x9, -1           x9=00000001  x9:00000002
17044313ns          291927 1c008e4e fff537e3 p.bneimm         x10, -18            x10:00000000
17044373ns          291930 1c008e3c 012d8733 add              x14, x27, x18       x14=0000001d x27:efffddbd x18:10002260
17044393ns          291931 1c008e40 5a048b63 beq              x9, x0, 1462         x9:00000001
17044413ns          291932 1c008e44 0019450b p.lbu            x10, 1(x18!)        x10=0000006e x18=10002261 x18:10002260  PA:10002260
17044432ns          291933 1c008e48 01a005b3 add              x11, x0, x26        x11=00000002 x26:00000002
17044452ns          291934 1c008e4a 000b00e7 jalr             x1, x22, 0           x1=1c008e4c x22:1c008a52
17044492ns          291936 1c008a52 000026b7 lui              x13, 0x2000         x13=00002000
17044512ns          291937 1c008a54 f14027f3 csrrs            x15, x0, 0xf14      x15=00000002
17044532ns          291938 1c008a58 f8068693 addi             x13, x13, -128      x13=00001f80 x13:00002000
17044552ns          291939 1c008a5c 00379713 slli             x14, x15, 0x3       x14=00000010 x15:00000002
17044572ns          291940 1c008a60 00279793 slli             x15, x15, 0x2       x15=00000008 x15:00000002
17044592ns          291941 1c008a62 00d7f7b3 and              x15, x15, x13       x15=00000000 x15:00000008 x13:00001f80
17044611ns          291942 1c008a64 ee873733 p.bclr           x14, x14, 23, 8     x14=00000010 x14:00000010
17044631ns          291943 1c008a68 1a10f6b7 lui              x13, 0x1a10f000     x13=1a10f000
17044651ns          291944 1c008a6c 0ff57513 andi             x10, x10, 255       x10=0000006e x10:0000006e
17044671ns          291945 1c008a70 00d70733 add              x14, x14, x13       x14=1a10f010 x14:00000010 x13:1a10f000
17044691ns          291946 1c008a72 00a7e723 p.sw             x10, x0(x15)        x10:0000006e x15:00000000  PA:1a10f010
17045009ns          291962 1c008a76 00000513 addi             x10, x0, 0          x10=00000000
17045029ns          291963 1c008a78 00008067 jalr             x0, x1, 0            x1:1c008e4c
17045069ns          291965 1c008e4c fff48493 addi             x9, x9, -1           x9=00000000  x9:00000001
17045089ns          291966 1c008e4e fff537e3 p.bneimm         x10, -18            x10:00000000
17045149ns          291969 1c008e3c 012d8733 add              x14, x27, x18       x14=0000001e x27:efffddbd x18:10002261
17045168ns          291970 1c008e40 5a048b63 beq              x9, x0, 1462         x9:00000000
17045646ns          291994 1c0093f6 00e00db3 add              x27, x0, x14        x27=0000001e x14:0000001e
17045686ns          291996 1c0093f8 f3cff06f jal              x0, -2244          
17045725ns          291998 1c008b34 00044503 lbu              x10, 0(x8)          x10=00000020  x8:1c000093  PA:1c000093
17046044ns          292014 1c008b38 00140413 addi             x8, x8, 1            x8=1c000094  x8:1c000093
17046063ns          292015 1c008b3a 00050e63 beq              x10, x0, 28         x10:00000020
17046083ns          292016 1c008b3c 02500793 addi             x15, x0, 37         x15=00000025
17046103ns          292017 1c008b40 04f50863 beq              x10, x15, 80        x10:00000020 x15:00000025
17046123ns          292018 1c008b44 01a005b3 add              x11, x0, x26        x11=00000002 x26:00000002
17046143ns          292019 1c008b46 000b00e7 jalr             x1, x22, 0           x1=1c008b48 x22:1c008a52
17046243ns          292024 1c008a52 000026b7 lui              x13, 0x2000         x13=00002000
17046262ns          292025 1c008a54 f14027f3 csrrs            x15, x0, 0xf14      x15=00000002
17046282ns          292026 1c008a58 f8068693 addi             x13, x13, -128      x13=00001f80 x13:00002000
17046302ns          292027 1c008a5c 00379713 slli             x14, x15, 0x3       x14=00000010 x15:00000002
17046322ns          292028 1c008a60 00279793 slli             x15, x15, 0x2       x15=00000008 x15:00000002
17046342ns          292029 1c008a62 00d7f7b3 and              x15, x15, x13       x15=00000000 x15:00000008 x13:00001f80
17046362ns          292030 1c008a64 ee873733 p.bclr           x14, x14, 23, 8     x14=00000010 x14:00000010
17046382ns          292031 1c008a68 1a10f6b7 lui              x13, 0x1a10f000     x13=1a10f000
17046402ns          292032 1c008a6c 0ff57513 andi             x10, x10, 255       x10=00000020 x10:00000020
17046422ns          292033 1c008a70 00d70733 add              x14, x14, x13       x14=1a10f010 x14:00000010 x13:1a10f000
17046441ns          292034 1c008a72 00a7e723 p.sw             x10, x0(x15)        x10:00000020 x15:00000000  PA:1a10f010
17046760ns          292050 1c008a76 00000513 addi             x10, x0, 0          x10=00000000
17046780ns          292051 1c008a78 00008067 jalr             x0, x1, 0            x1:1c008b48
17046819ns          292053 1c008b48 31f52563 p.beqimm         x10, 778            x10:00000000
17046839ns          292054 1c008b4c 001d8d93 addi             x27, x27, 1         x27=0000001f x27:0000001e
17046859ns          292055 1c008b4e 00044503 lbu              x10, 0(x8)          x10=0000002d  x8:1c000094  PA:1c000094
17047177ns          292071 1c008b52 00140413 addi             x8, x8, 1            x8=1c000095  x8:1c000094
17047197ns          292072 1c008b54 fe0514e3 bne              x10, x0, -24        x10:0000002d
17047416ns          292083 1c008b3c 02500793 addi             x15, x0, 37         x15=00000025
17047436ns          292084 1c008b40 04f50863 beq              x10, x15, 80        x10:0000002d x15:00000025
17047456ns          292085 1c008b44 01a005b3 add              x11, x0, x26        x11=00000002 x26:00000002
17047476ns          292086 1c008b46 000b00e7 jalr             x1, x22, 0           x1=1c008b48 x22:1c008a52
17047516ns          292088 1c008a52 000026b7 lui              x13, 0x2000         x13=00002000
17047535ns          292089 1c008a54 f14027f3 csrrs            x15, x0, 0xf14      x15=00000002
17047555ns          292090 1c008a58 f8068693 addi             x13, x13, -128      x13=00001f80 x13:00002000
17047575ns          292091 1c008a5c 00379713 slli             x14, x15, 0x3       x14=00000010 x15:00000002
17047635ns          292094 1c008a60 00279793 slli             x15, x15, 0x2       x15=00000008 x15:00000002
17047655ns          292095 1c008a62 00d7f7b3 and              x15, x15, x13       x15=00000000 x15:00000008 x13:00001f80
17047675ns          292096 1c008a64 ee873733 p.bclr           x14, x14, 23, 8     x14=00000010 x14:00000010
17047695ns          292097 1c008a68 1a10f6b7 lui              x13, 0x1a10f000     x13=1a10f000
17047714ns          292098 1c008a6c 0ff57513 andi             x10, x10, 255       x10=0000002d x10:0000002d
17047734ns          292099 1c008a70 00d70733 add              x14, x14, x13       x14=1a10f010 x14:00000010 x13:1a10f000
17047754ns          292100 1c008a72 00a7e723 p.sw             x10, x0(x15)        x10:0000002d x15:00000000  PA:1a10f010
17048152ns          292120 1c008a76 00000513 addi             x10, x0, 0          x10=00000000
17048172ns          292121 1c008a78 00008067 jalr             x0, x1, 0            x1:1c008b48
17048212ns          292123 1c008b48 31f52563 p.beqimm         x10, 778            x10:00000000
17048232ns          292124 1c008b4c 001d8d93 addi             x27, x27, 1         x27=00000020 x27:0000001f
17048251ns          292125 1c008b4e 00044503 lbu              x10, 0(x8)          x10=0000003e  x8:1c000095  PA:1c000095
17048550ns          292140 1c008b52 00140413 addi             x8, x8, 1            x8=1c000096  x8:1c000095
17048570ns          292141 1c008b54 fe0514e3 bne              x10, x0, -24        x10:0000003e
17048629ns          292144 1c008b3c 02500793 addi             x15, x0, 37         x15=00000025
17048649ns          292145 1c008b40 04f50863 beq              x10, x15, 80        x10:0000003e x15:00000025
17048669ns          292146 1c008b44 01a005b3 add              x11, x0, x26        x11=00000002 x26:00000002
17048689ns          292147 1c008b46 000b00e7 jalr             x1, x22, 0           x1=1c008b48 x22:1c008a52
17048729ns          292149 1c008a52 000026b7 lui              x13, 0x2000         x13=00002000
17048749ns          292150 1c008a54 f14027f3 csrrs            x15, x0, 0xf14      x15=00000002
17048769ns          292151 1c008a58 f8068693 addi             x13, x13, -128      x13=00001f80 x13:00002000
17048789ns          292152 1c008a5c 00379713 slli             x14, x15, 0x3       x14=00000010 x15:00000002
17048808ns          292153 1c008a60 00279793 slli             x15, x15, 0x2       x15=00000008 x15:00000002
17048828ns          292154 1c008a62 00d7f7b3 and              x15, x15, x13       x15=00000000 x15:00000008 x13:00001f80
17048848ns          292155 1c008a64 ee873733 p.bclr           x14, x14, 23, 8     x14=00000010 x14:00000010
17048868ns          292156 1c008a68 1a10f6b7 lui              x13, 0x1a10f000     x13=1a10f000
17048888ns          292157 1c008a6c 0ff57513 andi             x10, x10, 255       x10=0000003e x10:0000003e
17048908ns          292158 1c008a70 00d70733 add              x14, x14, x13       x14=1a10f010 x14:00000010 x13:1a10f000
17048928ns          292159 1c008a72 00a7e723 p.sw             x10, x0(x15)        x10:0000003e x15:00000000  PA:1a10f010
17049246ns          292175 1c008a76 00000513 addi             x10, x0, 0          x10=00000000
17049266ns          292176 1c008a78 00008067 jalr             x0, x1, 0            x1:1c008b48
17049306ns          292178 1c008b48 31f52563 p.beqimm         x10, 778            x10:00000000
17049326ns          292179 1c008b4c 001d8d93 addi             x27, x27, 1         x27=00000021 x27:00000020
17049345ns          292180 1c008b4e 00044503 lbu              x10, 0(x8)          x10=00000020  x8:1c000096  PA:1c000096
17049644ns          292195 1c008b52 00140413 addi             x8, x8, 1            x8=1c000097  x8:1c000096
17049664ns          292196 1c008b54 fe0514e3 bne              x10, x0, -24        x10:00000020
17049723ns          292199 1c008b3c 02500793 addi             x15, x0, 37         x15=00000025
17049743ns          292200 1c008b40 04f50863 beq              x10, x15, 80        x10:00000020 x15:00000025
17049763ns          292201 1c008b44 01a005b3 add              x11, x0, x26        x11=00000002 x26:00000002
17049783ns          292202 1c008b46 000b00e7 jalr             x1, x22, 0           x1=1c008b48 x22:1c008a52
17049823ns          292204 1c008a52 000026b7 lui              x13, 0x2000         x13=00002000
17049843ns          292205 1c008a54 f14027f3 csrrs            x15, x0, 0xf14      x15=00000002
17049863ns          292206 1c008a58 f8068693 addi             x13, x13, -128      x13=00001f80 x13:00002000
17049883ns          292207 1c008a5c 00379713 slli             x14, x15, 0x3       x14=00000010 x15:00000002
17049902ns          292208 1c008a60 00279793 slli             x15, x15, 0x2       x15=00000008 x15:00000002
17049922ns          292209 1c008a62 00d7f7b3 and              x15, x15, x13       x15=00000000 x15:00000008 x13:00001f80
17049942ns          292210 1c008a64 ee873733 p.bclr           x14, x14, 23, 8     x14=00000010 x14:00000010
17049962ns          292211 1c008a68 1a10f6b7 lui              x13, 0x1a10f000     x13=1a10f000
17049982ns          292212 1c008a6c 0ff57513 andi             x10, x10, 255       x10=00000020 x10:00000020
17050002ns          292213 1c008a70 00d70733 add              x14, x14, x13       x14=1a10f010 x14:00000010 x13:1a10f000
17050022ns          292214 1c008a72 00a7e723 p.sw             x10, x0(x15)        x10:00000020 x15:00000000  PA:1a10f010
17050340ns          292230 1c008a76 00000513 addi             x10, x0, 0          x10=00000000
17050360ns          292231 1c008a78 00008067 jalr             x0, x1, 0            x1:1c008b48
17050400ns          292233 1c008b48 31f52563 p.beqimm         x10, 778            x10:00000000
17050420ns          292234 1c008b4c 001d8d93 addi             x27, x27, 1         x27=00000022 x27:00000021
17050439ns          292235 1c008b4e 00044503 lbu              x10, 0(x8)          x10=00000000  x8:1c000097  PA:1c000097
17050738ns          292250 1c008b52 00140413 addi             x8, x8, 1            x8=1c000098  x8:1c000097
17050758ns          292251 1c008b54 fe0514e3 bne              x10, x0, -24        x10:00000000
17050778ns          292252 1c008b56 01b00433 add              x8, x0, x27          x8=00000022 x27:00000022
17050797ns          292253 1c008b58 00800533 add              x10, x0, x8         x10=00000022  x8:00000022
17050817ns          292254 1c008b5a 12c12083 lw               x1, 300(x2)          x1=1c008ae6  x2:10002228  PA:10002354
17050837ns          292255 1c008b5e 12812403 lw               x8, 296(x2)          x8=1c00110c  x2:10002228  PA:10002350
17050857ns          292256 1c008b62 12412483 lw               x9, 292(x2)          x9=00000000  x2:10002228  PA:1000234c
17050877ns          292257 1c008b66 12012903 lw               x18, 288(x2)        x18=1a10b004  x2:10002228  PA:10002348
17050897ns          292258 1c008b6a 11c12983 lw               x19, 284(x2)        x19=00000002  x2:10002228  PA:10002344
17051295ns          292278 1c008b6e 11812a03 lw               x20, 280(x2)        x20=1c001110  x2:10002228  PA:10002340
17051335ns          292280 1c008b72 11412a83 lw               x21, 276(x2)        x21=1c00a000  x2:10002228  PA:1000233c
17051354ns          292281 1c008b76 11012b03 lw               x22, 272(x2)        x22=1c00a000  x2:10002228  PA:10002338
17051374ns          292282 1c008b7a 10c12b83 lw               x23, 268(x2)        x23=1c000000  x2:10002228  PA:10002334
17051812ns          292304 1c008b7e 10812c03 lw               x24, 264(x2)        x24=1c000000  x2:10002228  PA:10002330
17051852ns          292306 1c008b82 10412c83 lw               x25, 260(x2)        x25=1c000000  x2:10002228  PA:1000232c
17051872ns          292307 1c008b86 10012d03 lw               x26, 256(x2)        x26=1c000000  x2:10002228  PA:10002328
17051891ns          292308 1c008b8a 0fc12d83 lw               x27, 252(x2)        x27=1c001104  x2:10002228  PA:10002324
17051911ns          292309 1c008b8c 13010113 addi             x2, x2, 304          x2=10002358  x2:10002228
17051931ns          292310 1c008b8e 00008067 jalr             x0, x1, 0            x1:1c008ae6
17052031ns          292315 1c008ae6 01c12083 lw               x1, 28(x2)           x1=1c009cf4  x2:10002358  PA:10002374
17052070ns          292317 1c008ae8 04010113 addi             x2, x2, 64           x2=10002398  x2:10002358
17052090ns          292318 1c008aea 00008067 jalr             x0, x1, 0            x1:1c009cf4
17052627ns          292345 1c009cf4 00c12703 lw               x14, 12(x2)         x14=00000000  x2:10002398  PA:100023a4
17052667ns          292347 1c009cf6 098b8513 addi             x10, x23, 152       x10=1c000098 x23:1c000000
17052687ns          292348 1c009cfa 00070563 beq              x14, x0, 10         x14:00000000
17053164ns          292372 1c009d04 dbbfe0ef jal              x1, -4678            x1=1c009d08
17053244ns          292376 1c008abe fc010113 addi             x2, x2, -64          x2=10002358  x2:10002398
17053324ns          292380 1c008ac0 02410313 addi             x6, x2, 36           x6=1000237c  x2:10002358
17053363ns          292382 1c008ac4 02c12423 sw               x12, 40(x2)         x12:0000006e  x2:10002358  PA:10002380
17053383ns          292383 1c008ac6 00a00633 add              x12, x0, x10        x12=1c000098 x10:1c000098
17053403ns          292384 1c008ac8 1c009537 lui              x10, 0x1c009000     x10=1c009000
17053423ns          292385 1c008acc 02b12223 sw               x11, 36(x2)         x11:00000002  x2:10002358  PA:1000237c
17053443ns          292386 1c008ace 02d12623 sw               x13, 44(x2)         x13:1a10f000  x2:10002358  PA:10002384
17053463ns          292387 1c008ad0 00200593 addi             x11, x0, 2          x11=00000002
17053483ns          292388 1c008ad2 006006b3 add              x13, x0, x6         x13=1000237c  x6:1000237c
17053503ns          292389 1c008ad4 a5250513 addi             x10, x10, -1454     x10=1c008a52 x10:1c009000
17053523ns          292390 1c008ad8 00112e23 sw               x1, 28(x2)           x1:1c009d08  x2:10002358  PA:10002374
17053542ns          292391 1c008ada 02e12823 sw               x14, 48(x2)         x14:00000000  x2:10002358  PA:10002388
17053562ns          292392 1c008adc 02f12a23 sw               x15, 52(x2)         x15:00000000  x2:10002358  PA:1000238c
17053582ns          292393 1c008ade 03012c23 sw               x16, 56(x2)         x16:1000224c  x2:10002358  PA:10002390
17053602ns          292394 1c008ae0 03112e23 sw               x17, 60(x2)         x17:1c000040  x2:10002358  PA:10002394
17053622ns          292395 1c008ae2 00612623 sw               x6, 12(x2)           x6:1000237c  x2:10002358  PA:10002364
17053642ns          292396 1c008ae4 fbfff0ef jal              x1, -66              x1=1c008ae6
17053721ns          292400 1c008aa2 04a0006f jal              x0, 74             
17053761ns          292402 1c008aec ed010113 addi             x2, x2, -304         x2=10002228  x2:10002358
17053781ns          292403 1c008aee 12812423 sw               x8, 296(x2)          x8:1c00110c  x2:10002228  PA:10002350
17053801ns          292404 1c008af2 00000413 addi             x8, x0, 0            x8=00000000
17053821ns          292405 1c008af4 11612823 sw               x22, 272(x2)        x22:1c00a000  x2:10002228  PA:10002338
17053841ns          292406 1c008af8 11712623 sw               x23, 268(x2)        x23:1c000000  x2:10002228  PA:10002334
17053861ns          292407 1c008afc 11812423 sw               x24, 264(x2)        x24:1c000000  x2:10002228  PA:10002330
17053900ns          292409 1c008b00 11912223 sw               x25, 260(x2)        x25:1c000000  x2:10002228  PA:1000232c
17053940ns          292411 1c008b04 11a12023 sw               x26, 256(x2)        x26:1c000000  x2:10002228  PA:10002328
17053960ns          292412 1c008b08 0fb12e23 sw               x27, 252(x2)        x27:1c001104  x2:10002228  PA:10002324
17053980ns          292413 1c008b0a 12112623 sw               x1, 300(x2)          x1:1c008ae6  x2:10002228  PA:10002354
17054000ns          292414 1c008b0e 00800db3 add              x27, x0, x8         x27=00000000  x8:00000000
17054040ns          292416 1c008b10 12912223 sw               x9, 292(x2)          x9:00000000  x2:10002228  PA:1000234c
17054079ns          292418 1c008b14 13212023 sw               x18, 288(x2)        x18:1a10b004  x2:10002228  PA:10002348
17054099ns          292419 1c008b18 11312e23 sw               x19, 284(x2)        x19:00000002  x2:10002228  PA:10002344
17054119ns          292420 1c008b1c 11412c23 sw               x20, 280(x2)        x20:1c001110  x2:10002228  PA:10002340
17054179ns          292423 1c008b20 11512a23 sw               x21, 276(x2)        x21:1c00a000  x2:10002228  PA:1000233c
17054219ns          292425 1c008b24 00a00b33 add              x22, x0, x10        x22=1c008a52 x10:1c008a52
17054239ns          292426 1c008b26 00b00d33 add              x26, x0, x11        x26=00000002 x11:00000002
17054258ns          292427 1c008b28 00d00c33 add              x24, x0, x13        x24=1000237c x13:1000237c
17054278ns          292428 1c008b2a 1c000bb7 lui              x23, 0x1c000000     x23=1c000000
17054318ns          292430 1c008b2e 02410c93 addi             x25, x2, 36         x25=1000224c  x2:10002228
17054338ns          292431 1c008b32 00c00433 add              x8, x0, x12          x8=1c000098 x12:1c000098
17054358ns          292432 1c008b34 00044503 lbu              x10, 0(x8)          x10=00000073  x8:1c000098  PA:1c000098
17054656ns          292447 1c008b38 00140413 addi             x8, x8, 1            x8=1c000099  x8:1c000098
17054676ns          292448 1c008b3a 00050e63 beq              x10, x0, 28         x10:00000073
17054696ns          292449 1c008b3c 02500793 addi             x15, x0, 37         x15=00000025
17054716ns          292450 1c008b40 04f50863 beq              x10, x15, 80        x10:00000073 x15:00000025
17054736ns          292451 1c008b44 01a005b3 add              x11, x0, x26        x11=00000002 x26:00000002
17054756ns          292452 1c008b46 000b00e7 jalr             x1, x22, 0           x1=1c008b48 x22:1c008a52
17054796ns          292454 1c008a52 000026b7 lui              x13, 0x2000         x13=00002000
17054815ns          292455 1c008a54 f14027f3 csrrs            x15, x0, 0xf14      x15=00000002
17054835ns          292456 1c008a58 f8068693 addi             x13, x13, -128      x13=00001f80 x13:00002000
17054855ns          292457 1c008a5c 00379713 slli             x14, x15, 0x3       x14=00000010 x15:00000002
17054875ns          292458 1c008a60 00279793 slli             x15, x15, 0x2       x15=00000008 x15:00000002
17054895ns          292459 1c008a62 00d7f7b3 and              x15, x15, x13       x15=00000000 x15:00000008 x13:00001f80
17054915ns          292460 1c008a64 ee873733 p.bclr           x14, x14, 23, 8     x14=00000010 x14:00000010
17054935ns          292461 1c008a68 1a10f6b7 lui              x13, 0x1a10f000     x13=1a10f000
17054955ns          292462 1c008a6c 0ff57513 andi             x10, x10, 255       x10=00000073 x10:00000073
17054994ns          292464 1c008a70 00d70733 add              x14, x14, x13       x14=1a10f010 x14:00000010 x13:1a10f000
17055034ns          292466 1c008a72 00a7e723 p.sw             x10, x0(x15)        x10:00000073 x15:00000000  PA:1a10f010
17055372ns          292483 1c008a76 00000513 addi             x10, x0, 0          x10=00000000
17055392ns          292484 1c008a78 00008067 jalr             x0, x1, 0            x1:1c008b48
17055432ns          292486 1c008b48 31f52563 p.beqimm         x10, 778            x10:00000000
17055452ns          292487 1c008b4c 001d8d93 addi             x27, x27, 1         x27=00000001 x27:00000000
17055472ns          292488 1c008b4e 00044503 lbu              x10, 0(x8)          x10=00000075  x8:1c000099  PA:1c000099
17055770ns          292503 1c008b52 00140413 addi             x8, x8, 1            x8=1c00009a  x8:1c000099
17055790ns          292504 1c008b54 fe0514e3 bne              x10, x0, -24        x10:00000075
17055850ns          292507 1c008b3c 02500793 addi             x15, x0, 37         x15=00000025
17055870ns          292508 1c008b40 04f50863 beq              x10, x15, 80        x10:00000075 x15:00000025
17055890ns          292509 1c008b44 01a005b3 add              x11, x0, x26        x11=00000002 x26:00000002
17055909ns          292510 1c008b46 000b00e7 jalr             x1, x22, 0           x1=1c008b48 x22:1c008a52
17055949ns          292512 1c008a52 000026b7 lui              x13, 0x2000         x13=00002000
17055969ns          292513 1c008a54 f14027f3 csrrs            x15, x0, 0xf14      x15=00000002
17055989ns          292514 1c008a58 f8068693 addi             x13, x13, -128      x13=00001f80 x13:00002000
17056009ns          292515 1c008a5c 00379713 slli             x14, x15, 0x3       x14=00000010 x15:00000002
17056029ns          292516 1c008a60 00279793 slli             x15, x15, 0x2       x15=00000008 x15:00000002
17056049ns          292517 1c008a62 00d7f7b3 and              x15, x15, x13       x15=00000000 x15:00000008 x13:00001f80
17056069ns          292518 1c008a64 ee873733 p.bclr           x14, x14, 23, 8     x14=00000010 x14:00000010
17056088ns          292519 1c008a68 1a10f6b7 lui              x13, 0x1a10f000     x13=1a10f000
17056108ns          292520 1c008a6c 0ff57513 andi             x10, x10, 255       x10=00000075 x10:00000075
17056128ns          292521 1c008a70 00d70733 add              x14, x14, x13       x14=1a10f010 x14:00000010 x13:1a10f000
17056148ns          292522 1c008a72 00a7e723 p.sw             x10, x0(x15)        x10:00000075 x15:00000000  PA:1a10f010
17056466ns          292538 1c008a76 00000513 addi             x10, x0, 0          x10=00000000
17056486ns          292539 1c008a78 00008067 jalr             x0, x1, 0            x1:1c008b48
17056526ns          292541 1c008b48 31f52563 p.beqimm         x10, 778            x10:00000000
17056546ns          292542 1c008b4c 001d8d93 addi             x27, x27, 1         x27=00000002 x27:00000001
17056566ns          292543 1c008b4e 00044503 lbu              x10, 0(x8)          x10=00000063  x8:1c00009a  PA:1c00009a
17056864ns          292558 1c008b52 00140413 addi             x8, x8, 1            x8=1c00009b  x8:1c00009a
17056884ns          292559 1c008b54 fe0514e3 bne              x10, x0, -24        x10:00000063
17056944ns          292562 1c008b3c 02500793 addi             x15, x0, 37         x15=00000025
17056964ns          292563 1c008b40 04f50863 beq              x10, x15, 80        x10:00000063 x15:00000025
17056984ns          292564 1c008b44 01a005b3 add              x11, x0, x26        x11=00000002 x26:00000002
17057003ns          292565 1c008b46 000b00e7 jalr             x1, x22, 0           x1=1c008b48 x22:1c008a52
17057043ns          292567 1c008a52 000026b7 lui              x13, 0x2000         x13=00002000
17057063ns          292568 1c008a54 f14027f3 csrrs            x15, x0, 0xf14      x15=00000002
17057083ns          292569 1c008a58 f8068693 addi             x13, x13, -128      x13=00001f80 x13:00002000
17057103ns          292570 1c008a5c 00379713 slli             x14, x15, 0x3       x14=00000010 x15:00000002
17057123ns          292571 1c008a60 00279793 slli             x15, x15, 0x2       x15=00000008 x15:00000002
17057143ns          292572 1c008a62 00d7f7b3 and              x15, x15, x13       x15=00000000 x15:00000008 x13:00001f80
17057163ns          292573 1c008a64 ee873733 p.bclr           x14, x14, 23, 8     x14=00000010 x14:00000010
17057182ns          292574 1c008a68 1a10f6b7 lui              x13, 0x1a10f000     x13=1a10f000
17057202ns          292575 1c008a6c 0ff57513 andi             x10, x10, 255       x10=00000063 x10:00000063
17057222ns          292576 1c008a70 00d70733 add              x14, x14, x13       x14=1a10f010 x14:00000010 x13:1a10f000
17057242ns          292577 1c008a72 00a7e723 p.sw             x10, x0(x15)        x10:00000063 x15:00000000  PA:1a10f010
17057560ns          292593 1c008a76 00000513 addi             x10, x0, 0          x10=00000000
17057580ns          292594 1c008a78 00008067 jalr             x0, x1, 0            x1:1c008b48
17057620ns          292596 1c008b48 31f52563 p.beqimm         x10, 778            x10:00000000
17057640ns          292597 1c008b4c 001d8d93 addi             x27, x27, 1         x27=00000003 x27:00000002
17057660ns          292598 1c008b4e 00044503 lbu              x10, 0(x8)          x10=00000063  x8:1c00009b  PA:1c00009b
17057978ns          292614 1c008b52 00140413 addi             x8, x8, 1            x8=1c00009c  x8:1c00009b
17057998ns          292615 1c008b54 fe0514e3 bne              x10, x0, -24        x10:00000063
17058058ns          292618 1c008b3c 02500793 addi             x15, x0, 37         x15=00000025
17058078ns          292619 1c008b40 04f50863 beq              x10, x15, 80        x10:00000063 x15:00000025
17058097ns          292620 1c008b44 01a005b3 add              x11, x0, x26        x11=00000002 x26:00000002
17058117ns          292621 1c008b46 000b00e7 jalr             x1, x22, 0           x1=1c008b48 x22:1c008a52
17058157ns          292623 1c008a52 000026b7 lui              x13, 0x2000         x13=00002000
17058177ns          292624 1c008a54 f14027f3 csrrs            x15, x0, 0xf14      x15=00000002
17058197ns          292625 1c008a58 f8068693 addi             x13, x13, -128      x13=00001f80 x13:00002000
17058217ns          292626 1c008a5c 00379713 slli             x14, x15, 0x3       x14=00000010 x15:00000002
17058237ns          292627 1c008a60 00279793 slli             x15, x15, 0x2       x15=00000008 x15:00000002
17058257ns          292628 1c008a62 00d7f7b3 and              x15, x15, x13       x15=00000000 x15:00000008 x13:00001f80
17058276ns          292629 1c008a64 ee873733 p.bclr           x14, x14, 23, 8     x14=00000010 x14:00000010
17058296ns          292630 1c008a68 1a10f6b7 lui              x13, 0x1a10f000     x13=1a10f000
17058316ns          292631 1c008a6c 0ff57513 andi             x10, x10, 255       x10=00000063 x10:00000063
17058336ns          292632 1c008a70 00d70733 add              x14, x14, x13       x14=1a10f010 x14:00000010 x13:1a10f000
17058356ns          292633 1c008a72 00a7e723 p.sw             x10, x0(x15)        x10:00000063 x15:00000000  PA:1a10f010
17058674ns          292649 1c008a76 00000513 addi             x10, x0, 0          x10=00000000
17058694ns          292650 1c008a78 00008067 jalr             x0, x1, 0            x1:1c008b48
17058734ns          292652 1c008b48 31f52563 p.beqimm         x10, 778            x10:00000000
17058754ns          292653 1c008b4c 001d8d93 addi             x27, x27, 1         x27=00000004 x27:00000003
17058774ns          292654 1c008b4e 00044503 lbu              x10, 0(x8)          x10=00000065  x8:1c00009c  PA:1c00009c
17059072ns          292669 1c008b52 00140413 addi             x8, x8, 1            x8=1c00009d  x8:1c00009c
17059092ns          292670 1c008b54 fe0514e3 bne              x10, x0, -24        x10:00000065
17059152ns          292673 1c008b3c 02500793 addi             x15, x0, 37         x15=00000025
17059171ns          292674 1c008b40 04f50863 beq              x10, x15, 80        x10:00000065 x15:00000025
17059191ns          292675 1c008b44 01a005b3 add              x11, x0, x26        x11=00000002 x26:00000002
17059211ns          292676 1c008b46 000b00e7 jalr             x1, x22, 0           x1=1c008b48 x22:1c008a52
17059251ns          292678 1c008a52 000026b7 lui              x13, 0x2000         x13=00002000
17059271ns          292679 1c008a54 f14027f3 csrrs            x15, x0, 0xf14      x15=00000002
17059291ns          292680 1c008a58 f8068693 addi             x13, x13, -128      x13=00001f80 x13:00002000
17059311ns          292681 1c008a5c 00379713 slli             x14, x15, 0x3       x14=00000010 x15:00000002
17059331ns          292682 1c008a60 00279793 slli             x15, x15, 0x2       x15=00000008 x15:00000002
17059351ns          292683 1c008a62 00d7f7b3 and              x15, x15, x13       x15=00000000 x15:00000008 x13:00001f80
17059370ns          292684 1c008a64 ee873733 p.bclr           x14, x14, 23, 8     x14=00000010 x14:00000010
17059390ns          292685 1c008a68 1a10f6b7 lui              x13, 0x1a10f000     x13=1a10f000
17059410ns          292686 1c008a6c 0ff57513 andi             x10, x10, 255       x10=00000065 x10:00000065
17059430ns          292687 1c008a70 00d70733 add              x14, x14, x13       x14=1a10f010 x14:00000010 x13:1a10f000
17059450ns          292688 1c008a72 00a7e723 p.sw             x10, x0(x15)        x10:00000065 x15:00000000  PA:1a10f010
17059768ns          292704 1c008a76 00000513 addi             x10, x0, 0          x10=00000000
17059788ns          292705 1c008a78 00008067 jalr             x0, x1, 0            x1:1c008b48
17059828ns          292707 1c008b48 31f52563 p.beqimm         x10, 778            x10:00000000
17059848ns          292708 1c008b4c 001d8d93 addi             x27, x27, 1         x27=00000005 x27:00000004
17059868ns          292709 1c008b4e 00044503 lbu              x10, 0(x8)          x10=00000073  x8:1c00009d  PA:1c00009d
17060166ns          292724 1c008b52 00140413 addi             x8, x8, 1            x8=1c00009e  x8:1c00009d
17060186ns          292725 1c008b54 fe0514e3 bne              x10, x0, -24        x10:00000073
17060246ns          292728 1c008b3c 02500793 addi             x15, x0, 37         x15=00000025
17060265ns          292729 1c008b40 04f50863 beq              x10, x15, 80        x10:00000073 x15:00000025
17060285ns          292730 1c008b44 01a005b3 add              x11, x0, x26        x11=00000002 x26:00000002
17060305ns          292731 1c008b46 000b00e7 jalr             x1, x22, 0           x1=1c008b48 x22:1c008a52
17060345ns          292733 1c008a52 000026b7 lui              x13, 0x2000         x13=00002000
17060365ns          292734 1c008a54 f14027f3 csrrs            x15, x0, 0xf14      x15=00000002
17060385ns          292735 1c008a58 f8068693 addi             x13, x13, -128      x13=00001f80 x13:00002000
17060405ns          292736 1c008a5c 00379713 slli             x14, x15, 0x3       x14=00000010 x15:00000002
17060425ns          292737 1c008a60 00279793 slli             x15, x15, 0x2       x15=00000008 x15:00000002
17060445ns          292738 1c008a62 00d7f7b3 and              x15, x15, x13       x15=00000000 x15:00000008 x13:00001f80
17060464ns          292739 1c008a64 ee873733 p.bclr           x14, x14, 23, 8     x14=00000010 x14:00000010
17060484ns          292740 1c008a68 1a10f6b7 lui              x13, 0x1a10f000     x13=1a10f000
17060504ns          292741 1c008a6c 0ff57513 andi             x10, x10, 255       x10=00000073 x10:00000073
17060524ns          292742 1c008a70 00d70733 add              x14, x14, x13       x14=1a10f010 x14:00000010 x13:1a10f000
17060544ns          292743 1c008a72 00a7e723 p.sw             x10, x0(x15)        x10:00000073 x15:00000000  PA:1a10f010
17060862ns          292759 1c008a76 00000513 addi             x10, x0, 0          x10=00000000
17060882ns          292760 1c008a78 00008067 jalr             x0, x1, 0            x1:1c008b48
17060922ns          292762 1c008b48 31f52563 p.beqimm         x10, 778            x10:00000000
17060942ns          292763 1c008b4c 001d8d93 addi             x27, x27, 1         x27=00000006 x27:00000005
17060962ns          292764 1c008b4e 00044503 lbu              x10, 0(x8)          x10=00000073  x8:1c00009e  PA:1c00009e
17061260ns          292779 1c008b52 00140413 addi             x8, x8, 1            x8=1c00009f  x8:1c00009e
17061280ns          292780 1c008b54 fe0514e3 bne              x10, x0, -24        x10:00000073
17061340ns          292783 1c008b3c 02500793 addi             x15, x0, 37         x15=00000025
17061359ns          292784 1c008b40 04f50863 beq              x10, x15, 80        x10:00000073 x15:00000025
17061379ns          292785 1c008b44 01a005b3 add              x11, x0, x26        x11=00000002 x26:00000002
17061399ns          292786 1c008b46 000b00e7 jalr             x1, x22, 0           x1=1c008b48 x22:1c008a52
17061439ns          292788 1c008a52 000026b7 lui              x13, 0x2000         x13=00002000
17061459ns          292789 1c008a54 f14027f3 csrrs            x15, x0, 0xf14      x15=00000002
17061479ns          292790 1c008a58 f8068693 addi             x13, x13, -128      x13=00001f80 x13:00002000
17061499ns          292791 1c008a5c 00379713 slli             x14, x15, 0x3       x14=00000010 x15:00000002
17061519ns          292792 1c008a60 00279793 slli             x15, x15, 0x2       x15=00000008 x15:00000002
17061538ns          292793 1c008a62 00d7f7b3 and              x15, x15, x13       x15=00000000 x15:00000008 x13:00001f80
17061558ns          292794 1c008a64 ee873733 p.bclr           x14, x14, 23, 8     x14=00000010 x14:00000010
17061578ns          292795 1c008a68 1a10f6b7 lui              x13, 0x1a10f000     x13=1a10f000
17061598ns          292796 1c008a6c 0ff57513 andi             x10, x10, 255       x10=00000073 x10:00000073
17061618ns          292797 1c008a70 00d70733 add              x14, x14, x13       x14=1a10f010 x14:00000010 x13:1a10f000
17061638ns          292798 1c008a72 00a7e723 p.sw             x10, x0(x15)        x10:00000073 x15:00000000  PA:1a10f010
17061976ns          292815 1c008a76 00000513 addi             x10, x0, 0          x10=00000000
17061996ns          292816 1c008a78 00008067 jalr             x0, x1, 0            x1:1c008b48
17062036ns          292818 1c008b48 31f52563 p.beqimm         x10, 778            x10:00000000
17062056ns          292819 1c008b4c 001d8d93 addi             x27, x27, 1         x27=00000007 x27:00000006
17062076ns          292820 1c008b4e 00044503 lbu              x10, 0(x8)          x10=0000002c  x8:1c00009f  PA:1c00009f
17062374ns          292835 1c008b52 00140413 addi             x8, x8, 1            x8=1c0000a0  x8:1c00009f
17062394ns          292836 1c008b54 fe0514e3 bne              x10, x0, -24        x10:0000002c
17062453ns          292839 1c008b3c 02500793 addi             x15, x0, 37         x15=00000025
17062473ns          292840 1c008b40 04f50863 beq              x10, x15, 80        x10:0000002c x15:00000025
17062493ns          292841 1c008b44 01a005b3 add              x11, x0, x26        x11=00000002 x26:00000002
17062513ns          292842 1c008b46 000b00e7 jalr             x1, x22, 0           x1=1c008b48 x22:1c008a52
17062553ns          292844 1c008a52 000026b7 lui              x13, 0x2000         x13=00002000
17062573ns          292845 1c008a54 f14027f3 csrrs            x15, x0, 0xf14      x15=00000002
17062593ns          292846 1c008a58 f8068693 addi             x13, x13, -128      x13=00001f80 x13:00002000
17062613ns          292847 1c008a5c 00379713 slli             x14, x15, 0x3       x14=00000010 x15:00000002
17062632ns          292848 1c008a60 00279793 slli             x15, x15, 0x2       x15=00000008 x15:00000002
17062652ns          292849 1c008a62 00d7f7b3 and              x15, x15, x13       x15=00000000 x15:00000008 x13:00001f80
17062672ns          292850 1c008a64 ee873733 p.bclr           x14, x14, 23, 8     x14=00000010 x14:00000010
17062692ns          292851 1c008a68 1a10f6b7 lui              x13, 0x1a10f000     x13=1a10f000
17062712ns          292852 1c008a6c 0ff57513 andi             x10, x10, 255       x10=0000002c x10:0000002c
17062732ns          292853 1c008a70 00d70733 add              x14, x14, x13       x14=1a10f010 x14:00000010 x13:1a10f000
17062752ns          292854 1c008a72 00a7e723 p.sw             x10, x0(x15)        x10:0000002c x15:00000000  PA:1a10f010
17063070ns          292870 1c008a76 00000513 addi             x10, x0, 0          x10=00000000
17063090ns          292871 1c008a78 00008067 jalr             x0, x1, 0            x1:1c008b48
17063130ns          292873 1c008b48 31f52563 p.beqimm         x10, 778            x10:00000000
17063150ns          292874 1c008b4c 001d8d93 addi             x27, x27, 1         x27=00000008 x27:00000007
17063170ns          292875 1c008b4e 00044503 lbu              x10, 0(x8)          x10=00000020  x8:1c0000a0  PA:1c0000a0
17063468ns          292890 1c008b52 00140413 addi             x8, x8, 1            x8=1c0000a1  x8:1c0000a0
17063488ns          292891 1c008b54 fe0514e3 bne              x10, x0, -24        x10:00000020
17063547ns          292894 1c008b3c 02500793 addi             x15, x0, 37         x15=00000025
17063567ns          292895 1c008b40 04f50863 beq              x10, x15, 80        x10:00000020 x15:00000025
17063587ns          292896 1c008b44 01a005b3 add              x11, x0, x26        x11=00000002 x26:00000002
17063607ns          292897 1c008b46 000b00e7 jalr             x1, x22, 0           x1=1c008b48 x22:1c008a52
17063647ns          292899 1c008a52 000026b7 lui              x13, 0x2000         x13=00002000
17063667ns          292900 1c008a54 f14027f3 csrrs            x15, x0, 0xf14      x15=00000002
17063687ns          292901 1c008a58 f8068693 addi             x13, x13, -128      x13=00001f80 x13:00002000
17063707ns          292902 1c008a5c 00379713 slli             x14, x15, 0x3       x14=00000010 x15:00000002
17063726ns          292903 1c008a60 00279793 slli             x15, x15, 0x2       x15=00000008 x15:00000002
17063746ns          292904 1c008a62 00d7f7b3 and              x15, x15, x13       x15=00000000 x15:00000008 x13:00001f80
17063766ns          292905 1c008a64 ee873733 p.bclr           x14, x14, 23, 8     x14=00000010 x14:00000010
17063786ns          292906 1c008a68 1a10f6b7 lui              x13, 0x1a10f000     x13=1a10f000
17063806ns          292907 1c008a6c 0ff57513 andi             x10, x10, 255       x10=00000020 x10:00000020
17063826ns          292908 1c008a70 00d70733 add              x14, x14, x13       x14=1a10f010 x14:00000010 x13:1a10f000
17063846ns          292909 1c008a72 00a7e723 p.sw             x10, x0(x15)        x10:00000020 x15:00000000  PA:1a10f010
17064164ns          292925 1c008a76 00000513 addi             x10, x0, 0          x10=00000000
17064184ns          292926 1c008a78 00008067 jalr             x0, x1, 0            x1:1c008b48
17064224ns          292928 1c008b48 31f52563 p.beqimm         x10, 778            x10:00000000
17064244ns          292929 1c008b4c 001d8d93 addi             x27, x27, 1         x27=00000009 x27:00000008
17064264ns          292930 1c008b4e 00044503 lbu              x10, 0(x8)          x10=00000000  x8:1c0000a1  PA:1c0000a1
17064562ns          292945 1c008b52 00140413 addi             x8, x8, 1            x8=1c0000a2  x8:1c0000a1
17064582ns          292946 1c008b54 fe0514e3 bne              x10, x0, -24        x10:00000000
17064602ns          292947 1c008b56 01b00433 add              x8, x0, x27          x8=00000009 x27:00000009
17064622ns          292948 1c008b58 00800533 add              x10, x0, x8         x10=00000009  x8:00000009
17064641ns          292949 1c008b5a 12c12083 lw               x1, 300(x2)          x1=1c008ae6  x2:10002228  PA:10002354
17064661ns          292950 1c008b5e 12812403 lw               x8, 296(x2)          x8=1c00110c  x2:10002228  PA:10002350
17064681ns          292951 1c008b62 12412483 lw               x9, 292(x2)          x9=00000000  x2:10002228  PA:1000234c
17064701ns          292952 1c008b66 12012903 lw               x18, 288(x2)        x18=1a10b004  x2:10002228  PA:10002348
17064721ns          292953 1c008b6a 11c12983 lw               x19, 284(x2)        x19=00000002  x2:10002228  PA:10002344
17064781ns          292956 1c008b6e 11812a03 lw               x20, 280(x2)        x20=1c001110  x2:10002228  PA:10002340
17064820ns          292958 1c008b72 11412a83 lw               x21, 276(x2)        x21=1c00a000  x2:10002228  PA:1000233c
17064840ns          292959 1c008b76 11012b03 lw               x22, 272(x2)        x22=1c00a000  x2:10002228  PA:10002338
17064860ns          292960 1c008b7a 10c12b83 lw               x23, 268(x2)        x23=1c000000  x2:10002228  PA:10002334
17064920ns          292963 1c008b7e 10812c03 lw               x24, 264(x2)        x24=1c000000  x2:10002228  PA:10002330
17064960ns          292965 1c008b82 10412c83 lw               x25, 260(x2)        x25=1c000000  x2:10002228  PA:1000232c
17064980ns          292966 1c008b86 10012d03 lw               x26, 256(x2)        x26=1c000000  x2:10002228  PA:10002328
17064999ns          292967 1c008b8a 0fc12d83 lw               x27, 252(x2)        x27=1c001104  x2:10002228  PA:10002324
17065019ns          292968 1c008b8c 13010113 addi             x2, x2, 304          x2=10002358  x2:10002228
17065039ns          292969 1c008b8e 00008067 jalr             x0, x1, 0            x1:1c008ae6
17065079ns          292971 1c008ae6 01c12083 lw               x1, 28(x2)           x1=1c009d08  x2:10002358  PA:10002374
17065099ns          292972 1c008ae8 04010113 addi             x2, x2, 64           x2=10002398  x2:10002358
17065139ns          292974 1c008aea 00008067 jalr             x0, x1, 0            x1:1c009d08
17065218ns          292978 1c009d08 00c12583 lw               x11, 12(x2)         x11=00000000  x2:10002398  PA:100023a4
17065258ns          292980 1c009d0a 0acc8513 addi             x10, x25, 172       x10=1c0000ac x25:1c000000
17065437ns          292989 1c009d0e db1fe0ef jal              x1, -4688            x1=1c009d12
17065477ns          292991 1c008abe fc010113 addi             x2, x2, -64          x2=10002358  x2:10002398
17065497ns          292992 1c008ac0 02410313 addi             x6, x2, 36           x6=1000237c  x2:10002358
17065517ns          292993 1c008ac4 02c12423 sw               x12, 40(x2)         x12:1c000098  x2:10002358  PA:10002380
17065537ns          292994 1c008ac6 00a00633 add              x12, x0, x10        x12=1c0000ac x10:1c0000ac
17065556ns          292995 1c008ac8 1c009537 lui              x10, 0x1c009000     x10=1c009000
17065576ns          292996 1c008acc 02b12223 sw               x11, 36(x2)         x11:00000000  x2:10002358  PA:1000237c
17065596ns          292997 1c008ace 02d12623 sw               x13, 44(x2)         x13:1a10f000  x2:10002358  PA:10002384
17065616ns          292998 1c008ad0 00200593 addi             x11, x0, 2          x11=00000002
17065636ns          292999 1c008ad2 006006b3 add              x13, x0, x6         x13=1000237c  x6:1000237c
17065656ns          293000 1c008ad4 a5250513 addi             x10, x10, -1454     x10=1c008a52 x10:1c009000
17065676ns          293001 1c008ad8 00112e23 sw               x1, 28(x2)           x1:1c009d12  x2:10002358  PA:10002374
17065696ns          293002 1c008ada 02e12823 sw               x14, 48(x2)         x14:1a10f010  x2:10002358  PA:10002388
17065716ns          293003 1c008adc 02f12a23 sw               x15, 52(x2)         x15:00000000  x2:10002358  PA:1000238c
17065735ns          293004 1c008ade 03012c23 sw               x16, 56(x2)         x16:1000224c  x2:10002358  PA:10002390
17065755ns          293005 1c008ae0 03112e23 sw               x17, 60(x2)         x17:1c000040  x2:10002358  PA:10002394
17065775ns          293006 1c008ae2 00612623 sw               x6, 12(x2)           x6:1000237c  x2:10002358  PA:10002364
17065795ns          293007 1c008ae4 fbfff0ef jal              x1, -66              x1=1c008ae6
17065835ns          293009 1c008aa2 04a0006f jal              x0, 74             
17065875ns          293011 1c008aec ed010113 addi             x2, x2, -304         x2=10002228  x2:10002358
17065895ns          293012 1c008aee 12812423 sw               x8, 296(x2)          x8:1c00110c  x2:10002228  PA:10002350
17065914ns          293013 1c008af2 00000413 addi             x8, x0, 0            x8=00000000
17065934ns          293014 1c008af4 11612823 sw               x22, 272(x2)        x22:1c00a000  x2:10002228  PA:10002338
17065954ns          293015 1c008af8 11712623 sw               x23, 268(x2)        x23:1c000000  x2:10002228  PA:10002334
17065974ns          293016 1c008afc 11812423 sw               x24, 264(x2)        x24:1c000000  x2:10002228  PA:10002330
17066014ns          293018 1c008b00 11912223 sw               x25, 260(x2)        x25:1c000000  x2:10002228  PA:1000232c
17066054ns          293020 1c008b04 11a12023 sw               x26, 256(x2)        x26:1c000000  x2:10002228  PA:10002328
17066074ns          293021 1c008b08 0fb12e23 sw               x27, 252(x2)        x27:1c001104  x2:10002228  PA:10002324
17066093ns          293022 1c008b0a 12112623 sw               x1, 300(x2)          x1:1c008ae6  x2:10002228  PA:10002354
17066113ns          293023 1c008b0e 00800db3 add              x27, x0, x8         x27=00000000  x8:00000000
17066133ns          293024 1c008b10 12912223 sw               x9, 292(x2)          x9:00000000  x2:10002228  PA:1000234c
17066153ns          293025 1c008b14 13212023 sw               x18, 288(x2)        x18:1a10b004  x2:10002228  PA:10002348
17066173ns          293026 1c008b18 11312e23 sw               x19, 284(x2)        x19:00000002  x2:10002228  PA:10002344
17066193ns          293027 1c008b1c 11412c23 sw               x20, 280(x2)        x20:1c001110  x2:10002228  PA:10002340
17066213ns          293028 1c008b20 11512a23 sw               x21, 276(x2)        x21:1c00a000  x2:10002228  PA:1000233c
17066233ns          293029 1c008b24 00a00b33 add              x22, x0, x10        x22=1c008a52 x10:1c008a52
17066253ns          293030 1c008b26 00b00d33 add              x26, x0, x11        x26=00000002 x11:00000002
17066272ns          293031 1c008b28 00d00c33 add              x24, x0, x13        x24=1000237c x13:1000237c
17066292ns          293032 1c008b2a 1c000bb7 lui              x23, 0x1c000000     x23=1c000000
17066312ns          293033 1c008b2e 02410c93 addi             x25, x2, 36         x25=1000224c  x2:10002228
17066332ns          293034 1c008b32 00c00433 add              x8, x0, x12          x8=1c0000ac x12:1c0000ac
17066352ns          293035 1c008b34 00044503 lbu              x10, 0(x8)          x10=0000006e  x8:1c0000ac  PA:1c0000ac
17066650ns          293050 1c008b38 00140413 addi             x8, x8, 1            x8=1c0000ad  x8:1c0000ac
17066670ns          293051 1c008b3a 00050e63 beq              x10, x0, 28         x10:0000006e
17066690ns          293052 1c008b3c 02500793 addi             x15, x0, 37         x15=00000025
17066710ns          293053 1c008b40 04f50863 beq              x10, x15, 80        x10:0000006e x15:00000025
17066730ns          293054 1c008b44 01a005b3 add              x11, x0, x26        x11=00000002 x26:00000002
17066750ns          293055 1c008b46 000b00e7 jalr             x1, x22, 0           x1=1c008b48 x22:1c008a52
17066790ns          293057 1c008a52 000026b7 lui              x13, 0x2000         x13=00002000
17066810ns          293058 1c008a54 f14027f3 csrrs            x15, x0, 0xf14      x15=00000002
17066829ns          293059 1c008a58 f8068693 addi             x13, x13, -128      x13=00001f80 x13:00002000
17066849ns          293060 1c008a5c 00379713 slli             x14, x15, 0x3       x14=00000010 x15:00000002
17066869ns          293061 1c008a60 00279793 slli             x15, x15, 0x2       x15=00000008 x15:00000002
17066889ns          293062 1c008a62 00d7f7b3 and              x15, x15, x13       x15=00000000 x15:00000008 x13:00001f80
17066909ns          293063 1c008a64 ee873733 p.bclr           x14, x14, 23, 8     x14=00000010 x14:00000010
17066929ns          293064 1c008a68 1a10f6b7 lui              x13, 0x1a10f000     x13=1a10f000
17066949ns          293065 1c008a6c 0ff57513 andi             x10, x10, 255       x10=0000006e x10:0000006e
17066969ns          293066 1c008a70 00d70733 add              x14, x14, x13       x14=1a10f010 x14:00000010 x13:1a10f000
17066989ns          293067 1c008a72 00a7e723 p.sw             x10, x0(x15)        x10:0000006e x15:00000000  PA:1a10f010
17067327ns          293084 1c008a76 00000513 addi             x10, x0, 0          x10=00000000
17067347ns          293085 1c008a78 00008067 jalr             x0, x1, 0            x1:1c008b48
17067386ns          293087 1c008b48 31f52563 p.beqimm         x10, 778            x10:00000000
17067406ns          293088 1c008b4c 001d8d93 addi             x27, x27, 1         x27=00000001 x27:00000000
17067426ns          293089 1c008b4e 00044503 lbu              x10, 0(x8)          x10=00000072  x8:1c0000ad  PA:1c0000ad
17067725ns          293104 1c008b52 00140413 addi             x8, x8, 1            x8=1c0000ae  x8:1c0000ad
17067744ns          293105 1c008b54 fe0514e3 bne              x10, x0, -24        x10:00000072
17067804ns          293108 1c008b3c 02500793 addi             x15, x0, 37         x15=00000025
17067824ns          293109 1c008b40 04f50863 beq              x10, x15, 80        x10:00000072 x15:00000025
17067844ns          293110 1c008b44 01a005b3 add              x11, x0, x26        x11=00000002 x26:00000002
17067864ns          293111 1c008b46 000b00e7 jalr             x1, x22, 0           x1=1c008b48 x22:1c008a52
17067904ns          293113 1c008a52 000026b7 lui              x13, 0x2000         x13=00002000
17067923ns          293114 1c008a54 f14027f3 csrrs            x15, x0, 0xf14      x15=00000002
17067943ns          293115 1c008a58 f8068693 addi             x13, x13, -128      x13=00001f80 x13:00002000
17067963ns          293116 1c008a5c 00379713 slli             x14, x15, 0x3       x14=00000010 x15:00000002
17067983ns          293117 1c008a60 00279793 slli             x15, x15, 0x2       x15=00000008 x15:00000002
17068003ns          293118 1c008a62 00d7f7b3 and              x15, x15, x13       x15=00000000 x15:00000008 x13:00001f80
17068023ns          293119 1c008a64 ee873733 p.bclr           x14, x14, 23, 8     x14=00000010 x14:00000010
17068043ns          293120 1c008a68 1a10f6b7 lui              x13, 0x1a10f000     x13=1a10f000
17068063ns          293121 1c008a6c 0ff57513 andi             x10, x10, 255       x10=00000072 x10:00000072
17068083ns          293122 1c008a70 00d70733 add              x14, x14, x13       x14=1a10f010 x14:00000010 x13:1a10f000
17068102ns          293123 1c008a72 00a7e723 p.sw             x10, x0(x15)        x10:00000072 x15:00000000  PA:1a10f010
17068421ns          293139 1c008a76 00000513 addi             x10, x0, 0          x10=00000000
17068441ns          293140 1c008a78 00008067 jalr             x0, x1, 0            x1:1c008b48
17068480ns          293142 1c008b48 31f52563 p.beqimm         x10, 778            x10:00000000
17068500ns          293143 1c008b4c 001d8d93 addi             x27, x27, 1         x27=00000002 x27:00000001
17068520ns          293144 1c008b4e 00044503 lbu              x10, 0(x8)          x10=0000002e  x8:1c0000ae  PA:1c0000ae
17068819ns          293159 1c008b52 00140413 addi             x8, x8, 1            x8=1c0000af  x8:1c0000ae
17068838ns          293160 1c008b54 fe0514e3 bne              x10, x0, -24        x10:0000002e
17068898ns          293163 1c008b3c 02500793 addi             x15, x0, 37         x15=00000025
17068918ns          293164 1c008b40 04f50863 beq              x10, x15, 80        x10:0000002e x15:00000025
17068938ns          293165 1c008b44 01a005b3 add              x11, x0, x26        x11=00000002 x26:00000002
17068958ns          293166 1c008b46 000b00e7 jalr             x1, x22, 0           x1=1c008b48 x22:1c008a52
17068998ns          293168 1c008a52 000026b7 lui              x13, 0x2000         x13=00002000
17069017ns          293169 1c008a54 f14027f3 csrrs            x15, x0, 0xf14      x15=00000002
17069037ns          293170 1c008a58 f8068693 addi             x13, x13, -128      x13=00001f80 x13:00002000
17069057ns          293171 1c008a5c 00379713 slli             x14, x15, 0x3       x14=00000010 x15:00000002
17069077ns          293172 1c008a60 00279793 slli             x15, x15, 0x2       x15=00000008 x15:00000002
17069097ns          293173 1c008a62 00d7f7b3 and              x15, x15, x13       x15=00000000 x15:00000008 x13:00001f80
17069117ns          293174 1c008a64 ee873733 p.bclr           x14, x14, 23, 8     x14=00000010 x14:00000010
17069137ns          293175 1c008a68 1a10f6b7 lui              x13, 0x1a10f000     x13=1a10f000
17069157ns          293176 1c008a6c 0ff57513 andi             x10, x10, 255       x10=0000002e x10:0000002e
17069177ns          293177 1c008a70 00d70733 add              x14, x14, x13       x14=1a10f010 x14:00000010 x13:1a10f000
17069196ns          293178 1c008a72 00a7e723 p.sw             x10, x0(x15)        x10:0000002e x15:00000000  PA:1a10f010
17069515ns          293194 1c008a76 00000513 addi             x10, x0, 0          x10=00000000
17069535ns          293195 1c008a78 00008067 jalr             x0, x1, 0            x1:1c008b48
17069574ns          293197 1c008b48 31f52563 p.beqimm         x10, 778            x10:00000000
17069594ns          293198 1c008b4c 001d8d93 addi             x27, x27, 1         x27=00000003 x27:00000002
17069614ns          293199 1c008b4e 00044503 lbu              x10, 0(x8)          x10=00000020  x8:1c0000af  PA:1c0000af
17069932ns          293215 1c008b52 00140413 addi             x8, x8, 1            x8=1c0000b0  x8:1c0000af
17069952ns          293216 1c008b54 fe0514e3 bne              x10, x0, -24        x10:00000020
17070012ns          293219 1c008b3c 02500793 addi             x15, x0, 37         x15=00000025
17070032ns          293220 1c008b40 04f50863 beq              x10, x15, 80        x10:00000020 x15:00000025
17070052ns          293221 1c008b44 01a005b3 add              x11, x0, x26        x11=00000002 x26:00000002
17070072ns          293222 1c008b46 000b00e7 jalr             x1, x22, 0           x1=1c008b48 x22:1c008a52
17070111ns          293224 1c008a52 000026b7 lui              x13, 0x2000         x13=00002000
17070131ns          293225 1c008a54 f14027f3 csrrs            x15, x0, 0xf14      x15=00000002
17070151ns          293226 1c008a58 f8068693 addi             x13, x13, -128      x13=00001f80 x13:00002000
17070171ns          293227 1c008a5c 00379713 slli             x14, x15, 0x3       x14=00000010 x15:00000002
17070191ns          293228 1c008a60 00279793 slli             x15, x15, 0x2       x15=00000008 x15:00000002
17070211ns          293229 1c008a62 00d7f7b3 and              x15, x15, x13       x15=00000000 x15:00000008 x13:00001f80
17070231ns          293230 1c008a64 ee873733 p.bclr           x14, x14, 23, 8     x14=00000010 x14:00000010
17070251ns          293231 1c008a68 1a10f6b7 lui              x13, 0x1a10f000     x13=1a10f000
17070271ns          293232 1c008a6c 0ff57513 andi             x10, x10, 255       x10=00000020 x10:00000020
17070290ns          293233 1c008a70 00d70733 add              x14, x14, x13       x14=1a10f010 x14:00000010 x13:1a10f000
17070310ns          293234 1c008a72 00a7e723 p.sw             x10, x0(x15)        x10:00000020 x15:00000000  PA:1a10f010
17070629ns          293250 1c008a76 00000513 addi             x10, x0, 0          x10=00000000
17070648ns          293251 1c008a78 00008067 jalr             x0, x1, 0            x1:1c008b48
17070688ns          293253 1c008b48 31f52563 p.beqimm         x10, 778            x10:00000000
17070708ns          293254 1c008b4c 001d8d93 addi             x27, x27, 1         x27=00000004 x27:00000003
17070728ns          293255 1c008b4e 00044503 lbu              x10, 0(x8)          x10=0000006f  x8:1c0000b0  PA:1c0000b0
17071026ns          293270 1c008b52 00140413 addi             x8, x8, 1            x8=1c0000b1  x8:1c0000b0
17071046ns          293271 1c008b54 fe0514e3 bne              x10, x0, -24        x10:0000006f
17071106ns          293274 1c008b3c 02500793 addi             x15, x0, 37         x15=00000025
17071126ns          293275 1c008b40 04f50863 beq              x10, x15, 80        x10:0000006f x15:00000025
17071146ns          293276 1c008b44 01a005b3 add              x11, x0, x26        x11=00000002 x26:00000002
17071166ns          293277 1c008b46 000b00e7 jalr             x1, x22, 0           x1=1c008b48 x22:1c008a52
17071205ns          293279 1c008a52 000026b7 lui              x13, 0x2000         x13=00002000
17071225ns          293280 1c008a54 f14027f3 csrrs            x15, x0, 0xf14      x15=00000002
17071245ns          293281 1c008a58 f8068693 addi             x13, x13, -128      x13=00001f80 x13:00002000
17071265ns          293282 1c008a5c 00379713 slli             x14, x15, 0x3       x14=00000010 x15:00000002
17071285ns          293283 1c008a60 00279793 slli             x15, x15, 0x2       x15=00000008 x15:00000002
17071305ns          293284 1c008a62 00d7f7b3 and              x15, x15, x13       x15=00000000 x15:00000008 x13:00001f80
17071325ns          293285 1c008a64 ee873733 p.bclr           x14, x14, 23, 8     x14=00000010 x14:00000010
17071345ns          293286 1c008a68 1a10f6b7 lui              x13, 0x1a10f000     x13=1a10f000
17071365ns          293287 1c008a6c 0ff57513 andi             x10, x10, 255       x10=0000006f x10:0000006f
17071384ns          293288 1c008a70 00d70733 add              x14, x14, x13       x14=1a10f010 x14:00000010 x13:1a10f000
17071404ns          293289 1c008a72 00a7e723 p.sw             x10, x0(x15)        x10:0000006f x15:00000000  PA:1a10f010
17071742ns          293306 1c008a76 00000513 addi             x10, x0, 0          x10=00000000
17071762ns          293307 1c008a78 00008067 jalr             x0, x1, 0            x1:1c008b48
17071802ns          293309 1c008b48 31f52563 p.beqimm         x10, 778            x10:00000000
17071822ns          293310 1c008b4c 001d8d93 addi             x27, x27, 1         x27=00000005 x27:00000004
17071842ns          293311 1c008b4e 00044503 lbu              x10, 0(x8)          x10=00000066  x8:1c0000b1  PA:1c0000b1
17072140ns          293326 1c008b52 00140413 addi             x8, x8, 1            x8=1c0000b2  x8:1c0000b1
17072160ns          293327 1c008b54 fe0514e3 bne              x10, x0, -24        x10:00000066
17072220ns          293330 1c008b3c 02500793 addi             x15, x0, 37         x15=00000025
17072240ns          293331 1c008b40 04f50863 beq              x10, x15, 80        x10:00000066 x15:00000025
17072260ns          293332 1c008b44 01a005b3 add              x11, x0, x26        x11=00000002 x26:00000002
17072280ns          293333 1c008b46 000b00e7 jalr             x1, x22, 0           x1=1c008b48 x22:1c008a52
17072319ns          293335 1c008a52 000026b7 lui              x13, 0x2000         x13=00002000
17072339ns          293336 1c008a54 f14027f3 csrrs            x15, x0, 0xf14      x15=00000002
17072359ns          293337 1c008a58 f8068693 addi             x13, x13, -128      x13=00001f80 x13:00002000
17072379ns          293338 1c008a5c 00379713 slli             x14, x15, 0x3       x14=00000010 x15:00000002
17072399ns          293339 1c008a60 00279793 slli             x15, x15, 0x2       x15=00000008 x15:00000002
17072419ns          293340 1c008a62 00d7f7b3 and              x15, x15, x13       x15=00000000 x15:00000008 x13:00001f80
17072439ns          293341 1c008a64 ee873733 p.bclr           x14, x14, 23, 8     x14=00000010 x14:00000010
17072459ns          293342 1c008a68 1a10f6b7 lui              x13, 0x1a10f000     x13=1a10f000
17072478ns          293343 1c008a6c 0ff57513 andi             x10, x10, 255       x10=00000066 x10:00000066
17072498ns          293344 1c008a70 00d70733 add              x14, x14, x13       x14=1a10f010 x14:00000010 x13:1a10f000
17072518ns          293345 1c008a72 00a7e723 p.sw             x10, x0(x15)        x10:00000066 x15:00000000  PA:1a10f010
17072856ns          293362 1c008a76 00000513 addi             x10, x0, 0          x10=00000000
17072876ns          293363 1c008a78 00008067 jalr             x0, x1, 0            x1:1c008b48
17072916ns          293365 1c008b48 31f52563 p.beqimm         x10, 778            x10:00000000
17072936ns          293366 1c008b4c 001d8d93 addi             x27, x27, 1         x27=00000006 x27:00000005
17072956ns          293367 1c008b4e 00044503 lbu              x10, 0(x8)          x10=00000020  x8:1c0000b2  PA:1c0000b2
17073254ns          293382 1c008b52 00140413 addi             x8, x8, 1            x8=1c0000b3  x8:1c0000b2
17073274ns          293383 1c008b54 fe0514e3 bne              x10, x0, -24        x10:00000020
17073334ns          293386 1c008b3c 02500793 addi             x15, x0, 37         x15=00000025
17073354ns          293387 1c008b40 04f50863 beq              x10, x15, 80        x10:00000020 x15:00000025
17073373ns          293388 1c008b44 01a005b3 add              x11, x0, x26        x11=00000002 x26:00000002
17073393ns          293389 1c008b46 000b00e7 jalr             x1, x22, 0           x1=1c008b48 x22:1c008a52
17073433ns          293391 1c008a52 000026b7 lui              x13, 0x2000         x13=00002000
17073453ns          293392 1c008a54 f14027f3 csrrs            x15, x0, 0xf14      x15=00000002
17073473ns          293393 1c008a58 f8068693 addi             x13, x13, -128      x13=00001f80 x13:00002000
17073493ns          293394 1c008a5c 00379713 slli             x14, x15, 0x3       x14=00000010 x15:00000002
17073513ns          293395 1c008a60 00279793 slli             x15, x15, 0x2       x15=00000008 x15:00000002
17073533ns          293396 1c008a62 00d7f7b3 and              x15, x15, x13       x15=00000000 x15:00000008 x13:00001f80
17073553ns          293397 1c008a64 ee873733 p.bclr           x14, x14, 23, 8     x14=00000010 x14:00000010
17073572ns          293398 1c008a68 1a10f6b7 lui              x13, 0x1a10f000     x13=1a10f000
17073592ns          293399 1c008a6c 0ff57513 andi             x10, x10, 255       x10=00000020 x10:00000020
17073612ns          293400 1c008a70 00d70733 add              x14, x14, x13       x14=1a10f010 x14:00000010 x13:1a10f000
17073632ns          293401 1c008a72 00a7e723 p.sw             x10, x0(x15)        x10:00000020 x15:00000000  PA:1a10f010
17073990ns          293419 1c008a76 00000513 addi             x10, x0, 0          x10=00000000
17074010ns          293420 1c008a78 00008067 jalr             x0, x1, 0            x1:1c008b48
17074050ns          293422 1c008b48 31f52563 p.beqimm         x10, 778            x10:00000000
17074070ns          293423 1c008b4c 001d8d93 addi             x27, x27, 1         x27=00000007 x27:00000006
17074090ns          293424 1c008b4e 00044503 lbu              x10, 0(x8)          x10=00000065  x8:1c0000b3  PA:1c0000b3
17074388ns          293439 1c008b52 00140413 addi             x8, x8, 1            x8=1c0000b4  x8:1c0000b3
17074408ns          293440 1c008b54 fe0514e3 bne              x10, x0, -24        x10:00000065
17074467ns          293443 1c008b3c 02500793 addi             x15, x0, 37         x15=00000025
17074487ns          293444 1c008b40 04f50863 beq              x10, x15, 80        x10:00000065 x15:00000025
17074507ns          293445 1c008b44 01a005b3 add              x11, x0, x26        x11=00000002 x26:00000002
17074527ns          293446 1c008b46 000b00e7 jalr             x1, x22, 0           x1=1c008b48 x22:1c008a52
17074567ns          293448 1c008a52 000026b7 lui              x13, 0x2000         x13=00002000
17074587ns          293449 1c008a54 f14027f3 csrrs            x15, x0, 0xf14      x15=00000002
17074607ns          293450 1c008a58 f8068693 addi             x13, x13, -128      x13=00001f80 x13:00002000
17074627ns          293451 1c008a5c 00379713 slli             x14, x15, 0x3       x14=00000010 x15:00000002
17074647ns          293452 1c008a60 00279793 slli             x15, x15, 0x2       x15=00000008 x15:00000002
17074666ns          293453 1c008a62 00d7f7b3 and              x15, x15, x13       x15=00000000 x15:00000008 x13:00001f80
17074686ns          293454 1c008a64 ee873733 p.bclr           x14, x14, 23, 8     x14=00000010 x14:00000010
17074706ns          293455 1c008a68 1a10f6b7 lui              x13, 0x1a10f000     x13=1a10f000
17074726ns          293456 1c008a6c 0ff57513 andi             x10, x10, 255       x10=00000065 x10:00000065
17074746ns          293457 1c008a70 00d70733 add              x14, x14, x13       x14=1a10f010 x14:00000010 x13:1a10f000
17074766ns          293458 1c008a72 00a7e723 p.sw             x10, x0(x15)        x10:00000065 x15:00000000  PA:1a10f010
17075084ns          293474 1c008a76 00000513 addi             x10, x0, 0          x10=00000000
17075104ns          293475 1c008a78 00008067 jalr             x0, x1, 0            x1:1c008b48
17075144ns          293477 1c008b48 31f52563 p.beqimm         x10, 778            x10:00000000
17075164ns          293478 1c008b4c 001d8d93 addi             x27, x27, 1         x27=00000008 x27:00000007
17075184ns          293479 1c008b4e 00044503 lbu              x10, 0(x8)          x10=00000072  x8:1c0000b4  PA:1c0000b4
17075482ns          293494 1c008b52 00140413 addi             x8, x8, 1            x8=1c0000b5  x8:1c0000b4
17075502ns          293495 1c008b54 fe0514e3 bne              x10, x0, -24        x10:00000072
17075561ns          293498 1c008b3c 02500793 addi             x15, x0, 37         x15=00000025
17075581ns          293499 1c008b40 04f50863 beq              x10, x15, 80        x10:00000072 x15:00000025
17075601ns          293500 1c008b44 01a005b3 add              x11, x0, x26        x11=00000002 x26:00000002
17075621ns          293501 1c008b46 000b00e7 jalr             x1, x22, 0           x1=1c008b48 x22:1c008a52
17075661ns          293503 1c008a52 000026b7 lui              x13, 0x2000         x13=00002000
17075681ns          293504 1c008a54 f14027f3 csrrs            x15, x0, 0xf14      x15=00000002
17075701ns          293505 1c008a58 f8068693 addi             x13, x13, -128      x13=00001f80 x13:00002000
17075721ns          293506 1c008a5c 00379713 slli             x14, x15, 0x3       x14=00000010 x15:00000002
17075740ns          293507 1c008a60 00279793 slli             x15, x15, 0x2       x15=00000008 x15:00000002
17075760ns          293508 1c008a62 00d7f7b3 and              x15, x15, x13       x15=00000000 x15:00000008 x13:00001f80
17075780ns          293509 1c008a64 ee873733 p.bclr           x14, x14, 23, 8     x14=00000010 x14:00000010
17075800ns          293510 1c008a68 1a10f6b7 lui              x13, 0x1a10f000     x13=1a10f000
17075820ns          293511 1c008a6c 0ff57513 andi             x10, x10, 255       x10=00000072 x10:00000072
17075840ns          293512 1c008a70 00d70733 add              x14, x14, x13       x14=1a10f010 x14:00000010 x13:1a10f000
17075860ns          293513 1c008a72 00a7e723 p.sw             x10, x0(x15)        x10:00000072 x15:00000000  PA:1a10f010
17076178ns          293529 1c008a76 00000513 addi             x10, x0, 0          x10=00000000
17076198ns          293530 1c008a78 00008067 jalr             x0, x1, 0            x1:1c008b48
17076238ns          293532 1c008b48 31f52563 p.beqimm         x10, 778            x10:00000000
17076258ns          293533 1c008b4c 001d8d93 addi             x27, x27, 1         x27=00000009 x27:00000008
17076278ns          293534 1c008b4e 00044503 lbu              x10, 0(x8)          x10=00000072  x8:1c0000b5  PA:1c0000b5
17076596ns          293550 1c008b52 00140413 addi             x8, x8, 1            x8=1c0000b6  x8:1c0000b5
17076616ns          293551 1c008b54 fe0514e3 bne              x10, x0, -24        x10:00000072
17076675ns          293554 1c008b3c 02500793 addi             x15, x0, 37         x15=00000025
17076695ns          293555 1c008b40 04f50863 beq              x10, x15, 80        x10:00000072 x15:00000025
17076715ns          293556 1c008b44 01a005b3 add              x11, x0, x26        x11=00000002 x26:00000002
17076735ns          293557 1c008b46 000b00e7 jalr             x1, x22, 0           x1=1c008b48 x22:1c008a52
17076775ns          293559 1c008a52 000026b7 lui              x13, 0x2000         x13=00002000
17076795ns          293560 1c008a54 f14027f3 csrrs            x15, x0, 0xf14      x15=00000002
17076815ns          293561 1c008a58 f8068693 addi             x13, x13, -128      x13=00001f80 x13:00002000
17076834ns          293562 1c008a5c 00379713 slli             x14, x15, 0x3       x14=00000010 x15:00000002
17076854ns          293563 1c008a60 00279793 slli             x15, x15, 0x2       x15=00000008 x15:00000002
17076874ns          293564 1c008a62 00d7f7b3 and              x15, x15, x13       x15=00000000 x15:00000008 x13:00001f80
17076894ns          293565 1c008a64 ee873733 p.bclr           x14, x14, 23, 8     x14=00000010 x14:00000010
17076914ns          293566 1c008a68 1a10f6b7 lui              x13, 0x1a10f000     x13=1a10f000
17076934ns          293567 1c008a6c 0ff57513 andi             x10, x10, 255       x10=00000072 x10:00000072
17076954ns          293568 1c008a70 00d70733 add              x14, x14, x13       x14=1a10f010 x14:00000010 x13:1a10f000
17076974ns          293569 1c008a72 00a7e723 p.sw             x10, x0(x15)        x10:00000072 x15:00000000  PA:1a10f010
17077292ns          293585 1c008a76 00000513 addi             x10, x0, 0          x10=00000000
17077312ns          293586 1c008a78 00008067 jalr             x0, x1, 0            x1:1c008b48
17077352ns          293588 1c008b48 31f52563 p.beqimm         x10, 778            x10:00000000
17077372ns          293589 1c008b4c 001d8d93 addi             x27, x27, 1         x27=0000000a x27:00000009
17077391ns          293590 1c008b4e 00044503 lbu              x10, 0(x8)          x10=0000006f  x8:1c0000b6  PA:1c0000b6
17077690ns          293605 1c008b52 00140413 addi             x8, x8, 1            x8=1c0000b7  x8:1c0000b6
17077710ns          293606 1c008b54 fe0514e3 bne              x10, x0, -24        x10:0000006f
17077769ns          293609 1c008b3c 02500793 addi             x15, x0, 37         x15=00000025
17077789ns          293610 1c008b40 04f50863 beq              x10, x15, 80        x10:0000006f x15:00000025
17077809ns          293611 1c008b44 01a005b3 add              x11, x0, x26        x11=00000002 x26:00000002
17077829ns          293612 1c008b46 000b00e7 jalr             x1, x22, 0           x1=1c008b48 x22:1c008a52
17077869ns          293614 1c008a52 000026b7 lui              x13, 0x2000         x13=00002000
17077889ns          293615 1c008a54 f14027f3 csrrs            x15, x0, 0xf14      x15=00000002
17077909ns          293616 1c008a58 f8068693 addi             x13, x13, -128      x13=00001f80 x13:00002000
17077928ns          293617 1c008a5c 00379713 slli             x14, x15, 0x3       x14=00000010 x15:00000002
17077948ns          293618 1c008a60 00279793 slli             x15, x15, 0x2       x15=00000008 x15:00000002
17077968ns          293619 1c008a62 00d7f7b3 and              x15, x15, x13       x15=00000000 x15:00000008 x13:00001f80
17077988ns          293620 1c008a64 ee873733 p.bclr           x14, x14, 23, 8     x14=00000010 x14:00000010
17078008ns          293621 1c008a68 1a10f6b7 lui              x13, 0x1a10f000     x13=1a10f000
17078028ns          293622 1c008a6c 0ff57513 andi             x10, x10, 255       x10=0000006f x10:0000006f
17078048ns          293623 1c008a70 00d70733 add              x14, x14, x13       x14=1a10f010 x14:00000010 x13:1a10f000
17078068ns          293624 1c008a72 00a7e723 p.sw             x10, x0(x15)        x10:0000006f x15:00000000  PA:1a10f010
17078386ns          293640 1c008a76 00000513 addi             x10, x0, 0          x10=00000000
17078406ns          293641 1c008a78 00008067 jalr             x0, x1, 0            x1:1c008b48
17078446ns          293643 1c008b48 31f52563 p.beqimm         x10, 778            x10:00000000
17078466ns          293644 1c008b4c 001d8d93 addi             x27, x27, 1         x27=0000000b x27:0000000a
17078485ns          293645 1c008b4e 00044503 lbu              x10, 0(x8)          x10=00000072  x8:1c0000b7  PA:1c0000b7
17078784ns          293660 1c008b52 00140413 addi             x8, x8, 1            x8=1c0000b8  x8:1c0000b7
17078804ns          293661 1c008b54 fe0514e3 bne              x10, x0, -24        x10:00000072
17078863ns          293664 1c008b3c 02500793 addi             x15, x0, 37         x15=00000025
17078883ns          293665 1c008b40 04f50863 beq              x10, x15, 80        x10:00000072 x15:00000025
17078903ns          293666 1c008b44 01a005b3 add              x11, x0, x26        x11=00000002 x26:00000002
17078923ns          293667 1c008b46 000b00e7 jalr             x1, x22, 0           x1=1c008b48 x22:1c008a52
17078963ns          293669 1c008a52 000026b7 lui              x13, 0x2000         x13=00002000
17078983ns          293670 1c008a54 f14027f3 csrrs            x15, x0, 0xf14      x15=00000002
17079003ns          293671 1c008a58 f8068693 addi             x13, x13, -128      x13=00001f80 x13:00002000
17079022ns          293672 1c008a5c 00379713 slli             x14, x15, 0x3       x14=00000010 x15:00000002
17079042ns          293673 1c008a60 00279793 slli             x15, x15, 0x2       x15=00000008 x15:00000002
17079062ns          293674 1c008a62 00d7f7b3 and              x15, x15, x13       x15=00000000 x15:00000008 x13:00001f80
17079082ns          293675 1c008a64 ee873733 p.bclr           x14, x14, 23, 8     x14=00000010 x14:00000010
17079102ns          293676 1c008a68 1a10f6b7 lui              x13, 0x1a10f000     x13=1a10f000
17079122ns          293677 1c008a6c 0ff57513 andi             x10, x10, 255       x10=00000072 x10:00000072
17079142ns          293678 1c008a70 00d70733 add              x14, x14, x13       x14=1a10f010 x14:00000010 x13:1a10f000
17079162ns          293679 1c008a72 00a7e723 p.sw             x10, x0(x15)        x10:00000072 x15:00000000  PA:1a10f010
17079480ns          293695 1c008a76 00000513 addi             x10, x0, 0          x10=00000000
17079500ns          293696 1c008a78 00008067 jalr             x0, x1, 0            x1:1c008b48
17079540ns          293698 1c008b48 31f52563 p.beqimm         x10, 778            x10:00000000
17079560ns          293699 1c008b4c 001d8d93 addi             x27, x27, 1         x27=0000000c x27:0000000b
17079579ns          293700 1c008b4e 00044503 lbu              x10, 0(x8)          x10=00000073  x8:1c0000b8  PA:1c0000b8
17079878ns          293715 1c008b52 00140413 addi             x8, x8, 1            x8=1c0000b9  x8:1c0000b8
17079898ns          293716 1c008b54 fe0514e3 bne              x10, x0, -24        x10:00000073
17079957ns          293719 1c008b3c 02500793 addi             x15, x0, 37         x15=00000025
17079977ns          293720 1c008b40 04f50863 beq              x10, x15, 80        x10:00000073 x15:00000025
17079997ns          293721 1c008b44 01a005b3 add              x11, x0, x26        x11=00000002 x26:00000002
17080017ns          293722 1c008b46 000b00e7 jalr             x1, x22, 0           x1=1c008b48 x22:1c008a52
17080057ns          293724 1c008a52 000026b7 lui              x13, 0x2000         x13=00002000
17080077ns          293725 1c008a54 f14027f3 csrrs            x15, x0, 0xf14      x15=00000002
17080097ns          293726 1c008a58 f8068693 addi             x13, x13, -128      x13=00001f80 x13:00002000
17080116ns          293727 1c008a5c 00379713 slli             x14, x15, 0x3       x14=00000010 x15:00000002
17080136ns          293728 1c008a60 00279793 slli             x15, x15, 0x2       x15=00000008 x15:00000002
17080156ns          293729 1c008a62 00d7f7b3 and              x15, x15, x13       x15=00000000 x15:00000008 x13:00001f80
17080176ns          293730 1c008a64 ee873733 p.bclr           x14, x14, 23, 8     x14=00000010 x14:00000010
17080196ns          293731 1c008a68 1a10f6b7 lui              x13, 0x1a10f000     x13=1a10f000
17080216ns          293732 1c008a6c 0ff57513 andi             x10, x10, 255       x10=00000073 x10:00000073
17080236ns          293733 1c008a70 00d70733 add              x14, x14, x13       x14=1a10f010 x14:00000010 x13:1a10f000
17080256ns          293734 1c008a72 00a7e723 p.sw             x10, x0(x15)        x10:00000073 x15:00000000  PA:1a10f010
17080594ns          293751 1c008a76 00000513 addi             x10, x0, 0          x10=00000000
17080614ns          293752 1c008a78 00008067 jalr             x0, x1, 0            x1:1c008b48
17080654ns          293754 1c008b48 31f52563 p.beqimm         x10, 778            x10:00000000
17080673ns          293755 1c008b4c 001d8d93 addi             x27, x27, 1         x27=0000000d x27:0000000c
17080693ns          293756 1c008b4e 00044503 lbu              x10, 0(x8)          x10=0000003a  x8:1c0000b9  PA:1c0000b9
17080992ns          293771 1c008b52 00140413 addi             x8, x8, 1            x8=1c0000ba  x8:1c0000b9
17081012ns          293772 1c008b54 fe0514e3 bne              x10, x0, -24        x10:0000003a
17081071ns          293775 1c008b3c 02500793 addi             x15, x0, 37         x15=00000025
17081091ns          293776 1c008b40 04f50863 beq              x10, x15, 80        x10:0000003a x15:00000025
17081111ns          293777 1c008b44 01a005b3 add              x11, x0, x26        x11=00000002 x26:00000002
17081131ns          293778 1c008b46 000b00e7 jalr             x1, x22, 0           x1=1c008b48 x22:1c008a52
17081171ns          293780 1c008a52 000026b7 lui              x13, 0x2000         x13=00002000
17081191ns          293781 1c008a54 f14027f3 csrrs            x15, x0, 0xf14      x15=00000002
17081210ns          293782 1c008a58 f8068693 addi             x13, x13, -128      x13=00001f80 x13:00002000
17081230ns          293783 1c008a5c 00379713 slli             x14, x15, 0x3       x14=00000010 x15:00000002
17081250ns          293784 1c008a60 00279793 slli             x15, x15, 0x2       x15=00000008 x15:00000002
17081270ns          293785 1c008a62 00d7f7b3 and              x15, x15, x13       x15=00000000 x15:00000008 x13:00001f80
17081290ns          293786 1c008a64 ee873733 p.bclr           x14, x14, 23, 8     x14=00000010 x14:00000010
17081310ns          293787 1c008a68 1a10f6b7 lui              x13, 0x1a10f000     x13=1a10f000
17081330ns          293788 1c008a6c 0ff57513 andi             x10, x10, 255       x10=0000003a x10:0000003a
17081350ns          293789 1c008a70 00d70733 add              x14, x14, x13       x14=1a10f010 x14:00000010 x13:1a10f000
17081370ns          293790 1c008a72 00a7e723 p.sw             x10, x0(x15)        x10:0000003a x15:00000000  PA:1a10f010
17081688ns          293806 1c008a76 00000513 addi             x10, x0, 0          x10=00000000
17081708ns          293807 1c008a78 00008067 jalr             x0, x1, 0            x1:1c008b48
17081748ns          293809 1c008b48 31f52563 p.beqimm         x10, 778            x10:00000000
17081767ns          293810 1c008b4c 001d8d93 addi             x27, x27, 1         x27=0000000e x27:0000000d
17081787ns          293811 1c008b4e 00044503 lbu              x10, 0(x8)          x10=00000020  x8:1c0000ba  PA:1c0000ba
17082086ns          293826 1c008b52 00140413 addi             x8, x8, 1            x8=1c0000bb  x8:1c0000ba
17082106ns          293827 1c008b54 fe0514e3 bne              x10, x0, -24        x10:00000020
17082165ns          293830 1c008b3c 02500793 addi             x15, x0, 37         x15=00000025
17082185ns          293831 1c008b40 04f50863 beq              x10, x15, 80        x10:00000020 x15:00000025
17082205ns          293832 1c008b44 01a005b3 add              x11, x0, x26        x11=00000002 x26:00000002
17082225ns          293833 1c008b46 000b00e7 jalr             x1, x22, 0           x1=1c008b48 x22:1c008a52
17082265ns          293835 1c008a52 000026b7 lui              x13, 0x2000         x13=00002000
17082285ns          293836 1c008a54 f14027f3 csrrs            x15, x0, 0xf14      x15=00000002
17082304ns          293837 1c008a58 f8068693 addi             x13, x13, -128      x13=00001f80 x13:00002000
17082324ns          293838 1c008a5c 00379713 slli             x14, x15, 0x3       x14=00000010 x15:00000002
17082344ns          293839 1c008a60 00279793 slli             x15, x15, 0x2       x15=00000008 x15:00000002
17082364ns          293840 1c008a62 00d7f7b3 and              x15, x15, x13       x15=00000000 x15:00000008 x13:00001f80
17082384ns          293841 1c008a64 ee873733 p.bclr           x14, x14, 23, 8     x14=00000010 x14:00000010
17082404ns          293842 1c008a68 1a10f6b7 lui              x13, 0x1a10f000     x13=1a10f000
17082424ns          293843 1c008a6c 0ff57513 andi             x10, x10, 255       x10=00000020 x10:00000020
17082444ns          293844 1c008a70 00d70733 add              x14, x14, x13       x14=1a10f010 x14:00000010 x13:1a10f000
17082464ns          293845 1c008a72 00a7e723 p.sw             x10, x0(x15)        x10:00000020 x15:00000000  PA:1a10f010
17082782ns          293861 1c008a76 00000513 addi             x10, x0, 0          x10=00000000
17082802ns          293862 1c008a78 00008067 jalr             x0, x1, 0            x1:1c008b48
17082841ns          293864 1c008b48 31f52563 p.beqimm         x10, 778            x10:00000000
17082861ns          293865 1c008b4c 001d8d93 addi             x27, x27, 1         x27=0000000f x27:0000000e
17082881ns          293866 1c008b4e 00044503 lbu              x10, 0(x8)          x10=00000025  x8:1c0000bb  PA:1c0000bb
17083180ns          293881 1c008b52 00140413 addi             x8, x8, 1            x8=1c0000bc  x8:1c0000bb
17083200ns          293882 1c008b54 fe0514e3 bne              x10, x0, -24        x10:00000025
17083259ns          293885 1c008b3c 02500793 addi             x15, x0, 37         x15=00000025
17083279ns          293886 1c008b40 04f50863 beq              x10, x15, 80        x10:00000025 x15:00000025
17083339ns          293889 1c008b90 00044483 lbu              x9, 0(x8)            x9=00000064  x8:1c0000bc  PA:1c0000bc
17083637ns          293904 1c008b94 02000693 addi             x13, x0, 32         x13=00000020
17083657ns          293905 1c008b98 00140a93 addi             x21, x8, 1          x21=1c0000bd  x8:1c0000bc
17083677ns          293906 1c008b9c 009005b3 add              x11, x0, x9         x11=00000064  x9:00000064
17083697ns          293907 1c008b9e 05cb8513 addi             x10, x23, 92        x10=1c00005c x23:1c000000
17083717ns          293908 1c008ba2 00d12823 sw               x13, 16(x2)         x13:00000020  x2:10002228  PA:10002238
17083737ns          293909 1c008ba4 00012c23 sw               x0, 24(x2)           x2:10002228  PA:10002240
17083756ns          293910 1c008ba6 00012a23 sw               x0, 20(x2)           x2:10002228  PA:1000223c
17083776ns          293911 1c008ba8 00012e23 sw               x0, 28(x2)           x2:10002228  PA:10002244
17083796ns          293912 1c008baa 00012623 sw               x0, 12(x2)           x2:10002228  PA:10002234
17083816ns          293913 1c008bac 02300913 addi             x18, x0, 35         x18=00000023
17083836ns          293914 1c008bb0 02d00a13 addi             x20, x0, 45         x20=0000002d
17083856ns          293915 1c008bb4 015009b3 add              x19, x0, x21        x19=1c0000bd x21:1c0000bd
17083876ns          293916 1c008bb6 e1dff0ef jal              x1, -484             x1=1c008bb8
17083935ns          293919 1c0089d2 00054783 lbu              x15, 0(x10)         x15=0000002d x10:1c00005c  PA:1c00005c
17084234ns          293934 1c0089d6 0ff5f593 andi             x11, x11, 255       x11=00000064 x11:00000064
17084254ns          293935 1c0089da 00b78c63 beq              x15, x11, 24        x15:0000002d x11:00000064
17084274ns          293936 1c0089de 00078b63 beq              x15, x0, 22         x15:0000002d
17084294ns          293937 1c0089e0 00150793 addi             x15, x10, 1         x15=1c00005d x10:1c00005c
17084313ns          293938 1c0089e4 0040006f jal              x0, 4              
17084353ns          293940 1c0089e8 00f00533 add              x10, x0, x15        x10=1c00005d x15:1c00005d
17084373ns          293941 1c0089ea 0017c70b p.lbu            x14, 1(x15!)        x14=0000002b x15=1c00005e x15:1c00005d  PA:1c00005d
17084751ns          293960 1c0089ee feb71ce3 bne              x14, x11, -8        x14:0000002b x11:00000064
17084811ns          293963 1c0089e6 00070763 beq              x14, x0, 14         x14:0000002b
17084831ns          293964 1c0089e8 00f00533 add              x10, x0, x15        x10=1c00005e x15:1c00005e
17084850ns          293965 1c0089ea 0017c70b p.lbu            x14, 1(x15!)        x14=00000020 x15=1c00005f x15:1c00005e  PA:1c00005e
17085169ns          293981 1c0089ee feb71ce3 bne              x14, x11, -8        x14:00000020 x11:00000064
17085228ns          293984 1c0089e6 00070763 beq              x14, x0, 14         x14:00000020
17085248ns          293985 1c0089e8 00f00533 add              x10, x0, x15        x10=1c00005f x15:1c00005f
17085268ns          293986 1c0089ea 0017c70b p.lbu            x14, 1(x15!)        x14=00000023 x15=1c000060 x15:1c00005f  PA:1c00005f
17085586ns          294002 1c0089ee feb71ce3 bne              x14, x11, -8        x14:00000023 x11:00000064
17085646ns          294005 1c0089e6 00070763 beq              x14, x0, 14         x14:00000023
17085666ns          294006 1c0089e8 00f00533 add              x10, x0, x15        x10=1c000060 x15:1c000060
17085686ns          294007 1c0089ea 0017c70b p.lbu            x14, 1(x15!)        x14=00000030 x15=1c000061 x15:1c000060  PA:1c000060
17086024ns          294024 1c0089ee feb71ce3 bne              x14, x11, -8        x14:00000030 x11:00000064
17086084ns          294027 1c0089e6 00070763 beq              x14, x0, 14         x14:00000030
17086104ns          294028 1c0089e8 00f00533 add              x10, x0, x15        x10=1c000061 x15:1c000061
17086123ns          294029 1c0089ea 0017c70b p.lbu            x14, 1(x15!)        x14=00000000 x15=1c000062 x15:1c000061  PA:1c000061
17086442ns          294045 1c0089ee feb71ce3 bne              x14, x11, -8        x14:00000000 x11:00000064
17086501ns          294048 1c0089e6 00070763 beq              x14, x0, 14         x14:00000000
17086561ns          294051 1c0089f4 0015b593 sltiu            x11, x11, 1         x11=00000000 x11:00000064
17086581ns          294052 1c0089f8 40b005b3 sub              x11, x0, x11        x11=00000000 x11:00000000
17086601ns          294053 1c0089fc 00b57533 and              x10, x10, x11       x10=00000000 x10:1c000061 x11:00000000
17086621ns          294054 1c0089fe 00008067 jalr             x0, x1, 0            x1:1c008bb8
17086700ns          294058 1c008bb8 02050a63 beq              x10, x0, 52         x10:00000000
17086859ns          294066 1c008bec 02a00613 addi             x12, x0, 42         x12=0000002a
17086939ns          294070 1c008bf0 2ac48663 beq              x9, x12, 684         x9:00000064 x12:0000002a
17086979ns          294072 1c008bf4 fd048613 addi             x12, x9, -48        x12=00000034  x9:00000064
17086999ns          294073 1c008bf8 00900593 addi             x11, x0, 9          x11=00000009
17087019ns          294074 1c008bfa 00000913 addi             x18, x0, 0          x18=00000000
17087038ns          294075 1c008bfc 28c5f063 bgeu             x11, x12, 640       x11:00000009 x12:00000034
17087078ns          294077 1c008c00 02e00693 addi             x13, x0, 46         x13=0000002e
17087118ns          294079 1c008c04 fff00a13 addi             x20, x0, -1         x20=ffffffff
17087138ns          294080 1c008c06 2ed48363 beq              x9, x13, 742         x9:00000064 x13:0000002e
17087158ns          294081 1c008c0a 1c0007b7 lui              x15, 0x1c000000     x15=1c000000
17087178ns          294082 1c008c0e 009005b3 add              x11, x0, x9         x11=00000064  x9:00000064
17087217ns          294084 1c008c10 06478513 addi             x10, x15, 100       x10=1c000064 x15:1c000000
17087257ns          294086 1c008c14 dbfff0ef jal              x1, -578             x1=1c008c16
17087317ns          294089 1c0089d2 00054783 lbu              x15, 0(x10)         x15=00000068 x10:1c000064  PA:1c000064
17087615ns          294104 1c0089d6 0ff5f593 andi             x11, x11, 255       x11=00000064 x11:00000064
17087635ns          294105 1c0089da 00b78c63 beq              x15, x11, 24        x15:00000068 x11:00000064
17087655ns          294106 1c0089de 00078b63 beq              x15, x0, 22         x15:00000068
17087675ns          294107 1c0089e0 00150793 addi             x15, x10, 1         x15=1c000065 x10:1c000064
17087695ns          294108 1c0089e4 0040006f jal              x0, 4              
17087735ns          294110 1c0089e8 00f00533 add              x10, x0, x15        x10=1c000065 x15:1c000065
17087755ns          294111 1c0089ea 0017c70b p.lbu            x14, 1(x15!)        x14=0000006c x15=1c000066 x15:1c000065  PA:1c000065
17088073ns          294127 1c0089ee feb71ce3 bne              x14, x11, -8        x14:0000006c x11:00000064
17088132ns          294130 1c0089e6 00070763 beq              x14, x0, 14         x14:0000006c
17088152ns          294131 1c0089e8 00f00533 add              x10, x0, x15        x10=1c000066 x15:1c000066
17088172ns          294132 1c0089ea 0017c70b p.lbu            x14, 1(x15!)        x14=0000004c x15=1c000067 x15:1c000066  PA:1c000066
17088490ns          294148 1c0089ee feb71ce3 bne              x14, x11, -8        x14:0000004c x11:00000064
17088550ns          294151 1c0089e6 00070763 beq              x14, x0, 14         x14:0000004c
17088570ns          294152 1c0089e8 00f00533 add              x10, x0, x15        x10=1c000067 x15:1c000067
17088590ns          294153 1c0089ea 0017c70b p.lbu            x14, 1(x15!)        x14=0000007a x15=1c000068 x15:1c000067  PA:1c000067
17088908ns          294169 1c0089ee feb71ce3 bne              x14, x11, -8        x14:0000007a x11:00000064
17088968ns          294172 1c0089e6 00070763 beq              x14, x0, 14         x14:0000007a
17088988ns          294173 1c0089e8 00f00533 add              x10, x0, x15        x10=1c000068 x15:1c000068
17089008ns          294174 1c0089ea 0017c70b p.lbu            x14, 1(x15!)        x14=00000000 x15=1c000069 x15:1c000068  PA:1c000068
17089326ns          294190 1c0089ee feb71ce3 bne              x14, x11, -8        x14:00000000 x11:00000064
17089386ns          294193 1c0089e6 00070763 beq              x14, x0, 14         x14:00000000
17089445ns          294196 1c0089f4 0015b593 sltiu            x11, x11, 1         x11=00000000 x11:00000064
17089465ns          294197 1c0089f8 40b005b3 sub              x11, x0, x11        x11=00000000 x11:00000000
17089485ns          294198 1c0089fc 00b57533 and              x10, x10, x11       x10=00000000 x10:1c000068 x11:00000000
17089505ns          294199 1c0089fe 00008067 jalr             x0, x1, 0            x1:1c008c16
17089545ns          294201 1c008c16 01300433 add              x8, x0, x19          x8=1c0000bd x19:1c0000bd
17089565ns          294202 1c008c18 00050563 beq              x10, x0, 10         x10:00000000
17089644ns          294206 1c008c22 06700693 addi             x13, x0, 103        x13=00000067
17089664ns          294207 1c008c26 2896d963 bge              x13, x9, 658        x13:00000067  x9:00000064
17090141ns          294231 1c008eb8 06500693 addi             x13, x0, 101        x13=00000065
17090181ns          294233 1c008ebc 12d4d563 bge              x9, x13, 298         x9:00000064 x13:00000065
17090619ns          294255 1c008ec0 04700693 addi             x13, x0, 71         x13=00000047
17090659ns          294257 1c008ec4 dc96cbe3 blt              x13, x9, -554       x13:00000047  x9:00000064
17091176ns          294283 1c008c9a 06300693 addi             x13, x0, 99         x13=00000063
17091613ns          294305 1c008c9e 0ad488e3 beq              x9, x13, 2224        x9:00000064 x13:00000063
17091653ns          294307 1c008ca2 0096c9e3 blt              x13, x9, 2066       x13:00000063  x9:00000064
17092130ns          294331 1c0094b4 000c2583 lw               x11, 0(x24)         x11=00000000 x24:1000237c  PA:1000237c
17092170ns          294333 1c0094b8 004c0c13 addi             x24, x24, 4         x24=10002380 x24:1000237c
17092190ns          294334 1c0094ba 3405cc63 blt              x11, x0, 856        x11:00000000
17092210ns          294335 1c0094be 01412603 lw               x12, 20(x2)         x12=00000000  x2:10002228  PA:1000223c
17092648ns          294357 1c0094c0 00b006b3 add              x13, x0, x11        x13=00000000 x11:00000000
17092687ns          294359 1c0094c2 2e061863 bne              x12, x0, 752        x12:00000000
17092707ns          294360 1c0094c6 01812703 lw               x14, 24(x2)         x14=00000000  x2:10002228  PA:10002240
17092727ns          294361 1c0094c8 019007b3 add              x15, x0, x25        x15=1000224c x25:1000224c
17092747ns          294362 1c0094ca 00070763 beq              x14, x0, 14         x14:00000000
17093205ns          294385 1c0094d8 00f00733 add              x14, x0, x15        x14=1000224c x15:1000224c
17093224ns          294386 1c0094da 00a00513 addi             x10, x0, 10         x10=0000000a
17093244ns          294387 1c0094dc 02a6f633 remu             x12, x13, x10       x12=00000000 x13:00000000 x10:0000000a
17093881ns          294419 1c0094e0 02a6d6b3 divu             x13, x13, x10       x13=00000000 x13:00000000 x10:0000000a
17094497ns          294450 1c0094e4 03060613 addi             x12, x12, 48        x12=00000030 x12:00000000
17094517ns          294451 1c0094e8 00c700ab p.sb             x12, 1(x14!)        x14=1000224d x12:00000030 x14:1000224c  PA:1000224c
17094537ns          294452 1c0094ec fe0698e3 bne              x13, x0, -16        x13:00000000
17094557ns          294453 1c0094ee 40f706b3 sub              x13, x14, x15       x13=00000001 x14:1000224d x15:1000224c
17094577ns          294454 1c0094f2 0146dc63 bge              x13, x20, 24        x13:00000001 x20:ffffffff
17095054ns          294478 1c00950a 00e006b3 add              x13, x0, x14        x13=1000224d x14:1000224d
17095094ns          294480 1c00950c fe068fab p.sb             x0, -1(x13!)        x13=1000224c x13:1000224d  PA:1000224d
17095532ns          294502 1c009510 00d7fc63 bgeu             x15, x13, 24        x15:1000224c x13:1000224c
17096009ns          294526 1c009528 01412783 lw               x15, 20(x2)         x15=00000000  x2:10002228  PA:1000223c
17096029ns          294527 1c00952a 01812603 lw               x12, 24(x2)         x12=00000000  x2:10002228  PA:10002240
17096049ns          294528 1c00952c 419704b3 sub              x9, x14, x25         x9=00000001 x14:1000224d x25:1000224c
17096487ns          294550 1c009530 00c7e7b3 or               x15, x15, x12       x15=00000000 x15:00000000 x12:00000000
17096506ns          294551 1c009532 00f12623 sw               x15, 12(x2)         x15:00000000  x2:10002228  PA:10002234
17096526ns          294552 1c009534 00079363 bne              x15, x0, 6          x15:00000000
17096546ns          294553 1c009536 01f5d593 srli             x11, x11, 0x1f      x11=00000000 x11:00000000
17096566ns          294554 1c009538 00b12623 sw               x11, 12(x2)         x11:00000000  x2:10002228  PA:10002234
17096606ns          294556 1c00953a e3fa28e3 p.beqimm         x20, -464           x20:ffffffff
17097501ns          294601 1c00936a 0c800793 addi             x15, x0, 200        x15=000000c8
17097958ns          294624 1c00936e 9e97d0e3 bge              x15, x9, -1568      x15:000000c8  x9:00000001
17098893ns          294671 1c008d4e 0f24d163 bge              x9, x18, 226         x9:00000001 x18:00000000
17098993ns          294676 1c008e30 d00482e3 beq              x9, x0, -764         x9:00000001
17099033ns          294678 1c008e34 01900933 add              x18, x0, x25        x18=1000224c x25:1000224c
17099052ns          294679 1c008e36 419d8db3 sub              x27, x27, x25       x27=efffddc3 x27:0000000f x25:1000224c
17099072ns          294680 1c008e3a 00a0006f jal              x0, 10             
17099172ns          294685 1c008e44 0019450b p.lbu            x10, 1(x18!)        x10=00000030 x18=1000224d x18:1000224c  PA:1000224c
17099192ns          294686 1c008e48 01a005b3 add              x11, x0, x26        x11=00000002 x26:00000002
17099212ns          294687 1c008e4a 000b00e7 jalr             x1, x22, 0           x1=1c008e4c x22:1c008a52
17099351ns          294694 1c008a52 000026b7 lui              x13, 0x2000         x13=00002000
17099391ns          294696 1c008a54 f14027f3 csrrs            x15, x0, 0xf14      x15=00000002
17099410ns          294697 1c008a58 f8068693 addi             x13, x13, -128      x13=00001f80 x13:00002000
17099430ns          294698 1c008a5c 00379713 slli             x14, x15, 0x3       x14=00000010 x15:00000002
17099490ns          294701 1c008a60 00279793 slli             x15, x15, 0x2       x15=00000008 x15:00000002
17099510ns          294702 1c008a62 00d7f7b3 and              x15, x15, x13       x15=00000000 x15:00000008 x13:00001f80
17099530ns          294703 1c008a64 ee873733 p.bclr           x14, x14, 23, 8     x14=00000010 x14:00000010
17099550ns          294704 1c008a68 1a10f6b7 lui              x13, 0x1a10f000     x13=1a10f000
17099570ns          294705 1c008a6c 0ff57513 andi             x10, x10, 255       x10=00000030 x10:00000030
17099629ns          294708 1c008a70 00d70733 add              x14, x14, x13       x14=1a10f010 x14:00000010 x13:1a10f000
17099669ns          294710 1c008a72 00a7e723 p.sw             x10, x0(x15)        x10:00000030 x15:00000000  PA:1a10f010
17099987ns          294726 1c008a76 00000513 addi             x10, x0, 0          x10=00000000
17100007ns          294727 1c008a78 00008067 jalr             x0, x1, 0            x1:1c008e4c
17100047ns          294729 1c008e4c fff48493 addi             x9, x9, -1           x9=00000000  x9:00000001
17100067ns          294730 1c008e4e fff537e3 p.bneimm         x10, -18            x10:00000000
17100127ns          294733 1c008e3c 012d8733 add              x14, x27, x18       x14=00000010 x27:efffddc3 x18:1000224d
17100146ns          294734 1c008e40 5a048b63 beq              x9, x0, 1462         x9:00000000
17100246ns          294739 1c0093f6 00e00db3 add              x27, x0, x14        x27=00000010 x14:00000010
17100286ns          294741 1c0093f8 f3cff06f jal              x0, -2244          
17100365ns          294745 1c008b34 00044503 lbu              x10, 0(x8)          x10=00000000  x8:1c0000bd  PA:1c0000bd
17100683ns          294761 1c008b38 00140413 addi             x8, x8, 1            x8=1c0000be  x8:1c0000bd
17100703ns          294762 1c008b3a 00050e63 beq              x10, x0, 28         x10:00000000
17100803ns          294767 1c008b56 01b00433 add              x8, x0, x27          x8=00000010 x27:00000010
17100843ns          294769 1c008b58 00800533 add              x10, x0, x8         x10=00000010  x8:00000010
17100863ns          294770 1c008b5a 12c12083 lw               x1, 300(x2)          x1=1c008ae6  x2:10002228  PA:10002354
17100882ns          294771 1c008b5e 12812403 lw               x8, 296(x2)          x8=1c00110c  x2:10002228  PA:10002350
17100902ns          294772 1c008b62 12412483 lw               x9, 292(x2)          x9=00000000  x2:10002228  PA:1000234c
17100922ns          294773 1c008b66 12012903 lw               x18, 288(x2)        x18=1a10b004  x2:10002228  PA:10002348
17100942ns          294774 1c008b6a 11c12983 lw               x19, 284(x2)        x19=00000002  x2:10002228  PA:10002344
17100962ns          294775 1c008b6e 11812a03 lw               x20, 280(x2)        x20=1c001110  x2:10002228  PA:10002340
17100982ns          294776 1c008b72 11412a83 lw               x21, 276(x2)        x21=1c00a000  x2:10002228  PA:1000233c
17101002ns          294777 1c008b76 11012b03 lw               x22, 272(x2)        x22=1c00a000  x2:10002228  PA:10002338
17101022ns          294778 1c008b7a 10c12b83 lw               x23, 268(x2)        x23=1c000000  x2:10002228  PA:10002334
17101042ns          294779 1c008b7e 10812c03 lw               x24, 264(x2)        x24=1c000000  x2:10002228  PA:10002330
17101061ns          294780 1c008b82 10412c83 lw               x25, 260(x2)        x25=1c000000  x2:10002228  PA:1000232c
17101081ns          294781 1c008b86 10012d03 lw               x26, 256(x2)        x26=1c000000  x2:10002228  PA:10002328
17101101ns          294782 1c008b8a 0fc12d83 lw               x27, 252(x2)        x27=1c001104  x2:10002228  PA:10002324
17101121ns          294783 1c008b8c 13010113 addi             x2, x2, 304          x2=10002358  x2:10002228
17101141ns          294784 1c008b8e 00008067 jalr             x0, x1, 0            x1:1c008ae6
17101221ns          294788 1c008ae6 01c12083 lw               x1, 28(x2)           x1=1c009d12  x2:10002358  PA:10002374
17101260ns          294790 1c008ae8 04010113 addi             x2, x2, 64           x2=10002398  x2:10002358
17101280ns          294791 1c008aea 00008067 jalr             x0, x1, 0            x1:1c009d12
17101320ns          294793 1c009d12 00812703 lw               x14, 8(x2)          x14=0000118a  x2:10002398  PA:100023a0
17101340ns          294794 1c009d14 0c0c0513 addi             x10, x24, 192       x10=1c0000c0 x24:1c000000
17101360ns          294795 1c009d18 00e005b3 add              x11, x0, x14        x11=0000118a x14:0000118a
17101380ns          294796 1c009d1a 02070b63 beq              x14, x0, 54         x14:0000118a
17101400ns          294797 1c009d1c da3fe0ef jal              x1, -4702            x1=1c009d20
17101897ns          294822 1c008abe fc010113 addi             x2, x2, -64          x2=10002358  x2:10002398
17101976ns          294826 1c008ac0 02410313 addi             x6, x2, 36           x6=1000237c  x2:10002358
17102016ns          294828 1c008ac4 02c12423 sw               x12, 40(x2)         x12:00000000  x2:10002358  PA:10002380
17102036ns          294829 1c008ac6 00a00633 add              x12, x0, x10        x12=1c0000c0 x10:1c0000c0
17102056ns          294830 1c008ac8 1c009537 lui              x10, 0x1c009000     x10=1c009000
17102076ns          294831 1c008acc 02b12223 sw               x11, 36(x2)         x11:0000118a  x2:10002358  PA:1000237c
17102096ns          294832 1c008ace 02d12623 sw               x13, 44(x2)         x13:1a10f000  x2:10002358  PA:10002384
17102116ns          294833 1c008ad0 00200593 addi             x11, x0, 2          x11=00000002
17102136ns          294834 1c008ad2 006006b3 add              x13, x0, x6         x13=1000237c  x6:1000237c
17102155ns          294835 1c008ad4 a5250513 addi             x10, x10, -1454     x10=1c008a52 x10:1c009000
17102175ns          294836 1c008ad8 00112e23 sw               x1, 28(x2)           x1:1c009d20  x2:10002358  PA:10002374
17102195ns          294837 1c008ada 02e12823 sw               x14, 48(x2)         x14:0000118a  x2:10002358  PA:10002388
17102215ns          294838 1c008adc 02f12a23 sw               x15, 52(x2)         x15:00000000  x2:10002358  PA:1000238c
17102235ns          294839 1c008ade 03012c23 sw               x16, 56(x2)         x16:1000224c  x2:10002358  PA:10002390
17102255ns          294840 1c008ae0 03112e23 sw               x17, 60(x2)         x17:1c000040  x2:10002358  PA:10002394
17102275ns          294841 1c008ae2 00612623 sw               x6, 12(x2)           x6:1000237c  x2:10002358  PA:10002364
17102295ns          294842 1c008ae4 fbfff0ef jal              x1, -66              x1=1c008ae6
17102374ns          294846 1c008aa2 04a0006f jal              x0, 74             
17102414ns          294848 1c008aec ed010113 addi             x2, x2, -304         x2=10002228  x2:10002358
17102434ns          294849 1c008aee 12812423 sw               x8, 296(x2)          x8:1c00110c  x2:10002228  PA:10002350
17102454ns          294850 1c008af2 00000413 addi             x8, x0, 0            x8=00000000
17102474ns          294851 1c008af4 11612823 sw               x22, 272(x2)        x22:1c00a000  x2:10002228  PA:10002338
17102494ns          294852 1c008af8 11712623 sw               x23, 268(x2)        x23:1c000000  x2:10002228  PA:10002334
17102513ns          294853 1c008afc 11812423 sw               x24, 264(x2)        x24:1c000000  x2:10002228  PA:10002330
17102553ns          294855 1c008b00 11912223 sw               x25, 260(x2)        x25:1c000000  x2:10002228  PA:1000232c
17102593ns          294857 1c008b04 11a12023 sw               x26, 256(x2)        x26:1c000000  x2:10002228  PA:10002328
17102613ns          294858 1c008b08 0fb12e23 sw               x27, 252(x2)        x27:1c001104  x2:10002228  PA:10002324
17102633ns          294859 1c008b0a 12112623 sw               x1, 300(x2)          x1:1c008ae6  x2:10002228  PA:10002354
17102653ns          294860 1c008b0e 00800db3 add              x27, x0, x8         x27=00000000  x8:00000000
17102692ns          294862 1c008b10 12912223 sw               x9, 292(x2)          x9:00000000  x2:10002228  PA:1000234c
17102732ns          294864 1c008b14 13212023 sw               x18, 288(x2)        x18:1a10b004  x2:10002228  PA:10002348
17102752ns          294865 1c008b18 11312e23 sw               x19, 284(x2)        x19:00000002  x2:10002228  PA:10002344
17102772ns          294866 1c008b1c 11412c23 sw               x20, 280(x2)        x20:1c001110  x2:10002228  PA:10002340
17102832ns          294869 1c008b20 11512a23 sw               x21, 276(x2)        x21:1c00a000  x2:10002228  PA:1000233c
17102871ns          294871 1c008b24 00a00b33 add              x22, x0, x10        x22=1c008a52 x10:1c008a52
17102891ns          294872 1c008b26 00b00d33 add              x26, x0, x11        x26=00000002 x11:00000002
17102911ns          294873 1c008b28 00d00c33 add              x24, x0, x13        x24=1000237c x13:1000237c
17102931ns          294874 1c008b2a 1c000bb7 lui              x23, 0x1c000000     x23=1c000000
17102951ns          294875 1c008b2e 02410c93 addi             x25, x2, 36         x25=1000224c  x2:10002228
17102971ns          294876 1c008b32 00c00433 add              x8, x0, x12          x8=1c0000c0 x12:1c0000c0
17102991ns          294877 1c008b34 00044503 lbu              x10, 0(x8)          x10=0000002c  x8:1c0000c0  PA:1c0000c0
17103309ns          294893 1c008b38 00140413 addi             x8, x8, 1            x8=1c0000c1  x8:1c0000c0
17103329ns          294894 1c008b3a 00050e63 beq              x10, x0, 28         x10:0000002c
17103349ns          294895 1c008b3c 02500793 addi             x15, x0, 37         x15=00000025
17103369ns          294896 1c008b40 04f50863 beq              x10, x15, 80        x10:0000002c x15:00000025
17103389ns          294897 1c008b44 01a005b3 add              x11, x0, x26        x11=00000002 x26:00000002
17103409ns          294898 1c008b46 000b00e7 jalr             x1, x22, 0           x1=1c008b48 x22:1c008a52
17103488ns          294902 1c008a52 000026b7 lui              x13, 0x2000         x13=00002000
17103528ns          294904 1c008a54 f14027f3 csrrs            x15, x0, 0xf14      x15=00000002
17103548ns          294905 1c008a58 f8068693 addi             x13, x13, -128      x13=00001f80 x13:00002000
17103568ns          294906 1c008a5c 00379713 slli             x14, x15, 0x3       x14=00000010 x15:00000002
17103588ns          294907 1c008a60 00279793 slli             x15, x15, 0x2       x15=00000008 x15:00000002
17103607ns          294908 1c008a62 00d7f7b3 and              x15, x15, x13       x15=00000000 x15:00000008 x13:00001f80
17103627ns          294909 1c008a64 ee873733 p.bclr           x14, x14, 23, 8     x14=00000010 x14:00000010
17103647ns          294910 1c008a68 1a10f6b7 lui              x13, 0x1a10f000     x13=1a10f000
17103667ns          294911 1c008a6c 0ff57513 andi             x10, x10, 255       x10=0000002c x10:0000002c
17103707ns          294913 1c008a70 00d70733 add              x14, x14, x13       x14=1a10f010 x14:00000010 x13:1a10f000
17103747ns          294915 1c008a72 00a7e723 p.sw             x10, x0(x15)        x10:0000002c x15:00000000  PA:1a10f010
17104065ns          294931 1c008a76 00000513 addi             x10, x0, 0          x10=00000000
17104085ns          294932 1c008a78 00008067 jalr             x0, x1, 0            x1:1c008b48
17104125ns          294934 1c008b48 31f52563 p.beqimm         x10, 778            x10:00000000
17104144ns          294935 1c008b4c 001d8d93 addi             x27, x27, 1         x27=00000001 x27:00000000
17104164ns          294936 1c008b4e 00044503 lbu              x10, 0(x8)          x10=00000020  x8:1c0000c1  PA:1c0000c1
17104483ns          294952 1c008b52 00140413 addi             x8, x8, 1            x8=1c0000c2  x8:1c0000c1
17104503ns          294953 1c008b54 fe0514e3 bne              x10, x0, -24        x10:00000020
17104562ns          294956 1c008b3c 02500793 addi             x15, x0, 37         x15=00000025
17104582ns          294957 1c008b40 04f50863 beq              x10, x15, 80        x10:00000020 x15:00000025
17104602ns          294958 1c008b44 01a005b3 add              x11, x0, x26        x11=00000002 x26:00000002
17104622ns          294959 1c008b46 000b00e7 jalr             x1, x22, 0           x1=1c008b48 x22:1c008a52
17104662ns          294961 1c008a52 000026b7 lui              x13, 0x2000         x13=00002000
17104682ns          294962 1c008a54 f14027f3 csrrs            x15, x0, 0xf14      x15=00000002
17104701ns          294963 1c008a58 f8068693 addi             x13, x13, -128      x13=00001f80 x13:00002000
17104721ns          294964 1c008a5c 00379713 slli             x14, x15, 0x3       x14=00000010 x15:00000002
17104741ns          294965 1c008a60 00279793 slli             x15, x15, 0x2       x15=00000008 x15:00000002
17104761ns          294966 1c008a62 00d7f7b3 and              x15, x15, x13       x15=00000000 x15:00000008 x13:00001f80
17104781ns          294967 1c008a64 ee873733 p.bclr           x14, x14, 23, 8     x14=00000010 x14:00000010
17104801ns          294968 1c008a68 1a10f6b7 lui              x13, 0x1a10f000     x13=1a10f000
17104821ns          294969 1c008a6c 0ff57513 andi             x10, x10, 255       x10=00000020 x10:00000020
17104841ns          294970 1c008a70 00d70733 add              x14, x14, x13       x14=1a10f010 x14:00000010 x13:1a10f000
17104861ns          294971 1c008a72 00a7e723 p.sw             x10, x0(x15)        x10:00000020 x15:00000000  PA:1a10f010
17105179ns          294987 1c008a76 00000513 addi             x10, x0, 0          x10=00000000
17105199ns          294988 1c008a78 00008067 jalr             x0, x1, 0            x1:1c008b48
17105238ns          294990 1c008b48 31f52563 p.beqimm         x10, 778            x10:00000000
17105258ns          294991 1c008b4c 001d8d93 addi             x27, x27, 1         x27=00000002 x27:00000001
17105278ns          294992 1c008b4e 00044503 lbu              x10, 0(x8)          x10=00000065  x8:1c0000c2  PA:1c0000c2
17105597ns          295008 1c008b52 00140413 addi             x8, x8, 1            x8=1c0000c3  x8:1c0000c2
17105616ns          295009 1c008b54 fe0514e3 bne              x10, x0, -24        x10:00000065
17105676ns          295012 1c008b3c 02500793 addi             x15, x0, 37         x15=00000025
17105696ns          295013 1c008b40 04f50863 beq              x10, x15, 80        x10:00000065 x15:00000025
17105716ns          295014 1c008b44 01a005b3 add              x11, x0, x26        x11=00000002 x26:00000002
17105736ns          295015 1c008b46 000b00e7 jalr             x1, x22, 0           x1=1c008b48 x22:1c008a52
17105776ns          295017 1c008a52 000026b7 lui              x13, 0x2000         x13=00002000
17105795ns          295018 1c008a54 f14027f3 csrrs            x15, x0, 0xf14      x15=00000002
17105815ns          295019 1c008a58 f8068693 addi             x13, x13, -128      x13=00001f80 x13:00002000
17105835ns          295020 1c008a5c 00379713 slli             x14, x15, 0x3       x14=00000010 x15:00000002
17105855ns          295021 1c008a60 00279793 slli             x15, x15, 0x2       x15=00000008 x15:00000002
17105875ns          295022 1c008a62 00d7f7b3 and              x15, x15, x13       x15=00000000 x15:00000008 x13:00001f80
17105895ns          295023 1c008a64 ee873733 p.bclr           x14, x14, 23, 8     x14=00000010 x14:00000010
17105915ns          295024 1c008a68 1a10f6b7 lui              x13, 0x1a10f000     x13=1a10f000
17105935ns          295025 1c008a6c 0ff57513 andi             x10, x10, 255       x10=00000065 x10:00000065
17105955ns          295026 1c008a70 00d70733 add              x14, x14, x13       x14=1a10f010 x14:00000010 x13:1a10f000
17105974ns          295027 1c008a72 00a7e723 p.sw             x10, x0(x15)        x10:00000065 x15:00000000  PA:1a10f010
17106293ns          295043 1c008a76 00000513 addi             x10, x0, 0          x10=00000000
17106313ns          295044 1c008a78 00008067 jalr             x0, x1, 0            x1:1c008b48
17106352ns          295046 1c008b48 31f52563 p.beqimm         x10, 778            x10:00000000
17106372ns          295047 1c008b4c 001d8d93 addi             x27, x27, 1         x27=00000003 x27:00000002
17106392ns          295048 1c008b4e 00044503 lbu              x10, 0(x8)          x10=00000078  x8:1c0000c3  PA:1c0000c3
17106710ns          295064 1c008b52 00140413 addi             x8, x8, 1            x8=1c0000c4  x8:1c0000c3
17106730ns          295065 1c008b54 fe0514e3 bne              x10, x0, -24        x10:00000078
17106790ns          295068 1c008b3c 02500793 addi             x15, x0, 37         x15=00000025
17106810ns          295069 1c008b40 04f50863 beq              x10, x15, 80        x10:00000078 x15:00000025
17106830ns          295070 1c008b44 01a005b3 add              x11, x0, x26        x11=00000002 x26:00000002
17106850ns          295071 1c008b46 000b00e7 jalr             x1, x22, 0           x1=1c008b48 x22:1c008a52
17106889ns          295073 1c008a52 000026b7 lui              x13, 0x2000         x13=00002000
17106909ns          295074 1c008a54 f14027f3 csrrs            x15, x0, 0xf14      x15=00000002
17106929ns          295075 1c008a58 f8068693 addi             x13, x13, -128      x13=00001f80 x13:00002000
17106949ns          295076 1c008a5c 00379713 slli             x14, x15, 0x3       x14=00000010 x15:00000002
17106969ns          295077 1c008a60 00279793 slli             x15, x15, 0x2       x15=00000008 x15:00000002
17106989ns          295078 1c008a62 00d7f7b3 and              x15, x15, x13       x15=00000000 x15:00000008 x13:00001f80
17107009ns          295079 1c008a64 ee873733 p.bclr           x14, x14, 23, 8     x14=00000010 x14:00000010
17107029ns          295080 1c008a68 1a10f6b7 lui              x13, 0x1a10f000     x13=1a10f000
17107049ns          295081 1c008a6c 0ff57513 andi             x10, x10, 255       x10=00000078 x10:00000078
17107068ns          295082 1c008a70 00d70733 add              x14, x14, x13       x14=1a10f010 x14:00000010 x13:1a10f000
17107088ns          295083 1c008a72 00a7e723 p.sw             x10, x0(x15)        x10:00000078 x15:00000000  PA:1a10f010
17107407ns          295099 1c008a76 00000513 addi             x10, x0, 0          x10=00000000
17107426ns          295100 1c008a78 00008067 jalr             x0, x1, 0            x1:1c008b48
17107466ns          295102 1c008b48 31f52563 p.beqimm         x10, 778            x10:00000000
17107486ns          295103 1c008b4c 001d8d93 addi             x27, x27, 1         x27=00000004 x27:00000003
17107506ns          295104 1c008b4e 00044503 lbu              x10, 0(x8)          x10=00000065  x8:1c0000c4  PA:1c0000c4
17107824ns          295120 1c008b52 00140413 addi             x8, x8, 1            x8=1c0000c5  x8:1c0000c4
17107844ns          295121 1c008b54 fe0514e3 bne              x10, x0, -24        x10:00000065
17107904ns          295124 1c008b3c 02500793 addi             x15, x0, 37         x15=00000025
17107924ns          295125 1c008b40 04f50863 beq              x10, x15, 80        x10:00000065 x15:00000025
17107944ns          295126 1c008b44 01a005b3 add              x11, x0, x26        x11=00000002 x26:00000002
17107964ns          295127 1c008b46 000b00e7 jalr             x1, x22, 0           x1=1c008b48 x22:1c008a52
17108003ns          295129 1c008a52 000026b7 lui              x13, 0x2000         x13=00002000
17108023ns          295130 1c008a54 f14027f3 csrrs            x15, x0, 0xf14      x15=00000002
17108043ns          295131 1c008a58 f8068693 addi             x13, x13, -128      x13=00001f80 x13:00002000
17108063ns          295132 1c008a5c 00379713 slli             x14, x15, 0x3       x14=00000010 x15:00000002
17108083ns          295133 1c008a60 00279793 slli             x15, x15, 0x2       x15=00000008 x15:00000002
17108103ns          295134 1c008a62 00d7f7b3 and              x15, x15, x13       x15=00000000 x15:00000008 x13:00001f80
17108123ns          295135 1c008a64 ee873733 p.bclr           x14, x14, 23, 8     x14=00000010 x14:00000010
17108143ns          295136 1c008a68 1a10f6b7 lui              x13, 0x1a10f000     x13=1a10f000
17108162ns          295137 1c008a6c 0ff57513 andi             x10, x10, 255       x10=00000065 x10:00000065
17108182ns          295138 1c008a70 00d70733 add              x14, x14, x13       x14=1a10f010 x14:00000010 x13:1a10f000
17108202ns          295139 1c008a72 00a7e723 p.sw             x10, x0(x15)        x10:00000065 x15:00000000  PA:1a10f010
17108540ns          295156 1c008a76 00000513 addi             x10, x0, 0          x10=00000000
17108560ns          295157 1c008a78 00008067 jalr             x0, x1, 0            x1:1c008b48
17108600ns          295159 1c008b48 31f52563 p.beqimm         x10, 778            x10:00000000
17108620ns          295160 1c008b4c 001d8d93 addi             x27, x27, 1         x27=00000005 x27:00000004
17108640ns          295161 1c008b4e 00044503 lbu              x10, 0(x8)          x10=00000063  x8:1c0000c5  PA:1c0000c5
17108938ns          295176 1c008b52 00140413 addi             x8, x8, 1            x8=1c0000c6  x8:1c0000c5
17108958ns          295177 1c008b54 fe0514e3 bne              x10, x0, -24        x10:00000063
17109018ns          295180 1c008b3c 02500793 addi             x15, x0, 37         x15=00000025
17109038ns          295181 1c008b40 04f50863 beq              x10, x15, 80        x10:00000063 x15:00000025
17109058ns          295182 1c008b44 01a005b3 add              x11, x0, x26        x11=00000002 x26:00000002
17109077ns          295183 1c008b46 000b00e7 jalr             x1, x22, 0           x1=1c008b48 x22:1c008a52
17109117ns          295185 1c008a52 000026b7 lui              x13, 0x2000         x13=00002000
17109137ns          295186 1c008a54 f14027f3 csrrs            x15, x0, 0xf14      x15=00000002
17109157ns          295187 1c008a58 f8068693 addi             x13, x13, -128      x13=00001f80 x13:00002000
17109177ns          295188 1c008a5c 00379713 slli             x14, x15, 0x3       x14=00000010 x15:00000002
17109197ns          295189 1c008a60 00279793 slli             x15, x15, 0x2       x15=00000008 x15:00000002
17109217ns          295190 1c008a62 00d7f7b3 and              x15, x15, x13       x15=00000000 x15:00000008 x13:00001f80
17109237ns          295191 1c008a64 ee873733 p.bclr           x14, x14, 23, 8     x14=00000010 x14:00000010
17109256ns          295192 1c008a68 1a10f6b7 lui              x13, 0x1a10f000     x13=1a10f000
17109276ns          295193 1c008a6c 0ff57513 andi             x10, x10, 255       x10=00000063 x10:00000063
17109296ns          295194 1c008a70 00d70733 add              x14, x14, x13       x14=1a10f010 x14:00000010 x13:1a10f000
17109316ns          295195 1c008a72 00a7e723 p.sw             x10, x0(x15)        x10:00000063 x15:00000000  PA:1a10f010
17109634ns          295211 1c008a76 00000513 addi             x10, x0, 0          x10=00000000
17109654ns          295212 1c008a78 00008067 jalr             x0, x1, 0            x1:1c008b48
17109694ns          295214 1c008b48 31f52563 p.beqimm         x10, 778            x10:00000000
17109714ns          295215 1c008b4c 001d8d93 addi             x27, x27, 1         x27=00000006 x27:00000005
17109734ns          295216 1c008b4e 00044503 lbu              x10, 0(x8)          x10=00000075  x8:1c0000c6  PA:1c0000c6
17110032ns          295231 1c008b52 00140413 addi             x8, x8, 1            x8=1c0000c7  x8:1c0000c6
17110052ns          295232 1c008b54 fe0514e3 bne              x10, x0, -24        x10:00000075
17110112ns          295235 1c008b3c 02500793 addi             x15, x0, 37         x15=00000025
17110132ns          295236 1c008b40 04f50863 beq              x10, x15, 80        x10:00000075 x15:00000025
17110151ns          295237 1c008b44 01a005b3 add              x11, x0, x26        x11=00000002 x26:00000002
17110171ns          295238 1c008b46 000b00e7 jalr             x1, x22, 0           x1=1c008b48 x22:1c008a52
17110211ns          295240 1c008a52 000026b7 lui              x13, 0x2000         x13=00002000
17110231ns          295241 1c008a54 f14027f3 csrrs            x15, x0, 0xf14      x15=00000002
17110251ns          295242 1c008a58 f8068693 addi             x13, x13, -128      x13=00001f80 x13:00002000
17110271ns          295243 1c008a5c 00379713 slli             x14, x15, 0x3       x14=00000010 x15:00000002
17110291ns          295244 1c008a60 00279793 slli             x15, x15, 0x2       x15=00000008 x15:00000002
17110311ns          295245 1c008a62 00d7f7b3 and              x15, x15, x13       x15=00000000 x15:00000008 x13:00001f80
17110331ns          295246 1c008a64 ee873733 p.bclr           x14, x14, 23, 8     x14=00000010 x14:00000010
17110350ns          295247 1c008a68 1a10f6b7 lui              x13, 0x1a10f000     x13=1a10f000
17110370ns          295248 1c008a6c 0ff57513 andi             x10, x10, 255       x10=00000075 x10:00000075
17110390ns          295249 1c008a70 00d70733 add              x14, x14, x13       x14=1a10f010 x14:00000010 x13:1a10f000
17110410ns          295250 1c008a72 00a7e723 p.sw             x10, x0(x15)        x10:00000075 x15:00000000  PA:1a10f010
17110728ns          295266 1c008a76 00000513 addi             x10, x0, 0          x10=00000000
17110748ns          295267 1c008a78 00008067 jalr             x0, x1, 0            x1:1c008b48
17110788ns          295269 1c008b48 31f52563 p.beqimm         x10, 778            x10:00000000
17110808ns          295270 1c008b4c 001d8d93 addi             x27, x27, 1         x27=00000007 x27:00000006
17110828ns          295271 1c008b4e 00044503 lbu              x10, 0(x8)          x10=00000074  x8:1c0000c7  PA:1c0000c7
17111126ns          295286 1c008b52 00140413 addi             x8, x8, 1            x8=1c0000c8  x8:1c0000c7
17111146ns          295287 1c008b54 fe0514e3 bne              x10, x0, -24        x10:00000074
17111206ns          295290 1c008b3c 02500793 addi             x15, x0, 37         x15=00000025
17111226ns          295291 1c008b40 04f50863 beq              x10, x15, 80        x10:00000074 x15:00000025
17111245ns          295292 1c008b44 01a005b3 add              x11, x0, x26        x11=00000002 x26:00000002
17111265ns          295293 1c008b46 000b00e7 jalr             x1, x22, 0           x1=1c008b48 x22:1c008a52
17111305ns          295295 1c008a52 000026b7 lui              x13, 0x2000         x13=00002000
17111325ns          295296 1c008a54 f14027f3 csrrs            x15, x0, 0xf14      x15=00000002
17111345ns          295297 1c008a58 f8068693 addi             x13, x13, -128      x13=00001f80 x13:00002000
17111365ns          295298 1c008a5c 00379713 slli             x14, x15, 0x3       x14=00000010 x15:00000002
17111385ns          295299 1c008a60 00279793 slli             x15, x15, 0x2       x15=00000008 x15:00000002
17111405ns          295300 1c008a62 00d7f7b3 and              x15, x15, x13       x15=00000000 x15:00000008 x13:00001f80
17111425ns          295301 1c008a64 ee873733 p.bclr           x14, x14, 23, 8     x14=00000010 x14:00000010
17111444ns          295302 1c008a68 1a10f6b7 lui              x13, 0x1a10f000     x13=1a10f000
17111464ns          295303 1c008a6c 0ff57513 andi             x10, x10, 255       x10=00000074 x10:00000074
17111484ns          295304 1c008a70 00d70733 add              x14, x14, x13       x14=1a10f010 x14:00000010 x13:1a10f000
17111504ns          295305 1c008a72 00a7e723 p.sw             x10, x0(x15)        x10:00000074 x15:00000000  PA:1a10f010
17111822ns          295321 1c008a76 00000513 addi             x10, x0, 0          x10=00000000
17111842ns          295322 1c008a78 00008067 jalr             x0, x1, 0            x1:1c008b48
17111882ns          295324 1c008b48 31f52563 p.beqimm         x10, 778            x10:00000000
17111902ns          295325 1c008b4c 001d8d93 addi             x27, x27, 1         x27=00000008 x27:00000007
17111922ns          295326 1c008b4e 00044503 lbu              x10, 0(x8)          x10=00000069  x8:1c0000c8  PA:1c0000c8
17112220ns          295341 1c008b52 00140413 addi             x8, x8, 1            x8=1c0000c9  x8:1c0000c8
17112240ns          295342 1c008b54 fe0514e3 bne              x10, x0, -24        x10:00000069
17112300ns          295345 1c008b3c 02500793 addi             x15, x0, 37         x15=00000025
17112320ns          295346 1c008b40 04f50863 beq              x10, x15, 80        x10:00000069 x15:00000025
17112339ns          295347 1c008b44 01a005b3 add              x11, x0, x26        x11=00000002 x26:00000002
17112359ns          295348 1c008b46 000b00e7 jalr             x1, x22, 0           x1=1c008b48 x22:1c008a52
17112399ns          295350 1c008a52 000026b7 lui              x13, 0x2000         x13=00002000
17112419ns          295351 1c008a54 f14027f3 csrrs            x15, x0, 0xf14      x15=00000002
17112439ns          295352 1c008a58 f8068693 addi             x13, x13, -128      x13=00001f80 x13:00002000
17112459ns          295353 1c008a5c 00379713 slli             x14, x15, 0x3       x14=00000010 x15:00000002
17112479ns          295354 1c008a60 00279793 slli             x15, x15, 0x2       x15=00000008 x15:00000002
17112499ns          295355 1c008a62 00d7f7b3 and              x15, x15, x13       x15=00000000 x15:00000008 x13:00001f80
17112518ns          295356 1c008a64 ee873733 p.bclr           x14, x14, 23, 8     x14=00000010 x14:00000010
17112538ns          295357 1c008a68 1a10f6b7 lui              x13, 0x1a10f000     x13=1a10f000
17112558ns          295358 1c008a6c 0ff57513 andi             x10, x10, 255       x10=00000069 x10:00000069
17112578ns          295359 1c008a70 00d70733 add              x14, x14, x13       x14=1a10f010 x14:00000010 x13:1a10f000
17112598ns          295360 1c008a72 00a7e723 p.sw             x10, x0(x15)        x10:00000069 x15:00000000  PA:1a10f010
17112916ns          295376 1c008a76 00000513 addi             x10, x0, 0          x10=00000000
17112936ns          295377 1c008a78 00008067 jalr             x0, x1, 0            x1:1c008b48
17112976ns          295379 1c008b48 31f52563 p.beqimm         x10, 778            x10:00000000
17112996ns          295380 1c008b4c 001d8d93 addi             x27, x27, 1         x27=00000009 x27:00000008
17113016ns          295381 1c008b4e 00044503 lbu              x10, 0(x8)          x10=0000006f  x8:1c0000c9  PA:1c0000c9
17113314ns          295396 1c008b52 00140413 addi             x8, x8, 1            x8=1c0000ca  x8:1c0000c9
17113334ns          295397 1c008b54 fe0514e3 bne              x10, x0, -24        x10:0000006f
17113394ns          295400 1c008b3c 02500793 addi             x15, x0, 37         x15=00000025
17113414ns          295401 1c008b40 04f50863 beq              x10, x15, 80        x10:0000006f x15:00000025
17113433ns          295402 1c008b44 01a005b3 add              x11, x0, x26        x11=00000002 x26:00000002
17113453ns          295403 1c008b46 000b00e7 jalr             x1, x22, 0           x1=1c008b48 x22:1c008a52
17113493ns          295405 1c008a52 000026b7 lui              x13, 0x2000         x13=00002000
17113513ns          295406 1c008a54 f14027f3 csrrs            x15, x0, 0xf14      x15=00000002
17113533ns          295407 1c008a58 f8068693 addi             x13, x13, -128      x13=00001f80 x13:00002000
17113553ns          295408 1c008a5c 00379713 slli             x14, x15, 0x3       x14=00000010 x15:00000002
17113573ns          295409 1c008a60 00279793 slli             x15, x15, 0x2       x15=00000008 x15:00000002
17113593ns          295410 1c008a62 00d7f7b3 and              x15, x15, x13       x15=00000000 x15:00000008 x13:00001f80
17113612ns          295411 1c008a64 ee873733 p.bclr           x14, x14, 23, 8     x14=00000010 x14:00000010
17113632ns          295412 1c008a68 1a10f6b7 lui              x13, 0x1a10f000     x13=1a10f000
17113652ns          295413 1c008a6c 0ff57513 andi             x10, x10, 255       x10=0000006f x10:0000006f
17113672ns          295414 1c008a70 00d70733 add              x14, x14, x13       x14=1a10f010 x14:00000010 x13:1a10f000
17113692ns          295415 1c008a72 00a7e723 p.sw             x10, x0(x15)        x10:0000006f x15:00000000  PA:1a10f010
17114010ns          295431 1c008a76 00000513 addi             x10, x0, 0          x10=00000000
17114030ns          295432 1c008a78 00008067 jalr             x0, x1, 0            x1:1c008b48
17114070ns          295434 1c008b48 31f52563 p.beqimm         x10, 778            x10:00000000
17114090ns          295435 1c008b4c 001d8d93 addi             x27, x27, 1         x27=0000000a x27:00000009
17114110ns          295436 1c008b4e 00044503 lbu              x10, 0(x8)          x10=0000006e  x8:1c0000ca  PA:1c0000ca
17114428ns          295452 1c008b52 00140413 addi             x8, x8, 1            x8=1c0000cb  x8:1c0000ca
17114448ns          295453 1c008b54 fe0514e3 bne              x10, x0, -24        x10:0000006e
17114508ns          295456 1c008b3c 02500793 addi             x15, x0, 37         x15=00000025
17114527ns          295457 1c008b40 04f50863 beq              x10, x15, 80        x10:0000006e x15:00000025
17114547ns          295458 1c008b44 01a005b3 add              x11, x0, x26        x11=00000002 x26:00000002
17114567ns          295459 1c008b46 000b00e7 jalr             x1, x22, 0           x1=1c008b48 x22:1c008a52
17114607ns          295461 1c008a52 000026b7 lui              x13, 0x2000         x13=00002000
17114627ns          295462 1c008a54 f14027f3 csrrs            x15, x0, 0xf14      x15=00000002
17114647ns          295463 1c008a58 f8068693 addi             x13, x13, -128      x13=00001f80 x13:00002000
17114667ns          295464 1c008a5c 00379713 slli             x14, x15, 0x3       x14=00000010 x15:00000002
17114687ns          295465 1c008a60 00279793 slli             x15, x15, 0x2       x15=00000008 x15:00000002
17114706ns          295466 1c008a62 00d7f7b3 and              x15, x15, x13       x15=00000000 x15:00000008 x13:00001f80
17114726ns          295467 1c008a64 ee873733 p.bclr           x14, x14, 23, 8     x14=00000010 x14:00000010
17114746ns          295468 1c008a68 1a10f6b7 lui              x13, 0x1a10f000     x13=1a10f000
17114766ns          295469 1c008a6c 0ff57513 andi             x10, x10, 255       x10=0000006e x10:0000006e
17114786ns          295470 1c008a70 00d70733 add              x14, x14, x13       x14=1a10f010 x14:00000010 x13:1a10f000
17114806ns          295471 1c008a72 00a7e723 p.sw             x10, x0(x15)        x10:0000006e x15:00000000  PA:1a10f010
17115124ns          295487 1c008a76 00000513 addi             x10, x0, 0          x10=00000000
17115144ns          295488 1c008a78 00008067 jalr             x0, x1, 0            x1:1c008b48
17115184ns          295490 1c008b48 31f52563 p.beqimm         x10, 778            x10:00000000
17115204ns          295491 1c008b4c 001d8d93 addi             x27, x27, 1         x27=0000000b x27:0000000a
17115224ns          295492 1c008b4e 00044503 lbu              x10, 0(x8)          x10=00000020  x8:1c0000cb  PA:1c0000cb
17115522ns          295507 1c008b52 00140413 addi             x8, x8, 1            x8=1c0000cc  x8:1c0000cb
17115542ns          295508 1c008b54 fe0514e3 bne              x10, x0, -24        x10:00000020
17115602ns          295511 1c008b3c 02500793 addi             x15, x0, 37         x15=00000025
17115621ns          295512 1c008b40 04f50863 beq              x10, x15, 80        x10:00000020 x15:00000025
17115641ns          295513 1c008b44 01a005b3 add              x11, x0, x26        x11=00000002 x26:00000002
17115661ns          295514 1c008b46 000b00e7 jalr             x1, x22, 0           x1=1c008b48 x22:1c008a52
17115701ns          295516 1c008a52 000026b7 lui              x13, 0x2000         x13=00002000
17115721ns          295517 1c008a54 f14027f3 csrrs            x15, x0, 0xf14      x15=00000002
17115741ns          295518 1c008a58 f8068693 addi             x13, x13, -128      x13=00001f80 x13:00002000
17115761ns          295519 1c008a5c 00379713 slli             x14, x15, 0x3       x14=00000010 x15:00000002
17115781ns          295520 1c008a60 00279793 slli             x15, x15, 0x2       x15=00000008 x15:00000002
17115800ns          295521 1c008a62 00d7f7b3 and              x15, x15, x13       x15=00000000 x15:00000008 x13:00001f80
17115820ns          295522 1c008a64 ee873733 p.bclr           x14, x14, 23, 8     x14=00000010 x14:00000010
17115840ns          295523 1c008a68 1a10f6b7 lui              x13, 0x1a10f000     x13=1a10f000
17115860ns          295524 1c008a6c 0ff57513 andi             x10, x10, 255       x10=00000020 x10:00000020
17115880ns          295525 1c008a70 00d70733 add              x14, x14, x13       x14=1a10f010 x14:00000010 x13:1a10f000
17115900ns          295526 1c008a72 00a7e723 p.sw             x10, x0(x15)        x10:00000020 x15:00000000  PA:1a10f010
17116218ns          295542 1c008a76 00000513 addi             x10, x0, 0          x10=00000000
17116238ns          295543 1c008a78 00008067 jalr             x0, x1, 0            x1:1c008b48
17116278ns          295545 1c008b48 31f52563 p.beqimm         x10, 778            x10:00000000
17116298ns          295546 1c008b4c 001d8d93 addi             x27, x27, 1         x27=0000000c x27:0000000b
17116318ns          295547 1c008b4e 00044503 lbu              x10, 0(x8)          x10=00000074  x8:1c0000cc  PA:1c0000cc
17116636ns          295563 1c008b52 00140413 addi             x8, x8, 1            x8=1c0000cd  x8:1c0000cc
17116656ns          295564 1c008b54 fe0514e3 bne              x10, x0, -24        x10:00000074
17116715ns          295567 1c008b3c 02500793 addi             x15, x0, 37         x15=00000025
17116735ns          295568 1c008b40 04f50863 beq              x10, x15, 80        x10:00000074 x15:00000025
17116755ns          295569 1c008b44 01a005b3 add              x11, x0, x26        x11=00000002 x26:00000002
17116775ns          295570 1c008b46 000b00e7 jalr             x1, x22, 0           x1=1c008b48 x22:1c008a52
17116815ns          295572 1c008a52 000026b7 lui              x13, 0x2000         x13=00002000
17116835ns          295573 1c008a54 f14027f3 csrrs            x15, x0, 0xf14      x15=00000002
17116855ns          295574 1c008a58 f8068693 addi             x13, x13, -128      x13=00001f80 x13:00002000
17116875ns          295575 1c008a5c 00379713 slli             x14, x15, 0x3       x14=00000010 x15:00000002
17116894ns          295576 1c008a60 00279793 slli             x15, x15, 0x2       x15=00000008 x15:00000002
17116914ns          295577 1c008a62 00d7f7b3 and              x15, x15, x13       x15=00000000 x15:00000008 x13:00001f80
17116934ns          295578 1c008a64 ee873733 p.bclr           x14, x14, 23, 8     x14=00000010 x14:00000010
17116954ns          295579 1c008a68 1a10f6b7 lui              x13, 0x1a10f000     x13=1a10f000
17116974ns          295580 1c008a6c 0ff57513 andi             x10, x10, 255       x10=00000074 x10:00000074
17116994ns          295581 1c008a70 00d70733 add              x14, x14, x13       x14=1a10f010 x14:00000010 x13:1a10f000
17117014ns          295582 1c008a72 00a7e723 p.sw             x10, x0(x15)        x10:00000074 x15:00000000  PA:1a10f010
17117332ns          295598 1c008a76 00000513 addi             x10, x0, 0          x10=00000000
17117352ns          295599 1c008a78 00008067 jalr             x0, x1, 0            x1:1c008b48
17117392ns          295601 1c008b48 31f52563 p.beqimm         x10, 778            x10:00000000
17117412ns          295602 1c008b4c 001d8d93 addi             x27, x27, 1         x27=0000000d x27:0000000c
17117432ns          295603 1c008b4e 00044503 lbu              x10, 0(x8)          x10=00000069  x8:1c0000cd  PA:1c0000cd
17117730ns          295618 1c008b52 00140413 addi             x8, x8, 1            x8=1c0000ce  x8:1c0000cd
17117750ns          295619 1c008b54 fe0514e3 bne              x10, x0, -24        x10:00000069
17117809ns          295622 1c008b3c 02500793 addi             x15, x0, 37         x15=00000025
17117829ns          295623 1c008b40 04f50863 beq              x10, x15, 80        x10:00000069 x15:00000025
17117849ns          295624 1c008b44 01a005b3 add              x11, x0, x26        x11=00000002 x26:00000002
17117869ns          295625 1c008b46 000b00e7 jalr             x1, x22, 0           x1=1c008b48 x22:1c008a52
17117909ns          295627 1c008a52 000026b7 lui              x13, 0x2000         x13=00002000
17117929ns          295628 1c008a54 f14027f3 csrrs            x15, x0, 0xf14      x15=00000002
17117949ns          295629 1c008a58 f8068693 addi             x13, x13, -128      x13=00001f80 x13:00002000
17117969ns          295630 1c008a5c 00379713 slli             x14, x15, 0x3       x14=00000010 x15:00000002
17117988ns          295631 1c008a60 00279793 slli             x15, x15, 0x2       x15=00000008 x15:00000002
17118008ns          295632 1c008a62 00d7f7b3 and              x15, x15, x13       x15=00000000 x15:00000008 x13:00001f80
17118028ns          295633 1c008a64 ee873733 p.bclr           x14, x14, 23, 8     x14=00000010 x14:00000010
17118048ns          295634 1c008a68 1a10f6b7 lui              x13, 0x1a10f000     x13=1a10f000
17118068ns          295635 1c008a6c 0ff57513 andi             x10, x10, 255       x10=00000069 x10:00000069
17118088ns          295636 1c008a70 00d70733 add              x14, x14, x13       x14=1a10f010 x14:00000010 x13:1a10f000
17118108ns          295637 1c008a72 00a7e723 p.sw             x10, x0(x15)        x10:00000069 x15:00000000  PA:1a10f010
17118426ns          295653 1c008a76 00000513 addi             x10, x0, 0          x10=00000000
17118446ns          295654 1c008a78 00008067 jalr             x0, x1, 0            x1:1c008b48
17118486ns          295656 1c008b48 31f52563 p.beqimm         x10, 778            x10:00000000
17118506ns          295657 1c008b4c 001d8d93 addi             x27, x27, 1         x27=0000000e x27:0000000d
17118526ns          295658 1c008b4e 00044503 lbu              x10, 0(x8)          x10=0000006d  x8:1c0000ce  PA:1c0000ce
17118824ns          295673 1c008b52 00140413 addi             x8, x8, 1            x8=1c0000cf  x8:1c0000ce
17118844ns          295674 1c008b54 fe0514e3 bne              x10, x0, -24        x10:0000006d
17118903ns          295677 1c008b3c 02500793 addi             x15, x0, 37         x15=00000025
17118923ns          295678 1c008b40 04f50863 beq              x10, x15, 80        x10:0000006d x15:00000025
17118943ns          295679 1c008b44 01a005b3 add              x11, x0, x26        x11=00000002 x26:00000002
17118963ns          295680 1c008b46 000b00e7 jalr             x1, x22, 0           x1=1c008b48 x22:1c008a52
17119003ns          295682 1c008a52 000026b7 lui              x13, 0x2000         x13=00002000
17119023ns          295683 1c008a54 f14027f3 csrrs            x15, x0, 0xf14      x15=00000002
17119043ns          295684 1c008a58 f8068693 addi             x13, x13, -128      x13=00001f80 x13:00002000
17119063ns          295685 1c008a5c 00379713 slli             x14, x15, 0x3       x14=00000010 x15:00000002
17119082ns          295686 1c008a60 00279793 slli             x15, x15, 0x2       x15=00000008 x15:00000002
17119102ns          295687 1c008a62 00d7f7b3 and              x15, x15, x13       x15=00000000 x15:00000008 x13:00001f80
17119122ns          295688 1c008a64 ee873733 p.bclr           x14, x14, 23, 8     x14=00000010 x14:00000010
17119142ns          295689 1c008a68 1a10f6b7 lui              x13, 0x1a10f000     x13=1a10f000
17119162ns          295690 1c008a6c 0ff57513 andi             x10, x10, 255       x10=0000006d x10:0000006d
17119182ns          295691 1c008a70 00d70733 add              x14, x14, x13       x14=1a10f010 x14:00000010 x13:1a10f000
17119202ns          295692 1c008a72 00a7e723 p.sw             x10, x0(x15)        x10:0000006d x15:00000000  PA:1a10f010
17119520ns          295708 1c008a76 00000513 addi             x10, x0, 0          x10=00000000
17119540ns          295709 1c008a78 00008067 jalr             x0, x1, 0            x1:1c008b48
17119580ns          295711 1c008b48 31f52563 p.beqimm         x10, 778            x10:00000000
17119600ns          295712 1c008b4c 001d8d93 addi             x27, x27, 1         x27=0000000f x27:0000000e
17119619ns          295713 1c008b4e 00044503 lbu              x10, 0(x8)          x10=00000065  x8:1c0000cf  PA:1c0000cf
17119938ns          295729 1c008b52 00140413 addi             x8, x8, 1            x8=1c0000d0  x8:1c0000cf
17119958ns          295730 1c008b54 fe0514e3 bne              x10, x0, -24        x10:00000065
17120017ns          295733 1c008b3c 02500793 addi             x15, x0, 37         x15=00000025
17120037ns          295734 1c008b40 04f50863 beq              x10, x15, 80        x10:00000065 x15:00000025
17120057ns          295735 1c008b44 01a005b3 add              x11, x0, x26        x11=00000002 x26:00000002
17120077ns          295736 1c008b46 000b00e7 jalr             x1, x22, 0           x1=1c008b48 x22:1c008a52
17120117ns          295738 1c008a52 000026b7 lui              x13, 0x2000         x13=00002000
17120137ns          295739 1c008a54 f14027f3 csrrs            x15, x0, 0xf14      x15=00000002
17120157ns          295740 1c008a58 f8068693 addi             x13, x13, -128      x13=00001f80 x13:00002000
17120176ns          295741 1c008a5c 00379713 slli             x14, x15, 0x3       x14=00000010 x15:00000002
17120196ns          295742 1c008a60 00279793 slli             x15, x15, 0x2       x15=00000008 x15:00000002
17120216ns          295743 1c008a62 00d7f7b3 and              x15, x15, x13       x15=00000000 x15:00000008 x13:00001f80
17120236ns          295744 1c008a64 ee873733 p.bclr           x14, x14, 23, 8     x14=00000010 x14:00000010
17120256ns          295745 1c008a68 1a10f6b7 lui              x13, 0x1a10f000     x13=1a10f000
17120276ns          295746 1c008a6c 0ff57513 andi             x10, x10, 255       x10=00000065 x10:00000065
17120296ns          295747 1c008a70 00d70733 add              x14, x14, x13       x14=1a10f010 x14:00000010 x13:1a10f000
17120316ns          295748 1c008a72 00a7e723 p.sw             x10, x0(x15)        x10:00000065 x15:00000000  PA:1a10f010
17120634ns          295764 1c008a76 00000513 addi             x10, x0, 0          x10=00000000
17120654ns          295765 1c008a78 00008067 jalr             x0, x1, 0            x1:1c008b48
17120694ns          295767 1c008b48 31f52563 p.beqimm         x10, 778            x10:00000000
17120713ns          295768 1c008b4c 001d8d93 addi             x27, x27, 1         x27=00000010 x27:0000000f
17120733ns          295769 1c008b4e 00044503 lbu              x10, 0(x8)          x10=0000003a  x8:1c0000d0  PA:1c0000d0
17121052ns          295785 1c008b52 00140413 addi             x8, x8, 1            x8=1c0000d1  x8:1c0000d0
17121072ns          295786 1c008b54 fe0514e3 bne              x10, x0, -24        x10:0000003a
17121131ns          295789 1c008b3c 02500793 addi             x15, x0, 37         x15=00000025
17121151ns          295790 1c008b40 04f50863 beq              x10, x15, 80        x10:0000003a x15:00000025
17121171ns          295791 1c008b44 01a005b3 add              x11, x0, x26        x11=00000002 x26:00000002
17121191ns          295792 1c008b46 000b00e7 jalr             x1, x22, 0           x1=1c008b48 x22:1c008a52
17121231ns          295794 1c008a52 000026b7 lui              x13, 0x2000         x13=00002000
17121251ns          295795 1c008a54 f14027f3 csrrs            x15, x0, 0xf14      x15=00000002
17121270ns          295796 1c008a58 f8068693 addi             x13, x13, -128      x13=00001f80 x13:00002000
17121290ns          295797 1c008a5c 00379713 slli             x14, x15, 0x3       x14=00000010 x15:00000002
17121310ns          295798 1c008a60 00279793 slli             x15, x15, 0x2       x15=00000008 x15:00000002
17121330ns          295799 1c008a62 00d7f7b3 and              x15, x15, x13       x15=00000000 x15:00000008 x13:00001f80
17121350ns          295800 1c008a64 ee873733 p.bclr           x14, x14, 23, 8     x14=00000010 x14:00000010
17121370ns          295801 1c008a68 1a10f6b7 lui              x13, 0x1a10f000     x13=1a10f000
17121390ns          295802 1c008a6c 0ff57513 andi             x10, x10, 255       x10=0000003a x10:0000003a
17121410ns          295803 1c008a70 00d70733 add              x14, x14, x13       x14=1a10f010 x14:00000010 x13:1a10f000
17121430ns          295804 1c008a72 00a7e723 p.sw             x10, x0(x15)        x10:0000003a x15:00000000  PA:1a10f010
17121748ns          295820 1c008a76 00000513 addi             x10, x0, 0          x10=00000000
17121768ns          295821 1c008a78 00008067 jalr             x0, x1, 0            x1:1c008b48
17121807ns          295823 1c008b48 31f52563 p.beqimm         x10, 778            x10:00000000
17121827ns          295824 1c008b4c 001d8d93 addi             x27, x27, 1         x27=00000011 x27:00000010
17121847ns          295825 1c008b4e 00044503 lbu              x10, 0(x8)          x10=00000020  x8:1c0000d1  PA:1c0000d1
17122166ns          295841 1c008b52 00140413 addi             x8, x8, 1            x8=1c0000d2  x8:1c0000d1
17122185ns          295842 1c008b54 fe0514e3 bne              x10, x0, -24        x10:00000020
17122245ns          295845 1c008b3c 02500793 addi             x15, x0, 37         x15=00000025
17122265ns          295846 1c008b40 04f50863 beq              x10, x15, 80        x10:00000020 x15:00000025
17122285ns          295847 1c008b44 01a005b3 add              x11, x0, x26        x11=00000002 x26:00000002
17122305ns          295848 1c008b46 000b00e7 jalr             x1, x22, 0           x1=1c008b48 x22:1c008a52
17122345ns          295850 1c008a52 000026b7 lui              x13, 0x2000         x13=00002000
17122364ns          295851 1c008a54 f14027f3 csrrs            x15, x0, 0xf14      x15=00000002
17122384ns          295852 1c008a58 f8068693 addi             x13, x13, -128      x13=00001f80 x13:00002000
17122404ns          295853 1c008a5c 00379713 slli             x14, x15, 0x3       x14=00000010 x15:00000002
17122424ns          295854 1c008a60 00279793 slli             x15, x15, 0x2       x15=00000008 x15:00000002
17122444ns          295855 1c008a62 00d7f7b3 and              x15, x15, x13       x15=00000000 x15:00000008 x13:00001f80
17122464ns          295856 1c008a64 ee873733 p.bclr           x14, x14, 23, 8     x14=00000010 x14:00000010
17122484ns          295857 1c008a68 1a10f6b7 lui              x13, 0x1a10f000     x13=1a10f000
17122504ns          295858 1c008a6c 0ff57513 andi             x10, x10, 255       x10=00000020 x10:00000020
17122524ns          295859 1c008a70 00d70733 add              x14, x14, x13       x14=1a10f010 x14:00000010 x13:1a10f000
17122543ns          295860 1c008a72 00a7e723 p.sw             x10, x0(x15)        x10:00000020 x15:00000000  PA:1a10f010
17122862ns          295876 1c008a76 00000513 addi             x10, x0, 0          x10=00000000
17122882ns          295877 1c008a78 00008067 jalr             x0, x1, 0            x1:1c008b48
17122921ns          295879 1c008b48 31f52563 p.beqimm         x10, 778            x10:00000000
17122941ns          295880 1c008b4c 001d8d93 addi             x27, x27, 1         x27=00000012 x27:00000011
17122961ns          295881 1c008b4e 00044503 lbu              x10, 0(x8)          x10=00000025  x8:1c0000d2  PA:1c0000d2
17123299ns          295898 1c008b52 00140413 addi             x8, x8, 1            x8=1c0000d3  x8:1c0000d2
17123319ns          295899 1c008b54 fe0514e3 bne              x10, x0, -24        x10:00000025
17123379ns          295902 1c008b3c 02500793 addi             x15, x0, 37         x15=00000025
17123399ns          295903 1c008b40 04f50863 beq              x10, x15, 80        x10:00000025 x15:00000025
17123498ns          295908 1c008b90 00044483 lbu              x9, 0(x8)            x9=00000064  x8:1c0000d3  PA:1c0000d3
17123816ns          295924 1c008b94 02000693 addi             x13, x0, 32         x13=00000020
17123836ns          295925 1c008b98 00140a93 addi             x21, x8, 1          x21=1c0000d4  x8:1c0000d3
17123856ns          295926 1c008b9c 009005b3 add              x11, x0, x9         x11=00000064  x9:00000064
17123876ns          295927 1c008b9e 05cb8513 addi             x10, x23, 92        x10=1c00005c x23:1c000000
17123896ns          295928 1c008ba2 00d12823 sw               x13, 16(x2)         x13:00000020  x2:10002228  PA:10002238
17123916ns          295929 1c008ba4 00012c23 sw               x0, 24(x2)           x2:10002228  PA:10002240
17123936ns          295930 1c008ba6 00012a23 sw               x0, 20(x2)           x2:10002228  PA:1000223c
17123956ns          295931 1c008ba8 00012e23 sw               x0, 28(x2)           x2:10002228  PA:10002244
17123976ns          295932 1c008baa 00012623 sw               x0, 12(x2)           x2:10002228  PA:10002234
17123995ns          295933 1c008bac 02300913 addi             x18, x0, 35         x18=00000023
17124015ns          295934 1c008bb0 02d00a13 addi             x20, x0, 45         x20=0000002d
17124035ns          295935 1c008bb4 015009b3 add              x19, x0, x21        x19=1c0000d4 x21:1c0000d4
17124055ns          295936 1c008bb6 e1dff0ef jal              x1, -484             x1=1c008bb8
17124174ns          295942 1c0089d2 00054783 lbu              x15, 0(x10)         x15=0000002d x10:1c00005c  PA:1c00005c
17124473ns          295957 1c0089d6 0ff5f593 andi             x11, x11, 255       x11=00000064 x11:00000064
17124493ns          295958 1c0089da 00b78c63 beq              x15, x11, 24        x15:0000002d x11:00000064
17124513ns          295959 1c0089de 00078b63 beq              x15, x0, 22         x15:0000002d
17124533ns          295960 1c0089e0 00150793 addi             x15, x10, 1         x15=1c00005d x10:1c00005c
17124552ns          295961 1c0089e4 0040006f jal              x0, 4              
17124592ns          295963 1c0089e8 00f00533 add              x10, x0, x15        x10=1c00005d x15:1c00005d
17124612ns          295964 1c0089ea 0017c70b p.lbu            x14, 1(x15!)        x14=0000002b x15=1c00005e x15:1c00005d  PA:1c00005d
17124930ns          295980 1c0089ee feb71ce3 bne              x14, x11, -8        x14:0000002b x11:00000064
17124990ns          295983 1c0089e6 00070763 beq              x14, x0, 14         x14:0000002b
17125010ns          295984 1c0089e8 00f00533 add              x10, x0, x15        x10=1c00005e x15:1c00005e
17125030ns          295985 1c0089ea 0017c70b p.lbu            x14, 1(x15!)        x14=00000020 x15=1c00005f x15:1c00005e  PA:1c00005e
17125368ns          296002 1c0089ee feb71ce3 bne              x14, x11, -8        x14:00000020 x11:00000064
17125428ns          296005 1c0089e6 00070763 beq              x14, x0, 14         x14:00000020
17125447ns          296006 1c0089e8 00f00533 add              x10, x0, x15        x10=1c00005f x15:1c00005f
17125467ns          296007 1c0089ea 0017c70b p.lbu            x14, 1(x15!)        x14=00000023 x15=1c000060 x15:1c00005f  PA:1c00005f
17125786ns          296023 1c0089ee feb71ce3 bne              x14, x11, -8        x14:00000023 x11:00000064
17125845ns          296026 1c0089e6 00070763 beq              x14, x0, 14         x14:00000023
17125865ns          296027 1c0089e8 00f00533 add              x10, x0, x15        x10=1c000060 x15:1c000060
17125885ns          296028 1c0089ea 0017c70b p.lbu            x14, 1(x15!)        x14=00000030 x15=1c000061 x15:1c000060  PA:1c000060
17126203ns          296044 1c0089ee feb71ce3 bne              x14, x11, -8        x14:00000030 x11:00000064
17126263ns          296047 1c0089e6 00070763 beq              x14, x0, 14         x14:00000030
17126283ns          296048 1c0089e8 00f00533 add              x10, x0, x15        x10=1c000061 x15:1c000061
17126303ns          296049 1c0089ea 0017c70b p.lbu            x14, 1(x15!)        x14=00000000 x15=1c000062 x15:1c000061  PA:1c000061
17126621ns          296065 1c0089ee feb71ce3 bne              x14, x11, -8        x14:00000000 x11:00000064
17126681ns          296068 1c0089e6 00070763 beq              x14, x0, 14         x14:00000000
17126740ns          296071 1c0089f4 0015b593 sltiu            x11, x11, 1         x11=00000000 x11:00000064
17126760ns          296072 1c0089f8 40b005b3 sub              x11, x0, x11        x11=00000000 x11:00000000
17126780ns          296073 1c0089fc 00b57533 and              x10, x10, x11       x10=00000000 x10:1c000061 x11:00000000
17126800ns          296074 1c0089fe 00008067 jalr             x0, x1, 0            x1:1c008bb8
17126880ns          296078 1c008bb8 02050a63 beq              x10, x0, 52         x10:00000000
17126979ns          296083 1c008bec 02a00613 addi             x12, x0, 42         x12=0000002a
17127059ns          296087 1c008bf0 2ac48663 beq              x9, x12, 684         x9:00000064 x12:0000002a
17127098ns          296089 1c008bf4 fd048613 addi             x12, x9, -48        x12=00000034  x9:00000064
17127118ns          296090 1c008bf8 00900593 addi             x11, x0, 9          x11=00000009
17127138ns          296091 1c008bfa 00000913 addi             x18, x0, 0          x18=00000000
17127158ns          296092 1c008bfc 28c5f063 bgeu             x11, x12, 640       x11:00000009 x12:00000034
17127198ns          296094 1c008c00 02e00693 addi             x13, x0, 46         x13=0000002e
17127238ns          296096 1c008c04 fff00a13 addi             x20, x0, -1         x20=ffffffff
17127258ns          296097 1c008c06 2ed48363 beq              x9, x13, 742         x9:00000064 x13:0000002e
17127277ns          296098 1c008c0a 1c0007b7 lui              x15, 0x1c000000     x15=1c000000
17127297ns          296099 1c008c0e 009005b3 add              x11, x0, x9         x11=00000064  x9:00000064
17127317ns          296100 1c008c10 06478513 addi             x10, x15, 100       x10=1c000064 x15:1c000000
17127337ns          296101 1c008c14 dbfff0ef jal              x1, -578             x1=1c008c16
17127397ns          296104 1c0089d2 00054783 lbu              x15, 0(x10)         x15=00000068 x10:1c000064  PA:1c000064
17127695ns          296119 1c0089d6 0ff5f593 andi             x11, x11, 255       x11=00000064 x11:00000064
17127715ns          296120 1c0089da 00b78c63 beq              x15, x11, 24        x15:00000068 x11:00000064
17127735ns          296121 1c0089de 00078b63 beq              x15, x0, 22         x15:00000068
17127755ns          296122 1c0089e0 00150793 addi             x15, x10, 1         x15=1c000065 x10:1c000064
17127775ns          296123 1c0089e4 0040006f jal              x0, 4              
17127814ns          296125 1c0089e8 00f00533 add              x10, x0, x15        x10=1c000065 x15:1c000065
17127834ns          296126 1c0089ea 0017c70b p.lbu            x14, 1(x15!)        x14=0000006c x15=1c000066 x15:1c000065  PA:1c000065
17128153ns          296142 1c0089ee feb71ce3 bne              x14, x11, -8        x14:0000006c x11:00000064
17128212ns          296145 1c0089e6 00070763 beq              x14, x0, 14         x14:0000006c
17128232ns          296146 1c0089e8 00f00533 add              x10, x0, x15        x10=1c000066 x15:1c000066
17128252ns          296147 1c0089ea 0017c70b p.lbu            x14, 1(x15!)        x14=0000004c x15=1c000067 x15:1c000066  PA:1c000066
17128590ns          296164 1c0089ee feb71ce3 bne              x14, x11, -8        x14:0000004c x11:00000064
17128650ns          296167 1c0089e6 00070763 beq              x14, x0, 14         x14:0000004c
17128670ns          296168 1c0089e8 00f00533 add              x10, x0, x15        x10=1c000067 x15:1c000067
17128690ns          296169 1c0089ea 0017c70b p.lbu            x14, 1(x15!)        x14=0000007a x15=1c000068 x15:1c000067  PA:1c000067
17129008ns          296185 1c0089ee feb71ce3 bne              x14, x11, -8        x14:0000007a x11:00000064
17129068ns          296188 1c0089e6 00070763 beq              x14, x0, 14         x14:0000007a
17129087ns          296189 1c0089e8 00f00533 add              x10, x0, x15        x10=1c000068 x15:1c000068
17129107ns          296190 1c0089ea 0017c70b p.lbu            x14, 1(x15!)        x14=00000000 x15=1c000069 x15:1c000068  PA:1c000068
17129446ns          296207 1c0089ee feb71ce3 bne              x14, x11, -8        x14:00000000 x11:00000064
17129505ns          296210 1c0089e6 00070763 beq              x14, x0, 14         x14:00000000
17129565ns          296213 1c0089f4 0015b593 sltiu            x11, x11, 1         x11=00000000 x11:00000064
17129585ns          296214 1c0089f8 40b005b3 sub              x11, x0, x11        x11=00000000 x11:00000000
17129605ns          296215 1c0089fc 00b57533 and              x10, x10, x11       x10=00000000 x10:1c000068 x11:00000000
17129625ns          296216 1c0089fe 00008067 jalr             x0, x1, 0            x1:1c008c16
17129664ns          296218 1c008c16 01300433 add              x8, x0, x19          x8=1c0000d4 x19:1c0000d4
17129684ns          296219 1c008c18 00050563 beq              x10, x0, 10         x10:00000000
17129823ns          296226 1c008c22 06700693 addi             x13, x0, 103        x13=00000067
17129843ns          296227 1c008c26 2896d963 bge              x13, x9, 658        x13:00000067  x9:00000064
17130002ns          296235 1c008eb8 06500693 addi             x13, x0, 101        x13=00000065
17130042ns          296237 1c008ebc 12d4d563 bge              x9, x13, 298         x9:00000064 x13:00000065
17130102ns          296240 1c008ec0 04700693 addi             x13, x0, 71         x13=00000047
17130142ns          296242 1c008ec4 dc96cbe3 blt              x13, x9, -554       x13:00000047  x9:00000064
17130281ns          296249 1c008c9a 06300693 addi             x13, x0, 99         x13=00000063
17130341ns          296252 1c008c9e 0ad488e3 beq              x9, x13, 2224        x9:00000064 x13:00000063
17130380ns          296254 1c008ca2 0096c9e3 blt              x13, x9, 2066       x13:00000063  x9:00000064
17130480ns          296259 1c0094b4 000c2583 lw               x11, 0(x24)         x11=0000118a x24:1000237c  PA:1000237c
17130520ns          296261 1c0094b8 004c0c13 addi             x24, x24, 4         x24=10002380 x24:1000237c
17130540ns          296262 1c0094ba 3405cc63 blt              x11, x0, 856        x11:0000118a
17130559ns          296263 1c0094be 01412603 lw               x12, 20(x2)         x12=00000000  x2:10002228  PA:1000223c
17130599ns          296265 1c0094c0 00b006b3 add              x13, x0, x11        x13=0000118a x11:0000118a
17130639ns          296267 1c0094c2 2e061863 bne              x12, x0, 752        x12:00000000
17130659ns          296268 1c0094c6 01812703 lw               x14, 24(x2)         x14=00000000  x2:10002228  PA:10002240
17130679ns          296269 1c0094c8 019007b3 add              x15, x0, x25        x15=1000224c x25:1000224c
17130699ns          296270 1c0094ca 00070763 beq              x14, x0, 14         x14:00000000
17130778ns          296274 1c0094d8 00f00733 add              x14, x0, x15        x14=1000224c x15:1000224c
17130798ns          296275 1c0094da 00a00513 addi             x10, x0, 10         x10=0000000a
17130818ns          296276 1c0094dc 02a6f633 remu             x12, x13, x10       x12=00000000 x13:0000118a x10:0000000a
17131454ns          296308 1c0094e0 02a6d6b3 divu             x13, x13, x10       x13=000001c1 x13:0000118a x10:0000000a
17132071ns          296339 1c0094e4 03060613 addi             x12, x12, 48        x12=00000030 x12:00000000
17132091ns          296340 1c0094e8 00c700ab p.sb             x12, 1(x14!)        x14=1000224d x12:00000030 x14:1000224c  PA:1000224c
17132111ns          296341 1c0094ec fe0698e3 bne              x13, x0, -16        x13:000001c1
17132171ns          296344 1c0094dc 02a6f633 remu             x12, x13, x10       x12=00000009 x13:000001c1 x10:0000000a
17132787ns          296375 1c0094e0 02a6d6b3 divu             x13, x13, x10       x13=0000002c x13:000001c1 x10:0000000a
17133404ns          296406 1c0094e4 03060613 addi             x12, x12, 48        x12=00000039 x12:00000009
17133424ns          296407 1c0094e8 00c700ab p.sb             x12, 1(x14!)        x14=1000224e x12:00000039 x14:1000224d  PA:1000224d
17133444ns          296408 1c0094ec fe0698e3 bne              x13, x0, -16        x13:0000002c
17133503ns          296411 1c0094dc 02a6f633 remu             x12, x13, x10       x12=00000004 x13:0000002c x10:0000000a
17134120ns          296442 1c0094e0 02a6d6b3 divu             x13, x13, x10       x13=00000004 x13:0000002c x10:0000000a
17134736ns          296473 1c0094e4 03060613 addi             x12, x12, 48        x12=00000034 x12:00000004
17134756ns          296474 1c0094e8 00c700ab p.sb             x12, 1(x14!)        x14=1000224f x12:00000034 x14:1000224e  PA:1000224e
17134776ns          296475 1c0094ec fe0698e3 bne              x13, x0, -16        x13:00000004
17134836ns          296478 1c0094dc 02a6f633 remu             x12, x13, x10       x12=00000004 x13:00000004 x10:0000000a
17135453ns          296509 1c0094e0 02a6d6b3 divu             x13, x13, x10       x13=00000000 x13:00000004 x10:0000000a
17136069ns          296540 1c0094e4 03060613 addi             x12, x12, 48        x12=00000034 x12:00000004
17136089ns          296541 1c0094e8 00c700ab p.sb             x12, 1(x14!)        x14=10002250 x12:00000034 x14:1000224f  PA:1000224f
17136109ns          296542 1c0094ec fe0698e3 bne              x13, x0, -16        x13:00000000
17136129ns          296543 1c0094ee 40f706b3 sub              x13, x14, x15       x13=00000004 x14:10002250 x15:1000224c
17136149ns          296544 1c0094f2 0146dc63 bge              x13, x20, 24        x13:00000004 x20:ffffffff
17136268ns          296550 1c00950a 00e006b3 add              x13, x0, x14        x13=10002250 x14:10002250
17136288ns          296551 1c00950c fe068fab p.sb             x0, -1(x13!)        x13=1000224f x13:10002250  PA:10002250
17136348ns          296554 1c009510 00d7fc63 bgeu             x15, x13, 24        x15:1000224c x13:1000224f
17136387ns          296556 1c009514 0007c503 lbu              x10, 0(x15)         x10=00000030 x15:1000224c  PA:1000224c
17136407ns          296557 1c009518 0006c603 lbu              x12, 0(x13)         x12=00000034 x13:1000224f  PA:1000224f
17136427ns          296558 1c00951c fea68fab p.sb             x10, -1(x13!)       x13=1000224e x10:00000030 x13:1000224f  PA:1000224f
17136487ns          296561 1c009520 00c780ab p.sb             x12, 1(x15!)        x15=1000224d x12:00000034 x15:1000224c  PA:1000224c
17136566ns          296565 1c009524 fed7e8e3 bltu             x15, x13, -16       x15:1000224d x13:1000224e
17136666ns          296570 1c009514 0007c503 lbu              x10, 0(x15)         x10=00000039 x15:1000224d  PA:1000224d
17136706ns          296572 1c009518 0006c603 lbu              x12, 0(x13)         x12=00000034 x13:1000224e  PA:1000224e
17136765ns          296575 1c00951c fea68fab p.sb             x10, -1(x13!)       x13=1000224d x10:00000039 x13:1000224e  PA:1000224e
17136825ns          296578 1c009520 00c780ab p.sb             x12, 1(x15!)        x15=1000224e x12:00000034 x15:1000224d  PA:1000224d
17136885ns          296581 1c009524 fed7e8e3 bltu             x15, x13, -16       x15:1000224e x13:1000224d
17136905ns          296582 1c009528 01412783 lw               x15, 20(x2)         x15=00000000  x2:10002228  PA:1000223c
17136924ns          296583 1c00952a 01812603 lw               x12, 24(x2)         x12=00000000  x2:10002228  PA:10002240
17136944ns          296584 1c00952c 419704b3 sub              x9, x14, x25         x9=00000004 x14:10002250 x25:1000224c
17136964ns          296585 1c009530 00c7e7b3 or               x15, x15, x12       x15=00000000 x15:00000000 x12:00000000
17136984ns          296586 1c009532 00f12623 sw               x15, 12(x2)         x15:00000000  x2:10002228  PA:10002234
17137004ns          296587 1c009534 00079363 bne              x15, x0, 6          x15:00000000
17137024ns          296588 1c009536 01f5d593 srli             x11, x11, 0x1f      x11=00000000 x11:0000118a
17137044ns          296589 1c009538 00b12623 sw               x11, 12(x2)         x11:00000000  x2:10002228  PA:10002234
17137064ns          296590 1c00953a e3fa28e3 p.beqimm         x20, -464           x20:ffffffff
17137203ns          296597 1c00936a 0c800793 addi             x15, x0, 200        x15=000000c8
17137263ns          296600 1c00936e 9e97d0e3 bge              x15, x9, -1568      x15:000000c8  x9:00000004
17137442ns          296609 1c008d4e 0f24d163 bge              x9, x18, 226         x9:00000004 x18:00000000
17137501ns          296612 1c008e30 d00482e3 beq              x9, x0, -764         x9:00000004
17137521ns          296613 1c008e34 01900933 add              x18, x0, x25        x18=1000224c x25:1000224c
17137541ns          296614 1c008e36 419d8db3 sub              x27, x27, x25       x27=efffddc6 x27:00000012 x25:1000224c
17137561ns          296615 1c008e3a 00a0006f jal              x0, 10             
17137601ns          296617 1c008e44 0019450b p.lbu            x10, 1(x18!)        x10=00000034 x18=1000224d x18:1000224c  PA:1000224c
17137621ns          296618 1c008e48 01a005b3 add              x11, x0, x26        x11=00000002 x26:00000002
17137641ns          296619 1c008e4a 000b00e7 jalr             x1, x22, 0           x1=1c008e4c x22:1c008a52
17137800ns          296627 1c008a52 000026b7 lui              x13, 0x2000         x13=00002000
17137839ns          296629 1c008a54 f14027f3 csrrs            x15, x0, 0xf14      x15=00000002
17137859ns          296630 1c008a58 f8068693 addi             x13, x13, -128      x13=00001f80 x13:00002000
17137879ns          296631 1c008a5c 00379713 slli             x14, x15, 0x3       x14=00000010 x15:00000002
17137939ns          296634 1c008a60 00279793 slli             x15, x15, 0x2       x15=00000008 x15:00000002
17137959ns          296635 1c008a62 00d7f7b3 and              x15, x15, x13       x15=00000000 x15:00000008 x13:00001f80
17137979ns          296636 1c008a64 ee873733 p.bclr           x14, x14, 23, 8     x14=00000010 x14:00000010
17137999ns          296637 1c008a68 1a10f6b7 lui              x13, 0x1a10f000     x13=1a10f000
17138018ns          296638 1c008a6c 0ff57513 andi             x10, x10, 255       x10=00000034 x10:00000034
17138038ns          296639 1c008a70 00d70733 add              x14, x14, x13       x14=1a10f010 x14:00000010 x13:1a10f000
17138058ns          296640 1c008a72 00a7e723 p.sw             x10, x0(x15)        x10:00000034 x15:00000000  PA:1a10f010
17138376ns          296656 1c008a76 00000513 addi             x10, x0, 0          x10=00000000
17138396ns          296657 1c008a78 00008067 jalr             x0, x1, 0            x1:1c008e4c
17138436ns          296659 1c008e4c fff48493 addi             x9, x9, -1           x9=00000003  x9:00000004
17138456ns          296660 1c008e4e fff537e3 p.bneimm         x10, -18            x10:00000000
17138516ns          296663 1c008e3c 012d8733 add              x14, x27, x18       x14=00000013 x27:efffddc6 x18:1000224d
17138536ns          296664 1c008e40 5a048b63 beq              x9, x0, 1462         x9:00000003
17138555ns          296665 1c008e44 0019450b p.lbu            x10, 1(x18!)        x10=00000034 x18=1000224e x18:1000224d  PA:1000224d
17138575ns          296666 1c008e48 01a005b3 add              x11, x0, x26        x11=00000002 x26:00000002
17138595ns          296667 1c008e4a 000b00e7 jalr             x1, x22, 0           x1=1c008e4c x22:1c008a52
17138635ns          296669 1c008a52 000026b7 lui              x13, 0x2000         x13=00002000
17138655ns          296670 1c008a54 f14027f3 csrrs            x15, x0, 0xf14      x15=00000002
17138675ns          296671 1c008a58 f8068693 addi             x13, x13, -128      x13=00001f80 x13:00002000
17138695ns          296672 1c008a5c 00379713 slli             x14, x15, 0x3       x14=00000010 x15:00000002
17138715ns          296673 1c008a60 00279793 slli             x15, x15, 0x2       x15=00000008 x15:00000002
17138735ns          296674 1c008a62 00d7f7b3 and              x15, x15, x13       x15=00000000 x15:00000008 x13:00001f80
17138754ns          296675 1c008a64 ee873733 p.bclr           x14, x14, 23, 8     x14=00000010 x14:00000010
17138774ns          296676 1c008a68 1a10f6b7 lui              x13, 0x1a10f000     x13=1a10f000
17138794ns          296677 1c008a6c 0ff57513 andi             x10, x10, 255       x10=00000034 x10:00000034
17138814ns          296678 1c008a70 00d70733 add              x14, x14, x13       x14=1a10f010 x14:00000010 x13:1a10f000
17138834ns          296679 1c008a72 00a7e723 p.sw             x10, x0(x15)        x10:00000034 x15:00000000  PA:1a10f010
17139172ns          296696 1c008a76 00000513 addi             x10, x0, 0          x10=00000000
17139192ns          296697 1c008a78 00008067 jalr             x0, x1, 0            x1:1c008e4c
17139232ns          296699 1c008e4c fff48493 addi             x9, x9, -1           x9=00000002  x9:00000003
17139252ns          296700 1c008e4e fff537e3 p.bneimm         x10, -18            x10:00000000
17139311ns          296703 1c008e3c 012d8733 add              x14, x27, x18       x14=00000014 x27:efffddc6 x18:1000224e
17139331ns          296704 1c008e40 5a048b63 beq              x9, x0, 1462         x9:00000002
17139351ns          296705 1c008e44 0019450b p.lbu            x10, 1(x18!)        x10=00000039 x18=1000224f x18:1000224e  PA:1000224e
17139371ns          296706 1c008e48 01a005b3 add              x11, x0, x26        x11=00000002 x26:00000002
17139391ns          296707 1c008e4a 000b00e7 jalr             x1, x22, 0           x1=1c008e4c x22:1c008a52
17139431ns          296709 1c008a52 000026b7 lui              x13, 0x2000         x13=00002000
17139451ns          296710 1c008a54 f14027f3 csrrs            x15, x0, 0xf14      x15=00000002
17139470ns          296711 1c008a58 f8068693 addi             x13, x13, -128      x13=00001f80 x13:00002000
17139490ns          296712 1c008a5c 00379713 slli             x14, x15, 0x3       x14=00000010 x15:00000002
17139510ns          296713 1c008a60 00279793 slli             x15, x15, 0x2       x15=00000008 x15:00000002
17139530ns          296714 1c008a62 00d7f7b3 and              x15, x15, x13       x15=00000000 x15:00000008 x13:00001f80
17139550ns          296715 1c008a64 ee873733 p.bclr           x14, x14, 23, 8     x14=00000010 x14:00000010
17139570ns          296716 1c008a68 1a10f6b7 lui              x13, 0x1a10f000     x13=1a10f000
17139590ns          296717 1c008a6c 0ff57513 andi             x10, x10, 255       x10=00000039 x10:00000039
17139610ns          296718 1c008a70 00d70733 add              x14, x14, x13       x14=1a10f010 x14:00000010 x13:1a10f000
17139630ns          296719 1c008a72 00a7e723 p.sw             x10, x0(x15)        x10:00000039 x15:00000000  PA:1a10f010
17139948ns          296735 1c008a76 00000513 addi             x10, x0, 0          x10=00000000
17139968ns          296736 1c008a78 00008067 jalr             x0, x1, 0            x1:1c008e4c
17140008ns          296738 1c008e4c fff48493 addi             x9, x9, -1           x9=00000001  x9:00000002
17140027ns          296739 1c008e4e fff537e3 p.bneimm         x10, -18            x10:00000000
17140087ns          296742 1c008e3c 012d8733 add              x14, x27, x18       x14=00000015 x27:efffddc6 x18:1000224f
17140107ns          296743 1c008e40 5a048b63 beq              x9, x0, 1462         x9:00000001
17140127ns          296744 1c008e44 0019450b p.lbu            x10, 1(x18!)        x10=00000030 x18=10002250 x18:1000224f  PA:1000224f
17140147ns          296745 1c008e48 01a005b3 add              x11, x0, x26        x11=00000002 x26:00000002
17140167ns          296746 1c008e4a 000b00e7 jalr             x1, x22, 0           x1=1c008e4c x22:1c008a52
17140206ns          296748 1c008a52 000026b7 lui              x13, 0x2000         x13=00002000
17140226ns          296749 1c008a54 f14027f3 csrrs            x15, x0, 0xf14      x15=00000002
17140246ns          296750 1c008a58 f8068693 addi             x13, x13, -128      x13=00001f80 x13:00002000
17140266ns          296751 1c008a5c 00379713 slli             x14, x15, 0x3       x14=00000010 x15:00000002
17140286ns          296752 1c008a60 00279793 slli             x15, x15, 0x2       x15=00000008 x15:00000002
17140306ns          296753 1c008a62 00d7f7b3 and              x15, x15, x13       x15=00000000 x15:00000008 x13:00001f80
17140326ns          296754 1c008a64 ee873733 p.bclr           x14, x14, 23, 8     x14=00000010 x14:00000010
17140346ns          296755 1c008a68 1a10f6b7 lui              x13, 0x1a10f000     x13=1a10f000
17140366ns          296756 1c008a6c 0ff57513 andi             x10, x10, 255       x10=00000030 x10:00000030
17140385ns          296757 1c008a70 00d70733 add              x14, x14, x13       x14=1a10f010 x14:00000010 x13:1a10f000
17140405ns          296758 1c008a72 00a7e723 p.sw             x10, x0(x15)        x10:00000030 x15:00000000  PA:1a10f010
17140724ns          296774 1c008a76 00000513 addi             x10, x0, 0          x10=00000000
17140743ns          296775 1c008a78 00008067 jalr             x0, x1, 0            x1:1c008e4c
17140783ns          296777 1c008e4c fff48493 addi             x9, x9, -1           x9=00000000  x9:00000001
17140803ns          296778 1c008e4e fff537e3 p.bneimm         x10, -18            x10:00000000
17140863ns          296781 1c008e3c 012d8733 add              x14, x27, x18       x14=00000016 x27:efffddc6 x18:10002250
17140883ns          296782 1c008e40 5a048b63 beq              x9, x0, 1462         x9:00000000
17140982ns          296787 1c0093f6 00e00db3 add              x27, x0, x14        x27=00000016 x14:00000016
17141022ns          296789 1c0093f8 f3cff06f jal              x0, -2244          
17141062ns          296791 1c008b34 00044503 lbu              x10, 0(x8)          x10=0000000a  x8:1c0000d4  PA:1c0000d4
17141360ns          296806 1c008b38 00140413 addi             x8, x8, 1            x8=1c0000d5  x8:1c0000d4
17141380ns          296807 1c008b3a 00050e63 beq              x10, x0, 28         x10:0000000a
17141400ns          296808 1c008b3c 02500793 addi             x15, x0, 37         x15=00000025
17141420ns          296809 1c008b40 04f50863 beq              x10, x15, 80        x10:0000000a x15:00000025
17141440ns          296810 1c008b44 01a005b3 add              x11, x0, x26        x11=00000002 x26:00000002
17141460ns          296811 1c008b46 000b00e7 jalr             x1, x22, 0           x1=1c008b48 x22:1c008a52
17141559ns          296816 1c008a52 000026b7 lui              x13, 0x2000         x13=00002000
17141579ns          296817 1c008a54 f14027f3 csrrs            x15, x0, 0xf14      x15=00000002
17141599ns          296818 1c008a58 f8068693 addi             x13, x13, -128      x13=00001f80 x13:00002000
17141619ns          296819 1c008a5c 00379713 slli             x14, x15, 0x3       x14=00000010 x15:00000002
17141639ns          296820 1c008a60 00279793 slli             x15, x15, 0x2       x15=00000008 x15:00000002
17141658ns          296821 1c008a62 00d7f7b3 and              x15, x15, x13       x15=00000000 x15:00000008 x13:00001f80
17141678ns          296822 1c008a64 ee873733 p.bclr           x14, x14, 23, 8     x14=00000010 x14:00000010
17141698ns          296823 1c008a68 1a10f6b7 lui              x13, 0x1a10f000     x13=1a10f000
17141718ns          296824 1c008a6c 0ff57513 andi             x10, x10, 255       x10=0000000a x10:0000000a
17141738ns          296825 1c008a70 00d70733 add              x14, x14, x13       x14=1a10f010 x14:00000010 x13:1a10f000
17141758ns          296826 1c008a72 00a7e723 p.sw             x10, x0(x15)        x10:0000000a x15:00000000  PA:1a10f010
17142076ns          296842 1c008a76 00000513 addi             x10, x0, 0          x10=00000000
17142096ns          296843 1c008a78 00008067 jalr             x0, x1, 0            x1:1c008b48
17142136ns          296845 1c008b48 31f52563 p.beqimm         x10, 778            x10:00000000
17142156ns          296846 1c008b4c 001d8d93 addi             x27, x27, 1         x27=00000017 x27:00000016
17142176ns          296847 1c008b4e 00044503 lbu              x10, 0(x8)          x10=00000000  x8:1c0000d5  PA:1c0000d5
17142474ns          296862 1c008b52 00140413 addi             x8, x8, 1            x8=1c0000d6  x8:1c0000d5
17142494ns          296863 1c008b54 fe0514e3 bne              x10, x0, -24        x10:00000000
17142514ns          296864 1c008b56 01b00433 add              x8, x0, x27          x8=00000017 x27:00000017
17142534ns          296865 1c008b58 00800533 add              x10, x0, x8         x10=00000017  x8:00000017
17142554ns          296866 1c008b5a 12c12083 lw               x1, 300(x2)          x1=1c008ae6  x2:10002228  PA:10002354
17142573ns          296867 1c008b5e 12812403 lw               x8, 296(x2)          x8=1c00110c  x2:10002228  PA:10002350
17142593ns          296868 1c008b62 12412483 lw               x9, 292(x2)          x9=00000000  x2:10002228  PA:1000234c
17142613ns          296869 1c008b66 12012903 lw               x18, 288(x2)        x18=1a10b004  x2:10002228  PA:10002348
17142633ns          296870 1c008b6a 11c12983 lw               x19, 284(x2)        x19=00000002  x2:10002228  PA:10002344
17142693ns          296873 1c008b6e 11812a03 lw               x20, 280(x2)        x20=1c001110  x2:10002228  PA:10002340
17142733ns          296875 1c008b72 11412a83 lw               x21, 276(x2)        x21=1c00a000  x2:10002228  PA:1000233c
17142752ns          296876 1c008b76 11012b03 lw               x22, 272(x2)        x22=1c00a000  x2:10002228  PA:10002338
17142772ns          296877 1c008b7a 10c12b83 lw               x23, 268(x2)        x23=1c000000  x2:10002228  PA:10002334
17142832ns          296880 1c008b7e 10812c03 lw               x24, 264(x2)        x24=1c000000  x2:10002228  PA:10002330
17142872ns          296882 1c008b82 10412c83 lw               x25, 260(x2)        x25=1c000000  x2:10002228  PA:1000232c
17142892ns          296883 1c008b86 10012d03 lw               x26, 256(x2)        x26=1c000000  x2:10002228  PA:10002328
17142912ns          296884 1c008b8a 0fc12d83 lw               x27, 252(x2)        x27=1c001104  x2:10002228  PA:10002324
17142931ns          296885 1c008b8c 13010113 addi             x2, x2, 304          x2=10002358  x2:10002228
17142951ns          296886 1c008b8e 00008067 jalr             x0, x1, 0            x1:1c008ae6
17143031ns          296890 1c008ae6 01c12083 lw               x1, 28(x2)           x1=1c009d20  x2:10002358  PA:10002374
17143071ns          296892 1c008ae8 04010113 addi             x2, x2, 64           x2=10002398  x2:10002358
17143091ns          296893 1c008aea 00008067 jalr             x0, x1, 0            x1:1c009d20
17143230ns          296900 1c009d20 00c12703 lw               x14, 12(x2)         x14=00000000  x2:10002398  PA:100023a4
17143250ns          296901 1c009d22 008d8d93 addi             x27, x27, 8         x27=1c00110c x27:1c001104
17143270ns          296902 1c009d24 00e484b3 add              x9, x9, x14          x9=00000000  x9:00000000 x14:00000000
17143289ns          296903 1c009d26 f9b41be3 bne              x8, x27, -106        x8:1c00110c x27:1c00110c
17143309ns          296904 1c009d2a 000a2783 lw               x15, 0(x20)         x15=00000001 x20:1c001110  PA:1c001110
17143628ns          296920 1c009d2e 02079563 bne              x15, x0, 42         x15:00000001
17144224ns          296950 1c009d58 1c000537 lui              x10, 0x1c000000     x10=1c000000
17144264ns          296952 1c009d5c 0d850513 addi             x10, x10, 216       x10=1c0000d8 x10:1c000000
17144722ns          296975 1c009d60 d5ffe0ef jal              x1, -4770            x1=1c009d64
17144801ns          296979 1c008abe fc010113 addi             x2, x2, -64          x2=10002358  x2:10002398
17144881ns          296983 1c008ac0 02410313 addi             x6, x2, 36           x6=1000237c  x2:10002358
17144921ns          296985 1c008ac4 02c12423 sw               x12, 40(x2)         x12:00000000  x2:10002358  PA:10002380
17144940ns          296986 1c008ac6 00a00633 add              x12, x0, x10        x12=1c0000d8 x10:1c0000d8
17144960ns          296987 1c008ac8 1c009537 lui              x10, 0x1c009000     x10=1c009000
17144980ns          296988 1c008acc 02b12223 sw               x11, 36(x2)         x11:00000002  x2:10002358  PA:1000237c
17145000ns          296989 1c008ace 02d12623 sw               x13, 44(x2)         x13:1a10f000  x2:10002358  PA:10002384
17145020ns          296990 1c008ad0 00200593 addi             x11, x0, 2          x11=00000002
17145040ns          296991 1c008ad2 006006b3 add              x13, x0, x6         x13=1000237c  x6:1000237c
17145060ns          296992 1c008ad4 a5250513 addi             x10, x10, -1454     x10=1c008a52 x10:1c009000
17145080ns          296993 1c008ad8 00112e23 sw               x1, 28(x2)           x1:1c009d64  x2:10002358  PA:10002374
17145100ns          296994 1c008ada 02e12823 sw               x14, 48(x2)         x14:00000000  x2:10002358  PA:10002388
17145119ns          296995 1c008adc 02f12a23 sw               x15, 52(x2)         x15:00000001  x2:10002358  PA:1000238c
17145139ns          296996 1c008ade 03012c23 sw               x16, 56(x2)         x16:1000224c  x2:10002358  PA:10002390
17145159ns          296997 1c008ae0 03112e23 sw               x17, 60(x2)         x17:1c000040  x2:10002358  PA:10002394
17145179ns          296998 1c008ae2 00612623 sw               x6, 12(x2)           x6:1000237c  x2:10002358  PA:10002364
17145199ns          296999 1c008ae4 fbfff0ef jal              x1, -66              x1=1c008ae6
17145279ns          297003 1c008aa2 04a0006f jal              x0, 74             
17145318ns          297005 1c008aec ed010113 addi             x2, x2, -304         x2=10002228  x2:10002358
17145338ns          297006 1c008aee 12812423 sw               x8, 296(x2)          x8:1c00110c  x2:10002228  PA:10002350
17145358ns          297007 1c008af2 00000413 addi             x8, x0, 0            x8=00000000
17145378ns          297008 1c008af4 11612823 sw               x22, 272(x2)        x22:1c00a000  x2:10002228  PA:10002338
17145398ns          297009 1c008af8 11712623 sw               x23, 268(x2)        x23:1c000000  x2:10002228  PA:10002334
17145418ns          297010 1c008afc 11812423 sw               x24, 264(x2)        x24:1c000000  x2:10002228  PA:10002330
17145458ns          297012 1c008b00 11912223 sw               x25, 260(x2)        x25:1c000000  x2:10002228  PA:1000232c
17145497ns          297014 1c008b04 11a12023 sw               x26, 256(x2)        x26:1c000000  x2:10002228  PA:10002328
17145517ns          297015 1c008b08 0fb12e23 sw               x27, 252(x2)        x27:1c00110c  x2:10002228  PA:10002324
17145537ns          297016 1c008b0a 12112623 sw               x1, 300(x2)          x1:1c008ae6  x2:10002228  PA:10002354
17145557ns          297017 1c008b0e 00800db3 add              x27, x0, x8         x27=00000000  x8:00000000
17145597ns          297019 1c008b10 12912223 sw               x9, 292(x2)          x9:00000000  x2:10002228  PA:1000234c
17145637ns          297021 1c008b14 13212023 sw               x18, 288(x2)        x18:1a10b004  x2:10002228  PA:10002348
17145656ns          297022 1c008b18 11312e23 sw               x19, 284(x2)        x19:00000002  x2:10002228  PA:10002344
17145676ns          297023 1c008b1c 11412c23 sw               x20, 280(x2)        x20:1c001110  x2:10002228  PA:10002340
17145736ns          297026 1c008b20 11512a23 sw               x21, 276(x2)        x21:1c00a000  x2:10002228  PA:1000233c
17145776ns          297028 1c008b24 00a00b33 add              x22, x0, x10        x22=1c008a52 x10:1c008a52
17145796ns          297029 1c008b26 00b00d33 add              x26, x0, x11        x26=00000002 x11:00000002
17145816ns          297030 1c008b28 00d00c33 add              x24, x0, x13        x24=1000237c x13:1000237c
17145836ns          297031 1c008b2a 1c000bb7 lui              x23, 0x1c000000     x23=1c000000
17145875ns          297033 1c008b2e 02410c93 addi             x25, x2, 36         x25=1000224c  x2:10002228
17145895ns          297034 1c008b32 00c00433 add              x8, x0, x12          x8=1c0000d8 x12:1c0000d8
17145915ns          297035 1c008b34 00044503 lbu              x10, 0(x8)          x10=0000003d  x8:1c0000d8  PA:1c0000d8
17146213ns          297050 1c008b38 00140413 addi             x8, x8, 1            x8=1c0000d9  x8:1c0000d8
17146233ns          297051 1c008b3a 00050e63 beq              x10, x0, 28         x10:0000003d
17146253ns          297052 1c008b3c 02500793 addi             x15, x0, 37         x15=00000025
17146273ns          297053 1c008b40 04f50863 beq              x10, x15, 80        x10:0000003d x15:00000025
17146293ns          297054 1c008b44 01a005b3 add              x11, x0, x26        x11=00000002 x26:00000002
17146313ns          297055 1c008b46 000b00e7 jalr             x1, x22, 0           x1=1c008b48 x22:1c008a52
17146392ns          297059 1c008a52 000026b7 lui              x13, 0x2000         x13=00002000
17146432ns          297061 1c008a54 f14027f3 csrrs            x15, x0, 0xf14      x15=00000002
17146452ns          297062 1c008a58 f8068693 addi             x13, x13, -128      x13=00001f80 x13:00002000
17146472ns          297063 1c008a5c 00379713 slli             x14, x15, 0x3       x14=00000010 x15:00000002
17146492ns          297064 1c008a60 00279793 slli             x15, x15, 0x2       x15=00000008 x15:00000002
17146512ns          297065 1c008a62 00d7f7b3 and              x15, x15, x13       x15=00000000 x15:00000008 x13:00001f80
17146532ns          297066 1c008a64 ee873733 p.bclr           x14, x14, 23, 8     x14=00000010 x14:00000010
17146552ns          297067 1c008a68 1a10f6b7 lui              x13, 0x1a10f000     x13=1a10f000
17146571ns          297068 1c008a6c 0ff57513 andi             x10, x10, 255       x10=0000003d x10:0000003d
17146591ns          297069 1c008a70 00d70733 add              x14, x14, x13       x14=1a10f010 x14:00000010 x13:1a10f000
17146611ns          297070 1c008a72 00a7e723 p.sw             x10, x0(x15)        x10:0000003d x15:00000000  PA:1a10f010
17146929ns          297086 1c008a76 00000513 addi             x10, x0, 0          x10=00000000
17146949ns          297087 1c008a78 00008067 jalr             x0, x1, 0            x1:1c008b48
17146989ns          297089 1c008b48 31f52563 p.beqimm         x10, 778            x10:00000000
17147009ns          297090 1c008b4c 001d8d93 addi             x27, x27, 1         x27=00000001 x27:00000000
17147029ns          297091 1c008b4e 00044503 lbu              x10, 0(x8)          x10=0000003d  x8:1c0000d9  PA:1c0000d9
17147327ns          297106 1c008b52 00140413 addi             x8, x8, 1            x8=1c0000da  x8:1c0000d9
17147347ns          297107 1c008b54 fe0514e3 bne              x10, x0, -24        x10:0000003d
17147407ns          297110 1c008b3c 02500793 addi             x15, x0, 37         x15=00000025
17147427ns          297111 1c008b40 04f50863 beq              x10, x15, 80        x10:0000003d x15:00000025
17147447ns          297112 1c008b44 01a005b3 add              x11, x0, x26        x11=00000002 x26:00000002
17147467ns          297113 1c008b46 000b00e7 jalr             x1, x22, 0           x1=1c008b48 x22:1c008a52
17147506ns          297115 1c008a52 000026b7 lui              x13, 0x2000         x13=00002000
17147526ns          297116 1c008a54 f14027f3 csrrs            x15, x0, 0xf14      x15=00000002
17147546ns          297117 1c008a58 f8068693 addi             x13, x13, -128      x13=00001f80 x13:00002000
17147566ns          297118 1c008a5c 00379713 slli             x14, x15, 0x3       x14=00000010 x15:00000002
17147586ns          297119 1c008a60 00279793 slli             x15, x15, 0x2       x15=00000008 x15:00000002
17147606ns          297120 1c008a62 00d7f7b3 and              x15, x15, x13       x15=00000000 x15:00000008 x13:00001f80
17147626ns          297121 1c008a64 ee873733 p.bclr           x14, x14, 23, 8     x14=00000010 x14:00000010
17147646ns          297122 1c008a68 1a10f6b7 lui              x13, 0x1a10f000     x13=1a10f000
17147665ns          297123 1c008a6c 0ff57513 andi             x10, x10, 255       x10=0000003d x10:0000003d
17147685ns          297124 1c008a70 00d70733 add              x14, x14, x13       x14=1a10f010 x14:00000010 x13:1a10f000
17147705ns          297125 1c008a72 00a7e723 p.sw             x10, x0(x15)        x10:0000003d x15:00000000  PA:1a10f010
17148023ns          297141 1c008a76 00000513 addi             x10, x0, 0          x10=00000000
17148043ns          297142 1c008a78 00008067 jalr             x0, x1, 0            x1:1c008b48
17148083ns          297144 1c008b48 31f52563 p.beqimm         x10, 778            x10:00000000
17148103ns          297145 1c008b4c 001d8d93 addi             x27, x27, 1         x27=00000002 x27:00000001
17148123ns          297146 1c008b4e 00044503 lbu              x10, 0(x8)          x10=0000003d  x8:1c0000da  PA:1c0000da
17148421ns          297161 1c008b52 00140413 addi             x8, x8, 1            x8=1c0000db  x8:1c0000da
17148441ns          297162 1c008b54 fe0514e3 bne              x10, x0, -24        x10:0000003d
17148501ns          297165 1c008b3c 02500793 addi             x15, x0, 37         x15=00000025
17148521ns          297166 1c008b40 04f50863 beq              x10, x15, 80        x10:0000003d x15:00000025
17148541ns          297167 1c008b44 01a005b3 add              x11, x0, x26        x11=00000002 x26:00000002
17148561ns          297168 1c008b46 000b00e7 jalr             x1, x22, 0           x1=1c008b48 x22:1c008a52
17148600ns          297170 1c008a52 000026b7 lui              x13, 0x2000         x13=00002000
17148620ns          297171 1c008a54 f14027f3 csrrs            x15, x0, 0xf14      x15=00000002
17148640ns          297172 1c008a58 f8068693 addi             x13, x13, -128      x13=00001f80 x13:00002000
17148660ns          297173 1c008a5c 00379713 slli             x14, x15, 0x3       x14=00000010 x15:00000002
17148680ns          297174 1c008a60 00279793 slli             x15, x15, 0x2       x15=00000008 x15:00000002
17148700ns          297175 1c008a62 00d7f7b3 and              x15, x15, x13       x15=00000000 x15:00000008 x13:00001f80
17148720ns          297176 1c008a64 ee873733 p.bclr           x14, x14, 23, 8     x14=00000010 x14:00000010
17148740ns          297177 1c008a68 1a10f6b7 lui              x13, 0x1a10f000     x13=1a10f000
17148759ns          297178 1c008a6c 0ff57513 andi             x10, x10, 255       x10=0000003d x10:0000003d
17148779ns          297179 1c008a70 00d70733 add              x14, x14, x13       x14=1a10f010 x14:00000010 x13:1a10f000
17148799ns          297180 1c008a72 00a7e723 p.sw             x10, x0(x15)        x10:0000003d x15:00000000  PA:1a10f010
17149117ns          297196 1c008a76 00000513 addi             x10, x0, 0          x10=00000000
17149137ns          297197 1c008a78 00008067 jalr             x0, x1, 0            x1:1c008b48
17149177ns          297199 1c008b48 31f52563 p.beqimm         x10, 778            x10:00000000
17149197ns          297200 1c008b4c 001d8d93 addi             x27, x27, 1         x27=00000003 x27:00000002
17149217ns          297201 1c008b4e 00044503 lbu              x10, 0(x8)          x10=0000003d  x8:1c0000db  PA:1c0000db
17149515ns          297216 1c008b52 00140413 addi             x8, x8, 1            x8=1c0000dc  x8:1c0000db
17149535ns          297217 1c008b54 fe0514e3 bne              x10, x0, -24        x10:0000003d
17149595ns          297220 1c008b3c 02500793 addi             x15, x0, 37         x15=00000025
17149615ns          297221 1c008b40 04f50863 beq              x10, x15, 80        x10:0000003d x15:00000025
17149635ns          297222 1c008b44 01a005b3 add              x11, x0, x26        x11=00000002 x26:00000002
17149655ns          297223 1c008b46 000b00e7 jalr             x1, x22, 0           x1=1c008b48 x22:1c008a52
17149694ns          297225 1c008a52 000026b7 lui              x13, 0x2000         x13=00002000
17149714ns          297226 1c008a54 f14027f3 csrrs            x15, x0, 0xf14      x15=00000002
17149734ns          297227 1c008a58 f8068693 addi             x13, x13, -128      x13=00001f80 x13:00002000
17149754ns          297228 1c008a5c 00379713 slli             x14, x15, 0x3       x14=00000010 x15:00000002
17149774ns          297229 1c008a60 00279793 slli             x15, x15, 0x2       x15=00000008 x15:00000002
17149794ns          297230 1c008a62 00d7f7b3 and              x15, x15, x13       x15=00000000 x15:00000008 x13:00001f80
17149814ns          297231 1c008a64 ee873733 p.bclr           x14, x14, 23, 8     x14=00000010 x14:00000010
17149834ns          297232 1c008a68 1a10f6b7 lui              x13, 0x1a10f000     x13=1a10f000
17149853ns          297233 1c008a6c 0ff57513 andi             x10, x10, 255       x10=0000003d x10:0000003d
17149873ns          297234 1c008a70 00d70733 add              x14, x14, x13       x14=1a10f010 x14:00000010 x13:1a10f000
17149893ns          297235 1c008a72 00a7e723 p.sw             x10, x0(x15)        x10:0000003d x15:00000000  PA:1a10f010
17150211ns          297251 1c008a76 00000513 addi             x10, x0, 0          x10=00000000
17150231ns          297252 1c008a78 00008067 jalr             x0, x1, 0            x1:1c008b48
17150271ns          297254 1c008b48 31f52563 p.beqimm         x10, 778            x10:00000000
17150291ns          297255 1c008b4c 001d8d93 addi             x27, x27, 1         x27=00000004 x27:00000003
17150311ns          297256 1c008b4e 00044503 lbu              x10, 0(x8)          x10=00000020  x8:1c0000dc  PA:1c0000dc
17150609ns          297271 1c008b52 00140413 addi             x8, x8, 1            x8=1c0000dd  x8:1c0000dc
17150629ns          297272 1c008b54 fe0514e3 bne              x10, x0, -24        x10:00000020
17150689ns          297275 1c008b3c 02500793 addi             x15, x0, 37         x15=00000025
17150709ns          297276 1c008b40 04f50863 beq              x10, x15, 80        x10:00000020 x15:00000025
17150729ns          297277 1c008b44 01a005b3 add              x11, x0, x26        x11=00000002 x26:00000002
17150749ns          297278 1c008b46 000b00e7 jalr             x1, x22, 0           x1=1c008b48 x22:1c008a52
17150788ns          297280 1c008a52 000026b7 lui              x13, 0x2000         x13=00002000
17150808ns          297281 1c008a54 f14027f3 csrrs            x15, x0, 0xf14      x15=00000002
17150828ns          297282 1c008a58 f8068693 addi             x13, x13, -128      x13=00001f80 x13:00002000
17150848ns          297283 1c008a5c 00379713 slli             x14, x15, 0x3       x14=00000010 x15:00000002
17150868ns          297284 1c008a60 00279793 slli             x15, x15, 0x2       x15=00000008 x15:00000002
17150888ns          297285 1c008a62 00d7f7b3 and              x15, x15, x13       x15=00000000 x15:00000008 x13:00001f80
17150908ns          297286 1c008a64 ee873733 p.bclr           x14, x14, 23, 8     x14=00000010 x14:00000010
17150928ns          297287 1c008a68 1a10f6b7 lui              x13, 0x1a10f000     x13=1a10f000
17150947ns          297288 1c008a6c 0ff57513 andi             x10, x10, 255       x10=00000020 x10:00000020
17150967ns          297289 1c008a70 00d70733 add              x14, x14, x13       x14=1a10f010 x14:00000010 x13:1a10f000
17150987ns          297290 1c008a72 00a7e723 p.sw             x10, x0(x15)        x10:00000020 x15:00000000  PA:1a10f010
17151305ns          297306 1c008a76 00000513 addi             x10, x0, 0          x10=00000000
17151325ns          297307 1c008a78 00008067 jalr             x0, x1, 0            x1:1c008b48
17151365ns          297309 1c008b48 31f52563 p.beqimm         x10, 778            x10:00000000
17151385ns          297310 1c008b4c 001d8d93 addi             x27, x27, 1         x27=00000005 x27:00000004
17151405ns          297311 1c008b4e 00044503 lbu              x10, 0(x8)          x10=00000053  x8:1c0000dd  PA:1c0000dd
17151703ns          297326 1c008b52 00140413 addi             x8, x8, 1            x8=1c0000de  x8:1c0000dd
17151723ns          297327 1c008b54 fe0514e3 bne              x10, x0, -24        x10:00000053
17151783ns          297330 1c008b3c 02500793 addi             x15, x0, 37         x15=00000025
17151803ns          297331 1c008b40 04f50863 beq              x10, x15, 80        x10:00000053 x15:00000025
17151823ns          297332 1c008b44 01a005b3 add              x11, x0, x26        x11=00000002 x26:00000002
17151843ns          297333 1c008b46 000b00e7 jalr             x1, x22, 0           x1=1c008b48 x22:1c008a52
17151882ns          297335 1c008a52 000026b7 lui              x13, 0x2000         x13=00002000
17151902ns          297336 1c008a54 f14027f3 csrrs            x15, x0, 0xf14      x15=00000002
17151922ns          297337 1c008a58 f8068693 addi             x13, x13, -128      x13=00001f80 x13:00002000
17151942ns          297338 1c008a5c 00379713 slli             x14, x15, 0x3       x14=00000010 x15:00000002
17151962ns          297339 1c008a60 00279793 slli             x15, x15, 0x2       x15=00000008 x15:00000002
17151982ns          297340 1c008a62 00d7f7b3 and              x15, x15, x13       x15=00000000 x15:00000008 x13:00001f80
17152002ns          297341 1c008a64 ee873733 p.bclr           x14, x14, 23, 8     x14=00000010 x14:00000010
17152022ns          297342 1c008a68 1a10f6b7 lui              x13, 0x1a10f000     x13=1a10f000
17152041ns          297343 1c008a6c 0ff57513 andi             x10, x10, 255       x10=00000053 x10:00000053
17152061ns          297344 1c008a70 00d70733 add              x14, x14, x13       x14=1a10f010 x14:00000010 x13:1a10f000
17152081ns          297345 1c008a72 00a7e723 p.sw             x10, x0(x15)        x10:00000053 x15:00000000  PA:1a10f010
17152399ns          297361 1c008a76 00000513 addi             x10, x0, 0          x10=00000000
17152419ns          297362 1c008a78 00008067 jalr             x0, x1, 0            x1:1c008b48
17152459ns          297364 1c008b48 31f52563 p.beqimm         x10, 778            x10:00000000
17152479ns          297365 1c008b4c 001d8d93 addi             x27, x27, 1         x27=00000006 x27:00000005
17152499ns          297366 1c008b4e 00044503 lbu              x10, 0(x8)          x10=00000055  x8:1c0000de  PA:1c0000de
17152817ns          297382 1c008b52 00140413 addi             x8, x8, 1            x8=1c0000df  x8:1c0000de
17152837ns          297383 1c008b54 fe0514e3 bne              x10, x0, -24        x10:00000055
17152897ns          297386 1c008b3c 02500793 addi             x15, x0, 37         x15=00000025
17152917ns          297387 1c008b40 04f50863 beq              x10, x15, 80        x10:00000055 x15:00000025
17152937ns          297388 1c008b44 01a005b3 add              x11, x0, x26        x11=00000002 x26:00000002
17152956ns          297389 1c008b46 000b00e7 jalr             x1, x22, 0           x1=1c008b48 x22:1c008a52
17152996ns          297391 1c008a52 000026b7 lui              x13, 0x2000         x13=00002000
17153016ns          297392 1c008a54 f14027f3 csrrs            x15, x0, 0xf14      x15=00000002
17153036ns          297393 1c008a58 f8068693 addi             x13, x13, -128      x13=00001f80 x13:00002000
17153056ns          297394 1c008a5c 00379713 slli             x14, x15, 0x3       x14=00000010 x15:00000002
17153076ns          297395 1c008a60 00279793 slli             x15, x15, 0x2       x15=00000008 x15:00000002
17153096ns          297396 1c008a62 00d7f7b3 and              x15, x15, x13       x15=00000000 x15:00000008 x13:00001f80
17153116ns          297397 1c008a64 ee873733 p.bclr           x14, x14, 23, 8     x14=00000010 x14:00000010
17153135ns          297398 1c008a68 1a10f6b7 lui              x13, 0x1a10f000     x13=1a10f000
17153155ns          297399 1c008a6c 0ff57513 andi             x10, x10, 255       x10=00000055 x10:00000055
17153175ns          297400 1c008a70 00d70733 add              x14, x14, x13       x14=1a10f010 x14:00000010 x13:1a10f000
17153195ns          297401 1c008a72 00a7e723 p.sw             x10, x0(x15)        x10:00000055 x15:00000000  PA:1a10f010
17153513ns          297417 1c008a76 00000513 addi             x10, x0, 0          x10=00000000
17153533ns          297418 1c008a78 00008067 jalr             x0, x1, 0            x1:1c008b48
17153573ns          297420 1c008b48 31f52563 p.beqimm         x10, 778            x10:00000000
17153593ns          297421 1c008b4c 001d8d93 addi             x27, x27, 1         x27=00000007 x27:00000006
17153613ns          297422 1c008b4e 00044503 lbu              x10, 0(x8)          x10=0000004d  x8:1c0000df  PA:1c0000df
17153931ns          297438 1c008b52 00140413 addi             x8, x8, 1            x8=1c0000e0  x8:1c0000df
17153951ns          297439 1c008b54 fe0514e3 bne              x10, x0, -24        x10:0000004d
17154011ns          297442 1c008b3c 02500793 addi             x15, x0, 37         x15=00000025
17154030ns          297443 1c008b40 04f50863 beq              x10, x15, 80        x10:0000004d x15:00000025
17154050ns          297444 1c008b44 01a005b3 add              x11, x0, x26        x11=00000002 x26:00000002
17154070ns          297445 1c008b46 000b00e7 jalr             x1, x22, 0           x1=1c008b48 x22:1c008a52
17154110ns          297447 1c008a52 000026b7 lui              x13, 0x2000         x13=00002000
17154130ns          297448 1c008a54 f14027f3 csrrs            x15, x0, 0xf14      x15=00000002
17154150ns          297449 1c008a58 f8068693 addi             x13, x13, -128      x13=00001f80 x13:00002000
17154170ns          297450 1c008a5c 00379713 slli             x14, x15, 0x3       x14=00000010 x15:00000002
17154190ns          297451 1c008a60 00279793 slli             x15, x15, 0x2       x15=00000008 x15:00000002
17154210ns          297452 1c008a62 00d7f7b3 and              x15, x15, x13       x15=00000000 x15:00000008 x13:00001f80
17154229ns          297453 1c008a64 ee873733 p.bclr           x14, x14, 23, 8     x14=00000010 x14:00000010
17154249ns          297454 1c008a68 1a10f6b7 lui              x13, 0x1a10f000     x13=1a10f000
17154269ns          297455 1c008a6c 0ff57513 andi             x10, x10, 255       x10=0000004d x10:0000004d
17154289ns          297456 1c008a70 00d70733 add              x14, x14, x13       x14=1a10f010 x14:00000010 x13:1a10f000
17154309ns          297457 1c008a72 00a7e723 p.sw             x10, x0(x15)        x10:0000004d x15:00000000  PA:1a10f010
17154627ns          297473 1c008a76 00000513 addi             x10, x0, 0          x10=00000000
17154647ns          297474 1c008a78 00008067 jalr             x0, x1, 0            x1:1c008b48
17154687ns          297476 1c008b48 31f52563 p.beqimm         x10, 778            x10:00000000
17154707ns          297477 1c008b4c 001d8d93 addi             x27, x27, 1         x27=00000008 x27:00000007
17154727ns          297478 1c008b4e 00044503 lbu              x10, 0(x8)          x10=0000004d  x8:1c0000e0  PA:1c0000e0
17155025ns          297493 1c008b52 00140413 addi             x8, x8, 1            x8=1c0000e1  x8:1c0000e0
17155045ns          297494 1c008b54 fe0514e3 bne              x10, x0, -24        x10:0000004d
17155105ns          297497 1c008b3c 02500793 addi             x15, x0, 37         x15=00000025
17155124ns          297498 1c008b40 04f50863 beq              x10, x15, 80        x10:0000004d x15:00000025
17155144ns          297499 1c008b44 01a005b3 add              x11, x0, x26        x11=00000002 x26:00000002
17155164ns          297500 1c008b46 000b00e7 jalr             x1, x22, 0           x1=1c008b48 x22:1c008a52
17155204ns          297502 1c008a52 000026b7 lui              x13, 0x2000         x13=00002000
17155224ns          297503 1c008a54 f14027f3 csrrs            x15, x0, 0xf14      x15=00000002
17155244ns          297504 1c008a58 f8068693 addi             x13, x13, -128      x13=00001f80 x13:00002000
17155264ns          297505 1c008a5c 00379713 slli             x14, x15, 0x3       x14=00000010 x15:00000002
17155284ns          297506 1c008a60 00279793 slli             x15, x15, 0x2       x15=00000008 x15:00000002
17155304ns          297507 1c008a62 00d7f7b3 and              x15, x15, x13       x15=00000000 x15:00000008 x13:00001f80
17155323ns          297508 1c008a64 ee873733 p.bclr           x14, x14, 23, 8     x14=00000010 x14:00000010
17155343ns          297509 1c008a68 1a10f6b7 lui              x13, 0x1a10f000     x13=1a10f000
17155363ns          297510 1c008a6c 0ff57513 andi             x10, x10, 255       x10=0000004d x10:0000004d
17155383ns          297511 1c008a70 00d70733 add              x14, x14, x13       x14=1a10f010 x14:00000010 x13:1a10f000
17155403ns          297512 1c008a72 00a7e723 p.sw             x10, x0(x15)        x10:0000004d x15:00000000  PA:1a10f010
17155721ns          297528 1c008a76 00000513 addi             x10, x0, 0          x10=00000000
17155741ns          297529 1c008a78 00008067 jalr             x0, x1, 0            x1:1c008b48
17155781ns          297531 1c008b48 31f52563 p.beqimm         x10, 778            x10:00000000
17155801ns          297532 1c008b4c 001d8d93 addi             x27, x27, 1         x27=00000009 x27:00000008
17155821ns          297533 1c008b4e 00044503 lbu              x10, 0(x8)          x10=00000041  x8:1c0000e1  PA:1c0000e1
17156119ns          297548 1c008b52 00140413 addi             x8, x8, 1            x8=1c0000e2  x8:1c0000e1
17156139ns          297549 1c008b54 fe0514e3 bne              x10, x0, -24        x10:00000041
17156199ns          297552 1c008b3c 02500793 addi             x15, x0, 37         x15=00000025
17156218ns          297553 1c008b40 04f50863 beq              x10, x15, 80        x10:00000041 x15:00000025
17156238ns          297554 1c008b44 01a005b3 add              x11, x0, x26        x11=00000002 x26:00000002
17156258ns          297555 1c008b46 000b00e7 jalr             x1, x22, 0           x1=1c008b48 x22:1c008a52
17156298ns          297557 1c008a52 000026b7 lui              x13, 0x2000         x13=00002000
17156318ns          297558 1c008a54 f14027f3 csrrs            x15, x0, 0xf14      x15=00000002
17156338ns          297559 1c008a58 f8068693 addi             x13, x13, -128      x13=00001f80 x13:00002000
17156358ns          297560 1c008a5c 00379713 slli             x14, x15, 0x3       x14=00000010 x15:00000002
17156378ns          297561 1c008a60 00279793 slli             x15, x15, 0x2       x15=00000008 x15:00000002
17156397ns          297562 1c008a62 00d7f7b3 and              x15, x15, x13       x15=00000000 x15:00000008 x13:00001f80
17156417ns          297563 1c008a64 ee873733 p.bclr           x14, x14, 23, 8     x14=00000010 x14:00000010
17156437ns          297564 1c008a68 1a10f6b7 lui              x13, 0x1a10f000     x13=1a10f000
17156457ns          297565 1c008a6c 0ff57513 andi             x10, x10, 255       x10=00000041 x10:00000041
17156477ns          297566 1c008a70 00d70733 add              x14, x14, x13       x14=1a10f010 x14:00000010 x13:1a10f000
17156497ns          297567 1c008a72 00a7e723 p.sw             x10, x0(x15)        x10:00000041 x15:00000000  PA:1a10f010
17156815ns          297583 1c008a76 00000513 addi             x10, x0, 0          x10=00000000
17156835ns          297584 1c008a78 00008067 jalr             x0, x1, 0            x1:1c008b48
17156875ns          297586 1c008b48 31f52563 p.beqimm         x10, 778            x10:00000000
17156895ns          297587 1c008b4c 001d8d93 addi             x27, x27, 1         x27=0000000a x27:00000009
17156915ns          297588 1c008b4e 00044503 lbu              x10, 0(x8)          x10=00000052  x8:1c0000e2  PA:1c0000e2
17157213ns          297603 1c008b52 00140413 addi             x8, x8, 1            x8=1c0000e3  x8:1c0000e2
17157233ns          297604 1c008b54 fe0514e3 bne              x10, x0, -24        x10:00000052
17157293ns          297607 1c008b3c 02500793 addi             x15, x0, 37         x15=00000025
17157312ns          297608 1c008b40 04f50863 beq              x10, x15, 80        x10:00000052 x15:00000025
17157332ns          297609 1c008b44 01a005b3 add              x11, x0, x26        x11=00000002 x26:00000002
17157352ns          297610 1c008b46 000b00e7 jalr             x1, x22, 0           x1=1c008b48 x22:1c008a52
17157392ns          297612 1c008a52 000026b7 lui              x13, 0x2000         x13=00002000
17157412ns          297613 1c008a54 f14027f3 csrrs            x15, x0, 0xf14      x15=00000002
17157432ns          297614 1c008a58 f8068693 addi             x13, x13, -128      x13=00001f80 x13:00002000
17157452ns          297615 1c008a5c 00379713 slli             x14, x15, 0x3       x14=00000010 x15:00000002
17157472ns          297616 1c008a60 00279793 slli             x15, x15, 0x2       x15=00000008 x15:00000002
17157491ns          297617 1c008a62 00d7f7b3 and              x15, x15, x13       x15=00000000 x15:00000008 x13:00001f80
17157511ns          297618 1c008a64 ee873733 p.bclr           x14, x14, 23, 8     x14=00000010 x14:00000010
17157531ns          297619 1c008a68 1a10f6b7 lui              x13, 0x1a10f000     x13=1a10f000
17157551ns          297620 1c008a6c 0ff57513 andi             x10, x10, 255       x10=00000052 x10:00000052
17157571ns          297621 1c008a70 00d70733 add              x14, x14, x13       x14=1a10f010 x14:00000010 x13:1a10f000
17157591ns          297622 1c008a72 00a7e723 p.sw             x10, x0(x15)        x10:00000052 x15:00000000  PA:1a10f010
17157909ns          297638 1c008a76 00000513 addi             x10, x0, 0          x10=00000000
17157929ns          297639 1c008a78 00008067 jalr             x0, x1, 0            x1:1c008b48
17157969ns          297641 1c008b48 31f52563 p.beqimm         x10, 778            x10:00000000
17157989ns          297642 1c008b4c 001d8d93 addi             x27, x27, 1         x27=0000000b x27:0000000a
17158009ns          297643 1c008b4e 00044503 lbu              x10, 0(x8)          x10=00000059  x8:1c0000e3  PA:1c0000e3
17158307ns          297658 1c008b52 00140413 addi             x8, x8, 1            x8=1c0000e4  x8:1c0000e3
17158327ns          297659 1c008b54 fe0514e3 bne              x10, x0, -24        x10:00000059
17158387ns          297662 1c008b3c 02500793 addi             x15, x0, 37         x15=00000025
17158406ns          297663 1c008b40 04f50863 beq              x10, x15, 80        x10:00000059 x15:00000025
17158426ns          297664 1c008b44 01a005b3 add              x11, x0, x26        x11=00000002 x26:00000002
17158446ns          297665 1c008b46 000b00e7 jalr             x1, x22, 0           x1=1c008b48 x22:1c008a52
17158486ns          297667 1c008a52 000026b7 lui              x13, 0x2000         x13=00002000
17158506ns          297668 1c008a54 f14027f3 csrrs            x15, x0, 0xf14      x15=00000002
17158526ns          297669 1c008a58 f8068693 addi             x13, x13, -128      x13=00001f80 x13:00002000
17158546ns          297670 1c008a5c 00379713 slli             x14, x15, 0x3       x14=00000010 x15:00000002
17158566ns          297671 1c008a60 00279793 slli             x15, x15, 0x2       x15=00000008 x15:00000002
17158585ns          297672 1c008a62 00d7f7b3 and              x15, x15, x13       x15=00000000 x15:00000008 x13:00001f80
17158605ns          297673 1c008a64 ee873733 p.bclr           x14, x14, 23, 8     x14=00000010 x14:00000010
17158625ns          297674 1c008a68 1a10f6b7 lui              x13, 0x1a10f000     x13=1a10f000
17158645ns          297675 1c008a6c 0ff57513 andi             x10, x10, 255       x10=00000059 x10:00000059
17158665ns          297676 1c008a70 00d70733 add              x14, x14, x13       x14=1a10f010 x14:00000010 x13:1a10f000
17158685ns          297677 1c008a72 00a7e723 p.sw             x10, x0(x15)        x10:00000059 x15:00000000  PA:1a10f010
17159003ns          297693 1c008a76 00000513 addi             x10, x0, 0          x10=00000000
17159023ns          297694 1c008a78 00008067 jalr             x0, x1, 0            x1:1c008b48
17159063ns          297696 1c008b48 31f52563 p.beqimm         x10, 778            x10:00000000
17159083ns          297697 1c008b4c 001d8d93 addi             x27, x27, 1         x27=0000000c x27:0000000b
17159103ns          297698 1c008b4e 00044503 lbu              x10, 0(x8)          x10=0000003a  x8:1c0000e4  PA:1c0000e4
17159421ns          297714 1c008b52 00140413 addi             x8, x8, 1            x8=1c0000e5  x8:1c0000e4
17159441ns          297715 1c008b54 fe0514e3 bne              x10, x0, -24        x10:0000003a
17159500ns          297718 1c008b3c 02500793 addi             x15, x0, 37         x15=00000025
17159520ns          297719 1c008b40 04f50863 beq              x10, x15, 80        x10:0000003a x15:00000025
17159540ns          297720 1c008b44 01a005b3 add              x11, x0, x26        x11=00000002 x26:00000002
17159560ns          297721 1c008b46 000b00e7 jalr             x1, x22, 0           x1=1c008b48 x22:1c008a52
17159600ns          297723 1c008a52 000026b7 lui              x13, 0x2000         x13=00002000
17159620ns          297724 1c008a54 f14027f3 csrrs            x15, x0, 0xf14      x15=00000002
17159640ns          297725 1c008a58 f8068693 addi             x13, x13, -128      x13=00001f80 x13:00002000
17159660ns          297726 1c008a5c 00379713 slli             x14, x15, 0x3       x14=00000010 x15:00000002
17159679ns          297727 1c008a60 00279793 slli             x15, x15, 0x2       x15=00000008 x15:00000002
17159699ns          297728 1c008a62 00d7f7b3 and              x15, x15, x13       x15=00000000 x15:00000008 x13:00001f80
17159719ns          297729 1c008a64 ee873733 p.bclr           x14, x14, 23, 8     x14=00000010 x14:00000010
17159739ns          297730 1c008a68 1a10f6b7 lui              x13, 0x1a10f000     x13=1a10f000
17159759ns          297731 1c008a6c 0ff57513 andi             x10, x10, 255       x10=0000003a x10:0000003a
17159779ns          297732 1c008a70 00d70733 add              x14, x14, x13       x14=1a10f010 x14:00000010 x13:1a10f000
17159799ns          297733 1c008a72 00a7e723 p.sw             x10, x0(x15)        x10:0000003a x15:00000000  PA:1a10f010
17160117ns          297749 1c008a76 00000513 addi             x10, x0, 0          x10=00000000
17160137ns          297750 1c008a78 00008067 jalr             x0, x1, 0            x1:1c008b48
17160177ns          297752 1c008b48 31f52563 p.beqimm         x10, 778            x10:00000000
17160197ns          297753 1c008b4c 001d8d93 addi             x27, x27, 1         x27=0000000d x27:0000000c
17160217ns          297754 1c008b4e 00044503 lbu              x10, 0(x8)          x10=00000020  x8:1c0000e5  PA:1c0000e5
17160535ns          297770 1c008b52 00140413 addi             x8, x8, 1            x8=1c0000e6  x8:1c0000e5
17160555ns          297771 1c008b54 fe0514e3 bne              x10, x0, -24        x10:00000020
17160614ns          297774 1c008b3c 02500793 addi             x15, x0, 37         x15=00000025
17160634ns          297775 1c008b40 04f50863 beq              x10, x15, 80        x10:00000020 x15:00000025
17160654ns          297776 1c008b44 01a005b3 add              x11, x0, x26        x11=00000002 x26:00000002
17160674ns          297777 1c008b46 000b00e7 jalr             x1, x22, 0           x1=1c008b48 x22:1c008a52
17160714ns          297779 1c008a52 000026b7 lui              x13, 0x2000         x13=00002000
17160734ns          297780 1c008a54 f14027f3 csrrs            x15, x0, 0xf14      x15=00000002
17160754ns          297781 1c008a58 f8068693 addi             x13, x13, -128      x13=00001f80 x13:00002000
17160773ns          297782 1c008a5c 00379713 slli             x14, x15, 0x3       x14=00000010 x15:00000002
17160793ns          297783 1c008a60 00279793 slli             x15, x15, 0x2       x15=00000008 x15:00000002
17160813ns          297784 1c008a62 00d7f7b3 and              x15, x15, x13       x15=00000000 x15:00000008 x13:00001f80
17160833ns          297785 1c008a64 ee873733 p.bclr           x14, x14, 23, 8     x14=00000010 x14:00000010
17160853ns          297786 1c008a68 1a10f6b7 lui              x13, 0x1a10f000     x13=1a10f000
17160873ns          297787 1c008a6c 0ff57513 andi             x10, x10, 255       x10=00000020 x10:00000020
17160893ns          297788 1c008a70 00d70733 add              x14, x14, x13       x14=1a10f010 x14:00000010 x13:1a10f000
17160913ns          297789 1c008a72 00a7e723 p.sw             x10, x0(x15)        x10:00000020 x15:00000000  PA:1a10f010
17161231ns          297805 1c008a76 00000513 addi             x10, x0, 0          x10=00000000
17161251ns          297806 1c008a78 00008067 jalr             x0, x1, 0            x1:1c008b48
17161291ns          297808 1c008b48 31f52563 p.beqimm         x10, 778            x10:00000000
17161311ns          297809 1c008b4c 001d8d93 addi             x27, x27, 1         x27=0000000e x27:0000000d
17161330ns          297810 1c008b4e 00044503 lbu              x10, 0(x8)          x10=00000000  x8:1c0000e6  PA:1c0000e6
17161649ns          297826 1c008b52 00140413 addi             x8, x8, 1            x8=1c0000e7  x8:1c0000e6
17161669ns          297827 1c008b54 fe0514e3 bne              x10, x0, -24        x10:00000000
17161688ns          297828 1c008b56 01b00433 add              x8, x0, x27          x8=0000000e x27:0000000e
17161708ns          297829 1c008b58 00800533 add              x10, x0, x8         x10=0000000e  x8:0000000e
17161728ns          297830 1c008b5a 12c12083 lw               x1, 300(x2)          x1=1c008ae6  x2:10002228  PA:10002354
17161748ns          297831 1c008b5e 12812403 lw               x8, 296(x2)          x8=1c00110c  x2:10002228  PA:10002350
17161768ns          297832 1c008b62 12412483 lw               x9, 292(x2)          x9=00000000  x2:10002228  PA:1000234c
17161788ns          297833 1c008b66 12012903 lw               x18, 288(x2)        x18=1a10b004  x2:10002228  PA:10002348
17161808ns          297834 1c008b6a 11c12983 lw               x19, 284(x2)        x19=00000002  x2:10002228  PA:10002344
17161828ns          297835 1c008b6e 11812a03 lw               x20, 280(x2)        x20=1c001110  x2:10002228  PA:10002340
17161848ns          297836 1c008b72 11412a83 lw               x21, 276(x2)        x21=1c00a000  x2:10002228  PA:1000233c
17161867ns          297837 1c008b76 11012b03 lw               x22, 272(x2)        x22=1c00a000  x2:10002228  PA:10002338
17161887ns          297838 1c008b7a 10c12b83 lw               x23, 268(x2)        x23=1c000000  x2:10002228  PA:10002334
17161947ns          297841 1c008b7e 10812c03 lw               x24, 264(x2)        x24=1c000000  x2:10002228  PA:10002330
17161987ns          297843 1c008b82 10412c83 lw               x25, 260(x2)        x25=1c000000  x2:10002228  PA:1000232c
17162007ns          297844 1c008b86 10012d03 lw               x26, 256(x2)        x26=1c000000  x2:10002228  PA:10002328
17162027ns          297845 1c008b8a 0fc12d83 lw               x27, 252(x2)        x27=1c00110c  x2:10002228  PA:10002324
17162046ns          297846 1c008b8c 13010113 addi             x2, x2, 304          x2=10002358  x2:10002228
17162066ns          297847 1c008b8e 00008067 jalr             x0, x1, 0            x1:1c008ae6
17162106ns          297849 1c008ae6 01c12083 lw               x1, 28(x2)           x1=1c009d64  x2:10002358  PA:10002374
17162126ns          297850 1c008ae8 04010113 addi             x2, x2, 64           x2=10002398  x2:10002358
17162166ns          297852 1c008aea 00008067 jalr             x0, x1, 0            x1:1c009d64
17162206ns          297854 1c009d64 02048463 beq              x9, x0, 40           x9:00000000
17162683ns          297878 1c009d8c 1c000537 lui              x10, 0x1c000000     x10=1c000000
17162763ns          297882 1c009d90 0e850513 addi             x10, x10, 232       x10=1c0000e8 x10:1c000000
17162802ns          297884 1c009d94 c6dfe0ef jal              x1, -5012            x1=1c009d98
17162842ns          297886 1c008a00 0015478b p.lbu            x15, 1(x10!)        x15=00000053 x10=1c0000e9 x10:1c0000e8  PA:1c0000e8
17163180ns          297903 1c008a04 02078463 beq              x15, x0, 40         x15:00000053
17163200ns          297904 1c008a06 f14026f3 csrrs            x13, x0, 0xf14      x13=00000002
17163220ns          297905 1c008a0a 00369713 slli             x14, x13, 0x3       x14=00000010 x13:00000002
17163359ns          297912 1c008a0e 1a10f637 lui              x12, 0x1a10f000     x12=1a10f000
17163399ns          297914 1c008a12 ee873733 p.bclr           x14, x14, 23, 8     x14=00000010 x14:00000010
17163419ns          297915 1c008a16 00c70733 add              x14, x14, x12       x14=1a10f010 x14:00000010 x12:1a10f000
17163439ns          297916 1c008a18 00002637 lui              x12, 0x2000         x12=00002000
17163459ns          297917 1c008a1a 00269693 slli             x13, x13, 0x2       x13=00000008 x13:00000002
17163479ns          297918 1c008a1c f8060613 addi             x12, x12, -128      x12=00001f80 x12:00002000
17163876ns          297938 1c008a20 00c6f6b3 and              x13, x13, x12       x13=00000000 x13:00000008 x12:00001f80
17163896ns          297939 1c008a22 00d70733 add              x14, x14, x13       x14=1a10f010 x14:1a10f010 x13:00000000
17163916ns          297940 1c008a24 00f72023 sw               x15, 0(x14)         x15:00000053 x14:1a10f010  PA:1a10f010
17164234ns          297956 1c008a26 0015478b p.lbu            x15, 1(x10!)        x15=00000055 x10=1c0000ea x10:1c0000e9  PA:1c0000e9
17164573ns          297973 1c008a2a fe079de3 bne              x15, x0, -6         x15:00000055
17164632ns          297976 1c008a24 00f72023 sw               x15, 0(x14)         x15:00000055 x14:1a10f010  PA:1a10f010
17164951ns          297992 1c008a26 0015478b p.lbu            x15, 1(x10!)        x15=00000043 x10=1c0000eb x10:1c0000ea  PA:1c0000ea
17165269ns          298008 1c008a2a fe079de3 bne              x15, x0, -6         x15:00000043
17165328ns          298011 1c008a24 00f72023 sw               x15, 0(x14)         x15:00000043 x14:1a10f010  PA:1a10f010
17165647ns          298027 1c008a26 0015478b p.lbu            x15, 1(x10!)        x15=00000043 x10=1c0000ec x10:1c0000eb  PA:1c0000eb
17165965ns          298043 1c008a2a fe079de3 bne              x15, x0, -6         x15:00000043
17166025ns          298046 1c008a24 00f72023 sw               x15, 0(x14)         x15:00000043 x14:1a10f010  PA:1a10f010
17166343ns          298062 1c008a26 0015478b p.lbu            x15, 1(x10!)        x15=00000045 x10=1c0000ed x10:1c0000ec  PA:1c0000ec
17166661ns          298078 1c008a2a fe079de3 bne              x15, x0, -6         x15:00000045
17166721ns          298081 1c008a24 00f72023 sw               x15, 0(x14)         x15:00000045 x14:1a10f010  PA:1a10f010
17167039ns          298097 1c008a26 0015478b p.lbu            x15, 1(x10!)        x15=00000053 x10=1c0000ee x10:1c0000ed  PA:1c0000ed
17167357ns          298113 1c008a2a fe079de3 bne              x15, x0, -6         x15:00000053
17167417ns          298116 1c008a24 00f72023 sw               x15, 0(x14)         x15:00000053 x14:1a10f010  PA:1a10f010
17167735ns          298132 1c008a26 0015478b p.lbu            x15, 1(x10!)        x15=00000053 x10=1c0000ef x10:1c0000ee  PA:1c0000ee
17168053ns          298148 1c008a2a fe079de3 bne              x15, x0, -6         x15:00000053
17168113ns          298151 1c008a24 00f72023 sw               x15, 0(x14)         x15:00000053 x14:1a10f010  PA:1a10f010
17168451ns          298168 1c008a26 0015478b p.lbu            x15, 1(x10!)        x15=00000000 x10=1c0000f0 x10:1c0000ef  PA:1c0000ef
17168770ns          298184 1c008a2a fe079de3 bne              x15, x0, -6         x15:00000000
17168789ns          298185 1c008a2c f14027f3 csrrs            x15, x0, 0xf14      x15=00000002
17168809ns          298186 1c008a30 00379713 slli             x14, x15, 0x3       x14=00000010 x15:00000002
17168829ns          298187 1c008a34 1a10f6b7 lui              x13, 0x1a10f000     x13=1a10f000
17168849ns          298188 1c008a38 ee873733 p.bclr           x14, x14, 23, 8     x14=00000010 x14:00000010
17168869ns          298189 1c008a3c 00d70733 add              x14, x14, x13       x14=1a10f010 x14:00000010 x13:1a10f000
17168889ns          298190 1c008a3e 000026b7 lui              x13, 0x2000         x13=00002000
17169287ns          298210 1c008a40 f8068693 addi             x13, x13, -128      x13=00001f80 x13:00002000
17169326ns          298212 1c008a44 00279793 slli             x15, x15, 0x2       x15=00000008 x15:00000002
17169346ns          298213 1c008a46 00d7f7b3 and              x15, x15, x13       x15=00000000 x15:00000008 x13:00001f80
17169366ns          298214 1c008a48 00a00693 addi             x13, x0, 10         x13=0000000a
17169386ns          298215 1c008a4a 00d767a3 p.sw             x13, x0(x14)        x13:0000000a x14:1a10f010  PA:1a10f010
17169704ns          298231 1c008a4e 00000513 addi             x10, x0, 0          x10=00000000
17169724ns          298232 1c008a50 00008067 jalr             x0, x1, 0            x1:1c009d98
17169764ns          298234 1c009d98 00000513 addi             x10, x0, 0          x10=00000000
17169784ns          298235 1c009d9a f99ff06f jal              x0, -104           
17169883ns          298240 1c009d32 04c12083 lw               x1, 76(x2)           x1=1c0084d2  x2:10002398  PA:100023e4
17169903ns          298241 1c009d34 04812403 lw               x8, 72(x2)           x8=xxxxxxxx  x2:10002398  PA:100023e0
17169923ns          298242 1c009d36 04412483 lw               x9, 68(x2)           x9=xxxxxxxx  x2:10002398  PA:100023dc
17169943ns          298243 1c009d38 04012903 lw               x18, 64(x2)         x18=xxxxxxxx  x2:10002398  PA:100023d8
17169963ns          298244 1c009d3a 03c12983 lw               x19, 60(x2)         x19=xxxxxxxx  x2:10002398  PA:100023d4
17169983ns          298245 1c009d3c 03812a03 lw               x20, 56(x2)         x20=xxxxxxxx  x2:10002398  PA:100023d0
17170003ns          298246 1c009d3e 03412a83 lw               x21, 52(x2)         x21=xxxxxxxx  x2:10002398  PA:100023cc
17170381ns          298265 1c009d40 03012b03 lw               x22, 48(x2)         x22=xxxxxxxx  x2:10002398  PA:100023c8
17170401ns          298266 1c009d42 02c12b83 lw               x23, 44(x2)         x23=xxxxxxxx  x2:10002398  PA:100023c4
17170420ns          298267 1c009d44 02812c03 lw               x24, 40(x2)         x24=xxxxxxxx  x2:10002398  PA:100023c0
17170440ns          298268 1c009d46 02412c83 lw               x25, 36(x2)         x25=xxxxxxxx  x2:10002398  PA:100023bc
17170460ns          298269 1c009d48 02012d03 lw               x26, 32(x2)         x26=xxxxxxxx  x2:10002398  PA:100023b8
17170480ns          298270 1c009d4a 01c12d83 lw               x27, 28(x2)         x27=xxxxxxxx  x2:10002398  PA:100023b4
17170500ns          298271 1c009d4c 05010113 addi             x2, x2, 80           x2=100023e8  x2:10002398
17170520ns          298272 1c009d4e 00008067 jalr             x0, x1, 0            x1:1c0084d2
17170977ns          298295 1c0084d2 00a00433 add              x8, x0, x10          x8=00000000 x10:00000000
17171017ns          298297 1c0084d4 22d010ef jal              x1, 6700             x1=1c0084d8
17171097ns          298301 1c009f00 f14027f3 csrrs            x15, x0, 0xf14      x15=00000002
17171137ns          298303 1c009f04 01f00713 addi             x14, x0, 31         x14=0000001f
17171156ns          298304 1c009f06 ca5797b3 p.extractu       x15, x15, 5, 5      x15=00000000 x15:00000002
17171176ns          298305 1c009f0a 00e78863 beq              x15, x14, 16        x15:00000000 x14:0000001f
17171236ns          298308 1c009f0e 002047b7 lui              x15, 0x204000       x15=00204000
17171276ns          298310 1c009f12 20078793 addi             x15, x15, 512       x15=00204200 x15:00204000
17171296ns          298311 1c009f16 01c7e703 p.elw            x14, 28(x15)        x14=00010000 x15:00204200  PA:0020421c
17171514ns          298322 1c009f1a 00008067 jalr             x0, x1, 0            x1:1c0084d8
17171554ns          298324 1c0084d8 00803533 sltu             x10, x0, x8         x10=00000000  x8:00000000
17171574ns          298325 1c0084dc 00c12083 lw               x1, 12(x2)           x1=1c009e10  x2:100023e8  PA:100023f4
17171614ns          298327 1c0084de 00812403 lw               x8, 8(x2)            x8=xxxxxxxx  x2:100023e8  PA:100023f0
17172052ns          298349 1c0084e0 01010113 addi             x2, x2, 16           x2=100023f8  x2:100023e8
17172071ns          298350 1c0084e2 00008067 jalr             x0, x1, 0            x1:1c009e10
17172151ns          298354 1c009e10 f14027f3 csrrs            x15, x0, 0xf14      x15=00000002
17172191ns          298356 1c009e14 f457b7b3 p.bclr           x15, x15, 26, 5     x15=00000002 x15:00000002
17172211ns          298357 1c009e18 00079963 bne              x15, x0, 18         x15:00000002
17172748ns          298384 1c009e2a 002047b7 lui              x15, 0x204000       x15=00204000
17172768ns          298385 1c009e2e fff00713 addi             x14, x0, -1         x14=ffffffff
17173185ns          298406 1c009e30 00e7a223 sw               x14, 4(x15)         x14:ffffffff x15:00204000  PA:00204004
