                Time          Cycles PC       Instr    Mnemonic
16668736ns          273045 1c008080 0640006f jal              x0, 100            
16669213ns          273069 1c0080e4 f1402573 csrrs            x10, x0, 0xf14      x10=00000000
16669253ns          273071 1c0080e8 01f57593 andi             x11, x10, 31        x11=00000000 x10:00000000
16669273ns          273072 1c0080ec 00555513 srli             x10, x10, 0x5       x10=00000000 x10:00000000
16669293ns          273073 1c0080ee 01f00613 addi             x12, x0, 31         x12=0000001f
16669711ns          273094 1c0080f0 00c50463 beq              x10, x12, 8         x10:00000000 x12:0000001f
16669750ns          273096 1c0080f4 fa1ff06f jal              x0, -96            
16670208ns          273119 1c008094 f3ff9117 auipc            x2, 0xf3ff9000       x2=10001094
16670248ns          273121 1c008098 b7010113 addi             x2, x2, -1168        x2=10000c04  x2:10001094
16670268ns          273122 1c00809c 00012103 lw               x2, 0(x2)            x2=10000c08  x2:10000c04  PA:10000c04
16670725ns          273145 1c0080a0 000011b7 lui              x3, 0x1000           x3=00001000
16670765ns          273147 1c0080a4 80018193 addi             x3, x3, -2048        x3=00000800  x3:00001000
16670785ns          273148 1c0080a8 00158593 addi             x11, x11, 1         x11=00000001 x11:00000000
16670805ns          273149 1c0080ac 02b180b3 mul              x1, x3, x11          x1=00000800  x3:00000800 x11:00000001
16671242ns          273171 1c0080b0 00110133 add              x2, x2, x1           x2=10001408  x2:10000c08  x1:00000800
16671282ns          273173 1c0080b4 5370106f jal              x0, 7478           
16671739ns          273196 1c009dea ff010113 addi             x2, x2, -16          x2=100013f8  x2:10001408
16671779ns          273198 1c009dec 00112623 sw               x1, 12(x2)           x1:00000800  x2:100013f8  PA:10001404
16672217ns          273220 1c009dee 002047b7 lui              x15, 0x204000       x15=00204000
16672257ns          273222 1c009df2 00070737 lui              x14, 0x70000        x14=00070000
16672276ns          273223 1c009df6 00e7a423 sw               x14, 8(x15)         x14:00070000 x15:00204000  PA:00204008
16672296ns          273224 1c009df8 00f00713 addi             x14, x0, 15         x14=0000000f
16672316ns          273225 1c009dfa 20078793 addi             x15, x15, 512       x15=00204200 x15:00204000
16672734ns          273246 1c009dfe 00e7a023 sw               x14, 0(x15)         x14:0000000f x15:00204200  PA:00204200
16672774ns          273248 1c009e02 00e7a623 sw               x14, 12(x15)        x14:0000000f x15:00204200  PA:0020420c
16672794ns          273249 1c009e06 1c0017b7 lui              x15, 0x1c001000     x15=1c001000
16672814ns          273250 1c009e0a 14c7a783 lw               x15, 332(x15)       x15=1c0084b6 x15:1c001000  PA:1c00114c
16673311ns          273275 1c009e0e 000780e7 jalr             x1, x15, 0           x1=1c009e10 x15:1c0084b6
16673808ns          273300 1c0084b6 f14027f3 csrrs            x15, x0, 0xf14      x15=00000000
16673828ns          273301 1c0084ba ca5797b3 p.extractu       x15, x15, 5, 5      x15=00000000 x15:00000000
16673848ns          273302 1c0084be 02079363 bne              x15, x0, 38         x15:00000000
16674266ns          273323 1c0084c0 1c001537 lui              x10, 0x1c001000     x10=1c001000
16674305ns          273325 1c0084c4 ff010113 addi             x2, x2, -16          x2=100013e8  x2:100013f8
16674325ns          273326 1c0084c6 10050513 addi             x10, x10, 256       x10=1c001100 x10:1c001000
16674345ns          273327 1c0084ca 00112623 sw               x1, 12(x2)           x1:1c009e10  x2:100013e8  PA:100013f4
16674365ns          273328 1c0084cc 00812423 sw               x8, 8(x2)            x8:xxxxxxxx  x2:100013e8  PA:100013f0
16674783ns          273349 1c0084ce 77a010ef jal              x1, 6010             x1=1c0084d2
16675240ns          273372 1c009c48 fb010113 addi             x2, x2, -80          x2=10001398  x2:100013e8
16675260ns          273373 1c009c4a 00052783 lw               x15, 0(x10)         x15=1c000040 x10:1c001100  PA:1c001100
16675558ns          273388 1c009c4c 04112623 sw               x1, 76(x2)           x1:1c0084d2  x2:10001398  PA:100013e4
16675578ns          273389 1c009c4e 04812423 sw               x8, 72(x2)           x8:xxxxxxxx  x2:10001398  PA:100013e0
16675718ns          273396 1c009c50 04912223 sw               x9, 68(x2)           x9:xxxxxxxx  x2:10001398  PA:100013dc
16675737ns          273397 1c009c52 05212023 sw               x18, 64(x2)         x18:xxxxxxxx  x2:10001398  PA:100013d8
16675757ns          273398 1c009c54 03312e23 sw               x19, 60(x2)         x19:xxxxxxxx  x2:10001398  PA:100013d4
16675777ns          273399 1c009c56 03412c23 sw               x20, 56(x2)         x20:xxxxxxxx  x2:10001398  PA:100013d0
16675797ns          273400 1c009c58 03512a23 sw               x21, 52(x2)         x21:xxxxxxxx  x2:10001398  PA:100013cc
16675817ns          273401 1c009c5a 03612823 sw               x22, 48(x2)         x22:xxxxxxxx  x2:10001398  PA:100013c8
16675837ns          273402 1c009c5c 03712623 sw               x23, 44(x2)         x23:xxxxxxxx  x2:10001398  PA:100013c4
16675857ns          273403 1c009c5e 03812423 sw               x24, 40(x2)         x24:xxxxxxxx  x2:10001398  PA:100013c0
16676235ns          273422 1c009c60 03912223 sw               x25, 36(x2)         x25:xxxxxxxx  x2:10001398  PA:100013bc
16676255ns          273423 1c009c62 03a12023 sw               x26, 32(x2)         x26:xxxxxxxx  x2:10001398  PA:100013b8
16676275ns          273424 1c009c64 01b12e23 sw               x27, 28(x2)         x27:xxxxxxxx  x2:10001398  PA:100013b4
16676294ns          273425 1c009c66 10078763 beq              x15, x0, 270        x15:1c000040
16676314ns          273426 1c009c6a 00850713 addi             x14, x10, 8         x14=1c001108 x10:1c001100
16676334ns          273427 1c009c6e 00000413 addi             x8, x0, 0            x8=00000000
16676752ns          273448 1c009c70 0087268b p.lw             x13, 8(x14!)        x13=00000000 x14=1c001110 x14:1c001108  PA:1c001108
16677090ns          273465 1c009c74 00140413 addi             x8, x8, 1            x8=00000001  x8:00000000
16677110ns          273466 1c009c76 fe069de3 bne              x13, x0, -6         x13:00000000
16677130ns          273467 1c009c78 00450d93 addi             x27, x10, 4         x27=1c001104 x10:1c001100
16677150ns          273468 1c009c7c 00341413 slli             x8, x8, 0x3          x8=00000008  x8:00000001
16677349ns          273478 1c009c7e 1c001a37 lui              x20, 0x1c001000     x20=1c001000
16677388ns          273480 1c009c82 1a10b937 lui              x18, 0x1a10b000     x18=1a10b000
16677408ns          273481 1c009c86 f14029f3 csrrs            x19, x0, 0xf14      x19=00000000
16677428ns          273482 1c009c8a 01b40433 add              x8, x8, x27          x8=1c00110c  x8:00000008 x27:1c001104
16677448ns          273483 1c009c8c 00000493 addi             x9, x0, 0            x9=00000000
16677866ns          273504 1c009c8e 1c00ab37 lui              x22, 0x1c00a000     x22=1c00a000
16677906ns          273506 1c009c92 1c00aab7 lui              x21, 0x1c00a000     x21=1c00a000
16677925ns          273507 1c009c96 110a0a13 addi             x20, x20, 272       x20=1c001110 x20:1c001000
16677945ns          273508 1c009c9a f459b9b3 p.bclr           x19, x19, 26, 5     x19=00000000 x19:00000000
16677965ns          273509 1c009c9e 00490913 addi             x18, x18, 4         x18=1a10b004 x18:1a10b000
16678383ns          273530 1c009ca0 1c000d37 lui              x26, 0x1c000000     x26=1c000000
16678423ns          273532 1c009ca4 1c000cb7 lui              x25, 0x1c000000     x25=1c000000
16678443ns          273533 1c009ca8 1c000c37 lui              x24, 0x1c000000     x24=1c000000
16678463ns          273534 1c009cac 1c000bb7 lui              x23, 0x1c000000     x23=1c000000
16678900ns          273556 1c009cb0 00c0006f jal              x0, 12             
16678940ns          273558 1c009cbc 00012623 sw               x0, 12(x2)           x2:10001398  PA:100013a4
16679377ns          273580 1c009cbe 00099763 bne              x19, x0, 14         x19:00000000
16679417ns          273582 1c009cc2 00092023 sw               x0, 0(x18)          x18:1a10b004  PA:1a10b004
16679736ns          273598 1c009cc6 00100713 addi             x14, x0, 1          x14=00000001
16679755ns          273599 1c009cc8 02e92023 sw               x14, 32(x18)        x14:00000001 x18:1a10b004  PA:1a10b024
16680074ns          273615 1c009ccc 000da703 lw               x14, 0(x27)         x14=1c00813e x27:1c001104  PA:1c001104
16680471ns          273635 1c009cd0 c32b0613 addi             x12, x22, -974      x12=1c009c32 x22:1c00a000
16680491ns          273636 1c009cd4 c1aa8593 addi             x11, x21, -998      x11=1c009c1a x21:1c00a000
16680511ns          273637 1c009cd8 00810513 addi             x10, x2, 8          x10=100013a0  x2:10001398
16680531ns          273638 1c009cda 000700e7 jalr             x1, x14, 0           x1=1c009cdc x14:1c00813e
16681028ns          273663 1c00813e fc010113 addi             x2, x2, -64          x2=10001358  x2:10001398
16681506ns          273687 1c008140 02912a23 sw               x9, 52(x2)           x9:00000000  x2:10001358  PA:1000138c
16681546ns          273689 1c008142 f14024f3 csrrs            x9, x0, 0xf14        x9=00000000
16681565ns          273690 1c008146 f454b4b3 p.bclr           x9, x9, 26, 5        x9=00000000  x9:00000000
16681585ns          273691 1c00814a 02812c23 sw               x8, 56(x2)           x8:1c00110c  x2:10001358  PA:10001390
16681605ns          273692 1c00814c 03212823 sw               x18, 48(x2)         x18:1a10b004  x2:10001358  PA:10001388
16681625ns          273693 1c00814e 03312623 sw               x19, 44(x2)         x19:00000000  x2:10001358  PA:10001384
16682023ns          273713 1c008150 03412423 sw               x20, 40(x2)         x20:1c001110  x2:10001358  PA:10001380
16682043ns          273714 1c008152 03512223 sw               x21, 36(x2)         x21:1c00a000  x2:10001358  PA:1000137c
16682063ns          273715 1c008154 02112e23 sw               x1, 60(x2)           x1:1c009cdc  x2:10001358  PA:10001394
16682083ns          273716 1c008156 00249a93 slli             x21, x9, 0x2        x21=00000000  x9:00000000
16682103ns          273717 1c00815a 03612023 sw               x22, 32(x2)         x22:1c00a000  x2:10001358  PA:10001378
16682122ns          273718 1c00815c 01712e23 sw               x23, 28(x2)         x23:1c000000  x2:10001358  PA:10001374
16682142ns          273719 1c00815e 01812c23 sw               x24, 24(x2)         x24:1c000000  x2:10001358  PA:10001370
16682540ns          273739 1c008160 01912a23 sw               x25, 20(x2)         x25:1c000000  x2:10001358  PA:1000136c
16682560ns          273740 1c008162 01a12823 sw               x26, 16(x2)         x26:1c000000  x2:10001358  PA:10001368
16682580ns          273741 1c008164 01b12623 sw               x27, 12(x2)         x27:1c001104  x2:10001358  PA:10001364
16682600ns          273742 1c008166 00a009b3 add              x19, x0, x10        x19=100013a0 x10:100013a0
16682620ns          273743 1c008168 00b00433 add              x8, x0, x11          x8=1c009c1a x11:1c009c1a
16682640ns          273744 1c00816a 00c00933 add              x18, x0, x12        x18=1c009c32 x12:1c009c32
16682659ns          273745 1c00816c 004a8a13 addi             x20, x21, 4         x20=00000004 x21:00000000
16683057ns          273765 1c008170 1c048963 beq              x9, x0, 466          x9:00000000
16683992ns          273812 1c008342 1c000537 lui              x10, 0x1c000000     x10=1c000000
16684012ns          273813 1c008346 00000713 addi             x14, x0, 0          x14=00000000
16684032ns          273814 1c008348 00000693 addi             x13, x0, 0          x13=00000000
16684052ns          273815 1c00834a 00000613 addi             x12, x0, 0          x12=00000000
16684072ns          273816 1c00834c 00000593 addi             x11, x0, 0          x11=00000000
16684549ns          273840 1c00834e 01c50513 addi             x10, x10, 28        x10=1c00001c x10:1c000000
16684569ns          273841 1c008352 76c000ef jal              x1, 1900             x1=1c008354
16685026ns          273864 1c008abe fc010113 addi             x2, x2, -64          x2=10001318  x2:10001358
16685484ns          273887 1c008ac0 02410313 addi             x6, x2, 36           x6=1000133c  x2:10001318
16685524ns          273889 1c008ac4 02c12423 sw               x12, 40(x2)         x12:00000000  x2:10001318  PA:10001340
16685544ns          273890 1c008ac6 00a00633 add              x12, x0, x10        x12=1c00001c x10:1c00001c
16685564ns          273891 1c008ac8 1c009537 lui              x10, 0x1c009000     x10=1c009000
16685583ns          273892 1c008acc 02b12223 sw               x11, 36(x2)         x11:00000000  x2:10001318  PA:1000133c
16685603ns          273893 1c008ace 02d12623 sw               x13, 44(x2)         x13:00000000  x2:10001318  PA:10001344
16686001ns          273913 1c008ad0 00200593 addi             x11, x0, 2          x11=00000002
16686021ns          273914 1c008ad2 006006b3 add              x13, x0, x6         x13=1000133c  x6:1000133c
16686041ns          273915 1c008ad4 a5250513 addi             x10, x10, -1454     x10=1c008a52 x10:1c009000
16686061ns          273916 1c008ad8 00112e23 sw               x1, 28(x2)           x1:1c008354  x2:10001318  PA:10001334
16686081ns          273917 1c008ada 02e12823 sw               x14, 48(x2)         x14:00000000  x2:10001318  PA:10001348
16686101ns          273918 1c008adc 02f12a23 sw               x15, 52(x2)         x15:1c000040  x2:10001318  PA:1000134c
16686120ns          273919 1c008ade 03012c23 sw               x16, 56(x2)         x16:xxxxxxxx  x2:10001318  PA:10001350
16686538ns          273940 1c008ae0 03112e23 sw               x17, 60(x2)         x17:xxxxxxxx  x2:10001318  PA:10001354
16686558ns          273941 1c008ae2 00612623 sw               x6, 12(x2)           x6:1000133c  x2:10001318  PA:10001324
16686578ns          273942 1c008ae4 fbfff0ef jal              x1, -66              x1=1c008ae6
16687035ns          273965 1c008aa2 04a0006f jal              x0, 74             
16687075ns          273967 1c008aec ed010113 addi             x2, x2, -304         x2=100011e8  x2:10001318
16687513ns          273989 1c008aee 12812423 sw               x8, 296(x2)          x8:1c009c1a  x2:100011e8  PA:10001310
16687533ns          273990 1c008af2 00000413 addi             x8, x0, 0            x8=00000000
16687553ns          273991 1c008af4 11612823 sw               x22, 272(x2)        x22:1c00a000  x2:100011e8  PA:100012f8
16687572ns          273992 1c008af8 11712623 sw               x23, 268(x2)        x23:1c000000  x2:100011e8  PA:100012f4
16687592ns          273993 1c008afc 11812423 sw               x24, 264(x2)        x24:1c000000  x2:100011e8  PA:100012f0
16688050ns          274016 1c008b00 11912223 sw               x25, 260(x2)        x25:1c000000  x2:100011e8  PA:100012ec
16688090ns          274018 1c008b04 11a12023 sw               x26, 256(x2)        x26:1c000000  x2:100011e8  PA:100012e8
16688110ns          274019 1c008b08 0fb12e23 sw               x27, 252(x2)        x27:1c001104  x2:100011e8  PA:100012e4
16688129ns          274020 1c008b0a 12112623 sw               x1, 300(x2)          x1:1c008ae6  x2:100011e8  PA:10001314
16688149ns          274021 1c008b0e 00800db3 add              x27, x0, x8         x27=00000000  x8:00000000
16688567ns          274042 1c008b10 12912223 sw               x9, 292(x2)          x9:00000000  x2:100011e8  PA:1000130c
16688607ns          274044 1c008b14 13212023 sw               x18, 288(x2)        x18:1c009c32  x2:100011e8  PA:10001308
16688627ns          274045 1c008b18 11312e23 sw               x19, 284(x2)        x19:100013a0  x2:100011e8  PA:10001304
16688647ns          274046 1c008b1c 11412c23 sw               x20, 280(x2)        x20:00000004  x2:100011e8  PA:10001300
16689084ns          274068 1c008b20 11512a23 sw               x21, 276(x2)        x21:00000000  x2:100011e8  PA:100012fc
16689124ns          274070 1c008b24 00a00b33 add              x22, x0, x10        x22=1c008a52 x10:1c008a52
16689144ns          274071 1c008b26 00b00d33 add              x26, x0, x11        x26=00000002 x11:00000002
16689164ns          274072 1c008b28 00d00c33 add              x24, x0, x13        x24=1000133c x13:1000133c
16689184ns          274073 1c008b2a 1c000bb7 lui              x23, 0x1c000000     x23=1c000000
16689601ns          274094 1c008b2e 02410c93 addi             x25, x2, 36         x25=1000120c  x2:100011e8
16689621ns          274095 1c008b32 00c00433 add              x8, x0, x12          x8=1c00001c x12:1c00001c
16689641ns          274096 1c008b34 00044503 lbu              x10, 0(x8)          x10=00000053  x8:1c00001c  PA:1c00001c
16689959ns          274112 1c008b38 00140413 addi             x8, x8, 1            x8=1c00001d  x8:1c00001c
16689979ns          274113 1c008b3a 00050e63 beq              x10, x0, 28         x10:00000053
16689999ns          274114 1c008b3c 02500793 addi             x15, x0, 37         x15=00000025
16690118ns          274120 1c008b40 04f50863 beq              x10, x15, 80        x10:00000053 x15:00000025
16690158ns          274122 1c008b44 01a005b3 add              x11, x0, x26        x11=00000002 x26:00000002
16690178ns          274123 1c008b46 000b00e7 jalr             x1, x22, 0           x1=1c008b48 x22:1c008a52
16690656ns          274147 1c008a52 000026b7 lui              x13, 0x2000         x13=00002000
16690695ns          274149 1c008a54 f14027f3 csrrs            x15, x0, 0xf14      x15=00000000
16690715ns          274150 1c008a58 f8068693 addi             x13, x13, -128      x13=00001f80 x13:00002000
16690735ns          274151 1c008a5c 00379713 slli             x14, x15, 0x3       x14=00000000 x15:00000000
16691173ns          274173 1c008a60 00279793 slli             x15, x15, 0x2       x15=00000000 x15:00000000
16691193ns          274174 1c008a62 00d7f7b3 and              x15, x15, x13       x15=00000000 x15:00000000 x13:00001f80
16691212ns          274175 1c008a64 ee873733 p.bclr           x14, x14, 23, 8     x14=00000000 x14:00000000
16691232ns          274176 1c008a68 1a10f6b7 lui              x13, 0x1a10f000     x13=1a10f000
16691252ns          274177 1c008a6c 0ff57513 andi             x10, x10, 255       x10=00000053 x10:00000053
16691690ns          274199 1c008a70 00d70733 add              x14, x14, x13       x14=1a10f000 x14:00000000 x13:1a10f000
16691730ns          274201 1c008a72 00a7e723 p.sw             x10, x0(x15)        x10:00000053 x15:00000000  PA:1a10f000
16692048ns          274217 1c008a76 00000513 addi             x10, x0, 0          x10=00000000
16692068ns          274218 1c008a78 00008067 jalr             x0, x1, 0            x1:1c008b48
16692247ns          274227 1c008b48 31f52563 p.beqimm         x10, 778            x10:00000000
16692267ns          274228 1c008b4c 001d8d93 addi             x27, x27, 1         x27=00000001 x27:00000000
16692704ns          274250 1c008b4e 00044503 lbu              x10, 0(x8)          x10=00000074  x8:1c00001d  PA:1c00001d
16693003ns          274265 1c008b52 00140413 addi             x8, x8, 1            x8=1c00001e  x8:1c00001d
16693023ns          274266 1c008b54 fe0514e3 bne              x10, x0, -24        x10:00000074
16693281ns          274279 1c008b3c 02500793 addi             x15, x0, 37         x15=00000025
16693301ns          274280 1c008b40 04f50863 beq              x10, x15, 80        x10:00000074 x15:00000025
16693321ns          274281 1c008b44 01a005b3 add              x11, x0, x26        x11=00000002 x26:00000002
16693341ns          274282 1c008b46 000b00e7 jalr             x1, x22, 0           x1=1c008b48 x22:1c008a52
16693381ns          274284 1c008a52 000026b7 lui              x13, 0x2000         x13=00002000
16693400ns          274285 1c008a54 f14027f3 csrrs            x15, x0, 0xf14      x15=00000000
16693420ns          274286 1c008a58 f8068693 addi             x13, x13, -128      x13=00001f80 x13:00002000
16693440ns          274287 1c008a5c 00379713 slli             x14, x15, 0x3       x14=00000000 x15:00000000
16693460ns          274288 1c008a60 00279793 slli             x15, x15, 0x2       x15=00000000 x15:00000000
16693480ns          274289 1c008a62 00d7f7b3 and              x15, x15, x13       x15=00000000 x15:00000000 x13:00001f80
16693500ns          274290 1c008a64 ee873733 p.bclr           x14, x14, 23, 8     x14=00000000 x14:00000000
16693520ns          274291 1c008a68 1a10f6b7 lui              x13, 0x1a10f000     x13=1a10f000
16693540ns          274292 1c008a6c 0ff57513 andi             x10, x10, 255       x10=00000074 x10:00000074
16693560ns          274293 1c008a70 00d70733 add              x14, x14, x13       x14=1a10f000 x14:00000000 x13:1a10f000
16693579ns          274294 1c008a72 00a7e723 p.sw             x10, x0(x15)        x10:00000074 x15:00000000  PA:1a10f000
16693898ns          274310 1c008a76 00000513 addi             x10, x0, 0          x10=00000000
16693918ns          274311 1c008a78 00008067 jalr             x0, x1, 0            x1:1c008b48
16693957ns          274313 1c008b48 31f52563 p.beqimm         x10, 778            x10:00000000
16693977ns          274314 1c008b4c 001d8d93 addi             x27, x27, 1         x27=00000002 x27:00000001
16693997ns          274315 1c008b4e 00044503 lbu              x10, 0(x8)          x10=00000061  x8:1c00001e  PA:1c00001e
16694296ns          274330 1c008b52 00140413 addi             x8, x8, 1            x8=1c00001f  x8:1c00001e
16694315ns          274331 1c008b54 fe0514e3 bne              x10, x0, -24        x10:00000061
16694375ns          274334 1c008b3c 02500793 addi             x15, x0, 37         x15=00000025
16694395ns          274335 1c008b40 04f50863 beq              x10, x15, 80        x10:00000061 x15:00000025
16694415ns          274336 1c008b44 01a005b3 add              x11, x0, x26        x11=00000002 x26:00000002
16694435ns          274337 1c008b46 000b00e7 jalr             x1, x22, 0           x1=1c008b48 x22:1c008a52
16694475ns          274339 1c008a52 000026b7 lui              x13, 0x2000         x13=00002000
16694494ns          274340 1c008a54 f14027f3 csrrs            x15, x0, 0xf14      x15=00000000
16694514ns          274341 1c008a58 f8068693 addi             x13, x13, -128      x13=00001f80 x13:00002000
16694534ns          274342 1c008a5c 00379713 slli             x14, x15, 0x3       x14=00000000 x15:00000000
16694554ns          274343 1c008a60 00279793 slli             x15, x15, 0x2       x15=00000000 x15:00000000
16694574ns          274344 1c008a62 00d7f7b3 and              x15, x15, x13       x15=00000000 x15:00000000 x13:00001f80
16694594ns          274345 1c008a64 ee873733 p.bclr           x14, x14, 23, 8     x14=00000000 x14:00000000
16694614ns          274346 1c008a68 1a10f6b7 lui              x13, 0x1a10f000     x13=1a10f000
16694634ns          274347 1c008a6c 0ff57513 andi             x10, x10, 255       x10=00000061 x10:00000061
16694654ns          274348 1c008a70 00d70733 add              x14, x14, x13       x14=1a10f000 x14:00000000 x13:1a10f000
16694673ns          274349 1c008a72 00a7e723 p.sw             x10, x0(x15)        x10:00000061 x15:00000000  PA:1a10f000
16694992ns          274365 1c008a76 00000513 addi             x10, x0, 0          x10=00000000
16695012ns          274366 1c008a78 00008067 jalr             x0, x1, 0            x1:1c008b48
16695051ns          274368 1c008b48 31f52563 p.beqimm         x10, 778            x10:00000000
16695071ns          274369 1c008b4c 001d8d93 addi             x27, x27, 1         x27=00000003 x27:00000002
16695091ns          274370 1c008b4e 00044503 lbu              x10, 0(x8)          x10=00000072  x8:1c00001f  PA:1c00001f
16695409ns          274386 1c008b52 00140413 addi             x8, x8, 1            x8=1c000020  x8:1c00001f
16695429ns          274387 1c008b54 fe0514e3 bne              x10, x0, -24        x10:00000072
16695489ns          274390 1c008b3c 02500793 addi             x15, x0, 37         x15=00000025
16695509ns          274391 1c008b40 04f50863 beq              x10, x15, 80        x10:00000072 x15:00000025
16695529ns          274392 1c008b44 01a005b3 add              x11, x0, x26        x11=00000002 x26:00000002
16695549ns          274393 1c008b46 000b00e7 jalr             x1, x22, 0           x1=1c008b48 x22:1c008a52
16695588ns          274395 1c008a52 000026b7 lui              x13, 0x2000         x13=00002000
16695608ns          274396 1c008a54 f14027f3 csrrs            x15, x0, 0xf14      x15=00000000
16695628ns          274397 1c008a58 f8068693 addi             x13, x13, -128      x13=00001f80 x13:00002000
16695648ns          274398 1c008a5c 00379713 slli             x14, x15, 0x3       x14=00000000 x15:00000000
16695668ns          274399 1c008a60 00279793 slli             x15, x15, 0x2       x15=00000000 x15:00000000
16695688ns          274400 1c008a62 00d7f7b3 and              x15, x15, x13       x15=00000000 x15:00000000 x13:00001f80
16695708ns          274401 1c008a64 ee873733 p.bclr           x14, x14, 23, 8     x14=00000000 x14:00000000
16695728ns          274402 1c008a68 1a10f6b7 lui              x13, 0x1a10f000     x13=1a10f000
16695748ns          274403 1c008a6c 0ff57513 andi             x10, x10, 255       x10=00000072 x10:00000072
16695767ns          274404 1c008a70 00d70733 add              x14, x14, x13       x14=1a10f000 x14:00000000 x13:1a10f000
16695787ns          274405 1c008a72 00a7e723 p.sw             x10, x0(x15)        x10:00000072 x15:00000000  PA:1a10f000
16696106ns          274421 1c008a76 00000513 addi             x10, x0, 0          x10=00000000
16696125ns          274422 1c008a78 00008067 jalr             x0, x1, 0            x1:1c008b48
16696165ns          274424 1c008b48 31f52563 p.beqimm         x10, 778            x10:00000000
16696185ns          274425 1c008b4c 001d8d93 addi             x27, x27, 1         x27=00000004 x27:00000003
16696205ns          274426 1c008b4e 00044503 lbu              x10, 0(x8)          x10=00000074  x8:1c000020  PA:1c000020
16696523ns          274442 1c008b52 00140413 addi             x8, x8, 1            x8=1c000021  x8:1c000020
16696543ns          274443 1c008b54 fe0514e3 bne              x10, x0, -24        x10:00000074
16696603ns          274446 1c008b3c 02500793 addi             x15, x0, 37         x15=00000025
16696623ns          274447 1c008b40 04f50863 beq              x10, x15, 80        x10:00000074 x15:00000025
16696643ns          274448 1c008b44 01a005b3 add              x11, x0, x26        x11=00000002 x26:00000002
16696663ns          274449 1c008b46 000b00e7 jalr             x1, x22, 0           x1=1c008b48 x22:1c008a52
16696702ns          274451 1c008a52 000026b7 lui              x13, 0x2000         x13=00002000
16696722ns          274452 1c008a54 f14027f3 csrrs            x15, x0, 0xf14      x15=00000000
16696742ns          274453 1c008a58 f8068693 addi             x13, x13, -128      x13=00001f80 x13:00002000
16696762ns          274454 1c008a5c 00379713 slli             x14, x15, 0x3       x14=00000000 x15:00000000
16696782ns          274455 1c008a60 00279793 slli             x15, x15, 0x2       x15=00000000 x15:00000000
16696802ns          274456 1c008a62 00d7f7b3 and              x15, x15, x13       x15=00000000 x15:00000000 x13:00001f80
16696822ns          274457 1c008a64 ee873733 p.bclr           x14, x14, 23, 8     x14=00000000 x14:00000000
16696842ns          274458 1c008a68 1a10f6b7 lui              x13, 0x1a10f000     x13=1a10f000
16696861ns          274459 1c008a6c 0ff57513 andi             x10, x10, 255       x10=00000074 x10:00000074
16696881ns          274460 1c008a70 00d70733 add              x14, x14, x13       x14=1a10f000 x14:00000000 x13:1a10f000
16696901ns          274461 1c008a72 00a7e723 p.sw             x10, x0(x15)        x10:00000074 x15:00000000  PA:1a10f000
16697239ns          274478 1c008a76 00000513 addi             x10, x0, 0          x10=00000000
16697259ns          274479 1c008a78 00008067 jalr             x0, x1, 0            x1:1c008b48
16697299ns          274481 1c008b48 31f52563 p.beqimm         x10, 778            x10:00000000
16697319ns          274482 1c008b4c 001d8d93 addi             x27, x27, 1         x27=00000005 x27:00000004
16697339ns          274483 1c008b4e 00044503 lbu              x10, 0(x8)          x10=00000020  x8:1c000021  PA:1c000021
16697637ns          274498 1c008b52 00140413 addi             x8, x8, 1            x8=1c000022  x8:1c000021
16697657ns          274499 1c008b54 fe0514e3 bne              x10, x0, -24        x10:00000020
16697717ns          274502 1c008b3c 02500793 addi             x15, x0, 37         x15=00000025
16697737ns          274503 1c008b40 04f50863 beq              x10, x15, 80        x10:00000020 x15:00000025
16697757ns          274504 1c008b44 01a005b3 add              x11, x0, x26        x11=00000002 x26:00000002
16697776ns          274505 1c008b46 000b00e7 jalr             x1, x22, 0           x1=1c008b48 x22:1c008a52
16697816ns          274507 1c008a52 000026b7 lui              x13, 0x2000         x13=00002000
16697836ns          274508 1c008a54 f14027f3 csrrs            x15, x0, 0xf14      x15=00000000
16697856ns          274509 1c008a58 f8068693 addi             x13, x13, -128      x13=00001f80 x13:00002000
16697876ns          274510 1c008a5c 00379713 slli             x14, x15, 0x3       x14=00000000 x15:00000000
16697896ns          274511 1c008a60 00279793 slli             x15, x15, 0x2       x15=00000000 x15:00000000
16697916ns          274512 1c008a62 00d7f7b3 and              x15, x15, x13       x15=00000000 x15:00000000 x13:00001f80
16697936ns          274513 1c008a64 ee873733 p.bclr           x14, x14, 23, 8     x14=00000000 x14:00000000
16697955ns          274514 1c008a68 1a10f6b7 lui              x13, 0x1a10f000     x13=1a10f000
16697975ns          274515 1c008a6c 0ff57513 andi             x10, x10, 255       x10=00000020 x10:00000020
16697995ns          274516 1c008a70 00d70733 add              x14, x14, x13       x14=1a10f000 x14:00000000 x13:1a10f000
16698015ns          274517 1c008a72 00a7e723 p.sw             x10, x0(x15)        x10:00000020 x15:00000000  PA:1a10f000
16698333ns          274533 1c008a76 00000513 addi             x10, x0, 0          x10=00000000
16698353ns          274534 1c008a78 00008067 jalr             x0, x1, 0            x1:1c008b48
16698393ns          274536 1c008b48 31f52563 p.beqimm         x10, 778            x10:00000000
16698413ns          274537 1c008b4c 001d8d93 addi             x27, x27, 1         x27=00000006 x27:00000005
16698433ns          274538 1c008b4e 00044503 lbu              x10, 0(x8)          x10=00000050  x8:1c000022  PA:1c000022
16698751ns          274554 1c008b52 00140413 addi             x8, x8, 1            x8=1c000023  x8:1c000022
16698771ns          274555 1c008b54 fe0514e3 bne              x10, x0, -24        x10:00000050
16698831ns          274558 1c008b3c 02500793 addi             x15, x0, 37         x15=00000025
16698851ns          274559 1c008b40 04f50863 beq              x10, x15, 80        x10:00000050 x15:00000025
16698870ns          274560 1c008b44 01a005b3 add              x11, x0, x26        x11=00000002 x26:00000002
16698890ns          274561 1c008b46 000b00e7 jalr             x1, x22, 0           x1=1c008b48 x22:1c008a52
16698930ns          274563 1c008a52 000026b7 lui              x13, 0x2000         x13=00002000
16698950ns          274564 1c008a54 f14027f3 csrrs            x15, x0, 0xf14      x15=00000000
16698970ns          274565 1c008a58 f8068693 addi             x13, x13, -128      x13=00001f80 x13:00002000
16698990ns          274566 1c008a5c 00379713 slli             x14, x15, 0x3       x14=00000000 x15:00000000
16699010ns          274567 1c008a60 00279793 slli             x15, x15, 0x2       x15=00000000 x15:00000000
16699030ns          274568 1c008a62 00d7f7b3 and              x15, x15, x13       x15=00000000 x15:00000000 x13:00001f80
16699049ns          274569 1c008a64 ee873733 p.bclr           x14, x14, 23, 8     x14=00000000 x14:00000000
16699069ns          274570 1c008a68 1a10f6b7 lui              x13, 0x1a10f000     x13=1a10f000
16699089ns          274571 1c008a6c 0ff57513 andi             x10, x10, 255       x10=00000050 x10:00000050
16699109ns          274572 1c008a70 00d70733 add              x14, x14, x13       x14=1a10f000 x14:00000000 x13:1a10f000
16699129ns          274573 1c008a72 00a7e723 p.sw             x10, x0(x15)        x10:00000050 x15:00000000  PA:1a10f000
16699447ns          274589 1c008a76 00000513 addi             x10, x0, 0          x10=00000000
16699467ns          274590 1c008a78 00008067 jalr             x0, x1, 0            x1:1c008b48
16699507ns          274592 1c008b48 31f52563 p.beqimm         x10, 778            x10:00000000
16699527ns          274593 1c008b4c 001d8d93 addi             x27, x27, 1         x27=00000007 x27:00000006
16699547ns          274594 1c008b4e 00044503 lbu              x10, 0(x8)          x10=00000061  x8:1c000023  PA:1c000023
16699865ns          274610 1c008b52 00140413 addi             x8, x8, 1            x8=1c000024  x8:1c000023
16699885ns          274611 1c008b54 fe0514e3 bne              x10, x0, -24        x10:00000061
16699945ns          274614 1c008b3c 02500793 addi             x15, x0, 37         x15=00000025
16699964ns          274615 1c008b40 04f50863 beq              x10, x15, 80        x10:00000061 x15:00000025
16699984ns          274616 1c008b44 01a005b3 add              x11, x0, x26        x11=00000002 x26:00000002
16700004ns          274617 1c008b46 000b00e7 jalr             x1, x22, 0           x1=1c008b48 x22:1c008a52
16700044ns          274619 1c008a52 000026b7 lui              x13, 0x2000         x13=00002000
16700064ns          274620 1c008a54 f14027f3 csrrs            x15, x0, 0xf14      x15=00000000
16700084ns          274621 1c008a58 f8068693 addi             x13, x13, -128      x13=00001f80 x13:00002000
16700104ns          274622 1c008a5c 00379713 slli             x14, x15, 0x3       x14=00000000 x15:00000000
16700124ns          274623 1c008a60 00279793 slli             x15, x15, 0x2       x15=00000000 x15:00000000
16700143ns          274624 1c008a62 00d7f7b3 and              x15, x15, x13       x15=00000000 x15:00000000 x13:00001f80
16700163ns          274625 1c008a64 ee873733 p.bclr           x14, x14, 23, 8     x14=00000000 x14:00000000
16700183ns          274626 1c008a68 1a10f6b7 lui              x13, 0x1a10f000     x13=1a10f000
16700203ns          274627 1c008a6c 0ff57513 andi             x10, x10, 255       x10=00000061 x10:00000061
16700223ns          274628 1c008a70 00d70733 add              x14, x14, x13       x14=1a10f000 x14:00000000 x13:1a10f000
16700243ns          274629 1c008a72 00a7e723 p.sw             x10, x0(x15)        x10:00000061 x15:00000000  PA:1a10f000
16700561ns          274645 1c008a76 00000513 addi             x10, x0, 0          x10=00000000
16700581ns          274646 1c008a78 00008067 jalr             x0, x1, 0            x1:1c008b48
16700621ns          274648 1c008b48 31f52563 p.beqimm         x10, 778            x10:00000000
16700641ns          274649 1c008b4c 001d8d93 addi             x27, x27, 1         x27=00000008 x27:00000007
16700661ns          274650 1c008b4e 00044503 lbu              x10, 0(x8)          x10=00000072  x8:1c000024  PA:1c000024
16700959ns          274665 1c008b52 00140413 addi             x8, x8, 1            x8=1c000025  x8:1c000024
16700979ns          274666 1c008b54 fe0514e3 bne              x10, x0, -24        x10:00000072
16701039ns          274669 1c008b3c 02500793 addi             x15, x0, 37         x15=00000025
16701058ns          274670 1c008b40 04f50863 beq              x10, x15, 80        x10:00000072 x15:00000025
16701078ns          274671 1c008b44 01a005b3 add              x11, x0, x26        x11=00000002 x26:00000002
16701098ns          274672 1c008b46 000b00e7 jalr             x1, x22, 0           x1=1c008b48 x22:1c008a52
16701138ns          274674 1c008a52 000026b7 lui              x13, 0x2000         x13=00002000
16701158ns          274675 1c008a54 f14027f3 csrrs            x15, x0, 0xf14      x15=00000000
16701178ns          274676 1c008a58 f8068693 addi             x13, x13, -128      x13=00001f80 x13:00002000
16701198ns          274677 1c008a5c 00379713 slli             x14, x15, 0x3       x14=00000000 x15:00000000
16701218ns          274678 1c008a60 00279793 slli             x15, x15, 0x2       x15=00000000 x15:00000000
16701237ns          274679 1c008a62 00d7f7b3 and              x15, x15, x13       x15=00000000 x15:00000000 x13:00001f80
16701257ns          274680 1c008a64 ee873733 p.bclr           x14, x14, 23, 8     x14=00000000 x14:00000000
16701277ns          274681 1c008a68 1a10f6b7 lui              x13, 0x1a10f000     x13=1a10f000
16701297ns          274682 1c008a6c 0ff57513 andi             x10, x10, 255       x10=00000072 x10:00000072
16701317ns          274683 1c008a70 00d70733 add              x14, x14, x13       x14=1a10f000 x14:00000000 x13:1a10f000
16701337ns          274684 1c008a72 00a7e723 p.sw             x10, x0(x15)        x10:00000072 x15:00000000  PA:1a10f000
16701655ns          274700 1c008a76 00000513 addi             x10, x0, 0          x10=00000000
16701675ns          274701 1c008a78 00008067 jalr             x0, x1, 0            x1:1c008b48
16701715ns          274703 1c008b48 31f52563 p.beqimm         x10, 778            x10:00000000
16701735ns          274704 1c008b4c 001d8d93 addi             x27, x27, 1         x27=00000009 x27:00000008
16701755ns          274705 1c008b4e 00044503 lbu              x10, 0(x8)          x10=0000004d  x8:1c000025  PA:1c000025
16702073ns          274721 1c008b52 00140413 addi             x8, x8, 1            x8=1c000026  x8:1c000025
16702093ns          274722 1c008b54 fe0514e3 bne              x10, x0, -24        x10:0000004d
16702152ns          274725 1c008b3c 02500793 addi             x15, x0, 37         x15=00000025
16702172ns          274726 1c008b40 04f50863 beq              x10, x15, 80        x10:0000004d x15:00000025
16702192ns          274727 1c008b44 01a005b3 add              x11, x0, x26        x11=00000002 x26:00000002
16702212ns          274728 1c008b46 000b00e7 jalr             x1, x22, 0           x1=1c008b48 x22:1c008a52
16702252ns          274730 1c008a52 000026b7 lui              x13, 0x2000         x13=00002000
16702272ns          274731 1c008a54 f14027f3 csrrs            x15, x0, 0xf14      x15=00000000
16702292ns          274732 1c008a58 f8068693 addi             x13, x13, -128      x13=00001f80 x13:00002000
16702312ns          274733 1c008a5c 00379713 slli             x14, x15, 0x3       x14=00000000 x15:00000000
16702331ns          274734 1c008a60 00279793 slli             x15, x15, 0x2       x15=00000000 x15:00000000
16702351ns          274735 1c008a62 00d7f7b3 and              x15, x15, x13       x15=00000000 x15:00000000 x13:00001f80
16702371ns          274736 1c008a64 ee873733 p.bclr           x14, x14, 23, 8     x14=00000000 x14:00000000
16702391ns          274737 1c008a68 1a10f6b7 lui              x13, 0x1a10f000     x13=1a10f000
16702411ns          274738 1c008a6c 0ff57513 andi             x10, x10, 255       x10=0000004d x10:0000004d
16702431ns          274739 1c008a70 00d70733 add              x14, x14, x13       x14=1a10f000 x14:00000000 x13:1a10f000
16702451ns          274740 1c008a72 00a7e723 p.sw             x10, x0(x15)        x10:0000004d x15:00000000  PA:1a10f000
16702769ns          274756 1c008a76 00000513 addi             x10, x0, 0          x10=00000000
16702789ns          274757 1c008a78 00008067 jalr             x0, x1, 0            x1:1c008b48
16702829ns          274759 1c008b48 31f52563 p.beqimm         x10, 778            x10:00000000
16702849ns          274760 1c008b4c 001d8d93 addi             x27, x27, 1         x27=0000000a x27:00000009
16702868ns          274761 1c008b4e 00044503 lbu              x10, 0(x8)          x10=00000061  x8:1c000026  PA:1c000026
16703187ns          274777 1c008b52 00140413 addi             x8, x8, 1            x8=1c000027  x8:1c000026
16703207ns          274778 1c008b54 fe0514e3 bne              x10, x0, -24        x10:00000061
16703266ns          274781 1c008b3c 02500793 addi             x15, x0, 37         x15=00000025
16703286ns          274782 1c008b40 04f50863 beq              x10, x15, 80        x10:00000061 x15:00000025
16703306ns          274783 1c008b44 01a005b3 add              x11, x0, x26        x11=00000002 x26:00000002
16703326ns          274784 1c008b46 000b00e7 jalr             x1, x22, 0           x1=1c008b48 x22:1c008a52
16703366ns          274786 1c008a52 000026b7 lui              x13, 0x2000         x13=00002000
16703386ns          274787 1c008a54 f14027f3 csrrs            x15, x0, 0xf14      x15=00000000
16703406ns          274788 1c008a58 f8068693 addi             x13, x13, -128      x13=00001f80 x13:00002000
16703425ns          274789 1c008a5c 00379713 slli             x14, x15, 0x3       x14=00000000 x15:00000000
16703445ns          274790 1c008a60 00279793 slli             x15, x15, 0x2       x15=00000000 x15:00000000
16703465ns          274791 1c008a62 00d7f7b3 and              x15, x15, x13       x15=00000000 x15:00000000 x13:00001f80
16703485ns          274792 1c008a64 ee873733 p.bclr           x14, x14, 23, 8     x14=00000000 x14:00000000
16703505ns          274793 1c008a68 1a10f6b7 lui              x13, 0x1a10f000     x13=1a10f000
16703525ns          274794 1c008a6c 0ff57513 andi             x10, x10, 255       x10=00000061 x10:00000061
16703545ns          274795 1c008a70 00d70733 add              x14, x14, x13       x14=1a10f000 x14:00000000 x13:1a10f000
16703565ns          274796 1c008a72 00a7e723 p.sw             x10, x0(x15)        x10:00000061 x15:00000000  PA:1a10f000
16703903ns          274813 1c008a76 00000513 addi             x10, x0, 0          x10=00000000
16703923ns          274814 1c008a78 00008067 jalr             x0, x1, 0            x1:1c008b48
16703962ns          274816 1c008b48 31f52563 p.beqimm         x10, 778            x10:00000000
16703982ns          274817 1c008b4c 001d8d93 addi             x27, x27, 1         x27=0000000b x27:0000000a
16704002ns          274818 1c008b4e 00044503 lbu              x10, 0(x8)          x10=00000074  x8:1c000027  PA:1c000027
16704301ns          274833 1c008b52 00140413 addi             x8, x8, 1            x8=1c000028  x8:1c000027
16704320ns          274834 1c008b54 fe0514e3 bne              x10, x0, -24        x10:00000074
16704380ns          274837 1c008b3c 02500793 addi             x15, x0, 37         x15=00000025
16704400ns          274838 1c008b40 04f50863 beq              x10, x15, 80        x10:00000074 x15:00000025
16704420ns          274839 1c008b44 01a005b3 add              x11, x0, x26        x11=00000002 x26:00000002
16704440ns          274840 1c008b46 000b00e7 jalr             x1, x22, 0           x1=1c008b48 x22:1c008a52
16704480ns          274842 1c008a52 000026b7 lui              x13, 0x2000         x13=00002000
16704499ns          274843 1c008a54 f14027f3 csrrs            x15, x0, 0xf14      x15=00000000
16704519ns          274844 1c008a58 f8068693 addi             x13, x13, -128      x13=00001f80 x13:00002000
16704539ns          274845 1c008a5c 00379713 slli             x14, x15, 0x3       x14=00000000 x15:00000000
16704559ns          274846 1c008a60 00279793 slli             x15, x15, 0x2       x15=00000000 x15:00000000
16704579ns          274847 1c008a62 00d7f7b3 and              x15, x15, x13       x15=00000000 x15:00000000 x13:00001f80
16704599ns          274848 1c008a64 ee873733 p.bclr           x14, x14, 23, 8     x14=00000000 x14:00000000
16704619ns          274849 1c008a68 1a10f6b7 lui              x13, 0x1a10f000     x13=1a10f000
16704639ns          274850 1c008a6c 0ff57513 andi             x10, x10, 255       x10=00000074 x10:00000074
16704659ns          274851 1c008a70 00d70733 add              x14, x14, x13       x14=1a10f000 x14:00000000 x13:1a10f000
16704679ns          274852 1c008a72 00a7e723 p.sw             x10, x0(x15)        x10:00000074 x15:00000000  PA:1a10f000
16704997ns          274868 1c008a76 00000513 addi             x10, x0, 0          x10=00000000
16705017ns          274869 1c008a78 00008067 jalr             x0, x1, 0            x1:1c008b48
16705056ns          274871 1c008b48 31f52563 p.beqimm         x10, 778            x10:00000000
16705076ns          274872 1c008b4c 001d8d93 addi             x27, x27, 1         x27=0000000c x27:0000000b
16705096ns          274873 1c008b4e 00044503 lbu              x10, 0(x8)          x10=00000072  x8:1c000028  PA:1c000028
16705414ns          274889 1c008b52 00140413 addi             x8, x8, 1            x8=1c000029  x8:1c000028
16705434ns          274890 1c008b54 fe0514e3 bne              x10, x0, -24        x10:00000072
16705494ns          274893 1c008b3c 02500793 addi             x15, x0, 37         x15=00000025
16705514ns          274894 1c008b40 04f50863 beq              x10, x15, 80        x10:00000072 x15:00000025
16705534ns          274895 1c008b44 01a005b3 add              x11, x0, x26        x11=00000002 x26:00000002
16705554ns          274896 1c008b46 000b00e7 jalr             x1, x22, 0           x1=1c008b48 x22:1c008a52
16705593ns          274898 1c008a52 000026b7 lui              x13, 0x2000         x13=00002000
16705613ns          274899 1c008a54 f14027f3 csrrs            x15, x0, 0xf14      x15=00000000
16705633ns          274900 1c008a58 f8068693 addi             x13, x13, -128      x13=00001f80 x13:00002000
16705653ns          274901 1c008a5c 00379713 slli             x14, x15, 0x3       x14=00000000 x15:00000000
16705673ns          274902 1c008a60 00279793 slli             x15, x15, 0x2       x15=00000000 x15:00000000
16705693ns          274903 1c008a62 00d7f7b3 and              x15, x15, x13       x15=00000000 x15:00000000 x13:00001f80
16705713ns          274904 1c008a64 ee873733 p.bclr           x14, x14, 23, 8     x14=00000000 x14:00000000
16705733ns          274905 1c008a68 1a10f6b7 lui              x13, 0x1a10f000     x13=1a10f000
16705753ns          274906 1c008a6c 0ff57513 andi             x10, x10, 255       x10=00000072 x10:00000072
16705773ns          274907 1c008a70 00d70733 add              x14, x14, x13       x14=1a10f000 x14:00000000 x13:1a10f000
16705792ns          274908 1c008a72 00a7e723 p.sw             x10, x0(x15)        x10:00000072 x15:00000000  PA:1a10f000
16706111ns          274924 1c008a76 00000513 addi             x10, x0, 0          x10=00000000
16706131ns          274925 1c008a78 00008067 jalr             x0, x1, 0            x1:1c008b48
16706170ns          274927 1c008b48 31f52563 p.beqimm         x10, 778            x10:00000000
16706190ns          274928 1c008b4c 001d8d93 addi             x27, x27, 1         x27=0000000d x27:0000000c
16706210ns          274929 1c008b4e 00044503 lbu              x10, 0(x8)          x10=00000069  x8:1c000029  PA:1c000029
16706528ns          274945 1c008b52 00140413 addi             x8, x8, 1            x8=1c00002a  x8:1c000029
16706548ns          274946 1c008b54 fe0514e3 bne              x10, x0, -24        x10:00000069
16706608ns          274949 1c008b3c 02500793 addi             x15, x0, 37         x15=00000025
16706628ns          274950 1c008b40 04f50863 beq              x10, x15, 80        x10:00000069 x15:00000025
16706648ns          274951 1c008b44 01a005b3 add              x11, x0, x26        x11=00000002 x26:00000002
16706668ns          274952 1c008b46 000b00e7 jalr             x1, x22, 0           x1=1c008b48 x22:1c008a52
16706707ns          274954 1c008a52 000026b7 lui              x13, 0x2000         x13=00002000
16706727ns          274955 1c008a54 f14027f3 csrrs            x15, x0, 0xf14      x15=00000000
16706747ns          274956 1c008a58 f8068693 addi             x13, x13, -128      x13=00001f80 x13:00002000
16706767ns          274957 1c008a5c 00379713 slli             x14, x15, 0x3       x14=00000000 x15:00000000
16706787ns          274958 1c008a60 00279793 slli             x15, x15, 0x2       x15=00000000 x15:00000000
16706807ns          274959 1c008a62 00d7f7b3 and              x15, x15, x13       x15=00000000 x15:00000000 x13:00001f80
16706827ns          274960 1c008a64 ee873733 p.bclr           x14, x14, 23, 8     x14=00000000 x14:00000000
16706847ns          274961 1c008a68 1a10f6b7 lui              x13, 0x1a10f000     x13=1a10f000
16706866ns          274962 1c008a6c 0ff57513 andi             x10, x10, 255       x10=00000069 x10:00000069
16706886ns          274963 1c008a70 00d70733 add              x14, x14, x13       x14=1a10f000 x14:00000000 x13:1a10f000
16706906ns          274964 1c008a72 00a7e723 p.sw             x10, x0(x15)        x10:00000069 x15:00000000  PA:1a10f000
16707225ns          274980 1c008a76 00000513 addi             x10, x0, 0          x10=00000000
16707244ns          274981 1c008a78 00008067 jalr             x0, x1, 0            x1:1c008b48
16707284ns          274983 1c008b48 31f52563 p.beqimm         x10, 778            x10:00000000
16707304ns          274984 1c008b4c 001d8d93 addi             x27, x27, 1         x27=0000000e x27:0000000d
16707324ns          274985 1c008b4e 00044503 lbu              x10, 0(x8)          x10=00000078  x8:1c00002a  PA:1c00002a
16707622ns          275000 1c008b52 00140413 addi             x8, x8, 1            x8=1c00002b  x8:1c00002a
16707642ns          275001 1c008b54 fe0514e3 bne              x10, x0, -24        x10:00000078
16707702ns          275004 1c008b3c 02500793 addi             x15, x0, 37         x15=00000025
16707722ns          275005 1c008b40 04f50863 beq              x10, x15, 80        x10:00000078 x15:00000025
16707742ns          275006 1c008b44 01a005b3 add              x11, x0, x26        x11=00000002 x26:00000002
16707762ns          275007 1c008b46 000b00e7 jalr             x1, x22, 0           x1=1c008b48 x22:1c008a52
16707801ns          275009 1c008a52 000026b7 lui              x13, 0x2000         x13=00002000
16707821ns          275010 1c008a54 f14027f3 csrrs            x15, x0, 0xf14      x15=00000000
16707841ns          275011 1c008a58 f8068693 addi             x13, x13, -128      x13=00001f80 x13:00002000
16707861ns          275012 1c008a5c 00379713 slli             x14, x15, 0x3       x14=00000000 x15:00000000
16707881ns          275013 1c008a60 00279793 slli             x15, x15, 0x2       x15=00000000 x15:00000000
16707901ns          275014 1c008a62 00d7f7b3 and              x15, x15, x13       x15=00000000 x15:00000000 x13:00001f80
16707921ns          275015 1c008a64 ee873733 p.bclr           x14, x14, 23, 8     x14=00000000 x14:00000000
16707941ns          275016 1c008a68 1a10f6b7 lui              x13, 0x1a10f000     x13=1a10f000
16707960ns          275017 1c008a6c 0ff57513 andi             x10, x10, 255       x10=00000078 x10:00000078
16707980ns          275018 1c008a70 00d70733 add              x14, x14, x13       x14=1a10f000 x14:00000000 x13:1a10f000
16708000ns          275019 1c008a72 00a7e723 p.sw             x10, x0(x15)        x10:00000078 x15:00000000  PA:1a10f000
16708319ns          275035 1c008a76 00000513 addi             x10, x0, 0          x10=00000000
16708338ns          275036 1c008a78 00008067 jalr             x0, x1, 0            x1:1c008b48
16708378ns          275038 1c008b48 31f52563 p.beqimm         x10, 778            x10:00000000
16708398ns          275039 1c008b4c 001d8d93 addi             x27, x27, 1         x27=0000000f x27:0000000e
16708418ns          275040 1c008b4e 00044503 lbu              x10, 0(x8)          x10=0000004d  x8:1c00002b  PA:1c00002b
16708736ns          275056 1c008b52 00140413 addi             x8, x8, 1            x8=1c00002c  x8:1c00002b
16708756ns          275057 1c008b54 fe0514e3 bne              x10, x0, -24        x10:0000004d
16708816ns          275060 1c008b3c 02500793 addi             x15, x0, 37         x15=00000025
16708836ns          275061 1c008b40 04f50863 beq              x10, x15, 80        x10:0000004d x15:00000025
16708856ns          275062 1c008b44 01a005b3 add              x11, x0, x26        x11=00000002 x26:00000002
16708875ns          275063 1c008b46 000b00e7 jalr             x1, x22, 0           x1=1c008b48 x22:1c008a52
16708915ns          275065 1c008a52 000026b7 lui              x13, 0x2000         x13=00002000
16708935ns          275066 1c008a54 f14027f3 csrrs            x15, x0, 0xf14      x15=00000000
16708955ns          275067 1c008a58 f8068693 addi             x13, x13, -128      x13=00001f80 x13:00002000
16708975ns          275068 1c008a5c 00379713 slli             x14, x15, 0x3       x14=00000000 x15:00000000
16708995ns          275069 1c008a60 00279793 slli             x15, x15, 0x2       x15=00000000 x15:00000000
16709015ns          275070 1c008a62 00d7f7b3 and              x15, x15, x13       x15=00000000 x15:00000000 x13:00001f80
16709035ns          275071 1c008a64 ee873733 p.bclr           x14, x14, 23, 8     x14=00000000 x14:00000000
16709054ns          275072 1c008a68 1a10f6b7 lui              x13, 0x1a10f000     x13=1a10f000
16709074ns          275073 1c008a6c 0ff57513 andi             x10, x10, 255       x10=0000004d x10:0000004d
16709094ns          275074 1c008a70 00d70733 add              x14, x14, x13       x14=1a10f000 x14:00000000 x13:1a10f000
16709114ns          275075 1c008a72 00a7e723 p.sw             x10, x0(x15)        x10:0000004d x15:00000000  PA:1a10f000
16709432ns          275091 1c008a76 00000513 addi             x10, x0, 0          x10=00000000
16709452ns          275092 1c008a78 00008067 jalr             x0, x1, 0            x1:1c008b48
16709492ns          275094 1c008b48 31f52563 p.beqimm         x10, 778            x10:00000000
16709512ns          275095 1c008b4c 001d8d93 addi             x27, x27, 1         x27=00000010 x27:0000000f
16709532ns          275096 1c008b4e 00044503 lbu              x10, 0(x8)          x10=00000075  x8:1c00002c  PA:1c00002c
16709850ns          275112 1c008b52 00140413 addi             x8, x8, 1            x8=1c00002d  x8:1c00002c
16709870ns          275113 1c008b54 fe0514e3 bne              x10, x0, -24        x10:00000075
16709930ns          275116 1c008b3c 02500793 addi             x15, x0, 37         x15=00000025
16709950ns          275117 1c008b40 04f50863 beq              x10, x15, 80        x10:00000075 x15:00000025
16709969ns          275118 1c008b44 01a005b3 add              x11, x0, x26        x11=00000002 x26:00000002
16709989ns          275119 1c008b46 000b00e7 jalr             x1, x22, 0           x1=1c008b48 x22:1c008a52
16710029ns          275121 1c008a52 000026b7 lui              x13, 0x2000         x13=00002000
16710049ns          275122 1c008a54 f14027f3 csrrs            x15, x0, 0xf14      x15=00000000
16710069ns          275123 1c008a58 f8068693 addi             x13, x13, -128      x13=00001f80 x13:00002000
16710089ns          275124 1c008a5c 00379713 slli             x14, x15, 0x3       x14=00000000 x15:00000000
16710109ns          275125 1c008a60 00279793 slli             x15, x15, 0x2       x15=00000000 x15:00000000
16710129ns          275126 1c008a62 00d7f7b3 and              x15, x15, x13       x15=00000000 x15:00000000 x13:00001f80
16710148ns          275127 1c008a64 ee873733 p.bclr           x14, x14, 23, 8     x14=00000000 x14:00000000
16710168ns          275128 1c008a68 1a10f6b7 lui              x13, 0x1a10f000     x13=1a10f000
16710188ns          275129 1c008a6c 0ff57513 andi             x10, x10, 255       x10=00000075 x10:00000075
16710208ns          275130 1c008a70 00d70733 add              x14, x14, x13       x14=1a10f000 x14:00000000 x13:1a10f000
16710228ns          275131 1c008a72 00a7e723 p.sw             x10, x0(x15)        x10:00000075 x15:00000000  PA:1a10f000
16710566ns          275148 1c008a76 00000513 addi             x10, x0, 0          x10=00000000
16710586ns          275149 1c008a78 00008067 jalr             x0, x1, 0            x1:1c008b48
16710626ns          275151 1c008b48 31f52563 p.beqimm         x10, 778            x10:00000000
16710646ns          275152 1c008b4c 001d8d93 addi             x27, x27, 1         x27=00000011 x27:00000010
16710666ns          275153 1c008b4e 00044503 lbu              x10, 0(x8)          x10=0000006c  x8:1c00002d  PA:1c00002d
16710964ns          275168 1c008b52 00140413 addi             x8, x8, 1            x8=1c00002e  x8:1c00002d
16710984ns          275169 1c008b54 fe0514e3 bne              x10, x0, -24        x10:0000006c
16711044ns          275172 1c008b3c 02500793 addi             x15, x0, 37         x15=00000025
16711063ns          275173 1c008b40 04f50863 beq              x10, x15, 80        x10:0000006c x15:00000025
16711083ns          275174 1c008b44 01a005b3 add              x11, x0, x26        x11=00000002 x26:00000002
16711103ns          275175 1c008b46 000b00e7 jalr             x1, x22, 0           x1=1c008b48 x22:1c008a52
16711143ns          275177 1c008a52 000026b7 lui              x13, 0x2000         x13=00002000
16711163ns          275178 1c008a54 f14027f3 csrrs            x15, x0, 0xf14      x15=00000000
16711183ns          275179 1c008a58 f8068693 addi             x13, x13, -128      x13=00001f80 x13:00002000
16711203ns          275180 1c008a5c 00379713 slli             x14, x15, 0x3       x14=00000000 x15:00000000
16711223ns          275181 1c008a60 00279793 slli             x15, x15, 0x2       x15=00000000 x15:00000000
16711242ns          275182 1c008a62 00d7f7b3 and              x15, x15, x13       x15=00000000 x15:00000000 x13:00001f80
16711262ns          275183 1c008a64 ee873733 p.bclr           x14, x14, 23, 8     x14=00000000 x14:00000000
16711282ns          275184 1c008a68 1a10f6b7 lui              x13, 0x1a10f000     x13=1a10f000
16711302ns          275185 1c008a6c 0ff57513 andi             x10, x10, 255       x10=0000006c x10:0000006c
16711322ns          275186 1c008a70 00d70733 add              x14, x14, x13       x14=1a10f000 x14:00000000 x13:1a10f000
16711342ns          275187 1c008a72 00a7e723 p.sw             x10, x0(x15)        x10:0000006c x15:00000000  PA:1a10f000
16711660ns          275203 1c008a76 00000513 addi             x10, x0, 0          x10=00000000
16711680ns          275204 1c008a78 00008067 jalr             x0, x1, 0            x1:1c008b48
16711720ns          275206 1c008b48 31f52563 p.beqimm         x10, 778            x10:00000000
16711740ns          275207 1c008b4c 001d8d93 addi             x27, x27, 1         x27=00000012 x27:00000011
16711760ns          275208 1c008b4e 00044503 lbu              x10, 0(x8)          x10=0000000a  x8:1c00002e  PA:1c00002e
16712078ns          275224 1c008b52 00140413 addi             x8, x8, 1            x8=1c00002f  x8:1c00002e
16712098ns          275225 1c008b54 fe0514e3 bne              x10, x0, -24        x10:0000000a
16712157ns          275228 1c008b3c 02500793 addi             x15, x0, 37         x15=00000025
16712177ns          275229 1c008b40 04f50863 beq              x10, x15, 80        x10:0000000a x15:00000025
16712197ns          275230 1c008b44 01a005b3 add              x11, x0, x26        x11=00000002 x26:00000002
16712217ns          275231 1c008b46 000b00e7 jalr             x1, x22, 0           x1=1c008b48 x22:1c008a52
16712257ns          275233 1c008a52 000026b7 lui              x13, 0x2000         x13=00002000
16712277ns          275234 1c008a54 f14027f3 csrrs            x15, x0, 0xf14      x15=00000000
16712297ns          275235 1c008a58 f8068693 addi             x13, x13, -128      x13=00001f80 x13:00002000
16712317ns          275236 1c008a5c 00379713 slli             x14, x15, 0x3       x14=00000000 x15:00000000
16712336ns          275237 1c008a60 00279793 slli             x15, x15, 0x2       x15=00000000 x15:00000000
16712356ns          275238 1c008a62 00d7f7b3 and              x15, x15, x13       x15=00000000 x15:00000000 x13:00001f80
16712376ns          275239 1c008a64 ee873733 p.bclr           x14, x14, 23, 8     x14=00000000 x14:00000000
16712396ns          275240 1c008a68 1a10f6b7 lui              x13, 0x1a10f000     x13=1a10f000
16712416ns          275241 1c008a6c 0ff57513 andi             x10, x10, 255       x10=0000000a x10:0000000a
16712436ns          275242 1c008a70 00d70733 add              x14, x14, x13       x14=1a10f000 x14:00000000 x13:1a10f000
16712456ns          275243 1c008a72 00a7e723 p.sw             x10, x0(x15)        x10:0000000a x15:00000000  PA:1a10f000
16712774ns          275259 1c008a76 00000513 addi             x10, x0, 0          x10=00000000
16712794ns          275260 1c008a78 00008067 jalr             x0, x1, 0            x1:1c008b48
16712834ns          275262 1c008b48 31f52563 p.beqimm         x10, 778            x10:00000000
16712854ns          275263 1c008b4c 001d8d93 addi             x27, x27, 1         x27=00000013 x27:00000012
16712874ns          275264 1c008b4e 00044503 lbu              x10, 0(x8)          x10=00000000  x8:1c00002f  PA:1c00002f
16713192ns          275280 1c008b52 00140413 addi             x8, x8, 1            x8=1c000030  x8:1c00002f
16713212ns          275281 1c008b54 fe0514e3 bne              x10, x0, -24        x10:00000000
16713232ns          275282 1c008b56 01b00433 add              x8, x0, x27          x8=00000013 x27:00000013
16713251ns          275283 1c008b58 00800533 add              x10, x0, x8         x10=00000013  x8:00000013
16713271ns          275284 1c008b5a 12c12083 lw               x1, 300(x2)          x1=1c008ae6  x2:100011e8  PA:10001314
16713291ns          275285 1c008b5e 12812403 lw               x8, 296(x2)          x8=1c009c1a  x2:100011e8  PA:10001310
16713311ns          275286 1c008b62 12412483 lw               x9, 292(x2)          x9=00000000  x2:100011e8  PA:1000130c
16713331ns          275287 1c008b66 12012903 lw               x18, 288(x2)        x18=1c009c32  x2:100011e8  PA:10001308
16713351ns          275288 1c008b6a 11c12983 lw               x19, 284(x2)        x19=100013a0  x2:100011e8  PA:10001304
16713788ns          275310 1c008b6e 11812a03 lw               x20, 280(x2)        x20=00000004  x2:100011e8  PA:10001300
16713828ns          275312 1c008b72 11412a83 lw               x21, 276(x2)        x21=00000000  x2:100011e8  PA:100012fc
16713848ns          275313 1c008b76 11012b03 lw               x22, 272(x2)        x22=1c00a000  x2:100011e8  PA:100012f8
16713868ns          275314 1c008b7a 10c12b83 lw               x23, 268(x2)        x23=1c000000  x2:100011e8  PA:100012f4
16714306ns          275336 1c008b7e 10812c03 lw               x24, 264(x2)        x24=1c000000  x2:100011e8  PA:100012f0
16714345ns          275338 1c008b82 10412c83 lw               x25, 260(x2)        x25=1c000000  x2:100011e8  PA:100012ec
16714365ns          275339 1c008b86 10012d03 lw               x26, 256(x2)        x26=1c000000  x2:100011e8  PA:100012e8
16714385ns          275340 1c008b8a 0fc12d83 lw               x27, 252(x2)        x27=1c001104  x2:100011e8  PA:100012e4
16714405ns          275341 1c008b8c 13010113 addi             x2, x2, 304          x2=10001318  x2:100011e8
16714425ns          275342 1c008b8e 00008067 jalr             x0, x1, 0            x1:1c008ae6
16714863ns          275364 1c008ae6 01c12083 lw               x1, 28(x2)           x1=1c008354  x2:10001318  PA:10001334
16714882ns          275365 1c008ae8 04010113 addi             x2, x2, 64           x2=10001358  x2:10001318
16714922ns          275367 1c008aea 00008067 jalr             x0, x1, 0            x1:1c008354
16715042ns          275373 1c008354 100007b7 lui              x15, 0x10000000     x15=10000000
16715081ns          275375 1c008358 00478d13 addi             x26, x15, 4         x26=10000004 x15:10000000
16715101ns          275376 1c00835c 400d0c93 addi             x25, x26, 1024      x25=10000404 x26:10000004
16715539ns          275398 1c008360 1c0016b7 lui              x13, 0x1c001000     x13=1c001000
16715579ns          275400 1c008364 1c001737 lui              x14, 0x1c001000     x14=1c001000
16715599ns          275401 1c008368 90068693 addi             x13, x13, -1792     x13=1c000900 x13:1c001000
16715618ns          275402 1c00836c 00478793 addi             x15, x15, 4         x15=10000004 x15:10000000
16716056ns          275424 1c008370 d0070713 addi             x14, x14, -768      x14=1c000d00 x14:1c001000
16716096ns          275426 1c008374 01900633 add              x12, x0, x25        x12=10000404 x25:10000404
16716116ns          275427 1c008376 01000593 addi             x11, x0, 16         x11=00000010
16716136ns          275428 1c008378 0825c0fb lp.setup         0x1, x11, 0x82      x11:00000010
16716155ns          275429 1c00837c 01472303 lw               x6, 20(x14)          x6=00000000 x14:1c000d00  PA:1c000d14
16716593ns          275451 1c008380 00072c03 lw               x24, 0(x14)         x24=00000001 x14:1c000d00  PA:1c000d00
16716891ns          275466 1c008384 0046ab83 lw               x23, 4(x13)         x23=00000002 x13:1c000900  PA:1c000904
16717230ns          275483 1c008388 00472b03 lw               x22, 4(x14)         x22=00000000 x14:1c000d00  PA:1c000d04
16717528ns          275498 1c00838c 0086a083 lw               x1, 8(x13)           x1=00000003 x13:1c000900  PA:1c000908
16717826ns          275513 1c008390 00872383 lw               x7, 8(x14)           x7=00000000 x14:1c000d00  PA:1c000d08
16718145ns          275529 1c008394 00c6a283 lw               x5, 12(x13)          x5=000000fd x13:1c000900  PA:1c00090c
16718463ns          275545 1c008398 00c72f83 lw               x31, 12(x14)        x31=00000001 x14:1c000d00  PA:1c000d0c
16718761ns          275560 1c00839c 0106af03 lw               x30, 16(x13)        x30=000000fc x13:1c000900  PA:1c000910
16719060ns          275575 1c0083a0 01072e83 lw               x29, 16(x14)        x29=00000000 x14:1c000d00  PA:1c000d10
16719358ns          275590 1c0083a4 0146ae03 lw               x28, 20(x13)        x28=00000006 x13:1c000900  PA:1c000914
16719656ns          275605 1c0083a8 0186a883 lw               x17, 24(x13)        x17=00000007 x13:1c000900  PA:1c000918
16719955ns          275620 1c0083ac 01872803 lw               x16, 24(x14)        x16=00000000 x14:1c000d00  PA:1c000d18
16720253ns          275635 1c0083b0 01c6a503 lw               x10, 28(x13)        x10=000000f9 x13:1c000900  PA:1c00091c
16720551ns          275650 1c0083b2 0006ad83 lw               x27, 0(x13)         x27=00000100 x13:1c000900  PA:1c000900
16720870ns          275666 1c0083b6 00662a23 sw               x6, 20(x12)          x6:00000000 x12:10000404  PA:10000418
16720889ns          275667 1c0083ba 01c72303 lw               x6, 28(x14)          x6=00000000 x14:1c000d00  PA:1c000d1c
16721208ns          275683 1c0083be 01862023 sw               x24, 0(x12)         x24:00000001 x12:10000404  PA:10000404
16721228ns          275684 1c0083c2 0177a223 sw               x23, 4(x15)         x23:00000002 x15:10000004  PA:10000008
16721248ns          275685 1c0083c6 01662223 sw               x22, 4(x12)         x22:00000000 x12:10000404  PA:10000408
16721267ns          275686 1c0083ca 0017a423 sw               x1, 8(x15)           x1:00000003 x15:10000004  PA:1000000c
16721705ns          275708 1c0083ce 00762423 sw               x7, 8(x12)           x7:00000000 x12:10000404  PA:1000040c
16721745ns          275710 1c0083d2 0057a623 sw               x5, 12(x15)          x5:000000fd x15:10000004  PA:10000010
16721765ns          275711 1c0083d6 01f62623 sw               x31, 12(x12)        x31:00000001 x12:10000404  PA:10000410
16721785ns          275712 1c0083da 01e7a823 sw               x30, 16(x15)        x30:000000fc x15:10000004  PA:10000014
16722222ns          275734 1c0083de 01d62823 sw               x29, 16(x12)        x29:00000000 x12:10000404  PA:10000414
16722262ns          275736 1c0083e2 01c7aa23 sw               x28, 20(x15)        x28:00000006 x15:10000004  PA:10000018
16722282ns          275737 1c0083e6 0117ac23 sw               x17, 24(x15)        x17:00000007 x15:10000004  PA:1000001c
16722302ns          275738 1c0083ea 01062c23 sw               x16, 24(x12)        x16:00000000 x12:10000404  PA:1000041c
16722322ns          275739 1c0083ee 00a7ae23 sw               x10, 28(x15)        x10:000000f9 x15:10000004  PA:10000020
16722739ns          275760 1c0083f0 00662e23 sw               x6, 28(x12)          x6:00000000 x12:10000404  PA:10000420
16722779ns          275762 1c0083f4 01b7a023 sw               x27, 0(x15)         x27:00000100 x15:10000004  PA:10000004
16722799ns          275763 1c0083f8 0206ad83 lw               x27, 32(x13)        x27=000000f8 x13:1c000900  PA:1c000920
16723097ns          275778 1c0083fc 03c6a503 lw               x10, 60(x13)        x10=000000f1 x13:1c000900  PA:1c00093c
16723435ns          275795 1c0083fe 02072c03 lw               x24, 32(x14)        x24=00000000 x14:1c000d00  PA:1c000d20
16723754ns          275811 1c008402 0246ab83 lw               x23, 36(x13)        x23=0000000a x13:1c000900  PA:1c000924
16724072ns          275827 1c008406 02472b03 lw               x22, 36(x14)        x22=00000000 x14:1c000d00  PA:1c000d24
16724370ns          275842 1c00840a 0286a083 lw               x1, 40(x13)          x1=0000000b x13:1c000900  PA:1c000928
16724669ns          275857 1c00840e 02872383 lw               x7, 40(x14)          x7=00000000 x14:1c000d00  PA:1c000d28
16724967ns          275872 1c008412 02c6a283 lw               x5, 44(x13)          x5=000000f5 x13:1c000900  PA:1c00092c
16725285ns          275888 1c008416 02c72f83 lw               x31, 44(x14)        x31=00000000 x14:1c000d00  PA:1c000d2c
16725604ns          275904 1c00841a 0306af03 lw               x30, 48(x13)        x30=000000f4 x13:1c000900  PA:1c000930
16725902ns          275919 1c00841e 03072e83 lw               x29, 48(x14)        x29=00000000 x14:1c000d00  PA:1c000d30
16726200ns          275934 1c008422 0346ae03 lw               x28, 52(x13)        x28=0000000e x13:1c000900  PA:1c000934
16726538ns          275951 1c008426 03472303 lw               x6, 52(x14)          x6=00000000 x14:1c000d00  PA:1c000d34
16726837ns          275966 1c00842a 0386a883 lw               x17, 56(x13)        x17=0000000f x13:1c000900  PA:1c000938
16727135ns          275981 1c00842e 03872803 lw               x16, 56(x14)        x16=00000000 x14:1c000d00  PA:1c000d38
16727434ns          275996 1c008432 02a7ae23 sw               x10, 60(x15)        x10:000000f1 x15:10000004  PA:10000040
16727453ns          275997 1c008434 03c72503 lw               x10, 60(x14)        x10=00000000 x14:1c000d00  PA:1c000d3c
16727772ns          276013 1c008436 03b7a023 sw               x27, 32(x15)        x27:000000f8 x15:10000004  PA:10000024
16727792ns          276014 1c00843a 03862023 sw               x24, 32(x12)        x24:00000000 x12:10000404  PA:10000424
16727951ns          276022 1c00843e 0377a223 sw               x23, 36(x15)        x23:0000000a x15:10000004  PA:10000028
16727990ns          276024 1c008442 03662223 sw               x22, 36(x12)        x22:00000000 x12:10000404  PA:10000428
16728010ns          276025 1c008446 0217a423 sw               x1, 40(x15)          x1:0000000b x15:10000004  PA:1000002c
16728030ns          276026 1c00844a 02762423 sw               x7, 40(x12)          x7:00000000 x12:10000404  PA:1000042c
16728468ns          276048 1c00844e 0257a623 sw               x5, 44(x15)          x5:000000f5 x15:10000004  PA:10000030
16728508ns          276050 1c008452 03f62623 sw               x31, 44(x12)        x31:00000000 x12:10000404  PA:10000430
16728528ns          276051 1c008456 03e7a823 sw               x30, 48(x15)        x30:000000f4 x15:10000004  PA:10000034
16728547ns          276052 1c00845a 03d62823 sw               x29, 48(x12)        x29:00000000 x12:10000404  PA:10000434
16728985ns          276074 1c00845e 03c7aa23 sw               x28, 52(x15)        x28:0000000e x15:10000004  PA:10000038
16729025ns          276076 1c008462 02662a23 sw               x6, 52(x12)          x6:00000000 x12:10000404  PA:10000438
16729045ns          276077 1c008466 0317ac23 sw               x17, 56(x15)        x17:0000000f x15:10000004  PA:1000003c
16729065ns          276078 1c00846a 03062c23 sw               x16, 56(x12)        x16:00000000 x12:10000404  PA:1000043c
16729084ns          276079 1c00846e 02a62e23 sw               x10, 60(x12)        x10:00000000 x12:10000404  PA:10000440
16729502ns          276100 1c008470 04068693 addi             x13, x13, 64        x13=1c000940 x13:1c000900
16729542ns          276102 1c008474 04078793 addi             x15, x15, 64        x15=10000044 x15:10000004
16729562ns          276103 1c008478 04070713 addi             x14, x14, 64        x14=1c000d40 x14:1c000d00
16729582ns          276104 1c00847c 04060613 addi             x12, x12, 64        x12=10000444 x12:10000404
16729602ns          276105 1c00837c 01472303 lw               x6, 20(x14)          x6=00000000 x14:1c000d40  PA:1c000d54
16729900ns          276120 1c008380 00072c03 lw               x24, 0(x14)         x24=00000000 x14:1c000d40  PA:1c000d40
16730198ns          276135 1c008384 0046ab83 lw               x23, 4(x13)         x23=000000ef x13:1c000940  PA:1c000944
16730517ns          276151 1c008388 00472b03 lw               x22, 4(x14)         x22=00000000 x14:1c000d40  PA:1c000d44
16730815ns          276166 1c00838c 0086a083 lw               x1, 8(x13)           x1=000000ee x13:1c000940  PA:1c000948
16731113ns          276181 1c008390 00872383 lw               x7, 8(x14)           x7=00000000 x14:1c000d40  PA:1c000d48
16731412ns          276196 1c008394 00c6a283 lw               x5, 12(x13)          x5=00000014 x13:1c000940  PA:1c00094c
16731710ns          276211 1c008398 00c72f83 lw               x31, 12(x14)        x31=00000000 x14:1c000d40  PA:1c000d4c
16732008ns          276226 1c00839c 0106af03 lw               x30, 16(x13)        x30=00000015 x13:1c000940  PA:1c000950
16732307ns          276241 1c0083a0 01072e83 lw               x29, 16(x14)        x29=00000000 x14:1c000d40  PA:1c000d50
16732605ns          276256 1c0083a4 0146ae03 lw               x28, 20(x13)        x28=000000eb x13:1c000940  PA:1c000954
16732903ns          276271 1c0083a8 0186a883 lw               x17, 24(x13)        x17=000000ea x13:1c000940  PA:1c000958
16733202ns          276286 1c0083ac 01872803 lw               x16, 24(x14)        x16=00000001 x14:1c000d40  PA:1c000d58
16733500ns          276301 1c0083b0 01c6a503 lw               x10, 28(x13)        x10=00000018 x13:1c000940  PA:1c00095c
16733799ns          276316 1c0083b2 0006ad83 lw               x27, 0(x13)         x27=00000011 x13:1c000940  PA:1c000940
16734097ns          276331 1c0083b6 00662a23 sw               x6, 20(x12)          x6:00000000 x12:10000444  PA:10000458
16734117ns          276332 1c0083ba 01c72303 lw               x6, 28(x14)          x6=00000000 x14:1c000d40  PA:1c000d5c
16734435ns          276348 1c0083be 01862023 sw               x24, 0(x12)         x24:00000000 x12:10000444  PA:10000444
16734455ns          276349 1c0083c2 0177a223 sw               x23, 4(x15)         x23:000000ef x15:10000044  PA:10000048
16734475ns          276350 1c0083c6 01662223 sw               x22, 4(x12)         x22:00000000 x12:10000444  PA:10000448
16734495ns          276351 1c0083ca 0017a423 sw               x1, 8(x15)           x1:000000ee x15:10000044  PA:1000004c
16734515ns          276352 1c0083ce 00762423 sw               x7, 8(x12)           x7:00000000 x12:10000444  PA:1000044c
16734535ns          276353 1c0083d2 0057a623 sw               x5, 12(x15)          x5:00000014 x15:10000044  PA:10000050
16734554ns          276354 1c0083d6 01f62623 sw               x31, 12(x12)        x31:00000000 x12:10000444  PA:10000450
16734574ns          276355 1c0083da 01e7a823 sw               x30, 16(x15)        x30:00000015 x15:10000044  PA:10000054
16734634ns          276358 1c0083de 01d62823 sw               x29, 16(x12)        x29:00000000 x12:10000444  PA:10000454
16734674ns          276360 1c0083e2 01c7aa23 sw               x28, 20(x15)        x28:000000eb x15:10000044  PA:10000058
16734694ns          276361 1c0083e6 0117ac23 sw               x17, 24(x15)        x17:000000ea x15:10000044  PA:1000005c
16734714ns          276362 1c0083ea 01062c23 sw               x16, 24(x12)        x16:00000001 x12:10000444  PA:1000045c
16734733ns          276363 1c0083ee 00a7ae23 sw               x10, 28(x15)        x10:00000018 x15:10000044  PA:10000060
16734753ns          276364 1c0083f0 00662e23 sw               x6, 28(x12)          x6:00000000 x12:10000444  PA:10000460
16734773ns          276365 1c0083f4 01b7a023 sw               x27, 0(x15)         x27:00000011 x15:10000044  PA:10000044
16734793ns          276366 1c0083f8 0206ad83 lw               x27, 32(x13)        x27=00000019 x13:1c000940  PA:1c000960
16735111ns          276382 1c0083fc 03c6a503 lw               x10, 60(x13)        x10=00000020 x13:1c000940  PA:1c00097c
16735410ns          276397 1c0083fe 02072c03 lw               x24, 32(x14)        x24=00000000 x14:1c000d40  PA:1c000d60
16735708ns          276412 1c008402 0246ab83 lw               x23, 36(x13)        x23=000000e7 x13:1c000940  PA:1c000964
16736026ns          276428 1c008406 02472b03 lw               x22, 36(x14)        x22=00000000 x14:1c000d40  PA:1c000d64
16736325ns          276443 1c00840a 0286a083 lw               x1, 40(x13)          x1=000000e6 x13:1c000940  PA:1c000968
16736623ns          276458 1c00840e 02872383 lw               x7, 40(x14)          x7=00000000 x14:1c000d40  PA:1c000d68
16736921ns          276473 1c008412 02c6a283 lw               x5, 44(x13)          x5=0000001c x13:1c000940  PA:1c00096c
16737240ns          276489 1c008416 02c72f83 lw               x31, 44(x14)        x31=00000000 x14:1c000d40  PA:1c000d6c
16737538ns          276504 1c00841a 0306af03 lw               x30, 48(x13)        x30=0000001d x13:1c000940  PA:1c000970
16737836ns          276519 1c00841e 03072e83 lw               x29, 48(x14)        x29=00000000 x14:1c000d40  PA:1c000d70
16738135ns          276534 1c008422 0346ae03 lw               x28, 52(x13)        x28=000000e3 x13:1c000940  PA:1c000974
16738453ns          276550 1c008426 03472303 lw               x6, 52(x14)          x6=00000000 x14:1c000d40  PA:1c000d74
16738751ns          276565 1c00842a 0386a883 lw               x17, 56(x13)        x17=000000e2 x13:1c000940  PA:1c000978
16739050ns          276580 1c00842e 03872803 lw               x16, 56(x14)        x16=00000000 x14:1c000d40  PA:1c000d78
16739348ns          276595 1c008432 02a7ae23 sw               x10, 60(x15)        x10:00000020 x15:10000044  PA:10000080
16739368ns          276596 1c008434 03c72503 lw               x10, 60(x14)        x10=00000000 x14:1c000d40  PA:1c000d7c
16739666ns          276611 1c008436 03b7a023 sw               x27, 32(x15)        x27:00000019 x15:10000044  PA:10000064
16739686ns          276612 1c00843a 03862023 sw               x24, 32(x12)        x24:00000000 x12:10000444  PA:10000464
16739706ns          276613 1c00843e 0377a223 sw               x23, 36(x15)        x23:000000e7 x15:10000044  PA:10000068
16739726ns          276614 1c008442 03662223 sw               x22, 36(x12)        x22:00000000 x12:10000444  PA:10000468
16739746ns          276615 1c008446 0217a423 sw               x1, 40(x15)          x1:000000e6 x15:10000044  PA:1000006c
16739766ns          276616 1c00844a 02762423 sw               x7, 40(x12)          x7:00000000 x12:10000444  PA:1000046c
16739786ns          276617 1c00844e 0257a623 sw               x5, 44(x15)          x5:0000001c x15:10000044  PA:10000070
16739806ns          276618 1c008452 03f62623 sw               x31, 44(x12)        x31:00000000 x12:10000444  PA:10000470
16739825ns          276619 1c008456 03e7a823 sw               x30, 48(x15)        x30:0000001d x15:10000044  PA:10000074
16739845ns          276620 1c00845a 03d62823 sw               x29, 48(x12)        x29:00000000 x12:10000444  PA:10000474
16739865ns          276621 1c00845e 03c7aa23 sw               x28, 52(x15)        x28:000000e3 x15:10000044  PA:10000078
16739885ns          276622 1c008462 02662a23 sw               x6, 52(x12)          x6:00000000 x12:10000444  PA:10000478
16739905ns          276623 1c008466 0317ac23 sw               x17, 56(x15)        x17:000000e2 x15:10000044  PA:1000007c
16739925ns          276624 1c00846a 03062c23 sw               x16, 56(x12)        x16:00000000 x12:10000444  PA:1000047c
16739945ns          276625 1c00846e 02a62e23 sw               x10, 60(x12)        x10:00000000 x12:10000444  PA:10000480
16739965ns          276626 1c008470 04068693 addi             x13, x13, 64        x13=1c000980 x13:1c000940
16739985ns          276627 1c008474 04078793 addi             x15, x15, 64        x15=10000084 x15:10000044
16740004ns          276628 1c008478 04070713 addi             x14, x14, 64        x14=1c000d80 x14:1c000d40
16740024ns          276629 1c00847c 04060613 addi             x12, x12, 64        x12=10000484 x12:10000444
16740482ns          276652 1c00837c 01472303 lw               x6, 20(x14)          x6=00000000 x14:1c000d80  PA:1c000d94
16740820ns          276669 1c008380 00072c03 lw               x24, 0(x14)         x24=00000001 x14:1c000d80  PA:1c000d80
16741138ns          276685 1c008384 0046ab83 lw               x23, 4(x13)         x23=000000df x13:1c000980  PA:1c000984
16741437ns          276700 1c008388 00472b03 lw               x22, 4(x14)         x22=00000001 x14:1c000d80  PA:1c000d84
16741735ns          276715 1c00838c 0086a083 lw               x1, 8(x13)           x1=000000de x13:1c000980  PA:1c000988
16742033ns          276730 1c008390 00872383 lw               x7, 8(x14)           x7=00000001 x14:1c000d80  PA:1c000d88
16742332ns          276745 1c008394 00c6a283 lw               x5, 12(x13)          x5=00000024 x13:1c000980  PA:1c00098c
16742630ns          276760 1c008398 00c72f83 lw               x31, 12(x14)        x31=00000000 x14:1c000d80  PA:1c000d8c
16742928ns          276775 1c00839c 0106af03 lw               x30, 16(x13)        x30=00000025 x13:1c000980  PA:1c000990
16743227ns          276790 1c0083a0 01072e83 lw               x29, 16(x14)        x29=00000000 x14:1c000d80  PA:1c000d90
16743525ns          276805 1c0083a4 0146ae03 lw               x28, 20(x13)        x28=000000db x13:1c000980  PA:1c000994
16743843ns          276821 1c0083a8 0186a883 lw               x17, 24(x13)        x17=000000da x13:1c000980  PA:1c000998
16744142ns          276836 1c0083ac 01872803 lw               x16, 24(x14)        x16=00000001 x14:1c000d80  PA:1c000d98
16744440ns          276851 1c0083b0 01c6a503 lw               x10, 28(x13)        x10=00000028 x13:1c000980  PA:1c00099c
16744738ns          276866 1c0083b2 0006ad83 lw               x27, 0(x13)         x27=00000021 x13:1c000980  PA:1c000980
16745057ns          276882 1c0083b6 00662a23 sw               x6, 20(x12)          x6:00000000 x12:10000484  PA:10000498
16745077ns          276883 1c0083ba 01c72303 lw               x6, 28(x14)          x6=00000000 x14:1c000d80  PA:1c000d9c
16745375ns          276898 1c0083be 01862023 sw               x24, 0(x12)         x24:00000001 x12:10000484  PA:10000484
16745395ns          276899 1c0083c2 0177a223 sw               x23, 4(x15)         x23:000000df x15:10000084  PA:10000088
16745415ns          276900 1c0083c6 01662223 sw               x22, 4(x12)         x22:00000001 x12:10000484  PA:10000488
16745435ns          276901 1c0083ca 0017a423 sw               x1, 8(x15)           x1:000000de x15:10000084  PA:1000008c
16745455ns          276902 1c0083ce 00762423 sw               x7, 8(x12)           x7:00000001 x12:10000484  PA:1000048c
16745474ns          276903 1c0083d2 0057a623 sw               x5, 12(x15)          x5:00000024 x15:10000084  PA:10000090
16745494ns          276904 1c0083d6 01f62623 sw               x31, 12(x12)        x31:00000000 x12:10000484  PA:10000490
16745514ns          276905 1c0083da 01e7a823 sw               x30, 16(x15)        x30:00000025 x15:10000084  PA:10000094
16745534ns          276906 1c0083de 01d62823 sw               x29, 16(x12)        x29:00000000 x12:10000484  PA:10000494
16745554ns          276907 1c0083e2 01c7aa23 sw               x28, 20(x15)        x28:000000db x15:10000084  PA:10000098
16745574ns          276908 1c0083e6 0117ac23 sw               x17, 24(x15)        x17:000000da x15:10000084  PA:1000009c
16745594ns          276909 1c0083ea 01062c23 sw               x16, 24(x12)        x16:00000001 x12:10000484  PA:1000049c
16745614ns          276910 1c0083ee 00a7ae23 sw               x10, 28(x15)        x10:00000028 x15:10000084  PA:100000a0
16745634ns          276911 1c0083f0 00662e23 sw               x6, 28(x12)          x6:00000000 x12:10000484  PA:100004a0
16745653ns          276912 1c0083f4 01b7a023 sw               x27, 0(x15)         x27:00000021 x15:10000084  PA:10000084
16745673ns          276913 1c0083f8 0206ad83 lw               x27, 32(x13)        x27=00000029 x13:1c000980  PA:1c0009a0
16745972ns          276928 1c0083fc 03c6a503 lw               x10, 60(x13)        x10=00000030 x13:1c000980  PA:1c0009bc
16746270ns          276943 1c0083fe 02072c03 lw               x24, 32(x14)        x24=00000001 x14:1c000d80  PA:1c000da0
16746568ns          276958 1c008402 0246ab83 lw               x23, 36(x13)        x23=000000d7 x13:1c000980  PA:1c0009a4
16746867ns          276973 1c008406 02472b03 lw               x22, 36(x14)        x22=00000000 x14:1c000d80  PA:1c000da4
16747165ns          276988 1c00840a 0286a083 lw               x1, 40(x13)          x1=000000d6 x13:1c000980  PA:1c0009a8
16747464ns          277003 1c00840e 02872383 lw               x7, 40(x14)          x7=00000000 x14:1c000d80  PA:1c000da8
16747782ns          277019 1c008412 02c6a283 lw               x5, 44(x13)          x5=0000002c x13:1c000980  PA:1c0009ac
16748080ns          277034 1c008416 02c72f83 lw               x31, 44(x14)        x31=00000000 x14:1c000d80  PA:1c000dac
16748378ns          277049 1c00841a 0306af03 lw               x30, 48(x13)        x30=0000002d x13:1c000980  PA:1c0009b0
16748677ns          277064 1c00841e 03072e83 lw               x29, 48(x14)        x29=00000000 x14:1c000d80  PA:1c000db0
16748975ns          277079 1c008422 0346ae03 lw               x28, 52(x13)        x28=000000d3 x13:1c000980  PA:1c0009b4
16749293ns          277095 1c008426 03472303 lw               x6, 52(x14)          x6=00000001 x14:1c000d80  PA:1c000db4
16749592ns          277110 1c00842a 0386a883 lw               x17, 56(x13)        x17=000000d2 x13:1c000980  PA:1c0009b8
16749890ns          277125 1c00842e 03872803 lw               x16, 56(x14)        x16=00000000 x14:1c000d80  PA:1c000db8
16750189ns          277140 1c008432 02a7ae23 sw               x10, 60(x15)        x10:00000030 x15:10000084  PA:100000c0
16750208ns          277141 1c008434 03c72503 lw               x10, 60(x14)        x10=00000001 x14:1c000d80  PA:1c000dbc
16750507ns          277156 1c008436 03b7a023 sw               x27, 32(x15)        x27:00000029 x15:10000084  PA:100000a4
16750527ns          277157 1c00843a 03862023 sw               x24, 32(x12)        x24:00000001 x12:10000484  PA:100004a4
16750547ns          277158 1c00843e 0377a223 sw               x23, 36(x15)        x23:000000d7 x15:10000084  PA:100000a8
16750566ns          277159 1c008442 03662223 sw               x22, 36(x12)        x22:00000000 x12:10000484  PA:100004a8
16750586ns          277160 1c008446 0217a423 sw               x1, 40(x15)          x1:000000d6 x15:10000084  PA:100000ac
16750606ns          277161 1c00844a 02762423 sw               x7, 40(x12)          x7:00000000 x12:10000484  PA:100004ac
16750626ns          277162 1c00844e 0257a623 sw               x5, 44(x15)          x5:0000002c x15:10000084  PA:100000b0
16750646ns          277163 1c008452 03f62623 sw               x31, 44(x12)        x31:00000000 x12:10000484  PA:100004b0
16750666ns          277164 1c008456 03e7a823 sw               x30, 48(x15)        x30:0000002d x15:10000084  PA:100000b4
16750686ns          277165 1c00845a 03d62823 sw               x29, 48(x12)        x29:00000000 x12:10000484  PA:100004b4
16750706ns          277166 1c00845e 03c7aa23 sw               x28, 52(x15)        x28:000000d3 x15:10000084  PA:100000b8
16750726ns          277167 1c008462 02662a23 sw               x6, 52(x12)          x6:00000001 x12:10000484  PA:100004b8
16750745ns          277168 1c008466 0317ac23 sw               x17, 56(x15)        x17:000000d2 x15:10000084  PA:100000bc
16750765ns          277169 1c00846a 03062c23 sw               x16, 56(x12)        x16:00000000 x12:10000484  PA:100004bc
16750785ns          277170 1c00846e 02a62e23 sw               x10, 60(x12)        x10:00000001 x12:10000484  PA:100004c0
16750805ns          277171 1c008470 04068693 addi             x13, x13, 64        x13=1c0009c0 x13:1c000980
16750825ns          277172 1c008474 04078793 addi             x15, x15, 64        x15=100000c4 x15:10000084
16750845ns          277173 1c008478 04070713 addi             x14, x14, 64        x14=1c000dc0 x14:1c000d80
16750865ns          277174 1c00847c 04060613 addi             x12, x12, 64        x12=100004c4 x12:10000484
16750885ns          277175 1c00837c 01472303 lw               x6, 20(x14)          x6=00000000 x14:1c000dc0  PA:1c000dd4
16751203ns          277191 1c008380 00072c03 lw               x24, 0(x14)         x24=00000000 x14:1c000dc0  PA:1c000dc0
16751501ns          277206 1c008384 0046ab83 lw               x23, 4(x13)         x23=00000032 x13:1c0009c0  PA:1c0009c4
16751820ns          277222 1c008388 00472b03 lw               x22, 4(x14)         x22=00000000 x14:1c000dc0  PA:1c000dc4
16752118ns          277237 1c00838c 0086a083 lw               x1, 8(x13)           x1=00000033 x13:1c0009c0  PA:1c0009c8
16752416ns          277252 1c008390 00872383 lw               x7, 8(x14)           x7=00000000 x14:1c000dc0  PA:1c000dc8
16752715ns          277267 1c008394 00c6a283 lw               x5, 12(x13)          x5=000000cd x13:1c0009c0  PA:1c0009cc
16753013ns          277282 1c008398 00c72f83 lw               x31, 12(x14)        x31=00000000 x14:1c000dc0  PA:1c000dcc
16753331ns          277298 1c00839c 0106af03 lw               x30, 16(x13)        x30=000000cc x13:1c0009c0  PA:1c0009d0
16753630ns          277313 1c0083a0 01072e83 lw               x29, 16(x14)        x29=00000000 x14:1c000dc0  PA:1c000dd0
16753928ns          277328 1c0083a4 0146ae03 lw               x28, 20(x13)        x28=00000036 x13:1c0009c0  PA:1c0009d4
16754226ns          277343 1c0083a8 0186a883 lw               x17, 24(x13)        x17=00000037 x13:1c0009c0  PA:1c0009d8
16754545ns          277359 1c0083ac 01872803 lw               x16, 24(x14)        x16=00000000 x14:1c000dc0  PA:1c000dd8
16754843ns          277374 1c0083b0 01c6a503 lw               x10, 28(x13)        x10=000000c9 x13:1c0009c0  PA:1c0009dc
16755141ns          277389 1c0083b2 0006ad83 lw               x27, 0(x13)         x27=000000d0 x13:1c0009c0  PA:1c0009c0
16755440ns          277404 1c0083b6 00662a23 sw               x6, 20(x12)          x6:00000000 x12:100004c4  PA:100004d8
16755460ns          277405 1c0083ba 01c72303 lw               x6, 28(x14)          x6=00000000 x14:1c000dc0  PA:1c000ddc
16755778ns          277421 1c0083be 01862023 sw               x24, 0(x12)         x24:00000000 x12:100004c4  PA:100004c4
16755798ns          277422 1c0083c2 0177a223 sw               x23, 4(x15)         x23:00000032 x15:100000c4  PA:100000c8
16755818ns          277423 1c0083c6 01662223 sw               x22, 4(x12)         x22:00000000 x12:100004c4  PA:100004c8
16755838ns          277424 1c0083ca 0017a423 sw               x1, 8(x15)           x1:00000033 x15:100000c4  PA:100000cc
16755857ns          277425 1c0083ce 00762423 sw               x7, 8(x12)           x7:00000000 x12:100004c4  PA:100004cc
16755877ns          277426 1c0083d2 0057a623 sw               x5, 12(x15)          x5:000000cd x15:100000c4  PA:100000d0
16755897ns          277427 1c0083d6 01f62623 sw               x31, 12(x12)        x31:00000000 x12:100004c4  PA:100004d0
16755917ns          277428 1c0083da 01e7a823 sw               x30, 16(x15)        x30:000000cc x15:100000c4  PA:100000d4
16755937ns          277429 1c0083de 01d62823 sw               x29, 16(x12)        x29:00000000 x12:100004c4  PA:100004d4
16755957ns          277430 1c0083e2 01c7aa23 sw               x28, 20(x15)        x28:00000036 x15:100000c4  PA:100000d8
16755977ns          277431 1c0083e6 0117ac23 sw               x17, 24(x15)        x17:00000037 x15:100000c4  PA:100000dc
16755997ns          277432 1c0083ea 01062c23 sw               x16, 24(x12)        x16:00000000 x12:100004c4  PA:100004dc
16756017ns          277433 1c0083ee 00a7ae23 sw               x10, 28(x15)        x10:000000c9 x15:100000c4  PA:100000e0
16756036ns          277434 1c0083f0 00662e23 sw               x6, 28(x12)          x6:00000000 x12:100004c4  PA:100004e0
16756056ns          277435 1c0083f4 01b7a023 sw               x27, 0(x15)         x27:000000d0 x15:100000c4  PA:100000c4
16756076ns          277436 1c0083f8 0206ad83 lw               x27, 32(x13)        x27=000000c8 x13:1c0009c0  PA:1c0009e0
16756375ns          277451 1c0083fc 03c6a503 lw               x10, 60(x13)        x10=000000c1 x13:1c0009c0  PA:1c0009fc
16756673ns          277466 1c0083fe 02072c03 lw               x24, 32(x14)        x24=00000000 x14:1c000dc0  PA:1c000de0
16756971ns          277481 1c008402 0246ab83 lw               x23, 36(x13)        x23=0000003a x13:1c0009c0  PA:1c0009e4
16757270ns          277496 1c008406 02472b03 lw               x22, 36(x14)        x22=00000000 x14:1c000dc0  PA:1c000de4
16757568ns          277511 1c00840a 0286a083 lw               x1, 40(x13)          x1=0000003b x13:1c0009c0  PA:1c0009e8
16757866ns          277526 1c00840e 02872383 lw               x7, 40(x14)          x7=00000000 x14:1c000dc0  PA:1c000de8
16758165ns          277541 1c008412 02c6a283 lw               x5, 44(x13)          x5=000000c5 x13:1c0009c0  PA:1c0009ec
16758483ns          277557 1c008416 02c72f83 lw               x31, 44(x14)        x31=00000001 x14:1c000dc0  PA:1c000dec
16758781ns          277572 1c00841a 0306af03 lw               x30, 48(x13)        x30=000000c4 x13:1c0009c0  PA:1c0009f0
16759080ns          277587 1c00841e 03072e83 lw               x29, 48(x14)        x29=00000001 x14:1c000dc0  PA:1c000df0
16759378ns          277602 1c008422 0346ae03 lw               x28, 52(x13)        x28=0000003e x13:1c0009c0  PA:1c0009f4
16759696ns          277618 1c008426 03472303 lw               x6, 52(x14)          x6=00000000 x14:1c000dc0  PA:1c000df4
16759995ns          277633 1c00842a 0386a883 lw               x17, 56(x13)        x17=0000003f x13:1c0009c0  PA:1c0009f8
16760293ns          277648 1c00842e 03872803 lw               x16, 56(x14)        x16=00000000 x14:1c000dc0  PA:1c000df8
16760591ns          277663 1c008432 02a7ae23 sw               x10, 60(x15)        x10:000000c1 x15:100000c4  PA:10000100
16760611ns          277664 1c008434 03c72503 lw               x10, 60(x14)        x10=00000001 x14:1c000dc0  PA:1c000dfc
16760910ns          277679 1c008436 03b7a023 sw               x27, 32(x15)        x27:000000c8 x15:100000c4  PA:100000e4
16760930ns          277680 1c00843a 03862023 sw               x24, 32(x12)        x24:00000000 x12:100004c4  PA:100004e4
16760949ns          277681 1c00843e 0377a223 sw               x23, 36(x15)        x23:0000003a x15:100000c4  PA:100000e8
16760969ns          277682 1c008442 03662223 sw               x22, 36(x12)        x22:00000000 x12:100004c4  PA:100004e8
16760989ns          277683 1c008446 0217a423 sw               x1, 40(x15)          x1:0000003b x15:100000c4  PA:100000ec
16761009ns          277684 1c00844a 02762423 sw               x7, 40(x12)          x7:00000000 x12:100004c4  PA:100004ec
16761029ns          277685 1c00844e 0257a623 sw               x5, 44(x15)          x5:000000c5 x15:100000c4  PA:100000f0
16761049ns          277686 1c008452 03f62623 sw               x31, 44(x12)        x31:00000001 x12:100004c4  PA:100004f0
16761069ns          277687 1c008456 03e7a823 sw               x30, 48(x15)        x30:000000c4 x15:100000c4  PA:100000f4
16761089ns          277688 1c00845a 03d62823 sw               x29, 48(x12)        x29:00000001 x12:100004c4  PA:100004f4
16761109ns          277689 1c00845e 03c7aa23 sw               x28, 52(x15)        x28:0000003e x15:100000c4  PA:100000f8
16761128ns          277690 1c008462 02662a23 sw               x6, 52(x12)          x6:00000000 x12:100004c4  PA:100004f8
16761148ns          277691 1c008466 0317ac23 sw               x17, 56(x15)        x17:0000003f x15:100000c4  PA:100000fc
16761168ns          277692 1c00846a 03062c23 sw               x16, 56(x12)        x16:00000000 x12:100004c4  PA:100004fc
16761188ns          277693 1c00846e 02a62e23 sw               x10, 60(x12)        x10:00000001 x12:100004c4  PA:10000500
16761208ns          277694 1c008470 04068693 addi             x13, x13, 64        x13=1c000a00 x13:1c0009c0
16761228ns          277695 1c008474 04078793 addi             x15, x15, 64        x15=10000104 x15:100000c4
16761248ns          277696 1c008478 04070713 addi             x14, x14, 64        x14=1c000e00 x14:1c000dc0
16761268ns          277697 1c00847c 04060613 addi             x12, x12, 64        x12=10000504 x12:100004c4
16761288ns          277698 1c00837c 01472303 lw               x6, 20(x14)          x6=00000000 x14:1c000e00  PA:1c000e14
16761606ns          277714 1c008380 00072c03 lw               x24, 0(x14)         x24=00000000 x14:1c000e00  PA:1c000e00
16761904ns          277729 1c008384 0046ab83 lw               x23, 4(x13)         x23=00000042 x13:1c000a00  PA:1c000a04
16762203ns          277744 1c008388 00472b03 lw               x22, 4(x14)         x22=00000000 x14:1c000e00  PA:1c000e04
16762521ns          277760 1c00838c 0086a083 lw               x1, 8(x13)           x1=00000043 x13:1c000a00  PA:1c000a08
16762819ns          277775 1c008390 00872383 lw               x7, 8(x14)           x7=00000000 x14:1c000e00  PA:1c000e08
16763118ns          277790 1c008394 00c6a283 lw               x5, 12(x13)          x5=000000bd x13:1c000a00  PA:1c000a0c
16763416ns          277805 1c008398 00c72f83 lw               x31, 12(x14)        x31=00000000 x14:1c000e00  PA:1c000e0c
16763734ns          277821 1c00839c 0106af03 lw               x30, 16(x13)        x30=000000bc x13:1c000a00  PA:1c000a10
16764033ns          277836 1c0083a0 01072e83 lw               x29, 16(x14)        x29=00000001 x14:1c000e00  PA:1c000e10
16764331ns          277851 1c0083a4 0146ae03 lw               x28, 20(x13)        x28=00000046 x13:1c000a00  PA:1c000a14
16764629ns          277866 1c0083a8 0186a883 lw               x17, 24(x13)        x17=00000047 x13:1c000a00  PA:1c000a18
16764928ns          277881 1c0083ac 01872803 lw               x16, 24(x14)        x16=00000000 x14:1c000e00  PA:1c000e18
16765246ns          277897 1c0083b0 01c6a503 lw               x10, 28(x13)        x10=000000b9 x13:1c000a00  PA:1c000a1c
16765544ns          277912 1c0083b2 0006ad83 lw               x27, 0(x13)         x27=000000c0 x13:1c000a00  PA:1c000a00
16765843ns          277927 1c0083b6 00662a23 sw               x6, 20(x12)          x6:00000000 x12:10000504  PA:10000518
16765862ns          277928 1c0083ba 01c72303 lw               x6, 28(x14)          x6=00000000 x14:1c000e00  PA:1c000e1c
16766161ns          277943 1c0083be 01862023 sw               x24, 0(x12)         x24:00000000 x12:10000504  PA:10000504
16766181ns          277944 1c0083c2 0177a223 sw               x23, 4(x15)         x23:00000042 x15:10000104  PA:10000108
16766201ns          277945 1c0083c6 01662223 sw               x22, 4(x12)         x22:00000000 x12:10000504  PA:10000508
16766221ns          277946 1c0083ca 0017a423 sw               x1, 8(x15)           x1:00000043 x15:10000104  PA:1000010c
16766240ns          277947 1c0083ce 00762423 sw               x7, 8(x12)           x7:00000000 x12:10000504  PA:1000050c
16766260ns          277948 1c0083d2 0057a623 sw               x5, 12(x15)          x5:000000bd x15:10000104  PA:10000110
16766280ns          277949 1c0083d6 01f62623 sw               x31, 12(x12)        x31:00000000 x12:10000504  PA:10000510
16766300ns          277950 1c0083da 01e7a823 sw               x30, 16(x15)        x30:000000bc x15:10000104  PA:10000114
16766320ns          277951 1c0083de 01d62823 sw               x29, 16(x12)        x29:00000001 x12:10000504  PA:10000514
16766340ns          277952 1c0083e2 01c7aa23 sw               x28, 20(x15)        x28:00000046 x15:10000104  PA:10000118
16766360ns          277953 1c0083e6 0117ac23 sw               x17, 24(x15)        x17:00000047 x15:10000104  PA:1000011c
16766380ns          277954 1c0083ea 01062c23 sw               x16, 24(x12)        x16:00000000 x12:10000504  PA:1000051c
16766400ns          277955 1c0083ee 00a7ae23 sw               x10, 28(x15)        x10:000000b9 x15:10000104  PA:10000120
16766419ns          277956 1c0083f0 00662e23 sw               x6, 28(x12)          x6:00000000 x12:10000504  PA:10000520
16766439ns          277957 1c0083f4 01b7a023 sw               x27, 0(x15)         x27:000000c0 x15:10000104  PA:10000104
16766459ns          277958 1c0083f8 0206ad83 lw               x27, 32(x13)        x27=000000b8 x13:1c000a00  PA:1c000a20
16766758ns          277973 1c0083fc 03c6a503 lw               x10, 60(x13)        x10=000000b1 x13:1c000a00  PA:1c000a3c
16767056ns          277988 1c0083fe 02072c03 lw               x24, 32(x14)        x24=00000000 x14:1c000e00  PA:1c000e20
16767354ns          278003 1c008402 0246ab83 lw               x23, 36(x13)        x23=0000004a x13:1c000a00  PA:1c000a24
16767653ns          278018 1c008406 02472b03 lw               x22, 36(x14)        x22=00000000 x14:1c000e00  PA:1c000e24
16767971ns          278034 1c00840a 0286a083 lw               x1, 40(x13)          x1=0000004b x13:1c000a00  PA:1c000a28
16768269ns          278049 1c00840e 02872383 lw               x7, 40(x14)          x7=00000000 x14:1c000e00  PA:1c000e28
16768568ns          278064 1c008412 02c6a283 lw               x5, 44(x13)          x5=000000b5 x13:1c000a00  PA:1c000a2c
16768866ns          278079 1c008416 02c72f83 lw               x31, 44(x14)        x31=00000001 x14:1c000e00  PA:1c000e2c
16769184ns          278095 1c00841a 0306af03 lw               x30, 48(x13)        x30=000000b4 x13:1c000a00  PA:1c000a30
16769483ns          278110 1c00841e 03072e83 lw               x29, 48(x14)        x29=00000000 x14:1c000e00  PA:1c000e30
16769781ns          278125 1c008422 0346ae03 lw               x28, 52(x13)        x28=0000004e x13:1c000a00  PA:1c000a34
16770079ns          278140 1c008426 03472303 lw               x6, 52(x14)          x6=00000000 x14:1c000e00  PA:1c000e34
16770398ns          278156 1c00842a 0386a883 lw               x17, 56(x13)        x17=0000004f x13:1c000a00  PA:1c000a38
16770696ns          278171 1c00842e 03872803 lw               x16, 56(x14)        x16=00000000 x14:1c000e00  PA:1c000e38
16770994ns          278186 1c008432 02a7ae23 sw               x10, 60(x15)        x10:000000b1 x15:10000104  PA:10000140
16771014ns          278187 1c008434 03c72503 lw               x10, 60(x14)        x10=00000000 x14:1c000e00  PA:1c000e3c
16771313ns          278202 1c008436 03b7a023 sw               x27, 32(x15)        x27:000000b8 x15:10000104  PA:10000124
16771332ns          278203 1c00843a 03862023 sw               x24, 32(x12)        x24:00000000 x12:10000504  PA:10000524
16771352ns          278204 1c00843e 0377a223 sw               x23, 36(x15)        x23:0000004a x15:10000104  PA:10000128
16771372ns          278205 1c008442 03662223 sw               x22, 36(x12)        x22:00000000 x12:10000504  PA:10000528
16771392ns          278206 1c008446 0217a423 sw               x1, 40(x15)          x1:0000004b x15:10000104  PA:1000012c
16771412ns          278207 1c00844a 02762423 sw               x7, 40(x12)          x7:00000000 x12:10000504  PA:1000052c
16771432ns          278208 1c00844e 0257a623 sw               x5, 44(x15)          x5:000000b5 x15:10000104  PA:10000130
16771452ns          278209 1c008452 03f62623 sw               x31, 44(x12)        x31:00000001 x12:10000504  PA:10000530
16771472ns          278210 1c008456 03e7a823 sw               x30, 48(x15)        x30:000000b4 x15:10000104  PA:10000134
16771492ns          278211 1c00845a 03d62823 sw               x29, 48(x12)        x29:00000000 x12:10000504  PA:10000534
16771511ns          278212 1c00845e 03c7aa23 sw               x28, 52(x15)        x28:0000004e x15:10000104  PA:10000138
16771531ns          278213 1c008462 02662a23 sw               x6, 52(x12)          x6:00000000 x12:10000504  PA:10000538
16771551ns          278214 1c008466 0317ac23 sw               x17, 56(x15)        x17:0000004f x15:10000104  PA:1000013c
16771571ns          278215 1c00846a 03062c23 sw               x16, 56(x12)        x16:00000000 x12:10000504  PA:1000053c
16771591ns          278216 1c00846e 02a62e23 sw               x10, 60(x12)        x10:00000000 x12:10000504  PA:10000540
16771611ns          278217 1c008470 04068693 addi             x13, x13, 64        x13=1c000a40 x13:1c000a00
16771631ns          278218 1c008474 04078793 addi             x15, x15, 64        x15=10000144 x15:10000104
16771651ns          278219 1c008478 04070713 addi             x14, x14, 64        x14=1c000e40 x14:1c000e00
16771671ns          278220 1c00847c 04060613 addi             x12, x12, 64        x12=10000544 x12:10000504
16771690ns          278221 1c00837c 01472303 lw               x6, 20(x14)          x6=00000000 x14:1c000e40  PA:1c000e54
16772009ns          278237 1c008380 00072c03 lw               x24, 0(x14)         x24=00000001 x14:1c000e40  PA:1c000e40
16772307ns          278252 1c008384 0046ab83 lw               x23, 4(x13)         x23=000000af x13:1c000a40  PA:1c000a44
16772605ns          278267 1c008388 00472b03 lw               x22, 4(x14)         x22=00000000 x14:1c000e40  PA:1c000e44
16772904ns          278282 1c00838c 0086a083 lw               x1, 8(x13)           x1=000000ae x13:1c000a40  PA:1c000a48
16773222ns          278298 1c008390 00872383 lw               x7, 8(x14)           x7=00000000 x14:1c000e40  PA:1c000e48
16773520ns          278313 1c008394 00c6a283 lw               x5, 12(x13)          x5=00000054 x13:1c000a40  PA:1c000a4c
16773819ns          278328 1c008398 00c72f83 lw               x31, 12(x14)        x31=00000000 x14:1c000e40  PA:1c000e4c
16774117ns          278343 1c00839c 0106af03 lw               x30, 16(x13)        x30=00000055 x13:1c000a40  PA:1c000a50
16774435ns          278359 1c0083a0 01072e83 lw               x29, 16(x14)        x29=00000000 x14:1c000e40  PA:1c000e50
16774734ns          278374 1c0083a4 0146ae03 lw               x28, 20(x13)        x28=000000ab x13:1c000a40  PA:1c000a54
16775032ns          278389 1c0083a8 0186a883 lw               x17, 24(x13)        x17=000000aa x13:1c000a40  PA:1c000a58
16775330ns          278404 1c0083ac 01872803 lw               x16, 24(x14)        x16=00000001 x14:1c000e40  PA:1c000e58
16775629ns          278419 1c0083b0 01c6a503 lw               x10, 28(x13)        x10=00000058 x13:1c000a40  PA:1c000a5c
16775947ns          278435 1c0083b2 0006ad83 lw               x27, 0(x13)         x27=00000051 x13:1c000a40  PA:1c000a40
16776245ns          278450 1c0083b6 00662a23 sw               x6, 20(x12)          x6:00000000 x12:10000544  PA:10000558
16776265ns          278451 1c0083ba 01c72303 lw               x6, 28(x14)          x6=00000000 x14:1c000e40  PA:1c000e5c
16776564ns          278466 1c0083be 01862023 sw               x24, 0(x12)         x24:00000001 x12:10000544  PA:10000544
16776584ns          278467 1c0083c2 0177a223 sw               x23, 4(x15)         x23:000000af x15:10000144  PA:10000148
16776603ns          278468 1c0083c6 01662223 sw               x22, 4(x12)         x22:00000000 x12:10000544  PA:10000548
16776623ns          278469 1c0083ca 0017a423 sw               x1, 8(x15)           x1:000000ae x15:10000144  PA:1000014c
16776643ns          278470 1c0083ce 00762423 sw               x7, 8(x12)           x7:00000000 x12:10000544  PA:1000054c
16776663ns          278471 1c0083d2 0057a623 sw               x5, 12(x15)          x5:00000054 x15:10000144  PA:10000150
16776683ns          278472 1c0083d6 01f62623 sw               x31, 12(x12)        x31:00000000 x12:10000544  PA:10000550
16776703ns          278473 1c0083da 01e7a823 sw               x30, 16(x15)        x30:00000055 x15:10000144  PA:10000154
16776723ns          278474 1c0083de 01d62823 sw               x29, 16(x12)        x29:00000000 x12:10000544  PA:10000554
16776743ns          278475 1c0083e2 01c7aa23 sw               x28, 20(x15)        x28:000000ab x15:10000144  PA:10000158
16776763ns          278476 1c0083e6 0117ac23 sw               x17, 24(x15)        x17:000000aa x15:10000144  PA:1000015c
16776782ns          278477 1c0083ea 01062c23 sw               x16, 24(x12)        x16:00000001 x12:10000544  PA:1000055c
16776802ns          278478 1c0083ee 00a7ae23 sw               x10, 28(x15)        x10:00000058 x15:10000144  PA:10000160
16776822ns          278479 1c0083f0 00662e23 sw               x6, 28(x12)          x6:00000000 x12:10000544  PA:10000560
16776842ns          278480 1c0083f4 01b7a023 sw               x27, 0(x15)         x27:00000051 x15:10000144  PA:10000144
16776862ns          278481 1c0083f8 0206ad83 lw               x27, 32(x13)        x27=00000059 x13:1c000a40  PA:1c000a60
16777160ns          278496 1c0083fc 03c6a503 lw               x10, 60(x13)        x10=00000060 x13:1c000a40  PA:1c000a7c
16777459ns          278511 1c0083fe 02072c03 lw               x24, 32(x14)        x24=00000000 x14:1c000e40  PA:1c000e60
16777757ns          278526 1c008402 0246ab83 lw               x23, 36(x13)        x23=000000a7 x13:1c000a40  PA:1c000a64
16778055ns          278541 1c008406 02472b03 lw               x22, 36(x14)        x22=00000000 x14:1c000e40  PA:1c000e64
16778374ns          278557 1c00840a 0286a083 lw               x1, 40(x13)          x1=000000a6 x13:1c000a40  PA:1c000a68
16778672ns          278572 1c00840e 02872383 lw               x7, 40(x14)          x7=00000000 x14:1c000e40  PA:1c000e68
16778970ns          278587 1c008412 02c6a283 lw               x5, 44(x13)          x5=0000005c x13:1c000a40  PA:1c000a6c
16779269ns          278602 1c008416 02c72f83 lw               x31, 44(x14)        x31=00000000 x14:1c000e40  PA:1c000e6c
16779567ns          278617 1c00841a 0306af03 lw               x30, 48(x13)        x30=0000005d x13:1c000a40  PA:1c000a70
16779885ns          278633 1c00841e 03072e83 lw               x29, 48(x14)        x29=00000000 x14:1c000e40  PA:1c000e70
16780184ns          278648 1c008422 0346ae03 lw               x28, 52(x13)        x28=000000a3 x13:1c000a40  PA:1c000a74
16780482ns          278663 1c008426 03472303 lw               x6, 52(x14)          x6=00000000 x14:1c000e40  PA:1c000e74
16780781ns          278678 1c00842a 0386a883 lw               x17, 56(x13)        x17=000000a2 x13:1c000a40  PA:1c000a78
16781099ns          278694 1c00842e 03872803 lw               x16, 56(x14)        x16=00000000 x14:1c000e40  PA:1c000e78
16781397ns          278709 1c008432 02a7ae23 sw               x10, 60(x15)        x10:00000060 x15:10000144  PA:10000180
16781417ns          278710 1c008434 03c72503 lw               x10, 60(x14)        x10=00000000 x14:1c000e40  PA:1c000e7c
16781715ns          278725 1c008436 03b7a023 sw               x27, 32(x15)        x27:00000059 x15:10000144  PA:10000164
16781735ns          278726 1c00843a 03862023 sw               x24, 32(x12)        x24:00000000 x12:10000544  PA:10000564
16781755ns          278727 1c00843e 0377a223 sw               x23, 36(x15)        x23:000000a7 x15:10000144  PA:10000168
16781775ns          278728 1c008442 03662223 sw               x22, 36(x12)        x22:00000000 x12:10000544  PA:10000568
16781795ns          278729 1c008446 0217a423 sw               x1, 40(x15)          x1:000000a6 x15:10000144  PA:1000016c
16781815ns          278730 1c00844a 02762423 sw               x7, 40(x12)          x7:00000000 x12:10000544  PA:1000056c
16781835ns          278731 1c00844e 0257a623 sw               x5, 44(x15)          x5:0000005c x15:10000144  PA:10000170
16781855ns          278732 1c008452 03f62623 sw               x31, 44(x12)        x31:00000000 x12:10000544  PA:10000570
16781875ns          278733 1c008456 03e7a823 sw               x30, 48(x15)        x30:0000005d x15:10000144  PA:10000174
16781894ns          278734 1c00845a 03d62823 sw               x29, 48(x12)        x29:00000000 x12:10000544  PA:10000574
16781914ns          278735 1c00845e 03c7aa23 sw               x28, 52(x15)        x28:000000a3 x15:10000144  PA:10000178
16781934ns          278736 1c008462 02662a23 sw               x6, 52(x12)          x6:00000000 x12:10000544  PA:10000578
16781954ns          278737 1c008466 0317ac23 sw               x17, 56(x15)        x17:000000a2 x15:10000144  PA:1000017c
16781974ns          278738 1c00846a 03062c23 sw               x16, 56(x12)        x16:00000000 x12:10000544  PA:1000057c
16781994ns          278739 1c00846e 02a62e23 sw               x10, 60(x12)        x10:00000000 x12:10000544  PA:10000580
16782014ns          278740 1c008470 04068693 addi             x13, x13, 64        x13=1c000a80 x13:1c000a40
16782034ns          278741 1c008474 04078793 addi             x15, x15, 64        x15=10000184 x15:10000144
16782054ns          278742 1c008478 04070713 addi             x14, x14, 64        x14=1c000e80 x14:1c000e40
16782073ns          278743 1c00847c 04060613 addi             x12, x12, 64        x12=10000584 x12:10000544
16782093ns          278744 1c00837c 01472303 lw               x6, 20(x14)          x6=00000000 x14:1c000e80  PA:1c000e94
16782412ns          278760 1c008380 00072c03 lw               x24, 0(x14)         x24=00000000 x14:1c000e80  PA:1c000e80
16782710ns          278775 1c008384 0046ab83 lw               x23, 4(x13)         x23=0000009f x13:1c000a80  PA:1c000a84
16783008ns          278790 1c008388 00472b03 lw               x22, 4(x14)         x22=00000000 x14:1c000e80  PA:1c000e84
16783307ns          278805 1c00838c 0086a083 lw               x1, 8(x13)           x1=0000009e x13:1c000a80  PA:1c000a88
16783605ns          278820 1c008390 00872383 lw               x7, 8(x14)           x7=00000000 x14:1c000e80  PA:1c000e88
16783923ns          278836 1c008394 00c6a283 lw               x5, 12(x13)          x5=00000064 x13:1c000a80  PA:1c000a8c
16784222ns          278851 1c008398 00c72f83 lw               x31, 12(x14)        x31=00000000 x14:1c000e80  PA:1c000e8c
16784520ns          278866 1c00839c 0106af03 lw               x30, 16(x13)        x30=00000065 x13:1c000a80  PA:1c000a90
16784818ns          278881 1c0083a0 01072e83 lw               x29, 16(x14)        x29=00000000 x14:1c000e80  PA:1c000e90
16785137ns          278897 1c0083a4 0146ae03 lw               x28, 20(x13)        x28=0000009b x13:1c000a80  PA:1c000a94
16785435ns          278912 1c0083a8 0186a883 lw               x17, 24(x13)        x17=0000009a x13:1c000a80  PA:1c000a98
16785733ns          278927 1c0083ac 01872803 lw               x16, 24(x14)        x16=00000000 x14:1c000e80  PA:1c000e98
16786032ns          278942 1c0083b0 01c6a503 lw               x10, 28(x13)        x10=00000068 x13:1c000a80  PA:1c000a9c
16786350ns          278958 1c0083b2 0006ad83 lw               x27, 0(x13)         x27=00000061 x13:1c000a80  PA:1c000a80
16786648ns          278973 1c0083b6 00662a23 sw               x6, 20(x12)          x6:00000000 x12:10000584  PA:10000598
16786668ns          278974 1c0083ba 01c72303 lw               x6, 28(x14)          x6=00000000 x14:1c000e80  PA:1c000e9c
16786967ns          278989 1c0083be 01862023 sw               x24, 0(x12)         x24:00000000 x12:10000584  PA:10000584
16786986ns          278990 1c0083c2 0177a223 sw               x23, 4(x15)         x23:0000009f x15:10000184  PA:10000188
16787006ns          278991 1c0083c6 01662223 sw               x22, 4(x12)         x22:00000000 x12:10000584  PA:10000588
16787026ns          278992 1c0083ca 0017a423 sw               x1, 8(x15)           x1:0000009e x15:10000184  PA:1000018c
16787046ns          278993 1c0083ce 00762423 sw               x7, 8(x12)           x7:00000000 x12:10000584  PA:1000058c
16787066ns          278994 1c0083d2 0057a623 sw               x5, 12(x15)          x5:00000064 x15:10000184  PA:10000190
16787086ns          278995 1c0083d6 01f62623 sw               x31, 12(x12)        x31:00000000 x12:10000584  PA:10000590
16787106ns          278996 1c0083da 01e7a823 sw               x30, 16(x15)        x30:00000065 x15:10000184  PA:10000194
16787126ns          278997 1c0083de 01d62823 sw               x29, 16(x12)        x29:00000000 x12:10000584  PA:10000594
16787146ns          278998 1c0083e2 01c7aa23 sw               x28, 20(x15)        x28:0000009b x15:10000184  PA:10000198
16787165ns          278999 1c0083e6 0117ac23 sw               x17, 24(x15)        x17:0000009a x15:10000184  PA:1000019c
16787185ns          279000 1c0083ea 01062c23 sw               x16, 24(x12)        x16:00000000 x12:10000584  PA:1000059c
16787205ns          279001 1c0083ee 00a7ae23 sw               x10, 28(x15)        x10:00000068 x15:10000184  PA:100001a0
16787225ns          279002 1c0083f0 00662e23 sw               x6, 28(x12)          x6:00000000 x12:10000584  PA:100005a0
16787245ns          279003 1c0083f4 01b7a023 sw               x27, 0(x15)         x27:00000061 x15:10000184  PA:10000184
16787265ns          279004 1c0083f8 0206ad83 lw               x27, 32(x13)        x27=00000069 x13:1c000a80  PA:1c000aa0
16787563ns          279019 1c0083fc 03c6a503 lw               x10, 60(x13)        x10=00000070 x13:1c000a80  PA:1c000abc
16787862ns          279034 1c0083fe 02072c03 lw               x24, 32(x14)        x24=00000000 x14:1c000e80  PA:1c000ea0
16788160ns          279049 1c008402 0246ab83 lw               x23, 36(x13)        x23=00000097 x13:1c000a80  PA:1c000aa4
16788458ns          279064 1c008406 02472b03 lw               x22, 36(x14)        x22=00000000 x14:1c000e80  PA:1c000ea4
16788757ns          279079 1c00840a 0286a083 lw               x1, 40(x13)          x1=00000096 x13:1c000a80  PA:1c000aa8
16789075ns          279095 1c00840e 02872383 lw               x7, 40(x14)          x7=00000001 x14:1c000e80  PA:1c000ea8
16789373ns          279110 1c008412 02c6a283 lw               x5, 44(x13)          x5=0000006c x13:1c000a80  PA:1c000aac
16789672ns          279125 1c008416 02c72f83 lw               x31, 44(x14)        x31=00000000 x14:1c000e80  PA:1c000eac
16789970ns          279140 1c00841a 0306af03 lw               x30, 48(x13)        x30=0000006d x13:1c000a80  PA:1c000ab0
16790268ns          279155 1c00841e 03072e83 lw               x29, 48(x14)        x29=00000000 x14:1c000e80  PA:1c000eb0
16790587ns          279171 1c008422 0346ae03 lw               x28, 52(x13)        x28=00000093 x13:1c000a80  PA:1c000ab4
16790885ns          279186 1c008426 03472303 lw               x6, 52(x14)          x6=00000000 x14:1c000e80  PA:1c000eb4
16791183ns          279201 1c00842a 0386a883 lw               x17, 56(x13)        x17=00000092 x13:1c000a80  PA:1c000ab8
16791482ns          279216 1c00842e 03872803 lw               x16, 56(x14)        x16=00000000 x14:1c000e80  PA:1c000eb8
16791800ns          279232 1c008432 02a7ae23 sw               x10, 60(x15)        x10:00000070 x15:10000184  PA:100001c0
16791820ns          279233 1c008434 03c72503 lw               x10, 60(x14)        x10=00000000 x14:1c000e80  PA:1c000ebc
16792118ns          279248 1c008436 03b7a023 sw               x27, 32(x15)        x27:00000069 x15:10000184  PA:100001a4
16792138ns          279249 1c00843a 03862023 sw               x24, 32(x12)        x24:00000000 x12:10000584  PA:100005a4
16792158ns          279250 1c00843e 0377a223 sw               x23, 36(x15)        x23:00000097 x15:10000184  PA:100001a8
16792178ns          279251 1c008442 03662223 sw               x22, 36(x12)        x22:00000000 x12:10000584  PA:100005a8
16792198ns          279252 1c008446 0217a423 sw               x1, 40(x15)          x1:00000096 x15:10000184  PA:100001ac
16792218ns          279253 1c00844a 02762423 sw               x7, 40(x12)          x7:00000001 x12:10000584  PA:100005ac
16792238ns          279254 1c00844e 0257a623 sw               x5, 44(x15)          x5:0000006c x15:10000184  PA:100001b0
16792257ns          279255 1c008452 03f62623 sw               x31, 44(x12)        x31:00000000 x12:10000584  PA:100005b0
16792277ns          279256 1c008456 03e7a823 sw               x30, 48(x15)        x30:0000006d x15:10000184  PA:100001b4
16792297ns          279257 1c00845a 03d62823 sw               x29, 48(x12)        x29:00000000 x12:10000584  PA:100005b4
16792317ns          279258 1c00845e 03c7aa23 sw               x28, 52(x15)        x28:00000093 x15:10000184  PA:100001b8
16792337ns          279259 1c008462 02662a23 sw               x6, 52(x12)          x6:00000000 x12:10000584  PA:100005b8
16792357ns          279260 1c008466 0317ac23 sw               x17, 56(x15)        x17:00000092 x15:10000184  PA:100001bc
16792377ns          279261 1c00846a 03062c23 sw               x16, 56(x12)        x16:00000000 x12:10000584  PA:100005bc
16792397ns          279262 1c00846e 02a62e23 sw               x10, 60(x12)        x10:00000000 x12:10000584  PA:100005c0
16792417ns          279263 1c008470 04068693 addi             x13, x13, 64        x13=1c000ac0 x13:1c000a80
16792437ns          279264 1c008474 04078793 addi             x15, x15, 64        x15=100001c4 x15:10000184
16792456ns          279265 1c008478 04070713 addi             x14, x14, 64        x14=1c000ec0 x14:1c000e80
16792476ns          279266 1c00847c 04060613 addi             x12, x12, 64        x12=100005c4 x12:10000584
16792496ns          279267 1c00837c 01472303 lw               x6, 20(x14)          x6=00000000 x14:1c000ec0  PA:1c000ed4
16792795ns          279282 1c008380 00072c03 lw               x24, 0(x14)         x24=00000000 x14:1c000ec0  PA:1c000ec0
16793113ns          279298 1c008384 0046ab83 lw               x23, 4(x13)         x23=00000072 x13:1c000ac0  PA:1c000ac4
16793411ns          279313 1c008388 00472b03 lw               x22, 4(x14)         x22=00000000 x14:1c000ec0  PA:1c000ec4
16793710ns          279328 1c00838c 0086a083 lw               x1, 8(x13)           x1=00000073 x13:1c000ac0  PA:1c000ac8
16794008ns          279343 1c008390 00872383 lw               x7, 8(x14)           x7=00000000 x14:1c000ec0  PA:1c000ec8
16794326ns          279359 1c008394 00c6a283 lw               x5, 12(x13)          x5=0000008d x13:1c000ac0  PA:1c000acc
16794624ns          279374 1c008398 00c72f83 lw               x31, 12(x14)        x31=00000000 x14:1c000ec0  PA:1c000ecc
16794923ns          279389 1c00839c 0106af03 lw               x30, 16(x13)        x30=0000008c x13:1c000ac0  PA:1c000ad0
16795221ns          279404 1c0083a0 01072e83 lw               x29, 16(x14)        x29=00000000 x14:1c000ec0  PA:1c000ed0
16795520ns          279419 1c0083a4 0146ae03 lw               x28, 20(x13)        x28=00000076 x13:1c000ac0  PA:1c000ad4
16795838ns          279435 1c0083a8 0186a883 lw               x17, 24(x13)        x17=00000077 x13:1c000ac0  PA:1c000ad8
16796136ns          279450 1c0083ac 01872803 lw               x16, 24(x14)        x16=00000000 x14:1c000ec0  PA:1c000ed8
16796435ns          279465 1c0083b0 01c6a503 lw               x10, 28(x13)        x10=00000089 x13:1c000ac0  PA:1c000adc
16796733ns          279480 1c0083b2 0006ad83 lw               x27, 0(x13)         x27=00000090 x13:1c000ac0  PA:1c000ac0
16797051ns          279496 1c0083b6 00662a23 sw               x6, 20(x12)          x6:00000000 x12:100005c4  PA:100005d8
16797071ns          279497 1c0083ba 01c72303 lw               x6, 28(x14)          x6=00000000 x14:1c000ec0  PA:1c000edc
16797369ns          279512 1c0083be 01862023 sw               x24, 0(x12)         x24:00000000 x12:100005c4  PA:100005c4
16797389ns          279513 1c0083c2 0177a223 sw               x23, 4(x15)         x23:00000072 x15:100001c4  PA:100001c8
16797409ns          279514 1c0083c6 01662223 sw               x22, 4(x12)         x22:00000000 x12:100005c4  PA:100005c8
16797429ns          279515 1c0083ca 0017a423 sw               x1, 8(x15)           x1:00000073 x15:100001c4  PA:100001cc
16797449ns          279516 1c0083ce 00762423 sw               x7, 8(x12)           x7:00000000 x12:100005c4  PA:100005cc
16797469ns          279517 1c0083d2 0057a623 sw               x5, 12(x15)          x5:0000008d x15:100001c4  PA:100001d0
16797489ns          279518 1c0083d6 01f62623 sw               x31, 12(x12)        x31:00000000 x12:100005c4  PA:100005d0
16797509ns          279519 1c0083da 01e7a823 sw               x30, 16(x15)        x30:0000008c x15:100001c4  PA:100001d4
16797529ns          279520 1c0083de 01d62823 sw               x29, 16(x12)        x29:00000000 x12:100005c4  PA:100005d4
16797548ns          279521 1c0083e2 01c7aa23 sw               x28, 20(x15)        x28:00000076 x15:100001c4  PA:100001d8
16797568ns          279522 1c0083e6 0117ac23 sw               x17, 24(x15)        x17:00000077 x15:100001c4  PA:100001dc
16797588ns          279523 1c0083ea 01062c23 sw               x16, 24(x12)        x16:00000000 x12:100005c4  PA:100005dc
16797608ns          279524 1c0083ee 00a7ae23 sw               x10, 28(x15)        x10:00000089 x15:100001c4  PA:100001e0
16797628ns          279525 1c0083f0 00662e23 sw               x6, 28(x12)          x6:00000000 x12:100005c4  PA:100005e0
16797648ns          279526 1c0083f4 01b7a023 sw               x27, 0(x15)         x27:00000090 x15:100001c4  PA:100001c4
16797668ns          279527 1c0083f8 0206ad83 lw               x27, 32(x13)        x27=00000088 x13:1c000ac0  PA:1c000ae0
16797966ns          279542 1c0083fc 03c6a503 lw               x10, 60(x13)        x10=00000081 x13:1c000ac0  PA:1c000afc
16798265ns          279557 1c0083fe 02072c03 lw               x24, 32(x14)        x24=00000000 x14:1c000ec0  PA:1c000ee0
16798563ns          279572 1c008402 0246ab83 lw               x23, 36(x13)        x23=0000007a x13:1c000ac0  PA:1c000ae4
16798861ns          279587 1c008406 02472b03 lw               x22, 36(x14)        x22=00000000 x14:1c000ec0  PA:1c000ee4
16799160ns          279602 1c00840a 0286a083 lw               x1, 40(x13)          x1=0000007b x13:1c000ac0  PA:1c000ae8
16799458ns          279617 1c00840e 02872383 lw               x7, 40(x14)          x7=00000000 x14:1c000ec0  PA:1c000ee8
16799776ns          279633 1c008412 02c6a283 lw               x5, 44(x13)          x5=00000085 x13:1c000ac0  PA:1c000aec
16800075ns          279648 1c008416 02c72f83 lw               x31, 44(x14)        x31=00000000 x14:1c000ec0  PA:1c000eec
16800373ns          279663 1c00841a 0306af03 lw               x30, 48(x13)        x30=00000084 x13:1c000ac0  PA:1c000af0
16800671ns          279678 1c00841e 03072e83 lw               x29, 48(x14)        x29=00000000 x14:1c000ec0  PA:1c000ef0
16800990ns          279694 1c008422 0346ae03 lw               x28, 52(x13)        x28=0000007e x13:1c000ac0  PA:1c000af4
16801288ns          279709 1c008426 03472303 lw               x6, 52(x14)          x6=00000001 x14:1c000ec0  PA:1c000ef4
16801586ns          279724 1c00842a 0386a883 lw               x17, 56(x13)        x17=0000007f x13:1c000ac0  PA:1c000af8
16801885ns          279739 1c00842e 03872803 lw               x16, 56(x14)        x16=00000000 x14:1c000ec0  PA:1c000ef8
16802183ns          279754 1c008432 02a7ae23 sw               x10, 60(x15)        x10:00000081 x15:100001c4  PA:10000200
16802203ns          279755 1c008434 03c72503 lw               x10, 60(x14)        x10=00000000 x14:1c000ec0  PA:1c000efc
16802501ns          279770 1c008436 03b7a023 sw               x27, 32(x15)        x27:00000088 x15:100001c4  PA:100001e4
16802521ns          279771 1c00843a 03862023 sw               x24, 32(x12)        x24:00000000 x12:100005c4  PA:100005e4
16802541ns          279772 1c00843e 0377a223 sw               x23, 36(x15)        x23:0000007a x15:100001c4  PA:100001e8
16802561ns          279773 1c008442 03662223 sw               x22, 36(x12)        x22:00000000 x12:100005c4  PA:100005e8
16802581ns          279774 1c008446 0217a423 sw               x1, 40(x15)          x1:0000007b x15:100001c4  PA:100001ec
16802601ns          279775 1c00844a 02762423 sw               x7, 40(x12)          x7:00000000 x12:100005c4  PA:100005ec
16802621ns          279776 1c00844e 0257a623 sw               x5, 44(x15)          x5:00000085 x15:100001c4  PA:100001f0
16802640ns          279777 1c008452 03f62623 sw               x31, 44(x12)        x31:00000000 x12:100005c4  PA:100005f0
16802660ns          279778 1c008456 03e7a823 sw               x30, 48(x15)        x30:00000084 x15:100001c4  PA:100001f4
16802680ns          279779 1c00845a 03d62823 sw               x29, 48(x12)        x29:00000000 x12:100005c4  PA:100005f4
16802700ns          279780 1c00845e 03c7aa23 sw               x28, 52(x15)        x28:0000007e x15:100001c4  PA:100001f8
16802720ns          279781 1c008462 02662a23 sw               x6, 52(x12)          x6:00000001 x12:100005c4  PA:100005f8
16802740ns          279782 1c008466 0317ac23 sw               x17, 56(x15)        x17:0000007f x15:100001c4  PA:100001fc
16802760ns          279783 1c00846a 03062c23 sw               x16, 56(x12)        x16:00000000 x12:100005c4  PA:100005fc
16802780ns          279784 1c00846e 02a62e23 sw               x10, 60(x12)        x10:00000000 x12:100005c4  PA:10000600
16802800ns          279785 1c008470 04068693 addi             x13, x13, 64        x13=1c000b00 x13:1c000ac0
16802819ns          279786 1c008474 04078793 addi             x15, x15, 64        x15=10000204 x15:100001c4
16802839ns          279787 1c008478 04070713 addi             x14, x14, 64        x14=1c000f00 x14:1c000ec0
16802859ns          279788 1c00847c 04060613 addi             x12, x12, 64        x12=10000604 x12:100005c4
16802879ns          279789 1c00837c 01472303 lw               x6, 20(x14)          x6=00000000 x14:1c000f00  PA:1c000f14
16803197ns          279805 1c008380 00072c03 lw               x24, 0(x14)         x24=00000000 x14:1c000f00  PA:1c000f00
16803496ns          279820 1c008384 0046ab83 lw               x23, 4(x13)         x23=00000082 x13:1c000b00  PA:1c000b04
16803814ns          279836 1c008388 00472b03 lw               x22, 4(x14)         x22=00000000 x14:1c000f00  PA:1c000f04
16804112ns          279851 1c00838c 0086a083 lw               x1, 8(x13)           x1=00000083 x13:1c000b00  PA:1c000b08
16804411ns          279866 1c008390 00872383 lw               x7, 8(x14)           x7=00000000 x14:1c000f00  PA:1c000f08
16804709ns          279881 1c008394 00c6a283 lw               x5, 12(x13)          x5=0000007d x13:1c000b00  PA:1c000b0c
16805027ns          279897 1c008398 00c72f83 lw               x31, 12(x14)        x31=00000000 x14:1c000f00  PA:1c000f0c
16805326ns          279912 1c00839c 0106af03 lw               x30, 16(x13)        x30=0000007c x13:1c000b00  PA:1c000b10
16805624ns          279927 1c0083a0 01072e83 lw               x29, 16(x14)        x29=00000000 x14:1c000f00  PA:1c000f10
16805922ns          279942 1c0083a4 0146ae03 lw               x28, 20(x13)        x28=00000086 x13:1c000b00  PA:1c000b14
16806221ns          279957 1c0083a8 0186a883 lw               x17, 24(x13)        x17=00000087 x13:1c000b00  PA:1c000b18
16806539ns          279973 1c0083ac 01872803 lw               x16, 24(x14)        x16=00000000 x14:1c000f00  PA:1c000f18
16806837ns          279988 1c0083b0 01c6a503 lw               x10, 28(x13)        x10=00000079 x13:1c000b00  PA:1c000b1c
16807136ns          280003 1c0083b2 0006ad83 lw               x27, 0(x13)         x27=00000080 x13:1c000b00  PA:1c000b00
16807434ns          280018 1c0083b6 00662a23 sw               x6, 20(x12)          x6:00000000 x12:10000604  PA:10000618
16807454ns          280019 1c0083ba 01c72303 lw               x6, 28(x14)          x6=00000001 x14:1c000f00  PA:1c000f1c
16807752ns          280034 1c0083be 01862023 sw               x24, 0(x12)         x24:00000000 x12:10000604  PA:10000604
16807772ns          280035 1c0083c2 0177a223 sw               x23, 4(x15)         x23:00000082 x15:10000204  PA:10000208
16807792ns          280036 1c0083c6 01662223 sw               x22, 4(x12)         x22:00000000 x12:10000604  PA:10000608
16807812ns          280037 1c0083ca 0017a423 sw               x1, 8(x15)           x1:00000083 x15:10000204  PA:1000020c
16807832ns          280038 1c0083ce 00762423 sw               x7, 8(x12)           x7:00000000 x12:10000604  PA:1000060c
16807852ns          280039 1c0083d2 0057a623 sw               x5, 12(x15)          x5:0000007d x15:10000204  PA:10000210
16807872ns          280040 1c0083d6 01f62623 sw               x31, 12(x12)        x31:00000000 x12:10000604  PA:10000610
16807892ns          280041 1c0083da 01e7a823 sw               x30, 16(x15)        x30:0000007c x15:10000204  PA:10000214
16807912ns          280042 1c0083de 01d62823 sw               x29, 16(x12)        x29:00000000 x12:10000604  PA:10000614
16807931ns          280043 1c0083e2 01c7aa23 sw               x28, 20(x15)        x28:00000086 x15:10000204  PA:10000218
16807951ns          280044 1c0083e6 0117ac23 sw               x17, 24(x15)        x17:00000087 x15:10000204  PA:1000021c
16807971ns          280045 1c0083ea 01062c23 sw               x16, 24(x12)        x16:00000000 x12:10000604  PA:1000061c
16807991ns          280046 1c0083ee 00a7ae23 sw               x10, 28(x15)        x10:00000079 x15:10000204  PA:10000220
16808011ns          280047 1c0083f0 00662e23 sw               x6, 28(x12)          x6:00000001 x12:10000604  PA:10000620
16808031ns          280048 1c0083f4 01b7a023 sw               x27, 0(x15)         x27:00000080 x15:10000204  PA:10000204
16808051ns          280049 1c0083f8 0206ad83 lw               x27, 32(x13)        x27=00000078 x13:1c000b00  PA:1c000b20
16808349ns          280064 1c0083fc 03c6a503 lw               x10, 60(x13)        x10=00000071 x13:1c000b00  PA:1c000b3c
16808647ns          280079 1c0083fe 02072c03 lw               x24, 32(x14)        x24=00000000 x14:1c000f00  PA:1c000f20
16808966ns          280095 1c008402 0246ab83 lw               x23, 36(x13)        x23=0000008a x13:1c000b00  PA:1c000b24
16809264ns          280110 1c008406 02472b03 lw               x22, 36(x14)        x22=00000000 x14:1c000f00  PA:1c000f24
16809562ns          280125 1c00840a 0286a083 lw               x1, 40(x13)          x1=0000008b x13:1c000b00  PA:1c000b28
16809861ns          280140 1c00840e 02872383 lw               x7, 40(x14)          x7=00000000 x14:1c000f00  PA:1c000f28
16810159ns          280155 1c008412 02c6a283 lw               x5, 44(x13)          x5=00000075 x13:1c000b00  PA:1c000b2c
16810477ns          280171 1c008416 02c72f83 lw               x31, 44(x14)        x31=00000000 x14:1c000f00  PA:1c000f2c
16810776ns          280186 1c00841a 0306af03 lw               x30, 48(x13)        x30=00000074 x13:1c000b00  PA:1c000b30
16811074ns          280201 1c00841e 03072e83 lw               x29, 48(x14)        x29=00000000 x14:1c000f00  PA:1c000f30
16811373ns          280216 1c008422 0346ae03 lw               x28, 52(x13)        x28=0000008e x13:1c000b00  PA:1c000b34
16811691ns          280232 1c008426 03472303 lw               x6, 52(x14)          x6=00000001 x14:1c000f00  PA:1c000f34
16811989ns          280247 1c00842a 0386a883 lw               x17, 56(x13)        x17=0000008f x13:1c000b00  PA:1c000b38
16812287ns          280262 1c00842e 03872803 lw               x16, 56(x14)        x16=00000000 x14:1c000f00  PA:1c000f38
16812586ns          280277 1c008432 02a7ae23 sw               x10, 60(x15)        x10:00000071 x15:10000204  PA:10000240
16812606ns          280278 1c008434 03c72503 lw               x10, 60(x14)        x10=00000000 x14:1c000f00  PA:1c000f3c
16812904ns          280293 1c008436 03b7a023 sw               x27, 32(x15)        x27:00000078 x15:10000204  PA:10000224
16812924ns          280294 1c00843a 03862023 sw               x24, 32(x12)        x24:00000000 x12:10000604  PA:10000624
16812944ns          280295 1c00843e 0377a223 sw               x23, 36(x15)        x23:0000008a x15:10000204  PA:10000228
16812964ns          280296 1c008442 03662223 sw               x22, 36(x12)        x22:00000000 x12:10000604  PA:10000628
16812984ns          280297 1c008446 0217a423 sw               x1, 40(x15)          x1:0000008b x15:10000204  PA:1000022c
16813004ns          280298 1c00844a 02762423 sw               x7, 40(x12)          x7:00000000 x12:10000604  PA:1000062c
16813023ns          280299 1c00844e 0257a623 sw               x5, 44(x15)          x5:00000075 x15:10000204  PA:10000230
16813043ns          280300 1c008452 03f62623 sw               x31, 44(x12)        x31:00000000 x12:10000604  PA:10000630
16813063ns          280301 1c008456 03e7a823 sw               x30, 48(x15)        x30:00000074 x15:10000204  PA:10000234
16813083ns          280302 1c00845a 03d62823 sw               x29, 48(x12)        x29:00000000 x12:10000604  PA:10000634
16813103ns          280303 1c00845e 03c7aa23 sw               x28, 52(x15)        x28:0000008e x15:10000204  PA:10000238
16813123ns          280304 1c008462 02662a23 sw               x6, 52(x12)          x6:00000001 x12:10000604  PA:10000638
16813143ns          280305 1c008466 0317ac23 sw               x17, 56(x15)        x17:0000008f x15:10000204  PA:1000023c
16813163ns          280306 1c00846a 03062c23 sw               x16, 56(x12)        x16:00000000 x12:10000604  PA:1000063c
16813183ns          280307 1c00846e 02a62e23 sw               x10, 60(x12)        x10:00000000 x12:10000604  PA:10000640
16813202ns          280308 1c008470 04068693 addi             x13, x13, 64        x13=1c000b40 x13:1c000b00
16813222ns          280309 1c008474 04078793 addi             x15, x15, 64        x15=10000244 x15:10000204
16813242ns          280310 1c008478 04070713 addi             x14, x14, 64        x14=1c000f40 x14:1c000f00
16813262ns          280311 1c00847c 04060613 addi             x12, x12, 64        x12=10000644 x12:10000604
16813282ns          280312 1c00837c 01472303 lw               x6, 20(x14)          x6=00000000 x14:1c000f40  PA:1c000f54
16813600ns          280328 1c008380 00072c03 lw               x24, 0(x14)         x24=00000000 x14:1c000f40  PA:1c000f40
16813899ns          280343 1c008384 0046ab83 lw               x23, 4(x13)         x23=0000006f x13:1c000b40  PA:1c000b44
16814197ns          280358 1c008388 00472b03 lw               x22, 4(x14)         x22=00000000 x14:1c000f40  PA:1c000f44
16814515ns          280374 1c00838c 0086a083 lw               x1, 8(x13)           x1=0000006e x13:1c000b40  PA:1c000b48
16814814ns          280389 1c008390 00872383 lw               x7, 8(x14)           x7=00000000 x14:1c000f40  PA:1c000f48
16815112ns          280404 1c008394 00c6a283 lw               x5, 12(x13)          x5=00000094 x13:1c000b40  PA:1c000b4c
16815410ns          280419 1c008398 00c72f83 lw               x31, 12(x14)        x31=00000000 x14:1c000f40  PA:1c000f4c
16815729ns          280435 1c00839c 0106af03 lw               x30, 16(x13)        x30=00000095 x13:1c000b40  PA:1c000b50
16816027ns          280450 1c0083a0 01072e83 lw               x29, 16(x14)        x29=00000001 x14:1c000f40  PA:1c000f50
16816325ns          280465 1c0083a4 0146ae03 lw               x28, 20(x13)        x28=0000006b x13:1c000b40  PA:1c000b54
16816624ns          280480 1c0083a8 0186a883 lw               x17, 24(x13)        x17=0000006a x13:1c000b40  PA:1c000b58
16816922ns          280495 1c0083ac 01872803 lw               x16, 24(x14)        x16=00000000 x14:1c000f40  PA:1c000f58
16817240ns          280511 1c0083b0 01c6a503 lw               x10, 28(x13)        x10=00000098 x13:1c000b40  PA:1c000b5c
16817539ns          280526 1c0083b2 0006ad83 lw               x27, 0(x13)         x27=00000091 x13:1c000b40  PA:1c000b40
16817837ns          280541 1c0083b6 00662a23 sw               x6, 20(x12)          x6:00000000 x12:10000644  PA:10000658
16817857ns          280542 1c0083ba 01c72303 lw               x6, 28(x14)          x6=00000000 x14:1c000f40  PA:1c000f5c
16818155ns          280557 1c0083be 01862023 sw               x24, 0(x12)         x24:00000000 x12:10000644  PA:10000644
16818175ns          280558 1c0083c2 0177a223 sw               x23, 4(x15)         x23:0000006f x15:10000244  PA:10000248
16818195ns          280559 1c0083c6 01662223 sw               x22, 4(x12)         x22:00000000 x12:10000644  PA:10000648
16818215ns          280560 1c0083ca 0017a423 sw               x1, 8(x15)           x1:0000006e x15:10000244  PA:1000024c
16818235ns          280561 1c0083ce 00762423 sw               x7, 8(x12)           x7:00000000 x12:10000644  PA:1000064c
16818255ns          280562 1c0083d2 0057a623 sw               x5, 12(x15)          x5:00000094 x15:10000244  PA:10000250
16818275ns          280563 1c0083d6 01f62623 sw               x31, 12(x12)        x31:00000000 x12:10000644  PA:10000650
16818294ns          280564 1c0083da 01e7a823 sw               x30, 16(x15)        x30:00000095 x15:10000244  PA:10000254
16818314ns          280565 1c0083de 01d62823 sw               x29, 16(x12)        x29:00000001 x12:10000644  PA:10000654
16818334ns          280566 1c0083e2 01c7aa23 sw               x28, 20(x15)        x28:0000006b x15:10000244  PA:10000258
16818354ns          280567 1c0083e6 0117ac23 sw               x17, 24(x15)        x17:0000006a x15:10000244  PA:1000025c
16818374ns          280568 1c0083ea 01062c23 sw               x16, 24(x12)        x16:00000000 x12:10000644  PA:1000065c
16818394ns          280569 1c0083ee 00a7ae23 sw               x10, 28(x15)        x10:00000098 x15:10000244  PA:10000260
16818414ns          280570 1c0083f0 00662e23 sw               x6, 28(x12)          x6:00000000 x12:10000644  PA:10000660
16818434ns          280571 1c0083f4 01b7a023 sw               x27, 0(x15)         x27:00000091 x15:10000244  PA:10000244
16818454ns          280572 1c0083f8 0206ad83 lw               x27, 32(x13)        x27=00000099 x13:1c000b40  PA:1c000b60
16818752ns          280587 1c0083fc 03c6a503 lw               x10, 60(x13)        x10=000000a0 x13:1c000b40  PA:1c000b7c
16819050ns          280602 1c0083fe 02072c03 lw               x24, 32(x14)        x24=00000000 x14:1c000f40  PA:1c000f60
16819349ns          280617 1c008402 0246ab83 lw               x23, 36(x13)        x23=00000067 x13:1c000b40  PA:1c000b64
16819667ns          280633 1c008406 02472b03 lw               x22, 36(x14)        x22=00000000 x14:1c000f40  PA:1c000f64
16819965ns          280648 1c00840a 0286a083 lw               x1, 40(x13)          x1=00000066 x13:1c000b40  PA:1c000b68
16820264ns          280663 1c00840e 02872383 lw               x7, 40(x14)          x7=00000000 x14:1c000f40  PA:1c000f68
16820562ns          280678 1c008412 02c6a283 lw               x5, 44(x13)          x5=0000009c x13:1c000b40  PA:1c000b6c
16820860ns          280693 1c008416 02c72f83 lw               x31, 44(x14)        x31=00000000 x14:1c000f40  PA:1c000f6c
16821179ns          280709 1c00841a 0306af03 lw               x30, 48(x13)        x30=0000009d x13:1c000b40  PA:1c000b70
16821477ns          280724 1c00841e 03072e83 lw               x29, 48(x14)        x29=00000000 x14:1c000f40  PA:1c000f70
16821775ns          280739 1c008422 0346ae03 lw               x28, 52(x13)        x28=00000063 x13:1c000b40  PA:1c000b74
16822074ns          280754 1c008426 03472303 lw               x6, 52(x14)          x6=00000000 x14:1c000f40  PA:1c000f74
16822392ns          280770 1c00842a 0386a883 lw               x17, 56(x13)        x17=00000062 x13:1c000b40  PA:1c000b78
16822690ns          280785 1c00842e 03872803 lw               x16, 56(x14)        x16=00000001 x14:1c000f40  PA:1c000f78
16822989ns          280800 1c008432 02a7ae23 sw               x10, 60(x15)        x10:000000a0 x15:10000244  PA:10000280
16823009ns          280801 1c008434 03c72503 lw               x10, 60(x14)        x10=00000001 x14:1c000f40  PA:1c000f7c
16823307ns          280816 1c008436 03b7a023 sw               x27, 32(x15)        x27:00000099 x15:10000244  PA:10000264
16823327ns          280817 1c00843a 03862023 sw               x24, 32(x12)        x24:00000000 x12:10000644  PA:10000664
16823347ns          280818 1c00843e 0377a223 sw               x23, 36(x15)        x23:00000067 x15:10000244  PA:10000268
16823367ns          280819 1c008442 03662223 sw               x22, 36(x12)        x22:00000000 x12:10000644  PA:10000668
16823387ns          280820 1c008446 0217a423 sw               x1, 40(x15)          x1:00000066 x15:10000244  PA:1000026c
16823406ns          280821 1c00844a 02762423 sw               x7, 40(x12)          x7:00000000 x12:10000644  PA:1000066c
16823426ns          280822 1c00844e 0257a623 sw               x5, 44(x15)          x5:0000009c x15:10000244  PA:10000270
16823446ns          280823 1c008452 03f62623 sw               x31, 44(x12)        x31:00000000 x12:10000644  PA:10000670
16823466ns          280824 1c008456 03e7a823 sw               x30, 48(x15)        x30:0000009d x15:10000244  PA:10000274
16823486ns          280825 1c00845a 03d62823 sw               x29, 48(x12)        x29:00000000 x12:10000644  PA:10000674
16823506ns          280826 1c00845e 03c7aa23 sw               x28, 52(x15)        x28:00000063 x15:10000244  PA:10000278
16823526ns          280827 1c008462 02662a23 sw               x6, 52(x12)          x6:00000000 x12:10000644  PA:10000678
16823546ns          280828 1c008466 0317ac23 sw               x17, 56(x15)        x17:00000062 x15:10000244  PA:1000027c
16823566ns          280829 1c00846a 03062c23 sw               x16, 56(x12)        x16:00000001 x12:10000644  PA:1000067c
16823585ns          280830 1c00846e 02a62e23 sw               x10, 60(x12)        x10:00000001 x12:10000644  PA:10000680
16823605ns          280831 1c008470 04068693 addi             x13, x13, 64        x13=1c000b80 x13:1c000b40
16823625ns          280832 1c008474 04078793 addi             x15, x15, 64        x15=10000284 x15:10000244
16823645ns          280833 1c008478 04070713 addi             x14, x14, 64        x14=1c000f80 x14:1c000f40
16823665ns          280834 1c00847c 04060613 addi             x12, x12, 64        x12=10000684 x12:10000644
16823685ns          280835 1c00837c 01472303 lw               x6, 20(x14)          x6=00000000 x14:1c000f80  PA:1c000f94
16824003ns          280851 1c008380 00072c03 lw               x24, 0(x14)         x24=00000000 x14:1c000f80  PA:1c000f80
16824301ns          280866 1c008384 0046ab83 lw               x23, 4(x13)         x23=0000005f x13:1c000b80  PA:1c000b84
16824600ns          280881 1c008388 00472b03 lw               x22, 4(x14)         x22=00000000 x14:1c000f80  PA:1c000f84
16824898ns          280896 1c00838c 0086a083 lw               x1, 8(x13)           x1=0000005e x13:1c000b80  PA:1c000b88
16825216ns          280912 1c008390 00872383 lw               x7, 8(x14)           x7=00000001 x14:1c000f80  PA:1c000f88
16825515ns          280927 1c008394 00c6a283 lw               x5, 12(x13)          x5=000000a4 x13:1c000b80  PA:1c000b8c
16825813ns          280942 1c008398 00c72f83 lw               x31, 12(x14)        x31=00000001 x14:1c000f80  PA:1c000f8c
16826112ns          280957 1c00839c 0106af03 lw               x30, 16(x13)        x30=000000a5 x13:1c000b80  PA:1c000b90
16826430ns          280973 1c0083a0 01072e83 lw               x29, 16(x14)        x29=00000000 x14:1c000f80  PA:1c000f90
16826728ns          280988 1c0083a4 0146ae03 lw               x28, 20(x13)        x28=0000005b x13:1c000b80  PA:1c000b94
16827027ns          281003 1c0083a8 0186a883 lw               x17, 24(x13)        x17=0000005a x13:1c000b80  PA:1c000b98
16827325ns          281018 1c0083ac 01872803 lw               x16, 24(x14)        x16=00000000 x14:1c000f80  PA:1c000f98
16827643ns          281034 1c0083b0 01c6a503 lw               x10, 28(x13)        x10=000000a8 x13:1c000b80  PA:1c000b9c
16827942ns          281049 1c0083b2 0006ad83 lw               x27, 0(x13)         x27=000000a1 x13:1c000b80  PA:1c000b80
16828240ns          281064 1c0083b6 00662a23 sw               x6, 20(x12)          x6:00000000 x12:10000684  PA:10000698
16828260ns          281065 1c0083ba 01c72303 lw               x6, 28(x14)          x6=00000000 x14:1c000f80  PA:1c000f9c
16828558ns          281080 1c0083be 01862023 sw               x24, 0(x12)         x24:00000000 x12:10000684  PA:10000684
16828578ns          281081 1c0083c2 0177a223 sw               x23, 4(x15)         x23:0000005f x15:10000284  PA:10000288
16828598ns          281082 1c0083c6 01662223 sw               x22, 4(x12)         x22:00000000 x12:10000684  PA:10000688
16828618ns          281083 1c0083ca 0017a423 sw               x1, 8(x15)           x1:0000005e x15:10000284  PA:1000028c
16828638ns          281084 1c0083ce 00762423 sw               x7, 8(x12)           x7:00000001 x12:10000684  PA:1000068c
16828658ns          281085 1c0083d2 0057a623 sw               x5, 12(x15)          x5:000000a4 x15:10000284  PA:10000290
16828677ns          281086 1c0083d6 01f62623 sw               x31, 12(x12)        x31:00000001 x12:10000684  PA:10000690
16828697ns          281087 1c0083da 01e7a823 sw               x30, 16(x15)        x30:000000a5 x15:10000284  PA:10000294
16828717ns          281088 1c0083de 01d62823 sw               x29, 16(x12)        x29:00000000 x12:10000684  PA:10000694
16828737ns          281089 1c0083e2 01c7aa23 sw               x28, 20(x15)        x28:0000005b x15:10000284  PA:10000298
16828757ns          281090 1c0083e6 0117ac23 sw               x17, 24(x15)        x17:0000005a x15:10000284  PA:1000029c
16828777ns          281091 1c0083ea 01062c23 sw               x16, 24(x12)        x16:00000000 x12:10000684  PA:1000069c
16828797ns          281092 1c0083ee 00a7ae23 sw               x10, 28(x15)        x10:000000a8 x15:10000284  PA:100002a0
16828817ns          281093 1c0083f0 00662e23 sw               x6, 28(x12)          x6:00000000 x12:10000684  PA:100006a0
16828837ns          281094 1c0083f4 01b7a023 sw               x27, 0(x15)         x27:000000a1 x15:10000284  PA:10000284
16828856ns          281095 1c0083f8 0206ad83 lw               x27, 32(x13)        x27=000000a9 x13:1c000b80  PA:1c000ba0
16829155ns          281110 1c0083fc 03c6a503 lw               x10, 60(x13)        x10=000000b0 x13:1c000b80  PA:1c000bbc
16829453ns          281125 1c0083fe 02072c03 lw               x24, 32(x14)        x24=00000000 x14:1c000f80  PA:1c000fa0
16829752ns          281140 1c008402 0246ab83 lw               x23, 36(x13)        x23=00000057 x13:1c000b80  PA:1c000ba4
16830050ns          281155 1c008406 02472b03 lw               x22, 36(x14)        x22=00000000 x14:1c000f80  PA:1c000fa4
16830368ns          281171 1c00840a 0286a083 lw               x1, 40(x13)          x1=00000056 x13:1c000b80  PA:1c000ba8
16830667ns          281186 1c00840e 02872383 lw               x7, 40(x14)          x7=00000001 x14:1c000f80  PA:1c000fa8
16830965ns          281201 1c008412 02c6a283 lw               x5, 44(x13)          x5=000000ac x13:1c000b80  PA:1c000bac
16831263ns          281216 1c008416 02c72f83 lw               x31, 44(x14)        x31=00000001 x14:1c000f80  PA:1c000fac
16831562ns          281231 1c00841a 0306af03 lw               x30, 48(x13)        x30=000000ad x13:1c000b80  PA:1c000bb0
16831880ns          281247 1c00841e 03072e83 lw               x29, 48(x14)        x29=00000000 x14:1c000f80  PA:1c000fb0
16832178ns          281262 1c008422 0346ae03 lw               x28, 52(x13)        x28=00000053 x13:1c000b80  PA:1c000bb4
16832477ns          281277 1c008426 03472303 lw               x6, 52(x14)          x6=00000001 x14:1c000f80  PA:1c000fb4
16832775ns          281292 1c00842a 0386a883 lw               x17, 56(x13)        x17=00000052 x13:1c000b80  PA:1c000bb8
16833093ns          281308 1c00842e 03872803 lw               x16, 56(x14)        x16=00000000 x14:1c000f80  PA:1c000fb8
16833392ns          281323 1c008432 02a7ae23 sw               x10, 60(x15)        x10:000000b0 x15:10000284  PA:100002c0
16833411ns          281324 1c008434 03c72503 lw               x10, 60(x14)        x10=00000000 x14:1c000f80  PA:1c000fbc
16833710ns          281339 1c008436 03b7a023 sw               x27, 32(x15)        x27:000000a9 x15:10000284  PA:100002a4
16833730ns          281340 1c00843a 03862023 sw               x24, 32(x12)        x24:00000000 x12:10000684  PA:100006a4
16833750ns          281341 1c00843e 0377a223 sw               x23, 36(x15)        x23:00000057 x15:10000284  PA:100002a8
16833769ns          281342 1c008442 03662223 sw               x22, 36(x12)        x22:00000000 x12:10000684  PA:100006a8
16833789ns          281343 1c008446 0217a423 sw               x1, 40(x15)          x1:00000056 x15:10000284  PA:100002ac
16833809ns          281344 1c00844a 02762423 sw               x7, 40(x12)          x7:00000001 x12:10000684  PA:100006ac
16833829ns          281345 1c00844e 0257a623 sw               x5, 44(x15)          x5:000000ac x15:10000284  PA:100002b0
16833849ns          281346 1c008452 03f62623 sw               x31, 44(x12)        x31:00000001 x12:10000684  PA:100006b0
16833869ns          281347 1c008456 03e7a823 sw               x30, 48(x15)        x30:000000ad x15:10000284  PA:100002b4
16833889ns          281348 1c00845a 03d62823 sw               x29, 48(x12)        x29:00000000 x12:10000684  PA:100006b4
16833909ns          281349 1c00845e 03c7aa23 sw               x28, 52(x15)        x28:00000053 x15:10000284  PA:100002b8
16833929ns          281350 1c008462 02662a23 sw               x6, 52(x12)          x6:00000001 x12:10000684  PA:100006b8
16833949ns          281351 1c008466 0317ac23 sw               x17, 56(x15)        x17:00000052 x15:10000284  PA:100002bc
16833968ns          281352 1c00846a 03062c23 sw               x16, 56(x12)        x16:00000000 x12:10000684  PA:100006bc
16833988ns          281353 1c00846e 02a62e23 sw               x10, 60(x12)        x10:00000000 x12:10000684  PA:100006c0
16834008ns          281354 1c008470 04068693 addi             x13, x13, 64        x13=1c000bc0 x13:1c000b80
16834028ns          281355 1c008474 04078793 addi             x15, x15, 64        x15=100002c4 x15:10000284
16834048ns          281356 1c008478 04070713 addi             x14, x14, 64        x14=1c000fc0 x14:1c000f80
16834068ns          281357 1c00847c 04060613 addi             x12, x12, 64        x12=100006c4 x12:10000684
16834088ns          281358 1c00837c 01472303 lw               x6, 20(x14)          x6=00000000 x14:1c000fc0  PA:1c000fd4
16834406ns          281374 1c008380 00072c03 lw               x24, 0(x14)         x24=00000001 x14:1c000fc0  PA:1c000fc0
16834704ns          281389 1c008384 0046ab83 lw               x23, 4(x13)         x23=000000b2 x13:1c000bc0  PA:1c000bc4
16835003ns          281404 1c008388 00472b03 lw               x22, 4(x14)         x22=00000001 x14:1c000fc0  PA:1c000fc4
16835301ns          281419 1c00838c 0086a083 lw               x1, 8(x13)           x1=000000b3 x13:1c000bc0  PA:1c000bc8
16835619ns          281435 1c008390 00872383 lw               x7, 8(x14)           x7=00000000 x14:1c000fc0  PA:1c000fc8
16835918ns          281450 1c008394 00c6a283 lw               x5, 12(x13)          x5=0000004d x13:1c000bc0  PA:1c000bcc
16836216ns          281465 1c008398 00c72f83 lw               x31, 12(x14)        x31=00000000 x14:1c000fc0  PA:1c000fcc
16836514ns          281480 1c00839c 0106af03 lw               x30, 16(x13)        x30=0000004c x13:1c000bc0  PA:1c000bd0
16836813ns          281495 1c0083a0 01072e83 lw               x29, 16(x14)        x29=00000000 x14:1c000fc0  PA:1c000fd0
16837131ns          281511 1c0083a4 0146ae03 lw               x28, 20(x13)        x28=000000b6 x13:1c000bc0  PA:1c000bd4
16837429ns          281526 1c0083a8 0186a883 lw               x17, 24(x13)        x17=000000b7 x13:1c000bc0  PA:1c000bd8
16837728ns          281541 1c0083ac 01872803 lw               x16, 24(x14)        x16=00000000 x14:1c000fc0  PA:1c000fd8
16838026ns          281556 1c0083b0 01c6a503 lw               x10, 28(x13)        x10=00000049 x13:1c000bc0  PA:1c000bdc
16838344ns          281572 1c0083b2 0006ad83 lw               x27, 0(x13)         x27=00000050 x13:1c000bc0  PA:1c000bc0
16838643ns          281587 1c0083b6 00662a23 sw               x6, 20(x12)          x6:00000000 x12:100006c4  PA:100006d8
16838663ns          281588 1c0083ba 01c72303 lw               x6, 28(x14)          x6=00000000 x14:1c000fc0  PA:1c000fdc
16838961ns          281603 1c0083be 01862023 sw               x24, 0(x12)         x24:00000001 x12:100006c4  PA:100006c4
16838981ns          281604 1c0083c2 0177a223 sw               x23, 4(x15)         x23:000000b2 x15:100002c4  PA:100002c8
16839001ns          281605 1c0083c6 01662223 sw               x22, 4(x12)         x22:00000001 x12:100006c4  PA:100006c8
16839021ns          281606 1c0083ca 0017a423 sw               x1, 8(x15)           x1:000000b3 x15:100002c4  PA:100002cc
16839041ns          281607 1c0083ce 00762423 sw               x7, 8(x12)           x7:00000000 x12:100006c4  PA:100006cc
16839060ns          281608 1c0083d2 0057a623 sw               x5, 12(x15)          x5:0000004d x15:100002c4  PA:100002d0
16839080ns          281609 1c0083d6 01f62623 sw               x31, 12(x12)        x31:00000000 x12:100006c4  PA:100006d0
16839100ns          281610 1c0083da 01e7a823 sw               x30, 16(x15)        x30:0000004c x15:100002c4  PA:100002d4
16839120ns          281611 1c0083de 01d62823 sw               x29, 16(x12)        x29:00000000 x12:100006c4  PA:100006d4
16839140ns          281612 1c0083e2 01c7aa23 sw               x28, 20(x15)        x28:000000b6 x15:100002c4  PA:100002d8
16839160ns          281613 1c0083e6 0117ac23 sw               x17, 24(x15)        x17:000000b7 x15:100002c4  PA:100002dc
16839180ns          281614 1c0083ea 01062c23 sw               x16, 24(x12)        x16:00000000 x12:100006c4  PA:100006dc
16839200ns          281615 1c0083ee 00a7ae23 sw               x10, 28(x15)        x10:00000049 x15:100002c4  PA:100002e0
16839220ns          281616 1c0083f0 00662e23 sw               x6, 28(x12)          x6:00000000 x12:100006c4  PA:100006e0
16839239ns          281617 1c0083f4 01b7a023 sw               x27, 0(x15)         x27:00000050 x15:100002c4  PA:100002c4
16839259ns          281618 1c0083f8 0206ad83 lw               x27, 32(x13)        x27=00000048 x13:1c000bc0  PA:1c000be0
16839558ns          281633 1c0083fc 03c6a503 lw               x10, 60(x13)        x10=00000041 x13:1c000bc0  PA:1c000bfc
16839856ns          281648 1c0083fe 02072c03 lw               x24, 32(x14)        x24=00000000 x14:1c000fc0  PA:1c000fe0
16840154ns          281663 1c008402 0246ab83 lw               x23, 36(x13)        x23=000000ba x13:1c000bc0  PA:1c000be4
16840453ns          281678 1c008406 02472b03 lw               x22, 36(x14)        x22=00000000 x14:1c000fc0  PA:1c000fe4
16840751ns          281693 1c00840a 0286a083 lw               x1, 40(x13)          x1=000000bb x13:1c000bc0  PA:1c000be8
16841069ns          281709 1c00840e 02872383 lw               x7, 40(x14)          x7=00000000 x14:1c000fc0  PA:1c000fe8
16841368ns          281724 1c008412 02c6a283 lw               x5, 44(x13)          x5=00000045 x13:1c000bc0  PA:1c000bec
16841666ns          281739 1c008416 02c72f83 lw               x31, 44(x14)        x31=00000000 x14:1c000fc0  PA:1c000fec
16841964ns          281754 1c00841a 0306af03 lw               x30, 48(x13)        x30=00000044 x13:1c000bc0  PA:1c000bf0
16842283ns          281770 1c00841e 03072e83 lw               x29, 48(x14)        x29=00000000 x14:1c000fc0  PA:1c000ff0
16842581ns          281785 1c008422 0346ae03 lw               x28, 52(x13)        x28=000000be x13:1c000bc0  PA:1c000bf4
16842879ns          281800 1c008426 03472303 lw               x6, 52(x14)          x6=00000000 x14:1c000fc0  PA:1c000ff4
16843178ns          281815 1c00842a 0386a883 lw               x17, 56(x13)        x17=000000bf x13:1c000bc0  PA:1c000bf8
16843476ns          281830 1c00842e 03872803 lw               x16, 56(x14)        x16=00000001 x14:1c000fc0  PA:1c000ff8
16843794ns          281846 1c008432 02a7ae23 sw               x10, 60(x15)        x10:00000041 x15:100002c4  PA:10000300
16843814ns          281847 1c008434 03c72503 lw               x10, 60(x14)        x10=00000001 x14:1c000fc0  PA:1c000ffc
16844113ns          281862 1c008436 03b7a023 sw               x27, 32(x15)        x27:00000048 x15:100002c4  PA:100002e4
16844133ns          281863 1c00843a 03862023 sw               x24, 32(x12)        x24:00000000 x12:100006c4  PA:100006e4
16844152ns          281864 1c00843e 0377a223 sw               x23, 36(x15)        x23:000000ba x15:100002c4  PA:100002e8
16844172ns          281865 1c008442 03662223 sw               x22, 36(x12)        x22:00000000 x12:100006c4  PA:100006e8
16844192ns          281866 1c008446 0217a423 sw               x1, 40(x15)          x1:000000bb x15:100002c4  PA:100002ec
16844212ns          281867 1c00844a 02762423 sw               x7, 40(x12)          x7:00000000 x12:100006c4  PA:100006ec
16844232ns          281868 1c00844e 0257a623 sw               x5, 44(x15)          x5:00000045 x15:100002c4  PA:100002f0
16844252ns          281869 1c008452 03f62623 sw               x31, 44(x12)        x31:00000000 x12:100006c4  PA:100006f0
16844272ns          281870 1c008456 03e7a823 sw               x30, 48(x15)        x30:00000044 x15:100002c4  PA:100002f4
16844292ns          281871 1c00845a 03d62823 sw               x29, 48(x12)        x29:00000000 x12:100006c4  PA:100006f4
16844312ns          281872 1c00845e 03c7aa23 sw               x28, 52(x15)        x28:000000be x15:100002c4  PA:100002f8
16844331ns          281873 1c008462 02662a23 sw               x6, 52(x12)          x6:00000000 x12:100006c4  PA:100006f8
16844351ns          281874 1c008466 0317ac23 sw               x17, 56(x15)        x17:000000bf x15:100002c4  PA:100002fc
16844371ns          281875 1c00846a 03062c23 sw               x16, 56(x12)        x16:00000001 x12:100006c4  PA:100006fc
16844391ns          281876 1c00846e 02a62e23 sw               x10, 60(x12)        x10:00000001 x12:100006c4  PA:10000700
16844411ns          281877 1c008470 04068693 addi             x13, x13, 64        x13=1c000c00 x13:1c000bc0
16844431ns          281878 1c008474 04078793 addi             x15, x15, 64        x15=10000304 x15:100002c4
16844451ns          281879 1c008478 04070713 addi             x14, x14, 64        x14=1c001000 x14:1c000fc0
16844471ns          281880 1c00847c 04060613 addi             x12, x12, 64        x12=10000704 x12:100006c4
16844491ns          281881 1c00837c 01472303 lw               x6, 20(x14)          x6=00000000 x14:1c001000  PA:1c001014
16844789ns          281896 1c008380 00072c03 lw               x24, 0(x14)         x24=00000000 x14:1c001000  PA:1c001000
16845107ns          281912 1c008384 0046ab83 lw               x23, 4(x13)         x23=000000c2 x13:1c000c00  PA:1c000c04
16845406ns          281927 1c008388 00472b03 lw               x22, 4(x14)         x22=00000000 x14:1c001000  PA:1c001004
16845704ns          281942 1c00838c 0086a083 lw               x1, 8(x13)           x1=000000c3 x13:1c000c00  PA:1c000c08
16846002ns          281957 1c008390 00872383 lw               x7, 8(x14)           x7=00000000 x14:1c001000  PA:1c001008
16846321ns          281973 1c008394 00c6a283 lw               x5, 12(x13)          x5=0000003d x13:1c000c00  PA:1c000c0c
16846619ns          281988 1c008398 00c72f83 lw               x31, 12(x14)        x31=00000001 x14:1c001000  PA:1c00100c
16846917ns          282003 1c00839c 0106af03 lw               x30, 16(x13)        x30=0000003c x13:1c000c00  PA:1c000c10
16847216ns          282018 1c0083a0 01072e83 lw               x29, 16(x14)        x29=00000000 x14:1c001000  PA:1c001010
16847514ns          282033 1c0083a4 0146ae03 lw               x28, 20(x13)        x28=000000c6 x13:1c000c00  PA:1c000c14
16847832ns          282049 1c0083a8 0186a883 lw               x17, 24(x13)        x17=000000c7 x13:1c000c00  PA:1c000c18
16848131ns          282064 1c0083ac 01872803 lw               x16, 24(x14)        x16=00000000 x14:1c001000  PA:1c001018
16848429ns          282079 1c0083b0 01c6a503 lw               x10, 28(x13)        x10=00000039 x13:1c000c00  PA:1c000c1c
16848727ns          282094 1c0083b2 0006ad83 lw               x27, 0(x13)         x27=00000040 x13:1c000c00  PA:1c000c00
16849046ns          282110 1c0083b6 00662a23 sw               x6, 20(x12)          x6:00000000 x12:10000704  PA:10000718
16849065ns          282111 1c0083ba 01c72303 lw               x6, 28(x14)          x6=00000001 x14:1c001000  PA:1c00101c
16849364ns          282126 1c0083be 01862023 sw               x24, 0(x12)         x24:00000000 x12:10000704  PA:10000704
16849384ns          282127 1c0083c2 0177a223 sw               x23, 4(x15)         x23:000000c2 x15:10000304  PA:10000308
16849404ns          282128 1c0083c6 01662223 sw               x22, 4(x12)         x22:00000000 x12:10000704  PA:10000708
16849424ns          282129 1c0083ca 0017a423 sw               x1, 8(x15)           x1:000000c3 x15:10000304  PA:1000030c
16849443ns          282130 1c0083ce 00762423 sw               x7, 8(x12)           x7:00000000 x12:10000704  PA:1000070c
16849463ns          282131 1c0083d2 0057a623 sw               x5, 12(x15)          x5:0000003d x15:10000304  PA:10000310
16849483ns          282132 1c0083d6 01f62623 sw               x31, 12(x12)        x31:00000001 x12:10000704  PA:10000710
16849503ns          282133 1c0083da 01e7a823 sw               x30, 16(x15)        x30:0000003c x15:10000304  PA:10000314
16849523ns          282134 1c0083de 01d62823 sw               x29, 16(x12)        x29:00000000 x12:10000704  PA:10000714
16849543ns          282135 1c0083e2 01c7aa23 sw               x28, 20(x15)        x28:000000c6 x15:10000304  PA:10000318
16849563ns          282136 1c0083e6 0117ac23 sw               x17, 24(x15)        x17:000000c7 x15:10000304  PA:1000031c
16849583ns          282137 1c0083ea 01062c23 sw               x16, 24(x12)        x16:00000000 x12:10000704  PA:1000071c
16849603ns          282138 1c0083ee 00a7ae23 sw               x10, 28(x15)        x10:00000039 x15:10000304  PA:10000320
16849622ns          282139 1c0083f0 00662e23 sw               x6, 28(x12)          x6:00000001 x12:10000704  PA:10000720
16849642ns          282140 1c0083f4 01b7a023 sw               x27, 0(x15)         x27:00000040 x15:10000304  PA:10000304
16849662ns          282141 1c0083f8 0206ad83 lw               x27, 32(x13)        x27=00000038 x13:1c000c00  PA:1c000c20
16849961ns          282156 1c0083fc 03c6a503 lw               x10, 60(x13)        x10=00000031 x13:1c000c00  PA:1c000c3c
16850279ns          282172 1c0083fe 02072c03 lw               x24, 32(x14)        x24=00000001 x14:1c001000  PA:1c001020
16850577ns          282187 1c008402 0246ab83 lw               x23, 36(x13)        x23=000000ca x13:1c000c00  PA:1c000c24
16850876ns          282202 1c008406 02472b03 lw               x22, 36(x14)        x22=00000000 x14:1c001000  PA:1c001024
16851174ns          282217 1c00840a 0286a083 lw               x1, 40(x13)          x1=000000cb x13:1c000c00  PA:1c000c28
16851472ns          282232 1c00840e 02872383 lw               x7, 40(x14)          x7=00000000 x14:1c001000  PA:1c001028
16851771ns          282247 1c008412 02c6a283 lw               x5, 44(x13)          x5=00000035 x13:1c000c00  PA:1c000c2c
16852069ns          282262 1c008416 02c72f83 lw               x31, 44(x14)        x31=00000001 x14:1c001000  PA:1c00102c
16852367ns          282277 1c00841a 0306af03 lw               x30, 48(x13)        x30=00000034 x13:1c000c00  PA:1c000c30
16852666ns          282292 1c00841e 03072e83 lw               x29, 48(x14)        x29=00000000 x14:1c001000  PA:1c001030
16852984ns          282308 1c008422 0346ae03 lw               x28, 52(x13)        x28=000000ce x13:1c000c00  PA:1c000c34
16853282ns          282323 1c008426 03472303 lw               x6, 52(x14)          x6=00000001 x14:1c001000  PA:1c001034
16853581ns          282338 1c00842a 0386a883 lw               x17, 56(x13)        x17=000000cf x13:1c000c00  PA:1c000c38
16853879ns          282353 1c00842e 03872803 lw               x16, 56(x14)        x16=00000001 x14:1c001000  PA:1c001038
16854177ns          282368 1c008432 02a7ae23 sw               x10, 60(x15)        x10:00000031 x15:10000304  PA:10000340
16854197ns          282369 1c008434 03c72503 lw               x10, 60(x14)        x10=00000000 x14:1c001000  PA:1c00103c
16854496ns          282384 1c008436 03b7a023 sw               x27, 32(x15)        x27:00000038 x15:10000304  PA:10000324
16854516ns          282385 1c00843a 03862023 sw               x24, 32(x12)        x24:00000001 x12:10000704  PA:10000724
16854535ns          282386 1c00843e 0377a223 sw               x23, 36(x15)        x23:000000ca x15:10000304  PA:10000328
16854555ns          282387 1c008442 03662223 sw               x22, 36(x12)        x22:00000000 x12:10000704  PA:10000728
16854575ns          282388 1c008446 0217a423 sw               x1, 40(x15)          x1:000000cb x15:10000304  PA:1000032c
16854595ns          282389 1c00844a 02762423 sw               x7, 40(x12)          x7:00000000 x12:10000704  PA:1000072c
16854615ns          282390 1c00844e 0257a623 sw               x5, 44(x15)          x5:00000035 x15:10000304  PA:10000330
16854635ns          282391 1c008452 03f62623 sw               x31, 44(x12)        x31:00000001 x12:10000704  PA:10000730
16854655ns          282392 1c008456 03e7a823 sw               x30, 48(x15)        x30:00000034 x15:10000304  PA:10000334
16854675ns          282393 1c00845a 03d62823 sw               x29, 48(x12)        x29:00000000 x12:10000704  PA:10000734
16854695ns          282394 1c00845e 03c7aa23 sw               x28, 52(x15)        x28:000000ce x15:10000304  PA:10000338
16854714ns          282395 1c008462 02662a23 sw               x6, 52(x12)          x6:00000001 x12:10000704  PA:10000738
16854734ns          282396 1c008466 0317ac23 sw               x17, 56(x15)        x17:000000cf x15:10000304  PA:1000033c
16854754ns          282397 1c00846a 03062c23 sw               x16, 56(x12)        x16:00000001 x12:10000704  PA:1000073c
16854774ns          282398 1c00846e 02a62e23 sw               x10, 60(x12)        x10:00000000 x12:10000704  PA:10000740
16854794ns          282399 1c008470 04068693 addi             x13, x13, 64        x13=1c000c40 x13:1c000c00
16854814ns          282400 1c008474 04078793 addi             x15, x15, 64        x15=10000344 x15:10000304
16854834ns          282401 1c008478 04070713 addi             x14, x14, 64        x14=1c001040 x14:1c001000
16854854ns          282402 1c00847c 04060613 addi             x12, x12, 64        x12=10000744 x12:10000704
16854874ns          282403 1c00837c 01472303 lw               x6, 20(x14)          x6=00000000 x14:1c001040  PA:1c001054
16855192ns          282419 1c008380 00072c03 lw               x24, 0(x14)         x24=00000000 x14:1c001040  PA:1c001040
16855490ns          282434 1c008384 0046ab83 lw               x23, 4(x13)         x23=0000002f x13:1c000c40  PA:1c000c44
16855808ns          282450 1c008388 00472b03 lw               x22, 4(x14)         x22=00000001 x14:1c001040  PA:1c001044
16856107ns          282465 1c00838c 0086a083 lw               x1, 8(x13)           x1=0000002e x13:1c000c40  PA:1c000c48
16856405ns          282480 1c008390 00872383 lw               x7, 8(x14)           x7=00000000 x14:1c001040  PA:1c001048
16856704ns          282495 1c008394 00c6a283 lw               x5, 12(x13)          x5=000000d4 x13:1c000c40  PA:1c000c4c
16857022ns          282511 1c008398 00c72f83 lw               x31, 12(x14)        x31=00000000 x14:1c001040  PA:1c00104c
16857320ns          282526 1c00839c 0106af03 lw               x30, 16(x13)        x30=000000d5 x13:1c000c40  PA:1c000c50
16857619ns          282541 1c0083a0 01072e83 lw               x29, 16(x14)        x29=00000000 x14:1c001040  PA:1c001050
16857917ns          282556 1c0083a4 0146ae03 lw               x28, 20(x13)        x28=0000002b x13:1c000c40  PA:1c000c54
16858235ns          282572 1c0083a8 0186a883 lw               x17, 24(x13)        x17=0000002a x13:1c000c40  PA:1c000c58
16858533ns          282587 1c0083ac 01872803 lw               x16, 24(x14)        x16=00000000 x14:1c001040  PA:1c001058
16858832ns          282602 1c0083b0 01c6a503 lw               x10, 28(x13)        x10=000000d8 x13:1c000c40  PA:1c000c5c
16859130ns          282617 1c0083b2 0006ad83 lw               x27, 0(x13)         x27=000000d1 x13:1c000c40  PA:1c000c40
16859429ns          282632 1c0083b6 00662a23 sw               x6, 20(x12)          x6:00000000 x12:10000744  PA:10000758
16859448ns          282633 1c0083ba 01c72303 lw               x6, 28(x14)          x6=00000000 x14:1c001040  PA:1c00105c
16859747ns          282648 1c0083be 01862023 sw               x24, 0(x12)         x24:00000000 x12:10000744  PA:10000744
16859767ns          282649 1c0083c2 0177a223 sw               x23, 4(x15)         x23:0000002f x15:10000344  PA:10000348
16859787ns          282650 1c0083c6 01662223 sw               x22, 4(x12)         x22:00000001 x12:10000744  PA:10000748
16859806ns          282651 1c0083ca 0017a423 sw               x1, 8(x15)           x1:0000002e x15:10000344  PA:1000034c
16859826ns          282652 1c0083ce 00762423 sw               x7, 8(x12)           x7:00000000 x12:10000744  PA:1000074c
16859846ns          282653 1c0083d2 0057a623 sw               x5, 12(x15)          x5:000000d4 x15:10000344  PA:10000350
16859866ns          282654 1c0083d6 01f62623 sw               x31, 12(x12)        x31:00000000 x12:10000744  PA:10000750
16859886ns          282655 1c0083da 01e7a823 sw               x30, 16(x15)        x30:000000d5 x15:10000344  PA:10000354
16859906ns          282656 1c0083de 01d62823 sw               x29, 16(x12)        x29:00000000 x12:10000744  PA:10000754
16859926ns          282657 1c0083e2 01c7aa23 sw               x28, 20(x15)        x28:0000002b x15:10000344  PA:10000358
16859946ns          282658 1c0083e6 0117ac23 sw               x17, 24(x15)        x17:0000002a x15:10000344  PA:1000035c
16859966ns          282659 1c0083ea 01062c23 sw               x16, 24(x12)        x16:00000000 x12:10000744  PA:1000075c
16859986ns          282660 1c0083ee 00a7ae23 sw               x10, 28(x15)        x10:000000d8 x15:10000344  PA:10000360
16860005ns          282661 1c0083f0 00662e23 sw               x6, 28(x12)          x6:00000000 x12:10000744  PA:10000760
16860025ns          282662 1c0083f4 01b7a023 sw               x27, 0(x15)         x27:000000d1 x15:10000344  PA:10000344
16860045ns          282663 1c0083f8 0206ad83 lw               x27, 32(x13)        x27=000000d9 x13:1c000c40  PA:1c000c60
16860344ns          282678 1c0083fc 03c6a503 lw               x10, 60(x13)        x10=000000e0 x13:1c000c40  PA:1c000c7c
16860642ns          282693 1c0083fe 02072c03 lw               x24, 32(x14)        x24=00000001 x14:1c001040  PA:1c001060
16860960ns          282709 1c008402 0246ab83 lw               x23, 36(x13)        x23=00000027 x13:1c000c40  PA:1c000c64
16861259ns          282724 1c008406 02472b03 lw               x22, 36(x14)        x22=00000000 x14:1c001040  PA:1c001064
16861557ns          282739 1c00840a 0286a083 lw               x1, 40(x13)          x1=00000026 x13:1c000c40  PA:1c000c68
16861855ns          282754 1c00840e 02872383 lw               x7, 40(x14)          x7=00000000 x14:1c001040  PA:1c001068
16862154ns          282769 1c008412 02c6a283 lw               x5, 44(x13)          x5=000000dc x13:1c000c40  PA:1c000c6c
16862472ns          282785 1c008416 02c72f83 lw               x31, 44(x14)        x31=00000000 x14:1c001040  PA:1c00106c
16862770ns          282800 1c00841a 0306af03 lw               x30, 48(x13)        x30=000000dd x13:1c000c40  PA:1c000c70
16863069ns          282815 1c00841e 03072e83 lw               x29, 48(x14)        x29=00000000 x14:1c001040  PA:1c001070
16863367ns          282830 1c008422 0346ae03 lw               x28, 52(x13)        x28=00000023 x13:1c000c40  PA:1c000c74
16863685ns          282846 1c008426 03472303 lw               x6, 52(x14)          x6=00000000 x14:1c001040  PA:1c001074
16863984ns          282861 1c00842a 0386a883 lw               x17, 56(x13)        x17=00000022 x13:1c000c40  PA:1c000c78
16864282ns          282876 1c00842e 03872803 lw               x16, 56(x14)        x16=00000000 x14:1c001040  PA:1c001078
16864580ns          282891 1c008432 02a7ae23 sw               x10, 60(x15)        x10:000000e0 x15:10000344  PA:10000380
16864600ns          282892 1c008434 03c72503 lw               x10, 60(x14)        x10=00000000 x14:1c001040  PA:1c00107c
16864918ns          282908 1c008436 03b7a023 sw               x27, 32(x15)        x27:000000d9 x15:10000344  PA:10000364
16864938ns          282909 1c00843a 03862023 sw               x24, 32(x12)        x24:00000001 x12:10000744  PA:10000764
16864958ns          282910 1c00843e 0377a223 sw               x23, 36(x15)        x23:00000027 x15:10000344  PA:10000368
16864978ns          282911 1c008442 03662223 sw               x22, 36(x12)        x22:00000000 x12:10000744  PA:10000768
16864998ns          282912 1c008446 0217a423 sw               x1, 40(x15)          x1:00000026 x15:10000344  PA:1000036c
16865018ns          282913 1c00844a 02762423 sw               x7, 40(x12)          x7:00000000 x12:10000744  PA:1000076c
16865038ns          282914 1c00844e 0257a623 sw               x5, 44(x15)          x5:000000dc x15:10000344  PA:10000370
16865058ns          282915 1c008452 03f62623 sw               x31, 44(x12)        x31:00000000 x12:10000744  PA:10000770
16865078ns          282916 1c008456 03e7a823 sw               x30, 48(x15)        x30:000000dd x15:10000344  PA:10000374
16865097ns          282917 1c00845a 03d62823 sw               x29, 48(x12)        x29:00000000 x12:10000744  PA:10000774
16865117ns          282918 1c00845e 03c7aa23 sw               x28, 52(x15)        x28:00000023 x15:10000344  PA:10000378
16865137ns          282919 1c008462 02662a23 sw               x6, 52(x12)          x6:00000000 x12:10000744  PA:10000778
16865157ns          282920 1c008466 0317ac23 sw               x17, 56(x15)        x17:00000022 x15:10000344  PA:1000037c
16865177ns          282921 1c00846a 03062c23 sw               x16, 56(x12)        x16:00000000 x12:10000744  PA:1000077c
16865197ns          282922 1c00846e 02a62e23 sw               x10, 60(x12)        x10:00000000 x12:10000744  PA:10000780
16865217ns          282923 1c008470 04068693 addi             x13, x13, 64        x13=1c000c80 x13:1c000c40
16865237ns          282924 1c008474 04078793 addi             x15, x15, 64        x15=10000384 x15:10000344
16865257ns          282925 1c008478 04070713 addi             x14, x14, 64        x14=1c001080 x14:1c001040
16865276ns          282926 1c00847c 04060613 addi             x12, x12, 64        x12=10000784 x12:10000744
16865296ns          282927 1c00837c 01472303 lw               x6, 20(x14)          x6=00000000 x14:1c001080  PA:1c001094
16865595ns          282942 1c008380 00072c03 lw               x24, 0(x14)         x24=00000000 x14:1c001080  PA:1c001080
16865893ns          282957 1c008384 0046ab83 lw               x23, 4(x13)         x23=0000001f x13:1c000c80  PA:1c000c84
16866211ns          282973 1c008388 00472b03 lw               x22, 4(x14)         x22=00000000 x14:1c001080  PA:1c001084
16866510ns          282988 1c00838c 0086a083 lw               x1, 8(x13)           x1=0000001e x13:1c000c80  PA:1c000c88
16866808ns          283003 1c008390 00872383 lw               x7, 8(x14)           x7=00000000 x14:1c001080  PA:1c001088
16867106ns          283018 1c008394 00c6a283 lw               x5, 12(x13)          x5=000000e4 x13:1c000c80  PA:1c000c8c
16867405ns          283033 1c008398 00c72f83 lw               x31, 12(x14)        x31=00000000 x14:1c001080  PA:1c00108c
16867723ns          283049 1c00839c 0106af03 lw               x30, 16(x13)        x30=000000e5 x13:1c000c80  PA:1c000c90
16868021ns          283064 1c0083a0 01072e83 lw               x29, 16(x14)        x29=00000000 x14:1c001080  PA:1c001090
16868320ns          283079 1c0083a4 0146ae03 lw               x28, 20(x13)        x28=0000001b x13:1c000c80  PA:1c000c94
16868618ns          283094 1c0083a8 0186a883 lw               x17, 24(x13)        x17=0000001a x13:1c000c80  PA:1c000c98
16868936ns          283110 1c0083ac 01872803 lw               x16, 24(x14)        x16=00000000 x14:1c001080  PA:1c001098
16869235ns          283125 1c0083b0 01c6a503 lw               x10, 28(x13)        x10=000000e8 x13:1c000c80  PA:1c000c9c
16869533ns          283140 1c0083b2 0006ad83 lw               x27, 0(x13)         x27=000000e1 x13:1c000c80  PA:1c000c80
16869831ns          283155 1c0083b6 00662a23 sw               x6, 20(x12)          x6:00000000 x12:10000784  PA:10000798
16869851ns          283156 1c0083ba 01c72303 lw               x6, 28(x14)          x6=00000000 x14:1c001080  PA:1c00109c
16870150ns          283171 1c0083be 01862023 sw               x24, 0(x12)         x24:00000000 x12:10000784  PA:10000784
16870170ns          283172 1c0083c2 0177a223 sw               x23, 4(x15)         x23:0000001f x15:10000384  PA:10000388
16870189ns          283173 1c0083c6 01662223 sw               x22, 4(x12)         x22:00000000 x12:10000784  PA:10000788
16870209ns          283174 1c0083ca 0017a423 sw               x1, 8(x15)           x1:0000001e x15:10000384  PA:1000038c
16870229ns          283175 1c0083ce 00762423 sw               x7, 8(x12)           x7:00000000 x12:10000784  PA:1000078c
16870249ns          283176 1c0083d2 0057a623 sw               x5, 12(x15)          x5:000000e4 x15:10000384  PA:10000390
16870269ns          283177 1c0083d6 01f62623 sw               x31, 12(x12)        x31:00000000 x12:10000784  PA:10000790
16870289ns          283178 1c0083da 01e7a823 sw               x30, 16(x15)        x30:000000e5 x15:10000384  PA:10000394
16870309ns          283179 1c0083de 01d62823 sw               x29, 16(x12)        x29:00000000 x12:10000784  PA:10000794
16870329ns          283180 1c0083e2 01c7aa23 sw               x28, 20(x15)        x28:0000001b x15:10000384  PA:10000398
16870349ns          283181 1c0083e6 0117ac23 sw               x17, 24(x15)        x17:0000001a x15:10000384  PA:1000039c
16870368ns          283182 1c0083ea 01062c23 sw               x16, 24(x12)        x16:00000000 x12:10000784  PA:1000079c
16870388ns          283183 1c0083ee 00a7ae23 sw               x10, 28(x15)        x10:000000e8 x15:10000384  PA:100003a0
16870408ns          283184 1c0083f0 00662e23 sw               x6, 28(x12)          x6:00000000 x12:10000784  PA:100007a0
16870428ns          283185 1c0083f4 01b7a023 sw               x27, 0(x15)         x27:000000e1 x15:10000384  PA:10000384
16870448ns          283186 1c0083f8 0206ad83 lw               x27, 32(x13)        x27=000000e9 x13:1c000c80  PA:1c000ca0
16870746ns          283201 1c0083fc 03c6a503 lw               x10, 60(x13)        x10=000000f0 x13:1c000c80  PA:1c000cbc
16871045ns          283216 1c0083fe 02072c03 lw               x24, 32(x14)        x24=00000000 x14:1c001080  PA:1c0010a0
16871343ns          283231 1c008402 0246ab83 lw               x23, 36(x13)        x23=00000017 x13:1c000c80  PA:1c000ca4
16871661ns          283247 1c008406 02472b03 lw               x22, 36(x14)        x22=00000000 x14:1c001080  PA:1c0010a4
16871960ns          283262 1c00840a 0286a083 lw               x1, 40(x13)          x1=00000016 x13:1c000c80  PA:1c000ca8
16872258ns          283277 1c00840e 02872383 lw               x7, 40(x14)          x7=00000000 x14:1c001080  PA:1c0010a8
16872556ns          283292 1c008412 02c6a283 lw               x5, 44(x13)          x5=000000ec x13:1c000c80  PA:1c000cac
16872875ns          283308 1c008416 02c72f83 lw               x31, 44(x14)        x31=00000000 x14:1c001080  PA:1c0010ac
16873173ns          283323 1c00841a 0306af03 lw               x30, 48(x13)        x30=000000ed x13:1c000c80  PA:1c000cb0
16873471ns          283338 1c00841e 03072e83 lw               x29, 48(x14)        x29=00000000 x14:1c001080  PA:1c0010b0
16873770ns          283353 1c008422 0346ae03 lw               x28, 52(x13)        x28=00000013 x13:1c000c80  PA:1c000cb4
16874068ns          283368 1c008426 03472303 lw               x6, 52(x14)          x6=00000000 x14:1c001080  PA:1c0010b4
16874386ns          283384 1c00842a 0386a883 lw               x17, 56(x13)        x17=00000012 x13:1c000c80  PA:1c000cb8
16874685ns          283399 1c00842e 03872803 lw               x16, 56(x14)        x16=00000001 x14:1c001080  PA:1c0010b8
16874983ns          283414 1c008432 02a7ae23 sw               x10, 60(x15)        x10:000000f0 x15:10000384  PA:100003c0
16875003ns          283415 1c008434 03c72503 lw               x10, 60(x14)        x10=00000000 x14:1c001080  PA:1c0010bc
16875301ns          283430 1c008436 03b7a023 sw               x27, 32(x15)        x27:000000e9 x15:10000384  PA:100003a4
16875321ns          283431 1c00843a 03862023 sw               x24, 32(x12)        x24:00000000 x12:10000784  PA:100007a4
16875341ns          283432 1c00843e 0377a223 sw               x23, 36(x15)        x23:00000017 x15:10000384  PA:100003a8
16875361ns          283433 1c008442 03662223 sw               x22, 36(x12)        x22:00000000 x12:10000784  PA:100007a8
16875381ns          283434 1c008446 0217a423 sw               x1, 40(x15)          x1:00000016 x15:10000384  PA:100003ac
16875401ns          283435 1c00844a 02762423 sw               x7, 40(x12)          x7:00000000 x12:10000784  PA:100007ac
16875421ns          283436 1c00844e 0257a623 sw               x5, 44(x15)          x5:000000ec x15:10000384  PA:100003b0
16875441ns          283437 1c008452 03f62623 sw               x31, 44(x12)        x31:00000000 x12:10000784  PA:100007b0
16875461ns          283438 1c008456 03e7a823 sw               x30, 48(x15)        x30:000000ed x15:10000384  PA:100003b4
16875480ns          283439 1c00845a 03d62823 sw               x29, 48(x12)        x29:00000000 x12:10000784  PA:100007b4
16875500ns          283440 1c00845e 03c7aa23 sw               x28, 52(x15)        x28:00000013 x15:10000384  PA:100003b8
16875520ns          283441 1c008462 02662a23 sw               x6, 52(x12)          x6:00000000 x12:10000784  PA:100007b8
16875540ns          283442 1c008466 0317ac23 sw               x17, 56(x15)        x17:00000012 x15:10000384  PA:100003bc
16875560ns          283443 1c00846a 03062c23 sw               x16, 56(x12)        x16:00000001 x12:10000784  PA:100007bc
16875580ns          283444 1c00846e 02a62e23 sw               x10, 60(x12)        x10:00000000 x12:10000784  PA:100007c0
16875600ns          283445 1c008470 04068693 addi             x13, x13, 64        x13=1c000cc0 x13:1c000c80
16875620ns          283446 1c008474 04078793 addi             x15, x15, 64        x15=100003c4 x15:10000384
16875640ns          283447 1c008478 04070713 addi             x14, x14, 64        x14=1c0010c0 x14:1c001080
16875659ns          283448 1c00847c 04060613 addi             x12, x12, 64        x12=100007c4 x12:10000784
16875679ns          283449 1c00837c 01472303 lw               x6, 20(x14)          x6=00000000 x14:1c0010c0  PA:1c0010d4
16875998ns          283465 1c008380 00072c03 lw               x24, 0(x14)         x24=00000000 x14:1c0010c0  PA:1c0010c0
16876296ns          283480 1c008384 0046ab83 lw               x23, 4(x13)         x23=000000f2 x13:1c000cc0  PA:1c000cc4
16876594ns          283495 1c008388 00472b03 lw               x22, 4(x14)         x22=00000001 x14:1c0010c0  PA:1c0010c4
16876913ns          283511 1c00838c 0086a083 lw               x1, 8(x13)           x1=000000f3 x13:1c000cc0  PA:1c000cc8
16877211ns          283526 1c008390 00872383 lw               x7, 8(x14)           x7=00000000 x14:1c0010c0  PA:1c0010c8
16877509ns          283541 1c008394 00c6a283 lw               x5, 12(x13)          x5=0000000d x13:1c000cc0  PA:1c000ccc
16877808ns          283556 1c008398 00c72f83 lw               x31, 12(x14)        x31=00000000 x14:1c0010c0  PA:1c0010cc
16878106ns          283571 1c00839c 0106af03 lw               x30, 16(x13)        x30=0000000c x13:1c000cc0  PA:1c000cd0
16878424ns          283587 1c0083a0 01072e83 lw               x29, 16(x14)        x29=00000000 x14:1c0010c0  PA:1c0010d0
16878723ns          283602 1c0083a4 0146ae03 lw               x28, 20(x13)        x28=000000f6 x13:1c000cc0  PA:1c000cd4
16879021ns          283617 1c0083a8 0186a883 lw               x17, 24(x13)        x17=000000f7 x13:1c000cc0  PA:1c000cd8
16879319ns          283632 1c0083ac 01872803 lw               x16, 24(x14)        x16=00000000 x14:1c0010c0  PA:1c0010d8
16879638ns          283648 1c0083b0 01c6a503 lw               x10, 28(x13)        x10=00000009 x13:1c000cc0  PA:1c000cdc
16879936ns          283663 1c0083b2 0006ad83 lw               x27, 0(x13)         x27=00000010 x13:1c000cc0  PA:1c000cc0
16880234ns          283678 1c0083b6 00662a23 sw               x6, 20(x12)          x6:00000000 x12:100007c4  PA:100007d8
16880254ns          283679 1c0083ba 01c72303 lw               x6, 28(x14)          x6=00000000 x14:1c0010c0  PA:1c0010dc
16880553ns          283694 1c0083be 01862023 sw               x24, 0(x12)         x24:00000000 x12:100007c4  PA:100007c4
16880572ns          283695 1c0083c2 0177a223 sw               x23, 4(x15)         x23:000000f2 x15:100003c4  PA:100003c8
16880592ns          283696 1c0083c6 01662223 sw               x22, 4(x12)         x22:00000001 x12:100007c4  PA:100007c8
16880612ns          283697 1c0083ca 0017a423 sw               x1, 8(x15)           x1:000000f3 x15:100003c4  PA:100003cc
16880632ns          283698 1c0083ce 00762423 sw               x7, 8(x12)           x7:00000000 x12:100007c4  PA:100007cc
16880652ns          283699 1c0083d2 0057a623 sw               x5, 12(x15)          x5:0000000d x15:100003c4  PA:100003d0
16880672ns          283700 1c0083d6 01f62623 sw               x31, 12(x12)        x31:00000000 x12:100007c4  PA:100007d0
16880692ns          283701 1c0083da 01e7a823 sw               x30, 16(x15)        x30:0000000c x15:100003c4  PA:100003d4
16880712ns          283702 1c0083de 01d62823 sw               x29, 16(x12)        x29:00000000 x12:100007c4  PA:100007d4
16880732ns          283703 1c0083e2 01c7aa23 sw               x28, 20(x15)        x28:000000f6 x15:100003c4  PA:100003d8
16880751ns          283704 1c0083e6 0117ac23 sw               x17, 24(x15)        x17:000000f7 x15:100003c4  PA:100003dc
16880771ns          283705 1c0083ea 01062c23 sw               x16, 24(x12)        x16:00000000 x12:100007c4  PA:100007dc
16880791ns          283706 1c0083ee 00a7ae23 sw               x10, 28(x15)        x10:00000009 x15:100003c4  PA:100003e0
16880811ns          283707 1c0083f0 00662e23 sw               x6, 28(x12)          x6:00000000 x12:100007c4  PA:100007e0
16880831ns          283708 1c0083f4 01b7a023 sw               x27, 0(x15)         x27:00000010 x15:100003c4  PA:100003c4
16880851ns          283709 1c0083f8 0206ad83 lw               x27, 32(x13)        x27=00000008 x13:1c000cc0  PA:1c000ce0
16881149ns          283724 1c0083fc 03c6a503 lw               x10, 60(x13)        x10=00000001 x13:1c000cc0  PA:1c000cfc
16881448ns          283739 1c0083fe 02072c03 lw               x24, 32(x14)        x24=00000000 x14:1c0010c0  PA:1c0010e0
16881746ns          283754 1c008402 0246ab83 lw               x23, 36(x13)        x23=000000fa x13:1c000cc0  PA:1c000ce4
16882044ns          283769 1c008406 02472b03 lw               x22, 36(x14)        x22=00000000 x14:1c0010c0  PA:1c0010e4
16882363ns          283785 1c00840a 0286a083 lw               x1, 40(x13)          x1=000000fb x13:1c000cc0  PA:1c000ce8
16882661ns          283800 1c00840e 02872383 lw               x7, 40(x14)          x7=00000000 x14:1c0010c0  PA:1c0010e8
16882959ns          283815 1c008412 02c6a283 lw               x5, 44(x13)          x5=00000005 x13:1c000cc0  PA:1c000cec
16883258ns          283830 1c008416 02c72f83 lw               x31, 44(x14)        x31=00000000 x14:1c0010c0  PA:1c0010ec
16883576ns          283846 1c00841a 0306af03 lw               x30, 48(x13)        x30=00000004 x13:1c000cc0  PA:1c000cf0
16883874ns          283861 1c00841e 03072e83 lw               x29, 48(x14)        x29=00000000 x14:1c0010c0  PA:1c0010f0
16884173ns          283876 1c008422 0346ae03 lw               x28, 52(x13)        x28=000000fe x13:1c000cc0  PA:1c000cf4
16884471ns          283891 1c008426 03472303 lw               x6, 52(x14)          x6=00000000 x14:1c0010c0  PA:1c0010f4
16884769ns          283906 1c00842a 0386a883 lw               x17, 56(x13)        x17=000000ff x13:1c000cc0  PA:1c000cf8
16885088ns          283922 1c00842e 03872803 lw               x16, 56(x14)        x16=00000000 x14:1c0010c0  PA:1c0010f8
16885386ns          283937 1c008432 02a7ae23 sw               x10, 60(x15)        x10:00000001 x15:100003c4  PA:10000400
16885406ns          283938 1c008434 03c72503 lw               x10, 60(x14)        x10=00000000 x14:1c0010c0  PA:1c0010fc
16885704ns          283953 1c008436 03b7a023 sw               x27, 32(x15)        x27:00000008 x15:100003c4  PA:100003e4
16885724ns          283954 1c00843a 03862023 sw               x24, 32(x12)        x24:00000000 x12:100007c4  PA:100007e4
16885744ns          283955 1c00843e 0377a223 sw               x23, 36(x15)        x23:000000fa x15:100003c4  PA:100003e8
16885764ns          283956 1c008442 03662223 sw               x22, 36(x12)        x22:00000000 x12:100007c4  PA:100007e8
16885784ns          283957 1c008446 0217a423 sw               x1, 40(x15)          x1:000000fb x15:100003c4  PA:100003ec
16885804ns          283958 1c00844a 02762423 sw               x7, 40(x12)          x7:00000000 x12:100007c4  PA:100007ec
16885824ns          283959 1c00844e 0257a623 sw               x5, 44(x15)          x5:00000005 x15:100003c4  PA:100003f0
16885843ns          283960 1c008452 03f62623 sw               x31, 44(x12)        x31:00000000 x12:100007c4  PA:100007f0
16885863ns          283961 1c008456 03e7a823 sw               x30, 48(x15)        x30:00000004 x15:100003c4  PA:100003f4
16885883ns          283962 1c00845a 03d62823 sw               x29, 48(x12)        x29:00000000 x12:100007c4  PA:100007f4
16885903ns          283963 1c00845e 03c7aa23 sw               x28, 52(x15)        x28:000000fe x15:100003c4  PA:100003f8
16885923ns          283964 1c008462 02662a23 sw               x6, 52(x12)          x6:00000000 x12:100007c4  PA:100007f8
16885943ns          283965 1c008466 0317ac23 sw               x17, 56(x15)        x17:000000ff x15:100003c4  PA:100003fc
16885963ns          283966 1c00846a 03062c23 sw               x16, 56(x12)        x16:00000000 x12:100007c4  PA:100007fc
16885983ns          283967 1c00846e 02a62e23 sw               x10, 60(x12)        x10:00000000 x12:100007c4  PA:10000800
16886003ns          283968 1c008470 04068693 addi             x13, x13, 64        x13=1c000d00 x13:1c000cc0
16886023ns          283969 1c008474 04078793 addi             x15, x15, 64        x15=10000404 x15:100003c4
16886042ns          283970 1c008478 04070713 addi             x14, x14, 64        x14=1c001100 x14:1c0010c0
16886062ns          283971 1c00847c 04060613 addi             x12, x12, 64        x12=10000804 x12:100007c4
16886082ns          283972 1c008480 281010ef jal              x1, 6784             x1=1c008484
16886162ns          283976 1c009f00 f14027f3 csrrs            x15, x0, 0xf14      x15=00000000
16886202ns          283978 1c009f04 01f00713 addi             x14, x0, 31         x14=0000001f
16886221ns          283979 1c009f06 ca5797b3 p.extractu       x15, x15, 5, 5      x15=00000000 x15:00000000
16886241ns          283980 1c009f0a 00e78863 beq              x15, x14, 16        x15:00000000 x14:0000001f
16886301ns          283983 1c009f0e 002047b7 lui              x15, 0x204000       x15=00204000
16886341ns          283985 1c009f12 20078793 addi             x15, x15, 512       x15=00204200 x15:00204000
16886361ns          283986 1c009f16 01c7e703 p.elw            x14, 28(x15)        x14=00010000 x15:00204200  PA:0020421c
16886480ns          283992 1c009f1a 00008067 jalr             x0, x1, 0            x1:1c008484
16886520ns          283994 1c008484 100acc33 p.exths          x24, x21, x0        x24=00000000 x21:00000000
16886540ns          283995 1c008488 000400e7 jalr             x1, x8, 0            x1=1c00848a  x8:1c009c1a
16887136ns          284025 1c009c1a f14027f3 csrrs            x15, x0, 0xf14      x15=00000000
16887594ns          284048 1c009c1e f457b7b3 p.bclr           x15, x15, 26, 5     x15=00000000 x15:00000000
16887614ns          284049 1c009c22 00079763 bne              x15, x0, 14         x15:00000000
16887634ns          284050 1c009c24 1a10b7b7 lui              x15, 0x1a10b000     x15=1a10b000
16887654ns          284051 1c009c28 00100713 addi             x14, x0, 1          x14=00000001
16887673ns          284052 1c009c2a 00478793 addi             x15, x15, 4         x15=1a10b004 x15:1a10b000
16887693ns          284053 1c009c2c 00e7ac23 sw               x14, 24(x15)        x14:00000001 x15:1a10b004  PA:1a10b01c
16888111ns          284074 1c009c30 00008067 jalr             x0, x1, 0            x1:1c00848a
16888151ns          284076 1c00848a d0bff06f jal              x0, -758           
16888608ns          284099 1c008194 fffc4d93 xori             x27, x24, -1        x27=ffffffff x24:00000000
16888648ns          284101 1c008198 014d8db3 add              x27, x27, x20       x27=00000003 x27:ffffffff x20:00000004
16888668ns          284102 1c00819a 001c0793 addi             x15, x24, 1         x15=00000001 x24:00000000
16889106ns          284124 1c00819e 100dddb3 p.exthz          x27, x27, x0        x27=00000003 x27:00000003
16889145ns          284126 1c0081a2 1007c7b3 p.exths          x15, x15, x0        x15=00000001 x15:00000001
16889165ns          284127 1c0081a6 100a4733 p.exths          x14, x20, x0        x14=00000004 x20:00000004
16889185ns          284128 1c0081aa 001d8d93 addi             x27, x27, 1         x27=00000004 x27:00000003
16889205ns          284129 1c0081ac 30f74263 blt              x14, x15, 772       x14:00000004 x15:00000001
16889623ns          284150 1c0081b0 ffff87b7 lui              x15, 0xffff8000     x15=ffff8000
16889643ns          284151 1c0081b2 01500633 add              x12, x0, x21        x12=00000000 x21:00000000
16889663ns          284152 1c0081b4 2efa4e63 blt              x20, x15, 764       x20:00000004 x15:ffff8000
16889682ns          284153 1c0081b8 06fdc07b lp.setup         0x0, x27, 0x6f      x27:00000004
16889702ns          284154 1c0081bc 00661613 slli             x12, x12, 0x6       x12=00000000 x12:00000000
16890140ns          284176 1c0081be 00cd07b3 add              x15, x26, x12       x15=10000004 x26:10000004 x12:00000000
16890180ns          284178 1c0081c2 0007ab83 lw               x23, 0(x15)         x23=00000100 x15:10000004  PA:10000004
16890200ns          284179 1c0081c6 0047ab03 lw               x22, 4(x15)         x22=00000002 x15:10000004  PA:10000008
16890219ns          284180 1c0081ca 0087aa83 lw               x21, 8(x15)         x21=00000003 x15:10000004  PA:1000000c
16890657ns          284202 1c0081ce 00c7aa03 lw               x20, 12(x15)        x20=000000fd x15:10000004  PA:10000010
16890697ns          284204 1c0081d2 0107a083 lw               x1, 16(x15)          x1=000000fc x15:10000004  PA:10000014
16890717ns          284205 1c0081d6 0147a383 lw               x7, 20(x15)          x7=00000006 x15:10000004  PA:10000018
16890737ns          284206 1c0081da 0187a283 lw               x5, 24(x15)          x5=00000007 x15:10000004  PA:1000001c
16891174ns          284228 1c0081de 01c7af83 lw               x31, 28(x15)        x31=000000f9 x15:10000004  PA:10000020
16891214ns          284230 1c0081e2 0207af03 lw               x30, 32(x15)        x30=000000f8 x15:10000004  PA:10000024
16891234ns          284231 1c0081e6 0247ae83 lw               x29, 36(x15)        x29=0000000a x15:10000004  PA:10000028
16891254ns          284232 1c0081ea 0287ae03 lw               x28, 40(x15)        x28=0000000b x15:10000004  PA:1000002c
16891711ns          284255 1c0081ee 02c7a303 lw               x6, 44(x15)          x6=000000f5 x15:10000004  PA:10000030
16891751ns          284257 1c0081f2 0307a883 lw               x17, 48(x15)        x17=000000f4 x15:10000004  PA:10000034
16891771ns          284258 1c0081f6 0347a803 lw               x16, 52(x15)        x16=0000000e x15:10000004  PA:10000038
16891791ns          284259 1c0081fa 0387a503 lw               x10, 56(x15)        x10=0000000f x15:10000004  PA:1000003c
16891811ns          284260 1c0081fc 03c7a583 lw               x11, 60(x15)        x11=000000f1 x15:10000004  PA:10000040
16892228ns          284281 1c0081fe 100017b7 lui              x15, 0x10001000     x15=10001000
16892268ns          284283 1c008202 80478793 addi             x15, x15, -2044     x15=10000804 x15:10001000
16892288ns          284284 1c008206 01900733 add              x14, x0, x25        x14=10000404 x25:10000404
16892308ns          284285 1c008208 00f60633 add              x12, x12, x15       x12=10000804 x12:00000000 x15:10000804
16892328ns          284286 1c00820a 01000693 addi             x13, x0, 16         x13=00000010
16892348ns          284287 1c00820c 0406c0fb lp.setup         0x1, x13, 0x40      x13:00000010
16892746ns          284307 1c008210 0047278b p.lw             x15, 4(x14!)        x15=00000001 x14=10000408 x14:10000404  PA:10000404
16892785ns          284309 1c008214 03c72403 lw               x8, 60(x14)          x8=00000000 x14:10000408  PA:10000444
16892805ns          284310 1c008216 02fb87b3 mul              x15, x23, x15       x15=00000100 x23:00000100 x15:00000001
16892825ns          284311 1c00821a 428b07b3 p.mac            x15, x22, x8        x15=00000100 x15:00000100 x22:00000002  x8:00000000
16892845ns          284312 1c00821e 07c72403 lw               x8, 124(x14)         x8=00000001 x14:10000408  PA:10000484
16893263ns          284333 1c008220 428a87b3 p.mac            x15, x21, x8        x15=00000103 x15:00000100 x21:00000003  x8:00000001
16893303ns          284335 1c008224 0bc72403 lw               x8, 188(x14)         x8=00000000 x14:10000408  PA:100004c4
16893342ns          284337 1c008228 428a07b3 p.mac            x15, x20, x8        x15=00000103 x15:00000103 x20:000000fd  x8:00000000
16893362ns          284338 1c00822c 0fc72403 lw               x8, 252(x14)         x8=00000000 x14:10000408  PA:10000504
16893780ns          284359 1c008230 428087b3 p.mac            x15, x1, x8         x15=00000103 x15:00000103  x1:000000fc  x8:00000000
16893820ns          284361 1c008234 13c72403 lw               x8, 316(x14)         x8=00000001 x14:10000408  PA:10000544
16893859ns          284363 1c008238 428387b3 p.mac            x15, x7, x8         x15=00000109 x15:00000103  x7:00000006  x8:00000001
16893879ns          284364 1c00823c 17c72403 lw               x8, 380(x14)         x8=00000000 x14:10000408  PA:10000584
16894317ns          284386 1c008240 428287b3 p.mac            x15, x5, x8         x15=00000109 x15:00000109  x5:00000007  x8:00000000
16894357ns          284388 1c008244 1bc72403 lw               x8, 444(x14)         x8=00000000 x14:10000408  PA:100005c4
16894397ns          284390 1c008248 428f87b3 p.mac            x15, x31, x8        x15=00000109 x15:00000109 x31:000000f9  x8:00000000
16894416ns          284391 1c00824c 1fc72403 lw               x8, 508(x14)         x8=00000000 x14:10000408  PA:10000604
16894834ns          284412 1c008250 428f07b3 p.mac            x15, x30, x8        x15=00000109 x15:00000109 x30:000000f8  x8:00000000
16894874ns          284414 1c008254 23c72403 lw               x8, 572(x14)         x8=00000000 x14:10000408  PA:10000644
16894914ns          284416 1c008258 428e87b3 p.mac            x15, x29, x8        x15=00000109 x15:00000109 x29:0000000a  x8:00000000
16894934ns          284417 1c00825c 27c72403 lw               x8, 636(x14)         x8=00000000 x14:10000408  PA:10000684
16895351ns          284438 1c008260 428e07b3 p.mac            x15, x28, x8        x15=00000109 x15:00000109 x28:0000000b  x8:00000000
16895391ns          284440 1c008264 2bc72403 lw               x8, 700(x14)         x8=00000001 x14:10000408  PA:100006c4
16895431ns          284442 1c008268 428307b3 p.mac            x15, x6, x8         x15=000001fe x15:00000109  x6:000000f5  x8:00000001
16895451ns          284443 1c00826c 2fc72403 lw               x8, 764(x14)         x8=00000000 x14:10000408  PA:10000704
16895868ns          284464 1c008270 428887b3 p.mac            x15, x17, x8        x15=000001fe x15:000001fe x17:000000f4  x8:00000000
16895908ns          284466 1c008274 33c72403 lw               x8, 828(x14)         x8=00000000 x14:10000408  PA:10000744
16895948ns          284468 1c008278 428807b3 p.mac            x15, x16, x8        x15=000001fe x15:000001fe x16:0000000e  x8:00000000
16895968ns          284469 1c00827c 37c72403 lw               x8, 892(x14)         x8=00000000 x14:10000408  PA:10000784
16896386ns          284490 1c008280 428507b3 p.mac            x15, x10, x8        x15=000001fe x15:000001fe x10:0000000f  x8:00000000
16896425ns          284492 1c008284 3bc72403 lw               x8, 956(x14)         x8=00000000 x14:10000408  PA:100007c4
16896465ns          284494 1c008288 428587b3 p.mac            x15, x11, x8        x15=000001fe x15:000001fe x11:000000f1  x8:00000000
16896485ns          284495 1c00828c 00f6222b p.sw             x15, 4(x12!)        x12=10000808 x15:000001fe x12:10000804  PA:10000804
16896505ns          284496 1c008210 0047278b p.lw             x15, 4(x14!)        x15=00000000 x14=1000040c x14:10000408  PA:10000408
16896525ns          284497 1c008214 03c72403 lw               x8, 60(x14)          x8=00000000 x14:1000040c  PA:10000448
16896545ns          284498 1c008216 02fb87b3 mul              x15, x23, x15       x15=00000000 x23:00000100 x15:00000000
16896565ns          284499 1c00821a 428b07b3 p.mac            x15, x22, x8        x15=00000000 x15:00000000 x22:00000002  x8:00000000
16896584ns          284500 1c00821e 07c72403 lw               x8, 124(x14)         x8=00000001 x14:1000040c  PA:10000488
16896664ns          284504 1c008220 428a87b3 p.mac            x15, x21, x8        x15=00000003 x15:00000000 x21:00000003  x8:00000001
16896684ns          284505 1c008224 0bc72403 lw               x8, 188(x14)         x8=00000000 x14:1000040c  PA:100004c8
16896764ns          284509 1c008228 428a07b3 p.mac            x15, x20, x8        x15=00000003 x15:00000003 x20:000000fd  x8:00000000
16896783ns          284510 1c00822c 0fc72403 lw               x8, 252(x14)         x8=00000000 x14:1000040c  PA:10000508
16896843ns          284513 1c008230 428087b3 p.mac            x15, x1, x8         x15=00000003 x15:00000003  x1:000000fc  x8:00000000
16896863ns          284514 1c008234 13c72403 lw               x8, 316(x14)         x8=00000000 x14:1000040c  PA:10000548
16896923ns          284517 1c008238 428387b3 p.mac            x15, x7, x8         x15=00000003 x15:00000003  x7:00000006  x8:00000000
16896943ns          284518 1c00823c 17c72403 lw               x8, 380(x14)         x8=00000000 x14:1000040c  PA:10000588
16897002ns          284521 1c008240 428287b3 p.mac            x15, x5, x8         x15=00000003 x15:00000003  x5:00000007  x8:00000000
16897022ns          284522 1c008244 1bc72403 lw               x8, 444(x14)         x8=00000000 x14:1000040c  PA:100005c8
16897082ns          284525 1c008248 428f87b3 p.mac            x15, x31, x8        x15=00000003 x15:00000003 x31:000000f9  x8:00000000
16897102ns          284526 1c00824c 1fc72403 lw               x8, 508(x14)         x8=00000000 x14:1000040c  PA:10000608
16897161ns          284529 1c008250 428f07b3 p.mac            x15, x30, x8        x15=00000003 x15:00000003 x30:000000f8  x8:00000000
16897181ns          284530 1c008254 23c72403 lw               x8, 572(x14)         x8=00000000 x14:1000040c  PA:10000648
16897241ns          284533 1c008258 428e87b3 p.mac            x15, x29, x8        x15=00000003 x15:00000003 x29:0000000a  x8:00000000
16897261ns          284534 1c00825c 27c72403 lw               x8, 636(x14)         x8=00000000 x14:1000040c  PA:10000688
16897320ns          284537 1c008260 428e07b3 p.mac            x15, x28, x8        x15=00000003 x15:00000003 x28:0000000b  x8:00000000
16897340ns          284538 1c008264 2bc72403 lw               x8, 700(x14)         x8=00000001 x14:1000040c  PA:100006c8
16897400ns          284541 1c008268 428307b3 p.mac            x15, x6, x8         x15=000000f8 x15:00000003  x6:000000f5  x8:00000001
16897420ns          284542 1c00826c 2fc72403 lw               x8, 764(x14)         x8=00000000 x14:1000040c  PA:10000708
16897480ns          284545 1c008270 428887b3 p.mac            x15, x17, x8        x15=000000f8 x15:000000f8 x17:000000f4  x8:00000000
16897499ns          284546 1c008274 33c72403 lw               x8, 828(x14)         x8=00000001 x14:1000040c  PA:10000748
16897559ns          284549 1c008278 428807b3 p.mac            x15, x16, x8        x15=00000106 x15:000000f8 x16:0000000e  x8:00000001
16897579ns          284550 1c00827c 37c72403 lw               x8, 892(x14)         x8=00000000 x14:1000040c  PA:10000788
16897639ns          284553 1c008280 428507b3 p.mac            x15, x10, x8        x15=00000106 x15:00000106 x10:0000000f  x8:00000000
16897659ns          284554 1c008284 3bc72403 lw               x8, 956(x14)         x8=00000001 x14:1000040c  PA:100007c8
16897718ns          284557 1c008288 428587b3 p.mac            x15, x11, x8        x15=000001f7 x15:00000106 x11:000000f1  x8:00000001
16897738ns          284558 1c00828c 00f6222b p.sw             x15, 4(x12!)        x12=1000080c x15:000001f7 x12:10000808  PA:10000808
16898116ns          284577 1c008210 0047278b p.lw             x15, 4(x14!)        x15=00000000 x14=10000410 x14:1000040c  PA:1000040c
16898136ns          284578 1c008214 03c72403 lw               x8, 60(x14)          x8=00000000 x14:10000410  PA:1000044c
16898156ns          284579 1c008216 02fb87b3 mul              x15, x23, x15       x15=00000000 x23:00000100 x15:00000000
16898176ns          284580 1c00821a 428b07b3 p.mac            x15, x22, x8        x15=00000000 x15:00000000 x22:00000002  x8:00000000
16898196ns          284581 1c00821e 07c72403 lw               x8, 124(x14)         x8=00000001 x14:10000410  PA:1000048c
16898235ns          284583 1c008220 428a87b3 p.mac            x15, x21, x8        x15=00000003 x15:00000000 x21:00000003  x8:00000001
16898255ns          284584 1c008224 0bc72403 lw               x8, 188(x14)         x8=00000000 x14:10000410  PA:100004cc
16898315ns          284587 1c008228 428a07b3 p.mac            x15, x20, x8        x15=00000003 x15:00000003 x20:000000fd  x8:00000000
16898335ns          284588 1c00822c 0fc72403 lw               x8, 252(x14)         x8=00000000 x14:10000410  PA:1000050c
16898395ns          284591 1c008230 428087b3 p.mac            x15, x1, x8         x15=00000003 x15:00000003  x1:000000fc  x8:00000000
16898414ns          284592 1c008234 13c72403 lw               x8, 316(x14)         x8=00000000 x14:10000410  PA:1000054c
16898474ns          284595 1c008238 428387b3 p.mac            x15, x7, x8         x15=00000003 x15:00000003  x7:00000006  x8:00000000
16898494ns          284596 1c00823c 17c72403 lw               x8, 380(x14)         x8=00000000 x14:10000410  PA:1000058c
16898554ns          284599 1c008240 428287b3 p.mac            x15, x5, x8         x15=00000003 x15:00000003  x5:00000007  x8:00000000
16898574ns          284600 1c008244 1bc72403 lw               x8, 444(x14)         x8=00000000 x14:10000410  PA:100005cc
16898633ns          284603 1c008248 428f87b3 p.mac            x15, x31, x8        x15=00000003 x15:00000003 x31:000000f9  x8:00000000
16898653ns          284604 1c00824c 1fc72403 lw               x8, 508(x14)         x8=00000000 x14:10000410  PA:1000060c
16898713ns          284607 1c008250 428f07b3 p.mac            x15, x30, x8        x15=00000003 x15:00000003 x30:000000f8  x8:00000000
16898733ns          284608 1c008254 23c72403 lw               x8, 572(x14)         x8=00000000 x14:10000410  PA:1000064c
16898792ns          284611 1c008258 428e87b3 p.mac            x15, x29, x8        x15=00000003 x15:00000003 x29:0000000a  x8:00000000
16898812ns          284612 1c00825c 27c72403 lw               x8, 636(x14)         x8=00000001 x14:10000410  PA:1000068c
16898872ns          284615 1c008260 428e07b3 p.mac            x15, x28, x8        x15=0000000e x15:00000003 x28:0000000b  x8:00000001
16898892ns          284616 1c008264 2bc72403 lw               x8, 700(x14)         x8=00000000 x14:10000410  PA:100006cc
16898951ns          284619 1c008268 428307b3 p.mac            x15, x6, x8         x15=0000000e x15:0000000e  x6:000000f5  x8:00000000
16898971ns          284620 1c00826c 2fc72403 lw               x8, 764(x14)         x8=00000000 x14:10000410  PA:1000070c
16899031ns          284623 1c008270 428887b3 p.mac            x15, x17, x8        x15=0000000e x15:0000000e x17:000000f4  x8:00000000
16899051ns          284624 1c008274 33c72403 lw               x8, 828(x14)         x8=00000000 x14:10000410  PA:1000074c
16899111ns          284627 1c008278 428807b3 p.mac            x15, x16, x8        x15=0000000e x15:0000000e x16:0000000e  x8:00000000
16899131ns          284628 1c00827c 37c72403 lw               x8, 892(x14)         x8=00000000 x14:10000410  PA:1000078c
16899190ns          284631 1c008280 428507b3 p.mac            x15, x10, x8        x15=0000000e x15:0000000e x10:0000000f  x8:00000000
16899210ns          284632 1c008284 3bc72403 lw               x8, 956(x14)         x8=00000000 x14:10000410  PA:100007cc
16899270ns          284635 1c008288 428587b3 p.mac            x15, x11, x8        x15=0000000e x15:0000000e x11:000000f1  x8:00000000
16899290ns          284636 1c00828c 00f6222b p.sw             x15, 4(x12!)        x12=10000810 x15:0000000e x12:1000080c  PA:1000080c
16899329ns          284638 1c008210 0047278b p.lw             x15, 4(x14!)        x15=00000001 x14=10000414 x14:10000410  PA:10000410
16899349ns          284639 1c008214 03c72403 lw               x8, 60(x14)          x8=00000000 x14:10000414  PA:10000450
16899369ns          284640 1c008216 02fb87b3 mul              x15, x23, x15       x15=00000100 x23:00000100 x15:00000001
16899389ns          284641 1c00821a 428b07b3 p.mac            x15, x22, x8        x15=00000100 x15:00000100 x22:00000002  x8:00000000
16899409ns          284642 1c00821e 07c72403 lw               x8, 124(x14)         x8=00000000 x14:10000414  PA:10000490
16899449ns          284644 1c008220 428a87b3 p.mac            x15, x21, x8        x15=00000100 x15:00000100 x21:00000003  x8:00000000
16899469ns          284645 1c008224 0bc72403 lw               x8, 188(x14)         x8=00000000 x14:10000414  PA:100004d0
16899528ns          284648 1c008228 428a07b3 p.mac            x15, x20, x8        x15=00000100 x15:00000100 x20:000000fd  x8:00000000
16899548ns          284649 1c00822c 0fc72403 lw               x8, 252(x14)         x8=00000000 x14:10000414  PA:10000510
16899628ns          284653 1c008230 428087b3 p.mac            x15, x1, x8         x15=00000100 x15:00000100  x1:000000fc  x8:00000000
16899648ns          284654 1c008234 13c72403 lw               x8, 316(x14)         x8=00000000 x14:10000414  PA:10000550
16899707ns          284657 1c008238 428387b3 p.mac            x15, x7, x8         x15=00000100 x15:00000100  x7:00000006  x8:00000000
16899727ns          284658 1c00823c 17c72403 lw               x8, 380(x14)         x8=00000000 x14:10000414  PA:10000590
16899787ns          284661 1c008240 428287b3 p.mac            x15, x5, x8         x15=00000100 x15:00000100  x5:00000007  x8:00000000
16899807ns          284662 1c008244 1bc72403 lw               x8, 444(x14)         x8=00000000 x14:10000414  PA:100005d0
16899866ns          284665 1c008248 428f87b3 p.mac            x15, x31, x8        x15=00000100 x15:00000100 x31:000000f9  x8:00000000
16899886ns          284666 1c00824c 1fc72403 lw               x8, 508(x14)         x8=00000000 x14:10000414  PA:10000610
16899946ns          284669 1c008250 428f07b3 p.mac            x15, x30, x8        x15=00000100 x15:00000100 x30:000000f8  x8:00000000
16899966ns          284670 1c008254 23c72403 lw               x8, 572(x14)         x8=00000000 x14:10000414  PA:10000650
16900026ns          284673 1c008258 428e87b3 p.mac            x15, x29, x8        x15=00000100 x15:00000100 x29:0000000a  x8:00000000
16900045ns          284674 1c00825c 27c72403 lw               x8, 636(x14)         x8=00000001 x14:10000414  PA:10000690
16900105ns          284677 1c008260 428e07b3 p.mac            x15, x28, x8        x15=0000010b x15:00000100 x28:0000000b  x8:00000001
16900125ns          284678 1c008264 2bc72403 lw               x8, 700(x14)         x8=00000000 x14:10000414  PA:100006d0
16900185ns          284681 1c008268 428307b3 p.mac            x15, x6, x8         x15=0000010b x15:0000010b  x6:000000f5  x8:00000000
16900205ns          284682 1c00826c 2fc72403 lw               x8, 764(x14)         x8=00000001 x14:10000414  PA:10000710
16900264ns          284685 1c008270 428887b3 p.mac            x15, x17, x8        x15=000001ff x15:0000010b x17:000000f4  x8:00000001
16900284ns          284686 1c008274 33c72403 lw               x8, 828(x14)         x8=00000000 x14:10000414  PA:10000750
16900344ns          284689 1c008278 428807b3 p.mac            x15, x16, x8        x15=000001ff x15:000001ff x16:0000000e  x8:00000000
16900364ns          284690 1c00827c 37c72403 lw               x8, 892(x14)         x8=00000000 x14:10000414  PA:10000790
16900423ns          284693 1c008280 428507b3 p.mac            x15, x10, x8        x15=000001ff x15:000001ff x10:0000000f  x8:00000000
16900443ns          284694 1c008284 3bc72403 lw               x8, 956(x14)         x8=00000000 x14:10000414  PA:100007d0
16900503ns          284697 1c008288 428587b3 p.mac            x15, x11, x8        x15=000001ff x15:000001ff x11:000000f1  x8:00000000
16900523ns          284698 1c00828c 00f6222b p.sw             x15, 4(x12!)        x12=10000814 x15:000001ff x12:10000810  PA:10000810
16900563ns          284700 1c008210 0047278b p.lw             x15, 4(x14!)        x15=00000000 x14=10000418 x14:10000414  PA:10000414
16900583ns          284701 1c008214 03c72403 lw               x8, 60(x14)          x8=00000000 x14:10000418  PA:10000454
16900602ns          284702 1c008216 02fb87b3 mul              x15, x23, x15       x15=00000000 x23:00000100 x15:00000000
16900622ns          284703 1c00821a 428b07b3 p.mac            x15, x22, x8        x15=00000000 x15:00000000 x22:00000002  x8:00000000
16900642ns          284704 1c00821e 07c72403 lw               x8, 124(x14)         x8=00000000 x14:10000418  PA:10000494
16900682ns          284706 1c008220 428a87b3 p.mac            x15, x21, x8        x15=00000000 x15:00000000 x21:00000003  x8:00000000
16900702ns          284707 1c008224 0bc72403 lw               x8, 188(x14)         x8=00000000 x14:10000418  PA:100004d4
16900742ns          284709 1c008228 428a07b3 p.mac            x15, x20, x8        x15=00000000 x15:00000000 x20:000000fd  x8:00000000
16900762ns          284710 1c00822c 0fc72403 lw               x8, 252(x14)         x8=00000001 x14:10000418  PA:10000514
16900841ns          284714 1c008230 428087b3 p.mac            x15, x1, x8         x15=000000fc x15:00000000  x1:000000fc  x8:00000001
16900861ns          284715 1c008234 13c72403 lw               x8, 316(x14)         x8=00000000 x14:10000418  PA:10000554
16900921ns          284718 1c008238 428387b3 p.mac            x15, x7, x8         x15=000000fc x15:000000fc  x7:00000006  x8:00000000
16900941ns          284719 1c00823c 17c72403 lw               x8, 380(x14)         x8=00000000 x14:10000418  PA:10000594
16901000ns          284722 1c008240 428287b3 p.mac            x15, x5, x8         x15=000000fc x15:000000fc  x5:00000007  x8:00000000
16901020ns          284723 1c008244 1bc72403 lw               x8, 444(x14)         x8=00000000 x14:10000418  PA:100005d4
16901080ns          284726 1c008248 428f87b3 p.mac            x15, x31, x8        x15=000000fc x15:000000fc x31:000000f9  x8:00000000
16901100ns          284727 1c00824c 1fc72403 lw               x8, 508(x14)         x8=00000000 x14:10000418  PA:10000614
16901159ns          284730 1c008250 428f07b3 p.mac            x15, x30, x8        x15=000000fc x15:000000fc x30:000000f8  x8:00000000
16901179ns          284731 1c008254 23c72403 lw               x8, 572(x14)         x8=00000001 x14:10000418  PA:10000654
16901239ns          284734 1c008258 428e87b3 p.mac            x15, x29, x8        x15=00000106 x15:000000fc x29:0000000a  x8:00000001
16901259ns          284735 1c00825c 27c72403 lw               x8, 636(x14)         x8=00000000 x14:10000418  PA:10000694
16901318ns          284738 1c008260 428e07b3 p.mac            x15, x28, x8        x15=00000106 x15:00000106 x28:0000000b  x8:00000000
16901338ns          284739 1c008264 2bc72403 lw               x8, 700(x14)         x8=00000000 x14:10000418  PA:100006d4
16901398ns          284742 1c008268 428307b3 p.mac            x15, x6, x8         x15=00000106 x15:00000106  x6:000000f5  x8:00000000
16901418ns          284743 1c00826c 2fc72403 lw               x8, 764(x14)         x8=00000000 x14:10000418  PA:10000714
16901478ns          284746 1c008270 428887b3 p.mac            x15, x17, x8        x15=00000106 x15:00000106 x17:000000f4  x8:00000000
16901498ns          284747 1c008274 33c72403 lw               x8, 828(x14)         x8=00000000 x14:10000418  PA:10000754
16901557ns          284750 1c008278 428807b3 p.mac            x15, x16, x8        x15=00000106 x15:00000106 x16:0000000e  x8:00000000
16901577ns          284751 1c00827c 37c72403 lw               x8, 892(x14)         x8=00000000 x14:10000418  PA:10000794
16901637ns          284754 1c008280 428507b3 p.mac            x15, x10, x8        x15=00000106 x15:00000106 x10:0000000f  x8:00000000
16901657ns          284755 1c008284 3bc72403 lw               x8, 956(x14)         x8=00000000 x14:10000418  PA:100007d4
16901716ns          284758 1c008288 428587b3 p.mac            x15, x11, x8        x15=00000106 x15:00000106 x11:000000f1  x8:00000000
16901736ns          284759 1c00828c 00f6222b p.sw             x15, 4(x12!)        x12=10000818 x15:00000106 x12:10000814  PA:10000814
16901776ns          284761 1c008210 0047278b p.lw             x15, 4(x14!)        x15=00000000 x14=1000041c x14:10000418  PA:10000418
16901796ns          284762 1c008214 03c72403 lw               x8, 60(x14)          x8=00000000 x14:1000041c  PA:10000458
16901816ns          284763 1c008216 02fb87b3 mul              x15, x23, x15       x15=00000000 x23:00000100 x15:00000000
16901836ns          284764 1c00821a 428b07b3 p.mac            x15, x22, x8        x15=00000000 x15:00000000 x22:00000002  x8:00000000
16901856ns          284765 1c00821e 07c72403 lw               x8, 124(x14)         x8=00000000 x14:1000041c  PA:10000498
16901895ns          284767 1c008220 428a87b3 p.mac            x15, x21, x8        x15=00000000 x15:00000000 x21:00000003  x8:00000000
16901915ns          284768 1c008224 0bc72403 lw               x8, 188(x14)         x8=00000000 x14:1000041c  PA:100004d8
16901975ns          284771 1c008228 428a07b3 p.mac            x15, x20, x8        x15=00000000 x15:00000000 x20:000000fd  x8:00000000
16901995ns          284772 1c00822c 0fc72403 lw               x8, 252(x14)         x8=00000000 x14:1000041c  PA:10000518
16902074ns          284776 1c008230 428087b3 p.mac            x15, x1, x8         x15=00000000 x15:00000000  x1:000000fc  x8:00000000
16902094ns          284777 1c008234 13c72403 lw               x8, 316(x14)         x8=00000000 x14:1000041c  PA:10000558
16902154ns          284780 1c008238 428387b3 p.mac            x15, x7, x8         x15=00000000 x15:00000000  x7:00000006  x8:00000000
16902174ns          284781 1c00823c 17c72403 lw               x8, 380(x14)         x8=00000000 x14:1000041c  PA:10000598
16902233ns          284784 1c008240 428287b3 p.mac            x15, x5, x8         x15=00000000 x15:00000000  x5:00000007  x8:00000000
16902253ns          284785 1c008244 1bc72403 lw               x8, 444(x14)         x8=00000000 x14:1000041c  PA:100005d8
16902313ns          284788 1c008248 428f87b3 p.mac            x15, x31, x8        x15=00000000 x15:00000000 x31:000000f9  x8:00000000
16902333ns          284789 1c00824c 1fc72403 lw               x8, 508(x14)         x8=00000000 x14:1000041c  PA:10000618
16902393ns          284792 1c008250 428f07b3 p.mac            x15, x30, x8        x15=00000000 x15:00000000 x30:000000f8  x8:00000000
16902412ns          284793 1c008254 23c72403 lw               x8, 572(x14)         x8=00000000 x14:1000041c  PA:10000658
16902472ns          284796 1c008258 428e87b3 p.mac            x15, x29, x8        x15=00000000 x15:00000000 x29:0000000a  x8:00000000
16902492ns          284797 1c00825c 27c72403 lw               x8, 636(x14)         x8=00000000 x14:1000041c  PA:10000698
16902552ns          284800 1c008260 428e07b3 p.mac            x15, x28, x8        x15=00000000 x15:00000000 x28:0000000b  x8:00000000
16902572ns          284801 1c008264 2bc72403 lw               x8, 700(x14)         x8=00000000 x14:1000041c  PA:100006d8
16902631ns          284804 1c008268 428307b3 p.mac            x15, x6, x8         x15=00000000 x15:00000000  x6:000000f5  x8:00000000
16902651ns          284805 1c00826c 2fc72403 lw               x8, 764(x14)         x8=00000000 x14:1000041c  PA:10000718
16902711ns          284808 1c008270 428887b3 p.mac            x15, x17, x8        x15=00000000 x15:00000000 x17:000000f4  x8:00000000
16902731ns          284809 1c008274 33c72403 lw               x8, 828(x14)         x8=00000000 x14:1000041c  PA:10000758
16902790ns          284812 1c008278 428807b3 p.mac            x15, x16, x8        x15=00000000 x15:00000000 x16:0000000e  x8:00000000
16902810ns          284813 1c00827c 37c72403 lw               x8, 892(x14)         x8=00000000 x14:1000041c  PA:10000798
16902870ns          284816 1c008280 428507b3 p.mac            x15, x10, x8        x15=00000000 x15:00000000 x10:0000000f  x8:00000000
16902890ns          284817 1c008284 3bc72403 lw               x8, 956(x14)         x8=00000000 x14:1000041c  PA:100007d8
16902950ns          284820 1c008288 428587b3 p.mac            x15, x11, x8        x15=00000000 x15:00000000 x11:000000f1  x8:00000000
16902969ns          284821 1c00828c 00f6222b p.sw             x15, 4(x12!)        x12=1000081c x15:00000000 x12:10000818  PA:10000818
16903009ns          284823 1c008210 0047278b p.lw             x15, 4(x14!)        x15=00000000 x14=10000420 x14:1000041c  PA:1000041c
16903029ns          284824 1c008214 03c72403 lw               x8, 60(x14)          x8=00000001 x14:10000420  PA:1000045c
16903049ns          284825 1c008216 02fb87b3 mul              x15, x23, x15       x15=00000000 x23:00000100 x15:00000000
16903069ns          284826 1c00821a 428b07b3 p.mac            x15, x22, x8        x15=00000002 x15:00000000 x22:00000002  x8:00000001
16903089ns          284827 1c00821e 07c72403 lw               x8, 124(x14)         x8=00000001 x14:10000420  PA:1000049c
16903129ns          284829 1c008220 428a87b3 p.mac            x15, x21, x8        x15=00000005 x15:00000002 x21:00000003  x8:00000001
16903148ns          284830 1c008224 0bc72403 lw               x8, 188(x14)         x8=00000000 x14:10000420  PA:100004dc
16903208ns          284833 1c008228 428a07b3 p.mac            x15, x20, x8        x15=00000005 x15:00000005 x20:000000fd  x8:00000000
16903228ns          284834 1c00822c 0fc72403 lw               x8, 252(x14)         x8=00000000 x14:10000420  PA:1000051c
16903308ns          284838 1c008230 428087b3 p.mac            x15, x1, x8         x15=00000005 x15:00000005  x1:000000fc  x8:00000000
16903327ns          284839 1c008234 13c72403 lw               x8, 316(x14)         x8=00000001 x14:10000420  PA:1000055c
16903387ns          284842 1c008238 428387b3 p.mac            x15, x7, x8         x15=0000000b x15:00000005  x7:00000006  x8:00000001
16903407ns          284843 1c00823c 17c72403 lw               x8, 380(x14)         x8=00000000 x14:10000420  PA:1000059c
16903467ns          284846 1c008240 428287b3 p.mac            x15, x5, x8         x15=0000000b x15:0000000b  x5:00000007  x8:00000000
16903487ns          284847 1c008244 1bc72403 lw               x8, 444(x14)         x8=00000000 x14:10000420  PA:100005dc
16903546ns          284850 1c008248 428f87b3 p.mac            x15, x31, x8        x15=0000000b x15:0000000b x31:000000f9  x8:00000000
16903566ns          284851 1c00824c 1fc72403 lw               x8, 508(x14)         x8=00000000 x14:10000420  PA:1000061c
16903626ns          284854 1c008250 428f07b3 p.mac            x15, x30, x8        x15=0000000b x15:0000000b x30:000000f8  x8:00000000
16903646ns          284855 1c008254 23c72403 lw               x8, 572(x14)         x8=00000000 x14:10000420  PA:1000065c
16903705ns          284858 1c008258 428e87b3 p.mac            x15, x29, x8        x15=0000000b x15:0000000b x29:0000000a  x8:00000000
16903725ns          284859 1c00825c 27c72403 lw               x8, 636(x14)         x8=00000000 x14:10000420  PA:1000069c
16903785ns          284862 1c008260 428e07b3 p.mac            x15, x28, x8        x15=0000000b x15:0000000b x28:0000000b  x8:00000000
16903805ns          284863 1c008264 2bc72403 lw               x8, 700(x14)         x8=00000000 x14:10000420  PA:100006dc
16903865ns          284866 1c008268 428307b3 p.mac            x15, x6, x8         x15=0000000b x15:0000000b  x6:000000f5  x8:00000000
16903884ns          284867 1c00826c 2fc72403 lw               x8, 764(x14)         x8=00000000 x14:10000420  PA:1000071c
16903944ns          284870 1c008270 428887b3 p.mac            x15, x17, x8        x15=0000000b x15:0000000b x17:000000f4  x8:00000000
16903964ns          284871 1c008274 33c72403 lw               x8, 828(x14)         x8=00000000 x14:10000420  PA:1000075c
16904024ns          284874 1c008278 428807b3 p.mac            x15, x16, x8        x15=0000000b x15:0000000b x16:0000000e  x8:00000000
16904044ns          284875 1c00827c 37c72403 lw               x8, 892(x14)         x8=00000000 x14:10000420  PA:1000079c
16904103ns          284878 1c008280 428507b3 p.mac            x15, x10, x8        x15=0000000b x15:0000000b x10:0000000f  x8:00000000
16904123ns          284879 1c008284 3bc72403 lw               x8, 956(x14)         x8=00000000 x14:10000420  PA:100007dc
16904183ns          284882 1c008288 428587b3 p.mac            x15, x11, x8        x15=0000000b x15:0000000b x11:000000f1  x8:00000000
16904203ns          284883 1c00828c 00f6222b p.sw             x15, 4(x12!)        x12=10000820 x15:0000000b x12:1000081c  PA:1000081c
16904242ns          284885 1c008210 0047278b p.lw             x15, 4(x14!)        x15=00000000 x14=10000424 x14:10000420  PA:10000420
16904262ns          284886 1c008214 03c72403 lw               x8, 60(x14)          x8=00000000 x14:10000424  PA:10000460
16904282ns          284887 1c008216 02fb87b3 mul              x15, x23, x15       x15=00000000 x23:00000100 x15:00000000
16904302ns          284888 1c00821a 428b07b3 p.mac            x15, x22, x8        x15=00000000 x15:00000000 x22:00000002  x8:00000000
16904322ns          284889 1c00821e 07c72403 lw               x8, 124(x14)         x8=00000000 x14:10000424  PA:100004a0
16904362ns          284891 1c008220 428a87b3 p.mac            x15, x21, x8        x15=00000000 x15:00000000 x21:00000003  x8:00000000
16904382ns          284892 1c008224 0bc72403 lw               x8, 188(x14)         x8=00000000 x14:10000424  PA:100004e0
16904441ns          284895 1c008228 428a07b3 p.mac            x15, x20, x8        x15=00000000 x15:00000000 x20:000000fd  x8:00000000
16904461ns          284896 1c00822c 0fc72403 lw               x8, 252(x14)         x8=00000000 x14:10000424  PA:10000520
16904541ns          284900 1c008230 428087b3 p.mac            x15, x1, x8         x15=00000000 x15:00000000  x1:000000fc  x8:00000000
16904561ns          284901 1c008234 13c72403 lw               x8, 316(x14)         x8=00000000 x14:10000424  PA:10000560
16904620ns          284904 1c008238 428387b3 p.mac            x15, x7, x8         x15=00000000 x15:00000000  x7:00000006  x8:00000000
16904640ns          284905 1c00823c 17c72403 lw               x8, 380(x14)         x8=00000000 x14:10000424  PA:100005a0
16904700ns          284908 1c008240 428287b3 p.mac            x15, x5, x8         x15=00000000 x15:00000000  x5:00000007  x8:00000000
16904720ns          284909 1c008244 1bc72403 lw               x8, 444(x14)         x8=00000000 x14:10000424  PA:100005e0
16904779ns          284912 1c008248 428f87b3 p.mac            x15, x31, x8        x15=00000000 x15:00000000 x31:000000f9  x8:00000000
16904799ns          284913 1c00824c 1fc72403 lw               x8, 508(x14)         x8=00000001 x14:10000424  PA:10000620
16904859ns          284916 1c008250 428f07b3 p.mac            x15, x30, x8        x15=000000f8 x15:00000000 x30:000000f8  x8:00000001
16904879ns          284917 1c008254 23c72403 lw               x8, 572(x14)         x8=00000000 x14:10000424  PA:10000660
16904939ns          284920 1c008258 428e87b3 p.mac            x15, x29, x8        x15=000000f8 x15:000000f8 x29:0000000a  x8:00000000
16904958ns          284921 1c00825c 27c72403 lw               x8, 636(x14)         x8=00000000 x14:10000424  PA:100006a0
16905018ns          284924 1c008260 428e07b3 p.mac            x15, x28, x8        x15=000000f8 x15:000000f8 x28:0000000b  x8:00000000
16905038ns          284925 1c008264 2bc72403 lw               x8, 700(x14)         x8=00000000 x14:10000424  PA:100006e0
16905098ns          284928 1c008268 428307b3 p.mac            x15, x6, x8         x15=000000f8 x15:000000f8  x6:000000f5  x8:00000000
16905118ns          284929 1c00826c 2fc72403 lw               x8, 764(x14)         x8=00000001 x14:10000424  PA:10000720
16905177ns          284932 1c008270 428887b3 p.mac            x15, x17, x8        x15=000001ec x15:000000f8 x17:000000f4  x8:00000001
16905197ns          284933 1c008274 33c72403 lw               x8, 828(x14)         x8=00000000 x14:10000424  PA:10000760
16905257ns          284936 1c008278 428807b3 p.mac            x15, x16, x8        x15=000001ec x15:000001ec x16:0000000e  x8:00000000
16905277ns          284937 1c00827c 37c72403 lw               x8, 892(x14)         x8=00000000 x14:10000424  PA:100007a0
16905336ns          284940 1c008280 428507b3 p.mac            x15, x10, x8        x15=000001ec x15:000001ec x10:0000000f  x8:00000000
16905356ns          284941 1c008284 3bc72403 lw               x8, 956(x14)         x8=00000000 x14:10000424  PA:100007e0
16905416ns          284944 1c008288 428587b3 p.mac            x15, x11, x8        x15=000001ec x15:000001ec x11:000000f1  x8:00000000
16905436ns          284945 1c00828c 00f6222b p.sw             x15, 4(x12!)        x12=10000824 x15:000001ec x12:10000820  PA:10000820
16905476ns          284947 1c008210 0047278b p.lw             x15, 4(x14!)        x15=00000000 x14=10000428 x14:10000424  PA:10000424
16905496ns          284948 1c008214 03c72403 lw               x8, 60(x14)          x8=00000000 x14:10000428  PA:10000464
16905515ns          284949 1c008216 02fb87b3 mul              x15, x23, x15       x15=00000000 x23:00000100 x15:00000000
16905535ns          284950 1c00821a 428b07b3 p.mac            x15, x22, x8        x15=00000000 x15:00000000 x22:00000002  x8:00000000
16905555ns          284951 1c00821e 07c72403 lw               x8, 124(x14)         x8=00000001 x14:10000428  PA:100004a4
16905595ns          284953 1c008220 428a87b3 p.mac            x15, x21, x8        x15=00000003 x15:00000000 x21:00000003  x8:00000001
16905615ns          284954 1c008224 0bc72403 lw               x8, 188(x14)         x8=00000000 x14:10000428  PA:100004e4
16905675ns          284957 1c008228 428a07b3 p.mac            x15, x20, x8        x15=00000003 x15:00000003 x20:000000fd  x8:00000000
16905694ns          284958 1c00822c 0fc72403 lw               x8, 252(x14)         x8=00000000 x14:10000428  PA:10000524
16905774ns          284962 1c008230 428087b3 p.mac            x15, x1, x8         x15=00000003 x15:00000003  x1:000000fc  x8:00000000
16905794ns          284963 1c008234 13c72403 lw               x8, 316(x14)         x8=00000000 x14:10000428  PA:10000564
16905854ns          284966 1c008238 428387b3 p.mac            x15, x7, x8         x15=00000003 x15:00000003  x7:00000006  x8:00000000
16905873ns          284967 1c00823c 17c72403 lw               x8, 380(x14)         x8=00000000 x14:10000428  PA:100005a4
16905933ns          284970 1c008240 428287b3 p.mac            x15, x5, x8         x15=00000003 x15:00000003  x5:00000007  x8:00000000
16905953ns          284971 1c008244 1bc72403 lw               x8, 444(x14)         x8=00000000 x14:10000428  PA:100005e4
16906013ns          284974 1c008248 428f87b3 p.mac            x15, x31, x8        x15=00000003 x15:00000003 x31:000000f9  x8:00000000
16906033ns          284975 1c00824c 1fc72403 lw               x8, 508(x14)         x8=00000000 x14:10000428  PA:10000624
16906092ns          284978 1c008250 428f07b3 p.mac            x15, x30, x8        x15=00000003 x15:00000003 x30:000000f8  x8:00000000
16906112ns          284979 1c008254 23c72403 lw               x8, 572(x14)         x8=00000000 x14:10000428  PA:10000664
16906172ns          284982 1c008258 428e87b3 p.mac            x15, x29, x8        x15=00000003 x15:00000003 x29:0000000a  x8:00000000
16906192ns          284983 1c00825c 27c72403 lw               x8, 636(x14)         x8=00000000 x14:10000428  PA:100006a4
16906251ns          284986 1c008260 428e07b3 p.mac            x15, x28, x8        x15=00000003 x15:00000003 x28:0000000b  x8:00000000
16906271ns          284987 1c008264 2bc72403 lw               x8, 700(x14)         x8=00000000 x14:10000428  PA:100006e4
16906331ns          284990 1c008268 428307b3 p.mac            x15, x6, x8         x15=00000003 x15:00000003  x6:000000f5  x8:00000000
16906351ns          284991 1c00826c 2fc72403 lw               x8, 764(x14)         x8=00000001 x14:10000428  PA:10000724
16906411ns          284994 1c008270 428887b3 p.mac            x15, x17, x8        x15=000000f7 x15:00000003 x17:000000f4  x8:00000001
16906430ns          284995 1c008274 33c72403 lw               x8, 828(x14)         x8=00000001 x14:10000428  PA:10000764
16906490ns          284998 1c008278 428807b3 p.mac            x15, x16, x8        x15=00000105 x15:000000f7 x16:0000000e  x8:00000001
16906510ns          284999 1c00827c 37c72403 lw               x8, 892(x14)         x8=00000000 x14:10000428  PA:100007a4
16906570ns          285002 1c008280 428507b3 p.mac            x15, x10, x8        x15=00000105 x15:00000105 x10:0000000f  x8:00000000
16906590ns          285003 1c008284 3bc72403 lw               x8, 956(x14)         x8=00000000 x14:10000428  PA:100007e4
16906649ns          285006 1c008288 428587b3 p.mac            x15, x11, x8        x15=00000105 x15:00000105 x11:000000f1  x8:00000000
16906669ns          285007 1c00828c 00f6222b p.sw             x15, 4(x12!)        x12=10000828 x15:00000105 x12:10000824  PA:10000824
16906709ns          285009 1c008210 0047278b p.lw             x15, 4(x14!)        x15=00000000 x14=1000042c x14:10000428  PA:10000428
16906729ns          285010 1c008214 03c72403 lw               x8, 60(x14)          x8=00000000 x14:1000042c  PA:10000468
16906749ns          285011 1c008216 02fb87b3 mul              x15, x23, x15       x15=00000000 x23:00000100 x15:00000000
16906769ns          285012 1c00821a 428b07b3 p.mac            x15, x22, x8        x15=00000000 x15:00000000 x22:00000002  x8:00000000
16906788ns          285013 1c00821e 07c72403 lw               x8, 124(x14)         x8=00000000 x14:1000042c  PA:100004a8
16906828ns          285015 1c008220 428a87b3 p.mac            x15, x21, x8        x15=00000000 x15:00000000 x21:00000003  x8:00000000
16906848ns          285016 1c008224 0bc72403 lw               x8, 188(x14)         x8=00000000 x14:1000042c  PA:100004e8
16906908ns          285019 1c008228 428a07b3 p.mac            x15, x20, x8        x15=00000000 x15:00000000 x20:000000fd  x8:00000000
16906928ns          285020 1c00822c 0fc72403 lw               x8, 252(x14)         x8=00000000 x14:1000042c  PA:10000528
16907007ns          285024 1c008230 428087b3 p.mac            x15, x1, x8         x15=00000000 x15:00000000  x1:000000fc  x8:00000000
16907027ns          285025 1c008234 13c72403 lw               x8, 316(x14)         x8=00000000 x14:1000042c  PA:10000568
16907087ns          285028 1c008238 428387b3 p.mac            x15, x7, x8         x15=00000000 x15:00000000  x7:00000006  x8:00000000
16907107ns          285029 1c00823c 17c72403 lw               x8, 380(x14)         x8=00000000 x14:1000042c  PA:100005a8
16907166ns          285032 1c008240 428287b3 p.mac            x15, x5, x8         x15=00000000 x15:00000000  x5:00000007  x8:00000000
16907186ns          285033 1c008244 1bc72403 lw               x8, 444(x14)         x8=00000000 x14:1000042c  PA:100005e8
16907246ns          285036 1c008248 428f87b3 p.mac            x15, x31, x8        x15=00000000 x15:00000000 x31:000000f9  x8:00000000
16907266ns          285037 1c00824c 1fc72403 lw               x8, 508(x14)         x8=00000000 x14:1000042c  PA:10000628
16907325ns          285040 1c008250 428f07b3 p.mac            x15, x30, x8        x15=00000000 x15:00000000 x30:000000f8  x8:00000000
16907345ns          285041 1c008254 23c72403 lw               x8, 572(x14)         x8=00000000 x14:1000042c  PA:10000668
16907405ns          285044 1c008258 428e87b3 p.mac            x15, x29, x8        x15=00000000 x15:00000000 x29:0000000a  x8:00000000
16907425ns          285045 1c00825c 27c72403 lw               x8, 636(x14)         x8=00000000 x14:1000042c  PA:100006a8
16907485ns          285048 1c008260 428e07b3 p.mac            x15, x28, x8        x15=00000000 x15:00000000 x28:0000000b  x8:00000000
16907505ns          285049 1c008264 2bc72403 lw               x8, 700(x14)         x8=00000000 x14:1000042c  PA:100006e8
16907564ns          285052 1c008268 428307b3 p.mac            x15, x6, x8         x15=00000000 x15:00000000  x6:000000f5  x8:00000000
16907584ns          285053 1c00826c 2fc72403 lw               x8, 764(x14)         x8=00000000 x14:1000042c  PA:10000728
16907644ns          285056 1c008270 428887b3 p.mac            x15, x17, x8        x15=00000000 x15:00000000 x17:000000f4  x8:00000000
16907664ns          285057 1c008274 33c72403 lw               x8, 828(x14)         x8=00000000 x14:1000042c  PA:10000768
16907723ns          285060 1c008278 428807b3 p.mac            x15, x16, x8        x15=00000000 x15:00000000 x16:0000000e  x8:00000000
16907743ns          285061 1c00827c 37c72403 lw               x8, 892(x14)         x8=00000000 x14:1000042c  PA:100007a8
16907803ns          285064 1c008280 428507b3 p.mac            x15, x10, x8        x15=00000000 x15:00000000 x10:0000000f  x8:00000000
16907823ns          285065 1c008284 3bc72403 lw               x8, 956(x14)         x8=00000000 x14:1000042c  PA:100007e8
16907882ns          285068 1c008288 428587b3 p.mac            x15, x11, x8        x15=00000000 x15:00000000 x11:000000f1  x8:00000000
16907902ns          285069 1c00828c 00f6222b p.sw             x15, 4(x12!)        x12=1000082c x15:00000000 x12:10000828  PA:10000828
16907942ns          285071 1c008210 0047278b p.lw             x15, 4(x14!)        x15=00000000 x14=10000430 x14:1000042c  PA:1000042c
16907962ns          285072 1c008214 03c72403 lw               x8, 60(x14)          x8=00000000 x14:10000430  PA:1000046c
16907982ns          285073 1c008216 02fb87b3 mul              x15, x23, x15       x15=00000000 x23:00000100 x15:00000000
16908002ns          285074 1c00821a 428b07b3 p.mac            x15, x22, x8        x15=00000000 x15:00000000 x22:00000002  x8:00000000
16908022ns          285075 1c00821e 07c72403 lw               x8, 124(x14)         x8=00000000 x14:10000430  PA:100004ac
16908061ns          285077 1c008220 428a87b3 p.mac            x15, x21, x8        x15=00000000 x15:00000000 x21:00000003  x8:00000000
16908081ns          285078 1c008224 0bc72403 lw               x8, 188(x14)         x8=00000000 x14:10000430  PA:100004ec
16908141ns          285081 1c008228 428a07b3 p.mac            x15, x20, x8        x15=00000000 x15:00000000 x20:000000fd  x8:00000000
16908161ns          285082 1c00822c 0fc72403 lw               x8, 252(x14)         x8=00000000 x14:10000430  PA:1000052c
16908240ns          285086 1c008230 428087b3 p.mac            x15, x1, x8         x15=00000000 x15:00000000  x1:000000fc  x8:00000000
16908260ns          285087 1c008234 13c72403 lw               x8, 316(x14)         x8=00000000 x14:10000430  PA:1000056c
16908320ns          285090 1c008238 428387b3 p.mac            x15, x7, x8         x15=00000000 x15:00000000  x7:00000006  x8:00000000
16908340ns          285091 1c00823c 17c72403 lw               x8, 380(x14)         x8=00000001 x14:10000430  PA:100005ac
16908400ns          285094 1c008240 428287b3 p.mac            x15, x5, x8         x15=00000007 x15:00000000  x5:00000007  x8:00000001
16908419ns          285095 1c008244 1bc72403 lw               x8, 444(x14)         x8=00000000 x14:10000430  PA:100005ec
16908479ns          285098 1c008248 428f87b3 p.mac            x15, x31, x8        x15=00000007 x15:00000007 x31:000000f9  x8:00000000
16908499ns          285099 1c00824c 1fc72403 lw               x8, 508(x14)         x8=00000000 x14:10000430  PA:1000062c
16908559ns          285102 1c008250 428f07b3 p.mac            x15, x30, x8        x15=00000007 x15:00000007 x30:000000f8  x8:00000000
16908579ns          285103 1c008254 23c72403 lw               x8, 572(x14)         x8=00000000 x14:10000430  PA:1000066c
16908638ns          285106 1c008258 428e87b3 p.mac            x15, x29, x8        x15=00000007 x15:00000007 x29:0000000a  x8:00000000
16908658ns          285107 1c00825c 27c72403 lw               x8, 636(x14)         x8=00000001 x14:10000430  PA:100006ac
16908718ns          285110 1c008260 428e07b3 p.mac            x15, x28, x8        x15=00000012 x15:00000007 x28:0000000b  x8:00000001
16908738ns          285111 1c008264 2bc72403 lw               x8, 700(x14)         x8=00000000 x14:10000430  PA:100006ec
16908797ns          285114 1c008268 428307b3 p.mac            x15, x6, x8         x15=00000012 x15:00000012  x6:000000f5  x8:00000000
16908817ns          285115 1c00826c 2fc72403 lw               x8, 764(x14)         x8=00000000 x14:10000430  PA:1000072c
16908877ns          285118 1c008270 428887b3 p.mac            x15, x17, x8        x15=00000012 x15:00000012 x17:000000f4  x8:00000000
16908897ns          285119 1c008274 33c72403 lw               x8, 828(x14)         x8=00000000 x14:10000430  PA:1000076c
16908957ns          285122 1c008278 428807b3 p.mac            x15, x16, x8        x15=00000012 x15:00000012 x16:0000000e  x8:00000000
16908976ns          285123 1c00827c 37c72403 lw               x8, 892(x14)         x8=00000000 x14:10000430  PA:100007ac
16909036ns          285126 1c008280 428507b3 p.mac            x15, x10, x8        x15=00000012 x15:00000012 x10:0000000f  x8:00000000
16909056ns          285127 1c008284 3bc72403 lw               x8, 956(x14)         x8=00000000 x14:10000430  PA:100007ec
16909116ns          285130 1c008288 428587b3 p.mac            x15, x11, x8        x15=00000012 x15:00000012 x11:000000f1  x8:00000000
16909136ns          285131 1c00828c 00f6222b p.sw             x15, 4(x12!)        x12=10000830 x15:00000012 x12:1000082c  PA:1000082c
16909175ns          285133 1c008210 0047278b p.lw             x15, 4(x14!)        x15=00000000 x14=10000434 x14:10000430  PA:10000430
16909195ns          285134 1c008214 03c72403 lw               x8, 60(x14)          x8=00000000 x14:10000434  PA:10000470
16909215ns          285135 1c008216 02fb87b3 mul              x15, x23, x15       x15=00000000 x23:00000100 x15:00000000
16909235ns          285136 1c00821a 428b07b3 p.mac            x15, x22, x8        x15=00000000 x15:00000000 x22:00000002  x8:00000000
16909255ns          285137 1c00821e 07c72403 lw               x8, 124(x14)         x8=00000000 x14:10000434  PA:100004b0
16909295ns          285139 1c008220 428a87b3 p.mac            x15, x21, x8        x15=00000000 x15:00000000 x21:00000003  x8:00000000
16909315ns          285140 1c008224 0bc72403 lw               x8, 188(x14)         x8=00000001 x14:10000434  PA:100004f0
16909374ns          285143 1c008228 428a07b3 p.mac            x15, x20, x8        x15=000000fd x15:00000000 x20:000000fd  x8:00000001
16909394ns          285144 1c00822c 0fc72403 lw               x8, 252(x14)         x8=00000001 x14:10000434  PA:10000530
16909474ns          285148 1c008230 428087b3 p.mac            x15, x1, x8         x15=000001f9 x15:000000fd  x1:000000fc  x8:00000001
16909494ns          285149 1c008234 13c72403 lw               x8, 316(x14)         x8=00000000 x14:10000434  PA:10000570
16909553ns          285152 1c008238 428387b3 p.mac            x15, x7, x8         x15=000001f9 x15:000001f9  x7:00000006  x8:00000000
16909573ns          285153 1c00823c 17c72403 lw               x8, 380(x14)         x8=00000000 x14:10000434  PA:100005b0
16909633ns          285156 1c008240 428287b3 p.mac            x15, x5, x8         x15=000001f9 x15:000001f9  x5:00000007  x8:00000000
16909653ns          285157 1c008244 1bc72403 lw               x8, 444(x14)         x8=00000000 x14:10000434  PA:100005f0
16909712ns          285160 1c008248 428f87b3 p.mac            x15, x31, x8        x15=000001f9 x15:000001f9 x31:000000f9  x8:00000000
16909732ns          285161 1c00824c 1fc72403 lw               x8, 508(x14)         x8=00000000 x14:10000434  PA:10000630
16909792ns          285164 1c008250 428f07b3 p.mac            x15, x30, x8        x15=000001f9 x15:000001f9 x30:000000f8  x8:00000000
16909812ns          285165 1c008254 23c72403 lw               x8, 572(x14)         x8=00000000 x14:10000434  PA:10000670
16909872ns          285168 1c008258 428e87b3 p.mac            x15, x29, x8        x15=000001f9 x15:000001f9 x29:0000000a  x8:00000000
16909891ns          285169 1c00825c 27c72403 lw               x8, 636(x14)         x8=00000001 x14:10000434  PA:100006b0
16909951ns          285172 1c008260 428e07b3 p.mac            x15, x28, x8        x15=00000204 x15:000001f9 x28:0000000b  x8:00000001
16909971ns          285173 1c008264 2bc72403 lw               x8, 700(x14)         x8=00000000 x14:10000434  PA:100006f0
16910031ns          285176 1c008268 428307b3 p.mac            x15, x6, x8         x15=00000204 x15:00000204  x6:000000f5  x8:00000000
16910051ns          285177 1c00826c 2fc72403 lw               x8, 764(x14)         x8=00000001 x14:10000434  PA:10000730
16910110ns          285180 1c008270 428887b3 p.mac            x15, x17, x8        x15=000002f8 x15:00000204 x17:000000f4  x8:00000001
16910130ns          285181 1c008274 33c72403 lw               x8, 828(x14)         x8=00000000 x14:10000434  PA:10000770
16910190ns          285184 1c008278 428807b3 p.mac            x15, x16, x8        x15=000002f8 x15:000002f8 x16:0000000e  x8:00000000
16910210ns          285185 1c00827c 37c72403 lw               x8, 892(x14)         x8=00000000 x14:10000434  PA:100007b0
16910269ns          285188 1c008280 428507b3 p.mac            x15, x10, x8        x15=000002f8 x15:000002f8 x10:0000000f  x8:00000000
16910289ns          285189 1c008284 3bc72403 lw               x8, 956(x14)         x8=00000000 x14:10000434  PA:100007f0
16910349ns          285192 1c008288 428587b3 p.mac            x15, x11, x8        x15=000002f8 x15:000002f8 x11:000000f1  x8:00000000
16910369ns          285193 1c00828c 00f6222b p.sw             x15, 4(x12!)        x12=10000834 x15:000002f8 x12:10000830  PA:10000830
16910409ns          285195 1c008210 0047278b p.lw             x15, 4(x14!)        x15=00000000 x14=10000438 x14:10000434  PA:10000434
16910428ns          285196 1c008214 03c72403 lw               x8, 60(x14)          x8=00000000 x14:10000438  PA:10000474
16910448ns          285197 1c008216 02fb87b3 mul              x15, x23, x15       x15=00000000 x23:00000100 x15:00000000
16910468ns          285198 1c00821a 428b07b3 p.mac            x15, x22, x8        x15=00000000 x15:00000000 x22:00000002  x8:00000000
16910488ns          285199 1c00821e 07c72403 lw               x8, 124(x14)         x8=00000000 x14:10000438  PA:100004b4
16910528ns          285201 1c008220 428a87b3 p.mac            x15, x21, x8        x15=00000000 x15:00000000 x21:00000003  x8:00000000
16910548ns          285202 1c008224 0bc72403 lw               x8, 188(x14)         x8=00000001 x14:10000438  PA:100004f4
16910607ns          285205 1c008228 428a07b3 p.mac            x15, x20, x8        x15=000000fd x15:00000000 x20:000000fd  x8:00000001
16910627ns          285206 1c00822c 0fc72403 lw               x8, 252(x14)         x8=00000000 x14:10000438  PA:10000534
16910707ns          285210 1c008230 428087b3 p.mac            x15, x1, x8         x15=000000fd x15:000000fd  x1:000000fc  x8:00000000
16910727ns          285211 1c008234 13c72403 lw               x8, 316(x14)         x8=00000000 x14:10000438  PA:10000574
16910786ns          285214 1c008238 428387b3 p.mac            x15, x7, x8         x15=000000fd x15:000000fd  x7:00000006  x8:00000000
16910806ns          285215 1c00823c 17c72403 lw               x8, 380(x14)         x8=00000000 x14:10000438  PA:100005b4
16910866ns          285218 1c008240 428287b3 p.mac            x15, x5, x8         x15=000000fd x15:000000fd  x5:00000007  x8:00000000
16910886ns          285219 1c008244 1bc72403 lw               x8, 444(x14)         x8=00000000 x14:10000438  PA:100005f4
16910946ns          285222 1c008248 428f87b3 p.mac            x15, x31, x8        x15=000000fd x15:000000fd x31:000000f9  x8:00000000
16910966ns          285223 1c00824c 1fc72403 lw               x8, 508(x14)         x8=00000000 x14:10000438  PA:10000634
16911025ns          285226 1c008250 428f07b3 p.mac            x15, x30, x8        x15=000000fd x15:000000fd x30:000000f8  x8:00000000
16911045ns          285227 1c008254 23c72403 lw               x8, 572(x14)         x8=00000000 x14:10000438  PA:10000674
16911105ns          285230 1c008258 428e87b3 p.mac            x15, x29, x8        x15=000000fd x15:000000fd x29:0000000a  x8:00000000
16911125ns          285231 1c00825c 27c72403 lw               x8, 636(x14)         x8=00000000 x14:10000438  PA:100006b4
16911184ns          285234 1c008260 428e07b3 p.mac            x15, x28, x8        x15=000000fd x15:000000fd x28:0000000b  x8:00000000
16911204ns          285235 1c008264 2bc72403 lw               x8, 700(x14)         x8=00000000 x14:10000438  PA:100006f4
16911264ns          285238 1c008268 428307b3 p.mac            x15, x6, x8         x15=000000fd x15:000000fd  x6:000000f5  x8:00000000
16911284ns          285239 1c00826c 2fc72403 lw               x8, 764(x14)         x8=00000000 x14:10000438  PA:10000734
16911343ns          285242 1c008270 428887b3 p.mac            x15, x17, x8        x15=000000fd x15:000000fd x17:000000f4  x8:00000000
16911363ns          285243 1c008274 33c72403 lw               x8, 828(x14)         x8=00000000 x14:10000438  PA:10000774
16911423ns          285246 1c008278 428807b3 p.mac            x15, x16, x8        x15=000000fd x15:000000fd x16:0000000e  x8:00000000
16911443ns          285247 1c00827c 37c72403 lw               x8, 892(x14)         x8=00000000 x14:10000438  PA:100007b4
16911503ns          285250 1c008280 428507b3 p.mac            x15, x10, x8        x15=000000fd x15:000000fd x10:0000000f  x8:00000000
16911522ns          285251 1c008284 3bc72403 lw               x8, 956(x14)         x8=00000000 x14:10000438  PA:100007f4
16911582ns          285254 1c008288 428587b3 p.mac            x15, x11, x8        x15=000000fd x15:000000fd x11:000000f1  x8:00000000
16911602ns          285255 1c00828c 00f6222b p.sw             x15, 4(x12!)        x12=10000838 x15:000000fd x12:10000834  PA:10000834
16911642ns          285257 1c008210 0047278b p.lw             x15, 4(x14!)        x15=00000000 x14=1000043c x14:10000438  PA:10000438
16911662ns          285258 1c008214 03c72403 lw               x8, 60(x14)          x8=00000000 x14:1000043c  PA:10000478
16911682ns          285259 1c008216 02fb87b3 mul              x15, x23, x15       x15=00000000 x23:00000100 x15:00000000
16911701ns          285260 1c00821a 428b07b3 p.mac            x15, x22, x8        x15=00000000 x15:00000000 x22:00000002  x8:00000000
16911721ns          285261 1c00821e 07c72403 lw               x8, 124(x14)         x8=00000001 x14:1000043c  PA:100004b8
16911761ns          285263 1c008220 428a87b3 p.mac            x15, x21, x8        x15=00000003 x15:00000000 x21:00000003  x8:00000001
16911781ns          285264 1c008224 0bc72403 lw               x8, 188(x14)         x8=00000000 x14:1000043c  PA:100004f8
16911841ns          285267 1c008228 428a07b3 p.mac            x15, x20, x8        x15=00000003 x15:00000003 x20:000000fd  x8:00000000
16911861ns          285268 1c00822c 0fc72403 lw               x8, 252(x14)         x8=00000000 x14:1000043c  PA:10000538
16911940ns          285272 1c008230 428087b3 p.mac            x15, x1, x8         x15=00000003 x15:00000003  x1:000000fc  x8:00000000
16911960ns          285273 1c008234 13c72403 lw               x8, 316(x14)         x8=00000000 x14:1000043c  PA:10000578
16912020ns          285276 1c008238 428387b3 p.mac            x15, x7, x8         x15=00000003 x15:00000003  x7:00000006  x8:00000000
16912040ns          285277 1c00823c 17c72403 lw               x8, 380(x14)         x8=00000000 x14:1000043c  PA:100005b8
16912099ns          285280 1c008240 428287b3 p.mac            x15, x5, x8         x15=00000003 x15:00000003  x5:00000007  x8:00000000
16912119ns          285281 1c008244 1bc72403 lw               x8, 444(x14)         x8=00000001 x14:1000043c  PA:100005f8
16912179ns          285284 1c008248 428f87b3 p.mac            x15, x31, x8        x15=000000fc x15:00000003 x31:000000f9  x8:00000001
16912199ns          285285 1c00824c 1fc72403 lw               x8, 508(x14)         x8=00000001 x14:1000043c  PA:10000638
16912258ns          285288 1c008250 428f07b3 p.mac            x15, x30, x8        x15=000001f4 x15:000000fc x30:000000f8  x8:00000001
16912278ns          285289 1c008254 23c72403 lw               x8, 572(x14)         x8=00000000 x14:1000043c  PA:10000678
16912338ns          285292 1c008258 428e87b3 p.mac            x15, x29, x8        x15=000001f4 x15:000001f4 x29:0000000a  x8:00000000
16912358ns          285293 1c00825c 27c72403 lw               x8, 636(x14)         x8=00000001 x14:1000043c  PA:100006b8
16912418ns          285296 1c008260 428e07b3 p.mac            x15, x28, x8        x15=000001ff x15:000001f4 x28:0000000b  x8:00000001
16912437ns          285297 1c008264 2bc72403 lw               x8, 700(x14)         x8=00000000 x14:1000043c  PA:100006f8
16912497ns          285300 1c008268 428307b3 p.mac            x15, x6, x8         x15=000001ff x15:000001ff  x6:000000f5  x8:00000000
16912517ns          285301 1c00826c 2fc72403 lw               x8, 764(x14)         x8=00000001 x14:1000043c  PA:10000738
16912577ns          285304 1c008270 428887b3 p.mac            x15, x17, x8        x15=000002f3 x15:000001ff x17:000000f4  x8:00000001
16912597ns          285305 1c008274 33c72403 lw               x8, 828(x14)         x8=00000000 x14:1000043c  PA:10000778
16912656ns          285308 1c008278 428807b3 p.mac            x15, x16, x8        x15=000002f3 x15:000002f3 x16:0000000e  x8:00000000
16912676ns          285309 1c00827c 37c72403 lw               x8, 892(x14)         x8=00000000 x14:1000043c  PA:100007b8
16912736ns          285312 1c008280 428507b3 p.mac            x15, x10, x8        x15=000002f3 x15:000002f3 x10:0000000f  x8:00000000
16912756ns          285313 1c008284 3bc72403 lw               x8, 956(x14)         x8=00000000 x14:1000043c  PA:100007f8
16912815ns          285316 1c008288 428587b3 p.mac            x15, x11, x8        x15=000002f3 x15:000002f3 x11:000000f1  x8:00000000
16912835ns          285317 1c00828c 00f6222b p.sw             x15, 4(x12!)        x12=1000083c x15:000002f3 x12:10000838  PA:10000838
16912875ns          285319 1c008210 0047278b p.lw             x15, 4(x14!)        x15=00000000 x14=10000440 x14:1000043c  PA:1000043c
16912895ns          285320 1c008214 03c72403 lw               x8, 60(x14)          x8=00000000 x14:10000440  PA:1000047c
16912915ns          285321 1c008216 02fb87b3 mul              x15, x23, x15       x15=00000000 x23:00000100 x15:00000000
16912935ns          285322 1c00821a 428b07b3 p.mac            x15, x22, x8        x15=00000000 x15:00000000 x22:00000002  x8:00000000
16912955ns          285323 1c00821e 07c72403 lw               x8, 124(x14)         x8=00000000 x14:10000440  PA:100004bc
16912994ns          285325 1c008220 428a87b3 p.mac            x15, x21, x8        x15=00000000 x15:00000000 x21:00000003  x8:00000000
16913014ns          285326 1c008224 0bc72403 lw               x8, 188(x14)         x8=00000000 x14:10000440  PA:100004fc
16913074ns          285329 1c008228 428a07b3 p.mac            x15, x20, x8        x15=00000000 x15:00000000 x20:000000fd  x8:00000000
16913094ns          285330 1c00822c 0fc72403 lw               x8, 252(x14)         x8=00000000 x14:10000440  PA:1000053c
16913173ns          285334 1c008230 428087b3 p.mac            x15, x1, x8         x15=00000000 x15:00000000  x1:000000fc  x8:00000000
16913193ns          285335 1c008234 13c72403 lw               x8, 316(x14)         x8=00000000 x14:10000440  PA:1000057c
16913253ns          285338 1c008238 428387b3 p.mac            x15, x7, x8         x15=00000000 x15:00000000  x7:00000006  x8:00000000
16913273ns          285339 1c00823c 17c72403 lw               x8, 380(x14)         x8=00000000 x14:10000440  PA:100005bc
16913333ns          285342 1c008240 428287b3 p.mac            x15, x5, x8         x15=00000000 x15:00000000  x5:00000007  x8:00000000
16913352ns          285343 1c008244 1bc72403 lw               x8, 444(x14)         x8=00000000 x14:10000440  PA:100005fc
16913412ns          285346 1c008248 428f87b3 p.mac            x15, x31, x8        x15=00000000 x15:00000000 x31:000000f9  x8:00000000
16913432ns          285347 1c00824c 1fc72403 lw               x8, 508(x14)         x8=00000000 x14:10000440  PA:1000063c
16913492ns          285350 1c008250 428f07b3 p.mac            x15, x30, x8        x15=00000000 x15:00000000 x30:000000f8  x8:00000000
16913512ns          285351 1c008254 23c72403 lw               x8, 572(x14)         x8=00000001 x14:10000440  PA:1000067c
16913571ns          285354 1c008258 428e87b3 p.mac            x15, x29, x8        x15=0000000a x15:00000000 x29:0000000a  x8:00000001
16913591ns          285355 1c00825c 27c72403 lw               x8, 636(x14)         x8=00000000 x14:10000440  PA:100006bc
16913651ns          285358 1c008260 428e07b3 p.mac            x15, x28, x8        x15=0000000a x15:0000000a x28:0000000b  x8:00000000
16913671ns          285359 1c008264 2bc72403 lw               x8, 700(x14)         x8=00000001 x14:10000440  PA:100006fc
16913730ns          285362 1c008268 428307b3 p.mac            x15, x6, x8         x15=000000ff x15:0000000a  x6:000000f5  x8:00000001
16913750ns          285363 1c00826c 2fc72403 lw               x8, 764(x14)         x8=00000001 x14:10000440  PA:1000073c
16913810ns          285366 1c008270 428887b3 p.mac            x15, x17, x8        x15=000001f3 x15:000000ff x17:000000f4  x8:00000001
16913830ns          285367 1c008274 33c72403 lw               x8, 828(x14)         x8=00000000 x14:10000440  PA:1000077c
16913889ns          285370 1c008278 428807b3 p.mac            x15, x16, x8        x15=000001f3 x15:000001f3 x16:0000000e  x8:00000000
16913909ns          285371 1c00827c 37c72403 lw               x8, 892(x14)         x8=00000001 x14:10000440  PA:100007bc
16913969ns          285374 1c008280 428507b3 p.mac            x15, x10, x8        x15=00000202 x15:000001f3 x10:0000000f  x8:00000001
16913989ns          285375 1c008284 3bc72403 lw               x8, 956(x14)         x8=00000000 x14:10000440  PA:100007fc
16914049ns          285378 1c008288 428587b3 p.mac            x15, x11, x8        x15=00000202 x15:00000202 x11:000000f1  x8:00000000
16914068ns          285379 1c00828c 00f6222b p.sw             x15, 4(x12!)        x12=10000840 x15:00000202 x12:1000083c  PA:1000083c
16914108ns          285381 1c008210 0047278b p.lw             x15, 4(x14!)        x15=00000000 x14=10000444 x14:10000440  PA:10000440
16914128ns          285382 1c008214 03c72403 lw               x8, 60(x14)          x8=00000000 x14:10000444  PA:10000480
16914148ns          285383 1c008216 02fb87b3 mul              x15, x23, x15       x15=00000000 x23:00000100 x15:00000000
16914168ns          285384 1c00821a 428b07b3 p.mac            x15, x22, x8        x15=00000000 x15:00000000 x22:00000002  x8:00000000
16914188ns          285385 1c00821e 07c72403 lw               x8, 124(x14)         x8=00000001 x14:10000444  PA:100004c0
16914228ns          285387 1c008220 428a87b3 p.mac            x15, x21, x8        x15=00000003 x15:00000000 x21:00000003  x8:00000001
16914247ns          285388 1c008224 0bc72403 lw               x8, 188(x14)         x8=00000001 x14:10000444  PA:10000500
16914307ns          285391 1c008228 428a07b3 p.mac            x15, x20, x8        x15=00000100 x15:00000003 x20:000000fd  x8:00000001
16914327ns          285392 1c00822c 0fc72403 lw               x8, 252(x14)         x8=00000000 x14:10000444  PA:10000540
16914407ns          285396 1c008230 428087b3 p.mac            x15, x1, x8         x15=00000100 x15:00000100  x1:000000fc  x8:00000000
16914426ns          285397 1c008234 13c72403 lw               x8, 316(x14)         x8=00000000 x14:10000444  PA:10000580
16914486ns          285400 1c008238 428387b3 p.mac            x15, x7, x8         x15=00000100 x15:00000100  x7:00000006  x8:00000000
16914506ns          285401 1c00823c 17c72403 lw               x8, 380(x14)         x8=00000000 x14:10000444  PA:100005c0
16914566ns          285404 1c008240 428287b3 p.mac            x15, x5, x8         x15=00000100 x15:00000100  x5:00000007  x8:00000000
16914586ns          285405 1c008244 1bc72403 lw               x8, 444(x14)         x8=00000000 x14:10000444  PA:10000600
16914645ns          285408 1c008248 428f87b3 p.mac            x15, x31, x8        x15=00000100 x15:00000100 x31:000000f9  x8:00000000
16914665ns          285409 1c00824c 1fc72403 lw               x8, 508(x14)         x8=00000000 x14:10000444  PA:10000640
16914725ns          285412 1c008250 428f07b3 p.mac            x15, x30, x8        x15=00000100 x15:00000100 x30:000000f8  x8:00000000
16914745ns          285413 1c008254 23c72403 lw               x8, 572(x14)         x8=00000001 x14:10000444  PA:10000680
16914804ns          285416 1c008258 428e87b3 p.mac            x15, x29, x8        x15=0000010a x15:00000100 x29:0000000a  x8:00000001
16914824ns          285417 1c00825c 27c72403 lw               x8, 636(x14)         x8=00000000 x14:10000444  PA:100006c0
16914884ns          285420 1c008260 428e07b3 p.mac            x15, x28, x8        x15=0000010a x15:0000010a x28:0000000b  x8:00000000
16914904ns          285421 1c008264 2bc72403 lw               x8, 700(x14)         x8=00000001 x14:10000444  PA:10000700
16914964ns          285424 1c008268 428307b3 p.mac            x15, x6, x8         x15=000001ff x15:0000010a  x6:000000f5  x8:00000001
16914983ns          285425 1c00826c 2fc72403 lw               x8, 764(x14)         x8=00000000 x14:10000444  PA:10000740
16915043ns          285428 1c008270 428887b3 p.mac            x15, x17, x8        x15=000001ff x15:000001ff x17:000000f4  x8:00000000
16915063ns          285429 1c008274 33c72403 lw               x8, 828(x14)         x8=00000000 x14:10000444  PA:10000780
16915123ns          285432 1c008278 428807b3 p.mac            x15, x16, x8        x15=000001ff x15:000001ff x16:0000000e  x8:00000000
16915143ns          285433 1c00827c 37c72403 lw               x8, 892(x14)         x8=00000000 x14:10000444  PA:100007c0
16915202ns          285436 1c008280 428507b3 p.mac            x15, x10, x8        x15=000001ff x15:000001ff x10:0000000f  x8:00000000
16915222ns          285437 1c008284 3bc72403 lw               x8, 956(x14)         x8=00000000 x14:10000444  PA:10000800
16915282ns          285440 1c008288 428587b3 p.mac            x15, x11, x8        x15=000001ff x15:000001ff x11:000000f1  x8:00000000
16915302ns          285441 1c00828c 00f6222b p.sw             x15, 4(x12!)        x12=10000844 x15:000001ff x12:10000840  PA:10000840
16915341ns          285443 1c008290 001c0c13 addi             x24, x24, 1         x24=00000001 x24:00000000
16915361ns          285444 1c008292 100c4c33 p.exths          x24, x24, x0        x24=00000001 x24:00000001
16915381ns          285445 1c008296 01800633 add              x12, x0, x24        x12=00000001 x24:00000001
16915401ns          285446 1c0081bc 00661613 slli             x12, x12, 0x6       x12=00000040 x12:00000001
16915461ns          285449 1c0081be 00cd07b3 add              x15, x26, x12       x15=10000044 x26:10000004 x12:00000040
16915501ns          285451 1c0081c2 0007ab83 lw               x23, 0(x15)         x23=00000011 x15:10000044  PA:10000044
16915520ns          285452 1c0081c6 0047ab03 lw               x22, 4(x15)         x22=000000ef x15:10000044  PA:10000048
16915540ns          285453 1c0081ca 0087aa83 lw               x21, 8(x15)         x21=000000ee x15:10000044  PA:1000004c
16915600ns          285456 1c0081ce 00c7aa03 lw               x20, 12(x15)        x20=00000014 x15:10000044  PA:10000050
16915640ns          285458 1c0081d2 0107a083 lw               x1, 16(x15)          x1=00000015 x15:10000044  PA:10000054
16915660ns          285459 1c0081d6 0147a383 lw               x7, 20(x15)          x7=000000eb x15:10000044  PA:10000058
16915680ns          285460 1c0081da 0187a283 lw               x5, 24(x15)          x5=000000ea x15:10000044  PA:1000005c
16915700ns          285461 1c0081de 01c7af83 lw               x31, 28(x15)        x31=00000018 x15:10000044  PA:10000060
16915719ns          285462 1c0081e2 0207af03 lw               x30, 32(x15)        x30=00000019 x15:10000044  PA:10000064
16915739ns          285463 1c0081e6 0247ae83 lw               x29, 36(x15)        x29=000000e7 x15:10000044  PA:10000068
16915759ns          285464 1c0081ea 0287ae03 lw               x28, 40(x15)        x28=000000e6 x15:10000044  PA:1000006c
16915779ns          285465 1c0081ee 02c7a303 lw               x6, 44(x15)          x6=0000001c x15:10000044  PA:10000070
16915799ns          285466 1c0081f2 0307a883 lw               x17, 48(x15)        x17=0000001d x15:10000044  PA:10000074
16915819ns          285467 1c0081f6 0347a803 lw               x16, 52(x15)        x16=000000e3 x15:10000044  PA:10000078
16915839ns          285468 1c0081fa 0387a503 lw               x10, 56(x15)        x10=000000e2 x15:10000044  PA:1000007c
16915859ns          285469 1c0081fc 03c7a583 lw               x11, 60(x15)        x11=00000020 x15:10000044  PA:10000080
16915879ns          285470 1c0081fe 100017b7 lui              x15, 0x10001000     x15=10001000
16915898ns          285471 1c008202 80478793 addi             x15, x15, -2044     x15=10000804 x15:10001000
16915918ns          285472 1c008206 01900733 add              x14, x0, x25        x14=10000404 x25:10000404
16915938ns          285473 1c008208 00f60633 add              x12, x12, x15       x12=10000844 x12:00000040 x15:10000804
16915958ns          285474 1c00820a 01000693 addi             x13, x0, 16         x13=00000010
16915978ns          285475 1c00820c 0406c0fb lp.setup         0x1, x13, 0x40      x13:00000010
16915998ns          285476 1c008210 0047278b p.lw             x15, 4(x14!)        x15=00000001 x14=10000408 x14:10000404  PA:10000404
16916018ns          285477 1c008214 03c72403 lw               x8, 60(x14)          x8=00000000 x14:10000408  PA:10000444
16916038ns          285478 1c008216 02fb87b3 mul              x15, x23, x15       x15=00000011 x23:00000011 x15:00000001
16916058ns          285479 1c00821a 428b07b3 p.mac            x15, x22, x8        x15=00000011 x15:00000011 x22:000000ef  x8:00000000
16916077ns          285480 1c00821e 07c72403 lw               x8, 124(x14)         x8=00000001 x14:10000408  PA:10000484
16916177ns          285485 1c008220 428a87b3 p.mac            x15, x21, x8        x15=000000ff x15:00000011 x21:000000ee  x8:00000001
16916197ns          285486 1c008224 0bc72403 lw               x8, 188(x14)         x8=00000000 x14:10000408  PA:100004c4
16916256ns          285489 1c008228 428a07b3 p.mac            x15, x20, x8        x15=000000ff x15:000000ff x20:00000014  x8:00000000
16916276ns          285490 1c00822c 0fc72403 lw               x8, 252(x14)         x8=00000000 x14:10000408  PA:10000504
16916336ns          285493 1c008230 428087b3 p.mac            x15, x1, x8         x15=000000ff x15:000000ff  x1:00000015  x8:00000000
16916356ns          285494 1c008234 13c72403 lw               x8, 316(x14)         x8=00000001 x14:10000408  PA:10000544
16916416ns          285497 1c008238 428387b3 p.mac            x15, x7, x8         x15=000001ea x15:000000ff  x7:000000eb  x8:00000001
16916435ns          285498 1c00823c 17c72403 lw               x8, 380(x14)         x8=00000000 x14:10000408  PA:10000584
16916495ns          285501 1c008240 428287b3 p.mac            x15, x5, x8         x15=000001ea x15:000001ea  x5:000000ea  x8:00000000
16916515ns          285502 1c008244 1bc72403 lw               x8, 444(x14)         x8=00000000 x14:10000408  PA:100005c4
16916575ns          285505 1c008248 428f87b3 p.mac            x15, x31, x8        x15=000001ea x15:000001ea x31:00000018  x8:00000000
16916595ns          285506 1c00824c 1fc72403 lw               x8, 508(x14)         x8=00000000 x14:10000408  PA:10000604
16916654ns          285509 1c008250 428f07b3 p.mac            x15, x30, x8        x15=000001ea x15:000001ea x30:00000019  x8:00000000
16916674ns          285510 1c008254 23c72403 lw               x8, 572(x14)         x8=00000000 x14:10000408  PA:10000644
16916734ns          285513 1c008258 428e87b3 p.mac            x15, x29, x8        x15=000001ea x15:000001ea x29:000000e7  x8:00000000
16916754ns          285514 1c00825c 27c72403 lw               x8, 636(x14)         x8=00000000 x14:10000408  PA:10000684
16916813ns          285517 1c008260 428e07b3 p.mac            x15, x28, x8        x15=000001ea x15:000001ea x28:000000e6  x8:00000000
16916833ns          285518 1c008264 2bc72403 lw               x8, 700(x14)         x8=00000001 x14:10000408  PA:100006c4
16916893ns          285521 1c008268 428307b3 p.mac            x15, x6, x8         x15=00000206 x15:000001ea  x6:0000001c  x8:00000001
16916913ns          285522 1c00826c 2fc72403 lw               x8, 764(x14)         x8=00000000 x14:10000408  PA:10000704
16916973ns          285525 1c008270 428887b3 p.mac            x15, x17, x8        x15=00000206 x15:00000206 x17:0000001d  x8:00000000
16916992ns          285526 1c008274 33c72403 lw               x8, 828(x14)         x8=00000000 x14:10000408  PA:10000744
16917052ns          285529 1c008278 428807b3 p.mac            x15, x16, x8        x15=00000206 x15:00000206 x16:000000e3  x8:00000000
16917072ns          285530 1c00827c 37c72403 lw               x8, 892(x14)         x8=00000000 x14:10000408  PA:10000784
16917132ns          285533 1c008280 428507b3 p.mac            x15, x10, x8        x15=00000206 x15:00000206 x10:000000e2  x8:00000000
16917152ns          285534 1c008284 3bc72403 lw               x8, 956(x14)         x8=00000000 x14:10000408  PA:100007c4
16917211ns          285537 1c008288 428587b3 p.mac            x15, x11, x8        x15=00000206 x15:00000206 x11:00000020  x8:00000000
16917231ns          285538 1c00828c 00f6222b p.sw             x15, 4(x12!)        x12=10000848 x15:00000206 x12:10000844  PA:10000844
16917271ns          285540 1c008210 0047278b p.lw             x15, 4(x14!)        x15=00000000 x14=1000040c x14:10000408  PA:10000408
16917291ns          285541 1c008214 03c72403 lw               x8, 60(x14)          x8=00000000 x14:1000040c  PA:10000448
16917311ns          285542 1c008216 02fb87b3 mul              x15, x23, x15       x15=00000000 x23:00000011 x15:00000000
16917331ns          285543 1c00821a 428b07b3 p.mac            x15, x22, x8        x15=00000000 x15:00000000 x22:000000ef  x8:00000000
16917350ns          285544 1c00821e 07c72403 lw               x8, 124(x14)         x8=00000001 x14:1000040c  PA:10000488
16917410ns          285547 1c008220 428a87b3 p.mac            x15, x21, x8        x15=000000ee x15:00000000 x21:000000ee  x8:00000001
16917430ns          285548 1c008224 0bc72403 lw               x8, 188(x14)         x8=00000000 x14:1000040c  PA:100004c8
16917510ns          285552 1c008228 428a07b3 p.mac            x15, x20, x8        x15=000000ee x15:000000ee x20:00000014  x8:00000000
16917529ns          285553 1c00822c 0fc72403 lw               x8, 252(x14)         x8=00000000 x14:1000040c  PA:10000508
16917589ns          285556 1c008230 428087b3 p.mac            x15, x1, x8         x15=000000ee x15:000000ee  x1:00000015  x8:00000000
16917609ns          285557 1c008234 13c72403 lw               x8, 316(x14)         x8=00000000 x14:1000040c  PA:10000548
16917669ns          285560 1c008238 428387b3 p.mac            x15, x7, x8         x15=000000ee x15:000000ee  x7:000000eb  x8:00000000
16917689ns          285561 1c00823c 17c72403 lw               x8, 380(x14)         x8=00000000 x14:1000040c  PA:10000588
16917748ns          285564 1c008240 428287b3 p.mac            x15, x5, x8         x15=000000ee x15:000000ee  x5:000000ea  x8:00000000
16917768ns          285565 1c008244 1bc72403 lw               x8, 444(x14)         x8=00000000 x14:1000040c  PA:100005c8
16917828ns          285568 1c008248 428f87b3 p.mac            x15, x31, x8        x15=000000ee x15:000000ee x31:00000018  x8:00000000
16917848ns          285569 1c00824c 1fc72403 lw               x8, 508(x14)         x8=00000000 x14:1000040c  PA:10000608
16917907ns          285572 1c008250 428f07b3 p.mac            x15, x30, x8        x15=000000ee x15:000000ee x30:00000019  x8:00000000
16917927ns          285573 1c008254 23c72403 lw               x8, 572(x14)         x8=00000000 x14:1000040c  PA:10000648
16917987ns          285576 1c008258 428e87b3 p.mac            x15, x29, x8        x15=000000ee x15:000000ee x29:000000e7  x8:00000000
16918007ns          285577 1c00825c 27c72403 lw               x8, 636(x14)         x8=00000000 x14:1000040c  PA:10000688
16918067ns          285580 1c008260 428e07b3 p.mac            x15, x28, x8        x15=000000ee x15:000000ee x28:000000e6  x8:00000000
16918086ns          285581 1c008264 2bc72403 lw               x8, 700(x14)         x8=00000001 x14:1000040c  PA:100006c8
16918146ns          285584 1c008268 428307b3 p.mac            x15, x6, x8         x15=0000010a x15:000000ee  x6:0000001c  x8:00000001
16918166ns          285585 1c00826c 2fc72403 lw               x8, 764(x14)         x8=00000000 x14:1000040c  PA:10000708
16918226ns          285588 1c008270 428887b3 p.mac            x15, x17, x8        x15=0000010a x15:0000010a x17:0000001d  x8:00000000
16918246ns          285589 1c008274 33c72403 lw               x8, 828(x14)         x8=00000001 x14:1000040c  PA:10000748
16918305ns          285592 1c008278 428807b3 p.mac            x15, x16, x8        x15=000001ed x15:0000010a x16:000000e3  x8:00000001
16918325ns          285593 1c00827c 37c72403 lw               x8, 892(x14)         x8=00000000 x14:1000040c  PA:10000788
16918385ns          285596 1c008280 428507b3 p.mac            x15, x10, x8        x15=000001ed x15:000001ed x10:000000e2  x8:00000000
16918405ns          285597 1c008284 3bc72403 lw               x8, 956(x14)         x8=00000001 x14:1000040c  PA:100007c8
16918464ns          285600 1c008288 428587b3 p.mac            x15, x11, x8        x15=0000020d x15:000001ed x11:00000020  x8:00000001
16918484ns          285601 1c00828c 00f6222b p.sw             x15, 4(x12!)        x12=1000084c x15:0000020d x12:10000848  PA:10000848
16918524ns          285603 1c008210 0047278b p.lw             x15, 4(x14!)        x15=00000000 x14=10000410 x14:1000040c  PA:1000040c
16918544ns          285604 1c008214 03c72403 lw               x8, 60(x14)          x8=00000000 x14:10000410  PA:1000044c
16918564ns          285605 1c008216 02fb87b3 mul              x15, x23, x15       x15=00000000 x23:00000011 x15:00000000
16918584ns          285606 1c00821a 428b07b3 p.mac            x15, x22, x8        x15=00000000 x15:00000000 x22:000000ef  x8:00000000
16918604ns          285607 1c00821e 07c72403 lw               x8, 124(x14)         x8=00000001 x14:10000410  PA:1000048c
16918643ns          285609 1c008220 428a87b3 p.mac            x15, x21, x8        x15=000000ee x15:00000000 x21:000000ee  x8:00000001
16918663ns          285610 1c008224 0bc72403 lw               x8, 188(x14)         x8=00000000 x14:10000410  PA:100004cc
16918743ns          285614 1c008228 428a07b3 p.mac            x15, x20, x8        x15=000000ee x15:000000ee x20:00000014  x8:00000000
16918763ns          285615 1c00822c 0fc72403 lw               x8, 252(x14)         x8=00000000 x14:10000410  PA:1000050c
16918822ns          285618 1c008230 428087b3 p.mac            x15, x1, x8         x15=000000ee x15:000000ee  x1:00000015  x8:00000000
16918842ns          285619 1c008234 13c72403 lw               x8, 316(x14)         x8=00000000 x14:10000410  PA:1000054c
16918902ns          285622 1c008238 428387b3 p.mac            x15, x7, x8         x15=000000ee x15:000000ee  x7:000000eb  x8:00000000
16918922ns          285623 1c00823c 17c72403 lw               x8, 380(x14)         x8=00000000 x14:10000410  PA:1000058c
16918981ns          285626 1c008240 428287b3 p.mac            x15, x5, x8         x15=000000ee x15:000000ee  x5:000000ea  x8:00000000
16919001ns          285627 1c008244 1bc72403 lw               x8, 444(x14)         x8=00000000 x14:10000410  PA:100005cc
16919061ns          285630 1c008248 428f87b3 p.mac            x15, x31, x8        x15=000000ee x15:000000ee x31:00000018  x8:00000000
16919081ns          285631 1c00824c 1fc72403 lw               x8, 508(x14)         x8=00000000 x14:10000410  PA:1000060c
16919141ns          285634 1c008250 428f07b3 p.mac            x15, x30, x8        x15=000000ee x15:000000ee x30:00000019  x8:00000000
16919160ns          285635 1c008254 23c72403 lw               x8, 572(x14)         x8=00000000 x14:10000410  PA:1000064c
16919220ns          285638 1c008258 428e87b3 p.mac            x15, x29, x8        x15=000000ee x15:000000ee x29:000000e7  x8:00000000
16919240ns          285639 1c00825c 27c72403 lw               x8, 636(x14)         x8=00000001 x14:10000410  PA:1000068c
16919300ns          285642 1c008260 428e07b3 p.mac            x15, x28, x8        x15=000001d4 x15:000000ee x28:000000e6  x8:00000001
16919320ns          285643 1c008264 2bc72403 lw               x8, 700(x14)         x8=00000000 x14:10000410  PA:100006cc
16919379ns          285646 1c008268 428307b3 p.mac            x15, x6, x8         x15=000001d4 x15:000001d4  x6:0000001c  x8:00000000
16919399ns          285647 1c00826c 2fc72403 lw               x8, 764(x14)         x8=00000000 x14:10000410  PA:1000070c
16919459ns          285650 1c008270 428887b3 p.mac            x15, x17, x8        x15=000001d4 x15:000001d4 x17:0000001d  x8:00000000
16919479ns          285651 1c008274 33c72403 lw               x8, 828(x14)         x8=00000000 x14:10000410  PA:1000074c
16919538ns          285654 1c008278 428807b3 p.mac            x15, x16, x8        x15=000001d4 x15:000001d4 x16:000000e3  x8:00000000
16919558ns          285655 1c00827c 37c72403 lw               x8, 892(x14)         x8=00000000 x14:10000410  PA:1000078c
16919618ns          285658 1c008280 428507b3 p.mac            x15, x10, x8        x15=000001d4 x15:000001d4 x10:000000e2  x8:00000000
16919638ns          285659 1c008284 3bc72403 lw               x8, 956(x14)         x8=00000000 x14:10000410  PA:100007cc
16919698ns          285662 1c008288 428587b3 p.mac            x15, x11, x8        x15=000001d4 x15:000001d4 x11:00000020  x8:00000000
16919717ns          285663 1c00828c 00f6222b p.sw             x15, 4(x12!)        x12=10000850 x15:000001d4 x12:1000084c  PA:1000084c
16919757ns          285665 1c008210 0047278b p.lw             x15, 4(x14!)        x15=00000001 x14=10000414 x14:10000410  PA:10000410
16919777ns          285666 1c008214 03c72403 lw               x8, 60(x14)          x8=00000000 x14:10000414  PA:10000450
16919797ns          285667 1c008216 02fb87b3 mul              x15, x23, x15       x15=00000011 x23:00000011 x15:00000001
16919817ns          285668 1c00821a 428b07b3 p.mac            x15, x22, x8        x15=00000011 x15:00000011 x22:000000ef  x8:00000000
16919837ns          285669 1c00821e 07c72403 lw               x8, 124(x14)         x8=00000000 x14:10000414  PA:10000490
16919896ns          285672 1c008220 428a87b3 p.mac            x15, x21, x8        x15=00000011 x15:00000011 x21:000000ee  x8:00000000
16919916ns          285673 1c008224 0bc72403 lw               x8, 188(x14)         x8=00000000 x14:10000414  PA:100004d0
16919996ns          285677 1c008228 428a07b3 p.mac            x15, x20, x8        x15=00000011 x15:00000011 x20:00000014  x8:00000000
16920016ns          285678 1c00822c 0fc72403 lw               x8, 252(x14)         x8=00000000 x14:10000414  PA:10000510
16920075ns          285681 1c008230 428087b3 p.mac            x15, x1, x8         x15=00000011 x15:00000011  x1:00000015  x8:00000000
16920095ns          285682 1c008234 13c72403 lw               x8, 316(x14)         x8=00000000 x14:10000414  PA:10000550
16920155ns          285685 1c008238 428387b3 p.mac            x15, x7, x8         x15=00000011 x15:00000011  x7:000000eb  x8:00000000
16920175ns          285686 1c00823c 17c72403 lw               x8, 380(x14)         x8=00000000 x14:10000414  PA:10000590
16920235ns          285689 1c008240 428287b3 p.mac            x15, x5, x8         x15=00000011 x15:00000011  x5:000000ea  x8:00000000
16920254ns          285690 1c008244 1bc72403 lw               x8, 444(x14)         x8=00000000 x14:10000414  PA:100005d0
16920314ns          285693 1c008248 428f87b3 p.mac            x15, x31, x8        x15=00000011 x15:00000011 x31:00000018  x8:00000000
16920334ns          285694 1c00824c 1fc72403 lw               x8, 508(x14)         x8=00000000 x14:10000414  PA:10000610
16920394ns          285697 1c008250 428f07b3 p.mac            x15, x30, x8        x15=00000011 x15:00000011 x30:00000019  x8:00000000
16920414ns          285698 1c008254 23c72403 lw               x8, 572(x14)         x8=00000000 x14:10000414  PA:10000650
16920473ns          285701 1c008258 428e87b3 p.mac            x15, x29, x8        x15=00000011 x15:00000011 x29:000000e7  x8:00000000
16920493ns          285702 1c00825c 27c72403 lw               x8, 636(x14)         x8=00000001 x14:10000414  PA:10000690
16920553ns          285705 1c008260 428e07b3 p.mac            x15, x28, x8        x15=000000f7 x15:00000011 x28:000000e6  x8:00000001
16920573ns          285706 1c008264 2bc72403 lw               x8, 700(x14)         x8=00000000 x14:10000414  PA:100006d0
16920632ns          285709 1c008268 428307b3 p.mac            x15, x6, x8         x15=000000f7 x15:000000f7  x6:0000001c  x8:00000000
16920652ns          285710 1c00826c 2fc72403 lw               x8, 764(x14)         x8=00000001 x14:10000414  PA:10000710
16920712ns          285713 1c008270 428887b3 p.mac            x15, x17, x8        x15=00000114 x15:000000f7 x17:0000001d  x8:00000001
16920732ns          285714 1c008274 33c72403 lw               x8, 828(x14)         x8=00000000 x14:10000414  PA:10000750
16920792ns          285717 1c008278 428807b3 p.mac            x15, x16, x8        x15=00000114 x15:00000114 x16:000000e3  x8:00000000
16920811ns          285718 1c00827c 37c72403 lw               x8, 892(x14)         x8=00000000 x14:10000414  PA:10000790
16920871ns          285721 1c008280 428507b3 p.mac            x15, x10, x8        x15=00000114 x15:00000114 x10:000000e2  x8:00000000
16920891ns          285722 1c008284 3bc72403 lw               x8, 956(x14)         x8=00000000 x14:10000414  PA:100007d0
16920951ns          285725 1c008288 428587b3 p.mac            x15, x11, x8        x15=00000114 x15:00000114 x11:00000020  x8:00000000
16920971ns          285726 1c00828c 00f6222b p.sw             x15, 4(x12!)        x12=10000854 x15:00000114 x12:10000850  PA:10000850
16921010ns          285728 1c008210 0047278b p.lw             x15, 4(x14!)        x15=00000000 x14=10000418 x14:10000414  PA:10000414
16921030ns          285729 1c008214 03c72403 lw               x8, 60(x14)          x8=00000000 x14:10000418  PA:10000454
16921050ns          285730 1c008216 02fb87b3 mul              x15, x23, x15       x15=00000000 x23:00000011 x15:00000000
16921070ns          285731 1c00821a 428b07b3 p.mac            x15, x22, x8        x15=00000000 x15:00000000 x22:000000ef  x8:00000000
16921090ns          285732 1c00821e 07c72403 lw               x8, 124(x14)         x8=00000000 x14:10000418  PA:10000494
16921150ns          285735 1c008220 428a87b3 p.mac            x15, x21, x8        x15=00000000 x15:00000000 x21:000000ee  x8:00000000
16921169ns          285736 1c008224 0bc72403 lw               x8, 188(x14)         x8=00000000 x14:10000418  PA:100004d4
16921249ns          285740 1c008228 428a07b3 p.mac            x15, x20, x8        x15=00000000 x15:00000000 x20:00000014  x8:00000000
16921269ns          285741 1c00822c 0fc72403 lw               x8, 252(x14)         x8=00000001 x14:10000418  PA:10000514
16921329ns          285744 1c008230 428087b3 p.mac            x15, x1, x8         x15=00000015 x15:00000000  x1:00000015  x8:00000001
16921348ns          285745 1c008234 13c72403 lw               x8, 316(x14)         x8=00000000 x14:10000418  PA:10000554
16921408ns          285748 1c008238 428387b3 p.mac            x15, x7, x8         x15=00000015 x15:00000015  x7:000000eb  x8:00000000
16921428ns          285749 1c00823c 17c72403 lw               x8, 380(x14)         x8=00000000 x14:10000418  PA:10000594
16921488ns          285752 1c008240 428287b3 p.mac            x15, x5, x8         x15=00000015 x15:00000015  x5:000000ea  x8:00000000
16921508ns          285753 1c008244 1bc72403 lw               x8, 444(x14)         x8=00000000 x14:10000418  PA:100005d4
16921567ns          285756 1c008248 428f87b3 p.mac            x15, x31, x8        x15=00000015 x15:00000015 x31:00000018  x8:00000000
16921587ns          285757 1c00824c 1fc72403 lw               x8, 508(x14)         x8=00000000 x14:10000418  PA:10000614
16921647ns          285760 1c008250 428f07b3 p.mac            x15, x30, x8        x15=00000015 x15:00000015 x30:00000019  x8:00000000
16921667ns          285761 1c008254 23c72403 lw               x8, 572(x14)         x8=00000001 x14:10000418  PA:10000654
16921726ns          285764 1c008258 428e87b3 p.mac            x15, x29, x8        x15=000000fc x15:00000015 x29:000000e7  x8:00000001
16921746ns          285765 1c00825c 27c72403 lw               x8, 636(x14)         x8=00000000 x14:10000418  PA:10000694
16921806ns          285768 1c008260 428e07b3 p.mac            x15, x28, x8        x15=000000fc x15:000000fc x28:000000e6  x8:00000000
16921826ns          285769 1c008264 2bc72403 lw               x8, 700(x14)         x8=00000000 x14:10000418  PA:100006d4
16921886ns          285772 1c008268 428307b3 p.mac            x15, x6, x8         x15=000000fc x15:000000fc  x6:0000001c  x8:00000000
16921905ns          285773 1c00826c 2fc72403 lw               x8, 764(x14)         x8=00000000 x14:10000418  PA:10000714
16921965ns          285776 1c008270 428887b3 p.mac            x15, x17, x8        x15=000000fc x15:000000fc x17:0000001d  x8:00000000
16921985ns          285777 1c008274 33c72403 lw               x8, 828(x14)         x8=00000000 x14:10000418  PA:10000754
16922045ns          285780 1c008278 428807b3 p.mac            x15, x16, x8        x15=000000fc x15:000000fc x16:000000e3  x8:00000000
16922065ns          285781 1c00827c 37c72403 lw               x8, 892(x14)         x8=00000000 x14:10000418  PA:10000794
16922124ns          285784 1c008280 428507b3 p.mac            x15, x10, x8        x15=000000fc x15:000000fc x10:000000e2  x8:00000000
16922144ns          285785 1c008284 3bc72403 lw               x8, 956(x14)         x8=00000000 x14:10000418  PA:100007d4
16922204ns          285788 1c008288 428587b3 p.mac            x15, x11, x8        x15=000000fc x15:000000fc x11:00000020  x8:00000000
16922224ns          285789 1c00828c 00f6222b p.sw             x15, 4(x12!)        x12=10000858 x15:000000fc x12:10000854  PA:10000854
16922263ns          285791 1c008210 0047278b p.lw             x15, 4(x14!)        x15=00000000 x14=1000041c x14:10000418  PA:10000418
16922283ns          285792 1c008214 03c72403 lw               x8, 60(x14)          x8=00000000 x14:1000041c  PA:10000458
16922303ns          285793 1c008216 02fb87b3 mul              x15, x23, x15       x15=00000000 x23:00000011 x15:00000000
16922323ns          285794 1c00821a 428b07b3 p.mac            x15, x22, x8        x15=00000000 x15:00000000 x22:000000ef  x8:00000000
16922343ns          285795 1c00821e 07c72403 lw               x8, 124(x14)         x8=00000000 x14:1000041c  PA:10000498
16922403ns          285798 1c008220 428a87b3 p.mac            x15, x21, x8        x15=00000000 x15:00000000 x21:000000ee  x8:00000000
16922423ns          285799 1c008224 0bc72403 lw               x8, 188(x14)         x8=00000000 x14:1000041c  PA:100004d8
16922502ns          285803 1c008228 428a07b3 p.mac            x15, x20, x8        x15=00000000 x15:00000000 x20:00000014  x8:00000000
16922522ns          285804 1c00822c 0fc72403 lw               x8, 252(x14)         x8=00000000 x14:1000041c  PA:10000518
16922582ns          285807 1c008230 428087b3 p.mac            x15, x1, x8         x15=00000000 x15:00000000  x1:00000015  x8:00000000
16922602ns          285808 1c008234 13c72403 lw               x8, 316(x14)         x8=00000000 x14:1000041c  PA:10000558
16922661ns          285811 1c008238 428387b3 p.mac            x15, x7, x8         x15=00000000 x15:00000000  x7:000000eb  x8:00000000
16922681ns          285812 1c00823c 17c72403 lw               x8, 380(x14)         x8=00000000 x14:1000041c  PA:10000598
16922741ns          285815 1c008240 428287b3 p.mac            x15, x5, x8         x15=00000000 x15:00000000  x5:000000ea  x8:00000000
16922761ns          285816 1c008244 1bc72403 lw               x8, 444(x14)         x8=00000000 x14:1000041c  PA:100005d8
16922820ns          285819 1c008248 428f87b3 p.mac            x15, x31, x8        x15=00000000 x15:00000000 x31:00000018  x8:00000000
16922840ns          285820 1c00824c 1fc72403 lw               x8, 508(x14)         x8=00000000 x14:1000041c  PA:10000618
16922900ns          285823 1c008250 428f07b3 p.mac            x15, x30, x8        x15=00000000 x15:00000000 x30:00000019  x8:00000000
16922920ns          285824 1c008254 23c72403 lw               x8, 572(x14)         x8=00000000 x14:1000041c  PA:10000658
16922980ns          285827 1c008258 428e87b3 p.mac            x15, x29, x8        x15=00000000 x15:00000000 x29:000000e7  x8:00000000
16922999ns          285828 1c00825c 27c72403 lw               x8, 636(x14)         x8=00000000 x14:1000041c  PA:10000698
16923059ns          285831 1c008260 428e07b3 p.mac            x15, x28, x8        x15=00000000 x15:00000000 x28:000000e6  x8:00000000
16923079ns          285832 1c008264 2bc72403 lw               x8, 700(x14)         x8=00000000 x14:1000041c  PA:100006d8
16923139ns          285835 1c008268 428307b3 p.mac            x15, x6, x8         x15=00000000 x15:00000000  x6:0000001c  x8:00000000
16923159ns          285836 1c00826c 2fc72403 lw               x8, 764(x14)         x8=00000000 x14:1000041c  PA:10000718
16923218ns          285839 1c008270 428887b3 p.mac            x15, x17, x8        x15=00000000 x15:00000000 x17:0000001d  x8:00000000
16923238ns          285840 1c008274 33c72403 lw               x8, 828(x14)         x8=00000000 x14:1000041c  PA:10000758
16923298ns          285843 1c008278 428807b3 p.mac            x15, x16, x8        x15=00000000 x15:00000000 x16:000000e3  x8:00000000
16923318ns          285844 1c00827c 37c72403 lw               x8, 892(x14)         x8=00000000 x14:1000041c  PA:10000798
16923377ns          285847 1c008280 428507b3 p.mac            x15, x10, x8        x15=00000000 x15:00000000 x10:000000e2  x8:00000000
16923397ns          285848 1c008284 3bc72403 lw               x8, 956(x14)         x8=00000000 x14:1000041c  PA:100007d8
16923457ns          285851 1c008288 428587b3 p.mac            x15, x11, x8        x15=00000000 x15:00000000 x11:00000020  x8:00000000
16923477ns          285852 1c00828c 00f6222b p.sw             x15, 4(x12!)        x12=1000085c x15:00000000 x12:10000858  PA:10000858
16923517ns          285854 1c008210 0047278b p.lw             x15, 4(x14!)        x15=00000000 x14=10000420 x14:1000041c  PA:1000041c
16923536ns          285855 1c008214 03c72403 lw               x8, 60(x14)          x8=00000001 x14:10000420  PA:1000045c
16923556ns          285856 1c008216 02fb87b3 mul              x15, x23, x15       x15=00000000 x23:00000011 x15:00000000
16923576ns          285857 1c00821a 428b07b3 p.mac            x15, x22, x8        x15=000000ef x15:00000000 x22:000000ef  x8:00000001
16923596ns          285858 1c00821e 07c72403 lw               x8, 124(x14)         x8=00000001 x14:10000420  PA:1000049c
16923656ns          285861 1c008220 428a87b3 p.mac            x15, x21, x8        x15=000001dd x15:000000ef x21:000000ee  x8:00000001
16923676ns          285862 1c008224 0bc72403 lw               x8, 188(x14)         x8=00000000 x14:10000420  PA:100004dc
16923755ns          285866 1c008228 428a07b3 p.mac            x15, x20, x8        x15=000001dd x15:000001dd x20:00000014  x8:00000000
16923775ns          285867 1c00822c 0fc72403 lw               x8, 252(x14)         x8=00000000 x14:10000420  PA:1000051c
16923835ns          285870 1c008230 428087b3 p.mac            x15, x1, x8         x15=000001dd x15:000001dd  x1:00000015  x8:00000000
16923855ns          285871 1c008234 13c72403 lw               x8, 316(x14)         x8=00000001 x14:10000420  PA:1000055c
16923914ns          285874 1c008238 428387b3 p.mac            x15, x7, x8         x15=000002c8 x15:000001dd  x7:000000eb  x8:00000001
16923934ns          285875 1c00823c 17c72403 lw               x8, 380(x14)         x8=00000000 x14:10000420  PA:1000059c
16923994ns          285878 1c008240 428287b3 p.mac            x15, x5, x8         x15=000002c8 x15:000002c8  x5:000000ea  x8:00000000
16924014ns          285879 1c008244 1bc72403 lw               x8, 444(x14)         x8=00000000 x14:10000420  PA:100005dc
16924074ns          285882 1c008248 428f87b3 p.mac            x15, x31, x8        x15=000002c8 x15:000002c8 x31:00000018  x8:00000000
16924093ns          285883 1c00824c 1fc72403 lw               x8, 508(x14)         x8=00000000 x14:10000420  PA:1000061c
16924153ns          285886 1c008250 428f07b3 p.mac            x15, x30, x8        x15=000002c8 x15:000002c8 x30:00000019  x8:00000000
16924173ns          285887 1c008254 23c72403 lw               x8, 572(x14)         x8=00000000 x14:10000420  PA:1000065c
16924233ns          285890 1c008258 428e87b3 p.mac            x15, x29, x8        x15=000002c8 x15:000002c8 x29:000000e7  x8:00000000
16924253ns          285891 1c00825c 27c72403 lw               x8, 636(x14)         x8=00000000 x14:10000420  PA:1000069c
16924312ns          285894 1c008260 428e07b3 p.mac            x15, x28, x8        x15=000002c8 x15:000002c8 x28:000000e6  x8:00000000
16924332ns          285895 1c008264 2bc72403 lw               x8, 700(x14)         x8=00000000 x14:10000420  PA:100006dc
16924392ns          285898 1c008268 428307b3 p.mac            x15, x6, x8         x15=000002c8 x15:000002c8  x6:0000001c  x8:00000000
16924412ns          285899 1c00826c 2fc72403 lw               x8, 764(x14)         x8=00000000 x14:10000420  PA:1000071c
16924471ns          285902 1c008270 428887b3 p.mac            x15, x17, x8        x15=000002c8 x15:000002c8 x17:0000001d  x8:00000000
16924491ns          285903 1c008274 33c72403 lw               x8, 828(x14)         x8=00000000 x14:10000420  PA:1000075c
16924551ns          285906 1c008278 428807b3 p.mac            x15, x16, x8        x15=000002c8 x15:000002c8 x16:000000e3  x8:00000000
16924571ns          285907 1c00827c 37c72403 lw               x8, 892(x14)         x8=00000000 x14:10000420  PA:1000079c
16924630ns          285910 1c008280 428507b3 p.mac            x15, x10, x8        x15=000002c8 x15:000002c8 x10:000000e2  x8:00000000
16924650ns          285911 1c008284 3bc72403 lw               x8, 956(x14)         x8=00000000 x14:10000420  PA:100007dc
16924710ns          285914 1c008288 428587b3 p.mac            x15, x11, x8        x15=000002c8 x15:000002c8 x11:00000020  x8:00000000
16924730ns          285915 1c00828c 00f6222b p.sw             x15, 4(x12!)        x12=10000860 x15:000002c8 x12:1000085c  PA:1000085c
16924770ns          285917 1c008210 0047278b p.lw             x15, 4(x14!)        x15=00000000 x14=10000424 x14:10000420  PA:10000420
16924790ns          285918 1c008214 03c72403 lw               x8, 60(x14)          x8=00000000 x14:10000424  PA:10000460
16924809ns          285919 1c008216 02fb87b3 mul              x15, x23, x15       x15=00000000 x23:00000011 x15:00000000
16924829ns          285920 1c00821a 428b07b3 p.mac            x15, x22, x8        x15=00000000 x15:00000000 x22:000000ef  x8:00000000
16924849ns          285921 1c00821e 07c72403 lw               x8, 124(x14)         x8=00000000 x14:10000424  PA:100004a0
16924909ns          285924 1c008220 428a87b3 p.mac            x15, x21, x8        x15=00000000 x15:00000000 x21:000000ee  x8:00000000
16924929ns          285925 1c008224 0bc72403 lw               x8, 188(x14)         x8=00000000 x14:10000424  PA:100004e0
16925008ns          285929 1c008228 428a07b3 p.mac            x15, x20, x8        x15=00000000 x15:00000000 x20:00000014  x8:00000000
16925028ns          285930 1c00822c 0fc72403 lw               x8, 252(x14)         x8=00000000 x14:10000424  PA:10000520
16925088ns          285933 1c008230 428087b3 p.mac            x15, x1, x8         x15=00000000 x15:00000000  x1:00000015  x8:00000000
16925108ns          285934 1c008234 13c72403 lw               x8, 316(x14)         x8=00000000 x14:10000424  PA:10000560
16925168ns          285937 1c008238 428387b3 p.mac            x15, x7, x8         x15=00000000 x15:00000000  x7:000000eb  x8:00000000
16925187ns          285938 1c00823c 17c72403 lw               x8, 380(x14)         x8=00000000 x14:10000424  PA:100005a0
16925247ns          285941 1c008240 428287b3 p.mac            x15, x5, x8         x15=00000000 x15:00000000  x5:000000ea  x8:00000000
16925267ns          285942 1c008244 1bc72403 lw               x8, 444(x14)         x8=00000000 x14:10000424  PA:100005e0
16925327ns          285945 1c008248 428f87b3 p.mac            x15, x31, x8        x15=00000000 x15:00000000 x31:00000018  x8:00000000
16925347ns          285946 1c00824c 1fc72403 lw               x8, 508(x14)         x8=00000001 x14:10000424  PA:10000620
16925406ns          285949 1c008250 428f07b3 p.mac            x15, x30, x8        x15=00000019 x15:00000000 x30:00000019  x8:00000001
16925426ns          285950 1c008254 23c72403 lw               x8, 572(x14)         x8=00000000 x14:10000424  PA:10000660
16925486ns          285953 1c008258 428e87b3 p.mac            x15, x29, x8        x15=00000019 x15:00000019 x29:000000e7  x8:00000000
16925506ns          285954 1c00825c 27c72403 lw               x8, 636(x14)         x8=00000000 x14:10000424  PA:100006a0
16925565ns          285957 1c008260 428e07b3 p.mac            x15, x28, x8        x15=00000019 x15:00000019 x28:000000e6  x8:00000000
16925585ns          285958 1c008264 2bc72403 lw               x8, 700(x14)         x8=00000000 x14:10000424  PA:100006e0
16925645ns          285961 1c008268 428307b3 p.mac            x15, x6, x8         x15=00000019 x15:00000019  x6:0000001c  x8:00000000
16925665ns          285962 1c00826c 2fc72403 lw               x8, 764(x14)         x8=00000001 x14:10000424  PA:10000720
16925724ns          285965 1c008270 428887b3 p.mac            x15, x17, x8        x15=00000036 x15:00000019 x17:0000001d  x8:00000001
16925744ns          285966 1c008274 33c72403 lw               x8, 828(x14)         x8=00000000 x14:10000424  PA:10000760
16925804ns          285969 1c008278 428807b3 p.mac            x15, x16, x8        x15=00000036 x15:00000036 x16:000000e3  x8:00000000
16925824ns          285970 1c00827c 37c72403 lw               x8, 892(x14)         x8=00000000 x14:10000424  PA:100007a0
16925884ns          285973 1c008280 428507b3 p.mac            x15, x10, x8        x15=00000036 x15:00000036 x10:000000e2  x8:00000000
16925903ns          285974 1c008284 3bc72403 lw               x8, 956(x14)         x8=00000000 x14:10000424  PA:100007e0
16925963ns          285977 1c008288 428587b3 p.mac            x15, x11, x8        x15=00000036 x15:00000036 x11:00000020  x8:00000000
16925983ns          285978 1c00828c 00f6222b p.sw             x15, 4(x12!)        x12=10000864 x15:00000036 x12:10000860  PA:10000860
16926023ns          285980 1c008210 0047278b p.lw             x15, 4(x14!)        x15=00000000 x14=10000428 x14:10000424  PA:10000424
16926043ns          285981 1c008214 03c72403 lw               x8, 60(x14)          x8=00000000 x14:10000428  PA:10000464
16926063ns          285982 1c008216 02fb87b3 mul              x15, x23, x15       x15=00000000 x23:00000011 x15:00000000
16926082ns          285983 1c00821a 428b07b3 p.mac            x15, x22, x8        x15=00000000 x15:00000000 x22:000000ef  x8:00000000
16926102ns          285984 1c00821e 07c72403 lw               x8, 124(x14)         x8=00000001 x14:10000428  PA:100004a4
16926162ns          285987 1c008220 428a87b3 p.mac            x15, x21, x8        x15=000000ee x15:00000000 x21:000000ee  x8:00000001
16926182ns          285988 1c008224 0bc72403 lw               x8, 188(x14)         x8=00000000 x14:10000428  PA:100004e4
16926261ns          285992 1c008228 428a07b3 p.mac            x15, x20, x8        x15=000000ee x15:000000ee x20:00000014  x8:00000000
16926281ns          285993 1c00822c 0fc72403 lw               x8, 252(x14)         x8=00000000 x14:10000428  PA:10000524
16926341ns          285996 1c008230 428087b3 p.mac            x15, x1, x8         x15=000000ee x15:000000ee  x1:00000015  x8:00000000
16926361ns          285997 1c008234 13c72403 lw               x8, 316(x14)         x8=00000000 x14:10000428  PA:10000564
16926421ns          286000 1c008238 428387b3 p.mac            x15, x7, x8         x15=000000ee x15:000000ee  x7:000000eb  x8:00000000
16926441ns          286001 1c00823c 17c72403 lw               x8, 380(x14)         x8=00000000 x14:10000428  PA:100005a4
16926500ns          286004 1c008240 428287b3 p.mac            x15, x5, x8         x15=000000ee x15:000000ee  x5:000000ea  x8:00000000
16926520ns          286005 1c008244 1bc72403 lw               x8, 444(x14)         x8=00000000 x14:10000428  PA:100005e4
16926580ns          286008 1c008248 428f87b3 p.mac            x15, x31, x8        x15=000000ee x15:000000ee x31:00000018  x8:00000000
16926600ns          286009 1c00824c 1fc72403 lw               x8, 508(x14)         x8=00000000 x14:10000428  PA:10000624
16926659ns          286012 1c008250 428f07b3 p.mac            x15, x30, x8        x15=000000ee x15:000000ee x30:00000019  x8:00000000
16926679ns          286013 1c008254 23c72403 lw               x8, 572(x14)         x8=00000000 x14:10000428  PA:10000664
16926739ns          286016 1c008258 428e87b3 p.mac            x15, x29, x8        x15=000000ee x15:000000ee x29:000000e7  x8:00000000
16926759ns          286017 1c00825c 27c72403 lw               x8, 636(x14)         x8=00000000 x14:10000428  PA:100006a4
16926818ns          286020 1c008260 428e07b3 p.mac            x15, x28, x8        x15=000000ee x15:000000ee x28:000000e6  x8:00000000
16926838ns          286021 1c008264 2bc72403 lw               x8, 700(x14)         x8=00000000 x14:10000428  PA:100006e4
16926898ns          286024 1c008268 428307b3 p.mac            x15, x6, x8         x15=000000ee x15:000000ee  x6:0000001c  x8:00000000
16926918ns          286025 1c00826c 2fc72403 lw               x8, 764(x14)         x8=00000001 x14:10000428  PA:10000724
16926978ns          286028 1c008270 428887b3 p.mac            x15, x17, x8        x15=0000010b x15:000000ee x17:0000001d  x8:00000001
16926997ns          286029 1c008274 33c72403 lw               x8, 828(x14)         x8=00000001 x14:10000428  PA:10000764
16927057ns          286032 1c008278 428807b3 p.mac            x15, x16, x8        x15=000001ee x15:0000010b x16:000000e3  x8:00000001
16927077ns          286033 1c00827c 37c72403 lw               x8, 892(x14)         x8=00000000 x14:10000428  PA:100007a4
16927137ns          286036 1c008280 428507b3 p.mac            x15, x10, x8        x15=000001ee x15:000001ee x10:000000e2  x8:00000000
16927157ns          286037 1c008284 3bc72403 lw               x8, 956(x14)         x8=00000000 x14:10000428  PA:100007e4
16927216ns          286040 1c008288 428587b3 p.mac            x15, x11, x8        x15=000001ee x15:000001ee x11:00000020  x8:00000000
16927236ns          286041 1c00828c 00f6222b p.sw             x15, 4(x12!)        x12=10000868 x15:000001ee x12:10000864  PA:10000864
16927276ns          286043 1c008210 0047278b p.lw             x15, 4(x14!)        x15=00000000 x14=1000042c x14:10000428  PA:10000428
16927296ns          286044 1c008214 03c72403 lw               x8, 60(x14)          x8=00000000 x14:1000042c  PA:10000468
16927316ns          286045 1c008216 02fb87b3 mul              x15, x23, x15       x15=00000000 x23:00000011 x15:00000000
16927336ns          286046 1c00821a 428b07b3 p.mac            x15, x22, x8        x15=00000000 x15:00000000 x22:000000ef  x8:00000000
16927355ns          286047 1c00821e 07c72403 lw               x8, 124(x14)         x8=00000000 x14:1000042c  PA:100004a8
16927415ns          286050 1c008220 428a87b3 p.mac            x15, x21, x8        x15=00000000 x15:00000000 x21:000000ee  x8:00000000
16927435ns          286051 1c008224 0bc72403 lw               x8, 188(x14)         x8=00000000 x14:1000042c  PA:100004e8
16927515ns          286055 1c008228 428a07b3 p.mac            x15, x20, x8        x15=00000000 x15:00000000 x20:00000014  x8:00000000
16927535ns          286056 1c00822c 0fc72403 lw               x8, 252(x14)         x8=00000000 x14:1000042c  PA:10000528
16927594ns          286059 1c008230 428087b3 p.mac            x15, x1, x8         x15=00000000 x15:00000000  x1:00000015  x8:00000000
16927614ns          286060 1c008234 13c72403 lw               x8, 316(x14)         x8=00000000 x14:1000042c  PA:10000568
16927674ns          286063 1c008238 428387b3 p.mac            x15, x7, x8         x15=00000000 x15:00000000  x7:000000eb  x8:00000000
16927694ns          286064 1c00823c 17c72403 lw               x8, 380(x14)         x8=00000000 x14:1000042c  PA:100005a8
16927753ns          286067 1c008240 428287b3 p.mac            x15, x5, x8         x15=00000000 x15:00000000  x5:000000ea  x8:00000000
16927773ns          286068 1c008244 1bc72403 lw               x8, 444(x14)         x8=00000000 x14:1000042c  PA:100005e8
16927833ns          286071 1c008248 428f87b3 p.mac            x15, x31, x8        x15=00000000 x15:00000000 x31:00000018  x8:00000000
16927853ns          286072 1c00824c 1fc72403 lw               x8, 508(x14)         x8=00000000 x14:1000042c  PA:10000628
16927912ns          286075 1c008250 428f07b3 p.mac            x15, x30, x8        x15=00000000 x15:00000000 x30:00000019  x8:00000000
16927932ns          286076 1c008254 23c72403 lw               x8, 572(x14)         x8=00000000 x14:1000042c  PA:10000668
16927992ns          286079 1c008258 428e87b3 p.mac            x15, x29, x8        x15=00000000 x15:00000000 x29:000000e7  x8:00000000
16928012ns          286080 1c00825c 27c72403 lw               x8, 636(x14)         x8=00000000 x14:1000042c  PA:100006a8
16928072ns          286083 1c008260 428e07b3 p.mac            x15, x28, x8        x15=00000000 x15:00000000 x28:000000e6  x8:00000000
16928091ns          286084 1c008264 2bc72403 lw               x8, 700(x14)         x8=00000000 x14:1000042c  PA:100006e8
16928151ns          286087 1c008268 428307b3 p.mac            x15, x6, x8         x15=00000000 x15:00000000  x6:0000001c  x8:00000000
16928171ns          286088 1c00826c 2fc72403 lw               x8, 764(x14)         x8=00000000 x14:1000042c  PA:10000728
16928231ns          286091 1c008270 428887b3 p.mac            x15, x17, x8        x15=00000000 x15:00000000 x17:0000001d  x8:00000000
16928251ns          286092 1c008274 33c72403 lw               x8, 828(x14)         x8=00000000 x14:1000042c  PA:10000768
16928310ns          286095 1c008278 428807b3 p.mac            x15, x16, x8        x15=00000000 x15:00000000 x16:000000e3  x8:00000000
16928330ns          286096 1c00827c 37c72403 lw               x8, 892(x14)         x8=00000000 x14:1000042c  PA:100007a8
16928390ns          286099 1c008280 428507b3 p.mac            x15, x10, x8        x15=00000000 x15:00000000 x10:000000e2  x8:00000000
16928410ns          286100 1c008284 3bc72403 lw               x8, 956(x14)         x8=00000000 x14:1000042c  PA:100007e8
16928469ns          286103 1c008288 428587b3 p.mac            x15, x11, x8        x15=00000000 x15:00000000 x11:00000020  x8:00000000
16928489ns          286104 1c00828c 00f6222b p.sw             x15, 4(x12!)        x12=1000086c x15:00000000 x12:10000868  PA:10000868
16928529ns          286106 1c008210 0047278b p.lw             x15, 4(x14!)        x15=00000000 x14=10000430 x14:1000042c  PA:1000042c
16928549ns          286107 1c008214 03c72403 lw               x8, 60(x14)          x8=00000000 x14:10000430  PA:1000046c
16928569ns          286108 1c008216 02fb87b3 mul              x15, x23, x15       x15=00000000 x23:00000011 x15:00000000
16928589ns          286109 1c00821a 428b07b3 p.mac            x15, x22, x8        x15=00000000 x15:00000000 x22:000000ef  x8:00000000
16928609ns          286110 1c00821e 07c72403 lw               x8, 124(x14)         x8=00000000 x14:10000430  PA:100004ac
16928668ns          286113 1c008220 428a87b3 p.mac            x15, x21, x8        x15=00000000 x15:00000000 x21:000000ee  x8:00000000
16928688ns          286114 1c008224 0bc72403 lw               x8, 188(x14)         x8=00000000 x14:10000430  PA:100004ec
16928768ns          286118 1c008228 428a07b3 p.mac            x15, x20, x8        x15=00000000 x15:00000000 x20:00000014  x8:00000000
16928788ns          286119 1c00822c 0fc72403 lw               x8, 252(x14)         x8=00000000 x14:10000430  PA:1000052c
16928847ns          286122 1c008230 428087b3 p.mac            x15, x1, x8         x15=00000000 x15:00000000  x1:00000015  x8:00000000
16928867ns          286123 1c008234 13c72403 lw               x8, 316(x14)         x8=00000000 x14:10000430  PA:1000056c
16928927ns          286126 1c008238 428387b3 p.mac            x15, x7, x8         x15=00000000 x15:00000000  x7:000000eb  x8:00000000
16928947ns          286127 1c00823c 17c72403 lw               x8, 380(x14)         x8=00000001 x14:10000430  PA:100005ac
16929006ns          286130 1c008240 428287b3 p.mac            x15, x5, x8         x15=000000ea x15:00000000  x5:000000ea  x8:00000001
16929026ns          286131 1c008244 1bc72403 lw               x8, 444(x14)         x8=00000000 x14:10000430  PA:100005ec
16929086ns          286134 1c008248 428f87b3 p.mac            x15, x31, x8        x15=000000ea x15:000000ea x31:00000018  x8:00000000
16929106ns          286135 1c00824c 1fc72403 lw               x8, 508(x14)         x8=00000000 x14:10000430  PA:1000062c
16929166ns          286138 1c008250 428f07b3 p.mac            x15, x30, x8        x15=000000ea x15:000000ea x30:00000019  x8:00000000
16929185ns          286139 1c008254 23c72403 lw               x8, 572(x14)         x8=00000000 x14:10000430  PA:1000066c
16929245ns          286142 1c008258 428e87b3 p.mac            x15, x29, x8        x15=000000ea x15:000000ea x29:000000e7  x8:00000000
16929265ns          286143 1c00825c 27c72403 lw               x8, 636(x14)         x8=00000001 x14:10000430  PA:100006ac
16929325ns          286146 1c008260 428e07b3 p.mac            x15, x28, x8        x15=000001d0 x15:000000ea x28:000000e6  x8:00000001
16929345ns          286147 1c008264 2bc72403 lw               x8, 700(x14)         x8=00000000 x14:10000430  PA:100006ec
16929404ns          286150 1c008268 428307b3 p.mac            x15, x6, x8         x15=000001d0 x15:000001d0  x6:0000001c  x8:00000000
16929424ns          286151 1c00826c 2fc72403 lw               x8, 764(x14)         x8=00000000 x14:10000430  PA:1000072c
16929484ns          286154 1c008270 428887b3 p.mac            x15, x17, x8        x15=000001d0 x15:000001d0 x17:0000001d  x8:00000000
16929504ns          286155 1c008274 33c72403 lw               x8, 828(x14)         x8=00000000 x14:10000430  PA:1000076c
16929563ns          286158 1c008278 428807b3 p.mac            x15, x16, x8        x15=000001d0 x15:000001d0 x16:000000e3  x8:00000000
16929583ns          286159 1c00827c 37c72403 lw               x8, 892(x14)         x8=00000000 x14:10000430  PA:100007ac
16929643ns          286162 1c008280 428507b3 p.mac            x15, x10, x8        x15=000001d0 x15:000001d0 x10:000000e2  x8:00000000
16929663ns          286163 1c008284 3bc72403 lw               x8, 956(x14)         x8=00000000 x14:10000430  PA:100007ec
16929722ns          286166 1c008288 428587b3 p.mac            x15, x11, x8        x15=000001d0 x15:000001d0 x11:00000020  x8:00000000
16929742ns          286167 1c00828c 00f6222b p.sw             x15, 4(x12!)        x12=10000870 x15:000001d0 x12:1000086c  PA:1000086c
16929782ns          286169 1c008210 0047278b p.lw             x15, 4(x14!)        x15=00000000 x14=10000434 x14:10000430  PA:10000430
16929802ns          286170 1c008214 03c72403 lw               x8, 60(x14)          x8=00000000 x14:10000434  PA:10000470
16929822ns          286171 1c008216 02fb87b3 mul              x15, x23, x15       x15=00000000 x23:00000011 x15:00000000
16929842ns          286172 1c00821a 428b07b3 p.mac            x15, x22, x8        x15=00000000 x15:00000000 x22:000000ef  x8:00000000
16929862ns          286173 1c00821e 07c72403 lw               x8, 124(x14)         x8=00000000 x14:10000434  PA:100004b0
16929921ns          286176 1c008220 428a87b3 p.mac            x15, x21, x8        x15=00000000 x15:00000000 x21:000000ee  x8:00000000
16929941ns          286177 1c008224 0bc72403 lw               x8, 188(x14)         x8=00000001 x14:10000434  PA:100004f0
16930021ns          286181 1c008228 428a07b3 p.mac            x15, x20, x8        x15=00000014 x15:00000000 x20:00000014  x8:00000001
16930041ns          286182 1c00822c 0fc72403 lw               x8, 252(x14)         x8=00000001 x14:10000434  PA:10000530
16930100ns          286185 1c008230 428087b3 p.mac            x15, x1, x8         x15=00000029 x15:00000014  x1:00000015  x8:00000001
16930120ns          286186 1c008234 13c72403 lw               x8, 316(x14)         x8=00000000 x14:10000434  PA:10000570
16930180ns          286189 1c008238 428387b3 p.mac            x15, x7, x8         x15=00000029 x15:00000029  x7:000000eb  x8:00000000
16930200ns          286190 1c00823c 17c72403 lw               x8, 380(x14)         x8=00000000 x14:10000434  PA:100005b0
16930260ns          286193 1c008240 428287b3 p.mac            x15, x5, x8         x15=00000029 x15:00000029  x5:000000ea  x8:00000000
16930279ns          286194 1c008244 1bc72403 lw               x8, 444(x14)         x8=00000000 x14:10000434  PA:100005f0
16930339ns          286197 1c008248 428f87b3 p.mac            x15, x31, x8        x15=00000029 x15:00000029 x31:00000018  x8:00000000
16930359ns          286198 1c00824c 1fc72403 lw               x8, 508(x14)         x8=00000000 x14:10000434  PA:10000630
16930419ns          286201 1c008250 428f07b3 p.mac            x15, x30, x8        x15=00000029 x15:00000029 x30:00000019  x8:00000000
16930439ns          286202 1c008254 23c72403 lw               x8, 572(x14)         x8=00000000 x14:10000434  PA:10000670
16930498ns          286205 1c008258 428e87b3 p.mac            x15, x29, x8        x15=00000029 x15:00000029 x29:000000e7  x8:00000000
16930518ns          286206 1c00825c 27c72403 lw               x8, 636(x14)         x8=00000001 x14:10000434  PA:100006b0
16930578ns          286209 1c008260 428e07b3 p.mac            x15, x28, x8        x15=0000010f x15:00000029 x28:000000e6  x8:00000001
16930598ns          286210 1c008264 2bc72403 lw               x8, 700(x14)         x8=00000000 x14:10000434  PA:100006f0
16930657ns          286213 1c008268 428307b3 p.mac            x15, x6, x8         x15=0000010f x15:0000010f  x6:0000001c  x8:00000000
16930677ns          286214 1c00826c 2fc72403 lw               x8, 764(x14)         x8=00000001 x14:10000434  PA:10000730
16930737ns          286217 1c008270 428887b3 p.mac            x15, x17, x8        x15=0000012c x15:0000010f x17:0000001d  x8:00000001
16930757ns          286218 1c008274 33c72403 lw               x8, 828(x14)         x8=00000000 x14:10000434  PA:10000770
16930816ns          286221 1c008278 428807b3 p.mac            x15, x16, x8        x15=0000012c x15:0000012c x16:000000e3  x8:00000000
16930836ns          286222 1c00827c 37c72403 lw               x8, 892(x14)         x8=00000000 x14:10000434  PA:100007b0
16930896ns          286225 1c008280 428507b3 p.mac            x15, x10, x8        x15=0000012c x15:0000012c x10:000000e2  x8:00000000
16930916ns          286226 1c008284 3bc72403 lw               x8, 956(x14)         x8=00000000 x14:10000434  PA:100007f0
16930976ns          286229 1c008288 428587b3 p.mac            x15, x11, x8        x15=0000012c x15:0000012c x11:00000020  x8:00000000
16930995ns          286230 1c00828c 00f6222b p.sw             x15, 4(x12!)        x12=10000874 x15:0000012c x12:10000870  PA:10000870
16931035ns          286232 1c008210 0047278b p.lw             x15, 4(x14!)        x15=00000000 x14=10000438 x14:10000434  PA:10000434
16931055ns          286233 1c008214 03c72403 lw               x8, 60(x14)          x8=00000000 x14:10000438  PA:10000474
16931075ns          286234 1c008216 02fb87b3 mul              x15, x23, x15       x15=00000000 x23:00000011 x15:00000000
16931095ns          286235 1c00821a 428b07b3 p.mac            x15, x22, x8        x15=00000000 x15:00000000 x22:000000ef  x8:00000000
16931115ns          286236 1c00821e 07c72403 lw               x8, 124(x14)         x8=00000000 x14:10000438  PA:100004b4
16931175ns          286239 1c008220 428a87b3 p.mac            x15, x21, x8        x15=00000000 x15:00000000 x21:000000ee  x8:00000000
16931194ns          286240 1c008224 0bc72403 lw               x8, 188(x14)         x8=00000001 x14:10000438  PA:100004f4
16931274ns          286244 1c008228 428a07b3 p.mac            x15, x20, x8        x15=00000014 x15:00000000 x20:00000014  x8:00000001
16931294ns          286245 1c00822c 0fc72403 lw               x8, 252(x14)         x8=00000000 x14:10000438  PA:10000534
16931354ns          286248 1c008230 428087b3 p.mac            x15, x1, x8         x15=00000014 x15:00000014  x1:00000015  x8:00000000
16931373ns          286249 1c008234 13c72403 lw               x8, 316(x14)         x8=00000000 x14:10000438  PA:10000574
16931433ns          286252 1c008238 428387b3 p.mac            x15, x7, x8         x15=00000014 x15:00000014  x7:000000eb  x8:00000000
16931453ns          286253 1c00823c 17c72403 lw               x8, 380(x14)         x8=00000000 x14:10000438  PA:100005b4
16931513ns          286256 1c008240 428287b3 p.mac            x15, x5, x8         x15=00000014 x15:00000014  x5:000000ea  x8:00000000
16931533ns          286257 1c008244 1bc72403 lw               x8, 444(x14)         x8=00000000 x14:10000438  PA:100005f4
16931592ns          286260 1c008248 428f87b3 p.mac            x15, x31, x8        x15=00000014 x15:00000014 x31:00000018  x8:00000000
16931612ns          286261 1c00824c 1fc72403 lw               x8, 508(x14)         x8=00000000 x14:10000438  PA:10000634
16931672ns          286264 1c008250 428f07b3 p.mac            x15, x30, x8        x15=00000014 x15:00000014 x30:00000019  x8:00000000
16931692ns          286265 1c008254 23c72403 lw               x8, 572(x14)         x8=00000000 x14:10000438  PA:10000674
16931751ns          286268 1c008258 428e87b3 p.mac            x15, x29, x8        x15=00000014 x15:00000014 x29:000000e7  x8:00000000
16931771ns          286269 1c00825c 27c72403 lw               x8, 636(x14)         x8=00000000 x14:10000438  PA:100006b4
16931831ns          286272 1c008260 428e07b3 p.mac            x15, x28, x8        x15=00000014 x15:00000014 x28:000000e6  x8:00000000
16931851ns          286273 1c008264 2bc72403 lw               x8, 700(x14)         x8=00000000 x14:10000438  PA:100006f4
16931910ns          286276 1c008268 428307b3 p.mac            x15, x6, x8         x15=00000014 x15:00000014  x6:0000001c  x8:00000000
16931930ns          286277 1c00826c 2fc72403 lw               x8, 764(x14)         x8=00000000 x14:10000438  PA:10000734
16931990ns          286280 1c008270 428887b3 p.mac            x15, x17, x8        x15=00000014 x15:00000014 x17:0000001d  x8:00000000
16932010ns          286281 1c008274 33c72403 lw               x8, 828(x14)         x8=00000000 x14:10000438  PA:10000774
16932070ns          286284 1c008278 428807b3 p.mac            x15, x16, x8        x15=00000014 x15:00000014 x16:000000e3  x8:00000000
16932089ns          286285 1c00827c 37c72403 lw               x8, 892(x14)         x8=00000000 x14:10000438  PA:100007b4
16932149ns          286288 1c008280 428507b3 p.mac            x15, x10, x8        x15=00000014 x15:00000014 x10:000000e2  x8:00000000
16932169ns          286289 1c008284 3bc72403 lw               x8, 956(x14)         x8=00000000 x14:10000438  PA:100007f4
16932229ns          286292 1c008288 428587b3 p.mac            x15, x11, x8        x15=00000014 x15:00000014 x11:00000020  x8:00000000
16932249ns          286293 1c00828c 00f6222b p.sw             x15, 4(x12!)        x12=10000878 x15:00000014 x12:10000874  PA:10000874
16932288ns          286295 1c008210 0047278b p.lw             x15, 4(x14!)        x15=00000000 x14=1000043c x14:10000438  PA:10000438
16932308ns          286296 1c008214 03c72403 lw               x8, 60(x14)          x8=00000000 x14:1000043c  PA:10000478
16932328ns          286297 1c008216 02fb87b3 mul              x15, x23, x15       x15=00000000 x23:00000011 x15:00000000
16932348ns          286298 1c00821a 428b07b3 p.mac            x15, x22, x8        x15=00000000 x15:00000000 x22:000000ef  x8:00000000
16932368ns          286299 1c00821e 07c72403 lw               x8, 124(x14)         x8=00000001 x14:1000043c  PA:100004b8
16932428ns          286302 1c008220 428a87b3 p.mac            x15, x21, x8        x15=000000ee x15:00000000 x21:000000ee  x8:00000001
16932448ns          286303 1c008224 0bc72403 lw               x8, 188(x14)         x8=00000000 x14:1000043c  PA:100004f8
16932527ns          286307 1c008228 428a07b3 p.mac            x15, x20, x8        x15=000000ee x15:000000ee x20:00000014  x8:00000000
16932547ns          286308 1c00822c 0fc72403 lw               x8, 252(x14)         x8=00000000 x14:1000043c  PA:10000538
16932607ns          286311 1c008230 428087b3 p.mac            x15, x1, x8         x15=000000ee x15:000000ee  x1:00000015  x8:00000000
16932627ns          286312 1c008234 13c72403 lw               x8, 316(x14)         x8=00000000 x14:1000043c  PA:10000578
16932686ns          286315 1c008238 428387b3 p.mac            x15, x7, x8         x15=000000ee x15:000000ee  x7:000000eb  x8:00000000
16932706ns          286316 1c00823c 17c72403 lw               x8, 380(x14)         x8=00000000 x14:1000043c  PA:100005b8
16932766ns          286319 1c008240 428287b3 p.mac            x15, x5, x8         x15=000000ee x15:000000ee  x5:000000ea  x8:00000000
16932786ns          286320 1c008244 1bc72403 lw               x8, 444(x14)         x8=00000001 x14:1000043c  PA:100005f8
16932845ns          286323 1c008248 428f87b3 p.mac            x15, x31, x8        x15=00000106 x15:000000ee x31:00000018  x8:00000001
16932865ns          286324 1c00824c 1fc72403 lw               x8, 508(x14)         x8=00000001 x14:1000043c  PA:10000638
16932925ns          286327 1c008250 428f07b3 p.mac            x15, x30, x8        x15=0000011f x15:00000106 x30:00000019  x8:00000001
16932945ns          286328 1c008254 23c72403 lw               x8, 572(x14)         x8=00000000 x14:1000043c  PA:10000678
16933004ns          286331 1c008258 428e87b3 p.mac            x15, x29, x8        x15=0000011f x15:0000011f x29:000000e7  x8:00000000
16933024ns          286332 1c00825c 27c72403 lw               x8, 636(x14)         x8=00000001 x14:1000043c  PA:100006b8
16933084ns          286335 1c008260 428e07b3 p.mac            x15, x28, x8        x15=00000205 x15:0000011f x28:000000e6  x8:00000001
16933104ns          286336 1c008264 2bc72403 lw               x8, 700(x14)         x8=00000000 x14:1000043c  PA:100006f8
16933164ns          286339 1c008268 428307b3 p.mac            x15, x6, x8         x15=00000205 x15:00000205  x6:0000001c  x8:00000000
16933183ns          286340 1c00826c 2fc72403 lw               x8, 764(x14)         x8=00000001 x14:1000043c  PA:10000738
16933243ns          286343 1c008270 428887b3 p.mac            x15, x17, x8        x15=00000222 x15:00000205 x17:0000001d  x8:00000001
16933263ns          286344 1c008274 33c72403 lw               x8, 828(x14)         x8=00000000 x14:1000043c  PA:10000778
16933323ns          286347 1c008278 428807b3 p.mac            x15, x16, x8        x15=00000222 x15:00000222 x16:000000e3  x8:00000000
16933343ns          286348 1c00827c 37c72403 lw               x8, 892(x14)         x8=00000000 x14:1000043c  PA:100007b8
16933402ns          286351 1c008280 428507b3 p.mac            x15, x10, x8        x15=00000222 x15:00000222 x10:000000e2  x8:00000000
16933422ns          286352 1c008284 3bc72403 lw               x8, 956(x14)         x8=00000000 x14:1000043c  PA:100007f8
16933482ns          286355 1c008288 428587b3 p.mac            x15, x11, x8        x15=00000222 x15:00000222 x11:00000020  x8:00000000
16933502ns          286356 1c00828c 00f6222b p.sw             x15, 4(x12!)        x12=1000087c x15:00000222 x12:10000878  PA:10000878
16933542ns          286358 1c008210 0047278b p.lw             x15, 4(x14!)        x15=00000000 x14=10000440 x14:1000043c  PA:1000043c
16933561ns          286359 1c008214 03c72403 lw               x8, 60(x14)          x8=00000000 x14:10000440  PA:1000047c
16933581ns          286360 1c008216 02fb87b3 mul              x15, x23, x15       x15=00000000 x23:00000011 x15:00000000
16933601ns          286361 1c00821a 428b07b3 p.mac            x15, x22, x8        x15=00000000 x15:00000000 x22:000000ef  x8:00000000
16933621ns          286362 1c00821e 07c72403 lw               x8, 124(x14)         x8=00000000 x14:10000440  PA:100004bc
16933681ns          286365 1c008220 428a87b3 p.mac            x15, x21, x8        x15=00000000 x15:00000000 x21:000000ee  x8:00000000
16933701ns          286366 1c008224 0bc72403 lw               x8, 188(x14)         x8=00000000 x14:10000440  PA:100004fc
16933780ns          286370 1c008228 428a07b3 p.mac            x15, x20, x8        x15=00000000 x15:00000000 x20:00000014  x8:00000000
16933800ns          286371 1c00822c 0fc72403 lw               x8, 252(x14)         x8=00000000 x14:10000440  PA:1000053c
16933860ns          286374 1c008230 428087b3 p.mac            x15, x1, x8         x15=00000000 x15:00000000  x1:00000015  x8:00000000
16933880ns          286375 1c008234 13c72403 lw               x8, 316(x14)         x8=00000000 x14:10000440  PA:1000057c
16933939ns          286378 1c008238 428387b3 p.mac            x15, x7, x8         x15=00000000 x15:00000000  x7:000000eb  x8:00000000
16933959ns          286379 1c00823c 17c72403 lw               x8, 380(x14)         x8=00000000 x14:10000440  PA:100005bc
16934019ns          286382 1c008240 428287b3 p.mac            x15, x5, x8         x15=00000000 x15:00000000  x5:000000ea  x8:00000000
16934039ns          286383 1c008244 1bc72403 lw               x8, 444(x14)         x8=00000000 x14:10000440  PA:100005fc
16934098ns          286386 1c008248 428f87b3 p.mac            x15, x31, x8        x15=00000000 x15:00000000 x31:00000018  x8:00000000
16934118ns          286387 1c00824c 1fc72403 lw               x8, 508(x14)         x8=00000000 x14:10000440  PA:1000063c
16934178ns          286390 1c008250 428f07b3 p.mac            x15, x30, x8        x15=00000000 x15:00000000 x30:00000019  x8:00000000
16934198ns          286391 1c008254 23c72403 lw               x8, 572(x14)         x8=00000001 x14:10000440  PA:1000067c
16934258ns          286394 1c008258 428e87b3 p.mac            x15, x29, x8        x15=000000e7 x15:00000000 x29:000000e7  x8:00000001
16934277ns          286395 1c00825c 27c72403 lw               x8, 636(x14)         x8=00000000 x14:10000440  PA:100006bc
16934337ns          286398 1c008260 428e07b3 p.mac            x15, x28, x8        x15=000000e7 x15:000000e7 x28:000000e6  x8:00000000
16934357ns          286399 1c008264 2bc72403 lw               x8, 700(x14)         x8=00000001 x14:10000440  PA:100006fc
16934417ns          286402 1c008268 428307b3 p.mac            x15, x6, x8         x15=00000103 x15:000000e7  x6:0000001c  x8:00000001
16934437ns          286403 1c00826c 2fc72403 lw               x8, 764(x14)         x8=00000001 x14:10000440  PA:1000073c
16934496ns          286406 1c008270 428887b3 p.mac            x15, x17, x8        x15=00000120 x15:00000103 x17:0000001d  x8:00000001
16934516ns          286407 1c008274 33c72403 lw               x8, 828(x14)         x8=00000000 x14:10000440  PA:1000077c
16934576ns          286410 1c008278 428807b3 p.mac            x15, x16, x8        x15=00000120 x15:00000120 x16:000000e3  x8:00000000
16934596ns          286411 1c00827c 37c72403 lw               x8, 892(x14)         x8=00000001 x14:10000440  PA:100007bc
16934655ns          286414 1c008280 428507b3 p.mac            x15, x10, x8        x15=00000202 x15:00000120 x10:000000e2  x8:00000001
16934675ns          286415 1c008284 3bc72403 lw               x8, 956(x14)         x8=00000000 x14:10000440  PA:100007fc
16934735ns          286418 1c008288 428587b3 p.mac            x15, x11, x8        x15=00000202 x15:00000202 x11:00000020  x8:00000000
16934755ns          286419 1c00828c 00f6222b p.sw             x15, 4(x12!)        x12=10000880 x15:00000202 x12:1000087c  PA:1000087c
16934795ns          286421 1c008210 0047278b p.lw             x15, 4(x14!)        x15=00000000 x14=10000444 x14:10000440  PA:10000440
16934815ns          286422 1c008214 03c72403 lw               x8, 60(x14)          x8=00000000 x14:10000444  PA:10000480
16934834ns          286423 1c008216 02fb87b3 mul              x15, x23, x15       x15=00000000 x23:00000011 x15:00000000
16934854ns          286424 1c00821a 428b07b3 p.mac            x15, x22, x8        x15=00000000 x15:00000000 x22:000000ef  x8:00000000
16934874ns          286425 1c00821e 07c72403 lw               x8, 124(x14)         x8=00000001 x14:10000444  PA:100004c0
16934934ns          286428 1c008220 428a87b3 p.mac            x15, x21, x8        x15=000000ee x15:00000000 x21:000000ee  x8:00000001
16934954ns          286429 1c008224 0bc72403 lw               x8, 188(x14)         x8=00000001 x14:10000444  PA:10000500
16935033ns          286433 1c008228 428a07b3 p.mac            x15, x20, x8        x15=00000102 x15:000000ee x20:00000014  x8:00000001
16935053ns          286434 1c00822c 0fc72403 lw               x8, 252(x14)         x8=00000000 x14:10000444  PA:10000540
16935113ns          286437 1c008230 428087b3 p.mac            x15, x1, x8         x15=00000102 x15:00000102  x1:00000015  x8:00000000
16935133ns          286438 1c008234 13c72403 lw               x8, 316(x14)         x8=00000000 x14:10000444  PA:10000580
16935192ns          286441 1c008238 428387b3 p.mac            x15, x7, x8         x15=00000102 x15:00000102  x7:000000eb  x8:00000000
16935212ns          286442 1c00823c 17c72403 lw               x8, 380(x14)         x8=00000000 x14:10000444  PA:100005c0
16935272ns          286445 1c008240 428287b3 p.mac            x15, x5, x8         x15=00000102 x15:00000102  x5:000000ea  x8:00000000
16935292ns          286446 1c008244 1bc72403 lw               x8, 444(x14)         x8=00000000 x14:10000444  PA:10000600
16935352ns          286449 1c008248 428f87b3 p.mac            x15, x31, x8        x15=00000102 x15:00000102 x31:00000018  x8:00000000
16935371ns          286450 1c00824c 1fc72403 lw               x8, 508(x14)         x8=00000000 x14:10000444  PA:10000640
16935431ns          286453 1c008250 428f07b3 p.mac            x15, x30, x8        x15=00000102 x15:00000102 x30:00000019  x8:00000000
16935451ns          286454 1c008254 23c72403 lw               x8, 572(x14)         x8=00000001 x14:10000444  PA:10000680
16935511ns          286457 1c008258 428e87b3 p.mac            x15, x29, x8        x15=000001e9 x15:00000102 x29:000000e7  x8:00000001
16935531ns          286458 1c00825c 27c72403 lw               x8, 636(x14)         x8=00000000 x14:10000444  PA:100006c0
16935590ns          286461 1c008260 428e07b3 p.mac            x15, x28, x8        x15=000001e9 x15:000001e9 x28:000000e6  x8:00000000
16935610ns          286462 1c008264 2bc72403 lw               x8, 700(x14)         x8=00000001 x14:10000444  PA:10000700
16935670ns          286465 1c008268 428307b3 p.mac            x15, x6, x8         x15=00000205 x15:000001e9  x6:0000001c  x8:00000001
16935690ns          286466 1c00826c 2fc72403 lw               x8, 764(x14)         x8=00000000 x14:10000444  PA:10000740
16935749ns          286469 1c008270 428887b3 p.mac            x15, x17, x8        x15=00000205 x15:00000205 x17:0000001d  x8:00000000
16935769ns          286470 1c008274 33c72403 lw               x8, 828(x14)         x8=00000000 x14:10000444  PA:10000780
16935829ns          286473 1c008278 428807b3 p.mac            x15, x16, x8        x15=00000205 x15:00000205 x16:000000e3  x8:00000000
16935849ns          286474 1c00827c 37c72403 lw               x8, 892(x14)         x8=00000000 x14:10000444  PA:100007c0
16935909ns          286477 1c008280 428507b3 p.mac            x15, x10, x8        x15=00000205 x15:00000205 x10:000000e2  x8:00000000
16935928ns          286478 1c008284 3bc72403 lw               x8, 956(x14)         x8=00000000 x14:10000444  PA:10000800
16935988ns          286481 1c008288 428587b3 p.mac            x15, x11, x8        x15=00000205 x15:00000205 x11:00000020  x8:00000000
16936008ns          286482 1c00828c 00f6222b p.sw             x15, 4(x12!)        x12=10000884 x15:00000205 x12:10000880  PA:10000880
16936048ns          286484 1c008290 001c0c13 addi             x24, x24, 1         x24=00000002 x24:00000001
16936068ns          286485 1c008292 100c4c33 p.exths          x24, x24, x0        x24=00000002 x24:00000002
16936088ns          286486 1c008296 01800633 add              x12, x0, x24        x12=00000002 x24:00000002
16936107ns          286487 1c0081bc 00661613 slli             x12, x12, 0x6       x12=00000080 x12:00000002
16936127ns          286488 1c0081be 00cd07b3 add              x15, x26, x12       x15=10000084 x26:10000004 x12:00000080
16936147ns          286489 1c0081c2 0007ab83 lw               x23, 0(x15)         x23=00000021 x15:10000084  PA:10000084
16936167ns          286490 1c0081c6 0047ab03 lw               x22, 4(x15)         x22=000000df x15:10000084  PA:10000088
16936187ns          286491 1c0081ca 0087aa83 lw               x21, 8(x15)         x21=000000de x15:10000084  PA:1000008c
16936207ns          286492 1c0081ce 00c7aa03 lw               x20, 12(x15)        x20=00000024 x15:10000084  PA:10000090
16936227ns          286493 1c0081d2 0107a083 lw               x1, 16(x15)          x1=00000025 x15:10000084  PA:10000094
16936247ns          286494 1c0081d6 0147a383 lw               x7, 20(x15)          x7=000000db x15:10000084  PA:10000098
16936267ns          286495 1c0081da 0187a283 lw               x5, 24(x15)          x5=000000da x15:10000084  PA:1000009c
16936286ns          286496 1c0081de 01c7af83 lw               x31, 28(x15)        x31=00000028 x15:10000084  PA:100000a0
16936306ns          286497 1c0081e2 0207af03 lw               x30, 32(x15)        x30=00000029 x15:10000084  PA:100000a4
16936326ns          286498 1c0081e6 0247ae83 lw               x29, 36(x15)        x29=000000d7 x15:10000084  PA:100000a8
16936346ns          286499 1c0081ea 0287ae03 lw               x28, 40(x15)        x28=000000d6 x15:10000084  PA:100000ac
16936366ns          286500 1c0081ee 02c7a303 lw               x6, 44(x15)          x6=0000002c x15:10000084  PA:100000b0
16936386ns          286501 1c0081f2 0307a883 lw               x17, 48(x15)        x17=0000002d x15:10000084  PA:100000b4
16936406ns          286502 1c0081f6 0347a803 lw               x16, 52(x15)        x16=000000d3 x15:10000084  PA:100000b8
16936426ns          286503 1c0081fa 0387a503 lw               x10, 56(x15)        x10=000000d2 x15:10000084  PA:100000bc
16936446ns          286504 1c0081fc 03c7a583 lw               x11, 60(x15)        x11=00000030 x15:10000084  PA:100000c0
16936465ns          286505 1c0081fe 100017b7 lui              x15, 0x10001000     x15=10001000
16936485ns          286506 1c008202 80478793 addi             x15, x15, -2044     x15=10000804 x15:10001000
16936505ns          286507 1c008206 01900733 add              x14, x0, x25        x14=10000404 x25:10000404
16936525ns          286508 1c008208 00f60633 add              x12, x12, x15       x12=10000884 x12:00000080 x15:10000804
16936545ns          286509 1c00820a 01000693 addi             x13, x0, 16         x13=00000010
16936565ns          286510 1c00820c 0406c0fb lp.setup         0x1, x13, 0x40      x13:00000010
16936585ns          286511 1c008210 0047278b p.lw             x15, 4(x14!)        x15=00000001 x14=10000408 x14:10000404  PA:10000404
16936605ns          286512 1c008214 03c72403 lw               x8, 60(x14)          x8=00000000 x14:10000408  PA:10000444
16936625ns          286513 1c008216 02fb87b3 mul              x15, x23, x15       x15=00000021 x23:00000021 x15:00000001
16936644ns          286514 1c00821a 428b07b3 p.mac            x15, x22, x8        x15=00000021 x15:00000021 x22:000000df  x8:00000000
16936664ns          286515 1c00821e 07c72403 lw               x8, 124(x14)         x8=00000001 x14:10000408  PA:10000484
16936724ns          286518 1c008220 428a87b3 p.mac            x15, x21, x8        x15=000000ff x15:00000021 x21:000000de  x8:00000001
16936744ns          286519 1c008224 0bc72403 lw               x8, 188(x14)         x8=00000000 x14:10000408  PA:100004c4
16936823ns          286523 1c008228 428a07b3 p.mac            x15, x20, x8        x15=000000ff x15:000000ff x20:00000024  x8:00000000
16936843ns          286524 1c00822c 0fc72403 lw               x8, 252(x14)         x8=00000000 x14:10000408  PA:10000504
16936903ns          286527 1c008230 428087b3 p.mac            x15, x1, x8         x15=000000ff x15:000000ff  x1:00000025  x8:00000000
16936923ns          286528 1c008234 13c72403 lw               x8, 316(x14)         x8=00000001 x14:10000408  PA:10000544
16936983ns          286531 1c008238 428387b3 p.mac            x15, x7, x8         x15=000001da x15:000000ff  x7:000000db  x8:00000001
16937002ns          286532 1c00823c 17c72403 lw               x8, 380(x14)         x8=00000000 x14:10000408  PA:10000584
16937062ns          286535 1c008240 428287b3 p.mac            x15, x5, x8         x15=000001da x15:000001da  x5:000000da  x8:00000000
16937082ns          286536 1c008244 1bc72403 lw               x8, 444(x14)         x8=00000000 x14:10000408  PA:100005c4
16937142ns          286539 1c008248 428f87b3 p.mac            x15, x31, x8        x15=000001da x15:000001da x31:00000028  x8:00000000
16937162ns          286540 1c00824c 1fc72403 lw               x8, 508(x14)         x8=00000000 x14:10000408  PA:10000604
16937221ns          286543 1c008250 428f07b3 p.mac            x15, x30, x8        x15=000001da x15:000001da x30:00000029  x8:00000000
16937241ns          286544 1c008254 23c72403 lw               x8, 572(x14)         x8=00000000 x14:10000408  PA:10000644
16937301ns          286547 1c008258 428e87b3 p.mac            x15, x29, x8        x15=000001da x15:000001da x29:000000d7  x8:00000000
16937321ns          286548 1c00825c 27c72403 lw               x8, 636(x14)         x8=00000000 x14:10000408  PA:10000684
16937380ns          286551 1c008260 428e07b3 p.mac            x15, x28, x8        x15=000001da x15:000001da x28:000000d6  x8:00000000
16937400ns          286552 1c008264 2bc72403 lw               x8, 700(x14)         x8=00000001 x14:10000408  PA:100006c4
16937460ns          286555 1c008268 428307b3 p.mac            x15, x6, x8         x15=00000206 x15:000001da  x6:0000002c  x8:00000001
16937480ns          286556 1c00826c 2fc72403 lw               x8, 764(x14)         x8=00000000 x14:10000408  PA:10000704
16937540ns          286559 1c008270 428887b3 p.mac            x15, x17, x8        x15=00000206 x15:00000206 x17:0000002d  x8:00000000
16937559ns          286560 1c008274 33c72403 lw               x8, 828(x14)         x8=00000000 x14:10000408  PA:10000744
16937619ns          286563 1c008278 428807b3 p.mac            x15, x16, x8        x15=00000206 x15:00000206 x16:000000d3  x8:00000000
16937639ns          286564 1c00827c 37c72403 lw               x8, 892(x14)         x8=00000000 x14:10000408  PA:10000784
16937699ns          286567 1c008280 428507b3 p.mac            x15, x10, x8        x15=00000206 x15:00000206 x10:000000d2  x8:00000000
16937719ns          286568 1c008284 3bc72403 lw               x8, 956(x14)         x8=00000000 x14:10000408  PA:100007c4
16937778ns          286571 1c008288 428587b3 p.mac            x15, x11, x8        x15=00000206 x15:00000206 x11:00000030  x8:00000000
16937798ns          286572 1c00828c 00f6222b p.sw             x15, 4(x12!)        x12=10000888 x15:00000206 x12:10000884  PA:10000884
16937838ns          286574 1c008210 0047278b p.lw             x15, 4(x14!)        x15=00000000 x14=1000040c x14:10000408  PA:10000408
16937858ns          286575 1c008214 03c72403 lw               x8, 60(x14)          x8=00000000 x14:1000040c  PA:10000448
16937878ns          286576 1c008216 02fb87b3 mul              x15, x23, x15       x15=00000000 x23:00000021 x15:00000000
16937898ns          286577 1c00821a 428b07b3 p.mac            x15, x22, x8        x15=00000000 x15:00000000 x22:000000df  x8:00000000
16937917ns          286578 1c00821e 07c72403 lw               x8, 124(x14)         x8=00000001 x14:1000040c  PA:10000488
16937977ns          286581 1c008220 428a87b3 p.mac            x15, x21, x8        x15=000000de x15:00000000 x21:000000de  x8:00000001
16937997ns          286582 1c008224 0bc72403 lw               x8, 188(x14)         x8=00000000 x14:1000040c  PA:100004c8
16938077ns          286586 1c008228 428a07b3 p.mac            x15, x20, x8        x15=000000de x15:000000de x20:00000024  x8:00000000
16938096ns          286587 1c00822c 0fc72403 lw               x8, 252(x14)         x8=00000000 x14:1000040c  PA:10000508
16938156ns          286590 1c008230 428087b3 p.mac            x15, x1, x8         x15=000000de x15:000000de  x1:00000025  x8:00000000
16938176ns          286591 1c008234 13c72403 lw               x8, 316(x14)         x8=00000000 x14:1000040c  PA:10000548
16938236ns          286594 1c008238 428387b3 p.mac            x15, x7, x8         x15=000000de x15:000000de  x7:000000db  x8:00000000
16938256ns          286595 1c00823c 17c72403 lw               x8, 380(x14)         x8=00000000 x14:1000040c  PA:10000588
16938315ns          286598 1c008240 428287b3 p.mac            x15, x5, x8         x15=000000de x15:000000de  x5:000000da  x8:00000000
16938335ns          286599 1c008244 1bc72403 lw               x8, 444(x14)         x8=00000000 x14:1000040c  PA:100005c8
16938395ns          286602 1c008248 428f87b3 p.mac            x15, x31, x8        x15=000000de x15:000000de x31:00000028  x8:00000000
16938415ns          286603 1c00824c 1fc72403 lw               x8, 508(x14)         x8=00000000 x14:1000040c  PA:10000608
16938474ns          286606 1c008250 428f07b3 p.mac            x15, x30, x8        x15=000000de x15:000000de x30:00000029  x8:00000000
16938494ns          286607 1c008254 23c72403 lw               x8, 572(x14)         x8=00000000 x14:1000040c  PA:10000648
16938554ns          286610 1c008258 428e87b3 p.mac            x15, x29, x8        x15=000000de x15:000000de x29:000000d7  x8:00000000
16938574ns          286611 1c00825c 27c72403 lw               x8, 636(x14)         x8=00000000 x14:1000040c  PA:10000688
16938634ns          286614 1c008260 428e07b3 p.mac            x15, x28, x8        x15=000000de x15:000000de x28:000000d6  x8:00000000
16938653ns          286615 1c008264 2bc72403 lw               x8, 700(x14)         x8=00000001 x14:1000040c  PA:100006c8
16938713ns          286618 1c008268 428307b3 p.mac            x15, x6, x8         x15=0000010a x15:000000de  x6:0000002c  x8:00000001
16938733ns          286619 1c00826c 2fc72403 lw               x8, 764(x14)         x8=00000000 x14:1000040c  PA:10000708
16938793ns          286622 1c008270 428887b3 p.mac            x15, x17, x8        x15=0000010a x15:0000010a x17:0000002d  x8:00000000
16938813ns          286623 1c008274 33c72403 lw               x8, 828(x14)         x8=00000001 x14:1000040c  PA:10000748
16938872ns          286626 1c008278 428807b3 p.mac            x15, x16, x8        x15=000001dd x15:0000010a x16:000000d3  x8:00000001
16938892ns          286627 1c00827c 37c72403 lw               x8, 892(x14)         x8=00000000 x14:1000040c  PA:10000788
16938952ns          286630 1c008280 428507b3 p.mac            x15, x10, x8        x15=000001dd x15:000001dd x10:000000d2  x8:00000000
16938972ns          286631 1c008284 3bc72403 lw               x8, 956(x14)         x8=00000001 x14:1000040c  PA:100007c8
16939031ns          286634 1c008288 428587b3 p.mac            x15, x11, x8        x15=0000020d x15:000001dd x11:00000030  x8:00000001
16939051ns          286635 1c00828c 00f6222b p.sw             x15, 4(x12!)        x12=1000088c x15:0000020d x12:10000888  PA:10000888
16939091ns          286637 1c008210 0047278b p.lw             x15, 4(x14!)        x15=00000000 x14=10000410 x14:1000040c  PA:1000040c
16939111ns          286638 1c008214 03c72403 lw               x8, 60(x14)          x8=00000000 x14:10000410  PA:1000044c
16939131ns          286639 1c008216 02fb87b3 mul              x15, x23, x15       x15=00000000 x23:00000021 x15:00000000
16939151ns          286640 1c00821a 428b07b3 p.mac            x15, x22, x8        x15=00000000 x15:00000000 x22:000000df  x8:00000000
16939171ns          286641 1c00821e 07c72403 lw               x8, 124(x14)         x8=00000001 x14:10000410  PA:1000048c
16939230ns          286644 1c008220 428a87b3 p.mac            x15, x21, x8        x15=000000de x15:00000000 x21:000000de  x8:00000001
16939250ns          286645 1c008224 0bc72403 lw               x8, 188(x14)         x8=00000000 x14:10000410  PA:100004cc
16939330ns          286649 1c008228 428a07b3 p.mac            x15, x20, x8        x15=000000de x15:000000de x20:00000024  x8:00000000
16939350ns          286650 1c00822c 0fc72403 lw               x8, 252(x14)         x8=00000000 x14:10000410  PA:1000050c
16939409ns          286653 1c008230 428087b3 p.mac            x15, x1, x8         x15=000000de x15:000000de  x1:00000025  x8:00000000
16939429ns          286654 1c008234 13c72403 lw               x8, 316(x14)         x8=00000000 x14:10000410  PA:1000054c
16939489ns          286657 1c008238 428387b3 p.mac            x15, x7, x8         x15=000000de x15:000000de  x7:000000db  x8:00000000
16939509ns          286658 1c00823c 17c72403 lw               x8, 380(x14)         x8=00000000 x14:10000410  PA:1000058c
16939568ns          286661 1c008240 428287b3 p.mac            x15, x5, x8         x15=000000de x15:000000de  x5:000000da  x8:00000000
16939588ns          286662 1c008244 1bc72403 lw               x8, 444(x14)         x8=00000000 x14:10000410  PA:100005cc
16939648ns          286665 1c008248 428f87b3 p.mac            x15, x31, x8        x15=000000de x15:000000de x31:00000028  x8:00000000
16939668ns          286666 1c00824c 1fc72403 lw               x8, 508(x14)         x8=00000000 x14:10000410  PA:1000060c
16939728ns          286669 1c008250 428f07b3 p.mac            x15, x30, x8        x15=000000de x15:000000de x30:00000029  x8:00000000
16939747ns          286670 1c008254 23c72403 lw               x8, 572(x14)         x8=00000000 x14:10000410  PA:1000064c
16939807ns          286673 1c008258 428e87b3 p.mac            x15, x29, x8        x15=000000de x15:000000de x29:000000d7  x8:00000000
16939827ns          286674 1c00825c 27c72403 lw               x8, 636(x14)         x8=00000001 x14:10000410  PA:1000068c
16939887ns          286677 1c008260 428e07b3 p.mac            x15, x28, x8        x15=000001b4 x15:000000de x28:000000d6  x8:00000001
16939907ns          286678 1c008264 2bc72403 lw               x8, 700(x14)         x8=00000000 x14:10000410  PA:100006cc
16939966ns          286681 1c008268 428307b3 p.mac            x15, x6, x8         x15=000001b4 x15:000001b4  x6:0000002c  x8:00000000
16939986ns          286682 1c00826c 2fc72403 lw               x8, 764(x14)         x8=00000000 x14:10000410  PA:1000070c
16940046ns          286685 1c008270 428887b3 p.mac            x15, x17, x8        x15=000001b4 x15:000001b4 x17:0000002d  x8:00000000
16940066ns          286686 1c008274 33c72403 lw               x8, 828(x14)         x8=00000000 x14:10000410  PA:1000074c
16940125ns          286689 1c008278 428807b3 p.mac            x15, x16, x8        x15=000001b4 x15:000001b4 x16:000000d3  x8:00000000
16940145ns          286690 1c00827c 37c72403 lw               x8, 892(x14)         x8=00000000 x14:10000410  PA:1000078c
16940205ns          286693 1c008280 428507b3 p.mac            x15, x10, x8        x15=000001b4 x15:000001b4 x10:000000d2  x8:00000000
16940225ns          286694 1c008284 3bc72403 lw               x8, 956(x14)         x8=00000000 x14:10000410  PA:100007cc
16940284ns          286697 1c008288 428587b3 p.mac            x15, x11, x8        x15=000001b4 x15:000001b4 x11:00000030  x8:00000000
16940304ns          286698 1c00828c 00f6222b p.sw             x15, 4(x12!)        x12=10000890 x15:000001b4 x12:1000088c  PA:1000088c
16940344ns          286700 1c008210 0047278b p.lw             x15, 4(x14!)        x15=00000001 x14=10000414 x14:10000410  PA:10000410
16940364ns          286701 1c008214 03c72403 lw               x8, 60(x14)          x8=00000000 x14:10000414  PA:10000450
16940384ns          286702 1c008216 02fb87b3 mul              x15, x23, x15       x15=00000021 x23:00000021 x15:00000001
16940404ns          286703 1c00821a 428b07b3 p.mac            x15, x22, x8        x15=00000021 x15:00000021 x22:000000df  x8:00000000
16940424ns          286704 1c00821e 07c72403 lw               x8, 124(x14)         x8=00000000 x14:10000414  PA:10000490
16940483ns          286707 1c008220 428a87b3 p.mac            x15, x21, x8        x15=00000021 x15:00000021 x21:000000de  x8:00000000
16940503ns          286708 1c008224 0bc72403 lw               x8, 188(x14)         x8=00000000 x14:10000414  PA:100004d0
16940583ns          286712 1c008228 428a07b3 p.mac            x15, x20, x8        x15=00000021 x15:00000021 x20:00000024  x8:00000000
16940603ns          286713 1c00822c 0fc72403 lw               x8, 252(x14)         x8=00000000 x14:10000414  PA:10000510
16940662ns          286716 1c008230 428087b3 p.mac            x15, x1, x8         x15=00000021 x15:00000021  x1:00000025  x8:00000000
16940682ns          286717 1c008234 13c72403 lw               x8, 316(x14)         x8=00000000 x14:10000414  PA:10000550
16940742ns          286720 1c008238 428387b3 p.mac            x15, x7, x8         x15=00000021 x15:00000021  x7:000000db  x8:00000000
16940762ns          286721 1c00823c 17c72403 lw               x8, 380(x14)         x8=00000000 x14:10000414  PA:10000590
16940822ns          286724 1c008240 428287b3 p.mac            x15, x5, x8         x15=00000021 x15:00000021  x5:000000da  x8:00000000
16940841ns          286725 1c008244 1bc72403 lw               x8, 444(x14)         x8=00000000 x14:10000414  PA:100005d0
16940901ns          286728 1c008248 428f87b3 p.mac            x15, x31, x8        x15=00000021 x15:00000021 x31:00000028  x8:00000000
16940921ns          286729 1c00824c 1fc72403 lw               x8, 508(x14)         x8=00000000 x14:10000414  PA:10000610
16940981ns          286732 1c008250 428f07b3 p.mac            x15, x30, x8        x15=00000021 x15:00000021 x30:00000029  x8:00000000
16941001ns          286733 1c008254 23c72403 lw               x8, 572(x14)         x8=00000000 x14:10000414  PA:10000650
16941060ns          286736 1c008258 428e87b3 p.mac            x15, x29, x8        x15=00000021 x15:00000021 x29:000000d7  x8:00000000
16941080ns          286737 1c00825c 27c72403 lw               x8, 636(x14)         x8=00000001 x14:10000414  PA:10000690
16941140ns          286740 1c008260 428e07b3 p.mac            x15, x28, x8        x15=000000f7 x15:00000021 x28:000000d6  x8:00000001
16941160ns          286741 1c008264 2bc72403 lw               x8, 700(x14)         x8=00000000 x14:10000414  PA:100006d0
16941219ns          286744 1c008268 428307b3 p.mac            x15, x6, x8         x15=000000f7 x15:000000f7  x6:0000002c  x8:00000000
16941239ns          286745 1c00826c 2fc72403 lw               x8, 764(x14)         x8=00000001 x14:10000414  PA:10000710
16941299ns          286748 1c008270 428887b3 p.mac            x15, x17, x8        x15=00000124 x15:000000f7 x17:0000002d  x8:00000001
16941319ns          286749 1c008274 33c72403 lw               x8, 828(x14)         x8=00000000 x14:10000414  PA:10000750
16941378ns          286752 1c008278 428807b3 p.mac            x15, x16, x8        x15=00000124 x15:00000124 x16:000000d3  x8:00000000
16941398ns          286753 1c00827c 37c72403 lw               x8, 892(x14)         x8=00000000 x14:10000414  PA:10000790
16941458ns          286756 1c008280 428507b3 p.mac            x15, x10, x8        x15=00000124 x15:00000124 x10:000000d2  x8:00000000
16941478ns          286757 1c008284 3bc72403 lw               x8, 956(x14)         x8=00000000 x14:10000414  PA:100007d0
16941538ns          286760 1c008288 428587b3 p.mac            x15, x11, x8        x15=00000124 x15:00000124 x11:00000030  x8:00000000
16941557ns          286761 1c00828c 00f6222b p.sw             x15, 4(x12!)        x12=10000894 x15:00000124 x12:10000890  PA:10000890
16941597ns          286763 1c008210 0047278b p.lw             x15, 4(x14!)        x15=00000000 x14=10000418 x14:10000414  PA:10000414
16941617ns          286764 1c008214 03c72403 lw               x8, 60(x14)          x8=00000000 x14:10000418  PA:10000454
16941637ns          286765 1c008216 02fb87b3 mul              x15, x23, x15       x15=00000000 x23:00000021 x15:00000000
16941657ns          286766 1c00821a 428b07b3 p.mac            x15, x22, x8        x15=00000000 x15:00000000 x22:000000df  x8:00000000
16941677ns          286767 1c00821e 07c72403 lw               x8, 124(x14)         x8=00000000 x14:10000418  PA:10000494
16941736ns          286770 1c008220 428a87b3 p.mac            x15, x21, x8        x15=00000000 x15:00000000 x21:000000de  x8:00000000
16941756ns          286771 1c008224 0bc72403 lw               x8, 188(x14)         x8=00000000 x14:10000418  PA:100004d4
16941836ns          286775 1c008228 428a07b3 p.mac            x15, x20, x8        x15=00000000 x15:00000000 x20:00000024  x8:00000000
16941856ns          286776 1c00822c 0fc72403 lw               x8, 252(x14)         x8=00000001 x14:10000418  PA:10000514
16941916ns          286779 1c008230 428087b3 p.mac            x15, x1, x8         x15=00000025 x15:00000000  x1:00000025  x8:00000001
16941935ns          286780 1c008234 13c72403 lw               x8, 316(x14)         x8=00000000 x14:10000418  PA:10000554
16941995ns          286783 1c008238 428387b3 p.mac            x15, x7, x8         x15=00000025 x15:00000025  x7:000000db  x8:00000000
16942015ns          286784 1c00823c 17c72403 lw               x8, 380(x14)         x8=00000000 x14:10000418  PA:10000594
16942075ns          286787 1c008240 428287b3 p.mac            x15, x5, x8         x15=00000025 x15:00000025  x5:000000da  x8:00000000
16942095ns          286788 1c008244 1bc72403 lw               x8, 444(x14)         x8=00000000 x14:10000418  PA:100005d4
16942154ns          286791 1c008248 428f87b3 p.mac            x15, x31, x8        x15=00000025 x15:00000025 x31:00000028  x8:00000000
16942174ns          286792 1c00824c 1fc72403 lw               x8, 508(x14)         x8=00000000 x14:10000418  PA:10000614
16942234ns          286795 1c008250 428f07b3 p.mac            x15, x30, x8        x15=00000025 x15:00000025 x30:00000029  x8:00000000
16942254ns          286796 1c008254 23c72403 lw               x8, 572(x14)         x8=00000001 x14:10000418  PA:10000654
16942313ns          286799 1c008258 428e87b3 p.mac            x15, x29, x8        x15=000000fc x15:00000025 x29:000000d7  x8:00000001
16942333ns          286800 1c00825c 27c72403 lw               x8, 636(x14)         x8=00000000 x14:10000418  PA:10000694
16942393ns          286803 1c008260 428e07b3 p.mac            x15, x28, x8        x15=000000fc x15:000000fc x28:000000d6  x8:00000000
16942413ns          286804 1c008264 2bc72403 lw               x8, 700(x14)         x8=00000000 x14:10000418  PA:100006d4
16942472ns          286807 1c008268 428307b3 p.mac            x15, x6, x8         x15=000000fc x15:000000fc  x6:0000002c  x8:00000000
16942492ns          286808 1c00826c 2fc72403 lw               x8, 764(x14)         x8=00000000 x14:10000418  PA:10000714
16942552ns          286811 1c008270 428887b3 p.mac            x15, x17, x8        x15=000000fc x15:000000fc x17:0000002d  x8:00000000
16942572ns          286812 1c008274 33c72403 lw               x8, 828(x14)         x8=00000000 x14:10000418  PA:10000754
16942632ns          286815 1c008278 428807b3 p.mac            x15, x16, x8        x15=000000fc x15:000000fc x16:000000d3  x8:00000000
16942651ns          286816 1c00827c 37c72403 lw               x8, 892(x14)         x8=00000000 x14:10000418  PA:10000794
16942711ns          286819 1c008280 428507b3 p.mac            x15, x10, x8        x15=000000fc x15:000000fc x10:000000d2  x8:00000000
16942731ns          286820 1c008284 3bc72403 lw               x8, 956(x14)         x8=00000000 x14:10000418  PA:100007d4
16942791ns          286823 1c008288 428587b3 p.mac            x15, x11, x8        x15=000000fc x15:000000fc x11:00000030  x8:00000000
16942811ns          286824 1c00828c 00f6222b p.sw             x15, 4(x12!)        x12=10000898 x15:000000fc x12:10000894  PA:10000894
16942850ns          286826 1c008210 0047278b p.lw             x15, 4(x14!)        x15=00000000 x14=1000041c x14:10000418  PA:10000418
16942870ns          286827 1c008214 03c72403 lw               x8, 60(x14)          x8=00000000 x14:1000041c  PA:10000458
16942890ns          286828 1c008216 02fb87b3 mul              x15, x23, x15       x15=00000000 x23:00000021 x15:00000000
16942910ns          286829 1c00821a 428b07b3 p.mac            x15, x22, x8        x15=00000000 x15:00000000 x22:000000df  x8:00000000
16942930ns          286830 1c00821e 07c72403 lw               x8, 124(x14)         x8=00000000 x14:1000041c  PA:10000498
16942990ns          286833 1c008220 428a87b3 p.mac            x15, x21, x8        x15=00000000 x15:00000000 x21:000000de  x8:00000000
16943010ns          286834 1c008224 0bc72403 lw               x8, 188(x14)         x8=00000000 x14:1000041c  PA:100004d8
16943089ns          286838 1c008228 428a07b3 p.mac            x15, x20, x8        x15=00000000 x15:00000000 x20:00000024  x8:00000000
16943109ns          286839 1c00822c 0fc72403 lw               x8, 252(x14)         x8=00000000 x14:1000041c  PA:10000518
16943169ns          286842 1c008230 428087b3 p.mac            x15, x1, x8         x15=00000000 x15:00000000  x1:00000025  x8:00000000
16943189ns          286843 1c008234 13c72403 lw               x8, 316(x14)         x8=00000000 x14:1000041c  PA:10000558
16943248ns          286846 1c008238 428387b3 p.mac            x15, x7, x8         x15=00000000 x15:00000000  x7:000000db  x8:00000000
16943268ns          286847 1c00823c 17c72403 lw               x8, 380(x14)         x8=00000000 x14:1000041c  PA:10000598
16943328ns          286850 1c008240 428287b3 p.mac            x15, x5, x8         x15=00000000 x15:00000000  x5:000000da  x8:00000000
16943348ns          286851 1c008244 1bc72403 lw               x8, 444(x14)         x8=00000000 x14:1000041c  PA:100005d8
16943407ns          286854 1c008248 428f87b3 p.mac            x15, x31, x8        x15=00000000 x15:00000000 x31:00000028  x8:00000000
16943427ns          286855 1c00824c 1fc72403 lw               x8, 508(x14)         x8=00000000 x14:1000041c  PA:10000618
16943487ns          286858 1c008250 428f07b3 p.mac            x15, x30, x8        x15=00000000 x15:00000000 x30:00000029  x8:00000000
16943507ns          286859 1c008254 23c72403 lw               x8, 572(x14)         x8=00000000 x14:1000041c  PA:10000658
16943566ns          286862 1c008258 428e87b3 p.mac            x15, x29, x8        x15=00000000 x15:00000000 x29:000000d7  x8:00000000
16943586ns          286863 1c00825c 27c72403 lw               x8, 636(x14)         x8=00000000 x14:1000041c  PA:10000698
16943646ns          286866 1c008260 428e07b3 p.mac            x15, x28, x8        x15=00000000 x15:00000000 x28:000000d6  x8:00000000
16943666ns          286867 1c008264 2bc72403 lw               x8, 700(x14)         x8=00000000 x14:1000041c  PA:100006d8
16943726ns          286870 1c008268 428307b3 p.mac            x15, x6, x8         x15=00000000 x15:00000000  x6:0000002c  x8:00000000
16943745ns          286871 1c00826c 2fc72403 lw               x8, 764(x14)         x8=00000000 x14:1000041c  PA:10000718
16943805ns          286874 1c008270 428887b3 p.mac            x15, x17, x8        x15=00000000 x15:00000000 x17:0000002d  x8:00000000
16943825ns          286875 1c008274 33c72403 lw               x8, 828(x14)         x8=00000000 x14:1000041c  PA:10000758
16943885ns          286878 1c008278 428807b3 p.mac            x15, x16, x8        x15=00000000 x15:00000000 x16:000000d3  x8:00000000
16943905ns          286879 1c00827c 37c72403 lw               x8, 892(x14)         x8=00000000 x14:1000041c  PA:10000798
16943964ns          286882 1c008280 428507b3 p.mac            x15, x10, x8        x15=00000000 x15:00000000 x10:000000d2  x8:00000000
16943984ns          286883 1c008284 3bc72403 lw               x8, 956(x14)         x8=00000000 x14:1000041c  PA:100007d8
16944044ns          286886 1c008288 428587b3 p.mac            x15, x11, x8        x15=00000000 x15:00000000 x11:00000030  x8:00000000
16944064ns          286887 1c00828c 00f6222b p.sw             x15, 4(x12!)        x12=1000089c x15:00000000 x12:10000898  PA:10000898
16944103ns          286889 1c008210 0047278b p.lw             x15, 4(x14!)        x15=00000000 x14=10000420 x14:1000041c  PA:1000041c
16944123ns          286890 1c008214 03c72403 lw               x8, 60(x14)          x8=00000001 x14:10000420  PA:1000045c
16944143ns          286891 1c008216 02fb87b3 mul              x15, x23, x15       x15=00000000 x23:00000021 x15:00000000
16944163ns          286892 1c00821a 428b07b3 p.mac            x15, x22, x8        x15=000000df x15:00000000 x22:000000df  x8:00000001
16944183ns          286893 1c00821e 07c72403 lw               x8, 124(x14)         x8=00000001 x14:10000420  PA:1000049c
16944243ns          286896 1c008220 428a87b3 p.mac            x15, x21, x8        x15=000001bd x15:000000df x21:000000de  x8:00000001
16944263ns          286897 1c008224 0bc72403 lw               x8, 188(x14)         x8=00000000 x14:10000420  PA:100004dc
16944342ns          286901 1c008228 428a07b3 p.mac            x15, x20, x8        x15=000001bd x15:000001bd x20:00000024  x8:00000000
16944362ns          286902 1c00822c 0fc72403 lw               x8, 252(x14)         x8=00000000 x14:10000420  PA:1000051c
16944422ns          286905 1c008230 428087b3 p.mac            x15, x1, x8         x15=000001bd x15:000001bd  x1:00000025  x8:00000000
16944442ns          286906 1c008234 13c72403 lw               x8, 316(x14)         x8=00000001 x14:10000420  PA:1000055c
16944501ns          286909 1c008238 428387b3 p.mac            x15, x7, x8         x15=00000298 x15:000001bd  x7:000000db  x8:00000001
16944521ns          286910 1c00823c 17c72403 lw               x8, 380(x14)         x8=00000000 x14:10000420  PA:1000059c
16944581ns          286913 1c008240 428287b3 p.mac            x15, x5, x8         x15=00000298 x15:00000298  x5:000000da  x8:00000000
16944601ns          286914 1c008244 1bc72403 lw               x8, 444(x14)         x8=00000000 x14:10000420  PA:100005dc
16944660ns          286917 1c008248 428f87b3 p.mac            x15, x31, x8        x15=00000298 x15:00000298 x31:00000028  x8:00000000
16944680ns          286918 1c00824c 1fc72403 lw               x8, 508(x14)         x8=00000000 x14:10000420  PA:1000061c
16944740ns          286921 1c008250 428f07b3 p.mac            x15, x30, x8        x15=00000298 x15:00000298 x30:00000029  x8:00000000
16944760ns          286922 1c008254 23c72403 lw               x8, 572(x14)         x8=00000000 x14:10000420  PA:1000065c
16944820ns          286925 1c008258 428e87b3 p.mac            x15, x29, x8        x15=00000298 x15:00000298 x29:000000d7  x8:00000000
16944839ns          286926 1c00825c 27c72403 lw               x8, 636(x14)         x8=00000000 x14:10000420  PA:1000069c
16944899ns          286929 1c008260 428e07b3 p.mac            x15, x28, x8        x15=00000298 x15:00000298 x28:000000d6  x8:00000000
16944919ns          286930 1c008264 2bc72403 lw               x8, 700(x14)         x8=00000000 x14:10000420  PA:100006dc
16944979ns          286933 1c008268 428307b3 p.mac            x15, x6, x8         x15=00000298 x15:00000298  x6:0000002c  x8:00000000
16944999ns          286934 1c00826c 2fc72403 lw               x8, 764(x14)         x8=00000000 x14:10000420  PA:1000071c
16945058ns          286937 1c008270 428887b3 p.mac            x15, x17, x8        x15=00000298 x15:00000298 x17:0000002d  x8:00000000
16945078ns          286938 1c008274 33c72403 lw               x8, 828(x14)         x8=00000000 x14:10000420  PA:1000075c
16945138ns          286941 1c008278 428807b3 p.mac            x15, x16, x8        x15=00000298 x15:00000298 x16:000000d3  x8:00000000
16945158ns          286942 1c00827c 37c72403 lw               x8, 892(x14)         x8=00000000 x14:10000420  PA:1000079c
16945217ns          286945 1c008280 428507b3 p.mac            x15, x10, x8        x15=00000298 x15:00000298 x10:000000d2  x8:00000000
16945237ns          286946 1c008284 3bc72403 lw               x8, 956(x14)         x8=00000000 x14:10000420  PA:100007dc
16945297ns          286949 1c008288 428587b3 p.mac            x15, x11, x8        x15=00000298 x15:00000298 x11:00000030  x8:00000000
16945317ns          286950 1c00828c 00f6222b p.sw             x15, 4(x12!)        x12=100008a0 x15:00000298 x12:1000089c  PA:1000089c
16945357ns          286952 1c008210 0047278b p.lw             x15, 4(x14!)        x15=00000000 x14=10000424 x14:10000420  PA:10000420
16945377ns          286953 1c008214 03c72403 lw               x8, 60(x14)          x8=00000000 x14:10000424  PA:10000460
16945396ns          286954 1c008216 02fb87b3 mul              x15, x23, x15       x15=00000000 x23:00000021 x15:00000000
16945416ns          286955 1c00821a 428b07b3 p.mac            x15, x22, x8        x15=00000000 x15:00000000 x22:000000df  x8:00000000
16945436ns          286956 1c00821e 07c72403 lw               x8, 124(x14)         x8=00000000 x14:10000424  PA:100004a0
16945496ns          286959 1c008220 428a87b3 p.mac            x15, x21, x8        x15=00000000 x15:00000000 x21:000000de  x8:00000000
16945516ns          286960 1c008224 0bc72403 lw               x8, 188(x14)         x8=00000000 x14:10000424  PA:100004e0
16945595ns          286964 1c008228 428a07b3 p.mac            x15, x20, x8        x15=00000000 x15:00000000 x20:00000024  x8:00000000
16945615ns          286965 1c00822c 0fc72403 lw               x8, 252(x14)         x8=00000000 x14:10000424  PA:10000520
16945675ns          286968 1c008230 428087b3 p.mac            x15, x1, x8         x15=00000000 x15:00000000  x1:00000025  x8:00000000
16945695ns          286969 1c008234 13c72403 lw               x8, 316(x14)         x8=00000000 x14:10000424  PA:10000560
16945754ns          286972 1c008238 428387b3 p.mac            x15, x7, x8         x15=00000000 x15:00000000  x7:000000db  x8:00000000
16945774ns          286973 1c00823c 17c72403 lw               x8, 380(x14)         x8=00000000 x14:10000424  PA:100005a0
16945834ns          286976 1c008240 428287b3 p.mac            x15, x5, x8         x15=00000000 x15:00000000  x5:000000da  x8:00000000
16945854ns          286977 1c008244 1bc72403 lw               x8, 444(x14)         x8=00000000 x14:10000424  PA:100005e0
16945914ns          286980 1c008248 428f87b3 p.mac            x15, x31, x8        x15=00000000 x15:00000000 x31:00000028  x8:00000000
16945933ns          286981 1c00824c 1fc72403 lw               x8, 508(x14)         x8=00000001 x14:10000424  PA:10000620
16945993ns          286984 1c008250 428f07b3 p.mac            x15, x30, x8        x15=00000029 x15:00000000 x30:00000029  x8:00000001
16946013ns          286985 1c008254 23c72403 lw               x8, 572(x14)         x8=00000000 x14:10000424  PA:10000660
16946073ns          286988 1c008258 428e87b3 p.mac            x15, x29, x8        x15=00000029 x15:00000029 x29:000000d7  x8:00000000
16946093ns          286989 1c00825c 27c72403 lw               x8, 636(x14)         x8=00000000 x14:10000424  PA:100006a0
16946152ns          286992 1c008260 428e07b3 p.mac            x15, x28, x8        x15=00000029 x15:00000029 x28:000000d6  x8:00000000
16946172ns          286993 1c008264 2bc72403 lw               x8, 700(x14)         x8=00000000 x14:10000424  PA:100006e0
16946232ns          286996 1c008268 428307b3 p.mac            x15, x6, x8         x15=00000029 x15:00000029  x6:0000002c  x8:00000000
16946252ns          286997 1c00826c 2fc72403 lw               x8, 764(x14)         x8=00000001 x14:10000424  PA:10000720
16946311ns          287000 1c008270 428887b3 p.mac            x15, x17, x8        x15=00000056 x15:00000029 x17:0000002d  x8:00000001
16946331ns          287001 1c008274 33c72403 lw               x8, 828(x14)         x8=00000000 x14:10000424  PA:10000760
16946391ns          287004 1c008278 428807b3 p.mac            x15, x16, x8        x15=00000056 x15:00000056 x16:000000d3  x8:00000000
16946411ns          287005 1c00827c 37c72403 lw               x8, 892(x14)         x8=00000000 x14:10000424  PA:100007a0
16946470ns          287008 1c008280 428507b3 p.mac            x15, x10, x8        x15=00000056 x15:00000056 x10:000000d2  x8:00000000
16946490ns          287009 1c008284 3bc72403 lw               x8, 956(x14)         x8=00000000 x14:10000424  PA:100007e0
16946550ns          287012 1c008288 428587b3 p.mac            x15, x11, x8        x15=00000056 x15:00000056 x11:00000030  x8:00000000
16946570ns          287013 1c00828c 00f6222b p.sw             x15, 4(x12!)        x12=100008a4 x15:00000056 x12:100008a0  PA:100008a0
16946610ns          287015 1c008210 0047278b p.lw             x15, 4(x14!)        x15=00000000 x14=10000428 x14:10000424  PA:10000424
16946630ns          287016 1c008214 03c72403 lw               x8, 60(x14)          x8=00000000 x14:10000428  PA:10000464
16946650ns          287017 1c008216 02fb87b3 mul              x15, x23, x15       x15=00000000 x23:00000021 x15:00000000
16946669ns          287018 1c00821a 428b07b3 p.mac            x15, x22, x8        x15=00000000 x15:00000000 x22:000000df  x8:00000000
16946689ns          287019 1c00821e 07c72403 lw               x8, 124(x14)         x8=00000001 x14:10000428  PA:100004a4
16946749ns          287022 1c008220 428a87b3 p.mac            x15, x21, x8        x15=000000de x15:00000000 x21:000000de  x8:00000001
16946769ns          287023 1c008224 0bc72403 lw               x8, 188(x14)         x8=00000000 x14:10000428  PA:100004e4
16946848ns          287027 1c008228 428a07b3 p.mac            x15, x20, x8        x15=000000de x15:000000de x20:00000024  x8:00000000
16946868ns          287028 1c00822c 0fc72403 lw               x8, 252(x14)         x8=00000000 x14:10000428  PA:10000524
16946928ns          287031 1c008230 428087b3 p.mac            x15, x1, x8         x15=000000de x15:000000de  x1:00000025  x8:00000000
16946948ns          287032 1c008234 13c72403 lw               x8, 316(x14)         x8=00000000 x14:10000428  PA:10000564
16947008ns          287035 1c008238 428387b3 p.mac            x15, x7, x8         x15=000000de x15:000000de  x7:000000db  x8:00000000
16947027ns          287036 1c00823c 17c72403 lw               x8, 380(x14)         x8=00000000 x14:10000428  PA:100005a4
16947087ns          287039 1c008240 428287b3 p.mac            x15, x5, x8         x15=000000de x15:000000de  x5:000000da  x8:00000000
16947107ns          287040 1c008244 1bc72403 lw               x8, 444(x14)         x8=00000000 x14:10000428  PA:100005e4
16947167ns          287043 1c008248 428f87b3 p.mac            x15, x31, x8        x15=000000de x15:000000de x31:00000028  x8:00000000
16947187ns          287044 1c00824c 1fc72403 lw               x8, 508(x14)         x8=00000000 x14:10000428  PA:10000624
16947246ns          287047 1c008250 428f07b3 p.mac            x15, x30, x8        x15=000000de x15:000000de x30:00000029  x8:00000000
16947266ns          287048 1c008254 23c72403 lw               x8, 572(x14)         x8=00000000 x14:10000428  PA:10000664
16947326ns          287051 1c008258 428e87b3 p.mac            x15, x29, x8        x15=000000de x15:000000de x29:000000d7  x8:00000000
16947346ns          287052 1c00825c 27c72403 lw               x8, 636(x14)         x8=00000000 x14:10000428  PA:100006a4
16947405ns          287055 1c008260 428e07b3 p.mac            x15, x28, x8        x15=000000de x15:000000de x28:000000d6  x8:00000000
16947425ns          287056 1c008264 2bc72403 lw               x8, 700(x14)         x8=00000000 x14:10000428  PA:100006e4
16947485ns          287059 1c008268 428307b3 p.mac            x15, x6, x8         x15=000000de x15:000000de  x6:0000002c  x8:00000000
16947505ns          287060 1c00826c 2fc72403 lw               x8, 764(x14)         x8=00000001 x14:10000428  PA:10000724
16947564ns          287063 1c008270 428887b3 p.mac            x15, x17, x8        x15=0000010b x15:000000de x17:0000002d  x8:00000001
16947584ns          287064 1c008274 33c72403 lw               x8, 828(x14)         x8=00000001 x14:10000428  PA:10000764
16947644ns          287067 1c008278 428807b3 p.mac            x15, x16, x8        x15=000001de x15:0000010b x16:000000d3  x8:00000001
16947664ns          287068 1c00827c 37c72403 lw               x8, 892(x14)         x8=00000000 x14:10000428  PA:100007a4
16947724ns          287071 1c008280 428507b3 p.mac            x15, x10, x8        x15=000001de x15:000001de x10:000000d2  x8:00000000
16947744ns          287072 1c008284 3bc72403 lw               x8, 956(x14)         x8=00000000 x14:10000428  PA:100007e4
16947803ns          287075 1c008288 428587b3 p.mac            x15, x11, x8        x15=000001de x15:000001de x11:00000030  x8:00000000
16947823ns          287076 1c00828c 00f6222b p.sw             x15, 4(x12!)        x12=100008a8 x15:000001de x12:100008a4  PA:100008a4
16947863ns          287078 1c008210 0047278b p.lw             x15, 4(x14!)        x15=00000000 x14=1000042c x14:10000428  PA:10000428
16947883ns          287079 1c008214 03c72403 lw               x8, 60(x14)          x8=00000000 x14:1000042c  PA:10000468
16947903ns          287080 1c008216 02fb87b3 mul              x15, x23, x15       x15=00000000 x23:00000021 x15:00000000
16947923ns          287081 1c00821a 428b07b3 p.mac            x15, x22, x8        x15=00000000 x15:00000000 x22:000000df  x8:00000000
16947942ns          287082 1c00821e 07c72403 lw               x8, 124(x14)         x8=00000000 x14:1000042c  PA:100004a8
16948002ns          287085 1c008220 428a87b3 p.mac            x15, x21, x8        x15=00000000 x15:00000000 x21:000000de  x8:00000000
16948022ns          287086 1c008224 0bc72403 lw               x8, 188(x14)         x8=00000000 x14:1000042c  PA:100004e8
16948102ns          287090 1c008228 428a07b3 p.mac            x15, x20, x8        x15=00000000 x15:00000000 x20:00000024  x8:00000000
16948121ns          287091 1c00822c 0fc72403 lw               x8, 252(x14)         x8=00000000 x14:1000042c  PA:10000528
16948181ns          287094 1c008230 428087b3 p.mac            x15, x1, x8         x15=00000000 x15:00000000  x1:00000025  x8:00000000
16948201ns          287095 1c008234 13c72403 lw               x8, 316(x14)         x8=00000000 x14:1000042c  PA:10000568
16948261ns          287098 1c008238 428387b3 p.mac            x15, x7, x8         x15=00000000 x15:00000000  x7:000000db  x8:00000000
16948281ns          287099 1c00823c 17c72403 lw               x8, 380(x14)         x8=00000000 x14:1000042c  PA:100005a8
16948340ns          287102 1c008240 428287b3 p.mac            x15, x5, x8         x15=00000000 x15:00000000  x5:000000da  x8:00000000
16948360ns          287103 1c008244 1bc72403 lw               x8, 444(x14)         x8=00000000 x14:1000042c  PA:100005e8
16948420ns          287106 1c008248 428f87b3 p.mac            x15, x31, x8        x15=00000000 x15:00000000 x31:00000028  x8:00000000
16948440ns          287107 1c00824c 1fc72403 lw               x8, 508(x14)         x8=00000000 x14:1000042c  PA:10000628
16948499ns          287110 1c008250 428f07b3 p.mac            x15, x30, x8        x15=00000000 x15:00000000 x30:00000029  x8:00000000
16948519ns          287111 1c008254 23c72403 lw               x8, 572(x14)         x8=00000000 x14:1000042c  PA:10000668
16948579ns          287114 1c008258 428e87b3 p.mac            x15, x29, x8        x15=00000000 x15:00000000 x29:000000d7  x8:00000000
16948599ns          287115 1c00825c 27c72403 lw               x8, 636(x14)         x8=00000000 x14:1000042c  PA:100006a8
16948658ns          287118 1c008260 428e07b3 p.mac            x15, x28, x8        x15=00000000 x15:00000000 x28:000000d6  x8:00000000
16948678ns          287119 1c008264 2bc72403 lw               x8, 700(x14)         x8=00000000 x14:1000042c  PA:100006e8
16948738ns          287122 1c008268 428307b3 p.mac            x15, x6, x8         x15=00000000 x15:00000000  x6:0000002c  x8:00000000
16948758ns          287123 1c00826c 2fc72403 lw               x8, 764(x14)         x8=00000000 x14:1000042c  PA:10000728
16948818ns          287126 1c008270 428887b3 p.mac            x15, x17, x8        x15=00000000 x15:00000000 x17:0000002d  x8:00000000
16948837ns          287127 1c008274 33c72403 lw               x8, 828(x14)         x8=00000000 x14:1000042c  PA:10000768
16948897ns          287130 1c008278 428807b3 p.mac            x15, x16, x8        x15=00000000 x15:00000000 x16:000000d3  x8:00000000
16948917ns          287131 1c00827c 37c72403 lw               x8, 892(x14)         x8=00000000 x14:1000042c  PA:100007a8
16948977ns          287134 1c008280 428507b3 p.mac            x15, x10, x8        x15=00000000 x15:00000000 x10:000000d2  x8:00000000
16948997ns          287135 1c008284 3bc72403 lw               x8, 956(x14)         x8=00000000 x14:1000042c  PA:100007e8
16949056ns          287138 1c008288 428587b3 p.mac            x15, x11, x8        x15=00000000 x15:00000000 x11:00000030  x8:00000000
16949076ns          287139 1c00828c 00f6222b p.sw             x15, 4(x12!)        x12=100008ac x15:00000000 x12:100008a8  PA:100008a8
16949116ns          287141 1c008210 0047278b p.lw             x15, 4(x14!)        x15=00000000 x14=10000430 x14:1000042c  PA:1000042c
16949136ns          287142 1c008214 03c72403 lw               x8, 60(x14)          x8=00000000 x14:10000430  PA:1000046c
16949156ns          287143 1c008216 02fb87b3 mul              x15, x23, x15       x15=00000000 x23:00000021 x15:00000000
16949176ns          287144 1c00821a 428b07b3 p.mac            x15, x22, x8        x15=00000000 x15:00000000 x22:000000df  x8:00000000
16949196ns          287145 1c00821e 07c72403 lw               x8, 124(x14)         x8=00000000 x14:10000430  PA:100004ac
16949255ns          287148 1c008220 428a87b3 p.mac            x15, x21, x8        x15=00000000 x15:00000000 x21:000000de  x8:00000000
16949275ns          287149 1c008224 0bc72403 lw               x8, 188(x14)         x8=00000000 x14:10000430  PA:100004ec
16949355ns          287153 1c008228 428a07b3 p.mac            x15, x20, x8        x15=00000000 x15:00000000 x20:00000024  x8:00000000
16949375ns          287154 1c00822c 0fc72403 lw               x8, 252(x14)         x8=00000000 x14:10000430  PA:1000052c
16949434ns          287157 1c008230 428087b3 p.mac            x15, x1, x8         x15=00000000 x15:00000000  x1:00000025  x8:00000000
16949454ns          287158 1c008234 13c72403 lw               x8, 316(x14)         x8=00000000 x14:10000430  PA:1000056c
16949514ns          287161 1c008238 428387b3 p.mac            x15, x7, x8         x15=00000000 x15:00000000  x7:000000db  x8:00000000
16949534ns          287162 1c00823c 17c72403 lw               x8, 380(x14)         x8=00000001 x14:10000430  PA:100005ac
16949593ns          287165 1c008240 428287b3 p.mac            x15, x5, x8         x15=000000da x15:00000000  x5:000000da  x8:00000001
16949613ns          287166 1c008244 1bc72403 lw               x8, 444(x14)         x8=00000000 x14:10000430  PA:100005ec
16949673ns          287169 1c008248 428f87b3 p.mac            x15, x31, x8        x15=000000da x15:000000da x31:00000028  x8:00000000
16949693ns          287170 1c00824c 1fc72403 lw               x8, 508(x14)         x8=00000000 x14:10000430  PA:1000062c
16949752ns          287173 1c008250 428f07b3 p.mac            x15, x30, x8        x15=000000da x15:000000da x30:00000029  x8:00000000
16949772ns          287174 1c008254 23c72403 lw               x8, 572(x14)         x8=00000000 x14:10000430  PA:1000066c
16949832ns          287177 1c008258 428e87b3 p.mac            x15, x29, x8        x15=000000da x15:000000da x29:000000d7  x8:00000000
16949852ns          287178 1c00825c 27c72403 lw               x8, 636(x14)         x8=00000001 x14:10000430  PA:100006ac
16949912ns          287181 1c008260 428e07b3 p.mac            x15, x28, x8        x15=000001b0 x15:000000da x28:000000d6  x8:00000001
16949931ns          287182 1c008264 2bc72403 lw               x8, 700(x14)         x8=00000000 x14:10000430  PA:100006ec
16949991ns          287185 1c008268 428307b3 p.mac            x15, x6, x8         x15=000001b0 x15:000001b0  x6:0000002c  x8:00000000
16950011ns          287186 1c00826c 2fc72403 lw               x8, 764(x14)         x8=00000000 x14:10000430  PA:1000072c
16950071ns          287189 1c008270 428887b3 p.mac            x15, x17, x8        x15=000001b0 x15:000001b0 x17:0000002d  x8:00000000
16950091ns          287190 1c008274 33c72403 lw               x8, 828(x14)         x8=00000000 x14:10000430  PA:1000076c
16950150ns          287193 1c008278 428807b3 p.mac            x15, x16, x8        x15=000001b0 x15:000001b0 x16:000000d3  x8:00000000
16950170ns          287194 1c00827c 37c72403 lw               x8, 892(x14)         x8=00000000 x14:10000430  PA:100007ac
16950230ns          287197 1c008280 428507b3 p.mac            x15, x10, x8        x15=000001b0 x15:000001b0 x10:000000d2  x8:00000000
16950250ns          287198 1c008284 3bc72403 lw               x8, 956(x14)         x8=00000000 x14:10000430  PA:100007ec
16950309ns          287201 1c008288 428587b3 p.mac            x15, x11, x8        x15=000001b0 x15:000001b0 x11:00000030  x8:00000000
16950329ns          287202 1c00828c 00f6222b p.sw             x15, 4(x12!)        x12=100008b0 x15:000001b0 x12:100008ac  PA:100008ac
16950369ns          287204 1c008210 0047278b p.lw             x15, 4(x14!)        x15=00000000 x14=10000434 x14:10000430  PA:10000430
16950389ns          287205 1c008214 03c72403 lw               x8, 60(x14)          x8=00000000 x14:10000434  PA:10000470
16950409ns          287206 1c008216 02fb87b3 mul              x15, x23, x15       x15=00000000 x23:00000021 x15:00000000
16950429ns          287207 1c00821a 428b07b3 p.mac            x15, x22, x8        x15=00000000 x15:00000000 x22:000000df  x8:00000000
16950449ns          287208 1c00821e 07c72403 lw               x8, 124(x14)         x8=00000000 x14:10000434  PA:100004b0
16950508ns          287211 1c008220 428a87b3 p.mac            x15, x21, x8        x15=00000000 x15:00000000 x21:000000de  x8:00000000
16950528ns          287212 1c008224 0bc72403 lw               x8, 188(x14)         x8=00000001 x14:10000434  PA:100004f0
16950608ns          287216 1c008228 428a07b3 p.mac            x15, x20, x8        x15=00000024 x15:00000000 x20:00000024  x8:00000001
16950628ns          287217 1c00822c 0fc72403 lw               x8, 252(x14)         x8=00000001 x14:10000434  PA:10000530
16950687ns          287220 1c008230 428087b3 p.mac            x15, x1, x8         x15=00000049 x15:00000024  x1:00000025  x8:00000001
16950707ns          287221 1c008234 13c72403 lw               x8, 316(x14)         x8=00000000 x14:10000434  PA:10000570
16950767ns          287224 1c008238 428387b3 p.mac            x15, x7, x8         x15=00000049 x15:00000049  x7:000000db  x8:00000000
16950787ns          287225 1c00823c 17c72403 lw               x8, 380(x14)         x8=00000000 x14:10000434  PA:100005b0
16950846ns          287228 1c008240 428287b3 p.mac            x15, x5, x8         x15=00000049 x15:00000049  x5:000000da  x8:00000000
16950866ns          287229 1c008244 1bc72403 lw               x8, 444(x14)         x8=00000000 x14:10000434  PA:100005f0
16950926ns          287232 1c008248 428f87b3 p.mac            x15, x31, x8        x15=00000049 x15:00000049 x31:00000028  x8:00000000
16950946ns          287233 1c00824c 1fc72403 lw               x8, 508(x14)         x8=00000000 x14:10000434  PA:10000630
16951006ns          287236 1c008250 428f07b3 p.mac            x15, x30, x8        x15=00000049 x15:00000049 x30:00000029  x8:00000000
16951025ns          287237 1c008254 23c72403 lw               x8, 572(x14)         x8=00000000 x14:10000434  PA:10000670
16951085ns          287240 1c008258 428e87b3 p.mac            x15, x29, x8        x15=00000049 x15:00000049 x29:000000d7  x8:00000000
16951105ns          287241 1c00825c 27c72403 lw               x8, 636(x14)         x8=00000001 x14:10000434  PA:100006b0
16951165ns          287244 1c008260 428e07b3 p.mac            x15, x28, x8        x15=0000011f x15:00000049 x28:000000d6  x8:00000001
16951185ns          287245 1c008264 2bc72403 lw               x8, 700(x14)         x8=00000000 x14:10000434  PA:100006f0
16951244ns          287248 1c008268 428307b3 p.mac            x15, x6, x8         x15=0000011f x15:0000011f  x6:0000002c  x8:00000000
16951264ns          287249 1c00826c 2fc72403 lw               x8, 764(x14)         x8=00000001 x14:10000434  PA:10000730
16951324ns          287252 1c008270 428887b3 p.mac            x15, x17, x8        x15=0000014c x15:0000011f x17:0000002d  x8:00000001
16951344ns          287253 1c008274 33c72403 lw               x8, 828(x14)         x8=00000000 x14:10000434  PA:10000770
16951403ns          287256 1c008278 428807b3 p.mac            x15, x16, x8        x15=0000014c x15:0000014c x16:000000d3  x8:00000000
16951423ns          287257 1c00827c 37c72403 lw               x8, 892(x14)         x8=00000000 x14:10000434  PA:100007b0
16951483ns          287260 1c008280 428507b3 p.mac            x15, x10, x8        x15=0000014c x15:0000014c x10:000000d2  x8:00000000
16951503ns          287261 1c008284 3bc72403 lw               x8, 956(x14)         x8=00000000 x14:10000434  PA:100007f0
16951563ns          287264 1c008288 428587b3 p.mac            x15, x11, x8        x15=0000014c x15:0000014c x11:00000030  x8:00000000
16951582ns          287265 1c00828c 00f6222b p.sw             x15, 4(x12!)        x12=100008b4 x15:0000014c x12:100008b0  PA:100008b0
16951622ns          287267 1c008210 0047278b p.lw             x15, 4(x14!)        x15=00000000 x14=10000438 x14:10000434  PA:10000434
16951642ns          287268 1c008214 03c72403 lw               x8, 60(x14)          x8=00000000 x14:10000438  PA:10000474
16951662ns          287269 1c008216 02fb87b3 mul              x15, x23, x15       x15=00000000 x23:00000021 x15:00000000
16951682ns          287270 1c00821a 428b07b3 p.mac            x15, x22, x8        x15=00000000 x15:00000000 x22:000000df  x8:00000000
16951702ns          287271 1c00821e 07c72403 lw               x8, 124(x14)         x8=00000000 x14:10000438  PA:100004b4
16951761ns          287274 1c008220 428a87b3 p.mac            x15, x21, x8        x15=00000000 x15:00000000 x21:000000de  x8:00000000
16951781ns          287275 1c008224 0bc72403 lw               x8, 188(x14)         x8=00000001 x14:10000438  PA:100004f4
16951861ns          287279 1c008228 428a07b3 p.mac            x15, x20, x8        x15=00000024 x15:00000000 x20:00000024  x8:00000001
16951881ns          287280 1c00822c 0fc72403 lw               x8, 252(x14)         x8=00000000 x14:10000438  PA:10000534
16951940ns          287283 1c008230 428087b3 p.mac            x15, x1, x8         x15=00000024 x15:00000024  x1:00000025  x8:00000000
16951960ns          287284 1c008234 13c72403 lw               x8, 316(x14)         x8=00000000 x14:10000438  PA:10000574
16952020ns          287287 1c008238 428387b3 p.mac            x15, x7, x8         x15=00000024 x15:00000024  x7:000000db  x8:00000000
16952040ns          287288 1c00823c 17c72403 lw               x8, 380(x14)         x8=00000000 x14:10000438  PA:100005b4
16952100ns          287291 1c008240 428287b3 p.mac            x15, x5, x8         x15=00000024 x15:00000024  x5:000000da  x8:00000000
16952119ns          287292 1c008244 1bc72403 lw               x8, 444(x14)         x8=00000000 x14:10000438  PA:100005f4
16952179ns          287295 1c008248 428f87b3 p.mac            x15, x31, x8        x15=00000024 x15:00000024 x31:00000028  x8:00000000
16952199ns          287296 1c00824c 1fc72403 lw               x8, 508(x14)         x8=00000000 x14:10000438  PA:10000634
16952259ns          287299 1c008250 428f07b3 p.mac            x15, x30, x8        x15=00000024 x15:00000024 x30:00000029  x8:00000000
16952279ns          287300 1c008254 23c72403 lw               x8, 572(x14)         x8=00000000 x14:10000438  PA:10000674
16952338ns          287303 1c008258 428e87b3 p.mac            x15, x29, x8        x15=00000024 x15:00000024 x29:000000d7  x8:00000000
16952358ns          287304 1c00825c 27c72403 lw               x8, 636(x14)         x8=00000000 x14:10000438  PA:100006b4
16952418ns          287307 1c008260 428e07b3 p.mac            x15, x28, x8        x15=00000024 x15:00000024 x28:000000d6  x8:00000000
16952438ns          287308 1c008264 2bc72403 lw               x8, 700(x14)         x8=00000000 x14:10000438  PA:100006f4
16952497ns          287311 1c008268 428307b3 p.mac            x15, x6, x8         x15=00000024 x15:00000024  x6:0000002c  x8:00000000
16952517ns          287312 1c00826c 2fc72403 lw               x8, 764(x14)         x8=00000000 x14:10000438  PA:10000734
16952577ns          287315 1c008270 428887b3 p.mac            x15, x17, x8        x15=00000024 x15:00000024 x17:0000002d  x8:00000000
16952597ns          287316 1c008274 33c72403 lw               x8, 828(x14)         x8=00000000 x14:10000438  PA:10000774
16952657ns          287319 1c008278 428807b3 p.mac            x15, x16, x8        x15=00000024 x15:00000024 x16:000000d3  x8:00000000
16952676ns          287320 1c00827c 37c72403 lw               x8, 892(x14)         x8=00000000 x14:10000438  PA:100007b4
16952736ns          287323 1c008280 428507b3 p.mac            x15, x10, x8        x15=00000024 x15:00000024 x10:000000d2  x8:00000000
16952756ns          287324 1c008284 3bc72403 lw               x8, 956(x14)         x8=00000000 x14:10000438  PA:100007f4
16952816ns          287327 1c008288 428587b3 p.mac            x15, x11, x8        x15=00000024 x15:00000024 x11:00000030  x8:00000000
16952836ns          287328 1c00828c 00f6222b p.sw             x15, 4(x12!)        x12=100008b8 x15:00000024 x12:100008b4  PA:100008b4
16952875ns          287330 1c008210 0047278b p.lw             x15, 4(x14!)        x15=00000000 x14=1000043c x14:10000438  PA:10000438
16952895ns          287331 1c008214 03c72403 lw               x8, 60(x14)          x8=00000000 x14:1000043c  PA:10000478
16952915ns          287332 1c008216 02fb87b3 mul              x15, x23, x15       x15=00000000 x23:00000021 x15:00000000
16952935ns          287333 1c00821a 428b07b3 p.mac            x15, x22, x8        x15=00000000 x15:00000000 x22:000000df  x8:00000000
16952955ns          287334 1c00821e 07c72403 lw               x8, 124(x14)         x8=00000001 x14:1000043c  PA:100004b8
16953015ns          287337 1c008220 428a87b3 p.mac            x15, x21, x8        x15=000000de x15:00000000 x21:000000de  x8:00000001
16953034ns          287338 1c008224 0bc72403 lw               x8, 188(x14)         x8=00000000 x14:1000043c  PA:100004f8
16953114ns          287342 1c008228 428a07b3 p.mac            x15, x20, x8        x15=000000de x15:000000de x20:00000024  x8:00000000
16953134ns          287343 1c00822c 0fc72403 lw               x8, 252(x14)         x8=00000000 x14:1000043c  PA:10000538
16953194ns          287346 1c008230 428087b3 p.mac            x15, x1, x8         x15=000000de x15:000000de  x1:00000025  x8:00000000
16953213ns          287347 1c008234 13c72403 lw               x8, 316(x14)         x8=00000000 x14:1000043c  PA:10000578
16953273ns          287350 1c008238 428387b3 p.mac            x15, x7, x8         x15=000000de x15:000000de  x7:000000db  x8:00000000
16953293ns          287351 1c00823c 17c72403 lw               x8, 380(x14)         x8=00000000 x14:1000043c  PA:100005b8
16953353ns          287354 1c008240 428287b3 p.mac            x15, x5, x8         x15=000000de x15:000000de  x5:000000da  x8:00000000
16953373ns          287355 1c008244 1bc72403 lw               x8, 444(x14)         x8=00000001 x14:1000043c  PA:100005f8
16953432ns          287358 1c008248 428f87b3 p.mac            x15, x31, x8        x15=00000106 x15:000000de x31:00000028  x8:00000001
16953452ns          287359 1c00824c 1fc72403 lw               x8, 508(x14)         x8=00000001 x14:1000043c  PA:10000638
16953512ns          287362 1c008250 428f07b3 p.mac            x15, x30, x8        x15=0000012f x15:00000106 x30:00000029  x8:00000001
16953532ns          287363 1c008254 23c72403 lw               x8, 572(x14)         x8=00000000 x14:1000043c  PA:10000678
16953591ns          287366 1c008258 428e87b3 p.mac            x15, x29, x8        x15=0000012f x15:0000012f x29:000000d7  x8:00000000
16953611ns          287367 1c00825c 27c72403 lw               x8, 636(x14)         x8=00000001 x14:1000043c  PA:100006b8
16953671ns          287370 1c008260 428e07b3 p.mac            x15, x28, x8        x15=00000205 x15:0000012f x28:000000d6  x8:00000001
16953691ns          287371 1c008264 2bc72403 lw               x8, 700(x14)         x8=00000000 x14:1000043c  PA:100006f8
16953751ns          287374 1c008268 428307b3 p.mac            x15, x6, x8         x15=00000205 x15:00000205  x6:0000002c  x8:00000000
16953770ns          287375 1c00826c 2fc72403 lw               x8, 764(x14)         x8=00000001 x14:1000043c  PA:10000738
16953830ns          287378 1c008270 428887b3 p.mac            x15, x17, x8        x15=00000232 x15:00000205 x17:0000002d  x8:00000001
16953850ns          287379 1c008274 33c72403 lw               x8, 828(x14)         x8=00000000 x14:1000043c  PA:10000778
16953910ns          287382 1c008278 428807b3 p.mac            x15, x16, x8        x15=00000232 x15:00000232 x16:000000d3  x8:00000000
16953930ns          287383 1c00827c 37c72403 lw               x8, 892(x14)         x8=00000000 x14:1000043c  PA:100007b8
16953989ns          287386 1c008280 428507b3 p.mac            x15, x10, x8        x15=00000232 x15:00000232 x10:000000d2  x8:00000000
16954009ns          287387 1c008284 3bc72403 lw               x8, 956(x14)         x8=00000000 x14:1000043c  PA:100007f8
16954069ns          287390 1c008288 428587b3 p.mac            x15, x11, x8        x15=00000232 x15:00000232 x11:00000030  x8:00000000
16954089ns          287391 1c00828c 00f6222b p.sw             x15, 4(x12!)        x12=100008bc x15:00000232 x12:100008b8  PA:100008b8
16954128ns          287393 1c008210 0047278b p.lw             x15, 4(x14!)        x15=00000000 x14=10000440 x14:1000043c  PA:1000043c
16954148ns          287394 1c008214 03c72403 lw               x8, 60(x14)          x8=00000000 x14:10000440  PA:1000047c
16954168ns          287395 1c008216 02fb87b3 mul              x15, x23, x15       x15=00000000 x23:00000021 x15:00000000
16954188ns          287396 1c00821a 428b07b3 p.mac            x15, x22, x8        x15=00000000 x15:00000000 x22:000000df  x8:00000000
16954208ns          287397 1c00821e 07c72403 lw               x8, 124(x14)         x8=00000000 x14:10000440  PA:100004bc
16954268ns          287400 1c008220 428a87b3 p.mac            x15, x21, x8        x15=00000000 x15:00000000 x21:000000de  x8:00000000
16954288ns          287401 1c008224 0bc72403 lw               x8, 188(x14)         x8=00000000 x14:10000440  PA:100004fc
16954367ns          287405 1c008228 428a07b3 p.mac            x15, x20, x8        x15=00000000 x15:00000000 x20:00000024  x8:00000000
16954387ns          287406 1c00822c 0fc72403 lw               x8, 252(x14)         x8=00000000 x14:10000440  PA:1000053c
16954447ns          287409 1c008230 428087b3 p.mac            x15, x1, x8         x15=00000000 x15:00000000  x1:00000025  x8:00000000
16954467ns          287410 1c008234 13c72403 lw               x8, 316(x14)         x8=00000000 x14:10000440  PA:1000057c
16954526ns          287413 1c008238 428387b3 p.mac            x15, x7, x8         x15=00000000 x15:00000000  x7:000000db  x8:00000000
16954546ns          287414 1c00823c 17c72403 lw               x8, 380(x14)         x8=00000000 x14:10000440  PA:100005bc
16954606ns          287417 1c008240 428287b3 p.mac            x15, x5, x8         x15=00000000 x15:00000000  x5:000000da  x8:00000000
16954626ns          287418 1c008244 1bc72403 lw               x8, 444(x14)         x8=00000000 x14:10000440  PA:100005fc
16954685ns          287421 1c008248 428f87b3 p.mac            x15, x31, x8        x15=00000000 x15:00000000 x31:00000028  x8:00000000
16954705ns          287422 1c00824c 1fc72403 lw               x8, 508(x14)         x8=00000000 x14:10000440  PA:1000063c
16954765ns          287425 1c008250 428f07b3 p.mac            x15, x30, x8        x15=00000000 x15:00000000 x30:00000029  x8:00000000
16954785ns          287426 1c008254 23c72403 lw               x8, 572(x14)         x8=00000001 x14:10000440  PA:1000067c
16954845ns          287429 1c008258 428e87b3 p.mac            x15, x29, x8        x15=000000d7 x15:00000000 x29:000000d7  x8:00000001
16954864ns          287430 1c00825c 27c72403 lw               x8, 636(x14)         x8=00000000 x14:10000440  PA:100006bc
16954924ns          287433 1c008260 428e07b3 p.mac            x15, x28, x8        x15=000000d7 x15:000000d7 x28:000000d6  x8:00000000
16954944ns          287434 1c008264 2bc72403 lw               x8, 700(x14)         x8=00000001 x14:10000440  PA:100006fc
16955004ns          287437 1c008268 428307b3 p.mac            x15, x6, x8         x15=00000103 x15:000000d7  x6:0000002c  x8:00000001
16955024ns          287438 1c00826c 2fc72403 lw               x8, 764(x14)         x8=00000001 x14:10000440  PA:1000073c
16955083ns          287441 1c008270 428887b3 p.mac            x15, x17, x8        x15=00000130 x15:00000103 x17:0000002d  x8:00000001
16955103ns          287442 1c008274 33c72403 lw               x8, 828(x14)         x8=00000000 x14:10000440  PA:1000077c
16955163ns          287445 1c008278 428807b3 p.mac            x15, x16, x8        x15=00000130 x15:00000130 x16:000000d3  x8:00000000
16955183ns          287446 1c00827c 37c72403 lw               x8, 892(x14)         x8=00000001 x14:10000440  PA:100007bc
16955242ns          287449 1c008280 428507b3 p.mac            x15, x10, x8        x15=00000202 x15:00000130 x10:000000d2  x8:00000001
16955262ns          287450 1c008284 3bc72403 lw               x8, 956(x14)         x8=00000000 x14:10000440  PA:100007fc
16955322ns          287453 1c008288 428587b3 p.mac            x15, x11, x8        x15=00000202 x15:00000202 x11:00000030  x8:00000000
16955342ns          287454 1c00828c 00f6222b p.sw             x15, 4(x12!)        x12=100008c0 x15:00000202 x12:100008bc  PA:100008bc
16955382ns          287456 1c008210 0047278b p.lw             x15, 4(x14!)        x15=00000000 x14=10000444 x14:10000440  PA:10000440
16955401ns          287457 1c008214 03c72403 lw               x8, 60(x14)          x8=00000000 x14:10000444  PA:10000480
16955421ns          287458 1c008216 02fb87b3 mul              x15, x23, x15       x15=00000000 x23:00000021 x15:00000000
16955441ns          287459 1c00821a 428b07b3 p.mac            x15, x22, x8        x15=00000000 x15:00000000 x22:000000df  x8:00000000
16955461ns          287460 1c00821e 07c72403 lw               x8, 124(x14)         x8=00000001 x14:10000444  PA:100004c0
16955521ns          287463 1c008220 428a87b3 p.mac            x15, x21, x8        x15=000000de x15:00000000 x21:000000de  x8:00000001
16955541ns          287464 1c008224 0bc72403 lw               x8, 188(x14)         x8=00000001 x14:10000444  PA:10000500
16955620ns          287468 1c008228 428a07b3 p.mac            x15, x20, x8        x15=00000102 x15:000000de x20:00000024  x8:00000001
16955640ns          287469 1c00822c 0fc72403 lw               x8, 252(x14)         x8=00000000 x14:10000444  PA:10000540
16955700ns          287472 1c008230 428087b3 p.mac            x15, x1, x8         x15=00000102 x15:00000102  x1:00000025  x8:00000000
16955720ns          287473 1c008234 13c72403 lw               x8, 316(x14)         x8=00000000 x14:10000444  PA:10000580
16955779ns          287476 1c008238 428387b3 p.mac            x15, x7, x8         x15=00000102 x15:00000102  x7:000000db  x8:00000000
16955799ns          287477 1c00823c 17c72403 lw               x8, 380(x14)         x8=00000000 x14:10000444  PA:100005c0
16955859ns          287480 1c008240 428287b3 p.mac            x15, x5, x8         x15=00000102 x15:00000102  x5:000000da  x8:00000000
16955879ns          287481 1c008244 1bc72403 lw               x8, 444(x14)         x8=00000000 x14:10000444  PA:10000600
16955938ns          287484 1c008248 428f87b3 p.mac            x15, x31, x8        x15=00000102 x15:00000102 x31:00000028  x8:00000000
16955958ns          287485 1c00824c 1fc72403 lw               x8, 508(x14)         x8=00000000 x14:10000444  PA:10000640
16956018ns          287488 1c008250 428f07b3 p.mac            x15, x30, x8        x15=00000102 x15:00000102 x30:00000029  x8:00000000
16956038ns          287489 1c008254 23c72403 lw               x8, 572(x14)         x8=00000001 x14:10000444  PA:10000680
16956098ns          287492 1c008258 428e87b3 p.mac            x15, x29, x8        x15=000001d9 x15:00000102 x29:000000d7  x8:00000001
16956118ns          287493 1c00825c 27c72403 lw               x8, 636(x14)         x8=00000000 x14:10000444  PA:100006c0
16956177ns          287496 1c008260 428e07b3 p.mac            x15, x28, x8        x15=000001d9 x15:000001d9 x28:000000d6  x8:00000000
16956197ns          287497 1c008264 2bc72403 lw               x8, 700(x14)         x8=00000001 x14:10000444  PA:10000700
16956257ns          287500 1c008268 428307b3 p.mac            x15, x6, x8         x15=00000205 x15:000001d9  x6:0000002c  x8:00000001
16956277ns          287501 1c00826c 2fc72403 lw               x8, 764(x14)         x8=00000000 x14:10000444  PA:10000740
16956336ns          287504 1c008270 428887b3 p.mac            x15, x17, x8        x15=00000205 x15:00000205 x17:0000002d  x8:00000000
16956356ns          287505 1c008274 33c72403 lw               x8, 828(x14)         x8=00000000 x14:10000444  PA:10000780
16956416ns          287508 1c008278 428807b3 p.mac            x15, x16, x8        x15=00000205 x15:00000205 x16:000000d3  x8:00000000
16956436ns          287509 1c00827c 37c72403 lw               x8, 892(x14)         x8=00000000 x14:10000444  PA:100007c0
16956495ns          287512 1c008280 428507b3 p.mac            x15, x10, x8        x15=00000205 x15:00000205 x10:000000d2  x8:00000000
16956515ns          287513 1c008284 3bc72403 lw               x8, 956(x14)         x8=00000000 x14:10000444  PA:10000800
16956575ns          287516 1c008288 428587b3 p.mac            x15, x11, x8        x15=00000205 x15:00000205 x11:00000030  x8:00000000
16956595ns          287517 1c00828c 00f6222b p.sw             x15, 4(x12!)        x12=100008c4 x15:00000205 x12:100008c0  PA:100008c0
16956635ns          287519 1c008290 001c0c13 addi             x24, x24, 1         x24=00000003 x24:00000002
16956655ns          287520 1c008292 100c4c33 p.exths          x24, x24, x0        x24=00000003 x24:00000003
16956674ns          287521 1c008296 01800633 add              x12, x0, x24        x12=00000003 x24:00000003
16956694ns          287522 1c0081bc 00661613 slli             x12, x12, 0x6       x12=000000c0 x12:00000003
16956714ns          287523 1c0081be 00cd07b3 add              x15, x26, x12       x15=100000c4 x26:10000004 x12:000000c0
16956734ns          287524 1c0081c2 0007ab83 lw               x23, 0(x15)         x23=000000d0 x15:100000c4  PA:100000c4
16956754ns          287525 1c0081c6 0047ab03 lw               x22, 4(x15)         x22=00000032 x15:100000c4  PA:100000c8
16956774ns          287526 1c0081ca 0087aa83 lw               x21, 8(x15)         x21=00000033 x15:100000c4  PA:100000cc
16956794ns          287527 1c0081ce 00c7aa03 lw               x20, 12(x15)        x20=000000cd x15:100000c4  PA:100000d0
16956814ns          287528 1c0081d2 0107a083 lw               x1, 16(x15)          x1=000000cc x15:100000c4  PA:100000d4
16956834ns          287529 1c0081d6 0147a383 lw               x7, 20(x15)          x7=00000036 x15:100000c4  PA:100000d8
16956853ns          287530 1c0081da 0187a283 lw               x5, 24(x15)          x5=00000037 x15:100000c4  PA:100000dc
16956873ns          287531 1c0081de 01c7af83 lw               x31, 28(x15)        x31=000000c9 x15:100000c4  PA:100000e0
16956893ns          287532 1c0081e2 0207af03 lw               x30, 32(x15)        x30=000000c8 x15:100000c4  PA:100000e4
16956913ns          287533 1c0081e6 0247ae83 lw               x29, 36(x15)        x29=0000003a x15:100000c4  PA:100000e8
16956933ns          287534 1c0081ea 0287ae03 lw               x28, 40(x15)        x28=0000003b x15:100000c4  PA:100000ec
16956953ns          287535 1c0081ee 02c7a303 lw               x6, 44(x15)          x6=000000c5 x15:100000c4  PA:100000f0
16956973ns          287536 1c0081f2 0307a883 lw               x17, 48(x15)        x17=000000c4 x15:100000c4  PA:100000f4
16956993ns          287537 1c0081f6 0347a803 lw               x16, 52(x15)        x16=0000003e x15:100000c4  PA:100000f8
16957013ns          287538 1c0081fa 0387a503 lw               x10, 56(x15)        x10=0000003f x15:100000c4  PA:100000fc
16957032ns          287539 1c0081fc 03c7a583 lw               x11, 60(x15)        x11=000000c1 x15:100000c4  PA:10000100
16957052ns          287540 1c0081fe 100017b7 lui              x15, 0x10001000     x15=10001000
16957072ns          287541 1c008202 80478793 addi             x15, x15, -2044     x15=10000804 x15:10001000
16957092ns          287542 1c008206 01900733 add              x14, x0, x25        x14=10000404 x25:10000404
16957112ns          287543 1c008208 00f60633 add              x12, x12, x15       x12=100008c4 x12:000000c0 x15:10000804
16957132ns          287544 1c00820a 01000693 addi             x13, x0, 16         x13=00000010
16957152ns          287545 1c00820c 0406c0fb lp.setup         0x1, x13, 0x40      x13:00000010
16957172ns          287546 1c008210 0047278b p.lw             x15, 4(x14!)        x15=00000001 x14=10000408 x14:10000404  PA:10000404
16957192ns          287547 1c008214 03c72403 lw               x8, 60(x14)          x8=00000000 x14:10000408  PA:10000444
16957212ns          287548 1c008216 02fb87b3 mul              x15, x23, x15       x15=000000d0 x23:000000d0 x15:00000001
16957231ns          287549 1c00821a 428b07b3 p.mac            x15, x22, x8        x15=000000d0 x15:000000d0 x22:00000032  x8:00000000
16957251ns          287550 1c00821e 07c72403 lw               x8, 124(x14)         x8=00000001 x14:10000408  PA:10000484
16957311ns          287553 1c008220 428a87b3 p.mac            x15, x21, x8        x15=00000103 x15:000000d0 x21:00000033  x8:00000001
16957331ns          287554 1c008224 0bc72403 lw               x8, 188(x14)         x8=00000000 x14:10000408  PA:100004c4
16957410ns          287558 1c008228 428a07b3 p.mac            x15, x20, x8        x15=00000103 x15:00000103 x20:000000cd  x8:00000000
16957430ns          287559 1c00822c 0fc72403 lw               x8, 252(x14)         x8=00000000 x14:10000408  PA:10000504
16957490ns          287562 1c008230 428087b3 p.mac            x15, x1, x8         x15=00000103 x15:00000103  x1:000000cc  x8:00000000
16957510ns          287563 1c008234 13c72403 lw               x8, 316(x14)         x8=00000001 x14:10000408  PA:10000544
16957570ns          287566 1c008238 428387b3 p.mac            x15, x7, x8         x15=00000139 x15:00000103  x7:00000036  x8:00000001
16957589ns          287567 1c00823c 17c72403 lw               x8, 380(x14)         x8=00000000 x14:10000408  PA:10000584
16957649ns          287570 1c008240 428287b3 p.mac            x15, x5, x8         x15=00000139 x15:00000139  x5:00000037  x8:00000000
16957669ns          287571 1c008244 1bc72403 lw               x8, 444(x14)         x8=00000000 x14:10000408  PA:100005c4
16957729ns          287574 1c008248 428f87b3 p.mac            x15, x31, x8        x15=00000139 x15:00000139 x31:000000c9  x8:00000000
16957749ns          287575 1c00824c 1fc72403 lw               x8, 508(x14)         x8=00000000 x14:10000408  PA:10000604
16957808ns          287578 1c008250 428f07b3 p.mac            x15, x30, x8        x15=00000139 x15:00000139 x30:000000c8  x8:00000000
16957828ns          287579 1c008254 23c72403 lw               x8, 572(x14)         x8=00000000 x14:10000408  PA:10000644
16957888ns          287582 1c008258 428e87b3 p.mac            x15, x29, x8        x15=00000139 x15:00000139 x29:0000003a  x8:00000000
16957908ns          287583 1c00825c 27c72403 lw               x8, 636(x14)         x8=00000000 x14:10000408  PA:10000684
16957967ns          287586 1c008260 428e07b3 p.mac            x15, x28, x8        x15=00000139 x15:00000139 x28:0000003b  x8:00000000
16957987ns          287587 1c008264 2bc72403 lw               x8, 700(x14)         x8=00000001 x14:10000408  PA:100006c4
16958047ns          287590 1c008268 428307b3 p.mac            x15, x6, x8         x15=000001fe x15:00000139  x6:000000c5  x8:00000001
16958067ns          287591 1c00826c 2fc72403 lw               x8, 764(x14)         x8=00000000 x14:10000408  PA:10000704
16958126ns          287594 1c008270 428887b3 p.mac            x15, x17, x8        x15=000001fe x15:000001fe x17:000000c4  x8:00000000
16958146ns          287595 1c008274 33c72403 lw               x8, 828(x14)         x8=00000000 x14:10000408  PA:10000744
16958206ns          287598 1c008278 428807b3 p.mac            x15, x16, x8        x15=000001fe x15:000001fe x16:0000003e  x8:00000000
16958226ns          287599 1c00827c 37c72403 lw               x8, 892(x14)         x8=00000000 x14:10000408  PA:10000784
16958286ns          287602 1c008280 428507b3 p.mac            x15, x10, x8        x15=000001fe x15:000001fe x10:0000003f  x8:00000000
16958305ns          287603 1c008284 3bc72403 lw               x8, 956(x14)         x8=00000000 x14:10000408  PA:100007c4
16958365ns          287606 1c008288 428587b3 p.mac            x15, x11, x8        x15=000001fe x15:000001fe x11:000000c1  x8:00000000
16958385ns          287607 1c00828c 00f6222b p.sw             x15, 4(x12!)        x12=100008c8 x15:000001fe x12:100008c4  PA:100008c4
16958425ns          287609 1c008210 0047278b p.lw             x15, 4(x14!)        x15=00000000 x14=1000040c x14:10000408  PA:10000408
16958445ns          287610 1c008214 03c72403 lw               x8, 60(x14)          x8=00000000 x14:1000040c  PA:10000448
16958465ns          287611 1c008216 02fb87b3 mul              x15, x23, x15       x15=00000000 x23:000000d0 x15:00000000
16958485ns          287612 1c00821a 428b07b3 p.mac            x15, x22, x8        x15=00000000 x15:00000000 x22:00000032  x8:00000000
16958504ns          287613 1c00821e 07c72403 lw               x8, 124(x14)         x8=00000001 x14:1000040c  PA:10000488
16958564ns          287616 1c008220 428a87b3 p.mac            x15, x21, x8        x15=00000033 x15:00000000 x21:00000033  x8:00000001
16958584ns          287617 1c008224 0bc72403 lw               x8, 188(x14)         x8=00000000 x14:1000040c  PA:100004c8
16958664ns          287621 1c008228 428a07b3 p.mac            x15, x20, x8        x15=00000033 x15:00000033 x20:000000cd  x8:00000000
16958683ns          287622 1c00822c 0fc72403 lw               x8, 252(x14)         x8=00000000 x14:1000040c  PA:10000508
16958743ns          287625 1c008230 428087b3 p.mac            x15, x1, x8         x15=00000033 x15:00000033  x1:000000cc  x8:00000000
16958763ns          287626 1c008234 13c72403 lw               x8, 316(x14)         x8=00000000 x14:1000040c  PA:10000548
16958823ns          287629 1c008238 428387b3 p.mac            x15, x7, x8         x15=00000033 x15:00000033  x7:00000036  x8:00000000
16958843ns          287630 1c00823c 17c72403 lw               x8, 380(x14)         x8=00000000 x14:1000040c  PA:10000588
16958902ns          287633 1c008240 428287b3 p.mac            x15, x5, x8         x15=00000033 x15:00000033  x5:00000037  x8:00000000
16958922ns          287634 1c008244 1bc72403 lw               x8, 444(x14)         x8=00000000 x14:1000040c  PA:100005c8
16958982ns          287637 1c008248 428f87b3 p.mac            x15, x31, x8        x15=00000033 x15:00000033 x31:000000c9  x8:00000000
16959002ns          287638 1c00824c 1fc72403 lw               x8, 508(x14)         x8=00000000 x14:1000040c  PA:10000608
16959061ns          287641 1c008250 428f07b3 p.mac            x15, x30, x8        x15=00000033 x15:00000033 x30:000000c8  x8:00000000
16959081ns          287642 1c008254 23c72403 lw               x8, 572(x14)         x8=00000000 x14:1000040c  PA:10000648
16959141ns          287645 1c008258 428e87b3 p.mac            x15, x29, x8        x15=00000033 x15:00000033 x29:0000003a  x8:00000000
16959161ns          287646 1c00825c 27c72403 lw               x8, 636(x14)         x8=00000000 x14:1000040c  PA:10000688
16959220ns          287649 1c008260 428e07b3 p.mac            x15, x28, x8        x15=00000033 x15:00000033 x28:0000003b  x8:00000000
16959240ns          287650 1c008264 2bc72403 lw               x8, 700(x14)         x8=00000001 x14:1000040c  PA:100006c8
16959300ns          287653 1c008268 428307b3 p.mac            x15, x6, x8         x15=000000f8 x15:00000033  x6:000000c5  x8:00000001
16959320ns          287654 1c00826c 2fc72403 lw               x8, 764(x14)         x8=00000000 x14:1000040c  PA:10000708
16959380ns          287657 1c008270 428887b3 p.mac            x15, x17, x8        x15=000000f8 x15:000000f8 x17:000000c4  x8:00000000
16959399ns          287658 1c008274 33c72403 lw               x8, 828(x14)         x8=00000001 x14:1000040c  PA:10000748
16959459ns          287661 1c008278 428807b3 p.mac            x15, x16, x8        x15=00000136 x15:000000f8 x16:0000003e  x8:00000001
16959479ns          287662 1c00827c 37c72403 lw               x8, 892(x14)         x8=00000000 x14:1000040c  PA:10000788
16959539ns          287665 1c008280 428507b3 p.mac            x15, x10, x8        x15=00000136 x15:00000136 x10:0000003f  x8:00000000
16959559ns          287666 1c008284 3bc72403 lw               x8, 956(x14)         x8=00000001 x14:1000040c  PA:100007c8
16959618ns          287669 1c008288 428587b3 p.mac            x15, x11, x8        x15=000001f7 x15:00000136 x11:000000c1  x8:00000001
16959638ns          287670 1c00828c 00f6222b p.sw             x15, 4(x12!)        x12=100008cc x15:000001f7 x12:100008c8  PA:100008c8
16959678ns          287672 1c008210 0047278b p.lw             x15, 4(x14!)        x15=00000000 x14=10000410 x14:1000040c  PA:1000040c
16959698ns          287673 1c008214 03c72403 lw               x8, 60(x14)          x8=00000000 x14:10000410  PA:1000044c
16959718ns          287674 1c008216 02fb87b3 mul              x15, x23, x15       x15=00000000 x23:000000d0 x15:00000000
16959738ns          287675 1c00821a 428b07b3 p.mac            x15, x22, x8        x15=00000000 x15:00000000 x22:00000032  x8:00000000
16959758ns          287676 1c00821e 07c72403 lw               x8, 124(x14)         x8=00000001 x14:10000410  PA:1000048c
16959817ns          287679 1c008220 428a87b3 p.mac            x15, x21, x8        x15=00000033 x15:00000000 x21:00000033  x8:00000001
16959837ns          287680 1c008224 0bc72403 lw               x8, 188(x14)         x8=00000000 x14:10000410  PA:100004cc
16959917ns          287684 1c008228 428a07b3 p.mac            x15, x20, x8        x15=00000033 x15:00000033 x20:000000cd  x8:00000000
16959937ns          287685 1c00822c 0fc72403 lw               x8, 252(x14)         x8=00000000 x14:10000410  PA:1000050c
16959996ns          287688 1c008230 428087b3 p.mac            x15, x1, x8         x15=00000033 x15:00000033  x1:000000cc  x8:00000000
16960016ns          287689 1c008234 13c72403 lw               x8, 316(x14)         x8=00000000 x14:10000410  PA:1000054c
16960076ns          287692 1c008238 428387b3 p.mac            x15, x7, x8         x15=00000033 x15:00000033  x7:00000036  x8:00000000
16960096ns          287693 1c00823c 17c72403 lw               x8, 380(x14)         x8=00000000 x14:10000410  PA:1000058c
16960155ns          287696 1c008240 428287b3 p.mac            x15, x5, x8         x15=00000033 x15:00000033  x5:00000037  x8:00000000
16960175ns          287697 1c008244 1bc72403 lw               x8, 444(x14)         x8=00000000 x14:10000410  PA:100005cc
16960235ns          287700 1c008248 428f87b3 p.mac            x15, x31, x8        x15=00000033 x15:00000033 x31:000000c9  x8:00000000
16960255ns          287701 1c00824c 1fc72403 lw               x8, 508(x14)         x8=00000000 x14:10000410  PA:1000060c
16960314ns          287704 1c008250 428f07b3 p.mac            x15, x30, x8        x15=00000033 x15:00000033 x30:000000c8  x8:00000000
16960334ns          287705 1c008254 23c72403 lw               x8, 572(x14)         x8=00000000 x14:10000410  PA:1000064c
16960394ns          287708 1c008258 428e87b3 p.mac            x15, x29, x8        x15=00000033 x15:00000033 x29:0000003a  x8:00000000
16960414ns          287709 1c00825c 27c72403 lw               x8, 636(x14)         x8=00000001 x14:10000410  PA:1000068c
16960474ns          287712 1c008260 428e07b3 p.mac            x15, x28, x8        x15=0000006e x15:00000033 x28:0000003b  x8:00000001
16960493ns          287713 1c008264 2bc72403 lw               x8, 700(x14)         x8=00000000 x14:10000410  PA:100006cc
16960553ns          287716 1c008268 428307b3 p.mac            x15, x6, x8         x15=0000006e x15:0000006e  x6:000000c5  x8:00000000
16960573ns          287717 1c00826c 2fc72403 lw               x8, 764(x14)         x8=00000000 x14:10000410  PA:1000070c
16960633ns          287720 1c008270 428887b3 p.mac            x15, x17, x8        x15=0000006e x15:0000006e x17:000000c4  x8:00000000
16960653ns          287721 1c008274 33c72403 lw               x8, 828(x14)         x8=00000000 x14:10000410  PA:1000074c
16960712ns          287724 1c008278 428807b3 p.mac            x15, x16, x8        x15=0000006e x15:0000006e x16:0000003e  x8:00000000
16960732ns          287725 1c00827c 37c72403 lw               x8, 892(x14)         x8=00000000 x14:10000410  PA:1000078c
16960792ns          287728 1c008280 428507b3 p.mac            x15, x10, x8        x15=0000006e x15:0000006e x10:0000003f  x8:00000000
16960812ns          287729 1c008284 3bc72403 lw               x8, 956(x14)         x8=00000000 x14:10000410  PA:100007cc
16960871ns          287732 1c008288 428587b3 p.mac            x15, x11, x8        x15=0000006e x15:0000006e x11:000000c1  x8:00000000
16960891ns          287733 1c00828c 00f6222b p.sw             x15, 4(x12!)        x12=100008d0 x15:0000006e x12:100008cc  PA:100008cc
16960931ns          287735 1c008210 0047278b p.lw             x15, 4(x14!)        x15=00000001 x14=10000414 x14:10000410  PA:10000410
16960951ns          287736 1c008214 03c72403 lw               x8, 60(x14)          x8=00000000 x14:10000414  PA:10000450
16960971ns          287737 1c008216 02fb87b3 mul              x15, x23, x15       x15=000000d0 x23:000000d0 x15:00000001
16960991ns          287738 1c00821a 428b07b3 p.mac            x15, x22, x8        x15=000000d0 x15:000000d0 x22:00000032  x8:00000000
16961011ns          287739 1c00821e 07c72403 lw               x8, 124(x14)         x8=00000000 x14:10000414  PA:10000490
16961070ns          287742 1c008220 428a87b3 p.mac            x15, x21, x8        x15=000000d0 x15:000000d0 x21:00000033  x8:00000000
16961090ns          287743 1c008224 0bc72403 lw               x8, 188(x14)         x8=00000000 x14:10000414  PA:100004d0
16961170ns          287747 1c008228 428a07b3 p.mac            x15, x20, x8        x15=000000d0 x15:000000d0 x20:000000cd  x8:00000000
16961190ns          287748 1c00822c 0fc72403 lw               x8, 252(x14)         x8=00000000 x14:10000414  PA:10000510
16961249ns          287751 1c008230 428087b3 p.mac            x15, x1, x8         x15=000000d0 x15:000000d0  x1:000000cc  x8:00000000
16961269ns          287752 1c008234 13c72403 lw               x8, 316(x14)         x8=00000000 x14:10000414  PA:10000550
16961329ns          287755 1c008238 428387b3 p.mac            x15, x7, x8         x15=000000d0 x15:000000d0  x7:00000036  x8:00000000
16961349ns          287756 1c00823c 17c72403 lw               x8, 380(x14)         x8=00000000 x14:10000414  PA:10000590
16961408ns          287759 1c008240 428287b3 p.mac            x15, x5, x8         x15=000000d0 x15:000000d0  x5:00000037  x8:00000000
16961428ns          287760 1c008244 1bc72403 lw               x8, 444(x14)         x8=00000000 x14:10000414  PA:100005d0
16961488ns          287763 1c008248 428f87b3 p.mac            x15, x31, x8        x15=000000d0 x15:000000d0 x31:000000c9  x8:00000000
16961508ns          287764 1c00824c 1fc72403 lw               x8, 508(x14)         x8=00000000 x14:10000414  PA:10000610
16961568ns          287767 1c008250 428f07b3 p.mac            x15, x30, x8        x15=000000d0 x15:000000d0 x30:000000c8  x8:00000000
16961587ns          287768 1c008254 23c72403 lw               x8, 572(x14)         x8=00000000 x14:10000414  PA:10000650
16961647ns          287771 1c008258 428e87b3 p.mac            x15, x29, x8        x15=000000d0 x15:000000d0 x29:0000003a  x8:00000000
16961667ns          287772 1c00825c 27c72403 lw               x8, 636(x14)         x8=00000001 x14:10000414  PA:10000690
16961727ns          287775 1c008260 428e07b3 p.mac            x15, x28, x8        x15=0000010b x15:000000d0 x28:0000003b  x8:00000001
16961747ns          287776 1c008264 2bc72403 lw               x8, 700(x14)         x8=00000000 x14:10000414  PA:100006d0
16961806ns          287779 1c008268 428307b3 p.mac            x15, x6, x8         x15=0000010b x15:0000010b  x6:000000c5  x8:00000000
16961826ns          287780 1c00826c 2fc72403 lw               x8, 764(x14)         x8=00000001 x14:10000414  PA:10000710
16961886ns          287783 1c008270 428887b3 p.mac            x15, x17, x8        x15=000001cf x15:0000010b x17:000000c4  x8:00000001
16961906ns          287784 1c008274 33c72403 lw               x8, 828(x14)         x8=00000000 x14:10000414  PA:10000750
16961965ns          287787 1c008278 428807b3 p.mac            x15, x16, x8        x15=000001cf x15:000001cf x16:0000003e  x8:00000000
16961985ns          287788 1c00827c 37c72403 lw               x8, 892(x14)         x8=00000000 x14:10000414  PA:10000790
16962045ns          287791 1c008280 428507b3 p.mac            x15, x10, x8        x15=000001cf x15:000001cf x10:0000003f  x8:00000000
16962065ns          287792 1c008284 3bc72403 lw               x8, 956(x14)         x8=00000000 x14:10000414  PA:100007d0
16962125ns          287795 1c008288 428587b3 p.mac            x15, x11, x8        x15=000001cf x15:000001cf x11:000000c1  x8:00000000
16962144ns          287796 1c00828c 00f6222b p.sw             x15, 4(x12!)        x12=100008d4 x15:000001cf x12:100008d0  PA:100008d0
16962184ns          287798 1c008210 0047278b p.lw             x15, 4(x14!)        x15=00000000 x14=10000418 x14:10000414  PA:10000414
16962204ns          287799 1c008214 03c72403 lw               x8, 60(x14)          x8=00000000 x14:10000418  PA:10000454
16962224ns          287800 1c008216 02fb87b3 mul              x15, x23, x15       x15=00000000 x23:000000d0 x15:00000000
16962244ns          287801 1c00821a 428b07b3 p.mac            x15, x22, x8        x15=00000000 x15:00000000 x22:00000032  x8:00000000
16962264ns          287802 1c00821e 07c72403 lw               x8, 124(x14)         x8=00000000 x14:10000418  PA:10000494
16962323ns          287805 1c008220 428a87b3 p.mac            x15, x21, x8        x15=00000000 x15:00000000 x21:00000033  x8:00000000
16962343ns          287806 1c008224 0bc72403 lw               x8, 188(x14)         x8=00000000 x14:10000418  PA:100004d4
16962423ns          287810 1c008228 428a07b3 p.mac            x15, x20, x8        x15=00000000 x15:00000000 x20:000000cd  x8:00000000
16962443ns          287811 1c00822c 0fc72403 lw               x8, 252(x14)         x8=00000001 x14:10000418  PA:10000514
16962502ns          287814 1c008230 428087b3 p.mac            x15, x1, x8         x15=000000cc x15:00000000  x1:000000cc  x8:00000001
16962522ns          287815 1c008234 13c72403 lw               x8, 316(x14)         x8=00000000 x14:10000418  PA:10000554
16962582ns          287818 1c008238 428387b3 p.mac            x15, x7, x8         x15=000000cc x15:000000cc  x7:00000036  x8:00000000
16962602ns          287819 1c00823c 17c72403 lw               x8, 380(x14)         x8=00000000 x14:10000418  PA:10000594
16962662ns          287822 1c008240 428287b3 p.mac            x15, x5, x8         x15=000000cc x15:000000cc  x5:00000037  x8:00000000
16962681ns          287823 1c008244 1bc72403 lw               x8, 444(x14)         x8=00000000 x14:10000418  PA:100005d4
16962741ns          287826 1c008248 428f87b3 p.mac            x15, x31, x8        x15=000000cc x15:000000cc x31:000000c9  x8:00000000
16962761ns          287827 1c00824c 1fc72403 lw               x8, 508(x14)         x8=00000000 x14:10000418  PA:10000614
16962821ns          287830 1c008250 428f07b3 p.mac            x15, x30, x8        x15=000000cc x15:000000cc x30:000000c8  x8:00000000
16962841ns          287831 1c008254 23c72403 lw               x8, 572(x14)         x8=00000001 x14:10000418  PA:10000654
16962900ns          287834 1c008258 428e87b3 p.mac            x15, x29, x8        x15=00000106 x15:000000cc x29:0000003a  x8:00000001
16962920ns          287835 1c00825c 27c72403 lw               x8, 636(x14)         x8=00000000 x14:10000418  PA:10000694
16962980ns          287838 1c008260 428e07b3 p.mac            x15, x28, x8        x15=00000106 x15:00000106 x28:0000003b  x8:00000000
16963000ns          287839 1c008264 2bc72403 lw               x8, 700(x14)         x8=00000000 x14:10000418  PA:100006d4
16963059ns          287842 1c008268 428307b3 p.mac            x15, x6, x8         x15=00000106 x15:00000106  x6:000000c5  x8:00000000
16963079ns          287843 1c00826c 2fc72403 lw               x8, 764(x14)         x8=00000000 x14:10000418  PA:10000714
16963139ns          287846 1c008270 428887b3 p.mac            x15, x17, x8        x15=00000106 x15:00000106 x17:000000c4  x8:00000000
16963159ns          287847 1c008274 33c72403 lw               x8, 828(x14)         x8=00000000 x14:10000418  PA:10000754
16963219ns          287850 1c008278 428807b3 p.mac            x15, x16, x8        x15=00000106 x15:00000106 x16:0000003e  x8:00000000
16963238ns          287851 1c00827c 37c72403 lw               x8, 892(x14)         x8=00000000 x14:10000418  PA:10000794
16963298ns          287854 1c008280 428507b3 p.mac            x15, x10, x8        x15=00000106 x15:00000106 x10:0000003f  x8:00000000
16963318ns          287855 1c008284 3bc72403 lw               x8, 956(x14)         x8=00000000 x14:10000418  PA:100007d4
16963378ns          287858 1c008288 428587b3 p.mac            x15, x11, x8        x15=00000106 x15:00000106 x11:000000c1  x8:00000000
16963398ns          287859 1c00828c 00f6222b p.sw             x15, 4(x12!)        x12=100008d8 x15:00000106 x12:100008d4  PA:100008d4
16963437ns          287861 1c008210 0047278b p.lw             x15, 4(x14!)        x15=00000000 x14=1000041c x14:10000418  PA:10000418
16963457ns          287862 1c008214 03c72403 lw               x8, 60(x14)          x8=00000000 x14:1000041c  PA:10000458
16963477ns          287863 1c008216 02fb87b3 mul              x15, x23, x15       x15=00000000 x23:000000d0 x15:00000000
16963497ns          287864 1c00821a 428b07b3 p.mac            x15, x22, x8        x15=00000000 x15:00000000 x22:00000032  x8:00000000
16963517ns          287865 1c00821e 07c72403 lw               x8, 124(x14)         x8=00000000 x14:1000041c  PA:10000498
16963577ns          287868 1c008220 428a87b3 p.mac            x15, x21, x8        x15=00000000 x15:00000000 x21:00000033  x8:00000000
16963596ns          287869 1c008224 0bc72403 lw               x8, 188(x14)         x8=00000000 x14:1000041c  PA:100004d8
16963676ns          287873 1c008228 428a07b3 p.mac            x15, x20, x8        x15=00000000 x15:00000000 x20:000000cd  x8:00000000
16963696ns          287874 1c00822c 0fc72403 lw               x8, 252(x14)         x8=00000000 x14:1000041c  PA:10000518
16963756ns          287877 1c008230 428087b3 p.mac            x15, x1, x8         x15=00000000 x15:00000000  x1:000000cc  x8:00000000
16963775ns          287878 1c008234 13c72403 lw               x8, 316(x14)         x8=00000000 x14:1000041c  PA:10000558
16963835ns          287881 1c008238 428387b3 p.mac            x15, x7, x8         x15=00000000 x15:00000000  x7:00000036  x8:00000000
16963855ns          287882 1c00823c 17c72403 lw               x8, 380(x14)         x8=00000000 x14:1000041c  PA:10000598
16963915ns          287885 1c008240 428287b3 p.mac            x15, x5, x8         x15=00000000 x15:00000000  x5:00000037  x8:00000000
16963935ns          287886 1c008244 1bc72403 lw               x8, 444(x14)         x8=00000000 x14:1000041c  PA:100005d8
16963994ns          287889 1c008248 428f87b3 p.mac            x15, x31, x8        x15=00000000 x15:00000000 x31:000000c9  x8:00000000
16964014ns          287890 1c00824c 1fc72403 lw               x8, 508(x14)         x8=00000000 x14:1000041c  PA:10000618
16964074ns          287893 1c008250 428f07b3 p.mac            x15, x30, x8        x15=00000000 x15:00000000 x30:000000c8  x8:00000000
16964094ns          287894 1c008254 23c72403 lw               x8, 572(x14)         x8=00000000 x14:1000041c  PA:10000658
16964153ns          287897 1c008258 428e87b3 p.mac            x15, x29, x8        x15=00000000 x15:00000000 x29:0000003a  x8:00000000
16964173ns          287898 1c00825c 27c72403 lw               x8, 636(x14)         x8=00000000 x14:1000041c  PA:10000698
16964233ns          287901 1c008260 428e07b3 p.mac            x15, x28, x8        x15=00000000 x15:00000000 x28:0000003b  x8:00000000
16964253ns          287902 1c008264 2bc72403 lw               x8, 700(x14)         x8=00000000 x14:1000041c  PA:100006d8
16964313ns          287905 1c008268 428307b3 p.mac            x15, x6, x8         x15=00000000 x15:00000000  x6:000000c5  x8:00000000
16964332ns          287906 1c00826c 2fc72403 lw               x8, 764(x14)         x8=00000000 x14:1000041c  PA:10000718
16964392ns          287909 1c008270 428887b3 p.mac            x15, x17, x8        x15=00000000 x15:00000000 x17:000000c4  x8:00000000
16964412ns          287910 1c008274 33c72403 lw               x8, 828(x14)         x8=00000000 x14:1000041c  PA:10000758
16964472ns          287913 1c008278 428807b3 p.mac            x15, x16, x8        x15=00000000 x15:00000000 x16:0000003e  x8:00000000
16964492ns          287914 1c00827c 37c72403 lw               x8, 892(x14)         x8=00000000 x14:1000041c  PA:10000798
16964551ns          287917 1c008280 428507b3 p.mac            x15, x10, x8        x15=00000000 x15:00000000 x10:0000003f  x8:00000000
16964571ns          287918 1c008284 3bc72403 lw               x8, 956(x14)         x8=00000000 x14:1000041c  PA:100007d8
16964631ns          287921 1c008288 428587b3 p.mac            x15, x11, x8        x15=00000000 x15:00000000 x11:000000c1  x8:00000000
16964651ns          287922 1c00828c 00f6222b p.sw             x15, 4(x12!)        x12=100008dc x15:00000000 x12:100008d8  PA:100008d8
16964690ns          287924 1c008210 0047278b p.lw             x15, 4(x14!)        x15=00000000 x14=10000420 x14:1000041c  PA:1000041c
16964710ns          287925 1c008214 03c72403 lw               x8, 60(x14)          x8=00000001 x14:10000420  PA:1000045c
16964730ns          287926 1c008216 02fb87b3 mul              x15, x23, x15       x15=00000000 x23:000000d0 x15:00000000
16964750ns          287927 1c00821a 428b07b3 p.mac            x15, x22, x8        x15=00000032 x15:00000000 x22:00000032  x8:00000001
16964770ns          287928 1c00821e 07c72403 lw               x8, 124(x14)         x8=00000001 x14:10000420  PA:1000049c
16964830ns          287931 1c008220 428a87b3 p.mac            x15, x21, x8        x15=00000065 x15:00000032 x21:00000033  x8:00000001
16964850ns          287932 1c008224 0bc72403 lw               x8, 188(x14)         x8=00000000 x14:10000420  PA:100004dc
16964929ns          287936 1c008228 428a07b3 p.mac            x15, x20, x8        x15=00000065 x15:00000065 x20:000000cd  x8:00000000
16964949ns          287937 1c00822c 0fc72403 lw               x8, 252(x14)         x8=00000000 x14:10000420  PA:1000051c
16965009ns          287940 1c008230 428087b3 p.mac            x15, x1, x8         x15=00000065 x15:00000065  x1:000000cc  x8:00000000
16965029ns          287941 1c008234 13c72403 lw               x8, 316(x14)         x8=00000001 x14:10000420  PA:1000055c
16965088ns          287944 1c008238 428387b3 p.mac            x15, x7, x8         x15=0000009b x15:00000065  x7:00000036  x8:00000001
16965108ns          287945 1c00823c 17c72403 lw               x8, 380(x14)         x8=00000000 x14:10000420  PA:1000059c
16965168ns          287948 1c008240 428287b3 p.mac            x15, x5, x8         x15=0000009b x15:0000009b  x5:00000037  x8:00000000
16965188ns          287949 1c008244 1bc72403 lw               x8, 444(x14)         x8=00000000 x14:10000420  PA:100005dc
16965247ns          287952 1c008248 428f87b3 p.mac            x15, x31, x8        x15=0000009b x15:0000009b x31:000000c9  x8:00000000
16965267ns          287953 1c00824c 1fc72403 lw               x8, 508(x14)         x8=00000000 x14:10000420  PA:1000061c
16965327ns          287956 1c008250 428f07b3 p.mac            x15, x30, x8        x15=0000009b x15:0000009b x30:000000c8  x8:00000000
16965347ns          287957 1c008254 23c72403 lw               x8, 572(x14)         x8=00000000 x14:10000420  PA:1000065c
16965406ns          287960 1c008258 428e87b3 p.mac            x15, x29, x8        x15=0000009b x15:0000009b x29:0000003a  x8:00000000
16965426ns          287961 1c00825c 27c72403 lw               x8, 636(x14)         x8=00000000 x14:10000420  PA:1000069c
16965486ns          287964 1c008260 428e07b3 p.mac            x15, x28, x8        x15=0000009b x15:0000009b x28:0000003b  x8:00000000
16965506ns          287965 1c008264 2bc72403 lw               x8, 700(x14)         x8=00000000 x14:10000420  PA:100006dc
16965566ns          287968 1c008268 428307b3 p.mac            x15, x6, x8         x15=0000009b x15:0000009b  x6:000000c5  x8:00000000
16965586ns          287969 1c00826c 2fc72403 lw               x8, 764(x14)         x8=00000000 x14:10000420  PA:1000071c
16965645ns          287972 1c008270 428887b3 p.mac            x15, x17, x8        x15=0000009b x15:0000009b x17:000000c4  x8:00000000
16965665ns          287973 1c008274 33c72403 lw               x8, 828(x14)         x8=00000000 x14:10000420  PA:1000075c
16965725ns          287976 1c008278 428807b3 p.mac            x15, x16, x8        x15=0000009b x15:0000009b x16:0000003e  x8:00000000
16965745ns          287977 1c00827c 37c72403 lw               x8, 892(x14)         x8=00000000 x14:10000420  PA:1000079c
16965804ns          287980 1c008280 428507b3 p.mac            x15, x10, x8        x15=0000009b x15:0000009b x10:0000003f  x8:00000000
16965824ns          287981 1c008284 3bc72403 lw               x8, 956(x14)         x8=00000000 x14:10000420  PA:100007dc
16965884ns          287984 1c008288 428587b3 p.mac            x15, x11, x8        x15=0000009b x15:0000009b x11:000000c1  x8:00000000
16965904ns          287985 1c00828c 00f6222b p.sw             x15, 4(x12!)        x12=100008e0 x15:0000009b x12:100008dc  PA:100008dc
16965944ns          287987 1c008210 0047278b p.lw             x15, 4(x14!)        x15=00000000 x14=10000424 x14:10000420  PA:10000420
16965963ns          287988 1c008214 03c72403 lw               x8, 60(x14)          x8=00000000 x14:10000424  PA:10000460
16965983ns          287989 1c008216 02fb87b3 mul              x15, x23, x15       x15=00000000 x23:000000d0 x15:00000000
16966003ns          287990 1c00821a 428b07b3 p.mac            x15, x22, x8        x15=00000000 x15:00000000 x22:00000032  x8:00000000
16966023ns          287991 1c00821e 07c72403 lw               x8, 124(x14)         x8=00000000 x14:10000424  PA:100004a0
16966083ns          287994 1c008220 428a87b3 p.mac            x15, x21, x8        x15=00000000 x15:00000000 x21:00000033  x8:00000000
16966103ns          287995 1c008224 0bc72403 lw               x8, 188(x14)         x8=00000000 x14:10000424  PA:100004e0
16966182ns          287999 1c008228 428a07b3 p.mac            x15, x20, x8        x15=00000000 x15:00000000 x20:000000cd  x8:00000000
16966202ns          288000 1c00822c 0fc72403 lw               x8, 252(x14)         x8=00000000 x14:10000424  PA:10000520
16966262ns          288003 1c008230 428087b3 p.mac            x15, x1, x8         x15=00000000 x15:00000000  x1:000000cc  x8:00000000
16966282ns          288004 1c008234 13c72403 lw               x8, 316(x14)         x8=00000000 x14:10000424  PA:10000560
16966341ns          288007 1c008238 428387b3 p.mac            x15, x7, x8         x15=00000000 x15:00000000  x7:00000036  x8:00000000
16966361ns          288008 1c00823c 17c72403 lw               x8, 380(x14)         x8=00000000 x14:10000424  PA:100005a0
16966421ns          288011 1c008240 428287b3 p.mac            x15, x5, x8         x15=00000000 x15:00000000  x5:00000037  x8:00000000
16966441ns          288012 1c008244 1bc72403 lw               x8, 444(x14)         x8=00000000 x14:10000424  PA:100005e0
16966500ns          288015 1c008248 428f87b3 p.mac            x15, x31, x8        x15=00000000 x15:00000000 x31:000000c9  x8:00000000
16966520ns          288016 1c00824c 1fc72403 lw               x8, 508(x14)         x8=00000001 x14:10000424  PA:10000620
16966580ns          288019 1c008250 428f07b3 p.mac            x15, x30, x8        x15=000000c8 x15:00000000 x30:000000c8  x8:00000001
16966600ns          288020 1c008254 23c72403 lw               x8, 572(x14)         x8=00000000 x14:10000424  PA:10000660
16966660ns          288023 1c008258 428e87b3 p.mac            x15, x29, x8        x15=000000c8 x15:000000c8 x29:0000003a  x8:00000000
16966680ns          288024 1c00825c 27c72403 lw               x8, 636(x14)         x8=00000000 x14:10000424  PA:100006a0
16966739ns          288027 1c008260 428e07b3 p.mac            x15, x28, x8        x15=000000c8 x15:000000c8 x28:0000003b  x8:00000000
16966759ns          288028 1c008264 2bc72403 lw               x8, 700(x14)         x8=00000000 x14:10000424  PA:100006e0
16966819ns          288031 1c008268 428307b3 p.mac            x15, x6, x8         x15=000000c8 x15:000000c8  x6:000000c5  x8:00000000
16966839ns          288032 1c00826c 2fc72403 lw               x8, 764(x14)         x8=00000001 x14:10000424  PA:10000720
16966898ns          288035 1c008270 428887b3 p.mac            x15, x17, x8        x15=0000018c x15:000000c8 x17:000000c4  x8:00000001
16966918ns          288036 1c008274 33c72403 lw               x8, 828(x14)         x8=00000000 x14:10000424  PA:10000760
16966978ns          288039 1c008278 428807b3 p.mac            x15, x16, x8        x15=0000018c x15:0000018c x16:0000003e  x8:00000000
16966998ns          288040 1c00827c 37c72403 lw               x8, 892(x14)         x8=00000000 x14:10000424  PA:100007a0
16967057ns          288043 1c008280 428507b3 p.mac            x15, x10, x8        x15=0000018c x15:0000018c x10:0000003f  x8:00000000
16967077ns          288044 1c008284 3bc72403 lw               x8, 956(x14)         x8=00000000 x14:10000424  PA:100007e0
16967137ns          288047 1c008288 428587b3 p.mac            x15, x11, x8        x15=0000018c x15:0000018c x11:000000c1  x8:00000000
16967157ns          288048 1c00828c 00f6222b p.sw             x15, 4(x12!)        x12=100008e4 x15:0000018c x12:100008e0  PA:100008e0
16967197ns          288050 1c008210 0047278b p.lw             x15, 4(x14!)        x15=00000000 x14=10000428 x14:10000424  PA:10000424
16967217ns          288051 1c008214 03c72403 lw               x8, 60(x14)          x8=00000000 x14:10000428  PA:10000464
16967236ns          288052 1c008216 02fb87b3 mul              x15, x23, x15       x15=00000000 x23:000000d0 x15:00000000
16967256ns          288053 1c00821a 428b07b3 p.mac            x15, x22, x8        x15=00000000 x15:00000000 x22:00000032  x8:00000000
16967276ns          288054 1c00821e 07c72403 lw               x8, 124(x14)         x8=00000001 x14:10000428  PA:100004a4
16967336ns          288057 1c008220 428a87b3 p.mac            x15, x21, x8        x15=00000033 x15:00000000 x21:00000033  x8:00000001
16967356ns          288058 1c008224 0bc72403 lw               x8, 188(x14)         x8=00000000 x14:10000428  PA:100004e4
16967435ns          288062 1c008228 428a07b3 p.mac            x15, x20, x8        x15=00000033 x15:00000033 x20:000000cd  x8:00000000
16967455ns          288063 1c00822c 0fc72403 lw               x8, 252(x14)         x8=00000000 x14:10000428  PA:10000524
16967515ns          288066 1c008230 428087b3 p.mac            x15, x1, x8         x15=00000033 x15:00000033  x1:000000cc  x8:00000000
16967535ns          288067 1c008234 13c72403 lw               x8, 316(x14)         x8=00000000 x14:10000428  PA:10000564
16967594ns          288070 1c008238 428387b3 p.mac            x15, x7, x8         x15=00000033 x15:00000033  x7:00000036  x8:00000000
16967614ns          288071 1c00823c 17c72403 lw               x8, 380(x14)         x8=00000000 x14:10000428  PA:100005a4
16967674ns          288074 1c008240 428287b3 p.mac            x15, x5, x8         x15=00000033 x15:00000033  x5:00000037  x8:00000000
16967694ns          288075 1c008244 1bc72403 lw               x8, 444(x14)         x8=00000000 x14:10000428  PA:100005e4
16967754ns          288078 1c008248 428f87b3 p.mac            x15, x31, x8        x15=00000033 x15:00000033 x31:000000c9  x8:00000000
16967773ns          288079 1c00824c 1fc72403 lw               x8, 508(x14)         x8=00000000 x14:10000428  PA:10000624
16967833ns          288082 1c008250 428f07b3 p.mac            x15, x30, x8        x15=00000033 x15:00000033 x30:000000c8  x8:00000000
16967853ns          288083 1c008254 23c72403 lw               x8, 572(x14)         x8=00000000 x14:10000428  PA:10000664
16967913ns          288086 1c008258 428e87b3 p.mac            x15, x29, x8        x15=00000033 x15:00000033 x29:0000003a  x8:00000000
16967933ns          288087 1c00825c 27c72403 lw               x8, 636(x14)         x8=00000000 x14:10000428  PA:100006a4
16967992ns          288090 1c008260 428e07b3 p.mac            x15, x28, x8        x15=00000033 x15:00000033 x28:0000003b  x8:00000000
16968012ns          288091 1c008264 2bc72403 lw               x8, 700(x14)         x8=00000000 x14:10000428  PA:100006e4
16968072ns          288094 1c008268 428307b3 p.mac            x15, x6, x8         x15=00000033 x15:00000033  x6:000000c5  x8:00000000
16968092ns          288095 1c00826c 2fc72403 lw               x8, 764(x14)         x8=00000001 x14:10000428  PA:10000724
16968151ns          288098 1c008270 428887b3 p.mac            x15, x17, x8        x15=000000f7 x15:00000033 x17:000000c4  x8:00000001
16968171ns          288099 1c008274 33c72403 lw               x8, 828(x14)         x8=00000001 x14:10000428  PA:10000764
16968231ns          288102 1c008278 428807b3 p.mac            x15, x16, x8        x15=00000135 x15:000000f7 x16:0000003e  x8:00000001
16968251ns          288103 1c00827c 37c72403 lw               x8, 892(x14)         x8=00000000 x14:10000428  PA:100007a4
16968311ns          288106 1c008280 428507b3 p.mac            x15, x10, x8        x15=00000135 x15:00000135 x10:0000003f  x8:00000000
16968330ns          288107 1c008284 3bc72403 lw               x8, 956(x14)         x8=00000000 x14:10000428  PA:100007e4
16968390ns          288110 1c008288 428587b3 p.mac            x15, x11, x8        x15=00000135 x15:00000135 x11:000000c1  x8:00000000
16968410ns          288111 1c00828c 00f6222b p.sw             x15, 4(x12!)        x12=100008e8 x15:00000135 x12:100008e4  PA:100008e4
16968450ns          288113 1c008210 0047278b p.lw             x15, 4(x14!)        x15=00000000 x14=1000042c x14:10000428  PA:10000428
16968470ns          288114 1c008214 03c72403 lw               x8, 60(x14)          x8=00000000 x14:1000042c  PA:10000468
16968490ns          288115 1c008216 02fb87b3 mul              x15, x23, x15       x15=00000000 x23:000000d0 x15:00000000
16968509ns          288116 1c00821a 428b07b3 p.mac            x15, x22, x8        x15=00000000 x15:00000000 x22:00000032  x8:00000000
16968529ns          288117 1c00821e 07c72403 lw               x8, 124(x14)         x8=00000000 x14:1000042c  PA:100004a8
16968589ns          288120 1c008220 428a87b3 p.mac            x15, x21, x8        x15=00000000 x15:00000000 x21:00000033  x8:00000000
16968609ns          288121 1c008224 0bc72403 lw               x8, 188(x14)         x8=00000000 x14:1000042c  PA:100004e8
16968688ns          288125 1c008228 428a07b3 p.mac            x15, x20, x8        x15=00000000 x15:00000000 x20:000000cd  x8:00000000
16968708ns          288126 1c00822c 0fc72403 lw               x8, 252(x14)         x8=00000000 x14:1000042c  PA:10000528
16968768ns          288129 1c008230 428087b3 p.mac            x15, x1, x8         x15=00000000 x15:00000000  x1:000000cc  x8:00000000
16968788ns          288130 1c008234 13c72403 lw               x8, 316(x14)         x8=00000000 x14:1000042c  PA:10000568
16968848ns          288133 1c008238 428387b3 p.mac            x15, x7, x8         x15=00000000 x15:00000000  x7:00000036  x8:00000000
16968867ns          288134 1c00823c 17c72403 lw               x8, 380(x14)         x8=00000000 x14:1000042c  PA:100005a8
16968927ns          288137 1c008240 428287b3 p.mac            x15, x5, x8         x15=00000000 x15:00000000  x5:00000037  x8:00000000
16968947ns          288138 1c008244 1bc72403 lw               x8, 444(x14)         x8=00000000 x14:1000042c  PA:100005e8
16969007ns          288141 1c008248 428f87b3 p.mac            x15, x31, x8        x15=00000000 x15:00000000 x31:000000c9  x8:00000000
16969027ns          288142 1c00824c 1fc72403 lw               x8, 508(x14)         x8=00000000 x14:1000042c  PA:10000628
16969086ns          288145 1c008250 428f07b3 p.mac            x15, x30, x8        x15=00000000 x15:00000000 x30:000000c8  x8:00000000
16969106ns          288146 1c008254 23c72403 lw               x8, 572(x14)         x8=00000000 x14:1000042c  PA:10000668
16969166ns          288149 1c008258 428e87b3 p.mac            x15, x29, x8        x15=00000000 x15:00000000 x29:0000003a  x8:00000000
16969186ns          288150 1c00825c 27c72403 lw               x8, 636(x14)         x8=00000000 x14:1000042c  PA:100006a8
16969245ns          288153 1c008260 428e07b3 p.mac            x15, x28, x8        x15=00000000 x15:00000000 x28:0000003b  x8:00000000
16969265ns          288154 1c008264 2bc72403 lw               x8, 700(x14)         x8=00000000 x14:1000042c  PA:100006e8
16969325ns          288157 1c008268 428307b3 p.mac            x15, x6, x8         x15=00000000 x15:00000000  x6:000000c5  x8:00000000
16969345ns          288158 1c00826c 2fc72403 lw               x8, 764(x14)         x8=00000000 x14:1000042c  PA:10000728
16969405ns          288161 1c008270 428887b3 p.mac            x15, x17, x8        x15=00000000 x15:00000000 x17:000000c4  x8:00000000
16969424ns          288162 1c008274 33c72403 lw               x8, 828(x14)         x8=00000000 x14:1000042c  PA:10000768
16969484ns          288165 1c008278 428807b3 p.mac            x15, x16, x8        x15=00000000 x15:00000000 x16:0000003e  x8:00000000
16969504ns          288166 1c00827c 37c72403 lw               x8, 892(x14)         x8=00000000 x14:1000042c  PA:100007a8
16969564ns          288169 1c008280 428507b3 p.mac            x15, x10, x8        x15=00000000 x15:00000000 x10:0000003f  x8:00000000
16969584ns          288170 1c008284 3bc72403 lw               x8, 956(x14)         x8=00000000 x14:1000042c  PA:100007e8
16969643ns          288173 1c008288 428587b3 p.mac            x15, x11, x8        x15=00000000 x15:00000000 x11:000000c1  x8:00000000
16969663ns          288174 1c00828c 00f6222b p.sw             x15, 4(x12!)        x12=100008ec x15:00000000 x12:100008e8  PA:100008e8
16969703ns          288176 1c008210 0047278b p.lw             x15, 4(x14!)        x15=00000000 x14=10000430 x14:1000042c  PA:1000042c
16969723ns          288177 1c008214 03c72403 lw               x8, 60(x14)          x8=00000000 x14:10000430  PA:1000046c
16969743ns          288178 1c008216 02fb87b3 mul              x15, x23, x15       x15=00000000 x23:000000d0 x15:00000000
16969763ns          288179 1c00821a 428b07b3 p.mac            x15, x22, x8        x15=00000000 x15:00000000 x22:00000032  x8:00000000
16969782ns          288180 1c00821e 07c72403 lw               x8, 124(x14)         x8=00000000 x14:10000430  PA:100004ac
16969842ns          288183 1c008220 428a87b3 p.mac            x15, x21, x8        x15=00000000 x15:00000000 x21:00000033  x8:00000000
16969862ns          288184 1c008224 0bc72403 lw               x8, 188(x14)         x8=00000000 x14:10000430  PA:100004ec
16969942ns          288188 1c008228 428a07b3 p.mac            x15, x20, x8        x15=00000000 x15:00000000 x20:000000cd  x8:00000000
16969961ns          288189 1c00822c 0fc72403 lw               x8, 252(x14)         x8=00000000 x14:10000430  PA:1000052c
16970021ns          288192 1c008230 428087b3 p.mac            x15, x1, x8         x15=00000000 x15:00000000  x1:000000cc  x8:00000000
16970041ns          288193 1c008234 13c72403 lw               x8, 316(x14)         x8=00000000 x14:10000430  PA:1000056c
16970101ns          288196 1c008238 428387b3 p.mac            x15, x7, x8         x15=00000000 x15:00000000  x7:00000036  x8:00000000
16970121ns          288197 1c00823c 17c72403 lw               x8, 380(x14)         x8=00000001 x14:10000430  PA:100005ac
16970180ns          288200 1c008240 428287b3 p.mac            x15, x5, x8         x15=00000037 x15:00000000  x5:00000037  x8:00000001
16970200ns          288201 1c008244 1bc72403 lw               x8, 444(x14)         x8=00000000 x14:10000430  PA:100005ec
16970260ns          288204 1c008248 428f87b3 p.mac            x15, x31, x8        x15=00000037 x15:00000037 x31:000000c9  x8:00000000
16970280ns          288205 1c00824c 1fc72403 lw               x8, 508(x14)         x8=00000000 x14:10000430  PA:1000062c
16970339ns          288208 1c008250 428f07b3 p.mac            x15, x30, x8        x15=00000037 x15:00000037 x30:000000c8  x8:00000000
16970359ns          288209 1c008254 23c72403 lw               x8, 572(x14)         x8=00000000 x14:10000430  PA:1000066c
16970419ns          288212 1c008258 428e87b3 p.mac            x15, x29, x8        x15=00000037 x15:00000037 x29:0000003a  x8:00000000
16970439ns          288213 1c00825c 27c72403 lw               x8, 636(x14)         x8=00000001 x14:10000430  PA:100006ac
16970499ns          288216 1c008260 428e07b3 p.mac            x15, x28, x8        x15=00000072 x15:00000037 x28:0000003b  x8:00000001
16970518ns          288217 1c008264 2bc72403 lw               x8, 700(x14)         x8=00000000 x14:10000430  PA:100006ec
16970578ns          288220 1c008268 428307b3 p.mac            x15, x6, x8         x15=00000072 x15:00000072  x6:000000c5  x8:00000000
16970598ns          288221 1c00826c 2fc72403 lw               x8, 764(x14)         x8=00000000 x14:10000430  PA:1000072c
16970658ns          288224 1c008270 428887b3 p.mac            x15, x17, x8        x15=00000072 x15:00000072 x17:000000c4  x8:00000000
16970678ns          288225 1c008274 33c72403 lw               x8, 828(x14)         x8=00000000 x14:10000430  PA:1000076c
16970737ns          288228 1c008278 428807b3 p.mac            x15, x16, x8        x15=00000072 x15:00000072 x16:0000003e  x8:00000000
16970757ns          288229 1c00827c 37c72403 lw               x8, 892(x14)         x8=00000000 x14:10000430  PA:100007ac
16970817ns          288232 1c008280 428507b3 p.mac            x15, x10, x8        x15=00000072 x15:00000072 x10:0000003f  x8:00000000
16970837ns          288233 1c008284 3bc72403 lw               x8, 956(x14)         x8=00000000 x14:10000430  PA:100007ec
16970896ns          288236 1c008288 428587b3 p.mac            x15, x11, x8        x15=00000072 x15:00000072 x11:000000c1  x8:00000000
16970916ns          288237 1c00828c 00f6222b p.sw             x15, 4(x12!)        x12=100008f0 x15:00000072 x12:100008ec  PA:100008ec
16970956ns          288239 1c008210 0047278b p.lw             x15, 4(x14!)        x15=00000000 x14=10000434 x14:10000430  PA:10000430
16970976ns          288240 1c008214 03c72403 lw               x8, 60(x14)          x8=00000000 x14:10000434  PA:10000470
16970996ns          288241 1c008216 02fb87b3 mul              x15, x23, x15       x15=00000000 x23:000000d0 x15:00000000
16971016ns          288242 1c00821a 428b07b3 p.mac            x15, x22, x8        x15=00000000 x15:00000000 x22:00000032  x8:00000000
16971036ns          288243 1c00821e 07c72403 lw               x8, 124(x14)         x8=00000000 x14:10000434  PA:100004b0
16971095ns          288246 1c008220 428a87b3 p.mac            x15, x21, x8        x15=00000000 x15:00000000 x21:00000033  x8:00000000
16971115ns          288247 1c008224 0bc72403 lw               x8, 188(x14)         x8=00000001 x14:10000434  PA:100004f0
16971195ns          288251 1c008228 428a07b3 p.mac            x15, x20, x8        x15=000000cd x15:00000000 x20:000000cd  x8:00000001
16971215ns          288252 1c00822c 0fc72403 lw               x8, 252(x14)         x8=00000001 x14:10000434  PA:10000530
16971274ns          288255 1c008230 428087b3 p.mac            x15, x1, x8         x15=00000199 x15:000000cd  x1:000000cc  x8:00000001
16971294ns          288256 1c008234 13c72403 lw               x8, 316(x14)         x8=00000000 x14:10000434  PA:10000570
16971354ns          288259 1c008238 428387b3 p.mac            x15, x7, x8         x15=00000199 x15:00000199  x7:00000036  x8:00000000
16971374ns          288260 1c00823c 17c72403 lw               x8, 380(x14)         x8=00000000 x14:10000434  PA:100005b0
16971433ns          288263 1c008240 428287b3 p.mac            x15, x5, x8         x15=00000199 x15:00000199  x5:00000037  x8:00000000
16971453ns          288264 1c008244 1bc72403 lw               x8, 444(x14)         x8=00000000 x14:10000434  PA:100005f0
16971513ns          288267 1c008248 428f87b3 p.mac            x15, x31, x8        x15=00000199 x15:00000199 x31:000000c9  x8:00000000
16971533ns          288268 1c00824c 1fc72403 lw               x8, 508(x14)         x8=00000000 x14:10000434  PA:10000630
16971593ns          288271 1c008250 428f07b3 p.mac            x15, x30, x8        x15=00000199 x15:00000199 x30:000000c8  x8:00000000
16971612ns          288272 1c008254 23c72403 lw               x8, 572(x14)         x8=00000000 x14:10000434  PA:10000670
16971672ns          288275 1c008258 428e87b3 p.mac            x15, x29, x8        x15=00000199 x15:00000199 x29:0000003a  x8:00000000
16971692ns          288276 1c00825c 27c72403 lw               x8, 636(x14)         x8=00000001 x14:10000434  PA:100006b0
16971752ns          288279 1c008260 428e07b3 p.mac            x15, x28, x8        x15=000001d4 x15:00000199 x28:0000003b  x8:00000001
16971772ns          288280 1c008264 2bc72403 lw               x8, 700(x14)         x8=00000000 x14:10000434  PA:100006f0
16971831ns          288283 1c008268 428307b3 p.mac            x15, x6, x8         x15=000001d4 x15:000001d4  x6:000000c5  x8:00000000
16971851ns          288284 1c00826c 2fc72403 lw               x8, 764(x14)         x8=00000001 x14:10000434  PA:10000730
16971911ns          288287 1c008270 428887b3 p.mac            x15, x17, x8        x15=00000298 x15:000001d4 x17:000000c4  x8:00000001
16971931ns          288288 1c008274 33c72403 lw               x8, 828(x14)         x8=00000000 x14:10000434  PA:10000770
16971990ns          288291 1c008278 428807b3 p.mac            x15, x16, x8        x15=00000298 x15:00000298 x16:0000003e  x8:00000000
16972010ns          288292 1c00827c 37c72403 lw               x8, 892(x14)         x8=00000000 x14:10000434  PA:100007b0
16972070ns          288295 1c008280 428507b3 p.mac            x15, x10, x8        x15=00000298 x15:00000298 x10:0000003f  x8:00000000
16972090ns          288296 1c008284 3bc72403 lw               x8, 956(x14)         x8=00000000 x14:10000434  PA:100007f0
16972149ns          288299 1c008288 428587b3 p.mac            x15, x11, x8        x15=00000298 x15:00000298 x11:000000c1  x8:00000000
16972169ns          288300 1c00828c 00f6222b p.sw             x15, 4(x12!)        x12=100008f4 x15:00000298 x12:100008f0  PA:100008f0
16972209ns          288302 1c008210 0047278b p.lw             x15, 4(x14!)        x15=00000000 x14=10000438 x14:10000434  PA:10000434
16972229ns          288303 1c008214 03c72403 lw               x8, 60(x14)          x8=00000000 x14:10000438  PA:10000474
16972249ns          288304 1c008216 02fb87b3 mul              x15, x23, x15       x15=00000000 x23:000000d0 x15:00000000
16972269ns          288305 1c00821a 428b07b3 p.mac            x15, x22, x8        x15=00000000 x15:00000000 x22:00000032  x8:00000000
16972289ns          288306 1c00821e 07c72403 lw               x8, 124(x14)         x8=00000000 x14:10000438  PA:100004b4
16972348ns          288309 1c008220 428a87b3 p.mac            x15, x21, x8        x15=00000000 x15:00000000 x21:00000033  x8:00000000
16972368ns          288310 1c008224 0bc72403 lw               x8, 188(x14)         x8=00000001 x14:10000438  PA:100004f4
16972448ns          288314 1c008228 428a07b3 p.mac            x15, x20, x8        x15=000000cd x15:00000000 x20:000000cd  x8:00000001
16972468ns          288315 1c00822c 0fc72403 lw               x8, 252(x14)         x8=00000000 x14:10000438  PA:10000534
16972527ns          288318 1c008230 428087b3 p.mac            x15, x1, x8         x15=000000cd x15:000000cd  x1:000000cc  x8:00000000
16972547ns          288319 1c008234 13c72403 lw               x8, 316(x14)         x8=00000000 x14:10000438  PA:10000574
16972607ns          288322 1c008238 428387b3 p.mac            x15, x7, x8         x15=000000cd x15:000000cd  x7:00000036  x8:00000000
16972627ns          288323 1c00823c 17c72403 lw               x8, 380(x14)         x8=00000000 x14:10000438  PA:100005b4
16972687ns          288326 1c008240 428287b3 p.mac            x15, x5, x8         x15=000000cd x15:000000cd  x5:00000037  x8:00000000
16972706ns          288327 1c008244 1bc72403 lw               x8, 444(x14)         x8=00000000 x14:10000438  PA:100005f4
16972766ns          288330 1c008248 428f87b3 p.mac            x15, x31, x8        x15=000000cd x15:000000cd x31:000000c9  x8:00000000
16972786ns          288331 1c00824c 1fc72403 lw               x8, 508(x14)         x8=00000000 x14:10000438  PA:10000634
16972846ns          288334 1c008250 428f07b3 p.mac            x15, x30, x8        x15=000000cd x15:000000cd x30:000000c8  x8:00000000
16972866ns          288335 1c008254 23c72403 lw               x8, 572(x14)         x8=00000000 x14:10000438  PA:10000674
16972925ns          288338 1c008258 428e87b3 p.mac            x15, x29, x8        x15=000000cd x15:000000cd x29:0000003a  x8:00000000
16972945ns          288339 1c00825c 27c72403 lw               x8, 636(x14)         x8=00000000 x14:10000438  PA:100006b4
16973005ns          288342 1c008260 428e07b3 p.mac            x15, x28, x8        x15=000000cd x15:000000cd x28:0000003b  x8:00000000
16973025ns          288343 1c008264 2bc72403 lw               x8, 700(x14)         x8=00000000 x14:10000438  PA:100006f4
16973084ns          288346 1c008268 428307b3 p.mac            x15, x6, x8         x15=000000cd x15:000000cd  x6:000000c5  x8:00000000
16973104ns          288347 1c00826c 2fc72403 lw               x8, 764(x14)         x8=00000000 x14:10000438  PA:10000734
16973164ns          288350 1c008270 428887b3 p.mac            x15, x17, x8        x15=000000cd x15:000000cd x17:000000c4  x8:00000000
16973184ns          288351 1c008274 33c72403 lw               x8, 828(x14)         x8=00000000 x14:10000438  PA:10000774
16973243ns          288354 1c008278 428807b3 p.mac            x15, x16, x8        x15=000000cd x15:000000cd x16:0000003e  x8:00000000
16973263ns          288355 1c00827c 37c72403 lw               x8, 892(x14)         x8=00000000 x14:10000438  PA:100007b4
16973323ns          288358 1c008280 428507b3 p.mac            x15, x10, x8        x15=000000cd x15:000000cd x10:0000003f  x8:00000000
16973343ns          288359 1c008284 3bc72403 lw               x8, 956(x14)         x8=00000000 x14:10000438  PA:100007f4
16973403ns          288362 1c008288 428587b3 p.mac            x15, x11, x8        x15=000000cd x15:000000cd x11:000000c1  x8:00000000
16973422ns          288363 1c00828c 00f6222b p.sw             x15, 4(x12!)        x12=100008f8 x15:000000cd x12:100008f4  PA:100008f4
16973462ns          288365 1c008210 0047278b p.lw             x15, 4(x14!)        x15=00000000 x14=1000043c x14:10000438  PA:10000438
16973482ns          288366 1c008214 03c72403 lw               x8, 60(x14)          x8=00000000 x14:1000043c  PA:10000478
16973502ns          288367 1c008216 02fb87b3 mul              x15, x23, x15       x15=00000000 x23:000000d0 x15:00000000
16973522ns          288368 1c00821a 428b07b3 p.mac            x15, x22, x8        x15=00000000 x15:00000000 x22:00000032  x8:00000000
16973542ns          288369 1c00821e 07c72403 lw               x8, 124(x14)         x8=00000001 x14:1000043c  PA:100004b8
16973601ns          288372 1c008220 428a87b3 p.mac            x15, x21, x8        x15=00000033 x15:00000000 x21:00000033  x8:00000001
16973621ns          288373 1c008224 0bc72403 lw               x8, 188(x14)         x8=00000000 x14:1000043c  PA:100004f8
16973701ns          288377 1c008228 428a07b3 p.mac            x15, x20, x8        x15=00000033 x15:00000033 x20:000000cd  x8:00000000
16973721ns          288378 1c00822c 0fc72403 lw               x8, 252(x14)         x8=00000000 x14:1000043c  PA:10000538
16973780ns          288381 1c008230 428087b3 p.mac            x15, x1, x8         x15=00000033 x15:00000033  x1:000000cc  x8:00000000
16973800ns          288382 1c008234 13c72403 lw               x8, 316(x14)         x8=00000000 x14:1000043c  PA:10000578
16973860ns          288385 1c008238 428387b3 p.mac            x15, x7, x8         x15=00000033 x15:00000033  x7:00000036  x8:00000000
16973880ns          288386 1c00823c 17c72403 lw               x8, 380(x14)         x8=00000000 x14:1000043c  PA:100005b8
16973940ns          288389 1c008240 428287b3 p.mac            x15, x5, x8         x15=00000033 x15:00000033  x5:00000037  x8:00000000
16973960ns          288390 1c008244 1bc72403 lw               x8, 444(x14)         x8=00000001 x14:1000043c  PA:100005f8
16974019ns          288393 1c008248 428f87b3 p.mac            x15, x31, x8        x15=000000fc x15:00000033 x31:000000c9  x8:00000001
16974039ns          288394 1c00824c 1fc72403 lw               x8, 508(x14)         x8=00000001 x14:1000043c  PA:10000638
16974099ns          288397 1c008250 428f07b3 p.mac            x15, x30, x8        x15=000001c4 x15:000000fc x30:000000c8  x8:00000001
16974119ns          288398 1c008254 23c72403 lw               x8, 572(x14)         x8=00000000 x14:1000043c  PA:10000678
16974178ns          288401 1c008258 428e87b3 p.mac            x15, x29, x8        x15=000001c4 x15:000001c4 x29:0000003a  x8:00000000
16974198ns          288402 1c00825c 27c72403 lw               x8, 636(x14)         x8=00000001 x14:1000043c  PA:100006b8
16974258ns          288405 1c008260 428e07b3 p.mac            x15, x28, x8        x15=000001ff x15:000001c4 x28:0000003b  x8:00000001
16974278ns          288406 1c008264 2bc72403 lw               x8, 700(x14)         x8=00000000 x14:1000043c  PA:100006f8
16974337ns          288409 1c008268 428307b3 p.mac            x15, x6, x8         x15=000001ff x15:000001ff  x6:000000c5  x8:00000000
16974357ns          288410 1c00826c 2fc72403 lw               x8, 764(x14)         x8=00000001 x14:1000043c  PA:10000738
16974417ns          288413 1c008270 428887b3 p.mac            x15, x17, x8        x15=000002c3 x15:000001ff x17:000000c4  x8:00000001
16974437ns          288414 1c008274 33c72403 lw               x8, 828(x14)         x8=00000000 x14:1000043c  PA:10000778
16974497ns          288417 1c008278 428807b3 p.mac            x15, x16, x8        x15=000002c3 x15:000002c3 x16:0000003e  x8:00000000
16974516ns          288418 1c00827c 37c72403 lw               x8, 892(x14)         x8=00000000 x14:1000043c  PA:100007b8
16974576ns          288421 1c008280 428507b3 p.mac            x15, x10, x8        x15=000002c3 x15:000002c3 x10:0000003f  x8:00000000
16974596ns          288422 1c008284 3bc72403 lw               x8, 956(x14)         x8=00000000 x14:1000043c  PA:100007f8
16974656ns          288425 1c008288 428587b3 p.mac            x15, x11, x8        x15=000002c3 x15:000002c3 x11:000000c1  x8:00000000
16974676ns          288426 1c00828c 00f6222b p.sw             x15, 4(x12!)        x12=100008fc x15:000002c3 x12:100008f8  PA:100008f8
16974715ns          288428 1c008210 0047278b p.lw             x15, 4(x14!)        x15=00000000 x14=10000440 x14:1000043c  PA:1000043c
16974735ns          288429 1c008214 03c72403 lw               x8, 60(x14)          x8=00000000 x14:10000440  PA:1000047c
16974755ns          288430 1c008216 02fb87b3 mul              x15, x23, x15       x15=00000000 x23:000000d0 x15:00000000
16974775ns          288431 1c00821a 428b07b3 p.mac            x15, x22, x8        x15=00000000 x15:00000000 x22:00000032  x8:00000000
16974795ns          288432 1c00821e 07c72403 lw               x8, 124(x14)         x8=00000000 x14:10000440  PA:100004bc
16974855ns          288435 1c008220 428a87b3 p.mac            x15, x21, x8        x15=00000000 x15:00000000 x21:00000033  x8:00000000
16974874ns          288436 1c008224 0bc72403 lw               x8, 188(x14)         x8=00000000 x14:10000440  PA:100004fc
16974954ns          288440 1c008228 428a07b3 p.mac            x15, x20, x8        x15=00000000 x15:00000000 x20:000000cd  x8:00000000
16974974ns          288441 1c00822c 0fc72403 lw               x8, 252(x14)         x8=00000000 x14:10000440  PA:1000053c
16975034ns          288444 1c008230 428087b3 p.mac            x15, x1, x8         x15=00000000 x15:00000000  x1:000000cc  x8:00000000
16975054ns          288445 1c008234 13c72403 lw               x8, 316(x14)         x8=00000000 x14:10000440  PA:1000057c
16975113ns          288448 1c008238 428387b3 p.mac            x15, x7, x8         x15=00000000 x15:00000000  x7:00000036  x8:00000000
16975133ns          288449 1c00823c 17c72403 lw               x8, 380(x14)         x8=00000000 x14:10000440  PA:100005bc
16975193ns          288452 1c008240 428287b3 p.mac            x15, x5, x8         x15=00000000 x15:00000000  x5:00000037  x8:00000000
16975213ns          288453 1c008244 1bc72403 lw               x8, 444(x14)         x8=00000000 x14:10000440  PA:100005fc
16975272ns          288456 1c008248 428f87b3 p.mac            x15, x31, x8        x15=00000000 x15:00000000 x31:000000c9  x8:00000000
16975292ns          288457 1c00824c 1fc72403 lw               x8, 508(x14)         x8=00000000 x14:10000440  PA:1000063c
16975352ns          288460 1c008250 428f07b3 p.mac            x15, x30, x8        x15=00000000 x15:00000000 x30:000000c8  x8:00000000
16975372ns          288461 1c008254 23c72403 lw               x8, 572(x14)         x8=00000001 x14:10000440  PA:1000067c
16975431ns          288464 1c008258 428e87b3 p.mac            x15, x29, x8        x15=0000003a x15:00000000 x29:0000003a  x8:00000001
16975451ns          288465 1c00825c 27c72403 lw               x8, 636(x14)         x8=00000000 x14:10000440  PA:100006bc
16975511ns          288468 1c008260 428e07b3 p.mac            x15, x28, x8        x15=0000003a x15:0000003a x28:0000003b  x8:00000000
16975531ns          288469 1c008264 2bc72403 lw               x8, 700(x14)         x8=00000001 x14:10000440  PA:100006fc
16975591ns          288472 1c008268 428307b3 p.mac            x15, x6, x8         x15=000000ff x15:0000003a  x6:000000c5  x8:00000001
16975610ns          288473 1c00826c 2fc72403 lw               x8, 764(x14)         x8=00000001 x14:10000440  PA:1000073c
16975670ns          288476 1c008270 428887b3 p.mac            x15, x17, x8        x15=000001c3 x15:000000ff x17:000000c4  x8:00000001
16975690ns          288477 1c008274 33c72403 lw               x8, 828(x14)         x8=00000000 x14:10000440  PA:1000077c
16975750ns          288480 1c008278 428807b3 p.mac            x15, x16, x8        x15=000001c3 x15:000001c3 x16:0000003e  x8:00000000
16975770ns          288481 1c00827c 37c72403 lw               x8, 892(x14)         x8=00000001 x14:10000440  PA:100007bc
16975829ns          288484 1c008280 428507b3 p.mac            x15, x10, x8        x15=00000202 x15:000001c3 x10:0000003f  x8:00000001
16975849ns          288485 1c008284 3bc72403 lw               x8, 956(x14)         x8=00000000 x14:10000440  PA:100007fc
16975909ns          288488 1c008288 428587b3 p.mac            x15, x11, x8        x15=00000202 x15:00000202 x11:000000c1  x8:00000000
16975929ns          288489 1c00828c 00f6222b p.sw             x15, 4(x12!)        x12=10000900 x15:00000202 x12:100008fc  PA:100008fc
16975968ns          288491 1c008210 0047278b p.lw             x15, 4(x14!)        x15=00000000 x14=10000444 x14:10000440  PA:10000440
16975988ns          288492 1c008214 03c72403 lw               x8, 60(x14)          x8=00000000 x14:10000444  PA:10000480
16976008ns          288493 1c008216 02fb87b3 mul              x15, x23, x15       x15=00000000 x23:000000d0 x15:00000000
16976028ns          288494 1c00821a 428b07b3 p.mac            x15, x22, x8        x15=00000000 x15:00000000 x22:00000032  x8:00000000
16976048ns          288495 1c00821e 07c72403 lw               x8, 124(x14)         x8=00000001 x14:10000444  PA:100004c0
16976108ns          288498 1c008220 428a87b3 p.mac            x15, x21, x8        x15=00000033 x15:00000000 x21:00000033  x8:00000001
16976128ns          288499 1c008224 0bc72403 lw               x8, 188(x14)         x8=00000001 x14:10000444  PA:10000500
16976207ns          288503 1c008228 428a07b3 p.mac            x15, x20, x8        x15=00000100 x15:00000033 x20:000000cd  x8:00000001
16976227ns          288504 1c00822c 0fc72403 lw               x8, 252(x14)         x8=00000000 x14:10000444  PA:10000540
16976287ns          288507 1c008230 428087b3 p.mac            x15, x1, x8         x15=00000100 x15:00000100  x1:000000cc  x8:00000000
16976307ns          288508 1c008234 13c72403 lw               x8, 316(x14)         x8=00000000 x14:10000444  PA:10000580
16976366ns          288511 1c008238 428387b3 p.mac            x15, x7, x8         x15=00000100 x15:00000100  x7:00000036  x8:00000000
16976386ns          288512 1c00823c 17c72403 lw               x8, 380(x14)         x8=00000000 x14:10000444  PA:100005c0
16976446ns          288515 1c008240 428287b3 p.mac            x15, x5, x8         x15=00000100 x15:00000100  x5:00000037  x8:00000000
16976466ns          288516 1c008244 1bc72403 lw               x8, 444(x14)         x8=00000000 x14:10000444  PA:10000600
16976525ns          288519 1c008248 428f87b3 p.mac            x15, x31, x8        x15=00000100 x15:00000100 x31:000000c9  x8:00000000
16976545ns          288520 1c00824c 1fc72403 lw               x8, 508(x14)         x8=00000000 x14:10000444  PA:10000640
16976605ns          288523 1c008250 428f07b3 p.mac            x15, x30, x8        x15=00000100 x15:00000100 x30:000000c8  x8:00000000
16976625ns          288524 1c008254 23c72403 lw               x8, 572(x14)         x8=00000001 x14:10000444  PA:10000680
16976685ns          288527 1c008258 428e87b3 p.mac            x15, x29, x8        x15=0000013a x15:00000100 x29:0000003a  x8:00000001
16976704ns          288528 1c00825c 27c72403 lw               x8, 636(x14)         x8=00000000 x14:10000444  PA:100006c0
16976764ns          288531 1c008260 428e07b3 p.mac            x15, x28, x8        x15=0000013a x15:0000013a x28:0000003b  x8:00000000
16976784ns          288532 1c008264 2bc72403 lw               x8, 700(x14)         x8=00000001 x14:10000444  PA:10000700
16976844ns          288535 1c008268 428307b3 p.mac            x15, x6, x8         x15=000001ff x15:0000013a  x6:000000c5  x8:00000001
16976864ns          288536 1c00826c 2fc72403 lw               x8, 764(x14)         x8=00000000 x14:10000444  PA:10000740
16976923ns          288539 1c008270 428887b3 p.mac            x15, x17, x8        x15=000001ff x15:000001ff x17:000000c4  x8:00000000
16976943ns          288540 1c008274 33c72403 lw               x8, 828(x14)         x8=00000000 x14:10000444  PA:10000780
16977003ns          288543 1c008278 428807b3 p.mac            x15, x16, x8        x15=000001ff x15:000001ff x16:0000003e  x8:00000000
16977023ns          288544 1c00827c 37c72403 lw               x8, 892(x14)         x8=00000000 x14:10000444  PA:100007c0
16977082ns          288547 1c008280 428507b3 p.mac            x15, x10, x8        x15=000001ff x15:000001ff x10:0000003f  x8:00000000
16977102ns          288548 1c008284 3bc72403 lw               x8, 956(x14)         x8=00000000 x14:10000444  PA:10000800
16977162ns          288551 1c008288 428587b3 p.mac            x15, x11, x8        x15=000001ff x15:000001ff x11:000000c1  x8:00000000
16977182ns          288552 1c00828c 00f6222b p.sw             x15, 4(x12!)        x12=10000904 x15:000001ff x12:10000900  PA:10000900
16977222ns          288554 1c008290 001c0c13 addi             x24, x24, 1         x24=00000004 x24:00000003
16977241ns          288555 1c008292 100c4c33 p.exths          x24, x24, x0        x24=00000004 x24:00000004
16977261ns          288556 1c008296 01800633 add              x12, x0, x24        x12=00000004 x24:00000004
16977281ns          288557 1c008298 469010ef jal              x1, 7272             x1=1c00829c
16977759ns          288581 1c009f00 f14027f3 csrrs            x15, x0, 0xf14      x15=00000000
16977779ns          288582 1c009f04 01f00713 addi             x14, x0, 31         x14=0000001f
16977798ns          288583 1c009f06 ca5797b3 p.extractu       x15, x15, 5, 5      x15=00000000 x15:00000000
16977818ns          288584 1c009f0a 00e78863 beq              x15, x14, 16        x15:00000000 x14:0000001f
16977838ns          288585 1c009f0e 002047b7 lui              x15, 0x204000       x15=00204000
16977858ns          288586 1c009f12 20078793 addi             x15, x15, 512       x15=00204200 x15:00204000
16977878ns          288587 1c009f16 01c7e703 p.elw            x14, 28(x15)        x14=00010000 x15:00204200  PA:0020421c
16978097ns          288598 1c009f1a 00008067 jalr             x0, x1, 0            x1:1c00829c
16978137ns          288600 1c00829c 000900e7 jalr             x1, x18, 0           x1=1c00829e x18:1c009c32
16978256ns          288606 1c009c32 f14027f3 csrrs            x15, x0, 0xf14      x15=00000000
16978276ns          288607 1c009c36 f457b7b3 p.bclr           x15, x15, 26, 5     x15=00000000 x15:00000000
16978296ns          288608 1c009c3a 00079663 bne              x15, x0, 12         x15:00000000
16978316ns          288609 1c009c3c 1a10b7b7 lui              x15, 0x1a10b000     x15=1a10b000
16978335ns          288610 1c009c40 00478793 addi             x15, x15, 4         x15=1a10b004 x15:1a10b000
16978355ns          288611 1c009c42 0007a023 sw               x0, 0(x15)          x15:1a10b004  PA:1a10b004
16978674ns          288627 1c009c46 00008067 jalr             x0, x1, 0            x1:1c00829e
16978694ns          288628 1c00829e 08049363 bne              x9, x0, 134          x9:00000000
16978713ns          288629 1c0082a0 10001437 lui              x8, 0x10001000       x8=10001000
16978733ns          288630 1c0082a4 80440413 addi             x8, x8, -2044        x8=10000804  x8:10001000
16978753ns          288631 1c0082a8 00000693 addi             x13, x0, 0          x13=00000000
16978773ns          288632 1c0082aa 01000593 addi             x11, x0, 16         x11=00000010
16978793ns          288633 1c0082ac 0225c0fb lp.setup         0x1, x11, 0x22      x11:00000010
16979191ns          288653 1c0082b0 00042783 lw               x15, 0(x8)          x15=000001fe  x8:10000804  PA:10000804
16979211ns          288654 1c0082b2 00442603 lw               x12, 4(x8)          x12=000001f7  x8:10000804  PA:10000808
16979231ns          288655 1c0082b4 00842703 lw               x14, 8(x8)          x14=0000000e  x8:10000804  PA:1000080c
16979250ns          288656 1c0082b6 00f686b3 add              x13, x13, x15       x13=000001fe x13:00000000 x15:000001fe
16979270ns          288657 1c0082b8 00c686b3 add              x13, x13, x12       x13=000003f5 x13:000001fe x12:000001f7
16979290ns          288658 1c0082ba 00c42783 lw               x15, 12(x8)         x15=000001ff  x8:10000804  PA:10000810
16979310ns          288659 1c0082bc 01042603 lw               x12, 16(x8)         x12=00000106  x8:10000804  PA:10000814
16979330ns          288660 1c0082be 00e686b3 add              x13, x13, x14       x13=00000403 x13:000003f5 x14:0000000e
16979708ns          288679 1c0082c0 00f686b3 add              x13, x13, x15       x13=00000602 x13:00000403 x15:000001ff
16979728ns          288680 1c0082c2 01442703 lw               x14, 20(x8)         x14=00000000  x8:10000804  PA:10000818
16979748ns          288681 1c0082c4 01842783 lw               x15, 24(x8)         x15=0000000b  x8:10000804  PA:1000081c
16979768ns          288682 1c0082c6 00c686b3 add              x13, x13, x12       x13=00000708 x13:00000602 x12:00000106
16979788ns          288683 1c0082c8 00e686b3 add              x13, x13, x14       x13=00000708 x13:00000708 x14:00000000
16979807ns          288684 1c0082ca 01c42603 lw               x12, 28(x8)         x12=000001ec  x8:10000804  PA:10000820
16979827ns          288685 1c0082cc 02042703 lw               x14, 32(x8)         x14=00000105  x8:10000804  PA:10000824
16979847ns          288686 1c0082ce 00f686b3 add              x13, x13, x15       x13=00000713 x13:00000708 x15:0000000b
16980225ns          288705 1c0082d0 00c686b3 add              x13, x13, x12       x13=000008ff x13:00000713 x12:000001ec
16980245ns          288706 1c0082d2 02442783 lw               x15, 36(x8)         x15=00000000  x8:10000804  PA:10000828
16980265ns          288707 1c0082d4 02842603 lw               x12, 40(x8)         x12=00000012  x8:10000804  PA:1000082c
16980285ns          288708 1c0082d6 00e686b3 add              x13, x13, x14       x13=00000a04 x13:000008ff x14:00000105
16980305ns          288709 1c0082d8 00f686b3 add              x13, x13, x15       x13=00000a04 x13:00000a04 x15:00000000
16980325ns          288710 1c0082da 02c42703 lw               x14, 44(x8)         x14=000002f8  x8:10000804  PA:10000830
16980344ns          288711 1c0082dc 03042783 lw               x15, 48(x8)         x15=000000fd  x8:10000804  PA:10000834
16980364ns          288712 1c0082de 00c686b3 add              x13, x13, x12       x13=00000a16 x13:00000a04 x12:00000012
16980901ns          288739 1c0082e0 00e686b3 add              x13, x13, x14       x13=00000d0e x13:00000a16 x14:000002f8
16980921ns          288740 1c0082e2 03442603 lw               x12, 52(x8)         x12=000002f3  x8:10000804  PA:10000838
16980941ns          288741 1c0082e4 03842703 lw               x14, 56(x8)         x14=00000202  x8:10000804  PA:1000083c
16980961ns          288742 1c0082e6 00f686b3 add              x13, x13, x15       x13=00000e0b x13:00000d0e x15:000000fd
16980981ns          288743 1c0082e8 00c686b3 add              x13, x13, x12       x13=000010fe x13:00000e0b x12:000002f3
16981001ns          288744 1c0082ea 03c42783 lw               x15, 60(x8)         x15=000001ff  x8:10000804  PA:10000840
16981021ns          288745 1c0082ec 00e686b3 add              x13, x13, x14       x13=00001300 x13:000010fe x14:00000202
16981041ns          288746 1c0082ee 00f686b3 add              x13, x13, x15       x13=000014ff x13:00001300 x15:000001ff
16981757ns          288782 1c0082f0 04040413 addi             x8, x8, 64           x8=10000844  x8:10000804
16981796ns          288784 1c0082b0 00042783 lw               x15, 0(x8)          x15=00000206  x8:10000844  PA:10000844
16981836ns          288786 1c0082b2 00442603 lw               x12, 4(x8)          x12=0000020d  x8:10000844  PA:10000848
16981856ns          288787 1c0082b4 00842703 lw               x14, 8(x8)          x14=000001d4  x8:10000844  PA:1000084c
16981876ns          288788 1c0082b6 00f686b3 add              x13, x13, x15       x13=00001705 x13:000014ff x15:00000206
16981896ns          288789 1c0082b8 00c686b3 add              x13, x13, x12       x13=00001912 x13:00001705 x12:0000020d
16981916ns          288790 1c0082ba 00c42783 lw               x15, 12(x8)         x15=00000114  x8:10000844  PA:10000850
16981936ns          288791 1c0082bc 01042603 lw               x12, 16(x8)         x12=000000fc  x8:10000844  PA:10000854
16981956ns          288792 1c0082be 00e686b3 add              x13, x13, x14       x13=00001ae6 x13:00001912 x14:000001d4
16981975ns          288793 1c0082c0 00f686b3 add              x13, x13, x15       x13=00001bfa x13:00001ae6 x15:00000114
16981995ns          288794 1c0082c2 01442703 lw               x14, 20(x8)         x14=00000000  x8:10000844  PA:10000858
16982015ns          288795 1c0082c4 01842783 lw               x15, 24(x8)         x15=000002c8  x8:10000844  PA:1000085c
16982035ns          288796 1c0082c6 00c686b3 add              x13, x13, x12       x13=00001cf6 x13:00001bfa x12:000000fc
16982055ns          288797 1c0082c8 00e686b3 add              x13, x13, x14       x13=00001cf6 x13:00001cf6 x14:00000000
16982075ns          288798 1c0082ca 01c42603 lw               x12, 28(x8)         x12=00000036  x8:10000844  PA:10000860
16982095ns          288799 1c0082cc 02042703 lw               x14, 32(x8)         x14=000001ee  x8:10000844  PA:10000864
16982115ns          288800 1c0082ce 00f686b3 add              x13, x13, x15       x13=00001fbe x13:00001cf6 x15:000002c8
16982135ns          288801 1c0082d0 00c686b3 add              x13, x13, x12       x13=00001ff4 x13:00001fbe x12:00000036
16982155ns          288802 1c0082d2 02442783 lw               x15, 36(x8)         x15=00000000  x8:10000844  PA:10000868
16982174ns          288803 1c0082d4 02842603 lw               x12, 40(x8)         x12=000001d0  x8:10000844  PA:1000086c
16982194ns          288804 1c0082d6 00e686b3 add              x13, x13, x14       x13=000021e2 x13:00001ff4 x14:000001ee
16982214ns          288805 1c0082d8 00f686b3 add              x13, x13, x15       x13=000021e2 x13:000021e2 x15:00000000
16982234ns          288806 1c0082da 02c42703 lw               x14, 44(x8)         x14=0000012c  x8:10000844  PA:10000870
16982254ns          288807 1c0082dc 03042783 lw               x15, 48(x8)         x15=00000014  x8:10000844  PA:10000874
16982274ns          288808 1c0082de 00c686b3 add              x13, x13, x12       x13=000023b2 x13:000021e2 x12:000001d0
16982294ns          288809 1c0082e0 00e686b3 add              x13, x13, x14       x13=000024de x13:000023b2 x14:0000012c
16982314ns          288810 1c0082e2 03442603 lw               x12, 52(x8)         x12=00000222  x8:10000844  PA:10000878
16982334ns          288811 1c0082e4 03842703 lw               x14, 56(x8)         x14=00000202  x8:10000844  PA:1000087c
16982353ns          288812 1c0082e6 00f686b3 add              x13, x13, x15       x13=000024f2 x13:000024de x15:00000014
16982373ns          288813 1c0082e8 00c686b3 add              x13, x13, x12       x13=00002714 x13:000024f2 x12:00000222
16982393ns          288814 1c0082ea 03c42783 lw               x15, 60(x8)         x15=00000205  x8:10000844  PA:10000880
16982413ns          288815 1c0082ec 00e686b3 add              x13, x13, x14       x13=00002916 x13:00002714 x14:00000202
16982433ns          288816 1c0082ee 00f686b3 add              x13, x13, x15       x13=00002b1b x13:00002916 x15:00000205
16982453ns          288817 1c0082f0 04040413 addi             x8, x8, 64           x8=10000884  x8:10000844
16982473ns          288818 1c0082b0 00042783 lw               x15, 0(x8)          x15=00000206  x8:10000884  PA:10000884
16982493ns          288819 1c0082b2 00442603 lw               x12, 4(x8)          x12=0000020d  x8:10000884  PA:10000888
16982513ns          288820 1c0082b4 00842703 lw               x14, 8(x8)          x14=000001b4  x8:10000884  PA:1000088c
16982532ns          288821 1c0082b6 00f686b3 add              x13, x13, x15       x13=00002d21 x13:00002b1b x15:00000206
16982552ns          288822 1c0082b8 00c686b3 add              x13, x13, x12       x13=00002f2e x13:00002d21 x12:0000020d
16982572ns          288823 1c0082ba 00c42783 lw               x15, 12(x8)         x15=00000124  x8:10000884  PA:10000890
16982592ns          288824 1c0082bc 01042603 lw               x12, 16(x8)         x12=000000fc  x8:10000884  PA:10000894
16982612ns          288825 1c0082be 00e686b3 add              x13, x13, x14       x13=000030e2 x13:00002f2e x14:000001b4
16982632ns          288826 1c0082c0 00f686b3 add              x13, x13, x15       x13=00003206 x13:000030e2 x15:00000124
16982652ns          288827 1c0082c2 01442703 lw               x14, 20(x8)         x14=00000000  x8:10000884  PA:10000898
16982672ns          288828 1c0082c4 01842783 lw               x15, 24(x8)         x15=00000298  x8:10000884  PA:1000089c
16982692ns          288829 1c0082c6 00c686b3 add              x13, x13, x12       x13=00003302 x13:00003206 x12:000000fc
16982711ns          288830 1c0082c8 00e686b3 add              x13, x13, x14       x13=00003302 x13:00003302 x14:00000000
16982731ns          288831 1c0082ca 01c42603 lw               x12, 28(x8)         x12=00000056  x8:10000884  PA:100008a0
16982751ns          288832 1c0082cc 02042703 lw               x14, 32(x8)         x14=000001de  x8:10000884  PA:100008a4
16982791ns          288834 1c0082ce 00f686b3 add              x13, x13, x15       x13=0000359a x13:00003302 x15:00000298
16982811ns          288835 1c0082d0 00c686b3 add              x13, x13, x12       x13=000035f0 x13:0000359a x12:00000056
16982831ns          288836 1c0082d2 02442783 lw               x15, 36(x8)         x15=00000000  x8:10000884  PA:100008a8
16982851ns          288837 1c0082d4 02842603 lw               x12, 40(x8)         x12=000001b0  x8:10000884  PA:100008ac
16982871ns          288838 1c0082d6 00e686b3 add              x13, x13, x14       x13=000037ce x13:000035f0 x14:000001de
16982890ns          288839 1c0082d8 00f686b3 add              x13, x13, x15       x13=000037ce x13:000037ce x15:00000000
16982910ns          288840 1c0082da 02c42703 lw               x14, 44(x8)         x14=0000014c  x8:10000884  PA:100008b0
16982930ns          288841 1c0082dc 03042783 lw               x15, 48(x8)         x15=00000024  x8:10000884  PA:100008b4
16982950ns          288842 1c0082de 00c686b3 add              x13, x13, x12       x13=0000397e x13:000037ce x12:000001b0
16982970ns          288843 1c0082e0 00e686b3 add              x13, x13, x14       x13=00003aca x13:0000397e x14:0000014c
16982990ns          288844 1c0082e2 03442603 lw               x12, 52(x8)         x12=00000232  x8:10000884  PA:100008b8
16983030ns          288846 1c0082e4 03842703 lw               x14, 56(x8)         x14=00000202  x8:10000884  PA:100008bc
16983050ns          288847 1c0082e6 00f686b3 add              x13, x13, x15       x13=00003aee x13:00003aca x15:00000024
16983069ns          288848 1c0082e8 00c686b3 add              x13, x13, x12       x13=00003d20 x13:00003aee x12:00000232
16983089ns          288849 1c0082ea 03c42783 lw               x15, 60(x8)         x15=00000205  x8:10000884  PA:100008c0
16983109ns          288850 1c0082ec 00e686b3 add              x13, x13, x14       x13=00003f22 x13:00003d20 x14:00000202
16983129ns          288851 1c0082ee 00f686b3 add              x13, x13, x15       x13=00004127 x13:00003f22 x15:00000205
16983149ns          288852 1c0082f0 04040413 addi             x8, x8, 64           x8=100008c4  x8:10000884
16983169ns          288853 1c0082b0 00042783 lw               x15, 0(x8)          x15=000001fe  x8:100008c4  PA:100008c4
16983189ns          288854 1c0082b2 00442603 lw               x12, 4(x8)          x12=000001f7  x8:100008c4  PA:100008c8
16983209ns          288855 1c0082b4 00842703 lw               x14, 8(x8)          x14=0000006e  x8:100008c4  PA:100008cc
16983229ns          288856 1c0082b6 00f686b3 add              x13, x13, x15       x13=00004325 x13:00004127 x15:000001fe
16983248ns          288857 1c0082b8 00c686b3 add              x13, x13, x12       x13=0000451c x13:00004325 x12:000001f7
16983268ns          288858 1c0082ba 00c42783 lw               x15, 12(x8)         x15=000001cf  x8:100008c4  PA:100008d0
16983288ns          288859 1c0082bc 01042603 lw               x12, 16(x8)         x12=00000106  x8:100008c4  PA:100008d4
16983308ns          288860 1c0082be 00e686b3 add              x13, x13, x14       x13=0000458a x13:0000451c x14:0000006e
16983328ns          288861 1c0082c0 00f686b3 add              x13, x13, x15       x13=00004759 x13:0000458a x15:000001cf
16983348ns          288862 1c0082c2 01442703 lw               x14, 20(x8)         x14=00000000  x8:100008c4  PA:100008d8
16983368ns          288863 1c0082c4 01842783 lw               x15, 24(x8)         x15=0000009b  x8:100008c4  PA:100008dc
16983388ns          288864 1c0082c6 00c686b3 add              x13, x13, x12       x13=0000485f x13:00004759 x12:00000106
16983408ns          288865 1c0082c8 00e686b3 add              x13, x13, x14       x13=0000485f x13:0000485f x14:00000000
16983428ns          288866 1c0082ca 01c42603 lw               x12, 28(x8)         x12=0000018c  x8:100008c4  PA:100008e0
16983447ns          288867 1c0082cc 02042703 lw               x14, 32(x8)         x14=00000135  x8:100008c4  PA:100008e4
16983467ns          288868 1c0082ce 00f686b3 add              x13, x13, x15       x13=000048fa x13:0000485f x15:0000009b
16983487ns          288869 1c0082d0 00c686b3 add              x13, x13, x12       x13=00004a86 x13:000048fa x12:0000018c
16983507ns          288870 1c0082d2 02442783 lw               x15, 36(x8)         x15=00000000  x8:100008c4  PA:100008e8
16983527ns          288871 1c0082d4 02842603 lw               x12, 40(x8)         x12=00000072  x8:100008c4  PA:100008ec
16983547ns          288872 1c0082d6 00e686b3 add              x13, x13, x14       x13=00004bbb x13:00004a86 x14:00000135
16983567ns          288873 1c0082d8 00f686b3 add              x13, x13, x15       x13=00004bbb x13:00004bbb x15:00000000
16983587ns          288874 1c0082da 02c42703 lw               x14, 44(x8)         x14=00000298  x8:100008c4  PA:100008f0
16983607ns          288875 1c0082dc 03042783 lw               x15, 48(x8)         x15=000000cd  x8:100008c4  PA:100008f4
16983626ns          288876 1c0082de 00c686b3 add              x13, x13, x12       x13=00004c2d x13:00004bbb x12:00000072
16983646ns          288877 1c0082e0 00e686b3 add              x13, x13, x14       x13=00004ec5 x13:00004c2d x14:00000298
16983666ns          288878 1c0082e2 03442603 lw               x12, 52(x8)         x12=000002c3  x8:100008c4  PA:100008f8
16983686ns          288879 1c0082e4 03842703 lw               x14, 56(x8)         x14=00000202  x8:100008c4  PA:100008fc
16983706ns          288880 1c0082e6 00f686b3 add              x13, x13, x15       x13=00004f92 x13:00004ec5 x15:000000cd
16983726ns          288881 1c0082e8 00c686b3 add              x13, x13, x12       x13=00005255 x13:00004f92 x12:000002c3
16983746ns          288882 1c0082ea 03c42783 lw               x15, 60(x8)         x15=000001ff  x8:100008c4  PA:10000900
16983766ns          288883 1c0082ec 00e686b3 add              x13, x13, x14       x13=00005457 x13:00005255 x14:00000202
16983786ns          288884 1c0082ee 00f686b3 add              x13, x13, x15       x13=00005656 x13:00005457 x15:000001ff
16983805ns          288885 1c0082f0 04040413 addi             x8, x8, 64           x8=10000904  x8:100008c4
16983825ns          288886 1c0082b0 00042783 lw               x15, 0(x8)          x15=000001fe  x8:10000904  PA:10000904
16983845ns          288887 1c0082b2 00442603 lw               x12, 4(x8)          x12=000001f7  x8:10000904  PA:10000908
16983865ns          288888 1c0082b4 00842703 lw               x14, 8(x8)          x14=0000008e  x8:10000904  PA:1000090c
16983885ns          288889 1c0082b6 00f686b3 add              x13, x13, x15       x13=00005854 x13:00005656 x15:000001fe
16983905ns          288890 1c0082b8 00c686b3 add              x13, x13, x12       x13=00005a4b x13:00005854 x12:000001f7
16983925ns          288891 1c0082ba 00c42783 lw               x15, 12(x8)         x15=000001bf  x8:10000904  PA:10000910
16983945ns          288892 1c0082bc 01042603 lw               x12, 16(x8)         x12=00000106  x8:10000904  PA:10000914
16983965ns          288893 1c0082be 00e686b3 add              x13, x13, x14       x13=00005ad9 x13:00005a4b x14:0000008e
16983984ns          288894 1c0082c0 00f686b3 add              x13, x13, x15       x13=00005c98 x13:00005ad9 x15:000001bf
16984004ns          288895 1c0082c2 01442703 lw               x14, 20(x8)         x14=00000000  x8:10000904  PA:10000918
16984024ns          288896 1c0082c4 01842783 lw               x15, 24(x8)         x15=000000cb  x8:10000904  PA:1000091c
16984044ns          288897 1c0082c6 00c686b3 add              x13, x13, x12       x13=00005d9e x13:00005c98 x12:00000106
16984064ns          288898 1c0082c8 00e686b3 add              x13, x13, x14       x13=00005d9e x13:00005d9e x14:00000000
16984084ns          288899 1c0082ca 01c42603 lw               x12, 28(x8)         x12=0000016c  x8:10000904  PA:10000920
16984104ns          288900 1c0082cc 02042703 lw               x14, 32(x8)         x14=00000145  x8:10000904  PA:10000924
16984124ns          288901 1c0082ce 00f686b3 add              x13, x13, x15       x13=00005e69 x13:00005d9e x15:000000cb
16984144ns          288902 1c0082d0 00c686b3 add              x13, x13, x12       x13=00005fd5 x13:00005e69 x12:0000016c
16984163ns          288903 1c0082d2 02442783 lw               x15, 36(x8)         x15=00000000  x8:10000904  PA:10000928
16984183ns          288904 1c0082d4 02842603 lw               x12, 40(x8)         x12=00000092  x8:10000904  PA:1000092c
16984203ns          288905 1c0082d6 00e686b3 add              x13, x13, x14       x13=0000611a x13:00005fd5 x14:00000145
16984223ns          288906 1c0082d8 00f686b3 add              x13, x13, x15       x13=0000611a x13:0000611a x15:00000000
16984243ns          288907 1c0082da 02c42703 lw               x14, 44(x8)         x14=00000278  x8:10000904  PA:10000930
16984263ns          288908 1c0082dc 03042783 lw               x15, 48(x8)         x15=000000bd  x8:10000904  PA:10000934
16984283ns          288909 1c0082de 00c686b3 add              x13, x13, x12       x13=000061ac x13:0000611a x12:00000092
16984303ns          288910 1c0082e0 00e686b3 add              x13, x13, x14       x13=00006424 x13:000061ac x14:00000278
16984323ns          288911 1c0082e2 03442603 lw               x12, 52(x8)         x12=000002b3  x8:10000904  PA:10000938
16984342ns          288912 1c0082e4 03842703 lw               x14, 56(x8)         x14=00000202  x8:10000904  PA:1000093c
16984362ns          288913 1c0082e6 00f686b3 add              x13, x13, x15       x13=000064e1 x13:00006424 x15:000000bd
16984382ns          288914 1c0082e8 00c686b3 add              x13, x13, x12       x13=00006794 x13:000064e1 x12:000002b3
16984402ns          288915 1c0082ea 03c42783 lw               x15, 60(x8)         x15=000001ff  x8:10000904  PA:10000940
16984422ns          288916 1c0082ec 00e686b3 add              x13, x13, x14       x13=00006996 x13:00006794 x14:00000202
16984442ns          288917 1c0082ee 00f686b3 add              x13, x13, x15       x13=00006b95 x13:00006996 x15:000001ff
16984462ns          288918 1c0082f0 04040413 addi             x8, x8, 64           x8=10000944  x8:10000904
16984482ns          288919 1c0082b0 00042783 lw               x15, 0(x8)          x15=00000206  x8:10000944  PA:10000944
16984502ns          288920 1c0082b2 00442603 lw               x12, 4(x8)          x12=0000020d  x8:10000944  PA:10000948
16984522ns          288921 1c0082b4 00842703 lw               x14, 8(x8)          x14=00000154  x8:10000944  PA:1000094c
16984541ns          288922 1c0082b6 00f686b3 add              x13, x13, x15       x13=00006d9b x13:00006b95 x15:00000206
16984561ns          288923 1c0082b8 00c686b3 add              x13, x13, x12       x13=00006fa8 x13:00006d9b x12:0000020d
16984581ns          288924 1c0082ba 00c42783 lw               x15, 12(x8)         x15=00000154  x8:10000944  PA:10000950
16984601ns          288925 1c0082bc 01042603 lw               x12, 16(x8)         x12=000000fc  x8:10000944  PA:10000954
16984621ns          288926 1c0082be 00e686b3 add              x13, x13, x14       x13=000070fc x13:00006fa8 x14:00000154
16984641ns          288927 1c0082c0 00f686b3 add              x13, x13, x15       x13=00007250 x13:000070fc x15:00000154
16984661ns          288928 1c0082c2 01442703 lw               x14, 20(x8)         x14=00000000  x8:10000944  PA:10000958
16984681ns          288929 1c0082c4 01842783 lw               x15, 24(x8)         x15=00000208  x8:10000944  PA:1000095c
16984701ns          288930 1c0082c6 00c686b3 add              x13, x13, x12       x13=0000734c x13:00007250 x12:000000fc
16984720ns          288931 1c0082c8 00e686b3 add              x13, x13, x14       x13=0000734c x13:0000734c x14:00000000
16984740ns          288932 1c0082ca 01c42603 lw               x12, 28(x8)         x12=000000b6  x8:10000944  PA:10000960
16984760ns          288933 1c0082cc 02042703 lw               x14, 32(x8)         x14=000001ae  x8:10000944  PA:10000964
16984780ns          288934 1c0082ce 00f686b3 add              x13, x13, x15       x13=00007554 x13:0000734c x15:00000208
16984800ns          288935 1c0082d0 00c686b3 add              x13, x13, x12       x13=0000760a x13:00007554 x12:000000b6
16984820ns          288936 1c0082d2 02442783 lw               x15, 36(x8)         x15=00000000  x8:10000944  PA:10000968
16984840ns          288937 1c0082d4 02842603 lw               x12, 40(x8)         x12=00000150  x8:10000944  PA:1000096c
16984860ns          288938 1c0082d6 00e686b3 add              x13, x13, x14       x13=000077b8 x13:0000760a x14:000001ae
16984880ns          288939 1c0082d8 00f686b3 add              x13, x13, x15       x13=000077b8 x13:000077b8 x15:00000000
16984899ns          288940 1c0082da 02c42703 lw               x14, 44(x8)         x14=000001ac  x8:10000944  PA:10000970
16984919ns          288941 1c0082dc 03042783 lw               x15, 48(x8)         x15=00000054  x8:10000944  PA:10000974
16984939ns          288942 1c0082de 00c686b3 add              x13, x13, x12       x13=00007908 x13:000077b8 x12:00000150
16984959ns          288943 1c0082e0 00e686b3 add              x13, x13, x14       x13=00007ab4 x13:00007908 x14:000001ac
16984979ns          288944 1c0082e2 03442603 lw               x12, 52(x8)         x12=00000262  x8:10000944  PA:10000978
16984999ns          288945 1c0082e4 03842703 lw               x14, 56(x8)         x14=00000202  x8:10000944  PA:1000097c
16985019ns          288946 1c0082e6 00f686b3 add              x13, x13, x15       x13=00007b08 x13:00007ab4 x15:00000054
16985039ns          288947 1c0082e8 00c686b3 add              x13, x13, x12       x13=00007d6a x13:00007b08 x12:00000262
16985059ns          288948 1c0082ea 03c42783 lw               x15, 60(x8)         x15=00000205  x8:10000944  PA:10000980
16985078ns          288949 1c0082ec 00e686b3 add              x13, x13, x14       x13=00007f6c x13:00007d6a x14:00000202
16985098ns          288950 1c0082ee 00f686b3 add              x13, x13, x15       x13=00008171 x13:00007f6c x15:00000205
16985118ns          288951 1c0082f0 04040413 addi             x8, x8, 64           x8=10000984  x8:10000944
16985138ns          288952 1c0082b0 00042783 lw               x15, 0(x8)          x15=00000206  x8:10000984  PA:10000984
16985158ns          288953 1c0082b2 00442603 lw               x12, 4(x8)          x12=0000020d  x8:10000984  PA:10000988
16985178ns          288954 1c0082b4 00842703 lw               x14, 8(x8)          x14=00000134  x8:10000984  PA:1000098c
16985198ns          288955 1c0082b6 00f686b3 add              x13, x13, x15       x13=00008377 x13:00008171 x15:00000206
16985218ns          288956 1c0082b8 00c686b3 add              x13, x13, x12       x13=00008584 x13:00008377 x12:0000020d
16985238ns          288957 1c0082ba 00c42783 lw               x15, 12(x8)         x15=00000164  x8:10000984  PA:10000990
16985257ns          288958 1c0082bc 01042603 lw               x12, 16(x8)         x12=000000fc  x8:10000984  PA:10000994
16985277ns          288959 1c0082be 00e686b3 add              x13, x13, x14       x13=000086b8 x13:00008584 x14:00000134
16985297ns          288960 1c0082c0 00f686b3 add              x13, x13, x15       x13=0000881c x13:000086b8 x15:00000164
16985317ns          288961 1c0082c2 01442703 lw               x14, 20(x8)         x14=00000000  x8:10000984  PA:10000998
16985337ns          288962 1c0082c4 01842783 lw               x15, 24(x8)         x15=000001d8  x8:10000984  PA:1000099c
16985357ns          288963 1c0082c6 00c686b3 add              x13, x13, x12       x13=00008918 x13:0000881c x12:000000fc
16985377ns          288964 1c0082c8 00e686b3 add              x13, x13, x14       x13=00008918 x13:00008918 x14:00000000
16985397ns          288965 1c0082ca 01c42603 lw               x12, 28(x8)         x12=000000d6  x8:10000984  PA:100009a0
16985417ns          288966 1c0082cc 02042703 lw               x14, 32(x8)         x14=0000019e  x8:10000984  PA:100009a4
16985436ns          288967 1c0082ce 00f686b3 add              x13, x13, x15       x13=00008af0 x13:00008918 x15:000001d8
16985456ns          288968 1c0082d0 00c686b3 add              x13, x13, x12       x13=00008bc6 x13:00008af0 x12:000000d6
16985476ns          288969 1c0082d2 02442783 lw               x15, 36(x8)         x15=00000000  x8:10000984  PA:100009a8
16985496ns          288970 1c0082d4 02842603 lw               x12, 40(x8)         x12=00000130  x8:10000984  PA:100009ac
16985516ns          288971 1c0082d6 00e686b3 add              x13, x13, x14       x13=00008d64 x13:00008bc6 x14:0000019e
16985536ns          288972 1c0082d8 00f686b3 add              x13, x13, x15       x13=00008d64 x13:00008d64 x15:00000000
16985556ns          288973 1c0082da 02c42703 lw               x14, 44(x8)         x14=000001cc  x8:10000984  PA:100009b0
16985576ns          288974 1c0082dc 03042783 lw               x15, 48(x8)         x15=00000064  x8:10000984  PA:100009b4
16985596ns          288975 1c0082de 00c686b3 add              x13, x13, x12       x13=00008e94 x13:00008d64 x12:00000130
16985615ns          288976 1c0082e0 00e686b3 add              x13, x13, x14       x13=00009060 x13:00008e94 x14:000001cc
16985635ns          288977 1c0082e2 03442603 lw               x12, 52(x8)         x12=00000272  x8:10000984  PA:100009b8
16985655ns          288978 1c0082e4 03842703 lw               x14, 56(x8)         x14=00000202  x8:10000984  PA:100009bc
16985675ns          288979 1c0082e6 00f686b3 add              x13, x13, x15       x13=000090c4 x13:00009060 x15:00000064
16985695ns          288980 1c0082e8 00c686b3 add              x13, x13, x12       x13=00009336 x13:000090c4 x12:00000272
16985715ns          288981 1c0082ea 03c42783 lw               x15, 60(x8)         x15=00000205  x8:10000984  PA:100009c0
16985735ns          288982 1c0082ec 00e686b3 add              x13, x13, x14       x13=00009538 x13:00009336 x14:00000202
16985755ns          288983 1c0082ee 00f686b3 add              x13, x13, x15       x13=0000973d x13:00009538 x15:00000205
16985775ns          288984 1c0082f0 04040413 addi             x8, x8, 64           x8=100009c4  x8:10000984
16985795ns          288985 1c0082b0 00042783 lw               x15, 0(x8)          x15=000001fe  x8:100009c4  PA:100009c4
16985814ns          288986 1c0082b2 00442603 lw               x12, 4(x8)          x12=000001f7  x8:100009c4  PA:100009c8
16985834ns          288987 1c0082b4 00842703 lw               x14, 8(x8)          x14=000000ee  x8:100009c4  PA:100009cc
16985854ns          288988 1c0082b6 00f686b3 add              x13, x13, x15       x13=0000993b x13:0000973d x15:000001fe
16985874ns          288989 1c0082b8 00c686b3 add              x13, x13, x12       x13=00009b32 x13:0000993b x12:000001f7
16985894ns          288990 1c0082ba 00c42783 lw               x15, 12(x8)         x15=0000018f  x8:100009c4  PA:100009d0
16985914ns          288991 1c0082bc 01042603 lw               x12, 16(x8)         x12=00000106  x8:100009c4  PA:100009d4
16985934ns          288992 1c0082be 00e686b3 add              x13, x13, x14       x13=00009c20 x13:00009b32 x14:000000ee
16985954ns          288993 1c0082c0 00f686b3 add              x13, x13, x15       x13=00009daf x13:00009c20 x15:0000018f
16985974ns          288994 1c0082c2 01442703 lw               x14, 20(x8)         x14=00000000  x8:100009c4  PA:100009d8
16985993ns          288995 1c0082c4 01842783 lw               x15, 24(x8)         x15=0000015b  x8:100009c4  PA:100009dc
16986013ns          288996 1c0082c6 00c686b3 add              x13, x13, x12       x13=00009eb5 x13:00009daf x12:00000106
16986033ns          288997 1c0082c8 00e686b3 add              x13, x13, x14       x13=00009eb5 x13:00009eb5 x14:00000000
16986053ns          288998 1c0082ca 01c42603 lw               x12, 28(x8)         x12=0000010c  x8:100009c4  PA:100009e0
16986073ns          288999 1c0082cc 02042703 lw               x14, 32(x8)         x14=00000175  x8:100009c4  PA:100009e4
16986093ns          289000 1c0082ce 00f686b3 add              x13, x13, x15       x13=0000a010 x13:00009eb5 x15:0000015b
16986113ns          289001 1c0082d0 00c686b3 add              x13, x13, x12       x13=0000a11c x13:0000a010 x12:0000010c
16986133ns          289002 1c0082d2 02442783 lw               x15, 36(x8)         x15=00000000  x8:100009c4  PA:100009e8
16986153ns          289003 1c0082d4 02842603 lw               x12, 40(x8)         x12=000000f2  x8:100009c4  PA:100009ec
16986172ns          289004 1c0082d6 00e686b3 add              x13, x13, x14       x13=0000a291 x13:0000a11c x14:00000175
16986192ns          289005 1c0082d8 00f686b3 add              x13, x13, x15       x13=0000a291 x13:0000a291 x15:00000000
16986212ns          289006 1c0082da 02c42703 lw               x14, 44(x8)         x14=00000218  x8:100009c4  PA:100009f0
16986232ns          289007 1c0082dc 03042783 lw               x15, 48(x8)         x15=0000008d  x8:100009c4  PA:100009f4
16986252ns          289008 1c0082de 00c686b3 add              x13, x13, x12       x13=0000a383 x13:0000a291 x12:000000f2
16986272ns          289009 1c0082e0 00e686b3 add              x13, x13, x14       x13=0000a59b x13:0000a383 x14:00000218
16986292ns          289010 1c0082e2 03442603 lw               x12, 52(x8)         x12=00000283  x8:100009c4  PA:100009f8
16986312ns          289011 1c0082e4 03842703 lw               x14, 56(x8)         x14=00000202  x8:100009c4  PA:100009fc
16986332ns          289012 1c0082e6 00f686b3 add              x13, x13, x15       x13=0000a628 x13:0000a59b x15:0000008d
16986351ns          289013 1c0082e8 00c686b3 add              x13, x13, x12       x13=0000a8ab x13:0000a628 x12:00000283
16986371ns          289014 1c0082ea 03c42783 lw               x15, 60(x8)         x15=000001ff  x8:100009c4  PA:10000a00
16986391ns          289015 1c0082ec 00e686b3 add              x13, x13, x14       x13=0000aaad x13:0000a8ab x14:00000202
16986411ns          289016 1c0082ee 00f686b3 add              x13, x13, x15       x13=0000acac x13:0000aaad x15:000001ff
16986431ns          289017 1c0082f0 04040413 addi             x8, x8, 64           x8=10000a04  x8:100009c4
16986451ns          289018 1c0082b0 00042783 lw               x15, 0(x8)          x15=000001fe  x8:10000a04  PA:10000a04
16986471ns          289019 1c0082b2 00442603 lw               x12, 4(x8)          x12=000001f7  x8:10000a04  PA:10000a08
16986491ns          289020 1c0082b4 00842703 lw               x14, 8(x8)          x14=0000010e  x8:10000a04  PA:10000a0c
16986511ns          289021 1c0082b6 00f686b3 add              x13, x13, x15       x13=0000aeaa x13:0000acac x15:000001fe
16986530ns          289022 1c0082b8 00c686b3 add              x13, x13, x12       x13=0000b0a1 x13:0000aeaa x12:000001f7
16986550ns          289023 1c0082ba 00c42783 lw               x15, 12(x8)         x15=0000017f  x8:10000a04  PA:10000a10
16986570ns          289024 1c0082bc 01042603 lw               x12, 16(x8)         x12=00000106  x8:10000a04  PA:10000a14
16986590ns          289025 1c0082be 00e686b3 add              x13, x13, x14       x13=0000b1af x13:0000b0a1 x14:0000010e
16986610ns          289026 1c0082c0 00f686b3 add              x13, x13, x15       x13=0000b32e x13:0000b1af x15:0000017f
16986630ns          289027 1c0082c2 01442703 lw               x14, 20(x8)         x14=00000000  x8:10000a04  PA:10000a18
16986650ns          289028 1c0082c4 01842783 lw               x15, 24(x8)         x15=0000018b  x8:10000a04  PA:10000a1c
16986670ns          289029 1c0082c6 00c686b3 add              x13, x13, x12       x13=0000b434 x13:0000b32e x12:00000106
16986690ns          289030 1c0082c8 00e686b3 add              x13, x13, x14       x13=0000b434 x13:0000b434 x14:00000000
16986709ns          289031 1c0082ca 01c42603 lw               x12, 28(x8)         x12=000000ec  x8:10000a04  PA:10000a20
16986729ns          289032 1c0082cc 02042703 lw               x14, 32(x8)         x14=00000185  x8:10000a04  PA:10000a24
16986749ns          289033 1c0082ce 00f686b3 add              x13, x13, x15       x13=0000b5bf x13:0000b434 x15:0000018b
16986769ns          289034 1c0082d0 00c686b3 add              x13, x13, x12       x13=0000b6ab x13:0000b5bf x12:000000ec
16986789ns          289035 1c0082d2 02442783 lw               x15, 36(x8)         x15=00000000  x8:10000a04  PA:10000a28
16986809ns          289036 1c0082d4 02842603 lw               x12, 40(x8)         x12=00000112  x8:10000a04  PA:10000a2c
16986829ns          289037 1c0082d6 00e686b3 add              x13, x13, x14       x13=0000b830 x13:0000b6ab x14:00000185
16986849ns          289038 1c0082d8 00f686b3 add              x13, x13, x15       x13=0000b830 x13:0000b830 x15:00000000
16986869ns          289039 1c0082da 02c42703 lw               x14, 44(x8)         x14=000001f8  x8:10000a04  PA:10000a30
16986889ns          289040 1c0082dc 03042783 lw               x15, 48(x8)         x15=0000007d  x8:10000a04  PA:10000a34
16986908ns          289041 1c0082de 00c686b3 add              x13, x13, x12       x13=0000b942 x13:0000b830 x12:00000112
16986928ns          289042 1c0082e0 00e686b3 add              x13, x13, x14       x13=0000bb3a x13:0000b942 x14:000001f8
16986948ns          289043 1c0082e2 03442603 lw               x12, 52(x8)         x12=00000273  x8:10000a04  PA:10000a38
16986968ns          289044 1c0082e4 03842703 lw               x14, 56(x8)         x14=00000202  x8:10000a04  PA:10000a3c
16986988ns          289045 1c0082e6 00f686b3 add              x13, x13, x15       x13=0000bbb7 x13:0000bb3a x15:0000007d
16987008ns          289046 1c0082e8 00c686b3 add              x13, x13, x12       x13=0000be2a x13:0000bbb7 x12:00000273
16987028ns          289047 1c0082ea 03c42783 lw               x15, 60(x8)         x15=000001ff  x8:10000a04  PA:10000a40
16987048ns          289048 1c0082ec 00e686b3 add              x13, x13, x14       x13=0000c02c x13:0000be2a x14:00000202
16987068ns          289049 1c0082ee 00f686b3 add              x13, x13, x15       x13=0000c22b x13:0000c02c x15:000001ff
16987087ns          289050 1c0082f0 04040413 addi             x8, x8, 64           x8=10000a44  x8:10000a04
16987107ns          289051 1c0082b0 00042783 lw               x15, 0(x8)          x15=00000206  x8:10000a44  PA:10000a44
16987127ns          289052 1c0082b2 00442603 lw               x12, 4(x8)          x12=0000020d  x8:10000a44  PA:10000a48
16987147ns          289053 1c0082b4 00842703 lw               x14, 8(x8)          x14=000000d4  x8:10000a44  PA:10000a4c
16987167ns          289054 1c0082b6 00f686b3 add              x13, x13, x15       x13=0000c431 x13:0000c22b x15:00000206
16987187ns          289055 1c0082b8 00c686b3 add              x13, x13, x12       x13=0000c63e x13:0000c431 x12:0000020d
16987207ns          289056 1c0082ba 00c42783 lw               x15, 12(x8)         x15=00000194  x8:10000a44  PA:10000a50
16987227ns          289057 1c0082bc 01042603 lw               x12, 16(x8)         x12=000000fc  x8:10000a44  PA:10000a54
16987247ns          289058 1c0082be 00e686b3 add              x13, x13, x14       x13=0000c712 x13:0000c63e x14:000000d4
16987266ns          289059 1c0082c0 00f686b3 add              x13, x13, x15       x13=0000c8a6 x13:0000c712 x15:00000194
16987286ns          289060 1c0082c2 01442703 lw               x14, 20(x8)         x14=00000000  x8:10000a44  PA:10000a58
16987306ns          289061 1c0082c4 01842783 lw               x15, 24(x8)         x15=00000148  x8:10000a44  PA:10000a5c
16987326ns          289062 1c0082c6 00c686b3 add              x13, x13, x12       x13=0000c9a2 x13:0000c8a6 x12:000000fc
16987346ns          289063 1c0082c8 00e686b3 add              x13, x13, x14       x13=0000c9a2 x13:0000c9a2 x14:00000000
16987366ns          289064 1c0082ca 01c42603 lw               x12, 28(x8)         x12=00000136  x8:10000a44  PA:10000a60
16987386ns          289065 1c0082cc 02042703 lw               x14, 32(x8)         x14=0000016e  x8:10000a44  PA:10000a64
16987406ns          289066 1c0082ce 00f686b3 add              x13, x13, x15       x13=0000caea x13:0000c9a2 x15:00000148
16987426ns          289067 1c0082d0 00c686b3 add              x13, x13, x12       x13=0000cc20 x13:0000caea x12:00000136
16987445ns          289068 1c0082d2 02442783 lw               x15, 36(x8)         x15=00000000  x8:10000a44  PA:10000a68
16987465ns          289069 1c0082d4 02842603 lw               x12, 40(x8)         x12=000000d0  x8:10000a44  PA:10000a6c
16987485ns          289070 1c0082d6 00e686b3 add              x13, x13, x14       x13=0000cd8e x13:0000cc20 x14:0000016e
16987505ns          289071 1c0082d8 00f686b3 add              x13, x13, x15       x13=0000cd8e x13:0000cd8e x15:00000000
16987525ns          289072 1c0082da 02c42703 lw               x14, 44(x8)         x14=0000022c  x8:10000a44  PA:10000a70
16987545ns          289073 1c0082dc 03042783 lw               x15, 48(x8)         x15=00000094  x8:10000a44  PA:10000a74
16987565ns          289074 1c0082de 00c686b3 add              x13, x13, x12       x13=0000ce5e x13:0000cd8e x12:000000d0
16987585ns          289075 1c0082e0 00e686b3 add              x13, x13, x14       x13=0000d08a x13:0000ce5e x14:0000022c
16987605ns          289076 1c0082e2 03442603 lw               x12, 52(x8)         x12=000002a2  x8:10000a44  PA:10000a78
16987624ns          289077 1c0082e4 03842703 lw               x14, 56(x8)         x14=00000202  x8:10000a44  PA:10000a7c
16987644ns          289078 1c0082e6 00f686b3 add              x13, x13, x15       x13=0000d11e x13:0000d08a x15:00000094
16987664ns          289079 1c0082e8 00c686b3 add              x13, x13, x12       x13=0000d3c0 x13:0000d11e x12:000002a2
16987684ns          289080 1c0082ea 03c42783 lw               x15, 60(x8)         x15=00000205  x8:10000a44  PA:10000a80
16987704ns          289081 1c0082ec 00e686b3 add              x13, x13, x14       x13=0000d5c2 x13:0000d3c0 x14:00000202
16987724ns          289082 1c0082ee 00f686b3 add              x13, x13, x15       x13=0000d7c7 x13:0000d5c2 x15:00000205
16987744ns          289083 1c0082f0 04040413 addi             x8, x8, 64           x8=10000a84  x8:10000a44
16987764ns          289084 1c0082b0 00042783 lw               x15, 0(x8)          x15=00000206  x8:10000a84  PA:10000a84
16987784ns          289085 1c0082b2 00442603 lw               x12, 4(x8)          x12=0000020d  x8:10000a84  PA:10000a88
16987803ns          289086 1c0082b4 00842703 lw               x14, 8(x8)          x14=000000b4  x8:10000a84  PA:10000a8c
16987823ns          289087 1c0082b6 00f686b3 add              x13, x13, x15       x13=0000d9cd x13:0000d7c7 x15:00000206
16987843ns          289088 1c0082b8 00c686b3 add              x13, x13, x12       x13=0000dbda x13:0000d9cd x12:0000020d
16987863ns          289089 1c0082ba 00c42783 lw               x15, 12(x8)         x15=000001a4  x8:10000a84  PA:10000a90
16987883ns          289090 1c0082bc 01042603 lw               x12, 16(x8)         x12=000000fc  x8:10000a84  PA:10000a94
16987903ns          289091 1c0082be 00e686b3 add              x13, x13, x14       x13=0000dc8e x13:0000dbda x14:000000b4
16987923ns          289092 1c0082c0 00f686b3 add              x13, x13, x15       x13=0000de32 x13:0000dc8e x15:000001a4
16987943ns          289093 1c0082c2 01442703 lw               x14, 20(x8)         x14=00000000  x8:10000a84  PA:10000a98
16987963ns          289094 1c0082c4 01842783 lw               x15, 24(x8)         x15=00000118  x8:10000a84  PA:10000a9c
16987982ns          289095 1c0082c6 00c686b3 add              x13, x13, x12       x13=0000df2e x13:0000de32 x12:000000fc
16988002ns          289096 1c0082c8 00e686b3 add              x13, x13, x14       x13=0000df2e x13:0000df2e x14:00000000
16988022ns          289097 1c0082ca 01c42603 lw               x12, 28(x8)         x12=00000156  x8:10000a84  PA:10000aa0
16988042ns          289098 1c0082cc 02042703 lw               x14, 32(x8)         x14=0000015e  x8:10000a84  PA:10000aa4
16988062ns          289099 1c0082ce 00f686b3 add              x13, x13, x15       x13=0000e046 x13:0000df2e x15:00000118
16988082ns          289100 1c0082d0 00c686b3 add              x13, x13, x12       x13=0000e19c x13:0000e046 x12:00000156
16988102ns          289101 1c0082d2 02442783 lw               x15, 36(x8)         x15=00000000  x8:10000a84  PA:10000aa8
16988122ns          289102 1c0082d4 02842603 lw               x12, 40(x8)         x12=000000b0  x8:10000a84  PA:10000aac
16988142ns          289103 1c0082d6 00e686b3 add              x13, x13, x14       x13=0000e2fa x13:0000e19c x14:0000015e
16988162ns          289104 1c0082d8 00f686b3 add              x13, x13, x15       x13=0000e2fa x13:0000e2fa x15:00000000
16988181ns          289105 1c0082da 02c42703 lw               x14, 44(x8)         x14=0000024c  x8:10000a84  PA:10000ab0
16988201ns          289106 1c0082dc 03042783 lw               x15, 48(x8)         x15=000000a4  x8:10000a84  PA:10000ab4
16988221ns          289107 1c0082de 00c686b3 add              x13, x13, x12       x13=0000e3aa x13:0000e2fa x12:000000b0
16988241ns          289108 1c0082e0 00e686b3 add              x13, x13, x14       x13=0000e5f6 x13:0000e3aa x14:0000024c
16988261ns          289109 1c0082e2 03442603 lw               x12, 52(x8)         x12=000002b2  x8:10000a84  PA:10000ab8
16988281ns          289110 1c0082e4 03842703 lw               x14, 56(x8)         x14=00000202  x8:10000a84  PA:10000abc
16988301ns          289111 1c0082e6 00f686b3 add              x13, x13, x15       x13=0000e69a x13:0000e5f6 x15:000000a4
16988321ns          289112 1c0082e8 00c686b3 add              x13, x13, x12       x13=0000e94c x13:0000e69a x12:000002b2
16988341ns          289113 1c0082ea 03c42783 lw               x15, 60(x8)         x15=00000205  x8:10000a84  PA:10000ac0
16988360ns          289114 1c0082ec 00e686b3 add              x13, x13, x14       x13=0000eb4e x13:0000e94c x14:00000202
16988380ns          289115 1c0082ee 00f686b3 add              x13, x13, x15       x13=0000ed53 x13:0000eb4e x15:00000205
16988400ns          289116 1c0082f0 04040413 addi             x8, x8, 64           x8=10000ac4  x8:10000a84
16988420ns          289117 1c0082b0 00042783 lw               x15, 0(x8)          x15=000001fe  x8:10000ac4  PA:10000ac4
16988440ns          289118 1c0082b2 00442603 lw               x12, 4(x8)          x12=000001f7  x8:10000ac4  PA:10000ac8
16988460ns          289119 1c0082b4 00842703 lw               x14, 8(x8)          x14=0000016e  x8:10000ac4  PA:10000acc
16988480ns          289120 1c0082b6 00f686b3 add              x13, x13, x15       x13=0000ef51 x13:0000ed53 x15:000001fe
16988500ns          289121 1c0082b8 00c686b3 add              x13, x13, x12       x13=0000f148 x13:0000ef51 x12:000001f7
16988520ns          289122 1c0082ba 00c42783 lw               x15, 12(x8)         x15=0000014f  x8:10000ac4  PA:10000ad0
16988539ns          289123 1c0082bc 01042603 lw               x12, 16(x8)         x12=00000106  x8:10000ac4  PA:10000ad4
16988559ns          289124 1c0082be 00e686b3 add              x13, x13, x14       x13=0000f2b6 x13:0000f148 x14:0000016e
16988579ns          289125 1c0082c0 00f686b3 add              x13, x13, x15       x13=0000f405 x13:0000f2b6 x15:0000014f
16988599ns          289126 1c0082c2 01442703 lw               x14, 20(x8)         x14=00000000  x8:10000ac4  PA:10000ad8
16988619ns          289127 1c0082c4 01842783 lw               x15, 24(x8)         x15=0000021b  x8:10000ac4  PA:10000adc
16988639ns          289128 1c0082c6 00c686b3 add              x13, x13, x12       x13=0000f50b x13:0000f405 x12:00000106
16988659ns          289129 1c0082c8 00e686b3 add              x13, x13, x14       x13=0000f50b x13:0000f50b x14:00000000
16988679ns          289130 1c0082ca 01c42603 lw               x12, 28(x8)         x12=0000008c  x8:10000ac4  PA:10000ae0
16988699ns          289131 1c0082cc 02042703 lw               x14, 32(x8)         x14=000001b5  x8:10000ac4  PA:10000ae4
16988718ns          289132 1c0082ce 00f686b3 add              x13, x13, x15       x13=0000f726 x13:0000f50b x15:0000021b
16988738ns          289133 1c0082d0 00c686b3 add              x13, x13, x12       x13=0000f7b2 x13:0000f726 x12:0000008c
16988758ns          289134 1c0082d2 02442783 lw               x15, 36(x8)         x15=00000000  x8:10000ac4  PA:10000ae8
16988778ns          289135 1c0082d4 02842603 lw               x12, 40(x8)         x12=00000172  x8:10000ac4  PA:10000aec
16988798ns          289136 1c0082d6 00e686b3 add              x13, x13, x14       x13=0000f967 x13:0000f7b2 x14:000001b5
16988818ns          289137 1c0082d8 00f686b3 add              x13, x13, x15       x13=0000f967 x13:0000f967 x15:00000000
16988838ns          289138 1c0082da 02c42703 lw               x14, 44(x8)         x14=00000198  x8:10000ac4  PA:10000af0
16988858ns          289139 1c0082dc 03042783 lw               x15, 48(x8)         x15=0000004d  x8:10000ac4  PA:10000af4
16988878ns          289140 1c0082de 00c686b3 add              x13, x13, x12       x13=0000fad9 x13:0000f967 x12:00000172
16988897ns          289141 1c0082e0 00e686b3 add              x13, x13, x14       x13=0000fc71 x13:0000fad9 x14:00000198
16988917ns          289142 1c0082e2 03442603 lw               x12, 52(x8)         x12=00000243  x8:10000ac4  PA:10000af8
16988937ns          289143 1c0082e4 03842703 lw               x14, 56(x8)         x14=00000202  x8:10000ac4  PA:10000afc
16988957ns          289144 1c0082e6 00f686b3 add              x13, x13, x15       x13=0000fcbe x13:0000fc71 x15:0000004d
16988977ns          289145 1c0082e8 00c686b3 add              x13, x13, x12       x13=0000ff01 x13:0000fcbe x12:00000243
16988997ns          289146 1c0082ea 03c42783 lw               x15, 60(x8)         x15=000001ff  x8:10000ac4  PA:10000b00
16989017ns          289147 1c0082ec 00e686b3 add              x13, x13, x14       x13=00010103 x13:0000ff01 x14:00000202
16989037ns          289148 1c0082ee 00f686b3 add              x13, x13, x15       x13=00010302 x13:00010103 x15:000001ff
16989057ns          289149 1c0082f0 04040413 addi             x8, x8, 64           x8=10000b04  x8:10000ac4
16989076ns          289150 1c0082b0 00042783 lw               x15, 0(x8)          x15=000001fe  x8:10000b04  PA:10000b04
16989096ns          289151 1c0082b2 00442603 lw               x12, 4(x8)          x12=000001f7  x8:10000b04  PA:10000b08
16989116ns          289152 1c0082b4 00842703 lw               x14, 8(x8)          x14=0000018e  x8:10000b04  PA:10000b0c
16989136ns          289153 1c0082b6 00f686b3 add              x13, x13, x15       x13=00010500 x13:00010302 x15:000001fe
16989156ns          289154 1c0082b8 00c686b3 add              x13, x13, x12       x13=000106f7 x13:00010500 x12:000001f7
16989176ns          289155 1c0082ba 00c42783 lw               x15, 12(x8)         x15=0000013f  x8:10000b04  PA:10000b10
16989196ns          289156 1c0082bc 01042603 lw               x12, 16(x8)         x12=00000106  x8:10000b04  PA:10000b14
16989216ns          289157 1c0082be 00e686b3 add              x13, x13, x14       x13=00010885 x13:000106f7 x14:0000018e
16989236ns          289158 1c0082c0 00f686b3 add              x13, x13, x15       x13=000109c4 x13:00010885 x15:0000013f
16989256ns          289159 1c0082c2 01442703 lw               x14, 20(x8)         x14=00000000  x8:10000b04  PA:10000b18
16989275ns          289160 1c0082c4 01842783 lw               x15, 24(x8)         x15=0000024b  x8:10000b04  PA:10000b1c
16989295ns          289161 1c0082c6 00c686b3 add              x13, x13, x12       x13=00010aca x13:000109c4 x12:00000106
16989315ns          289162 1c0082c8 00e686b3 add              x13, x13, x14       x13=00010aca x13:00010aca x14:00000000
16989335ns          289163 1c0082ca 01c42603 lw               x12, 28(x8)         x12=0000006c  x8:10000b04  PA:10000b20
16989355ns          289164 1c0082cc 02042703 lw               x14, 32(x8)         x14=000001c5  x8:10000b04  PA:10000b24
16989375ns          289165 1c0082ce 00f686b3 add              x13, x13, x15       x13=00010d15 x13:00010aca x15:0000024b
16989395ns          289166 1c0082d0 00c686b3 add              x13, x13, x12       x13=00010d81 x13:00010d15 x12:0000006c
16989415ns          289167 1c0082d2 02442783 lw               x15, 36(x8)         x15=00000000  x8:10000b04  PA:10000b28
16989435ns          289168 1c0082d4 02842603 lw               x12, 40(x8)         x12=00000192  x8:10000b04  PA:10000b2c
16989454ns          289169 1c0082d6 00e686b3 add              x13, x13, x14       x13=00010f46 x13:00010d81 x14:000001c5
16989474ns          289170 1c0082d8 00f686b3 add              x13, x13, x15       x13=00010f46 x13:00010f46 x15:00000000
16989494ns          289171 1c0082da 02c42703 lw               x14, 44(x8)         x14=00000178  x8:10000b04  PA:10000b30
16989514ns          289172 1c0082dc 03042783 lw               x15, 48(x8)         x15=0000003d  x8:10000b04  PA:10000b34
16989534ns          289173 1c0082de 00c686b3 add              x13, x13, x12       x13=000110d8 x13:00010f46 x12:00000192
16989554ns          289174 1c0082e0 00e686b3 add              x13, x13, x14       x13=00011250 x13:000110d8 x14:00000178
16989574ns          289175 1c0082e2 03442603 lw               x12, 52(x8)         x12=00000233  x8:10000b04  PA:10000b38
16989594ns          289176 1c0082e4 03842703 lw               x14, 56(x8)         x14=00000202  x8:10000b04  PA:10000b3c
16989614ns          289177 1c0082e6 00f686b3 add              x13, x13, x15       x13=0001128d x13:00011250 x15:0000003d
16989633ns          289178 1c0082e8 00c686b3 add              x13, x13, x12       x13=000114c0 x13:0001128d x12:00000233
16989653ns          289179 1c0082ea 03c42783 lw               x15, 60(x8)         x15=000001ff  x8:10000b04  PA:10000b40
16989673ns          289180 1c0082ec 00e686b3 add              x13, x13, x14       x13=000116c2 x13:000114c0 x14:00000202
16989693ns          289181 1c0082ee 00f686b3 add              x13, x13, x15       x13=000118c1 x13:000116c2 x15:000001ff
16989713ns          289182 1c0082f0 04040413 addi             x8, x8, 64           x8=10000b44  x8:10000b04
16989733ns          289183 1c0082b0 00042783 lw               x15, 0(x8)          x15=00000206  x8:10000b44  PA:10000b44
16989753ns          289184 1c0082b2 00442603 lw               x12, 4(x8)          x12=0000020d  x8:10000b44  PA:10000b48
16989773ns          289185 1c0082b4 00842703 lw               x14, 8(x8)          x14=00000054  x8:10000b44  PA:10000b4c
16989793ns          289186 1c0082b6 00f686b3 add              x13, x13, x15       x13=00011ac7 x13:000118c1 x15:00000206
16989812ns          289187 1c0082b8 00c686b3 add              x13, x13, x12       x13=00011cd4 x13:00011ac7 x12:0000020d
16989832ns          289188 1c0082ba 00c42783 lw               x15, 12(x8)         x15=000001d4  x8:10000b44  PA:10000b50
16989852ns          289189 1c0082bc 01042603 lw               x12, 16(x8)         x12=000000fc  x8:10000b44  PA:10000b54
16989872ns          289190 1c0082be 00e686b3 add              x13, x13, x14       x13=00011d28 x13:00011cd4 x14:00000054
16989892ns          289191 1c0082c0 00f686b3 add              x13, x13, x15       x13=00011efc x13:00011d28 x15:000001d4
16989912ns          289192 1c0082c2 01442703 lw               x14, 20(x8)         x14=00000000  x8:10000b44  PA:10000b58
16989932ns          289193 1c0082c4 01842783 lw               x15, 24(x8)         x15=00000088  x8:10000b44  PA:10000b5c
16989952ns          289194 1c0082c6 00c686b3 add              x13, x13, x12       x13=00011ff8 x13:00011efc x12:000000fc
16989972ns          289195 1c0082c8 00e686b3 add              x13, x13, x14       x13=00011ff8 x13:00011ff8 x14:00000000
16989991ns          289196 1c0082ca 01c42603 lw               x12, 28(x8)         x12=000001b6  x8:10000b44  PA:10000b60
16990011ns          289197 1c0082cc 02042703 lw               x14, 32(x8)         x14=0000012e  x8:10000b44  PA:10000b64
16990031ns          289198 1c0082ce 00f686b3 add              x13, x13, x15       x13=00012080 x13:00011ff8 x15:00000088
16990051ns          289199 1c0082d0 00c686b3 add              x13, x13, x12       x13=00012236 x13:00012080 x12:000001b6
16990071ns          289200 1c0082d2 02442783 lw               x15, 36(x8)         x15=00000000  x8:10000b44  PA:10000b68
16990091ns          289201 1c0082d4 02842603 lw               x12, 40(x8)         x12=00000050  x8:10000b44  PA:10000b6c
16990111ns          289202 1c0082d6 00e686b3 add              x13, x13, x14       x13=00012364 x13:00012236 x14:0000012e
16990131ns          289203 1c0082d8 00f686b3 add              x13, x13, x15       x13=00012364 x13:00012364 x15:00000000
16990151ns          289204 1c0082da 02c42703 lw               x14, 44(x8)         x14=000002ac  x8:10000b44  PA:10000b70
16990170ns          289205 1c0082dc 03042783 lw               x15, 48(x8)         x15=000000d4  x8:10000b44  PA:10000b74
16990190ns          289206 1c0082de 00c686b3 add              x13, x13, x12       x13=000123b4 x13:00012364 x12:00000050
16990210ns          289207 1c0082e0 00e686b3 add              x13, x13, x14       x13=00012660 x13:000123b4 x14:000002ac
16990230ns          289208 1c0082e2 03442603 lw               x12, 52(x8)         x12=000002e2  x8:10000b44  PA:10000b78
16990250ns          289209 1c0082e4 03842703 lw               x14, 56(x8)         x14=00000202  x8:10000b44  PA:10000b7c
16990270ns          289210 1c0082e6 00f686b3 add              x13, x13, x15       x13=00012734 x13:00012660 x15:000000d4
16990290ns          289211 1c0082e8 00c686b3 add              x13, x13, x12       x13=00012a16 x13:00012734 x12:000002e2
16990310ns          289212 1c0082ea 03c42783 lw               x15, 60(x8)         x15=00000205  x8:10000b44  PA:10000b80
16990330ns          289213 1c0082ec 00e686b3 add              x13, x13, x14       x13=00012c18 x13:00012a16 x14:00000202
16990349ns          289214 1c0082ee 00f686b3 add              x13, x13, x15       x13=00012e1d x13:00012c18 x15:00000205
16990369ns          289215 1c0082f0 04040413 addi             x8, x8, 64           x8=10000b84  x8:10000b44
16990389ns          289216 1c0082b0 00042783 lw               x15, 0(x8)          x15=00000206  x8:10000b84  PA:10000b84
16990409ns          289217 1c0082b2 00442603 lw               x12, 4(x8)          x12=0000020d  x8:10000b84  PA:10000b88
16990429ns          289218 1c0082b4 00842703 lw               x14, 8(x8)          x14=00000034  x8:10000b84  PA:10000b8c
16990449ns          289219 1c0082b6 00f686b3 add              x13, x13, x15       x13=00013023 x13:00012e1d x15:00000206
16990469ns          289220 1c0082b8 00c686b3 add              x13, x13, x12       x13=00013230 x13:00013023 x12:0000020d
16990489ns          289221 1c0082ba 00c42783 lw               x15, 12(x8)         x15=000001e4  x8:10000b84  PA:10000b90
16990509ns          289222 1c0082bc 01042603 lw               x12, 16(x8)         x12=000000fc  x8:10000b84  PA:10000b94
16990529ns          289223 1c0082be 00e686b3 add              x13, x13, x14       x13=00013264 x13:00013230 x14:00000034
16990548ns          289224 1c0082c0 00f686b3 add              x13, x13, x15       x13=00013448 x13:00013264 x15:000001e4
16990568ns          289225 1c0082c2 01442703 lw               x14, 20(x8)         x14=00000000  x8:10000b84  PA:10000b98
16990588ns          289226 1c0082c4 01842783 lw               x15, 24(x8)         x15=00000058  x8:10000b84  PA:10000b9c
16990608ns          289227 1c0082c6 00c686b3 add              x13, x13, x12       x13=00013544 x13:00013448 x12:000000fc
16990628ns          289228 1c0082c8 00e686b3 add              x13, x13, x14       x13=00013544 x13:00013544 x14:00000000
16990648ns          289229 1c0082ca 01c42603 lw               x12, 28(x8)         x12=000001d6  x8:10000b84  PA:10000ba0
16990668ns          289230 1c0082cc 02042703 lw               x14, 32(x8)         x14=0000011e  x8:10000b84  PA:10000ba4
16990688ns          289231 1c0082ce 00f686b3 add              x13, x13, x15       x13=0001359c x13:00013544 x15:00000058
16990708ns          289232 1c0082d0 00c686b3 add              x13, x13, x12       x13=00013772 x13:0001359c x12:000001d6
16990727ns          289233 1c0082d2 02442783 lw               x15, 36(x8)         x15=00000000  x8:10000b84  PA:10000ba8
16990747ns          289234 1c0082d4 02842603 lw               x12, 40(x8)         x12=00000030  x8:10000b84  PA:10000bac
16990767ns          289235 1c0082d6 00e686b3 add              x13, x13, x14       x13=00013890 x13:00013772 x14:0000011e
16990787ns          289236 1c0082d8 00f686b3 add              x13, x13, x15       x13=00013890 x13:00013890 x15:00000000
16990807ns          289237 1c0082da 02c42703 lw               x14, 44(x8)         x14=000002cc  x8:10000b84  PA:10000bb0
16990827ns          289238 1c0082dc 03042783 lw               x15, 48(x8)         x15=000000e4  x8:10000b84  PA:10000bb4
16990847ns          289239 1c0082de 00c686b3 add              x13, x13, x12       x13=000138c0 x13:00013890 x12:00000030
16990867ns          289240 1c0082e0 00e686b3 add              x13, x13, x14       x13=00013b8c x13:000138c0 x14:000002cc
16990887ns          289241 1c0082e2 03442603 lw               x12, 52(x8)         x12=000002f2  x8:10000b84  PA:10000bb8
16990906ns          289242 1c0082e4 03842703 lw               x14, 56(x8)         x14=00000202  x8:10000b84  PA:10000bbc
16990926ns          289243 1c0082e6 00f686b3 add              x13, x13, x15       x13=00013c70 x13:00013b8c x15:000000e4
16990946ns          289244 1c0082e8 00c686b3 add              x13, x13, x12       x13=00013f62 x13:00013c70 x12:000002f2
16990966ns          289245 1c0082ea 03c42783 lw               x15, 60(x8)         x15=00000205  x8:10000b84  PA:10000bc0
16990986ns          289246 1c0082ec 00e686b3 add              x13, x13, x14       x13=00014164 x13:00013f62 x14:00000202
16991006ns          289247 1c0082ee 00f686b3 add              x13, x13, x15       x13=00014369 x13:00014164 x15:00000205
16991026ns          289248 1c0082f0 04040413 addi             x8, x8, 64           x8=10000bc4  x8:10000b84
16991046ns          289249 1c0082b0 00042783 lw               x15, 0(x8)          x15=000001fe  x8:10000bc4  PA:10000bc4
16991066ns          289250 1c0082b2 00442603 lw               x12, 4(x8)          x12=000001f7  x8:10000bc4  PA:10000bc8
16991085ns          289251 1c0082b4 00842703 lw               x14, 8(x8)          x14=000001ee  x8:10000bc4  PA:10000bcc
16991105ns          289252 1c0082b6 00f686b3 add              x13, x13, x15       x13=00014567 x13:00014369 x15:000001fe
16991125ns          289253 1c0082b8 00c686b3 add              x13, x13, x12       x13=0001475e x13:00014567 x12:000001f7
16991145ns          289254 1c0082ba 00c42783 lw               x15, 12(x8)         x15=0000010f  x8:10000bc4  PA:10000bd0
16991165ns          289255 1c0082bc 01042603 lw               x12, 16(x8)         x12=00000106  x8:10000bc4  PA:10000bd4
16991185ns          289256 1c0082be 00e686b3 add              x13, x13, x14       x13=0001494c x13:0001475e x14:000001ee
16991205ns          289257 1c0082c0 00f686b3 add              x13, x13, x15       x13=00014a5b x13:0001494c x15:0000010f
16991225ns          289258 1c0082c2 01442703 lw               x14, 20(x8)         x14=00000000  x8:10000bc4  PA:10000bd8
16991245ns          289259 1c0082c4 01842783 lw               x15, 24(x8)         x15=000002db  x8:10000bc4  PA:10000bdc
16991264ns          289260 1c0082c6 00c686b3 add              x13, x13, x12       x13=00014b61 x13:00014a5b x12:00000106
16991284ns          289261 1c0082c8 00e686b3 add              x13, x13, x14       x13=00014b61 x13:00014b61 x14:00000000
16991304ns          289262 1c0082ca 01c42603 lw               x12, 28(x8)         x12=0000000c  x8:10000bc4  PA:10000be0
16991324ns          289263 1c0082cc 02042703 lw               x14, 32(x8)         x14=000001f5  x8:10000bc4  PA:10000be4
16991344ns          289264 1c0082ce 00f686b3 add              x13, x13, x15       x13=00014e3c x13:00014b61 x15:000002db
16991364ns          289265 1c0082d0 00c686b3 add              x13, x13, x12       x13=00014e48 x13:00014e3c x12:0000000c
16991384ns          289266 1c0082d2 02442783 lw               x15, 36(x8)         x15=00000000  x8:10000bc4  PA:10000be8
16991404ns          289267 1c0082d4 02842603 lw               x12, 40(x8)         x12=000001f2  x8:10000bc4  PA:10000bec
16991424ns          289268 1c0082d6 00e686b3 add              x13, x13, x14       x13=0001503d x13:00014e48 x14:000001f5
16991443ns          289269 1c0082d8 00f686b3 add              x13, x13, x15       x13=0001503d x13:0001503d x15:00000000
16991463ns          289270 1c0082da 02c42703 lw               x14, 44(x8)         x14=00000118  x8:10000bc4  PA:10000bf0
16991483ns          289271 1c0082dc 03042783 lw               x15, 48(x8)         x15=0000000d  x8:10000bc4  PA:10000bf4
16991503ns          289272 1c0082de 00c686b3 add              x13, x13, x12       x13=0001522f x13:0001503d x12:000001f2
16991523ns          289273 1c0082e0 00e686b3 add              x13, x13, x14       x13=00015347 x13:0001522f x14:00000118
16991543ns          289274 1c0082e2 03442603 lw               x12, 52(x8)         x12=00000203  x8:10000bc4  PA:10000bf8
16991563ns          289275 1c0082e4 03842703 lw               x14, 56(x8)         x14=00000202  x8:10000bc4  PA:10000bfc
16991583ns          289276 1c0082e6 00f686b3 add              x13, x13, x15       x13=00015354 x13:00015347 x15:0000000d
16991603ns          289277 1c0082e8 00c686b3 add              x13, x13, x12       x13=00015557 x13:00015354 x12:00000203
16991623ns          289278 1c0082ea 03c42783 lw               x15, 60(x8)         x15=000001ff  x8:10000bc4  PA:10000c00
16991642ns          289279 1c0082ec 00e686b3 add              x13, x13, x14       x13=00015759 x13:00015557 x14:00000202
16991662ns          289280 1c0082ee 00f686b3 add              x13, x13, x15       x13=00015958 x13:00015759 x15:000001ff
16991682ns          289281 1c0082f0 04040413 addi             x8, x8, 64           x8=10000c04  x8:10000bc4
16991702ns          289282 1c0082f4 03812403 lw               x8, 56(x2)           x8=1c00110c  x2:10001358  PA:10001390
16991722ns          289283 1c0082f6 03c12083 lw               x1, 60(x2)           x1=1c009cdc  x2:10001358  PA:10001394
16991742ns          289284 1c0082f8 03412483 lw               x9, 52(x2)           x9=00000000  x2:10001358  PA:1000138c
16991762ns          289285 1c0082fa 03012903 lw               x18, 48(x2)         x18=1a10b004  x2:10001358  PA:10001388
16991782ns          289286 1c0082fc 02812a03 lw               x20, 40(x2)         x20=1c001110  x2:10001358  PA:10001380
16991802ns          289287 1c0082fe 02412a83 lw               x21, 36(x2)         x21=1c00a000  x2:10001358  PA:1000137c
16992160ns          289305 1c008300 02012b03 lw               x22, 32(x2)         x22=1c00a000  x2:10001358  PA:10001378
16992179ns          289306 1c008302 01c12b83 lw               x23, 28(x2)         x23=1c000000  x2:10001358  PA:10001374
16992199ns          289307 1c008304 01812c03 lw               x24, 24(x2)         x24=1c000000  x2:10001358  PA:10001370
16992219ns          289308 1c008306 01412c83 lw               x25, 20(x2)         x25=1c000000  x2:10001358  PA:1000136c
16992239ns          289309 1c008308 01012d03 lw               x26, 16(x2)         x26=1c000000  x2:10001358  PA:10001368
16992259ns          289310 1c00830a 00c12d83 lw               x27, 12(x2)         x27=1c001104  x2:10001358  PA:10001364
16992279ns          289311 1c00830c 00016637 lui              x12, 0x16000        x12=00016000
16992677ns          289331 1c00830e 1c0005b7 lui              x11, 0x1c000000     x11=1c000000
16992697ns          289332 1c008312 01300533 add              x10, x0, x19        x10=100013a0 x19:100013a0
16992716ns          289333 1c008314 02c12983 lw               x19, 44(x2)         x19=00000000  x2:10001358  PA:10001384
16992736ns          289334 1c008316 95860613 addi             x12, x12, -1704     x12=00015958 x12:00016000
16992756ns          289335 1c00831a 03058593 addi             x11, x11, 48        x11=1c000030 x11:1c000000
16992776ns          289336 1c00831e 04010113 addi             x2, x2, 64           x2=10001398  x2:10001358
16992816ns          289338 1c008320 27d0106f jal              x0, 6780           
16993273ns          289361 1c009d9c 00d60a63 beq              x12, x13, 20        x12:00015958 x13:00015958
16994208ns          289408 1c009db0 00008067 jalr             x0, x1, 0            x1:1c009cdc
16994288ns          289412 1c009cdc 00892683 lw               x13, 8(x18)         x13=0000118a x18:1a10b004  PA:1a10b00c
16994626ns          289429 1c009ce0 000a2703 lw               x14, 0(x20)         x14=00000001 x20:1c001110  PA:1c001110
16994924ns          289444 1c009ce4 00d12423 sw               x13, 8(x2)          x13:0000118a  x2:10001398  PA:100013a0
16994944ns          289445 1c009ce6 fc0706e3 beq              x14, x0, -52        x14:00000001
16994964ns          289446 1c009ce8 ffcda583 lw               x11, -4(x27)        x11=1c000040 x27:1c001104  PA:1c001100
16995263ns          289461 1c009cec 088d0513 addi             x10, x26, 136       x10=1c000088 x26:1c000000
16995282ns          289462 1c009cf0 dcffe0ef jal              x1, -4658            x1=1c009cf4
16995362ns          289466 1c008abe fc010113 addi             x2, x2, -64          x2=10001358  x2:10001398
16995442ns          289470 1c008ac0 02410313 addi             x6, x2, 36           x6=1000137c  x2:10001358
16995481ns          289472 1c008ac4 02c12423 sw               x12, 40(x2)         x12:00015958  x2:10001358  PA:10001380
16995501ns          289473 1c008ac6 00a00633 add              x12, x0, x10        x12=1c000088 x10:1c000088
16995521ns          289474 1c008ac8 1c009537 lui              x10, 0x1c009000     x10=1c009000
16995541ns          289475 1c008acc 02b12223 sw               x11, 36(x2)         x11:1c000040  x2:10001358  PA:1000137c
16995561ns          289476 1c008ace 02d12623 sw               x13, 44(x2)         x13:0000118a  x2:10001358  PA:10001384
16995581ns          289477 1c008ad0 00200593 addi             x11, x0, 2          x11=00000002
16995601ns          289478 1c008ad2 006006b3 add              x13, x0, x6         x13=1000137c  x6:1000137c
16995621ns          289479 1c008ad4 a5250513 addi             x10, x10, -1454     x10=1c008a52 x10:1c009000
16995640ns          289480 1c008ad8 00112e23 sw               x1, 28(x2)           x1:1c009cf4  x2:10001358  PA:10001374
16995660ns          289481 1c008ada 02e12823 sw               x14, 48(x2)         x14:00000001  x2:10001358  PA:10001388
16995680ns          289482 1c008adc 02f12a23 sw               x15, 52(x2)         x15:000001ff  x2:10001358  PA:1000138c
16995700ns          289483 1c008ade 03012c23 sw               x16, 56(x2)         x16:0000003e  x2:10001358  PA:10001390
16995839ns          289490 1c008ae0 03112e23 sw               x17, 60(x2)         x17:000000c4  x2:10001358  PA:10001394
16995859ns          289491 1c008ae2 00612623 sw               x6, 12(x2)           x6:1000137c  x2:10001358  PA:10001364
16995879ns          289492 1c008ae4 fbfff0ef jal              x1, -66              x1=1c008ae6
16995959ns          289496 1c008aa2 04a0006f jal              x0, 74             
16995998ns          289498 1c008aec ed010113 addi             x2, x2, -304         x2=10001228  x2:10001358
16996357ns          289516 1c008aee 12812423 sw               x8, 296(x2)          x8:1c00110c  x2:10001228  PA:10001350
16996376ns          289517 1c008af2 00000413 addi             x8, x0, 0            x8=00000000
16996396ns          289518 1c008af4 11612823 sw               x22, 272(x2)        x22:1c00a000  x2:10001228  PA:10001338
16996416ns          289519 1c008af8 11712623 sw               x23, 268(x2)        x23:1c000000  x2:10001228  PA:10001334
16996436ns          289520 1c008afc 11812423 sw               x24, 264(x2)        x24:1c000000  x2:10001228  PA:10001330
16996496ns          289523 1c008b00 11912223 sw               x25, 260(x2)        x25:1c000000  x2:10001228  PA:1000132c
16996536ns          289525 1c008b04 11a12023 sw               x26, 256(x2)        x26:1c000000  x2:10001228  PA:10001328
16996555ns          289526 1c008b08 0fb12e23 sw               x27, 252(x2)        x27:1c001104  x2:10001228  PA:10001324
16996575ns          289527 1c008b0a 12112623 sw               x1, 300(x2)          x1:1c008ae6  x2:10001228  PA:10001354
16996595ns          289528 1c008b0e 00800db3 add              x27, x0, x8         x27=00000000  x8:00000000
16996894ns          289543 1c008b10 12912223 sw               x9, 292(x2)          x9:00000000  x2:10001228  PA:1000134c
16996933ns          289545 1c008b14 13212023 sw               x18, 288(x2)        x18:1a10b004  x2:10001228  PA:10001348
16996953ns          289546 1c008b18 11312e23 sw               x19, 284(x2)        x19:00000000  x2:10001228  PA:10001344
16996973ns          289547 1c008b1c 11412c23 sw               x20, 280(x2)        x20:1c001110  x2:10001228  PA:10001340
16997431ns          289570 1c008b20 11512a23 sw               x21, 276(x2)        x21:1c00a000  x2:10001228  PA:1000133c
16997470ns          289572 1c008b24 00a00b33 add              x22, x0, x10        x22=1c008a52 x10:1c008a52
16997490ns          289573 1c008b26 00b00d33 add              x26, x0, x11        x26=00000002 x11:00000002
16997510ns          289574 1c008b28 00d00c33 add              x24, x0, x13        x24=1000137c x13:1000137c
16997530ns          289575 1c008b2a 1c000bb7 lui              x23, 0x1c000000     x23=1c000000
16997570ns          289577 1c008b2e 02410c93 addi             x25, x2, 36         x25=1000124c  x2:10001228
16997590ns          289578 1c008b32 00c00433 add              x8, x0, x12          x8=1c000088 x12:1c000088
16997610ns          289579 1c008b34 00044503 lbu              x10, 0(x8)          x10=0000003d  x8:1c000088  PA:1c000088
16998047ns          289601 1c008b38 00140413 addi             x8, x8, 1            x8=1c000089  x8:1c000088
16998067ns          289602 1c008b3a 00050e63 beq              x10, x0, 28         x10:0000003d
16998087ns          289603 1c008b3c 02500793 addi             x15, x0, 37         x15=00000025
16998107ns          289604 1c008b40 04f50863 beq              x10, x15, 80        x10:0000003d x15:00000025
16998127ns          289605 1c008b44 01a005b3 add              x11, x0, x26        x11=00000002 x26:00000002
16998147ns          289606 1c008b46 000b00e7 jalr             x1, x22, 0           x1=1c008b48 x22:1c008a52
16998286ns          289613 1c008a52 000026b7 lui              x13, 0x2000         x13=00002000
16998326ns          289615 1c008a54 f14027f3 csrrs            x15, x0, 0xf14      x15=00000000
16998346ns          289616 1c008a58 f8068693 addi             x13, x13, -128      x13=00001f80 x13:00002000
16998365ns          289617 1c008a5c 00379713 slli             x14, x15, 0x3       x14=00000000 x15:00000000
16998425ns          289620 1c008a60 00279793 slli             x15, x15, 0x2       x15=00000000 x15:00000000
16998445ns          289621 1c008a62 00d7f7b3 and              x15, x15, x13       x15=00000000 x15:00000000 x13:00001f80
16998465ns          289622 1c008a64 ee873733 p.bclr           x14, x14, 23, 8     x14=00000000 x14:00000000
16998485ns          289623 1c008a68 1a10f6b7 lui              x13, 0x1a10f000     x13=1a10f000
16998505ns          289624 1c008a6c 0ff57513 andi             x10, x10, 255       x10=0000003d x10:0000003d
16998564ns          289627 1c008a70 00d70733 add              x14, x14, x13       x14=1a10f000 x14:00000000 x13:1a10f000
16998604ns          289629 1c008a72 00a7e723 p.sw             x10, x0(x15)        x10:0000003d x15:00000000  PA:1a10f000
16998922ns          289645 1c008a76 00000513 addi             x10, x0, 0          x10=00000000
16998942ns          289646 1c008a78 00008067 jalr             x0, x1, 0            x1:1c008b48
16998982ns          289648 1c008b48 31f52563 p.beqimm         x10, 778            x10:00000000
16999002ns          289649 1c008b4c 001d8d93 addi             x27, x27, 1         x27=00000001 x27:00000000
16999022ns          289650 1c008b4e 00044503 lbu              x10, 0(x8)          x10=0000003d  x8:1c000089  PA:1c000089
16999320ns          289665 1c008b52 00140413 addi             x8, x8, 1            x8=1c00008a  x8:1c000089
16999340ns          289666 1c008b54 fe0514e3 bne              x10, x0, -24        x10:0000003d
16999400ns          289669 1c008b3c 02500793 addi             x15, x0, 37         x15=00000025
16999420ns          289670 1c008b40 04f50863 beq              x10, x15, 80        x10:0000003d x15:00000025
16999440ns          289671 1c008b44 01a005b3 add              x11, x0, x26        x11=00000002 x26:00000002
16999459ns          289672 1c008b46 000b00e7 jalr             x1, x22, 0           x1=1c008b48 x22:1c008a52
16999499ns          289674 1c008a52 000026b7 lui              x13, 0x2000         x13=00002000
16999519ns          289675 1c008a54 f14027f3 csrrs            x15, x0, 0xf14      x15=00000000
16999539ns          289676 1c008a58 f8068693 addi             x13, x13, -128      x13=00001f80 x13:00002000
16999559ns          289677 1c008a5c 00379713 slli             x14, x15, 0x3       x14=00000000 x15:00000000
16999579ns          289678 1c008a60 00279793 slli             x15, x15, 0x2       x15=00000000 x15:00000000
16999599ns          289679 1c008a62 00d7f7b3 and              x15, x15, x13       x15=00000000 x15:00000000 x13:00001f80
16999619ns          289680 1c008a64 ee873733 p.bclr           x14, x14, 23, 8     x14=00000000 x14:00000000
16999638ns          289681 1c008a68 1a10f6b7 lui              x13, 0x1a10f000     x13=1a10f000
16999658ns          289682 1c008a6c 0ff57513 andi             x10, x10, 255       x10=0000003d x10:0000003d
16999678ns          289683 1c008a70 00d70733 add              x14, x14, x13       x14=1a10f000 x14:00000000 x13:1a10f000
16999698ns          289684 1c008a72 00a7e723 p.sw             x10, x0(x15)        x10:0000003d x15:00000000  PA:1a10f000
17000016ns          289700 1c008a76 00000513 addi             x10, x0, 0          x10=00000000
17000036ns          289701 1c008a78 00008067 jalr             x0, x1, 0            x1:1c008b48
17000076ns          289703 1c008b48 31f52563 p.beqimm         x10, 778            x10:00000000
17000096ns          289704 1c008b4c 001d8d93 addi             x27, x27, 1         x27=00000002 x27:00000001
17000116ns          289705 1c008b4e 00044503 lbu              x10, 0(x8)          x10=00000020  x8:1c00008a  PA:1c00008a
17000414ns          289720 1c008b52 00140413 addi             x8, x8, 1            x8=1c00008b  x8:1c00008a
17000434ns          289721 1c008b54 fe0514e3 bne              x10, x0, -24        x10:00000020
17000494ns          289724 1c008b3c 02500793 addi             x15, x0, 37         x15=00000025
17000514ns          289725 1c008b40 04f50863 beq              x10, x15, 80        x10:00000020 x15:00000025
17000534ns          289726 1c008b44 01a005b3 add              x11, x0, x26        x11=00000002 x26:00000002
17000553ns          289727 1c008b46 000b00e7 jalr             x1, x22, 0           x1=1c008b48 x22:1c008a52
17000593ns          289729 1c008a52 000026b7 lui              x13, 0x2000         x13=00002000
17000613ns          289730 1c008a54 f14027f3 csrrs            x15, x0, 0xf14      x15=00000000
17000633ns          289731 1c008a58 f8068693 addi             x13, x13, -128      x13=00001f80 x13:00002000
17000653ns          289732 1c008a5c 00379713 slli             x14, x15, 0x3       x14=00000000 x15:00000000
17000673ns          289733 1c008a60 00279793 slli             x15, x15, 0x2       x15=00000000 x15:00000000
17000693ns          289734 1c008a62 00d7f7b3 and              x15, x15, x13       x15=00000000 x15:00000000 x13:00001f80
17000713ns          289735 1c008a64 ee873733 p.bclr           x14, x14, 23, 8     x14=00000000 x14:00000000
17000732ns          289736 1c008a68 1a10f6b7 lui              x13, 0x1a10f000     x13=1a10f000
17000752ns          289737 1c008a6c 0ff57513 andi             x10, x10, 255       x10=00000020 x10:00000020
17000772ns          289738 1c008a70 00d70733 add              x14, x14, x13       x14=1a10f000 x14:00000000 x13:1a10f000
17000792ns          289739 1c008a72 00a7e723 p.sw             x10, x0(x15)        x10:00000020 x15:00000000  PA:1a10f000
17001110ns          289755 1c008a76 00000513 addi             x10, x0, 0          x10=00000000
17001130ns          289756 1c008a78 00008067 jalr             x0, x1, 0            x1:1c008b48
17001170ns          289758 1c008b48 31f52563 p.beqimm         x10, 778            x10:00000000
17001190ns          289759 1c008b4c 001d8d93 addi             x27, x27, 1         x27=00000003 x27:00000002
17001210ns          289760 1c008b4e 00044503 lbu              x10, 0(x8)          x10=00000074  x8:1c00008b  PA:1c00008b
17001608ns          289780 1c008b52 00140413 addi             x8, x8, 1            x8=1c00008c  x8:1c00008b
17001628ns          289781 1c008b54 fe0514e3 bne              x10, x0, -24        x10:00000074
17001687ns          289784 1c008b3c 02500793 addi             x15, x0, 37         x15=00000025
17001707ns          289785 1c008b40 04f50863 beq              x10, x15, 80        x10:00000074 x15:00000025
17001727ns          289786 1c008b44 01a005b3 add              x11, x0, x26        x11=00000002 x26:00000002
17001747ns          289787 1c008b46 000b00e7 jalr             x1, x22, 0           x1=1c008b48 x22:1c008a52
17001787ns          289789 1c008a52 000026b7 lui              x13, 0x2000         x13=00002000
17001807ns          289790 1c008a54 f14027f3 csrrs            x15, x0, 0xf14      x15=00000000
17001826ns          289791 1c008a58 f8068693 addi             x13, x13, -128      x13=00001f80 x13:00002000
17001846ns          289792 1c008a5c 00379713 slli             x14, x15, 0x3       x14=00000000 x15:00000000
17001866ns          289793 1c008a60 00279793 slli             x15, x15, 0x2       x15=00000000 x15:00000000
17001886ns          289794 1c008a62 00d7f7b3 and              x15, x15, x13       x15=00000000 x15:00000000 x13:00001f80
17001906ns          289795 1c008a64 ee873733 p.bclr           x14, x14, 23, 8     x14=00000000 x14:00000000
17001926ns          289796 1c008a68 1a10f6b7 lui              x13, 0x1a10f000     x13=1a10f000
17001946ns          289797 1c008a6c 0ff57513 andi             x10, x10, 255       x10=00000074 x10:00000074
17001966ns          289798 1c008a70 00d70733 add              x14, x14, x13       x14=1a10f000 x14:00000000 x13:1a10f000
17001986ns          289799 1c008a72 00a7e723 p.sw             x10, x0(x15)        x10:00000074 x15:00000000  PA:1a10f000
17002304ns          289815 1c008a76 00000513 addi             x10, x0, 0          x10=00000000
17002324ns          289816 1c008a78 00008067 jalr             x0, x1, 0            x1:1c008b48
17002364ns          289818 1c008b48 31f52563 p.beqimm         x10, 778            x10:00000000
17002383ns          289819 1c008b4c 001d8d93 addi             x27, x27, 1         x27=00000004 x27:00000003
17002403ns          289820 1c008b4e 00044503 lbu              x10, 0(x8)          x10=00000065  x8:1c00008c  PA:1c00008c
17002702ns          289835 1c008b52 00140413 addi             x8, x8, 1            x8=1c00008d  x8:1c00008c
17002722ns          289836 1c008b54 fe0514e3 bne              x10, x0, -24        x10:00000065
17002781ns          289839 1c008b3c 02500793 addi             x15, x0, 37         x15=00000025
17002801ns          289840 1c008b40 04f50863 beq              x10, x15, 80        x10:00000065 x15:00000025
17002821ns          289841 1c008b44 01a005b3 add              x11, x0, x26        x11=00000002 x26:00000002
17002841ns          289842 1c008b46 000b00e7 jalr             x1, x22, 0           x1=1c008b48 x22:1c008a52
17002881ns          289844 1c008a52 000026b7 lui              x13, 0x2000         x13=00002000
17002901ns          289845 1c008a54 f14027f3 csrrs            x15, x0, 0xf14      x15=00000000
17002920ns          289846 1c008a58 f8068693 addi             x13, x13, -128      x13=00001f80 x13:00002000
17002940ns          289847 1c008a5c 00379713 slli             x14, x15, 0x3       x14=00000000 x15:00000000
17002960ns          289848 1c008a60 00279793 slli             x15, x15, 0x2       x15=00000000 x15:00000000
17002980ns          289849 1c008a62 00d7f7b3 and              x15, x15, x13       x15=00000000 x15:00000000 x13:00001f80
17003000ns          289850 1c008a64 ee873733 p.bclr           x14, x14, 23, 8     x14=00000000 x14:00000000
17003020ns          289851 1c008a68 1a10f6b7 lui              x13, 0x1a10f000     x13=1a10f000
17003040ns          289852 1c008a6c 0ff57513 andi             x10, x10, 255       x10=00000065 x10:00000065
17003060ns          289853 1c008a70 00d70733 add              x14, x14, x13       x14=1a10f000 x14:00000000 x13:1a10f000
17003080ns          289854 1c008a72 00a7e723 p.sw             x10, x0(x15)        x10:00000065 x15:00000000  PA:1a10f000
17003418ns          289871 1c008a76 00000513 addi             x10, x0, 0          x10=00000000
17003438ns          289872 1c008a78 00008067 jalr             x0, x1, 0            x1:1c008b48
17003477ns          289874 1c008b48 31f52563 p.beqimm         x10, 778            x10:00000000
17003497ns          289875 1c008b4c 001d8d93 addi             x27, x27, 1         x27=00000005 x27:00000004
17003517ns          289876 1c008b4e 00044503 lbu              x10, 0(x8)          x10=00000073  x8:1c00008d  PA:1c00008d
17003816ns          289891 1c008b52 00140413 addi             x8, x8, 1            x8=1c00008e  x8:1c00008d
17003835ns          289892 1c008b54 fe0514e3 bne              x10, x0, -24        x10:00000073
17003895ns          289895 1c008b3c 02500793 addi             x15, x0, 37         x15=00000025
17003915ns          289896 1c008b40 04f50863 beq              x10, x15, 80        x10:00000073 x15:00000025
17003935ns          289897 1c008b44 01a005b3 add              x11, x0, x26        x11=00000002 x26:00000002
17003955ns          289898 1c008b46 000b00e7 jalr             x1, x22, 0           x1=1c008b48 x22:1c008a52
17003995ns          289900 1c008a52 000026b7 lui              x13, 0x2000         x13=00002000
17004014ns          289901 1c008a54 f14027f3 csrrs            x15, x0, 0xf14      x15=00000000
17004034ns          289902 1c008a58 f8068693 addi             x13, x13, -128      x13=00001f80 x13:00002000
17004054ns          289903 1c008a5c 00379713 slli             x14, x15, 0x3       x14=00000000 x15:00000000
17004074ns          289904 1c008a60 00279793 slli             x15, x15, 0x2       x15=00000000 x15:00000000
17004094ns          289905 1c008a62 00d7f7b3 and              x15, x15, x13       x15=00000000 x15:00000000 x13:00001f80
17004114ns          289906 1c008a64 ee873733 p.bclr           x14, x14, 23, 8     x14=00000000 x14:00000000
17004134ns          289907 1c008a68 1a10f6b7 lui              x13, 0x1a10f000     x13=1a10f000
17004154ns          289908 1c008a6c 0ff57513 andi             x10, x10, 255       x10=00000073 x10:00000073
17004174ns          289909 1c008a70 00d70733 add              x14, x14, x13       x14=1a10f000 x14:00000000 x13:1a10f000
17004193ns          289910 1c008a72 00a7e723 p.sw             x10, x0(x15)        x10:00000073 x15:00000000  PA:1a10f000
17004512ns          289926 1c008a76 00000513 addi             x10, x0, 0          x10=00000000
17004532ns          289927 1c008a78 00008067 jalr             x0, x1, 0            x1:1c008b48
17004571ns          289929 1c008b48 31f52563 p.beqimm         x10, 778            x10:00000000
17004591ns          289930 1c008b4c 001d8d93 addi             x27, x27, 1         x27=00000006 x27:00000005
17004611ns          289931 1c008b4e 00044503 lbu              x10, 0(x8)          x10=00000074  x8:1c00008e  PA:1c00008e
17004910ns          289946 1c008b52 00140413 addi             x8, x8, 1            x8=1c00008f  x8:1c00008e
17004929ns          289947 1c008b54 fe0514e3 bne              x10, x0, -24        x10:00000074
17004989ns          289950 1c008b3c 02500793 addi             x15, x0, 37         x15=00000025
17005009ns          289951 1c008b40 04f50863 beq              x10, x15, 80        x10:00000074 x15:00000025
17005029ns          289952 1c008b44 01a005b3 add              x11, x0, x26        x11=00000002 x26:00000002
17005049ns          289953 1c008b46 000b00e7 jalr             x1, x22, 0           x1=1c008b48 x22:1c008a52
17005089ns          289955 1c008a52 000026b7 lui              x13, 0x2000         x13=00002000
17005108ns          289956 1c008a54 f14027f3 csrrs            x15, x0, 0xf14      x15=00000000
17005128ns          289957 1c008a58 f8068693 addi             x13, x13, -128      x13=00001f80 x13:00002000
17005148ns          289958 1c008a5c 00379713 slli             x14, x15, 0x3       x14=00000000 x15:00000000
17005168ns          289959 1c008a60 00279793 slli             x15, x15, 0x2       x15=00000000 x15:00000000
17005188ns          289960 1c008a62 00d7f7b3 and              x15, x15, x13       x15=00000000 x15:00000000 x13:00001f80
17005208ns          289961 1c008a64 ee873733 p.bclr           x14, x14, 23, 8     x14=00000000 x14:00000000
17005228ns          289962 1c008a68 1a10f6b7 lui              x13, 0x1a10f000     x13=1a10f000
17005248ns          289963 1c008a6c 0ff57513 andi             x10, x10, 255       x10=00000074 x10:00000074
17005268ns          289964 1c008a70 00d70733 add              x14, x14, x13       x14=1a10f000 x14:00000000 x13:1a10f000
17005287ns          289965 1c008a72 00a7e723 p.sw             x10, x0(x15)        x10:00000074 x15:00000000  PA:1a10f000
17005606ns          289981 1c008a76 00000513 addi             x10, x0, 0          x10=00000000
17005626ns          289982 1c008a78 00008067 jalr             x0, x1, 0            x1:1c008b48
17005665ns          289984 1c008b48 31f52563 p.beqimm         x10, 778            x10:00000000
17005685ns          289985 1c008b4c 001d8d93 addi             x27, x27, 1         x27=00000007 x27:00000006
17005705ns          289986 1c008b4e 00044503 lbu              x10, 0(x8)          x10=0000003a  x8:1c00008f  PA:1c00008f
17006063ns          290004 1c008b52 00140413 addi             x8, x8, 1            x8=1c000090  x8:1c00008f
17006083ns          290005 1c008b54 fe0514e3 bne              x10, x0, -24        x10:0000003a
17006143ns          290008 1c008b3c 02500793 addi             x15, x0, 37         x15=00000025
17006163ns          290009 1c008b40 04f50863 beq              x10, x15, 80        x10:0000003a x15:00000025
17006183ns          290010 1c008b44 01a005b3 add              x11, x0, x26        x11=00000002 x26:00000002
17006202ns          290011 1c008b46 000b00e7 jalr             x1, x22, 0           x1=1c008b48 x22:1c008a52
17006242ns          290013 1c008a52 000026b7 lui              x13, 0x2000         x13=00002000
17006262ns          290014 1c008a54 f14027f3 csrrs            x15, x0, 0xf14      x15=00000000
17006282ns          290015 1c008a58 f8068693 addi             x13, x13, -128      x13=00001f80 x13:00002000
17006302ns          290016 1c008a5c 00379713 slli             x14, x15, 0x3       x14=00000000 x15:00000000
17006322ns          290017 1c008a60 00279793 slli             x15, x15, 0x2       x15=00000000 x15:00000000
17006342ns          290018 1c008a62 00d7f7b3 and              x15, x15, x13       x15=00000000 x15:00000000 x13:00001f80
17006362ns          290019 1c008a64 ee873733 p.bclr           x14, x14, 23, 8     x14=00000000 x14:00000000
17006381ns          290020 1c008a68 1a10f6b7 lui              x13, 0x1a10f000     x13=1a10f000
17006401ns          290021 1c008a6c 0ff57513 andi             x10, x10, 255       x10=0000003a x10:0000003a
17006421ns          290022 1c008a70 00d70733 add              x14, x14, x13       x14=1a10f000 x14:00000000 x13:1a10f000
17006441ns          290023 1c008a72 00a7e723 p.sw             x10, x0(x15)        x10:0000003a x15:00000000  PA:1a10f000
17006759ns          290039 1c008a76 00000513 addi             x10, x0, 0          x10=00000000
17006779ns          290040 1c008a78 00008067 jalr             x0, x1, 0            x1:1c008b48
17006819ns          290042 1c008b48 31f52563 p.beqimm         x10, 778            x10:00000000
17006839ns          290043 1c008b4c 001d8d93 addi             x27, x27, 1         x27=00000008 x27:00000007
17006859ns          290044 1c008b4e 00044503 lbu              x10, 0(x8)          x10=00000020  x8:1c000090  PA:1c000090
17007157ns          290059 1c008b52 00140413 addi             x8, x8, 1            x8=1c000091  x8:1c000090
17007177ns          290060 1c008b54 fe0514e3 bne              x10, x0, -24        x10:00000020
17007237ns          290063 1c008b3c 02500793 addi             x15, x0, 37         x15=00000025
17007257ns          290064 1c008b40 04f50863 beq              x10, x15, 80        x10:00000020 x15:00000025
17007277ns          290065 1c008b44 01a005b3 add              x11, x0, x26        x11=00000002 x26:00000002
17007296ns          290066 1c008b46 000b00e7 jalr             x1, x22, 0           x1=1c008b48 x22:1c008a52
17007336ns          290068 1c008a52 000026b7 lui              x13, 0x2000         x13=00002000
17007356ns          290069 1c008a54 f14027f3 csrrs            x15, x0, 0xf14      x15=00000000
17007376ns          290070 1c008a58 f8068693 addi             x13, x13, -128      x13=00001f80 x13:00002000
17007396ns          290071 1c008a5c 00379713 slli             x14, x15, 0x3       x14=00000000 x15:00000000
17007416ns          290072 1c008a60 00279793 slli             x15, x15, 0x2       x15=00000000 x15:00000000
17007436ns          290073 1c008a62 00d7f7b3 and              x15, x15, x13       x15=00000000 x15:00000000 x13:00001f80
17007456ns          290074 1c008a64 ee873733 p.bclr           x14, x14, 23, 8     x14=00000000 x14:00000000
17007475ns          290075 1c008a68 1a10f6b7 lui              x13, 0x1a10f000     x13=1a10f000
17007495ns          290076 1c008a6c 0ff57513 andi             x10, x10, 255       x10=00000020 x10:00000020
17007515ns          290077 1c008a70 00d70733 add              x14, x14, x13       x14=1a10f000 x14:00000000 x13:1a10f000
17007535ns          290078 1c008a72 00a7e723 p.sw             x10, x0(x15)        x10:00000020 x15:00000000  PA:1a10f000
17007853ns          290094 1c008a76 00000513 addi             x10, x0, 0          x10=00000000
17007873ns          290095 1c008a78 00008067 jalr             x0, x1, 0            x1:1c008b48
17007913ns          290097 1c008b48 31f52563 p.beqimm         x10, 778            x10:00000000
17007933ns          290098 1c008b4c 001d8d93 addi             x27, x27, 1         x27=00000009 x27:00000008
17007953ns          290099 1c008b4e 00044503 lbu              x10, 0(x8)          x10=00000025  x8:1c000091  PA:1c000091
17008251ns          290114 1c008b52 00140413 addi             x8, x8, 1            x8=1c000092  x8:1c000091
17008271ns          290115 1c008b54 fe0514e3 bne              x10, x0, -24        x10:00000025
17008331ns          290118 1c008b3c 02500793 addi             x15, x0, 37         x15=00000025
17008351ns          290119 1c008b40 04f50863 beq              x10, x15, 80        x10:00000025 x15:00000025
17008450ns          290124 1c008b90 00044483 lbu              x9, 0(x8)            x9=00000073  x8:1c000092  PA:1c000092
17008788ns          290141 1c008b94 02000693 addi             x13, x0, 32         x13=00000020
17008808ns          290142 1c008b98 00140a93 addi             x21, x8, 1          x21=1c000093  x8:1c000092
17008828ns          290143 1c008b9c 009005b3 add              x11, x0, x9         x11=00000073  x9:00000073
17008848ns          290144 1c008b9e 05cb8513 addi             x10, x23, 92        x10=1c00005c x23:1c000000
17008868ns          290145 1c008ba2 00d12823 sw               x13, 16(x2)         x13:00000020  x2:10001228  PA:10001238
17008888ns          290146 1c008ba4 00012c23 sw               x0, 24(x2)           x2:10001228  PA:10001240
17008908ns          290147 1c008ba6 00012a23 sw               x0, 20(x2)           x2:10001228  PA:1000123c
17008927ns          290148 1c008ba8 00012e23 sw               x0, 28(x2)           x2:10001228  PA:10001244
17008947ns          290149 1c008baa 00012623 sw               x0, 12(x2)           x2:10001228  PA:10001234
17008967ns          290150 1c008bac 02300913 addi             x18, x0, 35         x18=00000023
17008987ns          290151 1c008bb0 02d00a13 addi             x20, x0, 45         x20=0000002d
17009007ns          290152 1c008bb4 015009b3 add              x19, x0, x21        x19=1c000093 x21:1c000093
17009027ns          290153 1c008bb6 e1dff0ef jal              x1, -484             x1=1c008bb8
17009206ns          290162 1c0089d2 00054783 lbu              x15, 0(x10)         x15=0000002d x10:1c00005c  PA:1c00005c
17009504ns          290177 1c0089d6 0ff5f593 andi             x11, x11, 255       x11=00000073 x11:00000073
17009524ns          290178 1c0089da 00b78c63 beq              x15, x11, 24        x15:0000002d x11:00000073
17009544ns          290179 1c0089de 00078b63 beq              x15, x0, 22         x15:0000002d
17009564ns          290180 1c0089e0 00150793 addi             x15, x10, 1         x15=1c00005d x10:1c00005c
17009584ns          290181 1c0089e4 0040006f jal              x0, 4              
17009624ns          290183 1c0089e8 00f00533 add              x10, x0, x15        x10=1c00005d x15:1c00005d
17009644ns          290184 1c0089ea 0017c70b p.lbu            x14, 1(x15!)        x14=0000002b x15=1c00005e x15:1c00005d  PA:1c00005d
17009962ns          290200 1c0089ee feb71ce3 bne              x14, x11, -8        x14:0000002b x11:00000073
17010021ns          290203 1c0089e6 00070763 beq              x14, x0, 14         x14:0000002b
17010041ns          290204 1c0089e8 00f00533 add              x10, x0, x15        x10=1c00005e x15:1c00005e
17010061ns          290205 1c0089ea 0017c70b p.lbu            x14, 1(x15!)        x14=00000020 x15=1c00005f x15:1c00005e  PA:1c00005e
17010379ns          290221 1c0089ee feb71ce3 bne              x14, x11, -8        x14:00000020 x11:00000073
17010439ns          290224 1c0089e6 00070763 beq              x14, x0, 14         x14:00000020
17010459ns          290225 1c0089e8 00f00533 add              x10, x0, x15        x10=1c00005f x15:1c00005f
17010479ns          290226 1c0089ea 0017c70b p.lbu            x14, 1(x15!)        x14=00000023 x15=1c000060 x15:1c00005f  PA:1c00005f
17010797ns          290242 1c0089ee feb71ce3 bne              x14, x11, -8        x14:00000023 x11:00000073
17010857ns          290245 1c0089e6 00070763 beq              x14, x0, 14         x14:00000023
17010877ns          290246 1c0089e8 00f00533 add              x10, x0, x15        x10=1c000060 x15:1c000060
17010897ns          290247 1c0089ea 0017c70b p.lbu            x14, 1(x15!)        x14=00000030 x15=1c000061 x15:1c000060  PA:1c000060
17011235ns          290264 1c0089ee feb71ce3 bne              x14, x11, -8        x14:00000030 x11:00000073
17011294ns          290267 1c0089e6 00070763 beq              x14, x0, 14         x14:00000030
17011314ns          290268 1c0089e8 00f00533 add              x10, x0, x15        x10=1c000061 x15:1c000061
17011334ns          290269 1c0089ea 0017c70b p.lbu            x14, 1(x15!)        x14=00000000 x15=1c000062 x15:1c000061  PA:1c000061
17011692ns          290287 1c0089ee feb71ce3 bne              x14, x11, -8        x14:00000000 x11:00000073
17011752ns          290290 1c0089e6 00070763 beq              x14, x0, 14         x14:00000000
17011812ns          290293 1c0089f4 0015b593 sltiu            x11, x11, 1         x11=00000000 x11:00000073
17011832ns          290294 1c0089f8 40b005b3 sub              x11, x0, x11        x11=00000000 x11:00000000
17011851ns          290295 1c0089fc 00b57533 and              x10, x10, x11       x10=00000000 x10:1c000061 x11:00000000
17011871ns          290296 1c0089fe 00008067 jalr             x0, x1, 0            x1:1c008bb8
17011951ns          290300 1c008bb8 02050a63 beq              x10, x0, 52         x10:00000000
17012050ns          290305 1c008bec 02a00613 addi             x12, x0, 42         x12=0000002a
17012130ns          290309 1c008bf0 2ac48663 beq              x9, x12, 684         x9:00000073 x12:0000002a
17012170ns          290311 1c008bf4 fd048613 addi             x12, x9, -48        x12=00000043  x9:00000073
17012190ns          290312 1c008bf8 00900593 addi             x11, x0, 9          x11=00000009
17012209ns          290313 1c008bfa 00000913 addi             x18, x0, 0          x18=00000000
17012229ns          290314 1c008bfc 28c5f063 bgeu             x11, x12, 640       x11:00000009 x12:00000043
17012269ns          290316 1c008c00 02e00693 addi             x13, x0, 46         x13=0000002e
17012309ns          290318 1c008c04 fff00a13 addi             x20, x0, -1         x20=ffffffff
17012329ns          290319 1c008c06 2ed48363 beq              x9, x13, 742         x9:00000073 x13:0000002e
17012349ns          290320 1c008c0a 1c0007b7 lui              x15, 0x1c000000     x15=1c000000
17012369ns          290321 1c008c0e 009005b3 add              x11, x0, x9         x11=00000073  x9:00000073
17012408ns          290323 1c008c10 06478513 addi             x10, x15, 100       x10=1c000064 x15:1c000000
17012448ns          290325 1c008c14 dbfff0ef jal              x1, -578             x1=1c008c16
17012508ns          290328 1c0089d2 00054783 lbu              x15, 0(x10)         x15=00000068 x10:1c000064  PA:1c000064
17012826ns          290344 1c0089d6 0ff5f593 andi             x11, x11, 255       x11=00000073 x11:00000073
17012846ns          290345 1c0089da 00b78c63 beq              x15, x11, 24        x15:00000068 x11:00000073
17012866ns          290346 1c0089de 00078b63 beq              x15, x0, 22         x15:00000068
17012886ns          290347 1c0089e0 00150793 addi             x15, x10, 1         x15=1c000065 x10:1c000064
17012906ns          290348 1c0089e4 0040006f jal              x0, 4              
17012945ns          290350 1c0089e8 00f00533 add              x10, x0, x15        x10=1c000065 x15:1c000065
17012965ns          290351 1c0089ea 0017c70b p.lbu            x14, 1(x15!)        x14=0000006c x15=1c000066 x15:1c000065  PA:1c000065
17013284ns          290367 1c0089ee feb71ce3 bne              x14, x11, -8        x14:0000006c x11:00000073
17013343ns          290370 1c0089e6 00070763 beq              x14, x0, 14         x14:0000006c
17013363ns          290371 1c0089e8 00f00533 add              x10, x0, x15        x10=1c000066 x15:1c000066
17013383ns          290372 1c0089ea 0017c70b p.lbu            x14, 1(x15!)        x14=0000004c x15=1c000067 x15:1c000066  PA:1c000066
17013701ns          290388 1c0089ee feb71ce3 bne              x14, x11, -8        x14:0000004c x11:00000073
17013761ns          290391 1c0089e6 00070763 beq              x14, x0, 14         x14:0000004c
17013781ns          290392 1c0089e8 00f00533 add              x10, x0, x15        x10=1c000067 x15:1c000067
17013801ns          290393 1c0089ea 0017c70b p.lbu            x14, 1(x15!)        x14=0000007a x15=1c000068 x15:1c000067  PA:1c000067
17014139ns          290410 1c0089ee feb71ce3 bne              x14, x11, -8        x14:0000007a x11:00000073
17014199ns          290413 1c0089e6 00070763 beq              x14, x0, 14         x14:0000007a
17014218ns          290414 1c0089e8 00f00533 add              x10, x0, x15        x10=1c000068 x15:1c000068
17014238ns          290415 1c0089ea 0017c70b p.lbu            x14, 1(x15!)        x14=00000000 x15=1c000069 x15:1c000068  PA:1c000068
17014557ns          290431 1c0089ee feb71ce3 bne              x14, x11, -8        x14:00000000 x11:00000073
17014616ns          290434 1c0089e6 00070763 beq              x14, x0, 14         x14:00000000
17014676ns          290437 1c0089f4 0015b593 sltiu            x11, x11, 1         x11=00000000 x11:00000073
17014696ns          290438 1c0089f8 40b005b3 sub              x11, x0, x11        x11=00000000 x11:00000000
17014716ns          290439 1c0089fc 00b57533 and              x10, x10, x11       x10=00000000 x10:1c000068 x11:00000000
17014736ns          290440 1c0089fe 00008067 jalr             x0, x1, 0            x1:1c008c16
17014775ns          290442 1c008c16 01300433 add              x8, x0, x19          x8=1c000093 x19:1c000093
17014795ns          290443 1c008c18 00050563 beq              x10, x0, 10         x10:00000000
17014934ns          290450 1c008c22 06700693 addi             x13, x0, 103        x13=00000067
17014954ns          290451 1c008c26 2896d963 bge              x13, x9, 658        x13:00000067  x9:00000073
17014974ns          290452 1c008c2a 07000693 addi             x13, x0, 112        x13=00000070
17015034ns          290455 1c008c2e 7cd48763 beq              x9, x13, 1998        x9:00000073 x13:00000070
17015074ns          290457 1c008c32 2e96d163 bge              x13, x9, 738        x13:00000070  x9:00000073
17015094ns          290458 1c008c36 07500693 addi             x13, x0, 117        x13=00000075
17015113ns          290459 1c008c3a 12d484e3 beq              x9, x13, 2344        x9:00000073 x13:00000075
17015173ns          290462 1c008c3e 07800693 addi             x13, x0, 120        x13=00000078
17015213ns          290464 1c008c42 06d48663 beq              x9, x13, 108         x9:00000073 x13:00000078
17015233ns          290465 1c008c46 07300693 addi             x13, x0, 115        x13=00000073
17015253ns          290466 1c008c4a 18d49ae3 bne              x9, x13, 2452        x9:00000073 x13:00000073
17015312ns          290469 1c008c4e 000c2583 lw               x11, 0(x24)         x11=1c000040 x24:1000137c  PA:1000137c
17015352ns          290471 1c008c52 004c0993 addi             x19, x24, 4         x19=10001380 x24:1000137c
17015372ns          290472 1c008c56 00b006b3 add              x13, x0, x11        x13=1c000040 x11:1c000040
17015392ns          290473 1c008c58 00000493 addi             x9, x0, 0            x9=00000000
17015412ns          290474 1c008c5a 0c8350fb lp.setupi        0x1, 0xc8, 0x6     
17015452ns          290476 1c008c5e 0016c70b p.lbu            x14, 1(x13!)        x14=0000004d x13=1c000041 x13:1c000040  PA:1c000040
17015770ns          290492 1c008c62 180705e3 beq              x14, x0, 2442       x14:0000004d
17015790ns          290493 1c008c66 00148493 addi             x9, x9, 1            x9=00000001  x9:00000000
17015830ns          290495 1c008c5e 0016c70b p.lbu            x14, 1(x13!)        x14=00000061 x13=1c000042 x13:1c000041  PA:1c000041
17016168ns          290512 1c008c62 180705e3 beq              x14, x0, 2442       x14:00000061
17016188ns          290513 1c008c66 00148493 addi             x9, x9, 1            x9=00000002  x9:00000001
17016207ns          290514 1c008c5e 0016c70b p.lbu            x14, 1(x13!)        x14=00000074 x13=1c000043 x13:1c000042  PA:1c000042
17016625ns          290535 1c008c62 180705e3 beq              x14, x0, 2442       x14:00000074
17016645ns          290536 1c008c66 00148493 addi             x9, x9, 1            x9=00000003  x9:00000002
17016665ns          290537 1c008c5e 0016c70b p.lbu            x14, 1(x13!)        x14=00000072 x13=1c000044 x13:1c000043  PA:1c000043
17017103ns          290559 1c008c62 180705e3 beq              x14, x0, 2442       x14:00000072
17017122ns          290560 1c008c66 00148493 addi             x9, x9, 1            x9=00000004  x9:00000003
17017142ns          290561 1c008c5e 0016c70b p.lbu            x14, 1(x13!)        x14=00000069 x13=1c000045 x13:1c000044  PA:1c000044
17017461ns          290577 1c008c62 180705e3 beq              x14, x0, 2442       x14:00000069
17017480ns          290578 1c008c66 00148493 addi             x9, x9, 1            x9=00000005  x9:00000004
17017500ns          290579 1c008c5e 0016c70b p.lbu            x14, 1(x13!)        x14=00000078 x13=1c000046 x13:1c000045  PA:1c000045
17017839ns          290596 1c008c62 180705e3 beq              x14, x0, 2442       x14:00000078
17017858ns          290597 1c008c66 00148493 addi             x9, x9, 1            x9=00000006  x9:00000005
17017878ns          290598 1c008c5e 0016c70b p.lbu            x14, 1(x13!)        x14=00000020 x13=1c000047 x13:1c000046  PA:1c000046
17018216ns          290615 1c008c62 180705e3 beq              x14, x0, 2442       x14:00000020
17018236ns          290616 1c008c66 00148493 addi             x9, x9, 1            x9=00000007  x9:00000006
17018256ns          290617 1c008c5e 0016c70b p.lbu            x14, 1(x13!)        x14=0000004d x13=1c000048 x13:1c000047  PA:1c000047
17018574ns          290633 1c008c62 180705e3 beq              x14, x0, 2442       x14:0000004d
17018594ns          290634 1c008c66 00148493 addi             x9, x9, 1            x9=00000008  x9:00000007
17018614ns          290635 1c008c5e 0016c70b p.lbu            x14, 1(x13!)        x14=00000075 x13=1c000049 x13:1c000048  PA:1c000048
17018933ns          290651 1c008c62 180705e3 beq              x14, x0, 2442       x14:00000075
17018952ns          290652 1c008c66 00148493 addi             x9, x9, 1            x9=00000009  x9:00000008
17018972ns          290653 1c008c5e 0016c70b p.lbu            x14, 1(x13!)        x14=0000006c x13=1c00004a x13:1c000049  PA:1c000049
17019310ns          290670 1c008c62 180705e3 beq              x14, x0, 2442       x14:0000006c
17019330ns          290671 1c008c66 00148493 addi             x9, x9, 1            x9=0000000a  x9:00000009
17019350ns          290672 1c008c5e 0016c70b p.lbu            x14, 1(x13!)        x14=00000074 x13=1c00004b x13:1c00004a  PA:1c00004a
17019688ns          290689 1c008c62 180705e3 beq              x14, x0, 2442       x14:00000074
17019708ns          290690 1c008c66 00148493 addi             x9, x9, 1            x9=0000000b  x9:0000000a
17019728ns          290691 1c008c5e 0016c70b p.lbu            x14, 1(x13!)        x14=00000069 x13=1c00004c x13:1c00004b  PA:1c00004b
17020046ns          290707 1c008c62 180705e3 beq              x14, x0, 2442       x14:00000069
17020066ns          290708 1c008c66 00148493 addi             x9, x9, 1            x9=0000000c  x9:0000000b
17020086ns          290709 1c008c5e 0016c70b p.lbu            x14, 1(x13!)        x14=00000070 x13=1c00004d x13:1c00004c  PA:1c00004c
17020404ns          290725 1c008c62 180705e3 beq              x14, x0, 2442       x14:00000070
17020424ns          290726 1c008c66 00148493 addi             x9, x9, 1            x9=0000000d  x9:0000000c
17020444ns          290727 1c008c5e 0016c70b p.lbu            x14, 1(x13!)        x14=0000006c x13=1c00004e x13:1c00004d  PA:1c00004d
17020782ns          290744 1c008c62 180705e3 beq              x14, x0, 2442       x14:0000006c
17020802ns          290745 1c008c66 00148493 addi             x9, x9, 1            x9=0000000e  x9:0000000d
17020822ns          290746 1c008c5e 0016c70b p.lbu            x14, 1(x13!)        x14=00000069 x13=1c00004f x13:1c00004e  PA:1c00004e
17021140ns          290762 1c008c62 180705e3 beq              x14, x0, 2442       x14:00000069
17021160ns          290763 1c008c66 00148493 addi             x9, x9, 1            x9=0000000f  x9:0000000e
17021180ns          290764 1c008c5e 0016c70b p.lbu            x14, 1(x13!)        x14=00000063 x13=1c000050 x13:1c00004f  PA:1c00004f
17021618ns          290786 1c008c62 180705e3 beq              x14, x0, 2442       x14:00000063
17021638ns          290787 1c008c66 00148493 addi             x9, x9, 1            x9=00000010  x9:0000000f
17021658ns          290788 1c008c5e 0016c70b p.lbu            x14, 1(x13!)        x14=00000061 x13=1c000051 x13:1c000050  PA:1c000050
17021976ns          290804 1c008c62 180705e3 beq              x14, x0, 2442       x14:00000061
17021996ns          290805 1c008c66 00148493 addi             x9, x9, 1            x9=00000011  x9:00000010
17022016ns          290806 1c008c5e 0016c70b p.lbu            x14, 1(x13!)        x14=00000074 x13=1c000052 x13:1c000051  PA:1c000051
17022334ns          290822 1c008c62 180705e3 beq              x14, x0, 2442       x14:00000074
17022354ns          290823 1c008c66 00148493 addi             x9, x9, 1            x9=00000012  x9:00000011
17022374ns          290824 1c008c5e 0016c70b p.lbu            x14, 1(x13!)        x14=00000069 x13=1c000053 x13:1c000052  PA:1c000052
17022692ns          290840 1c008c62 180705e3 beq              x14, x0, 2442       x14:00000069
17022712ns          290841 1c008c66 00148493 addi             x9, x9, 1            x9=00000013  x9:00000012
17022732ns          290842 1c008c5e 0016c70b p.lbu            x14, 1(x13!)        x14=0000006f x13=1c000054 x13:1c000053  PA:1c000053
17023090ns          290860 1c008c62 180705e3 beq              x14, x0, 2442       x14:0000006f
17023110ns          290861 1c008c66 00148493 addi             x9, x9, 1            x9=00000014  x9:00000013
17023129ns          290862 1c008c5e 0016c70b p.lbu            x14, 1(x13!)        x14=0000006e x13=1c000055 x13:1c000054  PA:1c000054
17023567ns          290884 1c008c62 180705e3 beq              x14, x0, 2442       x14:0000006e
17023587ns          290885 1c008c66 00148493 addi             x9, x9, 1            x9=00000015  x9:00000014
17023607ns          290886 1c008c5e 0016c70b p.lbu            x14, 1(x13!)        x14=00000000 x13=1c000056 x13:1c000055  PA:1c000055
17024044ns          290908 1c008c62 180705e3 beq              x14, x0, 2442       x14:00000000
17024144ns          290913 1c0095ec e80a5063 bge              x20, x0, -2432      x20:ffffffff
17024223ns          290917 1c0095f0 e80ff06f jal              x0, -2432          
17024303ns          290921 1c008c70 01300c33 add              x24, x0, x19        x24=10001380 x19:10001380
17024343ns          290923 1c008c72 ec0481e3 beq              x9, x0, -318         x9:00000015
17024363ns          290924 1c008c76 00900633 add              x12, x0, x9         x12=00000015  x9:00000015
17024383ns          290925 1c008c78 01900533 add              x10, x0, x25        x10=1000124c x25:1000124c
17024402ns          290926 1c008c7a 9e5ff0ef jal              x1, -1564            x1=1c008c7c
17024800ns          290946 1c00865e 00a5e7b3 or               x15, x11, x10       x15=1c00124c x11:1c000040 x10:1000124c
17024840ns          290948 1c008662 fa27b7b3 p.bclr           x15, x15, 29, 2     x15=00000000 x15:1c00124c
17024860ns          290949 1c008666 00a00833 add              x16, x0, x10        x16=1000124c x10:1000124c
17024880ns          290950 1c008668 10078163 beq              x15, x0, 258        x15:00000000
17025059ns          290959 1c00876a fa2637b3 p.bclr           x15, x12, 29, 2     x15=00000001 x12:00000015
17025079ns          290960 1c00876e f00791e3 bne              x15, x0, -254       x15:00000001
17025158ns          290964 1c008670 00458793 addi             x15, x11, 4         x15=1c000044 x11:1c000040
17025178ns          290965 1c008674 00450693 addi             x13, x10, 4         x13=10001250 x10:1000124c
17025198ns          290966 1c008678 04a7b7b3 p.sletu          x15, x15, x10       x15=00000000 x15:1c000044 x10:1000124c
17025218ns          290967 1c00867c 04b6b6b3 p.sletu          x13, x13, x11       x13=00000001 x13:10001250 x11:1c000040
17025278ns          290970 1c008680 00f00733 add              x14, x0, x15        x14=00000000 x15:00000000
17025298ns          290971 1c008682 00d007b3 add              x15, x0, x13        x15=00000001 x13:00000001
17025317ns          290972 1c008684 00e7e7b3 or               x15, x15, x14       x15=00000001 x15:00000001 x14:00000000
17025337ns          290973 1c008686 0ff7f793 andi             x15, x15, 255       x15=00000001 x15:00000001
17025357ns          290974 1c00868a 0c078963 beq              x15, x0, 210        x15:00000001
17025377ns          290975 1c00868c 00863793 sltiu            x15, x12, 8         x15=00000000 x12:00000015
17025417ns          290977 1c008690 0017c793 xori             x15, x15, 1         x15=00000001 x15:00000000
17025457ns          290979 1c008694 0ff7f793 andi             x15, x15, 255       x15=00000001 x15:00000001
17025477ns          290980 1c008698 0c078263 beq              x15, x0, 196        x15:00000001
17025496ns          290981 1c00869a 40b007b3 sub              x15, x0, x11        x15=e3ffffc0 x11:1c000040
17025556ns          290984 1c00869e fa27b7b3 p.bclr           x15, x15, 29, 2     x15=00000000 x15:e3ffffc0
17025596ns          290986 1c0086a2 fff60313 addi             x6, x12, -1          x6=00000014 x12:00000015
17025616ns          290987 1c0086a6 0e078163 beq              x15, x0, 226        x15:00000000
17025775ns          290995 1c008788 00b008b3 add              x17, x0, x11        x17=1c000040 x11:1c000040
17025795ns          290996 1c00878a 00a00833 add              x16, x0, x10        x16=1000124c x10:1000124c
17025815ns          290997 1c00878c 00c00333 add              x6, x0, x12          x6=00000015 x12:00000015
17025835ns          290998 1c00878e f5bff06f jal              x0, -166           
17025954ns          291004 1c0086e8 40f60633 sub              x12, x12, x15       x12=00000015 x12:00000015 x15:00000000
17025994ns          291006 1c0086ea 00265713 srli             x14, x12, 0x2       x14=00000005 x12:00000015
17026053ns          291009 1c0086ee 00f506b3 add              x13, x10, x15       x13=1000124c x10:1000124c x15:00000000
17026073ns          291010 1c0086f2 00f585b3 add              x11, x11, x15       x11=1c000040 x11:1c000040 x15:00000000
17026093ns          291011 1c0086f4 08070f63 beq              x14, x0, 158        x14:00000005
17026113ns          291012 1c0086f6 004740fb lp.setup         0x1, x14, 0x4       x14:00000005
17026133ns          291013 1c0086fa 0045a78b p.lw             x15, 4(x11!)        x15=7274614d x11=1c000044 x11:1c000040  PA:1c000040
17026491ns          291031 1c0086fe 00f6a22b p.sw             x15, 4(x13!)        x13=10001250 x15:7274614d x13:1000124c  PA:1000124c
17026511ns          291032 1c0086fa 0045a78b p.lw             x15, 4(x11!)        x15=4d207869 x11=1c000048 x11:1c000044  PA:1c000044
17026829ns          291048 1c0086fe 00f6a22b p.sw             x15, 4(x13!)        x13=10001254 x15:4d207869 x13:10001250  PA:10001250
17026849ns          291049 1c0086fa 0045a78b p.lw             x15, 4(x11!)        x15=69746c75 x11=1c00004c x11:1c000048  PA:1c000048
17027167ns          291065 1c0086fe 00f6a22b p.sw             x15, 4(x13!)        x13=10001258 x15:69746c75 x13:10001254  PA:10001254
17027187ns          291066 1c0086fa 0045a78b p.lw             x15, 4(x11!)        x15=63696c70 x11=1c000050 x11:1c00004c  PA:1c00004c
17027505ns          291082 1c0086fe 00f6a22b p.sw             x15, 4(x13!)        x13=1000125c x15:63696c70 x13:10001258  PA:10001258
17027525ns          291083 1c0086fa 0045a78b p.lw             x15, 4(x11!)        x15=6f697461 x11=1c000054 x11:1c000050  PA:1c000050
17027844ns          291099 1c0086fe 00f6a22b p.sw             x15, 4(x13!)        x13=10001260 x15:6f697461 x13:1000125c  PA:1000125c
17027863ns          291100 1c008702 c20635b3 p.bclr           x11, x12, 1, 0      x11=00000014 x12:00000015
17027883ns          291101 1c008706 40b306b3 sub              x13, x6, x11        x13=00000001  x6:00000015 x11:00000014
17027903ns          291102 1c00870a 00b807b3 add              x15, x16, x11       x15=10001260 x16:1000124c x11:00000014
17027963ns          291105 1c00870e 00b88733 add              x14, x17, x11       x14=1c000054 x17:1c000040 x11:00000014
17028003ns          291107 1c008712 04b60b63 beq              x12, x11, 86        x12:00000015 x11:00000014
17028023ns          291108 1c008716 00074603 lbu              x12, 0(x14)         x12=0000006e x14:1c000054  PA:1c000054
17028341ns          291124 1c00871a 00c78023 sb               x12, 0(x15)         x12:0000006e x15:10001260  PA:10001260
17028361ns          291125 1c00871e 0416a563 p.beqimm         x13, 74             x13:00000001
17028460ns          291130 1c008768 00008067 jalr             x0, x1, 0            x1:1c008c7c
17028500ns          291132 1c008c7c 01300c33 add              x24, x0, x19        x24=10001380 x19:10001380
17028560ns          291135 1c008c7e 1b24db63 bge              x9, x18, 438         x9:00000015 x18:00000000
17028659ns          291140 1c008e34 01900933 add              x18, x0, x25        x18=1000124c x25:1000124c
17028699ns          291142 1c008e36 419d8db3 sub              x27, x27, x25       x27=efffedbd x27:00000009 x25:1000124c
17028719ns          291143 1c008e3a 00a0006f jal              x0, 10             
17028818ns          291148 1c008e44 0019450b p.lbu            x10, 1(x18!)        x10=0000004d x18=1000124d x18:1000124c  PA:1000124c
17028838ns          291149 1c008e48 01a005b3 add              x11, x0, x26        x11=00000002 x26:00000002
17028858ns          291150 1c008e4a 000b00e7 jalr             x1, x22, 0           x1=1c008e4c x22:1c008a52
17028957ns          291155 1c008a52 000026b7 lui              x13, 0x2000         x13=00002000
17028977ns          291156 1c008a54 f14027f3 csrrs            x15, x0, 0xf14      x15=00000000
17028997ns          291157 1c008a58 f8068693 addi             x13, x13, -128      x13=00001f80 x13:00002000
17029017ns          291158 1c008a5c 00379713 slli             x14, x15, 0x3       x14=00000000 x15:00000000
17029077ns          291161 1c008a60 00279793 slli             x15, x15, 0x2       x15=00000000 x15:00000000
17029097ns          291162 1c008a62 00d7f7b3 and              x15, x15, x13       x15=00000000 x15:00000000 x13:00001f80
17029117ns          291163 1c008a64 ee873733 p.bclr           x14, x14, 23, 8     x14=00000000 x14:00000000
17029136ns          291164 1c008a68 1a10f6b7 lui              x13, 0x1a10f000     x13=1a10f000
17029156ns          291165 1c008a6c 0ff57513 andi             x10, x10, 255       x10=0000004d x10:0000004d
17029216ns          291168 1c008a70 00d70733 add              x14, x14, x13       x14=1a10f000 x14:00000000 x13:1a10f000
17029256ns          291170 1c008a72 00a7e723 p.sw             x10, x0(x15)        x10:0000004d x15:00000000  PA:1a10f000
17029574ns          291186 1c008a76 00000513 addi             x10, x0, 0          x10=00000000
17029594ns          291187 1c008a78 00008067 jalr             x0, x1, 0            x1:1c008e4c
17029634ns          291189 1c008e4c fff48493 addi             x9, x9, -1           x9=00000014  x9:00000015
17029654ns          291190 1c008e4e fff537e3 p.bneimm         x10, -18            x10:00000000
17029713ns          291193 1c008e3c 012d8733 add              x14, x27, x18       x14=0000000a x27:efffedbd x18:1000124d
17029733ns          291194 1c008e40 5a048b63 beq              x9, x0, 1462         x9:00000014
17029753ns          291195 1c008e44 0019450b p.lbu            x10, 1(x18!)        x10=00000061 x18=1000124e x18:1000124d  PA:1000124d
17029793ns          291197 1c008e48 01a005b3 add              x11, x0, x26        x11=00000002 x26:00000002
17029813ns          291198 1c008e4a 000b00e7 jalr             x1, x22, 0           x1=1c008e4c x22:1c008a52
17029853ns          291200 1c008a52 000026b7 lui              x13, 0x2000         x13=00002000
17029872ns          291201 1c008a54 f14027f3 csrrs            x15, x0, 0xf14      x15=00000000
17029892ns          291202 1c008a58 f8068693 addi             x13, x13, -128      x13=00001f80 x13:00002000
17029912ns          291203 1c008a5c 00379713 slli             x14, x15, 0x3       x14=00000000 x15:00000000
17029932ns          291204 1c008a60 00279793 slli             x15, x15, 0x2       x15=00000000 x15:00000000
17029952ns          291205 1c008a62 00d7f7b3 and              x15, x15, x13       x15=00000000 x15:00000000 x13:00001f80
17029972ns          291206 1c008a64 ee873733 p.bclr           x14, x14, 23, 8     x14=00000000 x14:00000000
17029992ns          291207 1c008a68 1a10f6b7 lui              x13, 0x1a10f000     x13=1a10f000
17030012ns          291208 1c008a6c 0ff57513 andi             x10, x10, 255       x10=00000061 x10:00000061
17030032ns          291209 1c008a70 00d70733 add              x14, x14, x13       x14=1a10f000 x14:00000000 x13:1a10f000
17030051ns          291210 1c008a72 00a7e723 p.sw             x10, x0(x15)        x10:00000061 x15:00000000  PA:1a10f000
17030489ns          291232 1c008a76 00000513 addi             x10, x0, 0          x10=00000000
17030509ns          291233 1c008a78 00008067 jalr             x0, x1, 0            x1:1c008e4c
17030549ns          291235 1c008e4c fff48493 addi             x9, x9, -1           x9=00000013  x9:00000014
17030569ns          291236 1c008e4e fff537e3 p.bneimm         x10, -18            x10:00000000
17030628ns          291239 1c008e3c 012d8733 add              x14, x27, x18       x14=0000000b x27:efffedbd x18:1000124e
17030648ns          291240 1c008e40 5a048b63 beq              x9, x0, 1462         x9:00000013
17030668ns          291241 1c008e44 0019450b p.lbu            x10, 1(x18!)        x10=00000074 x18=1000124f x18:1000124e  PA:1000124e
17030688ns          291242 1c008e48 01a005b3 add              x11, x0, x26        x11=00000002 x26:00000002
17030708ns          291243 1c008e4a 000b00e7 jalr             x1, x22, 0           x1=1c008e4c x22:1c008a52
17030748ns          291245 1c008a52 000026b7 lui              x13, 0x2000         x13=00002000
17030768ns          291246 1c008a54 f14027f3 csrrs            x15, x0, 0xf14      x15=00000000
17030787ns          291247 1c008a58 f8068693 addi             x13, x13, -128      x13=00001f80 x13:00002000
17030807ns          291248 1c008a5c 00379713 slli             x14, x15, 0x3       x14=00000000 x15:00000000
17030827ns          291249 1c008a60 00279793 slli             x15, x15, 0x2       x15=00000000 x15:00000000
17030847ns          291250 1c008a62 00d7f7b3 and              x15, x15, x13       x15=00000000 x15:00000000 x13:00001f80
17030867ns          291251 1c008a64 ee873733 p.bclr           x14, x14, 23, 8     x14=00000000 x14:00000000
17030887ns          291252 1c008a68 1a10f6b7 lui              x13, 0x1a10f000     x13=1a10f000
17030907ns          291253 1c008a6c 0ff57513 andi             x10, x10, 255       x10=00000074 x10:00000074
17030927ns          291254 1c008a70 00d70733 add              x14, x14, x13       x14=1a10f000 x14:00000000 x13:1a10f000
17030947ns          291255 1c008a72 00a7e723 p.sw             x10, x0(x15)        x10:00000074 x15:00000000  PA:1a10f000
17031265ns          291271 1c008a76 00000513 addi             x10, x0, 0          x10=00000000
17031285ns          291272 1c008a78 00008067 jalr             x0, x1, 0            x1:1c008e4c
17031324ns          291274 1c008e4c fff48493 addi             x9, x9, -1           x9=00000012  x9:00000013
17031344ns          291275 1c008e4e fff537e3 p.bneimm         x10, -18            x10:00000000
17031404ns          291278 1c008e3c 012d8733 add              x14, x27, x18       x14=0000000c x27:efffedbd x18:1000124f
17031424ns          291279 1c008e40 5a048b63 beq              x9, x0, 1462         x9:00000012
17031444ns          291280 1c008e44 0019450b p.lbu            x10, 1(x18!)        x10=00000072 x18=10001250 x18:1000124f  PA:1000124f
17031464ns          291281 1c008e48 01a005b3 add              x11, x0, x26        x11=00000002 x26:00000002
17031484ns          291282 1c008e4a 000b00e7 jalr             x1, x22, 0           x1=1c008e4c x22:1c008a52
17031523ns          291284 1c008a52 000026b7 lui              x13, 0x2000         x13=00002000
17031543ns          291285 1c008a54 f14027f3 csrrs            x15, x0, 0xf14      x15=00000000
17031563ns          291286 1c008a58 f8068693 addi             x13, x13, -128      x13=00001f80 x13:00002000
17031583ns          291287 1c008a5c 00379713 slli             x14, x15, 0x3       x14=00000000 x15:00000000
17031603ns          291288 1c008a60 00279793 slli             x15, x15, 0x2       x15=00000000 x15:00000000
17031623ns          291289 1c008a62 00d7f7b3 and              x15, x15, x13       x15=00000000 x15:00000000 x13:00001f80
17031643ns          291290 1c008a64 ee873733 p.bclr           x14, x14, 23, 8     x14=00000000 x14:00000000
17031663ns          291291 1c008a68 1a10f6b7 lui              x13, 0x1a10f000     x13=1a10f000
17031682ns          291292 1c008a6c 0ff57513 andi             x10, x10, 255       x10=00000072 x10:00000072
17031702ns          291293 1c008a70 00d70733 add              x14, x14, x13       x14=1a10f000 x14:00000000 x13:1a10f000
17031722ns          291294 1c008a72 00a7e723 p.sw             x10, x0(x15)        x10:00000072 x15:00000000  PA:1a10f000
17032041ns          291310 1c008a76 00000513 addi             x10, x0, 0          x10=00000000
17032060ns          291311 1c008a78 00008067 jalr             x0, x1, 0            x1:1c008e4c
17032100ns          291313 1c008e4c fff48493 addi             x9, x9, -1           x9=00000011  x9:00000012
17032120ns          291314 1c008e4e fff537e3 p.bneimm         x10, -18            x10:00000000
17032180ns          291317 1c008e3c 012d8733 add              x14, x27, x18       x14=0000000d x27:efffedbd x18:10001250
17032200ns          291318 1c008e40 5a048b63 beq              x9, x0, 1462         x9:00000011
17032220ns          291319 1c008e44 0019450b p.lbu            x10, 1(x18!)        x10=00000069 x18=10001251 x18:10001250  PA:10001250
17032239ns          291320 1c008e48 01a005b3 add              x11, x0, x26        x11=00000002 x26:00000002
17032259ns          291321 1c008e4a 000b00e7 jalr             x1, x22, 0           x1=1c008e4c x22:1c008a52
17032299ns          291323 1c008a52 000026b7 lui              x13, 0x2000         x13=00002000
17032319ns          291324 1c008a54 f14027f3 csrrs            x15, x0, 0xf14      x15=00000000
17032339ns          291325 1c008a58 f8068693 addi             x13, x13, -128      x13=00001f80 x13:00002000
17032359ns          291326 1c008a5c 00379713 slli             x14, x15, 0x3       x14=00000000 x15:00000000
17032379ns          291327 1c008a60 00279793 slli             x15, x15, 0x2       x15=00000000 x15:00000000
17032399ns          291328 1c008a62 00d7f7b3 and              x15, x15, x13       x15=00000000 x15:00000000 x13:00001f80
17032418ns          291329 1c008a64 ee873733 p.bclr           x14, x14, 23, 8     x14=00000000 x14:00000000
17032438ns          291330 1c008a68 1a10f6b7 lui              x13, 0x1a10f000     x13=1a10f000
17032458ns          291331 1c008a6c 0ff57513 andi             x10, x10, 255       x10=00000069 x10:00000069
17032478ns          291332 1c008a70 00d70733 add              x14, x14, x13       x14=1a10f000 x14:00000000 x13:1a10f000
17032498ns          291333 1c008a72 00a7e723 p.sw             x10, x0(x15)        x10:00000069 x15:00000000  PA:1a10f000
17032836ns          291350 1c008a76 00000513 addi             x10, x0, 0          x10=00000000
17032856ns          291351 1c008a78 00008067 jalr             x0, x1, 0            x1:1c008e4c
17032896ns          291353 1c008e4c fff48493 addi             x9, x9, -1           x9=00000010  x9:00000011
17032916ns          291354 1c008e4e fff537e3 p.bneimm         x10, -18            x10:00000000
17032975ns          291357 1c008e3c 012d8733 add              x14, x27, x18       x14=0000000e x27:efffedbd x18:10001251
17032995ns          291358 1c008e40 5a048b63 beq              x9, x0, 1462         x9:00000010
17033015ns          291359 1c008e44 0019450b p.lbu            x10, 1(x18!)        x10=00000078 x18=10001252 x18:10001251  PA:10001251
17033035ns          291360 1c008e48 01a005b3 add              x11, x0, x26        x11=00000002 x26:00000002
17033055ns          291361 1c008e4a 000b00e7 jalr             x1, x22, 0           x1=1c008e4c x22:1c008a52
17033095ns          291363 1c008a52 000026b7 lui              x13, 0x2000         x13=00002000
17033115ns          291364 1c008a54 f14027f3 csrrs            x15, x0, 0xf14      x15=00000000
17033135ns          291365 1c008a58 f8068693 addi             x13, x13, -128      x13=00001f80 x13:00002000
17033154ns          291366 1c008a5c 00379713 slli             x14, x15, 0x3       x14=00000000 x15:00000000
17033174ns          291367 1c008a60 00279793 slli             x15, x15, 0x2       x15=00000000 x15:00000000
17033194ns          291368 1c008a62 00d7f7b3 and              x15, x15, x13       x15=00000000 x15:00000000 x13:00001f80
17033214ns          291369 1c008a64 ee873733 p.bclr           x14, x14, 23, 8     x14=00000000 x14:00000000
17033234ns          291370 1c008a68 1a10f6b7 lui              x13, 0x1a10f000     x13=1a10f000
17033254ns          291371 1c008a6c 0ff57513 andi             x10, x10, 255       x10=00000078 x10:00000078
17033274ns          291372 1c008a70 00d70733 add              x14, x14, x13       x14=1a10f000 x14:00000000 x13:1a10f000
17033294ns          291373 1c008a72 00a7e723 p.sw             x10, x0(x15)        x10:00000078 x15:00000000  PA:1a10f000
17033612ns          291389 1c008a76 00000513 addi             x10, x0, 0          x10=00000000
17033632ns          291390 1c008a78 00008067 jalr             x0, x1, 0            x1:1c008e4c
17033672ns          291392 1c008e4c fff48493 addi             x9, x9, -1           x9=0000000f  x9:00000010
17033691ns          291393 1c008e4e fff537e3 p.bneimm         x10, -18            x10:00000000
17033751ns          291396 1c008e3c 012d8733 add              x14, x27, x18       x14=0000000f x27:efffedbd x18:10001252
17033771ns          291397 1c008e40 5a048b63 beq              x9, x0, 1462         x9:0000000f
17033791ns          291398 1c008e44 0019450b p.lbu            x10, 1(x18!)        x10=00000020 x18=10001253 x18:10001252  PA:10001252
17033811ns          291399 1c008e48 01a005b3 add              x11, x0, x26        x11=00000002 x26:00000002
17033831ns          291400 1c008e4a 000b00e7 jalr             x1, x22, 0           x1=1c008e4c x22:1c008a52
17033870ns          291402 1c008a52 000026b7 lui              x13, 0x2000         x13=00002000
17033890ns          291403 1c008a54 f14027f3 csrrs            x15, x0, 0xf14      x15=00000000
17033910ns          291404 1c008a58 f8068693 addi             x13, x13, -128      x13=00001f80 x13:00002000
17033930ns          291405 1c008a5c 00379713 slli             x14, x15, 0x3       x14=00000000 x15:00000000
17033950ns          291406 1c008a60 00279793 slli             x15, x15, 0x2       x15=00000000 x15:00000000
17033970ns          291407 1c008a62 00d7f7b3 and              x15, x15, x13       x15=00000000 x15:00000000 x13:00001f80
17033990ns          291408 1c008a64 ee873733 p.bclr           x14, x14, 23, 8     x14=00000000 x14:00000000
17034010ns          291409 1c008a68 1a10f6b7 lui              x13, 0x1a10f000     x13=1a10f000
17034030ns          291410 1c008a6c 0ff57513 andi             x10, x10, 255       x10=00000020 x10:00000020
17034049ns          291411 1c008a70 00d70733 add              x14, x14, x13       x14=1a10f000 x14:00000000 x13:1a10f000
17034069ns          291412 1c008a72 00a7e723 p.sw             x10, x0(x15)        x10:00000020 x15:00000000  PA:1a10f000
17034388ns          291428 1c008a76 00000513 addi             x10, x0, 0          x10=00000000
17034408ns          291429 1c008a78 00008067 jalr             x0, x1, 0            x1:1c008e4c
17034447ns          291431 1c008e4c fff48493 addi             x9, x9, -1           x9=0000000e  x9:0000000f
17034467ns          291432 1c008e4e fff537e3 p.bneimm         x10, -18            x10:00000000
17034527ns          291435 1c008e3c 012d8733 add              x14, x27, x18       x14=00000010 x27:efffedbd x18:10001253
17034547ns          291436 1c008e40 5a048b63 beq              x9, x0, 1462         x9:0000000e
17034567ns          291437 1c008e44 0019450b p.lbu            x10, 1(x18!)        x10=0000004d x18=10001254 x18:10001253  PA:10001253
17034587ns          291438 1c008e48 01a005b3 add              x11, x0, x26        x11=00000002 x26:00000002
17034606ns          291439 1c008e4a 000b00e7 jalr             x1, x22, 0           x1=1c008e4c x22:1c008a52
17034646ns          291441 1c008a52 000026b7 lui              x13, 0x2000         x13=00002000
17034666ns          291442 1c008a54 f14027f3 csrrs            x15, x0, 0xf14      x15=00000000
17034686ns          291443 1c008a58 f8068693 addi             x13, x13, -128      x13=00001f80 x13:00002000
17034706ns          291444 1c008a5c 00379713 slli             x14, x15, 0x3       x14=00000000 x15:00000000
17034726ns          291445 1c008a60 00279793 slli             x15, x15, 0x2       x15=00000000 x15:00000000
17034746ns          291446 1c008a62 00d7f7b3 and              x15, x15, x13       x15=00000000 x15:00000000 x13:00001f80
17034766ns          291447 1c008a64 ee873733 p.bclr           x14, x14, 23, 8     x14=00000000 x14:00000000
17034785ns          291448 1c008a68 1a10f6b7 lui              x13, 0x1a10f000     x13=1a10f000
17034805ns          291449 1c008a6c 0ff57513 andi             x10, x10, 255       x10=0000004d x10:0000004d
17034825ns          291450 1c008a70 00d70733 add              x14, x14, x13       x14=1a10f000 x14:00000000 x13:1a10f000
17034845ns          291451 1c008a72 00a7e723 p.sw             x10, x0(x15)        x10:0000004d x15:00000000  PA:1a10f000
17035163ns          291467 1c008a76 00000513 addi             x10, x0, 0          x10=00000000
17035183ns          291468 1c008a78 00008067 jalr             x0, x1, 0            x1:1c008e4c
17035223ns          291470 1c008e4c fff48493 addi             x9, x9, -1           x9=0000000d  x9:0000000e
17035243ns          291471 1c008e4e fff537e3 p.bneimm         x10, -18            x10:00000000
17035303ns          291474 1c008e3c 012d8733 add              x14, x27, x18       x14=00000011 x27:efffedbd x18:10001254
17035322ns          291475 1c008e40 5a048b63 beq              x9, x0, 1462         x9:0000000d
17035342ns          291476 1c008e44 0019450b p.lbu            x10, 1(x18!)        x10=00000075 x18=10001255 x18:10001254  PA:10001254
17035362ns          291477 1c008e48 01a005b3 add              x11, x0, x26        x11=00000002 x26:00000002
17035382ns          291478 1c008e4a 000b00e7 jalr             x1, x22, 0           x1=1c008e4c x22:1c008a52
17035422ns          291480 1c008a52 000026b7 lui              x13, 0x2000         x13=00002000
17035442ns          291481 1c008a54 f14027f3 csrrs            x15, x0, 0xf14      x15=00000000
17035462ns          291482 1c008a58 f8068693 addi             x13, x13, -128      x13=00001f80 x13:00002000
17035482ns          291483 1c008a5c 00379713 slli             x14, x15, 0x3       x14=00000000 x15:00000000
17035502ns          291484 1c008a60 00279793 slli             x15, x15, 0x2       x15=00000000 x15:00000000
17035521ns          291485 1c008a62 00d7f7b3 and              x15, x15, x13       x15=00000000 x15:00000000 x13:00001f80
17035541ns          291486 1c008a64 ee873733 p.bclr           x14, x14, 23, 8     x14=00000000 x14:00000000
17035561ns          291487 1c008a68 1a10f6b7 lui              x13, 0x1a10f000     x13=1a10f000
17035581ns          291488 1c008a6c 0ff57513 andi             x10, x10, 255       x10=00000075 x10:00000075
17035601ns          291489 1c008a70 00d70733 add              x14, x14, x13       x14=1a10f000 x14:00000000 x13:1a10f000
17035621ns          291490 1c008a72 00a7e723 p.sw             x10, x0(x15)        x10:00000075 x15:00000000  PA:1a10f000
17035939ns          291506 1c008a76 00000513 addi             x10, x0, 0          x10=00000000
17035959ns          291507 1c008a78 00008067 jalr             x0, x1, 0            x1:1c008e4c
17035999ns          291509 1c008e4c fff48493 addi             x9, x9, -1           x9=0000000c  x9:0000000d
17036019ns          291510 1c008e4e fff537e3 p.bneimm         x10, -18            x10:00000000
17036078ns          291513 1c008e3c 012d8733 add              x14, x27, x18       x14=00000012 x27:efffedbd x18:10001255
17036098ns          291514 1c008e40 5a048b63 beq              x9, x0, 1462         x9:0000000c
17036118ns          291515 1c008e44 0019450b p.lbu            x10, 1(x18!)        x10=0000006c x18=10001256 x18:10001255  PA:10001255
17036138ns          291516 1c008e48 01a005b3 add              x11, x0, x26        x11=00000002 x26:00000002
17036158ns          291517 1c008e4a 000b00e7 jalr             x1, x22, 0           x1=1c008e4c x22:1c008a52
17036198ns          291519 1c008a52 000026b7 lui              x13, 0x2000         x13=00002000
17036218ns          291520 1c008a54 f14027f3 csrrs            x15, x0, 0xf14      x15=00000000
17036237ns          291521 1c008a58 f8068693 addi             x13, x13, -128      x13=00001f80 x13:00002000
17036257ns          291522 1c008a5c 00379713 slli             x14, x15, 0x3       x14=00000000 x15:00000000
17036277ns          291523 1c008a60 00279793 slli             x15, x15, 0x2       x15=00000000 x15:00000000
17036297ns          291524 1c008a62 00d7f7b3 and              x15, x15, x13       x15=00000000 x15:00000000 x13:00001f80
17036317ns          291525 1c008a64 ee873733 p.bclr           x14, x14, 23, 8     x14=00000000 x14:00000000
17036337ns          291526 1c008a68 1a10f6b7 lui              x13, 0x1a10f000     x13=1a10f000
17036357ns          291527 1c008a6c 0ff57513 andi             x10, x10, 255       x10=0000006c x10:0000006c
17036377ns          291528 1c008a70 00d70733 add              x14, x14, x13       x14=1a10f000 x14:00000000 x13:1a10f000
17036397ns          291529 1c008a72 00a7e723 p.sw             x10, x0(x15)        x10:0000006c x15:00000000  PA:1a10f000
17036735ns          291546 1c008a76 00000513 addi             x10, x0, 0          x10=00000000
17036755ns          291547 1c008a78 00008067 jalr             x0, x1, 0            x1:1c008e4c
17036794ns          291549 1c008e4c fff48493 addi             x9, x9, -1           x9=0000000b  x9:0000000c
17036814ns          291550 1c008e4e fff537e3 p.bneimm         x10, -18            x10:00000000
17036874ns          291553 1c008e3c 012d8733 add              x14, x27, x18       x14=00000013 x27:efffedbd x18:10001256
17036894ns          291554 1c008e40 5a048b63 beq              x9, x0, 1462         x9:0000000b
17036914ns          291555 1c008e44 0019450b p.lbu            x10, 1(x18!)        x10=00000074 x18=10001257 x18:10001256  PA:10001256
17036934ns          291556 1c008e48 01a005b3 add              x11, x0, x26        x11=00000002 x26:00000002
17036954ns          291557 1c008e4a 000b00e7 jalr             x1, x22, 0           x1=1c008e4c x22:1c008a52
17036993ns          291559 1c008a52 000026b7 lui              x13, 0x2000         x13=00002000
17037013ns          291560 1c008a54 f14027f3 csrrs            x15, x0, 0xf14      x15=00000000
17037033ns          291561 1c008a58 f8068693 addi             x13, x13, -128      x13=00001f80 x13:00002000
17037053ns          291562 1c008a5c 00379713 slli             x14, x15, 0x3       x14=00000000 x15:00000000
17037073ns          291563 1c008a60 00279793 slli             x15, x15, 0x2       x15=00000000 x15:00000000
17037093ns          291564 1c008a62 00d7f7b3 and              x15, x15, x13       x15=00000000 x15:00000000 x13:00001f80
17037113ns          291565 1c008a64 ee873733 p.bclr           x14, x14, 23, 8     x14=00000000 x14:00000000
17037133ns          291566 1c008a68 1a10f6b7 lui              x13, 0x1a10f000     x13=1a10f000
17037152ns          291567 1c008a6c 0ff57513 andi             x10, x10, 255       x10=00000074 x10:00000074
17037172ns          291568 1c008a70 00d70733 add              x14, x14, x13       x14=1a10f000 x14:00000000 x13:1a10f000
17037192ns          291569 1c008a72 00a7e723 p.sw             x10, x0(x15)        x10:00000074 x15:00000000  PA:1a10f000
17037510ns          291585 1c008a76 00000513 addi             x10, x0, 0          x10=00000000
17037530ns          291586 1c008a78 00008067 jalr             x0, x1, 0            x1:1c008e4c
17037570ns          291588 1c008e4c fff48493 addi             x9, x9, -1           x9=0000000a  x9:0000000b
17037590ns          291589 1c008e4e fff537e3 p.bneimm         x10, -18            x10:00000000
17037650ns          291592 1c008e3c 012d8733 add              x14, x27, x18       x14=00000014 x27:efffedbd x18:10001257
17037670ns          291593 1c008e40 5a048b63 beq              x9, x0, 1462         x9:0000000a
17037689ns          291594 1c008e44 0019450b p.lbu            x10, 1(x18!)        x10=00000069 x18=10001258 x18:10001257  PA:10001257
17037709ns          291595 1c008e48 01a005b3 add              x11, x0, x26        x11=00000002 x26:00000002
17037729ns          291596 1c008e4a 000b00e7 jalr             x1, x22, 0           x1=1c008e4c x22:1c008a52
17037769ns          291598 1c008a52 000026b7 lui              x13, 0x2000         x13=00002000
17037789ns          291599 1c008a54 f14027f3 csrrs            x15, x0, 0xf14      x15=00000000
17037809ns          291600 1c008a58 f8068693 addi             x13, x13, -128      x13=00001f80 x13:00002000
17037829ns          291601 1c008a5c 00379713 slli             x14, x15, 0x3       x14=00000000 x15:00000000
17037849ns          291602 1c008a60 00279793 slli             x15, x15, 0x2       x15=00000000 x15:00000000
17037869ns          291603 1c008a62 00d7f7b3 and              x15, x15, x13       x15=00000000 x15:00000000 x13:00001f80
17037888ns          291604 1c008a64 ee873733 p.bclr           x14, x14, 23, 8     x14=00000000 x14:00000000
17037908ns          291605 1c008a68 1a10f6b7 lui              x13, 0x1a10f000     x13=1a10f000
17037928ns          291606 1c008a6c 0ff57513 andi             x10, x10, 255       x10=00000069 x10:00000069
17037948ns          291607 1c008a70 00d70733 add              x14, x14, x13       x14=1a10f000 x14:00000000 x13:1a10f000
17037968ns          291608 1c008a72 00a7e723 p.sw             x10, x0(x15)        x10:00000069 x15:00000000  PA:1a10f000
17038286ns          291624 1c008a76 00000513 addi             x10, x0, 0          x10=00000000
17038306ns          291625 1c008a78 00008067 jalr             x0, x1, 0            x1:1c008e4c
17038346ns          291627 1c008e4c fff48493 addi             x9, x9, -1           x9=00000009  x9:0000000a
17038366ns          291628 1c008e4e fff537e3 p.bneimm         x10, -18            x10:00000000
17038425ns          291631 1c008e3c 012d8733 add              x14, x27, x18       x14=00000015 x27:efffedbd x18:10001258
17038445ns          291632 1c008e40 5a048b63 beq              x9, x0, 1462         x9:00000009
17038465ns          291633 1c008e44 0019450b p.lbu            x10, 1(x18!)        x10=00000070 x18=10001259 x18:10001258  PA:10001258
17038485ns          291634 1c008e48 01a005b3 add              x11, x0, x26        x11=00000002 x26:00000002
17038505ns          291635 1c008e4a 000b00e7 jalr             x1, x22, 0           x1=1c008e4c x22:1c008a52
17038545ns          291637 1c008a52 000026b7 lui              x13, 0x2000         x13=00002000
17038565ns          291638 1c008a54 f14027f3 csrrs            x15, x0, 0xf14      x15=00000000
17038585ns          291639 1c008a58 f8068693 addi             x13, x13, -128      x13=00001f80 x13:00002000
17038604ns          291640 1c008a5c 00379713 slli             x14, x15, 0x3       x14=00000000 x15:00000000
17038624ns          291641 1c008a60 00279793 slli             x15, x15, 0x2       x15=00000000 x15:00000000
17038644ns          291642 1c008a62 00d7f7b3 and              x15, x15, x13       x15=00000000 x15:00000000 x13:00001f80
17038664ns          291643 1c008a64 ee873733 p.bclr           x14, x14, 23, 8     x14=00000000 x14:00000000
17038684ns          291644 1c008a68 1a10f6b7 lui              x13, 0x1a10f000     x13=1a10f000
17038704ns          291645 1c008a6c 0ff57513 andi             x10, x10, 255       x10=00000070 x10:00000070
17038724ns          291646 1c008a70 00d70733 add              x14, x14, x13       x14=1a10f000 x14:00000000 x13:1a10f000
17038744ns          291647 1c008a72 00a7e723 p.sw             x10, x0(x15)        x10:00000070 x15:00000000  PA:1a10f000
17039062ns          291663 1c008a76 00000513 addi             x10, x0, 0          x10=00000000
17039082ns          291664 1c008a78 00008067 jalr             x0, x1, 0            x1:1c008e4c
17039122ns          291666 1c008e4c fff48493 addi             x9, x9, -1           x9=00000008  x9:00000009
17039142ns          291667 1c008e4e fff537e3 p.bneimm         x10, -18            x10:00000000
17039201ns          291670 1c008e3c 012d8733 add              x14, x27, x18       x14=00000016 x27:efffedbd x18:10001259
17039221ns          291671 1c008e40 5a048b63 beq              x9, x0, 1462         x9:00000008
17039241ns          291672 1c008e44 0019450b p.lbu            x10, 1(x18!)        x10=0000006c x18=1000125a x18:10001259  PA:10001259
17039261ns          291673 1c008e48 01a005b3 add              x11, x0, x26        x11=00000002 x26:00000002
17039281ns          291674 1c008e4a 000b00e7 jalr             x1, x22, 0           x1=1c008e4c x22:1c008a52
17039321ns          291676 1c008a52 000026b7 lui              x13, 0x2000         x13=00002000
17039340ns          291677 1c008a54 f14027f3 csrrs            x15, x0, 0xf14      x15=00000000
17039360ns          291678 1c008a58 f8068693 addi             x13, x13, -128      x13=00001f80 x13:00002000
17039380ns          291679 1c008a5c 00379713 slli             x14, x15, 0x3       x14=00000000 x15:00000000
17039400ns          291680 1c008a60 00279793 slli             x15, x15, 0x2       x15=00000000 x15:00000000
17039420ns          291681 1c008a62 00d7f7b3 and              x15, x15, x13       x15=00000000 x15:00000000 x13:00001f80
17039440ns          291682 1c008a64 ee873733 p.bclr           x14, x14, 23, 8     x14=00000000 x14:00000000
17039460ns          291683 1c008a68 1a10f6b7 lui              x13, 0x1a10f000     x13=1a10f000
17039480ns          291684 1c008a6c 0ff57513 andi             x10, x10, 255       x10=0000006c x10:0000006c
17039500ns          291685 1c008a70 00d70733 add              x14, x14, x13       x14=1a10f000 x14:00000000 x13:1a10f000
17039519ns          291686 1c008a72 00a7e723 p.sw             x10, x0(x15)        x10:0000006c x15:00000000  PA:1a10f000
17039838ns          291702 1c008a76 00000513 addi             x10, x0, 0          x10=00000000
17039858ns          291703 1c008a78 00008067 jalr             x0, x1, 0            x1:1c008e4c
17039897ns          291705 1c008e4c fff48493 addi             x9, x9, -1           x9=00000007  x9:00000008
17039917ns          291706 1c008e4e fff537e3 p.bneimm         x10, -18            x10:00000000
17039977ns          291709 1c008e3c 012d8733 add              x14, x27, x18       x14=00000017 x27:efffedbd x18:1000125a
17039997ns          291710 1c008e40 5a048b63 beq              x9, x0, 1462         x9:00000007
17040017ns          291711 1c008e44 0019450b p.lbu            x10, 1(x18!)        x10=00000069 x18=1000125b x18:1000125a  PA:1000125a
17040037ns          291712 1c008e48 01a005b3 add              x11, x0, x26        x11=00000002 x26:00000002
17040056ns          291713 1c008e4a 000b00e7 jalr             x1, x22, 0           x1=1c008e4c x22:1c008a52
17040096ns          291715 1c008a52 000026b7 lui              x13, 0x2000         x13=00002000
17040116ns          291716 1c008a54 f14027f3 csrrs            x15, x0, 0xf14      x15=00000000
17040136ns          291717 1c008a58 f8068693 addi             x13, x13, -128      x13=00001f80 x13:00002000
17040156ns          291718 1c008a5c 00379713 slli             x14, x15, 0x3       x14=00000000 x15:00000000
17040176ns          291719 1c008a60 00279793 slli             x15, x15, 0x2       x15=00000000 x15:00000000
17040196ns          291720 1c008a62 00d7f7b3 and              x15, x15, x13       x15=00000000 x15:00000000 x13:00001f80
17040216ns          291721 1c008a64 ee873733 p.bclr           x14, x14, 23, 8     x14=00000000 x14:00000000
17040236ns          291722 1c008a68 1a10f6b7 lui              x13, 0x1a10f000     x13=1a10f000
17040255ns          291723 1c008a6c 0ff57513 andi             x10, x10, 255       x10=00000069 x10:00000069
17040275ns          291724 1c008a70 00d70733 add              x14, x14, x13       x14=1a10f000 x14:00000000 x13:1a10f000
17040295ns          291725 1c008a72 00a7e723 p.sw             x10, x0(x15)        x10:00000069 x15:00000000  PA:1a10f000
17040633ns          291742 1c008a76 00000513 addi             x10, x0, 0          x10=00000000
17040653ns          291743 1c008a78 00008067 jalr             x0, x1, 0            x1:1c008e4c
17040693ns          291745 1c008e4c fff48493 addi             x9, x9, -1           x9=00000006  x9:00000007
17040713ns          291746 1c008e4e fff537e3 p.bneimm         x10, -18            x10:00000000
17040773ns          291749 1c008e3c 012d8733 add              x14, x27, x18       x14=00000018 x27:efffedbd x18:1000125b
17040792ns          291750 1c008e40 5a048b63 beq              x9, x0, 1462         x9:00000006
17040812ns          291751 1c008e44 0019450b p.lbu            x10, 1(x18!)        x10=00000063 x18=1000125c x18:1000125b  PA:1000125b
17040832ns          291752 1c008e48 01a005b3 add              x11, x0, x26        x11=00000002 x26:00000002
17040852ns          291753 1c008e4a 000b00e7 jalr             x1, x22, 0           x1=1c008e4c x22:1c008a52
17040892ns          291755 1c008a52 000026b7 lui              x13, 0x2000         x13=00002000
17040912ns          291756 1c008a54 f14027f3 csrrs            x15, x0, 0xf14      x15=00000000
17040932ns          291757 1c008a58 f8068693 addi             x13, x13, -128      x13=00001f80 x13:00002000
17040952ns          291758 1c008a5c 00379713 slli             x14, x15, 0x3       x14=00000000 x15:00000000
17040971ns          291759 1c008a60 00279793 slli             x15, x15, 0x2       x15=00000000 x15:00000000
17040991ns          291760 1c008a62 00d7f7b3 and              x15, x15, x13       x15=00000000 x15:00000000 x13:00001f80
17041011ns          291761 1c008a64 ee873733 p.bclr           x14, x14, 23, 8     x14=00000000 x14:00000000
17041031ns          291762 1c008a68 1a10f6b7 lui              x13, 0x1a10f000     x13=1a10f000
17041051ns          291763 1c008a6c 0ff57513 andi             x10, x10, 255       x10=00000063 x10:00000063
17041071ns          291764 1c008a70 00d70733 add              x14, x14, x13       x14=1a10f000 x14:00000000 x13:1a10f000
17041091ns          291765 1c008a72 00a7e723 p.sw             x10, x0(x15)        x10:00000063 x15:00000000  PA:1a10f000
17041409ns          291781 1c008a76 00000513 addi             x10, x0, 0          x10=00000000
17041429ns          291782 1c008a78 00008067 jalr             x0, x1, 0            x1:1c008e4c
17041469ns          291784 1c008e4c fff48493 addi             x9, x9, -1           x9=00000005  x9:00000006
17041489ns          291785 1c008e4e fff537e3 p.bneimm         x10, -18            x10:00000000
17041548ns          291788 1c008e3c 012d8733 add              x14, x27, x18       x14=00000019 x27:efffedbd x18:1000125c
17041568ns          291789 1c008e40 5a048b63 beq              x9, x0, 1462         x9:00000005
17041588ns          291790 1c008e44 0019450b p.lbu            x10, 1(x18!)        x10=00000061 x18=1000125d x18:1000125c  PA:1000125c
17041608ns          291791 1c008e48 01a005b3 add              x11, x0, x26        x11=00000002 x26:00000002
17041628ns          291792 1c008e4a 000b00e7 jalr             x1, x22, 0           x1=1c008e4c x22:1c008a52
17041668ns          291794 1c008a52 000026b7 lui              x13, 0x2000         x13=00002000
17041688ns          291795 1c008a54 f14027f3 csrrs            x15, x0, 0xf14      x15=00000000
17041707ns          291796 1c008a58 f8068693 addi             x13, x13, -128      x13=00001f80 x13:00002000
17041727ns          291797 1c008a5c 00379713 slli             x14, x15, 0x3       x14=00000000 x15:00000000
17041747ns          291798 1c008a60 00279793 slli             x15, x15, 0x2       x15=00000000 x15:00000000
17041767ns          291799 1c008a62 00d7f7b3 and              x15, x15, x13       x15=00000000 x15:00000000 x13:00001f80
17041787ns          291800 1c008a64 ee873733 p.bclr           x14, x14, 23, 8     x14=00000000 x14:00000000
17041807ns          291801 1c008a68 1a10f6b7 lui              x13, 0x1a10f000     x13=1a10f000
17041827ns          291802 1c008a6c 0ff57513 andi             x10, x10, 255       x10=00000061 x10:00000061
17041847ns          291803 1c008a70 00d70733 add              x14, x14, x13       x14=1a10f000 x14:00000000 x13:1a10f000
17041867ns          291804 1c008a72 00a7e723 p.sw             x10, x0(x15)        x10:00000061 x15:00000000  PA:1a10f000
17042185ns          291820 1c008a76 00000513 addi             x10, x0, 0          x10=00000000
17042205ns          291821 1c008a78 00008067 jalr             x0, x1, 0            x1:1c008e4c
17042244ns          291823 1c008e4c fff48493 addi             x9, x9, -1           x9=00000004  x9:00000005
17042264ns          291824 1c008e4e fff537e3 p.bneimm         x10, -18            x10:00000000
17042324ns          291827 1c008e3c 012d8733 add              x14, x27, x18       x14=0000001a x27:efffedbd x18:1000125d
17042344ns          291828 1c008e40 5a048b63 beq              x9, x0, 1462         x9:00000004
17042364ns          291829 1c008e44 0019450b p.lbu            x10, 1(x18!)        x10=00000074 x18=1000125e x18:1000125d  PA:1000125d
17042384ns          291830 1c008e48 01a005b3 add              x11, x0, x26        x11=00000002 x26:00000002
17042404ns          291831 1c008e4a 000b00e7 jalr             x1, x22, 0           x1=1c008e4c x22:1c008a52
17042443ns          291833 1c008a52 000026b7 lui              x13, 0x2000         x13=00002000
17042463ns          291834 1c008a54 f14027f3 csrrs            x15, x0, 0xf14      x15=00000000
17042483ns          291835 1c008a58 f8068693 addi             x13, x13, -128      x13=00001f80 x13:00002000
17042503ns          291836 1c008a5c 00379713 slli             x14, x15, 0x3       x14=00000000 x15:00000000
17042523ns          291837 1c008a60 00279793 slli             x15, x15, 0x2       x15=00000000 x15:00000000
17042543ns          291838 1c008a62 00d7f7b3 and              x15, x15, x13       x15=00000000 x15:00000000 x13:00001f80
17042563ns          291839 1c008a64 ee873733 p.bclr           x14, x14, 23, 8     x14=00000000 x14:00000000
17042583ns          291840 1c008a68 1a10f6b7 lui              x13, 0x1a10f000     x13=1a10f000
17042603ns          291841 1c008a6c 0ff57513 andi             x10, x10, 255       x10=00000074 x10:00000074
17042622ns          291842 1c008a70 00d70733 add              x14, x14, x13       x14=1a10f000 x14:00000000 x13:1a10f000
17042642ns          291843 1c008a72 00a7e723 p.sw             x10, x0(x15)        x10:00000074 x15:00000000  PA:1a10f000
17042961ns          291859 1c008a76 00000513 addi             x10, x0, 0          x10=00000000
17042980ns          291860 1c008a78 00008067 jalr             x0, x1, 0            x1:1c008e4c
17043020ns          291862 1c008e4c fff48493 addi             x9, x9, -1           x9=00000003  x9:00000004
17043040ns          291863 1c008e4e fff537e3 p.bneimm         x10, -18            x10:00000000
17043100ns          291866 1c008e3c 012d8733 add              x14, x27, x18       x14=0000001b x27:efffedbd x18:1000125e
17043120ns          291867 1c008e40 5a048b63 beq              x9, x0, 1462         x9:00000003
17043140ns          291868 1c008e44 0019450b p.lbu            x10, 1(x18!)        x10=00000069 x18=1000125f x18:1000125e  PA:1000125e
17043159ns          291869 1c008e48 01a005b3 add              x11, x0, x26        x11=00000002 x26:00000002
17043179ns          291870 1c008e4a 000b00e7 jalr             x1, x22, 0           x1=1c008e4c x22:1c008a52
17043219ns          291872 1c008a52 000026b7 lui              x13, 0x2000         x13=00002000
17043239ns          291873 1c008a54 f14027f3 csrrs            x15, x0, 0xf14      x15=00000000
17043259ns          291874 1c008a58 f8068693 addi             x13, x13, -128      x13=00001f80 x13:00002000
17043279ns          291875 1c008a5c 00379713 slli             x14, x15, 0x3       x14=00000000 x15:00000000
17043299ns          291876 1c008a60 00279793 slli             x15, x15, 0x2       x15=00000000 x15:00000000
17043319ns          291877 1c008a62 00d7f7b3 and              x15, x15, x13       x15=00000000 x15:00000000 x13:00001f80
17043338ns          291878 1c008a64 ee873733 p.bclr           x14, x14, 23, 8     x14=00000000 x14:00000000
17043358ns          291879 1c008a68 1a10f6b7 lui              x13, 0x1a10f000     x13=1a10f000
17043378ns          291880 1c008a6c 0ff57513 andi             x10, x10, 255       x10=00000069 x10:00000069
17043398ns          291881 1c008a70 00d70733 add              x14, x14, x13       x14=1a10f000 x14:00000000 x13:1a10f000
17043418ns          291882 1c008a72 00a7e723 p.sw             x10, x0(x15)        x10:00000069 x15:00000000  PA:1a10f000
17043736ns          291898 1c008a76 00000513 addi             x10, x0, 0          x10=00000000
17043756ns          291899 1c008a78 00008067 jalr             x0, x1, 0            x1:1c008e4c
17043796ns          291901 1c008e4c fff48493 addi             x9, x9, -1           x9=00000002  x9:00000003
17043816ns          291902 1c008e4e fff537e3 p.bneimm         x10, -18            x10:00000000
17043876ns          291905 1c008e3c 012d8733 add              x14, x27, x18       x14=0000001c x27:efffedbd x18:1000125f
17043895ns          291906 1c008e40 5a048b63 beq              x9, x0, 1462         x9:00000002
17043915ns          291907 1c008e44 0019450b p.lbu            x10, 1(x18!)        x10=0000006f x18=10001260 x18:1000125f  PA:1000125f
17043935ns          291908 1c008e48 01a005b3 add              x11, x0, x26        x11=00000002 x26:00000002
17043955ns          291909 1c008e4a 000b00e7 jalr             x1, x22, 0           x1=1c008e4c x22:1c008a52
17043995ns          291911 1c008a52 000026b7 lui              x13, 0x2000         x13=00002000
17044015ns          291912 1c008a54 f14027f3 csrrs            x15, x0, 0xf14      x15=00000000
17044035ns          291913 1c008a58 f8068693 addi             x13, x13, -128      x13=00001f80 x13:00002000
17044055ns          291914 1c008a5c 00379713 slli             x14, x15, 0x3       x14=00000000 x15:00000000
17044074ns          291915 1c008a60 00279793 slli             x15, x15, 0x2       x15=00000000 x15:00000000
17044094ns          291916 1c008a62 00d7f7b3 and              x15, x15, x13       x15=00000000 x15:00000000 x13:00001f80
17044114ns          291917 1c008a64 ee873733 p.bclr           x14, x14, 23, 8     x14=00000000 x14:00000000
17044134ns          291918 1c008a68 1a10f6b7 lui              x13, 0x1a10f000     x13=1a10f000
17044154ns          291919 1c008a6c 0ff57513 andi             x10, x10, 255       x10=0000006f x10:0000006f
17044174ns          291920 1c008a70 00d70733 add              x14, x14, x13       x14=1a10f000 x14:00000000 x13:1a10f000
17044194ns          291921 1c008a72 00a7e723 p.sw             x10, x0(x15)        x10:0000006f x15:00000000  PA:1a10f000
17044512ns          291937 1c008a76 00000513 addi             x10, x0, 0          x10=00000000
17044532ns          291938 1c008a78 00008067 jalr             x0, x1, 0            x1:1c008e4c
17044572ns          291940 1c008e4c fff48493 addi             x9, x9, -1           x9=00000001  x9:00000002
17044592ns          291941 1c008e4e fff537e3 p.bneimm         x10, -18            x10:00000000
17044651ns          291944 1c008e3c 012d8733 add              x14, x27, x18       x14=0000001d x27:efffedbd x18:10001260
17044671ns          291945 1c008e40 5a048b63 beq              x9, x0, 1462         x9:00000001
17044691ns          291946 1c008e44 0019450b p.lbu            x10, 1(x18!)        x10=0000006e x18=10001261 x18:10001260  PA:10001260
17044711ns          291947 1c008e48 01a005b3 add              x11, x0, x26        x11=00000002 x26:00000002
17044731ns          291948 1c008e4a 000b00e7 jalr             x1, x22, 0           x1=1c008e4c x22:1c008a52
17044771ns          291950 1c008a52 000026b7 lui              x13, 0x2000         x13=00002000
17044790ns          291951 1c008a54 f14027f3 csrrs            x15, x0, 0xf14      x15=00000000
17044810ns          291952 1c008a58 f8068693 addi             x13, x13, -128      x13=00001f80 x13:00002000
17044830ns          291953 1c008a5c 00379713 slli             x14, x15, 0x3       x14=00000000 x15:00000000
17044850ns          291954 1c008a60 00279793 slli             x15, x15, 0x2       x15=00000000 x15:00000000
17044870ns          291955 1c008a62 00d7f7b3 and              x15, x15, x13       x15=00000000 x15:00000000 x13:00001f80
17044890ns          291956 1c008a64 ee873733 p.bclr           x14, x14, 23, 8     x14=00000000 x14:00000000
17044910ns          291957 1c008a68 1a10f6b7 lui              x13, 0x1a10f000     x13=1a10f000
17044930ns          291958 1c008a6c 0ff57513 andi             x10, x10, 255       x10=0000006e x10:0000006e
17044950ns          291959 1c008a70 00d70733 add              x14, x14, x13       x14=1a10f000 x14:00000000 x13:1a10f000
17044970ns          291960 1c008a72 00a7e723 p.sw             x10, x0(x15)        x10:0000006e x15:00000000  PA:1a10f000
17045288ns          291976 1c008a76 00000513 addi             x10, x0, 0          x10=00000000
17045308ns          291977 1c008a78 00008067 jalr             x0, x1, 0            x1:1c008e4c
17045347ns          291979 1c008e4c fff48493 addi             x9, x9, -1           x9=00000000  x9:00000001
17045367ns          291980 1c008e4e fff537e3 p.bneimm         x10, -18            x10:00000000
17045427ns          291983 1c008e3c 012d8733 add              x14, x27, x18       x14=0000001e x27:efffedbd x18:10001261
17045447ns          291984 1c008e40 5a048b63 beq              x9, x0, 1462         x9:00000000
17045745ns          291999 1c0093f6 00e00db3 add              x27, x0, x14        x27=0000001e x14:0000001e
17045785ns          292001 1c0093f8 f3cff06f jal              x0, -2244          
17045825ns          292003 1c008b34 00044503 lbu              x10, 0(x8)          x10=00000020  x8:1c000093  PA:1c000093
17046123ns          292018 1c008b38 00140413 addi             x8, x8, 1            x8=1c000094  x8:1c000093
17046143ns          292019 1c008b3a 00050e63 beq              x10, x0, 28         x10:00000020
17046163ns          292020 1c008b3c 02500793 addi             x15, x0, 37         x15=00000025
17046183ns          292021 1c008b40 04f50863 beq              x10, x15, 80        x10:00000020 x15:00000025
17046203ns          292022 1c008b44 01a005b3 add              x11, x0, x26        x11=00000002 x26:00000002
17046223ns          292023 1c008b46 000b00e7 jalr             x1, x22, 0           x1=1c008b48 x22:1c008a52
17046262ns          292025 1c008a52 000026b7 lui              x13, 0x2000         x13=00002000
17046282ns          292026 1c008a54 f14027f3 csrrs            x15, x0, 0xf14      x15=00000000
17046302ns          292027 1c008a58 f8068693 addi             x13, x13, -128      x13=00001f80 x13:00002000
17046322ns          292028 1c008a5c 00379713 slli             x14, x15, 0x3       x14=00000000 x15:00000000
17046342ns          292029 1c008a60 00279793 slli             x15, x15, 0x2       x15=00000000 x15:00000000
17046362ns          292030 1c008a62 00d7f7b3 and              x15, x15, x13       x15=00000000 x15:00000000 x13:00001f80
17046382ns          292031 1c008a64 ee873733 p.bclr           x14, x14, 23, 8     x14=00000000 x14:00000000
17046402ns          292032 1c008a68 1a10f6b7 lui              x13, 0x1a10f000     x13=1a10f000
17046422ns          292033 1c008a6c 0ff57513 andi             x10, x10, 255       x10=00000020 x10:00000020
17046441ns          292034 1c008a70 00d70733 add              x14, x14, x13       x14=1a10f000 x14:00000000 x13:1a10f000
17046461ns          292035 1c008a72 00a7e723 p.sw             x10, x0(x15)        x10:00000020 x15:00000000  PA:1a10f000
17046839ns          292054 1c008a76 00000513 addi             x10, x0, 0          x10=00000000
17046859ns          292055 1c008a78 00008067 jalr             x0, x1, 0            x1:1c008b48
17046899ns          292057 1c008b48 31f52563 p.beqimm         x10, 778            x10:00000000
17046919ns          292058 1c008b4c 001d8d93 addi             x27, x27, 1         x27=0000001f x27:0000001e
17046939ns          292059 1c008b4e 00044503 lbu              x10, 0(x8)          x10=0000002d  x8:1c000094  PA:1c000094
17047376ns          292081 1c008b52 00140413 addi             x8, x8, 1            x8=1c000095  x8:1c000094
17047396ns          292082 1c008b54 fe0514e3 bne              x10, x0, -24        x10:0000002d
17047456ns          292085 1c008b3c 02500793 addi             x15, x0, 37         x15=00000025
17047476ns          292086 1c008b40 04f50863 beq              x10, x15, 80        x10:0000002d x15:00000025
17047496ns          292087 1c008b44 01a005b3 add              x11, x0, x26        x11=00000002 x26:00000002
17047516ns          292088 1c008b46 000b00e7 jalr             x1, x22, 0           x1=1c008b48 x22:1c008a52
17047555ns          292090 1c008a52 000026b7 lui              x13, 0x2000         x13=00002000
17047575ns          292091 1c008a54 f14027f3 csrrs            x15, x0, 0xf14      x15=00000000
17047595ns          292092 1c008a58 f8068693 addi             x13, x13, -128      x13=00001f80 x13:00002000
17047615ns          292093 1c008a5c 00379713 slli             x14, x15, 0x3       x14=00000000 x15:00000000
17047635ns          292094 1c008a60 00279793 slli             x15, x15, 0x2       x15=00000000 x15:00000000
17047655ns          292095 1c008a62 00d7f7b3 and              x15, x15, x13       x15=00000000 x15:00000000 x13:00001f80
17047675ns          292096 1c008a64 ee873733 p.bclr           x14, x14, 23, 8     x14=00000000 x14:00000000
17047695ns          292097 1c008a68 1a10f6b7 lui              x13, 0x1a10f000     x13=1a10f000
17047714ns          292098 1c008a6c 0ff57513 andi             x10, x10, 255       x10=0000002d x10:0000002d
17047734ns          292099 1c008a70 00d70733 add              x14, x14, x13       x14=1a10f000 x14:00000000 x13:1a10f000
17047754ns          292100 1c008a72 00a7e723 p.sw             x10, x0(x15)        x10:0000002d x15:00000000  PA:1a10f000
17048072ns          292116 1c008a76 00000513 addi             x10, x0, 0          x10=00000000
17048092ns          292117 1c008a78 00008067 jalr             x0, x1, 0            x1:1c008b48
17048132ns          292119 1c008b48 31f52563 p.beqimm         x10, 778            x10:00000000
17048152ns          292120 1c008b4c 001d8d93 addi             x27, x27, 1         x27=00000020 x27:0000001f
17048172ns          292121 1c008b4e 00044503 lbu              x10, 0(x8)          x10=0000003e  x8:1c000095  PA:1c000095
17048470ns          292136 1c008b52 00140413 addi             x8, x8, 1            x8=1c000096  x8:1c000095
17048490ns          292137 1c008b54 fe0514e3 bne              x10, x0, -24        x10:0000003e
17048550ns          292140 1c008b3c 02500793 addi             x15, x0, 37         x15=00000025
17048570ns          292141 1c008b40 04f50863 beq              x10, x15, 80        x10:0000003e x15:00000025
17048590ns          292142 1c008b44 01a005b3 add              x11, x0, x26        x11=00000002 x26:00000002
17048610ns          292143 1c008b46 000b00e7 jalr             x1, x22, 0           x1=1c008b48 x22:1c008a52
17048649ns          292145 1c008a52 000026b7 lui              x13, 0x2000         x13=00002000
17048669ns          292146 1c008a54 f14027f3 csrrs            x15, x0, 0xf14      x15=00000000
17048689ns          292147 1c008a58 f8068693 addi             x13, x13, -128      x13=00001f80 x13:00002000
17048709ns          292148 1c008a5c 00379713 slli             x14, x15, 0x3       x14=00000000 x15:00000000
17048729ns          292149 1c008a60 00279793 slli             x15, x15, 0x2       x15=00000000 x15:00000000
17048749ns          292150 1c008a62 00d7f7b3 and              x15, x15, x13       x15=00000000 x15:00000000 x13:00001f80
17048769ns          292151 1c008a64 ee873733 p.bclr           x14, x14, 23, 8     x14=00000000 x14:00000000
17048789ns          292152 1c008a68 1a10f6b7 lui              x13, 0x1a10f000     x13=1a10f000
17048808ns          292153 1c008a6c 0ff57513 andi             x10, x10, 255       x10=0000003e x10:0000003e
17048828ns          292154 1c008a70 00d70733 add              x14, x14, x13       x14=1a10f000 x14:00000000 x13:1a10f000
17048848ns          292155 1c008a72 00a7e723 p.sw             x10, x0(x15)        x10:0000003e x15:00000000  PA:1a10f000
17049166ns          292171 1c008a76 00000513 addi             x10, x0, 0          x10=00000000
17049186ns          292172 1c008a78 00008067 jalr             x0, x1, 0            x1:1c008b48
17049226ns          292174 1c008b48 31f52563 p.beqimm         x10, 778            x10:00000000
17049246ns          292175 1c008b4c 001d8d93 addi             x27, x27, 1         x27=00000021 x27:00000020
17049266ns          292176 1c008b4e 00044503 lbu              x10, 0(x8)          x10=00000020  x8:1c000096  PA:1c000096
17049564ns          292191 1c008b52 00140413 addi             x8, x8, 1            x8=1c000097  x8:1c000096
17049584ns          292192 1c008b54 fe0514e3 bne              x10, x0, -24        x10:00000020
17049644ns          292195 1c008b3c 02500793 addi             x15, x0, 37         x15=00000025
17049664ns          292196 1c008b40 04f50863 beq              x10, x15, 80        x10:00000020 x15:00000025
17049684ns          292197 1c008b44 01a005b3 add              x11, x0, x26        x11=00000002 x26:00000002
17049703ns          292198 1c008b46 000b00e7 jalr             x1, x22, 0           x1=1c008b48 x22:1c008a52
17049743ns          292200 1c008a52 000026b7 lui              x13, 0x2000         x13=00002000
17049763ns          292201 1c008a54 f14027f3 csrrs            x15, x0, 0xf14      x15=00000000
17049783ns          292202 1c008a58 f8068693 addi             x13, x13, -128      x13=00001f80 x13:00002000
17049803ns          292203 1c008a5c 00379713 slli             x14, x15, 0x3       x14=00000000 x15:00000000
17049823ns          292204 1c008a60 00279793 slli             x15, x15, 0x2       x15=00000000 x15:00000000
17049843ns          292205 1c008a62 00d7f7b3 and              x15, x15, x13       x15=00000000 x15:00000000 x13:00001f80
17049863ns          292206 1c008a64 ee873733 p.bclr           x14, x14, 23, 8     x14=00000000 x14:00000000
17049883ns          292207 1c008a68 1a10f6b7 lui              x13, 0x1a10f000     x13=1a10f000
17049902ns          292208 1c008a6c 0ff57513 andi             x10, x10, 255       x10=00000020 x10:00000020
17049922ns          292209 1c008a70 00d70733 add              x14, x14, x13       x14=1a10f000 x14:00000000 x13:1a10f000
17049942ns          292210 1c008a72 00a7e723 p.sw             x10, x0(x15)        x10:00000020 x15:00000000  PA:1a10f000
17050260ns          292226 1c008a76 00000513 addi             x10, x0, 0          x10=00000000
17050280ns          292227 1c008a78 00008067 jalr             x0, x1, 0            x1:1c008b48
17050320ns          292229 1c008b48 31f52563 p.beqimm         x10, 778            x10:00000000
17050340ns          292230 1c008b4c 001d8d93 addi             x27, x27, 1         x27=00000022 x27:00000021
17050360ns          292231 1c008b4e 00044503 lbu              x10, 0(x8)          x10=00000000  x8:1c000097  PA:1c000097
17050658ns          292246 1c008b52 00140413 addi             x8, x8, 1            x8=1c000098  x8:1c000097
17050678ns          292247 1c008b54 fe0514e3 bne              x10, x0, -24        x10:00000000
17050698ns          292248 1c008b56 01b00433 add              x8, x0, x27          x8=00000022 x27:00000022
17050718ns          292249 1c008b58 00800533 add              x10, x0, x8         x10=00000022  x8:00000022
17050738ns          292250 1c008b5a 12c12083 lw               x1, 300(x2)          x1=1c008ae6  x2:10001228  PA:10001354
17050758ns          292251 1c008b5e 12812403 lw               x8, 296(x2)          x8=1c00110c  x2:10001228  PA:10001350
17050778ns          292252 1c008b62 12412483 lw               x9, 292(x2)          x9=00000000  x2:10001228  PA:1000134c
17050797ns          292253 1c008b66 12012903 lw               x18, 288(x2)        x18=1a10b004  x2:10001228  PA:10001348
17050817ns          292254 1c008b6a 11c12983 lw               x19, 284(x2)        x19=00000000  x2:10001228  PA:10001344
17051255ns          292276 1c008b6e 11812a03 lw               x20, 280(x2)        x20=1c001110  x2:10001228  PA:10001340
17051295ns          292278 1c008b72 11412a83 lw               x21, 276(x2)        x21=1c00a000  x2:10001228  PA:1000133c
17051315ns          292279 1c008b76 11012b03 lw               x22, 272(x2)        x22=1c00a000  x2:10001228  PA:10001338
17051335ns          292280 1c008b7a 10c12b83 lw               x23, 268(x2)        x23=1c000000  x2:10001228  PA:10001334
17051772ns          292302 1c008b7e 10812c03 lw               x24, 264(x2)        x24=1c000000  x2:10001228  PA:10001330
17051812ns          292304 1c008b82 10412c83 lw               x25, 260(x2)        x25=1c000000  x2:10001228  PA:1000132c
17051832ns          292305 1c008b86 10012d03 lw               x26, 256(x2)        x26=1c000000  x2:10001228  PA:10001328
17051852ns          292306 1c008b8a 0fc12d83 lw               x27, 252(x2)        x27=1c001104  x2:10001228  PA:10001324
17051872ns          292307 1c008b8c 13010113 addi             x2, x2, 304          x2=10001358  x2:10001228
17051891ns          292308 1c008b8e 00008067 jalr             x0, x1, 0            x1:1c008ae6
17051991ns          292313 1c008ae6 01c12083 lw               x1, 28(x2)           x1=1c009cf4  x2:10001358  PA:10001374
17052031ns          292315 1c008ae8 04010113 addi             x2, x2, 64           x2=10001398  x2:10001358
17052051ns          292316 1c008aea 00008067 jalr             x0, x1, 0            x1:1c009cf4
17052588ns          292343 1c009cf4 00c12703 lw               x14, 12(x2)         x14=00000000  x2:10001398  PA:100013a4
17052627ns          292345 1c009cf6 098b8513 addi             x10, x23, 152       x10=1c000098 x23:1c000000
17052647ns          292346 1c009cfa 00070563 beq              x14, x0, 10         x14:00000000
17053125ns          292370 1c009d04 dbbfe0ef jal              x1, -4678            x1=1c009d08
17053204ns          292374 1c008abe fc010113 addi             x2, x2, -64          x2=10001358  x2:10001398
17053244ns          292376 1c008ac0 02410313 addi             x6, x2, 36           x6=1000137c  x2:10001358
17053264ns          292377 1c008ac4 02c12423 sw               x12, 40(x2)         x12:0000006e  x2:10001358  PA:10001380
17053284ns          292378 1c008ac6 00a00633 add              x12, x0, x10        x12=1c000098 x10:1c000098
17053304ns          292379 1c008ac8 1c009537 lui              x10, 0x1c009000     x10=1c009000
17053324ns          292380 1c008acc 02b12223 sw               x11, 36(x2)         x11:00000002  x2:10001358  PA:1000137c
17053344ns          292381 1c008ace 02d12623 sw               x13, 44(x2)         x13:1a10f000  x2:10001358  PA:10001384
17053363ns          292382 1c008ad0 00200593 addi             x11, x0, 2          x11=00000002
17053383ns          292383 1c008ad2 006006b3 add              x13, x0, x6         x13=1000137c  x6:1000137c
17053403ns          292384 1c008ad4 a5250513 addi             x10, x10, -1454     x10=1c008a52 x10:1c009000
17053423ns          292385 1c008ad8 00112e23 sw               x1, 28(x2)           x1:1c009d08  x2:10001358  PA:10001374
17053443ns          292386 1c008ada 02e12823 sw               x14, 48(x2)         x14:00000000  x2:10001358  PA:10001388
17053463ns          292387 1c008adc 02f12a23 sw               x15, 52(x2)         x15:00000000  x2:10001358  PA:1000138c
17053483ns          292388 1c008ade 03012c23 sw               x16, 56(x2)         x16:1000124c  x2:10001358  PA:10001390
17053503ns          292389 1c008ae0 03112e23 sw               x17, 60(x2)         x17:1c000040  x2:10001358  PA:10001394
17053523ns          292390 1c008ae2 00612623 sw               x6, 12(x2)           x6:1000137c  x2:10001358  PA:10001364
17053542ns          292391 1c008ae4 fbfff0ef jal              x1, -66              x1=1c008ae6
17053622ns          292395 1c008aa2 04a0006f jal              x0, 74             
17053662ns          292397 1c008aec ed010113 addi             x2, x2, -304         x2=10001228  x2:10001358
17053682ns          292398 1c008aee 12812423 sw               x8, 296(x2)          x8:1c00110c  x2:10001228  PA:10001350
17053702ns          292399 1c008af2 00000413 addi             x8, x0, 0            x8=00000000
17053721ns          292400 1c008af4 11612823 sw               x22, 272(x2)        x22:1c00a000  x2:10001228  PA:10001338
17053741ns          292401 1c008af8 11712623 sw               x23, 268(x2)        x23:1c000000  x2:10001228  PA:10001334
17053761ns          292402 1c008afc 11812423 sw               x24, 264(x2)        x24:1c000000  x2:10001228  PA:10001330
17053801ns          292404 1c008b00 11912223 sw               x25, 260(x2)        x25:1c000000  x2:10001228  PA:1000132c
17053841ns          292406 1c008b04 11a12023 sw               x26, 256(x2)        x26:1c000000  x2:10001228  PA:10001328
17053861ns          292407 1c008b08 0fb12e23 sw               x27, 252(x2)        x27:1c001104  x2:10001228  PA:10001324
17053881ns          292408 1c008b0a 12112623 sw               x1, 300(x2)          x1:1c008ae6  x2:10001228  PA:10001354
17053900ns          292409 1c008b0e 00800db3 add              x27, x0, x8         x27=00000000  x8:00000000
17053940ns          292411 1c008b10 12912223 sw               x9, 292(x2)          x9:00000000  x2:10001228  PA:1000134c
17053980ns          292413 1c008b14 13212023 sw               x18, 288(x2)        x18:1a10b004  x2:10001228  PA:10001348
17054000ns          292414 1c008b18 11312e23 sw               x19, 284(x2)        x19:00000000  x2:10001228  PA:10001344
17054020ns          292415 1c008b1c 11412c23 sw               x20, 280(x2)        x20:1c001110  x2:10001228  PA:10001340
17054040ns          292416 1c008b20 11512a23 sw               x21, 276(x2)        x21:1c00a000  x2:10001228  PA:1000133c
17054060ns          292417 1c008b24 00a00b33 add              x22, x0, x10        x22=1c008a52 x10:1c008a52
17054079ns          292418 1c008b26 00b00d33 add              x26, x0, x11        x26=00000002 x11:00000002
17054099ns          292419 1c008b28 00d00c33 add              x24, x0, x13        x24=1000137c x13:1000137c
17054119ns          292420 1c008b2a 1c000bb7 lui              x23, 0x1c000000     x23=1c000000
17054139ns          292421 1c008b2e 02410c93 addi             x25, x2, 36         x25=1000124c  x2:10001228
17054159ns          292422 1c008b32 00c00433 add              x8, x0, x12          x8=1c000098 x12:1c000098
17054179ns          292423 1c008b34 00044503 lbu              x10, 0(x8)          x10=00000073  x8:1c000098  PA:1c000098
17054477ns          292438 1c008b38 00140413 addi             x8, x8, 1            x8=1c000099  x8:1c000098
17054497ns          292439 1c008b3a 00050e63 beq              x10, x0, 28         x10:00000073
17054517ns          292440 1c008b3c 02500793 addi             x15, x0, 37         x15=00000025
17054537ns          292441 1c008b40 04f50863 beq              x10, x15, 80        x10:00000073 x15:00000025
17054557ns          292442 1c008b44 01a005b3 add              x11, x0, x26        x11=00000002 x26:00000002
17054577ns          292443 1c008b46 000b00e7 jalr             x1, x22, 0           x1=1c008b48 x22:1c008a52
17054676ns          292448 1c008a52 000026b7 lui              x13, 0x2000         x13=00002000
17054696ns          292449 1c008a54 f14027f3 csrrs            x15, x0, 0xf14      x15=00000000
17054716ns          292450 1c008a58 f8068693 addi             x13, x13, -128      x13=00001f80 x13:00002000
17054736ns          292451 1c008a5c 00379713 slli             x14, x15, 0x3       x14=00000000 x15:00000000
17054756ns          292452 1c008a60 00279793 slli             x15, x15, 0x2       x15=00000000 x15:00000000
17054776ns          292453 1c008a62 00d7f7b3 and              x15, x15, x13       x15=00000000 x15:00000000 x13:00001f80
17054796ns          292454 1c008a64 ee873733 p.bclr           x14, x14, 23, 8     x14=00000000 x14:00000000
17054815ns          292455 1c008a68 1a10f6b7 lui              x13, 0x1a10f000     x13=1a10f000
17054835ns          292456 1c008a6c 0ff57513 andi             x10, x10, 255       x10=00000073 x10:00000073
17054875ns          292458 1c008a70 00d70733 add              x14, x14, x13       x14=1a10f000 x14:00000000 x13:1a10f000
17054915ns          292460 1c008a72 00a7e723 p.sw             x10, x0(x15)        x10:00000073 x15:00000000  PA:1a10f000
17055233ns          292476 1c008a76 00000513 addi             x10, x0, 0          x10=00000000
17055253ns          292477 1c008a78 00008067 jalr             x0, x1, 0            x1:1c008b48
17055293ns          292479 1c008b48 31f52563 p.beqimm         x10, 778            x10:00000000
17055313ns          292480 1c008b4c 001d8d93 addi             x27, x27, 1         x27=00000001 x27:00000000
17055333ns          292481 1c008b4e 00044503 lbu              x10, 0(x8)          x10=00000075  x8:1c000099  PA:1c000099
17055631ns          292496 1c008b52 00140413 addi             x8, x8, 1            x8=1c00009a  x8:1c000099
17055651ns          292497 1c008b54 fe0514e3 bne              x10, x0, -24        x10:00000075
17055711ns          292500 1c008b3c 02500793 addi             x15, x0, 37         x15=00000025
17055730ns          292501 1c008b40 04f50863 beq              x10, x15, 80        x10:00000075 x15:00000025
17055750ns          292502 1c008b44 01a005b3 add              x11, x0, x26        x11=00000002 x26:00000002
17055770ns          292503 1c008b46 000b00e7 jalr             x1, x22, 0           x1=1c008b48 x22:1c008a52
17055810ns          292505 1c008a52 000026b7 lui              x13, 0x2000         x13=00002000
17055830ns          292506 1c008a54 f14027f3 csrrs            x15, x0, 0xf14      x15=00000000
17055850ns          292507 1c008a58 f8068693 addi             x13, x13, -128      x13=00001f80 x13:00002000
17055870ns          292508 1c008a5c 00379713 slli             x14, x15, 0x3       x14=00000000 x15:00000000
17055890ns          292509 1c008a60 00279793 slli             x15, x15, 0x2       x15=00000000 x15:00000000
17055909ns          292510 1c008a62 00d7f7b3 and              x15, x15, x13       x15=00000000 x15:00000000 x13:00001f80
17055929ns          292511 1c008a64 ee873733 p.bclr           x14, x14, 23, 8     x14=00000000 x14:00000000
17055949ns          292512 1c008a68 1a10f6b7 lui              x13, 0x1a10f000     x13=1a10f000
17055969ns          292513 1c008a6c 0ff57513 andi             x10, x10, 255       x10=00000075 x10:00000075
17055989ns          292514 1c008a70 00d70733 add              x14, x14, x13       x14=1a10f000 x14:00000000 x13:1a10f000
17056009ns          292515 1c008a72 00a7e723 p.sw             x10, x0(x15)        x10:00000075 x15:00000000  PA:1a10f000
17056327ns          292531 1c008a76 00000513 addi             x10, x0, 0          x10=00000000
17056347ns          292532 1c008a78 00008067 jalr             x0, x1, 0            x1:1c008b48
17056387ns          292534 1c008b48 31f52563 p.beqimm         x10, 778            x10:00000000
17056407ns          292535 1c008b4c 001d8d93 addi             x27, x27, 1         x27=00000002 x27:00000001
17056427ns          292536 1c008b4e 00044503 lbu              x10, 0(x8)          x10=00000063  x8:1c00009a  PA:1c00009a
17056725ns          292551 1c008b52 00140413 addi             x8, x8, 1            x8=1c00009b  x8:1c00009a
17056745ns          292552 1c008b54 fe0514e3 bne              x10, x0, -24        x10:00000063
17056804ns          292555 1c008b3c 02500793 addi             x15, x0, 37         x15=00000025
17056824ns          292556 1c008b40 04f50863 beq              x10, x15, 80        x10:00000063 x15:00000025
17056844ns          292557 1c008b44 01a005b3 add              x11, x0, x26        x11=00000002 x26:00000002
17056864ns          292558 1c008b46 000b00e7 jalr             x1, x22, 0           x1=1c008b48 x22:1c008a52
17056904ns          292560 1c008a52 000026b7 lui              x13, 0x2000         x13=00002000
17056924ns          292561 1c008a54 f14027f3 csrrs            x15, x0, 0xf14      x15=00000000
17056944ns          292562 1c008a58 f8068693 addi             x13, x13, -128      x13=00001f80 x13:00002000
17056964ns          292563 1c008a5c 00379713 slli             x14, x15, 0x3       x14=00000000 x15:00000000
17056984ns          292564 1c008a60 00279793 slli             x15, x15, 0x2       x15=00000000 x15:00000000
17057003ns          292565 1c008a62 00d7f7b3 and              x15, x15, x13       x15=00000000 x15:00000000 x13:00001f80
17057023ns          292566 1c008a64 ee873733 p.bclr           x14, x14, 23, 8     x14=00000000 x14:00000000
17057043ns          292567 1c008a68 1a10f6b7 lui              x13, 0x1a10f000     x13=1a10f000
17057063ns          292568 1c008a6c 0ff57513 andi             x10, x10, 255       x10=00000063 x10:00000063
17057083ns          292569 1c008a70 00d70733 add              x14, x14, x13       x14=1a10f000 x14:00000000 x13:1a10f000
17057103ns          292570 1c008a72 00a7e723 p.sw             x10, x0(x15)        x10:00000063 x15:00000000  PA:1a10f000
17057421ns          292586 1c008a76 00000513 addi             x10, x0, 0          x10=00000000
17057441ns          292587 1c008a78 00008067 jalr             x0, x1, 0            x1:1c008b48
17057481ns          292589 1c008b48 31f52563 p.beqimm         x10, 778            x10:00000000
17057501ns          292590 1c008b4c 001d8d93 addi             x27, x27, 1         x27=00000003 x27:00000002
17057521ns          292591 1c008b4e 00044503 lbu              x10, 0(x8)          x10=00000063  x8:1c00009b  PA:1c00009b
17057819ns          292606 1c008b52 00140413 addi             x8, x8, 1            x8=1c00009c  x8:1c00009b
17057839ns          292607 1c008b54 fe0514e3 bne              x10, x0, -24        x10:00000063
17057898ns          292610 1c008b3c 02500793 addi             x15, x0, 37         x15=00000025
17057918ns          292611 1c008b40 04f50863 beq              x10, x15, 80        x10:00000063 x15:00000025
17057938ns          292612 1c008b44 01a005b3 add              x11, x0, x26        x11=00000002 x26:00000002
17057958ns          292613 1c008b46 000b00e7 jalr             x1, x22, 0           x1=1c008b48 x22:1c008a52
17057998ns          292615 1c008a52 000026b7 lui              x13, 0x2000         x13=00002000
17058018ns          292616 1c008a54 f14027f3 csrrs            x15, x0, 0xf14      x15=00000000
17058038ns          292617 1c008a58 f8068693 addi             x13, x13, -128      x13=00001f80 x13:00002000
17058058ns          292618 1c008a5c 00379713 slli             x14, x15, 0x3       x14=00000000 x15:00000000
17058078ns          292619 1c008a60 00279793 slli             x15, x15, 0x2       x15=00000000 x15:00000000
17058097ns          292620 1c008a62 00d7f7b3 and              x15, x15, x13       x15=00000000 x15:00000000 x13:00001f80
17058117ns          292621 1c008a64 ee873733 p.bclr           x14, x14, 23, 8     x14=00000000 x14:00000000
17058137ns          292622 1c008a68 1a10f6b7 lui              x13, 0x1a10f000     x13=1a10f000
17058157ns          292623 1c008a6c 0ff57513 andi             x10, x10, 255       x10=00000063 x10:00000063
17058177ns          292624 1c008a70 00d70733 add              x14, x14, x13       x14=1a10f000 x14:00000000 x13:1a10f000
17058197ns          292625 1c008a72 00a7e723 p.sw             x10, x0(x15)        x10:00000063 x15:00000000  PA:1a10f000
17058515ns          292641 1c008a76 00000513 addi             x10, x0, 0          x10=00000000
17058535ns          292642 1c008a78 00008067 jalr             x0, x1, 0            x1:1c008b48
17058575ns          292644 1c008b48 31f52563 p.beqimm         x10, 778            x10:00000000
17058595ns          292645 1c008b4c 001d8d93 addi             x27, x27, 1         x27=00000004 x27:00000003
17058615ns          292646 1c008b4e 00044503 lbu              x10, 0(x8)          x10=00000065  x8:1c00009c  PA:1c00009c
17058913ns          292661 1c008b52 00140413 addi             x8, x8, 1            x8=1c00009d  x8:1c00009c
17058933ns          292662 1c008b54 fe0514e3 bne              x10, x0, -24        x10:00000065
17058992ns          292665 1c008b3c 02500793 addi             x15, x0, 37         x15=00000025
17059012ns          292666 1c008b40 04f50863 beq              x10, x15, 80        x10:00000065 x15:00000025
17059032ns          292667 1c008b44 01a005b3 add              x11, x0, x26        x11=00000002 x26:00000002
17059052ns          292668 1c008b46 000b00e7 jalr             x1, x22, 0           x1=1c008b48 x22:1c008a52
17059092ns          292670 1c008a52 000026b7 lui              x13, 0x2000         x13=00002000
17059112ns          292671 1c008a54 f14027f3 csrrs            x15, x0, 0xf14      x15=00000000
17059132ns          292672 1c008a58 f8068693 addi             x13, x13, -128      x13=00001f80 x13:00002000
17059152ns          292673 1c008a5c 00379713 slli             x14, x15, 0x3       x14=00000000 x15:00000000
17059171ns          292674 1c008a60 00279793 slli             x15, x15, 0x2       x15=00000000 x15:00000000
17059191ns          292675 1c008a62 00d7f7b3 and              x15, x15, x13       x15=00000000 x15:00000000 x13:00001f80
17059211ns          292676 1c008a64 ee873733 p.bclr           x14, x14, 23, 8     x14=00000000 x14:00000000
17059231ns          292677 1c008a68 1a10f6b7 lui              x13, 0x1a10f000     x13=1a10f000
17059251ns          292678 1c008a6c 0ff57513 andi             x10, x10, 255       x10=00000065 x10:00000065
17059271ns          292679 1c008a70 00d70733 add              x14, x14, x13       x14=1a10f000 x14:00000000 x13:1a10f000
17059291ns          292680 1c008a72 00a7e723 p.sw             x10, x0(x15)        x10:00000065 x15:00000000  PA:1a10f000
17059609ns          292696 1c008a76 00000513 addi             x10, x0, 0          x10=00000000
17059629ns          292697 1c008a78 00008067 jalr             x0, x1, 0            x1:1c008b48
17059669ns          292699 1c008b48 31f52563 p.beqimm         x10, 778            x10:00000000
17059689ns          292700 1c008b4c 001d8d93 addi             x27, x27, 1         x27=00000005 x27:00000004
17059709ns          292701 1c008b4e 00044503 lbu              x10, 0(x8)          x10=00000073  x8:1c00009d  PA:1c00009d
17060027ns          292717 1c008b52 00140413 addi             x8, x8, 1            x8=1c00009e  x8:1c00009d
17060047ns          292718 1c008b54 fe0514e3 bne              x10, x0, -24        x10:00000073
17060106ns          292721 1c008b3c 02500793 addi             x15, x0, 37         x15=00000025
17060126ns          292722 1c008b40 04f50863 beq              x10, x15, 80        x10:00000073 x15:00000025
17060146ns          292723 1c008b44 01a005b3 add              x11, x0, x26        x11=00000002 x26:00000002
17060166ns          292724 1c008b46 000b00e7 jalr             x1, x22, 0           x1=1c008b48 x22:1c008a52
17060206ns          292726 1c008a52 000026b7 lui              x13, 0x2000         x13=00002000
17060226ns          292727 1c008a54 f14027f3 csrrs            x15, x0, 0xf14      x15=00000000
17060246ns          292728 1c008a58 f8068693 addi             x13, x13, -128      x13=00001f80 x13:00002000
17060265ns          292729 1c008a5c 00379713 slli             x14, x15, 0x3       x14=00000000 x15:00000000
17060285ns          292730 1c008a60 00279793 slli             x15, x15, 0x2       x15=00000000 x15:00000000
17060305ns          292731 1c008a62 00d7f7b3 and              x15, x15, x13       x15=00000000 x15:00000000 x13:00001f80
17060325ns          292732 1c008a64 ee873733 p.bclr           x14, x14, 23, 8     x14=00000000 x14:00000000
17060345ns          292733 1c008a68 1a10f6b7 lui              x13, 0x1a10f000     x13=1a10f000
17060365ns          292734 1c008a6c 0ff57513 andi             x10, x10, 255       x10=00000073 x10:00000073
17060385ns          292735 1c008a70 00d70733 add              x14, x14, x13       x14=1a10f000 x14:00000000 x13:1a10f000
17060405ns          292736 1c008a72 00a7e723 p.sw             x10, x0(x15)        x10:00000073 x15:00000000  PA:1a10f000
17060723ns          292752 1c008a76 00000513 addi             x10, x0, 0          x10=00000000
17060743ns          292753 1c008a78 00008067 jalr             x0, x1, 0            x1:1c008b48
17060783ns          292755 1c008b48 31f52563 p.beqimm         x10, 778            x10:00000000
17060803ns          292756 1c008b4c 001d8d93 addi             x27, x27, 1         x27=00000006 x27:00000005
17060822ns          292757 1c008b4e 00044503 lbu              x10, 0(x8)          x10=00000073  x8:1c00009e  PA:1c00009e
17061141ns          292773 1c008b52 00140413 addi             x8, x8, 1            x8=1c00009f  x8:1c00009e
17061161ns          292774 1c008b54 fe0514e3 bne              x10, x0, -24        x10:00000073
17061220ns          292777 1c008b3c 02500793 addi             x15, x0, 37         x15=00000025
17061240ns          292778 1c008b40 04f50863 beq              x10, x15, 80        x10:00000073 x15:00000025
17061260ns          292779 1c008b44 01a005b3 add              x11, x0, x26        x11=00000002 x26:00000002
17061280ns          292780 1c008b46 000b00e7 jalr             x1, x22, 0           x1=1c008b48 x22:1c008a52
17061320ns          292782 1c008a52 000026b7 lui              x13, 0x2000         x13=00002000
17061340ns          292783 1c008a54 f14027f3 csrrs            x15, x0, 0xf14      x15=00000000
17061359ns          292784 1c008a58 f8068693 addi             x13, x13, -128      x13=00001f80 x13:00002000
17061379ns          292785 1c008a5c 00379713 slli             x14, x15, 0x3       x14=00000000 x15:00000000
17061399ns          292786 1c008a60 00279793 slli             x15, x15, 0x2       x15=00000000 x15:00000000
17061419ns          292787 1c008a62 00d7f7b3 and              x15, x15, x13       x15=00000000 x15:00000000 x13:00001f80
17061439ns          292788 1c008a64 ee873733 p.bclr           x14, x14, 23, 8     x14=00000000 x14:00000000
17061459ns          292789 1c008a68 1a10f6b7 lui              x13, 0x1a10f000     x13=1a10f000
17061479ns          292790 1c008a6c 0ff57513 andi             x10, x10, 255       x10=00000073 x10:00000073
17061499ns          292791 1c008a70 00d70733 add              x14, x14, x13       x14=1a10f000 x14:00000000 x13:1a10f000
17061519ns          292792 1c008a72 00a7e723 p.sw             x10, x0(x15)        x10:00000073 x15:00000000  PA:1a10f000
17061837ns          292808 1c008a76 00000513 addi             x10, x0, 0          x10=00000000
17061857ns          292809 1c008a78 00008067 jalr             x0, x1, 0            x1:1c008b48
17061897ns          292811 1c008b48 31f52563 p.beqimm         x10, 778            x10:00000000
17061916ns          292812 1c008b4c 001d8d93 addi             x27, x27, 1         x27=00000007 x27:00000006
17061936ns          292813 1c008b4e 00044503 lbu              x10, 0(x8)          x10=0000002c  x8:1c00009f  PA:1c00009f
17062235ns          292828 1c008b52 00140413 addi             x8, x8, 1            x8=1c0000a0  x8:1c00009f
17062255ns          292829 1c008b54 fe0514e3 bne              x10, x0, -24        x10:0000002c
17062314ns          292832 1c008b3c 02500793 addi             x15, x0, 37         x15=00000025
17062334ns          292833 1c008b40 04f50863 beq              x10, x15, 80        x10:0000002c x15:00000025
17062354ns          292834 1c008b44 01a005b3 add              x11, x0, x26        x11=00000002 x26:00000002
17062374ns          292835 1c008b46 000b00e7 jalr             x1, x22, 0           x1=1c008b48 x22:1c008a52
17062414ns          292837 1c008a52 000026b7 lui              x13, 0x2000         x13=00002000
17062434ns          292838 1c008a54 f14027f3 csrrs            x15, x0, 0xf14      x15=00000000
17062453ns          292839 1c008a58 f8068693 addi             x13, x13, -128      x13=00001f80 x13:00002000
17062473ns          292840 1c008a5c 00379713 slli             x14, x15, 0x3       x14=00000000 x15:00000000
17062493ns          292841 1c008a60 00279793 slli             x15, x15, 0x2       x15=00000000 x15:00000000
17062513ns          292842 1c008a62 00d7f7b3 and              x15, x15, x13       x15=00000000 x15:00000000 x13:00001f80
17062533ns          292843 1c008a64 ee873733 p.bclr           x14, x14, 23, 8     x14=00000000 x14:00000000
17062553ns          292844 1c008a68 1a10f6b7 lui              x13, 0x1a10f000     x13=1a10f000
17062573ns          292845 1c008a6c 0ff57513 andi             x10, x10, 255       x10=0000002c x10:0000002c
17062593ns          292846 1c008a70 00d70733 add              x14, x14, x13       x14=1a10f000 x14:00000000 x13:1a10f000
17062613ns          292847 1c008a72 00a7e723 p.sw             x10, x0(x15)        x10:0000002c x15:00000000  PA:1a10f000
17062931ns          292863 1c008a76 00000513 addi             x10, x0, 0          x10=00000000
17062951ns          292864 1c008a78 00008067 jalr             x0, x1, 0            x1:1c008b48
17062991ns          292866 1c008b48 31f52563 p.beqimm         x10, 778            x10:00000000
17063010ns          292867 1c008b4c 001d8d93 addi             x27, x27, 1         x27=00000008 x27:00000007
17063030ns          292868 1c008b4e 00044503 lbu              x10, 0(x8)          x10=00000020  x8:1c0000a0  PA:1c0000a0
17063349ns          292884 1c008b52 00140413 addi             x8, x8, 1            x8=1c0000a1  x8:1c0000a0
17063368ns          292885 1c008b54 fe0514e3 bne              x10, x0, -24        x10:00000020
17063428ns          292888 1c008b3c 02500793 addi             x15, x0, 37         x15=00000025
17063448ns          292889 1c008b40 04f50863 beq              x10, x15, 80        x10:00000020 x15:00000025
17063468ns          292890 1c008b44 01a005b3 add              x11, x0, x26        x11=00000002 x26:00000002
17063488ns          292891 1c008b46 000b00e7 jalr             x1, x22, 0           x1=1c008b48 x22:1c008a52
17063528ns          292893 1c008a52 000026b7 lui              x13, 0x2000         x13=00002000
17063547ns          292894 1c008a54 f14027f3 csrrs            x15, x0, 0xf14      x15=00000000
17063567ns          292895 1c008a58 f8068693 addi             x13, x13, -128      x13=00001f80 x13:00002000
17063587ns          292896 1c008a5c 00379713 slli             x14, x15, 0x3       x14=00000000 x15:00000000
17063607ns          292897 1c008a60 00279793 slli             x15, x15, 0x2       x15=00000000 x15:00000000
17063627ns          292898 1c008a62 00d7f7b3 and              x15, x15, x13       x15=00000000 x15:00000000 x13:00001f80
17063647ns          292899 1c008a64 ee873733 p.bclr           x14, x14, 23, 8     x14=00000000 x14:00000000
17063667ns          292900 1c008a68 1a10f6b7 lui              x13, 0x1a10f000     x13=1a10f000
17063687ns          292901 1c008a6c 0ff57513 andi             x10, x10, 255       x10=00000020 x10:00000020
17063707ns          292902 1c008a70 00d70733 add              x14, x14, x13       x14=1a10f000 x14:00000000 x13:1a10f000
17063726ns          292903 1c008a72 00a7e723 p.sw             x10, x0(x15)        x10:00000020 x15:00000000  PA:1a10f000
17064045ns          292919 1c008a76 00000513 addi             x10, x0, 0          x10=00000000
17064065ns          292920 1c008a78 00008067 jalr             x0, x1, 0            x1:1c008b48
17064104ns          292922 1c008b48 31f52563 p.beqimm         x10, 778            x10:00000000
17064124ns          292923 1c008b4c 001d8d93 addi             x27, x27, 1         x27=00000009 x27:00000008
17064144ns          292924 1c008b4e 00044503 lbu              x10, 0(x8)          x10=00000000  x8:1c0000a1  PA:1c0000a1
17064443ns          292939 1c008b52 00140413 addi             x8, x8, 1            x8=1c0000a2  x8:1c0000a1
17064462ns          292940 1c008b54 fe0514e3 bne              x10, x0, -24        x10:00000000
17064482ns          292941 1c008b56 01b00433 add              x8, x0, x27          x8=00000009 x27:00000009
17064502ns          292942 1c008b58 00800533 add              x10, x0, x8         x10=00000009  x8:00000009
17064522ns          292943 1c008b5a 12c12083 lw               x1, 300(x2)          x1=1c008ae6  x2:10001228  PA:10001354
17064542ns          292944 1c008b5e 12812403 lw               x8, 296(x2)          x8=1c00110c  x2:10001228  PA:10001350
17064562ns          292945 1c008b62 12412483 lw               x9, 292(x2)          x9=00000000  x2:10001228  PA:1000134c
17064582ns          292946 1c008b66 12012903 lw               x18, 288(x2)        x18=1a10b004  x2:10001228  PA:10001348
17064602ns          292947 1c008b6a 11c12983 lw               x19, 284(x2)        x19=00000000  x2:10001228  PA:10001344
17064622ns          292948 1c008b6e 11812a03 lw               x20, 280(x2)        x20=1c001110  x2:10001228  PA:10001340
17064641ns          292949 1c008b72 11412a83 lw               x21, 276(x2)        x21=1c00a000  x2:10001228  PA:1000133c
17064661ns          292950 1c008b76 11012b03 lw               x22, 272(x2)        x22=1c00a000  x2:10001228  PA:10001338
17064681ns          292951 1c008b7a 10c12b83 lw               x23, 268(x2)        x23=1c000000  x2:10001228  PA:10001334
17064701ns          292952 1c008b7e 10812c03 lw               x24, 264(x2)        x24=1c000000  x2:10001228  PA:10001330
17064721ns          292953 1c008b82 10412c83 lw               x25, 260(x2)        x25=1c000000  x2:10001228  PA:1000132c
17064741ns          292954 1c008b86 10012d03 lw               x26, 256(x2)        x26=1c000000  x2:10001228  PA:10001328
17064761ns          292955 1c008b8a 0fc12d83 lw               x27, 252(x2)        x27=1c001104  x2:10001228  PA:10001324
17064781ns          292956 1c008b8c 13010113 addi             x2, x2, 304          x2=10001358  x2:10001228
17064801ns          292957 1c008b8e 00008067 jalr             x0, x1, 0            x1:1c008ae6
17064840ns          292959 1c008ae6 01c12083 lw               x1, 28(x2)           x1=1c009d08  x2:10001358  PA:10001374
17064860ns          292960 1c008ae8 04010113 addi             x2, x2, 64           x2=10001398  x2:10001358
17064900ns          292962 1c008aea 00008067 jalr             x0, x1, 0            x1:1c009d08
17064940ns          292964 1c009d08 00c12583 lw               x11, 12(x2)         x11=00000000  x2:10001398  PA:100013a4
17064960ns          292965 1c009d0a 0acc8513 addi             x10, x25, 172       x10=1c0000ac x25:1c000000
17065397ns          292987 1c009d0e db1fe0ef jal              x1, -4688            x1=1c009d12
17065437ns          292989 1c008abe fc010113 addi             x2, x2, -64          x2=10001358  x2:10001398
17065457ns          292990 1c008ac0 02410313 addi             x6, x2, 36           x6=1000137c  x2:10001358
17065477ns          292991 1c008ac4 02c12423 sw               x12, 40(x2)         x12:1c000098  x2:10001358  PA:10001380
17065497ns          292992 1c008ac6 00a00633 add              x12, x0, x10        x12=1c0000ac x10:1c0000ac
17065517ns          292993 1c008ac8 1c009537 lui              x10, 0x1c009000     x10=1c009000
17065537ns          292994 1c008acc 02b12223 sw               x11, 36(x2)         x11:00000000  x2:10001358  PA:1000137c
17065556ns          292995 1c008ace 02d12623 sw               x13, 44(x2)         x13:1a10f000  x2:10001358  PA:10001384
17065576ns          292996 1c008ad0 00200593 addi             x11, x0, 2          x11=00000002
17065596ns          292997 1c008ad2 006006b3 add              x13, x0, x6         x13=1000137c  x6:1000137c
17065616ns          292998 1c008ad4 a5250513 addi             x10, x10, -1454     x10=1c008a52 x10:1c009000
17065636ns          292999 1c008ad8 00112e23 sw               x1, 28(x2)           x1:1c009d12  x2:10001358  PA:10001374
17065656ns          293000 1c008ada 02e12823 sw               x14, 48(x2)         x14:1a10f000  x2:10001358  PA:10001388
17065676ns          293001 1c008adc 02f12a23 sw               x15, 52(x2)         x15:00000000  x2:10001358  PA:1000138c
17065696ns          293002 1c008ade 03012c23 sw               x16, 56(x2)         x16:1000124c  x2:10001358  PA:10001390
17065716ns          293003 1c008ae0 03112e23 sw               x17, 60(x2)         x17:1c000040  x2:10001358  PA:10001394
17065735ns          293004 1c008ae2 00612623 sw               x6, 12(x2)           x6:1000137c  x2:10001358  PA:10001364
17065755ns          293005 1c008ae4 fbfff0ef jal              x1, -66              x1=1c008ae6
17065795ns          293007 1c008aa2 04a0006f jal              x0, 74             
17065835ns          293009 1c008aec ed010113 addi             x2, x2, -304         x2=10001228  x2:10001358
17065855ns          293010 1c008aee 12812423 sw               x8, 296(x2)          x8:1c00110c  x2:10001228  PA:10001350
17065875ns          293011 1c008af2 00000413 addi             x8, x0, 0            x8=00000000
17065895ns          293012 1c008af4 11612823 sw               x22, 272(x2)        x22:1c00a000  x2:10001228  PA:10001338
17065914ns          293013 1c008af8 11712623 sw               x23, 268(x2)        x23:1c000000  x2:10001228  PA:10001334
17065934ns          293014 1c008afc 11812423 sw               x24, 264(x2)        x24:1c000000  x2:10001228  PA:10001330
17065954ns          293015 1c008b00 11912223 sw               x25, 260(x2)        x25:1c000000  x2:10001228  PA:1000132c
17065974ns          293016 1c008b04 11a12023 sw               x26, 256(x2)        x26:1c000000  x2:10001228  PA:10001328
17065994ns          293017 1c008b08 0fb12e23 sw               x27, 252(x2)        x27:1c001104  x2:10001228  PA:10001324
17066014ns          293018 1c008b0a 12112623 sw               x1, 300(x2)          x1:1c008ae6  x2:10001228  PA:10001354
17066034ns          293019 1c008b0e 00800db3 add              x27, x0, x8         x27=00000000  x8:00000000
17066054ns          293020 1c008b10 12912223 sw               x9, 292(x2)          x9:00000000  x2:10001228  PA:1000134c
17066074ns          293021 1c008b14 13212023 sw               x18, 288(x2)        x18:1a10b004  x2:10001228  PA:10001348
17066093ns          293022 1c008b18 11312e23 sw               x19, 284(x2)        x19:00000000  x2:10001228  PA:10001344
17066113ns          293023 1c008b1c 11412c23 sw               x20, 280(x2)        x20:1c001110  x2:10001228  PA:10001340
17066133ns          293024 1c008b20 11512a23 sw               x21, 276(x2)        x21:1c00a000  x2:10001228  PA:1000133c
17066153ns          293025 1c008b24 00a00b33 add              x22, x0, x10        x22=1c008a52 x10:1c008a52
17066173ns          293026 1c008b26 00b00d33 add              x26, x0, x11        x26=00000002 x11:00000002
17066193ns          293027 1c008b28 00d00c33 add              x24, x0, x13        x24=1000137c x13:1000137c
17066213ns          293028 1c008b2a 1c000bb7 lui              x23, 0x1c000000     x23=1c000000
17066233ns          293029 1c008b2e 02410c93 addi             x25, x2, 36         x25=1000124c  x2:10001228
17066253ns          293030 1c008b32 00c00433 add              x8, x0, x12          x8=1c0000ac x12:1c0000ac
17066272ns          293031 1c008b34 00044503 lbu              x10, 0(x8)          x10=0000006e  x8:1c0000ac  PA:1c0000ac
17066571ns          293046 1c008b38 00140413 addi             x8, x8, 1            x8=1c0000ad  x8:1c0000ac
17066591ns          293047 1c008b3a 00050e63 beq              x10, x0, 28         x10:0000006e
17066611ns          293048 1c008b3c 02500793 addi             x15, x0, 37         x15=00000025
17066631ns          293049 1c008b40 04f50863 beq              x10, x15, 80        x10:0000006e x15:00000025
17066650ns          293050 1c008b44 01a005b3 add              x11, x0, x26        x11=00000002 x26:00000002
17066670ns          293051 1c008b46 000b00e7 jalr             x1, x22, 0           x1=1c008b48 x22:1c008a52
17066710ns          293053 1c008a52 000026b7 lui              x13, 0x2000         x13=00002000
17066730ns          293054 1c008a54 f14027f3 csrrs            x15, x0, 0xf14      x15=00000000
17066750ns          293055 1c008a58 f8068693 addi             x13, x13, -128      x13=00001f80 x13:00002000
17066770ns          293056 1c008a5c 00379713 slli             x14, x15, 0x3       x14=00000000 x15:00000000
17066790ns          293057 1c008a60 00279793 slli             x15, x15, 0x2       x15=00000000 x15:00000000
17066810ns          293058 1c008a62 00d7f7b3 and              x15, x15, x13       x15=00000000 x15:00000000 x13:00001f80
17066829ns          293059 1c008a64 ee873733 p.bclr           x14, x14, 23, 8     x14=00000000 x14:00000000
17066849ns          293060 1c008a68 1a10f6b7 lui              x13, 0x1a10f000     x13=1a10f000
17066869ns          293061 1c008a6c 0ff57513 andi             x10, x10, 255       x10=0000006e x10:0000006e
17066889ns          293062 1c008a70 00d70733 add              x14, x14, x13       x14=1a10f000 x14:00000000 x13:1a10f000
17066909ns          293063 1c008a72 00a7e723 p.sw             x10, x0(x15)        x10:0000006e x15:00000000  PA:1a10f000
17067227ns          293079 1c008a76 00000513 addi             x10, x0, 0          x10=00000000
17067247ns          293080 1c008a78 00008067 jalr             x0, x1, 0            x1:1c008b48
17067287ns          293082 1c008b48 31f52563 p.beqimm         x10, 778            x10:00000000
17067307ns          293083 1c008b4c 001d8d93 addi             x27, x27, 1         x27=00000001 x27:00000000
17067327ns          293084 1c008b4e 00044503 lbu              x10, 0(x8)          x10=00000072  x8:1c0000ad  PA:1c0000ad
17067625ns          293099 1c008b52 00140413 addi             x8, x8, 1            x8=1c0000ae  x8:1c0000ad
17067645ns          293100 1c008b54 fe0514e3 bne              x10, x0, -24        x10:00000072
17067705ns          293103 1c008b3c 02500793 addi             x15, x0, 37         x15=00000025
17067725ns          293104 1c008b40 04f50863 beq              x10, x15, 80        x10:00000072 x15:00000025
17067744ns          293105 1c008b44 01a005b3 add              x11, x0, x26        x11=00000002 x26:00000002
17067764ns          293106 1c008b46 000b00e7 jalr             x1, x22, 0           x1=1c008b48 x22:1c008a52
17067804ns          293108 1c008a52 000026b7 lui              x13, 0x2000         x13=00002000
17067824ns          293109 1c008a54 f14027f3 csrrs            x15, x0, 0xf14      x15=00000000
17067844ns          293110 1c008a58 f8068693 addi             x13, x13, -128      x13=00001f80 x13:00002000
17067864ns          293111 1c008a5c 00379713 slli             x14, x15, 0x3       x14=00000000 x15:00000000
17067884ns          293112 1c008a60 00279793 slli             x15, x15, 0x2       x15=00000000 x15:00000000
17067904ns          293113 1c008a62 00d7f7b3 and              x15, x15, x13       x15=00000000 x15:00000000 x13:00001f80
17067923ns          293114 1c008a64 ee873733 p.bclr           x14, x14, 23, 8     x14=00000000 x14:00000000
17067943ns          293115 1c008a68 1a10f6b7 lui              x13, 0x1a10f000     x13=1a10f000
17067963ns          293116 1c008a6c 0ff57513 andi             x10, x10, 255       x10=00000072 x10:00000072
17067983ns          293117 1c008a70 00d70733 add              x14, x14, x13       x14=1a10f000 x14:00000000 x13:1a10f000
17068003ns          293118 1c008a72 00a7e723 p.sw             x10, x0(x15)        x10:00000072 x15:00000000  PA:1a10f000
17068321ns          293134 1c008a76 00000513 addi             x10, x0, 0          x10=00000000
17068341ns          293135 1c008a78 00008067 jalr             x0, x1, 0            x1:1c008b48
17068381ns          293137 1c008b48 31f52563 p.beqimm         x10, 778            x10:00000000
17068401ns          293138 1c008b4c 001d8d93 addi             x27, x27, 1         x27=00000002 x27:00000001
17068421ns          293139 1c008b4e 00044503 lbu              x10, 0(x8)          x10=0000002e  x8:1c0000ae  PA:1c0000ae
17068739ns          293155 1c008b52 00140413 addi             x8, x8, 1            x8=1c0000af  x8:1c0000ae
17068759ns          293156 1c008b54 fe0514e3 bne              x10, x0, -24        x10:0000002e
17068819ns          293159 1c008b3c 02500793 addi             x15, x0, 37         x15=00000025
17068838ns          293160 1c008b40 04f50863 beq              x10, x15, 80        x10:0000002e x15:00000025
17068858ns          293161 1c008b44 01a005b3 add              x11, x0, x26        x11=00000002 x26:00000002
17068878ns          293162 1c008b46 000b00e7 jalr             x1, x22, 0           x1=1c008b48 x22:1c008a52
17068918ns          293164 1c008a52 000026b7 lui              x13, 0x2000         x13=00002000
17068938ns          293165 1c008a54 f14027f3 csrrs            x15, x0, 0xf14      x15=00000000
17068958ns          293166 1c008a58 f8068693 addi             x13, x13, -128      x13=00001f80 x13:00002000
17068978ns          293167 1c008a5c 00379713 slli             x14, x15, 0x3       x14=00000000 x15:00000000
17068998ns          293168 1c008a60 00279793 slli             x15, x15, 0x2       x15=00000000 x15:00000000
17069017ns          293169 1c008a62 00d7f7b3 and              x15, x15, x13       x15=00000000 x15:00000000 x13:00001f80
17069037ns          293170 1c008a64 ee873733 p.bclr           x14, x14, 23, 8     x14=00000000 x14:00000000
17069057ns          293171 1c008a68 1a10f6b7 lui              x13, 0x1a10f000     x13=1a10f000
17069077ns          293172 1c008a6c 0ff57513 andi             x10, x10, 255       x10=0000002e x10:0000002e
17069097ns          293173 1c008a70 00d70733 add              x14, x14, x13       x14=1a10f000 x14:00000000 x13:1a10f000
17069117ns          293174 1c008a72 00a7e723 p.sw             x10, x0(x15)        x10:0000002e x15:00000000  PA:1a10f000
17069435ns          293190 1c008a76 00000513 addi             x10, x0, 0          x10=00000000
17069455ns          293191 1c008a78 00008067 jalr             x0, x1, 0            x1:1c008b48
17069495ns          293193 1c008b48 31f52563 p.beqimm         x10, 778            x10:00000000
17069515ns          293194 1c008b4c 001d8d93 addi             x27, x27, 1         x27=00000003 x27:00000002
17069535ns          293195 1c008b4e 00044503 lbu              x10, 0(x8)          x10=00000020  x8:1c0000af  PA:1c0000af
17069853ns          293211 1c008b52 00140413 addi             x8, x8, 1            x8=1c0000b0  x8:1c0000af
17069873ns          293212 1c008b54 fe0514e3 bne              x10, x0, -24        x10:00000020
17069932ns          293215 1c008b3c 02500793 addi             x15, x0, 37         x15=00000025
17069952ns          293216 1c008b40 04f50863 beq              x10, x15, 80        x10:00000020 x15:00000025
17069972ns          293217 1c008b44 01a005b3 add              x11, x0, x26        x11=00000002 x26:00000002
17069992ns          293218 1c008b46 000b00e7 jalr             x1, x22, 0           x1=1c008b48 x22:1c008a52
17070032ns          293220 1c008a52 000026b7 lui              x13, 0x2000         x13=00002000
17070052ns          293221 1c008a54 f14027f3 csrrs            x15, x0, 0xf14      x15=00000000
17070072ns          293222 1c008a58 f8068693 addi             x13, x13, -128      x13=00001f80 x13:00002000
17070092ns          293223 1c008a5c 00379713 slli             x14, x15, 0x3       x14=00000000 x15:00000000
17070111ns          293224 1c008a60 00279793 slli             x15, x15, 0x2       x15=00000000 x15:00000000
17070131ns          293225 1c008a62 00d7f7b3 and              x15, x15, x13       x15=00000000 x15:00000000 x13:00001f80
17070151ns          293226 1c008a64 ee873733 p.bclr           x14, x14, 23, 8     x14=00000000 x14:00000000
17070171ns          293227 1c008a68 1a10f6b7 lui              x13, 0x1a10f000     x13=1a10f000
17070191ns          293228 1c008a6c 0ff57513 andi             x10, x10, 255       x10=00000020 x10:00000020
17070211ns          293229 1c008a70 00d70733 add              x14, x14, x13       x14=1a10f000 x14:00000000 x13:1a10f000
17070231ns          293230 1c008a72 00a7e723 p.sw             x10, x0(x15)        x10:00000020 x15:00000000  PA:1a10f000
17070549ns          293246 1c008a76 00000513 addi             x10, x0, 0          x10=00000000
17070569ns          293247 1c008a78 00008067 jalr             x0, x1, 0            x1:1c008b48
17070609ns          293249 1c008b48 31f52563 p.beqimm         x10, 778            x10:00000000
17070629ns          293250 1c008b4c 001d8d93 addi             x27, x27, 1         x27=00000004 x27:00000003
17070648ns          293251 1c008b4e 00044503 lbu              x10, 0(x8)          x10=0000006f  x8:1c0000b0  PA:1c0000b0
17070967ns          293267 1c008b52 00140413 addi             x8, x8, 1            x8=1c0000b1  x8:1c0000b0
17070987ns          293268 1c008b54 fe0514e3 bne              x10, x0, -24        x10:0000006f
17071046ns          293271 1c008b3c 02500793 addi             x15, x0, 37         x15=00000025
17071066ns          293272 1c008b40 04f50863 beq              x10, x15, 80        x10:0000006f x15:00000025
17071086ns          293273 1c008b44 01a005b3 add              x11, x0, x26        x11=00000002 x26:00000002
17071106ns          293274 1c008b46 000b00e7 jalr             x1, x22, 0           x1=1c008b48 x22:1c008a52
17071146ns          293276 1c008a52 000026b7 lui              x13, 0x2000         x13=00002000
17071166ns          293277 1c008a54 f14027f3 csrrs            x15, x0, 0xf14      x15=00000000
17071186ns          293278 1c008a58 f8068693 addi             x13, x13, -128      x13=00001f80 x13:00002000
17071205ns          293279 1c008a5c 00379713 slli             x14, x15, 0x3       x14=00000000 x15:00000000
17071225ns          293280 1c008a60 00279793 slli             x15, x15, 0x2       x15=00000000 x15:00000000
17071245ns          293281 1c008a62 00d7f7b3 and              x15, x15, x13       x15=00000000 x15:00000000 x13:00001f80
17071265ns          293282 1c008a64 ee873733 p.bclr           x14, x14, 23, 8     x14=00000000 x14:00000000
17071285ns          293283 1c008a68 1a10f6b7 lui              x13, 0x1a10f000     x13=1a10f000
17071305ns          293284 1c008a6c 0ff57513 andi             x10, x10, 255       x10=0000006f x10:0000006f
17071325ns          293285 1c008a70 00d70733 add              x14, x14, x13       x14=1a10f000 x14:00000000 x13:1a10f000
17071345ns          293286 1c008a72 00a7e723 p.sw             x10, x0(x15)        x10:0000006f x15:00000000  PA:1a10f000
17071663ns          293302 1c008a76 00000513 addi             x10, x0, 0          x10=00000000
17071683ns          293303 1c008a78 00008067 jalr             x0, x1, 0            x1:1c008b48
17071723ns          293305 1c008b48 31f52563 p.beqimm         x10, 778            x10:00000000
17071742ns          293306 1c008b4c 001d8d93 addi             x27, x27, 1         x27=00000005 x27:00000004
17071762ns          293307 1c008b4e 00044503 lbu              x10, 0(x8)          x10=00000066  x8:1c0000b1  PA:1c0000b1
17072081ns          293323 1c008b52 00140413 addi             x8, x8, 1            x8=1c0000b2  x8:1c0000b1
17072100ns          293324 1c008b54 fe0514e3 bne              x10, x0, -24        x10:00000066
17072160ns          293327 1c008b3c 02500793 addi             x15, x0, 37         x15=00000025
17072180ns          293328 1c008b40 04f50863 beq              x10, x15, 80        x10:00000066 x15:00000025
17072200ns          293329 1c008b44 01a005b3 add              x11, x0, x26        x11=00000002 x26:00000002
17072220ns          293330 1c008b46 000b00e7 jalr             x1, x22, 0           x1=1c008b48 x22:1c008a52
17072260ns          293332 1c008a52 000026b7 lui              x13, 0x2000         x13=00002000
17072280ns          293333 1c008a54 f14027f3 csrrs            x15, x0, 0xf14      x15=00000000
17072299ns          293334 1c008a58 f8068693 addi             x13, x13, -128      x13=00001f80 x13:00002000
17072319ns          293335 1c008a5c 00379713 slli             x14, x15, 0x3       x14=00000000 x15:00000000
17072339ns          293336 1c008a60 00279793 slli             x15, x15, 0x2       x15=00000000 x15:00000000
17072359ns          293337 1c008a62 00d7f7b3 and              x15, x15, x13       x15=00000000 x15:00000000 x13:00001f80
17072379ns          293338 1c008a64 ee873733 p.bclr           x14, x14, 23, 8     x14=00000000 x14:00000000
17072399ns          293339 1c008a68 1a10f6b7 lui              x13, 0x1a10f000     x13=1a10f000
17072419ns          293340 1c008a6c 0ff57513 andi             x10, x10, 255       x10=00000066 x10:00000066
17072439ns          293341 1c008a70 00d70733 add              x14, x14, x13       x14=1a10f000 x14:00000000 x13:1a10f000
17072459ns          293342 1c008a72 00a7e723 p.sw             x10, x0(x15)        x10:00000066 x15:00000000  PA:1a10f000
17072777ns          293358 1c008a76 00000513 addi             x10, x0, 0          x10=00000000
17072797ns          293359 1c008a78 00008067 jalr             x0, x1, 0            x1:1c008b48
17072836ns          293361 1c008b48 31f52563 p.beqimm         x10, 778            x10:00000000
17072856ns          293362 1c008b4c 001d8d93 addi             x27, x27, 1         x27=00000006 x27:00000005
17072876ns          293363 1c008b4e 00044503 lbu              x10, 0(x8)          x10=00000020  x8:1c0000b2  PA:1c0000b2
17073194ns          293379 1c008b52 00140413 addi             x8, x8, 1            x8=1c0000b3  x8:1c0000b2
17073214ns          293380 1c008b54 fe0514e3 bne              x10, x0, -24        x10:00000020
17073274ns          293383 1c008b3c 02500793 addi             x15, x0, 37         x15=00000025
17073294ns          293384 1c008b40 04f50863 beq              x10, x15, 80        x10:00000020 x15:00000025
17073314ns          293385 1c008b44 01a005b3 add              x11, x0, x26        x11=00000002 x26:00000002
17073334ns          293386 1c008b46 000b00e7 jalr             x1, x22, 0           x1=1c008b48 x22:1c008a52
17073373ns          293388 1c008a52 000026b7 lui              x13, 0x2000         x13=00002000
17073393ns          293389 1c008a54 f14027f3 csrrs            x15, x0, 0xf14      x15=00000000
17073413ns          293390 1c008a58 f8068693 addi             x13, x13, -128      x13=00001f80 x13:00002000
17073433ns          293391 1c008a5c 00379713 slli             x14, x15, 0x3       x14=00000000 x15:00000000
17073453ns          293392 1c008a60 00279793 slli             x15, x15, 0x2       x15=00000000 x15:00000000
17073473ns          293393 1c008a62 00d7f7b3 and              x15, x15, x13       x15=00000000 x15:00000000 x13:00001f80
17073493ns          293394 1c008a64 ee873733 p.bclr           x14, x14, 23, 8     x14=00000000 x14:00000000
17073513ns          293395 1c008a68 1a10f6b7 lui              x13, 0x1a10f000     x13=1a10f000
17073533ns          293396 1c008a6c 0ff57513 andi             x10, x10, 255       x10=00000020 x10:00000020
17073553ns          293397 1c008a70 00d70733 add              x14, x14, x13       x14=1a10f000 x14:00000000 x13:1a10f000
17073572ns          293398 1c008a72 00a7e723 p.sw             x10, x0(x15)        x10:00000020 x15:00000000  PA:1a10f000
17073911ns          293415 1c008a76 00000513 addi             x10, x0, 0          x10=00000000
17073930ns          293416 1c008a78 00008067 jalr             x0, x1, 0            x1:1c008b48
17073970ns          293418 1c008b48 31f52563 p.beqimm         x10, 778            x10:00000000
17073990ns          293419 1c008b4c 001d8d93 addi             x27, x27, 1         x27=00000007 x27:00000006
17074010ns          293420 1c008b4e 00044503 lbu              x10, 0(x8)          x10=00000065  x8:1c0000b3  PA:1c0000b3
17074308ns          293435 1c008b52 00140413 addi             x8, x8, 1            x8=1c0000b4  x8:1c0000b3
17074328ns          293436 1c008b54 fe0514e3 bne              x10, x0, -24        x10:00000065
17074388ns          293439 1c008b3c 02500793 addi             x15, x0, 37         x15=00000025
17074408ns          293440 1c008b40 04f50863 beq              x10, x15, 80        x10:00000065 x15:00000025
17074428ns          293441 1c008b44 01a005b3 add              x11, x0, x26        x11=00000002 x26:00000002
17074448ns          293442 1c008b46 000b00e7 jalr             x1, x22, 0           x1=1c008b48 x22:1c008a52
17074487ns          293444 1c008a52 000026b7 lui              x13, 0x2000         x13=00002000
17074507ns          293445 1c008a54 f14027f3 csrrs            x15, x0, 0xf14      x15=00000000
17074527ns          293446 1c008a58 f8068693 addi             x13, x13, -128      x13=00001f80 x13:00002000
17074547ns          293447 1c008a5c 00379713 slli             x14, x15, 0x3       x14=00000000 x15:00000000
17074567ns          293448 1c008a60 00279793 slli             x15, x15, 0x2       x15=00000000 x15:00000000
17074587ns          293449 1c008a62 00d7f7b3 and              x15, x15, x13       x15=00000000 x15:00000000 x13:00001f80
17074607ns          293450 1c008a64 ee873733 p.bclr           x14, x14, 23, 8     x14=00000000 x14:00000000
17074627ns          293451 1c008a68 1a10f6b7 lui              x13, 0x1a10f000     x13=1a10f000
17074647ns          293452 1c008a6c 0ff57513 andi             x10, x10, 255       x10=00000065 x10:00000065
17074666ns          293453 1c008a70 00d70733 add              x14, x14, x13       x14=1a10f000 x14:00000000 x13:1a10f000
17074686ns          293454 1c008a72 00a7e723 p.sw             x10, x0(x15)        x10:00000065 x15:00000000  PA:1a10f000
17075005ns          293470 1c008a76 00000513 addi             x10, x0, 0          x10=00000000
17075024ns          293471 1c008a78 00008067 jalr             x0, x1, 0            x1:1c008b48
17075064ns          293473 1c008b48 31f52563 p.beqimm         x10, 778            x10:00000000
17075084ns          293474 1c008b4c 001d8d93 addi             x27, x27, 1         x27=00000008 x27:00000007
17075104ns          293475 1c008b4e 00044503 lbu              x10, 0(x8)          x10=00000072  x8:1c0000b4  PA:1c0000b4
17075402ns          293490 1c008b52 00140413 addi             x8, x8, 1            x8=1c0000b5  x8:1c0000b4
17075422ns          293491 1c008b54 fe0514e3 bne              x10, x0, -24        x10:00000072
17075482ns          293494 1c008b3c 02500793 addi             x15, x0, 37         x15=00000025
17075502ns          293495 1c008b40 04f50863 beq              x10, x15, 80        x10:00000072 x15:00000025
17075522ns          293496 1c008b44 01a005b3 add              x11, x0, x26        x11=00000002 x26:00000002
17075542ns          293497 1c008b46 000b00e7 jalr             x1, x22, 0           x1=1c008b48 x22:1c008a52
17075581ns          293499 1c008a52 000026b7 lui              x13, 0x2000         x13=00002000
17075601ns          293500 1c008a54 f14027f3 csrrs            x15, x0, 0xf14      x15=00000000
17075621ns          293501 1c008a58 f8068693 addi             x13, x13, -128      x13=00001f80 x13:00002000
17075641ns          293502 1c008a5c 00379713 slli             x14, x15, 0x3       x14=00000000 x15:00000000
17075661ns          293503 1c008a60 00279793 slli             x15, x15, 0x2       x15=00000000 x15:00000000
17075681ns          293504 1c008a62 00d7f7b3 and              x15, x15, x13       x15=00000000 x15:00000000 x13:00001f80
17075701ns          293505 1c008a64 ee873733 p.bclr           x14, x14, 23, 8     x14=00000000 x14:00000000
17075721ns          293506 1c008a68 1a10f6b7 lui              x13, 0x1a10f000     x13=1a10f000
17075740ns          293507 1c008a6c 0ff57513 andi             x10, x10, 255       x10=00000072 x10:00000072
17075760ns          293508 1c008a70 00d70733 add              x14, x14, x13       x14=1a10f000 x14:00000000 x13:1a10f000
17075780ns          293509 1c008a72 00a7e723 p.sw             x10, x0(x15)        x10:00000072 x15:00000000  PA:1a10f000
17076099ns          293525 1c008a76 00000513 addi             x10, x0, 0          x10=00000000
17076118ns          293526 1c008a78 00008067 jalr             x0, x1, 0            x1:1c008b48
17076158ns          293528 1c008b48 31f52563 p.beqimm         x10, 778            x10:00000000
17076178ns          293529 1c008b4c 001d8d93 addi             x27, x27, 1         x27=00000009 x27:00000008
17076198ns          293530 1c008b4e 00044503 lbu              x10, 0(x8)          x10=00000072  x8:1c0000b5  PA:1c0000b5
17076496ns          293545 1c008b52 00140413 addi             x8, x8, 1            x8=1c0000b6  x8:1c0000b5
17076516ns          293546 1c008b54 fe0514e3 bne              x10, x0, -24        x10:00000072
17076576ns          293549 1c008b3c 02500793 addi             x15, x0, 37         x15=00000025
17076596ns          293550 1c008b40 04f50863 beq              x10, x15, 80        x10:00000072 x15:00000025
17076616ns          293551 1c008b44 01a005b3 add              x11, x0, x26        x11=00000002 x26:00000002
17076636ns          293552 1c008b46 000b00e7 jalr             x1, x22, 0           x1=1c008b48 x22:1c008a52
17076675ns          293554 1c008a52 000026b7 lui              x13, 0x2000         x13=00002000
17076695ns          293555 1c008a54 f14027f3 csrrs            x15, x0, 0xf14      x15=00000000
17076715ns          293556 1c008a58 f8068693 addi             x13, x13, -128      x13=00001f80 x13:00002000
17076735ns          293557 1c008a5c 00379713 slli             x14, x15, 0x3       x14=00000000 x15:00000000
17076755ns          293558 1c008a60 00279793 slli             x15, x15, 0x2       x15=00000000 x15:00000000
17076775ns          293559 1c008a62 00d7f7b3 and              x15, x15, x13       x15=00000000 x15:00000000 x13:00001f80
17076795ns          293560 1c008a64 ee873733 p.bclr           x14, x14, 23, 8     x14=00000000 x14:00000000
17076815ns          293561 1c008a68 1a10f6b7 lui              x13, 0x1a10f000     x13=1a10f000
17076834ns          293562 1c008a6c 0ff57513 andi             x10, x10, 255       x10=00000072 x10:00000072
17076854ns          293563 1c008a70 00d70733 add              x14, x14, x13       x14=1a10f000 x14:00000000 x13:1a10f000
17076874ns          293564 1c008a72 00a7e723 p.sw             x10, x0(x15)        x10:00000072 x15:00000000  PA:1a10f000
17077193ns          293580 1c008a76 00000513 addi             x10, x0, 0          x10=00000000
17077212ns          293581 1c008a78 00008067 jalr             x0, x1, 0            x1:1c008b48
17077252ns          293583 1c008b48 31f52563 p.beqimm         x10, 778            x10:00000000
17077272ns          293584 1c008b4c 001d8d93 addi             x27, x27, 1         x27=0000000a x27:00000009
17077292ns          293585 1c008b4e 00044503 lbu              x10, 0(x8)          x10=0000006f  x8:1c0000b6  PA:1c0000b6
17077590ns          293600 1c008b52 00140413 addi             x8, x8, 1            x8=1c0000b7  x8:1c0000b6
17077610ns          293601 1c008b54 fe0514e3 bne              x10, x0, -24        x10:0000006f
17077670ns          293604 1c008b3c 02500793 addi             x15, x0, 37         x15=00000025
17077690ns          293605 1c008b40 04f50863 beq              x10, x15, 80        x10:0000006f x15:00000025
17077710ns          293606 1c008b44 01a005b3 add              x11, x0, x26        x11=00000002 x26:00000002
17077730ns          293607 1c008b46 000b00e7 jalr             x1, x22, 0           x1=1c008b48 x22:1c008a52
17077769ns          293609 1c008a52 000026b7 lui              x13, 0x2000         x13=00002000
17077789ns          293610 1c008a54 f14027f3 csrrs            x15, x0, 0xf14      x15=00000000
17077809ns          293611 1c008a58 f8068693 addi             x13, x13, -128      x13=00001f80 x13:00002000
17077829ns          293612 1c008a5c 00379713 slli             x14, x15, 0x3       x14=00000000 x15:00000000
17077849ns          293613 1c008a60 00279793 slli             x15, x15, 0x2       x15=00000000 x15:00000000
17077869ns          293614 1c008a62 00d7f7b3 and              x15, x15, x13       x15=00000000 x15:00000000 x13:00001f80
17077889ns          293615 1c008a64 ee873733 p.bclr           x14, x14, 23, 8     x14=00000000 x14:00000000
17077909ns          293616 1c008a68 1a10f6b7 lui              x13, 0x1a10f000     x13=1a10f000
17077928ns          293617 1c008a6c 0ff57513 andi             x10, x10, 255       x10=0000006f x10:0000006f
17077948ns          293618 1c008a70 00d70733 add              x14, x14, x13       x14=1a10f000 x14:00000000 x13:1a10f000
17077968ns          293619 1c008a72 00a7e723 p.sw             x10, x0(x15)        x10:0000006f x15:00000000  PA:1a10f000
17078287ns          293635 1c008a76 00000513 addi             x10, x0, 0          x10=00000000
17078306ns          293636 1c008a78 00008067 jalr             x0, x1, 0            x1:1c008b48
17078346ns          293638 1c008b48 31f52563 p.beqimm         x10, 778            x10:00000000
17078366ns          293639 1c008b4c 001d8d93 addi             x27, x27, 1         x27=0000000b x27:0000000a
17078386ns          293640 1c008b4e 00044503 lbu              x10, 0(x8)          x10=00000072  x8:1c0000b7  PA:1c0000b7
17078684ns          293655 1c008b52 00140413 addi             x8, x8, 1            x8=1c0000b8  x8:1c0000b7
17078704ns          293656 1c008b54 fe0514e3 bne              x10, x0, -24        x10:00000072
17078764ns          293659 1c008b3c 02500793 addi             x15, x0, 37         x15=00000025
17078784ns          293660 1c008b40 04f50863 beq              x10, x15, 80        x10:00000072 x15:00000025
17078804ns          293661 1c008b44 01a005b3 add              x11, x0, x26        x11=00000002 x26:00000002
17078824ns          293662 1c008b46 000b00e7 jalr             x1, x22, 0           x1=1c008b48 x22:1c008a52
17078863ns          293664 1c008a52 000026b7 lui              x13, 0x2000         x13=00002000
17078883ns          293665 1c008a54 f14027f3 csrrs            x15, x0, 0xf14      x15=00000000
17078903ns          293666 1c008a58 f8068693 addi             x13, x13, -128      x13=00001f80 x13:00002000
17078923ns          293667 1c008a5c 00379713 slli             x14, x15, 0x3       x14=00000000 x15:00000000
17078943ns          293668 1c008a60 00279793 slli             x15, x15, 0x2       x15=00000000 x15:00000000
17078963ns          293669 1c008a62 00d7f7b3 and              x15, x15, x13       x15=00000000 x15:00000000 x13:00001f80
17078983ns          293670 1c008a64 ee873733 p.bclr           x14, x14, 23, 8     x14=00000000 x14:00000000
17079003ns          293671 1c008a68 1a10f6b7 lui              x13, 0x1a10f000     x13=1a10f000
17079022ns          293672 1c008a6c 0ff57513 andi             x10, x10, 255       x10=00000072 x10:00000072
17079042ns          293673 1c008a70 00d70733 add              x14, x14, x13       x14=1a10f000 x14:00000000 x13:1a10f000
17079062ns          293674 1c008a72 00a7e723 p.sw             x10, x0(x15)        x10:00000072 x15:00000000  PA:1a10f000
17079381ns          293690 1c008a76 00000513 addi             x10, x0, 0          x10=00000000
17079400ns          293691 1c008a78 00008067 jalr             x0, x1, 0            x1:1c008b48
17079440ns          293693 1c008b48 31f52563 p.beqimm         x10, 778            x10:00000000
17079460ns          293694 1c008b4c 001d8d93 addi             x27, x27, 1         x27=0000000c x27:0000000b
17079480ns          293695 1c008b4e 00044503 lbu              x10, 0(x8)          x10=00000073  x8:1c0000b8  PA:1c0000b8
17079798ns          293711 1c008b52 00140413 addi             x8, x8, 1            x8=1c0000b9  x8:1c0000b8
17079818ns          293712 1c008b54 fe0514e3 bne              x10, x0, -24        x10:00000073
17079878ns          293715 1c008b3c 02500793 addi             x15, x0, 37         x15=00000025
17079898ns          293716 1c008b40 04f50863 beq              x10, x15, 80        x10:00000073 x15:00000025
17079918ns          293717 1c008b44 01a005b3 add              x11, x0, x26        x11=00000002 x26:00000002
17079937ns          293718 1c008b46 000b00e7 jalr             x1, x22, 0           x1=1c008b48 x22:1c008a52
17079977ns          293720 1c008a52 000026b7 lui              x13, 0x2000         x13=00002000
17079997ns          293721 1c008a54 f14027f3 csrrs            x15, x0, 0xf14      x15=00000000
17080017ns          293722 1c008a58 f8068693 addi             x13, x13, -128      x13=00001f80 x13:00002000
17080037ns          293723 1c008a5c 00379713 slli             x14, x15, 0x3       x14=00000000 x15:00000000
17080057ns          293724 1c008a60 00279793 slli             x15, x15, 0x2       x15=00000000 x15:00000000
17080077ns          293725 1c008a62 00d7f7b3 and              x15, x15, x13       x15=00000000 x15:00000000 x13:00001f80
17080097ns          293726 1c008a64 ee873733 p.bclr           x14, x14, 23, 8     x14=00000000 x14:00000000
17080116ns          293727 1c008a68 1a10f6b7 lui              x13, 0x1a10f000     x13=1a10f000
17080136ns          293728 1c008a6c 0ff57513 andi             x10, x10, 255       x10=00000073 x10:00000073
17080156ns          293729 1c008a70 00d70733 add              x14, x14, x13       x14=1a10f000 x14:00000000 x13:1a10f000
17080176ns          293730 1c008a72 00a7e723 p.sw             x10, x0(x15)        x10:00000073 x15:00000000  PA:1a10f000
17080494ns          293746 1c008a76 00000513 addi             x10, x0, 0          x10=00000000
17080514ns          293747 1c008a78 00008067 jalr             x0, x1, 0            x1:1c008b48
17080554ns          293749 1c008b48 31f52563 p.beqimm         x10, 778            x10:00000000
17080574ns          293750 1c008b4c 001d8d93 addi             x27, x27, 1         x27=0000000d x27:0000000c
17080594ns          293751 1c008b4e 00044503 lbu              x10, 0(x8)          x10=0000003a  x8:1c0000b9  PA:1c0000b9
17080892ns          293766 1c008b52 00140413 addi             x8, x8, 1            x8=1c0000ba  x8:1c0000b9
17080912ns          293767 1c008b54 fe0514e3 bne              x10, x0, -24        x10:0000003a
17080972ns          293770 1c008b3c 02500793 addi             x15, x0, 37         x15=00000025
17080992ns          293771 1c008b40 04f50863 beq              x10, x15, 80        x10:0000003a x15:00000025
17081012ns          293772 1c008b44 01a005b3 add              x11, x0, x26        x11=00000002 x26:00000002
17081031ns          293773 1c008b46 000b00e7 jalr             x1, x22, 0           x1=1c008b48 x22:1c008a52
17081071ns          293775 1c008a52 000026b7 lui              x13, 0x2000         x13=00002000
17081091ns          293776 1c008a54 f14027f3 csrrs            x15, x0, 0xf14      x15=00000000
17081111ns          293777 1c008a58 f8068693 addi             x13, x13, -128      x13=00001f80 x13:00002000
17081131ns          293778 1c008a5c 00379713 slli             x14, x15, 0x3       x14=00000000 x15:00000000
17081151ns          293779 1c008a60 00279793 slli             x15, x15, 0x2       x15=00000000 x15:00000000
17081171ns          293780 1c008a62 00d7f7b3 and              x15, x15, x13       x15=00000000 x15:00000000 x13:00001f80
17081191ns          293781 1c008a64 ee873733 p.bclr           x14, x14, 23, 8     x14=00000000 x14:00000000
17081210ns          293782 1c008a68 1a10f6b7 lui              x13, 0x1a10f000     x13=1a10f000
17081230ns          293783 1c008a6c 0ff57513 andi             x10, x10, 255       x10=0000003a x10:0000003a
17081250ns          293784 1c008a70 00d70733 add              x14, x14, x13       x14=1a10f000 x14:00000000 x13:1a10f000
17081270ns          293785 1c008a72 00a7e723 p.sw             x10, x0(x15)        x10:0000003a x15:00000000  PA:1a10f000
17081588ns          293801 1c008a76 00000513 addi             x10, x0, 0          x10=00000000
17081608ns          293802 1c008a78 00008067 jalr             x0, x1, 0            x1:1c008b48
17081648ns          293804 1c008b48 31f52563 p.beqimm         x10, 778            x10:00000000
17081668ns          293805 1c008b4c 001d8d93 addi             x27, x27, 1         x27=0000000e x27:0000000d
17081688ns          293806 1c008b4e 00044503 lbu              x10, 0(x8)          x10=00000020  x8:1c0000ba  PA:1c0000ba
17082006ns          293822 1c008b52 00140413 addi             x8, x8, 1            x8=1c0000bb  x8:1c0000ba
17082026ns          293823 1c008b54 fe0514e3 bne              x10, x0, -24        x10:00000020
17082086ns          293826 1c008b3c 02500793 addi             x15, x0, 37         x15=00000025
17082106ns          293827 1c008b40 04f50863 beq              x10, x15, 80        x10:00000020 x15:00000025
17082125ns          293828 1c008b44 01a005b3 add              x11, x0, x26        x11=00000002 x26:00000002
17082145ns          293829 1c008b46 000b00e7 jalr             x1, x22, 0           x1=1c008b48 x22:1c008a52
17082185ns          293831 1c008a52 000026b7 lui              x13, 0x2000         x13=00002000
17082205ns          293832 1c008a54 f14027f3 csrrs            x15, x0, 0xf14      x15=00000000
17082225ns          293833 1c008a58 f8068693 addi             x13, x13, -128      x13=00001f80 x13:00002000
17082245ns          293834 1c008a5c 00379713 slli             x14, x15, 0x3       x14=00000000 x15:00000000
17082265ns          293835 1c008a60 00279793 slli             x15, x15, 0x2       x15=00000000 x15:00000000
17082285ns          293836 1c008a62 00d7f7b3 and              x15, x15, x13       x15=00000000 x15:00000000 x13:00001f80
17082304ns          293837 1c008a64 ee873733 p.bclr           x14, x14, 23, 8     x14=00000000 x14:00000000
17082324ns          293838 1c008a68 1a10f6b7 lui              x13, 0x1a10f000     x13=1a10f000
17082344ns          293839 1c008a6c 0ff57513 andi             x10, x10, 255       x10=00000020 x10:00000020
17082364ns          293840 1c008a70 00d70733 add              x14, x14, x13       x14=1a10f000 x14:00000000 x13:1a10f000
17082384ns          293841 1c008a72 00a7e723 p.sw             x10, x0(x15)        x10:00000020 x15:00000000  PA:1a10f000
17082702ns          293857 1c008a76 00000513 addi             x10, x0, 0          x10=00000000
17082722ns          293858 1c008a78 00008067 jalr             x0, x1, 0            x1:1c008b48
17082762ns          293860 1c008b48 31f52563 p.beqimm         x10, 778            x10:00000000
17082782ns          293861 1c008b4c 001d8d93 addi             x27, x27, 1         x27=0000000f x27:0000000e
17082802ns          293862 1c008b4e 00044503 lbu              x10, 0(x8)          x10=00000025  x8:1c0000bb  PA:1c0000bb
17083100ns          293877 1c008b52 00140413 addi             x8, x8, 1            x8=1c0000bc  x8:1c0000bb
17083120ns          293878 1c008b54 fe0514e3 bne              x10, x0, -24        x10:00000025
17083180ns          293881 1c008b3c 02500793 addi             x15, x0, 37         x15=00000025
17083200ns          293882 1c008b40 04f50863 beq              x10, x15, 80        x10:00000025 x15:00000025
17083259ns          293885 1c008b90 00044483 lbu              x9, 0(x8)            x9=00000064  x8:1c0000bc  PA:1c0000bc
17083558ns          293900 1c008b94 02000693 addi             x13, x0, 32         x13=00000020
17083577ns          293901 1c008b98 00140a93 addi             x21, x8, 1          x21=1c0000bd  x8:1c0000bc
17083597ns          293902 1c008b9c 009005b3 add              x11, x0, x9         x11=00000064  x9:00000064
17083617ns          293903 1c008b9e 05cb8513 addi             x10, x23, 92        x10=1c00005c x23:1c000000
17083637ns          293904 1c008ba2 00d12823 sw               x13, 16(x2)         x13:00000020  x2:10001228  PA:10001238
17083657ns          293905 1c008ba4 00012c23 sw               x0, 24(x2)           x2:10001228  PA:10001240
17083677ns          293906 1c008ba6 00012a23 sw               x0, 20(x2)           x2:10001228  PA:1000123c
17083697ns          293907 1c008ba8 00012e23 sw               x0, 28(x2)           x2:10001228  PA:10001244
17083717ns          293908 1c008baa 00012623 sw               x0, 12(x2)           x2:10001228  PA:10001234
17083737ns          293909 1c008bac 02300913 addi             x18, x0, 35         x18=00000023
17083756ns          293910 1c008bb0 02d00a13 addi             x20, x0, 45         x20=0000002d
17083776ns          293911 1c008bb4 015009b3 add              x19, x0, x21        x19=1c0000bd x21:1c0000bd
17083796ns          293912 1c008bb6 e1dff0ef jal              x1, -484             x1=1c008bb8
17083916ns          293918 1c0089d2 00054783 lbu              x15, 0(x10)         x15=0000002d x10:1c00005c  PA:1c00005c
17084214ns          293933 1c0089d6 0ff5f593 andi             x11, x11, 255       x11=00000064 x11:00000064
17084234ns          293934 1c0089da 00b78c63 beq              x15, x11, 24        x15:0000002d x11:00000064
17084254ns          293935 1c0089de 00078b63 beq              x15, x0, 22         x15:0000002d
17084274ns          293936 1c0089e0 00150793 addi             x15, x10, 1         x15=1c00005d x10:1c00005c
17084294ns          293937 1c0089e4 0040006f jal              x0, 4              
17084333ns          293939 1c0089e8 00f00533 add              x10, x0, x15        x10=1c00005d x15:1c00005d
17084353ns          293940 1c0089ea 0017c70b p.lbu            x14, 1(x15!)        x14=0000002b x15=1c00005e x15:1c00005d  PA:1c00005d
17084711ns          293958 1c0089ee feb71ce3 bne              x14, x11, -8        x14:0000002b x11:00000064
17084771ns          293961 1c0089e6 00070763 beq              x14, x0, 14         x14:0000002b
17084791ns          293962 1c0089e8 00f00533 add              x10, x0, x15        x10=1c00005e x15:1c00005e
17084811ns          293963 1c0089ea 0017c70b p.lbu            x14, 1(x15!)        x14=00000020 x15=1c00005f x15:1c00005e  PA:1c00005e
17085129ns          293979 1c0089ee feb71ce3 bne              x14, x11, -8        x14:00000020 x11:00000064
17085189ns          293982 1c0089e6 00070763 beq              x14, x0, 14         x14:00000020
17085208ns          293983 1c0089e8 00f00533 add              x10, x0, x15        x10=1c00005f x15:1c00005f
17085228ns          293984 1c0089ea 0017c70b p.lbu            x14, 1(x15!)        x14=00000023 x15=1c000060 x15:1c00005f  PA:1c00005f
17085547ns          294000 1c0089ee feb71ce3 bne              x14, x11, -8        x14:00000023 x11:00000064
17085606ns          294003 1c0089e6 00070763 beq              x14, x0, 14         x14:00000023
17085626ns          294004 1c0089e8 00f00533 add              x10, x0, x15        x10=1c000060 x15:1c000060
17085646ns          294005 1c0089ea 0017c70b p.lbu            x14, 1(x15!)        x14=00000030 x15=1c000061 x15:1c000060  PA:1c000060
17085984ns          294022 1c0089ee feb71ce3 bne              x14, x11, -8        x14:00000030 x11:00000064
17086044ns          294025 1c0089e6 00070763 beq              x14, x0, 14         x14:00000030
17086064ns          294026 1c0089e8 00f00533 add              x10, x0, x15        x10=1c000061 x15:1c000061
17086084ns          294027 1c0089ea 0017c70b p.lbu            x14, 1(x15!)        x14=00000000 x15=1c000062 x15:1c000061  PA:1c000061
17086402ns          294043 1c0089ee feb71ce3 bne              x14, x11, -8        x14:00000000 x11:00000064
17086462ns          294046 1c0089e6 00070763 beq              x14, x0, 14         x14:00000000
17086521ns          294049 1c0089f4 0015b593 sltiu            x11, x11, 1         x11=00000000 x11:00000064
17086541ns          294050 1c0089f8 40b005b3 sub              x11, x0, x11        x11=00000000 x11:00000000
17086561ns          294051 1c0089fc 00b57533 and              x10, x10, x11       x10=00000000 x10:1c000061 x11:00000000
17086581ns          294052 1c0089fe 00008067 jalr             x0, x1, 0            x1:1c008bb8
17086661ns          294056 1c008bb8 02050a63 beq              x10, x0, 52         x10:00000000
17086760ns          294061 1c008bec 02a00613 addi             x12, x0, 42         x12=0000002a
17086840ns          294065 1c008bf0 2ac48663 beq              x9, x12, 684         x9:00000064 x12:0000002a
17086879ns          294067 1c008bf4 fd048613 addi             x12, x9, -48        x12=00000034  x9:00000064
17086899ns          294068 1c008bf8 00900593 addi             x11, x0, 9          x11=00000009
17086919ns          294069 1c008bfa 00000913 addi             x18, x0, 0          x18=00000000
17086939ns          294070 1c008bfc 28c5f063 bgeu             x11, x12, 640       x11:00000009 x12:00000034
17086979ns          294072 1c008c00 02e00693 addi             x13, x0, 46         x13=0000002e
17087019ns          294074 1c008c04 fff00a13 addi             x20, x0, -1         x20=ffffffff
17087038ns          294075 1c008c06 2ed48363 beq              x9, x13, 742         x9:00000064 x13:0000002e
17087058ns          294076 1c008c0a 1c0007b7 lui              x15, 0x1c000000     x15=1c000000
17087078ns          294077 1c008c0e 009005b3 add              x11, x0, x9         x11=00000064  x9:00000064
17087118ns          294079 1c008c10 06478513 addi             x10, x15, 100       x10=1c000064 x15:1c000000
17087158ns          294081 1c008c14 dbfff0ef jal              x1, -578             x1=1c008c16
17087217ns          294084 1c0089d2 00054783 lbu              x15, 0(x10)         x15=00000068 x10:1c000064  PA:1c000064
17087516ns          294099 1c0089d6 0ff5f593 andi             x11, x11, 255       x11=00000064 x11:00000064
17087536ns          294100 1c0089da 00b78c63 beq              x15, x11, 24        x15:00000068 x11:00000064
17087556ns          294101 1c0089de 00078b63 beq              x15, x0, 22         x15:00000068
17087575ns          294102 1c0089e0 00150793 addi             x15, x10, 1         x15=1c000065 x10:1c000064
17087595ns          294103 1c0089e4 0040006f jal              x0, 4              
17087635ns          294105 1c0089e8 00f00533 add              x10, x0, x15        x10=1c000065 x15:1c000065
17087655ns          294106 1c0089ea 0017c70b p.lbu            x14, 1(x15!)        x14=0000006c x15=1c000066 x15:1c000065  PA:1c000065
17087973ns          294122 1c0089ee feb71ce3 bne              x14, x11, -8        x14:0000006c x11:00000064
17088033ns          294125 1c0089e6 00070763 beq              x14, x0, 14         x14:0000006c
17088053ns          294126 1c0089e8 00f00533 add              x10, x0, x15        x10=1c000066 x15:1c000066
17088073ns          294127 1c0089ea 0017c70b p.lbu            x14, 1(x15!)        x14=0000004c x15=1c000067 x15:1c000066  PA:1c000066
17088411ns          294144 1c0089ee feb71ce3 bne              x14, x11, -8        x14:0000004c x11:00000064
17088471ns          294147 1c0089e6 00070763 beq              x14, x0, 14         x14:0000004c
17088490ns          294148 1c0089e8 00f00533 add              x10, x0, x15        x10=1c000067 x15:1c000067
17088510ns          294149 1c0089ea 0017c70b p.lbu            x14, 1(x15!)        x14=0000007a x15=1c000068 x15:1c000067  PA:1c000067
17088848ns          294166 1c0089ee feb71ce3 bne              x14, x11, -8        x14:0000007a x11:00000064
17088908ns          294169 1c0089e6 00070763 beq              x14, x0, 14         x14:0000007a
17088928ns          294170 1c0089e8 00f00533 add              x10, x0, x15        x10=1c000068 x15:1c000068
17088948ns          294171 1c0089ea 0017c70b p.lbu            x14, 1(x15!)        x14=00000000 x15=1c000069 x15:1c000068  PA:1c000068
17089266ns          294187 1c0089ee feb71ce3 bne              x14, x11, -8        x14:00000000 x11:00000064
17089326ns          294190 1c0089e6 00070763 beq              x14, x0, 14         x14:00000000
17089386ns          294193 1c0089f4 0015b593 sltiu            x11, x11, 1         x11=00000000 x11:00000064
17089405ns          294194 1c0089f8 40b005b3 sub              x11, x0, x11        x11=00000000 x11:00000000
17089425ns          294195 1c0089fc 00b57533 and              x10, x10, x11       x10=00000000 x10:1c000068 x11:00000000
17089445ns          294196 1c0089fe 00008067 jalr             x0, x1, 0            x1:1c008c16
17089485ns          294198 1c008c16 01300433 add              x8, x0, x19          x8=1c0000bd x19:1c0000bd
17089505ns          294199 1c008c18 00050563 beq              x10, x0, 10         x10:00000000
17089584ns          294203 1c008c22 06700693 addi             x13, x0, 103        x13=00000067
17089604ns          294204 1c008c26 2896d963 bge              x13, x9, 658        x13:00000067  x9:00000064
17090102ns          294229 1c008eb8 06500693 addi             x13, x0, 101        x13=00000065
17090141ns          294231 1c008ebc 12d4d563 bge              x9, x13, 298         x9:00000064 x13:00000065
17090579ns          294253 1c008ec0 04700693 addi             x13, x0, 71         x13=00000047
17090619ns          294255 1c008ec4 dc96cbe3 blt              x13, x9, -554       x13:00000047  x9:00000064
17091136ns          294281 1c008c9a 06300693 addi             x13, x0, 99         x13=00000063
17091574ns          294303 1c008c9e 0ad488e3 beq              x9, x13, 2224        x9:00000064 x13:00000063
17091613ns          294305 1c008ca2 0096c9e3 blt              x13, x9, 2066       x13:00000063  x9:00000064
17092091ns          294329 1c0094b4 000c2583 lw               x11, 0(x24)         x11=00000000 x24:1000137c  PA:1000137c
17092130ns          294331 1c0094b8 004c0c13 addi             x24, x24, 4         x24=10001380 x24:1000137c
17092150ns          294332 1c0094ba 3405cc63 blt              x11, x0, 856        x11:00000000
17092170ns          294333 1c0094be 01412603 lw               x12, 20(x2)         x12=00000000  x2:10001228  PA:1000123c
17092608ns          294355 1c0094c0 00b006b3 add              x13, x0, x11        x13=00000000 x11:00000000
17092648ns          294357 1c0094c2 2e061863 bne              x12, x0, 752        x12:00000000
17092668ns          294358 1c0094c6 01812703 lw               x14, 24(x2)         x14=00000000  x2:10001228  PA:10001240
17092687ns          294359 1c0094c8 019007b3 add              x15, x0, x25        x15=1000124c x25:1000124c
17092707ns          294360 1c0094ca 00070763 beq              x14, x0, 14         x14:00000000
17093165ns          294383 1c0094d8 00f00733 add              x14, x0, x15        x14=1000124c x15:1000124c
17093185ns          294384 1c0094da 00a00513 addi             x10, x0, 10         x10=0000000a
17093205ns          294385 1c0094dc 02a6f633 remu             x12, x13, x10       x12=00000000 x13:00000000 x10:0000000a
17093841ns          294417 1c0094e0 02a6d6b3 divu             x13, x13, x10       x13=00000000 x13:00000000 x10:0000000a
17094458ns          294448 1c0094e4 03060613 addi             x12, x12, 48        x12=00000030 x12:00000000
17094478ns          294449 1c0094e8 00c700ab p.sb             x12, 1(x14!)        x14=1000124d x12:00000030 x14:1000124c  PA:1000124c
17094497ns          294450 1c0094ec fe0698e3 bne              x13, x0, -16        x13:00000000
17094517ns          294451 1c0094ee 40f706b3 sub              x13, x14, x15       x13=00000001 x14:1000124d x15:1000124c
17094537ns          294452 1c0094f2 0146dc63 bge              x13, x20, 24        x13:00000001 x20:ffffffff
17095015ns          294476 1c00950a 00e006b3 add              x13, x0, x14        x13=1000124d x14:1000124d
17095054ns          294478 1c00950c fe068fab p.sb             x0, -1(x13!)        x13=1000124c x13:1000124d  PA:1000124d
17095492ns          294500 1c009510 00d7fc63 bgeu             x15, x13, 24        x15:1000124c x13:1000124c
17095969ns          294524 1c009528 01412783 lw               x15, 20(x2)         x15=00000000  x2:10001228  PA:1000123c
17095989ns          294525 1c00952a 01812603 lw               x12, 24(x2)         x12=00000000  x2:10001228  PA:10001240
17096009ns          294526 1c00952c 419704b3 sub              x9, x14, x25         x9=00000001 x14:1000124d x25:1000124c
17096447ns          294548 1c009530 00c7e7b3 or               x15, x15, x12       x15=00000000 x15:00000000 x12:00000000
17096467ns          294549 1c009532 00f12623 sw               x15, 12(x2)         x15:00000000  x2:10001228  PA:10001234
17096487ns          294550 1c009534 00079363 bne              x15, x0, 6          x15:00000000
17096506ns          294551 1c009536 01f5d593 srli             x11, x11, 0x1f      x11=00000000 x11:00000000
17096526ns          294552 1c009538 00b12623 sw               x11, 12(x2)         x11:00000000  x2:10001228  PA:10001234
17096546ns          294553 1c00953a e3fa28e3 p.beqimm         x20, -464           x20:ffffffff
17097461ns          294599 1c00936a 0c800793 addi             x15, x0, 200        x15=000000c8
17097919ns          294622 1c00936e 9e97d0e3 bge              x15, x9, -1568      x15:000000c8  x9:00000001
17098854ns          294669 1c008d4e 0f24d163 bge              x9, x18, 226         x9:00000001 x18:00000000
17098953ns          294674 1c008e30 d00482e3 beq              x9, x0, -764         x9:00000001
17098993ns          294676 1c008e34 01900933 add              x18, x0, x25        x18=1000124c x25:1000124c
17099013ns          294677 1c008e36 419d8db3 sub              x27, x27, x25       x27=efffedc3 x27:0000000f x25:1000124c
17099033ns          294678 1c008e3a 00a0006f jal              x0, 10             
17099072ns          294680 1c008e44 0019450b p.lbu            x10, 1(x18!)        x10=00000030 x18=1000124d x18:1000124c  PA:1000124c
17099092ns          294681 1c008e48 01a005b3 add              x11, x0, x26        x11=00000002 x26:00000002
17099112ns          294682 1c008e4a 000b00e7 jalr             x1, x22, 0           x1=1c008e4c x22:1c008a52
17099251ns          294689 1c008a52 000026b7 lui              x13, 0x2000         x13=00002000
17099291ns          294691 1c008a54 f14027f3 csrrs            x15, x0, 0xf14      x15=00000000
17099311ns          294692 1c008a58 f8068693 addi             x13, x13, -128      x13=00001f80 x13:00002000
17099331ns          294693 1c008a5c 00379713 slli             x14, x15, 0x3       x14=00000000 x15:00000000
17099351ns          294694 1c008a60 00279793 slli             x15, x15, 0x2       x15=00000000 x15:00000000
17099371ns          294695 1c008a62 00d7f7b3 and              x15, x15, x13       x15=00000000 x15:00000000 x13:00001f80
17099391ns          294696 1c008a64 ee873733 p.bclr           x14, x14, 23, 8     x14=00000000 x14:00000000
17099410ns          294697 1c008a68 1a10f6b7 lui              x13, 0x1a10f000     x13=1a10f000
17099430ns          294698 1c008a6c 0ff57513 andi             x10, x10, 255       x10=00000030 x10:00000030
17099470ns          294700 1c008a70 00d70733 add              x14, x14, x13       x14=1a10f000 x14:00000000 x13:1a10f000
17099510ns          294702 1c008a72 00a7e723 p.sw             x10, x0(x15)        x10:00000030 x15:00000000  PA:1a10f000
17099828ns          294718 1c008a76 00000513 addi             x10, x0, 0          x10=00000000
17099848ns          294719 1c008a78 00008067 jalr             x0, x1, 0            x1:1c008e4c
17099888ns          294721 1c008e4c fff48493 addi             x9, x9, -1           x9=00000000  x9:00000001
17099908ns          294722 1c008e4e fff537e3 p.bneimm         x10, -18            x10:00000000
17099967ns          294725 1c008e3c 012d8733 add              x14, x27, x18       x14=00000010 x27:efffedc3 x18:1000124d
17099987ns          294726 1c008e40 5a048b63 beq              x9, x0, 1462         x9:00000000
17100087ns          294731 1c0093f6 00e00db3 add              x27, x0, x14        x27=00000010 x14:00000010
17100127ns          294733 1c0093f8 f3cff06f jal              x0, -2244          
17100206ns          294737 1c008b34 00044503 lbu              x10, 0(x8)          x10=00000000  x8:1c0000bd  PA:1c0000bd
17100524ns          294753 1c008b38 00140413 addi             x8, x8, 1            x8=1c0000be  x8:1c0000bd
17100544ns          294754 1c008b3a 00050e63 beq              x10, x0, 28         x10:00000000
17100604ns          294757 1c008b56 01b00433 add              x8, x0, x27          x8=00000010 x27:00000010
17100624ns          294758 1c008b58 00800533 add              x10, x0, x8         x10=00000010  x8:00000010
17100644ns          294759 1c008b5a 12c12083 lw               x1, 300(x2)          x1=1c008ae6  x2:10001228  PA:10001354
17100703ns          294762 1c008b5e 12812403 lw               x8, 296(x2)          x8=1c00110c  x2:10001228  PA:10001350
17100743ns          294764 1c008b62 12412483 lw               x9, 292(x2)          x9=00000000  x2:10001228  PA:1000134c
17100763ns          294765 1c008b66 12012903 lw               x18, 288(x2)        x18=1a10b004  x2:10001228  PA:10001348
17100783ns          294766 1c008b6a 11c12983 lw               x19, 284(x2)        x19=00000000  x2:10001228  PA:10001344
17100843ns          294769 1c008b6e 11812a03 lw               x20, 280(x2)        x20=1c001110  x2:10001228  PA:10001340
17100882ns          294771 1c008b72 11412a83 lw               x21, 276(x2)        x21=1c00a000  x2:10001228  PA:1000133c
17100902ns          294772 1c008b76 11012b03 lw               x22, 272(x2)        x22=1c00a000  x2:10001228  PA:10001338
17100922ns          294773 1c008b7a 10c12b83 lw               x23, 268(x2)        x23=1c000000  x2:10001228  PA:10001334
17100982ns          294776 1c008b7e 10812c03 lw               x24, 264(x2)        x24=1c000000  x2:10001228  PA:10001330
17101022ns          294778 1c008b82 10412c83 lw               x25, 260(x2)        x25=1c000000  x2:10001228  PA:1000132c
17101042ns          294779 1c008b86 10012d03 lw               x26, 256(x2)        x26=1c000000  x2:10001228  PA:10001328
17101061ns          294780 1c008b8a 0fc12d83 lw               x27, 252(x2)        x27=1c001104  x2:10001228  PA:10001324
17101081ns          294781 1c008b8c 13010113 addi             x2, x2, 304          x2=10001358  x2:10001228
17101101ns          294782 1c008b8e 00008067 jalr             x0, x1, 0            x1:1c008ae6
17101201ns          294787 1c008ae6 01c12083 lw               x1, 28(x2)           x1=1c009d12  x2:10001358  PA:10001374
17101240ns          294789 1c008ae8 04010113 addi             x2, x2, 64           x2=10001398  x2:10001358
17101260ns          294790 1c008aea 00008067 jalr             x0, x1, 0            x1:1c009d12
17101400ns          294797 1c009d12 00812703 lw               x14, 8(x2)          x14=0000118a  x2:10001398  PA:100013a0
17101439ns          294799 1c009d14 0c0c0513 addi             x10, x24, 192       x10=1c0000c0 x24:1c000000
17101459ns          294800 1c009d18 00e005b3 add              x11, x0, x14        x11=0000118a x14:0000118a
17101479ns          294801 1c009d1a 02070b63 beq              x14, x0, 54         x14:0000118a
17101499ns          294802 1c009d1c da3fe0ef jal              x1, -4702            x1=1c009d20
17101996ns          294827 1c008abe fc010113 addi             x2, x2, -64          x2=10001358  x2:10001398
17102076ns          294831 1c008ac0 02410313 addi             x6, x2, 36           x6=1000137c  x2:10001358
17102116ns          294833 1c008ac4 02c12423 sw               x12, 40(x2)         x12:00000000  x2:10001358  PA:10001380
17102136ns          294834 1c008ac6 00a00633 add              x12, x0, x10        x12=1c0000c0 x10:1c0000c0
17102155ns          294835 1c008ac8 1c009537 lui              x10, 0x1c009000     x10=1c009000
17102175ns          294836 1c008acc 02b12223 sw               x11, 36(x2)         x11:0000118a  x2:10001358  PA:1000137c
17102195ns          294837 1c008ace 02d12623 sw               x13, 44(x2)         x13:1a10f000  x2:10001358  PA:10001384
17102215ns          294838 1c008ad0 00200593 addi             x11, x0, 2          x11=00000002
17102235ns          294839 1c008ad2 006006b3 add              x13, x0, x6         x13=1000137c  x6:1000137c
17102255ns          294840 1c008ad4 a5250513 addi             x10, x10, -1454     x10=1c008a52 x10:1c009000
17102275ns          294841 1c008ad8 00112e23 sw               x1, 28(x2)           x1:1c009d20  x2:10001358  PA:10001374
17102295ns          294842 1c008ada 02e12823 sw               x14, 48(x2)         x14:0000118a  x2:10001358  PA:10001388
17102315ns          294843 1c008adc 02f12a23 sw               x15, 52(x2)         x15:00000000  x2:10001358  PA:1000138c
17102334ns          294844 1c008ade 03012c23 sw               x16, 56(x2)         x16:1000124c  x2:10001358  PA:10001390
17102354ns          294845 1c008ae0 03112e23 sw               x17, 60(x2)         x17:1c000040  x2:10001358  PA:10001394
17102374ns          294846 1c008ae2 00612623 sw               x6, 12(x2)           x6:1000137c  x2:10001358  PA:10001364
17102394ns          294847 1c008ae4 fbfff0ef jal              x1, -66              x1=1c008ae6
17102434ns          294849 1c008aa2 04a0006f jal              x0, 74             
17102474ns          294851 1c008aec ed010113 addi             x2, x2, -304         x2=10001228  x2:10001358
17102494ns          294852 1c008aee 12812423 sw               x8, 296(x2)          x8:1c00110c  x2:10001228  PA:10001350
17102513ns          294853 1c008af2 00000413 addi             x8, x0, 0            x8=00000000
17102533ns          294854 1c008af4 11612823 sw               x22, 272(x2)        x22:1c00a000  x2:10001228  PA:10001338
17102553ns          294855 1c008af8 11712623 sw               x23, 268(x2)        x23:1c000000  x2:10001228  PA:10001334
17102573ns          294856 1c008afc 11812423 sw               x24, 264(x2)        x24:1c000000  x2:10001228  PA:10001330
17102613ns          294858 1c008b00 11912223 sw               x25, 260(x2)        x25:1c000000  x2:10001228  PA:1000132c
17102653ns          294860 1c008b04 11a12023 sw               x26, 256(x2)        x26:1c000000  x2:10001228  PA:10001328
17102673ns          294861 1c008b08 0fb12e23 sw               x27, 252(x2)        x27:1c001104  x2:10001228  PA:10001324
17102692ns          294862 1c008b0a 12112623 sw               x1, 300(x2)          x1:1c008ae6  x2:10001228  PA:10001354
17102712ns          294863 1c008b0e 00800db3 add              x27, x0, x8         x27=00000000  x8:00000000
17102752ns          294865 1c008b10 12912223 sw               x9, 292(x2)          x9:00000000  x2:10001228  PA:1000134c
17102792ns          294867 1c008b14 13212023 sw               x18, 288(x2)        x18:1a10b004  x2:10001228  PA:10001348
17102812ns          294868 1c008b18 11312e23 sw               x19, 284(x2)        x19:00000000  x2:10001228  PA:10001344
17102832ns          294869 1c008b1c 11412c23 sw               x20, 280(x2)        x20:1c001110  x2:10001228  PA:10001340
17102891ns          294872 1c008b20 11512a23 sw               x21, 276(x2)        x21:1c00a000  x2:10001228  PA:1000133c
17102931ns          294874 1c008b24 00a00b33 add              x22, x0, x10        x22=1c008a52 x10:1c008a52
17102951ns          294875 1c008b26 00b00d33 add              x26, x0, x11        x26=00000002 x11:00000002
17102971ns          294876 1c008b28 00d00c33 add              x24, x0, x13        x24=1000137c x13:1000137c
17102991ns          294877 1c008b2a 1c000bb7 lui              x23, 0x1c000000     x23=1c000000
17103011ns          294878 1c008b2e 02410c93 addi             x25, x2, 36         x25=1000124c  x2:10001228
17103031ns          294879 1c008b32 00c00433 add              x8, x0, x12          x8=1c0000c0 x12:1c0000c0
17103050ns          294880 1c008b34 00044503 lbu              x10, 0(x8)          x10=0000002c  x8:1c0000c0  PA:1c0000c0
17103349ns          294895 1c008b38 00140413 addi             x8, x8, 1            x8=1c0000c1  x8:1c0000c0
17103369ns          294896 1c008b3a 00050e63 beq              x10, x0, 28         x10:0000002c
17103389ns          294897 1c008b3c 02500793 addi             x15, x0, 37         x15=00000025
17103409ns          294898 1c008b40 04f50863 beq              x10, x15, 80        x10:0000002c x15:00000025
17103428ns          294899 1c008b44 01a005b3 add              x11, x0, x26        x11=00000002 x26:00000002
17103448ns          294900 1c008b46 000b00e7 jalr             x1, x22, 0           x1=1c008b48 x22:1c008a52
17103528ns          294904 1c008a52 000026b7 lui              x13, 0x2000         x13=00002000
17103568ns          294906 1c008a54 f14027f3 csrrs            x15, x0, 0xf14      x15=00000000
17103588ns          294907 1c008a58 f8068693 addi             x13, x13, -128      x13=00001f80 x13:00002000
17103607ns          294908 1c008a5c 00379713 slli             x14, x15, 0x3       x14=00000000 x15:00000000
17103627ns          294909 1c008a60 00279793 slli             x15, x15, 0x2       x15=00000000 x15:00000000
17103647ns          294910 1c008a62 00d7f7b3 and              x15, x15, x13       x15=00000000 x15:00000000 x13:00001f80
17103667ns          294911 1c008a64 ee873733 p.bclr           x14, x14, 23, 8     x14=00000000 x14:00000000
17103687ns          294912 1c008a68 1a10f6b7 lui              x13, 0x1a10f000     x13=1a10f000
17103707ns          294913 1c008a6c 0ff57513 andi             x10, x10, 255       x10=0000002c x10:0000002c
17103747ns          294915 1c008a70 00d70733 add              x14, x14, x13       x14=1a10f000 x14:00000000 x13:1a10f000
17103786ns          294917 1c008a72 00a7e723 p.sw             x10, x0(x15)        x10:0000002c x15:00000000  PA:1a10f000
17104224ns          294939 1c008a76 00000513 addi             x10, x0, 0          x10=00000000
17104244ns          294940 1c008a78 00008067 jalr             x0, x1, 0            x1:1c008b48
17104284ns          294942 1c008b48 31f52563 p.beqimm         x10, 778            x10:00000000
17104304ns          294943 1c008b4c 001d8d93 addi             x27, x27, 1         x27=00000001 x27:00000000
17104324ns          294944 1c008b4e 00044503 lbu              x10, 0(x8)          x10=00000020  x8:1c0000c1  PA:1c0000c1
17104642ns          294960 1c008b52 00140413 addi             x8, x8, 1            x8=1c0000c2  x8:1c0000c1
17104662ns          294961 1c008b54 fe0514e3 bne              x10, x0, -24        x10:00000020
17104721ns          294964 1c008b3c 02500793 addi             x15, x0, 37         x15=00000025
17104741ns          294965 1c008b40 04f50863 beq              x10, x15, 80        x10:00000020 x15:00000025
17104761ns          294966 1c008b44 01a005b3 add              x11, x0, x26        x11=00000002 x26:00000002
17104781ns          294967 1c008b46 000b00e7 jalr             x1, x22, 0           x1=1c008b48 x22:1c008a52
17104821ns          294969 1c008a52 000026b7 lui              x13, 0x2000         x13=00002000
17104841ns          294970 1c008a54 f14027f3 csrrs            x15, x0, 0xf14      x15=00000000
17104861ns          294971 1c008a58 f8068693 addi             x13, x13, -128      x13=00001f80 x13:00002000
17104880ns          294972 1c008a5c 00379713 slli             x14, x15, 0x3       x14=00000000 x15:00000000
17104900ns          294973 1c008a60 00279793 slli             x15, x15, 0x2       x15=00000000 x15:00000000
17104920ns          294974 1c008a62 00d7f7b3 and              x15, x15, x13       x15=00000000 x15:00000000 x13:00001f80
17104940ns          294975 1c008a64 ee873733 p.bclr           x14, x14, 23, 8     x14=00000000 x14:00000000
17104960ns          294976 1c008a68 1a10f6b7 lui              x13, 0x1a10f000     x13=1a10f000
17104980ns          294977 1c008a6c 0ff57513 andi             x10, x10, 255       x10=00000020 x10:00000020
17105000ns          294978 1c008a70 00d70733 add              x14, x14, x13       x14=1a10f000 x14:00000000 x13:1a10f000
17105020ns          294979 1c008a72 00a7e723 p.sw             x10, x0(x15)        x10:00000020 x15:00000000  PA:1a10f000
17105338ns          294995 1c008a76 00000513 addi             x10, x0, 0          x10=00000000
17105358ns          294996 1c008a78 00008067 jalr             x0, x1, 0            x1:1c008b48
17105398ns          294998 1c008b48 31f52563 p.beqimm         x10, 778            x10:00000000
17105417ns          294999 1c008b4c 001d8d93 addi             x27, x27, 1         x27=00000002 x27:00000001
17105437ns          295000 1c008b4e 00044503 lbu              x10, 0(x8)          x10=00000065  x8:1c0000c2  PA:1c0000c2
17105736ns          295015 1c008b52 00140413 addi             x8, x8, 1            x8=1c0000c3  x8:1c0000c2
17105756ns          295016 1c008b54 fe0514e3 bne              x10, x0, -24        x10:00000065
17105815ns          295019 1c008b3c 02500793 addi             x15, x0, 37         x15=00000025
17105835ns          295020 1c008b40 04f50863 beq              x10, x15, 80        x10:00000065 x15:00000025
17105855ns          295021 1c008b44 01a005b3 add              x11, x0, x26        x11=00000002 x26:00000002
17105875ns          295022 1c008b46 000b00e7 jalr             x1, x22, 0           x1=1c008b48 x22:1c008a52
17105915ns          295024 1c008a52 000026b7 lui              x13, 0x2000         x13=00002000
17105935ns          295025 1c008a54 f14027f3 csrrs            x15, x0, 0xf14      x15=00000000
17105955ns          295026 1c008a58 f8068693 addi             x13, x13, -128      x13=00001f80 x13:00002000
17105974ns          295027 1c008a5c 00379713 slli             x14, x15, 0x3       x14=00000000 x15:00000000
17105994ns          295028 1c008a60 00279793 slli             x15, x15, 0x2       x15=00000000 x15:00000000
17106014ns          295029 1c008a62 00d7f7b3 and              x15, x15, x13       x15=00000000 x15:00000000 x13:00001f80
17106034ns          295030 1c008a64 ee873733 p.bclr           x14, x14, 23, 8     x14=00000000 x14:00000000
17106054ns          295031 1c008a68 1a10f6b7 lui              x13, 0x1a10f000     x13=1a10f000
17106074ns          295032 1c008a6c 0ff57513 andi             x10, x10, 255       x10=00000065 x10:00000065
17106094ns          295033 1c008a70 00d70733 add              x14, x14, x13       x14=1a10f000 x14:00000000 x13:1a10f000
17106114ns          295034 1c008a72 00a7e723 p.sw             x10, x0(x15)        x10:00000065 x15:00000000  PA:1a10f000
17106452ns          295051 1c008a76 00000513 addi             x10, x0, 0          x10=00000000
17106472ns          295052 1c008a78 00008067 jalr             x0, x1, 0            x1:1c008b48
17106511ns          295054 1c008b48 31f52563 p.beqimm         x10, 778            x10:00000000
17106531ns          295055 1c008b4c 001d8d93 addi             x27, x27, 1         x27=00000003 x27:00000002
17106551ns          295056 1c008b4e 00044503 lbu              x10, 0(x8)          x10=00000078  x8:1c0000c3  PA:1c0000c3
17106850ns          295071 1c008b52 00140413 addi             x8, x8, 1            x8=1c0000c4  x8:1c0000c3
17106870ns          295072 1c008b54 fe0514e3 bne              x10, x0, -24        x10:00000078
17106929ns          295075 1c008b3c 02500793 addi             x15, x0, 37         x15=00000025
17106949ns          295076 1c008b40 04f50863 beq              x10, x15, 80        x10:00000078 x15:00000025
17106969ns          295077 1c008b44 01a005b3 add              x11, x0, x26        x11=00000002 x26:00000002
17106989ns          295078 1c008b46 000b00e7 jalr             x1, x22, 0           x1=1c008b48 x22:1c008a52
17107029ns          295080 1c008a52 000026b7 lui              x13, 0x2000         x13=00002000
17107049ns          295081 1c008a54 f14027f3 csrrs            x15, x0, 0xf14      x15=00000000
17107068ns          295082 1c008a58 f8068693 addi             x13, x13, -128      x13=00001f80 x13:00002000
17107088ns          295083 1c008a5c 00379713 slli             x14, x15, 0x3       x14=00000000 x15:00000000
17107108ns          295084 1c008a60 00279793 slli             x15, x15, 0x2       x15=00000000 x15:00000000
17107128ns          295085 1c008a62 00d7f7b3 and              x15, x15, x13       x15=00000000 x15:00000000 x13:00001f80
17107148ns          295086 1c008a64 ee873733 p.bclr           x14, x14, 23, 8     x14=00000000 x14:00000000
17107168ns          295087 1c008a68 1a10f6b7 lui              x13, 0x1a10f000     x13=1a10f000
17107188ns          295088 1c008a6c 0ff57513 andi             x10, x10, 255       x10=00000078 x10:00000078
17107208ns          295089 1c008a70 00d70733 add              x14, x14, x13       x14=1a10f000 x14:00000000 x13:1a10f000
17107228ns          295090 1c008a72 00a7e723 p.sw             x10, x0(x15)        x10:00000078 x15:00000000  PA:1a10f000
17107566ns          295107 1c008a76 00000513 addi             x10, x0, 0          x10=00000000
17107586ns          295108 1c008a78 00008067 jalr             x0, x1, 0            x1:1c008b48
17107625ns          295110 1c008b48 31f52563 p.beqimm         x10, 778            x10:00000000
17107645ns          295111 1c008b4c 001d8d93 addi             x27, x27, 1         x27=00000004 x27:00000003
17107665ns          295112 1c008b4e 00044503 lbu              x10, 0(x8)          x10=00000065  x8:1c0000c4  PA:1c0000c4
17107964ns          295127 1c008b52 00140413 addi             x8, x8, 1            x8=1c0000c5  x8:1c0000c4
17107983ns          295128 1c008b54 fe0514e3 bne              x10, x0, -24        x10:00000065
17108043ns          295131 1c008b3c 02500793 addi             x15, x0, 37         x15=00000025
17108063ns          295132 1c008b40 04f50863 beq              x10, x15, 80        x10:00000065 x15:00000025
17108083ns          295133 1c008b44 01a005b3 add              x11, x0, x26        x11=00000002 x26:00000002
17108103ns          295134 1c008b46 000b00e7 jalr             x1, x22, 0           x1=1c008b48 x22:1c008a52
17108143ns          295136 1c008a52 000026b7 lui              x13, 0x2000         x13=00002000
17108162ns          295137 1c008a54 f14027f3 csrrs            x15, x0, 0xf14      x15=00000000
17108182ns          295138 1c008a58 f8068693 addi             x13, x13, -128      x13=00001f80 x13:00002000
17108202ns          295139 1c008a5c 00379713 slli             x14, x15, 0x3       x14=00000000 x15:00000000
17108222ns          295140 1c008a60 00279793 slli             x15, x15, 0x2       x15=00000000 x15:00000000
17108242ns          295141 1c008a62 00d7f7b3 and              x15, x15, x13       x15=00000000 x15:00000000 x13:00001f80
17108262ns          295142 1c008a64 ee873733 p.bclr           x14, x14, 23, 8     x14=00000000 x14:00000000
17108282ns          295143 1c008a68 1a10f6b7 lui              x13, 0x1a10f000     x13=1a10f000
17108302ns          295144 1c008a6c 0ff57513 andi             x10, x10, 255       x10=00000065 x10:00000065
17108322ns          295145 1c008a70 00d70733 add              x14, x14, x13       x14=1a10f000 x14:00000000 x13:1a10f000
17108341ns          295146 1c008a72 00a7e723 p.sw             x10, x0(x15)        x10:00000065 x15:00000000  PA:1a10f000
17108699ns          295164 1c008a76 00000513 addi             x10, x0, 0          x10=00000000
17108719ns          295165 1c008a78 00008067 jalr             x0, x1, 0            x1:1c008b48
17108759ns          295167 1c008b48 31f52563 p.beqimm         x10, 778            x10:00000000
17108779ns          295168 1c008b4c 001d8d93 addi             x27, x27, 1         x27=00000005 x27:00000004
17108799ns          295169 1c008b4e 00044503 lbu              x10, 0(x8)          x10=00000063  x8:1c0000c5  PA:1c0000c5
17109097ns          295184 1c008b52 00140413 addi             x8, x8, 1            x8=1c0000c6  x8:1c0000c5
17109117ns          295185 1c008b54 fe0514e3 bne              x10, x0, -24        x10:00000063
17109177ns          295188 1c008b3c 02500793 addi             x15, x0, 37         x15=00000025
17109197ns          295189 1c008b40 04f50863 beq              x10, x15, 80        x10:00000063 x15:00000025
17109217ns          295190 1c008b44 01a005b3 add              x11, x0, x26        x11=00000002 x26:00000002
17109237ns          295191 1c008b46 000b00e7 jalr             x1, x22, 0           x1=1c008b48 x22:1c008a52
17109276ns          295193 1c008a52 000026b7 lui              x13, 0x2000         x13=00002000
17109296ns          295194 1c008a54 f14027f3 csrrs            x15, x0, 0xf14      x15=00000000
17109316ns          295195 1c008a58 f8068693 addi             x13, x13, -128      x13=00001f80 x13:00002000
17109336ns          295196 1c008a5c 00379713 slli             x14, x15, 0x3       x14=00000000 x15:00000000
17109356ns          295197 1c008a60 00279793 slli             x15, x15, 0x2       x15=00000000 x15:00000000
17109376ns          295198 1c008a62 00d7f7b3 and              x15, x15, x13       x15=00000000 x15:00000000 x13:00001f80
17109396ns          295199 1c008a64 ee873733 p.bclr           x14, x14, 23, 8     x14=00000000 x14:00000000
17109416ns          295200 1c008a68 1a10f6b7 lui              x13, 0x1a10f000     x13=1a10f000
17109435ns          295201 1c008a6c 0ff57513 andi             x10, x10, 255       x10=00000063 x10:00000063
17109455ns          295202 1c008a70 00d70733 add              x14, x14, x13       x14=1a10f000 x14:00000000 x13:1a10f000
17109475ns          295203 1c008a72 00a7e723 p.sw             x10, x0(x15)        x10:00000063 x15:00000000  PA:1a10f000
17109793ns          295219 1c008a76 00000513 addi             x10, x0, 0          x10=00000000
17109813ns          295220 1c008a78 00008067 jalr             x0, x1, 0            x1:1c008b48
17109853ns          295222 1c008b48 31f52563 p.beqimm         x10, 778            x10:00000000
17109873ns          295223 1c008b4c 001d8d93 addi             x27, x27, 1         x27=00000006 x27:00000005
17109893ns          295224 1c008b4e 00044503 lbu              x10, 0(x8)          x10=00000075  x8:1c0000c6  PA:1c0000c6
17110191ns          295239 1c008b52 00140413 addi             x8, x8, 1            x8=1c0000c7  x8:1c0000c6
17110211ns          295240 1c008b54 fe0514e3 bne              x10, x0, -24        x10:00000075
17110271ns          295243 1c008b3c 02500793 addi             x15, x0, 37         x15=00000025
17110291ns          295244 1c008b40 04f50863 beq              x10, x15, 80        x10:00000075 x15:00000025
17110311ns          295245 1c008b44 01a005b3 add              x11, x0, x26        x11=00000002 x26:00000002
17110331ns          295246 1c008b46 000b00e7 jalr             x1, x22, 0           x1=1c008b48 x22:1c008a52
17110370ns          295248 1c008a52 000026b7 lui              x13, 0x2000         x13=00002000
17110390ns          295249 1c008a54 f14027f3 csrrs            x15, x0, 0xf14      x15=00000000
17110410ns          295250 1c008a58 f8068693 addi             x13, x13, -128      x13=00001f80 x13:00002000
17110430ns          295251 1c008a5c 00379713 slli             x14, x15, 0x3       x14=00000000 x15:00000000
17110450ns          295252 1c008a60 00279793 slli             x15, x15, 0x2       x15=00000000 x15:00000000
17110470ns          295253 1c008a62 00d7f7b3 and              x15, x15, x13       x15=00000000 x15:00000000 x13:00001f80
17110490ns          295254 1c008a64 ee873733 p.bclr           x14, x14, 23, 8     x14=00000000 x14:00000000
17110510ns          295255 1c008a68 1a10f6b7 lui              x13, 0x1a10f000     x13=1a10f000
17110529ns          295256 1c008a6c 0ff57513 andi             x10, x10, 255       x10=00000075 x10:00000075
17110549ns          295257 1c008a70 00d70733 add              x14, x14, x13       x14=1a10f000 x14:00000000 x13:1a10f000
17110569ns          295258 1c008a72 00a7e723 p.sw             x10, x0(x15)        x10:00000075 x15:00000000  PA:1a10f000
17110887ns          295274 1c008a76 00000513 addi             x10, x0, 0          x10=00000000
17110907ns          295275 1c008a78 00008067 jalr             x0, x1, 0            x1:1c008b48
17110947ns          295277 1c008b48 31f52563 p.beqimm         x10, 778            x10:00000000
17110967ns          295278 1c008b4c 001d8d93 addi             x27, x27, 1         x27=00000007 x27:00000006
17110987ns          295279 1c008b4e 00044503 lbu              x10, 0(x8)          x10=00000074  x8:1c0000c7  PA:1c0000c7
17111305ns          295295 1c008b52 00140413 addi             x8, x8, 1            x8=1c0000c8  x8:1c0000c7
17111325ns          295296 1c008b54 fe0514e3 bne              x10, x0, -24        x10:00000074
17111385ns          295299 1c008b3c 02500793 addi             x15, x0, 37         x15=00000025
17111405ns          295300 1c008b40 04f50863 beq              x10, x15, 80        x10:00000074 x15:00000025
17111425ns          295301 1c008b44 01a005b3 add              x11, x0, x26        x11=00000002 x26:00000002
17111444ns          295302 1c008b46 000b00e7 jalr             x1, x22, 0           x1=1c008b48 x22:1c008a52
17111484ns          295304 1c008a52 000026b7 lui              x13, 0x2000         x13=00002000
17111504ns          295305 1c008a54 f14027f3 csrrs            x15, x0, 0xf14      x15=00000000
17111524ns          295306 1c008a58 f8068693 addi             x13, x13, -128      x13=00001f80 x13:00002000
17111544ns          295307 1c008a5c 00379713 slli             x14, x15, 0x3       x14=00000000 x15:00000000
17111564ns          295308 1c008a60 00279793 slli             x15, x15, 0x2       x15=00000000 x15:00000000
17111584ns          295309 1c008a62 00d7f7b3 and              x15, x15, x13       x15=00000000 x15:00000000 x13:00001f80
17111604ns          295310 1c008a64 ee873733 p.bclr           x14, x14, 23, 8     x14=00000000 x14:00000000
17111623ns          295311 1c008a68 1a10f6b7 lui              x13, 0x1a10f000     x13=1a10f000
17111643ns          295312 1c008a6c 0ff57513 andi             x10, x10, 255       x10=00000074 x10:00000074
17111663ns          295313 1c008a70 00d70733 add              x14, x14, x13       x14=1a10f000 x14:00000000 x13:1a10f000
17111683ns          295314 1c008a72 00a7e723 p.sw             x10, x0(x15)        x10:00000074 x15:00000000  PA:1a10f000
17112001ns          295330 1c008a76 00000513 addi             x10, x0, 0          x10=00000000
17112021ns          295331 1c008a78 00008067 jalr             x0, x1, 0            x1:1c008b48
17112061ns          295333 1c008b48 31f52563 p.beqimm         x10, 778            x10:00000000
17112081ns          295334 1c008b4c 001d8d93 addi             x27, x27, 1         x27=00000008 x27:00000007
17112101ns          295335 1c008b4e 00044503 lbu              x10, 0(x8)          x10=00000069  x8:1c0000c8  PA:1c0000c8
17112399ns          295350 1c008b52 00140413 addi             x8, x8, 1            x8=1c0000c9  x8:1c0000c8
17112419ns          295351 1c008b54 fe0514e3 bne              x10, x0, -24        x10:00000069
17112479ns          295354 1c008b3c 02500793 addi             x15, x0, 37         x15=00000025
17112499ns          295355 1c008b40 04f50863 beq              x10, x15, 80        x10:00000069 x15:00000025
17112518ns          295356 1c008b44 01a005b3 add              x11, x0, x26        x11=00000002 x26:00000002
17112538ns          295357 1c008b46 000b00e7 jalr             x1, x22, 0           x1=1c008b48 x22:1c008a52
17112578ns          295359 1c008a52 000026b7 lui              x13, 0x2000         x13=00002000
17112598ns          295360 1c008a54 f14027f3 csrrs            x15, x0, 0xf14      x15=00000000
17112618ns          295361 1c008a58 f8068693 addi             x13, x13, -128      x13=00001f80 x13:00002000
17112638ns          295362 1c008a5c 00379713 slli             x14, x15, 0x3       x14=00000000 x15:00000000
17112658ns          295363 1c008a60 00279793 slli             x15, x15, 0x2       x15=00000000 x15:00000000
17112678ns          295364 1c008a62 00d7f7b3 and              x15, x15, x13       x15=00000000 x15:00000000 x13:00001f80
17112698ns          295365 1c008a64 ee873733 p.bclr           x14, x14, 23, 8     x14=00000000 x14:00000000
17112717ns          295366 1c008a68 1a10f6b7 lui              x13, 0x1a10f000     x13=1a10f000
17112737ns          295367 1c008a6c 0ff57513 andi             x10, x10, 255       x10=00000069 x10:00000069
17112757ns          295368 1c008a70 00d70733 add              x14, x14, x13       x14=1a10f000 x14:00000000 x13:1a10f000
17112777ns          295369 1c008a72 00a7e723 p.sw             x10, x0(x15)        x10:00000069 x15:00000000  PA:1a10f000
17113095ns          295385 1c008a76 00000513 addi             x10, x0, 0          x10=00000000
17113115ns          295386 1c008a78 00008067 jalr             x0, x1, 0            x1:1c008b48
17113155ns          295388 1c008b48 31f52563 p.beqimm         x10, 778            x10:00000000
17113175ns          295389 1c008b4c 001d8d93 addi             x27, x27, 1         x27=00000009 x27:00000008
17113195ns          295390 1c008b4e 00044503 lbu              x10, 0(x8)          x10=0000006f  x8:1c0000c9  PA:1c0000c9
17113493ns          295405 1c008b52 00140413 addi             x8, x8, 1            x8=1c0000ca  x8:1c0000c9
17113513ns          295406 1c008b54 fe0514e3 bne              x10, x0, -24        x10:0000006f
17113573ns          295409 1c008b3c 02500793 addi             x15, x0, 37         x15=00000025
17113593ns          295410 1c008b40 04f50863 beq              x10, x15, 80        x10:0000006f x15:00000025
17113612ns          295411 1c008b44 01a005b3 add              x11, x0, x26        x11=00000002 x26:00000002
17113632ns          295412 1c008b46 000b00e7 jalr             x1, x22, 0           x1=1c008b48 x22:1c008a52
17113672ns          295414 1c008a52 000026b7 lui              x13, 0x2000         x13=00002000
17113692ns          295415 1c008a54 f14027f3 csrrs            x15, x0, 0xf14      x15=00000000
17113712ns          295416 1c008a58 f8068693 addi             x13, x13, -128      x13=00001f80 x13:00002000
17113732ns          295417 1c008a5c 00379713 slli             x14, x15, 0x3       x14=00000000 x15:00000000
17113752ns          295418 1c008a60 00279793 slli             x15, x15, 0x2       x15=00000000 x15:00000000
17113772ns          295419 1c008a62 00d7f7b3 and              x15, x15, x13       x15=00000000 x15:00000000 x13:00001f80
17113792ns          295420 1c008a64 ee873733 p.bclr           x14, x14, 23, 8     x14=00000000 x14:00000000
17113811ns          295421 1c008a68 1a10f6b7 lui              x13, 0x1a10f000     x13=1a10f000
17113831ns          295422 1c008a6c 0ff57513 andi             x10, x10, 255       x10=0000006f x10:0000006f
17113851ns          295423 1c008a70 00d70733 add              x14, x14, x13       x14=1a10f000 x14:00000000 x13:1a10f000
17113871ns          295424 1c008a72 00a7e723 p.sw             x10, x0(x15)        x10:0000006f x15:00000000  PA:1a10f000
17114189ns          295440 1c008a76 00000513 addi             x10, x0, 0          x10=00000000
17114209ns          295441 1c008a78 00008067 jalr             x0, x1, 0            x1:1c008b48
17114249ns          295443 1c008b48 31f52563 p.beqimm         x10, 778            x10:00000000
17114269ns          295444 1c008b4c 001d8d93 addi             x27, x27, 1         x27=0000000a x27:00000009
17114289ns          295445 1c008b4e 00044503 lbu              x10, 0(x8)          x10=0000006e  x8:1c0000ca  PA:1c0000ca
17114587ns          295460 1c008b52 00140413 addi             x8, x8, 1            x8=1c0000cb  x8:1c0000ca
17114607ns          295461 1c008b54 fe0514e3 bne              x10, x0, -24        x10:0000006e
17114667ns          295464 1c008b3c 02500793 addi             x15, x0, 37         x15=00000025
17114687ns          295465 1c008b40 04f50863 beq              x10, x15, 80        x10:0000006e x15:00000025
17114706ns          295466 1c008b44 01a005b3 add              x11, x0, x26        x11=00000002 x26:00000002
17114726ns          295467 1c008b46 000b00e7 jalr             x1, x22, 0           x1=1c008b48 x22:1c008a52
17114766ns          295469 1c008a52 000026b7 lui              x13, 0x2000         x13=00002000
17114786ns          295470 1c008a54 f14027f3 csrrs            x15, x0, 0xf14      x15=00000000
17114806ns          295471 1c008a58 f8068693 addi             x13, x13, -128      x13=00001f80 x13:00002000
17114826ns          295472 1c008a5c 00379713 slli             x14, x15, 0x3       x14=00000000 x15:00000000
17114846ns          295473 1c008a60 00279793 slli             x15, x15, 0x2       x15=00000000 x15:00000000
17114866ns          295474 1c008a62 00d7f7b3 and              x15, x15, x13       x15=00000000 x15:00000000 x13:00001f80
17114885ns          295475 1c008a64 ee873733 p.bclr           x14, x14, 23, 8     x14=00000000 x14:00000000
17114905ns          295476 1c008a68 1a10f6b7 lui              x13, 0x1a10f000     x13=1a10f000
17114925ns          295477 1c008a6c 0ff57513 andi             x10, x10, 255       x10=0000006e x10:0000006e
17114945ns          295478 1c008a70 00d70733 add              x14, x14, x13       x14=1a10f000 x14:00000000 x13:1a10f000
17114965ns          295479 1c008a72 00a7e723 p.sw             x10, x0(x15)        x10:0000006e x15:00000000  PA:1a10f000
17115303ns          295496 1c008a76 00000513 addi             x10, x0, 0          x10=00000000
17115323ns          295497 1c008a78 00008067 jalr             x0, x1, 0            x1:1c008b48
17115363ns          295499 1c008b48 31f52563 p.beqimm         x10, 778            x10:00000000
17115383ns          295500 1c008b4c 001d8d93 addi             x27, x27, 1         x27=0000000b x27:0000000a
17115403ns          295501 1c008b4e 00044503 lbu              x10, 0(x8)          x10=00000020  x8:1c0000cb  PA:1c0000cb
17115701ns          295516 1c008b52 00140413 addi             x8, x8, 1            x8=1c0000cc  x8:1c0000cb
17115721ns          295517 1c008b54 fe0514e3 bne              x10, x0, -24        x10:00000020
17115781ns          295520 1c008b3c 02500793 addi             x15, x0, 37         x15=00000025
17115800ns          295521 1c008b40 04f50863 beq              x10, x15, 80        x10:00000020 x15:00000025
17115820ns          295522 1c008b44 01a005b3 add              x11, x0, x26        x11=00000002 x26:00000002
17115840ns          295523 1c008b46 000b00e7 jalr             x1, x22, 0           x1=1c008b48 x22:1c008a52
17115880ns          295525 1c008a52 000026b7 lui              x13, 0x2000         x13=00002000
17115900ns          295526 1c008a54 f14027f3 csrrs            x15, x0, 0xf14      x15=00000000
17115920ns          295527 1c008a58 f8068693 addi             x13, x13, -128      x13=00001f80 x13:00002000
17115940ns          295528 1c008a5c 00379713 slli             x14, x15, 0x3       x14=00000000 x15:00000000
17115960ns          295529 1c008a60 00279793 slli             x15, x15, 0x2       x15=00000000 x15:00000000
17115979ns          295530 1c008a62 00d7f7b3 and              x15, x15, x13       x15=00000000 x15:00000000 x13:00001f80
17115999ns          295531 1c008a64 ee873733 p.bclr           x14, x14, 23, 8     x14=00000000 x14:00000000
17116019ns          295532 1c008a68 1a10f6b7 lui              x13, 0x1a10f000     x13=1a10f000
17116039ns          295533 1c008a6c 0ff57513 andi             x10, x10, 255       x10=00000020 x10:00000020
17116059ns          295534 1c008a70 00d70733 add              x14, x14, x13       x14=1a10f000 x14:00000000 x13:1a10f000
17116079ns          295535 1c008a72 00a7e723 p.sw             x10, x0(x15)        x10:00000020 x15:00000000  PA:1a10f000
17116397ns          295551 1c008a76 00000513 addi             x10, x0, 0          x10=00000000
17116417ns          295552 1c008a78 00008067 jalr             x0, x1, 0            x1:1c008b48
17116457ns          295554 1c008b48 31f52563 p.beqimm         x10, 778            x10:00000000
17116477ns          295555 1c008b4c 001d8d93 addi             x27, x27, 1         x27=0000000c x27:0000000b
17116497ns          295556 1c008b4e 00044503 lbu              x10, 0(x8)          x10=00000074  x8:1c0000cc  PA:1c0000cc
17116795ns          295571 1c008b52 00140413 addi             x8, x8, 1            x8=1c0000cd  x8:1c0000cc
17116815ns          295572 1c008b54 fe0514e3 bne              x10, x0, -24        x10:00000074
17116875ns          295575 1c008b3c 02500793 addi             x15, x0, 37         x15=00000025
17116894ns          295576 1c008b40 04f50863 beq              x10, x15, 80        x10:00000074 x15:00000025
17116914ns          295577 1c008b44 01a005b3 add              x11, x0, x26        x11=00000002 x26:00000002
17116934ns          295578 1c008b46 000b00e7 jalr             x1, x22, 0           x1=1c008b48 x22:1c008a52
17116974ns          295580 1c008a52 000026b7 lui              x13, 0x2000         x13=00002000
17116994ns          295581 1c008a54 f14027f3 csrrs            x15, x0, 0xf14      x15=00000000
17117014ns          295582 1c008a58 f8068693 addi             x13, x13, -128      x13=00001f80 x13:00002000
17117034ns          295583 1c008a5c 00379713 slli             x14, x15, 0x3       x14=00000000 x15:00000000
17117054ns          295584 1c008a60 00279793 slli             x15, x15, 0x2       x15=00000000 x15:00000000
17117073ns          295585 1c008a62 00d7f7b3 and              x15, x15, x13       x15=00000000 x15:00000000 x13:00001f80
17117093ns          295586 1c008a64 ee873733 p.bclr           x14, x14, 23, 8     x14=00000000 x14:00000000
17117113ns          295587 1c008a68 1a10f6b7 lui              x13, 0x1a10f000     x13=1a10f000
17117133ns          295588 1c008a6c 0ff57513 andi             x10, x10, 255       x10=00000074 x10:00000074
17117153ns          295589 1c008a70 00d70733 add              x14, x14, x13       x14=1a10f000 x14:00000000 x13:1a10f000
17117173ns          295590 1c008a72 00a7e723 p.sw             x10, x0(x15)        x10:00000074 x15:00000000  PA:1a10f000
17117491ns          295606 1c008a76 00000513 addi             x10, x0, 0          x10=00000000
17117511ns          295607 1c008a78 00008067 jalr             x0, x1, 0            x1:1c008b48
17117551ns          295609 1c008b48 31f52563 p.beqimm         x10, 778            x10:00000000
17117571ns          295610 1c008b4c 001d8d93 addi             x27, x27, 1         x27=0000000d x27:0000000c
17117591ns          295611 1c008b4e 00044503 lbu              x10, 0(x8)          x10=00000069  x8:1c0000cd  PA:1c0000cd
17117909ns          295627 1c008b52 00140413 addi             x8, x8, 1            x8=1c0000ce  x8:1c0000cd
17117929ns          295628 1c008b54 fe0514e3 bne              x10, x0, -24        x10:00000069
17117988ns          295631 1c008b3c 02500793 addi             x15, x0, 37         x15=00000025
17118008ns          295632 1c008b40 04f50863 beq              x10, x15, 80        x10:00000069 x15:00000025
17118028ns          295633 1c008b44 01a005b3 add              x11, x0, x26        x11=00000002 x26:00000002
17118048ns          295634 1c008b46 000b00e7 jalr             x1, x22, 0           x1=1c008b48 x22:1c008a52
17118088ns          295636 1c008a52 000026b7 lui              x13, 0x2000         x13=00002000
17118108ns          295637 1c008a54 f14027f3 csrrs            x15, x0, 0xf14      x15=00000000
17118128ns          295638 1c008a58 f8068693 addi             x13, x13, -128      x13=00001f80 x13:00002000
17118148ns          295639 1c008a5c 00379713 slli             x14, x15, 0x3       x14=00000000 x15:00000000
17118167ns          295640 1c008a60 00279793 slli             x15, x15, 0x2       x15=00000000 x15:00000000
17118187ns          295641 1c008a62 00d7f7b3 and              x15, x15, x13       x15=00000000 x15:00000000 x13:00001f80
17118207ns          295642 1c008a64 ee873733 p.bclr           x14, x14, 23, 8     x14=00000000 x14:00000000
17118227ns          295643 1c008a68 1a10f6b7 lui              x13, 0x1a10f000     x13=1a10f000
17118247ns          295644 1c008a6c 0ff57513 andi             x10, x10, 255       x10=00000069 x10:00000069
17118267ns          295645 1c008a70 00d70733 add              x14, x14, x13       x14=1a10f000 x14:00000000 x13:1a10f000
17118287ns          295646 1c008a72 00a7e723 p.sw             x10, x0(x15)        x10:00000069 x15:00000000  PA:1a10f000
17118605ns          295662 1c008a76 00000513 addi             x10, x0, 0          x10=00000000
17118625ns          295663 1c008a78 00008067 jalr             x0, x1, 0            x1:1c008b48
17118665ns          295665 1c008b48 31f52563 p.beqimm         x10, 778            x10:00000000
17118685ns          295666 1c008b4c 001d8d93 addi             x27, x27, 1         x27=0000000e x27:0000000d
17118705ns          295667 1c008b4e 00044503 lbu              x10, 0(x8)          x10=0000006d  x8:1c0000ce  PA:1c0000ce
17119003ns          295682 1c008b52 00140413 addi             x8, x8, 1            x8=1c0000cf  x8:1c0000ce
17119023ns          295683 1c008b54 fe0514e3 bne              x10, x0, -24        x10:0000006d
17119082ns          295686 1c008b3c 02500793 addi             x15, x0, 37         x15=00000025
17119102ns          295687 1c008b40 04f50863 beq              x10, x15, 80        x10:0000006d x15:00000025
17119122ns          295688 1c008b44 01a005b3 add              x11, x0, x26        x11=00000002 x26:00000002
17119142ns          295689 1c008b46 000b00e7 jalr             x1, x22, 0           x1=1c008b48 x22:1c008a52
17119182ns          295691 1c008a52 000026b7 lui              x13, 0x2000         x13=00002000
17119202ns          295692 1c008a54 f14027f3 csrrs            x15, x0, 0xf14      x15=00000000
17119222ns          295693 1c008a58 f8068693 addi             x13, x13, -128      x13=00001f80 x13:00002000
17119242ns          295694 1c008a5c 00379713 slli             x14, x15, 0x3       x14=00000000 x15:00000000
17119261ns          295695 1c008a60 00279793 slli             x15, x15, 0x2       x15=00000000 x15:00000000
17119281ns          295696 1c008a62 00d7f7b3 and              x15, x15, x13       x15=00000000 x15:00000000 x13:00001f80
17119301ns          295697 1c008a64 ee873733 p.bclr           x14, x14, 23, 8     x14=00000000 x14:00000000
17119321ns          295698 1c008a68 1a10f6b7 lui              x13, 0x1a10f000     x13=1a10f000
17119341ns          295699 1c008a6c 0ff57513 andi             x10, x10, 255       x10=0000006d x10:0000006d
17119361ns          295700 1c008a70 00d70733 add              x14, x14, x13       x14=1a10f000 x14:00000000 x13:1a10f000
17119381ns          295701 1c008a72 00a7e723 p.sw             x10, x0(x15)        x10:0000006d x15:00000000  PA:1a10f000
17119699ns          295717 1c008a76 00000513 addi             x10, x0, 0          x10=00000000
17119719ns          295718 1c008a78 00008067 jalr             x0, x1, 0            x1:1c008b48
17119759ns          295720 1c008b48 31f52563 p.beqimm         x10, 778            x10:00000000
17119779ns          295721 1c008b4c 001d8d93 addi             x27, x27, 1         x27=0000000f x27:0000000e
17119799ns          295722 1c008b4e 00044503 lbu              x10, 0(x8)          x10=00000065  x8:1c0000cf  PA:1c0000cf
17120097ns          295737 1c008b52 00140413 addi             x8, x8, 1            x8=1c0000d0  x8:1c0000cf
17120117ns          295738 1c008b54 fe0514e3 bne              x10, x0, -24        x10:00000065
17120176ns          295741 1c008b3c 02500793 addi             x15, x0, 37         x15=00000025
17120196ns          295742 1c008b40 04f50863 beq              x10, x15, 80        x10:00000065 x15:00000025
17120216ns          295743 1c008b44 01a005b3 add              x11, x0, x26        x11=00000002 x26:00000002
17120236ns          295744 1c008b46 000b00e7 jalr             x1, x22, 0           x1=1c008b48 x22:1c008a52
17120276ns          295746 1c008a52 000026b7 lui              x13, 0x2000         x13=00002000
17120296ns          295747 1c008a54 f14027f3 csrrs            x15, x0, 0xf14      x15=00000000
17120316ns          295748 1c008a58 f8068693 addi             x13, x13, -128      x13=00001f80 x13:00002000
17120336ns          295749 1c008a5c 00379713 slli             x14, x15, 0x3       x14=00000000 x15:00000000
17120355ns          295750 1c008a60 00279793 slli             x15, x15, 0x2       x15=00000000 x15:00000000
17120375ns          295751 1c008a62 00d7f7b3 and              x15, x15, x13       x15=00000000 x15:00000000 x13:00001f80
17120395ns          295752 1c008a64 ee873733 p.bclr           x14, x14, 23, 8     x14=00000000 x14:00000000
17120415ns          295753 1c008a68 1a10f6b7 lui              x13, 0x1a10f000     x13=1a10f000
17120435ns          295754 1c008a6c 0ff57513 andi             x10, x10, 255       x10=00000065 x10:00000065
17120455ns          295755 1c008a70 00d70733 add              x14, x14, x13       x14=1a10f000 x14:00000000 x13:1a10f000
17120475ns          295756 1c008a72 00a7e723 p.sw             x10, x0(x15)        x10:00000065 x15:00000000  PA:1a10f000
17120793ns          295772 1c008a76 00000513 addi             x10, x0, 0          x10=00000000
17120813ns          295773 1c008a78 00008067 jalr             x0, x1, 0            x1:1c008b48
17120853ns          295775 1c008b48 31f52563 p.beqimm         x10, 778            x10:00000000
17120873ns          295776 1c008b4c 001d8d93 addi             x27, x27, 1         x27=00000010 x27:0000000f
17120893ns          295777 1c008b4e 00044503 lbu              x10, 0(x8)          x10=0000003a  x8:1c0000d0  PA:1c0000d0
17121191ns          295792 1c008b52 00140413 addi             x8, x8, 1            x8=1c0000d1  x8:1c0000d0
17121211ns          295793 1c008b54 fe0514e3 bne              x10, x0, -24        x10:0000003a
17121270ns          295796 1c008b3c 02500793 addi             x15, x0, 37         x15=00000025
17121290ns          295797 1c008b40 04f50863 beq              x10, x15, 80        x10:0000003a x15:00000025
17121310ns          295798 1c008b44 01a005b3 add              x11, x0, x26        x11=00000002 x26:00000002
17121330ns          295799 1c008b46 000b00e7 jalr             x1, x22, 0           x1=1c008b48 x22:1c008a52
17121370ns          295801 1c008a52 000026b7 lui              x13, 0x2000         x13=00002000
17121390ns          295802 1c008a54 f14027f3 csrrs            x15, x0, 0xf14      x15=00000000
17121410ns          295803 1c008a58 f8068693 addi             x13, x13, -128      x13=00001f80 x13:00002000
17121430ns          295804 1c008a5c 00379713 slli             x14, x15, 0x3       x14=00000000 x15:00000000
17121449ns          295805 1c008a60 00279793 slli             x15, x15, 0x2       x15=00000000 x15:00000000
17121469ns          295806 1c008a62 00d7f7b3 and              x15, x15, x13       x15=00000000 x15:00000000 x13:00001f80
17121489ns          295807 1c008a64 ee873733 p.bclr           x14, x14, 23, 8     x14=00000000 x14:00000000
17121509ns          295808 1c008a68 1a10f6b7 lui              x13, 0x1a10f000     x13=1a10f000
17121529ns          295809 1c008a6c 0ff57513 andi             x10, x10, 255       x10=0000003a x10:0000003a
17121549ns          295810 1c008a70 00d70733 add              x14, x14, x13       x14=1a10f000 x14:00000000 x13:1a10f000
17121569ns          295811 1c008a72 00a7e723 p.sw             x10, x0(x15)        x10:0000003a x15:00000000  PA:1a10f000
17121927ns          295829 1c008a76 00000513 addi             x10, x0, 0          x10=00000000
17121947ns          295830 1c008a78 00008067 jalr             x0, x1, 0            x1:1c008b48
17121986ns          295832 1c008b48 31f52563 p.beqimm         x10, 778            x10:00000000
17122006ns          295833 1c008b4c 001d8d93 addi             x27, x27, 1         x27=00000011 x27:00000010
17122026ns          295834 1c008b4e 00044503 lbu              x10, 0(x8)          x10=00000020  x8:1c0000d1  PA:1c0000d1
17122325ns          295849 1c008b52 00140413 addi             x8, x8, 1            x8=1c0000d2  x8:1c0000d1
17122345ns          295850 1c008b54 fe0514e3 bne              x10, x0, -24        x10:00000020
17122404ns          295853 1c008b3c 02500793 addi             x15, x0, 37         x15=00000025
17122424ns          295854 1c008b40 04f50863 beq              x10, x15, 80        x10:00000020 x15:00000025
17122444ns          295855 1c008b44 01a005b3 add              x11, x0, x26        x11=00000002 x26:00000002
17122464ns          295856 1c008b46 000b00e7 jalr             x1, x22, 0           x1=1c008b48 x22:1c008a52
17122504ns          295858 1c008a52 000026b7 lui              x13, 0x2000         x13=00002000
17122524ns          295859 1c008a54 f14027f3 csrrs            x15, x0, 0xf14      x15=00000000
17122543ns          295860 1c008a58 f8068693 addi             x13, x13, -128      x13=00001f80 x13:00002000
17122563ns          295861 1c008a5c 00379713 slli             x14, x15, 0x3       x14=00000000 x15:00000000
17122583ns          295862 1c008a60 00279793 slli             x15, x15, 0x2       x15=00000000 x15:00000000
17122603ns          295863 1c008a62 00d7f7b3 and              x15, x15, x13       x15=00000000 x15:00000000 x13:00001f80
17122623ns          295864 1c008a64 ee873733 p.bclr           x14, x14, 23, 8     x14=00000000 x14:00000000
17122643ns          295865 1c008a68 1a10f6b7 lui              x13, 0x1a10f000     x13=1a10f000
17122663ns          295866 1c008a6c 0ff57513 andi             x10, x10, 255       x10=00000020 x10:00000020
17122683ns          295867 1c008a70 00d70733 add              x14, x14, x13       x14=1a10f000 x14:00000000 x13:1a10f000
17122703ns          295868 1c008a72 00a7e723 p.sw             x10, x0(x15)        x10:00000020 x15:00000000  PA:1a10f000
17123021ns          295884 1c008a76 00000513 addi             x10, x0, 0          x10=00000000
17123041ns          295885 1c008a78 00008067 jalr             x0, x1, 0            x1:1c008b48
17123080ns          295887 1c008b48 31f52563 p.beqimm         x10, 778            x10:00000000
17123100ns          295888 1c008b4c 001d8d93 addi             x27, x27, 1         x27=00000012 x27:00000011
17123120ns          295889 1c008b4e 00044503 lbu              x10, 0(x8)          x10=00000025  x8:1c0000d2  PA:1c0000d2
17123419ns          295904 1c008b52 00140413 addi             x8, x8, 1            x8=1c0000d3  x8:1c0000d2
17123439ns          295905 1c008b54 fe0514e3 bne              x10, x0, -24        x10:00000025
17123498ns          295908 1c008b3c 02500793 addi             x15, x0, 37         x15=00000025
17123518ns          295909 1c008b40 04f50863 beq              x10, x15, 80        x10:00000025 x15:00000025
17123578ns          295912 1c008b90 00044483 lbu              x9, 0(x8)            x9=00000064  x8:1c0000d3  PA:1c0000d3
17123876ns          295927 1c008b94 02000693 addi             x13, x0, 32         x13=00000020
17123896ns          295928 1c008b98 00140a93 addi             x21, x8, 1          x21=1c0000d4  x8:1c0000d3
17123916ns          295929 1c008b9c 009005b3 add              x11, x0, x9         x11=00000064  x9:00000064
17123936ns          295930 1c008b9e 05cb8513 addi             x10, x23, 92        x10=1c00005c x23:1c000000
17123956ns          295931 1c008ba2 00d12823 sw               x13, 16(x2)         x13:00000020  x2:10001228  PA:10001238
17123976ns          295932 1c008ba4 00012c23 sw               x0, 24(x2)           x2:10001228  PA:10001240
17123995ns          295933 1c008ba6 00012a23 sw               x0, 20(x2)           x2:10001228  PA:1000123c
17124015ns          295934 1c008ba8 00012e23 sw               x0, 28(x2)           x2:10001228  PA:10001244
17124035ns          295935 1c008baa 00012623 sw               x0, 12(x2)           x2:10001228  PA:10001234
17124055ns          295936 1c008bac 02300913 addi             x18, x0, 35         x18=00000023
17124075ns          295937 1c008bb0 02d00a13 addi             x20, x0, 45         x20=0000002d
17124095ns          295938 1c008bb4 015009b3 add              x19, x0, x21        x19=1c0000d4 x21:1c0000d4
17124115ns          295939 1c008bb6 e1dff0ef jal              x1, -484             x1=1c008bb8
17124174ns          295942 1c0089d2 00054783 lbu              x15, 0(x10)         x15=0000002d x10:1c00005c  PA:1c00005c
17124513ns          295959 1c0089d6 0ff5f593 andi             x11, x11, 255       x11=00000064 x11:00000064
17124533ns          295960 1c0089da 00b78c63 beq              x15, x11, 24        x15:0000002d x11:00000064
17124552ns          295961 1c0089de 00078b63 beq              x15, x0, 22         x15:0000002d
17124572ns          295962 1c0089e0 00150793 addi             x15, x10, 1         x15=1c00005d x10:1c00005c
17124592ns          295963 1c0089e4 0040006f jal              x0, 4              
17124632ns          295965 1c0089e8 00f00533 add              x10, x0, x15        x10=1c00005d x15:1c00005d
17124652ns          295966 1c0089ea 0017c70b p.lbu            x14, 1(x15!)        x14=0000002b x15=1c00005e x15:1c00005d  PA:1c00005d
17124970ns          295982 1c0089ee feb71ce3 bne              x14, x11, -8        x14:0000002b x11:00000064
17125030ns          295985 1c0089e6 00070763 beq              x14, x0, 14         x14:0000002b
17125050ns          295986 1c0089e8 00f00533 add              x10, x0, x15        x10=1c00005e x15:1c00005e
17125070ns          295987 1c0089ea 0017c70b p.lbu            x14, 1(x15!)        x14=00000020 x15=1c00005f x15:1c00005e  PA:1c00005e
17125408ns          296004 1c0089ee feb71ce3 bne              x14, x11, -8        x14:00000020 x11:00000064
17125467ns          296007 1c0089e6 00070763 beq              x14, x0, 14         x14:00000020
17125487ns          296008 1c0089e8 00f00533 add              x10, x0, x15        x10=1c00005f x15:1c00005f
17125507ns          296009 1c0089ea 0017c70b p.lbu            x14, 1(x15!)        x14=00000023 x15=1c000060 x15:1c00005f  PA:1c00005f
17125825ns          296025 1c0089ee feb71ce3 bne              x14, x11, -8        x14:00000023 x11:00000064
17125885ns          296028 1c0089e6 00070763 beq              x14, x0, 14         x14:00000023
17125905ns          296029 1c0089e8 00f00533 add              x10, x0, x15        x10=1c000060 x15:1c000060
17125925ns          296030 1c0089ea 0017c70b p.lbu            x14, 1(x15!)        x14=00000030 x15=1c000061 x15:1c000060  PA:1c000060
17126243ns          296046 1c0089ee feb71ce3 bne              x14, x11, -8        x14:00000030 x11:00000064
17126303ns          296049 1c0089e6 00070763 beq              x14, x0, 14         x14:00000030
17126323ns          296050 1c0089e8 00f00533 add              x10, x0, x15        x10=1c000061 x15:1c000061
17126343ns          296051 1c0089ea 0017c70b p.lbu            x14, 1(x15!)        x14=00000000 x15=1c000062 x15:1c000061  PA:1c000061
17126661ns          296067 1c0089ee feb71ce3 bne              x14, x11, -8        x14:00000000 x11:00000064
17126720ns          296070 1c0089e6 00070763 beq              x14, x0, 14         x14:00000000
17126780ns          296073 1c0089f4 0015b593 sltiu            x11, x11, 1         x11=00000000 x11:00000064
17126800ns          296074 1c0089f8 40b005b3 sub              x11, x0, x11        x11=00000000 x11:00000000
17126820ns          296075 1c0089fc 00b57533 and              x10, x10, x11       x10=00000000 x10:1c000061 x11:00000000
17126840ns          296076 1c0089fe 00008067 jalr             x0, x1, 0            x1:1c008bb8
17126919ns          296080 1c008bb8 02050a63 beq              x10, x0, 52         x10:00000000
17127019ns          296085 1c008bec 02a00613 addi             x12, x0, 42         x12=0000002a
17127098ns          296089 1c008bf0 2ac48663 beq              x9, x12, 684         x9:00000064 x12:0000002a
17127138ns          296091 1c008bf4 fd048613 addi             x12, x9, -48        x12=00000034  x9:00000064
17127158ns          296092 1c008bf8 00900593 addi             x11, x0, 9          x11=00000009
17127178ns          296093 1c008bfa 00000913 addi             x18, x0, 0          x18=00000000
17127198ns          296094 1c008bfc 28c5f063 bgeu             x11, x12, 640       x11:00000009 x12:00000034
17127238ns          296096 1c008c00 02e00693 addi             x13, x0, 46         x13=0000002e
17127277ns          296098 1c008c04 fff00a13 addi             x20, x0, -1         x20=ffffffff
17127297ns          296099 1c008c06 2ed48363 beq              x9, x13, 742         x9:00000064 x13:0000002e
17127317ns          296100 1c008c0a 1c0007b7 lui              x15, 0x1c000000     x15=1c000000
17127337ns          296101 1c008c0e 009005b3 add              x11, x0, x9         x11=00000064  x9:00000064
17127377ns          296103 1c008c10 06478513 addi             x10, x15, 100       x10=1c000064 x15:1c000000
17127417ns          296105 1c008c14 dbfff0ef jal              x1, -578             x1=1c008c16
17127476ns          296108 1c0089d2 00054783 lbu              x15, 0(x10)         x15=00000068 x10:1c000064  PA:1c000064
17127775ns          296123 1c0089d6 0ff5f593 andi             x11, x11, 255       x11=00000064 x11:00000064
17127795ns          296124 1c0089da 00b78c63 beq              x15, x11, 24        x15:00000068 x11:00000064
17127814ns          296125 1c0089de 00078b63 beq              x15, x0, 22         x15:00000068
17127834ns          296126 1c0089e0 00150793 addi             x15, x10, 1         x15=1c000065 x10:1c000064
17127854ns          296127 1c0089e4 0040006f jal              x0, 4              
17127894ns          296129 1c0089e8 00f00533 add              x10, x0, x15        x10=1c000065 x15:1c000065
17127914ns          296130 1c0089ea 0017c70b p.lbu            x14, 1(x15!)        x14=0000006c x15=1c000066 x15:1c000065  PA:1c000065
17128232ns          296146 1c0089ee feb71ce3 bne              x14, x11, -8        x14:0000006c x11:00000064
17128292ns          296149 1c0089e6 00070763 beq              x14, x0, 14         x14:0000006c
17128312ns          296150 1c0089e8 00f00533 add              x10, x0, x15        x10=1c000066 x15:1c000066
17128332ns          296151 1c0089ea 0017c70b p.lbu            x14, 1(x15!)        x14=0000004c x15=1c000067 x15:1c000066  PA:1c000066
17128650ns          296167 1c0089ee feb71ce3 bne              x14, x11, -8        x14:0000004c x11:00000064
17128710ns          296170 1c0089e6 00070763 beq              x14, x0, 14         x14:0000004c
17128729ns          296171 1c0089e8 00f00533 add              x10, x0, x15        x10=1c000067 x15:1c000067
17128749ns          296172 1c0089ea 0017c70b p.lbu            x14, 1(x15!)        x14=0000007a x15=1c000068 x15:1c000067  PA:1c000067
17129068ns          296188 1c0089ee feb71ce3 bne              x14, x11, -8        x14:0000007a x11:00000064
17129127ns          296191 1c0089e6 00070763 beq              x14, x0, 14         x14:0000007a
17129147ns          296192 1c0089e8 00f00533 add              x10, x0, x15        x10=1c000068 x15:1c000068
17129167ns          296193 1c0089ea 0017c70b p.lbu            x14, 1(x15!)        x14=00000000 x15=1c000069 x15:1c000068  PA:1c000068
17129485ns          296209 1c0089ee feb71ce3 bne              x14, x11, -8        x14:00000000 x11:00000064
17129545ns          296212 1c0089e6 00070763 beq              x14, x0, 14         x14:00000000
17129605ns          296215 1c0089f4 0015b593 sltiu            x11, x11, 1         x11=00000000 x11:00000064
17129625ns          296216 1c0089f8 40b005b3 sub              x11, x0, x11        x11=00000000 x11:00000000
17129644ns          296217 1c0089fc 00b57533 and              x10, x10, x11       x10=00000000 x10:1c000068 x11:00000000
17129664ns          296218 1c0089fe 00008067 jalr             x0, x1, 0            x1:1c008c16
17129704ns          296220 1c008c16 01300433 add              x8, x0, x19          x8=1c0000d4 x19:1c0000d4
17129724ns          296221 1c008c18 00050563 beq              x10, x0, 10         x10:00000000
17129863ns          296228 1c008c22 06700693 addi             x13, x0, 103        x13=00000067
17129883ns          296229 1c008c26 2896d963 bge              x13, x9, 658        x13:00000067  x9:00000064
17130042ns          296237 1c008eb8 06500693 addi             x13, x0, 101        x13=00000065
17130082ns          296239 1c008ebc 12d4d563 bge              x9, x13, 298         x9:00000064 x13:00000065
17130142ns          296242 1c008ec0 04700693 addi             x13, x0, 71         x13=00000047
17130181ns          296244 1c008ec4 dc96cbe3 blt              x13, x9, -554       x13:00000047  x9:00000064
17130321ns          296251 1c008c9a 06300693 addi             x13, x0, 99         x13=00000063
17130380ns          296254 1c008c9e 0ad488e3 beq              x9, x13, 2224        x9:00000064 x13:00000063
17130420ns          296256 1c008ca2 0096c9e3 blt              x13, x9, 2066       x13:00000063  x9:00000064
17130520ns          296261 1c0094b4 000c2583 lw               x11, 0(x24)         x11=0000118a x24:1000137c  PA:1000137c
17130559ns          296263 1c0094b8 004c0c13 addi             x24, x24, 4         x24=10001380 x24:1000137c
17130579ns          296264 1c0094ba 3405cc63 blt              x11, x0, 856        x11:0000118a
17130599ns          296265 1c0094be 01412603 lw               x12, 20(x2)         x12=00000000  x2:10001228  PA:1000123c
17130639ns          296267 1c0094c0 00b006b3 add              x13, x0, x11        x13=0000118a x11:0000118a
17130679ns          296269 1c0094c2 2e061863 bne              x12, x0, 752        x12:00000000
17130699ns          296270 1c0094c6 01812703 lw               x14, 24(x2)         x14=00000000  x2:10001228  PA:10001240
17130719ns          296271 1c0094c8 019007b3 add              x15, x0, x25        x15=1000124c x25:1000124c
17130738ns          296272 1c0094ca 00070763 beq              x14, x0, 14         x14:00000000
17130818ns          296276 1c0094d8 00f00733 add              x14, x0, x15        x14=1000124c x15:1000124c
17130838ns          296277 1c0094da 00a00513 addi             x10, x0, 10         x10=0000000a
17130858ns          296278 1c0094dc 02a6f633 remu             x12, x13, x10       x12=00000000 x13:0000118a x10:0000000a
17131494ns          296310 1c0094e0 02a6d6b3 divu             x13, x13, x10       x13=000001c1 x13:0000118a x10:0000000a
17132111ns          296341 1c0094e4 03060613 addi             x12, x12, 48        x12=00000030 x12:00000000
17132131ns          296342 1c0094e8 00c700ab p.sb             x12, 1(x14!)        x14=1000124d x12:00000030 x14:1000124c  PA:1000124c
17132151ns          296343 1c0094ec fe0698e3 bne              x13, x0, -16        x13:000001c1
17132210ns          296346 1c0094dc 02a6f633 remu             x12, x13, x10       x12=00000009 x13:000001c1 x10:0000000a
17132827ns          296377 1c0094e0 02a6d6b3 divu             x13, x13, x10       x13=0000002c x13:000001c1 x10:0000000a
17133444ns          296408 1c0094e4 03060613 addi             x12, x12, 48        x12=00000039 x12:00000009
17133463ns          296409 1c0094e8 00c700ab p.sb             x12, 1(x14!)        x14=1000124e x12:00000039 x14:1000124d  PA:1000124d
17133483ns          296410 1c0094ec fe0698e3 bne              x13, x0, -16        x13:0000002c
17133543ns          296413 1c0094dc 02a6f633 remu             x12, x13, x10       x12=00000004 x13:0000002c x10:0000000a
17134160ns          296444 1c0094e0 02a6d6b3 divu             x13, x13, x10       x13=00000004 x13:0000002c x10:0000000a
17134776ns          296475 1c0094e4 03060613 addi             x12, x12, 48        x12=00000034 x12:00000004
17134796ns          296476 1c0094e8 00c700ab p.sb             x12, 1(x14!)        x14=1000124f x12:00000034 x14:1000124e  PA:1000124e
17134816ns          296477 1c0094ec fe0698e3 bne              x13, x0, -16        x13:00000004
17134876ns          296480 1c0094dc 02a6f633 remu             x12, x13, x10       x12=00000004 x13:00000004 x10:0000000a
17135492ns          296511 1c0094e0 02a6d6b3 divu             x13, x13, x10       x13=00000000 x13:00000004 x10:0000000a
17136109ns          296542 1c0094e4 03060613 addi             x12, x12, 48        x12=00000034 x12:00000004
17136129ns          296543 1c0094e8 00c700ab p.sb             x12, 1(x14!)        x14=10001250 x12:00000034 x14:1000124f  PA:1000124f
17136149ns          296544 1c0094ec fe0698e3 bne              x13, x0, -16        x13:00000000
17136169ns          296545 1c0094ee 40f706b3 sub              x13, x14, x15       x13=00000004 x14:10001250 x15:1000124c
17136188ns          296546 1c0094f2 0146dc63 bge              x13, x20, 24        x13:00000004 x20:ffffffff
17136308ns          296552 1c00950a 00e006b3 add              x13, x0, x14        x13=10001250 x14:10001250
17136328ns          296553 1c00950c fe068fab p.sb             x0, -1(x13!)        x13=1000124f x13:10001250  PA:10001250
17136387ns          296556 1c009510 00d7fc63 bgeu             x15, x13, 24        x15:1000124c x13:1000124f
17136427ns          296558 1c009514 0007c503 lbu              x10, 0(x15)         x10=00000030 x15:1000124c  PA:1000124c
17136467ns          296560 1c009518 0006c603 lbu              x12, 0(x13)         x12=00000034 x13:1000124f  PA:1000124f
17136487ns          296561 1c00951c fea68fab p.sb             x10, -1(x13!)       x13=1000124e x10:00000030 x13:1000124f  PA:1000124f
17136527ns          296563 1c009520 00c780ab p.sb             x12, 1(x15!)        x15=1000124d x12:00000034 x15:1000124c  PA:1000124c
17136586ns          296566 1c009524 fed7e8e3 bltu             x15, x13, -16       x15:1000124d x13:1000124e
17136706ns          296572 1c009514 0007c503 lbu              x10, 0(x15)         x10=00000039 x15:1000124d  PA:1000124d
17136745ns          296574 1c009518 0006c603 lbu              x12, 0(x13)         x12=00000034 x13:1000124e  PA:1000124e
17136785ns          296576 1c00951c fea68fab p.sb             x10, -1(x13!)       x13=1000124d x10:00000039 x13:1000124e  PA:1000124e
17136845ns          296579 1c009520 00c780ab p.sb             x12, 1(x15!)        x15=1000124e x12:00000034 x15:1000124d  PA:1000124d
17136924ns          296583 1c009524 fed7e8e3 bltu             x15, x13, -16       x15:1000124e x13:1000124d
17136944ns          296584 1c009528 01412783 lw               x15, 20(x2)         x15=00000000  x2:10001228  PA:1000123c
17136964ns          296585 1c00952a 01812603 lw               x12, 24(x2)         x12=00000000  x2:10001228  PA:10001240
17136984ns          296586 1c00952c 419704b3 sub              x9, x14, x25         x9=00000004 x14:10001250 x25:1000124c
17137004ns          296587 1c009530 00c7e7b3 or               x15, x15, x12       x15=00000000 x15:00000000 x12:00000000
17137024ns          296588 1c009532 00f12623 sw               x15, 12(x2)         x15:00000000  x2:10001228  PA:10001234
17137044ns          296589 1c009534 00079363 bne              x15, x0, 6          x15:00000000
17137064ns          296590 1c009536 01f5d593 srli             x11, x11, 0x1f      x11=00000000 x11:0000118a
17137084ns          296591 1c009538 00b12623 sw               x11, 12(x2)         x11:00000000  x2:10001228  PA:10001234
17137103ns          296592 1c00953a e3fa28e3 p.beqimm         x20, -464           x20:ffffffff
17137243ns          296599 1c00936a 0c800793 addi             x15, x0, 200        x15=000000c8
17137263ns          296600 1c00936e 9e97d0e3 bge              x15, x9, -1568      x15:000000c8  x9:00000004
17137461ns          296610 1c008d4e 0f24d163 bge              x9, x18, 226         x9:00000004 x18:00000000
17137561ns          296615 1c008e30 d00482e3 beq              x9, x0, -764         x9:00000004
17137601ns          296617 1c008e34 01900933 add              x18, x0, x25        x18=1000124c x25:1000124c
17137621ns          296618 1c008e36 419d8db3 sub              x27, x27, x25       x27=efffedc6 x27:00000012 x25:1000124c
17137641ns          296619 1c008e3a 00a0006f jal              x0, 10             
17137680ns          296621 1c008e44 0019450b p.lbu            x10, 1(x18!)        x10=00000034 x18=1000124d x18:1000124c  PA:1000124c
17137700ns          296622 1c008e48 01a005b3 add              x11, x0, x26        x11=00000002 x26:00000002
17137720ns          296623 1c008e4a 000b00e7 jalr             x1, x22, 0           x1=1c008e4c x22:1c008a52
17137820ns          296628 1c008a52 000026b7 lui              x13, 0x2000         x13=00002000
17137839ns          296629 1c008a54 f14027f3 csrrs            x15, x0, 0xf14      x15=00000000
17137859ns          296630 1c008a58 f8068693 addi             x13, x13, -128      x13=00001f80 x13:00002000
17137879ns          296631 1c008a5c 00379713 slli             x14, x15, 0x3       x14=00000000 x15:00000000
17137959ns          296635 1c008a60 00279793 slli             x15, x15, 0x2       x15=00000000 x15:00000000
17137979ns          296636 1c008a62 00d7f7b3 and              x15, x15, x13       x15=00000000 x15:00000000 x13:00001f80
17137999ns          296637 1c008a64 ee873733 p.bclr           x14, x14, 23, 8     x14=00000000 x14:00000000
17138018ns          296638 1c008a68 1a10f6b7 lui              x13, 0x1a10f000     x13=1a10f000
17138038ns          296639 1c008a6c 0ff57513 andi             x10, x10, 255       x10=00000034 x10:00000034
17138098ns          296642 1c008a70 00d70733 add              x14, x14, x13       x14=1a10f000 x14:00000000 x13:1a10f000
17138138ns          296644 1c008a72 00a7e723 p.sw             x10, x0(x15)        x10:00000034 x15:00000000  PA:1a10f000
17138456ns          296660 1c008a76 00000513 addi             x10, x0, 0          x10=00000000
17138476ns          296661 1c008a78 00008067 jalr             x0, x1, 0            x1:1c008e4c
17138516ns          296663 1c008e4c fff48493 addi             x9, x9, -1           x9=00000003  x9:00000004
17138536ns          296664 1c008e4e fff537e3 p.bneimm         x10, -18            x10:00000000
17138595ns          296667 1c008e3c 012d8733 add              x14, x27, x18       x14=00000013 x27:efffedc6 x18:1000124d
17138615ns          296668 1c008e40 5a048b63 beq              x9, x0, 1462         x9:00000003
17138635ns          296669 1c008e44 0019450b p.lbu            x10, 1(x18!)        x10=00000034 x18=1000124e x18:1000124d  PA:1000124d
17138655ns          296670 1c008e48 01a005b3 add              x11, x0, x26        x11=00000002 x26:00000002
17138675ns          296671 1c008e4a 000b00e7 jalr             x1, x22, 0           x1=1c008e4c x22:1c008a52
17138715ns          296673 1c008a52 000026b7 lui              x13, 0x2000         x13=00002000
17138735ns          296674 1c008a54 f14027f3 csrrs            x15, x0, 0xf14      x15=00000000
17138754ns          296675 1c008a58 f8068693 addi             x13, x13, -128      x13=00001f80 x13:00002000
17138774ns          296676 1c008a5c 00379713 slli             x14, x15, 0x3       x14=00000000 x15:00000000
17138794ns          296677 1c008a60 00279793 slli             x15, x15, 0x2       x15=00000000 x15:00000000
17138814ns          296678 1c008a62 00d7f7b3 and              x15, x15, x13       x15=00000000 x15:00000000 x13:00001f80
17138834ns          296679 1c008a64 ee873733 p.bclr           x14, x14, 23, 8     x14=00000000 x14:00000000
17138854ns          296680 1c008a68 1a10f6b7 lui              x13, 0x1a10f000     x13=1a10f000
17138874ns          296681 1c008a6c 0ff57513 andi             x10, x10, 255       x10=00000034 x10:00000034
17138894ns          296682 1c008a70 00d70733 add              x14, x14, x13       x14=1a10f000 x14:00000000 x13:1a10f000
17138914ns          296683 1c008a72 00a7e723 p.sw             x10, x0(x15)        x10:00000034 x15:00000000  PA:1a10f000
17139252ns          296700 1c008a76 00000513 addi             x10, x0, 0          x10=00000000
17139272ns          296701 1c008a78 00008067 jalr             x0, x1, 0            x1:1c008e4c
17139311ns          296703 1c008e4c fff48493 addi             x9, x9, -1           x9=00000002  x9:00000003
17139331ns          296704 1c008e4e fff537e3 p.bneimm         x10, -18            x10:00000000
17139391ns          296707 1c008e3c 012d8733 add              x14, x27, x18       x14=00000014 x27:efffedc6 x18:1000124e
17139411ns          296708 1c008e40 5a048b63 beq              x9, x0, 1462         x9:00000002
17139431ns          296709 1c008e44 0019450b p.lbu            x10, 1(x18!)        x10=00000039 x18=1000124f x18:1000124e  PA:1000124e
17139451ns          296710 1c008e48 01a005b3 add              x11, x0, x26        x11=00000002 x26:00000002
17139470ns          296711 1c008e4a 000b00e7 jalr             x1, x22, 0           x1=1c008e4c x22:1c008a52
17139510ns          296713 1c008a52 000026b7 lui              x13, 0x2000         x13=00002000
17139530ns          296714 1c008a54 f14027f3 csrrs            x15, x0, 0xf14      x15=00000000
17139550ns          296715 1c008a58 f8068693 addi             x13, x13, -128      x13=00001f80 x13:00002000
17139570ns          296716 1c008a5c 00379713 slli             x14, x15, 0x3       x14=00000000 x15:00000000
17139590ns          296717 1c008a60 00279793 slli             x15, x15, 0x2       x15=00000000 x15:00000000
17139610ns          296718 1c008a62 00d7f7b3 and              x15, x15, x13       x15=00000000 x15:00000000 x13:00001f80
17139630ns          296719 1c008a64 ee873733 p.bclr           x14, x14, 23, 8     x14=00000000 x14:00000000
17139649ns          296720 1c008a68 1a10f6b7 lui              x13, 0x1a10f000     x13=1a10f000
17139669ns          296721 1c008a6c 0ff57513 andi             x10, x10, 255       x10=00000039 x10:00000039
17139689ns          296722 1c008a70 00d70733 add              x14, x14, x13       x14=1a10f000 x14:00000000 x13:1a10f000
17139709ns          296723 1c008a72 00a7e723 p.sw             x10, x0(x15)        x10:00000039 x15:00000000  PA:1a10f000
17140027ns          296739 1c008a76 00000513 addi             x10, x0, 0          x10=00000000
17140047ns          296740 1c008a78 00008067 jalr             x0, x1, 0            x1:1c008e4c
17140087ns          296742 1c008e4c fff48493 addi             x9, x9, -1           x9=00000001  x9:00000002
17140107ns          296743 1c008e4e fff537e3 p.bneimm         x10, -18            x10:00000000
17140167ns          296746 1c008e3c 012d8733 add              x14, x27, x18       x14=00000015 x27:efffedc6 x18:1000124f
17140187ns          296747 1c008e40 5a048b63 beq              x9, x0, 1462         x9:00000001
17140206ns          296748 1c008e44 0019450b p.lbu            x10, 1(x18!)        x10=00000030 x18=10001250 x18:1000124f  PA:1000124f
17140226ns          296749 1c008e48 01a005b3 add              x11, x0, x26        x11=00000002 x26:00000002
17140246ns          296750 1c008e4a 000b00e7 jalr             x1, x22, 0           x1=1c008e4c x22:1c008a52
17140286ns          296752 1c008a52 000026b7 lui              x13, 0x2000         x13=00002000
17140306ns          296753 1c008a54 f14027f3 csrrs            x15, x0, 0xf14      x15=00000000
17140326ns          296754 1c008a58 f8068693 addi             x13, x13, -128      x13=00001f80 x13:00002000
17140346ns          296755 1c008a5c 00379713 slli             x14, x15, 0x3       x14=00000000 x15:00000000
17140366ns          296756 1c008a60 00279793 slli             x15, x15, 0x2       x15=00000000 x15:00000000
17140385ns          296757 1c008a62 00d7f7b3 and              x15, x15, x13       x15=00000000 x15:00000000 x13:00001f80
17140405ns          296758 1c008a64 ee873733 p.bclr           x14, x14, 23, 8     x14=00000000 x14:00000000
17140425ns          296759 1c008a68 1a10f6b7 lui              x13, 0x1a10f000     x13=1a10f000
17140445ns          296760 1c008a6c 0ff57513 andi             x10, x10, 255       x10=00000030 x10:00000030
17140465ns          296761 1c008a70 00d70733 add              x14, x14, x13       x14=1a10f000 x14:00000000 x13:1a10f000
17140485ns          296762 1c008a72 00a7e723 p.sw             x10, x0(x15)        x10:00000030 x15:00000000  PA:1a10f000
17140803ns          296778 1c008a76 00000513 addi             x10, x0, 0          x10=00000000
17140823ns          296779 1c008a78 00008067 jalr             x0, x1, 0            x1:1c008e4c
17140863ns          296781 1c008e4c fff48493 addi             x9, x9, -1           x9=00000000  x9:00000001
17140883ns          296782 1c008e4e fff537e3 p.bneimm         x10, -18            x10:00000000
17140942ns          296785 1c008e3c 012d8733 add              x14, x27, x18       x14=00000016 x27:efffedc6 x18:10001250
17140962ns          296786 1c008e40 5a048b63 beq              x9, x0, 1462         x9:00000000
17141062ns          296791 1c0093f6 00e00db3 add              x27, x0, x14        x27=00000016 x14:00000016
17141102ns          296793 1c0093f8 f3cff06f jal              x0, -2244          
17141181ns          296797 1c008b34 00044503 lbu              x10, 0(x8)          x10=0000000a  x8:1c0000d4  PA:1c0000d4
17141499ns          296813 1c008b38 00140413 addi             x8, x8, 1            x8=1c0000d5  x8:1c0000d4
17141519ns          296814 1c008b3a 00050e63 beq              x10, x0, 28         x10:0000000a
17141539ns          296815 1c008b3c 02500793 addi             x15, x0, 37         x15=00000025
17141559ns          296816 1c008b40 04f50863 beq              x10, x15, 80        x10:0000000a x15:00000025
17141579ns          296817 1c008b44 01a005b3 add              x11, x0, x26        x11=00000002 x26:00000002
17141599ns          296818 1c008b46 000b00e7 jalr             x1, x22, 0           x1=1c008b48 x22:1c008a52
17141698ns          296823 1c008a52 000026b7 lui              x13, 0x2000         x13=00002000
17141718ns          296824 1c008a54 f14027f3 csrrs            x15, x0, 0xf14      x15=00000000
17141738ns          296825 1c008a58 f8068693 addi             x13, x13, -128      x13=00001f80 x13:00002000
17141758ns          296826 1c008a5c 00379713 slli             x14, x15, 0x3       x14=00000000 x15:00000000
17141778ns          296827 1c008a60 00279793 slli             x15, x15, 0x2       x15=00000000 x15:00000000
17141798ns          296828 1c008a62 00d7f7b3 and              x15, x15, x13       x15=00000000 x15:00000000 x13:00001f80
17141818ns          296829 1c008a64 ee873733 p.bclr           x14, x14, 23, 8     x14=00000000 x14:00000000
17141837ns          296830 1c008a68 1a10f6b7 lui              x13, 0x1a10f000     x13=1a10f000
17141857ns          296831 1c008a6c 0ff57513 andi             x10, x10, 255       x10=0000000a x10:0000000a
17141897ns          296833 1c008a70 00d70733 add              x14, x14, x13       x14=1a10f000 x14:00000000 x13:1a10f000
17141937ns          296835 1c008a72 00a7e723 p.sw             x10, x0(x15)        x10:0000000a x15:00000000  PA:1a10f000
17142315ns          296854 1c008a76 00000513 addi             x10, x0, 0          x10=00000000
17142335ns          296855 1c008a78 00008067 jalr             x0, x1, 0            x1:1c008b48
17142375ns          296857 1c008b48 31f52563 p.beqimm         x10, 778            x10:00000000
17142394ns          296858 1c008b4c 001d8d93 addi             x27, x27, 1         x27=00000017 x27:00000016
17142414ns          296859 1c008b4e 00044503 lbu              x10, 0(x8)          x10=00000000  x8:1c0000d5  PA:1c0000d5
17142713ns          296874 1c008b52 00140413 addi             x8, x8, 1            x8=1c0000d6  x8:1c0000d5
17142733ns          296875 1c008b54 fe0514e3 bne              x10, x0, -24        x10:00000000
17142752ns          296876 1c008b56 01b00433 add              x8, x0, x27          x8=00000017 x27:00000017
17142772ns          296877 1c008b58 00800533 add              x10, x0, x8         x10=00000017  x8:00000017
17142792ns          296878 1c008b5a 12c12083 lw               x1, 300(x2)          x1=1c008ae6  x2:10001228  PA:10001354
17142812ns          296879 1c008b5e 12812403 lw               x8, 296(x2)          x8=1c00110c  x2:10001228  PA:10001350
17142832ns          296880 1c008b62 12412483 lw               x9, 292(x2)          x9=00000000  x2:10001228  PA:1000134c
17142852ns          296881 1c008b66 12012903 lw               x18, 288(x2)        x18=1a10b004  x2:10001228  PA:10001348
17142872ns          296882 1c008b6a 11c12983 lw               x19, 284(x2)        x19=00000000  x2:10001228  PA:10001344
17142931ns          296885 1c008b6e 11812a03 lw               x20, 280(x2)        x20=1c001110  x2:10001228  PA:10001340
17142971ns          296887 1c008b72 11412a83 lw               x21, 276(x2)        x21=1c00a000  x2:10001228  PA:1000133c
17142991ns          296888 1c008b76 11012b03 lw               x22, 272(x2)        x22=1c00a000  x2:10001228  PA:10001338
17143011ns          296889 1c008b7a 10c12b83 lw               x23, 268(x2)        x23=1c000000  x2:10001228  PA:10001334
17143071ns          296892 1c008b7e 10812c03 lw               x24, 264(x2)        x24=1c000000  x2:10001228  PA:10001330
17143110ns          296894 1c008b82 10412c83 lw               x25, 260(x2)        x25=1c000000  x2:10001228  PA:1000132c
17143130ns          296895 1c008b86 10012d03 lw               x26, 256(x2)        x26=1c000000  x2:10001228  PA:10001328
17143150ns          296896 1c008b8a 0fc12d83 lw               x27, 252(x2)        x27=1c001104  x2:10001228  PA:10001324
17143170ns          296897 1c008b8c 13010113 addi             x2, x2, 304          x2=10001358  x2:10001228
17143190ns          296898 1c008b8e 00008067 jalr             x0, x1, 0            x1:1c008ae6
17143289ns          296903 1c008ae6 01c12083 lw               x1, 28(x2)           x1=1c009d20  x2:10001358  PA:10001374
17143329ns          296905 1c008ae8 04010113 addi             x2, x2, 64           x2=10001398  x2:10001358
17143349ns          296906 1c008aea 00008067 jalr             x0, x1, 0            x1:1c009d20
17143469ns          296912 1c009d20 00c12703 lw               x14, 12(x2)         x14=00000000  x2:10001398  PA:100013a4
17143488ns          296913 1c009d22 008d8d93 addi             x27, x27, 8         x27=1c00110c x27:1c001104
17143508ns          296914 1c009d24 00e484b3 add              x9, x9, x14          x9=00000000  x9:00000000 x14:00000000
17143528ns          296915 1c009d26 f9b41be3 bne              x8, x27, -106        x8:1c00110c x27:1c00110c
17143548ns          296916 1c009d2a 000a2783 lw               x15, 0(x20)         x15=00000001 x20:1c001110  PA:1c001110
17143866ns          296932 1c009d2e 02079563 bne              x15, x0, 42         x15:00000001
17144324ns          296955 1c009d58 1c000537 lui              x10, 0x1c000000     x10=1c000000
17144364ns          296957 1c009d5c 0d850513 addi             x10, x10, 216       x10=1c0000d8 x10:1c000000
17144821ns          296980 1c009d60 d5ffe0ef jal              x1, -4770            x1=1c009d64
17144901ns          296984 1c008abe fc010113 addi             x2, x2, -64          x2=10001358  x2:10001398
17144980ns          296988 1c008ac0 02410313 addi             x6, x2, 36           x6=1000137c  x2:10001358
17145020ns          296990 1c008ac4 02c12423 sw               x12, 40(x2)         x12:00000000  x2:10001358  PA:10001380
17145040ns          296991 1c008ac6 00a00633 add              x12, x0, x10        x12=1c0000d8 x10:1c0000d8
17145060ns          296992 1c008ac8 1c009537 lui              x10, 0x1c009000     x10=1c009000
17145080ns          296993 1c008acc 02b12223 sw               x11, 36(x2)         x11:00000002  x2:10001358  PA:1000137c
17145100ns          296994 1c008ace 02d12623 sw               x13, 44(x2)         x13:1a10f000  x2:10001358  PA:10001384
17145119ns          296995 1c008ad0 00200593 addi             x11, x0, 2          x11=00000002
17145139ns          296996 1c008ad2 006006b3 add              x13, x0, x6         x13=1000137c  x6:1000137c
17145159ns          296997 1c008ad4 a5250513 addi             x10, x10, -1454     x10=1c008a52 x10:1c009000
17145179ns          296998 1c008ad8 00112e23 sw               x1, 28(x2)           x1:1c009d64  x2:10001358  PA:10001374
17145199ns          296999 1c008ada 02e12823 sw               x14, 48(x2)         x14:00000000  x2:10001358  PA:10001388
17145219ns          297000 1c008adc 02f12a23 sw               x15, 52(x2)         x15:00000001  x2:10001358  PA:1000138c
17145239ns          297001 1c008ade 03012c23 sw               x16, 56(x2)         x16:1000124c  x2:10001358  PA:10001390
17145259ns          297002 1c008ae0 03112e23 sw               x17, 60(x2)         x17:1c000040  x2:10001358  PA:10001394
17145279ns          297003 1c008ae2 00612623 sw               x6, 12(x2)           x6:1000137c  x2:10001358  PA:10001364
17145298ns          297004 1c008ae4 fbfff0ef jal              x1, -66              x1=1c008ae6
17145378ns          297008 1c008aa2 04a0006f jal              x0, 74             
17145418ns          297010 1c008aec ed010113 addi             x2, x2, -304         x2=10001228  x2:10001358
17145438ns          297011 1c008aee 12812423 sw               x8, 296(x2)          x8:1c00110c  x2:10001228  PA:10001350
17145458ns          297012 1c008af2 00000413 addi             x8, x0, 0            x8=00000000
17145477ns          297013 1c008af4 11612823 sw               x22, 272(x2)        x22:1c00a000  x2:10001228  PA:10001338
17145497ns          297014 1c008af8 11712623 sw               x23, 268(x2)        x23:1c000000  x2:10001228  PA:10001334
17145517ns          297015 1c008afc 11812423 sw               x24, 264(x2)        x24:1c000000  x2:10001228  PA:10001330
17145537ns          297016 1c008b00 11912223 sw               x25, 260(x2)        x25:1c000000  x2:10001228  PA:1000132c
17145557ns          297017 1c008b04 11a12023 sw               x26, 256(x2)        x26:1c000000  x2:10001228  PA:10001328
17145577ns          297018 1c008b08 0fb12e23 sw               x27, 252(x2)        x27:1c00110c  x2:10001228  PA:10001324
17145597ns          297019 1c008b0a 12112623 sw               x1, 300(x2)          x1:1c008ae6  x2:10001228  PA:10001354
17145617ns          297020 1c008b0e 00800db3 add              x27, x0, x8         x27=00000000  x8:00000000
17145656ns          297022 1c008b10 12912223 sw               x9, 292(x2)          x9:00000000  x2:10001228  PA:1000134c
17145696ns          297024 1c008b14 13212023 sw               x18, 288(x2)        x18:1a10b004  x2:10001228  PA:10001348
17145716ns          297025 1c008b18 11312e23 sw               x19, 284(x2)        x19:00000000  x2:10001228  PA:10001344
17145736ns          297026 1c008b1c 11412c23 sw               x20, 280(x2)        x20:1c001110  x2:10001228  PA:10001340
17145796ns          297029 1c008b20 11512a23 sw               x21, 276(x2)        x21:1c00a000  x2:10001228  PA:1000133c
17145836ns          297031 1c008b24 00a00b33 add              x22, x0, x10        x22=1c008a52 x10:1c008a52
17145855ns          297032 1c008b26 00b00d33 add              x26, x0, x11        x26=00000002 x11:00000002
17145875ns          297033 1c008b28 00d00c33 add              x24, x0, x13        x24=1000137c x13:1000137c
17145895ns          297034 1c008b2a 1c000bb7 lui              x23, 0x1c000000     x23=1c000000
17145915ns          297035 1c008b2e 02410c93 addi             x25, x2, 36         x25=1000124c  x2:10001228
17145935ns          297036 1c008b32 00c00433 add              x8, x0, x12          x8=1c0000d8 x12:1c0000d8
17145955ns          297037 1c008b34 00044503 lbu              x10, 0(x8)          x10=0000003d  x8:1c0000d8  PA:1c0000d8
17146253ns          297052 1c008b38 00140413 addi             x8, x8, 1            x8=1c0000d9  x8:1c0000d8
17146273ns          297053 1c008b3a 00050e63 beq              x10, x0, 28         x10:0000003d
17146293ns          297054 1c008b3c 02500793 addi             x15, x0, 37         x15=00000025
17146313ns          297055 1c008b40 04f50863 beq              x10, x15, 80        x10:0000003d x15:00000025
17146333ns          297056 1c008b44 01a005b3 add              x11, x0, x26        x11=00000002 x26:00000002
17146353ns          297057 1c008b46 000b00e7 jalr             x1, x22, 0           x1=1c008b48 x22:1c008a52
17146432ns          297061 1c008a52 000026b7 lui              x13, 0x2000         x13=00002000
17146472ns          297063 1c008a54 f14027f3 csrrs            x15, x0, 0xf14      x15=00000000
17146492ns          297064 1c008a58 f8068693 addi             x13, x13, -128      x13=00001f80 x13:00002000
17146512ns          297065 1c008a5c 00379713 slli             x14, x15, 0x3       x14=00000000 x15:00000000
17146532ns          297066 1c008a60 00279793 slli             x15, x15, 0x2       x15=00000000 x15:00000000
17146552ns          297067 1c008a62 00d7f7b3 and              x15, x15, x13       x15=00000000 x15:00000000 x13:00001f80
17146571ns          297068 1c008a64 ee873733 p.bclr           x14, x14, 23, 8     x14=00000000 x14:00000000
17146591ns          297069 1c008a68 1a10f6b7 lui              x13, 0x1a10f000     x13=1a10f000
17146611ns          297070 1c008a6c 0ff57513 andi             x10, x10, 255       x10=0000003d x10:0000003d
17146631ns          297071 1c008a70 00d70733 add              x14, x14, x13       x14=1a10f000 x14:00000000 x13:1a10f000
17146651ns          297072 1c008a72 00a7e723 p.sw             x10, x0(x15)        x10:0000003d x15:00000000  PA:1a10f000
17147009ns          297090 1c008a76 00000513 addi             x10, x0, 0          x10=00000000
17147029ns          297091 1c008a78 00008067 jalr             x0, x1, 0            x1:1c008b48
17147069ns          297093 1c008b48 31f52563 p.beqimm         x10, 778            x10:00000000
17147089ns          297094 1c008b4c 001d8d93 addi             x27, x27, 1         x27=00000001 x27:00000000
17147148ns          297097 1c008b4e 00044503 lbu              x10, 0(x8)          x10=0000003d  x8:1c0000d9  PA:1c0000d9
17147447ns          297112 1c008b52 00140413 addi             x8, x8, 1            x8=1c0000da  x8:1c0000d9
17147467ns          297113 1c008b54 fe0514e3 bne              x10, x0, -24        x10:0000003d
17147526ns          297116 1c008b3c 02500793 addi             x15, x0, 37         x15=00000025
17147546ns          297117 1c008b40 04f50863 beq              x10, x15, 80        x10:0000003d x15:00000025
17147566ns          297118 1c008b44 01a005b3 add              x11, x0, x26        x11=00000002 x26:00000002
17147586ns          297119 1c008b46 000b00e7 jalr             x1, x22, 0           x1=1c008b48 x22:1c008a52
17147626ns          297121 1c008a52 000026b7 lui              x13, 0x2000         x13=00002000
17147646ns          297122 1c008a54 f14027f3 csrrs            x15, x0, 0xf14      x15=00000000
17147665ns          297123 1c008a58 f8068693 addi             x13, x13, -128      x13=00001f80 x13:00002000
17147685ns          297124 1c008a5c 00379713 slli             x14, x15, 0x3       x14=00000000 x15:00000000
17147705ns          297125 1c008a60 00279793 slli             x15, x15, 0x2       x15=00000000 x15:00000000
17147725ns          297126 1c008a62 00d7f7b3 and              x15, x15, x13       x15=00000000 x15:00000000 x13:00001f80
17147745ns          297127 1c008a64 ee873733 p.bclr           x14, x14, 23, 8     x14=00000000 x14:00000000
17147765ns          297128 1c008a68 1a10f6b7 lui              x13, 0x1a10f000     x13=1a10f000
17147785ns          297129 1c008a6c 0ff57513 andi             x10, x10, 255       x10=0000003d x10:0000003d
17147805ns          297130 1c008a70 00d70733 add              x14, x14, x13       x14=1a10f000 x14:00000000 x13:1a10f000
17147825ns          297131 1c008a72 00a7e723 p.sw             x10, x0(x15)        x10:0000003d x15:00000000  PA:1a10f000
17148143ns          297147 1c008a76 00000513 addi             x10, x0, 0          x10=00000000
17148163ns          297148 1c008a78 00008067 jalr             x0, x1, 0            x1:1c008b48
17148203ns          297150 1c008b48 31f52563 p.beqimm         x10, 778            x10:00000000
17148222ns          297151 1c008b4c 001d8d93 addi             x27, x27, 1         x27=00000002 x27:00000001
17148242ns          297152 1c008b4e 00044503 lbu              x10, 0(x8)          x10=0000003d  x8:1c0000da  PA:1c0000da
17148561ns          297168 1c008b52 00140413 addi             x8, x8, 1            x8=1c0000db  x8:1c0000da
17148580ns          297169 1c008b54 fe0514e3 bne              x10, x0, -24        x10:0000003d
17148640ns          297172 1c008b3c 02500793 addi             x15, x0, 37         x15=00000025
17148660ns          297173 1c008b40 04f50863 beq              x10, x15, 80        x10:0000003d x15:00000025
17148680ns          297174 1c008b44 01a005b3 add              x11, x0, x26        x11=00000002 x26:00000002
17148700ns          297175 1c008b46 000b00e7 jalr             x1, x22, 0           x1=1c008b48 x22:1c008a52
17148740ns          297177 1c008a52 000026b7 lui              x13, 0x2000         x13=00002000
17148759ns          297178 1c008a54 f14027f3 csrrs            x15, x0, 0xf14      x15=00000000
17148779ns          297179 1c008a58 f8068693 addi             x13, x13, -128      x13=00001f80 x13:00002000
17148799ns          297180 1c008a5c 00379713 slli             x14, x15, 0x3       x14=00000000 x15:00000000
17148819ns          297181 1c008a60 00279793 slli             x15, x15, 0x2       x15=00000000 x15:00000000
17148839ns          297182 1c008a62 00d7f7b3 and              x15, x15, x13       x15=00000000 x15:00000000 x13:00001f80
17148859ns          297183 1c008a64 ee873733 p.bclr           x14, x14, 23, 8     x14=00000000 x14:00000000
17148879ns          297184 1c008a68 1a10f6b7 lui              x13, 0x1a10f000     x13=1a10f000
17148899ns          297185 1c008a6c 0ff57513 andi             x10, x10, 255       x10=0000003d x10:0000003d
17148919ns          297186 1c008a70 00d70733 add              x14, x14, x13       x14=1a10f000 x14:00000000 x13:1a10f000
17148938ns          297187 1c008a72 00a7e723 p.sw             x10, x0(x15)        x10:0000003d x15:00000000  PA:1a10f000
17149257ns          297203 1c008a76 00000513 addi             x10, x0, 0          x10=00000000
17149277ns          297204 1c008a78 00008067 jalr             x0, x1, 0            x1:1c008b48
17149316ns          297206 1c008b48 31f52563 p.beqimm         x10, 778            x10:00000000
17149336ns          297207 1c008b4c 001d8d93 addi             x27, x27, 1         x27=00000003 x27:00000002
17149356ns          297208 1c008b4e 00044503 lbu              x10, 0(x8)          x10=0000003d  x8:1c0000db  PA:1c0000db
17149655ns          297223 1c008b52 00140413 addi             x8, x8, 1            x8=1c0000dc  x8:1c0000db
17149674ns          297224 1c008b54 fe0514e3 bne              x10, x0, -24        x10:0000003d
17149734ns          297227 1c008b3c 02500793 addi             x15, x0, 37         x15=00000025
17149754ns          297228 1c008b40 04f50863 beq              x10, x15, 80        x10:0000003d x15:00000025
17149774ns          297229 1c008b44 01a005b3 add              x11, x0, x26        x11=00000002 x26:00000002
17149794ns          297230 1c008b46 000b00e7 jalr             x1, x22, 0           x1=1c008b48 x22:1c008a52
17149834ns          297232 1c008a52 000026b7 lui              x13, 0x2000         x13=00002000
17149853ns          297233 1c008a54 f14027f3 csrrs            x15, x0, 0xf14      x15=00000000
17149873ns          297234 1c008a58 f8068693 addi             x13, x13, -128      x13=00001f80 x13:00002000
17149893ns          297235 1c008a5c 00379713 slli             x14, x15, 0x3       x14=00000000 x15:00000000
17149913ns          297236 1c008a60 00279793 slli             x15, x15, 0x2       x15=00000000 x15:00000000
17149933ns          297237 1c008a62 00d7f7b3 and              x15, x15, x13       x15=00000000 x15:00000000 x13:00001f80
17149953ns          297238 1c008a64 ee873733 p.bclr           x14, x14, 23, 8     x14=00000000 x14:00000000
17149973ns          297239 1c008a68 1a10f6b7 lui              x13, 0x1a10f000     x13=1a10f000
17149993ns          297240 1c008a6c 0ff57513 andi             x10, x10, 255       x10=0000003d x10:0000003d
17150013ns          297241 1c008a70 00d70733 add              x14, x14, x13       x14=1a10f000 x14:00000000 x13:1a10f000
17150032ns          297242 1c008a72 00a7e723 p.sw             x10, x0(x15)        x10:0000003d x15:00000000  PA:1a10f000
17150351ns          297258 1c008a76 00000513 addi             x10, x0, 0          x10=00000000
17150371ns          297259 1c008a78 00008067 jalr             x0, x1, 0            x1:1c008b48
17150410ns          297261 1c008b48 31f52563 p.beqimm         x10, 778            x10:00000000
17150430ns          297262 1c008b4c 001d8d93 addi             x27, x27, 1         x27=00000004 x27:00000003
17150450ns          297263 1c008b4e 00044503 lbu              x10, 0(x8)          x10=00000020  x8:1c0000dc  PA:1c0000dc
17150749ns          297278 1c008b52 00140413 addi             x8, x8, 1            x8=1c0000dd  x8:1c0000dc
17150768ns          297279 1c008b54 fe0514e3 bne              x10, x0, -24        x10:00000020
17150828ns          297282 1c008b3c 02500793 addi             x15, x0, 37         x15=00000025
17150848ns          297283 1c008b40 04f50863 beq              x10, x15, 80        x10:00000020 x15:00000025
17150868ns          297284 1c008b44 01a005b3 add              x11, x0, x26        x11=00000002 x26:00000002
17150888ns          297285 1c008b46 000b00e7 jalr             x1, x22, 0           x1=1c008b48 x22:1c008a52
17150928ns          297287 1c008a52 000026b7 lui              x13, 0x2000         x13=00002000
17150947ns          297288 1c008a54 f14027f3 csrrs            x15, x0, 0xf14      x15=00000000
17150967ns          297289 1c008a58 f8068693 addi             x13, x13, -128      x13=00001f80 x13:00002000
17150987ns          297290 1c008a5c 00379713 slli             x14, x15, 0x3       x14=00000000 x15:00000000
17151007ns          297291 1c008a60 00279793 slli             x15, x15, 0x2       x15=00000000 x15:00000000
17151027ns          297292 1c008a62 00d7f7b3 and              x15, x15, x13       x15=00000000 x15:00000000 x13:00001f80
17151047ns          297293 1c008a64 ee873733 p.bclr           x14, x14, 23, 8     x14=00000000 x14:00000000
17151067ns          297294 1c008a68 1a10f6b7 lui              x13, 0x1a10f000     x13=1a10f000
17151087ns          297295 1c008a6c 0ff57513 andi             x10, x10, 255       x10=00000020 x10:00000020
17151107ns          297296 1c008a70 00d70733 add              x14, x14, x13       x14=1a10f000 x14:00000000 x13:1a10f000
17151126ns          297297 1c008a72 00a7e723 p.sw             x10, x0(x15)        x10:00000020 x15:00000000  PA:1a10f000
17151445ns          297313 1c008a76 00000513 addi             x10, x0, 0          x10=00000000
17151465ns          297314 1c008a78 00008067 jalr             x0, x1, 0            x1:1c008b48
17151504ns          297316 1c008b48 31f52563 p.beqimm         x10, 778            x10:00000000
17151524ns          297317 1c008b4c 001d8d93 addi             x27, x27, 1         x27=00000005 x27:00000004
17151544ns          297318 1c008b4e 00044503 lbu              x10, 0(x8)          x10=00000053  x8:1c0000dd  PA:1c0000dd
17151843ns          297333 1c008b52 00140413 addi             x8, x8, 1            x8=1c0000de  x8:1c0000dd
17151862ns          297334 1c008b54 fe0514e3 bne              x10, x0, -24        x10:00000053
17151922ns          297337 1c008b3c 02500793 addi             x15, x0, 37         x15=00000025
17151942ns          297338 1c008b40 04f50863 beq              x10, x15, 80        x10:00000053 x15:00000025
17151962ns          297339 1c008b44 01a005b3 add              x11, x0, x26        x11=00000002 x26:00000002
17151982ns          297340 1c008b46 000b00e7 jalr             x1, x22, 0           x1=1c008b48 x22:1c008a52
17152022ns          297342 1c008a52 000026b7 lui              x13, 0x2000         x13=00002000
17152041ns          297343 1c008a54 f14027f3 csrrs            x15, x0, 0xf14      x15=00000000
17152061ns          297344 1c008a58 f8068693 addi             x13, x13, -128      x13=00001f80 x13:00002000
17152081ns          297345 1c008a5c 00379713 slli             x14, x15, 0x3       x14=00000000 x15:00000000
17152101ns          297346 1c008a60 00279793 slli             x15, x15, 0x2       x15=00000000 x15:00000000
17152121ns          297347 1c008a62 00d7f7b3 and              x15, x15, x13       x15=00000000 x15:00000000 x13:00001f80
17152141ns          297348 1c008a64 ee873733 p.bclr           x14, x14, 23, 8     x14=00000000 x14:00000000
17152161ns          297349 1c008a68 1a10f6b7 lui              x13, 0x1a10f000     x13=1a10f000
17152181ns          297350 1c008a6c 0ff57513 andi             x10, x10, 255       x10=00000053 x10:00000053
17152201ns          297351 1c008a70 00d70733 add              x14, x14, x13       x14=1a10f000 x14:00000000 x13:1a10f000
17152220ns          297352 1c008a72 00a7e723 p.sw             x10, x0(x15)        x10:00000053 x15:00000000  PA:1a10f000
17152559ns          297369 1c008a76 00000513 addi             x10, x0, 0          x10=00000000
17152578ns          297370 1c008a78 00008067 jalr             x0, x1, 0            x1:1c008b48
17152618ns          297372 1c008b48 31f52563 p.beqimm         x10, 778            x10:00000000
17152638ns          297373 1c008b4c 001d8d93 addi             x27, x27, 1         x27=00000006 x27:00000005
17152658ns          297374 1c008b4e 00044503 lbu              x10, 0(x8)          x10=00000055  x8:1c0000de  PA:1c0000de
17152956ns          297389 1c008b52 00140413 addi             x8, x8, 1            x8=1c0000df  x8:1c0000de
17152976ns          297390 1c008b54 fe0514e3 bne              x10, x0, -24        x10:00000055
17153036ns          297393 1c008b3c 02500793 addi             x15, x0, 37         x15=00000025
17153056ns          297394 1c008b40 04f50863 beq              x10, x15, 80        x10:00000055 x15:00000025
17153076ns          297395 1c008b44 01a005b3 add              x11, x0, x26        x11=00000002 x26:00000002
17153096ns          297396 1c008b46 000b00e7 jalr             x1, x22, 0           x1=1c008b48 x22:1c008a52
17153135ns          297398 1c008a52 000026b7 lui              x13, 0x2000         x13=00002000
17153155ns          297399 1c008a54 f14027f3 csrrs            x15, x0, 0xf14      x15=00000000
17153175ns          297400 1c008a58 f8068693 addi             x13, x13, -128      x13=00001f80 x13:00002000
17153195ns          297401 1c008a5c 00379713 slli             x14, x15, 0x3       x14=00000000 x15:00000000
17153215ns          297402 1c008a60 00279793 slli             x15, x15, 0x2       x15=00000000 x15:00000000
17153235ns          297403 1c008a62 00d7f7b3 and              x15, x15, x13       x15=00000000 x15:00000000 x13:00001f80
17153255ns          297404 1c008a64 ee873733 p.bclr           x14, x14, 23, 8     x14=00000000 x14:00000000
17153275ns          297405 1c008a68 1a10f6b7 lui              x13, 0x1a10f000     x13=1a10f000
17153295ns          297406 1c008a6c 0ff57513 andi             x10, x10, 255       x10=00000055 x10:00000055
17153314ns          297407 1c008a70 00d70733 add              x14, x14, x13       x14=1a10f000 x14:00000000 x13:1a10f000
17153334ns          297408 1c008a72 00a7e723 p.sw             x10, x0(x15)        x10:00000055 x15:00000000  PA:1a10f000
17153653ns          297424 1c008a76 00000513 addi             x10, x0, 0          x10=00000000
17153672ns          297425 1c008a78 00008067 jalr             x0, x1, 0            x1:1c008b48
17153712ns          297427 1c008b48 31f52563 p.beqimm         x10, 778            x10:00000000
17153732ns          297428 1c008b4c 001d8d93 addi             x27, x27, 1         x27=00000007 x27:00000006
17153752ns          297429 1c008b4e 00044503 lbu              x10, 0(x8)          x10=0000004d  x8:1c0000df  PA:1c0000df
17154050ns          297444 1c008b52 00140413 addi             x8, x8, 1            x8=1c0000e0  x8:1c0000df
17154070ns          297445 1c008b54 fe0514e3 bne              x10, x0, -24        x10:0000004d
17154130ns          297448 1c008b3c 02500793 addi             x15, x0, 37         x15=00000025
17154150ns          297449 1c008b40 04f50863 beq              x10, x15, 80        x10:0000004d x15:00000025
17154170ns          297450 1c008b44 01a005b3 add              x11, x0, x26        x11=00000002 x26:00000002
17154190ns          297451 1c008b46 000b00e7 jalr             x1, x22, 0           x1=1c008b48 x22:1c008a52
17154229ns          297453 1c008a52 000026b7 lui              x13, 0x2000         x13=00002000
17154249ns          297454 1c008a54 f14027f3 csrrs            x15, x0, 0xf14      x15=00000000
17154269ns          297455 1c008a58 f8068693 addi             x13, x13, -128      x13=00001f80 x13:00002000
17154289ns          297456 1c008a5c 00379713 slli             x14, x15, 0x3       x14=00000000 x15:00000000
17154309ns          297457 1c008a60 00279793 slli             x15, x15, 0x2       x15=00000000 x15:00000000
17154329ns          297458 1c008a62 00d7f7b3 and              x15, x15, x13       x15=00000000 x15:00000000 x13:00001f80
17154349ns          297459 1c008a64 ee873733 p.bclr           x14, x14, 23, 8     x14=00000000 x14:00000000
17154369ns          297460 1c008a68 1a10f6b7 lui              x13, 0x1a10f000     x13=1a10f000
17154389ns          297461 1c008a6c 0ff57513 andi             x10, x10, 255       x10=0000004d x10:0000004d
17154408ns          297462 1c008a70 00d70733 add              x14, x14, x13       x14=1a10f000 x14:00000000 x13:1a10f000
17154428ns          297463 1c008a72 00a7e723 p.sw             x10, x0(x15)        x10:0000004d x15:00000000  PA:1a10f000
17154747ns          297479 1c008a76 00000513 addi             x10, x0, 0          x10=00000000
17154766ns          297480 1c008a78 00008067 jalr             x0, x1, 0            x1:1c008b48
17154806ns          297482 1c008b48 31f52563 p.beqimm         x10, 778            x10:00000000
17154826ns          297483 1c008b4c 001d8d93 addi             x27, x27, 1         x27=00000008 x27:00000007
17154846ns          297484 1c008b4e 00044503 lbu              x10, 0(x8)          x10=0000004d  x8:1c0000e0  PA:1c0000e0
17155164ns          297500 1c008b52 00140413 addi             x8, x8, 1            x8=1c0000e1  x8:1c0000e0
17155184ns          297501 1c008b54 fe0514e3 bne              x10, x0, -24        x10:0000004d
17155244ns          297504 1c008b3c 02500793 addi             x15, x0, 37         x15=00000025
17155264ns          297505 1c008b40 04f50863 beq              x10, x15, 80        x10:0000004d x15:00000025
17155284ns          297506 1c008b44 01a005b3 add              x11, x0, x26        x11=00000002 x26:00000002
17155304ns          297507 1c008b46 000b00e7 jalr             x1, x22, 0           x1=1c008b48 x22:1c008a52
17155343ns          297509 1c008a52 000026b7 lui              x13, 0x2000         x13=00002000
17155363ns          297510 1c008a54 f14027f3 csrrs            x15, x0, 0xf14      x15=00000000
17155383ns          297511 1c008a58 f8068693 addi             x13, x13, -128      x13=00001f80 x13:00002000
17155403ns          297512 1c008a5c 00379713 slli             x14, x15, 0x3       x14=00000000 x15:00000000
17155423ns          297513 1c008a60 00279793 slli             x15, x15, 0x2       x15=00000000 x15:00000000
17155443ns          297514 1c008a62 00d7f7b3 and              x15, x15, x13       x15=00000000 x15:00000000 x13:00001f80
17155463ns          297515 1c008a64 ee873733 p.bclr           x14, x14, 23, 8     x14=00000000 x14:00000000
17155483ns          297516 1c008a68 1a10f6b7 lui              x13, 0x1a10f000     x13=1a10f000
17155502ns          297517 1c008a6c 0ff57513 andi             x10, x10, 255       x10=0000004d x10:0000004d
17155522ns          297518 1c008a70 00d70733 add              x14, x14, x13       x14=1a10f000 x14:00000000 x13:1a10f000
17155542ns          297519 1c008a72 00a7e723 p.sw             x10, x0(x15)        x10:0000004d x15:00000000  PA:1a10f000
17155860ns          297535 1c008a76 00000513 addi             x10, x0, 0          x10=00000000
17155880ns          297536 1c008a78 00008067 jalr             x0, x1, 0            x1:1c008b48
17155920ns          297538 1c008b48 31f52563 p.beqimm         x10, 778            x10:00000000
17155940ns          297539 1c008b4c 001d8d93 addi             x27, x27, 1         x27=00000009 x27:00000008
17155960ns          297540 1c008b4e 00044503 lbu              x10, 0(x8)          x10=00000041  x8:1c0000e1  PA:1c0000e1
17156258ns          297555 1c008b52 00140413 addi             x8, x8, 1            x8=1c0000e2  x8:1c0000e1
17156278ns          297556 1c008b54 fe0514e3 bne              x10, x0, -24        x10:00000041
17156338ns          297559 1c008b3c 02500793 addi             x15, x0, 37         x15=00000025
17156358ns          297560 1c008b40 04f50863 beq              x10, x15, 80        x10:00000041 x15:00000025
17156378ns          297561 1c008b44 01a005b3 add              x11, x0, x26        x11=00000002 x26:00000002
17156397ns          297562 1c008b46 000b00e7 jalr             x1, x22, 0           x1=1c008b48 x22:1c008a52
17156437ns          297564 1c008a52 000026b7 lui              x13, 0x2000         x13=00002000
17156457ns          297565 1c008a54 f14027f3 csrrs            x15, x0, 0xf14      x15=00000000
17156477ns          297566 1c008a58 f8068693 addi             x13, x13, -128      x13=00001f80 x13:00002000
17156497ns          297567 1c008a5c 00379713 slli             x14, x15, 0x3       x14=00000000 x15:00000000
17156517ns          297568 1c008a60 00279793 slli             x15, x15, 0x2       x15=00000000 x15:00000000
17156537ns          297569 1c008a62 00d7f7b3 and              x15, x15, x13       x15=00000000 x15:00000000 x13:00001f80
17156557ns          297570 1c008a64 ee873733 p.bclr           x14, x14, 23, 8     x14=00000000 x14:00000000
17156577ns          297571 1c008a68 1a10f6b7 lui              x13, 0x1a10f000     x13=1a10f000
17156596ns          297572 1c008a6c 0ff57513 andi             x10, x10, 255       x10=00000041 x10:00000041
17156616ns          297573 1c008a70 00d70733 add              x14, x14, x13       x14=1a10f000 x14:00000000 x13:1a10f000
17156636ns          297574 1c008a72 00a7e723 p.sw             x10, x0(x15)        x10:00000041 x15:00000000  PA:1a10f000
17156954ns          297590 1c008a76 00000513 addi             x10, x0, 0          x10=00000000
17156974ns          297591 1c008a78 00008067 jalr             x0, x1, 0            x1:1c008b48
17157014ns          297593 1c008b48 31f52563 p.beqimm         x10, 778            x10:00000000
17157034ns          297594 1c008b4c 001d8d93 addi             x27, x27, 1         x27=0000000a x27:00000009
17157054ns          297595 1c008b4e 00044503 lbu              x10, 0(x8)          x10=00000052  x8:1c0000e2  PA:1c0000e2
17157352ns          297610 1c008b52 00140413 addi             x8, x8, 1            x8=1c0000e3  x8:1c0000e2
17157372ns          297611 1c008b54 fe0514e3 bne              x10, x0, -24        x10:00000052
17157432ns          297614 1c008b3c 02500793 addi             x15, x0, 37         x15=00000025
17157452ns          297615 1c008b40 04f50863 beq              x10, x15, 80        x10:00000052 x15:00000025
17157472ns          297616 1c008b44 01a005b3 add              x11, x0, x26        x11=00000002 x26:00000002
17157491ns          297617 1c008b46 000b00e7 jalr             x1, x22, 0           x1=1c008b48 x22:1c008a52
17157531ns          297619 1c008a52 000026b7 lui              x13, 0x2000         x13=00002000
17157551ns          297620 1c008a54 f14027f3 csrrs            x15, x0, 0xf14      x15=00000000
17157571ns          297621 1c008a58 f8068693 addi             x13, x13, -128      x13=00001f80 x13:00002000
17157591ns          297622 1c008a5c 00379713 slli             x14, x15, 0x3       x14=00000000 x15:00000000
17157611ns          297623 1c008a60 00279793 slli             x15, x15, 0x2       x15=00000000 x15:00000000
17157631ns          297624 1c008a62 00d7f7b3 and              x15, x15, x13       x15=00000000 x15:00000000 x13:00001f80
17157651ns          297625 1c008a64 ee873733 p.bclr           x14, x14, 23, 8     x14=00000000 x14:00000000
17157671ns          297626 1c008a68 1a10f6b7 lui              x13, 0x1a10f000     x13=1a10f000
17157690ns          297627 1c008a6c 0ff57513 andi             x10, x10, 255       x10=00000052 x10:00000052
17157710ns          297628 1c008a70 00d70733 add              x14, x14, x13       x14=1a10f000 x14:00000000 x13:1a10f000
17157730ns          297629 1c008a72 00a7e723 p.sw             x10, x0(x15)        x10:00000052 x15:00000000  PA:1a10f000
17158048ns          297645 1c008a76 00000513 addi             x10, x0, 0          x10=00000000
17158068ns          297646 1c008a78 00008067 jalr             x0, x1, 0            x1:1c008b48
17158108ns          297648 1c008b48 31f52563 p.beqimm         x10, 778            x10:00000000
17158128ns          297649 1c008b4c 001d8d93 addi             x27, x27, 1         x27=0000000b x27:0000000a
17158148ns          297650 1c008b4e 00044503 lbu              x10, 0(x8)          x10=00000059  x8:1c0000e3  PA:1c0000e3
17158446ns          297665 1c008b52 00140413 addi             x8, x8, 1            x8=1c0000e4  x8:1c0000e3
17158466ns          297666 1c008b54 fe0514e3 bne              x10, x0, -24        x10:00000059
17158526ns          297669 1c008b3c 02500793 addi             x15, x0, 37         x15=00000025
17158546ns          297670 1c008b40 04f50863 beq              x10, x15, 80        x10:00000059 x15:00000025
17158566ns          297671 1c008b44 01a005b3 add              x11, x0, x26        x11=00000002 x26:00000002
17158585ns          297672 1c008b46 000b00e7 jalr             x1, x22, 0           x1=1c008b48 x22:1c008a52
17158625ns          297674 1c008a52 000026b7 lui              x13, 0x2000         x13=00002000
17158645ns          297675 1c008a54 f14027f3 csrrs            x15, x0, 0xf14      x15=00000000
17158665ns          297676 1c008a58 f8068693 addi             x13, x13, -128      x13=00001f80 x13:00002000
17158685ns          297677 1c008a5c 00379713 slli             x14, x15, 0x3       x14=00000000 x15:00000000
17158705ns          297678 1c008a60 00279793 slli             x15, x15, 0x2       x15=00000000 x15:00000000
17158725ns          297679 1c008a62 00d7f7b3 and              x15, x15, x13       x15=00000000 x15:00000000 x13:00001f80
17158745ns          297680 1c008a64 ee873733 p.bclr           x14, x14, 23, 8     x14=00000000 x14:00000000
17158764ns          297681 1c008a68 1a10f6b7 lui              x13, 0x1a10f000     x13=1a10f000
17158784ns          297682 1c008a6c 0ff57513 andi             x10, x10, 255       x10=00000059 x10:00000059
17158804ns          297683 1c008a70 00d70733 add              x14, x14, x13       x14=1a10f000 x14:00000000 x13:1a10f000
17158824ns          297684 1c008a72 00a7e723 p.sw             x10, x0(x15)        x10:00000059 x15:00000000  PA:1a10f000
17159162ns          297701 1c008a76 00000513 addi             x10, x0, 0          x10=00000000
17159182ns          297702 1c008a78 00008067 jalr             x0, x1, 0            x1:1c008b48
17159222ns          297704 1c008b48 31f52563 p.beqimm         x10, 778            x10:00000000
17159242ns          297705 1c008b4c 001d8d93 addi             x27, x27, 1         x27=0000000c x27:0000000b
17159262ns          297706 1c008b4e 00044503 lbu              x10, 0(x8)          x10=0000003a  x8:1c0000e4  PA:1c0000e4
17159560ns          297721 1c008b52 00140413 addi             x8, x8, 1            x8=1c0000e5  x8:1c0000e4
17159580ns          297722 1c008b54 fe0514e3 bne              x10, x0, -24        x10:0000003a
17159640ns          297725 1c008b3c 02500793 addi             x15, x0, 37         x15=00000025
17159660ns          297726 1c008b40 04f50863 beq              x10, x15, 80        x10:0000003a x15:00000025
17159679ns          297727 1c008b44 01a005b3 add              x11, x0, x26        x11=00000002 x26:00000002
17159699ns          297728 1c008b46 000b00e7 jalr             x1, x22, 0           x1=1c008b48 x22:1c008a52
17159739ns          297730 1c008a52 000026b7 lui              x13, 0x2000         x13=00002000
17159759ns          297731 1c008a54 f14027f3 csrrs            x15, x0, 0xf14      x15=00000000
17159779ns          297732 1c008a58 f8068693 addi             x13, x13, -128      x13=00001f80 x13:00002000
17159799ns          297733 1c008a5c 00379713 slli             x14, x15, 0x3       x14=00000000 x15:00000000
17159819ns          297734 1c008a60 00279793 slli             x15, x15, 0x2       x15=00000000 x15:00000000
17159839ns          297735 1c008a62 00d7f7b3 and              x15, x15, x13       x15=00000000 x15:00000000 x13:00001f80
17159858ns          297736 1c008a64 ee873733 p.bclr           x14, x14, 23, 8     x14=00000000 x14:00000000
17159878ns          297737 1c008a68 1a10f6b7 lui              x13, 0x1a10f000     x13=1a10f000
17159898ns          297738 1c008a6c 0ff57513 andi             x10, x10, 255       x10=0000003a x10:0000003a
17159918ns          297739 1c008a70 00d70733 add              x14, x14, x13       x14=1a10f000 x14:00000000 x13:1a10f000
17159938ns          297740 1c008a72 00a7e723 p.sw             x10, x0(x15)        x10:0000003a x15:00000000  PA:1a10f000
17160256ns          297756 1c008a76 00000513 addi             x10, x0, 0          x10=00000000
17160276ns          297757 1c008a78 00008067 jalr             x0, x1, 0            x1:1c008b48
17160316ns          297759 1c008b48 31f52563 p.beqimm         x10, 778            x10:00000000
17160336ns          297760 1c008b4c 001d8d93 addi             x27, x27, 1         x27=0000000d x27:0000000c
17160356ns          297761 1c008b4e 00044503 lbu              x10, 0(x8)          x10=00000020  x8:1c0000e5  PA:1c0000e5
17160654ns          297776 1c008b52 00140413 addi             x8, x8, 1            x8=1c0000e6  x8:1c0000e5
17160674ns          297777 1c008b54 fe0514e3 bne              x10, x0, -24        x10:00000020
17160734ns          297780 1c008b3c 02500793 addi             x15, x0, 37         x15=00000025
17160754ns          297781 1c008b40 04f50863 beq              x10, x15, 80        x10:00000020 x15:00000025
17160773ns          297782 1c008b44 01a005b3 add              x11, x0, x26        x11=00000002 x26:00000002
17160793ns          297783 1c008b46 000b00e7 jalr             x1, x22, 0           x1=1c008b48 x22:1c008a52
17160833ns          297785 1c008a52 000026b7 lui              x13, 0x2000         x13=00002000
17160853ns          297786 1c008a54 f14027f3 csrrs            x15, x0, 0xf14      x15=00000000
17160873ns          297787 1c008a58 f8068693 addi             x13, x13, -128      x13=00001f80 x13:00002000
17160893ns          297788 1c008a5c 00379713 slli             x14, x15, 0x3       x14=00000000 x15:00000000
17160913ns          297789 1c008a60 00279793 slli             x15, x15, 0x2       x15=00000000 x15:00000000
17160933ns          297790 1c008a62 00d7f7b3 and              x15, x15, x13       x15=00000000 x15:00000000 x13:00001f80
17160952ns          297791 1c008a64 ee873733 p.bclr           x14, x14, 23, 8     x14=00000000 x14:00000000
17160972ns          297792 1c008a68 1a10f6b7 lui              x13, 0x1a10f000     x13=1a10f000
17160992ns          297793 1c008a6c 0ff57513 andi             x10, x10, 255       x10=00000020 x10:00000020
17161012ns          297794 1c008a70 00d70733 add              x14, x14, x13       x14=1a10f000 x14:00000000 x13:1a10f000
17161032ns          297795 1c008a72 00a7e723 p.sw             x10, x0(x15)        x10:00000020 x15:00000000  PA:1a10f000
17161350ns          297811 1c008a76 00000513 addi             x10, x0, 0          x10=00000000
17161370ns          297812 1c008a78 00008067 jalr             x0, x1, 0            x1:1c008b48
17161410ns          297814 1c008b48 31f52563 p.beqimm         x10, 778            x10:00000000
17161430ns          297815 1c008b4c 001d8d93 addi             x27, x27, 1         x27=0000000e x27:0000000d
17161450ns          297816 1c008b4e 00044503 lbu              x10, 0(x8)          x10=00000000  x8:1c0000e6  PA:1c0000e6
17161748ns          297831 1c008b52 00140413 addi             x8, x8, 1            x8=1c0000e7  x8:1c0000e6
17161768ns          297832 1c008b54 fe0514e3 bne              x10, x0, -24        x10:00000000
17161788ns          297833 1c008b56 01b00433 add              x8, x0, x27          x8=0000000e x27:0000000e
17161808ns          297834 1c008b58 00800533 add              x10, x0, x8         x10=0000000e  x8:0000000e
17161828ns          297835 1c008b5a 12c12083 lw               x1, 300(x2)          x1=1c008ae6  x2:10001228  PA:10001354
17161848ns          297836 1c008b5e 12812403 lw               x8, 296(x2)          x8=1c00110c  x2:10001228  PA:10001350
17161867ns          297837 1c008b62 12412483 lw               x9, 292(x2)          x9=00000000  x2:10001228  PA:1000134c
17161887ns          297838 1c008b66 12012903 lw               x18, 288(x2)        x18=1a10b004  x2:10001228  PA:10001348
17161907ns          297839 1c008b6a 11c12983 lw               x19, 284(x2)        x19=00000000  x2:10001228  PA:10001344
17161927ns          297840 1c008b6e 11812a03 lw               x20, 280(x2)        x20=1c001110  x2:10001228  PA:10001340
17161947ns          297841 1c008b72 11412a83 lw               x21, 276(x2)        x21=1c00a000  x2:10001228  PA:1000133c
17161967ns          297842 1c008b76 11012b03 lw               x22, 272(x2)        x22=1c00a000  x2:10001228  PA:10001338
17161987ns          297843 1c008b7a 10c12b83 lw               x23, 268(x2)        x23=1c000000  x2:10001228  PA:10001334
17162007ns          297844 1c008b7e 10812c03 lw               x24, 264(x2)        x24=1c000000  x2:10001228  PA:10001330
17162027ns          297845 1c008b82 10412c83 lw               x25, 260(x2)        x25=1c000000  x2:10001228  PA:1000132c
17162046ns          297846 1c008b86 10012d03 lw               x26, 256(x2)        x26=1c000000  x2:10001228  PA:10001328
17162066ns          297847 1c008b8a 0fc12d83 lw               x27, 252(x2)        x27=1c00110c  x2:10001228  PA:10001324
17162086ns          297848 1c008b8c 13010113 addi             x2, x2, 304          x2=10001358  x2:10001228
17162106ns          297849 1c008b8e 00008067 jalr             x0, x1, 0            x1:1c008ae6
17162146ns          297851 1c008ae6 01c12083 lw               x1, 28(x2)           x1=1c009d64  x2:10001358  PA:10001374
17162186ns          297853 1c008ae8 04010113 addi             x2, x2, 64           x2=10001398  x2:10001358
17162225ns          297855 1c008aea 00008067 jalr             x0, x1, 0            x1:1c009d64
17162265ns          297857 1c009d64 02048463 beq              x9, x0, 40           x9:00000000
17162723ns          297880 1c009d8c 1c000537 lui              x10, 0x1c000000     x10=1c000000
17162802ns          297884 1c009d90 0e850513 addi             x10, x10, 232       x10=1c0000e8 x10:1c000000
17162842ns          297886 1c009d94 c6dfe0ef jal              x1, -5012            x1=1c009d98
17162882ns          297888 1c008a00 0015478b p.lbu            x15, 1(x10!)        x15=00000053 x10=1c0000e9 x10:1c0000e8  PA:1c0000e8
17163220ns          297905 1c008a04 02078463 beq              x15, x0, 40         x15:00000053
17163240ns          297906 1c008a06 f14026f3 csrrs            x13, x0, 0xf14      x13=00000000
17163260ns          297907 1c008a0a 00369713 slli             x14, x13, 0x3       x14=00000000 x13:00000000
17163399ns          297914 1c008a0e 1a10f637 lui              x12, 0x1a10f000     x12=1a10f000
17163439ns          297916 1c008a12 ee873733 p.bclr           x14, x14, 23, 8     x14=00000000 x14:00000000
17163459ns          297917 1c008a16 00c70733 add              x14, x14, x12       x14=1a10f000 x14:00000000 x12:1a10f000
17163479ns          297918 1c008a18 00002637 lui              x12, 0x2000         x12=00002000
17163498ns          297919 1c008a1a 00269693 slli             x13, x13, 0x2       x13=00000000 x13:00000000
17163518ns          297920 1c008a1c f8060613 addi             x12, x12, -128      x12=00001f80 x12:00002000
17163916ns          297940 1c008a20 00c6f6b3 and              x13, x13, x12       x13=00000000 x13:00000000 x12:00001f80
17163936ns          297941 1c008a22 00d70733 add              x14, x14, x13       x14=1a10f000 x14:1a10f000 x13:00000000
17163956ns          297942 1c008a24 00f72023 sw               x15, 0(x14)         x15:00000053 x14:1a10f000  PA:1a10f000
17164314ns          297960 1c008a26 0015478b p.lbu            x15, 1(x10!)        x15=00000055 x10=1c0000ea x10:1c0000e9  PA:1c0000e9
17164632ns          297976 1c008a2a fe079de3 bne              x15, x0, -6         x15:00000055
17164692ns          297979 1c008a24 00f72023 sw               x15, 0(x14)         x15:00000055 x14:1a10f000  PA:1a10f000
17165030ns          297996 1c008a26 0015478b p.lbu            x15, 1(x10!)        x15=00000043 x10=1c0000eb x10:1c0000ea  PA:1c0000ea
17165348ns          298012 1c008a2a fe079de3 bne              x15, x0, -6         x15:00000043
17165408ns          298015 1c008a24 00f72023 sw               x15, 0(x14)         x15:00000043 x14:1a10f000  PA:1a10f000
17165726ns          298031 1c008a26 0015478b p.lbu            x15, 1(x10!)        x15=00000043 x10=1c0000ec x10:1c0000eb  PA:1c0000eb
17166045ns          298047 1c008a2a fe079de3 bne              x15, x0, -6         x15:00000043
17166104ns          298050 1c008a24 00f72023 sw               x15, 0(x14)         x15:00000043 x14:1a10f000  PA:1a10f000
17166422ns          298066 1c008a26 0015478b p.lbu            x15, 1(x10!)        x15=00000045 x10=1c0000ed x10:1c0000ec  PA:1c0000ec
17166741ns          298082 1c008a2a fe079de3 bne              x15, x0, -6         x15:00000045
17166800ns          298085 1c008a24 00f72023 sw               x15, 0(x14)         x15:00000045 x14:1a10f000  PA:1a10f000
17167138ns          298102 1c008a26 0015478b p.lbu            x15, 1(x10!)        x15=00000053 x10=1c0000ee x10:1c0000ed  PA:1c0000ed
17167457ns          298118 1c008a2a fe079de3 bne              x15, x0, -6         x15:00000053
17167516ns          298121 1c008a24 00f72023 sw               x15, 0(x14)         x15:00000053 x14:1a10f000  PA:1a10f000
17167835ns          298137 1c008a26 0015478b p.lbu            x15, 1(x10!)        x15=00000053 x10=1c0000ef x10:1c0000ee  PA:1c0000ee
17168153ns          298153 1c008a2a fe079de3 bne              x15, x0, -6         x15:00000053
17168213ns          298156 1c008a24 00f72023 sw               x15, 0(x14)         x15:00000053 x14:1a10f000  PA:1a10f000
17168551ns          298173 1c008a26 0015478b p.lbu            x15, 1(x10!)        x15=00000000 x10=1c0000f0 x10:1c0000ef  PA:1c0000ef
17168869ns          298189 1c008a2a fe079de3 bne              x15, x0, -6         x15:00000000
17168889ns          298190 1c008a2c f14027f3 csrrs            x15, x0, 0xf14      x15=00000000
17168909ns          298191 1c008a30 00379713 slli             x14, x15, 0x3       x14=00000000 x15:00000000
17168929ns          298192 1c008a34 1a10f6b7 lui              x13, 0x1a10f000     x13=1a10f000
17168949ns          298193 1c008a38 ee873733 p.bclr           x14, x14, 23, 8     x14=00000000 x14:00000000
17168968ns          298194 1c008a3c 00d70733 add              x14, x14, x13       x14=1a10f000 x14:00000000 x13:1a10f000
17168988ns          298195 1c008a3e 000026b7 lui              x13, 0x2000         x13=00002000
17169326ns          298212 1c008a40 f8068693 addi             x13, x13, -128      x13=00001f80 x13:00002000
17169366ns          298214 1c008a44 00279793 slli             x15, x15, 0x2       x15=00000000 x15:00000000
17169386ns          298215 1c008a46 00d7f7b3 and              x15, x15, x13       x15=00000000 x15:00000000 x13:00001f80
17169406ns          298216 1c008a48 00a00693 addi             x13, x0, 10         x13=0000000a
17169426ns          298217 1c008a4a 00d767a3 p.sw             x13, x0(x14)        x13:0000000a x14:1a10f000  PA:1a10f000
17169804ns          298236 1c008a4e 00000513 addi             x10, x0, 0          x10=00000000
17169824ns          298237 1c008a50 00008067 jalr             x0, x1, 0            x1:1c009d98
17169864ns          298239 1c009d98 00000513 addi             x10, x0, 0          x10=00000000
17169883ns          298240 1c009d9a f99ff06f jal              x0, -104           
17170023ns          298247 1c009d32 04c12083 lw               x1, 76(x2)           x1=1c0084d2  x2:10001398  PA:100013e4
17170062ns          298249 1c009d34 04812403 lw               x8, 72(x2)           x8=xxxxxxxx  x2:10001398  PA:100013e0
17170082ns          298250 1c009d36 04412483 lw               x9, 68(x2)           x9=xxxxxxxx  x2:10001398  PA:100013dc
17170102ns          298251 1c009d38 04012903 lw               x18, 64(x2)         x18=xxxxxxxx  x2:10001398  PA:100013d8
17170122ns          298252 1c009d3a 03c12983 lw               x19, 60(x2)         x19=xxxxxxxx  x2:10001398  PA:100013d4
17170142ns          298253 1c009d3c 03812a03 lw               x20, 56(x2)         x20=xxxxxxxx  x2:10001398  PA:100013d0
17170162ns          298254 1c009d3e 03412a83 lw               x21, 52(x2)         x21=xxxxxxxx  x2:10001398  PA:100013cc
17170420ns          298267 1c009d40 03012b03 lw               x22, 48(x2)         x22=xxxxxxxx  x2:10001398  PA:100013c8
17170440ns          298268 1c009d42 02c12b83 lw               x23, 44(x2)         x23=xxxxxxxx  x2:10001398  PA:100013c4
17170460ns          298269 1c009d44 02812c03 lw               x24, 40(x2)         x24=xxxxxxxx  x2:10001398  PA:100013c0
17170480ns          298270 1c009d46 02412c83 lw               x25, 36(x2)         x25=xxxxxxxx  x2:10001398  PA:100013bc
17170500ns          298271 1c009d48 02012d03 lw               x26, 32(x2)         x26=xxxxxxxx  x2:10001398  PA:100013b8
17170520ns          298272 1c009d4a 01c12d83 lw               x27, 28(x2)         x27=xxxxxxxx  x2:10001398  PA:100013b4
17170540ns          298273 1c009d4c 05010113 addi             x2, x2, 80           x2=100013e8  x2:10001398
17170560ns          298274 1c009d4e 00008067 jalr             x0, x1, 0            x1:1c0084d2
17171017ns          298297 1c0084d2 00a00433 add              x8, x0, x10          x8=00000000 x10:00000000
17171057ns          298299 1c0084d4 22d010ef jal              x1, 6700             x1=1c0084d8
17171137ns          298303 1c009f00 f14027f3 csrrs            x15, x0, 0xf14      x15=00000000
17171176ns          298305 1c009f04 01f00713 addi             x14, x0, 31         x14=0000001f
17171196ns          298306 1c009f06 ca5797b3 p.extractu       x15, x15, 5, 5      x15=00000000 x15:00000000
17171216ns          298307 1c009f0a 00e78863 beq              x15, x14, 16        x15:00000000 x14:0000001f
17171276ns          298310 1c009f0e 002047b7 lui              x15, 0x204000       x15=00204000
17171316ns          298312 1c009f12 20078793 addi             x15, x15, 512       x15=00204200 x15:00204000
17171335ns          298313 1c009f16 01c7e703 p.elw            x14, 28(x15)        x14=00010000 x15:00204200  PA:0020421c
17171514ns          298322 1c009f1a 00008067 jalr             x0, x1, 0            x1:1c0084d8
17171554ns          298324 1c0084d8 00803533 sltu             x10, x0, x8         x10=00000000  x8:00000000
17171574ns          298325 1c0084dc 00c12083 lw               x1, 12(x2)           x1=1c009e10  x2:100013e8  PA:100013f4
17171654ns          298329 1c0084de 00812403 lw               x8, 8(x2)            x8=xxxxxxxx  x2:100013e8  PA:100013f0
17172111ns          298352 1c0084e0 01010113 addi             x2, x2, 16           x2=100013f8  x2:100013e8
17172131ns          298353 1c0084e2 00008067 jalr             x0, x1, 0            x1:1c009e10
17172211ns          298357 1c009e10 f14027f3 csrrs            x15, x0, 0xf14      x15=00000000
17172250ns          298359 1c009e14 f457b7b3 p.bclr           x15, x15, 26, 5     x15=00000000 x15:00000000
17172270ns          298360 1c009e18 00079963 bne              x15, x0, 18         x15:00000000
17172290ns          298361 1c009e1a 1c001737 lui              x14, 0x1c001000     x14=1c001000
17172748ns          298384 1c009e1e 1c0017b7 lui              x15, 0x1c001000     x15=1c001000
17172787ns          298386 1c009e22 10a72e23 sw               x10, 284(x14)       x10:00000000 x14:1c001000  PA:1c00111c
17173106ns          298402 1c009e26 1207a023 sw               x0, 288(x15)        x15:1c001000  PA:1c001120
17173424ns          298418 1c009e2a 002047b7 lui              x15, 0x204000       x15=00204000
17173444ns          298419 1c009e2e fff00713 addi             x14, x0, -1         x14=ffffffff
17173464ns          298420 1c009e30 00e7a223 sw               x14, 4(x15)         x14:ffffffff x15:00204000  PA:00204004
