                Time          Cycles PC       Instr    Mnemonic
16668835ns          273050 1c008080 0640006f jal              x0, 100            
16669313ns          273074 1c0080e4 f1402573 csrrs            x10, x0, 0xf14      x10=00000003
16669353ns          273076 1c0080e8 01f57593 andi             x11, x10, 31        x11=00000003 x10:00000003
16669372ns          273077 1c0080ec 00555513 srli             x10, x10, 0x5       x10=00000000 x10:00000003
16669392ns          273078 1c0080ee 01f00613 addi             x12, x0, 31         x12=0000001f
16669810ns          273099 1c0080f0 00c50463 beq              x10, x12, 8         x10:00000000 x12:0000001f
16669850ns          273101 1c0080f4 fa1ff06f jal              x0, -96            
16670307ns          273124 1c008094 f3ff9117 auipc            x2, 0xf3ff9000       x2=10001094
16670347ns          273126 1c008098 b7010113 addi             x2, x2, -1168        x2=10000c04  x2:10001094
16670367ns          273127 1c00809c 00012103 lw               x2, 0(x2)            x2=10000c08  x2:10000c04  PA:10000c04
16670824ns          273150 1c0080a0 000011b7 lui              x3, 0x1000           x3=00001000
16670864ns          273152 1c0080a4 80018193 addi             x3, x3, -2048        x3=00000800  x3:00001000
16670884ns          273153 1c0080a8 00158593 addi             x11, x11, 1         x11=00000004 x11:00000003
16670904ns          273154 1c0080ac 02b180b3 mul              x1, x3, x11          x1=00002000  x3:00000800 x11:00000004
16671342ns          273176 1c0080b0 00110133 add              x2, x2, x1           x2=10002c08  x2:10000c08  x1:00002000
16671381ns          273178 1c0080b4 5370106f jal              x0, 7478           
16671839ns          273201 1c009dea ff010113 addi             x2, x2, -16          x2=10002bf8  x2:10002c08
16671879ns          273203 1c009dec 00112623 sw               x1, 12(x2)           x1:00002000  x2:10002bf8  PA:10002c04
16672316ns          273225 1c009dee 002047b7 lui              x15, 0x204000       x15=00204000
16672356ns          273227 1c009df2 00070737 lui              x14, 0x70000        x14=00070000
16672376ns          273228 1c009df6 00e7a423 sw               x14, 8(x15)         x14:00070000 x15:00204000  PA:00204008
16672396ns          273229 1c009df8 00f00713 addi             x14, x0, 15         x14=0000000f
16672416ns          273230 1c009dfa 20078793 addi             x15, x15, 512       x15=00204200 x15:00204000
16672833ns          273251 1c009dfe 00e7a023 sw               x14, 0(x15)         x14:0000000f x15:00204200  PA:00204200
16672913ns          273255 1c009e02 00e7a623 sw               x14, 12(x15)        x14:0000000f x15:00204200  PA:0020420c
16672933ns          273256 1c009e06 1c0017b7 lui              x15, 0x1c001000     x15=1c001000
16672953ns          273257 1c009e0a 14c7a783 lw               x15, 332(x15)       x15=1c0084b6 x15:1c001000  PA:1c00114c
16673370ns          273278 1c009e0e 000780e7 jalr             x1, x15, 0           x1=1c009e10 x15:1c0084b6
16673908ns          273305 1c0084b6 f14027f3 csrrs            x15, x0, 0xf14      x15=00000003
16673927ns          273306 1c0084ba ca5797b3 p.extractu       x15, x15, 5, 5      x15=00000000 x15:00000003
16673947ns          273307 1c0084be 02079363 bne              x15, x0, 38         x15:00000000
16674365ns          273328 1c0084c0 1c001537 lui              x10, 0x1c001000     x10=1c001000
16674405ns          273330 1c0084c4 ff010113 addi             x2, x2, -16          x2=10002be8  x2:10002bf8
16674425ns          273331 1c0084c6 10050513 addi             x10, x10, 256       x10=1c001100 x10:1c001000
16674445ns          273332 1c0084ca 00112623 sw               x1, 12(x2)           x1:1c009e10  x2:10002be8  PA:10002bf4
16674464ns          273333 1c0084cc 00812423 sw               x8, 8(x2)            x8:xxxxxxxx  x2:10002be8  PA:10002bf0
16674882ns          273354 1c0084ce 77a010ef jal              x1, 6010             x1=1c0084d2
16675340ns          273377 1c009c48 fb010113 addi             x2, x2, -80          x2=10002b98  x2:10002be8
16675360ns          273378 1c009c4a 00052783 lw               x15, 0(x10)         x15=1c000040 x10:1c001100  PA:1c001100
16675837ns          273402 1c009c4c 04112623 sw               x1, 76(x2)           x1:1c0084d2  x2:10002b98  PA:10002be4
16675857ns          273403 1c009c4e 04812423 sw               x8, 72(x2)           x8:xxxxxxxx  x2:10002b98  PA:10002be0
16675877ns          273404 1c009c50 04912223 sw               x9, 68(x2)           x9:xxxxxxxx  x2:10002b98  PA:10002bdc
16675897ns          273405 1c009c52 05212023 sw               x18, 64(x2)         x18:xxxxxxxx  x2:10002b98  PA:10002bd8
16675916ns          273406 1c009c54 03312e23 sw               x19, 60(x2)         x19:xxxxxxxx  x2:10002b98  PA:10002bd4
16675936ns          273407 1c009c56 03412c23 sw               x20, 56(x2)         x20:xxxxxxxx  x2:10002b98  PA:10002bd0
16675956ns          273408 1c009c58 03512a23 sw               x21, 52(x2)         x21:xxxxxxxx  x2:10002b98  PA:10002bcc
16675976ns          273409 1c009c5a 03612823 sw               x22, 48(x2)         x22:xxxxxxxx  x2:10002b98  PA:10002bc8
16675996ns          273410 1c009c5c 03712623 sw               x23, 44(x2)         x23:xxxxxxxx  x2:10002b98  PA:10002bc4
16676016ns          273411 1c009c5e 03812423 sw               x24, 40(x2)         x24:xxxxxxxx  x2:10002b98  PA:10002bc0
16676334ns          273427 1c009c60 03912223 sw               x25, 36(x2)         x25:xxxxxxxx  x2:10002b98  PA:10002bbc
16676354ns          273428 1c009c62 03a12023 sw               x26, 32(x2)         x26:xxxxxxxx  x2:10002b98  PA:10002bb8
16676374ns          273429 1c009c64 01b12e23 sw               x27, 28(x2)         x27:xxxxxxxx  x2:10002b98  PA:10002bb4
16676394ns          273430 1c009c66 10078763 beq              x15, x0, 270        x15:1c000040
16676414ns          273431 1c009c6a 00850713 addi             x14, x10, 8         x14=1c001108 x10:1c001100
16676434ns          273432 1c009c6e 00000413 addi             x8, x0, 0            x8=00000000
16676851ns          273453 1c009c70 0087268b p.lw             x13, 8(x14!)        x13=00000000 x14=1c001110 x14:1c001108  PA:1c001108
16677369ns          273479 1c009c74 00140413 addi             x8, x8, 1            x8=00000001  x8:00000000
16677388ns          273480 1c009c76 fe069de3 bne              x13, x0, -6         x13:00000000
16677408ns          273481 1c009c78 00450d93 addi             x27, x10, 4         x27=1c001104 x10:1c001100
16677428ns          273482 1c009c7c 00341413 slli             x8, x8, 0x3          x8=00000008  x8:00000001
16677448ns          273483 1c009c7e 1c001a37 lui              x20, 0x1c001000     x20=1c001000
16677488ns          273485 1c009c82 1a10b937 lui              x18, 0x1a10b000     x18=1a10b000
16677508ns          273486 1c009c86 f14029f3 csrrs            x19, x0, 0xf14      x19=00000003
16677528ns          273487 1c009c8a 01b40433 add              x8, x8, x27          x8=1c00110c  x8:00000008 x27:1c001104
16677548ns          273488 1c009c8c 00000493 addi             x9, x0, 0            x9=00000000
16677965ns          273509 1c009c8e 1c00ab37 lui              x22, 0x1c00a000     x22=1c00a000
16678005ns          273511 1c009c92 1c00aab7 lui              x21, 0x1c00a000     x21=1c00a000
16678025ns          273512 1c009c96 110a0a13 addi             x20, x20, 272       x20=1c001110 x20:1c001000
16678045ns          273513 1c009c9a f459b9b3 p.bclr           x19, x19, 26, 5     x19=00000003 x19:00000003
16678065ns          273514 1c009c9e 00490913 addi             x18, x18, 4         x18=1a10b004 x18:1a10b000
16678482ns          273535 1c009ca0 1c000d37 lui              x26, 0x1c000000     x26=1c000000
16678522ns          273537 1c009ca4 1c000cb7 lui              x25, 0x1c000000     x25=1c000000
16678542ns          273538 1c009ca8 1c000c37 lui              x24, 0x1c000000     x24=1c000000
16678562ns          273539 1c009cac 1c000bb7 lui              x23, 0x1c000000     x23=1c000000
16679000ns          273561 1c009cb0 00c0006f jal              x0, 12             
16679039ns          273563 1c009cbc 00012623 sw               x0, 12(x2)           x2:10002b98  PA:10002ba4
16679477ns          273585 1c009cbe 00099763 bne              x19, x0, 14         x19:00000003
16679537ns          273588 1c009ccc 000da703 lw               x14, 0(x27)         x14=1c00813e x27:1c001104  PA:1c001104
16680034ns          273613 1c009cd0 c32b0613 addi             x12, x22, -974      x12=1c009c32 x22:1c00a000
16680054ns          273614 1c009cd4 c1aa8593 addi             x11, x21, -998      x11=1c009c1a x21:1c00a000
16680074ns          273615 1c009cd8 00810513 addi             x10, x2, 8          x10=10002ba0  x2:10002b98
16680094ns          273616 1c009cda 000700e7 jalr             x1, x14, 0           x1=1c009cdc x14:1c00813e
16680969ns          273660 1c00813e fc010113 addi             x2, x2, -64          x2=10002b58  x2:10002b98
16681446ns          273684 1c008140 02912a23 sw               x9, 52(x2)           x9:00000000  x2:10002b58  PA:10002b8c
16681486ns          273686 1c008142 f14024f3 csrrs            x9, x0, 0xf14        x9=00000003
16681506ns          273687 1c008146 f454b4b3 p.bclr           x9, x9, 26, 5        x9=00000003  x9:00000003
16681526ns          273688 1c00814a 02812c23 sw               x8, 56(x2)           x8:1c00110c  x2:10002b58  PA:10002b90
16681546ns          273689 1c00814c 03212823 sw               x18, 48(x2)         x18:1a10b004  x2:10002b58  PA:10002b88
16681565ns          273690 1c00814e 03312623 sw               x19, 44(x2)         x19:00000003  x2:10002b58  PA:10002b84
16681963ns          273710 1c008150 03412423 sw               x20, 40(x2)         x20:1c001110  x2:10002b58  PA:10002b80
16681983ns          273711 1c008152 03512223 sw               x21, 36(x2)         x21:1c00a000  x2:10002b58  PA:10002b7c
16682003ns          273712 1c008154 02112e23 sw               x1, 60(x2)           x1:1c009cdc  x2:10002b58  PA:10002b94
16682023ns          273713 1c008156 00249a93 slli             x21, x9, 0x2        x21=0000000c  x9:00000003
16682043ns          273714 1c00815a 03612023 sw               x22, 32(x2)         x22:1c00a000  x2:10002b58  PA:10002b78
16682063ns          273715 1c00815c 01712e23 sw               x23, 28(x2)         x23:1c000000  x2:10002b58  PA:10002b74
16682083ns          273716 1c00815e 01812c23 sw               x24, 24(x2)         x24:1c000000  x2:10002b58  PA:10002b70
16682480ns          273736 1c008160 01912a23 sw               x25, 20(x2)         x25:1c000000  x2:10002b58  PA:10002b6c
16682500ns          273737 1c008162 01a12823 sw               x26, 16(x2)         x26:1c000000  x2:10002b58  PA:10002b68
16682520ns          273738 1c008164 01b12623 sw               x27, 12(x2)         x27:1c001104  x2:10002b58  PA:10002b64
16682540ns          273739 1c008166 00a009b3 add              x19, x0, x10        x19=10002ba0 x10:10002ba0
16682560ns          273740 1c008168 00b00433 add              x8, x0, x11          x8=1c009c1a x11:1c009c1a
16682580ns          273741 1c00816a 00c00933 add              x18, x0, x12        x18=1c009c32 x12:1c009c32
16682600ns          273742 1c00816c 004a8a13 addi             x20, x21, 4         x20=00000010 x21:0000000c
16682998ns          273762 1c008170 1c048963 beq              x9, x0, 466          x9:00000003
16683037ns          273764 1c008174 58d010ef jal              x1, 7564             x1=1c008178
16683495ns          273787 1c009f00 f14027f3 csrrs            x15, x0, 0xf14      x15=00000003
16683535ns          273789 1c009f04 01f00713 addi             x14, x0, 31         x14=0000001f
16683555ns          273790 1c009f06 ca5797b3 p.extractu       x15, x15, 5, 5      x15=00000000 x15:00000003
16683574ns          273791 1c009f0a 00e78863 beq              x15, x14, 16        x15:00000000 x14:0000001f
16684111ns          273818 1c009f0e 002047b7 lui              x15, 0x204000       x15=00204000
16684151ns          273820 1c009f12 20078793 addi             x15, x15, 512       x15=00204200 x15:00204000
16684171ns          273821 1c009f16 01c7e703 p.elw            x14, 28(x15)        x14=00010000 x15:00204200  PA:0020421c
16886480ns          283992 1c009f1a 00008067 jalr             x0, x1, 0            x1:1c008178
16886520ns          283994 1c008178 00300793 addi             x15, x0, 3          x15=00000003
16886540ns          283995 1c00817a 3097e963 bltu             x15, x9, 786        x15:00000003  x9:00000003
16886560ns          283996 1c00817e 000400e7 jalr             x1, x8, 0            x1=1c008180  x8:1c009c1a
16887216ns          284029 1c009c1a f14027f3 csrrs            x15, x0, 0xf14      x15=00000003
16887693ns          284053 1c009c1e f457b7b3 p.bclr           x15, x15, 26, 5     x15=00000003 x15:00000003
16887713ns          284054 1c009c22 00079763 bne              x15, x0, 14         x15:00000003
16888210ns          284079 1c009c30 00008067 jalr             x0, x1, 0            x1:1c008180
16888250ns          284081 1c008180 100007b7 lui              x15, 0x10000000     x15=10000000
16888270ns          284082 1c008184 10000cb7 lui              x25, 0x10000000     x25=10000000
16888290ns          284083 1c008188 100acc33 p.exths          x24, x21, x0        x24=0000000c x21:0000000c
16888310ns          284084 1c00818c 00478d13 addi             x26, x15, 4         x26=10000004 x15:10000000
16888688ns          284103 1c008190 404c8c93 addi             x25, x25, 1028      x25=10000404 x25:10000000
16888728ns          284105 1c008194 fffc4d93 xori             x27, x24, -1        x27=fffffff3 x24:0000000c
16888748ns          284106 1c008198 014d8db3 add              x27, x27, x20       x27=00000003 x27:fffffff3 x20:00000010
16888767ns          284107 1c00819a 001c0793 addi             x15, x24, 1         x15=0000000d x24:0000000c
16889205ns          284129 1c00819e 100dddb3 p.exthz          x27, x27, x0        x27=00000003 x27:00000003
16889245ns          284131 1c0081a2 1007c7b3 p.exths          x15, x15, x0        x15=0000000d x15:0000000d
16889265ns          284132 1c0081a6 100a4733 p.exths          x14, x20, x0        x14=00000010 x20:00000010
16889285ns          284133 1c0081aa 001d8d93 addi             x27, x27, 1         x27=00000004 x27:00000003
16889304ns          284134 1c0081ac 30f74263 blt              x14, x15, 772       x14:00000010 x15:0000000d
16889722ns          284155 1c0081b0 ffff87b7 lui              x15, 0xffff8000     x15=ffff8000
16889742ns          284156 1c0081b2 01500633 add              x12, x0, x21        x12=0000000c x21:0000000c
16889762ns          284157 1c0081b4 2efa4e63 blt              x20, x15, 764       x20:00000010 x15:ffff8000
16889782ns          284158 1c0081b8 06fdc07b lp.setup         0x0, x27, 0x6f      x27:00000004
16889802ns          284159 1c0081bc 00661613 slli             x12, x12, 0x6       x12=00000300 x12:0000000c
16890219ns          284180 1c0081be 00cd07b3 add              x15, x26, x12       x15=10000304 x26:10000004 x12:00000300
16890259ns          284182 1c0081c2 0007ab83 lw               x23, 0(x15)         x23=00000040 x15:10000304  PA:10000304
16890279ns          284183 1c0081c6 0047ab03 lw               x22, 4(x15)         x22=000000c2 x15:10000304  PA:10000308
16890299ns          284184 1c0081ca 0087aa83 lw               x21, 8(x15)         x21=000000c3 x15:10000304  PA:1000030c
16890737ns          284206 1c0081ce 00c7aa03 lw               x20, 12(x15)        x20=0000003d x15:10000304  PA:10000310
16890776ns          284208 1c0081d2 0107a083 lw               x1, 16(x15)          x1=0000003c x15:10000304  PA:10000314
16890796ns          284209 1c0081d6 0147a383 lw               x7, 20(x15)          x7=000000c6 x15:10000304  PA:10000318
16890816ns          284210 1c0081da 0187a283 lw               x5, 24(x15)          x5=000000c7 x15:10000304  PA:1000031c
16891274ns          284233 1c0081de 01c7af83 lw               x31, 28(x15)        x31=00000039 x15:10000304  PA:10000320
16891313ns          284235 1c0081e2 0207af03 lw               x30, 32(x15)        x30=00000038 x15:10000304  PA:10000324
16891333ns          284236 1c0081e6 0247ae83 lw               x29, 36(x15)        x29=000000ca x15:10000304  PA:10000328
16891353ns          284237 1c0081ea 0287ae03 lw               x28, 40(x15)        x28=000000cb x15:10000304  PA:1000032c
16891811ns          284260 1c0081ee 02c7a303 lw               x6, 44(x15)          x6=00000035 x15:10000304  PA:10000330
16891850ns          284262 1c0081f2 0307a883 lw               x17, 48(x15)        x17=00000034 x15:10000304  PA:10000334
16891870ns          284263 1c0081f6 0347a803 lw               x16, 52(x15)        x16=000000ce x15:10000304  PA:10000338
16891890ns          284264 1c0081fa 0387a503 lw               x10, 56(x15)        x10=000000cf x15:10000304  PA:1000033c
16891910ns          284265 1c0081fc 03c7a583 lw               x11, 60(x15)        x11=00000031 x15:10000304  PA:10000340
16892308ns          284285 1c0081fe 100017b7 lui              x15, 0x10001000     x15=10001000
16892348ns          284287 1c008202 80478793 addi             x15, x15, -2044     x15=10000804 x15:10001000
16892368ns          284288 1c008206 01900733 add              x14, x0, x25        x14=10000404 x25:10000404
16892388ns          284289 1c008208 00f60633 add              x12, x12, x15       x12=10000b04 x12:00000300 x15:10000804
16892407ns          284290 1c00820a 01000693 addi             x13, x0, 16         x13=00000010
16892427ns          284291 1c00820c 0406c0fb lp.setup         0x1, x13, 0x40      x13:00000010
16892825ns          284311 1c008210 0047278b p.lw             x15, 4(x14!)        x15=00000001 x14=10000408 x14:10000404  PA:10000404
16892865ns          284313 1c008214 03c72403 lw               x8, 60(x14)          x8=00000000 x14:10000408  PA:10000444
16892944ns          284317 1c008216 02fb87b3 mul              x15, x23, x15       x15=00000040 x23:00000040 x15:00000001
16892964ns          284318 1c00821a 428b07b3 p.mac            x15, x22, x8        x15=00000040 x15:00000040 x22:000000c2  x8:00000000
16892984ns          284319 1c00821e 07c72403 lw               x8, 124(x14)         x8=00000001 x14:10000408  PA:10000484
16893362ns          284338 1c008220 428a87b3 p.mac            x15, x21, x8        x15=00000103 x15:00000040 x21:000000c3  x8:00000001
16893402ns          284340 1c008224 0bc72403 lw               x8, 188(x14)         x8=00000000 x14:10000408  PA:100004c4
16893442ns          284342 1c008228 428a07b3 p.mac            x15, x20, x8        x15=00000103 x15:00000103 x20:0000003d  x8:00000000
16893462ns          284343 1c00822c 0fc72403 lw               x8, 252(x14)         x8=00000000 x14:10000408  PA:10000504
16893879ns          284364 1c008230 428087b3 p.mac            x15, x1, x8         x15=00000103 x15:00000103  x1:0000003c  x8:00000000
16893919ns          284366 1c008234 13c72403 lw               x8, 316(x14)         x8=00000001 x14:10000408  PA:10000544
16893959ns          284368 1c008238 428387b3 p.mac            x15, x7, x8         x15=000001c9 x15:00000103  x7:000000c6  x8:00000001
16893979ns          284369 1c00823c 17c72403 lw               x8, 380(x14)         x8=00000000 x14:10000408  PA:10000584
16894397ns          284390 1c008240 428287b3 p.mac            x15, x5, x8         x15=000001c9 x15:000001c9  x5:000000c7  x8:00000000
16894436ns          284392 1c008244 1bc72403 lw               x8, 444(x14)         x8=00000000 x14:10000408  PA:100005c4
16894476ns          284394 1c008248 428f87b3 p.mac            x15, x31, x8        x15=000001c9 x15:000001c9 x31:00000039  x8:00000000
16894496ns          284395 1c00824c 1fc72403 lw               x8, 508(x14)         x8=00000000 x14:10000408  PA:10000604
16894914ns          284416 1c008250 428f07b3 p.mac            x15, x30, x8        x15=000001c9 x15:000001c9 x30:00000038  x8:00000000
16894953ns          284418 1c008254 23c72403 lw               x8, 572(x14)         x8=00000000 x14:10000408  PA:10000644
16894993ns          284420 1c008258 428e87b3 p.mac            x15, x29, x8        x15=000001c9 x15:000001c9 x29:000000ca  x8:00000000
16895013ns          284421 1c00825c 27c72403 lw               x8, 636(x14)         x8=00000000 x14:10000408  PA:10000684
16895451ns          284443 1c008260 428e07b3 p.mac            x15, x28, x8        x15=000001c9 x15:000001c9 x28:000000cb  x8:00000000
16895490ns          284445 1c008264 2bc72403 lw               x8, 700(x14)         x8=00000001 x14:10000408  PA:100006c4
16895530ns          284447 1c008268 428307b3 p.mac            x15, x6, x8         x15=000001fe x15:000001c9  x6:00000035  x8:00000001
16895550ns          284448 1c00826c 2fc72403 lw               x8, 764(x14)         x8=00000000 x14:10000408  PA:10000704
16895968ns          284469 1c008270 428887b3 p.mac            x15, x17, x8        x15=000001fe x15:000001fe x17:00000034  x8:00000000
16896008ns          284471 1c008274 33c72403 lw               x8, 828(x14)         x8=00000000 x14:10000408  PA:10000744
16896047ns          284473 1c008278 428807b3 p.mac            x15, x16, x8        x15=000001fe x15:000001fe x16:000000ce  x8:00000000
16896067ns          284474 1c00827c 37c72403 lw               x8, 892(x14)         x8=00000000 x14:10000408  PA:10000784
16896465ns          284494 1c008280 428507b3 p.mac            x15, x10, x8        x15=000001fe x15:000001fe x10:000000cf  x8:00000000
16896505ns          284496 1c008284 3bc72403 lw               x8, 956(x14)         x8=00000000 x14:10000408  PA:100007c4
16896545ns          284498 1c008288 428587b3 p.mac            x15, x11, x8        x15=000001fe x15:000001fe x11:00000031  x8:00000000
16896565ns          284499 1c00828c 00f6222b p.sw             x15, 4(x12!)        x12=10000b08 x15:000001fe x12:10000b04  PA:10000b04
16896584ns          284500 1c008210 0047278b p.lw             x15, 4(x14!)        x15=00000000 x14=1000040c x14:10000408  PA:10000408
16896624ns          284502 1c008214 03c72403 lw               x8, 60(x14)          x8=00000000 x14:1000040c  PA:10000448
16896684ns          284505 1c008216 02fb87b3 mul              x15, x23, x15       x15=00000000 x23:00000040 x15:00000000
16896704ns          284506 1c00821a 428b07b3 p.mac            x15, x22, x8        x15=00000000 x15:00000000 x22:000000c2  x8:00000000
16896724ns          284507 1c00821e 07c72403 lw               x8, 124(x14)         x8=00000001 x14:1000040c  PA:10000488
16896783ns          284510 1c008220 428a87b3 p.mac            x15, x21, x8        x15=000000c3 x15:00000000 x21:000000c3  x8:00000001
16896803ns          284511 1c008224 0bc72403 lw               x8, 188(x14)         x8=00000000 x14:1000040c  PA:100004c8
16896863ns          284514 1c008228 428a07b3 p.mac            x15, x20, x8        x15=000000c3 x15:000000c3 x20:0000003d  x8:00000000
16896883ns          284515 1c00822c 0fc72403 lw               x8, 252(x14)         x8=00000000 x14:1000040c  PA:10000508
16896943ns          284518 1c008230 428087b3 p.mac            x15, x1, x8         x15=000000c3 x15:000000c3  x1:0000003c  x8:00000000
16896962ns          284519 1c008234 13c72403 lw               x8, 316(x14)         x8=00000000 x14:1000040c  PA:10000548
16897022ns          284522 1c008238 428387b3 p.mac            x15, x7, x8         x15=000000c3 x15:000000c3  x7:000000c6  x8:00000000
16897042ns          284523 1c00823c 17c72403 lw               x8, 380(x14)         x8=00000000 x14:1000040c  PA:10000588
16897102ns          284526 1c008240 428287b3 p.mac            x15, x5, x8         x15=000000c3 x15:000000c3  x5:000000c7  x8:00000000
16897122ns          284527 1c008244 1bc72403 lw               x8, 444(x14)         x8=00000000 x14:1000040c  PA:100005c8
16897181ns          284530 1c008248 428f87b3 p.mac            x15, x31, x8        x15=000000c3 x15:000000c3 x31:00000039  x8:00000000
16897201ns          284531 1c00824c 1fc72403 lw               x8, 508(x14)         x8=00000000 x14:1000040c  PA:10000608
16897261ns          284534 1c008250 428f07b3 p.mac            x15, x30, x8        x15=000000c3 x15:000000c3 x30:00000038  x8:00000000
16897281ns          284535 1c008254 23c72403 lw               x8, 572(x14)         x8=00000000 x14:1000040c  PA:10000648
16897340ns          284538 1c008258 428e87b3 p.mac            x15, x29, x8        x15=000000c3 x15:000000c3 x29:000000ca  x8:00000000
16897360ns          284539 1c00825c 27c72403 lw               x8, 636(x14)         x8=00000000 x14:1000040c  PA:10000688
16897420ns          284542 1c008260 428e07b3 p.mac            x15, x28, x8        x15=000000c3 x15:000000c3 x28:000000cb  x8:00000000
16897440ns          284543 1c008264 2bc72403 lw               x8, 700(x14)         x8=00000001 x14:1000040c  PA:100006c8
16897499ns          284546 1c008268 428307b3 p.mac            x15, x6, x8         x15=000000f8 x15:000000c3  x6:00000035  x8:00000001
16897519ns          284547 1c00826c 2fc72403 lw               x8, 764(x14)         x8=00000000 x14:1000040c  PA:10000708
16897579ns          284550 1c008270 428887b3 p.mac            x15, x17, x8        x15=000000f8 x15:000000f8 x17:00000034  x8:00000000
16897599ns          284551 1c008274 33c72403 lw               x8, 828(x14)         x8=00000001 x14:1000040c  PA:10000748
16897659ns          284554 1c008278 428807b3 p.mac            x15, x16, x8        x15=000001c6 x15:000000f8 x16:000000ce  x8:00000001
16897678ns          284555 1c00827c 37c72403 lw               x8, 892(x14)         x8=00000000 x14:1000040c  PA:10000788
16897738ns          284558 1c008280 428507b3 p.mac            x15, x10, x8        x15=000001c6 x15:000001c6 x10:000000cf  x8:00000000
16897758ns          284559 1c008284 3bc72403 lw               x8, 956(x14)         x8=00000001 x14:1000040c  PA:100007c8
16897818ns          284562 1c008288 428587b3 p.mac            x15, x11, x8        x15=000001f7 x15:000001c6 x11:00000031  x8:00000001
16897838ns          284563 1c00828c 00f6222b p.sw             x15, 4(x12!)        x12=10000b0c x15:000001f7 x12:10000b08  PA:10000b08
16898196ns          284581 1c008210 0047278b p.lw             x15, 4(x14!)        x15=00000000 x14=10000410 x14:1000040c  PA:1000040c
16898235ns          284583 1c008214 03c72403 lw               x8, 60(x14)          x8=00000000 x14:10000410  PA:1000044c
16898275ns          284585 1c008216 02fb87b3 mul              x15, x23, x15       x15=00000000 x23:00000040 x15:00000000
16898295ns          284586 1c00821a 428b07b3 p.mac            x15, x22, x8        x15=00000000 x15:00000000 x22:000000c2  x8:00000000
16898315ns          284587 1c00821e 07c72403 lw               x8, 124(x14)         x8=00000001 x14:10000410  PA:1000048c
16898375ns          284590 1c008220 428a87b3 p.mac            x15, x21, x8        x15=000000c3 x15:00000000 x21:000000c3  x8:00000001
16898395ns          284591 1c008224 0bc72403 lw               x8, 188(x14)         x8=00000000 x14:10000410  PA:100004cc
16898454ns          284594 1c008228 428a07b3 p.mac            x15, x20, x8        x15=000000c3 x15:000000c3 x20:0000003d  x8:00000000
16898474ns          284595 1c00822c 0fc72403 lw               x8, 252(x14)         x8=00000000 x14:10000410  PA:1000050c
16898534ns          284598 1c008230 428087b3 p.mac            x15, x1, x8         x15=000000c3 x15:000000c3  x1:0000003c  x8:00000000
16898554ns          284599 1c008234 13c72403 lw               x8, 316(x14)         x8=00000000 x14:10000410  PA:1000054c
16898613ns          284602 1c008238 428387b3 p.mac            x15, x7, x8         x15=000000c3 x15:000000c3  x7:000000c6  x8:00000000
16898633ns          284603 1c00823c 17c72403 lw               x8, 380(x14)         x8=00000000 x14:10000410  PA:1000058c
16898693ns          284606 1c008240 428287b3 p.mac            x15, x5, x8         x15=000000c3 x15:000000c3  x5:000000c7  x8:00000000
16898713ns          284607 1c008244 1bc72403 lw               x8, 444(x14)         x8=00000000 x14:10000410  PA:100005cc
16898772ns          284610 1c008248 428f87b3 p.mac            x15, x31, x8        x15=000000c3 x15:000000c3 x31:00000039  x8:00000000
16898792ns          284611 1c00824c 1fc72403 lw               x8, 508(x14)         x8=00000000 x14:10000410  PA:1000060c
16898852ns          284614 1c008250 428f07b3 p.mac            x15, x30, x8        x15=000000c3 x15:000000c3 x30:00000038  x8:00000000
16898872ns          284615 1c008254 23c72403 lw               x8, 572(x14)         x8=00000000 x14:10000410  PA:1000064c
16898932ns          284618 1c008258 428e87b3 p.mac            x15, x29, x8        x15=000000c3 x15:000000c3 x29:000000ca  x8:00000000
16898951ns          284619 1c00825c 27c72403 lw               x8, 636(x14)         x8=00000001 x14:10000410  PA:1000068c
16899011ns          284622 1c008260 428e07b3 p.mac            x15, x28, x8        x15=0000018e x15:000000c3 x28:000000cb  x8:00000001
16899031ns          284623 1c008264 2bc72403 lw               x8, 700(x14)         x8=00000000 x14:10000410  PA:100006cc
16899091ns          284626 1c008268 428307b3 p.mac            x15, x6, x8         x15=0000018e x15:0000018e  x6:00000035  x8:00000000
16899111ns          284627 1c00826c 2fc72403 lw               x8, 764(x14)         x8=00000000 x14:10000410  PA:1000070c
16899170ns          284630 1c008270 428887b3 p.mac            x15, x17, x8        x15=0000018e x15:0000018e x17:00000034  x8:00000000
16899190ns          284631 1c008274 33c72403 lw               x8, 828(x14)         x8=00000000 x14:10000410  PA:1000074c
16899250ns          284634 1c008278 428807b3 p.mac            x15, x16, x8        x15=0000018e x15:0000018e x16:000000ce  x8:00000000
16899270ns          284635 1c00827c 37c72403 lw               x8, 892(x14)         x8=00000000 x14:10000410  PA:1000078c
16899329ns          284638 1c008280 428507b3 p.mac            x15, x10, x8        x15=0000018e x15:0000018e x10:000000cf  x8:00000000
16899349ns          284639 1c008284 3bc72403 lw               x8, 956(x14)         x8=00000000 x14:10000410  PA:100007cc
16899409ns          284642 1c008288 428587b3 p.mac            x15, x11, x8        x15=0000018e x15:0000018e x11:00000031  x8:00000000
16899429ns          284643 1c00828c 00f6222b p.sw             x15, 4(x12!)        x12=10000b10 x15:0000018e x12:10000b0c  PA:10000b0c
16899449ns          284644 1c008210 0047278b p.lw             x15, 4(x14!)        x15=00000001 x14=10000414 x14:10000410  PA:10000410
16899489ns          284646 1c008214 03c72403 lw               x8, 60(x14)          x8=00000000 x14:10000414  PA:10000450
16899548ns          284649 1c008216 02fb87b3 mul              x15, x23, x15       x15=00000040 x23:00000040 x15:00000001
16899568ns          284650 1c00821a 428b07b3 p.mac            x15, x22, x8        x15=00000040 x15:00000040 x22:000000c2  x8:00000000
16899588ns          284651 1c00821e 07c72403 lw               x8, 124(x14)         x8=00000000 x14:10000414  PA:10000490
16899648ns          284654 1c008220 428a87b3 p.mac            x15, x21, x8        x15=00000040 x15:00000040 x21:000000c3  x8:00000000
16899668ns          284655 1c008224 0bc72403 lw               x8, 188(x14)         x8=00000000 x14:10000414  PA:100004d0
16899727ns          284658 1c008228 428a07b3 p.mac            x15, x20, x8        x15=00000040 x15:00000040 x20:0000003d  x8:00000000
16899747ns          284659 1c00822c 0fc72403 lw               x8, 252(x14)         x8=00000000 x14:10000414  PA:10000510
16899807ns          284662 1c008230 428087b3 p.mac            x15, x1, x8         x15=00000040 x15:00000040  x1:0000003c  x8:00000000
16899827ns          284663 1c008234 13c72403 lw               x8, 316(x14)         x8=00000000 x14:10000414  PA:10000550
16899886ns          284666 1c008238 428387b3 p.mac            x15, x7, x8         x15=00000040 x15:00000040  x7:000000c6  x8:00000000
16899906ns          284667 1c00823c 17c72403 lw               x8, 380(x14)         x8=00000000 x14:10000414  PA:10000590
16899966ns          284670 1c008240 428287b3 p.mac            x15, x5, x8         x15=00000040 x15:00000040  x5:000000c7  x8:00000000
16899986ns          284671 1c008244 1bc72403 lw               x8, 444(x14)         x8=00000000 x14:10000414  PA:100005d0
16900045ns          284674 1c008248 428f87b3 p.mac            x15, x31, x8        x15=00000040 x15:00000040 x31:00000039  x8:00000000
16900065ns          284675 1c00824c 1fc72403 lw               x8, 508(x14)         x8=00000000 x14:10000414  PA:10000610
16900125ns          284678 1c008250 428f07b3 p.mac            x15, x30, x8        x15=00000040 x15:00000040 x30:00000038  x8:00000000
16900145ns          284679 1c008254 23c72403 lw               x8, 572(x14)         x8=00000000 x14:10000414  PA:10000650
16900205ns          284682 1c008258 428e87b3 p.mac            x15, x29, x8        x15=00000040 x15:00000040 x29:000000ca  x8:00000000
16900224ns          284683 1c00825c 27c72403 lw               x8, 636(x14)         x8=00000001 x14:10000414  PA:10000690
16900284ns          284686 1c008260 428e07b3 p.mac            x15, x28, x8        x15=0000010b x15:00000040 x28:000000cb  x8:00000001
16900304ns          284687 1c008264 2bc72403 lw               x8, 700(x14)         x8=00000000 x14:10000414  PA:100006d0
16900364ns          284690 1c008268 428307b3 p.mac            x15, x6, x8         x15=0000010b x15:0000010b  x6:00000035  x8:00000000
16900384ns          284691 1c00826c 2fc72403 lw               x8, 764(x14)         x8=00000001 x14:10000414  PA:10000710
16900443ns          284694 1c008270 428887b3 p.mac            x15, x17, x8        x15=0000013f x15:0000010b x17:00000034  x8:00000001
16900463ns          284695 1c008274 33c72403 lw               x8, 828(x14)         x8=00000000 x14:10000414  PA:10000750
16900523ns          284698 1c008278 428807b3 p.mac            x15, x16, x8        x15=0000013f x15:0000013f x16:000000ce  x8:00000000
16900543ns          284699 1c00827c 37c72403 lw               x8, 892(x14)         x8=00000000 x14:10000414  PA:10000790
16900602ns          284702 1c008280 428507b3 p.mac            x15, x10, x8        x15=0000013f x15:0000013f x10:000000cf  x8:00000000
16900622ns          284703 1c008284 3bc72403 lw               x8, 956(x14)         x8=00000000 x14:10000414  PA:100007d0
16900662ns          284705 1c008288 428587b3 p.mac            x15, x11, x8        x15=0000013f x15:0000013f x11:00000031  x8:00000000
16900682ns          284706 1c00828c 00f6222b p.sw             x15, 4(x12!)        x12=10000b14 x15:0000013f x12:10000b10  PA:10000b10
16900702ns          284707 1c008210 0047278b p.lw             x15, 4(x14!)        x15=00000000 x14=10000418 x14:10000414  PA:10000414
16900742ns          284709 1c008214 03c72403 lw               x8, 60(x14)          x8=00000000 x14:10000418  PA:10000454
16900762ns          284710 1c008216 02fb87b3 mul              x15, x23, x15       x15=00000000 x23:00000040 x15:00000000
16900781ns          284711 1c00821a 428b07b3 p.mac            x15, x22, x8        x15=00000000 x15:00000000 x22:000000c2  x8:00000000
16900801ns          284712 1c00821e 07c72403 lw               x8, 124(x14)         x8=00000000 x14:10000418  PA:10000494
16900881ns          284716 1c008220 428a87b3 p.mac            x15, x21, x8        x15=00000000 x15:00000000 x21:000000c3  x8:00000000
16900901ns          284717 1c008224 0bc72403 lw               x8, 188(x14)         x8=00000000 x14:10000418  PA:100004d4
16900960ns          284720 1c008228 428a07b3 p.mac            x15, x20, x8        x15=00000000 x15:00000000 x20:0000003d  x8:00000000
16900980ns          284721 1c00822c 0fc72403 lw               x8, 252(x14)         x8=00000001 x14:10000418  PA:10000514
16901040ns          284724 1c008230 428087b3 p.mac            x15, x1, x8         x15=0000003c x15:00000000  x1:0000003c  x8:00000001
16901060ns          284725 1c008234 13c72403 lw               x8, 316(x14)         x8=00000000 x14:10000418  PA:10000554
16901120ns          284728 1c008238 428387b3 p.mac            x15, x7, x8         x15=0000003c x15:0000003c  x7:000000c6  x8:00000000
16901139ns          284729 1c00823c 17c72403 lw               x8, 380(x14)         x8=00000000 x14:10000418  PA:10000594
16901199ns          284732 1c008240 428287b3 p.mac            x15, x5, x8         x15=0000003c x15:0000003c  x5:000000c7  x8:00000000
16901219ns          284733 1c008244 1bc72403 lw               x8, 444(x14)         x8=00000000 x14:10000418  PA:100005d4
16901279ns          284736 1c008248 428f87b3 p.mac            x15, x31, x8        x15=0000003c x15:0000003c x31:00000039  x8:00000000
16901299ns          284737 1c00824c 1fc72403 lw               x8, 508(x14)         x8=00000000 x14:10000418  PA:10000614
16901358ns          284740 1c008250 428f07b3 p.mac            x15, x30, x8        x15=0000003c x15:0000003c x30:00000038  x8:00000000
16901378ns          284741 1c008254 23c72403 lw               x8, 572(x14)         x8=00000001 x14:10000418  PA:10000654
16901438ns          284744 1c008258 428e87b3 p.mac            x15, x29, x8        x15=00000106 x15:0000003c x29:000000ca  x8:00000001
16901458ns          284745 1c00825c 27c72403 lw               x8, 636(x14)         x8=00000000 x14:10000418  PA:10000694
16901517ns          284748 1c008260 428e07b3 p.mac            x15, x28, x8        x15=00000106 x15:00000106 x28:000000cb  x8:00000000
16901537ns          284749 1c008264 2bc72403 lw               x8, 700(x14)         x8=00000000 x14:10000418  PA:100006d4
16901597ns          284752 1c008268 428307b3 p.mac            x15, x6, x8         x15=00000106 x15:00000106  x6:00000035  x8:00000000
16901617ns          284753 1c00826c 2fc72403 lw               x8, 764(x14)         x8=00000000 x14:10000418  PA:10000714
16901677ns          284756 1c008270 428887b3 p.mac            x15, x17, x8        x15=00000106 x15:00000106 x17:00000034  x8:00000000
16901696ns          284757 1c008274 33c72403 lw               x8, 828(x14)         x8=00000000 x14:10000418  PA:10000754
16901756ns          284760 1c008278 428807b3 p.mac            x15, x16, x8        x15=00000106 x15:00000106 x16:000000ce  x8:00000000
16901776ns          284761 1c00827c 37c72403 lw               x8, 892(x14)         x8=00000000 x14:10000418  PA:10000794
16901836ns          284764 1c008280 428507b3 p.mac            x15, x10, x8        x15=00000106 x15:00000106 x10:000000cf  x8:00000000
16901856ns          284765 1c008284 3bc72403 lw               x8, 956(x14)         x8=00000000 x14:10000418  PA:100007d4
16901895ns          284767 1c008288 428587b3 p.mac            x15, x11, x8        x15=00000106 x15:00000106 x11:00000031  x8:00000000
16901915ns          284768 1c00828c 00f6222b p.sw             x15, 4(x12!)        x12=10000b18 x15:00000106 x12:10000b14  PA:10000b14
16901935ns          284769 1c008210 0047278b p.lw             x15, 4(x14!)        x15=00000000 x14=1000041c x14:10000418  PA:10000418
16901975ns          284771 1c008214 03c72403 lw               x8, 60(x14)          x8=00000000 x14:1000041c  PA:10000458
16901995ns          284772 1c008216 02fb87b3 mul              x15, x23, x15       x15=00000000 x23:00000040 x15:00000000
16902015ns          284773 1c00821a 428b07b3 p.mac            x15, x22, x8        x15=00000000 x15:00000000 x22:000000c2  x8:00000000
16902035ns          284774 1c00821e 07c72403 lw               x8, 124(x14)         x8=00000000 x14:1000041c  PA:10000498
16902114ns          284778 1c008220 428a87b3 p.mac            x15, x21, x8        x15=00000000 x15:00000000 x21:000000c3  x8:00000000
16902134ns          284779 1c008224 0bc72403 lw               x8, 188(x14)         x8=00000000 x14:1000041c  PA:100004d8
16902194ns          284782 1c008228 428a07b3 p.mac            x15, x20, x8        x15=00000000 x15:00000000 x20:0000003d  x8:00000000
16902214ns          284783 1c00822c 0fc72403 lw               x8, 252(x14)         x8=00000000 x14:1000041c  PA:10000518
16902273ns          284786 1c008230 428087b3 p.mac            x15, x1, x8         x15=00000000 x15:00000000  x1:0000003c  x8:00000000
16902293ns          284787 1c008234 13c72403 lw               x8, 316(x14)         x8=00000000 x14:1000041c  PA:10000558
16902353ns          284790 1c008238 428387b3 p.mac            x15, x7, x8         x15=00000000 x15:00000000  x7:000000c6  x8:00000000
16902373ns          284791 1c00823c 17c72403 lw               x8, 380(x14)         x8=00000000 x14:1000041c  PA:10000598
16902432ns          284794 1c008240 428287b3 p.mac            x15, x5, x8         x15=00000000 x15:00000000  x5:000000c7  x8:00000000
16902452ns          284795 1c008244 1bc72403 lw               x8, 444(x14)         x8=00000000 x14:1000041c  PA:100005d8
16902512ns          284798 1c008248 428f87b3 p.mac            x15, x31, x8        x15=00000000 x15:00000000 x31:00000039  x8:00000000
16902532ns          284799 1c00824c 1fc72403 lw               x8, 508(x14)         x8=00000000 x14:1000041c  PA:10000618
16902591ns          284802 1c008250 428f07b3 p.mac            x15, x30, x8        x15=00000000 x15:00000000 x30:00000038  x8:00000000
16902611ns          284803 1c008254 23c72403 lw               x8, 572(x14)         x8=00000000 x14:1000041c  PA:10000658
16902671ns          284806 1c008258 428e87b3 p.mac            x15, x29, x8        x15=00000000 x15:00000000 x29:000000ca  x8:00000000
16902691ns          284807 1c00825c 27c72403 lw               x8, 636(x14)         x8=00000000 x14:1000041c  PA:10000698
16902751ns          284810 1c008260 428e07b3 p.mac            x15, x28, x8        x15=00000000 x15:00000000 x28:000000cb  x8:00000000
16902771ns          284811 1c008264 2bc72403 lw               x8, 700(x14)         x8=00000000 x14:1000041c  PA:100006d8
16902830ns          284814 1c008268 428307b3 p.mac            x15, x6, x8         x15=00000000 x15:00000000  x6:00000035  x8:00000000
16902850ns          284815 1c00826c 2fc72403 lw               x8, 764(x14)         x8=00000000 x14:1000041c  PA:10000718
16902910ns          284818 1c008270 428887b3 p.mac            x15, x17, x8        x15=00000000 x15:00000000 x17:00000034  x8:00000000
16902930ns          284819 1c008274 33c72403 lw               x8, 828(x14)         x8=00000000 x14:1000041c  PA:10000758
16902989ns          284822 1c008278 428807b3 p.mac            x15, x16, x8        x15=00000000 x15:00000000 x16:000000ce  x8:00000000
16903009ns          284823 1c00827c 37c72403 lw               x8, 892(x14)         x8=00000000 x14:1000041c  PA:10000798
16903069ns          284826 1c008280 428507b3 p.mac            x15, x10, x8        x15=00000000 x15:00000000 x10:000000cf  x8:00000000
16903089ns          284827 1c008284 3bc72403 lw               x8, 956(x14)         x8=00000000 x14:1000041c  PA:100007d8
16903129ns          284829 1c008288 428587b3 p.mac            x15, x11, x8        x15=00000000 x15:00000000 x11:00000031  x8:00000000
16903148ns          284830 1c00828c 00f6222b p.sw             x15, 4(x12!)        x12=10000b1c x15:00000000 x12:10000b18  PA:10000b18
16903168ns          284831 1c008210 0047278b p.lw             x15, 4(x14!)        x15=00000000 x14=10000420 x14:1000041c  PA:1000041c
16903208ns          284833 1c008214 03c72403 lw               x8, 60(x14)          x8=00000001 x14:10000420  PA:1000045c
16903228ns          284834 1c008216 02fb87b3 mul              x15, x23, x15       x15=00000000 x23:00000040 x15:00000000
16903248ns          284835 1c00821a 428b07b3 p.mac            x15, x22, x8        x15=000000c2 x15:00000000 x22:000000c2  x8:00000001
16903268ns          284836 1c00821e 07c72403 lw               x8, 124(x14)         x8=00000001 x14:10000420  PA:1000049c
16903347ns          284840 1c008220 428a87b3 p.mac            x15, x21, x8        x15=00000185 x15:000000c2 x21:000000c3  x8:00000001
16903367ns          284841 1c008224 0bc72403 lw               x8, 188(x14)         x8=00000000 x14:10000420  PA:100004dc
16903427ns          284844 1c008228 428a07b3 p.mac            x15, x20, x8        x15=00000185 x15:00000185 x20:0000003d  x8:00000000
16903447ns          284845 1c00822c 0fc72403 lw               x8, 252(x14)         x8=00000000 x14:10000420  PA:1000051c
16903506ns          284848 1c008230 428087b3 p.mac            x15, x1, x8         x15=00000185 x15:00000185  x1:0000003c  x8:00000000
16903526ns          284849 1c008234 13c72403 lw               x8, 316(x14)         x8=00000001 x14:10000420  PA:1000055c
16903586ns          284852 1c008238 428387b3 p.mac            x15, x7, x8         x15=0000024b x15:00000185  x7:000000c6  x8:00000001
16903606ns          284853 1c00823c 17c72403 lw               x8, 380(x14)         x8=00000000 x14:10000420  PA:1000059c
16903666ns          284856 1c008240 428287b3 p.mac            x15, x5, x8         x15=0000024b x15:0000024b  x5:000000c7  x8:00000000
16903685ns          284857 1c008244 1bc72403 lw               x8, 444(x14)         x8=00000000 x14:10000420  PA:100005dc
16903745ns          284860 1c008248 428f87b3 p.mac            x15, x31, x8        x15=0000024b x15:0000024b x31:00000039  x8:00000000
16903765ns          284861 1c00824c 1fc72403 lw               x8, 508(x14)         x8=00000000 x14:10000420  PA:1000061c
16903825ns          284864 1c008250 428f07b3 p.mac            x15, x30, x8        x15=0000024b x15:0000024b x30:00000038  x8:00000000
16903845ns          284865 1c008254 23c72403 lw               x8, 572(x14)         x8=00000000 x14:10000420  PA:1000065c
16903904ns          284868 1c008258 428e87b3 p.mac            x15, x29, x8        x15=0000024b x15:0000024b x29:000000ca  x8:00000000
16903924ns          284869 1c00825c 27c72403 lw               x8, 636(x14)         x8=00000000 x14:10000420  PA:1000069c
16903984ns          284872 1c008260 428e07b3 p.mac            x15, x28, x8        x15=0000024b x15:0000024b x28:000000cb  x8:00000000
16904004ns          284873 1c008264 2bc72403 lw               x8, 700(x14)         x8=00000000 x14:10000420  PA:100006dc
16904063ns          284876 1c008268 428307b3 p.mac            x15, x6, x8         x15=0000024b x15:0000024b  x6:00000035  x8:00000000
16904083ns          284877 1c00826c 2fc72403 lw               x8, 764(x14)         x8=00000000 x14:10000420  PA:1000071c
16904143ns          284880 1c008270 428887b3 p.mac            x15, x17, x8        x15=0000024b x15:0000024b x17:00000034  x8:00000000
16904163ns          284881 1c008274 33c72403 lw               x8, 828(x14)         x8=00000000 x14:10000420  PA:1000075c
16904223ns          284884 1c008278 428807b3 p.mac            x15, x16, x8        x15=0000024b x15:0000024b x16:000000ce  x8:00000000
16904242ns          284885 1c00827c 37c72403 lw               x8, 892(x14)         x8=00000000 x14:10000420  PA:1000079c
16904302ns          284888 1c008280 428507b3 p.mac            x15, x10, x8        x15=0000024b x15:0000024b x10:000000cf  x8:00000000
16904322ns          284889 1c008284 3bc72403 lw               x8, 956(x14)         x8=00000000 x14:10000420  PA:100007dc
16904362ns          284891 1c008288 428587b3 p.mac            x15, x11, x8        x15=0000024b x15:0000024b x11:00000031  x8:00000000
16904382ns          284892 1c00828c 00f6222b p.sw             x15, 4(x12!)        x12=10000b20 x15:0000024b x12:10000b1c  PA:10000b1c
16904402ns          284893 1c008210 0047278b p.lw             x15, 4(x14!)        x15=00000000 x14=10000424 x14:10000420  PA:10000420
16904441ns          284895 1c008214 03c72403 lw               x8, 60(x14)          x8=00000000 x14:10000424  PA:10000460
16904461ns          284896 1c008216 02fb87b3 mul              x15, x23, x15       x15=00000000 x23:00000040 x15:00000000
16904481ns          284897 1c00821a 428b07b3 p.mac            x15, x22, x8        x15=00000000 x15:00000000 x22:000000c2  x8:00000000
16904501ns          284898 1c00821e 07c72403 lw               x8, 124(x14)         x8=00000000 x14:10000424  PA:100004a0
16904581ns          284902 1c008220 428a87b3 p.mac            x15, x21, x8        x15=00000000 x15:00000000 x21:000000c3  x8:00000000
16904600ns          284903 1c008224 0bc72403 lw               x8, 188(x14)         x8=00000000 x14:10000424  PA:100004e0
16904660ns          284906 1c008228 428a07b3 p.mac            x15, x20, x8        x15=00000000 x15:00000000 x20:0000003d  x8:00000000
16904680ns          284907 1c00822c 0fc72403 lw               x8, 252(x14)         x8=00000000 x14:10000424  PA:10000520
16904740ns          284910 1c008230 428087b3 p.mac            x15, x1, x8         x15=00000000 x15:00000000  x1:0000003c  x8:00000000
16904760ns          284911 1c008234 13c72403 lw               x8, 316(x14)         x8=00000000 x14:10000424  PA:10000560
16904819ns          284914 1c008238 428387b3 p.mac            x15, x7, x8         x15=00000000 x15:00000000  x7:000000c6  x8:00000000
16904839ns          284915 1c00823c 17c72403 lw               x8, 380(x14)         x8=00000000 x14:10000424  PA:100005a0
16904899ns          284918 1c008240 428287b3 p.mac            x15, x5, x8         x15=00000000 x15:00000000  x5:000000c7  x8:00000000
16904919ns          284919 1c008244 1bc72403 lw               x8, 444(x14)         x8=00000000 x14:10000424  PA:100005e0
16904978ns          284922 1c008248 428f87b3 p.mac            x15, x31, x8        x15=00000000 x15:00000000 x31:00000039  x8:00000000
16904998ns          284923 1c00824c 1fc72403 lw               x8, 508(x14)         x8=00000001 x14:10000424  PA:10000620
16905058ns          284926 1c008250 428f07b3 p.mac            x15, x30, x8        x15=00000038 x15:00000000 x30:00000038  x8:00000001
16905078ns          284927 1c008254 23c72403 lw               x8, 572(x14)         x8=00000000 x14:10000424  PA:10000660
16905138ns          284930 1c008258 428e87b3 p.mac            x15, x29, x8        x15=00000038 x15:00000038 x29:000000ca  x8:00000000
16905157ns          284931 1c00825c 27c72403 lw               x8, 636(x14)         x8=00000000 x14:10000424  PA:100006a0
16905217ns          284934 1c008260 428e07b3 p.mac            x15, x28, x8        x15=00000038 x15:00000038 x28:000000cb  x8:00000000
16905237ns          284935 1c008264 2bc72403 lw               x8, 700(x14)         x8=00000000 x14:10000424  PA:100006e0
16905297ns          284938 1c008268 428307b3 p.mac            x15, x6, x8         x15=00000038 x15:00000038  x6:00000035  x8:00000000
16905317ns          284939 1c00826c 2fc72403 lw               x8, 764(x14)         x8=00000001 x14:10000424  PA:10000720
16905376ns          284942 1c008270 428887b3 p.mac            x15, x17, x8        x15=0000006c x15:00000038 x17:00000034  x8:00000001
16905396ns          284943 1c008274 33c72403 lw               x8, 828(x14)         x8=00000000 x14:10000424  PA:10000760
16905456ns          284946 1c008278 428807b3 p.mac            x15, x16, x8        x15=0000006c x15:0000006c x16:000000ce  x8:00000000
16905476ns          284947 1c00827c 37c72403 lw               x8, 892(x14)         x8=00000000 x14:10000424  PA:100007a0
16905535ns          284950 1c008280 428507b3 p.mac            x15, x10, x8        x15=0000006c x15:0000006c x10:000000cf  x8:00000000
16905555ns          284951 1c008284 3bc72403 lw               x8, 956(x14)         x8=00000000 x14:10000424  PA:100007e0
16905595ns          284953 1c008288 428587b3 p.mac            x15, x11, x8        x15=0000006c x15:0000006c x11:00000031  x8:00000000
16905615ns          284954 1c00828c 00f6222b p.sw             x15, 4(x12!)        x12=10000b24 x15:0000006c x12:10000b20  PA:10000b20
16905635ns          284955 1c008210 0047278b p.lw             x15, 4(x14!)        x15=00000000 x14=10000428 x14:10000424  PA:10000424
16905675ns          284957 1c008214 03c72403 lw               x8, 60(x14)          x8=00000000 x14:10000428  PA:10000464
16905694ns          284958 1c008216 02fb87b3 mul              x15, x23, x15       x15=00000000 x23:00000040 x15:00000000
16905714ns          284959 1c00821a 428b07b3 p.mac            x15, x22, x8        x15=00000000 x15:00000000 x22:000000c2  x8:00000000
16905734ns          284960 1c00821e 07c72403 lw               x8, 124(x14)         x8=00000001 x14:10000428  PA:100004a4
16905814ns          284964 1c008220 428a87b3 p.mac            x15, x21, x8        x15=000000c3 x15:00000000 x21:000000c3  x8:00000001
16905834ns          284965 1c008224 0bc72403 lw               x8, 188(x14)         x8=00000000 x14:10000428  PA:100004e4
16905893ns          284968 1c008228 428a07b3 p.mac            x15, x20, x8        x15=000000c3 x15:000000c3 x20:0000003d  x8:00000000
16905913ns          284969 1c00822c 0fc72403 lw               x8, 252(x14)         x8=00000000 x14:10000428  PA:10000524
16905973ns          284972 1c008230 428087b3 p.mac            x15, x1, x8         x15=000000c3 x15:000000c3  x1:0000003c  x8:00000000
16905993ns          284973 1c008234 13c72403 lw               x8, 316(x14)         x8=00000000 x14:10000428  PA:10000564
16906052ns          284976 1c008238 428387b3 p.mac            x15, x7, x8         x15=000000c3 x15:000000c3  x7:000000c6  x8:00000000
16906072ns          284977 1c00823c 17c72403 lw               x8, 380(x14)         x8=00000000 x14:10000428  PA:100005a4
16906132ns          284980 1c008240 428287b3 p.mac            x15, x5, x8         x15=000000c3 x15:000000c3  x5:000000c7  x8:00000000
16906152ns          284981 1c008244 1bc72403 lw               x8, 444(x14)         x8=00000000 x14:10000428  PA:100005e4
16906212ns          284984 1c008248 428f87b3 p.mac            x15, x31, x8        x15=000000c3 x15:000000c3 x31:00000039  x8:00000000
16906232ns          284985 1c00824c 1fc72403 lw               x8, 508(x14)         x8=00000000 x14:10000428  PA:10000624
16906291ns          284988 1c008250 428f07b3 p.mac            x15, x30, x8        x15=000000c3 x15:000000c3 x30:00000038  x8:00000000
16906311ns          284989 1c008254 23c72403 lw               x8, 572(x14)         x8=00000000 x14:10000428  PA:10000664
16906371ns          284992 1c008258 428e87b3 p.mac            x15, x29, x8        x15=000000c3 x15:000000c3 x29:000000ca  x8:00000000
16906391ns          284993 1c00825c 27c72403 lw               x8, 636(x14)         x8=00000000 x14:10000428  PA:100006a4
16906450ns          284996 1c008260 428e07b3 p.mac            x15, x28, x8        x15=000000c3 x15:000000c3 x28:000000cb  x8:00000000
16906470ns          284997 1c008264 2bc72403 lw               x8, 700(x14)         x8=00000000 x14:10000428  PA:100006e4
16906530ns          285000 1c008268 428307b3 p.mac            x15, x6, x8         x15=000000c3 x15:000000c3  x6:00000035  x8:00000000
16906550ns          285001 1c00826c 2fc72403 lw               x8, 764(x14)         x8=00000001 x14:10000428  PA:10000724
16906609ns          285004 1c008270 428887b3 p.mac            x15, x17, x8        x15=000000f7 x15:000000c3 x17:00000034  x8:00000001
16906629ns          285005 1c008274 33c72403 lw               x8, 828(x14)         x8=00000001 x14:10000428  PA:10000764
16906689ns          285008 1c008278 428807b3 p.mac            x15, x16, x8        x15=000001c5 x15:000000f7 x16:000000ce  x8:00000001
16906709ns          285009 1c00827c 37c72403 lw               x8, 892(x14)         x8=00000000 x14:10000428  PA:100007a4
16906769ns          285012 1c008280 428507b3 p.mac            x15, x10, x8        x15=000001c5 x15:000001c5 x10:000000cf  x8:00000000
16906788ns          285013 1c008284 3bc72403 lw               x8, 956(x14)         x8=00000000 x14:10000428  PA:100007e4
16906828ns          285015 1c008288 428587b3 p.mac            x15, x11, x8        x15=000001c5 x15:000001c5 x11:00000031  x8:00000000
16906848ns          285016 1c00828c 00f6222b p.sw             x15, 4(x12!)        x12=10000b28 x15:000001c5 x12:10000b24  PA:10000b24
16906868ns          285017 1c008210 0047278b p.lw             x15, 4(x14!)        x15=00000000 x14=1000042c x14:10000428  PA:10000428
16906908ns          285019 1c008214 03c72403 lw               x8, 60(x14)          x8=00000000 x14:1000042c  PA:10000468
16906928ns          285020 1c008216 02fb87b3 mul              x15, x23, x15       x15=00000000 x23:00000040 x15:00000000
16906948ns          285021 1c00821a 428b07b3 p.mac            x15, x22, x8        x15=00000000 x15:00000000 x22:000000c2  x8:00000000
16906967ns          285022 1c00821e 07c72403 lw               x8, 124(x14)         x8=00000000 x14:1000042c  PA:100004a8
16907047ns          285026 1c008220 428a87b3 p.mac            x15, x21, x8        x15=00000000 x15:00000000 x21:000000c3  x8:00000000
16907067ns          285027 1c008224 0bc72403 lw               x8, 188(x14)         x8=00000000 x14:1000042c  PA:100004e8
16907127ns          285030 1c008228 428a07b3 p.mac            x15, x20, x8        x15=00000000 x15:00000000 x20:0000003d  x8:00000000
16907146ns          285031 1c00822c 0fc72403 lw               x8, 252(x14)         x8=00000000 x14:1000042c  PA:10000528
16907206ns          285034 1c008230 428087b3 p.mac            x15, x1, x8         x15=00000000 x15:00000000  x1:0000003c  x8:00000000
16907226ns          285035 1c008234 13c72403 lw               x8, 316(x14)         x8=00000000 x14:1000042c  PA:10000568
16907286ns          285038 1c008238 428387b3 p.mac            x15, x7, x8         x15=00000000 x15:00000000  x7:000000c6  x8:00000000
16907306ns          285039 1c00823c 17c72403 lw               x8, 380(x14)         x8=00000000 x14:1000042c  PA:100005a8
16907365ns          285042 1c008240 428287b3 p.mac            x15, x5, x8         x15=00000000 x15:00000000  x5:000000c7  x8:00000000
16907385ns          285043 1c008244 1bc72403 lw               x8, 444(x14)         x8=00000000 x14:1000042c  PA:100005e8
16907445ns          285046 1c008248 428f87b3 p.mac            x15, x31, x8        x15=00000000 x15:00000000 x31:00000039  x8:00000000
16907465ns          285047 1c00824c 1fc72403 lw               x8, 508(x14)         x8=00000000 x14:1000042c  PA:10000628
16907524ns          285050 1c008250 428f07b3 p.mac            x15, x30, x8        x15=00000000 x15:00000000 x30:00000038  x8:00000000
16907544ns          285051 1c008254 23c72403 lw               x8, 572(x14)         x8=00000000 x14:1000042c  PA:10000668
16907604ns          285054 1c008258 428e87b3 p.mac            x15, x29, x8        x15=00000000 x15:00000000 x29:000000ca  x8:00000000
16907624ns          285055 1c00825c 27c72403 lw               x8, 636(x14)         x8=00000000 x14:1000042c  PA:100006a8
16907684ns          285058 1c008260 428e07b3 p.mac            x15, x28, x8        x15=00000000 x15:00000000 x28:000000cb  x8:00000000
16907703ns          285059 1c008264 2bc72403 lw               x8, 700(x14)         x8=00000000 x14:1000042c  PA:100006e8
16907763ns          285062 1c008268 428307b3 p.mac            x15, x6, x8         x15=00000000 x15:00000000  x6:00000035  x8:00000000
16907783ns          285063 1c00826c 2fc72403 lw               x8, 764(x14)         x8=00000000 x14:1000042c  PA:10000728
16907843ns          285066 1c008270 428887b3 p.mac            x15, x17, x8        x15=00000000 x15:00000000 x17:00000034  x8:00000000
16907863ns          285067 1c008274 33c72403 lw               x8, 828(x14)         x8=00000000 x14:1000042c  PA:10000768
16907922ns          285070 1c008278 428807b3 p.mac            x15, x16, x8        x15=00000000 x15:00000000 x16:000000ce  x8:00000000
16907942ns          285071 1c00827c 37c72403 lw               x8, 892(x14)         x8=00000000 x14:1000042c  PA:100007a8
16908002ns          285074 1c008280 428507b3 p.mac            x15, x10, x8        x15=00000000 x15:00000000 x10:000000cf  x8:00000000
16908022ns          285075 1c008284 3bc72403 lw               x8, 956(x14)         x8=00000000 x14:1000042c  PA:100007e8
16908061ns          285077 1c008288 428587b3 p.mac            x15, x11, x8        x15=00000000 x15:00000000 x11:00000031  x8:00000000
16908081ns          285078 1c00828c 00f6222b p.sw             x15, 4(x12!)        x12=10000b2c x15:00000000 x12:10000b28  PA:10000b28
16908101ns          285079 1c008210 0047278b p.lw             x15, 4(x14!)        x15=00000000 x14=10000430 x14:1000042c  PA:1000042c
16908141ns          285081 1c008214 03c72403 lw               x8, 60(x14)          x8=00000000 x14:10000430  PA:1000046c
16908161ns          285082 1c008216 02fb87b3 mul              x15, x23, x15       x15=00000000 x23:00000040 x15:00000000
16908181ns          285083 1c00821a 428b07b3 p.mac            x15, x22, x8        x15=00000000 x15:00000000 x22:000000c2  x8:00000000
16908201ns          285084 1c00821e 07c72403 lw               x8, 124(x14)         x8=00000000 x14:10000430  PA:100004ac
16908280ns          285088 1c008220 428a87b3 p.mac            x15, x21, x8        x15=00000000 x15:00000000 x21:000000c3  x8:00000000
16908300ns          285089 1c008224 0bc72403 lw               x8, 188(x14)         x8=00000000 x14:10000430  PA:100004ec
16908360ns          285092 1c008228 428a07b3 p.mac            x15, x20, x8        x15=00000000 x15:00000000 x20:0000003d  x8:00000000
16908380ns          285093 1c00822c 0fc72403 lw               x8, 252(x14)         x8=00000000 x14:10000430  PA:1000052c
16908439ns          285096 1c008230 428087b3 p.mac            x15, x1, x8         x15=00000000 x15:00000000  x1:0000003c  x8:00000000
16908459ns          285097 1c008234 13c72403 lw               x8, 316(x14)         x8=00000000 x14:10000430  PA:1000056c
16908519ns          285100 1c008238 428387b3 p.mac            x15, x7, x8         x15=00000000 x15:00000000  x7:000000c6  x8:00000000
16908539ns          285101 1c00823c 17c72403 lw               x8, 380(x14)         x8=00000001 x14:10000430  PA:100005ac
16908599ns          285104 1c008240 428287b3 p.mac            x15, x5, x8         x15=000000c7 x15:00000000  x5:000000c7  x8:00000001
16908618ns          285105 1c008244 1bc72403 lw               x8, 444(x14)         x8=00000000 x14:10000430  PA:100005ec
16908678ns          285108 1c008248 428f87b3 p.mac            x15, x31, x8        x15=000000c7 x15:000000c7 x31:00000039  x8:00000000
16908698ns          285109 1c00824c 1fc72403 lw               x8, 508(x14)         x8=00000000 x14:10000430  PA:1000062c
16908758ns          285112 1c008250 428f07b3 p.mac            x15, x30, x8        x15=000000c7 x15:000000c7 x30:00000038  x8:00000000
16908778ns          285113 1c008254 23c72403 lw               x8, 572(x14)         x8=00000000 x14:10000430  PA:1000066c
16908837ns          285116 1c008258 428e87b3 p.mac            x15, x29, x8        x15=000000c7 x15:000000c7 x29:000000ca  x8:00000000
16908857ns          285117 1c00825c 27c72403 lw               x8, 636(x14)         x8=00000001 x14:10000430  PA:100006ac
16908917ns          285120 1c008260 428e07b3 p.mac            x15, x28, x8        x15=00000192 x15:000000c7 x28:000000cb  x8:00000001
16908937ns          285121 1c008264 2bc72403 lw               x8, 700(x14)         x8=00000000 x14:10000430  PA:100006ec
16908996ns          285124 1c008268 428307b3 p.mac            x15, x6, x8         x15=00000192 x15:00000192  x6:00000035  x8:00000000
16909016ns          285125 1c00826c 2fc72403 lw               x8, 764(x14)         x8=00000000 x14:10000430  PA:1000072c
16909076ns          285128 1c008270 428887b3 p.mac            x15, x17, x8        x15=00000192 x15:00000192 x17:00000034  x8:00000000
16909096ns          285129 1c008274 33c72403 lw               x8, 828(x14)         x8=00000000 x14:10000430  PA:1000076c
16909155ns          285132 1c008278 428807b3 p.mac            x15, x16, x8        x15=00000192 x15:00000192 x16:000000ce  x8:00000000
16909175ns          285133 1c00827c 37c72403 lw               x8, 892(x14)         x8=00000000 x14:10000430  PA:100007ac
16909235ns          285136 1c008280 428507b3 p.mac            x15, x10, x8        x15=00000192 x15:00000192 x10:000000cf  x8:00000000
16909255ns          285137 1c008284 3bc72403 lw               x8, 956(x14)         x8=00000000 x14:10000430  PA:100007ec
16909295ns          285139 1c008288 428587b3 p.mac            x15, x11, x8        x15=00000192 x15:00000192 x11:00000031  x8:00000000
16909315ns          285140 1c00828c 00f6222b p.sw             x15, 4(x12!)        x12=10000b30 x15:00000192 x12:10000b2c  PA:10000b2c
16909334ns          285141 1c008210 0047278b p.lw             x15, 4(x14!)        x15=00000000 x14=10000434 x14:10000430  PA:10000430
16909374ns          285143 1c008214 03c72403 lw               x8, 60(x14)          x8=00000000 x14:10000434  PA:10000470
16909394ns          285144 1c008216 02fb87b3 mul              x15, x23, x15       x15=00000000 x23:00000040 x15:00000000
16909414ns          285145 1c00821a 428b07b3 p.mac            x15, x22, x8        x15=00000000 x15:00000000 x22:000000c2  x8:00000000
16909434ns          285146 1c00821e 07c72403 lw               x8, 124(x14)         x8=00000000 x14:10000434  PA:100004b0
16909513ns          285150 1c008220 428a87b3 p.mac            x15, x21, x8        x15=00000000 x15:00000000 x21:000000c3  x8:00000000
16909533ns          285151 1c008224 0bc72403 lw               x8, 188(x14)         x8=00000001 x14:10000434  PA:100004f0
16909593ns          285154 1c008228 428a07b3 p.mac            x15, x20, x8        x15=0000003d x15:00000000 x20:0000003d  x8:00000001
16909613ns          285155 1c00822c 0fc72403 lw               x8, 252(x14)         x8=00000001 x14:10000434  PA:10000530
16909673ns          285158 1c008230 428087b3 p.mac            x15, x1, x8         x15=00000079 x15:0000003d  x1:0000003c  x8:00000001
16909692ns          285159 1c008234 13c72403 lw               x8, 316(x14)         x8=00000000 x14:10000434  PA:10000570
16909752ns          285162 1c008238 428387b3 p.mac            x15, x7, x8         x15=00000079 x15:00000079  x7:000000c6  x8:00000000
16909772ns          285163 1c00823c 17c72403 lw               x8, 380(x14)         x8=00000000 x14:10000434  PA:100005b0
16909832ns          285166 1c008240 428287b3 p.mac            x15, x5, x8         x15=00000079 x15:00000079  x5:000000c7  x8:00000000
16909852ns          285167 1c008244 1bc72403 lw               x8, 444(x14)         x8=00000000 x14:10000434  PA:100005f0
16909911ns          285170 1c008248 428f87b3 p.mac            x15, x31, x8        x15=00000079 x15:00000079 x31:00000039  x8:00000000
16909931ns          285171 1c00824c 1fc72403 lw               x8, 508(x14)         x8=00000000 x14:10000434  PA:10000630
16909991ns          285174 1c008250 428f07b3 p.mac            x15, x30, x8        x15=00000079 x15:00000079 x30:00000038  x8:00000000
16910011ns          285175 1c008254 23c72403 lw               x8, 572(x14)         x8=00000000 x14:10000434  PA:10000670
16910070ns          285178 1c008258 428e87b3 p.mac            x15, x29, x8        x15=00000079 x15:00000079 x29:000000ca  x8:00000000
16910090ns          285179 1c00825c 27c72403 lw               x8, 636(x14)         x8=00000001 x14:10000434  PA:100006b0
16910150ns          285182 1c008260 428e07b3 p.mac            x15, x28, x8        x15=00000144 x15:00000079 x28:000000cb  x8:00000001
16910170ns          285183 1c008264 2bc72403 lw               x8, 700(x14)         x8=00000000 x14:10000434  PA:100006f0
16910230ns          285186 1c008268 428307b3 p.mac            x15, x6, x8         x15=00000144 x15:00000144  x6:00000035  x8:00000000
16910249ns          285187 1c00826c 2fc72403 lw               x8, 764(x14)         x8=00000001 x14:10000434  PA:10000730
16910309ns          285190 1c008270 428887b3 p.mac            x15, x17, x8        x15=00000178 x15:00000144 x17:00000034  x8:00000001
16910329ns          285191 1c008274 33c72403 lw               x8, 828(x14)         x8=00000000 x14:10000434  PA:10000770
16910389ns          285194 1c008278 428807b3 p.mac            x15, x16, x8        x15=00000178 x15:00000178 x16:000000ce  x8:00000000
16910409ns          285195 1c00827c 37c72403 lw               x8, 892(x14)         x8=00000000 x14:10000434  PA:100007b0
16910468ns          285198 1c008280 428507b3 p.mac            x15, x10, x8        x15=00000178 x15:00000178 x10:000000cf  x8:00000000
16910488ns          285199 1c008284 3bc72403 lw               x8, 956(x14)         x8=00000000 x14:10000434  PA:100007f0
16910528ns          285201 1c008288 428587b3 p.mac            x15, x11, x8        x15=00000178 x15:00000178 x11:00000031  x8:00000000
16910548ns          285202 1c00828c 00f6222b p.sw             x15, 4(x12!)        x12=10000b34 x15:00000178 x12:10000b30  PA:10000b30
16910568ns          285203 1c008210 0047278b p.lw             x15, 4(x14!)        x15=00000000 x14=10000438 x14:10000434  PA:10000434
16910607ns          285205 1c008214 03c72403 lw               x8, 60(x14)          x8=00000000 x14:10000438  PA:10000474
16910627ns          285206 1c008216 02fb87b3 mul              x15, x23, x15       x15=00000000 x23:00000040 x15:00000000
16910647ns          285207 1c00821a 428b07b3 p.mac            x15, x22, x8        x15=00000000 x15:00000000 x22:000000c2  x8:00000000
16910667ns          285208 1c00821e 07c72403 lw               x8, 124(x14)         x8=00000000 x14:10000438  PA:100004b4
16910747ns          285212 1c008220 428a87b3 p.mac            x15, x21, x8        x15=00000000 x15:00000000 x21:000000c3  x8:00000000
16910767ns          285213 1c008224 0bc72403 lw               x8, 188(x14)         x8=00000001 x14:10000438  PA:100004f4
16910826ns          285216 1c008228 428a07b3 p.mac            x15, x20, x8        x15=0000003d x15:00000000 x20:0000003d  x8:00000001
16910846ns          285217 1c00822c 0fc72403 lw               x8, 252(x14)         x8=00000000 x14:10000438  PA:10000534
16910906ns          285220 1c008230 428087b3 p.mac            x15, x1, x8         x15=0000003d x15:0000003d  x1:0000003c  x8:00000000
16910926ns          285221 1c008234 13c72403 lw               x8, 316(x14)         x8=00000000 x14:10000438  PA:10000574
16910985ns          285224 1c008238 428387b3 p.mac            x15, x7, x8         x15=0000003d x15:0000003d  x7:000000c6  x8:00000000
16911005ns          285225 1c00823c 17c72403 lw               x8, 380(x14)         x8=00000000 x14:10000438  PA:100005b4
16911065ns          285228 1c008240 428287b3 p.mac            x15, x5, x8         x15=0000003d x15:0000003d  x5:000000c7  x8:00000000
16911085ns          285229 1c008244 1bc72403 lw               x8, 444(x14)         x8=00000000 x14:10000438  PA:100005f4
16911145ns          285232 1c008248 428f87b3 p.mac            x15, x31, x8        x15=0000003d x15:0000003d x31:00000039  x8:00000000
16911164ns          285233 1c00824c 1fc72403 lw               x8, 508(x14)         x8=00000000 x14:10000438  PA:10000634
16911224ns          285236 1c008250 428f07b3 p.mac            x15, x30, x8        x15=0000003d x15:0000003d x30:00000038  x8:00000000
16911244ns          285237 1c008254 23c72403 lw               x8, 572(x14)         x8=00000000 x14:10000438  PA:10000674
16911304ns          285240 1c008258 428e87b3 p.mac            x15, x29, x8        x15=0000003d x15:0000003d x29:000000ca  x8:00000000
16911324ns          285241 1c00825c 27c72403 lw               x8, 636(x14)         x8=00000000 x14:10000438  PA:100006b4
16911383ns          285244 1c008260 428e07b3 p.mac            x15, x28, x8        x15=0000003d x15:0000003d x28:000000cb  x8:00000000
16911403ns          285245 1c008264 2bc72403 lw               x8, 700(x14)         x8=00000000 x14:10000438  PA:100006f4
16911463ns          285248 1c008268 428307b3 p.mac            x15, x6, x8         x15=0000003d x15:0000003d  x6:00000035  x8:00000000
16911483ns          285249 1c00826c 2fc72403 lw               x8, 764(x14)         x8=00000000 x14:10000438  PA:10000734
16911542ns          285252 1c008270 428887b3 p.mac            x15, x17, x8        x15=0000003d x15:0000003d x17:00000034  x8:00000000
16911562ns          285253 1c008274 33c72403 lw               x8, 828(x14)         x8=00000000 x14:10000438  PA:10000774
16911622ns          285256 1c008278 428807b3 p.mac            x15, x16, x8        x15=0000003d x15:0000003d x16:000000ce  x8:00000000
16911642ns          285257 1c00827c 37c72403 lw               x8, 892(x14)         x8=00000000 x14:10000438  PA:100007b4
16911701ns          285260 1c008280 428507b3 p.mac            x15, x10, x8        x15=0000003d x15:0000003d x10:000000cf  x8:00000000
16911721ns          285261 1c008284 3bc72403 lw               x8, 956(x14)         x8=00000000 x14:10000438  PA:100007f4
16911761ns          285263 1c008288 428587b3 p.mac            x15, x11, x8        x15=0000003d x15:0000003d x11:00000031  x8:00000000
16911781ns          285264 1c00828c 00f6222b p.sw             x15, 4(x12!)        x12=10000b38 x15:0000003d x12:10000b34  PA:10000b34
16911801ns          285265 1c008210 0047278b p.lw             x15, 4(x14!)        x15=00000000 x14=1000043c x14:10000438  PA:10000438
16911841ns          285267 1c008214 03c72403 lw               x8, 60(x14)          x8=00000000 x14:1000043c  PA:10000478
16911861ns          285268 1c008216 02fb87b3 mul              x15, x23, x15       x15=00000000 x23:00000040 x15:00000000
16911880ns          285269 1c00821a 428b07b3 p.mac            x15, x22, x8        x15=00000000 x15:00000000 x22:000000c2  x8:00000000
16911900ns          285270 1c00821e 07c72403 lw               x8, 124(x14)         x8=00000001 x14:1000043c  PA:100004b8
16911980ns          285274 1c008220 428a87b3 p.mac            x15, x21, x8        x15=000000c3 x15:00000000 x21:000000c3  x8:00000001
16912000ns          285275 1c008224 0bc72403 lw               x8, 188(x14)         x8=00000000 x14:1000043c  PA:100004f8
16912059ns          285278 1c008228 428a07b3 p.mac            x15, x20, x8        x15=000000c3 x15:000000c3 x20:0000003d  x8:00000000
16912079ns          285279 1c00822c 0fc72403 lw               x8, 252(x14)         x8=00000000 x14:1000043c  PA:10000538
16912139ns          285282 1c008230 428087b3 p.mac            x15, x1, x8         x15=000000c3 x15:000000c3  x1:0000003c  x8:00000000
16912159ns          285283 1c008234 13c72403 lw               x8, 316(x14)         x8=00000000 x14:1000043c  PA:10000578
16912219ns          285286 1c008238 428387b3 p.mac            x15, x7, x8         x15=000000c3 x15:000000c3  x7:000000c6  x8:00000000
16912239ns          285287 1c00823c 17c72403 lw               x8, 380(x14)         x8=00000000 x14:1000043c  PA:100005b8
16912298ns          285290 1c008240 428287b3 p.mac            x15, x5, x8         x15=000000c3 x15:000000c3  x5:000000c7  x8:00000000
16912318ns          285291 1c008244 1bc72403 lw               x8, 444(x14)         x8=00000001 x14:1000043c  PA:100005f8
16912378ns          285294 1c008248 428f87b3 p.mac            x15, x31, x8        x15=000000fc x15:000000c3 x31:00000039  x8:00000001
16912398ns          285295 1c00824c 1fc72403 lw               x8, 508(x14)         x8=00000001 x14:1000043c  PA:10000638
16912457ns          285298 1c008250 428f07b3 p.mac            x15, x30, x8        x15=00000134 x15:000000fc x30:00000038  x8:00000001
16912477ns          285299 1c008254 23c72403 lw               x8, 572(x14)         x8=00000000 x14:1000043c  PA:10000678
16912537ns          285302 1c008258 428e87b3 p.mac            x15, x29, x8        x15=00000134 x15:00000134 x29:000000ca  x8:00000000
16912557ns          285303 1c00825c 27c72403 lw               x8, 636(x14)         x8=00000001 x14:1000043c  PA:100006b8
16912616ns          285306 1c008260 428e07b3 p.mac            x15, x28, x8        x15=000001ff x15:00000134 x28:000000cb  x8:00000001
16912636ns          285307 1c008264 2bc72403 lw               x8, 700(x14)         x8=00000000 x14:1000043c  PA:100006f8
16912696ns          285310 1c008268 428307b3 p.mac            x15, x6, x8         x15=000001ff x15:000001ff  x6:00000035  x8:00000000
16912716ns          285311 1c00826c 2fc72403 lw               x8, 764(x14)         x8=00000001 x14:1000043c  PA:10000738
16912776ns          285314 1c008270 428887b3 p.mac            x15, x17, x8        x15=00000233 x15:000001ff x17:00000034  x8:00000001
16912795ns          285315 1c008274 33c72403 lw               x8, 828(x14)         x8=00000000 x14:1000043c  PA:10000778
16912855ns          285318 1c008278 428807b3 p.mac            x15, x16, x8        x15=00000233 x15:00000233 x16:000000ce  x8:00000000
16912875ns          285319 1c00827c 37c72403 lw               x8, 892(x14)         x8=00000000 x14:1000043c  PA:100007b8
16912935ns          285322 1c008280 428507b3 p.mac            x15, x10, x8        x15=00000233 x15:00000233 x10:000000cf  x8:00000000
16912955ns          285323 1c008284 3bc72403 lw               x8, 956(x14)         x8=00000000 x14:1000043c  PA:100007f8
16912994ns          285325 1c008288 428587b3 p.mac            x15, x11, x8        x15=00000233 x15:00000233 x11:00000031  x8:00000000
16913014ns          285326 1c00828c 00f6222b p.sw             x15, 4(x12!)        x12=10000b3c x15:00000233 x12:10000b38  PA:10000b38
16913034ns          285327 1c008210 0047278b p.lw             x15, 4(x14!)        x15=00000000 x14=10000440 x14:1000043c  PA:1000043c
16913074ns          285329 1c008214 03c72403 lw               x8, 60(x14)          x8=00000000 x14:10000440  PA:1000047c
16913094ns          285330 1c008216 02fb87b3 mul              x15, x23, x15       x15=00000000 x23:00000040 x15:00000000
16913114ns          285331 1c00821a 428b07b3 p.mac            x15, x22, x8        x15=00000000 x15:00000000 x22:000000c2  x8:00000000
16913134ns          285332 1c00821e 07c72403 lw               x8, 124(x14)         x8=00000000 x14:10000440  PA:100004bc
16913213ns          285336 1c008220 428a87b3 p.mac            x15, x21, x8        x15=00000000 x15:00000000 x21:000000c3  x8:00000000
16913233ns          285337 1c008224 0bc72403 lw               x8, 188(x14)         x8=00000000 x14:10000440  PA:100004fc
16913293ns          285340 1c008228 428a07b3 p.mac            x15, x20, x8        x15=00000000 x15:00000000 x20:0000003d  x8:00000000
16913313ns          285341 1c00822c 0fc72403 lw               x8, 252(x14)         x8=00000000 x14:10000440  PA:1000053c
16913372ns          285344 1c008230 428087b3 p.mac            x15, x1, x8         x15=00000000 x15:00000000  x1:0000003c  x8:00000000
16913392ns          285345 1c008234 13c72403 lw               x8, 316(x14)         x8=00000000 x14:10000440  PA:1000057c
16913452ns          285348 1c008238 428387b3 p.mac            x15, x7, x8         x15=00000000 x15:00000000  x7:000000c6  x8:00000000
16913472ns          285349 1c00823c 17c72403 lw               x8, 380(x14)         x8=00000000 x14:10000440  PA:100005bc
16913531ns          285352 1c008240 428287b3 p.mac            x15, x5, x8         x15=00000000 x15:00000000  x5:000000c7  x8:00000000
16913551ns          285353 1c008244 1bc72403 lw               x8, 444(x14)         x8=00000000 x14:10000440  PA:100005fc
16913611ns          285356 1c008248 428f87b3 p.mac            x15, x31, x8        x15=00000000 x15:00000000 x31:00000039  x8:00000000
16913631ns          285357 1c00824c 1fc72403 lw               x8, 508(x14)         x8=00000000 x14:10000440  PA:1000063c
16913691ns          285360 1c008250 428f07b3 p.mac            x15, x30, x8        x15=00000000 x15:00000000 x30:00000038  x8:00000000
16913710ns          285361 1c008254 23c72403 lw               x8, 572(x14)         x8=00000001 x14:10000440  PA:1000067c
16913770ns          285364 1c008258 428e87b3 p.mac            x15, x29, x8        x15=000000ca x15:00000000 x29:000000ca  x8:00000001
16913790ns          285365 1c00825c 27c72403 lw               x8, 636(x14)         x8=00000000 x14:10000440  PA:100006bc
16913850ns          285368 1c008260 428e07b3 p.mac            x15, x28, x8        x15=000000ca x15:000000ca x28:000000cb  x8:00000000
16913870ns          285369 1c008264 2bc72403 lw               x8, 700(x14)         x8=00000001 x14:10000440  PA:100006fc
16913929ns          285372 1c008268 428307b3 p.mac            x15, x6, x8         x15=000000ff x15:000000ca  x6:00000035  x8:00000001
16913949ns          285373 1c00826c 2fc72403 lw               x8, 764(x14)         x8=00000001 x14:10000440  PA:1000073c
16914009ns          285376 1c008270 428887b3 p.mac            x15, x17, x8        x15=00000133 x15:000000ff x17:00000034  x8:00000001
16914029ns          285377 1c008274 33c72403 lw               x8, 828(x14)         x8=00000000 x14:10000440  PA:1000077c
16914088ns          285380 1c008278 428807b3 p.mac            x15, x16, x8        x15=00000133 x15:00000133 x16:000000ce  x8:00000000
16914108ns          285381 1c00827c 37c72403 lw               x8, 892(x14)         x8=00000001 x14:10000440  PA:100007bc
16914168ns          285384 1c008280 428507b3 p.mac            x15, x10, x8        x15=00000202 x15:00000133 x10:000000cf  x8:00000001
16914188ns          285385 1c008284 3bc72403 lw               x8, 956(x14)         x8=00000000 x14:10000440  PA:100007fc
16914228ns          285387 1c008288 428587b3 p.mac            x15, x11, x8        x15=00000202 x15:00000202 x11:00000031  x8:00000000
16914247ns          285388 1c00828c 00f6222b p.sw             x15, 4(x12!)        x12=10000b40 x15:00000202 x12:10000b3c  PA:10000b3c
16914267ns          285389 1c008210 0047278b p.lw             x15, 4(x14!)        x15=00000000 x14=10000444 x14:10000440  PA:10000440
16914307ns          285391 1c008214 03c72403 lw               x8, 60(x14)          x8=00000000 x14:10000444  PA:10000480
16914327ns          285392 1c008216 02fb87b3 mul              x15, x23, x15       x15=00000000 x23:00000040 x15:00000000
16914347ns          285393 1c00821a 428b07b3 p.mac            x15, x22, x8        x15=00000000 x15:00000000 x22:000000c2  x8:00000000
16914367ns          285394 1c00821e 07c72403 lw               x8, 124(x14)         x8=00000001 x14:10000444  PA:100004c0
16914446ns          285398 1c008220 428a87b3 p.mac            x15, x21, x8        x15=000000c3 x15:00000000 x21:000000c3  x8:00000001
16914466ns          285399 1c008224 0bc72403 lw               x8, 188(x14)         x8=00000001 x14:10000444  PA:10000500
16914526ns          285402 1c008228 428a07b3 p.mac            x15, x20, x8        x15=00000100 x15:000000c3 x20:0000003d  x8:00000001
16914546ns          285403 1c00822c 0fc72403 lw               x8, 252(x14)         x8=00000000 x14:10000444  PA:10000540
16914606ns          285406 1c008230 428087b3 p.mac            x15, x1, x8         x15=00000100 x15:00000100  x1:0000003c  x8:00000000
16914625ns          285407 1c008234 13c72403 lw               x8, 316(x14)         x8=00000000 x14:10000444  PA:10000580
16914685ns          285410 1c008238 428387b3 p.mac            x15, x7, x8         x15=00000100 x15:00000100  x7:000000c6  x8:00000000
16914705ns          285411 1c00823c 17c72403 lw               x8, 380(x14)         x8=00000000 x14:10000444  PA:100005c0
16914765ns          285414 1c008240 428287b3 p.mac            x15, x5, x8         x15=00000100 x15:00000100  x5:000000c7  x8:00000000
16914785ns          285415 1c008244 1bc72403 lw               x8, 444(x14)         x8=00000000 x14:10000444  PA:10000600
16914844ns          285418 1c008248 428f87b3 p.mac            x15, x31, x8        x15=00000100 x15:00000100 x31:00000039  x8:00000000
16914864ns          285419 1c00824c 1fc72403 lw               x8, 508(x14)         x8=00000000 x14:10000444  PA:10000640
16914924ns          285422 1c008250 428f07b3 p.mac            x15, x30, x8        x15=00000100 x15:00000100 x30:00000038  x8:00000000
16914944ns          285423 1c008254 23c72403 lw               x8, 572(x14)         x8=00000001 x14:10000444  PA:10000680
16915003ns          285426 1c008258 428e87b3 p.mac            x15, x29, x8        x15=000001ca x15:00000100 x29:000000ca  x8:00000001
16915023ns          285427 1c00825c 27c72403 lw               x8, 636(x14)         x8=00000000 x14:10000444  PA:100006c0
16915083ns          285430 1c008260 428e07b3 p.mac            x15, x28, x8        x15=000001ca x15:000001ca x28:000000cb  x8:00000000
16915103ns          285431 1c008264 2bc72403 lw               x8, 700(x14)         x8=00000001 x14:10000444  PA:10000700
16915162ns          285434 1c008268 428307b3 p.mac            x15, x6, x8         x15=000001ff x15:000001ca  x6:00000035  x8:00000001
16915182ns          285435 1c00826c 2fc72403 lw               x8, 764(x14)         x8=00000000 x14:10000444  PA:10000740
16915242ns          285438 1c008270 428887b3 p.mac            x15, x17, x8        x15=000001ff x15:000001ff x17:00000034  x8:00000000
16915262ns          285439 1c008274 33c72403 lw               x8, 828(x14)         x8=00000000 x14:10000444  PA:10000780
16915322ns          285442 1c008278 428807b3 p.mac            x15, x16, x8        x15=000001ff x15:000001ff x16:000000ce  x8:00000000
16915341ns          285443 1c00827c 37c72403 lw               x8, 892(x14)         x8=00000000 x14:10000444  PA:100007c0
16915401ns          285446 1c008280 428507b3 p.mac            x15, x10, x8        x15=000001ff x15:000001ff x10:000000cf  x8:00000000
16915421ns          285447 1c008284 3bc72403 lw               x8, 956(x14)         x8=00000000 x14:10000444  PA:10000800
16915461ns          285449 1c008288 428587b3 p.mac            x15, x11, x8        x15=000001ff x15:000001ff x11:00000031  x8:00000000
16915481ns          285450 1c00828c 00f6222b p.sw             x15, 4(x12!)        x12=10000b44 x15:000001ff x12:10000b40  PA:10000b40
16915501ns          285451 1c008290 001c0c13 addi             x24, x24, 1         x24=0000000d x24:0000000c
16915520ns          285452 1c008292 100c4c33 p.exths          x24, x24, x0        x24=0000000d x24:0000000d
16915540ns          285453 1c008296 01800633 add              x12, x0, x24        x12=0000000d x24:0000000d
16915560ns          285454 1c0081bc 00661613 slli             x12, x12, 0x6       x12=00000340 x12:0000000d
16915580ns          285455 1c0081be 00cd07b3 add              x15, x26, x12       x15=10000344 x26:10000004 x12:00000340
16915600ns          285456 1c0081c2 0007ab83 lw               x23, 0(x15)         x23=000000d1 x15:10000344  PA:10000344
16915620ns          285457 1c0081c6 0047ab03 lw               x22, 4(x15)         x22=0000002f x15:10000344  PA:10000348
16915640ns          285458 1c0081ca 0087aa83 lw               x21, 8(x15)         x21=0000002e x15:10000344  PA:1000034c
16915660ns          285459 1c0081ce 00c7aa03 lw               x20, 12(x15)        x20=000000d4 x15:10000344  PA:10000350
16915680ns          285460 1c0081d2 0107a083 lw               x1, 16(x15)          x1=000000d5 x15:10000344  PA:10000354
16915700ns          285461 1c0081d6 0147a383 lw               x7, 20(x15)          x7=0000002b x15:10000344  PA:10000358
16915719ns          285462 1c0081da 0187a283 lw               x5, 24(x15)          x5=0000002a x15:10000344  PA:1000035c
16915739ns          285463 1c0081de 01c7af83 lw               x31, 28(x15)        x31=000000d8 x15:10000344  PA:10000360
16915759ns          285464 1c0081e2 0207af03 lw               x30, 32(x15)        x30=000000d9 x15:10000344  PA:10000364
16915779ns          285465 1c0081e6 0247ae83 lw               x29, 36(x15)        x29=00000027 x15:10000344  PA:10000368
16915799ns          285466 1c0081ea 0287ae03 lw               x28, 40(x15)        x28=00000026 x15:10000344  PA:1000036c
16915819ns          285467 1c0081ee 02c7a303 lw               x6, 44(x15)          x6=000000dc x15:10000344  PA:10000370
16915839ns          285468 1c0081f2 0307a883 lw               x17, 48(x15)        x17=000000dd x15:10000344  PA:10000374
16915859ns          285469 1c0081f6 0347a803 lw               x16, 52(x15)        x16=00000023 x15:10000344  PA:10000378
16915879ns          285470 1c0081fa 0387a503 lw               x10, 56(x15)        x10=00000022 x15:10000344  PA:1000037c
16915898ns          285471 1c0081fc 03c7a583 lw               x11, 60(x15)        x11=000000e0 x15:10000344  PA:10000380
16915918ns          285472 1c0081fe 100017b7 lui              x15, 0x10001000     x15=10001000
16915938ns          285473 1c008202 80478793 addi             x15, x15, -2044     x15=10000804 x15:10001000
16915958ns          285474 1c008206 01900733 add              x14, x0, x25        x14=10000404 x25:10000404
16915978ns          285475 1c008208 00f60633 add              x12, x12, x15       x12=10000b44 x12:00000340 x15:10000804
16915998ns          285476 1c00820a 01000693 addi             x13, x0, 16         x13=00000010
16916018ns          285477 1c00820c 0406c0fb lp.setup         0x1, x13, 0x40      x13:00000010
16916038ns          285478 1c008210 0047278b p.lw             x15, 4(x14!)        x15=00000001 x14=10000408 x14:10000404  PA:10000404
16916077ns          285480 1c008214 03c72403 lw               x8, 60(x14)          x8=00000000 x14:10000408  PA:10000444
16916137ns          285483 1c008216 02fb87b3 mul              x15, x23, x15       x15=000000d1 x23:000000d1 x15:00000001
16916157ns          285484 1c00821a 428b07b3 p.mac            x15, x22, x8        x15=000000d1 x15:000000d1 x22:0000002f  x8:00000000
16916177ns          285485 1c00821e 07c72403 lw               x8, 124(x14)         x8=00000001 x14:10000408  PA:10000484
16916237ns          285488 1c008220 428a87b3 p.mac            x15, x21, x8        x15=000000ff x15:000000d1 x21:0000002e  x8:00000001
16916256ns          285489 1c008224 0bc72403 lw               x8, 188(x14)         x8=00000000 x14:10000408  PA:100004c4
16916316ns          285492 1c008228 428a07b3 p.mac            x15, x20, x8        x15=000000ff x15:000000ff x20:000000d4  x8:00000000
16916336ns          285493 1c00822c 0fc72403 lw               x8, 252(x14)         x8=00000000 x14:10000408  PA:10000504
16916396ns          285496 1c008230 428087b3 p.mac            x15, x1, x8         x15=000000ff x15:000000ff  x1:000000d5  x8:00000000
16916416ns          285497 1c008234 13c72403 lw               x8, 316(x14)         x8=00000001 x14:10000408  PA:10000544
16916475ns          285500 1c008238 428387b3 p.mac            x15, x7, x8         x15=0000012a x15:000000ff  x7:0000002b  x8:00000001
16916495ns          285501 1c00823c 17c72403 lw               x8, 380(x14)         x8=00000000 x14:10000408  PA:10000584
16916555ns          285504 1c008240 428287b3 p.mac            x15, x5, x8         x15=0000012a x15:0000012a  x5:0000002a  x8:00000000
16916575ns          285505 1c008244 1bc72403 lw               x8, 444(x14)         x8=00000000 x14:10000408  PA:100005c4
16916634ns          285508 1c008248 428f87b3 p.mac            x15, x31, x8        x15=0000012a x15:0000012a x31:000000d8  x8:00000000
16916654ns          285509 1c00824c 1fc72403 lw               x8, 508(x14)         x8=00000000 x14:10000408  PA:10000604
16916714ns          285512 1c008250 428f07b3 p.mac            x15, x30, x8        x15=0000012a x15:0000012a x30:000000d9  x8:00000000
16916734ns          285513 1c008254 23c72403 lw               x8, 572(x14)         x8=00000000 x14:10000408  PA:10000644
16916793ns          285516 1c008258 428e87b3 p.mac            x15, x29, x8        x15=0000012a x15:0000012a x29:00000027  x8:00000000
16916813ns          285517 1c00825c 27c72403 lw               x8, 636(x14)         x8=00000000 x14:10000408  PA:10000684
16916873ns          285520 1c008260 428e07b3 p.mac            x15, x28, x8        x15=0000012a x15:0000012a x28:00000026  x8:00000000
16916893ns          285521 1c008264 2bc72403 lw               x8, 700(x14)         x8=00000001 x14:10000408  PA:100006c4
16916953ns          285524 1c008268 428307b3 p.mac            x15, x6, x8         x15=00000206 x15:0000012a  x6:000000dc  x8:00000001
16916973ns          285525 1c00826c 2fc72403 lw               x8, 764(x14)         x8=00000000 x14:10000408  PA:10000704
16917032ns          285528 1c008270 428887b3 p.mac            x15, x17, x8        x15=00000206 x15:00000206 x17:000000dd  x8:00000000
16917052ns          285529 1c008274 33c72403 lw               x8, 828(x14)         x8=00000000 x14:10000408  PA:10000744
16917112ns          285532 1c008278 428807b3 p.mac            x15, x16, x8        x15=00000206 x15:00000206 x16:00000023  x8:00000000
16917132ns          285533 1c00827c 37c72403 lw               x8, 892(x14)         x8=00000000 x14:10000408  PA:10000784
16917191ns          285536 1c008280 428507b3 p.mac            x15, x10, x8        x15=00000206 x15:00000206 x10:00000022  x8:00000000
16917211ns          285537 1c008284 3bc72403 lw               x8, 956(x14)         x8=00000000 x14:10000408  PA:100007c4
16917271ns          285540 1c008288 428587b3 p.mac            x15, x11, x8        x15=00000206 x15:00000206 x11:000000e0  x8:00000000
16917291ns          285541 1c00828c 00f6222b p.sw             x15, 4(x12!)        x12=10000b48 x15:00000206 x12:10000b44  PA:10000b44
16917331ns          285543 1c008210 0047278b p.lw             x15, 4(x14!)        x15=00000000 x14=1000040c x14:10000408  PA:10000408
16917370ns          285545 1c008214 03c72403 lw               x8, 60(x14)          x8=00000000 x14:1000040c  PA:10000448
16917430ns          285548 1c008216 02fb87b3 mul              x15, x23, x15       x15=00000000 x23:000000d1 x15:00000000
16917450ns          285549 1c00821a 428b07b3 p.mac            x15, x22, x8        x15=00000000 x15:00000000 x22:0000002f  x8:00000000
16917470ns          285550 1c00821e 07c72403 lw               x8, 124(x14)         x8=00000001 x14:1000040c  PA:10000488
16917529ns          285553 1c008220 428a87b3 p.mac            x15, x21, x8        x15=0000002e x15:00000000 x21:0000002e  x8:00000001
16917549ns          285554 1c008224 0bc72403 lw               x8, 188(x14)         x8=00000000 x14:1000040c  PA:100004c8
16917609ns          285557 1c008228 428a07b3 p.mac            x15, x20, x8        x15=0000002e x15:0000002e x20:000000d4  x8:00000000
16917629ns          285558 1c00822c 0fc72403 lw               x8, 252(x14)         x8=00000000 x14:1000040c  PA:10000508
16917689ns          285561 1c008230 428087b3 p.mac            x15, x1, x8         x15=0000002e x15:0000002e  x1:000000d5  x8:00000000
16917708ns          285562 1c008234 13c72403 lw               x8, 316(x14)         x8=00000000 x14:1000040c  PA:10000548
16917768ns          285565 1c008238 428387b3 p.mac            x15, x7, x8         x15=0000002e x15:0000002e  x7:0000002b  x8:00000000
16917788ns          285566 1c00823c 17c72403 lw               x8, 380(x14)         x8=00000000 x14:1000040c  PA:10000588
16917848ns          285569 1c008240 428287b3 p.mac            x15, x5, x8         x15=0000002e x15:0000002e  x5:0000002a  x8:00000000
16917868ns          285570 1c008244 1bc72403 lw               x8, 444(x14)         x8=00000000 x14:1000040c  PA:100005c8
16917927ns          285573 1c008248 428f87b3 p.mac            x15, x31, x8        x15=0000002e x15:0000002e x31:000000d8  x8:00000000
16917947ns          285574 1c00824c 1fc72403 lw               x8, 508(x14)         x8=00000000 x14:1000040c  PA:10000608
16918007ns          285577 1c008250 428f07b3 p.mac            x15, x30, x8        x15=0000002e x15:0000002e x30:000000d9  x8:00000000
16918027ns          285578 1c008254 23c72403 lw               x8, 572(x14)         x8=00000000 x14:1000040c  PA:10000648
16918086ns          285581 1c008258 428e87b3 p.mac            x15, x29, x8        x15=0000002e x15:0000002e x29:00000027  x8:00000000
16918106ns          285582 1c00825c 27c72403 lw               x8, 636(x14)         x8=00000000 x14:1000040c  PA:10000688
16918166ns          285585 1c008260 428e07b3 p.mac            x15, x28, x8        x15=0000002e x15:0000002e x28:00000026  x8:00000000
16918186ns          285586 1c008264 2bc72403 lw               x8, 700(x14)         x8=00000001 x14:1000040c  PA:100006c8
16918246ns          285589 1c008268 428307b3 p.mac            x15, x6, x8         x15=0000010a x15:0000002e  x6:000000dc  x8:00000001
16918265ns          285590 1c00826c 2fc72403 lw               x8, 764(x14)         x8=00000000 x14:1000040c  PA:10000708
16918325ns          285593 1c008270 428887b3 p.mac            x15, x17, x8        x15=0000010a x15:0000010a x17:000000dd  x8:00000000
16918345ns          285594 1c008274 33c72403 lw               x8, 828(x14)         x8=00000001 x14:1000040c  PA:10000748
16918405ns          285597 1c008278 428807b3 p.mac            x15, x16, x8        x15=0000012d x15:0000010a x16:00000023  x8:00000001
16918425ns          285598 1c00827c 37c72403 lw               x8, 892(x14)         x8=00000000 x14:1000040c  PA:10000788
16918484ns          285601 1c008280 428507b3 p.mac            x15, x10, x8        x15=0000012d x15:0000012d x10:00000022  x8:00000000
16918504ns          285602 1c008284 3bc72403 lw               x8, 956(x14)         x8=00000001 x14:1000040c  PA:100007c8
16918564ns          285605 1c008288 428587b3 p.mac            x15, x11, x8        x15=0000020d x15:0000012d x11:000000e0  x8:00000001
16918584ns          285606 1c00828c 00f6222b p.sw             x15, 4(x12!)        x12=10000b4c x15:0000020d x12:10000b48  PA:10000b48
16918604ns          285607 1c008210 0047278b p.lw             x15, 4(x14!)        x15=00000000 x14=10000410 x14:1000040c  PA:1000040c
16918643ns          285609 1c008214 03c72403 lw               x8, 60(x14)          x8=00000000 x14:10000410  PA:1000044c
16918663ns          285610 1c008216 02fb87b3 mul              x15, x23, x15       x15=00000000 x23:000000d1 x15:00000000
16918683ns          285611 1c00821a 428b07b3 p.mac            x15, x22, x8        x15=00000000 x15:00000000 x22:0000002f  x8:00000000
16918703ns          285612 1c00821e 07c72403 lw               x8, 124(x14)         x8=00000001 x14:10000410  PA:1000048c
16918783ns          285616 1c008220 428a87b3 p.mac            x15, x21, x8        x15=0000002e x15:00000000 x21:0000002e  x8:00000001
16918802ns          285617 1c008224 0bc72403 lw               x8, 188(x14)         x8=00000000 x14:10000410  PA:100004cc
16918862ns          285620 1c008228 428a07b3 p.mac            x15, x20, x8        x15=0000002e x15:0000002e x20:000000d4  x8:00000000
16918882ns          285621 1c00822c 0fc72403 lw               x8, 252(x14)         x8=00000000 x14:10000410  PA:1000050c
16918942ns          285624 1c008230 428087b3 p.mac            x15, x1, x8         x15=0000002e x15:0000002e  x1:000000d5  x8:00000000
16918962ns          285625 1c008234 13c72403 lw               x8, 316(x14)         x8=00000000 x14:10000410  PA:1000054c
16919021ns          285628 1c008238 428387b3 p.mac            x15, x7, x8         x15=0000002e x15:0000002e  x7:0000002b  x8:00000000
16919041ns          285629 1c00823c 17c72403 lw               x8, 380(x14)         x8=00000000 x14:10000410  PA:1000058c
16919101ns          285632 1c008240 428287b3 p.mac            x15, x5, x8         x15=0000002e x15:0000002e  x5:0000002a  x8:00000000
16919121ns          285633 1c008244 1bc72403 lw               x8, 444(x14)         x8=00000000 x14:10000410  PA:100005cc
16919180ns          285636 1c008248 428f87b3 p.mac            x15, x31, x8        x15=0000002e x15:0000002e x31:000000d8  x8:00000000
16919200ns          285637 1c00824c 1fc72403 lw               x8, 508(x14)         x8=00000000 x14:10000410  PA:1000060c
16919260ns          285640 1c008250 428f07b3 p.mac            x15, x30, x8        x15=0000002e x15:0000002e x30:000000d9  x8:00000000
16919280ns          285641 1c008254 23c72403 lw               x8, 572(x14)         x8=00000000 x14:10000410  PA:1000064c
16919340ns          285644 1c008258 428e87b3 p.mac            x15, x29, x8        x15=0000002e x15:0000002e x29:00000027  x8:00000000
16919359ns          285645 1c00825c 27c72403 lw               x8, 636(x14)         x8=00000001 x14:10000410  PA:1000068c
16919419ns          285648 1c008260 428e07b3 p.mac            x15, x28, x8        x15=00000054 x15:0000002e x28:00000026  x8:00000001
16919439ns          285649 1c008264 2bc72403 lw               x8, 700(x14)         x8=00000000 x14:10000410  PA:100006cc
16919499ns          285652 1c008268 428307b3 p.mac            x15, x6, x8         x15=00000054 x15:00000054  x6:000000dc  x8:00000000
16919519ns          285653 1c00826c 2fc72403 lw               x8, 764(x14)         x8=00000000 x14:10000410  PA:1000070c
16919578ns          285656 1c008270 428887b3 p.mac            x15, x17, x8        x15=00000054 x15:00000054 x17:000000dd  x8:00000000
16919598ns          285657 1c008274 33c72403 lw               x8, 828(x14)         x8=00000000 x14:10000410  PA:1000074c
16919658ns          285660 1c008278 428807b3 p.mac            x15, x16, x8        x15=00000054 x15:00000054 x16:00000023  x8:00000000
16919678ns          285661 1c00827c 37c72403 lw               x8, 892(x14)         x8=00000000 x14:10000410  PA:1000078c
16919737ns          285664 1c008280 428507b3 p.mac            x15, x10, x8        x15=00000054 x15:00000054 x10:00000022  x8:00000000
16919757ns          285665 1c008284 3bc72403 lw               x8, 956(x14)         x8=00000000 x14:10000410  PA:100007cc
16919817ns          285668 1c008288 428587b3 p.mac            x15, x11, x8        x15=00000054 x15:00000054 x11:000000e0  x8:00000000
16919837ns          285669 1c00828c 00f6222b p.sw             x15, 4(x12!)        x12=10000b50 x15:00000054 x12:10000b4c  PA:10000b4c
16919857ns          285670 1c008210 0047278b p.lw             x15, 4(x14!)        x15=00000001 x14=10000414 x14:10000410  PA:10000410
16919896ns          285672 1c008214 03c72403 lw               x8, 60(x14)          x8=00000000 x14:10000414  PA:10000450
16919916ns          285673 1c008216 02fb87b3 mul              x15, x23, x15       x15=000000d1 x23:000000d1 x15:00000001
16919936ns          285674 1c00821a 428b07b3 p.mac            x15, x22, x8        x15=000000d1 x15:000000d1 x22:0000002f  x8:00000000
16919956ns          285675 1c00821e 07c72403 lw               x8, 124(x14)         x8=00000000 x14:10000414  PA:10000490
16920036ns          285679 1c008220 428a87b3 p.mac            x15, x21, x8        x15=000000d1 x15:000000d1 x21:0000002e  x8:00000000
16920056ns          285680 1c008224 0bc72403 lw               x8, 188(x14)         x8=00000000 x14:10000414  PA:100004d0
16920115ns          285683 1c008228 428a07b3 p.mac            x15, x20, x8        x15=000000d1 x15:000000d1 x20:000000d4  x8:00000000
16920135ns          285684 1c00822c 0fc72403 lw               x8, 252(x14)         x8=00000000 x14:10000414  PA:10000510
16920195ns          285687 1c008230 428087b3 p.mac            x15, x1, x8         x15=000000d1 x15:000000d1  x1:000000d5  x8:00000000
16920215ns          285688 1c008234 13c72403 lw               x8, 316(x14)         x8=00000000 x14:10000414  PA:10000550
16920274ns          285691 1c008238 428387b3 p.mac            x15, x7, x8         x15=000000d1 x15:000000d1  x7:0000002b  x8:00000000
16920294ns          285692 1c00823c 17c72403 lw               x8, 380(x14)         x8=00000000 x14:10000414  PA:10000590
16920354ns          285695 1c008240 428287b3 p.mac            x15, x5, x8         x15=000000d1 x15:000000d1  x5:0000002a  x8:00000000
16920374ns          285696 1c008244 1bc72403 lw               x8, 444(x14)         x8=00000000 x14:10000414  PA:100005d0
16920434ns          285699 1c008248 428f87b3 p.mac            x15, x31, x8        x15=000000d1 x15:000000d1 x31:000000d8  x8:00000000
16920453ns          285700 1c00824c 1fc72403 lw               x8, 508(x14)         x8=00000000 x14:10000414  PA:10000610
16920513ns          285703 1c008250 428f07b3 p.mac            x15, x30, x8        x15=000000d1 x15:000000d1 x30:000000d9  x8:00000000
16920533ns          285704 1c008254 23c72403 lw               x8, 572(x14)         x8=00000000 x14:10000414  PA:10000650
16920593ns          285707 1c008258 428e87b3 p.mac            x15, x29, x8        x15=000000d1 x15:000000d1 x29:00000027  x8:00000000
16920613ns          285708 1c00825c 27c72403 lw               x8, 636(x14)         x8=00000001 x14:10000414  PA:10000690
16920672ns          285711 1c008260 428e07b3 p.mac            x15, x28, x8        x15=000000f7 x15:000000d1 x28:00000026  x8:00000001
16920692ns          285712 1c008264 2bc72403 lw               x8, 700(x14)         x8=00000000 x14:10000414  PA:100006d0
16920752ns          285715 1c008268 428307b3 p.mac            x15, x6, x8         x15=000000f7 x15:000000f7  x6:000000dc  x8:00000000
16920772ns          285716 1c00826c 2fc72403 lw               x8, 764(x14)         x8=00000001 x14:10000414  PA:10000710
16920831ns          285719 1c008270 428887b3 p.mac            x15, x17, x8        x15=000001d4 x15:000000f7 x17:000000dd  x8:00000001
16920851ns          285720 1c008274 33c72403 lw               x8, 828(x14)         x8=00000000 x14:10000414  PA:10000750
16920911ns          285723 1c008278 428807b3 p.mac            x15, x16, x8        x15=000001d4 x15:000001d4 x16:00000023  x8:00000000
16920931ns          285724 1c00827c 37c72403 lw               x8, 892(x14)         x8=00000000 x14:10000414  PA:10000790
16920990ns          285727 1c008280 428507b3 p.mac            x15, x10, x8        x15=000001d4 x15:000001d4 x10:00000022  x8:00000000
16921010ns          285728 1c008284 3bc72403 lw               x8, 956(x14)         x8=00000000 x14:10000414  PA:100007d0
16921070ns          285731 1c008288 428587b3 p.mac            x15, x11, x8        x15=000001d4 x15:000001d4 x11:000000e0  x8:00000000
16921090ns          285732 1c00828c 00f6222b p.sw             x15, 4(x12!)        x12=10000b54 x15:000001d4 x12:10000b50  PA:10000b50
16921110ns          285733 1c008210 0047278b p.lw             x15, 4(x14!)        x15=00000000 x14=10000418 x14:10000414  PA:10000414
16921150ns          285735 1c008214 03c72403 lw               x8, 60(x14)          x8=00000000 x14:10000418  PA:10000454
16921169ns          285736 1c008216 02fb87b3 mul              x15, x23, x15       x15=00000000 x23:000000d1 x15:00000000
16921189ns          285737 1c00821a 428b07b3 p.mac            x15, x22, x8        x15=00000000 x15:00000000 x22:0000002f  x8:00000000
16921209ns          285738 1c00821e 07c72403 lw               x8, 124(x14)         x8=00000000 x14:10000418  PA:10000494
16921289ns          285742 1c008220 428a87b3 p.mac            x15, x21, x8        x15=00000000 x15:00000000 x21:0000002e  x8:00000000
16921309ns          285743 1c008224 0bc72403 lw               x8, 188(x14)         x8=00000000 x14:10000418  PA:100004d4
16921368ns          285746 1c008228 428a07b3 p.mac            x15, x20, x8        x15=00000000 x15:00000000 x20:000000d4  x8:00000000
16921388ns          285747 1c00822c 0fc72403 lw               x8, 252(x14)         x8=00000001 x14:10000418  PA:10000514
16921448ns          285750 1c008230 428087b3 p.mac            x15, x1, x8         x15=000000d5 x15:00000000  x1:000000d5  x8:00000001
16921468ns          285751 1c008234 13c72403 lw               x8, 316(x14)         x8=00000000 x14:10000418  PA:10000554
16921527ns          285754 1c008238 428387b3 p.mac            x15, x7, x8         x15=000000d5 x15:000000d5  x7:0000002b  x8:00000000
16921547ns          285755 1c00823c 17c72403 lw               x8, 380(x14)         x8=00000000 x14:10000418  PA:10000594
16921607ns          285758 1c008240 428287b3 p.mac            x15, x5, x8         x15=000000d5 x15:000000d5  x5:0000002a  x8:00000000
16921627ns          285759 1c008244 1bc72403 lw               x8, 444(x14)         x8=00000000 x14:10000418  PA:100005d4
16921687ns          285762 1c008248 428f87b3 p.mac            x15, x31, x8        x15=000000d5 x15:000000d5 x31:000000d8  x8:00000000
16921707ns          285763 1c00824c 1fc72403 lw               x8, 508(x14)         x8=00000000 x14:10000418  PA:10000614
16921766ns          285766 1c008250 428f07b3 p.mac            x15, x30, x8        x15=000000d5 x15:000000d5 x30:000000d9  x8:00000000
16921786ns          285767 1c008254 23c72403 lw               x8, 572(x14)         x8=00000001 x14:10000418  PA:10000654
16921846ns          285770 1c008258 428e87b3 p.mac            x15, x29, x8        x15=000000fc x15:000000d5 x29:00000027  x8:00000001
16921866ns          285771 1c00825c 27c72403 lw               x8, 636(x14)         x8=00000000 x14:10000418  PA:10000694
16921925ns          285774 1c008260 428e07b3 p.mac            x15, x28, x8        x15=000000fc x15:000000fc x28:00000026  x8:00000000
16921945ns          285775 1c008264 2bc72403 lw               x8, 700(x14)         x8=00000000 x14:10000418  PA:100006d4
16922005ns          285778 1c008268 428307b3 p.mac            x15, x6, x8         x15=000000fc x15:000000fc  x6:000000dc  x8:00000000
16922025ns          285779 1c00826c 2fc72403 lw               x8, 764(x14)         x8=00000000 x14:10000418  PA:10000714
16922084ns          285782 1c008270 428887b3 p.mac            x15, x17, x8        x15=000000fc x15:000000fc x17:000000dd  x8:00000000
16922104ns          285783 1c008274 33c72403 lw               x8, 828(x14)         x8=00000000 x14:10000418  PA:10000754
16922164ns          285786 1c008278 428807b3 p.mac            x15, x16, x8        x15=000000fc x15:000000fc x16:00000023  x8:00000000
16922184ns          285787 1c00827c 37c72403 lw               x8, 892(x14)         x8=00000000 x14:10000418  PA:10000794
16922244ns          285790 1c008280 428507b3 p.mac            x15, x10, x8        x15=000000fc x15:000000fc x10:00000022  x8:00000000
16922263ns          285791 1c008284 3bc72403 lw               x8, 956(x14)         x8=00000000 x14:10000418  PA:100007d4
16922323ns          285794 1c008288 428587b3 p.mac            x15, x11, x8        x15=000000fc x15:000000fc x11:000000e0  x8:00000000
16922343ns          285795 1c00828c 00f6222b p.sw             x15, 4(x12!)        x12=10000b58 x15:000000fc x12:10000b54  PA:10000b54
16922363ns          285796 1c008210 0047278b p.lw             x15, 4(x14!)        x15=00000000 x14=1000041c x14:10000418  PA:10000418
16922403ns          285798 1c008214 03c72403 lw               x8, 60(x14)          x8=00000000 x14:1000041c  PA:10000458
16922423ns          285799 1c008216 02fb87b3 mul              x15, x23, x15       x15=00000000 x23:000000d1 x15:00000000
16922442ns          285800 1c00821a 428b07b3 p.mac            x15, x22, x8        x15=00000000 x15:00000000 x22:0000002f  x8:00000000
16922462ns          285801 1c00821e 07c72403 lw               x8, 124(x14)         x8=00000000 x14:1000041c  PA:10000498
16922542ns          285805 1c008220 428a87b3 p.mac            x15, x21, x8        x15=00000000 x15:00000000 x21:0000002e  x8:00000000
16922562ns          285806 1c008224 0bc72403 lw               x8, 188(x14)         x8=00000000 x14:1000041c  PA:100004d8
16922621ns          285809 1c008228 428a07b3 p.mac            x15, x20, x8        x15=00000000 x15:00000000 x20:000000d4  x8:00000000
16922641ns          285810 1c00822c 0fc72403 lw               x8, 252(x14)         x8=00000000 x14:1000041c  PA:10000518
16922701ns          285813 1c008230 428087b3 p.mac            x15, x1, x8         x15=00000000 x15:00000000  x1:000000d5  x8:00000000
16922721ns          285814 1c008234 13c72403 lw               x8, 316(x14)         x8=00000000 x14:1000041c  PA:10000558
16922781ns          285817 1c008238 428387b3 p.mac            x15, x7, x8         x15=00000000 x15:00000000  x7:0000002b  x8:00000000
16922801ns          285818 1c00823c 17c72403 lw               x8, 380(x14)         x8=00000000 x14:1000041c  PA:10000598
16922860ns          285821 1c008240 428287b3 p.mac            x15, x5, x8         x15=00000000 x15:00000000  x5:0000002a  x8:00000000
16922880ns          285822 1c008244 1bc72403 lw               x8, 444(x14)         x8=00000000 x14:1000041c  PA:100005d8
16922940ns          285825 1c008248 428f87b3 p.mac            x15, x31, x8        x15=00000000 x15:00000000 x31:000000d8  x8:00000000
16922960ns          285826 1c00824c 1fc72403 lw               x8, 508(x14)         x8=00000000 x14:1000041c  PA:10000618
16923019ns          285829 1c008250 428f07b3 p.mac            x15, x30, x8        x15=00000000 x15:00000000 x30:000000d9  x8:00000000
16923039ns          285830 1c008254 23c72403 lw               x8, 572(x14)         x8=00000000 x14:1000041c  PA:10000658
16923099ns          285833 1c008258 428e87b3 p.mac            x15, x29, x8        x15=00000000 x15:00000000 x29:00000027  x8:00000000
16923119ns          285834 1c00825c 27c72403 lw               x8, 636(x14)         x8=00000000 x14:1000041c  PA:10000698
16923178ns          285837 1c008260 428e07b3 p.mac            x15, x28, x8        x15=00000000 x15:00000000 x28:00000026  x8:00000000
16923198ns          285838 1c008264 2bc72403 lw               x8, 700(x14)         x8=00000000 x14:1000041c  PA:100006d8
16923258ns          285841 1c008268 428307b3 p.mac            x15, x6, x8         x15=00000000 x15:00000000  x6:000000dc  x8:00000000
16923278ns          285842 1c00826c 2fc72403 lw               x8, 764(x14)         x8=00000000 x14:1000041c  PA:10000718
16923338ns          285845 1c008270 428887b3 p.mac            x15, x17, x8        x15=00000000 x15:00000000 x17:000000dd  x8:00000000
16923357ns          285846 1c008274 33c72403 lw               x8, 828(x14)         x8=00000000 x14:1000041c  PA:10000758
16923417ns          285849 1c008278 428807b3 p.mac            x15, x16, x8        x15=00000000 x15:00000000 x16:00000023  x8:00000000
16923437ns          285850 1c00827c 37c72403 lw               x8, 892(x14)         x8=00000000 x14:1000041c  PA:10000798
16923497ns          285853 1c008280 428507b3 p.mac            x15, x10, x8        x15=00000000 x15:00000000 x10:00000022  x8:00000000
16923517ns          285854 1c008284 3bc72403 lw               x8, 956(x14)         x8=00000000 x14:1000041c  PA:100007d8
16923576ns          285857 1c008288 428587b3 p.mac            x15, x11, x8        x15=00000000 x15:00000000 x11:000000e0  x8:00000000
16923596ns          285858 1c00828c 00f6222b p.sw             x15, 4(x12!)        x12=10000b5c x15:00000000 x12:10000b58  PA:10000b58
16923616ns          285859 1c008210 0047278b p.lw             x15, 4(x14!)        x15=00000000 x14=10000420 x14:1000041c  PA:1000041c
16923656ns          285861 1c008214 03c72403 lw               x8, 60(x14)          x8=00000001 x14:10000420  PA:1000045c
16923676ns          285862 1c008216 02fb87b3 mul              x15, x23, x15       x15=00000000 x23:000000d1 x15:00000000
16923696ns          285863 1c00821a 428b07b3 p.mac            x15, x22, x8        x15=0000002f x15:00000000 x22:0000002f  x8:00000001
16923715ns          285864 1c00821e 07c72403 lw               x8, 124(x14)         x8=00000001 x14:10000420  PA:1000049c
16923795ns          285868 1c008220 428a87b3 p.mac            x15, x21, x8        x15=0000005d x15:0000002f x21:0000002e  x8:00000001
16923815ns          285869 1c008224 0bc72403 lw               x8, 188(x14)         x8=00000000 x14:10000420  PA:100004dc
16923875ns          285872 1c008228 428a07b3 p.mac            x15, x20, x8        x15=0000005d x15:0000005d x20:000000d4  x8:00000000
16923894ns          285873 1c00822c 0fc72403 lw               x8, 252(x14)         x8=00000000 x14:10000420  PA:1000051c
16923954ns          285876 1c008230 428087b3 p.mac            x15, x1, x8         x15=0000005d x15:0000005d  x1:000000d5  x8:00000000
16923974ns          285877 1c008234 13c72403 lw               x8, 316(x14)         x8=00000001 x14:10000420  PA:1000055c
16924034ns          285880 1c008238 428387b3 p.mac            x15, x7, x8         x15=00000088 x15:0000005d  x7:0000002b  x8:00000001
16924054ns          285881 1c00823c 17c72403 lw               x8, 380(x14)         x8=00000000 x14:10000420  PA:1000059c
16924113ns          285884 1c008240 428287b3 p.mac            x15, x5, x8         x15=00000088 x15:00000088  x5:0000002a  x8:00000000
16924133ns          285885 1c008244 1bc72403 lw               x8, 444(x14)         x8=00000000 x14:10000420  PA:100005dc
16924193ns          285888 1c008248 428f87b3 p.mac            x15, x31, x8        x15=00000088 x15:00000088 x31:000000d8  x8:00000000
16924213ns          285889 1c00824c 1fc72403 lw               x8, 508(x14)         x8=00000000 x14:10000420  PA:1000061c
16924272ns          285892 1c008250 428f07b3 p.mac            x15, x30, x8        x15=00000088 x15:00000088 x30:000000d9  x8:00000000
16924292ns          285893 1c008254 23c72403 lw               x8, 572(x14)         x8=00000000 x14:10000420  PA:1000065c
16924352ns          285896 1c008258 428e87b3 p.mac            x15, x29, x8        x15=00000088 x15:00000088 x29:00000027  x8:00000000
16924372ns          285897 1c00825c 27c72403 lw               x8, 636(x14)         x8=00000000 x14:10000420  PA:1000069c
16924432ns          285900 1c008260 428e07b3 p.mac            x15, x28, x8        x15=00000088 x15:00000088 x28:00000026  x8:00000000
16924451ns          285901 1c008264 2bc72403 lw               x8, 700(x14)         x8=00000000 x14:10000420  PA:100006dc
16924511ns          285904 1c008268 428307b3 p.mac            x15, x6, x8         x15=00000088 x15:00000088  x6:000000dc  x8:00000000
16924531ns          285905 1c00826c 2fc72403 lw               x8, 764(x14)         x8=00000000 x14:10000420  PA:1000071c
16924591ns          285908 1c008270 428887b3 p.mac            x15, x17, x8        x15=00000088 x15:00000088 x17:000000dd  x8:00000000
16924611ns          285909 1c008274 33c72403 lw               x8, 828(x14)         x8=00000000 x14:10000420  PA:1000075c
16924670ns          285912 1c008278 428807b3 p.mac            x15, x16, x8        x15=00000088 x15:00000088 x16:00000023  x8:00000000
16924690ns          285913 1c00827c 37c72403 lw               x8, 892(x14)         x8=00000000 x14:10000420  PA:1000079c
16924750ns          285916 1c008280 428507b3 p.mac            x15, x10, x8        x15=00000088 x15:00000088 x10:00000022  x8:00000000
16924770ns          285917 1c008284 3bc72403 lw               x8, 956(x14)         x8=00000000 x14:10000420  PA:100007dc
16924829ns          285920 1c008288 428587b3 p.mac            x15, x11, x8        x15=00000088 x15:00000088 x11:000000e0  x8:00000000
16924849ns          285921 1c00828c 00f6222b p.sw             x15, 4(x12!)        x12=10000b60 x15:00000088 x12:10000b5c  PA:10000b5c
16924869ns          285922 1c008210 0047278b p.lw             x15, 4(x14!)        x15=00000000 x14=10000424 x14:10000420  PA:10000420
16924909ns          285924 1c008214 03c72403 lw               x8, 60(x14)          x8=00000000 x14:10000424  PA:10000460
16924929ns          285925 1c008216 02fb87b3 mul              x15, x23, x15       x15=00000000 x23:000000d1 x15:00000000
16924949ns          285926 1c00821a 428b07b3 p.mac            x15, x22, x8        x15=00000000 x15:00000000 x22:0000002f  x8:00000000
16924969ns          285927 1c00821e 07c72403 lw               x8, 124(x14)         x8=00000000 x14:10000424  PA:100004a0
16925048ns          285931 1c008220 428a87b3 p.mac            x15, x21, x8        x15=00000000 x15:00000000 x21:0000002e  x8:00000000
16925068ns          285932 1c008224 0bc72403 lw               x8, 188(x14)         x8=00000000 x14:10000424  PA:100004e0
16925128ns          285935 1c008228 428a07b3 p.mac            x15, x20, x8        x15=00000000 x15:00000000 x20:000000d4  x8:00000000
16925148ns          285936 1c00822c 0fc72403 lw               x8, 252(x14)         x8=00000000 x14:10000424  PA:10000520
16925207ns          285939 1c008230 428087b3 p.mac            x15, x1, x8         x15=00000000 x15:00000000  x1:000000d5  x8:00000000
16925227ns          285940 1c008234 13c72403 lw               x8, 316(x14)         x8=00000000 x14:10000424  PA:10000560
16925287ns          285943 1c008238 428387b3 p.mac            x15, x7, x8         x15=00000000 x15:00000000  x7:0000002b  x8:00000000
16925307ns          285944 1c00823c 17c72403 lw               x8, 380(x14)         x8=00000000 x14:10000424  PA:100005a0
16925366ns          285947 1c008240 428287b3 p.mac            x15, x5, x8         x15=00000000 x15:00000000  x5:0000002a  x8:00000000
16925386ns          285948 1c008244 1bc72403 lw               x8, 444(x14)         x8=00000000 x14:10000424  PA:100005e0
16925446ns          285951 1c008248 428f87b3 p.mac            x15, x31, x8        x15=00000000 x15:00000000 x31:000000d8  x8:00000000
16925466ns          285952 1c00824c 1fc72403 lw               x8, 508(x14)         x8=00000001 x14:10000424  PA:10000620
16925526ns          285955 1c008250 428f07b3 p.mac            x15, x30, x8        x15=000000d9 x15:00000000 x30:000000d9  x8:00000001
16925545ns          285956 1c008254 23c72403 lw               x8, 572(x14)         x8=00000000 x14:10000424  PA:10000660
16925605ns          285959 1c008258 428e87b3 p.mac            x15, x29, x8        x15=000000d9 x15:000000d9 x29:00000027  x8:00000000
16925625ns          285960 1c00825c 27c72403 lw               x8, 636(x14)         x8=00000000 x14:10000424  PA:100006a0
16925685ns          285963 1c008260 428e07b3 p.mac            x15, x28, x8        x15=000000d9 x15:000000d9 x28:00000026  x8:00000000
16925705ns          285964 1c008264 2bc72403 lw               x8, 700(x14)         x8=00000000 x14:10000424  PA:100006e0
16925764ns          285967 1c008268 428307b3 p.mac            x15, x6, x8         x15=000000d9 x15:000000d9  x6:000000dc  x8:00000000
16925784ns          285968 1c00826c 2fc72403 lw               x8, 764(x14)         x8=00000001 x14:10000424  PA:10000720
16925844ns          285971 1c008270 428887b3 p.mac            x15, x17, x8        x15=000001b6 x15:000000d9 x17:000000dd  x8:00000001
16925864ns          285972 1c008274 33c72403 lw               x8, 828(x14)         x8=00000000 x14:10000424  PA:10000760
16925923ns          285975 1c008278 428807b3 p.mac            x15, x16, x8        x15=000001b6 x15:000001b6 x16:00000023  x8:00000000
16925943ns          285976 1c00827c 37c72403 lw               x8, 892(x14)         x8=00000000 x14:10000424  PA:100007a0
16926003ns          285979 1c008280 428507b3 p.mac            x15, x10, x8        x15=000001b6 x15:000001b6 x10:00000022  x8:00000000
16926023ns          285980 1c008284 3bc72403 lw               x8, 956(x14)         x8=00000000 x14:10000424  PA:100007e0
16926082ns          285983 1c008288 428587b3 p.mac            x15, x11, x8        x15=000001b6 x15:000001b6 x11:000000e0  x8:00000000
16926102ns          285984 1c00828c 00f6222b p.sw             x15, 4(x12!)        x12=10000b64 x15:000001b6 x12:10000b60  PA:10000b60
16926122ns          285985 1c008210 0047278b p.lw             x15, 4(x14!)        x15=00000000 x14=10000428 x14:10000424  PA:10000424
16926162ns          285987 1c008214 03c72403 lw               x8, 60(x14)          x8=00000000 x14:10000428  PA:10000464
16926182ns          285988 1c008216 02fb87b3 mul              x15, x23, x15       x15=00000000 x23:000000d1 x15:00000000
16926202ns          285989 1c00821a 428b07b3 p.mac            x15, x22, x8        x15=00000000 x15:00000000 x22:0000002f  x8:00000000
16926222ns          285990 1c00821e 07c72403 lw               x8, 124(x14)         x8=00000001 x14:10000428  PA:100004a4
16926301ns          285994 1c008220 428a87b3 p.mac            x15, x21, x8        x15=0000002e x15:00000000 x21:0000002e  x8:00000001
16926321ns          285995 1c008224 0bc72403 lw               x8, 188(x14)         x8=00000000 x14:10000428  PA:100004e4
16926381ns          285998 1c008228 428a07b3 p.mac            x15, x20, x8        x15=0000002e x15:0000002e x20:000000d4  x8:00000000
16926401ns          285999 1c00822c 0fc72403 lw               x8, 252(x14)         x8=00000000 x14:10000428  PA:10000524
16926460ns          286002 1c008230 428087b3 p.mac            x15, x1, x8         x15=0000002e x15:0000002e  x1:000000d5  x8:00000000
16926480ns          286003 1c008234 13c72403 lw               x8, 316(x14)         x8=00000000 x14:10000428  PA:10000564
16926540ns          286006 1c008238 428387b3 p.mac            x15, x7, x8         x15=0000002e x15:0000002e  x7:0000002b  x8:00000000
16926560ns          286007 1c00823c 17c72403 lw               x8, 380(x14)         x8=00000000 x14:10000428  PA:100005a4
16926620ns          286010 1c008240 428287b3 p.mac            x15, x5, x8         x15=0000002e x15:0000002e  x5:0000002a  x8:00000000
16926639ns          286011 1c008244 1bc72403 lw               x8, 444(x14)         x8=00000000 x14:10000428  PA:100005e4
16926699ns          286014 1c008248 428f87b3 p.mac            x15, x31, x8        x15=0000002e x15:0000002e x31:000000d8  x8:00000000
16926719ns          286015 1c00824c 1fc72403 lw               x8, 508(x14)         x8=00000000 x14:10000428  PA:10000624
16926779ns          286018 1c008250 428f07b3 p.mac            x15, x30, x8        x15=0000002e x15:0000002e x30:000000d9  x8:00000000
16926799ns          286019 1c008254 23c72403 lw               x8, 572(x14)         x8=00000000 x14:10000428  PA:10000664
16926858ns          286022 1c008258 428e87b3 p.mac            x15, x29, x8        x15=0000002e x15:0000002e x29:00000027  x8:00000000
16926878ns          286023 1c00825c 27c72403 lw               x8, 636(x14)         x8=00000000 x14:10000428  PA:100006a4
16926938ns          286026 1c008260 428e07b3 p.mac            x15, x28, x8        x15=0000002e x15:0000002e x28:00000026  x8:00000000
16926958ns          286027 1c008264 2bc72403 lw               x8, 700(x14)         x8=00000000 x14:10000428  PA:100006e4
16927017ns          286030 1c008268 428307b3 p.mac            x15, x6, x8         x15=0000002e x15:0000002e  x6:000000dc  x8:00000000
16927037ns          286031 1c00826c 2fc72403 lw               x8, 764(x14)         x8=00000001 x14:10000428  PA:10000724
16927097ns          286034 1c008270 428887b3 p.mac            x15, x17, x8        x15=0000010b x15:0000002e x17:000000dd  x8:00000001
16927117ns          286035 1c008274 33c72403 lw               x8, 828(x14)         x8=00000001 x14:10000428  PA:10000764
16927176ns          286038 1c008278 428807b3 p.mac            x15, x16, x8        x15=0000012e x15:0000010b x16:00000023  x8:00000001
16927196ns          286039 1c00827c 37c72403 lw               x8, 892(x14)         x8=00000000 x14:10000428  PA:100007a4
16927256ns          286042 1c008280 428507b3 p.mac            x15, x10, x8        x15=0000012e x15:0000012e x10:00000022  x8:00000000
16927276ns          286043 1c008284 3bc72403 lw               x8, 956(x14)         x8=00000000 x14:10000428  PA:100007e4
16927336ns          286046 1c008288 428587b3 p.mac            x15, x11, x8        x15=0000012e x15:0000012e x11:000000e0  x8:00000000
16927355ns          286047 1c00828c 00f6222b p.sw             x15, 4(x12!)        x12=10000b68 x15:0000012e x12:10000b64  PA:10000b64
16927375ns          286048 1c008210 0047278b p.lw             x15, 4(x14!)        x15=00000000 x14=1000042c x14:10000428  PA:10000428
16927415ns          286050 1c008214 03c72403 lw               x8, 60(x14)          x8=00000000 x14:1000042c  PA:10000468
16927435ns          286051 1c008216 02fb87b3 mul              x15, x23, x15       x15=00000000 x23:000000d1 x15:00000000
16927455ns          286052 1c00821a 428b07b3 p.mac            x15, x22, x8        x15=00000000 x15:00000000 x22:0000002f  x8:00000000
16927475ns          286053 1c00821e 07c72403 lw               x8, 124(x14)         x8=00000000 x14:1000042c  PA:100004a8
16927554ns          286057 1c008220 428a87b3 p.mac            x15, x21, x8        x15=00000000 x15:00000000 x21:0000002e  x8:00000000
16927574ns          286058 1c008224 0bc72403 lw               x8, 188(x14)         x8=00000000 x14:1000042c  PA:100004e8
16927634ns          286061 1c008228 428a07b3 p.mac            x15, x20, x8        x15=00000000 x15:00000000 x20:000000d4  x8:00000000
16927654ns          286062 1c00822c 0fc72403 lw               x8, 252(x14)         x8=00000000 x14:1000042c  PA:10000528
16927714ns          286065 1c008230 428087b3 p.mac            x15, x1, x8         x15=00000000 x15:00000000  x1:000000d5  x8:00000000
16927733ns          286066 1c008234 13c72403 lw               x8, 316(x14)         x8=00000000 x14:1000042c  PA:10000568
16927793ns          286069 1c008238 428387b3 p.mac            x15, x7, x8         x15=00000000 x15:00000000  x7:0000002b  x8:00000000
16927813ns          286070 1c00823c 17c72403 lw               x8, 380(x14)         x8=00000000 x14:1000042c  PA:100005a8
16927873ns          286073 1c008240 428287b3 p.mac            x15, x5, x8         x15=00000000 x15:00000000  x5:0000002a  x8:00000000
16927893ns          286074 1c008244 1bc72403 lw               x8, 444(x14)         x8=00000000 x14:1000042c  PA:100005e8
16927952ns          286077 1c008248 428f87b3 p.mac            x15, x31, x8        x15=00000000 x15:00000000 x31:000000d8  x8:00000000
16927972ns          286078 1c00824c 1fc72403 lw               x8, 508(x14)         x8=00000000 x14:1000042c  PA:10000628
16928032ns          286081 1c008250 428f07b3 p.mac            x15, x30, x8        x15=00000000 x15:00000000 x30:000000d9  x8:00000000
16928052ns          286082 1c008254 23c72403 lw               x8, 572(x14)         x8=00000000 x14:1000042c  PA:10000668
16928111ns          286085 1c008258 428e87b3 p.mac            x15, x29, x8        x15=00000000 x15:00000000 x29:00000027  x8:00000000
16928131ns          286086 1c00825c 27c72403 lw               x8, 636(x14)         x8=00000000 x14:1000042c  PA:100006a8
16928191ns          286089 1c008260 428e07b3 p.mac            x15, x28, x8        x15=00000000 x15:00000000 x28:00000026  x8:00000000
16928211ns          286090 1c008264 2bc72403 lw               x8, 700(x14)         x8=00000000 x14:1000042c  PA:100006e8
16928270ns          286093 1c008268 428307b3 p.mac            x15, x6, x8         x15=00000000 x15:00000000  x6:000000dc  x8:00000000
16928290ns          286094 1c00826c 2fc72403 lw               x8, 764(x14)         x8=00000000 x14:1000042c  PA:10000728
16928350ns          286097 1c008270 428887b3 p.mac            x15, x17, x8        x15=00000000 x15:00000000 x17:000000dd  x8:00000000
16928370ns          286098 1c008274 33c72403 lw               x8, 828(x14)         x8=00000000 x14:1000042c  PA:10000768
16928430ns          286101 1c008278 428807b3 p.mac            x15, x16, x8        x15=00000000 x15:00000000 x16:00000023  x8:00000000
16928449ns          286102 1c00827c 37c72403 lw               x8, 892(x14)         x8=00000000 x14:1000042c  PA:100007a8
16928509ns          286105 1c008280 428507b3 p.mac            x15, x10, x8        x15=00000000 x15:00000000 x10:00000022  x8:00000000
16928529ns          286106 1c008284 3bc72403 lw               x8, 956(x14)         x8=00000000 x14:1000042c  PA:100007e8
16928589ns          286109 1c008288 428587b3 p.mac            x15, x11, x8        x15=00000000 x15:00000000 x11:000000e0  x8:00000000
16928609ns          286110 1c00828c 00f6222b p.sw             x15, 4(x12!)        x12=10000b6c x15:00000000 x12:10000b68  PA:10000b68
16928628ns          286111 1c008210 0047278b p.lw             x15, 4(x14!)        x15=00000000 x14=10000430 x14:1000042c  PA:1000042c
16928668ns          286113 1c008214 03c72403 lw               x8, 60(x14)          x8=00000000 x14:10000430  PA:1000046c
16928688ns          286114 1c008216 02fb87b3 mul              x15, x23, x15       x15=00000000 x23:000000d1 x15:00000000
16928708ns          286115 1c00821a 428b07b3 p.mac            x15, x22, x8        x15=00000000 x15:00000000 x22:0000002f  x8:00000000
16928728ns          286116 1c00821e 07c72403 lw               x8, 124(x14)         x8=00000000 x14:10000430  PA:100004ac
16928808ns          286120 1c008220 428a87b3 p.mac            x15, x21, x8        x15=00000000 x15:00000000 x21:0000002e  x8:00000000
16928827ns          286121 1c008224 0bc72403 lw               x8, 188(x14)         x8=00000000 x14:10000430  PA:100004ec
16928887ns          286124 1c008228 428a07b3 p.mac            x15, x20, x8        x15=00000000 x15:00000000 x20:000000d4  x8:00000000
16928907ns          286125 1c00822c 0fc72403 lw               x8, 252(x14)         x8=00000000 x14:10000430  PA:1000052c
16928967ns          286128 1c008230 428087b3 p.mac            x15, x1, x8         x15=00000000 x15:00000000  x1:000000d5  x8:00000000
16928987ns          286129 1c008234 13c72403 lw               x8, 316(x14)         x8=00000000 x14:10000430  PA:1000056c
16929046ns          286132 1c008238 428387b3 p.mac            x15, x7, x8         x15=00000000 x15:00000000  x7:0000002b  x8:00000000
16929066ns          286133 1c00823c 17c72403 lw               x8, 380(x14)         x8=00000001 x14:10000430  PA:100005ac
16929126ns          286136 1c008240 428287b3 p.mac            x15, x5, x8         x15=0000002a x15:00000000  x5:0000002a  x8:00000001
16929146ns          286137 1c008244 1bc72403 lw               x8, 444(x14)         x8=00000000 x14:10000430  PA:100005ec
16929205ns          286140 1c008248 428f87b3 p.mac            x15, x31, x8        x15=0000002a x15:0000002a x31:000000d8  x8:00000000
16929225ns          286141 1c00824c 1fc72403 lw               x8, 508(x14)         x8=00000000 x14:10000430  PA:1000062c
16929285ns          286144 1c008250 428f07b3 p.mac            x15, x30, x8        x15=0000002a x15:0000002a x30:000000d9  x8:00000000
16929305ns          286145 1c008254 23c72403 lw               x8, 572(x14)         x8=00000000 x14:10000430  PA:1000066c
16929364ns          286148 1c008258 428e87b3 p.mac            x15, x29, x8        x15=0000002a x15:0000002a x29:00000027  x8:00000000
16929384ns          286149 1c00825c 27c72403 lw               x8, 636(x14)         x8=00000001 x14:10000430  PA:100006ac
16929444ns          286152 1c008260 428e07b3 p.mac            x15, x28, x8        x15=00000050 x15:0000002a x28:00000026  x8:00000001
16929464ns          286153 1c008264 2bc72403 lw               x8, 700(x14)         x8=00000000 x14:10000430  PA:100006ec
16929524ns          286156 1c008268 428307b3 p.mac            x15, x6, x8         x15=00000050 x15:00000050  x6:000000dc  x8:00000000
16929543ns          286157 1c00826c 2fc72403 lw               x8, 764(x14)         x8=00000000 x14:10000430  PA:1000072c
16929603ns          286160 1c008270 428887b3 p.mac            x15, x17, x8        x15=00000050 x15:00000050 x17:000000dd  x8:00000000
16929623ns          286161 1c008274 33c72403 lw               x8, 828(x14)         x8=00000000 x14:10000430  PA:1000076c
16929683ns          286164 1c008278 428807b3 p.mac            x15, x16, x8        x15=00000050 x15:00000050 x16:00000023  x8:00000000
16929703ns          286165 1c00827c 37c72403 lw               x8, 892(x14)         x8=00000000 x14:10000430  PA:100007ac
16929762ns          286168 1c008280 428507b3 p.mac            x15, x10, x8        x15=00000050 x15:00000050 x10:00000022  x8:00000000
16929782ns          286169 1c008284 3bc72403 lw               x8, 956(x14)         x8=00000000 x14:10000430  PA:100007ec
16929842ns          286172 1c008288 428587b3 p.mac            x15, x11, x8        x15=00000050 x15:00000050 x11:000000e0  x8:00000000
16929862ns          286173 1c00828c 00f6222b p.sw             x15, 4(x12!)        x12=10000b70 x15:00000050 x12:10000b6c  PA:10000b6c
16929882ns          286174 1c008210 0047278b p.lw             x15, 4(x14!)        x15=00000000 x14=10000434 x14:10000430  PA:10000430
16929921ns          286176 1c008214 03c72403 lw               x8, 60(x14)          x8=00000000 x14:10000434  PA:10000470
16929941ns          286177 1c008216 02fb87b3 mul              x15, x23, x15       x15=00000000 x23:000000d1 x15:00000000
16929961ns          286178 1c00821a 428b07b3 p.mac            x15, x22, x8        x15=00000000 x15:00000000 x22:0000002f  x8:00000000
16929981ns          286179 1c00821e 07c72403 lw               x8, 124(x14)         x8=00000000 x14:10000434  PA:100004b0
16930061ns          286183 1c008220 428a87b3 p.mac            x15, x21, x8        x15=00000000 x15:00000000 x21:0000002e  x8:00000000
16930081ns          286184 1c008224 0bc72403 lw               x8, 188(x14)         x8=00000001 x14:10000434  PA:100004f0
16930140ns          286187 1c008228 428a07b3 p.mac            x15, x20, x8        x15=000000d4 x15:00000000 x20:000000d4  x8:00000001
16930160ns          286188 1c00822c 0fc72403 lw               x8, 252(x14)         x8=00000001 x14:10000434  PA:10000530
16930220ns          286191 1c008230 428087b3 p.mac            x15, x1, x8         x15=000001a9 x15:000000d4  x1:000000d5  x8:00000001
16930240ns          286192 1c008234 13c72403 lw               x8, 316(x14)         x8=00000000 x14:10000434  PA:10000570
16930299ns          286195 1c008238 428387b3 p.mac            x15, x7, x8         x15=000001a9 x15:000001a9  x7:0000002b  x8:00000000
16930319ns          286196 1c00823c 17c72403 lw               x8, 380(x14)         x8=00000000 x14:10000434  PA:100005b0
16930379ns          286199 1c008240 428287b3 p.mac            x15, x5, x8         x15=000001a9 x15:000001a9  x5:0000002a  x8:00000000
16930399ns          286200 1c008244 1bc72403 lw               x8, 444(x14)         x8=00000000 x14:10000434  PA:100005f0
16930458ns          286203 1c008248 428f87b3 p.mac            x15, x31, x8        x15=000001a9 x15:000001a9 x31:000000d8  x8:00000000
16930478ns          286204 1c00824c 1fc72403 lw               x8, 508(x14)         x8=00000000 x14:10000434  PA:10000630
16930538ns          286207 1c008250 428f07b3 p.mac            x15, x30, x8        x15=000001a9 x15:000001a9 x30:000000d9  x8:00000000
16930558ns          286208 1c008254 23c72403 lw               x8, 572(x14)         x8=00000000 x14:10000434  PA:10000670
16930618ns          286211 1c008258 428e87b3 p.mac            x15, x29, x8        x15=000001a9 x15:000001a9 x29:00000027  x8:00000000
16930637ns          286212 1c00825c 27c72403 lw               x8, 636(x14)         x8=00000001 x14:10000434  PA:100006b0
16930697ns          286215 1c008260 428e07b3 p.mac            x15, x28, x8        x15=000001cf x15:000001a9 x28:00000026  x8:00000001
16930717ns          286216 1c008264 2bc72403 lw               x8, 700(x14)         x8=00000000 x14:10000434  PA:100006f0
16930777ns          286219 1c008268 428307b3 p.mac            x15, x6, x8         x15=000001cf x15:000001cf  x6:000000dc  x8:00000000
16930797ns          286220 1c00826c 2fc72403 lw               x8, 764(x14)         x8=00000001 x14:10000434  PA:10000730
16930856ns          286223 1c008270 428887b3 p.mac            x15, x17, x8        x15=000002ac x15:000001cf x17:000000dd  x8:00000001
16930876ns          286224 1c008274 33c72403 lw               x8, 828(x14)         x8=00000000 x14:10000434  PA:10000770
16930936ns          286227 1c008278 428807b3 p.mac            x15, x16, x8        x15=000002ac x15:000002ac x16:00000023  x8:00000000
16930956ns          286228 1c00827c 37c72403 lw               x8, 892(x14)         x8=00000000 x14:10000434  PA:100007b0
16931015ns          286231 1c008280 428507b3 p.mac            x15, x10, x8        x15=000002ac x15:000002ac x10:00000022  x8:00000000
16931035ns          286232 1c008284 3bc72403 lw               x8, 956(x14)         x8=00000000 x14:10000434  PA:100007f0
16931095ns          286235 1c008288 428587b3 p.mac            x15, x11, x8        x15=000002ac x15:000002ac x11:000000e0  x8:00000000
16931115ns          286236 1c00828c 00f6222b p.sw             x15, 4(x12!)        x12=10000b74 x15:000002ac x12:10000b70  PA:10000b70
16931135ns          286237 1c008210 0047278b p.lw             x15, 4(x14!)        x15=00000000 x14=10000438 x14:10000434  PA:10000434
16931175ns          286239 1c008214 03c72403 lw               x8, 60(x14)          x8=00000000 x14:10000438  PA:10000474
16931194ns          286240 1c008216 02fb87b3 mul              x15, x23, x15       x15=00000000 x23:000000d1 x15:00000000
16931214ns          286241 1c00821a 428b07b3 p.mac            x15, x22, x8        x15=00000000 x15:00000000 x22:0000002f  x8:00000000
16931234ns          286242 1c00821e 07c72403 lw               x8, 124(x14)         x8=00000000 x14:10000438  PA:100004b4
16931314ns          286246 1c008220 428a87b3 p.mac            x15, x21, x8        x15=00000000 x15:00000000 x21:0000002e  x8:00000000
16931334ns          286247 1c008224 0bc72403 lw               x8, 188(x14)         x8=00000001 x14:10000438  PA:100004f4
16931393ns          286250 1c008228 428a07b3 p.mac            x15, x20, x8        x15=000000d4 x15:00000000 x20:000000d4  x8:00000001
16931413ns          286251 1c00822c 0fc72403 lw               x8, 252(x14)         x8=00000000 x14:10000438  PA:10000534
16931473ns          286254 1c008230 428087b3 p.mac            x15, x1, x8         x15=000000d4 x15:000000d4  x1:000000d5  x8:00000000
16931493ns          286255 1c008234 13c72403 lw               x8, 316(x14)         x8=00000000 x14:10000438  PA:10000574
16931552ns          286258 1c008238 428387b3 p.mac            x15, x7, x8         x15=000000d4 x15:000000d4  x7:0000002b  x8:00000000
16931572ns          286259 1c00823c 17c72403 lw               x8, 380(x14)         x8=00000000 x14:10000438  PA:100005b4
16931632ns          286262 1c008240 428287b3 p.mac            x15, x5, x8         x15=000000d4 x15:000000d4  x5:0000002a  x8:00000000
16931652ns          286263 1c008244 1bc72403 lw               x8, 444(x14)         x8=00000000 x14:10000438  PA:100005f4
16931712ns          286266 1c008248 428f87b3 p.mac            x15, x31, x8        x15=000000d4 x15:000000d4 x31:000000d8  x8:00000000
16931731ns          286267 1c00824c 1fc72403 lw               x8, 508(x14)         x8=00000000 x14:10000438  PA:10000634
16931791ns          286270 1c008250 428f07b3 p.mac            x15, x30, x8        x15=000000d4 x15:000000d4 x30:000000d9  x8:00000000
16931811ns          286271 1c008254 23c72403 lw               x8, 572(x14)         x8=00000000 x14:10000438  PA:10000674
16931871ns          286274 1c008258 428e87b3 p.mac            x15, x29, x8        x15=000000d4 x15:000000d4 x29:00000027  x8:00000000
16931891ns          286275 1c00825c 27c72403 lw               x8, 636(x14)         x8=00000000 x14:10000438  PA:100006b4
16931950ns          286278 1c008260 428e07b3 p.mac            x15, x28, x8        x15=000000d4 x15:000000d4 x28:00000026  x8:00000000
16931970ns          286279 1c008264 2bc72403 lw               x8, 700(x14)         x8=00000000 x14:10000438  PA:100006f4
16932030ns          286282 1c008268 428307b3 p.mac            x15, x6, x8         x15=000000d4 x15:000000d4  x6:000000dc  x8:00000000
16932050ns          286283 1c00826c 2fc72403 lw               x8, 764(x14)         x8=00000000 x14:10000438  PA:10000734
16932109ns          286286 1c008270 428887b3 p.mac            x15, x17, x8        x15=000000d4 x15:000000d4 x17:000000dd  x8:00000000
16932129ns          286287 1c008274 33c72403 lw               x8, 828(x14)         x8=00000000 x14:10000438  PA:10000774
16932189ns          286290 1c008278 428807b3 p.mac            x15, x16, x8        x15=000000d4 x15:000000d4 x16:00000023  x8:00000000
16932209ns          286291 1c00827c 37c72403 lw               x8, 892(x14)         x8=00000000 x14:10000438  PA:100007b4
16932268ns          286294 1c008280 428507b3 p.mac            x15, x10, x8        x15=000000d4 x15:000000d4 x10:00000022  x8:00000000
16932288ns          286295 1c008284 3bc72403 lw               x8, 956(x14)         x8=00000000 x14:10000438  PA:100007f4
16932348ns          286298 1c008288 428587b3 p.mac            x15, x11, x8        x15=000000d4 x15:000000d4 x11:000000e0  x8:00000000
16932368ns          286299 1c00828c 00f6222b p.sw             x15, 4(x12!)        x12=10000b78 x15:000000d4 x12:10000b74  PA:10000b74
16932388ns          286300 1c008210 0047278b p.lw             x15, 4(x14!)        x15=00000000 x14=1000043c x14:10000438  PA:10000438
16932428ns          286302 1c008214 03c72403 lw               x8, 60(x14)          x8=00000000 x14:1000043c  PA:10000478
16932448ns          286303 1c008216 02fb87b3 mul              x15, x23, x15       x15=00000000 x23:000000d1 x15:00000000
16932467ns          286304 1c00821a 428b07b3 p.mac            x15, x22, x8        x15=00000000 x15:00000000 x22:0000002f  x8:00000000
16932487ns          286305 1c00821e 07c72403 lw               x8, 124(x14)         x8=00000001 x14:1000043c  PA:100004b8
16932567ns          286309 1c008220 428a87b3 p.mac            x15, x21, x8        x15=0000002e x15:00000000 x21:0000002e  x8:00000001
16932587ns          286310 1c008224 0bc72403 lw               x8, 188(x14)         x8=00000000 x14:1000043c  PA:100004f8
16932646ns          286313 1c008228 428a07b3 p.mac            x15, x20, x8        x15=0000002e x15:0000002e x20:000000d4  x8:00000000
16932666ns          286314 1c00822c 0fc72403 lw               x8, 252(x14)         x8=00000000 x14:1000043c  PA:10000538
16932726ns          286317 1c008230 428087b3 p.mac            x15, x1, x8         x15=0000002e x15:0000002e  x1:000000d5  x8:00000000
16932746ns          286318 1c008234 13c72403 lw               x8, 316(x14)         x8=00000000 x14:1000043c  PA:10000578
16932806ns          286321 1c008238 428387b3 p.mac            x15, x7, x8         x15=0000002e x15:0000002e  x7:0000002b  x8:00000000
16932825ns          286322 1c00823c 17c72403 lw               x8, 380(x14)         x8=00000000 x14:1000043c  PA:100005b8
16932885ns          286325 1c008240 428287b3 p.mac            x15, x5, x8         x15=0000002e x15:0000002e  x5:0000002a  x8:00000000
16932905ns          286326 1c008244 1bc72403 lw               x8, 444(x14)         x8=00000001 x14:1000043c  PA:100005f8
16932965ns          286329 1c008248 428f87b3 p.mac            x15, x31, x8        x15=00000106 x15:0000002e x31:000000d8  x8:00000001
16932985ns          286330 1c00824c 1fc72403 lw               x8, 508(x14)         x8=00000001 x14:1000043c  PA:10000638
16933044ns          286333 1c008250 428f07b3 p.mac            x15, x30, x8        x15=000001df x15:00000106 x30:000000d9  x8:00000001
16933064ns          286334 1c008254 23c72403 lw               x8, 572(x14)         x8=00000000 x14:1000043c  PA:10000678
16933124ns          286337 1c008258 428e87b3 p.mac            x15, x29, x8        x15=000001df x15:000001df x29:00000027  x8:00000000
16933144ns          286338 1c00825c 27c72403 lw               x8, 636(x14)         x8=00000001 x14:1000043c  PA:100006b8
16933203ns          286341 1c008260 428e07b3 p.mac            x15, x28, x8        x15=00000205 x15:000001df x28:00000026  x8:00000001
16933223ns          286342 1c008264 2bc72403 lw               x8, 700(x14)         x8=00000000 x14:1000043c  PA:100006f8
16933283ns          286345 1c008268 428307b3 p.mac            x15, x6, x8         x15=00000205 x15:00000205  x6:000000dc  x8:00000000
16933303ns          286346 1c00826c 2fc72403 lw               x8, 764(x14)         x8=00000001 x14:1000043c  PA:10000738
16933362ns          286349 1c008270 428887b3 p.mac            x15, x17, x8        x15=000002e2 x15:00000205 x17:000000dd  x8:00000001
16933382ns          286350 1c008274 33c72403 lw               x8, 828(x14)         x8=00000000 x14:1000043c  PA:10000778
16933442ns          286353 1c008278 428807b3 p.mac            x15, x16, x8        x15=000002e2 x15:000002e2 x16:00000023  x8:00000000
16933462ns          286354 1c00827c 37c72403 lw               x8, 892(x14)         x8=00000000 x14:1000043c  PA:100007b8
16933522ns          286357 1c008280 428507b3 p.mac            x15, x10, x8        x15=000002e2 x15:000002e2 x10:00000022  x8:00000000
16933542ns          286358 1c008284 3bc72403 lw               x8, 956(x14)         x8=00000000 x14:1000043c  PA:100007f8
16933601ns          286361 1c008288 428587b3 p.mac            x15, x11, x8        x15=000002e2 x15:000002e2 x11:000000e0  x8:00000000
16933621ns          286362 1c00828c 00f6222b p.sw             x15, 4(x12!)        x12=10000b7c x15:000002e2 x12:10000b78  PA:10000b78
16933641ns          286363 1c008210 0047278b p.lw             x15, 4(x14!)        x15=00000000 x14=10000440 x14:1000043c  PA:1000043c
16933681ns          286365 1c008214 03c72403 lw               x8, 60(x14)          x8=00000000 x14:10000440  PA:1000047c
16933701ns          286366 1c008216 02fb87b3 mul              x15, x23, x15       x15=00000000 x23:000000d1 x15:00000000
16933721ns          286367 1c00821a 428b07b3 p.mac            x15, x22, x8        x15=00000000 x15:00000000 x22:0000002f  x8:00000000
16933740ns          286368 1c00821e 07c72403 lw               x8, 124(x14)         x8=00000000 x14:10000440  PA:100004bc
16933820ns          286372 1c008220 428a87b3 p.mac            x15, x21, x8        x15=00000000 x15:00000000 x21:0000002e  x8:00000000
16933840ns          286373 1c008224 0bc72403 lw               x8, 188(x14)         x8=00000000 x14:10000440  PA:100004fc
16933900ns          286376 1c008228 428a07b3 p.mac            x15, x20, x8        x15=00000000 x15:00000000 x20:000000d4  x8:00000000
16933919ns          286377 1c00822c 0fc72403 lw               x8, 252(x14)         x8=00000000 x14:10000440  PA:1000053c
16933979ns          286380 1c008230 428087b3 p.mac            x15, x1, x8         x15=00000000 x15:00000000  x1:000000d5  x8:00000000
16933999ns          286381 1c008234 13c72403 lw               x8, 316(x14)         x8=00000000 x14:10000440  PA:1000057c
16934059ns          286384 1c008238 428387b3 p.mac            x15, x7, x8         x15=00000000 x15:00000000  x7:0000002b  x8:00000000
16934079ns          286385 1c00823c 17c72403 lw               x8, 380(x14)         x8=00000000 x14:10000440  PA:100005bc
16934138ns          286388 1c008240 428287b3 p.mac            x15, x5, x8         x15=00000000 x15:00000000  x5:0000002a  x8:00000000
16934158ns          286389 1c008244 1bc72403 lw               x8, 444(x14)         x8=00000000 x14:10000440  PA:100005fc
16934218ns          286392 1c008248 428f87b3 p.mac            x15, x31, x8        x15=00000000 x15:00000000 x31:000000d8  x8:00000000
16934238ns          286393 1c00824c 1fc72403 lw               x8, 508(x14)         x8=00000000 x14:10000440  PA:1000063c
16934297ns          286396 1c008250 428f07b3 p.mac            x15, x30, x8        x15=00000000 x15:00000000 x30:000000d9  x8:00000000
16934317ns          286397 1c008254 23c72403 lw               x8, 572(x14)         x8=00000001 x14:10000440  PA:1000067c
16934377ns          286400 1c008258 428e87b3 p.mac            x15, x29, x8        x15=00000027 x15:00000000 x29:00000027  x8:00000001
16934397ns          286401 1c00825c 27c72403 lw               x8, 636(x14)         x8=00000000 x14:10000440  PA:100006bc
16934456ns          286404 1c008260 428e07b3 p.mac            x15, x28, x8        x15=00000027 x15:00000027 x28:00000026  x8:00000000
16934476ns          286405 1c008264 2bc72403 lw               x8, 700(x14)         x8=00000001 x14:10000440  PA:100006fc
16934536ns          286408 1c008268 428307b3 p.mac            x15, x6, x8         x15=00000103 x15:00000027  x6:000000dc  x8:00000001
16934556ns          286409 1c00826c 2fc72403 lw               x8, 764(x14)         x8=00000001 x14:10000440  PA:1000073c
16934616ns          286412 1c008270 428887b3 p.mac            x15, x17, x8        x15=000001e0 x15:00000103 x17:000000dd  x8:00000001
16934635ns          286413 1c008274 33c72403 lw               x8, 828(x14)         x8=00000000 x14:10000440  PA:1000077c
16934695ns          286416 1c008278 428807b3 p.mac            x15, x16, x8        x15=000001e0 x15:000001e0 x16:00000023  x8:00000000
16934715ns          286417 1c00827c 37c72403 lw               x8, 892(x14)         x8=00000001 x14:10000440  PA:100007bc
16934775ns          286420 1c008280 428507b3 p.mac            x15, x10, x8        x15=00000202 x15:000001e0 x10:00000022  x8:00000001
16934795ns          286421 1c008284 3bc72403 lw               x8, 956(x14)         x8=00000000 x14:10000440  PA:100007fc
16934854ns          286424 1c008288 428587b3 p.mac            x15, x11, x8        x15=00000202 x15:00000202 x11:000000e0  x8:00000000
16934874ns          286425 1c00828c 00f6222b p.sw             x15, 4(x12!)        x12=10000b80 x15:00000202 x12:10000b7c  PA:10000b7c
16934894ns          286426 1c008210 0047278b p.lw             x15, 4(x14!)        x15=00000000 x14=10000444 x14:10000440  PA:10000440
16934934ns          286428 1c008214 03c72403 lw               x8, 60(x14)          x8=00000000 x14:10000444  PA:10000480
16934954ns          286429 1c008216 02fb87b3 mul              x15, x23, x15       x15=00000000 x23:000000d1 x15:00000000
16934974ns          286430 1c00821a 428b07b3 p.mac            x15, x22, x8        x15=00000000 x15:00000000 x22:0000002f  x8:00000000
16934994ns          286431 1c00821e 07c72403 lw               x8, 124(x14)         x8=00000001 x14:10000444  PA:100004c0
16935073ns          286435 1c008220 428a87b3 p.mac            x15, x21, x8        x15=0000002e x15:00000000 x21:0000002e  x8:00000001
16935093ns          286436 1c008224 0bc72403 lw               x8, 188(x14)         x8=00000001 x14:10000444  PA:10000500
16935153ns          286439 1c008228 428a07b3 p.mac            x15, x20, x8        x15=00000102 x15:0000002e x20:000000d4  x8:00000001
16935173ns          286440 1c00822c 0fc72403 lw               x8, 252(x14)         x8=00000000 x14:10000444  PA:10000540
16935232ns          286443 1c008230 428087b3 p.mac            x15, x1, x8         x15=00000102 x15:00000102  x1:000000d5  x8:00000000
16935252ns          286444 1c008234 13c72403 lw               x8, 316(x14)         x8=00000000 x14:10000444  PA:10000580
16935312ns          286447 1c008238 428387b3 p.mac            x15, x7, x8         x15=00000102 x15:00000102  x7:0000002b  x8:00000000
16935332ns          286448 1c00823c 17c72403 lw               x8, 380(x14)         x8=00000000 x14:10000444  PA:100005c0
16935391ns          286451 1c008240 428287b3 p.mac            x15, x5, x8         x15=00000102 x15:00000102  x5:0000002a  x8:00000000
16935411ns          286452 1c008244 1bc72403 lw               x8, 444(x14)         x8=00000000 x14:10000444  PA:10000600
16935471ns          286455 1c008248 428f87b3 p.mac            x15, x31, x8        x15=00000102 x15:00000102 x31:000000d8  x8:00000000
16935491ns          286456 1c00824c 1fc72403 lw               x8, 508(x14)         x8=00000000 x14:10000444  PA:10000640
16935550ns          286459 1c008250 428f07b3 p.mac            x15, x30, x8        x15=00000102 x15:00000102 x30:000000d9  x8:00000000
16935570ns          286460 1c008254 23c72403 lw               x8, 572(x14)         x8=00000001 x14:10000444  PA:10000680
16935630ns          286463 1c008258 428e87b3 p.mac            x15, x29, x8        x15=00000129 x15:00000102 x29:00000027  x8:00000001
16935650ns          286464 1c00825c 27c72403 lw               x8, 636(x14)         x8=00000000 x14:10000444  PA:100006c0
16935710ns          286467 1c008260 428e07b3 p.mac            x15, x28, x8        x15=00000129 x15:00000129 x28:00000026  x8:00000000
16935729ns          286468 1c008264 2bc72403 lw               x8, 700(x14)         x8=00000001 x14:10000444  PA:10000700
16935789ns          286471 1c008268 428307b3 p.mac            x15, x6, x8         x15=00000205 x15:00000129  x6:000000dc  x8:00000001
16935809ns          286472 1c00826c 2fc72403 lw               x8, 764(x14)         x8=00000000 x14:10000444  PA:10000740
16935869ns          286475 1c008270 428887b3 p.mac            x15, x17, x8        x15=00000205 x15:00000205 x17:000000dd  x8:00000000
16935889ns          286476 1c008274 33c72403 lw               x8, 828(x14)         x8=00000000 x14:10000444  PA:10000780
16935948ns          286479 1c008278 428807b3 p.mac            x15, x16, x8        x15=00000205 x15:00000205 x16:00000023  x8:00000000
16935968ns          286480 1c00827c 37c72403 lw               x8, 892(x14)         x8=00000000 x14:10000444  PA:100007c0
16936028ns          286483 1c008280 428507b3 p.mac            x15, x10, x8        x15=00000205 x15:00000205 x10:00000022  x8:00000000
16936048ns          286484 1c008284 3bc72403 lw               x8, 956(x14)         x8=00000000 x14:10000444  PA:10000800
16936107ns          286487 1c008288 428587b3 p.mac            x15, x11, x8        x15=00000205 x15:00000205 x11:000000e0  x8:00000000
16936127ns          286488 1c00828c 00f6222b p.sw             x15, 4(x12!)        x12=10000b84 x15:00000205 x12:10000b80  PA:10000b80
16936147ns          286489 1c008290 001c0c13 addi             x24, x24, 1         x24=0000000e x24:0000000d
16936167ns          286490 1c008292 100c4c33 p.exths          x24, x24, x0        x24=0000000e x24:0000000e
16936187ns          286491 1c008296 01800633 add              x12, x0, x24        x12=0000000e x24:0000000e
16936207ns          286492 1c0081bc 00661613 slli             x12, x12, 0x6       x12=00000380 x12:0000000e
16936227ns          286493 1c0081be 00cd07b3 add              x15, x26, x12       x15=10000384 x26:10000004 x12:00000380
16936247ns          286494 1c0081c2 0007ab83 lw               x23, 0(x15)         x23=000000e1 x15:10000384  PA:10000384
16936267ns          286495 1c0081c6 0047ab03 lw               x22, 4(x15)         x22=0000001f x15:10000384  PA:10000388
16936286ns          286496 1c0081ca 0087aa83 lw               x21, 8(x15)         x21=0000001e x15:10000384  PA:1000038c
16936306ns          286497 1c0081ce 00c7aa03 lw               x20, 12(x15)        x20=000000e4 x15:10000384  PA:10000390
16936326ns          286498 1c0081d2 0107a083 lw               x1, 16(x15)          x1=000000e5 x15:10000384  PA:10000394
16936346ns          286499 1c0081d6 0147a383 lw               x7, 20(x15)          x7=0000001b x15:10000384  PA:10000398
16936366ns          286500 1c0081da 0187a283 lw               x5, 24(x15)          x5=0000001a x15:10000384  PA:1000039c
16936386ns          286501 1c0081de 01c7af83 lw               x31, 28(x15)        x31=000000e8 x15:10000384  PA:100003a0
16936406ns          286502 1c0081e2 0207af03 lw               x30, 32(x15)        x30=000000e9 x15:10000384  PA:100003a4
16936426ns          286503 1c0081e6 0247ae83 lw               x29, 36(x15)        x29=00000017 x15:10000384  PA:100003a8
16936446ns          286504 1c0081ea 0287ae03 lw               x28, 40(x15)        x28=00000016 x15:10000384  PA:100003ac
16936465ns          286505 1c0081ee 02c7a303 lw               x6, 44(x15)          x6=000000ec x15:10000384  PA:100003b0
16936485ns          286506 1c0081f2 0307a883 lw               x17, 48(x15)        x17=000000ed x15:10000384  PA:100003b4
16936505ns          286507 1c0081f6 0347a803 lw               x16, 52(x15)        x16=00000013 x15:10000384  PA:100003b8
16936525ns          286508 1c0081fa 0387a503 lw               x10, 56(x15)        x10=00000012 x15:10000384  PA:100003bc
16936545ns          286509 1c0081fc 03c7a583 lw               x11, 60(x15)        x11=000000f0 x15:10000384  PA:100003c0
16936565ns          286510 1c0081fe 100017b7 lui              x15, 0x10001000     x15=10001000
16936585ns          286511 1c008202 80478793 addi             x15, x15, -2044     x15=10000804 x15:10001000
16936605ns          286512 1c008206 01900733 add              x14, x0, x25        x14=10000404 x25:10000404
16936625ns          286513 1c008208 00f60633 add              x12, x12, x15       x12=10000b84 x12:00000380 x15:10000804
16936644ns          286514 1c00820a 01000693 addi             x13, x0, 16         x13=00000010
16936664ns          286515 1c00820c 0406c0fb lp.setup         0x1, x13, 0x40      x13:00000010
16936684ns          286516 1c008210 0047278b p.lw             x15, 4(x14!)        x15=00000001 x14=10000408 x14:10000404  PA:10000404
16936724ns          286518 1c008214 03c72403 lw               x8, 60(x14)          x8=00000000 x14:10000408  PA:10000444
16936744ns          286519 1c008216 02fb87b3 mul              x15, x23, x15       x15=000000e1 x23:000000e1 x15:00000001
16936764ns          286520 1c00821a 428b07b3 p.mac            x15, x22, x8        x15=000000e1 x15:000000e1 x22:0000001f  x8:00000000
16936784ns          286521 1c00821e 07c72403 lw               x8, 124(x14)         x8=00000001 x14:10000408  PA:10000484
16936863ns          286525 1c008220 428a87b3 p.mac            x15, x21, x8        x15=000000ff x15:000000e1 x21:0000001e  x8:00000001
16936883ns          286526 1c008224 0bc72403 lw               x8, 188(x14)         x8=00000000 x14:10000408  PA:100004c4
16936943ns          286529 1c008228 428a07b3 p.mac            x15, x20, x8        x15=000000ff x15:000000ff x20:000000e4  x8:00000000
16936963ns          286530 1c00822c 0fc72403 lw               x8, 252(x14)         x8=00000000 x14:10000408  PA:10000504
16937022ns          286533 1c008230 428087b3 p.mac            x15, x1, x8         x15=000000ff x15:000000ff  x1:000000e5  x8:00000000
16937042ns          286534 1c008234 13c72403 lw               x8, 316(x14)         x8=00000001 x14:10000408  PA:10000544
16937102ns          286537 1c008238 428387b3 p.mac            x15, x7, x8         x15=0000011a x15:000000ff  x7:0000001b  x8:00000001
16937122ns          286538 1c00823c 17c72403 lw               x8, 380(x14)         x8=00000000 x14:10000408  PA:10000584
16937182ns          286541 1c008240 428287b3 p.mac            x15, x5, x8         x15=0000011a x15:0000011a  x5:0000001a  x8:00000000
16937201ns          286542 1c008244 1bc72403 lw               x8, 444(x14)         x8=00000000 x14:10000408  PA:100005c4
16937261ns          286545 1c008248 428f87b3 p.mac            x15, x31, x8        x15=0000011a x15:0000011a x31:000000e8  x8:00000000
16937281ns          286546 1c00824c 1fc72403 lw               x8, 508(x14)         x8=00000000 x14:10000408  PA:10000604
16937341ns          286549 1c008250 428f07b3 p.mac            x15, x30, x8        x15=0000011a x15:0000011a x30:000000e9  x8:00000000
16937361ns          286550 1c008254 23c72403 lw               x8, 572(x14)         x8=00000000 x14:10000408  PA:10000644
16937420ns          286553 1c008258 428e87b3 p.mac            x15, x29, x8        x15=0000011a x15:0000011a x29:00000017  x8:00000000
16937440ns          286554 1c00825c 27c72403 lw               x8, 636(x14)         x8=00000000 x14:10000408  PA:10000684
16937500ns          286557 1c008260 428e07b3 p.mac            x15, x28, x8        x15=0000011a x15:0000011a x28:00000016  x8:00000000
16937520ns          286558 1c008264 2bc72403 lw               x8, 700(x14)         x8=00000001 x14:10000408  PA:100006c4
16937579ns          286561 1c008268 428307b3 p.mac            x15, x6, x8         x15=00000206 x15:0000011a  x6:000000ec  x8:00000001
16937599ns          286562 1c00826c 2fc72403 lw               x8, 764(x14)         x8=00000000 x14:10000408  PA:10000704
16937659ns          286565 1c008270 428887b3 p.mac            x15, x17, x8        x15=00000206 x15:00000206 x17:000000ed  x8:00000000
16937679ns          286566 1c008274 33c72403 lw               x8, 828(x14)         x8=00000000 x14:10000408  PA:10000744
16937738ns          286569 1c008278 428807b3 p.mac            x15, x16, x8        x15=00000206 x15:00000206 x16:00000013  x8:00000000
16937758ns          286570 1c00827c 37c72403 lw               x8, 892(x14)         x8=00000000 x14:10000408  PA:10000784
16937818ns          286573 1c008280 428507b3 p.mac            x15, x10, x8        x15=00000206 x15:00000206 x10:00000012  x8:00000000
16937838ns          286574 1c008284 3bc72403 lw               x8, 956(x14)         x8=00000000 x14:10000408  PA:100007c4
16937898ns          286577 1c008288 428587b3 p.mac            x15, x11, x8        x15=00000206 x15:00000206 x11:000000f0  x8:00000000
16937917ns          286578 1c00828c 00f6222b p.sw             x15, 4(x12!)        x12=10000b88 x15:00000206 x12:10000b84  PA:10000b84
16937937ns          286579 1c008210 0047278b p.lw             x15, 4(x14!)        x15=00000000 x14=1000040c x14:10000408  PA:10000408
16937977ns          286581 1c008214 03c72403 lw               x8, 60(x14)          x8=00000000 x14:1000040c  PA:10000448
16937997ns          286582 1c008216 02fb87b3 mul              x15, x23, x15       x15=00000000 x23:000000e1 x15:00000000
16938017ns          286583 1c00821a 428b07b3 p.mac            x15, x22, x8        x15=00000000 x15:00000000 x22:0000001f  x8:00000000
16938037ns          286584 1c00821e 07c72403 lw               x8, 124(x14)         x8=00000001 x14:1000040c  PA:10000488
16938116ns          286588 1c008220 428a87b3 p.mac            x15, x21, x8        x15=0000001e x15:00000000 x21:0000001e  x8:00000001
16938136ns          286589 1c008224 0bc72403 lw               x8, 188(x14)         x8=00000000 x14:1000040c  PA:100004c8
16938196ns          286592 1c008228 428a07b3 p.mac            x15, x20, x8        x15=0000001e x15:0000001e x20:000000e4  x8:00000000
16938216ns          286593 1c00822c 0fc72403 lw               x8, 252(x14)         x8=00000000 x14:1000040c  PA:10000508
16938276ns          286596 1c008230 428087b3 p.mac            x15, x1, x8         x15=0000001e x15:0000001e  x1:000000e5  x8:00000000
16938295ns          286597 1c008234 13c72403 lw               x8, 316(x14)         x8=00000000 x14:1000040c  PA:10000548
16938355ns          286600 1c008238 428387b3 p.mac            x15, x7, x8         x15=0000001e x15:0000001e  x7:0000001b  x8:00000000
16938375ns          286601 1c00823c 17c72403 lw               x8, 380(x14)         x8=00000000 x14:1000040c  PA:10000588
16938435ns          286604 1c008240 428287b3 p.mac            x15, x5, x8         x15=0000001e x15:0000001e  x5:0000001a  x8:00000000
16938455ns          286605 1c008244 1bc72403 lw               x8, 444(x14)         x8=00000000 x14:1000040c  PA:100005c8
16938514ns          286608 1c008248 428f87b3 p.mac            x15, x31, x8        x15=0000001e x15:0000001e x31:000000e8  x8:00000000
16938534ns          286609 1c00824c 1fc72403 lw               x8, 508(x14)         x8=00000000 x14:1000040c  PA:10000608
16938594ns          286612 1c008250 428f07b3 p.mac            x15, x30, x8        x15=0000001e x15:0000001e x30:000000e9  x8:00000000
16938614ns          286613 1c008254 23c72403 lw               x8, 572(x14)         x8=00000000 x14:1000040c  PA:10000648
16938673ns          286616 1c008258 428e87b3 p.mac            x15, x29, x8        x15=0000001e x15:0000001e x29:00000017  x8:00000000
16938693ns          286617 1c00825c 27c72403 lw               x8, 636(x14)         x8=00000000 x14:1000040c  PA:10000688
16938753ns          286620 1c008260 428e07b3 p.mac            x15, x28, x8        x15=0000001e x15:0000001e x28:00000016  x8:00000000
16938773ns          286621 1c008264 2bc72403 lw               x8, 700(x14)         x8=00000001 x14:1000040c  PA:100006c8
16938832ns          286624 1c008268 428307b3 p.mac            x15, x6, x8         x15=0000010a x15:0000001e  x6:000000ec  x8:00000001
16938852ns          286625 1c00826c 2fc72403 lw               x8, 764(x14)         x8=00000000 x14:1000040c  PA:10000708
16938912ns          286628 1c008270 428887b3 p.mac            x15, x17, x8        x15=0000010a x15:0000010a x17:000000ed  x8:00000000
16938932ns          286629 1c008274 33c72403 lw               x8, 828(x14)         x8=00000001 x14:1000040c  PA:10000748
16938992ns          286632 1c008278 428807b3 p.mac            x15, x16, x8        x15=0000011d x15:0000010a x16:00000013  x8:00000001
16939011ns          286633 1c00827c 37c72403 lw               x8, 892(x14)         x8=00000000 x14:1000040c  PA:10000788
16939071ns          286636 1c008280 428507b3 p.mac            x15, x10, x8        x15=0000011d x15:0000011d x10:00000012  x8:00000000
16939091ns          286637 1c008284 3bc72403 lw               x8, 956(x14)         x8=00000001 x14:1000040c  PA:100007c8
16939151ns          286640 1c008288 428587b3 p.mac            x15, x11, x8        x15=0000020d x15:0000011d x11:000000f0  x8:00000001
16939171ns          286641 1c00828c 00f6222b p.sw             x15, 4(x12!)        x12=10000b8c x15:0000020d x12:10000b88  PA:10000b88
16939190ns          286642 1c008210 0047278b p.lw             x15, 4(x14!)        x15=00000000 x14=10000410 x14:1000040c  PA:1000040c
16939230ns          286644 1c008214 03c72403 lw               x8, 60(x14)          x8=00000000 x14:10000410  PA:1000044c
16939250ns          286645 1c008216 02fb87b3 mul              x15, x23, x15       x15=00000000 x23:000000e1 x15:00000000
16939270ns          286646 1c00821a 428b07b3 p.mac            x15, x22, x8        x15=00000000 x15:00000000 x22:0000001f  x8:00000000
16939290ns          286647 1c00821e 07c72403 lw               x8, 124(x14)         x8=00000001 x14:10000410  PA:1000048c
16939369ns          286651 1c008220 428a87b3 p.mac            x15, x21, x8        x15=0000001e x15:00000000 x21:0000001e  x8:00000001
16939389ns          286652 1c008224 0bc72403 lw               x8, 188(x14)         x8=00000000 x14:10000410  PA:100004cc
16939449ns          286655 1c008228 428a07b3 p.mac            x15, x20, x8        x15=0000001e x15:0000001e x20:000000e4  x8:00000000
16939469ns          286656 1c00822c 0fc72403 lw               x8, 252(x14)         x8=00000000 x14:10000410  PA:1000050c
16939529ns          286659 1c008230 428087b3 p.mac            x15, x1, x8         x15=0000001e x15:0000001e  x1:000000e5  x8:00000000
16939549ns          286660 1c008234 13c72403 lw               x8, 316(x14)         x8=00000000 x14:10000410  PA:1000054c
16939608ns          286663 1c008238 428387b3 p.mac            x15, x7, x8         x15=0000001e x15:0000001e  x7:0000001b  x8:00000000
16939628ns          286664 1c00823c 17c72403 lw               x8, 380(x14)         x8=00000000 x14:10000410  PA:1000058c
16939688ns          286667 1c008240 428287b3 p.mac            x15, x5, x8         x15=0000001e x15:0000001e  x5:0000001a  x8:00000000
16939708ns          286668 1c008244 1bc72403 lw               x8, 444(x14)         x8=00000000 x14:10000410  PA:100005cc
16939767ns          286671 1c008248 428f87b3 p.mac            x15, x31, x8        x15=0000001e x15:0000001e x31:000000e8  x8:00000000
16939787ns          286672 1c00824c 1fc72403 lw               x8, 508(x14)         x8=00000000 x14:10000410  PA:1000060c
16939847ns          286675 1c008250 428f07b3 p.mac            x15, x30, x8        x15=0000001e x15:0000001e x30:000000e9  x8:00000000
16939867ns          286676 1c008254 23c72403 lw               x8, 572(x14)         x8=00000000 x14:10000410  PA:1000064c
16939926ns          286679 1c008258 428e87b3 p.mac            x15, x29, x8        x15=0000001e x15:0000001e x29:00000017  x8:00000000
16939946ns          286680 1c00825c 27c72403 lw               x8, 636(x14)         x8=00000001 x14:10000410  PA:1000068c
16940006ns          286683 1c008260 428e07b3 p.mac            x15, x28, x8        x15=00000034 x15:0000001e x28:00000016  x8:00000001
16940026ns          286684 1c008264 2bc72403 lw               x8, 700(x14)         x8=00000000 x14:10000410  PA:100006cc
16940086ns          286687 1c008268 428307b3 p.mac            x15, x6, x8         x15=00000034 x15:00000034  x6:000000ec  x8:00000000
16940105ns          286688 1c00826c 2fc72403 lw               x8, 764(x14)         x8=00000000 x14:10000410  PA:1000070c
16940165ns          286691 1c008270 428887b3 p.mac            x15, x17, x8        x15=00000034 x15:00000034 x17:000000ed  x8:00000000
16940185ns          286692 1c008274 33c72403 lw               x8, 828(x14)         x8=00000000 x14:10000410  PA:1000074c
16940245ns          286695 1c008278 428807b3 p.mac            x15, x16, x8        x15=00000034 x15:00000034 x16:00000013  x8:00000000
16940265ns          286696 1c00827c 37c72403 lw               x8, 892(x14)         x8=00000000 x14:10000410  PA:1000078c
16940324ns          286699 1c008280 428507b3 p.mac            x15, x10, x8        x15=00000034 x15:00000034 x10:00000012  x8:00000000
16940344ns          286700 1c008284 3bc72403 lw               x8, 956(x14)         x8=00000000 x14:10000410  PA:100007cc
16940404ns          286703 1c008288 428587b3 p.mac            x15, x11, x8        x15=00000034 x15:00000034 x11:000000f0  x8:00000000
16940424ns          286704 1c00828c 00f6222b p.sw             x15, 4(x12!)        x12=10000b90 x15:00000034 x12:10000b8c  PA:10000b8c
16940444ns          286705 1c008210 0047278b p.lw             x15, 4(x14!)        x15=00000001 x14=10000414 x14:10000410  PA:10000410
16940483ns          286707 1c008214 03c72403 lw               x8, 60(x14)          x8=00000000 x14:10000414  PA:10000450
16940503ns          286708 1c008216 02fb87b3 mul              x15, x23, x15       x15=000000e1 x23:000000e1 x15:00000001
16940523ns          286709 1c00821a 428b07b3 p.mac            x15, x22, x8        x15=000000e1 x15:000000e1 x22:0000001f  x8:00000000
16940543ns          286710 1c00821e 07c72403 lw               x8, 124(x14)         x8=00000000 x14:10000414  PA:10000490
16940623ns          286714 1c008220 428a87b3 p.mac            x15, x21, x8        x15=000000e1 x15:000000e1 x21:0000001e  x8:00000000
16940643ns          286715 1c008224 0bc72403 lw               x8, 188(x14)         x8=00000000 x14:10000414  PA:100004d0
16940702ns          286718 1c008228 428a07b3 p.mac            x15, x20, x8        x15=000000e1 x15:000000e1 x20:000000e4  x8:00000000
16940722ns          286719 1c00822c 0fc72403 lw               x8, 252(x14)         x8=00000000 x14:10000414  PA:10000510
16940782ns          286722 1c008230 428087b3 p.mac            x15, x1, x8         x15=000000e1 x15:000000e1  x1:000000e5  x8:00000000
16940802ns          286723 1c008234 13c72403 lw               x8, 316(x14)         x8=00000000 x14:10000414  PA:10000550
16940861ns          286726 1c008238 428387b3 p.mac            x15, x7, x8         x15=000000e1 x15:000000e1  x7:0000001b  x8:00000000
16940881ns          286727 1c00823c 17c72403 lw               x8, 380(x14)         x8=00000000 x14:10000414  PA:10000590
16940941ns          286730 1c008240 428287b3 p.mac            x15, x5, x8         x15=000000e1 x15:000000e1  x5:0000001a  x8:00000000
16940961ns          286731 1c008244 1bc72403 lw               x8, 444(x14)         x8=00000000 x14:10000414  PA:100005d0
16941020ns          286734 1c008248 428f87b3 p.mac            x15, x31, x8        x15=000000e1 x15:000000e1 x31:000000e8  x8:00000000
16941040ns          286735 1c00824c 1fc72403 lw               x8, 508(x14)         x8=00000000 x14:10000414  PA:10000610
16941100ns          286738 1c008250 428f07b3 p.mac            x15, x30, x8        x15=000000e1 x15:000000e1 x30:000000e9  x8:00000000
16941120ns          286739 1c008254 23c72403 lw               x8, 572(x14)         x8=00000000 x14:10000414  PA:10000650
16941180ns          286742 1c008258 428e87b3 p.mac            x15, x29, x8        x15=000000e1 x15:000000e1 x29:00000017  x8:00000000
16941199ns          286743 1c00825c 27c72403 lw               x8, 636(x14)         x8=00000001 x14:10000414  PA:10000690
16941259ns          286746 1c008260 428e07b3 p.mac            x15, x28, x8        x15=000000f7 x15:000000e1 x28:00000016  x8:00000001
16941279ns          286747 1c008264 2bc72403 lw               x8, 700(x14)         x8=00000000 x14:10000414  PA:100006d0
16941339ns          286750 1c008268 428307b3 p.mac            x15, x6, x8         x15=000000f7 x15:000000f7  x6:000000ec  x8:00000000
16941359ns          286751 1c00826c 2fc72403 lw               x8, 764(x14)         x8=00000001 x14:10000414  PA:10000710
16941418ns          286754 1c008270 428887b3 p.mac            x15, x17, x8        x15=000001e4 x15:000000f7 x17:000000ed  x8:00000001
16941438ns          286755 1c008274 33c72403 lw               x8, 828(x14)         x8=00000000 x14:10000414  PA:10000750
16941498ns          286758 1c008278 428807b3 p.mac            x15, x16, x8        x15=000001e4 x15:000001e4 x16:00000013  x8:00000000
16941518ns          286759 1c00827c 37c72403 lw               x8, 892(x14)         x8=00000000 x14:10000414  PA:10000790
16941577ns          286762 1c008280 428507b3 p.mac            x15, x10, x8        x15=000001e4 x15:000001e4 x10:00000012  x8:00000000
16941597ns          286763 1c008284 3bc72403 lw               x8, 956(x14)         x8=00000000 x14:10000414  PA:100007d0
16941657ns          286766 1c008288 428587b3 p.mac            x15, x11, x8        x15=000001e4 x15:000001e4 x11:000000f0  x8:00000000
16941677ns          286767 1c00828c 00f6222b p.sw             x15, 4(x12!)        x12=10000b94 x15:000001e4 x12:10000b90  PA:10000b90
16941697ns          286768 1c008210 0047278b p.lw             x15, 4(x14!)        x15=00000000 x14=10000418 x14:10000414  PA:10000414
16941736ns          286770 1c008214 03c72403 lw               x8, 60(x14)          x8=00000000 x14:10000418  PA:10000454
16941756ns          286771 1c008216 02fb87b3 mul              x15, x23, x15       x15=00000000 x23:000000e1 x15:00000000
16941776ns          286772 1c00821a 428b07b3 p.mac            x15, x22, x8        x15=00000000 x15:00000000 x22:0000001f  x8:00000000
16941796ns          286773 1c00821e 07c72403 lw               x8, 124(x14)         x8=00000000 x14:10000418  PA:10000494
16941876ns          286777 1c008220 428a87b3 p.mac            x15, x21, x8        x15=00000000 x15:00000000 x21:0000001e  x8:00000000
16941896ns          286778 1c008224 0bc72403 lw               x8, 188(x14)         x8=00000000 x14:10000418  PA:100004d4
16941955ns          286781 1c008228 428a07b3 p.mac            x15, x20, x8        x15=00000000 x15:00000000 x20:000000e4  x8:00000000
16941975ns          286782 1c00822c 0fc72403 lw               x8, 252(x14)         x8=00000001 x14:10000418  PA:10000514
16942035ns          286785 1c008230 428087b3 p.mac            x15, x1, x8         x15=000000e5 x15:00000000  x1:000000e5  x8:00000001
16942055ns          286786 1c008234 13c72403 lw               x8, 316(x14)         x8=00000000 x14:10000418  PA:10000554
16942114ns          286789 1c008238 428387b3 p.mac            x15, x7, x8         x15=000000e5 x15:000000e5  x7:0000001b  x8:00000000
16942134ns          286790 1c00823c 17c72403 lw               x8, 380(x14)         x8=00000000 x14:10000418  PA:10000594
16942194ns          286793 1c008240 428287b3 p.mac            x15, x5, x8         x15=000000e5 x15:000000e5  x5:0000001a  x8:00000000
16942214ns          286794 1c008244 1bc72403 lw               x8, 444(x14)         x8=00000000 x14:10000418  PA:100005d4
16942274ns          286797 1c008248 428f87b3 p.mac            x15, x31, x8        x15=000000e5 x15:000000e5 x31:000000e8  x8:00000000
16942293ns          286798 1c00824c 1fc72403 lw               x8, 508(x14)         x8=00000000 x14:10000418  PA:10000614
16942353ns          286801 1c008250 428f07b3 p.mac            x15, x30, x8        x15=000000e5 x15:000000e5 x30:000000e9  x8:00000000
16942373ns          286802 1c008254 23c72403 lw               x8, 572(x14)         x8=00000001 x14:10000418  PA:10000654
16942433ns          286805 1c008258 428e87b3 p.mac            x15, x29, x8        x15=000000fc x15:000000e5 x29:00000017  x8:00000001
16942453ns          286806 1c00825c 27c72403 lw               x8, 636(x14)         x8=00000000 x14:10000418  PA:10000694
16942512ns          286809 1c008260 428e07b3 p.mac            x15, x28, x8        x15=000000fc x15:000000fc x28:00000016  x8:00000000
16942532ns          286810 1c008264 2bc72403 lw               x8, 700(x14)         x8=00000000 x14:10000418  PA:100006d4
16942592ns          286813 1c008268 428307b3 p.mac            x15, x6, x8         x15=000000fc x15:000000fc  x6:000000ec  x8:00000000
16942612ns          286814 1c00826c 2fc72403 lw               x8, 764(x14)         x8=00000000 x14:10000418  PA:10000714
16942671ns          286817 1c008270 428887b3 p.mac            x15, x17, x8        x15=000000fc x15:000000fc x17:000000ed  x8:00000000
16942691ns          286818 1c008274 33c72403 lw               x8, 828(x14)         x8=00000000 x14:10000418  PA:10000754
16942751ns          286821 1c008278 428807b3 p.mac            x15, x16, x8        x15=000000fc x15:000000fc x16:00000013  x8:00000000
16942771ns          286822 1c00827c 37c72403 lw               x8, 892(x14)         x8=00000000 x14:10000418  PA:10000794
16942830ns          286825 1c008280 428507b3 p.mac            x15, x10, x8        x15=000000fc x15:000000fc x10:00000012  x8:00000000
16942850ns          286826 1c008284 3bc72403 lw               x8, 956(x14)         x8=00000000 x14:10000418  PA:100007d4
16942910ns          286829 1c008288 428587b3 p.mac            x15, x11, x8        x15=000000fc x15:000000fc x11:000000f0  x8:00000000
16942930ns          286830 1c00828c 00f6222b p.sw             x15, 4(x12!)        x12=10000b98 x15:000000fc x12:10000b94  PA:10000b94
16942950ns          286831 1c008210 0047278b p.lw             x15, 4(x14!)        x15=00000000 x14=1000041c x14:10000418  PA:10000418
16942990ns          286833 1c008214 03c72403 lw               x8, 60(x14)          x8=00000000 x14:1000041c  PA:10000458
16943010ns          286834 1c008216 02fb87b3 mul              x15, x23, x15       x15=00000000 x23:000000e1 x15:00000000
16943029ns          286835 1c00821a 428b07b3 p.mac            x15, x22, x8        x15=00000000 x15:00000000 x22:0000001f  x8:00000000
16943049ns          286836 1c00821e 07c72403 lw               x8, 124(x14)         x8=00000000 x14:1000041c  PA:10000498
16943129ns          286840 1c008220 428a87b3 p.mac            x15, x21, x8        x15=00000000 x15:00000000 x21:0000001e  x8:00000000
16943149ns          286841 1c008224 0bc72403 lw               x8, 188(x14)         x8=00000000 x14:1000041c  PA:100004d8
16943208ns          286844 1c008228 428a07b3 p.mac            x15, x20, x8        x15=00000000 x15:00000000 x20:000000e4  x8:00000000
16943228ns          286845 1c00822c 0fc72403 lw               x8, 252(x14)         x8=00000000 x14:1000041c  PA:10000518
16943288ns          286848 1c008230 428087b3 p.mac            x15, x1, x8         x15=00000000 x15:00000000  x1:000000e5  x8:00000000
16943308ns          286849 1c008234 13c72403 lw               x8, 316(x14)         x8=00000000 x14:1000041c  PA:10000558
16943368ns          286852 1c008238 428387b3 p.mac            x15, x7, x8         x15=00000000 x15:00000000  x7:0000001b  x8:00000000
16943387ns          286853 1c00823c 17c72403 lw               x8, 380(x14)         x8=00000000 x14:1000041c  PA:10000598
16943447ns          286856 1c008240 428287b3 p.mac            x15, x5, x8         x15=00000000 x15:00000000  x5:0000001a  x8:00000000
16943467ns          286857 1c008244 1bc72403 lw               x8, 444(x14)         x8=00000000 x14:1000041c  PA:100005d8
16943527ns          286860 1c008248 428f87b3 p.mac            x15, x31, x8        x15=00000000 x15:00000000 x31:000000e8  x8:00000000
16943547ns          286861 1c00824c 1fc72403 lw               x8, 508(x14)         x8=00000000 x14:1000041c  PA:10000618
16943606ns          286864 1c008250 428f07b3 p.mac            x15, x30, x8        x15=00000000 x15:00000000 x30:000000e9  x8:00000000
16943626ns          286865 1c008254 23c72403 lw               x8, 572(x14)         x8=00000000 x14:1000041c  PA:10000658
16943686ns          286868 1c008258 428e87b3 p.mac            x15, x29, x8        x15=00000000 x15:00000000 x29:00000017  x8:00000000
16943706ns          286869 1c00825c 27c72403 lw               x8, 636(x14)         x8=00000000 x14:1000041c  PA:10000698
16943765ns          286872 1c008260 428e07b3 p.mac            x15, x28, x8        x15=00000000 x15:00000000 x28:00000016  x8:00000000
16943785ns          286873 1c008264 2bc72403 lw               x8, 700(x14)         x8=00000000 x14:1000041c  PA:100006d8
16943845ns          286876 1c008268 428307b3 p.mac            x15, x6, x8         x15=00000000 x15:00000000  x6:000000ec  x8:00000000
16943865ns          286877 1c00826c 2fc72403 lw               x8, 764(x14)         x8=00000000 x14:1000041c  PA:10000718
16943924ns          286880 1c008270 428887b3 p.mac            x15, x17, x8        x15=00000000 x15:00000000 x17:000000ed  x8:00000000
16943944ns          286881 1c008274 33c72403 lw               x8, 828(x14)         x8=00000000 x14:1000041c  PA:10000758
16944004ns          286884 1c008278 428807b3 p.mac            x15, x16, x8        x15=00000000 x15:00000000 x16:00000013  x8:00000000
16944024ns          286885 1c00827c 37c72403 lw               x8, 892(x14)         x8=00000000 x14:1000041c  PA:10000798
16944084ns          286888 1c008280 428507b3 p.mac            x15, x10, x8        x15=00000000 x15:00000000 x10:00000012  x8:00000000
16944103ns          286889 1c008284 3bc72403 lw               x8, 956(x14)         x8=00000000 x14:1000041c  PA:100007d8
16944163ns          286892 1c008288 428587b3 p.mac            x15, x11, x8        x15=00000000 x15:00000000 x11:000000f0  x8:00000000
16944183ns          286893 1c00828c 00f6222b p.sw             x15, 4(x12!)        x12=10000b9c x15:00000000 x12:10000b98  PA:10000b98
16944203ns          286894 1c008210 0047278b p.lw             x15, 4(x14!)        x15=00000000 x14=10000420 x14:1000041c  PA:1000041c
16944243ns          286896 1c008214 03c72403 lw               x8, 60(x14)          x8=00000001 x14:10000420  PA:1000045c
16944263ns          286897 1c008216 02fb87b3 mul              x15, x23, x15       x15=00000000 x23:000000e1 x15:00000000
16944283ns          286898 1c00821a 428b07b3 p.mac            x15, x22, x8        x15=0000001f x15:00000000 x22:0000001f  x8:00000001
16944302ns          286899 1c00821e 07c72403 lw               x8, 124(x14)         x8=00000001 x14:10000420  PA:1000049c
16944382ns          286903 1c008220 428a87b3 p.mac            x15, x21, x8        x15=0000003d x15:0000001f x21:0000001e  x8:00000001
16944402ns          286904 1c008224 0bc72403 lw               x8, 188(x14)         x8=00000000 x14:10000420  PA:100004dc
16944462ns          286907 1c008228 428a07b3 p.mac            x15, x20, x8        x15=0000003d x15:0000003d x20:000000e4  x8:00000000
16944481ns          286908 1c00822c 0fc72403 lw               x8, 252(x14)         x8=00000000 x14:10000420  PA:1000051c
16944541ns          286911 1c008230 428087b3 p.mac            x15, x1, x8         x15=0000003d x15:0000003d  x1:000000e5  x8:00000000
16944561ns          286912 1c008234 13c72403 lw               x8, 316(x14)         x8=00000001 x14:10000420  PA:1000055c
16944621ns          286915 1c008238 428387b3 p.mac            x15, x7, x8         x15=00000058 x15:0000003d  x7:0000001b  x8:00000001
16944641ns          286916 1c00823c 17c72403 lw               x8, 380(x14)         x8=00000000 x14:10000420  PA:1000059c
16944700ns          286919 1c008240 428287b3 p.mac            x15, x5, x8         x15=00000058 x15:00000058  x5:0000001a  x8:00000000
16944720ns          286920 1c008244 1bc72403 lw               x8, 444(x14)         x8=00000000 x14:10000420  PA:100005dc
16944780ns          286923 1c008248 428f87b3 p.mac            x15, x31, x8        x15=00000058 x15:00000058 x31:000000e8  x8:00000000
16944800ns          286924 1c00824c 1fc72403 lw               x8, 508(x14)         x8=00000000 x14:10000420  PA:1000061c
16944859ns          286927 1c008250 428f07b3 p.mac            x15, x30, x8        x15=00000058 x15:00000058 x30:000000e9  x8:00000000
16944879ns          286928 1c008254 23c72403 lw               x8, 572(x14)         x8=00000000 x14:10000420  PA:1000065c
16944939ns          286931 1c008258 428e87b3 p.mac            x15, x29, x8        x15=00000058 x15:00000058 x29:00000017  x8:00000000
16944959ns          286932 1c00825c 27c72403 lw               x8, 636(x14)         x8=00000000 x14:10000420  PA:1000069c
16945018ns          286935 1c008260 428e07b3 p.mac            x15, x28, x8        x15=00000058 x15:00000058 x28:00000016  x8:00000000
16945038ns          286936 1c008264 2bc72403 lw               x8, 700(x14)         x8=00000000 x14:10000420  PA:100006dc
16945098ns          286939 1c008268 428307b3 p.mac            x15, x6, x8         x15=00000058 x15:00000058  x6:000000ec  x8:00000000
16945118ns          286940 1c00826c 2fc72403 lw               x8, 764(x14)         x8=00000000 x14:10000420  PA:1000071c
16945178ns          286943 1c008270 428887b3 p.mac            x15, x17, x8        x15=00000058 x15:00000058 x17:000000ed  x8:00000000
16945197ns          286944 1c008274 33c72403 lw               x8, 828(x14)         x8=00000000 x14:10000420  PA:1000075c
16945257ns          286947 1c008278 428807b3 p.mac            x15, x16, x8        x15=00000058 x15:00000058 x16:00000013  x8:00000000
16945277ns          286948 1c00827c 37c72403 lw               x8, 892(x14)         x8=00000000 x14:10000420  PA:1000079c
16945337ns          286951 1c008280 428507b3 p.mac            x15, x10, x8        x15=00000058 x15:00000058 x10:00000012  x8:00000000
16945357ns          286952 1c008284 3bc72403 lw               x8, 956(x14)         x8=00000000 x14:10000420  PA:100007dc
16945416ns          286955 1c008288 428587b3 p.mac            x15, x11, x8        x15=00000058 x15:00000058 x11:000000f0  x8:00000000
16945436ns          286956 1c00828c 00f6222b p.sw             x15, 4(x12!)        x12=10000ba0 x15:00000058 x12:10000b9c  PA:10000b9c
16945456ns          286957 1c008210 0047278b p.lw             x15, 4(x14!)        x15=00000000 x14=10000424 x14:10000420  PA:10000420
16945496ns          286959 1c008214 03c72403 lw               x8, 60(x14)          x8=00000000 x14:10000424  PA:10000460
16945516ns          286960 1c008216 02fb87b3 mul              x15, x23, x15       x15=00000000 x23:000000e1 x15:00000000
16945536ns          286961 1c00821a 428b07b3 p.mac            x15, x22, x8        x15=00000000 x15:00000000 x22:0000001f  x8:00000000
16945556ns          286962 1c00821e 07c72403 lw               x8, 124(x14)         x8=00000000 x14:10000424  PA:100004a0
16945635ns          286966 1c008220 428a87b3 p.mac            x15, x21, x8        x15=00000000 x15:00000000 x21:0000001e  x8:00000000
16945655ns          286967 1c008224 0bc72403 lw               x8, 188(x14)         x8=00000000 x14:10000424  PA:100004e0
16945715ns          286970 1c008228 428a07b3 p.mac            x15, x20, x8        x15=00000000 x15:00000000 x20:000000e4  x8:00000000
16945735ns          286971 1c00822c 0fc72403 lw               x8, 252(x14)         x8=00000000 x14:10000424  PA:10000520
16945794ns          286974 1c008230 428087b3 p.mac            x15, x1, x8         x15=00000000 x15:00000000  x1:000000e5  x8:00000000
16945814ns          286975 1c008234 13c72403 lw               x8, 316(x14)         x8=00000000 x14:10000424  PA:10000560
16945874ns          286978 1c008238 428387b3 p.mac            x15, x7, x8         x15=00000000 x15:00000000  x7:0000001b  x8:00000000
16945894ns          286979 1c00823c 17c72403 lw               x8, 380(x14)         x8=00000000 x14:10000424  PA:100005a0
16945953ns          286982 1c008240 428287b3 p.mac            x15, x5, x8         x15=00000000 x15:00000000  x5:0000001a  x8:00000000
16945973ns          286983 1c008244 1bc72403 lw               x8, 444(x14)         x8=00000000 x14:10000424  PA:100005e0
16946033ns          286986 1c008248 428f87b3 p.mac            x15, x31, x8        x15=00000000 x15:00000000 x31:000000e8  x8:00000000
16946053ns          286987 1c00824c 1fc72403 lw               x8, 508(x14)         x8=00000001 x14:10000424  PA:10000620
16946112ns          286990 1c008250 428f07b3 p.mac            x15, x30, x8        x15=000000e9 x15:00000000 x30:000000e9  x8:00000001
16946132ns          286991 1c008254 23c72403 lw               x8, 572(x14)         x8=00000000 x14:10000424  PA:10000660
16946192ns          286994 1c008258 428e87b3 p.mac            x15, x29, x8        x15=000000e9 x15:000000e9 x29:00000017  x8:00000000
16946212ns          286995 1c00825c 27c72403 lw               x8, 636(x14)         x8=00000000 x14:10000424  PA:100006a0
16946272ns          286998 1c008260 428e07b3 p.mac            x15, x28, x8        x15=000000e9 x15:000000e9 x28:00000016  x8:00000000
16946291ns          286999 1c008264 2bc72403 lw               x8, 700(x14)         x8=00000000 x14:10000424  PA:100006e0
16946351ns          287002 1c008268 428307b3 p.mac            x15, x6, x8         x15=000000e9 x15:000000e9  x6:000000ec  x8:00000000
16946371ns          287003 1c00826c 2fc72403 lw               x8, 764(x14)         x8=00000001 x14:10000424  PA:10000720
16946431ns          287006 1c008270 428887b3 p.mac            x15, x17, x8        x15=000001d6 x15:000000e9 x17:000000ed  x8:00000001
16946451ns          287007 1c008274 33c72403 lw               x8, 828(x14)         x8=00000000 x14:10000424  PA:10000760
16946510ns          287010 1c008278 428807b3 p.mac            x15, x16, x8        x15=000001d6 x15:000001d6 x16:00000013  x8:00000000
16946530ns          287011 1c00827c 37c72403 lw               x8, 892(x14)         x8=00000000 x14:10000424  PA:100007a0
16946590ns          287014 1c008280 428507b3 p.mac            x15, x10, x8        x15=000001d6 x15:000001d6 x10:00000012  x8:00000000
16946610ns          287015 1c008284 3bc72403 lw               x8, 956(x14)         x8=00000000 x14:10000424  PA:100007e0
16946669ns          287018 1c008288 428587b3 p.mac            x15, x11, x8        x15=000001d6 x15:000001d6 x11:000000f0  x8:00000000
16946689ns          287019 1c00828c 00f6222b p.sw             x15, 4(x12!)        x12=10000ba4 x15:000001d6 x12:10000ba0  PA:10000ba0
16946709ns          287020 1c008210 0047278b p.lw             x15, 4(x14!)        x15=00000000 x14=10000428 x14:10000424  PA:10000424
16946749ns          287022 1c008214 03c72403 lw               x8, 60(x14)          x8=00000000 x14:10000428  PA:10000464
16946769ns          287023 1c008216 02fb87b3 mul              x15, x23, x15       x15=00000000 x23:000000e1 x15:00000000
16946789ns          287024 1c00821a 428b07b3 p.mac            x15, x22, x8        x15=00000000 x15:00000000 x22:0000001f  x8:00000000
16946809ns          287025 1c00821e 07c72403 lw               x8, 124(x14)         x8=00000001 x14:10000428  PA:100004a4
16946888ns          287029 1c008220 428a87b3 p.mac            x15, x21, x8        x15=0000001e x15:00000000 x21:0000001e  x8:00000001
16946908ns          287030 1c008224 0bc72403 lw               x8, 188(x14)         x8=00000000 x14:10000428  PA:100004e4
16946968ns          287033 1c008228 428a07b3 p.mac            x15, x20, x8        x15=0000001e x15:0000001e x20:000000e4  x8:00000000
16946988ns          287034 1c00822c 0fc72403 lw               x8, 252(x14)         x8=00000000 x14:10000428  PA:10000524
16947047ns          287037 1c008230 428087b3 p.mac            x15, x1, x8         x15=0000001e x15:0000001e  x1:000000e5  x8:00000000
16947067ns          287038 1c008234 13c72403 lw               x8, 316(x14)         x8=00000000 x14:10000428  PA:10000564
16947127ns          287041 1c008238 428387b3 p.mac            x15, x7, x8         x15=0000001e x15:0000001e  x7:0000001b  x8:00000000
16947147ns          287042 1c00823c 17c72403 lw               x8, 380(x14)         x8=00000000 x14:10000428  PA:100005a4
16947206ns          287045 1c008240 428287b3 p.mac            x15, x5, x8         x15=0000001e x15:0000001e  x5:0000001a  x8:00000000
16947226ns          287046 1c008244 1bc72403 lw               x8, 444(x14)         x8=00000000 x14:10000428  PA:100005e4
16947286ns          287049 1c008248 428f87b3 p.mac            x15, x31, x8        x15=0000001e x15:0000001e x31:000000e8  x8:00000000
16947306ns          287050 1c00824c 1fc72403 lw               x8, 508(x14)         x8=00000000 x14:10000428  PA:10000624
16947366ns          287053 1c008250 428f07b3 p.mac            x15, x30, x8        x15=0000001e x15:0000001e x30:000000e9  x8:00000000
16947385ns          287054 1c008254 23c72403 lw               x8, 572(x14)         x8=00000000 x14:10000428  PA:10000664
16947445ns          287057 1c008258 428e87b3 p.mac            x15, x29, x8        x15=0000001e x15:0000001e x29:00000017  x8:00000000
16947465ns          287058 1c00825c 27c72403 lw               x8, 636(x14)         x8=00000000 x14:10000428  PA:100006a4
16947525ns          287061 1c008260 428e07b3 p.mac            x15, x28, x8        x15=0000001e x15:0000001e x28:00000016  x8:00000000
16947545ns          287062 1c008264 2bc72403 lw               x8, 700(x14)         x8=00000000 x14:10000428  PA:100006e4
16947604ns          287065 1c008268 428307b3 p.mac            x15, x6, x8         x15=0000001e x15:0000001e  x6:000000ec  x8:00000000
16947624ns          287066 1c00826c 2fc72403 lw               x8, 764(x14)         x8=00000001 x14:10000428  PA:10000724
16947684ns          287069 1c008270 428887b3 p.mac            x15, x17, x8        x15=0000010b x15:0000001e x17:000000ed  x8:00000001
16947704ns          287070 1c008274 33c72403 lw               x8, 828(x14)         x8=00000001 x14:10000428  PA:10000764
16947763ns          287073 1c008278 428807b3 p.mac            x15, x16, x8        x15=0000011e x15:0000010b x16:00000013  x8:00000001
16947783ns          287074 1c00827c 37c72403 lw               x8, 892(x14)         x8=00000000 x14:10000428  PA:100007a4
16947843ns          287077 1c008280 428507b3 p.mac            x15, x10, x8        x15=0000011e x15:0000011e x10:00000012  x8:00000000
16947863ns          287078 1c008284 3bc72403 lw               x8, 956(x14)         x8=00000000 x14:10000428  PA:100007e4
16947923ns          287081 1c008288 428587b3 p.mac            x15, x11, x8        x15=0000011e x15:0000011e x11:000000f0  x8:00000000
16947942ns          287082 1c00828c 00f6222b p.sw             x15, 4(x12!)        x12=10000ba8 x15:0000011e x12:10000ba4  PA:10000ba4
16947962ns          287083 1c008210 0047278b p.lw             x15, 4(x14!)        x15=00000000 x14=1000042c x14:10000428  PA:10000428
16948002ns          287085 1c008214 03c72403 lw               x8, 60(x14)          x8=00000000 x14:1000042c  PA:10000468
16948022ns          287086 1c008216 02fb87b3 mul              x15, x23, x15       x15=00000000 x23:000000e1 x15:00000000
16948042ns          287087 1c00821a 428b07b3 p.mac            x15, x22, x8        x15=00000000 x15:00000000 x22:0000001f  x8:00000000
16948062ns          287088 1c00821e 07c72403 lw               x8, 124(x14)         x8=00000000 x14:1000042c  PA:100004a8
16948141ns          287092 1c008220 428a87b3 p.mac            x15, x21, x8        x15=00000000 x15:00000000 x21:0000001e  x8:00000000
16948161ns          287093 1c008224 0bc72403 lw               x8, 188(x14)         x8=00000000 x14:1000042c  PA:100004e8
16948221ns          287096 1c008228 428a07b3 p.mac            x15, x20, x8        x15=00000000 x15:00000000 x20:000000e4  x8:00000000
16948241ns          287097 1c00822c 0fc72403 lw               x8, 252(x14)         x8=00000000 x14:1000042c  PA:10000528
16948300ns          287100 1c008230 428087b3 p.mac            x15, x1, x8         x15=00000000 x15:00000000  x1:000000e5  x8:00000000
16948320ns          287101 1c008234 13c72403 lw               x8, 316(x14)         x8=00000000 x14:1000042c  PA:10000568
16948380ns          287104 1c008238 428387b3 p.mac            x15, x7, x8         x15=00000000 x15:00000000  x7:0000001b  x8:00000000
16948400ns          287105 1c00823c 17c72403 lw               x8, 380(x14)         x8=00000000 x14:1000042c  PA:100005a8
16948460ns          287108 1c008240 428287b3 p.mac            x15, x5, x8         x15=00000000 x15:00000000  x5:0000001a  x8:00000000
16948479ns          287109 1c008244 1bc72403 lw               x8, 444(x14)         x8=00000000 x14:1000042c  PA:100005e8
16948539ns          287112 1c008248 428f87b3 p.mac            x15, x31, x8        x15=00000000 x15:00000000 x31:000000e8  x8:00000000
16948559ns          287113 1c00824c 1fc72403 lw               x8, 508(x14)         x8=00000000 x14:1000042c  PA:10000628
16948619ns          287116 1c008250 428f07b3 p.mac            x15, x30, x8        x15=00000000 x15:00000000 x30:000000e9  x8:00000000
16948639ns          287117 1c008254 23c72403 lw               x8, 572(x14)         x8=00000000 x14:1000042c  PA:10000668
16948698ns          287120 1c008258 428e87b3 p.mac            x15, x29, x8        x15=00000000 x15:00000000 x29:00000017  x8:00000000
16948718ns          287121 1c00825c 27c72403 lw               x8, 636(x14)         x8=00000000 x14:1000042c  PA:100006a8
16948778ns          287124 1c008260 428e07b3 p.mac            x15, x28, x8        x15=00000000 x15:00000000 x28:00000016  x8:00000000
16948798ns          287125 1c008264 2bc72403 lw               x8, 700(x14)         x8=00000000 x14:1000042c  PA:100006e8
16948857ns          287128 1c008268 428307b3 p.mac            x15, x6, x8         x15=00000000 x15:00000000  x6:000000ec  x8:00000000
16948877ns          287129 1c00826c 2fc72403 lw               x8, 764(x14)         x8=00000000 x14:1000042c  PA:10000728
16948937ns          287132 1c008270 428887b3 p.mac            x15, x17, x8        x15=00000000 x15:00000000 x17:000000ed  x8:00000000
16948957ns          287133 1c008274 33c72403 lw               x8, 828(x14)         x8=00000000 x14:1000042c  PA:10000768
16949017ns          287136 1c008278 428807b3 p.mac            x15, x16, x8        x15=00000000 x15:00000000 x16:00000013  x8:00000000
16949036ns          287137 1c00827c 37c72403 lw               x8, 892(x14)         x8=00000000 x14:1000042c  PA:100007a8
16949096ns          287140 1c008280 428507b3 p.mac            x15, x10, x8        x15=00000000 x15:00000000 x10:00000012  x8:00000000
16949116ns          287141 1c008284 3bc72403 lw               x8, 956(x14)         x8=00000000 x14:1000042c  PA:100007e8
16949176ns          287144 1c008288 428587b3 p.mac            x15, x11, x8        x15=00000000 x15:00000000 x11:000000f0  x8:00000000
16949196ns          287145 1c00828c 00f6222b p.sw             x15, 4(x12!)        x12=10000bac x15:00000000 x12:10000ba8  PA:10000ba8
16949215ns          287146 1c008210 0047278b p.lw             x15, 4(x14!)        x15=00000000 x14=10000430 x14:1000042c  PA:1000042c
16949255ns          287148 1c008214 03c72403 lw               x8, 60(x14)          x8=00000000 x14:10000430  PA:1000046c
16949275ns          287149 1c008216 02fb87b3 mul              x15, x23, x15       x15=00000000 x23:000000e1 x15:00000000
16949295ns          287150 1c00821a 428b07b3 p.mac            x15, x22, x8        x15=00000000 x15:00000000 x22:0000001f  x8:00000000
16949315ns          287151 1c00821e 07c72403 lw               x8, 124(x14)         x8=00000000 x14:10000430  PA:100004ac
16949394ns          287155 1c008220 428a87b3 p.mac            x15, x21, x8        x15=00000000 x15:00000000 x21:0000001e  x8:00000000
16949414ns          287156 1c008224 0bc72403 lw               x8, 188(x14)         x8=00000000 x14:10000430  PA:100004ec
16949474ns          287159 1c008228 428a07b3 p.mac            x15, x20, x8        x15=00000000 x15:00000000 x20:000000e4  x8:00000000
16949494ns          287160 1c00822c 0fc72403 lw               x8, 252(x14)         x8=00000000 x14:10000430  PA:1000052c
16949554ns          287163 1c008230 428087b3 p.mac            x15, x1, x8         x15=00000000 x15:00000000  x1:000000e5  x8:00000000
16949573ns          287164 1c008234 13c72403 lw               x8, 316(x14)         x8=00000000 x14:10000430  PA:1000056c
16949633ns          287167 1c008238 428387b3 p.mac            x15, x7, x8         x15=00000000 x15:00000000  x7:0000001b  x8:00000000
16949653ns          287168 1c00823c 17c72403 lw               x8, 380(x14)         x8=00000001 x14:10000430  PA:100005ac
16949713ns          287171 1c008240 428287b3 p.mac            x15, x5, x8         x15=0000001a x15:00000000  x5:0000001a  x8:00000001
16949733ns          287172 1c008244 1bc72403 lw               x8, 444(x14)         x8=00000000 x14:10000430  PA:100005ec
16949792ns          287175 1c008248 428f87b3 p.mac            x15, x31, x8        x15=0000001a x15:0000001a x31:000000e8  x8:00000000
16949812ns          287176 1c00824c 1fc72403 lw               x8, 508(x14)         x8=00000000 x14:10000430  PA:1000062c
16949872ns          287179 1c008250 428f07b3 p.mac            x15, x30, x8        x15=0000001a x15:0000001a x30:000000e9  x8:00000000
16949892ns          287180 1c008254 23c72403 lw               x8, 572(x14)         x8=00000000 x14:10000430  PA:1000066c
16949951ns          287183 1c008258 428e87b3 p.mac            x15, x29, x8        x15=0000001a x15:0000001a x29:00000017  x8:00000000
16949971ns          287184 1c00825c 27c72403 lw               x8, 636(x14)         x8=00000001 x14:10000430  PA:100006ac
16950031ns          287187 1c008260 428e07b3 p.mac            x15, x28, x8        x15=00000030 x15:0000001a x28:00000016  x8:00000001
16950051ns          287188 1c008264 2bc72403 lw               x8, 700(x14)         x8=00000000 x14:10000430  PA:100006ec
16950111ns          287191 1c008268 428307b3 p.mac            x15, x6, x8         x15=00000030 x15:00000030  x6:000000ec  x8:00000000
16950130ns          287192 1c00826c 2fc72403 lw               x8, 764(x14)         x8=00000000 x14:10000430  PA:1000072c
16950190ns          287195 1c008270 428887b3 p.mac            x15, x17, x8        x15=00000030 x15:00000030 x17:000000ed  x8:00000000
16950210ns          287196 1c008274 33c72403 lw               x8, 828(x14)         x8=00000000 x14:10000430  PA:1000076c
16950270ns          287199 1c008278 428807b3 p.mac            x15, x16, x8        x15=00000030 x15:00000030 x16:00000013  x8:00000000
16950290ns          287200 1c00827c 37c72403 lw               x8, 892(x14)         x8=00000000 x14:10000430  PA:100007ac
16950349ns          287203 1c008280 428507b3 p.mac            x15, x10, x8        x15=00000030 x15:00000030 x10:00000012  x8:00000000
16950369ns          287204 1c008284 3bc72403 lw               x8, 956(x14)         x8=00000000 x14:10000430  PA:100007ec
16950429ns          287207 1c008288 428587b3 p.mac            x15, x11, x8        x15=00000030 x15:00000030 x11:000000f0  x8:00000000
16950449ns          287208 1c00828c 00f6222b p.sw             x15, 4(x12!)        x12=10000bb0 x15:00000030 x12:10000bac  PA:10000bac
16950469ns          287209 1c008210 0047278b p.lw             x15, 4(x14!)        x15=00000000 x14=10000434 x14:10000430  PA:10000430
16950508ns          287211 1c008214 03c72403 lw               x8, 60(x14)          x8=00000000 x14:10000434  PA:10000470
16950528ns          287212 1c008216 02fb87b3 mul              x15, x23, x15       x15=00000000 x23:000000e1 x15:00000000
16950548ns          287213 1c00821a 428b07b3 p.mac            x15, x22, x8        x15=00000000 x15:00000000 x22:0000001f  x8:00000000
16950568ns          287214 1c00821e 07c72403 lw               x8, 124(x14)         x8=00000000 x14:10000434  PA:100004b0
16950648ns          287218 1c008220 428a87b3 p.mac            x15, x21, x8        x15=00000000 x15:00000000 x21:0000001e  x8:00000000
16950667ns          287219 1c008224 0bc72403 lw               x8, 188(x14)         x8=00000001 x14:10000434  PA:100004f0
16950727ns          287222 1c008228 428a07b3 p.mac            x15, x20, x8        x15=000000e4 x15:00000000 x20:000000e4  x8:00000001
16950747ns          287223 1c00822c 0fc72403 lw               x8, 252(x14)         x8=00000001 x14:10000434  PA:10000530
16950807ns          287226 1c008230 428087b3 p.mac            x15, x1, x8         x15=000001c9 x15:000000e4  x1:000000e5  x8:00000001
16950827ns          287227 1c008234 13c72403 lw               x8, 316(x14)         x8=00000000 x14:10000434  PA:10000570
16950886ns          287230 1c008238 428387b3 p.mac            x15, x7, x8         x15=000001c9 x15:000001c9  x7:0000001b  x8:00000000
16950906ns          287231 1c00823c 17c72403 lw               x8, 380(x14)         x8=00000000 x14:10000434  PA:100005b0
16950966ns          287234 1c008240 428287b3 p.mac            x15, x5, x8         x15=000001c9 x15:000001c9  x5:0000001a  x8:00000000
16950986ns          287235 1c008244 1bc72403 lw               x8, 444(x14)         x8=00000000 x14:10000434  PA:100005f0
16951045ns          287238 1c008248 428f87b3 p.mac            x15, x31, x8        x15=000001c9 x15:000001c9 x31:000000e8  x8:00000000
16951065ns          287239 1c00824c 1fc72403 lw               x8, 508(x14)         x8=00000000 x14:10000434  PA:10000630
16951125ns          287242 1c008250 428f07b3 p.mac            x15, x30, x8        x15=000001c9 x15:000001c9 x30:000000e9  x8:00000000
16951145ns          287243 1c008254 23c72403 lw               x8, 572(x14)         x8=00000000 x14:10000434  PA:10000670
16951204ns          287246 1c008258 428e87b3 p.mac            x15, x29, x8        x15=000001c9 x15:000001c9 x29:00000017  x8:00000000
16951224ns          287247 1c00825c 27c72403 lw               x8, 636(x14)         x8=00000001 x14:10000434  PA:100006b0
16951284ns          287250 1c008260 428e07b3 p.mac            x15, x28, x8        x15=000001df x15:000001c9 x28:00000016  x8:00000001
16951304ns          287251 1c008264 2bc72403 lw               x8, 700(x14)         x8=00000000 x14:10000434  PA:100006f0
16951364ns          287254 1c008268 428307b3 p.mac            x15, x6, x8         x15=000001df x15:000001df  x6:000000ec  x8:00000000
16951384ns          287255 1c00826c 2fc72403 lw               x8, 764(x14)         x8=00000001 x14:10000434  PA:10000730
16951443ns          287258 1c008270 428887b3 p.mac            x15, x17, x8        x15=000002cc x15:000001df x17:000000ed  x8:00000001
16951463ns          287259 1c008274 33c72403 lw               x8, 828(x14)         x8=00000000 x14:10000434  PA:10000770
16951523ns          287262 1c008278 428807b3 p.mac            x15, x16, x8        x15=000002cc x15:000002cc x16:00000013  x8:00000000
16951543ns          287263 1c00827c 37c72403 lw               x8, 892(x14)         x8=00000000 x14:10000434  PA:100007b0
16951602ns          287266 1c008280 428507b3 p.mac            x15, x10, x8        x15=000002cc x15:000002cc x10:00000012  x8:00000000
16951622ns          287267 1c008284 3bc72403 lw               x8, 956(x14)         x8=00000000 x14:10000434  PA:100007f0
16951682ns          287270 1c008288 428587b3 p.mac            x15, x11, x8        x15=000002cc x15:000002cc x11:000000f0  x8:00000000
16951702ns          287271 1c00828c 00f6222b p.sw             x15, 4(x12!)        x12=10000bb4 x15:000002cc x12:10000bb0  PA:10000bb0
16951722ns          287272 1c008210 0047278b p.lw             x15, 4(x14!)        x15=00000000 x14=10000438 x14:10000434  PA:10000434
16951761ns          287274 1c008214 03c72403 lw               x8, 60(x14)          x8=00000000 x14:10000438  PA:10000474
16951781ns          287275 1c008216 02fb87b3 mul              x15, x23, x15       x15=00000000 x23:000000e1 x15:00000000
16951801ns          287276 1c00821a 428b07b3 p.mac            x15, x22, x8        x15=00000000 x15:00000000 x22:0000001f  x8:00000000
16951821ns          287277 1c00821e 07c72403 lw               x8, 124(x14)         x8=00000000 x14:10000438  PA:100004b4
16951901ns          287281 1c008220 428a87b3 p.mac            x15, x21, x8        x15=00000000 x15:00000000 x21:0000001e  x8:00000000
16951921ns          287282 1c008224 0bc72403 lw               x8, 188(x14)         x8=00000001 x14:10000438  PA:100004f4
16951980ns          287285 1c008228 428a07b3 p.mac            x15, x20, x8        x15=000000e4 x15:00000000 x20:000000e4  x8:00000001
16952000ns          287286 1c00822c 0fc72403 lw               x8, 252(x14)         x8=00000000 x14:10000438  PA:10000534
16952060ns          287289 1c008230 428087b3 p.mac            x15, x1, x8         x15=000000e4 x15:000000e4  x1:000000e5  x8:00000000
16952080ns          287290 1c008234 13c72403 lw               x8, 316(x14)         x8=00000000 x14:10000438  PA:10000574
16952139ns          287293 1c008238 428387b3 p.mac            x15, x7, x8         x15=000000e4 x15:000000e4  x7:0000001b  x8:00000000
16952159ns          287294 1c00823c 17c72403 lw               x8, 380(x14)         x8=00000000 x14:10000438  PA:100005b4
16952219ns          287297 1c008240 428287b3 p.mac            x15, x5, x8         x15=000000e4 x15:000000e4  x5:0000001a  x8:00000000
16952239ns          287298 1c008244 1bc72403 lw               x8, 444(x14)         x8=00000000 x14:10000438  PA:100005f4
16952298ns          287301 1c008248 428f87b3 p.mac            x15, x31, x8        x15=000000e4 x15:000000e4 x31:000000e8  x8:00000000
16952318ns          287302 1c00824c 1fc72403 lw               x8, 508(x14)         x8=00000000 x14:10000438  PA:10000634
16952378ns          287305 1c008250 428f07b3 p.mac            x15, x30, x8        x15=000000e4 x15:000000e4 x30:000000e9  x8:00000000
16952398ns          287306 1c008254 23c72403 lw               x8, 572(x14)         x8=00000000 x14:10000438  PA:10000674
16952458ns          287309 1c008258 428e87b3 p.mac            x15, x29, x8        x15=000000e4 x15:000000e4 x29:00000017  x8:00000000
16952478ns          287310 1c00825c 27c72403 lw               x8, 636(x14)         x8=00000000 x14:10000438  PA:100006b4
16952537ns          287313 1c008260 428e07b3 p.mac            x15, x28, x8        x15=000000e4 x15:000000e4 x28:00000016  x8:00000000
16952557ns          287314 1c008264 2bc72403 lw               x8, 700(x14)         x8=00000000 x14:10000438  PA:100006f4
16952617ns          287317 1c008268 428307b3 p.mac            x15, x6, x8         x15=000000e4 x15:000000e4  x6:000000ec  x8:00000000
16952637ns          287318 1c00826c 2fc72403 lw               x8, 764(x14)         x8=00000000 x14:10000438  PA:10000734
16952696ns          287321 1c008270 428887b3 p.mac            x15, x17, x8        x15=000000e4 x15:000000e4 x17:000000ed  x8:00000000
16952716ns          287322 1c008274 33c72403 lw               x8, 828(x14)         x8=00000000 x14:10000438  PA:10000774
16952776ns          287325 1c008278 428807b3 p.mac            x15, x16, x8        x15=000000e4 x15:000000e4 x16:00000013  x8:00000000
16952796ns          287326 1c00827c 37c72403 lw               x8, 892(x14)         x8=00000000 x14:10000438  PA:100007b4
16952855ns          287329 1c008280 428507b3 p.mac            x15, x10, x8        x15=000000e4 x15:000000e4 x10:00000012  x8:00000000
16952875ns          287330 1c008284 3bc72403 lw               x8, 956(x14)         x8=00000000 x14:10000438  PA:100007f4
16952935ns          287333 1c008288 428587b3 p.mac            x15, x11, x8        x15=000000e4 x15:000000e4 x11:000000f0  x8:00000000
16952955ns          287334 1c00828c 00f6222b p.sw             x15, 4(x12!)        x12=10000bb8 x15:000000e4 x12:10000bb4  PA:10000bb4
16952975ns          287335 1c008210 0047278b p.lw             x15, 4(x14!)        x15=00000000 x14=1000043c x14:10000438  PA:10000438
16953015ns          287337 1c008214 03c72403 lw               x8, 60(x14)          x8=00000000 x14:1000043c  PA:10000478
16953034ns          287338 1c008216 02fb87b3 mul              x15, x23, x15       x15=00000000 x23:000000e1 x15:00000000
16953054ns          287339 1c00821a 428b07b3 p.mac            x15, x22, x8        x15=00000000 x15:00000000 x22:0000001f  x8:00000000
16953074ns          287340 1c00821e 07c72403 lw               x8, 124(x14)         x8=00000001 x14:1000043c  PA:100004b8
16953154ns          287344 1c008220 428a87b3 p.mac            x15, x21, x8        x15=0000001e x15:00000000 x21:0000001e  x8:00000001
16953174ns          287345 1c008224 0bc72403 lw               x8, 188(x14)         x8=00000000 x14:1000043c  PA:100004f8
16953233ns          287348 1c008228 428a07b3 p.mac            x15, x20, x8        x15=0000001e x15:0000001e x20:000000e4  x8:00000000
16953253ns          287349 1c00822c 0fc72403 lw               x8, 252(x14)         x8=00000000 x14:1000043c  PA:10000538
16953313ns          287352 1c008230 428087b3 p.mac            x15, x1, x8         x15=0000001e x15:0000001e  x1:000000e5  x8:00000000
16953333ns          287353 1c008234 13c72403 lw               x8, 316(x14)         x8=00000000 x14:1000043c  PA:10000578
16953392ns          287356 1c008238 428387b3 p.mac            x15, x7, x8         x15=0000001e x15:0000001e  x7:0000001b  x8:00000000
16953412ns          287357 1c00823c 17c72403 lw               x8, 380(x14)         x8=00000000 x14:1000043c  PA:100005b8
16953472ns          287360 1c008240 428287b3 p.mac            x15, x5, x8         x15=0000001e x15:0000001e  x5:0000001a  x8:00000000
16953492ns          287361 1c008244 1bc72403 lw               x8, 444(x14)         x8=00000001 x14:1000043c  PA:100005f8
16953552ns          287364 1c008248 428f87b3 p.mac            x15, x31, x8        x15=00000106 x15:0000001e x31:000000e8  x8:00000001
16953571ns          287365 1c00824c 1fc72403 lw               x8, 508(x14)         x8=00000001 x14:1000043c  PA:10000638
16953631ns          287368 1c008250 428f07b3 p.mac            x15, x30, x8        x15=000001ef x15:00000106 x30:000000e9  x8:00000001
16953651ns          287369 1c008254 23c72403 lw               x8, 572(x14)         x8=00000000 x14:1000043c  PA:10000678
16953711ns          287372 1c008258 428e87b3 p.mac            x15, x29, x8        x15=000001ef x15:000001ef x29:00000017  x8:00000000
16953731ns          287373 1c00825c 27c72403 lw               x8, 636(x14)         x8=00000001 x14:1000043c  PA:100006b8
16953790ns          287376 1c008260 428e07b3 p.mac            x15, x28, x8        x15=00000205 x15:000001ef x28:00000016  x8:00000001
16953810ns          287377 1c008264 2bc72403 lw               x8, 700(x14)         x8=00000000 x14:1000043c  PA:100006f8
16953870ns          287380 1c008268 428307b3 p.mac            x15, x6, x8         x15=00000205 x15:00000205  x6:000000ec  x8:00000000
16953890ns          287381 1c00826c 2fc72403 lw               x8, 764(x14)         x8=00000001 x14:1000043c  PA:10000738
16953949ns          287384 1c008270 428887b3 p.mac            x15, x17, x8        x15=000002f2 x15:00000205 x17:000000ed  x8:00000001
16953969ns          287385 1c008274 33c72403 lw               x8, 828(x14)         x8=00000000 x14:1000043c  PA:10000778
16954029ns          287388 1c008278 428807b3 p.mac            x15, x16, x8        x15=000002f2 x15:000002f2 x16:00000013  x8:00000000
16954049ns          287389 1c00827c 37c72403 lw               x8, 892(x14)         x8=00000000 x14:1000043c  PA:100007b8
16954109ns          287392 1c008280 428507b3 p.mac            x15, x10, x8        x15=000002f2 x15:000002f2 x10:00000012  x8:00000000
16954128ns          287393 1c008284 3bc72403 lw               x8, 956(x14)         x8=00000000 x14:1000043c  PA:100007f8
16954188ns          287396 1c008288 428587b3 p.mac            x15, x11, x8        x15=000002f2 x15:000002f2 x11:000000f0  x8:00000000
16954208ns          287397 1c00828c 00f6222b p.sw             x15, 4(x12!)        x12=10000bbc x15:000002f2 x12:10000bb8  PA:10000bb8
16954228ns          287398 1c008210 0047278b p.lw             x15, 4(x14!)        x15=00000000 x14=10000440 x14:1000043c  PA:1000043c
16954268ns          287400 1c008214 03c72403 lw               x8, 60(x14)          x8=00000000 x14:10000440  PA:1000047c
16954288ns          287401 1c008216 02fb87b3 mul              x15, x23, x15       x15=00000000 x23:000000e1 x15:00000000
16954307ns          287402 1c00821a 428b07b3 p.mac            x15, x22, x8        x15=00000000 x15:00000000 x22:0000001f  x8:00000000
16954327ns          287403 1c00821e 07c72403 lw               x8, 124(x14)         x8=00000000 x14:10000440  PA:100004bc
16954407ns          287407 1c008220 428a87b3 p.mac            x15, x21, x8        x15=00000000 x15:00000000 x21:0000001e  x8:00000000
16954427ns          287408 1c008224 0bc72403 lw               x8, 188(x14)         x8=00000000 x14:10000440  PA:100004fc
16954486ns          287411 1c008228 428a07b3 p.mac            x15, x20, x8        x15=00000000 x15:00000000 x20:000000e4  x8:00000000
16954506ns          287412 1c00822c 0fc72403 lw               x8, 252(x14)         x8=00000000 x14:10000440  PA:1000053c
16954566ns          287415 1c008230 428087b3 p.mac            x15, x1, x8         x15=00000000 x15:00000000  x1:000000e5  x8:00000000
16954586ns          287416 1c008234 13c72403 lw               x8, 316(x14)         x8=00000000 x14:10000440  PA:1000057c
16954646ns          287419 1c008238 428387b3 p.mac            x15, x7, x8         x15=00000000 x15:00000000  x7:0000001b  x8:00000000
16954665ns          287420 1c00823c 17c72403 lw               x8, 380(x14)         x8=00000000 x14:10000440  PA:100005bc
16954725ns          287423 1c008240 428287b3 p.mac            x15, x5, x8         x15=00000000 x15:00000000  x5:0000001a  x8:00000000
16954745ns          287424 1c008244 1bc72403 lw               x8, 444(x14)         x8=00000000 x14:10000440  PA:100005fc
16954805ns          287427 1c008248 428f87b3 p.mac            x15, x31, x8        x15=00000000 x15:00000000 x31:000000e8  x8:00000000
16954825ns          287428 1c00824c 1fc72403 lw               x8, 508(x14)         x8=00000000 x14:10000440  PA:1000063c
16954884ns          287431 1c008250 428f07b3 p.mac            x15, x30, x8        x15=00000000 x15:00000000 x30:000000e9  x8:00000000
16954904ns          287432 1c008254 23c72403 lw               x8, 572(x14)         x8=00000001 x14:10000440  PA:1000067c
16954964ns          287435 1c008258 428e87b3 p.mac            x15, x29, x8        x15=00000017 x15:00000000 x29:00000017  x8:00000001
16954984ns          287436 1c00825c 27c72403 lw               x8, 636(x14)         x8=00000000 x14:10000440  PA:100006bc
16955043ns          287439 1c008260 428e07b3 p.mac            x15, x28, x8        x15=00000017 x15:00000017 x28:00000016  x8:00000000
16955063ns          287440 1c008264 2bc72403 lw               x8, 700(x14)         x8=00000001 x14:10000440  PA:100006fc
16955123ns          287443 1c008268 428307b3 p.mac            x15, x6, x8         x15=00000103 x15:00000017  x6:000000ec  x8:00000001
16955143ns          287444 1c00826c 2fc72403 lw               x8, 764(x14)         x8=00000001 x14:10000440  PA:1000073c
16955203ns          287447 1c008270 428887b3 p.mac            x15, x17, x8        x15=000001f0 x15:00000103 x17:000000ed  x8:00000001
16955222ns          287448 1c008274 33c72403 lw               x8, 828(x14)         x8=00000000 x14:10000440  PA:1000077c
16955282ns          287451 1c008278 428807b3 p.mac            x15, x16, x8        x15=000001f0 x15:000001f0 x16:00000013  x8:00000000
16955302ns          287452 1c00827c 37c72403 lw               x8, 892(x14)         x8=00000001 x14:10000440  PA:100007bc
16955362ns          287455 1c008280 428507b3 p.mac            x15, x10, x8        x15=00000202 x15:000001f0 x10:00000012  x8:00000001
16955382ns          287456 1c008284 3bc72403 lw               x8, 956(x14)         x8=00000000 x14:10000440  PA:100007fc
16955441ns          287459 1c008288 428587b3 p.mac            x15, x11, x8        x15=00000202 x15:00000202 x11:000000f0  x8:00000000
16955461ns          287460 1c00828c 00f6222b p.sw             x15, 4(x12!)        x12=10000bc0 x15:00000202 x12:10000bbc  PA:10000bbc
16955481ns          287461 1c008210 0047278b p.lw             x15, 4(x14!)        x15=00000000 x14=10000444 x14:10000440  PA:10000440
16955521ns          287463 1c008214 03c72403 lw               x8, 60(x14)          x8=00000000 x14:10000444  PA:10000480
16955541ns          287464 1c008216 02fb87b3 mul              x15, x23, x15       x15=00000000 x23:000000e1 x15:00000000
16955561ns          287465 1c00821a 428b07b3 p.mac            x15, x22, x8        x15=00000000 x15:00000000 x22:0000001f  x8:00000000
16955580ns          287466 1c00821e 07c72403 lw               x8, 124(x14)         x8=00000001 x14:10000444  PA:100004c0
16955660ns          287470 1c008220 428a87b3 p.mac            x15, x21, x8        x15=0000001e x15:00000000 x21:0000001e  x8:00000001
16955680ns          287471 1c008224 0bc72403 lw               x8, 188(x14)         x8=00000001 x14:10000444  PA:10000500
16955740ns          287474 1c008228 428a07b3 p.mac            x15, x20, x8        x15=00000102 x15:0000001e x20:000000e4  x8:00000001
16955759ns          287475 1c00822c 0fc72403 lw               x8, 252(x14)         x8=00000000 x14:10000444  PA:10000540
16955819ns          287478 1c008230 428087b3 p.mac            x15, x1, x8         x15=00000102 x15:00000102  x1:000000e5  x8:00000000
16955839ns          287479 1c008234 13c72403 lw               x8, 316(x14)         x8=00000000 x14:10000444  PA:10000580
16955899ns          287482 1c008238 428387b3 p.mac            x15, x7, x8         x15=00000102 x15:00000102  x7:0000001b  x8:00000000
16955919ns          287483 1c00823c 17c72403 lw               x8, 380(x14)         x8=00000000 x14:10000444  PA:100005c0
16955978ns          287486 1c008240 428287b3 p.mac            x15, x5, x8         x15=00000102 x15:00000102  x5:0000001a  x8:00000000
16955998ns          287487 1c008244 1bc72403 lw               x8, 444(x14)         x8=00000000 x14:10000444  PA:10000600
16956058ns          287490 1c008248 428f87b3 p.mac            x15, x31, x8        x15=00000102 x15:00000102 x31:000000e8  x8:00000000
16956078ns          287491 1c00824c 1fc72403 lw               x8, 508(x14)         x8=00000000 x14:10000444  PA:10000640
16956137ns          287494 1c008250 428f07b3 p.mac            x15, x30, x8        x15=00000102 x15:00000102 x30:000000e9  x8:00000000
16956157ns          287495 1c008254 23c72403 lw               x8, 572(x14)         x8=00000001 x14:10000444  PA:10000680
16956217ns          287498 1c008258 428e87b3 p.mac            x15, x29, x8        x15=00000119 x15:00000102 x29:00000017  x8:00000001
16956237ns          287499 1c00825c 27c72403 lw               x8, 636(x14)         x8=00000000 x14:10000444  PA:100006c0
16956297ns          287502 1c008260 428e07b3 p.mac            x15, x28, x8        x15=00000119 x15:00000119 x28:00000016  x8:00000000
16956316ns          287503 1c008264 2bc72403 lw               x8, 700(x14)         x8=00000001 x14:10000444  PA:10000700
16956376ns          287506 1c008268 428307b3 p.mac            x15, x6, x8         x15=00000205 x15:00000119  x6:000000ec  x8:00000001
16956396ns          287507 1c00826c 2fc72403 lw               x8, 764(x14)         x8=00000000 x14:10000444  PA:10000740
16956456ns          287510 1c008270 428887b3 p.mac            x15, x17, x8        x15=00000205 x15:00000205 x17:000000ed  x8:00000000
16956476ns          287511 1c008274 33c72403 lw               x8, 828(x14)         x8=00000000 x14:10000444  PA:10000780
16956535ns          287514 1c008278 428807b3 p.mac            x15, x16, x8        x15=00000205 x15:00000205 x16:00000013  x8:00000000
16956555ns          287515 1c00827c 37c72403 lw               x8, 892(x14)         x8=00000000 x14:10000444  PA:100007c0
16956615ns          287518 1c008280 428507b3 p.mac            x15, x10, x8        x15=00000205 x15:00000205 x10:00000012  x8:00000000
16956635ns          287519 1c008284 3bc72403 lw               x8, 956(x14)         x8=00000000 x14:10000444  PA:10000800
16956694ns          287522 1c008288 428587b3 p.mac            x15, x11, x8        x15=00000205 x15:00000205 x11:000000f0  x8:00000000
16956714ns          287523 1c00828c 00f6222b p.sw             x15, 4(x12!)        x12=10000bc4 x15:00000205 x12:10000bc0  PA:10000bc0
16956734ns          287524 1c008290 001c0c13 addi             x24, x24, 1         x24=0000000f x24:0000000e
16956754ns          287525 1c008292 100c4c33 p.exths          x24, x24, x0        x24=0000000f x24:0000000f
16956774ns          287526 1c008296 01800633 add              x12, x0, x24        x12=0000000f x24:0000000f
16956794ns          287527 1c0081bc 00661613 slli             x12, x12, 0x6       x12=000003c0 x12:0000000f
16956814ns          287528 1c0081be 00cd07b3 add              x15, x26, x12       x15=100003c4 x26:10000004 x12:000003c0
16956834ns          287529 1c0081c2 0007ab83 lw               x23, 0(x15)         x23=00000010 x15:100003c4  PA:100003c4
16956853ns          287530 1c0081c6 0047ab03 lw               x22, 4(x15)         x22=000000f2 x15:100003c4  PA:100003c8
16956873ns          287531 1c0081ca 0087aa83 lw               x21, 8(x15)         x21=000000f3 x15:100003c4  PA:100003cc
16956893ns          287532 1c0081ce 00c7aa03 lw               x20, 12(x15)        x20=0000000d x15:100003c4  PA:100003d0
16956913ns          287533 1c0081d2 0107a083 lw               x1, 16(x15)          x1=0000000c x15:100003c4  PA:100003d4
16956933ns          287534 1c0081d6 0147a383 lw               x7, 20(x15)          x7=000000f6 x15:100003c4  PA:100003d8
16956953ns          287535 1c0081da 0187a283 lw               x5, 24(x15)          x5=000000f7 x15:100003c4  PA:100003dc
16956973ns          287536 1c0081de 01c7af83 lw               x31, 28(x15)        x31=00000009 x15:100003c4  PA:100003e0
16956993ns          287537 1c0081e2 0207af03 lw               x30, 32(x15)        x30=00000008 x15:100003c4  PA:100003e4
16957013ns          287538 1c0081e6 0247ae83 lw               x29, 36(x15)        x29=000000fa x15:100003c4  PA:100003e8
16957032ns          287539 1c0081ea 0287ae03 lw               x28, 40(x15)        x28=000000fb x15:100003c4  PA:100003ec
16957052ns          287540 1c0081ee 02c7a303 lw               x6, 44(x15)          x6=00000005 x15:100003c4  PA:100003f0
16957072ns          287541 1c0081f2 0307a883 lw               x17, 48(x15)        x17=00000004 x15:100003c4  PA:100003f4
16957092ns          287542 1c0081f6 0347a803 lw               x16, 52(x15)        x16=000000fe x15:100003c4  PA:100003f8
16957112ns          287543 1c0081fa 0387a503 lw               x10, 56(x15)        x10=000000ff x15:100003c4  PA:100003fc
16957132ns          287544 1c0081fc 03c7a583 lw               x11, 60(x15)        x11=00000001 x15:100003c4  PA:10000400
16957152ns          287545 1c0081fe 100017b7 lui              x15, 0x10001000     x15=10001000
16957172ns          287546 1c008202 80478793 addi             x15, x15, -2044     x15=10000804 x15:10001000
16957192ns          287547 1c008206 01900733 add              x14, x0, x25        x14=10000404 x25:10000404
16957212ns          287548 1c008208 00f60633 add              x12, x12, x15       x12=10000bc4 x12:000003c0 x15:10000804
16957231ns          287549 1c00820a 01000693 addi             x13, x0, 16         x13=00000010
16957251ns          287550 1c00820c 0406c0fb lp.setup         0x1, x13, 0x40      x13:00000010
16957271ns          287551 1c008210 0047278b p.lw             x15, 4(x14!)        x15=00000001 x14=10000408 x14:10000404  PA:10000404
16957311ns          287553 1c008214 03c72403 lw               x8, 60(x14)          x8=00000000 x14:10000408  PA:10000444
16957331ns          287554 1c008216 02fb87b3 mul              x15, x23, x15       x15=00000010 x23:00000010 x15:00000001
16957351ns          287555 1c00821a 428b07b3 p.mac            x15, x22, x8        x15=00000010 x15:00000010 x22:000000f2  x8:00000000
16957371ns          287556 1c00821e 07c72403 lw               x8, 124(x14)         x8=00000001 x14:10000408  PA:10000484
16957450ns          287560 1c008220 428a87b3 p.mac            x15, x21, x8        x15=00000103 x15:00000010 x21:000000f3  x8:00000001
16957470ns          287561 1c008224 0bc72403 lw               x8, 188(x14)         x8=00000000 x14:10000408  PA:100004c4
16957530ns          287564 1c008228 428a07b3 p.mac            x15, x20, x8        x15=00000103 x15:00000103 x20:0000000d  x8:00000000
16957550ns          287565 1c00822c 0fc72403 lw               x8, 252(x14)         x8=00000000 x14:10000408  PA:10000504
16957609ns          287568 1c008230 428087b3 p.mac            x15, x1, x8         x15=00000103 x15:00000103  x1:0000000c  x8:00000000
16957629ns          287569 1c008234 13c72403 lw               x8, 316(x14)         x8=00000001 x14:10000408  PA:10000544
16957689ns          287572 1c008238 428387b3 p.mac            x15, x7, x8         x15=000001f9 x15:00000103  x7:000000f6  x8:00000001
16957709ns          287573 1c00823c 17c72403 lw               x8, 380(x14)         x8=00000000 x14:10000408  PA:10000584
16957768ns          287576 1c008240 428287b3 p.mac            x15, x5, x8         x15=000001f9 x15:000001f9  x5:000000f7  x8:00000000
16957788ns          287577 1c008244 1bc72403 lw               x8, 444(x14)         x8=00000000 x14:10000408  PA:100005c4
16957848ns          287580 1c008248 428f87b3 p.mac            x15, x31, x8        x15=000001f9 x15:000001f9 x31:00000009  x8:00000000
16957868ns          287581 1c00824c 1fc72403 lw               x8, 508(x14)         x8=00000000 x14:10000408  PA:10000604
16957928ns          287584 1c008250 428f07b3 p.mac            x15, x30, x8        x15=000001f9 x15:000001f9 x30:00000008  x8:00000000
16957947ns          287585 1c008254 23c72403 lw               x8, 572(x14)         x8=00000000 x14:10000408  PA:10000644
16958007ns          287588 1c008258 428e87b3 p.mac            x15, x29, x8        x15=000001f9 x15:000001f9 x29:000000fa  x8:00000000
16958027ns          287589 1c00825c 27c72403 lw               x8, 636(x14)         x8=00000000 x14:10000408  PA:10000684
16958087ns          287592 1c008260 428e07b3 p.mac            x15, x28, x8        x15=000001f9 x15:000001f9 x28:000000fb  x8:00000000
16958107ns          287593 1c008264 2bc72403 lw               x8, 700(x14)         x8=00000001 x14:10000408  PA:100006c4
16958166ns          287596 1c008268 428307b3 p.mac            x15, x6, x8         x15=000001fe x15:000001f9  x6:00000005  x8:00000001
16958186ns          287597 1c00826c 2fc72403 lw               x8, 764(x14)         x8=00000000 x14:10000408  PA:10000704
16958246ns          287600 1c008270 428887b3 p.mac            x15, x17, x8        x15=000001fe x15:000001fe x17:00000004  x8:00000000
16958266ns          287601 1c008274 33c72403 lw               x8, 828(x14)         x8=00000000 x14:10000408  PA:10000744
16958325ns          287604 1c008278 428807b3 p.mac            x15, x16, x8        x15=000001fe x15:000001fe x16:000000fe  x8:00000000
16958345ns          287605 1c00827c 37c72403 lw               x8, 892(x14)         x8=00000000 x14:10000408  PA:10000784
16958405ns          287608 1c008280 428507b3 p.mac            x15, x10, x8        x15=000001fe x15:000001fe x10:000000ff  x8:00000000
16958425ns          287609 1c008284 3bc72403 lw               x8, 956(x14)         x8=00000000 x14:10000408  PA:100007c4
16958485ns          287612 1c008288 428587b3 p.mac            x15, x11, x8        x15=000001fe x15:000001fe x11:00000001  x8:00000000
16958504ns          287613 1c00828c 00f6222b p.sw             x15, 4(x12!)        x12=10000bc8 x15:000001fe x12:10000bc4  PA:10000bc4
16958524ns          287614 1c008210 0047278b p.lw             x15, 4(x14!)        x15=00000000 x14=1000040c x14:10000408  PA:10000408
16958564ns          287616 1c008214 03c72403 lw               x8, 60(x14)          x8=00000000 x14:1000040c  PA:10000448
16958584ns          287617 1c008216 02fb87b3 mul              x15, x23, x15       x15=00000000 x23:00000010 x15:00000000
16958604ns          287618 1c00821a 428b07b3 p.mac            x15, x22, x8        x15=00000000 x15:00000000 x22:000000f2  x8:00000000
16958624ns          287619 1c00821e 07c72403 lw               x8, 124(x14)         x8=00000001 x14:1000040c  PA:10000488
16958703ns          287623 1c008220 428a87b3 p.mac            x15, x21, x8        x15=000000f3 x15:00000000 x21:000000f3  x8:00000001
16958723ns          287624 1c008224 0bc72403 lw               x8, 188(x14)         x8=00000000 x14:1000040c  PA:100004c8
16958783ns          287627 1c008228 428a07b3 p.mac            x15, x20, x8        x15=000000f3 x15:000000f3 x20:0000000d  x8:00000000
16958803ns          287628 1c00822c 0fc72403 lw               x8, 252(x14)         x8=00000000 x14:1000040c  PA:10000508
16958862ns          287631 1c008230 428087b3 p.mac            x15, x1, x8         x15=000000f3 x15:000000f3  x1:0000000c  x8:00000000
16958882ns          287632 1c008234 13c72403 lw               x8, 316(x14)         x8=00000000 x14:1000040c  PA:10000548
16958942ns          287635 1c008238 428387b3 p.mac            x15, x7, x8         x15=000000f3 x15:000000f3  x7:000000f6  x8:00000000
16958962ns          287636 1c00823c 17c72403 lw               x8, 380(x14)         x8=00000000 x14:1000040c  PA:10000588
16959022ns          287639 1c008240 428287b3 p.mac            x15, x5, x8         x15=000000f3 x15:000000f3  x5:000000f7  x8:00000000
16959041ns          287640 1c008244 1bc72403 lw               x8, 444(x14)         x8=00000000 x14:1000040c  PA:100005c8
16959101ns          287643 1c008248 428f87b3 p.mac            x15, x31, x8        x15=000000f3 x15:000000f3 x31:00000009  x8:00000000
16959121ns          287644 1c00824c 1fc72403 lw               x8, 508(x14)         x8=00000000 x14:1000040c  PA:10000608
16959181ns          287647 1c008250 428f07b3 p.mac            x15, x30, x8        x15=000000f3 x15:000000f3 x30:00000008  x8:00000000
16959201ns          287648 1c008254 23c72403 lw               x8, 572(x14)         x8=00000000 x14:1000040c  PA:10000648
16959260ns          287651 1c008258 428e87b3 p.mac            x15, x29, x8        x15=000000f3 x15:000000f3 x29:000000fa  x8:00000000
16959280ns          287652 1c00825c 27c72403 lw               x8, 636(x14)         x8=00000000 x14:1000040c  PA:10000688
16959340ns          287655 1c008260 428e07b3 p.mac            x15, x28, x8        x15=000000f3 x15:000000f3 x28:000000fb  x8:00000000
16959360ns          287656 1c008264 2bc72403 lw               x8, 700(x14)         x8=00000001 x14:1000040c  PA:100006c8
16959419ns          287659 1c008268 428307b3 p.mac            x15, x6, x8         x15=000000f8 x15:000000f3  x6:00000005  x8:00000001
16959439ns          287660 1c00826c 2fc72403 lw               x8, 764(x14)         x8=00000000 x14:1000040c  PA:10000708
16959499ns          287663 1c008270 428887b3 p.mac            x15, x17, x8        x15=000000f8 x15:000000f8 x17:00000004  x8:00000000
16959519ns          287664 1c008274 33c72403 lw               x8, 828(x14)         x8=00000001 x14:1000040c  PA:10000748
16959579ns          287667 1c008278 428807b3 p.mac            x15, x16, x8        x15=000001f6 x15:000000f8 x16:000000fe  x8:00000001
16959598ns          287668 1c00827c 37c72403 lw               x8, 892(x14)         x8=00000000 x14:1000040c  PA:10000788
16959658ns          287671 1c008280 428507b3 p.mac            x15, x10, x8        x15=000001f6 x15:000001f6 x10:000000ff  x8:00000000
16959678ns          287672 1c008284 3bc72403 lw               x8, 956(x14)         x8=00000001 x14:1000040c  PA:100007c8
16959738ns          287675 1c008288 428587b3 p.mac            x15, x11, x8        x15=000001f7 x15:000001f6 x11:00000001  x8:00000001
16959758ns          287676 1c00828c 00f6222b p.sw             x15, 4(x12!)        x12=10000bcc x15:000001f7 x12:10000bc8  PA:10000bc8
16959777ns          287677 1c008210 0047278b p.lw             x15, 4(x14!)        x15=00000000 x14=10000410 x14:1000040c  PA:1000040c
16959817ns          287679 1c008214 03c72403 lw               x8, 60(x14)          x8=00000000 x14:10000410  PA:1000044c
16959837ns          287680 1c008216 02fb87b3 mul              x15, x23, x15       x15=00000000 x23:00000010 x15:00000000
16959857ns          287681 1c00821a 428b07b3 p.mac            x15, x22, x8        x15=00000000 x15:00000000 x22:000000f2  x8:00000000
16959877ns          287682 1c00821e 07c72403 lw               x8, 124(x14)         x8=00000001 x14:10000410  PA:1000048c
16959956ns          287686 1c008220 428a87b3 p.mac            x15, x21, x8        x15=000000f3 x15:00000000 x21:000000f3  x8:00000001
16959976ns          287687 1c008224 0bc72403 lw               x8, 188(x14)         x8=00000000 x14:10000410  PA:100004cc
16960036ns          287690 1c008228 428a07b3 p.mac            x15, x20, x8        x15=000000f3 x15:000000f3 x20:0000000d  x8:00000000
16960056ns          287691 1c00822c 0fc72403 lw               x8, 252(x14)         x8=00000000 x14:10000410  PA:1000050c
16960116ns          287694 1c008230 428087b3 p.mac            x15, x1, x8         x15=000000f3 x15:000000f3  x1:0000000c  x8:00000000
16960135ns          287695 1c008234 13c72403 lw               x8, 316(x14)         x8=00000000 x14:10000410  PA:1000054c
16960195ns          287698 1c008238 428387b3 p.mac            x15, x7, x8         x15=000000f3 x15:000000f3  x7:000000f6  x8:00000000
16960215ns          287699 1c00823c 17c72403 lw               x8, 380(x14)         x8=00000000 x14:10000410  PA:1000058c
16960275ns          287702 1c008240 428287b3 p.mac            x15, x5, x8         x15=000000f3 x15:000000f3  x5:000000f7  x8:00000000
16960295ns          287703 1c008244 1bc72403 lw               x8, 444(x14)         x8=00000000 x14:10000410  PA:100005cc
16960354ns          287706 1c008248 428f87b3 p.mac            x15, x31, x8        x15=000000f3 x15:000000f3 x31:00000009  x8:00000000
16960374ns          287707 1c00824c 1fc72403 lw               x8, 508(x14)         x8=00000000 x14:10000410  PA:1000060c
16960434ns          287710 1c008250 428f07b3 p.mac            x15, x30, x8        x15=000000f3 x15:000000f3 x30:00000008  x8:00000000
16960454ns          287711 1c008254 23c72403 lw               x8, 572(x14)         x8=00000000 x14:10000410  PA:1000064c
16960513ns          287714 1c008258 428e87b3 p.mac            x15, x29, x8        x15=000000f3 x15:000000f3 x29:000000fa  x8:00000000
16960533ns          287715 1c00825c 27c72403 lw               x8, 636(x14)         x8=00000001 x14:10000410  PA:1000068c
16960593ns          287718 1c008260 428e07b3 p.mac            x15, x28, x8        x15=000001ee x15:000000f3 x28:000000fb  x8:00000001
16960613ns          287719 1c008264 2bc72403 lw               x8, 700(x14)         x8=00000000 x14:10000410  PA:100006cc
16960672ns          287722 1c008268 428307b3 p.mac            x15, x6, x8         x15=000001ee x15:000001ee  x6:00000005  x8:00000000
16960692ns          287723 1c00826c 2fc72403 lw               x8, 764(x14)         x8=00000000 x14:10000410  PA:1000070c
16960752ns          287726 1c008270 428887b3 p.mac            x15, x17, x8        x15=000001ee x15:000001ee x17:00000004  x8:00000000
16960772ns          287727 1c008274 33c72403 lw               x8, 828(x14)         x8=00000000 x14:10000410  PA:1000074c
16960832ns          287730 1c008278 428807b3 p.mac            x15, x16, x8        x15=000001ee x15:000001ee x16:000000fe  x8:00000000
16960852ns          287731 1c00827c 37c72403 lw               x8, 892(x14)         x8=00000000 x14:10000410  PA:1000078c
16960911ns          287734 1c008280 428507b3 p.mac            x15, x10, x8        x15=000001ee x15:000001ee x10:000000ff  x8:00000000
16960931ns          287735 1c008284 3bc72403 lw               x8, 956(x14)         x8=00000000 x14:10000410  PA:100007cc
16960991ns          287738 1c008288 428587b3 p.mac            x15, x11, x8        x15=000001ee x15:000001ee x11:00000001  x8:00000000
16961011ns          287739 1c00828c 00f6222b p.sw             x15, 4(x12!)        x12=10000bd0 x15:000001ee x12:10000bcc  PA:10000bcc
16961031ns          287740 1c008210 0047278b p.lw             x15, 4(x14!)        x15=00000001 x14=10000414 x14:10000410  PA:10000410
16961070ns          287742 1c008214 03c72403 lw               x8, 60(x14)          x8=00000000 x14:10000414  PA:10000450
16961090ns          287743 1c008216 02fb87b3 mul              x15, x23, x15       x15=00000010 x23:00000010 x15:00000001
16961110ns          287744 1c00821a 428b07b3 p.mac            x15, x22, x8        x15=00000010 x15:00000010 x22:000000f2  x8:00000000
16961130ns          287745 1c00821e 07c72403 lw               x8, 124(x14)         x8=00000000 x14:10000414  PA:10000490
16961210ns          287749 1c008220 428a87b3 p.mac            x15, x21, x8        x15=00000010 x15:00000010 x21:000000f3  x8:00000000
16961229ns          287750 1c008224 0bc72403 lw               x8, 188(x14)         x8=00000000 x14:10000414  PA:100004d0
16961289ns          287753 1c008228 428a07b3 p.mac            x15, x20, x8        x15=00000010 x15:00000010 x20:0000000d  x8:00000000
16961309ns          287754 1c00822c 0fc72403 lw               x8, 252(x14)         x8=00000000 x14:10000414  PA:10000510
16961369ns          287757 1c008230 428087b3 p.mac            x15, x1, x8         x15=00000010 x15:00000010  x1:0000000c  x8:00000000
16961389ns          287758 1c008234 13c72403 lw               x8, 316(x14)         x8=00000000 x14:10000414  PA:10000550
16961448ns          287761 1c008238 428387b3 p.mac            x15, x7, x8         x15=00000010 x15:00000010  x7:000000f6  x8:00000000
16961468ns          287762 1c00823c 17c72403 lw               x8, 380(x14)         x8=00000000 x14:10000414  PA:10000590
16961528ns          287765 1c008240 428287b3 p.mac            x15, x5, x8         x15=00000010 x15:00000010  x5:000000f7  x8:00000000
16961548ns          287766 1c008244 1bc72403 lw               x8, 444(x14)         x8=00000000 x14:10000414  PA:100005d0
16961607ns          287769 1c008248 428f87b3 p.mac            x15, x31, x8        x15=00000010 x15:00000010 x31:00000009  x8:00000000
16961627ns          287770 1c00824c 1fc72403 lw               x8, 508(x14)         x8=00000000 x14:10000414  PA:10000610
16961687ns          287773 1c008250 428f07b3 p.mac            x15, x30, x8        x15=00000010 x15:00000010 x30:00000008  x8:00000000
16961707ns          287774 1c008254 23c72403 lw               x8, 572(x14)         x8=00000000 x14:10000414  PA:10000650
16961766ns          287777 1c008258 428e87b3 p.mac            x15, x29, x8        x15=00000010 x15:00000010 x29:000000fa  x8:00000000
16961786ns          287778 1c00825c 27c72403 lw               x8, 636(x14)         x8=00000001 x14:10000414  PA:10000690
16961846ns          287781 1c008260 428e07b3 p.mac            x15, x28, x8        x15=0000010b x15:00000010 x28:000000fb  x8:00000001
16961866ns          287782 1c008264 2bc72403 lw               x8, 700(x14)         x8=00000000 x14:10000414  PA:100006d0
16961926ns          287785 1c008268 428307b3 p.mac            x15, x6, x8         x15=0000010b x15:0000010b  x6:00000005  x8:00000000
16961946ns          287786 1c00826c 2fc72403 lw               x8, 764(x14)         x8=00000001 x14:10000414  PA:10000710
16962005ns          287789 1c008270 428887b3 p.mac            x15, x17, x8        x15=0000010f x15:0000010b x17:00000004  x8:00000001
16962025ns          287790 1c008274 33c72403 lw               x8, 828(x14)         x8=00000000 x14:10000414  PA:10000750
16962085ns          287793 1c008278 428807b3 p.mac            x15, x16, x8        x15=0000010f x15:0000010f x16:000000fe  x8:00000000
16962105ns          287794 1c00827c 37c72403 lw               x8, 892(x14)         x8=00000000 x14:10000414  PA:10000790
16962164ns          287797 1c008280 428507b3 p.mac            x15, x10, x8        x15=0000010f x15:0000010f x10:000000ff  x8:00000000
16962184ns          287798 1c008284 3bc72403 lw               x8, 956(x14)         x8=00000000 x14:10000414  PA:100007d0
16962244ns          287801 1c008288 428587b3 p.mac            x15, x11, x8        x15=0000010f x15:0000010f x11:00000001  x8:00000000
16962264ns          287802 1c00828c 00f6222b p.sw             x15, 4(x12!)        x12=10000bd4 x15:0000010f x12:10000bd0  PA:10000bd0
16962284ns          287803 1c008210 0047278b p.lw             x15, 4(x14!)        x15=00000000 x14=10000418 x14:10000414  PA:10000414
16962323ns          287805 1c008214 03c72403 lw               x8, 60(x14)          x8=00000000 x14:10000418  PA:10000454
16962343ns          287806 1c008216 02fb87b3 mul              x15, x23, x15       x15=00000000 x23:00000010 x15:00000000
16962363ns          287807 1c00821a 428b07b3 p.mac            x15, x22, x8        x15=00000000 x15:00000000 x22:000000f2  x8:00000000
16962383ns          287808 1c00821e 07c72403 lw               x8, 124(x14)         x8=00000000 x14:10000418  PA:10000494
16962463ns          287812 1c008220 428a87b3 p.mac            x15, x21, x8        x15=00000000 x15:00000000 x21:000000f3  x8:00000000
16962483ns          287813 1c008224 0bc72403 lw               x8, 188(x14)         x8=00000000 x14:10000418  PA:100004d4
16962542ns          287816 1c008228 428a07b3 p.mac            x15, x20, x8        x15=00000000 x15:00000000 x20:0000000d  x8:00000000
16962562ns          287817 1c00822c 0fc72403 lw               x8, 252(x14)         x8=00000001 x14:10000418  PA:10000514
16962622ns          287820 1c008230 428087b3 p.mac            x15, x1, x8         x15=0000000c x15:00000000  x1:0000000c  x8:00000001
16962642ns          287821 1c008234 13c72403 lw               x8, 316(x14)         x8=00000000 x14:10000418  PA:10000554
16962701ns          287824 1c008238 428387b3 p.mac            x15, x7, x8         x15=0000000c x15:0000000c  x7:000000f6  x8:00000000
16962721ns          287825 1c00823c 17c72403 lw               x8, 380(x14)         x8=00000000 x14:10000418  PA:10000594
16962781ns          287828 1c008240 428287b3 p.mac            x15, x5, x8         x15=0000000c x15:0000000c  x5:000000f7  x8:00000000
16962801ns          287829 1c008244 1bc72403 lw               x8, 444(x14)         x8=00000000 x14:10000418  PA:100005d4
16962860ns          287832 1c008248 428f87b3 p.mac            x15, x31, x8        x15=0000000c x15:0000000c x31:00000009  x8:00000000
16962880ns          287833 1c00824c 1fc72403 lw               x8, 508(x14)         x8=00000000 x14:10000418  PA:10000614
16962940ns          287836 1c008250 428f07b3 p.mac            x15, x30, x8        x15=0000000c x15:0000000c x30:00000008  x8:00000000
16962960ns          287837 1c008254 23c72403 lw               x8, 572(x14)         x8=00000001 x14:10000418  PA:10000654
16963020ns          287840 1c008258 428e87b3 p.mac            x15, x29, x8        x15=00000106 x15:0000000c x29:000000fa  x8:00000001
16963039ns          287841 1c00825c 27c72403 lw               x8, 636(x14)         x8=00000000 x14:10000418  PA:10000694
16963099ns          287844 1c008260 428e07b3 p.mac            x15, x28, x8        x15=00000106 x15:00000106 x28:000000fb  x8:00000000
16963119ns          287845 1c008264 2bc72403 lw               x8, 700(x14)         x8=00000000 x14:10000418  PA:100006d4
16963179ns          287848 1c008268 428307b3 p.mac            x15, x6, x8         x15=00000106 x15:00000106  x6:00000005  x8:00000000
16963199ns          287849 1c00826c 2fc72403 lw               x8, 764(x14)         x8=00000000 x14:10000418  PA:10000714
16963258ns          287852 1c008270 428887b3 p.mac            x15, x17, x8        x15=00000106 x15:00000106 x17:00000004  x8:00000000
16963278ns          287853 1c008274 33c72403 lw               x8, 828(x14)         x8=00000000 x14:10000418  PA:10000754
16963338ns          287856 1c008278 428807b3 p.mac            x15, x16, x8        x15=00000106 x15:00000106 x16:000000fe  x8:00000000
16963358ns          287857 1c00827c 37c72403 lw               x8, 892(x14)         x8=00000000 x14:10000418  PA:10000794
16963417ns          287860 1c008280 428507b3 p.mac            x15, x10, x8        x15=00000106 x15:00000106 x10:000000ff  x8:00000000
16963437ns          287861 1c008284 3bc72403 lw               x8, 956(x14)         x8=00000000 x14:10000418  PA:100007d4
16963497ns          287864 1c008288 428587b3 p.mac            x15, x11, x8        x15=00000106 x15:00000106 x11:00000001  x8:00000000
16963517ns          287865 1c00828c 00f6222b p.sw             x15, 4(x12!)        x12=10000bd8 x15:00000106 x12:10000bd4  PA:10000bd4
16963537ns          287866 1c008210 0047278b p.lw             x15, 4(x14!)        x15=00000000 x14=1000041c x14:10000418  PA:10000418
16963577ns          287868 1c008214 03c72403 lw               x8, 60(x14)          x8=00000000 x14:1000041c  PA:10000458
16963596ns          287869 1c008216 02fb87b3 mul              x15, x23, x15       x15=00000000 x23:00000010 x15:00000000
16963616ns          287870 1c00821a 428b07b3 p.mac            x15, x22, x8        x15=00000000 x15:00000000 x22:000000f2  x8:00000000
16963636ns          287871 1c00821e 07c72403 lw               x8, 124(x14)         x8=00000000 x14:1000041c  PA:10000498
16963716ns          287875 1c008220 428a87b3 p.mac            x15, x21, x8        x15=00000000 x15:00000000 x21:000000f3  x8:00000000
16963736ns          287876 1c008224 0bc72403 lw               x8, 188(x14)         x8=00000000 x14:1000041c  PA:100004d8
16963795ns          287879 1c008228 428a07b3 p.mac            x15, x20, x8        x15=00000000 x15:00000000 x20:0000000d  x8:00000000
16963815ns          287880 1c00822c 0fc72403 lw               x8, 252(x14)         x8=00000000 x14:1000041c  PA:10000518
16963875ns          287883 1c008230 428087b3 p.mac            x15, x1, x8         x15=00000000 x15:00000000  x1:0000000c  x8:00000000
16963895ns          287884 1c008234 13c72403 lw               x8, 316(x14)         x8=00000000 x14:1000041c  PA:10000558
16963954ns          287887 1c008238 428387b3 p.mac            x15, x7, x8         x15=00000000 x15:00000000  x7:000000f6  x8:00000000
16963974ns          287888 1c00823c 17c72403 lw               x8, 380(x14)         x8=00000000 x14:1000041c  PA:10000598
16964034ns          287891 1c008240 428287b3 p.mac            x15, x5, x8         x15=00000000 x15:00000000  x5:000000f7  x8:00000000
16964054ns          287892 1c008244 1bc72403 lw               x8, 444(x14)         x8=00000000 x14:1000041c  PA:100005d8
16964114ns          287895 1c008248 428f87b3 p.mac            x15, x31, x8        x15=00000000 x15:00000000 x31:00000009  x8:00000000
16964133ns          287896 1c00824c 1fc72403 lw               x8, 508(x14)         x8=00000000 x14:1000041c  PA:10000618
16964193ns          287899 1c008250 428f07b3 p.mac            x15, x30, x8        x15=00000000 x15:00000000 x30:00000008  x8:00000000
16964213ns          287900 1c008254 23c72403 lw               x8, 572(x14)         x8=00000000 x14:1000041c  PA:10000658
16964273ns          287903 1c008258 428e87b3 p.mac            x15, x29, x8        x15=00000000 x15:00000000 x29:000000fa  x8:00000000
16964293ns          287904 1c00825c 27c72403 lw               x8, 636(x14)         x8=00000000 x14:1000041c  PA:10000698
16964352ns          287907 1c008260 428e07b3 p.mac            x15, x28, x8        x15=00000000 x15:00000000 x28:000000fb  x8:00000000
16964372ns          287908 1c008264 2bc72403 lw               x8, 700(x14)         x8=00000000 x14:1000041c  PA:100006d8
16964432ns          287911 1c008268 428307b3 p.mac            x15, x6, x8         x15=00000000 x15:00000000  x6:00000005  x8:00000000
16964452ns          287912 1c00826c 2fc72403 lw               x8, 764(x14)         x8=00000000 x14:1000041c  PA:10000718
16964511ns          287915 1c008270 428887b3 p.mac            x15, x17, x8        x15=00000000 x15:00000000 x17:00000004  x8:00000000
16964531ns          287916 1c008274 33c72403 lw               x8, 828(x14)         x8=00000000 x14:1000041c  PA:10000758
16964591ns          287919 1c008278 428807b3 p.mac            x15, x16, x8        x15=00000000 x15:00000000 x16:000000fe  x8:00000000
16964611ns          287920 1c00827c 37c72403 lw               x8, 892(x14)         x8=00000000 x14:1000041c  PA:10000798
16964671ns          287923 1c008280 428507b3 p.mac            x15, x10, x8        x15=00000000 x15:00000000 x10:000000ff  x8:00000000
16964690ns          287924 1c008284 3bc72403 lw               x8, 956(x14)         x8=00000000 x14:1000041c  PA:100007d8
16964750ns          287927 1c008288 428587b3 p.mac            x15, x11, x8        x15=00000000 x15:00000000 x11:00000001  x8:00000000
16964770ns          287928 1c00828c 00f6222b p.sw             x15, 4(x12!)        x12=10000bdc x15:00000000 x12:10000bd8  PA:10000bd8
16964790ns          287929 1c008210 0047278b p.lw             x15, 4(x14!)        x15=00000000 x14=10000420 x14:1000041c  PA:1000041c
16964830ns          287931 1c008214 03c72403 lw               x8, 60(x14)          x8=00000001 x14:10000420  PA:1000045c
16964850ns          287932 1c008216 02fb87b3 mul              x15, x23, x15       x15=00000000 x23:00000010 x15:00000000
16964869ns          287933 1c00821a 428b07b3 p.mac            x15, x22, x8        x15=000000f2 x15:00000000 x22:000000f2  x8:00000001
16964889ns          287934 1c00821e 07c72403 lw               x8, 124(x14)         x8=00000001 x14:10000420  PA:1000049c
16964969ns          287938 1c008220 428a87b3 p.mac            x15, x21, x8        x15=000001e5 x15:000000f2 x21:000000f3  x8:00000001
16964989ns          287939 1c008224 0bc72403 lw               x8, 188(x14)         x8=00000000 x14:10000420  PA:100004dc
16965048ns          287942 1c008228 428a07b3 p.mac            x15, x20, x8        x15=000001e5 x15:000001e5 x20:0000000d  x8:00000000
16965068ns          287943 1c00822c 0fc72403 lw               x8, 252(x14)         x8=00000000 x14:10000420  PA:1000051c
16965128ns          287946 1c008230 428087b3 p.mac            x15, x1, x8         x15=000001e5 x15:000001e5  x1:0000000c  x8:00000000
16965148ns          287947 1c008234 13c72403 lw               x8, 316(x14)         x8=00000001 x14:10000420  PA:1000055c
16965208ns          287950 1c008238 428387b3 p.mac            x15, x7, x8         x15=000002db x15:000001e5  x7:000000f6  x8:00000001
16965227ns          287951 1c00823c 17c72403 lw               x8, 380(x14)         x8=00000000 x14:10000420  PA:1000059c
16965287ns          287954 1c008240 428287b3 p.mac            x15, x5, x8         x15=000002db x15:000002db  x5:000000f7  x8:00000000
16965307ns          287955 1c008244 1bc72403 lw               x8, 444(x14)         x8=00000000 x14:10000420  PA:100005dc
16965367ns          287958 1c008248 428f87b3 p.mac            x15, x31, x8        x15=000002db x15:000002db x31:00000009  x8:00000000
16965387ns          287959 1c00824c 1fc72403 lw               x8, 508(x14)         x8=00000000 x14:10000420  PA:1000061c
16965446ns          287962 1c008250 428f07b3 p.mac            x15, x30, x8        x15=000002db x15:000002db x30:00000008  x8:00000000
16965466ns          287963 1c008254 23c72403 lw               x8, 572(x14)         x8=00000000 x14:10000420  PA:1000065c
16965526ns          287966 1c008258 428e87b3 p.mac            x15, x29, x8        x15=000002db x15:000002db x29:000000fa  x8:00000000
16965546ns          287967 1c00825c 27c72403 lw               x8, 636(x14)         x8=00000000 x14:10000420  PA:1000069c
16965605ns          287970 1c008260 428e07b3 p.mac            x15, x28, x8        x15=000002db x15:000002db x28:000000fb  x8:00000000
16965625ns          287971 1c008264 2bc72403 lw               x8, 700(x14)         x8=00000000 x14:10000420  PA:100006dc
16965685ns          287974 1c008268 428307b3 p.mac            x15, x6, x8         x15=000002db x15:000002db  x6:00000005  x8:00000000
16965705ns          287975 1c00826c 2fc72403 lw               x8, 764(x14)         x8=00000000 x14:10000420  PA:1000071c
16965765ns          287978 1c008270 428887b3 p.mac            x15, x17, x8        x15=000002db x15:000002db x17:00000004  x8:00000000
16965784ns          287979 1c008274 33c72403 lw               x8, 828(x14)         x8=00000000 x14:10000420  PA:1000075c
16965844ns          287982 1c008278 428807b3 p.mac            x15, x16, x8        x15=000002db x15:000002db x16:000000fe  x8:00000000
16965864ns          287983 1c00827c 37c72403 lw               x8, 892(x14)         x8=00000000 x14:10000420  PA:1000079c
16965924ns          287986 1c008280 428507b3 p.mac            x15, x10, x8        x15=000002db x15:000002db x10:000000ff  x8:00000000
16965944ns          287987 1c008284 3bc72403 lw               x8, 956(x14)         x8=00000000 x14:10000420  PA:100007dc
16966003ns          287990 1c008288 428587b3 p.mac            x15, x11, x8        x15=000002db x15:000002db x11:00000001  x8:00000000
16966023ns          287991 1c00828c 00f6222b p.sw             x15, 4(x12!)        x12=10000be0 x15:000002db x12:10000bdc  PA:10000bdc
16966043ns          287992 1c008210 0047278b p.lw             x15, 4(x14!)        x15=00000000 x14=10000424 x14:10000420  PA:10000420
16966083ns          287994 1c008214 03c72403 lw               x8, 60(x14)          x8=00000000 x14:10000424  PA:10000460
16966103ns          287995 1c008216 02fb87b3 mul              x15, x23, x15       x15=00000000 x23:00000010 x15:00000000
16966123ns          287996 1c00821a 428b07b3 p.mac            x15, x22, x8        x15=00000000 x15:00000000 x22:000000f2  x8:00000000
16966142ns          287997 1c00821e 07c72403 lw               x8, 124(x14)         x8=00000000 x14:10000424  PA:100004a0
16966222ns          288001 1c008220 428a87b3 p.mac            x15, x21, x8        x15=00000000 x15:00000000 x21:000000f3  x8:00000000
16966242ns          288002 1c008224 0bc72403 lw               x8, 188(x14)         x8=00000000 x14:10000424  PA:100004e0
16966302ns          288005 1c008228 428a07b3 p.mac            x15, x20, x8        x15=00000000 x15:00000000 x20:0000000d  x8:00000000
16966321ns          288006 1c00822c 0fc72403 lw               x8, 252(x14)         x8=00000000 x14:10000424  PA:10000520
16966381ns          288009 1c008230 428087b3 p.mac            x15, x1, x8         x15=00000000 x15:00000000  x1:0000000c  x8:00000000
16966401ns          288010 1c008234 13c72403 lw               x8, 316(x14)         x8=00000000 x14:10000424  PA:10000560
16966461ns          288013 1c008238 428387b3 p.mac            x15, x7, x8         x15=00000000 x15:00000000  x7:000000f6  x8:00000000
16966481ns          288014 1c00823c 17c72403 lw               x8, 380(x14)         x8=00000000 x14:10000424  PA:100005a0
16966540ns          288017 1c008240 428287b3 p.mac            x15, x5, x8         x15=00000000 x15:00000000  x5:000000f7  x8:00000000
16966560ns          288018 1c008244 1bc72403 lw               x8, 444(x14)         x8=00000000 x14:10000424  PA:100005e0
16966620ns          288021 1c008248 428f87b3 p.mac            x15, x31, x8        x15=00000000 x15:00000000 x31:00000009  x8:00000000
16966640ns          288022 1c00824c 1fc72403 lw               x8, 508(x14)         x8=00000001 x14:10000424  PA:10000620
16966699ns          288025 1c008250 428f07b3 p.mac            x15, x30, x8        x15=00000008 x15:00000000 x30:00000008  x8:00000001
16966719ns          288026 1c008254 23c72403 lw               x8, 572(x14)         x8=00000000 x14:10000424  PA:10000660
16966779ns          288029 1c008258 428e87b3 p.mac            x15, x29, x8        x15=00000008 x15:00000008 x29:000000fa  x8:00000000
16966799ns          288030 1c00825c 27c72403 lw               x8, 636(x14)         x8=00000000 x14:10000424  PA:100006a0
16966859ns          288033 1c008260 428e07b3 p.mac            x15, x28, x8        x15=00000008 x15:00000008 x28:000000fb  x8:00000000
16966878ns          288034 1c008264 2bc72403 lw               x8, 700(x14)         x8=00000000 x14:10000424  PA:100006e0
16966938ns          288037 1c008268 428307b3 p.mac            x15, x6, x8         x15=00000008 x15:00000008  x6:00000005  x8:00000000
16966958ns          288038 1c00826c 2fc72403 lw               x8, 764(x14)         x8=00000001 x14:10000424  PA:10000720
16967018ns          288041 1c008270 428887b3 p.mac            x15, x17, x8        x15=0000000c x15:00000008 x17:00000004  x8:00000001
16967038ns          288042 1c008274 33c72403 lw               x8, 828(x14)         x8=00000000 x14:10000424  PA:10000760
16967097ns          288045 1c008278 428807b3 p.mac            x15, x16, x8        x15=0000000c x15:0000000c x16:000000fe  x8:00000000
16967117ns          288046 1c00827c 37c72403 lw               x8, 892(x14)         x8=00000000 x14:10000424  PA:100007a0
16967177ns          288049 1c008280 428507b3 p.mac            x15, x10, x8        x15=0000000c x15:0000000c x10:000000ff  x8:00000000
16967197ns          288050 1c008284 3bc72403 lw               x8, 956(x14)         x8=00000000 x14:10000424  PA:100007e0
16967256ns          288053 1c008288 428587b3 p.mac            x15, x11, x8        x15=0000000c x15:0000000c x11:00000001  x8:00000000
16967276ns          288054 1c00828c 00f6222b p.sw             x15, 4(x12!)        x12=10000be4 x15:0000000c x12:10000be0  PA:10000be0
16967296ns          288055 1c008210 0047278b p.lw             x15, 4(x14!)        x15=00000000 x14=10000428 x14:10000424  PA:10000424
16967336ns          288057 1c008214 03c72403 lw               x8, 60(x14)          x8=00000000 x14:10000428  PA:10000464
16967356ns          288058 1c008216 02fb87b3 mul              x15, x23, x15       x15=00000000 x23:00000010 x15:00000000
16967376ns          288059 1c00821a 428b07b3 p.mac            x15, x22, x8        x15=00000000 x15:00000000 x22:000000f2  x8:00000000
16967396ns          288060 1c00821e 07c72403 lw               x8, 124(x14)         x8=00000001 x14:10000428  PA:100004a4
16967475ns          288064 1c008220 428a87b3 p.mac            x15, x21, x8        x15=000000f3 x15:00000000 x21:000000f3  x8:00000001
16967495ns          288065 1c008224 0bc72403 lw               x8, 188(x14)         x8=00000000 x14:10000428  PA:100004e4
16967555ns          288068 1c008228 428a07b3 p.mac            x15, x20, x8        x15=000000f3 x15:000000f3 x20:0000000d  x8:00000000
16967575ns          288069 1c00822c 0fc72403 lw               x8, 252(x14)         x8=00000000 x14:10000428  PA:10000524
16967634ns          288072 1c008230 428087b3 p.mac            x15, x1, x8         x15=000000f3 x15:000000f3  x1:0000000c  x8:00000000
16967654ns          288073 1c008234 13c72403 lw               x8, 316(x14)         x8=00000000 x14:10000428  PA:10000564
16967714ns          288076 1c008238 428387b3 p.mac            x15, x7, x8         x15=000000f3 x15:000000f3  x7:000000f6  x8:00000000
16967734ns          288077 1c00823c 17c72403 lw               x8, 380(x14)         x8=00000000 x14:10000428  PA:100005a4
16967793ns          288080 1c008240 428287b3 p.mac            x15, x5, x8         x15=000000f3 x15:000000f3  x5:000000f7  x8:00000000
16967813ns          288081 1c008244 1bc72403 lw               x8, 444(x14)         x8=00000000 x14:10000428  PA:100005e4
16967873ns          288084 1c008248 428f87b3 p.mac            x15, x31, x8        x15=000000f3 x15:000000f3 x31:00000009  x8:00000000
16967893ns          288085 1c00824c 1fc72403 lw               x8, 508(x14)         x8=00000000 x14:10000428  PA:10000624
16967953ns          288088 1c008250 428f07b3 p.mac            x15, x30, x8        x15=000000f3 x15:000000f3 x30:00000008  x8:00000000
16967972ns          288089 1c008254 23c72403 lw               x8, 572(x14)         x8=00000000 x14:10000428  PA:10000664
16968032ns          288092 1c008258 428e87b3 p.mac            x15, x29, x8        x15=000000f3 x15:000000f3 x29:000000fa  x8:00000000
16968052ns          288093 1c00825c 27c72403 lw               x8, 636(x14)         x8=00000000 x14:10000428  PA:100006a4
16968112ns          288096 1c008260 428e07b3 p.mac            x15, x28, x8        x15=000000f3 x15:000000f3 x28:000000fb  x8:00000000
16968132ns          288097 1c008264 2bc72403 lw               x8, 700(x14)         x8=00000000 x14:10000428  PA:100006e4
16968191ns          288100 1c008268 428307b3 p.mac            x15, x6, x8         x15=000000f3 x15:000000f3  x6:00000005  x8:00000000
16968211ns          288101 1c00826c 2fc72403 lw               x8, 764(x14)         x8=00000001 x14:10000428  PA:10000724
16968271ns          288104 1c008270 428887b3 p.mac            x15, x17, x8        x15=000000f7 x15:000000f3 x17:00000004  x8:00000001
16968291ns          288105 1c008274 33c72403 lw               x8, 828(x14)         x8=00000001 x14:10000428  PA:10000764
16968350ns          288108 1c008278 428807b3 p.mac            x15, x16, x8        x15=000001f5 x15:000000f7 x16:000000fe  x8:00000001
16968370ns          288109 1c00827c 37c72403 lw               x8, 892(x14)         x8=00000000 x14:10000428  PA:100007a4
16968430ns          288112 1c008280 428507b3 p.mac            x15, x10, x8        x15=000001f5 x15:000001f5 x10:000000ff  x8:00000000
16968450ns          288113 1c008284 3bc72403 lw               x8, 956(x14)         x8=00000000 x14:10000428  PA:100007e4
16968509ns          288116 1c008288 428587b3 p.mac            x15, x11, x8        x15=000001f5 x15:000001f5 x11:00000001  x8:00000000
16968529ns          288117 1c00828c 00f6222b p.sw             x15, 4(x12!)        x12=10000be8 x15:000001f5 x12:10000be4  PA:10000be4
16968549ns          288118 1c008210 0047278b p.lw             x15, 4(x14!)        x15=00000000 x14=1000042c x14:10000428  PA:10000428
16968589ns          288120 1c008214 03c72403 lw               x8, 60(x14)          x8=00000000 x14:1000042c  PA:10000468
16968609ns          288121 1c008216 02fb87b3 mul              x15, x23, x15       x15=00000000 x23:00000010 x15:00000000
16968629ns          288122 1c00821a 428b07b3 p.mac            x15, x22, x8        x15=00000000 x15:00000000 x22:000000f2  x8:00000000
16968649ns          288123 1c00821e 07c72403 lw               x8, 124(x14)         x8=00000000 x14:1000042c  PA:100004a8
16968728ns          288127 1c008220 428a87b3 p.mac            x15, x21, x8        x15=00000000 x15:00000000 x21:000000f3  x8:00000000
16968748ns          288128 1c008224 0bc72403 lw               x8, 188(x14)         x8=00000000 x14:1000042c  PA:100004e8
16968808ns          288131 1c008228 428a07b3 p.mac            x15, x20, x8        x15=00000000 x15:00000000 x20:0000000d  x8:00000000
16968828ns          288132 1c00822c 0fc72403 lw               x8, 252(x14)         x8=00000000 x14:1000042c  PA:10000528
16968887ns          288135 1c008230 428087b3 p.mac            x15, x1, x8         x15=00000000 x15:00000000  x1:0000000c  x8:00000000
16968907ns          288136 1c008234 13c72403 lw               x8, 316(x14)         x8=00000000 x14:1000042c  PA:10000568
16968967ns          288139 1c008238 428387b3 p.mac            x15, x7, x8         x15=00000000 x15:00000000  x7:000000f6  x8:00000000
16968987ns          288140 1c00823c 17c72403 lw               x8, 380(x14)         x8=00000000 x14:1000042c  PA:100005a8
16969047ns          288143 1c008240 428287b3 p.mac            x15, x5, x8         x15=00000000 x15:00000000  x5:000000f7  x8:00000000
16969066ns          288144 1c008244 1bc72403 lw               x8, 444(x14)         x8=00000000 x14:1000042c  PA:100005e8
16969126ns          288147 1c008248 428f87b3 p.mac            x15, x31, x8        x15=00000000 x15:00000000 x31:00000009  x8:00000000
16969146ns          288148 1c00824c 1fc72403 lw               x8, 508(x14)         x8=00000000 x14:1000042c  PA:10000628
16969206ns          288151 1c008250 428f07b3 p.mac            x15, x30, x8        x15=00000000 x15:00000000 x30:00000008  x8:00000000
16969226ns          288152 1c008254 23c72403 lw               x8, 572(x14)         x8=00000000 x14:1000042c  PA:10000668
16969285ns          288155 1c008258 428e87b3 p.mac            x15, x29, x8        x15=00000000 x15:00000000 x29:000000fa  x8:00000000
16969305ns          288156 1c00825c 27c72403 lw               x8, 636(x14)         x8=00000000 x14:1000042c  PA:100006a8
16969365ns          288159 1c008260 428e07b3 p.mac            x15, x28, x8        x15=00000000 x15:00000000 x28:000000fb  x8:00000000
16969385ns          288160 1c008264 2bc72403 lw               x8, 700(x14)         x8=00000000 x14:1000042c  PA:100006e8
16969444ns          288163 1c008268 428307b3 p.mac            x15, x6, x8         x15=00000000 x15:00000000  x6:00000005  x8:00000000
16969464ns          288164 1c00826c 2fc72403 lw               x8, 764(x14)         x8=00000000 x14:1000042c  PA:10000728
16969524ns          288167 1c008270 428887b3 p.mac            x15, x17, x8        x15=00000000 x15:00000000 x17:00000004  x8:00000000
16969544ns          288168 1c008274 33c72403 lw               x8, 828(x14)         x8=00000000 x14:1000042c  PA:10000768
16969603ns          288171 1c008278 428807b3 p.mac            x15, x16, x8        x15=00000000 x15:00000000 x16:000000fe  x8:00000000
16969623ns          288172 1c00827c 37c72403 lw               x8, 892(x14)         x8=00000000 x14:1000042c  PA:100007a8
16969683ns          288175 1c008280 428507b3 p.mac            x15, x10, x8        x15=00000000 x15:00000000 x10:000000ff  x8:00000000
16969703ns          288176 1c008284 3bc72403 lw               x8, 956(x14)         x8=00000000 x14:1000042c  PA:100007e8
16969763ns          288179 1c008288 428587b3 p.mac            x15, x11, x8        x15=00000000 x15:00000000 x11:00000001  x8:00000000
16969782ns          288180 1c00828c 00f6222b p.sw             x15, 4(x12!)        x12=10000bec x15:00000000 x12:10000be8  PA:10000be8
16969802ns          288181 1c008210 0047278b p.lw             x15, 4(x14!)        x15=00000000 x14=10000430 x14:1000042c  PA:1000042c
16969842ns          288183 1c008214 03c72403 lw               x8, 60(x14)          x8=00000000 x14:10000430  PA:1000046c
16969862ns          288184 1c008216 02fb87b3 mul              x15, x23, x15       x15=00000000 x23:00000010 x15:00000000
16969882ns          288185 1c00821a 428b07b3 p.mac            x15, x22, x8        x15=00000000 x15:00000000 x22:000000f2  x8:00000000
16969902ns          288186 1c00821e 07c72403 lw               x8, 124(x14)         x8=00000000 x14:10000430  PA:100004ac
16969981ns          288190 1c008220 428a87b3 p.mac            x15, x21, x8        x15=00000000 x15:00000000 x21:000000f3  x8:00000000
16970001ns          288191 1c008224 0bc72403 lw               x8, 188(x14)         x8=00000000 x14:10000430  PA:100004ec
16970061ns          288194 1c008228 428a07b3 p.mac            x15, x20, x8        x15=00000000 x15:00000000 x20:0000000d  x8:00000000
16970081ns          288195 1c00822c 0fc72403 lw               x8, 252(x14)         x8=00000000 x14:10000430  PA:1000052c
16970140ns          288198 1c008230 428087b3 p.mac            x15, x1, x8         x15=00000000 x15:00000000  x1:0000000c  x8:00000000
16970160ns          288199 1c008234 13c72403 lw               x8, 316(x14)         x8=00000000 x14:10000430  PA:1000056c
16970220ns          288202 1c008238 428387b3 p.mac            x15, x7, x8         x15=00000000 x15:00000000  x7:000000f6  x8:00000000
16970240ns          288203 1c00823c 17c72403 lw               x8, 380(x14)         x8=00000001 x14:10000430  PA:100005ac
16970300ns          288206 1c008240 428287b3 p.mac            x15, x5, x8         x15=000000f7 x15:00000000  x5:000000f7  x8:00000001
16970320ns          288207 1c008244 1bc72403 lw               x8, 444(x14)         x8=00000000 x14:10000430  PA:100005ec
16970379ns          288210 1c008248 428f87b3 p.mac            x15, x31, x8        x15=000000f7 x15:000000f7 x31:00000009  x8:00000000
16970399ns          288211 1c00824c 1fc72403 lw               x8, 508(x14)         x8=00000000 x14:10000430  PA:1000062c
16970459ns          288214 1c008250 428f07b3 p.mac            x15, x30, x8        x15=000000f7 x15:000000f7 x30:00000008  x8:00000000
16970479ns          288215 1c008254 23c72403 lw               x8, 572(x14)         x8=00000000 x14:10000430  PA:1000066c
16970538ns          288218 1c008258 428e87b3 p.mac            x15, x29, x8        x15=000000f7 x15:000000f7 x29:000000fa  x8:00000000
16970558ns          288219 1c00825c 27c72403 lw               x8, 636(x14)         x8=00000001 x14:10000430  PA:100006ac
16970618ns          288222 1c008260 428e07b3 p.mac            x15, x28, x8        x15=000001f2 x15:000000f7 x28:000000fb  x8:00000001
16970638ns          288223 1c008264 2bc72403 lw               x8, 700(x14)         x8=00000000 x14:10000430  PA:100006ec
16970697ns          288226 1c008268 428307b3 p.mac            x15, x6, x8         x15=000001f2 x15:000001f2  x6:00000005  x8:00000000
16970717ns          288227 1c00826c 2fc72403 lw               x8, 764(x14)         x8=00000000 x14:10000430  PA:1000072c
16970777ns          288230 1c008270 428887b3 p.mac            x15, x17, x8        x15=000001f2 x15:000001f2 x17:00000004  x8:00000000
16970797ns          288231 1c008274 33c72403 lw               x8, 828(x14)         x8=00000000 x14:10000430  PA:1000076c
16970857ns          288234 1c008278 428807b3 p.mac            x15, x16, x8        x15=000001f2 x15:000001f2 x16:000000fe  x8:00000000
16970876ns          288235 1c00827c 37c72403 lw               x8, 892(x14)         x8=00000000 x14:10000430  PA:100007ac
16970936ns          288238 1c008280 428507b3 p.mac            x15, x10, x8        x15=000001f2 x15:000001f2 x10:000000ff  x8:00000000
16970956ns          288239 1c008284 3bc72403 lw               x8, 956(x14)         x8=00000000 x14:10000430  PA:100007ec
16971016ns          288242 1c008288 428587b3 p.mac            x15, x11, x8        x15=000001f2 x15:000001f2 x11:00000001  x8:00000000
16971036ns          288243 1c00828c 00f6222b p.sw             x15, 4(x12!)        x12=10000bf0 x15:000001f2 x12:10000bec  PA:10000bec
16971055ns          288244 1c008210 0047278b p.lw             x15, 4(x14!)        x15=00000000 x14=10000434 x14:10000430  PA:10000430
16971095ns          288246 1c008214 03c72403 lw               x8, 60(x14)          x8=00000000 x14:10000434  PA:10000470
16971115ns          288247 1c008216 02fb87b3 mul              x15, x23, x15       x15=00000000 x23:00000010 x15:00000000
16971135ns          288248 1c00821a 428b07b3 p.mac            x15, x22, x8        x15=00000000 x15:00000000 x22:000000f2  x8:00000000
16971155ns          288249 1c00821e 07c72403 lw               x8, 124(x14)         x8=00000000 x14:10000434  PA:100004b0
16971234ns          288253 1c008220 428a87b3 p.mac            x15, x21, x8        x15=00000000 x15:00000000 x21:000000f3  x8:00000000
16971254ns          288254 1c008224 0bc72403 lw               x8, 188(x14)         x8=00000001 x14:10000434  PA:100004f0
16971314ns          288257 1c008228 428a07b3 p.mac            x15, x20, x8        x15=0000000d x15:00000000 x20:0000000d  x8:00000001
16971334ns          288258 1c00822c 0fc72403 lw               x8, 252(x14)         x8=00000001 x14:10000434  PA:10000530
16971394ns          288261 1c008230 428087b3 p.mac            x15, x1, x8         x15=00000019 x15:0000000d  x1:0000000c  x8:00000001
16971413ns          288262 1c008234 13c72403 lw               x8, 316(x14)         x8=00000000 x14:10000434  PA:10000570
16971473ns          288265 1c008238 428387b3 p.mac            x15, x7, x8         x15=00000019 x15:00000019  x7:000000f6  x8:00000000
16971493ns          288266 1c00823c 17c72403 lw               x8, 380(x14)         x8=00000000 x14:10000434  PA:100005b0
16971553ns          288269 1c008240 428287b3 p.mac            x15, x5, x8         x15=00000019 x15:00000019  x5:000000f7  x8:00000000
16971573ns          288270 1c008244 1bc72403 lw               x8, 444(x14)         x8=00000000 x14:10000434  PA:100005f0
16971632ns          288273 1c008248 428f87b3 p.mac            x15, x31, x8        x15=00000019 x15:00000019 x31:00000009  x8:00000000
16971652ns          288274 1c00824c 1fc72403 lw               x8, 508(x14)         x8=00000000 x14:10000434  PA:10000630
16971712ns          288277 1c008250 428f07b3 p.mac            x15, x30, x8        x15=00000019 x15:00000019 x30:00000008  x8:00000000
16971732ns          288278 1c008254 23c72403 lw               x8, 572(x14)         x8=00000000 x14:10000434  PA:10000670
16971791ns          288281 1c008258 428e87b3 p.mac            x15, x29, x8        x15=00000019 x15:00000019 x29:000000fa  x8:00000000
16971811ns          288282 1c00825c 27c72403 lw               x8, 636(x14)         x8=00000001 x14:10000434  PA:100006b0
16971871ns          288285 1c008260 428e07b3 p.mac            x15, x28, x8        x15=00000114 x15:00000019 x28:000000fb  x8:00000001
16971891ns          288286 1c008264 2bc72403 lw               x8, 700(x14)         x8=00000000 x14:10000434  PA:100006f0
16971951ns          288289 1c008268 428307b3 p.mac            x15, x6, x8         x15=00000114 x15:00000114  x6:00000005  x8:00000000
16971970ns          288290 1c00826c 2fc72403 lw               x8, 764(x14)         x8=00000001 x14:10000434  PA:10000730
16972030ns          288293 1c008270 428887b3 p.mac            x15, x17, x8        x15=00000118 x15:00000114 x17:00000004  x8:00000001
16972050ns          288294 1c008274 33c72403 lw               x8, 828(x14)         x8=00000000 x14:10000434  PA:10000770
16972110ns          288297 1c008278 428807b3 p.mac            x15, x16, x8        x15=00000118 x15:00000118 x16:000000fe  x8:00000000
16972130ns          288298 1c00827c 37c72403 lw               x8, 892(x14)         x8=00000000 x14:10000434  PA:100007b0
16972189ns          288301 1c008280 428507b3 p.mac            x15, x10, x8        x15=00000118 x15:00000118 x10:000000ff  x8:00000000
16972209ns          288302 1c008284 3bc72403 lw               x8, 956(x14)         x8=00000000 x14:10000434  PA:100007f0
16972269ns          288305 1c008288 428587b3 p.mac            x15, x11, x8        x15=00000118 x15:00000118 x11:00000001  x8:00000000
16972289ns          288306 1c00828c 00f6222b p.sw             x15, 4(x12!)        x12=10000bf4 x15:00000118 x12:10000bf0  PA:10000bf0
16972309ns          288307 1c008210 0047278b p.lw             x15, 4(x14!)        x15=00000000 x14=10000438 x14:10000434  PA:10000434
16972348ns          288309 1c008214 03c72403 lw               x8, 60(x14)          x8=00000000 x14:10000438  PA:10000474
16972368ns          288310 1c008216 02fb87b3 mul              x15, x23, x15       x15=00000000 x23:00000010 x15:00000000
16972388ns          288311 1c00821a 428b07b3 p.mac            x15, x22, x8        x15=00000000 x15:00000000 x22:000000f2  x8:00000000
16972408ns          288312 1c00821e 07c72403 lw               x8, 124(x14)         x8=00000000 x14:10000438  PA:100004b4
16972488ns          288316 1c008220 428a87b3 p.mac            x15, x21, x8        x15=00000000 x15:00000000 x21:000000f3  x8:00000000
16972507ns          288317 1c008224 0bc72403 lw               x8, 188(x14)         x8=00000001 x14:10000438  PA:100004f4
16972567ns          288320 1c008228 428a07b3 p.mac            x15, x20, x8        x15=0000000d x15:00000000 x20:0000000d  x8:00000001
16972587ns          288321 1c00822c 0fc72403 lw               x8, 252(x14)         x8=00000000 x14:10000438  PA:10000534
16972647ns          288324 1c008230 428087b3 p.mac            x15, x1, x8         x15=0000000d x15:0000000d  x1:0000000c  x8:00000000
16972667ns          288325 1c008234 13c72403 lw               x8, 316(x14)         x8=00000000 x14:10000438  PA:10000574
16972726ns          288328 1c008238 428387b3 p.mac            x15, x7, x8         x15=0000000d x15:0000000d  x7:000000f6  x8:00000000
16972746ns          288329 1c00823c 17c72403 lw               x8, 380(x14)         x8=00000000 x14:10000438  PA:100005b4
16972806ns          288332 1c008240 428287b3 p.mac            x15, x5, x8         x15=0000000d x15:0000000d  x5:000000f7  x8:00000000
16972826ns          288333 1c008244 1bc72403 lw               x8, 444(x14)         x8=00000000 x14:10000438  PA:100005f4
16972885ns          288336 1c008248 428f87b3 p.mac            x15, x31, x8        x15=0000000d x15:0000000d x31:00000009  x8:00000000
16972905ns          288337 1c00824c 1fc72403 lw               x8, 508(x14)         x8=00000000 x14:10000438  PA:10000634
16972965ns          288340 1c008250 428f07b3 p.mac            x15, x30, x8        x15=0000000d x15:0000000d x30:00000008  x8:00000000
16972985ns          288341 1c008254 23c72403 lw               x8, 572(x14)         x8=00000000 x14:10000438  PA:10000674
16973045ns          288344 1c008258 428e87b3 p.mac            x15, x29, x8        x15=0000000d x15:0000000d x29:000000fa  x8:00000000
16973064ns          288345 1c00825c 27c72403 lw               x8, 636(x14)         x8=00000000 x14:10000438  PA:100006b4
16973124ns          288348 1c008260 428e07b3 p.mac            x15, x28, x8        x15=0000000d x15:0000000d x28:000000fb  x8:00000000
16973144ns          288349 1c008264 2bc72403 lw               x8, 700(x14)         x8=00000000 x14:10000438  PA:100006f4
16973204ns          288352 1c008268 428307b3 p.mac            x15, x6, x8         x15=0000000d x15:0000000d  x6:00000005  x8:00000000
16973224ns          288353 1c00826c 2fc72403 lw               x8, 764(x14)         x8=00000000 x14:10000438  PA:10000734
16973283ns          288356 1c008270 428887b3 p.mac            x15, x17, x8        x15=0000000d x15:0000000d x17:00000004  x8:00000000
16973303ns          288357 1c008274 33c72403 lw               x8, 828(x14)         x8=00000000 x14:10000438  PA:10000774
16973363ns          288360 1c008278 428807b3 p.mac            x15, x16, x8        x15=0000000d x15:0000000d x16:000000fe  x8:00000000
16973383ns          288361 1c00827c 37c72403 lw               x8, 892(x14)         x8=00000000 x14:10000438  PA:100007b4
16973442ns          288364 1c008280 428507b3 p.mac            x15, x10, x8        x15=0000000d x15:0000000d x10:000000ff  x8:00000000
16973462ns          288365 1c008284 3bc72403 lw               x8, 956(x14)         x8=00000000 x14:10000438  PA:100007f4
16973522ns          288368 1c008288 428587b3 p.mac            x15, x11, x8        x15=0000000d x15:0000000d x11:00000001  x8:00000000
16973542ns          288369 1c00828c 00f6222b p.sw             x15, 4(x12!)        x12=10000bf8 x15:0000000d x12:10000bf4  PA:10000bf4
16973562ns          288370 1c008210 0047278b p.lw             x15, 4(x14!)        x15=00000000 x14=1000043c x14:10000438  PA:10000438
16973601ns          288372 1c008214 03c72403 lw               x8, 60(x14)          x8=00000000 x14:1000043c  PA:10000478
16973621ns          288373 1c008216 02fb87b3 mul              x15, x23, x15       x15=00000000 x23:00000010 x15:00000000
16973641ns          288374 1c00821a 428b07b3 p.mac            x15, x22, x8        x15=00000000 x15:00000000 x22:000000f2  x8:00000000
16973661ns          288375 1c00821e 07c72403 lw               x8, 124(x14)         x8=00000001 x14:1000043c  PA:100004b8
16973741ns          288379 1c008220 428a87b3 p.mac            x15, x21, x8        x15=000000f3 x15:00000000 x21:000000f3  x8:00000001
16973761ns          288380 1c008224 0bc72403 lw               x8, 188(x14)         x8=00000000 x14:1000043c  PA:100004f8
16973820ns          288383 1c008228 428a07b3 p.mac            x15, x20, x8        x15=000000f3 x15:000000f3 x20:0000000d  x8:00000000
16973840ns          288384 1c00822c 0fc72403 lw               x8, 252(x14)         x8=00000000 x14:1000043c  PA:10000538
16973900ns          288387 1c008230 428087b3 p.mac            x15, x1, x8         x15=000000f3 x15:000000f3  x1:0000000c  x8:00000000
16973920ns          288388 1c008234 13c72403 lw               x8, 316(x14)         x8=00000000 x14:1000043c  PA:10000578
16973979ns          288391 1c008238 428387b3 p.mac            x15, x7, x8         x15=000000f3 x15:000000f3  x7:000000f6  x8:00000000
16973999ns          288392 1c00823c 17c72403 lw               x8, 380(x14)         x8=00000000 x14:1000043c  PA:100005b8
16974059ns          288395 1c008240 428287b3 p.mac            x15, x5, x8         x15=000000f3 x15:000000f3  x5:000000f7  x8:00000000
16974079ns          288396 1c008244 1bc72403 lw               x8, 444(x14)         x8=00000001 x14:1000043c  PA:100005f8
16974139ns          288399 1c008248 428f87b3 p.mac            x15, x31, x8        x15=000000fc x15:000000f3 x31:00000009  x8:00000001
16974158ns          288400 1c00824c 1fc72403 lw               x8, 508(x14)         x8=00000001 x14:1000043c  PA:10000638
16974218ns          288403 1c008250 428f07b3 p.mac            x15, x30, x8        x15=00000104 x15:000000fc x30:00000008  x8:00000001
16974238ns          288404 1c008254 23c72403 lw               x8, 572(x14)         x8=00000000 x14:1000043c  PA:10000678
16974298ns          288407 1c008258 428e87b3 p.mac            x15, x29, x8        x15=00000104 x15:00000104 x29:000000fa  x8:00000000
16974318ns          288408 1c00825c 27c72403 lw               x8, 636(x14)         x8=00000001 x14:1000043c  PA:100006b8
16974377ns          288411 1c008260 428e07b3 p.mac            x15, x28, x8        x15=000001ff x15:00000104 x28:000000fb  x8:00000001
16974397ns          288412 1c008264 2bc72403 lw               x8, 700(x14)         x8=00000000 x14:1000043c  PA:100006f8
16974457ns          288415 1c008268 428307b3 p.mac            x15, x6, x8         x15=000001ff x15:000001ff  x6:00000005  x8:00000000
16974477ns          288416 1c00826c 2fc72403 lw               x8, 764(x14)         x8=00000001 x14:1000043c  PA:10000738
16974536ns          288419 1c008270 428887b3 p.mac            x15, x17, x8        x15=00000203 x15:000001ff x17:00000004  x8:00000001
16974556ns          288420 1c008274 33c72403 lw               x8, 828(x14)         x8=00000000 x14:1000043c  PA:10000778
16974616ns          288423 1c008278 428807b3 p.mac            x15, x16, x8        x15=00000203 x15:00000203 x16:000000fe  x8:00000000
16974636ns          288424 1c00827c 37c72403 lw               x8, 892(x14)         x8=00000000 x14:1000043c  PA:100007b8
16974695ns          288427 1c008280 428507b3 p.mac            x15, x10, x8        x15=00000203 x15:00000203 x10:000000ff  x8:00000000
16974715ns          288428 1c008284 3bc72403 lw               x8, 956(x14)         x8=00000000 x14:1000043c  PA:100007f8
16974775ns          288431 1c008288 428587b3 p.mac            x15, x11, x8        x15=00000203 x15:00000203 x11:00000001  x8:00000000
16974795ns          288432 1c00828c 00f6222b p.sw             x15, 4(x12!)        x12=10000bfc x15:00000203 x12:10000bf8  PA:10000bf8
16974815ns          288433 1c008210 0047278b p.lw             x15, 4(x14!)        x15=00000000 x14=10000440 x14:1000043c  PA:1000043c
16974855ns          288435 1c008214 03c72403 lw               x8, 60(x14)          x8=00000000 x14:10000440  PA:1000047c
16974874ns          288436 1c008216 02fb87b3 mul              x15, x23, x15       x15=00000000 x23:00000010 x15:00000000
16974894ns          288437 1c00821a 428b07b3 p.mac            x15, x22, x8        x15=00000000 x15:00000000 x22:000000f2  x8:00000000
16974914ns          288438 1c00821e 07c72403 lw               x8, 124(x14)         x8=00000000 x14:10000440  PA:100004bc
16974994ns          288442 1c008220 428a87b3 p.mac            x15, x21, x8        x15=00000000 x15:00000000 x21:000000f3  x8:00000000
16975014ns          288443 1c008224 0bc72403 lw               x8, 188(x14)         x8=00000000 x14:10000440  PA:100004fc
16975073ns          288446 1c008228 428a07b3 p.mac            x15, x20, x8        x15=00000000 x15:00000000 x20:0000000d  x8:00000000
16975093ns          288447 1c00822c 0fc72403 lw               x8, 252(x14)         x8=00000000 x14:10000440  PA:1000053c
16975153ns          288450 1c008230 428087b3 p.mac            x15, x1, x8         x15=00000000 x15:00000000  x1:0000000c  x8:00000000
16975173ns          288451 1c008234 13c72403 lw               x8, 316(x14)         x8=00000000 x14:10000440  PA:1000057c
16975233ns          288454 1c008238 428387b3 p.mac            x15, x7, x8         x15=00000000 x15:00000000  x7:000000f6  x8:00000000
16975252ns          288455 1c00823c 17c72403 lw               x8, 380(x14)         x8=00000000 x14:10000440  PA:100005bc
16975312ns          288458 1c008240 428287b3 p.mac            x15, x5, x8         x15=00000000 x15:00000000  x5:000000f7  x8:00000000
16975332ns          288459 1c008244 1bc72403 lw               x8, 444(x14)         x8=00000000 x14:10000440  PA:100005fc
16975392ns          288462 1c008248 428f87b3 p.mac            x15, x31, x8        x15=00000000 x15:00000000 x31:00000009  x8:00000000
16975412ns          288463 1c00824c 1fc72403 lw               x8, 508(x14)         x8=00000000 x14:10000440  PA:1000063c
16975471ns          288466 1c008250 428f07b3 p.mac            x15, x30, x8        x15=00000000 x15:00000000 x30:00000008  x8:00000000
16975491ns          288467 1c008254 23c72403 lw               x8, 572(x14)         x8=00000001 x14:10000440  PA:1000067c
16975551ns          288470 1c008258 428e87b3 p.mac            x15, x29, x8        x15=000000fa x15:00000000 x29:000000fa  x8:00000001
16975571ns          288471 1c00825c 27c72403 lw               x8, 636(x14)         x8=00000000 x14:10000440  PA:100006bc
16975630ns          288474 1c008260 428e07b3 p.mac            x15, x28, x8        x15=000000fa x15:000000fa x28:000000fb  x8:00000000
16975650ns          288475 1c008264 2bc72403 lw               x8, 700(x14)         x8=00000001 x14:10000440  PA:100006fc
16975710ns          288478 1c008268 428307b3 p.mac            x15, x6, x8         x15=000000ff x15:000000fa  x6:00000005  x8:00000001
16975730ns          288479 1c00826c 2fc72403 lw               x8, 764(x14)         x8=00000001 x14:10000440  PA:1000073c
16975789ns          288482 1c008270 428887b3 p.mac            x15, x17, x8        x15=00000103 x15:000000ff x17:00000004  x8:00000001
16975809ns          288483 1c008274 33c72403 lw               x8, 828(x14)         x8=00000000 x14:10000440  PA:1000077c
16975869ns          288486 1c008278 428807b3 p.mac            x15, x16, x8        x15=00000103 x15:00000103 x16:000000fe  x8:00000000
16975889ns          288487 1c00827c 37c72403 lw               x8, 892(x14)         x8=00000001 x14:10000440  PA:100007bc
16975949ns          288490 1c008280 428507b3 p.mac            x15, x10, x8        x15=00000202 x15:00000103 x10:000000ff  x8:00000001
16975968ns          288491 1c008284 3bc72403 lw               x8, 956(x14)         x8=00000000 x14:10000440  PA:100007fc
16976028ns          288494 1c008288 428587b3 p.mac            x15, x11, x8        x15=00000202 x15:00000202 x11:00000001  x8:00000000
16976048ns          288495 1c00828c 00f6222b p.sw             x15, 4(x12!)        x12=10000c00 x15:00000202 x12:10000bfc  PA:10000bfc
16976068ns          288496 1c008210 0047278b p.lw             x15, 4(x14!)        x15=00000000 x14=10000444 x14:10000440  PA:10000440
16976108ns          288498 1c008214 03c72403 lw               x8, 60(x14)          x8=00000000 x14:10000444  PA:10000480
16976128ns          288499 1c008216 02fb87b3 mul              x15, x23, x15       x15=00000000 x23:00000010 x15:00000000
16976147ns          288500 1c00821a 428b07b3 p.mac            x15, x22, x8        x15=00000000 x15:00000000 x22:000000f2  x8:00000000
16976167ns          288501 1c00821e 07c72403 lw               x8, 124(x14)         x8=00000001 x14:10000444  PA:100004c0
16976247ns          288505 1c008220 428a87b3 p.mac            x15, x21, x8        x15=000000f3 x15:00000000 x21:000000f3  x8:00000001
16976267ns          288506 1c008224 0bc72403 lw               x8, 188(x14)         x8=00000001 x14:10000444  PA:10000500
16976327ns          288509 1c008228 428a07b3 p.mac            x15, x20, x8        x15=00000100 x15:000000f3 x20:0000000d  x8:00000001
16976346ns          288510 1c00822c 0fc72403 lw               x8, 252(x14)         x8=00000000 x14:10000444  PA:10000540
16976406ns          288513 1c008230 428087b3 p.mac            x15, x1, x8         x15=00000100 x15:00000100  x1:0000000c  x8:00000000
16976426ns          288514 1c008234 13c72403 lw               x8, 316(x14)         x8=00000000 x14:10000444  PA:10000580
16976486ns          288517 1c008238 428387b3 p.mac            x15, x7, x8         x15=00000100 x15:00000100  x7:000000f6  x8:00000000
16976506ns          288518 1c00823c 17c72403 lw               x8, 380(x14)         x8=00000000 x14:10000444  PA:100005c0
16976565ns          288521 1c008240 428287b3 p.mac            x15, x5, x8         x15=00000100 x15:00000100  x5:000000f7  x8:00000000
16976585ns          288522 1c008244 1bc72403 lw               x8, 444(x14)         x8=00000000 x14:10000444  PA:10000600
16976645ns          288525 1c008248 428f87b3 p.mac            x15, x31, x8        x15=00000100 x15:00000100 x31:00000009  x8:00000000
16976665ns          288526 1c00824c 1fc72403 lw               x8, 508(x14)         x8=00000000 x14:10000444  PA:10000640
16976724ns          288529 1c008250 428f07b3 p.mac            x15, x30, x8        x15=00000100 x15:00000100 x30:00000008  x8:00000000
16976744ns          288530 1c008254 23c72403 lw               x8, 572(x14)         x8=00000001 x14:10000444  PA:10000680
16976804ns          288533 1c008258 428e87b3 p.mac            x15, x29, x8        x15=000001fa x15:00000100 x29:000000fa  x8:00000001
16976824ns          288534 1c00825c 27c72403 lw               x8, 636(x14)         x8=00000000 x14:10000444  PA:100006c0
16976883ns          288537 1c008260 428e07b3 p.mac            x15, x28, x8        x15=000001fa x15:000001fa x28:000000fb  x8:00000000
16976903ns          288538 1c008264 2bc72403 lw               x8, 700(x14)         x8=00000001 x14:10000444  PA:10000700
16976963ns          288541 1c008268 428307b3 p.mac            x15, x6, x8         x15=000001ff x15:000001fa  x6:00000005  x8:00000001
16976983ns          288542 1c00826c 2fc72403 lw               x8, 764(x14)         x8=00000000 x14:10000444  PA:10000740
16977043ns          288545 1c008270 428887b3 p.mac            x15, x17, x8        x15=000001ff x15:000001ff x17:00000004  x8:00000000
16977062ns          288546 1c008274 33c72403 lw               x8, 828(x14)         x8=00000000 x14:10000444  PA:10000780
16977122ns          288549 1c008278 428807b3 p.mac            x15, x16, x8        x15=000001ff x15:000001ff x16:000000fe  x8:00000000
16977142ns          288550 1c00827c 37c72403 lw               x8, 892(x14)         x8=00000000 x14:10000444  PA:100007c0
16977202ns          288553 1c008280 428507b3 p.mac            x15, x10, x8        x15=000001ff x15:000001ff x10:000000ff  x8:00000000
16977222ns          288554 1c008284 3bc72403 lw               x8, 956(x14)         x8=00000000 x14:10000444  PA:10000800
16977281ns          288557 1c008288 428587b3 p.mac            x15, x11, x8        x15=000001ff x15:000001ff x11:00000001  x8:00000000
16977301ns          288558 1c00828c 00f6222b p.sw             x15, 4(x12!)        x12=10000c04 x15:000001ff x12:10000c00  PA:10000c00
16977321ns          288559 1c008290 001c0c13 addi             x24, x24, 1         x24=00000010 x24:0000000f
16977341ns          288560 1c008292 100c4c33 p.exths          x24, x24, x0        x24=00000010 x24:00000010
16977361ns          288561 1c008296 01800633 add              x12, x0, x24        x12=00000010 x24:00000010
16977381ns          288562 1c008298 469010ef jal              x1, 7272             x1=1c00829c
16977858ns          288586 1c009f00 f14027f3 csrrs            x15, x0, 0xf14      x15=00000003
16977878ns          288587 1c009f04 01f00713 addi             x14, x0, 31         x14=0000001f
16977898ns          288588 1c009f06 ca5797b3 p.extractu       x15, x15, 5, 5      x15=00000000 x15:00000003
16977918ns          288589 1c009f0a 00e78863 beq              x15, x14, 16        x15:00000000 x14:0000001f
16977938ns          288590 1c009f0e 002047b7 lui              x15, 0x204000       x15=00204000
16977958ns          288591 1c009f12 20078793 addi             x15, x15, 512       x15=00204200 x15:00204000
16977977ns          288592 1c009f16 01c7e703 p.elw            x14, 28(x15)        x14=00010000 x15:00204200  PA:0020421c
16978097ns          288598 1c009f1a 00008067 jalr             x0, x1, 0            x1:1c00829c
16978137ns          288600 1c00829c 000900e7 jalr             x1, x18, 0           x1=1c00829e x18:1c009c32
16978196ns          288603 1c009c32 f14027f3 csrrs            x15, x0, 0xf14      x15=00000003
16978216ns          288604 1c009c36 f457b7b3 p.bclr           x15, x15, 26, 5     x15=00000003 x15:00000003
16978236ns          288605 1c009c3a 00079663 bne              x15, x0, 12         x15:00000003
16978296ns          288608 1c009c46 00008067 jalr             x0, x1, 0            x1:1c00829e
16978335ns          288610 1c00829e 08049363 bne              x9, x0, 134          x9:00000003
16978853ns          288636 1c008324 03c12083 lw               x1, 60(x2)           x1=1c009cdc  x2:10002b58  PA:10002b94
16978873ns          288637 1c008326 03812403 lw               x8, 56(x2)           x8=1c00110c  x2:10002b58  PA:10002b90
16978892ns          288638 1c008328 03412483 lw               x9, 52(x2)           x9=00000000  x2:10002b58  PA:10002b8c
16978912ns          288639 1c00832a 03012903 lw               x18, 48(x2)         x18=1a10b004  x2:10002b58  PA:10002b88
16978932ns          288640 1c00832c 02c12983 lw               x19, 44(x2)         x19=00000003  x2:10002b58  PA:10002b84
16978952ns          288641 1c00832e 02812a03 lw               x20, 40(x2)         x20=1c001110  x2:10002b58  PA:10002b80
16979350ns          288661 1c008330 02412a83 lw               x21, 36(x2)         x21=1c00a000  x2:10002b58  PA:10002b7c
16979370ns          288662 1c008332 02012b03 lw               x22, 32(x2)         x22=1c00a000  x2:10002b58  PA:10002b78
16979390ns          288663 1c008334 01c12b83 lw               x23, 28(x2)         x23=1c000000  x2:10002b58  PA:10002b74
16979410ns          288664 1c008336 01812c03 lw               x24, 24(x2)         x24=1c000000  x2:10002b58  PA:10002b70
16979429ns          288665 1c008338 01412c83 lw               x25, 20(x2)         x25=1c000000  x2:10002b58  PA:10002b6c
16979449ns          288666 1c00833a 01012d03 lw               x26, 16(x2)         x26=1c000000  x2:10002b58  PA:10002b68
16979469ns          288667 1c00833c 00c12d83 lw               x27, 12(x2)         x27=1c001104  x2:10002b58  PA:10002b64
16979489ns          288668 1c00833e 04010113 addi             x2, x2, 64           x2=10002b98  x2:10002b58
16979509ns          288669 1c008340 00008067 jalr             x0, x1, 0            x1:1c009cdc
16979549ns          288671 1c009cdc 00892683 lw               x13, 8(x18)         x13=0000118a x18:1a10b004  PA:1a10b00c
16979907ns          288689 1c009ce0 000a2703 lw               x14, 0(x20)         x14=00000001 x20:1c001110  PA:1c001110
16980245ns          288706 1c009ce4 00d12423 sw               x13, 8(x2)          x13:0000118a  x2:10002b98  PA:10002ba0
16980265ns          288707 1c009ce6 fc0706e3 beq              x14, x0, -52        x14:00000001
16980285ns          288708 1c009ce8 ffcda583 lw               x11, -4(x27)        x11=1c000040 x27:1c001104  PA:1c001100
16980742ns          288731 1c009cec 088d0513 addi             x10, x26, 136       x10=1c000088 x26:1c000000
16980862ns          288737 1c009cf0 dcffe0ef jal              x1, -4658            x1=1c009cf4
16981220ns          288755 1c008abe fc010113 addi             x2, x2, -64          x2=10002b58  x2:10002b98
16981677ns          288778 1c008ac0 02410313 addi             x6, x2, 36           x6=10002b7c  x2:10002b58
16981717ns          288780 1c008ac4 02c12423 sw               x12, 40(x2)         x12:00000010  x2:10002b58  PA:10002b80
16981737ns          288781 1c008ac6 00a00633 add              x12, x0, x10        x12=1c000088 x10:1c000088
16981757ns          288782 1c008ac8 1c009537 lui              x10, 0x1c009000     x10=1c009000
16981777ns          288783 1c008acc 02b12223 sw               x11, 36(x2)         x11:1c000040  x2:10002b58  PA:10002b7c
16981796ns          288784 1c008ace 02d12623 sw               x13, 44(x2)         x13:0000118a  x2:10002b58  PA:10002b84
16982214ns          288805 1c008ad0 00200593 addi             x11, x0, 2          x11=00000002
16982234ns          288806 1c008ad2 006006b3 add              x13, x0, x6         x13=10002b7c  x6:10002b7c
16982254ns          288807 1c008ad4 a5250513 addi             x10, x10, -1454     x10=1c008a52 x10:1c009000
16982274ns          288808 1c008ad8 00112e23 sw               x1, 28(x2)           x1:1c009cf4  x2:10002b58  PA:10002b74
16982294ns          288809 1c008ada 02e12823 sw               x14, 48(x2)         x14:00000001  x2:10002b58  PA:10002b88
16982314ns          288810 1c008adc 02f12a23 sw               x15, 52(x2)         x15:00000003  x2:10002b58  PA:10002b8c
16982334ns          288811 1c008ade 03012c23 sw               x16, 56(x2)         x16:000000fe  x2:10002b58  PA:10002b90
16982731ns          288831 1c008ae0 03112e23 sw               x17, 60(x2)         x17:00000004  x2:10002b58  PA:10002b94
16982751ns          288832 1c008ae2 00612623 sw               x6, 12(x2)           x6:10002b7c  x2:10002b58  PA:10002b64
16982771ns          288833 1c008ae4 fbfff0ef jal              x1, -66              x1=1c008ae6
16982851ns          288837 1c008aa2 04a0006f jal              x0, 74             
16982890ns          288839 1c008aec ed010113 addi             x2, x2, -304         x2=10002a28  x2:10002b58
16982950ns          288842 1c008aee 12812423 sw               x8, 296(x2)          x8:1c00110c  x2:10002a28  PA:10002b50
16982970ns          288843 1c008af2 00000413 addi             x8, x0, 0            x8=00000000
16982990ns          288844 1c008af4 11612823 sw               x22, 272(x2)        x22:1c00a000  x2:10002a28  PA:10002b38
16983010ns          288845 1c008af8 11712623 sw               x23, 268(x2)        x23:1c000000  x2:10002a28  PA:10002b34
16983030ns          288846 1c008afc 11812423 sw               x24, 264(x2)        x24:1c000000  x2:10002a28  PA:10002b30
16983089ns          288849 1c008b00 11912223 sw               x25, 260(x2)        x25:1c000000  x2:10002a28  PA:10002b2c
16983129ns          288851 1c008b04 11a12023 sw               x26, 256(x2)        x26:1c000000  x2:10002a28  PA:10002b28
16983149ns          288852 1c008b08 0fb12e23 sw               x27, 252(x2)        x27:1c001104  x2:10002a28  PA:10002b24
16983169ns          288853 1c008b0a 12112623 sw               x1, 300(x2)          x1:1c008ae6  x2:10002a28  PA:10002b54
16983189ns          288854 1c008b0e 00800db3 add              x27, x0, x8         x27=00000000  x8:00000000
16983229ns          288856 1c008b10 12912223 sw               x9, 292(x2)          x9:00000000  x2:10002a28  PA:10002b4c
16983268ns          288858 1c008b14 13212023 sw               x18, 288(x2)        x18:1a10b004  x2:10002a28  PA:10002b48
16983288ns          288859 1c008b18 11312e23 sw               x19, 284(x2)        x19:00000003  x2:10002a28  PA:10002b44
16983308ns          288860 1c008b1c 11412c23 sw               x20, 280(x2)        x20:1c001110  x2:10002a28  PA:10002b40
16983368ns          288863 1c008b20 11512a23 sw               x21, 276(x2)        x21:1c00a000  x2:10002a28  PA:10002b3c
16983408ns          288865 1c008b24 00a00b33 add              x22, x0, x10        x22=1c008a52 x10:1c008a52
16983428ns          288866 1c008b26 00b00d33 add              x26, x0, x11        x26=00000002 x11:00000002
16983447ns          288867 1c008b28 00d00c33 add              x24, x0, x13        x24=10002b7c x13:10002b7c
16983467ns          288868 1c008b2a 1c000bb7 lui              x23, 0x1c000000     x23=1c000000
16983507ns          288870 1c008b2e 02410c93 addi             x25, x2, 36         x25=10002a4c  x2:10002a28
16983527ns          288871 1c008b32 00c00433 add              x8, x0, x12          x8=1c000088 x12:1c000088
16983547ns          288872 1c008b34 00044503 lbu              x10, 0(x8)          x10=0000003d  x8:1c000088  PA:1c000088
16983845ns          288887 1c008b38 00140413 addi             x8, x8, 1            x8=1c000089  x8:1c000088
16983865ns          288888 1c008b3a 00050e63 beq              x10, x0, 28         x10:0000003d
16983885ns          288889 1c008b3c 02500793 addi             x15, x0, 37         x15=00000025
16983905ns          288890 1c008b40 04f50863 beq              x10, x15, 80        x10:0000003d x15:00000025
16983925ns          288891 1c008b44 01a005b3 add              x11, x0, x26        x11=00000002 x26:00000002
16983945ns          288892 1c008b46 000b00e7 jalr             x1, x22, 0           x1=1c008b48 x22:1c008a52
16984462ns          288918 1c008a52 000026b7 lui              x13, 0x2000         x13=00002000
16984502ns          288920 1c008a54 f14027f3 csrrs            x15, x0, 0xf14      x15=00000003
16984522ns          288921 1c008a58 f8068693 addi             x13, x13, -128      x13=00001f80 x13:00002000
16984541ns          288922 1c008a5c 00379713 slli             x14, x15, 0x3       x14=00000018 x15:00000003
16984999ns          288945 1c008a60 00279793 slli             x15, x15, 0x2       x15=0000000c x15:00000003
16985019ns          288946 1c008a62 00d7f7b3 and              x15, x15, x13       x15=00000000 x15:0000000c x13:00001f80
16985039ns          288947 1c008a64 ee873733 p.bclr           x14, x14, 23, 8     x14=00000018 x14:00000018
16985059ns          288948 1c008a68 1a10f6b7 lui              x13, 0x1a10f000     x13=1a10f000
16985078ns          288949 1c008a6c 0ff57513 andi             x10, x10, 255       x10=0000003d x10:0000003d
16985516ns          288971 1c008a70 00d70733 add              x14, x14, x13       x14=1a10f018 x14:00000018 x13:1a10f000
16985556ns          288973 1c008a72 00a7e723 p.sw             x10, x0(x15)        x10:0000003d x15:00000000  PA:1a10f018
16985914ns          288991 1c008a76 00000513 addi             x10, x0, 0          x10=00000000
16985934ns          288992 1c008a78 00008067 jalr             x0, x1, 0            x1:1c008b48
16985974ns          288994 1c008b48 31f52563 p.beqimm         x10, 778            x10:00000000
16985993ns          288995 1c008b4c 001d8d93 addi             x27, x27, 1         x27=00000001 x27:00000000
16986013ns          288996 1c008b4e 00044503 lbu              x10, 0(x8)          x10=0000003d  x8:1c000089  PA:1c000089
16986312ns          289011 1c008b52 00140413 addi             x8, x8, 1            x8=1c00008a  x8:1c000089
16986332ns          289012 1c008b54 fe0514e3 bne              x10, x0, -24        x10:0000003d
16986391ns          289015 1c008b3c 02500793 addi             x15, x0, 37         x15=00000025
16986411ns          289016 1c008b40 04f50863 beq              x10, x15, 80        x10:0000003d x15:00000025
16986431ns          289017 1c008b44 01a005b3 add              x11, x0, x26        x11=00000002 x26:00000002
16986451ns          289018 1c008b46 000b00e7 jalr             x1, x22, 0           x1=1c008b48 x22:1c008a52
16986491ns          289020 1c008a52 000026b7 lui              x13, 0x2000         x13=00002000
16986511ns          289021 1c008a54 f14027f3 csrrs            x15, x0, 0xf14      x15=00000003
16986530ns          289022 1c008a58 f8068693 addi             x13, x13, -128      x13=00001f80 x13:00002000
16986550ns          289023 1c008a5c 00379713 slli             x14, x15, 0x3       x14=00000018 x15:00000003
16986570ns          289024 1c008a60 00279793 slli             x15, x15, 0x2       x15=0000000c x15:00000003
16986590ns          289025 1c008a62 00d7f7b3 and              x15, x15, x13       x15=00000000 x15:0000000c x13:00001f80
16986610ns          289026 1c008a64 ee873733 p.bclr           x14, x14, 23, 8     x14=00000018 x14:00000018
16986630ns          289027 1c008a68 1a10f6b7 lui              x13, 0x1a10f000     x13=1a10f000
16986650ns          289028 1c008a6c 0ff57513 andi             x10, x10, 255       x10=0000003d x10:0000003d
16986670ns          289029 1c008a70 00d70733 add              x14, x14, x13       x14=1a10f018 x14:00000018 x13:1a10f000
16986690ns          289030 1c008a72 00a7e723 p.sw             x10, x0(x15)        x10:0000003d x15:00000000  PA:1a10f018
16987008ns          289046 1c008a76 00000513 addi             x10, x0, 0          x10=00000000
16987028ns          289047 1c008a78 00008067 jalr             x0, x1, 0            x1:1c008b48
16987068ns          289049 1c008b48 31f52563 p.beqimm         x10, 778            x10:00000000
16987087ns          289050 1c008b4c 001d8d93 addi             x27, x27, 1         x27=00000002 x27:00000001
16987107ns          289051 1c008b4e 00044503 lbu              x10, 0(x8)          x10=00000020  x8:1c00008a  PA:1c00008a
16987426ns          289067 1c008b52 00140413 addi             x8, x8, 1            x8=1c00008b  x8:1c00008a
16987445ns          289068 1c008b54 fe0514e3 bne              x10, x0, -24        x10:00000020
16987505ns          289071 1c008b3c 02500793 addi             x15, x0, 37         x15=00000025
16987525ns          289072 1c008b40 04f50863 beq              x10, x15, 80        x10:00000020 x15:00000025
16987545ns          289073 1c008b44 01a005b3 add              x11, x0, x26        x11=00000002 x26:00000002
16987565ns          289074 1c008b46 000b00e7 jalr             x1, x22, 0           x1=1c008b48 x22:1c008a52
16987605ns          289076 1c008a52 000026b7 lui              x13, 0x2000         x13=00002000
16987624ns          289077 1c008a54 f14027f3 csrrs            x15, x0, 0xf14      x15=00000003
16987644ns          289078 1c008a58 f8068693 addi             x13, x13, -128      x13=00001f80 x13:00002000
16987664ns          289079 1c008a5c 00379713 slli             x14, x15, 0x3       x14=00000018 x15:00000003
16987684ns          289080 1c008a60 00279793 slli             x15, x15, 0x2       x15=0000000c x15:00000003
16987704ns          289081 1c008a62 00d7f7b3 and              x15, x15, x13       x15=00000000 x15:0000000c x13:00001f80
16987724ns          289082 1c008a64 ee873733 p.bclr           x14, x14, 23, 8     x14=00000018 x14:00000018
16987744ns          289083 1c008a68 1a10f6b7 lui              x13, 0x1a10f000     x13=1a10f000
16987764ns          289084 1c008a6c 0ff57513 andi             x10, x10, 255       x10=00000020 x10:00000020
16987784ns          289085 1c008a70 00d70733 add              x14, x14, x13       x14=1a10f018 x14:00000018 x13:1a10f000
16987803ns          289086 1c008a72 00a7e723 p.sw             x10, x0(x15)        x10:00000020 x15:00000000  PA:1a10f018
16988122ns          289102 1c008a76 00000513 addi             x10, x0, 0          x10=00000000
16988142ns          289103 1c008a78 00008067 jalr             x0, x1, 0            x1:1c008b48
16988181ns          289105 1c008b48 31f52563 p.beqimm         x10, 778            x10:00000000
16988201ns          289106 1c008b4c 001d8d93 addi             x27, x27, 1         x27=00000003 x27:00000002
16988221ns          289107 1c008b4e 00044503 lbu              x10, 0(x8)          x10=00000074  x8:1c00008b  PA:1c00008b
16988520ns          289122 1c008b52 00140413 addi             x8, x8, 1            x8=1c00008c  x8:1c00008b
16988539ns          289123 1c008b54 fe0514e3 bne              x10, x0, -24        x10:00000074
16988599ns          289126 1c008b3c 02500793 addi             x15, x0, 37         x15=00000025
16988619ns          289127 1c008b40 04f50863 beq              x10, x15, 80        x10:00000074 x15:00000025
16988639ns          289128 1c008b44 01a005b3 add              x11, x0, x26        x11=00000002 x26:00000002
16988659ns          289129 1c008b46 000b00e7 jalr             x1, x22, 0           x1=1c008b48 x22:1c008a52
16988699ns          289131 1c008a52 000026b7 lui              x13, 0x2000         x13=00002000
16988718ns          289132 1c008a54 f14027f3 csrrs            x15, x0, 0xf14      x15=00000003
16988738ns          289133 1c008a58 f8068693 addi             x13, x13, -128      x13=00001f80 x13:00002000
16988758ns          289134 1c008a5c 00379713 slli             x14, x15, 0x3       x14=00000018 x15:00000003
16988778ns          289135 1c008a60 00279793 slli             x15, x15, 0x2       x15=0000000c x15:00000003
16988798ns          289136 1c008a62 00d7f7b3 and              x15, x15, x13       x15=00000000 x15:0000000c x13:00001f80
16988818ns          289137 1c008a64 ee873733 p.bclr           x14, x14, 23, 8     x14=00000018 x14:00000018
16988838ns          289138 1c008a68 1a10f6b7 lui              x13, 0x1a10f000     x13=1a10f000
16988858ns          289139 1c008a6c 0ff57513 andi             x10, x10, 255       x10=00000074 x10:00000074
16988878ns          289140 1c008a70 00d70733 add              x14, x14, x13       x14=1a10f018 x14:00000018 x13:1a10f000
16988897ns          289141 1c008a72 00a7e723 p.sw             x10, x0(x15)        x10:00000074 x15:00000000  PA:1a10f018
16989216ns          289157 1c008a76 00000513 addi             x10, x0, 0          x10=00000000
16989236ns          289158 1c008a78 00008067 jalr             x0, x1, 0            x1:1c008b48
16989275ns          289160 1c008b48 31f52563 p.beqimm         x10, 778            x10:00000000
16989295ns          289161 1c008b4c 001d8d93 addi             x27, x27, 1         x27=00000004 x27:00000003
16989315ns          289162 1c008b4e 00044503 lbu              x10, 0(x8)          x10=00000065  x8:1c00008c  PA:1c00008c
16989614ns          289177 1c008b52 00140413 addi             x8, x8, 1            x8=1c00008d  x8:1c00008c
16989633ns          289178 1c008b54 fe0514e3 bne              x10, x0, -24        x10:00000065
16989693ns          289181 1c008b3c 02500793 addi             x15, x0, 37         x15=00000025
16989713ns          289182 1c008b40 04f50863 beq              x10, x15, 80        x10:00000065 x15:00000025
16989733ns          289183 1c008b44 01a005b3 add              x11, x0, x26        x11=00000002 x26:00000002
16989753ns          289184 1c008b46 000b00e7 jalr             x1, x22, 0           x1=1c008b48 x22:1c008a52
16989793ns          289186 1c008a52 000026b7 lui              x13, 0x2000         x13=00002000
16989812ns          289187 1c008a54 f14027f3 csrrs            x15, x0, 0xf14      x15=00000003
16989832ns          289188 1c008a58 f8068693 addi             x13, x13, -128      x13=00001f80 x13:00002000
16989852ns          289189 1c008a5c 00379713 slli             x14, x15, 0x3       x14=00000018 x15:00000003
16989872ns          289190 1c008a60 00279793 slli             x15, x15, 0x2       x15=0000000c x15:00000003
16989892ns          289191 1c008a62 00d7f7b3 and              x15, x15, x13       x15=00000000 x15:0000000c x13:00001f80
16989912ns          289192 1c008a64 ee873733 p.bclr           x14, x14, 23, 8     x14=00000018 x14:00000018
16989932ns          289193 1c008a68 1a10f6b7 lui              x13, 0x1a10f000     x13=1a10f000
16989952ns          289194 1c008a6c 0ff57513 andi             x10, x10, 255       x10=00000065 x10:00000065
16989972ns          289195 1c008a70 00d70733 add              x14, x14, x13       x14=1a10f018 x14:00000018 x13:1a10f000
16989991ns          289196 1c008a72 00a7e723 p.sw             x10, x0(x15)        x10:00000065 x15:00000000  PA:1a10f018
16990310ns          289212 1c008a76 00000513 addi             x10, x0, 0          x10=00000000
16990330ns          289213 1c008a78 00008067 jalr             x0, x1, 0            x1:1c008b48
16990369ns          289215 1c008b48 31f52563 p.beqimm         x10, 778            x10:00000000
16990389ns          289216 1c008b4c 001d8d93 addi             x27, x27, 1         x27=00000005 x27:00000004
16990409ns          289217 1c008b4e 00044503 lbu              x10, 0(x8)          x10=00000073  x8:1c00008d  PA:1c00008d
16990708ns          289232 1c008b52 00140413 addi             x8, x8, 1            x8=1c00008e  x8:1c00008d
16990727ns          289233 1c008b54 fe0514e3 bne              x10, x0, -24        x10:00000073
16990787ns          289236 1c008b3c 02500793 addi             x15, x0, 37         x15=00000025
16990807ns          289237 1c008b40 04f50863 beq              x10, x15, 80        x10:00000073 x15:00000025
16990827ns          289238 1c008b44 01a005b3 add              x11, x0, x26        x11=00000002 x26:00000002
16990847ns          289239 1c008b46 000b00e7 jalr             x1, x22, 0           x1=1c008b48 x22:1c008a52
16990887ns          289241 1c008a52 000026b7 lui              x13, 0x2000         x13=00002000
16990906ns          289242 1c008a54 f14027f3 csrrs            x15, x0, 0xf14      x15=00000003
16990926ns          289243 1c008a58 f8068693 addi             x13, x13, -128      x13=00001f80 x13:00002000
16990946ns          289244 1c008a5c 00379713 slli             x14, x15, 0x3       x14=00000018 x15:00000003
16990966ns          289245 1c008a60 00279793 slli             x15, x15, 0x2       x15=0000000c x15:00000003
16990986ns          289246 1c008a62 00d7f7b3 and              x15, x15, x13       x15=00000000 x15:0000000c x13:00001f80
16991006ns          289247 1c008a64 ee873733 p.bclr           x14, x14, 23, 8     x14=00000018 x14:00000018
16991026ns          289248 1c008a68 1a10f6b7 lui              x13, 0x1a10f000     x13=1a10f000
16991046ns          289249 1c008a6c 0ff57513 andi             x10, x10, 255       x10=00000073 x10:00000073
16991066ns          289250 1c008a70 00d70733 add              x14, x14, x13       x14=1a10f018 x14:00000018 x13:1a10f000
16991085ns          289251 1c008a72 00a7e723 p.sw             x10, x0(x15)        x10:00000073 x15:00000000  PA:1a10f018
16991424ns          289268 1c008a76 00000513 addi             x10, x0, 0          x10=00000000
16991443ns          289269 1c008a78 00008067 jalr             x0, x1, 0            x1:1c008b48
16991483ns          289271 1c008b48 31f52563 p.beqimm         x10, 778            x10:00000000
16991503ns          289272 1c008b4c 001d8d93 addi             x27, x27, 1         x27=00000006 x27:00000005
16991523ns          289273 1c008b4e 00044503 lbu              x10, 0(x8)          x10=00000074  x8:1c00008e  PA:1c00008e
16991821ns          289288 1c008b52 00140413 addi             x8, x8, 1            x8=1c00008f  x8:1c00008e
16991841ns          289289 1c008b54 fe0514e3 bne              x10, x0, -24        x10:00000074
16991901ns          289292 1c008b3c 02500793 addi             x15, x0, 37         x15=00000025
16991921ns          289293 1c008b40 04f50863 beq              x10, x15, 80        x10:00000074 x15:00000025
16991941ns          289294 1c008b44 01a005b3 add              x11, x0, x26        x11=00000002 x26:00000002
16991961ns          289295 1c008b46 000b00e7 jalr             x1, x22, 0           x1=1c008b48 x22:1c008a52
16992000ns          289297 1c008a52 000026b7 lui              x13, 0x2000         x13=00002000
16992020ns          289298 1c008a54 f14027f3 csrrs            x15, x0, 0xf14      x15=00000003
16992040ns          289299 1c008a58 f8068693 addi             x13, x13, -128      x13=00001f80 x13:00002000
16992060ns          289300 1c008a5c 00379713 slli             x14, x15, 0x3       x14=00000018 x15:00000003
16992080ns          289301 1c008a60 00279793 slli             x15, x15, 0x2       x15=0000000c x15:00000003
16992100ns          289302 1c008a62 00d7f7b3 and              x15, x15, x13       x15=00000000 x15:0000000c x13:00001f80
16992120ns          289303 1c008a64 ee873733 p.bclr           x14, x14, 23, 8     x14=00000018 x14:00000018
16992140ns          289304 1c008a68 1a10f6b7 lui              x13, 0x1a10f000     x13=1a10f000
16992160ns          289305 1c008a6c 0ff57513 andi             x10, x10, 255       x10=00000074 x10:00000074
16992179ns          289306 1c008a70 00d70733 add              x14, x14, x13       x14=1a10f018 x14:00000018 x13:1a10f000
16992199ns          289307 1c008a72 00a7e723 p.sw             x10, x0(x15)        x10:00000074 x15:00000000  PA:1a10f018
16992518ns          289323 1c008a76 00000513 addi             x10, x0, 0          x10=00000000
16992537ns          289324 1c008a78 00008067 jalr             x0, x1, 0            x1:1c008b48
16992577ns          289326 1c008b48 31f52563 p.beqimm         x10, 778            x10:00000000
16992597ns          289327 1c008b4c 001d8d93 addi             x27, x27, 1         x27=00000007 x27:00000006
16992617ns          289328 1c008b4e 00044503 lbu              x10, 0(x8)          x10=0000003a  x8:1c00008f  PA:1c00008f
16992915ns          289343 1c008b52 00140413 addi             x8, x8, 1            x8=1c000090  x8:1c00008f
16992935ns          289344 1c008b54 fe0514e3 bne              x10, x0, -24        x10:0000003a
16992995ns          289347 1c008b3c 02500793 addi             x15, x0, 37         x15=00000025
16993015ns          289348 1c008b40 04f50863 beq              x10, x15, 80        x10:0000003a x15:00000025
16993035ns          289349 1c008b44 01a005b3 add              x11, x0, x26        x11=00000002 x26:00000002
16993055ns          289350 1c008b46 000b00e7 jalr             x1, x22, 0           x1=1c008b48 x22:1c008a52
16993094ns          289352 1c008a52 000026b7 lui              x13, 0x2000         x13=00002000
16993114ns          289353 1c008a54 f14027f3 csrrs            x15, x0, 0xf14      x15=00000003
16993134ns          289354 1c008a58 f8068693 addi             x13, x13, -128      x13=00001f80 x13:00002000
16993154ns          289355 1c008a5c 00379713 slli             x14, x15, 0x3       x14=00000018 x15:00000003
16993174ns          289356 1c008a60 00279793 slli             x15, x15, 0x2       x15=0000000c x15:00000003
16993194ns          289357 1c008a62 00d7f7b3 and              x15, x15, x13       x15=00000000 x15:0000000c x13:00001f80
16993214ns          289358 1c008a64 ee873733 p.bclr           x14, x14, 23, 8     x14=00000018 x14:00000018
16993234ns          289359 1c008a68 1a10f6b7 lui              x13, 0x1a10f000     x13=1a10f000
16993254ns          289360 1c008a6c 0ff57513 andi             x10, x10, 255       x10=0000003a x10:0000003a
16993273ns          289361 1c008a70 00d70733 add              x14, x14, x13       x14=1a10f018 x14:00000018 x13:1a10f000
16993293ns          289362 1c008a72 00a7e723 p.sw             x10, x0(x15)        x10:0000003a x15:00000000  PA:1a10f018
16993612ns          289378 1c008a76 00000513 addi             x10, x0, 0          x10=00000000
16993631ns          289379 1c008a78 00008067 jalr             x0, x1, 0            x1:1c008b48
16993671ns          289381 1c008b48 31f52563 p.beqimm         x10, 778            x10:00000000
16993691ns          289382 1c008b4c 001d8d93 addi             x27, x27, 1         x27=00000008 x27:00000007
16993711ns          289383 1c008b4e 00044503 lbu              x10, 0(x8)          x10=00000020  x8:1c000090  PA:1c000090
16994029ns          289399 1c008b52 00140413 addi             x8, x8, 1            x8=1c000091  x8:1c000090
16994049ns          289400 1c008b54 fe0514e3 bne              x10, x0, -24        x10:00000020
16994109ns          289403 1c008b3c 02500793 addi             x15, x0, 37         x15=00000025
16994129ns          289404 1c008b40 04f50863 beq              x10, x15, 80        x10:00000020 x15:00000025
16994149ns          289405 1c008b44 01a005b3 add              x11, x0, x26        x11=00000002 x26:00000002
16994169ns          289406 1c008b46 000b00e7 jalr             x1, x22, 0           x1=1c008b48 x22:1c008a52
16994208ns          289408 1c008a52 000026b7 lui              x13, 0x2000         x13=00002000
16994228ns          289409 1c008a54 f14027f3 csrrs            x15, x0, 0xf14      x15=00000003
16994248ns          289410 1c008a58 f8068693 addi             x13, x13, -128      x13=00001f80 x13:00002000
16994268ns          289411 1c008a5c 00379713 slli             x14, x15, 0x3       x14=00000018 x15:00000003
16994288ns          289412 1c008a60 00279793 slli             x15, x15, 0x2       x15=0000000c x15:00000003
16994308ns          289413 1c008a62 00d7f7b3 and              x15, x15, x13       x15=00000000 x15:0000000c x13:00001f80
16994328ns          289414 1c008a64 ee873733 p.bclr           x14, x14, 23, 8     x14=00000018 x14:00000018
16994348ns          289415 1c008a68 1a10f6b7 lui              x13, 0x1a10f000     x13=1a10f000
16994367ns          289416 1c008a6c 0ff57513 andi             x10, x10, 255       x10=00000020 x10:00000020
16994387ns          289417 1c008a70 00d70733 add              x14, x14, x13       x14=1a10f018 x14:00000018 x13:1a10f000
16994407ns          289418 1c008a72 00a7e723 p.sw             x10, x0(x15)        x10:00000020 x15:00000000  PA:1a10f018
16994725ns          289434 1c008a76 00000513 addi             x10, x0, 0          x10=00000000
16994745ns          289435 1c008a78 00008067 jalr             x0, x1, 0            x1:1c008b48
16994785ns          289437 1c008b48 31f52563 p.beqimm         x10, 778            x10:00000000
16994805ns          289438 1c008b4c 001d8d93 addi             x27, x27, 1         x27=00000009 x27:00000008
16994825ns          289439 1c008b4e 00044503 lbu              x10, 0(x8)          x10=00000025  x8:1c000091  PA:1c000091
16995123ns          289454 1c008b52 00140413 addi             x8, x8, 1            x8=1c000092  x8:1c000091
16995143ns          289455 1c008b54 fe0514e3 bne              x10, x0, -24        x10:00000025
16995203ns          289458 1c008b3c 02500793 addi             x15, x0, 37         x15=00000025
16995223ns          289459 1c008b40 04f50863 beq              x10, x15, 80        x10:00000025 x15:00000025
16995322ns          289464 1c008b90 00044483 lbu              x9, 0(x8)            x9=00000073  x8:1c000092  PA:1c000092
16995760ns          289486 1c008b94 02000693 addi             x13, x0, 32         x13=00000020
16995780ns          289487 1c008b98 00140a93 addi             x21, x8, 1          x21=1c000093  x8:1c000092
16995800ns          289488 1c008b9c 009005b3 add              x11, x0, x9         x11=00000073  x9:00000073
16995819ns          289489 1c008b9e 05cb8513 addi             x10, x23, 92        x10=1c00005c x23:1c000000
16995839ns          289490 1c008ba2 00d12823 sw               x13, 16(x2)         x13:00000020  x2:10002a28  PA:10002a38
16995859ns          289491 1c008ba4 00012c23 sw               x0, 24(x2)           x2:10002a28  PA:10002a40
16995879ns          289492 1c008ba6 00012a23 sw               x0, 20(x2)           x2:10002a28  PA:10002a3c
16995899ns          289493 1c008ba8 00012e23 sw               x0, 28(x2)           x2:10002a28  PA:10002a44
16995919ns          289494 1c008baa 00012623 sw               x0, 12(x2)           x2:10002a28  PA:10002a34
16995939ns          289495 1c008bac 02300913 addi             x18, x0, 35         x18=00000023
16996297ns          289513 1c008bb0 02d00a13 addi             x20, x0, 45         x20=0000002d
16996337ns          289515 1c008bb4 015009b3 add              x19, x0, x21        x19=1c000093 x21:1c000093
16996357ns          289516 1c008bb6 e1dff0ef jal              x1, -484             x1=1c008bb8
16996874ns          289542 1c0089d2 00054783 lbu              x15, 0(x10)         x15=0000002d x10:1c00005c  PA:1c00005c
16997192ns          289558 1c0089d6 0ff5f593 andi             x11, x11, 255       x11=00000073 x11:00000073
16997212ns          289559 1c0089da 00b78c63 beq              x15, x11, 24        x15:0000002d x11:00000073
16997232ns          289560 1c0089de 00078b63 beq              x15, x0, 22         x15:0000002d
16997391ns          289568 1c0089e0 00150793 addi             x15, x10, 1         x15=1c00005d x10:1c00005c
16997431ns          289570 1c0089e4 0040006f jal              x0, 4              
16997470ns          289572 1c0089e8 00f00533 add              x10, x0, x15        x10=1c00005d x15:1c00005d
16997490ns          289573 1c0089ea 0017c70b p.lbu            x14, 1(x15!)        x14=0000002b x15=1c00005e x15:1c00005d  PA:1c00005d
16997968ns          289597 1c0089ee feb71ce3 bne              x14, x11, -8        x14:0000002b x11:00000073
16998027ns          289600 1c0089e6 00070763 beq              x14, x0, 14         x14:0000002b
16998047ns          289601 1c0089e8 00f00533 add              x10, x0, x15        x10=1c00005e x15:1c00005e
16998067ns          289602 1c0089ea 0017c70b p.lbu            x14, 1(x15!)        x14=00000020 x15=1c00005f x15:1c00005e  PA:1c00005e
16998385ns          289618 1c0089ee feb71ce3 bne              x14, x11, -8        x14:00000020 x11:00000073
16998445ns          289621 1c0089e6 00070763 beq              x14, x0, 14         x14:00000020
16998465ns          289622 1c0089e8 00f00533 add              x10, x0, x15        x10=1c00005f x15:1c00005f
16998485ns          289623 1c0089ea 0017c70b p.lbu            x14, 1(x15!)        x14=00000023 x15=1c000060 x15:1c00005f  PA:1c00005f
16998803ns          289639 1c0089ee feb71ce3 bne              x14, x11, -8        x14:00000023 x11:00000073
16998863ns          289642 1c0089e6 00070763 beq              x14, x0, 14         x14:00000023
16998883ns          289643 1c0089e8 00f00533 add              x10, x0, x15        x10=1c000060 x15:1c000060
16998903ns          289644 1c0089ea 0017c70b p.lbu            x14, 1(x15!)        x14=00000030 x15=1c000061 x15:1c000060  PA:1c000060
16999221ns          289660 1c0089ee feb71ce3 bne              x14, x11, -8        x14:00000030 x11:00000073
16999280ns          289663 1c0089e6 00070763 beq              x14, x0, 14         x14:00000030
16999300ns          289664 1c0089e8 00f00533 add              x10, x0, x15        x10=1c000061 x15:1c000061
16999320ns          289665 1c0089ea 0017c70b p.lbu            x14, 1(x15!)        x14=00000000 x15=1c000062 x15:1c000061  PA:1c000061
16999638ns          289681 1c0089ee feb71ce3 bne              x14, x11, -8        x14:00000000 x11:00000073
16999698ns          289684 1c0089e6 00070763 beq              x14, x0, 14         x14:00000000
16999758ns          289687 1c0089f4 0015b593 sltiu            x11, x11, 1         x11=00000000 x11:00000073
16999778ns          289688 1c0089f8 40b005b3 sub              x11, x0, x11        x11=00000000 x11:00000000
16999798ns          289689 1c0089fc 00b57533 and              x10, x10, x11       x10=00000000 x10:1c000061 x11:00000000
16999817ns          289690 1c0089fe 00008067 jalr             x0, x1, 0            x1:1c008bb8
17000275ns          289713 1c008bb8 02050a63 beq              x10, x0, 52         x10:00000000
17001190ns          289759 1c008bec 02a00613 addi             x12, x0, 42         x12=0000002a
17001647ns          289782 1c008bf0 2ac48663 beq              x9, x12, 684         x9:00000073 x12:0000002a
17001687ns          289784 1c008bf4 fd048613 addi             x12, x9, -48        x12=00000043  x9:00000073
17001707ns          289785 1c008bf8 00900593 addi             x11, x0, 9          x11=00000009
17001727ns          289786 1c008bfa 00000913 addi             x18, x0, 0          x18=00000000
17001747ns          289787 1c008bfc 28c5f063 bgeu             x11, x12, 640       x11:00000009 x12:00000043
17002184ns          289809 1c008c00 02e00693 addi             x13, x0, 46         x13=0000002e
17002224ns          289811 1c008c04 fff00a13 addi             x20, x0, -1         x20=ffffffff
17002244ns          289812 1c008c06 2ed48363 beq              x9, x13, 742         x9:00000073 x13:0000002e
17002264ns          289813 1c008c0a 1c0007b7 lui              x15, 0x1c000000     x15=1c000000
17002284ns          289814 1c008c0e 009005b3 add              x11, x0, x9         x11=00000073  x9:00000073
17002702ns          289835 1c008c10 06478513 addi             x10, x15, 100       x10=1c000064 x15:1c000000
17002741ns          289837 1c008c14 dbfff0ef jal              x1, -578             x1=1c008c16
17002801ns          289840 1c0089d2 00054783 lbu              x15, 0(x10)         x15=00000068 x10:1c000064  PA:1c000064
17003119ns          289856 1c0089d6 0ff5f593 andi             x11, x11, 255       x11=00000073 x11:00000073
17003139ns          289857 1c0089da 00b78c63 beq              x15, x11, 24        x15:00000068 x11:00000073
17003159ns          289858 1c0089de 00078b63 beq              x15, x0, 22         x15:00000068
17003179ns          289859 1c0089e0 00150793 addi             x15, x10, 1         x15=1c000065 x10:1c000064
17003199ns          289860 1c0089e4 0040006f jal              x0, 4              
17003239ns          289862 1c0089e8 00f00533 add              x10, x0, x15        x10=1c000065 x15:1c000065
17003259ns          289863 1c0089ea 0017c70b p.lbu            x14, 1(x15!)        x14=0000006c x15=1c000066 x15:1c000065  PA:1c000065
17003577ns          289879 1c0089ee feb71ce3 bne              x14, x11, -8        x14:0000006c x11:00000073
17003637ns          289882 1c0089e6 00070763 beq              x14, x0, 14         x14:0000006c
17003656ns          289883 1c0089e8 00f00533 add              x10, x0, x15        x10=1c000066 x15:1c000066
17003676ns          289884 1c0089ea 0017c70b p.lbu            x14, 1(x15!)        x14=0000004c x15=1c000067 x15:1c000066  PA:1c000066
17003995ns          289900 1c0089ee feb71ce3 bne              x14, x11, -8        x14:0000004c x11:00000073
17004054ns          289903 1c0089e6 00070763 beq              x14, x0, 14         x14:0000004c
17004074ns          289904 1c0089e8 00f00533 add              x10, x0, x15        x10=1c000067 x15:1c000067
17004094ns          289905 1c0089ea 0017c70b p.lbu            x14, 1(x15!)        x14=0000007a x15=1c000068 x15:1c000067  PA:1c000067
17004412ns          289921 1c0089ee feb71ce3 bne              x14, x11, -8        x14:0000007a x11:00000073
17004472ns          289924 1c0089e6 00070763 beq              x14, x0, 14         x14:0000007a
17004492ns          289925 1c0089e8 00f00533 add              x10, x0, x15        x10=1c000068 x15:1c000068
17004512ns          289926 1c0089ea 0017c70b p.lbu            x14, 1(x15!)        x14=00000000 x15=1c000069 x15:1c000068  PA:1c000068
17004830ns          289942 1c0089ee feb71ce3 bne              x14, x11, -8        x14:00000000 x11:00000073
17004890ns          289945 1c0089e6 00070763 beq              x14, x0, 14         x14:00000000
17004949ns          289948 1c0089f4 0015b593 sltiu            x11, x11, 1         x11=00000000 x11:00000073
17004969ns          289949 1c0089f8 40b005b3 sub              x11, x0, x11        x11=00000000 x11:00000000
17004989ns          289950 1c0089fc 00b57533 and              x10, x10, x11       x10=00000000 x10:1c000068 x11:00000000
17005009ns          289951 1c0089fe 00008067 jalr             x0, x1, 0            x1:1c008c16
17005049ns          289953 1c008c16 01300433 add              x8, x0, x19          x8=1c000093 x19:1c000093
17005069ns          289954 1c008c18 00050563 beq              x10, x0, 10         x10:00000000
17005606ns          289981 1c008c22 06700693 addi             x13, x0, 103        x13=00000067
17005626ns          289982 1c008c26 2896d963 bge              x13, x9, 658        x13:00000067  x9:00000073
17005645ns          289983 1c008c2a 07000693 addi             x13, x0, 112        x13=00000070
17006103ns          290006 1c008c2e 7cd48763 beq              x9, x13, 1998        x9:00000073 x13:00000070
17006143ns          290008 1c008c32 2e96d163 bge              x13, x9, 738        x13:00000070  x9:00000073
17006163ns          290009 1c008c36 07500693 addi             x13, x0, 117        x13=00000075
17006183ns          290010 1c008c3a 12d484e3 beq              x9, x13, 2344        x9:00000073 x13:00000075
17006620ns          290032 1c008c3e 07800693 addi             x13, x0, 120        x13=00000078
17006660ns          290034 1c008c42 06d48663 beq              x9, x13, 108         x9:00000073 x13:00000078
17006680ns          290035 1c008c46 07300693 addi             x13, x0, 115        x13=00000073
17006700ns          290036 1c008c4a 18d49ae3 bne              x9, x13, 2452        x9:00000073 x13:00000073
17007137ns          290058 1c008c4e 000c2583 lw               x11, 0(x24)         x11=1c000040 x24:10002b7c  PA:10002b7c
17007177ns          290060 1c008c52 004c0993 addi             x19, x24, 4         x19=10002b80 x24:10002b7c
17007197ns          290061 1c008c56 00b006b3 add              x13, x0, x11        x13=1c000040 x11:1c000040
17007217ns          290062 1c008c58 00000493 addi             x9, x0, 0            x9=00000000
17007237ns          290063 1c008c5a 0c8350fb lp.setupi        0x1, 0xc8, 0x6     
17007654ns          290084 1c008c5e 0016c70b p.lbu            x14, 1(x13!)        x14=0000004d x13=1c000041 x13:1c000040  PA:1c000040
17007993ns          290101 1c008c62 180705e3 beq              x14, x0, 2442       x14:0000004d
17008012ns          290102 1c008c66 00148493 addi             x9, x9, 1            x9=00000001  x9:00000000
17008052ns          290104 1c008c5e 0016c70b p.lbu            x14, 1(x13!)        x14=00000061 x13=1c000042 x13:1c000041  PA:1c000041
17008371ns          290120 1c008c62 180705e3 beq              x14, x0, 2442       x14:00000061
17008390ns          290121 1c008c66 00148493 addi             x9, x9, 1            x9=00000002  x9:00000001
17008410ns          290122 1c008c5e 0016c70b p.lbu            x14, 1(x13!)        x14=00000074 x13=1c000043 x13:1c000042  PA:1c000042
17008748ns          290139 1c008c62 180705e3 beq              x14, x0, 2442       x14:00000074
17008768ns          290140 1c008c66 00148493 addi             x9, x9, 1            x9=00000003  x9:00000002
17008788ns          290141 1c008c5e 0016c70b p.lbu            x14, 1(x13!)        x14=00000072 x13=1c000044 x13:1c000043  PA:1c000043
17009126ns          290158 1c008c62 180705e3 beq              x14, x0, 2442       x14:00000072
17009146ns          290159 1c008c66 00148493 addi             x9, x9, 1            x9=00000004  x9:00000003
17009166ns          290160 1c008c5e 0016c70b p.lbu            x14, 1(x13!)        x14=00000069 x13=1c000045 x13:1c000044  PA:1c000044
17009484ns          290176 1c008c62 180705e3 beq              x14, x0, 2442       x14:00000069
17009504ns          290177 1c008c66 00148493 addi             x9, x9, 1            x9=00000005  x9:00000004
17009524ns          290178 1c008c5e 0016c70b p.lbu            x14, 1(x13!)        x14=00000078 x13=1c000046 x13:1c000045  PA:1c000045
17009842ns          290194 1c008c62 180705e3 beq              x14, x0, 2442       x14:00000078
17009862ns          290195 1c008c66 00148493 addi             x9, x9, 1            x9=00000006  x9:00000005
17009882ns          290196 1c008c5e 0016c70b p.lbu            x14, 1(x13!)        x14=00000020 x13=1c000047 x13:1c000046  PA:1c000046
17010200ns          290212 1c008c62 180705e3 beq              x14, x0, 2442       x14:00000020
17010220ns          290213 1c008c66 00148493 addi             x9, x9, 1            x9=00000007  x9:00000006
17010240ns          290214 1c008c5e 0016c70b p.lbu            x14, 1(x13!)        x14=0000004d x13=1c000048 x13:1c000047  PA:1c000047
17010578ns          290231 1c008c62 180705e3 beq              x14, x0, 2442       x14:0000004d
17010598ns          290232 1c008c66 00148493 addi             x9, x9, 1            x9=00000008  x9:00000007
17010618ns          290233 1c008c5e 0016c70b p.lbu            x14, 1(x13!)        x14=00000075 x13=1c000049 x13:1c000048  PA:1c000048
17010936ns          290249 1c008c62 180705e3 beq              x14, x0, 2442       x14:00000075
17010956ns          290250 1c008c66 00148493 addi             x9, x9, 1            x9=00000009  x9:00000008
17010976ns          290251 1c008c5e 0016c70b p.lbu            x14, 1(x13!)        x14=0000006c x13=1c00004a x13:1c000049  PA:1c000049
17011354ns          290270 1c008c62 180705e3 beq              x14, x0, 2442       x14:0000006c
17011374ns          290271 1c008c66 00148493 addi             x9, x9, 1            x9=0000000a  x9:00000009
17011394ns          290272 1c008c5e 0016c70b p.lbu            x14, 1(x13!)        x14=00000074 x13=1c00004b x13:1c00004a  PA:1c00004a
17011752ns          290290 1c008c62 180705e3 beq              x14, x0, 2442       x14:00000074
17011772ns          290291 1c008c66 00148493 addi             x9, x9, 1            x9=0000000b  x9:0000000a
17011792ns          290292 1c008c5e 0016c70b p.lbu            x14, 1(x13!)        x14=00000069 x13=1c00004c x13:1c00004b  PA:1c00004b
17012110ns          290308 1c008c62 180705e3 beq              x14, x0, 2442       x14:00000069
17012130ns          290309 1c008c66 00148493 addi             x9, x9, 1            x9=0000000c  x9:0000000b
17012150ns          290310 1c008c5e 0016c70b p.lbu            x14, 1(x13!)        x14=00000070 x13=1c00004d x13:1c00004c  PA:1c00004c
17012468ns          290326 1c008c62 180705e3 beq              x14, x0, 2442       x14:00000070
17012488ns          290327 1c008c66 00148493 addi             x9, x9, 1            x9=0000000d  x9:0000000c
17012508ns          290328 1c008c5e 0016c70b p.lbu            x14, 1(x13!)        x14=0000006c x13=1c00004e x13:1c00004d  PA:1c00004d
17012826ns          290344 1c008c62 180705e3 beq              x14, x0, 2442       x14:0000006c
17012846ns          290345 1c008c66 00148493 addi             x9, x9, 1            x9=0000000e  x9:0000000d
17012866ns          290346 1c008c5e 0016c70b p.lbu            x14, 1(x13!)        x14=00000069 x13=1c00004f x13:1c00004e  PA:1c00004e
17013184ns          290362 1c008c62 180705e3 beq              x14, x0, 2442       x14:00000069
17013204ns          290363 1c008c66 00148493 addi             x9, x9, 1            x9=0000000f  x9:0000000e
17013224ns          290364 1c008c5e 0016c70b p.lbu            x14, 1(x13!)        x14=00000063 x13=1c000050 x13:1c00004f  PA:1c00004f
17013542ns          290380 1c008c62 180705e3 beq              x14, x0, 2442       x14:00000063
17013562ns          290381 1c008c66 00148493 addi             x9, x9, 1            x9=00000010  x9:0000000f
17013582ns          290382 1c008c5e 0016c70b p.lbu            x14, 1(x13!)        x14=00000061 x13=1c000051 x13:1c000050  PA:1c000050
17013900ns          290398 1c008c62 180705e3 beq              x14, x0, 2442       x14:00000061
17013920ns          290399 1c008c66 00148493 addi             x9, x9, 1            x9=00000011  x9:00000010
17013940ns          290400 1c008c5e 0016c70b p.lbu            x14, 1(x13!)        x14=00000074 x13=1c000052 x13:1c000051  PA:1c000051
17014258ns          290416 1c008c62 180705e3 beq              x14, x0, 2442       x14:00000074
17014278ns          290417 1c008c66 00148493 addi             x9, x9, 1            x9=00000012  x9:00000011
17014298ns          290418 1c008c5e 0016c70b p.lbu            x14, 1(x13!)        x14=00000069 x13=1c000053 x13:1c000052  PA:1c000052
17014616ns          290434 1c008c62 180705e3 beq              x14, x0, 2442       x14:00000069
17014636ns          290435 1c008c66 00148493 addi             x9, x9, 1            x9=00000013  x9:00000012
17014656ns          290436 1c008c5e 0016c70b p.lbu            x14, 1(x13!)        x14=0000006f x13=1c000054 x13:1c000053  PA:1c000053
17014974ns          290452 1c008c62 180705e3 beq              x14, x0, 2442       x14:0000006f
17014994ns          290453 1c008c66 00148493 addi             x9, x9, 1            x9=00000014  x9:00000013
17015014ns          290454 1c008c5e 0016c70b p.lbu            x14, 1(x13!)        x14=0000006e x13=1c000055 x13:1c000054  PA:1c000054
17015372ns          290472 1c008c62 180705e3 beq              x14, x0, 2442       x14:0000006e
17015392ns          290473 1c008c66 00148493 addi             x9, x9, 1            x9=00000015  x9:00000014
17015412ns          290474 1c008c5e 0016c70b p.lbu            x14, 1(x13!)        x14=00000000 x13=1c000056 x13:1c000055  PA:1c000055
17015730ns          290490 1c008c62 180705e3 beq              x14, x0, 2442       x14:00000000
17016188ns          290513 1c0095ec e80a5063 bge              x20, x0, -2432      x20:ffffffff
17016645ns          290536 1c0095f0 e80ff06f jal              x0, -2432          
17017122ns          290560 1c008c70 01300c33 add              x24, x0, x19        x24=10002b80 x19:10002b80
17017162ns          290562 1c008c72 ec0481e3 beq              x9, x0, -318         x9:00000015
17017182ns          290563 1c008c76 00900633 add              x12, x0, x9         x12=00000015  x9:00000015
17017202ns          290564 1c008c78 01900533 add              x10, x0, x25        x10=10002a4c x25:10002a4c
17017222ns          290565 1c008c7a 9e5ff0ef jal              x1, -1564            x1=1c008c7c
17018574ns          290633 1c00865e 00a5e7b3 or               x15, x11, x10       x15=1c002a4c x11:1c000040 x10:10002a4c
17018614ns          290635 1c008662 fa27b7b3 p.bclr           x15, x15, 29, 2     x15=00000000 x15:1c002a4c
17018634ns          290636 1c008666 00a00833 add              x16, x0, x10        x16=10002a4c x10:10002a4c
17018654ns          290637 1c008668 10078163 beq              x15, x0, 258        x15:00000000
17019629ns          290686 1c00876a fa2637b3 p.bclr           x15, x12, 29, 2     x15=00000001 x12:00000015
17019649ns          290687 1c00876e f00791e3 bne              x15, x0, -254       x15:00000001
17020106ns          290710 1c008670 00458793 addi             x15, x11, 4         x15=1c000044 x11:1c000040
17020126ns          290711 1c008674 00450693 addi             x13, x10, 4         x13=10002a50 x10:10002a4c
17020146ns          290712 1c008678 04a7b7b3 p.sletu          x15, x15, x10       x15=00000000 x15:1c000044 x10:10002a4c
17020166ns          290713 1c00867c 04b6b6b3 p.sletu          x13, x13, x11       x13=00000001 x13:10002a50 x11:1c000040
17020603ns          290735 1c008680 00f00733 add              x14, x0, x15        x14=00000000 x15:00000000
17020623ns          290736 1c008682 00d007b3 add              x15, x0, x13        x15=00000001 x13:00000001
17020643ns          290737 1c008684 00e7e7b3 or               x15, x15, x14       x15=00000001 x15:00000001 x14:00000000
17020663ns          290738 1c008686 0ff7f793 andi             x15, x15, 255       x15=00000001 x15:00000001
17020683ns          290739 1c00868a 0c078963 beq              x15, x0, 210        x15:00000001
17020703ns          290740 1c00868c 00863793 sltiu            x15, x12, 8         x15=00000000 x12:00000015
17021120ns          290761 1c008690 0017c793 xori             x15, x15, 1         x15=00000001 x15:00000000
17021160ns          290763 1c008694 0ff7f793 andi             x15, x15, 255       x15=00000001 x15:00000001
17021180ns          290764 1c008698 0c078263 beq              x15, x0, 196        x15:00000001
17021200ns          290765 1c00869a 40b007b3 sub              x15, x0, x11        x15=e3ffffc0 x11:1c000040
17021638ns          290787 1c00869e fa27b7b3 p.bclr           x15, x15, 29, 2     x15=00000000 x15:e3ffffc0
17021677ns          290789 1c0086a2 fff60313 addi             x6, x12, -1          x6=00000014 x12:00000015
17021697ns          290790 1c0086a6 0e078163 beq              x15, x0, 226        x15:00000000
17022632ns          290837 1c008788 00b008b3 add              x17, x0, x11        x17=1c000040 x11:1c000040
17022652ns          290838 1c00878a 00a00833 add              x16, x0, x10        x16=10002a4c x10:10002a4c
17022672ns          290839 1c00878c 00c00333 add              x6, x0, x12          x6=00000015 x12:00000015
17022692ns          290840 1c00878e f5bff06f jal              x0, -166           
17023587ns          290885 1c0086e8 40f60633 sub              x12, x12, x15       x12=00000015 x12:00000015 x15:00000000
17023627ns          290887 1c0086ea 00265713 srli             x14, x12, 0x2       x14=00000005 x12:00000015
17024064ns          290909 1c0086ee 00f506b3 add              x13, x10, x15       x13=10002a4c x10:10002a4c x15:00000000
17024084ns          290910 1c0086f2 00f585b3 add              x11, x11, x15       x11=1c000040 x11:1c000040 x15:00000000
17024104ns          290911 1c0086f4 08070f63 beq              x14, x0, 158        x14:00000005
17024124ns          290912 1c0086f6 004740fb lp.setup         0x1, x14, 0x4       x14:00000005
17024144ns          290913 1c0086fa 0045a78b p.lw             x15, 4(x11!)        x15=7274614d x11=1c000044 x11:1c000040  PA:1c000040
17024601ns          290936 1c0086fe 00f6a22b p.sw             x15, 4(x13!)        x13=10002a50 x15:7274614d x13:10002a4c  PA:10002a4c
17024661ns          290939 1c0086fa 0045a78b p.lw             x15, 4(x11!)        x15=4d207869 x11=1c000048 x11:1c000044  PA:1c000044
17024999ns          290956 1c0086fe 00f6a22b p.sw             x15, 4(x13!)        x13=10002a54 x15:4d207869 x13:10002a50  PA:10002a50
17025019ns          290957 1c0086fa 0045a78b p.lw             x15, 4(x11!)        x15=69746c75 x11=1c00004c x11:1c000048  PA:1c000048
17025337ns          290973 1c0086fe 00f6a22b p.sw             x15, 4(x13!)        x13=10002a58 x15:69746c75 x13:10002a54  PA:10002a54
17025357ns          290974 1c0086fa 0045a78b p.lw             x15, 4(x11!)        x15=63696c70 x11=1c000050 x11:1c00004c  PA:1c00004c
17025675ns          290990 1c0086fe 00f6a22b p.sw             x15, 4(x13!)        x13=10002a5c x15:63696c70 x13:10002a58  PA:10002a58
17025695ns          290991 1c0086fa 0045a78b p.lw             x15, 4(x11!)        x15=6f697461 x11=1c000054 x11:1c000050  PA:1c000050
17026034ns          291008 1c0086fe 00f6a22b p.sw             x15, 4(x13!)        x13=10002a60 x15:6f697461 x13:10002a5c  PA:10002a5c
17026053ns          291009 1c008702 c20635b3 p.bclr           x11, x12, 1, 0      x11=00000014 x12:00000015
17026073ns          291010 1c008706 40b306b3 sub              x13, x6, x11        x13=00000001  x6:00000015 x11:00000014
17026093ns          291011 1c00870a 00b807b3 add              x15, x16, x11       x15=10002a60 x16:10002a4c x11:00000014
17026511ns          291032 1c00870e 00b88733 add              x14, x17, x11       x14=1c000054 x17:1c000040 x11:00000014
17026551ns          291034 1c008712 04b60b63 beq              x12, x11, 86        x12:00000015 x11:00000014
17026571ns          291035 1c008716 00074603 lbu              x12, 0(x14)         x12=0000006e x14:1c000054  PA:1c000054
17027008ns          291057 1c00871a 00c78023 sb               x12, 0(x15)         x12:0000006e x15:10002a60  PA:10002a60
17027028ns          291058 1c00871e 0416a563 p.beqimm         x13, 74             x13:00000001
17027088ns          291061 1c008768 00008067 jalr             x0, x1, 0            x1:1c008c7c
17027167ns          291065 1c008c7c 01300c33 add              x24, x0, x19        x24=10002b80 x19:10002b80
17027207ns          291067 1c008c7e 1b24db63 bge              x9, x18, 438         x9:00000015 x18:00000000
17027684ns          291091 1c008e34 01900933 add              x18, x0, x25        x18=10002a4c x25:10002a4c
17027724ns          291093 1c008e36 419d8db3 sub              x27, x27, x25       x27=efffd5bd x27:00000009 x25:10002a4c
17027744ns          291094 1c008e3a 00a0006f jal              x0, 10             
17028221ns          291118 1c008e44 0019450b p.lbu            x10, 1(x18!)        x10=0000004d x18=10002a4d x18:10002a4c  PA:10002a4c
17028241ns          291119 1c008e48 01a005b3 add              x11, x0, x26        x11=00000002 x26:00000002
17028261ns          291120 1c008e4a 000b00e7 jalr             x1, x22, 0           x1=1c008e4c x22:1c008a52
17028759ns          291145 1c008a52 000026b7 lui              x13, 0x2000         x13=00002000
17028778ns          291146 1c008a54 f14027f3 csrrs            x15, x0, 0xf14      x15=00000003
17028798ns          291147 1c008a58 f8068693 addi             x13, x13, -128      x13=00001f80 x13:00002000
17028818ns          291148 1c008a5c 00379713 slli             x14, x15, 0x3       x14=00000018 x15:00000003
17028878ns          291151 1c008a60 00279793 slli             x15, x15, 0x2       x15=0000000c x15:00000003
17028898ns          291152 1c008a62 00d7f7b3 and              x15, x15, x13       x15=00000000 x15:0000000c x13:00001f80
17028918ns          291153 1c008a64 ee873733 p.bclr           x14, x14, 23, 8     x14=00000018 x14:00000018
17028938ns          291154 1c008a68 1a10f6b7 lui              x13, 0x1a10f000     x13=1a10f000
17028957ns          291155 1c008a6c 0ff57513 andi             x10, x10, 255       x10=0000004d x10:0000004d
17029017ns          291158 1c008a70 00d70733 add              x14, x14, x13       x14=1a10f018 x14:00000018 x13:1a10f000
17029057ns          291160 1c008a72 00a7e723 p.sw             x10, x0(x15)        x10:0000004d x15:00000000  PA:1a10f018
17029415ns          291178 1c008a76 00000513 addi             x10, x0, 0          x10=00000000
17029435ns          291179 1c008a78 00008067 jalr             x0, x1, 0            x1:1c008e4c
17029574ns          291186 1c008e4c fff48493 addi             x9, x9, -1           x9=00000014  x9:00000015
17029594ns          291187 1c008e4e fff537e3 p.bneimm         x10, -18            x10:00000000
17029654ns          291190 1c008e3c 012d8733 add              x14, x27, x18       x14=0000000a x27:efffd5bd x18:10002a4d
17029674ns          291191 1c008e40 5a048b63 beq              x9, x0, 1462         x9:00000014
17029693ns          291192 1c008e44 0019450b p.lbu            x10, 1(x18!)        x10=00000061 x18=10002a4e x18:10002a4d  PA:10002a4d
17029713ns          291193 1c008e48 01a005b3 add              x11, x0, x26        x11=00000002 x26:00000002
17029733ns          291194 1c008e4a 000b00e7 jalr             x1, x22, 0           x1=1c008e4c x22:1c008a52
17029773ns          291196 1c008a52 000026b7 lui              x13, 0x2000         x13=00002000
17029793ns          291197 1c008a54 f14027f3 csrrs            x15, x0, 0xf14      x15=00000003
17029813ns          291198 1c008a58 f8068693 addi             x13, x13, -128      x13=00001f80 x13:00002000
17029833ns          291199 1c008a5c 00379713 slli             x14, x15, 0x3       x14=00000018 x15:00000003
17029853ns          291200 1c008a60 00279793 slli             x15, x15, 0x2       x15=0000000c x15:00000003
17029872ns          291201 1c008a62 00d7f7b3 and              x15, x15, x13       x15=00000000 x15:0000000c x13:00001f80
17029892ns          291202 1c008a64 ee873733 p.bclr           x14, x14, 23, 8     x14=00000018 x14:00000018
17029912ns          291203 1c008a68 1a10f6b7 lui              x13, 0x1a10f000     x13=1a10f000
17029932ns          291204 1c008a6c 0ff57513 andi             x10, x10, 255       x10=00000061 x10:00000061
17029952ns          291205 1c008a70 00d70733 add              x14, x14, x13       x14=1a10f018 x14:00000018 x13:1a10f000
17029972ns          291206 1c008a72 00a7e723 p.sw             x10, x0(x15)        x10:00000061 x15:00000000  PA:1a10f018
17030330ns          291224 1c008a76 00000513 addi             x10, x0, 0          x10=00000000
17030350ns          291225 1c008a78 00008067 jalr             x0, x1, 0            x1:1c008e4c
17030390ns          291227 1c008e4c fff48493 addi             x9, x9, -1           x9=00000013  x9:00000014
17030409ns          291228 1c008e4e fff537e3 p.bneimm         x10, -18            x10:00000000
17030469ns          291231 1c008e3c 012d8733 add              x14, x27, x18       x14=0000000b x27:efffd5bd x18:10002a4e
17030489ns          291232 1c008e40 5a048b63 beq              x9, x0, 1462         x9:00000013
17030509ns          291233 1c008e44 0019450b p.lbu            x10, 1(x18!)        x10=00000074 x18=10002a4f x18:10002a4e  PA:10002a4e
17030529ns          291234 1c008e48 01a005b3 add              x11, x0, x26        x11=00000002 x26:00000002
17030549ns          291235 1c008e4a 000b00e7 jalr             x1, x22, 0           x1=1c008e4c x22:1c008a52
17030588ns          291237 1c008a52 000026b7 lui              x13, 0x2000         x13=00002000
17030608ns          291238 1c008a54 f14027f3 csrrs            x15, x0, 0xf14      x15=00000003
17030628ns          291239 1c008a58 f8068693 addi             x13, x13, -128      x13=00001f80 x13:00002000
17030648ns          291240 1c008a5c 00379713 slli             x14, x15, 0x3       x14=00000018 x15:00000003
17030668ns          291241 1c008a60 00279793 slli             x15, x15, 0x2       x15=0000000c x15:00000003
17030688ns          291242 1c008a62 00d7f7b3 and              x15, x15, x13       x15=00000000 x15:0000000c x13:00001f80
17030708ns          291243 1c008a64 ee873733 p.bclr           x14, x14, 23, 8     x14=00000018 x14:00000018
17030728ns          291244 1c008a68 1a10f6b7 lui              x13, 0x1a10f000     x13=1a10f000
17030748ns          291245 1c008a6c 0ff57513 andi             x10, x10, 255       x10=00000074 x10:00000074
17030768ns          291246 1c008a70 00d70733 add              x14, x14, x13       x14=1a10f018 x14:00000018 x13:1a10f000
17030787ns          291247 1c008a72 00a7e723 p.sw             x10, x0(x15)        x10:00000074 x15:00000000  PA:1a10f018
17031106ns          291263 1c008a76 00000513 addi             x10, x0, 0          x10=00000000
17031126ns          291264 1c008a78 00008067 jalr             x0, x1, 0            x1:1c008e4c
17031165ns          291266 1c008e4c fff48493 addi             x9, x9, -1           x9=00000012  x9:00000013
17031185ns          291267 1c008e4e fff537e3 p.bneimm         x10, -18            x10:00000000
17031245ns          291270 1c008e3c 012d8733 add              x14, x27, x18       x14=0000000c x27:efffd5bd x18:10002a4f
17031265ns          291271 1c008e40 5a048b63 beq              x9, x0, 1462         x9:00000012
17031285ns          291272 1c008e44 0019450b p.lbu            x10, 1(x18!)        x10=00000072 x18=10002a50 x18:10002a4f  PA:10002a4f
17031305ns          291273 1c008e48 01a005b3 add              x11, x0, x26        x11=00000002 x26:00000002
17031324ns          291274 1c008e4a 000b00e7 jalr             x1, x22, 0           x1=1c008e4c x22:1c008a52
17031364ns          291276 1c008a52 000026b7 lui              x13, 0x2000         x13=00002000
17031384ns          291277 1c008a54 f14027f3 csrrs            x15, x0, 0xf14      x15=00000003
17031404ns          291278 1c008a58 f8068693 addi             x13, x13, -128      x13=00001f80 x13:00002000
17031424ns          291279 1c008a5c 00379713 slli             x14, x15, 0x3       x14=00000018 x15:00000003
17031444ns          291280 1c008a60 00279793 slli             x15, x15, 0x2       x15=0000000c x15:00000003
17031464ns          291281 1c008a62 00d7f7b3 and              x15, x15, x13       x15=00000000 x15:0000000c x13:00001f80
17031484ns          291282 1c008a64 ee873733 p.bclr           x14, x14, 23, 8     x14=00000018 x14:00000018
17031503ns          291283 1c008a68 1a10f6b7 lui              x13, 0x1a10f000     x13=1a10f000
17031523ns          291284 1c008a6c 0ff57513 andi             x10, x10, 255       x10=00000072 x10:00000072
17031543ns          291285 1c008a70 00d70733 add              x14, x14, x13       x14=1a10f018 x14:00000018 x13:1a10f000
17031563ns          291286 1c008a72 00a7e723 p.sw             x10, x0(x15)        x10:00000072 x15:00000000  PA:1a10f018
17031881ns          291302 1c008a76 00000513 addi             x10, x0, 0          x10=00000000
17031901ns          291303 1c008a78 00008067 jalr             x0, x1, 0            x1:1c008e4c
17031941ns          291305 1c008e4c fff48493 addi             x9, x9, -1           x9=00000011  x9:00000012
17031961ns          291306 1c008e4e fff537e3 p.bneimm         x10, -18            x10:00000000
17032021ns          291309 1c008e3c 012d8733 add              x14, x27, x18       x14=0000000d x27:efffd5bd x18:10002a50
17032041ns          291310 1c008e40 5a048b63 beq              x9, x0, 1462         x9:00000011
17032060ns          291311 1c008e44 0019450b p.lbu            x10, 1(x18!)        x10=00000069 x18=10002a51 x18:10002a50  PA:10002a50
17032080ns          291312 1c008e48 01a005b3 add              x11, x0, x26        x11=00000002 x26:00000002
17032100ns          291313 1c008e4a 000b00e7 jalr             x1, x22, 0           x1=1c008e4c x22:1c008a52
17032140ns          291315 1c008a52 000026b7 lui              x13, 0x2000         x13=00002000
17032160ns          291316 1c008a54 f14027f3 csrrs            x15, x0, 0xf14      x15=00000003
17032180ns          291317 1c008a58 f8068693 addi             x13, x13, -128      x13=00001f80 x13:00002000
17032200ns          291318 1c008a5c 00379713 slli             x14, x15, 0x3       x14=00000018 x15:00000003
17032220ns          291319 1c008a60 00279793 slli             x15, x15, 0x2       x15=0000000c x15:00000003
17032239ns          291320 1c008a62 00d7f7b3 and              x15, x15, x13       x15=00000000 x15:0000000c x13:00001f80
17032259ns          291321 1c008a64 ee873733 p.bclr           x14, x14, 23, 8     x14=00000018 x14:00000018
17032279ns          291322 1c008a68 1a10f6b7 lui              x13, 0x1a10f000     x13=1a10f000
17032299ns          291323 1c008a6c 0ff57513 andi             x10, x10, 255       x10=00000069 x10:00000069
17032319ns          291324 1c008a70 00d70733 add              x14, x14, x13       x14=1a10f018 x14:00000018 x13:1a10f000
17032339ns          291325 1c008a72 00a7e723 p.sw             x10, x0(x15)        x10:00000069 x15:00000000  PA:1a10f018
17032677ns          291342 1c008a76 00000513 addi             x10, x0, 0          x10=00000000
17032697ns          291343 1c008a78 00008067 jalr             x0, x1, 0            x1:1c008e4c
17032737ns          291345 1c008e4c fff48493 addi             x9, x9, -1           x9=00000010  x9:00000011
17032757ns          291346 1c008e4e fff537e3 p.bneimm         x10, -18            x10:00000000
17032816ns          291349 1c008e3c 012d8733 add              x14, x27, x18       x14=0000000e x27:efffd5bd x18:10002a51
17032836ns          291350 1c008e40 5a048b63 beq              x9, x0, 1462         x9:00000010
17032856ns          291351 1c008e44 0019450b p.lbu            x10, 1(x18!)        x10=00000078 x18=10002a52 x18:10002a51  PA:10002a51
17032876ns          291352 1c008e48 01a005b3 add              x11, x0, x26        x11=00000002 x26:00000002
17032896ns          291353 1c008e4a 000b00e7 jalr             x1, x22, 0           x1=1c008e4c x22:1c008a52
17032936ns          291355 1c008a52 000026b7 lui              x13, 0x2000         x13=00002000
17032955ns          291356 1c008a54 f14027f3 csrrs            x15, x0, 0xf14      x15=00000003
17032975ns          291357 1c008a58 f8068693 addi             x13, x13, -128      x13=00001f80 x13:00002000
17032995ns          291358 1c008a5c 00379713 slli             x14, x15, 0x3       x14=00000018 x15:00000003
17033015ns          291359 1c008a60 00279793 slli             x15, x15, 0x2       x15=0000000c x15:00000003
17033035ns          291360 1c008a62 00d7f7b3 and              x15, x15, x13       x15=00000000 x15:0000000c x13:00001f80
17033055ns          291361 1c008a64 ee873733 p.bclr           x14, x14, 23, 8     x14=00000018 x14:00000018
17033075ns          291362 1c008a68 1a10f6b7 lui              x13, 0x1a10f000     x13=1a10f000
17033095ns          291363 1c008a6c 0ff57513 andi             x10, x10, 255       x10=00000078 x10:00000078
17033115ns          291364 1c008a70 00d70733 add              x14, x14, x13       x14=1a10f018 x14:00000018 x13:1a10f000
17033135ns          291365 1c008a72 00a7e723 p.sw             x10, x0(x15)        x10:00000078 x15:00000000  PA:1a10f018
17033453ns          291381 1c008a76 00000513 addi             x10, x0, 0          x10=00000000
17033473ns          291382 1c008a78 00008067 jalr             x0, x1, 0            x1:1c008e4c
17033512ns          291384 1c008e4c fff48493 addi             x9, x9, -1           x9=0000000f  x9:00000010
17033532ns          291385 1c008e4e fff537e3 p.bneimm         x10, -18            x10:00000000
17033592ns          291388 1c008e3c 012d8733 add              x14, x27, x18       x14=0000000f x27:efffd5bd x18:10002a52
17033612ns          291389 1c008e40 5a048b63 beq              x9, x0, 1462         x9:0000000f
17033632ns          291390 1c008e44 0019450b p.lbu            x10, 1(x18!)        x10=00000020 x18=10002a53 x18:10002a52  PA:10002a52
17033652ns          291391 1c008e48 01a005b3 add              x11, x0, x26        x11=00000002 x26:00000002
17033672ns          291392 1c008e4a 000b00e7 jalr             x1, x22, 0           x1=1c008e4c x22:1c008a52
17033711ns          291394 1c008a52 000026b7 lui              x13, 0x2000         x13=00002000
17033731ns          291395 1c008a54 f14027f3 csrrs            x15, x0, 0xf14      x15=00000003
17033751ns          291396 1c008a58 f8068693 addi             x13, x13, -128      x13=00001f80 x13:00002000
17033771ns          291397 1c008a5c 00379713 slli             x14, x15, 0x3       x14=00000018 x15:00000003
17033791ns          291398 1c008a60 00279793 slli             x15, x15, 0x2       x15=0000000c x15:00000003
17033811ns          291399 1c008a62 00d7f7b3 and              x15, x15, x13       x15=00000000 x15:0000000c x13:00001f80
17033831ns          291400 1c008a64 ee873733 p.bclr           x14, x14, 23, 8     x14=00000018 x14:00000018
17033851ns          291401 1c008a68 1a10f6b7 lui              x13, 0x1a10f000     x13=1a10f000
17033870ns          291402 1c008a6c 0ff57513 andi             x10, x10, 255       x10=00000020 x10:00000020
17033890ns          291403 1c008a70 00d70733 add              x14, x14, x13       x14=1a10f018 x14:00000018 x13:1a10f000
17033910ns          291404 1c008a72 00a7e723 p.sw             x10, x0(x15)        x10:00000020 x15:00000000  PA:1a10f018
17034228ns          291420 1c008a76 00000513 addi             x10, x0, 0          x10=00000000
17034248ns          291421 1c008a78 00008067 jalr             x0, x1, 0            x1:1c008e4c
17034288ns          291423 1c008e4c fff48493 addi             x9, x9, -1           x9=0000000e  x9:0000000f
17034308ns          291424 1c008e4e fff537e3 p.bneimm         x10, -18            x10:00000000
17034368ns          291427 1c008e3c 012d8733 add              x14, x27, x18       x14=00000010 x27:efffd5bd x18:10002a53
17034388ns          291428 1c008e40 5a048b63 beq              x9, x0, 1462         x9:0000000e
17034408ns          291429 1c008e44 0019450b p.lbu            x10, 1(x18!)        x10=0000004d x18=10002a54 x18:10002a53  PA:10002a53
17034427ns          291430 1c008e48 01a005b3 add              x11, x0, x26        x11=00000002 x26:00000002
17034447ns          291431 1c008e4a 000b00e7 jalr             x1, x22, 0           x1=1c008e4c x22:1c008a52
17034487ns          291433 1c008a52 000026b7 lui              x13, 0x2000         x13=00002000
17034507ns          291434 1c008a54 f14027f3 csrrs            x15, x0, 0xf14      x15=00000003
17034527ns          291435 1c008a58 f8068693 addi             x13, x13, -128      x13=00001f80 x13:00002000
17034547ns          291436 1c008a5c 00379713 slli             x14, x15, 0x3       x14=00000018 x15:00000003
17034567ns          291437 1c008a60 00279793 slli             x15, x15, 0x2       x15=0000000c x15:00000003
17034587ns          291438 1c008a62 00d7f7b3 and              x15, x15, x13       x15=00000000 x15:0000000c x13:00001f80
17034606ns          291439 1c008a64 ee873733 p.bclr           x14, x14, 23, 8     x14=00000018 x14:00000018
17034626ns          291440 1c008a68 1a10f6b7 lui              x13, 0x1a10f000     x13=1a10f000
17034646ns          291441 1c008a6c 0ff57513 andi             x10, x10, 255       x10=0000004d x10:0000004d
17034666ns          291442 1c008a70 00d70733 add              x14, x14, x13       x14=1a10f018 x14:00000018 x13:1a10f000
17034686ns          291443 1c008a72 00a7e723 p.sw             x10, x0(x15)        x10:0000004d x15:00000000  PA:1a10f018
17035004ns          291459 1c008a76 00000513 addi             x10, x0, 0          x10=00000000
17035024ns          291460 1c008a78 00008067 jalr             x0, x1, 0            x1:1c008e4c
17035064ns          291462 1c008e4c fff48493 addi             x9, x9, -1           x9=0000000d  x9:0000000e
17035084ns          291463 1c008e4e fff537e3 p.bneimm         x10, -18            x10:00000000
17035143ns          291466 1c008e3c 012d8733 add              x14, x27, x18       x14=00000011 x27:efffd5bd x18:10002a54
17035163ns          291467 1c008e40 5a048b63 beq              x9, x0, 1462         x9:0000000d
17035183ns          291468 1c008e44 0019450b p.lbu            x10, 1(x18!)        x10=00000075 x18=10002a55 x18:10002a54  PA:10002a54
17035203ns          291469 1c008e48 01a005b3 add              x11, x0, x26        x11=00000002 x26:00000002
17035223ns          291470 1c008e4a 000b00e7 jalr             x1, x22, 0           x1=1c008e4c x22:1c008a52
17035263ns          291472 1c008a52 000026b7 lui              x13, 0x2000         x13=00002000
17035283ns          291473 1c008a54 f14027f3 csrrs            x15, x0, 0xf14      x15=00000003
17035303ns          291474 1c008a58 f8068693 addi             x13, x13, -128      x13=00001f80 x13:00002000
17035322ns          291475 1c008a5c 00379713 slli             x14, x15, 0x3       x14=00000018 x15:00000003
17035342ns          291476 1c008a60 00279793 slli             x15, x15, 0x2       x15=0000000c x15:00000003
17035362ns          291477 1c008a62 00d7f7b3 and              x15, x15, x13       x15=00000000 x15:0000000c x13:00001f80
17035382ns          291478 1c008a64 ee873733 p.bclr           x14, x14, 23, 8     x14=00000018 x14:00000018
17035402ns          291479 1c008a68 1a10f6b7 lui              x13, 0x1a10f000     x13=1a10f000
17035422ns          291480 1c008a6c 0ff57513 andi             x10, x10, 255       x10=00000075 x10:00000075
17035442ns          291481 1c008a70 00d70733 add              x14, x14, x13       x14=1a10f018 x14:00000018 x13:1a10f000
17035462ns          291482 1c008a72 00a7e723 p.sw             x10, x0(x15)        x10:00000075 x15:00000000  PA:1a10f018
17035780ns          291498 1c008a76 00000513 addi             x10, x0, 0          x10=00000000
17035800ns          291499 1c008a78 00008067 jalr             x0, x1, 0            x1:1c008e4c
17035840ns          291501 1c008e4c fff48493 addi             x9, x9, -1           x9=0000000c  x9:0000000d
17035860ns          291502 1c008e4e fff537e3 p.bneimm         x10, -18            x10:00000000
17035919ns          291505 1c008e3c 012d8733 add              x14, x27, x18       x14=00000012 x27:efffd5bd x18:10002a55
17035939ns          291506 1c008e40 5a048b63 beq              x9, x0, 1462         x9:0000000c
17035959ns          291507 1c008e44 0019450b p.lbu            x10, 1(x18!)        x10=0000006c x18=10002a56 x18:10002a55  PA:10002a55
17035979ns          291508 1c008e48 01a005b3 add              x11, x0, x26        x11=00000002 x26:00000002
17035999ns          291509 1c008e4a 000b00e7 jalr             x1, x22, 0           x1=1c008e4c x22:1c008a52
17036039ns          291511 1c008a52 000026b7 lui              x13, 0x2000         x13=00002000
17036058ns          291512 1c008a54 f14027f3 csrrs            x15, x0, 0xf14      x15=00000003
17036078ns          291513 1c008a58 f8068693 addi             x13, x13, -128      x13=00001f80 x13:00002000
17036098ns          291514 1c008a5c 00379713 slli             x14, x15, 0x3       x14=00000018 x15:00000003
17036118ns          291515 1c008a60 00279793 slli             x15, x15, 0x2       x15=0000000c x15:00000003
17036138ns          291516 1c008a62 00d7f7b3 and              x15, x15, x13       x15=00000000 x15:0000000c x13:00001f80
17036158ns          291517 1c008a64 ee873733 p.bclr           x14, x14, 23, 8     x14=00000018 x14:00000018
17036178ns          291518 1c008a68 1a10f6b7 lui              x13, 0x1a10f000     x13=1a10f000
17036198ns          291519 1c008a6c 0ff57513 andi             x10, x10, 255       x10=0000006c x10:0000006c
17036218ns          291520 1c008a70 00d70733 add              x14, x14, x13       x14=1a10f018 x14:00000018 x13:1a10f000
17036237ns          291521 1c008a72 00a7e723 p.sw             x10, x0(x15)        x10:0000006c x15:00000000  PA:1a10f018
17036556ns          291537 1c008a76 00000513 addi             x10, x0, 0          x10=00000000
17036576ns          291538 1c008a78 00008067 jalr             x0, x1, 0            x1:1c008e4c
17036615ns          291540 1c008e4c fff48493 addi             x9, x9, -1           x9=0000000b  x9:0000000c
17036635ns          291541 1c008e4e fff537e3 p.bneimm         x10, -18            x10:00000000
17036695ns          291544 1c008e3c 012d8733 add              x14, x27, x18       x14=00000013 x27:efffd5bd x18:10002a56
17036715ns          291545 1c008e40 5a048b63 beq              x9, x0, 1462         x9:0000000b
17036735ns          291546 1c008e44 0019450b p.lbu            x10, 1(x18!)        x10=00000074 x18=10002a57 x18:10002a56  PA:10002a56
17036755ns          291547 1c008e48 01a005b3 add              x11, x0, x26        x11=00000002 x26:00000002
17036775ns          291548 1c008e4a 000b00e7 jalr             x1, x22, 0           x1=1c008e4c x22:1c008a52
17036814ns          291550 1c008a52 000026b7 lui              x13, 0x2000         x13=00002000
17036834ns          291551 1c008a54 f14027f3 csrrs            x15, x0, 0xf14      x15=00000003
17036854ns          291552 1c008a58 f8068693 addi             x13, x13, -128      x13=00001f80 x13:00002000
17036874ns          291553 1c008a5c 00379713 slli             x14, x15, 0x3       x14=00000018 x15:00000003
17036894ns          291554 1c008a60 00279793 slli             x15, x15, 0x2       x15=0000000c x15:00000003
17036914ns          291555 1c008a62 00d7f7b3 and              x15, x15, x13       x15=00000000 x15:0000000c x13:00001f80
17036934ns          291556 1c008a64 ee873733 p.bclr           x14, x14, 23, 8     x14=00000018 x14:00000018
17036954ns          291557 1c008a68 1a10f6b7 lui              x13, 0x1a10f000     x13=1a10f000
17036973ns          291558 1c008a6c 0ff57513 andi             x10, x10, 255       x10=00000074 x10:00000074
17036993ns          291559 1c008a70 00d70733 add              x14, x14, x13       x14=1a10f018 x14:00000018 x13:1a10f000
17037013ns          291560 1c008a72 00a7e723 p.sw             x10, x0(x15)        x10:00000074 x15:00000000  PA:1a10f018
17037331ns          291576 1c008a76 00000513 addi             x10, x0, 0          x10=00000000
17037351ns          291577 1c008a78 00008067 jalr             x0, x1, 0            x1:1c008e4c
17037391ns          291579 1c008e4c fff48493 addi             x9, x9, -1           x9=0000000a  x9:0000000b
17037411ns          291580 1c008e4e fff537e3 p.bneimm         x10, -18            x10:00000000
17037471ns          291583 1c008e3c 012d8733 add              x14, x27, x18       x14=00000014 x27:efffd5bd x18:10002a57
17037491ns          291584 1c008e40 5a048b63 beq              x9, x0, 1462         x9:0000000a
17037510ns          291585 1c008e44 0019450b p.lbu            x10, 1(x18!)        x10=00000069 x18=10002a58 x18:10002a57  PA:10002a57
17037530ns          291586 1c008e48 01a005b3 add              x11, x0, x26        x11=00000002 x26:00000002
17037550ns          291587 1c008e4a 000b00e7 jalr             x1, x22, 0           x1=1c008e4c x22:1c008a52
17037590ns          291589 1c008a52 000026b7 lui              x13, 0x2000         x13=00002000
17037610ns          291590 1c008a54 f14027f3 csrrs            x15, x0, 0xf14      x15=00000003
17037630ns          291591 1c008a58 f8068693 addi             x13, x13, -128      x13=00001f80 x13:00002000
17037650ns          291592 1c008a5c 00379713 slli             x14, x15, 0x3       x14=00000018 x15:00000003
17037670ns          291593 1c008a60 00279793 slli             x15, x15, 0x2       x15=0000000c x15:00000003
17037689ns          291594 1c008a62 00d7f7b3 and              x15, x15, x13       x15=00000000 x15:0000000c x13:00001f80
17037709ns          291595 1c008a64 ee873733 p.bclr           x14, x14, 23, 8     x14=00000018 x14:00000018
17037729ns          291596 1c008a68 1a10f6b7 lui              x13, 0x1a10f000     x13=1a10f000
17037749ns          291597 1c008a6c 0ff57513 andi             x10, x10, 255       x10=00000069 x10:00000069
17037769ns          291598 1c008a70 00d70733 add              x14, x14, x13       x14=1a10f018 x14:00000018 x13:1a10f000
17037789ns          291599 1c008a72 00a7e723 p.sw             x10, x0(x15)        x10:00000069 x15:00000000  PA:1a10f018
17038107ns          291615 1c008a76 00000513 addi             x10, x0, 0          x10=00000000
17038127ns          291616 1c008a78 00008067 jalr             x0, x1, 0            x1:1c008e4c
17038167ns          291618 1c008e4c fff48493 addi             x9, x9, -1           x9=00000009  x9:0000000a
17038187ns          291619 1c008e4e fff537e3 p.bneimm         x10, -18            x10:00000000
17038246ns          291622 1c008e3c 012d8733 add              x14, x27, x18       x14=00000015 x27:efffd5bd x18:10002a58
17038266ns          291623 1c008e40 5a048b63 beq              x9, x0, 1462         x9:00000009
17038286ns          291624 1c008e44 0019450b p.lbu            x10, 1(x18!)        x10=00000070 x18=10002a59 x18:10002a58  PA:10002a58
17038306ns          291625 1c008e48 01a005b3 add              x11, x0, x26        x11=00000002 x26:00000002
17038326ns          291626 1c008e4a 000b00e7 jalr             x1, x22, 0           x1=1c008e4c x22:1c008a52
17038366ns          291628 1c008a52 000026b7 lui              x13, 0x2000         x13=00002000
17038386ns          291629 1c008a54 f14027f3 csrrs            x15, x0, 0xf14      x15=00000003
17038406ns          291630 1c008a58 f8068693 addi             x13, x13, -128      x13=00001f80 x13:00002000
17038425ns          291631 1c008a5c 00379713 slli             x14, x15, 0x3       x14=00000018 x15:00000003
17038445ns          291632 1c008a60 00279793 slli             x15, x15, 0x2       x15=0000000c x15:00000003
17038465ns          291633 1c008a62 00d7f7b3 and              x15, x15, x13       x15=00000000 x15:0000000c x13:00001f80
17038485ns          291634 1c008a64 ee873733 p.bclr           x14, x14, 23, 8     x14=00000018 x14:00000018
17038505ns          291635 1c008a68 1a10f6b7 lui              x13, 0x1a10f000     x13=1a10f000
17038525ns          291636 1c008a6c 0ff57513 andi             x10, x10, 255       x10=00000070 x10:00000070
17038545ns          291637 1c008a70 00d70733 add              x14, x14, x13       x14=1a10f018 x14:00000018 x13:1a10f000
17038565ns          291638 1c008a72 00a7e723 p.sw             x10, x0(x15)        x10:00000070 x15:00000000  PA:1a10f018
17038883ns          291654 1c008a76 00000513 addi             x10, x0, 0          x10=00000000
17038903ns          291655 1c008a78 00008067 jalr             x0, x1, 0            x1:1c008e4c
17038943ns          291657 1c008e4c fff48493 addi             x9, x9, -1           x9=00000008  x9:00000009
17038962ns          291658 1c008e4e fff537e3 p.bneimm         x10, -18            x10:00000000
17039022ns          291661 1c008e3c 012d8733 add              x14, x27, x18       x14=00000016 x27:efffd5bd x18:10002a59
17039042ns          291662 1c008e40 5a048b63 beq              x9, x0, 1462         x9:00000008
17039062ns          291663 1c008e44 0019450b p.lbu            x10, 1(x18!)        x10=0000006c x18=10002a5a x18:10002a59  PA:10002a59
17039082ns          291664 1c008e48 01a005b3 add              x11, x0, x26        x11=00000002 x26:00000002
17039102ns          291665 1c008e4a 000b00e7 jalr             x1, x22, 0           x1=1c008e4c x22:1c008a52
17039142ns          291667 1c008a52 000026b7 lui              x13, 0x2000         x13=00002000
17039161ns          291668 1c008a54 f14027f3 csrrs            x15, x0, 0xf14      x15=00000003
17039181ns          291669 1c008a58 f8068693 addi             x13, x13, -128      x13=00001f80 x13:00002000
17039201ns          291670 1c008a5c 00379713 slli             x14, x15, 0x3       x14=00000018 x15:00000003
17039221ns          291671 1c008a60 00279793 slli             x15, x15, 0x2       x15=0000000c x15:00000003
17039241ns          291672 1c008a62 00d7f7b3 and              x15, x15, x13       x15=00000000 x15:0000000c x13:00001f80
17039261ns          291673 1c008a64 ee873733 p.bclr           x14, x14, 23, 8     x14=00000018 x14:00000018
17039281ns          291674 1c008a68 1a10f6b7 lui              x13, 0x1a10f000     x13=1a10f000
17039301ns          291675 1c008a6c 0ff57513 andi             x10, x10, 255       x10=0000006c x10:0000006c
17039321ns          291676 1c008a70 00d70733 add              x14, x14, x13       x14=1a10f018 x14:00000018 x13:1a10f000
17039340ns          291677 1c008a72 00a7e723 p.sw             x10, x0(x15)        x10:0000006c x15:00000000  PA:1a10f018
17039659ns          291693 1c008a76 00000513 addi             x10, x0, 0          x10=00000000
17039679ns          291694 1c008a78 00008067 jalr             x0, x1, 0            x1:1c008e4c
17039718ns          291696 1c008e4c fff48493 addi             x9, x9, -1           x9=00000007  x9:00000008
17039738ns          291697 1c008e4e fff537e3 p.bneimm         x10, -18            x10:00000000
17039798ns          291700 1c008e3c 012d8733 add              x14, x27, x18       x14=00000017 x27:efffd5bd x18:10002a5a
17039818ns          291701 1c008e40 5a048b63 beq              x9, x0, 1462         x9:00000007
17039838ns          291702 1c008e44 0019450b p.lbu            x10, 1(x18!)        x10=00000069 x18=10002a5b x18:10002a5a  PA:10002a5a
17039858ns          291703 1c008e48 01a005b3 add              x11, x0, x26        x11=00000002 x26:00000002
17039877ns          291704 1c008e4a 000b00e7 jalr             x1, x22, 0           x1=1c008e4c x22:1c008a52
17039917ns          291706 1c008a52 000026b7 lui              x13, 0x2000         x13=00002000
17039937ns          291707 1c008a54 f14027f3 csrrs            x15, x0, 0xf14      x15=00000003
17039957ns          291708 1c008a58 f8068693 addi             x13, x13, -128      x13=00001f80 x13:00002000
17039977ns          291709 1c008a5c 00379713 slli             x14, x15, 0x3       x14=00000018 x15:00000003
17039997ns          291710 1c008a60 00279793 slli             x15, x15, 0x2       x15=0000000c x15:00000003
17040017ns          291711 1c008a62 00d7f7b3 and              x15, x15, x13       x15=00000000 x15:0000000c x13:00001f80
17040037ns          291712 1c008a64 ee873733 p.bclr           x14, x14, 23, 8     x14=00000018 x14:00000018
17040056ns          291713 1c008a68 1a10f6b7 lui              x13, 0x1a10f000     x13=1a10f000
17040076ns          291714 1c008a6c 0ff57513 andi             x10, x10, 255       x10=00000069 x10:00000069
17040096ns          291715 1c008a70 00d70733 add              x14, x14, x13       x14=1a10f018 x14:00000018 x13:1a10f000
17040116ns          291716 1c008a72 00a7e723 p.sw             x10, x0(x15)        x10:00000069 x15:00000000  PA:1a10f018
17040434ns          291732 1c008a76 00000513 addi             x10, x0, 0          x10=00000000
17040454ns          291733 1c008a78 00008067 jalr             x0, x1, 0            x1:1c008e4c
17040494ns          291735 1c008e4c fff48493 addi             x9, x9, -1           x9=00000006  x9:00000007
17040514ns          291736 1c008e4e fff537e3 p.bneimm         x10, -18            x10:00000000
17040574ns          291739 1c008e3c 012d8733 add              x14, x27, x18       x14=00000018 x27:efffd5bd x18:10002a5b
17040594ns          291740 1c008e40 5a048b63 beq              x9, x0, 1462         x9:00000006
17040613ns          291741 1c008e44 0019450b p.lbu            x10, 1(x18!)        x10=00000063 x18=10002a5c x18:10002a5b  PA:10002a5b
17040633ns          291742 1c008e48 01a005b3 add              x11, x0, x26        x11=00000002 x26:00000002
17040653ns          291743 1c008e4a 000b00e7 jalr             x1, x22, 0           x1=1c008e4c x22:1c008a52
17040693ns          291745 1c008a52 000026b7 lui              x13, 0x2000         x13=00002000
17040713ns          291746 1c008a54 f14027f3 csrrs            x15, x0, 0xf14      x15=00000003
17040733ns          291747 1c008a58 f8068693 addi             x13, x13, -128      x13=00001f80 x13:00002000
17040753ns          291748 1c008a5c 00379713 slli             x14, x15, 0x3       x14=00000018 x15:00000003
17040773ns          291749 1c008a60 00279793 slli             x15, x15, 0x2       x15=0000000c x15:00000003
17040792ns          291750 1c008a62 00d7f7b3 and              x15, x15, x13       x15=00000000 x15:0000000c x13:00001f80
17040812ns          291751 1c008a64 ee873733 p.bclr           x14, x14, 23, 8     x14=00000018 x14:00000018
17040832ns          291752 1c008a68 1a10f6b7 lui              x13, 0x1a10f000     x13=1a10f000
17040852ns          291753 1c008a6c 0ff57513 andi             x10, x10, 255       x10=00000063 x10:00000063
17040872ns          291754 1c008a70 00d70733 add              x14, x14, x13       x14=1a10f018 x14:00000018 x13:1a10f000
17040892ns          291755 1c008a72 00a7e723 p.sw             x10, x0(x15)        x10:00000063 x15:00000000  PA:1a10f018
17041210ns          291771 1c008a76 00000513 addi             x10, x0, 0          x10=00000000
17041230ns          291772 1c008a78 00008067 jalr             x0, x1, 0            x1:1c008e4c
17041270ns          291774 1c008e4c fff48493 addi             x9, x9, -1           x9=00000005  x9:00000006
17041290ns          291775 1c008e4e fff537e3 p.bneimm         x10, -18            x10:00000000
17041349ns          291778 1c008e3c 012d8733 add              x14, x27, x18       x14=00000019 x27:efffd5bd x18:10002a5c
17041369ns          291779 1c008e40 5a048b63 beq              x9, x0, 1462         x9:00000005
17041389ns          291780 1c008e44 0019450b p.lbu            x10, 1(x18!)        x10=00000061 x18=10002a5d x18:10002a5c  PA:10002a5c
17041409ns          291781 1c008e48 01a005b3 add              x11, x0, x26        x11=00000002 x26:00000002
17041429ns          291782 1c008e4a 000b00e7 jalr             x1, x22, 0           x1=1c008e4c x22:1c008a52
17041469ns          291784 1c008a52 000026b7 lui              x13, 0x2000         x13=00002000
17041489ns          291785 1c008a54 f14027f3 csrrs            x15, x0, 0xf14      x15=00000003
17041509ns          291786 1c008a58 f8068693 addi             x13, x13, -128      x13=00001f80 x13:00002000
17041528ns          291787 1c008a5c 00379713 slli             x14, x15, 0x3       x14=00000018 x15:00000003
17041548ns          291788 1c008a60 00279793 slli             x15, x15, 0x2       x15=0000000c x15:00000003
17041568ns          291789 1c008a62 00d7f7b3 and              x15, x15, x13       x15=00000000 x15:0000000c x13:00001f80
17041588ns          291790 1c008a64 ee873733 p.bclr           x14, x14, 23, 8     x14=00000018 x14:00000018
17041608ns          291791 1c008a68 1a10f6b7 lui              x13, 0x1a10f000     x13=1a10f000
17041628ns          291792 1c008a6c 0ff57513 andi             x10, x10, 255       x10=00000061 x10:00000061
17041648ns          291793 1c008a70 00d70733 add              x14, x14, x13       x14=1a10f018 x14:00000018 x13:1a10f000
17041668ns          291794 1c008a72 00a7e723 p.sw             x10, x0(x15)        x10:00000061 x15:00000000  PA:1a10f018
17042006ns          291811 1c008a76 00000513 addi             x10, x0, 0          x10=00000000
17042026ns          291812 1c008a78 00008067 jalr             x0, x1, 0            x1:1c008e4c
17042065ns          291814 1c008e4c fff48493 addi             x9, x9, -1           x9=00000004  x9:00000005
17042085ns          291815 1c008e4e fff537e3 p.bneimm         x10, -18            x10:00000000
17042145ns          291818 1c008e3c 012d8733 add              x14, x27, x18       x14=0000001a x27:efffd5bd x18:10002a5d
17042165ns          291819 1c008e40 5a048b63 beq              x9, x0, 1462         x9:00000004
17042185ns          291820 1c008e44 0019450b p.lbu            x10, 1(x18!)        x10=00000074 x18=10002a5e x18:10002a5d  PA:10002a5d
17042205ns          291821 1c008e48 01a005b3 add              x11, x0, x26        x11=00000002 x26:00000002
17042225ns          291822 1c008e4a 000b00e7 jalr             x1, x22, 0           x1=1c008e4c x22:1c008a52
17042264ns          291824 1c008a52 000026b7 lui              x13, 0x2000         x13=00002000
17042284ns          291825 1c008a54 f14027f3 csrrs            x15, x0, 0xf14      x15=00000003
17042304ns          291826 1c008a58 f8068693 addi             x13, x13, -128      x13=00001f80 x13:00002000
17042324ns          291827 1c008a5c 00379713 slli             x14, x15, 0x3       x14=00000018 x15:00000003
17042344ns          291828 1c008a60 00279793 slli             x15, x15, 0x2       x15=0000000c x15:00000003
17042364ns          291829 1c008a62 00d7f7b3 and              x15, x15, x13       x15=00000000 x15:0000000c x13:00001f80
17042384ns          291830 1c008a64 ee873733 p.bclr           x14, x14, 23, 8     x14=00000018 x14:00000018
17042404ns          291831 1c008a68 1a10f6b7 lui              x13, 0x1a10f000     x13=1a10f000
17042423ns          291832 1c008a6c 0ff57513 andi             x10, x10, 255       x10=00000074 x10:00000074
17042443ns          291833 1c008a70 00d70733 add              x14, x14, x13       x14=1a10f018 x14:00000018 x13:1a10f000
17042463ns          291834 1c008a72 00a7e723 p.sw             x10, x0(x15)        x10:00000074 x15:00000000  PA:1a10f018
17042782ns          291850 1c008a76 00000513 addi             x10, x0, 0          x10=00000000
17042801ns          291851 1c008a78 00008067 jalr             x0, x1, 0            x1:1c008e4c
17042841ns          291853 1c008e4c fff48493 addi             x9, x9, -1           x9=00000003  x9:00000004
17042861ns          291854 1c008e4e fff537e3 p.bneimm         x10, -18            x10:00000000
17042921ns          291857 1c008e3c 012d8733 add              x14, x27, x18       x14=0000001b x27:efffd5bd x18:10002a5e
17042941ns          291858 1c008e40 5a048b63 beq              x9, x0, 1462         x9:00000003
17042961ns          291859 1c008e44 0019450b p.lbu            x10, 1(x18!)        x10=00000069 x18=10002a5f x18:10002a5e  PA:10002a5e
17042980ns          291860 1c008e48 01a005b3 add              x11, x0, x26        x11=00000002 x26:00000002
17043000ns          291861 1c008e4a 000b00e7 jalr             x1, x22, 0           x1=1c008e4c x22:1c008a52
17043040ns          291863 1c008a52 000026b7 lui              x13, 0x2000         x13=00002000
17043060ns          291864 1c008a54 f14027f3 csrrs            x15, x0, 0xf14      x15=00000003
17043080ns          291865 1c008a58 f8068693 addi             x13, x13, -128      x13=00001f80 x13:00002000
17043100ns          291866 1c008a5c 00379713 slli             x14, x15, 0x3       x14=00000018 x15:00000003
17043120ns          291867 1c008a60 00279793 slli             x15, x15, 0x2       x15=0000000c x15:00000003
17043140ns          291868 1c008a62 00d7f7b3 and              x15, x15, x13       x15=00000000 x15:0000000c x13:00001f80
17043159ns          291869 1c008a64 ee873733 p.bclr           x14, x14, 23, 8     x14=00000018 x14:00000018
17043179ns          291870 1c008a68 1a10f6b7 lui              x13, 0x1a10f000     x13=1a10f000
17043199ns          291871 1c008a6c 0ff57513 andi             x10, x10, 255       x10=00000069 x10:00000069
17043219ns          291872 1c008a70 00d70733 add              x14, x14, x13       x14=1a10f018 x14:00000018 x13:1a10f000
17043239ns          291873 1c008a72 00a7e723 p.sw             x10, x0(x15)        x10:00000069 x15:00000000  PA:1a10f018
17043557ns          291889 1c008a76 00000513 addi             x10, x0, 0          x10=00000000
17043577ns          291890 1c008a78 00008067 jalr             x0, x1, 0            x1:1c008e4c
17043617ns          291892 1c008e4c fff48493 addi             x9, x9, -1           x9=00000002  x9:00000003
17043637ns          291893 1c008e4e fff537e3 p.bneimm         x10, -18            x10:00000000
17043696ns          291896 1c008e3c 012d8733 add              x14, x27, x18       x14=0000001c x27:efffd5bd x18:10002a5f
17043716ns          291897 1c008e40 5a048b63 beq              x9, x0, 1462         x9:00000002
17043736ns          291898 1c008e44 0019450b p.lbu            x10, 1(x18!)        x10=0000006f x18=10002a60 x18:10002a5f  PA:10002a5f
17043756ns          291899 1c008e48 01a005b3 add              x11, x0, x26        x11=00000002 x26:00000002
17043776ns          291900 1c008e4a 000b00e7 jalr             x1, x22, 0           x1=1c008e4c x22:1c008a52
17043816ns          291902 1c008a52 000026b7 lui              x13, 0x2000         x13=00002000
17043836ns          291903 1c008a54 f14027f3 csrrs            x15, x0, 0xf14      x15=00000003
17043856ns          291904 1c008a58 f8068693 addi             x13, x13, -128      x13=00001f80 x13:00002000
17043876ns          291905 1c008a5c 00379713 slli             x14, x15, 0x3       x14=00000018 x15:00000003
17043895ns          291906 1c008a60 00279793 slli             x15, x15, 0x2       x15=0000000c x15:00000003
17043915ns          291907 1c008a62 00d7f7b3 and              x15, x15, x13       x15=00000000 x15:0000000c x13:00001f80
17043935ns          291908 1c008a64 ee873733 p.bclr           x14, x14, 23, 8     x14=00000018 x14:00000018
17043955ns          291909 1c008a68 1a10f6b7 lui              x13, 0x1a10f000     x13=1a10f000
17043975ns          291910 1c008a6c 0ff57513 andi             x10, x10, 255       x10=0000006f x10:0000006f
17043995ns          291911 1c008a70 00d70733 add              x14, x14, x13       x14=1a10f018 x14:00000018 x13:1a10f000
17044015ns          291912 1c008a72 00a7e723 p.sw             x10, x0(x15)        x10:0000006f x15:00000000  PA:1a10f018
17044333ns          291928 1c008a76 00000513 addi             x10, x0, 0          x10=00000000
17044353ns          291929 1c008a78 00008067 jalr             x0, x1, 0            x1:1c008e4c
17044393ns          291931 1c008e4c fff48493 addi             x9, x9, -1           x9=00000001  x9:00000002
17044413ns          291932 1c008e4e fff537e3 p.bneimm         x10, -18            x10:00000000
17044472ns          291935 1c008e3c 012d8733 add              x14, x27, x18       x14=0000001d x27:efffd5bd x18:10002a60
17044492ns          291936 1c008e40 5a048b63 beq              x9, x0, 1462         x9:00000001
17044512ns          291937 1c008e44 0019450b p.lbu            x10, 1(x18!)        x10=0000006e x18=10002a61 x18:10002a60  PA:10002a60
17044532ns          291938 1c008e48 01a005b3 add              x11, x0, x26        x11=00000002 x26:00000002
17044552ns          291939 1c008e4a 000b00e7 jalr             x1, x22, 0           x1=1c008e4c x22:1c008a52
17044592ns          291941 1c008a52 000026b7 lui              x13, 0x2000         x13=00002000
17044611ns          291942 1c008a54 f14027f3 csrrs            x15, x0, 0xf14      x15=00000003
17044631ns          291943 1c008a58 f8068693 addi             x13, x13, -128      x13=00001f80 x13:00002000
17044651ns          291944 1c008a5c 00379713 slli             x14, x15, 0x3       x14=00000018 x15:00000003
17044671ns          291945 1c008a60 00279793 slli             x15, x15, 0x2       x15=0000000c x15:00000003
17044691ns          291946 1c008a62 00d7f7b3 and              x15, x15, x13       x15=00000000 x15:0000000c x13:00001f80
17044711ns          291947 1c008a64 ee873733 p.bclr           x14, x14, 23, 8     x14=00000018 x14:00000018
17044731ns          291948 1c008a68 1a10f6b7 lui              x13, 0x1a10f000     x13=1a10f000
17044751ns          291949 1c008a6c 0ff57513 andi             x10, x10, 255       x10=0000006e x10:0000006e
17044771ns          291950 1c008a70 00d70733 add              x14, x14, x13       x14=1a10f018 x14:00000018 x13:1a10f000
17044790ns          291951 1c008a72 00a7e723 p.sw             x10, x0(x15)        x10:0000006e x15:00000000  PA:1a10f018
17045109ns          291967 1c008a76 00000513 addi             x10, x0, 0          x10=00000000
17045129ns          291968 1c008a78 00008067 jalr             x0, x1, 0            x1:1c008e4c
17045168ns          291970 1c008e4c fff48493 addi             x9, x9, -1           x9=00000000  x9:00000001
17045188ns          291971 1c008e4e fff537e3 p.bneimm         x10, -18            x10:00000000
17045248ns          291974 1c008e3c 012d8733 add              x14, x27, x18       x14=0000001e x27:efffd5bd x18:10002a61
17045268ns          291975 1c008e40 5a048b63 beq              x9, x0, 1462         x9:00000000
17045686ns          291996 1c0093f6 00e00db3 add              x27, x0, x14        x27=0000001e x14:0000001e
17045725ns          291998 1c0093f8 f3cff06f jal              x0, -2244          
17045765ns          292000 1c008b34 00044503 lbu              x10, 0(x8)          x10=00000020  x8:1c000093  PA:1c000093
17046083ns          292016 1c008b38 00140413 addi             x8, x8, 1            x8=1c000094  x8:1c000093
17046103ns          292017 1c008b3a 00050e63 beq              x10, x0, 28         x10:00000020
17046123ns          292018 1c008b3c 02500793 addi             x15, x0, 37         x15=00000025
17046143ns          292019 1c008b40 04f50863 beq              x10, x15, 80        x10:00000020 x15:00000025
17046163ns          292020 1c008b44 01a005b3 add              x11, x0, x26        x11=00000002 x26:00000002
17046183ns          292021 1c008b46 000b00e7 jalr             x1, x22, 0           x1=1c008b48 x22:1c008a52
17046282ns          292026 1c008a52 000026b7 lui              x13, 0x2000         x13=00002000
17046302ns          292027 1c008a54 f14027f3 csrrs            x15, x0, 0xf14      x15=00000003
17046322ns          292028 1c008a58 f8068693 addi             x13, x13, -128      x13=00001f80 x13:00002000
17046342ns          292029 1c008a5c 00379713 slli             x14, x15, 0x3       x14=00000018 x15:00000003
17046362ns          292030 1c008a60 00279793 slli             x15, x15, 0x2       x15=0000000c x15:00000003
17046382ns          292031 1c008a62 00d7f7b3 and              x15, x15, x13       x15=00000000 x15:0000000c x13:00001f80
17046402ns          292032 1c008a64 ee873733 p.bclr           x14, x14, 23, 8     x14=00000018 x14:00000018
17046422ns          292033 1c008a68 1a10f6b7 lui              x13, 0x1a10f000     x13=1a10f000
17046441ns          292034 1c008a6c 0ff57513 andi             x10, x10, 255       x10=00000020 x10:00000020
17046461ns          292035 1c008a70 00d70733 add              x14, x14, x13       x14=1a10f018 x14:00000018 x13:1a10f000
17046481ns          292036 1c008a72 00a7e723 p.sw             x10, x0(x15)        x10:00000020 x15:00000000  PA:1a10f018
17046919ns          292058 1c008a76 00000513 addi             x10, x0, 0          x10=00000000
17046939ns          292059 1c008a78 00008067 jalr             x0, x1, 0            x1:1c008b48
17046978ns          292061 1c008b48 31f52563 p.beqimm         x10, 778            x10:00000000
17046998ns          292062 1c008b4c 001d8d93 addi             x27, x27, 1         x27=0000001f x27:0000001e
17047018ns          292063 1c008b4e 00044503 lbu              x10, 0(x8)          x10=0000002d  x8:1c000094  PA:1c000094
17047436ns          292084 1c008b52 00140413 addi             x8, x8, 1            x8=1c000095  x8:1c000094
17047456ns          292085 1c008b54 fe0514e3 bne              x10, x0, -24        x10:0000002d
17047516ns          292088 1c008b3c 02500793 addi             x15, x0, 37         x15=00000025
17047535ns          292089 1c008b40 04f50863 beq              x10, x15, 80        x10:0000002d x15:00000025
17047555ns          292090 1c008b44 01a005b3 add              x11, x0, x26        x11=00000002 x26:00000002
17047575ns          292091 1c008b46 000b00e7 jalr             x1, x22, 0           x1=1c008b48 x22:1c008a52
17047615ns          292093 1c008a52 000026b7 lui              x13, 0x2000         x13=00002000
17047635ns          292094 1c008a54 f14027f3 csrrs            x15, x0, 0xf14      x15=00000003
17047655ns          292095 1c008a58 f8068693 addi             x13, x13, -128      x13=00001f80 x13:00002000
17047675ns          292096 1c008a5c 00379713 slli             x14, x15, 0x3       x14=00000018 x15:00000003
17047734ns          292099 1c008a60 00279793 slli             x15, x15, 0x2       x15=0000000c x15:00000003
17047754ns          292100 1c008a62 00d7f7b3 and              x15, x15, x13       x15=00000000 x15:0000000c x13:00001f80
17047774ns          292101 1c008a64 ee873733 p.bclr           x14, x14, 23, 8     x14=00000018 x14:00000018
17047794ns          292102 1c008a68 1a10f6b7 lui              x13, 0x1a10f000     x13=1a10f000
17047814ns          292103 1c008a6c 0ff57513 andi             x10, x10, 255       x10=0000002d x10:0000002d
17047834ns          292104 1c008a70 00d70733 add              x14, x14, x13       x14=1a10f018 x14:00000018 x13:1a10f000
17047854ns          292105 1c008a72 00a7e723 p.sw             x10, x0(x15)        x10:0000002d x15:00000000  PA:1a10f018
17048232ns          292124 1c008a76 00000513 addi             x10, x0, 0          x10=00000000
17048251ns          292125 1c008a78 00008067 jalr             x0, x1, 0            x1:1c008b48
17048291ns          292127 1c008b48 31f52563 p.beqimm         x10, 778            x10:00000000
17048311ns          292128 1c008b4c 001d8d93 addi             x27, x27, 1         x27=00000020 x27:0000001f
17048331ns          292129 1c008b4e 00044503 lbu              x10, 0(x8)          x10=0000003e  x8:1c000095  PA:1c000095
17048649ns          292145 1c008b52 00140413 addi             x8, x8, 1            x8=1c000096  x8:1c000095
17048669ns          292146 1c008b54 fe0514e3 bne              x10, x0, -24        x10:0000003e
17048729ns          292149 1c008b3c 02500793 addi             x15, x0, 37         x15=00000025
17048749ns          292150 1c008b40 04f50863 beq              x10, x15, 80        x10:0000003e x15:00000025
17048769ns          292151 1c008b44 01a005b3 add              x11, x0, x26        x11=00000002 x26:00000002
17048789ns          292152 1c008b46 000b00e7 jalr             x1, x22, 0           x1=1c008b48 x22:1c008a52
17048828ns          292154 1c008a52 000026b7 lui              x13, 0x2000         x13=00002000
17048848ns          292155 1c008a54 f14027f3 csrrs            x15, x0, 0xf14      x15=00000003
17048868ns          292156 1c008a58 f8068693 addi             x13, x13, -128      x13=00001f80 x13:00002000
17048888ns          292157 1c008a5c 00379713 slli             x14, x15, 0x3       x14=00000018 x15:00000003
17048908ns          292158 1c008a60 00279793 slli             x15, x15, 0x2       x15=0000000c x15:00000003
17048928ns          292159 1c008a62 00d7f7b3 and              x15, x15, x13       x15=00000000 x15:0000000c x13:00001f80
17048948ns          292160 1c008a64 ee873733 p.bclr           x14, x14, 23, 8     x14=00000018 x14:00000018
17048968ns          292161 1c008a68 1a10f6b7 lui              x13, 0x1a10f000     x13=1a10f000
17048987ns          292162 1c008a6c 0ff57513 andi             x10, x10, 255       x10=0000003e x10:0000003e
17049007ns          292163 1c008a70 00d70733 add              x14, x14, x13       x14=1a10f018 x14:00000018 x13:1a10f000
17049027ns          292164 1c008a72 00a7e723 p.sw             x10, x0(x15)        x10:0000003e x15:00000000  PA:1a10f018
17049345ns          292180 1c008a76 00000513 addi             x10, x0, 0          x10=00000000
17049365ns          292181 1c008a78 00008067 jalr             x0, x1, 0            x1:1c008b48
17049405ns          292183 1c008b48 31f52563 p.beqimm         x10, 778            x10:00000000
17049425ns          292184 1c008b4c 001d8d93 addi             x27, x27, 1         x27=00000021 x27:00000020
17049445ns          292185 1c008b4e 00044503 lbu              x10, 0(x8)          x10=00000020  x8:1c000096  PA:1c000096
17049743ns          292200 1c008b52 00140413 addi             x8, x8, 1            x8=1c000097  x8:1c000096
17049763ns          292201 1c008b54 fe0514e3 bne              x10, x0, -24        x10:00000020
17049823ns          292204 1c008b3c 02500793 addi             x15, x0, 37         x15=00000025
17049843ns          292205 1c008b40 04f50863 beq              x10, x15, 80        x10:00000020 x15:00000025
17049863ns          292206 1c008b44 01a005b3 add              x11, x0, x26        x11=00000002 x26:00000002
17049883ns          292207 1c008b46 000b00e7 jalr             x1, x22, 0           x1=1c008b48 x22:1c008a52
17049922ns          292209 1c008a52 000026b7 lui              x13, 0x2000         x13=00002000
17049942ns          292210 1c008a54 f14027f3 csrrs            x15, x0, 0xf14      x15=00000003
17049962ns          292211 1c008a58 f8068693 addi             x13, x13, -128      x13=00001f80 x13:00002000
17049982ns          292212 1c008a5c 00379713 slli             x14, x15, 0x3       x14=00000018 x15:00000003
17050002ns          292213 1c008a60 00279793 slli             x15, x15, 0x2       x15=0000000c x15:00000003
17050022ns          292214 1c008a62 00d7f7b3 and              x15, x15, x13       x15=00000000 x15:0000000c x13:00001f80
17050042ns          292215 1c008a64 ee873733 p.bclr           x14, x14, 23, 8     x14=00000018 x14:00000018
17050062ns          292216 1c008a68 1a10f6b7 lui              x13, 0x1a10f000     x13=1a10f000
17050081ns          292217 1c008a6c 0ff57513 andi             x10, x10, 255       x10=00000020 x10:00000020
17050101ns          292218 1c008a70 00d70733 add              x14, x14, x13       x14=1a10f018 x14:00000018 x13:1a10f000
17050121ns          292219 1c008a72 00a7e723 p.sw             x10, x0(x15)        x10:00000020 x15:00000000  PA:1a10f018
17050439ns          292235 1c008a76 00000513 addi             x10, x0, 0          x10=00000000
17050459ns          292236 1c008a78 00008067 jalr             x0, x1, 0            x1:1c008b48
17050499ns          292238 1c008b48 31f52563 p.beqimm         x10, 778            x10:00000000
17050519ns          292239 1c008b4c 001d8d93 addi             x27, x27, 1         x27=00000022 x27:00000021
17050539ns          292240 1c008b4e 00044503 lbu              x10, 0(x8)          x10=00000000  x8:1c000097  PA:1c000097
17050837ns          292255 1c008b52 00140413 addi             x8, x8, 1            x8=1c000098  x8:1c000097
17050857ns          292256 1c008b54 fe0514e3 bne              x10, x0, -24        x10:00000000
17050877ns          292257 1c008b56 01b00433 add              x8, x0, x27          x8=00000022 x27:00000022
17050897ns          292258 1c008b58 00800533 add              x10, x0, x8         x10=00000022  x8:00000022
17050917ns          292259 1c008b5a 12c12083 lw               x1, 300(x2)          x1=1c008ae6  x2:10002a28  PA:10002b54
17050937ns          292260 1c008b5e 12812403 lw               x8, 296(x2)          x8=1c00110c  x2:10002a28  PA:10002b50
17050957ns          292261 1c008b62 12412483 lw               x9, 292(x2)          x9=00000000  x2:10002a28  PA:10002b4c
17050977ns          292262 1c008b66 12012903 lw               x18, 288(x2)        x18=1a10b004  x2:10002a28  PA:10002b48
17050996ns          292263 1c008b6a 11c12983 lw               x19, 284(x2)        x19=00000003  x2:10002a28  PA:10002b44
17051335ns          292280 1c008b6e 11812a03 lw               x20, 280(x2)        x20=1c001110  x2:10002a28  PA:10002b40
17051374ns          292282 1c008b72 11412a83 lw               x21, 276(x2)        x21=1c00a000  x2:10002a28  PA:10002b3c
17051394ns          292283 1c008b76 11012b03 lw               x22, 272(x2)        x22=1c00a000  x2:10002a28  PA:10002b38
17051414ns          292284 1c008b7a 10c12b83 lw               x23, 268(x2)        x23=1c000000  x2:10002a28  PA:10002b34
17051852ns          292306 1c008b7e 10812c03 lw               x24, 264(x2)        x24=1c000000  x2:10002a28  PA:10002b30
17051891ns          292308 1c008b82 10412c83 lw               x25, 260(x2)        x25=1c000000  x2:10002a28  PA:10002b2c
17051911ns          292309 1c008b86 10012d03 lw               x26, 256(x2)        x26=1c000000  x2:10002a28  PA:10002b28
17051931ns          292310 1c008b8a 0fc12d83 lw               x27, 252(x2)        x27=1c001104  x2:10002a28  PA:10002b24
17051951ns          292311 1c008b8c 13010113 addi             x2, x2, 304          x2=10002b58  x2:10002a28
17051971ns          292312 1c008b8e 00008067 jalr             x0, x1, 0            x1:1c008ae6
17052070ns          292317 1c008ae6 01c12083 lw               x1, 28(x2)           x1=1c009cf4  x2:10002b58  PA:10002b74
17052110ns          292319 1c008ae8 04010113 addi             x2, x2, 64           x2=10002b98  x2:10002b58
17052130ns          292320 1c008aea 00008067 jalr             x0, x1, 0            x1:1c009cf4
17052647ns          292346 1c009cf4 00c12703 lw               x14, 12(x2)         x14=00000000  x2:10002b98  PA:10002ba4
17052687ns          292348 1c009cf6 098b8513 addi             x10, x23, 152       x10=1c000098 x23:1c000000
17052707ns          292349 1c009cfa 00070563 beq              x14, x0, 10         x14:00000000
17053204ns          292374 1c009d04 dbbfe0ef jal              x1, -4678            x1=1c009d08
17053284ns          292378 1c008abe fc010113 addi             x2, x2, -64          x2=10002b58  x2:10002b98
17053363ns          292382 1c008ac0 02410313 addi             x6, x2, 36           x6=10002b7c  x2:10002b58
17053403ns          292384 1c008ac4 02c12423 sw               x12, 40(x2)         x12:0000006e  x2:10002b58  PA:10002b80
17053423ns          292385 1c008ac6 00a00633 add              x12, x0, x10        x12=1c000098 x10:1c000098
17053443ns          292386 1c008ac8 1c009537 lui              x10, 0x1c009000     x10=1c009000
17053463ns          292387 1c008acc 02b12223 sw               x11, 36(x2)         x11:00000002  x2:10002b58  PA:10002b7c
17053483ns          292388 1c008ace 02d12623 sw               x13, 44(x2)         x13:1a10f000  x2:10002b58  PA:10002b84
17053503ns          292389 1c008ad0 00200593 addi             x11, x0, 2          x11=00000002
17053523ns          292390 1c008ad2 006006b3 add              x13, x0, x6         x13=10002b7c  x6:10002b7c
17053542ns          292391 1c008ad4 a5250513 addi             x10, x10, -1454     x10=1c008a52 x10:1c009000
17053562ns          292392 1c008ad8 00112e23 sw               x1, 28(x2)           x1:1c009d08  x2:10002b58  PA:10002b74
17053582ns          292393 1c008ada 02e12823 sw               x14, 48(x2)         x14:00000000  x2:10002b58  PA:10002b88
17053602ns          292394 1c008adc 02f12a23 sw               x15, 52(x2)         x15:00000000  x2:10002b58  PA:10002b8c
17053622ns          292395 1c008ade 03012c23 sw               x16, 56(x2)         x16:10002a4c  x2:10002b58  PA:10002b90
17053642ns          292396 1c008ae0 03112e23 sw               x17, 60(x2)         x17:1c000040  x2:10002b58  PA:10002b94
17053662ns          292397 1c008ae2 00612623 sw               x6, 12(x2)           x6:10002b7c  x2:10002b58  PA:10002b64
17053682ns          292398 1c008ae4 fbfff0ef jal              x1, -66              x1=1c008ae6
17053761ns          292402 1c008aa2 04a0006f jal              x0, 74             
17053801ns          292404 1c008aec ed010113 addi             x2, x2, -304         x2=10002a28  x2:10002b58
17053821ns          292405 1c008aee 12812423 sw               x8, 296(x2)          x8:1c00110c  x2:10002a28  PA:10002b50
17053841ns          292406 1c008af2 00000413 addi             x8, x0, 0            x8=00000000
17053861ns          292407 1c008af4 11612823 sw               x22, 272(x2)        x22:1c00a000  x2:10002a28  PA:10002b38
17053881ns          292408 1c008af8 11712623 sw               x23, 268(x2)        x23:1c000000  x2:10002a28  PA:10002b34
17053900ns          292409 1c008afc 11812423 sw               x24, 264(x2)        x24:1c000000  x2:10002a28  PA:10002b30
17053940ns          292411 1c008b00 11912223 sw               x25, 260(x2)        x25:1c000000  x2:10002a28  PA:10002b2c
17053980ns          292413 1c008b04 11a12023 sw               x26, 256(x2)        x26:1c000000  x2:10002a28  PA:10002b28
17054000ns          292414 1c008b08 0fb12e23 sw               x27, 252(x2)        x27:1c001104  x2:10002a28  PA:10002b24
17054020ns          292415 1c008b0a 12112623 sw               x1, 300(x2)          x1:1c008ae6  x2:10002a28  PA:10002b54
17054040ns          292416 1c008b0e 00800db3 add              x27, x0, x8         x27=00000000  x8:00000000
17054079ns          292418 1c008b10 12912223 sw               x9, 292(x2)          x9:00000000  x2:10002a28  PA:10002b4c
17054119ns          292420 1c008b14 13212023 sw               x18, 288(x2)        x18:1a10b004  x2:10002a28  PA:10002b48
17054139ns          292421 1c008b18 11312e23 sw               x19, 284(x2)        x19:00000003  x2:10002a28  PA:10002b44
17054159ns          292422 1c008b1c 11412c23 sw               x20, 280(x2)        x20:1c001110  x2:10002a28  PA:10002b40
17054219ns          292425 1c008b20 11512a23 sw               x21, 276(x2)        x21:1c00a000  x2:10002a28  PA:10002b3c
17054258ns          292427 1c008b24 00a00b33 add              x22, x0, x10        x22=1c008a52 x10:1c008a52
17054278ns          292428 1c008b26 00b00d33 add              x26, x0, x11        x26=00000002 x11:00000002
17054298ns          292429 1c008b28 00d00c33 add              x24, x0, x13        x24=10002b7c x13:10002b7c
17054318ns          292430 1c008b2a 1c000bb7 lui              x23, 0x1c000000     x23=1c000000
17054358ns          292432 1c008b2e 02410c93 addi             x25, x2, 36         x25=10002a4c  x2:10002a28
17054378ns          292433 1c008b32 00c00433 add              x8, x0, x12          x8=1c000098 x12:1c000098
17054398ns          292434 1c008b34 00044503 lbu              x10, 0(x8)          x10=00000073  x8:1c000098  PA:1c000098
17054696ns          292449 1c008b38 00140413 addi             x8, x8, 1            x8=1c000099  x8:1c000098
17054716ns          292450 1c008b3a 00050e63 beq              x10, x0, 28         x10:00000073
17054736ns          292451 1c008b3c 02500793 addi             x15, x0, 37         x15=00000025
17054756ns          292452 1c008b40 04f50863 beq              x10, x15, 80        x10:00000073 x15:00000025
17054776ns          292453 1c008b44 01a005b3 add              x11, x0, x26        x11=00000002 x26:00000002
17054796ns          292454 1c008b46 000b00e7 jalr             x1, x22, 0           x1=1c008b48 x22:1c008a52
17054835ns          292456 1c008a52 000026b7 lui              x13, 0x2000         x13=00002000
17054855ns          292457 1c008a54 f14027f3 csrrs            x15, x0, 0xf14      x15=00000003
17054875ns          292458 1c008a58 f8068693 addi             x13, x13, -128      x13=00001f80 x13:00002000
17054895ns          292459 1c008a5c 00379713 slli             x14, x15, 0x3       x14=00000018 x15:00000003
17054915ns          292460 1c008a60 00279793 slli             x15, x15, 0x2       x15=0000000c x15:00000003
17054935ns          292461 1c008a62 00d7f7b3 and              x15, x15, x13       x15=00000000 x15:0000000c x13:00001f80
17054955ns          292462 1c008a64 ee873733 p.bclr           x14, x14, 23, 8     x14=00000018 x14:00000018
17054975ns          292463 1c008a68 1a10f6b7 lui              x13, 0x1a10f000     x13=1a10f000
17054994ns          292464 1c008a6c 0ff57513 andi             x10, x10, 255       x10=00000073 x10:00000073
17055034ns          292466 1c008a70 00d70733 add              x14, x14, x13       x14=1a10f018 x14:00000018 x13:1a10f000
17055074ns          292468 1c008a72 00a7e723 p.sw             x10, x0(x15)        x10:00000073 x15:00000000  PA:1a10f018
17055452ns          292487 1c008a76 00000513 addi             x10, x0, 0          x10=00000000
17055472ns          292488 1c008a78 00008067 jalr             x0, x1, 0            x1:1c008b48
17055512ns          292490 1c008b48 31f52563 p.beqimm         x10, 778            x10:00000000
17055531ns          292491 1c008b4c 001d8d93 addi             x27, x27, 1         x27=00000001 x27:00000000
17055551ns          292492 1c008b4e 00044503 lbu              x10, 0(x8)          x10=00000075  x8:1c000099  PA:1c000099
17055850ns          292507 1c008b52 00140413 addi             x8, x8, 1            x8=1c00009a  x8:1c000099
17055870ns          292508 1c008b54 fe0514e3 bne              x10, x0, -24        x10:00000075
17055929ns          292511 1c008b3c 02500793 addi             x15, x0, 37         x15=00000025
17055949ns          292512 1c008b40 04f50863 beq              x10, x15, 80        x10:00000075 x15:00000025
17055969ns          292513 1c008b44 01a005b3 add              x11, x0, x26        x11=00000002 x26:00000002
17055989ns          292514 1c008b46 000b00e7 jalr             x1, x22, 0           x1=1c008b48 x22:1c008a52
17056029ns          292516 1c008a52 000026b7 lui              x13, 0x2000         x13=00002000
17056049ns          292517 1c008a54 f14027f3 csrrs            x15, x0, 0xf14      x15=00000003
17056069ns          292518 1c008a58 f8068693 addi             x13, x13, -128      x13=00001f80 x13:00002000
17056088ns          292519 1c008a5c 00379713 slli             x14, x15, 0x3       x14=00000018 x15:00000003
17056108ns          292520 1c008a60 00279793 slli             x15, x15, 0x2       x15=0000000c x15:00000003
17056128ns          292521 1c008a62 00d7f7b3 and              x15, x15, x13       x15=00000000 x15:0000000c x13:00001f80
17056148ns          292522 1c008a64 ee873733 p.bclr           x14, x14, 23, 8     x14=00000018 x14:00000018
17056168ns          292523 1c008a68 1a10f6b7 lui              x13, 0x1a10f000     x13=1a10f000
17056188ns          292524 1c008a6c 0ff57513 andi             x10, x10, 255       x10=00000075 x10:00000075
17056208ns          292525 1c008a70 00d70733 add              x14, x14, x13       x14=1a10f018 x14:00000018 x13:1a10f000
17056228ns          292526 1c008a72 00a7e723 p.sw             x10, x0(x15)        x10:00000075 x15:00000000  PA:1a10f018
17056546ns          292542 1c008a76 00000513 addi             x10, x0, 0          x10=00000000
17056566ns          292543 1c008a78 00008067 jalr             x0, x1, 0            x1:1c008b48
17056606ns          292545 1c008b48 31f52563 p.beqimm         x10, 778            x10:00000000
17056625ns          292546 1c008b4c 001d8d93 addi             x27, x27, 1         x27=00000002 x27:00000001
17056645ns          292547 1c008b4e 00044503 lbu              x10, 0(x8)          x10=00000063  x8:1c00009a  PA:1c00009a
17056944ns          292562 1c008b52 00140413 addi             x8, x8, 1            x8=1c00009b  x8:1c00009a
17056964ns          292563 1c008b54 fe0514e3 bne              x10, x0, -24        x10:00000063
17057023ns          292566 1c008b3c 02500793 addi             x15, x0, 37         x15=00000025
17057043ns          292567 1c008b40 04f50863 beq              x10, x15, 80        x10:00000063 x15:00000025
17057063ns          292568 1c008b44 01a005b3 add              x11, x0, x26        x11=00000002 x26:00000002
17057083ns          292569 1c008b46 000b00e7 jalr             x1, x22, 0           x1=1c008b48 x22:1c008a52
17057123ns          292571 1c008a52 000026b7 lui              x13, 0x2000         x13=00002000
17057143ns          292572 1c008a54 f14027f3 csrrs            x15, x0, 0xf14      x15=00000003
17057163ns          292573 1c008a58 f8068693 addi             x13, x13, -128      x13=00001f80 x13:00002000
17057182ns          292574 1c008a5c 00379713 slli             x14, x15, 0x3       x14=00000018 x15:00000003
17057202ns          292575 1c008a60 00279793 slli             x15, x15, 0x2       x15=0000000c x15:00000003
17057222ns          292576 1c008a62 00d7f7b3 and              x15, x15, x13       x15=00000000 x15:0000000c x13:00001f80
17057242ns          292577 1c008a64 ee873733 p.bclr           x14, x14, 23, 8     x14=00000018 x14:00000018
17057262ns          292578 1c008a68 1a10f6b7 lui              x13, 0x1a10f000     x13=1a10f000
17057282ns          292579 1c008a6c 0ff57513 andi             x10, x10, 255       x10=00000063 x10:00000063
17057302ns          292580 1c008a70 00d70733 add              x14, x14, x13       x14=1a10f018 x14:00000018 x13:1a10f000
17057322ns          292581 1c008a72 00a7e723 p.sw             x10, x0(x15)        x10:00000063 x15:00000000  PA:1a10f018
17057640ns          292597 1c008a76 00000513 addi             x10, x0, 0          x10=00000000
17057660ns          292598 1c008a78 00008067 jalr             x0, x1, 0            x1:1c008b48
17057700ns          292600 1c008b48 31f52563 p.beqimm         x10, 778            x10:00000000
17057719ns          292601 1c008b4c 001d8d93 addi             x27, x27, 1         x27=00000003 x27:00000002
17057739ns          292602 1c008b4e 00044503 lbu              x10, 0(x8)          x10=00000063  x8:1c00009b  PA:1c00009b
17058058ns          292618 1c008b52 00140413 addi             x8, x8, 1            x8=1c00009c  x8:1c00009b
17058078ns          292619 1c008b54 fe0514e3 bne              x10, x0, -24        x10:00000063
17058137ns          292622 1c008b3c 02500793 addi             x15, x0, 37         x15=00000025
17058157ns          292623 1c008b40 04f50863 beq              x10, x15, 80        x10:00000063 x15:00000025
17058177ns          292624 1c008b44 01a005b3 add              x11, x0, x26        x11=00000002 x26:00000002
17058197ns          292625 1c008b46 000b00e7 jalr             x1, x22, 0           x1=1c008b48 x22:1c008a52
17058237ns          292627 1c008a52 000026b7 lui              x13, 0x2000         x13=00002000
17058257ns          292628 1c008a54 f14027f3 csrrs            x15, x0, 0xf14      x15=00000003
17058276ns          292629 1c008a58 f8068693 addi             x13, x13, -128      x13=00001f80 x13:00002000
17058296ns          292630 1c008a5c 00379713 slli             x14, x15, 0x3       x14=00000018 x15:00000003
17058316ns          292631 1c008a60 00279793 slli             x15, x15, 0x2       x15=0000000c x15:00000003
17058336ns          292632 1c008a62 00d7f7b3 and              x15, x15, x13       x15=00000000 x15:0000000c x13:00001f80
17058356ns          292633 1c008a64 ee873733 p.bclr           x14, x14, 23, 8     x14=00000018 x14:00000018
17058376ns          292634 1c008a68 1a10f6b7 lui              x13, 0x1a10f000     x13=1a10f000
17058396ns          292635 1c008a6c 0ff57513 andi             x10, x10, 255       x10=00000063 x10:00000063
17058416ns          292636 1c008a70 00d70733 add              x14, x14, x13       x14=1a10f018 x14:00000018 x13:1a10f000
17058436ns          292637 1c008a72 00a7e723 p.sw             x10, x0(x15)        x10:00000063 x15:00000000  PA:1a10f018
17058754ns          292653 1c008a76 00000513 addi             x10, x0, 0          x10=00000000
17058774ns          292654 1c008a78 00008067 jalr             x0, x1, 0            x1:1c008b48
17058813ns          292656 1c008b48 31f52563 p.beqimm         x10, 778            x10:00000000
17058833ns          292657 1c008b4c 001d8d93 addi             x27, x27, 1         x27=00000004 x27:00000003
17058853ns          292658 1c008b4e 00044503 lbu              x10, 0(x8)          x10=00000065  x8:1c00009c  PA:1c00009c
17059152ns          292673 1c008b52 00140413 addi             x8, x8, 1            x8=1c00009d  x8:1c00009c
17059171ns          292674 1c008b54 fe0514e3 bne              x10, x0, -24        x10:00000065
17059231ns          292677 1c008b3c 02500793 addi             x15, x0, 37         x15=00000025
17059251ns          292678 1c008b40 04f50863 beq              x10, x15, 80        x10:00000065 x15:00000025
17059271ns          292679 1c008b44 01a005b3 add              x11, x0, x26        x11=00000002 x26:00000002
17059291ns          292680 1c008b46 000b00e7 jalr             x1, x22, 0           x1=1c008b48 x22:1c008a52
17059331ns          292682 1c008a52 000026b7 lui              x13, 0x2000         x13=00002000
17059351ns          292683 1c008a54 f14027f3 csrrs            x15, x0, 0xf14      x15=00000003
17059370ns          292684 1c008a58 f8068693 addi             x13, x13, -128      x13=00001f80 x13:00002000
17059390ns          292685 1c008a5c 00379713 slli             x14, x15, 0x3       x14=00000018 x15:00000003
17059410ns          292686 1c008a60 00279793 slli             x15, x15, 0x2       x15=0000000c x15:00000003
17059430ns          292687 1c008a62 00d7f7b3 and              x15, x15, x13       x15=00000000 x15:0000000c x13:00001f80
17059450ns          292688 1c008a64 ee873733 p.bclr           x14, x14, 23, 8     x14=00000018 x14:00000018
17059470ns          292689 1c008a68 1a10f6b7 lui              x13, 0x1a10f000     x13=1a10f000
17059490ns          292690 1c008a6c 0ff57513 andi             x10, x10, 255       x10=00000065 x10:00000065
17059510ns          292691 1c008a70 00d70733 add              x14, x14, x13       x14=1a10f018 x14:00000018 x13:1a10f000
17059530ns          292692 1c008a72 00a7e723 p.sw             x10, x0(x15)        x10:00000065 x15:00000000  PA:1a10f018
17059848ns          292708 1c008a76 00000513 addi             x10, x0, 0          x10=00000000
17059868ns          292709 1c008a78 00008067 jalr             x0, x1, 0            x1:1c008b48
17059907ns          292711 1c008b48 31f52563 p.beqimm         x10, 778            x10:00000000
17059927ns          292712 1c008b4c 001d8d93 addi             x27, x27, 1         x27=00000005 x27:00000004
17059947ns          292713 1c008b4e 00044503 lbu              x10, 0(x8)          x10=00000073  x8:1c00009d  PA:1c00009d
17060246ns          292728 1c008b52 00140413 addi             x8, x8, 1            x8=1c00009e  x8:1c00009d
17060265ns          292729 1c008b54 fe0514e3 bne              x10, x0, -24        x10:00000073
17060325ns          292732 1c008b3c 02500793 addi             x15, x0, 37         x15=00000025
17060345ns          292733 1c008b40 04f50863 beq              x10, x15, 80        x10:00000073 x15:00000025
17060365ns          292734 1c008b44 01a005b3 add              x11, x0, x26        x11=00000002 x26:00000002
17060385ns          292735 1c008b46 000b00e7 jalr             x1, x22, 0           x1=1c008b48 x22:1c008a52
17060425ns          292737 1c008a52 000026b7 lui              x13, 0x2000         x13=00002000
17060445ns          292738 1c008a54 f14027f3 csrrs            x15, x0, 0xf14      x15=00000003
17060464ns          292739 1c008a58 f8068693 addi             x13, x13, -128      x13=00001f80 x13:00002000
17060484ns          292740 1c008a5c 00379713 slli             x14, x15, 0x3       x14=00000018 x15:00000003
17060504ns          292741 1c008a60 00279793 slli             x15, x15, 0x2       x15=0000000c x15:00000003
17060524ns          292742 1c008a62 00d7f7b3 and              x15, x15, x13       x15=00000000 x15:0000000c x13:00001f80
17060544ns          292743 1c008a64 ee873733 p.bclr           x14, x14, 23, 8     x14=00000018 x14:00000018
17060564ns          292744 1c008a68 1a10f6b7 lui              x13, 0x1a10f000     x13=1a10f000
17060584ns          292745 1c008a6c 0ff57513 andi             x10, x10, 255       x10=00000073 x10:00000073
17060604ns          292746 1c008a70 00d70733 add              x14, x14, x13       x14=1a10f018 x14:00000018 x13:1a10f000
17060624ns          292747 1c008a72 00a7e723 p.sw             x10, x0(x15)        x10:00000073 x15:00000000  PA:1a10f018
17060942ns          292763 1c008a76 00000513 addi             x10, x0, 0          x10=00000000
17060962ns          292764 1c008a78 00008067 jalr             x0, x1, 0            x1:1c008b48
17061001ns          292766 1c008b48 31f52563 p.beqimm         x10, 778            x10:00000000
17061021ns          292767 1c008b4c 001d8d93 addi             x27, x27, 1         x27=00000006 x27:00000005
17061041ns          292768 1c008b4e 00044503 lbu              x10, 0(x8)          x10=00000073  x8:1c00009e  PA:1c00009e
17061340ns          292783 1c008b52 00140413 addi             x8, x8, 1            x8=1c00009f  x8:1c00009e
17061359ns          292784 1c008b54 fe0514e3 bne              x10, x0, -24        x10:00000073
17061419ns          292787 1c008b3c 02500793 addi             x15, x0, 37         x15=00000025
17061439ns          292788 1c008b40 04f50863 beq              x10, x15, 80        x10:00000073 x15:00000025
17061459ns          292789 1c008b44 01a005b3 add              x11, x0, x26        x11=00000002 x26:00000002
17061479ns          292790 1c008b46 000b00e7 jalr             x1, x22, 0           x1=1c008b48 x22:1c008a52
17061519ns          292792 1c008a52 000026b7 lui              x13, 0x2000         x13=00002000
17061538ns          292793 1c008a54 f14027f3 csrrs            x15, x0, 0xf14      x15=00000003
17061558ns          292794 1c008a58 f8068693 addi             x13, x13, -128      x13=00001f80 x13:00002000
17061578ns          292795 1c008a5c 00379713 slli             x14, x15, 0x3       x14=00000018 x15:00000003
17061598ns          292796 1c008a60 00279793 slli             x15, x15, 0x2       x15=0000000c x15:00000003
17061618ns          292797 1c008a62 00d7f7b3 and              x15, x15, x13       x15=00000000 x15:0000000c x13:00001f80
17061638ns          292798 1c008a64 ee873733 p.bclr           x14, x14, 23, 8     x14=00000018 x14:00000018
17061658ns          292799 1c008a68 1a10f6b7 lui              x13, 0x1a10f000     x13=1a10f000
17061678ns          292800 1c008a6c 0ff57513 andi             x10, x10, 255       x10=00000073 x10:00000073
17061698ns          292801 1c008a70 00d70733 add              x14, x14, x13       x14=1a10f018 x14:00000018 x13:1a10f000
17061718ns          292802 1c008a72 00a7e723 p.sw             x10, x0(x15)        x10:00000073 x15:00000000  PA:1a10f018
17062056ns          292819 1c008a76 00000513 addi             x10, x0, 0          x10=00000000
17062076ns          292820 1c008a78 00008067 jalr             x0, x1, 0            x1:1c008b48
17062115ns          292822 1c008b48 31f52563 p.beqimm         x10, 778            x10:00000000
17062135ns          292823 1c008b4c 001d8d93 addi             x27, x27, 1         x27=00000007 x27:00000006
17062155ns          292824 1c008b4e 00044503 lbu              x10, 0(x8)          x10=0000002c  x8:1c00009f  PA:1c00009f
17062453ns          292839 1c008b52 00140413 addi             x8, x8, 1            x8=1c0000a0  x8:1c00009f
17062473ns          292840 1c008b54 fe0514e3 bne              x10, x0, -24        x10:0000002c
17062533ns          292843 1c008b3c 02500793 addi             x15, x0, 37         x15=00000025
17062553ns          292844 1c008b40 04f50863 beq              x10, x15, 80        x10:0000002c x15:00000025
17062573ns          292845 1c008b44 01a005b3 add              x11, x0, x26        x11=00000002 x26:00000002
17062593ns          292846 1c008b46 000b00e7 jalr             x1, x22, 0           x1=1c008b48 x22:1c008a52
17062632ns          292848 1c008a52 000026b7 lui              x13, 0x2000         x13=00002000
17062652ns          292849 1c008a54 f14027f3 csrrs            x15, x0, 0xf14      x15=00000003
17062672ns          292850 1c008a58 f8068693 addi             x13, x13, -128      x13=00001f80 x13:00002000
17062692ns          292851 1c008a5c 00379713 slli             x14, x15, 0x3       x14=00000018 x15:00000003
17062712ns          292852 1c008a60 00279793 slli             x15, x15, 0x2       x15=0000000c x15:00000003
17062732ns          292853 1c008a62 00d7f7b3 and              x15, x15, x13       x15=00000000 x15:0000000c x13:00001f80
17062752ns          292854 1c008a64 ee873733 p.bclr           x14, x14, 23, 8     x14=00000018 x14:00000018
17062772ns          292855 1c008a68 1a10f6b7 lui              x13, 0x1a10f000     x13=1a10f000
17062792ns          292856 1c008a6c 0ff57513 andi             x10, x10, 255       x10=0000002c x10:0000002c
17062812ns          292857 1c008a70 00d70733 add              x14, x14, x13       x14=1a10f018 x14:00000018 x13:1a10f000
17062831ns          292858 1c008a72 00a7e723 p.sw             x10, x0(x15)        x10:0000002c x15:00000000  PA:1a10f018
17063150ns          292874 1c008a76 00000513 addi             x10, x0, 0          x10=00000000
17063170ns          292875 1c008a78 00008067 jalr             x0, x1, 0            x1:1c008b48
17063209ns          292877 1c008b48 31f52563 p.beqimm         x10, 778            x10:00000000
17063229ns          292878 1c008b4c 001d8d93 addi             x27, x27, 1         x27=00000008 x27:00000007
17063249ns          292879 1c008b4e 00044503 lbu              x10, 0(x8)          x10=00000020  x8:1c0000a0  PA:1c0000a0
17063547ns          292894 1c008b52 00140413 addi             x8, x8, 1            x8=1c0000a1  x8:1c0000a0
17063567ns          292895 1c008b54 fe0514e3 bne              x10, x0, -24        x10:00000020
17063627ns          292898 1c008b3c 02500793 addi             x15, x0, 37         x15=00000025
17063647ns          292899 1c008b40 04f50863 beq              x10, x15, 80        x10:00000020 x15:00000025
17063667ns          292900 1c008b44 01a005b3 add              x11, x0, x26        x11=00000002 x26:00000002
17063687ns          292901 1c008b46 000b00e7 jalr             x1, x22, 0           x1=1c008b48 x22:1c008a52
17063726ns          292903 1c008a52 000026b7 lui              x13, 0x2000         x13=00002000
17063746ns          292904 1c008a54 f14027f3 csrrs            x15, x0, 0xf14      x15=00000003
17063766ns          292905 1c008a58 f8068693 addi             x13, x13, -128      x13=00001f80 x13:00002000
17063786ns          292906 1c008a5c 00379713 slli             x14, x15, 0x3       x14=00000018 x15:00000003
17063806ns          292907 1c008a60 00279793 slli             x15, x15, 0x2       x15=0000000c x15:00000003
17063826ns          292908 1c008a62 00d7f7b3 and              x15, x15, x13       x15=00000000 x15:0000000c x13:00001f80
17063846ns          292909 1c008a64 ee873733 p.bclr           x14, x14, 23, 8     x14=00000018 x14:00000018
17063866ns          292910 1c008a68 1a10f6b7 lui              x13, 0x1a10f000     x13=1a10f000
17063886ns          292911 1c008a6c 0ff57513 andi             x10, x10, 255       x10=00000020 x10:00000020
17063905ns          292912 1c008a70 00d70733 add              x14, x14, x13       x14=1a10f018 x14:00000018 x13:1a10f000
17063925ns          292913 1c008a72 00a7e723 p.sw             x10, x0(x15)        x10:00000020 x15:00000000  PA:1a10f018
17064244ns          292929 1c008a76 00000513 addi             x10, x0, 0          x10=00000000
17064264ns          292930 1c008a78 00008067 jalr             x0, x1, 0            x1:1c008b48
17064303ns          292932 1c008b48 31f52563 p.beqimm         x10, 778            x10:00000000
17064323ns          292933 1c008b4c 001d8d93 addi             x27, x27, 1         x27=00000009 x27:00000008
17064343ns          292934 1c008b4e 00044503 lbu              x10, 0(x8)          x10=00000000  x8:1c0000a1  PA:1c0000a1
17064661ns          292950 1c008b52 00140413 addi             x8, x8, 1            x8=1c0000a2  x8:1c0000a1
17064681ns          292951 1c008b54 fe0514e3 bne              x10, x0, -24        x10:00000000
17064701ns          292952 1c008b56 01b00433 add              x8, x0, x27          x8=00000009 x27:00000009
17064721ns          292953 1c008b58 00800533 add              x10, x0, x8         x10=00000009  x8:00000009
17064741ns          292954 1c008b5a 12c12083 lw               x1, 300(x2)          x1=1c008ae6  x2:10002a28  PA:10002b54
17064761ns          292955 1c008b5e 12812403 lw               x8, 296(x2)          x8=1c00110c  x2:10002a28  PA:10002b50
17064781ns          292956 1c008b62 12412483 lw               x9, 292(x2)          x9=00000000  x2:10002a28  PA:10002b4c
17064801ns          292957 1c008b66 12012903 lw               x18, 288(x2)        x18=1a10b004  x2:10002a28  PA:10002b48
17064820ns          292958 1c008b6a 11c12983 lw               x19, 284(x2)        x19=00000003  x2:10002a28  PA:10002b44
17064880ns          292961 1c008b6e 11812a03 lw               x20, 280(x2)        x20=1c001110  x2:10002a28  PA:10002b40
17064920ns          292963 1c008b72 11412a83 lw               x21, 276(x2)        x21=1c00a000  x2:10002a28  PA:10002b3c
17064940ns          292964 1c008b76 11012b03 lw               x22, 272(x2)        x22=1c00a000  x2:10002a28  PA:10002b38
17064960ns          292965 1c008b7a 10c12b83 lw               x23, 268(x2)        x23=1c000000  x2:10002a28  PA:10002b34
17065019ns          292968 1c008b7e 10812c03 lw               x24, 264(x2)        x24=1c000000  x2:10002a28  PA:10002b30
17065059ns          292970 1c008b82 10412c83 lw               x25, 260(x2)        x25=1c000000  x2:10002a28  PA:10002b2c
17065079ns          292971 1c008b86 10012d03 lw               x26, 256(x2)        x26=1c000000  x2:10002a28  PA:10002b28
17065099ns          292972 1c008b8a 0fc12d83 lw               x27, 252(x2)        x27=1c001104  x2:10002a28  PA:10002b24
17065119ns          292973 1c008b8c 13010113 addi             x2, x2, 304          x2=10002b58  x2:10002a28
17065139ns          292974 1c008b8e 00008067 jalr             x0, x1, 0            x1:1c008ae6
17065179ns          292976 1c008ae6 01c12083 lw               x1, 28(x2)           x1=1c009d08  x2:10002b58  PA:10002b74
17065198ns          292977 1c008ae8 04010113 addi             x2, x2, 64           x2=10002b98  x2:10002b58
17065238ns          292979 1c008aea 00008067 jalr             x0, x1, 0            x1:1c009d08
17065318ns          292983 1c009d08 00c12583 lw               x11, 12(x2)         x11=00000000  x2:10002b98  PA:10002ba4
17065358ns          292985 1c009d0a 0acc8513 addi             x10, x25, 172       x10=1c0000ac x25:1c000000
17065497ns          292992 1c009d0e db1fe0ef jal              x1, -4688            x1=1c009d12
17065537ns          292994 1c008abe fc010113 addi             x2, x2, -64          x2=10002b58  x2:10002b98
17065556ns          292995 1c008ac0 02410313 addi             x6, x2, 36           x6=10002b7c  x2:10002b58
17065576ns          292996 1c008ac4 02c12423 sw               x12, 40(x2)         x12:1c000098  x2:10002b58  PA:10002b80
17065596ns          292997 1c008ac6 00a00633 add              x12, x0, x10        x12=1c0000ac x10:1c0000ac
17065616ns          292998 1c008ac8 1c009537 lui              x10, 0x1c009000     x10=1c009000
17065636ns          292999 1c008acc 02b12223 sw               x11, 36(x2)         x11:00000000  x2:10002b58  PA:10002b7c
17065656ns          293000 1c008ace 02d12623 sw               x13, 44(x2)         x13:1a10f000  x2:10002b58  PA:10002b84
17065676ns          293001 1c008ad0 00200593 addi             x11, x0, 2          x11=00000002
17065696ns          293002 1c008ad2 006006b3 add              x13, x0, x6         x13=10002b7c  x6:10002b7c
17065716ns          293003 1c008ad4 a5250513 addi             x10, x10, -1454     x10=1c008a52 x10:1c009000
17065735ns          293004 1c008ad8 00112e23 sw               x1, 28(x2)           x1:1c009d12  x2:10002b58  PA:10002b74
17065755ns          293005 1c008ada 02e12823 sw               x14, 48(x2)         x14:1a10f018  x2:10002b58  PA:10002b88
17065775ns          293006 1c008adc 02f12a23 sw               x15, 52(x2)         x15:00000000  x2:10002b58  PA:10002b8c
17065795ns          293007 1c008ade 03012c23 sw               x16, 56(x2)         x16:10002a4c  x2:10002b58  PA:10002b90
17065815ns          293008 1c008ae0 03112e23 sw               x17, 60(x2)         x17:1c000040  x2:10002b58  PA:10002b94
17065835ns          293009 1c008ae2 00612623 sw               x6, 12(x2)           x6:10002b7c  x2:10002b58  PA:10002b64
17065855ns          293010 1c008ae4 fbfff0ef jal              x1, -66              x1=1c008ae6
17065895ns          293012 1c008aa2 04a0006f jal              x0, 74             
17065934ns          293014 1c008aec ed010113 addi             x2, x2, -304         x2=10002a28  x2:10002b58
17065954ns          293015 1c008aee 12812423 sw               x8, 296(x2)          x8:1c00110c  x2:10002a28  PA:10002b50
17065974ns          293016 1c008af2 00000413 addi             x8, x0, 0            x8=00000000
17065994ns          293017 1c008af4 11612823 sw               x22, 272(x2)        x22:1c00a000  x2:10002a28  PA:10002b38
17066014ns          293018 1c008af8 11712623 sw               x23, 268(x2)        x23:1c000000  x2:10002a28  PA:10002b34
17066034ns          293019 1c008afc 11812423 sw               x24, 264(x2)        x24:1c000000  x2:10002a28  PA:10002b30
17066074ns          293021 1c008b00 11912223 sw               x25, 260(x2)        x25:1c000000  x2:10002a28  PA:10002b2c
17066113ns          293023 1c008b04 11a12023 sw               x26, 256(x2)        x26:1c000000  x2:10002a28  PA:10002b28
17066133ns          293024 1c008b08 0fb12e23 sw               x27, 252(x2)        x27:1c001104  x2:10002a28  PA:10002b24
17066153ns          293025 1c008b0a 12112623 sw               x1, 300(x2)          x1:1c008ae6  x2:10002a28  PA:10002b54
17066173ns          293026 1c008b0e 00800db3 add              x27, x0, x8         x27=00000000  x8:00000000
17066193ns          293027 1c008b10 12912223 sw               x9, 292(x2)          x9:00000000  x2:10002a28  PA:10002b4c
17066213ns          293028 1c008b14 13212023 sw               x18, 288(x2)        x18:1a10b004  x2:10002a28  PA:10002b48
17066233ns          293029 1c008b18 11312e23 sw               x19, 284(x2)        x19:00000003  x2:10002a28  PA:10002b44
17066253ns          293030 1c008b1c 11412c23 sw               x20, 280(x2)        x20:1c001110  x2:10002a28  PA:10002b40
17066272ns          293031 1c008b20 11512a23 sw               x21, 276(x2)        x21:1c00a000  x2:10002a28  PA:10002b3c
17066292ns          293032 1c008b24 00a00b33 add              x22, x0, x10        x22=1c008a52 x10:1c008a52
17066312ns          293033 1c008b26 00b00d33 add              x26, x0, x11        x26=00000002 x11:00000002
17066332ns          293034 1c008b28 00d00c33 add              x24, x0, x13        x24=10002b7c x13:10002b7c
17066352ns          293035 1c008b2a 1c000bb7 lui              x23, 0x1c000000     x23=1c000000
17066372ns          293036 1c008b2e 02410c93 addi             x25, x2, 36         x25=10002a4c  x2:10002a28
17066392ns          293037 1c008b32 00c00433 add              x8, x0, x12          x8=1c0000ac x12:1c0000ac
17066412ns          293038 1c008b34 00044503 lbu              x10, 0(x8)          x10=0000006e  x8:1c0000ac  PA:1c0000ac
17066710ns          293053 1c008b38 00140413 addi             x8, x8, 1            x8=1c0000ad  x8:1c0000ac
17066730ns          293054 1c008b3a 00050e63 beq              x10, x0, 28         x10:0000006e
17066750ns          293055 1c008b3c 02500793 addi             x15, x0, 37         x15=00000025
17066770ns          293056 1c008b40 04f50863 beq              x10, x15, 80        x10:0000006e x15:00000025
17066790ns          293057 1c008b44 01a005b3 add              x11, x0, x26        x11=00000002 x26:00000002
17066810ns          293058 1c008b46 000b00e7 jalr             x1, x22, 0           x1=1c008b48 x22:1c008a52
17066849ns          293060 1c008a52 000026b7 lui              x13, 0x2000         x13=00002000
17066869ns          293061 1c008a54 f14027f3 csrrs            x15, x0, 0xf14      x15=00000003
17066889ns          293062 1c008a58 f8068693 addi             x13, x13, -128      x13=00001f80 x13:00002000
17066909ns          293063 1c008a5c 00379713 slli             x14, x15, 0x3       x14=00000018 x15:00000003
17066929ns          293064 1c008a60 00279793 slli             x15, x15, 0x2       x15=0000000c x15:00000003
17066949ns          293065 1c008a62 00d7f7b3 and              x15, x15, x13       x15=00000000 x15:0000000c x13:00001f80
17066969ns          293066 1c008a64 ee873733 p.bclr           x14, x14, 23, 8     x14=00000018 x14:00000018
17066989ns          293067 1c008a68 1a10f6b7 lui              x13, 0x1a10f000     x13=1a10f000
17067008ns          293068 1c008a6c 0ff57513 andi             x10, x10, 255       x10=0000006e x10:0000006e
17067028ns          293069 1c008a70 00d70733 add              x14, x14, x13       x14=1a10f018 x14:00000018 x13:1a10f000
17067048ns          293070 1c008a72 00a7e723 p.sw             x10, x0(x15)        x10:0000006e x15:00000000  PA:1a10f018
17067486ns          293092 1c008a76 00000513 addi             x10, x0, 0          x10=00000000
17067506ns          293093 1c008a78 00008067 jalr             x0, x1, 0            x1:1c008b48
17067546ns          293095 1c008b48 31f52563 p.beqimm         x10, 778            x10:00000000
17067565ns          293096 1c008b4c 001d8d93 addi             x27, x27, 1         x27=00000001 x27:00000000
17067585ns          293097 1c008b4e 00044503 lbu              x10, 0(x8)          x10=00000072  x8:1c0000ad  PA:1c0000ad
17067884ns          293112 1c008b52 00140413 addi             x8, x8, 1            x8=1c0000ae  x8:1c0000ad
17067904ns          293113 1c008b54 fe0514e3 bne              x10, x0, -24        x10:00000072
17067963ns          293116 1c008b3c 02500793 addi             x15, x0, 37         x15=00000025
17067983ns          293117 1c008b40 04f50863 beq              x10, x15, 80        x10:00000072 x15:00000025
17068003ns          293118 1c008b44 01a005b3 add              x11, x0, x26        x11=00000002 x26:00000002
17068023ns          293119 1c008b46 000b00e7 jalr             x1, x22, 0           x1=1c008b48 x22:1c008a52
17068063ns          293121 1c008a52 000026b7 lui              x13, 0x2000         x13=00002000
17068083ns          293122 1c008a54 f14027f3 csrrs            x15, x0, 0xf14      x15=00000003
17068102ns          293123 1c008a58 f8068693 addi             x13, x13, -128      x13=00001f80 x13:00002000
17068122ns          293124 1c008a5c 00379713 slli             x14, x15, 0x3       x14=00000018 x15:00000003
17068142ns          293125 1c008a60 00279793 slli             x15, x15, 0x2       x15=0000000c x15:00000003
17068162ns          293126 1c008a62 00d7f7b3 and              x15, x15, x13       x15=00000000 x15:0000000c x13:00001f80
17068182ns          293127 1c008a64 ee873733 p.bclr           x14, x14, 23, 8     x14=00000018 x14:00000018
17068202ns          293128 1c008a68 1a10f6b7 lui              x13, 0x1a10f000     x13=1a10f000
17068222ns          293129 1c008a6c 0ff57513 andi             x10, x10, 255       x10=00000072 x10:00000072
17068242ns          293130 1c008a70 00d70733 add              x14, x14, x13       x14=1a10f018 x14:00000018 x13:1a10f000
17068262ns          293131 1c008a72 00a7e723 p.sw             x10, x0(x15)        x10:00000072 x15:00000000  PA:1a10f018
17068600ns          293148 1c008a76 00000513 addi             x10, x0, 0          x10=00000000
17068620ns          293149 1c008a78 00008067 jalr             x0, x1, 0            x1:1c008b48
17068659ns          293151 1c008b48 31f52563 p.beqimm         x10, 778            x10:00000000
17068679ns          293152 1c008b4c 001d8d93 addi             x27, x27, 1         x27=00000002 x27:00000001
17068699ns          293153 1c008b4e 00044503 lbu              x10, 0(x8)          x10=0000002e  x8:1c0000ae  PA:1c0000ae
17068998ns          293168 1c008b52 00140413 addi             x8, x8, 1            x8=1c0000af  x8:1c0000ae
17069017ns          293169 1c008b54 fe0514e3 bne              x10, x0, -24        x10:0000002e
17069077ns          293172 1c008b3c 02500793 addi             x15, x0, 37         x15=00000025
17069097ns          293173 1c008b40 04f50863 beq              x10, x15, 80        x10:0000002e x15:00000025
17069117ns          293174 1c008b44 01a005b3 add              x11, x0, x26        x11=00000002 x26:00000002
17069137ns          293175 1c008b46 000b00e7 jalr             x1, x22, 0           x1=1c008b48 x22:1c008a52
17069177ns          293177 1c008a52 000026b7 lui              x13, 0x2000         x13=00002000
17069196ns          293178 1c008a54 f14027f3 csrrs            x15, x0, 0xf14      x15=00000003
17069216ns          293179 1c008a58 f8068693 addi             x13, x13, -128      x13=00001f80 x13:00002000
17069236ns          293180 1c008a5c 00379713 slli             x14, x15, 0x3       x14=00000018 x15:00000003
17069256ns          293181 1c008a60 00279793 slli             x15, x15, 0x2       x15=0000000c x15:00000003
17069276ns          293182 1c008a62 00d7f7b3 and              x15, x15, x13       x15=00000000 x15:0000000c x13:00001f80
17069296ns          293183 1c008a64 ee873733 p.bclr           x14, x14, 23, 8     x14=00000018 x14:00000018
17069316ns          293184 1c008a68 1a10f6b7 lui              x13, 0x1a10f000     x13=1a10f000
17069336ns          293185 1c008a6c 0ff57513 andi             x10, x10, 255       x10=0000002e x10:0000002e
17069356ns          293186 1c008a70 00d70733 add              x14, x14, x13       x14=1a10f018 x14:00000018 x13:1a10f000
17069375ns          293187 1c008a72 00a7e723 p.sw             x10, x0(x15)        x10:0000002e x15:00000000  PA:1a10f018
17069694ns          293203 1c008a76 00000513 addi             x10, x0, 0          x10=00000000
17069714ns          293204 1c008a78 00008067 jalr             x0, x1, 0            x1:1c008b48
17069753ns          293206 1c008b48 31f52563 p.beqimm         x10, 778            x10:00000000
17069773ns          293207 1c008b4c 001d8d93 addi             x27, x27, 1         x27=00000003 x27:00000002
17069793ns          293208 1c008b4e 00044503 lbu              x10, 0(x8)          x10=00000020  x8:1c0000af  PA:1c0000af
17070092ns          293223 1c008b52 00140413 addi             x8, x8, 1            x8=1c0000b0  x8:1c0000af
17070111ns          293224 1c008b54 fe0514e3 bne              x10, x0, -24        x10:00000020
17070171ns          293227 1c008b3c 02500793 addi             x15, x0, 37         x15=00000025
17070191ns          293228 1c008b40 04f50863 beq              x10, x15, 80        x10:00000020 x15:00000025
17070211ns          293229 1c008b44 01a005b3 add              x11, x0, x26        x11=00000002 x26:00000002
17070231ns          293230 1c008b46 000b00e7 jalr             x1, x22, 0           x1=1c008b48 x22:1c008a52
17070271ns          293232 1c008a52 000026b7 lui              x13, 0x2000         x13=00002000
17070290ns          293233 1c008a54 f14027f3 csrrs            x15, x0, 0xf14      x15=00000003
17070310ns          293234 1c008a58 f8068693 addi             x13, x13, -128      x13=00001f80 x13:00002000
17070330ns          293235 1c008a5c 00379713 slli             x14, x15, 0x3       x14=00000018 x15:00000003
17070350ns          293236 1c008a60 00279793 slli             x15, x15, 0x2       x15=0000000c x15:00000003
17070370ns          293237 1c008a62 00d7f7b3 and              x15, x15, x13       x15=00000000 x15:0000000c x13:00001f80
17070390ns          293238 1c008a64 ee873733 p.bclr           x14, x14, 23, 8     x14=00000018 x14:00000018
17070410ns          293239 1c008a68 1a10f6b7 lui              x13, 0x1a10f000     x13=1a10f000
17070430ns          293240 1c008a6c 0ff57513 andi             x10, x10, 255       x10=00000020 x10:00000020
17070450ns          293241 1c008a70 00d70733 add              x14, x14, x13       x14=1a10f018 x14:00000018 x13:1a10f000
17070469ns          293242 1c008a72 00a7e723 p.sw             x10, x0(x15)        x10:00000020 x15:00000000  PA:1a10f018
17070788ns          293258 1c008a76 00000513 addi             x10, x0, 0          x10=00000000
17070808ns          293259 1c008a78 00008067 jalr             x0, x1, 0            x1:1c008b48
17070847ns          293261 1c008b48 31f52563 p.beqimm         x10, 778            x10:00000000
17070867ns          293262 1c008b4c 001d8d93 addi             x27, x27, 1         x27=00000004 x27:00000003
17070887ns          293263 1c008b4e 00044503 lbu              x10, 0(x8)          x10=0000006f  x8:1c0000b0  PA:1c0000b0
17071186ns          293278 1c008b52 00140413 addi             x8, x8, 1            x8=1c0000b1  x8:1c0000b0
17071205ns          293279 1c008b54 fe0514e3 bne              x10, x0, -24        x10:0000006f
17071265ns          293282 1c008b3c 02500793 addi             x15, x0, 37         x15=00000025
17071285ns          293283 1c008b40 04f50863 beq              x10, x15, 80        x10:0000006f x15:00000025
17071305ns          293284 1c008b44 01a005b3 add              x11, x0, x26        x11=00000002 x26:00000002
17071325ns          293285 1c008b46 000b00e7 jalr             x1, x22, 0           x1=1c008b48 x22:1c008a52
17071365ns          293287 1c008a52 000026b7 lui              x13, 0x2000         x13=00002000
17071384ns          293288 1c008a54 f14027f3 csrrs            x15, x0, 0xf14      x15=00000003
17071404ns          293289 1c008a58 f8068693 addi             x13, x13, -128      x13=00001f80 x13:00002000
17071424ns          293290 1c008a5c 00379713 slli             x14, x15, 0x3       x14=00000018 x15:00000003
17071444ns          293291 1c008a60 00279793 slli             x15, x15, 0x2       x15=0000000c x15:00000003
17071464ns          293292 1c008a62 00d7f7b3 and              x15, x15, x13       x15=00000000 x15:0000000c x13:00001f80
17071484ns          293293 1c008a64 ee873733 p.bclr           x14, x14, 23, 8     x14=00000018 x14:00000018
17071504ns          293294 1c008a68 1a10f6b7 lui              x13, 0x1a10f000     x13=1a10f000
17071524ns          293295 1c008a6c 0ff57513 andi             x10, x10, 255       x10=0000006f x10:0000006f
17071544ns          293296 1c008a70 00d70733 add              x14, x14, x13       x14=1a10f018 x14:00000018 x13:1a10f000
17071563ns          293297 1c008a72 00a7e723 p.sw             x10, x0(x15)        x10:0000006f x15:00000000  PA:1a10f018
17071902ns          293314 1c008a76 00000513 addi             x10, x0, 0          x10=00000000
17071921ns          293315 1c008a78 00008067 jalr             x0, x1, 0            x1:1c008b48
17071961ns          293317 1c008b48 31f52563 p.beqimm         x10, 778            x10:00000000
17071981ns          293318 1c008b4c 001d8d93 addi             x27, x27, 1         x27=00000005 x27:00000004
17072001ns          293319 1c008b4e 00044503 lbu              x10, 0(x8)          x10=00000066  x8:1c0000b1  PA:1c0000b1
17072299ns          293334 1c008b52 00140413 addi             x8, x8, 1            x8=1c0000b2  x8:1c0000b1
17072319ns          293335 1c008b54 fe0514e3 bne              x10, x0, -24        x10:00000066
17072379ns          293338 1c008b3c 02500793 addi             x15, x0, 37         x15=00000025
17072399ns          293339 1c008b40 04f50863 beq              x10, x15, 80        x10:00000066 x15:00000025
17072419ns          293340 1c008b44 01a005b3 add              x11, x0, x26        x11=00000002 x26:00000002
17072439ns          293341 1c008b46 000b00e7 jalr             x1, x22, 0           x1=1c008b48 x22:1c008a52
17072478ns          293343 1c008a52 000026b7 lui              x13, 0x2000         x13=00002000
17072498ns          293344 1c008a54 f14027f3 csrrs            x15, x0, 0xf14      x15=00000003
17072518ns          293345 1c008a58 f8068693 addi             x13, x13, -128      x13=00001f80 x13:00002000
17072538ns          293346 1c008a5c 00379713 slli             x14, x15, 0x3       x14=00000018 x15:00000003
17072558ns          293347 1c008a60 00279793 slli             x15, x15, 0x2       x15=0000000c x15:00000003
17072578ns          293348 1c008a62 00d7f7b3 and              x15, x15, x13       x15=00000000 x15:0000000c x13:00001f80
17072598ns          293349 1c008a64 ee873733 p.bclr           x14, x14, 23, 8     x14=00000018 x14:00000018
17072618ns          293350 1c008a68 1a10f6b7 lui              x13, 0x1a10f000     x13=1a10f000
17072638ns          293351 1c008a6c 0ff57513 andi             x10, x10, 255       x10=00000066 x10:00000066
17072657ns          293352 1c008a70 00d70733 add              x14, x14, x13       x14=1a10f018 x14:00000018 x13:1a10f000
17072677ns          293353 1c008a72 00a7e723 p.sw             x10, x0(x15)        x10:00000066 x15:00000000  PA:1a10f018
17073015ns          293370 1c008a76 00000513 addi             x10, x0, 0          x10=00000000
17073035ns          293371 1c008a78 00008067 jalr             x0, x1, 0            x1:1c008b48
17073075ns          293373 1c008b48 31f52563 p.beqimm         x10, 778            x10:00000000
17073095ns          293374 1c008b4c 001d8d93 addi             x27, x27, 1         x27=00000006 x27:00000005
17073115ns          293375 1c008b4e 00044503 lbu              x10, 0(x8)          x10=00000020  x8:1c0000b2  PA:1c0000b2
17073413ns          293390 1c008b52 00140413 addi             x8, x8, 1            x8=1c0000b3  x8:1c0000b2
17073433ns          293391 1c008b54 fe0514e3 bne              x10, x0, -24        x10:00000020
17073493ns          293394 1c008b3c 02500793 addi             x15, x0, 37         x15=00000025
17073513ns          293395 1c008b40 04f50863 beq              x10, x15, 80        x10:00000020 x15:00000025
17073533ns          293396 1c008b44 01a005b3 add              x11, x0, x26        x11=00000002 x26:00000002
17073553ns          293397 1c008b46 000b00e7 jalr             x1, x22, 0           x1=1c008b48 x22:1c008a52
17073592ns          293399 1c008a52 000026b7 lui              x13, 0x2000         x13=00002000
17073612ns          293400 1c008a54 f14027f3 csrrs            x15, x0, 0xf14      x15=00000003
17073632ns          293401 1c008a58 f8068693 addi             x13, x13, -128      x13=00001f80 x13:00002000
17073652ns          293402 1c008a5c 00379713 slli             x14, x15, 0x3       x14=00000018 x15:00000003
17073672ns          293403 1c008a60 00279793 slli             x15, x15, 0x2       x15=0000000c x15:00000003
17073692ns          293404 1c008a62 00d7f7b3 and              x15, x15, x13       x15=00000000 x15:0000000c x13:00001f80
17073712ns          293405 1c008a64 ee873733 p.bclr           x14, x14, 23, 8     x14=00000018 x14:00000018
17073732ns          293406 1c008a68 1a10f6b7 lui              x13, 0x1a10f000     x13=1a10f000
17073751ns          293407 1c008a6c 0ff57513 andi             x10, x10, 255       x10=00000020 x10:00000020
17073771ns          293408 1c008a70 00d70733 add              x14, x14, x13       x14=1a10f018 x14:00000018 x13:1a10f000
17073791ns          293409 1c008a72 00a7e723 p.sw             x10, x0(x15)        x10:00000020 x15:00000000  PA:1a10f018
17074149ns          293427 1c008a76 00000513 addi             x10, x0, 0          x10=00000000
17074169ns          293428 1c008a78 00008067 jalr             x0, x1, 0            x1:1c008b48
17074209ns          293430 1c008b48 31f52563 p.beqimm         x10, 778            x10:00000000
17074229ns          293431 1c008b4c 001d8d93 addi             x27, x27, 1         x27=00000007 x27:00000006
17074249ns          293432 1c008b4e 00044503 lbu              x10, 0(x8)          x10=00000065  x8:1c0000b3  PA:1c0000b3
17074547ns          293447 1c008b52 00140413 addi             x8, x8, 1            x8=1c0000b4  x8:1c0000b3
17074567ns          293448 1c008b54 fe0514e3 bne              x10, x0, -24        x10:00000065
17074627ns          293451 1c008b3c 02500793 addi             x15, x0, 37         x15=00000025
17074647ns          293452 1c008b40 04f50863 beq              x10, x15, 80        x10:00000065 x15:00000025
17074666ns          293453 1c008b44 01a005b3 add              x11, x0, x26        x11=00000002 x26:00000002
17074686ns          293454 1c008b46 000b00e7 jalr             x1, x22, 0           x1=1c008b48 x22:1c008a52
17074726ns          293456 1c008a52 000026b7 lui              x13, 0x2000         x13=00002000
17074746ns          293457 1c008a54 f14027f3 csrrs            x15, x0, 0xf14      x15=00000003
17074766ns          293458 1c008a58 f8068693 addi             x13, x13, -128      x13=00001f80 x13:00002000
17074786ns          293459 1c008a5c 00379713 slli             x14, x15, 0x3       x14=00000018 x15:00000003
17074806ns          293460 1c008a60 00279793 slli             x15, x15, 0x2       x15=0000000c x15:00000003
17074826ns          293461 1c008a62 00d7f7b3 and              x15, x15, x13       x15=00000000 x15:0000000c x13:00001f80
17074845ns          293462 1c008a64 ee873733 p.bclr           x14, x14, 23, 8     x14=00000018 x14:00000018
17074865ns          293463 1c008a68 1a10f6b7 lui              x13, 0x1a10f000     x13=1a10f000
17074885ns          293464 1c008a6c 0ff57513 andi             x10, x10, 255       x10=00000065 x10:00000065
17074905ns          293465 1c008a70 00d70733 add              x14, x14, x13       x14=1a10f018 x14:00000018 x13:1a10f000
17074925ns          293466 1c008a72 00a7e723 p.sw             x10, x0(x15)        x10:00000065 x15:00000000  PA:1a10f018
17075263ns          293483 1c008a76 00000513 addi             x10, x0, 0          x10=00000000
17075283ns          293484 1c008a78 00008067 jalr             x0, x1, 0            x1:1c008b48
17075323ns          293486 1c008b48 31f52563 p.beqimm         x10, 778            x10:00000000
17075343ns          293487 1c008b4c 001d8d93 addi             x27, x27, 1         x27=00000008 x27:00000007
17075363ns          293488 1c008b4e 00044503 lbu              x10, 0(x8)          x10=00000072  x8:1c0000b4  PA:1c0000b4
17075661ns          293503 1c008b52 00140413 addi             x8, x8, 1            x8=1c0000b5  x8:1c0000b4
17075681ns          293504 1c008b54 fe0514e3 bne              x10, x0, -24        x10:00000072
17075740ns          293507 1c008b3c 02500793 addi             x15, x0, 37         x15=00000025
17075760ns          293508 1c008b40 04f50863 beq              x10, x15, 80        x10:00000072 x15:00000025
17075780ns          293509 1c008b44 01a005b3 add              x11, x0, x26        x11=00000002 x26:00000002
17075800ns          293510 1c008b46 000b00e7 jalr             x1, x22, 0           x1=1c008b48 x22:1c008a52
17075840ns          293512 1c008a52 000026b7 lui              x13, 0x2000         x13=00002000
17075860ns          293513 1c008a54 f14027f3 csrrs            x15, x0, 0xf14      x15=00000003
17075880ns          293514 1c008a58 f8068693 addi             x13, x13, -128      x13=00001f80 x13:00002000
17075900ns          293515 1c008a5c 00379713 slli             x14, x15, 0x3       x14=00000018 x15:00000003
17075920ns          293516 1c008a60 00279793 slli             x15, x15, 0x2       x15=0000000c x15:00000003
17075939ns          293517 1c008a62 00d7f7b3 and              x15, x15, x13       x15=00000000 x15:0000000c x13:00001f80
17075959ns          293518 1c008a64 ee873733 p.bclr           x14, x14, 23, 8     x14=00000018 x14:00000018
17075979ns          293519 1c008a68 1a10f6b7 lui              x13, 0x1a10f000     x13=1a10f000
17075999ns          293520 1c008a6c 0ff57513 andi             x10, x10, 255       x10=00000072 x10:00000072
17076019ns          293521 1c008a70 00d70733 add              x14, x14, x13       x14=1a10f018 x14:00000018 x13:1a10f000
17076039ns          293522 1c008a72 00a7e723 p.sw             x10, x0(x15)        x10:00000072 x15:00000000  PA:1a10f018
17076357ns          293538 1c008a76 00000513 addi             x10, x0, 0          x10=00000000
17076377ns          293539 1c008a78 00008067 jalr             x0, x1, 0            x1:1c008b48
17076417ns          293541 1c008b48 31f52563 p.beqimm         x10, 778            x10:00000000
17076437ns          293542 1c008b4c 001d8d93 addi             x27, x27, 1         x27=00000009 x27:00000008
17076457ns          293543 1c008b4e 00044503 lbu              x10, 0(x8)          x10=00000072  x8:1c0000b5  PA:1c0000b5
17076755ns          293558 1c008b52 00140413 addi             x8, x8, 1            x8=1c0000b6  x8:1c0000b5
17076775ns          293559 1c008b54 fe0514e3 bne              x10, x0, -24        x10:00000072
17076834ns          293562 1c008b3c 02500793 addi             x15, x0, 37         x15=00000025
17076854ns          293563 1c008b40 04f50863 beq              x10, x15, 80        x10:00000072 x15:00000025
17076874ns          293564 1c008b44 01a005b3 add              x11, x0, x26        x11=00000002 x26:00000002
17076894ns          293565 1c008b46 000b00e7 jalr             x1, x22, 0           x1=1c008b48 x22:1c008a52
17076934ns          293567 1c008a52 000026b7 lui              x13, 0x2000         x13=00002000
17076954ns          293568 1c008a54 f14027f3 csrrs            x15, x0, 0xf14      x15=00000003
17076974ns          293569 1c008a58 f8068693 addi             x13, x13, -128      x13=00001f80 x13:00002000
17076994ns          293570 1c008a5c 00379713 slli             x14, x15, 0x3       x14=00000018 x15:00000003
17077014ns          293571 1c008a60 00279793 slli             x15, x15, 0x2       x15=0000000c x15:00000003
17077033ns          293572 1c008a62 00d7f7b3 and              x15, x15, x13       x15=00000000 x15:0000000c x13:00001f80
17077053ns          293573 1c008a64 ee873733 p.bclr           x14, x14, 23, 8     x14=00000018 x14:00000018
17077073ns          293574 1c008a68 1a10f6b7 lui              x13, 0x1a10f000     x13=1a10f000
17077093ns          293575 1c008a6c 0ff57513 andi             x10, x10, 255       x10=00000072 x10:00000072
17077113ns          293576 1c008a70 00d70733 add              x14, x14, x13       x14=1a10f018 x14:00000018 x13:1a10f000
17077133ns          293577 1c008a72 00a7e723 p.sw             x10, x0(x15)        x10:00000072 x15:00000000  PA:1a10f018
17077451ns          293593 1c008a76 00000513 addi             x10, x0, 0          x10=00000000
17077471ns          293594 1c008a78 00008067 jalr             x0, x1, 0            x1:1c008b48
17077511ns          293596 1c008b48 31f52563 p.beqimm         x10, 778            x10:00000000
17077531ns          293597 1c008b4c 001d8d93 addi             x27, x27, 1         x27=0000000a x27:00000009
17077551ns          293598 1c008b4e 00044503 lbu              x10, 0(x8)          x10=0000006f  x8:1c0000b6  PA:1c0000b6
17077849ns          293613 1c008b52 00140413 addi             x8, x8, 1            x8=1c0000b7  x8:1c0000b6
17077869ns          293614 1c008b54 fe0514e3 bne              x10, x0, -24        x10:0000006f
17077928ns          293617 1c008b3c 02500793 addi             x15, x0, 37         x15=00000025
17077948ns          293618 1c008b40 04f50863 beq              x10, x15, 80        x10:0000006f x15:00000025
17077968ns          293619 1c008b44 01a005b3 add              x11, x0, x26        x11=00000002 x26:00000002
17077988ns          293620 1c008b46 000b00e7 jalr             x1, x22, 0           x1=1c008b48 x22:1c008a52
17078028ns          293622 1c008a52 000026b7 lui              x13, 0x2000         x13=00002000
17078048ns          293623 1c008a54 f14027f3 csrrs            x15, x0, 0xf14      x15=00000003
17078068ns          293624 1c008a58 f8068693 addi             x13, x13, -128      x13=00001f80 x13:00002000
17078088ns          293625 1c008a5c 00379713 slli             x14, x15, 0x3       x14=00000018 x15:00000003
17078107ns          293626 1c008a60 00279793 slli             x15, x15, 0x2       x15=0000000c x15:00000003
17078127ns          293627 1c008a62 00d7f7b3 and              x15, x15, x13       x15=00000000 x15:0000000c x13:00001f80
17078147ns          293628 1c008a64 ee873733 p.bclr           x14, x14, 23, 8     x14=00000018 x14:00000018
17078167ns          293629 1c008a68 1a10f6b7 lui              x13, 0x1a10f000     x13=1a10f000
17078187ns          293630 1c008a6c 0ff57513 andi             x10, x10, 255       x10=0000006f x10:0000006f
17078207ns          293631 1c008a70 00d70733 add              x14, x14, x13       x14=1a10f018 x14:00000018 x13:1a10f000
17078227ns          293632 1c008a72 00a7e723 p.sw             x10, x0(x15)        x10:0000006f x15:00000000  PA:1a10f018
17078545ns          293648 1c008a76 00000513 addi             x10, x0, 0          x10=00000000
17078565ns          293649 1c008a78 00008067 jalr             x0, x1, 0            x1:1c008b48
17078605ns          293651 1c008b48 31f52563 p.beqimm         x10, 778            x10:00000000
17078625ns          293652 1c008b4c 001d8d93 addi             x27, x27, 1         x27=0000000b x27:0000000a
17078645ns          293653 1c008b4e 00044503 lbu              x10, 0(x8)          x10=00000072  x8:1c0000b7  PA:1c0000b7
17078943ns          293668 1c008b52 00140413 addi             x8, x8, 1            x8=1c0000b8  x8:1c0000b7
17078963ns          293669 1c008b54 fe0514e3 bne              x10, x0, -24        x10:00000072
17079022ns          293672 1c008b3c 02500793 addi             x15, x0, 37         x15=00000025
17079042ns          293673 1c008b40 04f50863 beq              x10, x15, 80        x10:00000072 x15:00000025
17079062ns          293674 1c008b44 01a005b3 add              x11, x0, x26        x11=00000002 x26:00000002
17079082ns          293675 1c008b46 000b00e7 jalr             x1, x22, 0           x1=1c008b48 x22:1c008a52
17079122ns          293677 1c008a52 000026b7 lui              x13, 0x2000         x13=00002000
17079142ns          293678 1c008a54 f14027f3 csrrs            x15, x0, 0xf14      x15=00000003
17079162ns          293679 1c008a58 f8068693 addi             x13, x13, -128      x13=00001f80 x13:00002000
17079182ns          293680 1c008a5c 00379713 slli             x14, x15, 0x3       x14=00000018 x15:00000003
17079201ns          293681 1c008a60 00279793 slli             x15, x15, 0x2       x15=0000000c x15:00000003
17079221ns          293682 1c008a62 00d7f7b3 and              x15, x15, x13       x15=00000000 x15:0000000c x13:00001f80
17079241ns          293683 1c008a64 ee873733 p.bclr           x14, x14, 23, 8     x14=00000018 x14:00000018
17079261ns          293684 1c008a68 1a10f6b7 lui              x13, 0x1a10f000     x13=1a10f000
17079281ns          293685 1c008a6c 0ff57513 andi             x10, x10, 255       x10=00000072 x10:00000072
17079301ns          293686 1c008a70 00d70733 add              x14, x14, x13       x14=1a10f018 x14:00000018 x13:1a10f000
17079321ns          293687 1c008a72 00a7e723 p.sw             x10, x0(x15)        x10:00000072 x15:00000000  PA:1a10f018
17079639ns          293703 1c008a76 00000513 addi             x10, x0, 0          x10=00000000
17079659ns          293704 1c008a78 00008067 jalr             x0, x1, 0            x1:1c008b48
17079699ns          293706 1c008b48 31f52563 p.beqimm         x10, 778            x10:00000000
17079719ns          293707 1c008b4c 001d8d93 addi             x27, x27, 1         x27=0000000c x27:0000000b
17079739ns          293708 1c008b4e 00044503 lbu              x10, 0(x8)          x10=00000073  x8:1c0000b8  PA:1c0000b8
17080037ns          293723 1c008b52 00140413 addi             x8, x8, 1            x8=1c0000b9  x8:1c0000b8
17080057ns          293724 1c008b54 fe0514e3 bne              x10, x0, -24        x10:00000073
17080116ns          293727 1c008b3c 02500793 addi             x15, x0, 37         x15=00000025
17080136ns          293728 1c008b40 04f50863 beq              x10, x15, 80        x10:00000073 x15:00000025
17080156ns          293729 1c008b44 01a005b3 add              x11, x0, x26        x11=00000002 x26:00000002
17080176ns          293730 1c008b46 000b00e7 jalr             x1, x22, 0           x1=1c008b48 x22:1c008a52
17080216ns          293732 1c008a52 000026b7 lui              x13, 0x2000         x13=00002000
17080236ns          293733 1c008a54 f14027f3 csrrs            x15, x0, 0xf14      x15=00000003
17080256ns          293734 1c008a58 f8068693 addi             x13, x13, -128      x13=00001f80 x13:00002000
17080276ns          293735 1c008a5c 00379713 slli             x14, x15, 0x3       x14=00000018 x15:00000003
17080295ns          293736 1c008a60 00279793 slli             x15, x15, 0x2       x15=0000000c x15:00000003
17080315ns          293737 1c008a62 00d7f7b3 and              x15, x15, x13       x15=00000000 x15:0000000c x13:00001f80
17080335ns          293738 1c008a64 ee873733 p.bclr           x14, x14, 23, 8     x14=00000018 x14:00000018
17080355ns          293739 1c008a68 1a10f6b7 lui              x13, 0x1a10f000     x13=1a10f000
17080375ns          293740 1c008a6c 0ff57513 andi             x10, x10, 255       x10=00000073 x10:00000073
17080395ns          293741 1c008a70 00d70733 add              x14, x14, x13       x14=1a10f018 x14:00000018 x13:1a10f000
17080415ns          293742 1c008a72 00a7e723 p.sw             x10, x0(x15)        x10:00000073 x15:00000000  PA:1a10f018
17080753ns          293759 1c008a76 00000513 addi             x10, x0, 0          x10=00000000
17080773ns          293760 1c008a78 00008067 jalr             x0, x1, 0            x1:1c008b48
17080813ns          293762 1c008b48 31f52563 p.beqimm         x10, 778            x10:00000000
17080833ns          293763 1c008b4c 001d8d93 addi             x27, x27, 1         x27=0000000d x27:0000000c
17080852ns          293764 1c008b4e 00044503 lbu              x10, 0(x8)          x10=0000003a  x8:1c0000b9  PA:1c0000b9
17081151ns          293779 1c008b52 00140413 addi             x8, x8, 1            x8=1c0000ba  x8:1c0000b9
17081171ns          293780 1c008b54 fe0514e3 bne              x10, x0, -24        x10:0000003a
17081230ns          293783 1c008b3c 02500793 addi             x15, x0, 37         x15=00000025
17081250ns          293784 1c008b40 04f50863 beq              x10, x15, 80        x10:0000003a x15:00000025
17081270ns          293785 1c008b44 01a005b3 add              x11, x0, x26        x11=00000002 x26:00000002
17081290ns          293786 1c008b46 000b00e7 jalr             x1, x22, 0           x1=1c008b48 x22:1c008a52
17081330ns          293788 1c008a52 000026b7 lui              x13, 0x2000         x13=00002000
17081350ns          293789 1c008a54 f14027f3 csrrs            x15, x0, 0xf14      x15=00000003
17081370ns          293790 1c008a58 f8068693 addi             x13, x13, -128      x13=00001f80 x13:00002000
17081389ns          293791 1c008a5c 00379713 slli             x14, x15, 0x3       x14=00000018 x15:00000003
17081409ns          293792 1c008a60 00279793 slli             x15, x15, 0x2       x15=0000000c x15:00000003
17081429ns          293793 1c008a62 00d7f7b3 and              x15, x15, x13       x15=00000000 x15:0000000c x13:00001f80
17081449ns          293794 1c008a64 ee873733 p.bclr           x14, x14, 23, 8     x14=00000018 x14:00000018
17081469ns          293795 1c008a68 1a10f6b7 lui              x13, 0x1a10f000     x13=1a10f000
17081489ns          293796 1c008a6c 0ff57513 andi             x10, x10, 255       x10=0000003a x10:0000003a
17081509ns          293797 1c008a70 00d70733 add              x14, x14, x13       x14=1a10f018 x14:00000018 x13:1a10f000
17081529ns          293798 1c008a72 00a7e723 p.sw             x10, x0(x15)        x10:0000003a x15:00000000  PA:1a10f018
17081847ns          293814 1c008a76 00000513 addi             x10, x0, 0          x10=00000000
17081867ns          293815 1c008a78 00008067 jalr             x0, x1, 0            x1:1c008b48
17081907ns          293817 1c008b48 31f52563 p.beqimm         x10, 778            x10:00000000
17081927ns          293818 1c008b4c 001d8d93 addi             x27, x27, 1         x27=0000000e x27:0000000d
17081946ns          293819 1c008b4e 00044503 lbu              x10, 0(x8)          x10=00000020  x8:1c0000ba  PA:1c0000ba
17082245ns          293834 1c008b52 00140413 addi             x8, x8, 1            x8=1c0000bb  x8:1c0000ba
17082265ns          293835 1c008b54 fe0514e3 bne              x10, x0, -24        x10:00000020
17082324ns          293838 1c008b3c 02500793 addi             x15, x0, 37         x15=00000025
17082344ns          293839 1c008b40 04f50863 beq              x10, x15, 80        x10:00000020 x15:00000025
17082364ns          293840 1c008b44 01a005b3 add              x11, x0, x26        x11=00000002 x26:00000002
17082384ns          293841 1c008b46 000b00e7 jalr             x1, x22, 0           x1=1c008b48 x22:1c008a52
17082424ns          293843 1c008a52 000026b7 lui              x13, 0x2000         x13=00002000
17082444ns          293844 1c008a54 f14027f3 csrrs            x15, x0, 0xf14      x15=00000003
17082464ns          293845 1c008a58 f8068693 addi             x13, x13, -128      x13=00001f80 x13:00002000
17082483ns          293846 1c008a5c 00379713 slli             x14, x15, 0x3       x14=00000018 x15:00000003
17082503ns          293847 1c008a60 00279793 slli             x15, x15, 0x2       x15=0000000c x15:00000003
17082523ns          293848 1c008a62 00d7f7b3 and              x15, x15, x13       x15=00000000 x15:0000000c x13:00001f80
17082543ns          293849 1c008a64 ee873733 p.bclr           x14, x14, 23, 8     x14=00000018 x14:00000018
17082563ns          293850 1c008a68 1a10f6b7 lui              x13, 0x1a10f000     x13=1a10f000
17082583ns          293851 1c008a6c 0ff57513 andi             x10, x10, 255       x10=00000020 x10:00000020
17082603ns          293852 1c008a70 00d70733 add              x14, x14, x13       x14=1a10f018 x14:00000018 x13:1a10f000
17082623ns          293853 1c008a72 00a7e723 p.sw             x10, x0(x15)        x10:00000020 x15:00000000  PA:1a10f018
17082941ns          293869 1c008a76 00000513 addi             x10, x0, 0          x10=00000000
17082961ns          293870 1c008a78 00008067 jalr             x0, x1, 0            x1:1c008b48
17083001ns          293872 1c008b48 31f52563 p.beqimm         x10, 778            x10:00000000
17083021ns          293873 1c008b4c 001d8d93 addi             x27, x27, 1         x27=0000000f x27:0000000e
17083040ns          293874 1c008b4e 00044503 lbu              x10, 0(x8)          x10=00000025  x8:1c0000bb  PA:1c0000bb
17083359ns          293890 1c008b52 00140413 addi             x8, x8, 1            x8=1c0000bc  x8:1c0000bb
17083379ns          293891 1c008b54 fe0514e3 bne              x10, x0, -24        x10:00000025
17083438ns          293894 1c008b3c 02500793 addi             x15, x0, 37         x15=00000025
17083458ns          293895 1c008b40 04f50863 beq              x10, x15, 80        x10:00000025 x15:00000025
17083518ns          293898 1c008b90 00044483 lbu              x9, 0(x8)            x9=00000064  x8:1c0000bc  PA:1c0000bc
17083816ns          293913 1c008b94 02000693 addi             x13, x0, 32         x13=00000020
17083836ns          293914 1c008b98 00140a93 addi             x21, x8, 1          x21=1c0000bd  x8:1c0000bc
17083856ns          293915 1c008b9c 009005b3 add              x11, x0, x9         x11=00000064  x9:00000064
17083876ns          293916 1c008b9e 05cb8513 addi             x10, x23, 92        x10=1c00005c x23:1c000000
17083896ns          293917 1c008ba2 00d12823 sw               x13, 16(x2)         x13:00000020  x2:10002a28  PA:10002a38
17083916ns          293918 1c008ba4 00012c23 sw               x0, 24(x2)           x2:10002a28  PA:10002a40
17083935ns          293919 1c008ba6 00012a23 sw               x0, 20(x2)           x2:10002a28  PA:10002a3c
17083955ns          293920 1c008ba8 00012e23 sw               x0, 28(x2)           x2:10002a28  PA:10002a44
17083975ns          293921 1c008baa 00012623 sw               x0, 12(x2)           x2:10002a28  PA:10002a34
17083995ns          293922 1c008bac 02300913 addi             x18, x0, 35         x18=00000023
17084015ns          293923 1c008bb0 02d00a13 addi             x20, x0, 45         x20=0000002d
17084035ns          293924 1c008bb4 015009b3 add              x19, x0, x21        x19=1c0000bd x21:1c0000bd
17084055ns          293925 1c008bb6 e1dff0ef jal              x1, -484             x1=1c008bb8
17084115ns          293928 1c0089d2 00054783 lbu              x15, 0(x10)         x15=0000002d x10:1c00005c  PA:1c00005c
17084413ns          293943 1c0089d6 0ff5f593 andi             x11, x11, 255       x11=00000064 x11:00000064
17084433ns          293944 1c0089da 00b78c63 beq              x15, x11, 24        x15:0000002d x11:00000064
17084453ns          293945 1c0089de 00078b63 beq              x15, x0, 22         x15:0000002d
17084473ns          293946 1c0089e0 00150793 addi             x15, x10, 1         x15=1c00005d x10:1c00005c
17084492ns          293947 1c0089e4 0040006f jal              x0, 4              
17084532ns          293949 1c0089e8 00f00533 add              x10, x0, x15        x10=1c00005d x15:1c00005d
17084552ns          293950 1c0089ea 0017c70b p.lbu            x14, 1(x15!)        x14=0000002b x15=1c00005e x15:1c00005d  PA:1c00005d
17084870ns          293966 1c0089ee feb71ce3 bne              x14, x11, -8        x14:0000002b x11:00000064
17084930ns          293969 1c0089e6 00070763 beq              x14, x0, 14         x14:0000002b
17084950ns          293970 1c0089e8 00f00533 add              x10, x0, x15        x10=1c00005e x15:1c00005e
17084970ns          293971 1c0089ea 0017c70b p.lbu            x14, 1(x15!)        x14=00000020 x15=1c00005f x15:1c00005e  PA:1c00005e
17085288ns          293987 1c0089ee feb71ce3 bne              x14, x11, -8        x14:00000020 x11:00000064
17085348ns          293990 1c0089e6 00070763 beq              x14, x0, 14         x14:00000020
17085368ns          293991 1c0089e8 00f00533 add              x10, x0, x15        x10=1c00005f x15:1c00005f
17085388ns          293992 1c0089ea 0017c70b p.lbu            x14, 1(x15!)        x14=00000023 x15=1c000060 x15:1c00005f  PA:1c00005f
17085706ns          294008 1c0089ee feb71ce3 bne              x14, x11, -8        x14:00000023 x11:00000064
17085765ns          294011 1c0089e6 00070763 beq              x14, x0, 14         x14:00000023
17085785ns          294012 1c0089e8 00f00533 add              x10, x0, x15        x10=1c000060 x15:1c000060
17085805ns          294013 1c0089ea 0017c70b p.lbu            x14, 1(x15!)        x14=00000030 x15=1c000061 x15:1c000060  PA:1c000060
17086123ns          294029 1c0089ee feb71ce3 bne              x14, x11, -8        x14:00000030 x11:00000064
17086183ns          294032 1c0089e6 00070763 beq              x14, x0, 14         x14:00000030
17086203ns          294033 1c0089e8 00f00533 add              x10, x0, x15        x10=1c000061 x15:1c000061
17086223ns          294034 1c0089ea 0017c70b p.lbu            x14, 1(x15!)        x14=00000000 x15=1c000062 x15:1c000061  PA:1c000061
17086541ns          294050 1c0089ee feb71ce3 bne              x14, x11, -8        x14:00000000 x11:00000064
17086601ns          294053 1c0089e6 00070763 beq              x14, x0, 14         x14:00000000
17086661ns          294056 1c0089f4 0015b593 sltiu            x11, x11, 1         x11=00000000 x11:00000064
17086680ns          294057 1c0089f8 40b005b3 sub              x11, x0, x11        x11=00000000 x11:00000000
17086700ns          294058 1c0089fc 00b57533 and              x10, x10, x11       x10=00000000 x10:1c000061 x11:00000000
17086720ns          294059 1c0089fe 00008067 jalr             x0, x1, 0            x1:1c008bb8
17086800ns          294063 1c008bb8 02050a63 beq              x10, x0, 52         x10:00000000
17086959ns          294071 1c008bec 02a00613 addi             x12, x0, 42         x12=0000002a
17087038ns          294075 1c008bf0 2ac48663 beq              x9, x12, 684         x9:00000064 x12:0000002a
17087078ns          294077 1c008bf4 fd048613 addi             x12, x9, -48        x12=00000034  x9:00000064
17087098ns          294078 1c008bf8 00900593 addi             x11, x0, 9          x11=00000009
17087118ns          294079 1c008bfa 00000913 addi             x18, x0, 0          x18=00000000
17087138ns          294080 1c008bfc 28c5f063 bgeu             x11, x12, 640       x11:00000009 x12:00000034
17087178ns          294082 1c008c00 02e00693 addi             x13, x0, 46         x13=0000002e
17087217ns          294084 1c008c04 fff00a13 addi             x20, x0, -1         x20=ffffffff
17087237ns          294085 1c008c06 2ed48363 beq              x9, x13, 742         x9:00000064 x13:0000002e
17087257ns          294086 1c008c0a 1c0007b7 lui              x15, 0x1c000000     x15=1c000000
17087277ns          294087 1c008c0e 009005b3 add              x11, x0, x9         x11=00000064  x9:00000064
17087317ns          294089 1c008c10 06478513 addi             x10, x15, 100       x10=1c000064 x15:1c000000
17087357ns          294091 1c008c14 dbfff0ef jal              x1, -578             x1=1c008c16
17087416ns          294094 1c0089d2 00054783 lbu              x15, 0(x10)         x15=00000068 x10:1c000064  PA:1c000064
17087715ns          294109 1c0089d6 0ff5f593 andi             x11, x11, 255       x11=00000064 x11:00000064
17087735ns          294110 1c0089da 00b78c63 beq              x15, x11, 24        x15:00000068 x11:00000064
17087755ns          294111 1c0089de 00078b63 beq              x15, x0, 22         x15:00000068
17087774ns          294112 1c0089e0 00150793 addi             x15, x10, 1         x15=1c000065 x10:1c000064
17087794ns          294113 1c0089e4 0040006f jal              x0, 4              
17087834ns          294115 1c0089e8 00f00533 add              x10, x0, x15        x10=1c000065 x15:1c000065
17087854ns          294116 1c0089ea 0017c70b p.lbu            x14, 1(x15!)        x14=0000006c x15=1c000066 x15:1c000065  PA:1c000065
17088172ns          294132 1c0089ee feb71ce3 bne              x14, x11, -8        x14:0000006c x11:00000064
17088232ns          294135 1c0089e6 00070763 beq              x14, x0, 14         x14:0000006c
17088252ns          294136 1c0089e8 00f00533 add              x10, x0, x15        x10=1c000066 x15:1c000066
17088272ns          294137 1c0089ea 0017c70b p.lbu            x14, 1(x15!)        x14=0000004c x15=1c000067 x15:1c000066  PA:1c000066
17088610ns          294154 1c0089ee feb71ce3 bne              x14, x11, -8        x14:0000004c x11:00000064
17088669ns          294157 1c0089e6 00070763 beq              x14, x0, 14         x14:0000004c
17088689ns          294158 1c0089e8 00f00533 add              x10, x0, x15        x10=1c000067 x15:1c000067
17088709ns          294159 1c0089ea 0017c70b p.lbu            x14, 1(x15!)        x14=0000007a x15=1c000068 x15:1c000067  PA:1c000067
17089028ns          294175 1c0089ee feb71ce3 bne              x14, x11, -8        x14:0000007a x11:00000064
17089087ns          294178 1c0089e6 00070763 beq              x14, x0, 14         x14:0000007a
17089107ns          294179 1c0089e8 00f00533 add              x10, x0, x15        x10=1c000068 x15:1c000068
17089127ns          294180 1c0089ea 0017c70b p.lbu            x14, 1(x15!)        x14=00000000 x15=1c000069 x15:1c000068  PA:1c000068
17089445ns          294196 1c0089ee feb71ce3 bne              x14, x11, -8        x14:00000000 x11:00000064
17089505ns          294199 1c0089e6 00070763 beq              x14, x0, 14         x14:00000000
17089565ns          294202 1c0089f4 0015b593 sltiu            x11, x11, 1         x11=00000000 x11:00000064
17089584ns          294203 1c0089f8 40b005b3 sub              x11, x0, x11        x11=00000000 x11:00000000
17089604ns          294204 1c0089fc 00b57533 and              x10, x10, x11       x10=00000000 x10:1c000068 x11:00000000
17089624ns          294205 1c0089fe 00008067 jalr             x0, x1, 0            x1:1c008c16
17089664ns          294207 1c008c16 01300433 add              x8, x0, x19          x8=1c0000bd x19:1c0000bd
17089684ns          294208 1c008c18 00050563 beq              x10, x0, 10         x10:00000000
17089763ns          294212 1c008c22 06700693 addi             x13, x0, 103        x13=00000067
17089783ns          294213 1c008c26 2896d963 bge              x13, x9, 658        x13:00000067  x9:00000064
17090261ns          294237 1c008eb8 06500693 addi             x13, x0, 101        x13=00000065
17090301ns          294239 1c008ebc 12d4d563 bge              x9, x13, 298         x9:00000064 x13:00000065
17090678ns          294258 1c008ec0 04700693 addi             x13, x0, 71         x13=00000047
17090718ns          294260 1c008ec4 dc96cbe3 blt              x13, x9, -554       x13:00000047  x9:00000064
17091235ns          294286 1c008c9a 06300693 addi             x13, x0, 99         x13=00000063
17091653ns          294307 1c008c9e 0ad488e3 beq              x9, x13, 2224        x9:00000064 x13:00000063
17091693ns          294309 1c008ca2 0096c9e3 blt              x13, x9, 2066       x13:00000063  x9:00000064
17092190ns          294334 1c0094b4 000c2583 lw               x11, 0(x24)         x11=00000000 x24:10002b7c  PA:10002b7c
17092250ns          294337 1c0094b8 004c0c13 addi             x24, x24, 4         x24=10002b80 x24:10002b7c
17092270ns          294338 1c0094ba 3405cc63 blt              x11, x0, 856        x11:00000000
17092290ns          294339 1c0094be 01412603 lw               x12, 20(x2)         x12=00000000  x2:10002a28  PA:10002a3c
17092707ns          294360 1c0094c0 00b006b3 add              x13, x0, x11        x13=00000000 x11:00000000
17092747ns          294362 1c0094c2 2e061863 bne              x12, x0, 752        x12:00000000
17092767ns          294363 1c0094c6 01812703 lw               x14, 24(x2)         x14=00000000  x2:10002a28  PA:10002a40
17092787ns          294364 1c0094c8 019007b3 add              x15, x0, x25        x15=10002a4c x25:10002a4c
17092807ns          294365 1c0094ca 00070763 beq              x14, x0, 14         x14:00000000
17093264ns          294388 1c0094d8 00f00733 add              x14, x0, x15        x14=10002a4c x15:10002a4c
17093284ns          294389 1c0094da 00a00513 addi             x10, x0, 10         x10=0000000a
17093304ns          294390 1c0094dc 02a6f633 remu             x12, x13, x10       x12=00000000 x13:00000000 x10:0000000a
17093941ns          294422 1c0094e0 02a6d6b3 divu             x13, x13, x10       x13=00000000 x13:00000000 x10:0000000a
17094557ns          294453 1c0094e4 03060613 addi             x12, x12, 48        x12=00000030 x12:00000000
17094577ns          294454 1c0094e8 00c700ab p.sb             x12, 1(x14!)        x14=10002a4d x12:00000030 x14:10002a4c  PA:10002a4c
17094597ns          294455 1c0094ec fe0698e3 bne              x13, x0, -16        x13:00000000
17094617ns          294456 1c0094ee 40f706b3 sub              x13, x14, x15       x13=00000001 x14:10002a4d x15:10002a4c
17094637ns          294457 1c0094f2 0146dc63 bge              x13, x20, 24        x13:00000001 x20:ffffffff
17095114ns          294481 1c00950a 00e006b3 add              x13, x0, x14        x13=10002a4d x14:10002a4d
17095154ns          294483 1c00950c fe068fab p.sb             x0, -1(x13!)        x13=10002a4c x13:10002a4d  PA:10002a4d
17095591ns          294505 1c009510 00d7fc63 bgeu             x15, x13, 24        x15:10002a4c x13:10002a4c
17096049ns          294528 1c009528 01412783 lw               x15, 20(x2)         x15=00000000  x2:10002a28  PA:10002a3c
17096069ns          294529 1c00952a 01812603 lw               x12, 24(x2)         x12=00000000  x2:10002a28  PA:10002a40
17096089ns          294530 1c00952c 419704b3 sub              x9, x14, x25         x9=00000001 x14:10002a4d x25:10002a4c
17096546ns          294553 1c009530 00c7e7b3 or               x15, x15, x12       x15=00000000 x15:00000000 x12:00000000
17096566ns          294554 1c009532 00f12623 sw               x15, 12(x2)         x15:00000000  x2:10002a28  PA:10002a34
17096586ns          294555 1c009534 00079363 bne              x15, x0, 6          x15:00000000
17096606ns          294556 1c009536 01f5d593 srli             x11, x11, 0x1f      x11=00000000 x11:00000000
17096626ns          294557 1c009538 00b12623 sw               x11, 12(x2)         x11:00000000  x2:10002a28  PA:10002a34
17096646ns          294558 1c00953a e3fa28e3 p.beqimm         x20, -464           x20:ffffffff
17097541ns          294603 1c00936a 0c800793 addi             x15, x0, 200        x15=000000c8
17098018ns          294627 1c00936e 9e97d0e3 bge              x15, x9, -1568      x15:000000c8  x9:00000001
17098953ns          294674 1c008d4e 0f24d163 bge              x9, x18, 226         x9:00000001 x18:00000000
17099052ns          294679 1c008e30 d00482e3 beq              x9, x0, -764         x9:00000001
17099092ns          294681 1c008e34 01900933 add              x18, x0, x25        x18=10002a4c x25:10002a4c
17099112ns          294682 1c008e36 419d8db3 sub              x27, x27, x25       x27=efffd5c3 x27:0000000f x25:10002a4c
17099132ns          294683 1c008e3a 00a0006f jal              x0, 10             
17099231ns          294688 1c008e44 0019450b p.lbu            x10, 1(x18!)        x10=00000030 x18=10002a4d x18:10002a4c  PA:10002a4c
17099251ns          294689 1c008e48 01a005b3 add              x11, x0, x26        x11=00000002 x26:00000002
17099271ns          294690 1c008e4a 000b00e7 jalr             x1, x22, 0           x1=1c008e4c x22:1c008a52
17099410ns          294697 1c008a52 000026b7 lui              x13, 0x2000         x13=00002000
17099450ns          294699 1c008a54 f14027f3 csrrs            x15, x0, 0xf14      x15=00000003
17099470ns          294700 1c008a58 f8068693 addi             x13, x13, -128      x13=00001f80 x13:00002000
17099490ns          294701 1c008a5c 00379713 slli             x14, x15, 0x3       x14=00000018 x15:00000003
17099550ns          294704 1c008a60 00279793 slli             x15, x15, 0x2       x15=0000000c x15:00000003
17099570ns          294705 1c008a62 00d7f7b3 and              x15, x15, x13       x15=00000000 x15:0000000c x13:00001f80
17099590ns          294706 1c008a64 ee873733 p.bclr           x14, x14, 23, 8     x14=00000018 x14:00000018
17099609ns          294707 1c008a68 1a10f6b7 lui              x13, 0x1a10f000     x13=1a10f000
17099629ns          294708 1c008a6c 0ff57513 andi             x10, x10, 255       x10=00000030 x10:00000030
17099689ns          294711 1c008a70 00d70733 add              x14, x14, x13       x14=1a10f018 x14:00000018 x13:1a10f000
17099729ns          294713 1c008a72 00a7e723 p.sw             x10, x0(x15)        x10:00000030 x15:00000000  PA:1a10f018
17100146ns          294734 1c008a76 00000513 addi             x10, x0, 0          x10=00000000
17100166ns          294735 1c008a78 00008067 jalr             x0, x1, 0            x1:1c008e4c
17100206ns          294737 1c008e4c fff48493 addi             x9, x9, -1           x9=00000000  x9:00000001
17100226ns          294738 1c008e4e fff537e3 p.bneimm         x10, -18            x10:00000000
17100286ns          294741 1c008e3c 012d8733 add              x14, x27, x18       x14=00000010 x27:efffd5c3 x18:10002a4d
17100306ns          294742 1c008e40 5a048b63 beq              x9, x0, 1462         x9:00000000
17100405ns          294747 1c0093f6 00e00db3 add              x27, x0, x14        x27=00000010 x14:00000010
17100445ns          294749 1c0093f8 f3cff06f jal              x0, -2244          
17100524ns          294753 1c008b34 00044503 lbu              x10, 0(x8)          x10=00000000  x8:1c0000bd  PA:1c0000bd
17100843ns          294769 1c008b38 00140413 addi             x8, x8, 1            x8=1c0000be  x8:1c0000bd
17100863ns          294770 1c008b3a 00050e63 beq              x10, x0, 28         x10:00000000
17100962ns          294775 1c008b56 01b00433 add              x8, x0, x27          x8=00000010 x27:00000010
17101002ns          294777 1c008b58 00800533 add              x10, x0, x8         x10=00000010  x8:00000010
17101022ns          294778 1c008b5a 12c12083 lw               x1, 300(x2)          x1=1c008ae6  x2:10002a28  PA:10002b54
17101042ns          294779 1c008b5e 12812403 lw               x8, 296(x2)          x8=1c00110c  x2:10002a28  PA:10002b50
17101061ns          294780 1c008b62 12412483 lw               x9, 292(x2)          x9=00000000  x2:10002a28  PA:10002b4c
17101081ns          294781 1c008b66 12012903 lw               x18, 288(x2)        x18=1a10b004  x2:10002a28  PA:10002b48
17101101ns          294782 1c008b6a 11c12983 lw               x19, 284(x2)        x19=00000003  x2:10002a28  PA:10002b44
17101121ns          294783 1c008b6e 11812a03 lw               x20, 280(x2)        x20=1c001110  x2:10002a28  PA:10002b40
17101141ns          294784 1c008b72 11412a83 lw               x21, 276(x2)        x21=1c00a000  x2:10002a28  PA:10002b3c
17101161ns          294785 1c008b76 11012b03 lw               x22, 272(x2)        x22=1c00a000  x2:10002a28  PA:10002b38
17101181ns          294786 1c008b7a 10c12b83 lw               x23, 268(x2)        x23=1c000000  x2:10002a28  PA:10002b34
17101201ns          294787 1c008b7e 10812c03 lw               x24, 264(x2)        x24=1c000000  x2:10002a28  PA:10002b30
17101221ns          294788 1c008b82 10412c83 lw               x25, 260(x2)        x25=1c000000  x2:10002a28  PA:10002b2c
17101240ns          294789 1c008b86 10012d03 lw               x26, 256(x2)        x26=1c000000  x2:10002a28  PA:10002b28
17101260ns          294790 1c008b8a 0fc12d83 lw               x27, 252(x2)        x27=1c001104  x2:10002a28  PA:10002b24
17101280ns          294791 1c008b8c 13010113 addi             x2, x2, 304          x2=10002b58  x2:10002a28
17101300ns          294792 1c008b8e 00008067 jalr             x0, x1, 0            x1:1c008ae6
17101380ns          294796 1c008ae6 01c12083 lw               x1, 28(x2)           x1=1c009d12  x2:10002b58  PA:10002b74
17101419ns          294798 1c008ae8 04010113 addi             x2, x2, 64           x2=10002b98  x2:10002b58
17101439ns          294799 1c008aea 00008067 jalr             x0, x1, 0            x1:1c009d12
17101479ns          294801 1c009d12 00812703 lw               x14, 8(x2)          x14=0000118a  x2:10002b98  PA:10002ba0
17101499ns          294802 1c009d14 0c0c0513 addi             x10, x24, 192       x10=1c0000c0 x24:1c000000
17101519ns          294803 1c009d18 00e005b3 add              x11, x0, x14        x11=0000118a x14:0000118a
17101539ns          294804 1c009d1a 02070b63 beq              x14, x0, 54         x14:0000118a
17101559ns          294805 1c009d1c da3fe0ef jal              x1, -4702            x1=1c009d20
17101976ns          294826 1c008abe fc010113 addi             x2, x2, -64          x2=10002b58  x2:10002b98
17102056ns          294830 1c008ac0 02410313 addi             x6, x2, 36           x6=10002b7c  x2:10002b58
17102096ns          294832 1c008ac4 02c12423 sw               x12, 40(x2)         x12:00000000  x2:10002b58  PA:10002b80
17102116ns          294833 1c008ac6 00a00633 add              x12, x0, x10        x12=1c0000c0 x10:1c0000c0
17102136ns          294834 1c008ac8 1c009537 lui              x10, 0x1c009000     x10=1c009000
17102155ns          294835 1c008acc 02b12223 sw               x11, 36(x2)         x11:0000118a  x2:10002b58  PA:10002b7c
17102175ns          294836 1c008ace 02d12623 sw               x13, 44(x2)         x13:1a10f000  x2:10002b58  PA:10002b84
17102195ns          294837 1c008ad0 00200593 addi             x11, x0, 2          x11=00000002
17102215ns          294838 1c008ad2 006006b3 add              x13, x0, x6         x13=10002b7c  x6:10002b7c
17102235ns          294839 1c008ad4 a5250513 addi             x10, x10, -1454     x10=1c008a52 x10:1c009000
17102255ns          294840 1c008ad8 00112e23 sw               x1, 28(x2)           x1:1c009d20  x2:10002b58  PA:10002b74
17102275ns          294841 1c008ada 02e12823 sw               x14, 48(x2)         x14:0000118a  x2:10002b58  PA:10002b88
17102295ns          294842 1c008adc 02f12a23 sw               x15, 52(x2)         x15:00000000  x2:10002b58  PA:10002b8c
17102315ns          294843 1c008ade 03012c23 sw               x16, 56(x2)         x16:10002a4c  x2:10002b58  PA:10002b90
17102334ns          294844 1c008ae0 03112e23 sw               x17, 60(x2)         x17:1c000040  x2:10002b58  PA:10002b94
17102354ns          294845 1c008ae2 00612623 sw               x6, 12(x2)           x6:10002b7c  x2:10002b58  PA:10002b64
17102374ns          294846 1c008ae4 fbfff0ef jal              x1, -66              x1=1c008ae6
17102454ns          294850 1c008aa2 04a0006f jal              x0, 74             
17102494ns          294852 1c008aec ed010113 addi             x2, x2, -304         x2=10002a28  x2:10002b58
17102513ns          294853 1c008aee 12812423 sw               x8, 296(x2)          x8:1c00110c  x2:10002a28  PA:10002b50
17102533ns          294854 1c008af2 00000413 addi             x8, x0, 0            x8=00000000
17102553ns          294855 1c008af4 11612823 sw               x22, 272(x2)        x22:1c00a000  x2:10002a28  PA:10002b38
17102573ns          294856 1c008af8 11712623 sw               x23, 268(x2)        x23:1c000000  x2:10002a28  PA:10002b34
17102593ns          294857 1c008afc 11812423 sw               x24, 264(x2)        x24:1c000000  x2:10002a28  PA:10002b30
17102633ns          294859 1c008b00 11912223 sw               x25, 260(x2)        x25:1c000000  x2:10002a28  PA:10002b2c
17102673ns          294861 1c008b04 11a12023 sw               x26, 256(x2)        x26:1c000000  x2:10002a28  PA:10002b28
17102692ns          294862 1c008b08 0fb12e23 sw               x27, 252(x2)        x27:1c001104  x2:10002a28  PA:10002b24
17102712ns          294863 1c008b0a 12112623 sw               x1, 300(x2)          x1:1c008ae6  x2:10002a28  PA:10002b54
17102732ns          294864 1c008b0e 00800db3 add              x27, x0, x8         x27=00000000  x8:00000000
17102772ns          294866 1c008b10 12912223 sw               x9, 292(x2)          x9:00000000  x2:10002a28  PA:10002b4c
17102812ns          294868 1c008b14 13212023 sw               x18, 288(x2)        x18:1a10b004  x2:10002a28  PA:10002b48
17102832ns          294869 1c008b18 11312e23 sw               x19, 284(x2)        x19:00000003  x2:10002a28  PA:10002b44
17102852ns          294870 1c008b1c 11412c23 sw               x20, 280(x2)        x20:1c001110  x2:10002a28  PA:10002b40
17102911ns          294873 1c008b20 11512a23 sw               x21, 276(x2)        x21:1c00a000  x2:10002a28  PA:10002b3c
17102951ns          294875 1c008b24 00a00b33 add              x22, x0, x10        x22=1c008a52 x10:1c008a52
17102971ns          294876 1c008b26 00b00d33 add              x26, x0, x11        x26=00000002 x11:00000002
17102991ns          294877 1c008b28 00d00c33 add              x24, x0, x13        x24=10002b7c x13:10002b7c
17103011ns          294878 1c008b2a 1c000bb7 lui              x23, 0x1c000000     x23=1c000000
17103031ns          294879 1c008b2e 02410c93 addi             x25, x2, 36         x25=10002a4c  x2:10002a28
17103050ns          294880 1c008b32 00c00433 add              x8, x0, x12          x8=1c0000c0 x12:1c0000c0
17103070ns          294881 1c008b34 00044503 lbu              x10, 0(x8)          x10=0000002c  x8:1c0000c0  PA:1c0000c0
17103389ns          294897 1c008b38 00140413 addi             x8, x8, 1            x8=1c0000c1  x8:1c0000c0
17103409ns          294898 1c008b3a 00050e63 beq              x10, x0, 28         x10:0000002c
17103428ns          294899 1c008b3c 02500793 addi             x15, x0, 37         x15=00000025
17103448ns          294900 1c008b40 04f50863 beq              x10, x15, 80        x10:0000002c x15:00000025
17103468ns          294901 1c008b44 01a005b3 add              x11, x0, x26        x11=00000002 x26:00000002
17103488ns          294902 1c008b46 000b00e7 jalr             x1, x22, 0           x1=1c008b48 x22:1c008a52
17103568ns          294906 1c008a52 000026b7 lui              x13, 0x2000         x13=00002000
17103607ns          294908 1c008a54 f14027f3 csrrs            x15, x0, 0xf14      x15=00000003
17103627ns          294909 1c008a58 f8068693 addi             x13, x13, -128      x13=00001f80 x13:00002000
17103647ns          294910 1c008a5c 00379713 slli             x14, x15, 0x3       x14=00000018 x15:00000003
17103667ns          294911 1c008a60 00279793 slli             x15, x15, 0x2       x15=0000000c x15:00000003
17103687ns          294912 1c008a62 00d7f7b3 and              x15, x15, x13       x15=00000000 x15:0000000c x13:00001f80
17103707ns          294913 1c008a64 ee873733 p.bclr           x14, x14, 23, 8     x14=00000018 x14:00000018
17103727ns          294914 1c008a68 1a10f6b7 lui              x13, 0x1a10f000     x13=1a10f000
17103747ns          294915 1c008a6c 0ff57513 andi             x10, x10, 255       x10=0000002c x10:0000002c
17103786ns          294917 1c008a70 00d70733 add              x14, x14, x13       x14=1a10f018 x14:00000018 x13:1a10f000
17103826ns          294919 1c008a72 00a7e723 p.sw             x10, x0(x15)        x10:0000002c x15:00000000  PA:1a10f018
17104304ns          294943 1c008a76 00000513 addi             x10, x0, 0          x10=00000000
17104324ns          294944 1c008a78 00008067 jalr             x0, x1, 0            x1:1c008b48
17104363ns          294946 1c008b48 31f52563 p.beqimm         x10, 778            x10:00000000
17104383ns          294947 1c008b4c 001d8d93 addi             x27, x27, 1         x27=00000001 x27:00000000
17104403ns          294948 1c008b4e 00044503 lbu              x10, 0(x8)          x10=00000020  x8:1c0000c1  PA:1c0000c1
17104701ns          294963 1c008b52 00140413 addi             x8, x8, 1            x8=1c0000c2  x8:1c0000c1
17104721ns          294964 1c008b54 fe0514e3 bne              x10, x0, -24        x10:00000020
17104781ns          294967 1c008b3c 02500793 addi             x15, x0, 37         x15=00000025
17104801ns          294968 1c008b40 04f50863 beq              x10, x15, 80        x10:00000020 x15:00000025
17104821ns          294969 1c008b44 01a005b3 add              x11, x0, x26        x11=00000002 x26:00000002
17104841ns          294970 1c008b46 000b00e7 jalr             x1, x22, 0           x1=1c008b48 x22:1c008a52
17104880ns          294972 1c008a52 000026b7 lui              x13, 0x2000         x13=00002000
17104900ns          294973 1c008a54 f14027f3 csrrs            x15, x0, 0xf14      x15=00000003
17104920ns          294974 1c008a58 f8068693 addi             x13, x13, -128      x13=00001f80 x13:00002000
17104940ns          294975 1c008a5c 00379713 slli             x14, x15, 0x3       x14=00000018 x15:00000003
17104960ns          294976 1c008a60 00279793 slli             x15, x15, 0x2       x15=0000000c x15:00000003
17104980ns          294977 1c008a62 00d7f7b3 and              x15, x15, x13       x15=00000000 x15:0000000c x13:00001f80
17105000ns          294978 1c008a64 ee873733 p.bclr           x14, x14, 23, 8     x14=00000018 x14:00000018
17105020ns          294979 1c008a68 1a10f6b7 lui              x13, 0x1a10f000     x13=1a10f000
17105040ns          294980 1c008a6c 0ff57513 andi             x10, x10, 255       x10=00000020 x10:00000020
17105059ns          294981 1c008a70 00d70733 add              x14, x14, x13       x14=1a10f018 x14:00000018 x13:1a10f000
17105079ns          294982 1c008a72 00a7e723 p.sw             x10, x0(x15)        x10:00000020 x15:00000000  PA:1a10f018
17105417ns          294999 1c008a76 00000513 addi             x10, x0, 0          x10=00000000
17105437ns          295000 1c008a78 00008067 jalr             x0, x1, 0            x1:1c008b48
17105477ns          295002 1c008b48 31f52563 p.beqimm         x10, 778            x10:00000000
17105497ns          295003 1c008b4c 001d8d93 addi             x27, x27, 1         x27=00000002 x27:00000001
17105517ns          295004 1c008b4e 00044503 lbu              x10, 0(x8)          x10=00000065  x8:1c0000c2  PA:1c0000c2
17105815ns          295019 1c008b52 00140413 addi             x8, x8, 1            x8=1c0000c3  x8:1c0000c2
17105835ns          295020 1c008b54 fe0514e3 bne              x10, x0, -24        x10:00000065
17105895ns          295023 1c008b3c 02500793 addi             x15, x0, 37         x15=00000025
17105915ns          295024 1c008b40 04f50863 beq              x10, x15, 80        x10:00000065 x15:00000025
17105935ns          295025 1c008b44 01a005b3 add              x11, x0, x26        x11=00000002 x26:00000002
17105955ns          295026 1c008b46 000b00e7 jalr             x1, x22, 0           x1=1c008b48 x22:1c008a52
17105994ns          295028 1c008a52 000026b7 lui              x13, 0x2000         x13=00002000
17106014ns          295029 1c008a54 f14027f3 csrrs            x15, x0, 0xf14      x15=00000003
17106034ns          295030 1c008a58 f8068693 addi             x13, x13, -128      x13=00001f80 x13:00002000
17106054ns          295031 1c008a5c 00379713 slli             x14, x15, 0x3       x14=00000018 x15:00000003
17106074ns          295032 1c008a60 00279793 slli             x15, x15, 0x2       x15=0000000c x15:00000003
17106094ns          295033 1c008a62 00d7f7b3 and              x15, x15, x13       x15=00000000 x15:0000000c x13:00001f80
17106114ns          295034 1c008a64 ee873733 p.bclr           x14, x14, 23, 8     x14=00000018 x14:00000018
17106134ns          295035 1c008a68 1a10f6b7 lui              x13, 0x1a10f000     x13=1a10f000
17106153ns          295036 1c008a6c 0ff57513 andi             x10, x10, 255       x10=00000065 x10:00000065
17106173ns          295037 1c008a70 00d70733 add              x14, x14, x13       x14=1a10f018 x14:00000018 x13:1a10f000
17106193ns          295038 1c008a72 00a7e723 p.sw             x10, x0(x15)        x10:00000065 x15:00000000  PA:1a10f018
17106531ns          295055 1c008a76 00000513 addi             x10, x0, 0          x10=00000000
17106551ns          295056 1c008a78 00008067 jalr             x0, x1, 0            x1:1c008b48
17106591ns          295058 1c008b48 31f52563 p.beqimm         x10, 778            x10:00000000
17106611ns          295059 1c008b4c 001d8d93 addi             x27, x27, 1         x27=00000003 x27:00000002
17106631ns          295060 1c008b4e 00044503 lbu              x10, 0(x8)          x10=00000078  x8:1c0000c3  PA:1c0000c3
17106929ns          295075 1c008b52 00140413 addi             x8, x8, 1            x8=1c0000c4  x8:1c0000c3
17106949ns          295076 1c008b54 fe0514e3 bne              x10, x0, -24        x10:00000078
17107009ns          295079 1c008b3c 02500793 addi             x15, x0, 37         x15=00000025
17107029ns          295080 1c008b40 04f50863 beq              x10, x15, 80        x10:00000078 x15:00000025
17107049ns          295081 1c008b44 01a005b3 add              x11, x0, x26        x11=00000002 x26:00000002
17107068ns          295082 1c008b46 000b00e7 jalr             x1, x22, 0           x1=1c008b48 x22:1c008a52
17107108ns          295084 1c008a52 000026b7 lui              x13, 0x2000         x13=00002000
17107128ns          295085 1c008a54 f14027f3 csrrs            x15, x0, 0xf14      x15=00000003
17107148ns          295086 1c008a58 f8068693 addi             x13, x13, -128      x13=00001f80 x13:00002000
17107168ns          295087 1c008a5c 00379713 slli             x14, x15, 0x3       x14=00000018 x15:00000003
17107188ns          295088 1c008a60 00279793 slli             x15, x15, 0x2       x15=0000000c x15:00000003
17107208ns          295089 1c008a62 00d7f7b3 and              x15, x15, x13       x15=00000000 x15:0000000c x13:00001f80
17107228ns          295090 1c008a64 ee873733 p.bclr           x14, x14, 23, 8     x14=00000018 x14:00000018
17107247ns          295091 1c008a68 1a10f6b7 lui              x13, 0x1a10f000     x13=1a10f000
17107267ns          295092 1c008a6c 0ff57513 andi             x10, x10, 255       x10=00000078 x10:00000078
17107287ns          295093 1c008a70 00d70733 add              x14, x14, x13       x14=1a10f018 x14:00000018 x13:1a10f000
17107307ns          295094 1c008a72 00a7e723 p.sw             x10, x0(x15)        x10:00000078 x15:00000000  PA:1a10f018
17107645ns          295111 1c008a76 00000513 addi             x10, x0, 0          x10=00000000
17107665ns          295112 1c008a78 00008067 jalr             x0, x1, 0            x1:1c008b48
17107705ns          295114 1c008b48 31f52563 p.beqimm         x10, 778            x10:00000000
17107725ns          295115 1c008b4c 001d8d93 addi             x27, x27, 1         x27=00000004 x27:00000003
17107745ns          295116 1c008b4e 00044503 lbu              x10, 0(x8)          x10=00000065  x8:1c0000c4  PA:1c0000c4
17108043ns          295131 1c008b52 00140413 addi             x8, x8, 1            x8=1c0000c5  x8:1c0000c4
17108063ns          295132 1c008b54 fe0514e3 bne              x10, x0, -24        x10:00000065
17108123ns          295135 1c008b3c 02500793 addi             x15, x0, 37         x15=00000025
17108143ns          295136 1c008b40 04f50863 beq              x10, x15, 80        x10:00000065 x15:00000025
17108162ns          295137 1c008b44 01a005b3 add              x11, x0, x26        x11=00000002 x26:00000002
17108182ns          295138 1c008b46 000b00e7 jalr             x1, x22, 0           x1=1c008b48 x22:1c008a52
17108222ns          295140 1c008a52 000026b7 lui              x13, 0x2000         x13=00002000
17108242ns          295141 1c008a54 f14027f3 csrrs            x15, x0, 0xf14      x15=00000003
17108262ns          295142 1c008a58 f8068693 addi             x13, x13, -128      x13=00001f80 x13:00002000
17108282ns          295143 1c008a5c 00379713 slli             x14, x15, 0x3       x14=00000018 x15:00000003
17108302ns          295144 1c008a60 00279793 slli             x15, x15, 0x2       x15=0000000c x15:00000003
17108322ns          295145 1c008a62 00d7f7b3 and              x15, x15, x13       x15=00000000 x15:0000000c x13:00001f80
17108341ns          295146 1c008a64 ee873733 p.bclr           x14, x14, 23, 8     x14=00000018 x14:00000018
17108361ns          295147 1c008a68 1a10f6b7 lui              x13, 0x1a10f000     x13=1a10f000
17108381ns          295148 1c008a6c 0ff57513 andi             x10, x10, 255       x10=00000065 x10:00000065
17108401ns          295149 1c008a70 00d70733 add              x14, x14, x13       x14=1a10f018 x14:00000018 x13:1a10f000
17108421ns          295150 1c008a72 00a7e723 p.sw             x10, x0(x15)        x10:00000065 x15:00000000  PA:1a10f018
17108779ns          295168 1c008a76 00000513 addi             x10, x0, 0          x10=00000000
17108799ns          295169 1c008a78 00008067 jalr             x0, x1, 0            x1:1c008b48
17108839ns          295171 1c008b48 31f52563 p.beqimm         x10, 778            x10:00000000
17108859ns          295172 1c008b4c 001d8d93 addi             x27, x27, 1         x27=00000005 x27:00000004
17108878ns          295173 1c008b4e 00044503 lbu              x10, 0(x8)          x10=00000063  x8:1c0000c5  PA:1c0000c5
17109177ns          295188 1c008b52 00140413 addi             x8, x8, 1            x8=1c0000c6  x8:1c0000c5
17109197ns          295189 1c008b54 fe0514e3 bne              x10, x0, -24        x10:00000063
17109256ns          295192 1c008b3c 02500793 addi             x15, x0, 37         x15=00000025
17109276ns          295193 1c008b40 04f50863 beq              x10, x15, 80        x10:00000063 x15:00000025
17109296ns          295194 1c008b44 01a005b3 add              x11, x0, x26        x11=00000002 x26:00000002
17109316ns          295195 1c008b46 000b00e7 jalr             x1, x22, 0           x1=1c008b48 x22:1c008a52
17109356ns          295197 1c008a52 000026b7 lui              x13, 0x2000         x13=00002000
17109376ns          295198 1c008a54 f14027f3 csrrs            x15, x0, 0xf14      x15=00000003
17109396ns          295199 1c008a58 f8068693 addi             x13, x13, -128      x13=00001f80 x13:00002000
17109416ns          295200 1c008a5c 00379713 slli             x14, x15, 0x3       x14=00000018 x15:00000003
17109435ns          295201 1c008a60 00279793 slli             x15, x15, 0x2       x15=0000000c x15:00000003
17109455ns          295202 1c008a62 00d7f7b3 and              x15, x15, x13       x15=00000000 x15:0000000c x13:00001f80
17109475ns          295203 1c008a64 ee873733 p.bclr           x14, x14, 23, 8     x14=00000018 x14:00000018
17109495ns          295204 1c008a68 1a10f6b7 lui              x13, 0x1a10f000     x13=1a10f000
17109515ns          295205 1c008a6c 0ff57513 andi             x10, x10, 255       x10=00000063 x10:00000063
17109535ns          295206 1c008a70 00d70733 add              x14, x14, x13       x14=1a10f018 x14:00000018 x13:1a10f000
17109555ns          295207 1c008a72 00a7e723 p.sw             x10, x0(x15)        x10:00000063 x15:00000000  PA:1a10f018
17109893ns          295224 1c008a76 00000513 addi             x10, x0, 0          x10=00000000
17109913ns          295225 1c008a78 00008067 jalr             x0, x1, 0            x1:1c008b48
17109953ns          295227 1c008b48 31f52563 p.beqimm         x10, 778            x10:00000000
17109972ns          295228 1c008b4c 001d8d93 addi             x27, x27, 1         x27=00000006 x27:00000005
17109992ns          295229 1c008b4e 00044503 lbu              x10, 0(x8)          x10=00000075  x8:1c0000c6  PA:1c0000c6
17110291ns          295244 1c008b52 00140413 addi             x8, x8, 1            x8=1c0000c7  x8:1c0000c6
17110311ns          295245 1c008b54 fe0514e3 bne              x10, x0, -24        x10:00000075
17110370ns          295248 1c008b3c 02500793 addi             x15, x0, 37         x15=00000025
17110390ns          295249 1c008b40 04f50863 beq              x10, x15, 80        x10:00000075 x15:00000025
17110410ns          295250 1c008b44 01a005b3 add              x11, x0, x26        x11=00000002 x26:00000002
17110430ns          295251 1c008b46 000b00e7 jalr             x1, x22, 0           x1=1c008b48 x22:1c008a52
17110470ns          295253 1c008a52 000026b7 lui              x13, 0x2000         x13=00002000
17110490ns          295254 1c008a54 f14027f3 csrrs            x15, x0, 0xf14      x15=00000003
17110510ns          295255 1c008a58 f8068693 addi             x13, x13, -128      x13=00001f80 x13:00002000
17110529ns          295256 1c008a5c 00379713 slli             x14, x15, 0x3       x14=00000018 x15:00000003
17110549ns          295257 1c008a60 00279793 slli             x15, x15, 0x2       x15=0000000c x15:00000003
17110569ns          295258 1c008a62 00d7f7b3 and              x15, x15, x13       x15=00000000 x15:0000000c x13:00001f80
17110589ns          295259 1c008a64 ee873733 p.bclr           x14, x14, 23, 8     x14=00000018 x14:00000018
17110609ns          295260 1c008a68 1a10f6b7 lui              x13, 0x1a10f000     x13=1a10f000
17110629ns          295261 1c008a6c 0ff57513 andi             x10, x10, 255       x10=00000075 x10:00000075
17110649ns          295262 1c008a70 00d70733 add              x14, x14, x13       x14=1a10f018 x14:00000018 x13:1a10f000
17110669ns          295263 1c008a72 00a7e723 p.sw             x10, x0(x15)        x10:00000075 x15:00000000  PA:1a10f018
17110987ns          295279 1c008a76 00000513 addi             x10, x0, 0          x10=00000000
17111007ns          295280 1c008a78 00008067 jalr             x0, x1, 0            x1:1c008b48
17111047ns          295282 1c008b48 31f52563 p.beqimm         x10, 778            x10:00000000
17111066ns          295283 1c008b4c 001d8d93 addi             x27, x27, 1         x27=00000007 x27:00000006
17111086ns          295284 1c008b4e 00044503 lbu              x10, 0(x8)          x10=00000074  x8:1c0000c7  PA:1c0000c7
17111385ns          295299 1c008b52 00140413 addi             x8, x8, 1            x8=1c0000c8  x8:1c0000c7
17111405ns          295300 1c008b54 fe0514e3 bne              x10, x0, -24        x10:00000074
17111464ns          295303 1c008b3c 02500793 addi             x15, x0, 37         x15=00000025
17111484ns          295304 1c008b40 04f50863 beq              x10, x15, 80        x10:00000074 x15:00000025
17111504ns          295305 1c008b44 01a005b3 add              x11, x0, x26        x11=00000002 x26:00000002
17111524ns          295306 1c008b46 000b00e7 jalr             x1, x22, 0           x1=1c008b48 x22:1c008a52
17111564ns          295308 1c008a52 000026b7 lui              x13, 0x2000         x13=00002000
17111584ns          295309 1c008a54 f14027f3 csrrs            x15, x0, 0xf14      x15=00000003
17111604ns          295310 1c008a58 f8068693 addi             x13, x13, -128      x13=00001f80 x13:00002000
17111623ns          295311 1c008a5c 00379713 slli             x14, x15, 0x3       x14=00000018 x15:00000003
17111643ns          295312 1c008a60 00279793 slli             x15, x15, 0x2       x15=0000000c x15:00000003
17111663ns          295313 1c008a62 00d7f7b3 and              x15, x15, x13       x15=00000000 x15:0000000c x13:00001f80
17111683ns          295314 1c008a64 ee873733 p.bclr           x14, x14, 23, 8     x14=00000018 x14:00000018
17111703ns          295315 1c008a68 1a10f6b7 lui              x13, 0x1a10f000     x13=1a10f000
17111723ns          295316 1c008a6c 0ff57513 andi             x10, x10, 255       x10=00000074 x10:00000074
17111743ns          295317 1c008a70 00d70733 add              x14, x14, x13       x14=1a10f018 x14:00000018 x13:1a10f000
17111763ns          295318 1c008a72 00a7e723 p.sw             x10, x0(x15)        x10:00000074 x15:00000000  PA:1a10f018
17112081ns          295334 1c008a76 00000513 addi             x10, x0, 0          x10=00000000
17112101ns          295335 1c008a78 00008067 jalr             x0, x1, 0            x1:1c008b48
17112141ns          295337 1c008b48 31f52563 p.beqimm         x10, 778            x10:00000000
17112160ns          295338 1c008b4c 001d8d93 addi             x27, x27, 1         x27=00000008 x27:00000007
17112180ns          295339 1c008b4e 00044503 lbu              x10, 0(x8)          x10=00000069  x8:1c0000c8  PA:1c0000c8
17112479ns          295354 1c008b52 00140413 addi             x8, x8, 1            x8=1c0000c9  x8:1c0000c8
17112499ns          295355 1c008b54 fe0514e3 bne              x10, x0, -24        x10:00000069
17112558ns          295358 1c008b3c 02500793 addi             x15, x0, 37         x15=00000025
17112578ns          295359 1c008b40 04f50863 beq              x10, x15, 80        x10:00000069 x15:00000025
17112598ns          295360 1c008b44 01a005b3 add              x11, x0, x26        x11=00000002 x26:00000002
17112618ns          295361 1c008b46 000b00e7 jalr             x1, x22, 0           x1=1c008b48 x22:1c008a52
17112658ns          295363 1c008a52 000026b7 lui              x13, 0x2000         x13=00002000
17112678ns          295364 1c008a54 f14027f3 csrrs            x15, x0, 0xf14      x15=00000003
17112698ns          295365 1c008a58 f8068693 addi             x13, x13, -128      x13=00001f80 x13:00002000
17112717ns          295366 1c008a5c 00379713 slli             x14, x15, 0x3       x14=00000018 x15:00000003
17112737ns          295367 1c008a60 00279793 slli             x15, x15, 0x2       x15=0000000c x15:00000003
17112757ns          295368 1c008a62 00d7f7b3 and              x15, x15, x13       x15=00000000 x15:0000000c x13:00001f80
17112777ns          295369 1c008a64 ee873733 p.bclr           x14, x14, 23, 8     x14=00000018 x14:00000018
17112797ns          295370 1c008a68 1a10f6b7 lui              x13, 0x1a10f000     x13=1a10f000
17112817ns          295371 1c008a6c 0ff57513 andi             x10, x10, 255       x10=00000069 x10:00000069
17112837ns          295372 1c008a70 00d70733 add              x14, x14, x13       x14=1a10f018 x14:00000018 x13:1a10f000
17112857ns          295373 1c008a72 00a7e723 p.sw             x10, x0(x15)        x10:00000069 x15:00000000  PA:1a10f018
17113175ns          295389 1c008a76 00000513 addi             x10, x0, 0          x10=00000000
17113195ns          295390 1c008a78 00008067 jalr             x0, x1, 0            x1:1c008b48
17113235ns          295392 1c008b48 31f52563 p.beqimm         x10, 778            x10:00000000
17113254ns          295393 1c008b4c 001d8d93 addi             x27, x27, 1         x27=00000009 x27:00000008
17113274ns          295394 1c008b4e 00044503 lbu              x10, 0(x8)          x10=0000006f  x8:1c0000c9  PA:1c0000c9
17113573ns          295409 1c008b52 00140413 addi             x8, x8, 1            x8=1c0000ca  x8:1c0000c9
17113593ns          295410 1c008b54 fe0514e3 bne              x10, x0, -24        x10:0000006f
17113652ns          295413 1c008b3c 02500793 addi             x15, x0, 37         x15=00000025
17113672ns          295414 1c008b40 04f50863 beq              x10, x15, 80        x10:0000006f x15:00000025
17113692ns          295415 1c008b44 01a005b3 add              x11, x0, x26        x11=00000002 x26:00000002
17113712ns          295416 1c008b46 000b00e7 jalr             x1, x22, 0           x1=1c008b48 x22:1c008a52
17113752ns          295418 1c008a52 000026b7 lui              x13, 0x2000         x13=00002000
17113772ns          295419 1c008a54 f14027f3 csrrs            x15, x0, 0xf14      x15=00000003
17113792ns          295420 1c008a58 f8068693 addi             x13, x13, -128      x13=00001f80 x13:00002000
17113811ns          295421 1c008a5c 00379713 slli             x14, x15, 0x3       x14=00000018 x15:00000003
17113831ns          295422 1c008a60 00279793 slli             x15, x15, 0x2       x15=0000000c x15:00000003
17113851ns          295423 1c008a62 00d7f7b3 and              x15, x15, x13       x15=00000000 x15:0000000c x13:00001f80
17113871ns          295424 1c008a64 ee873733 p.bclr           x14, x14, 23, 8     x14=00000018 x14:00000018
17113891ns          295425 1c008a68 1a10f6b7 lui              x13, 0x1a10f000     x13=1a10f000
17113911ns          295426 1c008a6c 0ff57513 andi             x10, x10, 255       x10=0000006f x10:0000006f
17113931ns          295427 1c008a70 00d70733 add              x14, x14, x13       x14=1a10f018 x14:00000018 x13:1a10f000
17113951ns          295428 1c008a72 00a7e723 p.sw             x10, x0(x15)        x10:0000006f x15:00000000  PA:1a10f018
17114269ns          295444 1c008a76 00000513 addi             x10, x0, 0          x10=00000000
17114289ns          295445 1c008a78 00008067 jalr             x0, x1, 0            x1:1c008b48
17114329ns          295447 1c008b48 31f52563 p.beqimm         x10, 778            x10:00000000
17114348ns          295448 1c008b4c 001d8d93 addi             x27, x27, 1         x27=0000000a x27:00000009
17114368ns          295449 1c008b4e 00044503 lbu              x10, 0(x8)          x10=0000006e  x8:1c0000ca  PA:1c0000ca
17114667ns          295464 1c008b52 00140413 addi             x8, x8, 1            x8=1c0000cb  x8:1c0000ca
17114687ns          295465 1c008b54 fe0514e3 bne              x10, x0, -24        x10:0000006e
17114746ns          295468 1c008b3c 02500793 addi             x15, x0, 37         x15=00000025
17114766ns          295469 1c008b40 04f50863 beq              x10, x15, 80        x10:0000006e x15:00000025
17114786ns          295470 1c008b44 01a005b3 add              x11, x0, x26        x11=00000002 x26:00000002
17114806ns          295471 1c008b46 000b00e7 jalr             x1, x22, 0           x1=1c008b48 x22:1c008a52
17114846ns          295473 1c008a52 000026b7 lui              x13, 0x2000         x13=00002000
17114866ns          295474 1c008a54 f14027f3 csrrs            x15, x0, 0xf14      x15=00000003
17114885ns          295475 1c008a58 f8068693 addi             x13, x13, -128      x13=00001f80 x13:00002000
17114905ns          295476 1c008a5c 00379713 slli             x14, x15, 0x3       x14=00000018 x15:00000003
17114925ns          295477 1c008a60 00279793 slli             x15, x15, 0x2       x15=0000000c x15:00000003
17114945ns          295478 1c008a62 00d7f7b3 and              x15, x15, x13       x15=00000000 x15:0000000c x13:00001f80
17114965ns          295479 1c008a64 ee873733 p.bclr           x14, x14, 23, 8     x14=00000018 x14:00000018
17114985ns          295480 1c008a68 1a10f6b7 lui              x13, 0x1a10f000     x13=1a10f000
17115005ns          295481 1c008a6c 0ff57513 andi             x10, x10, 255       x10=0000006e x10:0000006e
17115025ns          295482 1c008a70 00d70733 add              x14, x14, x13       x14=1a10f018 x14:00000018 x13:1a10f000
17115045ns          295483 1c008a72 00a7e723 p.sw             x10, x0(x15)        x10:0000006e x15:00000000  PA:1a10f018
17115383ns          295500 1c008a76 00000513 addi             x10, x0, 0          x10=00000000
17115403ns          295501 1c008a78 00008067 jalr             x0, x1, 0            x1:1c008b48
17115442ns          295503 1c008b48 31f52563 p.beqimm         x10, 778            x10:00000000
17115462ns          295504 1c008b4c 001d8d93 addi             x27, x27, 1         x27=0000000b x27:0000000a
17115482ns          295505 1c008b4e 00044503 lbu              x10, 0(x8)          x10=00000020  x8:1c0000cb  PA:1c0000cb
17115781ns          295520 1c008b52 00140413 addi             x8, x8, 1            x8=1c0000cc  x8:1c0000cb
17115800ns          295521 1c008b54 fe0514e3 bne              x10, x0, -24        x10:00000020
17115860ns          295524 1c008b3c 02500793 addi             x15, x0, 37         x15=00000025
17115880ns          295525 1c008b40 04f50863 beq              x10, x15, 80        x10:00000020 x15:00000025
17115900ns          295526 1c008b44 01a005b3 add              x11, x0, x26        x11=00000002 x26:00000002
17115920ns          295527 1c008b46 000b00e7 jalr             x1, x22, 0           x1=1c008b48 x22:1c008a52
17115960ns          295529 1c008a52 000026b7 lui              x13, 0x2000         x13=00002000
17115979ns          295530 1c008a54 f14027f3 csrrs            x15, x0, 0xf14      x15=00000003
17115999ns          295531 1c008a58 f8068693 addi             x13, x13, -128      x13=00001f80 x13:00002000
17116019ns          295532 1c008a5c 00379713 slli             x14, x15, 0x3       x14=00000018 x15:00000003
17116039ns          295533 1c008a60 00279793 slli             x15, x15, 0x2       x15=0000000c x15:00000003
17116059ns          295534 1c008a62 00d7f7b3 and              x15, x15, x13       x15=00000000 x15:0000000c x13:00001f80
17116079ns          295535 1c008a64 ee873733 p.bclr           x14, x14, 23, 8     x14=00000018 x14:00000018
17116099ns          295536 1c008a68 1a10f6b7 lui              x13, 0x1a10f000     x13=1a10f000
17116119ns          295537 1c008a6c 0ff57513 andi             x10, x10, 255       x10=00000020 x10:00000020
17116139ns          295538 1c008a70 00d70733 add              x14, x14, x13       x14=1a10f018 x14:00000018 x13:1a10f000
17116159ns          295539 1c008a72 00a7e723 p.sw             x10, x0(x15)        x10:00000020 x15:00000000  PA:1a10f018
17116477ns          295555 1c008a76 00000513 addi             x10, x0, 0          x10=00000000
17116497ns          295556 1c008a78 00008067 jalr             x0, x1, 0            x1:1c008b48
17116536ns          295558 1c008b48 31f52563 p.beqimm         x10, 778            x10:00000000
17116556ns          295559 1c008b4c 001d8d93 addi             x27, x27, 1         x27=0000000c x27:0000000b
17116576ns          295560 1c008b4e 00044503 lbu              x10, 0(x8)          x10=00000074  x8:1c0000cc  PA:1c0000cc
17116875ns          295575 1c008b52 00140413 addi             x8, x8, 1            x8=1c0000cd  x8:1c0000cc
17116894ns          295576 1c008b54 fe0514e3 bne              x10, x0, -24        x10:00000074
17116954ns          295579 1c008b3c 02500793 addi             x15, x0, 37         x15=00000025
17116974ns          295580 1c008b40 04f50863 beq              x10, x15, 80        x10:00000074 x15:00000025
17116994ns          295581 1c008b44 01a005b3 add              x11, x0, x26        x11=00000002 x26:00000002
17117014ns          295582 1c008b46 000b00e7 jalr             x1, x22, 0           x1=1c008b48 x22:1c008a52
17117054ns          295584 1c008a52 000026b7 lui              x13, 0x2000         x13=00002000
17117073ns          295585 1c008a54 f14027f3 csrrs            x15, x0, 0xf14      x15=00000003
17117093ns          295586 1c008a58 f8068693 addi             x13, x13, -128      x13=00001f80 x13:00002000
17117113ns          295587 1c008a5c 00379713 slli             x14, x15, 0x3       x14=00000018 x15:00000003
17117133ns          295588 1c008a60 00279793 slli             x15, x15, 0x2       x15=0000000c x15:00000003
17117153ns          295589 1c008a62 00d7f7b3 and              x15, x15, x13       x15=00000000 x15:0000000c x13:00001f80
17117173ns          295590 1c008a64 ee873733 p.bclr           x14, x14, 23, 8     x14=00000018 x14:00000018
17117193ns          295591 1c008a68 1a10f6b7 lui              x13, 0x1a10f000     x13=1a10f000
17117213ns          295592 1c008a6c 0ff57513 andi             x10, x10, 255       x10=00000074 x10:00000074
17117233ns          295593 1c008a70 00d70733 add              x14, x14, x13       x14=1a10f018 x14:00000018 x13:1a10f000
17117252ns          295594 1c008a72 00a7e723 p.sw             x10, x0(x15)        x10:00000074 x15:00000000  PA:1a10f018
17117571ns          295610 1c008a76 00000513 addi             x10, x0, 0          x10=00000000
17117591ns          295611 1c008a78 00008067 jalr             x0, x1, 0            x1:1c008b48
17117630ns          295613 1c008b48 31f52563 p.beqimm         x10, 778            x10:00000000
17117650ns          295614 1c008b4c 001d8d93 addi             x27, x27, 1         x27=0000000d x27:0000000c
17117670ns          295615 1c008b4e 00044503 lbu              x10, 0(x8)          x10=00000069  x8:1c0000cd  PA:1c0000cd
17117969ns          295630 1c008b52 00140413 addi             x8, x8, 1            x8=1c0000ce  x8:1c0000cd
17117988ns          295631 1c008b54 fe0514e3 bne              x10, x0, -24        x10:00000069
17118048ns          295634 1c008b3c 02500793 addi             x15, x0, 37         x15=00000025
17118068ns          295635 1c008b40 04f50863 beq              x10, x15, 80        x10:00000069 x15:00000025
17118088ns          295636 1c008b44 01a005b3 add              x11, x0, x26        x11=00000002 x26:00000002
17118108ns          295637 1c008b46 000b00e7 jalr             x1, x22, 0           x1=1c008b48 x22:1c008a52
17118148ns          295639 1c008a52 000026b7 lui              x13, 0x2000         x13=00002000
17118167ns          295640 1c008a54 f14027f3 csrrs            x15, x0, 0xf14      x15=00000003
17118187ns          295641 1c008a58 f8068693 addi             x13, x13, -128      x13=00001f80 x13:00002000
17118207ns          295642 1c008a5c 00379713 slli             x14, x15, 0x3       x14=00000018 x15:00000003
17118227ns          295643 1c008a60 00279793 slli             x15, x15, 0x2       x15=0000000c x15:00000003
17118247ns          295644 1c008a62 00d7f7b3 and              x15, x15, x13       x15=00000000 x15:0000000c x13:00001f80
17118267ns          295645 1c008a64 ee873733 p.bclr           x14, x14, 23, 8     x14=00000018 x14:00000018
17118287ns          295646 1c008a68 1a10f6b7 lui              x13, 0x1a10f000     x13=1a10f000
17118307ns          295647 1c008a6c 0ff57513 andi             x10, x10, 255       x10=00000069 x10:00000069
17118327ns          295648 1c008a70 00d70733 add              x14, x14, x13       x14=1a10f018 x14:00000018 x13:1a10f000
17118346ns          295649 1c008a72 00a7e723 p.sw             x10, x0(x15)        x10:00000069 x15:00000000  PA:1a10f018
17118685ns          295666 1c008a76 00000513 addi             x10, x0, 0          x10=00000000
17118705ns          295667 1c008a78 00008067 jalr             x0, x1, 0            x1:1c008b48
17118744ns          295669 1c008b48 31f52563 p.beqimm         x10, 778            x10:00000000
17118764ns          295670 1c008b4c 001d8d93 addi             x27, x27, 1         x27=0000000e x27:0000000d
17118784ns          295671 1c008b4e 00044503 lbu              x10, 0(x8)          x10=0000006d  x8:1c0000ce  PA:1c0000ce
17119082ns          295686 1c008b52 00140413 addi             x8, x8, 1            x8=1c0000cf  x8:1c0000ce
17119102ns          295687 1c008b54 fe0514e3 bne              x10, x0, -24        x10:0000006d
17119162ns          295690 1c008b3c 02500793 addi             x15, x0, 37         x15=00000025
17119182ns          295691 1c008b40 04f50863 beq              x10, x15, 80        x10:0000006d x15:00000025
17119202ns          295692 1c008b44 01a005b3 add              x11, x0, x26        x11=00000002 x26:00000002
17119222ns          295693 1c008b46 000b00e7 jalr             x1, x22, 0           x1=1c008b48 x22:1c008a52
17119261ns          295695 1c008a52 000026b7 lui              x13, 0x2000         x13=00002000
17119281ns          295696 1c008a54 f14027f3 csrrs            x15, x0, 0xf14      x15=00000003
17119301ns          295697 1c008a58 f8068693 addi             x13, x13, -128      x13=00001f80 x13:00002000
17119321ns          295698 1c008a5c 00379713 slli             x14, x15, 0x3       x14=00000018 x15:00000003
17119341ns          295699 1c008a60 00279793 slli             x15, x15, 0x2       x15=0000000c x15:00000003
17119361ns          295700 1c008a62 00d7f7b3 and              x15, x15, x13       x15=00000000 x15:0000000c x13:00001f80
17119381ns          295701 1c008a64 ee873733 p.bclr           x14, x14, 23, 8     x14=00000018 x14:00000018
17119401ns          295702 1c008a68 1a10f6b7 lui              x13, 0x1a10f000     x13=1a10f000
17119421ns          295703 1c008a6c 0ff57513 andi             x10, x10, 255       x10=0000006d x10:0000006d
17119440ns          295704 1c008a70 00d70733 add              x14, x14, x13       x14=1a10f018 x14:00000018 x13:1a10f000
17119460ns          295705 1c008a72 00a7e723 p.sw             x10, x0(x15)        x10:0000006d x15:00000000  PA:1a10f018
17119779ns          295721 1c008a76 00000513 addi             x10, x0, 0          x10=00000000
17119799ns          295722 1c008a78 00008067 jalr             x0, x1, 0            x1:1c008b48
17119838ns          295724 1c008b48 31f52563 p.beqimm         x10, 778            x10:00000000
17119858ns          295725 1c008b4c 001d8d93 addi             x27, x27, 1         x27=0000000f x27:0000000e
17119878ns          295726 1c008b4e 00044503 lbu              x10, 0(x8)          x10=00000065  x8:1c0000cf  PA:1c0000cf
17120176ns          295741 1c008b52 00140413 addi             x8, x8, 1            x8=1c0000d0  x8:1c0000cf
17120196ns          295742 1c008b54 fe0514e3 bne              x10, x0, -24        x10:00000065
17120256ns          295745 1c008b3c 02500793 addi             x15, x0, 37         x15=00000025
17120276ns          295746 1c008b40 04f50863 beq              x10, x15, 80        x10:00000065 x15:00000025
17120296ns          295747 1c008b44 01a005b3 add              x11, x0, x26        x11=00000002 x26:00000002
17120316ns          295748 1c008b46 000b00e7 jalr             x1, x22, 0           x1=1c008b48 x22:1c008a52
17120355ns          295750 1c008a52 000026b7 lui              x13, 0x2000         x13=00002000
17120375ns          295751 1c008a54 f14027f3 csrrs            x15, x0, 0xf14      x15=00000003
17120395ns          295752 1c008a58 f8068693 addi             x13, x13, -128      x13=00001f80 x13:00002000
17120415ns          295753 1c008a5c 00379713 slli             x14, x15, 0x3       x14=00000018 x15:00000003
17120435ns          295754 1c008a60 00279793 slli             x15, x15, 0x2       x15=0000000c x15:00000003
17120455ns          295755 1c008a62 00d7f7b3 and              x15, x15, x13       x15=00000000 x15:0000000c x13:00001f80
17120475ns          295756 1c008a64 ee873733 p.bclr           x14, x14, 23, 8     x14=00000018 x14:00000018
17120495ns          295757 1c008a68 1a10f6b7 lui              x13, 0x1a10f000     x13=1a10f000
17120515ns          295758 1c008a6c 0ff57513 andi             x10, x10, 255       x10=00000065 x10:00000065
17120534ns          295759 1c008a70 00d70733 add              x14, x14, x13       x14=1a10f018 x14:00000018 x13:1a10f000
17120554ns          295760 1c008a72 00a7e723 p.sw             x10, x0(x15)        x10:00000065 x15:00000000  PA:1a10f018
17120873ns          295776 1c008a76 00000513 addi             x10, x0, 0          x10=00000000
17120893ns          295777 1c008a78 00008067 jalr             x0, x1, 0            x1:1c008b48
17120932ns          295779 1c008b48 31f52563 p.beqimm         x10, 778            x10:00000000
17120952ns          295780 1c008b4c 001d8d93 addi             x27, x27, 1         x27=00000010 x27:0000000f
17120972ns          295781 1c008b4e 00044503 lbu              x10, 0(x8)          x10=0000003a  x8:1c0000d0  PA:1c0000d0
17121270ns          295796 1c008b52 00140413 addi             x8, x8, 1            x8=1c0000d1  x8:1c0000d0
17121290ns          295797 1c008b54 fe0514e3 bne              x10, x0, -24        x10:0000003a
17121350ns          295800 1c008b3c 02500793 addi             x15, x0, 37         x15=00000025
17121370ns          295801 1c008b40 04f50863 beq              x10, x15, 80        x10:0000003a x15:00000025
17121390ns          295802 1c008b44 01a005b3 add              x11, x0, x26        x11=00000002 x26:00000002
17121410ns          295803 1c008b46 000b00e7 jalr             x1, x22, 0           x1=1c008b48 x22:1c008a52
17121449ns          295805 1c008a52 000026b7 lui              x13, 0x2000         x13=00002000
17121469ns          295806 1c008a54 f14027f3 csrrs            x15, x0, 0xf14      x15=00000003
17121489ns          295807 1c008a58 f8068693 addi             x13, x13, -128      x13=00001f80 x13:00002000
17121509ns          295808 1c008a5c 00379713 slli             x14, x15, 0x3       x14=00000018 x15:00000003
17121529ns          295809 1c008a60 00279793 slli             x15, x15, 0x2       x15=0000000c x15:00000003
17121549ns          295810 1c008a62 00d7f7b3 and              x15, x15, x13       x15=00000000 x15:0000000c x13:00001f80
17121569ns          295811 1c008a64 ee873733 p.bclr           x14, x14, 23, 8     x14=00000018 x14:00000018
17121589ns          295812 1c008a68 1a10f6b7 lui              x13, 0x1a10f000     x13=1a10f000
17121609ns          295813 1c008a6c 0ff57513 andi             x10, x10, 255       x10=0000003a x10:0000003a
17121628ns          295814 1c008a70 00d70733 add              x14, x14, x13       x14=1a10f018 x14:00000018 x13:1a10f000
17121648ns          295815 1c008a72 00a7e723 p.sw             x10, x0(x15)        x10:0000003a x15:00000000  PA:1a10f018
17122006ns          295833 1c008a76 00000513 addi             x10, x0, 0          x10=00000000
17122026ns          295834 1c008a78 00008067 jalr             x0, x1, 0            x1:1c008b48
17122066ns          295836 1c008b48 31f52563 p.beqimm         x10, 778            x10:00000000
17122086ns          295837 1c008b4c 001d8d93 addi             x27, x27, 1         x27=00000011 x27:00000010
17122106ns          295838 1c008b4e 00044503 lbu              x10, 0(x8)          x10=00000020  x8:1c0000d1  PA:1c0000d1
17122404ns          295853 1c008b52 00140413 addi             x8, x8, 1            x8=1c0000d2  x8:1c0000d1
17122424ns          295854 1c008b54 fe0514e3 bne              x10, x0, -24        x10:00000020
17122484ns          295857 1c008b3c 02500793 addi             x15, x0, 37         x15=00000025
17122504ns          295858 1c008b40 04f50863 beq              x10, x15, 80        x10:00000020 x15:00000025
17122524ns          295859 1c008b44 01a005b3 add              x11, x0, x26        x11=00000002 x26:00000002
17122543ns          295860 1c008b46 000b00e7 jalr             x1, x22, 0           x1=1c008b48 x22:1c008a52
17122583ns          295862 1c008a52 000026b7 lui              x13, 0x2000         x13=00002000
17122603ns          295863 1c008a54 f14027f3 csrrs            x15, x0, 0xf14      x15=00000003
17122623ns          295864 1c008a58 f8068693 addi             x13, x13, -128      x13=00001f80 x13:00002000
17122643ns          295865 1c008a5c 00379713 slli             x14, x15, 0x3       x14=00000018 x15:00000003
17122663ns          295866 1c008a60 00279793 slli             x15, x15, 0x2       x15=0000000c x15:00000003
17122683ns          295867 1c008a62 00d7f7b3 and              x15, x15, x13       x15=00000000 x15:0000000c x13:00001f80
17122703ns          295868 1c008a64 ee873733 p.bclr           x14, x14, 23, 8     x14=00000018 x14:00000018
17122722ns          295869 1c008a68 1a10f6b7 lui              x13, 0x1a10f000     x13=1a10f000
17122742ns          295870 1c008a6c 0ff57513 andi             x10, x10, 255       x10=00000020 x10:00000020
17122762ns          295871 1c008a70 00d70733 add              x14, x14, x13       x14=1a10f018 x14:00000018 x13:1a10f000
17122782ns          295872 1c008a72 00a7e723 p.sw             x10, x0(x15)        x10:00000020 x15:00000000  PA:1a10f018
17123100ns          295888 1c008a76 00000513 addi             x10, x0, 0          x10=00000000
17123120ns          295889 1c008a78 00008067 jalr             x0, x1, 0            x1:1c008b48
17123160ns          295891 1c008b48 31f52563 p.beqimm         x10, 778            x10:00000000
17123180ns          295892 1c008b4c 001d8d93 addi             x27, x27, 1         x27=00000012 x27:00000011
17123200ns          295893 1c008b4e 00044503 lbu              x10, 0(x8)          x10=00000025  x8:1c0000d2  PA:1c0000d2
17123498ns          295908 1c008b52 00140413 addi             x8, x8, 1            x8=1c0000d3  x8:1c0000d2
17123518ns          295909 1c008b54 fe0514e3 bne              x10, x0, -24        x10:00000025
17123578ns          295912 1c008b3c 02500793 addi             x15, x0, 37         x15=00000025
17123598ns          295913 1c008b40 04f50863 beq              x10, x15, 80        x10:00000025 x15:00000025
17123697ns          295918 1c008b90 00044483 lbu              x9, 0(x8)            x9=00000064  x8:1c0000d3  PA:1c0000d3
17124035ns          295935 1c008b94 02000693 addi             x13, x0, 32         x13=00000020
17124055ns          295936 1c008b98 00140a93 addi             x21, x8, 1          x21=1c0000d4  x8:1c0000d3
17124075ns          295937 1c008b9c 009005b3 add              x11, x0, x9         x11=00000064  x9:00000064
17124095ns          295938 1c008b9e 05cb8513 addi             x10, x23, 92        x10=1c00005c x23:1c000000
17124115ns          295939 1c008ba2 00d12823 sw               x13, 16(x2)         x13:00000020  x2:10002a28  PA:10002a38
17124135ns          295940 1c008ba4 00012c23 sw               x0, 24(x2)           x2:10002a28  PA:10002a40
17124155ns          295941 1c008ba6 00012a23 sw               x0, 20(x2)           x2:10002a28  PA:10002a3c
17124174ns          295942 1c008ba8 00012e23 sw               x0, 28(x2)           x2:10002a28  PA:10002a44
17124194ns          295943 1c008baa 00012623 sw               x0, 12(x2)           x2:10002a28  PA:10002a34
17124214ns          295944 1c008bac 02300913 addi             x18, x0, 35         x18=00000023
17124234ns          295945 1c008bb0 02d00a13 addi             x20, x0, 45         x20=0000002d
17124254ns          295946 1c008bb4 015009b3 add              x19, x0, x21        x19=1c0000d4 x21:1c0000d4
17124274ns          295947 1c008bb6 e1dff0ef jal              x1, -484             x1=1c008bb8
17124393ns          295953 1c0089d2 00054783 lbu              x15, 0(x10)         x15=0000002d x10:1c00005c  PA:1c00005c
17124692ns          295968 1c0089d6 0ff5f593 andi             x11, x11, 255       x11=00000064 x11:00000064
17124712ns          295969 1c0089da 00b78c63 beq              x15, x11, 24        x15:0000002d x11:00000064
17124731ns          295970 1c0089de 00078b63 beq              x15, x0, 22         x15:0000002d
17124751ns          295971 1c0089e0 00150793 addi             x15, x10, 1         x15=1c00005d x10:1c00005c
17124771ns          295972 1c0089e4 0040006f jal              x0, 4              
17124811ns          295974 1c0089e8 00f00533 add              x10, x0, x15        x10=1c00005d x15:1c00005d
17124831ns          295975 1c0089ea 0017c70b p.lbu            x14, 1(x15!)        x14=0000002b x15=1c00005e x15:1c00005d  PA:1c00005d
17125169ns          295992 1c0089ee feb71ce3 bne              x14, x11, -8        x14:0000002b x11:00000064
17125229ns          295995 1c0089e6 00070763 beq              x14, x0, 14         x14:0000002b
17125249ns          295996 1c0089e8 00f00533 add              x10, x0, x15        x10=1c00005e x15:1c00005e
17125268ns          295997 1c0089ea 0017c70b p.lbu            x14, 1(x15!)        x14=00000020 x15=1c00005f x15:1c00005e  PA:1c00005e
17125587ns          296013 1c0089ee feb71ce3 bne              x14, x11, -8        x14:00000020 x11:00000064
17125646ns          296016 1c0089e6 00070763 beq              x14, x0, 14         x14:00000020
17125666ns          296017 1c0089e8 00f00533 add              x10, x0, x15        x10=1c00005f x15:1c00005f
17125686ns          296018 1c0089ea 0017c70b p.lbu            x14, 1(x15!)        x14=00000023 x15=1c000060 x15:1c00005f  PA:1c00005f
17126004ns          296034 1c0089ee feb71ce3 bne              x14, x11, -8        x14:00000023 x11:00000064
17126064ns          296037 1c0089e6 00070763 beq              x14, x0, 14         x14:00000023
17126084ns          296038 1c0089e8 00f00533 add              x10, x0, x15        x10=1c000060 x15:1c000060
17126104ns          296039 1c0089ea 0017c70b p.lbu            x14, 1(x15!)        x14=00000030 x15=1c000061 x15:1c000060  PA:1c000060
17126422ns          296055 1c0089ee feb71ce3 bne              x14, x11, -8        x14:00000030 x11:00000064
17126482ns          296058 1c0089e6 00070763 beq              x14, x0, 14         x14:00000030
17126502ns          296059 1c0089e8 00f00533 add              x10, x0, x15        x10=1c000061 x15:1c000061
17126522ns          296060 1c0089ea 0017c70b p.lbu            x14, 1(x15!)        x14=00000000 x15=1c000062 x15:1c000061  PA:1c000061
17126840ns          296076 1c0089ee feb71ce3 bne              x14, x11, -8        x14:00000000 x11:00000064
17126900ns          296079 1c0089e6 00070763 beq              x14, x0, 14         x14:00000000
17126959ns          296082 1c0089f4 0015b593 sltiu            x11, x11, 1         x11=00000000 x11:00000064
17126979ns          296083 1c0089f8 40b005b3 sub              x11, x0, x11        x11=00000000 x11:00000000
17126999ns          296084 1c0089fc 00b57533 and              x10, x10, x11       x10=00000000 x10:1c000061 x11:00000000
17127019ns          296085 1c0089fe 00008067 jalr             x0, x1, 0            x1:1c008bb8
17127098ns          296089 1c008bb8 02050a63 beq              x10, x0, 52         x10:00000000
17127198ns          296094 1c008bec 02a00613 addi             x12, x0, 42         x12=0000002a
17127277ns          296098 1c008bf0 2ac48663 beq              x9, x12, 684         x9:00000064 x12:0000002a
17127317ns          296100 1c008bf4 fd048613 addi             x12, x9, -48        x12=00000034  x9:00000064
17127337ns          296101 1c008bf8 00900593 addi             x11, x0, 9          x11=00000009
17127357ns          296102 1c008bfa 00000913 addi             x18, x0, 0          x18=00000000
17127377ns          296103 1c008bfc 28c5f063 bgeu             x11, x12, 640       x11:00000009 x12:00000034
17127417ns          296105 1c008c00 02e00693 addi             x13, x0, 46         x13=0000002e
17127456ns          296107 1c008c04 fff00a13 addi             x20, x0, -1         x20=ffffffff
17127476ns          296108 1c008c06 2ed48363 beq              x9, x13, 742         x9:00000064 x13:0000002e
17127496ns          296109 1c008c0a 1c0007b7 lui              x15, 0x1c000000     x15=1c000000
17127516ns          296110 1c008c0e 009005b3 add              x11, x0, x9         x11=00000064  x9:00000064
17127536ns          296111 1c008c10 06478513 addi             x10, x15, 100       x10=1c000064 x15:1c000000
17127556ns          296112 1c008c14 dbfff0ef jal              x1, -578             x1=1c008c16
17127616ns          296115 1c0089d2 00054783 lbu              x15, 0(x10)         x15=00000068 x10:1c000064  PA:1c000064
17127914ns          296130 1c0089d6 0ff5f593 andi             x11, x11, 255       x11=00000064 x11:00000064
17127934ns          296131 1c0089da 00b78c63 beq              x15, x11, 24        x15:00000068 x11:00000064
17127954ns          296132 1c0089de 00078b63 beq              x15, x0, 22         x15:00000068
17127974ns          296133 1c0089e0 00150793 addi             x15, x10, 1         x15=1c000065 x10:1c000064
17127993ns          296134 1c0089e4 0040006f jal              x0, 4              
17128033ns          296136 1c0089e8 00f00533 add              x10, x0, x15        x10=1c000065 x15:1c000065
17128053ns          296137 1c0089ea 0017c70b p.lbu            x14, 1(x15!)        x14=0000006c x15=1c000066 x15:1c000065  PA:1c000065
17128371ns          296153 1c0089ee feb71ce3 bne              x14, x11, -8        x14:0000006c x11:00000064
17128431ns          296156 1c0089e6 00070763 beq              x14, x0, 14         x14:0000006c
17128451ns          296157 1c0089e8 00f00533 add              x10, x0, x15        x10=1c000066 x15:1c000066
17128471ns          296158 1c0089ea 0017c70b p.lbu            x14, 1(x15!)        x14=0000004c x15=1c000067 x15:1c000066  PA:1c000066
17128789ns          296174 1c0089ee feb71ce3 bne              x14, x11, -8        x14:0000004c x11:00000064
17128849ns          296177 1c0089e6 00070763 beq              x14, x0, 14         x14:0000004c
17128869ns          296178 1c0089e8 00f00533 add              x10, x0, x15        x10=1c000067 x15:1c000067
17128889ns          296179 1c0089ea 0017c70b p.lbu            x14, 1(x15!)        x14=0000007a x15=1c000068 x15:1c000067  PA:1c000067
17129207ns          296195 1c0089ee feb71ce3 bne              x14, x11, -8        x14:0000007a x11:00000064
17129267ns          296198 1c0089e6 00070763 beq              x14, x0, 14         x14:0000007a
17129286ns          296199 1c0089e8 00f00533 add              x10, x0, x15        x10=1c000068 x15:1c000068
17129306ns          296200 1c0089ea 0017c70b p.lbu            x14, 1(x15!)        x14=00000000 x15=1c000069 x15:1c000068  PA:1c000068
17129625ns          296216 1c0089ee feb71ce3 bne              x14, x11, -8        x14:00000000 x11:00000064
17129684ns          296219 1c0089e6 00070763 beq              x14, x0, 14         x14:00000000
17129744ns          296222 1c0089f4 0015b593 sltiu            x11, x11, 1         x11=00000000 x11:00000064
17129764ns          296223 1c0089f8 40b005b3 sub              x11, x0, x11        x11=00000000 x11:00000000
17129784ns          296224 1c0089fc 00b57533 and              x10, x10, x11       x10=00000000 x10:1c000068 x11:00000000
17129804ns          296225 1c0089fe 00008067 jalr             x0, x1, 0            x1:1c008c16
17129843ns          296227 1c008c16 01300433 add              x8, x0, x19          x8=1c0000d4 x19:1c0000d4
17129863ns          296228 1c008c18 00050563 beq              x10, x0, 10         x10:00000000
17130002ns          296235 1c008c22 06700693 addi             x13, x0, 103        x13=00000067
17130022ns          296236 1c008c26 2896d963 bge              x13, x9, 658        x13:00000067  x9:00000064
17130201ns          296245 1c008eb8 06500693 addi             x13, x0, 101        x13=00000065
17130241ns          296247 1c008ebc 12d4d563 bge              x9, x13, 298         x9:00000064 x13:00000065
17130301ns          296250 1c008ec0 04700693 addi             x13, x0, 71         x13=00000047
17130341ns          296252 1c008ec4 dc96cbe3 blt              x13, x9, -554       x13:00000047  x9:00000064
17130480ns          296259 1c008c9a 06300693 addi             x13, x0, 99         x13=00000063
17130540ns          296262 1c008c9e 0ad488e3 beq              x9, x13, 2224        x9:00000064 x13:00000063
17130579ns          296264 1c008ca2 0096c9e3 blt              x13, x9, 2066       x13:00000063  x9:00000064
17130679ns          296269 1c0094b4 000c2583 lw               x11, 0(x24)         x11=0000118a x24:10002b7c  PA:10002b7c
17130719ns          296271 1c0094b8 004c0c13 addi             x24, x24, 4         x24=10002b80 x24:10002b7c
17130738ns          296272 1c0094ba 3405cc63 blt              x11, x0, 856        x11:0000118a
17130758ns          296273 1c0094be 01412603 lw               x12, 20(x2)         x12=00000000  x2:10002a28  PA:10002a3c
17130798ns          296275 1c0094c0 00b006b3 add              x13, x0, x11        x13=0000118a x11:0000118a
17130838ns          296277 1c0094c2 2e061863 bne              x12, x0, 752        x12:00000000
17130858ns          296278 1c0094c6 01812703 lw               x14, 24(x2)         x14=00000000  x2:10002a28  PA:10002a40
17130878ns          296279 1c0094c8 019007b3 add              x15, x0, x25        x15=10002a4c x25:10002a4c
17130898ns          296280 1c0094ca 00070763 beq              x14, x0, 14         x14:00000000
17130977ns          296284 1c0094d8 00f00733 add              x14, x0, x15        x14=10002a4c x15:10002a4c
17130997ns          296285 1c0094da 00a00513 addi             x10, x0, 10         x10=0000000a
17131017ns          296286 1c0094dc 02a6f633 remu             x12, x13, x10       x12=00000000 x13:0000118a x10:0000000a
17131653ns          296318 1c0094e0 02a6d6b3 divu             x13, x13, x10       x13=000001c1 x13:0000118a x10:0000000a
17132270ns          296349 1c0094e4 03060613 addi             x12, x12, 48        x12=00000030 x12:00000000
17132290ns          296350 1c0094e8 00c700ab p.sb             x12, 1(x14!)        x14=10002a4d x12:00000030 x14:10002a4c  PA:10002a4c
17132310ns          296351 1c0094ec fe0698e3 bne              x13, x0, -16        x13:000001c1
17132369ns          296354 1c0094dc 02a6f633 remu             x12, x13, x10       x12=00000009 x13:000001c1 x10:0000000a
17132986ns          296385 1c0094e0 02a6d6b3 divu             x13, x13, x10       x13=0000002c x13:000001c1 x10:0000000a
17133603ns          296416 1c0094e4 03060613 addi             x12, x12, 48        x12=00000039 x12:00000009
17133623ns          296417 1c0094e8 00c700ab p.sb             x12, 1(x14!)        x14=10002a4e x12:00000039 x14:10002a4d  PA:10002a4d
17133642ns          296418 1c0094ec fe0698e3 bne              x13, x0, -16        x13:0000002c
17133702ns          296421 1c0094dc 02a6f633 remu             x12, x13, x10       x12=00000004 x13:0000002c x10:0000000a
17134319ns          296452 1c0094e0 02a6d6b3 divu             x13, x13, x10       x13=00000004 x13:0000002c x10:0000000a
17134935ns          296483 1c0094e4 03060613 addi             x12, x12, 48        x12=00000034 x12:00000004
17134955ns          296484 1c0094e8 00c700ab p.sb             x12, 1(x14!)        x14=10002a4f x12:00000034 x14:10002a4e  PA:10002a4e
17134975ns          296485 1c0094ec fe0698e3 bne              x13, x0, -16        x13:00000004
17135035ns          296488 1c0094dc 02a6f633 remu             x12, x13, x10       x12=00000004 x13:00000004 x10:0000000a
17135651ns          296519 1c0094e0 02a6d6b3 divu             x13, x13, x10       x13=00000000 x13:00000004 x10:0000000a
17136268ns          296550 1c0094e4 03060613 addi             x12, x12, 48        x12=00000034 x12:00000004
17136288ns          296551 1c0094e8 00c700ab p.sb             x12, 1(x14!)        x14=10002a50 x12:00000034 x14:10002a4f  PA:10002a4f
17136308ns          296552 1c0094ec fe0698e3 bne              x13, x0, -16        x13:00000000
17136328ns          296553 1c0094ee 40f706b3 sub              x13, x14, x15       x13=00000004 x14:10002a50 x15:10002a4c
17136348ns          296554 1c0094f2 0146dc63 bge              x13, x20, 24        x13:00000004 x20:ffffffff
17136467ns          296560 1c00950a 00e006b3 add              x13, x0, x14        x13=10002a50 x14:10002a50
17136487ns          296561 1c00950c fe068fab p.sb             x0, -1(x13!)        x13=10002a4f x13:10002a50  PA:10002a50
17136547ns          296564 1c009510 00d7fc63 bgeu             x15, x13, 24        x15:10002a4c x13:10002a4f
17136586ns          296566 1c009514 0007c503 lbu              x10, 0(x15)         x10=00000030 x15:10002a4c  PA:10002a4c
17136626ns          296568 1c009518 0006c603 lbu              x12, 0(x13)         x12=00000034 x13:10002a4f  PA:10002a4f
17136666ns          296570 1c00951c fea68fab p.sb             x10, -1(x13!)       x13=10002a4e x10:00000030 x13:10002a4f  PA:10002a4f
17136686ns          296571 1c009520 00c780ab p.sb             x12, 1(x15!)        x15=10002a4d x12:00000034 x15:10002a4c  PA:10002a4c
17136745ns          296574 1c009524 fed7e8e3 bltu             x15, x13, -16       x15:10002a4d x13:10002a4e
17136865ns          296580 1c009514 0007c503 lbu              x10, 0(x15)         x10=00000039 x15:10002a4d  PA:10002a4d
17136905ns          296582 1c009518 0006c603 lbu              x12, 0(x13)         x12=00000034 x13:10002a4e  PA:10002a4e
17136964ns          296585 1c00951c fea68fab p.sb             x10, -1(x13!)       x13=10002a4d x10:00000039 x13:10002a4e  PA:10002a4e
17137004ns          296587 1c009520 00c780ab p.sb             x12, 1(x15!)        x15=10002a4e x12:00000034 x15:10002a4d  PA:10002a4d
17137024ns          296588 1c009524 fed7e8e3 bltu             x15, x13, -16       x15:10002a4e x13:10002a4d
17137044ns          296589 1c009528 01412783 lw               x15, 20(x2)         x15=00000000  x2:10002a28  PA:10002a3c
17137064ns          296590 1c00952a 01812603 lw               x12, 24(x2)         x12=00000000  x2:10002a28  PA:10002a40
17137084ns          296591 1c00952c 419704b3 sub              x9, x14, x25         x9=00000004 x14:10002a50 x25:10002a4c
17137103ns          296592 1c009530 00c7e7b3 or               x15, x15, x12       x15=00000000 x15:00000000 x12:00000000
17137123ns          296593 1c009532 00f12623 sw               x15, 12(x2)         x15:00000000  x2:10002a28  PA:10002a34
17137143ns          296594 1c009534 00079363 bne              x15, x0, 6          x15:00000000
17137163ns          296595 1c009536 01f5d593 srli             x11, x11, 0x1f      x11=00000000 x11:0000118a
17137183ns          296596 1c009538 00b12623 sw               x11, 12(x2)         x11:00000000  x2:10002a28  PA:10002a34
17137203ns          296597 1c00953a e3fa28e3 p.beqimm         x20, -464           x20:ffffffff
17137362ns          296605 1c00936a 0c800793 addi             x15, x0, 200        x15=000000c8
17137422ns          296608 1c00936e 9e97d0e3 bge              x15, x9, -1568      x15:000000c8  x9:00000004
17137601ns          296617 1c008d4e 0f24d163 bge              x9, x18, 226         x9:00000004 x18:00000000
17137660ns          296620 1c008e30 d00482e3 beq              x9, x0, -764         x9:00000004
17137680ns          296621 1c008e34 01900933 add              x18, x0, x25        x18=10002a4c x25:10002a4c
17137700ns          296622 1c008e36 419d8db3 sub              x27, x27, x25       x27=efffd5c6 x27:00000012 x25:10002a4c
17137720ns          296623 1c008e3a 00a0006f jal              x0, 10             
17137760ns          296625 1c008e44 0019450b p.lbu            x10, 1(x18!)        x10=00000034 x18=10002a4d x18:10002a4c  PA:10002a4c
17137780ns          296626 1c008e48 01a005b3 add              x11, x0, x26        x11=00000002 x26:00000002
17137800ns          296627 1c008e4a 000b00e7 jalr             x1, x22, 0           x1=1c008e4c x22:1c008a52
17137939ns          296634 1c008a52 000026b7 lui              x13, 0x2000         x13=00002000
17137979ns          296636 1c008a54 f14027f3 csrrs            x15, x0, 0xf14      x15=00000003
17137999ns          296637 1c008a58 f8068693 addi             x13, x13, -128      x13=00001f80 x13:00002000
17138018ns          296638 1c008a5c 00379713 slli             x14, x15, 0x3       x14=00000018 x15:00000003
17138078ns          296641 1c008a60 00279793 slli             x15, x15, 0x2       x15=0000000c x15:00000003
17138098ns          296642 1c008a62 00d7f7b3 and              x15, x15, x13       x15=00000000 x15:0000000c x13:00001f80
17138118ns          296643 1c008a64 ee873733 p.bclr           x14, x14, 23, 8     x14=00000018 x14:00000018
17138138ns          296644 1c008a68 1a10f6b7 lui              x13, 0x1a10f000     x13=1a10f000
17138158ns          296645 1c008a6c 0ff57513 andi             x10, x10, 255       x10=00000034 x10:00000034
17138178ns          296646 1c008a70 00d70733 add              x14, x14, x13       x14=1a10f018 x14:00000018 x13:1a10f000
17138197ns          296647 1c008a72 00a7e723 p.sw             x10, x0(x15)        x10:00000034 x15:00000000  PA:1a10f018
17138615ns          296668 1c008a76 00000513 addi             x10, x0, 0          x10=00000000
17138635ns          296669 1c008a78 00008067 jalr             x0, x1, 0            x1:1c008e4c
17138675ns          296671 1c008e4c fff48493 addi             x9, x9, -1           x9=00000003  x9:00000004
17138695ns          296672 1c008e4e fff537e3 p.bneimm         x10, -18            x10:00000000
17138754ns          296675 1c008e3c 012d8733 add              x14, x27, x18       x14=00000013 x27:efffd5c6 x18:10002a4d
17138774ns          296676 1c008e40 5a048b63 beq              x9, x0, 1462         x9:00000003
17138794ns          296677 1c008e44 0019450b p.lbu            x10, 1(x18!)        x10=00000034 x18=10002a4e x18:10002a4d  PA:10002a4d
17138814ns          296678 1c008e48 01a005b3 add              x11, x0, x26        x11=00000002 x26:00000002
17138834ns          296679 1c008e4a 000b00e7 jalr             x1, x22, 0           x1=1c008e4c x22:1c008a52
17138874ns          296681 1c008a52 000026b7 lui              x13, 0x2000         x13=00002000
17138894ns          296682 1c008a54 f14027f3 csrrs            x15, x0, 0xf14      x15=00000003
17138914ns          296683 1c008a58 f8068693 addi             x13, x13, -128      x13=00001f80 x13:00002000
17138933ns          296684 1c008a5c 00379713 slli             x14, x15, 0x3       x14=00000018 x15:00000003
17138953ns          296685 1c008a60 00279793 slli             x15, x15, 0x2       x15=0000000c x15:00000003
17138973ns          296686 1c008a62 00d7f7b3 and              x15, x15, x13       x15=00000000 x15:0000000c x13:00001f80
17138993ns          296687 1c008a64 ee873733 p.bclr           x14, x14, 23, 8     x14=00000018 x14:00000018
17139013ns          296688 1c008a68 1a10f6b7 lui              x13, 0x1a10f000     x13=1a10f000
17139033ns          296689 1c008a6c 0ff57513 andi             x10, x10, 255       x10=00000034 x10:00000034
17139053ns          296690 1c008a70 00d70733 add              x14, x14, x13       x14=1a10f018 x14:00000018 x13:1a10f000
17139073ns          296691 1c008a72 00a7e723 p.sw             x10, x0(x15)        x10:00000034 x15:00000000  PA:1a10f018
17139411ns          296708 1c008a76 00000513 addi             x10, x0, 0          x10=00000000
17139431ns          296709 1c008a78 00008067 jalr             x0, x1, 0            x1:1c008e4c
17139470ns          296711 1c008e4c fff48493 addi             x9, x9, -1           x9=00000002  x9:00000003
17139490ns          296712 1c008e4e fff537e3 p.bneimm         x10, -18            x10:00000000
17139550ns          296715 1c008e3c 012d8733 add              x14, x27, x18       x14=00000014 x27:efffd5c6 x18:10002a4e
17139570ns          296716 1c008e40 5a048b63 beq              x9, x0, 1462         x9:00000002
17139590ns          296717 1c008e44 0019450b p.lbu            x10, 1(x18!)        x10=00000039 x18=10002a4f x18:10002a4e  PA:10002a4e
17139610ns          296718 1c008e48 01a005b3 add              x11, x0, x26        x11=00000002 x26:00000002
17139630ns          296719 1c008e4a 000b00e7 jalr             x1, x22, 0           x1=1c008e4c x22:1c008a52
17139669ns          296721 1c008a52 000026b7 lui              x13, 0x2000         x13=00002000
17139689ns          296722 1c008a54 f14027f3 csrrs            x15, x0, 0xf14      x15=00000003
17139709ns          296723 1c008a58 f8068693 addi             x13, x13, -128      x13=00001f80 x13:00002000
17139729ns          296724 1c008a5c 00379713 slli             x14, x15, 0x3       x14=00000018 x15:00000003
17139749ns          296725 1c008a60 00279793 slli             x15, x15, 0x2       x15=0000000c x15:00000003
17139769ns          296726 1c008a62 00d7f7b3 and              x15, x15, x13       x15=00000000 x15:0000000c x13:00001f80
17139789ns          296727 1c008a64 ee873733 p.bclr           x14, x14, 23, 8     x14=00000018 x14:00000018
17139809ns          296728 1c008a68 1a10f6b7 lui              x13, 0x1a10f000     x13=1a10f000
17139828ns          296729 1c008a6c 0ff57513 andi             x10, x10, 255       x10=00000039 x10:00000039
17139848ns          296730 1c008a70 00d70733 add              x14, x14, x13       x14=1a10f018 x14:00000018 x13:1a10f000
17139868ns          296731 1c008a72 00a7e723 p.sw             x10, x0(x15)        x10:00000039 x15:00000000  PA:1a10f018
17140187ns          296747 1c008a76 00000513 addi             x10, x0, 0          x10=00000000
17140206ns          296748 1c008a78 00008067 jalr             x0, x1, 0            x1:1c008e4c
17140246ns          296750 1c008e4c fff48493 addi             x9, x9, -1           x9=00000001  x9:00000002
17140266ns          296751 1c008e4e fff537e3 p.bneimm         x10, -18            x10:00000000
17140326ns          296754 1c008e3c 012d8733 add              x14, x27, x18       x14=00000015 x27:efffd5c6 x18:10002a4f
17140346ns          296755 1c008e40 5a048b63 beq              x9, x0, 1462         x9:00000001
17140366ns          296756 1c008e44 0019450b p.lbu            x10, 1(x18!)        x10=00000030 x18=10002a50 x18:10002a4f  PA:10002a4f
17140385ns          296757 1c008e48 01a005b3 add              x11, x0, x26        x11=00000002 x26:00000002
17140405ns          296758 1c008e4a 000b00e7 jalr             x1, x22, 0           x1=1c008e4c x22:1c008a52
17140445ns          296760 1c008a52 000026b7 lui              x13, 0x2000         x13=00002000
17140465ns          296761 1c008a54 f14027f3 csrrs            x15, x0, 0xf14      x15=00000003
17140485ns          296762 1c008a58 f8068693 addi             x13, x13, -128      x13=00001f80 x13:00002000
17140505ns          296763 1c008a5c 00379713 slli             x14, x15, 0x3       x14=00000018 x15:00000003
17140525ns          296764 1c008a60 00279793 slli             x15, x15, 0x2       x15=0000000c x15:00000003
17140545ns          296765 1c008a62 00d7f7b3 and              x15, x15, x13       x15=00000000 x15:0000000c x13:00001f80
17140564ns          296766 1c008a64 ee873733 p.bclr           x14, x14, 23, 8     x14=00000018 x14:00000018
17140584ns          296767 1c008a68 1a10f6b7 lui              x13, 0x1a10f000     x13=1a10f000
17140604ns          296768 1c008a6c 0ff57513 andi             x10, x10, 255       x10=00000030 x10:00000030
17140624ns          296769 1c008a70 00d70733 add              x14, x14, x13       x14=1a10f018 x14:00000018 x13:1a10f000
17140644ns          296770 1c008a72 00a7e723 p.sw             x10, x0(x15)        x10:00000030 x15:00000000  PA:1a10f018
17140962ns          296786 1c008a76 00000513 addi             x10, x0, 0          x10=00000000
17140982ns          296787 1c008a78 00008067 jalr             x0, x1, 0            x1:1c008e4c
17141022ns          296789 1c008e4c fff48493 addi             x9, x9, -1           x9=00000000  x9:00000001
17141042ns          296790 1c008e4e fff537e3 p.bneimm         x10, -18            x10:00000000
17141102ns          296793 1c008e3c 012d8733 add              x14, x27, x18       x14=00000016 x27:efffd5c6 x18:10002a50
17141121ns          296794 1c008e40 5a048b63 beq              x9, x0, 1462         x9:00000000
17141221ns          296799 1c0093f6 00e00db3 add              x27, x0, x14        x27=00000016 x14:00000016
17141261ns          296801 1c0093f8 f3cff06f jal              x0, -2244          
17141300ns          296803 1c008b34 00044503 lbu              x10, 0(x8)          x10=0000000a  x8:1c0000d4  PA:1c0000d4
17141599ns          296818 1c008b38 00140413 addi             x8, x8, 1            x8=1c0000d5  x8:1c0000d4
17141619ns          296819 1c008b3a 00050e63 beq              x10, x0, 28         x10:0000000a
17141639ns          296820 1c008b3c 02500793 addi             x15, x0, 37         x15=00000025
17141658ns          296821 1c008b40 04f50863 beq              x10, x15, 80        x10:0000000a x15:00000025
17141678ns          296822 1c008b44 01a005b3 add              x11, x0, x26        x11=00000002 x26:00000002
17141698ns          296823 1c008b46 000b00e7 jalr             x1, x22, 0           x1=1c008b48 x22:1c008a52
17141798ns          296828 1c008a52 000026b7 lui              x13, 0x2000         x13=00002000
17141818ns          296829 1c008a54 f14027f3 csrrs            x15, x0, 0xf14      x15=00000003
17141837ns          296830 1c008a58 f8068693 addi             x13, x13, -128      x13=00001f80 x13:00002000
17141857ns          296831 1c008a5c 00379713 slli             x14, x15, 0x3       x14=00000018 x15:00000003
17141877ns          296832 1c008a60 00279793 slli             x15, x15, 0x2       x15=0000000c x15:00000003
17141897ns          296833 1c008a62 00d7f7b3 and              x15, x15, x13       x15=00000000 x15:0000000c x13:00001f80
17141917ns          296834 1c008a64 ee873733 p.bclr           x14, x14, 23, 8     x14=00000018 x14:00000018
17141937ns          296835 1c008a68 1a10f6b7 lui              x13, 0x1a10f000     x13=1a10f000
17141957ns          296836 1c008a6c 0ff57513 andi             x10, x10, 255       x10=0000000a x10:0000000a
17141977ns          296837 1c008a70 00d70733 add              x14, x14, x13       x14=1a10f018 x14:00000018 x13:1a10f000
17141997ns          296838 1c008a72 00a7e723 p.sw             x10, x0(x15)        x10:0000000a x15:00000000  PA:1a10f018
17142394ns          296858 1c008a76 00000513 addi             x10, x0, 0          x10=00000000
17142414ns          296859 1c008a78 00008067 jalr             x0, x1, 0            x1:1c008b48
17142454ns          296861 1c008b48 31f52563 p.beqimm         x10, 778            x10:00000000
17142474ns          296862 1c008b4c 001d8d93 addi             x27, x27, 1         x27=00000017 x27:00000016
17142494ns          296863 1c008b4e 00044503 lbu              x10, 0(x8)          x10=00000000  x8:1c0000d5  PA:1c0000d5
17142792ns          296878 1c008b52 00140413 addi             x8, x8, 1            x8=1c0000d6  x8:1c0000d5
17142812ns          296879 1c008b54 fe0514e3 bne              x10, x0, -24        x10:00000000
17142832ns          296880 1c008b56 01b00433 add              x8, x0, x27          x8=00000017 x27:00000017
17142852ns          296881 1c008b58 00800533 add              x10, x0, x8         x10=00000017  x8:00000017
17142872ns          296882 1c008b5a 12c12083 lw               x1, 300(x2)          x1=1c008ae6  x2:10002a28  PA:10002b54
17142892ns          296883 1c008b5e 12812403 lw               x8, 296(x2)          x8=1c00110c  x2:10002a28  PA:10002b50
17142912ns          296884 1c008b62 12412483 lw               x9, 292(x2)          x9=00000000  x2:10002a28  PA:10002b4c
17142931ns          296885 1c008b66 12012903 lw               x18, 288(x2)        x18=1a10b004  x2:10002a28  PA:10002b48
17142951ns          296886 1c008b6a 11c12983 lw               x19, 284(x2)        x19=00000003  x2:10002a28  PA:10002b44
17143011ns          296889 1c008b6e 11812a03 lw               x20, 280(x2)        x20=1c001110  x2:10002a28  PA:10002b40
17143051ns          296891 1c008b72 11412a83 lw               x21, 276(x2)        x21=1c00a000  x2:10002a28  PA:10002b3c
17143071ns          296892 1c008b76 11012b03 lw               x22, 272(x2)        x22=1c00a000  x2:10002a28  PA:10002b38
17143091ns          296893 1c008b7a 10c12b83 lw               x23, 268(x2)        x23=1c000000  x2:10002a28  PA:10002b34
17143150ns          296896 1c008b7e 10812c03 lw               x24, 264(x2)        x24=1c000000  x2:10002a28  PA:10002b30
17143190ns          296898 1c008b82 10412c83 lw               x25, 260(x2)        x25=1c000000  x2:10002a28  PA:10002b2c
17143210ns          296899 1c008b86 10012d03 lw               x26, 256(x2)        x26=1c000000  x2:10002a28  PA:10002b28
17143230ns          296900 1c008b8a 0fc12d83 lw               x27, 252(x2)        x27=1c001104  x2:10002a28  PA:10002b24
17143270ns          296902 1c008b8c 13010113 addi             x2, x2, 304          x2=10002b58  x2:10002a28
17143289ns          296903 1c008b8e 00008067 jalr             x0, x1, 0            x1:1c008ae6
17143369ns          296907 1c008ae6 01c12083 lw               x1, 28(x2)           x1=1c009d20  x2:10002b58  PA:10002b74
17143409ns          296909 1c008ae8 04010113 addi             x2, x2, 64           x2=10002b98  x2:10002b58
17143429ns          296910 1c008aea 00008067 jalr             x0, x1, 0            x1:1c009d20
17143568ns          296917 1c009d20 00c12703 lw               x14, 12(x2)         x14=00000000  x2:10002b98  PA:10002ba4
17143588ns          296918 1c009d22 008d8d93 addi             x27, x27, 8         x27=1c00110c x27:1c001104
17143608ns          296919 1c009d24 00e484b3 add              x9, x9, x14          x9=00000000  x9:00000000 x14:00000000
17143628ns          296920 1c009d26 f9b41be3 bne              x8, x27, -106        x8:1c00110c x27:1c00110c
17143648ns          296921 1c009d2a 000a2783 lw               x15, 0(x20)         x15=00000001 x20:1c001110  PA:1c001110
17143966ns          296937 1c009d2e 02079563 bne              x15, x0, 42         x15:00000001
17144304ns          296954 1c009d58 1c000537 lui              x10, 0x1c000000     x10=1c000000
17144344ns          296956 1c009d5c 0d850513 addi             x10, x10, 216       x10=1c0000d8 x10:1c000000
17144801ns          296979 1c009d60 d5ffe0ef jal              x1, -4770            x1=1c009d64
17144881ns          296983 1c008abe fc010113 addi             x2, x2, -64          x2=10002b58  x2:10002b98
17144960ns          296987 1c008ac0 02410313 addi             x6, x2, 36           x6=10002b7c  x2:10002b58
17145000ns          296989 1c008ac4 02c12423 sw               x12, 40(x2)         x12:00000000  x2:10002b58  PA:10002b80
17145020ns          296990 1c008ac6 00a00633 add              x12, x0, x10        x12=1c0000d8 x10:1c0000d8
17145040ns          296991 1c008ac8 1c009537 lui              x10, 0x1c009000     x10=1c009000
17145060ns          296992 1c008acc 02b12223 sw               x11, 36(x2)         x11:00000002  x2:10002b58  PA:10002b7c
17145080ns          296993 1c008ace 02d12623 sw               x13, 44(x2)         x13:1a10f000  x2:10002b58  PA:10002b84
17145100ns          296994 1c008ad0 00200593 addi             x11, x0, 2          x11=00000002
17145119ns          296995 1c008ad2 006006b3 add              x13, x0, x6         x13=10002b7c  x6:10002b7c
17145139ns          296996 1c008ad4 a5250513 addi             x10, x10, -1454     x10=1c008a52 x10:1c009000
17145159ns          296997 1c008ad8 00112e23 sw               x1, 28(x2)           x1:1c009d64  x2:10002b58  PA:10002b74
17145179ns          296998 1c008ada 02e12823 sw               x14, 48(x2)         x14:00000000  x2:10002b58  PA:10002b88
17145199ns          296999 1c008adc 02f12a23 sw               x15, 52(x2)         x15:00000001  x2:10002b58  PA:10002b8c
17145219ns          297000 1c008ade 03012c23 sw               x16, 56(x2)         x16:10002a4c  x2:10002b58  PA:10002b90
17145239ns          297001 1c008ae0 03112e23 sw               x17, 60(x2)         x17:1c000040  x2:10002b58  PA:10002b94
17145259ns          297002 1c008ae2 00612623 sw               x6, 12(x2)           x6:10002b7c  x2:10002b58  PA:10002b64
17145279ns          297003 1c008ae4 fbfff0ef jal              x1, -66              x1=1c008ae6
17145358ns          297007 1c008aa2 04a0006f jal              x0, 74             
17145398ns          297009 1c008aec ed010113 addi             x2, x2, -304         x2=10002a28  x2:10002b58
17145418ns          297010 1c008aee 12812423 sw               x8, 296(x2)          x8:1c00110c  x2:10002a28  PA:10002b50
17145438ns          297011 1c008af2 00000413 addi             x8, x0, 0            x8=00000000
17145458ns          297012 1c008af4 11612823 sw               x22, 272(x2)        x22:1c00a000  x2:10002a28  PA:10002b38
17145477ns          297013 1c008af8 11712623 sw               x23, 268(x2)        x23:1c000000  x2:10002a28  PA:10002b34
17145497ns          297014 1c008afc 11812423 sw               x24, 264(x2)        x24:1c000000  x2:10002a28  PA:10002b30
17145537ns          297016 1c008b00 11912223 sw               x25, 260(x2)        x25:1c000000  x2:10002a28  PA:10002b2c
17145597ns          297019 1c008b04 11a12023 sw               x26, 256(x2)        x26:1c000000  x2:10002a28  PA:10002b28
17145617ns          297020 1c008b08 0fb12e23 sw               x27, 252(x2)        x27:1c00110c  x2:10002a28  PA:10002b24
17145637ns          297021 1c008b0a 12112623 sw               x1, 300(x2)          x1:1c008ae6  x2:10002a28  PA:10002b54
17145656ns          297022 1c008b0e 00800db3 add              x27, x0, x8         x27=00000000  x8:00000000
17145676ns          297023 1c008b10 12912223 sw               x9, 292(x2)          x9:00000000  x2:10002a28  PA:10002b4c
17145716ns          297025 1c008b14 13212023 sw               x18, 288(x2)        x18:1a10b004  x2:10002a28  PA:10002b48
17145736ns          297026 1c008b18 11312e23 sw               x19, 284(x2)        x19:00000003  x2:10002a28  PA:10002b44
17145756ns          297027 1c008b1c 11412c23 sw               x20, 280(x2)        x20:1c001110  x2:10002a28  PA:10002b40
17145816ns          297030 1c008b20 11512a23 sw               x21, 276(x2)        x21:1c00a000  x2:10002a28  PA:10002b3c
17145855ns          297032 1c008b24 00a00b33 add              x22, x0, x10        x22=1c008a52 x10:1c008a52
17145875ns          297033 1c008b26 00b00d33 add              x26, x0, x11        x26=00000002 x11:00000002
17145895ns          297034 1c008b28 00d00c33 add              x24, x0, x13        x24=10002b7c x13:10002b7c
17145915ns          297035 1c008b2a 1c000bb7 lui              x23, 0x1c000000     x23=1c000000
17145955ns          297037 1c008b2e 02410c93 addi             x25, x2, 36         x25=10002a4c  x2:10002a28
17145975ns          297038 1c008b32 00c00433 add              x8, x0, x12          x8=1c0000d8 x12:1c0000d8
17145995ns          297039 1c008b34 00044503 lbu              x10, 0(x8)          x10=0000003d  x8:1c0000d8  PA:1c0000d8
17146313ns          297055 1c008b38 00140413 addi             x8, x8, 1            x8=1c0000d9  x8:1c0000d8
17146333ns          297056 1c008b3a 00050e63 beq              x10, x0, 28         x10:0000003d
17146353ns          297057 1c008b3c 02500793 addi             x15, x0, 37         x15=00000025
17146373ns          297058 1c008b40 04f50863 beq              x10, x15, 80        x10:0000003d x15:00000025
17146392ns          297059 1c008b44 01a005b3 add              x11, x0, x26        x11=00000002 x26:00000002
17146412ns          297060 1c008b46 000b00e7 jalr             x1, x22, 0           x1=1c008b48 x22:1c008a52
17146492ns          297064 1c008a52 000026b7 lui              x13, 0x2000         x13=00002000
17146532ns          297066 1c008a54 f14027f3 csrrs            x15, x0, 0xf14      x15=00000003
17146552ns          297067 1c008a58 f8068693 addi             x13, x13, -128      x13=00001f80 x13:00002000
17146571ns          297068 1c008a5c 00379713 slli             x14, x15, 0x3       x14=00000018 x15:00000003
17146591ns          297069 1c008a60 00279793 slli             x15, x15, 0x2       x15=0000000c x15:00000003
17146611ns          297070 1c008a62 00d7f7b3 and              x15, x15, x13       x15=00000000 x15:0000000c x13:00001f80
17146631ns          297071 1c008a64 ee873733 p.bclr           x14, x14, 23, 8     x14=00000018 x14:00000018
17146651ns          297072 1c008a68 1a10f6b7 lui              x13, 0x1a10f000     x13=1a10f000
17146671ns          297073 1c008a6c 0ff57513 andi             x10, x10, 255       x10=0000003d x10:0000003d
17146691ns          297074 1c008a70 00d70733 add              x14, x14, x13       x14=1a10f018 x14:00000018 x13:1a10f000
17146711ns          297075 1c008a72 00a7e723 p.sw             x10, x0(x15)        x10:0000003d x15:00000000  PA:1a10f018
17147188ns          297099 1c008a76 00000513 addi             x10, x0, 0          x10=00000000
17147208ns          297100 1c008a78 00008067 jalr             x0, x1, 0            x1:1c008b48
17147248ns          297102 1c008b48 31f52563 p.beqimm         x10, 778            x10:00000000
17147268ns          297103 1c008b4c 001d8d93 addi             x27, x27, 1         x27=00000001 x27:00000000
17147288ns          297104 1c008b4e 00044503 lbu              x10, 0(x8)          x10=0000003d  x8:1c0000d9  PA:1c0000d9
17147586ns          297119 1c008b52 00140413 addi             x8, x8, 1            x8=1c0000da  x8:1c0000d9
17147606ns          297120 1c008b54 fe0514e3 bne              x10, x0, -24        x10:0000003d
17147665ns          297123 1c008b3c 02500793 addi             x15, x0, 37         x15=00000025
17147685ns          297124 1c008b40 04f50863 beq              x10, x15, 80        x10:0000003d x15:00000025
17147705ns          297125 1c008b44 01a005b3 add              x11, x0, x26        x11=00000002 x26:00000002
17147725ns          297126 1c008b46 000b00e7 jalr             x1, x22, 0           x1=1c008b48 x22:1c008a52
17147765ns          297128 1c008a52 000026b7 lui              x13, 0x2000         x13=00002000
17147785ns          297129 1c008a54 f14027f3 csrrs            x15, x0, 0xf14      x15=00000003
17147805ns          297130 1c008a58 f8068693 addi             x13, x13, -128      x13=00001f80 x13:00002000
17147825ns          297131 1c008a5c 00379713 slli             x14, x15, 0x3       x14=00000018 x15:00000003
17147844ns          297132 1c008a60 00279793 slli             x15, x15, 0x2       x15=0000000c x15:00000003
17147864ns          297133 1c008a62 00d7f7b3 and              x15, x15, x13       x15=00000000 x15:0000000c x13:00001f80
17147884ns          297134 1c008a64 ee873733 p.bclr           x14, x14, 23, 8     x14=00000018 x14:00000018
17147904ns          297135 1c008a68 1a10f6b7 lui              x13, 0x1a10f000     x13=1a10f000
17147924ns          297136 1c008a6c 0ff57513 andi             x10, x10, 255       x10=0000003d x10:0000003d
17147944ns          297137 1c008a70 00d70733 add              x14, x14, x13       x14=1a10f018 x14:00000018 x13:1a10f000
17147964ns          297138 1c008a72 00a7e723 p.sw             x10, x0(x15)        x10:0000003d x15:00000000  PA:1a10f018
17148302ns          297155 1c008a76 00000513 addi             x10, x0, 0          x10=00000000
17148322ns          297156 1c008a78 00008067 jalr             x0, x1, 0            x1:1c008b48
17148362ns          297158 1c008b48 31f52563 p.beqimm         x10, 778            x10:00000000
17148382ns          297159 1c008b4c 001d8d93 addi             x27, x27, 1         x27=00000002 x27:00000001
17148401ns          297160 1c008b4e 00044503 lbu              x10, 0(x8)          x10=0000003d  x8:1c0000da  PA:1c0000da
17148700ns          297175 1c008b52 00140413 addi             x8, x8, 1            x8=1c0000db  x8:1c0000da
17148720ns          297176 1c008b54 fe0514e3 bne              x10, x0, -24        x10:0000003d
17148779ns          297179 1c008b3c 02500793 addi             x15, x0, 37         x15=00000025
17148799ns          297180 1c008b40 04f50863 beq              x10, x15, 80        x10:0000003d x15:00000025
17148819ns          297181 1c008b44 01a005b3 add              x11, x0, x26        x11=00000002 x26:00000002
17148839ns          297182 1c008b46 000b00e7 jalr             x1, x22, 0           x1=1c008b48 x22:1c008a52
17148879ns          297184 1c008a52 000026b7 lui              x13, 0x2000         x13=00002000
17148899ns          297185 1c008a54 f14027f3 csrrs            x15, x0, 0xf14      x15=00000003
17148919ns          297186 1c008a58 f8068693 addi             x13, x13, -128      x13=00001f80 x13:00002000
17148938ns          297187 1c008a5c 00379713 slli             x14, x15, 0x3       x14=00000018 x15:00000003
17148958ns          297188 1c008a60 00279793 slli             x15, x15, 0x2       x15=0000000c x15:00000003
17148978ns          297189 1c008a62 00d7f7b3 and              x15, x15, x13       x15=00000000 x15:0000000c x13:00001f80
17148998ns          297190 1c008a64 ee873733 p.bclr           x14, x14, 23, 8     x14=00000018 x14:00000018
17149018ns          297191 1c008a68 1a10f6b7 lui              x13, 0x1a10f000     x13=1a10f000
17149038ns          297192 1c008a6c 0ff57513 andi             x10, x10, 255       x10=0000003d x10:0000003d
17149058ns          297193 1c008a70 00d70733 add              x14, x14, x13       x14=1a10f018 x14:00000018 x13:1a10f000
17149078ns          297194 1c008a72 00a7e723 p.sw             x10, x0(x15)        x10:0000003d x15:00000000  PA:1a10f018
17149416ns          297211 1c008a76 00000513 addi             x10, x0, 0          x10=00000000
17149436ns          297212 1c008a78 00008067 jalr             x0, x1, 0            x1:1c008b48
17149476ns          297214 1c008b48 31f52563 p.beqimm         x10, 778            x10:00000000
17149495ns          297215 1c008b4c 001d8d93 addi             x27, x27, 1         x27=00000003 x27:00000002
17149515ns          297216 1c008b4e 00044503 lbu              x10, 0(x8)          x10=0000003d  x8:1c0000db  PA:1c0000db
17149834ns          297232 1c008b52 00140413 addi             x8, x8, 1            x8=1c0000dc  x8:1c0000db
17149853ns          297233 1c008b54 fe0514e3 bne              x10, x0, -24        x10:0000003d
17149913ns          297236 1c008b3c 02500793 addi             x15, x0, 37         x15=00000025
17149933ns          297237 1c008b40 04f50863 beq              x10, x15, 80        x10:0000003d x15:00000025
17149953ns          297238 1c008b44 01a005b3 add              x11, x0, x26        x11=00000002 x26:00000002
17149973ns          297239 1c008b46 000b00e7 jalr             x1, x22, 0           x1=1c008b48 x22:1c008a52
17150013ns          297241 1c008a52 000026b7 lui              x13, 0x2000         x13=00002000
17150032ns          297242 1c008a54 f14027f3 csrrs            x15, x0, 0xf14      x15=00000003
17150052ns          297243 1c008a58 f8068693 addi             x13, x13, -128      x13=00001f80 x13:00002000
17150072ns          297244 1c008a5c 00379713 slli             x14, x15, 0x3       x14=00000018 x15:00000003
17150092ns          297245 1c008a60 00279793 slli             x15, x15, 0x2       x15=0000000c x15:00000003
17150112ns          297246 1c008a62 00d7f7b3 and              x15, x15, x13       x15=00000000 x15:0000000c x13:00001f80
17150132ns          297247 1c008a64 ee873733 p.bclr           x14, x14, 23, 8     x14=00000018 x14:00000018
17150152ns          297248 1c008a68 1a10f6b7 lui              x13, 0x1a10f000     x13=1a10f000
17150172ns          297249 1c008a6c 0ff57513 andi             x10, x10, 255       x10=0000003d x10:0000003d
17150192ns          297250 1c008a70 00d70733 add              x14, x14, x13       x14=1a10f018 x14:00000018 x13:1a10f000
17150211ns          297251 1c008a72 00a7e723 p.sw             x10, x0(x15)        x10:0000003d x15:00000000  PA:1a10f018
17150530ns          297267 1c008a76 00000513 addi             x10, x0, 0          x10=00000000
17150550ns          297268 1c008a78 00008067 jalr             x0, x1, 0            x1:1c008b48
17150589ns          297270 1c008b48 31f52563 p.beqimm         x10, 778            x10:00000000
17150609ns          297271 1c008b4c 001d8d93 addi             x27, x27, 1         x27=00000004 x27:00000003
17150629ns          297272 1c008b4e 00044503 lbu              x10, 0(x8)          x10=00000020  x8:1c0000dc  PA:1c0000dc
17150928ns          297287 1c008b52 00140413 addi             x8, x8, 1            x8=1c0000dd  x8:1c0000dc
17150947ns          297288 1c008b54 fe0514e3 bne              x10, x0, -24        x10:00000020
17151007ns          297291 1c008b3c 02500793 addi             x15, x0, 37         x15=00000025
17151027ns          297292 1c008b40 04f50863 beq              x10, x15, 80        x10:00000020 x15:00000025
17151047ns          297293 1c008b44 01a005b3 add              x11, x0, x26        x11=00000002 x26:00000002
17151067ns          297294 1c008b46 000b00e7 jalr             x1, x22, 0           x1=1c008b48 x22:1c008a52
17151107ns          297296 1c008a52 000026b7 lui              x13, 0x2000         x13=00002000
17151126ns          297297 1c008a54 f14027f3 csrrs            x15, x0, 0xf14      x15=00000003
17151146ns          297298 1c008a58 f8068693 addi             x13, x13, -128      x13=00001f80 x13:00002000
17151166ns          297299 1c008a5c 00379713 slli             x14, x15, 0x3       x14=00000018 x15:00000003
17151186ns          297300 1c008a60 00279793 slli             x15, x15, 0x2       x15=0000000c x15:00000003
17151206ns          297301 1c008a62 00d7f7b3 and              x15, x15, x13       x15=00000000 x15:0000000c x13:00001f80
17151226ns          297302 1c008a64 ee873733 p.bclr           x14, x14, 23, 8     x14=00000018 x14:00000018
17151246ns          297303 1c008a68 1a10f6b7 lui              x13, 0x1a10f000     x13=1a10f000
17151266ns          297304 1c008a6c 0ff57513 andi             x10, x10, 255       x10=00000020 x10:00000020
17151286ns          297305 1c008a70 00d70733 add              x14, x14, x13       x14=1a10f018 x14:00000018 x13:1a10f000
17151305ns          297306 1c008a72 00a7e723 p.sw             x10, x0(x15)        x10:00000020 x15:00000000  PA:1a10f018
17151624ns          297322 1c008a76 00000513 addi             x10, x0, 0          x10=00000000
17151644ns          297323 1c008a78 00008067 jalr             x0, x1, 0            x1:1c008b48
17151683ns          297325 1c008b48 31f52563 p.beqimm         x10, 778            x10:00000000
17151703ns          297326 1c008b4c 001d8d93 addi             x27, x27, 1         x27=00000005 x27:00000004
17151723ns          297327 1c008b4e 00044503 lbu              x10, 0(x8)          x10=00000053  x8:1c0000dd  PA:1c0000dd
17152022ns          297342 1c008b52 00140413 addi             x8, x8, 1            x8=1c0000de  x8:1c0000dd
17152041ns          297343 1c008b54 fe0514e3 bne              x10, x0, -24        x10:00000053
17152101ns          297346 1c008b3c 02500793 addi             x15, x0, 37         x15=00000025
17152121ns          297347 1c008b40 04f50863 beq              x10, x15, 80        x10:00000053 x15:00000025
17152141ns          297348 1c008b44 01a005b3 add              x11, x0, x26        x11=00000002 x26:00000002
17152161ns          297349 1c008b46 000b00e7 jalr             x1, x22, 0           x1=1c008b48 x22:1c008a52
17152201ns          297351 1c008a52 000026b7 lui              x13, 0x2000         x13=00002000
17152220ns          297352 1c008a54 f14027f3 csrrs            x15, x0, 0xf14      x15=00000003
17152240ns          297353 1c008a58 f8068693 addi             x13, x13, -128      x13=00001f80 x13:00002000
17152260ns          297354 1c008a5c 00379713 slli             x14, x15, 0x3       x14=00000018 x15:00000003
17152280ns          297355 1c008a60 00279793 slli             x15, x15, 0x2       x15=0000000c x15:00000003
17152300ns          297356 1c008a62 00d7f7b3 and              x15, x15, x13       x15=00000000 x15:0000000c x13:00001f80
17152320ns          297357 1c008a64 ee873733 p.bclr           x14, x14, 23, 8     x14=00000018 x14:00000018
17152340ns          297358 1c008a68 1a10f6b7 lui              x13, 0x1a10f000     x13=1a10f000
17152360ns          297359 1c008a6c 0ff57513 andi             x10, x10, 255       x10=00000053 x10:00000053
17152380ns          297360 1c008a70 00d70733 add              x14, x14, x13       x14=1a10f018 x14:00000018 x13:1a10f000
17152399ns          297361 1c008a72 00a7e723 p.sw             x10, x0(x15)        x10:00000053 x15:00000000  PA:1a10f018
17152718ns          297377 1c008a76 00000513 addi             x10, x0, 0          x10=00000000
17152738ns          297378 1c008a78 00008067 jalr             x0, x1, 0            x1:1c008b48
17152777ns          297380 1c008b48 31f52563 p.beqimm         x10, 778            x10:00000000
17152797ns          297381 1c008b4c 001d8d93 addi             x27, x27, 1         x27=00000006 x27:00000005
17152817ns          297382 1c008b4e 00044503 lbu              x10, 0(x8)          x10=00000055  x8:1c0000de  PA:1c0000de
17153116ns          297397 1c008b52 00140413 addi             x8, x8, 1            x8=1c0000df  x8:1c0000de
17153135ns          297398 1c008b54 fe0514e3 bne              x10, x0, -24        x10:00000055
17153195ns          297401 1c008b3c 02500793 addi             x15, x0, 37         x15=00000025
17153215ns          297402 1c008b40 04f50863 beq              x10, x15, 80        x10:00000055 x15:00000025
17153235ns          297403 1c008b44 01a005b3 add              x11, x0, x26        x11=00000002 x26:00000002
17153255ns          297404 1c008b46 000b00e7 jalr             x1, x22, 0           x1=1c008b48 x22:1c008a52
17153295ns          297406 1c008a52 000026b7 lui              x13, 0x2000         x13=00002000
17153314ns          297407 1c008a54 f14027f3 csrrs            x15, x0, 0xf14      x15=00000003
17153334ns          297408 1c008a58 f8068693 addi             x13, x13, -128      x13=00001f80 x13:00002000
17153354ns          297409 1c008a5c 00379713 slli             x14, x15, 0x3       x14=00000018 x15:00000003
17153374ns          297410 1c008a60 00279793 slli             x15, x15, 0x2       x15=0000000c x15:00000003
17153394ns          297411 1c008a62 00d7f7b3 and              x15, x15, x13       x15=00000000 x15:0000000c x13:00001f80
17153414ns          297412 1c008a64 ee873733 p.bclr           x14, x14, 23, 8     x14=00000018 x14:00000018
17153434ns          297413 1c008a68 1a10f6b7 lui              x13, 0x1a10f000     x13=1a10f000
17153454ns          297414 1c008a6c 0ff57513 andi             x10, x10, 255       x10=00000055 x10:00000055
17153474ns          297415 1c008a70 00d70733 add              x14, x14, x13       x14=1a10f018 x14:00000018 x13:1a10f000
17153493ns          297416 1c008a72 00a7e723 p.sw             x10, x0(x15)        x10:00000055 x15:00000000  PA:1a10f018
17153832ns          297433 1c008a76 00000513 addi             x10, x0, 0          x10=00000000
17153851ns          297434 1c008a78 00008067 jalr             x0, x1, 0            x1:1c008b48
17153891ns          297436 1c008b48 31f52563 p.beqimm         x10, 778            x10:00000000
17153911ns          297437 1c008b4c 001d8d93 addi             x27, x27, 1         x27=00000007 x27:00000006
17153931ns          297438 1c008b4e 00044503 lbu              x10, 0(x8)          x10=0000004d  x8:1c0000df  PA:1c0000df
17154229ns          297453 1c008b52 00140413 addi             x8, x8, 1            x8=1c0000e0  x8:1c0000df
17154249ns          297454 1c008b54 fe0514e3 bne              x10, x0, -24        x10:0000004d
17154309ns          297457 1c008b3c 02500793 addi             x15, x0, 37         x15=00000025
17154329ns          297458 1c008b40 04f50863 beq              x10, x15, 80        x10:0000004d x15:00000025
17154349ns          297459 1c008b44 01a005b3 add              x11, x0, x26        x11=00000002 x26:00000002
17154369ns          297460 1c008b46 000b00e7 jalr             x1, x22, 0           x1=1c008b48 x22:1c008a52
17154408ns          297462 1c008a52 000026b7 lui              x13, 0x2000         x13=00002000
17154428ns          297463 1c008a54 f14027f3 csrrs            x15, x0, 0xf14      x15=00000003
17154448ns          297464 1c008a58 f8068693 addi             x13, x13, -128      x13=00001f80 x13:00002000
17154468ns          297465 1c008a5c 00379713 slli             x14, x15, 0x3       x14=00000018 x15:00000003
17154488ns          297466 1c008a60 00279793 slli             x15, x15, 0x2       x15=0000000c x15:00000003
17154508ns          297467 1c008a62 00d7f7b3 and              x15, x15, x13       x15=00000000 x15:0000000c x13:00001f80
17154528ns          297468 1c008a64 ee873733 p.bclr           x14, x14, 23, 8     x14=00000018 x14:00000018
17154548ns          297469 1c008a68 1a10f6b7 lui              x13, 0x1a10f000     x13=1a10f000
17154568ns          297470 1c008a6c 0ff57513 andi             x10, x10, 255       x10=0000004d x10:0000004d
17154587ns          297471 1c008a70 00d70733 add              x14, x14, x13       x14=1a10f018 x14:00000018 x13:1a10f000
17154607ns          297472 1c008a72 00a7e723 p.sw             x10, x0(x15)        x10:0000004d x15:00000000  PA:1a10f018
17154926ns          297488 1c008a76 00000513 addi             x10, x0, 0          x10=00000000
17154945ns          297489 1c008a78 00008067 jalr             x0, x1, 0            x1:1c008b48
17154985ns          297491 1c008b48 31f52563 p.beqimm         x10, 778            x10:00000000
17155005ns          297492 1c008b4c 001d8d93 addi             x27, x27, 1         x27=00000008 x27:00000007
17155025ns          297493 1c008b4e 00044503 lbu              x10, 0(x8)          x10=0000004d  x8:1c0000e0  PA:1c0000e0
17155323ns          297508 1c008b52 00140413 addi             x8, x8, 1            x8=1c0000e1  x8:1c0000e0
17155343ns          297509 1c008b54 fe0514e3 bne              x10, x0, -24        x10:0000004d
17155403ns          297512 1c008b3c 02500793 addi             x15, x0, 37         x15=00000025
17155423ns          297513 1c008b40 04f50863 beq              x10, x15, 80        x10:0000004d x15:00000025
17155443ns          297514 1c008b44 01a005b3 add              x11, x0, x26        x11=00000002 x26:00000002
17155463ns          297515 1c008b46 000b00e7 jalr             x1, x22, 0           x1=1c008b48 x22:1c008a52
17155502ns          297517 1c008a52 000026b7 lui              x13, 0x2000         x13=00002000
17155522ns          297518 1c008a54 f14027f3 csrrs            x15, x0, 0xf14      x15=00000003
17155542ns          297519 1c008a58 f8068693 addi             x13, x13, -128      x13=00001f80 x13:00002000
17155562ns          297520 1c008a5c 00379713 slli             x14, x15, 0x3       x14=00000018 x15:00000003
17155582ns          297521 1c008a60 00279793 slli             x15, x15, 0x2       x15=0000000c x15:00000003
17155602ns          297522 1c008a62 00d7f7b3 and              x15, x15, x13       x15=00000000 x15:0000000c x13:00001f80
17155622ns          297523 1c008a64 ee873733 p.bclr           x14, x14, 23, 8     x14=00000018 x14:00000018
17155642ns          297524 1c008a68 1a10f6b7 lui              x13, 0x1a10f000     x13=1a10f000
17155662ns          297525 1c008a6c 0ff57513 andi             x10, x10, 255       x10=0000004d x10:0000004d
17155681ns          297526 1c008a70 00d70733 add              x14, x14, x13       x14=1a10f018 x14:00000018 x13:1a10f000
17155701ns          297527 1c008a72 00a7e723 p.sw             x10, x0(x15)        x10:0000004d x15:00000000  PA:1a10f018
17156020ns          297543 1c008a76 00000513 addi             x10, x0, 0          x10=00000000
17156039ns          297544 1c008a78 00008067 jalr             x0, x1, 0            x1:1c008b48
17156079ns          297546 1c008b48 31f52563 p.beqimm         x10, 778            x10:00000000
17156099ns          297547 1c008b4c 001d8d93 addi             x27, x27, 1         x27=00000009 x27:00000008
17156119ns          297548 1c008b4e 00044503 lbu              x10, 0(x8)          x10=00000041  x8:1c0000e1  PA:1c0000e1
17156417ns          297563 1c008b52 00140413 addi             x8, x8, 1            x8=1c0000e2  x8:1c0000e1
17156437ns          297564 1c008b54 fe0514e3 bne              x10, x0, -24        x10:00000041
17156497ns          297567 1c008b3c 02500793 addi             x15, x0, 37         x15=00000025
17156517ns          297568 1c008b40 04f50863 beq              x10, x15, 80        x10:00000041 x15:00000025
17156537ns          297569 1c008b44 01a005b3 add              x11, x0, x26        x11=00000002 x26:00000002
17156557ns          297570 1c008b46 000b00e7 jalr             x1, x22, 0           x1=1c008b48 x22:1c008a52
17156596ns          297572 1c008a52 000026b7 lui              x13, 0x2000         x13=00002000
17156616ns          297573 1c008a54 f14027f3 csrrs            x15, x0, 0xf14      x15=00000003
17156636ns          297574 1c008a58 f8068693 addi             x13, x13, -128      x13=00001f80 x13:00002000
17156656ns          297575 1c008a5c 00379713 slli             x14, x15, 0x3       x14=00000018 x15:00000003
17156676ns          297576 1c008a60 00279793 slli             x15, x15, 0x2       x15=0000000c x15:00000003
17156696ns          297577 1c008a62 00d7f7b3 and              x15, x15, x13       x15=00000000 x15:0000000c x13:00001f80
17156716ns          297578 1c008a64 ee873733 p.bclr           x14, x14, 23, 8     x14=00000018 x14:00000018
17156736ns          297579 1c008a68 1a10f6b7 lui              x13, 0x1a10f000     x13=1a10f000
17156756ns          297580 1c008a6c 0ff57513 andi             x10, x10, 255       x10=00000041 x10:00000041
17156775ns          297581 1c008a70 00d70733 add              x14, x14, x13       x14=1a10f018 x14:00000018 x13:1a10f000
17156795ns          297582 1c008a72 00a7e723 p.sw             x10, x0(x15)        x10:00000041 x15:00000000  PA:1a10f018
17157114ns          297598 1c008a76 00000513 addi             x10, x0, 0          x10=00000000
17157133ns          297599 1c008a78 00008067 jalr             x0, x1, 0            x1:1c008b48
17157173ns          297601 1c008b48 31f52563 p.beqimm         x10, 778            x10:00000000
17157193ns          297602 1c008b4c 001d8d93 addi             x27, x27, 1         x27=0000000a x27:00000009
17157213ns          297603 1c008b4e 00044503 lbu              x10, 0(x8)          x10=00000052  x8:1c0000e2  PA:1c0000e2
17157511ns          297618 1c008b52 00140413 addi             x8, x8, 1            x8=1c0000e3  x8:1c0000e2
17157531ns          297619 1c008b54 fe0514e3 bne              x10, x0, -24        x10:00000052
17157591ns          297622 1c008b3c 02500793 addi             x15, x0, 37         x15=00000025
17157611ns          297623 1c008b40 04f50863 beq              x10, x15, 80        x10:00000052 x15:00000025
17157631ns          297624 1c008b44 01a005b3 add              x11, x0, x26        x11=00000002 x26:00000002
17157651ns          297625 1c008b46 000b00e7 jalr             x1, x22, 0           x1=1c008b48 x22:1c008a52
17157690ns          297627 1c008a52 000026b7 lui              x13, 0x2000         x13=00002000
17157710ns          297628 1c008a54 f14027f3 csrrs            x15, x0, 0xf14      x15=00000003
17157730ns          297629 1c008a58 f8068693 addi             x13, x13, -128      x13=00001f80 x13:00002000
17157750ns          297630 1c008a5c 00379713 slli             x14, x15, 0x3       x14=00000018 x15:00000003
17157770ns          297631 1c008a60 00279793 slli             x15, x15, 0x2       x15=0000000c x15:00000003
17157790ns          297632 1c008a62 00d7f7b3 and              x15, x15, x13       x15=00000000 x15:0000000c x13:00001f80
17157810ns          297633 1c008a64 ee873733 p.bclr           x14, x14, 23, 8     x14=00000018 x14:00000018
17157830ns          297634 1c008a68 1a10f6b7 lui              x13, 0x1a10f000     x13=1a10f000
17157850ns          297635 1c008a6c 0ff57513 andi             x10, x10, 255       x10=00000052 x10:00000052
17157869ns          297636 1c008a70 00d70733 add              x14, x14, x13       x14=1a10f018 x14:00000018 x13:1a10f000
17157889ns          297637 1c008a72 00a7e723 p.sw             x10, x0(x15)        x10:00000052 x15:00000000  PA:1a10f018
17158208ns          297653 1c008a76 00000513 addi             x10, x0, 0          x10=00000000
17158227ns          297654 1c008a78 00008067 jalr             x0, x1, 0            x1:1c008b48
17158267ns          297656 1c008b48 31f52563 p.beqimm         x10, 778            x10:00000000
17158287ns          297657 1c008b4c 001d8d93 addi             x27, x27, 1         x27=0000000b x27:0000000a
17158307ns          297658 1c008b4e 00044503 lbu              x10, 0(x8)          x10=00000059  x8:1c0000e3  PA:1c0000e3
17158605ns          297673 1c008b52 00140413 addi             x8, x8, 1            x8=1c0000e4  x8:1c0000e3
17158625ns          297674 1c008b54 fe0514e3 bne              x10, x0, -24        x10:00000059
17158685ns          297677 1c008b3c 02500793 addi             x15, x0, 37         x15=00000025
17158705ns          297678 1c008b40 04f50863 beq              x10, x15, 80        x10:00000059 x15:00000025
17158725ns          297679 1c008b44 01a005b3 add              x11, x0, x26        x11=00000002 x26:00000002
17158745ns          297680 1c008b46 000b00e7 jalr             x1, x22, 0           x1=1c008b48 x22:1c008a52
17158784ns          297682 1c008a52 000026b7 lui              x13, 0x2000         x13=00002000
17158804ns          297683 1c008a54 f14027f3 csrrs            x15, x0, 0xf14      x15=00000003
17158824ns          297684 1c008a58 f8068693 addi             x13, x13, -128      x13=00001f80 x13:00002000
17158844ns          297685 1c008a5c 00379713 slli             x14, x15, 0x3       x14=00000018 x15:00000003
17158864ns          297686 1c008a60 00279793 slli             x15, x15, 0x2       x15=0000000c x15:00000003
17158884ns          297687 1c008a62 00d7f7b3 and              x15, x15, x13       x15=00000000 x15:0000000c x13:00001f80
17158904ns          297688 1c008a64 ee873733 p.bclr           x14, x14, 23, 8     x14=00000018 x14:00000018
17158924ns          297689 1c008a68 1a10f6b7 lui              x13, 0x1a10f000     x13=1a10f000
17158944ns          297690 1c008a6c 0ff57513 andi             x10, x10, 255       x10=00000059 x10:00000059
17158963ns          297691 1c008a70 00d70733 add              x14, x14, x13       x14=1a10f018 x14:00000018 x13:1a10f000
17158983ns          297692 1c008a72 00a7e723 p.sw             x10, x0(x15)        x10:00000059 x15:00000000  PA:1a10f018
17159321ns          297709 1c008a76 00000513 addi             x10, x0, 0          x10=00000000
17159341ns          297710 1c008a78 00008067 jalr             x0, x1, 0            x1:1c008b48
17159381ns          297712 1c008b48 31f52563 p.beqimm         x10, 778            x10:00000000
17159401ns          297713 1c008b4c 001d8d93 addi             x27, x27, 1         x27=0000000c x27:0000000b
17159421ns          297714 1c008b4e 00044503 lbu              x10, 0(x8)          x10=0000003a  x8:1c0000e4  PA:1c0000e4
17159719ns          297729 1c008b52 00140413 addi             x8, x8, 1            x8=1c0000e5  x8:1c0000e4
17159739ns          297730 1c008b54 fe0514e3 bne              x10, x0, -24        x10:0000003a
17159799ns          297733 1c008b3c 02500793 addi             x15, x0, 37         x15=00000025
17159819ns          297734 1c008b40 04f50863 beq              x10, x15, 80        x10:0000003a x15:00000025
17159839ns          297735 1c008b44 01a005b3 add              x11, x0, x26        x11=00000002 x26:00000002
17159858ns          297736 1c008b46 000b00e7 jalr             x1, x22, 0           x1=1c008b48 x22:1c008a52
17159898ns          297738 1c008a52 000026b7 lui              x13, 0x2000         x13=00002000
17159918ns          297739 1c008a54 f14027f3 csrrs            x15, x0, 0xf14      x15=00000003
17159938ns          297740 1c008a58 f8068693 addi             x13, x13, -128      x13=00001f80 x13:00002000
17159958ns          297741 1c008a5c 00379713 slli             x14, x15, 0x3       x14=00000018 x15:00000003
17159978ns          297742 1c008a60 00279793 slli             x15, x15, 0x2       x15=0000000c x15:00000003
17159998ns          297743 1c008a62 00d7f7b3 and              x15, x15, x13       x15=00000000 x15:0000000c x13:00001f80
17160018ns          297744 1c008a64 ee873733 p.bclr           x14, x14, 23, 8     x14=00000018 x14:00000018
17160038ns          297745 1c008a68 1a10f6b7 lui              x13, 0x1a10f000     x13=1a10f000
17160057ns          297746 1c008a6c 0ff57513 andi             x10, x10, 255       x10=0000003a x10:0000003a
17160077ns          297747 1c008a70 00d70733 add              x14, x14, x13       x14=1a10f018 x14:00000018 x13:1a10f000
17160097ns          297748 1c008a72 00a7e723 p.sw             x10, x0(x15)        x10:0000003a x15:00000000  PA:1a10f018
17160415ns          297764 1c008a76 00000513 addi             x10, x0, 0          x10=00000000
17160435ns          297765 1c008a78 00008067 jalr             x0, x1, 0            x1:1c008b48
17160475ns          297767 1c008b48 31f52563 p.beqimm         x10, 778            x10:00000000
17160495ns          297768 1c008b4c 001d8d93 addi             x27, x27, 1         x27=0000000d x27:0000000c
17160515ns          297769 1c008b4e 00044503 lbu              x10, 0(x8)          x10=00000020  x8:1c0000e5  PA:1c0000e5
17160813ns          297784 1c008b52 00140413 addi             x8, x8, 1            x8=1c0000e6  x8:1c0000e5
17160833ns          297785 1c008b54 fe0514e3 bne              x10, x0, -24        x10:00000020
17160893ns          297788 1c008b3c 02500793 addi             x15, x0, 37         x15=00000025
17160913ns          297789 1c008b40 04f50863 beq              x10, x15, 80        x10:00000020 x15:00000025
17160933ns          297790 1c008b44 01a005b3 add              x11, x0, x26        x11=00000002 x26:00000002
17160952ns          297791 1c008b46 000b00e7 jalr             x1, x22, 0           x1=1c008b48 x22:1c008a52
17160992ns          297793 1c008a52 000026b7 lui              x13, 0x2000         x13=00002000
17161012ns          297794 1c008a54 f14027f3 csrrs            x15, x0, 0xf14      x15=00000003
17161032ns          297795 1c008a58 f8068693 addi             x13, x13, -128      x13=00001f80 x13:00002000
17161052ns          297796 1c008a5c 00379713 slli             x14, x15, 0x3       x14=00000018 x15:00000003
17161072ns          297797 1c008a60 00279793 slli             x15, x15, 0x2       x15=0000000c x15:00000003
17161092ns          297798 1c008a62 00d7f7b3 and              x15, x15, x13       x15=00000000 x15:0000000c x13:00001f80
17161112ns          297799 1c008a64 ee873733 p.bclr           x14, x14, 23, 8     x14=00000018 x14:00000018
17161131ns          297800 1c008a68 1a10f6b7 lui              x13, 0x1a10f000     x13=1a10f000
17161151ns          297801 1c008a6c 0ff57513 andi             x10, x10, 255       x10=00000020 x10:00000020
17161171ns          297802 1c008a70 00d70733 add              x14, x14, x13       x14=1a10f018 x14:00000018 x13:1a10f000
17161191ns          297803 1c008a72 00a7e723 p.sw             x10, x0(x15)        x10:00000020 x15:00000000  PA:1a10f018
17161509ns          297819 1c008a76 00000513 addi             x10, x0, 0          x10=00000000
17161529ns          297820 1c008a78 00008067 jalr             x0, x1, 0            x1:1c008b48
17161569ns          297822 1c008b48 31f52563 p.beqimm         x10, 778            x10:00000000
17161589ns          297823 1c008b4c 001d8d93 addi             x27, x27, 1         x27=0000000e x27:0000000d
17161609ns          297824 1c008b4e 00044503 lbu              x10, 0(x8)          x10=00000000  x8:1c0000e6  PA:1c0000e6
17161907ns          297839 1c008b52 00140413 addi             x8, x8, 1            x8=1c0000e7  x8:1c0000e6
17161927ns          297840 1c008b54 fe0514e3 bne              x10, x0, -24        x10:00000000
17161947ns          297841 1c008b56 01b00433 add              x8, x0, x27          x8=0000000e x27:0000000e
17161967ns          297842 1c008b58 00800533 add              x10, x0, x8         x10=0000000e  x8:0000000e
17161987ns          297843 1c008b5a 12c12083 lw               x1, 300(x2)          x1=1c008ae6  x2:10002a28  PA:10002b54
17162007ns          297844 1c008b5e 12812403 lw               x8, 296(x2)          x8=1c00110c  x2:10002a28  PA:10002b50
17162027ns          297845 1c008b62 12412483 lw               x9, 292(x2)          x9=00000000  x2:10002a28  PA:10002b4c
17162046ns          297846 1c008b66 12012903 lw               x18, 288(x2)        x18=1a10b004  x2:10002a28  PA:10002b48
17162066ns          297847 1c008b6a 11c12983 lw               x19, 284(x2)        x19=00000003  x2:10002a28  PA:10002b44
17162086ns          297848 1c008b6e 11812a03 lw               x20, 280(x2)        x20=1c001110  x2:10002a28  PA:10002b40
17162106ns          297849 1c008b72 11412a83 lw               x21, 276(x2)        x21=1c00a000  x2:10002a28  PA:10002b3c
17162126ns          297850 1c008b76 11012b03 lw               x22, 272(x2)        x22=1c00a000  x2:10002a28  PA:10002b38
17162146ns          297851 1c008b7a 10c12b83 lw               x23, 268(x2)        x23=1c000000  x2:10002a28  PA:10002b34
17162206ns          297854 1c008b7e 10812c03 lw               x24, 264(x2)        x24=1c000000  x2:10002a28  PA:10002b30
17162245ns          297856 1c008b82 10412c83 lw               x25, 260(x2)        x25=1c000000  x2:10002a28  PA:10002b2c
17162265ns          297857 1c008b86 10012d03 lw               x26, 256(x2)        x26=1c000000  x2:10002a28  PA:10002b28
17162285ns          297858 1c008b8a 0fc12d83 lw               x27, 252(x2)        x27=1c00110c  x2:10002a28  PA:10002b24
17162305ns          297859 1c008b8c 13010113 addi             x2, x2, 304          x2=10002b58  x2:10002a28
17162325ns          297860 1c008b8e 00008067 jalr             x0, x1, 0            x1:1c008ae6
17162365ns          297862 1c008ae6 01c12083 lw               x1, 28(x2)           x1=1c009d64  x2:10002b58  PA:10002b74
17162385ns          297863 1c008ae8 04010113 addi             x2, x2, 64           x2=10002b98  x2:10002b58
17162424ns          297865 1c008aea 00008067 jalr             x0, x1, 0            x1:1c009d64
17162464ns          297867 1c009d64 02048463 beq              x9, x0, 40           x9:00000000
17162763ns          297882 1c009d8c 1c000537 lui              x10, 0x1c000000     x10=1c000000
17162842ns          297886 1c009d90 0e850513 addi             x10, x10, 232       x10=1c0000e8 x10:1c000000
17162882ns          297888 1c009d94 c6dfe0ef jal              x1, -5012            x1=1c009d98
17162922ns          297890 1c008a00 0015478b p.lbu            x15, 1(x10!)        x15=00000053 x10=1c0000e9 x10:1c0000e8  PA:1c0000e8
17163379ns          297913 1c008a04 02078463 beq              x15, x0, 40         x15:00000053
17163399ns          297914 1c008a06 f14026f3 csrrs            x13, x0, 0xf14      x13=00000003
17163419ns          297915 1c008a0a 00369713 slli             x14, x13, 0x3       x14=00000018 x13:00000003
17163439ns          297916 1c008a0e 1a10f637 lui              x12, 0x1a10f000     x12=1a10f000
17163479ns          297918 1c008a12 ee873733 p.bclr           x14, x14, 23, 8     x14=00000018 x14:00000018
17163498ns          297919 1c008a16 00c70733 add              x14, x14, x12       x14=1a10f018 x14:00000018 x12:1a10f000
17163518ns          297920 1c008a18 00002637 lui              x12, 0x2000         x12=00002000
17163538ns          297921 1c008a1a 00269693 slli             x13, x13, 0x2       x13=0000000c x13:00000003
17163558ns          297922 1c008a1c f8060613 addi             x12, x12, -128      x12=00001f80 x12:00002000
17163956ns          297942 1c008a20 00c6f6b3 and              x13, x13, x12       x13=00000000 x13:0000000c x12:00001f80
17163976ns          297943 1c008a22 00d70733 add              x14, x14, x13       x14=1a10f018 x14:1a10f018 x13:00000000
17163996ns          297944 1c008a24 00f72023 sw               x15, 0(x14)         x15:00000053 x14:1a10f018  PA:1a10f018
17164394ns          297964 1c008a26 0015478b p.lbu            x15, 1(x10!)        x15=00000055 x10=1c0000ea x10:1c0000e9  PA:1c0000e9
17164712ns          297980 1c008a2a fe079de3 bne              x15, x0, -6         x15:00000055
17164772ns          297983 1c008a24 00f72023 sw               x15, 0(x14)         x15:00000055 x14:1a10f018  PA:1a10f018
17165110ns          298000 1c008a26 0015478b p.lbu            x15, 1(x10!)        x15=00000043 x10=1c0000eb x10:1c0000ea  PA:1c0000ea
17165428ns          298016 1c008a2a fe079de3 bne              x15, x0, -6         x15:00000043
17165488ns          298019 1c008a24 00f72023 sw               x15, 0(x14)         x15:00000043 x14:1a10f018  PA:1a10f018
17165826ns          298036 1c008a26 0015478b p.lbu            x15, 1(x10!)        x15=00000043 x10=1c0000ec x10:1c0000eb  PA:1c0000eb
17166144ns          298052 1c008a2a fe079de3 bne              x15, x0, -6         x15:00000043
17166204ns          298055 1c008a24 00f72023 sw               x15, 0(x14)         x15:00000043 x14:1a10f018  PA:1a10f018
17166522ns          298071 1c008a26 0015478b p.lbu            x15, 1(x10!)        x15=00000045 x10=1c0000ed x10:1c0000ec  PA:1c0000ec
17166840ns          298087 1c008a2a fe079de3 bne              x15, x0, -6         x15:00000045
17166900ns          298090 1c008a24 00f72023 sw               x15, 0(x14)         x15:00000045 x14:1a10f018  PA:1a10f018
17167238ns          298107 1c008a26 0015478b p.lbu            x15, 1(x10!)        x15=00000053 x10=1c0000ee x10:1c0000ed  PA:1c0000ed
17167556ns          298123 1c008a2a fe079de3 bne              x15, x0, -6         x15:00000053
17167616ns          298126 1c008a24 00f72023 sw               x15, 0(x14)         x15:00000053 x14:1a10f018  PA:1a10f018
17167934ns          298142 1c008a26 0015478b p.lbu            x15, 1(x10!)        x15=00000053 x10=1c0000ef x10:1c0000ee  PA:1c0000ee
17168252ns          298158 1c008a2a fe079de3 bne              x15, x0, -6         x15:00000053
17168312ns          298161 1c008a24 00f72023 sw               x15, 0(x14)         x15:00000053 x14:1a10f018  PA:1a10f018
17168630ns          298177 1c008a26 0015478b p.lbu            x15, 1(x10!)        x15=00000000 x10=1c0000f0 x10:1c0000ef  PA:1c0000ef
17168949ns          298193 1c008a2a fe079de3 bne              x15, x0, -6         x15:00000000
17168968ns          298194 1c008a2c f14027f3 csrrs            x15, x0, 0xf14      x15=00000003
17168988ns          298195 1c008a30 00379713 slli             x14, x15, 0x3       x14=00000018 x15:00000003
17169008ns          298196 1c008a34 1a10f6b7 lui              x13, 0x1a10f000     x13=1a10f000
17169028ns          298197 1c008a38 ee873733 p.bclr           x14, x14, 23, 8     x14=00000018 x14:00000018
17169048ns          298198 1c008a3c 00d70733 add              x14, x14, x13       x14=1a10f018 x14:00000018 x13:1a10f000
17169068ns          298199 1c008a3e 000026b7 lui              x13, 0x2000         x13=00002000
17169366ns          298214 1c008a40 f8068693 addi             x13, x13, -128      x13=00001f80 x13:00002000
17169406ns          298216 1c008a44 00279793 slli             x15, x15, 0x2       x15=0000000c x15:00000003
17169426ns          298217 1c008a46 00d7f7b3 and              x15, x15, x13       x15=00000000 x15:0000000c x13:00001f80
17169446ns          298218 1c008a48 00a00693 addi             x13, x0, 10         x13=0000000a
17169466ns          298219 1c008a4a 00d767a3 p.sw             x13, x0(x14)        x13:0000000a x14:1a10f018  PA:1a10f018
17169883ns          298240 1c008a4e 00000513 addi             x10, x0, 0          x10=00000000
17169903ns          298241 1c008a50 00008067 jalr             x0, x1, 0            x1:1c009d98
17169943ns          298243 1c009d98 00000513 addi             x10, x0, 0          x10=00000000
17169963ns          298244 1c009d9a f99ff06f jal              x0, -104           
17170062ns          298249 1c009d32 04c12083 lw               x1, 76(x2)           x1=1c0084d2  x2:10002b98  PA:10002be4
17170082ns          298250 1c009d34 04812403 lw               x8, 72(x2)           x8=xxxxxxxx  x2:10002b98  PA:10002be0
17170102ns          298251 1c009d36 04412483 lw               x9, 68(x2)           x9=xxxxxxxx  x2:10002b98  PA:10002bdc
17170122ns          298252 1c009d38 04012903 lw               x18, 64(x2)         x18=xxxxxxxx  x2:10002b98  PA:10002bd8
17170142ns          298253 1c009d3a 03c12983 lw               x19, 60(x2)         x19=xxxxxxxx  x2:10002b98  PA:10002bd4
17170162ns          298254 1c009d3c 03812a03 lw               x20, 56(x2)         x20=xxxxxxxx  x2:10002b98  PA:10002bd0
17170182ns          298255 1c009d3e 03412a83 lw               x21, 52(x2)         x21=xxxxxxxx  x2:10002b98  PA:10002bcc
17170460ns          298269 1c009d40 03012b03 lw               x22, 48(x2)         x22=xxxxxxxx  x2:10002b98  PA:10002bc8
17170480ns          298270 1c009d42 02c12b83 lw               x23, 44(x2)         x23=xxxxxxxx  x2:10002b98  PA:10002bc4
17170500ns          298271 1c009d44 02812c03 lw               x24, 40(x2)         x24=xxxxxxxx  x2:10002b98  PA:10002bc0
17170520ns          298272 1c009d46 02412c83 lw               x25, 36(x2)         x25=xxxxxxxx  x2:10002b98  PA:10002bbc
17170540ns          298273 1c009d48 02012d03 lw               x26, 32(x2)         x26=xxxxxxxx  x2:10002b98  PA:10002bb8
17170560ns          298274 1c009d4a 01c12d83 lw               x27, 28(x2)         x27=xxxxxxxx  x2:10002b98  PA:10002bb4
17170580ns          298275 1c009d4c 05010113 addi             x2, x2, 80           x2=10002be8  x2:10002b98
17170599ns          298276 1c009d4e 00008067 jalr             x0, x1, 0            x1:1c0084d2
17171077ns          298300 1c0084d2 00a00433 add              x8, x0, x10          x8=00000000 x10:00000000
17171117ns          298302 1c0084d4 22d010ef jal              x1, 6700             x1=1c0084d8
17171196ns          298306 1c009f00 f14027f3 csrrs            x15, x0, 0xf14      x15=00000003
17171236ns          298308 1c009f04 01f00713 addi             x14, x0, 31         x14=0000001f
17171256ns          298309 1c009f06 ca5797b3 p.extractu       x15, x15, 5, 5      x15=00000000 x15:00000003
17171276ns          298310 1c009f0a 00e78863 beq              x15, x14, 16        x15:00000000 x14:0000001f
17171335ns          298313 1c009f0e 002047b7 lui              x15, 0x204000       x15=00204000
17171375ns          298315 1c009f12 20078793 addi             x15, x15, 512       x15=00204200 x15:00204000
17171395ns          298316 1c009f16 01c7e703 p.elw            x14, 28(x15)        x14=00010000 x15:00204200  PA:0020421c
17171514ns          298322 1c009f1a 00008067 jalr             x0, x1, 0            x1:1c0084d8
17171554ns          298324 1c0084d8 00803533 sltu             x10, x0, x8         x10=00000000  x8:00000000
17171574ns          298325 1c0084dc 00c12083 lw               x1, 12(x2)           x1=1c009e10  x2:10002be8  PA:10002bf4
17171634ns          298328 1c0084de 00812403 lw               x8, 8(x2)            x8=xxxxxxxx  x2:10002be8  PA:10002bf0
17172091ns          298351 1c0084e0 01010113 addi             x2, x2, 16           x2=10002bf8  x2:10002be8
17172111ns          298352 1c0084e2 00008067 jalr             x0, x1, 0            x1:1c009e10
17172191ns          298356 1c009e10 f14027f3 csrrs            x15, x0, 0xf14      x15=00000003
17172231ns          298358 1c009e14 f457b7b3 p.bclr           x15, x15, 26, 5     x15=00000003 x15:00000003
17172250ns          298359 1c009e18 00079963 bne              x15, x0, 18         x15:00000003
17172787ns          298386 1c009e2a 002047b7 lui              x15, 0x204000       x15=00204000
17172807ns          298387 1c009e2e fff00713 addi             x14, x0, -1         x14=ffffffff
17173245ns          298409 1c009e30 00e7a223 sw               x14, 4(x15)         x14:ffffffff x15:00204000  PA:00204004
