                Time          Cycles PC       Instr    Mnemonic
16668776ns          273047 1c008080 0640006f jal              x0, 100            
16669253ns          273071 1c0080e4 f1402573 csrrs            x10, x0, 0xf14      x10=00000001
16669293ns          273073 1c0080e8 01f57593 andi             x11, x10, 31        x11=00000001 x10:00000001
16669313ns          273074 1c0080ec 00555513 srli             x10, x10, 0x5       x10=00000000 x10:00000001
16669333ns          273075 1c0080ee 01f00613 addi             x12, x0, 31         x12=0000001f
16669750ns          273096 1c0080f0 00c50463 beq              x10, x12, 8         x10:00000000 x12:0000001f
16669790ns          273098 1c0080f4 fa1ff06f jal              x0, -96            
16670248ns          273121 1c008094 f3ff9117 auipc            x2, 0xf3ff9000       x2=10001094
16670287ns          273123 1c008098 b7010113 addi             x2, x2, -1168        x2=10000c04  x2:10001094
16670307ns          273124 1c00809c 00012103 lw               x2, 0(x2)            x2=10000c08  x2:10000c04  PA:10000c04
16670765ns          273147 1c0080a0 000011b7 lui              x3, 0x1000           x3=00001000
16670805ns          273149 1c0080a4 80018193 addi             x3, x3, -2048        x3=00000800  x3:00001000
16670824ns          273150 1c0080a8 00158593 addi             x11, x11, 1         x11=00000002 x11:00000001
16670844ns          273151 1c0080ac 02b180b3 mul              x1, x3, x11          x1=00001000  x3:00000800 x11:00000002
16671282ns          273173 1c0080b0 00110133 add              x2, x2, x1           x2=10001c08  x2:10000c08  x1:00001000
16671322ns          273175 1c0080b4 5370106f jal              x0, 7478           
16671779ns          273198 1c009dea ff010113 addi             x2, x2, -16          x2=10001bf8  x2:10001c08
16671819ns          273200 1c009dec 00112623 sw               x1, 12(x2)           x1:00001000  x2:10001bf8  PA:10001c04
16672257ns          273222 1c009dee 002047b7 lui              x15, 0x204000       x15=00204000
16672296ns          273224 1c009df2 00070737 lui              x14, 0x70000        x14=00070000
16672316ns          273225 1c009df6 00e7a423 sw               x14, 8(x15)         x14:00070000 x15:00204000  PA:00204008
16672336ns          273226 1c009df8 00f00713 addi             x14, x0, 15         x14=0000000f
16672356ns          273227 1c009dfa 20078793 addi             x15, x15, 512       x15=00204200 x15:00204000
16672774ns          273248 1c009dfe 00e7a023 sw               x14, 0(x15)         x14:0000000f x15:00204200  PA:00204200
16672833ns          273251 1c009e02 00e7a623 sw               x14, 12(x15)        x14:0000000f x15:00204200  PA:0020420c
16672853ns          273252 1c009e06 1c0017b7 lui              x15, 0x1c001000     x15=1c001000
16672873ns          273253 1c009e0a 14c7a783 lw               x15, 332(x15)       x15=1c0084b6 x15:1c001000  PA:1c00114c
16673331ns          273276 1c009e0e 000780e7 jalr             x1, x15, 0           x1=1c009e10 x15:1c0084b6
16673848ns          273302 1c0084b6 f14027f3 csrrs            x15, x0, 0xf14      x15=00000001
16673868ns          273303 1c0084ba ca5797b3 p.extractu       x15, x15, 5, 5      x15=00000000 x15:00000001
16673888ns          273304 1c0084be 02079363 bne              x15, x0, 38         x15:00000000
16674305ns          273325 1c0084c0 1c001537 lui              x10, 0x1c001000     x10=1c001000
16674345ns          273327 1c0084c4 ff010113 addi             x2, x2, -16          x2=10001be8  x2:10001bf8
16674365ns          273328 1c0084c6 10050513 addi             x10, x10, 256       x10=1c001100 x10:1c001000
16674385ns          273329 1c0084ca 00112623 sw               x1, 12(x2)           x1:1c009e10  x2:10001be8  PA:10001bf4
16674405ns          273330 1c0084cc 00812423 sw               x8, 8(x2)            x8:xxxxxxxx  x2:10001be8  PA:10001bf0
16674822ns          273351 1c0084ce 77a010ef jal              x1, 6010             x1=1c0084d2
16675280ns          273374 1c009c48 fb010113 addi             x2, x2, -80          x2=10001b98  x2:10001be8
16675300ns          273375 1c009c4a 00052783 lw               x15, 0(x10)         x15=1c000040 x10:1c001100  PA:1c001100
16675718ns          273396 1c009c4c 04112623 sw               x1, 76(x2)           x1:1c0084d2  x2:10001b98  PA:10001be4
16675737ns          273397 1c009c4e 04812423 sw               x8, 72(x2)           x8:xxxxxxxx  x2:10001b98  PA:10001be0
16675757ns          273398 1c009c50 04912223 sw               x9, 68(x2)           x9:xxxxxxxx  x2:10001b98  PA:10001bdc
16675777ns          273399 1c009c52 05212023 sw               x18, 64(x2)         x18:xxxxxxxx  x2:10001b98  PA:10001bd8
16675797ns          273400 1c009c54 03312e23 sw               x19, 60(x2)         x19:xxxxxxxx  x2:10001b98  PA:10001bd4
16675817ns          273401 1c009c56 03412c23 sw               x20, 56(x2)         x20:xxxxxxxx  x2:10001b98  PA:10001bd0
16675837ns          273402 1c009c58 03512a23 sw               x21, 52(x2)         x21:xxxxxxxx  x2:10001b98  PA:10001bcc
16675857ns          273403 1c009c5a 03612823 sw               x22, 48(x2)         x22:xxxxxxxx  x2:10001b98  PA:10001bc8
16675877ns          273404 1c009c5c 03712623 sw               x23, 44(x2)         x23:xxxxxxxx  x2:10001b98  PA:10001bc4
16675897ns          273405 1c009c5e 03812423 sw               x24, 40(x2)         x24:xxxxxxxx  x2:10001b98  PA:10001bc0
16676275ns          273424 1c009c60 03912223 sw               x25, 36(x2)         x25:xxxxxxxx  x2:10001b98  PA:10001bbc
16676294ns          273425 1c009c62 03a12023 sw               x26, 32(x2)         x26:xxxxxxxx  x2:10001b98  PA:10001bb8
16676314ns          273426 1c009c64 01b12e23 sw               x27, 28(x2)         x27:xxxxxxxx  x2:10001b98  PA:10001bb4
16676334ns          273427 1c009c66 10078763 beq              x15, x0, 270        x15:1c000040
16676354ns          273428 1c009c6a 00850713 addi             x14, x10, 8         x14=1c001108 x10:1c001100
16676374ns          273429 1c009c6e 00000413 addi             x8, x0, 0            x8=00000000
16676792ns          273450 1c009c70 0087268b p.lw             x13, 8(x14!)        x13=00000000 x14=1c001110 x14:1c001108  PA:1c001108
16677130ns          273467 1c009c74 00140413 addi             x8, x8, 1            x8=00000001  x8:00000000
16677150ns          273468 1c009c76 fe069de3 bne              x13, x0, -6         x13:00000000
16677170ns          273469 1c009c78 00450d93 addi             x27, x10, 4         x27=1c001104 x10:1c001100
16677189ns          273470 1c009c7c 00341413 slli             x8, x8, 0x3          x8=00000008  x8:00000001
16677388ns          273480 1c009c7e 1c001a37 lui              x20, 0x1c001000     x20=1c001000
16677428ns          273482 1c009c82 1a10b937 lui              x18, 0x1a10b000     x18=1a10b000
16677448ns          273483 1c009c86 f14029f3 csrrs            x19, x0, 0xf14      x19=00000001
16677468ns          273484 1c009c8a 01b40433 add              x8, x8, x27          x8=1c00110c  x8:00000008 x27:1c001104
16677488ns          273485 1c009c8c 00000493 addi             x9, x0, 0            x9=00000000
16677906ns          273506 1c009c8e 1c00ab37 lui              x22, 0x1c00a000     x22=1c00a000
16677945ns          273508 1c009c92 1c00aab7 lui              x21, 0x1c00a000     x21=1c00a000
16677965ns          273509 1c009c96 110a0a13 addi             x20, x20, 272       x20=1c001110 x20:1c001000
16677985ns          273510 1c009c9a f459b9b3 p.bclr           x19, x19, 26, 5     x19=00000001 x19:00000001
16678005ns          273511 1c009c9e 00490913 addi             x18, x18, 4         x18=1a10b004 x18:1a10b000
16678423ns          273532 1c009ca0 1c000d37 lui              x26, 0x1c000000     x26=1c000000
16678463ns          273534 1c009ca4 1c000cb7 lui              x25, 0x1c000000     x25=1c000000
16678482ns          273535 1c009ca8 1c000c37 lui              x24, 0x1c000000     x24=1c000000
16678502ns          273536 1c009cac 1c000bb7 lui              x23, 0x1c000000     x23=1c000000
16678940ns          273558 1c009cb0 00c0006f jal              x0, 12             
16678980ns          273560 1c009cbc 00012623 sw               x0, 12(x2)           x2:10001b98  PA:10001ba4
16679417ns          273582 1c009cbe 00099763 bne              x19, x0, 14         x19:00000001
16679477ns          273585 1c009ccc 000da703 lw               x14, 0(x27)         x14=1c00813e x27:1c001104  PA:1c001104
16679954ns          273609 1c009cd0 c32b0613 addi             x12, x22, -974      x12=1c009c32 x22:1c00a000
16679994ns          273611 1c009cd4 c1aa8593 addi             x11, x21, -998      x11=1c009c1a x21:1c00a000
16680014ns          273612 1c009cd8 00810513 addi             x10, x2, 8          x10=10001ba0  x2:10001b98
16680034ns          273613 1c009cda 000700e7 jalr             x1, x14, 0           x1=1c009cdc x14:1c00813e
16680929ns          273658 1c00813e fc010113 addi             x2, x2, -64          x2=10001b58  x2:10001b98
16681406ns          273682 1c008140 02912a23 sw               x9, 52(x2)           x9:00000000  x2:10001b58  PA:10001b8c
16681446ns          273684 1c008142 f14024f3 csrrs            x9, x0, 0xf14        x9=00000001
16681466ns          273685 1c008146 f454b4b3 p.bclr           x9, x9, 26, 5        x9=00000001  x9:00000001
16681486ns          273686 1c00814a 02812c23 sw               x8, 56(x2)           x8:1c00110c  x2:10001b58  PA:10001b90
16681506ns          273687 1c00814c 03212823 sw               x18, 48(x2)         x18:1a10b004  x2:10001b58  PA:10001b88
16681526ns          273688 1c00814e 03312623 sw               x19, 44(x2)         x19:00000001  x2:10001b58  PA:10001b84
16681923ns          273708 1c008150 03412423 sw               x20, 40(x2)         x20:1c001110  x2:10001b58  PA:10001b80
16681943ns          273709 1c008152 03512223 sw               x21, 36(x2)         x21:1c00a000  x2:10001b58  PA:10001b7c
16681963ns          273710 1c008154 02112e23 sw               x1, 60(x2)           x1:1c009cdc  x2:10001b58  PA:10001b94
16681983ns          273711 1c008156 00249a93 slli             x21, x9, 0x2        x21=00000004  x9:00000001
16682003ns          273712 1c00815a 03612023 sw               x22, 32(x2)         x22:1c00a000  x2:10001b58  PA:10001b78
16682023ns          273713 1c00815c 01712e23 sw               x23, 28(x2)         x23:1c000000  x2:10001b58  PA:10001b74
16682043ns          273714 1c00815e 01812c23 sw               x24, 24(x2)         x24:1c000000  x2:10001b58  PA:10001b70
16682441ns          273734 1c008160 01912a23 sw               x25, 20(x2)         x25:1c000000  x2:10001b58  PA:10001b6c
16682461ns          273735 1c008162 01a12823 sw               x26, 16(x2)         x26:1c000000  x2:10001b58  PA:10001b68
16682480ns          273736 1c008164 01b12623 sw               x27, 12(x2)         x27:1c001104  x2:10001b58  PA:10001b64
16682500ns          273737 1c008166 00a009b3 add              x19, x0, x10        x19=10001ba0 x10:10001ba0
16682520ns          273738 1c008168 00b00433 add              x8, x0, x11          x8=1c009c1a x11:1c009c1a
16682540ns          273739 1c00816a 00c00933 add              x18, x0, x12        x18=1c009c32 x12:1c009c32
16682560ns          273740 1c00816c 004a8a13 addi             x20, x21, 4         x20=00000008 x21:00000004
16682958ns          273760 1c008170 1c048963 beq              x9, x0, 466          x9:00000001
16682998ns          273762 1c008174 58d010ef jal              x1, 7564             x1=1c008178
16683455ns          273785 1c009f00 f14027f3 csrrs            x15, x0, 0xf14      x15=00000001
16683495ns          273787 1c009f04 01f00713 addi             x14, x0, 31         x14=0000001f
16683515ns          273788 1c009f06 ca5797b3 p.extractu       x15, x15, 5, 5      x15=00000000 x15:00000001
16683535ns          273789 1c009f0a 00e78863 beq              x15, x14, 16        x15:00000000 x14:0000001f
16684072ns          273816 1c009f0e 002047b7 lui              x15, 0x204000       x15=00204000
16684111ns          273818 1c009f12 20078793 addi             x15, x15, 512       x15=00204200 x15:00204000
16684131ns          273819 1c009f16 01c7e703 p.elw            x14, 28(x15)        x14=00010000 x15:00204200  PA:0020421c
16886480ns          283992 1c009f1a 00008067 jalr             x0, x1, 0            x1:1c008178
16886520ns          283994 1c008178 00300793 addi             x15, x0, 3          x15=00000003
16886540ns          283995 1c00817a 3097e963 bltu             x15, x9, 786        x15:00000003  x9:00000001
16886560ns          283996 1c00817e 000400e7 jalr             x1, x8, 0            x1=1c008180  x8:1c009c1a
16887176ns          284027 1c009c1a f14027f3 csrrs            x15, x0, 0xf14      x15=00000001
16887634ns          284050 1c009c1e f457b7b3 p.bclr           x15, x15, 26, 5     x15=00000001 x15:00000001
16887654ns          284051 1c009c22 00079763 bne              x15, x0, 14         x15:00000001
16888151ns          284076 1c009c30 00008067 jalr             x0, x1, 0            x1:1c008180
16888191ns          284078 1c008180 100007b7 lui              x15, 0x10000000     x15=10000000
16888210ns          284079 1c008184 10000cb7 lui              x25, 0x10000000     x25=10000000
16888230ns          284080 1c008188 100acc33 p.exths          x24, x21, x0        x24=00000004 x21:00000004
16888250ns          284081 1c00818c 00478d13 addi             x26, x15, 4         x26=10000004 x15:10000000
16888648ns          284101 1c008190 404c8c93 addi             x25, x25, 1028      x25=10000404 x25:10000000
16888688ns          284103 1c008194 fffc4d93 xori             x27, x24, -1        x27=fffffffb x24:00000004
16888708ns          284104 1c008198 014d8db3 add              x27, x27, x20       x27=00000003 x27:fffffffb x20:00000008
16888728ns          284105 1c00819a 001c0793 addi             x15, x24, 1         x15=00000005 x24:00000004
16889145ns          284126 1c00819e 100dddb3 p.exthz          x27, x27, x0        x27=00000003 x27:00000003
16889185ns          284128 1c0081a2 1007c7b3 p.exths          x15, x15, x0        x15=00000005 x15:00000005
16889205ns          284129 1c0081a6 100a4733 p.exths          x14, x20, x0        x14=00000008 x20:00000008
16889225ns          284130 1c0081aa 001d8d93 addi             x27, x27, 1         x27=00000004 x27:00000003
16889245ns          284131 1c0081ac 30f74263 blt              x14, x15, 772       x14:00000008 x15:00000005
16889663ns          284152 1c0081b0 ffff87b7 lui              x15, 0xffff8000     x15=ffff8000
16889682ns          284153 1c0081b2 01500633 add              x12, x0, x21        x12=00000004 x21:00000004
16889702ns          284154 1c0081b4 2efa4e63 blt              x20, x15, 764       x20:00000008 x15:ffff8000
16889722ns          284155 1c0081b8 06fdc07b lp.setup         0x0, x27, 0x6f      x27:00000004
16889742ns          284156 1c0081bc 00661613 slli             x12, x12, 0x6       x12=00000100 x12:00000004
16890180ns          284178 1c0081be 00cd07b3 add              x15, x26, x12       x15=10000104 x26:10000004 x12:00000100
16890219ns          284180 1c0081c2 0007ab83 lw               x23, 0(x15)         x23=000000c0 x15:10000104  PA:10000104
16890239ns          284181 1c0081c6 0047ab03 lw               x22, 4(x15)         x22=00000042 x15:10000104  PA:10000108
16890259ns          284182 1c0081ca 0087aa83 lw               x21, 8(x15)         x21=00000043 x15:10000104  PA:1000010c
16890697ns          284204 1c0081ce 00c7aa03 lw               x20, 12(x15)        x20=000000bd x15:10000104  PA:10000110
16890737ns          284206 1c0081d2 0107a083 lw               x1, 16(x15)          x1=000000bc x15:10000104  PA:10000114
16890757ns          284207 1c0081d6 0147a383 lw               x7, 20(x15)          x7=00000046 x15:10000104  PA:10000118
16890776ns          284208 1c0081da 0187a283 lw               x5, 24(x15)          x5=00000047 x15:10000104  PA:1000011c
16891214ns          284230 1c0081de 01c7af83 lw               x31, 28(x15)        x31=000000b9 x15:10000104  PA:10000120
16891254ns          284232 1c0081e2 0207af03 lw               x30, 32(x15)        x30=000000b8 x15:10000104  PA:10000124
16891274ns          284233 1c0081e6 0247ae83 lw               x29, 36(x15)        x29=0000004a x15:10000104  PA:10000128
16891294ns          284234 1c0081ea 0287ae03 lw               x28, 40(x15)        x28=0000004b x15:10000104  PA:1000012c
16891751ns          284257 1c0081ee 02c7a303 lw               x6, 44(x15)          x6=000000b5 x15:10000104  PA:10000130
16891791ns          284259 1c0081f2 0307a883 lw               x17, 48(x15)        x17=000000b4 x15:10000104  PA:10000134
16891811ns          284260 1c0081f6 0347a803 lw               x16, 52(x15)        x16=0000004e x15:10000104  PA:10000138
16891831ns          284261 1c0081fa 0387a503 lw               x10, 56(x15)        x10=0000004f x15:10000104  PA:1000013c
16891850ns          284262 1c0081fc 03c7a583 lw               x11, 60(x15)        x11=000000b1 x15:10000104  PA:10000140
16892268ns          284283 1c0081fe 100017b7 lui              x15, 0x10001000     x15=10001000
16892308ns          284285 1c008202 80478793 addi             x15, x15, -2044     x15=10000804 x15:10001000
16892328ns          284286 1c008206 01900733 add              x14, x0, x25        x14=10000404 x25:10000404
16892348ns          284287 1c008208 00f60633 add              x12, x12, x15       x12=10000904 x12:00000100 x15:10000804
16892368ns          284288 1c00820a 01000693 addi             x13, x0, 16         x13=00000010
16892388ns          284289 1c00820c 0406c0fb lp.setup         0x1, x13, 0x40      x13:00000010
16892785ns          284309 1c008210 0047278b p.lw             x15, 4(x14!)        x15=00000001 x14=10000408 x14:10000404  PA:10000404
16892845ns          284312 1c008214 03c72403 lw               x8, 60(x14)          x8=00000000 x14:10000408  PA:10000444
16892905ns          284315 1c008216 02fb87b3 mul              x15, x23, x15       x15=000000c0 x23:000000c0 x15:00000001
16892925ns          284316 1c00821a 428b07b3 p.mac            x15, x22, x8        x15=000000c0 x15:000000c0 x22:00000042  x8:00000000
16892944ns          284317 1c00821e 07c72403 lw               x8, 124(x14)         x8=00000001 x14:10000408  PA:10000484
16893303ns          284335 1c008220 428a87b3 p.mac            x15, x21, x8        x15=00000103 x15:000000c0 x21:00000043  x8:00000001
16893342ns          284337 1c008224 0bc72403 lw               x8, 188(x14)         x8=00000000 x14:10000408  PA:100004c4
16893382ns          284339 1c008228 428a07b3 p.mac            x15, x20, x8        x15=00000103 x15:00000103 x20:000000bd  x8:00000000
16893402ns          284340 1c00822c 0fc72403 lw               x8, 252(x14)         x8=00000000 x14:10000408  PA:10000504
16893820ns          284361 1c008230 428087b3 p.mac            x15, x1, x8         x15=00000103 x15:00000103  x1:000000bc  x8:00000000
16893859ns          284363 1c008234 13c72403 lw               x8, 316(x14)         x8=00000001 x14:10000408  PA:10000544
16893899ns          284365 1c008238 428387b3 p.mac            x15, x7, x8         x15=00000149 x15:00000103  x7:00000046  x8:00000001
16893919ns          284366 1c00823c 17c72403 lw               x8, 380(x14)         x8=00000000 x14:10000408  PA:10000584
16894357ns          284388 1c008240 428287b3 p.mac            x15, x5, x8         x15=00000149 x15:00000149  x5:00000047  x8:00000000
16894397ns          284390 1c008244 1bc72403 lw               x8, 444(x14)         x8=00000000 x14:10000408  PA:100005c4
16894436ns          284392 1c008248 428f87b3 p.mac            x15, x31, x8        x15=00000149 x15:00000149 x31:000000b9  x8:00000000
16894456ns          284393 1c00824c 1fc72403 lw               x8, 508(x14)         x8=00000000 x14:10000408  PA:10000604
16894874ns          284414 1c008250 428f07b3 p.mac            x15, x30, x8        x15=00000149 x15:00000149 x30:000000b8  x8:00000000
16894914ns          284416 1c008254 23c72403 lw               x8, 572(x14)         x8=00000000 x14:10000408  PA:10000644
16894953ns          284418 1c008258 428e87b3 p.mac            x15, x29, x8        x15=00000149 x15:00000149 x29:0000004a  x8:00000000
16894973ns          284419 1c00825c 27c72403 lw               x8, 636(x14)         x8=00000000 x14:10000408  PA:10000684
16895391ns          284440 1c008260 428e07b3 p.mac            x15, x28, x8        x15=00000149 x15:00000149 x28:0000004b  x8:00000000
16895431ns          284442 1c008264 2bc72403 lw               x8, 700(x14)         x8=00000001 x14:10000408  PA:100006c4
16895471ns          284444 1c008268 428307b3 p.mac            x15, x6, x8         x15=000001fe x15:00000149  x6:000000b5  x8:00000001
16895490ns          284445 1c00826c 2fc72403 lw               x8, 764(x14)         x8=00000000 x14:10000408  PA:10000704
16895908ns          284466 1c008270 428887b3 p.mac            x15, x17, x8        x15=000001fe x15:000001fe x17:000000b4  x8:00000000
16895948ns          284468 1c008274 33c72403 lw               x8, 828(x14)         x8=00000000 x14:10000408  PA:10000744
16895988ns          284470 1c008278 428807b3 p.mac            x15, x16, x8        x15=000001fe x15:000001fe x16:0000004e  x8:00000000
16896008ns          284471 1c00827c 37c72403 lw               x8, 892(x14)         x8=00000000 x14:10000408  PA:10000784
16896425ns          284492 1c008280 428507b3 p.mac            x15, x10, x8        x15=000001fe x15:000001fe x10:0000004f  x8:00000000
16896465ns          284494 1c008284 3bc72403 lw               x8, 956(x14)         x8=00000000 x14:10000408  PA:100007c4
16896505ns          284496 1c008288 428587b3 p.mac            x15, x11, x8        x15=000001fe x15:000001fe x11:000000b1  x8:00000000
16896525ns          284497 1c00828c 00f6222b p.sw             x15, 4(x12!)        x12=10000908 x15:000001fe x12:10000904  PA:10000904
16896565ns          284499 1c008210 0047278b p.lw             x15, 4(x14!)        x15=00000000 x14=1000040c x14:10000408  PA:10000408
16896584ns          284500 1c008214 03c72403 lw               x8, 60(x14)          x8=00000000 x14:1000040c  PA:10000448
16896604ns          284501 1c008216 02fb87b3 mul              x15, x23, x15       x15=00000000 x23:000000c0 x15:00000000
16896624ns          284502 1c00821a 428b07b3 p.mac            x15, x22, x8        x15=00000000 x15:00000000 x22:00000042  x8:00000000
16896644ns          284503 1c00821e 07c72403 lw               x8, 124(x14)         x8=00000001 x14:1000040c  PA:10000488
16896724ns          284507 1c008220 428a87b3 p.mac            x15, x21, x8        x15=00000043 x15:00000000 x21:00000043  x8:00000001
16896744ns          284508 1c008224 0bc72403 lw               x8, 188(x14)         x8=00000000 x14:1000040c  PA:100004c8
16896803ns          284511 1c008228 428a07b3 p.mac            x15, x20, x8        x15=00000043 x15:00000043 x20:000000bd  x8:00000000
16896823ns          284512 1c00822c 0fc72403 lw               x8, 252(x14)         x8=00000000 x14:1000040c  PA:10000508
16896883ns          284515 1c008230 428087b3 p.mac            x15, x1, x8         x15=00000043 x15:00000043  x1:000000bc  x8:00000000
16896903ns          284516 1c008234 13c72403 lw               x8, 316(x14)         x8=00000000 x14:1000040c  PA:10000548
16896962ns          284519 1c008238 428387b3 p.mac            x15, x7, x8         x15=00000043 x15:00000043  x7:00000046  x8:00000000
16896982ns          284520 1c00823c 17c72403 lw               x8, 380(x14)         x8=00000000 x14:1000040c  PA:10000588
16897042ns          284523 1c008240 428287b3 p.mac            x15, x5, x8         x15=00000043 x15:00000043  x5:00000047  x8:00000000
16897062ns          284524 1c008244 1bc72403 lw               x8, 444(x14)         x8=00000000 x14:1000040c  PA:100005c8
16897122ns          284527 1c008248 428f87b3 p.mac            x15, x31, x8        x15=00000043 x15:00000043 x31:000000b9  x8:00000000
16897141ns          284528 1c00824c 1fc72403 lw               x8, 508(x14)         x8=00000000 x14:1000040c  PA:10000608
16897201ns          284531 1c008250 428f07b3 p.mac            x15, x30, x8        x15=00000043 x15:00000043 x30:000000b8  x8:00000000
16897221ns          284532 1c008254 23c72403 lw               x8, 572(x14)         x8=00000000 x14:1000040c  PA:10000648
16897281ns          284535 1c008258 428e87b3 p.mac            x15, x29, x8        x15=00000043 x15:00000043 x29:0000004a  x8:00000000
16897301ns          284536 1c00825c 27c72403 lw               x8, 636(x14)         x8=00000000 x14:1000040c  PA:10000688
16897360ns          284539 1c008260 428e07b3 p.mac            x15, x28, x8        x15=00000043 x15:00000043 x28:0000004b  x8:00000000
16897380ns          284540 1c008264 2bc72403 lw               x8, 700(x14)         x8=00000001 x14:1000040c  PA:100006c8
16897440ns          284543 1c008268 428307b3 p.mac            x15, x6, x8         x15=000000f8 x15:00000043  x6:000000b5  x8:00000001
16897460ns          284544 1c00826c 2fc72403 lw               x8, 764(x14)         x8=00000000 x14:1000040c  PA:10000708
16897519ns          284547 1c008270 428887b3 p.mac            x15, x17, x8        x15=000000f8 x15:000000f8 x17:000000b4  x8:00000000
16897539ns          284548 1c008274 33c72403 lw               x8, 828(x14)         x8=00000001 x14:1000040c  PA:10000748
16897599ns          284551 1c008278 428807b3 p.mac            x15, x16, x8        x15=00000146 x15:000000f8 x16:0000004e  x8:00000001
16897619ns          284552 1c00827c 37c72403 lw               x8, 892(x14)         x8=00000000 x14:1000040c  PA:10000788
16897678ns          284555 1c008280 428507b3 p.mac            x15, x10, x8        x15=00000146 x15:00000146 x10:0000004f  x8:00000000
16897698ns          284556 1c008284 3bc72403 lw               x8, 956(x14)         x8=00000001 x14:1000040c  PA:100007c8
16897758ns          284559 1c008288 428587b3 p.mac            x15, x11, x8        x15=000001f7 x15:00000146 x11:000000b1  x8:00000001
16897778ns          284560 1c00828c 00f6222b p.sw             x15, 4(x12!)        x12=1000090c x15:000001f7 x12:10000908  PA:10000908
16898156ns          284579 1c008210 0047278b p.lw             x15, 4(x14!)        x15=00000000 x14=10000410 x14:1000040c  PA:1000040c
16898176ns          284580 1c008214 03c72403 lw               x8, 60(x14)          x8=00000000 x14:10000410  PA:1000044c
16898196ns          284581 1c008216 02fb87b3 mul              x15, x23, x15       x15=00000000 x23:000000c0 x15:00000000
16898216ns          284582 1c00821a 428b07b3 p.mac            x15, x22, x8        x15=00000000 x15:00000000 x22:00000042  x8:00000000
16898235ns          284583 1c00821e 07c72403 lw               x8, 124(x14)         x8=00000001 x14:10000410  PA:1000048c
16898335ns          284588 1c008220 428a87b3 p.mac            x15, x21, x8        x15=00000043 x15:00000000 x21:00000043  x8:00000001
16898355ns          284589 1c008224 0bc72403 lw               x8, 188(x14)         x8=00000000 x14:10000410  PA:100004cc
16898414ns          284592 1c008228 428a07b3 p.mac            x15, x20, x8        x15=00000043 x15:00000043 x20:000000bd  x8:00000000
16898434ns          284593 1c00822c 0fc72403 lw               x8, 252(x14)         x8=00000000 x14:10000410  PA:1000050c
16898494ns          284596 1c008230 428087b3 p.mac            x15, x1, x8         x15=00000043 x15:00000043  x1:000000bc  x8:00000000
16898514ns          284597 1c008234 13c72403 lw               x8, 316(x14)         x8=00000000 x14:10000410  PA:1000054c
16898574ns          284600 1c008238 428387b3 p.mac            x15, x7, x8         x15=00000043 x15:00000043  x7:00000046  x8:00000000
16898593ns          284601 1c00823c 17c72403 lw               x8, 380(x14)         x8=00000000 x14:10000410  PA:1000058c
16898653ns          284604 1c008240 428287b3 p.mac            x15, x5, x8         x15=00000043 x15:00000043  x5:00000047  x8:00000000
16898673ns          284605 1c008244 1bc72403 lw               x8, 444(x14)         x8=00000000 x14:10000410  PA:100005cc
16898733ns          284608 1c008248 428f87b3 p.mac            x15, x31, x8        x15=00000043 x15:00000043 x31:000000b9  x8:00000000
16898753ns          284609 1c00824c 1fc72403 lw               x8, 508(x14)         x8=00000000 x14:10000410  PA:1000060c
16898812ns          284612 1c008250 428f07b3 p.mac            x15, x30, x8        x15=00000043 x15:00000043 x30:000000b8  x8:00000000
16898832ns          284613 1c008254 23c72403 lw               x8, 572(x14)         x8=00000000 x14:10000410  PA:1000064c
16898892ns          284616 1c008258 428e87b3 p.mac            x15, x29, x8        x15=00000043 x15:00000043 x29:0000004a  x8:00000000
16898912ns          284617 1c00825c 27c72403 lw               x8, 636(x14)         x8=00000001 x14:10000410  PA:1000068c
16898971ns          284620 1c008260 428e07b3 p.mac            x15, x28, x8        x15=0000008e x15:00000043 x28:0000004b  x8:00000001
16898991ns          284621 1c008264 2bc72403 lw               x8, 700(x14)         x8=00000000 x14:10000410  PA:100006cc
16899051ns          284624 1c008268 428307b3 p.mac            x15, x6, x8         x15=0000008e x15:0000008e  x6:000000b5  x8:00000000
16899071ns          284625 1c00826c 2fc72403 lw               x8, 764(x14)         x8=00000000 x14:10000410  PA:1000070c
16899131ns          284628 1c008270 428887b3 p.mac            x15, x17, x8        x15=0000008e x15:0000008e x17:000000b4  x8:00000000
16899150ns          284629 1c008274 33c72403 lw               x8, 828(x14)         x8=00000000 x14:10000410  PA:1000074c
16899210ns          284632 1c008278 428807b3 p.mac            x15, x16, x8        x15=0000008e x15:0000008e x16:0000004e  x8:00000000
16899230ns          284633 1c00827c 37c72403 lw               x8, 892(x14)         x8=00000000 x14:10000410  PA:1000078c
16899290ns          284636 1c008280 428507b3 p.mac            x15, x10, x8        x15=0000008e x15:0000008e x10:0000004f  x8:00000000
16899310ns          284637 1c008284 3bc72403 lw               x8, 956(x14)         x8=00000000 x14:10000410  PA:100007cc
16899369ns          284640 1c008288 428587b3 p.mac            x15, x11, x8        x15=0000008e x15:0000008e x11:000000b1  x8:00000000
16899389ns          284641 1c00828c 00f6222b p.sw             x15, 4(x12!)        x12=10000910 x15:0000008e x12:1000090c  PA:1000090c
16899409ns          284642 1c008210 0047278b p.lw             x15, 4(x14!)        x15=00000001 x14=10000414 x14:10000410  PA:10000410
16899449ns          284644 1c008214 03c72403 lw               x8, 60(x14)          x8=00000000 x14:10000414  PA:10000450
16899469ns          284645 1c008216 02fb87b3 mul              x15, x23, x15       x15=000000c0 x23:000000c0 x15:00000001
16899489ns          284646 1c00821a 428b07b3 p.mac            x15, x22, x8        x15=000000c0 x15:000000c0 x22:00000042  x8:00000000
16899508ns          284647 1c00821e 07c72403 lw               x8, 124(x14)         x8=00000000 x14:10000414  PA:10000490
16899588ns          284651 1c008220 428a87b3 p.mac            x15, x21, x8        x15=000000c0 x15:000000c0 x21:00000043  x8:00000000
16899608ns          284652 1c008224 0bc72403 lw               x8, 188(x14)         x8=00000000 x14:10000414  PA:100004d0
16899668ns          284655 1c008228 428a07b3 p.mac            x15, x20, x8        x15=000000c0 x15:000000c0 x20:000000bd  x8:00000000
16899687ns          284656 1c00822c 0fc72403 lw               x8, 252(x14)         x8=00000000 x14:10000414  PA:10000510
16899747ns          284659 1c008230 428087b3 p.mac            x15, x1, x8         x15=000000c0 x15:000000c0  x1:000000bc  x8:00000000
16899767ns          284660 1c008234 13c72403 lw               x8, 316(x14)         x8=00000000 x14:10000414  PA:10000550
16899827ns          284663 1c008238 428387b3 p.mac            x15, x7, x8         x15=000000c0 x15:000000c0  x7:00000046  x8:00000000
16899847ns          284664 1c00823c 17c72403 lw               x8, 380(x14)         x8=00000000 x14:10000414  PA:10000590
16899906ns          284667 1c008240 428287b3 p.mac            x15, x5, x8         x15=000000c0 x15:000000c0  x5:00000047  x8:00000000
16899926ns          284668 1c008244 1bc72403 lw               x8, 444(x14)         x8=00000000 x14:10000414  PA:100005d0
16899986ns          284671 1c008248 428f87b3 p.mac            x15, x31, x8        x15=000000c0 x15:000000c0 x31:000000b9  x8:00000000
16900006ns          284672 1c00824c 1fc72403 lw               x8, 508(x14)         x8=00000000 x14:10000414  PA:10000610
16900065ns          284675 1c008250 428f07b3 p.mac            x15, x30, x8        x15=000000c0 x15:000000c0 x30:000000b8  x8:00000000
16900085ns          284676 1c008254 23c72403 lw               x8, 572(x14)         x8=00000000 x14:10000414  PA:10000650
16900145ns          284679 1c008258 428e87b3 p.mac            x15, x29, x8        x15=000000c0 x15:000000c0 x29:0000004a  x8:00000000
16900165ns          284680 1c00825c 27c72403 lw               x8, 636(x14)         x8=00000001 x14:10000414  PA:10000690
16900224ns          284683 1c008260 428e07b3 p.mac            x15, x28, x8        x15=0000010b x15:000000c0 x28:0000004b  x8:00000001
16900244ns          284684 1c008264 2bc72403 lw               x8, 700(x14)         x8=00000000 x14:10000414  PA:100006d0
16900304ns          284687 1c008268 428307b3 p.mac            x15, x6, x8         x15=0000010b x15:0000010b  x6:000000b5  x8:00000000
16900324ns          284688 1c00826c 2fc72403 lw               x8, 764(x14)         x8=00000001 x14:10000414  PA:10000710
16900384ns          284691 1c008270 428887b3 p.mac            x15, x17, x8        x15=000001bf x15:0000010b x17:000000b4  x8:00000001
16900404ns          284692 1c008274 33c72403 lw               x8, 828(x14)         x8=00000000 x14:10000414  PA:10000750
16900463ns          284695 1c008278 428807b3 p.mac            x15, x16, x8        x15=000001bf x15:000001bf x16:0000004e  x8:00000000
16900483ns          284696 1c00827c 37c72403 lw               x8, 892(x14)         x8=00000000 x14:10000414  PA:10000790
16900543ns          284699 1c008280 428507b3 p.mac            x15, x10, x8        x15=000001bf x15:000001bf x10:0000004f  x8:00000000
16900563ns          284700 1c008284 3bc72403 lw               x8, 956(x14)         x8=00000000 x14:10000414  PA:100007d0
16900622ns          284703 1c008288 428587b3 p.mac            x15, x11, x8        x15=000001bf x15:000001bf x11:000000b1  x8:00000000
16900642ns          284704 1c00828c 00f6222b p.sw             x15, 4(x12!)        x12=10000914 x15:000001bf x12:10000910  PA:10000910
16900662ns          284705 1c008210 0047278b p.lw             x15, 4(x14!)        x15=00000000 x14=10000418 x14:10000414  PA:10000414
16900682ns          284706 1c008214 03c72403 lw               x8, 60(x14)          x8=00000000 x14:10000418  PA:10000454
16900702ns          284707 1c008216 02fb87b3 mul              x15, x23, x15       x15=00000000 x23:000000c0 x15:00000000
16900722ns          284708 1c00821a 428b07b3 p.mac            x15, x22, x8        x15=00000000 x15:00000000 x22:00000042  x8:00000000
16900742ns          284709 1c00821e 07c72403 lw               x8, 124(x14)         x8=00000000 x14:10000418  PA:10000494
16900801ns          284712 1c008220 428a87b3 p.mac            x15, x21, x8        x15=00000000 x15:00000000 x21:00000043  x8:00000000
16900821ns          284713 1c008224 0bc72403 lw               x8, 188(x14)         x8=00000000 x14:10000418  PA:100004d4
16900901ns          284717 1c008228 428a07b3 p.mac            x15, x20, x8        x15=00000000 x15:00000000 x20:000000bd  x8:00000000
16900921ns          284718 1c00822c 0fc72403 lw               x8, 252(x14)         x8=00000001 x14:10000418  PA:10000514
16900980ns          284721 1c008230 428087b3 p.mac            x15, x1, x8         x15=000000bc x15:00000000  x1:000000bc  x8:00000001
16901000ns          284722 1c008234 13c72403 lw               x8, 316(x14)         x8=00000000 x14:10000418  PA:10000554
16901060ns          284725 1c008238 428387b3 p.mac            x15, x7, x8         x15=000000bc x15:000000bc  x7:00000046  x8:00000000
16901080ns          284726 1c00823c 17c72403 lw               x8, 380(x14)         x8=00000000 x14:10000418  PA:10000594
16901139ns          284729 1c008240 428287b3 p.mac            x15, x5, x8         x15=000000bc x15:000000bc  x5:00000047  x8:00000000
16901159ns          284730 1c008244 1bc72403 lw               x8, 444(x14)         x8=00000000 x14:10000418  PA:100005d4
16901219ns          284733 1c008248 428f87b3 p.mac            x15, x31, x8        x15=000000bc x15:000000bc x31:000000b9  x8:00000000
16901239ns          284734 1c00824c 1fc72403 lw               x8, 508(x14)         x8=00000000 x14:10000418  PA:10000614
16901299ns          284737 1c008250 428f07b3 p.mac            x15, x30, x8        x15=000000bc x15:000000bc x30:000000b8  x8:00000000
16901318ns          284738 1c008254 23c72403 lw               x8, 572(x14)         x8=00000001 x14:10000418  PA:10000654
16901378ns          284741 1c008258 428e87b3 p.mac            x15, x29, x8        x15=00000106 x15:000000bc x29:0000004a  x8:00000001
16901398ns          284742 1c00825c 27c72403 lw               x8, 636(x14)         x8=00000000 x14:10000418  PA:10000694
16901458ns          284745 1c008260 428e07b3 p.mac            x15, x28, x8        x15=00000106 x15:00000106 x28:0000004b  x8:00000000
16901478ns          284746 1c008264 2bc72403 lw               x8, 700(x14)         x8=00000000 x14:10000418  PA:100006d4
16901537ns          284749 1c008268 428307b3 p.mac            x15, x6, x8         x15=00000106 x15:00000106  x6:000000b5  x8:00000000
16901557ns          284750 1c00826c 2fc72403 lw               x8, 764(x14)         x8=00000000 x14:10000418  PA:10000714
16901617ns          284753 1c008270 428887b3 p.mac            x15, x17, x8        x15=00000106 x15:00000106 x17:000000b4  x8:00000000
16901637ns          284754 1c008274 33c72403 lw               x8, 828(x14)         x8=00000000 x14:10000418  PA:10000754
16901696ns          284757 1c008278 428807b3 p.mac            x15, x16, x8        x15=00000106 x15:00000106 x16:0000004e  x8:00000000
16901716ns          284758 1c00827c 37c72403 lw               x8, 892(x14)         x8=00000000 x14:10000418  PA:10000794
16901776ns          284761 1c008280 428507b3 p.mac            x15, x10, x8        x15=00000106 x15:00000106 x10:0000004f  x8:00000000
16901796ns          284762 1c008284 3bc72403 lw               x8, 956(x14)         x8=00000000 x14:10000418  PA:100007d4
16901856ns          284765 1c008288 428587b3 p.mac            x15, x11, x8        x15=00000106 x15:00000106 x11:000000b1  x8:00000000
16901875ns          284766 1c00828c 00f6222b p.sw             x15, 4(x12!)        x12=10000918 x15:00000106 x12:10000914  PA:10000914
16901895ns          284767 1c008210 0047278b p.lw             x15, 4(x14!)        x15=00000000 x14=1000041c x14:10000418  PA:10000418
16901915ns          284768 1c008214 03c72403 lw               x8, 60(x14)          x8=00000000 x14:1000041c  PA:10000458
16901935ns          284769 1c008216 02fb87b3 mul              x15, x23, x15       x15=00000000 x23:000000c0 x15:00000000
16901955ns          284770 1c00821a 428b07b3 p.mac            x15, x22, x8        x15=00000000 x15:00000000 x22:00000042  x8:00000000
16901975ns          284771 1c00821e 07c72403 lw               x8, 124(x14)         x8=00000000 x14:1000041c  PA:10000498
16902035ns          284774 1c008220 428a87b3 p.mac            x15, x21, x8        x15=00000000 x15:00000000 x21:00000043  x8:00000000
16902054ns          284775 1c008224 0bc72403 lw               x8, 188(x14)         x8=00000000 x14:1000041c  PA:100004d8
16902134ns          284779 1c008228 428a07b3 p.mac            x15, x20, x8        x15=00000000 x15:00000000 x20:000000bd  x8:00000000
16902154ns          284780 1c00822c 0fc72403 lw               x8, 252(x14)         x8=00000000 x14:1000041c  PA:10000518
16902214ns          284783 1c008230 428087b3 p.mac            x15, x1, x8         x15=00000000 x15:00000000  x1:000000bc  x8:00000000
16902233ns          284784 1c008234 13c72403 lw               x8, 316(x14)         x8=00000000 x14:1000041c  PA:10000558
16902293ns          284787 1c008238 428387b3 p.mac            x15, x7, x8         x15=00000000 x15:00000000  x7:00000046  x8:00000000
16902313ns          284788 1c00823c 17c72403 lw               x8, 380(x14)         x8=00000000 x14:1000041c  PA:10000598
16902373ns          284791 1c008240 428287b3 p.mac            x15, x5, x8         x15=00000000 x15:00000000  x5:00000047  x8:00000000
16902393ns          284792 1c008244 1bc72403 lw               x8, 444(x14)         x8=00000000 x14:1000041c  PA:100005d8
16902452ns          284795 1c008248 428f87b3 p.mac            x15, x31, x8        x15=00000000 x15:00000000 x31:000000b9  x8:00000000
16902472ns          284796 1c00824c 1fc72403 lw               x8, 508(x14)         x8=00000000 x14:1000041c  PA:10000618
16902532ns          284799 1c008250 428f07b3 p.mac            x15, x30, x8        x15=00000000 x15:00000000 x30:000000b8  x8:00000000
16902552ns          284800 1c008254 23c72403 lw               x8, 572(x14)         x8=00000000 x14:1000041c  PA:10000658
16902611ns          284803 1c008258 428e87b3 p.mac            x15, x29, x8        x15=00000000 x15:00000000 x29:0000004a  x8:00000000
16902631ns          284804 1c00825c 27c72403 lw               x8, 636(x14)         x8=00000000 x14:1000041c  PA:10000698
16902691ns          284807 1c008260 428e07b3 p.mac            x15, x28, x8        x15=00000000 x15:00000000 x28:0000004b  x8:00000000
16902711ns          284808 1c008264 2bc72403 lw               x8, 700(x14)         x8=00000000 x14:1000041c  PA:100006d8
16902771ns          284811 1c008268 428307b3 p.mac            x15, x6, x8         x15=00000000 x15:00000000  x6:000000b5  x8:00000000
16902790ns          284812 1c00826c 2fc72403 lw               x8, 764(x14)         x8=00000000 x14:1000041c  PA:10000718
16902850ns          284815 1c008270 428887b3 p.mac            x15, x17, x8        x15=00000000 x15:00000000 x17:000000b4  x8:00000000
16902870ns          284816 1c008274 33c72403 lw               x8, 828(x14)         x8=00000000 x14:1000041c  PA:10000758
16902930ns          284819 1c008278 428807b3 p.mac            x15, x16, x8        x15=00000000 x15:00000000 x16:0000004e  x8:00000000
16902950ns          284820 1c00827c 37c72403 lw               x8, 892(x14)         x8=00000000 x14:1000041c  PA:10000798
16903009ns          284823 1c008280 428507b3 p.mac            x15, x10, x8        x15=00000000 x15:00000000 x10:0000004f  x8:00000000
16903029ns          284824 1c008284 3bc72403 lw               x8, 956(x14)         x8=00000000 x14:1000041c  PA:100007d8
16903089ns          284827 1c008288 428587b3 p.mac            x15, x11, x8        x15=00000000 x15:00000000 x11:000000b1  x8:00000000
16903109ns          284828 1c00828c 00f6222b p.sw             x15, 4(x12!)        x12=1000091c x15:00000000 x12:10000918  PA:10000918
16903129ns          284829 1c008210 0047278b p.lw             x15, 4(x14!)        x15=00000000 x14=10000420 x14:1000041c  PA:1000041c
16903148ns          284830 1c008214 03c72403 lw               x8, 60(x14)          x8=00000001 x14:10000420  PA:1000045c
16903168ns          284831 1c008216 02fb87b3 mul              x15, x23, x15       x15=00000000 x23:000000c0 x15:00000000
16903188ns          284832 1c00821a 428b07b3 p.mac            x15, x22, x8        x15=00000042 x15:00000000 x22:00000042  x8:00000001
16903208ns          284833 1c00821e 07c72403 lw               x8, 124(x14)         x8=00000001 x14:10000420  PA:1000049c
16903268ns          284836 1c008220 428a87b3 p.mac            x15, x21, x8        x15=00000085 x15:00000042 x21:00000043  x8:00000001
16903288ns          284837 1c008224 0bc72403 lw               x8, 188(x14)         x8=00000000 x14:10000420  PA:100004dc
16903367ns          284841 1c008228 428a07b3 p.mac            x15, x20, x8        x15=00000085 x15:00000085 x20:000000bd  x8:00000000
16903387ns          284842 1c00822c 0fc72403 lw               x8, 252(x14)         x8=00000000 x14:10000420  PA:1000051c
16903447ns          284845 1c008230 428087b3 p.mac            x15, x1, x8         x15=00000085 x15:00000085  x1:000000bc  x8:00000000
16903467ns          284846 1c008234 13c72403 lw               x8, 316(x14)         x8=00000001 x14:10000420  PA:1000055c
16903526ns          284849 1c008238 428387b3 p.mac            x15, x7, x8         x15=000000cb x15:00000085  x7:00000046  x8:00000001
16903546ns          284850 1c00823c 17c72403 lw               x8, 380(x14)         x8=00000000 x14:10000420  PA:1000059c
16903606ns          284853 1c008240 428287b3 p.mac            x15, x5, x8         x15=000000cb x15:000000cb  x5:00000047  x8:00000000
16903626ns          284854 1c008244 1bc72403 lw               x8, 444(x14)         x8=00000000 x14:10000420  PA:100005dc
16903685ns          284857 1c008248 428f87b3 p.mac            x15, x31, x8        x15=000000cb x15:000000cb x31:000000b9  x8:00000000
16903705ns          284858 1c00824c 1fc72403 lw               x8, 508(x14)         x8=00000000 x14:10000420  PA:1000061c
16903765ns          284861 1c008250 428f07b3 p.mac            x15, x30, x8        x15=000000cb x15:000000cb x30:000000b8  x8:00000000
16903785ns          284862 1c008254 23c72403 lw               x8, 572(x14)         x8=00000000 x14:10000420  PA:1000065c
16903845ns          284865 1c008258 428e87b3 p.mac            x15, x29, x8        x15=000000cb x15:000000cb x29:0000004a  x8:00000000
16903865ns          284866 1c00825c 27c72403 lw               x8, 636(x14)         x8=00000000 x14:10000420  PA:1000069c
16903924ns          284869 1c008260 428e07b3 p.mac            x15, x28, x8        x15=000000cb x15:000000cb x28:0000004b  x8:00000000
16903944ns          284870 1c008264 2bc72403 lw               x8, 700(x14)         x8=00000000 x14:10000420  PA:100006dc
16904004ns          284873 1c008268 428307b3 p.mac            x15, x6, x8         x15=000000cb x15:000000cb  x6:000000b5  x8:00000000
16904024ns          284874 1c00826c 2fc72403 lw               x8, 764(x14)         x8=00000000 x14:10000420  PA:1000071c
16904083ns          284877 1c008270 428887b3 p.mac            x15, x17, x8        x15=000000cb x15:000000cb x17:000000b4  x8:00000000
16904103ns          284878 1c008274 33c72403 lw               x8, 828(x14)         x8=00000000 x14:10000420  PA:1000075c
16904163ns          284881 1c008278 428807b3 p.mac            x15, x16, x8        x15=000000cb x15:000000cb x16:0000004e  x8:00000000
16904183ns          284882 1c00827c 37c72403 lw               x8, 892(x14)         x8=00000000 x14:10000420  PA:1000079c
16904242ns          284885 1c008280 428507b3 p.mac            x15, x10, x8        x15=000000cb x15:000000cb x10:0000004f  x8:00000000
16904262ns          284886 1c008284 3bc72403 lw               x8, 956(x14)         x8=00000000 x14:10000420  PA:100007dc
16904322ns          284889 1c008288 428587b3 p.mac            x15, x11, x8        x15=000000cb x15:000000cb x11:000000b1  x8:00000000
16904342ns          284890 1c00828c 00f6222b p.sw             x15, 4(x12!)        x12=10000920 x15:000000cb x12:1000091c  PA:1000091c
16904362ns          284891 1c008210 0047278b p.lw             x15, 4(x14!)        x15=00000000 x14=10000424 x14:10000420  PA:10000420
16904382ns          284892 1c008214 03c72403 lw               x8, 60(x14)          x8=00000000 x14:10000424  PA:10000460
16904402ns          284893 1c008216 02fb87b3 mul              x15, x23, x15       x15=00000000 x23:000000c0 x15:00000000
16904421ns          284894 1c00821a 428b07b3 p.mac            x15, x22, x8        x15=00000000 x15:00000000 x22:00000042  x8:00000000
16904441ns          284895 1c00821e 07c72403 lw               x8, 124(x14)         x8=00000000 x14:10000424  PA:100004a0
16904501ns          284898 1c008220 428a87b3 p.mac            x15, x21, x8        x15=00000000 x15:00000000 x21:00000043  x8:00000000
16904521ns          284899 1c008224 0bc72403 lw               x8, 188(x14)         x8=00000000 x14:10000424  PA:100004e0
16904600ns          284903 1c008228 428a07b3 p.mac            x15, x20, x8        x15=00000000 x15:00000000 x20:000000bd  x8:00000000
16904620ns          284904 1c00822c 0fc72403 lw               x8, 252(x14)         x8=00000000 x14:10000424  PA:10000520
16904680ns          284907 1c008230 428087b3 p.mac            x15, x1, x8         x15=00000000 x15:00000000  x1:000000bc  x8:00000000
16904700ns          284908 1c008234 13c72403 lw               x8, 316(x14)         x8=00000000 x14:10000424  PA:10000560
16904760ns          284911 1c008238 428387b3 p.mac            x15, x7, x8         x15=00000000 x15:00000000  x7:00000046  x8:00000000
16904779ns          284912 1c00823c 17c72403 lw               x8, 380(x14)         x8=00000000 x14:10000424  PA:100005a0
16904839ns          284915 1c008240 428287b3 p.mac            x15, x5, x8         x15=00000000 x15:00000000  x5:00000047  x8:00000000
16904859ns          284916 1c008244 1bc72403 lw               x8, 444(x14)         x8=00000000 x14:10000424  PA:100005e0
16904919ns          284919 1c008248 428f87b3 p.mac            x15, x31, x8        x15=00000000 x15:00000000 x31:000000b9  x8:00000000
16904939ns          284920 1c00824c 1fc72403 lw               x8, 508(x14)         x8=00000001 x14:10000424  PA:10000620
16904998ns          284923 1c008250 428f07b3 p.mac            x15, x30, x8        x15=000000b8 x15:00000000 x30:000000b8  x8:00000001
16905018ns          284924 1c008254 23c72403 lw               x8, 572(x14)         x8=00000000 x14:10000424  PA:10000660
16905078ns          284927 1c008258 428e87b3 p.mac            x15, x29, x8        x15=000000b8 x15:000000b8 x29:0000004a  x8:00000000
16905098ns          284928 1c00825c 27c72403 lw               x8, 636(x14)         x8=00000000 x14:10000424  PA:100006a0
16905157ns          284931 1c008260 428e07b3 p.mac            x15, x28, x8        x15=000000b8 x15:000000b8 x28:0000004b  x8:00000000
16905177ns          284932 1c008264 2bc72403 lw               x8, 700(x14)         x8=00000000 x14:10000424  PA:100006e0
16905237ns          284935 1c008268 428307b3 p.mac            x15, x6, x8         x15=000000b8 x15:000000b8  x6:000000b5  x8:00000000
16905257ns          284936 1c00826c 2fc72403 lw               x8, 764(x14)         x8=00000001 x14:10000424  PA:10000720
16905317ns          284939 1c008270 428887b3 p.mac            x15, x17, x8        x15=0000016c x15:000000b8 x17:000000b4  x8:00000001
16905336ns          284940 1c008274 33c72403 lw               x8, 828(x14)         x8=00000000 x14:10000424  PA:10000760
16905396ns          284943 1c008278 428807b3 p.mac            x15, x16, x8        x15=0000016c x15:0000016c x16:0000004e  x8:00000000
16905416ns          284944 1c00827c 37c72403 lw               x8, 892(x14)         x8=00000000 x14:10000424  PA:100007a0
16905476ns          284947 1c008280 428507b3 p.mac            x15, x10, x8        x15=0000016c x15:0000016c x10:0000004f  x8:00000000
16905496ns          284948 1c008284 3bc72403 lw               x8, 956(x14)         x8=00000000 x14:10000424  PA:100007e0
16905555ns          284951 1c008288 428587b3 p.mac            x15, x11, x8        x15=0000016c x15:0000016c x11:000000b1  x8:00000000
16905575ns          284952 1c00828c 00f6222b p.sw             x15, 4(x12!)        x12=10000924 x15:0000016c x12:10000920  PA:10000920
16905595ns          284953 1c008210 0047278b p.lw             x15, 4(x14!)        x15=00000000 x14=10000428 x14:10000424  PA:10000424
16905615ns          284954 1c008214 03c72403 lw               x8, 60(x14)          x8=00000000 x14:10000428  PA:10000464
16905635ns          284955 1c008216 02fb87b3 mul              x15, x23, x15       x15=00000000 x23:000000c0 x15:00000000
16905655ns          284956 1c00821a 428b07b3 p.mac            x15, x22, x8        x15=00000000 x15:00000000 x22:00000042  x8:00000000
16905675ns          284957 1c00821e 07c72403 lw               x8, 124(x14)         x8=00000001 x14:10000428  PA:100004a4
16905734ns          284960 1c008220 428a87b3 p.mac            x15, x21, x8        x15=00000043 x15:00000000 x21:00000043  x8:00000001
16905754ns          284961 1c008224 0bc72403 lw               x8, 188(x14)         x8=00000000 x14:10000428  PA:100004e4
16905834ns          284965 1c008228 428a07b3 p.mac            x15, x20, x8        x15=00000043 x15:00000043 x20:000000bd  x8:00000000
16905854ns          284966 1c00822c 0fc72403 lw               x8, 252(x14)         x8=00000000 x14:10000428  PA:10000524
16905913ns          284969 1c008230 428087b3 p.mac            x15, x1, x8         x15=00000043 x15:00000043  x1:000000bc  x8:00000000
16905933ns          284970 1c008234 13c72403 lw               x8, 316(x14)         x8=00000000 x14:10000428  PA:10000564
16905993ns          284973 1c008238 428387b3 p.mac            x15, x7, x8         x15=00000043 x15:00000043  x7:00000046  x8:00000000
16906013ns          284974 1c00823c 17c72403 lw               x8, 380(x14)         x8=00000000 x14:10000428  PA:100005a4
16906072ns          284977 1c008240 428287b3 p.mac            x15, x5, x8         x15=00000043 x15:00000043  x5:00000047  x8:00000000
16906092ns          284978 1c008244 1bc72403 lw               x8, 444(x14)         x8=00000000 x14:10000428  PA:100005e4
16906152ns          284981 1c008248 428f87b3 p.mac            x15, x31, x8        x15=00000043 x15:00000043 x31:000000b9  x8:00000000
16906172ns          284982 1c00824c 1fc72403 lw               x8, 508(x14)         x8=00000000 x14:10000428  PA:10000624
16906232ns          284985 1c008250 428f07b3 p.mac            x15, x30, x8        x15=00000043 x15:00000043 x30:000000b8  x8:00000000
16906251ns          284986 1c008254 23c72403 lw               x8, 572(x14)         x8=00000000 x14:10000428  PA:10000664
16906311ns          284989 1c008258 428e87b3 p.mac            x15, x29, x8        x15=00000043 x15:00000043 x29:0000004a  x8:00000000
16906331ns          284990 1c00825c 27c72403 lw               x8, 636(x14)         x8=00000000 x14:10000428  PA:100006a4
16906391ns          284993 1c008260 428e07b3 p.mac            x15, x28, x8        x15=00000043 x15:00000043 x28:0000004b  x8:00000000
16906411ns          284994 1c008264 2bc72403 lw               x8, 700(x14)         x8=00000000 x14:10000428  PA:100006e4
16906470ns          284997 1c008268 428307b3 p.mac            x15, x6, x8         x15=00000043 x15:00000043  x6:000000b5  x8:00000000
16906490ns          284998 1c00826c 2fc72403 lw               x8, 764(x14)         x8=00000001 x14:10000428  PA:10000724
16906550ns          285001 1c008270 428887b3 p.mac            x15, x17, x8        x15=000000f7 x15:00000043 x17:000000b4  x8:00000001
16906570ns          285002 1c008274 33c72403 lw               x8, 828(x14)         x8=00000001 x14:10000428  PA:10000764
16906629ns          285005 1c008278 428807b3 p.mac            x15, x16, x8        x15=00000145 x15:000000f7 x16:0000004e  x8:00000001
16906649ns          285006 1c00827c 37c72403 lw               x8, 892(x14)         x8=00000000 x14:10000428  PA:100007a4
16906709ns          285009 1c008280 428507b3 p.mac            x15, x10, x8        x15=00000145 x15:00000145 x10:0000004f  x8:00000000
16906729ns          285010 1c008284 3bc72403 lw               x8, 956(x14)         x8=00000000 x14:10000428  PA:100007e4
16906788ns          285013 1c008288 428587b3 p.mac            x15, x11, x8        x15=00000145 x15:00000145 x11:000000b1  x8:00000000
16906808ns          285014 1c00828c 00f6222b p.sw             x15, 4(x12!)        x12=10000928 x15:00000145 x12:10000924  PA:10000924
16906828ns          285015 1c008210 0047278b p.lw             x15, 4(x14!)        x15=00000000 x14=1000042c x14:10000428  PA:10000428
16906848ns          285016 1c008214 03c72403 lw               x8, 60(x14)          x8=00000000 x14:1000042c  PA:10000468
16906868ns          285017 1c008216 02fb87b3 mul              x15, x23, x15       x15=00000000 x23:000000c0 x15:00000000
16906888ns          285018 1c00821a 428b07b3 p.mac            x15, x22, x8        x15=00000000 x15:00000000 x22:00000042  x8:00000000
16906908ns          285019 1c00821e 07c72403 lw               x8, 124(x14)         x8=00000000 x14:1000042c  PA:100004a8
16906967ns          285022 1c008220 428a87b3 p.mac            x15, x21, x8        x15=00000000 x15:00000000 x21:00000043  x8:00000000
16906987ns          285023 1c008224 0bc72403 lw               x8, 188(x14)         x8=00000000 x14:1000042c  PA:100004e8
16907067ns          285027 1c008228 428a07b3 p.mac            x15, x20, x8        x15=00000000 x15:00000000 x20:000000bd  x8:00000000
16907087ns          285028 1c00822c 0fc72403 lw               x8, 252(x14)         x8=00000000 x14:1000042c  PA:10000528
16907146ns          285031 1c008230 428087b3 p.mac            x15, x1, x8         x15=00000000 x15:00000000  x1:000000bc  x8:00000000
16907166ns          285032 1c008234 13c72403 lw               x8, 316(x14)         x8=00000000 x14:1000042c  PA:10000568
16907226ns          285035 1c008238 428387b3 p.mac            x15, x7, x8         x15=00000000 x15:00000000  x7:00000046  x8:00000000
16907246ns          285036 1c00823c 17c72403 lw               x8, 380(x14)         x8=00000000 x14:1000042c  PA:100005a8
16907306ns          285039 1c008240 428287b3 p.mac            x15, x5, x8         x15=00000000 x15:00000000  x5:00000047  x8:00000000
16907325ns          285040 1c008244 1bc72403 lw               x8, 444(x14)         x8=00000000 x14:1000042c  PA:100005e8
16907385ns          285043 1c008248 428f87b3 p.mac            x15, x31, x8        x15=00000000 x15:00000000 x31:000000b9  x8:00000000
16907405ns          285044 1c00824c 1fc72403 lw               x8, 508(x14)         x8=00000000 x14:1000042c  PA:10000628
16907465ns          285047 1c008250 428f07b3 p.mac            x15, x30, x8        x15=00000000 x15:00000000 x30:000000b8  x8:00000000
16907485ns          285048 1c008254 23c72403 lw               x8, 572(x14)         x8=00000000 x14:1000042c  PA:10000668
16907544ns          285051 1c008258 428e87b3 p.mac            x15, x29, x8        x15=00000000 x15:00000000 x29:0000004a  x8:00000000
16907564ns          285052 1c00825c 27c72403 lw               x8, 636(x14)         x8=00000000 x14:1000042c  PA:100006a8
16907624ns          285055 1c008260 428e07b3 p.mac            x15, x28, x8        x15=00000000 x15:00000000 x28:0000004b  x8:00000000
16907644ns          285056 1c008264 2bc72403 lw               x8, 700(x14)         x8=00000000 x14:1000042c  PA:100006e8
16907703ns          285059 1c008268 428307b3 p.mac            x15, x6, x8         x15=00000000 x15:00000000  x6:000000b5  x8:00000000
16907723ns          285060 1c00826c 2fc72403 lw               x8, 764(x14)         x8=00000000 x14:1000042c  PA:10000728
16907783ns          285063 1c008270 428887b3 p.mac            x15, x17, x8        x15=00000000 x15:00000000 x17:000000b4  x8:00000000
16907803ns          285064 1c008274 33c72403 lw               x8, 828(x14)         x8=00000000 x14:1000042c  PA:10000768
16907863ns          285067 1c008278 428807b3 p.mac            x15, x16, x8        x15=00000000 x15:00000000 x16:0000004e  x8:00000000
16907882ns          285068 1c00827c 37c72403 lw               x8, 892(x14)         x8=00000000 x14:1000042c  PA:100007a8
16907942ns          285071 1c008280 428507b3 p.mac            x15, x10, x8        x15=00000000 x15:00000000 x10:0000004f  x8:00000000
16907962ns          285072 1c008284 3bc72403 lw               x8, 956(x14)         x8=00000000 x14:1000042c  PA:100007e8
16908022ns          285075 1c008288 428587b3 p.mac            x15, x11, x8        x15=00000000 x15:00000000 x11:000000b1  x8:00000000
16908042ns          285076 1c00828c 00f6222b p.sw             x15, 4(x12!)        x12=1000092c x15:00000000 x12:10000928  PA:10000928
16908061ns          285077 1c008210 0047278b p.lw             x15, 4(x14!)        x15=00000000 x14=10000430 x14:1000042c  PA:1000042c
16908081ns          285078 1c008214 03c72403 lw               x8, 60(x14)          x8=00000000 x14:10000430  PA:1000046c
16908101ns          285079 1c008216 02fb87b3 mul              x15, x23, x15       x15=00000000 x23:000000c0 x15:00000000
16908121ns          285080 1c00821a 428b07b3 p.mac            x15, x22, x8        x15=00000000 x15:00000000 x22:00000042  x8:00000000
16908141ns          285081 1c00821e 07c72403 lw               x8, 124(x14)         x8=00000000 x14:10000430  PA:100004ac
16908201ns          285084 1c008220 428a87b3 p.mac            x15, x21, x8        x15=00000000 x15:00000000 x21:00000043  x8:00000000
16908221ns          285085 1c008224 0bc72403 lw               x8, 188(x14)         x8=00000000 x14:10000430  PA:100004ec
16908300ns          285089 1c008228 428a07b3 p.mac            x15, x20, x8        x15=00000000 x15:00000000 x20:000000bd  x8:00000000
16908320ns          285090 1c00822c 0fc72403 lw               x8, 252(x14)         x8=00000000 x14:10000430  PA:1000052c
16908380ns          285093 1c008230 428087b3 p.mac            x15, x1, x8         x15=00000000 x15:00000000  x1:000000bc  x8:00000000
16908400ns          285094 1c008234 13c72403 lw               x8, 316(x14)         x8=00000000 x14:10000430  PA:1000056c
16908459ns          285097 1c008238 428387b3 p.mac            x15, x7, x8         x15=00000000 x15:00000000  x7:00000046  x8:00000000
16908479ns          285098 1c00823c 17c72403 lw               x8, 380(x14)         x8=00000001 x14:10000430  PA:100005ac
16908539ns          285101 1c008240 428287b3 p.mac            x15, x5, x8         x15=00000047 x15:00000000  x5:00000047  x8:00000001
16908559ns          285102 1c008244 1bc72403 lw               x8, 444(x14)         x8=00000000 x14:10000430  PA:100005ec
16908618ns          285105 1c008248 428f87b3 p.mac            x15, x31, x8        x15=00000047 x15:00000047 x31:000000b9  x8:00000000
16908638ns          285106 1c00824c 1fc72403 lw               x8, 508(x14)         x8=00000000 x14:10000430  PA:1000062c
16908698ns          285109 1c008250 428f07b3 p.mac            x15, x30, x8        x15=00000047 x15:00000047 x30:000000b8  x8:00000000
16908718ns          285110 1c008254 23c72403 lw               x8, 572(x14)         x8=00000000 x14:10000430  PA:1000066c
16908778ns          285113 1c008258 428e87b3 p.mac            x15, x29, x8        x15=00000047 x15:00000047 x29:0000004a  x8:00000000
16908797ns          285114 1c00825c 27c72403 lw               x8, 636(x14)         x8=00000001 x14:10000430  PA:100006ac
16908857ns          285117 1c008260 428e07b3 p.mac            x15, x28, x8        x15=00000092 x15:00000047 x28:0000004b  x8:00000001
16908877ns          285118 1c008264 2bc72403 lw               x8, 700(x14)         x8=00000000 x14:10000430  PA:100006ec
16908937ns          285121 1c008268 428307b3 p.mac            x15, x6, x8         x15=00000092 x15:00000092  x6:000000b5  x8:00000000
16908957ns          285122 1c00826c 2fc72403 lw               x8, 764(x14)         x8=00000000 x14:10000430  PA:1000072c
16909016ns          285125 1c008270 428887b3 p.mac            x15, x17, x8        x15=00000092 x15:00000092 x17:000000b4  x8:00000000
16909036ns          285126 1c008274 33c72403 lw               x8, 828(x14)         x8=00000000 x14:10000430  PA:1000076c
16909096ns          285129 1c008278 428807b3 p.mac            x15, x16, x8        x15=00000092 x15:00000092 x16:0000004e  x8:00000000
16909116ns          285130 1c00827c 37c72403 lw               x8, 892(x14)         x8=00000000 x14:10000430  PA:100007ac
16909175ns          285133 1c008280 428507b3 p.mac            x15, x10, x8        x15=00000092 x15:00000092 x10:0000004f  x8:00000000
16909195ns          285134 1c008284 3bc72403 lw               x8, 956(x14)         x8=00000000 x14:10000430  PA:100007ec
16909255ns          285137 1c008288 428587b3 p.mac            x15, x11, x8        x15=00000092 x15:00000092 x11:000000b1  x8:00000000
16909275ns          285138 1c00828c 00f6222b p.sw             x15, 4(x12!)        x12=10000930 x15:00000092 x12:1000092c  PA:1000092c
16909295ns          285139 1c008210 0047278b p.lw             x15, 4(x14!)        x15=00000000 x14=10000434 x14:10000430  PA:10000430
16909315ns          285140 1c008214 03c72403 lw               x8, 60(x14)          x8=00000000 x14:10000434  PA:10000470
16909334ns          285141 1c008216 02fb87b3 mul              x15, x23, x15       x15=00000000 x23:000000c0 x15:00000000
16909354ns          285142 1c00821a 428b07b3 p.mac            x15, x22, x8        x15=00000000 x15:00000000 x22:00000042  x8:00000000
16909374ns          285143 1c00821e 07c72403 lw               x8, 124(x14)         x8=00000000 x14:10000434  PA:100004b0
16909434ns          285146 1c008220 428a87b3 p.mac            x15, x21, x8        x15=00000000 x15:00000000 x21:00000043  x8:00000000
16909454ns          285147 1c008224 0bc72403 lw               x8, 188(x14)         x8=00000001 x14:10000434  PA:100004f0
16909533ns          285151 1c008228 428a07b3 p.mac            x15, x20, x8        x15=000000bd x15:00000000 x20:000000bd  x8:00000001
16909553ns          285152 1c00822c 0fc72403 lw               x8, 252(x14)         x8=00000001 x14:10000434  PA:10000530
16909613ns          285155 1c008230 428087b3 p.mac            x15, x1, x8         x15=00000179 x15:000000bd  x1:000000bc  x8:00000001
16909633ns          285156 1c008234 13c72403 lw               x8, 316(x14)         x8=00000000 x14:10000434  PA:10000570
16909692ns          285159 1c008238 428387b3 p.mac            x15, x7, x8         x15=00000179 x15:00000179  x7:00000046  x8:00000000
16909712ns          285160 1c00823c 17c72403 lw               x8, 380(x14)         x8=00000000 x14:10000434  PA:100005b0
16909772ns          285163 1c008240 428287b3 p.mac            x15, x5, x8         x15=00000179 x15:00000179  x5:00000047  x8:00000000
16909792ns          285164 1c008244 1bc72403 lw               x8, 444(x14)         x8=00000000 x14:10000434  PA:100005f0
16909852ns          285167 1c008248 428f87b3 p.mac            x15, x31, x8        x15=00000179 x15:00000179 x31:000000b9  x8:00000000
16909872ns          285168 1c00824c 1fc72403 lw               x8, 508(x14)         x8=00000000 x14:10000434  PA:10000630
16909931ns          285171 1c008250 428f07b3 p.mac            x15, x30, x8        x15=00000179 x15:00000179 x30:000000b8  x8:00000000
16909951ns          285172 1c008254 23c72403 lw               x8, 572(x14)         x8=00000000 x14:10000434  PA:10000670
16910011ns          285175 1c008258 428e87b3 p.mac            x15, x29, x8        x15=00000179 x15:00000179 x29:0000004a  x8:00000000
16910031ns          285176 1c00825c 27c72403 lw               x8, 636(x14)         x8=00000001 x14:10000434  PA:100006b0
16910090ns          285179 1c008260 428e07b3 p.mac            x15, x28, x8        x15=000001c4 x15:00000179 x28:0000004b  x8:00000001
16910110ns          285180 1c008264 2bc72403 lw               x8, 700(x14)         x8=00000000 x14:10000434  PA:100006f0
16910170ns          285183 1c008268 428307b3 p.mac            x15, x6, x8         x15=000001c4 x15:000001c4  x6:000000b5  x8:00000000
16910190ns          285184 1c00826c 2fc72403 lw               x8, 764(x14)         x8=00000001 x14:10000434  PA:10000730
16910249ns          285187 1c008270 428887b3 p.mac            x15, x17, x8        x15=00000278 x15:000001c4 x17:000000b4  x8:00000001
16910269ns          285188 1c008274 33c72403 lw               x8, 828(x14)         x8=00000000 x14:10000434  PA:10000770
16910329ns          285191 1c008278 428807b3 p.mac            x15, x16, x8        x15=00000278 x15:00000278 x16:0000004e  x8:00000000
16910349ns          285192 1c00827c 37c72403 lw               x8, 892(x14)         x8=00000000 x14:10000434  PA:100007b0
16910409ns          285195 1c008280 428507b3 p.mac            x15, x10, x8        x15=00000278 x15:00000278 x10:0000004f  x8:00000000
16910428ns          285196 1c008284 3bc72403 lw               x8, 956(x14)         x8=00000000 x14:10000434  PA:100007f0
16910488ns          285199 1c008288 428587b3 p.mac            x15, x11, x8        x15=00000278 x15:00000278 x11:000000b1  x8:00000000
16910508ns          285200 1c00828c 00f6222b p.sw             x15, 4(x12!)        x12=10000934 x15:00000278 x12:10000930  PA:10000930
16910528ns          285201 1c008210 0047278b p.lw             x15, 4(x14!)        x15=00000000 x14=10000438 x14:10000434  PA:10000434
16910548ns          285202 1c008214 03c72403 lw               x8, 60(x14)          x8=00000000 x14:10000438  PA:10000474
16910568ns          285203 1c008216 02fb87b3 mul              x15, x23, x15       x15=00000000 x23:000000c0 x15:00000000
16910588ns          285204 1c00821a 428b07b3 p.mac            x15, x22, x8        x15=00000000 x15:00000000 x22:00000042  x8:00000000
16910607ns          285205 1c00821e 07c72403 lw               x8, 124(x14)         x8=00000000 x14:10000438  PA:100004b4
16910667ns          285208 1c008220 428a87b3 p.mac            x15, x21, x8        x15=00000000 x15:00000000 x21:00000043  x8:00000000
16910687ns          285209 1c008224 0bc72403 lw               x8, 188(x14)         x8=00000001 x14:10000438  PA:100004f4
16910767ns          285213 1c008228 428a07b3 p.mac            x15, x20, x8        x15=000000bd x15:00000000 x20:000000bd  x8:00000001
16910786ns          285214 1c00822c 0fc72403 lw               x8, 252(x14)         x8=00000000 x14:10000438  PA:10000534
16910846ns          285217 1c008230 428087b3 p.mac            x15, x1, x8         x15=000000bd x15:000000bd  x1:000000bc  x8:00000000
16910866ns          285218 1c008234 13c72403 lw               x8, 316(x14)         x8=00000000 x14:10000438  PA:10000574
16910926ns          285221 1c008238 428387b3 p.mac            x15, x7, x8         x15=000000bd x15:000000bd  x7:00000046  x8:00000000
16910946ns          285222 1c00823c 17c72403 lw               x8, 380(x14)         x8=00000000 x14:10000438  PA:100005b4
16911005ns          285225 1c008240 428287b3 p.mac            x15, x5, x8         x15=000000bd x15:000000bd  x5:00000047  x8:00000000
16911025ns          285226 1c008244 1bc72403 lw               x8, 444(x14)         x8=00000000 x14:10000438  PA:100005f4
16911085ns          285229 1c008248 428f87b3 p.mac            x15, x31, x8        x15=000000bd x15:000000bd x31:000000b9  x8:00000000
16911105ns          285230 1c00824c 1fc72403 lw               x8, 508(x14)         x8=00000000 x14:10000438  PA:10000634
16911164ns          285233 1c008250 428f07b3 p.mac            x15, x30, x8        x15=000000bd x15:000000bd x30:000000b8  x8:00000000
16911184ns          285234 1c008254 23c72403 lw               x8, 572(x14)         x8=00000000 x14:10000438  PA:10000674
16911244ns          285237 1c008258 428e87b3 p.mac            x15, x29, x8        x15=000000bd x15:000000bd x29:0000004a  x8:00000000
16911264ns          285238 1c00825c 27c72403 lw               x8, 636(x14)         x8=00000000 x14:10000438  PA:100006b4
16911324ns          285241 1c008260 428e07b3 p.mac            x15, x28, x8        x15=000000bd x15:000000bd x28:0000004b  x8:00000000
16911343ns          285242 1c008264 2bc72403 lw               x8, 700(x14)         x8=00000000 x14:10000438  PA:100006f4
16911403ns          285245 1c008268 428307b3 p.mac            x15, x6, x8         x15=000000bd x15:000000bd  x6:000000b5  x8:00000000
16911423ns          285246 1c00826c 2fc72403 lw               x8, 764(x14)         x8=00000000 x14:10000438  PA:10000734
16911483ns          285249 1c008270 428887b3 p.mac            x15, x17, x8        x15=000000bd x15:000000bd x17:000000b4  x8:00000000
16911503ns          285250 1c008274 33c72403 lw               x8, 828(x14)         x8=00000000 x14:10000438  PA:10000774
16911562ns          285253 1c008278 428807b3 p.mac            x15, x16, x8        x15=000000bd x15:000000bd x16:0000004e  x8:00000000
16911582ns          285254 1c00827c 37c72403 lw               x8, 892(x14)         x8=00000000 x14:10000438  PA:100007b4
16911642ns          285257 1c008280 428507b3 p.mac            x15, x10, x8        x15=000000bd x15:000000bd x10:0000004f  x8:00000000
16911662ns          285258 1c008284 3bc72403 lw               x8, 956(x14)         x8=00000000 x14:10000438  PA:100007f4
16911721ns          285261 1c008288 428587b3 p.mac            x15, x11, x8        x15=000000bd x15:000000bd x11:000000b1  x8:00000000
16911741ns          285262 1c00828c 00f6222b p.sw             x15, 4(x12!)        x12=10000938 x15:000000bd x12:10000934  PA:10000934
16911761ns          285263 1c008210 0047278b p.lw             x15, 4(x14!)        x15=00000000 x14=1000043c x14:10000438  PA:10000438
16911781ns          285264 1c008214 03c72403 lw               x8, 60(x14)          x8=00000000 x14:1000043c  PA:10000478
16911801ns          285265 1c008216 02fb87b3 mul              x15, x23, x15       x15=00000000 x23:000000c0 x15:00000000
16911821ns          285266 1c00821a 428b07b3 p.mac            x15, x22, x8        x15=00000000 x15:00000000 x22:00000042  x8:00000000
16911841ns          285267 1c00821e 07c72403 lw               x8, 124(x14)         x8=00000001 x14:1000043c  PA:100004b8
16911900ns          285270 1c008220 428a87b3 p.mac            x15, x21, x8        x15=00000043 x15:00000000 x21:00000043  x8:00000001
16911920ns          285271 1c008224 0bc72403 lw               x8, 188(x14)         x8=00000000 x14:1000043c  PA:100004f8
16912000ns          285275 1c008228 428a07b3 p.mac            x15, x20, x8        x15=00000043 x15:00000043 x20:000000bd  x8:00000000
16912020ns          285276 1c00822c 0fc72403 lw               x8, 252(x14)         x8=00000000 x14:1000043c  PA:10000538
16912079ns          285279 1c008230 428087b3 p.mac            x15, x1, x8         x15=00000043 x15:00000043  x1:000000bc  x8:00000000
16912099ns          285280 1c008234 13c72403 lw               x8, 316(x14)         x8=00000000 x14:1000043c  PA:10000578
16912159ns          285283 1c008238 428387b3 p.mac            x15, x7, x8         x15=00000043 x15:00000043  x7:00000046  x8:00000000
16912179ns          285284 1c00823c 17c72403 lw               x8, 380(x14)         x8=00000000 x14:1000043c  PA:100005b8
16912239ns          285287 1c008240 428287b3 p.mac            x15, x5, x8         x15=00000043 x15:00000043  x5:00000047  x8:00000000
16912258ns          285288 1c008244 1bc72403 lw               x8, 444(x14)         x8=00000001 x14:1000043c  PA:100005f8
16912318ns          285291 1c008248 428f87b3 p.mac            x15, x31, x8        x15=000000fc x15:00000043 x31:000000b9  x8:00000001
16912338ns          285292 1c00824c 1fc72403 lw               x8, 508(x14)         x8=00000001 x14:1000043c  PA:10000638
16912398ns          285295 1c008250 428f07b3 p.mac            x15, x30, x8        x15=000001b4 x15:000000fc x30:000000b8  x8:00000001
16912418ns          285296 1c008254 23c72403 lw               x8, 572(x14)         x8=00000000 x14:1000043c  PA:10000678
16912477ns          285299 1c008258 428e87b3 p.mac            x15, x29, x8        x15=000001b4 x15:000001b4 x29:0000004a  x8:00000000
16912497ns          285300 1c00825c 27c72403 lw               x8, 636(x14)         x8=00000001 x14:1000043c  PA:100006b8
16912557ns          285303 1c008260 428e07b3 p.mac            x15, x28, x8        x15=000001ff x15:000001b4 x28:0000004b  x8:00000001
16912577ns          285304 1c008264 2bc72403 lw               x8, 700(x14)         x8=00000000 x14:1000043c  PA:100006f8
16912636ns          285307 1c008268 428307b3 p.mac            x15, x6, x8         x15=000001ff x15:000001ff  x6:000000b5  x8:00000000
16912656ns          285308 1c00826c 2fc72403 lw               x8, 764(x14)         x8=00000001 x14:1000043c  PA:10000738
16912716ns          285311 1c008270 428887b3 p.mac            x15, x17, x8        x15=000002b3 x15:000001ff x17:000000b4  x8:00000001
16912736ns          285312 1c008274 33c72403 lw               x8, 828(x14)         x8=00000000 x14:1000043c  PA:10000778
16912795ns          285315 1c008278 428807b3 p.mac            x15, x16, x8        x15=000002b3 x15:000002b3 x16:0000004e  x8:00000000
16912815ns          285316 1c00827c 37c72403 lw               x8, 892(x14)         x8=00000000 x14:1000043c  PA:100007b8
16912875ns          285319 1c008280 428507b3 p.mac            x15, x10, x8        x15=000002b3 x15:000002b3 x10:0000004f  x8:00000000
16912895ns          285320 1c008284 3bc72403 lw               x8, 956(x14)         x8=00000000 x14:1000043c  PA:100007f8
16912955ns          285323 1c008288 428587b3 p.mac            x15, x11, x8        x15=000002b3 x15:000002b3 x11:000000b1  x8:00000000
16912974ns          285324 1c00828c 00f6222b p.sw             x15, 4(x12!)        x12=1000093c x15:000002b3 x12:10000938  PA:10000938
16912994ns          285325 1c008210 0047278b p.lw             x15, 4(x14!)        x15=00000000 x14=10000440 x14:1000043c  PA:1000043c
16913014ns          285326 1c008214 03c72403 lw               x8, 60(x14)          x8=00000000 x14:10000440  PA:1000047c
16913034ns          285327 1c008216 02fb87b3 mul              x15, x23, x15       x15=00000000 x23:000000c0 x15:00000000
16913054ns          285328 1c00821a 428b07b3 p.mac            x15, x22, x8        x15=00000000 x15:00000000 x22:00000042  x8:00000000
16913074ns          285329 1c00821e 07c72403 lw               x8, 124(x14)         x8=00000000 x14:10000440  PA:100004bc
16913134ns          285332 1c008220 428a87b3 p.mac            x15, x21, x8        x15=00000000 x15:00000000 x21:00000043  x8:00000000
16913153ns          285333 1c008224 0bc72403 lw               x8, 188(x14)         x8=00000000 x14:10000440  PA:100004fc
16913233ns          285337 1c008228 428a07b3 p.mac            x15, x20, x8        x15=00000000 x15:00000000 x20:000000bd  x8:00000000
16913253ns          285338 1c00822c 0fc72403 lw               x8, 252(x14)         x8=00000000 x14:10000440  PA:1000053c
16913313ns          285341 1c008230 428087b3 p.mac            x15, x1, x8         x15=00000000 x15:00000000  x1:000000bc  x8:00000000
16913333ns          285342 1c008234 13c72403 lw               x8, 316(x14)         x8=00000000 x14:10000440  PA:1000057c
16913392ns          285345 1c008238 428387b3 p.mac            x15, x7, x8         x15=00000000 x15:00000000  x7:00000046  x8:00000000
16913412ns          285346 1c00823c 17c72403 lw               x8, 380(x14)         x8=00000000 x14:10000440  PA:100005bc
16913472ns          285349 1c008240 428287b3 p.mac            x15, x5, x8         x15=00000000 x15:00000000  x5:00000047  x8:00000000
16913492ns          285350 1c008244 1bc72403 lw               x8, 444(x14)         x8=00000000 x14:10000440  PA:100005fc
16913551ns          285353 1c008248 428f87b3 p.mac            x15, x31, x8        x15=00000000 x15:00000000 x31:000000b9  x8:00000000
16913571ns          285354 1c00824c 1fc72403 lw               x8, 508(x14)         x8=00000000 x14:10000440  PA:1000063c
16913631ns          285357 1c008250 428f07b3 p.mac            x15, x30, x8        x15=00000000 x15:00000000 x30:000000b8  x8:00000000
16913651ns          285358 1c008254 23c72403 lw               x8, 572(x14)         x8=00000001 x14:10000440  PA:1000067c
16913710ns          285361 1c008258 428e87b3 p.mac            x15, x29, x8        x15=0000004a x15:00000000 x29:0000004a  x8:00000001
16913730ns          285362 1c00825c 27c72403 lw               x8, 636(x14)         x8=00000000 x14:10000440  PA:100006bc
16913790ns          285365 1c008260 428e07b3 p.mac            x15, x28, x8        x15=0000004a x15:0000004a x28:0000004b  x8:00000000
16913810ns          285366 1c008264 2bc72403 lw               x8, 700(x14)         x8=00000001 x14:10000440  PA:100006fc
16913870ns          285369 1c008268 428307b3 p.mac            x15, x6, x8         x15=000000ff x15:0000004a  x6:000000b5  x8:00000001
16913889ns          285370 1c00826c 2fc72403 lw               x8, 764(x14)         x8=00000001 x14:10000440  PA:1000073c
16913949ns          285373 1c008270 428887b3 p.mac            x15, x17, x8        x15=000001b3 x15:000000ff x17:000000b4  x8:00000001
16913969ns          285374 1c008274 33c72403 lw               x8, 828(x14)         x8=00000000 x14:10000440  PA:1000077c
16914029ns          285377 1c008278 428807b3 p.mac            x15, x16, x8        x15=000001b3 x15:000001b3 x16:0000004e  x8:00000000
16914049ns          285378 1c00827c 37c72403 lw               x8, 892(x14)         x8=00000001 x14:10000440  PA:100007bc
16914108ns          285381 1c008280 428507b3 p.mac            x15, x10, x8        x15=00000202 x15:000001b3 x10:0000004f  x8:00000001
16914128ns          285382 1c008284 3bc72403 lw               x8, 956(x14)         x8=00000000 x14:10000440  PA:100007fc
16914188ns          285385 1c008288 428587b3 p.mac            x15, x11, x8        x15=00000202 x15:00000202 x11:000000b1  x8:00000000
16914208ns          285386 1c00828c 00f6222b p.sw             x15, 4(x12!)        x12=10000940 x15:00000202 x12:1000093c  PA:1000093c
16914228ns          285387 1c008210 0047278b p.lw             x15, 4(x14!)        x15=00000000 x14=10000444 x14:10000440  PA:10000440
16914247ns          285388 1c008214 03c72403 lw               x8, 60(x14)          x8=00000000 x14:10000444  PA:10000480
16914267ns          285389 1c008216 02fb87b3 mul              x15, x23, x15       x15=00000000 x23:000000c0 x15:00000000
16914287ns          285390 1c00821a 428b07b3 p.mac            x15, x22, x8        x15=00000000 x15:00000000 x22:00000042  x8:00000000
16914307ns          285391 1c00821e 07c72403 lw               x8, 124(x14)         x8=00000001 x14:10000444  PA:100004c0
16914367ns          285394 1c008220 428a87b3 p.mac            x15, x21, x8        x15=00000043 x15:00000000 x21:00000043  x8:00000001
16914387ns          285395 1c008224 0bc72403 lw               x8, 188(x14)         x8=00000001 x14:10000444  PA:10000500
16914466ns          285399 1c008228 428a07b3 p.mac            x15, x20, x8        x15=00000100 x15:00000043 x20:000000bd  x8:00000001
16914486ns          285400 1c00822c 0fc72403 lw               x8, 252(x14)         x8=00000000 x14:10000444  PA:10000540
16914546ns          285403 1c008230 428087b3 p.mac            x15, x1, x8         x15=00000100 x15:00000100  x1:000000bc  x8:00000000
16914566ns          285404 1c008234 13c72403 lw               x8, 316(x14)         x8=00000000 x14:10000444  PA:10000580
16914625ns          285407 1c008238 428387b3 p.mac            x15, x7, x8         x15=00000100 x15:00000100  x7:00000046  x8:00000000
16914645ns          285408 1c00823c 17c72403 lw               x8, 380(x14)         x8=00000000 x14:10000444  PA:100005c0
16914705ns          285411 1c008240 428287b3 p.mac            x15, x5, x8         x15=00000100 x15:00000100  x5:00000047  x8:00000000
16914725ns          285412 1c008244 1bc72403 lw               x8, 444(x14)         x8=00000000 x14:10000444  PA:10000600
16914785ns          285415 1c008248 428f87b3 p.mac            x15, x31, x8        x15=00000100 x15:00000100 x31:000000b9  x8:00000000
16914804ns          285416 1c00824c 1fc72403 lw               x8, 508(x14)         x8=00000000 x14:10000444  PA:10000640
16914864ns          285419 1c008250 428f07b3 p.mac            x15, x30, x8        x15=00000100 x15:00000100 x30:000000b8  x8:00000000
16914884ns          285420 1c008254 23c72403 lw               x8, 572(x14)         x8=00000001 x14:10000444  PA:10000680
16914944ns          285423 1c008258 428e87b3 p.mac            x15, x29, x8        x15=0000014a x15:00000100 x29:0000004a  x8:00000001
16914964ns          285424 1c00825c 27c72403 lw               x8, 636(x14)         x8=00000000 x14:10000444  PA:100006c0
16915023ns          285427 1c008260 428e07b3 p.mac            x15, x28, x8        x15=0000014a x15:0000014a x28:0000004b  x8:00000000
16915043ns          285428 1c008264 2bc72403 lw               x8, 700(x14)         x8=00000001 x14:10000444  PA:10000700
16915103ns          285431 1c008268 428307b3 p.mac            x15, x6, x8         x15=000001ff x15:0000014a  x6:000000b5  x8:00000001
16915123ns          285432 1c00826c 2fc72403 lw               x8, 764(x14)         x8=00000000 x14:10000444  PA:10000740
16915182ns          285435 1c008270 428887b3 p.mac            x15, x17, x8        x15=000001ff x15:000001ff x17:000000b4  x8:00000000
16915202ns          285436 1c008274 33c72403 lw               x8, 828(x14)         x8=00000000 x14:10000444  PA:10000780
16915262ns          285439 1c008278 428807b3 p.mac            x15, x16, x8        x15=000001ff x15:000001ff x16:0000004e  x8:00000000
16915282ns          285440 1c00827c 37c72403 lw               x8, 892(x14)         x8=00000000 x14:10000444  PA:100007c0
16915341ns          285443 1c008280 428507b3 p.mac            x15, x10, x8        x15=000001ff x15:000001ff x10:0000004f  x8:00000000
16915361ns          285444 1c008284 3bc72403 lw               x8, 956(x14)         x8=00000000 x14:10000444  PA:10000800
16915421ns          285447 1c008288 428587b3 p.mac            x15, x11, x8        x15=000001ff x15:000001ff x11:000000b1  x8:00000000
16915441ns          285448 1c00828c 00f6222b p.sw             x15, 4(x12!)        x12=10000944 x15:000001ff x12:10000940  PA:10000940
16915461ns          285449 1c008290 001c0c13 addi             x24, x24, 1         x24=00000005 x24:00000004
16915481ns          285450 1c008292 100c4c33 p.exths          x24, x24, x0        x24=00000005 x24:00000005
16915501ns          285451 1c008296 01800633 add              x12, x0, x24        x12=00000005 x24:00000005
16915520ns          285452 1c0081bc 00661613 slli             x12, x12, 0x6       x12=00000140 x12:00000005
16915540ns          285453 1c0081be 00cd07b3 add              x15, x26, x12       x15=10000144 x26:10000004 x12:00000140
16915560ns          285454 1c0081c2 0007ab83 lw               x23, 0(x15)         x23=00000051 x15:10000144  PA:10000144
16915580ns          285455 1c0081c6 0047ab03 lw               x22, 4(x15)         x22=000000af x15:10000144  PA:10000148
16915600ns          285456 1c0081ca 0087aa83 lw               x21, 8(x15)         x21=000000ae x15:10000144  PA:1000014c
16915620ns          285457 1c0081ce 00c7aa03 lw               x20, 12(x15)        x20=00000054 x15:10000144  PA:10000150
16915640ns          285458 1c0081d2 0107a083 lw               x1, 16(x15)          x1=00000055 x15:10000144  PA:10000154
16915680ns          285460 1c0081d6 0147a383 lw               x7, 20(x15)          x7=000000ab x15:10000144  PA:10000158
16915700ns          285461 1c0081da 0187a283 lw               x5, 24(x15)          x5=000000aa x15:10000144  PA:1000015c
16915719ns          285462 1c0081de 01c7af83 lw               x31, 28(x15)        x31=00000058 x15:10000144  PA:10000160
16915739ns          285463 1c0081e2 0207af03 lw               x30, 32(x15)        x30=00000059 x15:10000144  PA:10000164
16915759ns          285464 1c0081e6 0247ae83 lw               x29, 36(x15)        x29=000000a7 x15:10000144  PA:10000168
16915779ns          285465 1c0081ea 0287ae03 lw               x28, 40(x15)        x28=000000a6 x15:10000144  PA:1000016c
16915799ns          285466 1c0081ee 02c7a303 lw               x6, 44(x15)          x6=0000005c x15:10000144  PA:10000170
16915819ns          285467 1c0081f2 0307a883 lw               x17, 48(x15)        x17=0000005d x15:10000144  PA:10000174
16915839ns          285468 1c0081f6 0347a803 lw               x16, 52(x15)        x16=000000a3 x15:10000144  PA:10000178
16915859ns          285469 1c0081fa 0387a503 lw               x10, 56(x15)        x10=000000a2 x15:10000144  PA:1000017c
16915879ns          285470 1c0081fc 03c7a583 lw               x11, 60(x15)        x11=00000060 x15:10000144  PA:10000180
16915898ns          285471 1c0081fe 100017b7 lui              x15, 0x10001000     x15=10001000
16915918ns          285472 1c008202 80478793 addi             x15, x15, -2044     x15=10000804 x15:10001000
16915938ns          285473 1c008206 01900733 add              x14, x0, x25        x14=10000404 x25:10000404
16915958ns          285474 1c008208 00f60633 add              x12, x12, x15       x12=10000944 x12:00000140 x15:10000804
16915978ns          285475 1c00820a 01000693 addi             x13, x0, 16         x13=00000010
16915998ns          285476 1c00820c 0406c0fb lp.setup         0x1, x13, 0x40      x13:00000010
16916018ns          285477 1c008210 0047278b p.lw             x15, 4(x14!)        x15=00000001 x14=10000408 x14:10000404  PA:10000404
16916058ns          285479 1c008214 03c72403 lw               x8, 60(x14)          x8=00000000 x14:10000408  PA:10000444
16916097ns          285481 1c008216 02fb87b3 mul              x15, x23, x15       x15=00000051 x23:00000051 x15:00000001
16916117ns          285482 1c00821a 428b07b3 p.mac            x15, x22, x8        x15=00000051 x15:00000051 x22:000000af  x8:00000000
16916137ns          285483 1c00821e 07c72403 lw               x8, 124(x14)         x8=00000001 x14:10000408  PA:10000484
16916197ns          285486 1c008220 428a87b3 p.mac            x15, x21, x8        x15=000000ff x15:00000051 x21:000000ae  x8:00000001
16916217ns          285487 1c008224 0bc72403 lw               x8, 188(x14)         x8=00000000 x14:10000408  PA:100004c4
16916276ns          285490 1c008228 428a07b3 p.mac            x15, x20, x8        x15=000000ff x15:000000ff x20:00000054  x8:00000000
16916296ns          285491 1c00822c 0fc72403 lw               x8, 252(x14)         x8=00000000 x14:10000408  PA:10000504
16916356ns          285494 1c008230 428087b3 p.mac            x15, x1, x8         x15=000000ff x15:000000ff  x1:00000055  x8:00000000
16916376ns          285495 1c008234 13c72403 lw               x8, 316(x14)         x8=00000001 x14:10000408  PA:10000544
16916435ns          285498 1c008238 428387b3 p.mac            x15, x7, x8         x15=000001aa x15:000000ff  x7:000000ab  x8:00000001
16916455ns          285499 1c00823c 17c72403 lw               x8, 380(x14)         x8=00000000 x14:10000408  PA:10000584
16916515ns          285502 1c008240 428287b3 p.mac            x15, x5, x8         x15=000001aa x15:000001aa  x5:000000aa  x8:00000000
16916535ns          285503 1c008244 1bc72403 lw               x8, 444(x14)         x8=00000000 x14:10000408  PA:100005c4
16916595ns          285506 1c008248 428f87b3 p.mac            x15, x31, x8        x15=000001aa x15:000001aa x31:00000058  x8:00000000
16916614ns          285507 1c00824c 1fc72403 lw               x8, 508(x14)         x8=00000000 x14:10000408  PA:10000604
16916674ns          285510 1c008250 428f07b3 p.mac            x15, x30, x8        x15=000001aa x15:000001aa x30:00000059  x8:00000000
16916694ns          285511 1c008254 23c72403 lw               x8, 572(x14)         x8=00000000 x14:10000408  PA:10000644
16916754ns          285514 1c008258 428e87b3 p.mac            x15, x29, x8        x15=000001aa x15:000001aa x29:000000a7  x8:00000000
16916774ns          285515 1c00825c 27c72403 lw               x8, 636(x14)         x8=00000000 x14:10000408  PA:10000684
16916833ns          285518 1c008260 428e07b3 p.mac            x15, x28, x8        x15=000001aa x15:000001aa x28:000000a6  x8:00000000
16916853ns          285519 1c008264 2bc72403 lw               x8, 700(x14)         x8=00000001 x14:10000408  PA:100006c4
16916913ns          285522 1c008268 428307b3 p.mac            x15, x6, x8         x15=00000206 x15:000001aa  x6:0000005c  x8:00000001
16916933ns          285523 1c00826c 2fc72403 lw               x8, 764(x14)         x8=00000000 x14:10000408  PA:10000704
16916992ns          285526 1c008270 428887b3 p.mac            x15, x17, x8        x15=00000206 x15:00000206 x17:0000005d  x8:00000000
16917012ns          285527 1c008274 33c72403 lw               x8, 828(x14)         x8=00000000 x14:10000408  PA:10000744
16917072ns          285530 1c008278 428807b3 p.mac            x15, x16, x8        x15=00000206 x15:00000206 x16:000000a3  x8:00000000
16917092ns          285531 1c00827c 37c72403 lw               x8, 892(x14)         x8=00000000 x14:10000408  PA:10000784
16917152ns          285534 1c008280 428507b3 p.mac            x15, x10, x8        x15=00000206 x15:00000206 x10:000000a2  x8:00000000
16917171ns          285535 1c008284 3bc72403 lw               x8, 956(x14)         x8=00000000 x14:10000408  PA:100007c4
16917231ns          285538 1c008288 428587b3 p.mac            x15, x11, x8        x15=00000206 x15:00000206 x11:00000060  x8:00000000
16917251ns          285539 1c00828c 00f6222b p.sw             x15, 4(x12!)        x12=10000948 x15:00000206 x12:10000944  PA:10000944
16917291ns          285541 1c008210 0047278b p.lw             x15, 4(x14!)        x15=00000000 x14=1000040c x14:10000408  PA:10000408
16917331ns          285543 1c008214 03c72403 lw               x8, 60(x14)          x8=00000000 x14:1000040c  PA:10000448
16917350ns          285544 1c008216 02fb87b3 mul              x15, x23, x15       x15=00000000 x23:00000051 x15:00000000
16917370ns          285545 1c00821a 428b07b3 p.mac            x15, x22, x8        x15=00000000 x15:00000000 x22:000000af  x8:00000000
16917390ns          285546 1c00821e 07c72403 lw               x8, 124(x14)         x8=00000001 x14:1000040c  PA:10000488
16917470ns          285550 1c008220 428a87b3 p.mac            x15, x21, x8        x15=000000ae x15:00000000 x21:000000ae  x8:00000001
16917490ns          285551 1c008224 0bc72403 lw               x8, 188(x14)         x8=00000000 x14:1000040c  PA:100004c8
16917549ns          285554 1c008228 428a07b3 p.mac            x15, x20, x8        x15=000000ae x15:000000ae x20:00000054  x8:00000000
16917569ns          285555 1c00822c 0fc72403 lw               x8, 252(x14)         x8=00000000 x14:1000040c  PA:10000508
16917629ns          285558 1c008230 428087b3 p.mac            x15, x1, x8         x15=000000ae x15:000000ae  x1:00000055  x8:00000000
16917649ns          285559 1c008234 13c72403 lw               x8, 316(x14)         x8=00000000 x14:1000040c  PA:10000548
16917708ns          285562 1c008238 428387b3 p.mac            x15, x7, x8         x15=000000ae x15:000000ae  x7:000000ab  x8:00000000
16917728ns          285563 1c00823c 17c72403 lw               x8, 380(x14)         x8=00000000 x14:1000040c  PA:10000588
16917788ns          285566 1c008240 428287b3 p.mac            x15, x5, x8         x15=000000ae x15:000000ae  x5:000000aa  x8:00000000
16917808ns          285567 1c008244 1bc72403 lw               x8, 444(x14)         x8=00000000 x14:1000040c  PA:100005c8
16917868ns          285570 1c008248 428f87b3 p.mac            x15, x31, x8        x15=000000ae x15:000000ae x31:00000058  x8:00000000
16917887ns          285571 1c00824c 1fc72403 lw               x8, 508(x14)         x8=00000000 x14:1000040c  PA:10000608
16917947ns          285574 1c008250 428f07b3 p.mac            x15, x30, x8        x15=000000ae x15:000000ae x30:00000059  x8:00000000
16917967ns          285575 1c008254 23c72403 lw               x8, 572(x14)         x8=00000000 x14:1000040c  PA:10000648
16918027ns          285578 1c008258 428e87b3 p.mac            x15, x29, x8        x15=000000ae x15:000000ae x29:000000a7  x8:00000000
16918047ns          285579 1c00825c 27c72403 lw               x8, 636(x14)         x8=00000000 x14:1000040c  PA:10000688
16918106ns          285582 1c008260 428e07b3 p.mac            x15, x28, x8        x15=000000ae x15:000000ae x28:000000a6  x8:00000000
16918126ns          285583 1c008264 2bc72403 lw               x8, 700(x14)         x8=00000001 x14:1000040c  PA:100006c8
16918186ns          285586 1c008268 428307b3 p.mac            x15, x6, x8         x15=0000010a x15:000000ae  x6:0000005c  x8:00000001
16918206ns          285587 1c00826c 2fc72403 lw               x8, 764(x14)         x8=00000000 x14:1000040c  PA:10000708
16918265ns          285590 1c008270 428887b3 p.mac            x15, x17, x8        x15=0000010a x15:0000010a x17:0000005d  x8:00000000
16918285ns          285591 1c008274 33c72403 lw               x8, 828(x14)         x8=00000001 x14:1000040c  PA:10000748
16918345ns          285594 1c008278 428807b3 p.mac            x15, x16, x8        x15=000001ad x15:0000010a x16:000000a3  x8:00000001
16918365ns          285595 1c00827c 37c72403 lw               x8, 892(x14)         x8=00000000 x14:1000040c  PA:10000788
16918425ns          285598 1c008280 428507b3 p.mac            x15, x10, x8        x15=000001ad x15:000001ad x10:000000a2  x8:00000000
16918444ns          285599 1c008284 3bc72403 lw               x8, 956(x14)         x8=00000001 x14:1000040c  PA:100007c8
16918504ns          285602 1c008288 428587b3 p.mac            x15, x11, x8        x15=0000020d x15:000001ad x11:00000060  x8:00000001
16918524ns          285603 1c00828c 00f6222b p.sw             x15, 4(x12!)        x12=1000094c x15:0000020d x12:10000948  PA:10000948
16918564ns          285605 1c008210 0047278b p.lw             x15, 4(x14!)        x15=00000000 x14=10000410 x14:1000040c  PA:1000040c
16918584ns          285606 1c008214 03c72403 lw               x8, 60(x14)          x8=00000000 x14:10000410  PA:1000044c
16918604ns          285607 1c008216 02fb87b3 mul              x15, x23, x15       x15=00000000 x23:00000051 x15:00000000
16918623ns          285608 1c00821a 428b07b3 p.mac            x15, x22, x8        x15=00000000 x15:00000000 x22:000000af  x8:00000000
16918643ns          285609 1c00821e 07c72403 lw               x8, 124(x14)         x8=00000001 x14:10000410  PA:1000048c
16918703ns          285612 1c008220 428a87b3 p.mac            x15, x21, x8        x15=000000ae x15:00000000 x21:000000ae  x8:00000001
16918723ns          285613 1c008224 0bc72403 lw               x8, 188(x14)         x8=00000000 x14:10000410  PA:100004cc
16918802ns          285617 1c008228 428a07b3 p.mac            x15, x20, x8        x15=000000ae x15:000000ae x20:00000054  x8:00000000
16918822ns          285618 1c00822c 0fc72403 lw               x8, 252(x14)         x8=00000000 x14:10000410  PA:1000050c
16918882ns          285621 1c008230 428087b3 p.mac            x15, x1, x8         x15=000000ae x15:000000ae  x1:00000055  x8:00000000
16918902ns          285622 1c008234 13c72403 lw               x8, 316(x14)         x8=00000000 x14:10000410  PA:1000054c
16918962ns          285625 1c008238 428387b3 p.mac            x15, x7, x8         x15=000000ae x15:000000ae  x7:000000ab  x8:00000000
16918981ns          285626 1c00823c 17c72403 lw               x8, 380(x14)         x8=00000000 x14:10000410  PA:1000058c
16919041ns          285629 1c008240 428287b3 p.mac            x15, x5, x8         x15=000000ae x15:000000ae  x5:000000aa  x8:00000000
16919061ns          285630 1c008244 1bc72403 lw               x8, 444(x14)         x8=00000000 x14:10000410  PA:100005cc
16919121ns          285633 1c008248 428f87b3 p.mac            x15, x31, x8        x15=000000ae x15:000000ae x31:00000058  x8:00000000
16919141ns          285634 1c00824c 1fc72403 lw               x8, 508(x14)         x8=00000000 x14:10000410  PA:1000060c
16919200ns          285637 1c008250 428f07b3 p.mac            x15, x30, x8        x15=000000ae x15:000000ae x30:00000059  x8:00000000
16919220ns          285638 1c008254 23c72403 lw               x8, 572(x14)         x8=00000000 x14:10000410  PA:1000064c
16919280ns          285641 1c008258 428e87b3 p.mac            x15, x29, x8        x15=000000ae x15:000000ae x29:000000a7  x8:00000000
16919300ns          285642 1c00825c 27c72403 lw               x8, 636(x14)         x8=00000001 x14:10000410  PA:1000068c
16919359ns          285645 1c008260 428e07b3 p.mac            x15, x28, x8        x15=00000154 x15:000000ae x28:000000a6  x8:00000001
16919379ns          285646 1c008264 2bc72403 lw               x8, 700(x14)         x8=00000000 x14:10000410  PA:100006cc
16919439ns          285649 1c008268 428307b3 p.mac            x15, x6, x8         x15=00000154 x15:00000154  x6:0000005c  x8:00000000
16919459ns          285650 1c00826c 2fc72403 lw               x8, 764(x14)         x8=00000000 x14:10000410  PA:1000070c
16919519ns          285653 1c008270 428887b3 p.mac            x15, x17, x8        x15=00000154 x15:00000154 x17:0000005d  x8:00000000
16919538ns          285654 1c008274 33c72403 lw               x8, 828(x14)         x8=00000000 x14:10000410  PA:1000074c
16919598ns          285657 1c008278 428807b3 p.mac            x15, x16, x8        x15=00000154 x15:00000154 x16:000000a3  x8:00000000
16919618ns          285658 1c00827c 37c72403 lw               x8, 892(x14)         x8=00000000 x14:10000410  PA:1000078c
16919678ns          285661 1c008280 428507b3 p.mac            x15, x10, x8        x15=00000154 x15:00000154 x10:000000a2  x8:00000000
16919698ns          285662 1c008284 3bc72403 lw               x8, 956(x14)         x8=00000000 x14:10000410  PA:100007cc
16919757ns          285665 1c008288 428587b3 p.mac            x15, x11, x8        x15=00000154 x15:00000154 x11:00000060  x8:00000000
16919777ns          285666 1c00828c 00f6222b p.sw             x15, 4(x12!)        x12=10000950 x15:00000154 x12:1000094c  PA:1000094c
16919817ns          285668 1c008210 0047278b p.lw             x15, 4(x14!)        x15=00000001 x14=10000414 x14:10000410  PA:10000410
16919837ns          285669 1c008214 03c72403 lw               x8, 60(x14)          x8=00000000 x14:10000414  PA:10000450
16919857ns          285670 1c008216 02fb87b3 mul              x15, x23, x15       x15=00000051 x23:00000051 x15:00000001
16919877ns          285671 1c00821a 428b07b3 p.mac            x15, x22, x8        x15=00000051 x15:00000051 x22:000000af  x8:00000000
16919896ns          285672 1c00821e 07c72403 lw               x8, 124(x14)         x8=00000000 x14:10000414  PA:10000490
16919956ns          285675 1c008220 428a87b3 p.mac            x15, x21, x8        x15=00000051 x15:00000051 x21:000000ae  x8:00000000
16919976ns          285676 1c008224 0bc72403 lw               x8, 188(x14)         x8=00000000 x14:10000414  PA:100004d0
16920056ns          285680 1c008228 428a07b3 p.mac            x15, x20, x8        x15=00000051 x15:00000051 x20:00000054  x8:00000000
16920075ns          285681 1c00822c 0fc72403 lw               x8, 252(x14)         x8=00000000 x14:10000414  PA:10000510
16920135ns          285684 1c008230 428087b3 p.mac            x15, x1, x8         x15=00000051 x15:00000051  x1:00000055  x8:00000000
16920155ns          285685 1c008234 13c72403 lw               x8, 316(x14)         x8=00000000 x14:10000414  PA:10000550
16920215ns          285688 1c008238 428387b3 p.mac            x15, x7, x8         x15=00000051 x15:00000051  x7:000000ab  x8:00000000
16920235ns          285689 1c00823c 17c72403 lw               x8, 380(x14)         x8=00000000 x14:10000414  PA:10000590
16920294ns          285692 1c008240 428287b3 p.mac            x15, x5, x8         x15=00000051 x15:00000051  x5:000000aa  x8:00000000
16920314ns          285693 1c008244 1bc72403 lw               x8, 444(x14)         x8=00000000 x14:10000414  PA:100005d0
16920374ns          285696 1c008248 428f87b3 p.mac            x15, x31, x8        x15=00000051 x15:00000051 x31:00000058  x8:00000000
16920394ns          285697 1c00824c 1fc72403 lw               x8, 508(x14)         x8=00000000 x14:10000414  PA:10000610
16920453ns          285700 1c008250 428f07b3 p.mac            x15, x30, x8        x15=00000051 x15:00000051 x30:00000059  x8:00000000
16920473ns          285701 1c008254 23c72403 lw               x8, 572(x14)         x8=00000000 x14:10000414  PA:10000650
16920533ns          285704 1c008258 428e87b3 p.mac            x15, x29, x8        x15=00000051 x15:00000051 x29:000000a7  x8:00000000
16920553ns          285705 1c00825c 27c72403 lw               x8, 636(x14)         x8=00000001 x14:10000414  PA:10000690
16920613ns          285708 1c008260 428e07b3 p.mac            x15, x28, x8        x15=000000f7 x15:00000051 x28:000000a6  x8:00000001
16920632ns          285709 1c008264 2bc72403 lw               x8, 700(x14)         x8=00000000 x14:10000414  PA:100006d0
16920692ns          285712 1c008268 428307b3 p.mac            x15, x6, x8         x15=000000f7 x15:000000f7  x6:0000005c  x8:00000000
16920712ns          285713 1c00826c 2fc72403 lw               x8, 764(x14)         x8=00000001 x14:10000414  PA:10000710
16920772ns          285716 1c008270 428887b3 p.mac            x15, x17, x8        x15=00000154 x15:000000f7 x17:0000005d  x8:00000001
16920792ns          285717 1c008274 33c72403 lw               x8, 828(x14)         x8=00000000 x14:10000414  PA:10000750
16920851ns          285720 1c008278 428807b3 p.mac            x15, x16, x8        x15=00000154 x15:00000154 x16:000000a3  x8:00000000
16920871ns          285721 1c00827c 37c72403 lw               x8, 892(x14)         x8=00000000 x14:10000414  PA:10000790
16920931ns          285724 1c008280 428507b3 p.mac            x15, x10, x8        x15=00000154 x15:00000154 x10:000000a2  x8:00000000
16920951ns          285725 1c008284 3bc72403 lw               x8, 956(x14)         x8=00000000 x14:10000414  PA:100007d0
16921010ns          285728 1c008288 428587b3 p.mac            x15, x11, x8        x15=00000154 x15:00000154 x11:00000060  x8:00000000
16921030ns          285729 1c00828c 00f6222b p.sw             x15, 4(x12!)        x12=10000954 x15:00000154 x12:10000950  PA:10000950
16921070ns          285731 1c008210 0047278b p.lw             x15, 4(x14!)        x15=00000000 x14=10000418 x14:10000414  PA:10000414
16921090ns          285732 1c008214 03c72403 lw               x8, 60(x14)          x8=00000000 x14:10000418  PA:10000454
16921110ns          285733 1c008216 02fb87b3 mul              x15, x23, x15       x15=00000000 x23:00000051 x15:00000000
16921130ns          285734 1c00821a 428b07b3 p.mac            x15, x22, x8        x15=00000000 x15:00000000 x22:000000af  x8:00000000
16921150ns          285735 1c00821e 07c72403 lw               x8, 124(x14)         x8=00000000 x14:10000418  PA:10000494
16921209ns          285738 1c008220 428a87b3 p.mac            x15, x21, x8        x15=00000000 x15:00000000 x21:000000ae  x8:00000000
16921229ns          285739 1c008224 0bc72403 lw               x8, 188(x14)         x8=00000000 x14:10000418  PA:100004d4
16921309ns          285743 1c008228 428a07b3 p.mac            x15, x20, x8        x15=00000000 x15:00000000 x20:00000054  x8:00000000
16921329ns          285744 1c00822c 0fc72403 lw               x8, 252(x14)         x8=00000001 x14:10000418  PA:10000514
16921388ns          285747 1c008230 428087b3 p.mac            x15, x1, x8         x15=00000055 x15:00000000  x1:00000055  x8:00000001
16921408ns          285748 1c008234 13c72403 lw               x8, 316(x14)         x8=00000000 x14:10000418  PA:10000554
16921468ns          285751 1c008238 428387b3 p.mac            x15, x7, x8         x15=00000055 x15:00000055  x7:000000ab  x8:00000000
16921488ns          285752 1c00823c 17c72403 lw               x8, 380(x14)         x8=00000000 x14:10000418  PA:10000594
16921547ns          285755 1c008240 428287b3 p.mac            x15, x5, x8         x15=00000055 x15:00000055  x5:000000aa  x8:00000000
16921567ns          285756 1c008244 1bc72403 lw               x8, 444(x14)         x8=00000000 x14:10000418  PA:100005d4
16921627ns          285759 1c008248 428f87b3 p.mac            x15, x31, x8        x15=00000055 x15:00000055 x31:00000058  x8:00000000
16921647ns          285760 1c00824c 1fc72403 lw               x8, 508(x14)         x8=00000000 x14:10000418  PA:10000614
16921707ns          285763 1c008250 428f07b3 p.mac            x15, x30, x8        x15=00000055 x15:00000055 x30:00000059  x8:00000000
16921726ns          285764 1c008254 23c72403 lw               x8, 572(x14)         x8=00000001 x14:10000418  PA:10000654
16921786ns          285767 1c008258 428e87b3 p.mac            x15, x29, x8        x15=000000fc x15:00000055 x29:000000a7  x8:00000001
16921806ns          285768 1c00825c 27c72403 lw               x8, 636(x14)         x8=00000000 x14:10000418  PA:10000694
16921866ns          285771 1c008260 428e07b3 p.mac            x15, x28, x8        x15=000000fc x15:000000fc x28:000000a6  x8:00000000
16921886ns          285772 1c008264 2bc72403 lw               x8, 700(x14)         x8=00000000 x14:10000418  PA:100006d4
16921945ns          285775 1c008268 428307b3 p.mac            x15, x6, x8         x15=000000fc x15:000000fc  x6:0000005c  x8:00000000
16921965ns          285776 1c00826c 2fc72403 lw               x8, 764(x14)         x8=00000000 x14:10000418  PA:10000714
16922025ns          285779 1c008270 428887b3 p.mac            x15, x17, x8        x15=000000fc x15:000000fc x17:0000005d  x8:00000000
16922045ns          285780 1c008274 33c72403 lw               x8, 828(x14)         x8=00000000 x14:10000418  PA:10000754
16922104ns          285783 1c008278 428807b3 p.mac            x15, x16, x8        x15=000000fc x15:000000fc x16:000000a3  x8:00000000
16922124ns          285784 1c00827c 37c72403 lw               x8, 892(x14)         x8=00000000 x14:10000418  PA:10000794
16922184ns          285787 1c008280 428507b3 p.mac            x15, x10, x8        x15=000000fc x15:000000fc x10:000000a2  x8:00000000
16922204ns          285788 1c008284 3bc72403 lw               x8, 956(x14)         x8=00000000 x14:10000418  PA:100007d4
16922263ns          285791 1c008288 428587b3 p.mac            x15, x11, x8        x15=000000fc x15:000000fc x11:00000060  x8:00000000
16922283ns          285792 1c00828c 00f6222b p.sw             x15, 4(x12!)        x12=10000958 x15:000000fc x12:10000954  PA:10000954
16922323ns          285794 1c008210 0047278b p.lw             x15, 4(x14!)        x15=00000000 x14=1000041c x14:10000418  PA:10000418
16922343ns          285795 1c008214 03c72403 lw               x8, 60(x14)          x8=00000000 x14:1000041c  PA:10000458
16922363ns          285796 1c008216 02fb87b3 mul              x15, x23, x15       x15=00000000 x23:00000051 x15:00000000
16922383ns          285797 1c00821a 428b07b3 p.mac            x15, x22, x8        x15=00000000 x15:00000000 x22:000000af  x8:00000000
16922403ns          285798 1c00821e 07c72403 lw               x8, 124(x14)         x8=00000000 x14:1000041c  PA:10000498
16922462ns          285801 1c008220 428a87b3 p.mac            x15, x21, x8        x15=00000000 x15:00000000 x21:000000ae  x8:00000000
16922482ns          285802 1c008224 0bc72403 lw               x8, 188(x14)         x8=00000000 x14:1000041c  PA:100004d8
16922562ns          285806 1c008228 428a07b3 p.mac            x15, x20, x8        x15=00000000 x15:00000000 x20:00000054  x8:00000000
16922582ns          285807 1c00822c 0fc72403 lw               x8, 252(x14)         x8=00000000 x14:1000041c  PA:10000518
16922641ns          285810 1c008230 428087b3 p.mac            x15, x1, x8         x15=00000000 x15:00000000  x1:00000055  x8:00000000
16922661ns          285811 1c008234 13c72403 lw               x8, 316(x14)         x8=00000000 x14:1000041c  PA:10000558
16922721ns          285814 1c008238 428387b3 p.mac            x15, x7, x8         x15=00000000 x15:00000000  x7:000000ab  x8:00000000
16922741ns          285815 1c00823c 17c72403 lw               x8, 380(x14)         x8=00000000 x14:1000041c  PA:10000598
16922801ns          285818 1c008240 428287b3 p.mac            x15, x5, x8         x15=00000000 x15:00000000  x5:000000aa  x8:00000000
16922820ns          285819 1c008244 1bc72403 lw               x8, 444(x14)         x8=00000000 x14:1000041c  PA:100005d8
16922880ns          285822 1c008248 428f87b3 p.mac            x15, x31, x8        x15=00000000 x15:00000000 x31:00000058  x8:00000000
16922900ns          285823 1c00824c 1fc72403 lw               x8, 508(x14)         x8=00000000 x14:1000041c  PA:10000618
16922960ns          285826 1c008250 428f07b3 p.mac            x15, x30, x8        x15=00000000 x15:00000000 x30:00000059  x8:00000000
16922980ns          285827 1c008254 23c72403 lw               x8, 572(x14)         x8=00000000 x14:1000041c  PA:10000658
16923039ns          285830 1c008258 428e87b3 p.mac            x15, x29, x8        x15=00000000 x15:00000000 x29:000000a7  x8:00000000
16923059ns          285831 1c00825c 27c72403 lw               x8, 636(x14)         x8=00000000 x14:1000041c  PA:10000698
16923119ns          285834 1c008260 428e07b3 p.mac            x15, x28, x8        x15=00000000 x15:00000000 x28:000000a6  x8:00000000
16923139ns          285835 1c008264 2bc72403 lw               x8, 700(x14)         x8=00000000 x14:1000041c  PA:100006d8
16923198ns          285838 1c008268 428307b3 p.mac            x15, x6, x8         x15=00000000 x15:00000000  x6:0000005c  x8:00000000
16923218ns          285839 1c00826c 2fc72403 lw               x8, 764(x14)         x8=00000000 x14:1000041c  PA:10000718
16923278ns          285842 1c008270 428887b3 p.mac            x15, x17, x8        x15=00000000 x15:00000000 x17:0000005d  x8:00000000
16923298ns          285843 1c008274 33c72403 lw               x8, 828(x14)         x8=00000000 x14:1000041c  PA:10000758
16923357ns          285846 1c008278 428807b3 p.mac            x15, x16, x8        x15=00000000 x15:00000000 x16:000000a3  x8:00000000
16923377ns          285847 1c00827c 37c72403 lw               x8, 892(x14)         x8=00000000 x14:1000041c  PA:10000798
16923437ns          285850 1c008280 428507b3 p.mac            x15, x10, x8        x15=00000000 x15:00000000 x10:000000a2  x8:00000000
16923457ns          285851 1c008284 3bc72403 lw               x8, 956(x14)         x8=00000000 x14:1000041c  PA:100007d8
16923517ns          285854 1c008288 428587b3 p.mac            x15, x11, x8        x15=00000000 x15:00000000 x11:00000060  x8:00000000
16923536ns          285855 1c00828c 00f6222b p.sw             x15, 4(x12!)        x12=1000095c x15:00000000 x12:10000958  PA:10000958
16923576ns          285857 1c008210 0047278b p.lw             x15, 4(x14!)        x15=00000000 x14=10000420 x14:1000041c  PA:1000041c
16923596ns          285858 1c008214 03c72403 lw               x8, 60(x14)          x8=00000001 x14:10000420  PA:1000045c
16923616ns          285859 1c008216 02fb87b3 mul              x15, x23, x15       x15=00000000 x23:00000051 x15:00000000
16923636ns          285860 1c00821a 428b07b3 p.mac            x15, x22, x8        x15=000000af x15:00000000 x22:000000af  x8:00000001
16923656ns          285861 1c00821e 07c72403 lw               x8, 124(x14)         x8=00000001 x14:10000420  PA:1000049c
16923715ns          285864 1c008220 428a87b3 p.mac            x15, x21, x8        x15=0000015d x15:000000af x21:000000ae  x8:00000001
16923735ns          285865 1c008224 0bc72403 lw               x8, 188(x14)         x8=00000000 x14:10000420  PA:100004dc
16923815ns          285869 1c008228 428a07b3 p.mac            x15, x20, x8        x15=0000015d x15:0000015d x20:00000054  x8:00000000
16923835ns          285870 1c00822c 0fc72403 lw               x8, 252(x14)         x8=00000000 x14:10000420  PA:1000051c
16923894ns          285873 1c008230 428087b3 p.mac            x15, x1, x8         x15=0000015d x15:0000015d  x1:00000055  x8:00000000
16923914ns          285874 1c008234 13c72403 lw               x8, 316(x14)         x8=00000001 x14:10000420  PA:1000055c
16923974ns          285877 1c008238 428387b3 p.mac            x15, x7, x8         x15=00000208 x15:0000015d  x7:000000ab  x8:00000001
16923994ns          285878 1c00823c 17c72403 lw               x8, 380(x14)         x8=00000000 x14:10000420  PA:1000059c
16924054ns          285881 1c008240 428287b3 p.mac            x15, x5, x8         x15=00000208 x15:00000208  x5:000000aa  x8:00000000
16924074ns          285882 1c008244 1bc72403 lw               x8, 444(x14)         x8=00000000 x14:10000420  PA:100005dc
16924133ns          285885 1c008248 428f87b3 p.mac            x15, x31, x8        x15=00000208 x15:00000208 x31:00000058  x8:00000000
16924153ns          285886 1c00824c 1fc72403 lw               x8, 508(x14)         x8=00000000 x14:10000420  PA:1000061c
16924213ns          285889 1c008250 428f07b3 p.mac            x15, x30, x8        x15=00000208 x15:00000208 x30:00000059  x8:00000000
16924233ns          285890 1c008254 23c72403 lw               x8, 572(x14)         x8=00000000 x14:10000420  PA:1000065c
16924292ns          285893 1c008258 428e87b3 p.mac            x15, x29, x8        x15=00000208 x15:00000208 x29:000000a7  x8:00000000
16924312ns          285894 1c00825c 27c72403 lw               x8, 636(x14)         x8=00000000 x14:10000420  PA:1000069c
16924372ns          285897 1c008260 428e07b3 p.mac            x15, x28, x8        x15=00000208 x15:00000208 x28:000000a6  x8:00000000
16924392ns          285898 1c008264 2bc72403 lw               x8, 700(x14)         x8=00000000 x14:10000420  PA:100006dc
16924451ns          285901 1c008268 428307b3 p.mac            x15, x6, x8         x15=00000208 x15:00000208  x6:0000005c  x8:00000000
16924471ns          285902 1c00826c 2fc72403 lw               x8, 764(x14)         x8=00000000 x14:10000420  PA:1000071c
16924531ns          285905 1c008270 428887b3 p.mac            x15, x17, x8        x15=00000208 x15:00000208 x17:0000005d  x8:00000000
16924551ns          285906 1c008274 33c72403 lw               x8, 828(x14)         x8=00000000 x14:10000420  PA:1000075c
16924611ns          285909 1c008278 428807b3 p.mac            x15, x16, x8        x15=00000208 x15:00000208 x16:000000a3  x8:00000000
16924630ns          285910 1c00827c 37c72403 lw               x8, 892(x14)         x8=00000000 x14:10000420  PA:1000079c
16924690ns          285913 1c008280 428507b3 p.mac            x15, x10, x8        x15=00000208 x15:00000208 x10:000000a2  x8:00000000
16924710ns          285914 1c008284 3bc72403 lw               x8, 956(x14)         x8=00000000 x14:10000420  PA:100007dc
16924770ns          285917 1c008288 428587b3 p.mac            x15, x11, x8        x15=00000208 x15:00000208 x11:00000060  x8:00000000
16924790ns          285918 1c00828c 00f6222b p.sw             x15, 4(x12!)        x12=10000960 x15:00000208 x12:1000095c  PA:1000095c
16924829ns          285920 1c008210 0047278b p.lw             x15, 4(x14!)        x15=00000000 x14=10000424 x14:10000420  PA:10000420
16924849ns          285921 1c008214 03c72403 lw               x8, 60(x14)          x8=00000000 x14:10000424  PA:10000460
16924869ns          285922 1c008216 02fb87b3 mul              x15, x23, x15       x15=00000000 x23:00000051 x15:00000000
16924889ns          285923 1c00821a 428b07b3 p.mac            x15, x22, x8        x15=00000000 x15:00000000 x22:000000af  x8:00000000
16924909ns          285924 1c00821e 07c72403 lw               x8, 124(x14)         x8=00000000 x14:10000424  PA:100004a0
16924969ns          285927 1c008220 428a87b3 p.mac            x15, x21, x8        x15=00000000 x15:00000000 x21:000000ae  x8:00000000
16924988ns          285928 1c008224 0bc72403 lw               x8, 188(x14)         x8=00000000 x14:10000424  PA:100004e0
16925068ns          285932 1c008228 428a07b3 p.mac            x15, x20, x8        x15=00000000 x15:00000000 x20:00000054  x8:00000000
16925088ns          285933 1c00822c 0fc72403 lw               x8, 252(x14)         x8=00000000 x14:10000424  PA:10000520
16925148ns          285936 1c008230 428087b3 p.mac            x15, x1, x8         x15=00000000 x15:00000000  x1:00000055  x8:00000000
16925168ns          285937 1c008234 13c72403 lw               x8, 316(x14)         x8=00000000 x14:10000424  PA:10000560
16925227ns          285940 1c008238 428387b3 p.mac            x15, x7, x8         x15=00000000 x15:00000000  x7:000000ab  x8:00000000
16925247ns          285941 1c00823c 17c72403 lw               x8, 380(x14)         x8=00000000 x14:10000424  PA:100005a0
16925307ns          285944 1c008240 428287b3 p.mac            x15, x5, x8         x15=00000000 x15:00000000  x5:000000aa  x8:00000000
16925327ns          285945 1c008244 1bc72403 lw               x8, 444(x14)         x8=00000000 x14:10000424  PA:100005e0
16925386ns          285948 1c008248 428f87b3 p.mac            x15, x31, x8        x15=00000000 x15:00000000 x31:00000058  x8:00000000
16925406ns          285949 1c00824c 1fc72403 lw               x8, 508(x14)         x8=00000001 x14:10000424  PA:10000620
16925466ns          285952 1c008250 428f07b3 p.mac            x15, x30, x8        x15=00000059 x15:00000000 x30:00000059  x8:00000001
16925486ns          285953 1c008254 23c72403 lw               x8, 572(x14)         x8=00000000 x14:10000424  PA:10000660
16925545ns          285956 1c008258 428e87b3 p.mac            x15, x29, x8        x15=00000059 x15:00000059 x29:000000a7  x8:00000000
16925565ns          285957 1c00825c 27c72403 lw               x8, 636(x14)         x8=00000000 x14:10000424  PA:100006a0
16925625ns          285960 1c008260 428e07b3 p.mac            x15, x28, x8        x15=00000059 x15:00000059 x28:000000a6  x8:00000000
16925645ns          285961 1c008264 2bc72403 lw               x8, 700(x14)         x8=00000000 x14:10000424  PA:100006e0
16925705ns          285964 1c008268 428307b3 p.mac            x15, x6, x8         x15=00000059 x15:00000059  x6:0000005c  x8:00000000
16925724ns          285965 1c00826c 2fc72403 lw               x8, 764(x14)         x8=00000001 x14:10000424  PA:10000720
16925784ns          285968 1c008270 428887b3 p.mac            x15, x17, x8        x15=000000b6 x15:00000059 x17:0000005d  x8:00000001
16925804ns          285969 1c008274 33c72403 lw               x8, 828(x14)         x8=00000000 x14:10000424  PA:10000760
16925864ns          285972 1c008278 428807b3 p.mac            x15, x16, x8        x15=000000b6 x15:000000b6 x16:000000a3  x8:00000000
16925884ns          285973 1c00827c 37c72403 lw               x8, 892(x14)         x8=00000000 x14:10000424  PA:100007a0
16925943ns          285976 1c008280 428507b3 p.mac            x15, x10, x8        x15=000000b6 x15:000000b6 x10:000000a2  x8:00000000
16925963ns          285977 1c008284 3bc72403 lw               x8, 956(x14)         x8=00000000 x14:10000424  PA:100007e0
16926023ns          285980 1c008288 428587b3 p.mac            x15, x11, x8        x15=000000b6 x15:000000b6 x11:00000060  x8:00000000
16926043ns          285981 1c00828c 00f6222b p.sw             x15, 4(x12!)        x12=10000964 x15:000000b6 x12:10000960  PA:10000960
16926082ns          285983 1c008210 0047278b p.lw             x15, 4(x14!)        x15=00000000 x14=10000428 x14:10000424  PA:10000424
16926102ns          285984 1c008214 03c72403 lw               x8, 60(x14)          x8=00000000 x14:10000428  PA:10000464
16926122ns          285985 1c008216 02fb87b3 mul              x15, x23, x15       x15=00000000 x23:00000051 x15:00000000
16926142ns          285986 1c00821a 428b07b3 p.mac            x15, x22, x8        x15=00000000 x15:00000000 x22:000000af  x8:00000000
16926162ns          285987 1c00821e 07c72403 lw               x8, 124(x14)         x8=00000001 x14:10000428  PA:100004a4
16926222ns          285990 1c008220 428a87b3 p.mac            x15, x21, x8        x15=000000ae x15:00000000 x21:000000ae  x8:00000001
16926242ns          285991 1c008224 0bc72403 lw               x8, 188(x14)         x8=00000000 x14:10000428  PA:100004e4
16926321ns          285995 1c008228 428a07b3 p.mac            x15, x20, x8        x15=000000ae x15:000000ae x20:00000054  x8:00000000
16926341ns          285996 1c00822c 0fc72403 lw               x8, 252(x14)         x8=00000000 x14:10000428  PA:10000524
16926401ns          285999 1c008230 428087b3 p.mac            x15, x1, x8         x15=000000ae x15:000000ae  x1:00000055  x8:00000000
16926421ns          286000 1c008234 13c72403 lw               x8, 316(x14)         x8=00000000 x14:10000428  PA:10000564
16926480ns          286003 1c008238 428387b3 p.mac            x15, x7, x8         x15=000000ae x15:000000ae  x7:000000ab  x8:00000000
16926500ns          286004 1c00823c 17c72403 lw               x8, 380(x14)         x8=00000000 x14:10000428  PA:100005a4
16926560ns          286007 1c008240 428287b3 p.mac            x15, x5, x8         x15=000000ae x15:000000ae  x5:000000aa  x8:00000000
16926580ns          286008 1c008244 1bc72403 lw               x8, 444(x14)         x8=00000000 x14:10000428  PA:100005e4
16926639ns          286011 1c008248 428f87b3 p.mac            x15, x31, x8        x15=000000ae x15:000000ae x31:00000058  x8:00000000
16926659ns          286012 1c00824c 1fc72403 lw               x8, 508(x14)         x8=00000000 x14:10000428  PA:10000624
16926719ns          286015 1c008250 428f07b3 p.mac            x15, x30, x8        x15=000000ae x15:000000ae x30:00000059  x8:00000000
16926739ns          286016 1c008254 23c72403 lw               x8, 572(x14)         x8=00000000 x14:10000428  PA:10000664
16926799ns          286019 1c008258 428e87b3 p.mac            x15, x29, x8        x15=000000ae x15:000000ae x29:000000a7  x8:00000000
16926818ns          286020 1c00825c 27c72403 lw               x8, 636(x14)         x8=00000000 x14:10000428  PA:100006a4
16926878ns          286023 1c008260 428e07b3 p.mac            x15, x28, x8        x15=000000ae x15:000000ae x28:000000a6  x8:00000000
16926898ns          286024 1c008264 2bc72403 lw               x8, 700(x14)         x8=00000000 x14:10000428  PA:100006e4
16926958ns          286027 1c008268 428307b3 p.mac            x15, x6, x8         x15=000000ae x15:000000ae  x6:0000005c  x8:00000000
16926978ns          286028 1c00826c 2fc72403 lw               x8, 764(x14)         x8=00000001 x14:10000428  PA:10000724
16927037ns          286031 1c008270 428887b3 p.mac            x15, x17, x8        x15=0000010b x15:000000ae x17:0000005d  x8:00000001
16927057ns          286032 1c008274 33c72403 lw               x8, 828(x14)         x8=00000001 x14:10000428  PA:10000764
16927117ns          286035 1c008278 428807b3 p.mac            x15, x16, x8        x15=000001ae x15:0000010b x16:000000a3  x8:00000001
16927137ns          286036 1c00827c 37c72403 lw               x8, 892(x14)         x8=00000000 x14:10000428  PA:100007a4
16927196ns          286039 1c008280 428507b3 p.mac            x15, x10, x8        x15=000001ae x15:000001ae x10:000000a2  x8:00000000
16927216ns          286040 1c008284 3bc72403 lw               x8, 956(x14)         x8=00000000 x14:10000428  PA:100007e4
16927276ns          286043 1c008288 428587b3 p.mac            x15, x11, x8        x15=000001ae x15:000001ae x11:00000060  x8:00000000
16927296ns          286044 1c00828c 00f6222b p.sw             x15, 4(x12!)        x12=10000968 x15:000001ae x12:10000964  PA:10000964
16927336ns          286046 1c008210 0047278b p.lw             x15, 4(x14!)        x15=00000000 x14=1000042c x14:10000428  PA:10000428
16927355ns          286047 1c008214 03c72403 lw               x8, 60(x14)          x8=00000000 x14:1000042c  PA:10000468
16927375ns          286048 1c008216 02fb87b3 mul              x15, x23, x15       x15=00000000 x23:00000051 x15:00000000
16927395ns          286049 1c00821a 428b07b3 p.mac            x15, x22, x8        x15=00000000 x15:00000000 x22:000000af  x8:00000000
16927415ns          286050 1c00821e 07c72403 lw               x8, 124(x14)         x8=00000000 x14:1000042c  PA:100004a8
16927475ns          286053 1c008220 428a87b3 p.mac            x15, x21, x8        x15=00000000 x15:00000000 x21:000000ae  x8:00000000
16927495ns          286054 1c008224 0bc72403 lw               x8, 188(x14)         x8=00000000 x14:1000042c  PA:100004e8
16927574ns          286058 1c008228 428a07b3 p.mac            x15, x20, x8        x15=00000000 x15:00000000 x20:00000054  x8:00000000
16927594ns          286059 1c00822c 0fc72403 lw               x8, 252(x14)         x8=00000000 x14:1000042c  PA:10000528
16927654ns          286062 1c008230 428087b3 p.mac            x15, x1, x8         x15=00000000 x15:00000000  x1:00000055  x8:00000000
16927674ns          286063 1c008234 13c72403 lw               x8, 316(x14)         x8=00000000 x14:1000042c  PA:10000568
16927733ns          286066 1c008238 428387b3 p.mac            x15, x7, x8         x15=00000000 x15:00000000  x7:000000ab  x8:00000000
16927753ns          286067 1c00823c 17c72403 lw               x8, 380(x14)         x8=00000000 x14:1000042c  PA:100005a8
16927813ns          286070 1c008240 428287b3 p.mac            x15, x5, x8         x15=00000000 x15:00000000  x5:000000aa  x8:00000000
16927833ns          286071 1c008244 1bc72403 lw               x8, 444(x14)         x8=00000000 x14:1000042c  PA:100005e8
16927893ns          286074 1c008248 428f87b3 p.mac            x15, x31, x8        x15=00000000 x15:00000000 x31:00000058  x8:00000000
16927912ns          286075 1c00824c 1fc72403 lw               x8, 508(x14)         x8=00000000 x14:1000042c  PA:10000628
16927972ns          286078 1c008250 428f07b3 p.mac            x15, x30, x8        x15=00000000 x15:00000000 x30:00000059  x8:00000000
16927992ns          286079 1c008254 23c72403 lw               x8, 572(x14)         x8=00000000 x14:1000042c  PA:10000668
16928052ns          286082 1c008258 428e87b3 p.mac            x15, x29, x8        x15=00000000 x15:00000000 x29:000000a7  x8:00000000
16928072ns          286083 1c00825c 27c72403 lw               x8, 636(x14)         x8=00000000 x14:1000042c  PA:100006a8
16928131ns          286086 1c008260 428e07b3 p.mac            x15, x28, x8        x15=00000000 x15:00000000 x28:000000a6  x8:00000000
16928151ns          286087 1c008264 2bc72403 lw               x8, 700(x14)         x8=00000000 x14:1000042c  PA:100006e8
16928211ns          286090 1c008268 428307b3 p.mac            x15, x6, x8         x15=00000000 x15:00000000  x6:0000005c  x8:00000000
16928231ns          286091 1c00826c 2fc72403 lw               x8, 764(x14)         x8=00000000 x14:1000042c  PA:10000728
16928290ns          286094 1c008270 428887b3 p.mac            x15, x17, x8        x15=00000000 x15:00000000 x17:0000005d  x8:00000000
16928310ns          286095 1c008274 33c72403 lw               x8, 828(x14)         x8=00000000 x14:1000042c  PA:10000768
16928370ns          286098 1c008278 428807b3 p.mac            x15, x16, x8        x15=00000000 x15:00000000 x16:000000a3  x8:00000000
16928390ns          286099 1c00827c 37c72403 lw               x8, 892(x14)         x8=00000000 x14:1000042c  PA:100007a8
16928449ns          286102 1c008280 428507b3 p.mac            x15, x10, x8        x15=00000000 x15:00000000 x10:000000a2  x8:00000000
16928469ns          286103 1c008284 3bc72403 lw               x8, 956(x14)         x8=00000000 x14:1000042c  PA:100007e8
16928529ns          286106 1c008288 428587b3 p.mac            x15, x11, x8        x15=00000000 x15:00000000 x11:00000060  x8:00000000
16928549ns          286107 1c00828c 00f6222b p.sw             x15, 4(x12!)        x12=1000096c x15:00000000 x12:10000968  PA:10000968
16928589ns          286109 1c008210 0047278b p.lw             x15, 4(x14!)        x15=00000000 x14=10000430 x14:1000042c  PA:1000042c
16928609ns          286110 1c008214 03c72403 lw               x8, 60(x14)          x8=00000000 x14:10000430  PA:1000046c
16928628ns          286111 1c008216 02fb87b3 mul              x15, x23, x15       x15=00000000 x23:00000051 x15:00000000
16928648ns          286112 1c00821a 428b07b3 p.mac            x15, x22, x8        x15=00000000 x15:00000000 x22:000000af  x8:00000000
16928668ns          286113 1c00821e 07c72403 lw               x8, 124(x14)         x8=00000000 x14:10000430  PA:100004ac
16928728ns          286116 1c008220 428a87b3 p.mac            x15, x21, x8        x15=00000000 x15:00000000 x21:000000ae  x8:00000000
16928748ns          286117 1c008224 0bc72403 lw               x8, 188(x14)         x8=00000000 x14:10000430  PA:100004ec
16928827ns          286121 1c008228 428a07b3 p.mac            x15, x20, x8        x15=00000000 x15:00000000 x20:00000054  x8:00000000
16928847ns          286122 1c00822c 0fc72403 lw               x8, 252(x14)         x8=00000000 x14:10000430  PA:1000052c
16928907ns          286125 1c008230 428087b3 p.mac            x15, x1, x8         x15=00000000 x15:00000000  x1:00000055  x8:00000000
16928927ns          286126 1c008234 13c72403 lw               x8, 316(x14)         x8=00000000 x14:10000430  PA:1000056c
16928987ns          286129 1c008238 428387b3 p.mac            x15, x7, x8         x15=00000000 x15:00000000  x7:000000ab  x8:00000000
16929006ns          286130 1c00823c 17c72403 lw               x8, 380(x14)         x8=00000001 x14:10000430  PA:100005ac
16929066ns          286133 1c008240 428287b3 p.mac            x15, x5, x8         x15=000000aa x15:00000000  x5:000000aa  x8:00000001
16929086ns          286134 1c008244 1bc72403 lw               x8, 444(x14)         x8=00000000 x14:10000430  PA:100005ec
16929146ns          286137 1c008248 428f87b3 p.mac            x15, x31, x8        x15=000000aa x15:000000aa x31:00000058  x8:00000000
16929166ns          286138 1c00824c 1fc72403 lw               x8, 508(x14)         x8=00000000 x14:10000430  PA:1000062c
16929225ns          286141 1c008250 428f07b3 p.mac            x15, x30, x8        x15=000000aa x15:000000aa x30:00000059  x8:00000000
16929245ns          286142 1c008254 23c72403 lw               x8, 572(x14)         x8=00000000 x14:10000430  PA:1000066c
16929305ns          286145 1c008258 428e87b3 p.mac            x15, x29, x8        x15=000000aa x15:000000aa x29:000000a7  x8:00000000
16929325ns          286146 1c00825c 27c72403 lw               x8, 636(x14)         x8=00000001 x14:10000430  PA:100006ac
16929384ns          286149 1c008260 428e07b3 p.mac            x15, x28, x8        x15=00000150 x15:000000aa x28:000000a6  x8:00000001
16929404ns          286150 1c008264 2bc72403 lw               x8, 700(x14)         x8=00000000 x14:10000430  PA:100006ec
16929464ns          286153 1c008268 428307b3 p.mac            x15, x6, x8         x15=00000150 x15:00000150  x6:0000005c  x8:00000000
16929484ns          286154 1c00826c 2fc72403 lw               x8, 764(x14)         x8=00000000 x14:10000430  PA:1000072c
16929543ns          286157 1c008270 428887b3 p.mac            x15, x17, x8        x15=00000150 x15:00000150 x17:0000005d  x8:00000000
16929563ns          286158 1c008274 33c72403 lw               x8, 828(x14)         x8=00000000 x14:10000430  PA:1000076c
16929623ns          286161 1c008278 428807b3 p.mac            x15, x16, x8        x15=00000150 x15:00000150 x16:000000a3  x8:00000000
16929643ns          286162 1c00827c 37c72403 lw               x8, 892(x14)         x8=00000000 x14:10000430  PA:100007ac
16929703ns          286165 1c008280 428507b3 p.mac            x15, x10, x8        x15=00000150 x15:00000150 x10:000000a2  x8:00000000
16929722ns          286166 1c008284 3bc72403 lw               x8, 956(x14)         x8=00000000 x14:10000430  PA:100007ec
16929782ns          286169 1c008288 428587b3 p.mac            x15, x11, x8        x15=00000150 x15:00000150 x11:00000060  x8:00000000
16929802ns          286170 1c00828c 00f6222b p.sw             x15, 4(x12!)        x12=10000970 x15:00000150 x12:1000096c  PA:1000096c
16929842ns          286172 1c008210 0047278b p.lw             x15, 4(x14!)        x15=00000000 x14=10000434 x14:10000430  PA:10000430
16929862ns          286173 1c008214 03c72403 lw               x8, 60(x14)          x8=00000000 x14:10000434  PA:10000470
16929882ns          286174 1c008216 02fb87b3 mul              x15, x23, x15       x15=00000000 x23:00000051 x15:00000000
16929902ns          286175 1c00821a 428b07b3 p.mac            x15, x22, x8        x15=00000000 x15:00000000 x22:000000af  x8:00000000
16929921ns          286176 1c00821e 07c72403 lw               x8, 124(x14)         x8=00000000 x14:10000434  PA:100004b0
16929981ns          286179 1c008220 428a87b3 p.mac            x15, x21, x8        x15=00000000 x15:00000000 x21:000000ae  x8:00000000
16930001ns          286180 1c008224 0bc72403 lw               x8, 188(x14)         x8=00000001 x14:10000434  PA:100004f0
16930081ns          286184 1c008228 428a07b3 p.mac            x15, x20, x8        x15=00000054 x15:00000000 x20:00000054  x8:00000001
16930100ns          286185 1c00822c 0fc72403 lw               x8, 252(x14)         x8=00000001 x14:10000434  PA:10000530
16930160ns          286188 1c008230 428087b3 p.mac            x15, x1, x8         x15=000000a9 x15:00000054  x1:00000055  x8:00000001
16930180ns          286189 1c008234 13c72403 lw               x8, 316(x14)         x8=00000000 x14:10000434  PA:10000570
16930240ns          286192 1c008238 428387b3 p.mac            x15, x7, x8         x15=000000a9 x15:000000a9  x7:000000ab  x8:00000000
16930260ns          286193 1c00823c 17c72403 lw               x8, 380(x14)         x8=00000000 x14:10000434  PA:100005b0
16930319ns          286196 1c008240 428287b3 p.mac            x15, x5, x8         x15=000000a9 x15:000000a9  x5:000000aa  x8:00000000
16930339ns          286197 1c008244 1bc72403 lw               x8, 444(x14)         x8=00000000 x14:10000434  PA:100005f0
16930399ns          286200 1c008248 428f87b3 p.mac            x15, x31, x8        x15=000000a9 x15:000000a9 x31:00000058  x8:00000000
16930419ns          286201 1c00824c 1fc72403 lw               x8, 508(x14)         x8=00000000 x14:10000434  PA:10000630
16930478ns          286204 1c008250 428f07b3 p.mac            x15, x30, x8        x15=000000a9 x15:000000a9 x30:00000059  x8:00000000
16930498ns          286205 1c008254 23c72403 lw               x8, 572(x14)         x8=00000000 x14:10000434  PA:10000670
16930558ns          286208 1c008258 428e87b3 p.mac            x15, x29, x8        x15=000000a9 x15:000000a9 x29:000000a7  x8:00000000
16930578ns          286209 1c00825c 27c72403 lw               x8, 636(x14)         x8=00000001 x14:10000434  PA:100006b0
16930637ns          286212 1c008260 428e07b3 p.mac            x15, x28, x8        x15=0000014f x15:000000a9 x28:000000a6  x8:00000001
16930657ns          286213 1c008264 2bc72403 lw               x8, 700(x14)         x8=00000000 x14:10000434  PA:100006f0
16930717ns          286216 1c008268 428307b3 p.mac            x15, x6, x8         x15=0000014f x15:0000014f  x6:0000005c  x8:00000000
16930737ns          286217 1c00826c 2fc72403 lw               x8, 764(x14)         x8=00000001 x14:10000434  PA:10000730
16930797ns          286220 1c008270 428887b3 p.mac            x15, x17, x8        x15=000001ac x15:0000014f x17:0000005d  x8:00000001
16930816ns          286221 1c008274 33c72403 lw               x8, 828(x14)         x8=00000000 x14:10000434  PA:10000770
16930876ns          286224 1c008278 428807b3 p.mac            x15, x16, x8        x15=000001ac x15:000001ac x16:000000a3  x8:00000000
16930896ns          286225 1c00827c 37c72403 lw               x8, 892(x14)         x8=00000000 x14:10000434  PA:100007b0
16930956ns          286228 1c008280 428507b3 p.mac            x15, x10, x8        x15=000001ac x15:000001ac x10:000000a2  x8:00000000
16930976ns          286229 1c008284 3bc72403 lw               x8, 956(x14)         x8=00000000 x14:10000434  PA:100007f0
16931035ns          286232 1c008288 428587b3 p.mac            x15, x11, x8        x15=000001ac x15:000001ac x11:00000060  x8:00000000
16931055ns          286233 1c00828c 00f6222b p.sw             x15, 4(x12!)        x12=10000974 x15:000001ac x12:10000970  PA:10000970
16931095ns          286235 1c008210 0047278b p.lw             x15, 4(x14!)        x15=00000000 x14=10000438 x14:10000434  PA:10000434
16931115ns          286236 1c008214 03c72403 lw               x8, 60(x14)          x8=00000000 x14:10000438  PA:10000474
16931135ns          286237 1c008216 02fb87b3 mul              x15, x23, x15       x15=00000000 x23:00000051 x15:00000000
16931155ns          286238 1c00821a 428b07b3 p.mac            x15, x22, x8        x15=00000000 x15:00000000 x22:000000af  x8:00000000
16931175ns          286239 1c00821e 07c72403 lw               x8, 124(x14)         x8=00000000 x14:10000438  PA:100004b4
16931234ns          286242 1c008220 428a87b3 p.mac            x15, x21, x8        x15=00000000 x15:00000000 x21:000000ae  x8:00000000
16931254ns          286243 1c008224 0bc72403 lw               x8, 188(x14)         x8=00000001 x14:10000438  PA:100004f4
16931334ns          286247 1c008228 428a07b3 p.mac            x15, x20, x8        x15=00000054 x15:00000000 x20:00000054  x8:00000001
16931354ns          286248 1c00822c 0fc72403 lw               x8, 252(x14)         x8=00000000 x14:10000438  PA:10000534
16931413ns          286251 1c008230 428087b3 p.mac            x15, x1, x8         x15=00000054 x15:00000054  x1:00000055  x8:00000000
16931433ns          286252 1c008234 13c72403 lw               x8, 316(x14)         x8=00000000 x14:10000438  PA:10000574
16931493ns          286255 1c008238 428387b3 p.mac            x15, x7, x8         x15=00000054 x15:00000054  x7:000000ab  x8:00000000
16931513ns          286256 1c00823c 17c72403 lw               x8, 380(x14)         x8=00000000 x14:10000438  PA:100005b4
16931572ns          286259 1c008240 428287b3 p.mac            x15, x5, x8         x15=00000054 x15:00000054  x5:000000aa  x8:00000000
16931592ns          286260 1c008244 1bc72403 lw               x8, 444(x14)         x8=00000000 x14:10000438  PA:100005f4
16931652ns          286263 1c008248 428f87b3 p.mac            x15, x31, x8        x15=00000054 x15:00000054 x31:00000058  x8:00000000
16931672ns          286264 1c00824c 1fc72403 lw               x8, 508(x14)         x8=00000000 x14:10000438  PA:10000634
16931731ns          286267 1c008250 428f07b3 p.mac            x15, x30, x8        x15=00000054 x15:00000054 x30:00000059  x8:00000000
16931751ns          286268 1c008254 23c72403 lw               x8, 572(x14)         x8=00000000 x14:10000438  PA:10000674
16931811ns          286271 1c008258 428e87b3 p.mac            x15, x29, x8        x15=00000054 x15:00000054 x29:000000a7  x8:00000000
16931831ns          286272 1c00825c 27c72403 lw               x8, 636(x14)         x8=00000000 x14:10000438  PA:100006b4
16931891ns          286275 1c008260 428e07b3 p.mac            x15, x28, x8        x15=00000054 x15:00000054 x28:000000a6  x8:00000000
16931910ns          286276 1c008264 2bc72403 lw               x8, 700(x14)         x8=00000000 x14:10000438  PA:100006f4
16931970ns          286279 1c008268 428307b3 p.mac            x15, x6, x8         x15=00000054 x15:00000054  x6:0000005c  x8:00000000
16931990ns          286280 1c00826c 2fc72403 lw               x8, 764(x14)         x8=00000000 x14:10000438  PA:10000734
16932050ns          286283 1c008270 428887b3 p.mac            x15, x17, x8        x15=00000054 x15:00000054 x17:0000005d  x8:00000000
16932070ns          286284 1c008274 33c72403 lw               x8, 828(x14)         x8=00000000 x14:10000438  PA:10000774
16932129ns          286287 1c008278 428807b3 p.mac            x15, x16, x8        x15=00000054 x15:00000054 x16:000000a3  x8:00000000
16932149ns          286288 1c00827c 37c72403 lw               x8, 892(x14)         x8=00000000 x14:10000438  PA:100007b4
16932209ns          286291 1c008280 428507b3 p.mac            x15, x10, x8        x15=00000054 x15:00000054 x10:000000a2  x8:00000000
16932229ns          286292 1c008284 3bc72403 lw               x8, 956(x14)         x8=00000000 x14:10000438  PA:100007f4
16932288ns          286295 1c008288 428587b3 p.mac            x15, x11, x8        x15=00000054 x15:00000054 x11:00000060  x8:00000000
16932308ns          286296 1c00828c 00f6222b p.sw             x15, 4(x12!)        x12=10000978 x15:00000054 x12:10000974  PA:10000974
16932348ns          286298 1c008210 0047278b p.lw             x15, 4(x14!)        x15=00000000 x14=1000043c x14:10000438  PA:10000438
16932368ns          286299 1c008214 03c72403 lw               x8, 60(x14)          x8=00000000 x14:1000043c  PA:10000478
16932388ns          286300 1c008216 02fb87b3 mul              x15, x23, x15       x15=00000000 x23:00000051 x15:00000000
16932408ns          286301 1c00821a 428b07b3 p.mac            x15, x22, x8        x15=00000000 x15:00000000 x22:000000af  x8:00000000
16932428ns          286302 1c00821e 07c72403 lw               x8, 124(x14)         x8=00000001 x14:1000043c  PA:100004b8
16932487ns          286305 1c008220 428a87b3 p.mac            x15, x21, x8        x15=000000ae x15:00000000 x21:000000ae  x8:00000001
16932507ns          286306 1c008224 0bc72403 lw               x8, 188(x14)         x8=00000000 x14:1000043c  PA:100004f8
16932587ns          286310 1c008228 428a07b3 p.mac            x15, x20, x8        x15=000000ae x15:000000ae x20:00000054  x8:00000000
16932607ns          286311 1c00822c 0fc72403 lw               x8, 252(x14)         x8=00000000 x14:1000043c  PA:10000538
16932666ns          286314 1c008230 428087b3 p.mac            x15, x1, x8         x15=000000ae x15:000000ae  x1:00000055  x8:00000000
16932686ns          286315 1c008234 13c72403 lw               x8, 316(x14)         x8=00000000 x14:1000043c  PA:10000578
16932746ns          286318 1c008238 428387b3 p.mac            x15, x7, x8         x15=000000ae x15:000000ae  x7:000000ab  x8:00000000
16932766ns          286319 1c00823c 17c72403 lw               x8, 380(x14)         x8=00000000 x14:1000043c  PA:100005b8
16932825ns          286322 1c008240 428287b3 p.mac            x15, x5, x8         x15=000000ae x15:000000ae  x5:000000aa  x8:00000000
16932845ns          286323 1c008244 1bc72403 lw               x8, 444(x14)         x8=00000001 x14:1000043c  PA:100005f8
16932905ns          286326 1c008248 428f87b3 p.mac            x15, x31, x8        x15=00000106 x15:000000ae x31:00000058  x8:00000001
16932925ns          286327 1c00824c 1fc72403 lw               x8, 508(x14)         x8=00000001 x14:1000043c  PA:10000638
16932985ns          286330 1c008250 428f07b3 p.mac            x15, x30, x8        x15=0000015f x15:00000106 x30:00000059  x8:00000001
16933004ns          286331 1c008254 23c72403 lw               x8, 572(x14)         x8=00000000 x14:1000043c  PA:10000678
16933064ns          286334 1c008258 428e87b3 p.mac            x15, x29, x8        x15=0000015f x15:0000015f x29:000000a7  x8:00000000
16933084ns          286335 1c00825c 27c72403 lw               x8, 636(x14)         x8=00000001 x14:1000043c  PA:100006b8
16933144ns          286338 1c008260 428e07b3 p.mac            x15, x28, x8        x15=00000205 x15:0000015f x28:000000a6  x8:00000001
16933164ns          286339 1c008264 2bc72403 lw               x8, 700(x14)         x8=00000000 x14:1000043c  PA:100006f8
16933223ns          286342 1c008268 428307b3 p.mac            x15, x6, x8         x15=00000205 x15:00000205  x6:0000005c  x8:00000000
16933243ns          286343 1c00826c 2fc72403 lw               x8, 764(x14)         x8=00000001 x14:1000043c  PA:10000738
16933303ns          286346 1c008270 428887b3 p.mac            x15, x17, x8        x15=00000262 x15:00000205 x17:0000005d  x8:00000001
16933323ns          286347 1c008274 33c72403 lw               x8, 828(x14)         x8=00000000 x14:1000043c  PA:10000778
16933382ns          286350 1c008278 428807b3 p.mac            x15, x16, x8        x15=00000262 x15:00000262 x16:000000a3  x8:00000000
16933402ns          286351 1c00827c 37c72403 lw               x8, 892(x14)         x8=00000000 x14:1000043c  PA:100007b8
16933462ns          286354 1c008280 428507b3 p.mac            x15, x10, x8        x15=00000262 x15:00000262 x10:000000a2  x8:00000000
16933482ns          286355 1c008284 3bc72403 lw               x8, 956(x14)         x8=00000000 x14:1000043c  PA:100007f8
16933542ns          286358 1c008288 428587b3 p.mac            x15, x11, x8        x15=00000262 x15:00000262 x11:00000060  x8:00000000
16933561ns          286359 1c00828c 00f6222b p.sw             x15, 4(x12!)        x12=1000097c x15:00000262 x12:10000978  PA:10000978
16933601ns          286361 1c008210 0047278b p.lw             x15, 4(x14!)        x15=00000000 x14=10000440 x14:1000043c  PA:1000043c
16933621ns          286362 1c008214 03c72403 lw               x8, 60(x14)          x8=00000000 x14:10000440  PA:1000047c
16933641ns          286363 1c008216 02fb87b3 mul              x15, x23, x15       x15=00000000 x23:00000051 x15:00000000
16933661ns          286364 1c00821a 428b07b3 p.mac            x15, x22, x8        x15=00000000 x15:00000000 x22:000000af  x8:00000000
16933681ns          286365 1c00821e 07c72403 lw               x8, 124(x14)         x8=00000000 x14:10000440  PA:100004bc
16933740ns          286368 1c008220 428a87b3 p.mac            x15, x21, x8        x15=00000000 x15:00000000 x21:000000ae  x8:00000000
16933760ns          286369 1c008224 0bc72403 lw               x8, 188(x14)         x8=00000000 x14:10000440  PA:100004fc
16933840ns          286373 1c008228 428a07b3 p.mac            x15, x20, x8        x15=00000000 x15:00000000 x20:00000054  x8:00000000
16933860ns          286374 1c00822c 0fc72403 lw               x8, 252(x14)         x8=00000000 x14:10000440  PA:1000053c
16933919ns          286377 1c008230 428087b3 p.mac            x15, x1, x8         x15=00000000 x15:00000000  x1:00000055  x8:00000000
16933939ns          286378 1c008234 13c72403 lw               x8, 316(x14)         x8=00000000 x14:10000440  PA:1000057c
16933999ns          286381 1c008238 428387b3 p.mac            x15, x7, x8         x15=00000000 x15:00000000  x7:000000ab  x8:00000000
16934019ns          286382 1c00823c 17c72403 lw               x8, 380(x14)         x8=00000000 x14:10000440  PA:100005bc
16934079ns          286385 1c008240 428287b3 p.mac            x15, x5, x8         x15=00000000 x15:00000000  x5:000000aa  x8:00000000
16934098ns          286386 1c008244 1bc72403 lw               x8, 444(x14)         x8=00000000 x14:10000440  PA:100005fc
16934158ns          286389 1c008248 428f87b3 p.mac            x15, x31, x8        x15=00000000 x15:00000000 x31:00000058  x8:00000000
16934178ns          286390 1c00824c 1fc72403 lw               x8, 508(x14)         x8=00000000 x14:10000440  PA:1000063c
16934238ns          286393 1c008250 428f07b3 p.mac            x15, x30, x8        x15=00000000 x15:00000000 x30:00000059  x8:00000000
16934258ns          286394 1c008254 23c72403 lw               x8, 572(x14)         x8=00000001 x14:10000440  PA:1000067c
16934317ns          286397 1c008258 428e87b3 p.mac            x15, x29, x8        x15=000000a7 x15:00000000 x29:000000a7  x8:00000001
16934337ns          286398 1c00825c 27c72403 lw               x8, 636(x14)         x8=00000000 x14:10000440  PA:100006bc
16934397ns          286401 1c008260 428e07b3 p.mac            x15, x28, x8        x15=000000a7 x15:000000a7 x28:000000a6  x8:00000000
16934417ns          286402 1c008264 2bc72403 lw               x8, 700(x14)         x8=00000001 x14:10000440  PA:100006fc
16934476ns          286405 1c008268 428307b3 p.mac            x15, x6, x8         x15=00000103 x15:000000a7  x6:0000005c  x8:00000001
16934496ns          286406 1c00826c 2fc72403 lw               x8, 764(x14)         x8=00000001 x14:10000440  PA:1000073c
16934556ns          286409 1c008270 428887b3 p.mac            x15, x17, x8        x15=00000160 x15:00000103 x17:0000005d  x8:00000001
16934576ns          286410 1c008274 33c72403 lw               x8, 828(x14)         x8=00000000 x14:10000440  PA:1000077c
16934635ns          286413 1c008278 428807b3 p.mac            x15, x16, x8        x15=00000160 x15:00000160 x16:000000a3  x8:00000000
16934655ns          286414 1c00827c 37c72403 lw               x8, 892(x14)         x8=00000001 x14:10000440  PA:100007bc
16934715ns          286417 1c008280 428507b3 p.mac            x15, x10, x8        x15=00000202 x15:00000160 x10:000000a2  x8:00000001
16934735ns          286418 1c008284 3bc72403 lw               x8, 956(x14)         x8=00000000 x14:10000440  PA:100007fc
16934795ns          286421 1c008288 428587b3 p.mac            x15, x11, x8        x15=00000202 x15:00000202 x11:00000060  x8:00000000
16934815ns          286422 1c00828c 00f6222b p.sw             x15, 4(x12!)        x12=10000980 x15:00000202 x12:1000097c  PA:1000097c
16934854ns          286424 1c008210 0047278b p.lw             x15, 4(x14!)        x15=00000000 x14=10000444 x14:10000440  PA:10000440
16934874ns          286425 1c008214 03c72403 lw               x8, 60(x14)          x8=00000000 x14:10000444  PA:10000480
16934894ns          286426 1c008216 02fb87b3 mul              x15, x23, x15       x15=00000000 x23:00000051 x15:00000000
16934914ns          286427 1c00821a 428b07b3 p.mac            x15, x22, x8        x15=00000000 x15:00000000 x22:000000af  x8:00000000
16934934ns          286428 1c00821e 07c72403 lw               x8, 124(x14)         x8=00000001 x14:10000444  PA:100004c0
16934994ns          286431 1c008220 428a87b3 p.mac            x15, x21, x8        x15=000000ae x15:00000000 x21:000000ae  x8:00000001
16935013ns          286432 1c008224 0bc72403 lw               x8, 188(x14)         x8=00000001 x14:10000444  PA:10000500
16935093ns          286436 1c008228 428a07b3 p.mac            x15, x20, x8        x15=00000102 x15:000000ae x20:00000054  x8:00000001
16935113ns          286437 1c00822c 0fc72403 lw               x8, 252(x14)         x8=00000000 x14:10000444  PA:10000540
16935173ns          286440 1c008230 428087b3 p.mac            x15, x1, x8         x15=00000102 x15:00000102  x1:00000055  x8:00000000
16935192ns          286441 1c008234 13c72403 lw               x8, 316(x14)         x8=00000000 x14:10000444  PA:10000580
16935252ns          286444 1c008238 428387b3 p.mac            x15, x7, x8         x15=00000102 x15:00000102  x7:000000ab  x8:00000000
16935272ns          286445 1c00823c 17c72403 lw               x8, 380(x14)         x8=00000000 x14:10000444  PA:100005c0
16935332ns          286448 1c008240 428287b3 p.mac            x15, x5, x8         x15=00000102 x15:00000102  x5:000000aa  x8:00000000
16935352ns          286449 1c008244 1bc72403 lw               x8, 444(x14)         x8=00000000 x14:10000444  PA:10000600
16935411ns          286452 1c008248 428f87b3 p.mac            x15, x31, x8        x15=00000102 x15:00000102 x31:00000058  x8:00000000
16935431ns          286453 1c00824c 1fc72403 lw               x8, 508(x14)         x8=00000000 x14:10000444  PA:10000640
16935491ns          286456 1c008250 428f07b3 p.mac            x15, x30, x8        x15=00000102 x15:00000102 x30:00000059  x8:00000000
16935511ns          286457 1c008254 23c72403 lw               x8, 572(x14)         x8=00000001 x14:10000444  PA:10000680
16935570ns          286460 1c008258 428e87b3 p.mac            x15, x29, x8        x15=000001a9 x15:00000102 x29:000000a7  x8:00000001
16935590ns          286461 1c00825c 27c72403 lw               x8, 636(x14)         x8=00000000 x14:10000444  PA:100006c0
16935650ns          286464 1c008260 428e07b3 p.mac            x15, x28, x8        x15=000001a9 x15:000001a9 x28:000000a6  x8:00000000
16935670ns          286465 1c008264 2bc72403 lw               x8, 700(x14)         x8=00000001 x14:10000444  PA:10000700
16935729ns          286468 1c008268 428307b3 p.mac            x15, x6, x8         x15=00000205 x15:000001a9  x6:0000005c  x8:00000001
16935749ns          286469 1c00826c 2fc72403 lw               x8, 764(x14)         x8=00000000 x14:10000444  PA:10000740
16935809ns          286472 1c008270 428887b3 p.mac            x15, x17, x8        x15=00000205 x15:00000205 x17:0000005d  x8:00000000
16935829ns          286473 1c008274 33c72403 lw               x8, 828(x14)         x8=00000000 x14:10000444  PA:10000780
16935889ns          286476 1c008278 428807b3 p.mac            x15, x16, x8        x15=00000205 x15:00000205 x16:000000a3  x8:00000000
16935909ns          286477 1c00827c 37c72403 lw               x8, 892(x14)         x8=00000000 x14:10000444  PA:100007c0
16935968ns          286480 1c008280 428507b3 p.mac            x15, x10, x8        x15=00000205 x15:00000205 x10:000000a2  x8:00000000
16935988ns          286481 1c008284 3bc72403 lw               x8, 956(x14)         x8=00000000 x14:10000444  PA:10000800
16936048ns          286484 1c008288 428587b3 p.mac            x15, x11, x8        x15=00000205 x15:00000205 x11:00000060  x8:00000000
16936068ns          286485 1c00828c 00f6222b p.sw             x15, 4(x12!)        x12=10000984 x15:00000205 x12:10000980  PA:10000980
16936107ns          286487 1c008290 001c0c13 addi             x24, x24, 1         x24=00000006 x24:00000005
16936127ns          286488 1c008292 100c4c33 p.exths          x24, x24, x0        x24=00000006 x24:00000006
16936147ns          286489 1c008296 01800633 add              x12, x0, x24        x12=00000006 x24:00000006
16936167ns          286490 1c0081bc 00661613 slli             x12, x12, 0x6       x12=00000180 x12:00000006
16936187ns          286491 1c0081be 00cd07b3 add              x15, x26, x12       x15=10000184 x26:10000004 x12:00000180
16936207ns          286492 1c0081c2 0007ab83 lw               x23, 0(x15)         x23=00000061 x15:10000184  PA:10000184
16936227ns          286493 1c0081c6 0047ab03 lw               x22, 4(x15)         x22=0000009f x15:10000184  PA:10000188
16936247ns          286494 1c0081ca 0087aa83 lw               x21, 8(x15)         x21=0000009e x15:10000184  PA:1000018c
16936267ns          286495 1c0081ce 00c7aa03 lw               x20, 12(x15)        x20=00000064 x15:10000184  PA:10000190
16936286ns          286496 1c0081d2 0107a083 lw               x1, 16(x15)          x1=00000065 x15:10000184  PA:10000194
16936306ns          286497 1c0081d6 0147a383 lw               x7, 20(x15)          x7=0000009b x15:10000184  PA:10000198
16936326ns          286498 1c0081da 0187a283 lw               x5, 24(x15)          x5=0000009a x15:10000184  PA:1000019c
16936346ns          286499 1c0081de 01c7af83 lw               x31, 28(x15)        x31=00000068 x15:10000184  PA:100001a0
16936366ns          286500 1c0081e2 0207af03 lw               x30, 32(x15)        x30=00000069 x15:10000184  PA:100001a4
16936386ns          286501 1c0081e6 0247ae83 lw               x29, 36(x15)        x29=00000097 x15:10000184  PA:100001a8
16936406ns          286502 1c0081ea 0287ae03 lw               x28, 40(x15)        x28=00000096 x15:10000184  PA:100001ac
16936426ns          286503 1c0081ee 02c7a303 lw               x6, 44(x15)          x6=0000006c x15:10000184  PA:100001b0
16936446ns          286504 1c0081f2 0307a883 lw               x17, 48(x15)        x17=0000006d x15:10000184  PA:100001b4
16936465ns          286505 1c0081f6 0347a803 lw               x16, 52(x15)        x16=00000093 x15:10000184  PA:100001b8
16936485ns          286506 1c0081fa 0387a503 lw               x10, 56(x15)        x10=00000092 x15:10000184  PA:100001bc
16936505ns          286507 1c0081fc 03c7a583 lw               x11, 60(x15)        x11=00000070 x15:10000184  PA:100001c0
16936525ns          286508 1c0081fe 100017b7 lui              x15, 0x10001000     x15=10001000
16936545ns          286509 1c008202 80478793 addi             x15, x15, -2044     x15=10000804 x15:10001000
16936565ns          286510 1c008206 01900733 add              x14, x0, x25        x14=10000404 x25:10000404
16936585ns          286511 1c008208 00f60633 add              x12, x12, x15       x12=10000984 x12:00000180 x15:10000804
16936605ns          286512 1c00820a 01000693 addi             x13, x0, 16         x13=00000010
16936625ns          286513 1c00820c 0406c0fb lp.setup         0x1, x13, 0x40      x13:00000010
16936644ns          286514 1c008210 0047278b p.lw             x15, 4(x14!)        x15=00000001 x14=10000408 x14:10000404  PA:10000404
16936664ns          286515 1c008214 03c72403 lw               x8, 60(x14)          x8=00000000 x14:10000408  PA:10000444
16936684ns          286516 1c008216 02fb87b3 mul              x15, x23, x15       x15=00000061 x23:00000061 x15:00000001
16936704ns          286517 1c00821a 428b07b3 p.mac            x15, x22, x8        x15=00000061 x15:00000061 x22:0000009f  x8:00000000
16936724ns          286518 1c00821e 07c72403 lw               x8, 124(x14)         x8=00000001 x14:10000408  PA:10000484
16936784ns          286521 1c008220 428a87b3 p.mac            x15, x21, x8        x15=000000ff x15:00000061 x21:0000009e  x8:00000001
16936804ns          286522 1c008224 0bc72403 lw               x8, 188(x14)         x8=00000000 x14:10000408  PA:100004c4
16936883ns          286526 1c008228 428a07b3 p.mac            x15, x20, x8        x15=000000ff x15:000000ff x20:00000064  x8:00000000
16936903ns          286527 1c00822c 0fc72403 lw               x8, 252(x14)         x8=00000000 x14:10000408  PA:10000504
16936963ns          286530 1c008230 428087b3 p.mac            x15, x1, x8         x15=000000ff x15:000000ff  x1:00000065  x8:00000000
16936983ns          286531 1c008234 13c72403 lw               x8, 316(x14)         x8=00000001 x14:10000408  PA:10000544
16937042ns          286534 1c008238 428387b3 p.mac            x15, x7, x8         x15=0000019a x15:000000ff  x7:0000009b  x8:00000001
16937062ns          286535 1c00823c 17c72403 lw               x8, 380(x14)         x8=00000000 x14:10000408  PA:10000584
16937122ns          286538 1c008240 428287b3 p.mac            x15, x5, x8         x15=0000019a x15:0000019a  x5:0000009a  x8:00000000
16937142ns          286539 1c008244 1bc72403 lw               x8, 444(x14)         x8=00000000 x14:10000408  PA:100005c4
16937201ns          286542 1c008248 428f87b3 p.mac            x15, x31, x8        x15=0000019a x15:0000019a x31:00000068  x8:00000000
16937221ns          286543 1c00824c 1fc72403 lw               x8, 508(x14)         x8=00000000 x14:10000408  PA:10000604
16937281ns          286546 1c008250 428f07b3 p.mac            x15, x30, x8        x15=0000019a x15:0000019a x30:00000069  x8:00000000
16937301ns          286547 1c008254 23c72403 lw               x8, 572(x14)         x8=00000000 x14:10000408  PA:10000644
16937361ns          286550 1c008258 428e87b3 p.mac            x15, x29, x8        x15=0000019a x15:0000019a x29:00000097  x8:00000000
16937380ns          286551 1c00825c 27c72403 lw               x8, 636(x14)         x8=00000000 x14:10000408  PA:10000684
16937440ns          286554 1c008260 428e07b3 p.mac            x15, x28, x8        x15=0000019a x15:0000019a x28:00000096  x8:00000000
16937460ns          286555 1c008264 2bc72403 lw               x8, 700(x14)         x8=00000001 x14:10000408  PA:100006c4
16937520ns          286558 1c008268 428307b3 p.mac            x15, x6, x8         x15=00000206 x15:0000019a  x6:0000006c  x8:00000001
16937540ns          286559 1c00826c 2fc72403 lw               x8, 764(x14)         x8=00000000 x14:10000408  PA:10000704
16937599ns          286562 1c008270 428887b3 p.mac            x15, x17, x8        x15=00000206 x15:00000206 x17:0000006d  x8:00000000
16937619ns          286563 1c008274 33c72403 lw               x8, 828(x14)         x8=00000000 x14:10000408  PA:10000744
16937679ns          286566 1c008278 428807b3 p.mac            x15, x16, x8        x15=00000206 x15:00000206 x16:00000093  x8:00000000
16937699ns          286567 1c00827c 37c72403 lw               x8, 892(x14)         x8=00000000 x14:10000408  PA:10000784
16937758ns          286570 1c008280 428507b3 p.mac            x15, x10, x8        x15=00000206 x15:00000206 x10:00000092  x8:00000000
16937778ns          286571 1c008284 3bc72403 lw               x8, 956(x14)         x8=00000000 x14:10000408  PA:100007c4
16937838ns          286574 1c008288 428587b3 p.mac            x15, x11, x8        x15=00000206 x15:00000206 x11:00000070  x8:00000000
16937858ns          286575 1c00828c 00f6222b p.sw             x15, 4(x12!)        x12=10000988 x15:00000206 x12:10000984  PA:10000984
16937898ns          286577 1c008210 0047278b p.lw             x15, 4(x14!)        x15=00000000 x14=1000040c x14:10000408  PA:10000408
16937917ns          286578 1c008214 03c72403 lw               x8, 60(x14)          x8=00000000 x14:1000040c  PA:10000448
16937937ns          286579 1c008216 02fb87b3 mul              x15, x23, x15       x15=00000000 x23:00000061 x15:00000000
16937957ns          286580 1c00821a 428b07b3 p.mac            x15, x22, x8        x15=00000000 x15:00000000 x22:0000009f  x8:00000000
16937977ns          286581 1c00821e 07c72403 lw               x8, 124(x14)         x8=00000001 x14:1000040c  PA:10000488
16938037ns          286584 1c008220 428a87b3 p.mac            x15, x21, x8        x15=0000009e x15:00000000 x21:0000009e  x8:00000001
16938057ns          286585 1c008224 0bc72403 lw               x8, 188(x14)         x8=00000000 x14:1000040c  PA:100004c8
16938136ns          286589 1c008228 428a07b3 p.mac            x15, x20, x8        x15=0000009e x15:0000009e x20:00000064  x8:00000000
16938156ns          286590 1c00822c 0fc72403 lw               x8, 252(x14)         x8=00000000 x14:1000040c  PA:10000508
16938216ns          286593 1c008230 428087b3 p.mac            x15, x1, x8         x15=0000009e x15:0000009e  x1:00000065  x8:00000000
16938236ns          286594 1c008234 13c72403 lw               x8, 316(x14)         x8=00000000 x14:1000040c  PA:10000548
16938295ns          286597 1c008238 428387b3 p.mac            x15, x7, x8         x15=0000009e x15:0000009e  x7:0000009b  x8:00000000
16938315ns          286598 1c00823c 17c72403 lw               x8, 380(x14)         x8=00000000 x14:1000040c  PA:10000588
16938375ns          286601 1c008240 428287b3 p.mac            x15, x5, x8         x15=0000009e x15:0000009e  x5:0000009a  x8:00000000
16938395ns          286602 1c008244 1bc72403 lw               x8, 444(x14)         x8=00000000 x14:1000040c  PA:100005c8
16938455ns          286605 1c008248 428f87b3 p.mac            x15, x31, x8        x15=0000009e x15:0000009e x31:00000068  x8:00000000
16938474ns          286606 1c00824c 1fc72403 lw               x8, 508(x14)         x8=00000000 x14:1000040c  PA:10000608
16938534ns          286609 1c008250 428f07b3 p.mac            x15, x30, x8        x15=0000009e x15:0000009e x30:00000069  x8:00000000
16938554ns          286610 1c008254 23c72403 lw               x8, 572(x14)         x8=00000000 x14:1000040c  PA:10000648
16938614ns          286613 1c008258 428e87b3 p.mac            x15, x29, x8        x15=0000009e x15:0000009e x29:00000097  x8:00000000
16938634ns          286614 1c00825c 27c72403 lw               x8, 636(x14)         x8=00000000 x14:1000040c  PA:10000688
16938693ns          286617 1c008260 428e07b3 p.mac            x15, x28, x8        x15=0000009e x15:0000009e x28:00000096  x8:00000000
16938713ns          286618 1c008264 2bc72403 lw               x8, 700(x14)         x8=00000001 x14:1000040c  PA:100006c8
16938773ns          286621 1c008268 428307b3 p.mac            x15, x6, x8         x15=0000010a x15:0000009e  x6:0000006c  x8:00000001
16938793ns          286622 1c00826c 2fc72403 lw               x8, 764(x14)         x8=00000000 x14:1000040c  PA:10000708
16938852ns          286625 1c008270 428887b3 p.mac            x15, x17, x8        x15=0000010a x15:0000010a x17:0000006d  x8:00000000
16938872ns          286626 1c008274 33c72403 lw               x8, 828(x14)         x8=00000001 x14:1000040c  PA:10000748
16938932ns          286629 1c008278 428807b3 p.mac            x15, x16, x8        x15=0000019d x15:0000010a x16:00000093  x8:00000001
16938952ns          286630 1c00827c 37c72403 lw               x8, 892(x14)         x8=00000000 x14:1000040c  PA:10000788
16939011ns          286633 1c008280 428507b3 p.mac            x15, x10, x8        x15=0000019d x15:0000019d x10:00000092  x8:00000000
16939031ns          286634 1c008284 3bc72403 lw               x8, 956(x14)         x8=00000001 x14:1000040c  PA:100007c8
16939091ns          286637 1c008288 428587b3 p.mac            x15, x11, x8        x15=0000020d x15:0000019d x11:00000070  x8:00000001
16939111ns          286638 1c00828c 00f6222b p.sw             x15, 4(x12!)        x12=1000098c x15:0000020d x12:10000988  PA:10000988
16939151ns          286640 1c008210 0047278b p.lw             x15, 4(x14!)        x15=00000000 x14=10000410 x14:1000040c  PA:1000040c
16939171ns          286641 1c008214 03c72403 lw               x8, 60(x14)          x8=00000000 x14:10000410  PA:1000044c
16939190ns          286642 1c008216 02fb87b3 mul              x15, x23, x15       x15=00000000 x23:00000061 x15:00000000
16939210ns          286643 1c00821a 428b07b3 p.mac            x15, x22, x8        x15=00000000 x15:00000000 x22:0000009f  x8:00000000
16939230ns          286644 1c00821e 07c72403 lw               x8, 124(x14)         x8=00000001 x14:10000410  PA:1000048c
16939290ns          286647 1c008220 428a87b3 p.mac            x15, x21, x8        x15=0000009e x15:00000000 x21:0000009e  x8:00000001
16939310ns          286648 1c008224 0bc72403 lw               x8, 188(x14)         x8=00000000 x14:10000410  PA:100004cc
16939389ns          286652 1c008228 428a07b3 p.mac            x15, x20, x8        x15=0000009e x15:0000009e x20:00000064  x8:00000000
16939409ns          286653 1c00822c 0fc72403 lw               x8, 252(x14)         x8=00000000 x14:10000410  PA:1000050c
16939469ns          286656 1c008230 428087b3 p.mac            x15, x1, x8         x15=0000009e x15:0000009e  x1:00000065  x8:00000000
16939489ns          286657 1c008234 13c72403 lw               x8, 316(x14)         x8=00000000 x14:10000410  PA:1000054c
16939549ns          286660 1c008238 428387b3 p.mac            x15, x7, x8         x15=0000009e x15:0000009e  x7:0000009b  x8:00000000
16939568ns          286661 1c00823c 17c72403 lw               x8, 380(x14)         x8=00000000 x14:10000410  PA:1000058c
16939628ns          286664 1c008240 428287b3 p.mac            x15, x5, x8         x15=0000009e x15:0000009e  x5:0000009a  x8:00000000
16939648ns          286665 1c008244 1bc72403 lw               x8, 444(x14)         x8=00000000 x14:10000410  PA:100005cc
16939708ns          286668 1c008248 428f87b3 p.mac            x15, x31, x8        x15=0000009e x15:0000009e x31:00000068  x8:00000000
16939728ns          286669 1c00824c 1fc72403 lw               x8, 508(x14)         x8=00000000 x14:10000410  PA:1000060c
16939787ns          286672 1c008250 428f07b3 p.mac            x15, x30, x8        x15=0000009e x15:0000009e x30:00000069  x8:00000000
16939807ns          286673 1c008254 23c72403 lw               x8, 572(x14)         x8=00000000 x14:10000410  PA:1000064c
16939867ns          286676 1c008258 428e87b3 p.mac            x15, x29, x8        x15=0000009e x15:0000009e x29:00000097  x8:00000000
16939887ns          286677 1c00825c 27c72403 lw               x8, 636(x14)         x8=00000001 x14:10000410  PA:1000068c
16939946ns          286680 1c008260 428e07b3 p.mac            x15, x28, x8        x15=00000134 x15:0000009e x28:00000096  x8:00000001
16939966ns          286681 1c008264 2bc72403 lw               x8, 700(x14)         x8=00000000 x14:10000410  PA:100006cc
16940026ns          286684 1c008268 428307b3 p.mac            x15, x6, x8         x15=00000134 x15:00000134  x6:0000006c  x8:00000000
16940046ns          286685 1c00826c 2fc72403 lw               x8, 764(x14)         x8=00000000 x14:10000410  PA:1000070c
16940105ns          286688 1c008270 428887b3 p.mac            x15, x17, x8        x15=00000134 x15:00000134 x17:0000006d  x8:00000000
16940125ns          286689 1c008274 33c72403 lw               x8, 828(x14)         x8=00000000 x14:10000410  PA:1000074c
16940185ns          286692 1c008278 428807b3 p.mac            x15, x16, x8        x15=00000134 x15:00000134 x16:00000093  x8:00000000
16940205ns          286693 1c00827c 37c72403 lw               x8, 892(x14)         x8=00000000 x14:10000410  PA:1000078c
16940265ns          286696 1c008280 428507b3 p.mac            x15, x10, x8        x15=00000134 x15:00000134 x10:00000092  x8:00000000
16940284ns          286697 1c008284 3bc72403 lw               x8, 956(x14)         x8=00000000 x14:10000410  PA:100007cc
16940344ns          286700 1c008288 428587b3 p.mac            x15, x11, x8        x15=00000134 x15:00000134 x11:00000070  x8:00000000
16940364ns          286701 1c00828c 00f6222b p.sw             x15, 4(x12!)        x12=10000990 x15:00000134 x12:1000098c  PA:1000098c
16940404ns          286703 1c008210 0047278b p.lw             x15, 4(x14!)        x15=00000001 x14=10000414 x14:10000410  PA:10000410
16940424ns          286704 1c008214 03c72403 lw               x8, 60(x14)          x8=00000000 x14:10000414  PA:10000450
16940444ns          286705 1c008216 02fb87b3 mul              x15, x23, x15       x15=00000061 x23:00000061 x15:00000001
16940463ns          286706 1c00821a 428b07b3 p.mac            x15, x22, x8        x15=00000061 x15:00000061 x22:0000009f  x8:00000000
16940483ns          286707 1c00821e 07c72403 lw               x8, 124(x14)         x8=00000000 x14:10000414  PA:10000490
16940543ns          286710 1c008220 428a87b3 p.mac            x15, x21, x8        x15=00000061 x15:00000061 x21:0000009e  x8:00000000
16940563ns          286711 1c008224 0bc72403 lw               x8, 188(x14)         x8=00000000 x14:10000414  PA:100004d0
16940643ns          286715 1c008228 428a07b3 p.mac            x15, x20, x8        x15=00000061 x15:00000061 x20:00000064  x8:00000000
16940662ns          286716 1c00822c 0fc72403 lw               x8, 252(x14)         x8=00000000 x14:10000414  PA:10000510
16940722ns          286719 1c008230 428087b3 p.mac            x15, x1, x8         x15=00000061 x15:00000061  x1:00000065  x8:00000000
16940742ns          286720 1c008234 13c72403 lw               x8, 316(x14)         x8=00000000 x14:10000414  PA:10000550
16940802ns          286723 1c008238 428387b3 p.mac            x15, x7, x8         x15=00000061 x15:00000061  x7:0000009b  x8:00000000
16940822ns          286724 1c00823c 17c72403 lw               x8, 380(x14)         x8=00000000 x14:10000414  PA:10000590
16940881ns          286727 1c008240 428287b3 p.mac            x15, x5, x8         x15=00000061 x15:00000061  x5:0000009a  x8:00000000
16940901ns          286728 1c008244 1bc72403 lw               x8, 444(x14)         x8=00000000 x14:10000414  PA:100005d0
16940961ns          286731 1c008248 428f87b3 p.mac            x15, x31, x8        x15=00000061 x15:00000061 x31:00000068  x8:00000000
16940981ns          286732 1c00824c 1fc72403 lw               x8, 508(x14)         x8=00000000 x14:10000414  PA:10000610
16941040ns          286735 1c008250 428f07b3 p.mac            x15, x30, x8        x15=00000061 x15:00000061 x30:00000069  x8:00000000
16941060ns          286736 1c008254 23c72403 lw               x8, 572(x14)         x8=00000000 x14:10000414  PA:10000650
16941120ns          286739 1c008258 428e87b3 p.mac            x15, x29, x8        x15=00000061 x15:00000061 x29:00000097  x8:00000000
16941140ns          286740 1c00825c 27c72403 lw               x8, 636(x14)         x8=00000001 x14:10000414  PA:10000690
16941199ns          286743 1c008260 428e07b3 p.mac            x15, x28, x8        x15=000000f7 x15:00000061 x28:00000096  x8:00000001
16941219ns          286744 1c008264 2bc72403 lw               x8, 700(x14)         x8=00000000 x14:10000414  PA:100006d0
16941279ns          286747 1c008268 428307b3 p.mac            x15, x6, x8         x15=000000f7 x15:000000f7  x6:0000006c  x8:00000000
16941299ns          286748 1c00826c 2fc72403 lw               x8, 764(x14)         x8=00000001 x14:10000414  PA:10000710
16941359ns          286751 1c008270 428887b3 p.mac            x15, x17, x8        x15=00000164 x15:000000f7 x17:0000006d  x8:00000001
16941378ns          286752 1c008274 33c72403 lw               x8, 828(x14)         x8=00000000 x14:10000414  PA:10000750
16941438ns          286755 1c008278 428807b3 p.mac            x15, x16, x8        x15=00000164 x15:00000164 x16:00000093  x8:00000000
16941458ns          286756 1c00827c 37c72403 lw               x8, 892(x14)         x8=00000000 x14:10000414  PA:10000790
16941518ns          286759 1c008280 428507b3 p.mac            x15, x10, x8        x15=00000164 x15:00000164 x10:00000092  x8:00000000
16941538ns          286760 1c008284 3bc72403 lw               x8, 956(x14)         x8=00000000 x14:10000414  PA:100007d0
16941597ns          286763 1c008288 428587b3 p.mac            x15, x11, x8        x15=00000164 x15:00000164 x11:00000070  x8:00000000
16941617ns          286764 1c00828c 00f6222b p.sw             x15, 4(x12!)        x12=10000994 x15:00000164 x12:10000990  PA:10000990
16941657ns          286766 1c008210 0047278b p.lw             x15, 4(x14!)        x15=00000000 x14=10000418 x14:10000414  PA:10000414
16941677ns          286767 1c008214 03c72403 lw               x8, 60(x14)          x8=00000000 x14:10000418  PA:10000454
16941697ns          286768 1c008216 02fb87b3 mul              x15, x23, x15       x15=00000000 x23:00000061 x15:00000000
16941717ns          286769 1c00821a 428b07b3 p.mac            x15, x22, x8        x15=00000000 x15:00000000 x22:0000009f  x8:00000000
16941736ns          286770 1c00821e 07c72403 lw               x8, 124(x14)         x8=00000000 x14:10000418  PA:10000494
16941796ns          286773 1c008220 428a87b3 p.mac            x15, x21, x8        x15=00000000 x15:00000000 x21:0000009e  x8:00000000
16941816ns          286774 1c008224 0bc72403 lw               x8, 188(x14)         x8=00000000 x14:10000418  PA:100004d4
16941896ns          286778 1c008228 428a07b3 p.mac            x15, x20, x8        x15=00000000 x15:00000000 x20:00000064  x8:00000000
16941916ns          286779 1c00822c 0fc72403 lw               x8, 252(x14)         x8=00000001 x14:10000418  PA:10000514
16941975ns          286782 1c008230 428087b3 p.mac            x15, x1, x8         x15=00000065 x15:00000000  x1:00000065  x8:00000001
16941995ns          286783 1c008234 13c72403 lw               x8, 316(x14)         x8=00000000 x14:10000418  PA:10000554
16942055ns          286786 1c008238 428387b3 p.mac            x15, x7, x8         x15=00000065 x15:00000065  x7:0000009b  x8:00000000
16942075ns          286787 1c00823c 17c72403 lw               x8, 380(x14)         x8=00000000 x14:10000418  PA:10000594
16942134ns          286790 1c008240 428287b3 p.mac            x15, x5, x8         x15=00000065 x15:00000065  x5:0000009a  x8:00000000
16942154ns          286791 1c008244 1bc72403 lw               x8, 444(x14)         x8=00000000 x14:10000418  PA:100005d4
16942214ns          286794 1c008248 428f87b3 p.mac            x15, x31, x8        x15=00000065 x15:00000065 x31:00000068  x8:00000000
16942234ns          286795 1c00824c 1fc72403 lw               x8, 508(x14)         x8=00000000 x14:10000418  PA:10000614
16942293ns          286798 1c008250 428f07b3 p.mac            x15, x30, x8        x15=00000065 x15:00000065 x30:00000069  x8:00000000
16942313ns          286799 1c008254 23c72403 lw               x8, 572(x14)         x8=00000001 x14:10000418  PA:10000654
16942373ns          286802 1c008258 428e87b3 p.mac            x15, x29, x8        x15=000000fc x15:00000065 x29:00000097  x8:00000001
16942393ns          286803 1c00825c 27c72403 lw               x8, 636(x14)         x8=00000000 x14:10000418  PA:10000694
16942453ns          286806 1c008260 428e07b3 p.mac            x15, x28, x8        x15=000000fc x15:000000fc x28:00000096  x8:00000000
16942472ns          286807 1c008264 2bc72403 lw               x8, 700(x14)         x8=00000000 x14:10000418  PA:100006d4
16942532ns          286810 1c008268 428307b3 p.mac            x15, x6, x8         x15=000000fc x15:000000fc  x6:0000006c  x8:00000000
16942552ns          286811 1c00826c 2fc72403 lw               x8, 764(x14)         x8=00000000 x14:10000418  PA:10000714
16942612ns          286814 1c008270 428887b3 p.mac            x15, x17, x8        x15=000000fc x15:000000fc x17:0000006d  x8:00000000
16942632ns          286815 1c008274 33c72403 lw               x8, 828(x14)         x8=00000000 x14:10000418  PA:10000754
16942691ns          286818 1c008278 428807b3 p.mac            x15, x16, x8        x15=000000fc x15:000000fc x16:00000093  x8:00000000
16942711ns          286819 1c00827c 37c72403 lw               x8, 892(x14)         x8=00000000 x14:10000418  PA:10000794
16942771ns          286822 1c008280 428507b3 p.mac            x15, x10, x8        x15=000000fc x15:000000fc x10:00000092  x8:00000000
16942791ns          286823 1c008284 3bc72403 lw               x8, 956(x14)         x8=00000000 x14:10000418  PA:100007d4
16942850ns          286826 1c008288 428587b3 p.mac            x15, x11, x8        x15=000000fc x15:000000fc x11:00000070  x8:00000000
16942870ns          286827 1c00828c 00f6222b p.sw             x15, 4(x12!)        x12=10000998 x15:000000fc x12:10000994  PA:10000994
16942910ns          286829 1c008210 0047278b p.lw             x15, 4(x14!)        x15=00000000 x14=1000041c x14:10000418  PA:10000418
16942930ns          286830 1c008214 03c72403 lw               x8, 60(x14)          x8=00000000 x14:1000041c  PA:10000458
16942950ns          286831 1c008216 02fb87b3 mul              x15, x23, x15       x15=00000000 x23:00000061 x15:00000000
16942970ns          286832 1c00821a 428b07b3 p.mac            x15, x22, x8        x15=00000000 x15:00000000 x22:0000009f  x8:00000000
16942990ns          286833 1c00821e 07c72403 lw               x8, 124(x14)         x8=00000000 x14:1000041c  PA:10000498
16943049ns          286836 1c008220 428a87b3 p.mac            x15, x21, x8        x15=00000000 x15:00000000 x21:0000009e  x8:00000000
16943069ns          286837 1c008224 0bc72403 lw               x8, 188(x14)         x8=00000000 x14:1000041c  PA:100004d8
16943149ns          286841 1c008228 428a07b3 p.mac            x15, x20, x8        x15=00000000 x15:00000000 x20:00000064  x8:00000000
16943169ns          286842 1c00822c 0fc72403 lw               x8, 252(x14)         x8=00000000 x14:1000041c  PA:10000518
16943228ns          286845 1c008230 428087b3 p.mac            x15, x1, x8         x15=00000000 x15:00000000  x1:00000065  x8:00000000
16943248ns          286846 1c008234 13c72403 lw               x8, 316(x14)         x8=00000000 x14:1000041c  PA:10000558
16943308ns          286849 1c008238 428387b3 p.mac            x15, x7, x8         x15=00000000 x15:00000000  x7:0000009b  x8:00000000
16943328ns          286850 1c00823c 17c72403 lw               x8, 380(x14)         x8=00000000 x14:1000041c  PA:10000598
16943387ns          286853 1c008240 428287b3 p.mac            x15, x5, x8         x15=00000000 x15:00000000  x5:0000009a  x8:00000000
16943407ns          286854 1c008244 1bc72403 lw               x8, 444(x14)         x8=00000000 x14:1000041c  PA:100005d8
16943467ns          286857 1c008248 428f87b3 p.mac            x15, x31, x8        x15=00000000 x15:00000000 x31:00000068  x8:00000000
16943487ns          286858 1c00824c 1fc72403 lw               x8, 508(x14)         x8=00000000 x14:1000041c  PA:10000618
16943547ns          286861 1c008250 428f07b3 p.mac            x15, x30, x8        x15=00000000 x15:00000000 x30:00000069  x8:00000000
16943566ns          286862 1c008254 23c72403 lw               x8, 572(x14)         x8=00000000 x14:1000041c  PA:10000658
16943626ns          286865 1c008258 428e87b3 p.mac            x15, x29, x8        x15=00000000 x15:00000000 x29:00000097  x8:00000000
16943646ns          286866 1c00825c 27c72403 lw               x8, 636(x14)         x8=00000000 x14:1000041c  PA:10000698
16943706ns          286869 1c008260 428e07b3 p.mac            x15, x28, x8        x15=00000000 x15:00000000 x28:00000096  x8:00000000
16943726ns          286870 1c008264 2bc72403 lw               x8, 700(x14)         x8=00000000 x14:1000041c  PA:100006d8
16943785ns          286873 1c008268 428307b3 p.mac            x15, x6, x8         x15=00000000 x15:00000000  x6:0000006c  x8:00000000
16943805ns          286874 1c00826c 2fc72403 lw               x8, 764(x14)         x8=00000000 x14:1000041c  PA:10000718
16943865ns          286877 1c008270 428887b3 p.mac            x15, x17, x8        x15=00000000 x15:00000000 x17:0000006d  x8:00000000
16943885ns          286878 1c008274 33c72403 lw               x8, 828(x14)         x8=00000000 x14:1000041c  PA:10000758
16943944ns          286881 1c008278 428807b3 p.mac            x15, x16, x8        x15=00000000 x15:00000000 x16:00000093  x8:00000000
16943964ns          286882 1c00827c 37c72403 lw               x8, 892(x14)         x8=00000000 x14:1000041c  PA:10000798
16944024ns          286885 1c008280 428507b3 p.mac            x15, x10, x8        x15=00000000 x15:00000000 x10:00000092  x8:00000000
16944044ns          286886 1c008284 3bc72403 lw               x8, 956(x14)         x8=00000000 x14:1000041c  PA:100007d8
16944103ns          286889 1c008288 428587b3 p.mac            x15, x11, x8        x15=00000000 x15:00000000 x11:00000070  x8:00000000
16944123ns          286890 1c00828c 00f6222b p.sw             x15, 4(x12!)        x12=1000099c x15:00000000 x12:10000998  PA:10000998
16944163ns          286892 1c008210 0047278b p.lw             x15, 4(x14!)        x15=00000000 x14=10000420 x14:1000041c  PA:1000041c
16944183ns          286893 1c008214 03c72403 lw               x8, 60(x14)          x8=00000001 x14:10000420  PA:1000045c
16944203ns          286894 1c008216 02fb87b3 mul              x15, x23, x15       x15=00000000 x23:00000061 x15:00000000
16944223ns          286895 1c00821a 428b07b3 p.mac            x15, x22, x8        x15=0000009f x15:00000000 x22:0000009f  x8:00000001
16944243ns          286896 1c00821e 07c72403 lw               x8, 124(x14)         x8=00000001 x14:10000420  PA:1000049c
16944302ns          286899 1c008220 428a87b3 p.mac            x15, x21, x8        x15=0000013d x15:0000009f x21:0000009e  x8:00000001
16944322ns          286900 1c008224 0bc72403 lw               x8, 188(x14)         x8=00000000 x14:10000420  PA:100004dc
16944402ns          286904 1c008228 428a07b3 p.mac            x15, x20, x8        x15=0000013d x15:0000013d x20:00000064  x8:00000000
16944422ns          286905 1c00822c 0fc72403 lw               x8, 252(x14)         x8=00000000 x14:10000420  PA:1000051c
16944481ns          286908 1c008230 428087b3 p.mac            x15, x1, x8         x15=0000013d x15:0000013d  x1:00000065  x8:00000000
16944501ns          286909 1c008234 13c72403 lw               x8, 316(x14)         x8=00000001 x14:10000420  PA:1000055c
16944561ns          286912 1c008238 428387b3 p.mac            x15, x7, x8         x15=000001d8 x15:0000013d  x7:0000009b  x8:00000001
16944581ns          286913 1c00823c 17c72403 lw               x8, 380(x14)         x8=00000000 x14:10000420  PA:1000059c
16944641ns          286916 1c008240 428287b3 p.mac            x15, x5, x8         x15=000001d8 x15:000001d8  x5:0000009a  x8:00000000
16944660ns          286917 1c008244 1bc72403 lw               x8, 444(x14)         x8=00000000 x14:10000420  PA:100005dc
16944720ns          286920 1c008248 428f87b3 p.mac            x15, x31, x8        x15=000001d8 x15:000001d8 x31:00000068  x8:00000000
16944740ns          286921 1c00824c 1fc72403 lw               x8, 508(x14)         x8=00000000 x14:10000420  PA:1000061c
16944800ns          286924 1c008250 428f07b3 p.mac            x15, x30, x8        x15=000001d8 x15:000001d8 x30:00000069  x8:00000000
16944820ns          286925 1c008254 23c72403 lw               x8, 572(x14)         x8=00000000 x14:10000420  PA:1000065c
16944879ns          286928 1c008258 428e87b3 p.mac            x15, x29, x8        x15=000001d8 x15:000001d8 x29:00000097  x8:00000000
16944899ns          286929 1c00825c 27c72403 lw               x8, 636(x14)         x8=00000000 x14:10000420  PA:1000069c
16944959ns          286932 1c008260 428e07b3 p.mac            x15, x28, x8        x15=000001d8 x15:000001d8 x28:00000096  x8:00000000
16944979ns          286933 1c008264 2bc72403 lw               x8, 700(x14)         x8=00000000 x14:10000420  PA:100006dc
16945038ns          286936 1c008268 428307b3 p.mac            x15, x6, x8         x15=000001d8 x15:000001d8  x6:0000006c  x8:00000000
16945058ns          286937 1c00826c 2fc72403 lw               x8, 764(x14)         x8=00000000 x14:10000420  PA:1000071c
16945118ns          286940 1c008270 428887b3 p.mac            x15, x17, x8        x15=000001d8 x15:000001d8 x17:0000006d  x8:00000000
16945138ns          286941 1c008274 33c72403 lw               x8, 828(x14)         x8=00000000 x14:10000420  PA:1000075c
16945197ns          286944 1c008278 428807b3 p.mac            x15, x16, x8        x15=000001d8 x15:000001d8 x16:00000093  x8:00000000
16945217ns          286945 1c00827c 37c72403 lw               x8, 892(x14)         x8=00000000 x14:10000420  PA:1000079c
16945277ns          286948 1c008280 428507b3 p.mac            x15, x10, x8        x15=000001d8 x15:000001d8 x10:00000092  x8:00000000
16945297ns          286949 1c008284 3bc72403 lw               x8, 956(x14)         x8=00000000 x14:10000420  PA:100007dc
16945357ns          286952 1c008288 428587b3 p.mac            x15, x11, x8        x15=000001d8 x15:000001d8 x11:00000070  x8:00000000
16945377ns          286953 1c00828c 00f6222b p.sw             x15, 4(x12!)        x12=100009a0 x15:000001d8 x12:1000099c  PA:1000099c
16945416ns          286955 1c008210 0047278b p.lw             x15, 4(x14!)        x15=00000000 x14=10000424 x14:10000420  PA:10000420
16945436ns          286956 1c008214 03c72403 lw               x8, 60(x14)          x8=00000000 x14:10000424  PA:10000460
16945456ns          286957 1c008216 02fb87b3 mul              x15, x23, x15       x15=00000000 x23:00000061 x15:00000000
16945476ns          286958 1c00821a 428b07b3 p.mac            x15, x22, x8        x15=00000000 x15:00000000 x22:0000009f  x8:00000000
16945496ns          286959 1c00821e 07c72403 lw               x8, 124(x14)         x8=00000000 x14:10000424  PA:100004a0
16945556ns          286962 1c008220 428a87b3 p.mac            x15, x21, x8        x15=00000000 x15:00000000 x21:0000009e  x8:00000000
16945575ns          286963 1c008224 0bc72403 lw               x8, 188(x14)         x8=00000000 x14:10000424  PA:100004e0
16945655ns          286967 1c008228 428a07b3 p.mac            x15, x20, x8        x15=00000000 x15:00000000 x20:00000064  x8:00000000
16945675ns          286968 1c00822c 0fc72403 lw               x8, 252(x14)         x8=00000000 x14:10000424  PA:10000520
16945735ns          286971 1c008230 428087b3 p.mac            x15, x1, x8         x15=00000000 x15:00000000  x1:00000065  x8:00000000
16945754ns          286972 1c008234 13c72403 lw               x8, 316(x14)         x8=00000000 x14:10000424  PA:10000560
16945814ns          286975 1c008238 428387b3 p.mac            x15, x7, x8         x15=00000000 x15:00000000  x7:0000009b  x8:00000000
16945834ns          286976 1c00823c 17c72403 lw               x8, 380(x14)         x8=00000000 x14:10000424  PA:100005a0
16945894ns          286979 1c008240 428287b3 p.mac            x15, x5, x8         x15=00000000 x15:00000000  x5:0000009a  x8:00000000
16945914ns          286980 1c008244 1bc72403 lw               x8, 444(x14)         x8=00000000 x14:10000424  PA:100005e0
16945973ns          286983 1c008248 428f87b3 p.mac            x15, x31, x8        x15=00000000 x15:00000000 x31:00000068  x8:00000000
16945993ns          286984 1c00824c 1fc72403 lw               x8, 508(x14)         x8=00000001 x14:10000424  PA:10000620
16946053ns          286987 1c008250 428f07b3 p.mac            x15, x30, x8        x15=00000069 x15:00000000 x30:00000069  x8:00000001
16946073ns          286988 1c008254 23c72403 lw               x8, 572(x14)         x8=00000000 x14:10000424  PA:10000660
16946132ns          286991 1c008258 428e87b3 p.mac            x15, x29, x8        x15=00000069 x15:00000069 x29:00000097  x8:00000000
16946152ns          286992 1c00825c 27c72403 lw               x8, 636(x14)         x8=00000000 x14:10000424  PA:100006a0
16946212ns          286995 1c008260 428e07b3 p.mac            x15, x28, x8        x15=00000069 x15:00000069 x28:00000096  x8:00000000
16946232ns          286996 1c008264 2bc72403 lw               x8, 700(x14)         x8=00000000 x14:10000424  PA:100006e0
16946291ns          286999 1c008268 428307b3 p.mac            x15, x6, x8         x15=00000069 x15:00000069  x6:0000006c  x8:00000000
16946311ns          287000 1c00826c 2fc72403 lw               x8, 764(x14)         x8=00000001 x14:10000424  PA:10000720
16946371ns          287003 1c008270 428887b3 p.mac            x15, x17, x8        x15=000000d6 x15:00000069 x17:0000006d  x8:00000001
16946391ns          287004 1c008274 33c72403 lw               x8, 828(x14)         x8=00000000 x14:10000424  PA:10000760
16946451ns          287007 1c008278 428807b3 p.mac            x15, x16, x8        x15=000000d6 x15:000000d6 x16:00000093  x8:00000000
16946470ns          287008 1c00827c 37c72403 lw               x8, 892(x14)         x8=00000000 x14:10000424  PA:100007a0
16946530ns          287011 1c008280 428507b3 p.mac            x15, x10, x8        x15=000000d6 x15:000000d6 x10:00000092  x8:00000000
16946550ns          287012 1c008284 3bc72403 lw               x8, 956(x14)         x8=00000000 x14:10000424  PA:100007e0
16946610ns          287015 1c008288 428587b3 p.mac            x15, x11, x8        x15=000000d6 x15:000000d6 x11:00000070  x8:00000000
16946630ns          287016 1c00828c 00f6222b p.sw             x15, 4(x12!)        x12=100009a4 x15:000000d6 x12:100009a0  PA:100009a0
16946669ns          287018 1c008210 0047278b p.lw             x15, 4(x14!)        x15=00000000 x14=10000428 x14:10000424  PA:10000424
16946689ns          287019 1c008214 03c72403 lw               x8, 60(x14)          x8=00000000 x14:10000428  PA:10000464
16946709ns          287020 1c008216 02fb87b3 mul              x15, x23, x15       x15=00000000 x23:00000061 x15:00000000
16946729ns          287021 1c00821a 428b07b3 p.mac            x15, x22, x8        x15=00000000 x15:00000000 x22:0000009f  x8:00000000
16946749ns          287022 1c00821e 07c72403 lw               x8, 124(x14)         x8=00000001 x14:10000428  PA:100004a4
16946809ns          287025 1c008220 428a87b3 p.mac            x15, x21, x8        x15=0000009e x15:00000000 x21:0000009e  x8:00000001
16946829ns          287026 1c008224 0bc72403 lw               x8, 188(x14)         x8=00000000 x14:10000428  PA:100004e4
16946908ns          287030 1c008228 428a07b3 p.mac            x15, x20, x8        x15=0000009e x15:0000009e x20:00000064  x8:00000000
16946928ns          287031 1c00822c 0fc72403 lw               x8, 252(x14)         x8=00000000 x14:10000428  PA:10000524
16946988ns          287034 1c008230 428087b3 p.mac            x15, x1, x8         x15=0000009e x15:0000009e  x1:00000065  x8:00000000
16947008ns          287035 1c008234 13c72403 lw               x8, 316(x14)         x8=00000000 x14:10000428  PA:10000564
16947067ns          287038 1c008238 428387b3 p.mac            x15, x7, x8         x15=0000009e x15:0000009e  x7:0000009b  x8:00000000
16947087ns          287039 1c00823c 17c72403 lw               x8, 380(x14)         x8=00000000 x14:10000428  PA:100005a4
16947147ns          287042 1c008240 428287b3 p.mac            x15, x5, x8         x15=0000009e x15:0000009e  x5:0000009a  x8:00000000
16947167ns          287043 1c008244 1bc72403 lw               x8, 444(x14)         x8=00000000 x14:10000428  PA:100005e4
16947226ns          287046 1c008248 428f87b3 p.mac            x15, x31, x8        x15=0000009e x15:0000009e x31:00000068  x8:00000000
16947246ns          287047 1c00824c 1fc72403 lw               x8, 508(x14)         x8=00000000 x14:10000428  PA:10000624
16947306ns          287050 1c008250 428f07b3 p.mac            x15, x30, x8        x15=0000009e x15:0000009e x30:00000069  x8:00000000
16947326ns          287051 1c008254 23c72403 lw               x8, 572(x14)         x8=00000000 x14:10000428  PA:10000664
16947385ns          287054 1c008258 428e87b3 p.mac            x15, x29, x8        x15=0000009e x15:0000009e x29:00000097  x8:00000000
16947405ns          287055 1c00825c 27c72403 lw               x8, 636(x14)         x8=00000000 x14:10000428  PA:100006a4
16947465ns          287058 1c008260 428e07b3 p.mac            x15, x28, x8        x15=0000009e x15:0000009e x28:00000096  x8:00000000
16947485ns          287059 1c008264 2bc72403 lw               x8, 700(x14)         x8=00000000 x14:10000428  PA:100006e4
16947545ns          287062 1c008268 428307b3 p.mac            x15, x6, x8         x15=0000009e x15:0000009e  x6:0000006c  x8:00000000
16947564ns          287063 1c00826c 2fc72403 lw               x8, 764(x14)         x8=00000001 x14:10000428  PA:10000724
16947624ns          287066 1c008270 428887b3 p.mac            x15, x17, x8        x15=0000010b x15:0000009e x17:0000006d  x8:00000001
16947644ns          287067 1c008274 33c72403 lw               x8, 828(x14)         x8=00000001 x14:10000428  PA:10000764
16947704ns          287070 1c008278 428807b3 p.mac            x15, x16, x8        x15=0000019e x15:0000010b x16:00000093  x8:00000001
16947724ns          287071 1c00827c 37c72403 lw               x8, 892(x14)         x8=00000000 x14:10000428  PA:100007a4
16947783ns          287074 1c008280 428507b3 p.mac            x15, x10, x8        x15=0000019e x15:0000019e x10:00000092  x8:00000000
16947803ns          287075 1c008284 3bc72403 lw               x8, 956(x14)         x8=00000000 x14:10000428  PA:100007e4
16947863ns          287078 1c008288 428587b3 p.mac            x15, x11, x8        x15=0000019e x15:0000019e x11:00000070  x8:00000000
16947883ns          287079 1c00828c 00f6222b p.sw             x15, 4(x12!)        x12=100009a8 x15:0000019e x12:100009a4  PA:100009a4
16947923ns          287081 1c008210 0047278b p.lw             x15, 4(x14!)        x15=00000000 x14=1000042c x14:10000428  PA:10000428
16947942ns          287082 1c008214 03c72403 lw               x8, 60(x14)          x8=00000000 x14:1000042c  PA:10000468
16947962ns          287083 1c008216 02fb87b3 mul              x15, x23, x15       x15=00000000 x23:00000061 x15:00000000
16947982ns          287084 1c00821a 428b07b3 p.mac            x15, x22, x8        x15=00000000 x15:00000000 x22:0000009f  x8:00000000
16948002ns          287085 1c00821e 07c72403 lw               x8, 124(x14)         x8=00000000 x14:1000042c  PA:100004a8
16948062ns          287088 1c008220 428a87b3 p.mac            x15, x21, x8        x15=00000000 x15:00000000 x21:0000009e  x8:00000000
16948082ns          287089 1c008224 0bc72403 lw               x8, 188(x14)         x8=00000000 x14:1000042c  PA:100004e8
16948161ns          287093 1c008228 428a07b3 p.mac            x15, x20, x8        x15=00000000 x15:00000000 x20:00000064  x8:00000000
16948181ns          287094 1c00822c 0fc72403 lw               x8, 252(x14)         x8=00000000 x14:1000042c  PA:10000528
16948241ns          287097 1c008230 428087b3 p.mac            x15, x1, x8         x15=00000000 x15:00000000  x1:00000065  x8:00000000
16948261ns          287098 1c008234 13c72403 lw               x8, 316(x14)         x8=00000000 x14:1000042c  PA:10000568
16948320ns          287101 1c008238 428387b3 p.mac            x15, x7, x8         x15=00000000 x15:00000000  x7:0000009b  x8:00000000
16948340ns          287102 1c00823c 17c72403 lw               x8, 380(x14)         x8=00000000 x14:1000042c  PA:100005a8
16948400ns          287105 1c008240 428287b3 p.mac            x15, x5, x8         x15=00000000 x15:00000000  x5:0000009a  x8:00000000
16948420ns          287106 1c008244 1bc72403 lw               x8, 444(x14)         x8=00000000 x14:1000042c  PA:100005e8
16948479ns          287109 1c008248 428f87b3 p.mac            x15, x31, x8        x15=00000000 x15:00000000 x31:00000068  x8:00000000
16948499ns          287110 1c00824c 1fc72403 lw               x8, 508(x14)         x8=00000000 x14:1000042c  PA:10000628
16948559ns          287113 1c008250 428f07b3 p.mac            x15, x30, x8        x15=00000000 x15:00000000 x30:00000069  x8:00000000
16948579ns          287114 1c008254 23c72403 lw               x8, 572(x14)         x8=00000000 x14:1000042c  PA:10000668
16948639ns          287117 1c008258 428e87b3 p.mac            x15, x29, x8        x15=00000000 x15:00000000 x29:00000097  x8:00000000
16948658ns          287118 1c00825c 27c72403 lw               x8, 636(x14)         x8=00000000 x14:1000042c  PA:100006a8
16948718ns          287121 1c008260 428e07b3 p.mac            x15, x28, x8        x15=00000000 x15:00000000 x28:00000096  x8:00000000
16948738ns          287122 1c008264 2bc72403 lw               x8, 700(x14)         x8=00000000 x14:1000042c  PA:100006e8
16948798ns          287125 1c008268 428307b3 p.mac            x15, x6, x8         x15=00000000 x15:00000000  x6:0000006c  x8:00000000
16948818ns          287126 1c00826c 2fc72403 lw               x8, 764(x14)         x8=00000000 x14:1000042c  PA:10000728
16948877ns          287129 1c008270 428887b3 p.mac            x15, x17, x8        x15=00000000 x15:00000000 x17:0000006d  x8:00000000
16948897ns          287130 1c008274 33c72403 lw               x8, 828(x14)         x8=00000000 x14:1000042c  PA:10000768
16948957ns          287133 1c008278 428807b3 p.mac            x15, x16, x8        x15=00000000 x15:00000000 x16:00000093  x8:00000000
16948977ns          287134 1c00827c 37c72403 lw               x8, 892(x14)         x8=00000000 x14:1000042c  PA:100007a8
16949036ns          287137 1c008280 428507b3 p.mac            x15, x10, x8        x15=00000000 x15:00000000 x10:00000092  x8:00000000
16949056ns          287138 1c008284 3bc72403 lw               x8, 956(x14)         x8=00000000 x14:1000042c  PA:100007e8
16949116ns          287141 1c008288 428587b3 p.mac            x15, x11, x8        x15=00000000 x15:00000000 x11:00000070  x8:00000000
16949136ns          287142 1c00828c 00f6222b p.sw             x15, 4(x12!)        x12=100009ac x15:00000000 x12:100009a8  PA:100009a8
16949176ns          287144 1c008210 0047278b p.lw             x15, 4(x14!)        x15=00000000 x14=10000430 x14:1000042c  PA:1000042c
16949196ns          287145 1c008214 03c72403 lw               x8, 60(x14)          x8=00000000 x14:10000430  PA:1000046c
16949215ns          287146 1c008216 02fb87b3 mul              x15, x23, x15       x15=00000000 x23:00000061 x15:00000000
16949235ns          287147 1c00821a 428b07b3 p.mac            x15, x22, x8        x15=00000000 x15:00000000 x22:0000009f  x8:00000000
16949255ns          287148 1c00821e 07c72403 lw               x8, 124(x14)         x8=00000000 x14:10000430  PA:100004ac
16949315ns          287151 1c008220 428a87b3 p.mac            x15, x21, x8        x15=00000000 x15:00000000 x21:0000009e  x8:00000000
16949335ns          287152 1c008224 0bc72403 lw               x8, 188(x14)         x8=00000000 x14:10000430  PA:100004ec
16949414ns          287156 1c008228 428a07b3 p.mac            x15, x20, x8        x15=00000000 x15:00000000 x20:00000064  x8:00000000
16949434ns          287157 1c00822c 0fc72403 lw               x8, 252(x14)         x8=00000000 x14:10000430  PA:1000052c
16949494ns          287160 1c008230 428087b3 p.mac            x15, x1, x8         x15=00000000 x15:00000000  x1:00000065  x8:00000000
16949514ns          287161 1c008234 13c72403 lw               x8, 316(x14)         x8=00000000 x14:10000430  PA:1000056c
16949573ns          287164 1c008238 428387b3 p.mac            x15, x7, x8         x15=00000000 x15:00000000  x7:0000009b  x8:00000000
16949593ns          287165 1c00823c 17c72403 lw               x8, 380(x14)         x8=00000001 x14:10000430  PA:100005ac
16949653ns          287168 1c008240 428287b3 p.mac            x15, x5, x8         x15=0000009a x15:00000000  x5:0000009a  x8:00000001
16949673ns          287169 1c008244 1bc72403 lw               x8, 444(x14)         x8=00000000 x14:10000430  PA:100005ec
16949733ns          287172 1c008248 428f87b3 p.mac            x15, x31, x8        x15=0000009a x15:0000009a x31:00000068  x8:00000000
16949752ns          287173 1c00824c 1fc72403 lw               x8, 508(x14)         x8=00000000 x14:10000430  PA:1000062c
16949812ns          287176 1c008250 428f07b3 p.mac            x15, x30, x8        x15=0000009a x15:0000009a x30:00000069  x8:00000000
16949832ns          287177 1c008254 23c72403 lw               x8, 572(x14)         x8=00000000 x14:10000430  PA:1000066c
16949892ns          287180 1c008258 428e87b3 p.mac            x15, x29, x8        x15=0000009a x15:0000009a x29:00000097  x8:00000000
16949912ns          287181 1c00825c 27c72403 lw               x8, 636(x14)         x8=00000001 x14:10000430  PA:100006ac
16949971ns          287184 1c008260 428e07b3 p.mac            x15, x28, x8        x15=00000130 x15:0000009a x28:00000096  x8:00000001
16949991ns          287185 1c008264 2bc72403 lw               x8, 700(x14)         x8=00000000 x14:10000430  PA:100006ec
16950051ns          287188 1c008268 428307b3 p.mac            x15, x6, x8         x15=00000130 x15:00000130  x6:0000006c  x8:00000000
16950071ns          287189 1c00826c 2fc72403 lw               x8, 764(x14)         x8=00000000 x14:10000430  PA:1000072c
16950130ns          287192 1c008270 428887b3 p.mac            x15, x17, x8        x15=00000130 x15:00000130 x17:0000006d  x8:00000000
16950150ns          287193 1c008274 33c72403 lw               x8, 828(x14)         x8=00000000 x14:10000430  PA:1000076c
16950210ns          287196 1c008278 428807b3 p.mac            x15, x16, x8        x15=00000130 x15:00000130 x16:00000093  x8:00000000
16950230ns          287197 1c00827c 37c72403 lw               x8, 892(x14)         x8=00000000 x14:10000430  PA:100007ac
16950290ns          287200 1c008280 428507b3 p.mac            x15, x10, x8        x15=00000130 x15:00000130 x10:00000092  x8:00000000
16950309ns          287201 1c008284 3bc72403 lw               x8, 956(x14)         x8=00000000 x14:10000430  PA:100007ec
16950369ns          287204 1c008288 428587b3 p.mac            x15, x11, x8        x15=00000130 x15:00000130 x11:00000070  x8:00000000
16950389ns          287205 1c00828c 00f6222b p.sw             x15, 4(x12!)        x12=100009b0 x15:00000130 x12:100009ac  PA:100009ac
16950429ns          287207 1c008210 0047278b p.lw             x15, 4(x14!)        x15=00000000 x14=10000434 x14:10000430  PA:10000430
16950449ns          287208 1c008214 03c72403 lw               x8, 60(x14)          x8=00000000 x14:10000434  PA:10000470
16950469ns          287209 1c008216 02fb87b3 mul              x15, x23, x15       x15=00000000 x23:00000061 x15:00000000
16950488ns          287210 1c00821a 428b07b3 p.mac            x15, x22, x8        x15=00000000 x15:00000000 x22:0000009f  x8:00000000
16950508ns          287211 1c00821e 07c72403 lw               x8, 124(x14)         x8=00000000 x14:10000434  PA:100004b0
16950568ns          287214 1c008220 428a87b3 p.mac            x15, x21, x8        x15=00000000 x15:00000000 x21:0000009e  x8:00000000
16950588ns          287215 1c008224 0bc72403 lw               x8, 188(x14)         x8=00000001 x14:10000434  PA:100004f0
16950667ns          287219 1c008228 428a07b3 p.mac            x15, x20, x8        x15=00000064 x15:00000000 x20:00000064  x8:00000001
16950687ns          287220 1c00822c 0fc72403 lw               x8, 252(x14)         x8=00000001 x14:10000434  PA:10000530
16950747ns          287223 1c008230 428087b3 p.mac            x15, x1, x8         x15=000000c9 x15:00000064  x1:00000065  x8:00000001
16950767ns          287224 1c008234 13c72403 lw               x8, 316(x14)         x8=00000000 x14:10000434  PA:10000570
16950827ns          287227 1c008238 428387b3 p.mac            x15, x7, x8         x15=000000c9 x15:000000c9  x7:0000009b  x8:00000000
16950846ns          287228 1c00823c 17c72403 lw               x8, 380(x14)         x8=00000000 x14:10000434  PA:100005b0
16950906ns          287231 1c008240 428287b3 p.mac            x15, x5, x8         x15=000000c9 x15:000000c9  x5:0000009a  x8:00000000
16950926ns          287232 1c008244 1bc72403 lw               x8, 444(x14)         x8=00000000 x14:10000434  PA:100005f0
16950986ns          287235 1c008248 428f87b3 p.mac            x15, x31, x8        x15=000000c9 x15:000000c9 x31:00000068  x8:00000000
16951006ns          287236 1c00824c 1fc72403 lw               x8, 508(x14)         x8=00000000 x14:10000434  PA:10000630
16951065ns          287239 1c008250 428f07b3 p.mac            x15, x30, x8        x15=000000c9 x15:000000c9 x30:00000069  x8:00000000
16951085ns          287240 1c008254 23c72403 lw               x8, 572(x14)         x8=00000000 x14:10000434  PA:10000670
16951145ns          287243 1c008258 428e87b3 p.mac            x15, x29, x8        x15=000000c9 x15:000000c9 x29:00000097  x8:00000000
16951165ns          287244 1c00825c 27c72403 lw               x8, 636(x14)         x8=00000001 x14:10000434  PA:100006b0
16951224ns          287247 1c008260 428e07b3 p.mac            x15, x28, x8        x15=0000015f x15:000000c9 x28:00000096  x8:00000001
16951244ns          287248 1c008264 2bc72403 lw               x8, 700(x14)         x8=00000000 x14:10000434  PA:100006f0
16951304ns          287251 1c008268 428307b3 p.mac            x15, x6, x8         x15=0000015f x15:0000015f  x6:0000006c  x8:00000000
16951324ns          287252 1c00826c 2fc72403 lw               x8, 764(x14)         x8=00000001 x14:10000434  PA:10000730
16951384ns          287255 1c008270 428887b3 p.mac            x15, x17, x8        x15=000001cc x15:0000015f x17:0000006d  x8:00000001
16951403ns          287256 1c008274 33c72403 lw               x8, 828(x14)         x8=00000000 x14:10000434  PA:10000770
16951463ns          287259 1c008278 428807b3 p.mac            x15, x16, x8        x15=000001cc x15:000001cc x16:00000093  x8:00000000
16951483ns          287260 1c00827c 37c72403 lw               x8, 892(x14)         x8=00000000 x14:10000434  PA:100007b0
16951543ns          287263 1c008280 428507b3 p.mac            x15, x10, x8        x15=000001cc x15:000001cc x10:00000092  x8:00000000
16951563ns          287264 1c008284 3bc72403 lw               x8, 956(x14)         x8=00000000 x14:10000434  PA:100007f0
16951622ns          287267 1c008288 428587b3 p.mac            x15, x11, x8        x15=000001cc x15:000001cc x11:00000070  x8:00000000
16951642ns          287268 1c00828c 00f6222b p.sw             x15, 4(x12!)        x12=100009b4 x15:000001cc x12:100009b0  PA:100009b0
16951682ns          287270 1c008210 0047278b p.lw             x15, 4(x14!)        x15=00000000 x14=10000438 x14:10000434  PA:10000434
16951702ns          287271 1c008214 03c72403 lw               x8, 60(x14)          x8=00000000 x14:10000438  PA:10000474
16951722ns          287272 1c008216 02fb87b3 mul              x15, x23, x15       x15=00000000 x23:00000061 x15:00000000
16951742ns          287273 1c00821a 428b07b3 p.mac            x15, x22, x8        x15=00000000 x15:00000000 x22:0000009f  x8:00000000
16951761ns          287274 1c00821e 07c72403 lw               x8, 124(x14)         x8=00000000 x14:10000438  PA:100004b4
16951821ns          287277 1c008220 428a87b3 p.mac            x15, x21, x8        x15=00000000 x15:00000000 x21:0000009e  x8:00000000
16951841ns          287278 1c008224 0bc72403 lw               x8, 188(x14)         x8=00000001 x14:10000438  PA:100004f4
16951921ns          287282 1c008228 428a07b3 p.mac            x15, x20, x8        x15=00000064 x15:00000000 x20:00000064  x8:00000001
16951940ns          287283 1c00822c 0fc72403 lw               x8, 252(x14)         x8=00000000 x14:10000438  PA:10000534
16952000ns          287286 1c008230 428087b3 p.mac            x15, x1, x8         x15=00000064 x15:00000064  x1:00000065  x8:00000000
16952020ns          287287 1c008234 13c72403 lw               x8, 316(x14)         x8=00000000 x14:10000438  PA:10000574
16952080ns          287290 1c008238 428387b3 p.mac            x15, x7, x8         x15=00000064 x15:00000064  x7:0000009b  x8:00000000
16952100ns          287291 1c00823c 17c72403 lw               x8, 380(x14)         x8=00000000 x14:10000438  PA:100005b4
16952159ns          287294 1c008240 428287b3 p.mac            x15, x5, x8         x15=00000064 x15:00000064  x5:0000009a  x8:00000000
16952179ns          287295 1c008244 1bc72403 lw               x8, 444(x14)         x8=00000000 x14:10000438  PA:100005f4
16952239ns          287298 1c008248 428f87b3 p.mac            x15, x31, x8        x15=00000064 x15:00000064 x31:00000068  x8:00000000
16952259ns          287299 1c00824c 1fc72403 lw               x8, 508(x14)         x8=00000000 x14:10000438  PA:10000634
16952318ns          287302 1c008250 428f07b3 p.mac            x15, x30, x8        x15=00000064 x15:00000064 x30:00000069  x8:00000000
16952338ns          287303 1c008254 23c72403 lw               x8, 572(x14)         x8=00000000 x14:10000438  PA:10000674
16952398ns          287306 1c008258 428e87b3 p.mac            x15, x29, x8        x15=00000064 x15:00000064 x29:00000097  x8:00000000
16952418ns          287307 1c00825c 27c72403 lw               x8, 636(x14)         x8=00000000 x14:10000438  PA:100006b4
16952478ns          287310 1c008260 428e07b3 p.mac            x15, x28, x8        x15=00000064 x15:00000064 x28:00000096  x8:00000000
16952497ns          287311 1c008264 2bc72403 lw               x8, 700(x14)         x8=00000000 x14:10000438  PA:100006f4
16952557ns          287314 1c008268 428307b3 p.mac            x15, x6, x8         x15=00000064 x15:00000064  x6:0000006c  x8:00000000
16952577ns          287315 1c00826c 2fc72403 lw               x8, 764(x14)         x8=00000000 x14:10000438  PA:10000734
16952637ns          287318 1c008270 428887b3 p.mac            x15, x17, x8        x15=00000064 x15:00000064 x17:0000006d  x8:00000000
16952657ns          287319 1c008274 33c72403 lw               x8, 828(x14)         x8=00000000 x14:10000438  PA:10000774
16952716ns          287322 1c008278 428807b3 p.mac            x15, x16, x8        x15=00000064 x15:00000064 x16:00000093  x8:00000000
16952736ns          287323 1c00827c 37c72403 lw               x8, 892(x14)         x8=00000000 x14:10000438  PA:100007b4
16952796ns          287326 1c008280 428507b3 p.mac            x15, x10, x8        x15=00000064 x15:00000064 x10:00000092  x8:00000000
16952816ns          287327 1c008284 3bc72403 lw               x8, 956(x14)         x8=00000000 x14:10000438  PA:100007f4
16952875ns          287330 1c008288 428587b3 p.mac            x15, x11, x8        x15=00000064 x15:00000064 x11:00000070  x8:00000000
16952895ns          287331 1c00828c 00f6222b p.sw             x15, 4(x12!)        x12=100009b8 x15:00000064 x12:100009b4  PA:100009b4
16952935ns          287333 1c008210 0047278b p.lw             x15, 4(x14!)        x15=00000000 x14=1000043c x14:10000438  PA:10000438
16952955ns          287334 1c008214 03c72403 lw               x8, 60(x14)          x8=00000000 x14:1000043c  PA:10000478
16952975ns          287335 1c008216 02fb87b3 mul              x15, x23, x15       x15=00000000 x23:00000061 x15:00000000
16952995ns          287336 1c00821a 428b07b3 p.mac            x15, x22, x8        x15=00000000 x15:00000000 x22:0000009f  x8:00000000
16953015ns          287337 1c00821e 07c72403 lw               x8, 124(x14)         x8=00000001 x14:1000043c  PA:100004b8
16953074ns          287340 1c008220 428a87b3 p.mac            x15, x21, x8        x15=0000009e x15:00000000 x21:0000009e  x8:00000001
16953094ns          287341 1c008224 0bc72403 lw               x8, 188(x14)         x8=00000000 x14:1000043c  PA:100004f8
16953174ns          287345 1c008228 428a07b3 p.mac            x15, x20, x8        x15=0000009e x15:0000009e x20:00000064  x8:00000000
16953194ns          287346 1c00822c 0fc72403 lw               x8, 252(x14)         x8=00000000 x14:1000043c  PA:10000538
16953253ns          287349 1c008230 428087b3 p.mac            x15, x1, x8         x15=0000009e x15:0000009e  x1:00000065  x8:00000000
16953273ns          287350 1c008234 13c72403 lw               x8, 316(x14)         x8=00000000 x14:1000043c  PA:10000578
16953333ns          287353 1c008238 428387b3 p.mac            x15, x7, x8         x15=0000009e x15:0000009e  x7:0000009b  x8:00000000
16953353ns          287354 1c00823c 17c72403 lw               x8, 380(x14)         x8=00000000 x14:1000043c  PA:100005b8
16953412ns          287357 1c008240 428287b3 p.mac            x15, x5, x8         x15=0000009e x15:0000009e  x5:0000009a  x8:00000000
16953432ns          287358 1c008244 1bc72403 lw               x8, 444(x14)         x8=00000001 x14:1000043c  PA:100005f8
16953492ns          287361 1c008248 428f87b3 p.mac            x15, x31, x8        x15=00000106 x15:0000009e x31:00000068  x8:00000001
16953512ns          287362 1c00824c 1fc72403 lw               x8, 508(x14)         x8=00000001 x14:1000043c  PA:10000638
16953571ns          287365 1c008250 428f07b3 p.mac            x15, x30, x8        x15=0000016f x15:00000106 x30:00000069  x8:00000001
16953591ns          287366 1c008254 23c72403 lw               x8, 572(x14)         x8=00000000 x14:1000043c  PA:10000678
16953651ns          287369 1c008258 428e87b3 p.mac            x15, x29, x8        x15=0000016f x15:0000016f x29:00000097  x8:00000000
16953671ns          287370 1c00825c 27c72403 lw               x8, 636(x14)         x8=00000001 x14:1000043c  PA:100006b8
16953731ns          287373 1c008260 428e07b3 p.mac            x15, x28, x8        x15=00000205 x15:0000016f x28:00000096  x8:00000001
16953751ns          287374 1c008264 2bc72403 lw               x8, 700(x14)         x8=00000000 x14:1000043c  PA:100006f8
16953810ns          287377 1c008268 428307b3 p.mac            x15, x6, x8         x15=00000205 x15:00000205  x6:0000006c  x8:00000000
16953830ns          287378 1c00826c 2fc72403 lw               x8, 764(x14)         x8=00000001 x14:1000043c  PA:10000738
16953890ns          287381 1c008270 428887b3 p.mac            x15, x17, x8        x15=00000272 x15:00000205 x17:0000006d  x8:00000001
16953910ns          287382 1c008274 33c72403 lw               x8, 828(x14)         x8=00000000 x14:1000043c  PA:10000778
16953969ns          287385 1c008278 428807b3 p.mac            x15, x16, x8        x15=00000272 x15:00000272 x16:00000093  x8:00000000
16953989ns          287386 1c00827c 37c72403 lw               x8, 892(x14)         x8=00000000 x14:1000043c  PA:100007b8
16954049ns          287389 1c008280 428507b3 p.mac            x15, x10, x8        x15=00000272 x15:00000272 x10:00000092  x8:00000000
16954069ns          287390 1c008284 3bc72403 lw               x8, 956(x14)         x8=00000000 x14:1000043c  PA:100007f8
16954128ns          287393 1c008288 428587b3 p.mac            x15, x11, x8        x15=00000272 x15:00000272 x11:00000070  x8:00000000
16954148ns          287394 1c00828c 00f6222b p.sw             x15, 4(x12!)        x12=100009bc x15:00000272 x12:100009b8  PA:100009b8
16954188ns          287396 1c008210 0047278b p.lw             x15, 4(x14!)        x15=00000000 x14=10000440 x14:1000043c  PA:1000043c
16954208ns          287397 1c008214 03c72403 lw               x8, 60(x14)          x8=00000000 x14:10000440  PA:1000047c
16954228ns          287398 1c008216 02fb87b3 mul              x15, x23, x15       x15=00000000 x23:00000061 x15:00000000
16954248ns          287399 1c00821a 428b07b3 p.mac            x15, x22, x8        x15=00000000 x15:00000000 x22:0000009f  x8:00000000
16954268ns          287400 1c00821e 07c72403 lw               x8, 124(x14)         x8=00000000 x14:10000440  PA:100004bc
16954327ns          287403 1c008220 428a87b3 p.mac            x15, x21, x8        x15=00000000 x15:00000000 x21:0000009e  x8:00000000
16954347ns          287404 1c008224 0bc72403 lw               x8, 188(x14)         x8=00000000 x14:10000440  PA:100004fc
16954427ns          287408 1c008228 428a07b3 p.mac            x15, x20, x8        x15=00000000 x15:00000000 x20:00000064  x8:00000000
16954447ns          287409 1c00822c 0fc72403 lw               x8, 252(x14)         x8=00000000 x14:10000440  PA:1000053c
16954506ns          287412 1c008230 428087b3 p.mac            x15, x1, x8         x15=00000000 x15:00000000  x1:00000065  x8:00000000
16954526ns          287413 1c008234 13c72403 lw               x8, 316(x14)         x8=00000000 x14:10000440  PA:1000057c
16954586ns          287416 1c008238 428387b3 p.mac            x15, x7, x8         x15=00000000 x15:00000000  x7:0000009b  x8:00000000
16954606ns          287417 1c00823c 17c72403 lw               x8, 380(x14)         x8=00000000 x14:10000440  PA:100005bc
16954665ns          287420 1c008240 428287b3 p.mac            x15, x5, x8         x15=00000000 x15:00000000  x5:0000009a  x8:00000000
16954685ns          287421 1c008244 1bc72403 lw               x8, 444(x14)         x8=00000000 x14:10000440  PA:100005fc
16954745ns          287424 1c008248 428f87b3 p.mac            x15, x31, x8        x15=00000000 x15:00000000 x31:00000068  x8:00000000
16954765ns          287425 1c00824c 1fc72403 lw               x8, 508(x14)         x8=00000000 x14:10000440  PA:1000063c
16954825ns          287428 1c008250 428f07b3 p.mac            x15, x30, x8        x15=00000000 x15:00000000 x30:00000069  x8:00000000
16954845ns          287429 1c008254 23c72403 lw               x8, 572(x14)         x8=00000001 x14:10000440  PA:1000067c
16954904ns          287432 1c008258 428e87b3 p.mac            x15, x29, x8        x15=00000097 x15:00000000 x29:00000097  x8:00000001
16954924ns          287433 1c00825c 27c72403 lw               x8, 636(x14)         x8=00000000 x14:10000440  PA:100006bc
16954984ns          287436 1c008260 428e07b3 p.mac            x15, x28, x8        x15=00000097 x15:00000097 x28:00000096  x8:00000000
16955004ns          287437 1c008264 2bc72403 lw               x8, 700(x14)         x8=00000001 x14:10000440  PA:100006fc
16955063ns          287440 1c008268 428307b3 p.mac            x15, x6, x8         x15=00000103 x15:00000097  x6:0000006c  x8:00000001
16955083ns          287441 1c00826c 2fc72403 lw               x8, 764(x14)         x8=00000001 x14:10000440  PA:1000073c
16955143ns          287444 1c008270 428887b3 p.mac            x15, x17, x8        x15=00000170 x15:00000103 x17:0000006d  x8:00000001
16955163ns          287445 1c008274 33c72403 lw               x8, 828(x14)         x8=00000000 x14:10000440  PA:1000077c
16955222ns          287448 1c008278 428807b3 p.mac            x15, x16, x8        x15=00000170 x15:00000170 x16:00000093  x8:00000000
16955242ns          287449 1c00827c 37c72403 lw               x8, 892(x14)         x8=00000001 x14:10000440  PA:100007bc
16955302ns          287452 1c008280 428507b3 p.mac            x15, x10, x8        x15=00000202 x15:00000170 x10:00000092  x8:00000001
16955322ns          287453 1c008284 3bc72403 lw               x8, 956(x14)         x8=00000000 x14:10000440  PA:100007fc
16955382ns          287456 1c008288 428587b3 p.mac            x15, x11, x8        x15=00000202 x15:00000202 x11:00000070  x8:00000000
16955401ns          287457 1c00828c 00f6222b p.sw             x15, 4(x12!)        x12=100009c0 x15:00000202 x12:100009bc  PA:100009bc
16955441ns          287459 1c008210 0047278b p.lw             x15, 4(x14!)        x15=00000000 x14=10000444 x14:10000440  PA:10000440
16955461ns          287460 1c008214 03c72403 lw               x8, 60(x14)          x8=00000000 x14:10000444  PA:10000480
16955481ns          287461 1c008216 02fb87b3 mul              x15, x23, x15       x15=00000000 x23:00000061 x15:00000000
16955501ns          287462 1c00821a 428b07b3 p.mac            x15, x22, x8        x15=00000000 x15:00000000 x22:0000009f  x8:00000000
16955521ns          287463 1c00821e 07c72403 lw               x8, 124(x14)         x8=00000001 x14:10000444  PA:100004c0
16955580ns          287466 1c008220 428a87b3 p.mac            x15, x21, x8        x15=0000009e x15:00000000 x21:0000009e  x8:00000001
16955600ns          287467 1c008224 0bc72403 lw               x8, 188(x14)         x8=00000001 x14:10000444  PA:10000500
16955680ns          287471 1c008228 428a07b3 p.mac            x15, x20, x8        x15=00000102 x15:0000009e x20:00000064  x8:00000001
16955700ns          287472 1c00822c 0fc72403 lw               x8, 252(x14)         x8=00000000 x14:10000444  PA:10000540
16955759ns          287475 1c008230 428087b3 p.mac            x15, x1, x8         x15=00000102 x15:00000102  x1:00000065  x8:00000000
16955779ns          287476 1c008234 13c72403 lw               x8, 316(x14)         x8=00000000 x14:10000444  PA:10000580
16955839ns          287479 1c008238 428387b3 p.mac            x15, x7, x8         x15=00000102 x15:00000102  x7:0000009b  x8:00000000
16955859ns          287480 1c00823c 17c72403 lw               x8, 380(x14)         x8=00000000 x14:10000444  PA:100005c0
16955919ns          287483 1c008240 428287b3 p.mac            x15, x5, x8         x15=00000102 x15:00000102  x5:0000009a  x8:00000000
16955938ns          287484 1c008244 1bc72403 lw               x8, 444(x14)         x8=00000000 x14:10000444  PA:10000600
16955998ns          287487 1c008248 428f87b3 p.mac            x15, x31, x8        x15=00000102 x15:00000102 x31:00000068  x8:00000000
16956018ns          287488 1c00824c 1fc72403 lw               x8, 508(x14)         x8=00000000 x14:10000444  PA:10000640
16956078ns          287491 1c008250 428f07b3 p.mac            x15, x30, x8        x15=00000102 x15:00000102 x30:00000069  x8:00000000
16956098ns          287492 1c008254 23c72403 lw               x8, 572(x14)         x8=00000001 x14:10000444  PA:10000680
16956157ns          287495 1c008258 428e87b3 p.mac            x15, x29, x8        x15=00000199 x15:00000102 x29:00000097  x8:00000001
16956177ns          287496 1c00825c 27c72403 lw               x8, 636(x14)         x8=00000000 x14:10000444  PA:100006c0
16956237ns          287499 1c008260 428e07b3 p.mac            x15, x28, x8        x15=00000199 x15:00000199 x28:00000096  x8:00000000
16956257ns          287500 1c008264 2bc72403 lw               x8, 700(x14)         x8=00000001 x14:10000444  PA:10000700
16956316ns          287503 1c008268 428307b3 p.mac            x15, x6, x8         x15=00000205 x15:00000199  x6:0000006c  x8:00000001
16956336ns          287504 1c00826c 2fc72403 lw               x8, 764(x14)         x8=00000000 x14:10000444  PA:10000740
16956396ns          287507 1c008270 428887b3 p.mac            x15, x17, x8        x15=00000205 x15:00000205 x17:0000006d  x8:00000000
16956416ns          287508 1c008274 33c72403 lw               x8, 828(x14)         x8=00000000 x14:10000444  PA:10000780
16956476ns          287511 1c008278 428807b3 p.mac            x15, x16, x8        x15=00000205 x15:00000205 x16:00000093  x8:00000000
16956495ns          287512 1c00827c 37c72403 lw               x8, 892(x14)         x8=00000000 x14:10000444  PA:100007c0
16956555ns          287515 1c008280 428507b3 p.mac            x15, x10, x8        x15=00000205 x15:00000205 x10:00000092  x8:00000000
16956575ns          287516 1c008284 3bc72403 lw               x8, 956(x14)         x8=00000000 x14:10000444  PA:10000800
16956635ns          287519 1c008288 428587b3 p.mac            x15, x11, x8        x15=00000205 x15:00000205 x11:00000070  x8:00000000
16956655ns          287520 1c00828c 00f6222b p.sw             x15, 4(x12!)        x12=100009c4 x15:00000205 x12:100009c0  PA:100009c0
16956694ns          287522 1c008290 001c0c13 addi             x24, x24, 1         x24=00000007 x24:00000006
16956714ns          287523 1c008292 100c4c33 p.exths          x24, x24, x0        x24=00000007 x24:00000007
16956734ns          287524 1c008296 01800633 add              x12, x0, x24        x12=00000007 x24:00000007
16956754ns          287525 1c0081bc 00661613 slli             x12, x12, 0x6       x12=000001c0 x12:00000007
16956774ns          287526 1c0081be 00cd07b3 add              x15, x26, x12       x15=100001c4 x26:10000004 x12:000001c0
16956794ns          287527 1c0081c2 0007ab83 lw               x23, 0(x15)         x23=00000090 x15:100001c4  PA:100001c4
16956814ns          287528 1c0081c6 0047ab03 lw               x22, 4(x15)         x22=00000072 x15:100001c4  PA:100001c8
16956834ns          287529 1c0081ca 0087aa83 lw               x21, 8(x15)         x21=00000073 x15:100001c4  PA:100001cc
16956853ns          287530 1c0081ce 00c7aa03 lw               x20, 12(x15)        x20=0000008d x15:100001c4  PA:100001d0
16956873ns          287531 1c0081d2 0107a083 lw               x1, 16(x15)          x1=0000008c x15:100001c4  PA:100001d4
16956893ns          287532 1c0081d6 0147a383 lw               x7, 20(x15)          x7=00000076 x15:100001c4  PA:100001d8
16956913ns          287533 1c0081da 0187a283 lw               x5, 24(x15)          x5=00000077 x15:100001c4  PA:100001dc
16956933ns          287534 1c0081de 01c7af83 lw               x31, 28(x15)        x31=00000089 x15:100001c4  PA:100001e0
16956953ns          287535 1c0081e2 0207af03 lw               x30, 32(x15)        x30=00000088 x15:100001c4  PA:100001e4
16956973ns          287536 1c0081e6 0247ae83 lw               x29, 36(x15)        x29=0000007a x15:100001c4  PA:100001e8
16956993ns          287537 1c0081ea 0287ae03 lw               x28, 40(x15)        x28=0000007b x15:100001c4  PA:100001ec
16957013ns          287538 1c0081ee 02c7a303 lw               x6, 44(x15)          x6=00000085 x15:100001c4  PA:100001f0
16957032ns          287539 1c0081f2 0307a883 lw               x17, 48(x15)        x17=00000084 x15:100001c4  PA:100001f4
16957052ns          287540 1c0081f6 0347a803 lw               x16, 52(x15)        x16=0000007e x15:100001c4  PA:100001f8
16957072ns          287541 1c0081fa 0387a503 lw               x10, 56(x15)        x10=0000007f x15:100001c4  PA:100001fc
16957092ns          287542 1c0081fc 03c7a583 lw               x11, 60(x15)        x11=00000081 x15:100001c4  PA:10000200
16957112ns          287543 1c0081fe 100017b7 lui              x15, 0x10001000     x15=10001000
16957132ns          287544 1c008202 80478793 addi             x15, x15, -2044     x15=10000804 x15:10001000
16957152ns          287545 1c008206 01900733 add              x14, x0, x25        x14=10000404 x25:10000404
16957172ns          287546 1c008208 00f60633 add              x12, x12, x15       x12=100009c4 x12:000001c0 x15:10000804
16957192ns          287547 1c00820a 01000693 addi             x13, x0, 16         x13=00000010
16957212ns          287548 1c00820c 0406c0fb lp.setup         0x1, x13, 0x40      x13:00000010
16957231ns          287549 1c008210 0047278b p.lw             x15, 4(x14!)        x15=00000001 x14=10000408 x14:10000404  PA:10000404
16957251ns          287550 1c008214 03c72403 lw               x8, 60(x14)          x8=00000000 x14:10000408  PA:10000444
16957271ns          287551 1c008216 02fb87b3 mul              x15, x23, x15       x15=00000090 x23:00000090 x15:00000001
16957291ns          287552 1c00821a 428b07b3 p.mac            x15, x22, x8        x15=00000090 x15:00000090 x22:00000072  x8:00000000
16957311ns          287553 1c00821e 07c72403 lw               x8, 124(x14)         x8=00000001 x14:10000408  PA:10000484
16957371ns          287556 1c008220 428a87b3 p.mac            x15, x21, x8        x15=00000103 x15:00000090 x21:00000073  x8:00000001
16957391ns          287557 1c008224 0bc72403 lw               x8, 188(x14)         x8=00000000 x14:10000408  PA:100004c4
16957470ns          287561 1c008228 428a07b3 p.mac            x15, x20, x8        x15=00000103 x15:00000103 x20:0000008d  x8:00000000
16957490ns          287562 1c00822c 0fc72403 lw               x8, 252(x14)         x8=00000000 x14:10000408  PA:10000504
16957550ns          287565 1c008230 428087b3 p.mac            x15, x1, x8         x15=00000103 x15:00000103  x1:0000008c  x8:00000000
16957570ns          287566 1c008234 13c72403 lw               x8, 316(x14)         x8=00000001 x14:10000408  PA:10000544
16957629ns          287569 1c008238 428387b3 p.mac            x15, x7, x8         x15=00000179 x15:00000103  x7:00000076  x8:00000001
16957649ns          287570 1c00823c 17c72403 lw               x8, 380(x14)         x8=00000000 x14:10000408  PA:10000584
16957709ns          287573 1c008240 428287b3 p.mac            x15, x5, x8         x15=00000179 x15:00000179  x5:00000077  x8:00000000
16957729ns          287574 1c008244 1bc72403 lw               x8, 444(x14)         x8=00000000 x14:10000408  PA:100005c4
16957788ns          287577 1c008248 428f87b3 p.mac            x15, x31, x8        x15=00000179 x15:00000179 x31:00000089  x8:00000000
16957808ns          287578 1c00824c 1fc72403 lw               x8, 508(x14)         x8=00000000 x14:10000408  PA:10000604
16957868ns          287581 1c008250 428f07b3 p.mac            x15, x30, x8        x15=00000179 x15:00000179 x30:00000088  x8:00000000
16957888ns          287582 1c008254 23c72403 lw               x8, 572(x14)         x8=00000000 x14:10000408  PA:10000644
16957947ns          287585 1c008258 428e87b3 p.mac            x15, x29, x8        x15=00000179 x15:00000179 x29:0000007a  x8:00000000
16957967ns          287586 1c00825c 27c72403 lw               x8, 636(x14)         x8=00000000 x14:10000408  PA:10000684
16958027ns          287589 1c008260 428e07b3 p.mac            x15, x28, x8        x15=00000179 x15:00000179 x28:0000007b  x8:00000000
16958047ns          287590 1c008264 2bc72403 lw               x8, 700(x14)         x8=00000001 x14:10000408  PA:100006c4
16958107ns          287593 1c008268 428307b3 p.mac            x15, x6, x8         x15=000001fe x15:00000179  x6:00000085  x8:00000001
16958126ns          287594 1c00826c 2fc72403 lw               x8, 764(x14)         x8=00000000 x14:10000408  PA:10000704
16958186ns          287597 1c008270 428887b3 p.mac            x15, x17, x8        x15=000001fe x15:000001fe x17:00000084  x8:00000000
16958206ns          287598 1c008274 33c72403 lw               x8, 828(x14)         x8=00000000 x14:10000408  PA:10000744
16958266ns          287601 1c008278 428807b3 p.mac            x15, x16, x8        x15=000001fe x15:000001fe x16:0000007e  x8:00000000
16958286ns          287602 1c00827c 37c72403 lw               x8, 892(x14)         x8=00000000 x14:10000408  PA:10000784
16958345ns          287605 1c008280 428507b3 p.mac            x15, x10, x8        x15=000001fe x15:000001fe x10:0000007f  x8:00000000
16958365ns          287606 1c008284 3bc72403 lw               x8, 956(x14)         x8=00000000 x14:10000408  PA:100007c4
16958425ns          287609 1c008288 428587b3 p.mac            x15, x11, x8        x15=000001fe x15:000001fe x11:00000081  x8:00000000
16958445ns          287610 1c00828c 00f6222b p.sw             x15, 4(x12!)        x12=100009c8 x15:000001fe x12:100009c4  PA:100009c4
16958485ns          287612 1c008210 0047278b p.lw             x15, 4(x14!)        x15=00000000 x14=1000040c x14:10000408  PA:10000408
16958504ns          287613 1c008214 03c72403 lw               x8, 60(x14)          x8=00000000 x14:1000040c  PA:10000448
16958524ns          287614 1c008216 02fb87b3 mul              x15, x23, x15       x15=00000000 x23:00000090 x15:00000000
16958544ns          287615 1c00821a 428b07b3 p.mac            x15, x22, x8        x15=00000000 x15:00000000 x22:00000072  x8:00000000
16958564ns          287616 1c00821e 07c72403 lw               x8, 124(x14)         x8=00000001 x14:1000040c  PA:10000488
16958624ns          287619 1c008220 428a87b3 p.mac            x15, x21, x8        x15=00000073 x15:00000000 x21:00000073  x8:00000001
16958644ns          287620 1c008224 0bc72403 lw               x8, 188(x14)         x8=00000000 x14:1000040c  PA:100004c8
16958723ns          287624 1c008228 428a07b3 p.mac            x15, x20, x8        x15=00000073 x15:00000073 x20:0000008d  x8:00000000
16958743ns          287625 1c00822c 0fc72403 lw               x8, 252(x14)         x8=00000000 x14:1000040c  PA:10000508
16958803ns          287628 1c008230 428087b3 p.mac            x15, x1, x8         x15=00000073 x15:00000073  x1:0000008c  x8:00000000
16958823ns          287629 1c008234 13c72403 lw               x8, 316(x14)         x8=00000000 x14:1000040c  PA:10000548
16958882ns          287632 1c008238 428387b3 p.mac            x15, x7, x8         x15=00000073 x15:00000073  x7:00000076  x8:00000000
16958902ns          287633 1c00823c 17c72403 lw               x8, 380(x14)         x8=00000000 x14:1000040c  PA:10000588
16958962ns          287636 1c008240 428287b3 p.mac            x15, x5, x8         x15=00000073 x15:00000073  x5:00000077  x8:00000000
16958982ns          287637 1c008244 1bc72403 lw               x8, 444(x14)         x8=00000000 x14:1000040c  PA:100005c8
16959041ns          287640 1c008248 428f87b3 p.mac            x15, x31, x8        x15=00000073 x15:00000073 x31:00000089  x8:00000000
16959061ns          287641 1c00824c 1fc72403 lw               x8, 508(x14)         x8=00000000 x14:1000040c  PA:10000608
16959121ns          287644 1c008250 428f07b3 p.mac            x15, x30, x8        x15=00000073 x15:00000073 x30:00000088  x8:00000000
16959141ns          287645 1c008254 23c72403 lw               x8, 572(x14)         x8=00000000 x14:1000040c  PA:10000648
16959201ns          287648 1c008258 428e87b3 p.mac            x15, x29, x8        x15=00000073 x15:00000073 x29:0000007a  x8:00000000
16959220ns          287649 1c00825c 27c72403 lw               x8, 636(x14)         x8=00000000 x14:1000040c  PA:10000688
16959280ns          287652 1c008260 428e07b3 p.mac            x15, x28, x8        x15=00000073 x15:00000073 x28:0000007b  x8:00000000
16959300ns          287653 1c008264 2bc72403 lw               x8, 700(x14)         x8=00000001 x14:1000040c  PA:100006c8
16959360ns          287656 1c008268 428307b3 p.mac            x15, x6, x8         x15=000000f8 x15:00000073  x6:00000085  x8:00000001
16959380ns          287657 1c00826c 2fc72403 lw               x8, 764(x14)         x8=00000000 x14:1000040c  PA:10000708
16959439ns          287660 1c008270 428887b3 p.mac            x15, x17, x8        x15=000000f8 x15:000000f8 x17:00000084  x8:00000000
16959459ns          287661 1c008274 33c72403 lw               x8, 828(x14)         x8=00000001 x14:1000040c  PA:10000748
16959519ns          287664 1c008278 428807b3 p.mac            x15, x16, x8        x15=00000176 x15:000000f8 x16:0000007e  x8:00000001
16959539ns          287665 1c00827c 37c72403 lw               x8, 892(x14)         x8=00000000 x14:1000040c  PA:10000788
16959598ns          287668 1c008280 428507b3 p.mac            x15, x10, x8        x15=00000176 x15:00000176 x10:0000007f  x8:00000000
16959618ns          287669 1c008284 3bc72403 lw               x8, 956(x14)         x8=00000001 x14:1000040c  PA:100007c8
16959678ns          287672 1c008288 428587b3 p.mac            x15, x11, x8        x15=000001f7 x15:00000176 x11:00000081  x8:00000001
16959698ns          287673 1c00828c 00f6222b p.sw             x15, 4(x12!)        x12=100009cc x15:000001f7 x12:100009c8  PA:100009c8
16959738ns          287675 1c008210 0047278b p.lw             x15, 4(x14!)        x15=00000000 x14=10000410 x14:1000040c  PA:1000040c
16959758ns          287676 1c008214 03c72403 lw               x8, 60(x14)          x8=00000000 x14:10000410  PA:1000044c
16959777ns          287677 1c008216 02fb87b3 mul              x15, x23, x15       x15=00000000 x23:00000090 x15:00000000
16959797ns          287678 1c00821a 428b07b3 p.mac            x15, x22, x8        x15=00000000 x15:00000000 x22:00000072  x8:00000000
16959817ns          287679 1c00821e 07c72403 lw               x8, 124(x14)         x8=00000001 x14:10000410  PA:1000048c
16959877ns          287682 1c008220 428a87b3 p.mac            x15, x21, x8        x15=00000073 x15:00000000 x21:00000073  x8:00000001
16959897ns          287683 1c008224 0bc72403 lw               x8, 188(x14)         x8=00000000 x14:10000410  PA:100004cc
16959976ns          287687 1c008228 428a07b3 p.mac            x15, x20, x8        x15=00000073 x15:00000073 x20:0000008d  x8:00000000
16959996ns          287688 1c00822c 0fc72403 lw               x8, 252(x14)         x8=00000000 x14:10000410  PA:1000050c
16960056ns          287691 1c008230 428087b3 p.mac            x15, x1, x8         x15=00000073 x15:00000073  x1:0000008c  x8:00000000
16960076ns          287692 1c008234 13c72403 lw               x8, 316(x14)         x8=00000000 x14:10000410  PA:1000054c
16960135ns          287695 1c008238 428387b3 p.mac            x15, x7, x8         x15=00000073 x15:00000073  x7:00000076  x8:00000000
16960155ns          287696 1c00823c 17c72403 lw               x8, 380(x14)         x8=00000000 x14:10000410  PA:1000058c
16960215ns          287699 1c008240 428287b3 p.mac            x15, x5, x8         x15=00000073 x15:00000073  x5:00000077  x8:00000000
16960235ns          287700 1c008244 1bc72403 lw               x8, 444(x14)         x8=00000000 x14:10000410  PA:100005cc
16960295ns          287703 1c008248 428f87b3 p.mac            x15, x31, x8        x15=00000073 x15:00000073 x31:00000089  x8:00000000
16960314ns          287704 1c00824c 1fc72403 lw               x8, 508(x14)         x8=00000000 x14:10000410  PA:1000060c
16960374ns          287707 1c008250 428f07b3 p.mac            x15, x30, x8        x15=00000073 x15:00000073 x30:00000088  x8:00000000
16960394ns          287708 1c008254 23c72403 lw               x8, 572(x14)         x8=00000000 x14:10000410  PA:1000064c
16960454ns          287711 1c008258 428e87b3 p.mac            x15, x29, x8        x15=00000073 x15:00000073 x29:0000007a  x8:00000000
16960474ns          287712 1c00825c 27c72403 lw               x8, 636(x14)         x8=00000001 x14:10000410  PA:1000068c
16960533ns          287715 1c008260 428e07b3 p.mac            x15, x28, x8        x15=000000ee x15:00000073 x28:0000007b  x8:00000001
16960553ns          287716 1c008264 2bc72403 lw               x8, 700(x14)         x8=00000000 x14:10000410  PA:100006cc
16960613ns          287719 1c008268 428307b3 p.mac            x15, x6, x8         x15=000000ee x15:000000ee  x6:00000085  x8:00000000
16960633ns          287720 1c00826c 2fc72403 lw               x8, 764(x14)         x8=00000000 x14:10000410  PA:1000070c
16960692ns          287723 1c008270 428887b3 p.mac            x15, x17, x8        x15=000000ee x15:000000ee x17:00000084  x8:00000000
16960712ns          287724 1c008274 33c72403 lw               x8, 828(x14)         x8=00000000 x14:10000410  PA:1000074c
16960772ns          287727 1c008278 428807b3 p.mac            x15, x16, x8        x15=000000ee x15:000000ee x16:0000007e  x8:00000000
16960792ns          287728 1c00827c 37c72403 lw               x8, 892(x14)         x8=00000000 x14:10000410  PA:1000078c
16960852ns          287731 1c008280 428507b3 p.mac            x15, x10, x8        x15=000000ee x15:000000ee x10:0000007f  x8:00000000
16960871ns          287732 1c008284 3bc72403 lw               x8, 956(x14)         x8=00000000 x14:10000410  PA:100007cc
16960931ns          287735 1c008288 428587b3 p.mac            x15, x11, x8        x15=000000ee x15:000000ee x11:00000081  x8:00000000
16960951ns          287736 1c00828c 00f6222b p.sw             x15, 4(x12!)        x12=100009d0 x15:000000ee x12:100009cc  PA:100009cc
16960991ns          287738 1c008210 0047278b p.lw             x15, 4(x14!)        x15=00000001 x14=10000414 x14:10000410  PA:10000410
16961011ns          287739 1c008214 03c72403 lw               x8, 60(x14)          x8=00000000 x14:10000414  PA:10000450
16961031ns          287740 1c008216 02fb87b3 mul              x15, x23, x15       x15=00000090 x23:00000090 x15:00000001
16961050ns          287741 1c00821a 428b07b3 p.mac            x15, x22, x8        x15=00000090 x15:00000090 x22:00000072  x8:00000000
16961070ns          287742 1c00821e 07c72403 lw               x8, 124(x14)         x8=00000000 x14:10000414  PA:10000490
16961130ns          287745 1c008220 428a87b3 p.mac            x15, x21, x8        x15=00000090 x15:00000090 x21:00000073  x8:00000000
16961150ns          287746 1c008224 0bc72403 lw               x8, 188(x14)         x8=00000000 x14:10000414  PA:100004d0
16961229ns          287750 1c008228 428a07b3 p.mac            x15, x20, x8        x15=00000090 x15:00000090 x20:0000008d  x8:00000000
16961249ns          287751 1c00822c 0fc72403 lw               x8, 252(x14)         x8=00000000 x14:10000414  PA:10000510
16961309ns          287754 1c008230 428087b3 p.mac            x15, x1, x8         x15=00000090 x15:00000090  x1:0000008c  x8:00000000
16961329ns          287755 1c008234 13c72403 lw               x8, 316(x14)         x8=00000000 x14:10000414  PA:10000550
16961389ns          287758 1c008238 428387b3 p.mac            x15, x7, x8         x15=00000090 x15:00000090  x7:00000076  x8:00000000
16961408ns          287759 1c00823c 17c72403 lw               x8, 380(x14)         x8=00000000 x14:10000414  PA:10000590
16961468ns          287762 1c008240 428287b3 p.mac            x15, x5, x8         x15=00000090 x15:00000090  x5:00000077  x8:00000000
16961488ns          287763 1c008244 1bc72403 lw               x8, 444(x14)         x8=00000000 x14:10000414  PA:100005d0
16961548ns          287766 1c008248 428f87b3 p.mac            x15, x31, x8        x15=00000090 x15:00000090 x31:00000089  x8:00000000
16961568ns          287767 1c00824c 1fc72403 lw               x8, 508(x14)         x8=00000000 x14:10000414  PA:10000610
16961627ns          287770 1c008250 428f07b3 p.mac            x15, x30, x8        x15=00000090 x15:00000090 x30:00000088  x8:00000000
16961647ns          287771 1c008254 23c72403 lw               x8, 572(x14)         x8=00000000 x14:10000414  PA:10000650
16961707ns          287774 1c008258 428e87b3 p.mac            x15, x29, x8        x15=00000090 x15:00000090 x29:0000007a  x8:00000000
16961727ns          287775 1c00825c 27c72403 lw               x8, 636(x14)         x8=00000001 x14:10000414  PA:10000690
16961786ns          287778 1c008260 428e07b3 p.mac            x15, x28, x8        x15=0000010b x15:00000090 x28:0000007b  x8:00000001
16961806ns          287779 1c008264 2bc72403 lw               x8, 700(x14)         x8=00000000 x14:10000414  PA:100006d0
16961866ns          287782 1c008268 428307b3 p.mac            x15, x6, x8         x15=0000010b x15:0000010b  x6:00000085  x8:00000000
16961886ns          287783 1c00826c 2fc72403 lw               x8, 764(x14)         x8=00000001 x14:10000414  PA:10000710
16961946ns          287786 1c008270 428887b3 p.mac            x15, x17, x8        x15=0000018f x15:0000010b x17:00000084  x8:00000001
16961965ns          287787 1c008274 33c72403 lw               x8, 828(x14)         x8=00000000 x14:10000414  PA:10000750
16962025ns          287790 1c008278 428807b3 p.mac            x15, x16, x8        x15=0000018f x15:0000018f x16:0000007e  x8:00000000
16962045ns          287791 1c00827c 37c72403 lw               x8, 892(x14)         x8=00000000 x14:10000414  PA:10000790
16962105ns          287794 1c008280 428507b3 p.mac            x15, x10, x8        x15=0000018f x15:0000018f x10:0000007f  x8:00000000
16962125ns          287795 1c008284 3bc72403 lw               x8, 956(x14)         x8=00000000 x14:10000414  PA:100007d0
16962184ns          287798 1c008288 428587b3 p.mac            x15, x11, x8        x15=0000018f x15:0000018f x11:00000081  x8:00000000
16962204ns          287799 1c00828c 00f6222b p.sw             x15, 4(x12!)        x12=100009d4 x15:0000018f x12:100009d0  PA:100009d0
16962244ns          287801 1c008210 0047278b p.lw             x15, 4(x14!)        x15=00000000 x14=10000418 x14:10000414  PA:10000414
16962264ns          287802 1c008214 03c72403 lw               x8, 60(x14)          x8=00000000 x14:10000418  PA:10000454
16962284ns          287803 1c008216 02fb87b3 mul              x15, x23, x15       x15=00000000 x23:00000090 x15:00000000
16962304ns          287804 1c00821a 428b07b3 p.mac            x15, x22, x8        x15=00000000 x15:00000000 x22:00000072  x8:00000000
16962323ns          287805 1c00821e 07c72403 lw               x8, 124(x14)         x8=00000000 x14:10000418  PA:10000494
16962383ns          287808 1c008220 428a87b3 p.mac            x15, x21, x8        x15=00000000 x15:00000000 x21:00000073  x8:00000000
16962403ns          287809 1c008224 0bc72403 lw               x8, 188(x14)         x8=00000000 x14:10000418  PA:100004d4
16962483ns          287813 1c008228 428a07b3 p.mac            x15, x20, x8        x15=00000000 x15:00000000 x20:0000008d  x8:00000000
16962502ns          287814 1c00822c 0fc72403 lw               x8, 252(x14)         x8=00000001 x14:10000418  PA:10000514
16962562ns          287817 1c008230 428087b3 p.mac            x15, x1, x8         x15=0000008c x15:00000000  x1:0000008c  x8:00000001
16962582ns          287818 1c008234 13c72403 lw               x8, 316(x14)         x8=00000000 x14:10000418  PA:10000554
16962642ns          287821 1c008238 428387b3 p.mac            x15, x7, x8         x15=0000008c x15:0000008c  x7:00000076  x8:00000000
16962662ns          287822 1c00823c 17c72403 lw               x8, 380(x14)         x8=00000000 x14:10000418  PA:10000594
16962721ns          287825 1c008240 428287b3 p.mac            x15, x5, x8         x15=0000008c x15:0000008c  x5:00000077  x8:00000000
16962741ns          287826 1c008244 1bc72403 lw               x8, 444(x14)         x8=00000000 x14:10000418  PA:100005d4
16962801ns          287829 1c008248 428f87b3 p.mac            x15, x31, x8        x15=0000008c x15:0000008c x31:00000089  x8:00000000
16962821ns          287830 1c00824c 1fc72403 lw               x8, 508(x14)         x8=00000000 x14:10000418  PA:10000614
16962880ns          287833 1c008250 428f07b3 p.mac            x15, x30, x8        x15=0000008c x15:0000008c x30:00000088  x8:00000000
16962900ns          287834 1c008254 23c72403 lw               x8, 572(x14)         x8=00000001 x14:10000418  PA:10000654
16962960ns          287837 1c008258 428e87b3 p.mac            x15, x29, x8        x15=00000106 x15:0000008c x29:0000007a  x8:00000001
16962980ns          287838 1c00825c 27c72403 lw               x8, 636(x14)         x8=00000000 x14:10000418  PA:10000694
16963039ns          287841 1c008260 428e07b3 p.mac            x15, x28, x8        x15=00000106 x15:00000106 x28:0000007b  x8:00000000
16963059ns          287842 1c008264 2bc72403 lw               x8, 700(x14)         x8=00000000 x14:10000418  PA:100006d4
16963119ns          287845 1c008268 428307b3 p.mac            x15, x6, x8         x15=00000106 x15:00000106  x6:00000085  x8:00000000
16963139ns          287846 1c00826c 2fc72403 lw               x8, 764(x14)         x8=00000000 x14:10000418  PA:10000714
16963199ns          287849 1c008270 428887b3 p.mac            x15, x17, x8        x15=00000106 x15:00000106 x17:00000084  x8:00000000
16963219ns          287850 1c008274 33c72403 lw               x8, 828(x14)         x8=00000000 x14:10000418  PA:10000754
16963278ns          287853 1c008278 428807b3 p.mac            x15, x16, x8        x15=00000106 x15:00000106 x16:0000007e  x8:00000000
16963298ns          287854 1c00827c 37c72403 lw               x8, 892(x14)         x8=00000000 x14:10000418  PA:10000794
16963358ns          287857 1c008280 428507b3 p.mac            x15, x10, x8        x15=00000106 x15:00000106 x10:0000007f  x8:00000000
16963378ns          287858 1c008284 3bc72403 lw               x8, 956(x14)         x8=00000000 x14:10000418  PA:100007d4
16963437ns          287861 1c008288 428587b3 p.mac            x15, x11, x8        x15=00000106 x15:00000106 x11:00000081  x8:00000000
16963457ns          287862 1c00828c 00f6222b p.sw             x15, 4(x12!)        x12=100009d8 x15:00000106 x12:100009d4  PA:100009d4
16963497ns          287864 1c008210 0047278b p.lw             x15, 4(x14!)        x15=00000000 x14=1000041c x14:10000418  PA:10000418
16963517ns          287865 1c008214 03c72403 lw               x8, 60(x14)          x8=00000000 x14:1000041c  PA:10000458
16963537ns          287866 1c008216 02fb87b3 mul              x15, x23, x15       x15=00000000 x23:00000090 x15:00000000
16963557ns          287867 1c00821a 428b07b3 p.mac            x15, x22, x8        x15=00000000 x15:00000000 x22:00000072  x8:00000000
16963577ns          287868 1c00821e 07c72403 lw               x8, 124(x14)         x8=00000000 x14:1000041c  PA:10000498
16963636ns          287871 1c008220 428a87b3 p.mac            x15, x21, x8        x15=00000000 x15:00000000 x21:00000073  x8:00000000
16963656ns          287872 1c008224 0bc72403 lw               x8, 188(x14)         x8=00000000 x14:1000041c  PA:100004d8
16963736ns          287876 1c008228 428a07b3 p.mac            x15, x20, x8        x15=00000000 x15:00000000 x20:0000008d  x8:00000000
16963756ns          287877 1c00822c 0fc72403 lw               x8, 252(x14)         x8=00000000 x14:1000041c  PA:10000518
16963815ns          287880 1c008230 428087b3 p.mac            x15, x1, x8         x15=00000000 x15:00000000  x1:0000008c  x8:00000000
16963835ns          287881 1c008234 13c72403 lw               x8, 316(x14)         x8=00000000 x14:1000041c  PA:10000558
16963895ns          287884 1c008238 428387b3 p.mac            x15, x7, x8         x15=00000000 x15:00000000  x7:00000076  x8:00000000
16963915ns          287885 1c00823c 17c72403 lw               x8, 380(x14)         x8=00000000 x14:1000041c  PA:10000598
16963974ns          287888 1c008240 428287b3 p.mac            x15, x5, x8         x15=00000000 x15:00000000  x5:00000077  x8:00000000
16963994ns          287889 1c008244 1bc72403 lw               x8, 444(x14)         x8=00000000 x14:1000041c  PA:100005d8
16964054ns          287892 1c008248 428f87b3 p.mac            x15, x31, x8        x15=00000000 x15:00000000 x31:00000089  x8:00000000
16964074ns          287893 1c00824c 1fc72403 lw               x8, 508(x14)         x8=00000000 x14:1000041c  PA:10000618
16964133ns          287896 1c008250 428f07b3 p.mac            x15, x30, x8        x15=00000000 x15:00000000 x30:00000088  x8:00000000
16964153ns          287897 1c008254 23c72403 lw               x8, 572(x14)         x8=00000000 x14:1000041c  PA:10000658
16964213ns          287900 1c008258 428e87b3 p.mac            x15, x29, x8        x15=00000000 x15:00000000 x29:0000007a  x8:00000000
16964233ns          287901 1c00825c 27c72403 lw               x8, 636(x14)         x8=00000000 x14:1000041c  PA:10000698
16964293ns          287904 1c008260 428e07b3 p.mac            x15, x28, x8        x15=00000000 x15:00000000 x28:0000007b  x8:00000000
16964313ns          287905 1c008264 2bc72403 lw               x8, 700(x14)         x8=00000000 x14:1000041c  PA:100006d8
16964372ns          287908 1c008268 428307b3 p.mac            x15, x6, x8         x15=00000000 x15:00000000  x6:00000085  x8:00000000
16964392ns          287909 1c00826c 2fc72403 lw               x8, 764(x14)         x8=00000000 x14:1000041c  PA:10000718
16964452ns          287912 1c008270 428887b3 p.mac            x15, x17, x8        x15=00000000 x15:00000000 x17:00000084  x8:00000000
16964472ns          287913 1c008274 33c72403 lw               x8, 828(x14)         x8=00000000 x14:1000041c  PA:10000758
16964531ns          287916 1c008278 428807b3 p.mac            x15, x16, x8        x15=00000000 x15:00000000 x16:0000007e  x8:00000000
16964551ns          287917 1c00827c 37c72403 lw               x8, 892(x14)         x8=00000000 x14:1000041c  PA:10000798
16964611ns          287920 1c008280 428507b3 p.mac            x15, x10, x8        x15=00000000 x15:00000000 x10:0000007f  x8:00000000
16964631ns          287921 1c008284 3bc72403 lw               x8, 956(x14)         x8=00000000 x14:1000041c  PA:100007d8
16964690ns          287924 1c008288 428587b3 p.mac            x15, x11, x8        x15=00000000 x15:00000000 x11:00000081  x8:00000000
16964710ns          287925 1c00828c 00f6222b p.sw             x15, 4(x12!)        x12=100009dc x15:00000000 x12:100009d8  PA:100009d8
16964750ns          287927 1c008210 0047278b p.lw             x15, 4(x14!)        x15=00000000 x14=10000420 x14:1000041c  PA:1000041c
16964770ns          287928 1c008214 03c72403 lw               x8, 60(x14)          x8=00000001 x14:10000420  PA:1000045c
16964790ns          287929 1c008216 02fb87b3 mul              x15, x23, x15       x15=00000000 x23:00000090 x15:00000000
16964810ns          287930 1c00821a 428b07b3 p.mac            x15, x22, x8        x15=00000072 x15:00000000 x22:00000072  x8:00000001
16964830ns          287931 1c00821e 07c72403 lw               x8, 124(x14)         x8=00000001 x14:10000420  PA:1000049c
16964889ns          287934 1c008220 428a87b3 p.mac            x15, x21, x8        x15=000000e5 x15:00000072 x21:00000073  x8:00000001
16964909ns          287935 1c008224 0bc72403 lw               x8, 188(x14)         x8=00000000 x14:10000420  PA:100004dc
16964989ns          287939 1c008228 428a07b3 p.mac            x15, x20, x8        x15=000000e5 x15:000000e5 x20:0000008d  x8:00000000
16965009ns          287940 1c00822c 0fc72403 lw               x8, 252(x14)         x8=00000000 x14:10000420  PA:1000051c
16965068ns          287943 1c008230 428087b3 p.mac            x15, x1, x8         x15=000000e5 x15:000000e5  x1:0000008c  x8:00000000
16965088ns          287944 1c008234 13c72403 lw               x8, 316(x14)         x8=00000001 x14:10000420  PA:1000055c
16965148ns          287947 1c008238 428387b3 p.mac            x15, x7, x8         x15=0000015b x15:000000e5  x7:00000076  x8:00000001
16965168ns          287948 1c00823c 17c72403 lw               x8, 380(x14)         x8=00000000 x14:10000420  PA:1000059c
16965227ns          287951 1c008240 428287b3 p.mac            x15, x5, x8         x15=0000015b x15:0000015b  x5:00000077  x8:00000000
16965247ns          287952 1c008244 1bc72403 lw               x8, 444(x14)         x8=00000000 x14:10000420  PA:100005dc
16965307ns          287955 1c008248 428f87b3 p.mac            x15, x31, x8        x15=0000015b x15:0000015b x31:00000089  x8:00000000
16965327ns          287956 1c00824c 1fc72403 lw               x8, 508(x14)         x8=00000000 x14:10000420  PA:1000061c
16965387ns          287959 1c008250 428f07b3 p.mac            x15, x30, x8        x15=0000015b x15:0000015b x30:00000088  x8:00000000
16965406ns          287960 1c008254 23c72403 lw               x8, 572(x14)         x8=00000000 x14:10000420  PA:1000065c
16965466ns          287963 1c008258 428e87b3 p.mac            x15, x29, x8        x15=0000015b x15:0000015b x29:0000007a  x8:00000000
16965486ns          287964 1c00825c 27c72403 lw               x8, 636(x14)         x8=00000000 x14:10000420  PA:1000069c
16965546ns          287967 1c008260 428e07b3 p.mac            x15, x28, x8        x15=0000015b x15:0000015b x28:0000007b  x8:00000000
16965566ns          287968 1c008264 2bc72403 lw               x8, 700(x14)         x8=00000000 x14:10000420  PA:100006dc
16965625ns          287971 1c008268 428307b3 p.mac            x15, x6, x8         x15=0000015b x15:0000015b  x6:00000085  x8:00000000
16965645ns          287972 1c00826c 2fc72403 lw               x8, 764(x14)         x8=00000000 x14:10000420  PA:1000071c
16965705ns          287975 1c008270 428887b3 p.mac            x15, x17, x8        x15=0000015b x15:0000015b x17:00000084  x8:00000000
16965725ns          287976 1c008274 33c72403 lw               x8, 828(x14)         x8=00000000 x14:10000420  PA:1000075c
16965784ns          287979 1c008278 428807b3 p.mac            x15, x16, x8        x15=0000015b x15:0000015b x16:0000007e  x8:00000000
16965804ns          287980 1c00827c 37c72403 lw               x8, 892(x14)         x8=00000000 x14:10000420  PA:1000079c
16965864ns          287983 1c008280 428507b3 p.mac            x15, x10, x8        x15=0000015b x15:0000015b x10:0000007f  x8:00000000
16965884ns          287984 1c008284 3bc72403 lw               x8, 956(x14)         x8=00000000 x14:10000420  PA:100007dc
16965944ns          287987 1c008288 428587b3 p.mac            x15, x11, x8        x15=0000015b x15:0000015b x11:00000081  x8:00000000
16965963ns          287988 1c00828c 00f6222b p.sw             x15, 4(x12!)        x12=100009e0 x15:0000015b x12:100009dc  PA:100009dc
16966003ns          287990 1c008210 0047278b p.lw             x15, 4(x14!)        x15=00000000 x14=10000424 x14:10000420  PA:10000420
16966023ns          287991 1c008214 03c72403 lw               x8, 60(x14)          x8=00000000 x14:10000424  PA:10000460
16966043ns          287992 1c008216 02fb87b3 mul              x15, x23, x15       x15=00000000 x23:00000090 x15:00000000
16966063ns          287993 1c00821a 428b07b3 p.mac            x15, x22, x8        x15=00000000 x15:00000000 x22:00000072  x8:00000000
16966083ns          287994 1c00821e 07c72403 lw               x8, 124(x14)         x8=00000000 x14:10000424  PA:100004a0
16966142ns          287997 1c008220 428a87b3 p.mac            x15, x21, x8        x15=00000000 x15:00000000 x21:00000073  x8:00000000
16966162ns          287998 1c008224 0bc72403 lw               x8, 188(x14)         x8=00000000 x14:10000424  PA:100004e0
16966242ns          288002 1c008228 428a07b3 p.mac            x15, x20, x8        x15=00000000 x15:00000000 x20:0000008d  x8:00000000
16966262ns          288003 1c00822c 0fc72403 lw               x8, 252(x14)         x8=00000000 x14:10000424  PA:10000520
16966321ns          288006 1c008230 428087b3 p.mac            x15, x1, x8         x15=00000000 x15:00000000  x1:0000008c  x8:00000000
16966341ns          288007 1c008234 13c72403 lw               x8, 316(x14)         x8=00000000 x14:10000424  PA:10000560
16966401ns          288010 1c008238 428387b3 p.mac            x15, x7, x8         x15=00000000 x15:00000000  x7:00000076  x8:00000000
16966421ns          288011 1c00823c 17c72403 lw               x8, 380(x14)         x8=00000000 x14:10000424  PA:100005a0
16966481ns          288014 1c008240 428287b3 p.mac            x15, x5, x8         x15=00000000 x15:00000000  x5:00000077  x8:00000000
16966500ns          288015 1c008244 1bc72403 lw               x8, 444(x14)         x8=00000000 x14:10000424  PA:100005e0
16966560ns          288018 1c008248 428f87b3 p.mac            x15, x31, x8        x15=00000000 x15:00000000 x31:00000089  x8:00000000
16966580ns          288019 1c00824c 1fc72403 lw               x8, 508(x14)         x8=00000001 x14:10000424  PA:10000620
16966640ns          288022 1c008250 428f07b3 p.mac            x15, x30, x8        x15=00000088 x15:00000000 x30:00000088  x8:00000001
16966660ns          288023 1c008254 23c72403 lw               x8, 572(x14)         x8=00000000 x14:10000424  PA:10000660
16966719ns          288026 1c008258 428e87b3 p.mac            x15, x29, x8        x15=00000088 x15:00000088 x29:0000007a  x8:00000000
16966739ns          288027 1c00825c 27c72403 lw               x8, 636(x14)         x8=00000000 x14:10000424  PA:100006a0
16966799ns          288030 1c008260 428e07b3 p.mac            x15, x28, x8        x15=00000088 x15:00000088 x28:0000007b  x8:00000000
16966819ns          288031 1c008264 2bc72403 lw               x8, 700(x14)         x8=00000000 x14:10000424  PA:100006e0
16966878ns          288034 1c008268 428307b3 p.mac            x15, x6, x8         x15=00000088 x15:00000088  x6:00000085  x8:00000000
16966898ns          288035 1c00826c 2fc72403 lw               x8, 764(x14)         x8=00000001 x14:10000424  PA:10000720
16966958ns          288038 1c008270 428887b3 p.mac            x15, x17, x8        x15=0000010c x15:00000088 x17:00000084  x8:00000001
16966978ns          288039 1c008274 33c72403 lw               x8, 828(x14)         x8=00000000 x14:10000424  PA:10000760
16967038ns          288042 1c008278 428807b3 p.mac            x15, x16, x8        x15=0000010c x15:0000010c x16:0000007e  x8:00000000
16967057ns          288043 1c00827c 37c72403 lw               x8, 892(x14)         x8=00000000 x14:10000424  PA:100007a0
16967117ns          288046 1c008280 428507b3 p.mac            x15, x10, x8        x15=0000010c x15:0000010c x10:0000007f  x8:00000000
16967137ns          288047 1c008284 3bc72403 lw               x8, 956(x14)         x8=00000000 x14:10000424  PA:100007e0
16967197ns          288050 1c008288 428587b3 p.mac            x15, x11, x8        x15=0000010c x15:0000010c x11:00000081  x8:00000000
16967217ns          288051 1c00828c 00f6222b p.sw             x15, 4(x12!)        x12=100009e4 x15:0000010c x12:100009e0  PA:100009e0
16967256ns          288053 1c008210 0047278b p.lw             x15, 4(x14!)        x15=00000000 x14=10000428 x14:10000424  PA:10000424
16967276ns          288054 1c008214 03c72403 lw               x8, 60(x14)          x8=00000000 x14:10000428  PA:10000464
16967296ns          288055 1c008216 02fb87b3 mul              x15, x23, x15       x15=00000000 x23:00000090 x15:00000000
16967316ns          288056 1c00821a 428b07b3 p.mac            x15, x22, x8        x15=00000000 x15:00000000 x22:00000072  x8:00000000
16967336ns          288057 1c00821e 07c72403 lw               x8, 124(x14)         x8=00000001 x14:10000428  PA:100004a4
16967396ns          288060 1c008220 428a87b3 p.mac            x15, x21, x8        x15=00000073 x15:00000000 x21:00000073  x8:00000001
16967415ns          288061 1c008224 0bc72403 lw               x8, 188(x14)         x8=00000000 x14:10000428  PA:100004e4
16967495ns          288065 1c008228 428a07b3 p.mac            x15, x20, x8        x15=00000073 x15:00000073 x20:0000008d  x8:00000000
16967515ns          288066 1c00822c 0fc72403 lw               x8, 252(x14)         x8=00000000 x14:10000428  PA:10000524
16967575ns          288069 1c008230 428087b3 p.mac            x15, x1, x8         x15=00000073 x15:00000073  x1:0000008c  x8:00000000
16967594ns          288070 1c008234 13c72403 lw               x8, 316(x14)         x8=00000000 x14:10000428  PA:10000564
16967654ns          288073 1c008238 428387b3 p.mac            x15, x7, x8         x15=00000073 x15:00000073  x7:00000076  x8:00000000
16967674ns          288074 1c00823c 17c72403 lw               x8, 380(x14)         x8=00000000 x14:10000428  PA:100005a4
16967734ns          288077 1c008240 428287b3 p.mac            x15, x5, x8         x15=00000073 x15:00000073  x5:00000077  x8:00000000
16967754ns          288078 1c008244 1bc72403 lw               x8, 444(x14)         x8=00000000 x14:10000428  PA:100005e4
16967813ns          288081 1c008248 428f87b3 p.mac            x15, x31, x8        x15=00000073 x15:00000073 x31:00000089  x8:00000000
16967833ns          288082 1c00824c 1fc72403 lw               x8, 508(x14)         x8=00000000 x14:10000428  PA:10000624
16967893ns          288085 1c008250 428f07b3 p.mac            x15, x30, x8        x15=00000073 x15:00000073 x30:00000088  x8:00000000
16967913ns          288086 1c008254 23c72403 lw               x8, 572(x14)         x8=00000000 x14:10000428  PA:10000664
16967972ns          288089 1c008258 428e87b3 p.mac            x15, x29, x8        x15=00000073 x15:00000073 x29:0000007a  x8:00000000
16967992ns          288090 1c00825c 27c72403 lw               x8, 636(x14)         x8=00000000 x14:10000428  PA:100006a4
16968052ns          288093 1c008260 428e07b3 p.mac            x15, x28, x8        x15=00000073 x15:00000073 x28:0000007b  x8:00000000
16968072ns          288094 1c008264 2bc72403 lw               x8, 700(x14)         x8=00000000 x14:10000428  PA:100006e4
16968132ns          288097 1c008268 428307b3 p.mac            x15, x6, x8         x15=00000073 x15:00000073  x6:00000085  x8:00000000
16968151ns          288098 1c00826c 2fc72403 lw               x8, 764(x14)         x8=00000001 x14:10000428  PA:10000724
16968211ns          288101 1c008270 428887b3 p.mac            x15, x17, x8        x15=000000f7 x15:00000073 x17:00000084  x8:00000001
16968231ns          288102 1c008274 33c72403 lw               x8, 828(x14)         x8=00000001 x14:10000428  PA:10000764
16968291ns          288105 1c008278 428807b3 p.mac            x15, x16, x8        x15=00000175 x15:000000f7 x16:0000007e  x8:00000001
16968311ns          288106 1c00827c 37c72403 lw               x8, 892(x14)         x8=00000000 x14:10000428  PA:100007a4
16968370ns          288109 1c008280 428507b3 p.mac            x15, x10, x8        x15=00000175 x15:00000175 x10:0000007f  x8:00000000
16968390ns          288110 1c008284 3bc72403 lw               x8, 956(x14)         x8=00000000 x14:10000428  PA:100007e4
16968450ns          288113 1c008288 428587b3 p.mac            x15, x11, x8        x15=00000175 x15:00000175 x11:00000081  x8:00000000
16968470ns          288114 1c00828c 00f6222b p.sw             x15, 4(x12!)        x12=100009e8 x15:00000175 x12:100009e4  PA:100009e4
16968509ns          288116 1c008210 0047278b p.lw             x15, 4(x14!)        x15=00000000 x14=1000042c x14:10000428  PA:10000428
16968529ns          288117 1c008214 03c72403 lw               x8, 60(x14)          x8=00000000 x14:1000042c  PA:10000468
16968549ns          288118 1c008216 02fb87b3 mul              x15, x23, x15       x15=00000000 x23:00000090 x15:00000000
16968569ns          288119 1c00821a 428b07b3 p.mac            x15, x22, x8        x15=00000000 x15:00000000 x22:00000072  x8:00000000
16968589ns          288120 1c00821e 07c72403 lw               x8, 124(x14)         x8=00000000 x14:1000042c  PA:100004a8
16968649ns          288123 1c008220 428a87b3 p.mac            x15, x21, x8        x15=00000000 x15:00000000 x21:00000073  x8:00000000
16968669ns          288124 1c008224 0bc72403 lw               x8, 188(x14)         x8=00000000 x14:1000042c  PA:100004e8
16968748ns          288128 1c008228 428a07b3 p.mac            x15, x20, x8        x15=00000000 x15:00000000 x20:0000008d  x8:00000000
16968768ns          288129 1c00822c 0fc72403 lw               x8, 252(x14)         x8=00000000 x14:1000042c  PA:10000528
16968828ns          288132 1c008230 428087b3 p.mac            x15, x1, x8         x15=00000000 x15:00000000  x1:0000008c  x8:00000000
16968848ns          288133 1c008234 13c72403 lw               x8, 316(x14)         x8=00000000 x14:1000042c  PA:10000568
16968907ns          288136 1c008238 428387b3 p.mac            x15, x7, x8         x15=00000000 x15:00000000  x7:00000076  x8:00000000
16968927ns          288137 1c00823c 17c72403 lw               x8, 380(x14)         x8=00000000 x14:1000042c  PA:100005a8
16968987ns          288140 1c008240 428287b3 p.mac            x15, x5, x8         x15=00000000 x15:00000000  x5:00000077  x8:00000000
16969007ns          288141 1c008244 1bc72403 lw               x8, 444(x14)         x8=00000000 x14:1000042c  PA:100005e8
16969066ns          288144 1c008248 428f87b3 p.mac            x15, x31, x8        x15=00000000 x15:00000000 x31:00000089  x8:00000000
16969086ns          288145 1c00824c 1fc72403 lw               x8, 508(x14)         x8=00000000 x14:1000042c  PA:10000628
16969146ns          288148 1c008250 428f07b3 p.mac            x15, x30, x8        x15=00000000 x15:00000000 x30:00000088  x8:00000000
16969166ns          288149 1c008254 23c72403 lw               x8, 572(x14)         x8=00000000 x14:1000042c  PA:10000668
16969226ns          288152 1c008258 428e87b3 p.mac            x15, x29, x8        x15=00000000 x15:00000000 x29:0000007a  x8:00000000
16969245ns          288153 1c00825c 27c72403 lw               x8, 636(x14)         x8=00000000 x14:1000042c  PA:100006a8
16969305ns          288156 1c008260 428e07b3 p.mac            x15, x28, x8        x15=00000000 x15:00000000 x28:0000007b  x8:00000000
16969325ns          288157 1c008264 2bc72403 lw               x8, 700(x14)         x8=00000000 x14:1000042c  PA:100006e8
16969385ns          288160 1c008268 428307b3 p.mac            x15, x6, x8         x15=00000000 x15:00000000  x6:00000085  x8:00000000
16969405ns          288161 1c00826c 2fc72403 lw               x8, 764(x14)         x8=00000000 x14:1000042c  PA:10000728
16969464ns          288164 1c008270 428887b3 p.mac            x15, x17, x8        x15=00000000 x15:00000000 x17:00000084  x8:00000000
16969484ns          288165 1c008274 33c72403 lw               x8, 828(x14)         x8=00000000 x14:1000042c  PA:10000768
16969544ns          288168 1c008278 428807b3 p.mac            x15, x16, x8        x15=00000000 x15:00000000 x16:0000007e  x8:00000000
16969564ns          288169 1c00827c 37c72403 lw               x8, 892(x14)         x8=00000000 x14:1000042c  PA:100007a8
16969623ns          288172 1c008280 428507b3 p.mac            x15, x10, x8        x15=00000000 x15:00000000 x10:0000007f  x8:00000000
16969643ns          288173 1c008284 3bc72403 lw               x8, 956(x14)         x8=00000000 x14:1000042c  PA:100007e8
16969703ns          288176 1c008288 428587b3 p.mac            x15, x11, x8        x15=00000000 x15:00000000 x11:00000081  x8:00000000
16969723ns          288177 1c00828c 00f6222b p.sw             x15, 4(x12!)        x12=100009ec x15:00000000 x12:100009e8  PA:100009e8
16969763ns          288179 1c008210 0047278b p.lw             x15, 4(x14!)        x15=00000000 x14=10000430 x14:1000042c  PA:1000042c
16969782ns          288180 1c008214 03c72403 lw               x8, 60(x14)          x8=00000000 x14:10000430  PA:1000046c
16969802ns          288181 1c008216 02fb87b3 mul              x15, x23, x15       x15=00000000 x23:00000090 x15:00000000
16969822ns          288182 1c00821a 428b07b3 p.mac            x15, x22, x8        x15=00000000 x15:00000000 x22:00000072  x8:00000000
16969842ns          288183 1c00821e 07c72403 lw               x8, 124(x14)         x8=00000000 x14:10000430  PA:100004ac
16969902ns          288186 1c008220 428a87b3 p.mac            x15, x21, x8        x15=00000000 x15:00000000 x21:00000073  x8:00000000
16969922ns          288187 1c008224 0bc72403 lw               x8, 188(x14)         x8=00000000 x14:10000430  PA:100004ec
16970001ns          288191 1c008228 428a07b3 p.mac            x15, x20, x8        x15=00000000 x15:00000000 x20:0000008d  x8:00000000
16970021ns          288192 1c00822c 0fc72403 lw               x8, 252(x14)         x8=00000000 x14:10000430  PA:1000052c
16970081ns          288195 1c008230 428087b3 p.mac            x15, x1, x8         x15=00000000 x15:00000000  x1:0000008c  x8:00000000
16970101ns          288196 1c008234 13c72403 lw               x8, 316(x14)         x8=00000000 x14:10000430  PA:1000056c
16970160ns          288199 1c008238 428387b3 p.mac            x15, x7, x8         x15=00000000 x15:00000000  x7:00000076  x8:00000000
16970180ns          288200 1c00823c 17c72403 lw               x8, 380(x14)         x8=00000001 x14:10000430  PA:100005ac
16970240ns          288203 1c008240 428287b3 p.mac            x15, x5, x8         x15=00000077 x15:00000000  x5:00000077  x8:00000001
16970260ns          288204 1c008244 1bc72403 lw               x8, 444(x14)         x8=00000000 x14:10000430  PA:100005ec
16970320ns          288207 1c008248 428f87b3 p.mac            x15, x31, x8        x15=00000077 x15:00000077 x31:00000089  x8:00000000
16970339ns          288208 1c00824c 1fc72403 lw               x8, 508(x14)         x8=00000000 x14:10000430  PA:1000062c
16970399ns          288211 1c008250 428f07b3 p.mac            x15, x30, x8        x15=00000077 x15:00000077 x30:00000088  x8:00000000
16970419ns          288212 1c008254 23c72403 lw               x8, 572(x14)         x8=00000000 x14:10000430  PA:1000066c
16970479ns          288215 1c008258 428e87b3 p.mac            x15, x29, x8        x15=00000077 x15:00000077 x29:0000007a  x8:00000000
16970499ns          288216 1c00825c 27c72403 lw               x8, 636(x14)         x8=00000001 x14:10000430  PA:100006ac
16970558ns          288219 1c008260 428e07b3 p.mac            x15, x28, x8        x15=000000f2 x15:00000077 x28:0000007b  x8:00000001
16970578ns          288220 1c008264 2bc72403 lw               x8, 700(x14)         x8=00000000 x14:10000430  PA:100006ec
16970638ns          288223 1c008268 428307b3 p.mac            x15, x6, x8         x15=000000f2 x15:000000f2  x6:00000085  x8:00000000
16970658ns          288224 1c00826c 2fc72403 lw               x8, 764(x14)         x8=00000000 x14:10000430  PA:1000072c
16970717ns          288227 1c008270 428887b3 p.mac            x15, x17, x8        x15=000000f2 x15:000000f2 x17:00000084  x8:00000000
16970737ns          288228 1c008274 33c72403 lw               x8, 828(x14)         x8=00000000 x14:10000430  PA:1000076c
16970797ns          288231 1c008278 428807b3 p.mac            x15, x16, x8        x15=000000f2 x15:000000f2 x16:0000007e  x8:00000000
16970817ns          288232 1c00827c 37c72403 lw               x8, 892(x14)         x8=00000000 x14:10000430  PA:100007ac
16970876ns          288235 1c008280 428507b3 p.mac            x15, x10, x8        x15=000000f2 x15:000000f2 x10:0000007f  x8:00000000
16970896ns          288236 1c008284 3bc72403 lw               x8, 956(x14)         x8=00000000 x14:10000430  PA:100007ec
16970956ns          288239 1c008288 428587b3 p.mac            x15, x11, x8        x15=000000f2 x15:000000f2 x11:00000081  x8:00000000
16970976ns          288240 1c00828c 00f6222b p.sw             x15, 4(x12!)        x12=100009f0 x15:000000f2 x12:100009ec  PA:100009ec
16971016ns          288242 1c008210 0047278b p.lw             x15, 4(x14!)        x15=00000000 x14=10000434 x14:10000430  PA:10000430
16971036ns          288243 1c008214 03c72403 lw               x8, 60(x14)          x8=00000000 x14:10000434  PA:10000470
16971055ns          288244 1c008216 02fb87b3 mul              x15, x23, x15       x15=00000000 x23:00000090 x15:00000000
16971075ns          288245 1c00821a 428b07b3 p.mac            x15, x22, x8        x15=00000000 x15:00000000 x22:00000072  x8:00000000
16971095ns          288246 1c00821e 07c72403 lw               x8, 124(x14)         x8=00000000 x14:10000434  PA:100004b0
16971155ns          288249 1c008220 428a87b3 p.mac            x15, x21, x8        x15=00000000 x15:00000000 x21:00000073  x8:00000000
16971175ns          288250 1c008224 0bc72403 lw               x8, 188(x14)         x8=00000001 x14:10000434  PA:100004f0
16971254ns          288254 1c008228 428a07b3 p.mac            x15, x20, x8        x15=0000008d x15:00000000 x20:0000008d  x8:00000001
16971274ns          288255 1c00822c 0fc72403 lw               x8, 252(x14)         x8=00000001 x14:10000434  PA:10000530
16971334ns          288258 1c008230 428087b3 p.mac            x15, x1, x8         x15=00000119 x15:0000008d  x1:0000008c  x8:00000001
16971354ns          288259 1c008234 13c72403 lw               x8, 316(x14)         x8=00000000 x14:10000434  PA:10000570
16971413ns          288262 1c008238 428387b3 p.mac            x15, x7, x8         x15=00000119 x15:00000119  x7:00000076  x8:00000000
16971433ns          288263 1c00823c 17c72403 lw               x8, 380(x14)         x8=00000000 x14:10000434  PA:100005b0
16971493ns          288266 1c008240 428287b3 p.mac            x15, x5, x8         x15=00000119 x15:00000119  x5:00000077  x8:00000000
16971513ns          288267 1c008244 1bc72403 lw               x8, 444(x14)         x8=00000000 x14:10000434  PA:100005f0
16971573ns          288270 1c008248 428f87b3 p.mac            x15, x31, x8        x15=00000119 x15:00000119 x31:00000089  x8:00000000
16971593ns          288271 1c00824c 1fc72403 lw               x8, 508(x14)         x8=00000000 x14:10000434  PA:10000630
16971652ns          288274 1c008250 428f07b3 p.mac            x15, x30, x8        x15=00000119 x15:00000119 x30:00000088  x8:00000000
16971672ns          288275 1c008254 23c72403 lw               x8, 572(x14)         x8=00000000 x14:10000434  PA:10000670
16971732ns          288278 1c008258 428e87b3 p.mac            x15, x29, x8        x15=00000119 x15:00000119 x29:0000007a  x8:00000000
16971752ns          288279 1c00825c 27c72403 lw               x8, 636(x14)         x8=00000001 x14:10000434  PA:100006b0
16971811ns          288282 1c008260 428e07b3 p.mac            x15, x28, x8        x15=00000194 x15:00000119 x28:0000007b  x8:00000001
16971831ns          288283 1c008264 2bc72403 lw               x8, 700(x14)         x8=00000000 x14:10000434  PA:100006f0
16971891ns          288286 1c008268 428307b3 p.mac            x15, x6, x8         x15=00000194 x15:00000194  x6:00000085  x8:00000000
16971911ns          288287 1c00826c 2fc72403 lw               x8, 764(x14)         x8=00000001 x14:10000434  PA:10000730
16971970ns          288290 1c008270 428887b3 p.mac            x15, x17, x8        x15=00000218 x15:00000194 x17:00000084  x8:00000001
16971990ns          288291 1c008274 33c72403 lw               x8, 828(x14)         x8=00000000 x14:10000434  PA:10000770
16972050ns          288294 1c008278 428807b3 p.mac            x15, x16, x8        x15=00000218 x15:00000218 x16:0000007e  x8:00000000
16972070ns          288295 1c00827c 37c72403 lw               x8, 892(x14)         x8=00000000 x14:10000434  PA:100007b0
16972130ns          288298 1c008280 428507b3 p.mac            x15, x10, x8        x15=00000218 x15:00000218 x10:0000007f  x8:00000000
16972149ns          288299 1c008284 3bc72403 lw               x8, 956(x14)         x8=00000000 x14:10000434  PA:100007f0
16972209ns          288302 1c008288 428587b3 p.mac            x15, x11, x8        x15=00000218 x15:00000218 x11:00000081  x8:00000000
16972229ns          288303 1c00828c 00f6222b p.sw             x15, 4(x12!)        x12=100009f4 x15:00000218 x12:100009f0  PA:100009f0
16972269ns          288305 1c008210 0047278b p.lw             x15, 4(x14!)        x15=00000000 x14=10000438 x14:10000434  PA:10000434
16972289ns          288306 1c008214 03c72403 lw               x8, 60(x14)          x8=00000000 x14:10000438  PA:10000474
16972309ns          288307 1c008216 02fb87b3 mul              x15, x23, x15       x15=00000000 x23:00000090 x15:00000000
16972328ns          288308 1c00821a 428b07b3 p.mac            x15, x22, x8        x15=00000000 x15:00000000 x22:00000072  x8:00000000
16972348ns          288309 1c00821e 07c72403 lw               x8, 124(x14)         x8=00000000 x14:10000438  PA:100004b4
16972408ns          288312 1c008220 428a87b3 p.mac            x15, x21, x8        x15=00000000 x15:00000000 x21:00000073  x8:00000000
16972428ns          288313 1c008224 0bc72403 lw               x8, 188(x14)         x8=00000001 x14:10000438  PA:100004f4
16972507ns          288317 1c008228 428a07b3 p.mac            x15, x20, x8        x15=0000008d x15:00000000 x20:0000008d  x8:00000001
16972527ns          288318 1c00822c 0fc72403 lw               x8, 252(x14)         x8=00000000 x14:10000438  PA:10000534
16972587ns          288321 1c008230 428087b3 p.mac            x15, x1, x8         x15=0000008d x15:0000008d  x1:0000008c  x8:00000000
16972607ns          288322 1c008234 13c72403 lw               x8, 316(x14)         x8=00000000 x14:10000438  PA:10000574
16972667ns          288325 1c008238 428387b3 p.mac            x15, x7, x8         x15=0000008d x15:0000008d  x7:00000076  x8:00000000
16972687ns          288326 1c00823c 17c72403 lw               x8, 380(x14)         x8=00000000 x14:10000438  PA:100005b4
16972746ns          288329 1c008240 428287b3 p.mac            x15, x5, x8         x15=0000008d x15:0000008d  x5:00000077  x8:00000000
16972766ns          288330 1c008244 1bc72403 lw               x8, 444(x14)         x8=00000000 x14:10000438  PA:100005f4
16972826ns          288333 1c008248 428f87b3 p.mac            x15, x31, x8        x15=0000008d x15:0000008d x31:00000089  x8:00000000
16972846ns          288334 1c00824c 1fc72403 lw               x8, 508(x14)         x8=00000000 x14:10000438  PA:10000634
16972905ns          288337 1c008250 428f07b3 p.mac            x15, x30, x8        x15=0000008d x15:0000008d x30:00000088  x8:00000000
16972925ns          288338 1c008254 23c72403 lw               x8, 572(x14)         x8=00000000 x14:10000438  PA:10000674
16972985ns          288341 1c008258 428e87b3 p.mac            x15, x29, x8        x15=0000008d x15:0000008d x29:0000007a  x8:00000000
16973005ns          288342 1c00825c 27c72403 lw               x8, 636(x14)         x8=00000000 x14:10000438  PA:100006b4
16973064ns          288345 1c008260 428e07b3 p.mac            x15, x28, x8        x15=0000008d x15:0000008d x28:0000007b  x8:00000000
16973084ns          288346 1c008264 2bc72403 lw               x8, 700(x14)         x8=00000000 x14:10000438  PA:100006f4
16973144ns          288349 1c008268 428307b3 p.mac            x15, x6, x8         x15=0000008d x15:0000008d  x6:00000085  x8:00000000
16973164ns          288350 1c00826c 2fc72403 lw               x8, 764(x14)         x8=00000000 x14:10000438  PA:10000734
16973224ns          288353 1c008270 428887b3 p.mac            x15, x17, x8        x15=0000008d x15:0000008d x17:00000084  x8:00000000
16973243ns          288354 1c008274 33c72403 lw               x8, 828(x14)         x8=00000000 x14:10000438  PA:10000774
16973303ns          288357 1c008278 428807b3 p.mac            x15, x16, x8        x15=0000008d x15:0000008d x16:0000007e  x8:00000000
16973323ns          288358 1c00827c 37c72403 lw               x8, 892(x14)         x8=00000000 x14:10000438  PA:100007b4
16973383ns          288361 1c008280 428507b3 p.mac            x15, x10, x8        x15=0000008d x15:0000008d x10:0000007f  x8:00000000
16973403ns          288362 1c008284 3bc72403 lw               x8, 956(x14)         x8=00000000 x14:10000438  PA:100007f4
16973462ns          288365 1c008288 428587b3 p.mac            x15, x11, x8        x15=0000008d x15:0000008d x11:00000081  x8:00000000
16973482ns          288366 1c00828c 00f6222b p.sw             x15, 4(x12!)        x12=100009f8 x15:0000008d x12:100009f4  PA:100009f4
16973522ns          288368 1c008210 0047278b p.lw             x15, 4(x14!)        x15=00000000 x14=1000043c x14:10000438  PA:10000438
16973542ns          288369 1c008214 03c72403 lw               x8, 60(x14)          x8=00000000 x14:1000043c  PA:10000478
16973562ns          288370 1c008216 02fb87b3 mul              x15, x23, x15       x15=00000000 x23:00000090 x15:00000000
16973582ns          288371 1c00821a 428b07b3 p.mac            x15, x22, x8        x15=00000000 x15:00000000 x22:00000072  x8:00000000
16973601ns          288372 1c00821e 07c72403 lw               x8, 124(x14)         x8=00000001 x14:1000043c  PA:100004b8
16973661ns          288375 1c008220 428a87b3 p.mac            x15, x21, x8        x15=00000073 x15:00000000 x21:00000073  x8:00000001
16973681ns          288376 1c008224 0bc72403 lw               x8, 188(x14)         x8=00000000 x14:1000043c  PA:100004f8
16973761ns          288380 1c008228 428a07b3 p.mac            x15, x20, x8        x15=00000073 x15:00000073 x20:0000008d  x8:00000000
16973780ns          288381 1c00822c 0fc72403 lw               x8, 252(x14)         x8=00000000 x14:1000043c  PA:10000538
16973840ns          288384 1c008230 428087b3 p.mac            x15, x1, x8         x15=00000073 x15:00000073  x1:0000008c  x8:00000000
16973860ns          288385 1c008234 13c72403 lw               x8, 316(x14)         x8=00000000 x14:1000043c  PA:10000578
16973920ns          288388 1c008238 428387b3 p.mac            x15, x7, x8         x15=00000073 x15:00000073  x7:00000076  x8:00000000
16973940ns          288389 1c00823c 17c72403 lw               x8, 380(x14)         x8=00000000 x14:1000043c  PA:100005b8
16973999ns          288392 1c008240 428287b3 p.mac            x15, x5, x8         x15=00000073 x15:00000073  x5:00000077  x8:00000000
16974019ns          288393 1c008244 1bc72403 lw               x8, 444(x14)         x8=00000001 x14:1000043c  PA:100005f8
16974079ns          288396 1c008248 428f87b3 p.mac            x15, x31, x8        x15=000000fc x15:00000073 x31:00000089  x8:00000001
16974099ns          288397 1c00824c 1fc72403 lw               x8, 508(x14)         x8=00000001 x14:1000043c  PA:10000638
16974158ns          288400 1c008250 428f07b3 p.mac            x15, x30, x8        x15=00000184 x15:000000fc x30:00000088  x8:00000001
16974178ns          288401 1c008254 23c72403 lw               x8, 572(x14)         x8=00000000 x14:1000043c  PA:10000678
16974238ns          288404 1c008258 428e87b3 p.mac            x15, x29, x8        x15=00000184 x15:00000184 x29:0000007a  x8:00000000
16974258ns          288405 1c00825c 27c72403 lw               x8, 636(x14)         x8=00000001 x14:1000043c  PA:100006b8
16974318ns          288408 1c008260 428e07b3 p.mac            x15, x28, x8        x15=000001ff x15:00000184 x28:0000007b  x8:00000001
16974337ns          288409 1c008264 2bc72403 lw               x8, 700(x14)         x8=00000000 x14:1000043c  PA:100006f8
16974397ns          288412 1c008268 428307b3 p.mac            x15, x6, x8         x15=000001ff x15:000001ff  x6:00000085  x8:00000000
16974417ns          288413 1c00826c 2fc72403 lw               x8, 764(x14)         x8=00000001 x14:1000043c  PA:10000738
16974477ns          288416 1c008270 428887b3 p.mac            x15, x17, x8        x15=00000283 x15:000001ff x17:00000084  x8:00000001
16974497ns          288417 1c008274 33c72403 lw               x8, 828(x14)         x8=00000000 x14:1000043c  PA:10000778
16974556ns          288420 1c008278 428807b3 p.mac            x15, x16, x8        x15=00000283 x15:00000283 x16:0000007e  x8:00000000
16974576ns          288421 1c00827c 37c72403 lw               x8, 892(x14)         x8=00000000 x14:1000043c  PA:100007b8
16974636ns          288424 1c008280 428507b3 p.mac            x15, x10, x8        x15=00000283 x15:00000283 x10:0000007f  x8:00000000
16974656ns          288425 1c008284 3bc72403 lw               x8, 956(x14)         x8=00000000 x14:1000043c  PA:100007f8
16974715ns          288428 1c008288 428587b3 p.mac            x15, x11, x8        x15=00000283 x15:00000283 x11:00000081  x8:00000000
16974735ns          288429 1c00828c 00f6222b p.sw             x15, 4(x12!)        x12=100009fc x15:00000283 x12:100009f8  PA:100009f8
16974775ns          288431 1c008210 0047278b p.lw             x15, 4(x14!)        x15=00000000 x14=10000440 x14:1000043c  PA:1000043c
16974795ns          288432 1c008214 03c72403 lw               x8, 60(x14)          x8=00000000 x14:10000440  PA:1000047c
16974815ns          288433 1c008216 02fb87b3 mul              x15, x23, x15       x15=00000000 x23:00000090 x15:00000000
16974835ns          288434 1c00821a 428b07b3 p.mac            x15, x22, x8        x15=00000000 x15:00000000 x22:00000072  x8:00000000
16974855ns          288435 1c00821e 07c72403 lw               x8, 124(x14)         x8=00000000 x14:10000440  PA:100004bc
16974914ns          288438 1c008220 428a87b3 p.mac            x15, x21, x8        x15=00000000 x15:00000000 x21:00000073  x8:00000000
16974934ns          288439 1c008224 0bc72403 lw               x8, 188(x14)         x8=00000000 x14:10000440  PA:100004fc
16975014ns          288443 1c008228 428a07b3 p.mac            x15, x20, x8        x15=00000000 x15:00000000 x20:0000008d  x8:00000000
16975034ns          288444 1c00822c 0fc72403 lw               x8, 252(x14)         x8=00000000 x14:10000440  PA:1000053c
16975093ns          288447 1c008230 428087b3 p.mac            x15, x1, x8         x15=00000000 x15:00000000  x1:0000008c  x8:00000000
16975113ns          288448 1c008234 13c72403 lw               x8, 316(x14)         x8=00000000 x14:10000440  PA:1000057c
16975173ns          288451 1c008238 428387b3 p.mac            x15, x7, x8         x15=00000000 x15:00000000  x7:00000076  x8:00000000
16975193ns          288452 1c00823c 17c72403 lw               x8, 380(x14)         x8=00000000 x14:10000440  PA:100005bc
16975252ns          288455 1c008240 428287b3 p.mac            x15, x5, x8         x15=00000000 x15:00000000  x5:00000077  x8:00000000
16975272ns          288456 1c008244 1bc72403 lw               x8, 444(x14)         x8=00000000 x14:10000440  PA:100005fc
16975332ns          288459 1c008248 428f87b3 p.mac            x15, x31, x8        x15=00000000 x15:00000000 x31:00000089  x8:00000000
16975352ns          288460 1c00824c 1fc72403 lw               x8, 508(x14)         x8=00000000 x14:10000440  PA:1000063c
16975412ns          288463 1c008250 428f07b3 p.mac            x15, x30, x8        x15=00000000 x15:00000000 x30:00000088  x8:00000000
16975431ns          288464 1c008254 23c72403 lw               x8, 572(x14)         x8=00000001 x14:10000440  PA:1000067c
16975491ns          288467 1c008258 428e87b3 p.mac            x15, x29, x8        x15=0000007a x15:00000000 x29:0000007a  x8:00000001
16975511ns          288468 1c00825c 27c72403 lw               x8, 636(x14)         x8=00000000 x14:10000440  PA:100006bc
16975571ns          288471 1c008260 428e07b3 p.mac            x15, x28, x8        x15=0000007a x15:0000007a x28:0000007b  x8:00000000
16975591ns          288472 1c008264 2bc72403 lw               x8, 700(x14)         x8=00000001 x14:10000440  PA:100006fc
16975650ns          288475 1c008268 428307b3 p.mac            x15, x6, x8         x15=000000ff x15:0000007a  x6:00000085  x8:00000001
16975670ns          288476 1c00826c 2fc72403 lw               x8, 764(x14)         x8=00000001 x14:10000440  PA:1000073c
16975730ns          288479 1c008270 428887b3 p.mac            x15, x17, x8        x15=00000183 x15:000000ff x17:00000084  x8:00000001
16975750ns          288480 1c008274 33c72403 lw               x8, 828(x14)         x8=00000000 x14:10000440  PA:1000077c
16975809ns          288483 1c008278 428807b3 p.mac            x15, x16, x8        x15=00000183 x15:00000183 x16:0000007e  x8:00000000
16975829ns          288484 1c00827c 37c72403 lw               x8, 892(x14)         x8=00000001 x14:10000440  PA:100007bc
16975889ns          288487 1c008280 428507b3 p.mac            x15, x10, x8        x15=00000202 x15:00000183 x10:0000007f  x8:00000001
16975909ns          288488 1c008284 3bc72403 lw               x8, 956(x14)         x8=00000000 x14:10000440  PA:100007fc
16975968ns          288491 1c008288 428587b3 p.mac            x15, x11, x8        x15=00000202 x15:00000202 x11:00000081  x8:00000000
16975988ns          288492 1c00828c 00f6222b p.sw             x15, 4(x12!)        x12=10000a00 x15:00000202 x12:100009fc  PA:100009fc
16976028ns          288494 1c008210 0047278b p.lw             x15, 4(x14!)        x15=00000000 x14=10000444 x14:10000440  PA:10000440
16976048ns          288495 1c008214 03c72403 lw               x8, 60(x14)          x8=00000000 x14:10000444  PA:10000480
16976068ns          288496 1c008216 02fb87b3 mul              x15, x23, x15       x15=00000000 x23:00000090 x15:00000000
16976088ns          288497 1c00821a 428b07b3 p.mac            x15, x22, x8        x15=00000000 x15:00000000 x22:00000072  x8:00000000
16976108ns          288498 1c00821e 07c72403 lw               x8, 124(x14)         x8=00000001 x14:10000444  PA:100004c0
16976167ns          288501 1c008220 428a87b3 p.mac            x15, x21, x8        x15=00000073 x15:00000000 x21:00000073  x8:00000001
16976187ns          288502 1c008224 0bc72403 lw               x8, 188(x14)         x8=00000001 x14:10000444  PA:10000500
16976267ns          288506 1c008228 428a07b3 p.mac            x15, x20, x8        x15=00000100 x15:00000073 x20:0000008d  x8:00000001
16976287ns          288507 1c00822c 0fc72403 lw               x8, 252(x14)         x8=00000000 x14:10000444  PA:10000540
16976346ns          288510 1c008230 428087b3 p.mac            x15, x1, x8         x15=00000100 x15:00000100  x1:0000008c  x8:00000000
16976366ns          288511 1c008234 13c72403 lw               x8, 316(x14)         x8=00000000 x14:10000444  PA:10000580
16976426ns          288514 1c008238 428387b3 p.mac            x15, x7, x8         x15=00000100 x15:00000100  x7:00000076  x8:00000000
16976446ns          288515 1c00823c 17c72403 lw               x8, 380(x14)         x8=00000000 x14:10000444  PA:100005c0
16976506ns          288518 1c008240 428287b3 p.mac            x15, x5, x8         x15=00000100 x15:00000100  x5:00000077  x8:00000000
16976525ns          288519 1c008244 1bc72403 lw               x8, 444(x14)         x8=00000000 x14:10000444  PA:10000600
16976585ns          288522 1c008248 428f87b3 p.mac            x15, x31, x8        x15=00000100 x15:00000100 x31:00000089  x8:00000000
16976605ns          288523 1c00824c 1fc72403 lw               x8, 508(x14)         x8=00000000 x14:10000444  PA:10000640
16976665ns          288526 1c008250 428f07b3 p.mac            x15, x30, x8        x15=00000100 x15:00000100 x30:00000088  x8:00000000
16976685ns          288527 1c008254 23c72403 lw               x8, 572(x14)         x8=00000001 x14:10000444  PA:10000680
16976744ns          288530 1c008258 428e87b3 p.mac            x15, x29, x8        x15=0000017a x15:00000100 x29:0000007a  x8:00000001
16976764ns          288531 1c00825c 27c72403 lw               x8, 636(x14)         x8=00000000 x14:10000444  PA:100006c0
16976824ns          288534 1c008260 428e07b3 p.mac            x15, x28, x8        x15=0000017a x15:0000017a x28:0000007b  x8:00000000
16976844ns          288535 1c008264 2bc72403 lw               x8, 700(x14)         x8=00000001 x14:10000444  PA:10000700
16976903ns          288538 1c008268 428307b3 p.mac            x15, x6, x8         x15=000001ff x15:0000017a  x6:00000085  x8:00000001
16976923ns          288539 1c00826c 2fc72403 lw               x8, 764(x14)         x8=00000000 x14:10000444  PA:10000740
16976983ns          288542 1c008270 428887b3 p.mac            x15, x17, x8        x15=000001ff x15:000001ff x17:00000084  x8:00000000
16977003ns          288543 1c008274 33c72403 lw               x8, 828(x14)         x8=00000000 x14:10000444  PA:10000780
16977062ns          288546 1c008278 428807b3 p.mac            x15, x16, x8        x15=000001ff x15:000001ff x16:0000007e  x8:00000000
16977082ns          288547 1c00827c 37c72403 lw               x8, 892(x14)         x8=00000000 x14:10000444  PA:100007c0
16977142ns          288550 1c008280 428507b3 p.mac            x15, x10, x8        x15=000001ff x15:000001ff x10:0000007f  x8:00000000
16977162ns          288551 1c008284 3bc72403 lw               x8, 956(x14)         x8=00000000 x14:10000444  PA:10000800
16977222ns          288554 1c008288 428587b3 p.mac            x15, x11, x8        x15=000001ff x15:000001ff x11:00000081  x8:00000000
16977241ns          288555 1c00828c 00f6222b p.sw             x15, 4(x12!)        x12=10000a04 x15:000001ff x12:10000a00  PA:10000a00
16977281ns          288557 1c008290 001c0c13 addi             x24, x24, 1         x24=00000008 x24:00000007
16977301ns          288558 1c008292 100c4c33 p.exths          x24, x24, x0        x24=00000008 x24:00000008
16977321ns          288559 1c008296 01800633 add              x12, x0, x24        x12=00000008 x24:00000008
16977341ns          288560 1c008298 469010ef jal              x1, 7272             x1=1c00829c
16977798ns          288583 1c009f00 f14027f3 csrrs            x15, x0, 0xf14      x15=00000001
16977818ns          288584 1c009f04 01f00713 addi             x14, x0, 31         x14=0000001f
16977838ns          288585 1c009f06 ca5797b3 p.extractu       x15, x15, 5, 5      x15=00000000 x15:00000001
16977858ns          288586 1c009f0a 00e78863 beq              x15, x14, 16        x15:00000000 x14:0000001f
16977878ns          288587 1c009f0e 002047b7 lui              x15, 0x204000       x15=00204000
16977898ns          288588 1c009f12 20078793 addi             x15, x15, 512       x15=00204200 x15:00204000
16977918ns          288589 1c009f16 01c7e703 p.elw            x14, 28(x15)        x14=00010000 x15:00204200  PA:0020421c
16978097ns          288598 1c009f1a 00008067 jalr             x0, x1, 0            x1:1c00829c
16978137ns          288600 1c00829c 000900e7 jalr             x1, x18, 0           x1=1c00829e x18:1c009c32
16978196ns          288603 1c009c32 f14027f3 csrrs            x15, x0, 0xf14      x15=00000001
16978216ns          288604 1c009c36 f457b7b3 p.bclr           x15, x15, 26, 5     x15=00000001 x15:00000001
16978236ns          288605 1c009c3a 00079663 bne              x15, x0, 12         x15:00000001
16978296ns          288608 1c009c46 00008067 jalr             x0, x1, 0            x1:1c00829e
16978335ns          288610 1c00829e 08049363 bne              x9, x0, 134          x9:00000001
16978892ns          288638 1c008324 03c12083 lw               x1, 60(x2)           x1=1c009cdc  x2:10001b58  PA:10001b94
16978912ns          288639 1c008326 03812403 lw               x8, 56(x2)           x8=1c00110c  x2:10001b58  PA:10001b90
16978932ns          288640 1c008328 03412483 lw               x9, 52(x2)           x9=00000000  x2:10001b58  PA:10001b8c
16978952ns          288641 1c00832a 03012903 lw               x18, 48(x2)         x18=1a10b004  x2:10001b58  PA:10001b88
16978972ns          288642 1c00832c 02c12983 lw               x19, 44(x2)         x19=00000001  x2:10001b58  PA:10001b84
16978992ns          288643 1c00832e 02812a03 lw               x20, 40(x2)         x20=1c001110  x2:10001b58  PA:10001b80
16979390ns          288663 1c008330 02412a83 lw               x21, 36(x2)         x21=1c00a000  x2:10001b58  PA:10001b7c
16979410ns          288664 1c008332 02012b03 lw               x22, 32(x2)         x22=1c00a000  x2:10001b58  PA:10001b78
16979429ns          288665 1c008334 01c12b83 lw               x23, 28(x2)         x23=1c000000  x2:10001b58  PA:10001b74
16979449ns          288666 1c008336 01812c03 lw               x24, 24(x2)         x24=1c000000  x2:10001b58  PA:10001b70
16979469ns          288667 1c008338 01412c83 lw               x25, 20(x2)         x25=1c000000  x2:10001b58  PA:10001b6c
16979489ns          288668 1c00833a 01012d03 lw               x26, 16(x2)         x26=1c000000  x2:10001b58  PA:10001b68
16979509ns          288669 1c00833c 00c12d83 lw               x27, 12(x2)         x27=1c001104  x2:10001b58  PA:10001b64
16979529ns          288670 1c00833e 04010113 addi             x2, x2, 64           x2=10001b98  x2:10001b58
16979549ns          288671 1c008340 00008067 jalr             x0, x1, 0            x1:1c009cdc
16979589ns          288673 1c009cdc 00892683 lw               x13, 8(x18)         x13=0000118a x18:1a10b004  PA:1a10b00c
16979967ns          288692 1c009ce0 000a2703 lw               x14, 0(x20)         x14=00000001 x20:1c001110  PA:1c001110
16980265ns          288707 1c009ce4 00d12423 sw               x13, 8(x2)          x13:0000118a  x2:10001b98  PA:10001ba0
16980285ns          288708 1c009ce6 fc0706e3 beq              x14, x0, -52        x14:00000001
16980305ns          288709 1c009ce8 ffcda583 lw               x11, -4(x27)        x11=1c000040 x27:1c001104  PA:1c001100
16980901ns          288739 1c009cec 088d0513 addi             x10, x26, 136       x10=1c000088 x26:1c000000
16980921ns          288740 1c009cf0 dcffe0ef jal              x1, -4658            x1=1c009cf4
16981259ns          288757 1c008abe fc010113 addi             x2, x2, -64          x2=10001b58  x2:10001b98
16981717ns          288780 1c008ac0 02410313 addi             x6, x2, 36           x6=10001b7c  x2:10001b58
16981757ns          288782 1c008ac4 02c12423 sw               x12, 40(x2)         x12:00000008  x2:10001b58  PA:10001b80
16981777ns          288783 1c008ac6 00a00633 add              x12, x0, x10        x12=1c000088 x10:1c000088
16981796ns          288784 1c008ac8 1c009537 lui              x10, 0x1c009000     x10=1c009000
16981816ns          288785 1c008acc 02b12223 sw               x11, 36(x2)         x11:1c000040  x2:10001b58  PA:10001b7c
16981836ns          288786 1c008ace 02d12623 sw               x13, 44(x2)         x13:0000118a  x2:10001b58  PA:10001b84
16982254ns          288807 1c008ad0 00200593 addi             x11, x0, 2          x11=00000002
16982274ns          288808 1c008ad2 006006b3 add              x13, x0, x6         x13=10001b7c  x6:10001b7c
16982294ns          288809 1c008ad4 a5250513 addi             x10, x10, -1454     x10=1c008a52 x10:1c009000
16982314ns          288810 1c008ad8 00112e23 sw               x1, 28(x2)           x1:1c009cf4  x2:10001b58  PA:10001b74
16982334ns          288811 1c008ada 02e12823 sw               x14, 48(x2)         x14:00000001  x2:10001b58  PA:10001b88
16982353ns          288812 1c008adc 02f12a23 sw               x15, 52(x2)         x15:00000001  x2:10001b58  PA:10001b8c
16982373ns          288813 1c008ade 03012c23 sw               x16, 56(x2)         x16:0000007e  x2:10001b58  PA:10001b90
16982771ns          288833 1c008ae0 03112e23 sw               x17, 60(x2)         x17:00000084  x2:10001b58  PA:10001b94
16982791ns          288834 1c008ae2 00612623 sw               x6, 12(x2)           x6:10001b7c  x2:10001b58  PA:10001b64
16982811ns          288835 1c008ae4 fbfff0ef jal              x1, -66              x1=1c008ae6
16982890ns          288839 1c008aa2 04a0006f jal              x0, 74             
16982930ns          288841 1c008aec ed010113 addi             x2, x2, -304         x2=10001a28  x2:10001b58
16982990ns          288844 1c008aee 12812423 sw               x8, 296(x2)          x8:1c00110c  x2:10001a28  PA:10001b50
16983010ns          288845 1c008af2 00000413 addi             x8, x0, 0            x8=00000000
16983030ns          288846 1c008af4 11612823 sw               x22, 272(x2)        x22:1c00a000  x2:10001a28  PA:10001b38
16983050ns          288847 1c008af8 11712623 sw               x23, 268(x2)        x23:1c000000  x2:10001a28  PA:10001b34
16983069ns          288848 1c008afc 11812423 sw               x24, 264(x2)        x24:1c000000  x2:10001a28  PA:10001b30
16983129ns          288851 1c008b00 11912223 sw               x25, 260(x2)        x25:1c000000  x2:10001a28  PA:10001b2c
16983169ns          288853 1c008b04 11a12023 sw               x26, 256(x2)        x26:1c000000  x2:10001a28  PA:10001b28
16983189ns          288854 1c008b08 0fb12e23 sw               x27, 252(x2)        x27:1c001104  x2:10001a28  PA:10001b24
16983209ns          288855 1c008b0a 12112623 sw               x1, 300(x2)          x1:1c008ae6  x2:10001a28  PA:10001b54
16983229ns          288856 1c008b0e 00800db3 add              x27, x0, x8         x27=00000000  x8:00000000
16983268ns          288858 1c008b10 12912223 sw               x9, 292(x2)          x9:00000000  x2:10001a28  PA:10001b4c
16983308ns          288860 1c008b14 13212023 sw               x18, 288(x2)        x18:1a10b004  x2:10001a28  PA:10001b48
16983328ns          288861 1c008b18 11312e23 sw               x19, 284(x2)        x19:00000001  x2:10001a28  PA:10001b44
16983348ns          288862 1c008b1c 11412c23 sw               x20, 280(x2)        x20:1c001110  x2:10001a28  PA:10001b40
16983408ns          288865 1c008b20 11512a23 sw               x21, 276(x2)        x21:1c00a000  x2:10001a28  PA:10001b3c
16983447ns          288867 1c008b24 00a00b33 add              x22, x0, x10        x22=1c008a52 x10:1c008a52
16983467ns          288868 1c008b26 00b00d33 add              x26, x0, x11        x26=00000002 x11:00000002
16983487ns          288869 1c008b28 00d00c33 add              x24, x0, x13        x24=10001b7c x13:10001b7c
16983507ns          288870 1c008b2a 1c000bb7 lui              x23, 0x1c000000     x23=1c000000
16983547ns          288872 1c008b2e 02410c93 addi             x25, x2, 36         x25=10001a4c  x2:10001a28
16983567ns          288873 1c008b32 00c00433 add              x8, x0, x12          x8=1c000088 x12:1c000088
16983587ns          288874 1c008b34 00044503 lbu              x10, 0(x8)          x10=0000003d  x8:1c000088  PA:1c000088
16983885ns          288889 1c008b38 00140413 addi             x8, x8, 1            x8=1c000089  x8:1c000088
16983905ns          288890 1c008b3a 00050e63 beq              x10, x0, 28         x10:0000003d
16983925ns          288891 1c008b3c 02500793 addi             x15, x0, 37         x15=00000025
16983945ns          288892 1c008b40 04f50863 beq              x10, x15, 80        x10:0000003d x15:00000025
16983965ns          288893 1c008b44 01a005b3 add              x11, x0, x26        x11=00000002 x26:00000002
16983984ns          288894 1c008b46 000b00e7 jalr             x1, x22, 0           x1=1c008b48 x22:1c008a52
16984581ns          288924 1c008a52 000026b7 lui              x13, 0x2000         x13=00002000
16984621ns          288926 1c008a54 f14027f3 csrrs            x15, x0, 0xf14      x15=00000001
16984641ns          288927 1c008a58 f8068693 addi             x13, x13, -128      x13=00001f80 x13:00002000
16984661ns          288928 1c008a5c 00379713 slli             x14, x15, 0x3       x14=00000008 x15:00000001
16985039ns          288947 1c008a60 00279793 slli             x15, x15, 0x2       x15=00000004 x15:00000001
16985059ns          288948 1c008a62 00d7f7b3 and              x15, x15, x13       x15=00000000 x15:00000004 x13:00001f80
16985078ns          288949 1c008a64 ee873733 p.bclr           x14, x14, 23, 8     x14=00000008 x14:00000008
16985098ns          288950 1c008a68 1a10f6b7 lui              x13, 0x1a10f000     x13=1a10f000
16985118ns          288951 1c008a6c 0ff57513 andi             x10, x10, 255       x10=0000003d x10:0000003d
16985556ns          288973 1c008a70 00d70733 add              x14, x14, x13       x14=1a10f008 x14:00000008 x13:1a10f000
16985596ns          288975 1c008a72 00a7e723 p.sw             x10, x0(x15)        x10:0000003d x15:00000000  PA:1a10f008
16985993ns          288995 1c008a76 00000513 addi             x10, x0, 0          x10=00000000
16986013ns          288996 1c008a78 00008067 jalr             x0, x1, 0            x1:1c008b48
16986053ns          288998 1c008b48 31f52563 p.beqimm         x10, 778            x10:00000000
16986073ns          288999 1c008b4c 001d8d93 addi             x27, x27, 1         x27=00000001 x27:00000000
16986093ns          289000 1c008b4e 00044503 lbu              x10, 0(x8)          x10=0000003d  x8:1c000089  PA:1c000089
16986391ns          289015 1c008b52 00140413 addi             x8, x8, 1            x8=1c00008a  x8:1c000089
16986411ns          289016 1c008b54 fe0514e3 bne              x10, x0, -24        x10:0000003d
16986471ns          289019 1c008b3c 02500793 addi             x15, x0, 37         x15=00000025
16986491ns          289020 1c008b40 04f50863 beq              x10, x15, 80        x10:0000003d x15:00000025
16986511ns          289021 1c008b44 01a005b3 add              x11, x0, x26        x11=00000002 x26:00000002
16986530ns          289022 1c008b46 000b00e7 jalr             x1, x22, 0           x1=1c008b48 x22:1c008a52
16986570ns          289024 1c008a52 000026b7 lui              x13, 0x2000         x13=00002000
16986590ns          289025 1c008a54 f14027f3 csrrs            x15, x0, 0xf14      x15=00000001
16986610ns          289026 1c008a58 f8068693 addi             x13, x13, -128      x13=00001f80 x13:00002000
16986630ns          289027 1c008a5c 00379713 slli             x14, x15, 0x3       x14=00000008 x15:00000001
16986650ns          289028 1c008a60 00279793 slli             x15, x15, 0x2       x15=00000004 x15:00000001
16986670ns          289029 1c008a62 00d7f7b3 and              x15, x15, x13       x15=00000000 x15:00000004 x13:00001f80
16986690ns          289030 1c008a64 ee873733 p.bclr           x14, x14, 23, 8     x14=00000008 x14:00000008
16986709ns          289031 1c008a68 1a10f6b7 lui              x13, 0x1a10f000     x13=1a10f000
16986729ns          289032 1c008a6c 0ff57513 andi             x10, x10, 255       x10=0000003d x10:0000003d
16986749ns          289033 1c008a70 00d70733 add              x14, x14, x13       x14=1a10f008 x14:00000008 x13:1a10f000
16986769ns          289034 1c008a72 00a7e723 p.sw             x10, x0(x15)        x10:0000003d x15:00000000  PA:1a10f008
16987087ns          289050 1c008a76 00000513 addi             x10, x0, 0          x10=00000000
16987107ns          289051 1c008a78 00008067 jalr             x0, x1, 0            x1:1c008b48
16987147ns          289053 1c008b48 31f52563 p.beqimm         x10, 778            x10:00000000
16987167ns          289054 1c008b4c 001d8d93 addi             x27, x27, 1         x27=00000002 x27:00000001
16987187ns          289055 1c008b4e 00044503 lbu              x10, 0(x8)          x10=00000020  x8:1c00008a  PA:1c00008a
16987485ns          289070 1c008b52 00140413 addi             x8, x8, 1            x8=1c00008b  x8:1c00008a
16987505ns          289071 1c008b54 fe0514e3 bne              x10, x0, -24        x10:00000020
16987565ns          289074 1c008b3c 02500793 addi             x15, x0, 37         x15=00000025
16987585ns          289075 1c008b40 04f50863 beq              x10, x15, 80        x10:00000020 x15:00000025
16987605ns          289076 1c008b44 01a005b3 add              x11, x0, x26        x11=00000002 x26:00000002
16987624ns          289077 1c008b46 000b00e7 jalr             x1, x22, 0           x1=1c008b48 x22:1c008a52
16987664ns          289079 1c008a52 000026b7 lui              x13, 0x2000         x13=00002000
16987684ns          289080 1c008a54 f14027f3 csrrs            x15, x0, 0xf14      x15=00000001
16987704ns          289081 1c008a58 f8068693 addi             x13, x13, -128      x13=00001f80 x13:00002000
16987724ns          289082 1c008a5c 00379713 slli             x14, x15, 0x3       x14=00000008 x15:00000001
16987744ns          289083 1c008a60 00279793 slli             x15, x15, 0x2       x15=00000004 x15:00000001
16987764ns          289084 1c008a62 00d7f7b3 and              x15, x15, x13       x15=00000000 x15:00000004 x13:00001f80
16987784ns          289085 1c008a64 ee873733 p.bclr           x14, x14, 23, 8     x14=00000008 x14:00000008
16987803ns          289086 1c008a68 1a10f6b7 lui              x13, 0x1a10f000     x13=1a10f000
16987823ns          289087 1c008a6c 0ff57513 andi             x10, x10, 255       x10=00000020 x10:00000020
16987843ns          289088 1c008a70 00d70733 add              x14, x14, x13       x14=1a10f008 x14:00000008 x13:1a10f000
16987863ns          289089 1c008a72 00a7e723 p.sw             x10, x0(x15)        x10:00000020 x15:00000000  PA:1a10f008
16988201ns          289106 1c008a76 00000513 addi             x10, x0, 0          x10=00000000
16988221ns          289107 1c008a78 00008067 jalr             x0, x1, 0            x1:1c008b48
16988261ns          289109 1c008b48 31f52563 p.beqimm         x10, 778            x10:00000000
16988281ns          289110 1c008b4c 001d8d93 addi             x27, x27, 1         x27=00000003 x27:00000002
16988301ns          289111 1c008b4e 00044503 lbu              x10, 0(x8)          x10=00000074  x8:1c00008b  PA:1c00008b
16988599ns          289126 1c008b52 00140413 addi             x8, x8, 1            x8=1c00008c  x8:1c00008b
16988619ns          289127 1c008b54 fe0514e3 bne              x10, x0, -24        x10:00000074
16988679ns          289130 1c008b3c 02500793 addi             x15, x0, 37         x15=00000025
16988699ns          289131 1c008b40 04f50863 beq              x10, x15, 80        x10:00000074 x15:00000025
16988718ns          289132 1c008b44 01a005b3 add              x11, x0, x26        x11=00000002 x26:00000002
16988738ns          289133 1c008b46 000b00e7 jalr             x1, x22, 0           x1=1c008b48 x22:1c008a52
16988778ns          289135 1c008a52 000026b7 lui              x13, 0x2000         x13=00002000
16988798ns          289136 1c008a54 f14027f3 csrrs            x15, x0, 0xf14      x15=00000001
16988818ns          289137 1c008a58 f8068693 addi             x13, x13, -128      x13=00001f80 x13:00002000
16988838ns          289138 1c008a5c 00379713 slli             x14, x15, 0x3       x14=00000008 x15:00000001
16988858ns          289139 1c008a60 00279793 slli             x15, x15, 0x2       x15=00000004 x15:00000001
16988878ns          289140 1c008a62 00d7f7b3 and              x15, x15, x13       x15=00000000 x15:00000004 x13:00001f80
16988897ns          289141 1c008a64 ee873733 p.bclr           x14, x14, 23, 8     x14=00000008 x14:00000008
16988917ns          289142 1c008a68 1a10f6b7 lui              x13, 0x1a10f000     x13=1a10f000
16988937ns          289143 1c008a6c 0ff57513 andi             x10, x10, 255       x10=00000074 x10:00000074
16988957ns          289144 1c008a70 00d70733 add              x14, x14, x13       x14=1a10f008 x14:00000008 x13:1a10f000
16988977ns          289145 1c008a72 00a7e723 p.sw             x10, x0(x15)        x10:00000074 x15:00000000  PA:1a10f008
16989295ns          289161 1c008a76 00000513 addi             x10, x0, 0          x10=00000000
16989315ns          289162 1c008a78 00008067 jalr             x0, x1, 0            x1:1c008b48
16989355ns          289164 1c008b48 31f52563 p.beqimm         x10, 778            x10:00000000
16989375ns          289165 1c008b4c 001d8d93 addi             x27, x27, 1         x27=00000004 x27:00000003
16989395ns          289166 1c008b4e 00044503 lbu              x10, 0(x8)          x10=00000065  x8:1c00008c  PA:1c00008c
16989693ns          289181 1c008b52 00140413 addi             x8, x8, 1            x8=1c00008d  x8:1c00008c
16989713ns          289182 1c008b54 fe0514e3 bne              x10, x0, -24        x10:00000065
16989773ns          289185 1c008b3c 02500793 addi             x15, x0, 37         x15=00000025
16989793ns          289186 1c008b40 04f50863 beq              x10, x15, 80        x10:00000065 x15:00000025
16989812ns          289187 1c008b44 01a005b3 add              x11, x0, x26        x11=00000002 x26:00000002
16989832ns          289188 1c008b46 000b00e7 jalr             x1, x22, 0           x1=1c008b48 x22:1c008a52
16989872ns          289190 1c008a52 000026b7 lui              x13, 0x2000         x13=00002000
16989892ns          289191 1c008a54 f14027f3 csrrs            x15, x0, 0xf14      x15=00000001
16989912ns          289192 1c008a58 f8068693 addi             x13, x13, -128      x13=00001f80 x13:00002000
16989932ns          289193 1c008a5c 00379713 slli             x14, x15, 0x3       x14=00000008 x15:00000001
16989952ns          289194 1c008a60 00279793 slli             x15, x15, 0x2       x15=00000004 x15:00000001
16989972ns          289195 1c008a62 00d7f7b3 and              x15, x15, x13       x15=00000000 x15:00000004 x13:00001f80
16989991ns          289196 1c008a64 ee873733 p.bclr           x14, x14, 23, 8     x14=00000008 x14:00000008
16990011ns          289197 1c008a68 1a10f6b7 lui              x13, 0x1a10f000     x13=1a10f000
16990031ns          289198 1c008a6c 0ff57513 andi             x10, x10, 255       x10=00000065 x10:00000065
16990051ns          289199 1c008a70 00d70733 add              x14, x14, x13       x14=1a10f008 x14:00000008 x13:1a10f000
16990071ns          289200 1c008a72 00a7e723 p.sw             x10, x0(x15)        x10:00000065 x15:00000000  PA:1a10f008
16990389ns          289216 1c008a76 00000513 addi             x10, x0, 0          x10=00000000
16990409ns          289217 1c008a78 00008067 jalr             x0, x1, 0            x1:1c008b48
16990449ns          289219 1c008b48 31f52563 p.beqimm         x10, 778            x10:00000000
16990469ns          289220 1c008b4c 001d8d93 addi             x27, x27, 1         x27=00000005 x27:00000004
16990489ns          289221 1c008b4e 00044503 lbu              x10, 0(x8)          x10=00000073  x8:1c00008d  PA:1c00008d
16990787ns          289236 1c008b52 00140413 addi             x8, x8, 1            x8=1c00008e  x8:1c00008d
16990807ns          289237 1c008b54 fe0514e3 bne              x10, x0, -24        x10:00000073
16990867ns          289240 1c008b3c 02500793 addi             x15, x0, 37         x15=00000025
16990887ns          289241 1c008b40 04f50863 beq              x10, x15, 80        x10:00000073 x15:00000025
16990906ns          289242 1c008b44 01a005b3 add              x11, x0, x26        x11=00000002 x26:00000002
16990926ns          289243 1c008b46 000b00e7 jalr             x1, x22, 0           x1=1c008b48 x22:1c008a52
16990966ns          289245 1c008a52 000026b7 lui              x13, 0x2000         x13=00002000
16990986ns          289246 1c008a54 f14027f3 csrrs            x15, x0, 0xf14      x15=00000001
16991006ns          289247 1c008a58 f8068693 addi             x13, x13, -128      x13=00001f80 x13:00002000
16991026ns          289248 1c008a5c 00379713 slli             x14, x15, 0x3       x14=00000008 x15:00000001
16991046ns          289249 1c008a60 00279793 slli             x15, x15, 0x2       x15=00000004 x15:00000001
16991066ns          289250 1c008a62 00d7f7b3 and              x15, x15, x13       x15=00000000 x15:00000004 x13:00001f80
16991085ns          289251 1c008a64 ee873733 p.bclr           x14, x14, 23, 8     x14=00000008 x14:00000008
16991105ns          289252 1c008a68 1a10f6b7 lui              x13, 0x1a10f000     x13=1a10f000
16991125ns          289253 1c008a6c 0ff57513 andi             x10, x10, 255       x10=00000073 x10:00000073
16991145ns          289254 1c008a70 00d70733 add              x14, x14, x13       x14=1a10f008 x14:00000008 x13:1a10f000
16991165ns          289255 1c008a72 00a7e723 p.sw             x10, x0(x15)        x10:00000073 x15:00000000  PA:1a10f008
16991503ns          289272 1c008a76 00000513 addi             x10, x0, 0          x10=00000000
16991523ns          289273 1c008a78 00008067 jalr             x0, x1, 0            x1:1c008b48
16991563ns          289275 1c008b48 31f52563 p.beqimm         x10, 778            x10:00000000
16991583ns          289276 1c008b4c 001d8d93 addi             x27, x27, 1         x27=00000006 x27:00000005
16991603ns          289277 1c008b4e 00044503 lbu              x10, 0(x8)          x10=00000074  x8:1c00008e  PA:1c00008e
16991901ns          289292 1c008b52 00140413 addi             x8, x8, 1            x8=1c00008f  x8:1c00008e
16991921ns          289293 1c008b54 fe0514e3 bne              x10, x0, -24        x10:00000074
16991981ns          289296 1c008b3c 02500793 addi             x15, x0, 37         x15=00000025
16992000ns          289297 1c008b40 04f50863 beq              x10, x15, 80        x10:00000074 x15:00000025
16992020ns          289298 1c008b44 01a005b3 add              x11, x0, x26        x11=00000002 x26:00000002
16992040ns          289299 1c008b46 000b00e7 jalr             x1, x22, 0           x1=1c008b48 x22:1c008a52
16992080ns          289301 1c008a52 000026b7 lui              x13, 0x2000         x13=00002000
16992100ns          289302 1c008a54 f14027f3 csrrs            x15, x0, 0xf14      x15=00000001
16992120ns          289303 1c008a58 f8068693 addi             x13, x13, -128      x13=00001f80 x13:00002000
16992140ns          289304 1c008a5c 00379713 slli             x14, x15, 0x3       x14=00000008 x15:00000001
16992160ns          289305 1c008a60 00279793 slli             x15, x15, 0x2       x15=00000004 x15:00000001
16992179ns          289306 1c008a62 00d7f7b3 and              x15, x15, x13       x15=00000000 x15:00000004 x13:00001f80
16992199ns          289307 1c008a64 ee873733 p.bclr           x14, x14, 23, 8     x14=00000008 x14:00000008
16992219ns          289308 1c008a68 1a10f6b7 lui              x13, 0x1a10f000     x13=1a10f000
16992239ns          289309 1c008a6c 0ff57513 andi             x10, x10, 255       x10=00000074 x10:00000074
16992259ns          289310 1c008a70 00d70733 add              x14, x14, x13       x14=1a10f008 x14:00000008 x13:1a10f000
16992279ns          289311 1c008a72 00a7e723 p.sw             x10, x0(x15)        x10:00000074 x15:00000000  PA:1a10f008
16992597ns          289327 1c008a76 00000513 addi             x10, x0, 0          x10=00000000
16992617ns          289328 1c008a78 00008067 jalr             x0, x1, 0            x1:1c008b48
16992657ns          289330 1c008b48 31f52563 p.beqimm         x10, 778            x10:00000000
16992677ns          289331 1c008b4c 001d8d93 addi             x27, x27, 1         x27=00000007 x27:00000006
16992697ns          289332 1c008b4e 00044503 lbu              x10, 0(x8)          x10=0000003a  x8:1c00008f  PA:1c00008f
16992995ns          289347 1c008b52 00140413 addi             x8, x8, 1            x8=1c000090  x8:1c00008f
16993015ns          289348 1c008b54 fe0514e3 bne              x10, x0, -24        x10:0000003a
16993075ns          289351 1c008b3c 02500793 addi             x15, x0, 37         x15=00000025
16993094ns          289352 1c008b40 04f50863 beq              x10, x15, 80        x10:0000003a x15:00000025
16993114ns          289353 1c008b44 01a005b3 add              x11, x0, x26        x11=00000002 x26:00000002
16993134ns          289354 1c008b46 000b00e7 jalr             x1, x22, 0           x1=1c008b48 x22:1c008a52
16993174ns          289356 1c008a52 000026b7 lui              x13, 0x2000         x13=00002000
16993194ns          289357 1c008a54 f14027f3 csrrs            x15, x0, 0xf14      x15=00000001
16993214ns          289358 1c008a58 f8068693 addi             x13, x13, -128      x13=00001f80 x13:00002000
16993234ns          289359 1c008a5c 00379713 slli             x14, x15, 0x3       x14=00000008 x15:00000001
16993254ns          289360 1c008a60 00279793 slli             x15, x15, 0x2       x15=00000004 x15:00000001
16993273ns          289361 1c008a62 00d7f7b3 and              x15, x15, x13       x15=00000000 x15:00000004 x13:00001f80
16993293ns          289362 1c008a64 ee873733 p.bclr           x14, x14, 23, 8     x14=00000008 x14:00000008
16993313ns          289363 1c008a68 1a10f6b7 lui              x13, 0x1a10f000     x13=1a10f000
16993333ns          289364 1c008a6c 0ff57513 andi             x10, x10, 255       x10=0000003a x10:0000003a
16993353ns          289365 1c008a70 00d70733 add              x14, x14, x13       x14=1a10f008 x14:00000008 x13:1a10f000
16993373ns          289366 1c008a72 00a7e723 p.sw             x10, x0(x15)        x10:0000003a x15:00000000  PA:1a10f008
16993691ns          289382 1c008a76 00000513 addi             x10, x0, 0          x10=00000000
16993711ns          289383 1c008a78 00008067 jalr             x0, x1, 0            x1:1c008b48
16993751ns          289385 1c008b48 31f52563 p.beqimm         x10, 778            x10:00000000
16993771ns          289386 1c008b4c 001d8d93 addi             x27, x27, 1         x27=00000008 x27:00000007
16993791ns          289387 1c008b4e 00044503 lbu              x10, 0(x8)          x10=00000020  x8:1c000090  PA:1c000090
16994208ns          289408 1c008b52 00140413 addi             x8, x8, 1            x8=1c000091  x8:1c000090
16994228ns          289409 1c008b54 fe0514e3 bne              x10, x0, -24        x10:00000020
16994288ns          289412 1c008b3c 02500793 addi             x15, x0, 37         x15=00000025
16994308ns          289413 1c008b40 04f50863 beq              x10, x15, 80        x10:00000020 x15:00000025
16994328ns          289414 1c008b44 01a005b3 add              x11, x0, x26        x11=00000002 x26:00000002
16994348ns          289415 1c008b46 000b00e7 jalr             x1, x22, 0           x1=1c008b48 x22:1c008a52
16994387ns          289417 1c008a52 000026b7 lui              x13, 0x2000         x13=00002000
16994407ns          289418 1c008a54 f14027f3 csrrs            x15, x0, 0xf14      x15=00000001
16994427ns          289419 1c008a58 f8068693 addi             x13, x13, -128      x13=00001f80 x13:00002000
16994447ns          289420 1c008a5c 00379713 slli             x14, x15, 0x3       x14=00000008 x15:00000001
16994467ns          289421 1c008a60 00279793 slli             x15, x15, 0x2       x15=00000004 x15:00000001
16994487ns          289422 1c008a62 00d7f7b3 and              x15, x15, x13       x15=00000000 x15:00000004 x13:00001f80
16994507ns          289423 1c008a64 ee873733 p.bclr           x14, x14, 23, 8     x14=00000008 x14:00000008
16994527ns          289424 1c008a68 1a10f6b7 lui              x13, 0x1a10f000     x13=1a10f000
16994546ns          289425 1c008a6c 0ff57513 andi             x10, x10, 255       x10=00000020 x10:00000020
16994566ns          289426 1c008a70 00d70733 add              x14, x14, x13       x14=1a10f008 x14:00000008 x13:1a10f000
16994586ns          289427 1c008a72 00a7e723 p.sw             x10, x0(x15)        x10:00000020 x15:00000000  PA:1a10f008
16994904ns          289443 1c008a76 00000513 addi             x10, x0, 0          x10=00000000
16994924ns          289444 1c008a78 00008067 jalr             x0, x1, 0            x1:1c008b48
16994964ns          289446 1c008b48 31f52563 p.beqimm         x10, 778            x10:00000000
16994984ns          289447 1c008b4c 001d8d93 addi             x27, x27, 1         x27=00000009 x27:00000008
16995004ns          289448 1c008b4e 00044503 lbu              x10, 0(x8)          x10=00000025  x8:1c000091  PA:1c000091
16995302ns          289463 1c008b52 00140413 addi             x8, x8, 1            x8=1c000092  x8:1c000091
16995322ns          289464 1c008b54 fe0514e3 bne              x10, x0, -24        x10:00000025
16995382ns          289467 1c008b3c 02500793 addi             x15, x0, 37         x15=00000025
16995402ns          289468 1c008b40 04f50863 beq              x10, x15, 80        x10:00000025 x15:00000025
16995501ns          289473 1c008b90 00044483 lbu              x9, 0(x8)            x9=00000073  x8:1c000092  PA:1c000092
16995819ns          289489 1c008b94 02000693 addi             x13, x0, 32         x13=00000020
16995839ns          289490 1c008b98 00140a93 addi             x21, x8, 1          x21=1c000093  x8:1c000092
16995859ns          289491 1c008b9c 009005b3 add              x11, x0, x9         x11=00000073  x9:00000073
16995879ns          289492 1c008b9e 05cb8513 addi             x10, x23, 92        x10=1c00005c x23:1c000000
16995899ns          289493 1c008ba2 00d12823 sw               x13, 16(x2)         x13:00000020  x2:10001a28  PA:10001a38
16995919ns          289494 1c008ba4 00012c23 sw               x0, 24(x2)           x2:10001a28  PA:10001a40
16995939ns          289495 1c008ba6 00012a23 sw               x0, 20(x2)           x2:10001a28  PA:10001a3c
16995959ns          289496 1c008ba8 00012e23 sw               x0, 28(x2)           x2:10001a28  PA:10001a44
16995979ns          289497 1c008baa 00012623 sw               x0, 12(x2)           x2:10001a28  PA:10001a34
16995998ns          289498 1c008bac 02300913 addi             x18, x0, 35         x18=00000023
16996337ns          289515 1c008bb0 02d00a13 addi             x20, x0, 45         x20=0000002d
16996376ns          289517 1c008bb4 015009b3 add              x19, x0, x21        x19=1c000093 x21:1c000093
16996396ns          289518 1c008bb6 e1dff0ef jal              x1, -484             x1=1c008bb8
16996913ns          289544 1c0089d2 00054783 lbu              x15, 0(x10)         x15=0000002d x10:1c00005c  PA:1c00005c
16997351ns          289566 1c0089d6 0ff5f593 andi             x11, x11, 255       x11=00000073 x11:00000073
16997371ns          289567 1c0089da 00b78c63 beq              x15, x11, 24        x15:0000002d x11:00000073
16997391ns          289568 1c0089de 00078b63 beq              x15, x0, 22         x15:0000002d
16997450ns          289571 1c0089e0 00150793 addi             x15, x10, 1         x15=1c00005d x10:1c00005c
16997490ns          289573 1c0089e4 0040006f jal              x0, 4              
16997530ns          289575 1c0089e8 00f00533 add              x10, x0, x15        x10=1c00005d x15:1c00005d
16997550ns          289576 1c0089ea 0017c70b p.lbu            x14, 1(x15!)        x14=0000002b x15=1c00005e x15:1c00005d  PA:1c00005d
16998007ns          289599 1c0089ee feb71ce3 bne              x14, x11, -8        x14:0000002b x11:00000073
16998067ns          289602 1c0089e6 00070763 beq              x14, x0, 14         x14:0000002b
16998087ns          289603 1c0089e8 00f00533 add              x10, x0, x15        x10=1c00005e x15:1c00005e
16998107ns          289604 1c0089ea 0017c70b p.lbu            x14, 1(x15!)        x14=00000020 x15=1c00005f x15:1c00005e  PA:1c00005e
16998425ns          289620 1c0089ee feb71ce3 bne              x14, x11, -8        x14:00000020 x11:00000073
16998485ns          289623 1c0089e6 00070763 beq              x14, x0, 14         x14:00000020
16998505ns          289624 1c0089e8 00f00533 add              x10, x0, x15        x10=1c00005f x15:1c00005f
16998525ns          289625 1c0089ea 0017c70b p.lbu            x14, 1(x15!)        x14=00000023 x15=1c000060 x15:1c00005f  PA:1c00005f
16998843ns          289641 1c0089ee feb71ce3 bne              x14, x11, -8        x14:00000023 x11:00000073
16998903ns          289644 1c0089e6 00070763 beq              x14, x0, 14         x14:00000023
16998922ns          289645 1c0089e8 00f00533 add              x10, x0, x15        x10=1c000060 x15:1c000060
16998942ns          289646 1c0089ea 0017c70b p.lbu            x14, 1(x15!)        x14=00000030 x15=1c000061 x15:1c000060  PA:1c000060
16999261ns          289662 1c0089ee feb71ce3 bne              x14, x11, -8        x14:00000030 x11:00000073
16999320ns          289665 1c0089e6 00070763 beq              x14, x0, 14         x14:00000030
16999340ns          289666 1c0089e8 00f00533 add              x10, x0, x15        x10=1c000061 x15:1c000061
16999360ns          289667 1c0089ea 0017c70b p.lbu            x14, 1(x15!)        x14=00000000 x15=1c000062 x15:1c000061  PA:1c000061
16999678ns          289683 1c0089ee feb71ce3 bne              x14, x11, -8        x14:00000000 x11:00000073
16999738ns          289686 1c0089e6 00070763 beq              x14, x0, 14         x14:00000000
16999798ns          289689 1c0089f4 0015b593 sltiu            x11, x11, 1         x11=00000000 x11:00000073
16999817ns          289690 1c0089f8 40b005b3 sub              x11, x0, x11        x11=00000000 x11:00000000
16999837ns          289691 1c0089fc 00b57533 and              x10, x10, x11       x10=00000000 x10:1c000061 x11:00000000
16999857ns          289692 1c0089fe 00008067 jalr             x0, x1, 0            x1:1c008bb8
17000315ns          289715 1c008bb8 02050a63 beq              x10, x0, 52         x10:00000000
17001230ns          289761 1c008bec 02a00613 addi             x12, x0, 42         x12=0000002a
17001687ns          289784 1c008bf0 2ac48663 beq              x9, x12, 684         x9:00000073 x12:0000002a
17001727ns          289786 1c008bf4 fd048613 addi             x12, x9, -48        x12=00000043  x9:00000073
17001747ns          289787 1c008bf8 00900593 addi             x11, x0, 9          x11=00000009
17001767ns          289788 1c008bfa 00000913 addi             x18, x0, 0          x18=00000000
17001787ns          289789 1c008bfc 28c5f063 bgeu             x11, x12, 640       x11:00000009 x12:00000043
17002224ns          289811 1c008c00 02e00693 addi             x13, x0, 46         x13=0000002e
17002264ns          289813 1c008c04 fff00a13 addi             x20, x0, -1         x20=ffffffff
17002284ns          289814 1c008c06 2ed48363 beq              x9, x13, 742         x9:00000073 x13:0000002e
17002304ns          289815 1c008c0a 1c0007b7 lui              x15, 0x1c000000     x15=1c000000
17002324ns          289816 1c008c0e 009005b3 add              x11, x0, x9         x11=00000073  x9:00000073
17002741ns          289837 1c008c10 06478513 addi             x10, x15, 100       x10=1c000064 x15:1c000000
17002781ns          289839 1c008c14 dbfff0ef jal              x1, -578             x1=1c008c16
17002841ns          289842 1c0089d2 00054783 lbu              x15, 0(x10)         x15=00000068 x10:1c000064  PA:1c000064
17003179ns          289859 1c0089d6 0ff5f593 andi             x11, x11, 255       x11=00000073 x11:00000073
17003199ns          289860 1c0089da 00b78c63 beq              x15, x11, 24        x15:00000068 x11:00000073
17003219ns          289861 1c0089de 00078b63 beq              x15, x0, 22         x15:00000068
17003239ns          289862 1c0089e0 00150793 addi             x15, x10, 1         x15=1c000065 x10:1c000064
17003259ns          289863 1c0089e4 0040006f jal              x0, 4              
17003298ns          289865 1c0089e8 00f00533 add              x10, x0, x15        x10=1c000065 x15:1c000065
17003318ns          289866 1c0089ea 0017c70b p.lbu            x14, 1(x15!)        x14=0000006c x15=1c000066 x15:1c000065  PA:1c000065
17003637ns          289882 1c0089ee feb71ce3 bne              x14, x11, -8        x14:0000006c x11:00000073
17003696ns          289885 1c0089e6 00070763 beq              x14, x0, 14         x14:0000006c
17003716ns          289886 1c0089e8 00f00533 add              x10, x0, x15        x10=1c000066 x15:1c000066
17003736ns          289887 1c0089ea 0017c70b p.lbu            x14, 1(x15!)        x14=0000004c x15=1c000067 x15:1c000066  PA:1c000066
17004054ns          289903 1c0089ee feb71ce3 bne              x14, x11, -8        x14:0000004c x11:00000073
17004114ns          289906 1c0089e6 00070763 beq              x14, x0, 14         x14:0000004c
17004134ns          289907 1c0089e8 00f00533 add              x10, x0, x15        x10=1c000067 x15:1c000067
17004154ns          289908 1c0089ea 0017c70b p.lbu            x14, 1(x15!)        x14=0000007a x15=1c000068 x15:1c000067  PA:1c000067
17004472ns          289924 1c0089ee feb71ce3 bne              x14, x11, -8        x14:0000007a x11:00000073
17004532ns          289927 1c0089e6 00070763 beq              x14, x0, 14         x14:0000007a
17004551ns          289928 1c0089e8 00f00533 add              x10, x0, x15        x10=1c000068 x15:1c000068
17004571ns          289929 1c0089ea 0017c70b p.lbu            x14, 1(x15!)        x14=00000000 x15=1c000069 x15:1c000068  PA:1c000068
17004890ns          289945 1c0089ee feb71ce3 bne              x14, x11, -8        x14:00000000 x11:00000073
17004949ns          289948 1c0089e6 00070763 beq              x14, x0, 14         x14:00000000
17005009ns          289951 1c0089f4 0015b593 sltiu            x11, x11, 1         x11=00000000 x11:00000073
17005029ns          289952 1c0089f8 40b005b3 sub              x11, x0, x11        x11=00000000 x11:00000000
17005049ns          289953 1c0089fc 00b57533 and              x10, x10, x11       x10=00000000 x10:1c000068 x11:00000000
17005069ns          289954 1c0089fe 00008067 jalr             x0, x1, 0            x1:1c008c16
17005108ns          289956 1c008c16 01300433 add              x8, x0, x19          x8=1c000093 x19:1c000093
17005128ns          289957 1c008c18 00050563 beq              x10, x0, 10         x10:00000000
17005645ns          289983 1c008c22 06700693 addi             x13, x0, 103        x13=00000067
17005665ns          289984 1c008c26 2896d963 bge              x13, x9, 658        x13:00000067  x9:00000073
17005685ns          289985 1c008c2a 07000693 addi             x13, x0, 112        x13=00000070
17006143ns          290008 1c008c2e 7cd48763 beq              x9, x13, 1998        x9:00000073 x13:00000070
17006183ns          290010 1c008c32 2e96d163 bge              x13, x9, 738        x13:00000070  x9:00000073
17006202ns          290011 1c008c36 07500693 addi             x13, x0, 117        x13=00000075
17006222ns          290012 1c008c3a 12d484e3 beq              x9, x13, 2344        x9:00000073 x13:00000075
17006660ns          290034 1c008c3e 07800693 addi             x13, x0, 120        x13=00000078
17006700ns          290036 1c008c42 06d48663 beq              x9, x13, 108         x9:00000073 x13:00000078
17006720ns          290037 1c008c46 07300693 addi             x13, x0, 115        x13=00000073
17006739ns          290038 1c008c4a 18d49ae3 bne              x9, x13, 2452        x9:00000073 x13:00000073
17007177ns          290060 1c008c4e 000c2583 lw               x11, 0(x24)         x11=1c000040 x24:10001b7c  PA:10001b7c
17007217ns          290062 1c008c52 004c0993 addi             x19, x24, 4         x19=10001b80 x24:10001b7c
17007237ns          290063 1c008c56 00b006b3 add              x13, x0, x11        x13=1c000040 x11:1c000040
17007257ns          290064 1c008c58 00000493 addi             x9, x0, 0            x9=00000000
17007277ns          290065 1c008c5a 0c8350fb lp.setupi        0x1, 0xc8, 0x6     
17007694ns          290086 1c008c5e 0016c70b p.lbu            x14, 1(x13!)        x14=0000004d x13=1c000041 x13:1c000040  PA:1c000040
17008052ns          290104 1c008c62 180705e3 beq              x14, x0, 2442       x14:0000004d
17008072ns          290105 1c008c66 00148493 addi             x9, x9, 1            x9=00000001  x9:00000000
17008112ns          290107 1c008c5e 0016c70b p.lbu            x14, 1(x13!)        x14=00000061 x13=1c000042 x13:1c000041  PA:1c000041
17008430ns          290123 1c008c62 180705e3 beq              x14, x0, 2442       x14:00000061
17008450ns          290124 1c008c66 00148493 addi             x9, x9, 1            x9=00000002  x9:00000001
17008470ns          290125 1c008c5e 0016c70b p.lbu            x14, 1(x13!)        x14=00000074 x13=1c000043 x13:1c000042  PA:1c000042
17008808ns          290142 1c008c62 180705e3 beq              x14, x0, 2442       x14:00000074
17008828ns          290143 1c008c66 00148493 addi             x9, x9, 1            x9=00000003  x9:00000002
17008848ns          290144 1c008c5e 0016c70b p.lbu            x14, 1(x13!)        x14=00000072 x13=1c000044 x13:1c000043  PA:1c000043
17009186ns          290161 1c008c62 180705e3 beq              x14, x0, 2442       x14:00000072
17009206ns          290162 1c008c66 00148493 addi             x9, x9, 1            x9=00000004  x9:00000003
17009226ns          290163 1c008c5e 0016c70b p.lbu            x14, 1(x13!)        x14=00000069 x13=1c000045 x13:1c000044  PA:1c000044
17009544ns          290179 1c008c62 180705e3 beq              x14, x0, 2442       x14:00000069
17009564ns          290180 1c008c66 00148493 addi             x9, x9, 1            x9=00000005  x9:00000004
17009584ns          290181 1c008c5e 0016c70b p.lbu            x14, 1(x13!)        x14=00000078 x13=1c000046 x13:1c000045  PA:1c000045
17009902ns          290197 1c008c62 180705e3 beq              x14, x0, 2442       x14:00000078
17009922ns          290198 1c008c66 00148493 addi             x9, x9, 1            x9=00000006  x9:00000005
17009942ns          290199 1c008c5e 0016c70b p.lbu            x14, 1(x13!)        x14=00000020 x13=1c000047 x13:1c000046  PA:1c000046
17010260ns          290215 1c008c62 180705e3 beq              x14, x0, 2442       x14:00000020
17010280ns          290216 1c008c66 00148493 addi             x9, x9, 1            x9=00000007  x9:00000006
17010300ns          290217 1c008c5e 0016c70b p.lbu            x14, 1(x13!)        x14=0000004d x13=1c000048 x13:1c000047  PA:1c000047
17010638ns          290234 1c008c62 180705e3 beq              x14, x0, 2442       x14:0000004d
17010658ns          290235 1c008c66 00148493 addi             x9, x9, 1            x9=00000008  x9:00000007
17010678ns          290236 1c008c5e 0016c70b p.lbu            x14, 1(x13!)        x14=00000075 x13=1c000049 x13:1c000048  PA:1c000048
17010996ns          290252 1c008c62 180705e3 beq              x14, x0, 2442       x14:00000075
17011016ns          290253 1c008c66 00148493 addi             x9, x9, 1            x9=00000009  x9:00000008
17011036ns          290254 1c008c5e 0016c70b p.lbu            x14, 1(x13!)        x14=0000006c x13=1c00004a x13:1c000049  PA:1c000049
17011394ns          290272 1c008c62 180705e3 beq              x14, x0, 2442       x14:0000006c
17011414ns          290273 1c008c66 00148493 addi             x9, x9, 1            x9=0000000a  x9:00000009
17011434ns          290274 1c008c5e 0016c70b p.lbu            x14, 1(x13!)        x14=00000074 x13=1c00004b x13:1c00004a  PA:1c00004a
17011792ns          290292 1c008c62 180705e3 beq              x14, x0, 2442       x14:00000074
17011812ns          290293 1c008c66 00148493 addi             x9, x9, 1            x9=0000000b  x9:0000000a
17011832ns          290294 1c008c5e 0016c70b p.lbu            x14, 1(x13!)        x14=00000069 x13=1c00004c x13:1c00004b  PA:1c00004b
17012150ns          290310 1c008c62 180705e3 beq              x14, x0, 2442       x14:00000069
17012170ns          290311 1c008c66 00148493 addi             x9, x9, 1            x9=0000000c  x9:0000000b
17012190ns          290312 1c008c5e 0016c70b p.lbu            x14, 1(x13!)        x14=00000070 x13=1c00004d x13:1c00004c  PA:1c00004c
17012508ns          290328 1c008c62 180705e3 beq              x14, x0, 2442       x14:00000070
17012528ns          290329 1c008c66 00148493 addi             x9, x9, 1            x9=0000000d  x9:0000000c
17012548ns          290330 1c008c5e 0016c70b p.lbu            x14, 1(x13!)        x14=0000006c x13=1c00004e x13:1c00004d  PA:1c00004d
17012886ns          290347 1c008c62 180705e3 beq              x14, x0, 2442       x14:0000006c
17012906ns          290348 1c008c66 00148493 addi             x9, x9, 1            x9=0000000e  x9:0000000d
17012925ns          290349 1c008c5e 0016c70b p.lbu            x14, 1(x13!)        x14=00000069 x13=1c00004f x13:1c00004e  PA:1c00004e
17013244ns          290365 1c008c62 180705e3 beq              x14, x0, 2442       x14:00000069
17013264ns          290366 1c008c66 00148493 addi             x9, x9, 1            x9=0000000f  x9:0000000e
17013284ns          290367 1c008c5e 0016c70b p.lbu            x14, 1(x13!)        x14=00000063 x13=1c000050 x13:1c00004f  PA:1c00004f
17013602ns          290383 1c008c62 180705e3 beq              x14, x0, 2442       x14:00000063
17013622ns          290384 1c008c66 00148493 addi             x9, x9, 1            x9=00000010  x9:0000000f
17013642ns          290385 1c008c5e 0016c70b p.lbu            x14, 1(x13!)        x14=00000061 x13=1c000051 x13:1c000050  PA:1c000050
17013960ns          290401 1c008c62 180705e3 beq              x14, x0, 2442       x14:00000061
17013980ns          290402 1c008c66 00148493 addi             x9, x9, 1            x9=00000011  x9:00000010
17014000ns          290403 1c008c5e 0016c70b p.lbu            x14, 1(x13!)        x14=00000074 x13=1c000052 x13:1c000051  PA:1c000051
17014318ns          290419 1c008c62 180705e3 beq              x14, x0, 2442       x14:00000074
17014338ns          290420 1c008c66 00148493 addi             x9, x9, 1            x9=00000012  x9:00000011
17014358ns          290421 1c008c5e 0016c70b p.lbu            x14, 1(x13!)        x14=00000069 x13=1c000053 x13:1c000052  PA:1c000052
17014676ns          290437 1c008c62 180705e3 beq              x14, x0, 2442       x14:00000069
17014696ns          290438 1c008c66 00148493 addi             x9, x9, 1            x9=00000013  x9:00000012
17014716ns          290439 1c008c5e 0016c70b p.lbu            x14, 1(x13!)        x14=0000006f x13=1c000054 x13:1c000053  PA:1c000053
17015034ns          290455 1c008c62 180705e3 beq              x14, x0, 2442       x14:0000006f
17015054ns          290456 1c008c66 00148493 addi             x9, x9, 1            x9=00000014  x9:00000013
17015074ns          290457 1c008c5e 0016c70b p.lbu            x14, 1(x13!)        x14=0000006e x13=1c000055 x13:1c000054  PA:1c000054
17015432ns          290475 1c008c62 180705e3 beq              x14, x0, 2442       x14:0000006e
17015452ns          290476 1c008c66 00148493 addi             x9, x9, 1            x9=00000015  x9:00000014
17015472ns          290477 1c008c5e 0016c70b p.lbu            x14, 1(x13!)        x14=00000000 x13=1c000056 x13:1c000055  PA:1c000055
17015790ns          290493 1c008c62 180705e3 beq              x14, x0, 2442       x14:00000000
17016227ns          290515 1c0095ec e80a5063 bge              x20, x0, -2432      x20:ffffffff
17016685ns          290538 1c0095f0 e80ff06f jal              x0, -2432          
17017162ns          290562 1c008c70 01300c33 add              x24, x0, x19        x24=10001b80 x19:10001b80
17017202ns          290564 1c008c72 ec0481e3 beq              x9, x0, -318         x9:00000015
17017222ns          290565 1c008c76 00900633 add              x12, x0, x9         x12=00000015  x9:00000015
17017242ns          290566 1c008c78 01900533 add              x10, x0, x25        x10=10001a4c x25:10001a4c
17017262ns          290567 1c008c7a 9e5ff0ef jal              x1, -1564            x1=1c008c7c
17018614ns          290635 1c00865e 00a5e7b3 or               x15, x11, x10       x15=1c001a4c x11:1c000040 x10:10001a4c
17018654ns          290637 1c008662 fa27b7b3 p.bclr           x15, x15, 29, 2     x15=00000000 x15:1c001a4c
17018674ns          290638 1c008666 00a00833 add              x16, x0, x10        x16=10001a4c x10:10001a4c
17018694ns          290639 1c008668 10078163 beq              x15, x0, 258        x15:00000000
17019668ns          290688 1c00876a fa2637b3 p.bclr           x15, x12, 29, 2     x15=00000001 x12:00000015
17019688ns          290689 1c00876e f00791e3 bne              x15, x0, -254       x15:00000001
17020146ns          290712 1c008670 00458793 addi             x15, x11, 4         x15=1c000044 x11:1c000040
17020166ns          290713 1c008674 00450693 addi             x13, x10, 4         x13=10001a50 x10:10001a4c
17020186ns          290714 1c008678 04a7b7b3 p.sletu          x15, x15, x10       x15=00000000 x15:1c000044 x10:10001a4c
17020206ns          290715 1c00867c 04b6b6b3 p.sletu          x13, x13, x11       x13=00000001 x13:10001a50 x11:1c000040
17020643ns          290737 1c008680 00f00733 add              x14, x0, x15        x14=00000000 x15:00000000
17020663ns          290738 1c008682 00d007b3 add              x15, x0, x13        x15=00000001 x13:00000001
17020683ns          290739 1c008684 00e7e7b3 or               x15, x15, x14       x15=00000001 x15:00000001 x14:00000000
17020703ns          290740 1c008686 0ff7f793 andi             x15, x15, 255       x15=00000001 x15:00000001
17020723ns          290741 1c00868a 0c078963 beq              x15, x0, 210        x15:00000001
17020743ns          290742 1c00868c 00863793 sltiu            x15, x12, 8         x15=00000000 x12:00000015
17021160ns          290763 1c008690 0017c793 xori             x15, x15, 1         x15=00000001 x15:00000000
17021200ns          290765 1c008694 0ff7f793 andi             x15, x15, 255       x15=00000001 x15:00000001
17021220ns          290766 1c008698 0c078263 beq              x15, x0, 196        x15:00000001
17021240ns          290767 1c00869a 40b007b3 sub              x15, x0, x11        x15=e3ffffc0 x11:1c000040
17021677ns          290789 1c00869e fa27b7b3 p.bclr           x15, x15, 29, 2     x15=00000000 x15:e3ffffc0
17021717ns          290791 1c0086a2 fff60313 addi             x6, x12, -1          x6=00000014 x12:00000015
17021737ns          290792 1c0086a6 0e078163 beq              x15, x0, 226        x15:00000000
17022672ns          290839 1c008788 00b008b3 add              x17, x0, x11        x17=1c000040 x11:1c000040
17022692ns          290840 1c00878a 00a00833 add              x16, x0, x10        x16=10001a4c x10:10001a4c
17022712ns          290841 1c00878c 00c00333 add              x6, x0, x12          x6=00000015 x12:00000015
17022732ns          290842 1c00878e f5bff06f jal              x0, -166           
17023627ns          290887 1c0086e8 40f60633 sub              x12, x12, x15       x12=00000015 x12:00000015 x15:00000000
17023667ns          290889 1c0086ea 00265713 srli             x14, x12, 0x2       x14=00000005 x12:00000015
17024104ns          290911 1c0086ee 00f506b3 add              x13, x10, x15       x13=10001a4c x10:10001a4c x15:00000000
17024124ns          290912 1c0086f2 00f585b3 add              x11, x11, x15       x11=1c000040 x11:1c000040 x15:00000000
17024144ns          290913 1c0086f4 08070f63 beq              x14, x0, 158        x14:00000005
17024164ns          290914 1c0086f6 004740fb lp.setup         0x1, x14, 0x4       x14:00000005
17024184ns          290915 1c0086fa 0045a78b p.lw             x15, 4(x11!)        x15=7274614d x11=1c000044 x11:1c000040  PA:1c000040
17024661ns          290939 1c0086fe 00f6a22b p.sw             x15, 4(x13!)        x13=10001a50 x15:7274614d x13:10001a4c  PA:10001a4c
17024721ns          290942 1c0086fa 0045a78b p.lw             x15, 4(x11!)        x15=4d207869 x11=1c000048 x11:1c000044  PA:1c000044
17025059ns          290959 1c0086fe 00f6a22b p.sw             x15, 4(x13!)        x13=10001a54 x15:4d207869 x13:10001a50  PA:10001a50
17025079ns          290960 1c0086fa 0045a78b p.lw             x15, 4(x11!)        x15=69746c75 x11=1c00004c x11:1c000048  PA:1c000048
17025397ns          290976 1c0086fe 00f6a22b p.sw             x15, 4(x13!)        x13=10001a58 x15:69746c75 x13:10001a54  PA:10001a54
17025417ns          290977 1c0086fa 0045a78b p.lw             x15, 4(x11!)        x15=63696c70 x11=1c000050 x11:1c00004c  PA:1c00004c
17025735ns          290993 1c0086fe 00f6a22b p.sw             x15, 4(x13!)        x13=10001a5c x15:63696c70 x13:10001a58  PA:10001a58
17025755ns          290994 1c0086fa 0045a78b p.lw             x15, 4(x11!)        x15=6f697461 x11=1c000054 x11:1c000050  PA:1c000050
17026093ns          291011 1c0086fe 00f6a22b p.sw             x15, 4(x13!)        x13=10001a60 x15:6f697461 x13:10001a5c  PA:10001a5c
17026113ns          291012 1c008702 c20635b3 p.bclr           x11, x12, 1, 0      x11=00000014 x12:00000015
17026133ns          291013 1c008706 40b306b3 sub              x13, x6, x11        x13=00000001  x6:00000015 x11:00000014
17026153ns          291014 1c00870a 00b807b3 add              x15, x16, x11       x15=10001a60 x16:10001a4c x11:00000014
17026551ns          291034 1c00870e 00b88733 add              x14, x17, x11       x14=1c000054 x17:1c000040 x11:00000014
17026590ns          291036 1c008712 04b60b63 beq              x12, x11, 86        x12:00000015 x11:00000014
17026610ns          291037 1c008716 00074603 lbu              x12, 0(x14)         x12=0000006e x14:1c000054  PA:1c000054
17027028ns          291058 1c00871a 00c78023 sb               x12, 0(x15)         x12:0000006e x15:10001a60  PA:10001a60
17027068ns          291060 1c00871e 0416a563 p.beqimm         x13, 74             x13:00000001
17027127ns          291063 1c008768 00008067 jalr             x0, x1, 0            x1:1c008c7c
17027207ns          291067 1c008c7c 01300c33 add              x24, x0, x19        x24=10001b80 x19:10001b80
17027247ns          291069 1c008c7e 1b24db63 bge              x9, x18, 438         x9:00000015 x18:00000000
17027724ns          291093 1c008e34 01900933 add              x18, x0, x25        x18=10001a4c x25:10001a4c
17027764ns          291095 1c008e36 419d8db3 sub              x27, x27, x25       x27=efffe5bd x27:00000009 x25:10001a4c
17027784ns          291096 1c008e3a 00a0006f jal              x0, 10             
17028261ns          291120 1c008e44 0019450b p.lbu            x10, 1(x18!)        x10=0000004d x18=10001a4d x18:10001a4c  PA:10001a4c
17028281ns          291121 1c008e48 01a005b3 add              x11, x0, x26        x11=00000002 x26:00000002
17028301ns          291122 1c008e4a 000b00e7 jalr             x1, x22, 0           x1=1c008e4c x22:1c008a52
17028798ns          291147 1c008a52 000026b7 lui              x13, 0x2000         x13=00002000
17028818ns          291148 1c008a54 f14027f3 csrrs            x15, x0, 0xf14      x15=00000001
17028838ns          291149 1c008a58 f8068693 addi             x13, x13, -128      x13=00001f80 x13:00002000
17028858ns          291150 1c008a5c 00379713 slli             x14, x15, 0x3       x14=00000008 x15:00000001
17028918ns          291153 1c008a60 00279793 slli             x15, x15, 0x2       x15=00000004 x15:00000001
17028938ns          291154 1c008a62 00d7f7b3 and              x15, x15, x13       x15=00000000 x15:00000004 x13:00001f80
17028957ns          291155 1c008a64 ee873733 p.bclr           x14, x14, 23, 8     x14=00000008 x14:00000008
17028977ns          291156 1c008a68 1a10f6b7 lui              x13, 0x1a10f000     x13=1a10f000
17028997ns          291157 1c008a6c 0ff57513 andi             x10, x10, 255       x10=0000004d x10:0000004d
17029057ns          291160 1c008a70 00d70733 add              x14, x14, x13       x14=1a10f008 x14:00000008 x13:1a10f000
17029097ns          291162 1c008a72 00a7e723 p.sw             x10, x0(x15)        x10:0000004d x15:00000000  PA:1a10f008
17029494ns          291182 1c008a76 00000513 addi             x10, x0, 0          x10=00000000
17029514ns          291183 1c008a78 00008067 jalr             x0, x1, 0            x1:1c008e4c
17029634ns          291189 1c008e4c fff48493 addi             x9, x9, -1           x9=00000014  x9:00000015
17029654ns          291190 1c008e4e fff537e3 p.bneimm         x10, -18            x10:00000000
17029713ns          291193 1c008e3c 012d8733 add              x14, x27, x18       x14=0000000a x27:efffe5bd x18:10001a4d
17029733ns          291194 1c008e40 5a048b63 beq              x9, x0, 1462         x9:00000014
17029753ns          291195 1c008e44 0019450b p.lbu            x10, 1(x18!)        x10=00000061 x18=10001a4e x18:10001a4d  PA:10001a4d
17029773ns          291196 1c008e48 01a005b3 add              x11, x0, x26        x11=00000002 x26:00000002
17029793ns          291197 1c008e4a 000b00e7 jalr             x1, x22, 0           x1=1c008e4c x22:1c008a52
17029833ns          291199 1c008a52 000026b7 lui              x13, 0x2000         x13=00002000
17029853ns          291200 1c008a54 f14027f3 csrrs            x15, x0, 0xf14      x15=00000001
17029872ns          291201 1c008a58 f8068693 addi             x13, x13, -128      x13=00001f80 x13:00002000
17029892ns          291202 1c008a5c 00379713 slli             x14, x15, 0x3       x14=00000008 x15:00000001
17029912ns          291203 1c008a60 00279793 slli             x15, x15, 0x2       x15=00000004 x15:00000001
17029932ns          291204 1c008a62 00d7f7b3 and              x15, x15, x13       x15=00000000 x15:00000004 x13:00001f80
17029952ns          291205 1c008a64 ee873733 p.bclr           x14, x14, 23, 8     x14=00000008 x14:00000008
17029972ns          291206 1c008a68 1a10f6b7 lui              x13, 0x1a10f000     x13=1a10f000
17029992ns          291207 1c008a6c 0ff57513 andi             x10, x10, 255       x10=00000061 x10:00000061
17030012ns          291208 1c008a70 00d70733 add              x14, x14, x13       x14=1a10f008 x14:00000008 x13:1a10f000
17030032ns          291209 1c008a72 00a7e723 p.sw             x10, x0(x15)        x10:00000061 x15:00000000  PA:1a10f008
17030409ns          291228 1c008a76 00000513 addi             x10, x0, 0          x10=00000000
17030429ns          291229 1c008a78 00008067 jalr             x0, x1, 0            x1:1c008e4c
17030469ns          291231 1c008e4c fff48493 addi             x9, x9, -1           x9=00000013  x9:00000014
17030489ns          291232 1c008e4e fff537e3 p.bneimm         x10, -18            x10:00000000
17030549ns          291235 1c008e3c 012d8733 add              x14, x27, x18       x14=0000000b x27:efffe5bd x18:10001a4e
17030569ns          291236 1c008e40 5a048b63 beq              x9, x0, 1462         x9:00000013
17030588ns          291237 1c008e44 0019450b p.lbu            x10, 1(x18!)        x10=00000074 x18=10001a4f x18:10001a4e  PA:10001a4e
17030608ns          291238 1c008e48 01a005b3 add              x11, x0, x26        x11=00000002 x26:00000002
17030628ns          291239 1c008e4a 000b00e7 jalr             x1, x22, 0           x1=1c008e4c x22:1c008a52
17030668ns          291241 1c008a52 000026b7 lui              x13, 0x2000         x13=00002000
17030688ns          291242 1c008a54 f14027f3 csrrs            x15, x0, 0xf14      x15=00000001
17030708ns          291243 1c008a58 f8068693 addi             x13, x13, -128      x13=00001f80 x13:00002000
17030728ns          291244 1c008a5c 00379713 slli             x14, x15, 0x3       x14=00000008 x15:00000001
17030748ns          291245 1c008a60 00279793 slli             x15, x15, 0x2       x15=00000004 x15:00000001
17030768ns          291246 1c008a62 00d7f7b3 and              x15, x15, x13       x15=00000000 x15:00000004 x13:00001f80
17030787ns          291247 1c008a64 ee873733 p.bclr           x14, x14, 23, 8     x14=00000008 x14:00000008
17030807ns          291248 1c008a68 1a10f6b7 lui              x13, 0x1a10f000     x13=1a10f000
17030827ns          291249 1c008a6c 0ff57513 andi             x10, x10, 255       x10=00000074 x10:00000074
17030847ns          291250 1c008a70 00d70733 add              x14, x14, x13       x14=1a10f008 x14:00000008 x13:1a10f000
17030867ns          291251 1c008a72 00a7e723 p.sw             x10, x0(x15)        x10:00000074 x15:00000000  PA:1a10f008
17031185ns          291267 1c008a76 00000513 addi             x10, x0, 0          x10=00000000
17031205ns          291268 1c008a78 00008067 jalr             x0, x1, 0            x1:1c008e4c
17031245ns          291270 1c008e4c fff48493 addi             x9, x9, -1           x9=00000012  x9:00000013
17031265ns          291271 1c008e4e fff537e3 p.bneimm         x10, -18            x10:00000000
17031324ns          291274 1c008e3c 012d8733 add              x14, x27, x18       x14=0000000c x27:efffe5bd x18:10001a4f
17031344ns          291275 1c008e40 5a048b63 beq              x9, x0, 1462         x9:00000012
17031364ns          291276 1c008e44 0019450b p.lbu            x10, 1(x18!)        x10=00000072 x18=10001a50 x18:10001a4f  PA:10001a4f
17031384ns          291277 1c008e48 01a005b3 add              x11, x0, x26        x11=00000002 x26:00000002
17031404ns          291278 1c008e4a 000b00e7 jalr             x1, x22, 0           x1=1c008e4c x22:1c008a52
17031444ns          291280 1c008a52 000026b7 lui              x13, 0x2000         x13=00002000
17031464ns          291281 1c008a54 f14027f3 csrrs            x15, x0, 0xf14      x15=00000001
17031484ns          291282 1c008a58 f8068693 addi             x13, x13, -128      x13=00001f80 x13:00002000
17031503ns          291283 1c008a5c 00379713 slli             x14, x15, 0x3       x14=00000008 x15:00000001
17031523ns          291284 1c008a60 00279793 slli             x15, x15, 0x2       x15=00000004 x15:00000001
17031543ns          291285 1c008a62 00d7f7b3 and              x15, x15, x13       x15=00000000 x15:00000004 x13:00001f80
17031563ns          291286 1c008a64 ee873733 p.bclr           x14, x14, 23, 8     x14=00000008 x14:00000008
17031583ns          291287 1c008a68 1a10f6b7 lui              x13, 0x1a10f000     x13=1a10f000
17031603ns          291288 1c008a6c 0ff57513 andi             x10, x10, 255       x10=00000072 x10:00000072
17031623ns          291289 1c008a70 00d70733 add              x14, x14, x13       x14=1a10f008 x14:00000008 x13:1a10f000
17031643ns          291290 1c008a72 00a7e723 p.sw             x10, x0(x15)        x10:00000072 x15:00000000  PA:1a10f008
17031961ns          291306 1c008a76 00000513 addi             x10, x0, 0          x10=00000000
17031981ns          291307 1c008a78 00008067 jalr             x0, x1, 0            x1:1c008e4c
17032021ns          291309 1c008e4c fff48493 addi             x9, x9, -1           x9=00000011  x9:00000012
17032041ns          291310 1c008e4e fff537e3 p.bneimm         x10, -18            x10:00000000
17032100ns          291313 1c008e3c 012d8733 add              x14, x27, x18       x14=0000000d x27:efffe5bd x18:10001a50
17032120ns          291314 1c008e40 5a048b63 beq              x9, x0, 1462         x9:00000011
17032140ns          291315 1c008e44 0019450b p.lbu            x10, 1(x18!)        x10=00000069 x18=10001a51 x18:10001a50  PA:10001a50
17032160ns          291316 1c008e48 01a005b3 add              x11, x0, x26        x11=00000002 x26:00000002
17032180ns          291317 1c008e4a 000b00e7 jalr             x1, x22, 0           x1=1c008e4c x22:1c008a52
17032220ns          291319 1c008a52 000026b7 lui              x13, 0x2000         x13=00002000
17032239ns          291320 1c008a54 f14027f3 csrrs            x15, x0, 0xf14      x15=00000001
17032259ns          291321 1c008a58 f8068693 addi             x13, x13, -128      x13=00001f80 x13:00002000
17032279ns          291322 1c008a5c 00379713 slli             x14, x15, 0x3       x14=00000008 x15:00000001
17032299ns          291323 1c008a60 00279793 slli             x15, x15, 0x2       x15=00000004 x15:00000001
17032319ns          291324 1c008a62 00d7f7b3 and              x15, x15, x13       x15=00000000 x15:00000004 x13:00001f80
17032339ns          291325 1c008a64 ee873733 p.bclr           x14, x14, 23, 8     x14=00000008 x14:00000008
17032359ns          291326 1c008a68 1a10f6b7 lui              x13, 0x1a10f000     x13=1a10f000
17032379ns          291327 1c008a6c 0ff57513 andi             x10, x10, 255       x10=00000069 x10:00000069
17032399ns          291328 1c008a70 00d70733 add              x14, x14, x13       x14=1a10f008 x14:00000008 x13:1a10f000
17032418ns          291329 1c008a72 00a7e723 p.sw             x10, x0(x15)        x10:00000069 x15:00000000  PA:1a10f008
17032757ns          291346 1c008a76 00000513 addi             x10, x0, 0          x10=00000000
17032776ns          291347 1c008a78 00008067 jalr             x0, x1, 0            x1:1c008e4c
17032816ns          291349 1c008e4c fff48493 addi             x9, x9, -1           x9=00000010  x9:00000011
17032836ns          291350 1c008e4e fff537e3 p.bneimm         x10, -18            x10:00000000
17032896ns          291353 1c008e3c 012d8733 add              x14, x27, x18       x14=0000000e x27:efffe5bd x18:10001a51
17032916ns          291354 1c008e40 5a048b63 beq              x9, x0, 1462         x9:00000010
17032936ns          291355 1c008e44 0019450b p.lbu            x10, 1(x18!)        x10=00000078 x18=10001a52 x18:10001a51  PA:10001a51
17032955ns          291356 1c008e48 01a005b3 add              x11, x0, x26        x11=00000002 x26:00000002
17032975ns          291357 1c008e4a 000b00e7 jalr             x1, x22, 0           x1=1c008e4c x22:1c008a52
17033015ns          291359 1c008a52 000026b7 lui              x13, 0x2000         x13=00002000
17033035ns          291360 1c008a54 f14027f3 csrrs            x15, x0, 0xf14      x15=00000001
17033055ns          291361 1c008a58 f8068693 addi             x13, x13, -128      x13=00001f80 x13:00002000
17033075ns          291362 1c008a5c 00379713 slli             x14, x15, 0x3       x14=00000008 x15:00000001
17033095ns          291363 1c008a60 00279793 slli             x15, x15, 0x2       x15=00000004 x15:00000001
17033115ns          291364 1c008a62 00d7f7b3 and              x15, x15, x13       x15=00000000 x15:00000004 x13:00001f80
17033135ns          291365 1c008a64 ee873733 p.bclr           x14, x14, 23, 8     x14=00000008 x14:00000008
17033154ns          291366 1c008a68 1a10f6b7 lui              x13, 0x1a10f000     x13=1a10f000
17033174ns          291367 1c008a6c 0ff57513 andi             x10, x10, 255       x10=00000078 x10:00000078
17033194ns          291368 1c008a70 00d70733 add              x14, x14, x13       x14=1a10f008 x14:00000008 x13:1a10f000
17033214ns          291369 1c008a72 00a7e723 p.sw             x10, x0(x15)        x10:00000078 x15:00000000  PA:1a10f008
17033532ns          291385 1c008a76 00000513 addi             x10, x0, 0          x10=00000000
17033552ns          291386 1c008a78 00008067 jalr             x0, x1, 0            x1:1c008e4c
17033592ns          291388 1c008e4c fff48493 addi             x9, x9, -1           x9=0000000f  x9:00000010
17033612ns          291389 1c008e4e fff537e3 p.bneimm         x10, -18            x10:00000000
17033672ns          291392 1c008e3c 012d8733 add              x14, x27, x18       x14=0000000f x27:efffe5bd x18:10001a52
17033691ns          291393 1c008e40 5a048b63 beq              x9, x0, 1462         x9:0000000f
17033711ns          291394 1c008e44 0019450b p.lbu            x10, 1(x18!)        x10=00000020 x18=10001a53 x18:10001a52  PA:10001a52
17033731ns          291395 1c008e48 01a005b3 add              x11, x0, x26        x11=00000002 x26:00000002
17033751ns          291396 1c008e4a 000b00e7 jalr             x1, x22, 0           x1=1c008e4c x22:1c008a52
17033791ns          291398 1c008a52 000026b7 lui              x13, 0x2000         x13=00002000
17033811ns          291399 1c008a54 f14027f3 csrrs            x15, x0, 0xf14      x15=00000001
17033831ns          291400 1c008a58 f8068693 addi             x13, x13, -128      x13=00001f80 x13:00002000
17033851ns          291401 1c008a5c 00379713 slli             x14, x15, 0x3       x14=00000008 x15:00000001
17033870ns          291402 1c008a60 00279793 slli             x15, x15, 0x2       x15=00000004 x15:00000001
17033890ns          291403 1c008a62 00d7f7b3 and              x15, x15, x13       x15=00000000 x15:00000004 x13:00001f80
17033910ns          291404 1c008a64 ee873733 p.bclr           x14, x14, 23, 8     x14=00000008 x14:00000008
17033930ns          291405 1c008a68 1a10f6b7 lui              x13, 0x1a10f000     x13=1a10f000
17033950ns          291406 1c008a6c 0ff57513 andi             x10, x10, 255       x10=00000020 x10:00000020
17033970ns          291407 1c008a70 00d70733 add              x14, x14, x13       x14=1a10f008 x14:00000008 x13:1a10f000
17033990ns          291408 1c008a72 00a7e723 p.sw             x10, x0(x15)        x10:00000020 x15:00000000  PA:1a10f008
17034308ns          291424 1c008a76 00000513 addi             x10, x0, 0          x10=00000000
17034328ns          291425 1c008a78 00008067 jalr             x0, x1, 0            x1:1c008e4c
17034368ns          291427 1c008e4c fff48493 addi             x9, x9, -1           x9=0000000e  x9:0000000f
17034388ns          291428 1c008e4e fff537e3 p.bneimm         x10, -18            x10:00000000
17034447ns          291431 1c008e3c 012d8733 add              x14, x27, x18       x14=00000010 x27:efffe5bd x18:10001a53
17034467ns          291432 1c008e40 5a048b63 beq              x9, x0, 1462         x9:0000000e
17034487ns          291433 1c008e44 0019450b p.lbu            x10, 1(x18!)        x10=0000004d x18=10001a54 x18:10001a53  PA:10001a53
17034507ns          291434 1c008e48 01a005b3 add              x11, x0, x26        x11=00000002 x26:00000002
17034527ns          291435 1c008e4a 000b00e7 jalr             x1, x22, 0           x1=1c008e4c x22:1c008a52
17034567ns          291437 1c008a52 000026b7 lui              x13, 0x2000         x13=00002000
17034587ns          291438 1c008a54 f14027f3 csrrs            x15, x0, 0xf14      x15=00000001
17034606ns          291439 1c008a58 f8068693 addi             x13, x13, -128      x13=00001f80 x13:00002000
17034626ns          291440 1c008a5c 00379713 slli             x14, x15, 0x3       x14=00000008 x15:00000001
17034646ns          291441 1c008a60 00279793 slli             x15, x15, 0x2       x15=00000004 x15:00000001
17034666ns          291442 1c008a62 00d7f7b3 and              x15, x15, x13       x15=00000000 x15:00000004 x13:00001f80
17034686ns          291443 1c008a64 ee873733 p.bclr           x14, x14, 23, 8     x14=00000008 x14:00000008
17034706ns          291444 1c008a68 1a10f6b7 lui              x13, 0x1a10f000     x13=1a10f000
17034726ns          291445 1c008a6c 0ff57513 andi             x10, x10, 255       x10=0000004d x10:0000004d
17034746ns          291446 1c008a70 00d70733 add              x14, x14, x13       x14=1a10f008 x14:00000008 x13:1a10f000
17034766ns          291447 1c008a72 00a7e723 p.sw             x10, x0(x15)        x10:0000004d x15:00000000  PA:1a10f008
17035084ns          291463 1c008a76 00000513 addi             x10, x0, 0          x10=00000000
17035104ns          291464 1c008a78 00008067 jalr             x0, x1, 0            x1:1c008e4c
17035143ns          291466 1c008e4c fff48493 addi             x9, x9, -1           x9=0000000d  x9:0000000e
17035163ns          291467 1c008e4e fff537e3 p.bneimm         x10, -18            x10:00000000
17035223ns          291470 1c008e3c 012d8733 add              x14, x27, x18       x14=00000011 x27:efffe5bd x18:10001a54
17035243ns          291471 1c008e40 5a048b63 beq              x9, x0, 1462         x9:0000000d
17035263ns          291472 1c008e44 0019450b p.lbu            x10, 1(x18!)        x10=00000075 x18=10001a55 x18:10001a54  PA:10001a54
17035283ns          291473 1c008e48 01a005b3 add              x11, x0, x26        x11=00000002 x26:00000002
17035303ns          291474 1c008e4a 000b00e7 jalr             x1, x22, 0           x1=1c008e4c x22:1c008a52
17035342ns          291476 1c008a52 000026b7 lui              x13, 0x2000         x13=00002000
17035362ns          291477 1c008a54 f14027f3 csrrs            x15, x0, 0xf14      x15=00000001
17035382ns          291478 1c008a58 f8068693 addi             x13, x13, -128      x13=00001f80 x13:00002000
17035402ns          291479 1c008a5c 00379713 slli             x14, x15, 0x3       x14=00000008 x15:00000001
17035422ns          291480 1c008a60 00279793 slli             x15, x15, 0x2       x15=00000004 x15:00000001
17035442ns          291481 1c008a62 00d7f7b3 and              x15, x15, x13       x15=00000000 x15:00000004 x13:00001f80
17035462ns          291482 1c008a64 ee873733 p.bclr           x14, x14, 23, 8     x14=00000008 x14:00000008
17035482ns          291483 1c008a68 1a10f6b7 lui              x13, 0x1a10f000     x13=1a10f000
17035502ns          291484 1c008a6c 0ff57513 andi             x10, x10, 255       x10=00000075 x10:00000075
17035521ns          291485 1c008a70 00d70733 add              x14, x14, x13       x14=1a10f008 x14:00000008 x13:1a10f000
17035541ns          291486 1c008a72 00a7e723 p.sw             x10, x0(x15)        x10:00000075 x15:00000000  PA:1a10f008
17035860ns          291502 1c008a76 00000513 addi             x10, x0, 0          x10=00000000
17035879ns          291503 1c008a78 00008067 jalr             x0, x1, 0            x1:1c008e4c
17035919ns          291505 1c008e4c fff48493 addi             x9, x9, -1           x9=0000000c  x9:0000000d
17035939ns          291506 1c008e4e fff537e3 p.bneimm         x10, -18            x10:00000000
17035999ns          291509 1c008e3c 012d8733 add              x14, x27, x18       x14=00000012 x27:efffe5bd x18:10001a55
17036019ns          291510 1c008e40 5a048b63 beq              x9, x0, 1462         x9:0000000c
17036039ns          291511 1c008e44 0019450b p.lbu            x10, 1(x18!)        x10=0000006c x18=10001a56 x18:10001a55  PA:10001a55
17036058ns          291512 1c008e48 01a005b3 add              x11, x0, x26        x11=00000002 x26:00000002
17036078ns          291513 1c008e4a 000b00e7 jalr             x1, x22, 0           x1=1c008e4c x22:1c008a52
17036118ns          291515 1c008a52 000026b7 lui              x13, 0x2000         x13=00002000
17036138ns          291516 1c008a54 f14027f3 csrrs            x15, x0, 0xf14      x15=00000001
17036158ns          291517 1c008a58 f8068693 addi             x13, x13, -128      x13=00001f80 x13:00002000
17036178ns          291518 1c008a5c 00379713 slli             x14, x15, 0x3       x14=00000008 x15:00000001
17036198ns          291519 1c008a60 00279793 slli             x15, x15, 0x2       x15=00000004 x15:00000001
17036218ns          291520 1c008a62 00d7f7b3 and              x15, x15, x13       x15=00000000 x15:00000004 x13:00001f80
17036237ns          291521 1c008a64 ee873733 p.bclr           x14, x14, 23, 8     x14=00000008 x14:00000008
17036257ns          291522 1c008a68 1a10f6b7 lui              x13, 0x1a10f000     x13=1a10f000
17036277ns          291523 1c008a6c 0ff57513 andi             x10, x10, 255       x10=0000006c x10:0000006c
17036297ns          291524 1c008a70 00d70733 add              x14, x14, x13       x14=1a10f008 x14:00000008 x13:1a10f000
17036317ns          291525 1c008a72 00a7e723 p.sw             x10, x0(x15)        x10:0000006c x15:00000000  PA:1a10f008
17036655ns          291542 1c008a76 00000513 addi             x10, x0, 0          x10=00000000
17036675ns          291543 1c008a78 00008067 jalr             x0, x1, 0            x1:1c008e4c
17036715ns          291545 1c008e4c fff48493 addi             x9, x9, -1           x9=0000000b  x9:0000000c
17036735ns          291546 1c008e4e fff537e3 p.bneimm         x10, -18            x10:00000000
17036794ns          291549 1c008e3c 012d8733 add              x14, x27, x18       x14=00000013 x27:efffe5bd x18:10001a56
17036814ns          291550 1c008e40 5a048b63 beq              x9, x0, 1462         x9:0000000b
17036834ns          291551 1c008e44 0019450b p.lbu            x10, 1(x18!)        x10=00000074 x18=10001a57 x18:10001a56  PA:10001a56
17036854ns          291552 1c008e48 01a005b3 add              x11, x0, x26        x11=00000002 x26:00000002
17036874ns          291553 1c008e4a 000b00e7 jalr             x1, x22, 0           x1=1c008e4c x22:1c008a52
17036914ns          291555 1c008a52 000026b7 lui              x13, 0x2000         x13=00002000
17036934ns          291556 1c008a54 f14027f3 csrrs            x15, x0, 0xf14      x15=00000001
17036954ns          291557 1c008a58 f8068693 addi             x13, x13, -128      x13=00001f80 x13:00002000
17036973ns          291558 1c008a5c 00379713 slli             x14, x15, 0x3       x14=00000008 x15:00000001
17036993ns          291559 1c008a60 00279793 slli             x15, x15, 0x2       x15=00000004 x15:00000001
17037013ns          291560 1c008a62 00d7f7b3 and              x15, x15, x13       x15=00000000 x15:00000004 x13:00001f80
17037033ns          291561 1c008a64 ee873733 p.bclr           x14, x14, 23, 8     x14=00000008 x14:00000008
17037053ns          291562 1c008a68 1a10f6b7 lui              x13, 0x1a10f000     x13=1a10f000
17037073ns          291563 1c008a6c 0ff57513 andi             x10, x10, 255       x10=00000074 x10:00000074
17037093ns          291564 1c008a70 00d70733 add              x14, x14, x13       x14=1a10f008 x14:00000008 x13:1a10f000
17037113ns          291565 1c008a72 00a7e723 p.sw             x10, x0(x15)        x10:00000074 x15:00000000  PA:1a10f008
17037431ns          291581 1c008a76 00000513 addi             x10, x0, 0          x10=00000000
17037451ns          291582 1c008a78 00008067 jalr             x0, x1, 0            x1:1c008e4c
17037491ns          291584 1c008e4c fff48493 addi             x9, x9, -1           x9=0000000a  x9:0000000b
17037510ns          291585 1c008e4e fff537e3 p.bneimm         x10, -18            x10:00000000
17037570ns          291588 1c008e3c 012d8733 add              x14, x27, x18       x14=00000014 x27:efffe5bd x18:10001a57
17037590ns          291589 1c008e40 5a048b63 beq              x9, x0, 1462         x9:0000000a
17037610ns          291590 1c008e44 0019450b p.lbu            x10, 1(x18!)        x10=00000069 x18=10001a58 x18:10001a57  PA:10001a57
17037630ns          291591 1c008e48 01a005b3 add              x11, x0, x26        x11=00000002 x26:00000002
17037650ns          291592 1c008e4a 000b00e7 jalr             x1, x22, 0           x1=1c008e4c x22:1c008a52
17037689ns          291594 1c008a52 000026b7 lui              x13, 0x2000         x13=00002000
17037709ns          291595 1c008a54 f14027f3 csrrs            x15, x0, 0xf14      x15=00000001
17037729ns          291596 1c008a58 f8068693 addi             x13, x13, -128      x13=00001f80 x13:00002000
17037749ns          291597 1c008a5c 00379713 slli             x14, x15, 0x3       x14=00000008 x15:00000001
17037769ns          291598 1c008a60 00279793 slli             x15, x15, 0x2       x15=00000004 x15:00000001
17037789ns          291599 1c008a62 00d7f7b3 and              x15, x15, x13       x15=00000000 x15:00000004 x13:00001f80
17037809ns          291600 1c008a64 ee873733 p.bclr           x14, x14, 23, 8     x14=00000008 x14:00000008
17037829ns          291601 1c008a68 1a10f6b7 lui              x13, 0x1a10f000     x13=1a10f000
17037849ns          291602 1c008a6c 0ff57513 andi             x10, x10, 255       x10=00000069 x10:00000069
17037869ns          291603 1c008a70 00d70733 add              x14, x14, x13       x14=1a10f008 x14:00000008 x13:1a10f000
17037888ns          291604 1c008a72 00a7e723 p.sw             x10, x0(x15)        x10:00000069 x15:00000000  PA:1a10f008
17038207ns          291620 1c008a76 00000513 addi             x10, x0, 0          x10=00000000
17038227ns          291621 1c008a78 00008067 jalr             x0, x1, 0            x1:1c008e4c
17038266ns          291623 1c008e4c fff48493 addi             x9, x9, -1           x9=00000009  x9:0000000a
17038286ns          291624 1c008e4e fff537e3 p.bneimm         x10, -18            x10:00000000
17038346ns          291627 1c008e3c 012d8733 add              x14, x27, x18       x14=00000015 x27:efffe5bd x18:10001a58
17038366ns          291628 1c008e40 5a048b63 beq              x9, x0, 1462         x9:00000009
17038386ns          291629 1c008e44 0019450b p.lbu            x10, 1(x18!)        x10=00000070 x18=10001a59 x18:10001a58  PA:10001a58
17038406ns          291630 1c008e48 01a005b3 add              x11, x0, x26        x11=00000002 x26:00000002
17038425ns          291631 1c008e4a 000b00e7 jalr             x1, x22, 0           x1=1c008e4c x22:1c008a52
17038465ns          291633 1c008a52 000026b7 lui              x13, 0x2000         x13=00002000
17038485ns          291634 1c008a54 f14027f3 csrrs            x15, x0, 0xf14      x15=00000001
17038505ns          291635 1c008a58 f8068693 addi             x13, x13, -128      x13=00001f80 x13:00002000
17038525ns          291636 1c008a5c 00379713 slli             x14, x15, 0x3       x14=00000008 x15:00000001
17038545ns          291637 1c008a60 00279793 slli             x15, x15, 0x2       x15=00000004 x15:00000001
17038565ns          291638 1c008a62 00d7f7b3 and              x15, x15, x13       x15=00000000 x15:00000004 x13:00001f80
17038585ns          291639 1c008a64 ee873733 p.bclr           x14, x14, 23, 8     x14=00000008 x14:00000008
17038604ns          291640 1c008a68 1a10f6b7 lui              x13, 0x1a10f000     x13=1a10f000
17038624ns          291641 1c008a6c 0ff57513 andi             x10, x10, 255       x10=00000070 x10:00000070
17038644ns          291642 1c008a70 00d70733 add              x14, x14, x13       x14=1a10f008 x14:00000008 x13:1a10f000
17038664ns          291643 1c008a72 00a7e723 p.sw             x10, x0(x15)        x10:00000070 x15:00000000  PA:1a10f008
17038982ns          291659 1c008a76 00000513 addi             x10, x0, 0          x10=00000000
17039002ns          291660 1c008a78 00008067 jalr             x0, x1, 0            x1:1c008e4c
17039042ns          291662 1c008e4c fff48493 addi             x9, x9, -1           x9=00000008  x9:00000009
17039062ns          291663 1c008e4e fff537e3 p.bneimm         x10, -18            x10:00000000
17039122ns          291666 1c008e3c 012d8733 add              x14, x27, x18       x14=00000016 x27:efffe5bd x18:10001a59
17039142ns          291667 1c008e40 5a048b63 beq              x9, x0, 1462         x9:00000008
17039161ns          291668 1c008e44 0019450b p.lbu            x10, 1(x18!)        x10=0000006c x18=10001a5a x18:10001a59  PA:10001a59
17039181ns          291669 1c008e48 01a005b3 add              x11, x0, x26        x11=00000002 x26:00000002
17039201ns          291670 1c008e4a 000b00e7 jalr             x1, x22, 0           x1=1c008e4c x22:1c008a52
17039241ns          291672 1c008a52 000026b7 lui              x13, 0x2000         x13=00002000
17039261ns          291673 1c008a54 f14027f3 csrrs            x15, x0, 0xf14      x15=00000001
17039281ns          291674 1c008a58 f8068693 addi             x13, x13, -128      x13=00001f80 x13:00002000
17039301ns          291675 1c008a5c 00379713 slli             x14, x15, 0x3       x14=00000008 x15:00000001
17039321ns          291676 1c008a60 00279793 slli             x15, x15, 0x2       x15=00000004 x15:00000001
17039340ns          291677 1c008a62 00d7f7b3 and              x15, x15, x13       x15=00000000 x15:00000004 x13:00001f80
17039360ns          291678 1c008a64 ee873733 p.bclr           x14, x14, 23, 8     x14=00000008 x14:00000008
17039380ns          291679 1c008a68 1a10f6b7 lui              x13, 0x1a10f000     x13=1a10f000
17039400ns          291680 1c008a6c 0ff57513 andi             x10, x10, 255       x10=0000006c x10:0000006c
17039420ns          291681 1c008a70 00d70733 add              x14, x14, x13       x14=1a10f008 x14:00000008 x13:1a10f000
17039440ns          291682 1c008a72 00a7e723 p.sw             x10, x0(x15)        x10:0000006c x15:00000000  PA:1a10f008
17039758ns          291698 1c008a76 00000513 addi             x10, x0, 0          x10=00000000
17039778ns          291699 1c008a78 00008067 jalr             x0, x1, 0            x1:1c008e4c
17039818ns          291701 1c008e4c fff48493 addi             x9, x9, -1           x9=00000007  x9:00000008
17039838ns          291702 1c008e4e fff537e3 p.bneimm         x10, -18            x10:00000000
17039897ns          291705 1c008e3c 012d8733 add              x14, x27, x18       x14=00000017 x27:efffe5bd x18:10001a5a
17039917ns          291706 1c008e40 5a048b63 beq              x9, x0, 1462         x9:00000007
17039937ns          291707 1c008e44 0019450b p.lbu            x10, 1(x18!)        x10=00000069 x18=10001a5b x18:10001a5a  PA:10001a5a
17039957ns          291708 1c008e48 01a005b3 add              x11, x0, x26        x11=00000002 x26:00000002
17039977ns          291709 1c008e4a 000b00e7 jalr             x1, x22, 0           x1=1c008e4c x22:1c008a52
17040017ns          291711 1c008a52 000026b7 lui              x13, 0x2000         x13=00002000
17040037ns          291712 1c008a54 f14027f3 csrrs            x15, x0, 0xf14      x15=00000001
17040056ns          291713 1c008a58 f8068693 addi             x13, x13, -128      x13=00001f80 x13:00002000
17040076ns          291714 1c008a5c 00379713 slli             x14, x15, 0x3       x14=00000008 x15:00000001
17040096ns          291715 1c008a60 00279793 slli             x15, x15, 0x2       x15=00000004 x15:00000001
17040116ns          291716 1c008a62 00d7f7b3 and              x15, x15, x13       x15=00000000 x15:00000004 x13:00001f80
17040136ns          291717 1c008a64 ee873733 p.bclr           x14, x14, 23, 8     x14=00000008 x14:00000008
17040156ns          291718 1c008a68 1a10f6b7 lui              x13, 0x1a10f000     x13=1a10f000
17040176ns          291719 1c008a6c 0ff57513 andi             x10, x10, 255       x10=00000069 x10:00000069
17040196ns          291720 1c008a70 00d70733 add              x14, x14, x13       x14=1a10f008 x14:00000008 x13:1a10f000
17040216ns          291721 1c008a72 00a7e723 p.sw             x10, x0(x15)        x10:00000069 x15:00000000  PA:1a10f008
17040534ns          291737 1c008a76 00000513 addi             x10, x0, 0          x10=00000000
17040554ns          291738 1c008a78 00008067 jalr             x0, x1, 0            x1:1c008e4c
17040594ns          291740 1c008e4c fff48493 addi             x9, x9, -1           x9=00000006  x9:00000007
17040613ns          291741 1c008e4e fff537e3 p.bneimm         x10, -18            x10:00000000
17040673ns          291744 1c008e3c 012d8733 add              x14, x27, x18       x14=00000018 x27:efffe5bd x18:10001a5b
17040693ns          291745 1c008e40 5a048b63 beq              x9, x0, 1462         x9:00000006
17040713ns          291746 1c008e44 0019450b p.lbu            x10, 1(x18!)        x10=00000063 x18=10001a5c x18:10001a5b  PA:10001a5b
17040733ns          291747 1c008e48 01a005b3 add              x11, x0, x26        x11=00000002 x26:00000002
17040753ns          291748 1c008e4a 000b00e7 jalr             x1, x22, 0           x1=1c008e4c x22:1c008a52
17040792ns          291750 1c008a52 000026b7 lui              x13, 0x2000         x13=00002000
17040812ns          291751 1c008a54 f14027f3 csrrs            x15, x0, 0xf14      x15=00000001
17040832ns          291752 1c008a58 f8068693 addi             x13, x13, -128      x13=00001f80 x13:00002000
17040852ns          291753 1c008a5c 00379713 slli             x14, x15, 0x3       x14=00000008 x15:00000001
17040872ns          291754 1c008a60 00279793 slli             x15, x15, 0x2       x15=00000004 x15:00000001
17040892ns          291755 1c008a62 00d7f7b3 and              x15, x15, x13       x15=00000000 x15:00000004 x13:00001f80
17040912ns          291756 1c008a64 ee873733 p.bclr           x14, x14, 23, 8     x14=00000008 x14:00000008
17040932ns          291757 1c008a68 1a10f6b7 lui              x13, 0x1a10f000     x13=1a10f000
17040952ns          291758 1c008a6c 0ff57513 andi             x10, x10, 255       x10=00000063 x10:00000063
17040971ns          291759 1c008a70 00d70733 add              x14, x14, x13       x14=1a10f008 x14:00000008 x13:1a10f000
17040991ns          291760 1c008a72 00a7e723 p.sw             x10, x0(x15)        x10:00000063 x15:00000000  PA:1a10f008
17041310ns          291776 1c008a76 00000513 addi             x10, x0, 0          x10=00000000
17041329ns          291777 1c008a78 00008067 jalr             x0, x1, 0            x1:1c008e4c
17041369ns          291779 1c008e4c fff48493 addi             x9, x9, -1           x9=00000005  x9:00000006
17041389ns          291780 1c008e4e fff537e3 p.bneimm         x10, -18            x10:00000000
17041449ns          291783 1c008e3c 012d8733 add              x14, x27, x18       x14=00000019 x27:efffe5bd x18:10001a5c
17041469ns          291784 1c008e40 5a048b63 beq              x9, x0, 1462         x9:00000005
17041489ns          291785 1c008e44 0019450b p.lbu            x10, 1(x18!)        x10=00000061 x18=10001a5d x18:10001a5c  PA:10001a5c
17041509ns          291786 1c008e48 01a005b3 add              x11, x0, x26        x11=00000002 x26:00000002
17041528ns          291787 1c008e4a 000b00e7 jalr             x1, x22, 0           x1=1c008e4c x22:1c008a52
17041568ns          291789 1c008a52 000026b7 lui              x13, 0x2000         x13=00002000
17041588ns          291790 1c008a54 f14027f3 csrrs            x15, x0, 0xf14      x15=00000001
17041608ns          291791 1c008a58 f8068693 addi             x13, x13, -128      x13=00001f80 x13:00002000
17041628ns          291792 1c008a5c 00379713 slli             x14, x15, 0x3       x14=00000008 x15:00000001
17041648ns          291793 1c008a60 00279793 slli             x15, x15, 0x2       x15=00000004 x15:00000001
17041668ns          291794 1c008a62 00d7f7b3 and              x15, x15, x13       x15=00000000 x15:00000004 x13:00001f80
17041688ns          291795 1c008a64 ee873733 p.bclr           x14, x14, 23, 8     x14=00000008 x14:00000008
17041707ns          291796 1c008a68 1a10f6b7 lui              x13, 0x1a10f000     x13=1a10f000
17041727ns          291797 1c008a6c 0ff57513 andi             x10, x10, 255       x10=00000061 x10:00000061
17041747ns          291798 1c008a70 00d70733 add              x14, x14, x13       x14=1a10f008 x14:00000008 x13:1a10f000
17041767ns          291799 1c008a72 00a7e723 p.sw             x10, x0(x15)        x10:00000061 x15:00000000  PA:1a10f008
17042085ns          291815 1c008a76 00000513 addi             x10, x0, 0          x10=00000000
17042105ns          291816 1c008a78 00008067 jalr             x0, x1, 0            x1:1c008e4c
17042145ns          291818 1c008e4c fff48493 addi             x9, x9, -1           x9=00000004  x9:00000005
17042165ns          291819 1c008e4e fff537e3 p.bneimm         x10, -18            x10:00000000
17042225ns          291822 1c008e3c 012d8733 add              x14, x27, x18       x14=0000001a x27:efffe5bd x18:10001a5d
17042244ns          291823 1c008e40 5a048b63 beq              x9, x0, 1462         x9:00000004
17042264ns          291824 1c008e44 0019450b p.lbu            x10, 1(x18!)        x10=00000074 x18=10001a5e x18:10001a5d  PA:10001a5d
17042284ns          291825 1c008e48 01a005b3 add              x11, x0, x26        x11=00000002 x26:00000002
17042304ns          291826 1c008e4a 000b00e7 jalr             x1, x22, 0           x1=1c008e4c x22:1c008a52
17042344ns          291828 1c008a52 000026b7 lui              x13, 0x2000         x13=00002000
17042364ns          291829 1c008a54 f14027f3 csrrs            x15, x0, 0xf14      x15=00000001
17042384ns          291830 1c008a58 f8068693 addi             x13, x13, -128      x13=00001f80 x13:00002000
17042404ns          291831 1c008a5c 00379713 slli             x14, x15, 0x3       x14=00000008 x15:00000001
17042423ns          291832 1c008a60 00279793 slli             x15, x15, 0x2       x15=00000004 x15:00000001
17042443ns          291833 1c008a62 00d7f7b3 and              x15, x15, x13       x15=00000000 x15:00000004 x13:00001f80
17042463ns          291834 1c008a64 ee873733 p.bclr           x14, x14, 23, 8     x14=00000008 x14:00000008
17042483ns          291835 1c008a68 1a10f6b7 lui              x13, 0x1a10f000     x13=1a10f000
17042503ns          291836 1c008a6c 0ff57513 andi             x10, x10, 255       x10=00000074 x10:00000074
17042523ns          291837 1c008a70 00d70733 add              x14, x14, x13       x14=1a10f008 x14:00000008 x13:1a10f000
17042543ns          291838 1c008a72 00a7e723 p.sw             x10, x0(x15)        x10:00000074 x15:00000000  PA:1a10f008
17042861ns          291854 1c008a76 00000513 addi             x10, x0, 0          x10=00000000
17042881ns          291855 1c008a78 00008067 jalr             x0, x1, 0            x1:1c008e4c
17042921ns          291857 1c008e4c fff48493 addi             x9, x9, -1           x9=00000003  x9:00000004
17042941ns          291858 1c008e4e fff537e3 p.bneimm         x10, -18            x10:00000000
17043000ns          291861 1c008e3c 012d8733 add              x14, x27, x18       x14=0000001b x27:efffe5bd x18:10001a5e
17043020ns          291862 1c008e40 5a048b63 beq              x9, x0, 1462         x9:00000003
17043040ns          291863 1c008e44 0019450b p.lbu            x10, 1(x18!)        x10=00000069 x18=10001a5f x18:10001a5e  PA:10001a5e
17043060ns          291864 1c008e48 01a005b3 add              x11, x0, x26        x11=00000002 x26:00000002
17043080ns          291865 1c008e4a 000b00e7 jalr             x1, x22, 0           x1=1c008e4c x22:1c008a52
17043120ns          291867 1c008a52 000026b7 lui              x13, 0x2000         x13=00002000
17043140ns          291868 1c008a54 f14027f3 csrrs            x15, x0, 0xf14      x15=00000001
17043159ns          291869 1c008a58 f8068693 addi             x13, x13, -128      x13=00001f80 x13:00002000
17043179ns          291870 1c008a5c 00379713 slli             x14, x15, 0x3       x14=00000008 x15:00000001
17043199ns          291871 1c008a60 00279793 slli             x15, x15, 0x2       x15=00000004 x15:00000001
17043219ns          291872 1c008a62 00d7f7b3 and              x15, x15, x13       x15=00000000 x15:00000004 x13:00001f80
17043239ns          291873 1c008a64 ee873733 p.bclr           x14, x14, 23, 8     x14=00000008 x14:00000008
17043259ns          291874 1c008a68 1a10f6b7 lui              x13, 0x1a10f000     x13=1a10f000
17043279ns          291875 1c008a6c 0ff57513 andi             x10, x10, 255       x10=00000069 x10:00000069
17043299ns          291876 1c008a70 00d70733 add              x14, x14, x13       x14=1a10f008 x14:00000008 x13:1a10f000
17043319ns          291877 1c008a72 00a7e723 p.sw             x10, x0(x15)        x10:00000069 x15:00000000  PA:1a10f008
17043637ns          291893 1c008a76 00000513 addi             x10, x0, 0          x10=00000000
17043657ns          291894 1c008a78 00008067 jalr             x0, x1, 0            x1:1c008e4c
17043696ns          291896 1c008e4c fff48493 addi             x9, x9, -1           x9=00000002  x9:00000003
17043716ns          291897 1c008e4e fff537e3 p.bneimm         x10, -18            x10:00000000
17043776ns          291900 1c008e3c 012d8733 add              x14, x27, x18       x14=0000001c x27:efffe5bd x18:10001a5f
17043796ns          291901 1c008e40 5a048b63 beq              x9, x0, 1462         x9:00000002
17043816ns          291902 1c008e44 0019450b p.lbu            x10, 1(x18!)        x10=0000006f x18=10001a60 x18:10001a5f  PA:10001a5f
17043836ns          291903 1c008e48 01a005b3 add              x11, x0, x26        x11=00000002 x26:00000002
17043856ns          291904 1c008e4a 000b00e7 jalr             x1, x22, 0           x1=1c008e4c x22:1c008a52
17043895ns          291906 1c008a52 000026b7 lui              x13, 0x2000         x13=00002000
17043915ns          291907 1c008a54 f14027f3 csrrs            x15, x0, 0xf14      x15=00000001
17043935ns          291908 1c008a58 f8068693 addi             x13, x13, -128      x13=00001f80 x13:00002000
17043955ns          291909 1c008a5c 00379713 slli             x14, x15, 0x3       x14=00000008 x15:00000001
17043975ns          291910 1c008a60 00279793 slli             x15, x15, 0x2       x15=00000004 x15:00000001
17043995ns          291911 1c008a62 00d7f7b3 and              x15, x15, x13       x15=00000000 x15:00000004 x13:00001f80
17044015ns          291912 1c008a64 ee873733 p.bclr           x14, x14, 23, 8     x14=00000008 x14:00000008
17044035ns          291913 1c008a68 1a10f6b7 lui              x13, 0x1a10f000     x13=1a10f000
17044055ns          291914 1c008a6c 0ff57513 andi             x10, x10, 255       x10=0000006f x10:0000006f
17044074ns          291915 1c008a70 00d70733 add              x14, x14, x13       x14=1a10f008 x14:00000008 x13:1a10f000
17044094ns          291916 1c008a72 00a7e723 p.sw             x10, x0(x15)        x10:0000006f x15:00000000  PA:1a10f008
17044413ns          291932 1c008a76 00000513 addi             x10, x0, 0          x10=00000000
17044432ns          291933 1c008a78 00008067 jalr             x0, x1, 0            x1:1c008e4c
17044472ns          291935 1c008e4c fff48493 addi             x9, x9, -1           x9=00000001  x9:00000002
17044492ns          291936 1c008e4e fff537e3 p.bneimm         x10, -18            x10:00000000
17044552ns          291939 1c008e3c 012d8733 add              x14, x27, x18       x14=0000001d x27:efffe5bd x18:10001a60
17044572ns          291940 1c008e40 5a048b63 beq              x9, x0, 1462         x9:00000001
17044592ns          291941 1c008e44 0019450b p.lbu            x10, 1(x18!)        x10=0000006e x18=10001a61 x18:10001a60  PA:10001a60
17044611ns          291942 1c008e48 01a005b3 add              x11, x0, x26        x11=00000002 x26:00000002
17044631ns          291943 1c008e4a 000b00e7 jalr             x1, x22, 0           x1=1c008e4c x22:1c008a52
17044671ns          291945 1c008a52 000026b7 lui              x13, 0x2000         x13=00002000
17044691ns          291946 1c008a54 f14027f3 csrrs            x15, x0, 0xf14      x15=00000001
17044711ns          291947 1c008a58 f8068693 addi             x13, x13, -128      x13=00001f80 x13:00002000
17044731ns          291948 1c008a5c 00379713 slli             x14, x15, 0x3       x14=00000008 x15:00000001
17044751ns          291949 1c008a60 00279793 slli             x15, x15, 0x2       x15=00000004 x15:00000001
17044771ns          291950 1c008a62 00d7f7b3 and              x15, x15, x13       x15=00000000 x15:00000004 x13:00001f80
17044790ns          291951 1c008a64 ee873733 p.bclr           x14, x14, 23, 8     x14=00000008 x14:00000008
17044810ns          291952 1c008a68 1a10f6b7 lui              x13, 0x1a10f000     x13=1a10f000
17044830ns          291953 1c008a6c 0ff57513 andi             x10, x10, 255       x10=0000006e x10:0000006e
17044850ns          291954 1c008a70 00d70733 add              x14, x14, x13       x14=1a10f008 x14:00000008 x13:1a10f000
17044870ns          291955 1c008a72 00a7e723 p.sw             x10, x0(x15)        x10:0000006e x15:00000000  PA:1a10f008
17045188ns          291971 1c008a76 00000513 addi             x10, x0, 0          x10=00000000
17045208ns          291972 1c008a78 00008067 jalr             x0, x1, 0            x1:1c008e4c
17045248ns          291974 1c008e4c fff48493 addi             x9, x9, -1           x9=00000000  x9:00000001
17045268ns          291975 1c008e4e fff537e3 p.bneimm         x10, -18            x10:00000000
17045328ns          291978 1c008e3c 012d8733 add              x14, x27, x18       x14=0000001e x27:efffe5bd x18:10001a61
17045347ns          291979 1c008e40 5a048b63 beq              x9, x0, 1462         x9:00000000
17045725ns          291998 1c0093f6 00e00db3 add              x27, x0, x14        x27=0000001e x14:0000001e
17045765ns          292000 1c0093f8 f3cff06f jal              x0, -2244          
17045805ns          292002 1c008b34 00044503 lbu              x10, 0(x8)          x10=00000020  x8:1c000093  PA:1c000093
17046103ns          292017 1c008b38 00140413 addi             x8, x8, 1            x8=1c000094  x8:1c000093
17046123ns          292018 1c008b3a 00050e63 beq              x10, x0, 28         x10:00000020
17046143ns          292019 1c008b3c 02500793 addi             x15, x0, 37         x15=00000025
17046163ns          292020 1c008b40 04f50863 beq              x10, x15, 80        x10:00000020 x15:00000025
17046183ns          292021 1c008b44 01a005b3 add              x11, x0, x26        x11=00000002 x26:00000002
17046203ns          292022 1c008b46 000b00e7 jalr             x1, x22, 0           x1=1c008b48 x22:1c008a52
17046302ns          292027 1c008a52 000026b7 lui              x13, 0x2000         x13=00002000
17046322ns          292028 1c008a54 f14027f3 csrrs            x15, x0, 0xf14      x15=00000001
17046342ns          292029 1c008a58 f8068693 addi             x13, x13, -128      x13=00001f80 x13:00002000
17046362ns          292030 1c008a5c 00379713 slli             x14, x15, 0x3       x14=00000008 x15:00000001
17046382ns          292031 1c008a60 00279793 slli             x15, x15, 0x2       x15=00000004 x15:00000001
17046402ns          292032 1c008a62 00d7f7b3 and              x15, x15, x13       x15=00000000 x15:00000004 x13:00001f80
17046422ns          292033 1c008a64 ee873733 p.bclr           x14, x14, 23, 8     x14=00000008 x14:00000008
17046441ns          292034 1c008a68 1a10f6b7 lui              x13, 0x1a10f000     x13=1a10f000
17046461ns          292035 1c008a6c 0ff57513 andi             x10, x10, 255       x10=00000020 x10:00000020
17046481ns          292036 1c008a70 00d70733 add              x14, x14, x13       x14=1a10f008 x14:00000008 x13:1a10f000
17046501ns          292037 1c008a72 00a7e723 p.sw             x10, x0(x15)        x10:00000020 x15:00000000  PA:1a10f008
17046998ns          292062 1c008a76 00000513 addi             x10, x0, 0          x10=00000000
17047018ns          292063 1c008a78 00008067 jalr             x0, x1, 0            x1:1c008b48
17047058ns          292065 1c008b48 31f52563 p.beqimm         x10, 778            x10:00000000
17047078ns          292066 1c008b4c 001d8d93 addi             x27, x27, 1         x27=0000001f x27:0000001e
17047098ns          292067 1c008b4e 00044503 lbu              x10, 0(x8)          x10=0000002d  x8:1c000094  PA:1c000094
17047476ns          292086 1c008b52 00140413 addi             x8, x8, 1            x8=1c000095  x8:1c000094
17047496ns          292087 1c008b54 fe0514e3 bne              x10, x0, -24        x10:0000002d
17047555ns          292090 1c008b3c 02500793 addi             x15, x0, 37         x15=00000025
17047575ns          292091 1c008b40 04f50863 beq              x10, x15, 80        x10:0000002d x15:00000025
17047595ns          292092 1c008b44 01a005b3 add              x11, x0, x26        x11=00000002 x26:00000002
17047615ns          292093 1c008b46 000b00e7 jalr             x1, x22, 0           x1=1c008b48 x22:1c008a52
17047655ns          292095 1c008a52 000026b7 lui              x13, 0x2000         x13=00002000
17047675ns          292096 1c008a54 f14027f3 csrrs            x15, x0, 0xf14      x15=00000001
17047695ns          292097 1c008a58 f8068693 addi             x13, x13, -128      x13=00001f80 x13:00002000
17047714ns          292098 1c008a5c 00379713 slli             x14, x15, 0x3       x14=00000008 x15:00000001
17047774ns          292101 1c008a60 00279793 slli             x15, x15, 0x2       x15=00000004 x15:00000001
17047794ns          292102 1c008a62 00d7f7b3 and              x15, x15, x13       x15=00000000 x15:00000004 x13:00001f80
17047814ns          292103 1c008a64 ee873733 p.bclr           x14, x14, 23, 8     x14=00000008 x14:00000008
17047834ns          292104 1c008a68 1a10f6b7 lui              x13, 0x1a10f000     x13=1a10f000
17047854ns          292105 1c008a6c 0ff57513 andi             x10, x10, 255       x10=0000002d x10:0000002d
17047874ns          292106 1c008a70 00d70733 add              x14, x14, x13       x14=1a10f008 x14:00000008 x13:1a10f000
17047893ns          292107 1c008a72 00a7e723 p.sw             x10, x0(x15)        x10:0000002d x15:00000000  PA:1a10f008
17048311ns          292128 1c008a76 00000513 addi             x10, x0, 0          x10=00000000
17048331ns          292129 1c008a78 00008067 jalr             x0, x1, 0            x1:1c008b48
17048371ns          292131 1c008b48 31f52563 p.beqimm         x10, 778            x10:00000000
17048391ns          292132 1c008b4c 001d8d93 addi             x27, x27, 1         x27=00000020 x27:0000001f
17048411ns          292133 1c008b4e 00044503 lbu              x10, 0(x8)          x10=0000003e  x8:1c000095  PA:1c000095
17048729ns          292149 1c008b52 00140413 addi             x8, x8, 1            x8=1c000096  x8:1c000095
17048749ns          292150 1c008b54 fe0514e3 bne              x10, x0, -24        x10:0000003e
17048808ns          292153 1c008b3c 02500793 addi             x15, x0, 37         x15=00000025
17048828ns          292154 1c008b40 04f50863 beq              x10, x15, 80        x10:0000003e x15:00000025
17048848ns          292155 1c008b44 01a005b3 add              x11, x0, x26        x11=00000002 x26:00000002
17048868ns          292156 1c008b46 000b00e7 jalr             x1, x22, 0           x1=1c008b48 x22:1c008a52
17048908ns          292158 1c008a52 000026b7 lui              x13, 0x2000         x13=00002000
17048928ns          292159 1c008a54 f14027f3 csrrs            x15, x0, 0xf14      x15=00000001
17048948ns          292160 1c008a58 f8068693 addi             x13, x13, -128      x13=00001f80 x13:00002000
17048968ns          292161 1c008a5c 00379713 slli             x14, x15, 0x3       x14=00000008 x15:00000001
17048987ns          292162 1c008a60 00279793 slli             x15, x15, 0x2       x15=00000004 x15:00000001
17049007ns          292163 1c008a62 00d7f7b3 and              x15, x15, x13       x15=00000000 x15:00000004 x13:00001f80
17049027ns          292164 1c008a64 ee873733 p.bclr           x14, x14, 23, 8     x14=00000008 x14:00000008
17049047ns          292165 1c008a68 1a10f6b7 lui              x13, 0x1a10f000     x13=1a10f000
17049067ns          292166 1c008a6c 0ff57513 andi             x10, x10, 255       x10=0000003e x10:0000003e
17049087ns          292167 1c008a70 00d70733 add              x14, x14, x13       x14=1a10f008 x14:00000008 x13:1a10f000
17049107ns          292168 1c008a72 00a7e723 p.sw             x10, x0(x15)        x10:0000003e x15:00000000  PA:1a10f008
17049425ns          292184 1c008a76 00000513 addi             x10, x0, 0          x10=00000000
17049445ns          292185 1c008a78 00008067 jalr             x0, x1, 0            x1:1c008b48
17049485ns          292187 1c008b48 31f52563 p.beqimm         x10, 778            x10:00000000
17049505ns          292188 1c008b4c 001d8d93 addi             x27, x27, 1         x27=00000021 x27:00000020
17049524ns          292189 1c008b4e 00044503 lbu              x10, 0(x8)          x10=00000020  x8:1c000096  PA:1c000096
17049823ns          292204 1c008b52 00140413 addi             x8, x8, 1            x8=1c000097  x8:1c000096
17049843ns          292205 1c008b54 fe0514e3 bne              x10, x0, -24        x10:00000020
17049902ns          292208 1c008b3c 02500793 addi             x15, x0, 37         x15=00000025
17049922ns          292209 1c008b40 04f50863 beq              x10, x15, 80        x10:00000020 x15:00000025
17049942ns          292210 1c008b44 01a005b3 add              x11, x0, x26        x11=00000002 x26:00000002
17049962ns          292211 1c008b46 000b00e7 jalr             x1, x22, 0           x1=1c008b48 x22:1c008a52
17050002ns          292213 1c008a52 000026b7 lui              x13, 0x2000         x13=00002000
17050022ns          292214 1c008a54 f14027f3 csrrs            x15, x0, 0xf14      x15=00000001
17050042ns          292215 1c008a58 f8068693 addi             x13, x13, -128      x13=00001f80 x13:00002000
17050062ns          292216 1c008a5c 00379713 slli             x14, x15, 0x3       x14=00000008 x15:00000001
17050081ns          292217 1c008a60 00279793 slli             x15, x15, 0x2       x15=00000004 x15:00000001
17050101ns          292218 1c008a62 00d7f7b3 and              x15, x15, x13       x15=00000000 x15:00000004 x13:00001f80
17050121ns          292219 1c008a64 ee873733 p.bclr           x14, x14, 23, 8     x14=00000008 x14:00000008
17050141ns          292220 1c008a68 1a10f6b7 lui              x13, 0x1a10f000     x13=1a10f000
17050161ns          292221 1c008a6c 0ff57513 andi             x10, x10, 255       x10=00000020 x10:00000020
17050181ns          292222 1c008a70 00d70733 add              x14, x14, x13       x14=1a10f008 x14:00000008 x13:1a10f000
17050201ns          292223 1c008a72 00a7e723 p.sw             x10, x0(x15)        x10:00000020 x15:00000000  PA:1a10f008
17050519ns          292239 1c008a76 00000513 addi             x10, x0, 0          x10=00000000
17050539ns          292240 1c008a78 00008067 jalr             x0, x1, 0            x1:1c008b48
17050579ns          292242 1c008b48 31f52563 p.beqimm         x10, 778            x10:00000000
17050599ns          292243 1c008b4c 001d8d93 addi             x27, x27, 1         x27=00000022 x27:00000021
17050618ns          292244 1c008b4e 00044503 lbu              x10, 0(x8)          x10=00000000  x8:1c000097  PA:1c000097
17050917ns          292259 1c008b52 00140413 addi             x8, x8, 1            x8=1c000098  x8:1c000097
17050937ns          292260 1c008b54 fe0514e3 bne              x10, x0, -24        x10:00000000
17050957ns          292261 1c008b56 01b00433 add              x8, x0, x27          x8=00000022 x27:00000022
17050977ns          292262 1c008b58 00800533 add              x10, x0, x8         x10=00000022  x8:00000022
17050996ns          292263 1c008b5a 12c12083 lw               x1, 300(x2)          x1=1c008ae6  x2:10001a28  PA:10001b54
17051016ns          292264 1c008b5e 12812403 lw               x8, 296(x2)          x8=1c00110c  x2:10001a28  PA:10001b50
17051036ns          292265 1c008b62 12412483 lw               x9, 292(x2)          x9=00000000  x2:10001a28  PA:10001b4c
17051056ns          292266 1c008b66 12012903 lw               x18, 288(x2)        x18=1a10b004  x2:10001a28  PA:10001b48
17051076ns          292267 1c008b6a 11c12983 lw               x19, 284(x2)        x19=00000001  x2:10001a28  PA:10001b44
17051354ns          292281 1c008b6e 11812a03 lw               x20, 280(x2)        x20=1c001110  x2:10001a28  PA:10001b40
17051394ns          292283 1c008b72 11412a83 lw               x21, 276(x2)        x21=1c00a000  x2:10001a28  PA:10001b3c
17051414ns          292284 1c008b76 11012b03 lw               x22, 272(x2)        x22=1c00a000  x2:10001a28  PA:10001b38
17051434ns          292285 1c008b7a 10c12b83 lw               x23, 268(x2)        x23=1c000000  x2:10001a28  PA:10001b34
17051872ns          292307 1c008b7e 10812c03 lw               x24, 264(x2)        x24=1c000000  x2:10001a28  PA:10001b30
17051911ns          292309 1c008b82 10412c83 lw               x25, 260(x2)        x25=1c000000  x2:10001a28  PA:10001b2c
17051931ns          292310 1c008b86 10012d03 lw               x26, 256(x2)        x26=1c000000  x2:10001a28  PA:10001b28
17051951ns          292311 1c008b8a 0fc12d83 lw               x27, 252(x2)        x27=1c001104  x2:10001a28  PA:10001b24
17051971ns          292312 1c008b8c 13010113 addi             x2, x2, 304          x2=10001b58  x2:10001a28
17051991ns          292313 1c008b8e 00008067 jalr             x0, x1, 0            x1:1c008ae6
17052090ns          292318 1c008ae6 01c12083 lw               x1, 28(x2)           x1=1c009cf4  x2:10001b58  PA:10001b74
17052130ns          292320 1c008ae8 04010113 addi             x2, x2, 64           x2=10001b98  x2:10001b58
17052150ns          292321 1c008aea 00008067 jalr             x0, x1, 0            x1:1c009cf4
17052687ns          292348 1c009cf4 00c12703 lw               x14, 12(x2)         x14=00000000  x2:10001b98  PA:10001ba4
17052727ns          292350 1c009cf6 098b8513 addi             x10, x23, 152       x10=1c000098 x23:1c000000
17052747ns          292351 1c009cfa 00070563 beq              x14, x0, 10         x14:00000000
17053224ns          292375 1c009d04 dbbfe0ef jal              x1, -4678            x1=1c009d08
17053304ns          292379 1c008abe fc010113 addi             x2, x2, -64          x2=10001b58  x2:10001b98
17053383ns          292383 1c008ac0 02410313 addi             x6, x2, 36           x6=10001b7c  x2:10001b58
17053423ns          292385 1c008ac4 02c12423 sw               x12, 40(x2)         x12:0000006e  x2:10001b58  PA:10001b80
17053443ns          292386 1c008ac6 00a00633 add              x12, x0, x10        x12=1c000098 x10:1c000098
17053463ns          292387 1c008ac8 1c009537 lui              x10, 0x1c009000     x10=1c009000
17053483ns          292388 1c008acc 02b12223 sw               x11, 36(x2)         x11:00000002  x2:10001b58  PA:10001b7c
17053503ns          292389 1c008ace 02d12623 sw               x13, 44(x2)         x13:1a10f000  x2:10001b58  PA:10001b84
17053523ns          292390 1c008ad0 00200593 addi             x11, x0, 2          x11=00000002
17053542ns          292391 1c008ad2 006006b3 add              x13, x0, x6         x13=10001b7c  x6:10001b7c
17053562ns          292392 1c008ad4 a5250513 addi             x10, x10, -1454     x10=1c008a52 x10:1c009000
17053582ns          292393 1c008ad8 00112e23 sw               x1, 28(x2)           x1:1c009d08  x2:10001b58  PA:10001b74
17053602ns          292394 1c008ada 02e12823 sw               x14, 48(x2)         x14:00000000  x2:10001b58  PA:10001b88
17053622ns          292395 1c008adc 02f12a23 sw               x15, 52(x2)         x15:00000000  x2:10001b58  PA:10001b8c
17053642ns          292396 1c008ade 03012c23 sw               x16, 56(x2)         x16:10001a4c  x2:10001b58  PA:10001b90
17053662ns          292397 1c008ae0 03112e23 sw               x17, 60(x2)         x17:1c000040  x2:10001b58  PA:10001b94
17053682ns          292398 1c008ae2 00612623 sw               x6, 12(x2)           x6:10001b7c  x2:10001b58  PA:10001b64
17053702ns          292399 1c008ae4 fbfff0ef jal              x1, -66              x1=1c008ae6
17053781ns          292403 1c008aa2 04a0006f jal              x0, 74             
17053821ns          292405 1c008aec ed010113 addi             x2, x2, -304         x2=10001a28  x2:10001b58
17053841ns          292406 1c008aee 12812423 sw               x8, 296(x2)          x8:1c00110c  x2:10001a28  PA:10001b50
17053861ns          292407 1c008af2 00000413 addi             x8, x0, 0            x8=00000000
17053881ns          292408 1c008af4 11612823 sw               x22, 272(x2)        x22:1c00a000  x2:10001a28  PA:10001b38
17053900ns          292409 1c008af8 11712623 sw               x23, 268(x2)        x23:1c000000  x2:10001a28  PA:10001b34
17053920ns          292410 1c008afc 11812423 sw               x24, 264(x2)        x24:1c000000  x2:10001a28  PA:10001b30
17053960ns          292412 1c008b00 11912223 sw               x25, 260(x2)        x25:1c000000  x2:10001a28  PA:10001b2c
17054000ns          292414 1c008b04 11a12023 sw               x26, 256(x2)        x26:1c000000  x2:10001a28  PA:10001b28
17054020ns          292415 1c008b08 0fb12e23 sw               x27, 252(x2)        x27:1c001104  x2:10001a28  PA:10001b24
17054040ns          292416 1c008b0a 12112623 sw               x1, 300(x2)          x1:1c008ae6  x2:10001a28  PA:10001b54
17054060ns          292417 1c008b0e 00800db3 add              x27, x0, x8         x27=00000000  x8:00000000
17054099ns          292419 1c008b10 12912223 sw               x9, 292(x2)          x9:00000000  x2:10001a28  PA:10001b4c
17054139ns          292421 1c008b14 13212023 sw               x18, 288(x2)        x18:1a10b004  x2:10001a28  PA:10001b48
17054159ns          292422 1c008b18 11312e23 sw               x19, 284(x2)        x19:00000001  x2:10001a28  PA:10001b44
17054179ns          292423 1c008b1c 11412c23 sw               x20, 280(x2)        x20:1c001110  x2:10001a28  PA:10001b40
17054239ns          292426 1c008b20 11512a23 sw               x21, 276(x2)        x21:1c00a000  x2:10001a28  PA:10001b3c
17054278ns          292428 1c008b24 00a00b33 add              x22, x0, x10        x22=1c008a52 x10:1c008a52
17054298ns          292429 1c008b26 00b00d33 add              x26, x0, x11        x26=00000002 x11:00000002
17054318ns          292430 1c008b28 00d00c33 add              x24, x0, x13        x24=10001b7c x13:10001b7c
17054338ns          292431 1c008b2a 1c000bb7 lui              x23, 0x1c000000     x23=1c000000
17054378ns          292433 1c008b2e 02410c93 addi             x25, x2, 36         x25=10001a4c  x2:10001a28
17054398ns          292434 1c008b32 00c00433 add              x8, x0, x12          x8=1c000098 x12:1c000098
17054418ns          292435 1c008b34 00044503 lbu              x10, 0(x8)          x10=00000073  x8:1c000098  PA:1c000098
17054716ns          292450 1c008b38 00140413 addi             x8, x8, 1            x8=1c000099  x8:1c000098
17054736ns          292451 1c008b3a 00050e63 beq              x10, x0, 28         x10:00000073
17054756ns          292452 1c008b3c 02500793 addi             x15, x0, 37         x15=00000025
17054776ns          292453 1c008b40 04f50863 beq              x10, x15, 80        x10:00000073 x15:00000025
17054796ns          292454 1c008b44 01a005b3 add              x11, x0, x26        x11=00000002 x26:00000002
17054815ns          292455 1c008b46 000b00e7 jalr             x1, x22, 0           x1=1c008b48 x22:1c008a52
17054855ns          292457 1c008a52 000026b7 lui              x13, 0x2000         x13=00002000
17054875ns          292458 1c008a54 f14027f3 csrrs            x15, x0, 0xf14      x15=00000001
17054895ns          292459 1c008a58 f8068693 addi             x13, x13, -128      x13=00001f80 x13:00002000
17054915ns          292460 1c008a5c 00379713 slli             x14, x15, 0x3       x14=00000008 x15:00000001
17054935ns          292461 1c008a60 00279793 slli             x15, x15, 0x2       x15=00000004 x15:00000001
17054955ns          292462 1c008a62 00d7f7b3 and              x15, x15, x13       x15=00000000 x15:00000004 x13:00001f80
17054975ns          292463 1c008a64 ee873733 p.bclr           x14, x14, 23, 8     x14=00000008 x14:00000008
17054994ns          292464 1c008a68 1a10f6b7 lui              x13, 0x1a10f000     x13=1a10f000
17055014ns          292465 1c008a6c 0ff57513 andi             x10, x10, 255       x10=00000073 x10:00000073
17055054ns          292467 1c008a70 00d70733 add              x14, x14, x13       x14=1a10f008 x14:00000008 x13:1a10f000
17055094ns          292469 1c008a72 00a7e723 p.sw             x10, x0(x15)        x10:00000073 x15:00000000  PA:1a10f008
17055531ns          292491 1c008a76 00000513 addi             x10, x0, 0          x10=00000000
17055551ns          292492 1c008a78 00008067 jalr             x0, x1, 0            x1:1c008b48
17055591ns          292494 1c008b48 31f52563 p.beqimm         x10, 778            x10:00000000
17055611ns          292495 1c008b4c 001d8d93 addi             x27, x27, 1         x27=00000001 x27:00000000
17055631ns          292496 1c008b4e 00044503 lbu              x10, 0(x8)          x10=00000075  x8:1c000099  PA:1c000099
17055929ns          292511 1c008b52 00140413 addi             x8, x8, 1            x8=1c00009a  x8:1c000099
17055949ns          292512 1c008b54 fe0514e3 bne              x10, x0, -24        x10:00000075
17056009ns          292515 1c008b3c 02500793 addi             x15, x0, 37         x15=00000025
17056029ns          292516 1c008b40 04f50863 beq              x10, x15, 80        x10:00000075 x15:00000025
17056049ns          292517 1c008b44 01a005b3 add              x11, x0, x26        x11=00000002 x26:00000002
17056069ns          292518 1c008b46 000b00e7 jalr             x1, x22, 0           x1=1c008b48 x22:1c008a52
17056108ns          292520 1c008a52 000026b7 lui              x13, 0x2000         x13=00002000
17056128ns          292521 1c008a54 f14027f3 csrrs            x15, x0, 0xf14      x15=00000001
17056148ns          292522 1c008a58 f8068693 addi             x13, x13, -128      x13=00001f80 x13:00002000
17056168ns          292523 1c008a5c 00379713 slli             x14, x15, 0x3       x14=00000008 x15:00000001
17056188ns          292524 1c008a60 00279793 slli             x15, x15, 0x2       x15=00000004 x15:00000001
17056208ns          292525 1c008a62 00d7f7b3 and              x15, x15, x13       x15=00000000 x15:00000004 x13:00001f80
17056228ns          292526 1c008a64 ee873733 p.bclr           x14, x14, 23, 8     x14=00000008 x14:00000008
17056248ns          292527 1c008a68 1a10f6b7 lui              x13, 0x1a10f000     x13=1a10f000
17056267ns          292528 1c008a6c 0ff57513 andi             x10, x10, 255       x10=00000075 x10:00000075
17056287ns          292529 1c008a70 00d70733 add              x14, x14, x13       x14=1a10f008 x14:00000008 x13:1a10f000
17056307ns          292530 1c008a72 00a7e723 p.sw             x10, x0(x15)        x10:00000075 x15:00000000  PA:1a10f008
17056645ns          292547 1c008a76 00000513 addi             x10, x0, 0          x10=00000000
17056665ns          292548 1c008a78 00008067 jalr             x0, x1, 0            x1:1c008b48
17056705ns          292550 1c008b48 31f52563 p.beqimm         x10, 778            x10:00000000
17056725ns          292551 1c008b4c 001d8d93 addi             x27, x27, 1         x27=00000002 x27:00000001
17056745ns          292552 1c008b4e 00044503 lbu              x10, 0(x8)          x10=00000063  x8:1c00009a  PA:1c00009a
17057043ns          292567 1c008b52 00140413 addi             x8, x8, 1            x8=1c00009b  x8:1c00009a
17057063ns          292568 1c008b54 fe0514e3 bne              x10, x0, -24        x10:00000063
17057123ns          292571 1c008b3c 02500793 addi             x15, x0, 37         x15=00000025
17057143ns          292572 1c008b40 04f50863 beq              x10, x15, 80        x10:00000063 x15:00000025
17057163ns          292573 1c008b44 01a005b3 add              x11, x0, x26        x11=00000002 x26:00000002
17057182ns          292574 1c008b46 000b00e7 jalr             x1, x22, 0           x1=1c008b48 x22:1c008a52
17057222ns          292576 1c008a52 000026b7 lui              x13, 0x2000         x13=00002000
17057242ns          292577 1c008a54 f14027f3 csrrs            x15, x0, 0xf14      x15=00000001
17057262ns          292578 1c008a58 f8068693 addi             x13, x13, -128      x13=00001f80 x13:00002000
17057282ns          292579 1c008a5c 00379713 slli             x14, x15, 0x3       x14=00000008 x15:00000001
17057302ns          292580 1c008a60 00279793 slli             x15, x15, 0x2       x15=00000004 x15:00000001
17057322ns          292581 1c008a62 00d7f7b3 and              x15, x15, x13       x15=00000000 x15:00000004 x13:00001f80
17057342ns          292582 1c008a64 ee873733 p.bclr           x14, x14, 23, 8     x14=00000008 x14:00000008
17057361ns          292583 1c008a68 1a10f6b7 lui              x13, 0x1a10f000     x13=1a10f000
17057381ns          292584 1c008a6c 0ff57513 andi             x10, x10, 255       x10=00000063 x10:00000063
17057401ns          292585 1c008a70 00d70733 add              x14, x14, x13       x14=1a10f008 x14:00000008 x13:1a10f000
17057421ns          292586 1c008a72 00a7e723 p.sw             x10, x0(x15)        x10:00000063 x15:00000000  PA:1a10f008
17057739ns          292602 1c008a76 00000513 addi             x10, x0, 0          x10=00000000
17057759ns          292603 1c008a78 00008067 jalr             x0, x1, 0            x1:1c008b48
17057799ns          292605 1c008b48 31f52563 p.beqimm         x10, 778            x10:00000000
17057819ns          292606 1c008b4c 001d8d93 addi             x27, x27, 1         x27=00000003 x27:00000002
17057839ns          292607 1c008b4e 00044503 lbu              x10, 0(x8)          x10=00000063  x8:1c00009b  PA:1c00009b
17058137ns          292622 1c008b52 00140413 addi             x8, x8, 1            x8=1c00009c  x8:1c00009b
17058157ns          292623 1c008b54 fe0514e3 bne              x10, x0, -24        x10:00000063
17058217ns          292626 1c008b3c 02500793 addi             x15, x0, 37         x15=00000025
17058237ns          292627 1c008b40 04f50863 beq              x10, x15, 80        x10:00000063 x15:00000025
17058257ns          292628 1c008b44 01a005b3 add              x11, x0, x26        x11=00000002 x26:00000002
17058276ns          292629 1c008b46 000b00e7 jalr             x1, x22, 0           x1=1c008b48 x22:1c008a52
17058316ns          292631 1c008a52 000026b7 lui              x13, 0x2000         x13=00002000
17058336ns          292632 1c008a54 f14027f3 csrrs            x15, x0, 0xf14      x15=00000001
17058356ns          292633 1c008a58 f8068693 addi             x13, x13, -128      x13=00001f80 x13:00002000
17058376ns          292634 1c008a5c 00379713 slli             x14, x15, 0x3       x14=00000008 x15:00000001
17058396ns          292635 1c008a60 00279793 slli             x15, x15, 0x2       x15=00000004 x15:00000001
17058416ns          292636 1c008a62 00d7f7b3 and              x15, x15, x13       x15=00000000 x15:00000004 x13:00001f80
17058436ns          292637 1c008a64 ee873733 p.bclr           x14, x14, 23, 8     x14=00000008 x14:00000008
17058455ns          292638 1c008a68 1a10f6b7 lui              x13, 0x1a10f000     x13=1a10f000
17058475ns          292639 1c008a6c 0ff57513 andi             x10, x10, 255       x10=00000063 x10:00000063
17058495ns          292640 1c008a70 00d70733 add              x14, x14, x13       x14=1a10f008 x14:00000008 x13:1a10f000
17058515ns          292641 1c008a72 00a7e723 p.sw             x10, x0(x15)        x10:00000063 x15:00000000  PA:1a10f008
17058833ns          292657 1c008a76 00000513 addi             x10, x0, 0          x10=00000000
17058853ns          292658 1c008a78 00008067 jalr             x0, x1, 0            x1:1c008b48
17058893ns          292660 1c008b48 31f52563 p.beqimm         x10, 778            x10:00000000
17058913ns          292661 1c008b4c 001d8d93 addi             x27, x27, 1         x27=00000004 x27:00000003
17058933ns          292662 1c008b4e 00044503 lbu              x10, 0(x8)          x10=00000065  x8:1c00009c  PA:1c00009c
17059231ns          292677 1c008b52 00140413 addi             x8, x8, 1            x8=1c00009d  x8:1c00009c
17059251ns          292678 1c008b54 fe0514e3 bne              x10, x0, -24        x10:00000065
17059311ns          292681 1c008b3c 02500793 addi             x15, x0, 37         x15=00000025
17059331ns          292682 1c008b40 04f50863 beq              x10, x15, 80        x10:00000065 x15:00000025
17059351ns          292683 1c008b44 01a005b3 add              x11, x0, x26        x11=00000002 x26:00000002
17059370ns          292684 1c008b46 000b00e7 jalr             x1, x22, 0           x1=1c008b48 x22:1c008a52
17059410ns          292686 1c008a52 000026b7 lui              x13, 0x2000         x13=00002000
17059430ns          292687 1c008a54 f14027f3 csrrs            x15, x0, 0xf14      x15=00000001
17059450ns          292688 1c008a58 f8068693 addi             x13, x13, -128      x13=00001f80 x13:00002000
17059470ns          292689 1c008a5c 00379713 slli             x14, x15, 0x3       x14=00000008 x15:00000001
17059490ns          292690 1c008a60 00279793 slli             x15, x15, 0x2       x15=00000004 x15:00000001
17059510ns          292691 1c008a62 00d7f7b3 and              x15, x15, x13       x15=00000000 x15:00000004 x13:00001f80
17059530ns          292692 1c008a64 ee873733 p.bclr           x14, x14, 23, 8     x14=00000008 x14:00000008
17059549ns          292693 1c008a68 1a10f6b7 lui              x13, 0x1a10f000     x13=1a10f000
17059569ns          292694 1c008a6c 0ff57513 andi             x10, x10, 255       x10=00000065 x10:00000065
17059589ns          292695 1c008a70 00d70733 add              x14, x14, x13       x14=1a10f008 x14:00000008 x13:1a10f000
17059609ns          292696 1c008a72 00a7e723 p.sw             x10, x0(x15)        x10:00000065 x15:00000000  PA:1a10f008
17059927ns          292712 1c008a76 00000513 addi             x10, x0, 0          x10=00000000
17059947ns          292713 1c008a78 00008067 jalr             x0, x1, 0            x1:1c008b48
17059987ns          292715 1c008b48 31f52563 p.beqimm         x10, 778            x10:00000000
17060007ns          292716 1c008b4c 001d8d93 addi             x27, x27, 1         x27=00000005 x27:00000004
17060027ns          292717 1c008b4e 00044503 lbu              x10, 0(x8)          x10=00000073  x8:1c00009d  PA:1c00009d
17060325ns          292732 1c008b52 00140413 addi             x8, x8, 1            x8=1c00009e  x8:1c00009d
17060345ns          292733 1c008b54 fe0514e3 bne              x10, x0, -24        x10:00000073
17060405ns          292736 1c008b3c 02500793 addi             x15, x0, 37         x15=00000025
17060425ns          292737 1c008b40 04f50863 beq              x10, x15, 80        x10:00000073 x15:00000025
17060445ns          292738 1c008b44 01a005b3 add              x11, x0, x26        x11=00000002 x26:00000002
17060464ns          292739 1c008b46 000b00e7 jalr             x1, x22, 0           x1=1c008b48 x22:1c008a52
17060504ns          292741 1c008a52 000026b7 lui              x13, 0x2000         x13=00002000
17060524ns          292742 1c008a54 f14027f3 csrrs            x15, x0, 0xf14      x15=00000001
17060544ns          292743 1c008a58 f8068693 addi             x13, x13, -128      x13=00001f80 x13:00002000
17060564ns          292744 1c008a5c 00379713 slli             x14, x15, 0x3       x14=00000008 x15:00000001
17060584ns          292745 1c008a60 00279793 slli             x15, x15, 0x2       x15=00000004 x15:00000001
17060604ns          292746 1c008a62 00d7f7b3 and              x15, x15, x13       x15=00000000 x15:00000004 x13:00001f80
17060624ns          292747 1c008a64 ee873733 p.bclr           x14, x14, 23, 8     x14=00000008 x14:00000008
17060643ns          292748 1c008a68 1a10f6b7 lui              x13, 0x1a10f000     x13=1a10f000
17060663ns          292749 1c008a6c 0ff57513 andi             x10, x10, 255       x10=00000073 x10:00000073
17060683ns          292750 1c008a70 00d70733 add              x14, x14, x13       x14=1a10f008 x14:00000008 x13:1a10f000
17060703ns          292751 1c008a72 00a7e723 p.sw             x10, x0(x15)        x10:00000073 x15:00000000  PA:1a10f008
17061021ns          292767 1c008a76 00000513 addi             x10, x0, 0          x10=00000000
17061041ns          292768 1c008a78 00008067 jalr             x0, x1, 0            x1:1c008b48
17061081ns          292770 1c008b48 31f52563 p.beqimm         x10, 778            x10:00000000
17061101ns          292771 1c008b4c 001d8d93 addi             x27, x27, 1         x27=00000006 x27:00000005
17061121ns          292772 1c008b4e 00044503 lbu              x10, 0(x8)          x10=00000073  x8:1c00009e  PA:1c00009e
17061419ns          292787 1c008b52 00140413 addi             x8, x8, 1            x8=1c00009f  x8:1c00009e
17061439ns          292788 1c008b54 fe0514e3 bne              x10, x0, -24        x10:00000073
17061499ns          292791 1c008b3c 02500793 addi             x15, x0, 37         x15=00000025
17061519ns          292792 1c008b40 04f50863 beq              x10, x15, 80        x10:00000073 x15:00000025
17061538ns          292793 1c008b44 01a005b3 add              x11, x0, x26        x11=00000002 x26:00000002
17061558ns          292794 1c008b46 000b00e7 jalr             x1, x22, 0           x1=1c008b48 x22:1c008a52
17061598ns          292796 1c008a52 000026b7 lui              x13, 0x2000         x13=00002000
17061618ns          292797 1c008a54 f14027f3 csrrs            x15, x0, 0xf14      x15=00000001
17061638ns          292798 1c008a58 f8068693 addi             x13, x13, -128      x13=00001f80 x13:00002000
17061658ns          292799 1c008a5c 00379713 slli             x14, x15, 0x3       x14=00000008 x15:00000001
17061678ns          292800 1c008a60 00279793 slli             x15, x15, 0x2       x15=00000004 x15:00000001
17061698ns          292801 1c008a62 00d7f7b3 and              x15, x15, x13       x15=00000000 x15:00000004 x13:00001f80
17061718ns          292802 1c008a64 ee873733 p.bclr           x14, x14, 23, 8     x14=00000008 x14:00000008
17061737ns          292803 1c008a68 1a10f6b7 lui              x13, 0x1a10f000     x13=1a10f000
17061757ns          292804 1c008a6c 0ff57513 andi             x10, x10, 255       x10=00000073 x10:00000073
17061777ns          292805 1c008a70 00d70733 add              x14, x14, x13       x14=1a10f008 x14:00000008 x13:1a10f000
17061797ns          292806 1c008a72 00a7e723 p.sw             x10, x0(x15)        x10:00000073 x15:00000000  PA:1a10f008
17062135ns          292823 1c008a76 00000513 addi             x10, x0, 0          x10=00000000
17062155ns          292824 1c008a78 00008067 jalr             x0, x1, 0            x1:1c008b48
17062195ns          292826 1c008b48 31f52563 p.beqimm         x10, 778            x10:00000000
17062215ns          292827 1c008b4c 001d8d93 addi             x27, x27, 1         x27=00000007 x27:00000006
17062235ns          292828 1c008b4e 00044503 lbu              x10, 0(x8)          x10=0000002c  x8:1c00009f  PA:1c00009f
17062533ns          292843 1c008b52 00140413 addi             x8, x8, 1            x8=1c0000a0  x8:1c00009f
17062553ns          292844 1c008b54 fe0514e3 bne              x10, x0, -24        x10:0000002c
17062613ns          292847 1c008b3c 02500793 addi             x15, x0, 37         x15=00000025
17062632ns          292848 1c008b40 04f50863 beq              x10, x15, 80        x10:0000002c x15:00000025
17062652ns          292849 1c008b44 01a005b3 add              x11, x0, x26        x11=00000002 x26:00000002
17062672ns          292850 1c008b46 000b00e7 jalr             x1, x22, 0           x1=1c008b48 x22:1c008a52
17062712ns          292852 1c008a52 000026b7 lui              x13, 0x2000         x13=00002000
17062732ns          292853 1c008a54 f14027f3 csrrs            x15, x0, 0xf14      x15=00000001
17062752ns          292854 1c008a58 f8068693 addi             x13, x13, -128      x13=00001f80 x13:00002000
17062772ns          292855 1c008a5c 00379713 slli             x14, x15, 0x3       x14=00000008 x15:00000001
17062792ns          292856 1c008a60 00279793 slli             x15, x15, 0x2       x15=00000004 x15:00000001
17062812ns          292857 1c008a62 00d7f7b3 and              x15, x15, x13       x15=00000000 x15:00000004 x13:00001f80
17062831ns          292858 1c008a64 ee873733 p.bclr           x14, x14, 23, 8     x14=00000008 x14:00000008
17062851ns          292859 1c008a68 1a10f6b7 lui              x13, 0x1a10f000     x13=1a10f000
17062871ns          292860 1c008a6c 0ff57513 andi             x10, x10, 255       x10=0000002c x10:0000002c
17062891ns          292861 1c008a70 00d70733 add              x14, x14, x13       x14=1a10f008 x14:00000008 x13:1a10f000
17062911ns          292862 1c008a72 00a7e723 p.sw             x10, x0(x15)        x10:0000002c x15:00000000  PA:1a10f008
17063229ns          292878 1c008a76 00000513 addi             x10, x0, 0          x10=00000000
17063249ns          292879 1c008a78 00008067 jalr             x0, x1, 0            x1:1c008b48
17063289ns          292881 1c008b48 31f52563 p.beqimm         x10, 778            x10:00000000
17063309ns          292882 1c008b4c 001d8d93 addi             x27, x27, 1         x27=00000008 x27:00000007
17063329ns          292883 1c008b4e 00044503 lbu              x10, 0(x8)          x10=00000020  x8:1c0000a0  PA:1c0000a0
17063627ns          292898 1c008b52 00140413 addi             x8, x8, 1            x8=1c0000a1  x8:1c0000a0
17063647ns          292899 1c008b54 fe0514e3 bne              x10, x0, -24        x10:00000020
17063707ns          292902 1c008b3c 02500793 addi             x15, x0, 37         x15=00000025
17063726ns          292903 1c008b40 04f50863 beq              x10, x15, 80        x10:00000020 x15:00000025
17063746ns          292904 1c008b44 01a005b3 add              x11, x0, x26        x11=00000002 x26:00000002
17063766ns          292905 1c008b46 000b00e7 jalr             x1, x22, 0           x1=1c008b48 x22:1c008a52
17063806ns          292907 1c008a52 000026b7 lui              x13, 0x2000         x13=00002000
17063826ns          292908 1c008a54 f14027f3 csrrs            x15, x0, 0xf14      x15=00000001
17063846ns          292909 1c008a58 f8068693 addi             x13, x13, -128      x13=00001f80 x13:00002000
17063866ns          292910 1c008a5c 00379713 slli             x14, x15, 0x3       x14=00000008 x15:00000001
17063886ns          292911 1c008a60 00279793 slli             x15, x15, 0x2       x15=00000004 x15:00000001
17063905ns          292912 1c008a62 00d7f7b3 and              x15, x15, x13       x15=00000000 x15:00000004 x13:00001f80
17063925ns          292913 1c008a64 ee873733 p.bclr           x14, x14, 23, 8     x14=00000008 x14:00000008
17063945ns          292914 1c008a68 1a10f6b7 lui              x13, 0x1a10f000     x13=1a10f000
17063965ns          292915 1c008a6c 0ff57513 andi             x10, x10, 255       x10=00000020 x10:00000020
17063985ns          292916 1c008a70 00d70733 add              x14, x14, x13       x14=1a10f008 x14:00000008 x13:1a10f000
17064005ns          292917 1c008a72 00a7e723 p.sw             x10, x0(x15)        x10:00000020 x15:00000000  PA:1a10f008
17064323ns          292933 1c008a76 00000513 addi             x10, x0, 0          x10=00000000
17064343ns          292934 1c008a78 00008067 jalr             x0, x1, 0            x1:1c008b48
17064383ns          292936 1c008b48 31f52563 p.beqimm         x10, 778            x10:00000000
17064403ns          292937 1c008b4c 001d8d93 addi             x27, x27, 1         x27=00000009 x27:00000008
17064423ns          292938 1c008b4e 00044503 lbu              x10, 0(x8)          x10=00000000  x8:1c0000a1  PA:1c0000a1
17064721ns          292953 1c008b52 00140413 addi             x8, x8, 1            x8=1c0000a2  x8:1c0000a1
17064741ns          292954 1c008b54 fe0514e3 bne              x10, x0, -24        x10:00000000
17064761ns          292955 1c008b56 01b00433 add              x8, x0, x27          x8=00000009 x27:00000009
17064781ns          292956 1c008b58 00800533 add              x10, x0, x8         x10=00000009  x8:00000009
17064801ns          292957 1c008b5a 12c12083 lw               x1, 300(x2)          x1=1c008ae6  x2:10001a28  PA:10001b54
17064820ns          292958 1c008b5e 12812403 lw               x8, 296(x2)          x8=1c00110c  x2:10001a28  PA:10001b50
17064840ns          292959 1c008b62 12412483 lw               x9, 292(x2)          x9=00000000  x2:10001a28  PA:10001b4c
17064860ns          292960 1c008b66 12012903 lw               x18, 288(x2)        x18=1a10b004  x2:10001a28  PA:10001b48
17064880ns          292961 1c008b6a 11c12983 lw               x19, 284(x2)        x19=00000001  x2:10001a28  PA:10001b44
17064940ns          292964 1c008b6e 11812a03 lw               x20, 280(x2)        x20=1c001110  x2:10001a28  PA:10001b40
17064980ns          292966 1c008b72 11412a83 lw               x21, 276(x2)        x21=1c00a000  x2:10001a28  PA:10001b3c
17064999ns          292967 1c008b76 11012b03 lw               x22, 272(x2)        x22=1c00a000  x2:10001a28  PA:10001b38
17065019ns          292968 1c008b7a 10c12b83 lw               x23, 268(x2)        x23=1c000000  x2:10001a28  PA:10001b34
17065079ns          292971 1c008b7e 10812c03 lw               x24, 264(x2)        x24=1c000000  x2:10001a28  PA:10001b30
17065119ns          292973 1c008b82 10412c83 lw               x25, 260(x2)        x25=1c000000  x2:10001a28  PA:10001b2c
17065139ns          292974 1c008b86 10012d03 lw               x26, 256(x2)        x26=1c000000  x2:10001a28  PA:10001b28
17065159ns          292975 1c008b8a 0fc12d83 lw               x27, 252(x2)        x27=1c001104  x2:10001a28  PA:10001b24
17065179ns          292976 1c008b8c 13010113 addi             x2, x2, 304          x2=10001b58  x2:10001a28
17065198ns          292977 1c008b8e 00008067 jalr             x0, x1, 0            x1:1c008ae6
17065238ns          292979 1c008ae6 01c12083 lw               x1, 28(x2)           x1=1c009d08  x2:10001b58  PA:10001b74
17065258ns          292980 1c008ae8 04010113 addi             x2, x2, 64           x2=10001b98  x2:10001b58
17065298ns          292982 1c008aea 00008067 jalr             x0, x1, 0            x1:1c009d08
17065377ns          292986 1c009d08 00c12583 lw               x11, 12(x2)         x11=00000000  x2:10001b98  PA:10001ba4
17065417ns          292988 1c009d0a 0acc8513 addi             x10, x25, 172       x10=1c0000ac x25:1c000000
17065477ns          292991 1c009d0e db1fe0ef jal              x1, -4688            x1=1c009d12
17065517ns          292993 1c008abe fc010113 addi             x2, x2, -64          x2=10001b58  x2:10001b98
17065537ns          292994 1c008ac0 02410313 addi             x6, x2, 36           x6=10001b7c  x2:10001b58
17065556ns          292995 1c008ac4 02c12423 sw               x12, 40(x2)         x12:1c000098  x2:10001b58  PA:10001b80
17065576ns          292996 1c008ac6 00a00633 add              x12, x0, x10        x12=1c0000ac x10:1c0000ac
17065596ns          292997 1c008ac8 1c009537 lui              x10, 0x1c009000     x10=1c009000
17065616ns          292998 1c008acc 02b12223 sw               x11, 36(x2)         x11:00000000  x2:10001b58  PA:10001b7c
17065636ns          292999 1c008ace 02d12623 sw               x13, 44(x2)         x13:1a10f000  x2:10001b58  PA:10001b84
17065656ns          293000 1c008ad0 00200593 addi             x11, x0, 2          x11=00000002
17065676ns          293001 1c008ad2 006006b3 add              x13, x0, x6         x13=10001b7c  x6:10001b7c
17065696ns          293002 1c008ad4 a5250513 addi             x10, x10, -1454     x10=1c008a52 x10:1c009000
17065716ns          293003 1c008ad8 00112e23 sw               x1, 28(x2)           x1:1c009d12  x2:10001b58  PA:10001b74
17065735ns          293004 1c008ada 02e12823 sw               x14, 48(x2)         x14:1a10f008  x2:10001b58  PA:10001b88
17065755ns          293005 1c008adc 02f12a23 sw               x15, 52(x2)         x15:00000000  x2:10001b58  PA:10001b8c
17065775ns          293006 1c008ade 03012c23 sw               x16, 56(x2)         x16:10001a4c  x2:10001b58  PA:10001b90
17065795ns          293007 1c008ae0 03112e23 sw               x17, 60(x2)         x17:1c000040  x2:10001b58  PA:10001b94
17065815ns          293008 1c008ae2 00612623 sw               x6, 12(x2)           x6:10001b7c  x2:10001b58  PA:10001b64
17065835ns          293009 1c008ae4 fbfff0ef jal              x1, -66              x1=1c008ae6
17065875ns          293011 1c008aa2 04a0006f jal              x0, 74             
17065914ns          293013 1c008aec ed010113 addi             x2, x2, -304         x2=10001a28  x2:10001b58
17065934ns          293014 1c008aee 12812423 sw               x8, 296(x2)          x8:1c00110c  x2:10001a28  PA:10001b50
17065954ns          293015 1c008af2 00000413 addi             x8, x0, 0            x8=00000000
17065974ns          293016 1c008af4 11612823 sw               x22, 272(x2)        x22:1c00a000  x2:10001a28  PA:10001b38
17065994ns          293017 1c008af8 11712623 sw               x23, 268(x2)        x23:1c000000  x2:10001a28  PA:10001b34
17066014ns          293018 1c008afc 11812423 sw               x24, 264(x2)        x24:1c000000  x2:10001a28  PA:10001b30
17066054ns          293020 1c008b00 11912223 sw               x25, 260(x2)        x25:1c000000  x2:10001a28  PA:10001b2c
17066093ns          293022 1c008b04 11a12023 sw               x26, 256(x2)        x26:1c000000  x2:10001a28  PA:10001b28
17066113ns          293023 1c008b08 0fb12e23 sw               x27, 252(x2)        x27:1c001104  x2:10001a28  PA:10001b24
17066133ns          293024 1c008b0a 12112623 sw               x1, 300(x2)          x1:1c008ae6  x2:10001a28  PA:10001b54
17066153ns          293025 1c008b0e 00800db3 add              x27, x0, x8         x27=00000000  x8:00000000
17066173ns          293026 1c008b10 12912223 sw               x9, 292(x2)          x9:00000000  x2:10001a28  PA:10001b4c
17066193ns          293027 1c008b14 13212023 sw               x18, 288(x2)        x18:1a10b004  x2:10001a28  PA:10001b48
17066213ns          293028 1c008b18 11312e23 sw               x19, 284(x2)        x19:00000001  x2:10001a28  PA:10001b44
17066233ns          293029 1c008b1c 11412c23 sw               x20, 280(x2)        x20:1c001110  x2:10001a28  PA:10001b40
17066253ns          293030 1c008b20 11512a23 sw               x21, 276(x2)        x21:1c00a000  x2:10001a28  PA:10001b3c
17066272ns          293031 1c008b24 00a00b33 add              x22, x0, x10        x22=1c008a52 x10:1c008a52
17066292ns          293032 1c008b26 00b00d33 add              x26, x0, x11        x26=00000002 x11:00000002
17066312ns          293033 1c008b28 00d00c33 add              x24, x0, x13        x24=10001b7c x13:10001b7c
17066332ns          293034 1c008b2a 1c000bb7 lui              x23, 0x1c000000     x23=1c000000
17066352ns          293035 1c008b2e 02410c93 addi             x25, x2, 36         x25=10001a4c  x2:10001a28
17066372ns          293036 1c008b32 00c00433 add              x8, x0, x12          x8=1c0000ac x12:1c0000ac
17066392ns          293037 1c008b34 00044503 lbu              x10, 0(x8)          x10=0000006e  x8:1c0000ac  PA:1c0000ac
17066690ns          293052 1c008b38 00140413 addi             x8, x8, 1            x8=1c0000ad  x8:1c0000ac
17066710ns          293053 1c008b3a 00050e63 beq              x10, x0, 28         x10:0000006e
17066730ns          293054 1c008b3c 02500793 addi             x15, x0, 37         x15=00000025
17066750ns          293055 1c008b40 04f50863 beq              x10, x15, 80        x10:0000006e x15:00000025
17066770ns          293056 1c008b44 01a005b3 add              x11, x0, x26        x11=00000002 x26:00000002
17066790ns          293057 1c008b46 000b00e7 jalr             x1, x22, 0           x1=1c008b48 x22:1c008a52
17066829ns          293059 1c008a52 000026b7 lui              x13, 0x2000         x13=00002000
17066849ns          293060 1c008a54 f14027f3 csrrs            x15, x0, 0xf14      x15=00000001
17066869ns          293061 1c008a58 f8068693 addi             x13, x13, -128      x13=00001f80 x13:00002000
17066889ns          293062 1c008a5c 00379713 slli             x14, x15, 0x3       x14=00000008 x15:00000001
17066909ns          293063 1c008a60 00279793 slli             x15, x15, 0x2       x15=00000004 x15:00000001
17066929ns          293064 1c008a62 00d7f7b3 and              x15, x15, x13       x15=00000000 x15:00000004 x13:00001f80
17066949ns          293065 1c008a64 ee873733 p.bclr           x14, x14, 23, 8     x14=00000008 x14:00000008
17066969ns          293066 1c008a68 1a10f6b7 lui              x13, 0x1a10f000     x13=1a10f000
17066989ns          293067 1c008a6c 0ff57513 andi             x10, x10, 255       x10=0000006e x10:0000006e
17067008ns          293068 1c008a70 00d70733 add              x14, x14, x13       x14=1a10f008 x14:00000008 x13:1a10f000
17067028ns          293069 1c008a72 00a7e723 p.sw             x10, x0(x15)        x10:0000006e x15:00000000  PA:1a10f008
17067406ns          293088 1c008a76 00000513 addi             x10, x0, 0          x10=00000000
17067426ns          293089 1c008a78 00008067 jalr             x0, x1, 0            x1:1c008b48
17067466ns          293091 1c008b48 31f52563 p.beqimm         x10, 778            x10:00000000
17067486ns          293092 1c008b4c 001d8d93 addi             x27, x27, 1         x27=00000001 x27:00000000
17067506ns          293093 1c008b4e 00044503 lbu              x10, 0(x8)          x10=00000072  x8:1c0000ad  PA:1c0000ad
17067804ns          293108 1c008b52 00140413 addi             x8, x8, 1            x8=1c0000ae  x8:1c0000ad
17067824ns          293109 1c008b54 fe0514e3 bne              x10, x0, -24        x10:00000072
17067884ns          293112 1c008b3c 02500793 addi             x15, x0, 37         x15=00000025
17067904ns          293113 1c008b40 04f50863 beq              x10, x15, 80        x10:00000072 x15:00000025
17067923ns          293114 1c008b44 01a005b3 add              x11, x0, x26        x11=00000002 x26:00000002
17067943ns          293115 1c008b46 000b00e7 jalr             x1, x22, 0           x1=1c008b48 x22:1c008a52
17067983ns          293117 1c008a52 000026b7 lui              x13, 0x2000         x13=00002000
17068003ns          293118 1c008a54 f14027f3 csrrs            x15, x0, 0xf14      x15=00000001
17068023ns          293119 1c008a58 f8068693 addi             x13, x13, -128      x13=00001f80 x13:00002000
17068043ns          293120 1c008a5c 00379713 slli             x14, x15, 0x3       x14=00000008 x15:00000001
17068063ns          293121 1c008a60 00279793 slli             x15, x15, 0x2       x15=00000004 x15:00000001
17068083ns          293122 1c008a62 00d7f7b3 and              x15, x15, x13       x15=00000000 x15:00000004 x13:00001f80
17068102ns          293123 1c008a64 ee873733 p.bclr           x14, x14, 23, 8     x14=00000008 x14:00000008
17068122ns          293124 1c008a68 1a10f6b7 lui              x13, 0x1a10f000     x13=1a10f000
17068142ns          293125 1c008a6c 0ff57513 andi             x10, x10, 255       x10=00000072 x10:00000072
17068162ns          293126 1c008a70 00d70733 add              x14, x14, x13       x14=1a10f008 x14:00000008 x13:1a10f000
17068182ns          293127 1c008a72 00a7e723 p.sw             x10, x0(x15)        x10:00000072 x15:00000000  PA:1a10f008
17068500ns          293143 1c008a76 00000513 addi             x10, x0, 0          x10=00000000
17068520ns          293144 1c008a78 00008067 jalr             x0, x1, 0            x1:1c008b48
17068560ns          293146 1c008b48 31f52563 p.beqimm         x10, 778            x10:00000000
17068580ns          293147 1c008b4c 001d8d93 addi             x27, x27, 1         x27=00000002 x27:00000001
17068600ns          293148 1c008b4e 00044503 lbu              x10, 0(x8)          x10=0000002e  x8:1c0000ae  PA:1c0000ae
17068898ns          293163 1c008b52 00140413 addi             x8, x8, 1            x8=1c0000af  x8:1c0000ae
17068918ns          293164 1c008b54 fe0514e3 bne              x10, x0, -24        x10:0000002e
17068978ns          293167 1c008b3c 02500793 addi             x15, x0, 37         x15=00000025
17068998ns          293168 1c008b40 04f50863 beq              x10, x15, 80        x10:0000002e x15:00000025
17069017ns          293169 1c008b44 01a005b3 add              x11, x0, x26        x11=00000002 x26:00000002
17069037ns          293170 1c008b46 000b00e7 jalr             x1, x22, 0           x1=1c008b48 x22:1c008a52
17069077ns          293172 1c008a52 000026b7 lui              x13, 0x2000         x13=00002000
17069097ns          293173 1c008a54 f14027f3 csrrs            x15, x0, 0xf14      x15=00000001
17069117ns          293174 1c008a58 f8068693 addi             x13, x13, -128      x13=00001f80 x13:00002000
17069137ns          293175 1c008a5c 00379713 slli             x14, x15, 0x3       x14=00000008 x15:00000001
17069157ns          293176 1c008a60 00279793 slli             x15, x15, 0x2       x15=00000004 x15:00000001
17069177ns          293177 1c008a62 00d7f7b3 and              x15, x15, x13       x15=00000000 x15:00000004 x13:00001f80
17069196ns          293178 1c008a64 ee873733 p.bclr           x14, x14, 23, 8     x14=00000008 x14:00000008
17069216ns          293179 1c008a68 1a10f6b7 lui              x13, 0x1a10f000     x13=1a10f000
17069236ns          293180 1c008a6c 0ff57513 andi             x10, x10, 255       x10=0000002e x10:0000002e
17069256ns          293181 1c008a70 00d70733 add              x14, x14, x13       x14=1a10f008 x14:00000008 x13:1a10f000
17069276ns          293182 1c008a72 00a7e723 p.sw             x10, x0(x15)        x10:0000002e x15:00000000  PA:1a10f008
17069594ns          293198 1c008a76 00000513 addi             x10, x0, 0          x10=00000000
17069614ns          293199 1c008a78 00008067 jalr             x0, x1, 0            x1:1c008b48
17069654ns          293201 1c008b48 31f52563 p.beqimm         x10, 778            x10:00000000
17069674ns          293202 1c008b4c 001d8d93 addi             x27, x27, 1         x27=00000003 x27:00000002
17069694ns          293203 1c008b4e 00044503 lbu              x10, 0(x8)          x10=00000020  x8:1c0000af  PA:1c0000af
17070012ns          293219 1c008b52 00140413 addi             x8, x8, 1            x8=1c0000b0  x8:1c0000af
17070032ns          293220 1c008b54 fe0514e3 bne              x10, x0, -24        x10:00000020
17070092ns          293223 1c008b3c 02500793 addi             x15, x0, 37         x15=00000025
17070111ns          293224 1c008b40 04f50863 beq              x10, x15, 80        x10:00000020 x15:00000025
17070131ns          293225 1c008b44 01a005b3 add              x11, x0, x26        x11=00000002 x26:00000002
17070151ns          293226 1c008b46 000b00e7 jalr             x1, x22, 0           x1=1c008b48 x22:1c008a52
17070191ns          293228 1c008a52 000026b7 lui              x13, 0x2000         x13=00002000
17070211ns          293229 1c008a54 f14027f3 csrrs            x15, x0, 0xf14      x15=00000001
17070231ns          293230 1c008a58 f8068693 addi             x13, x13, -128      x13=00001f80 x13:00002000
17070251ns          293231 1c008a5c 00379713 slli             x14, x15, 0x3       x14=00000008 x15:00000001
17070271ns          293232 1c008a60 00279793 slli             x15, x15, 0x2       x15=00000004 x15:00000001
17070290ns          293233 1c008a62 00d7f7b3 and              x15, x15, x13       x15=00000000 x15:00000004 x13:00001f80
17070310ns          293234 1c008a64 ee873733 p.bclr           x14, x14, 23, 8     x14=00000008 x14:00000008
17070330ns          293235 1c008a68 1a10f6b7 lui              x13, 0x1a10f000     x13=1a10f000
17070350ns          293236 1c008a6c 0ff57513 andi             x10, x10, 255       x10=00000020 x10:00000020
17070370ns          293237 1c008a70 00d70733 add              x14, x14, x13       x14=1a10f008 x14:00000008 x13:1a10f000
17070390ns          293238 1c008a72 00a7e723 p.sw             x10, x0(x15)        x10:00000020 x15:00000000  PA:1a10f008
17070708ns          293254 1c008a76 00000513 addi             x10, x0, 0          x10=00000000
17070728ns          293255 1c008a78 00008067 jalr             x0, x1, 0            x1:1c008b48
17070768ns          293257 1c008b48 31f52563 p.beqimm         x10, 778            x10:00000000
17070788ns          293258 1c008b4c 001d8d93 addi             x27, x27, 1         x27=00000004 x27:00000003
17070808ns          293259 1c008b4e 00044503 lbu              x10, 0(x8)          x10=0000006f  x8:1c0000b0  PA:1c0000b0
17071106ns          293274 1c008b52 00140413 addi             x8, x8, 1            x8=1c0000b1  x8:1c0000b0
17071126ns          293275 1c008b54 fe0514e3 bne              x10, x0, -24        x10:0000006f
17071186ns          293278 1c008b3c 02500793 addi             x15, x0, 37         x15=00000025
17071205ns          293279 1c008b40 04f50863 beq              x10, x15, 80        x10:0000006f x15:00000025
17071225ns          293280 1c008b44 01a005b3 add              x11, x0, x26        x11=00000002 x26:00000002
17071245ns          293281 1c008b46 000b00e7 jalr             x1, x22, 0           x1=1c008b48 x22:1c008a52
17071285ns          293283 1c008a52 000026b7 lui              x13, 0x2000         x13=00002000
17071305ns          293284 1c008a54 f14027f3 csrrs            x15, x0, 0xf14      x15=00000001
17071325ns          293285 1c008a58 f8068693 addi             x13, x13, -128      x13=00001f80 x13:00002000
17071345ns          293286 1c008a5c 00379713 slli             x14, x15, 0x3       x14=00000008 x15:00000001
17071365ns          293287 1c008a60 00279793 slli             x15, x15, 0x2       x15=00000004 x15:00000001
17071384ns          293288 1c008a62 00d7f7b3 and              x15, x15, x13       x15=00000000 x15:00000004 x13:00001f80
17071404ns          293289 1c008a64 ee873733 p.bclr           x14, x14, 23, 8     x14=00000008 x14:00000008
17071424ns          293290 1c008a68 1a10f6b7 lui              x13, 0x1a10f000     x13=1a10f000
17071444ns          293291 1c008a6c 0ff57513 andi             x10, x10, 255       x10=0000006f x10:0000006f
17071464ns          293292 1c008a70 00d70733 add              x14, x14, x13       x14=1a10f008 x14:00000008 x13:1a10f000
17071484ns          293293 1c008a72 00a7e723 p.sw             x10, x0(x15)        x10:0000006f x15:00000000  PA:1a10f008
17071822ns          293310 1c008a76 00000513 addi             x10, x0, 0          x10=00000000
17071842ns          293311 1c008a78 00008067 jalr             x0, x1, 0            x1:1c008b48
17071882ns          293313 1c008b48 31f52563 p.beqimm         x10, 778            x10:00000000
17071902ns          293314 1c008b4c 001d8d93 addi             x27, x27, 1         x27=00000005 x27:00000004
17071921ns          293315 1c008b4e 00044503 lbu              x10, 0(x8)          x10=00000066  x8:1c0000b1  PA:1c0000b1
17072220ns          293330 1c008b52 00140413 addi             x8, x8, 1            x8=1c0000b2  x8:1c0000b1
17072240ns          293331 1c008b54 fe0514e3 bne              x10, x0, -24        x10:00000066
17072299ns          293334 1c008b3c 02500793 addi             x15, x0, 37         x15=00000025
17072319ns          293335 1c008b40 04f50863 beq              x10, x15, 80        x10:00000066 x15:00000025
17072339ns          293336 1c008b44 01a005b3 add              x11, x0, x26        x11=00000002 x26:00000002
17072359ns          293337 1c008b46 000b00e7 jalr             x1, x22, 0           x1=1c008b48 x22:1c008a52
17072399ns          293339 1c008a52 000026b7 lui              x13, 0x2000         x13=00002000
17072419ns          293340 1c008a54 f14027f3 csrrs            x15, x0, 0xf14      x15=00000001
17072439ns          293341 1c008a58 f8068693 addi             x13, x13, -128      x13=00001f80 x13:00002000
17072459ns          293342 1c008a5c 00379713 slli             x14, x15, 0x3       x14=00000008 x15:00000001
17072478ns          293343 1c008a60 00279793 slli             x15, x15, 0x2       x15=00000004 x15:00000001
17072498ns          293344 1c008a62 00d7f7b3 and              x15, x15, x13       x15=00000000 x15:00000004 x13:00001f80
17072518ns          293345 1c008a64 ee873733 p.bclr           x14, x14, 23, 8     x14=00000008 x14:00000008
17072538ns          293346 1c008a68 1a10f6b7 lui              x13, 0x1a10f000     x13=1a10f000
17072558ns          293347 1c008a6c 0ff57513 andi             x10, x10, 255       x10=00000066 x10:00000066
17072578ns          293348 1c008a70 00d70733 add              x14, x14, x13       x14=1a10f008 x14:00000008 x13:1a10f000
17072598ns          293349 1c008a72 00a7e723 p.sw             x10, x0(x15)        x10:00000066 x15:00000000  PA:1a10f008
17072936ns          293366 1c008a76 00000513 addi             x10, x0, 0          x10=00000000
17072956ns          293367 1c008a78 00008067 jalr             x0, x1, 0            x1:1c008b48
17072996ns          293369 1c008b48 31f52563 p.beqimm         x10, 778            x10:00000000
17073015ns          293370 1c008b4c 001d8d93 addi             x27, x27, 1         x27=00000006 x27:00000005
17073035ns          293371 1c008b4e 00044503 lbu              x10, 0(x8)          x10=00000020  x8:1c0000b2  PA:1c0000b2
17073334ns          293386 1c008b52 00140413 addi             x8, x8, 1            x8=1c0000b3  x8:1c0000b2
17073354ns          293387 1c008b54 fe0514e3 bne              x10, x0, -24        x10:00000020
17073413ns          293390 1c008b3c 02500793 addi             x15, x0, 37         x15=00000025
17073433ns          293391 1c008b40 04f50863 beq              x10, x15, 80        x10:00000020 x15:00000025
17073453ns          293392 1c008b44 01a005b3 add              x11, x0, x26        x11=00000002 x26:00000002
17073473ns          293393 1c008b46 000b00e7 jalr             x1, x22, 0           x1=1c008b48 x22:1c008a52
17073513ns          293395 1c008a52 000026b7 lui              x13, 0x2000         x13=00002000
17073533ns          293396 1c008a54 f14027f3 csrrs            x15, x0, 0xf14      x15=00000001
17073553ns          293397 1c008a58 f8068693 addi             x13, x13, -128      x13=00001f80 x13:00002000
17073572ns          293398 1c008a5c 00379713 slli             x14, x15, 0x3       x14=00000008 x15:00000001
17073592ns          293399 1c008a60 00279793 slli             x15, x15, 0x2       x15=00000004 x15:00000001
17073612ns          293400 1c008a62 00d7f7b3 and              x15, x15, x13       x15=00000000 x15:00000004 x13:00001f80
17073632ns          293401 1c008a64 ee873733 p.bclr           x14, x14, 23, 8     x14=00000008 x14:00000008
17073652ns          293402 1c008a68 1a10f6b7 lui              x13, 0x1a10f000     x13=1a10f000
17073672ns          293403 1c008a6c 0ff57513 andi             x10, x10, 255       x10=00000020 x10:00000020
17073692ns          293404 1c008a70 00d70733 add              x14, x14, x13       x14=1a10f008 x14:00000008 x13:1a10f000
17073712ns          293405 1c008a72 00a7e723 p.sw             x10, x0(x15)        x10:00000020 x15:00000000  PA:1a10f008
17074070ns          293423 1c008a76 00000513 addi             x10, x0, 0          x10=00000000
17074090ns          293424 1c008a78 00008067 jalr             x0, x1, 0            x1:1c008b48
17074129ns          293426 1c008b48 31f52563 p.beqimm         x10, 778            x10:00000000
17074149ns          293427 1c008b4c 001d8d93 addi             x27, x27, 1         x27=00000007 x27:00000006
17074169ns          293428 1c008b4e 00044503 lbu              x10, 0(x8)          x10=00000065  x8:1c0000b3  PA:1c0000b3
17074467ns          293443 1c008b52 00140413 addi             x8, x8, 1            x8=1c0000b4  x8:1c0000b3
17074487ns          293444 1c008b54 fe0514e3 bne              x10, x0, -24        x10:00000065
17074547ns          293447 1c008b3c 02500793 addi             x15, x0, 37         x15=00000025
17074567ns          293448 1c008b40 04f50863 beq              x10, x15, 80        x10:00000065 x15:00000025
17074587ns          293449 1c008b44 01a005b3 add              x11, x0, x26        x11=00000002 x26:00000002
17074607ns          293450 1c008b46 000b00e7 jalr             x1, x22, 0           x1=1c008b48 x22:1c008a52
17074647ns          293452 1c008a52 000026b7 lui              x13, 0x2000         x13=00002000
17074666ns          293453 1c008a54 f14027f3 csrrs            x15, x0, 0xf14      x15=00000001
17074686ns          293454 1c008a58 f8068693 addi             x13, x13, -128      x13=00001f80 x13:00002000
17074706ns          293455 1c008a5c 00379713 slli             x14, x15, 0x3       x14=00000008 x15:00000001
17074726ns          293456 1c008a60 00279793 slli             x15, x15, 0x2       x15=00000004 x15:00000001
17074746ns          293457 1c008a62 00d7f7b3 and              x15, x15, x13       x15=00000000 x15:00000004 x13:00001f80
17074766ns          293458 1c008a64 ee873733 p.bclr           x14, x14, 23, 8     x14=00000008 x14:00000008
17074786ns          293459 1c008a68 1a10f6b7 lui              x13, 0x1a10f000     x13=1a10f000
17074806ns          293460 1c008a6c 0ff57513 andi             x10, x10, 255       x10=00000065 x10:00000065
17074826ns          293461 1c008a70 00d70733 add              x14, x14, x13       x14=1a10f008 x14:00000008 x13:1a10f000
17074845ns          293462 1c008a72 00a7e723 p.sw             x10, x0(x15)        x10:00000065 x15:00000000  PA:1a10f008
17075164ns          293478 1c008a76 00000513 addi             x10, x0, 0          x10=00000000
17075184ns          293479 1c008a78 00008067 jalr             x0, x1, 0            x1:1c008b48
17075223ns          293481 1c008b48 31f52563 p.beqimm         x10, 778            x10:00000000
17075243ns          293482 1c008b4c 001d8d93 addi             x27, x27, 1         x27=00000008 x27:00000007
17075263ns          293483 1c008b4e 00044503 lbu              x10, 0(x8)          x10=00000072  x8:1c0000b4  PA:1c0000b4
17075561ns          293498 1c008b52 00140413 addi             x8, x8, 1            x8=1c0000b5  x8:1c0000b4
17075581ns          293499 1c008b54 fe0514e3 bne              x10, x0, -24        x10:00000072
17075641ns          293502 1c008b3c 02500793 addi             x15, x0, 37         x15=00000025
17075661ns          293503 1c008b40 04f50863 beq              x10, x15, 80        x10:00000072 x15:00000025
17075681ns          293504 1c008b44 01a005b3 add              x11, x0, x26        x11=00000002 x26:00000002
17075701ns          293505 1c008b46 000b00e7 jalr             x1, x22, 0           x1=1c008b48 x22:1c008a52
17075740ns          293507 1c008a52 000026b7 lui              x13, 0x2000         x13=00002000
17075760ns          293508 1c008a54 f14027f3 csrrs            x15, x0, 0xf14      x15=00000001
17075780ns          293509 1c008a58 f8068693 addi             x13, x13, -128      x13=00001f80 x13:00002000
17075800ns          293510 1c008a5c 00379713 slli             x14, x15, 0x3       x14=00000008 x15:00000001
17075820ns          293511 1c008a60 00279793 slli             x15, x15, 0x2       x15=00000004 x15:00000001
17075840ns          293512 1c008a62 00d7f7b3 and              x15, x15, x13       x15=00000000 x15:00000004 x13:00001f80
17075860ns          293513 1c008a64 ee873733 p.bclr           x14, x14, 23, 8     x14=00000008 x14:00000008
17075880ns          293514 1c008a68 1a10f6b7 lui              x13, 0x1a10f000     x13=1a10f000
17075900ns          293515 1c008a6c 0ff57513 andi             x10, x10, 255       x10=00000072 x10:00000072
17075920ns          293516 1c008a70 00d70733 add              x14, x14, x13       x14=1a10f008 x14:00000008 x13:1a10f000
17075939ns          293517 1c008a72 00a7e723 p.sw             x10, x0(x15)        x10:00000072 x15:00000000  PA:1a10f008
17076258ns          293533 1c008a76 00000513 addi             x10, x0, 0          x10=00000000
17076278ns          293534 1c008a78 00008067 jalr             x0, x1, 0            x1:1c008b48
17076317ns          293536 1c008b48 31f52563 p.beqimm         x10, 778            x10:00000000
17076337ns          293537 1c008b4c 001d8d93 addi             x27, x27, 1         x27=00000009 x27:00000008
17076357ns          293538 1c008b4e 00044503 lbu              x10, 0(x8)          x10=00000072  x8:1c0000b5  PA:1c0000b5
17076675ns          293554 1c008b52 00140413 addi             x8, x8, 1            x8=1c0000b6  x8:1c0000b5
17076695ns          293555 1c008b54 fe0514e3 bne              x10, x0, -24        x10:00000072
17076755ns          293558 1c008b3c 02500793 addi             x15, x0, 37         x15=00000025
17076775ns          293559 1c008b40 04f50863 beq              x10, x15, 80        x10:00000072 x15:00000025
17076795ns          293560 1c008b44 01a005b3 add              x11, x0, x26        x11=00000002 x26:00000002
17076815ns          293561 1c008b46 000b00e7 jalr             x1, x22, 0           x1=1c008b48 x22:1c008a52
17076854ns          293563 1c008a52 000026b7 lui              x13, 0x2000         x13=00002000
17076874ns          293564 1c008a54 f14027f3 csrrs            x15, x0, 0xf14      x15=00000001
17076894ns          293565 1c008a58 f8068693 addi             x13, x13, -128      x13=00001f80 x13:00002000
17076914ns          293566 1c008a5c 00379713 slli             x14, x15, 0x3       x14=00000008 x15:00000001
17076934ns          293567 1c008a60 00279793 slli             x15, x15, 0x2       x15=00000004 x15:00000001
17076954ns          293568 1c008a62 00d7f7b3 and              x15, x15, x13       x15=00000000 x15:00000004 x13:00001f80
17076974ns          293569 1c008a64 ee873733 p.bclr           x14, x14, 23, 8     x14=00000008 x14:00000008
17076994ns          293570 1c008a68 1a10f6b7 lui              x13, 0x1a10f000     x13=1a10f000
17077014ns          293571 1c008a6c 0ff57513 andi             x10, x10, 255       x10=00000072 x10:00000072
17077033ns          293572 1c008a70 00d70733 add              x14, x14, x13       x14=1a10f008 x14:00000008 x13:1a10f000
17077053ns          293573 1c008a72 00a7e723 p.sw             x10, x0(x15)        x10:00000072 x15:00000000  PA:1a10f008
17077372ns          293589 1c008a76 00000513 addi             x10, x0, 0          x10=00000000
17077391ns          293590 1c008a78 00008067 jalr             x0, x1, 0            x1:1c008b48
17077431ns          293592 1c008b48 31f52563 p.beqimm         x10, 778            x10:00000000
17077451ns          293593 1c008b4c 001d8d93 addi             x27, x27, 1         x27=0000000a x27:00000009
17077471ns          293594 1c008b4e 00044503 lbu              x10, 0(x8)          x10=0000006f  x8:1c0000b6  PA:1c0000b6
17077769ns          293609 1c008b52 00140413 addi             x8, x8, 1            x8=1c0000b7  x8:1c0000b6
17077789ns          293610 1c008b54 fe0514e3 bne              x10, x0, -24        x10:0000006f
17077849ns          293613 1c008b3c 02500793 addi             x15, x0, 37         x15=00000025
17077869ns          293614 1c008b40 04f50863 beq              x10, x15, 80        x10:0000006f x15:00000025
17077889ns          293615 1c008b44 01a005b3 add              x11, x0, x26        x11=00000002 x26:00000002
17077909ns          293616 1c008b46 000b00e7 jalr             x1, x22, 0           x1=1c008b48 x22:1c008a52
17077948ns          293618 1c008a52 000026b7 lui              x13, 0x2000         x13=00002000
17077968ns          293619 1c008a54 f14027f3 csrrs            x15, x0, 0xf14      x15=00000001
17077988ns          293620 1c008a58 f8068693 addi             x13, x13, -128      x13=00001f80 x13:00002000
17078008ns          293621 1c008a5c 00379713 slli             x14, x15, 0x3       x14=00000008 x15:00000001
17078028ns          293622 1c008a60 00279793 slli             x15, x15, 0x2       x15=00000004 x15:00000001
17078048ns          293623 1c008a62 00d7f7b3 and              x15, x15, x13       x15=00000000 x15:00000004 x13:00001f80
17078068ns          293624 1c008a64 ee873733 p.bclr           x14, x14, 23, 8     x14=00000008 x14:00000008
17078088ns          293625 1c008a68 1a10f6b7 lui              x13, 0x1a10f000     x13=1a10f000
17078107ns          293626 1c008a6c 0ff57513 andi             x10, x10, 255       x10=0000006f x10:0000006f
17078127ns          293627 1c008a70 00d70733 add              x14, x14, x13       x14=1a10f008 x14:00000008 x13:1a10f000
17078147ns          293628 1c008a72 00a7e723 p.sw             x10, x0(x15)        x10:0000006f x15:00000000  PA:1a10f008
17078466ns          293644 1c008a76 00000513 addi             x10, x0, 0          x10=00000000
17078485ns          293645 1c008a78 00008067 jalr             x0, x1, 0            x1:1c008b48
17078525ns          293647 1c008b48 31f52563 p.beqimm         x10, 778            x10:00000000
17078545ns          293648 1c008b4c 001d8d93 addi             x27, x27, 1         x27=0000000b x27:0000000a
17078565ns          293649 1c008b4e 00044503 lbu              x10, 0(x8)          x10=00000072  x8:1c0000b7  PA:1c0000b7
17078863ns          293664 1c008b52 00140413 addi             x8, x8, 1            x8=1c0000b8  x8:1c0000b7
17078883ns          293665 1c008b54 fe0514e3 bne              x10, x0, -24        x10:00000072
17078943ns          293668 1c008b3c 02500793 addi             x15, x0, 37         x15=00000025
17078963ns          293669 1c008b40 04f50863 beq              x10, x15, 80        x10:00000072 x15:00000025
17078983ns          293670 1c008b44 01a005b3 add              x11, x0, x26        x11=00000002 x26:00000002
17079003ns          293671 1c008b46 000b00e7 jalr             x1, x22, 0           x1=1c008b48 x22:1c008a52
17079042ns          293673 1c008a52 000026b7 lui              x13, 0x2000         x13=00002000
17079062ns          293674 1c008a54 f14027f3 csrrs            x15, x0, 0xf14      x15=00000001
17079082ns          293675 1c008a58 f8068693 addi             x13, x13, -128      x13=00001f80 x13:00002000
17079102ns          293676 1c008a5c 00379713 slli             x14, x15, 0x3       x14=00000008 x15:00000001
17079122ns          293677 1c008a60 00279793 slli             x15, x15, 0x2       x15=00000004 x15:00000001
17079142ns          293678 1c008a62 00d7f7b3 and              x15, x15, x13       x15=00000000 x15:00000004 x13:00001f80
17079162ns          293679 1c008a64 ee873733 p.bclr           x14, x14, 23, 8     x14=00000008 x14:00000008
17079182ns          293680 1c008a68 1a10f6b7 lui              x13, 0x1a10f000     x13=1a10f000
17079201ns          293681 1c008a6c 0ff57513 andi             x10, x10, 255       x10=00000072 x10:00000072
17079221ns          293682 1c008a70 00d70733 add              x14, x14, x13       x14=1a10f008 x14:00000008 x13:1a10f000
17079241ns          293683 1c008a72 00a7e723 p.sw             x10, x0(x15)        x10:00000072 x15:00000000  PA:1a10f008
17079560ns          293699 1c008a76 00000513 addi             x10, x0, 0          x10=00000000
17079579ns          293700 1c008a78 00008067 jalr             x0, x1, 0            x1:1c008b48
17079619ns          293702 1c008b48 31f52563 p.beqimm         x10, 778            x10:00000000
17079639ns          293703 1c008b4c 001d8d93 addi             x27, x27, 1         x27=0000000c x27:0000000b
17079659ns          293704 1c008b4e 00044503 lbu              x10, 0(x8)          x10=00000073  x8:1c0000b8  PA:1c0000b8
17079957ns          293719 1c008b52 00140413 addi             x8, x8, 1            x8=1c0000b9  x8:1c0000b8
17079977ns          293720 1c008b54 fe0514e3 bne              x10, x0, -24        x10:00000073
17080037ns          293723 1c008b3c 02500793 addi             x15, x0, 37         x15=00000025
17080057ns          293724 1c008b40 04f50863 beq              x10, x15, 80        x10:00000073 x15:00000025
17080077ns          293725 1c008b44 01a005b3 add              x11, x0, x26        x11=00000002 x26:00000002
17080097ns          293726 1c008b46 000b00e7 jalr             x1, x22, 0           x1=1c008b48 x22:1c008a52
17080136ns          293728 1c008a52 000026b7 lui              x13, 0x2000         x13=00002000
17080156ns          293729 1c008a54 f14027f3 csrrs            x15, x0, 0xf14      x15=00000001
17080176ns          293730 1c008a58 f8068693 addi             x13, x13, -128      x13=00001f80 x13:00002000
17080196ns          293731 1c008a5c 00379713 slli             x14, x15, 0x3       x14=00000008 x15:00000001
17080216ns          293732 1c008a60 00279793 slli             x15, x15, 0x2       x15=00000004 x15:00000001
17080236ns          293733 1c008a62 00d7f7b3 and              x15, x15, x13       x15=00000000 x15:00000004 x13:00001f80
17080256ns          293734 1c008a64 ee873733 p.bclr           x14, x14, 23, 8     x14=00000008 x14:00000008
17080276ns          293735 1c008a68 1a10f6b7 lui              x13, 0x1a10f000     x13=1a10f000
17080295ns          293736 1c008a6c 0ff57513 andi             x10, x10, 255       x10=00000073 x10:00000073
17080315ns          293737 1c008a70 00d70733 add              x14, x14, x13       x14=1a10f008 x14:00000008 x13:1a10f000
17080335ns          293738 1c008a72 00a7e723 p.sw             x10, x0(x15)        x10:00000073 x15:00000000  PA:1a10f008
17080673ns          293755 1c008a76 00000513 addi             x10, x0, 0          x10=00000000
17080693ns          293756 1c008a78 00008067 jalr             x0, x1, 0            x1:1c008b48
17080733ns          293758 1c008b48 31f52563 p.beqimm         x10, 778            x10:00000000
17080753ns          293759 1c008b4c 001d8d93 addi             x27, x27, 1         x27=0000000d x27:0000000c
17080773ns          293760 1c008b4e 00044503 lbu              x10, 0(x8)          x10=0000003a  x8:1c0000b9  PA:1c0000b9
17081071ns          293775 1c008b52 00140413 addi             x8, x8, 1            x8=1c0000ba  x8:1c0000b9
17081091ns          293776 1c008b54 fe0514e3 bne              x10, x0, -24        x10:0000003a
17081151ns          293779 1c008b3c 02500793 addi             x15, x0, 37         x15=00000025
17081171ns          293780 1c008b40 04f50863 beq              x10, x15, 80        x10:0000003a x15:00000025
17081191ns          293781 1c008b44 01a005b3 add              x11, x0, x26        x11=00000002 x26:00000002
17081210ns          293782 1c008b46 000b00e7 jalr             x1, x22, 0           x1=1c008b48 x22:1c008a52
17081250ns          293784 1c008a52 000026b7 lui              x13, 0x2000         x13=00002000
17081270ns          293785 1c008a54 f14027f3 csrrs            x15, x0, 0xf14      x15=00000001
17081290ns          293786 1c008a58 f8068693 addi             x13, x13, -128      x13=00001f80 x13:00002000
17081310ns          293787 1c008a5c 00379713 slli             x14, x15, 0x3       x14=00000008 x15:00000001
17081330ns          293788 1c008a60 00279793 slli             x15, x15, 0x2       x15=00000004 x15:00000001
17081350ns          293789 1c008a62 00d7f7b3 and              x15, x15, x13       x15=00000000 x15:00000004 x13:00001f80
17081370ns          293790 1c008a64 ee873733 p.bclr           x14, x14, 23, 8     x14=00000008 x14:00000008
17081389ns          293791 1c008a68 1a10f6b7 lui              x13, 0x1a10f000     x13=1a10f000
17081409ns          293792 1c008a6c 0ff57513 andi             x10, x10, 255       x10=0000003a x10:0000003a
17081429ns          293793 1c008a70 00d70733 add              x14, x14, x13       x14=1a10f008 x14:00000008 x13:1a10f000
17081449ns          293794 1c008a72 00a7e723 p.sw             x10, x0(x15)        x10:0000003a x15:00000000  PA:1a10f008
17081767ns          293810 1c008a76 00000513 addi             x10, x0, 0          x10=00000000
17081787ns          293811 1c008a78 00008067 jalr             x0, x1, 0            x1:1c008b48
17081827ns          293813 1c008b48 31f52563 p.beqimm         x10, 778            x10:00000000
17081847ns          293814 1c008b4c 001d8d93 addi             x27, x27, 1         x27=0000000e x27:0000000d
17081867ns          293815 1c008b4e 00044503 lbu              x10, 0(x8)          x10=00000020  x8:1c0000ba  PA:1c0000ba
17082165ns          293830 1c008b52 00140413 addi             x8, x8, 1            x8=1c0000bb  x8:1c0000ba
17082185ns          293831 1c008b54 fe0514e3 bne              x10, x0, -24        x10:00000020
17082245ns          293834 1c008b3c 02500793 addi             x15, x0, 37         x15=00000025
17082265ns          293835 1c008b40 04f50863 beq              x10, x15, 80        x10:00000020 x15:00000025
17082285ns          293836 1c008b44 01a005b3 add              x11, x0, x26        x11=00000002 x26:00000002
17082304ns          293837 1c008b46 000b00e7 jalr             x1, x22, 0           x1=1c008b48 x22:1c008a52
17082344ns          293839 1c008a52 000026b7 lui              x13, 0x2000         x13=00002000
17082364ns          293840 1c008a54 f14027f3 csrrs            x15, x0, 0xf14      x15=00000001
17082384ns          293841 1c008a58 f8068693 addi             x13, x13, -128      x13=00001f80 x13:00002000
17082404ns          293842 1c008a5c 00379713 slli             x14, x15, 0x3       x14=00000008 x15:00000001
17082424ns          293843 1c008a60 00279793 slli             x15, x15, 0x2       x15=00000004 x15:00000001
17082444ns          293844 1c008a62 00d7f7b3 and              x15, x15, x13       x15=00000000 x15:00000004 x13:00001f80
17082464ns          293845 1c008a64 ee873733 p.bclr           x14, x14, 23, 8     x14=00000008 x14:00000008
17082483ns          293846 1c008a68 1a10f6b7 lui              x13, 0x1a10f000     x13=1a10f000
17082503ns          293847 1c008a6c 0ff57513 andi             x10, x10, 255       x10=00000020 x10:00000020
17082523ns          293848 1c008a70 00d70733 add              x14, x14, x13       x14=1a10f008 x14:00000008 x13:1a10f000
17082543ns          293849 1c008a72 00a7e723 p.sw             x10, x0(x15)        x10:00000020 x15:00000000  PA:1a10f008
17082861ns          293865 1c008a76 00000513 addi             x10, x0, 0          x10=00000000
17082881ns          293866 1c008a78 00008067 jalr             x0, x1, 0            x1:1c008b48
17082921ns          293868 1c008b48 31f52563 p.beqimm         x10, 778            x10:00000000
17082941ns          293869 1c008b4c 001d8d93 addi             x27, x27, 1         x27=0000000f x27:0000000e
17082961ns          293870 1c008b4e 00044503 lbu              x10, 0(x8)          x10=00000025  x8:1c0000bb  PA:1c0000bb
17083279ns          293886 1c008b52 00140413 addi             x8, x8, 1            x8=1c0000bc  x8:1c0000bb
17083299ns          293887 1c008b54 fe0514e3 bne              x10, x0, -24        x10:00000025
17083359ns          293890 1c008b3c 02500793 addi             x15, x0, 37         x15=00000025
17083379ns          293891 1c008b40 04f50863 beq              x10, x15, 80        x10:00000025 x15:00000025
17083438ns          293894 1c008b90 00044483 lbu              x9, 0(x8)            x9=00000064  x8:1c0000bc  PA:1c0000bc
17083737ns          293909 1c008b94 02000693 addi             x13, x0, 32         x13=00000020
17083756ns          293910 1c008b98 00140a93 addi             x21, x8, 1          x21=1c0000bd  x8:1c0000bc
17083776ns          293911 1c008b9c 009005b3 add              x11, x0, x9         x11=00000064  x9:00000064
17083796ns          293912 1c008b9e 05cb8513 addi             x10, x23, 92        x10=1c00005c x23:1c000000
17083816ns          293913 1c008ba2 00d12823 sw               x13, 16(x2)         x13:00000020  x2:10001a28  PA:10001a38
17083836ns          293914 1c008ba4 00012c23 sw               x0, 24(x2)           x2:10001a28  PA:10001a40
17083856ns          293915 1c008ba6 00012a23 sw               x0, 20(x2)           x2:10001a28  PA:10001a3c
17083876ns          293916 1c008ba8 00012e23 sw               x0, 28(x2)           x2:10001a28  PA:10001a44
17083896ns          293917 1c008baa 00012623 sw               x0, 12(x2)           x2:10001a28  PA:10001a34
17083916ns          293918 1c008bac 02300913 addi             x18, x0, 35         x18=00000023
17083935ns          293919 1c008bb0 02d00a13 addi             x20, x0, 45         x20=0000002d
17083955ns          293920 1c008bb4 015009b3 add              x19, x0, x21        x19=1c0000bd x21:1c0000bd
17083975ns          293921 1c008bb6 e1dff0ef jal              x1, -484             x1=1c008bb8
17084035ns          293924 1c0089d2 00054783 lbu              x15, 0(x10)         x15=0000002d x10:1c00005c  PA:1c00005c
17084333ns          293939 1c0089d6 0ff5f593 andi             x11, x11, 255       x11=00000064 x11:00000064
17084353ns          293940 1c0089da 00b78c63 beq              x15, x11, 24        x15:0000002d x11:00000064
17084373ns          293941 1c0089de 00078b63 beq              x15, x0, 22         x15:0000002d
17084393ns          293942 1c0089e0 00150793 addi             x15, x10, 1         x15=1c00005d x10:1c00005c
17084413ns          293943 1c0089e4 0040006f jal              x0, 4              
17084453ns          293945 1c0089e8 00f00533 add              x10, x0, x15        x10=1c00005d x15:1c00005d
17084473ns          293946 1c0089ea 0017c70b p.lbu            x14, 1(x15!)        x14=0000002b x15=1c00005e x15:1c00005d  PA:1c00005d
17084811ns          293963 1c0089ee feb71ce3 bne              x14, x11, -8        x14:0000002b x11:00000064
17084870ns          293966 1c0089e6 00070763 beq              x14, x0, 14         x14:0000002b
17084890ns          293967 1c0089e8 00f00533 add              x10, x0, x15        x10=1c00005e x15:1c00005e
17084910ns          293968 1c0089ea 0017c70b p.lbu            x14, 1(x15!)        x14=00000020 x15=1c00005f x15:1c00005e  PA:1c00005e
17085228ns          293984 1c0089ee feb71ce3 bne              x14, x11, -8        x14:00000020 x11:00000064
17085288ns          293987 1c0089e6 00070763 beq              x14, x0, 14         x14:00000020
17085308ns          293988 1c0089e8 00f00533 add              x10, x0, x15        x10=1c00005f x15:1c00005f
17085328ns          293989 1c0089ea 0017c70b p.lbu            x14, 1(x15!)        x14=00000023 x15=1c000060 x15:1c00005f  PA:1c00005f
17085646ns          294005 1c0089ee feb71ce3 bne              x14, x11, -8        x14:00000023 x11:00000064
17085706ns          294008 1c0089e6 00070763 beq              x14, x0, 14         x14:00000023
17085726ns          294009 1c0089e8 00f00533 add              x10, x0, x15        x10=1c000060 x15:1c000060
17085746ns          294010 1c0089ea 0017c70b p.lbu            x14, 1(x15!)        x14=00000030 x15=1c000061 x15:1c000060  PA:1c000060
17086064ns          294026 1c0089ee feb71ce3 bne              x14, x11, -8        x14:00000030 x11:00000064
17086123ns          294029 1c0089e6 00070763 beq              x14, x0, 14         x14:00000030
17086143ns          294030 1c0089e8 00f00533 add              x10, x0, x15        x10=1c000061 x15:1c000061
17086163ns          294031 1c0089ea 0017c70b p.lbu            x14, 1(x15!)        x14=00000000 x15=1c000062 x15:1c000061  PA:1c000061
17086482ns          294047 1c0089ee feb71ce3 bne              x14, x11, -8        x14:00000000 x11:00000064
17086541ns          294050 1c0089e6 00070763 beq              x14, x0, 14         x14:00000000
17086601ns          294053 1c0089f4 0015b593 sltiu            x11, x11, 1         x11=00000000 x11:00000064
17086621ns          294054 1c0089f8 40b005b3 sub              x11, x0, x11        x11=00000000 x11:00000000
17086641ns          294055 1c0089fc 00b57533 and              x10, x10, x11       x10=00000000 x10:1c000061 x11:00000000
17086661ns          294056 1c0089fe 00008067 jalr             x0, x1, 0            x1:1c008bb8
17086740ns          294060 1c008bb8 02050a63 beq              x10, x0, 52         x10:00000000
17086899ns          294068 1c008bec 02a00613 addi             x12, x0, 42         x12=0000002a
17086979ns          294072 1c008bf0 2ac48663 beq              x9, x12, 684         x9:00000064 x12:0000002a
17087019ns          294074 1c008bf4 fd048613 addi             x12, x9, -48        x12=00000034  x9:00000064
17087038ns          294075 1c008bf8 00900593 addi             x11, x0, 9          x11=00000009
17087058ns          294076 1c008bfa 00000913 addi             x18, x0, 0          x18=00000000
17087078ns          294077 1c008bfc 28c5f063 bgeu             x11, x12, 640       x11:00000009 x12:00000034
17087118ns          294079 1c008c00 02e00693 addi             x13, x0, 46         x13=0000002e
17087158ns          294081 1c008c04 fff00a13 addi             x20, x0, -1         x20=ffffffff
17087178ns          294082 1c008c06 2ed48363 beq              x9, x13, 742         x9:00000064 x13:0000002e
17087198ns          294083 1c008c0a 1c0007b7 lui              x15, 0x1c000000     x15=1c000000
17087217ns          294084 1c008c0e 009005b3 add              x11, x0, x9         x11=00000064  x9:00000064
17087257ns          294086 1c008c10 06478513 addi             x10, x15, 100       x10=1c000064 x15:1c000000
17087297ns          294088 1c008c14 dbfff0ef jal              x1, -578             x1=1c008c16
17087357ns          294091 1c0089d2 00054783 lbu              x15, 0(x10)         x15=00000068 x10:1c000064  PA:1c000064
17087655ns          294106 1c0089d6 0ff5f593 andi             x11, x11, 255       x11=00000064 x11:00000064
17087675ns          294107 1c0089da 00b78c63 beq              x15, x11, 24        x15:00000068 x11:00000064
17087695ns          294108 1c0089de 00078b63 beq              x15, x0, 22         x15:00000068
17087715ns          294109 1c0089e0 00150793 addi             x15, x10, 1         x15=1c000065 x10:1c000064
17087735ns          294110 1c0089e4 0040006f jal              x0, 4              
17087774ns          294112 1c0089e8 00f00533 add              x10, x0, x15        x10=1c000065 x15:1c000065
17087794ns          294113 1c0089ea 0017c70b p.lbu            x14, 1(x15!)        x14=0000006c x15=1c000066 x15:1c000065  PA:1c000065
17088113ns          294129 1c0089ee feb71ce3 bne              x14, x11, -8        x14:0000006c x11:00000064
17088172ns          294132 1c0089e6 00070763 beq              x14, x0, 14         x14:0000006c
17088192ns          294133 1c0089e8 00f00533 add              x10, x0, x15        x10=1c000066 x15:1c000066
17088212ns          294134 1c0089ea 0017c70b p.lbu            x14, 1(x15!)        x14=0000004c x15=1c000067 x15:1c000066  PA:1c000066
17088530ns          294150 1c0089ee feb71ce3 bne              x14, x11, -8        x14:0000004c x11:00000064
17088590ns          294153 1c0089e6 00070763 beq              x14, x0, 14         x14:0000004c
17088610ns          294154 1c0089e8 00f00533 add              x10, x0, x15        x10=1c000067 x15:1c000067
17088630ns          294155 1c0089ea 0017c70b p.lbu            x14, 1(x15!)        x14=0000007a x15=1c000068 x15:1c000067  PA:1c000067
17088948ns          294171 1c0089ee feb71ce3 bne              x14, x11, -8        x14:0000007a x11:00000064
17089008ns          294174 1c0089e6 00070763 beq              x14, x0, 14         x14:0000007a
17089028ns          294175 1c0089e8 00f00533 add              x10, x0, x15        x10=1c000068 x15:1c000068
17089047ns          294176 1c0089ea 0017c70b p.lbu            x14, 1(x15!)        x14=00000000 x15=1c000069 x15:1c000068  PA:1c000068
17089366ns          294192 1c0089ee feb71ce3 bne              x14, x11, -8        x14:00000000 x11:00000064
17089425ns          294195 1c0089e6 00070763 beq              x14, x0, 14         x14:00000000
17089485ns          294198 1c0089f4 0015b593 sltiu            x11, x11, 1         x11=00000000 x11:00000064
17089505ns          294199 1c0089f8 40b005b3 sub              x11, x0, x11        x11=00000000 x11:00000000
17089525ns          294200 1c0089fc 00b57533 and              x10, x10, x11       x10=00000000 x10:1c000068 x11:00000000
17089545ns          294201 1c0089fe 00008067 jalr             x0, x1, 0            x1:1c008c16
17089584ns          294203 1c008c16 01300433 add              x8, x0, x19          x8=1c0000bd x19:1c0000bd
17089604ns          294204 1c008c18 00050563 beq              x10, x0, 10         x10:00000000
17089684ns          294208 1c008c22 06700693 addi             x13, x0, 103        x13=00000067
17089704ns          294209 1c008c26 2896d963 bge              x13, x9, 658        x13:00000067  x9:00000064
17090201ns          294234 1c008eb8 06500693 addi             x13, x0, 101        x13=00000065
17090241ns          294236 1c008ebc 12d4d563 bge              x9, x13, 298         x9:00000064 x13:00000065
17090659ns          294257 1c008ec0 04700693 addi             x13, x0, 71         x13=00000047
17090698ns          294259 1c008ec4 dc96cbe3 blt              x13, x9, -554       x13:00000047  x9:00000064
17091215ns          294285 1c008c9a 06300693 addi             x13, x0, 99         x13=00000063
17091673ns          294308 1c008c9e 0ad488e3 beq              x9, x13, 2224        x9:00000064 x13:00000063
17091713ns          294310 1c008ca2 0096c9e3 blt              x13, x9, 2066       x13:00000063  x9:00000064
17092170ns          294333 1c0094b4 000c2583 lw               x11, 0(x24)         x11=00000000 x24:10001b7c  PA:10001b7c
17092230ns          294336 1c0094b8 004c0c13 addi             x24, x24, 4         x24=10001b80 x24:10001b7c
17092250ns          294337 1c0094ba 3405cc63 blt              x11, x0, 856        x11:00000000
17092270ns          294338 1c0094be 01412603 lw               x12, 20(x2)         x12=00000000  x2:10001a28  PA:10001a3c
17092687ns          294359 1c0094c0 00b006b3 add              x13, x0, x11        x13=00000000 x11:00000000
17092727ns          294361 1c0094c2 2e061863 bne              x12, x0, 752        x12:00000000
17092747ns          294362 1c0094c6 01812703 lw               x14, 24(x2)         x14=00000000  x2:10001a28  PA:10001a40
17092767ns          294363 1c0094c8 019007b3 add              x15, x0, x25        x15=10001a4c x25:10001a4c
17092787ns          294364 1c0094ca 00070763 beq              x14, x0, 14         x14:00000000
17093244ns          294387 1c0094d8 00f00733 add              x14, x0, x15        x14=10001a4c x15:10001a4c
17093264ns          294388 1c0094da 00a00513 addi             x10, x0, 10         x10=0000000a
17093284ns          294389 1c0094dc 02a6f633 remu             x12, x13, x10       x12=00000000 x13:00000000 x10:0000000a
17093921ns          294421 1c0094e0 02a6d6b3 divu             x13, x13, x10       x13=00000000 x13:00000000 x10:0000000a
17094537ns          294452 1c0094e4 03060613 addi             x12, x12, 48        x12=00000030 x12:00000000
17094557ns          294453 1c0094e8 00c700ab p.sb             x12, 1(x14!)        x14=10001a4d x12:00000030 x14:10001a4c  PA:10001a4c
17094577ns          294454 1c0094ec fe0698e3 bne              x13, x0, -16        x13:00000000
17094597ns          294455 1c0094ee 40f706b3 sub              x13, x14, x15       x13=00000001 x14:10001a4d x15:10001a4c
17094617ns          294456 1c0094f2 0146dc63 bge              x13, x20, 24        x13:00000001 x20:ffffffff
17095094ns          294480 1c00950a 00e006b3 add              x13, x0, x14        x13=10001a4d x14:10001a4d
17095134ns          294482 1c00950c fe068fab p.sb             x0, -1(x13!)        x13=10001a4c x13:10001a4d  PA:10001a4d
17095572ns          294504 1c009510 00d7fc63 bgeu             x15, x13, 24        x15:10001a4c x13:10001a4c
17096069ns          294529 1c009528 01412783 lw               x15, 20(x2)         x15=00000000  x2:10001a28  PA:10001a3c
17096089ns          294530 1c00952a 01812603 lw               x12, 24(x2)         x12=00000000  x2:10001a28  PA:10001a40
17096109ns          294531 1c00952c 419704b3 sub              x9, x14, x25         x9=00000001 x14:10001a4d x25:10001a4c
17096526ns          294552 1c009530 00c7e7b3 or               x15, x15, x12       x15=00000000 x15:00000000 x12:00000000
17096546ns          294553 1c009532 00f12623 sw               x15, 12(x2)         x15:00000000  x2:10001a28  PA:10001a34
17096566ns          294554 1c009534 00079363 bne              x15, x0, 6          x15:00000000
17096586ns          294555 1c009536 01f5d593 srli             x11, x11, 0x1f      x11=00000000 x11:00000000
17096606ns          294556 1c009538 00b12623 sw               x11, 12(x2)         x11:00000000  x2:10001a28  PA:10001a34
17096626ns          294557 1c00953a e3fa28e3 p.beqimm         x20, -464           x20:ffffffff
17097561ns          294604 1c00936a 0c800793 addi             x15, x0, 200        x15=000000c8
17097998ns          294626 1c00936e 9e97d0e3 bge              x15, x9, -1568      x15:000000c8  x9:00000001
17098933ns          294673 1c008d4e 0f24d163 bge              x9, x18, 226         x9:00000001 x18:00000000
17099033ns          294678 1c008e30 d00482e3 beq              x9, x0, -764         x9:00000001
17099072ns          294680 1c008e34 01900933 add              x18, x0, x25        x18=10001a4c x25:10001a4c
17099092ns          294681 1c008e36 419d8db3 sub              x27, x27, x25       x27=efffe5c3 x27:0000000f x25:10001a4c
17099112ns          294682 1c008e3a 00a0006f jal              x0, 10             
17099212ns          294687 1c008e44 0019450b p.lbu            x10, 1(x18!)        x10=00000030 x18=10001a4d x18:10001a4c  PA:10001a4c
17099231ns          294688 1c008e48 01a005b3 add              x11, x0, x26        x11=00000002 x26:00000002
17099251ns          294689 1c008e4a 000b00e7 jalr             x1, x22, 0           x1=1c008e4c x22:1c008a52
17099391ns          294696 1c008a52 000026b7 lui              x13, 0x2000         x13=00002000
17099430ns          294698 1c008a54 f14027f3 csrrs            x15, x0, 0xf14      x15=00000001
17099450ns          294699 1c008a58 f8068693 addi             x13, x13, -128      x13=00001f80 x13:00002000
17099470ns          294700 1c008a5c 00379713 slli             x14, x15, 0x3       x14=00000008 x15:00000001
17099530ns          294703 1c008a60 00279793 slli             x15, x15, 0x2       x15=00000004 x15:00000001
17099550ns          294704 1c008a62 00d7f7b3 and              x15, x15, x13       x15=00000000 x15:00000004 x13:00001f80
17099570ns          294705 1c008a64 ee873733 p.bclr           x14, x14, 23, 8     x14=00000008 x14:00000008
17099590ns          294706 1c008a68 1a10f6b7 lui              x13, 0x1a10f000     x13=1a10f000
17099609ns          294707 1c008a6c 0ff57513 andi             x10, x10, 255       x10=00000030 x10:00000030
17099669ns          294710 1c008a70 00d70733 add              x14, x14, x13       x14=1a10f008 x14:00000008 x13:1a10f000
17099709ns          294712 1c008a72 00a7e723 p.sw             x10, x0(x15)        x10:00000030 x15:00000000  PA:1a10f008
17100067ns          294730 1c008a76 00000513 addi             x10, x0, 0          x10=00000000
17100087ns          294731 1c008a78 00008067 jalr             x0, x1, 0            x1:1c008e4c
17100127ns          294733 1c008e4c fff48493 addi             x9, x9, -1           x9=00000000  x9:00000001
17100146ns          294734 1c008e4e fff537e3 p.bneimm         x10, -18            x10:00000000
17100206ns          294737 1c008e3c 012d8733 add              x14, x27, x18       x14=00000010 x27:efffe5c3 x18:10001a4d
17100226ns          294738 1c008e40 5a048b63 beq              x9, x0, 1462         x9:00000000
17100325ns          294743 1c0093f6 00e00db3 add              x27, x0, x14        x27=00000010 x14:00000010
17100365ns          294745 1c0093f8 f3cff06f jal              x0, -2244          
17100445ns          294749 1c008b34 00044503 lbu              x10, 0(x8)          x10=00000000  x8:1c0000bd  PA:1c0000bd
17100763ns          294765 1c008b38 00140413 addi             x8, x8, 1            x8=1c0000be  x8:1c0000bd
17100783ns          294766 1c008b3a 00050e63 beq              x10, x0, 28         x10:00000000
17100882ns          294771 1c008b56 01b00433 add              x8, x0, x27          x8=00000010 x27:00000010
17100922ns          294773 1c008b58 00800533 add              x10, x0, x8         x10=00000010  x8:00000010
17100942ns          294774 1c008b5a 12c12083 lw               x1, 300(x2)          x1=1c008ae6  x2:10001a28  PA:10001b54
17100962ns          294775 1c008b5e 12812403 lw               x8, 296(x2)          x8=1c00110c  x2:10001a28  PA:10001b50
17100982ns          294776 1c008b62 12412483 lw               x9, 292(x2)          x9=00000000  x2:10001a28  PA:10001b4c
17101002ns          294777 1c008b66 12012903 lw               x18, 288(x2)        x18=1a10b004  x2:10001a28  PA:10001b48
17101022ns          294778 1c008b6a 11c12983 lw               x19, 284(x2)        x19=00000001  x2:10001a28  PA:10001b44
17101042ns          294779 1c008b6e 11812a03 lw               x20, 280(x2)        x20=1c001110  x2:10001a28  PA:10001b40
17101061ns          294780 1c008b72 11412a83 lw               x21, 276(x2)        x21=1c00a000  x2:10001a28  PA:10001b3c
17101081ns          294781 1c008b76 11012b03 lw               x22, 272(x2)        x22=1c00a000  x2:10001a28  PA:10001b38
17101101ns          294782 1c008b7a 10c12b83 lw               x23, 268(x2)        x23=1c000000  x2:10001a28  PA:10001b34
17101121ns          294783 1c008b7e 10812c03 lw               x24, 264(x2)        x24=1c000000  x2:10001a28  PA:10001b30
17101141ns          294784 1c008b82 10412c83 lw               x25, 260(x2)        x25=1c000000  x2:10001a28  PA:10001b2c
17101161ns          294785 1c008b86 10012d03 lw               x26, 256(x2)        x26=1c000000  x2:10001a28  PA:10001b28
17101181ns          294786 1c008b8a 0fc12d83 lw               x27, 252(x2)        x27=1c001104  x2:10001a28  PA:10001b24
17101201ns          294787 1c008b8c 13010113 addi             x2, x2, 304          x2=10001b58  x2:10001a28
17101221ns          294788 1c008b8e 00008067 jalr             x0, x1, 0            x1:1c008ae6
17101300ns          294792 1c008ae6 01c12083 lw               x1, 28(x2)           x1=1c009d12  x2:10001b58  PA:10001b74
17101340ns          294794 1c008ae8 04010113 addi             x2, x2, 64           x2=10001b98  x2:10001b58
17101360ns          294795 1c008aea 00008067 jalr             x0, x1, 0            x1:1c009d12
17101400ns          294797 1c009d12 00812703 lw               x14, 8(x2)          x14=0000118a  x2:10001b98  PA:10001ba0
17101439ns          294799 1c009d14 0c0c0513 addi             x10, x24, 192       x10=1c0000c0 x24:1c000000
17101459ns          294800 1c009d18 00e005b3 add              x11, x0, x14        x11=0000118a x14:0000118a
17101479ns          294801 1c009d1a 02070b63 beq              x14, x0, 54         x14:0000118a
17101499ns          294802 1c009d1c da3fe0ef jal              x1, -4702            x1=1c009d20
17101937ns          294824 1c008abe fc010113 addi             x2, x2, -64          x2=10001b58  x2:10001b98
17102016ns          294828 1c008ac0 02410313 addi             x6, x2, 36           x6=10001b7c  x2:10001b58
17102056ns          294830 1c008ac4 02c12423 sw               x12, 40(x2)         x12:00000000  x2:10001b58  PA:10001b80
17102076ns          294831 1c008ac6 00a00633 add              x12, x0, x10        x12=1c0000c0 x10:1c0000c0
17102096ns          294832 1c008ac8 1c009537 lui              x10, 0x1c009000     x10=1c009000
17102116ns          294833 1c008acc 02b12223 sw               x11, 36(x2)         x11:0000118a  x2:10001b58  PA:10001b7c
17102136ns          294834 1c008ace 02d12623 sw               x13, 44(x2)         x13:1a10f000  x2:10001b58  PA:10001b84
17102155ns          294835 1c008ad0 00200593 addi             x11, x0, 2          x11=00000002
17102175ns          294836 1c008ad2 006006b3 add              x13, x0, x6         x13=10001b7c  x6:10001b7c
17102195ns          294837 1c008ad4 a5250513 addi             x10, x10, -1454     x10=1c008a52 x10:1c009000
17102215ns          294838 1c008ad8 00112e23 sw               x1, 28(x2)           x1:1c009d20  x2:10001b58  PA:10001b74
17102235ns          294839 1c008ada 02e12823 sw               x14, 48(x2)         x14:0000118a  x2:10001b58  PA:10001b88
17102255ns          294840 1c008adc 02f12a23 sw               x15, 52(x2)         x15:00000000  x2:10001b58  PA:10001b8c
17102275ns          294841 1c008ade 03012c23 sw               x16, 56(x2)         x16:10001a4c  x2:10001b58  PA:10001b90
17102295ns          294842 1c008ae0 03112e23 sw               x17, 60(x2)         x17:1c000040  x2:10001b58  PA:10001b94
17102315ns          294843 1c008ae2 00612623 sw               x6, 12(x2)           x6:10001b7c  x2:10001b58  PA:10001b64
17102334ns          294844 1c008ae4 fbfff0ef jal              x1, -66              x1=1c008ae6
17102414ns          294848 1c008aa2 04a0006f jal              x0, 74             
17102454ns          294850 1c008aec ed010113 addi             x2, x2, -304         x2=10001a28  x2:10001b58
17102474ns          294851 1c008aee 12812423 sw               x8, 296(x2)          x8:1c00110c  x2:10001a28  PA:10001b50
17102494ns          294852 1c008af2 00000413 addi             x8, x0, 0            x8=00000000
17102513ns          294853 1c008af4 11612823 sw               x22, 272(x2)        x22:1c00a000  x2:10001a28  PA:10001b38
17102533ns          294854 1c008af8 11712623 sw               x23, 268(x2)        x23:1c000000  x2:10001a28  PA:10001b34
17102553ns          294855 1c008afc 11812423 sw               x24, 264(x2)        x24:1c000000  x2:10001a28  PA:10001b30
17102593ns          294857 1c008b00 11912223 sw               x25, 260(x2)        x25:1c000000  x2:10001a28  PA:10001b2c
17102633ns          294859 1c008b04 11a12023 sw               x26, 256(x2)        x26:1c000000  x2:10001a28  PA:10001b28
17102653ns          294860 1c008b08 0fb12e23 sw               x27, 252(x2)        x27:1c001104  x2:10001a28  PA:10001b24
17102673ns          294861 1c008b0a 12112623 sw               x1, 300(x2)          x1:1c008ae6  x2:10001a28  PA:10001b54
17102692ns          294862 1c008b0e 00800db3 add              x27, x0, x8         x27=00000000  x8:00000000
17102732ns          294864 1c008b10 12912223 sw               x9, 292(x2)          x9:00000000  x2:10001a28  PA:10001b4c
17102772ns          294866 1c008b14 13212023 sw               x18, 288(x2)        x18:1a10b004  x2:10001a28  PA:10001b48
17102792ns          294867 1c008b18 11312e23 sw               x19, 284(x2)        x19:00000001  x2:10001a28  PA:10001b44
17102812ns          294868 1c008b1c 11412c23 sw               x20, 280(x2)        x20:1c001110  x2:10001a28  PA:10001b40
17102871ns          294871 1c008b20 11512a23 sw               x21, 276(x2)        x21:1c00a000  x2:10001a28  PA:10001b3c
17102911ns          294873 1c008b24 00a00b33 add              x22, x0, x10        x22=1c008a52 x10:1c008a52
17102931ns          294874 1c008b26 00b00d33 add              x26, x0, x11        x26=00000002 x11:00000002
17102951ns          294875 1c008b28 00d00c33 add              x24, x0, x13        x24=10001b7c x13:10001b7c
17102971ns          294876 1c008b2a 1c000bb7 lui              x23, 0x1c000000     x23=1c000000
17102991ns          294877 1c008b2e 02410c93 addi             x25, x2, 36         x25=10001a4c  x2:10001a28
17103011ns          294878 1c008b32 00c00433 add              x8, x0, x12          x8=1c0000c0 x12:1c0000c0
17103031ns          294879 1c008b34 00044503 lbu              x10, 0(x8)          x10=0000002c  x8:1c0000c0  PA:1c0000c0
17103329ns          294894 1c008b38 00140413 addi             x8, x8, 1            x8=1c0000c1  x8:1c0000c0
17103349ns          294895 1c008b3a 00050e63 beq              x10, x0, 28         x10:0000002c
17103369ns          294896 1c008b3c 02500793 addi             x15, x0, 37         x15=00000025
17103389ns          294897 1c008b40 04f50863 beq              x10, x15, 80        x10:0000002c x15:00000025
17103409ns          294898 1c008b44 01a005b3 add              x11, x0, x26        x11=00000002 x26:00000002
17103428ns          294899 1c008b46 000b00e7 jalr             x1, x22, 0           x1=1c008b48 x22:1c008a52
17103508ns          294903 1c008a52 000026b7 lui              x13, 0x2000         x13=00002000
17103548ns          294905 1c008a54 f14027f3 csrrs            x15, x0, 0xf14      x15=00000001
17103568ns          294906 1c008a58 f8068693 addi             x13, x13, -128      x13=00001f80 x13:00002000
17103588ns          294907 1c008a5c 00379713 slli             x14, x15, 0x3       x14=00000008 x15:00000001
17103607ns          294908 1c008a60 00279793 slli             x15, x15, 0x2       x15=00000004 x15:00000001
17103627ns          294909 1c008a62 00d7f7b3 and              x15, x15, x13       x15=00000000 x15:00000004 x13:00001f80
17103647ns          294910 1c008a64 ee873733 p.bclr           x14, x14, 23, 8     x14=00000008 x14:00000008
17103667ns          294911 1c008a68 1a10f6b7 lui              x13, 0x1a10f000     x13=1a10f000
17103687ns          294912 1c008a6c 0ff57513 andi             x10, x10, 255       x10=0000002c x10:0000002c
17103727ns          294914 1c008a70 00d70733 add              x14, x14, x13       x14=1a10f008 x14:00000008 x13:1a10f000
17103767ns          294916 1c008a72 00a7e723 p.sw             x10, x0(x15)        x10:0000002c x15:00000000  PA:1a10f008
17104144ns          294935 1c008a76 00000513 addi             x10, x0, 0          x10=00000000
17104164ns          294936 1c008a78 00008067 jalr             x0, x1, 0            x1:1c008b48
17104204ns          294938 1c008b48 31f52563 p.beqimm         x10, 778            x10:00000000
17104224ns          294939 1c008b4c 001d8d93 addi             x27, x27, 1         x27=00000001 x27:00000000
17104244ns          294940 1c008b4e 00044503 lbu              x10, 0(x8)          x10=00000020  x8:1c0000c1  PA:1c0000c1
17104562ns          294956 1c008b52 00140413 addi             x8, x8, 1            x8=1c0000c2  x8:1c0000c1
17104582ns          294957 1c008b54 fe0514e3 bne              x10, x0, -24        x10:00000020
17104642ns          294960 1c008b3c 02500793 addi             x15, x0, 37         x15=00000025
17104662ns          294961 1c008b40 04f50863 beq              x10, x15, 80        x10:00000020 x15:00000025
17104682ns          294962 1c008b44 01a005b3 add              x11, x0, x26        x11=00000002 x26:00000002
17104701ns          294963 1c008b46 000b00e7 jalr             x1, x22, 0           x1=1c008b48 x22:1c008a52
17104741ns          294965 1c008a52 000026b7 lui              x13, 0x2000         x13=00002000
17104761ns          294966 1c008a54 f14027f3 csrrs            x15, x0, 0xf14      x15=00000001
17104781ns          294967 1c008a58 f8068693 addi             x13, x13, -128      x13=00001f80 x13:00002000
17104801ns          294968 1c008a5c 00379713 slli             x14, x15, 0x3       x14=00000008 x15:00000001
17104821ns          294969 1c008a60 00279793 slli             x15, x15, 0x2       x15=00000004 x15:00000001
17104841ns          294970 1c008a62 00d7f7b3 and              x15, x15, x13       x15=00000000 x15:00000004 x13:00001f80
17104861ns          294971 1c008a64 ee873733 p.bclr           x14, x14, 23, 8     x14=00000008 x14:00000008
17104880ns          294972 1c008a68 1a10f6b7 lui              x13, 0x1a10f000     x13=1a10f000
17104900ns          294973 1c008a6c 0ff57513 andi             x10, x10, 255       x10=00000020 x10:00000020
17104920ns          294974 1c008a70 00d70733 add              x14, x14, x13       x14=1a10f008 x14:00000008 x13:1a10f000
17104940ns          294975 1c008a72 00a7e723 p.sw             x10, x0(x15)        x10:00000020 x15:00000000  PA:1a10f008
17105258ns          294991 1c008a76 00000513 addi             x10, x0, 0          x10=00000000
17105278ns          294992 1c008a78 00008067 jalr             x0, x1, 0            x1:1c008b48
17105318ns          294994 1c008b48 31f52563 p.beqimm         x10, 778            x10:00000000
17105338ns          294995 1c008b4c 001d8d93 addi             x27, x27, 1         x27=00000002 x27:00000001
17105358ns          294996 1c008b4e 00044503 lbu              x10, 0(x8)          x10=00000065  x8:1c0000c2  PA:1c0000c2
17105656ns          295011 1c008b52 00140413 addi             x8, x8, 1            x8=1c0000c3  x8:1c0000c2
17105676ns          295012 1c008b54 fe0514e3 bne              x10, x0, -24        x10:00000065
17105736ns          295015 1c008b3c 02500793 addi             x15, x0, 37         x15=00000025
17105756ns          295016 1c008b40 04f50863 beq              x10, x15, 80        x10:00000065 x15:00000025
17105776ns          295017 1c008b44 01a005b3 add              x11, x0, x26        x11=00000002 x26:00000002
17105795ns          295018 1c008b46 000b00e7 jalr             x1, x22, 0           x1=1c008b48 x22:1c008a52
17105835ns          295020 1c008a52 000026b7 lui              x13, 0x2000         x13=00002000
17105855ns          295021 1c008a54 f14027f3 csrrs            x15, x0, 0xf14      x15=00000001
17105875ns          295022 1c008a58 f8068693 addi             x13, x13, -128      x13=00001f80 x13:00002000
17105895ns          295023 1c008a5c 00379713 slli             x14, x15, 0x3       x14=00000008 x15:00000001
17105915ns          295024 1c008a60 00279793 slli             x15, x15, 0x2       x15=00000004 x15:00000001
17105935ns          295025 1c008a62 00d7f7b3 and              x15, x15, x13       x15=00000000 x15:00000004 x13:00001f80
17105955ns          295026 1c008a64 ee873733 p.bclr           x14, x14, 23, 8     x14=00000008 x14:00000008
17105974ns          295027 1c008a68 1a10f6b7 lui              x13, 0x1a10f000     x13=1a10f000
17105994ns          295028 1c008a6c 0ff57513 andi             x10, x10, 255       x10=00000065 x10:00000065
17106014ns          295029 1c008a70 00d70733 add              x14, x14, x13       x14=1a10f008 x14:00000008 x13:1a10f000
17106034ns          295030 1c008a72 00a7e723 p.sw             x10, x0(x15)        x10:00000065 x15:00000000  PA:1a10f008
17106372ns          295047 1c008a76 00000513 addi             x10, x0, 0          x10=00000000
17106392ns          295048 1c008a78 00008067 jalr             x0, x1, 0            x1:1c008b48
17106432ns          295050 1c008b48 31f52563 p.beqimm         x10, 778            x10:00000000
17106452ns          295051 1c008b4c 001d8d93 addi             x27, x27, 1         x27=00000003 x27:00000002
17106472ns          295052 1c008b4e 00044503 lbu              x10, 0(x8)          x10=00000078  x8:1c0000c3  PA:1c0000c3
17106770ns          295067 1c008b52 00140413 addi             x8, x8, 1            x8=1c0000c4  x8:1c0000c3
17106790ns          295068 1c008b54 fe0514e3 bne              x10, x0, -24        x10:00000078
17106850ns          295071 1c008b3c 02500793 addi             x15, x0, 37         x15=00000025
17106870ns          295072 1c008b40 04f50863 beq              x10, x15, 80        x10:00000078 x15:00000025
17106889ns          295073 1c008b44 01a005b3 add              x11, x0, x26        x11=00000002 x26:00000002
17106909ns          295074 1c008b46 000b00e7 jalr             x1, x22, 0           x1=1c008b48 x22:1c008a52
17106949ns          295076 1c008a52 000026b7 lui              x13, 0x2000         x13=00002000
17106969ns          295077 1c008a54 f14027f3 csrrs            x15, x0, 0xf14      x15=00000001
17106989ns          295078 1c008a58 f8068693 addi             x13, x13, -128      x13=00001f80 x13:00002000
17107009ns          295079 1c008a5c 00379713 slli             x14, x15, 0x3       x14=00000008 x15:00000001
17107029ns          295080 1c008a60 00279793 slli             x15, x15, 0x2       x15=00000004 x15:00000001
17107049ns          295081 1c008a62 00d7f7b3 and              x15, x15, x13       x15=00000000 x15:00000004 x13:00001f80
17107068ns          295082 1c008a64 ee873733 p.bclr           x14, x14, 23, 8     x14=00000008 x14:00000008
17107088ns          295083 1c008a68 1a10f6b7 lui              x13, 0x1a10f000     x13=1a10f000
17107108ns          295084 1c008a6c 0ff57513 andi             x10, x10, 255       x10=00000078 x10:00000078
17107128ns          295085 1c008a70 00d70733 add              x14, x14, x13       x14=1a10f008 x14:00000008 x13:1a10f000
17107148ns          295086 1c008a72 00a7e723 p.sw             x10, x0(x15)        x10:00000078 x15:00000000  PA:1a10f008
17107486ns          295103 1c008a76 00000513 addi             x10, x0, 0          x10=00000000
17107506ns          295104 1c008a78 00008067 jalr             x0, x1, 0            x1:1c008b48
17107546ns          295106 1c008b48 31f52563 p.beqimm         x10, 778            x10:00000000
17107566ns          295107 1c008b4c 001d8d93 addi             x27, x27, 1         x27=00000004 x27:00000003
17107586ns          295108 1c008b4e 00044503 lbu              x10, 0(x8)          x10=00000065  x8:1c0000c4  PA:1c0000c4
17107884ns          295123 1c008b52 00140413 addi             x8, x8, 1            x8=1c0000c5  x8:1c0000c4
17107904ns          295124 1c008b54 fe0514e3 bne              x10, x0, -24        x10:00000065
17107964ns          295127 1c008b3c 02500793 addi             x15, x0, 37         x15=00000025
17107983ns          295128 1c008b40 04f50863 beq              x10, x15, 80        x10:00000065 x15:00000025
17108003ns          295129 1c008b44 01a005b3 add              x11, x0, x26        x11=00000002 x26:00000002
17108023ns          295130 1c008b46 000b00e7 jalr             x1, x22, 0           x1=1c008b48 x22:1c008a52
17108063ns          295132 1c008a52 000026b7 lui              x13, 0x2000         x13=00002000
17108083ns          295133 1c008a54 f14027f3 csrrs            x15, x0, 0xf14      x15=00000001
17108103ns          295134 1c008a58 f8068693 addi             x13, x13, -128      x13=00001f80 x13:00002000
17108123ns          295135 1c008a5c 00379713 slli             x14, x15, 0x3       x14=00000008 x15:00000001
17108143ns          295136 1c008a60 00279793 slli             x15, x15, 0x2       x15=00000004 x15:00000001
17108162ns          295137 1c008a62 00d7f7b3 and              x15, x15, x13       x15=00000000 x15:00000004 x13:00001f80
17108182ns          295138 1c008a64 ee873733 p.bclr           x14, x14, 23, 8     x14=00000008 x14:00000008
17108202ns          295139 1c008a68 1a10f6b7 lui              x13, 0x1a10f000     x13=1a10f000
17108222ns          295140 1c008a6c 0ff57513 andi             x10, x10, 255       x10=00000065 x10:00000065
17108242ns          295141 1c008a70 00d70733 add              x14, x14, x13       x14=1a10f008 x14:00000008 x13:1a10f000
17108262ns          295142 1c008a72 00a7e723 p.sw             x10, x0(x15)        x10:00000065 x15:00000000  PA:1a10f008
17108620ns          295160 1c008a76 00000513 addi             x10, x0, 0          x10=00000000
17108640ns          295161 1c008a78 00008067 jalr             x0, x1, 0            x1:1c008b48
17108680ns          295163 1c008b48 31f52563 p.beqimm         x10, 778            x10:00000000
17108699ns          295164 1c008b4c 001d8d93 addi             x27, x27, 1         x27=00000005 x27:00000004
17108719ns          295165 1c008b4e 00044503 lbu              x10, 0(x8)          x10=00000063  x8:1c0000c5  PA:1c0000c5
17109018ns          295180 1c008b52 00140413 addi             x8, x8, 1            x8=1c0000c6  x8:1c0000c5
17109038ns          295181 1c008b54 fe0514e3 bne              x10, x0, -24        x10:00000063
17109097ns          295184 1c008b3c 02500793 addi             x15, x0, 37         x15=00000025
17109117ns          295185 1c008b40 04f50863 beq              x10, x15, 80        x10:00000063 x15:00000025
17109137ns          295186 1c008b44 01a005b3 add              x11, x0, x26        x11=00000002 x26:00000002
17109157ns          295187 1c008b46 000b00e7 jalr             x1, x22, 0           x1=1c008b48 x22:1c008a52
17109197ns          295189 1c008a52 000026b7 lui              x13, 0x2000         x13=00002000
17109217ns          295190 1c008a54 f14027f3 csrrs            x15, x0, 0xf14      x15=00000001
17109237ns          295191 1c008a58 f8068693 addi             x13, x13, -128      x13=00001f80 x13:00002000
17109256ns          295192 1c008a5c 00379713 slli             x14, x15, 0x3       x14=00000008 x15:00000001
17109276ns          295193 1c008a60 00279793 slli             x15, x15, 0x2       x15=00000004 x15:00000001
17109296ns          295194 1c008a62 00d7f7b3 and              x15, x15, x13       x15=00000000 x15:00000004 x13:00001f80
17109316ns          295195 1c008a64 ee873733 p.bclr           x14, x14, 23, 8     x14=00000008 x14:00000008
17109336ns          295196 1c008a68 1a10f6b7 lui              x13, 0x1a10f000     x13=1a10f000
17109356ns          295197 1c008a6c 0ff57513 andi             x10, x10, 255       x10=00000063 x10:00000063
17109376ns          295198 1c008a70 00d70733 add              x14, x14, x13       x14=1a10f008 x14:00000008 x13:1a10f000
17109396ns          295199 1c008a72 00a7e723 p.sw             x10, x0(x15)        x10:00000063 x15:00000000  PA:1a10f008
17109714ns          295215 1c008a76 00000513 addi             x10, x0, 0          x10=00000000
17109734ns          295216 1c008a78 00008067 jalr             x0, x1, 0            x1:1c008b48
17109774ns          295218 1c008b48 31f52563 p.beqimm         x10, 778            x10:00000000
17109793ns          295219 1c008b4c 001d8d93 addi             x27, x27, 1         x27=00000006 x27:00000005
17109813ns          295220 1c008b4e 00044503 lbu              x10, 0(x8)          x10=00000075  x8:1c0000c6  PA:1c0000c6
17110112ns          295235 1c008b52 00140413 addi             x8, x8, 1            x8=1c0000c7  x8:1c0000c6
17110132ns          295236 1c008b54 fe0514e3 bne              x10, x0, -24        x10:00000075
17110191ns          295239 1c008b3c 02500793 addi             x15, x0, 37         x15=00000025
17110211ns          295240 1c008b40 04f50863 beq              x10, x15, 80        x10:00000075 x15:00000025
17110231ns          295241 1c008b44 01a005b3 add              x11, x0, x26        x11=00000002 x26:00000002
17110251ns          295242 1c008b46 000b00e7 jalr             x1, x22, 0           x1=1c008b48 x22:1c008a52
17110291ns          295244 1c008a52 000026b7 lui              x13, 0x2000         x13=00002000
17110311ns          295245 1c008a54 f14027f3 csrrs            x15, x0, 0xf14      x15=00000001
17110331ns          295246 1c008a58 f8068693 addi             x13, x13, -128      x13=00001f80 x13:00002000
17110350ns          295247 1c008a5c 00379713 slli             x14, x15, 0x3       x14=00000008 x15:00000001
17110370ns          295248 1c008a60 00279793 slli             x15, x15, 0x2       x15=00000004 x15:00000001
17110390ns          295249 1c008a62 00d7f7b3 and              x15, x15, x13       x15=00000000 x15:00000004 x13:00001f80
17110410ns          295250 1c008a64 ee873733 p.bclr           x14, x14, 23, 8     x14=00000008 x14:00000008
17110430ns          295251 1c008a68 1a10f6b7 lui              x13, 0x1a10f000     x13=1a10f000
17110450ns          295252 1c008a6c 0ff57513 andi             x10, x10, 255       x10=00000075 x10:00000075
17110470ns          295253 1c008a70 00d70733 add              x14, x14, x13       x14=1a10f008 x14:00000008 x13:1a10f000
17110490ns          295254 1c008a72 00a7e723 p.sw             x10, x0(x15)        x10:00000075 x15:00000000  PA:1a10f008
17110808ns          295270 1c008a76 00000513 addi             x10, x0, 0          x10=00000000
17110828ns          295271 1c008a78 00008067 jalr             x0, x1, 0            x1:1c008b48
17110868ns          295273 1c008b48 31f52563 p.beqimm         x10, 778            x10:00000000
17110887ns          295274 1c008b4c 001d8d93 addi             x27, x27, 1         x27=00000007 x27:00000006
17110907ns          295275 1c008b4e 00044503 lbu              x10, 0(x8)          x10=00000074  x8:1c0000c7  PA:1c0000c7
17111226ns          295291 1c008b52 00140413 addi             x8, x8, 1            x8=1c0000c8  x8:1c0000c7
17111245ns          295292 1c008b54 fe0514e3 bne              x10, x0, -24        x10:00000074
17111305ns          295295 1c008b3c 02500793 addi             x15, x0, 37         x15=00000025
17111325ns          295296 1c008b40 04f50863 beq              x10, x15, 80        x10:00000074 x15:00000025
17111345ns          295297 1c008b44 01a005b3 add              x11, x0, x26        x11=00000002 x26:00000002
17111365ns          295298 1c008b46 000b00e7 jalr             x1, x22, 0           x1=1c008b48 x22:1c008a52
17111405ns          295300 1c008a52 000026b7 lui              x13, 0x2000         x13=00002000
17111425ns          295301 1c008a54 f14027f3 csrrs            x15, x0, 0xf14      x15=00000001
17111444ns          295302 1c008a58 f8068693 addi             x13, x13, -128      x13=00001f80 x13:00002000
17111464ns          295303 1c008a5c 00379713 slli             x14, x15, 0x3       x14=00000008 x15:00000001
17111484ns          295304 1c008a60 00279793 slli             x15, x15, 0x2       x15=00000004 x15:00000001
17111504ns          295305 1c008a62 00d7f7b3 and              x15, x15, x13       x15=00000000 x15:00000004 x13:00001f80
17111524ns          295306 1c008a64 ee873733 p.bclr           x14, x14, 23, 8     x14=00000008 x14:00000008
17111544ns          295307 1c008a68 1a10f6b7 lui              x13, 0x1a10f000     x13=1a10f000
17111564ns          295308 1c008a6c 0ff57513 andi             x10, x10, 255       x10=00000074 x10:00000074
17111584ns          295309 1c008a70 00d70733 add              x14, x14, x13       x14=1a10f008 x14:00000008 x13:1a10f000
17111604ns          295310 1c008a72 00a7e723 p.sw             x10, x0(x15)        x10:00000074 x15:00000000  PA:1a10f008
17111922ns          295326 1c008a76 00000513 addi             x10, x0, 0          x10=00000000
17111942ns          295327 1c008a78 00008067 jalr             x0, x1, 0            x1:1c008b48
17111981ns          295329 1c008b48 31f52563 p.beqimm         x10, 778            x10:00000000
17112001ns          295330 1c008b4c 001d8d93 addi             x27, x27, 1         x27=00000008 x27:00000007
17112021ns          295331 1c008b4e 00044503 lbu              x10, 0(x8)          x10=00000069  x8:1c0000c8  PA:1c0000c8
17112320ns          295346 1c008b52 00140413 addi             x8, x8, 1            x8=1c0000c9  x8:1c0000c8
17112339ns          295347 1c008b54 fe0514e3 bne              x10, x0, -24        x10:00000069
17112399ns          295350 1c008b3c 02500793 addi             x15, x0, 37         x15=00000025
17112419ns          295351 1c008b40 04f50863 beq              x10, x15, 80        x10:00000069 x15:00000025
17112439ns          295352 1c008b44 01a005b3 add              x11, x0, x26        x11=00000002 x26:00000002
17112459ns          295353 1c008b46 000b00e7 jalr             x1, x22, 0           x1=1c008b48 x22:1c008a52
17112499ns          295355 1c008a52 000026b7 lui              x13, 0x2000         x13=00002000
17112518ns          295356 1c008a54 f14027f3 csrrs            x15, x0, 0xf14      x15=00000001
17112538ns          295357 1c008a58 f8068693 addi             x13, x13, -128      x13=00001f80 x13:00002000
17112558ns          295358 1c008a5c 00379713 slli             x14, x15, 0x3       x14=00000008 x15:00000001
17112578ns          295359 1c008a60 00279793 slli             x15, x15, 0x2       x15=00000004 x15:00000001
17112598ns          295360 1c008a62 00d7f7b3 and              x15, x15, x13       x15=00000000 x15:00000004 x13:00001f80
17112618ns          295361 1c008a64 ee873733 p.bclr           x14, x14, 23, 8     x14=00000008 x14:00000008
17112638ns          295362 1c008a68 1a10f6b7 lui              x13, 0x1a10f000     x13=1a10f000
17112658ns          295363 1c008a6c 0ff57513 andi             x10, x10, 255       x10=00000069 x10:00000069
17112678ns          295364 1c008a70 00d70733 add              x14, x14, x13       x14=1a10f008 x14:00000008 x13:1a10f000
17112698ns          295365 1c008a72 00a7e723 p.sw             x10, x0(x15)        x10:00000069 x15:00000000  PA:1a10f008
17113016ns          295381 1c008a76 00000513 addi             x10, x0, 0          x10=00000000
17113036ns          295382 1c008a78 00008067 jalr             x0, x1, 0            x1:1c008b48
17113075ns          295384 1c008b48 31f52563 p.beqimm         x10, 778            x10:00000000
17113095ns          295385 1c008b4c 001d8d93 addi             x27, x27, 1         x27=00000009 x27:00000008
17113115ns          295386 1c008b4e 00044503 lbu              x10, 0(x8)          x10=0000006f  x8:1c0000c9  PA:1c0000c9
17113414ns          295401 1c008b52 00140413 addi             x8, x8, 1            x8=1c0000ca  x8:1c0000c9
17113433ns          295402 1c008b54 fe0514e3 bne              x10, x0, -24        x10:0000006f
17113493ns          295405 1c008b3c 02500793 addi             x15, x0, 37         x15=00000025
17113513ns          295406 1c008b40 04f50863 beq              x10, x15, 80        x10:0000006f x15:00000025
17113533ns          295407 1c008b44 01a005b3 add              x11, x0, x26        x11=00000002 x26:00000002
17113553ns          295408 1c008b46 000b00e7 jalr             x1, x22, 0           x1=1c008b48 x22:1c008a52
17113593ns          295410 1c008a52 000026b7 lui              x13, 0x2000         x13=00002000
17113612ns          295411 1c008a54 f14027f3 csrrs            x15, x0, 0xf14      x15=00000001
17113632ns          295412 1c008a58 f8068693 addi             x13, x13, -128      x13=00001f80 x13:00002000
17113652ns          295413 1c008a5c 00379713 slli             x14, x15, 0x3       x14=00000008 x15:00000001
17113672ns          295414 1c008a60 00279793 slli             x15, x15, 0x2       x15=00000004 x15:00000001
17113692ns          295415 1c008a62 00d7f7b3 and              x15, x15, x13       x15=00000000 x15:00000004 x13:00001f80
17113712ns          295416 1c008a64 ee873733 p.bclr           x14, x14, 23, 8     x14=00000008 x14:00000008
17113732ns          295417 1c008a68 1a10f6b7 lui              x13, 0x1a10f000     x13=1a10f000
17113752ns          295418 1c008a6c 0ff57513 andi             x10, x10, 255       x10=0000006f x10:0000006f
17113772ns          295419 1c008a70 00d70733 add              x14, x14, x13       x14=1a10f008 x14:00000008 x13:1a10f000
17113792ns          295420 1c008a72 00a7e723 p.sw             x10, x0(x15)        x10:0000006f x15:00000000  PA:1a10f008
17114110ns          295436 1c008a76 00000513 addi             x10, x0, 0          x10=00000000
17114130ns          295437 1c008a78 00008067 jalr             x0, x1, 0            x1:1c008b48
17114169ns          295439 1c008b48 31f52563 p.beqimm         x10, 778            x10:00000000
17114189ns          295440 1c008b4c 001d8d93 addi             x27, x27, 1         x27=0000000a x27:00000009
17114209ns          295441 1c008b4e 00044503 lbu              x10, 0(x8)          x10=0000006e  x8:1c0000ca  PA:1c0000ca
17114508ns          295456 1c008b52 00140413 addi             x8, x8, 1            x8=1c0000cb  x8:1c0000ca
17114527ns          295457 1c008b54 fe0514e3 bne              x10, x0, -24        x10:0000006e
17114587ns          295460 1c008b3c 02500793 addi             x15, x0, 37         x15=00000025
17114607ns          295461 1c008b40 04f50863 beq              x10, x15, 80        x10:0000006e x15:00000025
17114627ns          295462 1c008b44 01a005b3 add              x11, x0, x26        x11=00000002 x26:00000002
17114647ns          295463 1c008b46 000b00e7 jalr             x1, x22, 0           x1=1c008b48 x22:1c008a52
17114687ns          295465 1c008a52 000026b7 lui              x13, 0x2000         x13=00002000
17114706ns          295466 1c008a54 f14027f3 csrrs            x15, x0, 0xf14      x15=00000001
17114726ns          295467 1c008a58 f8068693 addi             x13, x13, -128      x13=00001f80 x13:00002000
17114746ns          295468 1c008a5c 00379713 slli             x14, x15, 0x3       x14=00000008 x15:00000001
17114766ns          295469 1c008a60 00279793 slli             x15, x15, 0x2       x15=00000004 x15:00000001
17114786ns          295470 1c008a62 00d7f7b3 and              x15, x15, x13       x15=00000000 x15:00000004 x13:00001f80
17114806ns          295471 1c008a64 ee873733 p.bclr           x14, x14, 23, 8     x14=00000008 x14:00000008
17114826ns          295472 1c008a68 1a10f6b7 lui              x13, 0x1a10f000     x13=1a10f000
17114846ns          295473 1c008a6c 0ff57513 andi             x10, x10, 255       x10=0000006e x10:0000006e
17114866ns          295474 1c008a70 00d70733 add              x14, x14, x13       x14=1a10f008 x14:00000008 x13:1a10f000
17114885ns          295475 1c008a72 00a7e723 p.sw             x10, x0(x15)        x10:0000006e x15:00000000  PA:1a10f008
17115224ns          295492 1c008a76 00000513 addi             x10, x0, 0          x10=00000000
17115244ns          295493 1c008a78 00008067 jalr             x0, x1, 0            x1:1c008b48
17115283ns          295495 1c008b48 31f52563 p.beqimm         x10, 778            x10:00000000
17115303ns          295496 1c008b4c 001d8d93 addi             x27, x27, 1         x27=0000000b x27:0000000a
17115323ns          295497 1c008b4e 00044503 lbu              x10, 0(x8)          x10=00000020  x8:1c0000cb  PA:1c0000cb
17115621ns          295512 1c008b52 00140413 addi             x8, x8, 1            x8=1c0000cc  x8:1c0000cb
17115641ns          295513 1c008b54 fe0514e3 bne              x10, x0, -24        x10:00000020
17115701ns          295516 1c008b3c 02500793 addi             x15, x0, 37         x15=00000025
17115721ns          295517 1c008b40 04f50863 beq              x10, x15, 80        x10:00000020 x15:00000025
17115741ns          295518 1c008b44 01a005b3 add              x11, x0, x26        x11=00000002 x26:00000002
17115761ns          295519 1c008b46 000b00e7 jalr             x1, x22, 0           x1=1c008b48 x22:1c008a52
17115800ns          295521 1c008a52 000026b7 lui              x13, 0x2000         x13=00002000
17115820ns          295522 1c008a54 f14027f3 csrrs            x15, x0, 0xf14      x15=00000001
17115840ns          295523 1c008a58 f8068693 addi             x13, x13, -128      x13=00001f80 x13:00002000
17115860ns          295524 1c008a5c 00379713 slli             x14, x15, 0x3       x14=00000008 x15:00000001
17115880ns          295525 1c008a60 00279793 slli             x15, x15, 0x2       x15=00000004 x15:00000001
17115900ns          295526 1c008a62 00d7f7b3 and              x15, x15, x13       x15=00000000 x15:00000004 x13:00001f80
17115920ns          295527 1c008a64 ee873733 p.bclr           x14, x14, 23, 8     x14=00000008 x14:00000008
17115940ns          295528 1c008a68 1a10f6b7 lui              x13, 0x1a10f000     x13=1a10f000
17115960ns          295529 1c008a6c 0ff57513 andi             x10, x10, 255       x10=00000020 x10:00000020
17115979ns          295530 1c008a70 00d70733 add              x14, x14, x13       x14=1a10f008 x14:00000008 x13:1a10f000
17115999ns          295531 1c008a72 00a7e723 p.sw             x10, x0(x15)        x10:00000020 x15:00000000  PA:1a10f008
17116318ns          295547 1c008a76 00000513 addi             x10, x0, 0          x10=00000000
17116338ns          295548 1c008a78 00008067 jalr             x0, x1, 0            x1:1c008b48
17116377ns          295550 1c008b48 31f52563 p.beqimm         x10, 778            x10:00000000
17116397ns          295551 1c008b4c 001d8d93 addi             x27, x27, 1         x27=0000000c x27:0000000b
17116417ns          295552 1c008b4e 00044503 lbu              x10, 0(x8)          x10=00000074  x8:1c0000cc  PA:1c0000cc
17116715ns          295567 1c008b52 00140413 addi             x8, x8, 1            x8=1c0000cd  x8:1c0000cc
17116735ns          295568 1c008b54 fe0514e3 bne              x10, x0, -24        x10:00000074
17116795ns          295571 1c008b3c 02500793 addi             x15, x0, 37         x15=00000025
17116815ns          295572 1c008b40 04f50863 beq              x10, x15, 80        x10:00000074 x15:00000025
17116835ns          295573 1c008b44 01a005b3 add              x11, x0, x26        x11=00000002 x26:00000002
17116855ns          295574 1c008b46 000b00e7 jalr             x1, x22, 0           x1=1c008b48 x22:1c008a52
17116894ns          295576 1c008a52 000026b7 lui              x13, 0x2000         x13=00002000
17116914ns          295577 1c008a54 f14027f3 csrrs            x15, x0, 0xf14      x15=00000001
17116934ns          295578 1c008a58 f8068693 addi             x13, x13, -128      x13=00001f80 x13:00002000
17116954ns          295579 1c008a5c 00379713 slli             x14, x15, 0x3       x14=00000008 x15:00000001
17116974ns          295580 1c008a60 00279793 slli             x15, x15, 0x2       x15=00000004 x15:00000001
17116994ns          295581 1c008a62 00d7f7b3 and              x15, x15, x13       x15=00000000 x15:00000004 x13:00001f80
17117014ns          295582 1c008a64 ee873733 p.bclr           x14, x14, 23, 8     x14=00000008 x14:00000008
17117034ns          295583 1c008a68 1a10f6b7 lui              x13, 0x1a10f000     x13=1a10f000
17117054ns          295584 1c008a6c 0ff57513 andi             x10, x10, 255       x10=00000074 x10:00000074
17117073ns          295585 1c008a70 00d70733 add              x14, x14, x13       x14=1a10f008 x14:00000008 x13:1a10f000
17117093ns          295586 1c008a72 00a7e723 p.sw             x10, x0(x15)        x10:00000074 x15:00000000  PA:1a10f008
17117412ns          295602 1c008a76 00000513 addi             x10, x0, 0          x10=00000000
17117432ns          295603 1c008a78 00008067 jalr             x0, x1, 0            x1:1c008b48
17117471ns          295605 1c008b48 31f52563 p.beqimm         x10, 778            x10:00000000
17117491ns          295606 1c008b4c 001d8d93 addi             x27, x27, 1         x27=0000000d x27:0000000c
17117511ns          295607 1c008b4e 00044503 lbu              x10, 0(x8)          x10=00000069  x8:1c0000cd  PA:1c0000cd
17117809ns          295622 1c008b52 00140413 addi             x8, x8, 1            x8=1c0000ce  x8:1c0000cd
17117829ns          295623 1c008b54 fe0514e3 bne              x10, x0, -24        x10:00000069
17117889ns          295626 1c008b3c 02500793 addi             x15, x0, 37         x15=00000025
17117909ns          295627 1c008b40 04f50863 beq              x10, x15, 80        x10:00000069 x15:00000025
17117929ns          295628 1c008b44 01a005b3 add              x11, x0, x26        x11=00000002 x26:00000002
17117949ns          295629 1c008b46 000b00e7 jalr             x1, x22, 0           x1=1c008b48 x22:1c008a52
17117988ns          295631 1c008a52 000026b7 lui              x13, 0x2000         x13=00002000
17118008ns          295632 1c008a54 f14027f3 csrrs            x15, x0, 0xf14      x15=00000001
17118028ns          295633 1c008a58 f8068693 addi             x13, x13, -128      x13=00001f80 x13:00002000
17118048ns          295634 1c008a5c 00379713 slli             x14, x15, 0x3       x14=00000008 x15:00000001
17118068ns          295635 1c008a60 00279793 slli             x15, x15, 0x2       x15=00000004 x15:00000001
17118088ns          295636 1c008a62 00d7f7b3 and              x15, x15, x13       x15=00000000 x15:00000004 x13:00001f80
17118108ns          295637 1c008a64 ee873733 p.bclr           x14, x14, 23, 8     x14=00000008 x14:00000008
17118128ns          295638 1c008a68 1a10f6b7 lui              x13, 0x1a10f000     x13=1a10f000
17118148ns          295639 1c008a6c 0ff57513 andi             x10, x10, 255       x10=00000069 x10:00000069
17118167ns          295640 1c008a70 00d70733 add              x14, x14, x13       x14=1a10f008 x14:00000008 x13:1a10f000
17118187ns          295641 1c008a72 00a7e723 p.sw             x10, x0(x15)        x10:00000069 x15:00000000  PA:1a10f008
17118506ns          295657 1c008a76 00000513 addi             x10, x0, 0          x10=00000000
17118526ns          295658 1c008a78 00008067 jalr             x0, x1, 0            x1:1c008b48
17118565ns          295660 1c008b48 31f52563 p.beqimm         x10, 778            x10:00000000
17118585ns          295661 1c008b4c 001d8d93 addi             x27, x27, 1         x27=0000000e x27:0000000d
17118605ns          295662 1c008b4e 00044503 lbu              x10, 0(x8)          x10=0000006d  x8:1c0000ce  PA:1c0000ce
17118903ns          295677 1c008b52 00140413 addi             x8, x8, 1            x8=1c0000cf  x8:1c0000ce
17118923ns          295678 1c008b54 fe0514e3 bne              x10, x0, -24        x10:0000006d
17118983ns          295681 1c008b3c 02500793 addi             x15, x0, 37         x15=00000025
17119003ns          295682 1c008b40 04f50863 beq              x10, x15, 80        x10:0000006d x15:00000025
17119023ns          295683 1c008b44 01a005b3 add              x11, x0, x26        x11=00000002 x26:00000002
17119043ns          295684 1c008b46 000b00e7 jalr             x1, x22, 0           x1=1c008b48 x22:1c008a52
17119082ns          295686 1c008a52 000026b7 lui              x13, 0x2000         x13=00002000
17119102ns          295687 1c008a54 f14027f3 csrrs            x15, x0, 0xf14      x15=00000001
17119122ns          295688 1c008a58 f8068693 addi             x13, x13, -128      x13=00001f80 x13:00002000
17119142ns          295689 1c008a5c 00379713 slli             x14, x15, 0x3       x14=00000008 x15:00000001
17119162ns          295690 1c008a60 00279793 slli             x15, x15, 0x2       x15=00000004 x15:00000001
17119182ns          295691 1c008a62 00d7f7b3 and              x15, x15, x13       x15=00000000 x15:00000004 x13:00001f80
17119202ns          295692 1c008a64 ee873733 p.bclr           x14, x14, 23, 8     x14=00000008 x14:00000008
17119222ns          295693 1c008a68 1a10f6b7 lui              x13, 0x1a10f000     x13=1a10f000
17119242ns          295694 1c008a6c 0ff57513 andi             x10, x10, 255       x10=0000006d x10:0000006d
17119261ns          295695 1c008a70 00d70733 add              x14, x14, x13       x14=1a10f008 x14:00000008 x13:1a10f000
17119281ns          295696 1c008a72 00a7e723 p.sw             x10, x0(x15)        x10:0000006d x15:00000000  PA:1a10f008
17119600ns          295712 1c008a76 00000513 addi             x10, x0, 0          x10=00000000
17119619ns          295713 1c008a78 00008067 jalr             x0, x1, 0            x1:1c008b48
17119659ns          295715 1c008b48 31f52563 p.beqimm         x10, 778            x10:00000000
17119679ns          295716 1c008b4c 001d8d93 addi             x27, x27, 1         x27=0000000f x27:0000000e
17119699ns          295717 1c008b4e 00044503 lbu              x10, 0(x8)          x10=00000065  x8:1c0000cf  PA:1c0000cf
17119997ns          295732 1c008b52 00140413 addi             x8, x8, 1            x8=1c0000d0  x8:1c0000cf
17120017ns          295733 1c008b54 fe0514e3 bne              x10, x0, -24        x10:00000065
17120077ns          295736 1c008b3c 02500793 addi             x15, x0, 37         x15=00000025
17120097ns          295737 1c008b40 04f50863 beq              x10, x15, 80        x10:00000065 x15:00000025
17120117ns          295738 1c008b44 01a005b3 add              x11, x0, x26        x11=00000002 x26:00000002
17120137ns          295739 1c008b46 000b00e7 jalr             x1, x22, 0           x1=1c008b48 x22:1c008a52
17120176ns          295741 1c008a52 000026b7 lui              x13, 0x2000         x13=00002000
17120196ns          295742 1c008a54 f14027f3 csrrs            x15, x0, 0xf14      x15=00000001
17120216ns          295743 1c008a58 f8068693 addi             x13, x13, -128      x13=00001f80 x13:00002000
17120236ns          295744 1c008a5c 00379713 slli             x14, x15, 0x3       x14=00000008 x15:00000001
17120256ns          295745 1c008a60 00279793 slli             x15, x15, 0x2       x15=00000004 x15:00000001
17120276ns          295746 1c008a62 00d7f7b3 and              x15, x15, x13       x15=00000000 x15:00000004 x13:00001f80
17120296ns          295747 1c008a64 ee873733 p.bclr           x14, x14, 23, 8     x14=00000008 x14:00000008
17120316ns          295748 1c008a68 1a10f6b7 lui              x13, 0x1a10f000     x13=1a10f000
17120336ns          295749 1c008a6c 0ff57513 andi             x10, x10, 255       x10=00000065 x10:00000065
17120355ns          295750 1c008a70 00d70733 add              x14, x14, x13       x14=1a10f008 x14:00000008 x13:1a10f000
17120375ns          295751 1c008a72 00a7e723 p.sw             x10, x0(x15)        x10:00000065 x15:00000000  PA:1a10f008
17120713ns          295768 1c008a76 00000513 addi             x10, x0, 0          x10=00000000
17120733ns          295769 1c008a78 00008067 jalr             x0, x1, 0            x1:1c008b48
17120773ns          295771 1c008b48 31f52563 p.beqimm         x10, 778            x10:00000000
17120793ns          295772 1c008b4c 001d8d93 addi             x27, x27, 1         x27=00000010 x27:0000000f
17120813ns          295773 1c008b4e 00044503 lbu              x10, 0(x8)          x10=0000003a  x8:1c0000d0  PA:1c0000d0
17121111ns          295788 1c008b52 00140413 addi             x8, x8, 1            x8=1c0000d1  x8:1c0000d0
17121131ns          295789 1c008b54 fe0514e3 bne              x10, x0, -24        x10:0000003a
17121191ns          295792 1c008b3c 02500793 addi             x15, x0, 37         x15=00000025
17121211ns          295793 1c008b40 04f50863 beq              x10, x15, 80        x10:0000003a x15:00000025
17121231ns          295794 1c008b44 01a005b3 add              x11, x0, x26        x11=00000002 x26:00000002
17121251ns          295795 1c008b46 000b00e7 jalr             x1, x22, 0           x1=1c008b48 x22:1c008a52
17121290ns          295797 1c008a52 000026b7 lui              x13, 0x2000         x13=00002000
17121310ns          295798 1c008a54 f14027f3 csrrs            x15, x0, 0xf14      x15=00000001
17121330ns          295799 1c008a58 f8068693 addi             x13, x13, -128      x13=00001f80 x13:00002000
17121350ns          295800 1c008a5c 00379713 slli             x14, x15, 0x3       x14=00000008 x15:00000001
17121370ns          295801 1c008a60 00279793 slli             x15, x15, 0x2       x15=00000004 x15:00000001
17121390ns          295802 1c008a62 00d7f7b3 and              x15, x15, x13       x15=00000000 x15:00000004 x13:00001f80
17121410ns          295803 1c008a64 ee873733 p.bclr           x14, x14, 23, 8     x14=00000008 x14:00000008
17121430ns          295804 1c008a68 1a10f6b7 lui              x13, 0x1a10f000     x13=1a10f000
17121449ns          295805 1c008a6c 0ff57513 andi             x10, x10, 255       x10=0000003a x10:0000003a
17121469ns          295806 1c008a70 00d70733 add              x14, x14, x13       x14=1a10f008 x14:00000008 x13:1a10f000
17121489ns          295807 1c008a72 00a7e723 p.sw             x10, x0(x15)        x10:0000003a x15:00000000  PA:1a10f008
17121847ns          295825 1c008a76 00000513 addi             x10, x0, 0          x10=00000000
17121867ns          295826 1c008a78 00008067 jalr             x0, x1, 0            x1:1c008b48
17121907ns          295828 1c008b48 31f52563 p.beqimm         x10, 778            x10:00000000
17121927ns          295829 1c008b4c 001d8d93 addi             x27, x27, 1         x27=00000011 x27:00000010
17121947ns          295830 1c008b4e 00044503 lbu              x10, 0(x8)          x10=00000020  x8:1c0000d1  PA:1c0000d1
17122245ns          295845 1c008b52 00140413 addi             x8, x8, 1            x8=1c0000d2  x8:1c0000d1
17122265ns          295846 1c008b54 fe0514e3 bne              x10, x0, -24        x10:00000020
17122325ns          295849 1c008b3c 02500793 addi             x15, x0, 37         x15=00000025
17122345ns          295850 1c008b40 04f50863 beq              x10, x15, 80        x10:00000020 x15:00000025
17122364ns          295851 1c008b44 01a005b3 add              x11, x0, x26        x11=00000002 x26:00000002
17122384ns          295852 1c008b46 000b00e7 jalr             x1, x22, 0           x1=1c008b48 x22:1c008a52
17122424ns          295854 1c008a52 000026b7 lui              x13, 0x2000         x13=00002000
17122444ns          295855 1c008a54 f14027f3 csrrs            x15, x0, 0xf14      x15=00000001
17122464ns          295856 1c008a58 f8068693 addi             x13, x13, -128      x13=00001f80 x13:00002000
17122484ns          295857 1c008a5c 00379713 slli             x14, x15, 0x3       x14=00000008 x15:00000001
17122504ns          295858 1c008a60 00279793 slli             x15, x15, 0x2       x15=00000004 x15:00000001
17122524ns          295859 1c008a62 00d7f7b3 and              x15, x15, x13       x15=00000000 x15:00000004 x13:00001f80
17122543ns          295860 1c008a64 ee873733 p.bclr           x14, x14, 23, 8     x14=00000008 x14:00000008
17122563ns          295861 1c008a68 1a10f6b7 lui              x13, 0x1a10f000     x13=1a10f000
17122583ns          295862 1c008a6c 0ff57513 andi             x10, x10, 255       x10=00000020 x10:00000020
17122603ns          295863 1c008a70 00d70733 add              x14, x14, x13       x14=1a10f008 x14:00000008 x13:1a10f000
17122623ns          295864 1c008a72 00a7e723 p.sw             x10, x0(x15)        x10:00000020 x15:00000000  PA:1a10f008
17122941ns          295880 1c008a76 00000513 addi             x10, x0, 0          x10=00000000
17122961ns          295881 1c008a78 00008067 jalr             x0, x1, 0            x1:1c008b48
17123001ns          295883 1c008b48 31f52563 p.beqimm         x10, 778            x10:00000000
17123021ns          295884 1c008b4c 001d8d93 addi             x27, x27, 1         x27=00000012 x27:00000011
17123041ns          295885 1c008b4e 00044503 lbu              x10, 0(x8)          x10=00000025  x8:1c0000d2  PA:1c0000d2
17123339ns          295900 1c008b52 00140413 addi             x8, x8, 1            x8=1c0000d3  x8:1c0000d2
17123359ns          295901 1c008b54 fe0514e3 bne              x10, x0, -24        x10:00000025
17123419ns          295904 1c008b3c 02500793 addi             x15, x0, 37         x15=00000025
17123439ns          295905 1c008b40 04f50863 beq              x10, x15, 80        x10:00000025 x15:00000025
17123538ns          295910 1c008b90 00044483 lbu              x9, 0(x8)            x9=00000064  x8:1c0000d3  PA:1c0000d3
17123856ns          295926 1c008b94 02000693 addi             x13, x0, 32         x13=00000020
17123876ns          295927 1c008b98 00140a93 addi             x21, x8, 1          x21=1c0000d4  x8:1c0000d3
17123896ns          295928 1c008b9c 009005b3 add              x11, x0, x9         x11=00000064  x9:00000064
17123916ns          295929 1c008b9e 05cb8513 addi             x10, x23, 92        x10=1c00005c x23:1c000000
17123936ns          295930 1c008ba2 00d12823 sw               x13, 16(x2)         x13:00000020  x2:10001a28  PA:10001a38
17123956ns          295931 1c008ba4 00012c23 sw               x0, 24(x2)           x2:10001a28  PA:10001a40
17123976ns          295932 1c008ba6 00012a23 sw               x0, 20(x2)           x2:10001a28  PA:10001a3c
17123995ns          295933 1c008ba8 00012e23 sw               x0, 28(x2)           x2:10001a28  PA:10001a44
17124015ns          295934 1c008baa 00012623 sw               x0, 12(x2)           x2:10001a28  PA:10001a34
17124035ns          295935 1c008bac 02300913 addi             x18, x0, 35         x18=00000023
17124055ns          295936 1c008bb0 02d00a13 addi             x20, x0, 45         x20=0000002d
17124075ns          295937 1c008bb4 015009b3 add              x19, x0, x21        x19=1c0000d4 x21:1c0000d4
17124095ns          295938 1c008bb6 e1dff0ef jal              x1, -484             x1=1c008bb8
17124214ns          295944 1c0089d2 00054783 lbu              x15, 0(x10)         x15=0000002d x10:1c00005c  PA:1c00005c
17124552ns          295961 1c0089d6 0ff5f593 andi             x11, x11, 255       x11=00000064 x11:00000064
17124572ns          295962 1c0089da 00b78c63 beq              x15, x11, 24        x15:0000002d x11:00000064
17124592ns          295963 1c0089de 00078b63 beq              x15, x0, 22         x15:0000002d
17124612ns          295964 1c0089e0 00150793 addi             x15, x10, 1         x15=1c00005d x10:1c00005c
17124632ns          295965 1c0089e4 0040006f jal              x0, 4              
17124672ns          295967 1c0089e8 00f00533 add              x10, x0, x15        x10=1c00005d x15:1c00005d
17124692ns          295968 1c0089ea 0017c70b p.lbu            x14, 1(x15!)        x14=0000002b x15=1c00005e x15:1c00005d  PA:1c00005d
17125010ns          295984 1c0089ee feb71ce3 bne              x14, x11, -8        x14:0000002b x11:00000064
17125070ns          295987 1c0089e6 00070763 beq              x14, x0, 14         x14:0000002b
17125089ns          295988 1c0089e8 00f00533 add              x10, x0, x15        x10=1c00005e x15:1c00005e
17125109ns          295989 1c0089ea 0017c70b p.lbu            x14, 1(x15!)        x14=00000020 x15=1c00005f x15:1c00005e  PA:1c00005e
17125467ns          296007 1c0089ee feb71ce3 bne              x14, x11, -8        x14:00000020 x11:00000064
17125527ns          296010 1c0089e6 00070763 beq              x14, x0, 14         x14:00000020
17125547ns          296011 1c0089e8 00f00533 add              x10, x0, x15        x10=1c00005f x15:1c00005f
17125567ns          296012 1c0089ea 0017c70b p.lbu            x14, 1(x15!)        x14=00000023 x15=1c000060 x15:1c00005f  PA:1c00005f
17125905ns          296029 1c0089ee feb71ce3 bne              x14, x11, -8        x14:00000023 x11:00000064
17125965ns          296032 1c0089e6 00070763 beq              x14, x0, 14         x14:00000023
17125985ns          296033 1c0089e8 00f00533 add              x10, x0, x15        x10=1c000060 x15:1c000060
17126004ns          296034 1c0089ea 0017c70b p.lbu            x14, 1(x15!)        x14=00000030 x15=1c000061 x15:1c000060  PA:1c000060
17126323ns          296050 1c0089ee feb71ce3 bne              x14, x11, -8        x14:00000030 x11:00000064
17126382ns          296053 1c0089e6 00070763 beq              x14, x0, 14         x14:00000030
17126402ns          296054 1c0089e8 00f00533 add              x10, x0, x15        x10=1c000061 x15:1c000061
17126422ns          296055 1c0089ea 0017c70b p.lbu            x14, 1(x15!)        x14=00000000 x15=1c000062 x15:1c000061  PA:1c000061
17126740ns          296071 1c0089ee feb71ce3 bne              x14, x11, -8        x14:00000000 x11:00000064
17126800ns          296074 1c0089e6 00070763 beq              x14, x0, 14         x14:00000000
17126860ns          296077 1c0089f4 0015b593 sltiu            x11, x11, 1         x11=00000000 x11:00000064
17126880ns          296078 1c0089f8 40b005b3 sub              x11, x0, x11        x11=00000000 x11:00000000
17126900ns          296079 1c0089fc 00b57533 and              x10, x10, x11       x10=00000000 x10:1c000061 x11:00000000
17126919ns          296080 1c0089fe 00008067 jalr             x0, x1, 0            x1:1c008bb8
17126999ns          296084 1c008bb8 02050a63 beq              x10, x0, 52         x10:00000000
17127098ns          296089 1c008bec 02a00613 addi             x12, x0, 42         x12=0000002a
17127178ns          296093 1c008bf0 2ac48663 beq              x9, x12, 684         x9:00000064 x12:0000002a
17127218ns          296095 1c008bf4 fd048613 addi             x12, x9, -48        x12=00000034  x9:00000064
17127238ns          296096 1c008bf8 00900593 addi             x11, x0, 9          x11=00000009
17127258ns          296097 1c008bfa 00000913 addi             x18, x0, 0          x18=00000000
17127277ns          296098 1c008bfc 28c5f063 bgeu             x11, x12, 640       x11:00000009 x12:00000034
17127317ns          296100 1c008c00 02e00693 addi             x13, x0, 46         x13=0000002e
17127357ns          296102 1c008c04 fff00a13 addi             x20, x0, -1         x20=ffffffff
17127377ns          296103 1c008c06 2ed48363 beq              x9, x13, 742         x9:00000064 x13:0000002e
17127397ns          296104 1c008c0a 1c0007b7 lui              x15, 0x1c000000     x15=1c000000
17127417ns          296105 1c008c0e 009005b3 add              x11, x0, x9         x11=00000064  x9:00000064
17127437ns          296106 1c008c10 06478513 addi             x10, x15, 100       x10=1c000064 x15:1c000000
17127456ns          296107 1c008c14 dbfff0ef jal              x1, -578             x1=1c008c16
17127516ns          296110 1c0089d2 00054783 lbu              x15, 0(x10)         x15=00000068 x10:1c000064  PA:1c000064
17127814ns          296125 1c0089d6 0ff5f593 andi             x11, x11, 255       x11=00000064 x11:00000064
17127834ns          296126 1c0089da 00b78c63 beq              x15, x11, 24        x15:00000068 x11:00000064
17127854ns          296127 1c0089de 00078b63 beq              x15, x0, 22         x15:00000068
17127874ns          296128 1c0089e0 00150793 addi             x15, x10, 1         x15=1c000065 x10:1c000064
17127894ns          296129 1c0089e4 0040006f jal              x0, 4              
17127934ns          296131 1c0089e8 00f00533 add              x10, x0, x15        x10=1c000065 x15:1c000065
17127954ns          296132 1c0089ea 0017c70b p.lbu            x14, 1(x15!)        x14=0000006c x15=1c000066 x15:1c000065  PA:1c000065
17128272ns          296148 1c0089ee feb71ce3 bne              x14, x11, -8        x14:0000006c x11:00000064
17128332ns          296151 1c0089e6 00070763 beq              x14, x0, 14         x14:0000006c
17128352ns          296152 1c0089e8 00f00533 add              x10, x0, x15        x10=1c000066 x15:1c000066
17128371ns          296153 1c0089ea 0017c70b p.lbu            x14, 1(x15!)        x14=0000004c x15=1c000067 x15:1c000066  PA:1c000066
17128690ns          296169 1c0089ee feb71ce3 bne              x14, x11, -8        x14:0000004c x11:00000064
17128749ns          296172 1c0089e6 00070763 beq              x14, x0, 14         x14:0000004c
17128769ns          296173 1c0089e8 00f00533 add              x10, x0, x15        x10=1c000067 x15:1c000067
17128789ns          296174 1c0089ea 0017c70b p.lbu            x14, 1(x15!)        x14=0000007a x15=1c000068 x15:1c000067  PA:1c000067
17129107ns          296190 1c0089ee feb71ce3 bne              x14, x11, -8        x14:0000007a x11:00000064
17129167ns          296193 1c0089e6 00070763 beq              x14, x0, 14         x14:0000007a
17129187ns          296194 1c0089e8 00f00533 add              x10, x0, x15        x10=1c000068 x15:1c000068
17129207ns          296195 1c0089ea 0017c70b p.lbu            x14, 1(x15!)        x14=00000000 x15=1c000069 x15:1c000068  PA:1c000068
17129525ns          296211 1c0089ee feb71ce3 bne              x14, x11, -8        x14:00000000 x11:00000064
17129585ns          296214 1c0089e6 00070763 beq              x14, x0, 14         x14:00000000
17129644ns          296217 1c0089f4 0015b593 sltiu            x11, x11, 1         x11=00000000 x11:00000064
17129664ns          296218 1c0089f8 40b005b3 sub              x11, x0, x11        x11=00000000 x11:00000000
17129684ns          296219 1c0089fc 00b57533 and              x10, x10, x11       x10=00000000 x10:1c000068 x11:00000000
17129704ns          296220 1c0089fe 00008067 jalr             x0, x1, 0            x1:1c008c16
17129744ns          296222 1c008c16 01300433 add              x8, x0, x19          x8=1c0000d4 x19:1c0000d4
17129764ns          296223 1c008c18 00050563 beq              x10, x0, 10         x10:00000000
17129903ns          296230 1c008c22 06700693 addi             x13, x0, 103        x13=00000067
17129923ns          296231 1c008c26 2896d963 bge              x13, x9, 658        x13:00000067  x9:00000064
17130102ns          296240 1c008eb8 06500693 addi             x13, x0, 101        x13=00000065
17130142ns          296242 1c008ebc 12d4d563 bge              x9, x13, 298         x9:00000064 x13:00000065
17130201ns          296245 1c008ec0 04700693 addi             x13, x0, 71         x13=00000047
17130241ns          296247 1c008ec4 dc96cbe3 blt              x13, x9, -554       x13:00000047  x9:00000064
17130380ns          296254 1c008c9a 06300693 addi             x13, x0, 99         x13=00000063
17130440ns          296257 1c008c9e 0ad488e3 beq              x9, x13, 2224        x9:00000064 x13:00000063
17130480ns          296259 1c008ca2 0096c9e3 blt              x13, x9, 2066       x13:00000063  x9:00000064
17130579ns          296264 1c0094b4 000c2583 lw               x11, 0(x24)         x11=0000118a x24:10001b7c  PA:10001b7c
17130619ns          296266 1c0094b8 004c0c13 addi             x24, x24, 4         x24=10001b80 x24:10001b7c
17130639ns          296267 1c0094ba 3405cc63 blt              x11, x0, 856        x11:0000118a
17130659ns          296268 1c0094be 01412603 lw               x12, 20(x2)         x12=00000000  x2:10001a28  PA:10001a3c
17130699ns          296270 1c0094c0 00b006b3 add              x13, x0, x11        x13=0000118a x11:0000118a
17130738ns          296272 1c0094c2 2e061863 bne              x12, x0, 752        x12:00000000
17130758ns          296273 1c0094c6 01812703 lw               x14, 24(x2)         x14=00000000  x2:10001a28  PA:10001a40
17130778ns          296274 1c0094c8 019007b3 add              x15, x0, x25        x15=10001a4c x25:10001a4c
17130798ns          296275 1c0094ca 00070763 beq              x14, x0, 14         x14:00000000
17130878ns          296279 1c0094d8 00f00733 add              x14, x0, x15        x14=10001a4c x15:10001a4c
17130898ns          296280 1c0094da 00a00513 addi             x10, x0, 10         x10=0000000a
17130917ns          296281 1c0094dc 02a6f633 remu             x12, x13, x10       x12=00000000 x13:0000118a x10:0000000a
17131554ns          296313 1c0094e0 02a6d6b3 divu             x13, x13, x10       x13=000001c1 x13:0000118a x10:0000000a
17132171ns          296344 1c0094e4 03060613 addi             x12, x12, 48        x12=00000030 x12:00000000
17132190ns          296345 1c0094e8 00c700ab p.sb             x12, 1(x14!)        x14=10001a4d x12:00000030 x14:10001a4c  PA:10001a4c
17132210ns          296346 1c0094ec fe0698e3 bne              x13, x0, -16        x13:000001c1
17132270ns          296349 1c0094dc 02a6f633 remu             x12, x13, x10       x12=00000009 x13:000001c1 x10:0000000a
17132887ns          296380 1c0094e0 02a6d6b3 divu             x13, x13, x10       x13=0000002c x13:000001c1 x10:0000000a
17133503ns          296411 1c0094e4 03060613 addi             x12, x12, 48        x12=00000039 x12:00000009
17133523ns          296412 1c0094e8 00c700ab p.sb             x12, 1(x14!)        x14=10001a4e x12:00000039 x14:10001a4d  PA:10001a4d
17133543ns          296413 1c0094ec fe0698e3 bne              x13, x0, -16        x13:0000002c
17133603ns          296416 1c0094dc 02a6f633 remu             x12, x13, x10       x12=00000004 x13:0000002c x10:0000000a
17134219ns          296447 1c0094e0 02a6d6b3 divu             x13, x13, x10       x13=00000004 x13:0000002c x10:0000000a
17134836ns          296478 1c0094e4 03060613 addi             x12, x12, 48        x12=00000034 x12:00000004
17134856ns          296479 1c0094e8 00c700ab p.sb             x12, 1(x14!)        x14=10001a4f x12:00000034 x14:10001a4e  PA:10001a4e
17134876ns          296480 1c0094ec fe0698e3 bne              x13, x0, -16        x13:00000004
17134935ns          296483 1c0094dc 02a6f633 remu             x12, x13, x10       x12=00000004 x13:00000004 x10:0000000a
17135552ns          296514 1c0094e0 02a6d6b3 divu             x13, x13, x10       x13=00000000 x13:00000004 x10:0000000a
17136169ns          296545 1c0094e4 03060613 addi             x12, x12, 48        x12=00000034 x12:00000004
17136188ns          296546 1c0094e8 00c700ab p.sb             x12, 1(x14!)        x14=10001a50 x12:00000034 x14:10001a4f  PA:10001a4f
17136208ns          296547 1c0094ec fe0698e3 bne              x13, x0, -16        x13:00000000
17136228ns          296548 1c0094ee 40f706b3 sub              x13, x14, x15       x13=00000004 x14:10001a50 x15:10001a4c
17136248ns          296549 1c0094f2 0146dc63 bge              x13, x20, 24        x13:00000004 x20:ffffffff
17136368ns          296555 1c00950a 00e006b3 add              x13, x0, x14        x13=10001a50 x14:10001a50
17136387ns          296556 1c00950c fe068fab p.sb             x0, -1(x13!)        x13=10001a4f x13:10001a50  PA:10001a50
17136447ns          296559 1c009510 00d7fc63 bgeu             x15, x13, 24        x15:10001a4c x13:10001a4f
17136487ns          296561 1c009514 0007c503 lbu              x10, 0(x15)         x10=00000030 x15:10001a4c  PA:10001a4c
17136527ns          296563 1c009518 0006c603 lbu              x12, 0(x13)         x12=00000034 x13:10001a4f  PA:10001a4f
17136586ns          296566 1c00951c fea68fab p.sb             x10, -1(x13!)       x13=10001a4e x10:00000030 x13:10001a4f  PA:10001a4f
17136606ns          296567 1c009520 00c780ab p.sb             x12, 1(x15!)        x15=10001a4d x12:00000034 x15:10001a4c  PA:10001a4c
17136646ns          296569 1c009524 fed7e8e3 bltu             x15, x13, -16       x15:10001a4d x13:10001a4e
17136765ns          296575 1c009514 0007c503 lbu              x10, 0(x15)         x10=00000039 x15:10001a4d  PA:10001a4d
17136805ns          296577 1c009518 0006c603 lbu              x12, 0(x13)         x12=00000034 x13:10001a4e  PA:10001a4e
17136865ns          296580 1c00951c fea68fab p.sb             x10, -1(x13!)       x13=10001a4d x10:00000039 x13:10001a4e  PA:10001a4e
17136944ns          296584 1c009520 00c780ab p.sb             x12, 1(x15!)        x15=10001a4e x12:00000034 x15:10001a4d  PA:10001a4d
17136984ns          296586 1c009524 fed7e8e3 bltu             x15, x13, -16       x15:10001a4e x13:10001a4d
17137004ns          296587 1c009528 01412783 lw               x15, 20(x2)         x15=00000000  x2:10001a28  PA:10001a3c
17137024ns          296588 1c00952a 01812603 lw               x12, 24(x2)         x12=00000000  x2:10001a28  PA:10001a40
17137044ns          296589 1c00952c 419704b3 sub              x9, x14, x25         x9=00000004 x14:10001a50 x25:10001a4c
17137064ns          296590 1c009530 00c7e7b3 or               x15, x15, x12       x15=00000000 x15:00000000 x12:00000000
17137084ns          296591 1c009532 00f12623 sw               x15, 12(x2)         x15:00000000  x2:10001a28  PA:10001a34
17137123ns          296593 1c009534 00079363 bne              x15, x0, 6          x15:00000000
17137143ns          296594 1c009536 01f5d593 srli             x11, x11, 0x1f      x11=00000000 x11:0000118a
17137163ns          296595 1c009538 00b12623 sw               x11, 12(x2)         x11:00000000  x2:10001a28  PA:10001a34
17137183ns          296596 1c00953a e3fa28e3 p.beqimm         x20, -464           x20:ffffffff
17137322ns          296603 1c00936a 0c800793 addi             x15, x0, 200        x15=000000c8
17137382ns          296606 1c00936e 9e97d0e3 bge              x15, x9, -1568      x15:000000c8  x9:00000004
17137561ns          296615 1c008d4e 0f24d163 bge              x9, x18, 226         x9:00000004 x18:00000000
17137621ns          296618 1c008e30 d00482e3 beq              x9, x0, -764         x9:00000004
17137641ns          296619 1c008e34 01900933 add              x18, x0, x25        x18=10001a4c x25:10001a4c
17137660ns          296620 1c008e36 419d8db3 sub              x27, x27, x25       x27=efffe5c6 x27:00000012 x25:10001a4c
17137680ns          296621 1c008e3a 00a0006f jal              x0, 10             
17137720ns          296623 1c008e44 0019450b p.lbu            x10, 1(x18!)        x10=00000034 x18=10001a4d x18:10001a4c  PA:10001a4c
17137740ns          296624 1c008e48 01a005b3 add              x11, x0, x26        x11=00000002 x26:00000002
17137760ns          296625 1c008e4a 000b00e7 jalr             x1, x22, 0           x1=1c008e4c x22:1c008a52
17137899ns          296632 1c008a52 000026b7 lui              x13, 0x2000         x13=00002000
17137939ns          296634 1c008a54 f14027f3 csrrs            x15, x0, 0xf14      x15=00000001
17137959ns          296635 1c008a58 f8068693 addi             x13, x13, -128      x13=00001f80 x13:00002000
17137979ns          296636 1c008a5c 00379713 slli             x14, x15, 0x3       x14=00000008 x15:00000001
17138038ns          296639 1c008a60 00279793 slli             x15, x15, 0x2       x15=00000004 x15:00000001
17138058ns          296640 1c008a62 00d7f7b3 and              x15, x15, x13       x15=00000000 x15:00000004 x13:00001f80
17138078ns          296641 1c008a64 ee873733 p.bclr           x14, x14, 23, 8     x14=00000008 x14:00000008
17138098ns          296642 1c008a68 1a10f6b7 lui              x13, 0x1a10f000     x13=1a10f000
17138118ns          296643 1c008a6c 0ff57513 andi             x10, x10, 255       x10=00000034 x10:00000034
17138138ns          296644 1c008a70 00d70733 add              x14, x14, x13       x14=1a10f008 x14:00000008 x13:1a10f000
17138158ns          296645 1c008a72 00a7e723 p.sw             x10, x0(x15)        x10:00000034 x15:00000000  PA:1a10f008
17138536ns          296664 1c008a76 00000513 addi             x10, x0, 0          x10=00000000
17138555ns          296665 1c008a78 00008067 jalr             x0, x1, 0            x1:1c008e4c
17138595ns          296667 1c008e4c fff48493 addi             x9, x9, -1           x9=00000003  x9:00000004
17138615ns          296668 1c008e4e fff537e3 p.bneimm         x10, -18            x10:00000000
17138675ns          296671 1c008e3c 012d8733 add              x14, x27, x18       x14=00000013 x27:efffe5c6 x18:10001a4d
17138695ns          296672 1c008e40 5a048b63 beq              x9, x0, 1462         x9:00000003
17138715ns          296673 1c008e44 0019450b p.lbu            x10, 1(x18!)        x10=00000034 x18=10001a4e x18:10001a4d  PA:10001a4d
17138735ns          296674 1c008e48 01a005b3 add              x11, x0, x26        x11=00000002 x26:00000002
17138754ns          296675 1c008e4a 000b00e7 jalr             x1, x22, 0           x1=1c008e4c x22:1c008a52
17138794ns          296677 1c008a52 000026b7 lui              x13, 0x2000         x13=00002000
17138814ns          296678 1c008a54 f14027f3 csrrs            x15, x0, 0xf14      x15=00000001
17138834ns          296679 1c008a58 f8068693 addi             x13, x13, -128      x13=00001f80 x13:00002000
17138854ns          296680 1c008a5c 00379713 slli             x14, x15, 0x3       x14=00000008 x15:00000001
17138874ns          296681 1c008a60 00279793 slli             x15, x15, 0x2       x15=00000004 x15:00000001
17138894ns          296682 1c008a62 00d7f7b3 and              x15, x15, x13       x15=00000000 x15:00000004 x13:00001f80
17138914ns          296683 1c008a64 ee873733 p.bclr           x14, x14, 23, 8     x14=00000008 x14:00000008
17138933ns          296684 1c008a68 1a10f6b7 lui              x13, 0x1a10f000     x13=1a10f000
17138953ns          296685 1c008a6c 0ff57513 andi             x10, x10, 255       x10=00000034 x10:00000034
17138973ns          296686 1c008a70 00d70733 add              x14, x14, x13       x14=1a10f008 x14:00000008 x13:1a10f000
17138993ns          296687 1c008a72 00a7e723 p.sw             x10, x0(x15)        x10:00000034 x15:00000000  PA:1a10f008
17139331ns          296704 1c008a76 00000513 addi             x10, x0, 0          x10=00000000
17139351ns          296705 1c008a78 00008067 jalr             x0, x1, 0            x1:1c008e4c
17139391ns          296707 1c008e4c fff48493 addi             x9, x9, -1           x9=00000002  x9:00000003
17139411ns          296708 1c008e4e fff537e3 p.bneimm         x10, -18            x10:00000000
17139470ns          296711 1c008e3c 012d8733 add              x14, x27, x18       x14=00000014 x27:efffe5c6 x18:10001a4e
17139490ns          296712 1c008e40 5a048b63 beq              x9, x0, 1462         x9:00000002
17139510ns          296713 1c008e44 0019450b p.lbu            x10, 1(x18!)        x10=00000039 x18=10001a4f x18:10001a4e  PA:10001a4e
17139530ns          296714 1c008e48 01a005b3 add              x11, x0, x26        x11=00000002 x26:00000002
17139550ns          296715 1c008e4a 000b00e7 jalr             x1, x22, 0           x1=1c008e4c x22:1c008a52
17139590ns          296717 1c008a52 000026b7 lui              x13, 0x2000         x13=00002000
17139610ns          296718 1c008a54 f14027f3 csrrs            x15, x0, 0xf14      x15=00000001
17139630ns          296719 1c008a58 f8068693 addi             x13, x13, -128      x13=00001f80 x13:00002000
17139649ns          296720 1c008a5c 00379713 slli             x14, x15, 0x3       x14=00000008 x15:00000001
17139669ns          296721 1c008a60 00279793 slli             x15, x15, 0x2       x15=00000004 x15:00000001
17139689ns          296722 1c008a62 00d7f7b3 and              x15, x15, x13       x15=00000000 x15:00000004 x13:00001f80
17139709ns          296723 1c008a64 ee873733 p.bclr           x14, x14, 23, 8     x14=00000008 x14:00000008
17139729ns          296724 1c008a68 1a10f6b7 lui              x13, 0x1a10f000     x13=1a10f000
17139749ns          296725 1c008a6c 0ff57513 andi             x10, x10, 255       x10=00000039 x10:00000039
17139769ns          296726 1c008a70 00d70733 add              x14, x14, x13       x14=1a10f008 x14:00000008 x13:1a10f000
17139789ns          296727 1c008a72 00a7e723 p.sw             x10, x0(x15)        x10:00000039 x15:00000000  PA:1a10f008
17140107ns          296743 1c008a76 00000513 addi             x10, x0, 0          x10=00000000
17140127ns          296744 1c008a78 00008067 jalr             x0, x1, 0            x1:1c008e4c
17140167ns          296746 1c008e4c fff48493 addi             x9, x9, -1           x9=00000001  x9:00000002
17140187ns          296747 1c008e4e fff537e3 p.bneimm         x10, -18            x10:00000000
17140246ns          296750 1c008e3c 012d8733 add              x14, x27, x18       x14=00000015 x27:efffe5c6 x18:10001a4f
17140266ns          296751 1c008e40 5a048b63 beq              x9, x0, 1462         x9:00000001
17140286ns          296752 1c008e44 0019450b p.lbu            x10, 1(x18!)        x10=00000030 x18=10001a50 x18:10001a4f  PA:10001a4f
17140306ns          296753 1c008e48 01a005b3 add              x11, x0, x26        x11=00000002 x26:00000002
17140326ns          296754 1c008e4a 000b00e7 jalr             x1, x22, 0           x1=1c008e4c x22:1c008a52
17140366ns          296756 1c008a52 000026b7 lui              x13, 0x2000         x13=00002000
17140385ns          296757 1c008a54 f14027f3 csrrs            x15, x0, 0xf14      x15=00000001
17140405ns          296758 1c008a58 f8068693 addi             x13, x13, -128      x13=00001f80 x13:00002000
17140425ns          296759 1c008a5c 00379713 slli             x14, x15, 0x3       x14=00000008 x15:00000001
17140445ns          296760 1c008a60 00279793 slli             x15, x15, 0x2       x15=00000004 x15:00000001
17140465ns          296761 1c008a62 00d7f7b3 and              x15, x15, x13       x15=00000000 x15:00000004 x13:00001f80
17140485ns          296762 1c008a64 ee873733 p.bclr           x14, x14, 23, 8     x14=00000008 x14:00000008
17140505ns          296763 1c008a68 1a10f6b7 lui              x13, 0x1a10f000     x13=1a10f000
17140525ns          296764 1c008a6c 0ff57513 andi             x10, x10, 255       x10=00000030 x10:00000030
17140545ns          296765 1c008a70 00d70733 add              x14, x14, x13       x14=1a10f008 x14:00000008 x13:1a10f000
17140564ns          296766 1c008a72 00a7e723 p.sw             x10, x0(x15)        x10:00000030 x15:00000000  PA:1a10f008
17140883ns          296782 1c008a76 00000513 addi             x10, x0, 0          x10=00000000
17140903ns          296783 1c008a78 00008067 jalr             x0, x1, 0            x1:1c008e4c
17140942ns          296785 1c008e4c fff48493 addi             x9, x9, -1           x9=00000000  x9:00000001
17140962ns          296786 1c008e4e fff537e3 p.bneimm         x10, -18            x10:00000000
17141022ns          296789 1c008e3c 012d8733 add              x14, x27, x18       x14=00000016 x27:efffe5c6 x18:10001a50
17141042ns          296790 1c008e40 5a048b63 beq              x9, x0, 1462         x9:00000000
17141141ns          296795 1c0093f6 00e00db3 add              x27, x0, x14        x27=00000016 x14:00000016
17141181ns          296797 1c0093f8 f3cff06f jal              x0, -2244          
17141221ns          296799 1c008b34 00044503 lbu              x10, 0(x8)          x10=0000000a  x8:1c0000d4  PA:1c0000d4
17141519ns          296814 1c008b38 00140413 addi             x8, x8, 1            x8=1c0000d5  x8:1c0000d4
17141539ns          296815 1c008b3a 00050e63 beq              x10, x0, 28         x10:0000000a
17141559ns          296816 1c008b3c 02500793 addi             x15, x0, 37         x15=00000025
17141579ns          296817 1c008b40 04f50863 beq              x10, x15, 80        x10:0000000a x15:00000025
17141599ns          296818 1c008b44 01a005b3 add              x11, x0, x26        x11=00000002 x26:00000002
17141619ns          296819 1c008b46 000b00e7 jalr             x1, x22, 0           x1=1c008b48 x22:1c008a52
17141718ns          296824 1c008a52 000026b7 lui              x13, 0x2000         x13=00002000
17141738ns          296825 1c008a54 f14027f3 csrrs            x15, x0, 0xf14      x15=00000001
17141758ns          296826 1c008a58 f8068693 addi             x13, x13, -128      x13=00001f80 x13:00002000
17141778ns          296827 1c008a5c 00379713 slli             x14, x15, 0x3       x14=00000008 x15:00000001
17141798ns          296828 1c008a60 00279793 slli             x15, x15, 0x2       x15=00000004 x15:00000001
17141818ns          296829 1c008a62 00d7f7b3 and              x15, x15, x13       x15=00000000 x15:00000004 x13:00001f80
17141837ns          296830 1c008a64 ee873733 p.bclr           x14, x14, 23, 8     x14=00000008 x14:00000008
17141857ns          296831 1c008a68 1a10f6b7 lui              x13, 0x1a10f000     x13=1a10f000
17141877ns          296832 1c008a6c 0ff57513 andi             x10, x10, 255       x10=0000000a x10:0000000a
17141897ns          296833 1c008a70 00d70733 add              x14, x14, x13       x14=1a10f008 x14:00000008 x13:1a10f000
17141917ns          296834 1c008a72 00a7e723 p.sw             x10, x0(x15)        x10:0000000a x15:00000000  PA:1a10f008
17142235ns          296850 1c008a76 00000513 addi             x10, x0, 0          x10=00000000
17142255ns          296851 1c008a78 00008067 jalr             x0, x1, 0            x1:1c008b48
17142295ns          296853 1c008b48 31f52563 p.beqimm         x10, 778            x10:00000000
17142315ns          296854 1c008b4c 001d8d93 addi             x27, x27, 1         x27=00000017 x27:00000016
17142335ns          296855 1c008b4e 00044503 lbu              x10, 0(x8)          x10=00000000  x8:1c0000d5  PA:1c0000d5
17142633ns          296870 1c008b52 00140413 addi             x8, x8, 1            x8=1c0000d6  x8:1c0000d5
17142653ns          296871 1c008b54 fe0514e3 bne              x10, x0, -24        x10:00000000
17142673ns          296872 1c008b56 01b00433 add              x8, x0, x27          x8=00000017 x27:00000017
17142693ns          296873 1c008b58 00800533 add              x10, x0, x8         x10=00000017  x8:00000017
17142713ns          296874 1c008b5a 12c12083 lw               x1, 300(x2)          x1=1c008ae6  x2:10001a28  PA:10001b54
17142733ns          296875 1c008b5e 12812403 lw               x8, 296(x2)          x8=1c00110c  x2:10001a28  PA:10001b50
17142752ns          296876 1c008b62 12412483 lw               x9, 292(x2)          x9=00000000  x2:10001a28  PA:10001b4c
17142772ns          296877 1c008b66 12012903 lw               x18, 288(x2)        x18=1a10b004  x2:10001a28  PA:10001b48
17142792ns          296878 1c008b6a 11c12983 lw               x19, 284(x2)        x19=00000001  x2:10001a28  PA:10001b44
17142852ns          296881 1c008b6e 11812a03 lw               x20, 280(x2)        x20=1c001110  x2:10001a28  PA:10001b40
17142892ns          296883 1c008b72 11412a83 lw               x21, 276(x2)        x21=1c00a000  x2:10001a28  PA:10001b3c
17142912ns          296884 1c008b76 11012b03 lw               x22, 272(x2)        x22=1c00a000  x2:10001a28  PA:10001b38
17142931ns          296885 1c008b7a 10c12b83 lw               x23, 268(x2)        x23=1c000000  x2:10001a28  PA:10001b34
17142991ns          296888 1c008b7e 10812c03 lw               x24, 264(x2)        x24=1c000000  x2:10001a28  PA:10001b30
17143031ns          296890 1c008b82 10412c83 lw               x25, 260(x2)        x25=1c000000  x2:10001a28  PA:10001b2c
17143051ns          296891 1c008b86 10012d03 lw               x26, 256(x2)        x26=1c000000  x2:10001a28  PA:10001b28
17143071ns          296892 1c008b8a 0fc12d83 lw               x27, 252(x2)        x27=1c001104  x2:10001a28  PA:10001b24
17143091ns          296893 1c008b8c 13010113 addi             x2, x2, 304          x2=10001b58  x2:10001a28
17143110ns          296894 1c008b8e 00008067 jalr             x0, x1, 0            x1:1c008ae6
17143190ns          296898 1c008ae6 01c12083 lw               x1, 28(x2)           x1=1c009d20  x2:10001b58  PA:10001b74
17143230ns          296900 1c008ae8 04010113 addi             x2, x2, 64           x2=10001b98  x2:10001b58
17143250ns          296901 1c008aea 00008067 jalr             x0, x1, 0            x1:1c009d20
17143389ns          296908 1c009d20 00c12703 lw               x14, 12(x2)         x14=00000000  x2:10001b98  PA:10001ba4
17143409ns          296909 1c009d22 008d8d93 addi             x27, x27, 8         x27=1c00110c x27:1c001104
17143429ns          296910 1c009d24 00e484b3 add              x9, x9, x14          x9=00000000  x9:00000000 x14:00000000
17143449ns          296911 1c009d26 f9b41be3 bne              x8, x27, -106        x8:1c00110c x27:1c00110c
17143469ns          296912 1c009d2a 000a2783 lw               x15, 0(x20)         x15=00000001 x20:1c001110  PA:1c001110
17143787ns          296928 1c009d2e 02079563 bne              x15, x0, 42         x15:00000001
17144264ns          296952 1c009d58 1c000537 lui              x10, 0x1c000000     x10=1c000000
17144304ns          296954 1c009d5c 0d850513 addi             x10, x10, 216       x10=1c0000d8 x10:1c000000
17144761ns          296977 1c009d60 d5ffe0ef jal              x1, -4770            x1=1c009d64
17144841ns          296981 1c008abe fc010113 addi             x2, x2, -64          x2=10001b58  x2:10001b98
17144921ns          296985 1c008ac0 02410313 addi             x6, x2, 36           x6=10001b7c  x2:10001b58
17144960ns          296987 1c008ac4 02c12423 sw               x12, 40(x2)         x12:00000000  x2:10001b58  PA:10001b80
17144980ns          296988 1c008ac6 00a00633 add              x12, x0, x10        x12=1c0000d8 x10:1c0000d8
17145000ns          296989 1c008ac8 1c009537 lui              x10, 0x1c009000     x10=1c009000
17145020ns          296990 1c008acc 02b12223 sw               x11, 36(x2)         x11:00000002  x2:10001b58  PA:10001b7c
17145040ns          296991 1c008ace 02d12623 sw               x13, 44(x2)         x13:1a10f000  x2:10001b58  PA:10001b84
17145060ns          296992 1c008ad0 00200593 addi             x11, x0, 2          x11=00000002
17145080ns          296993 1c008ad2 006006b3 add              x13, x0, x6         x13=10001b7c  x6:10001b7c
17145100ns          296994 1c008ad4 a5250513 addi             x10, x10, -1454     x10=1c008a52 x10:1c009000
17145119ns          296995 1c008ad8 00112e23 sw               x1, 28(x2)           x1:1c009d64  x2:10001b58  PA:10001b74
17145139ns          296996 1c008ada 02e12823 sw               x14, 48(x2)         x14:00000000  x2:10001b58  PA:10001b88
17145159ns          296997 1c008adc 02f12a23 sw               x15, 52(x2)         x15:00000001  x2:10001b58  PA:10001b8c
17145179ns          296998 1c008ade 03012c23 sw               x16, 56(x2)         x16:10001a4c  x2:10001b58  PA:10001b90
17145199ns          296999 1c008ae0 03112e23 sw               x17, 60(x2)         x17:1c000040  x2:10001b58  PA:10001b94
17145219ns          297000 1c008ae2 00612623 sw               x6, 12(x2)           x6:10001b7c  x2:10001b58  PA:10001b64
17145239ns          297001 1c008ae4 fbfff0ef jal              x1, -66              x1=1c008ae6
17145318ns          297005 1c008aa2 04a0006f jal              x0, 74             
17145358ns          297007 1c008aec ed010113 addi             x2, x2, -304         x2=10001a28  x2:10001b58
17145378ns          297008 1c008aee 12812423 sw               x8, 296(x2)          x8:1c00110c  x2:10001a28  PA:10001b50
17145398ns          297009 1c008af2 00000413 addi             x8, x0, 0            x8=00000000
17145418ns          297010 1c008af4 11612823 sw               x22, 272(x2)        x22:1c00a000  x2:10001a28  PA:10001b38
17145438ns          297011 1c008af8 11712623 sw               x23, 268(x2)        x23:1c000000  x2:10001a28  PA:10001b34
17145458ns          297012 1c008afc 11812423 sw               x24, 264(x2)        x24:1c000000  x2:10001a28  PA:10001b30
17145497ns          297014 1c008b00 11912223 sw               x25, 260(x2)        x25:1c000000  x2:10001a28  PA:10001b2c
17145537ns          297016 1c008b04 11a12023 sw               x26, 256(x2)        x26:1c000000  x2:10001a28  PA:10001b28
17145557ns          297017 1c008b08 0fb12e23 sw               x27, 252(x2)        x27:1c00110c  x2:10001a28  PA:10001b24
17145577ns          297018 1c008b0a 12112623 sw               x1, 300(x2)          x1:1c008ae6  x2:10001a28  PA:10001b54
17145597ns          297019 1c008b0e 00800db3 add              x27, x0, x8         x27=00000000  x8:00000000
17145637ns          297021 1c008b10 12912223 sw               x9, 292(x2)          x9:00000000  x2:10001a28  PA:10001b4c
17145676ns          297023 1c008b14 13212023 sw               x18, 288(x2)        x18:1a10b004  x2:10001a28  PA:10001b48
17145696ns          297024 1c008b18 11312e23 sw               x19, 284(x2)        x19:00000001  x2:10001a28  PA:10001b44
17145716ns          297025 1c008b1c 11412c23 sw               x20, 280(x2)        x20:1c001110  x2:10001a28  PA:10001b40
17145776ns          297028 1c008b20 11512a23 sw               x21, 276(x2)        x21:1c00a000  x2:10001a28  PA:10001b3c
17145816ns          297030 1c008b24 00a00b33 add              x22, x0, x10        x22=1c008a52 x10:1c008a52
17145836ns          297031 1c008b26 00b00d33 add              x26, x0, x11        x26=00000002 x11:00000002
17145855ns          297032 1c008b28 00d00c33 add              x24, x0, x13        x24=10001b7c x13:10001b7c
17145875ns          297033 1c008b2a 1c000bb7 lui              x23, 0x1c000000     x23=1c000000
17145915ns          297035 1c008b2e 02410c93 addi             x25, x2, 36         x25=10001a4c  x2:10001a28
17145935ns          297036 1c008b32 00c00433 add              x8, x0, x12          x8=1c0000d8 x12:1c0000d8
17145955ns          297037 1c008b34 00044503 lbu              x10, 0(x8)          x10=0000003d  x8:1c0000d8  PA:1c0000d8
17146273ns          297053 1c008b38 00140413 addi             x8, x8, 1            x8=1c0000d9  x8:1c0000d8
17146293ns          297054 1c008b3a 00050e63 beq              x10, x0, 28         x10:0000003d
17146313ns          297055 1c008b3c 02500793 addi             x15, x0, 37         x15=00000025
17146333ns          297056 1c008b40 04f50863 beq              x10, x15, 80        x10:0000003d x15:00000025
17146353ns          297057 1c008b44 01a005b3 add              x11, x0, x26        x11=00000002 x26:00000002
17146373ns          297058 1c008b46 000b00e7 jalr             x1, x22, 0           x1=1c008b48 x22:1c008a52
17146452ns          297062 1c008a52 000026b7 lui              x13, 0x2000         x13=00002000
17146492ns          297064 1c008a54 f14027f3 csrrs            x15, x0, 0xf14      x15=00000001
17146512ns          297065 1c008a58 f8068693 addi             x13, x13, -128      x13=00001f80 x13:00002000
17146532ns          297066 1c008a5c 00379713 slli             x14, x15, 0x3       x14=00000008 x15:00000001
17146552ns          297067 1c008a60 00279793 slli             x15, x15, 0x2       x15=00000004 x15:00000001
17146571ns          297068 1c008a62 00d7f7b3 and              x15, x15, x13       x15=00000000 x15:00000004 x13:00001f80
17146591ns          297069 1c008a64 ee873733 p.bclr           x14, x14, 23, 8     x14=00000008 x14:00000008
17146611ns          297070 1c008a68 1a10f6b7 lui              x13, 0x1a10f000     x13=1a10f000
17146631ns          297071 1c008a6c 0ff57513 andi             x10, x10, 255       x10=0000003d x10:0000003d
17146651ns          297072 1c008a70 00d70733 add              x14, x14, x13       x14=1a10f008 x14:00000008 x13:1a10f000
17146671ns          297073 1c008a72 00a7e723 p.sw             x10, x0(x15)        x10:0000003d x15:00000000  PA:1a10f008
17147089ns          297094 1c008a76 00000513 addi             x10, x0, 0          x10=00000000
17147109ns          297095 1c008a78 00008067 jalr             x0, x1, 0            x1:1c008b48
17147148ns          297097 1c008b48 31f52563 p.beqimm         x10, 778            x10:00000000
17147168ns          297098 1c008b4c 001d8d93 addi             x27, x27, 1         x27=00000001 x27:00000000
17147188ns          297099 1c008b4e 00044503 lbu              x10, 0(x8)          x10=0000003d  x8:1c0000d9  PA:1c0000d9
17147486ns          297114 1c008b52 00140413 addi             x8, x8, 1            x8=1c0000da  x8:1c0000d9
17147506ns          297115 1c008b54 fe0514e3 bne              x10, x0, -24        x10:0000003d
17147566ns          297118 1c008b3c 02500793 addi             x15, x0, 37         x15=00000025
17147586ns          297119 1c008b40 04f50863 beq              x10, x15, 80        x10:0000003d x15:00000025
17147606ns          297120 1c008b44 01a005b3 add              x11, x0, x26        x11=00000002 x26:00000002
17147626ns          297121 1c008b46 000b00e7 jalr             x1, x22, 0           x1=1c008b48 x22:1c008a52
17147665ns          297123 1c008a52 000026b7 lui              x13, 0x2000         x13=00002000
17147685ns          297124 1c008a54 f14027f3 csrrs            x15, x0, 0xf14      x15=00000001
17147705ns          297125 1c008a58 f8068693 addi             x13, x13, -128      x13=00001f80 x13:00002000
17147725ns          297126 1c008a5c 00379713 slli             x14, x15, 0x3       x14=00000008 x15:00000001
17147745ns          297127 1c008a60 00279793 slli             x15, x15, 0x2       x15=00000004 x15:00000001
17147765ns          297128 1c008a62 00d7f7b3 and              x15, x15, x13       x15=00000000 x15:00000004 x13:00001f80
17147785ns          297129 1c008a64 ee873733 p.bclr           x14, x14, 23, 8     x14=00000008 x14:00000008
17147805ns          297130 1c008a68 1a10f6b7 lui              x13, 0x1a10f000     x13=1a10f000
17147825ns          297131 1c008a6c 0ff57513 andi             x10, x10, 255       x10=0000003d x10:0000003d
17147844ns          297132 1c008a70 00d70733 add              x14, x14, x13       x14=1a10f008 x14:00000008 x13:1a10f000
17147864ns          297133 1c008a72 00a7e723 p.sw             x10, x0(x15)        x10:0000003d x15:00000000  PA:1a10f008
17148222ns          297151 1c008a76 00000513 addi             x10, x0, 0          x10=00000000
17148242ns          297152 1c008a78 00008067 jalr             x0, x1, 0            x1:1c008b48
17148282ns          297154 1c008b48 31f52563 p.beqimm         x10, 778            x10:00000000
17148302ns          297155 1c008b4c 001d8d93 addi             x27, x27, 1         x27=00000002 x27:00000001
17148322ns          297156 1c008b4e 00044503 lbu              x10, 0(x8)          x10=0000003d  x8:1c0000da  PA:1c0000da
17148620ns          297171 1c008b52 00140413 addi             x8, x8, 1            x8=1c0000db  x8:1c0000da
17148640ns          297172 1c008b54 fe0514e3 bne              x10, x0, -24        x10:0000003d
17148700ns          297175 1c008b3c 02500793 addi             x15, x0, 37         x15=00000025
17148720ns          297176 1c008b40 04f50863 beq              x10, x15, 80        x10:0000003d x15:00000025
17148740ns          297177 1c008b44 01a005b3 add              x11, x0, x26        x11=00000002 x26:00000002
17148759ns          297178 1c008b46 000b00e7 jalr             x1, x22, 0           x1=1c008b48 x22:1c008a52
17148799ns          297180 1c008a52 000026b7 lui              x13, 0x2000         x13=00002000
17148819ns          297181 1c008a54 f14027f3 csrrs            x15, x0, 0xf14      x15=00000001
17148839ns          297182 1c008a58 f8068693 addi             x13, x13, -128      x13=00001f80 x13:00002000
17148859ns          297183 1c008a5c 00379713 slli             x14, x15, 0x3       x14=00000008 x15:00000001
17148879ns          297184 1c008a60 00279793 slli             x15, x15, 0x2       x15=00000004 x15:00000001
17148899ns          297185 1c008a62 00d7f7b3 and              x15, x15, x13       x15=00000000 x15:00000004 x13:00001f80
17148919ns          297186 1c008a64 ee873733 p.bclr           x14, x14, 23, 8     x14=00000008 x14:00000008
17148938ns          297187 1c008a68 1a10f6b7 lui              x13, 0x1a10f000     x13=1a10f000
17148958ns          297188 1c008a6c 0ff57513 andi             x10, x10, 255       x10=0000003d x10:0000003d
17148978ns          297189 1c008a70 00d70733 add              x14, x14, x13       x14=1a10f008 x14:00000008 x13:1a10f000
17148998ns          297190 1c008a72 00a7e723 p.sw             x10, x0(x15)        x10:0000003d x15:00000000  PA:1a10f008
17149336ns          297207 1c008a76 00000513 addi             x10, x0, 0          x10=00000000
17149356ns          297208 1c008a78 00008067 jalr             x0, x1, 0            x1:1c008b48
17149396ns          297210 1c008b48 31f52563 p.beqimm         x10, 778            x10:00000000
17149416ns          297211 1c008b4c 001d8d93 addi             x27, x27, 1         x27=00000003 x27:00000002
17149436ns          297212 1c008b4e 00044503 lbu              x10, 0(x8)          x10=0000003d  x8:1c0000db  PA:1c0000db
17149734ns          297227 1c008b52 00140413 addi             x8, x8, 1            x8=1c0000dc  x8:1c0000db
17149754ns          297228 1c008b54 fe0514e3 bne              x10, x0, -24        x10:0000003d
17149814ns          297231 1c008b3c 02500793 addi             x15, x0, 37         x15=00000025
17149834ns          297232 1c008b40 04f50863 beq              x10, x15, 80        x10:0000003d x15:00000025
17149853ns          297233 1c008b44 01a005b3 add              x11, x0, x26        x11=00000002 x26:00000002
17149873ns          297234 1c008b46 000b00e7 jalr             x1, x22, 0           x1=1c008b48 x22:1c008a52
17149913ns          297236 1c008a52 000026b7 lui              x13, 0x2000         x13=00002000
17149933ns          297237 1c008a54 f14027f3 csrrs            x15, x0, 0xf14      x15=00000001
17149953ns          297238 1c008a58 f8068693 addi             x13, x13, -128      x13=00001f80 x13:00002000
17149973ns          297239 1c008a5c 00379713 slli             x14, x15, 0x3       x14=00000008 x15:00000001
17149993ns          297240 1c008a60 00279793 slli             x15, x15, 0x2       x15=00000004 x15:00000001
17150013ns          297241 1c008a62 00d7f7b3 and              x15, x15, x13       x15=00000000 x15:00000004 x13:00001f80
17150032ns          297242 1c008a64 ee873733 p.bclr           x14, x14, 23, 8     x14=00000008 x14:00000008
17150052ns          297243 1c008a68 1a10f6b7 lui              x13, 0x1a10f000     x13=1a10f000
17150072ns          297244 1c008a6c 0ff57513 andi             x10, x10, 255       x10=0000003d x10:0000003d
17150092ns          297245 1c008a70 00d70733 add              x14, x14, x13       x14=1a10f008 x14:00000008 x13:1a10f000
17150112ns          297246 1c008a72 00a7e723 p.sw             x10, x0(x15)        x10:0000003d x15:00000000  PA:1a10f008
17150430ns          297262 1c008a76 00000513 addi             x10, x0, 0          x10=00000000
17150450ns          297263 1c008a78 00008067 jalr             x0, x1, 0            x1:1c008b48
17150490ns          297265 1c008b48 31f52563 p.beqimm         x10, 778            x10:00000000
17150510ns          297266 1c008b4c 001d8d93 addi             x27, x27, 1         x27=00000004 x27:00000003
17150530ns          297267 1c008b4e 00044503 lbu              x10, 0(x8)          x10=00000020  x8:1c0000dc  PA:1c0000dc
17150828ns          297282 1c008b52 00140413 addi             x8, x8, 1            x8=1c0000dd  x8:1c0000dc
17150848ns          297283 1c008b54 fe0514e3 bne              x10, x0, -24        x10:00000020
17150908ns          297286 1c008b3c 02500793 addi             x15, x0, 37         x15=00000025
17150928ns          297287 1c008b40 04f50863 beq              x10, x15, 80        x10:00000020 x15:00000025
17150947ns          297288 1c008b44 01a005b3 add              x11, x0, x26        x11=00000002 x26:00000002
17150967ns          297289 1c008b46 000b00e7 jalr             x1, x22, 0           x1=1c008b48 x22:1c008a52
17151007ns          297291 1c008a52 000026b7 lui              x13, 0x2000         x13=00002000
17151027ns          297292 1c008a54 f14027f3 csrrs            x15, x0, 0xf14      x15=00000001
17151047ns          297293 1c008a58 f8068693 addi             x13, x13, -128      x13=00001f80 x13:00002000
17151067ns          297294 1c008a5c 00379713 slli             x14, x15, 0x3       x14=00000008 x15:00000001
17151087ns          297295 1c008a60 00279793 slli             x15, x15, 0x2       x15=00000004 x15:00000001
17151107ns          297296 1c008a62 00d7f7b3 and              x15, x15, x13       x15=00000000 x15:00000004 x13:00001f80
17151126ns          297297 1c008a64 ee873733 p.bclr           x14, x14, 23, 8     x14=00000008 x14:00000008
17151146ns          297298 1c008a68 1a10f6b7 lui              x13, 0x1a10f000     x13=1a10f000
17151166ns          297299 1c008a6c 0ff57513 andi             x10, x10, 255       x10=00000020 x10:00000020
17151186ns          297300 1c008a70 00d70733 add              x14, x14, x13       x14=1a10f008 x14:00000008 x13:1a10f000
17151206ns          297301 1c008a72 00a7e723 p.sw             x10, x0(x15)        x10:00000020 x15:00000000  PA:1a10f008
17151524ns          297317 1c008a76 00000513 addi             x10, x0, 0          x10=00000000
17151544ns          297318 1c008a78 00008067 jalr             x0, x1, 0            x1:1c008b48
17151584ns          297320 1c008b48 31f52563 p.beqimm         x10, 778            x10:00000000
17151604ns          297321 1c008b4c 001d8d93 addi             x27, x27, 1         x27=00000005 x27:00000004
17151624ns          297322 1c008b4e 00044503 lbu              x10, 0(x8)          x10=00000053  x8:1c0000dd  PA:1c0000dd
17151922ns          297337 1c008b52 00140413 addi             x8, x8, 1            x8=1c0000de  x8:1c0000dd
17151942ns          297338 1c008b54 fe0514e3 bne              x10, x0, -24        x10:00000053
17152002ns          297341 1c008b3c 02500793 addi             x15, x0, 37         x15=00000025
17152022ns          297342 1c008b40 04f50863 beq              x10, x15, 80        x10:00000053 x15:00000025
17152041ns          297343 1c008b44 01a005b3 add              x11, x0, x26        x11=00000002 x26:00000002
17152061ns          297344 1c008b46 000b00e7 jalr             x1, x22, 0           x1=1c008b48 x22:1c008a52
17152101ns          297346 1c008a52 000026b7 lui              x13, 0x2000         x13=00002000
17152121ns          297347 1c008a54 f14027f3 csrrs            x15, x0, 0xf14      x15=00000001
17152141ns          297348 1c008a58 f8068693 addi             x13, x13, -128      x13=00001f80 x13:00002000
17152161ns          297349 1c008a5c 00379713 slli             x14, x15, 0x3       x14=00000008 x15:00000001
17152181ns          297350 1c008a60 00279793 slli             x15, x15, 0x2       x15=00000004 x15:00000001
17152201ns          297351 1c008a62 00d7f7b3 and              x15, x15, x13       x15=00000000 x15:00000004 x13:00001f80
17152220ns          297352 1c008a64 ee873733 p.bclr           x14, x14, 23, 8     x14=00000008 x14:00000008
17152240ns          297353 1c008a68 1a10f6b7 lui              x13, 0x1a10f000     x13=1a10f000
17152260ns          297354 1c008a6c 0ff57513 andi             x10, x10, 255       x10=00000053 x10:00000053
17152280ns          297355 1c008a70 00d70733 add              x14, x14, x13       x14=1a10f008 x14:00000008 x13:1a10f000
17152300ns          297356 1c008a72 00a7e723 p.sw             x10, x0(x15)        x10:00000053 x15:00000000  PA:1a10f008
17152638ns          297373 1c008a76 00000513 addi             x10, x0, 0          x10=00000000
17152658ns          297374 1c008a78 00008067 jalr             x0, x1, 0            x1:1c008b48
17152698ns          297376 1c008b48 31f52563 p.beqimm         x10, 778            x10:00000000
17152718ns          297377 1c008b4c 001d8d93 addi             x27, x27, 1         x27=00000006 x27:00000005
17152738ns          297378 1c008b4e 00044503 lbu              x10, 0(x8)          x10=00000055  x8:1c0000de  PA:1c0000de
17153036ns          297393 1c008b52 00140413 addi             x8, x8, 1            x8=1c0000df  x8:1c0000de
17153056ns          297394 1c008b54 fe0514e3 bne              x10, x0, -24        x10:00000055
17153116ns          297397 1c008b3c 02500793 addi             x15, x0, 37         x15=00000025
17153135ns          297398 1c008b40 04f50863 beq              x10, x15, 80        x10:00000055 x15:00000025
17153155ns          297399 1c008b44 01a005b3 add              x11, x0, x26        x11=00000002 x26:00000002
17153175ns          297400 1c008b46 000b00e7 jalr             x1, x22, 0           x1=1c008b48 x22:1c008a52
17153215ns          297402 1c008a52 000026b7 lui              x13, 0x2000         x13=00002000
17153235ns          297403 1c008a54 f14027f3 csrrs            x15, x0, 0xf14      x15=00000001
17153255ns          297404 1c008a58 f8068693 addi             x13, x13, -128      x13=00001f80 x13:00002000
17153275ns          297405 1c008a5c 00379713 slli             x14, x15, 0x3       x14=00000008 x15:00000001
17153295ns          297406 1c008a60 00279793 slli             x15, x15, 0x2       x15=00000004 x15:00000001
17153314ns          297407 1c008a62 00d7f7b3 and              x15, x15, x13       x15=00000000 x15:00000004 x13:00001f80
17153334ns          297408 1c008a64 ee873733 p.bclr           x14, x14, 23, 8     x14=00000008 x14:00000008
17153354ns          297409 1c008a68 1a10f6b7 lui              x13, 0x1a10f000     x13=1a10f000
17153374ns          297410 1c008a6c 0ff57513 andi             x10, x10, 255       x10=00000055 x10:00000055
17153394ns          297411 1c008a70 00d70733 add              x14, x14, x13       x14=1a10f008 x14:00000008 x13:1a10f000
17153414ns          297412 1c008a72 00a7e723 p.sw             x10, x0(x15)        x10:00000055 x15:00000000  PA:1a10f008
17153732ns          297428 1c008a76 00000513 addi             x10, x0, 0          x10=00000000
17153752ns          297429 1c008a78 00008067 jalr             x0, x1, 0            x1:1c008b48
17153792ns          297431 1c008b48 31f52563 p.beqimm         x10, 778            x10:00000000
17153812ns          297432 1c008b4c 001d8d93 addi             x27, x27, 1         x27=00000007 x27:00000006
17153832ns          297433 1c008b4e 00044503 lbu              x10, 0(x8)          x10=0000004d  x8:1c0000df  PA:1c0000df
17154130ns          297448 1c008b52 00140413 addi             x8, x8, 1            x8=1c0000e0  x8:1c0000df
17154150ns          297449 1c008b54 fe0514e3 bne              x10, x0, -24        x10:0000004d
17154210ns          297452 1c008b3c 02500793 addi             x15, x0, 37         x15=00000025
17154229ns          297453 1c008b40 04f50863 beq              x10, x15, 80        x10:0000004d x15:00000025
17154249ns          297454 1c008b44 01a005b3 add              x11, x0, x26        x11=00000002 x26:00000002
17154269ns          297455 1c008b46 000b00e7 jalr             x1, x22, 0           x1=1c008b48 x22:1c008a52
17154309ns          297457 1c008a52 000026b7 lui              x13, 0x2000         x13=00002000
17154329ns          297458 1c008a54 f14027f3 csrrs            x15, x0, 0xf14      x15=00000001
17154349ns          297459 1c008a58 f8068693 addi             x13, x13, -128      x13=00001f80 x13:00002000
17154369ns          297460 1c008a5c 00379713 slli             x14, x15, 0x3       x14=00000008 x15:00000001
17154389ns          297461 1c008a60 00279793 slli             x15, x15, 0x2       x15=00000004 x15:00000001
17154408ns          297462 1c008a62 00d7f7b3 and              x15, x15, x13       x15=00000000 x15:00000004 x13:00001f80
17154428ns          297463 1c008a64 ee873733 p.bclr           x14, x14, 23, 8     x14=00000008 x14:00000008
17154448ns          297464 1c008a68 1a10f6b7 lui              x13, 0x1a10f000     x13=1a10f000
17154468ns          297465 1c008a6c 0ff57513 andi             x10, x10, 255       x10=0000004d x10:0000004d
17154488ns          297466 1c008a70 00d70733 add              x14, x14, x13       x14=1a10f008 x14:00000008 x13:1a10f000
17154508ns          297467 1c008a72 00a7e723 p.sw             x10, x0(x15)        x10:0000004d x15:00000000  PA:1a10f008
17154826ns          297483 1c008a76 00000513 addi             x10, x0, 0          x10=00000000
17154846ns          297484 1c008a78 00008067 jalr             x0, x1, 0            x1:1c008b48
17154886ns          297486 1c008b48 31f52563 p.beqimm         x10, 778            x10:00000000
17154906ns          297487 1c008b4c 001d8d93 addi             x27, x27, 1         x27=00000008 x27:00000007
17154926ns          297488 1c008b4e 00044503 lbu              x10, 0(x8)          x10=0000004d  x8:1c0000e0  PA:1c0000e0
17155244ns          297504 1c008b52 00140413 addi             x8, x8, 1            x8=1c0000e1  x8:1c0000e0
17155264ns          297505 1c008b54 fe0514e3 bne              x10, x0, -24        x10:0000004d
17155323ns          297508 1c008b3c 02500793 addi             x15, x0, 37         x15=00000025
17155343ns          297509 1c008b40 04f50863 beq              x10, x15, 80        x10:0000004d x15:00000025
17155363ns          297510 1c008b44 01a005b3 add              x11, x0, x26        x11=00000002 x26:00000002
17155383ns          297511 1c008b46 000b00e7 jalr             x1, x22, 0           x1=1c008b48 x22:1c008a52
17155423ns          297513 1c008a52 000026b7 lui              x13, 0x2000         x13=00002000
17155443ns          297514 1c008a54 f14027f3 csrrs            x15, x0, 0xf14      x15=00000001
17155463ns          297515 1c008a58 f8068693 addi             x13, x13, -128      x13=00001f80 x13:00002000
17155483ns          297516 1c008a5c 00379713 slli             x14, x15, 0x3       x14=00000008 x15:00000001
17155502ns          297517 1c008a60 00279793 slli             x15, x15, 0x2       x15=00000004 x15:00000001
17155522ns          297518 1c008a62 00d7f7b3 and              x15, x15, x13       x15=00000000 x15:00000004 x13:00001f80
17155542ns          297519 1c008a64 ee873733 p.bclr           x14, x14, 23, 8     x14=00000008 x14:00000008
17155562ns          297520 1c008a68 1a10f6b7 lui              x13, 0x1a10f000     x13=1a10f000
17155582ns          297521 1c008a6c 0ff57513 andi             x10, x10, 255       x10=0000004d x10:0000004d
17155602ns          297522 1c008a70 00d70733 add              x14, x14, x13       x14=1a10f008 x14:00000008 x13:1a10f000
17155622ns          297523 1c008a72 00a7e723 p.sw             x10, x0(x15)        x10:0000004d x15:00000000  PA:1a10f008
17155940ns          297539 1c008a76 00000513 addi             x10, x0, 0          x10=00000000
17155960ns          297540 1c008a78 00008067 jalr             x0, x1, 0            x1:1c008b48
17156000ns          297542 1c008b48 31f52563 p.beqimm         x10, 778            x10:00000000
17156020ns          297543 1c008b4c 001d8d93 addi             x27, x27, 1         x27=00000009 x27:00000008
17156039ns          297544 1c008b4e 00044503 lbu              x10, 0(x8)          x10=00000041  x8:1c0000e1  PA:1c0000e1
17156338ns          297559 1c008b52 00140413 addi             x8, x8, 1            x8=1c0000e2  x8:1c0000e1
17156358ns          297560 1c008b54 fe0514e3 bne              x10, x0, -24        x10:00000041
17156417ns          297563 1c008b3c 02500793 addi             x15, x0, 37         x15=00000025
17156437ns          297564 1c008b40 04f50863 beq              x10, x15, 80        x10:00000041 x15:00000025
17156457ns          297565 1c008b44 01a005b3 add              x11, x0, x26        x11=00000002 x26:00000002
17156477ns          297566 1c008b46 000b00e7 jalr             x1, x22, 0           x1=1c008b48 x22:1c008a52
17156517ns          297568 1c008a52 000026b7 lui              x13, 0x2000         x13=00002000
17156537ns          297569 1c008a54 f14027f3 csrrs            x15, x0, 0xf14      x15=00000001
17156557ns          297570 1c008a58 f8068693 addi             x13, x13, -128      x13=00001f80 x13:00002000
17156577ns          297571 1c008a5c 00379713 slli             x14, x15, 0x3       x14=00000008 x15:00000001
17156596ns          297572 1c008a60 00279793 slli             x15, x15, 0x2       x15=00000004 x15:00000001
17156616ns          297573 1c008a62 00d7f7b3 and              x15, x15, x13       x15=00000000 x15:00000004 x13:00001f80
17156636ns          297574 1c008a64 ee873733 p.bclr           x14, x14, 23, 8     x14=00000008 x14:00000008
17156656ns          297575 1c008a68 1a10f6b7 lui              x13, 0x1a10f000     x13=1a10f000
17156676ns          297576 1c008a6c 0ff57513 andi             x10, x10, 255       x10=00000041 x10:00000041
17156696ns          297577 1c008a70 00d70733 add              x14, x14, x13       x14=1a10f008 x14:00000008 x13:1a10f000
17156716ns          297578 1c008a72 00a7e723 p.sw             x10, x0(x15)        x10:00000041 x15:00000000  PA:1a10f008
17157034ns          297594 1c008a76 00000513 addi             x10, x0, 0          x10=00000000
17157054ns          297595 1c008a78 00008067 jalr             x0, x1, 0            x1:1c008b48
17157094ns          297597 1c008b48 31f52563 p.beqimm         x10, 778            x10:00000000
17157114ns          297598 1c008b4c 001d8d93 addi             x27, x27, 1         x27=0000000a x27:00000009
17157133ns          297599 1c008b4e 00044503 lbu              x10, 0(x8)          x10=00000052  x8:1c0000e2  PA:1c0000e2
17157432ns          297614 1c008b52 00140413 addi             x8, x8, 1            x8=1c0000e3  x8:1c0000e2
17157452ns          297615 1c008b54 fe0514e3 bne              x10, x0, -24        x10:00000052
17157511ns          297618 1c008b3c 02500793 addi             x15, x0, 37         x15=00000025
17157531ns          297619 1c008b40 04f50863 beq              x10, x15, 80        x10:00000052 x15:00000025
17157551ns          297620 1c008b44 01a005b3 add              x11, x0, x26        x11=00000002 x26:00000002
17157571ns          297621 1c008b46 000b00e7 jalr             x1, x22, 0           x1=1c008b48 x22:1c008a52
17157611ns          297623 1c008a52 000026b7 lui              x13, 0x2000         x13=00002000
17157631ns          297624 1c008a54 f14027f3 csrrs            x15, x0, 0xf14      x15=00000001
17157651ns          297625 1c008a58 f8068693 addi             x13, x13, -128      x13=00001f80 x13:00002000
17157671ns          297626 1c008a5c 00379713 slli             x14, x15, 0x3       x14=00000008 x15:00000001
17157690ns          297627 1c008a60 00279793 slli             x15, x15, 0x2       x15=00000004 x15:00000001
17157710ns          297628 1c008a62 00d7f7b3 and              x15, x15, x13       x15=00000000 x15:00000004 x13:00001f80
17157730ns          297629 1c008a64 ee873733 p.bclr           x14, x14, 23, 8     x14=00000008 x14:00000008
17157750ns          297630 1c008a68 1a10f6b7 lui              x13, 0x1a10f000     x13=1a10f000
17157770ns          297631 1c008a6c 0ff57513 andi             x10, x10, 255       x10=00000052 x10:00000052
17157790ns          297632 1c008a70 00d70733 add              x14, x14, x13       x14=1a10f008 x14:00000008 x13:1a10f000
17157810ns          297633 1c008a72 00a7e723 p.sw             x10, x0(x15)        x10:00000052 x15:00000000  PA:1a10f008
17158128ns          297649 1c008a76 00000513 addi             x10, x0, 0          x10=00000000
17158148ns          297650 1c008a78 00008067 jalr             x0, x1, 0            x1:1c008b48
17158188ns          297652 1c008b48 31f52563 p.beqimm         x10, 778            x10:00000000
17158208ns          297653 1c008b4c 001d8d93 addi             x27, x27, 1         x27=0000000b x27:0000000a
17158227ns          297654 1c008b4e 00044503 lbu              x10, 0(x8)          x10=00000059  x8:1c0000e3  PA:1c0000e3
17158526ns          297669 1c008b52 00140413 addi             x8, x8, 1            x8=1c0000e4  x8:1c0000e3
17158546ns          297670 1c008b54 fe0514e3 bne              x10, x0, -24        x10:00000059
17158605ns          297673 1c008b3c 02500793 addi             x15, x0, 37         x15=00000025
17158625ns          297674 1c008b40 04f50863 beq              x10, x15, 80        x10:00000059 x15:00000025
17158645ns          297675 1c008b44 01a005b3 add              x11, x0, x26        x11=00000002 x26:00000002
17158665ns          297676 1c008b46 000b00e7 jalr             x1, x22, 0           x1=1c008b48 x22:1c008a52
17158705ns          297678 1c008a52 000026b7 lui              x13, 0x2000         x13=00002000
17158725ns          297679 1c008a54 f14027f3 csrrs            x15, x0, 0xf14      x15=00000001
17158745ns          297680 1c008a58 f8068693 addi             x13, x13, -128      x13=00001f80 x13:00002000
17158764ns          297681 1c008a5c 00379713 slli             x14, x15, 0x3       x14=00000008 x15:00000001
17158784ns          297682 1c008a60 00279793 slli             x15, x15, 0x2       x15=00000004 x15:00000001
17158804ns          297683 1c008a62 00d7f7b3 and              x15, x15, x13       x15=00000000 x15:00000004 x13:00001f80
17158824ns          297684 1c008a64 ee873733 p.bclr           x14, x14, 23, 8     x14=00000008 x14:00000008
17158844ns          297685 1c008a68 1a10f6b7 lui              x13, 0x1a10f000     x13=1a10f000
17158864ns          297686 1c008a6c 0ff57513 andi             x10, x10, 255       x10=00000059 x10:00000059
17158884ns          297687 1c008a70 00d70733 add              x14, x14, x13       x14=1a10f008 x14:00000008 x13:1a10f000
17158904ns          297688 1c008a72 00a7e723 p.sw             x10, x0(x15)        x10:00000059 x15:00000000  PA:1a10f008
17159242ns          297705 1c008a76 00000513 addi             x10, x0, 0          x10=00000000
17159262ns          297706 1c008a78 00008067 jalr             x0, x1, 0            x1:1c008b48
17159302ns          297708 1c008b48 31f52563 p.beqimm         x10, 778            x10:00000000
17159321ns          297709 1c008b4c 001d8d93 addi             x27, x27, 1         x27=0000000c x27:0000000b
17159341ns          297710 1c008b4e 00044503 lbu              x10, 0(x8)          x10=0000003a  x8:1c0000e4  PA:1c0000e4
17159640ns          297725 1c008b52 00140413 addi             x8, x8, 1            x8=1c0000e5  x8:1c0000e4
17159660ns          297726 1c008b54 fe0514e3 bne              x10, x0, -24        x10:0000003a
17159719ns          297729 1c008b3c 02500793 addi             x15, x0, 37         x15=00000025
17159739ns          297730 1c008b40 04f50863 beq              x10, x15, 80        x10:0000003a x15:00000025
17159759ns          297731 1c008b44 01a005b3 add              x11, x0, x26        x11=00000002 x26:00000002
17159779ns          297732 1c008b46 000b00e7 jalr             x1, x22, 0           x1=1c008b48 x22:1c008a52
17159819ns          297734 1c008a52 000026b7 lui              x13, 0x2000         x13=00002000
17159839ns          297735 1c008a54 f14027f3 csrrs            x15, x0, 0xf14      x15=00000001
17159858ns          297736 1c008a58 f8068693 addi             x13, x13, -128      x13=00001f80 x13:00002000
17159878ns          297737 1c008a5c 00379713 slli             x14, x15, 0x3       x14=00000008 x15:00000001
17159898ns          297738 1c008a60 00279793 slli             x15, x15, 0x2       x15=00000004 x15:00000001
17159918ns          297739 1c008a62 00d7f7b3 and              x15, x15, x13       x15=00000000 x15:00000004 x13:00001f80
17159938ns          297740 1c008a64 ee873733 p.bclr           x14, x14, 23, 8     x14=00000008 x14:00000008
17159958ns          297741 1c008a68 1a10f6b7 lui              x13, 0x1a10f000     x13=1a10f000
17159978ns          297742 1c008a6c 0ff57513 andi             x10, x10, 255       x10=0000003a x10:0000003a
17159998ns          297743 1c008a70 00d70733 add              x14, x14, x13       x14=1a10f008 x14:00000008 x13:1a10f000
17160018ns          297744 1c008a72 00a7e723 p.sw             x10, x0(x15)        x10:0000003a x15:00000000  PA:1a10f008
17160336ns          297760 1c008a76 00000513 addi             x10, x0, 0          x10=00000000
17160356ns          297761 1c008a78 00008067 jalr             x0, x1, 0            x1:1c008b48
17160396ns          297763 1c008b48 31f52563 p.beqimm         x10, 778            x10:00000000
17160415ns          297764 1c008b4c 001d8d93 addi             x27, x27, 1         x27=0000000d x27:0000000c
17160435ns          297765 1c008b4e 00044503 lbu              x10, 0(x8)          x10=00000020  x8:1c0000e5  PA:1c0000e5
17160734ns          297780 1c008b52 00140413 addi             x8, x8, 1            x8=1c0000e6  x8:1c0000e5
17160754ns          297781 1c008b54 fe0514e3 bne              x10, x0, -24        x10:00000020
17160813ns          297784 1c008b3c 02500793 addi             x15, x0, 37         x15=00000025
17160833ns          297785 1c008b40 04f50863 beq              x10, x15, 80        x10:00000020 x15:00000025
17160853ns          297786 1c008b44 01a005b3 add              x11, x0, x26        x11=00000002 x26:00000002
17160873ns          297787 1c008b46 000b00e7 jalr             x1, x22, 0           x1=1c008b48 x22:1c008a52
17160913ns          297789 1c008a52 000026b7 lui              x13, 0x2000         x13=00002000
17160933ns          297790 1c008a54 f14027f3 csrrs            x15, x0, 0xf14      x15=00000001
17160952ns          297791 1c008a58 f8068693 addi             x13, x13, -128      x13=00001f80 x13:00002000
17160972ns          297792 1c008a5c 00379713 slli             x14, x15, 0x3       x14=00000008 x15:00000001
17160992ns          297793 1c008a60 00279793 slli             x15, x15, 0x2       x15=00000004 x15:00000001
17161012ns          297794 1c008a62 00d7f7b3 and              x15, x15, x13       x15=00000000 x15:00000004 x13:00001f80
17161032ns          297795 1c008a64 ee873733 p.bclr           x14, x14, 23, 8     x14=00000008 x14:00000008
17161052ns          297796 1c008a68 1a10f6b7 lui              x13, 0x1a10f000     x13=1a10f000
17161072ns          297797 1c008a6c 0ff57513 andi             x10, x10, 255       x10=00000020 x10:00000020
17161092ns          297798 1c008a70 00d70733 add              x14, x14, x13       x14=1a10f008 x14:00000008 x13:1a10f000
17161112ns          297799 1c008a72 00a7e723 p.sw             x10, x0(x15)        x10:00000020 x15:00000000  PA:1a10f008
17161430ns          297815 1c008a76 00000513 addi             x10, x0, 0          x10=00000000
17161450ns          297816 1c008a78 00008067 jalr             x0, x1, 0            x1:1c008b48
17161490ns          297818 1c008b48 31f52563 p.beqimm         x10, 778            x10:00000000
17161509ns          297819 1c008b4c 001d8d93 addi             x27, x27, 1         x27=0000000e x27:0000000d
17161529ns          297820 1c008b4e 00044503 lbu              x10, 0(x8)          x10=00000000  x8:1c0000e6  PA:1c0000e6
17161848ns          297836 1c008b52 00140413 addi             x8, x8, 1            x8=1c0000e7  x8:1c0000e6
17161867ns          297837 1c008b54 fe0514e3 bne              x10, x0, -24        x10:00000000
17161887ns          297838 1c008b56 01b00433 add              x8, x0, x27          x8=0000000e x27:0000000e
17161907ns          297839 1c008b58 00800533 add              x10, x0, x8         x10=0000000e  x8:0000000e
17161927ns          297840 1c008b5a 12c12083 lw               x1, 300(x2)          x1=1c008ae6  x2:10001a28  PA:10001b54
17161947ns          297841 1c008b5e 12812403 lw               x8, 296(x2)          x8=1c00110c  x2:10001a28  PA:10001b50
17161967ns          297842 1c008b62 12412483 lw               x9, 292(x2)          x9=00000000  x2:10001a28  PA:10001b4c
17161987ns          297843 1c008b66 12012903 lw               x18, 288(x2)        x18=1a10b004  x2:10001a28  PA:10001b48
17162007ns          297844 1c008b6a 11c12983 lw               x19, 284(x2)        x19=00000001  x2:10001a28  PA:10001b44
17162027ns          297845 1c008b6e 11812a03 lw               x20, 280(x2)        x20=1c001110  x2:10001a28  PA:10001b40
17162046ns          297846 1c008b72 11412a83 lw               x21, 276(x2)        x21=1c00a000  x2:10001a28  PA:10001b3c
17162066ns          297847 1c008b76 11012b03 lw               x22, 272(x2)        x22=1c00a000  x2:10001a28  PA:10001b38
17162086ns          297848 1c008b7a 10c12b83 lw               x23, 268(x2)        x23=1c000000  x2:10001a28  PA:10001b34
17162146ns          297851 1c008b7e 10812c03 lw               x24, 264(x2)        x24=1c000000  x2:10001a28  PA:10001b30
17162186ns          297853 1c008b82 10412c83 lw               x25, 260(x2)        x25=1c000000  x2:10001a28  PA:10001b2c
17162206ns          297854 1c008b86 10012d03 lw               x26, 256(x2)        x26=1c000000  x2:10001a28  PA:10001b28
17162225ns          297855 1c008b8a 0fc12d83 lw               x27, 252(x2)        x27=1c00110c  x2:10001a28  PA:10001b24
17162245ns          297856 1c008b8c 13010113 addi             x2, x2, 304          x2=10001b58  x2:10001a28
17162265ns          297857 1c008b8e 00008067 jalr             x0, x1, 0            x1:1c008ae6
17162305ns          297859 1c008ae6 01c12083 lw               x1, 28(x2)           x1=1c009d64  x2:10001b58  PA:10001b74
17162325ns          297860 1c008ae8 04010113 addi             x2, x2, 64           x2=10001b98  x2:10001b58
17162365ns          297862 1c008aea 00008067 jalr             x0, x1, 0            x1:1c009d64
17162405ns          297864 1c009d64 02048463 beq              x9, x0, 40           x9:00000000
17162782ns          297883 1c009d8c 1c000537 lui              x10, 0x1c000000     x10=1c000000
17162862ns          297887 1c009d90 0e850513 addi             x10, x10, 232       x10=1c0000e8 x10:1c000000
17162902ns          297889 1c009d94 c6dfe0ef jal              x1, -5012            x1=1c009d98
17162942ns          297891 1c008a00 0015478b p.lbu            x15, 1(x10!)        x15=00000053 x10=1c0000e9 x10:1c0000e8  PA:1c0000e8
17163399ns          297914 1c008a04 02078463 beq              x15, x0, 40         x15:00000053
17163419ns          297915 1c008a06 f14026f3 csrrs            x13, x0, 0xf14      x13=00000001
17163439ns          297916 1c008a0a 00369713 slli             x14, x13, 0x3       x14=00000008 x13:00000001
17163459ns          297917 1c008a0e 1a10f637 lui              x12, 0x1a10f000     x12=1a10f000
17163498ns          297919 1c008a12 ee873733 p.bclr           x14, x14, 23, 8     x14=00000008 x14:00000008
17163518ns          297920 1c008a16 00c70733 add              x14, x14, x12       x14=1a10f008 x14:00000008 x12:1a10f000
17163538ns          297921 1c008a18 00002637 lui              x12, 0x2000         x12=00002000
17163558ns          297922 1c008a1a 00269693 slli             x13, x13, 0x2       x13=00000004 x13:00000001
17163578ns          297923 1c008a1c f8060613 addi             x12, x12, -128      x12=00001f80 x12:00002000
17163976ns          297943 1c008a20 00c6f6b3 and              x13, x13, x12       x13=00000000 x13:00000004 x12:00001f80
17163996ns          297944 1c008a22 00d70733 add              x14, x14, x13       x14=1a10f008 x14:1a10f008 x13:00000000
17164016ns          297945 1c008a24 00f72023 sw               x15, 0(x14)         x15:00000053 x14:1a10f008  PA:1a10f008
17164493ns          297969 1c008a26 0015478b p.lbu            x15, 1(x10!)        x15=00000055 x10=1c0000ea x10:1c0000e9  PA:1c0000e9
17164811ns          297985 1c008a2a fe079de3 bne              x15, x0, -6         x15:00000055
17164871ns          297988 1c008a24 00f72023 sw               x15, 0(x14)         x15:00000055 x14:1a10f008  PA:1a10f008
17165189ns          298004 1c008a26 0015478b p.lbu            x15, 1(x10!)        x15=00000043 x10=1c0000eb x10:1c0000ea  PA:1c0000ea
17165507ns          298020 1c008a2a fe079de3 bne              x15, x0, -6         x15:00000043
17165567ns          298023 1c008a24 00f72023 sw               x15, 0(x14)         x15:00000043 x14:1a10f008  PA:1a10f008
17165905ns          298040 1c008a26 0015478b p.lbu            x15, 1(x10!)        x15=00000043 x10=1c0000ec x10:1c0000eb  PA:1c0000eb
17166224ns          298056 1c008a2a fe079de3 bne              x15, x0, -6         x15:00000043
17166283ns          298059 1c008a24 00f72023 sw               x15, 0(x14)         x15:00000043 x14:1a10f008  PA:1a10f008
17166601ns          298075 1c008a26 0015478b p.lbu            x15, 1(x10!)        x15=00000045 x10=1c0000ed x10:1c0000ec  PA:1c0000ec
17166920ns          298091 1c008a2a fe079de3 bne              x15, x0, -6         x15:00000045
17166979ns          298094 1c008a24 00f72023 sw               x15, 0(x14)         x15:00000045 x14:1a10f008  PA:1a10f008
17167318ns          298111 1c008a26 0015478b p.lbu            x15, 1(x10!)        x15=00000053 x10=1c0000ee x10:1c0000ed  PA:1c0000ed
17167636ns          298127 1c008a2a fe079de3 bne              x15, x0, -6         x15:00000053
17167695ns          298130 1c008a24 00f72023 sw               x15, 0(x14)         x15:00000053 x14:1a10f008  PA:1a10f008
17168014ns          298146 1c008a26 0015478b p.lbu            x15, 1(x10!)        x15=00000053 x10=1c0000ef x10:1c0000ee  PA:1c0000ee
17168332ns          298162 1c008a2a fe079de3 bne              x15, x0, -6         x15:00000053
17168392ns          298165 1c008a24 00f72023 sw               x15, 0(x14)         x15:00000053 x14:1a10f008  PA:1a10f008
17168710ns          298181 1c008a26 0015478b p.lbu            x15, 1(x10!)        x15=00000000 x10=1c0000f0 x10:1c0000ef  PA:1c0000ef
17169028ns          298197 1c008a2a fe079de3 bne              x15, x0, -6         x15:00000000
17169048ns          298198 1c008a2c f14027f3 csrrs            x15, x0, 0xf14      x15=00000001
17169068ns          298199 1c008a30 00379713 slli             x14, x15, 0x3       x14=00000008 x15:00000001
17169088ns          298200 1c008a34 1a10f6b7 lui              x13, 0x1a10f000     x13=1a10f000
17169108ns          298201 1c008a38 ee873733 p.bclr           x14, x14, 23, 8     x14=00000008 x14:00000008
17169128ns          298202 1c008a3c 00d70733 add              x14, x14, x13       x14=1a10f008 x14:00000008 x13:1a10f000
17169147ns          298203 1c008a3e 000026b7 lui              x13, 0x2000         x13=00002000
17169386ns          298215 1c008a40 f8068693 addi             x13, x13, -128      x13=00001f80 x13:00002000
17169426ns          298217 1c008a44 00279793 slli             x15, x15, 0x2       x15=00000004 x15:00000001
17169446ns          298218 1c008a46 00d7f7b3 and              x15, x15, x13       x15=00000000 x15:00000004 x13:00001f80
17169466ns          298219 1c008a48 00a00693 addi             x13, x0, 10         x13=0000000a
17169486ns          298220 1c008a4a 00d767a3 p.sw             x13, x0(x14)        x13:0000000a x14:1a10f008  PA:1a10f008
17169963ns          298244 1c008a4e 00000513 addi             x10, x0, 0          x10=00000000
17169983ns          298245 1c008a50 00008067 jalr             x0, x1, 0            x1:1c009d98
17170023ns          298247 1c009d98 00000513 addi             x10, x0, 0          x10=00000000
17170043ns          298248 1c009d9a f99ff06f jal              x0, -104           
17170142ns          298253 1c009d32 04c12083 lw               x1, 76(x2)           x1=1c0084d2  x2:10001b98  PA:10001be4
17170162ns          298254 1c009d34 04812403 lw               x8, 72(x2)           x8=xxxxxxxx  x2:10001b98  PA:10001be0
17170182ns          298255 1c009d36 04412483 lw               x9, 68(x2)           x9=xxxxxxxx  x2:10001b98  PA:10001bdc
17170202ns          298256 1c009d38 04012903 lw               x18, 64(x2)         x18=xxxxxxxx  x2:10001b98  PA:10001bd8
17170222ns          298257 1c009d3a 03c12983 lw               x19, 60(x2)         x19=xxxxxxxx  x2:10001b98  PA:10001bd4
17170241ns          298258 1c009d3c 03812a03 lw               x20, 56(x2)         x20=xxxxxxxx  x2:10001b98  PA:10001bd0
17170261ns          298259 1c009d3e 03412a83 lw               x21, 52(x2)         x21=xxxxxxxx  x2:10001b98  PA:10001bcc
17170480ns          298270 1c009d40 03012b03 lw               x22, 48(x2)         x22=xxxxxxxx  x2:10001b98  PA:10001bc8
17170500ns          298271 1c009d42 02c12b83 lw               x23, 44(x2)         x23=xxxxxxxx  x2:10001b98  PA:10001bc4
17170520ns          298272 1c009d44 02812c03 lw               x24, 40(x2)         x24=xxxxxxxx  x2:10001b98  PA:10001bc0
17170540ns          298273 1c009d46 02412c83 lw               x25, 36(x2)         x25=xxxxxxxx  x2:10001b98  PA:10001bbc
17170560ns          298274 1c009d48 02012d03 lw               x26, 32(x2)         x26=xxxxxxxx  x2:10001b98  PA:10001bb8
17170580ns          298275 1c009d4a 01c12d83 lw               x27, 28(x2)         x27=xxxxxxxx  x2:10001b98  PA:10001bb4
17170599ns          298276 1c009d4c 05010113 addi             x2, x2, 80           x2=10001be8  x2:10001b98
17170619ns          298277 1c009d4e 00008067 jalr             x0, x1, 0            x1:1c0084d2
17171057ns          298299 1c0084d2 00a00433 add              x8, x0, x10          x8=00000000 x10:00000000
17171097ns          298301 1c0084d4 22d010ef jal              x1, 6700             x1=1c0084d8
17171176ns          298305 1c009f00 f14027f3 csrrs            x15, x0, 0xf14      x15=00000001
17171216ns          298307 1c009f04 01f00713 addi             x14, x0, 31         x14=0000001f
17171236ns          298308 1c009f06 ca5797b3 p.extractu       x15, x15, 5, 5      x15=00000000 x15:00000001
17171256ns          298309 1c009f0a 00e78863 beq              x15, x14, 16        x15:00000000 x14:0000001f
17171316ns          298312 1c009f0e 002047b7 lui              x15, 0x204000       x15=00204000
17171355ns          298314 1c009f12 20078793 addi             x15, x15, 512       x15=00204200 x15:00204000
17171375ns          298315 1c009f16 01c7e703 p.elw            x14, 28(x15)        x14=00010000 x15:00204200  PA:0020421c
17171514ns          298322 1c009f1a 00008067 jalr             x0, x1, 0            x1:1c0084d8
17171554ns          298324 1c0084d8 00803533 sltu             x10, x0, x8         x10=00000000  x8:00000000
17171574ns          298325 1c0084dc 00c12083 lw               x1, 12(x2)           x1=1c009e10  x2:10001be8  PA:10001bf4
17171594ns          298326 1c0084de 00812403 lw               x8, 8(x2)            x8=xxxxxxxx  x2:10001be8  PA:10001bf0
17172012ns          298347 1c0084e0 01010113 addi             x2, x2, 16           x2=10001bf8  x2:10001be8
17172032ns          298348 1c0084e2 00008067 jalr             x0, x1, 0            x1:1c009e10
17172111ns          298352 1c009e10 f14027f3 csrrs            x15, x0, 0xf14      x15=00000001
17172151ns          298354 1c009e14 f457b7b3 p.bclr           x15, x15, 26, 5     x15=00000001 x15:00000001
17172171ns          298355 1c009e18 00079963 bne              x15, x0, 18         x15:00000001
17172708ns          298382 1c009e2a 002047b7 lui              x15, 0x204000       x15=00204000
17172728ns          298383 1c009e2e fff00713 addi             x14, x0, -1         x14=ffffffff
17173146ns          298404 1c009e30 00e7a223 sw               x14, 4(x15)         x14:ffffffff x15:00204000  PA:00204004
