                Time          Cycles PC       Instr    Mnemonic
20391908ns          338560 1c008080 0640006f jal              x0, 100            
20392366ns          338583 1c0080e4 f1402573 csrrs            x10, x0, 0xf14      x10=00000002
20392405ns          338585 1c0080e8 01f57593 andi             x11, x10, 31        x11=00000002 x10:00000002
20392425ns          338586 1c0080ec 00555513 srli             x10, x10, 0x5       x10=00000000 x10:00000002
20392445ns          338587 1c0080ee 01f00613 addi             x12, x0, 31         x12=0000001f
20392883ns          338609 1c0080f0 00c50463 beq              x10, x12, 8         x10:00000000 x12:0000001f
20392923ns          338611 1c0080f4 fa1ff06f jal              x0, -96            
20393380ns          338634 1c008094 f3ff9117 auipc            x2, 0xf3ff9000       x2=10001094
20393420ns          338636 1c008098 f7010113 addi             x2, x2, -144         x2=10001004  x2:10001094
20393440ns          338637 1c00809c 00012103 lw               x2, 0(x2)            x2=10001008  x2:10001004  PA:10001004
20393877ns          338659 1c0080a0 000011b7 lui              x3, 0x1000           x3=00001000
20393917ns          338661 1c0080a4 80018193 addi             x3, x3, -2048        x3=00000800  x3:00001000
20393937ns          338662 1c0080a8 00158593 addi             x11, x11, 1         x11=00000003 x11:00000002
20393957ns          338663 1c0080ac 02b180b3 mul              x1, x3, x11          x1=00001800  x3:00000800 x11:00000003
20394394ns          338685 1c0080b0 00110133 add              x2, x2, x1           x2=10002808  x2:10001008  x1:00001800
20394434ns          338687 1c0080b4 3e00306f jal              x0, 13280          
20394892ns          338710 1c00b494 ff010113 addi             x2, x2, -16          x2=100027f8  x2:10002808
20394912ns          338711 1c00b496 00112623 sw               x1, 12(x2)           x1:00001800  x2:100027f8  PA:10002804
20394932ns          338712 1c00b498 002047b7 lui              x15, 0x204000       x15=00204000
20394951ns          338713 1c00b49c 00070737 lui              x14, 0x70000        x14=00070000
20395409ns          338736 1c00b4a0 00e7a423 sw               x14, 8(x15)         x14:00070000 x15:00204000  PA:00204008
20395429ns          338737 1c00b4a2 00f00713 addi             x14, x0, 15         x14=0000000f
20395449ns          338738 1c00b4a4 20078793 addi             x15, x15, 512       x15=00204200 x15:00204000
20395469ns          338739 1c00b4a8 00e7a023 sw               x14, 0(x15)         x14:0000000f x15:00204200  PA:00204200
20395488ns          338740 1c00b4ac 00e7a623 sw               x14, 12(x15)        x14:0000000f x15:00204200  PA:0020420c
20395926ns          338762 1c00b4b0 1c0017b7 lui              x15, 0x1c001000     x15=1c001000
20395966ns          338764 1c00b4b4 88c7a783 lw               x15, -1908(x15)     x15=1c0081b8 x15:1c001000  PA:1c00088c
20396423ns          338787 1c00b4b8 000780e7 jalr             x1, x15, 0           x1=1c00b4ba x15:1c0081b8
20396921ns          338812 1c0081b8 fa010113 addi             x2, x2, -96          x2=10002798  x2:100027f8
20396940ns          338813 1c0081ba 05212823 sw               x18, 80(x2)         x18:xxxxxxxx  x2:10002798  PA:100027e8
20396960ns          338814 1c0081bc 04112e23 sw               x1, 92(x2)           x1:1c00b4ba  x2:10002798  PA:100027f4
20397398ns          338836 1c0081be f1402973 csrrs            x18, x0, 0xf14      x18=00000002
20397418ns          338837 1c0081c2 04812c23 sw               x8, 88(x2)           x8:xxxxxxxx  x2:10002798  PA:100027f0
20397438ns          338838 1c0081c4 04912a23 sw               x9, 84(x2)           x9:xxxxxxxx  x2:10002798  PA:100027ec
20397458ns          338839 1c0081c6 05312623 sw               x19, 76(x2)         x19:xxxxxxxx  x2:10002798  PA:100027e4
20397478ns          338840 1c0081c8 05412423 sw               x20, 72(x2)         x20:xxxxxxxx  x2:10002798  PA:100027e0
20397497ns          338841 1c0081ca 05512223 sw               x21, 68(x2)         x21:xxxxxxxx  x2:10002798  PA:100027dc
20397517ns          338842 1c0081cc 05612023 sw               x22, 64(x2)         x22:xxxxxxxx  x2:10002798  PA:100027d8
20397537ns          338843 1c0081ce 03712e23 sw               x23, 60(x2)         x23:xxxxxxxx  x2:10002798  PA:100027d4
20397915ns          338862 1c0081d0 03812c23 sw               x24, 56(x2)         x24:xxxxxxxx  x2:10002798  PA:100027d0
20397935ns          338863 1c0081d2 03912a23 sw               x25, 52(x2)         x25:xxxxxxxx  x2:10002798  PA:100027cc
20397955ns          338864 1c0081d4 03a12823 sw               x26, 48(x2)         x26:xxxxxxxx  x2:10002798  PA:100027c8
20397975ns          338865 1c0081d6 03b12623 sw               x27, 44(x2)         x27:xxxxxxxx  x2:10002798  PA:100027c4
20397995ns          338866 1c0081d8 ca5917b3 p.extractu       x15, x18, 5, 5      x15=00000000 x18:00000002
20398015ns          338867 1c0081dc 600791e3 bne              x15, x0, 3586       x15:00000000
20398432ns          338888 1c0081e0 f4593933 p.bclr           x18, x18, 26, 5     x18=00000002 x18:00000002
20398472ns          338890 1c0081e4 5a091de3 bne              x18, x0, 3514       x18:00000002
20399606ns          338947 1c008f9e 40192ae3 p.beqimm         x18, 3092           x18:00000002
20399646ns          338949 1c008fa2 7a292d63 p.beqimm         x18, 1978           x18:00000002
20400242ns          338979 1c00975c 100006b7 lui              x13, 0x10000000     x13=10000000
20400779ns          339006 1c009760 00468413 addi             x8, x13, 4           x8=10000004 x13:10000000
20400819ns          339008 1c009764 20040993 addi             x19, x8, 512        x19=10000204  x8:10000004
20400839ns          339009 1c009768 013006b3 add              x13, x0, x19        x13=10000204 x19:10000204
20400859ns          339010 1c00976a 00900713 addi             x14, x0, 9          x14=00000009
20400879ns          339011 1c00976c 040250fb lp.setupi        0x1, 0x40, 0x4     
20401297ns          339032 1c009770 00e6a22b p.sw             x14, 4(x13!)        x13=10000208 x14:00000009 x13:10000204  PA:10000204
20401336ns          339034 1c009774 fff70713 addi             x14, x14, -1        x14=00000008 x14:00000009
20401356ns          339035 1c009770 00e6a22b p.sw             x14, 4(x13!)        x13=1000020c x14:00000008 x13:10000208  PA:10000208
20401376ns          339036 1c009774 fff70713 addi             x14, x14, -1        x14=00000007 x14:00000008
20401396ns          339037 1c009770 00e6a22b p.sw             x14, 4(x13!)        x13=10000210 x14:00000007 x13:1000020c  PA:1000020c
20401416ns          339038 1c009774 fff70713 addi             x14, x14, -1        x14=00000006 x14:00000007
20401436ns          339039 1c009770 00e6a22b p.sw             x14, 4(x13!)        x13=10000214 x14:00000006 x13:10000210  PA:10000210
20401456ns          339040 1c009774 fff70713 addi             x14, x14, -1        x14=00000005 x14:00000006
20401476ns          339041 1c009770 00e6a22b p.sw             x14, 4(x13!)        x13=10000218 x14:00000005 x13:10000214  PA:10000214
20401495ns          339042 1c009774 fff70713 addi             x14, x14, -1        x14=00000004 x14:00000005
20401515ns          339043 1c009770 00e6a22b p.sw             x14, 4(x13!)        x13=1000021c x14:00000004 x13:10000218  PA:10000218
20401535ns          339044 1c009774 fff70713 addi             x14, x14, -1        x14=00000003 x14:00000004
20401555ns          339045 1c009770 00e6a22b p.sw             x14, 4(x13!)        x13=10000220 x14:00000003 x13:1000021c  PA:1000021c
20401575ns          339046 1c009774 fff70713 addi             x14, x14, -1        x14=00000002 x14:00000003
20401595ns          339047 1c009770 00e6a22b p.sw             x14, 4(x13!)        x13=10000224 x14:00000002 x13:10000220  PA:10000220
20401615ns          339048 1c009774 fff70713 addi             x14, x14, -1        x14=00000001 x14:00000002
20401635ns          339049 1c009770 00e6a22b p.sw             x14, 4(x13!)        x13=10000228 x14:00000001 x13:10000224  PA:10000224
20401655ns          339050 1c009774 fff70713 addi             x14, x14, -1        x14=00000000 x14:00000001
20401674ns          339051 1c009770 00e6a22b p.sw             x14, 4(x13!)        x13=1000022c x14:00000000 x13:10000228  PA:10000228
20401694ns          339052 1c009774 fff70713 addi             x14, x14, -1        x14=ffffffff x14:00000000
20401714ns          339053 1c009770 00e6a22b p.sw             x14, 4(x13!)        x13=10000230 x14:ffffffff x13:1000022c  PA:1000022c
20401734ns          339054 1c009774 fff70713 addi             x14, x14, -1        x14=fffffffe x14:ffffffff
20401754ns          339055 1c009770 00e6a22b p.sw             x14, 4(x13!)        x13=10000234 x14:fffffffe x13:10000230  PA:10000230
20401774ns          339056 1c009774 fff70713 addi             x14, x14, -1        x14=fffffffd x14:fffffffe
20401794ns          339057 1c009770 00e6a22b p.sw             x14, 4(x13!)        x13=10000238 x14:fffffffd x13:10000234  PA:10000234
20401814ns          339058 1c009774 fff70713 addi             x14, x14, -1        x14=fffffffc x14:fffffffd
20401834ns          339059 1c009770 00e6a22b p.sw             x14, 4(x13!)        x13=1000023c x14:fffffffc x13:10000238  PA:10000238
20401853ns          339060 1c009774 fff70713 addi             x14, x14, -1        x14=fffffffb x14:fffffffc
20401873ns          339061 1c009770 00e6a22b p.sw             x14, 4(x13!)        x13=10000240 x14:fffffffb x13:1000023c  PA:1000023c
20401893ns          339062 1c009774 fff70713 addi             x14, x14, -1        x14=fffffffa x14:fffffffb
20401913ns          339063 1c009770 00e6a22b p.sw             x14, 4(x13!)        x13=10000244 x14:fffffffa x13:10000240  PA:10000240
20401933ns          339064 1c009774 fff70713 addi             x14, x14, -1        x14=fffffff9 x14:fffffffa
20401953ns          339065 1c009770 00e6a22b p.sw             x14, 4(x13!)        x13=10000248 x14:fffffff9 x13:10000244  PA:10000244
20401973ns          339066 1c009774 fff70713 addi             x14, x14, -1        x14=fffffff8 x14:fffffff9
20401993ns          339067 1c009770 00e6a22b p.sw             x14, 4(x13!)        x13=1000024c x14:fffffff8 x13:10000248  PA:10000248
20402013ns          339068 1c009774 fff70713 addi             x14, x14, -1        x14=fffffff7 x14:fffffff8
20402033ns          339069 1c009770 00e6a22b p.sw             x14, 4(x13!)        x13=10000250 x14:fffffff7 x13:1000024c  PA:1000024c
20402052ns          339070 1c009774 fff70713 addi             x14, x14, -1        x14=fffffff6 x14:fffffff7
20402072ns          339071 1c009770 00e6a22b p.sw             x14, 4(x13!)        x13=10000254 x14:fffffff6 x13:10000250  PA:10000250
20402092ns          339072 1c009774 fff70713 addi             x14, x14, -1        x14=fffffff5 x14:fffffff6
20402112ns          339073 1c009770 00e6a22b p.sw             x14, 4(x13!)        x13=10000258 x14:fffffff5 x13:10000254  PA:10000254
20402132ns          339074 1c009774 fff70713 addi             x14, x14, -1        x14=fffffff4 x14:fffffff5
20402152ns          339075 1c009770 00e6a22b p.sw             x14, 4(x13!)        x13=1000025c x14:fffffff4 x13:10000258  PA:10000258
20402172ns          339076 1c009774 fff70713 addi             x14, x14, -1        x14=fffffff3 x14:fffffff4
20402192ns          339077 1c009770 00e6a22b p.sw             x14, 4(x13!)        x13=10000260 x14:fffffff3 x13:1000025c  PA:1000025c
20402212ns          339078 1c009774 fff70713 addi             x14, x14, -1        x14=fffffff2 x14:fffffff3
20402231ns          339079 1c009770 00e6a22b p.sw             x14, 4(x13!)        x13=10000264 x14:fffffff2 x13:10000260  PA:10000260
20402251ns          339080 1c009774 fff70713 addi             x14, x14, -1        x14=fffffff1 x14:fffffff2
20402271ns          339081 1c009770 00e6a22b p.sw             x14, 4(x13!)        x13=10000268 x14:fffffff1 x13:10000264  PA:10000264
20402291ns          339082 1c009774 fff70713 addi             x14, x14, -1        x14=fffffff0 x14:fffffff1
20402311ns          339083 1c009770 00e6a22b p.sw             x14, 4(x13!)        x13=1000026c x14:fffffff0 x13:10000268  PA:10000268
20402331ns          339084 1c009774 fff70713 addi             x14, x14, -1        x14=ffffffef x14:fffffff0
20402351ns          339085 1c009770 00e6a22b p.sw             x14, 4(x13!)        x13=10000270 x14:ffffffef x13:1000026c  PA:1000026c
20402371ns          339086 1c009774 fff70713 addi             x14, x14, -1        x14=ffffffee x14:ffffffef
20402391ns          339087 1c009770 00e6a22b p.sw             x14, 4(x13!)        x13=10000274 x14:ffffffee x13:10000270  PA:10000270
20402410ns          339088 1c009774 fff70713 addi             x14, x14, -1        x14=ffffffed x14:ffffffee
20402430ns          339089 1c009770 00e6a22b p.sw             x14, 4(x13!)        x13=10000278 x14:ffffffed x13:10000274  PA:10000274
20402450ns          339090 1c009774 fff70713 addi             x14, x14, -1        x14=ffffffec x14:ffffffed
20402470ns          339091 1c009770 00e6a22b p.sw             x14, 4(x13!)        x13=1000027c x14:ffffffec x13:10000278  PA:10000278
20402490ns          339092 1c009774 fff70713 addi             x14, x14, -1        x14=ffffffeb x14:ffffffec
20402510ns          339093 1c009770 00e6a22b p.sw             x14, 4(x13!)        x13=10000280 x14:ffffffeb x13:1000027c  PA:1000027c
20402530ns          339094 1c009774 fff70713 addi             x14, x14, -1        x14=ffffffea x14:ffffffeb
20402550ns          339095 1c009770 00e6a22b p.sw             x14, 4(x13!)        x13=10000284 x14:ffffffea x13:10000280  PA:10000280
20402570ns          339096 1c009774 fff70713 addi             x14, x14, -1        x14=ffffffe9 x14:ffffffea
20402589ns          339097 1c009770 00e6a22b p.sw             x14, 4(x13!)        x13=10000288 x14:ffffffe9 x13:10000284  PA:10000284
20402609ns          339098 1c009774 fff70713 addi             x14, x14, -1        x14=ffffffe8 x14:ffffffe9
20402629ns          339099 1c009770 00e6a22b p.sw             x14, 4(x13!)        x13=1000028c x14:ffffffe8 x13:10000288  PA:10000288
20402649ns          339100 1c009774 fff70713 addi             x14, x14, -1        x14=ffffffe7 x14:ffffffe8
20402669ns          339101 1c009770 00e6a22b p.sw             x14, 4(x13!)        x13=10000290 x14:ffffffe7 x13:1000028c  PA:1000028c
20402689ns          339102 1c009774 fff70713 addi             x14, x14, -1        x14=ffffffe6 x14:ffffffe7
20402709ns          339103 1c009770 00e6a22b p.sw             x14, 4(x13!)        x13=10000294 x14:ffffffe6 x13:10000290  PA:10000290
20402729ns          339104 1c009774 fff70713 addi             x14, x14, -1        x14=ffffffe5 x14:ffffffe6
20402749ns          339105 1c009770 00e6a22b p.sw             x14, 4(x13!)        x13=10000298 x14:ffffffe5 x13:10000294  PA:10000294
20402788ns          339107 1c009774 fff70713 addi             x14, x14, -1        x14=ffffffe4 x14:ffffffe5
20402808ns          339108 1c009770 00e6a22b p.sw             x14, 4(x13!)        x13=1000029c x14:ffffffe4 x13:10000298  PA:10000298
20402848ns          339110 1c009774 fff70713 addi             x14, x14, -1        x14=ffffffe3 x14:ffffffe4
20402868ns          339111 1c009770 00e6a22b p.sw             x14, 4(x13!)        x13=100002a0 x14:ffffffe3 x13:1000029c  PA:1000029c
20402908ns          339113 1c009774 fff70713 addi             x14, x14, -1        x14=ffffffe2 x14:ffffffe3
20402928ns          339114 1c009770 00e6a22b p.sw             x14, 4(x13!)        x13=100002a4 x14:ffffffe2 x13:100002a0  PA:100002a0
20402967ns          339116 1c009774 fff70713 addi             x14, x14, -1        x14=ffffffe1 x14:ffffffe2
20402987ns          339117 1c009770 00e6a22b p.sw             x14, 4(x13!)        x13=100002a8 x14:ffffffe1 x13:100002a4  PA:100002a4
20403027ns          339119 1c009774 fff70713 addi             x14, x14, -1        x14=ffffffe0 x14:ffffffe1
20403047ns          339120 1c009770 00e6a22b p.sw             x14, 4(x13!)        x13=100002ac x14:ffffffe0 x13:100002a8  PA:100002a8
20403087ns          339122 1c009774 fff70713 addi             x14, x14, -1        x14=ffffffdf x14:ffffffe0
20403107ns          339123 1c009770 00e6a22b p.sw             x14, 4(x13!)        x13=100002b0 x14:ffffffdf x13:100002ac  PA:100002ac
20403146ns          339125 1c009774 fff70713 addi             x14, x14, -1        x14=ffffffde x14:ffffffdf
20403166ns          339126 1c009770 00e6a22b p.sw             x14, 4(x13!)        x13=100002b4 x14:ffffffde x13:100002b0  PA:100002b0
20403206ns          339128 1c009774 fff70713 addi             x14, x14, -1        x14=ffffffdd x14:ffffffde
20403226ns          339129 1c009770 00e6a22b p.sw             x14, 4(x13!)        x13=100002b8 x14:ffffffdd x13:100002b4  PA:100002b4
20403266ns          339131 1c009774 fff70713 addi             x14, x14, -1        x14=ffffffdc x14:ffffffdd
20403286ns          339132 1c009770 00e6a22b p.sw             x14, 4(x13!)        x13=100002bc x14:ffffffdc x13:100002b8  PA:100002b8
20403325ns          339134 1c009774 fff70713 addi             x14, x14, -1        x14=ffffffdb x14:ffffffdc
20403345ns          339135 1c009770 00e6a22b p.sw             x14, 4(x13!)        x13=100002c0 x14:ffffffdb x13:100002bc  PA:100002bc
20403385ns          339137 1c009774 fff70713 addi             x14, x14, -1        x14=ffffffda x14:ffffffdb
20403405ns          339138 1c009770 00e6a22b p.sw             x14, 4(x13!)        x13=100002c4 x14:ffffffda x13:100002c0  PA:100002c0
20403445ns          339140 1c009774 fff70713 addi             x14, x14, -1        x14=ffffffd9 x14:ffffffda
20403465ns          339141 1c009770 00e6a22b p.sw             x14, 4(x13!)        x13=100002c8 x14:ffffffd9 x13:100002c4  PA:100002c4
20403504ns          339143 1c009774 fff70713 addi             x14, x14, -1        x14=ffffffd8 x14:ffffffd9
20403524ns          339144 1c009770 00e6a22b p.sw             x14, 4(x13!)        x13=100002cc x14:ffffffd8 x13:100002c8  PA:100002c8
20403564ns          339146 1c009774 fff70713 addi             x14, x14, -1        x14=ffffffd7 x14:ffffffd8
20403584ns          339147 1c009770 00e6a22b p.sw             x14, 4(x13!)        x13=100002d0 x14:ffffffd7 x13:100002cc  PA:100002cc
20403604ns          339148 1c009774 fff70713 addi             x14, x14, -1        x14=ffffffd6 x14:ffffffd7
20403624ns          339149 1c009770 00e6a22b p.sw             x14, 4(x13!)        x13=100002d4 x14:ffffffd6 x13:100002d0  PA:100002d0
20403644ns          339150 1c009774 fff70713 addi             x14, x14, -1        x14=ffffffd5 x14:ffffffd6
20403664ns          339151 1c009770 00e6a22b p.sw             x14, 4(x13!)        x13=100002d8 x14:ffffffd5 x13:100002d4  PA:100002d4
20403683ns          339152 1c009774 fff70713 addi             x14, x14, -1        x14=ffffffd4 x14:ffffffd5
20403703ns          339153 1c009770 00e6a22b p.sw             x14, 4(x13!)        x13=100002dc x14:ffffffd4 x13:100002d8  PA:100002d8
20403723ns          339154 1c009774 fff70713 addi             x14, x14, -1        x14=ffffffd3 x14:ffffffd4
20403743ns          339155 1c009770 00e6a22b p.sw             x14, 4(x13!)        x13=100002e0 x14:ffffffd3 x13:100002dc  PA:100002dc
20403763ns          339156 1c009774 fff70713 addi             x14, x14, -1        x14=ffffffd2 x14:ffffffd3
20403783ns          339157 1c009770 00e6a22b p.sw             x14, 4(x13!)        x13=100002e4 x14:ffffffd2 x13:100002e0  PA:100002e0
20403803ns          339158 1c009774 fff70713 addi             x14, x14, -1        x14=ffffffd1 x14:ffffffd2
20403823ns          339159 1c009770 00e6a22b p.sw             x14, 4(x13!)        x13=100002e8 x14:ffffffd1 x13:100002e4  PA:100002e4
20403843ns          339160 1c009774 fff70713 addi             x14, x14, -1        x14=ffffffd0 x14:ffffffd1
20403862ns          339161 1c009770 00e6a22b p.sw             x14, 4(x13!)        x13=100002ec x14:ffffffd0 x13:100002e8  PA:100002e8
20403882ns          339162 1c009774 fff70713 addi             x14, x14, -1        x14=ffffffcf x14:ffffffd0
20403902ns          339163 1c009770 00e6a22b p.sw             x14, 4(x13!)        x13=100002f0 x14:ffffffcf x13:100002ec  PA:100002ec
20403922ns          339164 1c009774 fff70713 addi             x14, x14, -1        x14=ffffffce x14:ffffffcf
20403942ns          339165 1c009770 00e6a22b p.sw             x14, 4(x13!)        x13=100002f4 x14:ffffffce x13:100002f0  PA:100002f0
20403962ns          339166 1c009774 fff70713 addi             x14, x14, -1        x14=ffffffcd x14:ffffffce
20403982ns          339167 1c009770 00e6a22b p.sw             x14, 4(x13!)        x13=100002f8 x14:ffffffcd x13:100002f4  PA:100002f4
20404002ns          339168 1c009774 fff70713 addi             x14, x14, -1        x14=ffffffcc x14:ffffffcd
20404022ns          339169 1c009770 00e6a22b p.sw             x14, 4(x13!)        x13=100002fc x14:ffffffcc x13:100002f8  PA:100002f8
20404041ns          339170 1c009774 fff70713 addi             x14, x14, -1        x14=ffffffcb x14:ffffffcc
20404061ns          339171 1c009770 00e6a22b p.sw             x14, 4(x13!)        x13=10000300 x14:ffffffcb x13:100002fc  PA:100002fc
20404081ns          339172 1c009774 fff70713 addi             x14, x14, -1        x14=ffffffca x14:ffffffcb
20404101ns          339173 1c009770 00e6a22b p.sw             x14, 4(x13!)        x13=10000304 x14:ffffffca x13:10000300  PA:10000300
20404121ns          339174 1c009774 fff70713 addi             x14, x14, -1        x14=ffffffc9 x14:ffffffca
20404141ns          339175 1c009776 10042783 lw               x15, 256(x8)        x15=00000001  x8:10000004  PA:10000104
20404161ns          339176 1c00977a 00042703 lw               x14, 0(x8)          x14=00000019  x8:10000004  PA:10000004
20404181ns          339177 1c00977c 100014b7 lui              x9, 0x10001000       x9=10001000
20404618ns          339199 1c009780 00e787b3 add              x15, x15, x14       x15=0000001a x15:00000001 x14:00000019
20404658ns          339201 1c009782 70f42023 sw               x15, 1792(x8)       x15:0000001a  x8:10000004  PA:10000704
20404678ns          339202 1c009786 10442783 lw               x15, 260(x8)        x15=00000000  x8:10000004  PA:10000108
20404698ns          339203 1c00978a 00442703 lw               x14, 4(x8)          x14=00000018  x8:10000004  PA:10000008
20404718ns          339204 1c00978c 00448493 addi             x9, x9, 4            x9=10001004  x9:10001000
20405135ns          339225 1c009790 00e787b3 add              x15, x15, x14       x15=00000018 x15:00000000 x14:00000018
20405175ns          339227 1c009792 70f42223 sw               x15, 1796(x8)       x15:00000018  x8:10000004  PA:10000708
20405195ns          339228 1c009796 10842783 lw               x15, 264(x8)        x15=ffffffff  x8:10000004  PA:1000010c
20405215ns          339229 1c00979a 00842703 lw               x14, 8(x8)          x14=00000017  x8:10000004  PA:1000000c
20405235ns          339230 1c00979c 90448d93 addi             x27, x9, -1788      x27=10000908  x9:10001004
20405673ns          339252 1c0097a0 00e787b3 add              x15, x15, x14       x15=00000016 x15:ffffffff x14:00000017
20405712ns          339254 1c0097a2 70f42423 sw               x15, 1800(x8)       x15:00000016  x8:10000004  PA:1000070c
20405732ns          339255 1c0097a6 10c42783 lw               x15, 268(x8)        x15=fffffffe  x8:10000004  PA:10000110
20405752ns          339256 1c0097aa 00c42703 lw               x14, 12(x8)         x14=00000016  x8:10000004  PA:10000010
20405772ns          339257 1c0097ac a0448c93 addi             x25, x9, -1532      x25=10000a08  x9:10001004
20406210ns          339279 1c0097b0 00e787b3 add              x15, x15, x14       x15=00000014 x15:fffffffe x14:00000016
20406249ns          339281 1c0097b2 70f42623 sw               x15, 1804(x8)       x15:00000014  x8:10000004  PA:10000710
20406269ns          339282 1c0097b6 11042783 lw               x15, 272(x8)        x15=fffffffd  x8:10000004  PA:10000114
20406289ns          339283 1c0097ba 01042703 lw               x14, 16(x8)         x14=00000015  x8:10000004  PA:10000014
20406309ns          339284 1c0097bc 90848c13 addi             x24, x9, -1784      x24=1000090c  x9:10001004
20407085ns          339323 1c0097c0 00e787b3 add              x15, x15, x14       x15=00000012 x15:fffffffd x14:00000015
20407125ns          339325 1c0097c2 70f42823 sw               x15, 1808(x8)       x15:00000012  x8:10000004  PA:10000714
20407144ns          339326 1c0097c6 11442783 lw               x15, 276(x8)        x15=fffffffc  x8:10000004  PA:10000118
20407164ns          339327 1c0097ca 01442703 lw               x14, 20(x8)         x14=00000014  x8:10000004  PA:10000018
20407184ns          339328 1c0097cc a0848b13 addi             x22, x9, -1528      x22=10000a0c  x9:10001004
20407662ns          339352 1c0097d0 00e787b3 add              x15, x15, x14       x15=00000010 x15:fffffffc x14:00000014
20407701ns          339354 1c0097d2 70f42a23 sw               x15, 1812(x8)       x15:00000010  x8:10000004  PA:10000718
20407721ns          339355 1c0097d6 11842783 lw               x15, 280(x8)        x15=fffffffb  x8:10000004  PA:1000011c
20407741ns          339356 1c0097da 01842703 lw               x14, 24(x8)         x14=00000013  x8:10000004  PA:1000001c
20407761ns          339357 1c0097dc 90c48a93 addi             x21, x9, -1780      x21=10000910  x9:10001004
20408238ns          339381 1c0097e0 00e787b3 add              x15, x15, x14       x15=0000000e x15:fffffffb x14:00000013
20408278ns          339383 1c0097e2 70f42c23 sw               x15, 1816(x8)       x15:0000000e  x8:10000004  PA:1000071c
20408298ns          339384 1c0097e6 11c42783 lw               x15, 284(x8)        x15=fffffffa  x8:10000004  PA:10000120
20408318ns          339385 1c0097ea 01c42703 lw               x14, 28(x8)         x14=00000012  x8:10000004  PA:10000020
20408338ns          339386 1c0097ec 20440d13 addi             x26, x8, 516        x26=10000208  x8:10000004
20408815ns          339410 1c0097f0 00e787b3 add              x15, x15, x14       x15=0000000c x15:fffffffa x14:00000012
20408855ns          339412 1c0097f2 70f42e23 sw               x15, 1820(x8)       x15:0000000c  x8:10000004  PA:10000720
20408875ns          339413 1c0097f6 12042783 lw               x15, 288(x8)        x15=fffffff9  x8:10000004  PA:10000124
20408895ns          339414 1c0097fa 02042703 lw               x14, 32(x8)         x14=00000011  x8:10000004  PA:10000024
20408915ns          339415 1c0097fc 20840b93 addi             x23, x8, 520        x23=1000020c  x8:10000004
20409392ns          339439 1c009800 00e787b3 add              x15, x15, x14       x15=0000000a x15:fffffff9 x14:00000011
20409432ns          339441 1c009802 72f42023 sw               x15, 1824(x8)       x15:0000000a  x8:10000004  PA:10000724
20409452ns          339442 1c009806 12442783 lw               x15, 292(x8)        x15=fffffff8  x8:10000004  PA:10000128
20409472ns          339443 1c00980a 02442703 lw               x14, 36(x8)         x14=00000010  x8:10000004  PA:10000028
20409492ns          339444 1c00980c 20c40a13 addi             x20, x8, 524        x20=10000210  x8:10000004
20409989ns          339469 1c009810 00e787b3 add              x15, x15, x14       x15=00000008 x15:fffffff8 x14:00000010
20410029ns          339471 1c009812 72f42223 sw               x15, 1828(x8)       x15:00000008  x8:10000004  PA:10000728
20410048ns          339472 1c009816 12842783 lw               x15, 296(x8)        x15=fffffff7  x8:10000004  PA:1000012c
20410068ns          339473 1c00981a 02842703 lw               x14, 40(x8)         x14=0000000f  x8:10000004  PA:1000002c
20410108ns          339475 1c00981c 00e787b3 add              x15, x15, x14       x15=00000006 x15:fffffff7 x14:0000000f
20410506ns          339495 1c00981e 72f42423 sw               x15, 1832(x8)       x15:00000006  x8:10000004  PA:1000072c
20410546ns          339497 1c009822 12c42783 lw               x15, 300(x8)        x15=fffffff6  x8:10000004  PA:10000130
20410566ns          339498 1c009826 02c42703 lw               x14, 44(x8)         x14=0000000e  x8:10000004  PA:10000030
20410605ns          339500 1c009828 00e787b3 add              x15, x15, x14       x15=00000004 x15:fffffff6 x14:0000000e
20410625ns          339501 1c00982a 72f42623 sw               x15, 1836(x8)       x15:00000004  x8:10000004  PA:10000730
20411023ns          339521 1c00982e 13042783 lw               x15, 304(x8)        x15=fffffff5  x8:10000004  PA:10000134
20411043ns          339522 1c009832 03042703 lw               x14, 48(x8)         x14=0000000d  x8:10000004  PA:10000034
20411083ns          339524 1c009834 00e787b3 add              x15, x15, x14       x15=00000002 x15:fffffff5 x14:0000000d
20411103ns          339525 1c009836 72f42823 sw               x15, 1840(x8)       x15:00000002  x8:10000004  PA:10000734
20411123ns          339526 1c00983a 13442783 lw               x15, 308(x8)        x15=fffffff4  x8:10000004  PA:10000138
20411142ns          339527 1c00983e 03442703 lw               x14, 52(x8)         x14=0000000c  x8:10000004  PA:10000038
20411540ns          339547 1c009840 00e787b3 add              x15, x15, x14       x15=00000000 x15:fffffff4 x14:0000000c
20411580ns          339549 1c009842 72f42a23 sw               x15, 1844(x8)       x15:00000000  x8:10000004  PA:10000738
20411600ns          339550 1c009846 13842783 lw               x15, 312(x8)        x15=fffffff3  x8:10000004  PA:1000013c
20411620ns          339551 1c00984a 03842703 lw               x14, 56(x8)         x14=0000000b  x8:10000004  PA:1000003c
20411660ns          339553 1c00984c 00e787b3 add              x15, x15, x14       x15=fffffffe x15:fffffff3 x14:0000000b
20412057ns          339573 1c00984e 72f42c23 sw               x15, 1848(x8)       x15:fffffffe  x8:10000004  PA:1000073c
20412097ns          339575 1c009852 13c42783 lw               x15, 316(x8)        x15=fffffff2  x8:10000004  PA:10000140
20412117ns          339576 1c009856 03c42703 lw               x14, 60(x8)         x14=0000000a  x8:10000004  PA:10000040
20412157ns          339578 1c009858 00e787b3 add              x15, x15, x14       x15=fffffffc x15:fffffff2 x14:0000000a
20412177ns          339579 1c00985a 72f42e23 sw               x15, 1852(x8)       x15:fffffffc  x8:10000004  PA:10000740
20412595ns          339600 1c00985e 14042783 lw               x15, 320(x8)        x15=fffffff1  x8:10000004  PA:10000144
20412634ns          339602 1c009862 04042703 lw               x14, 64(x8)         x14=00000009  x8:10000004  PA:10000044
20412674ns          339604 1c009864 00e787b3 add              x15, x15, x14       x15=fffffffa x15:fffffff1 x14:00000009
20412694ns          339605 1c009866 74f42023 sw               x15, 1856(x8)       x15:fffffffa  x8:10000004  PA:10000744
20412714ns          339606 1c00986a 14442783 lw               x15, 324(x8)        x15=fffffff0  x8:10000004  PA:10000148
20412734ns          339607 1c00986e 04442703 lw               x14, 68(x8)         x14=00000008  x8:10000004  PA:10000048
20413112ns          339626 1c009870 00e787b3 add              x15, x15, x14       x15=fffffff8 x15:fffffff0 x14:00000008
20413151ns          339628 1c009872 74f42223 sw               x15, 1860(x8)       x15:fffffff8  x8:10000004  PA:10000748
20413171ns          339629 1c009876 14842783 lw               x15, 328(x8)        x15=ffffffef  x8:10000004  PA:1000014c
20413191ns          339630 1c00987a 04842703 lw               x14, 72(x8)         x14=00000007  x8:10000004  PA:1000004c
20413231ns          339632 1c00987c 00e787b3 add              x15, x15, x14       x15=fffffff6 x15:ffffffef x14:00000007
20413629ns          339652 1c00987e 74f42423 sw               x15, 1864(x8)       x15:fffffff6  x8:10000004  PA:1000074c
20413669ns          339654 1c009882 14c42783 lw               x15, 332(x8)        x15=ffffffee  x8:10000004  PA:10000150
20413688ns          339655 1c009886 04c42703 lw               x14, 76(x8)         x14=00000006  x8:10000004  PA:10000050
20413728ns          339657 1c009888 00e787b3 add              x15, x15, x14       x15=fffffff4 x15:ffffffee x14:00000006
20413748ns          339658 1c00988a 74f42623 sw               x15, 1868(x8)       x15:fffffff4  x8:10000004  PA:10000750
20414146ns          339678 1c00988e 15042783 lw               x15, 336(x8)        x15=ffffffed  x8:10000004  PA:10000154
20414166ns          339679 1c009892 05042703 lw               x14, 80(x8)         x14=00000005  x8:10000004  PA:10000054
20414206ns          339681 1c009894 00e787b3 add              x15, x15, x14       x15=fffffff2 x15:ffffffed x14:00000005
20414226ns          339682 1c009896 74f42823 sw               x15, 1872(x8)       x15:fffffff2  x8:10000004  PA:10000754
20414245ns          339683 1c00989a 15442783 lw               x15, 340(x8)        x15=ffffffec  x8:10000004  PA:10000158
20414265ns          339684 1c00989e 05442703 lw               x14, 84(x8)         x14=00000004  x8:10000004  PA:10000058
20414663ns          339704 1c0098a0 00e787b3 add              x15, x15, x14       x15=fffffff0 x15:ffffffec x14:00000004
20414703ns          339706 1c0098a2 74f42a23 sw               x15, 1876(x8)       x15:fffffff0  x8:10000004  PA:10000758
20414723ns          339707 1c0098a6 15842783 lw               x15, 344(x8)        x15=ffffffeb  x8:10000004  PA:1000015c
20414743ns          339708 1c0098aa 05842703 lw               x14, 88(x8)         x14=00000003  x8:10000004  PA:1000005c
20414782ns          339710 1c0098ac 00e787b3 add              x15, x15, x14       x15=ffffffee x15:ffffffeb x14:00000003
20415180ns          339730 1c0098ae 74f42c23 sw               x15, 1880(x8)       x15:ffffffee  x8:10000004  PA:1000075c
20415220ns          339732 1c0098b2 15c42783 lw               x15, 348(x8)        x15=ffffffea  x8:10000004  PA:10000160
20415240ns          339733 1c0098b6 05c42703 lw               x14, 92(x8)         x14=00000002  x8:10000004  PA:10000060
20415280ns          339735 1c0098b8 00e787b3 add              x15, x15, x14       x15=ffffffec x15:ffffffea x14:00000002
20415300ns          339736 1c0098ba 74f42e23 sw               x15, 1884(x8)       x15:ffffffec  x8:10000004  PA:10000760
20415697ns          339756 1c0098be 16042783 lw               x15, 352(x8)        x15=ffffffe9  x8:10000004  PA:10000164
20415717ns          339757 1c0098c2 06042703 lw               x14, 96(x8)         x14=00000001  x8:10000004  PA:10000064
20415757ns          339759 1c0098c4 00e787b3 add              x15, x15, x14       x15=ffffffea x15:ffffffe9 x14:00000001
20415777ns          339760 1c0098c6 76f42023 sw               x15, 1888(x8)       x15:ffffffea  x8:10000004  PA:10000764
20415797ns          339761 1c0098ca 16442783 lw               x15, 356(x8)        x15=ffffffe8  x8:10000004  PA:10000168
20415817ns          339762 1c0098ce 06442703 lw               x14, 100(x8)        x14=00000000  x8:10000004  PA:10000068
20416215ns          339782 1c0098d0 00e787b3 add              x15, x15, x14       x15=ffffffe8 x15:ffffffe8 x14:00000000
20416254ns          339784 1c0098d2 76f42223 sw               x15, 1892(x8)       x15:ffffffe8  x8:10000004  PA:10000768
20416274ns          339785 1c0098d6 16842783 lw               x15, 360(x8)        x15=ffffffe7  x8:10000004  PA:1000016c
20416294ns          339786 1c0098da 06842703 lw               x14, 104(x8)        x14=ffffffff  x8:10000004  PA:1000006c
20416334ns          339788 1c0098dc 00e787b3 add              x15, x15, x14       x15=ffffffe6 x15:ffffffe7 x14:ffffffff
20416752ns          339809 1c0098de 76f42423 sw               x15, 1896(x8)       x15:ffffffe6  x8:10000004  PA:1000076c
20416791ns          339811 1c0098e2 16c42783 lw               x15, 364(x8)        x15=ffffffe6  x8:10000004  PA:10000170
20416811ns          339812 1c0098e6 06c42703 lw               x14, 108(x8)        x14=fffffffe  x8:10000004  PA:10000070
20416851ns          339814 1c0098e8 00e787b3 add              x15, x15, x14       x15=ffffffe4 x15:ffffffe6 x14:fffffffe
20416871ns          339815 1c0098ea 76f42623 sw               x15, 1900(x8)       x15:ffffffe4  x8:10000004  PA:10000770
20417269ns          339835 1c0098ee 17042783 lw               x15, 368(x8)        x15=ffffffe5  x8:10000004  PA:10000174
20417289ns          339836 1c0098f2 07042703 lw               x14, 112(x8)        x14=fffffffd  x8:10000004  PA:10000074
20417329ns          339838 1c0098f4 00e787b3 add              x15, x15, x14       x15=ffffffe2 x15:ffffffe5 x14:fffffffd
20417348ns          339839 1c0098f6 76f42823 sw               x15, 1904(x8)       x15:ffffffe2  x8:10000004  PA:10000774
20417368ns          339840 1c0098fa 17442783 lw               x15, 372(x8)        x15=ffffffe4  x8:10000004  PA:10000178
20417388ns          339841 1c0098fe 07442703 lw               x14, 116(x8)        x14=fffffffc  x8:10000004  PA:10000078
20417786ns          339861 1c009900 00e787b3 add              x15, x15, x14       x15=ffffffe0 x15:ffffffe4 x14:fffffffc
20417826ns          339863 1c009902 76f42a23 sw               x15, 1908(x8)       x15:ffffffe0  x8:10000004  PA:10000778
20417846ns          339864 1c009906 17842783 lw               x15, 376(x8)        x15=ffffffe3  x8:10000004  PA:1000017c
20417866ns          339865 1c00990a 07842703 lw               x14, 120(x8)        x14=fffffffb  x8:10000004  PA:1000007c
20417905ns          339867 1c00990c 00e787b3 add              x15, x15, x14       x15=ffffffde x15:ffffffe3 x14:fffffffb
20418303ns          339887 1c00990e 76f42c23 sw               x15, 1912(x8)       x15:ffffffde  x8:10000004  PA:1000077c
20418343ns          339889 1c009912 17c42783 lw               x15, 380(x8)        x15=ffffffe2  x8:10000004  PA:10000180
20418363ns          339890 1c009916 07c42703 lw               x14, 124(x8)        x14=fffffffa  x8:10000004  PA:10000080
20418403ns          339892 1c009918 00e787b3 add              x15, x15, x14       x15=ffffffdc x15:ffffffe2 x14:fffffffa
20418422ns          339893 1c00991a 76f42e23 sw               x15, 1916(x8)       x15:ffffffdc  x8:10000004  PA:10000780
20418820ns          339913 1c00991e 18042783 lw               x15, 384(x8)        x15=ffffffe1  x8:10000004  PA:10000184
20418860ns          339915 1c009922 08042703 lw               x14, 128(x8)        x14=fffffff9  x8:10000004  PA:10000084
20418900ns          339917 1c009926 00e787b3 add              x15, x15, x14       x15=ffffffda x15:ffffffe1 x14:fffffff9
20418920ns          339918 1c009928 78f42023 sw               x15, 1920(x8)       x15:ffffffda  x8:10000004  PA:10000784
20418940ns          339919 1c00992c 18442783 lw               x15, 388(x8)        x15=ffffffe0  x8:10000004  PA:10000188
20419357ns          339940 1c009930 08442703 lw               x14, 132(x8)        x14=fffffff8  x8:10000004  PA:10000088
20419397ns          339942 1c009934 00e787b3 add              x15, x15, x14       x15=ffffffd8 x15:ffffffe0 x14:fffffff8
20419417ns          339943 1c009936 78f42223 sw               x15, 1924(x8)       x15:ffffffd8  x8:10000004  PA:10000788
20419437ns          339944 1c00993a 18842783 lw               x15, 392(x8)        x15=ffffffdf  x8:10000004  PA:1000018c
20419875ns          339966 1c00993e 08842703 lw               x14, 136(x8)        x14=fffffff7  x8:10000004  PA:1000008c
20419914ns          339968 1c009942 00e787b3 add              x15, x15, x14       x15=ffffffd6 x15:ffffffdf x14:fffffff7
20419934ns          339969 1c009944 78f42423 sw               x15, 1928(x8)       x15:ffffffd6  x8:10000004  PA:1000078c
20419954ns          339970 1c009948 18c42783 lw               x15, 396(x8)        x15=ffffffde  x8:10000004  PA:10000190
20419974ns          339971 1c00994c 08c42703 lw               x14, 140(x8)        x14=fffffff6  x8:10000004  PA:10000090
20420392ns          339992 1c009950 00e787b3 add              x15, x15, x14       x15=ffffffd4 x15:ffffffde x14:fffffff6
20420431ns          339994 1c009952 78f42623 sw               x15, 1932(x8)       x15:ffffffd4  x8:10000004  PA:10000790
20420451ns          339995 1c009956 19042783 lw               x15, 400(x8)        x15=ffffffdd  x8:10000004  PA:10000194
20420471ns          339996 1c00995a 09042703 lw               x14, 144(x8)        x14=fffffff5  x8:10000004  PA:10000094
20420511ns          339998 1c00995e 00e787b3 add              x15, x15, x14       x15=ffffffd2 x15:ffffffdd x14:fffffff5
20420909ns          340018 1c009960 78f42823 sw               x15, 1936(x8)       x15:ffffffd2  x8:10000004  PA:10000794
20420949ns          340020 1c009964 19442783 lw               x15, 404(x8)        x15=ffffffdc  x8:10000004  PA:10000198
20420969ns          340021 1c009968 09442703 lw               x14, 148(x8)        x14=fffffff4  x8:10000004  PA:10000098
20421008ns          340023 1c00996c 00e787b3 add              x15, x15, x14       x15=ffffffd0 x15:ffffffdc x14:fffffff4
20421426ns          340044 1c00996e 78f42a23 sw               x15, 1940(x8)       x15:ffffffd0  x8:10000004  PA:10000798
20421466ns          340046 1c009972 19842783 lw               x15, 408(x8)        x15=ffffffdb  x8:10000004  PA:1000019c
20421486ns          340047 1c009976 09842703 lw               x14, 152(x8)        x14=fffffff3  x8:10000004  PA:1000009c
20421525ns          340049 1c00997a 00e787b3 add              x15, x15, x14       x15=ffffffce x15:ffffffdb x14:fffffff3
20421545ns          340050 1c00997c 78f42c23 sw               x15, 1944(x8)       x15:ffffffce  x8:10000004  PA:1000079c
20421963ns          340071 1c009980 19c42783 lw               x15, 412(x8)        x15=ffffffda  x8:10000004  PA:100001a0
20422003ns          340073 1c009984 09c42703 lw               x14, 156(x8)        x14=fffffff2  x8:10000004  PA:100000a0
20422043ns          340075 1c009988 00e787b3 add              x15, x15, x14       x15=ffffffcc x15:ffffffda x14:fffffff2
20422063ns          340076 1c00998a 78f42e23 sw               x15, 1948(x8)       x15:ffffffcc  x8:10000004  PA:100007a0
20422480ns          340097 1c00998e 1a042783 lw               x15, 416(x8)        x15=ffffffd9  x8:10000004  PA:100001a4
20422520ns          340099 1c009992 0a042703 lw               x14, 160(x8)        x14=fffffff1  x8:10000004  PA:100000a4
20422560ns          340101 1c009996 00e787b3 add              x15, x15, x14       x15=ffffffca x15:ffffffd9 x14:fffffff1
20422580ns          340102 1c009998 7af42023 sw               x15, 1952(x8)       x15:ffffffca  x8:10000004  PA:100007a4
20422600ns          340103 1c00999c 1a442783 lw               x15, 420(x8)        x15=ffffffd8  x8:10000004  PA:100001a8
20422997ns          340123 1c0099a0 0a442703 lw               x14, 164(x8)        x14=fffffff0  x8:10000004  PA:100000a8
20423037ns          340125 1c0099a4 00e787b3 add              x15, x15, x14       x15=ffffffc8 x15:ffffffd8 x14:fffffff0
20423057ns          340126 1c0099a6 7af42223 sw               x15, 1956(x8)       x15:ffffffc8  x8:10000004  PA:100007a8
20423077ns          340127 1c0099aa 1a842783 lw               x15, 424(x8)        x15=ffffffd7  x8:10000004  PA:100001ac
20423515ns          340149 1c0099ae 0a842703 lw               x14, 168(x8)        x14=ffffffef  x8:10000004  PA:100000ac
20423554ns          340151 1c0099b2 00e787b3 add              x15, x15, x14       x15=ffffffc6 x15:ffffffd7 x14:ffffffef
20423574ns          340152 1c0099b4 7af42423 sw               x15, 1960(x8)       x15:ffffffc6  x8:10000004  PA:100007ac
20423594ns          340153 1c0099b8 1ac42783 lw               x15, 428(x8)        x15=ffffffd6  x8:10000004  PA:100001b0
20423614ns          340154 1c0099bc 0ac42703 lw               x14, 172(x8)        x14=ffffffee  x8:10000004  PA:100000b0
20424032ns          340175 1c0099c0 00e787b3 add              x15, x15, x14       x15=ffffffc4 x15:ffffffd6 x14:ffffffee
20424071ns          340177 1c0099c2 7af42623 sw               x15, 1964(x8)       x15:ffffffc4  x8:10000004  PA:100007b0
20424091ns          340178 1c0099c6 1b042783 lw               x15, 432(x8)        x15=ffffffd5  x8:10000004  PA:100001b4
20424111ns          340179 1c0099ca 0b042703 lw               x14, 176(x8)        x14=ffffffed  x8:10000004  PA:100000b4
20424151ns          340181 1c0099ce 00e787b3 add              x15, x15, x14       x15=ffffffc2 x15:ffffffd5 x14:ffffffed
20424569ns          340202 1c0099d0 7af42823 sw               x15, 1968(x8)       x15:ffffffc2  x8:10000004  PA:100007b4
20424609ns          340204 1c0099d4 1b442783 lw               x15, 436(x8)        x15=ffffffd4  x8:10000004  PA:100001b8
20424628ns          340205 1c0099d8 0b442703 lw               x14, 180(x8)        x14=ffffffec  x8:10000004  PA:100000b8
20424668ns          340207 1c0099dc 00e787b3 add              x15, x15, x14       x15=ffffffc0 x15:ffffffd4 x14:ffffffec
20425086ns          340228 1c0099de 7af42a23 sw               x15, 1972(x8)       x15:ffffffc0  x8:10000004  PA:100007b8
20425126ns          340230 1c0099e2 1b842783 lw               x15, 440(x8)        x15=ffffffd3  x8:10000004  PA:100001bc
20425146ns          340231 1c0099e6 0b842703 lw               x14, 184(x8)        x14=ffffffeb  x8:10000004  PA:100000bc
20425185ns          340233 1c0099ea 00e787b3 add              x15, x15, x14       x15=ffffffbe x15:ffffffd3 x14:ffffffeb
20425205ns          340234 1c0099ec 7af42c23 sw               x15, 1976(x8)       x15:ffffffbe  x8:10000004  PA:100007bc
20425603ns          340254 1c0099f0 1bc42783 lw               x15, 444(x8)        x15=ffffffd2  x8:10000004  PA:100001c0
20425643ns          340256 1c0099f4 0bc42703 lw               x14, 188(x8)        x14=ffffffea  x8:10000004  PA:100000c0
20425683ns          340258 1c0099f8 00e787b3 add              x15, x15, x14       x15=ffffffbc x15:ffffffd2 x14:ffffffea
20425703ns          340259 1c0099fa 7af42e23 sw               x15, 1980(x8)       x15:ffffffbc  x8:10000004  PA:100007c0
20426120ns          340280 1c0099fe 1c042783 lw               x15, 448(x8)        x15=ffffffd1  x8:10000004  PA:100001c4
20426160ns          340282 1c009a02 0c042703 lw               x14, 192(x8)        x14=ffffffe9  x8:10000004  PA:100000c4
20426200ns          340284 1c009a06 00e787b3 add              x15, x15, x14       x15=ffffffba x15:ffffffd1 x14:ffffffe9
20426220ns          340285 1c009a08 7cf42023 sw               x15, 1984(x8)       x15:ffffffba  x8:10000004  PA:100007c4
20426240ns          340286 1c009a0c 1c442783 lw               x15, 452(x8)        x15=ffffffd0  x8:10000004  PA:100001c8
20426637ns          340306 1c009a10 0c442703 lw               x14, 196(x8)        x14=ffffffe8  x8:10000004  PA:100000c8
20426677ns          340308 1c009a14 00e787b3 add              x15, x15, x14       x15=ffffffb8 x15:ffffffd0 x14:ffffffe8
20426697ns          340309 1c009a16 7cf42223 sw               x15, 1988(x8)       x15:ffffffb8  x8:10000004  PA:100007c8
20426717ns          340310 1c009a1a 1c842783 lw               x15, 456(x8)        x15=ffffffcf  x8:10000004  PA:100001cc
20427155ns          340332 1c009a1e 0c842703 lw               x14, 200(x8)        x14=ffffffe7  x8:10000004  PA:100000cc
20427194ns          340334 1c009a22 00e787b3 add              x15, x15, x14       x15=ffffffb6 x15:ffffffcf x14:ffffffe7
20427214ns          340335 1c009a24 7cf42423 sw               x15, 1992(x8)       x15:ffffffb6  x8:10000004  PA:100007cc
20427234ns          340336 1c009a28 1cc42783 lw               x15, 460(x8)        x15=ffffffce  x8:10000004  PA:100001d0
20427254ns          340337 1c009a2c 0cc42703 lw               x14, 204(x8)        x14=ffffffe6  x8:10000004  PA:100000d0
20427672ns          340358 1c009a30 00e787b3 add              x15, x15, x14       x15=ffffffb4 x15:ffffffce x14:ffffffe6
20427711ns          340360 1c009a32 7cf42623 sw               x15, 1996(x8)       x15:ffffffb4  x8:10000004  PA:100007d0
20427731ns          340361 1c009a36 1d042783 lw               x15, 464(x8)        x15=ffffffcd  x8:10000004  PA:100001d4
20427751ns          340362 1c009a3a 0d042703 lw               x14, 208(x8)        x14=ffffffe5  x8:10000004  PA:100000d4
20427811ns          340365 1c009a3e 00e787b3 add              x15, x15, x14       x15=ffffffb2 x15:ffffffcd x14:ffffffe5
20428189ns          340384 1c009a40 7cf42823 sw               x15, 2000(x8)       x15:ffffffb2  x8:10000004  PA:100007d4
20428229ns          340386 1c009a44 1d442783 lw               x15, 468(x8)        x15=ffffffcc  x8:10000004  PA:100001d8
20428249ns          340387 1c009a48 0d442703 lw               x14, 212(x8)        x14=ffffffe4  x8:10000004  PA:100000d8
20428288ns          340389 1c009a4c 00e787b3 add              x15, x15, x14       x15=ffffffb0 x15:ffffffcc x14:ffffffe4
20428726ns          340411 1c009a4e 7cf42a23 sw               x15, 2004(x8)       x15:ffffffb0  x8:10000004  PA:100007d8
20428766ns          340413 1c009a52 1d842783 lw               x15, 472(x8)        x15=ffffffcb  x8:10000004  PA:100001dc
20428786ns          340414 1c009a56 0d842703 lw               x14, 216(x8)        x14=ffffffe3  x8:10000004  PA:100000dc
20428825ns          340416 1c009a5a 00e787b3 add              x15, x15, x14       x15=ffffffae x15:ffffffcb x14:ffffffe3
20428845ns          340417 1c009a5c 7cf42c23 sw               x15, 2008(x8)       x15:ffffffae  x8:10000004  PA:100007dc
20429243ns          340437 1c009a60 1dc42783 lw               x15, 476(x8)        x15=ffffffca  x8:10000004  PA:100001e0
20429283ns          340439 1c009a64 0dc42703 lw               x14, 220(x8)        x14=ffffffe2  x8:10000004  PA:100000e0
20429323ns          340441 1c009a68 00e787b3 add              x15, x15, x14       x15=ffffffac x15:ffffffca x14:ffffffe2
20429343ns          340442 1c009a6a 7cf42e23 sw               x15, 2012(x8)       x15:ffffffac  x8:10000004  PA:100007e0
20429760ns          340463 1c009a6e 1e042783 lw               x15, 480(x8)        x15=ffffffc9  x8:10000004  PA:100001e4
20429800ns          340465 1c009a72 0e042703 lw               x14, 224(x8)        x14=ffffffe1  x8:10000004  PA:100000e4
20429840ns          340467 1c009a76 00e787b3 add              x15, x15, x14       x15=ffffffaa x15:ffffffc9 x14:ffffffe1
20429860ns          340468 1c009a78 7ef42023 sw               x15, 2016(x8)       x15:ffffffaa  x8:10000004  PA:100007e4
20429880ns          340469 1c009a7c 1e442783 lw               x15, 484(x8)        x15=ffffffc8  x8:10000004  PA:100001e8
20430277ns          340489 1c009a80 0e442703 lw               x14, 228(x8)        x14=ffffffe0  x8:10000004  PA:100000e8
20430317ns          340491 1c009a84 00e787b3 add              x15, x15, x14       x15=ffffffa8 x15:ffffffc8 x14:ffffffe0
20430337ns          340492 1c009a86 7ef42223 sw               x15, 2020(x8)       x15:ffffffa8  x8:10000004  PA:100007e8
20430357ns          340493 1c009a8a 1e842783 lw               x15, 488(x8)        x15=ffffffc7  x8:10000004  PA:100001ec
20430795ns          340515 1c009a8e 0e842703 lw               x14, 232(x8)        x14=ffffffdf  x8:10000004  PA:100000ec
20430834ns          340517 1c009a92 00e787b3 add              x15, x15, x14       x15=ffffffa6 x15:ffffffc7 x14:ffffffdf
20430854ns          340518 1c009a94 7ef42423 sw               x15, 2024(x8)       x15:ffffffa6  x8:10000004  PA:100007ec
20430874ns          340519 1c009a98 1ec42783 lw               x15, 492(x8)        x15=ffffffc6  x8:10000004  PA:100001f0
20430894ns          340520 1c009a9c 0ec42703 lw               x14, 236(x8)        x14=ffffffde  x8:10000004  PA:100000f0
20431332ns          340542 1c009aa0 00e787b3 add              x15, x15, x14       x15=ffffffa4 x15:ffffffc6 x14:ffffffde
20431371ns          340544 1c009aa2 7ef42623 sw               x15, 2028(x8)       x15:ffffffa4  x8:10000004  PA:100007f0
20431391ns          340545 1c009aa6 1f042783 lw               x15, 496(x8)        x15=ffffffc5  x8:10000004  PA:100001f4
20431411ns          340546 1c009aaa 0f042703 lw               x14, 240(x8)        x14=ffffffdd  x8:10000004  PA:100000f4
20431451ns          340548 1c009aae 00e787b3 add              x15, x15, x14       x15=ffffffa2 x15:ffffffc5 x14:ffffffdd
20431849ns          340568 1c009ab0 7ef42823 sw               x15, 2032(x8)       x15:ffffffa2  x8:10000004  PA:100007f4
20431889ns          340570 1c009ab4 1f442783 lw               x15, 500(x8)        x15=ffffffc4  x8:10000004  PA:100001f8
20431908ns          340571 1c009ab8 0f442703 lw               x14, 244(x8)        x14=ffffffdc  x8:10000004  PA:100000f8
20431948ns          340573 1c009abc 00e787b3 add              x15, x15, x14       x15=ffffffa0 x15:ffffffc4 x14:ffffffdc
20432366ns          340594 1c009abe 7ef42a23 sw               x15, 2036(x8)       x15:ffffffa0  x8:10000004  PA:100007f8
20432406ns          340596 1c009ac2 1f842783 lw               x15, 504(x8)        x15=ffffffc3  x8:10000004  PA:100001fc
20432426ns          340597 1c009ac6 0f842703 lw               x14, 248(x8)        x14=ffffffdb  x8:10000004  PA:100000fc
20432465ns          340599 1c009aca 00e787b3 add              x15, x15, x14       x15=ffffff9e x15:ffffffc3 x14:ffffffdb
20432485ns          340600 1c009acc 7ef42c23 sw               x15, 2040(x8)       x15:ffffff9e  x8:10000004  PA:100007fc
20432883ns          340620 1c009ad0 1fc42783 lw               x15, 508(x8)        x15=ffffffc2  x8:10000004  PA:10000200
20432923ns          340622 1c009ad4 0fc42703 lw               x14, 252(x8)        x14=ffffffda  x8:10000004  PA:10000100
20432963ns          340624 1c009ad8 00e787b3 add              x15, x15, x14       x15=ffffff9c x15:ffffffc2 x14:ffffffda
20432983ns          340625 1c009ada 7ef42e23 sw               x15, 2044(x8)       x15:ffffff9c  x8:10000004  PA:10000800
20433400ns          340646 1c009ade 2cd010ef jal              x1, 6860             x1=1c009ae2
20433520ns          340652 1c00b5aa f14027f3 csrrs            x15, x0, 0xf14      x15=00000002
20433539ns          340653 1c00b5ae 01f00713 addi             x14, x0, 31         x14=0000001f
20433579ns          340655 1c00b5b0 ca5797b3 p.extractu       x15, x15, 5, 5      x15=00000000 x15:00000002
20433619ns          340657 1c00b5b4 00e78863 beq              x15, x14, 16        x15:00000000 x14:0000001f
20433639ns          340658 1c00b5b8 002047b7 lui              x15, 0x204000       x15=00204000
20433659ns          340659 1c00b5bc 20078793 addi             x15, x15, 512       x15=00204200 x15:00204000
20433718ns          340662 1c00b5c0 01c7e703 p.elw            x14, 28(x15)        x14=00010000 x15:00204200  PA:0020421c
20467195ns          342345 1c00b5c4 00008067 jalr             x0, x1, 0            x1:1c009ae2
20467254ns          342348 1c009ae2 100015b7 lui              x11, 0x10001000     x11=10001000
20467274ns          342349 1c009ae6 10001637 lui              x12, 0x10001000     x12=10001000
20467294ns          342350 1c009aea a0c48093 addi             x1, x9, -1524        x1=10000a10  x9:10001004
20468050ns          342388 1c009aee 91048393 addi             x7, x9, -1776        x7=10000914  x9:10001004
20468090ns          342390 1c009af2 a1048f93 addi             x31, x9, -1520      x31=10000a14  x9:10001004
20468110ns          342391 1c009af6 91448f13 addi             x30, x9, -1772      x30=10000918  x9:10001004
20468129ns          342392 1c009afa a1448e13 addi             x28, x9, -1516      x28=10000a18  x9:10001004
20468627ns          342417 1c009afe 91848313 addi             x6, x9, -1768        x6=1000091c  x9:10001004
20468667ns          342419 1c009b02 a1848813 addi             x16, x9, -1512      x16=10000a1c  x9:10001004
20468686ns          342420 1c009b06 91c48513 addi             x10, x9, -1764      x10=10000920  x9:10001004
20468706ns          342421 1c009b0a 00000793 addi             x15, x0, 0          x15=00000000
20468726ns          342422 1c009b0c 90458593 addi             x11, x11, -1788     x11=10000904 x11:10001000
20469144ns          342443 1c009b10 a0460613 addi             x12, x12, -1532     x12=10000a04 x12:10001000
20469184ns          342445 1c009b14 21040293 addi             x5, x8, 528          x5=10000214  x8:10000004
20469204ns          342446 1c009b18 21440e93 addi             x29, x8, 532        x29=10000218  x8:10000004
20469223ns          342447 1c009b1c 21840893 addi             x17, x8, 536        x17=1000021c  x8:10000004
20469661ns          342469 1c009b20 00800493 addi             x9, x0, 8            x9=00000008
20469681ns          342470 1c009b22 00812623 sw               x8, 12(x2)           x8:10000004  x2:10002798  PA:100027a4
20469701ns          342471 1c009b24 0424c0fb lp.setup         0x1, x9, 0x42        x9:00000008
20469721ns          342472 1c009b28 20f5f703 lw               x14, x15(x11)       x14=0000036c x15:00000000 x11:10000904  PA:10000904
20469741ns          342473 1c009b2c 20f9f683 lw               x13, x15(x19)       x13=00000009 x15:00000000 x19:10000204  PA:10000204
20470178ns          342495 1c009b30 10000437 lui              x8, 0x10000000       x8=10000000
20470218ns          342497 1c009b34 00d70733 add              x14, x14, x13       x14=00000375 x14:0000036c x13:00000009
20470238ns          342498 1c009b36 00e667a3 p.sw             x14, x0(x12)        x14:00000375 x12:10000a04  PA:10000a04
20470258ns          342499 1c009b3a 20fdf703 lw               x14, x15(x27)       x14=00000380 x15:00000000 x27:10000908  PA:10000908
20470695ns          342521 1c009b3e 20fd7683 lw               x13, x15(x26)       x13=00000008 x15:00000000 x26:10000208  PA:10000208
20470735ns          342523 1c009b42 22040413 addi             x8, x8, 544          x8=10000220  x8:10000000
20470755ns          342524 1c009b46 00d70733 add              x14, x14, x13       x14=00000388 x14:00000380 x13:00000008
20470775ns          342525 1c009b48 00ece7a3 p.sw             x14, x0(x25)        x14:00000388 x25:10000a08  PA:10000a08
20470795ns          342526 1c009b4c 20fc7703 lw               x14, x15(x24)       x14=00000394 x15:00000000 x24:1000090c  PA:1000090c
20471232ns          342548 1c009b50 20fbf683 lw               x13, x15(x23)       x13=00000007 x15:00000000 x23:1000020c  PA:1000020c
20471292ns          342551 1c009b54 00d70733 add              x14, x14, x13       x14=0000039b x14:00000394 x13:00000007
20471312ns          342552 1c009b56 00eb67a3 p.sw             x14, x0(x22)        x14:0000039b x22:10000a0c  PA:10000a0c
20471332ns          342553 1c009b5a 20faf703 lw               x14, x15(x21)       x14=000003a8 x15:00000000 x21:10000910  PA:10000910
20471750ns          342574 1c009b5e 20fa7683 lw               x13, x15(x20)       x13=00000006 x15:00000000 x20:10000210  PA:10000210
20471809ns          342577 1c009b62 00d70733 add              x14, x14, x13       x14=000003ae x14:000003a8 x13:00000006
20471829ns          342578 1c009b64 00e0e7a3 p.sw             x14, x0(x1)         x14:000003ae  x1:10000a10  PA:10000a10
20471849ns          342579 1c009b68 20f3f703 lw               x14, x15(x7)        x14=000003bc x15:00000000  x7:10000914  PA:10000914
20471869ns          342580 1c009b6c 20f2f683 lw               x13, x15(x5)        x13=00000005 x15:00000000  x5:10000214  PA:10000214
20472267ns          342600 1c009b70 00d70733 add              x14, x14, x13       x14=000003c1 x14:000003bc x13:00000005
20472307ns          342602 1c009b72 00efe7a3 p.sw             x14, x0(x31)        x14:000003c1 x31:10000a14  PA:10000a14
20472326ns          342603 1c009b76 20ff7703 lw               x14, x15(x30)       x14=000003d0 x15:00000000 x30:10000918  PA:10000918
20472346ns          342604 1c009b7a 20fef683 lw               x13, x15(x29)       x13=00000004 x15:00000000 x29:10000218  PA:10000218
20472386ns          342606 1c009b7e 00d70733 add              x14, x14, x13       x14=000003d4 x14:000003d0 x13:00000004
20472784ns          342626 1c009b80 00ee67a3 p.sw             x14, x0(x28)        x14:000003d4 x28:10000a18  PA:10000a18
20472824ns          342628 1c009b84 20f37703 lw               x14, x15(x6)        x14=000003e4 x15:00000000  x6:1000091c  PA:1000091c
20472844ns          342629 1c009b88 20f8f683 lw               x13, x15(x17)       x13=00000003 x15:00000000 x17:1000021c  PA:1000021c
20472883ns          342631 1c009b8c 00d70733 add              x14, x14, x13       x14=000003e7 x14:000003e4 x13:00000003
20473301ns          342652 1c009b8e 00e867a3 p.sw             x14, x0(x16)        x14:000003e7 x16:10000a1c  PA:10000a1c
20473341ns          342654 1c009b92 20f57703 lw               x14, x15(x10)       x14=000003f8 x15:00000000 x10:10000920  PA:10000920
20473361ns          342655 1c009b96 20f47683 lw               x13, x15(x8)        x13=00000002 x15:00000000  x8:10000220  PA:10000220
20473401ns          342657 1c009b9a 00d70733 add              x14, x14, x13       x14=000003fa x14:000003f8 x13:00000002
20473420ns          342658 1c009b9c 100016b7 lui              x13, 0x10001000     x13=10001000
20473838ns          342679 1c009ba0 a2068693 addi             x13, x13, -1504     x13=10000a20 x13:10001000
20473878ns          342681 1c009ba4 00e6e7a3 p.sw             x14, x0(x13)        x14:000003fa x13:10000a20  PA:10000a20
20473898ns          342682 1c009ba8 02078793 addi             x15, x15, 32        x15=00000020 x15:00000000
20473918ns          342683 1c009b28 20f5f703 lw               x14, x15(x11)       x14=00000a2c x15:00000020 x11:10000904  PA:10000924
20473938ns          342684 1c009b2c 20f9f683 lw               x13, x15(x19)       x13=00000001 x15:00000020 x19:10000204  PA:10000224
20473957ns          342685 1c009b30 10000437 lui              x8, 0x10000000       x8=10000000
20473977ns          342686 1c009b34 00d70733 add              x14, x14, x13       x14=00000a2d x14:00000a2c x13:00000001
20473997ns          342687 1c009b36 00e667a3 p.sw             x14, x0(x12)        x14:00000a2d x12:10000a04  PA:10000a24
20474017ns          342688 1c009b3a 20fdf703 lw               x14, x15(x27)       x14=00000a80 x15:00000020 x27:10000908  PA:10000928
20474037ns          342689 1c009b3e 20fd7683 lw               x13, x15(x26)       x13=00000000 x15:00000020 x26:10000208  PA:10000228
20474057ns          342690 1c009b42 22040413 addi             x8, x8, 544          x8=10000220  x8:10000000
20474077ns          342691 1c009b46 00d70733 add              x14, x14, x13       x14=00000a80 x14:00000a80 x13:00000000
20474097ns          342692 1c009b48 00ece7a3 p.sw             x14, x0(x25)        x14:00000a80 x25:10000a08  PA:10000a28
20474117ns          342693 1c009b4c 20fc7703 lw               x14, x15(x24)       x14=00000ad4 x15:00000020 x24:1000090c  PA:1000092c
20474136ns          342694 1c009b50 20fbf683 lw               x13, x15(x23)       x13=ffffffff x15:00000020 x23:1000020c  PA:1000022c
20474176ns          342696 1c009b54 00d70733 add              x14, x14, x13       x14=00000ad3 x14:00000ad4 x13:ffffffff
20474196ns          342697 1c009b56 00eb67a3 p.sw             x14, x0(x22)        x14:00000ad3 x22:10000a0c  PA:10000a2c
20474216ns          342698 1c009b5a 20faf703 lw               x14, x15(x21)       x14=00000b28 x15:00000020 x21:10000910  PA:10000930
20474236ns          342699 1c009b5e 20fa7683 lw               x13, x15(x20)       x13=fffffffe x15:00000020 x20:10000210  PA:10000230
20474276ns          342701 1c009b62 00d70733 add              x14, x14, x13       x14=00000b26 x14:00000b28 x13:fffffffe
20474296ns          342702 1c009b64 00e0e7a3 p.sw             x14, x0(x1)         x14:00000b26  x1:10000a10  PA:10000a30
20474316ns          342703 1c009b68 20f3f703 lw               x14, x15(x7)        x14=00000b7c x15:00000020  x7:10000914  PA:10000934
20474335ns          342704 1c009b6c 20f2f683 lw               x13, x15(x5)        x13=fffffffd x15:00000020  x5:10000214  PA:10000234
20474375ns          342706 1c009b70 00d70733 add              x14, x14, x13       x14=00000b79 x14:00000b7c x13:fffffffd
20474395ns          342707 1c009b72 00efe7a3 p.sw             x14, x0(x31)        x14:00000b79 x31:10000a14  PA:10000a34
20474415ns          342708 1c009b76 20ff7703 lw               x14, x15(x30)       x14=00000bd0 x15:00000020 x30:10000918  PA:10000938
20474435ns          342709 1c009b7a 20fef683 lw               x13, x15(x29)       x13=fffffffc x15:00000020 x29:10000218  PA:10000238
20474475ns          342711 1c009b7e 00d70733 add              x14, x14, x13       x14=00000bcc x14:00000bd0 x13:fffffffc
20474495ns          342712 1c009b80 00ee67a3 p.sw             x14, x0(x28)        x14:00000bcc x28:10000a18  PA:10000a38
20474514ns          342713 1c009b84 20f37703 lw               x14, x15(x6)        x14=00000c24 x15:00000020  x6:1000091c  PA:1000093c
20474534ns          342714 1c009b88 20f8f683 lw               x13, x15(x17)       x13=fffffffb x15:00000020 x17:1000021c  PA:1000023c
20474574ns          342716 1c009b8c 00d70733 add              x14, x14, x13       x14=00000c1f x14:00000c24 x13:fffffffb
20474594ns          342717 1c009b8e 00e867a3 p.sw             x14, x0(x16)        x14:00000c1f x16:10000a1c  PA:10000a3c
20474634ns          342719 1c009b92 20f57703 lw               x14, x15(x10)       x14=00000c78 x15:00000020 x10:10000920  PA:10000940
20474654ns          342720 1c009b96 20f47683 lw               x13, x15(x8)        x13=fffffffa x15:00000020  x8:10000220  PA:10000240
20474693ns          342722 1c009b9a 00d70733 add              x14, x14, x13       x14=00000c72 x14:00000c78 x13:fffffffa
20474713ns          342723 1c009b9c 100016b7 lui              x13, 0x10001000     x13=10001000
20474733ns          342724 1c009ba0 a2068693 addi             x13, x13, -1504     x13=10000a20 x13:10001000
20474753ns          342725 1c009ba4 00e6e7a3 p.sw             x14, x0(x13)        x14:00000c72 x13:10000a20  PA:10000a40
20474773ns          342726 1c009ba8 02078793 addi             x15, x15, 32        x15=00000040 x15:00000020
20474793ns          342727 1c009b28 20f5f703 lw               x14, x15(x11)       x14=000010ec x15:00000040 x11:10000904  PA:10000944
20474813ns          342728 1c009b2c 20f9f683 lw               x13, x15(x19)       x13=fffffff9 x15:00000040 x19:10000204  PA:10000244
20474833ns          342729 1c009b30 10000437 lui              x8, 0x10000000       x8=10000000
20474853ns          342730 1c009b34 00d70733 add              x14, x14, x13       x14=000010e5 x14:000010ec x13:fffffff9
20474872ns          342731 1c009b36 00e667a3 p.sw             x14, x0(x12)        x14:000010e5 x12:10000a04  PA:10000a44
20474892ns          342732 1c009b3a 20fdf703 lw               x14, x15(x27)       x14=00001180 x15:00000040 x27:10000908  PA:10000948
20474912ns          342733 1c009b3e 20fd7683 lw               x13, x15(x26)       x13=fffffff8 x15:00000040 x26:10000208  PA:10000248
20474932ns          342734 1c009b42 22040413 addi             x8, x8, 544          x8=10000220  x8:10000000
20474952ns          342735 1c009b46 00d70733 add              x14, x14, x13       x14=00001178 x14:00001180 x13:fffffff8
20474972ns          342736 1c009b48 00ece7a3 p.sw             x14, x0(x25)        x14:00001178 x25:10000a08  PA:10000a48
20474992ns          342737 1c009b4c 20fc7703 lw               x14, x15(x24)       x14=00001214 x15:00000040 x24:1000090c  PA:1000094c
20475012ns          342738 1c009b50 20fbf683 lw               x13, x15(x23)       x13=fffffff7 x15:00000040 x23:1000020c  PA:1000024c
20475051ns          342740 1c009b54 00d70733 add              x14, x14, x13       x14=0000120b x14:00001214 x13:fffffff7
20475071ns          342741 1c009b56 00eb67a3 p.sw             x14, x0(x22)        x14:0000120b x22:10000a0c  PA:10000a4c
20475091ns          342742 1c009b5a 20faf703 lw               x14, x15(x21)       x14=000012a8 x15:00000040 x21:10000910  PA:10000950
20475111ns          342743 1c009b5e 20fa7683 lw               x13, x15(x20)       x13=fffffff6 x15:00000040 x20:10000210  PA:10000250
20475151ns          342745 1c009b62 00d70733 add              x14, x14, x13       x14=0000129e x14:000012a8 x13:fffffff6
20475171ns          342746 1c009b64 00e0e7a3 p.sw             x14, x0(x1)         x14:0000129e  x1:10000a10  PA:10000a50
20475191ns          342747 1c009b68 20f3f703 lw               x14, x15(x7)        x14=0000133c x15:00000040  x7:10000914  PA:10000954
20475211ns          342748 1c009b6c 20f2f683 lw               x13, x15(x5)        x13=fffffff5 x15:00000040  x5:10000214  PA:10000254
20475250ns          342750 1c009b70 00d70733 add              x14, x14, x13       x14=00001331 x14:0000133c x13:fffffff5
20475270ns          342751 1c009b72 00efe7a3 p.sw             x14, x0(x31)        x14:00001331 x31:10000a14  PA:10000a54
20475290ns          342752 1c009b76 20ff7703 lw               x14, x15(x30)       x14=000013d0 x15:00000040 x30:10000918  PA:10000958
20475310ns          342753 1c009b7a 20fef683 lw               x13, x15(x29)       x13=fffffff4 x15:00000040 x29:10000218  PA:10000258
20475350ns          342755 1c009b7e 00d70733 add              x14, x14, x13       x14=000013c4 x14:000013d0 x13:fffffff4
20475370ns          342756 1c009b80 00ee67a3 p.sw             x14, x0(x28)        x14:000013c4 x28:10000a18  PA:10000a58
20475390ns          342757 1c009b84 20f37703 lw               x14, x15(x6)        x14=00001464 x15:00000040  x6:1000091c  PA:1000095c
20475409ns          342758 1c009b88 20f8f683 lw               x13, x15(x17)       x13=fffffff3 x15:00000040 x17:1000021c  PA:1000025c
20475449ns          342760 1c009b8c 00d70733 add              x14, x14, x13       x14=00001457 x14:00001464 x13:fffffff3
20475469ns          342761 1c009b8e 00e867a3 p.sw             x14, x0(x16)        x14:00001457 x16:10000a1c  PA:10000a5c
20475489ns          342762 1c009b92 20f57703 lw               x14, x15(x10)       x14=000014f8 x15:00000040 x10:10000920  PA:10000960
20475509ns          342763 1c009b96 20f47683 lw               x13, x15(x8)        x13=fffffff2 x15:00000040  x8:10000220  PA:10000260
20475549ns          342765 1c009b9a 00d70733 add              x14, x14, x13       x14=000014ea x14:000014f8 x13:fffffff2
20475569ns          342766 1c009b9c 100016b7 lui              x13, 0x10001000     x13=10001000
20475589ns          342767 1c009ba0 a2068693 addi             x13, x13, -1504     x13=10000a20 x13:10001000
20475608ns          342768 1c009ba4 00e6e7a3 p.sw             x14, x0(x13)        x14:000014ea x13:10000a20  PA:10000a60
20475628ns          342769 1c009ba8 02078793 addi             x15, x15, 32        x15=00000060 x15:00000040
20476086ns          342792 1c009b28 20f5f703 lw               x14, x15(x11)       x14=000017ac x15:00000060 x11:10000904  PA:10000964
20476106ns          342793 1c009b2c 20f9f683 lw               x13, x15(x19)       x13=fffffff1 x15:00000060 x19:10000204  PA:10000264
20476145ns          342795 1c009b30 10000437 lui              x8, 0x10000000       x8=10000000
20476165ns          342796 1c009b34 00d70733 add              x14, x14, x13       x14=0000179d x14:000017ac x13:fffffff1
20476185ns          342797 1c009b36 00e667a3 p.sw             x14, x0(x12)        x14:0000179d x12:10000a04  PA:10000a64
20476205ns          342798 1c009b3a 20fdf703 lw               x14, x15(x27)       x14=00001880 x15:00000060 x27:10000908  PA:10000968
20476225ns          342799 1c009b3e 20fd7683 lw               x13, x15(x26)       x13=fffffff0 x15:00000060 x26:10000208  PA:10000268
20476245ns          342800 1c009b42 22040413 addi             x8, x8, 544          x8=10000220  x8:10000000
20476265ns          342801 1c009b46 00d70733 add              x14, x14, x13       x14=00001870 x14:00001880 x13:fffffff0
20476285ns          342802 1c009b48 00ece7a3 p.sw             x14, x0(x25)        x14:00001870 x25:10000a08  PA:10000a68
20476305ns          342803 1c009b4c 20fc7703 lw               x14, x15(x24)       x14=00001954 x15:00000060 x24:1000090c  PA:1000096c
20476324ns          342804 1c009b50 20fbf683 lw               x13, x15(x23)       x13=ffffffef x15:00000060 x23:1000020c  PA:1000026c
20476364ns          342806 1c009b54 00d70733 add              x14, x14, x13       x14=00001943 x14:00001954 x13:ffffffef
20476384ns          342807 1c009b56 00eb67a3 p.sw             x14, x0(x22)        x14:00001943 x22:10000a0c  PA:10000a6c
20476404ns          342808 1c009b5a 20faf703 lw               x14, x15(x21)       x14=00001a28 x15:00000060 x21:10000910  PA:10000970
20476424ns          342809 1c009b5e 20fa7683 lw               x13, x15(x20)       x13=ffffffee x15:00000060 x20:10000210  PA:10000270
20476464ns          342811 1c009b62 00d70733 add              x14, x14, x13       x14=00001a16 x14:00001a28 x13:ffffffee
20476484ns          342812 1c009b64 00e0e7a3 p.sw             x14, x0(x1)         x14:00001a16  x1:10000a10  PA:10000a70
20476503ns          342813 1c009b68 20f3f703 lw               x14, x15(x7)        x14=00001afc x15:00000060  x7:10000914  PA:10000974
20476523ns          342814 1c009b6c 20f2f683 lw               x13, x15(x5)        x13=ffffffed x15:00000060  x5:10000214  PA:10000274
20476563ns          342816 1c009b70 00d70733 add              x14, x14, x13       x14=00001ae9 x14:00001afc x13:ffffffed
20476583ns          342817 1c009b72 00efe7a3 p.sw             x14, x0(x31)        x14:00001ae9 x31:10000a14  PA:10000a74
20476603ns          342818 1c009b76 20ff7703 lw               x14, x15(x30)       x14=00001bd0 x15:00000060 x30:10000918  PA:10000978
20476623ns          342819 1c009b7a 20fef683 lw               x13, x15(x29)       x13=ffffffec x15:00000060 x29:10000218  PA:10000278
20476663ns          342821 1c009b7e 00d70733 add              x14, x14, x13       x14=00001bbc x14:00001bd0 x13:ffffffec
20476683ns          342822 1c009b80 00ee67a3 p.sw             x14, x0(x28)        x14:00001bbc x28:10000a18  PA:10000a78
20476702ns          342823 1c009b84 20f37703 lw               x14, x15(x6)        x14=00001ca4 x15:00000060  x6:1000091c  PA:1000097c
20476722ns          342824 1c009b88 20f8f683 lw               x13, x15(x17)       x13=ffffffeb x15:00000060 x17:1000021c  PA:1000027c
20476762ns          342826 1c009b8c 00d70733 add              x14, x14, x13       x14=00001c8f x14:00001ca4 x13:ffffffeb
20476782ns          342827 1c009b8e 00e867a3 p.sw             x14, x0(x16)        x14:00001c8f x16:10000a1c  PA:10000a7c
20476802ns          342828 1c009b92 20f57703 lw               x14, x15(x10)       x14=00001d78 x15:00000060 x10:10000920  PA:10000980
20476822ns          342829 1c009b96 20f47683 lw               x13, x15(x8)        x13=ffffffea x15:00000060  x8:10000220  PA:10000280
20476862ns          342831 1c009b9a 00d70733 add              x14, x14, x13       x14=00001d62 x14:00001d78 x13:ffffffea
20476881ns          342832 1c009b9c 100016b7 lui              x13, 0x10001000     x13=10001000
20476901ns          342833 1c009ba0 a2068693 addi             x13, x13, -1504     x13=10000a20 x13:10001000
20476921ns          342834 1c009ba4 00e6e7a3 p.sw             x14, x0(x13)        x14:00001d62 x13:10000a20  PA:10000a80
20476941ns          342835 1c009ba8 02078793 addi             x15, x15, 32        x15=00000080 x15:00000060
20476961ns          342836 1c009b28 20f5f703 lw               x14, x15(x11)       x14=00001e6c x15:00000080 x11:10000904  PA:10000984
20476981ns          342837 1c009b2c 20f9f683 lw               x13, x15(x19)       x13=ffffffe9 x15:00000080 x19:10000204  PA:10000284
20477001ns          342838 1c009b30 10000437 lui              x8, 0x10000000       x8=10000000
20477021ns          342839 1c009b34 00d70733 add              x14, x14, x13       x14=00001e55 x14:00001e6c x13:ffffffe9
20477041ns          342840 1c009b36 00e667a3 p.sw             x14, x0(x12)        x14:00001e55 x12:10000a04  PA:10000a84
20477060ns          342841 1c009b3a 20fdf703 lw               x14, x15(x27)       x14=00001f80 x15:00000080 x27:10000908  PA:10000988
20477080ns          342842 1c009b3e 20fd7683 lw               x13, x15(x26)       x13=ffffffe8 x15:00000080 x26:10000208  PA:10000288
20477100ns          342843 1c009b42 22040413 addi             x8, x8, 544          x8=10000220  x8:10000000
20477120ns          342844 1c009b46 00d70733 add              x14, x14, x13       x14=00001f68 x14:00001f80 x13:ffffffe8
20477140ns          342845 1c009b48 00ece7a3 p.sw             x14, x0(x25)        x14:00001f68 x25:10000a08  PA:10000a88
20477160ns          342846 1c009b4c 20fc7703 lw               x14, x15(x24)       x14=00002094 x15:00000080 x24:1000090c  PA:1000098c
20477180ns          342847 1c009b50 20fbf683 lw               x13, x15(x23)       x13=ffffffe7 x15:00000080 x23:1000020c  PA:1000028c
20477220ns          342849 1c009b54 00d70733 add              x14, x14, x13       x14=0000207b x14:00002094 x13:ffffffe7
20477239ns          342850 1c009b56 00eb67a3 p.sw             x14, x0(x22)        x14:0000207b x22:10000a0c  PA:10000a8c
20477259ns          342851 1c009b5a 20faf703 lw               x14, x15(x21)       x14=000021a8 x15:00000080 x21:10000910  PA:10000990
20477279ns          342852 1c009b5e 20fa7683 lw               x13, x15(x20)       x13=ffffffe6 x15:00000080 x20:10000210  PA:10000290
20477319ns          342854 1c009b62 00d70733 add              x14, x14, x13       x14=0000218e x14:000021a8 x13:ffffffe6
20477339ns          342855 1c009b64 00e0e7a3 p.sw             x14, x0(x1)         x14:0000218e  x1:10000a10  PA:10000a90
20477359ns          342856 1c009b68 20f3f703 lw               x14, x15(x7)        x14=000022bc x15:00000080  x7:10000914  PA:10000994
20477379ns          342857 1c009b6c 20f2f683 lw               x13, x15(x5)        x13=ffffffe5 x15:00000080  x5:10000214  PA:10000294
20477418ns          342859 1c009b70 00d70733 add              x14, x14, x13       x14=000022a1 x14:000022bc x13:ffffffe5
20477438ns          342860 1c009b72 00efe7a3 p.sw             x14, x0(x31)        x14:000022a1 x31:10000a14  PA:10000a94
20477458ns          342861 1c009b76 20ff7703 lw               x14, x15(x30)       x14=000023d0 x15:00000080 x30:10000918  PA:10000998
20477478ns          342862 1c009b7a 20fef683 lw               x13, x15(x29)       x13=ffffffe4 x15:00000080 x29:10000218  PA:10000298
20477518ns          342864 1c009b7e 00d70733 add              x14, x14, x13       x14=000023b4 x14:000023d0 x13:ffffffe4
20477538ns          342865 1c009b80 00ee67a3 p.sw             x14, x0(x28)        x14:000023b4 x28:10000a18  PA:10000a98
20477558ns          342866 1c009b84 20f37703 lw               x14, x15(x6)        x14=000024e4 x15:00000080  x6:1000091c  PA:1000099c
20477578ns          342867 1c009b88 20f8f683 lw               x13, x15(x17)       x13=ffffffe3 x15:00000080 x17:1000021c  PA:1000029c
20477617ns          342869 1c009b8c 00d70733 add              x14, x14, x13       x14=000024c7 x14:000024e4 x13:ffffffe3
20477637ns          342870 1c009b8e 00e867a3 p.sw             x14, x0(x16)        x14:000024c7 x16:10000a1c  PA:10000a9c
20477657ns          342871 1c009b92 20f57703 lw               x14, x15(x10)       x14=000025f8 x15:00000080 x10:10000920  PA:100009a0
20477677ns          342872 1c009b96 20f47683 lw               x13, x15(x8)        x13=ffffffe2 x15:00000080  x8:10000220  PA:100002a0
20477717ns          342874 1c009b9a 00d70733 add              x14, x14, x13       x14=000025da x14:000025f8 x13:ffffffe2
20477737ns          342875 1c009b9c 100016b7 lui              x13, 0x10001000     x13=10001000
20477757ns          342876 1c009ba0 a2068693 addi             x13, x13, -1504     x13=10000a20 x13:10001000
20477776ns          342877 1c009ba4 00e6e7a3 p.sw             x14, x0(x13)        x14:000025da x13:10000a20  PA:10000aa0
20477796ns          342878 1c009ba8 02078793 addi             x15, x15, 32        x15=000000a0 x15:00000080
20477816ns          342879 1c009b28 20f5f703 lw               x14, x15(x11)       x14=0000252c x15:000000a0 x11:10000904  PA:100009a4
20477836ns          342880 1c009b2c 20f9f683 lw               x13, x15(x19)       x13=ffffffe1 x15:000000a0 x19:10000204  PA:100002a4
20477856ns          342881 1c009b30 10000437 lui              x8, 0x10000000       x8=10000000
20477876ns          342882 1c009b34 00d70733 add              x14, x14, x13       x14=0000250d x14:0000252c x13:ffffffe1
20477896ns          342883 1c009b36 00e667a3 p.sw             x14, x0(x12)        x14:0000250d x12:10000a04  PA:10000aa4
20477916ns          342884 1c009b3a 20fdf703 lw               x14, x15(x27)       x14=00002680 x15:000000a0 x27:10000908  PA:100009a8
20477936ns          342885 1c009b3e 20fd7683 lw               x13, x15(x26)       x13=ffffffe0 x15:000000a0 x26:10000208  PA:100002a8
20477956ns          342886 1c009b42 22040413 addi             x8, x8, 544          x8=10000220  x8:10000000
20477975ns          342887 1c009b46 00d70733 add              x14, x14, x13       x14=00002660 x14:00002680 x13:ffffffe0
20477995ns          342888 1c009b48 00ece7a3 p.sw             x14, x0(x25)        x14:00002660 x25:10000a08  PA:10000aa8
20478015ns          342889 1c009b4c 20fc7703 lw               x14, x15(x24)       x14=000027d4 x15:000000a0 x24:1000090c  PA:100009ac
20478035ns          342890 1c009b50 20fbf683 lw               x13, x15(x23)       x13=ffffffdf x15:000000a0 x23:1000020c  PA:100002ac
20478075ns          342892 1c009b54 00d70733 add              x14, x14, x13       x14=000027b3 x14:000027d4 x13:ffffffdf
20478095ns          342893 1c009b56 00eb67a3 p.sw             x14, x0(x22)        x14:000027b3 x22:10000a0c  PA:10000aac
20478115ns          342894 1c009b5a 20faf703 lw               x14, x15(x21)       x14=00002928 x15:000000a0 x21:10000910  PA:100009b0
20478135ns          342895 1c009b5e 20fa7683 lw               x13, x15(x20)       x13=ffffffde x15:000000a0 x20:10000210  PA:100002b0
20478174ns          342897 1c009b62 00d70733 add              x14, x14, x13       x14=00002906 x14:00002928 x13:ffffffde
20478194ns          342898 1c009b64 00e0e7a3 p.sw             x14, x0(x1)         x14:00002906  x1:10000a10  PA:10000ab0
20478214ns          342899 1c009b68 20f3f703 lw               x14, x15(x7)        x14=00002a7c x15:000000a0  x7:10000914  PA:100009b4
20478234ns          342900 1c009b6c 20f2f683 lw               x13, x15(x5)        x13=ffffffdd x15:000000a0  x5:10000214  PA:100002b4
20478274ns          342902 1c009b70 00d70733 add              x14, x14, x13       x14=00002a59 x14:00002a7c x13:ffffffdd
20478294ns          342903 1c009b72 00efe7a3 p.sw             x14, x0(x31)        x14:00002a59 x31:10000a14  PA:10000ab4
20478314ns          342904 1c009b76 20ff7703 lw               x14, x15(x30)       x14=00002bd0 x15:000000a0 x30:10000918  PA:100009b8
20478333ns          342905 1c009b7a 20fef683 lw               x13, x15(x29)       x13=ffffffdc x15:000000a0 x29:10000218  PA:100002b8
20478373ns          342907 1c009b7e 00d70733 add              x14, x14, x13       x14=00002bac x14:00002bd0 x13:ffffffdc
20478393ns          342908 1c009b80 00ee67a3 p.sw             x14, x0(x28)        x14:00002bac x28:10000a18  PA:10000ab8
20478413ns          342909 1c009b84 20f37703 lw               x14, x15(x6)        x14=00002d24 x15:000000a0  x6:1000091c  PA:100009bc
20478433ns          342910 1c009b88 20f8f683 lw               x13, x15(x17)       x13=ffffffdb x15:000000a0 x17:1000021c  PA:100002bc
20478473ns          342912 1c009b8c 00d70733 add              x14, x14, x13       x14=00002cff x14:00002d24 x13:ffffffdb
20478493ns          342913 1c009b8e 00e867a3 p.sw             x14, x0(x16)        x14:00002cff x16:10000a1c  PA:10000abc
20478512ns          342914 1c009b92 20f57703 lw               x14, x15(x10)       x14=00002e78 x15:000000a0 x10:10000920  PA:100009c0
20478532ns          342915 1c009b96 20f47683 lw               x13, x15(x8)        x13=ffffffda x15:000000a0  x8:10000220  PA:100002c0
20478572ns          342917 1c009b9a 00d70733 add              x14, x14, x13       x14=00002e52 x14:00002e78 x13:ffffffda
20478592ns          342918 1c009b9c 100016b7 lui              x13, 0x10001000     x13=10001000
20478612ns          342919 1c009ba0 a2068693 addi             x13, x13, -1504     x13=10000a20 x13:10001000
20478632ns          342920 1c009ba4 00e6e7a3 p.sw             x14, x0(x13)        x14:00002e52 x13:10000a20  PA:10000ac0
20478652ns          342921 1c009ba8 02078793 addi             x15, x15, 32        x15=000000c0 x15:000000a0
20478672ns          342922 1c009b28 20f5f703 lw               x14, x15(x11)       x14=00002bec x15:000000c0 x11:10000904  PA:100009c4
20478691ns          342923 1c009b2c 20f9f683 lw               x13, x15(x19)       x13=ffffffd9 x15:000000c0 x19:10000204  PA:100002c4
20478711ns          342924 1c009b30 10000437 lui              x8, 0x10000000       x8=10000000
20478731ns          342925 1c009b34 00d70733 add              x14, x14, x13       x14=00002bc5 x14:00002bec x13:ffffffd9
20478751ns          342926 1c009b36 00e667a3 p.sw             x14, x0(x12)        x14:00002bc5 x12:10000a04  PA:10000ac4
20478771ns          342927 1c009b3a 20fdf703 lw               x14, x15(x27)       x14=00002d80 x15:000000c0 x27:10000908  PA:100009c8
20478791ns          342928 1c009b3e 20fd7683 lw               x13, x15(x26)       x13=ffffffd8 x15:000000c0 x26:10000208  PA:100002c8
20478811ns          342929 1c009b42 22040413 addi             x8, x8, 544          x8=10000220  x8:10000000
20478831ns          342930 1c009b46 00d70733 add              x14, x14, x13       x14=00002d58 x14:00002d80 x13:ffffffd8
20478851ns          342931 1c009b48 00ece7a3 p.sw             x14, x0(x25)        x14:00002d58 x25:10000a08  PA:10000ac8
20478870ns          342932 1c009b4c 20fc7703 lw               x14, x15(x24)       x14=00002f14 x15:000000c0 x24:1000090c  PA:100009cc
20478890ns          342933 1c009b50 20fbf683 lw               x13, x15(x23)       x13=ffffffd7 x15:000000c0 x23:1000020c  PA:100002cc
20478930ns          342935 1c009b54 00d70733 add              x14, x14, x13       x14=00002eeb x14:00002f14 x13:ffffffd7
20478950ns          342936 1c009b56 00eb67a3 p.sw             x14, x0(x22)        x14:00002eeb x22:10000a0c  PA:10000acc
20478970ns          342937 1c009b5a 20faf703 lw               x14, x15(x21)       x14=000030a8 x15:000000c0 x21:10000910  PA:100009d0
20478990ns          342938 1c009b5e 20fa7683 lw               x13, x15(x20)       x13=ffffffd6 x15:000000c0 x20:10000210  PA:100002d0
20479030ns          342940 1c009b62 00d70733 add              x14, x14, x13       x14=0000307e x14:000030a8 x13:ffffffd6
20479050ns          342941 1c009b64 00e0e7a3 p.sw             x14, x0(x1)         x14:0000307e  x1:10000a10  PA:10000ad0
20479069ns          342942 1c009b68 20f3f703 lw               x14, x15(x7)        x14=0000323c x15:000000c0  x7:10000914  PA:100009d4
20479089ns          342943 1c009b6c 20f2f683 lw               x13, x15(x5)        x13=ffffffd5 x15:000000c0  x5:10000214  PA:100002d4
20479129ns          342945 1c009b70 00d70733 add              x14, x14, x13       x14=00003211 x14:0000323c x13:ffffffd5
20479149ns          342946 1c009b72 00efe7a3 p.sw             x14, x0(x31)        x14:00003211 x31:10000a14  PA:10000ad4
20479169ns          342947 1c009b76 20ff7703 lw               x14, x15(x30)       x14=000033d0 x15:000000c0 x30:10000918  PA:100009d8
20479189ns          342948 1c009b7a 20fef683 lw               x13, x15(x29)       x13=ffffffd4 x15:000000c0 x29:10000218  PA:100002d8
20479229ns          342950 1c009b7e 00d70733 add              x14, x14, x13       x14=000033a4 x14:000033d0 x13:ffffffd4
20479248ns          342951 1c009b80 00ee67a3 p.sw             x14, x0(x28)        x14:000033a4 x28:10000a18  PA:10000ad8
20479268ns          342952 1c009b84 20f37703 lw               x14, x15(x6)        x14=00003564 x15:000000c0  x6:1000091c  PA:100009dc
20479288ns          342953 1c009b88 20f8f683 lw               x13, x15(x17)       x13=ffffffd3 x15:000000c0 x17:1000021c  PA:100002dc
20479328ns          342955 1c009b8c 00d70733 add              x14, x14, x13       x14=00003537 x14:00003564 x13:ffffffd3
20479348ns          342956 1c009b8e 00e867a3 p.sw             x14, x0(x16)        x14:00003537 x16:10000a1c  PA:10000adc
20479368ns          342957 1c009b92 20f57703 lw               x14, x15(x10)       x14=000036f8 x15:000000c0 x10:10000920  PA:100009e0
20479388ns          342958 1c009b96 20f47683 lw               x13, x15(x8)        x13=ffffffd2 x15:000000c0  x8:10000220  PA:100002e0
20479427ns          342960 1c009b9a 00d70733 add              x14, x14, x13       x14=000036ca x14:000036f8 x13:ffffffd2
20479447ns          342961 1c009b9c 100016b7 lui              x13, 0x10001000     x13=10001000
20479467ns          342962 1c009ba0 a2068693 addi             x13, x13, -1504     x13=10000a20 x13:10001000
20479487ns          342963 1c009ba4 00e6e7a3 p.sw             x14, x0(x13)        x14:000036ca x13:10000a20  PA:10000ae0
20479507ns          342964 1c009ba8 02078793 addi             x15, x15, 32        x15=000000e0 x15:000000c0
20479527ns          342965 1c009b28 20f5f703 lw               x14, x15(x11)       x14=000032ac x15:000000e0 x11:10000904  PA:100009e4
20479547ns          342966 1c009b2c 20f9f683 lw               x13, x15(x19)       x13=ffffffd1 x15:000000e0 x19:10000204  PA:100002e4
20479567ns          342967 1c009b30 10000437 lui              x8, 0x10000000       x8=10000000
20479587ns          342968 1c009b34 00d70733 add              x14, x14, x13       x14=0000327d x14:000032ac x13:ffffffd1
20479606ns          342969 1c009b36 00e667a3 p.sw             x14, x0(x12)        x14:0000327d x12:10000a04  PA:10000ae4
20479626ns          342970 1c009b3a 20fdf703 lw               x14, x15(x27)       x14=00003480 x15:000000e0 x27:10000908  PA:100009e8
20479646ns          342971 1c009b3e 20fd7683 lw               x13, x15(x26)       x13=ffffffd0 x15:000000e0 x26:10000208  PA:100002e8
20479666ns          342972 1c009b42 22040413 addi             x8, x8, 544          x8=10000220  x8:10000000
20479686ns          342973 1c009b46 00d70733 add              x14, x14, x13       x14=00003450 x14:00003480 x13:ffffffd0
20479706ns          342974 1c009b48 00ece7a3 p.sw             x14, x0(x25)        x14:00003450 x25:10000a08  PA:10000ae8
20479726ns          342975 1c009b4c 20fc7703 lw               x14, x15(x24)       x14=00003654 x15:000000e0 x24:1000090c  PA:100009ec
20479746ns          342976 1c009b50 20fbf683 lw               x13, x15(x23)       x13=ffffffcf x15:000000e0 x23:1000020c  PA:100002ec
20479785ns          342978 1c009b54 00d70733 add              x14, x14, x13       x14=00003623 x14:00003654 x13:ffffffcf
20479805ns          342979 1c009b56 00eb67a3 p.sw             x14, x0(x22)        x14:00003623 x22:10000a0c  PA:10000aec
20479825ns          342980 1c009b5a 20faf703 lw               x14, x15(x21)       x14=00003828 x15:000000e0 x21:10000910  PA:100009f0
20479845ns          342981 1c009b5e 20fa7683 lw               x13, x15(x20)       x13=ffffffce x15:000000e0 x20:10000210  PA:100002f0
20479905ns          342984 1c009b62 00d70733 add              x14, x14, x13       x14=000037f6 x14:00003828 x13:ffffffce
20479925ns          342985 1c009b64 00e0e7a3 p.sw             x14, x0(x1)         x14:000037f6  x1:10000a10  PA:10000af0
20479945ns          342986 1c009b68 20f3f703 lw               x14, x15(x7)        x14=000039fc x15:000000e0  x7:10000914  PA:100009f4
20479964ns          342987 1c009b6c 20f2f683 lw               x13, x15(x5)        x13=ffffffcd x15:000000e0  x5:10000214  PA:100002f4
20480004ns          342989 1c009b70 00d70733 add              x14, x14, x13       x14=000039c9 x14:000039fc x13:ffffffcd
20480024ns          342990 1c009b72 00efe7a3 p.sw             x14, x0(x31)        x14:000039c9 x31:10000a14  PA:10000af4
20480064ns          342992 1c009b76 20ff7703 lw               x14, x15(x30)       x14=00003bd0 x15:000000e0 x30:10000918  PA:100009f8
20480084ns          342993 1c009b7a 20fef683 lw               x13, x15(x29)       x13=ffffffcc x15:000000e0 x29:10000218  PA:100002f8
20480124ns          342995 1c009b7e 00d70733 add              x14, x14, x13       x14=00003b9c x14:00003bd0 x13:ffffffcc
20480143ns          342996 1c009b80 00ee67a3 p.sw             x14, x0(x28)        x14:00003b9c x28:10000a18  PA:10000af8
20480163ns          342997 1c009b84 20f37703 lw               x14, x15(x6)        x14=00003da4 x15:000000e0  x6:1000091c  PA:100009fc
20480183ns          342998 1c009b88 20f8f683 lw               x13, x15(x17)       x13=ffffffcb x15:000000e0 x17:1000021c  PA:100002fc
20480223ns          343000 1c009b8c 00d70733 add              x14, x14, x13       x14=00003d6f x14:00003da4 x13:ffffffcb
20480243ns          343001 1c009b8e 00e867a3 p.sw             x14, x0(x16)        x14:00003d6f x16:10000a1c  PA:10000afc
20480263ns          343002 1c009b92 20f57703 lw               x14, x15(x10)       x14=00003f78 x15:000000e0 x10:10000920  PA:10000a00
20480283ns          343003 1c009b96 20f47683 lw               x13, x15(x8)        x13=ffffffca x15:000000e0  x8:10000220  PA:10000300
20480323ns          343005 1c009b9a 00d70733 add              x14, x14, x13       x14=00003f42 x14:00003f78 x13:ffffffca
20480342ns          343006 1c009b9c 100016b7 lui              x13, 0x10001000     x13=10001000
20480362ns          343007 1c009ba0 a2068693 addi             x13, x13, -1504     x13=10000a20 x13:10001000
20480382ns          343008 1c009ba4 00e6e7a3 p.sw             x14, x0(x13)        x14:00003f42 x13:10000a20  PA:10000b00
20480402ns          343009 1c009ba8 02078793 addi             x15, x15, 32        x15=00000100 x15:000000e0
20480422ns          343010 1c009bac 00c12403 lw               x8, 12(x2)           x8=10000004  x2:10002798  PA:100027a4
20480442ns          343011 1c009bae cd7fe06f jal              x0, -4906          
20480979ns          343038 1c008884 527020ef jal              x1, 11558            x1=1c008888
20481039ns          343041 1c00b5aa f14027f3 csrrs            x15, x0, 0xf14      x15=00000002
20481058ns          343042 1c00b5ae 01f00713 addi             x14, x0, 31         x14=0000001f
20481078ns          343043 1c00b5b0 ca5797b3 p.extractu       x15, x15, 5, 5      x15=00000000 x15:00000002
20481098ns          343044 1c00b5b4 00e78863 beq              x15, x14, 16        x15:00000000 x14:0000001f
20481118ns          343045 1c00b5b8 002047b7 lui              x15, 0x204000       x15=00204000
20481138ns          343046 1c00b5bc 20078793 addi             x15, x15, 512       x15=00204200 x15:00204000
20481556ns          343067 1c00b5c0 01c7e703 p.elw            x14, 28(x15)        x14=00010000 x15:00204200  PA:0020421c
20526628ns          345333 1c00b5c4 00008067 jalr             x0, x1, 0            x1:1c008888
20526668ns          345335 1c008888 78292063 p.beqimm         x18, 1920           x18:00000002
20527722ns          345388 1c009008 100014b7 lui              x9, 0x10001000       x9=10001000
20527762ns          345390 1c00900c 00448493 addi             x9, x9, 4            x9=10001004  x9:10001000
20528200ns          345412 1c009010 b004a783 lw               x15, -1280(x9)      x15=ffffe918  x9:10001004  PA:10000b04
20528239ns          345414 1c009014 20042703 lw               x14, 512(x8)        x14=00000009  x8:10000004  PA:10000204
20528319ns          345418 1c009018 00e787b3 add              x15, x15, x14       x15=ffffe921 x15:ffffe918 x14:00000009
20528339ns          345419 1c00901a 40f42023 sw               x15, 1024(x8)       x15:ffffe921  x8:10000004  PA:10000404
20528717ns          345438 1c00901e b044a783 lw               x15, -1276(x9)      x15=ffffe7c0  x9:10001004  PA:10000b08
20528756ns          345440 1c009022 20442703 lw               x14, 516(x8)        x14=00000008  x8:10000004  PA:10000208
20528796ns          345442 1c009026 00e787b3 add              x15, x15, x14       x15=ffffe7c8 x15:ffffe7c0 x14:00000008
20528816ns          345443 1c009028 40f42223 sw               x15, 1028(x8)       x15:ffffe7c8  x8:10000004  PA:10000408
20528836ns          345444 1c00902c b084a783 lw               x15, -1272(x9)      x15=ffffe668  x9:10001004  PA:10000b0c
20529234ns          345464 1c009030 20842703 lw               x14, 520(x8)        x14=00000007  x8:10000004  PA:1000020c
20529274ns          345466 1c009034 00e787b3 add              x15, x15, x14       x15=ffffe66f x15:ffffe668 x14:00000007
20529294ns          345467 1c009036 40f42423 sw               x15, 1032(x8)       x15:ffffe66f  x8:10000004  PA:1000040c
20529313ns          345468 1c00903a b0c4a783 lw               x15, -1268(x9)      x15=ffffe510  x9:10001004  PA:10000b10
20529771ns          345491 1c00903e 20c42703 lw               x14, 524(x8)        x14=00000006  x8:10000004  PA:10000210
20529811ns          345493 1c009042 00e787b3 add              x15, x15, x14       x15=ffffe516 x15:ffffe510 x14:00000006
20529831ns          345494 1c009044 40f42623 sw               x15, 1036(x8)       x15:ffffe516  x8:10000004  PA:10000410
20529850ns          345495 1c009048 b104a783 lw               x15, -1264(x9)      x15=ffffe3b8  x9:10001004  PA:10000b14
20529870ns          345496 1c00904c 21042703 lw               x14, 528(x8)        x14=00000005  x8:10000004  PA:10000214
20530288ns          345517 1c009050 00e787b3 add              x15, x15, x14       x15=ffffe3bd x15:ffffe3b8 x14:00000005
20530328ns          345519 1c009052 40f42823 sw               x15, 1040(x8)       x15:ffffe3bd  x8:10000004  PA:10000414
20530348ns          345520 1c009056 b144a783 lw               x15, -1260(x9)      x15=ffffe260  x9:10001004  PA:10000b18
20530368ns          345521 1c00905a 21442703 lw               x14, 532(x8)        x14=00000004  x8:10000004  PA:10000218
20530407ns          345523 1c00905e 00e787b3 add              x15, x15, x14       x15=ffffe264 x15:ffffe260 x14:00000004
20530805ns          345543 1c009060 40f42a23 sw               x15, 1044(x8)       x15:ffffe264  x8:10000004  PA:10000418
20530845ns          345545 1c009064 b184a783 lw               x15, -1256(x9)      x15=ffffe108  x9:10001004  PA:10000b1c
20530865ns          345546 1c009068 21842703 lw               x14, 536(x8)        x14=00000003  x8:10000004  PA:1000021c
20530905ns          345548 1c00906c 00e787b3 add              x15, x15, x14       x15=ffffe10b x15:ffffe108 x14:00000003
20531322ns          345569 1c00906e 40f42c23 sw               x15, 1048(x8)       x15:ffffe10b  x8:10000004  PA:1000041c
20531362ns          345571 1c009072 b1c4a783 lw               x15, -1252(x9)      x15=ffffdfb0  x9:10001004  PA:10000b20
20531382ns          345572 1c009076 21c42703 lw               x14, 540(x8)        x14=00000002  x8:10000004  PA:10000220
20531422ns          345574 1c00907a 00e787b3 add              x15, x15, x14       x15=ffffdfb2 x15:ffffdfb0 x14:00000002
20531442ns          345575 1c00907c 40f42e23 sw               x15, 1052(x8)       x15:ffffdfb2  x8:10000004  PA:10000420
20531840ns          345595 1c009080 b204a783 lw               x15, -1248(x9)      x15=fffff298  x9:10001004  PA:10000b24
20531879ns          345597 1c009084 22042703 lw               x14, 544(x8)        x14=00000001  x8:10000004  PA:10000224
20531919ns          345599 1c009088 00e787b3 add              x15, x15, x14       x15=fffff299 x15:fffff298 x14:00000001
20531939ns          345600 1c00908a 42f42023 sw               x15, 1056(x8)       x15:fffff299  x8:10000004  PA:10000424
20532357ns          345621 1c00908e b244a783 lw               x15, -1244(x9)      x15=fffff1c0  x9:10001004  PA:10000b28
20532397ns          345623 1c009092 22442703 lw               x14, 548(x8)        x14=00000000  x8:10000004  PA:10000228
20532436ns          345625 1c009096 00e787b3 add              x15, x15, x14       x15=fffff1c0 x15:fffff1c0 x14:00000000
20532456ns          345626 1c009098 42f42223 sw               x15, 1060(x8)       x15:fffff1c0  x8:10000004  PA:10000428
20532476ns          345627 1c00909c b284a783 lw               x15, -1240(x9)      x15=fffff0e8  x9:10001004  PA:10000b2c
20532874ns          345647 1c0090a0 22842703 lw               x14, 552(x8)        x14=ffffffff  x8:10000004  PA:1000022c
20532914ns          345649 1c0090a4 00e787b3 add              x15, x15, x14       x15=fffff0e7 x15:fffff0e8 x14:ffffffff
20532934ns          345650 1c0090a6 42f42423 sw               x15, 1064(x8)       x15:fffff0e7  x8:10000004  PA:1000042c
20532953ns          345651 1c0090aa b2c4a783 lw               x15, -1236(x9)      x15=fffff010  x9:10001004  PA:10000b30
20533391ns          345673 1c0090ae 22c42703 lw               x14, 556(x8)        x14=fffffffe  x8:10000004  PA:10000230
20533431ns          345675 1c0090b2 00e787b3 add              x15, x15, x14       x15=fffff00e x15:fffff010 x14:fffffffe
20533451ns          345676 1c0090b4 42f42623 sw               x15, 1068(x8)       x15:fffff00e  x8:10000004  PA:10000430
20533471ns          345677 1c0090b8 b304a783 lw               x15, -1232(x9)      x15=ffffef38  x9:10001004  PA:10000b34
20533490ns          345678 1c0090bc 23042703 lw               x14, 560(x8)        x14=fffffffd  x8:10000004  PA:10000234
20533928ns          345700 1c0090c0 00e787b3 add              x15, x15, x14       x15=ffffef35 x15:ffffef38 x14:fffffffd
20533968ns          345702 1c0090c2 42f42823 sw               x15, 1072(x8)       x15:ffffef35  x8:10000004  PA:10000434
20533988ns          345703 1c0090c6 b344a783 lw               x15, -1228(x9)      x15=ffffee60  x9:10001004  PA:10000b38
20534008ns          345704 1c0090ca 23442703 lw               x14, 564(x8)        x14=fffffffc  x8:10000004  PA:10000238
20534047ns          345706 1c0090ce 00e787b3 add              x15, x15, x14       x15=ffffee5c x15:ffffee60 x14:fffffffc
20534445ns          345726 1c0090d0 42f42a23 sw               x15, 1076(x8)       x15:ffffee5c  x8:10000004  PA:10000438
20534485ns          345728 1c0090d4 b384a783 lw               x15, -1224(x9)      x15=ffffed88  x9:10001004  PA:10000b3c
20534505ns          345729 1c0090d8 23842703 lw               x14, 568(x8)        x14=fffffffb  x8:10000004  PA:1000023c
20534545ns          345731 1c0090dc 00e787b3 add              x15, x15, x14       x15=ffffed83 x15:ffffed88 x14:fffffffb
20534962ns          345752 1c0090de 42f42c23 sw               x15, 1080(x8)       x15:ffffed83  x8:10000004  PA:1000043c
20535002ns          345754 1c0090e2 b3c4a783 lw               x15, -1220(x9)      x15=ffffecb0  x9:10001004  PA:10000b40
20535022ns          345755 1c0090e6 23c42703 lw               x14, 572(x8)        x14=fffffffa  x8:10000004  PA:10000240
20535062ns          345757 1c0090ea 00e787b3 add              x15, x15, x14       x15=ffffecaa x15:ffffecb0 x14:fffffffa
20535082ns          345758 1c0090ec 42f42e23 sw               x15, 1084(x8)       x15:ffffecaa  x8:10000004  PA:10000440
20535480ns          345778 1c0090f0 b404a783 lw               x15, -1216(x9)      x15=fffffc18  x9:10001004  PA:10000b44
20535519ns          345780 1c0090f4 24042703 lw               x14, 576(x8)        x14=fffffff9  x8:10000004  PA:10000244
20535559ns          345782 1c0090f8 00e787b3 add              x15, x15, x14       x15=fffffc11 x15:fffffc18 x14:fffffff9
20535579ns          345783 1c0090fa 44f42023 sw               x15, 1088(x8)       x15:fffffc11  x8:10000004  PA:10000444
20535997ns          345804 1c0090fe b444a783 lw               x15, -1212(x9)      x15=fffffbc0  x9:10001004  PA:10000b48
20536037ns          345806 1c009102 24442703 lw               x14, 580(x8)        x14=fffffff8  x8:10000004  PA:10000248
20536076ns          345808 1c009106 00e787b3 add              x15, x15, x14       x15=fffffbb8 x15:fffffbc0 x14:fffffff8
20536096ns          345809 1c009108 44f42223 sw               x15, 1092(x8)       x15:fffffbb8  x8:10000004  PA:10000448
20536116ns          345810 1c00910c b484a783 lw               x15, -1208(x9)      x15=fffffb68  x9:10001004  PA:10000b4c
20536534ns          345831 1c009110 24842703 lw               x14, 584(x8)        x14=fffffff7  x8:10000004  PA:1000024c
20536574ns          345833 1c009114 00e787b3 add              x15, x15, x14       x15=fffffb5f x15:fffffb68 x14:fffffff7
20536593ns          345834 1c009116 44f42423 sw               x15, 1096(x8)       x15:fffffb5f  x8:10000004  PA:1000044c
20536613ns          345835 1c00911a b4c4a783 lw               x15, -1204(x9)      x15=fffffb10  x9:10001004  PA:10000b50
20537051ns          345857 1c00911e 24c42703 lw               x14, 588(x8)        x14=fffffff6  x8:10000004  PA:10000250
20537091ns          345859 1c009122 00e787b3 add              x15, x15, x14       x15=fffffb06 x15:fffffb10 x14:fffffff6
20537111ns          345860 1c009124 44f42623 sw               x15, 1100(x8)       x15:fffffb06  x8:10000004  PA:10000450
20537131ns          345861 1c009128 b504a783 lw               x15, -1200(x9)      x15=fffffab8  x9:10001004  PA:10000b54
20537150ns          345862 1c00912c 25042703 lw               x14, 592(x8)        x14=fffffff5  x8:10000004  PA:10000254
20537568ns          345883 1c009130 00e787b3 add              x15, x15, x14       x15=fffffaad x15:fffffab8 x14:fffffff5
20537608ns          345885 1c009132 44f42823 sw               x15, 1104(x8)       x15:fffffaad  x8:10000004  PA:10000454
20537628ns          345886 1c009136 b544a783 lw               x15, -1196(x9)      x15=fffffa60  x9:10001004  PA:10000b58
20537648ns          345887 1c00913a 25442703 lw               x14, 596(x8)        x14=fffffff4  x8:10000004  PA:10000258
20537687ns          345889 1c00913e 00e787b3 add              x15, x15, x14       x15=fffffa54 x15:fffffa60 x14:fffffff4
20538085ns          345909 1c009140 44f42a23 sw               x15, 1108(x8)       x15:fffffa54  x8:10000004  PA:10000458
20538125ns          345911 1c009144 b584a783 lw               x15, -1192(x9)      x15=fffffa08  x9:10001004  PA:10000b5c
20538145ns          345912 1c009148 25842703 lw               x14, 600(x8)        x14=fffffff3  x8:10000004  PA:1000025c
20538185ns          345914 1c00914c 00e787b3 add              x15, x15, x14       x15=fffff9fb x15:fffffa08 x14:fffffff3
20538602ns          345935 1c00914e 44f42c23 sw               x15, 1112(x8)       x15:fffff9fb  x8:10000004  PA:1000045c
20538642ns          345937 1c009152 b5c4a783 lw               x15, -1188(x9)      x15=fffff9b0  x9:10001004  PA:10000b60
20538662ns          345938 1c009156 25c42703 lw               x14, 604(x8)        x14=fffffff2  x8:10000004  PA:10000260
20538702ns          345940 1c00915a 00e787b3 add              x15, x15, x14       x15=fffff9a2 x15:fffff9b0 x14:fffffff2
20538722ns          345941 1c00915c 44f42e23 sw               x15, 1116(x8)       x15:fffff9a2  x8:10000004  PA:10000460
20539139ns          345962 1c009160 b604a783 lw               x15, -1184(x9)      x15=00000598  x9:10001004  PA:10000b64
20539179ns          345964 1c009164 26042703 lw               x14, 608(x8)        x14=fffffff1  x8:10000004  PA:10000264
20539219ns          345966 1c009168 00e787b3 add              x15, x15, x14       x15=00000589 x15:00000598 x14:fffffff1
20539239ns          345967 1c00916a 46f42023 sw               x15, 1120(x8)       x15:00000589  x8:10000004  PA:10000464
20539657ns          345988 1c00916e b644a783 lw               x15, -1180(x9)      x15=000005c0  x9:10001004  PA:10000b68
20539696ns          345990 1c009172 26442703 lw               x14, 612(x8)        x14=fffffff0  x8:10000004  PA:10000268
20539736ns          345992 1c009176 00e787b3 add              x15, x15, x14       x15=000005b0 x15:000005c0 x14:fffffff0
20539756ns          345993 1c009178 46f42223 sw               x15, 1124(x8)       x15:000005b0  x8:10000004  PA:10000468
20539776ns          345994 1c00917c b684a783 lw               x15, -1176(x9)      x15=000005e8  x9:10001004  PA:10000b6c
20540174ns          346014 1c009180 26842703 lw               x14, 616(x8)        x14=ffffffef  x8:10000004  PA:1000026c
20540214ns          346016 1c009184 00e787b3 add              x15, x15, x14       x15=000005d7 x15:000005e8 x14:ffffffef
20540233ns          346017 1c009186 46f42423 sw               x15, 1128(x8)       x15:000005d7  x8:10000004  PA:1000046c
20540253ns          346018 1c00918a b6c4a783 lw               x15, -1172(x9)      x15=00000610  x9:10001004  PA:10000b70
20540691ns          346040 1c00918e 26c42703 lw               x14, 620(x8)        x14=ffffffee  x8:10000004  PA:10000270
20540731ns          346042 1c009192 00e787b3 add              x15, x15, x14       x15=000005fe x15:00000610 x14:ffffffee
20540751ns          346043 1c009194 46f42623 sw               x15, 1132(x8)       x15:000005fe  x8:10000004  PA:10000470
20540771ns          346044 1c009198 b704a783 lw               x15, -1168(x9)      x15=00000638  x9:10001004  PA:10000b74
20540790ns          346045 1c00919c 27042703 lw               x14, 624(x8)        x14=ffffffed  x8:10000004  PA:10000274
20541208ns          346066 1c0091a0 00e787b3 add              x15, x15, x14       x15=00000625 x15:00000638 x14:ffffffed
20541248ns          346068 1c0091a2 46f42823 sw               x15, 1136(x8)       x15:00000625  x8:10000004  PA:10000474
20541268ns          346069 1c0091a6 b744a783 lw               x15, -1164(x9)      x15=00000660  x9:10001004  PA:10000b78
20541288ns          346070 1c0091aa 27442703 lw               x14, 628(x8)        x14=ffffffec  x8:10000004  PA:10000278
20541327ns          346072 1c0091ae 00e787b3 add              x15, x15, x14       x15=0000064c x15:00000660 x14:ffffffec
20541745ns          346093 1c0091b0 46f42a23 sw               x15, 1140(x8)       x15:0000064c  x8:10000004  PA:10000478
20541785ns          346095 1c0091b4 b784a783 lw               x15, -1160(x9)      x15=00000688  x9:10001004  PA:10000b7c
20541805ns          346096 1c0091b8 27842703 lw               x14, 632(x8)        x14=ffffffeb  x8:10000004  PA:1000027c
20541845ns          346098 1c0091bc 00e787b3 add              x15, x15, x14       x15=00000673 x15:00000688 x14:ffffffeb
20542262ns          346119 1c0091be 46f42c23 sw               x15, 1144(x8)       x15:00000673  x8:10000004  PA:1000047c
20542302ns          346121 1c0091c2 b7c4a783 lw               x15, -1156(x9)      x15=000006b0  x9:10001004  PA:10000b80
20542322ns          346122 1c0091c6 27c42703 lw               x14, 636(x8)        x14=ffffffea  x8:10000004  PA:10000280
20542362ns          346124 1c0091ca 00e787b3 add              x15, x15, x14       x15=0000069a x15:000006b0 x14:ffffffea
20542382ns          346125 1c0091cc 46f42e23 sw               x15, 1148(x8)       x15:0000069a  x8:10000004  PA:10000480
20542779ns          346145 1c0091d0 b804a783 lw               x15, -1152(x9)      x15=00000f18  x9:10001004  PA:10000b84
20542819ns          346147 1c0091d4 28042703 lw               x14, 640(x8)        x14=ffffffe9  x8:10000004  PA:10000284
20542859ns          346149 1c0091d8 00e787b3 add              x15, x15, x14       x15=00000f01 x15:00000f18 x14:ffffffe9
20542879ns          346150 1c0091da 48f42023 sw               x15, 1152(x8)       x15:00000f01  x8:10000004  PA:10000484
20543297ns          346171 1c0091de b844a783 lw               x15, -1148(x9)      x15=00000fc0  x9:10001004  PA:10000b88
20543356ns          346174 1c0091e2 28442703 lw               x14, 644(x8)        x14=ffffffe8  x8:10000004  PA:10000288
20543396ns          346176 1c0091e6 00e787b3 add              x15, x15, x14       x15=00000fa8 x15:00000fc0 x14:ffffffe8
20543416ns          346177 1c0091e8 48f42223 sw               x15, 1156(x8)       x15:00000fa8  x8:10000004  PA:10000488
20543436ns          346178 1c0091ec b884a783 lw               x15, -1144(x9)      x15=00001068  x9:10001004  PA:10000b8c
20543814ns          346197 1c0091f0 28842703 lw               x14, 648(x8)        x14=ffffffe7  x8:10000004  PA:1000028c
20543854ns          346199 1c0091f4 00e787b3 add              x15, x15, x14       x15=0000104f x15:00001068 x14:ffffffe7
20543873ns          346200 1c0091f6 48f42423 sw               x15, 1160(x8)       x15:0000104f  x8:10000004  PA:1000048c
20543893ns          346201 1c0091fa b8c4a783 lw               x15, -1140(x9)      x15=00001110  x9:10001004  PA:10000b90
20544331ns          346223 1c0091fe 28c42703 lw               x14, 652(x8)        x14=ffffffe6  x8:10000004  PA:10000290
20544371ns          346225 1c009202 00e787b3 add              x15, x15, x14       x15=000010f6 x15:00001110 x14:ffffffe6
20544391ns          346226 1c009204 48f42623 sw               x15, 1164(x8)       x15:000010f6  x8:10000004  PA:10000490
20544411ns          346227 1c009208 b904a783 lw               x15, -1136(x9)      x15=000011b8  x9:10001004  PA:10000b94
20544430ns          346228 1c00920c 29042703 lw               x14, 656(x8)        x14=ffffffe5  x8:10000004  PA:10000294
20544848ns          346249 1c009210 00e787b3 add              x15, x15, x14       x15=0000119d x15:000011b8 x14:ffffffe5
20544888ns          346251 1c009212 48f42823 sw               x15, 1168(x8)       x15:0000119d  x8:10000004  PA:10000494
20544908ns          346252 1c009216 b944a783 lw               x15, -1132(x9)      x15=00001260  x9:10001004  PA:10000b98
20544928ns          346253 1c00921a 29442703 lw               x14, 660(x8)        x14=ffffffe4  x8:10000004  PA:10000298
20544967ns          346255 1c00921e 00e787b3 add              x15, x15, x14       x15=00001244 x15:00001260 x14:ffffffe4
20545365ns          346275 1c009220 48f42a23 sw               x15, 1172(x8)       x15:00001244  x8:10000004  PA:10000498
20545405ns          346277 1c009224 b984a783 lw               x15, -1128(x9)      x15=00001308  x9:10001004  PA:10000b9c
20545425ns          346278 1c009228 29842703 lw               x14, 664(x8)        x14=ffffffe3  x8:10000004  PA:1000029c
20545465ns          346280 1c00922c 00e787b3 add              x15, x15, x14       x15=000012eb x15:00001308 x14:ffffffe3
20545902ns          346302 1c00922e 48f42c23 sw               x15, 1176(x8)       x15:000012eb  x8:10000004  PA:1000049c
20545942ns          346304 1c009232 b9c4a783 lw               x15, -1124(x9)      x15=000013b0  x9:10001004  PA:10000ba0
20545962ns          346305 1c009236 29c42703 lw               x14, 668(x8)        x14=ffffffe2  x8:10000004  PA:100002a0
20546002ns          346307 1c00923a 00e787b3 add              x15, x15, x14       x15=00001392 x15:000013b0 x14:ffffffe2
20546022ns          346308 1c00923c 48f42e23 sw               x15, 1180(x8)       x15:00001392  x8:10000004  PA:100004a0
20546419ns          346328 1c009240 ba04a783 lw               x15, -1120(x9)      x15=00001898  x9:10001004  PA:10000ba4
20546459ns          346330 1c009244 2a042703 lw               x14, 672(x8)        x14=ffffffe1  x8:10000004  PA:100002a4
20546499ns          346332 1c009248 00e787b3 add              x15, x15, x14       x15=00001879 x15:00001898 x14:ffffffe1
20546519ns          346333 1c00924a 4af42023 sw               x15, 1184(x8)       x15:00001879  x8:10000004  PA:100004a4
20546937ns          346354 1c00924e ba44a783 lw               x15, -1116(x9)      x15=000019c0  x9:10001004  PA:10000ba8
20546976ns          346356 1c009252 2a442703 lw               x14, 676(x8)        x14=ffffffe0  x8:10000004  PA:100002a8
20547016ns          346358 1c009256 00e787b3 add              x15, x15, x14       x15=000019a0 x15:000019c0 x14:ffffffe0
20547036ns          346359 1c009258 4af42223 sw               x15, 1188(x8)       x15:000019a0  x8:10000004  PA:100004a8
20547056ns          346360 1c00925c ba84a783 lw               x15, -1112(x9)      x15=00001ae8  x9:10001004  PA:10000bac
20547454ns          346380 1c009260 2a842703 lw               x14, 680(x8)        x14=ffffffdf  x8:10000004  PA:100002ac
20547494ns          346382 1c009264 00e787b3 add              x15, x15, x14       x15=00001ac7 x15:00001ae8 x14:ffffffdf
20547513ns          346383 1c009266 4af42423 sw               x15, 1192(x8)       x15:00001ac7  x8:10000004  PA:100004ac
20547533ns          346384 1c00926a bac4a783 lw               x15, -1108(x9)      x15=00001c10  x9:10001004  PA:10000bb0
20547971ns          346406 1c00926e 2ac42703 lw               x14, 684(x8)        x14=ffffffde  x8:10000004  PA:100002b0
20548011ns          346408 1c009272 00e787b3 add              x15, x15, x14       x15=00001bee x15:00001c10 x14:ffffffde
20548031ns          346409 1c009274 4af42623 sw               x15, 1196(x8)       x15:00001bee  x8:10000004  PA:100004b0
20548051ns          346410 1c009278 bb04a783 lw               x15, -1104(x9)      x15=00001d38  x9:10001004  PA:10000bb4
20548070ns          346411 1c00927c 2b042703 lw               x14, 688(x8)        x14=ffffffdd  x8:10000004  PA:100002b4
20548508ns          346433 1c009280 00e787b3 add              x15, x15, x14       x15=00001d15 x15:00001d38 x14:ffffffdd
20548548ns          346435 1c009282 4af42823 sw               x15, 1200(x8)       x15:00001d15  x8:10000004  PA:100004b4
20548568ns          346436 1c009286 bb44a783 lw               x15, -1100(x9)      x15=00001e60  x9:10001004  PA:10000bb8
20548588ns          346437 1c00928a 2b442703 lw               x14, 692(x8)        x14=ffffffdc  x8:10000004  PA:100002b8
20548627ns          346439 1c00928e 00e787b3 add              x15, x15, x14       x15=00001e3c x15:00001e60 x14:ffffffdc
20549025ns          346459 1c009290 4af42a23 sw               x15, 1204(x8)       x15:00001e3c  x8:10000004  PA:100004b8
20549065ns          346461 1c009294 bb84a783 lw               x15, -1096(x9)      x15=00001f88  x9:10001004  PA:10000bbc
20549085ns          346462 1c009298 2b842703 lw               x14, 696(x8)        x14=ffffffdb  x8:10000004  PA:100002bc
20549125ns          346464 1c00929c 00e787b3 add              x15, x15, x14       x15=00001f63 x15:00001f88 x14:ffffffdb
20549542ns          346485 1c00929e 4af42c23 sw               x15, 1208(x8)       x15:00001f63  x8:10000004  PA:100004bc
20549582ns          346487 1c0092a2 bbc4a783 lw               x15, -1092(x9)      x15=000020b0  x9:10001004  PA:10000bc0
20549602ns          346488 1c0092a6 2bc42703 lw               x14, 700(x8)        x14=ffffffda  x8:10000004  PA:100002c0
20549642ns          346490 1c0092aa 00e787b3 add              x15, x15, x14       x15=0000208a x15:000020b0 x14:ffffffda
20549662ns          346491 1c0092ac 4af42e23 sw               x15, 1212(x8)       x15:0000208a  x8:10000004  PA:100004c0
20550059ns          346511 1c0092b0 bc04a783 lw               x15, -1088(x9)      x15=00002218  x9:10001004  PA:10000bc4
20550099ns          346513 1c0092b4 2c042703 lw               x14, 704(x8)        x14=ffffffd9  x8:10000004  PA:100002c4
20550139ns          346515 1c0092b8 00e787b3 add              x15, x15, x14       x15=000021f1 x15:00002218 x14:ffffffd9
20550159ns          346516 1c0092ba 4cf42023 sw               x15, 1216(x8)       x15:000021f1  x8:10000004  PA:100004c4
20550577ns          346537 1c0092be bc44a783 lw               x15, -1084(x9)      x15=000023c0  x9:10001004  PA:10000bc8
20550656ns          346541 1c0092c2 2c442703 lw               x14, 708(x8)        x14=ffffffd8  x8:10000004  PA:100002c8
20550696ns          346543 1c0092c6 00e787b3 add              x15, x15, x14       x15=00002398 x15:000023c0 x14:ffffffd8
20550716ns          346544 1c0092c8 4cf42223 sw               x15, 1220(x8)       x15:00002398  x8:10000004  PA:100004c8
20550736ns          346545 1c0092cc bc84a783 lw               x15, -1080(x9)      x15=00002568  x9:10001004  PA:10000bcc
20551153ns          346566 1c0092d0 2c842703 lw               x14, 712(x8)        x14=ffffffd7  x8:10000004  PA:100002cc
20551193ns          346568 1c0092d4 00e787b3 add              x15, x15, x14       x15=0000253f x15:00002568 x14:ffffffd7
20551213ns          346569 1c0092d6 4cf42423 sw               x15, 1224(x8)       x15:0000253f  x8:10000004  PA:100004cc
20551233ns          346570 1c0092da bcc4a783 lw               x15, -1076(x9)      x15=00002710  x9:10001004  PA:10000bd0
20551671ns          346592 1c0092de 2cc42703 lw               x14, 716(x8)        x14=ffffffd6  x8:10000004  PA:100002d0
20551710ns          346594 1c0092e2 00e787b3 add              x15, x15, x14       x15=000026e6 x15:00002710 x14:ffffffd6
20551730ns          346595 1c0092e4 4cf42623 sw               x15, 1228(x8)       x15:000026e6  x8:10000004  PA:100004d0
20551750ns          346596 1c0092e8 bd04a783 lw               x15, -1072(x9)      x15=000028b8  x9:10001004  PA:10000bd4
20551770ns          346597 1c0092ec 2d042703 lw               x14, 720(x8)        x14=ffffffd5  x8:10000004  PA:100002d4
20552188ns          346618 1c0092f0 00e787b3 add              x15, x15, x14       x15=0000288d x15:000028b8 x14:ffffffd5
20552228ns          346620 1c0092f2 4cf42823 sw               x15, 1232(x8)       x15:0000288d  x8:10000004  PA:100004d4
20552247ns          346621 1c0092f6 bd44a783 lw               x15, -1068(x9)      x15=00002a60  x9:10001004  PA:10000bd8
20552267ns          346622 1c0092fa 2d442703 lw               x14, 724(x8)        x14=ffffffd4  x8:10000004  PA:100002d8
20552307ns          346624 1c0092fe 00e787b3 add              x15, x15, x14       x15=00002a34 x15:00002a60 x14:ffffffd4
20552705ns          346644 1c009300 4cf42a23 sw               x15, 1236(x8)       x15:00002a34  x8:10000004  PA:100004d8
20552745ns          346646 1c009304 bd84a783 lw               x15, -1064(x9)      x15=00002c08  x9:10001004  PA:10000bdc
20552765ns          346647 1c009308 2d842703 lw               x14, 728(x8)        x14=ffffffd3  x8:10000004  PA:100002dc
20552804ns          346649 1c00930c 00e787b3 add              x15, x15, x14       x15=00002bdb x15:00002c08 x14:ffffffd3
20553222ns          346670 1c00930e 4cf42c23 sw               x15, 1240(x8)       x15:00002bdb  x8:10000004  PA:100004dc
20553262ns          346672 1c009312 bdc4a783 lw               x15, -1060(x9)      x15=00002db0  x9:10001004  PA:10000be0
20553282ns          346673 1c009316 2dc42703 lw               x14, 732(x8)        x14=ffffffd2  x8:10000004  PA:100002e0
20553322ns          346675 1c00931a 00e787b3 add              x15, x15, x14       x15=00002d82 x15:00002db0 x14:ffffffd2
20553341ns          346676 1c00931c 4cf42e23 sw               x15, 1244(x8)       x15:00002d82  x8:10000004  PA:100004e0
20553759ns          346697 1c009320 be04a783 lw               x15, -1056(x9)      x15=00002b98  x9:10001004  PA:10000be4
20553799ns          346699 1c009324 2e042703 lw               x14, 736(x8)        x14=ffffffd1  x8:10000004  PA:100002e4
20553839ns          346701 1c009328 00e787b3 add              x15, x15, x14       x15=00002b69 x15:00002b98 x14:ffffffd1
20553859ns          346702 1c00932a 4ef42023 sw               x15, 1248(x8)       x15:00002b69  x8:10000004  PA:100004e4
20554276ns          346723 1c00932e be44a783 lw               x15, -1052(x9)      x15=00002dc0  x9:10001004  PA:10000be8
20554316ns          346725 1c009332 2e442703 lw               x14, 740(x8)        x14=ffffffd0  x8:10000004  PA:100002e8
20554356ns          346727 1c009336 00e787b3 add              x15, x15, x14       x15=00002d90 x15:00002dc0 x14:ffffffd0
20554376ns          346728 1c009338 4ef42223 sw               x15, 1252(x8)       x15:00002d90  x8:10000004  PA:100004e8
20554396ns          346729 1c00933c be84a783 lw               x15, -1048(x9)      x15=00002fe8  x9:10001004  PA:10000bec
20554793ns          346749 1c009340 2e842703 lw               x14, 744(x8)        x14=ffffffcf  x8:10000004  PA:100002ec
20554833ns          346751 1c009344 00e787b3 add              x15, x15, x14       x15=00002fb7 x15:00002fe8 x14:ffffffcf
20554853ns          346752 1c009346 4ef42423 sw               x15, 1256(x8)       x15:00002fb7  x8:10000004  PA:100004ec
20554873ns          346753 1c00934a bec4a783 lw               x15, -1044(x9)      x15=00003210  x9:10001004  PA:10000bf0
20555311ns          346775 1c00934e 2ec42703 lw               x14, 748(x8)        x14=ffffffce  x8:10000004  PA:100002f0
20555350ns          346777 1c009352 00e787b3 add              x15, x15, x14       x15=000031de x15:00003210 x14:ffffffce
20555370ns          346778 1c009354 4ef42623 sw               x15, 1260(x8)       x15:000031de  x8:10000004  PA:100004f0
20555390ns          346779 1c009358 bf04a783 lw               x15, -1040(x9)      x15=00003438  x9:10001004  PA:10000bf4
20555410ns          346780 1c00935c 2f042703 lw               x14, 752(x8)        x14=ffffffcd  x8:10000004  PA:100002f4
20555828ns          346801 1c009360 00e787b3 add              x15, x15, x14       x15=00003405 x15:00003438 x14:ffffffcd
20555868ns          346803 1c009362 4ef42823 sw               x15, 1264(x8)       x15:00003405  x8:10000004  PA:100004f4
20555887ns          346804 1c009366 bf44a783 lw               x15, -1036(x9)      x15=00003660  x9:10001004  PA:10000bf8
20555907ns          346805 1c00936a 2f442703 lw               x14, 756(x8)        x14=ffffffcc  x8:10000004  PA:100002f8
20555947ns          346807 1c00936e 00e787b3 add              x15, x15, x14       x15=0000362c x15:00003660 x14:ffffffcc
20556365ns          346828 1c009370 4ef42a23 sw               x15, 1268(x8)       x15:0000362c  x8:10000004  PA:100004f8
20556405ns          346830 1c009374 bf84a783 lw               x15, -1032(x9)      x15=00003888  x9:10001004  PA:10000bfc
20556425ns          346831 1c009378 2f842703 lw               x14, 760(x8)        x14=ffffffcb  x8:10000004  PA:100002fc
20556464ns          346833 1c00937c 00e787b3 add              x15, x15, x14       x15=00003853 x15:00003888 x14:ffffffcb
20556882ns          346854 1c00937e 4ef42c23 sw               x15, 1272(x8)       x15:00003853  x8:10000004  PA:100004fc
20556922ns          346856 1c009382 bfc4a783 lw               x15, -1028(x9)      x15=00003ab0  x9:10001004  PA:10000c00
20556942ns          346857 1c009386 2fc42703 lw               x14, 764(x8)        x14=ffffffca  x8:10000004  PA:10000300
20556981ns          346859 1c00938a 00e787b3 add              x15, x15, x14       x15=00003a7a x15:00003ab0 x14:ffffffca
20557001ns          346860 1c00938c 4ef42e23 sw               x15, 1276(x8)       x15:00003a7a  x8:10000004  PA:10000500
20557399ns          346880 1c009390 21a020ef jal              x1, 8730             x1=1c009394
20557519ns          346886 1c00b5aa f14027f3 csrrs            x15, x0, 0xf14      x15=00000002
20557538ns          346887 1c00b5ae 01f00713 addi             x14, x0, 31         x14=0000001f
20557578ns          346889 1c00b5b0 ca5797b3 p.extractu       x15, x15, 5, 5      x15=00000000 x15:00000002
20557618ns          346891 1c00b5b4 00e78863 beq              x15, x14, 16        x15:00000000 x14:0000001f
20557638ns          346892 1c00b5b8 002047b7 lui              x15, 0x204000       x15=00204000
20557658ns          346893 1c00b5bc 20078793 addi             x15, x15, 512       x15=00204200 x15:00204000
20557757ns          346898 1c00b5c0 01c7e703 p.elw            x14, 28(x15)        x14=00010000 x15:00204200  PA:0020421c
20585385ns          348287 1c00b5c4 00008067 jalr             x0, x1, 0            x1:1c009394
20585425ns          348289 1c009394 100007b7 lui              x15, 0x10000000     x15=10000000
20585445ns          348290 1c009398 00478793 addi             x15, x15, 4         x15=10000004 x15:10000000
20585465ns          348291 1c00939c 5007a683 lw               x13, 1280(x15)      x13=000c431c x15:10000004  PA:10000504
20586121ns          348324 1c0093a0 3007a703 lw               x14, 768(x15)       x14=00000031 x15:10000004  PA:10000304
20586161ns          348326 1c0093a4 00d70733 add              x14, x14, x13       x14=000c434d x14:00000031 x13:000c431c
20586181ns          348327 1c0093a6 d0e4a023 sw               x14, -768(x9)       x14:000c434d  x9:10001004  PA:10000d04
20586201ns          348328 1c0093aa 5047a683 lw               x13, 1284(x15)      x13=000cdc60 x15:10000004  PA:10000508
20586658ns          348351 1c0093ae 3047a703 lw               x14, 772(x15)       x14=00000030 x15:10000004  PA:10000308
20586698ns          348353 1c0093b2 00d70733 add              x14, x14, x13       x14=000cdc90 x14:00000030 x13:000cdc60
20586718ns          348354 1c0093b4 d0e4a223 sw               x14, -764(x9)       x14:000cdc90  x9:10001004  PA:10000d08
20586738ns          348355 1c0093b8 5087a683 lw               x13, 1288(x15)      x13=000d75a4 x15:10000004  PA:1000050c
20586758ns          348356 1c0093bc 3087a703 lw               x14, 776(x15)       x14=0000002f x15:10000004  PA:1000030c
20587215ns          348379 1c0093c0 00d70733 add              x14, x14, x13       x14=000d75d3 x14:0000002f x13:000d75a4
20587255ns          348381 1c0093c2 d0e4a423 sw               x14, -760(x9)       x14:000d75d3  x9:10001004  PA:10000d0c
20587275ns          348382 1c0093c6 50c7a683 lw               x13, 1292(x15)      x13=000e0ee8 x15:10000004  PA:10000510
20587295ns          348383 1c0093ca 30c7a703 lw               x14, 780(x15)       x14=0000002e x15:10000004  PA:10000310
20587335ns          348385 1c0093ce 00d70733 add              x14, x14, x13       x14=000e0f16 x14:0000002e x13:000e0ee8
20587752ns          348406 1c0093d0 d0e4a623 sw               x14, -756(x9)       x14:000e0f16  x9:10001004  PA:10000d10
20587812ns          348409 1c0093d4 5107a683 lw               x13, 1296(x15)      x13=000ea82c x15:10000004  PA:10000514
20587832ns          348410 1c0093d8 3107a703 lw               x14, 784(x15)       x14=0000002d x15:10000004  PA:10000314
20587872ns          348412 1c0093dc 00d70733 add              x14, x14, x13       x14=000ea859 x14:0000002d x13:000ea82c
20588290ns          348433 1c0093de d0e4a823 sw               x14, -752(x9)       x14:000ea859  x9:10001004  PA:10000d14
20588329ns          348435 1c0093e2 5147a683 lw               x13, 1300(x15)      x13=000f4170 x15:10000004  PA:10000518
20588349ns          348436 1c0093e6 3147a703 lw               x14, 788(x15)       x14=0000002c x15:10000004  PA:10000318
20588389ns          348438 1c0093ea 00d70733 add              x14, x14, x13       x14=000f419c x14:0000002c x13:000f4170
20588409ns          348439 1c0093ec d0e4aa23 sw               x14, -748(x9)       x14:000f419c  x9:10001004  PA:10000d18
20588846ns          348461 1c0093f0 5187a683 lw               x13, 1304(x15)      x13=000fdab4 x15:10000004  PA:1000051c
20588886ns          348463 1c0093f4 3187a703 lw               x14, 792(x15)       x14=0000002b x15:10000004  PA:1000031c
20588926ns          348465 1c0093f8 00d70733 add              x14, x14, x13       x14=000fdadf x14:0000002b x13:000fdab4
20588946ns          348466 1c0093fa d0e4ac23 sw               x14, -744(x9)       x14:000fdadf  x9:10001004  PA:10000d1c
20589384ns          348488 1c0093fe 51c7a683 lw               x13, 1308(x15)      x13=001073f8 x15:10000004  PA:10000520
20589423ns          348490 1c009402 31c7a703 lw               x14, 796(x15)       x14=0000002a x15:10000004  PA:10000320
20589463ns          348492 1c009406 00d70733 add              x14, x14, x13       x14=00107422 x14:0000002a x13:001073f8
20589483ns          348493 1c009408 d0e4ae23 sw               x14, -740(x9)       x14:00107422  x9:10001004  PA:10000d20
20589503ns          348494 1c00940c 5207a683 lw               x13, 1312(x15)      x13=00076cdc x15:10000004  PA:10000524
20589921ns          348515 1c009410 3207a703 lw               x14, 800(x15)       x14=00000029 x15:10000004  PA:10000324
20589960ns          348517 1c009414 00d70733 add              x14, x14, x13       x14=00076d05 x14:00000029 x13:00076cdc
20589980ns          348518 1c009416 d2e4a023 sw               x14, -736(x9)       x14:00076d05  x9:10001004  PA:10000d24
20590000ns          348519 1c00941a 5247a683 lw               x13, 1316(x15)      x13=0007c960 x15:10000004  PA:10000528
20590458ns          348542 1c00941e 3247a703 lw               x14, 804(x15)       x14=00000028 x15:10000004  PA:10000328
20590497ns          348544 1c009422 00d70733 add              x14, x14, x13       x14=0007c988 x14:00000028 x13:0007c960
20590517ns          348545 1c009424 d2e4a223 sw               x14, -732(x9)       x14:0007c988  x9:10001004  PA:10000d28
20590537ns          348546 1c009428 5287a683 lw               x13, 1320(x15)      x13=000825e4 x15:10000004  PA:1000052c
20590557ns          348547 1c00942c 3287a703 lw               x14, 808(x15)       x14=00000027 x15:10000004  PA:1000032c
20591015ns          348570 1c009430 00d70733 add              x14, x14, x13       x14=0008260b x14:00000027 x13:000825e4
20591054ns          348572 1c009432 d2e4a423 sw               x14, -728(x9)       x14:0008260b  x9:10001004  PA:10000d2c
20591074ns          348573 1c009436 52c7a683 lw               x13, 1324(x15)      x13=00088268 x15:10000004  PA:10000530
20591094ns          348574 1c00943a 32c7a703 lw               x14, 812(x15)       x14=00000026 x15:10000004  PA:10000330
20591134ns          348576 1c00943e 00d70733 add              x14, x14, x13       x14=0008828e x14:00000026 x13:00088268
20591552ns          348597 1c009440 d2e4a623 sw               x14, -724(x9)       x14:0008828e  x9:10001004  PA:10000d30
20591591ns          348599 1c009444 5307a683 lw               x13, 1328(x15)      x13=0008deec x15:10000004  PA:10000534
20591611ns          348600 1c009448 3307a703 lw               x14, 816(x15)       x14=00000025 x15:10000004  PA:10000334
20591651ns          348602 1c00944c 00d70733 add              x14, x14, x13       x14=0008df11 x14:00000025 x13:0008deec
20592089ns          348624 1c00944e d2e4a823 sw               x14, -720(x9)       x14:0008df11  x9:10001004  PA:10000d34
20592128ns          348626 1c009452 5347a683 lw               x13, 1332(x15)      x13=00093b70 x15:10000004  PA:10000538
20592148ns          348627 1c009456 3347a703 lw               x14, 820(x15)       x14=00000024 x15:10000004  PA:10000338
20592188ns          348629 1c00945a 00d70733 add              x14, x14, x13       x14=00093b94 x14:00000024 x13:00093b70
20592208ns          348630 1c00945c d2e4aa23 sw               x14, -716(x9)       x14:00093b94  x9:10001004  PA:10000d38
20592626ns          348651 1c009460 5387a683 lw               x13, 1336(x15)      x13=000997f4 x15:10000004  PA:1000053c
20592665ns          348653 1c009464 3387a703 lw               x14, 824(x15)       x14=00000023 x15:10000004  PA:1000033c
20592705ns          348655 1c009468 00d70733 add              x14, x14, x13       x14=00099817 x14:00000023 x13:000997f4
20592725ns          348656 1c00946a d2e4ac23 sw               x14, -712(x9)       x14:00099817  x9:10001004  PA:10000d3c
20593163ns          348678 1c00946e 53c7a683 lw               x13, 1340(x15)      x13=0009f478 x15:10000004  PA:10000540
20593203ns          348680 1c009472 33c7a703 lw               x14, 828(x15)       x14=00000022 x15:10000004  PA:10000340
20593242ns          348682 1c009476 00d70733 add              x14, x14, x13       x14=0009f49a x14:00000022 x13:0009f478
20593262ns          348683 1c009478 d2e4ae23 sw               x14, -708(x9)       x14:0009f49a  x9:10001004  PA:10000d40
20593282ns          348684 1c00947c 5407a683 lw               x13, 1344(x15)      x13=0002969c x15:10000004  PA:10000544
20593720ns          348706 1c009480 3407a703 lw               x14, 832(x15)       x14=00000021 x15:10000004  PA:10000344
20593759ns          348708 1c009484 00d70733 add              x14, x14, x13       x14=000296bd x14:00000021 x13:0002969c
20593779ns          348709 1c009486 d4e4a023 sw               x14, -704(x9)       x14:000296bd  x9:10001004  PA:10000d44
20593799ns          348710 1c00948a 5447a683 lw               x13, 1348(x15)      x13=0002b660 x15:10000004  PA:10000548
20594257ns          348733 1c00948e 3447a703 lw               x14, 836(x15)       x14=00000020 x15:10000004  PA:10000348
20594297ns          348735 1c009492 00d70733 add              x14, x14, x13       x14=0002b680 x14:00000020 x13:0002b660
20594316ns          348736 1c009494 d4e4a223 sw               x14, -700(x9)       x14:0002b680  x9:10001004  PA:10000d48
20594336ns          348737 1c009498 5487a683 lw               x13, 1352(x15)      x13=0002d624 x15:10000004  PA:1000054c
20594356ns          348738 1c00949c 3487a703 lw               x14, 840(x15)       x14=0000001f x15:10000004  PA:1000034c
20594794ns          348760 1c0094a0 00d70733 add              x14, x14, x13       x14=0002d643 x14:0000001f x13:0002d624
20594834ns          348762 1c0094a2 d4e4a423 sw               x14, -696(x9)       x14:0002d643  x9:10001004  PA:10000d4c
20594853ns          348763 1c0094a6 54c7a683 lw               x13, 1356(x15)      x13=0002f5e8 x15:10000004  PA:10000550
20594873ns          348764 1c0094aa 34c7a703 lw               x14, 844(x15)       x14=0000001e x15:10000004  PA:10000350
20594913ns          348766 1c0094ae 00d70733 add              x14, x14, x13       x14=0002f606 x14:0000001e x13:0002f5e8
20595331ns          348787 1c0094b0 d4e4a623 sw               x14, -692(x9)       x14:0002f606  x9:10001004  PA:10000d50
20595371ns          348789 1c0094b4 5507a683 lw               x13, 1360(x15)      x13=000315ac x15:10000004  PA:10000554
20595391ns          348790 1c0094b8 3507a703 lw               x14, 848(x15)       x14=0000001d x15:10000004  PA:10000354
20595430ns          348792 1c0094bc 00d70733 add              x14, x14, x13       x14=000315c9 x14:0000001d x13:000315ac
20595868ns          348814 1c0094be d4e4a823 sw               x14, -688(x9)       x14:000315c9  x9:10001004  PA:10000d54
20595908ns          348816 1c0094c2 5547a683 lw               x13, 1364(x15)      x13=00033570 x15:10000004  PA:10000558
20595928ns          348817 1c0094c6 3547a703 lw               x14, 852(x15)       x14=0000001c x15:10000004  PA:10000358
20595967ns          348819 1c0094ca 00d70733 add              x14, x14, x13       x14=0003358c x14:0000001c x13:00033570
20595987ns          348820 1c0094cc d4e4aa23 sw               x14, -684(x9)       x14:0003358c  x9:10001004  PA:10000d58
20596425ns          348842 1c0094d0 5587a683 lw               x13, 1368(x15)      x13=00035534 x15:10000004  PA:1000055c
20596465ns          348844 1c0094d4 3587a703 lw               x14, 856(x15)       x14=0000001b x15:10000004  PA:1000035c
20596504ns          348846 1c0094d8 00d70733 add              x14, x14, x13       x14=0003554f x14:0000001b x13:00035534
20596524ns          348847 1c0094da d4e4ac23 sw               x14, -680(x9)       x14:0003554f  x9:10001004  PA:10000d5c
20596962ns          348869 1c0094de 55c7a683 lw               x13, 1372(x15)      x13=000374f8 x15:10000004  PA:10000560
20597002ns          348871 1c0094e2 35c7a703 lw               x14, 860(x15)       x14=0000001a x15:10000004  PA:10000360
20597041ns          348873 1c0094e6 00d70733 add              x14, x14, x13       x14=00037512 x14:0000001a x13:000374f8
20597061ns          348874 1c0094e8 d4e4ae23 sw               x14, -676(x9)       x14:00037512  x9:10001004  PA:10000d60
20597081ns          348875 1c0094ec 5607a683 lw               x13, 1376(x15)      x13=fffdc05c x15:10000004  PA:10000564
20597499ns          348896 1c0094f0 3607a703 lw               x14, 864(x15)       x14=00000019 x15:10000004  PA:10000364
20597539ns          348898 1c0094f4 00d70733 add              x14, x14, x13       x14=fffdc075 x14:00000019 x13:fffdc05c
20597559ns          348899 1c0094f6 d6e4a023 sw               x14, -672(x9)       x14:fffdc075  x9:10001004  PA:10000d64
20597578ns          348900 1c0094fa 5647a683 lw               x13, 1380(x15)      x13=fffda360 x15:10000004  PA:10000568
20598056ns          348924 1c0094fe 3647a703 lw               x14, 868(x15)       x14=00000018 x15:10000004  PA:10000368
20598116ns          348927 1c009502 00d70733 add              x14, x14, x13       x14=fffda378 x14:00000018 x13:fffda360
20598135ns          348928 1c009504 d6e4a223 sw               x14, -668(x9)       x14:fffda378  x9:10001004  PA:10000d68
20598155ns          348929 1c009508 5687a703 lw               x14, 1384(x15)      x14=fffd8664 x15:10000004  PA:1000056c
20598175ns          348930 1c00950c 3687a683 lw               x13, 872(x15)       x13=00000017 x15:10000004  PA:1000036c
20598593ns          348951 1c009510 00d70733 add              x14, x14, x13       x14=fffd867b x14:fffd8664 x13:00000017
20598633ns          348953 1c009512 d6e4a423 sw               x14, -664(x9)       x14:fffd867b  x9:10001004  PA:10000d6c
20598653ns          348954 1c009516 56c7a703 lw               x14, 1388(x15)      x14=fffd6968 x15:10000004  PA:10000570
20598672ns          348955 1c00951a 36c7a683 lw               x13, 876(x15)       x13=00000016 x15:10000004  PA:10000370
20598712ns          348957 1c00951e 00d70733 add              x14, x14, x13       x14=fffd697e x14:fffd6968 x13:00000016
20599150ns          348979 1c009520 d6e4a623 sw               x14, -660(x9)       x14:fffd697e  x9:10001004  PA:10000d70
20599190ns          348981 1c009524 5707a683 lw               x13, 1392(x15)      x13=fffd4c6c x15:10000004  PA:10000574
20599210ns          348982 1c009528 3707a703 lw               x14, 880(x15)       x14=00000015 x15:10000004  PA:10000374
20599249ns          348984 1c00952c 00d70733 add              x14, x14, x13       x14=fffd4c81 x14:00000015 x13:fffd4c6c
20599687ns          349006 1c00952e d6e4a823 sw               x14, -656(x9)       x14:fffd4c81  x9:10001004  PA:10000d74
20599727ns          349008 1c009532 5747a683 lw               x13, 1396(x15)      x13=fffd2f70 x15:10000004  PA:10000578
20599747ns          349009 1c009536 3747a703 lw               x14, 884(x15)       x14=00000014 x15:10000004  PA:10000378
20599786ns          349011 1c00953a 00d70733 add              x14, x14, x13       x14=fffd2f84 x14:00000014 x13:fffd2f70
20599806ns          349012 1c00953c d6e4aa23 sw               x14, -652(x9)       x14:fffd2f84  x9:10001004  PA:10000d78
20600224ns          349033 1c009540 5787a703 lw               x14, 1400(x15)      x14=fffd1274 x15:10000004  PA:1000057c
20600264ns          349035 1c009544 3787a683 lw               x13, 888(x15)       x13=00000013 x15:10000004  PA:1000037c
20600304ns          349037 1c009548 00d70733 add              x14, x14, x13       x14=fffd1287 x14:fffd1274 x13:00000013
20600323ns          349038 1c00954a d6e4ac23 sw               x14, -648(x9)       x14:fffd1287  x9:10001004  PA:10000d7c
20600781ns          349061 1c00954e 57c7a703 lw               x14, 1404(x15)      x14=fffcf578 x15:10000004  PA:10000580
20600821ns          349063 1c009552 37c7a683 lw               x13, 892(x15)       x13=00000012 x15:10000004  PA:10000380
20600860ns          349065 1c009556 00d70733 add              x14, x14, x13       x14=fffcf58a x14:fffcf578 x13:00000012
20600880ns          349066 1c009558 d6e4ae23 sw               x14, -644(x9)       x14:fffcf58a  x9:10001004  PA:10000d80
20600900ns          349067 1c00955c 5807a703 lw               x14, 1408(x15)      x14=fff8ea1c x15:10000004  PA:10000584
20601318ns          349088 1c009560 3807a683 lw               x13, 896(x15)       x13=00000011 x15:10000004  PA:10000384
20601358ns          349090 1c009564 00d70733 add              x14, x14, x13       x14=fff8ea2d x14:fff8ea1c x13:00000011
20601378ns          349091 1c009566 d8e4a023 sw               x14, -640(x9)       x14:fff8ea2d  x9:10001004  PA:10000d84
20601398ns          349092 1c00956a 5847a703 lw               x14, 1412(x15)      x14=fff89060 x15:10000004  PA:10000588
20601855ns          349115 1c00956e 3847a683 lw               x13, 900(x15)       x13=00000010 x15:10000004  PA:10000388
20601895ns          349117 1c009572 00d70733 add              x14, x14, x13       x14=fff89070 x14:fff89060 x13:00000010
20601915ns          349118 1c009574 d8e4a223 sw               x14, -636(x9)       x14:fff89070  x9:10001004  PA:10000d88
20601935ns          349119 1c009578 5887a703 lw               x14, 1416(x15)      x14=fff836a4 x15:10000004  PA:1000058c
20601954ns          349120 1c00957c 3887a683 lw               x13, 904(x15)       x13=0000000f x15:10000004  PA:1000038c
20602392ns          349142 1c009580 00d70733 add              x14, x14, x13       x14=fff836b3 x14:fff836a4 x13:0000000f
20602432ns          349144 1c009582 d8e4a423 sw               x14, -632(x9)       x14:fff836b3  x9:10001004  PA:10000d8c
20602452ns          349145 1c009586 58c7a703 lw               x14, 1420(x15)      x14=fff7dce8 x15:10000004  PA:10000590
20602472ns          349146 1c00958a 38c7a683 lw               x13, 908(x15)       x13=0000000e x15:10000004  PA:10000390
20602511ns          349148 1c00958e 00d70733 add              x14, x14, x13       x14=fff7dcf6 x14:fff7dce8 x13:0000000e
20602929ns          349169 1c009590 d8e4a623 sw               x14, -628(x9)       x14:fff7dcf6  x9:10001004  PA:10000d90
20602969ns          349171 1c009594 5907a703 lw               x14, 1424(x15)      x14=fff7832c x15:10000004  PA:10000594
20602989ns          349172 1c009598 3907a683 lw               x13, 912(x15)       x13=0000000d x15:10000004  PA:10000394
20603029ns          349174 1c00959c 00d70733 add              x14, x14, x13       x14=fff78339 x14:fff7832c x13:0000000d
20603486ns          349197 1c00959e d8e4a823 sw               x14, -624(x9)       x14:fff78339  x9:10001004  PA:10000d94
20603526ns          349199 1c0095a2 5947a703 lw               x14, 1428(x15)      x14=fff72970 x15:10000004  PA:10000598
20603546ns          349200 1c0095a6 3947a683 lw               x13, 916(x15)       x13=0000000c x15:10000004  PA:10000398
20603586ns          349202 1c0095aa 00d70733 add              x14, x14, x13       x14=fff7297c x14:fff72970 x13:0000000c
20603605ns          349203 1c0095ac d8e4aa23 sw               x14, -620(x9)       x14:fff7297c  x9:10001004  PA:10000d98
20604023ns          349224 1c0095b0 5987a703 lw               x14, 1432(x15)      x14=fff6cfb4 x15:10000004  PA:1000059c
20604063ns          349226 1c0095b4 3987a683 lw               x13, 920(x15)       x13=0000000b x15:10000004  PA:1000039c
20604103ns          349228 1c0095b8 00d70733 add              x14, x14, x13       x14=fff6cfbf x14:fff6cfb4 x13:0000000b
20604123ns          349229 1c0095ba d8e4ac23 sw               x14, -616(x9)       x14:fff6cfbf  x9:10001004  PA:10000d9c
20604560ns          349251 1c0095be 59c7a703 lw               x14, 1436(x15)      x14=fff675f8 x15:10000004  PA:100005a0
20604600ns          349253 1c0095c2 39c7a683 lw               x13, 924(x15)       x13=0000000a x15:10000004  PA:100003a0
20604640ns          349255 1c0095c6 00d70733 add              x14, x14, x13       x14=fff67602 x14:fff675f8 x13:0000000a
20604660ns          349256 1c0095c8 d8e4ae23 sw               x14, -612(x9)       x14:fff67602  x9:10001004  PA:10000da0
20604679ns          349257 1c0095cc 5a07a703 lw               x14, 1440(x15)      x14=fff413dc x15:10000004  PA:100005a4
20605097ns          349278 1c0095d0 3a07a683 lw               x13, 928(x15)       x13=00000009 x15:10000004  PA:100003a4
20605137ns          349280 1c0095d4 00d70733 add              x14, x14, x13       x14=fff413e5 x14:fff413dc x13:00000009
20605157ns          349281 1c0095d6 dae4a023 sw               x14, -608(x9)       x14:fff413e5  x9:10001004  PA:10000da4
20605177ns          349282 1c0095da 5a47a703 lw               x14, 1444(x15)      x14=fff37d60 x15:10000004  PA:100005a8
20605654ns          349306 1c0095de 3a47a683 lw               x13, 932(x15)       x13=00000008 x15:10000004  PA:100003a8
20605694ns          349308 1c0095e2 00d70733 add              x14, x14, x13       x14=fff37d68 x14:fff37d60 x13:00000008
20605714ns          349309 1c0095e4 dae4a223 sw               x14, -604(x9)       x14:fff37d68  x9:10001004  PA:10000da8
20605734ns          349310 1c0095e8 5a87a703 lw               x14, 1448(x15)      x14=fff2e6e4 x15:10000004  PA:100005ac
20605754ns          349311 1c0095ec 3a87a683 lw               x13, 936(x15)       x13=00000007 x15:10000004  PA:100003ac
20606191ns          349333 1c0095f0 00d70733 add              x14, x14, x13       x14=fff2e6eb x14:fff2e6e4 x13:00000007
20606231ns          349335 1c0095f2 dae4a423 sw               x14, -600(x9)       x14:fff2e6eb  x9:10001004  PA:10000dac
20606251ns          349336 1c0095f6 5ac7a703 lw               x14, 1452(x15)      x14=fff25068 x15:10000004  PA:100005b0
20606271ns          349337 1c0095fa 3ac7a683 lw               x13, 940(x15)       x13=00000006 x15:10000004  PA:100003b0
20606311ns          349339 1c0095fe 00d70733 add              x14, x14, x13       x14=fff2506e x14:fff25068 x13:00000006
20606728ns          349360 1c009600 dae4a623 sw               x14, -596(x9)       x14:fff2506e  x9:10001004  PA:10000db0
20606768ns          349362 1c009604 5b07a703 lw               x14, 1456(x15)      x14=fff1b9ec x15:10000004  PA:100005b4
20606788ns          349363 1c009608 3b07a683 lw               x13, 944(x15)       x13=00000005 x15:10000004  PA:100003b4
20606828ns          349365 1c00960c 00d70733 add              x14, x14, x13       x14=fff1b9f1 x14:fff1b9ec x13:00000005
20607265ns          349387 1c00960e dae4a823 sw               x14, -592(x9)       x14:fff1b9f1  x9:10001004  PA:10000db4
20607305ns          349389 1c009612 5b47a703 lw               x14, 1460(x15)      x14=fff12370 x15:10000004  PA:100005b8
20607325ns          349390 1c009616 3b47a683 lw               x13, 948(x15)       x13=00000004 x15:10000004  PA:100003b8
20607365ns          349392 1c00961a 00d70733 add              x14, x14, x13       x14=fff12374 x14:fff12370 x13:00000004
20607385ns          349393 1c00961c dae4aa23 sw               x14, -588(x9)       x14:fff12374  x9:10001004  PA:10000db8
20607802ns          349414 1c009620 5b87a703 lw               x14, 1464(x15)      x14=fff08cf4 x15:10000004  PA:100005bc
20607842ns          349416 1c009624 3b87a683 lw               x13, 952(x15)       x13=00000003 x15:10000004  PA:100003bc
20607882ns          349418 1c009628 00d70733 add              x14, x14, x13       x14=fff08cf7 x14:fff08cf4 x13:00000003
20607902ns          349419 1c00962a dae4ac23 sw               x14, -584(x9)       x14:fff08cf7  x9:10001004  PA:10000dbc
20608359ns          349442 1c00962e 5bc7a703 lw               x14, 1468(x15)      x14=ffeff678 x15:10000004  PA:100005c0
20608399ns          349444 1c009632 3bc7a683 lw               x13, 956(x15)       x13=00000002 x15:10000004  PA:100003c0
20608439ns          349446 1c009636 00d70733 add              x14, x14, x13       x14=ffeff67a x14:ffeff678 x13:00000002
20608459ns          349447 1c009638 dae4ae23 sw               x14, -580(x9)       x14:ffeff67a  x9:10001004  PA:10000dc0
20608479ns          349448 1c00963c 5c07a703 lw               x14, 1472(x15)      x14=ffef3d9c x15:10000004  PA:100005c4
20608896ns          349469 1c009640 3c07a683 lw               x13, 960(x15)       x13=00000001 x15:10000004  PA:100003c4
20608936ns          349471 1c009644 00d70733 add              x14, x14, x13       x14=ffef3d9d x14:ffef3d9c x13:00000001
20608956ns          349472 1c009646 dce4a023 sw               x14, -576(x9)       x14:ffef3d9d  x9:10001004  PA:10000dc4
20608976ns          349473 1c00964a 5c47a703 lw               x14, 1476(x15)      x14=ffee6a60 x15:10000004  PA:100005c8
20609433ns          349496 1c00964e 3c47a683 lw               x13, 964(x15)       x13=00000000 x15:10000004  PA:100003c8
20609473ns          349498 1c009652 00d70733 add              x14, x14, x13       x14=ffee6a60 x14:ffee6a60 x13:00000000
20609493ns          349499 1c009654 dce4a223 sw               x14, -572(x9)       x14:ffee6a60  x9:10001004  PA:10000dc8
20609513ns          349500 1c009658 5c87a703 lw               x14, 1480(x15)      x14=ffed9724 x15:10000004  PA:100005cc
20609533ns          349501 1c00965c 3c87a683 lw               x13, 968(x15)       x13=ffffffff x15:10000004  PA:100003cc
20609970ns          349523 1c009660 00d70733 add              x14, x14, x13       x14=ffed9723 x14:ffed9724 x13:ffffffff
20610010ns          349525 1c009662 dce4a423 sw               x14, -568(x9)       x14:ffed9723  x9:10001004  PA:10000dcc
20610030ns          349526 1c009666 5cc7a703 lw               x14, 1484(x15)      x14=ffecc3e8 x15:10000004  PA:100005d0
20610050ns          349527 1c00966a 3cc7a683 lw               x13, 972(x15)       x13=fffffffe x15:10000004  PA:100003d0
20610090ns          349529 1c00966e 00d70733 add              x14, x14, x13       x14=ffecc3e6 x14:ffecc3e8 x13:fffffffe
20610507ns          349550 1c009670 dce4a623 sw               x14, -564(x9)       x14:ffecc3e6  x9:10001004  PA:10000dd0
20610547ns          349552 1c009674 5d07a703 lw               x14, 1488(x15)      x14=ffebf0ac x15:10000004  PA:100005d4
20610567ns          349553 1c009678 3d07a683 lw               x13, 976(x15)       x13=fffffffd x15:10000004  PA:100003d4
20610607ns          349555 1c00967c 00d70733 add              x14, x14, x13       x14=ffebf0a9 x14:ffebf0ac x13:fffffffd
20611064ns          349578 1c00967e dce4a823 sw               x14, -560(x9)       x14:ffebf0a9  x9:10001004  PA:10000dd4
20611104ns          349580 1c009682 5d47a703 lw               x14, 1492(x15)      x14=ffeb1d70 x15:10000004  PA:100005d8
20611124ns          349581 1c009686 3d47a683 lw               x13, 980(x15)       x13=fffffffc x15:10000004  PA:100003d8
20611164ns          349583 1c00968a 00d70733 add              x14, x14, x13       x14=ffeb1d6c x14:ffeb1d70 x13:fffffffc
20611184ns          349584 1c00968c dce4aa23 sw               x14, -556(x9)       x14:ffeb1d6c  x9:10001004  PA:10000dd8
20611601ns          349605 1c009690 5d87a703 lw               x14, 1496(x15)      x14=ffea4a34 x15:10000004  PA:100005dc
20611641ns          349607 1c009694 3d87a683 lw               x13, 984(x15)       x13=fffffffb x15:10000004  PA:100003dc
20611681ns          349609 1c009698 00d70733 add              x14, x14, x13       x14=ffea4a2f x14:ffea4a34 x13:fffffffb
20611701ns          349610 1c00969a dce4ac23 sw               x14, -552(x9)       x14:ffea4a2f  x9:10001004  PA:10000ddc
20612139ns          349632 1c00969e 5dc7a703 lw               x14, 1500(x15)      x14=ffe976f8 x15:10000004  PA:100005e0
20612178ns          349634 1c0096a2 3dc7a683 lw               x13, 988(x15)       x13=fffffffa x15:10000004  PA:100003e0
20612218ns          349636 1c0096a6 00d70733 add              x14, x14, x13       x14=ffe976f2 x14:ffe976f8 x13:fffffffa
20612238ns          349637 1c0096a8 dce4ae23 sw               x14, -548(x9)       x14:ffe976f2  x9:10001004  PA:10000de0
20612258ns          349638 1c0096ac 5e07a703 lw               x14, 1504(x15)      x14=ffea675c x15:10000004  PA:100005e4
20612676ns          349659 1c0096b0 3e07a683 lw               x13, 992(x15)       x13=fffffff9 x15:10000004  PA:100003e4
20612715ns          349661 1c0096b4 00d70733 add              x14, x14, x13       x14=ffea6755 x14:ffea675c x13:fffffff9
20612735ns          349662 1c0096b6 dee4a023 sw               x14, -544(x9)       x14:ffea6755  x9:10001004  PA:10000de4
20612755ns          349663 1c0096ba 5e47a703 lw               x14, 1508(x15)      x14=ffe95760 x15:10000004  PA:100005e8
20613213ns          349686 1c0096be 3e47a683 lw               x13, 996(x15)       x13=fffffff8 x15:10000004  PA:100003e8
20613252ns          349688 1c0096c2 00d70733 add              x14, x14, x13       x14=ffe95758 x14:ffe95760 x13:fffffff8
20613272ns          349689 1c0096c4 dee4a223 sw               x14, -540(x9)       x14:ffe95758  x9:10001004  PA:10000de8
20613292ns          349690 1c0096c8 5e87a703 lw               x14, 1512(x15)      x14=ffe84764 x15:10000004  PA:100005ec
20613312ns          349691 1c0096cc 3e87a683 lw               x13, 1000(x15)      x13=fffffff7 x15:10000004  PA:100003ec
20613770ns          349714 1c0096d0 00d70733 add              x14, x14, x13       x14=ffe8475b x14:ffe84764 x13:fffffff7
20613809ns          349716 1c0096d2 dee4a423 sw               x14, -536(x9)       x14:ffe8475b  x9:10001004  PA:10000dec
20613829ns          349717 1c0096d6 5ec7a703 lw               x14, 1516(x15)      x14=ffe73768 x15:10000004  PA:100005f0
20613849ns          349718 1c0096da 3ec7a683 lw               x13, 1004(x15)      x13=fffffff6 x15:10000004  PA:100003f0
20613889ns          349720 1c0096de 00d70733 add              x14, x14, x13       x14=ffe7375e x14:ffe73768 x13:fffffff6
20614307ns          349741 1c0096e0 dee4a623 sw               x14, -532(x9)       x14:ffe7375e  x9:10001004  PA:10000df0
20614346ns          349743 1c0096e4 5f07a703 lw               x14, 1520(x15)      x14=ffe6276c x15:10000004  PA:100005f4
20614366ns          349744 1c0096e8 3f07a683 lw               x13, 1008(x15)      x13=fffffff5 x15:10000004  PA:100003f4
20614406ns          349746 1c0096ec 00d70733 add              x14, x14, x13       x14=ffe62761 x14:ffe6276c x13:fffffff5
20614844ns          349768 1c0096ee dee4a823 sw               x14, -528(x9)       x14:ffe62761  x9:10001004  PA:10000df4
20614883ns          349770 1c0096f2 5f47a703 lw               x14, 1524(x15)      x14=ffe51770 x15:10000004  PA:100005f8
20614903ns          349771 1c0096f6 3f47a683 lw               x13, 1012(x15)      x13=fffffff4 x15:10000004  PA:100003f8
20614943ns          349773 1c0096fa 00d70733 add              x14, x14, x13       x14=ffe51764 x14:ffe51770 x13:fffffff4
20614963ns          349774 1c0096fc dee4aa23 sw               x14, -524(x9)       x14:ffe51764  x9:10001004  PA:10000df8
20615401ns          349796 1c009700 5f87a703 lw               x14, 1528(x15)      x14=ffe40774 x15:10000004  PA:100005fc
20615440ns          349798 1c009704 3f87a683 lw               x13, 1016(x15)      x13=fffffff3 x15:10000004  PA:100003fc
20615480ns          349800 1c009708 00d70733 add              x14, x14, x13       x14=ffe40767 x14:ffe40774 x13:fffffff3
20615500ns          349801 1c00970a dee4ac23 sw               x14, -520(x9)       x14:ffe40767  x9:10001004  PA:10000dfc
20615938ns          349823 1c00970e 5fc7a703 lw               x14, 1532(x15)      x14=ffe2f778 x15:10000004  PA:10000600
20615977ns          349825 1c009712 3fc7a783 lw               x15, 1020(x15)      x15=fffffff2 x15:10000004  PA:10000400
20616017ns          349827 1c009716 00e787b3 add              x15, x15, x14       x15=ffe2f76a x15:fffffff2 x14:ffe2f778
20616037ns          349828 1c009718 def4ae23 sw               x15, -516(x9)       x15:ffe2f76a  x9:10001004  PA:10000e00
20616057ns          349829 1c00971c 68f010ef jal              x1, 7822             x1=1c009720
20616694ns          349861 1c00b5aa f14027f3 csrrs            x15, x0, 0xf14      x15=00000002
20616713ns          349862 1c00b5ae 01f00713 addi             x14, x0, 31         x14=0000001f
20616753ns          349864 1c00b5b0 ca5797b3 p.extractu       x15, x15, 5, 5      x15=00000000 x15:00000002
20616793ns          349866 1c00b5b4 00e78863 beq              x15, x14, 16        x15:00000000 x14:0000001f
20616813ns          349867 1c00b5b8 002047b7 lui              x15, 0x204000       x15=00204000
20616833ns          349868 1c00b5bc 20078793 addi             x15, x15, 512       x15=00204200 x15:00204000
20617211ns          349887 1c00b5c0 01c7e703 p.elw            x14, 28(x15)        x14=00010000 x15:00204200  PA:0020421c
20643924ns          351230 1c00b5c4 00008067 jalr             x0, x1, 0            x1:1c009720
20643964ns          351232 1c009720 00300793 addi             x15, x0, 3          x15=00000003
20643984ns          351233 1c009722 5527f963 bgeu             x15, x18, 1362      x15:00000003 x18:00000002
20644461ns          351257 1c009c74 100014b7 lui              x9, 0x10001000       x9=10001000
20644501ns          351259 1c009c78 00448493 addi             x9, x9, 4            x9=10001004  x9:10001000
20644521ns          351260 1c009c7c fb5ff06f jal              x0, -76            
20645078ns          351288 1c009c30 ffefb7b7 lui              x15, 0xffefb000     x15=ffefb000
20645117ns          351290 1c009c34 a0c78793 addi             x15, x15, -1524     x15=ffefaa0c x15:ffefb000
20645137ns          351291 1c009c38 00f12823 sw               x15, 16(x2)         x15:ffefaa0c  x2:10002798  PA:100027a8
20645157ns          351292 1c009c3a fff087b7 lui              x15, 0xfff08000     x15=fff08000
20645217ns          351295 1c009c3e 6c078793 addi             x15, x15, 1728      x15=fff086c0 x15:fff08000
20645237ns          351296 1c009c42 00f12a23 sw               x15, 20(x2)         x15:fff086c0  x2:10002798  PA:100027ac
20645257ns          351297 1c009c44 fff167b7 lui              x15, 0xfff16000     x15=fff16000
20645277ns          351298 1c009c48 37478793 addi             x15, x15, 884       x15=fff16374 x15:fff16000
20645296ns          351299 1c009c4c 00f12c23 sw               x15, 24(x2)         x15:fff16374  x2:10002798  PA:100027b0
20645356ns          351302 1c009c4e fff247b7 lui              x15, 0xfff24000     x15=fff24000
20645396ns          351304 1c009c52 02878793 addi             x15, x15, 40        x15=fff24028 x15:fff24000
20645416ns          351305 1c009c56 00f12e23 sw               x15, 28(x2)         x15:fff24028  x2:10002798  PA:100027b4
20645436ns          351306 1c009c58 00291913 slli             x18, x18, 0x2       x18=00000008 x18:00000002
20645456ns          351307 1c009c5a 02010793 addi             x15, x2, 32         x15=100027b8  x2:10002798
20645475ns          351308 1c009c5c 012484b3 add              x9, x9, x18          x9=1000100c  x9:10001004 x18:00000008
20645495ns          351309 1c009c5e 00f90933 add              x18, x18, x15       x18=100027c0 x18:00000008 x15:100027b8
20645734ns          351321 1c009c60 c004a503 lw               x10, -1024(x9)      x10=fff16374  x9:1000100c  PA:10000c0c
20645774ns          351323 1c009c64 ff092783 lw               x15, -16(x18)       x15=fff16374 x18:100027c0  PA:100027b0
20645814ns          351325 1c009c68 40f50533 sub              x10, x10, x15       x10=00000000 x10:fff16374 x15:fff16374
20645833ns          351326 1c009c6a 00a03533 sltu             x10, x0, x10        x10=00000000 x10:00000000
20645853ns          351327 1c009c6e 7b4010ef jal              x1, 6068             x1=1c009c72
20646331ns          351351 1c00b422 1c0017b7 lui              x15, 0x1c001000     x15=1c001000
20646351ns          351352 1c00b426 8507a783 lw               x15, -1968(x15)     x15=00000001 x15:1c001000  PA:1c000850
20646788ns          351374 1c00b42a 00079263 bne              x15, x0, 4          x15:00000001
20646848ns          351377 1c00b42e ff010113 addi             x2, x2, -16          x2=10002788  x2:10002798
20646868ns          351378 1c00b430 00812423 sw               x8, 8(x2)            x8:10000004  x2:10002788  PA:10002790
20646888ns          351379 1c00b432 00a00433 add              x8, x0, x10          x8=00000000 x10:00000000
20646908ns          351380 1c00b434 1c000537 lui              x10, 0x1c000000     x10=1c000000
20646927ns          351381 1c00b438 03050513 addi             x10, x10, 48        x10=1c000030 x10:1c000000
20646947ns          351382 1c00b43c 00112623 sw               x1, 12(x2)           x1:1c009c72  x2:10002788  PA:10002794
20647365ns          351403 1c00b43e e89fe0ef jal              x1, -4472            x1=1c00b442
20647882ns          351429 1c00a2c6 fc010113 addi             x2, x2, -64          x2=10002748  x2:10002788
20647922ns          351431 1c00a2c8 02410313 addi             x6, x2, 36           x6=1000276c  x2:10002748
20647942ns          351432 1c00a2cc 02c12423 sw               x12, 40(x2)         x12:10000a04  x2:10002748  PA:10002770
20647962ns          351433 1c00a2ce 00a00633 add              x12, x0, x10        x12=1c000030 x10:1c000030
20648399ns          351455 1c00a2d0 1c00a537 lui              x10, 0x1c00a000     x10=1c00a000
20648439ns          351457 1c00a2d4 02b12223 sw               x11, 36(x2)         x11:10000904  x2:10002748  PA:1000276c
20648459ns          351458 1c00a2d6 02d12623 sw               x13, 44(x2)         x13:fffffff3  x2:10002748  PA:10002774
20648479ns          351459 1c00a2d8 00200593 addi             x11, x0, 2          x11=00000002
20648499ns          351460 1c00a2da 006006b3 add              x13, x0, x6         x13=1000276c  x6:1000276c
20648519ns          351461 1c00a2dc 28250513 addi             x10, x10, 642       x10=1c00a282 x10:1c00a000
20648917ns          351481 1c00a2e0 00112e23 sw               x1, 28(x2)           x1:1c00b442  x2:10002748  PA:10002764
20648936ns          351482 1c00a2e2 02e12823 sw               x14, 48(x2)         x14:00010000  x2:10002748  PA:10002778
20648956ns          351483 1c00a2e4 02f12a23 sw               x15, 52(x2)         x15:00000001  x2:10002748  PA:1000277c
20648976ns          351484 1c00a2e6 03012c23 sw               x16, 56(x2)         x16:10000a1c  x2:10002748  PA:10002780
20648996ns          351485 1c00a2e8 03112e23 sw               x17, 60(x2)         x17:1000021c  x2:10002748  PA:10002784
20649016ns          351486 1c00a2ea 00612623 sw               x6, 12(x2)           x6:1000276c  x2:10002748  PA:10002754
20649036ns          351487 1c00a2ec fbfff0ef jal              x1, -66              x1=1c00a2ee
20649891ns          351530 1c00a2aa 04a0006f jal              x0, 74             
20649931ns          351532 1c00a2f4 ed010113 addi             x2, x2, -304         x2=10002618  x2:10002748
20649951ns          351533 1c00a2f6 12812423 sw               x8, 296(x2)          x8:00000000  x2:10002618  PA:10002740
20649971ns          351534 1c00a2fa 00000413 addi             x8, x0, 0            x8=00000000
20649991ns          351535 1c00a2fc 11612823 sw               x22, 272(x2)        x22:10000a0c  x2:10002618  PA:10002728
20650408ns          351556 1c00a300 11712623 sw               x23, 268(x2)        x23:1000020c  x2:10002618  PA:10002724
20650448ns          351558 1c00a304 11812423 sw               x24, 264(x2)        x24:1000090c  x2:10002618  PA:10002720
20650468ns          351559 1c00a308 11912223 sw               x25, 260(x2)        x25:10000a08  x2:10002618  PA:1000271c
20650488ns          351560 1c00a30c 11a12023 sw               x26, 256(x2)        x26:10000208  x2:10002618  PA:10002718
20650925ns          351582 1c00a310 0fb12e23 sw               x27, 252(x2)        x27:10000908  x2:10002618  PA:10002714
20650965ns          351584 1c00a312 12112623 sw               x1, 300(x2)          x1:1c00a2ee  x2:10002618  PA:10002744
20650985ns          351585 1c00a316 00800db3 add              x27, x0, x8         x27=00000000  x8:00000000
20651005ns          351586 1c00a318 12912223 sw               x9, 292(x2)          x9:1000100c  x2:10002618  PA:1000273c
20651025ns          351587 1c00a31c 13212023 sw               x18, 288(x2)        x18:100027c0  x2:10002618  PA:10002738
20651443ns          351608 1c00a320 11312e23 sw               x19, 284(x2)        x19:10000204  x2:10002618  PA:10002734
20651482ns          351610 1c00a324 11412c23 sw               x20, 280(x2)        x20:10000210  x2:10002618  PA:10002730
20651502ns          351611 1c00a328 11512a23 sw               x21, 276(x2)        x21:10000910  x2:10002618  PA:1000272c
20651522ns          351612 1c00a32c 00a00b33 add              x22, x0, x10        x22=1c00a282 x10:1c00a282
20651542ns          351613 1c00a32e 00b00d33 add              x26, x0, x11        x26=00000002 x11:00000002
20651960ns          351634 1c00a330 00d00c33 add              x24, x0, x13        x24=1000276c x13:1000276c
20652000ns          351636 1c00a332 1c000bb7 lui              x23, 0x1c000000     x23=1c000000
20652019ns          351637 1c00a336 02410c93 addi             x25, x2, 36         x25=1000263c  x2:10002618
20652039ns          351638 1c00a33a 00c00433 add              x8, x0, x12          x8=1c000030 x12:1c000030
20652059ns          351639 1c00a33c 00044503 lbu              x10, 0(x8)          x10=0000003d  x8:1c000030  PA:1c000030
20652497ns          351661 1c00a340 00140413 addi             x8, x8, 1            x8=1c000031  x8:1c000030
20652517ns          351662 1c00a342 00050e63 beq              x10, x0, 28         x10:0000003d
20652537ns          351663 1c00a344 02500793 addi             x15, x0, 37         x15=00000025
20652557ns          351664 1c00a348 04f50863 beq              x10, x15, 80        x10:0000003d x15:00000025
20652576ns          351665 1c00a34c 01a005b3 add              x11, x0, x26        x11=00000002 x26:00000002
20652596ns          351666 1c00a34e 000b00e7 jalr             x1, x22, 0           x1=1c00a350 x22:1c00a282
20653472ns          351710 1c00a282 000026b7 lui              x13, 0x2000         x13=00002000
20653511ns          351712 1c00a284 f14027f3 csrrs            x15, x0, 0xf14      x15=00000002
20653531ns          351713 1c00a288 f8068693 addi             x13, x13, -128      x13=00001f80 x13:00002000
20653551ns          351714 1c00a28c 00379713 slli             x14, x15, 0x3       x14=00000010 x15:00000002
20653989ns          351736 1c00a290 00279793 slli             x15, x15, 0x2       x15=00000008 x15:00000002
20654009ns          351737 1c00a292 00d7f7b3 and              x15, x15, x13       x15=00000000 x15:00000008 x13:00001f80
20654028ns          351738 1c00a294 ee873733 p.bclr           x14, x14, 23, 8     x14=00000010 x14:00000010
20654048ns          351739 1c00a298 1a10f6b7 lui              x13, 0x1a10f000     x13=1a10f000
20654068ns          351740 1c00a29c 0ff57513 andi             x10, x10, 255       x10=0000003d x10:0000003d
20654088ns          351741 1c00a2a0 00d70733 add              x14, x14, x13       x14=1a10f010 x14:00000010 x13:1a10f000
20654108ns          351742 1c00a2a2 00a7e723 p.sw             x10, x0(x15)        x10:0000003d x15:00000000  PA:1a10f010
20654546ns          351764 1c00a2a6 00000513 addi             x10, x0, 0          x10=00000000
20654566ns          351765 1c00a2a8 00008067 jalr             x0, x1, 0            x1:1c00a350
20654625ns          351768 1c00a350 31f52563 p.beqimm         x10, 778            x10:00000000
20654645ns          351769 1c00a354 001d8d93 addi             x27, x27, 1         x27=00000001 x27:00000000
20654665ns          351770 1c00a356 00044503 lbu              x10, 0(x8)          x10=0000003d  x8:1c000031  PA:1c000031
20655122ns          351793 1c00a35a 00140413 addi             x8, x8, 1            x8=1c000032  x8:1c000031
20655142ns          351794 1c00a35c fe0514e3 bne              x10, x0, -24        x10:0000003d
20655202ns          351797 1c00a344 02500793 addi             x15, x0, 37         x15=00000025
20655222ns          351798 1c00a348 04f50863 beq              x10, x15, 80        x10:0000003d x15:00000025
20655242ns          351799 1c00a34c 01a005b3 add              x11, x0, x26        x11=00000002 x26:00000002
20655262ns          351800 1c00a34e 000b00e7 jalr             x1, x22, 0           x1=1c00a350 x22:1c00a282
20655301ns          351802 1c00a282 000026b7 lui              x13, 0x2000         x13=00002000
20655321ns          351803 1c00a284 f14027f3 csrrs            x15, x0, 0xf14      x15=00000002
20655341ns          351804 1c00a288 f8068693 addi             x13, x13, -128      x13=00001f80 x13:00002000
20655361ns          351805 1c00a28c 00379713 slli             x14, x15, 0x3       x14=00000010 x15:00000002
20655381ns          351806 1c00a290 00279793 slli             x15, x15, 0x2       x15=00000008 x15:00000002
20655401ns          351807 1c00a292 00d7f7b3 and              x15, x15, x13       x15=00000000 x15:00000008 x13:00001f80
20655421ns          351808 1c00a294 ee873733 p.bclr           x14, x14, 23, 8     x14=00000010 x14:00000010
20655441ns          351809 1c00a298 1a10f6b7 lui              x13, 0x1a10f000     x13=1a10f000
20655461ns          351810 1c00a29c 0ff57513 andi             x10, x10, 255       x10=0000003d x10:0000003d
20655480ns          351811 1c00a2a0 00d70733 add              x14, x14, x13       x14=1a10f010 x14:00000010 x13:1a10f000
20655500ns          351812 1c00a2a2 00a7e723 p.sw             x10, x0(x15)        x10:0000003d x15:00000000  PA:1a10f010
20655858ns          351830 1c00a2a6 00000513 addi             x10, x0, 0          x10=00000000
20655878ns          351831 1c00a2a8 00008067 jalr             x0, x1, 0            x1:1c00a350
20655918ns          351833 1c00a350 31f52563 p.beqimm         x10, 778            x10:00000000
20655938ns          351834 1c00a354 001d8d93 addi             x27, x27, 1         x27=00000002 x27:00000001
20655958ns          351835 1c00a356 00044503 lbu              x10, 0(x8)          x10=0000003d  x8:1c000032  PA:1c000032
20656276ns          351851 1c00a35a 00140413 addi             x8, x8, 1            x8=1c000033  x8:1c000032
20656296ns          351852 1c00a35c fe0514e3 bne              x10, x0, -24        x10:0000003d
20656356ns          351855 1c00a344 02500793 addi             x15, x0, 37         x15=00000025
20656376ns          351856 1c00a348 04f50863 beq              x10, x15, 80        x10:0000003d x15:00000025
20656395ns          351857 1c00a34c 01a005b3 add              x11, x0, x26        x11=00000002 x26:00000002
20656415ns          351858 1c00a34e 000b00e7 jalr             x1, x22, 0           x1=1c00a350 x22:1c00a282
20656455ns          351860 1c00a282 000026b7 lui              x13, 0x2000         x13=00002000
20656475ns          351861 1c00a284 f14027f3 csrrs            x15, x0, 0xf14      x15=00000002
20656495ns          351862 1c00a288 f8068693 addi             x13, x13, -128      x13=00001f80 x13:00002000
20656515ns          351863 1c00a28c 00379713 slli             x14, x15, 0x3       x14=00000010 x15:00000002
20656535ns          351864 1c00a290 00279793 slli             x15, x15, 0x2       x15=00000008 x15:00000002
20656555ns          351865 1c00a292 00d7f7b3 and              x15, x15, x13       x15=00000000 x15:00000008 x13:00001f80
20656574ns          351866 1c00a294 ee873733 p.bclr           x14, x14, 23, 8     x14=00000010 x14:00000010
20656594ns          351867 1c00a298 1a10f6b7 lui              x13, 0x1a10f000     x13=1a10f000
20656614ns          351868 1c00a29c 0ff57513 andi             x10, x10, 255       x10=0000003d x10:0000003d
20656634ns          351869 1c00a2a0 00d70733 add              x14, x14, x13       x14=1a10f010 x14:00000010 x13:1a10f000
20656654ns          351870 1c00a2a2 00a7e723 p.sw             x10, x0(x15)        x10:0000003d x15:00000000  PA:1a10f010
20656972ns          351886 1c00a2a6 00000513 addi             x10, x0, 0          x10=00000000
20656992ns          351887 1c00a2a8 00008067 jalr             x0, x1, 0            x1:1c00a350
20657032ns          351889 1c00a350 31f52563 p.beqimm         x10, 778            x10:00000000
20657052ns          351890 1c00a354 001d8d93 addi             x27, x27, 1         x27=00000003 x27:00000002
20657072ns          351891 1c00a356 00044503 lbu              x10, 0(x8)          x10=0000003d  x8:1c000033  PA:1c000033
20657370ns          351906 1c00a35a 00140413 addi             x8, x8, 1            x8=1c000034  x8:1c000033
20657390ns          351907 1c00a35c fe0514e3 bne              x10, x0, -24        x10:0000003d
20657450ns          351910 1c00a344 02500793 addi             x15, x0, 37         x15=00000025
20657470ns          351911 1c00a348 04f50863 beq              x10, x15, 80        x10:0000003d x15:00000025
20657489ns          351912 1c00a34c 01a005b3 add              x11, x0, x26        x11=00000002 x26:00000002
20657509ns          351913 1c00a34e 000b00e7 jalr             x1, x22, 0           x1=1c00a350 x22:1c00a282
20657549ns          351915 1c00a282 000026b7 lui              x13, 0x2000         x13=00002000
20657569ns          351916 1c00a284 f14027f3 csrrs            x15, x0, 0xf14      x15=00000002
20657589ns          351917 1c00a288 f8068693 addi             x13, x13, -128      x13=00001f80 x13:00002000
20657609ns          351918 1c00a28c 00379713 slli             x14, x15, 0x3       x14=00000010 x15:00000002
20657629ns          351919 1c00a290 00279793 slli             x15, x15, 0x2       x15=00000008 x15:00000002
20657649ns          351920 1c00a292 00d7f7b3 and              x15, x15, x13       x15=00000000 x15:00000008 x13:00001f80
20657668ns          351921 1c00a294 ee873733 p.bclr           x14, x14, 23, 8     x14=00000010 x14:00000010
20657688ns          351922 1c00a298 1a10f6b7 lui              x13, 0x1a10f000     x13=1a10f000
20657708ns          351923 1c00a29c 0ff57513 andi             x10, x10, 255       x10=0000003d x10:0000003d
20657728ns          351924 1c00a2a0 00d70733 add              x14, x14, x13       x14=1a10f010 x14:00000010 x13:1a10f000
20657748ns          351925 1c00a2a2 00a7e723 p.sw             x10, x0(x15)        x10:0000003d x15:00000000  PA:1a10f010
20658086ns          351942 1c00a2a6 00000513 addi             x10, x0, 0          x10=00000000
20658106ns          351943 1c00a2a8 00008067 jalr             x0, x1, 0            x1:1c00a350
20658146ns          351945 1c00a350 31f52563 p.beqimm         x10, 778            x10:00000000
20658166ns          351946 1c00a354 001d8d93 addi             x27, x27, 1         x27=00000004 x27:00000003
20658186ns          351947 1c00a356 00044503 lbu              x10, 0(x8)          x10=00000020  x8:1c000034  PA:1c000034
20658484ns          351962 1c00a35a 00140413 addi             x8, x8, 1            x8=1c000035  x8:1c000034
20658504ns          351963 1c00a35c fe0514e3 bne              x10, x0, -24        x10:00000020
20658564ns          351966 1c00a344 02500793 addi             x15, x0, 37         x15=00000025
20658583ns          351967 1c00a348 04f50863 beq              x10, x15, 80        x10:00000020 x15:00000025
20658603ns          351968 1c00a34c 01a005b3 add              x11, x0, x26        x11=00000002 x26:00000002
20658623ns          351969 1c00a34e 000b00e7 jalr             x1, x22, 0           x1=1c00a350 x22:1c00a282
20658663ns          351971 1c00a282 000026b7 lui              x13, 0x2000         x13=00002000
20658683ns          351972 1c00a284 f14027f3 csrrs            x15, x0, 0xf14      x15=00000002
20658703ns          351973 1c00a288 f8068693 addi             x13, x13, -128      x13=00001f80 x13:00002000
20658723ns          351974 1c00a28c 00379713 slli             x14, x15, 0x3       x14=00000010 x15:00000002
20658743ns          351975 1c00a290 00279793 slli             x15, x15, 0x2       x15=00000008 x15:00000002
20658762ns          351976 1c00a292 00d7f7b3 and              x15, x15, x13       x15=00000000 x15:00000008 x13:00001f80
20658782ns          351977 1c00a294 ee873733 p.bclr           x14, x14, 23, 8     x14=00000010 x14:00000010
20658802ns          351978 1c00a298 1a10f6b7 lui              x13, 0x1a10f000     x13=1a10f000
20658822ns          351979 1c00a29c 0ff57513 andi             x10, x10, 255       x10=00000020 x10:00000020
20658842ns          351980 1c00a2a0 00d70733 add              x14, x14, x13       x14=1a10f010 x14:00000010 x13:1a10f000
20658862ns          351981 1c00a2a2 00a7e723 p.sw             x10, x0(x15)        x10:00000020 x15:00000000  PA:1a10f010
20659200ns          351998 1c00a2a6 00000513 addi             x10, x0, 0          x10=00000000
20659220ns          351999 1c00a2a8 00008067 jalr             x0, x1, 0            x1:1c00a350
20659260ns          352001 1c00a350 31f52563 p.beqimm         x10, 778            x10:00000000
20659280ns          352002 1c00a354 001d8d93 addi             x27, x27, 1         x27=00000005 x27:00000004
20659300ns          352003 1c00a356 00044503 lbu              x10, 0(x8)          x10=00000053  x8:1c000035  PA:1c000035
20659598ns          352018 1c00a35a 00140413 addi             x8, x8, 1            x8=1c000036  x8:1c000035
20659618ns          352019 1c00a35c fe0514e3 bne              x10, x0, -24        x10:00000053
20659677ns          352022 1c00a344 02500793 addi             x15, x0, 37         x15=00000025
20659697ns          352023 1c00a348 04f50863 beq              x10, x15, 80        x10:00000053 x15:00000025
20659717ns          352024 1c00a34c 01a005b3 add              x11, x0, x26        x11=00000002 x26:00000002
20659737ns          352025 1c00a34e 000b00e7 jalr             x1, x22, 0           x1=1c00a350 x22:1c00a282
20659777ns          352027 1c00a282 000026b7 lui              x13, 0x2000         x13=00002000
20659797ns          352028 1c00a284 f14027f3 csrrs            x15, x0, 0xf14      x15=00000002
20659817ns          352029 1c00a288 f8068693 addi             x13, x13, -128      x13=00001f80 x13:00002000
20659837ns          352030 1c00a28c 00379713 slli             x14, x15, 0x3       x14=00000010 x15:00000002
20659856ns          352031 1c00a290 00279793 slli             x15, x15, 0x2       x15=00000008 x15:00000002
20659876ns          352032 1c00a292 00d7f7b3 and              x15, x15, x13       x15=00000000 x15:00000008 x13:00001f80
20659896ns          352033 1c00a294 ee873733 p.bclr           x14, x14, 23, 8     x14=00000010 x14:00000010
20659916ns          352034 1c00a298 1a10f6b7 lui              x13, 0x1a10f000     x13=1a10f000
20659936ns          352035 1c00a29c 0ff57513 andi             x10, x10, 255       x10=00000053 x10:00000053
20659956ns          352036 1c00a2a0 00d70733 add              x14, x14, x13       x14=1a10f010 x14:00000010 x13:1a10f000
20659976ns          352037 1c00a2a2 00a7e723 p.sw             x10, x0(x15)        x10:00000053 x15:00000000  PA:1a10f010
20660334ns          352055 1c00a2a6 00000513 addi             x10, x0, 0          x10=00000000
20660354ns          352056 1c00a2a8 00008067 jalr             x0, x1, 0            x1:1c00a350
20660393ns          352058 1c00a350 31f52563 p.beqimm         x10, 778            x10:00000000
20660413ns          352059 1c00a354 001d8d93 addi             x27, x27, 1         x27=00000006 x27:00000005
20660433ns          352060 1c00a356 00044503 lbu              x10, 0(x8)          x10=00000055  x8:1c000036  PA:1c000036
20660732ns          352075 1c00a35a 00140413 addi             x8, x8, 1            x8=1c000037  x8:1c000036
20660752ns          352076 1c00a35c fe0514e3 bne              x10, x0, -24        x10:00000055
20660811ns          352079 1c00a344 02500793 addi             x15, x0, 37         x15=00000025
20660831ns          352080 1c00a348 04f50863 beq              x10, x15, 80        x10:00000055 x15:00000025
20660851ns          352081 1c00a34c 01a005b3 add              x11, x0, x26        x11=00000002 x26:00000002
20660871ns          352082 1c00a34e 000b00e7 jalr             x1, x22, 0           x1=1c00a350 x22:1c00a282
20660911ns          352084 1c00a282 000026b7 lui              x13, 0x2000         x13=00002000
20660931ns          352085 1c00a284 f14027f3 csrrs            x15, x0, 0xf14      x15=00000002
20660950ns          352086 1c00a288 f8068693 addi             x13, x13, -128      x13=00001f80 x13:00002000
20660970ns          352087 1c00a28c 00379713 slli             x14, x15, 0x3       x14=00000010 x15:00000002
20660990ns          352088 1c00a290 00279793 slli             x15, x15, 0x2       x15=00000008 x15:00000002
20661010ns          352089 1c00a292 00d7f7b3 and              x15, x15, x13       x15=00000000 x15:00000008 x13:00001f80
20661030ns          352090 1c00a294 ee873733 p.bclr           x14, x14, 23, 8     x14=00000010 x14:00000010
20661050ns          352091 1c00a298 1a10f6b7 lui              x13, 0x1a10f000     x13=1a10f000
20661070ns          352092 1c00a29c 0ff57513 andi             x10, x10, 255       x10=00000055 x10:00000055
20661090ns          352093 1c00a2a0 00d70733 add              x14, x14, x13       x14=1a10f010 x14:00000010 x13:1a10f000
20661110ns          352094 1c00a2a2 00a7e723 p.sw             x10, x0(x15)        x10:00000055 x15:00000000  PA:1a10f010
20661428ns          352110 1c00a2a6 00000513 addi             x10, x0, 0          x10=00000000
20661448ns          352111 1c00a2a8 00008067 jalr             x0, x1, 0            x1:1c00a350
20661487ns          352113 1c00a350 31f52563 p.beqimm         x10, 778            x10:00000000
20661507ns          352114 1c00a354 001d8d93 addi             x27, x27, 1         x27=00000007 x27:00000006
20661527ns          352115 1c00a356 00044503 lbu              x10, 0(x8)          x10=0000004d  x8:1c000037  PA:1c000037
20661826ns          352130 1c00a35a 00140413 addi             x8, x8, 1            x8=1c000038  x8:1c000037
20661846ns          352131 1c00a35c fe0514e3 bne              x10, x0, -24        x10:0000004d
20661905ns          352134 1c00a344 02500793 addi             x15, x0, 37         x15=00000025
20661925ns          352135 1c00a348 04f50863 beq              x10, x15, 80        x10:0000004d x15:00000025
20661945ns          352136 1c00a34c 01a005b3 add              x11, x0, x26        x11=00000002 x26:00000002
20661965ns          352137 1c00a34e 000b00e7 jalr             x1, x22, 0           x1=1c00a350 x22:1c00a282
20662005ns          352139 1c00a282 000026b7 lui              x13, 0x2000         x13=00002000
20662025ns          352140 1c00a284 f14027f3 csrrs            x15, x0, 0xf14      x15=00000002
20662044ns          352141 1c00a288 f8068693 addi             x13, x13, -128      x13=00001f80 x13:00002000
20662064ns          352142 1c00a28c 00379713 slli             x14, x15, 0x3       x14=00000010 x15:00000002
20662084ns          352143 1c00a290 00279793 slli             x15, x15, 0x2       x15=00000008 x15:00000002
20662104ns          352144 1c00a292 00d7f7b3 and              x15, x15, x13       x15=00000000 x15:00000008 x13:00001f80
20662124ns          352145 1c00a294 ee873733 p.bclr           x14, x14, 23, 8     x14=00000010 x14:00000010
20662144ns          352146 1c00a298 1a10f6b7 lui              x13, 0x1a10f000     x13=1a10f000
20662164ns          352147 1c00a29c 0ff57513 andi             x10, x10, 255       x10=0000004d x10:0000004d
20662184ns          352148 1c00a2a0 00d70733 add              x14, x14, x13       x14=1a10f010 x14:00000010 x13:1a10f000
20662204ns          352149 1c00a2a2 00a7e723 p.sw             x10, x0(x15)        x10:0000004d x15:00000000  PA:1a10f010
20662522ns          352165 1c00a2a6 00000513 addi             x10, x0, 0          x10=00000000
20662542ns          352166 1c00a2a8 00008067 jalr             x0, x1, 0            x1:1c00a350
20662581ns          352168 1c00a350 31f52563 p.beqimm         x10, 778            x10:00000000
20662601ns          352169 1c00a354 001d8d93 addi             x27, x27, 1         x27=00000008 x27:00000007
20662621ns          352170 1c00a356 00044503 lbu              x10, 0(x8)          x10=0000004d  x8:1c000038  PA:1c000038
20662940ns          352186 1c00a35a 00140413 addi             x8, x8, 1            x8=1c000039  x8:1c000038
20662959ns          352187 1c00a35c fe0514e3 bne              x10, x0, -24        x10:0000004d
20663019ns          352190 1c00a344 02500793 addi             x15, x0, 37         x15=00000025
20663039ns          352191 1c00a348 04f50863 beq              x10, x15, 80        x10:0000004d x15:00000025
20663059ns          352192 1c00a34c 01a005b3 add              x11, x0, x26        x11=00000002 x26:00000002
20663079ns          352193 1c00a34e 000b00e7 jalr             x1, x22, 0           x1=1c00a350 x22:1c00a282
20663119ns          352195 1c00a282 000026b7 lui              x13, 0x2000         x13=00002000
20663138ns          352196 1c00a284 f14027f3 csrrs            x15, x0, 0xf14      x15=00000002
20663158ns          352197 1c00a288 f8068693 addi             x13, x13, -128      x13=00001f80 x13:00002000
20663178ns          352198 1c00a28c 00379713 slli             x14, x15, 0x3       x14=00000010 x15:00000002
20663198ns          352199 1c00a290 00279793 slli             x15, x15, 0x2       x15=00000008 x15:00000002
20663218ns          352200 1c00a292 00d7f7b3 and              x15, x15, x13       x15=00000000 x15:00000008 x13:00001f80
20663238ns          352201 1c00a294 ee873733 p.bclr           x14, x14, 23, 8     x14=00000010 x14:00000010
20663258ns          352202 1c00a298 1a10f6b7 lui              x13, 0x1a10f000     x13=1a10f000
20663278ns          352203 1c00a29c 0ff57513 andi             x10, x10, 255       x10=0000004d x10:0000004d
20663298ns          352204 1c00a2a0 00d70733 add              x14, x14, x13       x14=1a10f010 x14:00000010 x13:1a10f000
20663317ns          352205 1c00a2a2 00a7e723 p.sw             x10, x0(x15)        x10:0000004d x15:00000000  PA:1a10f010
20663636ns          352221 1c00a2a6 00000513 addi             x10, x0, 0          x10=00000000
20663656ns          352222 1c00a2a8 00008067 jalr             x0, x1, 0            x1:1c00a350
20663695ns          352224 1c00a350 31f52563 p.beqimm         x10, 778            x10:00000000
20663715ns          352225 1c00a354 001d8d93 addi             x27, x27, 1         x27=00000009 x27:00000008
20663735ns          352226 1c00a356 00044503 lbu              x10, 0(x8)          x10=00000041  x8:1c000039  PA:1c000039
20664034ns          352241 1c00a35a 00140413 addi             x8, x8, 1            x8=1c00003a  x8:1c000039
20664053ns          352242 1c00a35c fe0514e3 bne              x10, x0, -24        x10:00000041
20664113ns          352245 1c00a344 02500793 addi             x15, x0, 37         x15=00000025
20664133ns          352246 1c00a348 04f50863 beq              x10, x15, 80        x10:00000041 x15:00000025
20664153ns          352247 1c00a34c 01a005b3 add              x11, x0, x26        x11=00000002 x26:00000002
20664173ns          352248 1c00a34e 000b00e7 jalr             x1, x22, 0           x1=1c00a350 x22:1c00a282
20664213ns          352250 1c00a282 000026b7 lui              x13, 0x2000         x13=00002000
20664232ns          352251 1c00a284 f14027f3 csrrs            x15, x0, 0xf14      x15=00000002
20664252ns          352252 1c00a288 f8068693 addi             x13, x13, -128      x13=00001f80 x13:00002000
20664272ns          352253 1c00a28c 00379713 slli             x14, x15, 0x3       x14=00000010 x15:00000002
20664292ns          352254 1c00a290 00279793 slli             x15, x15, 0x2       x15=00000008 x15:00000002
20664312ns          352255 1c00a292 00d7f7b3 and              x15, x15, x13       x15=00000000 x15:00000008 x13:00001f80
20664332ns          352256 1c00a294 ee873733 p.bclr           x14, x14, 23, 8     x14=00000010 x14:00000010
20664352ns          352257 1c00a298 1a10f6b7 lui              x13, 0x1a10f000     x13=1a10f000
20664372ns          352258 1c00a29c 0ff57513 andi             x10, x10, 255       x10=00000041 x10:00000041
20664392ns          352259 1c00a2a0 00d70733 add              x14, x14, x13       x14=1a10f010 x14:00000010 x13:1a10f000
20664411ns          352260 1c00a2a2 00a7e723 p.sw             x10, x0(x15)        x10:00000041 x15:00000000  PA:1a10f010
20664730ns          352276 1c00a2a6 00000513 addi             x10, x0, 0          x10=00000000
20664750ns          352277 1c00a2a8 00008067 jalr             x0, x1, 0            x1:1c00a350
20664789ns          352279 1c00a350 31f52563 p.beqimm         x10, 778            x10:00000000
20664809ns          352280 1c00a354 001d8d93 addi             x27, x27, 1         x27=0000000a x27:00000009
20664829ns          352281 1c00a356 00044503 lbu              x10, 0(x8)          x10=00000052  x8:1c00003a  PA:1c00003a
20665127ns          352296 1c00a35a 00140413 addi             x8, x8, 1            x8=1c00003b  x8:1c00003a
20665147ns          352297 1c00a35c fe0514e3 bne              x10, x0, -24        x10:00000052
20665207ns          352300 1c00a344 02500793 addi             x15, x0, 37         x15=00000025
20665227ns          352301 1c00a348 04f50863 beq              x10, x15, 80        x10:00000052 x15:00000025
20665247ns          352302 1c00a34c 01a005b3 add              x11, x0, x26        x11=00000002 x26:00000002
20665267ns          352303 1c00a34e 000b00e7 jalr             x1, x22, 0           x1=1c00a350 x22:1c00a282
20665307ns          352305 1c00a282 000026b7 lui              x13, 0x2000         x13=00002000
20665326ns          352306 1c00a284 f14027f3 csrrs            x15, x0, 0xf14      x15=00000002
20665346ns          352307 1c00a288 f8068693 addi             x13, x13, -128      x13=00001f80 x13:00002000
20665366ns          352308 1c00a28c 00379713 slli             x14, x15, 0x3       x14=00000010 x15:00000002
20665386ns          352309 1c00a290 00279793 slli             x15, x15, 0x2       x15=00000008 x15:00000002
20665406ns          352310 1c00a292 00d7f7b3 and              x15, x15, x13       x15=00000000 x15:00000008 x13:00001f80
20665426ns          352311 1c00a294 ee873733 p.bclr           x14, x14, 23, 8     x14=00000010 x14:00000010
20665446ns          352312 1c00a298 1a10f6b7 lui              x13, 0x1a10f000     x13=1a10f000
20665466ns          352313 1c00a29c 0ff57513 andi             x10, x10, 255       x10=00000052 x10:00000052
20665486ns          352314 1c00a2a0 00d70733 add              x14, x14, x13       x14=1a10f010 x14:00000010 x13:1a10f000
20665505ns          352315 1c00a2a2 00a7e723 p.sw             x10, x0(x15)        x10:00000052 x15:00000000  PA:1a10f010
20665824ns          352331 1c00a2a6 00000513 addi             x10, x0, 0          x10=00000000
20665844ns          352332 1c00a2a8 00008067 jalr             x0, x1, 0            x1:1c00a350
20665883ns          352334 1c00a350 31f52563 p.beqimm         x10, 778            x10:00000000
20665903ns          352335 1c00a354 001d8d93 addi             x27, x27, 1         x27=0000000b x27:0000000a
20665923ns          352336 1c00a356 00044503 lbu              x10, 0(x8)          x10=00000059  x8:1c00003b  PA:1c00003b
20666221ns          352351 1c00a35a 00140413 addi             x8, x8, 1            x8=1c00003c  x8:1c00003b
20666241ns          352352 1c00a35c fe0514e3 bne              x10, x0, -24        x10:00000059
20666301ns          352355 1c00a344 02500793 addi             x15, x0, 37         x15=00000025
20666321ns          352356 1c00a348 04f50863 beq              x10, x15, 80        x10:00000059 x15:00000025
20666341ns          352357 1c00a34c 01a005b3 add              x11, x0, x26        x11=00000002 x26:00000002
20666361ns          352358 1c00a34e 000b00e7 jalr             x1, x22, 0           x1=1c00a350 x22:1c00a282
20666401ns          352360 1c00a282 000026b7 lui              x13, 0x2000         x13=00002000
20666420ns          352361 1c00a284 f14027f3 csrrs            x15, x0, 0xf14      x15=00000002
20666440ns          352362 1c00a288 f8068693 addi             x13, x13, -128      x13=00001f80 x13:00002000
20666460ns          352363 1c00a28c 00379713 slli             x14, x15, 0x3       x14=00000010 x15:00000002
20666480ns          352364 1c00a290 00279793 slli             x15, x15, 0x2       x15=00000008 x15:00000002
20666500ns          352365 1c00a292 00d7f7b3 and              x15, x15, x13       x15=00000000 x15:00000008 x13:00001f80
20666520ns          352366 1c00a294 ee873733 p.bclr           x14, x14, 23, 8     x14=00000010 x14:00000010
20666540ns          352367 1c00a298 1a10f6b7 lui              x13, 0x1a10f000     x13=1a10f000
20666560ns          352368 1c00a29c 0ff57513 andi             x10, x10, 255       x10=00000059 x10:00000059
20666580ns          352369 1c00a2a0 00d70733 add              x14, x14, x13       x14=1a10f010 x14:00000010 x13:1a10f000
20666599ns          352370 1c00a2a2 00a7e723 p.sw             x10, x0(x15)        x10:00000059 x15:00000000  PA:1a10f010
20666938ns          352387 1c00a2a6 00000513 addi             x10, x0, 0          x10=00000000
20666957ns          352388 1c00a2a8 00008067 jalr             x0, x1, 0            x1:1c00a350
20666997ns          352390 1c00a350 31f52563 p.beqimm         x10, 778            x10:00000000
20667017ns          352391 1c00a354 001d8d93 addi             x27, x27, 1         x27=0000000c x27:0000000b
20667037ns          352392 1c00a356 00044503 lbu              x10, 0(x8)          x10=0000003a  x8:1c00003c  PA:1c00003c
20667335ns          352407 1c00a35a 00140413 addi             x8, x8, 1            x8=1c00003d  x8:1c00003c
20667355ns          352408 1c00a35c fe0514e3 bne              x10, x0, -24        x10:0000003a
20667415ns          352411 1c00a344 02500793 addi             x15, x0, 37         x15=00000025
20667435ns          352412 1c00a348 04f50863 beq              x10, x15, 80        x10:0000003a x15:00000025
20667455ns          352413 1c00a34c 01a005b3 add              x11, x0, x26        x11=00000002 x26:00000002
20667475ns          352414 1c00a34e 000b00e7 jalr             x1, x22, 0           x1=1c00a350 x22:1c00a282
20667514ns          352416 1c00a282 000026b7 lui              x13, 0x2000         x13=00002000
20667534ns          352417 1c00a284 f14027f3 csrrs            x15, x0, 0xf14      x15=00000002
20667554ns          352418 1c00a288 f8068693 addi             x13, x13, -128      x13=00001f80 x13:00002000
20667574ns          352419 1c00a28c 00379713 slli             x14, x15, 0x3       x14=00000010 x15:00000002
20667594ns          352420 1c00a290 00279793 slli             x15, x15, 0x2       x15=00000008 x15:00000002
20667614ns          352421 1c00a292 00d7f7b3 and              x15, x15, x13       x15=00000000 x15:00000008 x13:00001f80
20667634ns          352422 1c00a294 ee873733 p.bclr           x14, x14, 23, 8     x14=00000010 x14:00000010
20667654ns          352423 1c00a298 1a10f6b7 lui              x13, 0x1a10f000     x13=1a10f000
20667674ns          352424 1c00a29c 0ff57513 andi             x10, x10, 255       x10=0000003a x10:0000003a
20667693ns          352425 1c00a2a0 00d70733 add              x14, x14, x13       x14=1a10f010 x14:00000010 x13:1a10f000
20667713ns          352426 1c00a2a2 00a7e723 p.sw             x10, x0(x15)        x10:0000003a x15:00000000  PA:1a10f010
20668032ns          352442 1c00a2a6 00000513 addi             x10, x0, 0          x10=00000000
20668051ns          352443 1c00a2a8 00008067 jalr             x0, x1, 0            x1:1c00a350
20668091ns          352445 1c00a350 31f52563 p.beqimm         x10, 778            x10:00000000
20668111ns          352446 1c00a354 001d8d93 addi             x27, x27, 1         x27=0000000d x27:0000000c
20668131ns          352447 1c00a356 00044503 lbu              x10, 0(x8)          x10=00000020  x8:1c00003d  PA:1c00003d
20668429ns          352462 1c00a35a 00140413 addi             x8, x8, 1            x8=1c00003e  x8:1c00003d
20668449ns          352463 1c00a35c fe0514e3 bne              x10, x0, -24        x10:00000020
20668509ns          352466 1c00a344 02500793 addi             x15, x0, 37         x15=00000025
20668529ns          352467 1c00a348 04f50863 beq              x10, x15, 80        x10:00000020 x15:00000025
20668549ns          352468 1c00a34c 01a005b3 add              x11, x0, x26        x11=00000002 x26:00000002
20668569ns          352469 1c00a34e 000b00e7 jalr             x1, x22, 0           x1=1c00a350 x22:1c00a282
20668608ns          352471 1c00a282 000026b7 lui              x13, 0x2000         x13=00002000
20668628ns          352472 1c00a284 f14027f3 csrrs            x15, x0, 0xf14      x15=00000002
20668648ns          352473 1c00a288 f8068693 addi             x13, x13, -128      x13=00001f80 x13:00002000
20668668ns          352474 1c00a28c 00379713 slli             x14, x15, 0x3       x14=00000010 x15:00000002
20668688ns          352475 1c00a290 00279793 slli             x15, x15, 0x2       x15=00000008 x15:00000002
20668708ns          352476 1c00a292 00d7f7b3 and              x15, x15, x13       x15=00000000 x15:00000008 x13:00001f80
20668728ns          352477 1c00a294 ee873733 p.bclr           x14, x14, 23, 8     x14=00000010 x14:00000010
20668748ns          352478 1c00a298 1a10f6b7 lui              x13, 0x1a10f000     x13=1a10f000
20668768ns          352479 1c00a29c 0ff57513 andi             x10, x10, 255       x10=00000020 x10:00000020
20668787ns          352480 1c00a2a0 00d70733 add              x14, x14, x13       x14=1a10f010 x14:00000010 x13:1a10f000
20668807ns          352481 1c00a2a2 00a7e723 p.sw             x10, x0(x15)        x10:00000020 x15:00000000  PA:1a10f010
20669126ns          352497 1c00a2a6 00000513 addi             x10, x0, 0          x10=00000000
20669145ns          352498 1c00a2a8 00008067 jalr             x0, x1, 0            x1:1c00a350
20669185ns          352500 1c00a350 31f52563 p.beqimm         x10, 778            x10:00000000
20669205ns          352501 1c00a354 001d8d93 addi             x27, x27, 1         x27=0000000e x27:0000000d
20669225ns          352502 1c00a356 00044503 lbu              x10, 0(x8)          x10=00000000  x8:1c00003e  PA:1c00003e
20669543ns          352518 1c00a35a 00140413 addi             x8, x8, 1            x8=1c00003f  x8:1c00003e
20669563ns          352519 1c00a35c fe0514e3 bne              x10, x0, -24        x10:00000000
20669583ns          352520 1c00a35e 01b00433 add              x8, x0, x27          x8=0000000e x27:0000000e
20669603ns          352521 1c00a360 00800533 add              x10, x0, x8         x10=0000000e  x8:0000000e
20669623ns          352522 1c00a362 12c12083 lw               x1, 300(x2)          x1=1c00a2ee  x2:10002618  PA:10002744
20669643ns          352523 1c00a366 12812403 lw               x8, 296(x2)          x8=00000000  x2:10002618  PA:10002740
20669663ns          352524 1c00a36a 12412483 lw               x9, 292(x2)          x9=1000100c  x2:10002618  PA:1000273c
20670041ns          352543 1c00a36e 12012903 lw               x18, 288(x2)        x18=100027c0  x2:10002618  PA:10002738
20670080ns          352545 1c00a372 11c12983 lw               x19, 284(x2)        x19=10000204  x2:10002618  PA:10002734
20670100ns          352546 1c00a376 11812a03 lw               x20, 280(x2)        x20=10000210  x2:10002618  PA:10002730
20670120ns          352547 1c00a37a 11412a83 lw               x21, 276(x2)        x21=10000910  x2:10002618  PA:1000272c
20670558ns          352569 1c00a37e 11012b03 lw               x22, 272(x2)        x22=10000a0c  x2:10002618  PA:10002728
20670597ns          352571 1c00a382 10c12b83 lw               x23, 268(x2)        x23=1000020c  x2:10002618  PA:10002724
20670617ns          352572 1c00a386 10812c03 lw               x24, 264(x2)        x24=1000090c  x2:10002618  PA:10002720
20670637ns          352573 1c00a38a 10412c83 lw               x25, 260(x2)        x25=10000a08  x2:10002618  PA:1000271c
20671095ns          352596 1c00a38e 10012d03 lw               x26, 256(x2)        x26=10000208  x2:10002618  PA:10002718
20671115ns          352597 1c00a392 0fc12d83 lw               x27, 252(x2)        x27=10000908  x2:10002618  PA:10002714
20671134ns          352598 1c00a394 13010113 addi             x2, x2, 304          x2=10002748  x2:10002618
20671154ns          352599 1c00a396 00008067 jalr             x0, x1, 0            x1:1c00a2ee
20671194ns          352601 1c00a2ee 01c12083 lw               x1, 28(x2)           x1=1c00b442  x2:10002748  PA:10002764
20671214ns          352602 1c00a2f0 04010113 addi             x2, x2, 64           x2=10002788  x2:10002748
20671254ns          352604 1c00a2f2 00008067 jalr             x0, x1, 0            x1:1c00b442
20671294ns          352606 1c00b442 00040a63 beq              x8, x0, 20           x8:00000000
20671771ns          352630 1c00b456 00812403 lw               x8, 8(x2)            x8=10000004  x2:10002788  PA:10002790
20671811ns          352632 1c00b458 00c12083 lw               x1, 12(x2)           x1=1c009c72  x2:10002788  PA:10002794
20671831ns          352633 1c00b45a 1c000537 lui              x10, 0x1c000000     x10=1c000000
20672288ns          352656 1c00b45e 04050513 addi             x10, x10, 64        x10=1c000040 x10:1c000000
20672308ns          352657 1c00b462 01010113 addi             x2, x2, 16           x2=10002798  x2:10002788
20672328ns          352658 1c00b464 dcdfe06f jal              x0, -4660          
20672785ns          352681 1c00a230 0015478b p.lbu            x15, 1(x10!)        x15=00000053 x10=1c000041 x10:1c000040  PA:1c000040
20673104ns          352697 1c00a234 02078463 beq              x15, x0, 40         x15:00000053
20673124ns          352698 1c00a236 f14026f3 csrrs            x13, x0, 0xf14      x13=00000002
20673143ns          352699 1c00a23a 00369713 slli             x14, x13, 0x3       x14=00000010 x13:00000002
20673322ns          352708 1c00a23e 1a10f637 lui              x12, 0x1a10f000     x12=1a10f000
20673362ns          352710 1c00a242 ee873733 p.bclr           x14, x14, 23, 8     x14=00000010 x14:00000010
20673382ns          352711 1c00a246 00c70733 add              x14, x14, x12       x14=1a10f010 x14:00000010 x12:1a10f000
20673402ns          352712 1c00a248 00002637 lui              x12, 0x2000         x12=00002000
20673422ns          352713 1c00a24a 00269693 slli             x13, x13, 0x2       x13=00000008 x13:00000002
20673442ns          352714 1c00a24c f8060613 addi             x12, x12, -128      x12=00001f80 x12:00002000
20673840ns          352734 1c00a250 00c6f6b3 and              x13, x13, x12       x13=00000000 x13:00000008 x12:00001f80
20673860ns          352735 1c00a252 00d70733 add              x14, x14, x13       x14=1a10f010 x14:1a10f010 x13:00000000
20673879ns          352736 1c00a254 00f72023 sw               x15, 0(x14)         x15:00000053 x14:1a10f010  PA:1a10f010
20674198ns          352752 1c00a256 0015478b p.lbu            x15, 1(x10!)        x15=00000055 x10=1c000042 x10:1c000041  PA:1c000041
20674516ns          352768 1c00a25a fe079de3 bne              x15, x0, -6         x15:00000055
20674576ns          352771 1c00a254 00f72023 sw               x15, 0(x14)         x15:00000055 x14:1a10f010  PA:1a10f010
20674914ns          352788 1c00a256 0015478b p.lbu            x15, 1(x10!)        x15=00000043 x10=1c000043 x10:1c000042  PA:1c000042
20675232ns          352804 1c00a25a fe079de3 bne              x15, x0, -6         x15:00000043
20675292ns          352807 1c00a254 00f72023 sw               x15, 0(x14)         x15:00000043 x14:1a10f010  PA:1a10f010
20675610ns          352823 1c00a256 0015478b p.lbu            x15, 1(x10!)        x15=00000043 x10=1c000044 x10:1c000043  PA:1c000043
20675928ns          352839 1c00a25a fe079de3 bne              x15, x0, -6         x15:00000043
20675988ns          352842 1c00a254 00f72023 sw               x15, 0(x14)         x15:00000043 x14:1a10f010  PA:1a10f010
20676306ns          352858 1c00a256 0015478b p.lbu            x15, 1(x10!)        x15=00000045 x10=1c000045 x10:1c000044  PA:1c000044
20676624ns          352874 1c00a25a fe079de3 bne              x15, x0, -6         x15:00000045
20676684ns          352877 1c00a254 00f72023 sw               x15, 0(x14)         x15:00000045 x14:1a10f010  PA:1a10f010
20677002ns          352893 1c00a256 0015478b p.lbu            x15, 1(x10!)        x15=00000053 x10=1c000046 x10:1c000045  PA:1c000045
20677321ns          352909 1c00a25a fe079de3 bne              x15, x0, -6         x15:00000053
20677380ns          352912 1c00a254 00f72023 sw               x15, 0(x14)         x15:00000053 x14:1a10f010  PA:1a10f010
20677698ns          352928 1c00a256 0015478b p.lbu            x15, 1(x10!)        x15=00000053 x10=1c000047 x10:1c000046  PA:1c000046
20678017ns          352944 1c00a25a fe079de3 bne              x15, x0, -6         x15:00000053
20678076ns          352947 1c00a254 00f72023 sw               x15, 0(x14)         x15:00000053 x14:1a10f010  PA:1a10f010
20678395ns          352963 1c00a256 0015478b p.lbu            x15, 1(x10!)        x15=00000000 x10=1c000048 x10:1c000047  PA:1c000047
20678713ns          352979 1c00a25a fe079de3 bne              x15, x0, -6         x15:00000000
20678733ns          352980 1c00a25c f14027f3 csrrs            x15, x0, 0xf14      x15=00000002
20678753ns          352981 1c00a260 00379713 slli             x14, x15, 0x3       x14=00000010 x15:00000002
20678773ns          352982 1c00a264 1a10f6b7 lui              x13, 0x1a10f000     x13=1a10f000
20678792ns          352983 1c00a268 ee873733 p.bclr           x14, x14, 23, 8     x14=00000010 x14:00000010
20678812ns          352984 1c00a26c 00d70733 add              x14, x14, x13       x14=1a10f010 x14:00000010 x13:1a10f000
20678832ns          352985 1c00a26e 000026b7 lui              x13, 0x2000         x13=00002000
20679230ns          353005 1c00a270 f8068693 addi             x13, x13, -128      x13=00001f80 x13:00002000
20679270ns          353007 1c00a274 00279793 slli             x15, x15, 0x2       x15=00000008 x15:00000002
20679290ns          353008 1c00a276 00d7f7b3 and              x15, x15, x13       x15=00000000 x15:00000008 x13:00001f80
20679310ns          353009 1c00a278 00a00693 addi             x13, x0, 10         x13=0000000a
20679329ns          353010 1c00a27a 00d767a3 p.sw             x13, x0(x14)        x13:0000000a x14:1a10f010  PA:1a10f010
20679648ns          353026 1c00a27e 00000513 addi             x10, x0, 0          x10=00000000
20679668ns          353027 1c00a280 00008067 jalr             x0, x1, 0            x1:1c009c72
20679747ns          353031 1c009c72 ab5ff06f jal              x0, -1356          
20680225ns          353055 1c009726 05c12083 lw               x1, 92(x2)           x1=1c00b4ba  x2:10002798  PA:100027f4
20680264ns          353057 1c009728 05812403 lw               x8, 88(x2)           x8=xxxxxxxx  x2:10002798  PA:100027f0
20680284ns          353058 1c00972a 05412483 lw               x9, 84(x2)           x9=xxxxxxxx  x2:10002798  PA:100027ec
20680304ns          353059 1c00972c 05012903 lw               x18, 80(x2)         x18=xxxxxxxx  x2:10002798  PA:100027e8
20680324ns          353060 1c00972e 04c12983 lw               x19, 76(x2)         x19=xxxxxxxx  x2:10002798  PA:100027e4
20680722ns          353080 1c009730 04812a03 lw               x20, 72(x2)         x20=xxxxxxxx  x2:10002798  PA:100027e0
20680742ns          353081 1c009732 04412a83 lw               x21, 68(x2)         x21=xxxxxxxx  x2:10002798  PA:100027dc
20680762ns          353082 1c009734 04012b03 lw               x22, 64(x2)         x22=xxxxxxxx  x2:10002798  PA:100027d8
20680782ns          353083 1c009736 03c12b83 lw               x23, 60(x2)         x23=xxxxxxxx  x2:10002798  PA:100027d4
20680801ns          353084 1c009738 03812c03 lw               x24, 56(x2)         x24=xxxxxxxx  x2:10002798  PA:100027d0
20680821ns          353085 1c00973a 03412c83 lw               x25, 52(x2)         x25=xxxxxxxx  x2:10002798  PA:100027cc
20680841ns          353086 1c00973c 03012d03 lw               x26, 48(x2)         x26=xxxxxxxx  x2:10002798  PA:100027c8
20680861ns          353087 1c00973e 02c12d83 lw               x27, 44(x2)         x27=xxxxxxxx  x2:10002798  PA:100027c4
20681239ns          353106 1c009740 00000513 addi             x10, x0, 0          x10=00000000
20681259ns          353107 1c009742 06010113 addi             x2, x2, 96           x2=100027f8  x2:10002798
20681279ns          353108 1c009744 00008067 jalr             x0, x1, 0            x1:1c00b4ba
20681776ns          353133 1c00b4ba f14027f3 csrrs            x15, x0, 0xf14      x15=00000002
20682214ns          353155 1c00b4be f457b7b3 p.bclr           x15, x15, 26, 5     x15=00000002 x15:00000002
20682234ns          353156 1c00b4c2 00079963 bne              x15, x0, 18         x15:00000002
20682711ns          353180 1c00b4d4 002047b7 lui              x15, 0x204000       x15=00204000
20682751ns          353182 1c00b4d8 fff00713 addi             x14, x0, -1         x14=ffffffff
20682771ns          353183 1c00b4da 00e7a223 sw               x14, 4(x15)         x14:ffffffff x15:00204000  PA:00204004
