                Time          Cycles PC       Instr    Mnemonic
20391829ns          338556 1c008080 0640006f jal              x0, 100            
20392286ns          338579 1c0080e4 f1402573 csrrs            x10, x0, 0xf14      x10=00000000
20392326ns          338581 1c0080e8 01f57593 andi             x11, x10, 31        x11=00000000 x10:00000000
20392346ns          338582 1c0080ec 00555513 srli             x10, x10, 0x5       x10=00000000 x10:00000000
20392366ns          338583 1c0080ee 01f00613 addi             x12, x0, 31         x12=0000001f
20392803ns          338605 1c0080f0 00c50463 beq              x10, x12, 8         x10:00000000 x12:0000001f
20392843ns          338607 1c0080f4 fa1ff06f jal              x0, -96            
20393300ns          338630 1c008094 f3ff9117 auipc            x2, 0xf3ff9000       x2=10001094
20393340ns          338632 1c008098 f7010113 addi             x2, x2, -144         x2=10001004  x2:10001094
20393360ns          338633 1c00809c 00012103 lw               x2, 0(x2)            x2=10001008  x2:10001004  PA:10001004
20393798ns          338655 1c0080a0 000011b7 lui              x3, 0x1000           x3=00001000
20393838ns          338657 1c0080a4 80018193 addi             x3, x3, -2048        x3=00000800  x3:00001000
20393857ns          338658 1c0080a8 00158593 addi             x11, x11, 1         x11=00000001 x11:00000000
20393877ns          338659 1c0080ac 02b180b3 mul              x1, x3, x11          x1=00000800  x3:00000800 x11:00000001
20394315ns          338681 1c0080b0 00110133 add              x2, x2, x1           x2=10001808  x2:10001008  x1:00000800
20394355ns          338683 1c0080b4 3e00306f jal              x0, 13280          
20394812ns          338706 1c00b494 ff010113 addi             x2, x2, -16          x2=100017f8  x2:10001808
20394832ns          338707 1c00b496 00112623 sw               x1, 12(x2)           x1:00000800  x2:100017f8  PA:10001804
20394852ns          338708 1c00b498 002047b7 lui              x15, 0x204000       x15=00204000
20394872ns          338709 1c00b49c 00070737 lui              x14, 0x70000        x14=00070000
20395329ns          338732 1c00b4a0 00e7a423 sw               x14, 8(x15)         x14:00070000 x15:00204000  PA:00204008
20395349ns          338733 1c00b4a2 00f00713 addi             x14, x0, 15         x14=0000000f
20395369ns          338734 1c00b4a4 20078793 addi             x15, x15, 512       x15=00204200 x15:00204000
20395389ns          338735 1c00b4a8 00e7a023 sw               x14, 0(x15)         x14:0000000f x15:00204200  PA:00204200
20395409ns          338736 1c00b4ac 00e7a623 sw               x14, 12(x15)        x14:0000000f x15:00204200  PA:0020420c
20395846ns          338758 1c00b4b0 1c0017b7 lui              x15, 0x1c001000     x15=1c001000
20395886ns          338760 1c00b4b4 88c7a783 lw               x15, -1908(x15)     x15=1c0081b8 x15:1c001000  PA:1c00088c
20396224ns          338777 1c00b4b8 000780e7 jalr             x1, x15, 0           x1=1c00b4ba x15:1c0081b8
20396841ns          338808 1c0081b8 fa010113 addi             x2, x2, -96          x2=10001798  x2:100017f8
20396861ns          338809 1c0081ba 05212823 sw               x18, 80(x2)         x18:xxxxxxxx  x2:10001798  PA:100017e8
20396881ns          338810 1c0081bc 04112e23 sw               x1, 92(x2)           x1:1c00b4ba  x2:10001798  PA:100017f4
20397318ns          338832 1c0081be f1402973 csrrs            x18, x0, 0xf14      x18=00000000
20397338ns          338833 1c0081c2 04812c23 sw               x8, 88(x2)           x8:xxxxxxxx  x2:10001798  PA:100017f0
20397358ns          338834 1c0081c4 04912a23 sw               x9, 84(x2)           x9:xxxxxxxx  x2:10001798  PA:100017ec
20397378ns          338835 1c0081c6 05312623 sw               x19, 76(x2)         x19:xxxxxxxx  x2:10001798  PA:100017e4
20397398ns          338836 1c0081c8 05412423 sw               x20, 72(x2)         x20:xxxxxxxx  x2:10001798  PA:100017e0
20397418ns          338837 1c0081ca 05512223 sw               x21, 68(x2)         x21:xxxxxxxx  x2:10001798  PA:100017dc
20397438ns          338838 1c0081cc 05612023 sw               x22, 64(x2)         x22:xxxxxxxx  x2:10001798  PA:100017d8
20397458ns          338839 1c0081ce 03712e23 sw               x23, 60(x2)         x23:xxxxxxxx  x2:10001798  PA:100017d4
20397836ns          338858 1c0081d0 03812c23 sw               x24, 56(x2)         x24:xxxxxxxx  x2:10001798  PA:100017d0
20397855ns          338859 1c0081d2 03912a23 sw               x25, 52(x2)         x25:xxxxxxxx  x2:10001798  PA:100017cc
20397875ns          338860 1c0081d4 03a12823 sw               x26, 48(x2)         x26:xxxxxxxx  x2:10001798  PA:100017c8
20397895ns          338861 1c0081d6 03b12623 sw               x27, 44(x2)         x27:xxxxxxxx  x2:10001798  PA:100017c4
20397915ns          338862 1c0081d8 ca5917b3 p.extractu       x15, x18, 5, 5      x15=00000000 x18:00000000
20397935ns          338863 1c0081dc 600791e3 bne              x15, x0, 3586       x15:00000000
20398353ns          338884 1c0081e0 f4593933 p.bclr           x18, x18, 26, 5     x18=00000000 x18:00000000
20398393ns          338886 1c0081e4 5a091de3 bne              x18, x0, 3514       x18:00000000
20398412ns          338887 1c0081e8 100006b7 lui              x13, 0x10000000     x13=10000000
20398432ns          338888 1c0081ec 00468413 addi             x8, x13, 4           x8=10000004 x13:10000000
20398870ns          338910 1c0081f0 01900713 addi             x14, x0, 25         x14=00000019
20398910ns          338912 1c0081f2 00468693 addi             x13, x13, 4         x13=10000004 x13:10000000
20398930ns          338913 1c0081f6 040250fb lp.setupi        0x1, 0x40, 0x4     
20398949ns          338914 1c0081fa 00e6a22b p.sw             x14, 4(x13!)        x13=10000008 x14:00000019 x13:10000004  PA:10000004
20398969ns          338915 1c0081fe fff70713 addi             x14, x14, -1        x14=00000018 x14:00000019
20399467ns          338940 1c0081fa 00e6a22b p.sw             x14, 4(x13!)        x13=1000000c x14:00000018 x13:10000008  PA:10000008
20399486ns          338941 1c0081fe fff70713 addi             x14, x14, -1        x14=00000017 x14:00000018
20399526ns          338943 1c0081fa 00e6a22b p.sw             x14, 4(x13!)        x13=10000010 x14:00000017 x13:1000000c  PA:1000000c
20399546ns          338944 1c0081fe fff70713 addi             x14, x14, -1        x14=00000016 x14:00000017
20399586ns          338946 1c0081fa 00e6a22b p.sw             x14, 4(x13!)        x13=10000014 x14:00000016 x13:10000010  PA:10000010
20399606ns          338947 1c0081fe fff70713 addi             x14, x14, -1        x14=00000015 x14:00000016
20399646ns          338949 1c0081fa 00e6a22b p.sw             x14, 4(x13!)        x13=10000018 x14:00000015 x13:10000014  PA:10000014
20399666ns          338950 1c0081fe fff70713 addi             x14, x14, -1        x14=00000014 x14:00000015
20399705ns          338952 1c0081fa 00e6a22b p.sw             x14, 4(x13!)        x13=1000001c x14:00000014 x13:10000018  PA:10000018
20399725ns          338953 1c0081fe fff70713 addi             x14, x14, -1        x14=00000013 x14:00000014
20399765ns          338955 1c0081fa 00e6a22b p.sw             x14, 4(x13!)        x13=10000020 x14:00000013 x13:1000001c  PA:1000001c
20399785ns          338956 1c0081fe fff70713 addi             x14, x14, -1        x14=00000012 x14:00000013
20399825ns          338958 1c0081fa 00e6a22b p.sw             x14, 4(x13!)        x13=10000024 x14:00000012 x13:10000020  PA:10000020
20399845ns          338959 1c0081fe fff70713 addi             x14, x14, -1        x14=00000011 x14:00000012
20399884ns          338961 1c0081fa 00e6a22b p.sw             x14, 4(x13!)        x13=10000028 x14:00000011 x13:10000024  PA:10000024
20399904ns          338962 1c0081fe fff70713 addi             x14, x14, -1        x14=00000010 x14:00000011
20399944ns          338964 1c0081fa 00e6a22b p.sw             x14, 4(x13!)        x13=1000002c x14:00000010 x13:10000028  PA:10000028
20399964ns          338965 1c0081fe fff70713 addi             x14, x14, -1        x14=0000000f x14:00000010
20400004ns          338967 1c0081fa 00e6a22b p.sw             x14, 4(x13!)        x13=10000030 x14:0000000f x13:1000002c  PA:1000002c
20400024ns          338968 1c0081fe fff70713 addi             x14, x14, -1        x14=0000000e x14:0000000f
20400063ns          338970 1c0081fa 00e6a22b p.sw             x14, 4(x13!)        x13=10000034 x14:0000000e x13:10000030  PA:10000030
20400083ns          338971 1c0081fe fff70713 addi             x14, x14, -1        x14=0000000d x14:0000000e
20400123ns          338973 1c0081fa 00e6a22b p.sw             x14, 4(x13!)        x13=10000038 x14:0000000d x13:10000034  PA:10000034
20400143ns          338974 1c0081fe fff70713 addi             x14, x14, -1        x14=0000000c x14:0000000d
20400183ns          338976 1c0081fa 00e6a22b p.sw             x14, 4(x13!)        x13=1000003c x14:0000000c x13:10000038  PA:10000038
20400203ns          338977 1c0081fe fff70713 addi             x14, x14, -1        x14=0000000b x14:0000000c
20400242ns          338979 1c0081fa 00e6a22b p.sw             x14, 4(x13!)        x13=10000040 x14:0000000b x13:1000003c  PA:1000003c
20400262ns          338980 1c0081fe fff70713 addi             x14, x14, -1        x14=0000000a x14:0000000b
20400302ns          338982 1c0081fa 00e6a22b p.sw             x14, 4(x13!)        x13=10000044 x14:0000000a x13:10000040  PA:10000040
20400322ns          338983 1c0081fe fff70713 addi             x14, x14, -1        x14=00000009 x14:0000000a
20400362ns          338985 1c0081fa 00e6a22b p.sw             x14, 4(x13!)        x13=10000048 x14:00000009 x13:10000044  PA:10000044
20400382ns          338986 1c0081fe fff70713 addi             x14, x14, -1        x14=00000008 x14:00000009
20400421ns          338988 1c0081fa 00e6a22b p.sw             x14, 4(x13!)        x13=1000004c x14:00000008 x13:10000048  PA:10000048
20400441ns          338989 1c0081fe fff70713 addi             x14, x14, -1        x14=00000007 x14:00000008
20400481ns          338991 1c0081fa 00e6a22b p.sw             x14, 4(x13!)        x13=10000050 x14:00000007 x13:1000004c  PA:1000004c
20400501ns          338992 1c0081fe fff70713 addi             x14, x14, -1        x14=00000006 x14:00000007
20400541ns          338994 1c0081fa 00e6a22b p.sw             x14, 4(x13!)        x13=10000054 x14:00000006 x13:10000050  PA:10000050
20400561ns          338995 1c0081fe fff70713 addi             x14, x14, -1        x14=00000005 x14:00000006
20400600ns          338997 1c0081fa 00e6a22b p.sw             x14, 4(x13!)        x13=10000058 x14:00000005 x13:10000054  PA:10000054
20400620ns          338998 1c0081fe fff70713 addi             x14, x14, -1        x14=00000004 x14:00000005
20400660ns          339000 1c0081fa 00e6a22b p.sw             x14, 4(x13!)        x13=1000005c x14:00000004 x13:10000058  PA:10000058
20400680ns          339001 1c0081fe fff70713 addi             x14, x14, -1        x14=00000003 x14:00000004
20400720ns          339003 1c0081fa 00e6a22b p.sw             x14, 4(x13!)        x13=10000060 x14:00000003 x13:1000005c  PA:1000005c
20400740ns          339004 1c0081fe fff70713 addi             x14, x14, -1        x14=00000002 x14:00000003
20400779ns          339006 1c0081fa 00e6a22b p.sw             x14, 4(x13!)        x13=10000064 x14:00000002 x13:10000060  PA:10000060
20400799ns          339007 1c0081fe fff70713 addi             x14, x14, -1        x14=00000001 x14:00000002
20400839ns          339009 1c0081fa 00e6a22b p.sw             x14, 4(x13!)        x13=10000068 x14:00000001 x13:10000064  PA:10000064
20400859ns          339010 1c0081fe fff70713 addi             x14, x14, -1        x14=00000000 x14:00000001
20400899ns          339012 1c0081fa 00e6a22b p.sw             x14, 4(x13!)        x13=1000006c x14:00000000 x13:10000068  PA:10000068
20400919ns          339013 1c0081fe fff70713 addi             x14, x14, -1        x14=ffffffff x14:00000000
20400958ns          339015 1c0081fa 00e6a22b p.sw             x14, 4(x13!)        x13=10000070 x14:ffffffff x13:1000006c  PA:1000006c
20400978ns          339016 1c0081fe fff70713 addi             x14, x14, -1        x14=fffffffe x14:ffffffff
20401018ns          339018 1c0081fa 00e6a22b p.sw             x14, 4(x13!)        x13=10000074 x14:fffffffe x13:10000070  PA:10000070
20401038ns          339019 1c0081fe fff70713 addi             x14, x14, -1        x14=fffffffd x14:fffffffe
20401078ns          339021 1c0081fa 00e6a22b p.sw             x14, 4(x13!)        x13=10000078 x14:fffffffd x13:10000074  PA:10000074
20401098ns          339022 1c0081fe fff70713 addi             x14, x14, -1        x14=fffffffc x14:fffffffd
20401137ns          339024 1c0081fa 00e6a22b p.sw             x14, 4(x13!)        x13=1000007c x14:fffffffc x13:10000078  PA:10000078
20401157ns          339025 1c0081fe fff70713 addi             x14, x14, -1        x14=fffffffb x14:fffffffc
20401197ns          339027 1c0081fa 00e6a22b p.sw             x14, 4(x13!)        x13=10000080 x14:fffffffb x13:1000007c  PA:1000007c
20401217ns          339028 1c0081fe fff70713 addi             x14, x14, -1        x14=fffffffa x14:fffffffb
20401257ns          339030 1c0081fa 00e6a22b p.sw             x14, 4(x13!)        x13=10000084 x14:fffffffa x13:10000080  PA:10000080
20401277ns          339031 1c0081fe fff70713 addi             x14, x14, -1        x14=fffffff9 x14:fffffffa
20401316ns          339033 1c0081fa 00e6a22b p.sw             x14, 4(x13!)        x13=10000088 x14:fffffff9 x13:10000084  PA:10000084
20401336ns          339034 1c0081fe fff70713 addi             x14, x14, -1        x14=fffffff8 x14:fffffff9
20401376ns          339036 1c0081fa 00e6a22b p.sw             x14, 4(x13!)        x13=1000008c x14:fffffff8 x13:10000088  PA:10000088
20401396ns          339037 1c0081fe fff70713 addi             x14, x14, -1        x14=fffffff7 x14:fffffff8
20401436ns          339039 1c0081fa 00e6a22b p.sw             x14, 4(x13!)        x13=10000090 x14:fffffff7 x13:1000008c  PA:1000008c
20401456ns          339040 1c0081fe fff70713 addi             x14, x14, -1        x14=fffffff6 x14:fffffff7
20401495ns          339042 1c0081fa 00e6a22b p.sw             x14, 4(x13!)        x13=10000094 x14:fffffff6 x13:10000090  PA:10000090
20401515ns          339043 1c0081fe fff70713 addi             x14, x14, -1        x14=fffffff5 x14:fffffff6
20401555ns          339045 1c0081fa 00e6a22b p.sw             x14, 4(x13!)        x13=10000098 x14:fffffff5 x13:10000094  PA:10000094
20401575ns          339046 1c0081fe fff70713 addi             x14, x14, -1        x14=fffffff4 x14:fffffff5
20401615ns          339048 1c0081fa 00e6a22b p.sw             x14, 4(x13!)        x13=1000009c x14:fffffff4 x13:10000098  PA:10000098
20401635ns          339049 1c0081fe fff70713 addi             x14, x14, -1        x14=fffffff3 x14:fffffff4
20401674ns          339051 1c0081fa 00e6a22b p.sw             x14, 4(x13!)        x13=100000a0 x14:fffffff3 x13:1000009c  PA:1000009c
20401694ns          339052 1c0081fe fff70713 addi             x14, x14, -1        x14=fffffff2 x14:fffffff3
20401734ns          339054 1c0081fa 00e6a22b p.sw             x14, 4(x13!)        x13=100000a4 x14:fffffff2 x13:100000a0  PA:100000a0
20401754ns          339055 1c0081fe fff70713 addi             x14, x14, -1        x14=fffffff1 x14:fffffff2
20401794ns          339057 1c0081fa 00e6a22b p.sw             x14, 4(x13!)        x13=100000a8 x14:fffffff1 x13:100000a4  PA:100000a4
20401814ns          339058 1c0081fe fff70713 addi             x14, x14, -1        x14=fffffff0 x14:fffffff1
20401853ns          339060 1c0081fa 00e6a22b p.sw             x14, 4(x13!)        x13=100000ac x14:fffffff0 x13:100000a8  PA:100000a8
20401873ns          339061 1c0081fe fff70713 addi             x14, x14, -1        x14=ffffffef x14:fffffff0
20401913ns          339063 1c0081fa 00e6a22b p.sw             x14, 4(x13!)        x13=100000b0 x14:ffffffef x13:100000ac  PA:100000ac
20401933ns          339064 1c0081fe fff70713 addi             x14, x14, -1        x14=ffffffee x14:ffffffef
20401973ns          339066 1c0081fa 00e6a22b p.sw             x14, 4(x13!)        x13=100000b4 x14:ffffffee x13:100000b0  PA:100000b0
20401993ns          339067 1c0081fe fff70713 addi             x14, x14, -1        x14=ffffffed x14:ffffffee
20402033ns          339069 1c0081fa 00e6a22b p.sw             x14, 4(x13!)        x13=100000b8 x14:ffffffed x13:100000b4  PA:100000b4
20402052ns          339070 1c0081fe fff70713 addi             x14, x14, -1        x14=ffffffec x14:ffffffed
20402092ns          339072 1c0081fa 00e6a22b p.sw             x14, 4(x13!)        x13=100000bc x14:ffffffec x13:100000b8  PA:100000b8
20402112ns          339073 1c0081fe fff70713 addi             x14, x14, -1        x14=ffffffeb x14:ffffffec
20402152ns          339075 1c0081fa 00e6a22b p.sw             x14, 4(x13!)        x13=100000c0 x14:ffffffeb x13:100000bc  PA:100000bc
20402172ns          339076 1c0081fe fff70713 addi             x14, x14, -1        x14=ffffffea x14:ffffffeb
20402212ns          339078 1c0081fa 00e6a22b p.sw             x14, 4(x13!)        x13=100000c4 x14:ffffffea x13:100000c0  PA:100000c0
20402231ns          339079 1c0081fe fff70713 addi             x14, x14, -1        x14=ffffffe9 x14:ffffffea
20402271ns          339081 1c0081fa 00e6a22b p.sw             x14, 4(x13!)        x13=100000c8 x14:ffffffe9 x13:100000c4  PA:100000c4
20402291ns          339082 1c0081fe fff70713 addi             x14, x14, -1        x14=ffffffe8 x14:ffffffe9
20402331ns          339084 1c0081fa 00e6a22b p.sw             x14, 4(x13!)        x13=100000cc x14:ffffffe8 x13:100000c8  PA:100000c8
20402351ns          339085 1c0081fe fff70713 addi             x14, x14, -1        x14=ffffffe7 x14:ffffffe8
20402391ns          339087 1c0081fa 00e6a22b p.sw             x14, 4(x13!)        x13=100000d0 x14:ffffffe7 x13:100000cc  PA:100000cc
20402410ns          339088 1c0081fe fff70713 addi             x14, x14, -1        x14=ffffffe6 x14:ffffffe7
20402450ns          339090 1c0081fa 00e6a22b p.sw             x14, 4(x13!)        x13=100000d4 x14:ffffffe6 x13:100000d0  PA:100000d0
20402470ns          339091 1c0081fe fff70713 addi             x14, x14, -1        x14=ffffffe5 x14:ffffffe6
20402510ns          339093 1c0081fa 00e6a22b p.sw             x14, 4(x13!)        x13=100000d8 x14:ffffffe5 x13:100000d4  PA:100000d4
20402530ns          339094 1c0081fe fff70713 addi             x14, x14, -1        x14=ffffffe4 x14:ffffffe5
20402570ns          339096 1c0081fa 00e6a22b p.sw             x14, 4(x13!)        x13=100000dc x14:ffffffe4 x13:100000d8  PA:100000d8
20402589ns          339097 1c0081fe fff70713 addi             x14, x14, -1        x14=ffffffe3 x14:ffffffe4
20402629ns          339099 1c0081fa 00e6a22b p.sw             x14, 4(x13!)        x13=100000e0 x14:ffffffe3 x13:100000dc  PA:100000dc
20402649ns          339100 1c0081fe fff70713 addi             x14, x14, -1        x14=ffffffe2 x14:ffffffe3
20402689ns          339102 1c0081fa 00e6a22b p.sw             x14, 4(x13!)        x13=100000e4 x14:ffffffe2 x13:100000e0  PA:100000e0
20402709ns          339103 1c0081fe fff70713 addi             x14, x14, -1        x14=ffffffe1 x14:ffffffe2
20402749ns          339105 1c0081fa 00e6a22b p.sw             x14, 4(x13!)        x13=100000e8 x14:ffffffe1 x13:100000e4  PA:100000e4
20402768ns          339106 1c0081fe fff70713 addi             x14, x14, -1        x14=ffffffe0 x14:ffffffe1
20402808ns          339108 1c0081fa 00e6a22b p.sw             x14, 4(x13!)        x13=100000ec x14:ffffffe0 x13:100000e8  PA:100000e8
20402828ns          339109 1c0081fe fff70713 addi             x14, x14, -1        x14=ffffffdf x14:ffffffe0
20402868ns          339111 1c0081fa 00e6a22b p.sw             x14, 4(x13!)        x13=100000f0 x14:ffffffdf x13:100000ec  PA:100000ec
20402888ns          339112 1c0081fe fff70713 addi             x14, x14, -1        x14=ffffffde x14:ffffffdf
20402928ns          339114 1c0081fa 00e6a22b p.sw             x14, 4(x13!)        x13=100000f4 x14:ffffffde x13:100000f0  PA:100000f0
20402947ns          339115 1c0081fe fff70713 addi             x14, x14, -1        x14=ffffffdd x14:ffffffde
20402987ns          339117 1c0081fa 00e6a22b p.sw             x14, 4(x13!)        x13=100000f8 x14:ffffffdd x13:100000f4  PA:100000f4
20403007ns          339118 1c0081fe fff70713 addi             x14, x14, -1        x14=ffffffdc x14:ffffffdd
20403047ns          339120 1c0081fa 00e6a22b p.sw             x14, 4(x13!)        x13=100000fc x14:ffffffdc x13:100000f8  PA:100000f8
20403067ns          339121 1c0081fe fff70713 addi             x14, x14, -1        x14=ffffffdb x14:ffffffdc
20403107ns          339123 1c0081fa 00e6a22b p.sw             x14, 4(x13!)        x13=10000100 x14:ffffffdb x13:100000fc  PA:100000fc
20403127ns          339124 1c0081fe fff70713 addi             x14, x14, -1        x14=ffffffda x14:ffffffdb
20403166ns          339126 1c0081fa 00e6a22b p.sw             x14, 4(x13!)        x13=10000104 x14:ffffffda x13:10000100  PA:10000100
20403186ns          339127 1c0081fe fff70713 addi             x14, x14, -1        x14=ffffffd9 x14:ffffffda
20403206ns          339128 1c008200 00042783 lw               x15, 0(x8)          x15=00000019  x8:10000004  PA:10000004
20403226ns          339129 1c008202 00042703 lw               x14, 0(x8)          x14=00000019  x8:10000004  PA:10000004
20403266ns          339131 1c008204 00e787b3 add              x15, x15, x14       x15=00000032 x15:00000019 x14:00000019
20403286ns          339132 1c008206 40f42023 sw               x15, 1024(x8)       x15:00000032  x8:10000004  PA:10000404
20403306ns          339133 1c00820a 00442783 lw               x15, 4(x8)          x15=00000018  x8:10000004  PA:10000008
20403325ns          339134 1c00820c 00442703 lw               x14, 4(x8)          x14=00000018  x8:10000004  PA:10000008
20403365ns          339136 1c00820e 00e787b3 add              x15, x15, x14       x15=00000030 x15:00000018 x14:00000018
20403683ns          339152 1c008210 40f42223 sw               x15, 1028(x8)       x15:00000030  x8:10000004  PA:10000408
20403723ns          339154 1c008214 00842783 lw               x15, 8(x8)          x15=00000017  x8:10000004  PA:1000000c
20403743ns          339155 1c008216 00842703 lw               x14, 8(x8)          x14=00000017  x8:10000004  PA:1000000c
20403783ns          339157 1c008218 00e787b3 add              x15, x15, x14       x15=0000002e x15:00000017 x14:00000017
20403803ns          339158 1c00821a 40f42423 sw               x15, 1032(x8)       x15:0000002e  x8:10000004  PA:1000040c
20403823ns          339159 1c00821e 00c42783 lw               x15, 12(x8)         x15=00000016  x8:10000004  PA:10000010
20404220ns          339179 1c008220 00c42703 lw               x14, 12(x8)         x14=00000016  x8:10000004  PA:10000010
20404260ns          339181 1c008222 00e787b3 add              x15, x15, x14       x15=0000002c x15:00000016 x14:00000016
20404280ns          339182 1c008224 40f42623 sw               x15, 1036(x8)       x15:0000002c  x8:10000004  PA:10000410
20404300ns          339183 1c008228 01042783 lw               x15, 16(x8)         x15=00000015  x8:10000004  PA:10000014
20404320ns          339184 1c00822a 01042703 lw               x14, 16(x8)         x14=00000015  x8:10000004  PA:10000014
20404360ns          339186 1c00822c 00e787b3 add              x15, x15, x14       x15=0000002a x15:00000015 x14:00000015
20404758ns          339206 1c00822e 40f42823 sw               x15, 1040(x8)       x15:0000002a  x8:10000004  PA:10000414
20404777ns          339207 1c008232 01442783 lw               x15, 20(x8)         x15=00000014  x8:10000004  PA:10000018
20404797ns          339208 1c008234 01442703 lw               x14, 20(x8)         x14=00000014  x8:10000004  PA:10000018
20404837ns          339210 1c008236 00e787b3 add              x15, x15, x14       x15=00000028 x15:00000014 x14:00000014
20404857ns          339211 1c008238 40f42a23 sw               x15, 1044(x8)       x15:00000028  x8:10000004  PA:10000418
20404877ns          339212 1c00823c 01842783 lw               x15, 24(x8)         x15=00000013  x8:10000004  PA:1000001c
20404897ns          339213 1c00823e 01842703 lw               x14, 24(x8)         x14=00000013  x8:10000004  PA:1000001c
20405374ns          339237 1c008240 00e787b3 add              x15, x15, x14       x15=00000026 x15:00000013 x14:00000013
20405414ns          339239 1c008242 40f42c23 sw               x15, 1048(x8)       x15:00000026  x8:10000004  PA:1000041c
20405434ns          339240 1c008246 01c42783 lw               x15, 28(x8)         x15=00000012  x8:10000004  PA:10000020
20405454ns          339241 1c008248 01c42703 lw               x14, 28(x8)         x14=00000012  x8:10000004  PA:10000020
20405494ns          339243 1c00824a 00e787b3 add              x15, x15, x14       x15=00000024 x15:00000012 x14:00000012
20405513ns          339244 1c00824c 40f42e23 sw               x15, 1052(x8)       x15:00000024  x8:10000004  PA:10000420
20405931ns          339265 1c008250 02042783 lw               x15, 32(x8)         x15=00000011  x8:10000004  PA:10000024
20405951ns          339266 1c008252 02042703 lw               x14, 32(x8)         x14=00000011  x8:10000004  PA:10000024
20405991ns          339268 1c008254 00e787b3 add              x15, x15, x14       x15=00000022 x15:00000011 x14:00000011
20406011ns          339269 1c008256 42f42023 sw               x15, 1056(x8)       x15:00000022  x8:10000004  PA:10000424
20406031ns          339270 1c00825a 02442783 lw               x15, 36(x8)         x15=00000010  x8:10000004  PA:10000028
20406050ns          339271 1c00825c 02442703 lw               x14, 36(x8)         x14=00000010  x8:10000004  PA:10000028
20406090ns          339273 1c00825e 00e787b3 add              x15, x15, x14       x15=00000020 x15:00000010 x14:00000010
20406448ns          339291 1c008260 42f42223 sw               x15, 1060(x8)       x15:00000020  x8:10000004  PA:10000428
20406488ns          339293 1c008264 02842783 lw               x15, 40(x8)         x15=0000000f  x8:10000004  PA:1000002c
20406508ns          339294 1c008266 02842703 lw               x14, 40(x8)         x14=0000000f  x8:10000004  PA:1000002c
20406548ns          339296 1c008268 00e787b3 add              x15, x15, x14       x15=0000001e x15:0000000f x14:0000000f
20406568ns          339297 1c00826a 42f42423 sw               x15, 1064(x8)       x15:0000001e  x8:10000004  PA:1000042c
20406587ns          339298 1c00826e 02c42783 lw               x15, 44(x8)         x15=0000000e  x8:10000004  PA:10000030
20406965ns          339317 1c008270 02c42703 lw               x14, 44(x8)         x14=0000000e  x8:10000004  PA:10000030
20407005ns          339319 1c008272 00e787b3 add              x15, x15, x14       x15=0000001c x15:0000000e x14:0000000e
20407025ns          339320 1c008274 42f42623 sw               x15, 1068(x8)       x15:0000001c  x8:10000004  PA:10000430
20407045ns          339321 1c008278 03042783 lw               x15, 48(x8)         x15=0000000d  x8:10000004  PA:10000034
20407065ns          339322 1c00827a 03042703 lw               x14, 48(x8)         x14=0000000d  x8:10000004  PA:10000034
20407105ns          339324 1c00827c 00e787b3 add              x15, x15, x14       x15=0000001a x15:0000000d x14:0000000d
20407502ns          339344 1c00827e 42f42823 sw               x15, 1072(x8)       x15:0000001a  x8:10000004  PA:10000434
20407522ns          339345 1c008282 03442783 lw               x15, 52(x8)         x15=0000000c  x8:10000004  PA:10000038
20407542ns          339346 1c008284 03442703 lw               x14, 52(x8)         x14=0000000c  x8:10000004  PA:10000038
20407582ns          339348 1c008286 00e787b3 add              x15, x15, x14       x15=00000018 x15:0000000c x14:0000000c
20407602ns          339349 1c008288 42f42a23 sw               x15, 1076(x8)       x15:00000018  x8:10000004  PA:10000438
20407622ns          339350 1c00828c 03842783 lw               x15, 56(x8)         x15=0000000b  x8:10000004  PA:1000003c
20407642ns          339351 1c00828e 03842703 lw               x14, 56(x8)         x14=0000000b  x8:10000004  PA:1000003c
20408059ns          339372 1c008290 00e787b3 add              x15, x15, x14       x15=00000016 x15:0000000b x14:0000000b
20408099ns          339374 1c008292 42f42c23 sw               x15, 1080(x8)       x15:00000016  x8:10000004  PA:1000043c
20408119ns          339375 1c008296 03c42783 lw               x15, 60(x8)         x15=0000000a  x8:10000004  PA:10000040
20408139ns          339376 1c008298 03c42703 lw               x14, 60(x8)         x14=0000000a  x8:10000004  PA:10000040
20408179ns          339378 1c00829a 00e787b3 add              x15, x15, x14       x15=00000014 x15:0000000a x14:0000000a
20408199ns          339379 1c00829c 42f42e23 sw               x15, 1084(x8)       x15:00000014  x8:10000004  PA:10000440
20408636ns          339401 1c0082a0 04042783 lw               x15, 64(x8)         x15=00000009  x8:10000004  PA:10000044
20408656ns          339402 1c0082a2 04042703 lw               x14, 64(x8)         x14=00000009  x8:10000004  PA:10000044
20408696ns          339404 1c0082a4 00e787b3 add              x15, x15, x14       x15=00000012 x15:00000009 x14:00000009
20408716ns          339405 1c0082a6 44f42023 sw               x15, 1088(x8)       x15:00000012  x8:10000004  PA:10000444
20408736ns          339406 1c0082aa 04442783 lw               x15, 68(x8)         x15=00000008  x8:10000004  PA:10000048
20408756ns          339407 1c0082ac 04442703 lw               x14, 68(x8)         x14=00000008  x8:10000004  PA:10000048
20408795ns          339409 1c0082ae 00e787b3 add              x15, x15, x14       x15=00000010 x15:00000008 x14:00000008
20409193ns          339429 1c0082b0 44f42223 sw               x15, 1092(x8)       x15:00000010  x8:10000004  PA:10000448
20409233ns          339431 1c0082b4 04842783 lw               x15, 72(x8)         x15=00000007  x8:10000004  PA:1000004c
20409253ns          339432 1c0082b6 04842703 lw               x14, 72(x8)         x14=00000007  x8:10000004  PA:1000004c
20409293ns          339434 1c0082b8 00e787b3 add              x15, x15, x14       x15=0000000e x15:00000007 x14:00000007
20409313ns          339435 1c0082ba 44f42423 sw               x15, 1096(x8)       x15:0000000e  x8:10000004  PA:1000044c
20409332ns          339436 1c0082be 04c42783 lw               x15, 76(x8)         x15=00000006  x8:10000004  PA:10000050
20409710ns          339455 1c0082c0 04c42703 lw               x14, 76(x8)         x14=00000006  x8:10000004  PA:10000050
20409750ns          339457 1c0082c2 00e787b3 add              x15, x15, x14       x15=0000000c x15:00000006 x14:00000006
20409770ns          339458 1c0082c4 44f42623 sw               x15, 1100(x8)       x15:0000000c  x8:10000004  PA:10000450
20409790ns          339459 1c0082c8 05042783 lw               x15, 80(x8)         x15=00000005  x8:10000004  PA:10000054
20409810ns          339460 1c0082ca 05042703 lw               x14, 80(x8)         x14=00000005  x8:10000004  PA:10000054
20409850ns          339462 1c0082cc 00e787b3 add              x15, x15, x14       x15=0000000a x15:00000005 x14:00000005
20410228ns          339481 1c0082ce 44f42823 sw               x15, 1104(x8)       x15:0000000a  x8:10000004  PA:10000454
20410247ns          339482 1c0082d2 05442783 lw               x15, 84(x8)         x15=00000004  x8:10000004  PA:10000058
20410267ns          339483 1c0082d4 05442703 lw               x14, 84(x8)         x14=00000004  x8:10000004  PA:10000058
20410307ns          339485 1c0082d6 00e787b3 add              x15, x15, x14       x15=00000008 x15:00000004 x14:00000004
20410327ns          339486 1c0082d8 44f42a23 sw               x15, 1108(x8)       x15:00000008  x8:10000004  PA:10000458
20410347ns          339487 1c0082dc 05842783 lw               x15, 88(x8)         x15=00000003  x8:10000004  PA:1000005c
20410367ns          339488 1c0082de 05842703 lw               x14, 88(x8)         x14=00000003  x8:10000004  PA:1000005c
20411142ns          339527 1c0082e0 00e787b3 add              x15, x15, x14       x15=00000006 x15:00000003 x14:00000003
20411182ns          339529 1c0082e2 44f42c23 sw               x15, 1112(x8)       x15:00000006  x8:10000004  PA:1000045c
20411202ns          339530 1c0082e6 05c42783 lw               x15, 92(x8)         x15=00000002  x8:10000004  PA:10000060
20411222ns          339531 1c0082e8 05c42703 lw               x14, 92(x8)         x14=00000002  x8:10000004  PA:10000060
20411262ns          339533 1c0082ea 00e787b3 add              x15, x15, x14       x15=00000004 x15:00000002 x14:00000002
20411282ns          339534 1c0082ec 44f42e23 sw               x15, 1116(x8)       x15:00000004  x8:10000004  PA:10000460
20411660ns          339553 1c0082f0 06042783 lw               x15, 96(x8)         x15=00000001  x8:10000004  PA:10000064
20411680ns          339554 1c0082f2 06042703 lw               x14, 96(x8)         x14=00000001  x8:10000004  PA:10000064
20411719ns          339556 1c0082f4 00e787b3 add              x15, x15, x14       x15=00000002 x15:00000001 x14:00000001
20411739ns          339557 1c0082f6 46f42023 sw               x15, 1120(x8)       x15:00000002  x8:10000004  PA:10000464
20411759ns          339558 1c0082fa 06442783 lw               x15, 100(x8)        x15=00000000  x8:10000004  PA:10000068
20411779ns          339559 1c0082fc 06442703 lw               x14, 100(x8)        x14=00000000  x8:10000004  PA:10000068
20411819ns          339561 1c0082fe 00e787b3 add              x15, x15, x14       x15=00000000 x15:00000000 x14:00000000
20412177ns          339579 1c008300 46f42223 sw               x15, 1124(x8)       x15:00000000  x8:10000004  PA:10000468
20412217ns          339581 1c008304 06842783 lw               x15, 104(x8)        x15=ffffffff  x8:10000004  PA:1000006c
20412236ns          339582 1c008306 06842703 lw               x14, 104(x8)        x14=ffffffff  x8:10000004  PA:1000006c
20412276ns          339584 1c008308 00e787b3 add              x15, x15, x14       x15=fffffffe x15:ffffffff x14:ffffffff
20412296ns          339585 1c00830a 46f42423 sw               x15, 1128(x8)       x15:fffffffe  x8:10000004  PA:1000046c
20412316ns          339586 1c00830e 06c42783 lw               x15, 108(x8)        x15=fffffffe  x8:10000004  PA:10000070
20412714ns          339606 1c008310 06c42703 lw               x14, 108(x8)        x14=fffffffe  x8:10000004  PA:10000070
20412754ns          339608 1c008312 00e787b3 add              x15, x15, x14       x15=fffffffc x15:fffffffe x14:fffffffe
20412774ns          339609 1c008314 46f42623 sw               x15, 1132(x8)       x15:fffffffc  x8:10000004  PA:10000470
20412793ns          339610 1c008318 07042783 lw               x15, 112(x8)        x15=fffffffd  x8:10000004  PA:10000074
20412813ns          339611 1c00831a 07042703 lw               x14, 112(x8)        x14=fffffffd  x8:10000004  PA:10000074
20412853ns          339613 1c00831c 00e787b3 add              x15, x15, x14       x15=fffffffa x15:fffffffd x14:fffffffd
20413231ns          339632 1c00831e 46f42823 sw               x15, 1136(x8)       x15:fffffffa  x8:10000004  PA:10000474
20413251ns          339633 1c008322 07442783 lw               x15, 116(x8)        x15=fffffffc  x8:10000004  PA:10000078
20413271ns          339634 1c008324 07442703 lw               x14, 116(x8)        x14=fffffffc  x8:10000004  PA:10000078
20413311ns          339636 1c008326 00e787b3 add              x15, x15, x14       x15=fffffff8 x15:fffffffc x14:fffffffc
20413330ns          339637 1c008328 46f42a23 sw               x15, 1140(x8)       x15:fffffff8  x8:10000004  PA:10000478
20413350ns          339638 1c00832c 07842783 lw               x15, 120(x8)        x15=fffffffb  x8:10000004  PA:1000007c
20413370ns          339639 1c00832e 07842703 lw               x14, 120(x8)        x14=fffffffb  x8:10000004  PA:1000007c
20413748ns          339658 1c008330 00e787b3 add              x15, x15, x14       x15=fffffff6 x15:fffffffb x14:fffffffb
20413788ns          339660 1c008332 46f42c23 sw               x15, 1144(x8)       x15:fffffff6  x8:10000004  PA:1000047c
20413808ns          339661 1c008336 07c42783 lw               x15, 124(x8)        x15=fffffffa  x8:10000004  PA:10000080
20413828ns          339662 1c008338 07c42703 lw               x14, 124(x8)        x14=fffffffa  x8:10000004  PA:10000080
20413868ns          339664 1c00833a 00e787b3 add              x15, x15, x14       x15=fffffff4 x15:fffffffa x14:fffffffa
20413887ns          339665 1c00833c 46f42e23 sw               x15, 1148(x8)       x15:fffffff4  x8:10000004  PA:10000480
20414265ns          339684 1c008340 08042783 lw               x15, 128(x8)        x15=fffffff9  x8:10000004  PA:10000084
20414325ns          339687 1c008344 08042703 lw               x14, 128(x8)        x14=fffffff9  x8:10000004  PA:10000084
20414365ns          339689 1c008348 00e787b3 add              x15, x15, x14       x15=fffffff2 x15:fffffff9 x14:fffffff9
20414385ns          339690 1c00834a 48f42023 sw               x15, 1152(x8)       x15:fffffff2  x8:10000004  PA:10000484
20414782ns          339710 1c00834e 08442783 lw               x15, 132(x8)        x15=fffffff8  x8:10000004  PA:10000088
20414822ns          339712 1c008352 08442703 lw               x14, 132(x8)        x14=fffffff8  x8:10000004  PA:10000088
20414862ns          339714 1c008356 00e787b3 add              x15, x15, x14       x15=fffffff0 x15:fffffff8 x14:fffffff8
20414882ns          339715 1c008358 48f42223 sw               x15, 1156(x8)       x15:fffffff0  x8:10000004  PA:10000488
20414902ns          339716 1c00835c 08842783 lw               x15, 136(x8)        x15=fffffff7  x8:10000004  PA:1000008c
20415320ns          339737 1c008360 08842703 lw               x14, 136(x8)        x14=fffffff7  x8:10000004  PA:1000008c
20415359ns          339739 1c008364 00e787b3 add              x15, x15, x14       x15=ffffffee x15:fffffff7 x14:fffffff7
20415379ns          339740 1c008366 48f42423 sw               x15, 1160(x8)       x15:ffffffee  x8:10000004  PA:1000048c
20415399ns          339741 1c00836a 08c42783 lw               x15, 140(x8)        x15=fffffff6  x8:10000004  PA:10000090
20415837ns          339763 1c00836e 08c42703 lw               x14, 140(x8)        x14=fffffff6  x8:10000004  PA:10000090
20415876ns          339765 1c008372 00e787b3 add              x15, x15, x14       x15=ffffffec x15:fffffff6 x14:fffffff6
20415896ns          339766 1c008374 48f42623 sw               x15, 1164(x8)       x15:ffffffec  x8:10000004  PA:10000490
20415916ns          339767 1c008378 09042783 lw               x15, 144(x8)        x15=fffffff5  x8:10000004  PA:10000094
20415936ns          339768 1c00837c 09042703 lw               x14, 144(x8)        x14=fffffff5  x8:10000004  PA:10000094
20416354ns          339789 1c008380 00e787b3 add              x15, x15, x14       x15=ffffffea x15:fffffff5 x14:fffffff5
20416394ns          339791 1c008382 48f42823 sw               x15, 1168(x8)       x15:ffffffea  x8:10000004  PA:10000494
20416414ns          339792 1c008386 09442783 lw               x15, 148(x8)        x15=fffffff4  x8:10000004  PA:10000098
20416433ns          339793 1c00838a 09442703 lw               x14, 148(x8)        x14=fffffff4  x8:10000004  PA:10000098
20416473ns          339795 1c00838e 00e787b3 add              x15, x15, x14       x15=ffffffe8 x15:fffffff4 x14:fffffff4
20416871ns          339815 1c008390 48f42a23 sw               x15, 1172(x8)       x15:ffffffe8  x8:10000004  PA:10000498
20416911ns          339817 1c008394 09842783 lw               x15, 152(x8)        x15=fffffff3  x8:10000004  PA:1000009c
20416931ns          339818 1c008398 09842703 lw               x14, 152(x8)        x14=fffffff3  x8:10000004  PA:1000009c
20416970ns          339820 1c00839c 00e787b3 add              x15, x15, x14       x15=ffffffe6 x15:fffffff3 x14:fffffff3
20417388ns          339841 1c00839e 48f42c23 sw               x15, 1176(x8)       x15:ffffffe6  x8:10000004  PA:1000049c
20417428ns          339843 1c0083a2 09c42783 lw               x15, 156(x8)        x15=fffffff2  x8:10000004  PA:100000a0
20417448ns          339844 1c0083a6 09c42703 lw               x14, 156(x8)        x14=fffffff2  x8:10000004  PA:100000a0
20417488ns          339846 1c0083aa 00e787b3 add              x15, x15, x14       x15=ffffffe4 x15:fffffff2 x14:fffffff2
20417508ns          339847 1c0083ac 48f42e23 sw               x15, 1180(x8)       x15:ffffffe4  x8:10000004  PA:100004a0
20417925ns          339868 1c0083b0 0a042783 lw               x15, 160(x8)        x15=fffffff1  x8:10000004  PA:100000a4
20417965ns          339870 1c0083b4 0a042703 lw               x14, 160(x8)        x14=fffffff1  x8:10000004  PA:100000a4
20418005ns          339872 1c0083b8 00e787b3 add              x15, x15, x14       x15=ffffffe2 x15:fffffff1 x14:fffffff1
20418025ns          339873 1c0083ba 4af42023 sw               x15, 1184(x8)       x15:ffffffe2  x8:10000004  PA:100004a4
20418442ns          339894 1c0083be 0a442783 lw               x15, 164(x8)        x15=fffffff0  x8:10000004  PA:100000a8
20418482ns          339896 1c0083c2 0a442703 lw               x14, 164(x8)        x14=fffffff0  x8:10000004  PA:100000a8
20418522ns          339898 1c0083c6 00e787b3 add              x15, x15, x14       x15=ffffffe0 x15:fffffff0 x14:fffffff0
20418542ns          339899 1c0083c8 4af42223 sw               x15, 1188(x8)       x15:ffffffe0  x8:10000004  PA:100004a8
20418562ns          339900 1c0083cc 0a842783 lw               x15, 168(x8)        x15=ffffffef  x8:10000004  PA:100000ac
20418960ns          339920 1c0083d0 0a842703 lw               x14, 168(x8)        x14=ffffffef  x8:10000004  PA:100000ac
20418999ns          339922 1c0083d4 00e787b3 add              x15, x15, x14       x15=ffffffde x15:ffffffef x14:ffffffef
20419019ns          339923 1c0083d6 4af42423 sw               x15, 1192(x8)       x15:ffffffde  x8:10000004  PA:100004ac
20419039ns          339924 1c0083da 0ac42783 lw               x15, 172(x8)        x15=ffffffee  x8:10000004  PA:100000b0
20419477ns          339946 1c0083de 0ac42703 lw               x14, 172(x8)        x14=ffffffee  x8:10000004  PA:100000b0
20419516ns          339948 1c0083e2 00e787b3 add              x15, x15, x14       x15=ffffffdc x15:ffffffee x14:ffffffee
20419536ns          339949 1c0083e4 4af42623 sw               x15, 1196(x8)       x15:ffffffdc  x8:10000004  PA:100004b0
20419556ns          339950 1c0083e8 0b042783 lw               x15, 176(x8)        x15=ffffffed  x8:10000004  PA:100000b4
20419576ns          339951 1c0083ec 0b042703 lw               x14, 176(x8)        x14=ffffffed  x8:10000004  PA:100000b4
20419994ns          339972 1c0083f0 00e787b3 add              x15, x15, x14       x15=ffffffda x15:ffffffed x14:ffffffed
20420034ns          339974 1c0083f2 4af42823 sw               x15, 1200(x8)       x15:ffffffda  x8:10000004  PA:100004b4
20420054ns          339975 1c0083f6 0b442783 lw               x15, 180(x8)        x15=ffffffec  x8:10000004  PA:100000b8
20420073ns          339976 1c0083fa 0b442703 lw               x14, 180(x8)        x14=ffffffec  x8:10000004  PA:100000b8
20420113ns          339978 1c0083fe 00e787b3 add              x15, x15, x14       x15=ffffffd8 x15:ffffffec x14:ffffffec
20420511ns          339998 1c008400 4af42a23 sw               x15, 1204(x8)       x15:ffffffd8  x8:10000004  PA:100004b8
20420551ns          340000 1c008404 0b842783 lw               x15, 184(x8)        x15=ffffffeb  x8:10000004  PA:100000bc
20420571ns          340001 1c008408 0b842703 lw               x14, 184(x8)        x14=ffffffeb  x8:10000004  PA:100000bc
20420610ns          340003 1c00840c 00e787b3 add              x15, x15, x14       x15=ffffffd6 x15:ffffffeb x14:ffffffeb
20421028ns          340024 1c00840e 4af42c23 sw               x15, 1208(x8)       x15:ffffffd6  x8:10000004  PA:100004bc
20421068ns          340026 1c008412 0bc42783 lw               x15, 188(x8)        x15=ffffffea  x8:10000004  PA:100000c0
20421088ns          340027 1c008416 0bc42703 lw               x14, 188(x8)        x14=ffffffea  x8:10000004  PA:100000c0
20421128ns          340029 1c00841a 00e787b3 add              x15, x15, x14       x15=ffffffd4 x15:ffffffea x14:ffffffea
20421148ns          340030 1c00841c 4af42e23 sw               x15, 1212(x8)       x15:ffffffd4  x8:10000004  PA:100004c0
20421545ns          340050 1c008420 0c042783 lw               x15, 192(x8)        x15=ffffffe9  x8:10000004  PA:100000c4
20421585ns          340052 1c008424 0c042703 lw               x14, 192(x8)        x14=ffffffe9  x8:10000004  PA:100000c4
20421625ns          340054 1c008428 00e787b3 add              x15, x15, x14       x15=ffffffd2 x15:ffffffe9 x14:ffffffe9
20421645ns          340055 1c00842a 4cf42023 sw               x15, 1216(x8)       x15:ffffffd2  x8:10000004  PA:100004c4
20422082ns          340077 1c00842e 0c442783 lw               x15, 196(x8)        x15=ffffffe8  x8:10000004  PA:100000c8
20422122ns          340079 1c008432 0c442703 lw               x14, 196(x8)        x14=ffffffe8  x8:10000004  PA:100000c8
20422162ns          340081 1c008436 00e787b3 add              x15, x15, x14       x15=ffffffd0 x15:ffffffe8 x14:ffffffe8
20422182ns          340082 1c008438 4cf42223 sw               x15, 1220(x8)       x15:ffffffd0  x8:10000004  PA:100004c8
20422202ns          340083 1c00843c 0c842783 lw               x15, 200(x8)        x15=ffffffe7  x8:10000004  PA:100000cc
20422600ns          340103 1c008440 0c842703 lw               x14, 200(x8)        x14=ffffffe7  x8:10000004  PA:100000cc
20422639ns          340105 1c008444 00e787b3 add              x15, x15, x14       x15=ffffffce x15:ffffffe7 x14:ffffffe7
20422659ns          340106 1c008446 4cf42423 sw               x15, 1224(x8)       x15:ffffffce  x8:10000004  PA:100004cc
20422679ns          340107 1c00844a 0cc42783 lw               x15, 204(x8)        x15=ffffffe6  x8:10000004  PA:100000d0
20423117ns          340129 1c00844e 0cc42703 lw               x14, 204(x8)        x14=ffffffe6  x8:10000004  PA:100000d0
20423156ns          340131 1c008452 00e787b3 add              x15, x15, x14       x15=ffffffcc x15:ffffffe6 x14:ffffffe6
20423176ns          340132 1c008454 4cf42623 sw               x15, 1228(x8)       x15:ffffffcc  x8:10000004  PA:100004d0
20423196ns          340133 1c008458 0d042783 lw               x15, 208(x8)        x15=ffffffe5  x8:10000004  PA:100000d4
20423216ns          340134 1c00845c 0d042703 lw               x14, 208(x8)        x14=ffffffe5  x8:10000004  PA:100000d4
20423634ns          340155 1c008460 00e787b3 add              x15, x15, x14       x15=ffffffca x15:ffffffe5 x14:ffffffe5
20423674ns          340157 1c008462 4cf42823 sw               x15, 1232(x8)       x15:ffffffca  x8:10000004  PA:100004d4
20423694ns          340158 1c008466 0d442783 lw               x15, 212(x8)        x15=ffffffe4  x8:10000004  PA:100000d8
20423713ns          340159 1c00846a 0d442703 lw               x14, 212(x8)        x14=ffffffe4  x8:10000004  PA:100000d8
20423753ns          340161 1c00846e 00e787b3 add              x15, x15, x14       x15=ffffffc8 x15:ffffffe4 x14:ffffffe4
20424151ns          340181 1c008470 4cf42a23 sw               x15, 1236(x8)       x15:ffffffc8  x8:10000004  PA:100004d8
20424191ns          340183 1c008474 0d842783 lw               x15, 216(x8)        x15=ffffffe3  x8:10000004  PA:100000dc
20424211ns          340184 1c008478 0d842703 lw               x14, 216(x8)        x14=ffffffe3  x8:10000004  PA:100000dc
20424250ns          340186 1c00847c 00e787b3 add              x15, x15, x14       x15=ffffffc6 x15:ffffffe3 x14:ffffffe3
20424688ns          340208 1c00847e 4cf42c23 sw               x15, 1240(x8)       x15:ffffffc6  x8:10000004  PA:100004dc
20424728ns          340210 1c008482 0dc42783 lw               x15, 220(x8)        x15=ffffffe2  x8:10000004  PA:100000e0
20424748ns          340211 1c008486 0dc42703 lw               x14, 220(x8)        x14=ffffffe2  x8:10000004  PA:100000e0
20424788ns          340213 1c00848a 00e787b3 add              x15, x15, x14       x15=ffffffc4 x15:ffffffe2 x14:ffffffe2
20424807ns          340214 1c00848c 4cf42e23 sw               x15, 1244(x8)       x15:ffffffc4  x8:10000004  PA:100004e0
20425205ns          340234 1c008490 0e042783 lw               x15, 224(x8)        x15=ffffffe1  x8:10000004  PA:100000e4
20425245ns          340236 1c008494 0e042703 lw               x14, 224(x8)        x14=ffffffe1  x8:10000004  PA:100000e4
20425285ns          340238 1c008498 00e787b3 add              x15, x15, x14       x15=ffffffc2 x15:ffffffe1 x14:ffffffe1
20425305ns          340239 1c00849a 4ef42023 sw               x15, 1248(x8)       x15:ffffffc2  x8:10000004  PA:100004e4
20425722ns          340260 1c00849e 0e442783 lw               x15, 228(x8)        x15=ffffffe0  x8:10000004  PA:100000e8
20425782ns          340263 1c0084a2 0e442703 lw               x14, 228(x8)        x14=ffffffe0  x8:10000004  PA:100000e8
20425822ns          340265 1c0084a6 00e787b3 add              x15, x15, x14       x15=ffffffc0 x15:ffffffe0 x14:ffffffe0
20425842ns          340266 1c0084a8 4ef42223 sw               x15, 1252(x8)       x15:ffffffc0  x8:10000004  PA:100004e8
20425862ns          340267 1c0084ac 0e842783 lw               x15, 232(x8)        x15=ffffffdf  x8:10000004  PA:100000ec
20426240ns          340286 1c0084b0 0e842703 lw               x14, 232(x8)        x14=ffffffdf  x8:10000004  PA:100000ec
20426279ns          340288 1c0084b4 00e787b3 add              x15, x15, x14       x15=ffffffbe x15:ffffffdf x14:ffffffdf
20426299ns          340289 1c0084b6 4ef42423 sw               x15, 1256(x8)       x15:ffffffbe  x8:10000004  PA:100004ec
20426319ns          340290 1c0084ba 0ec42783 lw               x15, 236(x8)        x15=ffffffde  x8:10000004  PA:100000f0
20426757ns          340312 1c0084be 0ec42703 lw               x14, 236(x8)        x14=ffffffde  x8:10000004  PA:100000f0
20426797ns          340314 1c0084c2 00e787b3 add              x15, x15, x14       x15=ffffffbc x15:ffffffde x14:ffffffde
20426816ns          340315 1c0084c4 4ef42623 sw               x15, 1260(x8)       x15:ffffffbc  x8:10000004  PA:100004f0
20426836ns          340316 1c0084c8 0f042783 lw               x15, 240(x8)        x15=ffffffdd  x8:10000004  PA:100000f4
20426856ns          340317 1c0084cc 0f042703 lw               x14, 240(x8)        x14=ffffffdd  x8:10000004  PA:100000f4
20427294ns          340339 1c0084d0 00e787b3 add              x15, x15, x14       x15=ffffffba x15:ffffffdd x14:ffffffdd
20427334ns          340341 1c0084d2 4ef42823 sw               x15, 1264(x8)       x15:ffffffba  x8:10000004  PA:100004f4
20427353ns          340342 1c0084d6 0f442783 lw               x15, 244(x8)        x15=ffffffdc  x8:10000004  PA:100000f8
20427373ns          340343 1c0084da 0f442703 lw               x14, 244(x8)        x14=ffffffdc  x8:10000004  PA:100000f8
20427413ns          340345 1c0084de 00e787b3 add              x15, x15, x14       x15=ffffffb8 x15:ffffffdc x14:ffffffdc
20427811ns          340365 1c0084e0 4ef42a23 sw               x15, 1268(x8)       x15:ffffffb8  x8:10000004  PA:100004f8
20427851ns          340367 1c0084e4 0f842783 lw               x15, 248(x8)        x15=ffffffdb  x8:10000004  PA:100000fc
20427871ns          340368 1c0084e8 0f842703 lw               x14, 248(x8)        x14=ffffffdb  x8:10000004  PA:100000fc
20427910ns          340370 1c0084ec 00e787b3 add              x15, x15, x14       x15=ffffffb6 x15:ffffffdb x14:ffffffdb
20428328ns          340391 1c0084ee 4ef42c23 sw               x15, 1272(x8)       x15:ffffffb6  x8:10000004  PA:100004fc
20428368ns          340393 1c0084f2 0fc42783 lw               x15, 252(x8)        x15=ffffffda  x8:10000004  PA:10000100
20428388ns          340394 1c0084f6 0fc42703 lw               x14, 252(x8)        x14=ffffffda  x8:10000004  PA:10000100
20428428ns          340396 1c0084fa 00e787b3 add              x15, x15, x14       x15=ffffffb4 x15:ffffffda x14:ffffffda
20428447ns          340397 1c0084fc 4ef42e23 sw               x15, 1276(x8)       x15:ffffffb4  x8:10000004  PA:10000500
20428845ns          340417 1c008500 0aa030ef jal              x1, 12458            x1=1c008504
20429402ns          340445 1c00b5aa f14027f3 csrrs            x15, x0, 0xf14      x15=00000000
20429422ns          340446 1c00b5ae 01f00713 addi             x14, x0, 31         x14=0000001f
20429899ns          340470 1c00b5b0 ca5797b3 p.extractu       x15, x15, 5, 5      x15=00000000 x15:00000000
20429939ns          340472 1c00b5b4 00e78863 beq              x15, x14, 16        x15:00000000 x14:0000001f
20429959ns          340473 1c00b5b8 002047b7 lui              x15, 0x204000       x15=00204000
20429979ns          340474 1c00b5bc 20078793 addi             x15, x15, 512       x15=00204200 x15:00204000
20430417ns          340496 1c00b5c0 01c7e703 p.elw            x14, 28(x15)        x14=00010000 x15:00204200  PA:0020421c
20467195ns          342345 1c00b5c4 00008067 jalr             x0, x1, 0            x1:1c008504
20467234ns          342347 1c008504 50042783 lw               x15, 1280(x8)       x15=ffffef2c  x8:10000004  PA:10000504
20467254ns          342348 1c008508 20042703 lw               x14, 512(x8)        x14=00000009  x8:10000004  PA:10000204
20467294ns          342350 1c00850c 00e787b3 add              x15, x15, x14       x15=ffffef35 x15:ffffef2c x14:00000009
20467811ns          342376 1c00850e 60f42023 sw               x15, 1536(x8)       x15:ffffef35  x8:10000004  PA:10000604
20467851ns          342378 1c008512 50442783 lw               x15, 1284(x8)       x15=ffffee80  x8:10000004  PA:10000508
20467871ns          342379 1c008516 20442703 lw               x14, 516(x8)        x14=00000008  x8:10000004  PA:10000208
20467911ns          342381 1c00851a 00e787b3 add              x15, x15, x14       x15=ffffee88 x15:ffffee80 x14:00000008
20467931ns          342382 1c00851c 60f42223 sw               x15, 1540(x8)       x15:ffffee88  x8:10000004  PA:10000608
20468328ns          342402 1c008520 50842783 lw               x15, 1288(x8)       x15=ffffedd4  x8:10000004  PA:1000050c
20468368ns          342404 1c008524 20842703 lw               x14, 520(x8)        x14=00000007  x8:10000004  PA:1000020c
20468408ns          342406 1c008528 00e787b3 add              x15, x15, x14       x15=ffffeddb x15:ffffedd4 x14:00000007
20468428ns          342407 1c00852a 60f42423 sw               x15, 1544(x8)       x15:ffffeddb  x8:10000004  PA:1000060c
20468846ns          342428 1c00852e 50c42783 lw               x15, 1292(x8)       x15=ffffed28  x8:10000004  PA:10000510
20468885ns          342430 1c008532 20c42703 lw               x14, 524(x8)        x14=00000006  x8:10000004  PA:10000210
20468925ns          342432 1c008536 00e787b3 add              x15, x15, x14       x15=ffffed2e x15:ffffed28 x14:00000006
20468945ns          342433 1c008538 60f42623 sw               x15, 1548(x8)       x15:ffffed2e  x8:10000004  PA:10000610
20468965ns          342434 1c00853c 51042783 lw               x15, 1296(x8)       x15=ffffec7c  x8:10000004  PA:10000514
20469363ns          342454 1c008540 21042703 lw               x14, 528(x8)        x14=00000005  x8:10000004  PA:10000214
20469402ns          342456 1c008544 00e787b3 add              x15, x15, x14       x15=ffffec81 x15:ffffec7c x14:00000005
20469422ns          342457 1c008546 60f42823 sw               x15, 1552(x8)       x15:ffffec81  x8:10000004  PA:10000614
20469442ns          342458 1c00854a 51442783 lw               x15, 1300(x8)       x15=ffffebd0  x8:10000004  PA:10000518
20469900ns          342481 1c00854e 21442703 lw               x14, 532(x8)        x14=00000004  x8:10000004  PA:10000218
20469940ns          342483 1c008552 00e787b3 add              x15, x15, x14       x15=ffffebd4 x15:ffffebd0 x14:00000004
20469959ns          342484 1c008554 60f42a23 sw               x15, 1556(x8)       x15:ffffebd4  x8:10000004  PA:10000618
20469979ns          342485 1c008558 51842783 lw               x15, 1304(x8)       x15=ffffeb24  x8:10000004  PA:1000051c
20469999ns          342486 1c00855c 21842703 lw               x14, 536(x8)        x14=00000003  x8:10000004  PA:1000021c
20470417ns          342507 1c008560 00e787b3 add              x15, x15, x14       x15=ffffeb27 x15:ffffeb24 x14:00000003
20470457ns          342509 1c008562 60f42c23 sw               x15, 1560(x8)       x15:ffffeb27  x8:10000004  PA:1000061c
20470477ns          342510 1c008566 51c42783 lw               x15, 1308(x8)       x15=ffffea78  x8:10000004  PA:10000520
20470496ns          342511 1c00856a 21c42703 lw               x14, 540(x8)        x14=00000002  x8:10000004  PA:10000220
20470536ns          342513 1c00856e 00e787b3 add              x15, x15, x14       x15=ffffea7a x15:ffffea78 x14:00000002
20470934ns          342533 1c008570 60f42e23 sw               x15, 1564(x8)       x15:ffffea7a  x8:10000004  PA:10000620
20470974ns          342535 1c008574 52042783 lw               x15, 1312(x8)       x15=fffff5ec  x8:10000004  PA:10000524
20470994ns          342536 1c008578 22042703 lw               x14, 544(x8)        x14=00000001  x8:10000004  PA:10000224
20471034ns          342538 1c00857c 00e787b3 add              x15, x15, x14       x15=fffff5ed x15:fffff5ec x14:00000001
20471451ns          342559 1c00857e 62f42023 sw               x15, 1568(x8)       x15:fffff5ed  x8:10000004  PA:10000624
20471491ns          342561 1c008582 52442783 lw               x15, 1316(x8)       x15=fffff580  x8:10000004  PA:10000528
20471511ns          342562 1c008586 22442703 lw               x14, 548(x8)        x14=00000000  x8:10000004  PA:10000228
20471551ns          342564 1c00858a 00e787b3 add              x15, x15, x14       x15=fffff580 x15:fffff580 x14:00000000
20471571ns          342565 1c00858c 62f42223 sw               x15, 1572(x8)       x15:fffff580  x8:10000004  PA:10000628
20471968ns          342585 1c008590 52842783 lw               x15, 1320(x8)       x15=fffff514  x8:10000004  PA:1000052c
20472008ns          342587 1c008594 22842703 lw               x14, 552(x8)        x14=ffffffff  x8:10000004  PA:1000022c
20472048ns          342589 1c008598 00e787b3 add              x15, x15, x14       x15=fffff513 x15:fffff514 x14:ffffffff
20472068ns          342590 1c00859a 62f42423 sw               x15, 1576(x8)       x15:fffff513  x8:10000004  PA:1000062c
20472505ns          342612 1c00859e 52c42783 lw               x15, 1324(x8)       x15=fffff4a8  x8:10000004  PA:10000530
20472545ns          342614 1c0085a2 22c42703 lw               x14, 556(x8)        x14=fffffffe  x8:10000004  PA:10000230
20472585ns          342616 1c0085a6 00e787b3 add              x15, x15, x14       x15=fffff4a6 x15:fffff4a8 x14:fffffffe
20472605ns          342617 1c0085a8 62f42623 sw               x15, 1580(x8)       x15:fffff4a6  x8:10000004  PA:10000630
20472625ns          342618 1c0085ac 53042783 lw               x15, 1328(x8)       x15=fffff43c  x8:10000004  PA:10000534
20473023ns          342638 1c0085b0 23042703 lw               x14, 560(x8)        x14=fffffffd  x8:10000004  PA:10000234
20473062ns          342640 1c0085b4 00e787b3 add              x15, x15, x14       x15=fffff439 x15:fffff43c x14:fffffffd
20473082ns          342641 1c0085b6 62f42823 sw               x15, 1584(x8)       x15:fffff439  x8:10000004  PA:10000634
20473102ns          342642 1c0085ba 53442783 lw               x15, 1332(x8)       x15=fffff3d0  x8:10000004  PA:10000538
20473540ns          342664 1c0085be 23442703 lw               x14, 564(x8)        x14=fffffffc  x8:10000004  PA:10000238
20473599ns          342667 1c0085c2 00e787b3 add              x15, x15, x14       x15=fffff3cc x15:fffff3d0 x14:fffffffc
20473619ns          342668 1c0085c4 62f42a23 sw               x15, 1588(x8)       x15:fffff3cc  x8:10000004  PA:10000638
20473639ns          342669 1c0085c8 53842783 lw               x15, 1336(x8)       x15=fffff364  x8:10000004  PA:1000053c
20473659ns          342670 1c0085cc 23842703 lw               x14, 568(x8)        x14=fffffffb  x8:10000004  PA:1000023c
20474057ns          342690 1c0085d0 00e787b3 add              x15, x15, x14       x15=fffff35f x15:fffff364 x14:fffffffb
20474097ns          342692 1c0085d2 62f42c23 sw               x15, 1592(x8)       x15:fffff35f  x8:10000004  PA:1000063c
20474117ns          342693 1c0085d6 53c42783 lw               x15, 1340(x8)       x15=fffff2f8  x8:10000004  PA:10000540
20474136ns          342694 1c0085da 23c42703 lw               x14, 572(x8)        x14=fffffffa  x8:10000004  PA:10000240
20474176ns          342696 1c0085de 00e787b3 add              x15, x15, x14       x15=fffff2f2 x15:fffff2f8 x14:fffffffa
20474574ns          342716 1c0085e0 62f42e23 sw               x15, 1596(x8)       x15:fffff2f2  x8:10000004  PA:10000640
20474614ns          342718 1c0085e4 54042783 lw               x15, 1344(x8)       x15=fffffcac  x8:10000004  PA:10000544
20474634ns          342719 1c0085e8 24042703 lw               x14, 576(x8)        x14=fffffff9  x8:10000004  PA:10000244
20474674ns          342721 1c0085ec 00e787b3 add              x15, x15, x14       x15=fffffca5 x15:fffffcac x14:fffffff9
20475091ns          342742 1c0085ee 64f42023 sw               x15, 1600(x8)       x15:fffffca5  x8:10000004  PA:10000644
20475131ns          342744 1c0085f2 54442783 lw               x15, 1348(x8)       x15=fffffc80  x8:10000004  PA:10000548
20475151ns          342745 1c0085f6 24442703 lw               x14, 580(x8)        x14=fffffff8  x8:10000004  PA:10000248
20475191ns          342747 1c0085fa 00e787b3 add              x15, x15, x14       x15=fffffc78 x15:fffffc80 x14:fffffff8
20475211ns          342748 1c0085fc 64f42223 sw               x15, 1604(x8)       x15:fffffc78  x8:10000004  PA:10000648
20475608ns          342768 1c008600 54842783 lw               x15, 1352(x8)       x15=fffffc54  x8:10000004  PA:1000054c
20475648ns          342770 1c008604 24842703 lw               x14, 584(x8)        x14=fffffff7  x8:10000004  PA:1000024c
20475688ns          342772 1c008608 00e787b3 add              x15, x15, x14       x15=fffffc4b x15:fffffc54 x14:fffffff7
20475708ns          342773 1c00860a 64f42423 sw               x15, 1608(x8)       x15:fffffc4b  x8:10000004  PA:1000064c
20476165ns          342796 1c00860e 54c42783 lw               x15, 1356(x8)       x15=fffffc28  x8:10000004  PA:10000550
20476205ns          342798 1c008612 24c42703 lw               x14, 588(x8)        x14=fffffff6  x8:10000004  PA:10000250
20476245ns          342800 1c008616 00e787b3 add              x15, x15, x14       x15=fffffc1e x15:fffffc28 x14:fffffff6
20476265ns          342801 1c008618 64f42623 sw               x15, 1612(x8)       x15:fffffc1e  x8:10000004  PA:10000650
20476285ns          342802 1c00861c 55042783 lw               x15, 1360(x8)       x15=fffffbfc  x8:10000004  PA:10000554
20476702ns          342823 1c008620 25042703 lw               x14, 592(x8)        x14=fffffff5  x8:10000004  PA:10000254
20476742ns          342825 1c008624 00e787b3 add              x15, x15, x14       x15=fffffbf1 x15:fffffbfc x14:fffffff5
20476762ns          342826 1c008626 64f42823 sw               x15, 1616(x8)       x15:fffffbf1  x8:10000004  PA:10000654
20476782ns          342827 1c00862a 55442783 lw               x15, 1364(x8)       x15=fffffbd0  x8:10000004  PA:10000558
20477220ns          342849 1c00862e 25442703 lw               x14, 596(x8)        x14=fffffff4  x8:10000004  PA:10000258
20477259ns          342851 1c008632 00e787b3 add              x15, x15, x14       x15=fffffbc4 x15:fffffbd0 x14:fffffff4
20477279ns          342852 1c008634 64f42a23 sw               x15, 1620(x8)       x15:fffffbc4  x8:10000004  PA:10000658
20477299ns          342853 1c008638 55842783 lw               x15, 1368(x8)       x15=fffffba4  x8:10000004  PA:1000055c
20477319ns          342854 1c00863c 25842703 lw               x14, 600(x8)        x14=fffffff3  x8:10000004  PA:1000025c
20477737ns          342875 1c008640 00e787b3 add              x15, x15, x14       x15=fffffb97 x15:fffffba4 x14:fffffff3
20477776ns          342877 1c008642 64f42c23 sw               x15, 1624(x8)       x15:fffffb97  x8:10000004  PA:1000065c
20477796ns          342878 1c008646 55c42783 lw               x15, 1372(x8)       x15=fffffb78  x8:10000004  PA:10000560
20477816ns          342879 1c00864a 25c42703 lw               x14, 604(x8)        x14=fffffff2  x8:10000004  PA:10000260
20477856ns          342881 1c00864e 00e787b3 add              x15, x15, x14       x15=fffffb6a x15:fffffb78 x14:fffffff2
20478254ns          342901 1c008650 64f42e23 sw               x15, 1628(x8)       x15:fffffb6a  x8:10000004  PA:10000660
20478294ns          342903 1c008654 56042783 lw               x15, 1376(x8)       x15=0000036c  x8:10000004  PA:10000564
20478314ns          342904 1c008658 26042703 lw               x14, 608(x8)        x14=fffffff1  x8:10000004  PA:10000264
20478353ns          342906 1c00865c 00e787b3 add              x15, x15, x14       x15=0000035d x15:0000036c x14:fffffff1
20478771ns          342927 1c00865e 66f42023 sw               x15, 1632(x8)       x15:0000035d  x8:10000004  PA:10000664
20478811ns          342929 1c008662 56442783 lw               x15, 1380(x8)       x15=00000380  x8:10000004  PA:10000568
20478831ns          342930 1c008666 26442703 lw               x14, 612(x8)        x14=fffffff0  x8:10000004  PA:10000268
20478870ns          342932 1c00866a 00e787b3 add              x15, x15, x14       x15=00000370 x15:00000380 x14:fffffff0
20478890ns          342933 1c00866c 66f42223 sw               x15, 1636(x8)       x15:00000370  x8:10000004  PA:10000668
20479308ns          342954 1c008670 56842783 lw               x15, 1384(x8)       x15=00000394  x8:10000004  PA:1000056c
20479348ns          342956 1c008674 26842703 lw               x14, 616(x8)        x14=ffffffef  x8:10000004  PA:1000026c
20479388ns          342958 1c008678 00e787b3 add              x15, x15, x14       x15=00000383 x15:00000394 x14:ffffffef
20479408ns          342959 1c00867a 66f42423 sw               x15, 1640(x8)       x15:00000383  x8:10000004  PA:1000066c
20479825ns          342980 1c00867e 56c42783 lw               x15, 1388(x8)       x15=000003a8  x8:10000004  PA:10000570
20479885ns          342983 1c008682 26c42703 lw               x14, 620(x8)        x14=ffffffee  x8:10000004  PA:10000270
20479925ns          342985 1c008686 00e787b3 add              x15, x15, x14       x15=00000396 x15:000003a8 x14:ffffffee
20479945ns          342986 1c008688 66f42623 sw               x15, 1644(x8)       x15:00000396  x8:10000004  PA:10000670
20479964ns          342987 1c00868c 57042783 lw               x15, 1392(x8)       x15=000003bc  x8:10000004  PA:10000574
20480342ns          343006 1c008690 27042703 lw               x14, 624(x8)        x14=ffffffed  x8:10000004  PA:10000274
20480382ns          343008 1c008694 00e787b3 add              x15, x15, x14       x15=000003a9 x15:000003bc x14:ffffffed
20480402ns          343009 1c008696 66f42823 sw               x15, 1648(x8)       x15:000003a9  x8:10000004  PA:10000674
20480422ns          343010 1c00869a 57442783 lw               x15, 1396(x8)       x15=000003d0  x8:10000004  PA:10000578
20480860ns          343032 1c00869e 27442703 lw               x14, 628(x8)        x14=ffffffec  x8:10000004  PA:10000278
20480899ns          343034 1c0086a2 00e787b3 add              x15, x15, x14       x15=000003bc x15:000003d0 x14:ffffffec
20480919ns          343035 1c0086a4 66f42a23 sw               x15, 1652(x8)       x15:000003bc  x8:10000004  PA:10000678
20480939ns          343036 1c0086a8 57842783 lw               x15, 1400(x8)       x15=000003e4  x8:10000004  PA:1000057c
20480959ns          343037 1c0086ac 27842703 lw               x14, 632(x8)        x14=ffffffeb  x8:10000004  PA:1000027c
20481377ns          343058 1c0086b0 00e787b3 add              x15, x15, x14       x15=000003cf x15:000003e4 x14:ffffffeb
20481417ns          343060 1c0086b2 66f42c23 sw               x15, 1656(x8)       x15:000003cf  x8:10000004  PA:1000067c
20481436ns          343061 1c0086b6 57c42783 lw               x15, 1404(x8)       x15=000003f8  x8:10000004  PA:10000580
20481456ns          343062 1c0086ba 27c42703 lw               x14, 636(x8)        x14=ffffffea  x8:10000004  PA:10000280
20481496ns          343064 1c0086be 00e787b3 add              x15, x15, x14       x15=000003e2 x15:000003f8 x14:ffffffea
20481954ns          343087 1c0086c0 66f42e23 sw               x15, 1660(x8)       x15:000003e2  x8:10000004  PA:10000680
20481993ns          343089 1c0086c4 58042783 lw               x15, 1408(x8)       x15=00000a2c  x8:10000004  PA:10000584
20482013ns          343090 1c0086c8 28042703 lw               x14, 640(x8)        x14=ffffffe9  x8:10000004  PA:10000284
20482053ns          343092 1c0086cc 00e787b3 add              x15, x15, x14       x15=00000a15 x15:00000a2c x14:ffffffe9
20482471ns          343113 1c0086ce 68f42023 sw               x15, 1664(x8)       x15:00000a15  x8:10000004  PA:10000684
20482510ns          343115 1c0086d2 58442783 lw               x15, 1412(x8)       x15=00000a80  x8:10000004  PA:10000588
20482530ns          343116 1c0086d6 28442703 lw               x14, 644(x8)        x14=ffffffe8  x8:10000004  PA:10000288
20482570ns          343118 1c0086da 00e787b3 add              x15, x15, x14       x15=00000a68 x15:00000a80 x14:ffffffe8
20482590ns          343119 1c0086dc 68f42223 sw               x15, 1668(x8)       x15:00000a68  x8:10000004  PA:10000688
20482988ns          343139 1c0086e0 58842783 lw               x15, 1416(x8)       x15=00000ad4  x8:10000004  PA:1000058c
20483028ns          343141 1c0086e4 28842703 lw               x14, 648(x8)        x14=ffffffe7  x8:10000004  PA:1000028c
20483067ns          343143 1c0086e8 00e787b3 add              x15, x15, x14       x15=00000abb x15:00000ad4 x14:ffffffe7
20483087ns          343144 1c0086ea 68f42423 sw               x15, 1672(x8)       x15:00000abb  x8:10000004  PA:1000068c
20483505ns          343165 1c0086ee 58c42783 lw               x15, 1420(x8)       x15=00000b28  x8:10000004  PA:10000590
20483545ns          343167 1c0086f2 28c42703 lw               x14, 652(x8)        x14=ffffffe6  x8:10000004  PA:10000290
20483585ns          343169 1c0086f6 00e787b3 add              x15, x15, x14       x15=00000b0e x15:00000b28 x14:ffffffe6
20483604ns          343170 1c0086f8 68f42623 sw               x15, 1676(x8)       x15:00000b0e  x8:10000004  PA:10000690
20483624ns          343171 1c0086fc 59042783 lw               x15, 1424(x8)       x15=00000b7c  x8:10000004  PA:10000594
20484022ns          343191 1c008700 29042703 lw               x14, 656(x8)        x14=ffffffe5  x8:10000004  PA:10000294
20484062ns          343193 1c008704 00e787b3 add              x15, x15, x14       x15=00000b61 x15:00000b7c x14:ffffffe5
20484082ns          343194 1c008706 68f42823 sw               x15, 1680(x8)       x15:00000b61  x8:10000004  PA:10000694
20484102ns          343195 1c00870a 59442783 lw               x15, 1428(x8)       x15=00000bd0  x8:10000004  PA:10000598
20484559ns          343218 1c00870e 29442703 lw               x14, 660(x8)        x14=ffffffe4  x8:10000004  PA:10000298
20484599ns          343220 1c008712 00e787b3 add              x15, x15, x14       x15=00000bb4 x15:00000bd0 x14:ffffffe4
20484619ns          343221 1c008714 68f42a23 sw               x15, 1684(x8)       x15:00000bb4  x8:10000004  PA:10000698
20484639ns          343222 1c008718 59842783 lw               x15, 1432(x8)       x15=00000c24  x8:10000004  PA:1000059c
20484659ns          343223 1c00871c 29842703 lw               x14, 664(x8)        x14=ffffffe3  x8:10000004  PA:1000029c
20485076ns          343244 1c008720 00e787b3 add              x15, x15, x14       x15=00000c07 x15:00000c24 x14:ffffffe3
20485116ns          343246 1c008722 68f42c23 sw               x15, 1688(x8)       x15:00000c07  x8:10000004  PA:1000069c
20485136ns          343247 1c008726 59c42783 lw               x15, 1436(x8)       x15=00000c78  x8:10000004  PA:100005a0
20485156ns          343248 1c00872a 29c42703 lw               x14, 668(x8)        x14=ffffffe2  x8:10000004  PA:100002a0
20485196ns          343250 1c00872e 00e787b3 add              x15, x15, x14       x15=00000c5a x15:00000c78 x14:ffffffe2
20485594ns          343270 1c008730 68f42e23 sw               x15, 1692(x8)       x15:00000c5a  x8:10000004  PA:100006a0
20485633ns          343272 1c008734 5a042783 lw               x15, 1440(x8)       x15=000010ec  x8:10000004  PA:100005a4
20485653ns          343273 1c008738 2a042703 lw               x14, 672(x8)        x14=ffffffe1  x8:10000004  PA:100002a4
20485693ns          343275 1c00873c 00e787b3 add              x15, x15, x14       x15=000010cd x15:000010ec x14:ffffffe1
20486111ns          343296 1c00873e 6af42023 sw               x15, 1696(x8)       x15:000010cd  x8:10000004  PA:100006a4
20486151ns          343298 1c008742 5a442783 lw               x15, 1444(x8)       x15=00001180  x8:10000004  PA:100005a8
20486170ns          343299 1c008746 2a442703 lw               x14, 676(x8)        x14=ffffffe0  x8:10000004  PA:100002a8
20486210ns          343301 1c00874a 00e787b3 add              x15, x15, x14       x15=00001160 x15:00001180 x14:ffffffe0
20486230ns          343302 1c00874c 6af42223 sw               x15, 1700(x8)       x15:00001160  x8:10000004  PA:100006a8
20486628ns          343322 1c008750 5a842783 lw               x15, 1448(x8)       x15=00001214  x8:10000004  PA:100005ac
20486668ns          343324 1c008754 2a842703 lw               x14, 680(x8)        x14=ffffffdf  x8:10000004  PA:100002ac
20486707ns          343326 1c008758 00e787b3 add              x15, x15, x14       x15=000011f3 x15:00001214 x14:ffffffdf
20486727ns          343327 1c00875a 6af42423 sw               x15, 1704(x8)       x15:000011f3  x8:10000004  PA:100006ac
20487165ns          343349 1c00875e 5ac42783 lw               x15, 1452(x8)       x15=000012a8  x8:10000004  PA:100005b0
20487205ns          343351 1c008762 2ac42703 lw               x14, 684(x8)        x14=ffffffde  x8:10000004  PA:100002b0
20487244ns          343353 1c008766 00e787b3 add              x15, x15, x14       x15=00001286 x15:000012a8 x14:ffffffde
20487264ns          343354 1c008768 6af42623 sw               x15, 1708(x8)       x15:00001286  x8:10000004  PA:100006b0
20487284ns          343355 1c00876c 5b042783 lw               x15, 1456(x8)       x15=0000133c  x8:10000004  PA:100005b4
20487682ns          343375 1c008770 2b042703 lw               x14, 688(x8)        x14=ffffffdd  x8:10000004  PA:100002b4
20487722ns          343377 1c008774 00e787b3 add              x15, x15, x14       x15=00001319 x15:0000133c x14:ffffffdd
20487742ns          343378 1c008776 6af42823 sw               x15, 1712(x8)       x15:00001319  x8:10000004  PA:100006b4
20487762ns          343379 1c00877a 5b442783 lw               x15, 1460(x8)       x15=000013d0  x8:10000004  PA:100005b8
20488199ns          343401 1c00877e 2b442703 lw               x14, 692(x8)        x14=ffffffdc  x8:10000004  PA:100002b8
20488239ns          343403 1c008782 00e787b3 add              x15, x15, x14       x15=000013ac x15:000013d0 x14:ffffffdc
20488259ns          343404 1c008784 6af42a23 sw               x15, 1716(x8)       x15:000013ac  x8:10000004  PA:100006b8
20488279ns          343405 1c008788 5b842783 lw               x15, 1464(x8)       x15=00001464  x8:10000004  PA:100005bc
20488299ns          343406 1c00878c 2b842703 lw               x14, 696(x8)        x14=ffffffdb  x8:10000004  PA:100002bc
20488716ns          343427 1c008790 00e787b3 add              x15, x15, x14       x15=0000143f x15:00001464 x14:ffffffdb
20488756ns          343429 1c008792 6af42c23 sw               x15, 1720(x8)       x15:0000143f  x8:10000004  PA:100006bc
20488776ns          343430 1c008796 5bc42783 lw               x15, 1468(x8)       x15=000014f8  x8:10000004  PA:100005c0
20488796ns          343431 1c00879a 2bc42703 lw               x14, 700(x8)        x14=ffffffda  x8:10000004  PA:100002c0
20488836ns          343433 1c00879e 00e787b3 add              x15, x15, x14       x15=000014d2 x15:000014f8 x14:ffffffda
20489234ns          343453 1c0087a0 6af42e23 sw               x15, 1724(x8)       x15:000014d2  x8:10000004  PA:100006c0
20489273ns          343455 1c0087a4 5c042783 lw               x15, 1472(x8)       x15=000017ac  x8:10000004  PA:100005c4
20489293ns          343456 1c0087a8 2c042703 lw               x14, 704(x8)        x14=ffffffd9  x8:10000004  PA:100002c4
20489333ns          343458 1c0087ac 00e787b3 add              x15, x15, x14       x15=00001785 x15:000017ac x14:ffffffd9
20489751ns          343479 1c0087ae 6cf42023 sw               x15, 1728(x8)       x15:00001785  x8:10000004  PA:100006c4
20489791ns          343481 1c0087b2 5c442783 lw               x15, 1476(x8)       x15=00001880  x8:10000004  PA:100005c8
20489810ns          343482 1c0087b6 2c442703 lw               x14, 708(x8)        x14=ffffffd8  x8:10000004  PA:100002c8
20489850ns          343484 1c0087ba 00e787b3 add              x15, x15, x14       x15=00001858 x15:00001880 x14:ffffffd8
20489870ns          343485 1c0087bc 6cf42223 sw               x15, 1732(x8)       x15:00001858  x8:10000004  PA:100006c8
20490268ns          343505 1c0087c0 5c842783 lw               x15, 1480(x8)       x15=00001954  x8:10000004  PA:100005cc
20490308ns          343507 1c0087c4 2c842703 lw               x14, 712(x8)        x14=ffffffd7  x8:10000004  PA:100002cc
20490347ns          343509 1c0087c8 00e787b3 add              x15, x15, x14       x15=0000192b x15:00001954 x14:ffffffd7
20490367ns          343510 1c0087ca 6cf42423 sw               x15, 1736(x8)       x15:0000192b  x8:10000004  PA:100006cc
20490785ns          343531 1c0087ce 5cc42783 lw               x15, 1484(x8)       x15=00001a28  x8:10000004  PA:100005d0
20490825ns          343533 1c0087d2 2cc42703 lw               x14, 716(x8)        x14=ffffffd6  x8:10000004  PA:100002d0
20490865ns          343535 1c0087d6 00e787b3 add              x15, x15, x14       x15=000019fe x15:00001a28 x14:ffffffd6
20490885ns          343536 1c0087d8 6cf42623 sw               x15, 1740(x8)       x15:000019fe  x8:10000004  PA:100006d0
20490904ns          343537 1c0087dc 5d042783 lw               x15, 1488(x8)       x15=00001afc  x8:10000004  PA:100005d4
20491322ns          343558 1c0087e0 2d042703 lw               x14, 720(x8)        x14=ffffffd5  x8:10000004  PA:100002d4
20491362ns          343560 1c0087e4 00e787b3 add              x15, x15, x14       x15=00001ad1 x15:00001afc x14:ffffffd5
20491382ns          343561 1c0087e6 6cf42823 sw               x15, 1744(x8)       x15:00001ad1  x8:10000004  PA:100006d4
20491402ns          343562 1c0087ea 5d442783 lw               x15, 1492(x8)       x15=00001bd0  x8:10000004  PA:100005d8
20491839ns          343584 1c0087ee 2d442703 lw               x14, 724(x8)        x14=ffffffd4  x8:10000004  PA:100002d8
20491879ns          343586 1c0087f2 00e787b3 add              x15, x15, x14       x15=00001ba4 x15:00001bd0 x14:ffffffd4
20491899ns          343587 1c0087f4 6cf42a23 sw               x15, 1748(x8)       x15:00001ba4  x8:10000004  PA:100006d8
20491919ns          343588 1c0087f8 5d842783 lw               x15, 1496(x8)       x15=00001ca4  x8:10000004  PA:100005dc
20491939ns          343589 1c0087fc 2d842703 lw               x14, 728(x8)        x14=ffffffd3  x8:10000004  PA:100002dc
20492356ns          343610 1c008800 00e787b3 add              x15, x15, x14       x15=00001c77 x15:00001ca4 x14:ffffffd3
20492396ns          343612 1c008802 6cf42c23 sw               x15, 1752(x8)       x15:00001c77  x8:10000004  PA:100006dc
20492416ns          343613 1c008806 5dc42783 lw               x15, 1500(x8)       x15=00001d78  x8:10000004  PA:100005e0
20492436ns          343614 1c00880a 2dc42703 lw               x14, 732(x8)        x14=ffffffd2  x8:10000004  PA:100002e0
20492476ns          343616 1c00880e 00e787b3 add              x15, x15, x14       x15=00001d4a x15:00001d78 x14:ffffffd2
20492874ns          343636 1c008810 6cf42e23 sw               x15, 1756(x8)       x15:00001d4a  x8:10000004  PA:100006e0
20492913ns          343638 1c008814 5e042783 lw               x15, 1504(x8)       x15=00001e6c  x8:10000004  PA:100005e4
20492933ns          343639 1c008818 2e042703 lw               x14, 736(x8)        x14=ffffffd1  x8:10000004  PA:100002e4
20492973ns          343641 1c00881c 00e787b3 add              x15, x15, x14       x15=00001e3d x15:00001e6c x14:ffffffd1
20493391ns          343662 1c00881e 6ef42023 sw               x15, 1760(x8)       x15:00001e3d  x8:10000004  PA:100006e4
20493431ns          343664 1c008822 5e442783 lw               x15, 1508(x8)       x15=00001f80  x8:10000004  PA:100005e8
20493450ns          343665 1c008826 2e442703 lw               x14, 740(x8)        x14=ffffffd0  x8:10000004  PA:100002e8
20493490ns          343667 1c00882a 00e787b3 add              x15, x15, x14       x15=00001f50 x15:00001f80 x14:ffffffd0
20493510ns          343668 1c00882c 6ef42223 sw               x15, 1764(x8)       x15:00001f50  x8:10000004  PA:100006e8
20493928ns          343689 1c008830 5e842783 lw               x15, 1512(x8)       x15=00002094  x8:10000004  PA:100005ec
20493968ns          343691 1c008834 2e842703 lw               x14, 744(x8)        x14=ffffffcf  x8:10000004  PA:100002ec
20494007ns          343693 1c008838 00e787b3 add              x15, x15, x14       x15=00002063 x15:00002094 x14:ffffffcf
20494027ns          343694 1c00883a 6ef42423 sw               x15, 1768(x8)       x15:00002063  x8:10000004  PA:100006ec
20494445ns          343715 1c00883e 5ec42783 lw               x15, 1516(x8)       x15=000021a8  x8:10000004  PA:100005f0
20494485ns          343717 1c008842 2ec42703 lw               x14, 748(x8)        x14=ffffffce  x8:10000004  PA:100002f0
20494525ns          343719 1c008846 00e787b3 add              x15, x15, x14       x15=00002176 x15:000021a8 x14:ffffffce
20494544ns          343720 1c008848 6ef42623 sw               x15, 1772(x8)       x15:00002176  x8:10000004  PA:100006f0
20494564ns          343721 1c00884c 5f042783 lw               x15, 1520(x8)       x15=000022bc  x8:10000004  PA:100005f4
20494962ns          343741 1c008850 2f042703 lw               x14, 752(x8)        x14=ffffffcd  x8:10000004  PA:100002f4
20495002ns          343743 1c008854 00e787b3 add              x15, x15, x14       x15=00002289 x15:000022bc x14:ffffffcd
20495022ns          343744 1c008856 6ef42823 sw               x15, 1776(x8)       x15:00002289  x8:10000004  PA:100006f4
20495042ns          343745 1c00885a 5f442783 lw               x15, 1524(x8)       x15=000023d0  x8:10000004  PA:100005f8
20495479ns          343767 1c00885e 2f442703 lw               x14, 756(x8)        x14=ffffffcc  x8:10000004  PA:100002f8
20495519ns          343769 1c008862 00e787b3 add              x15, x15, x14       x15=0000239c x15:000023d0 x14:ffffffcc
20495539ns          343770 1c008864 6ef42a23 sw               x15, 1780(x8)       x15:0000239c  x8:10000004  PA:100006f8
20495559ns          343771 1c008868 5f842783 lw               x15, 1528(x8)       x15=000024e4  x8:10000004  PA:100005fc
20495579ns          343772 1c00886c 2f842703 lw               x14, 760(x8)        x14=ffffffcb  x8:10000004  PA:100002fc
20495996ns          343793 1c008870 00e787b3 add              x15, x15, x14       x15=000024af x15:000024e4 x14:ffffffcb
20496036ns          343795 1c008872 6ef42c23 sw               x15, 1784(x8)       x15:000024af  x8:10000004  PA:100006fc
20496056ns          343796 1c008876 5fc42783 lw               x15, 1532(x8)       x15=000025f8  x8:10000004  PA:10000600
20496076ns          343797 1c00887a 2fc42703 lw               x14, 764(x8)        x14=ffffffca  x8:10000004  PA:10000300
20496116ns          343799 1c00887e 00e787b3 add              x15, x15, x14       x15=000025c2 x15:000025f8 x14:ffffffca
20496136ns          343800 1c008880 6ef42e23 sw               x15, 1788(x8)       x15:000025c2  x8:10000004  PA:10000700
20496175ns          343802 1c008884 527020ef jal              x1, 11558            x1=1c008888
20496295ns          343808 1c00b5aa f14027f3 csrrs            x15, x0, 0xf14      x15=00000000
20496315ns          343809 1c00b5ae 01f00713 addi             x14, x0, 31         x14=0000001f
20496354ns          343811 1c00b5b0 ca5797b3 p.extractu       x15, x15, 5, 5      x15=00000000 x15:00000000
20496394ns          343813 1c00b5b4 00e78863 beq              x15, x14, 16        x15:00000000 x14:0000001f
20496414ns          343814 1c00b5b8 002047b7 lui              x15, 0x204000       x15=00204000
20496434ns          343815 1c00b5bc 20078793 addi             x15, x15, 512       x15=00204200 x15:00204000
20496494ns          343818 1c00b5c0 01c7e703 p.elw            x14, 28(x15)        x14=00010000 x15:00204200  PA:0020421c
20526628ns          345333 1c00b5c4 00008067 jalr             x0, x1, 0            x1:1c008888
20526668ns          345335 1c008888 78292063 p.beqimm         x18, 1920           x18:00000000
20526688ns          345336 1c00888c 6a091de3 bne              x18, x0, 3770       x18:00000000
20527185ns          345361 1c008890 100014b7 lui              x9, 0x10001000       x9=10001000
20527225ns          345363 1c008894 00448493 addi             x9, x9, 4            x9=10001004  x9:10001000
20527245ns          345364 1c008898 8004a783 lw               x15, -2048(x9)      x15=fffff758  x9:10001004  PA:10000804
20527265ns          345365 1c00889c 20042703 lw               x14, 512(x8)        x14=00000009  x8:10000004  PA:10000204
20527842ns          345394 1c0088a0 00e787b3 add              x15, x15, x14       x15=fffff761 x15:fffff758 x14:00000009
20527881ns          345396 1c0088a2 70f42023 sw               x15, 1792(x8)       x15:fffff761  x8:10000004  PA:10000704
20527921ns          345398 1c0088a6 8044a783 lw               x15, -2044(x9)      x15=fffff6c0  x9:10001004  PA:10000808
20527941ns          345399 1c0088aa 20442703 lw               x14, 516(x8)        x14=00000008  x8:10000004  PA:10000208
20527981ns          345401 1c0088ae 00e787b3 add              x15, x15, x14       x15=fffff6c8 x15:fffff6c0 x14:00000008
20528359ns          345420 1c0088b0 70f42223 sw               x15, 1796(x8)       x15:fffff6c8  x8:10000004  PA:10000708
20528398ns          345422 1c0088b4 8084a783 lw               x15, -2040(x9)      x15=fffff628  x9:10001004  PA:1000080c
20528438ns          345424 1c0088b8 20842703 lw               x14, 520(x8)        x14=00000007  x8:10000004  PA:1000020c
20528478ns          345426 1c0088bc 00e787b3 add              x15, x15, x14       x15=fffff62f x15:fffff628 x14:00000007
20528876ns          345446 1c0088be 70f42423 sw               x15, 1800(x8)       x15:fffff62f  x8:10000004  PA:1000070c
20528916ns          345448 1c0088c2 80c4a783 lw               x15, -2036(x9)      x15=fffff590  x9:10001004  PA:10000810
20528936ns          345449 1c0088c6 20c42703 lw               x14, 524(x8)        x14=00000006  x8:10000004  PA:10000210
20528975ns          345451 1c0088ca 00e787b3 add              x15, x15, x14       x15=fffff596 x15:fffff590 x14:00000006
20528995ns          345452 1c0088cc 70f42623 sw               x15, 1804(x8)       x15:fffff596  x8:10000004  PA:10000710
20529393ns          345472 1c0088d0 8104a783 lw               x15, -2032(x9)      x15=fffff4f8  x9:10001004  PA:10000814
20529433ns          345474 1c0088d4 21042703 lw               x14, 528(x8)        x14=00000005  x8:10000004  PA:10000214
20529473ns          345476 1c0088d8 00e787b3 add              x15, x15, x14       x15=fffff4fd x15:fffff4f8 x14:00000005
20529492ns          345477 1c0088da 70f42823 sw               x15, 1808(x8)       x15:fffff4fd  x8:10000004  PA:10000714
20529930ns          345499 1c0088de 8144a783 lw               x15, -2028(x9)      x15=fffff460  x9:10001004  PA:10000818
20529970ns          345501 1c0088e2 21442703 lw               x14, 532(x8)        x14=00000004  x8:10000004  PA:10000218
20530010ns          345503 1c0088e6 00e787b3 add              x15, x15, x14       x15=fffff464 x15:fffff460 x14:00000004
20530030ns          345504 1c0088e8 70f42a23 sw               x15, 1812(x8)       x15:fffff464  x8:10000004  PA:10000718
20530049ns          345505 1c0088ec 8184a783 lw               x15, -2024(x9)      x15=fffff3c8  x9:10001004  PA:1000081c
20530447ns          345525 1c0088f0 21842703 lw               x14, 536(x8)        x14=00000003  x8:10000004  PA:1000021c
20530487ns          345527 1c0088f4 00e787b3 add              x15, x15, x14       x15=fffff3cb x15:fffff3c8 x14:00000003
20530507ns          345528 1c0088f6 70f42c23 sw               x15, 1816(x8)       x15:fffff3cb  x8:10000004  PA:1000071c
20530527ns          345529 1c0088fa 81c4a783 lw               x15, -2020(x9)      x15=fffff330  x9:10001004  PA:10000820
20530964ns          345551 1c0088fe 21c42703 lw               x14, 540(x8)        x14=00000002  x8:10000004  PA:10000220
20531004ns          345553 1c008902 00e787b3 add              x15, x15, x14       x15=fffff332 x15:fffff330 x14:00000002
20531024ns          345554 1c008904 70f42e23 sw               x15, 1820(x8)       x15:fffff332  x8:10000004  PA:10000720
20531044ns          345555 1c008908 8204a783 lw               x15, -2016(x9)      x15=000000d8  x9:10001004  PA:10000824
20531064ns          345556 1c00890c 22042703 lw               x14, 544(x8)        x14=00000001  x8:10000004  PA:10000224
20531482ns          345577 1c008910 00e787b3 add              x15, x15, x14       x15=000000d9 x15:000000d8 x14:00000001
20531521ns          345579 1c008912 72f42023 sw               x15, 1824(x8)       x15:000000d9  x8:10000004  PA:10000724
20531541ns          345580 1c008916 8244a783 lw               x15, -2012(x9)      x15=000000c0  x9:10001004  PA:10000828
20531561ns          345581 1c00891a 22442703 lw               x14, 548(x8)        x14=00000000  x8:10000004  PA:10000228
20531601ns          345583 1c00891e 00e787b3 add              x15, x15, x14       x15=000000c0 x15:000000c0 x14:00000000
20531999ns          345603 1c008920 72f42223 sw               x15, 1828(x8)       x15:000000c0  x8:10000004  PA:10000728
20532038ns          345605 1c008924 8284a783 lw               x15, -2008(x9)      x15=000000a8  x9:10001004  PA:1000082c
20532058ns          345606 1c008928 22842703 lw               x14, 552(x8)        x14=ffffffff  x8:10000004  PA:1000022c
20532098ns          345608 1c00892c 00e787b3 add              x15, x15, x14       x15=000000a7 x15:000000a8 x14:ffffffff
20532536ns          345630 1c00892e 72f42423 sw               x15, 1832(x8)       x15:000000a7  x8:10000004  PA:1000072c
20532576ns          345632 1c008932 82c4a783 lw               x15, -2004(x9)      x15=00000090  x9:10001004  PA:10000830
20532595ns          345633 1c008936 22c42703 lw               x14, 556(x8)        x14=fffffffe  x8:10000004  PA:10000230
20532635ns          345635 1c00893a 00e787b3 add              x15, x15, x14       x15=0000008e x15:00000090 x14:fffffffe
20532655ns          345636 1c00893c 72f42623 sw               x15, 1836(x8)       x15:0000008e  x8:10000004  PA:10000730
20533053ns          345656 1c008940 8304a783 lw               x15, -2000(x9)      x15=00000078  x9:10001004  PA:10000834
20533093ns          345658 1c008944 23042703 lw               x14, 560(x8)        x14=fffffffd  x8:10000004  PA:10000234
20533132ns          345660 1c008948 00e787b3 add              x15, x15, x14       x15=00000075 x15:00000078 x14:fffffffd
20533152ns          345661 1c00894a 72f42823 sw               x15, 1840(x8)       x15:00000075  x8:10000004  PA:10000734
20533570ns          345682 1c00894e 8344a783 lw               x15, -1996(x9)      x15=00000060  x9:10001004  PA:10000838
20533610ns          345684 1c008952 23442703 lw               x14, 564(x8)        x14=fffffffc  x8:10000004  PA:10000238
20533650ns          345686 1c008956 00e787b3 add              x15, x15, x14       x15=0000005c x15:00000060 x14:fffffffc
20533670ns          345687 1c008958 72f42a23 sw               x15, 1844(x8)       x15:0000005c  x8:10000004  PA:10000738
20533689ns          345688 1c00895c 8384a783 lw               x15, -1992(x9)      x15=00000048  x9:10001004  PA:1000083c
20534087ns          345708 1c008960 23842703 lw               x14, 568(x8)        x14=fffffffb  x8:10000004  PA:1000023c
20534127ns          345710 1c008964 00e787b3 add              x15, x15, x14       x15=00000043 x15:00000048 x14:fffffffb
20534147ns          345711 1c008966 72f42c23 sw               x15, 1848(x8)       x15:00000043  x8:10000004  PA:1000073c
20534167ns          345712 1c00896a 83c4a783 lw               x15, -1988(x9)      x15=00000030  x9:10001004  PA:10000840
20534604ns          345734 1c00896e 23c42703 lw               x14, 572(x8)        x14=fffffffa  x8:10000004  PA:10000240
20534644ns          345736 1c008972 00e787b3 add              x15, x15, x14       x15=0000002a x15:00000030 x14:fffffffa
20534664ns          345737 1c008974 72f42e23 sw               x15, 1852(x8)       x15:0000002a  x8:10000004  PA:10000740
20534684ns          345738 1c008978 8404a783 lw               x15, -1984(x9)      x15=00000a58  x9:10001004  PA:10000844
20534704ns          345739 1c00897c 24042703 lw               x14, 576(x8)        x14=fffffff9  x8:10000004  PA:10000244
20535141ns          345761 1c008980 00e787b3 add              x15, x15, x14       x15=00000a51 x15:00000a58 x14:fffffff9
20535181ns          345763 1c008982 74f42023 sw               x15, 1856(x8)       x15:00000a51  x8:10000004  PA:10000744
20535201ns          345764 1c008986 8444a783 lw               x15, -1980(x9)      x15=00000ac0  x9:10001004  PA:10000848
20535221ns          345765 1c00898a 24442703 lw               x14, 580(x8)        x14=fffffff8  x8:10000004  PA:10000248
20535261ns          345767 1c00898e 00e787b3 add              x15, x15, x14       x15=00000ab8 x15:00000ac0 x14:fffffff8
20535659ns          345787 1c008990 74f42223 sw               x15, 1860(x8)       x15:00000ab8  x8:10000004  PA:10000748
20535698ns          345789 1c008994 8484a783 lw               x15, -1976(x9)      x15=00000b28  x9:10001004  PA:1000084c
20535718ns          345790 1c008998 24842703 lw               x14, 584(x8)        x14=fffffff7  x8:10000004  PA:1000024c
20535758ns          345792 1c00899c 00e787b3 add              x15, x15, x14       x15=00000b1f x15:00000b28 x14:fffffff7
20536176ns          345813 1c00899e 74f42423 sw               x15, 1864(x8)       x15:00000b1f  x8:10000004  PA:1000074c
20536216ns          345815 1c0089a2 84c4a783 lw               x15, -1972(x9)      x15=00000b90  x9:10001004  PA:10000850
20536235ns          345816 1c0089a6 24c42703 lw               x14, 588(x8)        x14=fffffff6  x8:10000004  PA:10000250
20536275ns          345818 1c0089aa 00e787b3 add              x15, x15, x14       x15=00000b86 x15:00000b90 x14:fffffff6
20536295ns          345819 1c0089ac 74f42623 sw               x15, 1868(x8)       x15:00000b86  x8:10000004  PA:10000750
20536693ns          345839 1c0089b0 8504a783 lw               x15, -1968(x9)      x15=00000bf8  x9:10001004  PA:10000854
20536733ns          345841 1c0089b4 25042703 lw               x14, 592(x8)        x14=fffffff5  x8:10000004  PA:10000254
20536772ns          345843 1c0089b8 00e787b3 add              x15, x15, x14       x15=00000bed x15:00000bf8 x14:fffffff5
20536792ns          345844 1c0089ba 74f42823 sw               x15, 1872(x8)       x15:00000bed  x8:10000004  PA:10000754
20537210ns          345865 1c0089be 8544a783 lw               x15, -1964(x9)      x15=00000c60  x9:10001004  PA:10000858
20537250ns          345867 1c0089c2 25442703 lw               x14, 596(x8)        x14=fffffff4  x8:10000004  PA:10000258
20537290ns          345869 1c0089c6 00e787b3 add              x15, x15, x14       x15=00000c54 x15:00000c60 x14:fffffff4
20537310ns          345870 1c0089c8 74f42a23 sw               x15, 1876(x8)       x15:00000c54  x8:10000004  PA:10000758
20537329ns          345871 1c0089cc 8584a783 lw               x15, -1960(x9)      x15=00000cc8  x9:10001004  PA:1000085c
20537747ns          345892 1c0089d0 25842703 lw               x14, 600(x8)        x14=fffffff3  x8:10000004  PA:1000025c
20537787ns          345894 1c0089d4 00e787b3 add              x15, x15, x14       x15=00000cbb x15:00000cc8 x14:fffffff3
20537807ns          345895 1c0089d6 74f42c23 sw               x15, 1880(x8)       x15:00000cbb  x8:10000004  PA:1000075c
20537827ns          345896 1c0089da 85c4a783 lw               x15, -1956(x9)      x15=00000d30  x9:10001004  PA:10000860
20538264ns          345918 1c0089de 25c42703 lw               x14, 604(x8)        x14=fffffff2  x8:10000004  PA:10000260
20538304ns          345920 1c0089e2 00e787b3 add              x15, x15, x14       x15=00000d22 x15:00000d30 x14:fffffff2
20538324ns          345921 1c0089e4 74f42e23 sw               x15, 1884(x8)       x15:00000d22  x8:10000004  PA:10000760
20538344ns          345922 1c0089e8 8604a783 lw               x15, -1952(x9)      x15=000013d8  x9:10001004  PA:10000864
20538364ns          345923 1c0089ec 26042703 lw               x14, 608(x8)        x14=fffffff1  x8:10000004  PA:10000264
20538781ns          345944 1c0089f0 00e787b3 add              x15, x15, x14       x15=000013c9 x15:000013d8 x14:fffffff1
20538821ns          345946 1c0089f2 76f42023 sw               x15, 1888(x8)       x15:000013c9  x8:10000004  PA:10000764
20538841ns          345947 1c0089f6 8644a783 lw               x15, -1948(x9)      x15=000014c0  x9:10001004  PA:10000868
20538861ns          345948 1c0089fa 26442703 lw               x14, 612(x8)        x14=fffffff0  x8:10000004  PA:10000268
20538901ns          345950 1c0089fe 00e787b3 add              x15, x15, x14       x15=000014b0 x15:000014c0 x14:fffffff0
20539299ns          345970 1c008a00 76f42223 sw               x15, 1892(x8)       x15:000014b0  x8:10000004  PA:10000768
20539338ns          345972 1c008a04 8684a783 lw               x15, -1944(x9)      x15=000015a8  x9:10001004  PA:1000086c
20539358ns          345973 1c008a08 26842703 lw               x14, 616(x8)        x14=ffffffef  x8:10000004  PA:1000026c
20539398ns          345975 1c008a0c 00e787b3 add              x15, x15, x14       x15=00001597 x15:000015a8 x14:ffffffef
20539816ns          345996 1c008a0e 76f42423 sw               x15, 1896(x8)       x15:00001597  x8:10000004  PA:1000076c
20539856ns          345998 1c008a12 86c4a783 lw               x15, -1940(x9)      x15=00001690  x9:10001004  PA:10000870
20539875ns          345999 1c008a16 26c42703 lw               x14, 620(x8)        x14=ffffffee  x8:10000004  PA:10000270
20539915ns          346001 1c008a1a 00e787b3 add              x15, x15, x14       x15=0000167e x15:00001690 x14:ffffffee
20539935ns          346002 1c008a1c 76f42623 sw               x15, 1900(x8)       x15:0000167e  x8:10000004  PA:10000770
20540333ns          346022 1c008a20 8704a783 lw               x15, -1936(x9)      x15=00001778  x9:10001004  PA:10000874
20540373ns          346024 1c008a24 27042703 lw               x14, 624(x8)        x14=ffffffed  x8:10000004  PA:10000274
20540412ns          346026 1c008a28 00e787b3 add              x15, x15, x14       x15=00001765 x15:00001778 x14:ffffffed
20540432ns          346027 1c008a2a 76f42823 sw               x15, 1904(x8)       x15:00001765  x8:10000004  PA:10000774
20540850ns          346048 1c008a2e 8744a783 lw               x15, -1932(x9)      x15=00001860  x9:10001004  PA:10000878
20540890ns          346050 1c008a32 27442703 lw               x14, 628(x8)        x14=ffffffec  x8:10000004  PA:10000278
20540930ns          346052 1c008a36 00e787b3 add              x15, x15, x14       x15=0000184c x15:00001860 x14:ffffffec
20540950ns          346053 1c008a38 76f42a23 sw               x15, 1908(x8)       x15:0000184c  x8:10000004  PA:10000778
20540969ns          346054 1c008a3c 8784a783 lw               x15, -1928(x9)      x15=00001948  x9:10001004  PA:1000087c
20541367ns          346074 1c008a40 27842703 lw               x14, 632(x8)        x14=ffffffeb  x8:10000004  PA:1000027c
20541407ns          346076 1c008a44 00e787b3 add              x15, x15, x14       x15=00001933 x15:00001948 x14:ffffffeb
20541427ns          346077 1c008a46 76f42c23 sw               x15, 1912(x8)       x15:00001933  x8:10000004  PA:1000077c
20541447ns          346078 1c008a4a 87c4a783 lw               x15, -1924(x9)      x15=00001a30  x9:10001004  PA:10000880
20541904ns          346101 1c008a4e 27c42703 lw               x14, 636(x8)        x14=ffffffea  x8:10000004  PA:10000280
20541944ns          346103 1c008a52 00e787b3 add              x15, x15, x14       x15=00001a1a x15:00001a30 x14:ffffffea
20541964ns          346104 1c008a54 76f42e23 sw               x15, 1916(x8)       x15:00001a1a  x8:10000004  PA:10000780
20541984ns          346105 1c008a58 8804a783 lw               x15, -1920(x9)      x15=00001d58  x9:10001004  PA:10000884
20542004ns          346106 1c008a5c 28042703 lw               x14, 640(x8)        x14=ffffffe9  x8:10000004  PA:10000284
20542421ns          346127 1c008a60 00e787b3 add              x15, x15, x14       x15=00001d41 x15:00001d58 x14:ffffffe9
20542461ns          346129 1c008a62 78f42023 sw               x15, 1920(x8)       x15:00001d41  x8:10000004  PA:10000784
20542481ns          346130 1c008a66 8844a783 lw               x15, -1916(x9)      x15=00001ec0  x9:10001004  PA:10000888
20542501ns          346131 1c008a6a 28442703 lw               x14, 644(x8)        x14=ffffffe8  x8:10000004  PA:10000288
20542541ns          346133 1c008a6e 00e787b3 add              x15, x15, x14       x15=00001ea8 x15:00001ec0 x14:ffffffe8
20542939ns          346153 1c008a70 78f42223 sw               x15, 1924(x8)       x15:00001ea8  x8:10000004  PA:10000788
20542978ns          346155 1c008a74 8884a783 lw               x15, -1912(x9)      x15=00002028  x9:10001004  PA:1000088c
20542998ns          346156 1c008a78 28842703 lw               x14, 648(x8)        x14=ffffffe7  x8:10000004  PA:1000028c
20543038ns          346158 1c008a7c 00e787b3 add              x15, x15, x14       x15=0000200f x15:00002028 x14:ffffffe7
20543456ns          346179 1c008a7e 78f42423 sw               x15, 1928(x8)       x15:0000200f  x8:10000004  PA:1000078c
20543496ns          346181 1c008a82 88c4a783 lw               x15, -1908(x9)      x15=00002190  x9:10001004  PA:10000890
20543515ns          346182 1c008a86 28c42703 lw               x14, 652(x8)        x14=ffffffe6  x8:10000004  PA:10000290
20543555ns          346184 1c008a8a 00e787b3 add              x15, x15, x14       x15=00002176 x15:00002190 x14:ffffffe6
20543575ns          346185 1c008a8c 78f42623 sw               x15, 1932(x8)       x15:00002176  x8:10000004  PA:10000790
20543973ns          346205 1c008a90 8904a783 lw               x15, -1904(x9)      x15=000022f8  x9:10001004  PA:10000894
20544013ns          346207 1c008a94 29042703 lw               x14, 656(x8)        x14=ffffffe5  x8:10000004  PA:10000294
20544052ns          346209 1c008a98 00e787b3 add              x15, x15, x14       x15=000022dd x15:000022f8 x14:ffffffe5
20544072ns          346210 1c008a9a 78f42823 sw               x15, 1936(x8)       x15:000022dd  x8:10000004  PA:10000794
20544510ns          346232 1c008a9e 8944a783 lw               x15, -1900(x9)      x15=00002460  x9:10001004  PA:10000898
20544550ns          346234 1c008aa2 29442703 lw               x14, 660(x8)        x14=ffffffe4  x8:10000004  PA:10000298
20544590ns          346236 1c008aa6 00e787b3 add              x15, x15, x14       x15=00002444 x15:00002460 x14:ffffffe4
20544609ns          346237 1c008aa8 78f42a23 sw               x15, 1940(x8)       x15:00002444  x8:10000004  PA:10000798
20544629ns          346238 1c008aac 8984a783 lw               x15, -1896(x9)      x15=000025c8  x9:10001004  PA:1000089c
20545027ns          346258 1c008ab0 29842703 lw               x14, 664(x8)        x14=ffffffe3  x8:10000004  PA:1000029c
20545067ns          346260 1c008ab4 00e787b3 add              x15, x15, x14       x15=000025ab x15:000025c8 x14:ffffffe3
20545087ns          346261 1c008ab6 78f42c23 sw               x15, 1944(x8)       x15:000025ab  x8:10000004  PA:1000079c
20545107ns          346262 1c008aba 89c4a783 lw               x15, -1892(x9)      x15=00002730  x9:10001004  PA:100008a0
20545544ns          346284 1c008abe 29c42703 lw               x14, 668(x8)        x14=ffffffe2  x8:10000004  PA:100002a0
20545584ns          346286 1c008ac2 00e787b3 add              x15, x15, x14       x15=00002712 x15:00002730 x14:ffffffe2
20545604ns          346287 1c008ac4 78f42e23 sw               x15, 1948(x8)       x15:00002712  x8:10000004  PA:100007a0
20545624ns          346288 1c008ac8 8a04a783 lw               x15, -1888(x9)      x15=000026d8  x9:10001004  PA:100008a4
20545644ns          346289 1c008acc 2a042703 lw               x14, 672(x8)        x14=ffffffe1  x8:10000004  PA:100002a4
20546061ns          346310 1c008ad0 00e787b3 add              x15, x15, x14       x15=000026b9 x15:000026d8 x14:ffffffe1
20546101ns          346312 1c008ad2 7af42023 sw               x15, 1952(x8)       x15:000026b9  x8:10000004  PA:100007a4
20546121ns          346313 1c008ad6 8a44a783 lw               x15, -1884(x9)      x15=000028c0  x9:10001004  PA:100008a8
20546141ns          346314 1c008ada 2a442703 lw               x14, 676(x8)        x14=ffffffe0  x8:10000004  PA:100002a8
20546181ns          346316 1c008ade 00e787b3 add              x15, x15, x14       x15=000028a0 x15:000028c0 x14:ffffffe0
20546579ns          346336 1c008ae0 7af42223 sw               x15, 1956(x8)       x15:000028a0  x8:10000004  PA:100007a8
20546618ns          346338 1c008ae4 8a84a783 lw               x15, -1880(x9)      x15=00002aa8  x9:10001004  PA:100008ac
20546638ns          346339 1c008ae8 2a842703 lw               x14, 680(x8)        x14=ffffffdf  x8:10000004  PA:100002ac
20546678ns          346341 1c008aec 00e787b3 add              x15, x15, x14       x15=00002a87 x15:00002aa8 x14:ffffffdf
20547116ns          346363 1c008aee 7af42423 sw               x15, 1960(x8)       x15:00002a87  x8:10000004  PA:100007ac
20547155ns          346365 1c008af2 8ac4a783 lw               x15, -1876(x9)      x15=00002c90  x9:10001004  PA:100008b0
20547175ns          346366 1c008af6 2ac42703 lw               x14, 684(x8)        x14=ffffffde  x8:10000004  PA:100002b0
20547215ns          346368 1c008afa 00e787b3 add              x15, x15, x14       x15=00002c6e x15:00002c90 x14:ffffffde
20547235ns          346369 1c008afc 7af42623 sw               x15, 1964(x8)       x15:00002c6e  x8:10000004  PA:100007b0
20547633ns          346389 1c008b00 8b04a783 lw               x15, -1872(x9)      x15=00002e78  x9:10001004  PA:100008b4
20547673ns          346391 1c008b04 2b042703 lw               x14, 688(x8)        x14=ffffffdd  x8:10000004  PA:100002b4
20547712ns          346393 1c008b08 00e787b3 add              x15, x15, x14       x15=00002e55 x15:00002e78 x14:ffffffdd
20547732ns          346394 1c008b0a 7af42823 sw               x15, 1968(x8)       x15:00002e55  x8:10000004  PA:100007b4
20548150ns          346415 1c008b0e 8b44a783 lw               x15, -1868(x9)      x15=00003060  x9:10001004  PA:100008b8
20548190ns          346417 1c008b12 2b442703 lw               x14, 692(x8)        x14=ffffffdc  x8:10000004  PA:100002b8
20548230ns          346419 1c008b16 00e787b3 add              x15, x15, x14       x15=0000303c x15:00003060 x14:ffffffdc
20548249ns          346420 1c008b18 7af42a23 sw               x15, 1972(x8)       x15:0000303c  x8:10000004  PA:100007b8
20548269ns          346421 1c008b1c 8b84a783 lw               x15, -1864(x9)      x15=00003248  x9:10001004  PA:100008bc
20548667ns          346441 1c008b20 2b842703 lw               x14, 696(x8)        x14=ffffffdb  x8:10000004  PA:100002bc
20548707ns          346443 1c008b24 00e787b3 add              x15, x15, x14       x15=00003223 x15:00003248 x14:ffffffdb
20548727ns          346444 1c008b26 7af42c23 sw               x15, 1976(x8)       x15:00003223  x8:10000004  PA:100007bc
20548747ns          346445 1c008b2a 8bc4a783 lw               x15, -1860(x9)      x15=00003430  x9:10001004  PA:100008c0
20549184ns          346467 1c008b2e 2bc42703 lw               x14, 700(x8)        x14=ffffffda  x8:10000004  PA:100002c0
20549244ns          346470 1c008b32 00e787b3 add              x15, x15, x14       x15=0000340a x15:00003430 x14:ffffffda
20549264ns          346471 1c008b34 7af42e23 sw               x15, 1980(x8)       x15:0000340a  x8:10000004  PA:100007c0
20549284ns          346472 1c008b38 8c04a783 lw               x15, -1856(x9)      x15=00003058  x9:10001004  PA:100008c4
20549304ns          346473 1c008b3c 2c042703 lw               x14, 704(x8)        x14=ffffffd9  x8:10000004  PA:100002c4
20549721ns          346494 1c008b40 00e787b3 add              x15, x15, x14       x15=00003031 x15:00003058 x14:ffffffd9
20549761ns          346496 1c008b42 7cf42023 sw               x15, 1984(x8)       x15:00003031  x8:10000004  PA:100007c4
20549781ns          346497 1c008b46 8c44a783 lw               x15, -1852(x9)      x15=000032c0  x9:10001004  PA:100008c8
20549801ns          346498 1c008b4a 2c442703 lw               x14, 708(x8)        x14=ffffffd8  x8:10000004  PA:100002c8
20549841ns          346500 1c008b4e 00e787b3 add              x15, x15, x14       x15=00003298 x15:000032c0 x14:ffffffd8
20550239ns          346520 1c008b50 7cf42223 sw               x15, 1988(x8)       x15:00003298  x8:10000004  PA:100007c8
20550278ns          346522 1c008b54 8c84a783 lw               x15, -1848(x9)      x15=00003528  x9:10001004  PA:100008cc
20550298ns          346523 1c008b58 2c842703 lw               x14, 712(x8)        x14=ffffffd7  x8:10000004  PA:100002cc
20550338ns          346525 1c008b5c 00e787b3 add              x15, x15, x14       x15=000034ff x15:00003528 x14:ffffffd7
20550756ns          346546 1c008b5e 7cf42423 sw               x15, 1992(x8)       x15:000034ff  x8:10000004  PA:100007cc
20550795ns          346548 1c008b62 8cc4a783 lw               x15, -1844(x9)      x15=00003790  x9:10001004  PA:100008d0
20550815ns          346549 1c008b66 2cc42703 lw               x14, 716(x8)        x14=ffffffd6  x8:10000004  PA:100002d0
20550855ns          346551 1c008b6a 00e787b3 add              x15, x15, x14       x15=00003766 x15:00003790 x14:ffffffd6
20550875ns          346552 1c008b6c 7cf42623 sw               x15, 1996(x8)       x15:00003766  x8:10000004  PA:100007d0
20551273ns          346572 1c008b70 8d04a783 lw               x15, -1840(x9)      x15=000039f8  x9:10001004  PA:100008d4
20551313ns          346574 1c008b74 2d042703 lw               x14, 720(x8)        x14=ffffffd5  x8:10000004  PA:100002d4
20551352ns          346576 1c008b78 00e787b3 add              x15, x15, x14       x15=000039cd x15:000039f8 x14:ffffffd5
20551372ns          346577 1c008b7a 7cf42823 sw               x15, 2000(x8)       x15:000039cd  x8:10000004  PA:100007d4
20551790ns          346598 1c008b7e 8d44a783 lw               x15, -1836(x9)      x15=00003c60  x9:10001004  PA:100008d8
20551830ns          346600 1c008b82 2d442703 lw               x14, 724(x8)        x14=ffffffd4  x8:10000004  PA:100002d8
20551870ns          346602 1c008b86 00e787b3 add              x15, x15, x14       x15=00003c34 x15:00003c60 x14:ffffffd4
20551889ns          346603 1c008b88 7cf42a23 sw               x15, 2004(x8)       x15:00003c34  x8:10000004  PA:100007d8
20551909ns          346604 1c008b8c 8d84a783 lw               x15, -1832(x9)      x15=00003ec8  x9:10001004  PA:100008dc
20552307ns          346624 1c008b90 2d842703 lw               x14, 728(x8)        x14=ffffffd3  x8:10000004  PA:100002dc
20552347ns          346626 1c008b94 00e787b3 add              x15, x15, x14       x15=00003e9b x15:00003ec8 x14:ffffffd3
20552367ns          346627 1c008b96 7cf42c23 sw               x15, 2008(x8)       x15:00003e9b  x8:10000004  PA:100007dc
20552387ns          346628 1c008b9a 8dc4a783 lw               x15, -1828(x9)      x15=00004130  x9:10001004  PA:100008e0
20552824ns          346650 1c008b9e 2dc42703 lw               x14, 732(x8)        x14=ffffffd2  x8:10000004  PA:100002e0
20552864ns          346652 1c008ba2 00e787b3 add              x15, x15, x14       x15=00004102 x15:00004130 x14:ffffffd2
20552884ns          346653 1c008ba4 7cf42e23 sw               x15, 2012(x8)       x15:00004102  x8:10000004  PA:100007e0
20552904ns          346654 1c008ba8 8e04a783 lw               x15, -1824(x9)      x15=000039d8  x9:10001004  PA:100008e4
20552924ns          346655 1c008bac 2e042703 lw               x14, 736(x8)        x14=ffffffd1  x8:10000004  PA:100002e4
20553341ns          346676 1c008bb0 00e787b3 add              x15, x15, x14       x15=000039a9 x15:000039d8 x14:ffffffd1
20553381ns          346678 1c008bb2 7ef42023 sw               x15, 2016(x8)       x15:000039a9  x8:10000004  PA:100007e4
20553401ns          346679 1c008bb6 8e44a783 lw               x15, -1820(x9)      x15=00003cc0  x9:10001004  PA:100008e8
20553421ns          346680 1c008bba 2e442703 lw               x14, 740(x8)        x14=ffffffd0  x8:10000004  PA:100002e8
20553461ns          346682 1c008bbe 00e787b3 add              x15, x15, x14       x15=00003c90 x15:00003cc0 x14:ffffffd0
20553879ns          346703 1c008bc0 7ef42223 sw               x15, 2020(x8)       x15:00003c90  x8:10000004  PA:100007e8
20553918ns          346705 1c008bc4 8e84a783 lw               x15, -1816(x9)      x15=00003fa8  x9:10001004  PA:100008ec
20553938ns          346706 1c008bc8 2e842703 lw               x14, 744(x8)        x14=ffffffcf  x8:10000004  PA:100002ec
20553978ns          346708 1c008bcc 00e787b3 add              x15, x15, x14       x15=00003f77 x15:00003fa8 x14:ffffffcf
20554396ns          346729 1c008bce 7ef42423 sw               x15, 2024(x8)       x15:00003f77  x8:10000004  PA:100007ec
20554435ns          346731 1c008bd2 8ec4a783 lw               x15, -1812(x9)      x15=00004290  x9:10001004  PA:100008f0
20554455ns          346732 1c008bd6 2ec42703 lw               x14, 748(x8)        x14=ffffffce  x8:10000004  PA:100002f0
20554495ns          346734 1c008bda 00e787b3 add              x15, x15, x14       x15=0000425e x15:00004290 x14:ffffffce
20554515ns          346735 1c008bdc 7ef42623 sw               x15, 2028(x8)       x15:0000425e  x8:10000004  PA:100007f0
20554913ns          346755 1c008be0 8f04a783 lw               x15, -1808(x9)      x15=00004578  x9:10001004  PA:100008f4
20554953ns          346757 1c008be4 2f042703 lw               x14, 752(x8)        x14=ffffffcd  x8:10000004  PA:100002f4
20554992ns          346759 1c008be8 00e787b3 add              x15, x15, x14       x15=00004545 x15:00004578 x14:ffffffcd
20555012ns          346760 1c008bea 7ef42823 sw               x15, 2032(x8)       x15:00004545  x8:10000004  PA:100007f4
20555430ns          346781 1c008bee 8f44a783 lw               x15, -1804(x9)      x15=00004860  x9:10001004  PA:100008f8
20555470ns          346783 1c008bf2 2f442703 lw               x14, 756(x8)        x14=ffffffcc  x8:10000004  PA:100002f8
20555510ns          346785 1c008bf6 00e787b3 add              x15, x15, x14       x15=0000482c x15:00004860 x14:ffffffcc
20555529ns          346786 1c008bf8 7ef42a23 sw               x15, 2036(x8)       x15:0000482c  x8:10000004  PA:100007f8
20555549ns          346787 1c008bfc 8f84a783 lw               x15, -1800(x9)      x15=00004b48  x9:10001004  PA:100008fc
20555947ns          346807 1c008c00 2f842703 lw               x14, 760(x8)        x14=ffffffcb  x8:10000004  PA:100002fc
20555987ns          346809 1c008c04 00e787b3 add              x15, x15, x14       x15=00004b13 x15:00004b48 x14:ffffffcb
20556007ns          346810 1c008c06 7ef42c23 sw               x15, 2040(x8)       x15:00004b13  x8:10000004  PA:100007fc
20556027ns          346811 1c008c0a 8fc4a783 lw               x15, -1796(x9)      x15=00004e30  x9:10001004  PA:10000900
20556484ns          346834 1c008c0e 2fc42703 lw               x14, 764(x8)        x14=ffffffca  x8:10000004  PA:10000300
20556524ns          346836 1c008c12 00e787b3 add              x15, x15, x14       x15=00004dfa x15:00004e30 x14:ffffffca
20556544ns          346837 1c008c14 7ef42e23 sw               x15, 2044(x8)       x15:00004dfa  x8:10000004  PA:10000800
20556564ns          346838 1c008c18 193020ef jal              x1, 10642            x1=1c008c1c
20557121ns          346866 1c00b5aa f14027f3 csrrs            x15, x0, 0xf14      x15=00000000
20557141ns          346867 1c00b5ae 01f00713 addi             x14, x0, 31         x14=0000001f
20557180ns          346869 1c00b5b0 ca5797b3 p.extractu       x15, x15, 5, 5      x15=00000000 x15:00000000
20557220ns          346871 1c00b5b4 00e78863 beq              x15, x14, 16        x15:00000000 x14:0000001f
20557240ns          346872 1c00b5b8 002047b7 lui              x15, 0x204000       x15=00204000
20557260ns          346873 1c00b5bc 20078793 addi             x15, x15, 512       x15=00204200 x15:00204000
20557717ns          346896 1c00b5c0 01c7e703 p.elw            x14, 28(x15)        x14=00010000 x15:00204200  PA:0020421c
20585385ns          348287 1c00b5c4 00008067 jalr             x0, x1, 0            x1:1c008c1c
20585425ns          348289 1c008c1c 9004a783 lw               x15, -1792(x9)      x15=fffdb21c  x9:10001004  PA:10000904
20585485ns          348292 1c008c20 30042703 lw               x14, 768(x8)        x14=00000031  x8:10000004  PA:10000304
20585525ns          348294 1c008c24 00e787b3 add              x15, x15, x14       x15=fffdb24d x15:fffdb21c x14:00000031
20585545ns          348295 1c008c26 f0f4a023 sw               x15, -256(x9)       x15:fffdb24d  x9:10001004  PA:10000f04
20585564ns          348296 1c008c2a 9044a783 lw               x15, -1788(x9)      x15=fffd9460  x9:10001004  PA:10000908
20586241ns          348330 1c008c2e 30442703 lw               x14, 772(x8)        x14=00000030  x8:10000004  PA:10000308
20586281ns          348332 1c008c32 00e787b3 add              x15, x15, x14       x15=fffd9490 x15:fffd9460 x14:00000030
20586300ns          348333 1c008c34 f0f4a223 sw               x15, -252(x9)       x15:fffd9490  x9:10001004  PA:10000f08
20586320ns          348334 1c008c38 9084a783 lw               x15, -1784(x9)      x15=fffd76a4  x9:10001004  PA:1000090c
20586340ns          348335 1c008c3c 30842703 lw               x14, 776(x8)        x14=0000002f  x8:10000004  PA:1000030c
20586778ns          348357 1c008c40 00e787b3 add              x15, x15, x14       x15=fffd76d3 x15:fffd76a4 x14:0000002f
20586818ns          348359 1c008c42 f0f4a423 sw               x15, -248(x9)       x15:fffd76d3  x9:10001004  PA:10000f0c
20586857ns          348361 1c008c46 90c4a783 lw               x15, -1780(x9)      x15=fffd58e8  x9:10001004  PA:10000910
20586877ns          348362 1c008c4a 30c42703 lw               x14, 780(x8)        x14=0000002e  x8:10000004  PA:10000310
20586917ns          348364 1c008c4e 00e787b3 add              x15, x15, x14       x15=fffd5916 x15:fffd58e8 x14:0000002e
20587335ns          348385 1c008c50 f0f4a623 sw               x15, -244(x9)       x15:fffd5916  x9:10001004  PA:10000f10
20587375ns          348387 1c008c54 9104a783 lw               x15, -1776(x9)      x15=fffd3b2c  x9:10001004  PA:10000914
20587394ns          348388 1c008c58 31042703 lw               x14, 784(x8)        x14=0000002d  x8:10000004  PA:10000314
20587434ns          348390 1c008c5c 00e787b3 add              x15, x15, x14       x15=fffd3b59 x15:fffd3b2c x14:0000002d
20587872ns          348412 1c008c5e f0f4a823 sw               x15, -240(x9)       x15:fffd3b59  x9:10001004  PA:10000f14
20587912ns          348414 1c008c62 9144a783 lw               x15, -1772(x9)      x15=fffd1d70  x9:10001004  PA:10000918
20587931ns          348415 1c008c66 31442703 lw               x14, 788(x8)        x14=0000002c  x8:10000004  PA:10000318
20587971ns          348417 1c008c6a 00e787b3 add              x15, x15, x14       x15=fffd1d9c x15:fffd1d70 x14:0000002c
20587991ns          348418 1c008c6c f0f4aa23 sw               x15, -236(x9)       x15:fffd1d9c  x9:10001004  PA:10000f18
20588429ns          348440 1c008c70 9184a783 lw               x15, -1768(x9)      x15=fffcffb4  x9:10001004  PA:1000091c
20588469ns          348442 1c008c74 31842703 lw               x14, 792(x8)        x14=0000002b  x8:10000004  PA:1000031c
20588508ns          348444 1c008c78 00e787b3 add              x15, x15, x14       x15=fffcffdf x15:fffcffb4 x14:0000002b
20588528ns          348445 1c008c7a f0f4ac23 sw               x15, -232(x9)       x15:fffcffdf  x9:10001004  PA:10000f1c
20588966ns          348467 1c008c7e 91c4a783 lw               x15, -1764(x9)      x15=fffce1f8  x9:10001004  PA:10000920
20589006ns          348469 1c008c82 31c42703 lw               x14, 796(x8)        x14=0000002a  x8:10000004  PA:10000320
20589045ns          348471 1c008c86 00e787b3 add              x15, x15, x14       x15=fffce222 x15:fffce1f8 x14:0000002a
20589065ns          348472 1c008c88 f0f4ae23 sw               x15, -228(x9)       x15:fffce222  x9:10001004  PA:10000f20
20589085ns          348473 1c008c8c 9204a783 lw               x15, -1760(x9)      x15=fff8dbdc  x9:10001004  PA:10000924
20589503ns          348494 1c008c90 32042703 lw               x14, 800(x8)        x14=00000029  x8:10000004  PA:10000324
20589543ns          348496 1c008c94 00e787b3 add              x15, x15, x14       x15=fff8dc05 x15:fff8dbdc x14:00000029
20589563ns          348497 1c008c96 f2f4a023 sw               x15, -224(x9)       x15:fff8dc05  x9:10001004  PA:10000f24
20589582ns          348498 1c008c9a 9244a783 lw               x15, -1756(x9)      x15=fff88160  x9:10001004  PA:10000928
20590040ns          348521 1c008c9e 32442703 lw               x14, 804(x8)        x14=00000028  x8:10000004  PA:10000328
20590080ns          348523 1c008ca2 00e787b3 add              x15, x15, x14       x15=fff88188 x15:fff88160 x14:00000028
20590100ns          348524 1c008ca4 f2f4a223 sw               x15, -220(x9)       x15:fff88188  x9:10001004  PA:10000f28
20590119ns          348525 1c008ca8 9284a783 lw               x15, -1752(x9)      x15=fff826e4  x9:10001004  PA:1000092c
20590139ns          348526 1c008cac 32842703 lw               x14, 808(x8)        x14=00000027  x8:10000004  PA:1000032c
20590577ns          348548 1c008cb0 00e787b3 add              x15, x15, x14       x15=fff8270b x15:fff826e4 x14:00000027
20590617ns          348550 1c008cb2 f2f4a423 sw               x15, -216(x9)       x15:fff8270b  x9:10001004  PA:10000f2c
20590637ns          348551 1c008cb6 92c4a783 lw               x15, -1748(x9)      x15=fff7cc68  x9:10001004  PA:10000930
20590657ns          348552 1c008cba 32c42703 lw               x14, 812(x8)        x14=00000026  x8:10000004  PA:10000330
20590696ns          348554 1c008cbe 00e787b3 add              x15, x15, x14       x15=fff7cc8e x15:fff7cc68 x14:00000026
20591134ns          348576 1c008cc0 f2f4a623 sw               x15, -212(x9)       x15:fff7cc8e  x9:10001004  PA:10000f30
20591174ns          348578 1c008cc4 9304a783 lw               x15, -1744(x9)      x15=fff771ec  x9:10001004  PA:10000934
20591194ns          348579 1c008cc8 33042703 lw               x14, 816(x8)        x14=00000025  x8:10000004  PA:10000334
20591233ns          348581 1c008ccc 00e787b3 add              x15, x15, x14       x15=fff77211 x15:fff771ec x14:00000025
20591671ns          348603 1c008cce f2f4a823 sw               x15, -208(x9)       x15:fff77211  x9:10001004  PA:10000f34
20591711ns          348605 1c008cd2 9344a783 lw               x15, -1740(x9)      x15=fff71770  x9:10001004  PA:10000938
20591731ns          348606 1c008cd6 33442703 lw               x14, 820(x8)        x14=00000024  x8:10000004  PA:10000338
20591770ns          348608 1c008cda 00e787b3 add              x15, x15, x14       x15=fff71794 x15:fff71770 x14:00000024
20591790ns          348609 1c008cdc f2f4aa23 sw               x15, -204(x9)       x15:fff71794  x9:10001004  PA:10000f38
20592208ns          348630 1c008ce0 9384a783 lw               x15, -1736(x9)      x15=fff6bcf4  x9:10001004  PA:1000093c
20592248ns          348632 1c008ce4 33842703 lw               x14, 824(x8)        x14=00000023  x8:10000004  PA:1000033c
20592288ns          348634 1c008ce8 00e787b3 add              x15, x15, x14       x15=fff6bd17 x15:fff6bcf4 x14:00000023
20592307ns          348635 1c008cea f2f4ac23 sw               x15, -200(x9)       x15:fff6bd17  x9:10001004  PA:10000f3c
20592745ns          348657 1c008cee 93c4a783 lw               x15, -1732(x9)      x15=fff66278  x9:10001004  PA:10000940
20592785ns          348659 1c008cf2 33c42703 lw               x14, 828(x8)        x14=00000022  x8:10000004  PA:10000340
20592825ns          348661 1c008cf6 00e787b3 add              x15, x15, x14       x15=fff6629a x15:fff66278 x14:00000022
20592844ns          348662 1c008cf8 f2f4ae23 sw               x15, -196(x9)       x15:fff6629a  x9:10001004  PA:10000f40
20592864ns          348663 1c008cfc 9404a783 lw               x15, -1728(x9)      x15=fff4059c  x9:10001004  PA:10000944
20593282ns          348684 1c008d00 34042703 lw               x14, 832(x8)        x14=00000021  x8:10000004  PA:10000344
20593322ns          348686 1c008d04 00e787b3 add              x15, x15, x14       x15=fff405bd x15:fff4059c x14:00000021
20593342ns          348687 1c008d06 f4f4a023 sw               x15, -192(x9)       x15:fff405bd  x9:10001004  PA:10000f44
20593362ns          348688 1c008d0a 9444a783 lw               x15, -1724(x9)      x15=fff36e60  x9:10001004  PA:10000948
20593839ns          348712 1c008d0e 34442703 lw               x14, 836(x8)        x14=00000020  x8:10000004  PA:10000348
20593879ns          348714 1c008d12 00e787b3 add              x15, x15, x14       x15=fff36e80 x15:fff36e60 x14:00000020
20593899ns          348715 1c008d14 f4f4a223 sw               x15, -188(x9)       x15:fff36e80  x9:10001004  PA:10000f48
20593919ns          348716 1c008d18 9484a783 lw               x15, -1720(x9)      x15=fff2d724  x9:10001004  PA:1000094c
20593938ns          348717 1c008d1c 34842703 lw               x14, 840(x8)        x14=0000001f  x8:10000004  PA:1000034c
20594376ns          348739 1c008d20 00e787b3 add              x15, x15, x14       x15=fff2d743 x15:fff2d724 x14:0000001f
20594416ns          348741 1c008d22 f4f4a423 sw               x15, -184(x9)       x15:fff2d743  x9:10001004  PA:10000f4c
20594436ns          348742 1c008d26 94c4a783 lw               x15, -1716(x9)      x15=fff23fe8  x9:10001004  PA:10000950
20594456ns          348743 1c008d2a 34c42703 lw               x14, 844(x8)        x14=0000001e  x8:10000004  PA:10000350
20594495ns          348745 1c008d2e 00e787b3 add              x15, x15, x14       x15=fff24006 x15:fff23fe8 x14:0000001e
20594913ns          348766 1c008d30 f4f4a623 sw               x15, -180(x9)       x15:fff24006  x9:10001004  PA:10000f50
20594953ns          348768 1c008d34 9504a783 lw               x15, -1712(x9)      x15=fff1a8ac  x9:10001004  PA:10000954
20594973ns          348769 1c008d38 35042703 lw               x14, 848(x8)        x14=0000001d  x8:10000004  PA:10000354
20595013ns          348771 1c008d3c 00e787b3 add              x15, x15, x14       x15=fff1a8c9 x15:fff1a8ac x14:0000001d
20595450ns          348793 1c008d3e f4f4a823 sw               x15, -176(x9)       x15:fff1a8c9  x9:10001004  PA:10000f54
20595490ns          348795 1c008d42 9544a783 lw               x15, -1708(x9)      x15=fff11170  x9:10001004  PA:10000958
20595510ns          348796 1c008d46 35442703 lw               x14, 852(x8)        x14=0000001c  x8:10000004  PA:10000358
20595550ns          348798 1c008d4a 00e787b3 add              x15, x15, x14       x15=fff1118c x15:fff11170 x14:0000001c
20595570ns          348799 1c008d4c f4f4aa23 sw               x15, -172(x9)       x15:fff1118c  x9:10001004  PA:10000f58
20595987ns          348820 1c008d50 9584a783 lw               x15, -1704(x9)      x15=fff07a34  x9:10001004  PA:1000095c
20596027ns          348822 1c008d54 35842703 lw               x14, 856(x8)        x14=0000001b  x8:10000004  PA:1000035c
20596067ns          348824 1c008d58 00e787b3 add              x15, x15, x14       x15=fff07a4f x15:fff07a34 x14:0000001b
20596087ns          348825 1c008d5a f4f4ac23 sw               x15, -168(x9)       x15:fff07a4f  x9:10001004  PA:10000f5c
20596544ns          348848 1c008d5e 95c4a783 lw               x15, -1700(x9)      x15=ffefe2f8  x9:10001004  PA:10000960
20596584ns          348850 1c008d62 35c42703 lw               x14, 860(x8)        x14=0000001a  x8:10000004  PA:10000360
20596624ns          348852 1c008d66 00e787b3 add              x15, x15, x14       x15=ffefe312 x15:ffefe2f8 x14:0000001a
20596644ns          348853 1c008d68 f4f4ae23 sw               x15, -164(x9)       x15:ffefe312  x9:10001004  PA:10000f60
20596664ns          348854 1c008d6c 9604a783 lw               x15, -1696(x9)      x15=ffef2f5c  x9:10001004  PA:10000964
20597081ns          348875 1c008d70 36042703 lw               x14, 864(x8)        x14=00000019  x8:10000004  PA:10000364
20597121ns          348877 1c008d74 00e787b3 add              x15, x15, x14       x15=ffef2f75 x15:ffef2f5c x14:00000019
20597141ns          348878 1c008d76 f6f4a023 sw               x15, -160(x9)       x15:ffef2f75  x9:10001004  PA:10000f64
20597161ns          348879 1c008d7a 9644a783 lw               x15, -1692(x9)      x15=ffee5b60  x9:10001004  PA:10000968
20597638ns          348903 1c008d7e 36442703 lw               x14, 868(x8)        x14=00000018  x8:10000004  PA:10000368
20597678ns          348905 1c008d82 00e787b3 add              x15, x15, x14       x15=ffee5b78 x15:ffee5b60 x14:00000018
20597698ns          348906 1c008d84 f6f4a223 sw               x15, -156(x9)       x15:ffee5b78  x9:10001004  PA:10000f68
20597718ns          348907 1c008d88 9684a783 lw               x15, -1688(x9)      x15=ffed8764  x9:10001004  PA:1000096c
20597738ns          348908 1c008d8c 36842703 lw               x14, 872(x8)        x14=00000017  x8:10000004  PA:1000036c
20598175ns          348930 1c008d90 00e787b3 add              x15, x15, x14       x15=ffed877b x15:ffed8764 x14:00000017
20598215ns          348932 1c008d92 f6f4a423 sw               x15, -152(x9)       x15:ffed877b  x9:10001004  PA:10000f6c
20598235ns          348933 1c008d96 96c4a783 lw               x15, -1684(x9)      x15=ffecb368  x9:10001004  PA:10000970
20598255ns          348934 1c008d9a 36c42703 lw               x14, 876(x8)        x14=00000016  x8:10000004  PA:10000370
20598295ns          348936 1c008d9e 00e787b3 add              x15, x15, x14       x15=ffecb37e x15:ffecb368 x14:00000016
20598712ns          348957 1c008da0 f6f4a623 sw               x15, -148(x9)       x15:ffecb37e  x9:10001004  PA:10000f70
20598752ns          348959 1c008da4 9704a783 lw               x15, -1680(x9)      x15=ffebdf6c  x9:10001004  PA:10000974
20598772ns          348960 1c008da8 37042703 lw               x14, 880(x8)        x14=00000015  x8:10000004  PA:10000374
20598812ns          348962 1c008dac 00e787b3 add              x15, x15, x14       x15=ffebdf81 x15:ffebdf6c x14:00000015
20599269ns          348985 1c008dae f6f4a823 sw               x15, -144(x9)       x15:ffebdf81  x9:10001004  PA:10000f74
20599309ns          348987 1c008db2 9744a783 lw               x15, -1676(x9)      x15=ffeb0b70  x9:10001004  PA:10000978
20599329ns          348988 1c008db6 37442703 lw               x14, 884(x8)        x14=00000014  x8:10000004  PA:10000378
20599369ns          348990 1c008dba 00e787b3 add              x15, x15, x14       x15=ffeb0b84 x15:ffeb0b70 x14:00000014
20599389ns          348991 1c008dbc f6f4aa23 sw               x15, -140(x9)       x15:ffeb0b84  x9:10001004  PA:10000f78
20599806ns          349012 1c008dc0 9784a783 lw               x15, -1672(x9)      x15=ffea3774  x9:10001004  PA:1000097c
20599846ns          349014 1c008dc4 37842703 lw               x14, 888(x8)        x14=00000013  x8:10000004  PA:1000037c
20599886ns          349016 1c008dc8 00e787b3 add              x15, x15, x14       x15=ffea3787 x15:ffea3774 x14:00000013
20599906ns          349017 1c008dca f6f4ac23 sw               x15, -136(x9)       x15:ffea3787  x9:10001004  PA:10000f7c
20600363ns          349040 1c008dce 97c4a783 lw               x15, -1668(x9)      x15=ffe96378  x9:10001004  PA:10000980
20600403ns          349042 1c008dd2 37c42703 lw               x14, 892(x8)        x14=00000012  x8:10000004  PA:10000380
20600443ns          349044 1c008dd6 00e787b3 add              x15, x15, x14       x15=ffe9638a x15:ffe96378 x14:00000012
20600463ns          349045 1c008dd8 f6f4ae23 sw               x15, -132(x9)       x15:ffe9638a  x9:10001004  PA:10000f80
20600483ns          349046 1c008ddc 9804a783 lw               x15, -1664(x9)      x15=ffea591c  x9:10001004  PA:10000984
20600900ns          349067 1c008de0 38042703 lw               x14, 896(x8)        x14=00000011  x8:10000004  PA:10000384
20600940ns          349069 1c008de4 00e787b3 add              x15, x15, x14       x15=ffea592d x15:ffea591c x14:00000011
20600960ns          349070 1c008de6 f8f4a023 sw               x15, -128(x9)       x15:ffea592d  x9:10001004  PA:10000f84
20600980ns          349071 1c008dea 9844a783 lw               x15, -1660(x9)      x15=ffe94860  x9:10001004  PA:10000988
20601437ns          349094 1c008dee 38442703 lw               x14, 900(x8)        x14=00000010  x8:10000004  PA:10000388
20601477ns          349096 1c008df2 00e787b3 add              x15, x15, x14       x15=ffe94870 x15:ffe94860 x14:00000010
20601497ns          349097 1c008df4 f8f4a223 sw               x15, -124(x9)       x15:ffe94870  x9:10001004  PA:10000f88
20601517ns          349098 1c008df8 9884a783 lw               x15, -1656(x9)      x15=ffe837a4  x9:10001004  PA:1000098c
20601537ns          349099 1c008dfc 38842703 lw               x14, 904(x8)        x14=0000000f  x8:10000004  PA:1000038c
20601974ns          349121 1c008e00 00e787b3 add              x15, x15, x14       x15=ffe837b3 x15:ffe837a4 x14:0000000f
20602014ns          349123 1c008e02 f8f4a423 sw               x15, -120(x9)       x15:ffe837b3  x9:10001004  PA:10000f8c
20602034ns          349124 1c008e06 98c4a783 lw               x15, -1652(x9)      x15=ffe726e8  x9:10001004  PA:10000990
20602054ns          349125 1c008e0a 38c42703 lw               x14, 908(x8)        x14=0000000e  x8:10000004  PA:10000390
20602094ns          349127 1c008e0e 00e787b3 add              x15, x15, x14       x15=ffe726f6 x15:ffe726e8 x14:0000000e
20602511ns          349148 1c008e10 f8f4a623 sw               x15, -116(x9)       x15:ffe726f6  x9:10001004  PA:10000f90
20602551ns          349150 1c008e14 9904a783 lw               x15, -1648(x9)      x15=ffe6162c  x9:10001004  PA:10000994
20602571ns          349151 1c008e18 39042703 lw               x14, 912(x8)        x14=0000000d  x8:10000004  PA:10000394
20602611ns          349153 1c008e1c 00e787b3 add              x15, x15, x14       x15=ffe61639 x15:ffe6162c x14:0000000d
20603068ns          349176 1c008e1e f8f4a823 sw               x15, -112(x9)       x15:ffe61639  x9:10001004  PA:10000f94
20603108ns          349178 1c008e22 9944a783 lw               x15, -1644(x9)      x15=ffe50570  x9:10001004  PA:10000998
20603128ns          349179 1c008e26 39442703 lw               x14, 916(x8)        x14=0000000c  x8:10000004  PA:10000398
20603168ns          349181 1c008e2a 00e787b3 add              x15, x15, x14       x15=ffe5057c x15:ffe50570 x14:0000000c
20603188ns          349182 1c008e2c f8f4aa23 sw               x15, -108(x9)       x15:ffe5057c  x9:10001004  PA:10000f98
20603605ns          349203 1c008e30 9984a783 lw               x15, -1640(x9)      x15=ffe3f4b4  x9:10001004  PA:1000099c
20603645ns          349205 1c008e34 39842703 lw               x14, 920(x8)        x14=0000000b  x8:10000004  PA:1000039c
20603685ns          349207 1c008e38 00e787b3 add              x15, x15, x14       x15=ffe3f4bf x15:ffe3f4b4 x14:0000000b
20603705ns          349208 1c008e3a f8f4ac23 sw               x15, -104(x9)       x15:ffe3f4bf  x9:10001004  PA:10000f9c
20604142ns          349230 1c008e3e 99c4a783 lw               x15, -1636(x9)      x15=ffe2e3f8  x9:10001004  PA:100009a0
20604182ns          349232 1c008e42 39c42703 lw               x14, 924(x8)        x14=0000000a  x8:10000004  PA:100003a0
20604222ns          349234 1c008e46 00e787b3 add              x15, x15, x14       x15=ffe2e402 x15:ffe2e3f8 x14:0000000a
20604242ns          349235 1c008e48 f8f4ae23 sw               x15, -100(x9)       x15:ffe2e402  x9:10001004  PA:10000fa0
20604262ns          349236 1c008e4c 9a04a783 lw               x15, -1632(x9)      x15=ffe582dc  x9:10001004  PA:100009a4
20604679ns          349257 1c008e50 3a042703 lw               x14, 928(x8)        x14=00000009  x8:10000004  PA:100003a4
20604719ns          349259 1c008e54 00e787b3 add              x15, x15, x14       x15=ffe582e5 x15:ffe582dc x14:00000009
20604739ns          349260 1c008e56 faf4a023 sw               x15, -96(x9)        x15:ffe582e5  x9:10001004  PA:10000fa4
20604759ns          349261 1c008e5a 9a44a783 lw               x15, -1628(x9)      x15=ffe43560  x9:10001004  PA:100009a8
20605217ns          349284 1c008e5e 3a442703 lw               x14, 932(x8)        x14=00000008  x8:10000004  PA:100003a8
20605256ns          349286 1c008e62 00e787b3 add              x15, x15, x14       x15=ffe43568 x15:ffe43560 x14:00000008
20605276ns          349287 1c008e64 faf4a223 sw               x15, -92(x9)        x15:ffe43568  x9:10001004  PA:10000fa8
20605296ns          349288 1c008e68 9a84a783 lw               x15, -1624(x9)      x15=ffe2e7e4  x9:10001004  PA:100009ac
20605316ns          349289 1c008e6c 3a842703 lw               x14, 936(x8)        x14=00000007  x8:10000004  PA:100003ac
20605773ns          349312 1c008e70 00e787b3 add              x15, x15, x14       x15=ffe2e7eb x15:ffe2e7e4 x14:00000007
20605813ns          349314 1c008e72 faf4a423 sw               x15, -88(x9)        x15:ffe2e7eb  x9:10001004  PA:10000fac
20605833ns          349315 1c008e76 9ac4a783 lw               x15, -1620(x9)      x15=ffe19a68  x9:10001004  PA:100009b0
20605853ns          349316 1c008e7a 3ac42703 lw               x14, 940(x8)        x14=00000006  x8:10000004  PA:100003b0
20605893ns          349318 1c008e7e 00e787b3 add              x15, x15, x14       x15=ffe19a6e x15:ffe19a68 x14:00000006
20606311ns          349339 1c008e80 faf4a623 sw               x15, -84(x9)        x15:ffe19a6e  x9:10001004  PA:10000fb0
20606350ns          349341 1c008e84 9b04a783 lw               x15, -1616(x9)      x15=ffe04cec  x9:10001004  PA:100009b4
20606370ns          349342 1c008e88 3b042703 lw               x14, 944(x8)        x14=00000005  x8:10000004  PA:100003b4
20606410ns          349344 1c008e8c 00e787b3 add              x15, x15, x14       x15=ffe04cf1 x15:ffe04cec x14:00000005
20606848ns          349366 1c008e8e faf4a823 sw               x15, -80(x9)        x15:ffe04cf1  x9:10001004  PA:10000fb4
20606887ns          349368 1c008e92 9b44a783 lw               x15, -1612(x9)      x15=ffdeff70  x9:10001004  PA:100009b8
20606907ns          349369 1c008e96 3b442703 lw               x14, 948(x8)        x14=00000004  x8:10000004  PA:100003b8
20606947ns          349371 1c008e9a 00e787b3 add              x15, x15, x14       x15=ffdeff74 x15:ffdeff70 x14:00000004
20606967ns          349372 1c008e9c faf4aa23 sw               x15, -76(x9)        x15:ffdeff74  x9:10001004  PA:10000fb8
20607385ns          349393 1c008ea0 9b84a783 lw               x15, -1608(x9)      x15=ffddb1f4  x9:10001004  PA:100009bc
20607424ns          349395 1c008ea4 3b842703 lw               x14, 952(x8)        x14=00000003  x8:10000004  PA:100003bc
20607464ns          349397 1c008ea8 00e787b3 add              x15, x15, x14       x15=ffddb1f7 x15:ffddb1f4 x14:00000003
20607484ns          349398 1c008eaa faf4ac23 sw               x15, -72(x9)        x15:ffddb1f7  x9:10001004  PA:10000fbc
20607922ns          349420 1c008eae 9bc4a783 lw               x15, -1604(x9)      x15=ffdc6478  x9:10001004  PA:100009c0
20607961ns          349422 1c008eb2 3bc42703 lw               x14, 956(x8)        x14=00000002  x8:10000004  PA:100003c0
20608001ns          349424 1c008eb6 00e787b3 add              x15, x15, x14       x15=ffdc647a x15:ffdc6478 x14:00000002
20608021ns          349425 1c008eb8 faf4ae23 sw               x15, -68(x9)        x15:ffdc647a  x9:10001004  PA:10000fc0
20608041ns          349426 1c008ebc 9c04a783 lw               x15, -1600(x9)      x15=ffe0ac9c  x9:10001004  PA:100009c4
20608479ns          349448 1c008ec0 3c042703 lw               x14, 960(x8)        x14=00000001  x8:10000004  PA:100003c4
20608518ns          349450 1c008ec4 00e787b3 add              x15, x15, x14       x15=ffe0ac9d x15:ffe0ac9c x14:00000001
20608538ns          349451 1c008ec6 fcf4a023 sw               x15, -64(x9)        x15:ffe0ac9d  x9:10001004  PA:10000fc4
20608558ns          349452 1c008eca 9c44a783 lw               x15, -1596(x9)      x15=ffdf2260  x9:10001004  PA:100009c8
20609016ns          349475 1c008ece 3c442703 lw               x14, 964(x8)        x14=00000000  x8:10000004  PA:100003c8
20609055ns          349477 1c008ed2 00e787b3 add              x15, x15, x14       x15=ffdf2260 x15:ffdf2260 x14:00000000
20609075ns          349478 1c008ed4 fcf4a223 sw               x15, -60(x9)        x15:ffdf2260  x9:10001004  PA:10000fc8
20609095ns          349479 1c008ed8 9c84a783 lw               x15, -1592(x9)      x15=ffdd9824  x9:10001004  PA:100009cc
20609115ns          349480 1c008edc 3c842703 lw               x14, 968(x8)        x14=ffffffff  x8:10000004  PA:100003cc
20609553ns          349502 1c008ee0 00e787b3 add              x15, x15, x14       x15=ffdd9823 x15:ffdd9824 x14:ffffffff
20609593ns          349504 1c008ee2 fcf4a423 sw               x15, -56(x9)        x15:ffdd9823  x9:10001004  PA:10000fcc
20609612ns          349505 1c008ee6 9cc4a783 lw               x15, -1588(x9)      x15=ffdc0de8  x9:10001004  PA:100009d0
20609632ns          349506 1c008eea 3cc42703 lw               x14, 972(x8)        x14=fffffffe  x8:10000004  PA:100003d0
20609672ns          349508 1c008eee 00e787b3 add              x15, x15, x14       x15=ffdc0de6 x15:ffdc0de8 x14:fffffffe
20610090ns          349529 1c008ef0 fcf4a623 sw               x15, -52(x9)        x15:ffdc0de6  x9:10001004  PA:10000fd0
20610130ns          349531 1c008ef4 9d04a783 lw               x15, -1584(x9)      x15=ffda83ac  x9:10001004  PA:100009d4
20610149ns          349532 1c008ef8 3d042703 lw               x14, 976(x8)        x14=fffffffd  x8:10000004  PA:100003d4
20610189ns          349534 1c008efc 00e787b3 add              x15, x15, x14       x15=ffda83a9 x15:ffda83ac x14:fffffffd
20610627ns          349556 1c008efe fcf4a823 sw               x15, -48(x9)        x15:ffda83a9  x9:10001004  PA:10000fd4
20610667ns          349558 1c008f02 9d44a783 lw               x15, -1580(x9)      x15=ffd8f970  x9:10001004  PA:100009d8
20610687ns          349559 1c008f06 3d442703 lw               x14, 980(x8)        x14=fffffffc  x8:10000004  PA:100003d8
20610726ns          349561 1c008f0a 00e787b3 add              x15, x15, x14       x15=ffd8f96c x15:ffd8f970 x14:fffffffc
20610746ns          349562 1c008f0c fcf4aa23 sw               x15, -44(x9)        x15:ffd8f96c  x9:10001004  PA:10000fd8
20611184ns          349584 1c008f10 9d84a783 lw               x15, -1576(x9)      x15=ffd76f34  x9:10001004  PA:100009dc
20611224ns          349586 1c008f14 3d842703 lw               x14, 984(x8)        x14=fffffffb  x8:10000004  PA:100003dc
20611263ns          349588 1c008f18 00e787b3 add              x15, x15, x14       x15=ffd76f2f x15:ffd76f34 x14:fffffffb
20611283ns          349589 1c008f1a fcf4ac23 sw               x15, -40(x9)        x15:ffd76f2f  x9:10001004  PA:10000fdc
20611721ns          349611 1c008f1e 9dc4a783 lw               x15, -1572(x9)      x15=ffd5e4f8  x9:10001004  PA:100009e0
20611761ns          349613 1c008f22 3dc42703 lw               x14, 988(x8)        x14=fffffffa  x8:10000004  PA:100003e0
20611800ns          349615 1c008f26 00e787b3 add              x15, x15, x14       x15=ffd5e4f2 x15:ffd5e4f8 x14:fffffffa
20611820ns          349616 1c008f28 fcf4ae23 sw               x15, -36(x9)        x15:ffd5e4f2  x9:10001004  PA:10000fe0
20611840ns          349617 1c008f2c 9e04a783 lw               x15, -1568(x9)      x15=ffdbd65c  x9:10001004  PA:100009e4
20612258ns          349638 1c008f30 3e042703 lw               x14, 992(x8)        x14=fffffff9  x8:10000004  PA:100003e4
20612298ns          349640 1c008f34 00e787b3 add              x15, x15, x14       x15=ffdbd655 x15:ffdbd65c x14:fffffff9
20612318ns          349641 1c008f36 fef4a023 sw               x15, -32(x9)        x15:ffdbd655  x9:10001004  PA:10000fe4
20612337ns          349642 1c008f3a 9e44a783 lw               x15, -1564(x9)      x15=ffda0f60  x9:10001004  PA:100009e8
20612795ns          349665 1c008f3e 3e442703 lw               x14, 996(x8)        x14=fffffff8  x8:10000004  PA:100003e8
20612835ns          349667 1c008f42 00e787b3 add              x15, x15, x14       x15=ffda0f58 x15:ffda0f60 x14:fffffff8
20612855ns          349668 1c008f44 fef4a223 sw               x15, -28(x9)        x15:ffda0f58  x9:10001004  PA:10000fe8
20612874ns          349669 1c008f48 9e84a783 lw               x15, -1560(x9)      x15=ffd84864  x9:10001004  PA:100009ec
20612894ns          349670 1c008f4c 3e842703 lw               x14, 1000(x8)       x14=fffffff7  x8:10000004  PA:100003ec
20613332ns          349692 1c008f50 00e787b3 add              x15, x15, x14       x15=ffd8485b x15:ffd84864 x14:fffffff7
20613372ns          349694 1c008f52 fef4a423 sw               x15, -24(x9)        x15:ffd8485b  x9:10001004  PA:10000fec
20613392ns          349695 1c008f56 9ec4a783 lw               x15, -1556(x9)      x15=ffd68168  x9:10001004  PA:100009f0
20613412ns          349696 1c008f5a 3ec42703 lw               x14, 1004(x8)       x14=fffffff6  x8:10000004  PA:100003f0
20613451ns          349698 1c008f5e 00e787b3 add              x15, x15, x14       x15=ffd6815e x15:ffd68168 x14:fffffff6
20613889ns          349720 1c008f60 fef4a623 sw               x15, -20(x9)        x15:ffd6815e  x9:10001004  PA:10000ff0
20613929ns          349722 1c008f64 9f04a783 lw               x15, -1552(x9)      x15=ffd4ba6c  x9:10001004  PA:100009f4
20613949ns          349723 1c008f68 3f042703 lw               x14, 1008(x8)       x14=fffffff5  x8:10000004  PA:100003f4
20613988ns          349725 1c008f6c 00e787b3 add              x15, x15, x14       x15=ffd4ba61 x15:ffd4ba6c x14:fffffff5
20614426ns          349747 1c008f6e fef4a823 sw               x15, -16(x9)        x15:ffd4ba61  x9:10001004  PA:10000ff4
20614466ns          349749 1c008f72 9f44a783 lw               x15, -1548(x9)      x15=ffd2f370  x9:10001004  PA:100009f8
20614486ns          349750 1c008f76 3f442703 lw               x14, 1012(x8)       x14=fffffff4  x8:10000004  PA:100003f8
20614525ns          349752 1c008f7a 00e787b3 add              x15, x15, x14       x15=ffd2f364 x15:ffd2f370 x14:fffffff4
20614545ns          349753 1c008f7c fef4aa23 sw               x15, -12(x9)        x15:ffd2f364  x9:10001004  PA:10000ff8
20614983ns          349775 1c008f80 9f84a783 lw               x15, -1544(x9)      x15=ffd12c74  x9:10001004  PA:100009fc
20615023ns          349777 1c008f84 3f842703 lw               x14, 1016(x8)       x14=fffffff3  x8:10000004  PA:100003fc
20615062ns          349779 1c008f88 00e787b3 add              x15, x15, x14       x15=ffd12c67 x15:ffd12c74 x14:fffffff3
20615082ns          349780 1c008f8a fef4ac23 sw               x15, -8(x9)         x15:ffd12c67  x9:10001004  PA:10000ffc
20615520ns          349802 1c008f8e 9fc4a783 lw               x15, -1540(x9)      x15=ffcf6578  x9:10001004  PA:10000a00
20615560ns          349804 1c008f92 3fc42703 lw               x14, 1020(x8)       x14=fffffff2  x8:10000004  PA:10000400
20615600ns          349806 1c008f96 00e787b3 add              x15, x15, x14       x15=ffcf656a x15:ffcf6578 x14:fffffff2
20615619ns          349807 1c008f98 fef4ae23 sw               x15, -4(x9)         x15:ffcf656a  x9:10001004  PA:10001000
20615639ns          349808 1c008f9c 7800006f jal              x0, 1920           
20616137ns          349833 1c00971c 68f010ef jal              x1, 7822             x1=1c009720
20616654ns          349859 1c00b5aa f14027f3 csrrs            x15, x0, 0xf14      x15=00000000
20616674ns          349860 1c00b5ae 01f00713 addi             x14, x0, 31         x14=0000001f
20616694ns          349861 1c00b5b0 ca5797b3 p.extractu       x15, x15, 5, 5      x15=00000000 x15:00000000
20616713ns          349862 1c00b5b4 00e78863 beq              x15, x14, 16        x15:00000000 x14:0000001f
20616733ns          349863 1c00b5b8 002047b7 lui              x15, 0x204000       x15=00204000
20616753ns          349864 1c00b5bc 20078793 addi             x15, x15, 512       x15=00204200 x15:00204000
20617171ns          349885 1c00b5c0 01c7e703 p.elw            x14, 28(x15)        x14=00010000 x15:00204200  PA:0020421c
20643924ns          351230 1c00b5c4 00008067 jalr             x0, x1, 0            x1:1c009720
20644023ns          351235 1c009720 00300793 addi             x15, x0, 3          x15=00000003
20644063ns          351237 1c009722 5527f963 bgeu             x15, x18, 1362      x15:00000003 x18:00000000
20644501ns          351259 1c009c74 100014b7 lui              x9, 0x10001000       x9=10001000
20644541ns          351261 1c009c78 00448493 addi             x9, x9, 4            x9=10001004  x9:10001000
20644560ns          351262 1c009c7c fb5ff06f jal              x0, -76            
20645117ns          351290 1c009c30 ffefb7b7 lui              x15, 0xffefb000     x15=ffefb000
20645157ns          351292 1c009c34 a0c78793 addi             x15, x15, -1524     x15=ffefaa0c x15:ffefb000
20645177ns          351293 1c009c38 00f12823 sw               x15, 16(x2)         x15:ffefaa0c  x2:10001798  PA:100017a8
20645197ns          351294 1c009c3a fff087b7 lui              x15, 0xfff08000     x15=fff08000
20645257ns          351297 1c009c3e 6c078793 addi             x15, x15, 1728      x15=fff086c0 x15:fff08000
20645277ns          351298 1c009c42 00f12a23 sw               x15, 20(x2)         x15:fff086c0  x2:10001798  PA:100017ac
20645296ns          351299 1c009c44 fff167b7 lui              x15, 0xfff16000     x15=fff16000
20645316ns          351300 1c009c48 37478793 addi             x15, x15, 884       x15=fff16374 x15:fff16000
20645336ns          351301 1c009c4c 00f12c23 sw               x15, 24(x2)         x15:fff16374  x2:10001798  PA:100017b0
20645396ns          351304 1c009c4e fff247b7 lui              x15, 0xfff24000     x15=fff24000
20645436ns          351306 1c009c52 02878793 addi             x15, x15, 40        x15=fff24028 x15:fff24000
20645456ns          351307 1c009c56 00f12e23 sw               x15, 28(x2)         x15:fff24028  x2:10001798  PA:100017b4
20645475ns          351308 1c009c58 00291913 slli             x18, x18, 0x2       x18=00000000 x18:00000000
20645495ns          351309 1c009c5a 02010793 addi             x15, x2, 32         x15=100017b8  x2:10001798
20645515ns          351310 1c009c5c 012484b3 add              x9, x9, x18          x9=10001004  x9:10001004 x18:00000000
20645535ns          351311 1c009c5e 00f90933 add              x18, x18, x15       x18=100017b8 x18:00000000 x15:100017b8
20645754ns          351322 1c009c60 c004a503 lw               x10, -1024(x9)      x10=ffefaa0c  x9:10001004  PA:10000c04
20645794ns          351324 1c009c64 ff092783 lw               x15, -16(x18)       x15=ffefaa0c x18:100017b8  PA:100017a8
20645833ns          351326 1c009c68 40f50533 sub              x10, x10, x15       x10=00000000 x10:ffefaa0c x15:ffefaa0c
20645853ns          351327 1c009c6a 00a03533 sltu             x10, x0, x10        x10=00000000 x10:00000000
20645873ns          351328 1c009c6e 7b4010ef jal              x1, 6068             x1=1c009c72
20646390ns          351354 1c00b422 1c0017b7 lui              x15, 0x1c001000     x15=1c001000
20646410ns          351355 1c00b426 8507a783 lw               x15, -1968(x15)     x15=00000001 x15:1c001000  PA:1c000850
20646828ns          351376 1c00b42a 00079263 bne              x15, x0, 4          x15:00000001
20646908ns          351380 1c00b42e ff010113 addi             x2, x2, -16          x2=10001788  x2:10001798
20646927ns          351381 1c00b430 00812423 sw               x8, 8(x2)            x8:10000004  x2:10001788  PA:10001790
20646947ns          351382 1c00b432 00a00433 add              x8, x0, x10          x8=00000000 x10:00000000
20646967ns          351383 1c00b434 1c000537 lui              x10, 0x1c000000     x10=1c000000
20646987ns          351384 1c00b438 03050513 addi             x10, x10, 48        x10=1c000030 x10:1c000000
20647007ns          351385 1c00b43c 00112623 sw               x1, 12(x2)           x1:1c009c72  x2:10001788  PA:10001794
20647484ns          351409 1c00b43e e89fe0ef jal              x1, -4472            x1=1c00b442
20647902ns          351430 1c00a2c6 fc010113 addi             x2, x2, -64          x2=10001748  x2:10001788
20647942ns          351432 1c00a2c8 02410313 addi             x6, x2, 36           x6=1000176c  x2:10001748
20647962ns          351433 1c00a2cc 02c12423 sw               x12, 40(x2)         x12:0000001f  x2:10001748  PA:10001770
20647982ns          351434 1c00a2ce 00a00633 add              x12, x0, x10        x12=1c000030 x10:1c000030
20648419ns          351456 1c00a2d0 1c00a537 lui              x10, 0x1c00a000     x10=1c00a000
20648459ns          351458 1c00a2d4 02b12223 sw               x11, 36(x2)         x11:00000001  x2:10001748  PA:1000176c
20648479ns          351459 1c00a2d6 02d12623 sw               x13, 44(x2)         x13:10000104  x2:10001748  PA:10001774
20648499ns          351460 1c00a2d8 00200593 addi             x11, x0, 2          x11=00000002
20648519ns          351461 1c00a2da 006006b3 add              x13, x0, x6         x13=1000176c  x6:1000176c
20648539ns          351462 1c00a2dc 28250513 addi             x10, x10, 642       x10=1c00a282 x10:1c00a000
20648936ns          351482 1c00a2e0 00112e23 sw               x1, 28(x2)           x1:1c00b442  x2:10001748  PA:10001764
20648956ns          351483 1c00a2e2 02e12823 sw               x14, 48(x2)         x14:00010000  x2:10001748  PA:10001778
20648976ns          351484 1c00a2e4 02f12a23 sw               x15, 52(x2)         x15:00000001  x2:10001748  PA:1000177c
20648996ns          351485 1c00a2e6 03012c23 sw               x16, 56(x2)         x16:xxxxxxxx  x2:10001748  PA:10001780
20649016ns          351486 1c00a2e8 03112e23 sw               x17, 60(x2)         x17:xxxxxxxx  x2:10001748  PA:10001784
20649036ns          351487 1c00a2ea 00612623 sw               x6, 12(x2)           x6:1000176c  x2:10001748  PA:10001754
20649056ns          351488 1c00a2ec fbfff0ef jal              x1, -66              x1=1c00a2ee
20649911ns          351531 1c00a2aa 04a0006f jal              x0, 74             
20649951ns          351533 1c00a2f4 ed010113 addi             x2, x2, -304         x2=10001618  x2:10001748
20649971ns          351534 1c00a2f6 12812423 sw               x8, 296(x2)          x8:00000000  x2:10001618  PA:10001740
20649991ns          351535 1c00a2fa 00000413 addi             x8, x0, 0            x8=00000000
20650011ns          351536 1c00a2fc 11612823 sw               x22, 272(x2)        x22:xxxxxxxx  x2:10001618  PA:10001728
20650428ns          351557 1c00a300 11712623 sw               x23, 268(x2)        x23:xxxxxxxx  x2:10001618  PA:10001724
20650468ns          351559 1c00a304 11812423 sw               x24, 264(x2)        x24:xxxxxxxx  x2:10001618  PA:10001720
20650488ns          351560 1c00a308 11912223 sw               x25, 260(x2)        x25:xxxxxxxx  x2:10001618  PA:1000171c
20650508ns          351561 1c00a30c 11a12023 sw               x26, 256(x2)        x26:xxxxxxxx  x2:10001618  PA:10001718
20650945ns          351583 1c00a310 0fb12e23 sw               x27, 252(x2)        x27:xxxxxxxx  x2:10001618  PA:10001714
20650985ns          351585 1c00a312 12112623 sw               x1, 300(x2)          x1:1c00a2ee  x2:10001618  PA:10001744
20651005ns          351586 1c00a316 00800db3 add              x27, x0, x8         x27=00000000  x8:00000000
20651025ns          351587 1c00a318 12912223 sw               x9, 292(x2)          x9:10001004  x2:10001618  PA:1000173c
20651045ns          351588 1c00a31c 13212023 sw               x18, 288(x2)        x18:100017b8  x2:10001618  PA:10001738
20651463ns          351609 1c00a320 11312e23 sw               x19, 284(x2)        x19:xxxxxxxx  x2:10001618  PA:10001734
20651502ns          351611 1c00a324 11412c23 sw               x20, 280(x2)        x20:xxxxxxxx  x2:10001618  PA:10001730
20651522ns          351612 1c00a328 11512a23 sw               x21, 276(x2)        x21:xxxxxxxx  x2:10001618  PA:1000172c
20651542ns          351613 1c00a32c 00a00b33 add              x22, x0, x10        x22=1c00a282 x10:1c00a282
20651562ns          351614 1c00a32e 00b00d33 add              x26, x0, x11        x26=00000002 x11:00000002
20651980ns          351635 1c00a330 00d00c33 add              x24, x0, x13        x24=1000176c x13:1000176c
20652019ns          351637 1c00a332 1c000bb7 lui              x23, 0x1c000000     x23=1c000000
20652039ns          351638 1c00a336 02410c93 addi             x25, x2, 36         x25=1000163c  x2:10001618
20652059ns          351639 1c00a33a 00c00433 add              x8, x0, x12          x8=1c000030 x12:1c000030
20652079ns          351640 1c00a33c 00044503 lbu              x10, 0(x8)          x10=0000003d  x8:1c000030  PA:1c000030
20652517ns          351662 1c00a340 00140413 addi             x8, x8, 1            x8=1c000031  x8:1c000030
20652537ns          351663 1c00a342 00050e63 beq              x10, x0, 28         x10:0000003d
20652557ns          351664 1c00a344 02500793 addi             x15, x0, 37         x15=00000025
20652576ns          351665 1c00a348 04f50863 beq              x10, x15, 80        x10:0000003d x15:00000025
20652596ns          351666 1c00a34c 01a005b3 add              x11, x0, x26        x11=00000002 x26:00000002
20652616ns          351667 1c00a34e 000b00e7 jalr             x1, x22, 0           x1=1c00a350 x22:1c00a282
20653491ns          351711 1c00a282 000026b7 lui              x13, 0x2000         x13=00002000
20653531ns          351713 1c00a284 f14027f3 csrrs            x15, x0, 0xf14      x15=00000000
20653551ns          351714 1c00a288 f8068693 addi             x13, x13, -128      x13=00001f80 x13:00002000
20653571ns          351715 1c00a28c 00379713 slli             x14, x15, 0x3       x14=00000000 x15:00000000
20654009ns          351737 1c00a290 00279793 slli             x15, x15, 0x2       x15=00000000 x15:00000000
20654028ns          351738 1c00a292 00d7f7b3 and              x15, x15, x13       x15=00000000 x15:00000000 x13:00001f80
20654048ns          351739 1c00a294 ee873733 p.bclr           x14, x14, 23, 8     x14=00000000 x14:00000000
20654068ns          351740 1c00a298 1a10f6b7 lui              x13, 0x1a10f000     x13=1a10f000
20654088ns          351741 1c00a29c 0ff57513 andi             x10, x10, 255       x10=0000003d x10:0000003d
20654148ns          351744 1c00a2a0 00d70733 add              x14, x14, x13       x14=1a10f000 x14:00000000 x13:1a10f000
20654188ns          351746 1c00a2a2 00a7e723 p.sw             x10, x0(x15)        x10:0000003d x15:00000000  PA:1a10f000
20654625ns          351768 1c00a2a6 00000513 addi             x10, x0, 0          x10=00000000
20654645ns          351769 1c00a2a8 00008067 jalr             x0, x1, 0            x1:1c00a350
20654685ns          351771 1c00a350 31f52563 p.beqimm         x10, 778            x10:00000000
20654705ns          351772 1c00a354 001d8d93 addi             x27, x27, 1         x27=00000001 x27:00000000
20654725ns          351773 1c00a356 00044503 lbu              x10, 0(x8)          x10=0000003d  x8:1c000031  PA:1c000031
20655222ns          351798 1c00a35a 00140413 addi             x8, x8, 1            x8=1c000032  x8:1c000031
20655242ns          351799 1c00a35c fe0514e3 bne              x10, x0, -24        x10:0000003d
20655301ns          351802 1c00a344 02500793 addi             x15, x0, 37         x15=00000025
20655321ns          351803 1c00a348 04f50863 beq              x10, x15, 80        x10:0000003d x15:00000025
20655341ns          351804 1c00a34c 01a005b3 add              x11, x0, x26        x11=00000002 x26:00000002
20655361ns          351805 1c00a34e 000b00e7 jalr             x1, x22, 0           x1=1c00a350 x22:1c00a282
20655401ns          351807 1c00a282 000026b7 lui              x13, 0x2000         x13=00002000
20655421ns          351808 1c00a284 f14027f3 csrrs            x15, x0, 0xf14      x15=00000000
20655441ns          351809 1c00a288 f8068693 addi             x13, x13, -128      x13=00001f80 x13:00002000
20655461ns          351810 1c00a28c 00379713 slli             x14, x15, 0x3       x14=00000000 x15:00000000
20655480ns          351811 1c00a290 00279793 slli             x15, x15, 0x2       x15=00000000 x15:00000000
20655500ns          351812 1c00a292 00d7f7b3 and              x15, x15, x13       x15=00000000 x15:00000000 x13:00001f80
20655520ns          351813 1c00a294 ee873733 p.bclr           x14, x14, 23, 8     x14=00000000 x14:00000000
20655540ns          351814 1c00a298 1a10f6b7 lui              x13, 0x1a10f000     x13=1a10f000
20655560ns          351815 1c00a29c 0ff57513 andi             x10, x10, 255       x10=0000003d x10:0000003d
20655580ns          351816 1c00a2a0 00d70733 add              x14, x14, x13       x14=1a10f000 x14:00000000 x13:1a10f000
20655600ns          351817 1c00a2a2 00a7e723 p.sw             x10, x0(x15)        x10:0000003d x15:00000000  PA:1a10f000
20656018ns          351838 1c00a2a6 00000513 addi             x10, x0, 0          x10=00000000
20656037ns          351839 1c00a2a8 00008067 jalr             x0, x1, 0            x1:1c00a350
20656077ns          351841 1c00a350 31f52563 p.beqimm         x10, 778            x10:00000000
20656097ns          351842 1c00a354 001d8d93 addi             x27, x27, 1         x27=00000002 x27:00000001
20656117ns          351843 1c00a356 00044503 lbu              x10, 0(x8)          x10=0000003d  x8:1c000032  PA:1c000032
20656415ns          351858 1c00a35a 00140413 addi             x8, x8, 1            x8=1c000033  x8:1c000032
20656435ns          351859 1c00a35c fe0514e3 bne              x10, x0, -24        x10:0000003d
20656495ns          351862 1c00a344 02500793 addi             x15, x0, 37         x15=00000025
20656515ns          351863 1c00a348 04f50863 beq              x10, x15, 80        x10:0000003d x15:00000025
20656535ns          351864 1c00a34c 01a005b3 add              x11, x0, x26        x11=00000002 x26:00000002
20656555ns          351865 1c00a34e 000b00e7 jalr             x1, x22, 0           x1=1c00a350 x22:1c00a282
20656594ns          351867 1c00a282 000026b7 lui              x13, 0x2000         x13=00002000
20656614ns          351868 1c00a284 f14027f3 csrrs            x15, x0, 0xf14      x15=00000000
20656634ns          351869 1c00a288 f8068693 addi             x13, x13, -128      x13=00001f80 x13:00002000
20656654ns          351870 1c00a28c 00379713 slli             x14, x15, 0x3       x14=00000000 x15:00000000
20656674ns          351871 1c00a290 00279793 slli             x15, x15, 0x2       x15=00000000 x15:00000000
20656694ns          351872 1c00a292 00d7f7b3 and              x15, x15, x13       x15=00000000 x15:00000000 x13:00001f80
20656714ns          351873 1c00a294 ee873733 p.bclr           x14, x14, 23, 8     x14=00000000 x14:00000000
20656734ns          351874 1c00a298 1a10f6b7 lui              x13, 0x1a10f000     x13=1a10f000
20656753ns          351875 1c00a29c 0ff57513 andi             x10, x10, 255       x10=0000003d x10:0000003d
20656773ns          351876 1c00a2a0 00d70733 add              x14, x14, x13       x14=1a10f000 x14:00000000 x13:1a10f000
20656793ns          351877 1c00a2a2 00a7e723 p.sw             x10, x0(x15)        x10:0000003d x15:00000000  PA:1a10f000
20657131ns          351894 1c00a2a6 00000513 addi             x10, x0, 0          x10=00000000
20657151ns          351895 1c00a2a8 00008067 jalr             x0, x1, 0            x1:1c00a350
20657191ns          351897 1c00a350 31f52563 p.beqimm         x10, 778            x10:00000000
20657211ns          351898 1c00a354 001d8d93 addi             x27, x27, 1         x27=00000003 x27:00000002
20657231ns          351899 1c00a356 00044503 lbu              x10, 0(x8)          x10=0000003d  x8:1c000033  PA:1c000033
20657549ns          351915 1c00a35a 00140413 addi             x8, x8, 1            x8=1c000034  x8:1c000033
20657569ns          351916 1c00a35c fe0514e3 bne              x10, x0, -24        x10:0000003d
20657629ns          351919 1c00a344 02500793 addi             x15, x0, 37         x15=00000025
20657649ns          351920 1c00a348 04f50863 beq              x10, x15, 80        x10:0000003d x15:00000025
20657668ns          351921 1c00a34c 01a005b3 add              x11, x0, x26        x11=00000002 x26:00000002
20657688ns          351922 1c00a34e 000b00e7 jalr             x1, x22, 0           x1=1c00a350 x22:1c00a282
20657728ns          351924 1c00a282 000026b7 lui              x13, 0x2000         x13=00002000
20657748ns          351925 1c00a284 f14027f3 csrrs            x15, x0, 0xf14      x15=00000000
20657768ns          351926 1c00a288 f8068693 addi             x13, x13, -128      x13=00001f80 x13:00002000
20657788ns          351927 1c00a28c 00379713 slli             x14, x15, 0x3       x14=00000000 x15:00000000
20657808ns          351928 1c00a290 00279793 slli             x15, x15, 0x2       x15=00000000 x15:00000000
20657828ns          351929 1c00a292 00d7f7b3 and              x15, x15, x13       x15=00000000 x15:00000000 x13:00001f80
20657847ns          351930 1c00a294 ee873733 p.bclr           x14, x14, 23, 8     x14=00000000 x14:00000000
20657867ns          351931 1c00a298 1a10f6b7 lui              x13, 0x1a10f000     x13=1a10f000
20657887ns          351932 1c00a29c 0ff57513 andi             x10, x10, 255       x10=0000003d x10:0000003d
20657907ns          351933 1c00a2a0 00d70733 add              x14, x14, x13       x14=1a10f000 x14:00000000 x13:1a10f000
20657927ns          351934 1c00a2a2 00a7e723 p.sw             x10, x0(x15)        x10:0000003d x15:00000000  PA:1a10f000
20658245ns          351950 1c00a2a6 00000513 addi             x10, x0, 0          x10=00000000
20658265ns          351951 1c00a2a8 00008067 jalr             x0, x1, 0            x1:1c00a350
20658305ns          351953 1c00a350 31f52563 p.beqimm         x10, 778            x10:00000000
20658325ns          351954 1c00a354 001d8d93 addi             x27, x27, 1         x27=00000004 x27:00000003
20658345ns          351955 1c00a356 00044503 lbu              x10, 0(x8)          x10=00000020  x8:1c000034  PA:1c000034
20658643ns          351970 1c00a35a 00140413 addi             x8, x8, 1            x8=1c000035  x8:1c000034
20658663ns          351971 1c00a35c fe0514e3 bne              x10, x0, -24        x10:00000020
20658723ns          351974 1c00a344 02500793 addi             x15, x0, 37         x15=00000025
20658743ns          351975 1c00a348 04f50863 beq              x10, x15, 80        x10:00000020 x15:00000025
20658762ns          351976 1c00a34c 01a005b3 add              x11, x0, x26        x11=00000002 x26:00000002
20658782ns          351977 1c00a34e 000b00e7 jalr             x1, x22, 0           x1=1c00a350 x22:1c00a282
20658822ns          351979 1c00a282 000026b7 lui              x13, 0x2000         x13=00002000
20658842ns          351980 1c00a284 f14027f3 csrrs            x15, x0, 0xf14      x15=00000000
20658862ns          351981 1c00a288 f8068693 addi             x13, x13, -128      x13=00001f80 x13:00002000
20658882ns          351982 1c00a28c 00379713 slli             x14, x15, 0x3       x14=00000000 x15:00000000
20658902ns          351983 1c00a290 00279793 slli             x15, x15, 0x2       x15=00000000 x15:00000000
20658922ns          351984 1c00a292 00d7f7b3 and              x15, x15, x13       x15=00000000 x15:00000000 x13:00001f80
20658941ns          351985 1c00a294 ee873733 p.bclr           x14, x14, 23, 8     x14=00000000 x14:00000000
20658961ns          351986 1c00a298 1a10f6b7 lui              x13, 0x1a10f000     x13=1a10f000
20658981ns          351987 1c00a29c 0ff57513 andi             x10, x10, 255       x10=00000020 x10:00000020
20659001ns          351988 1c00a2a0 00d70733 add              x14, x14, x13       x14=1a10f000 x14:00000000 x13:1a10f000
20659021ns          351989 1c00a2a2 00a7e723 p.sw             x10, x0(x15)        x10:00000020 x15:00000000  PA:1a10f000
20659359ns          352006 1c00a2a6 00000513 addi             x10, x0, 0          x10=00000000
20659379ns          352007 1c00a2a8 00008067 jalr             x0, x1, 0            x1:1c00a350
20659419ns          352009 1c00a350 31f52563 p.beqimm         x10, 778            x10:00000000
20659439ns          352010 1c00a354 001d8d93 addi             x27, x27, 1         x27=00000005 x27:00000004
20659459ns          352011 1c00a356 00044503 lbu              x10, 0(x8)          x10=00000053  x8:1c000035  PA:1c000035
20659757ns          352026 1c00a35a 00140413 addi             x8, x8, 1            x8=1c000036  x8:1c000035
20659777ns          352027 1c00a35c fe0514e3 bne              x10, x0, -24        x10:00000053
20659837ns          352030 1c00a344 02500793 addi             x15, x0, 37         x15=00000025
20659856ns          352031 1c00a348 04f50863 beq              x10, x15, 80        x10:00000053 x15:00000025
20659876ns          352032 1c00a34c 01a005b3 add              x11, x0, x26        x11=00000002 x26:00000002
20659896ns          352033 1c00a34e 000b00e7 jalr             x1, x22, 0           x1=1c00a350 x22:1c00a282
20659936ns          352035 1c00a282 000026b7 lui              x13, 0x2000         x13=00002000
20659956ns          352036 1c00a284 f14027f3 csrrs            x15, x0, 0xf14      x15=00000000
20659976ns          352037 1c00a288 f8068693 addi             x13, x13, -128      x13=00001f80 x13:00002000
20659996ns          352038 1c00a28c 00379713 slli             x14, x15, 0x3       x14=00000000 x15:00000000
20660016ns          352039 1c00a290 00279793 slli             x15, x15, 0x2       x15=00000000 x15:00000000
20660035ns          352040 1c00a292 00d7f7b3 and              x15, x15, x13       x15=00000000 x15:00000000 x13:00001f80
20660055ns          352041 1c00a294 ee873733 p.bclr           x14, x14, 23, 8     x14=00000000 x14:00000000
20660075ns          352042 1c00a298 1a10f6b7 lui              x13, 0x1a10f000     x13=1a10f000
20660095ns          352043 1c00a29c 0ff57513 andi             x10, x10, 255       x10=00000053 x10:00000053
20660115ns          352044 1c00a2a0 00d70733 add              x14, x14, x13       x14=1a10f000 x14:00000000 x13:1a10f000
20660135ns          352045 1c00a2a2 00a7e723 p.sw             x10, x0(x15)        x10:00000053 x15:00000000  PA:1a10f000
20660493ns          352063 1c00a2a6 00000513 addi             x10, x0, 0          x10=00000000
20660513ns          352064 1c00a2a8 00008067 jalr             x0, x1, 0            x1:1c00a350
20660553ns          352066 1c00a350 31f52563 p.beqimm         x10, 778            x10:00000000
20660573ns          352067 1c00a354 001d8d93 addi             x27, x27, 1         x27=00000006 x27:00000005
20660592ns          352068 1c00a356 00044503 lbu              x10, 0(x8)          x10=00000055  x8:1c000036  PA:1c000036
20660891ns          352083 1c00a35a 00140413 addi             x8, x8, 1            x8=1c000037  x8:1c000036
20660911ns          352084 1c00a35c fe0514e3 bne              x10, x0, -24        x10:00000055
20660970ns          352087 1c00a344 02500793 addi             x15, x0, 37         x15=00000025
20660990ns          352088 1c00a348 04f50863 beq              x10, x15, 80        x10:00000055 x15:00000025
20661010ns          352089 1c00a34c 01a005b3 add              x11, x0, x26        x11=00000002 x26:00000002
20661030ns          352090 1c00a34e 000b00e7 jalr             x1, x22, 0           x1=1c00a350 x22:1c00a282
20661070ns          352092 1c00a282 000026b7 lui              x13, 0x2000         x13=00002000
20661090ns          352093 1c00a284 f14027f3 csrrs            x15, x0, 0xf14      x15=00000000
20661110ns          352094 1c00a288 f8068693 addi             x13, x13, -128      x13=00001f80 x13:00002000
20661129ns          352095 1c00a28c 00379713 slli             x14, x15, 0x3       x14=00000000 x15:00000000
20661149ns          352096 1c00a290 00279793 slli             x15, x15, 0x2       x15=00000000 x15:00000000
20661169ns          352097 1c00a292 00d7f7b3 and              x15, x15, x13       x15=00000000 x15:00000000 x13:00001f80
20661189ns          352098 1c00a294 ee873733 p.bclr           x14, x14, 23, 8     x14=00000000 x14:00000000
20661209ns          352099 1c00a298 1a10f6b7 lui              x13, 0x1a10f000     x13=1a10f000
20661229ns          352100 1c00a29c 0ff57513 andi             x10, x10, 255       x10=00000055 x10:00000055
20661249ns          352101 1c00a2a0 00d70733 add              x14, x14, x13       x14=1a10f000 x14:00000000 x13:1a10f000
20661269ns          352102 1c00a2a2 00a7e723 p.sw             x10, x0(x15)        x10:00000055 x15:00000000  PA:1a10f000
20661607ns          352119 1c00a2a6 00000513 addi             x10, x0, 0          x10=00000000
20661627ns          352120 1c00a2a8 00008067 jalr             x0, x1, 0            x1:1c00a350
20661667ns          352122 1c00a350 31f52563 p.beqimm         x10, 778            x10:00000000
20661686ns          352123 1c00a354 001d8d93 addi             x27, x27, 1         x27=00000007 x27:00000006
20661706ns          352124 1c00a356 00044503 lbu              x10, 0(x8)          x10=0000004d  x8:1c000037  PA:1c000037
20662005ns          352139 1c00a35a 00140413 addi             x8, x8, 1            x8=1c000038  x8:1c000037
20662025ns          352140 1c00a35c fe0514e3 bne              x10, x0, -24        x10:0000004d
20662084ns          352143 1c00a344 02500793 addi             x15, x0, 37         x15=00000025
20662104ns          352144 1c00a348 04f50863 beq              x10, x15, 80        x10:0000004d x15:00000025
20662124ns          352145 1c00a34c 01a005b3 add              x11, x0, x26        x11=00000002 x26:00000002
20662144ns          352146 1c00a34e 000b00e7 jalr             x1, x22, 0           x1=1c00a350 x22:1c00a282
20662184ns          352148 1c00a282 000026b7 lui              x13, 0x2000         x13=00002000
20662204ns          352149 1c00a284 f14027f3 csrrs            x15, x0, 0xf14      x15=00000000
20662223ns          352150 1c00a288 f8068693 addi             x13, x13, -128      x13=00001f80 x13:00002000
20662243ns          352151 1c00a28c 00379713 slli             x14, x15, 0x3       x14=00000000 x15:00000000
20662263ns          352152 1c00a290 00279793 slli             x15, x15, 0x2       x15=00000000 x15:00000000
20662283ns          352153 1c00a292 00d7f7b3 and              x15, x15, x13       x15=00000000 x15:00000000 x13:00001f80
20662303ns          352154 1c00a294 ee873733 p.bclr           x14, x14, 23, 8     x14=00000000 x14:00000000
20662323ns          352155 1c00a298 1a10f6b7 lui              x13, 0x1a10f000     x13=1a10f000
20662343ns          352156 1c00a29c 0ff57513 andi             x10, x10, 255       x10=0000004d x10:0000004d
20662363ns          352157 1c00a2a0 00d70733 add              x14, x14, x13       x14=1a10f000 x14:00000000 x13:1a10f000
20662383ns          352158 1c00a2a2 00a7e723 p.sw             x10, x0(x15)        x10:0000004d x15:00000000  PA:1a10f000
20662701ns          352174 1c00a2a6 00000513 addi             x10, x0, 0          x10=00000000
20662721ns          352175 1c00a2a8 00008067 jalr             x0, x1, 0            x1:1c00a350
20662760ns          352177 1c00a350 31f52563 p.beqimm         x10, 778            x10:00000000
20662780ns          352178 1c00a354 001d8d93 addi             x27, x27, 1         x27=00000008 x27:00000007
20662800ns          352179 1c00a356 00044503 lbu              x10, 0(x8)          x10=0000004d  x8:1c000038  PA:1c000038
20663099ns          352194 1c00a35a 00140413 addi             x8, x8, 1            x8=1c000039  x8:1c000038
20663119ns          352195 1c00a35c fe0514e3 bne              x10, x0, -24        x10:0000004d
20663178ns          352198 1c00a344 02500793 addi             x15, x0, 37         x15=00000025
20663198ns          352199 1c00a348 04f50863 beq              x10, x15, 80        x10:0000004d x15:00000025
20663218ns          352200 1c00a34c 01a005b3 add              x11, x0, x26        x11=00000002 x26:00000002
20663238ns          352201 1c00a34e 000b00e7 jalr             x1, x22, 0           x1=1c00a350 x22:1c00a282
20663278ns          352203 1c00a282 000026b7 lui              x13, 0x2000         x13=00002000
20663298ns          352204 1c00a284 f14027f3 csrrs            x15, x0, 0xf14      x15=00000000
20663317ns          352205 1c00a288 f8068693 addi             x13, x13, -128      x13=00001f80 x13:00002000
20663337ns          352206 1c00a28c 00379713 slli             x14, x15, 0x3       x14=00000000 x15:00000000
20663357ns          352207 1c00a290 00279793 slli             x15, x15, 0x2       x15=00000000 x15:00000000
20663377ns          352208 1c00a292 00d7f7b3 and              x15, x15, x13       x15=00000000 x15:00000000 x13:00001f80
20663397ns          352209 1c00a294 ee873733 p.bclr           x14, x14, 23, 8     x14=00000000 x14:00000000
20663417ns          352210 1c00a298 1a10f6b7 lui              x13, 0x1a10f000     x13=1a10f000
20663437ns          352211 1c00a29c 0ff57513 andi             x10, x10, 255       x10=0000004d x10:0000004d
20663457ns          352212 1c00a2a0 00d70733 add              x14, x14, x13       x14=1a10f000 x14:00000000 x13:1a10f000
20663477ns          352213 1c00a2a2 00a7e723 p.sw             x10, x0(x15)        x10:0000004d x15:00000000  PA:1a10f000
20663795ns          352229 1c00a2a6 00000513 addi             x10, x0, 0          x10=00000000
20663815ns          352230 1c00a2a8 00008067 jalr             x0, x1, 0            x1:1c00a350
20663854ns          352232 1c00a350 31f52563 p.beqimm         x10, 778            x10:00000000
20663874ns          352233 1c00a354 001d8d93 addi             x27, x27, 1         x27=00000009 x27:00000008
20663894ns          352234 1c00a356 00044503 lbu              x10, 0(x8)          x10=00000041  x8:1c000039  PA:1c000039
20664213ns          352250 1c00a35a 00140413 addi             x8, x8, 1            x8=1c00003a  x8:1c000039
20664232ns          352251 1c00a35c fe0514e3 bne              x10, x0, -24        x10:00000041
20664292ns          352254 1c00a344 02500793 addi             x15, x0, 37         x15=00000025
20664312ns          352255 1c00a348 04f50863 beq              x10, x15, 80        x10:00000041 x15:00000025
20664332ns          352256 1c00a34c 01a005b3 add              x11, x0, x26        x11=00000002 x26:00000002
20664352ns          352257 1c00a34e 000b00e7 jalr             x1, x22, 0           x1=1c00a350 x22:1c00a282
20664392ns          352259 1c00a282 000026b7 lui              x13, 0x2000         x13=00002000
20664411ns          352260 1c00a284 f14027f3 csrrs            x15, x0, 0xf14      x15=00000000
20664431ns          352261 1c00a288 f8068693 addi             x13, x13, -128      x13=00001f80 x13:00002000
20664451ns          352262 1c00a28c 00379713 slli             x14, x15, 0x3       x14=00000000 x15:00000000
20664471ns          352263 1c00a290 00279793 slli             x15, x15, 0x2       x15=00000000 x15:00000000
20664491ns          352264 1c00a292 00d7f7b3 and              x15, x15, x13       x15=00000000 x15:00000000 x13:00001f80
20664511ns          352265 1c00a294 ee873733 p.bclr           x14, x14, 23, 8     x14=00000000 x14:00000000
20664531ns          352266 1c00a298 1a10f6b7 lui              x13, 0x1a10f000     x13=1a10f000
20664551ns          352267 1c00a29c 0ff57513 andi             x10, x10, 255       x10=00000041 x10:00000041
20664571ns          352268 1c00a2a0 00d70733 add              x14, x14, x13       x14=1a10f000 x14:00000000 x13:1a10f000
20664590ns          352269 1c00a2a2 00a7e723 p.sw             x10, x0(x15)        x10:00000041 x15:00000000  PA:1a10f000
20664909ns          352285 1c00a2a6 00000513 addi             x10, x0, 0          x10=00000000
20664929ns          352286 1c00a2a8 00008067 jalr             x0, x1, 0            x1:1c00a350
20664968ns          352288 1c00a350 31f52563 p.beqimm         x10, 778            x10:00000000
20664988ns          352289 1c00a354 001d8d93 addi             x27, x27, 1         x27=0000000a x27:00000009
20665008ns          352290 1c00a356 00044503 lbu              x10, 0(x8)          x10=00000052  x8:1c00003a  PA:1c00003a
20665307ns          352305 1c00a35a 00140413 addi             x8, x8, 1            x8=1c00003b  x8:1c00003a
20665326ns          352306 1c00a35c fe0514e3 bne              x10, x0, -24        x10:00000052
20665386ns          352309 1c00a344 02500793 addi             x15, x0, 37         x15=00000025
20665406ns          352310 1c00a348 04f50863 beq              x10, x15, 80        x10:00000052 x15:00000025
20665426ns          352311 1c00a34c 01a005b3 add              x11, x0, x26        x11=00000002 x26:00000002
20665446ns          352312 1c00a34e 000b00e7 jalr             x1, x22, 0           x1=1c00a350 x22:1c00a282
20665486ns          352314 1c00a282 000026b7 lui              x13, 0x2000         x13=00002000
20665505ns          352315 1c00a284 f14027f3 csrrs            x15, x0, 0xf14      x15=00000000
20665525ns          352316 1c00a288 f8068693 addi             x13, x13, -128      x13=00001f80 x13:00002000
20665545ns          352317 1c00a28c 00379713 slli             x14, x15, 0x3       x14=00000000 x15:00000000
20665565ns          352318 1c00a290 00279793 slli             x15, x15, 0x2       x15=00000000 x15:00000000
20665585ns          352319 1c00a292 00d7f7b3 and              x15, x15, x13       x15=00000000 x15:00000000 x13:00001f80
20665605ns          352320 1c00a294 ee873733 p.bclr           x14, x14, 23, 8     x14=00000000 x14:00000000
20665625ns          352321 1c00a298 1a10f6b7 lui              x13, 0x1a10f000     x13=1a10f000
20665645ns          352322 1c00a29c 0ff57513 andi             x10, x10, 255       x10=00000052 x10:00000052
20665665ns          352323 1c00a2a0 00d70733 add              x14, x14, x13       x14=1a10f000 x14:00000000 x13:1a10f000
20665684ns          352324 1c00a2a2 00a7e723 p.sw             x10, x0(x15)        x10:00000052 x15:00000000  PA:1a10f000
20666003ns          352340 1c00a2a6 00000513 addi             x10, x0, 0          x10=00000000
20666023ns          352341 1c00a2a8 00008067 jalr             x0, x1, 0            x1:1c00a350
20666062ns          352343 1c00a350 31f52563 p.beqimm         x10, 778            x10:00000000
20666082ns          352344 1c00a354 001d8d93 addi             x27, x27, 1         x27=0000000b x27:0000000a
20666102ns          352345 1c00a356 00044503 lbu              x10, 0(x8)          x10=00000059  x8:1c00003b  PA:1c00003b
20666401ns          352360 1c00a35a 00140413 addi             x8, x8, 1            x8=1c00003c  x8:1c00003b
20666420ns          352361 1c00a35c fe0514e3 bne              x10, x0, -24        x10:00000059
20666480ns          352364 1c00a344 02500793 addi             x15, x0, 37         x15=00000025
20666500ns          352365 1c00a348 04f50863 beq              x10, x15, 80        x10:00000059 x15:00000025
20666520ns          352366 1c00a34c 01a005b3 add              x11, x0, x26        x11=00000002 x26:00000002
20666540ns          352367 1c00a34e 000b00e7 jalr             x1, x22, 0           x1=1c00a350 x22:1c00a282
20666580ns          352369 1c00a282 000026b7 lui              x13, 0x2000         x13=00002000
20666599ns          352370 1c00a284 f14027f3 csrrs            x15, x0, 0xf14      x15=00000000
20666619ns          352371 1c00a288 f8068693 addi             x13, x13, -128      x13=00001f80 x13:00002000
20666639ns          352372 1c00a28c 00379713 slli             x14, x15, 0x3       x14=00000000 x15:00000000
20666659ns          352373 1c00a290 00279793 slli             x15, x15, 0x2       x15=00000000 x15:00000000
20666679ns          352374 1c00a292 00d7f7b3 and              x15, x15, x13       x15=00000000 x15:00000000 x13:00001f80
20666699ns          352375 1c00a294 ee873733 p.bclr           x14, x14, 23, 8     x14=00000000 x14:00000000
20666719ns          352376 1c00a298 1a10f6b7 lui              x13, 0x1a10f000     x13=1a10f000
20666739ns          352377 1c00a29c 0ff57513 andi             x10, x10, 255       x10=00000059 x10:00000059
20666759ns          352378 1c00a2a0 00d70733 add              x14, x14, x13       x14=1a10f000 x14:00000000 x13:1a10f000
20666778ns          352379 1c00a2a2 00a7e723 p.sw             x10, x0(x15)        x10:00000059 x15:00000000  PA:1a10f000
20667097ns          352395 1c00a2a6 00000513 addi             x10, x0, 0          x10=00000000
20667117ns          352396 1c00a2a8 00008067 jalr             x0, x1, 0            x1:1c00a350
20667156ns          352398 1c00a350 31f52563 p.beqimm         x10, 778            x10:00000000
20667176ns          352399 1c00a354 001d8d93 addi             x27, x27, 1         x27=0000000c x27:0000000b
20667196ns          352400 1c00a356 00044503 lbu              x10, 0(x8)          x10=0000003a  x8:1c00003c  PA:1c00003c
20667494ns          352415 1c00a35a 00140413 addi             x8, x8, 1            x8=1c00003d  x8:1c00003c
20667514ns          352416 1c00a35c fe0514e3 bne              x10, x0, -24        x10:0000003a
20667574ns          352419 1c00a344 02500793 addi             x15, x0, 37         x15=00000025
20667594ns          352420 1c00a348 04f50863 beq              x10, x15, 80        x10:0000003a x15:00000025
20667614ns          352421 1c00a34c 01a005b3 add              x11, x0, x26        x11=00000002 x26:00000002
20667634ns          352422 1c00a34e 000b00e7 jalr             x1, x22, 0           x1=1c00a350 x22:1c00a282
20667674ns          352424 1c00a282 000026b7 lui              x13, 0x2000         x13=00002000
20667693ns          352425 1c00a284 f14027f3 csrrs            x15, x0, 0xf14      x15=00000000
20667713ns          352426 1c00a288 f8068693 addi             x13, x13, -128      x13=00001f80 x13:00002000
20667733ns          352427 1c00a28c 00379713 slli             x14, x15, 0x3       x14=00000000 x15:00000000
20667753ns          352428 1c00a290 00279793 slli             x15, x15, 0x2       x15=00000000 x15:00000000
20667773ns          352429 1c00a292 00d7f7b3 and              x15, x15, x13       x15=00000000 x15:00000000 x13:00001f80
20667793ns          352430 1c00a294 ee873733 p.bclr           x14, x14, 23, 8     x14=00000000 x14:00000000
20667813ns          352431 1c00a298 1a10f6b7 lui              x13, 0x1a10f000     x13=1a10f000
20667833ns          352432 1c00a29c 0ff57513 andi             x10, x10, 255       x10=0000003a x10:0000003a
20667853ns          352433 1c00a2a0 00d70733 add              x14, x14, x13       x14=1a10f000 x14:00000000 x13:1a10f000
20667872ns          352434 1c00a2a2 00a7e723 p.sw             x10, x0(x15)        x10:0000003a x15:00000000  PA:1a10f000
20668211ns          352451 1c00a2a6 00000513 addi             x10, x0, 0          x10=00000000
20668230ns          352452 1c00a2a8 00008067 jalr             x0, x1, 0            x1:1c00a350
20668270ns          352454 1c00a350 31f52563 p.beqimm         x10, 778            x10:00000000
20668290ns          352455 1c00a354 001d8d93 addi             x27, x27, 1         x27=0000000d x27:0000000c
20668310ns          352456 1c00a356 00044503 lbu              x10, 0(x8)          x10=00000020  x8:1c00003d  PA:1c00003d
20668608ns          352471 1c00a35a 00140413 addi             x8, x8, 1            x8=1c00003e  x8:1c00003d
20668628ns          352472 1c00a35c fe0514e3 bne              x10, x0, -24        x10:00000020
20668688ns          352475 1c00a344 02500793 addi             x15, x0, 37         x15=00000025
20668708ns          352476 1c00a348 04f50863 beq              x10, x15, 80        x10:00000020 x15:00000025
20668728ns          352477 1c00a34c 01a005b3 add              x11, x0, x26        x11=00000002 x26:00000002
20668748ns          352478 1c00a34e 000b00e7 jalr             x1, x22, 0           x1=1c00a350 x22:1c00a282
20668787ns          352480 1c00a282 000026b7 lui              x13, 0x2000         x13=00002000
20668807ns          352481 1c00a284 f14027f3 csrrs            x15, x0, 0xf14      x15=00000000
20668827ns          352482 1c00a288 f8068693 addi             x13, x13, -128      x13=00001f80 x13:00002000
20668847ns          352483 1c00a28c 00379713 slli             x14, x15, 0x3       x14=00000000 x15:00000000
20668867ns          352484 1c00a290 00279793 slli             x15, x15, 0x2       x15=00000000 x15:00000000
20668887ns          352485 1c00a292 00d7f7b3 and              x15, x15, x13       x15=00000000 x15:00000000 x13:00001f80
20668907ns          352486 1c00a294 ee873733 p.bclr           x14, x14, 23, 8     x14=00000000 x14:00000000
20668927ns          352487 1c00a298 1a10f6b7 lui              x13, 0x1a10f000     x13=1a10f000
20668947ns          352488 1c00a29c 0ff57513 andi             x10, x10, 255       x10=00000020 x10:00000020
20668966ns          352489 1c00a2a0 00d70733 add              x14, x14, x13       x14=1a10f000 x14:00000000 x13:1a10f000
20668986ns          352490 1c00a2a2 00a7e723 p.sw             x10, x0(x15)        x10:00000020 x15:00000000  PA:1a10f000
20669305ns          352506 1c00a2a6 00000513 addi             x10, x0, 0          x10=00000000
20669324ns          352507 1c00a2a8 00008067 jalr             x0, x1, 0            x1:1c00a350
20669364ns          352509 1c00a350 31f52563 p.beqimm         x10, 778            x10:00000000
20669384ns          352510 1c00a354 001d8d93 addi             x27, x27, 1         x27=0000000e x27:0000000d
20669404ns          352511 1c00a356 00044503 lbu              x10, 0(x8)          x10=00000000  x8:1c00003e  PA:1c00003e
20669702ns          352526 1c00a35a 00140413 addi             x8, x8, 1            x8=1c00003f  x8:1c00003e
20669722ns          352527 1c00a35c fe0514e3 bne              x10, x0, -24        x10:00000000
20669742ns          352528 1c00a35e 01b00433 add              x8, x0, x27          x8=0000000e x27:0000000e
20669762ns          352529 1c00a360 00800533 add              x10, x0, x8         x10=0000000e  x8:0000000e
20669782ns          352530 1c00a362 12c12083 lw               x1, 300(x2)          x1=1c00a2ee  x2:10001618  PA:10001744
20669802ns          352531 1c00a366 12812403 lw               x8, 296(x2)          x8=00000000  x2:10001618  PA:10001740
20669822ns          352532 1c00a36a 12412483 lw               x9, 292(x2)          x9=10001004  x2:10001618  PA:1000173c
20670100ns          352546 1c00a36e 12012903 lw               x18, 288(x2)        x18=100017b8  x2:10001618  PA:10001738
20670140ns          352548 1c00a372 11c12983 lw               x19, 284(x2)        x19=xxxxxxxx  x2:10001618  PA:10001734
20670160ns          352549 1c00a376 11812a03 lw               x20, 280(x2)        x20=xxxxxxxx  x2:10001618  PA:10001730
20670180ns          352550 1c00a37a 11412a83 lw               x21, 276(x2)        x21=xxxxxxxx  x2:10001618  PA:1000172c
20670597ns          352571 1c00a37e 11012b03 lw               x22, 272(x2)        x22=xxxxxxxx  x2:10001618  PA:10001728
20670637ns          352573 1c00a382 10c12b83 lw               x23, 268(x2)        x23=xxxxxxxx  x2:10001618  PA:10001724
20670657ns          352574 1c00a386 10812c03 lw               x24, 264(x2)        x24=xxxxxxxx  x2:10001618  PA:10001720
20670677ns          352575 1c00a38a 10412c83 lw               x25, 260(x2)        x25=xxxxxxxx  x2:10001618  PA:1000171c
20671134ns          352598 1c00a38e 10012d03 lw               x26, 256(x2)        x26=xxxxxxxx  x2:10001618  PA:10001718
20671154ns          352599 1c00a392 0fc12d83 lw               x27, 252(x2)        x27=xxxxxxxx  x2:10001618  PA:10001714
20671174ns          352600 1c00a394 13010113 addi             x2, x2, 304          x2=10001748  x2:10001618
20671194ns          352601 1c00a396 00008067 jalr             x0, x1, 0            x1:1c00a2ee
20671234ns          352603 1c00a2ee 01c12083 lw               x1, 28(x2)           x1=1c00b442  x2:10001748  PA:10001764
20671254ns          352604 1c00a2f0 04010113 addi             x2, x2, 64           x2=10001788  x2:10001748
20671294ns          352606 1c00a2f2 00008067 jalr             x0, x1, 0            x1:1c00b442
20671373ns          352610 1c00b442 00040a63 beq              x8, x0, 20           x8:00000000
20671851ns          352634 1c00b456 00812403 lw               x8, 8(x2)            x8=10000004  x2:10001788  PA:10001790
20671890ns          352636 1c00b458 00c12083 lw               x1, 12(x2)           x1=1c009c72  x2:10001788  PA:10001794
20671910ns          352637 1c00b45a 1c000537 lui              x10, 0x1c000000     x10=1c000000
20672388ns          352661 1c00b45e 04050513 addi             x10, x10, 64        x10=1c000040 x10:1c000000
20672408ns          352662 1c00b462 01010113 addi             x2, x2, 16           x2=10001798  x2:10001788
20672427ns          352663 1c00b464 dcdfe06f jal              x0, -4660          
20672865ns          352685 1c00a230 0015478b p.lbu            x15, 1(x10!)        x15=00000053 x10=1c000041 x10:1c000040  PA:1c000040
20673183ns          352701 1c00a234 02078463 beq              x15, x0, 40         x15:00000053
20673203ns          352702 1c00a236 f14026f3 csrrs            x13, x0, 0xf14      x13=00000000
20673223ns          352703 1c00a23a 00369713 slli             x14, x13, 0x3       x14=00000000 x13:00000000
20673422ns          352713 1c00a23e 1a10f637 lui              x12, 0x1a10f000     x12=1a10f000
20673462ns          352715 1c00a242 ee873733 p.bclr           x14, x14, 23, 8     x14=00000000 x14:00000000
20673482ns          352716 1c00a246 00c70733 add              x14, x14, x12       x14=1a10f000 x14:00000000 x12:1a10f000
20673501ns          352717 1c00a248 00002637 lui              x12, 0x2000         x12=00002000
20673521ns          352718 1c00a24a 00269693 slli             x13, x13, 0x2       x13=00000000 x13:00000000
20673541ns          352719 1c00a24c f8060613 addi             x12, x12, -128      x12=00001f80 x12:00002000
20673919ns          352738 1c00a250 00c6f6b3 and              x13, x13, x12       x13=00000000 x13:00000000 x12:00001f80
20673939ns          352739 1c00a252 00d70733 add              x14, x14, x13       x14=1a10f000 x14:1a10f000 x13:00000000
20673959ns          352740 1c00a254 00f72023 sw               x15, 0(x14)         x15:00000053 x14:1a10f000  PA:1a10f000
20674357ns          352760 1c00a256 0015478b p.lbu            x15, 1(x10!)        x15=00000055 x10=1c000042 x10:1c000041  PA:1c000041
20674675ns          352776 1c00a25a fe079de3 bne              x15, x0, -6         x15:00000055
20674735ns          352779 1c00a254 00f72023 sw               x15, 0(x14)         x15:00000055 x14:1a10f000  PA:1a10f000
20675073ns          352796 1c00a256 0015478b p.lbu            x15, 1(x10!)        x15=00000043 x10=1c000043 x10:1c000042  PA:1c000042
20675391ns          352812 1c00a25a fe079de3 bne              x15, x0, -6         x15:00000043
20675451ns          352815 1c00a254 00f72023 sw               x15, 0(x14)         x15:00000043 x14:1a10f000  PA:1a10f000
20675769ns          352831 1c00a256 0015478b p.lbu            x15, 1(x10!)        x15=00000043 x10=1c000044 x10:1c000043  PA:1c000043
20676087ns          352847 1c00a25a fe079de3 bne              x15, x0, -6         x15:00000043
20676147ns          352850 1c00a254 00f72023 sw               x15, 0(x14)         x15:00000043 x14:1a10f000  PA:1a10f000
20676465ns          352866 1c00a256 0015478b p.lbu            x15, 1(x10!)        x15=00000045 x10=1c000045 x10:1c000044  PA:1c000044
20676783ns          352882 1c00a25a fe079de3 bne              x15, x0, -6         x15:00000045
20676843ns          352885 1c00a254 00f72023 sw               x15, 0(x14)         x15:00000045 x14:1a10f000  PA:1a10f000
20677161ns          352901 1c00a256 0015478b p.lbu            x15, 1(x10!)        x15=00000053 x10=1c000046 x10:1c000045  PA:1c000045
20677480ns          352917 1c00a25a fe079de3 bne              x15, x0, -6         x15:00000053
20677539ns          352920 1c00a254 00f72023 sw               x15, 0(x14)         x15:00000053 x14:1a10f000  PA:1a10f000
20677858ns          352936 1c00a256 0015478b p.lbu            x15, 1(x10!)        x15=00000053 x10=1c000047 x10:1c000046  PA:1c000046
20678176ns          352952 1c00a25a fe079de3 bne              x15, x0, -6         x15:00000053
20678235ns          352955 1c00a254 00f72023 sw               x15, 0(x14)         x15:00000053 x14:1a10f000  PA:1a10f000
20678554ns          352971 1c00a256 0015478b p.lbu            x15, 1(x10!)        x15=00000000 x10=1c000048 x10:1c000047  PA:1c000047
20678892ns          352988 1c00a25a fe079de3 bne              x15, x0, -6         x15:00000000
20678912ns          352989 1c00a25c f14027f3 csrrs            x15, x0, 0xf14      x15=00000000
20678932ns          352990 1c00a260 00379713 slli             x14, x15, 0x3       x14=00000000 x15:00000000
20678952ns          352991 1c00a264 1a10f6b7 lui              x13, 0x1a10f000     x13=1a10f000
20678971ns          352992 1c00a268 ee873733 p.bclr           x14, x14, 23, 8     x14=00000000 x14:00000000
20678991ns          352993 1c00a26c 00d70733 add              x14, x14, x13       x14=1a10f000 x14:00000000 x13:1a10f000
20679011ns          352994 1c00a26e 000026b7 lui              x13, 0x2000         x13=00002000
20679310ns          353009 1c00a270 f8068693 addi             x13, x13, -128      x13=00001f80 x13:00002000
20679349ns          353011 1c00a274 00279793 slli             x15, x15, 0x2       x15=00000000 x15:00000000
20679369ns          353012 1c00a276 00d7f7b3 and              x15, x15, x13       x15=00000000 x15:00000000 x13:00001f80
20679389ns          353013 1c00a278 00a00693 addi             x13, x0, 10         x13=0000000a
20679409ns          353014 1c00a27a 00d767a3 p.sw             x13, x0(x14)        x13:0000000a x14:1a10f000  PA:1a10f000
20679807ns          353034 1c00a27e 00000513 addi             x10, x0, 0          x10=00000000
20679827ns          353035 1c00a280 00008067 jalr             x0, x1, 0            x1:1c009c72
20679906ns          353039 1c009c72 ab5ff06f jal              x0, -1356          
20680324ns          353060 1c009726 05c12083 lw               x1, 92(x2)           x1=1c00b4ba  x2:10001798  PA:100017f4
20680364ns          353062 1c009728 05812403 lw               x8, 88(x2)           x8=xxxxxxxx  x2:10001798  PA:100017f0
20680384ns          353063 1c00972a 05412483 lw               x9, 84(x2)           x9=xxxxxxxx  x2:10001798  PA:100017ec
20680404ns          353064 1c00972c 05012903 lw               x18, 80(x2)         x18=xxxxxxxx  x2:10001798  PA:100017e8
20680423ns          353065 1c00972e 04c12983 lw               x19, 76(x2)         x19=xxxxxxxx  x2:10001798  PA:100017e4
20680821ns          353085 1c009730 04812a03 lw               x20, 72(x2)         x20=xxxxxxxx  x2:10001798  PA:100017e0
20680841ns          353086 1c009732 04412a83 lw               x21, 68(x2)         x21=xxxxxxxx  x2:10001798  PA:100017dc
20680861ns          353087 1c009734 04012b03 lw               x22, 64(x2)         x22=xxxxxxxx  x2:10001798  PA:100017d8
20680881ns          353088 1c009736 03c12b83 lw               x23, 60(x2)         x23=xxxxxxxx  x2:10001798  PA:100017d4
20680901ns          353089 1c009738 03812c03 lw               x24, 56(x2)         x24=xxxxxxxx  x2:10001798  PA:100017d0
20680921ns          353090 1c00973a 03412c83 lw               x25, 52(x2)         x25=xxxxxxxx  x2:10001798  PA:100017cc
20680941ns          353091 1c00973c 03012d03 lw               x26, 48(x2)         x26=xxxxxxxx  x2:10001798  PA:100017c8
20680961ns          353092 1c00973e 02c12d83 lw               x27, 44(x2)         x27=xxxxxxxx  x2:10001798  PA:100017c4
20681338ns          353111 1c009740 00000513 addi             x10, x0, 0          x10=00000000
20681358ns          353112 1c009742 06010113 addi             x2, x2, 96           x2=100017f8  x2:10001798
20681378ns          353113 1c009744 00008067 jalr             x0, x1, 0            x1:1c00b4ba
20681876ns          353138 1c00b4ba f14027f3 csrrs            x15, x0, 0xf14      x15=00000000
20682313ns          353160 1c00b4be f457b7b3 p.bclr           x15, x15, 26, 5     x15=00000000 x15:00000000
20682333ns          353161 1c00b4c2 00079963 bne              x15, x0, 18         x15:00000000
20682353ns          353162 1c00b4c4 1c001737 lui              x14, 0x1c001000     x14=1c001000
20682373ns          353163 1c00b4c8 1c0017b7 lui              x15, 0x1c001000     x15=1c001000
20682393ns          353164 1c00b4cc 84a72e23 sw               x10, -1956(x14)     x10:00000000 x14:1c001000  PA:1c00085c
20682790ns          353184 1c00b4d0 8607a023 sw               x0, -1952(x15)      x15:1c001000  PA:1c000860
20683149ns          353202 1c00b4d4 002047b7 lui              x15, 0x204000       x15=00204000
20683168ns          353203 1c00b4d8 fff00713 addi             x14, x0, -1         x14=ffffffff
20683188ns          353204 1c00b4da 00e7a223 sw               x14, 4(x15)         x14:ffffffff x15:00204000  PA:00204004
