                Time          Cycles PC       Instr    Mnemonic
20391928ns          338561 1c008080 0640006f jal              x0, 100            
20392386ns          338584 1c0080e4 f1402573 csrrs            x10, x0, 0xf14      x10=00000003
20392425ns          338586 1c0080e8 01f57593 andi             x11, x10, 31        x11=00000003 x10:00000003
20392445ns          338587 1c0080ec 00555513 srli             x10, x10, 0x5       x10=00000000 x10:00000003
20392465ns          338588 1c0080ee 01f00613 addi             x12, x0, 31         x12=0000001f
20392903ns          338610 1c0080f0 00c50463 beq              x10, x12, 8         x10:00000000 x12:0000001f
20392942ns          338612 1c0080f4 fa1ff06f jal              x0, -96            
20393400ns          338635 1c008094 f3ff9117 auipc            x2, 0xf3ff9000       x2=10001094
20393440ns          338637 1c008098 f7010113 addi             x2, x2, -144         x2=10001004  x2:10001094
20393460ns          338638 1c00809c 00012103 lw               x2, 0(x2)            x2=10001008  x2:10001004  PA:10001004
20393897ns          338660 1c0080a0 000011b7 lui              x3, 0x1000           x3=00001000
20393937ns          338662 1c0080a4 80018193 addi             x3, x3, -2048        x3=00000800  x3:00001000
20393957ns          338663 1c0080a8 00158593 addi             x11, x11, 1         x11=00000004 x11:00000003
20393977ns          338664 1c0080ac 02b180b3 mul              x1, x3, x11          x1=00002000  x3:00000800 x11:00000004
20394414ns          338686 1c0080b0 00110133 add              x2, x2, x1           x2=10003008  x2:10001008  x1:00002000
20394454ns          338688 1c0080b4 3e00306f jal              x0, 13280          
20394912ns          338711 1c00b494 ff010113 addi             x2, x2, -16          x2=10002ff8  x2:10003008
20394932ns          338712 1c00b496 00112623 sw               x1, 12(x2)           x1:00002000  x2:10002ff8  PA:10003004
20394951ns          338713 1c00b498 002047b7 lui              x15, 0x204000       x15=00204000
20394971ns          338714 1c00b49c 00070737 lui              x14, 0x70000        x14=00070000
20395429ns          338737 1c00b4a0 00e7a423 sw               x14, 8(x15)         x14:00070000 x15:00204000  PA:00204008
20395449ns          338738 1c00b4a2 00f00713 addi             x14, x0, 15         x14=0000000f
20395469ns          338739 1c00b4a4 20078793 addi             x15, x15, 512       x15=00204200 x15:00204000
20395488ns          338740 1c00b4a8 00e7a023 sw               x14, 0(x15)         x14:0000000f x15:00204200  PA:00204200
20395528ns          338742 1c00b4ac 00e7a623 sw               x14, 12(x15)        x14:0000000f x15:00204200  PA:0020420c
20395946ns          338763 1c00b4b0 1c0017b7 lui              x15, 0x1c001000     x15=1c001000
20395986ns          338765 1c00b4b4 88c7a783 lw               x15, -1908(x15)     x15=1c0081b8 x15:1c001000  PA:1c00088c
20396443ns          338788 1c00b4b8 000780e7 jalr             x1, x15, 0           x1=1c00b4ba x15:1c0081b8
20396940ns          338813 1c0081b8 fa010113 addi             x2, x2, -96          x2=10002f98  x2:10002ff8
20396960ns          338814 1c0081ba 05212823 sw               x18, 80(x2)         x18:xxxxxxxx  x2:10002f98  PA:10002fe8
20396980ns          338815 1c0081bc 04112e23 sw               x1, 92(x2)           x1:1c00b4ba  x2:10002f98  PA:10002ff4
20397418ns          338837 1c0081be f1402973 csrrs            x18, x0, 0xf14      x18=00000003
20397438ns          338838 1c0081c2 04812c23 sw               x8, 88(x2)           x8:xxxxxxxx  x2:10002f98  PA:10002ff0
20397458ns          338839 1c0081c4 04912a23 sw               x9, 84(x2)           x9:xxxxxxxx  x2:10002f98  PA:10002fec
20397478ns          338840 1c0081c6 05312623 sw               x19, 76(x2)         x19:xxxxxxxx  x2:10002f98  PA:10002fe4
20397497ns          338841 1c0081c8 05412423 sw               x20, 72(x2)         x20:xxxxxxxx  x2:10002f98  PA:10002fe0
20397517ns          338842 1c0081ca 05512223 sw               x21, 68(x2)         x21:xxxxxxxx  x2:10002f98  PA:10002fdc
20397537ns          338843 1c0081cc 05612023 sw               x22, 64(x2)         x22:xxxxxxxx  x2:10002f98  PA:10002fd8
20397557ns          338844 1c0081ce 03712e23 sw               x23, 60(x2)         x23:xxxxxxxx  x2:10002f98  PA:10002fd4
20397935ns          338863 1c0081d0 03812c23 sw               x24, 56(x2)         x24:xxxxxxxx  x2:10002f98  PA:10002fd0
20397955ns          338864 1c0081d2 03912a23 sw               x25, 52(x2)         x25:xxxxxxxx  x2:10002f98  PA:10002fcc
20397975ns          338865 1c0081d4 03a12823 sw               x26, 48(x2)         x26:xxxxxxxx  x2:10002f98  PA:10002fc8
20397995ns          338866 1c0081d6 03b12623 sw               x27, 44(x2)         x27:xxxxxxxx  x2:10002f98  PA:10002fc4
20398015ns          338867 1c0081d8 ca5917b3 p.extractu       x15, x18, 5, 5      x15=00000000 x18:00000003
20398034ns          338868 1c0081dc 600791e3 bne              x15, x0, 3586       x15:00000000
20398452ns          338889 1c0081e0 f4593933 p.bclr           x18, x18, 26, 5     x18=00000003 x18:00000003
20398492ns          338891 1c0081e4 5a091de3 bne              x18, x0, 3514       x18:00000003
20399566ns          338945 1c008f9e 40192ae3 p.beqimm         x18, 3092           x18:00000003
20399606ns          338947 1c008fa2 7a292d63 p.beqimm         x18, 1978           x18:00000003
20399626ns          338948 1c008fa6 4c392ce3 p.beqimm         x18, 3288           x18:00000003
20401118ns          339023 1c009c7e 100006b7 lui              x13, 0x10000000     x13=10000000
20401157ns          339025 1c009c82 00468413 addi             x8, x13, 4           x8=10000004 x13:10000000
20401177ns          339026 1c009c86 30040993 addi             x19, x8, 768        x19=10000304  x8:10000004
20401197ns          339027 1c009c8a 013006b3 add              x13, x0, x19        x13=10000304 x19:10000304
20401217ns          339028 1c009c8c 03100713 addi             x14, x0, 49         x14=00000031
20401635ns          339049 1c009c90 040250fb lp.setupi        0x1, 0x40, 0x4     
20401674ns          339051 1c009c94 00e6a22b p.sw             x14, 4(x13!)        x13=10000308 x14:00000031 x13:10000304  PA:10000304
20401694ns          339052 1c009c98 fff70713 addi             x14, x14, -1        x14=00000030 x14:00000031
20401714ns          339053 1c009c94 00e6a22b p.sw             x14, 4(x13!)        x13=1000030c x14:00000030 x13:10000308  PA:10000308
20401734ns          339054 1c009c98 fff70713 addi             x14, x14, -1        x14=0000002f x14:00000030
20401754ns          339055 1c009c94 00e6a22b p.sw             x14, 4(x13!)        x13=10000310 x14:0000002f x13:1000030c  PA:1000030c
20401774ns          339056 1c009c98 fff70713 addi             x14, x14, -1        x14=0000002e x14:0000002f
20401794ns          339057 1c009c94 00e6a22b p.sw             x14, 4(x13!)        x13=10000314 x14:0000002e x13:10000310  PA:10000310
20401814ns          339058 1c009c98 fff70713 addi             x14, x14, -1        x14=0000002d x14:0000002e
20401834ns          339059 1c009c94 00e6a22b p.sw             x14, 4(x13!)        x13=10000318 x14:0000002d x13:10000314  PA:10000314
20401853ns          339060 1c009c98 fff70713 addi             x14, x14, -1        x14=0000002c x14:0000002d
20401873ns          339061 1c009c94 00e6a22b p.sw             x14, 4(x13!)        x13=1000031c x14:0000002c x13:10000318  PA:10000318
20401893ns          339062 1c009c98 fff70713 addi             x14, x14, -1        x14=0000002b x14:0000002c
20401913ns          339063 1c009c94 00e6a22b p.sw             x14, 4(x13!)        x13=10000320 x14:0000002b x13:1000031c  PA:1000031c
20401933ns          339064 1c009c98 fff70713 addi             x14, x14, -1        x14=0000002a x14:0000002b
20401953ns          339065 1c009c94 00e6a22b p.sw             x14, 4(x13!)        x13=10000324 x14:0000002a x13:10000320  PA:10000320
20401993ns          339067 1c009c98 fff70713 addi             x14, x14, -1        x14=00000029 x14:0000002a
20402013ns          339068 1c009c94 00e6a22b p.sw             x14, 4(x13!)        x13=10000328 x14:00000029 x13:10000324  PA:10000324
20402052ns          339070 1c009c98 fff70713 addi             x14, x14, -1        x14=00000028 x14:00000029
20402072ns          339071 1c009c94 00e6a22b p.sw             x14, 4(x13!)        x13=1000032c x14:00000028 x13:10000328  PA:10000328
20402112ns          339073 1c009c98 fff70713 addi             x14, x14, -1        x14=00000027 x14:00000028
20402132ns          339074 1c009c94 00e6a22b p.sw             x14, 4(x13!)        x13=10000330 x14:00000027 x13:1000032c  PA:1000032c
20402172ns          339076 1c009c98 fff70713 addi             x14, x14, -1        x14=00000026 x14:00000027
20402192ns          339077 1c009c94 00e6a22b p.sw             x14, 4(x13!)        x13=10000334 x14:00000026 x13:10000330  PA:10000330
20402231ns          339079 1c009c98 fff70713 addi             x14, x14, -1        x14=00000025 x14:00000026
20402251ns          339080 1c009c94 00e6a22b p.sw             x14, 4(x13!)        x13=10000338 x14:00000025 x13:10000334  PA:10000334
20402291ns          339082 1c009c98 fff70713 addi             x14, x14, -1        x14=00000024 x14:00000025
20402311ns          339083 1c009c94 00e6a22b p.sw             x14, 4(x13!)        x13=1000033c x14:00000024 x13:10000338  PA:10000338
20402351ns          339085 1c009c98 fff70713 addi             x14, x14, -1        x14=00000023 x14:00000024
20402371ns          339086 1c009c94 00e6a22b p.sw             x14, 4(x13!)        x13=10000340 x14:00000023 x13:1000033c  PA:1000033c
20402410ns          339088 1c009c98 fff70713 addi             x14, x14, -1        x14=00000022 x14:00000023
20402430ns          339089 1c009c94 00e6a22b p.sw             x14, 4(x13!)        x13=10000344 x14:00000022 x13:10000340  PA:10000340
20402470ns          339091 1c009c98 fff70713 addi             x14, x14, -1        x14=00000021 x14:00000022
20402490ns          339092 1c009c94 00e6a22b p.sw             x14, 4(x13!)        x13=10000348 x14:00000021 x13:10000344  PA:10000344
20402530ns          339094 1c009c98 fff70713 addi             x14, x14, -1        x14=00000020 x14:00000021
20402550ns          339095 1c009c94 00e6a22b p.sw             x14, 4(x13!)        x13=1000034c x14:00000020 x13:10000348  PA:10000348
20402589ns          339097 1c009c98 fff70713 addi             x14, x14, -1        x14=0000001f x14:00000020
20402609ns          339098 1c009c94 00e6a22b p.sw             x14, 4(x13!)        x13=10000350 x14:0000001f x13:1000034c  PA:1000034c
20402649ns          339100 1c009c98 fff70713 addi             x14, x14, -1        x14=0000001e x14:0000001f
20402669ns          339101 1c009c94 00e6a22b p.sw             x14, 4(x13!)        x13=10000354 x14:0000001e x13:10000350  PA:10000350
20402709ns          339103 1c009c98 fff70713 addi             x14, x14, -1        x14=0000001d x14:0000001e
20402729ns          339104 1c009c94 00e6a22b p.sw             x14, 4(x13!)        x13=10000358 x14:0000001d x13:10000354  PA:10000354
20402768ns          339106 1c009c98 fff70713 addi             x14, x14, -1        x14=0000001c x14:0000001d
20402788ns          339107 1c009c94 00e6a22b p.sw             x14, 4(x13!)        x13=1000035c x14:0000001c x13:10000358  PA:10000358
20402828ns          339109 1c009c98 fff70713 addi             x14, x14, -1        x14=0000001b x14:0000001c
20402848ns          339110 1c009c94 00e6a22b p.sw             x14, 4(x13!)        x13=10000360 x14:0000001b x13:1000035c  PA:1000035c
20402888ns          339112 1c009c98 fff70713 addi             x14, x14, -1        x14=0000001a x14:0000001b
20402908ns          339113 1c009c94 00e6a22b p.sw             x14, 4(x13!)        x13=10000364 x14:0000001a x13:10000360  PA:10000360
20402947ns          339115 1c009c98 fff70713 addi             x14, x14, -1        x14=00000019 x14:0000001a
20402967ns          339116 1c009c94 00e6a22b p.sw             x14, 4(x13!)        x13=10000368 x14:00000019 x13:10000364  PA:10000364
20403007ns          339118 1c009c98 fff70713 addi             x14, x14, -1        x14=00000018 x14:00000019
20403027ns          339119 1c009c94 00e6a22b p.sw             x14, 4(x13!)        x13=1000036c x14:00000018 x13:10000368  PA:10000368
20403067ns          339121 1c009c98 fff70713 addi             x14, x14, -1        x14=00000017 x14:00000018
20403087ns          339122 1c009c94 00e6a22b p.sw             x14, 4(x13!)        x13=10000370 x14:00000017 x13:1000036c  PA:1000036c
20403127ns          339124 1c009c98 fff70713 addi             x14, x14, -1        x14=00000016 x14:00000017
20403146ns          339125 1c009c94 00e6a22b p.sw             x14, 4(x13!)        x13=10000374 x14:00000016 x13:10000370  PA:10000370
20403186ns          339127 1c009c98 fff70713 addi             x14, x14, -1        x14=00000015 x14:00000016
20403206ns          339128 1c009c94 00e6a22b p.sw             x14, 4(x13!)        x13=10000378 x14:00000015 x13:10000374  PA:10000374
20403246ns          339130 1c009c98 fff70713 addi             x14, x14, -1        x14=00000014 x14:00000015
20403266ns          339131 1c009c94 00e6a22b p.sw             x14, 4(x13!)        x13=1000037c x14:00000014 x13:10000378  PA:10000378
20403306ns          339133 1c009c98 fff70713 addi             x14, x14, -1        x14=00000013 x14:00000014
20403325ns          339134 1c009c94 00e6a22b p.sw             x14, 4(x13!)        x13=10000380 x14:00000013 x13:1000037c  PA:1000037c
20403365ns          339136 1c009c98 fff70713 addi             x14, x14, -1        x14=00000012 x14:00000013
20403385ns          339137 1c009c94 00e6a22b p.sw             x14, 4(x13!)        x13=10000384 x14:00000012 x13:10000380  PA:10000380
20403425ns          339139 1c009c98 fff70713 addi             x14, x14, -1        x14=00000011 x14:00000012
20403445ns          339140 1c009c94 00e6a22b p.sw             x14, 4(x13!)        x13=10000388 x14:00000011 x13:10000384  PA:10000384
20403485ns          339142 1c009c98 fff70713 addi             x14, x14, -1        x14=00000010 x14:00000011
20403504ns          339143 1c009c94 00e6a22b p.sw             x14, 4(x13!)        x13=1000038c x14:00000010 x13:10000388  PA:10000388
20403544ns          339145 1c009c98 fff70713 addi             x14, x14, -1        x14=0000000f x14:00000010
20403564ns          339146 1c009c94 00e6a22b p.sw             x14, 4(x13!)        x13=10000390 x14:0000000f x13:1000038c  PA:1000038c
20403584ns          339147 1c009c98 fff70713 addi             x14, x14, -1        x14=0000000e x14:0000000f
20403604ns          339148 1c009c94 00e6a22b p.sw             x14, 4(x13!)        x13=10000394 x14:0000000e x13:10000390  PA:10000390
20403624ns          339149 1c009c98 fff70713 addi             x14, x14, -1        x14=0000000d x14:0000000e
20403644ns          339150 1c009c94 00e6a22b p.sw             x14, 4(x13!)        x13=10000398 x14:0000000d x13:10000394  PA:10000394
20403664ns          339151 1c009c98 fff70713 addi             x14, x14, -1        x14=0000000c x14:0000000d
20403683ns          339152 1c009c94 00e6a22b p.sw             x14, 4(x13!)        x13=1000039c x14:0000000c x13:10000398  PA:10000398
20403703ns          339153 1c009c98 fff70713 addi             x14, x14, -1        x14=0000000b x14:0000000c
20403723ns          339154 1c009c94 00e6a22b p.sw             x14, 4(x13!)        x13=100003a0 x14:0000000b x13:1000039c  PA:1000039c
20403743ns          339155 1c009c98 fff70713 addi             x14, x14, -1        x14=0000000a x14:0000000b
20403763ns          339156 1c009c94 00e6a22b p.sw             x14, 4(x13!)        x13=100003a4 x14:0000000a x13:100003a0  PA:100003a0
20403783ns          339157 1c009c98 fff70713 addi             x14, x14, -1        x14=00000009 x14:0000000a
20403803ns          339158 1c009c94 00e6a22b p.sw             x14, 4(x13!)        x13=100003a8 x14:00000009 x13:100003a4  PA:100003a4
20403823ns          339159 1c009c98 fff70713 addi             x14, x14, -1        x14=00000008 x14:00000009
20403843ns          339160 1c009c94 00e6a22b p.sw             x14, 4(x13!)        x13=100003ac x14:00000008 x13:100003a8  PA:100003a8
20403862ns          339161 1c009c98 fff70713 addi             x14, x14, -1        x14=00000007 x14:00000008
20403882ns          339162 1c009c94 00e6a22b p.sw             x14, 4(x13!)        x13=100003b0 x14:00000007 x13:100003ac  PA:100003ac
20403902ns          339163 1c009c98 fff70713 addi             x14, x14, -1        x14=00000006 x14:00000007
20403922ns          339164 1c009c94 00e6a22b p.sw             x14, 4(x13!)        x13=100003b4 x14:00000006 x13:100003b0  PA:100003b0
20403942ns          339165 1c009c98 fff70713 addi             x14, x14, -1        x14=00000005 x14:00000006
20403962ns          339166 1c009c94 00e6a22b p.sw             x14, 4(x13!)        x13=100003b8 x14:00000005 x13:100003b4  PA:100003b4
20403982ns          339167 1c009c98 fff70713 addi             x14, x14, -1        x14=00000004 x14:00000005
20404002ns          339168 1c009c94 00e6a22b p.sw             x14, 4(x13!)        x13=100003bc x14:00000004 x13:100003b8  PA:100003b8
20404022ns          339169 1c009c98 fff70713 addi             x14, x14, -1        x14=00000003 x14:00000004
20404041ns          339170 1c009c94 00e6a22b p.sw             x14, 4(x13!)        x13=100003c0 x14:00000003 x13:100003bc  PA:100003bc
20404061ns          339171 1c009c98 fff70713 addi             x14, x14, -1        x14=00000002 x14:00000003
20404081ns          339172 1c009c94 00e6a22b p.sw             x14, 4(x13!)        x13=100003c4 x14:00000002 x13:100003c0  PA:100003c0
20404101ns          339173 1c009c98 fff70713 addi             x14, x14, -1        x14=00000001 x14:00000002
20404121ns          339174 1c009c94 00e6a22b p.sw             x14, 4(x13!)        x13=100003c8 x14:00000001 x13:100003c4  PA:100003c4
20404141ns          339175 1c009c98 fff70713 addi             x14, x14, -1        x14=00000000 x14:00000001
20404161ns          339176 1c009c94 00e6a22b p.sw             x14, 4(x13!)        x13=100003cc x14:00000000 x13:100003c8  PA:100003c8
20404181ns          339177 1c009c98 fff70713 addi             x14, x14, -1        x14=ffffffff x14:00000000
20404201ns          339178 1c009c94 00e6a22b p.sw             x14, 4(x13!)        x13=100003d0 x14:ffffffff x13:100003cc  PA:100003cc
20404220ns          339179 1c009c98 fff70713 addi             x14, x14, -1        x14=fffffffe x14:ffffffff
20404240ns          339180 1c009c94 00e6a22b p.sw             x14, 4(x13!)        x13=100003d4 x14:fffffffe x13:100003d0  PA:100003d0
20404260ns          339181 1c009c98 fff70713 addi             x14, x14, -1        x14=fffffffd x14:fffffffe
20404280ns          339182 1c009c94 00e6a22b p.sw             x14, 4(x13!)        x13=100003d8 x14:fffffffd x13:100003d4  PA:100003d4
20404300ns          339183 1c009c98 fff70713 addi             x14, x14, -1        x14=fffffffc x14:fffffffd
20404320ns          339184 1c009c94 00e6a22b p.sw             x14, 4(x13!)        x13=100003dc x14:fffffffc x13:100003d8  PA:100003d8
20404340ns          339185 1c009c98 fff70713 addi             x14, x14, -1        x14=fffffffb x14:fffffffc
20404360ns          339186 1c009c94 00e6a22b p.sw             x14, 4(x13!)        x13=100003e0 x14:fffffffb x13:100003dc  PA:100003dc
20404380ns          339187 1c009c98 fff70713 addi             x14, x14, -1        x14=fffffffa x14:fffffffb
20404400ns          339188 1c009c94 00e6a22b p.sw             x14, 4(x13!)        x13=100003e4 x14:fffffffa x13:100003e0  PA:100003e0
20404419ns          339189 1c009c98 fff70713 addi             x14, x14, -1        x14=fffffff9 x14:fffffffa
20404439ns          339190 1c009c94 00e6a22b p.sw             x14, 4(x13!)        x13=100003e8 x14:fffffff9 x13:100003e4  PA:100003e4
20404459ns          339191 1c009c98 fff70713 addi             x14, x14, -1        x14=fffffff8 x14:fffffff9
20404479ns          339192 1c009c94 00e6a22b p.sw             x14, 4(x13!)        x13=100003ec x14:fffffff8 x13:100003e8  PA:100003e8
20404499ns          339193 1c009c98 fff70713 addi             x14, x14, -1        x14=fffffff7 x14:fffffff8
20404519ns          339194 1c009c94 00e6a22b p.sw             x14, 4(x13!)        x13=100003f0 x14:fffffff7 x13:100003ec  PA:100003ec
20404539ns          339195 1c009c98 fff70713 addi             x14, x14, -1        x14=fffffff6 x14:fffffff7
20404559ns          339196 1c009c94 00e6a22b p.sw             x14, 4(x13!)        x13=100003f4 x14:fffffff6 x13:100003f0  PA:100003f0
20404579ns          339197 1c009c98 fff70713 addi             x14, x14, -1        x14=fffffff5 x14:fffffff6
20404598ns          339198 1c009c94 00e6a22b p.sw             x14, 4(x13!)        x13=100003f8 x14:fffffff5 x13:100003f4  PA:100003f4
20404618ns          339199 1c009c98 fff70713 addi             x14, x14, -1        x14=fffffff4 x14:fffffff5
20404638ns          339200 1c009c94 00e6a22b p.sw             x14, 4(x13!)        x13=100003fc x14:fffffff4 x13:100003f8  PA:100003f8
20404658ns          339201 1c009c98 fff70713 addi             x14, x14, -1        x14=fffffff3 x14:fffffff4
20404678ns          339202 1c009c94 00e6a22b p.sw             x14, 4(x13!)        x13=10000400 x14:fffffff3 x13:100003fc  PA:100003fc
20404698ns          339203 1c009c98 fff70713 addi             x14, x14, -1        x14=fffffff2 x14:fffffff3
20404718ns          339204 1c009c94 00e6a22b p.sw             x14, 4(x13!)        x13=10000404 x14:fffffff2 x13:10000400  PA:10000400
20404738ns          339205 1c009c98 fff70713 addi             x14, x14, -1        x14=fffffff1 x14:fffffff2
20404758ns          339206 1c009c9a 100014b7 lui              x9, 0x10001000       x9=10001000
20405255ns          339231 1c009c9e 10040593 addi             x11, x8, 256        x11=10000104  x8:10000004
20405295ns          339233 1c009ca2 00448613 addi             x12, x9, 4          x12=10001004  x9:10001000
20405314ns          339234 1c009ca6 00b00533 add              x10, x0, x11        x10=10000104 x11:10000104
20405334ns          339235 1c009ca8 90060613 addi             x12, x12, -1792     x12=10000904 x12:10001004
20405354ns          339236 1c009cac 00000713 addi             x14, x0, 0          x14=00000000
20405374ns          339237 1c009cae 00800693 addi             x13, x0, 8          x13=00000008
20405792ns          339258 1c009cb0 c8efe0ef jal              x1, -7026            x1=1c009cb4
20406090ns          339273 1c00813e 06068c63 beq              x13, x0, 120        x13:00000008
20406607ns          339299 1c008140 ff010113 addi             x2, x2, -16          x2=10002f88  x2:10002f98
20406647ns          339301 1c008142 00269393 slli             x7, x13, 0x2         x7=00000020 x13:00000008
20406667ns          339302 1c008146 00812623 sw               x8, 12(x2)           x8:10000004  x2:10002f88  PA:10002f94
20406687ns          339303 1c008148 00271793 slli             x15, x14, 0x2       x15=00000000 x14:00000000
20406707ns          339304 1c00814c 40a60433 sub              x8, x12, x10         x8=00000800 x12:10000904 x10:10000104
20407244ns          339331 1c008150 02d787b3 mul              x15, x15, x13       x15=00000000 x15:00000000 x13:00000008
20407284ns          339333 1c008154 40740433 sub              x8, x8, x7           x8=000007e0  x8:00000800  x7:00000020
20407304ns          339334 1c008158 00912423 sw               x9, 8(x2)            x9:10001000  x2:10002f88  PA:10002f90
20407323ns          339335 1c00815a 00750fb3 add              x31, x10, x7        x31=10000124 x10:10000104  x7:00000020
20407821ns          339360 1c00815e 42d78433 p.mac            x8, x15, x13         x8=000007e0  x8:000007e0 x15:00000000 x13:00000008
20407861ns          339362 1c008162 007584b3 add              x9, x11, x7          x9=10000124 x11:10000104  x7:00000020
20407880ns          339363 1c008166 00000293 addi             x5, x0, 0            x5=00000000
20407900ns          339364 1c008168 40b48e33 sub              x28, x9, x11        x28=00000020  x9:10000124 x11:10000104
20407920ns          339365 1c00816c ffce0e13 addi             x28, x28, -4        x28=0000001c x28:00000020
20408398ns          339389 1c00816e 002e5e13 srli             x28, x28, 0x2       x28=00000007 x28:0000001c
20408437ns          339391 1c008172 008f8f33 add              x30, x31, x8        x30=10000904 x31:10000124  x8:000007e0
20408457ns          339392 1c008176 00b00eb3 add              x29, x0, x11        x29=10000104 x11:10000104
20408477ns          339393 1c008178 001e0e13 addi             x28, x28, 1         x28=00000008 x28:00000007
20408497ns          339394 1c00817a 014e407b lp.setup         0x0, x28, 0x14      x28:00000008
20408974ns          339418 1c00817e 40af87b3 sub              x15, x31, x10       x15=00000020 x31:10000124 x10:10000104
20408994ns          339419 1c008182 ffc78793 addi             x15, x15, -4        x15=0000001c x15:00000020
20409014ns          339420 1c008184 0027d793 srli             x15, x15, 0x2       x15=00000007 x15:0000001c
20409034ns          339421 1c008186 01d00833 add              x16, x0, x29        x16=10000104 x29:10000104
20409054ns          339422 1c008188 00a00633 add              x12, x0, x10        x12=10000104 x10:10000104
20409074ns          339423 1c00818a 00000713 addi             x14, x0, 0          x14=00000000
20409094ns          339424 1c00818c 00178793 addi             x15, x15, 1         x15=00000008 x15:00000007
20409551ns          339447 1c00818e 0067c0fb lp.setup         0x1, x15, 0x6       x15:00000008
20409591ns          339449 1c008192 0046230b p.lw             x6, 4(x12!)          x6=00000001 x12=10000108 x12:10000104  PA:10000104
20409611ns          339450 1c008196 2078788b p.lw             x17, x7(x16!)       x17=00000001 x16=10000124  x7:00000020 x16:10000104  PA:10000104
20409651ns          339452 1c00819a 43130733 p.mac            x14, x6, x17        x14=00000001 x14:00000000  x6:00000001 x17:00000001
20409671ns          339453 1c008192 0046230b p.lw             x6, 4(x12!)          x6=00000000 x12=1000010c x12:10000108  PA:10000108
20409690ns          339454 1c008196 2078788b p.lw             x17, x7(x16!)       x17=fffffff9 x16=10000144  x7:00000020 x16:10000124  PA:10000124
20409730ns          339456 1c00819a 43130733 p.mac            x14, x6, x17        x14=00000001 x14:00000001  x6:00000000 x17:fffffff9
20409750ns          339457 1c008192 0046230b p.lw             x6, 4(x12!)          x6=ffffffff x12=10000110 x12:1000010c  PA:1000010c
20409770ns          339458 1c008196 2078788b p.lw             x17, x7(x16!)       x17=fffffff1 x16=10000164  x7:00000020 x16:10000144  PA:10000144
20409810ns          339460 1c00819a 43130733 p.mac            x14, x6, x17        x14=00000010 x14:00000001  x6:ffffffff x17:fffffff1
20409830ns          339461 1c008192 0046230b p.lw             x6, 4(x12!)          x6=fffffffe x12=10000114 x12:10000110  PA:10000110
20409850ns          339462 1c008196 2078788b p.lw             x17, x7(x16!)       x17=ffffffe9 x16=10000184  x7:00000020 x16:10000164  PA:10000164
20409889ns          339464 1c00819a 43130733 p.mac            x14, x6, x17        x14=0000003e x14:00000010  x6:fffffffe x17:ffffffe9
20409909ns          339465 1c008192 0046230b p.lw             x6, 4(x12!)          x6=fffffffd x12=10000118 x12:10000114  PA:10000114
20409929ns          339466 1c008196 2078788b p.lw             x17, x7(x16!)       x17=ffffffe1 x16=100001a4  x7:00000020 x16:10000184  PA:10000184
20409969ns          339468 1c00819a 43130733 p.mac            x14, x6, x17        x14=0000009b x14:0000003e  x6:fffffffd x17:ffffffe1
20409989ns          339469 1c008192 0046230b p.lw             x6, 4(x12!)          x6=fffffffc x12=1000011c x12:10000118  PA:10000118
20410009ns          339470 1c008196 2078788b p.lw             x17, x7(x16!)       x17=ffffffd9 x16=100001c4  x7:00000020 x16:100001a4  PA:100001a4
20410048ns          339472 1c00819a 43130733 p.mac            x14, x6, x17        x14=00000137 x14:0000009b  x6:fffffffc x17:ffffffd9
20410068ns          339473 1c008192 0046230b p.lw             x6, 4(x12!)          x6=fffffffb x12=10000120 x12:1000011c  PA:1000011c
20410088ns          339474 1c008196 2078788b p.lw             x17, x7(x16!)       x17=ffffffd1 x16=100001e4  x7:00000020 x16:100001c4  PA:100001c4
20410128ns          339476 1c00819a 43130733 p.mac            x14, x6, x17        x14=00000222 x14:00000137  x6:fffffffb x17:ffffffd1
20410148ns          339477 1c008192 0046230b p.lw             x6, 4(x12!)          x6=fffffffa x12=10000124 x12:10000120  PA:10000120
20410168ns          339478 1c008196 2078788b p.lw             x17, x7(x16!)       x17=ffffffc9 x16=10000204  x7:00000020 x16:100001e4  PA:100001e4
20410208ns          339480 1c00819a 43130733 p.mac            x14, x6, x17        x14=0000036c x14:00000222  x6:fffffffa x17:ffffffc9
20410665ns          339503 1c00819e 00ef222b p.sw             x14, 4(x30!)        x30=10000908 x14:0000036c x30:10000904  PA:10000904
20410685ns          339504 1c0081a2 004e8e93 addi             x29, x29, 4         x29=10000108 x29:10000104
20410725ns          339506 1c00817e 40af87b3 sub              x15, x31, x10       x15=00000020 x31:10000124 x10:10000104
20410745ns          339507 1c008182 ffc78793 addi             x15, x15, -4        x15=0000001c x15:00000020
20410765ns          339508 1c008184 0027d793 srli             x15, x15, 0x2       x15=00000007 x15:0000001c
20410784ns          339509 1c008186 01d00833 add              x16, x0, x29        x16=10000108 x29:10000108
20410804ns          339510 1c008188 00a00633 add              x12, x0, x10        x12=10000104 x10:10000104
20410824ns          339511 1c00818a 00000713 addi             x14, x0, 0          x14=00000000
20410844ns          339512 1c00818c 00178793 addi             x15, x15, 1         x15=00000008 x15:00000007
20410864ns          339513 1c00818e 0067c0fb lp.setup         0x1, x15, 0x6       x15:00000008
20410884ns          339514 1c008192 0046230b p.lw             x6, 4(x12!)          x6=00000001 x12=10000108 x12:10000104  PA:10000104
20410904ns          339515 1c008196 2078788b p.lw             x17, x7(x16!)       x17=00000000 x16=10000128  x7:00000020 x16:10000108  PA:10000108
20410944ns          339517 1c00819a 43130733 p.mac            x14, x6, x17        x14=00000000 x14:00000000  x6:00000001 x17:00000000
20410963ns          339518 1c008192 0046230b p.lw             x6, 4(x12!)          x6=00000000 x12=1000010c x12:10000108  PA:10000108
20410983ns          339519 1c008196 2078788b p.lw             x17, x7(x16!)       x17=fffffff8 x16=10000148  x7:00000020 x16:10000128  PA:10000128
20411023ns          339521 1c00819a 43130733 p.mac            x14, x6, x17        x14=00000000 x14:00000000  x6:00000000 x17:fffffff8
20411043ns          339522 1c008192 0046230b p.lw             x6, 4(x12!)          x6=ffffffff x12=10000110 x12:1000010c  PA:1000010c
20411063ns          339523 1c008196 2078788b p.lw             x17, x7(x16!)       x17=fffffff0 x16=10000168  x7:00000020 x16:10000148  PA:10000148
20411103ns          339525 1c00819a 43130733 p.mac            x14, x6, x17        x14=00000010 x14:00000000  x6:ffffffff x17:fffffff0
20411123ns          339526 1c008192 0046230b p.lw             x6, 4(x12!)          x6=fffffffe x12=10000114 x12:10000110  PA:10000110
20411142ns          339527 1c008196 2078788b p.lw             x17, x7(x16!)       x17=ffffffe8 x16=10000188  x7:00000020 x16:10000168  PA:10000168
20411182ns          339529 1c00819a 43130733 p.mac            x14, x6, x17        x14=00000040 x14:00000010  x6:fffffffe x17:ffffffe8
20411202ns          339530 1c008192 0046230b p.lw             x6, 4(x12!)          x6=fffffffd x12=10000118 x12:10000114  PA:10000114
20411222ns          339531 1c008196 2078788b p.lw             x17, x7(x16!)       x17=ffffffe0 x16=100001a8  x7:00000020 x16:10000188  PA:10000188
20411262ns          339533 1c00819a 43130733 p.mac            x14, x6, x17        x14=000000a0 x14:00000040  x6:fffffffd x17:ffffffe0
20411282ns          339534 1c008192 0046230b p.lw             x6, 4(x12!)          x6=fffffffc x12=1000011c x12:10000118  PA:10000118
20411302ns          339535 1c008196 2078788b p.lw             x17, x7(x16!)       x17=ffffffd8 x16=100001c8  x7:00000020 x16:100001a8  PA:100001a8
20411341ns          339537 1c00819a 43130733 p.mac            x14, x6, x17        x14=00000140 x14:000000a0  x6:fffffffc x17:ffffffd8
20411361ns          339538 1c008192 0046230b p.lw             x6, 4(x12!)          x6=fffffffb x12=10000120 x12:1000011c  PA:1000011c
20411381ns          339539 1c008196 2078788b p.lw             x17, x7(x16!)       x17=ffffffd0 x16=100001e8  x7:00000020 x16:100001c8  PA:100001c8
20411421ns          339541 1c00819a 43130733 p.mac            x14, x6, x17        x14=00000230 x14:00000140  x6:fffffffb x17:ffffffd0
20411441ns          339542 1c008192 0046230b p.lw             x6, 4(x12!)          x6=fffffffa x12=10000124 x12:10000120  PA:10000120
20411461ns          339543 1c008196 2078788b p.lw             x17, x7(x16!)       x17=ffffffc8 x16=10000208  x7:00000020 x16:100001e8  PA:100001e8
20411501ns          339545 1c00819a 43130733 p.mac            x14, x6, x17        x14=00000380 x14:00000230  x6:fffffffa x17:ffffffc8
20411520ns          339546 1c00819e 00ef222b p.sw             x14, 4(x30!)        x30=1000090c x14:00000380 x30:10000908  PA:10000908
20411540ns          339547 1c0081a2 004e8e93 addi             x29, x29, 4         x29=1000010c x29:10000108
20411580ns          339549 1c00817e 40af87b3 sub              x15, x31, x10       x15=00000020 x31:10000124 x10:10000104
20411600ns          339550 1c008182 ffc78793 addi             x15, x15, -4        x15=0000001c x15:00000020
20411620ns          339551 1c008184 0027d793 srli             x15, x15, 0x2       x15=00000007 x15:0000001c
20411640ns          339552 1c008186 01d00833 add              x16, x0, x29        x16=1000010c x29:1000010c
20411660ns          339553 1c008188 00a00633 add              x12, x0, x10        x12=10000104 x10:10000104
20411680ns          339554 1c00818a 00000713 addi             x14, x0, 0          x14=00000000
20411699ns          339555 1c00818c 00178793 addi             x15, x15, 1         x15=00000008 x15:00000007
20411719ns          339556 1c00818e 0067c0fb lp.setup         0x1, x15, 0x6       x15:00000008
20411739ns          339557 1c008192 0046230b p.lw             x6, 4(x12!)          x6=00000001 x12=10000108 x12:10000104  PA:10000104
20411759ns          339558 1c008196 2078788b p.lw             x17, x7(x16!)       x17=ffffffff x16=1000012c  x7:00000020 x16:1000010c  PA:1000010c
20411799ns          339560 1c00819a 43130733 p.mac            x14, x6, x17        x14=ffffffff x14:00000000  x6:00000001 x17:ffffffff
20411819ns          339561 1c008192 0046230b p.lw             x6, 4(x12!)          x6=00000000 x12=1000010c x12:10000108  PA:10000108
20411839ns          339562 1c008196 2078788b p.lw             x17, x7(x16!)       x17=fffffff7 x16=1000014c  x7:00000020 x16:1000012c  PA:1000012c
20411878ns          339564 1c00819a 43130733 p.mac            x14, x6, x17        x14=ffffffff x14:ffffffff  x6:00000000 x17:fffffff7
20411898ns          339565 1c008192 0046230b p.lw             x6, 4(x12!)          x6=ffffffff x12=10000110 x12:1000010c  PA:1000010c
20411918ns          339566 1c008196 2078788b p.lw             x17, x7(x16!)       x17=ffffffef x16=1000016c  x7:00000020 x16:1000014c  PA:1000014c
20411958ns          339568 1c00819a 43130733 p.mac            x14, x6, x17        x14=00000010 x14:ffffffff  x6:ffffffff x17:ffffffef
20411978ns          339569 1c008192 0046230b p.lw             x6, 4(x12!)          x6=fffffffe x12=10000114 x12:10000110  PA:10000110
20411998ns          339570 1c008196 2078788b p.lw             x17, x7(x16!)       x17=ffffffe7 x16=1000018c  x7:00000020 x16:1000016c  PA:1000016c
20412038ns          339572 1c00819a 43130733 p.mac            x14, x6, x17        x14=00000042 x14:00000010  x6:fffffffe x17:ffffffe7
20412057ns          339573 1c008192 0046230b p.lw             x6, 4(x12!)          x6=fffffffd x12=10000118 x12:10000114  PA:10000114
20412077ns          339574 1c008196 2078788b p.lw             x17, x7(x16!)       x17=ffffffdf x16=100001ac  x7:00000020 x16:1000018c  PA:1000018c
20412117ns          339576 1c00819a 43130733 p.mac            x14, x6, x17        x14=000000a5 x14:00000042  x6:fffffffd x17:ffffffdf
20412137ns          339577 1c008192 0046230b p.lw             x6, 4(x12!)          x6=fffffffc x12=1000011c x12:10000118  PA:10000118
20412157ns          339578 1c008196 2078788b p.lw             x17, x7(x16!)       x17=ffffffd7 x16=100001cc  x7:00000020 x16:100001ac  PA:100001ac
20412197ns          339580 1c00819a 43130733 p.mac            x14, x6, x17        x14=00000149 x14:000000a5  x6:fffffffc x17:ffffffd7
20412217ns          339581 1c008192 0046230b p.lw             x6, 4(x12!)          x6=fffffffb x12=10000120 x12:1000011c  PA:1000011c
20412236ns          339582 1c008196 2078788b p.lw             x17, x7(x16!)       x17=ffffffcf x16=100001ec  x7:00000020 x16:100001cc  PA:100001cc
20412276ns          339584 1c00819a 43130733 p.mac            x14, x6, x17        x14=0000023e x14:00000149  x6:fffffffb x17:ffffffcf
20412296ns          339585 1c008192 0046230b p.lw             x6, 4(x12!)          x6=fffffffa x12=10000124 x12:10000120  PA:10000120
20412316ns          339586 1c008196 2078788b p.lw             x17, x7(x16!)       x17=ffffffc7 x16=1000020c  x7:00000020 x16:100001ec  PA:100001ec
20412356ns          339588 1c00819a 43130733 p.mac            x14, x6, x17        x14=00000394 x14:0000023e  x6:fffffffa x17:ffffffc7
20412376ns          339589 1c00819e 00ef222b p.sw             x14, 4(x30!)        x30=10000910 x14:00000394 x30:1000090c  PA:1000090c
20412396ns          339590 1c0081a2 004e8e93 addi             x29, x29, 4         x29=10000110 x29:1000010c
20412435ns          339592 1c00817e 40af87b3 sub              x15, x31, x10       x15=00000020 x31:10000124 x10:10000104
20412455ns          339593 1c008182 ffc78793 addi             x15, x15, -4        x15=0000001c x15:00000020
20412475ns          339594 1c008184 0027d793 srli             x15, x15, 0x2       x15=00000007 x15:0000001c
20412495ns          339595 1c008186 01d00833 add              x16, x0, x29        x16=10000110 x29:10000110
20412515ns          339596 1c008188 00a00633 add              x12, x0, x10        x12=10000104 x10:10000104
20412535ns          339597 1c00818a 00000713 addi             x14, x0, 0          x14=00000000
20412555ns          339598 1c00818c 00178793 addi             x15, x15, 1         x15=00000008 x15:00000007
20412575ns          339599 1c00818e 0067c0fb lp.setup         0x1, x15, 0x6       x15:00000008
20412595ns          339600 1c008192 0046230b p.lw             x6, 4(x12!)          x6=00000001 x12=10000108 x12:10000104  PA:10000104
20412614ns          339601 1c008196 2078788b p.lw             x17, x7(x16!)       x17=fffffffe x16=10000130  x7:00000020 x16:10000110  PA:10000110
20412654ns          339603 1c00819a 43130733 p.mac            x14, x6, x17        x14=fffffffe x14:00000000  x6:00000001 x17:fffffffe
20412674ns          339604 1c008192 0046230b p.lw             x6, 4(x12!)          x6=00000000 x12=1000010c x12:10000108  PA:10000108
20412694ns          339605 1c008196 2078788b p.lw             x17, x7(x16!)       x17=fffffff6 x16=10000150  x7:00000020 x16:10000130  PA:10000130
20412734ns          339607 1c00819a 43130733 p.mac            x14, x6, x17        x14=fffffffe x14:fffffffe  x6:00000000 x17:fffffff6
20412754ns          339608 1c008192 0046230b p.lw             x6, 4(x12!)          x6=ffffffff x12=10000110 x12:1000010c  PA:1000010c
20412774ns          339609 1c008196 2078788b p.lw             x17, x7(x16!)       x17=ffffffee x16=10000170  x7:00000020 x16:10000150  PA:10000150
20412813ns          339611 1c00819a 43130733 p.mac            x14, x6, x17        x14=00000010 x14:fffffffe  x6:ffffffff x17:ffffffee
20412833ns          339612 1c008192 0046230b p.lw             x6, 4(x12!)          x6=fffffffe x12=10000114 x12:10000110  PA:10000110
20412853ns          339613 1c008196 2078788b p.lw             x17, x7(x16!)       x17=ffffffe6 x16=10000190  x7:00000020 x16:10000170  PA:10000170
20412893ns          339615 1c00819a 43130733 p.mac            x14, x6, x17        x14=00000044 x14:00000010  x6:fffffffe x17:ffffffe6
20412913ns          339616 1c008192 0046230b p.lw             x6, 4(x12!)          x6=fffffffd x12=10000118 x12:10000114  PA:10000114
20412933ns          339617 1c008196 2078788b p.lw             x17, x7(x16!)       x17=ffffffde x16=100001b0  x7:00000020 x16:10000190  PA:10000190
20412972ns          339619 1c00819a 43130733 p.mac            x14, x6, x17        x14=000000aa x14:00000044  x6:fffffffd x17:ffffffde
20412992ns          339620 1c008192 0046230b p.lw             x6, 4(x12!)          x6=fffffffc x12=1000011c x12:10000118  PA:10000118
20413012ns          339621 1c008196 2078788b p.lw             x17, x7(x16!)       x17=ffffffd6 x16=100001d0  x7:00000020 x16:100001b0  PA:100001b0
20413052ns          339623 1c00819a 43130733 p.mac            x14, x6, x17        x14=00000152 x14:000000aa  x6:fffffffc x17:ffffffd6
20413072ns          339624 1c008192 0046230b p.lw             x6, 4(x12!)          x6=fffffffb x12=10000120 x12:1000011c  PA:1000011c
20413092ns          339625 1c008196 2078788b p.lw             x17, x7(x16!)       x17=ffffffce x16=100001f0  x7:00000020 x16:100001d0  PA:100001d0
20413132ns          339627 1c00819a 43130733 p.mac            x14, x6, x17        x14=0000024c x14:00000152  x6:fffffffb x17:ffffffce
20413151ns          339628 1c008192 0046230b p.lw             x6, 4(x12!)          x6=fffffffa x12=10000124 x12:10000120  PA:10000120
20413171ns          339629 1c008196 2078788b p.lw             x17, x7(x16!)       x17=ffffffc6 x16=10000210  x7:00000020 x16:100001f0  PA:100001f0
20413211ns          339631 1c00819a 43130733 p.mac            x14, x6, x17        x14=000003a8 x14:0000024c  x6:fffffffa x17:ffffffc6
20413231ns          339632 1c00819e 00ef222b p.sw             x14, 4(x30!)        x30=10000914 x14:000003a8 x30:10000910  PA:10000910
20413251ns          339633 1c0081a2 004e8e93 addi             x29, x29, 4         x29=10000114 x29:10000110
20413291ns          339635 1c00817e 40af87b3 sub              x15, x31, x10       x15=00000020 x31:10000124 x10:10000104
20413311ns          339636 1c008182 ffc78793 addi             x15, x15, -4        x15=0000001c x15:00000020
20413330ns          339637 1c008184 0027d793 srli             x15, x15, 0x2       x15=00000007 x15:0000001c
20413350ns          339638 1c008186 01d00833 add              x16, x0, x29        x16=10000114 x29:10000114
20413370ns          339639 1c008188 00a00633 add              x12, x0, x10        x12=10000104 x10:10000104
20413390ns          339640 1c00818a 00000713 addi             x14, x0, 0          x14=00000000
20413410ns          339641 1c00818c 00178793 addi             x15, x15, 1         x15=00000008 x15:00000007
20413430ns          339642 1c00818e 0067c0fb lp.setup         0x1, x15, 0x6       x15:00000008
20413450ns          339643 1c008192 0046230b p.lw             x6, 4(x12!)          x6=00000001 x12=10000108 x12:10000104  PA:10000104
20413470ns          339644 1c008196 2078788b p.lw             x17, x7(x16!)       x17=fffffffd x16=10000134  x7:00000020 x16:10000114  PA:10000114
20413509ns          339646 1c00819a 43130733 p.mac            x14, x6, x17        x14=fffffffd x14:00000000  x6:00000001 x17:fffffffd
20413529ns          339647 1c008192 0046230b p.lw             x6, 4(x12!)          x6=00000000 x12=1000010c x12:10000108  PA:10000108
20413549ns          339648 1c008196 2078788b p.lw             x17, x7(x16!)       x17=fffffff5 x16=10000154  x7:00000020 x16:10000134  PA:10000134
20413589ns          339650 1c00819a 43130733 p.mac            x14, x6, x17        x14=fffffffd x14:fffffffd  x6:00000000 x17:fffffff5
20413609ns          339651 1c008192 0046230b p.lw             x6, 4(x12!)          x6=ffffffff x12=10000110 x12:1000010c  PA:1000010c
20413629ns          339652 1c008196 2078788b p.lw             x17, x7(x16!)       x17=ffffffed x16=10000174  x7:00000020 x16:10000154  PA:10000154
20413669ns          339654 1c00819a 43130733 p.mac            x14, x6, x17        x14=00000010 x14:fffffffd  x6:ffffffff x17:ffffffed
20413688ns          339655 1c008192 0046230b p.lw             x6, 4(x12!)          x6=fffffffe x12=10000114 x12:10000110  PA:10000110
20413728ns          339657 1c008196 2078788b p.lw             x17, x7(x16!)       x17=ffffffe5 x16=10000194  x7:00000020 x16:10000174  PA:10000174
20413768ns          339659 1c00819a 43130733 p.mac            x14, x6, x17        x14=00000046 x14:00000010  x6:fffffffe x17:ffffffe5
20413788ns          339660 1c008192 0046230b p.lw             x6, 4(x12!)          x6=fffffffd x12=10000118 x12:10000114  PA:10000114
20413808ns          339661 1c008196 2078788b p.lw             x17, x7(x16!)       x17=ffffffdd x16=100001b4  x7:00000020 x16:10000194  PA:10000194
20413848ns          339663 1c00819a 43130733 p.mac            x14, x6, x17        x14=000000af x14:00000046  x6:fffffffd x17:ffffffdd
20413868ns          339664 1c008192 0046230b p.lw             x6, 4(x12!)          x6=fffffffc x12=1000011c x12:10000118  PA:10000118
20413887ns          339665 1c008196 2078788b p.lw             x17, x7(x16!)       x17=ffffffd5 x16=100001d4  x7:00000020 x16:100001b4  PA:100001b4
20413927ns          339667 1c00819a 43130733 p.mac            x14, x6, x17        x14=0000015b x14:000000af  x6:fffffffc x17:ffffffd5
20413947ns          339668 1c008192 0046230b p.lw             x6, 4(x12!)          x6=fffffffb x12=10000120 x12:1000011c  PA:1000011c
20413967ns          339669 1c008196 2078788b p.lw             x17, x7(x16!)       x17=ffffffcd x16=100001f4  x7:00000020 x16:100001d4  PA:100001d4
20414007ns          339671 1c00819a 43130733 p.mac            x14, x6, x17        x14=0000025a x14:0000015b  x6:fffffffb x17:ffffffcd
20414027ns          339672 1c008192 0046230b p.lw             x6, 4(x12!)          x6=fffffffa x12=10000124 x12:10000120  PA:10000120
20414047ns          339673 1c008196 2078788b p.lw             x17, x7(x16!)       x17=ffffffc5 x16=10000214  x7:00000020 x16:100001f4  PA:100001f4
20414086ns          339675 1c00819a 43130733 p.mac            x14, x6, x17        x14=000003bc x14:0000025a  x6:fffffffa x17:ffffffc5
20414106ns          339676 1c00819e 00ef222b p.sw             x14, 4(x30!)        x30=10000918 x14:000003bc x30:10000914  PA:10000914
20414126ns          339677 1c0081a2 004e8e93 addi             x29, x29, 4         x29=10000118 x29:10000114
20414166ns          339679 1c00817e 40af87b3 sub              x15, x31, x10       x15=00000020 x31:10000124 x10:10000104
20414186ns          339680 1c008182 ffc78793 addi             x15, x15, -4        x15=0000001c x15:00000020
20414206ns          339681 1c008184 0027d793 srli             x15, x15, 0x2       x15=00000007 x15:0000001c
20414226ns          339682 1c008186 01d00833 add              x16, x0, x29        x16=10000118 x29:10000118
20414245ns          339683 1c008188 00a00633 add              x12, x0, x10        x12=10000104 x10:10000104
20414265ns          339684 1c00818a 00000713 addi             x14, x0, 0          x14=00000000
20414285ns          339685 1c00818c 00178793 addi             x15, x15, 1         x15=00000008 x15:00000007
20414305ns          339686 1c00818e 0067c0fb lp.setup         0x1, x15, 0x6       x15:00000008
20414325ns          339687 1c008192 0046230b p.lw             x6, 4(x12!)          x6=00000001 x12=10000108 x12:10000104  PA:10000104
20414365ns          339689 1c008196 2078788b p.lw             x17, x7(x16!)       x17=fffffffc x16=10000138  x7:00000020 x16:10000118  PA:10000118
20414405ns          339691 1c00819a 43130733 p.mac            x14, x6, x17        x14=fffffffc x14:00000000  x6:00000001 x17:fffffffc
20414424ns          339692 1c008192 0046230b p.lw             x6, 4(x12!)          x6=00000000 x12=1000010c x12:10000108  PA:10000108
20414444ns          339693 1c008196 2078788b p.lw             x17, x7(x16!)       x17=fffffff4 x16=10000158  x7:00000020 x16:10000138  PA:10000138
20414484ns          339695 1c00819a 43130733 p.mac            x14, x6, x17        x14=fffffffc x14:fffffffc  x6:00000000 x17:fffffff4
20414504ns          339696 1c008192 0046230b p.lw             x6, 4(x12!)          x6=ffffffff x12=10000110 x12:1000010c  PA:1000010c
20414524ns          339697 1c008196 2078788b p.lw             x17, x7(x16!)       x17=ffffffec x16=10000178  x7:00000020 x16:10000158  PA:10000158
20414564ns          339699 1c00819a 43130733 p.mac            x14, x6, x17        x14=00000010 x14:fffffffc  x6:ffffffff x17:ffffffec
20414584ns          339700 1c008192 0046230b p.lw             x6, 4(x12!)          x6=fffffffe x12=10000114 x12:10000110  PA:10000110
20414603ns          339701 1c008196 2078788b p.lw             x17, x7(x16!)       x17=ffffffe4 x16=10000198  x7:00000020 x16:10000178  PA:10000178
20414643ns          339703 1c00819a 43130733 p.mac            x14, x6, x17        x14=00000048 x14:00000010  x6:fffffffe x17:ffffffe4
20414663ns          339704 1c008192 0046230b p.lw             x6, 4(x12!)          x6=fffffffd x12=10000118 x12:10000114  PA:10000114
20414683ns          339705 1c008196 2078788b p.lw             x17, x7(x16!)       x17=ffffffdc x16=100001b8  x7:00000020 x16:10000198  PA:10000198
20414723ns          339707 1c00819a 43130733 p.mac            x14, x6, x17        x14=000000b4 x14:00000048  x6:fffffffd x17:ffffffdc
20414743ns          339708 1c008192 0046230b p.lw             x6, 4(x12!)          x6=fffffffc x12=1000011c x12:10000118  PA:10000118
20414763ns          339709 1c008196 2078788b p.lw             x17, x7(x16!)       x17=ffffffd4 x16=100001d8  x7:00000020 x16:100001b8  PA:100001b8
20414802ns          339711 1c00819a 43130733 p.mac            x14, x6, x17        x14=00000164 x14:000000b4  x6:fffffffc x17:ffffffd4
20414822ns          339712 1c008192 0046230b p.lw             x6, 4(x12!)          x6=fffffffb x12=10000120 x12:1000011c  PA:1000011c
20414842ns          339713 1c008196 2078788b p.lw             x17, x7(x16!)       x17=ffffffcc x16=100001f8  x7:00000020 x16:100001d8  PA:100001d8
20414882ns          339715 1c00819a 43130733 p.mac            x14, x6, x17        x14=00000268 x14:00000164  x6:fffffffb x17:ffffffcc
20414902ns          339716 1c008192 0046230b p.lw             x6, 4(x12!)          x6=fffffffa x12=10000124 x12:10000120  PA:10000120
20414922ns          339717 1c008196 2078788b p.lw             x17, x7(x16!)       x17=ffffffc4 x16=10000218  x7:00000020 x16:100001f8  PA:100001f8
20414962ns          339719 1c00819a 43130733 p.mac            x14, x6, x17        x14=000003d0 x14:00000268  x6:fffffffa x17:ffffffc4
20414981ns          339720 1c00819e 00ef222b p.sw             x14, 4(x30!)        x30=1000091c x14:000003d0 x30:10000918  PA:10000918
20415001ns          339721 1c0081a2 004e8e93 addi             x29, x29, 4         x29=1000011c x29:10000118
20415041ns          339723 1c00817e 40af87b3 sub              x15, x31, x10       x15=00000020 x31:10000124 x10:10000104
20415061ns          339724 1c008182 ffc78793 addi             x15, x15, -4        x15=0000001c x15:00000020
20415081ns          339725 1c008184 0027d793 srli             x15, x15, 0x2       x15=00000007 x15:0000001c
20415101ns          339726 1c008186 01d00833 add              x16, x0, x29        x16=1000011c x29:1000011c
20415121ns          339727 1c008188 00a00633 add              x12, x0, x10        x12=10000104 x10:10000104
20415141ns          339728 1c00818a 00000713 addi             x14, x0, 0          x14=00000000
20415160ns          339729 1c00818c 00178793 addi             x15, x15, 1         x15=00000008 x15:00000007
20415180ns          339730 1c00818e 0067c0fb lp.setup         0x1, x15, 0x6       x15:00000008
20415200ns          339731 1c008192 0046230b p.lw             x6, 4(x12!)          x6=00000001 x12=10000108 x12:10000104  PA:10000104
20415220ns          339732 1c008196 2078788b p.lw             x17, x7(x16!)       x17=fffffffb x16=1000013c  x7:00000020 x16:1000011c  PA:1000011c
20415260ns          339734 1c00819a 43130733 p.mac            x14, x6, x17        x14=fffffffb x14:00000000  x6:00000001 x17:fffffffb
20415280ns          339735 1c008192 0046230b p.lw             x6, 4(x12!)          x6=00000000 x12=1000010c x12:10000108  PA:10000108
20415300ns          339736 1c008196 2078788b p.lw             x17, x7(x16!)       x17=fffffff3 x16=1000015c  x7:00000020 x16:1000013c  PA:1000013c
20415339ns          339738 1c00819a 43130733 p.mac            x14, x6, x17        x14=fffffffb x14:fffffffb  x6:00000000 x17:fffffff3
20415359ns          339739 1c008192 0046230b p.lw             x6, 4(x12!)          x6=ffffffff x12=10000110 x12:1000010c  PA:1000010c
20415379ns          339740 1c008196 2078788b p.lw             x17, x7(x16!)       x17=ffffffeb x16=1000017c  x7:00000020 x16:1000015c  PA:1000015c
20415419ns          339742 1c00819a 43130733 p.mac            x14, x6, x17        x14=00000010 x14:fffffffb  x6:ffffffff x17:ffffffeb
20415439ns          339743 1c008192 0046230b p.lw             x6, 4(x12!)          x6=fffffffe x12=10000114 x12:10000110  PA:10000110
20415459ns          339744 1c008196 2078788b p.lw             x17, x7(x16!)       x17=ffffffe3 x16=1000019c  x7:00000020 x16:1000017c  PA:1000017c
20415499ns          339746 1c00819a 43130733 p.mac            x14, x6, x17        x14=0000004a x14:00000010  x6:fffffffe x17:ffffffe3
20415518ns          339747 1c008192 0046230b p.lw             x6, 4(x12!)          x6=fffffffd x12=10000118 x12:10000114  PA:10000114
20415538ns          339748 1c008196 2078788b p.lw             x17, x7(x16!)       x17=ffffffdb x16=100001bc  x7:00000020 x16:1000019c  PA:1000019c
20415578ns          339750 1c00819a 43130733 p.mac            x14, x6, x17        x14=000000b9 x14:0000004a  x6:fffffffd x17:ffffffdb
20415598ns          339751 1c008192 0046230b p.lw             x6, 4(x12!)          x6=fffffffc x12=1000011c x12:10000118  PA:10000118
20415618ns          339752 1c008196 2078788b p.lw             x17, x7(x16!)       x17=ffffffd3 x16=100001dc  x7:00000020 x16:100001bc  PA:100001bc
20415658ns          339754 1c00819a 43130733 p.mac            x14, x6, x17        x14=0000016d x14:000000b9  x6:fffffffc x17:ffffffd3
20415678ns          339755 1c008192 0046230b p.lw             x6, 4(x12!)          x6=fffffffb x12=10000120 x12:1000011c  PA:1000011c
20415697ns          339756 1c008196 2078788b p.lw             x17, x7(x16!)       x17=ffffffcb x16=100001fc  x7:00000020 x16:100001dc  PA:100001dc
20415737ns          339758 1c00819a 43130733 p.mac            x14, x6, x17        x14=00000276 x14:0000016d  x6:fffffffb x17:ffffffcb
20415757ns          339759 1c008192 0046230b p.lw             x6, 4(x12!)          x6=fffffffa x12=10000124 x12:10000120  PA:10000120
20415777ns          339760 1c008196 2078788b p.lw             x17, x7(x16!)       x17=ffffffc3 x16=1000021c  x7:00000020 x16:100001fc  PA:100001fc
20415817ns          339762 1c00819a 43130733 p.mac            x14, x6, x17        x14=000003e4 x14:00000276  x6:fffffffa x17:ffffffc3
20415837ns          339763 1c00819e 00ef222b p.sw             x14, 4(x30!)        x30=10000920 x14:000003e4 x30:1000091c  PA:1000091c
20415857ns          339764 1c0081a2 004e8e93 addi             x29, x29, 4         x29=10000120 x29:1000011c
20415896ns          339766 1c00817e 40af87b3 sub              x15, x31, x10       x15=00000020 x31:10000124 x10:10000104
20415916ns          339767 1c008182 ffc78793 addi             x15, x15, -4        x15=0000001c x15:00000020
20415936ns          339768 1c008184 0027d793 srli             x15, x15, 0x2       x15=00000007 x15:0000001c
20415956ns          339769 1c008186 01d00833 add              x16, x0, x29        x16=10000120 x29:10000120
20415976ns          339770 1c008188 00a00633 add              x12, x0, x10        x12=10000104 x10:10000104
20415996ns          339771 1c00818a 00000713 addi             x14, x0, 0          x14=00000000
20416016ns          339772 1c00818c 00178793 addi             x15, x15, 1         x15=00000008 x15:00000007
20416036ns          339773 1c00818e 0067c0fb lp.setup         0x1, x15, 0x6       x15:00000008
20416055ns          339774 1c008192 0046230b p.lw             x6, 4(x12!)          x6=00000001 x12=10000108 x12:10000104  PA:10000104
20416075ns          339775 1c008196 2078788b p.lw             x17, x7(x16!)       x17=fffffffa x16=10000140  x7:00000020 x16:10000120  PA:10000120
20416115ns          339777 1c00819a 43130733 p.mac            x14, x6, x17        x14=fffffffa x14:00000000  x6:00000001 x17:fffffffa
20416135ns          339778 1c008192 0046230b p.lw             x6, 4(x12!)          x6=00000000 x12=1000010c x12:10000108  PA:10000108
20416155ns          339779 1c008196 2078788b p.lw             x17, x7(x16!)       x17=fffffff2 x16=10000160  x7:00000020 x16:10000140  PA:10000140
20416195ns          339781 1c00819a 43130733 p.mac            x14, x6, x17        x14=fffffffa x14:fffffffa  x6:00000000 x17:fffffff2
20416215ns          339782 1c008192 0046230b p.lw             x6, 4(x12!)          x6=ffffffff x12=10000110 x12:1000010c  PA:1000010c
20416235ns          339783 1c008196 2078788b p.lw             x17, x7(x16!)       x17=ffffffea x16=10000180  x7:00000020 x16:10000160  PA:10000160
20416274ns          339785 1c00819a 43130733 p.mac            x14, x6, x17        x14=00000010 x14:fffffffa  x6:ffffffff x17:ffffffea
20416294ns          339786 1c008192 0046230b p.lw             x6, 4(x12!)          x6=fffffffe x12=10000114 x12:10000110  PA:10000110
20416314ns          339787 1c008196 2078788b p.lw             x17, x7(x16!)       x17=ffffffe2 x16=100001a0  x7:00000020 x16:10000180  PA:10000180
20416354ns          339789 1c00819a 43130733 p.mac            x14, x6, x17        x14=0000004c x14:00000010  x6:fffffffe x17:ffffffe2
20416374ns          339790 1c008192 0046230b p.lw             x6, 4(x12!)          x6=fffffffd x12=10000118 x12:10000114  PA:10000114
20416394ns          339791 1c008196 2078788b p.lw             x17, x7(x16!)       x17=ffffffda x16=100001c0  x7:00000020 x16:100001a0  PA:100001a0
20416433ns          339793 1c00819a 43130733 p.mac            x14, x6, x17        x14=000000be x14:0000004c  x6:fffffffd x17:ffffffda
20416453ns          339794 1c008192 0046230b p.lw             x6, 4(x12!)          x6=fffffffc x12=1000011c x12:10000118  PA:10000118
20416473ns          339795 1c008196 2078788b p.lw             x17, x7(x16!)       x17=ffffffd2 x16=100001e0  x7:00000020 x16:100001c0  PA:100001c0
20416513ns          339797 1c00819a 43130733 p.mac            x14, x6, x17        x14=00000176 x14:000000be  x6:fffffffc x17:ffffffd2
20416533ns          339798 1c008192 0046230b p.lw             x6, 4(x12!)          x6=fffffffb x12=10000120 x12:1000011c  PA:1000011c
20416553ns          339799 1c008196 2078788b p.lw             x17, x7(x16!)       x17=ffffffca x16=10000200  x7:00000020 x16:100001e0  PA:100001e0
20416612ns          339802 1c00819a 43130733 p.mac            x14, x6, x17        x14=00000284 x14:00000176  x6:fffffffb x17:ffffffca
20416632ns          339803 1c008192 0046230b p.lw             x6, 4(x12!)          x6=fffffffa x12=10000124 x12:10000120  PA:10000120
20416652ns          339804 1c008196 2078788b p.lw             x17, x7(x16!)       x17=ffffffc2 x16=10000220  x7:00000020 x16:10000200  PA:10000200
20416692ns          339806 1c00819a 43130733 p.mac            x14, x6, x17        x14=000003f8 x14:00000284  x6:fffffffa x17:ffffffc2
20416712ns          339807 1c00819e 00ef222b p.sw             x14, 4(x30!)        x30=10000924 x14:000003f8 x30:10000920  PA:10000920
20416732ns          339808 1c0081a2 004e8e93 addi             x29, x29, 4         x29=10000124 x29:10000120
20416752ns          339809 1c0081a4 00128293 addi             x5, x5, 1            x5=00000001  x5:00000000
20416772ns          339810 1c0081a6 00750533 add              x10, x10, x7        x10=10000124 x10:10000104  x7:00000020
20416791ns          339811 1c0081a8 007f8fb3 add              x31, x31, x7        x31=10000144 x31:10000124  x7:00000020
20416811ns          339812 1c0081aa fa569fe3 bne              x13, x5, -66        x13:00000008  x5:00000001
20416871ns          339815 1c008168 40b48e33 sub              x28, x9, x11        x28=00000020  x9:10000124 x11:10000104
20416891ns          339816 1c00816c ffce0e13 addi             x28, x28, -4        x28=0000001c x28:00000020
20416911ns          339817 1c00816e 002e5e13 srli             x28, x28, 0x2       x28=00000007 x28:0000001c
20416931ns          339818 1c008172 008f8f33 add              x30, x31, x8        x30=10000924 x31:10000144  x8:000007e0
20416951ns          339819 1c008176 00b00eb3 add              x29, x0, x11        x29=10000104 x11:10000104
20416970ns          339820 1c008178 001e0e13 addi             x28, x28, 1         x28=00000008 x28:00000007
20416990ns          339821 1c00817a 014e407b lp.setup         0x0, x28, 0x14      x28:00000008
20417010ns          339822 1c00817e 40af87b3 sub              x15, x31, x10       x15=00000020 x31:10000144 x10:10000124
20417030ns          339823 1c008182 ffc78793 addi             x15, x15, -4        x15=0000001c x15:00000020
20417050ns          339824 1c008184 0027d793 srli             x15, x15, 0x2       x15=00000007 x15:0000001c
20417070ns          339825 1c008186 01d00833 add              x16, x0, x29        x16=10000104 x29:10000104
20417090ns          339826 1c008188 00a00633 add              x12, x0, x10        x12=10000124 x10:10000124
20417110ns          339827 1c00818a 00000713 addi             x14, x0, 0          x14=00000000
20417130ns          339828 1c00818c 00178793 addi             x15, x15, 1         x15=00000008 x15:00000007
20417149ns          339829 1c00818e 0067c0fb lp.setup         0x1, x15, 0x6       x15:00000008
20417169ns          339830 1c008192 0046230b p.lw             x6, 4(x12!)          x6=fffffff9 x12=10000128 x12:10000124  PA:10000124
20417189ns          339831 1c008196 2078788b p.lw             x17, x7(x16!)       x17=00000001 x16=10000124  x7:00000020 x16:10000104  PA:10000104
20417229ns          339833 1c00819a 43130733 p.mac            x14, x6, x17        x14=fffffff9 x14:00000000  x6:fffffff9 x17:00000001
20417249ns          339834 1c008192 0046230b p.lw             x6, 4(x12!)          x6=fffffff8 x12=1000012c x12:10000128  PA:10000128
20417269ns          339835 1c008196 2078788b p.lw             x17, x7(x16!)       x17=fffffff9 x16=10000144  x7:00000020 x16:10000124  PA:10000124
20417309ns          339837 1c00819a 43130733 p.mac            x14, x6, x17        x14=00000031 x14:fffffff9  x6:fffffff8 x17:fffffff9
20417329ns          339838 1c008192 0046230b p.lw             x6, 4(x12!)          x6=fffffff7 x12=10000130 x12:1000012c  PA:1000012c
20417348ns          339839 1c008196 2078788b p.lw             x17, x7(x16!)       x17=fffffff1 x16=10000164  x7:00000020 x16:10000144  PA:10000144
20417388ns          339841 1c00819a 43130733 p.mac            x14, x6, x17        x14=000000b8 x14:00000031  x6:fffffff7 x17:fffffff1
20417408ns          339842 1c008192 0046230b p.lw             x6, 4(x12!)          x6=fffffff6 x12=10000134 x12:10000130  PA:10000130
20417428ns          339843 1c008196 2078788b p.lw             x17, x7(x16!)       x17=ffffffe9 x16=10000184  x7:00000020 x16:10000164  PA:10000164
20417468ns          339845 1c00819a 43130733 p.mac            x14, x6, x17        x14=0000019e x14:000000b8  x6:fffffff6 x17:ffffffe9
20417488ns          339846 1c008192 0046230b p.lw             x6, 4(x12!)          x6=fffffff5 x12=10000138 x12:10000134  PA:10000134
20417508ns          339847 1c008196 2078788b p.lw             x17, x7(x16!)       x17=ffffffe1 x16=100001a4  x7:00000020 x16:10000184  PA:10000184
20417547ns          339849 1c00819a 43130733 p.mac            x14, x6, x17        x14=000002f3 x14:0000019e  x6:fffffff5 x17:ffffffe1
20417567ns          339850 1c008192 0046230b p.lw             x6, 4(x12!)          x6=fffffff4 x12=1000013c x12:10000138  PA:10000138
20417587ns          339851 1c008196 2078788b p.lw             x17, x7(x16!)       x17=ffffffd9 x16=100001c4  x7:00000020 x16:100001a4  PA:100001a4
20417627ns          339853 1c00819a 43130733 p.mac            x14, x6, x17        x14=000004c7 x14:000002f3  x6:fffffff4 x17:ffffffd9
20417647ns          339854 1c008192 0046230b p.lw             x6, 4(x12!)          x6=fffffff3 x12=10000140 x12:1000013c  PA:1000013c
20417667ns          339855 1c008196 2078788b p.lw             x17, x7(x16!)       x17=ffffffd1 x16=100001e4  x7:00000020 x16:100001c4  PA:100001c4
20417706ns          339857 1c00819a 43130733 p.mac            x14, x6, x17        x14=0000072a x14:000004c7  x6:fffffff3 x17:ffffffd1
20417726ns          339858 1c008192 0046230b p.lw             x6, 4(x12!)          x6=fffffff2 x12=10000144 x12:10000140  PA:10000140
20417746ns          339859 1c008196 2078788b p.lw             x17, x7(x16!)       x17=ffffffc9 x16=10000204  x7:00000020 x16:100001e4  PA:100001e4
20417806ns          339862 1c00819a 43130733 p.mac            x14, x6, x17        x14=00000a2c x14:0000072a  x6:fffffff2 x17:ffffffc9
20417826ns          339863 1c00819e 00ef222b p.sw             x14, 4(x30!)        x30=10000928 x14:00000a2c x30:10000924  PA:10000924
20417846ns          339864 1c0081a2 004e8e93 addi             x29, x29, 4         x29=10000108 x29:10000104
20417885ns          339866 1c00817e 40af87b3 sub              x15, x31, x10       x15=00000020 x31:10000144 x10:10000124
20417905ns          339867 1c008182 ffc78793 addi             x15, x15, -4        x15=0000001c x15:00000020
20417925ns          339868 1c008184 0027d793 srli             x15, x15, 0x2       x15=00000007 x15:0000001c
20417945ns          339869 1c008186 01d00833 add              x16, x0, x29        x16=10000108 x29:10000108
20417965ns          339870 1c008188 00a00633 add              x12, x0, x10        x12=10000124 x10:10000124
20417985ns          339871 1c00818a 00000713 addi             x14, x0, 0          x14=00000000
20418005ns          339872 1c00818c 00178793 addi             x15, x15, 1         x15=00000008 x15:00000007
20418025ns          339873 1c00818e 0067c0fb lp.setup         0x1, x15, 0x6       x15:00000008
20418045ns          339874 1c008192 0046230b p.lw             x6, 4(x12!)          x6=fffffff9 x12=10000128 x12:10000124  PA:10000124
20418064ns          339875 1c008196 2078788b p.lw             x17, x7(x16!)       x17=00000000 x16=10000128  x7:00000020 x16:10000108  PA:10000108
20418104ns          339877 1c00819a 43130733 p.mac            x14, x6, x17        x14=00000000 x14:00000000  x6:fffffff9 x17:00000000
20418124ns          339878 1c008192 0046230b p.lw             x6, 4(x12!)          x6=fffffff8 x12=1000012c x12:10000128  PA:10000128
20418144ns          339879 1c008196 2078788b p.lw             x17, x7(x16!)       x17=fffffff8 x16=10000148  x7:00000020 x16:10000128  PA:10000128
20418184ns          339881 1c00819a 43130733 p.mac            x14, x6, x17        x14=00000040 x14:00000000  x6:fffffff8 x17:fffffff8
20418204ns          339882 1c008192 0046230b p.lw             x6, 4(x12!)          x6=fffffff7 x12=10000130 x12:1000012c  PA:1000012c
20418224ns          339883 1c008196 2078788b p.lw             x17, x7(x16!)       x17=fffffff0 x16=10000168  x7:00000020 x16:10000148  PA:10000148
20418263ns          339885 1c00819a 43130733 p.mac            x14, x6, x17        x14=000000d0 x14:00000040  x6:fffffff7 x17:fffffff0
20418283ns          339886 1c008192 0046230b p.lw             x6, 4(x12!)          x6=fffffff6 x12=10000134 x12:10000130  PA:10000130
20418303ns          339887 1c008196 2078788b p.lw             x17, x7(x16!)       x17=ffffffe8 x16=10000188  x7:00000020 x16:10000168  PA:10000168
20418343ns          339889 1c00819a 43130733 p.mac            x14, x6, x17        x14=000001c0 x14:000000d0  x6:fffffff6 x17:ffffffe8
20418363ns          339890 1c008192 0046230b p.lw             x6, 4(x12!)          x6=fffffff5 x12=10000138 x12:10000134  PA:10000134
20418383ns          339891 1c008196 2078788b p.lw             x17, x7(x16!)       x17=ffffffe0 x16=100001a8  x7:00000020 x16:10000188  PA:10000188
20418422ns          339893 1c00819a 43130733 p.mac            x14, x6, x17        x14=00000320 x14:000001c0  x6:fffffff5 x17:ffffffe0
20418442ns          339894 1c008192 0046230b p.lw             x6, 4(x12!)          x6=fffffff4 x12=1000013c x12:10000138  PA:10000138
20418462ns          339895 1c008196 2078788b p.lw             x17, x7(x16!)       x17=ffffffd8 x16=100001c8  x7:00000020 x16:100001a8  PA:100001a8
20418502ns          339897 1c00819a 43130733 p.mac            x14, x6, x17        x14=00000500 x14:00000320  x6:fffffff4 x17:ffffffd8
20418522ns          339898 1c008192 0046230b p.lw             x6, 4(x12!)          x6=fffffff3 x12=10000140 x12:1000013c  PA:1000013c
20418542ns          339899 1c008196 2078788b p.lw             x17, x7(x16!)       x17=ffffffd0 x16=100001e8  x7:00000020 x16:100001c8  PA:100001c8
20418582ns          339901 1c00819a 43130733 p.mac            x14, x6, x17        x14=00000770 x14:00000500  x6:fffffff3 x17:ffffffd0
20418602ns          339902 1c008192 0046230b p.lw             x6, 4(x12!)          x6=fffffff2 x12=10000144 x12:10000140  PA:10000140
20418621ns          339903 1c008196 2078788b p.lw             x17, x7(x16!)       x17=ffffffc8 x16=10000208  x7:00000020 x16:100001e8  PA:100001e8
20418681ns          339906 1c00819a 43130733 p.mac            x14, x6, x17        x14=00000a80 x14:00000770  x6:fffffff2 x17:ffffffc8
20418701ns          339907 1c00819e 00ef222b p.sw             x14, 4(x30!)        x30=1000092c x14:00000a80 x30:10000928  PA:10000928
20418721ns          339908 1c0081a2 004e8e93 addi             x29, x29, 4         x29=1000010c x29:10000108
20418761ns          339910 1c00817e 40af87b3 sub              x15, x31, x10       x15=00000020 x31:10000144 x10:10000124
20418781ns          339911 1c008182 ffc78793 addi             x15, x15, -4        x15=0000001c x15:00000020
20418800ns          339912 1c008184 0027d793 srli             x15, x15, 0x2       x15=00000007 x15:0000001c
20418820ns          339913 1c008186 01d00833 add              x16, x0, x29        x16=1000010c x29:1000010c
20418840ns          339914 1c008188 00a00633 add              x12, x0, x10        x12=10000124 x10:10000124
20418860ns          339915 1c00818a 00000713 addi             x14, x0, 0          x14=00000000
20418880ns          339916 1c00818c 00178793 addi             x15, x15, 1         x15=00000008 x15:00000007
20418900ns          339917 1c00818e 0067c0fb lp.setup         0x1, x15, 0x6       x15:00000008
20418920ns          339918 1c008192 0046230b p.lw             x6, 4(x12!)          x6=fffffff9 x12=10000128 x12:10000124  PA:10000124
20418940ns          339919 1c008196 2078788b p.lw             x17, x7(x16!)       x17=ffffffff x16=1000012c  x7:00000020 x16:1000010c  PA:1000010c
20418979ns          339921 1c00819a 43130733 p.mac            x14, x6, x17        x14=00000007 x14:00000000  x6:fffffff9 x17:ffffffff
20418999ns          339922 1c008192 0046230b p.lw             x6, 4(x12!)          x6=fffffff8 x12=1000012c x12:10000128  PA:10000128
20419019ns          339923 1c008196 2078788b p.lw             x17, x7(x16!)       x17=fffffff7 x16=1000014c  x7:00000020 x16:1000012c  PA:1000012c
20419079ns          339926 1c00819a 43130733 p.mac            x14, x6, x17        x14=0000004f x14:00000007  x6:fffffff8 x17:fffffff7
20419099ns          339927 1c008192 0046230b p.lw             x6, 4(x12!)          x6=fffffff7 x12=10000130 x12:1000012c  PA:1000012c
20419119ns          339928 1c008196 2078788b p.lw             x17, x7(x16!)       x17=ffffffef x16=1000016c  x7:00000020 x16:1000014c  PA:1000014c
20419158ns          339930 1c00819a 43130733 p.mac            x14, x6, x17        x14=000000e8 x14:0000004f  x6:fffffff7 x17:ffffffef
20419178ns          339931 1c008192 0046230b p.lw             x6, 4(x12!)          x6=fffffff6 x12=10000134 x12:10000130  PA:10000130
20419198ns          339932 1c008196 2078788b p.lw             x17, x7(x16!)       x17=ffffffe7 x16=1000018c  x7:00000020 x16:1000016c  PA:1000016c
20419238ns          339934 1c00819a 43130733 p.mac            x14, x6, x17        x14=000001e2 x14:000000e8  x6:fffffff6 x17:ffffffe7
20419258ns          339935 1c008192 0046230b p.lw             x6, 4(x12!)          x6=fffffff5 x12=10000138 x12:10000134  PA:10000134
20419278ns          339936 1c008196 2078788b p.lw             x17, x7(x16!)       x17=ffffffdf x16=100001ac  x7:00000020 x16:1000018c  PA:1000018c
20419318ns          339938 1c00819a 43130733 p.mac            x14, x6, x17        x14=0000034d x14:000001e2  x6:fffffff5 x17:ffffffdf
20419337ns          339939 1c008192 0046230b p.lw             x6, 4(x12!)          x6=fffffff4 x12=1000013c x12:10000138  PA:10000138
20419357ns          339940 1c008196 2078788b p.lw             x17, x7(x16!)       x17=ffffffd7 x16=100001cc  x7:00000020 x16:100001ac  PA:100001ac
20419397ns          339942 1c00819a 43130733 p.mac            x14, x6, x17        x14=00000539 x14:0000034d  x6:fffffff4 x17:ffffffd7
20419417ns          339943 1c008192 0046230b p.lw             x6, 4(x12!)          x6=fffffff3 x12=10000140 x12:1000013c  PA:1000013c
20419437ns          339944 1c008196 2078788b p.lw             x17, x7(x16!)       x17=ffffffcf x16=100001ec  x7:00000020 x16:100001cc  PA:100001cc
20419477ns          339946 1c00819a 43130733 p.mac            x14, x6, x17        x14=000007b6 x14:00000539  x6:fffffff3 x17:ffffffcf
20419497ns          339947 1c008192 0046230b p.lw             x6, 4(x12!)          x6=fffffff2 x12=10000144 x12:10000140  PA:10000140
20419516ns          339948 1c008196 2078788b p.lw             x17, x7(x16!)       x17=ffffffc7 x16=1000020c  x7:00000020 x16:100001ec  PA:100001ec
20419556ns          339950 1c00819a 43130733 p.mac            x14, x6, x17        x14=00000ad4 x14:000007b6  x6:fffffff2 x17:ffffffc7
20419576ns          339951 1c00819e 00ef222b p.sw             x14, 4(x30!)        x30=10000930 x14:00000ad4 x30:1000092c  PA:1000092c
20419596ns          339952 1c0081a2 004e8e93 addi             x29, x29, 4         x29=10000110 x29:1000010c
20419636ns          339954 1c00817e 40af87b3 sub              x15, x31, x10       x15=00000020 x31:10000144 x10:10000124
20419656ns          339955 1c008182 ffc78793 addi             x15, x15, -4        x15=0000001c x15:00000020
20419676ns          339956 1c008184 0027d793 srli             x15, x15, 0x2       x15=00000007 x15:0000001c
20419696ns          339957 1c008186 01d00833 add              x16, x0, x29        x16=10000110 x29:10000110
20419715ns          339958 1c008188 00a00633 add              x12, x0, x10        x12=10000124 x10:10000124
20419735ns          339959 1c00818a 00000713 addi             x14, x0, 0          x14=00000000
20419755ns          339960 1c00818c 00178793 addi             x15, x15, 1         x15=00000008 x15:00000007
20419775ns          339961 1c00818e 0067c0fb lp.setup         0x1, x15, 0x6       x15:00000008
20419795ns          339962 1c008192 0046230b p.lw             x6, 4(x12!)          x6=fffffff9 x12=10000128 x12:10000124  PA:10000124
20419815ns          339963 1c008196 2078788b p.lw             x17, x7(x16!)       x17=fffffffe x16=10000130  x7:00000020 x16:10000110  PA:10000110
20419855ns          339965 1c00819a 43130733 p.mac            x14, x6, x17        x14=0000000e x14:00000000  x6:fffffff9 x17:fffffffe
20419875ns          339966 1c008192 0046230b p.lw             x6, 4(x12!)          x6=fffffff8 x12=1000012c x12:10000128  PA:10000128
20419894ns          339967 1c008196 2078788b p.lw             x17, x7(x16!)       x17=fffffff6 x16=10000150  x7:00000020 x16:10000130  PA:10000130
20419934ns          339969 1c00819a 43130733 p.mac            x14, x6, x17        x14=0000005e x14:0000000e  x6:fffffff8 x17:fffffff6
20419954ns          339970 1c008192 0046230b p.lw             x6, 4(x12!)          x6=fffffff7 x12=10000130 x12:1000012c  PA:1000012c
20419974ns          339971 1c008196 2078788b p.lw             x17, x7(x16!)       x17=ffffffee x16=10000170  x7:00000020 x16:10000150  PA:10000150
20420034ns          339974 1c00819a 43130733 p.mac            x14, x6, x17        x14=00000100 x14:0000005e  x6:fffffff7 x17:ffffffee
20420054ns          339975 1c008192 0046230b p.lw             x6, 4(x12!)          x6=fffffff6 x12=10000134 x12:10000130  PA:10000130
20420073ns          339976 1c008196 2078788b p.lw             x17, x7(x16!)       x17=ffffffe6 x16=10000190  x7:00000020 x16:10000170  PA:10000170
20420113ns          339978 1c00819a 43130733 p.mac            x14, x6, x17        x14=00000204 x14:00000100  x6:fffffff6 x17:ffffffe6
20420133ns          339979 1c008192 0046230b p.lw             x6, 4(x12!)          x6=fffffff5 x12=10000138 x12:10000134  PA:10000134
20420153ns          339980 1c008196 2078788b p.lw             x17, x7(x16!)       x17=ffffffde x16=100001b0  x7:00000020 x16:10000190  PA:10000190
20420193ns          339982 1c00819a 43130733 p.mac            x14, x6, x17        x14=0000037a x14:00000204  x6:fffffff5 x17:ffffffde
20420213ns          339983 1c008192 0046230b p.lw             x6, 4(x12!)          x6=fffffff4 x12=1000013c x12:10000138  PA:10000138
20420233ns          339984 1c008196 2078788b p.lw             x17, x7(x16!)       x17=ffffffd6 x16=100001d0  x7:00000020 x16:100001b0  PA:100001b0
20420272ns          339986 1c00819a 43130733 p.mac            x14, x6, x17        x14=00000572 x14:0000037a  x6:fffffff4 x17:ffffffd6
20420292ns          339987 1c008192 0046230b p.lw             x6, 4(x12!)          x6=fffffff3 x12=10000140 x12:1000013c  PA:1000013c
20420312ns          339988 1c008196 2078788b p.lw             x17, x7(x16!)       x17=ffffffce x16=100001f0  x7:00000020 x16:100001d0  PA:100001d0
20420352ns          339990 1c00819a 43130733 p.mac            x14, x6, x17        x14=000007fc x14:00000572  x6:fffffff3 x17:ffffffce
20420372ns          339991 1c008192 0046230b p.lw             x6, 4(x12!)          x6=fffffff2 x12=10000144 x12:10000140  PA:10000140
20420392ns          339992 1c008196 2078788b p.lw             x17, x7(x16!)       x17=ffffffc6 x16=10000210  x7:00000020 x16:100001f0  PA:100001f0
20420431ns          339994 1c00819a 43130733 p.mac            x14, x6, x17        x14=00000b28 x14:000007fc  x6:fffffff2 x17:ffffffc6
20420451ns          339995 1c00819e 00ef222b p.sw             x14, 4(x30!)        x30=10000934 x14:00000b28 x30:10000930  PA:10000930
20420471ns          339996 1c0081a2 004e8e93 addi             x29, x29, 4         x29=10000114 x29:10000110
20420511ns          339998 1c00817e 40af87b3 sub              x15, x31, x10       x15=00000020 x31:10000144 x10:10000124
20420531ns          339999 1c008182 ffc78793 addi             x15, x15, -4        x15=0000001c x15:00000020
20420551ns          340000 1c008184 0027d793 srli             x15, x15, 0x2       x15=00000007 x15:0000001c
20420571ns          340001 1c008186 01d00833 add              x16, x0, x29        x16=10000114 x29:10000114
20420591ns          340002 1c008188 00a00633 add              x12, x0, x10        x12=10000124 x10:10000124
20420610ns          340003 1c00818a 00000713 addi             x14, x0, 0          x14=00000000
20420630ns          340004 1c00818c 00178793 addi             x15, x15, 1         x15=00000008 x15:00000007
20420650ns          340005 1c00818e 0067c0fb lp.setup         0x1, x15, 0x6       x15:00000008
20420670ns          340006 1c008192 0046230b p.lw             x6, 4(x12!)          x6=fffffff9 x12=10000128 x12:10000124  PA:10000124
20420690ns          340007 1c008196 2078788b p.lw             x17, x7(x16!)       x17=fffffffd x16=10000134  x7:00000020 x16:10000114  PA:10000114
20420730ns          340009 1c00819a 43130733 p.mac            x14, x6, x17        x14=00000015 x14:00000000  x6:fffffff9 x17:fffffffd
20420750ns          340010 1c008192 0046230b p.lw             x6, 4(x12!)          x6=fffffff8 x12=1000012c x12:10000128  PA:10000128
20420770ns          340011 1c008196 2078788b p.lw             x17, x7(x16!)       x17=fffffff5 x16=10000154  x7:00000020 x16:10000134  PA:10000134
20420809ns          340013 1c00819a 43130733 p.mac            x14, x6, x17        x14=0000006d x14:00000015  x6:fffffff8 x17:fffffff5
20420829ns          340014 1c008192 0046230b p.lw             x6, 4(x12!)          x6=fffffff7 x12=10000130 x12:1000012c  PA:1000012c
20420849ns          340015 1c008196 2078788b p.lw             x17, x7(x16!)       x17=ffffffed x16=10000174  x7:00000020 x16:10000154  PA:10000154
20420889ns          340017 1c00819a 43130733 p.mac            x14, x6, x17        x14=00000118 x14:0000006d  x6:fffffff7 x17:ffffffed
20420909ns          340018 1c008192 0046230b p.lw             x6, 4(x12!)          x6=fffffff6 x12=10000134 x12:10000130  PA:10000130
20420929ns          340019 1c008196 2078788b p.lw             x17, x7(x16!)       x17=ffffffe5 x16=10000194  x7:00000020 x16:10000174  PA:10000174
20420969ns          340021 1c00819a 43130733 p.mac            x14, x6, x17        x14=00000226 x14:00000118  x6:fffffff6 x17:ffffffe5
20420988ns          340022 1c008192 0046230b p.lw             x6, 4(x12!)          x6=fffffff5 x12=10000138 x12:10000134  PA:10000134
20421008ns          340023 1c008196 2078788b p.lw             x17, x7(x16!)       x17=ffffffdd x16=100001b4  x7:00000020 x16:10000194  PA:10000194
20421048ns          340025 1c00819a 43130733 p.mac            x14, x6, x17        x14=000003a7 x14:00000226  x6:fffffff5 x17:ffffffdd
20421068ns          340026 1c008192 0046230b p.lw             x6, 4(x12!)          x6=fffffff4 x12=1000013c x12:10000138  PA:10000138
20421088ns          340027 1c008196 2078788b p.lw             x17, x7(x16!)       x17=ffffffd5 x16=100001d4  x7:00000020 x16:100001b4  PA:100001b4
20421128ns          340029 1c00819a 43130733 p.mac            x14, x6, x17        x14=000005ab x14:000003a7  x6:fffffff4 x17:ffffffd5
20421148ns          340030 1c008192 0046230b p.lw             x6, 4(x12!)          x6=fffffff3 x12=10000140 x12:1000013c  PA:1000013c
20421167ns          340031 1c008196 2078788b p.lw             x17, x7(x16!)       x17=ffffffcd x16=100001f4  x7:00000020 x16:100001d4  PA:100001d4
20421207ns          340033 1c00819a 43130733 p.mac            x14, x6, x17        x14=00000842 x14:000005ab  x6:fffffff3 x17:ffffffcd
20421227ns          340034 1c008192 0046230b p.lw             x6, 4(x12!)          x6=fffffff2 x12=10000144 x12:10000140  PA:10000140
20421247ns          340035 1c008196 2078788b p.lw             x17, x7(x16!)       x17=ffffffc5 x16=10000214  x7:00000020 x16:100001f4  PA:100001f4
20421307ns          340038 1c00819a 43130733 p.mac            x14, x6, x17        x14=00000b7c x14:00000842  x6:fffffff2 x17:ffffffc5
20421327ns          340039 1c00819e 00ef222b p.sw             x14, 4(x30!)        x30=10000938 x14:00000b7c x30:10000934  PA:10000934
20421346ns          340040 1c0081a2 004e8e93 addi             x29, x29, 4         x29=10000118 x29:10000114
20421386ns          340042 1c00817e 40af87b3 sub              x15, x31, x10       x15=00000020 x31:10000144 x10:10000124
20421406ns          340043 1c008182 ffc78793 addi             x15, x15, -4        x15=0000001c x15:00000020
20421426ns          340044 1c008184 0027d793 srli             x15, x15, 0x2       x15=00000007 x15:0000001c
20421446ns          340045 1c008186 01d00833 add              x16, x0, x29        x16=10000118 x29:10000118
20421466ns          340046 1c008188 00a00633 add              x12, x0, x10        x12=10000124 x10:10000124
20421486ns          340047 1c00818a 00000713 addi             x14, x0, 0          x14=00000000
20421506ns          340048 1c00818c 00178793 addi             x15, x15, 1         x15=00000008 x15:00000007
20421525ns          340049 1c00818e 0067c0fb lp.setup         0x1, x15, 0x6       x15:00000008
20421545ns          340050 1c008192 0046230b p.lw             x6, 4(x12!)          x6=fffffff9 x12=10000128 x12:10000124  PA:10000124
20421565ns          340051 1c008196 2078788b p.lw             x17, x7(x16!)       x17=fffffffc x16=10000138  x7:00000020 x16:10000118  PA:10000118
20421605ns          340053 1c00819a 43130733 p.mac            x14, x6, x17        x14=0000001c x14:00000000  x6:fffffff9 x17:fffffffc
20421625ns          340054 1c008192 0046230b p.lw             x6, 4(x12!)          x6=fffffff8 x12=1000012c x12:10000128  PA:10000128
20421645ns          340055 1c008196 2078788b p.lw             x17, x7(x16!)       x17=fffffff4 x16=10000158  x7:00000020 x16:10000138  PA:10000138
20421685ns          340057 1c00819a 43130733 p.mac            x14, x6, x17        x14=0000007c x14:0000001c  x6:fffffff8 x17:fffffff4
20421704ns          340058 1c008192 0046230b p.lw             x6, 4(x12!)          x6=fffffff7 x12=10000130 x12:1000012c  PA:1000012c
20421724ns          340059 1c008196 2078788b p.lw             x17, x7(x16!)       x17=ffffffec x16=10000178  x7:00000020 x16:10000158  PA:10000158
20421764ns          340061 1c00819a 43130733 p.mac            x14, x6, x17        x14=00000130 x14:0000007c  x6:fffffff7 x17:ffffffec
20421784ns          340062 1c008192 0046230b p.lw             x6, 4(x12!)          x6=fffffff6 x12=10000134 x12:10000130  PA:10000130
20421804ns          340063 1c008196 2078788b p.lw             x17, x7(x16!)       x17=ffffffe4 x16=10000198  x7:00000020 x16:10000178  PA:10000178
20421844ns          340065 1c00819a 43130733 p.mac            x14, x6, x17        x14=00000248 x14:00000130  x6:fffffff6 x17:ffffffe4
20421864ns          340066 1c008192 0046230b p.lw             x6, 4(x12!)          x6=fffffff5 x12=10000138 x12:10000134  PA:10000134
20421883ns          340067 1c008196 2078788b p.lw             x17, x7(x16!)       x17=ffffffdc x16=100001b8  x7:00000020 x16:10000198  PA:10000198
20421923ns          340069 1c00819a 43130733 p.mac            x14, x6, x17        x14=000003d4 x14:00000248  x6:fffffff5 x17:ffffffdc
20421943ns          340070 1c008192 0046230b p.lw             x6, 4(x12!)          x6=fffffff4 x12=1000013c x12:10000138  PA:10000138
20421963ns          340071 1c008196 2078788b p.lw             x17, x7(x16!)       x17=ffffffd4 x16=100001d8  x7:00000020 x16:100001b8  PA:100001b8
20422003ns          340073 1c00819a 43130733 p.mac            x14, x6, x17        x14=000005e4 x14:000003d4  x6:fffffff4 x17:ffffffd4
20422023ns          340074 1c008192 0046230b p.lw             x6, 4(x12!)          x6=fffffff3 x12=10000140 x12:1000013c  PA:1000013c
20422043ns          340075 1c008196 2078788b p.lw             x17, x7(x16!)       x17=ffffffcc x16=100001f8  x7:00000020 x16:100001d8  PA:100001d8
20422082ns          340077 1c00819a 43130733 p.mac            x14, x6, x17        x14=00000888 x14:000005e4  x6:fffffff3 x17:ffffffcc
20422102ns          340078 1c008192 0046230b p.lw             x6, 4(x12!)          x6=fffffff2 x12=10000144 x12:10000140  PA:10000140
20422122ns          340079 1c008196 2078788b p.lw             x17, x7(x16!)       x17=ffffffc4 x16=10000218  x7:00000020 x16:100001f8  PA:100001f8
20422162ns          340081 1c00819a 43130733 p.mac            x14, x6, x17        x14=00000bd0 x14:00000888  x6:fffffff2 x17:ffffffc4
20422182ns          340082 1c00819e 00ef222b p.sw             x14, 4(x30!)        x30=1000093c x14:00000bd0 x30:10000938  PA:10000938
20422202ns          340083 1c0081a2 004e8e93 addi             x29, x29, 4         x29=1000011c x29:10000118
20422242ns          340085 1c00817e 40af87b3 sub              x15, x31, x10       x15=00000020 x31:10000144 x10:10000124
20422261ns          340086 1c008182 ffc78793 addi             x15, x15, -4        x15=0000001c x15:00000020
20422281ns          340087 1c008184 0027d793 srli             x15, x15, 0x2       x15=00000007 x15:0000001c
20422301ns          340088 1c008186 01d00833 add              x16, x0, x29        x16=1000011c x29:1000011c
20422321ns          340089 1c008188 00a00633 add              x12, x0, x10        x12=10000124 x10:10000124
20422341ns          340090 1c00818a 00000713 addi             x14, x0, 0          x14=00000000
20422361ns          340091 1c00818c 00178793 addi             x15, x15, 1         x15=00000008 x15:00000007
20422381ns          340092 1c00818e 0067c0fb lp.setup         0x1, x15, 0x6       x15:00000008
20422401ns          340093 1c008192 0046230b p.lw             x6, 4(x12!)          x6=fffffff9 x12=10000128 x12:10000124  PA:10000124
20422421ns          340094 1c008196 2078788b p.lw             x17, x7(x16!)       x17=fffffffb x16=1000013c  x7:00000020 x16:1000011c  PA:1000011c
20422460ns          340096 1c00819a 43130733 p.mac            x14, x6, x17        x14=00000023 x14:00000000  x6:fffffff9 x17:fffffffb
20422480ns          340097 1c008192 0046230b p.lw             x6, 4(x12!)          x6=fffffff8 x12=1000012c x12:10000128  PA:10000128
20422500ns          340098 1c008196 2078788b p.lw             x17, x7(x16!)       x17=fffffff3 x16=1000015c  x7:00000020 x16:1000013c  PA:1000013c
20422540ns          340100 1c00819a 43130733 p.mac            x14, x6, x17        x14=0000008b x14:00000023  x6:fffffff8 x17:fffffff3
20422560ns          340101 1c008192 0046230b p.lw             x6, 4(x12!)          x6=fffffff7 x12=10000130 x12:1000012c  PA:1000012c
20422580ns          340102 1c008196 2078788b p.lw             x17, x7(x16!)       x17=ffffffeb x16=1000017c  x7:00000020 x16:1000015c  PA:1000015c
20422619ns          340104 1c00819a 43130733 p.mac            x14, x6, x17        x14=00000148 x14:0000008b  x6:fffffff7 x17:ffffffeb
20422639ns          340105 1c008192 0046230b p.lw             x6, 4(x12!)          x6=fffffff6 x12=10000134 x12:10000130  PA:10000130
20422659ns          340106 1c008196 2078788b p.lw             x17, x7(x16!)       x17=ffffffe3 x16=1000019c  x7:00000020 x16:1000017c  PA:1000017c
20422699ns          340108 1c00819a 43130733 p.mac            x14, x6, x17        x14=0000026a x14:00000148  x6:fffffff6 x17:ffffffe3
20422719ns          340109 1c008192 0046230b p.lw             x6, 4(x12!)          x6=fffffff5 x12=10000138 x12:10000134  PA:10000134
20422739ns          340110 1c008196 2078788b p.lw             x17, x7(x16!)       x17=ffffffdb x16=100001bc  x7:00000020 x16:1000019c  PA:1000019c
20422779ns          340112 1c00819a 43130733 p.mac            x14, x6, x17        x14=00000401 x14:0000026a  x6:fffffff5 x17:ffffffdb
20422798ns          340113 1c008192 0046230b p.lw             x6, 4(x12!)          x6=fffffff4 x12=1000013c x12:10000138  PA:10000138
20422818ns          340114 1c008196 2078788b p.lw             x17, x7(x16!)       x17=ffffffd3 x16=100001dc  x7:00000020 x16:100001bc  PA:100001bc
20422858ns          340116 1c00819a 43130733 p.mac            x14, x6, x17        x14=0000061d x14:00000401  x6:fffffff4 x17:ffffffd3
20422878ns          340117 1c008192 0046230b p.lw             x6, 4(x12!)          x6=fffffff3 x12=10000140 x12:1000013c  PA:1000013c
20422898ns          340118 1c008196 2078788b p.lw             x17, x7(x16!)       x17=ffffffcb x16=100001fc  x7:00000020 x16:100001dc  PA:100001dc
20422938ns          340120 1c00819a 43130733 p.mac            x14, x6, x17        x14=000008ce x14:0000061d  x6:fffffff3 x17:ffffffcb
20422958ns          340121 1c008192 0046230b p.lw             x6, 4(x12!)          x6=fffffff2 x12=10000144 x12:10000140  PA:10000140
20422977ns          340122 1c008196 2078788b p.lw             x17, x7(x16!)       x17=ffffffc3 x16=1000021c  x7:00000020 x16:100001fc  PA:100001fc
20423017ns          340124 1c00819a 43130733 p.mac            x14, x6, x17        x14=00000c24 x14:000008ce  x6:fffffff2 x17:ffffffc3
20423037ns          340125 1c00819e 00ef222b p.sw             x14, 4(x30!)        x30=10000940 x14:00000c24 x30:1000093c  PA:1000093c
20423057ns          340126 1c0081a2 004e8e93 addi             x29, x29, 4         x29=10000120 x29:1000011c
20423097ns          340128 1c00817e 40af87b3 sub              x15, x31, x10       x15=00000020 x31:10000144 x10:10000124
20423117ns          340129 1c008182 ffc78793 addi             x15, x15, -4        x15=0000001c x15:00000020
20423137ns          340130 1c008184 0027d793 srli             x15, x15, 0x2       x15=00000007 x15:0000001c
20423156ns          340131 1c008186 01d00833 add              x16, x0, x29        x16=10000120 x29:10000120
20423176ns          340132 1c008188 00a00633 add              x12, x0, x10        x12=10000124 x10:10000124
20423196ns          340133 1c00818a 00000713 addi             x14, x0, 0          x14=00000000
20423216ns          340134 1c00818c 00178793 addi             x15, x15, 1         x15=00000008 x15:00000007
20423236ns          340135 1c00818e 0067c0fb lp.setup         0x1, x15, 0x6       x15:00000008
20423256ns          340136 1c008192 0046230b p.lw             x6, 4(x12!)          x6=fffffff9 x12=10000128 x12:10000124  PA:10000124
20423276ns          340137 1c008196 2078788b p.lw             x17, x7(x16!)       x17=fffffffa x16=10000140  x7:00000020 x16:10000120  PA:10000120
20423316ns          340139 1c00819a 43130733 p.mac            x14, x6, x17        x14=0000002a x14:00000000  x6:fffffff9 x17:fffffffa
20423336ns          340140 1c008192 0046230b p.lw             x6, 4(x12!)          x6=fffffff8 x12=1000012c x12:10000128  PA:10000128
20423355ns          340141 1c008196 2078788b p.lw             x17, x7(x16!)       x17=fffffff2 x16=10000160  x7:00000020 x16:10000140  PA:10000140
20423395ns          340143 1c00819a 43130733 p.mac            x14, x6, x17        x14=0000009a x14:0000002a  x6:fffffff8 x17:fffffff2
20423415ns          340144 1c008192 0046230b p.lw             x6, 4(x12!)          x6=fffffff7 x12=10000130 x12:1000012c  PA:1000012c
20423435ns          340145 1c008196 2078788b p.lw             x17, x7(x16!)       x17=ffffffea x16=10000180  x7:00000020 x16:10000160  PA:10000160
20423475ns          340147 1c00819a 43130733 p.mac            x14, x6, x17        x14=00000160 x14:0000009a  x6:fffffff7 x17:ffffffea
20423495ns          340148 1c008192 0046230b p.lw             x6, 4(x12!)          x6=fffffff6 x12=10000134 x12:10000130  PA:10000130
20423515ns          340149 1c008196 2078788b p.lw             x17, x7(x16!)       x17=ffffffe2 x16=100001a0  x7:00000020 x16:10000180  PA:10000180
20423554ns          340151 1c00819a 43130733 p.mac            x14, x6, x17        x14=0000028c x14:00000160  x6:fffffff6 x17:ffffffe2
20423574ns          340152 1c008192 0046230b p.lw             x6, 4(x12!)          x6=fffffff5 x12=10000138 x12:10000134  PA:10000134
20423594ns          340153 1c008196 2078788b p.lw             x17, x7(x16!)       x17=ffffffda x16=100001c0  x7:00000020 x16:100001a0  PA:100001a0
20423634ns          340155 1c00819a 43130733 p.mac            x14, x6, x17        x14=0000042e x14:0000028c  x6:fffffff5 x17:ffffffda
20423654ns          340156 1c008192 0046230b p.lw             x6, 4(x12!)          x6=fffffff4 x12=1000013c x12:10000138  PA:10000138
20423674ns          340157 1c008196 2078788b p.lw             x17, x7(x16!)       x17=ffffffd2 x16=100001e0  x7:00000020 x16:100001c0  PA:100001c0
20423713ns          340159 1c00819a 43130733 p.mac            x14, x6, x17        x14=00000656 x14:0000042e  x6:fffffff4 x17:ffffffd2
20423733ns          340160 1c008192 0046230b p.lw             x6, 4(x12!)          x6=fffffff3 x12=10000140 x12:1000013c  PA:1000013c
20423753ns          340161 1c008196 2078788b p.lw             x17, x7(x16!)       x17=ffffffca x16=10000200  x7:00000020 x16:100001e0  PA:100001e0
20423793ns          340163 1c00819a 43130733 p.mac            x14, x6, x17        x14=00000914 x14:00000656  x6:fffffff3 x17:ffffffca
20423813ns          340164 1c008192 0046230b p.lw             x6, 4(x12!)          x6=fffffff2 x12=10000144 x12:10000140  PA:10000140
20423853ns          340166 1c008196 2078788b p.lw             x17, x7(x16!)       x17=ffffffc2 x16=10000220  x7:00000020 x16:10000200  PA:10000200
20423892ns          340168 1c00819a 43130733 p.mac            x14, x6, x17        x14=00000c78 x14:00000914  x6:fffffff2 x17:ffffffc2
20423912ns          340169 1c00819e 00ef222b p.sw             x14, 4(x30!)        x30=10000944 x14:00000c78 x30:10000940  PA:10000940
20423932ns          340170 1c0081a2 004e8e93 addi             x29, x29, 4         x29=10000124 x29:10000120
20423952ns          340171 1c0081a4 00128293 addi             x5, x5, 1            x5=00000002  x5:00000001
20423972ns          340172 1c0081a6 00750533 add              x10, x10, x7        x10=10000144 x10:10000124  x7:00000020
20423992ns          340173 1c0081a8 007f8fb3 add              x31, x31, x7        x31=10000164 x31:10000144  x7:00000020
20424012ns          340174 1c0081aa fa569fe3 bne              x13, x5, -66        x13:00000008  x5:00000002
20424071ns          340177 1c008168 40b48e33 sub              x28, x9, x11        x28=00000020  x9:10000124 x11:10000104
20424091ns          340178 1c00816c ffce0e13 addi             x28, x28, -4        x28=0000001c x28:00000020
20424111ns          340179 1c00816e 002e5e13 srli             x28, x28, 0x2       x28=00000007 x28:0000001c
20424131ns          340180 1c008172 008f8f33 add              x30, x31, x8        x30=10000944 x31:10000164  x8:000007e0
20424151ns          340181 1c008176 00b00eb3 add              x29, x0, x11        x29=10000104 x11:10000104
20424171ns          340182 1c008178 001e0e13 addi             x28, x28, 1         x28=00000008 x28:00000007
20424191ns          340183 1c00817a 014e407b lp.setup         0x0, x28, 0x14      x28:00000008
20424211ns          340184 1c00817e 40af87b3 sub              x15, x31, x10       x15=00000020 x31:10000164 x10:10000144
20424231ns          340185 1c008182 ffc78793 addi             x15, x15, -4        x15=0000001c x15:00000020
20424250ns          340186 1c008184 0027d793 srli             x15, x15, 0x2       x15=00000007 x15:0000001c
20424270ns          340187 1c008186 01d00833 add              x16, x0, x29        x16=10000104 x29:10000104
20424290ns          340188 1c008188 00a00633 add              x12, x0, x10        x12=10000144 x10:10000144
20424310ns          340189 1c00818a 00000713 addi             x14, x0, 0          x14=00000000
20424330ns          340190 1c00818c 00178793 addi             x15, x15, 1         x15=00000008 x15:00000007
20424350ns          340191 1c00818e 0067c0fb lp.setup         0x1, x15, 0x6       x15:00000008
20424370ns          340192 1c008192 0046230b p.lw             x6, 4(x12!)          x6=fffffff1 x12=10000148 x12:10000144  PA:10000144
20424390ns          340193 1c008196 2078788b p.lw             x17, x7(x16!)       x17=00000001 x16=10000124  x7:00000020 x16:10000104  PA:10000104
20424430ns          340195 1c00819a 43130733 p.mac            x14, x6, x17        x14=fffffff1 x14:00000000  x6:fffffff1 x17:00000001
20424449ns          340196 1c008192 0046230b p.lw             x6, 4(x12!)          x6=fffffff0 x12=1000014c x12:10000148  PA:10000148
20424469ns          340197 1c008196 2078788b p.lw             x17, x7(x16!)       x17=fffffff9 x16=10000144  x7:00000020 x16:10000124  PA:10000124
20424509ns          340199 1c00819a 43130733 p.mac            x14, x6, x17        x14=00000061 x14:fffffff1  x6:fffffff0 x17:fffffff9
20424529ns          340200 1c008192 0046230b p.lw             x6, 4(x12!)          x6=ffffffef x12=10000150 x12:1000014c  PA:1000014c
20424549ns          340201 1c008196 2078788b p.lw             x17, x7(x16!)       x17=fffffff1 x16=10000164  x7:00000020 x16:10000144  PA:10000144
20424589ns          340203 1c00819a 43130733 p.mac            x14, x6, x17        x14=00000160 x14:00000061  x6:ffffffef x17:fffffff1
20424609ns          340204 1c008192 0046230b p.lw             x6, 4(x12!)          x6=ffffffee x12=10000154 x12:10000150  PA:10000150
20424628ns          340205 1c008196 2078788b p.lw             x17, x7(x16!)       x17=ffffffe9 x16=10000184  x7:00000020 x16:10000164  PA:10000164
20424668ns          340207 1c00819a 43130733 p.mac            x14, x6, x17        x14=000002fe x14:00000160  x6:ffffffee x17:ffffffe9
20424688ns          340208 1c008192 0046230b p.lw             x6, 4(x12!)          x6=ffffffed x12=10000158 x12:10000154  PA:10000154
20424708ns          340209 1c008196 2078788b p.lw             x17, x7(x16!)       x17=ffffffe1 x16=100001a4  x7:00000020 x16:10000184  PA:10000184
20424748ns          340211 1c00819a 43130733 p.mac            x14, x6, x17        x14=0000054b x14:000002fe  x6:ffffffed x17:ffffffe1
20424768ns          340212 1c008192 0046230b p.lw             x6, 4(x12!)          x6=ffffffec x12=1000015c x12:10000158  PA:10000158
20424788ns          340213 1c008196 2078788b p.lw             x17, x7(x16!)       x17=ffffffd9 x16=100001c4  x7:00000020 x16:100001a4  PA:100001a4
20424827ns          340215 1c00819a 43130733 p.mac            x14, x6, x17        x14=00000857 x14:0000054b  x6:ffffffec x17:ffffffd9
20424847ns          340216 1c008192 0046230b p.lw             x6, 4(x12!)          x6=ffffffeb x12=10000160 x12:1000015c  PA:1000015c
20424867ns          340217 1c008196 2078788b p.lw             x17, x7(x16!)       x17=ffffffd1 x16=100001e4  x7:00000020 x16:100001c4  PA:100001c4
20424907ns          340219 1c00819a 43130733 p.mac            x14, x6, x17        x14=00000c32 x14:00000857  x6:ffffffeb x17:ffffffd1
20424927ns          340220 1c008192 0046230b p.lw             x6, 4(x12!)          x6=ffffffea x12=10000164 x12:10000160  PA:10000160
20424947ns          340221 1c008196 2078788b p.lw             x17, x7(x16!)       x17=ffffffc9 x16=10000204  x7:00000020 x16:100001e4  PA:100001e4
20424986ns          340223 1c00819a 43130733 p.mac            x14, x6, x17        x14=000010ec x14:00000c32  x6:ffffffea x17:ffffffc9
20425006ns          340224 1c00819e 00ef222b p.sw             x14, 4(x30!)        x30=10000948 x14:000010ec x30:10000944  PA:10000944
20425026ns          340225 1c0081a2 004e8e93 addi             x29, x29, 4         x29=10000108 x29:10000104
20425066ns          340227 1c00817e 40af87b3 sub              x15, x31, x10       x15=00000020 x31:10000164 x10:10000144
20425086ns          340228 1c008182 ffc78793 addi             x15, x15, -4        x15=0000001c x15:00000020
20425106ns          340229 1c008184 0027d793 srli             x15, x15, 0x2       x15=00000007 x15:0000001c
20425126ns          340230 1c008186 01d00833 add              x16, x0, x29        x16=10000108 x29:10000108
20425146ns          340231 1c008188 00a00633 add              x12, x0, x10        x12=10000144 x10:10000144
20425165ns          340232 1c00818a 00000713 addi             x14, x0, 0          x14=00000000
20425185ns          340233 1c00818c 00178793 addi             x15, x15, 1         x15=00000008 x15:00000007
20425205ns          340234 1c00818e 0067c0fb lp.setup         0x1, x15, 0x6       x15:00000008
20425225ns          340235 1c008192 0046230b p.lw             x6, 4(x12!)          x6=fffffff1 x12=10000148 x12:10000144  PA:10000144
20425245ns          340236 1c008196 2078788b p.lw             x17, x7(x16!)       x17=00000000 x16=10000128  x7:00000020 x16:10000108  PA:10000108
20425285ns          340238 1c00819a 43130733 p.mac            x14, x6, x17        x14=00000000 x14:00000000  x6:fffffff1 x17:00000000
20425305ns          340239 1c008192 0046230b p.lw             x6, 4(x12!)          x6=fffffff0 x12=1000014c x12:10000148  PA:10000148
20425325ns          340240 1c008196 2078788b p.lw             x17, x7(x16!)       x17=fffffff8 x16=10000148  x7:00000020 x16:10000128  PA:10000128
20425364ns          340242 1c00819a 43130733 p.mac            x14, x6, x17        x14=00000080 x14:00000000  x6:fffffff0 x17:fffffff8
20425384ns          340243 1c008192 0046230b p.lw             x6, 4(x12!)          x6=ffffffef x12=10000150 x12:1000014c  PA:1000014c
20425404ns          340244 1c008196 2078788b p.lw             x17, x7(x16!)       x17=fffffff0 x16=10000168  x7:00000020 x16:10000148  PA:10000148
20425444ns          340246 1c00819a 43130733 p.mac            x14, x6, x17        x14=00000190 x14:00000080  x6:ffffffef x17:fffffff0
20425464ns          340247 1c008192 0046230b p.lw             x6, 4(x12!)          x6=ffffffee x12=10000154 x12:10000150  PA:10000150
20425484ns          340248 1c008196 2078788b p.lw             x17, x7(x16!)       x17=ffffffe8 x16=10000188  x7:00000020 x16:10000168  PA:10000168
20425523ns          340250 1c00819a 43130733 p.mac            x14, x6, x17        x14=00000340 x14:00000190  x6:ffffffee x17:ffffffe8
20425543ns          340251 1c008192 0046230b p.lw             x6, 4(x12!)          x6=ffffffed x12=10000158 x12:10000154  PA:10000154
20425563ns          340252 1c008196 2078788b p.lw             x17, x7(x16!)       x17=ffffffe0 x16=100001a8  x7:00000020 x16:10000188  PA:10000188
20425603ns          340254 1c00819a 43130733 p.mac            x14, x6, x17        x14=000005a0 x14:00000340  x6:ffffffed x17:ffffffe0
20425623ns          340255 1c008192 0046230b p.lw             x6, 4(x12!)          x6=ffffffec x12=1000015c x12:10000158  PA:10000158
20425643ns          340256 1c008196 2078788b p.lw             x17, x7(x16!)       x17=ffffffd8 x16=100001c8  x7:00000020 x16:100001a8  PA:100001a8
20425683ns          340258 1c00819a 43130733 p.mac            x14, x6, x17        x14=000008c0 x14:000005a0  x6:ffffffec x17:ffffffd8
20425703ns          340259 1c008192 0046230b p.lw             x6, 4(x12!)          x6=ffffffeb x12=10000160 x12:1000015c  PA:1000015c
20425722ns          340260 1c008196 2078788b p.lw             x17, x7(x16!)       x17=ffffffd0 x16=100001e8  x7:00000020 x16:100001c8  PA:100001c8
20425762ns          340262 1c00819a 43130733 p.mac            x14, x6, x17        x14=00000cb0 x14:000008c0  x6:ffffffeb x17:ffffffd0
20425782ns          340263 1c008192 0046230b p.lw             x6, 4(x12!)          x6=ffffffea x12=10000164 x12:10000160  PA:10000160
20425802ns          340264 1c008196 2078788b p.lw             x17, x7(x16!)       x17=ffffffc8 x16=10000208  x7:00000020 x16:100001e8  PA:100001e8
20425842ns          340266 1c00819a 43130733 p.mac            x14, x6, x17        x14=00001180 x14:00000cb0  x6:ffffffea x17:ffffffc8
20425862ns          340267 1c00819e 00ef222b p.sw             x14, 4(x30!)        x30=1000094c x14:00001180 x30:10000948  PA:10000948
20425882ns          340268 1c0081a2 004e8e93 addi             x29, x29, 4         x29=1000010c x29:10000108
20425921ns          340270 1c00817e 40af87b3 sub              x15, x31, x10       x15=00000020 x31:10000164 x10:10000144
20425941ns          340271 1c008182 ffc78793 addi             x15, x15, -4        x15=0000001c x15:00000020
20425961ns          340272 1c008184 0027d793 srli             x15, x15, 0x2       x15=00000007 x15:0000001c
20425981ns          340273 1c008186 01d00833 add              x16, x0, x29        x16=1000010c x29:1000010c
20426001ns          340274 1c008188 00a00633 add              x12, x0, x10        x12=10000144 x10:10000144
20426021ns          340275 1c00818a 00000713 addi             x14, x0, 0          x14=00000000
20426041ns          340276 1c00818c 00178793 addi             x15, x15, 1         x15=00000008 x15:00000007
20426061ns          340277 1c00818e 0067c0fb lp.setup         0x1, x15, 0x6       x15:00000008
20426080ns          340278 1c008192 0046230b p.lw             x6, 4(x12!)          x6=fffffff1 x12=10000148 x12:10000144  PA:10000144
20426100ns          340279 1c008196 2078788b p.lw             x17, x7(x16!)       x17=ffffffff x16=1000012c  x7:00000020 x16:1000010c  PA:1000010c
20426140ns          340281 1c00819a 43130733 p.mac            x14, x6, x17        x14=0000000f x14:00000000  x6:fffffff1 x17:ffffffff
20426160ns          340282 1c008192 0046230b p.lw             x6, 4(x12!)          x6=fffffff0 x12=1000014c x12:10000148  PA:10000148
20426180ns          340283 1c008196 2078788b p.lw             x17, x7(x16!)       x17=fffffff7 x16=1000014c  x7:00000020 x16:1000012c  PA:1000012c
20426220ns          340285 1c00819a 43130733 p.mac            x14, x6, x17        x14=0000009f x14:0000000f  x6:fffffff0 x17:fffffff7
20426240ns          340286 1c008192 0046230b p.lw             x6, 4(x12!)          x6=ffffffef x12=10000150 x12:1000014c  PA:1000014c
20426259ns          340287 1c008196 2078788b p.lw             x17, x7(x16!)       x17=ffffffef x16=1000016c  x7:00000020 x16:1000014c  PA:1000014c
20426299ns          340289 1c00819a 43130733 p.mac            x14, x6, x17        x14=000001c0 x14:0000009f  x6:ffffffef x17:ffffffef
20426319ns          340290 1c008192 0046230b p.lw             x6, 4(x12!)          x6=ffffffee x12=10000154 x12:10000150  PA:10000150
20426339ns          340291 1c008196 2078788b p.lw             x17, x7(x16!)       x17=ffffffe7 x16=1000018c  x7:00000020 x16:1000016c  PA:1000016c
20426379ns          340293 1c00819a 43130733 p.mac            x14, x6, x17        x14=00000382 x14:000001c0  x6:ffffffee x17:ffffffe7
20426399ns          340294 1c008192 0046230b p.lw             x6, 4(x12!)          x6=ffffffed x12=10000158 x12:10000154  PA:10000154
20426419ns          340295 1c008196 2078788b p.lw             x17, x7(x16!)       x17=ffffffdf x16=100001ac  x7:00000020 x16:1000018c  PA:1000018c
20426458ns          340297 1c00819a 43130733 p.mac            x14, x6, x17        x14=000005f5 x14:00000382  x6:ffffffed x17:ffffffdf
20426478ns          340298 1c008192 0046230b p.lw             x6, 4(x12!)          x6=ffffffec x12=1000015c x12:10000158  PA:10000158
20426498ns          340299 1c008196 2078788b p.lw             x17, x7(x16!)       x17=ffffffd7 x16=100001cc  x7:00000020 x16:100001ac  PA:100001ac
20426538ns          340301 1c00819a 43130733 p.mac            x14, x6, x17        x14=00000929 x14:000005f5  x6:ffffffec x17:ffffffd7
20426558ns          340302 1c008192 0046230b p.lw             x6, 4(x12!)          x6=ffffffeb x12=10000160 x12:1000015c  PA:1000015c
20426578ns          340303 1c008196 2078788b p.lw             x17, x7(x16!)       x17=ffffffcf x16=100001ec  x7:00000020 x16:100001cc  PA:100001cc
20426617ns          340305 1c00819a 43130733 p.mac            x14, x6, x17        x14=00000d2e x14:00000929  x6:ffffffeb x17:ffffffcf
20426637ns          340306 1c008192 0046230b p.lw             x6, 4(x12!)          x6=ffffffea x12=10000164 x12:10000160  PA:10000160
20426657ns          340307 1c008196 2078788b p.lw             x17, x7(x16!)       x17=ffffffc7 x16=1000020c  x7:00000020 x16:100001ec  PA:100001ec
20426697ns          340309 1c00819a 43130733 p.mac            x14, x6, x17        x14=00001214 x14:00000d2e  x6:ffffffea x17:ffffffc7
20426717ns          340310 1c00819e 00ef222b p.sw             x14, 4(x30!)        x30=10000950 x14:00001214 x30:1000094c  PA:1000094c
20426737ns          340311 1c0081a2 004e8e93 addi             x29, x29, 4         x29=10000110 x29:1000010c
20426777ns          340313 1c00817e 40af87b3 sub              x15, x31, x10       x15=00000020 x31:10000164 x10:10000144
20426797ns          340314 1c008182 ffc78793 addi             x15, x15, -4        x15=0000001c x15:00000020
20426816ns          340315 1c008184 0027d793 srli             x15, x15, 0x2       x15=00000007 x15:0000001c
20426836ns          340316 1c008186 01d00833 add              x16, x0, x29        x16=10000110 x29:10000110
20426856ns          340317 1c008188 00a00633 add              x12, x0, x10        x12=10000144 x10:10000144
20426876ns          340318 1c00818a 00000713 addi             x14, x0, 0          x14=00000000
20426896ns          340319 1c00818c 00178793 addi             x15, x15, 1         x15=00000008 x15:00000007
20426916ns          340320 1c00818e 0067c0fb lp.setup         0x1, x15, 0x6       x15:00000008
20426936ns          340321 1c008192 0046230b p.lw             x6, 4(x12!)          x6=fffffff1 x12=10000148 x12:10000144  PA:10000144
20426956ns          340322 1c008196 2078788b p.lw             x17, x7(x16!)       x17=fffffffe x16=10000130  x7:00000020 x16:10000110  PA:10000110
20426995ns          340324 1c00819a 43130733 p.mac            x14, x6, x17        x14=0000001e x14:00000000  x6:fffffff1 x17:fffffffe
20427015ns          340325 1c008192 0046230b p.lw             x6, 4(x12!)          x6=fffffff0 x12=1000014c x12:10000148  PA:10000148
20427035ns          340326 1c008196 2078788b p.lw             x17, x7(x16!)       x17=fffffff6 x16=10000150  x7:00000020 x16:10000130  PA:10000130
20427075ns          340328 1c00819a 43130733 p.mac            x14, x6, x17        x14=000000be x14:0000001e  x6:fffffff0 x17:fffffff6
20427095ns          340329 1c008192 0046230b p.lw             x6, 4(x12!)          x6=ffffffef x12=10000150 x12:1000014c  PA:1000014c
20427115ns          340330 1c008196 2078788b p.lw             x17, x7(x16!)       x17=ffffffee x16=10000170  x7:00000020 x16:10000150  PA:10000150
20427155ns          340332 1c00819a 43130733 p.mac            x14, x6, x17        x14=000001f0 x14:000000be  x6:ffffffef x17:ffffffee
20427174ns          340333 1c008192 0046230b p.lw             x6, 4(x12!)          x6=ffffffee x12=10000154 x12:10000150  PA:10000150
20427194ns          340334 1c008196 2078788b p.lw             x17, x7(x16!)       x17=ffffffe6 x16=10000190  x7:00000020 x16:10000170  PA:10000170
20427234ns          340336 1c00819a 43130733 p.mac            x14, x6, x17        x14=000003c4 x14:000001f0  x6:ffffffee x17:ffffffe6
20427254ns          340337 1c008192 0046230b p.lw             x6, 4(x12!)          x6=ffffffed x12=10000158 x12:10000154  PA:10000154
20427274ns          340338 1c008196 2078788b p.lw             x17, x7(x16!)       x17=ffffffde x16=100001b0  x7:00000020 x16:10000190  PA:10000190
20427314ns          340340 1c00819a 43130733 p.mac            x14, x6, x17        x14=0000064a x14:000003c4  x6:ffffffed x17:ffffffde
20427334ns          340341 1c008192 0046230b p.lw             x6, 4(x12!)          x6=ffffffec x12=1000015c x12:10000158  PA:10000158
20427353ns          340342 1c008196 2078788b p.lw             x17, x7(x16!)       x17=ffffffd6 x16=100001d0  x7:00000020 x16:100001b0  PA:100001b0
20427393ns          340344 1c00819a 43130733 p.mac            x14, x6, x17        x14=00000992 x14:0000064a  x6:ffffffec x17:ffffffd6
20427413ns          340345 1c008192 0046230b p.lw             x6, 4(x12!)          x6=ffffffeb x12=10000160 x12:1000015c  PA:1000015c
20427433ns          340346 1c008196 2078788b p.lw             x17, x7(x16!)       x17=ffffffce x16=100001f0  x7:00000020 x16:100001d0  PA:100001d0
20427473ns          340348 1c00819a 43130733 p.mac            x14, x6, x17        x14=00000dac x14:00000992  x6:ffffffeb x17:ffffffce
20427493ns          340349 1c008192 0046230b p.lw             x6, 4(x12!)          x6=ffffffea x12=10000164 x12:10000160  PA:10000160
20427513ns          340350 1c008196 2078788b p.lw             x17, x7(x16!)       x17=ffffffc6 x16=10000210  x7:00000020 x16:100001f0  PA:100001f0
20427552ns          340352 1c00819a 43130733 p.mac            x14, x6, x17        x14=000012a8 x14:00000dac  x6:ffffffea x17:ffffffc6
20427572ns          340353 1c00819e 00ef222b p.sw             x14, 4(x30!)        x30=10000954 x14:000012a8 x30:10000950  PA:10000950
20427592ns          340354 1c0081a2 004e8e93 addi             x29, x29, 4         x29=10000114 x29:10000110
20427632ns          340356 1c00817e 40af87b3 sub              x15, x31, x10       x15=00000020 x31:10000164 x10:10000144
20427652ns          340357 1c008182 ffc78793 addi             x15, x15, -4        x15=0000001c x15:00000020
20427672ns          340358 1c008184 0027d793 srli             x15, x15, 0x2       x15=00000007 x15:0000001c
20427692ns          340359 1c008186 01d00833 add              x16, x0, x29        x16=10000114 x29:10000114
20427711ns          340360 1c008188 00a00633 add              x12, x0, x10        x12=10000144 x10:10000144
20427731ns          340361 1c00818a 00000713 addi             x14, x0, 0          x14=00000000
20427751ns          340362 1c00818c 00178793 addi             x15, x15, 1         x15=00000008 x15:00000007
20427771ns          340363 1c00818e 0067c0fb lp.setup         0x1, x15, 0x6       x15:00000008
20427791ns          340364 1c008192 0046230b p.lw             x6, 4(x12!)          x6=fffffff1 x12=10000148 x12:10000144  PA:10000144
20427811ns          340365 1c008196 2078788b p.lw             x17, x7(x16!)       x17=fffffffd x16=10000134  x7:00000020 x16:10000114  PA:10000114
20427851ns          340367 1c00819a 43130733 p.mac            x14, x6, x17        x14=0000002d x14:00000000  x6:fffffff1 x17:fffffffd
20427871ns          340368 1c008192 0046230b p.lw             x6, 4(x12!)          x6=fffffff0 x12=1000014c x12:10000148  PA:10000148
20427890ns          340369 1c008196 2078788b p.lw             x17, x7(x16!)       x17=fffffff5 x16=10000154  x7:00000020 x16:10000134  PA:10000134
20427930ns          340371 1c00819a 43130733 p.mac            x14, x6, x17        x14=000000dd x14:0000002d  x6:fffffff0 x17:fffffff5
20427950ns          340372 1c008192 0046230b p.lw             x6, 4(x12!)          x6=ffffffef x12=10000150 x12:1000014c  PA:1000014c
20427970ns          340373 1c008196 2078788b p.lw             x17, x7(x16!)       x17=ffffffed x16=10000174  x7:00000020 x16:10000154  PA:10000154
20428010ns          340375 1c00819a 43130733 p.mac            x14, x6, x17        x14=00000220 x14:000000dd  x6:ffffffef x17:ffffffed
20428030ns          340376 1c008192 0046230b p.lw             x6, 4(x12!)          x6=ffffffee x12=10000154 x12:10000150  PA:10000150
20428050ns          340377 1c008196 2078788b p.lw             x17, x7(x16!)       x17=ffffffe5 x16=10000194  x7:00000020 x16:10000174  PA:10000174
20428089ns          340379 1c00819a 43130733 p.mac            x14, x6, x17        x14=00000406 x14:00000220  x6:ffffffee x17:ffffffe5
20428109ns          340380 1c008192 0046230b p.lw             x6, 4(x12!)          x6=ffffffed x12=10000158 x12:10000154  PA:10000154
20428129ns          340381 1c008196 2078788b p.lw             x17, x7(x16!)       x17=ffffffdd x16=100001b4  x7:00000020 x16:10000194  PA:10000194
20428169ns          340383 1c00819a 43130733 p.mac            x14, x6, x17        x14=0000069f x14:00000406  x6:ffffffed x17:ffffffdd
20428189ns          340384 1c008192 0046230b p.lw             x6, 4(x12!)          x6=ffffffec x12=1000015c x12:10000158  PA:10000158
20428209ns          340385 1c008196 2078788b p.lw             x17, x7(x16!)       x17=ffffffd5 x16=100001d4  x7:00000020 x16:100001b4  PA:100001b4
20428249ns          340387 1c00819a 43130733 p.mac            x14, x6, x17        x14=000009fb x14:0000069f  x6:ffffffec x17:ffffffd5
20428268ns          340388 1c008192 0046230b p.lw             x6, 4(x12!)          x6=ffffffeb x12=10000160 x12:1000015c  PA:1000015c
20428288ns          340389 1c008196 2078788b p.lw             x17, x7(x16!)       x17=ffffffcd x16=100001f4  x7:00000020 x16:100001d4  PA:100001d4
20428328ns          340391 1c00819a 43130733 p.mac            x14, x6, x17        x14=00000e2a x14:000009fb  x6:ffffffeb x17:ffffffcd
20428348ns          340392 1c008192 0046230b p.lw             x6, 4(x12!)          x6=ffffffea x12=10000164 x12:10000160  PA:10000160
20428368ns          340393 1c008196 2078788b p.lw             x17, x7(x16!)       x17=ffffffc5 x16=10000214  x7:00000020 x16:100001f4  PA:100001f4
20428408ns          340395 1c00819a 43130733 p.mac            x14, x6, x17        x14=0000133c x14:00000e2a  x6:ffffffea x17:ffffffc5
20428428ns          340396 1c00819e 00ef222b p.sw             x14, 4(x30!)        x30=10000958 x14:0000133c x30:10000954  PA:10000954
20428447ns          340397 1c0081a2 004e8e93 addi             x29, x29, 4         x29=10000118 x29:10000114
20428487ns          340399 1c00817e 40af87b3 sub              x15, x31, x10       x15=00000020 x31:10000164 x10:10000144
20428507ns          340400 1c008182 ffc78793 addi             x15, x15, -4        x15=0000001c x15:00000020
20428527ns          340401 1c008184 0027d793 srli             x15, x15, 0x2       x15=00000007 x15:0000001c
20428547ns          340402 1c008186 01d00833 add              x16, x0, x29        x16=10000118 x29:10000118
20428567ns          340403 1c008188 00a00633 add              x12, x0, x10        x12=10000144 x10:10000144
20428587ns          340404 1c00818a 00000713 addi             x14, x0, 0          x14=00000000
20428607ns          340405 1c00818c 00178793 addi             x15, x15, 1         x15=00000008 x15:00000007
20428626ns          340406 1c00818e 0067c0fb lp.setup         0x1, x15, 0x6       x15:00000008
20428646ns          340407 1c008192 0046230b p.lw             x6, 4(x12!)          x6=fffffff1 x12=10000148 x12:10000144  PA:10000144
20428666ns          340408 1c008196 2078788b p.lw             x17, x7(x16!)       x17=fffffffc x16=10000138  x7:00000020 x16:10000118  PA:10000118
20428706ns          340410 1c00819a 43130733 p.mac            x14, x6, x17        x14=0000003c x14:00000000  x6:fffffff1 x17:fffffffc
20428726ns          340411 1c008192 0046230b p.lw             x6, 4(x12!)          x6=fffffff0 x12=1000014c x12:10000148  PA:10000148
20428746ns          340412 1c008196 2078788b p.lw             x17, x7(x16!)       x17=fffffff4 x16=10000158  x7:00000020 x16:10000138  PA:10000138
20428786ns          340414 1c00819a 43130733 p.mac            x14, x6, x17        x14=000000fc x14:0000003c  x6:fffffff0 x17:fffffff4
20428805ns          340415 1c008192 0046230b p.lw             x6, 4(x12!)          x6=ffffffef x12=10000150 x12:1000014c  PA:1000014c
20428825ns          340416 1c008196 2078788b p.lw             x17, x7(x16!)       x17=ffffffec x16=10000178  x7:00000020 x16:10000158  PA:10000158
20428865ns          340418 1c00819a 43130733 p.mac            x14, x6, x17        x14=00000250 x14:000000fc  x6:ffffffef x17:ffffffec
20428885ns          340419 1c008192 0046230b p.lw             x6, 4(x12!)          x6=ffffffee x12=10000154 x12:10000150  PA:10000150
20428905ns          340420 1c008196 2078788b p.lw             x17, x7(x16!)       x17=ffffffe4 x16=10000198  x7:00000020 x16:10000178  PA:10000178
20428945ns          340422 1c00819a 43130733 p.mac            x14, x6, x17        x14=00000448 x14:00000250  x6:ffffffee x17:ffffffe4
20428965ns          340423 1c008192 0046230b p.lw             x6, 4(x12!)          x6=ffffffed x12=10000158 x12:10000154  PA:10000154
20428984ns          340424 1c008196 2078788b p.lw             x17, x7(x16!)       x17=ffffffdc x16=100001b8  x7:00000020 x16:10000198  PA:10000198
20429044ns          340427 1c00819a 43130733 p.mac            x14, x6, x17        x14=000006f4 x14:00000448  x6:ffffffed x17:ffffffdc
20429064ns          340428 1c008192 0046230b p.lw             x6, 4(x12!)          x6=ffffffec x12=1000015c x12:10000158  PA:10000158
20429084ns          340429 1c008196 2078788b p.lw             x17, x7(x16!)       x17=ffffffd4 x16=100001d8  x7:00000020 x16:100001b8  PA:100001b8
20429124ns          340431 1c00819a 43130733 p.mac            x14, x6, x17        x14=00000a64 x14:000006f4  x6:ffffffec x17:ffffffd4
20429144ns          340432 1c008192 0046230b p.lw             x6, 4(x12!)          x6=ffffffeb x12=10000160 x12:1000015c  PA:1000015c
20429164ns          340433 1c008196 2078788b p.lw             x17, x7(x16!)       x17=ffffffcc x16=100001f8  x7:00000020 x16:100001d8  PA:100001d8
20429203ns          340435 1c00819a 43130733 p.mac            x14, x6, x17        x14=00000ea8 x14:00000a64  x6:ffffffeb x17:ffffffcc
20429223ns          340436 1c008192 0046230b p.lw             x6, 4(x12!)          x6=ffffffea x12=10000164 x12:10000160  PA:10000160
20429243ns          340437 1c008196 2078788b p.lw             x17, x7(x16!)       x17=ffffffc4 x16=10000218  x7:00000020 x16:100001f8  PA:100001f8
20429283ns          340439 1c00819a 43130733 p.mac            x14, x6, x17        x14=000013d0 x14:00000ea8  x6:ffffffea x17:ffffffc4
20429303ns          340440 1c00819e 00ef222b p.sw             x14, 4(x30!)        x30=1000095c x14:000013d0 x30:10000958  PA:10000958
20429323ns          340441 1c0081a2 004e8e93 addi             x29, x29, 4         x29=1000011c x29:10000118
20429362ns          340443 1c00817e 40af87b3 sub              x15, x31, x10       x15=00000020 x31:10000164 x10:10000144
20429382ns          340444 1c008182 ffc78793 addi             x15, x15, -4        x15=0000001c x15:00000020
20429402ns          340445 1c008184 0027d793 srli             x15, x15, 0x2       x15=00000007 x15:0000001c
20429422ns          340446 1c008186 01d00833 add              x16, x0, x29        x16=1000011c x29:1000011c
20429442ns          340447 1c008188 00a00633 add              x12, x0, x10        x12=10000144 x10:10000144
20429462ns          340448 1c00818a 00000713 addi             x14, x0, 0          x14=00000000
20429482ns          340449 1c00818c 00178793 addi             x15, x15, 1         x15=00000008 x15:00000007
20429502ns          340450 1c00818e 0067c0fb lp.setup         0x1, x15, 0x6       x15:00000008
20429522ns          340451 1c008192 0046230b p.lw             x6, 4(x12!)          x6=fffffff1 x12=10000148 x12:10000144  PA:10000144
20429541ns          340452 1c008196 2078788b p.lw             x17, x7(x16!)       x17=fffffffb x16=1000013c  x7:00000020 x16:1000011c  PA:1000011c
20429581ns          340454 1c00819a 43130733 p.mac            x14, x6, x17        x14=0000004b x14:00000000  x6:fffffff1 x17:fffffffb
20429601ns          340455 1c008192 0046230b p.lw             x6, 4(x12!)          x6=fffffff0 x12=1000014c x12:10000148  PA:10000148
20429621ns          340456 1c008196 2078788b p.lw             x17, x7(x16!)       x17=fffffff3 x16=1000015c  x7:00000020 x16:1000013c  PA:1000013c
20429661ns          340458 1c00819a 43130733 p.mac            x14, x6, x17        x14=0000011b x14:0000004b  x6:fffffff0 x17:fffffff3
20429681ns          340459 1c008192 0046230b p.lw             x6, 4(x12!)          x6=ffffffef x12=10000150 x12:1000014c  PA:1000014c
20429701ns          340460 1c008196 2078788b p.lw             x17, x7(x16!)       x17=ffffffeb x16=1000017c  x7:00000020 x16:1000015c  PA:1000015c
20429740ns          340462 1c00819a 43130733 p.mac            x14, x6, x17        x14=00000280 x14:0000011b  x6:ffffffef x17:ffffffeb
20429760ns          340463 1c008192 0046230b p.lw             x6, 4(x12!)          x6=ffffffee x12=10000154 x12:10000150  PA:10000150
20429780ns          340464 1c008196 2078788b p.lw             x17, x7(x16!)       x17=ffffffe3 x16=1000019c  x7:00000020 x16:1000017c  PA:1000017c
20429820ns          340466 1c00819a 43130733 p.mac            x14, x6, x17        x14=0000048a x14:00000280  x6:ffffffee x17:ffffffe3
20429840ns          340467 1c008192 0046230b p.lw             x6, 4(x12!)          x6=ffffffed x12=10000158 x12:10000154  PA:10000154
20429860ns          340468 1c008196 2078788b p.lw             x17, x7(x16!)       x17=ffffffdb x16=100001bc  x7:00000020 x16:1000019c  PA:1000019c
20429899ns          340470 1c00819a 43130733 p.mac            x14, x6, x17        x14=00000749 x14:0000048a  x6:ffffffed x17:ffffffdb
20429919ns          340471 1c008192 0046230b p.lw             x6, 4(x12!)          x6=ffffffec x12=1000015c x12:10000158  PA:10000158
20429939ns          340472 1c008196 2078788b p.lw             x17, x7(x16!)       x17=ffffffd3 x16=100001dc  x7:00000020 x16:100001bc  PA:100001bc
20429979ns          340474 1c00819a 43130733 p.mac            x14, x6, x17        x14=00000acd x14:00000749  x6:ffffffec x17:ffffffd3
20429999ns          340475 1c008192 0046230b p.lw             x6, 4(x12!)          x6=ffffffeb x12=10000160 x12:1000015c  PA:1000015c
20430019ns          340476 1c008196 2078788b p.lw             x17, x7(x16!)       x17=ffffffcb x16=100001fc  x7:00000020 x16:100001dc  PA:100001dc
20430059ns          340478 1c00819a 43130733 p.mac            x14, x6, x17        x14=00000f26 x14:00000acd  x6:ffffffeb x17:ffffffcb
20430078ns          340479 1c008192 0046230b p.lw             x6, 4(x12!)          x6=ffffffea x12=10000164 x12:10000160  PA:10000160
20430098ns          340480 1c008196 2078788b p.lw             x17, x7(x16!)       x17=ffffffc3 x16=1000021c  x7:00000020 x16:100001fc  PA:100001fc
20430138ns          340482 1c00819a 43130733 p.mac            x14, x6, x17        x14=00001464 x14:00000f26  x6:ffffffea x17:ffffffc3
20430158ns          340483 1c00819e 00ef222b p.sw             x14, 4(x30!)        x30=10000960 x14:00001464 x30:1000095c  PA:1000095c
20430178ns          340484 1c0081a2 004e8e93 addi             x29, x29, 4         x29=10000120 x29:1000011c
20430218ns          340486 1c00817e 40af87b3 sub              x15, x31, x10       x15=00000020 x31:10000164 x10:10000144
20430238ns          340487 1c008182 ffc78793 addi             x15, x15, -4        x15=0000001c x15:00000020
20430257ns          340488 1c008184 0027d793 srli             x15, x15, 0x2       x15=00000007 x15:0000001c
20430277ns          340489 1c008186 01d00833 add              x16, x0, x29        x16=10000120 x29:10000120
20430297ns          340490 1c008188 00a00633 add              x12, x0, x10        x12=10000144 x10:10000144
20430317ns          340491 1c00818a 00000713 addi             x14, x0, 0          x14=00000000
20430337ns          340492 1c00818c 00178793 addi             x15, x15, 1         x15=00000008 x15:00000007
20430357ns          340493 1c00818e 0067c0fb lp.setup         0x1, x15, 0x6       x15:00000008
20430377ns          340494 1c008192 0046230b p.lw             x6, 4(x12!)          x6=fffffff1 x12=10000148 x12:10000144  PA:10000144
20430397ns          340495 1c008196 2078788b p.lw             x17, x7(x16!)       x17=fffffffa x16=10000140  x7:00000020 x16:10000120  PA:10000120
20430437ns          340497 1c00819a 43130733 p.mac            x14, x6, x17        x14=0000005a x14:00000000  x6:fffffff1 x17:fffffffa
20430456ns          340498 1c008192 0046230b p.lw             x6, 4(x12!)          x6=fffffff0 x12=1000014c x12:10000148  PA:10000148
20430476ns          340499 1c008196 2078788b p.lw             x17, x7(x16!)       x17=fffffff2 x16=10000160  x7:00000020 x16:10000140  PA:10000140
20430516ns          340501 1c00819a 43130733 p.mac            x14, x6, x17        x14=0000013a x14:0000005a  x6:fffffff0 x17:fffffff2
20430536ns          340502 1c008192 0046230b p.lw             x6, 4(x12!)          x6=ffffffef x12=10000150 x12:1000014c  PA:1000014c
20430556ns          340503 1c008196 2078788b p.lw             x17, x7(x16!)       x17=ffffffea x16=10000180  x7:00000020 x16:10000160  PA:10000160
20430596ns          340505 1c00819a 43130733 p.mac            x14, x6, x17        x14=000002b0 x14:0000013a  x6:ffffffef x17:ffffffea
20430616ns          340506 1c008192 0046230b p.lw             x6, 4(x12!)          x6=ffffffee x12=10000154 x12:10000150  PA:10000150
20430635ns          340507 1c008196 2078788b p.lw             x17, x7(x16!)       x17=ffffffe2 x16=100001a0  x7:00000020 x16:10000180  PA:10000180
20430675ns          340509 1c00819a 43130733 p.mac            x14, x6, x17        x14=000004cc x14:000002b0  x6:ffffffee x17:ffffffe2
20430695ns          340510 1c008192 0046230b p.lw             x6, 4(x12!)          x6=ffffffed x12=10000158 x12:10000154  PA:10000154
20430715ns          340511 1c008196 2078788b p.lw             x17, x7(x16!)       x17=ffffffda x16=100001c0  x7:00000020 x16:100001a0  PA:100001a0
20430755ns          340513 1c00819a 43130733 p.mac            x14, x6, x17        x14=0000079e x14:000004cc  x6:ffffffed x17:ffffffda
20430775ns          340514 1c008192 0046230b p.lw             x6, 4(x12!)          x6=ffffffec x12=1000015c x12:10000158  PA:10000158
20430795ns          340515 1c008196 2078788b p.lw             x17, x7(x16!)       x17=ffffffd2 x16=100001e0  x7:00000020 x16:100001c0  PA:100001c0
20430834ns          340517 1c00819a 43130733 p.mac            x14, x6, x17        x14=00000b36 x14:0000079e  x6:ffffffec x17:ffffffd2
20430854ns          340518 1c008192 0046230b p.lw             x6, 4(x12!)          x6=ffffffeb x12=10000160 x12:1000015c  PA:1000015c
20430874ns          340519 1c008196 2078788b p.lw             x17, x7(x16!)       x17=ffffffca x16=10000200  x7:00000020 x16:100001e0  PA:100001e0
20430914ns          340521 1c00819a 43130733 p.mac            x14, x6, x17        x14=00000fa4 x14:00000b36  x6:ffffffeb x17:ffffffca
20430934ns          340522 1c008192 0046230b p.lw             x6, 4(x12!)          x6=ffffffea x12=10000164 x12:10000160  PA:10000160
20430954ns          340523 1c008196 2078788b p.lw             x17, x7(x16!)       x17=ffffffc2 x16=10000220  x7:00000020 x16:10000200  PA:10000200
20430993ns          340525 1c00819a 43130733 p.mac            x14, x6, x17        x14=000014f8 x14:00000fa4  x6:ffffffea x17:ffffffc2
20431013ns          340526 1c00819e 00ef222b p.sw             x14, 4(x30!)        x30=10000964 x14:000014f8 x30:10000960  PA:10000960
20431033ns          340527 1c0081a2 004e8e93 addi             x29, x29, 4         x29=10000124 x29:10000120
20431053ns          340528 1c0081a4 00128293 addi             x5, x5, 1            x5=00000003  x5:00000002
20431073ns          340529 1c0081a6 00750533 add              x10, x10, x7        x10=10000164 x10:10000144  x7:00000020
20431093ns          340530 1c0081a8 007f8fb3 add              x31, x31, x7        x31=10000184 x31:10000164  x7:00000020
20431113ns          340531 1c0081aa fa569fe3 bne              x13, x5, -66        x13:00000008  x5:00000003
20431172ns          340534 1c008168 40b48e33 sub              x28, x9, x11        x28=00000020  x9:10000124 x11:10000104
20431192ns          340535 1c00816c ffce0e13 addi             x28, x28, -4        x28=0000001c x28:00000020
20431212ns          340536 1c00816e 002e5e13 srli             x28, x28, 0x2       x28=00000007 x28:0000001c
20431232ns          340537 1c008172 008f8f33 add              x30, x31, x8        x30=10000964 x31:10000184  x8:000007e0
20431252ns          340538 1c008176 00b00eb3 add              x29, x0, x11        x29=10000104 x11:10000104
20431272ns          340539 1c008178 001e0e13 addi             x28, x28, 1         x28=00000008 x28:00000007
20431292ns          340540 1c00817a 014e407b lp.setup         0x0, x28, 0x14      x28:00000008
20431312ns          340541 1c00817e 40af87b3 sub              x15, x31, x10       x15=00000020 x31:10000184 x10:10000164
20431332ns          340542 1c008182 ffc78793 addi             x15, x15, -4        x15=0000001c x15:00000020
20431351ns          340543 1c008184 0027d793 srli             x15, x15, 0x2       x15=00000007 x15:0000001c
20431371ns          340544 1c008186 01d00833 add              x16, x0, x29        x16=10000104 x29:10000104
20431391ns          340545 1c008188 00a00633 add              x12, x0, x10        x12=10000164 x10:10000164
20431411ns          340546 1c00818a 00000713 addi             x14, x0, 0          x14=00000000
20431431ns          340547 1c00818c 00178793 addi             x15, x15, 1         x15=00000008 x15:00000007
20431451ns          340548 1c00818e 0067c0fb lp.setup         0x1, x15, 0x6       x15:00000008
20431471ns          340549 1c008192 0046230b p.lw             x6, 4(x12!)          x6=ffffffe9 x12=10000168 x12:10000164  PA:10000164
20431491ns          340550 1c008196 2078788b p.lw             x17, x7(x16!)       x17=00000001 x16=10000124  x7:00000020 x16:10000104  PA:10000104
20431531ns          340552 1c00819a 43130733 p.mac            x14, x6, x17        x14=ffffffe9 x14:00000000  x6:ffffffe9 x17:00000001
20431550ns          340553 1c008192 0046230b p.lw             x6, 4(x12!)          x6=ffffffe8 x12=1000016c x12:10000168  PA:10000168
20431570ns          340554 1c008196 2078788b p.lw             x17, x7(x16!)       x17=fffffff9 x16=10000144  x7:00000020 x16:10000124  PA:10000124
20431610ns          340556 1c00819a 43130733 p.mac            x14, x6, x17        x14=00000091 x14:ffffffe9  x6:ffffffe8 x17:fffffff9
20431630ns          340557 1c008192 0046230b p.lw             x6, 4(x12!)          x6=ffffffe7 x12=10000170 x12:1000016c  PA:1000016c
20431650ns          340558 1c008196 2078788b p.lw             x17, x7(x16!)       x17=fffffff1 x16=10000164  x7:00000020 x16:10000144  PA:10000144
20431690ns          340560 1c00819a 43130733 p.mac            x14, x6, x17        x14=00000208 x14:00000091  x6:ffffffe7 x17:fffffff1
20431710ns          340561 1c008192 0046230b p.lw             x6, 4(x12!)          x6=ffffffe6 x12=10000174 x12:10000170  PA:10000170
20431729ns          340562 1c008196 2078788b p.lw             x17, x7(x16!)       x17=ffffffe9 x16=10000184  x7:00000020 x16:10000164  PA:10000164
20431769ns          340564 1c00819a 43130733 p.mac            x14, x6, x17        x14=0000045e x14:00000208  x6:ffffffe6 x17:ffffffe9
20431789ns          340565 1c008192 0046230b p.lw             x6, 4(x12!)          x6=ffffffe5 x12=10000178 x12:10000174  PA:10000174
20431809ns          340566 1c008196 2078788b p.lw             x17, x7(x16!)       x17=ffffffe1 x16=100001a4  x7:00000020 x16:10000184  PA:10000184
20431849ns          340568 1c00819a 43130733 p.mac            x14, x6, x17        x14=000007a3 x14:0000045e  x6:ffffffe5 x17:ffffffe1
20431869ns          340569 1c008192 0046230b p.lw             x6, 4(x12!)          x6=ffffffe4 x12=1000017c x12:10000178  PA:10000178
20431889ns          340570 1c008196 2078788b p.lw             x17, x7(x16!)       x17=ffffffd9 x16=100001c4  x7:00000020 x16:100001a4  PA:100001a4
20431928ns          340572 1c00819a 43130733 p.mac            x14, x6, x17        x14=00000be7 x14:000007a3  x6:ffffffe4 x17:ffffffd9
20431948ns          340573 1c008192 0046230b p.lw             x6, 4(x12!)          x6=ffffffe3 x12=10000180 x12:1000017c  PA:1000017c
20431968ns          340574 1c008196 2078788b p.lw             x17, x7(x16!)       x17=ffffffd1 x16=100001e4  x7:00000020 x16:100001c4  PA:100001c4
20432008ns          340576 1c00819a 43130733 p.mac            x14, x6, x17        x14=0000113a x14:00000be7  x6:ffffffe3 x17:ffffffd1
20432028ns          340577 1c008192 0046230b p.lw             x6, 4(x12!)          x6=ffffffe2 x12=10000184 x12:10000180  PA:10000180
20432048ns          340578 1c008196 2078788b p.lw             x17, x7(x16!)       x17=ffffffc9 x16=10000204  x7:00000020 x16:100001e4  PA:100001e4
20432107ns          340581 1c00819a 43130733 p.mac            x14, x6, x17        x14=000017ac x14:0000113a  x6:ffffffe2 x17:ffffffc9
20432127ns          340582 1c00819e 00ef222b p.sw             x14, 4(x30!)        x30=10000968 x14:000017ac x30:10000964  PA:10000964
20432147ns          340583 1c0081a2 004e8e93 addi             x29, x29, 4         x29=10000108 x29:10000104
20432187ns          340585 1c00817e 40af87b3 sub              x15, x31, x10       x15=00000020 x31:10000184 x10:10000164
20432207ns          340586 1c008182 ffc78793 addi             x15, x15, -4        x15=0000001c x15:00000020
20432227ns          340587 1c008184 0027d793 srli             x15, x15, 0x2       x15=00000007 x15:0000001c
20432247ns          340588 1c008186 01d00833 add              x16, x0, x29        x16=10000108 x29:10000108
20432266ns          340589 1c008188 00a00633 add              x12, x0, x10        x12=10000164 x10:10000164
20432286ns          340590 1c00818a 00000713 addi             x14, x0, 0          x14=00000000
20432306ns          340591 1c00818c 00178793 addi             x15, x15, 1         x15=00000008 x15:00000007
20432326ns          340592 1c00818e 0067c0fb lp.setup         0x1, x15, 0x6       x15:00000008
20432346ns          340593 1c008192 0046230b p.lw             x6, 4(x12!)          x6=ffffffe9 x12=10000168 x12:10000164  PA:10000164
20432366ns          340594 1c008196 2078788b p.lw             x17, x7(x16!)       x17=00000000 x16=10000128  x7:00000020 x16:10000108  PA:10000108
20432406ns          340596 1c00819a 43130733 p.mac            x14, x6, x17        x14=00000000 x14:00000000  x6:ffffffe9 x17:00000000
20432426ns          340597 1c008192 0046230b p.lw             x6, 4(x12!)          x6=ffffffe8 x12=1000016c x12:10000168  PA:10000168
20432445ns          340598 1c008196 2078788b p.lw             x17, x7(x16!)       x17=fffffff8 x16=10000148  x7:00000020 x16:10000128  PA:10000128
20432485ns          340600 1c00819a 43130733 p.mac            x14, x6, x17        x14=000000c0 x14:00000000  x6:ffffffe8 x17:fffffff8
20432505ns          340601 1c008192 0046230b p.lw             x6, 4(x12!)          x6=ffffffe7 x12=10000170 x12:1000016c  PA:1000016c
20432525ns          340602 1c008196 2078788b p.lw             x17, x7(x16!)       x17=fffffff0 x16=10000168  x7:00000020 x16:10000148  PA:10000148
20432565ns          340604 1c00819a 43130733 p.mac            x14, x6, x17        x14=00000250 x14:000000c0  x6:ffffffe7 x17:fffffff0
20432585ns          340605 1c008192 0046230b p.lw             x6, 4(x12!)          x6=ffffffe6 x12=10000174 x12:10000170  PA:10000170
20432605ns          340606 1c008196 2078788b p.lw             x17, x7(x16!)       x17=ffffffe8 x16=10000188  x7:00000020 x16:10000168  PA:10000168
20432644ns          340608 1c00819a 43130733 p.mac            x14, x6, x17        x14=000004c0 x14:00000250  x6:ffffffe6 x17:ffffffe8
20432664ns          340609 1c008192 0046230b p.lw             x6, 4(x12!)          x6=ffffffe5 x12=10000178 x12:10000174  PA:10000174
20432684ns          340610 1c008196 2078788b p.lw             x17, x7(x16!)       x17=ffffffe0 x16=100001a8  x7:00000020 x16:10000188  PA:10000188
20432724ns          340612 1c00819a 43130733 p.mac            x14, x6, x17        x14=00000820 x14:000004c0  x6:ffffffe5 x17:ffffffe0
20432744ns          340613 1c008192 0046230b p.lw             x6, 4(x12!)          x6=ffffffe4 x12=1000017c x12:10000178  PA:10000178
20432764ns          340614 1c008196 2078788b p.lw             x17, x7(x16!)       x17=ffffffd8 x16=100001c8  x7:00000020 x16:100001a8  PA:100001a8
20432804ns          340616 1c00819a 43130733 p.mac            x14, x6, x17        x14=00000c80 x14:00000820  x6:ffffffe4 x17:ffffffd8
20432823ns          340617 1c008192 0046230b p.lw             x6, 4(x12!)          x6=ffffffe3 x12=10000180 x12:1000017c  PA:1000017c
20432843ns          340618 1c008196 2078788b p.lw             x17, x7(x16!)       x17=ffffffd0 x16=100001e8  x7:00000020 x16:100001c8  PA:100001c8
20432883ns          340620 1c00819a 43130733 p.mac            x14, x6, x17        x14=000011f0 x14:00000c80  x6:ffffffe3 x17:ffffffd0
20432903ns          340621 1c008192 0046230b p.lw             x6, 4(x12!)          x6=ffffffe2 x12=10000184 x12:10000180  PA:10000180
20432923ns          340622 1c008196 2078788b p.lw             x17, x7(x16!)       x17=ffffffc8 x16=10000208  x7:00000020 x16:100001e8  PA:100001e8
20432963ns          340624 1c00819a 43130733 p.mac            x14, x6, x17        x14=00001880 x14:000011f0  x6:ffffffe2 x17:ffffffc8
20432983ns          340625 1c00819e 00ef222b p.sw             x14, 4(x30!)        x30=1000096c x14:00001880 x30:10000968  PA:10000968
20433002ns          340626 1c0081a2 004e8e93 addi             x29, x29, 4         x29=1000010c x29:10000108
20433042ns          340628 1c00817e 40af87b3 sub              x15, x31, x10       x15=00000020 x31:10000184 x10:10000164
20433062ns          340629 1c008182 ffc78793 addi             x15, x15, -4        x15=0000001c x15:00000020
20433082ns          340630 1c008184 0027d793 srli             x15, x15, 0x2       x15=00000007 x15:0000001c
20433102ns          340631 1c008186 01d00833 add              x16, x0, x29        x16=1000010c x29:1000010c
20433122ns          340632 1c008188 00a00633 add              x12, x0, x10        x12=10000164 x10:10000164
20433142ns          340633 1c00818a 00000713 addi             x14, x0, 0          x14=00000000
20433162ns          340634 1c00818c 00178793 addi             x15, x15, 1         x15=00000008 x15:00000007
20433181ns          340635 1c00818e 0067c0fb lp.setup         0x1, x15, 0x6       x15:00000008
20433201ns          340636 1c008192 0046230b p.lw             x6, 4(x12!)          x6=ffffffe9 x12=10000168 x12:10000164  PA:10000164
20433221ns          340637 1c008196 2078788b p.lw             x17, x7(x16!)       x17=ffffffff x16=1000012c  x7:00000020 x16:1000010c  PA:1000010c
20433261ns          340639 1c00819a 43130733 p.mac            x14, x6, x17        x14=00000017 x14:00000000  x6:ffffffe9 x17:ffffffff
20433281ns          340640 1c008192 0046230b p.lw             x6, 4(x12!)          x6=ffffffe8 x12=1000016c x12:10000168  PA:10000168
20433301ns          340641 1c008196 2078788b p.lw             x17, x7(x16!)       x17=fffffff7 x16=1000014c  x7:00000020 x16:1000012c  PA:1000012c
20433341ns          340643 1c00819a 43130733 p.mac            x14, x6, x17        x14=000000ef x14:00000017  x6:ffffffe8 x17:fffffff7
20433360ns          340644 1c008192 0046230b p.lw             x6, 4(x12!)          x6=ffffffe7 x12=10000170 x12:1000016c  PA:1000016c
20433380ns          340645 1c008196 2078788b p.lw             x17, x7(x16!)       x17=ffffffef x16=1000016c  x7:00000020 x16:1000014c  PA:1000014c
20433420ns          340647 1c00819a 43130733 p.mac            x14, x6, x17        x14=00000298 x14:000000ef  x6:ffffffe7 x17:ffffffef
20433440ns          340648 1c008192 0046230b p.lw             x6, 4(x12!)          x6=ffffffe6 x12=10000174 x12:10000170  PA:10000170
20433460ns          340649 1c008196 2078788b p.lw             x17, x7(x16!)       x17=ffffffe7 x16=1000018c  x7:00000020 x16:1000016c  PA:1000016c
20433500ns          340651 1c00819a 43130733 p.mac            x14, x6, x17        x14=00000522 x14:00000298  x6:ffffffe6 x17:ffffffe7
20433520ns          340652 1c008192 0046230b p.lw             x6, 4(x12!)          x6=ffffffe5 x12=10000178 x12:10000174  PA:10000174
20433539ns          340653 1c008196 2078788b p.lw             x17, x7(x16!)       x17=ffffffdf x16=100001ac  x7:00000020 x16:1000018c  PA:1000018c
20433579ns          340655 1c00819a 43130733 p.mac            x14, x6, x17        x14=0000089d x14:00000522  x6:ffffffe5 x17:ffffffdf
20433599ns          340656 1c008192 0046230b p.lw             x6, 4(x12!)          x6=ffffffe4 x12=1000017c x12:10000178  PA:10000178
20433619ns          340657 1c008196 2078788b p.lw             x17, x7(x16!)       x17=ffffffd7 x16=100001cc  x7:00000020 x16:100001ac  PA:100001ac
20433659ns          340659 1c00819a 43130733 p.mac            x14, x6, x17        x14=00000d19 x14:0000089d  x6:ffffffe4 x17:ffffffd7
20433679ns          340660 1c008192 0046230b p.lw             x6, 4(x12!)          x6=ffffffe3 x12=10000180 x12:1000017c  PA:1000017c
20433699ns          340661 1c008196 2078788b p.lw             x17, x7(x16!)       x17=ffffffcf x16=100001ec  x7:00000020 x16:100001cc  PA:100001cc
20433738ns          340663 1c00819a 43130733 p.mac            x14, x6, x17        x14=000012a6 x14:00000d19  x6:ffffffe3 x17:ffffffcf
20433758ns          340664 1c008192 0046230b p.lw             x6, 4(x12!)          x6=ffffffe2 x12=10000184 x12:10000180  PA:10000180
20433778ns          340665 1c008196 2078788b p.lw             x17, x7(x16!)       x17=ffffffc7 x16=1000020c  x7:00000020 x16:100001ec  PA:100001ec
20433818ns          340667 1c00819a 43130733 p.mac            x14, x6, x17        x14=00001954 x14:000012a6  x6:ffffffe2 x17:ffffffc7
20433838ns          340668 1c00819e 00ef222b p.sw             x14, 4(x30!)        x30=10000970 x14:00001954 x30:1000096c  PA:1000096c
20433858ns          340669 1c0081a2 004e8e93 addi             x29, x29, 4         x29=10000110 x29:1000010c
20433898ns          340671 1c00817e 40af87b3 sub              x15, x31, x10       x15=00000020 x31:10000184 x10:10000164
20433917ns          340672 1c008182 ffc78793 addi             x15, x15, -4        x15=0000001c x15:00000020
20433937ns          340673 1c008184 0027d793 srli             x15, x15, 0x2       x15=00000007 x15:0000001c
20433957ns          340674 1c008186 01d00833 add              x16, x0, x29        x16=10000110 x29:10000110
20433977ns          340675 1c008188 00a00633 add              x12, x0, x10        x12=10000164 x10:10000164
20433997ns          340676 1c00818a 00000713 addi             x14, x0, 0          x14=00000000
20434017ns          340677 1c00818c 00178793 addi             x15, x15, 1         x15=00000008 x15:00000007
20434037ns          340678 1c00818e 0067c0fb lp.setup         0x1, x15, 0x6       x15:00000008
20434057ns          340679 1c008192 0046230b p.lw             x6, 4(x12!)          x6=ffffffe9 x12=10000168 x12:10000164  PA:10000164
20434077ns          340680 1c008196 2078788b p.lw             x17, x7(x16!)       x17=fffffffe x16=10000130  x7:00000020 x16:10000110  PA:10000110
20434116ns          340682 1c00819a 43130733 p.mac            x14, x6, x17        x14=0000002e x14:00000000  x6:ffffffe9 x17:fffffffe
20434136ns          340683 1c008192 0046230b p.lw             x6, 4(x12!)          x6=ffffffe8 x12=1000016c x12:10000168  PA:10000168
20434156ns          340684 1c008196 2078788b p.lw             x17, x7(x16!)       x17=fffffff6 x16=10000150  x7:00000020 x16:10000130  PA:10000130
20434196ns          340686 1c00819a 43130733 p.mac            x14, x6, x17        x14=0000011e x14:0000002e  x6:ffffffe8 x17:fffffff6
20434216ns          340687 1c008192 0046230b p.lw             x6, 4(x12!)          x6=ffffffe7 x12=10000170 x12:1000016c  PA:1000016c
20434236ns          340688 1c008196 2078788b p.lw             x17, x7(x16!)       x17=ffffffee x16=10000170  x7:00000020 x16:10000150  PA:10000150
20434275ns          340690 1c00819a 43130733 p.mac            x14, x6, x17        x14=000002e0 x14:0000011e  x6:ffffffe7 x17:ffffffee
20434295ns          340691 1c008192 0046230b p.lw             x6, 4(x12!)          x6=ffffffe6 x12=10000174 x12:10000170  PA:10000170
20434315ns          340692 1c008196 2078788b p.lw             x17, x7(x16!)       x17=ffffffe6 x16=10000190  x7:00000020 x16:10000170  PA:10000170
20434355ns          340694 1c00819a 43130733 p.mac            x14, x6, x17        x14=00000584 x14:000002e0  x6:ffffffe6 x17:ffffffe6
20434375ns          340695 1c008192 0046230b p.lw             x6, 4(x12!)          x6=ffffffe5 x12=10000178 x12:10000174  PA:10000174
20434395ns          340696 1c008196 2078788b p.lw             x17, x7(x16!)       x17=ffffffde x16=100001b0  x7:00000020 x16:10000190  PA:10000190
20434435ns          340698 1c00819a 43130733 p.mac            x14, x6, x17        x14=0000091a x14:00000584  x6:ffffffe5 x17:ffffffde
20434454ns          340699 1c008192 0046230b p.lw             x6, 4(x12!)          x6=ffffffe4 x12=1000017c x12:10000178  PA:10000178
20434474ns          340700 1c008196 2078788b p.lw             x17, x7(x16!)       x17=ffffffd6 x16=100001d0  x7:00000020 x16:100001b0  PA:100001b0
20434514ns          340702 1c00819a 43130733 p.mac            x14, x6, x17        x14=00000db2 x14:0000091a  x6:ffffffe4 x17:ffffffd6
20434534ns          340703 1c008192 0046230b p.lw             x6, 4(x12!)          x6=ffffffe3 x12=10000180 x12:1000017c  PA:1000017c
20434554ns          340704 1c008196 2078788b p.lw             x17, x7(x16!)       x17=ffffffce x16=100001f0  x7:00000020 x16:100001d0  PA:100001d0
20434594ns          340706 1c00819a 43130733 p.mac            x14, x6, x17        x14=0000135c x14:00000db2  x6:ffffffe3 x17:ffffffce
20434614ns          340707 1c008192 0046230b p.lw             x6, 4(x12!)          x6=ffffffe2 x12=10000184 x12:10000180  PA:10000180
20434633ns          340708 1c008196 2078788b p.lw             x17, x7(x16!)       x17=ffffffc6 x16=10000210  x7:00000020 x16:100001f0  PA:100001f0
20434673ns          340710 1c00819a 43130733 p.mac            x14, x6, x17        x14=00001a28 x14:0000135c  x6:ffffffe2 x17:ffffffc6
20434693ns          340711 1c00819e 00ef222b p.sw             x14, 4(x30!)        x30=10000974 x14:00001a28 x30:10000970  PA:10000970
20434713ns          340712 1c0081a2 004e8e93 addi             x29, x29, 4         x29=10000114 x29:10000110
20434753ns          340714 1c00817e 40af87b3 sub              x15, x31, x10       x15=00000020 x31:10000184 x10:10000164
20434773ns          340715 1c008182 ffc78793 addi             x15, x15, -4        x15=0000001c x15:00000020
20434793ns          340716 1c008184 0027d793 srli             x15, x15, 0x2       x15=00000007 x15:0000001c
20434812ns          340717 1c008186 01d00833 add              x16, x0, x29        x16=10000114 x29:10000114
20434832ns          340718 1c008188 00a00633 add              x12, x0, x10        x12=10000164 x10:10000164
20434852ns          340719 1c00818a 00000713 addi             x14, x0, 0          x14=00000000
20434872ns          340720 1c00818c 00178793 addi             x15, x15, 1         x15=00000008 x15:00000007
20434892ns          340721 1c00818e 0067c0fb lp.setup         0x1, x15, 0x6       x15:00000008
20434912ns          340722 1c008192 0046230b p.lw             x6, 4(x12!)          x6=ffffffe9 x12=10000168 x12:10000164  PA:10000164
20434932ns          340723 1c008196 2078788b p.lw             x17, x7(x16!)       x17=fffffffd x16=10000134  x7:00000020 x16:10000114  PA:10000114
20434972ns          340725 1c00819a 43130733 p.mac            x14, x6, x17        x14=00000045 x14:00000000  x6:ffffffe9 x17:fffffffd
20434991ns          340726 1c008192 0046230b p.lw             x6, 4(x12!)          x6=ffffffe8 x12=1000016c x12:10000168  PA:10000168
20435011ns          340727 1c008196 2078788b p.lw             x17, x7(x16!)       x17=fffffff5 x16=10000154  x7:00000020 x16:10000134  PA:10000134
20435051ns          340729 1c00819a 43130733 p.mac            x14, x6, x17        x14=0000014d x14:00000045  x6:ffffffe8 x17:fffffff5
20435071ns          340730 1c008192 0046230b p.lw             x6, 4(x12!)          x6=ffffffe7 x12=10000170 x12:1000016c  PA:1000016c
20435091ns          340731 1c008196 2078788b p.lw             x17, x7(x16!)       x17=ffffffed x16=10000174  x7:00000020 x16:10000154  PA:10000154
20435131ns          340733 1c00819a 43130733 p.mac            x14, x6, x17        x14=00000328 x14:0000014d  x6:ffffffe7 x17:ffffffed
20435151ns          340734 1c008192 0046230b p.lw             x6, 4(x12!)          x6=ffffffe6 x12=10000174 x12:10000170  PA:10000170
20435171ns          340735 1c008196 2078788b p.lw             x17, x7(x16!)       x17=ffffffe5 x16=10000194  x7:00000020 x16:10000174  PA:10000174
20435210ns          340737 1c00819a 43130733 p.mac            x14, x6, x17        x14=000005e6 x14:00000328  x6:ffffffe6 x17:ffffffe5
20435230ns          340738 1c008192 0046230b p.lw             x6, 4(x12!)          x6=ffffffe5 x12=10000178 x12:10000174  PA:10000174
20435250ns          340739 1c008196 2078788b p.lw             x17, x7(x16!)       x17=ffffffdd x16=100001b4  x7:00000020 x16:10000194  PA:10000194
20435290ns          340741 1c00819a 43130733 p.mac            x14, x6, x17        x14=00000997 x14:000005e6  x6:ffffffe5 x17:ffffffdd
20435310ns          340742 1c008192 0046230b p.lw             x6, 4(x12!)          x6=ffffffe4 x12=1000017c x12:10000178  PA:10000178
20435330ns          340743 1c008196 2078788b p.lw             x17, x7(x16!)       x17=ffffffd5 x16=100001d4  x7:00000020 x16:100001b4  PA:100001b4
20435369ns          340745 1c00819a 43130733 p.mac            x14, x6, x17        x14=00000e4b x14:00000997  x6:ffffffe4 x17:ffffffd5
20435389ns          340746 1c008192 0046230b p.lw             x6, 4(x12!)          x6=ffffffe3 x12=10000180 x12:1000017c  PA:1000017c
20435409ns          340747 1c008196 2078788b p.lw             x17, x7(x16!)       x17=ffffffcd x16=100001f4  x7:00000020 x16:100001d4  PA:100001d4
20435449ns          340749 1c00819a 43130733 p.mac            x14, x6, x17        x14=00001412 x14:00000e4b  x6:ffffffe3 x17:ffffffcd
20435469ns          340750 1c008192 0046230b p.lw             x6, 4(x12!)          x6=ffffffe2 x12=10000184 x12:10000180  PA:10000180
20435489ns          340751 1c008196 2078788b p.lw             x17, x7(x16!)       x17=ffffffc5 x16=10000214  x7:00000020 x16:100001f4  PA:100001f4
20435529ns          340753 1c00819a 43130733 p.mac            x14, x6, x17        x14=00001afc x14:00001412  x6:ffffffe2 x17:ffffffc5
20435548ns          340754 1c00819e 00ef222b p.sw             x14, 4(x30!)        x30=10000978 x14:00001afc x30:10000974  PA:10000974
20435568ns          340755 1c0081a2 004e8e93 addi             x29, x29, 4         x29=10000118 x29:10000114
20435608ns          340757 1c00817e 40af87b3 sub              x15, x31, x10       x15=00000020 x31:10000184 x10:10000164
20435628ns          340758 1c008182 ffc78793 addi             x15, x15, -4        x15=0000001c x15:00000020
20435648ns          340759 1c008184 0027d793 srli             x15, x15, 0x2       x15=00000007 x15:0000001c
20435668ns          340760 1c008186 01d00833 add              x16, x0, x29        x16=10000118 x29:10000118
20435688ns          340761 1c008188 00a00633 add              x12, x0, x10        x12=10000164 x10:10000164
20435708ns          340762 1c00818a 00000713 addi             x14, x0, 0          x14=00000000
20435727ns          340763 1c00818c 00178793 addi             x15, x15, 1         x15=00000008 x15:00000007
20435747ns          340764 1c00818e 0067c0fb lp.setup         0x1, x15, 0x6       x15:00000008
20435767ns          340765 1c008192 0046230b p.lw             x6, 4(x12!)          x6=ffffffe9 x12=10000168 x12:10000164  PA:10000164
20435787ns          340766 1c008196 2078788b p.lw             x17, x7(x16!)       x17=fffffffc x16=10000138  x7:00000020 x16:10000118  PA:10000118
20435827ns          340768 1c00819a 43130733 p.mac            x14, x6, x17        x14=0000005c x14:00000000  x6:ffffffe9 x17:fffffffc
20435847ns          340769 1c008192 0046230b p.lw             x6, 4(x12!)          x6=ffffffe8 x12=1000016c x12:10000168  PA:10000168
20435867ns          340770 1c008196 2078788b p.lw             x17, x7(x16!)       x17=fffffff4 x16=10000158  x7:00000020 x16:10000138  PA:10000138
20435906ns          340772 1c00819a 43130733 p.mac            x14, x6, x17        x14=0000017c x14:0000005c  x6:ffffffe8 x17:fffffff4
20435926ns          340773 1c008192 0046230b p.lw             x6, 4(x12!)          x6=ffffffe7 x12=10000170 x12:1000016c  PA:1000016c
20435946ns          340774 1c008196 2078788b p.lw             x17, x7(x16!)       x17=ffffffec x16=10000178  x7:00000020 x16:10000158  PA:10000158
20435986ns          340776 1c00819a 43130733 p.mac            x14, x6, x17        x14=00000370 x14:0000017c  x6:ffffffe7 x17:ffffffec
20436006ns          340777 1c008192 0046230b p.lw             x6, 4(x12!)          x6=ffffffe6 x12=10000174 x12:10000170  PA:10000170
20436026ns          340778 1c008196 2078788b p.lw             x17, x7(x16!)       x17=ffffffe4 x16=10000198  x7:00000020 x16:10000178  PA:10000178
20436066ns          340780 1c00819a 43130733 p.mac            x14, x6, x17        x14=00000648 x14:00000370  x6:ffffffe6 x17:ffffffe4
20436085ns          340781 1c008192 0046230b p.lw             x6, 4(x12!)          x6=ffffffe5 x12=10000178 x12:10000174  PA:10000174
20436105ns          340782 1c008196 2078788b p.lw             x17, x7(x16!)       x17=ffffffdc x16=100001b8  x7:00000020 x16:10000198  PA:10000198
20436145ns          340784 1c00819a 43130733 p.mac            x14, x6, x17        x14=00000a14 x14:00000648  x6:ffffffe5 x17:ffffffdc
20436165ns          340785 1c008192 0046230b p.lw             x6, 4(x12!)          x6=ffffffe4 x12=1000017c x12:10000178  PA:10000178
20436185ns          340786 1c008196 2078788b p.lw             x17, x7(x16!)       x17=ffffffd4 x16=100001d8  x7:00000020 x16:100001b8  PA:100001b8
20436225ns          340788 1c00819a 43130733 p.mac            x14, x6, x17        x14=00000ee4 x14:00000a14  x6:ffffffe4 x17:ffffffd4
20436245ns          340789 1c008192 0046230b p.lw             x6, 4(x12!)          x6=ffffffe3 x12=10000180 x12:1000017c  PA:1000017c
20436265ns          340790 1c008196 2078788b p.lw             x17, x7(x16!)       x17=ffffffcc x16=100001f8  x7:00000020 x16:100001d8  PA:100001d8
20436304ns          340792 1c00819a 43130733 p.mac            x14, x6, x17        x14=000014c8 x14:00000ee4  x6:ffffffe3 x17:ffffffcc
20436324ns          340793 1c008192 0046230b p.lw             x6, 4(x12!)          x6=ffffffe2 x12=10000184 x12:10000180  PA:10000180
20436344ns          340794 1c008196 2078788b p.lw             x17, x7(x16!)       x17=ffffffc4 x16=10000218  x7:00000020 x16:100001f8  PA:100001f8
20436384ns          340796 1c00819a 43130733 p.mac            x14, x6, x17        x14=00001bd0 x14:000014c8  x6:ffffffe2 x17:ffffffc4
20436404ns          340797 1c00819e 00ef222b p.sw             x14, 4(x30!)        x30=1000097c x14:00001bd0 x30:10000978  PA:10000978
20436424ns          340798 1c0081a2 004e8e93 addi             x29, x29, 4         x29=1000011c x29:10000118
20436463ns          340800 1c00817e 40af87b3 sub              x15, x31, x10       x15=00000020 x31:10000184 x10:10000164
20436483ns          340801 1c008182 ffc78793 addi             x15, x15, -4        x15=0000001c x15:00000020
20436503ns          340802 1c008184 0027d793 srli             x15, x15, 0x2       x15=00000007 x15:0000001c
20436523ns          340803 1c008186 01d00833 add              x16, x0, x29        x16=1000011c x29:1000011c
20436543ns          340804 1c008188 00a00633 add              x12, x0, x10        x12=10000164 x10:10000164
20436563ns          340805 1c00818a 00000713 addi             x14, x0, 0          x14=00000000
20436583ns          340806 1c00818c 00178793 addi             x15, x15, 1         x15=00000008 x15:00000007
20436603ns          340807 1c00818e 0067c0fb lp.setup         0x1, x15, 0x6       x15:00000008
20436623ns          340808 1c008192 0046230b p.lw             x6, 4(x12!)          x6=ffffffe9 x12=10000168 x12:10000164  PA:10000164
20436642ns          340809 1c008196 2078788b p.lw             x17, x7(x16!)       x17=fffffffb x16=1000013c  x7:00000020 x16:1000011c  PA:1000011c
20436682ns          340811 1c00819a 43130733 p.mac            x14, x6, x17        x14=00000073 x14:00000000  x6:ffffffe9 x17:fffffffb
20436702ns          340812 1c008192 0046230b p.lw             x6, 4(x12!)          x6=ffffffe8 x12=1000016c x12:10000168  PA:10000168
20436722ns          340813 1c008196 2078788b p.lw             x17, x7(x16!)       x17=fffffff3 x16=1000015c  x7:00000020 x16:1000013c  PA:1000013c
20436762ns          340815 1c00819a 43130733 p.mac            x14, x6, x17        x14=000001ab x14:00000073  x6:ffffffe8 x17:fffffff3
20436782ns          340816 1c008192 0046230b p.lw             x6, 4(x12!)          x6=ffffffe7 x12=10000170 x12:1000016c  PA:1000016c
20436802ns          340817 1c008196 2078788b p.lw             x17, x7(x16!)       x17=ffffffeb x16=1000017c  x7:00000020 x16:1000015c  PA:1000015c
20436841ns          340819 1c00819a 43130733 p.mac            x14, x6, x17        x14=000003b8 x14:000001ab  x6:ffffffe7 x17:ffffffeb
20436861ns          340820 1c008192 0046230b p.lw             x6, 4(x12!)          x6=ffffffe6 x12=10000174 x12:10000170  PA:10000170
20436881ns          340821 1c008196 2078788b p.lw             x17, x7(x16!)       x17=ffffffe3 x16=1000019c  x7:00000020 x16:1000017c  PA:1000017c
20436921ns          340823 1c00819a 43130733 p.mac            x14, x6, x17        x14=000006aa x14:000003b8  x6:ffffffe6 x17:ffffffe3
20436941ns          340824 1c008192 0046230b p.lw             x6, 4(x12!)          x6=ffffffe5 x12=10000178 x12:10000174  PA:10000174
20436961ns          340825 1c008196 2078788b p.lw             x17, x7(x16!)       x17=ffffffdb x16=100001bc  x7:00000020 x16:1000019c  PA:1000019c
20437000ns          340827 1c00819a 43130733 p.mac            x14, x6, x17        x14=00000a91 x14:000006aa  x6:ffffffe5 x17:ffffffdb
20437020ns          340828 1c008192 0046230b p.lw             x6, 4(x12!)          x6=ffffffe4 x12=1000017c x12:10000178  PA:10000178
20437040ns          340829 1c008196 2078788b p.lw             x17, x7(x16!)       x17=ffffffd3 x16=100001dc  x7:00000020 x16:100001bc  PA:100001bc
20437080ns          340831 1c00819a 43130733 p.mac            x14, x6, x17        x14=00000f7d x14:00000a91  x6:ffffffe4 x17:ffffffd3
20437100ns          340832 1c008192 0046230b p.lw             x6, 4(x12!)          x6=ffffffe3 x12=10000180 x12:1000017c  PA:1000017c
20437120ns          340833 1c008196 2078788b p.lw             x17, x7(x16!)       x17=ffffffcb x16=100001fc  x7:00000020 x16:100001dc  PA:100001dc
20437160ns          340835 1c00819a 43130733 p.mac            x14, x6, x17        x14=0000157e x14:00000f7d  x6:ffffffe3 x17:ffffffcb
20437179ns          340836 1c008192 0046230b p.lw             x6, 4(x12!)          x6=ffffffe2 x12=10000184 x12:10000180  PA:10000180
20437199ns          340837 1c008196 2078788b p.lw             x17, x7(x16!)       x17=ffffffc3 x16=1000021c  x7:00000020 x16:100001fc  PA:100001fc
20437239ns          340839 1c00819a 43130733 p.mac            x14, x6, x17        x14=00001ca4 x14:0000157e  x6:ffffffe2 x17:ffffffc3
20437259ns          340840 1c00819e 00ef222b p.sw             x14, 4(x30!)        x30=10000980 x14:00001ca4 x30:1000097c  PA:1000097c
20437279ns          340841 1c0081a2 004e8e93 addi             x29, x29, 4         x29=10000120 x29:1000011c
20437319ns          340843 1c00817e 40af87b3 sub              x15, x31, x10       x15=00000020 x31:10000184 x10:10000164
20437339ns          340844 1c008182 ffc78793 addi             x15, x15, -4        x15=0000001c x15:00000020
20437358ns          340845 1c008184 0027d793 srli             x15, x15, 0x2       x15=00000007 x15:0000001c
20437378ns          340846 1c008186 01d00833 add              x16, x0, x29        x16=10000120 x29:10000120
20437398ns          340847 1c008188 00a00633 add              x12, x0, x10        x12=10000164 x10:10000164
20437418ns          340848 1c00818a 00000713 addi             x14, x0, 0          x14=00000000
20437438ns          340849 1c00818c 00178793 addi             x15, x15, 1         x15=00000008 x15:00000007
20437458ns          340850 1c00818e 0067c0fb lp.setup         0x1, x15, 0x6       x15:00000008
20437478ns          340851 1c008192 0046230b p.lw             x6, 4(x12!)          x6=ffffffe9 x12=10000168 x12:10000164  PA:10000164
20437498ns          340852 1c008196 2078788b p.lw             x17, x7(x16!)       x17=fffffffa x16=10000140  x7:00000020 x16:10000120  PA:10000120
20437538ns          340854 1c00819a 43130733 p.mac            x14, x6, x17        x14=0000008a x14:00000000  x6:ffffffe9 x17:fffffffa
20437557ns          340855 1c008192 0046230b p.lw             x6, 4(x12!)          x6=ffffffe8 x12=1000016c x12:10000168  PA:10000168
20437577ns          340856 1c008196 2078788b p.lw             x17, x7(x16!)       x17=fffffff2 x16=10000160  x7:00000020 x16:10000140  PA:10000140
20437617ns          340858 1c00819a 43130733 p.mac            x14, x6, x17        x14=000001da x14:0000008a  x6:ffffffe8 x17:fffffff2
20437637ns          340859 1c008192 0046230b p.lw             x6, 4(x12!)          x6=ffffffe7 x12=10000170 x12:1000016c  PA:1000016c
20437657ns          340860 1c008196 2078788b p.lw             x17, x7(x16!)       x17=ffffffea x16=10000180  x7:00000020 x16:10000160  PA:10000160
20437697ns          340862 1c00819a 43130733 p.mac            x14, x6, x17        x14=00000400 x14:000001da  x6:ffffffe7 x17:ffffffea
20437717ns          340863 1c008192 0046230b p.lw             x6, 4(x12!)          x6=ffffffe6 x12=10000174 x12:10000170  PA:10000170
20437736ns          340864 1c008196 2078788b p.lw             x17, x7(x16!)       x17=ffffffe2 x16=100001a0  x7:00000020 x16:10000180  PA:10000180
20437776ns          340866 1c00819a 43130733 p.mac            x14, x6, x17        x14=0000070c x14:00000400  x6:ffffffe6 x17:ffffffe2
20437796ns          340867 1c008192 0046230b p.lw             x6, 4(x12!)          x6=ffffffe5 x12=10000178 x12:10000174  PA:10000174
20437816ns          340868 1c008196 2078788b p.lw             x17, x7(x16!)       x17=ffffffda x16=100001c0  x7:00000020 x16:100001a0  PA:100001a0
20437856ns          340870 1c00819a 43130733 p.mac            x14, x6, x17        x14=00000b0e x14:0000070c  x6:ffffffe5 x17:ffffffda
20437876ns          340871 1c008192 0046230b p.lw             x6, 4(x12!)          x6=ffffffe4 x12=1000017c x12:10000178  PA:10000178
20437896ns          340872 1c008196 2078788b p.lw             x17, x7(x16!)       x17=ffffffd2 x16=100001e0  x7:00000020 x16:100001c0  PA:100001c0
20437935ns          340874 1c00819a 43130733 p.mac            x14, x6, x17        x14=00001016 x14:00000b0e  x6:ffffffe4 x17:ffffffd2
20437955ns          340875 1c008192 0046230b p.lw             x6, 4(x12!)          x6=ffffffe3 x12=10000180 x12:1000017c  PA:1000017c
20437975ns          340876 1c008196 2078788b p.lw             x17, x7(x16!)       x17=ffffffca x16=10000200  x7:00000020 x16:100001e0  PA:100001e0
20438015ns          340878 1c00819a 43130733 p.mac            x14, x6, x17        x14=00001634 x14:00001016  x6:ffffffe3 x17:ffffffca
20438035ns          340879 1c008192 0046230b p.lw             x6, 4(x12!)          x6=ffffffe2 x12=10000184 x12:10000180  PA:10000180
20438075ns          340881 1c008196 2078788b p.lw             x17, x7(x16!)       x17=ffffffc2 x16=10000220  x7:00000020 x16:10000200  PA:10000200
20438114ns          340883 1c00819a 43130733 p.mac            x14, x6, x17        x14=00001d78 x14:00001634  x6:ffffffe2 x17:ffffffc2
20438134ns          340884 1c00819e 00ef222b p.sw             x14, 4(x30!)        x30=10000984 x14:00001d78 x30:10000980  PA:10000980
20438154ns          340885 1c0081a2 004e8e93 addi             x29, x29, 4         x29=10000124 x29:10000120
20438174ns          340886 1c0081a4 00128293 addi             x5, x5, 1            x5=00000004  x5:00000003
20438194ns          340887 1c0081a6 00750533 add              x10, x10, x7        x10=10000184 x10:10000164  x7:00000020
20438214ns          340888 1c0081a8 007f8fb3 add              x31, x31, x7        x31=100001a4 x31:10000184  x7:00000020
20438234ns          340889 1c0081aa fa569fe3 bne              x13, x5, -66        x13:00000008  x5:00000004
20438293ns          340892 1c008168 40b48e33 sub              x28, x9, x11        x28=00000020  x9:10000124 x11:10000104
20438313ns          340893 1c00816c ffce0e13 addi             x28, x28, -4        x28=0000001c x28:00000020
20438333ns          340894 1c00816e 002e5e13 srli             x28, x28, 0x2       x28=00000007 x28:0000001c
20438353ns          340895 1c008172 008f8f33 add              x30, x31, x8        x30=10000984 x31:100001a4  x8:000007e0
20438373ns          340896 1c008176 00b00eb3 add              x29, x0, x11        x29=10000104 x11:10000104
20438393ns          340897 1c008178 001e0e13 addi             x28, x28, 1         x28=00000008 x28:00000007
20438413ns          340898 1c00817a 014e407b lp.setup         0x0, x28, 0x14      x28:00000008
20438433ns          340899 1c00817e 40af87b3 sub              x15, x31, x10       x15=00000020 x31:100001a4 x10:10000184
20438452ns          340900 1c008182 ffc78793 addi             x15, x15, -4        x15=0000001c x15:00000020
20438472ns          340901 1c008184 0027d793 srli             x15, x15, 0x2       x15=00000007 x15:0000001c
20438492ns          340902 1c008186 01d00833 add              x16, x0, x29        x16=10000104 x29:10000104
20438512ns          340903 1c008188 00a00633 add              x12, x0, x10        x12=10000184 x10:10000184
20438532ns          340904 1c00818a 00000713 addi             x14, x0, 0          x14=00000000
20438552ns          340905 1c00818c 00178793 addi             x15, x15, 1         x15=00000008 x15:00000007
20438572ns          340906 1c00818e 0067c0fb lp.setup         0x1, x15, 0x6       x15:00000008
20438592ns          340907 1c008192 0046230b p.lw             x6, 4(x12!)          x6=ffffffe1 x12=10000188 x12:10000184  PA:10000184
20438612ns          340908 1c008196 2078788b p.lw             x17, x7(x16!)       x17=00000001 x16=10000124  x7:00000020 x16:10000104  PA:10000104
20438651ns          340910 1c00819a 43130733 p.mac            x14, x6, x17        x14=ffffffe1 x14:00000000  x6:ffffffe1 x17:00000001
20438671ns          340911 1c008192 0046230b p.lw             x6, 4(x12!)          x6=ffffffe0 x12=1000018c x12:10000188  PA:10000188
20438691ns          340912 1c008196 2078788b p.lw             x17, x7(x16!)       x17=fffffff9 x16=10000144  x7:00000020 x16:10000124  PA:10000124
20438731ns          340914 1c00819a 43130733 p.mac            x14, x6, x17        x14=000000c1 x14:ffffffe1  x6:ffffffe0 x17:fffffff9
20438751ns          340915 1c008192 0046230b p.lw             x6, 4(x12!)          x6=ffffffdf x12=10000190 x12:1000018c  PA:1000018c
20438771ns          340916 1c008196 2078788b p.lw             x17, x7(x16!)       x17=fffffff1 x16=10000164  x7:00000020 x16:10000144  PA:10000144
20438811ns          340918 1c00819a 43130733 p.mac            x14, x6, x17        x14=000002b0 x14:000000c1  x6:ffffffdf x17:fffffff1
20438830ns          340919 1c008192 0046230b p.lw             x6, 4(x12!)          x6=ffffffde x12=10000194 x12:10000190  PA:10000190
20438850ns          340920 1c008196 2078788b p.lw             x17, x7(x16!)       x17=ffffffe9 x16=10000184  x7:00000020 x16:10000164  PA:10000164
20438890ns          340922 1c00819a 43130733 p.mac            x14, x6, x17        x14=000005be x14:000002b0  x6:ffffffde x17:ffffffe9
20438910ns          340923 1c008192 0046230b p.lw             x6, 4(x12!)          x6=ffffffdd x12=10000198 x12:10000194  PA:10000194
20438930ns          340924 1c008196 2078788b p.lw             x17, x7(x16!)       x17=ffffffe1 x16=100001a4  x7:00000020 x16:10000184  PA:10000184
20438970ns          340926 1c00819a 43130733 p.mac            x14, x6, x17        x14=000009fb x14:000005be  x6:ffffffdd x17:ffffffe1
20438990ns          340927 1c008192 0046230b p.lw             x6, 4(x12!)          x6=ffffffdc x12=1000019c x12:10000198  PA:10000198
20439009ns          340928 1c008196 2078788b p.lw             x17, x7(x16!)       x17=ffffffd9 x16=100001c4  x7:00000020 x16:100001a4  PA:100001a4
20439049ns          340930 1c00819a 43130733 p.mac            x14, x6, x17        x14=00000f77 x14:000009fb  x6:ffffffdc x17:ffffffd9
20439069ns          340931 1c008192 0046230b p.lw             x6, 4(x12!)          x6=ffffffdb x12=100001a0 x12:1000019c  PA:1000019c
20439089ns          340932 1c008196 2078788b p.lw             x17, x7(x16!)       x17=ffffffd1 x16=100001e4  x7:00000020 x16:100001c4  PA:100001c4
20439129ns          340934 1c00819a 43130733 p.mac            x14, x6, x17        x14=00001642 x14:00000f77  x6:ffffffdb x17:ffffffd1
20439149ns          340935 1c008192 0046230b p.lw             x6, 4(x12!)          x6=ffffffda x12=100001a4 x12:100001a0  PA:100001a0
20439169ns          340936 1c008196 2078788b p.lw             x17, x7(x16!)       x17=ffffffc9 x16=10000204  x7:00000020 x16:100001e4  PA:100001e4
20439208ns          340938 1c00819a 43130733 p.mac            x14, x6, x17        x14=00001e6c x14:00001642  x6:ffffffda x17:ffffffc9
20439228ns          340939 1c00819e 00ef222b p.sw             x14, 4(x30!)        x30=10000988 x14:00001e6c x30:10000984  PA:10000984
20439248ns          340940 1c0081a2 004e8e93 addi             x29, x29, 4         x29=10000108 x29:10000104
20439288ns          340942 1c00817e 40af87b3 sub              x15, x31, x10       x15=00000020 x31:100001a4 x10:10000184
20439308ns          340943 1c008182 ffc78793 addi             x15, x15, -4        x15=0000001c x15:00000020
20439328ns          340944 1c008184 0027d793 srli             x15, x15, 0x2       x15=00000007 x15:0000001c
20439348ns          340945 1c008186 01d00833 add              x16, x0, x29        x16=10000108 x29:10000108
20439367ns          340946 1c008188 00a00633 add              x12, x0, x10        x12=10000184 x10:10000184
20439387ns          340947 1c00818a 00000713 addi             x14, x0, 0          x14=00000000
20439407ns          340948 1c00818c 00178793 addi             x15, x15, 1         x15=00000008 x15:00000007
20439427ns          340949 1c00818e 0067c0fb lp.setup         0x1, x15, 0x6       x15:00000008
20439447ns          340950 1c008192 0046230b p.lw             x6, 4(x12!)          x6=ffffffe1 x12=10000188 x12:10000184  PA:10000184
20439467ns          340951 1c008196 2078788b p.lw             x17, x7(x16!)       x17=00000000 x16=10000128  x7:00000020 x16:10000108  PA:10000108
20439507ns          340953 1c00819a 43130733 p.mac            x14, x6, x17        x14=00000000 x14:00000000  x6:ffffffe1 x17:00000000
20439527ns          340954 1c008192 0046230b p.lw             x6, 4(x12!)          x6=ffffffe0 x12=1000018c x12:10000188  PA:10000188
20439546ns          340955 1c008196 2078788b p.lw             x17, x7(x16!)       x17=fffffff8 x16=10000148  x7:00000020 x16:10000128  PA:10000128
20439586ns          340957 1c00819a 43130733 p.mac            x14, x6, x17        x14=00000100 x14:00000000  x6:ffffffe0 x17:fffffff8
20439606ns          340958 1c008192 0046230b p.lw             x6, 4(x12!)          x6=ffffffdf x12=10000190 x12:1000018c  PA:1000018c
20439626ns          340959 1c008196 2078788b p.lw             x17, x7(x16!)       x17=fffffff0 x16=10000168  x7:00000020 x16:10000148  PA:10000148
20439666ns          340961 1c00819a 43130733 p.mac            x14, x6, x17        x14=00000310 x14:00000100  x6:ffffffdf x17:fffffff0
20439686ns          340962 1c008192 0046230b p.lw             x6, 4(x12!)          x6=ffffffde x12=10000194 x12:10000190  PA:10000190
20439706ns          340963 1c008196 2078788b p.lw             x17, x7(x16!)       x17=ffffffe8 x16=10000188  x7:00000020 x16:10000168  PA:10000168
20439745ns          340965 1c00819a 43130733 p.mac            x14, x6, x17        x14=00000640 x14:00000310  x6:ffffffde x17:ffffffe8
20439765ns          340966 1c008192 0046230b p.lw             x6, 4(x12!)          x6=ffffffdd x12=10000198 x12:10000194  PA:10000194
20439785ns          340967 1c008196 2078788b p.lw             x17, x7(x16!)       x17=ffffffe0 x16=100001a8  x7:00000020 x16:10000188  PA:10000188
20439825ns          340969 1c00819a 43130733 p.mac            x14, x6, x17        x14=00000aa0 x14:00000640  x6:ffffffdd x17:ffffffe0
20439845ns          340970 1c008192 0046230b p.lw             x6, 4(x12!)          x6=ffffffdc x12=1000019c x12:10000198  PA:10000198
20439865ns          340971 1c008196 2078788b p.lw             x17, x7(x16!)       x17=ffffffd8 x16=100001c8  x7:00000020 x16:100001a8  PA:100001a8
20439905ns          340973 1c00819a 43130733 p.mac            x14, x6, x17        x14=00001040 x14:00000aa0  x6:ffffffdc x17:ffffffd8
20439924ns          340974 1c008192 0046230b p.lw             x6, 4(x12!)          x6=ffffffdb x12=100001a0 x12:1000019c  PA:1000019c
20439944ns          340975 1c008196 2078788b p.lw             x17, x7(x16!)       x17=ffffffd0 x16=100001e8  x7:00000020 x16:100001c8  PA:100001c8
20439984ns          340977 1c00819a 43130733 p.mac            x14, x6, x17        x14=00001730 x14:00001040  x6:ffffffdb x17:ffffffd0
20440004ns          340978 1c008192 0046230b p.lw             x6, 4(x12!)          x6=ffffffda x12=100001a4 x12:100001a0  PA:100001a0
20440024ns          340979 1c008196 2078788b p.lw             x17, x7(x16!)       x17=ffffffc8 x16=10000208  x7:00000020 x16:100001e8  PA:100001e8
20440064ns          340981 1c00819a 43130733 p.mac            x14, x6, x17        x14=00001f80 x14:00001730  x6:ffffffda x17:ffffffc8
20440084ns          340982 1c00819e 00ef222b p.sw             x14, 4(x30!)        x30=1000098c x14:00001f80 x30:10000988  PA:10000988
20440103ns          340983 1c0081a2 004e8e93 addi             x29, x29, 4         x29=1000010c x29:10000108
20440143ns          340985 1c00817e 40af87b3 sub              x15, x31, x10       x15=00000020 x31:100001a4 x10:10000184
20440163ns          340986 1c008182 ffc78793 addi             x15, x15, -4        x15=0000001c x15:00000020
20440183ns          340987 1c008184 0027d793 srli             x15, x15, 0x2       x15=00000007 x15:0000001c
20440203ns          340988 1c008186 01d00833 add              x16, x0, x29        x16=1000010c x29:1000010c
20440223ns          340989 1c008188 00a00633 add              x12, x0, x10        x12=10000184 x10:10000184
20440243ns          340990 1c00818a 00000713 addi             x14, x0, 0          x14=00000000
20440263ns          340991 1c00818c 00178793 addi             x15, x15, 1         x15=00000008 x15:00000007
20440282ns          340992 1c00818e 0067c0fb lp.setup         0x1, x15, 0x6       x15:00000008
20440302ns          340993 1c008192 0046230b p.lw             x6, 4(x12!)          x6=ffffffe1 x12=10000188 x12:10000184  PA:10000184
20440322ns          340994 1c008196 2078788b p.lw             x17, x7(x16!)       x17=ffffffff x16=1000012c  x7:00000020 x16:1000010c  PA:1000010c
20440362ns          340996 1c00819a 43130733 p.mac            x14, x6, x17        x14=0000001f x14:00000000  x6:ffffffe1 x17:ffffffff
20440382ns          340997 1c008192 0046230b p.lw             x6, 4(x12!)          x6=ffffffe0 x12=1000018c x12:10000188  PA:10000188
20440402ns          340998 1c008196 2078788b p.lw             x17, x7(x16!)       x17=fffffff7 x16=1000014c  x7:00000020 x16:1000012c  PA:1000012c
20440442ns          341000 1c00819a 43130733 p.mac            x14, x6, x17        x14=0000013f x14:0000001f  x6:ffffffe0 x17:fffffff7
20440461ns          341001 1c008192 0046230b p.lw             x6, 4(x12!)          x6=ffffffdf x12=10000190 x12:1000018c  PA:1000018c
20440481ns          341002 1c008196 2078788b p.lw             x17, x7(x16!)       x17=ffffffef x16=1000016c  x7:00000020 x16:1000014c  PA:1000014c
20440521ns          341004 1c00819a 43130733 p.mac            x14, x6, x17        x14=00000370 x14:0000013f  x6:ffffffdf x17:ffffffef
20440541ns          341005 1c008192 0046230b p.lw             x6, 4(x12!)          x6=ffffffde x12=10000194 x12:10000190  PA:10000190
20440561ns          341006 1c008196 2078788b p.lw             x17, x7(x16!)       x17=ffffffe7 x16=1000018c  x7:00000020 x16:1000016c  PA:1000016c
20440601ns          341008 1c00819a 43130733 p.mac            x14, x6, x17        x14=000006c2 x14:00000370  x6:ffffffde x17:ffffffe7
20440621ns          341009 1c008192 0046230b p.lw             x6, 4(x12!)          x6=ffffffdd x12=10000198 x12:10000194  PA:10000194
20440640ns          341010 1c008196 2078788b p.lw             x17, x7(x16!)       x17=ffffffdf x16=100001ac  x7:00000020 x16:1000018c  PA:1000018c
20440680ns          341012 1c00819a 43130733 p.mac            x14, x6, x17        x14=00000b45 x14:000006c2  x6:ffffffdd x17:ffffffdf
20440700ns          341013 1c008192 0046230b p.lw             x6, 4(x12!)          x6=ffffffdc x12=1000019c x12:10000198  PA:10000198
20440720ns          341014 1c008196 2078788b p.lw             x17, x7(x16!)       x17=ffffffd7 x16=100001cc  x7:00000020 x16:100001ac  PA:100001ac
20440760ns          341016 1c00819a 43130733 p.mac            x14, x6, x17        x14=00001109 x14:00000b45  x6:ffffffdc x17:ffffffd7
20440780ns          341017 1c008192 0046230b p.lw             x6, 4(x12!)          x6=ffffffdb x12=100001a0 x12:1000019c  PA:1000019c
20440800ns          341018 1c008196 2078788b p.lw             x17, x7(x16!)       x17=ffffffcf x16=100001ec  x7:00000020 x16:100001cc  PA:100001cc
20440839ns          341020 1c00819a 43130733 p.mac            x14, x6, x17        x14=0000181e x14:00001109  x6:ffffffdb x17:ffffffcf
20440859ns          341021 1c008192 0046230b p.lw             x6, 4(x12!)          x6=ffffffda x12=100001a4 x12:100001a0  PA:100001a0
20440879ns          341022 1c008196 2078788b p.lw             x17, x7(x16!)       x17=ffffffc7 x16=1000020c  x7:00000020 x16:100001ec  PA:100001ec
20440919ns          341024 1c00819a 43130733 p.mac            x14, x6, x17        x14=00002094 x14:0000181e  x6:ffffffda x17:ffffffc7
20440939ns          341025 1c00819e 00ef222b p.sw             x14, 4(x30!)        x30=10000990 x14:00002094 x30:1000098c  PA:1000098c
20440959ns          341026 1c0081a2 004e8e93 addi             x29, x29, 4         x29=10000110 x29:1000010c
20440998ns          341028 1c00817e 40af87b3 sub              x15, x31, x10       x15=00000020 x31:100001a4 x10:10000184
20441018ns          341029 1c008182 ffc78793 addi             x15, x15, -4        x15=0000001c x15:00000020
20441038ns          341030 1c008184 0027d793 srli             x15, x15, 0x2       x15=00000007 x15:0000001c
20441058ns          341031 1c008186 01d00833 add              x16, x0, x29        x16=10000110 x29:10000110
20441078ns          341032 1c008188 00a00633 add              x12, x0, x10        x12=10000184 x10:10000184
20441098ns          341033 1c00818a 00000713 addi             x14, x0, 0          x14=00000000
20441118ns          341034 1c00818c 00178793 addi             x15, x15, 1         x15=00000008 x15:00000007
20441138ns          341035 1c00818e 0067c0fb lp.setup         0x1, x15, 0x6       x15:00000008
20441158ns          341036 1c008192 0046230b p.lw             x6, 4(x12!)          x6=ffffffe1 x12=10000188 x12:10000184  PA:10000184
20441178ns          341037 1c008196 2078788b p.lw             x17, x7(x16!)       x17=fffffffe x16=10000130  x7:00000020 x16:10000110  PA:10000110
20441217ns          341039 1c00819a 43130733 p.mac            x14, x6, x17        x14=0000003e x14:00000000  x6:ffffffe1 x17:fffffffe
20441237ns          341040 1c008192 0046230b p.lw             x6, 4(x12!)          x6=ffffffe0 x12=1000018c x12:10000188  PA:10000188
20441257ns          341041 1c008196 2078788b p.lw             x17, x7(x16!)       x17=fffffff6 x16=10000150  x7:00000020 x16:10000130  PA:10000130
20441297ns          341043 1c00819a 43130733 p.mac            x14, x6, x17        x14=0000017e x14:0000003e  x6:ffffffe0 x17:fffffff6
20441317ns          341044 1c008192 0046230b p.lw             x6, 4(x12!)          x6=ffffffdf x12=10000190 x12:1000018c  PA:1000018c
20441337ns          341045 1c008196 2078788b p.lw             x17, x7(x16!)       x17=ffffffee x16=10000170  x7:00000020 x16:10000150  PA:10000150
20441376ns          341047 1c00819a 43130733 p.mac            x14, x6, x17        x14=000003d0 x14:0000017e  x6:ffffffdf x17:ffffffee
20441396ns          341048 1c008192 0046230b p.lw             x6, 4(x12!)          x6=ffffffde x12=10000194 x12:10000190  PA:10000190
20441416ns          341049 1c008196 2078788b p.lw             x17, x7(x16!)       x17=ffffffe6 x16=10000190  x7:00000020 x16:10000170  PA:10000170
20441456ns          341051 1c00819a 43130733 p.mac            x14, x6, x17        x14=00000744 x14:000003d0  x6:ffffffde x17:ffffffe6
20441476ns          341052 1c008192 0046230b p.lw             x6, 4(x12!)          x6=ffffffdd x12=10000198 x12:10000194  PA:10000194
20441496ns          341053 1c008196 2078788b p.lw             x17, x7(x16!)       x17=ffffffde x16=100001b0  x7:00000020 x16:10000190  PA:10000190
20441536ns          341055 1c00819a 43130733 p.mac            x14, x6, x17        x14=00000bea x14:00000744  x6:ffffffdd x17:ffffffde
20441555ns          341056 1c008192 0046230b p.lw             x6, 4(x12!)          x6=ffffffdc x12=1000019c x12:10000198  PA:10000198
20441575ns          341057 1c008196 2078788b p.lw             x17, x7(x16!)       x17=ffffffd6 x16=100001d0  x7:00000020 x16:100001b0  PA:100001b0
20441615ns          341059 1c00819a 43130733 p.mac            x14, x6, x17        x14=000011d2 x14:00000bea  x6:ffffffdc x17:ffffffd6
20441635ns          341060 1c008192 0046230b p.lw             x6, 4(x12!)          x6=ffffffdb x12=100001a0 x12:1000019c  PA:1000019c
20441655ns          341061 1c008196 2078788b p.lw             x17, x7(x16!)       x17=ffffffce x16=100001f0  x7:00000020 x16:100001d0  PA:100001d0
20441695ns          341063 1c00819a 43130733 p.mac            x14, x6, x17        x14=0000190c x14:000011d2  x6:ffffffdb x17:ffffffce
20441715ns          341064 1c008192 0046230b p.lw             x6, 4(x12!)          x6=ffffffda x12=100001a4 x12:100001a0  PA:100001a0
20441734ns          341065 1c008196 2078788b p.lw             x17, x7(x16!)       x17=ffffffc6 x16=10000210  x7:00000020 x16:100001f0  PA:100001f0
20441774ns          341067 1c00819a 43130733 p.mac            x14, x6, x17        x14=000021a8 x14:0000190c  x6:ffffffda x17:ffffffc6
20441794ns          341068 1c00819e 00ef222b p.sw             x14, 4(x30!)        x30=10000994 x14:000021a8 x30:10000990  PA:10000990
20441814ns          341069 1c0081a2 004e8e93 addi             x29, x29, 4         x29=10000114 x29:10000110
20441854ns          341071 1c00817e 40af87b3 sub              x15, x31, x10       x15=00000020 x31:100001a4 x10:10000184
20441874ns          341072 1c008182 ffc78793 addi             x15, x15, -4        x15=0000001c x15:00000020
20441894ns          341073 1c008184 0027d793 srli             x15, x15, 0x2       x15=00000007 x15:0000001c
20441913ns          341074 1c008186 01d00833 add              x16, x0, x29        x16=10000114 x29:10000114
20441933ns          341075 1c008188 00a00633 add              x12, x0, x10        x12=10000184 x10:10000184
20441953ns          341076 1c00818a 00000713 addi             x14, x0, 0          x14=00000000
20441973ns          341077 1c00818c 00178793 addi             x15, x15, 1         x15=00000008 x15:00000007
20441993ns          341078 1c00818e 0067c0fb lp.setup         0x1, x15, 0x6       x15:00000008
20442013ns          341079 1c008192 0046230b p.lw             x6, 4(x12!)          x6=ffffffe1 x12=10000188 x12:10000184  PA:10000184
20442033ns          341080 1c008196 2078788b p.lw             x17, x7(x16!)       x17=fffffffd x16=10000134  x7:00000020 x16:10000114  PA:10000114
20442073ns          341082 1c00819a 43130733 p.mac            x14, x6, x17        x14=0000005d x14:00000000  x6:ffffffe1 x17:fffffffd
20442092ns          341083 1c008192 0046230b p.lw             x6, 4(x12!)          x6=ffffffe0 x12=1000018c x12:10000188  PA:10000188
20442112ns          341084 1c008196 2078788b p.lw             x17, x7(x16!)       x17=fffffff5 x16=10000154  x7:00000020 x16:10000134  PA:10000134
20442152ns          341086 1c00819a 43130733 p.mac            x14, x6, x17        x14=000001bd x14:0000005d  x6:ffffffe0 x17:fffffff5
20442172ns          341087 1c008192 0046230b p.lw             x6, 4(x12!)          x6=ffffffdf x12=10000190 x12:1000018c  PA:1000018c
20442192ns          341088 1c008196 2078788b p.lw             x17, x7(x16!)       x17=ffffffed x16=10000174  x7:00000020 x16:10000154  PA:10000154
20442232ns          341090 1c00819a 43130733 p.mac            x14, x6, x17        x14=00000430 x14:000001bd  x6:ffffffdf x17:ffffffed
20442252ns          341091 1c008192 0046230b p.lw             x6, 4(x12!)          x6=ffffffde x12=10000194 x12:10000190  PA:10000190
20442272ns          341092 1c008196 2078788b p.lw             x17, x7(x16!)       x17=ffffffe5 x16=10000194  x7:00000020 x16:10000174  PA:10000174
20442311ns          341094 1c00819a 43130733 p.mac            x14, x6, x17        x14=000007c6 x14:00000430  x6:ffffffde x17:ffffffe5
20442331ns          341095 1c008192 0046230b p.lw             x6, 4(x12!)          x6=ffffffdd x12=10000198 x12:10000194  PA:10000194
20442351ns          341096 1c008196 2078788b p.lw             x17, x7(x16!)       x17=ffffffdd x16=100001b4  x7:00000020 x16:10000194  PA:10000194
20442391ns          341098 1c00819a 43130733 p.mac            x14, x6, x17        x14=00000c8f x14:000007c6  x6:ffffffdd x17:ffffffdd
20442411ns          341099 1c008192 0046230b p.lw             x6, 4(x12!)          x6=ffffffdc x12=1000019c x12:10000198  PA:10000198
20442431ns          341100 1c008196 2078788b p.lw             x17, x7(x16!)       x17=ffffffd5 x16=100001d4  x7:00000020 x16:100001b4  PA:100001b4
20442470ns          341102 1c00819a 43130733 p.mac            x14, x6, x17        x14=0000129b x14:00000c8f  x6:ffffffdc x17:ffffffd5
20442490ns          341103 1c008192 0046230b p.lw             x6, 4(x12!)          x6=ffffffdb x12=100001a0 x12:1000019c  PA:1000019c
20442510ns          341104 1c008196 2078788b p.lw             x17, x7(x16!)       x17=ffffffcd x16=100001f4  x7:00000020 x16:100001d4  PA:100001d4
20442550ns          341106 1c00819a 43130733 p.mac            x14, x6, x17        x14=000019fa x14:0000129b  x6:ffffffdb x17:ffffffcd
20442570ns          341107 1c008192 0046230b p.lw             x6, 4(x12!)          x6=ffffffda x12=100001a4 x12:100001a0  PA:100001a0
20442590ns          341108 1c008196 2078788b p.lw             x17, x7(x16!)       x17=ffffffc5 x16=10000214  x7:00000020 x16:100001f4  PA:100001f4
20442630ns          341110 1c00819a 43130733 p.mac            x14, x6, x17        x14=000022bc x14:000019fa  x6:ffffffda x17:ffffffc5
20442649ns          341111 1c00819e 00ef222b p.sw             x14, 4(x30!)        x30=10000998 x14:000022bc x30:10000994  PA:10000994
20442669ns          341112 1c0081a2 004e8e93 addi             x29, x29, 4         x29=10000118 x29:10000114
20442709ns          341114 1c00817e 40af87b3 sub              x15, x31, x10       x15=00000020 x31:100001a4 x10:10000184
20442729ns          341115 1c008182 ffc78793 addi             x15, x15, -4        x15=0000001c x15:00000020
20442749ns          341116 1c008184 0027d793 srli             x15, x15, 0x2       x15=00000007 x15:0000001c
20442769ns          341117 1c008186 01d00833 add              x16, x0, x29        x16=10000118 x29:10000118
20442789ns          341118 1c008188 00a00633 add              x12, x0, x10        x12=10000184 x10:10000184
20442809ns          341119 1c00818a 00000713 addi             x14, x0, 0          x14=00000000
20442828ns          341120 1c00818c 00178793 addi             x15, x15, 1         x15=00000008 x15:00000007
20442848ns          341121 1c00818e 0067c0fb lp.setup         0x1, x15, 0x6       x15:00000008
20442868ns          341122 1c008192 0046230b p.lw             x6, 4(x12!)          x6=ffffffe1 x12=10000188 x12:10000184  PA:10000184
20442888ns          341123 1c008196 2078788b p.lw             x17, x7(x16!)       x17=fffffffc x16=10000138  x7:00000020 x16:10000118  PA:10000118
20442928ns          341125 1c00819a 43130733 p.mac            x14, x6, x17        x14=0000007c x14:00000000  x6:ffffffe1 x17:fffffffc
20442948ns          341126 1c008192 0046230b p.lw             x6, 4(x12!)          x6=ffffffe0 x12=1000018c x12:10000188  PA:10000188
20442968ns          341127 1c008196 2078788b p.lw             x17, x7(x16!)       x17=fffffff4 x16=10000158  x7:00000020 x16:10000138  PA:10000138
20443007ns          341129 1c00819a 43130733 p.mac            x14, x6, x17        x14=000001fc x14:0000007c  x6:ffffffe0 x17:fffffff4
20443027ns          341130 1c008192 0046230b p.lw             x6, 4(x12!)          x6=ffffffdf x12=10000190 x12:1000018c  PA:1000018c
20443047ns          341131 1c008196 2078788b p.lw             x17, x7(x16!)       x17=ffffffec x16=10000178  x7:00000020 x16:10000158  PA:10000158
20443087ns          341133 1c00819a 43130733 p.mac            x14, x6, x17        x14=00000490 x14:000001fc  x6:ffffffdf x17:ffffffec
20443107ns          341134 1c008192 0046230b p.lw             x6, 4(x12!)          x6=ffffffde x12=10000194 x12:10000190  PA:10000190
20443127ns          341135 1c008196 2078788b p.lw             x17, x7(x16!)       x17=ffffffe4 x16=10000198  x7:00000020 x16:10000178  PA:10000178
20443167ns          341137 1c00819a 43130733 p.mac            x14, x6, x17        x14=00000848 x14:00000490  x6:ffffffde x17:ffffffe4
20443186ns          341138 1c008192 0046230b p.lw             x6, 4(x12!)          x6=ffffffdd x12=10000198 x12:10000194  PA:10000194
20443206ns          341139 1c008196 2078788b p.lw             x17, x7(x16!)       x17=ffffffdc x16=100001b8  x7:00000020 x16:10000198  PA:10000198
20443246ns          341141 1c00819a 43130733 p.mac            x14, x6, x17        x14=00000d34 x14:00000848  x6:ffffffdd x17:ffffffdc
20443266ns          341142 1c008192 0046230b p.lw             x6, 4(x12!)          x6=ffffffdc x12=1000019c x12:10000198  PA:10000198
20443286ns          341143 1c008196 2078788b p.lw             x17, x7(x16!)       x17=ffffffd4 x16=100001d8  x7:00000020 x16:100001b8  PA:100001b8
20443326ns          341145 1c00819a 43130733 p.mac            x14, x6, x17        x14=00001364 x14:00000d34  x6:ffffffdc x17:ffffffd4
20443346ns          341146 1c008192 0046230b p.lw             x6, 4(x12!)          x6=ffffffdb x12=100001a0 x12:1000019c  PA:1000019c
20443365ns          341147 1c008196 2078788b p.lw             x17, x7(x16!)       x17=ffffffcc x16=100001f8  x7:00000020 x16:100001d8  PA:100001d8
20443405ns          341149 1c00819a 43130733 p.mac            x14, x6, x17        x14=00001ae8 x14:00001364  x6:ffffffdb x17:ffffffcc
20443425ns          341150 1c008192 0046230b p.lw             x6, 4(x12!)          x6=ffffffda x12=100001a4 x12:100001a0  PA:100001a0
20443445ns          341151 1c008196 2078788b p.lw             x17, x7(x16!)       x17=ffffffc4 x16=10000218  x7:00000020 x16:100001f8  PA:100001f8
20443485ns          341153 1c00819a 43130733 p.mac            x14, x6, x17        x14=000023d0 x14:00001ae8  x6:ffffffda x17:ffffffc4
20443505ns          341154 1c00819e 00ef222b p.sw             x14, 4(x30!)        x30=1000099c x14:000023d0 x30:10000998  PA:10000998
20443525ns          341155 1c0081a2 004e8e93 addi             x29, x29, 4         x29=1000011c x29:10000118
20443564ns          341157 1c00817e 40af87b3 sub              x15, x31, x10       x15=00000020 x31:100001a4 x10:10000184
20443584ns          341158 1c008182 ffc78793 addi             x15, x15, -4        x15=0000001c x15:00000020
20443604ns          341159 1c008184 0027d793 srli             x15, x15, 0x2       x15=00000007 x15:0000001c
20443624ns          341160 1c008186 01d00833 add              x16, x0, x29        x16=1000011c x29:1000011c
20443644ns          341161 1c008188 00a00633 add              x12, x0, x10        x12=10000184 x10:10000184
20443664ns          341162 1c00818a 00000713 addi             x14, x0, 0          x14=00000000
20443684ns          341163 1c00818c 00178793 addi             x15, x15, 1         x15=00000008 x15:00000007
20443704ns          341164 1c00818e 0067c0fb lp.setup         0x1, x15, 0x6       x15:00000008
20443724ns          341165 1c008192 0046230b p.lw             x6, 4(x12!)          x6=ffffffe1 x12=10000188 x12:10000184  PA:10000184
20443743ns          341166 1c008196 2078788b p.lw             x17, x7(x16!)       x17=fffffffb x16=1000013c  x7:00000020 x16:1000011c  PA:1000011c
20443783ns          341168 1c00819a 43130733 p.mac            x14, x6, x17        x14=0000009b x14:00000000  x6:ffffffe1 x17:fffffffb
20443803ns          341169 1c008192 0046230b p.lw             x6, 4(x12!)          x6=ffffffe0 x12=1000018c x12:10000188  PA:10000188
20443823ns          341170 1c008196 2078788b p.lw             x17, x7(x16!)       x17=fffffff3 x16=1000015c  x7:00000020 x16:1000013c  PA:1000013c
20443863ns          341172 1c00819a 43130733 p.mac            x14, x6, x17        x14=0000023b x14:0000009b  x6:ffffffe0 x17:fffffff3
20443883ns          341173 1c008192 0046230b p.lw             x6, 4(x12!)          x6=ffffffdf x12=10000190 x12:1000018c  PA:1000018c
20443903ns          341174 1c008196 2078788b p.lw             x17, x7(x16!)       x17=ffffffeb x16=1000017c  x7:00000020 x16:1000015c  PA:1000015c
20443942ns          341176 1c00819a 43130733 p.mac            x14, x6, x17        x14=000004f0 x14:0000023b  x6:ffffffdf x17:ffffffeb
20443962ns          341177 1c008192 0046230b p.lw             x6, 4(x12!)          x6=ffffffde x12=10000194 x12:10000190  PA:10000190
20443982ns          341178 1c008196 2078788b p.lw             x17, x7(x16!)       x17=ffffffe3 x16=1000019c  x7:00000020 x16:1000017c  PA:1000017c
20444022ns          341180 1c00819a 43130733 p.mac            x14, x6, x17        x14=000008ca x14:000004f0  x6:ffffffde x17:ffffffe3
20444042ns          341181 1c008192 0046230b p.lw             x6, 4(x12!)          x6=ffffffdd x12=10000198 x12:10000194  PA:10000194
20444062ns          341182 1c008196 2078788b p.lw             x17, x7(x16!)       x17=ffffffdb x16=100001bc  x7:00000020 x16:1000019c  PA:1000019c
20444101ns          341184 1c00819a 43130733 p.mac            x14, x6, x17        x14=00000dd9 x14:000008ca  x6:ffffffdd x17:ffffffdb
20444121ns          341185 1c008192 0046230b p.lw             x6, 4(x12!)          x6=ffffffdc x12=1000019c x12:10000198  PA:10000198
20444141ns          341186 1c008196 2078788b p.lw             x17, x7(x16!)       x17=ffffffd3 x16=100001dc  x7:00000020 x16:100001bc  PA:100001bc
20444181ns          341188 1c00819a 43130733 p.mac            x14, x6, x17        x14=0000142d x14:00000dd9  x6:ffffffdc x17:ffffffd3
20444201ns          341189 1c008192 0046230b p.lw             x6, 4(x12!)          x6=ffffffdb x12=100001a0 x12:1000019c  PA:1000019c
20444221ns          341190 1c008196 2078788b p.lw             x17, x7(x16!)       x17=ffffffcb x16=100001fc  x7:00000020 x16:100001dc  PA:100001dc
20444261ns          341192 1c00819a 43130733 p.mac            x14, x6, x17        x14=00001bd6 x14:0000142d  x6:ffffffdb x17:ffffffcb
20444280ns          341193 1c008192 0046230b p.lw             x6, 4(x12!)          x6=ffffffda x12=100001a4 x12:100001a0  PA:100001a0
20444300ns          341194 1c008196 2078788b p.lw             x17, x7(x16!)       x17=ffffffc3 x16=1000021c  x7:00000020 x16:100001fc  PA:100001fc
20444340ns          341196 1c00819a 43130733 p.mac            x14, x6, x17        x14=000024e4 x14:00001bd6  x6:ffffffda x17:ffffffc3
20444360ns          341197 1c00819e 00ef222b p.sw             x14, 4(x30!)        x30=100009a0 x14:000024e4 x30:1000099c  PA:1000099c
20444380ns          341198 1c0081a2 004e8e93 addi             x29, x29, 4         x29=10000120 x29:1000011c
20444420ns          341200 1c00817e 40af87b3 sub              x15, x31, x10       x15=00000020 x31:100001a4 x10:10000184
20444440ns          341201 1c008182 ffc78793 addi             x15, x15, -4        x15=0000001c x15:00000020
20444459ns          341202 1c008184 0027d793 srli             x15, x15, 0x2       x15=00000007 x15:0000001c
20444479ns          341203 1c008186 01d00833 add              x16, x0, x29        x16=10000120 x29:10000120
20444499ns          341204 1c008188 00a00633 add              x12, x0, x10        x12=10000184 x10:10000184
20444519ns          341205 1c00818a 00000713 addi             x14, x0, 0          x14=00000000
20444539ns          341206 1c00818c 00178793 addi             x15, x15, 1         x15=00000008 x15:00000007
20444559ns          341207 1c00818e 0067c0fb lp.setup         0x1, x15, 0x6       x15:00000008
20444579ns          341208 1c008192 0046230b p.lw             x6, 4(x12!)          x6=ffffffe1 x12=10000188 x12:10000184  PA:10000184
20444599ns          341209 1c008196 2078788b p.lw             x17, x7(x16!)       x17=fffffffa x16=10000140  x7:00000020 x16:10000120  PA:10000120
20444639ns          341211 1c00819a 43130733 p.mac            x14, x6, x17        x14=000000ba x14:00000000  x6:ffffffe1 x17:fffffffa
20444658ns          341212 1c008192 0046230b p.lw             x6, 4(x12!)          x6=ffffffe0 x12=1000018c x12:10000188  PA:10000188
20444678ns          341213 1c008196 2078788b p.lw             x17, x7(x16!)       x17=fffffff2 x16=10000160  x7:00000020 x16:10000140  PA:10000140
20444718ns          341215 1c00819a 43130733 p.mac            x14, x6, x17        x14=0000027a x14:000000ba  x6:ffffffe0 x17:fffffff2
20444738ns          341216 1c008192 0046230b p.lw             x6, 4(x12!)          x6=ffffffdf x12=10000190 x12:1000018c  PA:1000018c
20444758ns          341217 1c008196 2078788b p.lw             x17, x7(x16!)       x17=ffffffea x16=10000180  x7:00000020 x16:10000160  PA:10000160
20444798ns          341219 1c00819a 43130733 p.mac            x14, x6, x17        x14=00000550 x14:0000027a  x6:ffffffdf x17:ffffffea
20444818ns          341220 1c008192 0046230b p.lw             x6, 4(x12!)          x6=ffffffde x12=10000194 x12:10000190  PA:10000190
20444837ns          341221 1c008196 2078788b p.lw             x17, x7(x16!)       x17=ffffffe2 x16=100001a0  x7:00000020 x16:10000180  PA:10000180
20444877ns          341223 1c00819a 43130733 p.mac            x14, x6, x17        x14=0000094c x14:00000550  x6:ffffffde x17:ffffffe2
20444897ns          341224 1c008192 0046230b p.lw             x6, 4(x12!)          x6=ffffffdd x12=10000198 x12:10000194  PA:10000194
20444917ns          341225 1c008196 2078788b p.lw             x17, x7(x16!)       x17=ffffffda x16=100001c0  x7:00000020 x16:100001a0  PA:100001a0
20444957ns          341227 1c00819a 43130733 p.mac            x14, x6, x17        x14=00000e7e x14:0000094c  x6:ffffffdd x17:ffffffda
20444977ns          341228 1c008192 0046230b p.lw             x6, 4(x12!)          x6=ffffffdc x12=1000019c x12:10000198  PA:10000198
20444997ns          341229 1c008196 2078788b p.lw             x17, x7(x16!)       x17=ffffffd2 x16=100001e0  x7:00000020 x16:100001c0  PA:100001c0
20445036ns          341231 1c00819a 43130733 p.mac            x14, x6, x17        x14=000014f6 x14:00000e7e  x6:ffffffdc x17:ffffffd2
20445056ns          341232 1c008192 0046230b p.lw             x6, 4(x12!)          x6=ffffffdb x12=100001a0 x12:1000019c  PA:1000019c
20445076ns          341233 1c008196 2078788b p.lw             x17, x7(x16!)       x17=ffffffca x16=10000200  x7:00000020 x16:100001e0  PA:100001e0
20445116ns          341235 1c00819a 43130733 p.mac            x14, x6, x17        x14=00001cc4 x14:000014f6  x6:ffffffdb x17:ffffffca
20445136ns          341236 1c008192 0046230b p.lw             x6, 4(x12!)          x6=ffffffda x12=100001a4 x12:100001a0  PA:100001a0
20445156ns          341237 1c008196 2078788b p.lw             x17, x7(x16!)       x17=ffffffc2 x16=10000220  x7:00000020 x16:10000200  PA:10000200
20445195ns          341239 1c00819a 43130733 p.mac            x14, x6, x17        x14=000025f8 x14:00001cc4  x6:ffffffda x17:ffffffc2
20445215ns          341240 1c00819e 00ef222b p.sw             x14, 4(x30!)        x30=100009a4 x14:000025f8 x30:100009a0  PA:100009a0
20445235ns          341241 1c0081a2 004e8e93 addi             x29, x29, 4         x29=10000124 x29:10000120
20445255ns          341242 1c0081a4 00128293 addi             x5, x5, 1            x5=00000005  x5:00000004
20445275ns          341243 1c0081a6 00750533 add              x10, x10, x7        x10=100001a4 x10:10000184  x7:00000020
20445295ns          341244 1c0081a8 007f8fb3 add              x31, x31, x7        x31=100001c4 x31:100001a4  x7:00000020
20445315ns          341245 1c0081aa fa569fe3 bne              x13, x5, -66        x13:00000008  x5:00000005
20445374ns          341248 1c008168 40b48e33 sub              x28, x9, x11        x28=00000020  x9:10000124 x11:10000104
20445394ns          341249 1c00816c ffce0e13 addi             x28, x28, -4        x28=0000001c x28:00000020
20445414ns          341250 1c00816e 002e5e13 srli             x28, x28, 0x2       x28=00000007 x28:0000001c
20445434ns          341251 1c008172 008f8f33 add              x30, x31, x8        x30=100009a4 x31:100001c4  x8:000007e0
20445454ns          341252 1c008176 00b00eb3 add              x29, x0, x11        x29=10000104 x11:10000104
20445474ns          341253 1c008178 001e0e13 addi             x28, x28, 1         x28=00000008 x28:00000007
20445494ns          341254 1c00817a 014e407b lp.setup         0x0, x28, 0x14      x28:00000008
20445514ns          341255 1c00817e 40af87b3 sub              x15, x31, x10       x15=00000020 x31:100001c4 x10:100001a4
20445534ns          341256 1c008182 ffc78793 addi             x15, x15, -4        x15=0000001c x15:00000020
20445553ns          341257 1c008184 0027d793 srli             x15, x15, 0x2       x15=00000007 x15:0000001c
20445573ns          341258 1c008186 01d00833 add              x16, x0, x29        x16=10000104 x29:10000104
20445593ns          341259 1c008188 00a00633 add              x12, x0, x10        x12=100001a4 x10:100001a4
20445613ns          341260 1c00818a 00000713 addi             x14, x0, 0          x14=00000000
20445633ns          341261 1c00818c 00178793 addi             x15, x15, 1         x15=00000008 x15:00000007
20445653ns          341262 1c00818e 0067c0fb lp.setup         0x1, x15, 0x6       x15:00000008
20445673ns          341263 1c008192 0046230b p.lw             x6, 4(x12!)          x6=ffffffd9 x12=100001a8 x12:100001a4  PA:100001a4
20445693ns          341264 1c008196 2078788b p.lw             x17, x7(x16!)       x17=00000001 x16=10000124  x7:00000020 x16:10000104  PA:10000104
20445732ns          341266 1c00819a 43130733 p.mac            x14, x6, x17        x14=ffffffd9 x14:00000000  x6:ffffffd9 x17:00000001
20445752ns          341267 1c008192 0046230b p.lw             x6, 4(x12!)          x6=ffffffd8 x12=100001ac x12:100001a8  PA:100001a8
20445772ns          341268 1c008196 2078788b p.lw             x17, x7(x16!)       x17=fffffff9 x16=10000144  x7:00000020 x16:10000124  PA:10000124
20445812ns          341270 1c00819a 43130733 p.mac            x14, x6, x17        x14=000000f1 x14:ffffffd9  x6:ffffffd8 x17:fffffff9
20445832ns          341271 1c008192 0046230b p.lw             x6, 4(x12!)          x6=ffffffd7 x12=100001b0 x12:100001ac  PA:100001ac
20445852ns          341272 1c008196 2078788b p.lw             x17, x7(x16!)       x17=fffffff1 x16=10000164  x7:00000020 x16:10000144  PA:10000144
20445892ns          341274 1c00819a 43130733 p.mac            x14, x6, x17        x14=00000358 x14:000000f1  x6:ffffffd7 x17:fffffff1
20445912ns          341275 1c008192 0046230b p.lw             x6, 4(x12!)          x6=ffffffd6 x12=100001b4 x12:100001b0  PA:100001b0
20445931ns          341276 1c008196 2078788b p.lw             x17, x7(x16!)       x17=ffffffe9 x16=10000184  x7:00000020 x16:10000164  PA:10000164
20445971ns          341278 1c00819a 43130733 p.mac            x14, x6, x17        x14=0000071e x14:00000358  x6:ffffffd6 x17:ffffffe9
20445991ns          341279 1c008192 0046230b p.lw             x6, 4(x12!)          x6=ffffffd5 x12=100001b8 x12:100001b4  PA:100001b4
20446011ns          341280 1c008196 2078788b p.lw             x17, x7(x16!)       x17=ffffffe1 x16=100001a4  x7:00000020 x16:10000184  PA:10000184
20446051ns          341282 1c00819a 43130733 p.mac            x14, x6, x17        x14=00000c53 x14:0000071e  x6:ffffffd5 x17:ffffffe1
20446071ns          341283 1c008192 0046230b p.lw             x6, 4(x12!)          x6=ffffffd4 x12=100001bc x12:100001b8  PA:100001b8
20446091ns          341284 1c008196 2078788b p.lw             x17, x7(x16!)       x17=ffffffd9 x16=100001c4  x7:00000020 x16:100001a4  PA:100001a4
20446130ns          341286 1c00819a 43130733 p.mac            x14, x6, x17        x14=00001307 x14:00000c53  x6:ffffffd4 x17:ffffffd9
20446150ns          341287 1c008192 0046230b p.lw             x6, 4(x12!)          x6=ffffffd3 x12=100001c0 x12:100001bc  PA:100001bc
20446170ns          341288 1c008196 2078788b p.lw             x17, x7(x16!)       x17=ffffffd1 x16=100001e4  x7:00000020 x16:100001c4  PA:100001c4
20446210ns          341290 1c00819a 43130733 p.mac            x14, x6, x17        x14=00001b4a x14:00001307  x6:ffffffd3 x17:ffffffd1
20446230ns          341291 1c008192 0046230b p.lw             x6, 4(x12!)          x6=ffffffd2 x12=100001c4 x12:100001c0  PA:100001c0
20446250ns          341292 1c008196 2078788b p.lw             x17, x7(x16!)       x17=ffffffc9 x16=10000204  x7:00000020 x16:100001e4  PA:100001e4
20446309ns          341295 1c00819a 43130733 p.mac            x14, x6, x17        x14=0000252c x14:00001b4a  x6:ffffffd2 x17:ffffffc9
20446329ns          341296 1c00819e 00ef222b p.sw             x14, 4(x30!)        x30=100009a8 x14:0000252c x30:100009a4  PA:100009a4
20446349ns          341297 1c0081a2 004e8e93 addi             x29, x29, 4         x29=10000108 x29:10000104
20446389ns          341299 1c00817e 40af87b3 sub              x15, x31, x10       x15=00000020 x31:100001c4 x10:100001a4
20446409ns          341300 1c008182 ffc78793 addi             x15, x15, -4        x15=0000001c x15:00000020
20446429ns          341301 1c008184 0027d793 srli             x15, x15, 0x2       x15=00000007 x15:0000001c
20446449ns          341302 1c008186 01d00833 add              x16, x0, x29        x16=10000108 x29:10000108
20446468ns          341303 1c008188 00a00633 add              x12, x0, x10        x12=100001a4 x10:100001a4
20446488ns          341304 1c00818a 00000713 addi             x14, x0, 0          x14=00000000
20446508ns          341305 1c00818c 00178793 addi             x15, x15, 1         x15=00000008 x15:00000007
20446528ns          341306 1c00818e 0067c0fb lp.setup         0x1, x15, 0x6       x15:00000008
20446548ns          341307 1c008192 0046230b p.lw             x6, 4(x12!)          x6=ffffffd9 x12=100001a8 x12:100001a4  PA:100001a4
20446568ns          341308 1c008196 2078788b p.lw             x17, x7(x16!)       x17=00000000 x16=10000128  x7:00000020 x16:10000108  PA:10000108
20446608ns          341310 1c00819a 43130733 p.mac            x14, x6, x17        x14=00000000 x14:00000000  x6:ffffffd9 x17:00000000
20446628ns          341311 1c008192 0046230b p.lw             x6, 4(x12!)          x6=ffffffd8 x12=100001ac x12:100001a8  PA:100001a8
20446647ns          341312 1c008196 2078788b p.lw             x17, x7(x16!)       x17=fffffff8 x16=10000148  x7:00000020 x16:10000128  PA:10000128
20446687ns          341314 1c00819a 43130733 p.mac            x14, x6, x17        x14=00000140 x14:00000000  x6:ffffffd8 x17:fffffff8
20446707ns          341315 1c008192 0046230b p.lw             x6, 4(x12!)          x6=ffffffd7 x12=100001b0 x12:100001ac  PA:100001ac
20446727ns          341316 1c008196 2078788b p.lw             x17, x7(x16!)       x17=fffffff0 x16=10000168  x7:00000020 x16:10000148  PA:10000148
20446767ns          341318 1c00819a 43130733 p.mac            x14, x6, x17        x14=000003d0 x14:00000140  x6:ffffffd7 x17:fffffff0
20446787ns          341319 1c008192 0046230b p.lw             x6, 4(x12!)          x6=ffffffd6 x12=100001b4 x12:100001b0  PA:100001b0
20446807ns          341320 1c008196 2078788b p.lw             x17, x7(x16!)       x17=ffffffe8 x16=10000188  x7:00000020 x16:10000168  PA:10000168
20446846ns          341322 1c00819a 43130733 p.mac            x14, x6, x17        x14=000007c0 x14:000003d0  x6:ffffffd6 x17:ffffffe8
20446866ns          341323 1c008192 0046230b p.lw             x6, 4(x12!)          x6=ffffffd5 x12=100001b8 x12:100001b4  PA:100001b4
20446886ns          341324 1c008196 2078788b p.lw             x17, x7(x16!)       x17=ffffffe0 x16=100001a8  x7:00000020 x16:10000188  PA:10000188
20446926ns          341326 1c00819a 43130733 p.mac            x14, x6, x17        x14=00000d20 x14:000007c0  x6:ffffffd5 x17:ffffffe0
20446946ns          341327 1c008192 0046230b p.lw             x6, 4(x12!)          x6=ffffffd4 x12=100001bc x12:100001b8  PA:100001b8
20446966ns          341328 1c008196 2078788b p.lw             x17, x7(x16!)       x17=ffffffd8 x16=100001c8  x7:00000020 x16:100001a8  PA:100001a8
20447006ns          341330 1c00819a 43130733 p.mac            x14, x6, x17        x14=00001400 x14:00000d20  x6:ffffffd4 x17:ffffffd8
20447025ns          341331 1c008192 0046230b p.lw             x6, 4(x12!)          x6=ffffffd3 x12=100001c0 x12:100001bc  PA:100001bc
20447045ns          341332 1c008196 2078788b p.lw             x17, x7(x16!)       x17=ffffffd0 x16=100001e8  x7:00000020 x16:100001c8  PA:100001c8
20447085ns          341334 1c00819a 43130733 p.mac            x14, x6, x17        x14=00001c70 x14:00001400  x6:ffffffd3 x17:ffffffd0
20447105ns          341335 1c008192 0046230b p.lw             x6, 4(x12!)          x6=ffffffd2 x12=100001c4 x12:100001c0  PA:100001c0
20447125ns          341336 1c008196 2078788b p.lw             x17, x7(x16!)       x17=ffffffc8 x16=10000208  x7:00000020 x16:100001e8  PA:100001e8
20447165ns          341338 1c00819a 43130733 p.mac            x14, x6, x17        x14=00002680 x14:00001c70  x6:ffffffd2 x17:ffffffc8
20447185ns          341339 1c00819e 00ef222b p.sw             x14, 4(x30!)        x30=100009ac x14:00002680 x30:100009a8  PA:100009a8
20447204ns          341340 1c0081a2 004e8e93 addi             x29, x29, 4         x29=1000010c x29:10000108
20447244ns          341342 1c00817e 40af87b3 sub              x15, x31, x10       x15=00000020 x31:100001c4 x10:100001a4
20447264ns          341343 1c008182 ffc78793 addi             x15, x15, -4        x15=0000001c x15:00000020
20447284ns          341344 1c008184 0027d793 srli             x15, x15, 0x2       x15=00000007 x15:0000001c
20447304ns          341345 1c008186 01d00833 add              x16, x0, x29        x16=1000010c x29:1000010c
20447324ns          341346 1c008188 00a00633 add              x12, x0, x10        x12=100001a4 x10:100001a4
20447344ns          341347 1c00818a 00000713 addi             x14, x0, 0          x14=00000000
20447364ns          341348 1c00818c 00178793 addi             x15, x15, 1         x15=00000008 x15:00000007
20447383ns          341349 1c00818e 0067c0fb lp.setup         0x1, x15, 0x6       x15:00000008
20447403ns          341350 1c008192 0046230b p.lw             x6, 4(x12!)          x6=ffffffd9 x12=100001a8 x12:100001a4  PA:100001a4
20447423ns          341351 1c008196 2078788b p.lw             x17, x7(x16!)       x17=ffffffff x16=1000012c  x7:00000020 x16:1000010c  PA:1000010c
20447463ns          341353 1c00819a 43130733 p.mac            x14, x6, x17        x14=00000027 x14:00000000  x6:ffffffd9 x17:ffffffff
20447483ns          341354 1c008192 0046230b p.lw             x6, 4(x12!)          x6=ffffffd8 x12=100001ac x12:100001a8  PA:100001a8
20447503ns          341355 1c008196 2078788b p.lw             x17, x7(x16!)       x17=fffffff7 x16=1000014c  x7:00000020 x16:1000012c  PA:1000012c
20447543ns          341357 1c00819a 43130733 p.mac            x14, x6, x17        x14=0000018f x14:00000027  x6:ffffffd8 x17:fffffff7
20447562ns          341358 1c008192 0046230b p.lw             x6, 4(x12!)          x6=ffffffd7 x12=100001b0 x12:100001ac  PA:100001ac
20447582ns          341359 1c008196 2078788b p.lw             x17, x7(x16!)       x17=ffffffef x16=1000016c  x7:00000020 x16:1000014c  PA:1000014c
20447622ns          341361 1c00819a 43130733 p.mac            x14, x6, x17        x14=00000448 x14:0000018f  x6:ffffffd7 x17:ffffffef
20447642ns          341362 1c008192 0046230b p.lw             x6, 4(x12!)          x6=ffffffd6 x12=100001b4 x12:100001b0  PA:100001b0
20447662ns          341363 1c008196 2078788b p.lw             x17, x7(x16!)       x17=ffffffe7 x16=1000018c  x7:00000020 x16:1000016c  PA:1000016c
20447702ns          341365 1c00819a 43130733 p.mac            x14, x6, x17        x14=00000862 x14:00000448  x6:ffffffd6 x17:ffffffe7
20447722ns          341366 1c008192 0046230b p.lw             x6, 4(x12!)          x6=ffffffd5 x12=100001b8 x12:100001b4  PA:100001b4
20447741ns          341367 1c008196 2078788b p.lw             x17, x7(x16!)       x17=ffffffdf x16=100001ac  x7:00000020 x16:1000018c  PA:1000018c
20447781ns          341369 1c00819a 43130733 p.mac            x14, x6, x17        x14=00000ded x14:00000862  x6:ffffffd5 x17:ffffffdf
20447801ns          341370 1c008192 0046230b p.lw             x6, 4(x12!)          x6=ffffffd4 x12=100001bc x12:100001b8  PA:100001b8
20447821ns          341371 1c008196 2078788b p.lw             x17, x7(x16!)       x17=ffffffd7 x16=100001cc  x7:00000020 x16:100001ac  PA:100001ac
20447861ns          341373 1c00819a 43130733 p.mac            x14, x6, x17        x14=000014f9 x14:00000ded  x6:ffffffd4 x17:ffffffd7
20447881ns          341374 1c008192 0046230b p.lw             x6, 4(x12!)          x6=ffffffd3 x12=100001c0 x12:100001bc  PA:100001bc
20447901ns          341375 1c008196 2078788b p.lw             x17, x7(x16!)       x17=ffffffcf x16=100001ec  x7:00000020 x16:100001cc  PA:100001cc
20447940ns          341377 1c00819a 43130733 p.mac            x14, x6, x17        x14=00001d96 x14:000014f9  x6:ffffffd3 x17:ffffffcf
20447960ns          341378 1c008192 0046230b p.lw             x6, 4(x12!)          x6=ffffffd2 x12=100001c4 x12:100001c0  PA:100001c0
20447980ns          341379 1c008196 2078788b p.lw             x17, x7(x16!)       x17=ffffffc7 x16=1000020c  x7:00000020 x16:100001ec  PA:100001ec
20448020ns          341381 1c00819a 43130733 p.mac            x14, x6, x17        x14=000027d4 x14:00001d96  x6:ffffffd2 x17:ffffffc7
20448040ns          341382 1c00819e 00ef222b p.sw             x14, 4(x30!)        x30=100009b0 x14:000027d4 x30:100009ac  PA:100009ac
20448060ns          341383 1c0081a2 004e8e93 addi             x29, x29, 4         x29=10000110 x29:1000010c
20448099ns          341385 1c00817e 40af87b3 sub              x15, x31, x10       x15=00000020 x31:100001c4 x10:100001a4
20448119ns          341386 1c008182 ffc78793 addi             x15, x15, -4        x15=0000001c x15:00000020
20448139ns          341387 1c008184 0027d793 srli             x15, x15, 0x2       x15=00000007 x15:0000001c
20448159ns          341388 1c008186 01d00833 add              x16, x0, x29        x16=10000110 x29:10000110
20448179ns          341389 1c008188 00a00633 add              x12, x0, x10        x12=100001a4 x10:100001a4
20448199ns          341390 1c00818a 00000713 addi             x14, x0, 0          x14=00000000
20448219ns          341391 1c00818c 00178793 addi             x15, x15, 1         x15=00000008 x15:00000007
20448239ns          341392 1c00818e 0067c0fb lp.setup         0x1, x15, 0x6       x15:00000008
20448259ns          341393 1c008192 0046230b p.lw             x6, 4(x12!)          x6=ffffffd9 x12=100001a8 x12:100001a4  PA:100001a4
20448279ns          341394 1c008196 2078788b p.lw             x17, x7(x16!)       x17=fffffffe x16=10000130  x7:00000020 x16:10000110  PA:10000110
20448318ns          341396 1c00819a 43130733 p.mac            x14, x6, x17        x14=0000004e x14:00000000  x6:ffffffd9 x17:fffffffe
20448338ns          341397 1c008192 0046230b p.lw             x6, 4(x12!)          x6=ffffffd8 x12=100001ac x12:100001a8  PA:100001a8
20448358ns          341398 1c008196 2078788b p.lw             x17, x7(x16!)       x17=fffffff6 x16=10000150  x7:00000020 x16:10000130  PA:10000130
20448398ns          341400 1c00819a 43130733 p.mac            x14, x6, x17        x14=000001de x14:0000004e  x6:ffffffd8 x17:fffffff6
20448418ns          341401 1c008192 0046230b p.lw             x6, 4(x12!)          x6=ffffffd7 x12=100001b0 x12:100001ac  PA:100001ac
20448438ns          341402 1c008196 2078788b p.lw             x17, x7(x16!)       x17=ffffffee x16=10000170  x7:00000020 x16:10000150  PA:10000150
20448477ns          341404 1c00819a 43130733 p.mac            x14, x6, x17        x14=000004c0 x14:000001de  x6:ffffffd7 x17:ffffffee
20448497ns          341405 1c008192 0046230b p.lw             x6, 4(x12!)          x6=ffffffd6 x12=100001b4 x12:100001b0  PA:100001b0
20448517ns          341406 1c008196 2078788b p.lw             x17, x7(x16!)       x17=ffffffe6 x16=10000190  x7:00000020 x16:10000170  PA:10000170
20448557ns          341408 1c00819a 43130733 p.mac            x14, x6, x17        x14=00000904 x14:000004c0  x6:ffffffd6 x17:ffffffe6
20448577ns          341409 1c008192 0046230b p.lw             x6, 4(x12!)          x6=ffffffd5 x12=100001b8 x12:100001b4  PA:100001b4
20448597ns          341410 1c008196 2078788b p.lw             x17, x7(x16!)       x17=ffffffde x16=100001b0  x7:00000020 x16:10000190  PA:10000190
20448637ns          341412 1c00819a 43130733 p.mac            x14, x6, x17        x14=00000eba x14:00000904  x6:ffffffd5 x17:ffffffde
20448656ns          341413 1c008192 0046230b p.lw             x6, 4(x12!)          x6=ffffffd4 x12=100001bc x12:100001b8  PA:100001b8
20448676ns          341414 1c008196 2078788b p.lw             x17, x7(x16!)       x17=ffffffd6 x16=100001d0  x7:00000020 x16:100001b0  PA:100001b0
20448716ns          341416 1c00819a 43130733 p.mac            x14, x6, x17        x14=000015f2 x14:00000eba  x6:ffffffd4 x17:ffffffd6
20448736ns          341417 1c008192 0046230b p.lw             x6, 4(x12!)          x6=ffffffd3 x12=100001c0 x12:100001bc  PA:100001bc
20448756ns          341418 1c008196 2078788b p.lw             x17, x7(x16!)       x17=ffffffce x16=100001f0  x7:00000020 x16:100001d0  PA:100001d0
20448796ns          341420 1c00819a 43130733 p.mac            x14, x6, x17        x14=00001ebc x14:000015f2  x6:ffffffd3 x17:ffffffce
20448816ns          341421 1c008192 0046230b p.lw             x6, 4(x12!)          x6=ffffffd2 x12=100001c4 x12:100001c0  PA:100001c0
20448835ns          341422 1c008196 2078788b p.lw             x17, x7(x16!)       x17=ffffffc6 x16=10000210  x7:00000020 x16:100001f0  PA:100001f0
20448875ns          341424 1c00819a 43130733 p.mac            x14, x6, x17        x14=00002928 x14:00001ebc  x6:ffffffd2 x17:ffffffc6
20448895ns          341425 1c00819e 00ef222b p.sw             x14, 4(x30!)        x30=100009b4 x14:00002928 x30:100009b0  PA:100009b0
20448915ns          341426 1c0081a2 004e8e93 addi             x29, x29, 4         x29=10000114 x29:10000110
20448955ns          341428 1c00817e 40af87b3 sub              x15, x31, x10       x15=00000020 x31:100001c4 x10:100001a4
20448975ns          341429 1c008182 ffc78793 addi             x15, x15, -4        x15=0000001c x15:00000020
20448995ns          341430 1c008184 0027d793 srli             x15, x15, 0x2       x15=00000007 x15:0000001c
20449014ns          341431 1c008186 01d00833 add              x16, x0, x29        x16=10000114 x29:10000114
20449034ns          341432 1c008188 00a00633 add              x12, x0, x10        x12=100001a4 x10:100001a4
20449054ns          341433 1c00818a 00000713 addi             x14, x0, 0          x14=00000000
20449074ns          341434 1c00818c 00178793 addi             x15, x15, 1         x15=00000008 x15:00000007
20449094ns          341435 1c00818e 0067c0fb lp.setup         0x1, x15, 0x6       x15:00000008
20449114ns          341436 1c008192 0046230b p.lw             x6, 4(x12!)          x6=ffffffd9 x12=100001a8 x12:100001a4  PA:100001a4
20449134ns          341437 1c008196 2078788b p.lw             x17, x7(x16!)       x17=fffffffd x16=10000134  x7:00000020 x16:10000114  PA:10000114
20449174ns          341439 1c00819a 43130733 p.mac            x14, x6, x17        x14=00000075 x14:00000000  x6:ffffffd9 x17:fffffffd
20449193ns          341440 1c008192 0046230b p.lw             x6, 4(x12!)          x6=ffffffd8 x12=100001ac x12:100001a8  PA:100001a8
20449213ns          341441 1c008196 2078788b p.lw             x17, x7(x16!)       x17=fffffff5 x16=10000154  x7:00000020 x16:10000134  PA:10000134
20449253ns          341443 1c00819a 43130733 p.mac            x14, x6, x17        x14=0000022d x14:00000075  x6:ffffffd8 x17:fffffff5
20449273ns          341444 1c008192 0046230b p.lw             x6, 4(x12!)          x6=ffffffd7 x12=100001b0 x12:100001ac  PA:100001ac
20449293ns          341445 1c008196 2078788b p.lw             x17, x7(x16!)       x17=ffffffed x16=10000174  x7:00000020 x16:10000154  PA:10000154
20449333ns          341447 1c00819a 43130733 p.mac            x14, x6, x17        x14=00000538 x14:0000022d  x6:ffffffd7 x17:ffffffed
20449353ns          341448 1c008192 0046230b p.lw             x6, 4(x12!)          x6=ffffffd6 x12=100001b4 x12:100001b0  PA:100001b0
20449373ns          341449 1c008196 2078788b p.lw             x17, x7(x16!)       x17=ffffffe5 x16=10000194  x7:00000020 x16:10000174  PA:10000174
20449412ns          341451 1c00819a 43130733 p.mac            x14, x6, x17        x14=000009a6 x14:00000538  x6:ffffffd6 x17:ffffffe5
20449432ns          341452 1c008192 0046230b p.lw             x6, 4(x12!)          x6=ffffffd5 x12=100001b8 x12:100001b4  PA:100001b4
20449452ns          341453 1c008196 2078788b p.lw             x17, x7(x16!)       x17=ffffffdd x16=100001b4  x7:00000020 x16:10000194  PA:10000194
20449492ns          341455 1c00819a 43130733 p.mac            x14, x6, x17        x14=00000f87 x14:000009a6  x6:ffffffd5 x17:ffffffdd
20449512ns          341456 1c008192 0046230b p.lw             x6, 4(x12!)          x6=ffffffd4 x12=100001bc x12:100001b8  PA:100001b8
20449532ns          341457 1c008196 2078788b p.lw             x17, x7(x16!)       x17=ffffffd5 x16=100001d4  x7:00000020 x16:100001b4  PA:100001b4
20449571ns          341459 1c00819a 43130733 p.mac            x14, x6, x17        x14=000016eb x14:00000f87  x6:ffffffd4 x17:ffffffd5
20449591ns          341460 1c008192 0046230b p.lw             x6, 4(x12!)          x6=ffffffd3 x12=100001c0 x12:100001bc  PA:100001bc
20449611ns          341461 1c008196 2078788b p.lw             x17, x7(x16!)       x17=ffffffcd x16=100001f4  x7:00000020 x16:100001d4  PA:100001d4
20449651ns          341463 1c00819a 43130733 p.mac            x14, x6, x17        x14=00001fe2 x14:000016eb  x6:ffffffd3 x17:ffffffcd
20449671ns          341464 1c008192 0046230b p.lw             x6, 4(x12!)          x6=ffffffd2 x12=100001c4 x12:100001c0  PA:100001c0
20449691ns          341465 1c008196 2078788b p.lw             x17, x7(x16!)       x17=ffffffc5 x16=10000214  x7:00000020 x16:100001f4  PA:100001f4
20449731ns          341467 1c00819a 43130733 p.mac            x14, x6, x17        x14=00002a7c x14:00001fe2  x6:ffffffd2 x17:ffffffc5
20449750ns          341468 1c00819e 00ef222b p.sw             x14, 4(x30!)        x30=100009b8 x14:00002a7c x30:100009b4  PA:100009b4
20449770ns          341469 1c0081a2 004e8e93 addi             x29, x29, 4         x29=10000118 x29:10000114
20449810ns          341471 1c00817e 40af87b3 sub              x15, x31, x10       x15=00000020 x31:100001c4 x10:100001a4
20449830ns          341472 1c008182 ffc78793 addi             x15, x15, -4        x15=0000001c x15:00000020
20449850ns          341473 1c008184 0027d793 srli             x15, x15, 0x2       x15=00000007 x15:0000001c
20449870ns          341474 1c008186 01d00833 add              x16, x0, x29        x16=10000118 x29:10000118
20449890ns          341475 1c008188 00a00633 add              x12, x0, x10        x12=100001a4 x10:100001a4
20449910ns          341476 1c00818a 00000713 addi             x14, x0, 0          x14=00000000
20449929ns          341477 1c00818c 00178793 addi             x15, x15, 1         x15=00000008 x15:00000007
20449949ns          341478 1c00818e 0067c0fb lp.setup         0x1, x15, 0x6       x15:00000008
20449969ns          341479 1c008192 0046230b p.lw             x6, 4(x12!)          x6=ffffffd9 x12=100001a8 x12:100001a4  PA:100001a4
20449989ns          341480 1c008196 2078788b p.lw             x17, x7(x16!)       x17=fffffffc x16=10000138  x7:00000020 x16:10000118  PA:10000118
20450029ns          341482 1c00819a 43130733 p.mac            x14, x6, x17        x14=0000009c x14:00000000  x6:ffffffd9 x17:fffffffc
20450049ns          341483 1c008192 0046230b p.lw             x6, 4(x12!)          x6=ffffffd8 x12=100001ac x12:100001a8  PA:100001a8
20450069ns          341484 1c008196 2078788b p.lw             x17, x7(x16!)       x17=fffffff4 x16=10000158  x7:00000020 x16:10000138  PA:10000138
20450108ns          341486 1c00819a 43130733 p.mac            x14, x6, x17        x14=0000027c x14:0000009c  x6:ffffffd8 x17:fffffff4
20450128ns          341487 1c008192 0046230b p.lw             x6, 4(x12!)          x6=ffffffd7 x12=100001b0 x12:100001ac  PA:100001ac
20450148ns          341488 1c008196 2078788b p.lw             x17, x7(x16!)       x17=ffffffec x16=10000178  x7:00000020 x16:10000158  PA:10000158
20450188ns          341490 1c00819a 43130733 p.mac            x14, x6, x17        x14=000005b0 x14:0000027c  x6:ffffffd7 x17:ffffffec
20450208ns          341491 1c008192 0046230b p.lw             x6, 4(x12!)          x6=ffffffd6 x12=100001b4 x12:100001b0  PA:100001b0
20450228ns          341492 1c008196 2078788b p.lw             x17, x7(x16!)       x17=ffffffe4 x16=10000198  x7:00000020 x16:10000178  PA:10000178
20450268ns          341494 1c00819a 43130733 p.mac            x14, x6, x17        x14=00000a48 x14:000005b0  x6:ffffffd6 x17:ffffffe4
20450287ns          341495 1c008192 0046230b p.lw             x6, 4(x12!)          x6=ffffffd5 x12=100001b8 x12:100001b4  PA:100001b4
20450307ns          341496 1c008196 2078788b p.lw             x17, x7(x16!)       x17=ffffffdc x16=100001b8  x7:00000020 x16:10000198  PA:10000198
20450347ns          341498 1c00819a 43130733 p.mac            x14, x6, x17        x14=00001054 x14:00000a48  x6:ffffffd5 x17:ffffffdc
20450367ns          341499 1c008192 0046230b p.lw             x6, 4(x12!)          x6=ffffffd4 x12=100001bc x12:100001b8  PA:100001b8
20450387ns          341500 1c008196 2078788b p.lw             x17, x7(x16!)       x17=ffffffd4 x16=100001d8  x7:00000020 x16:100001b8  PA:100001b8
20450427ns          341502 1c00819a 43130733 p.mac            x14, x6, x17        x14=000017e4 x14:00001054  x6:ffffffd4 x17:ffffffd4
20450447ns          341503 1c008192 0046230b p.lw             x6, 4(x12!)          x6=ffffffd3 x12=100001c0 x12:100001bc  PA:100001bc
20450466ns          341504 1c008196 2078788b p.lw             x17, x7(x16!)       x17=ffffffcc x16=100001f8  x7:00000020 x16:100001d8  PA:100001d8
20450506ns          341506 1c00819a 43130733 p.mac            x14, x6, x17        x14=00002108 x14:000017e4  x6:ffffffd3 x17:ffffffcc
20450526ns          341507 1c008192 0046230b p.lw             x6, 4(x12!)          x6=ffffffd2 x12=100001c4 x12:100001c0  PA:100001c0
20450546ns          341508 1c008196 2078788b p.lw             x17, x7(x16!)       x17=ffffffc4 x16=10000218  x7:00000020 x16:100001f8  PA:100001f8
20450586ns          341510 1c00819a 43130733 p.mac            x14, x6, x17        x14=00002bd0 x14:00002108  x6:ffffffd2 x17:ffffffc4
20450606ns          341511 1c00819e 00ef222b p.sw             x14, 4(x30!)        x30=100009bc x14:00002bd0 x30:100009b8  PA:100009b8
20450626ns          341512 1c0081a2 004e8e93 addi             x29, x29, 4         x29=1000011c x29:10000118
20450665ns          341514 1c00817e 40af87b3 sub              x15, x31, x10       x15=00000020 x31:100001c4 x10:100001a4
20450685ns          341515 1c008182 ffc78793 addi             x15, x15, -4        x15=0000001c x15:00000020
20450705ns          341516 1c008184 0027d793 srli             x15, x15, 0x2       x15=00000007 x15:0000001c
20450725ns          341517 1c008186 01d00833 add              x16, x0, x29        x16=1000011c x29:1000011c
20450745ns          341518 1c008188 00a00633 add              x12, x0, x10        x12=100001a4 x10:100001a4
20450765ns          341519 1c00818a 00000713 addi             x14, x0, 0          x14=00000000
20450785ns          341520 1c00818c 00178793 addi             x15, x15, 1         x15=00000008 x15:00000007
20450805ns          341521 1c00818e 0067c0fb lp.setup         0x1, x15, 0x6       x15:00000008
20450825ns          341522 1c008192 0046230b p.lw             x6, 4(x12!)          x6=ffffffd9 x12=100001a8 x12:100001a4  PA:100001a4
20450844ns          341523 1c008196 2078788b p.lw             x17, x7(x16!)       x17=fffffffb x16=1000013c  x7:00000020 x16:1000011c  PA:1000011c
20450884ns          341525 1c00819a 43130733 p.mac            x14, x6, x17        x14=000000c3 x14:00000000  x6:ffffffd9 x17:fffffffb
20450904ns          341526 1c008192 0046230b p.lw             x6, 4(x12!)          x6=ffffffd8 x12=100001ac x12:100001a8  PA:100001a8
20450924ns          341527 1c008196 2078788b p.lw             x17, x7(x16!)       x17=fffffff3 x16=1000015c  x7:00000020 x16:1000013c  PA:1000013c
20450964ns          341529 1c00819a 43130733 p.mac            x14, x6, x17        x14=000002cb x14:000000c3  x6:ffffffd8 x17:fffffff3
20450984ns          341530 1c008192 0046230b p.lw             x6, 4(x12!)          x6=ffffffd7 x12=100001b0 x12:100001ac  PA:100001ac
20451004ns          341531 1c008196 2078788b p.lw             x17, x7(x16!)       x17=ffffffeb x16=1000017c  x7:00000020 x16:1000015c  PA:1000015c
20451043ns          341533 1c00819a 43130733 p.mac            x14, x6, x17        x14=00000628 x14:000002cb  x6:ffffffd7 x17:ffffffeb
20451063ns          341534 1c008192 0046230b p.lw             x6, 4(x12!)          x6=ffffffd6 x12=100001b4 x12:100001b0  PA:100001b0
20451083ns          341535 1c008196 2078788b p.lw             x17, x7(x16!)       x17=ffffffe3 x16=1000019c  x7:00000020 x16:1000017c  PA:1000017c
20451123ns          341537 1c00819a 43130733 p.mac            x14, x6, x17        x14=00000aea x14:00000628  x6:ffffffd6 x17:ffffffe3
20451143ns          341538 1c008192 0046230b p.lw             x6, 4(x12!)          x6=ffffffd5 x12=100001b8 x12:100001b4  PA:100001b4
20451163ns          341539 1c008196 2078788b p.lw             x17, x7(x16!)       x17=ffffffdb x16=100001bc  x7:00000020 x16:1000019c  PA:1000019c
20451202ns          341541 1c00819a 43130733 p.mac            x14, x6, x17        x14=00001121 x14:00000aea  x6:ffffffd5 x17:ffffffdb
20451222ns          341542 1c008192 0046230b p.lw             x6, 4(x12!)          x6=ffffffd4 x12=100001bc x12:100001b8  PA:100001b8
20451242ns          341543 1c008196 2078788b p.lw             x17, x7(x16!)       x17=ffffffd3 x16=100001dc  x7:00000020 x16:100001bc  PA:100001bc
20451282ns          341545 1c00819a 43130733 p.mac            x14, x6, x17        x14=000018dd x14:00001121  x6:ffffffd4 x17:ffffffd3
20451302ns          341546 1c008192 0046230b p.lw             x6, 4(x12!)          x6=ffffffd3 x12=100001c0 x12:100001bc  PA:100001bc
20451322ns          341547 1c008196 2078788b p.lw             x17, x7(x16!)       x17=ffffffcb x16=100001fc  x7:00000020 x16:100001dc  PA:100001dc
20451362ns          341549 1c00819a 43130733 p.mac            x14, x6, x17        x14=0000222e x14:000018dd  x6:ffffffd3 x17:ffffffcb
20451381ns          341550 1c008192 0046230b p.lw             x6, 4(x12!)          x6=ffffffd2 x12=100001c4 x12:100001c0  PA:100001c0
20451401ns          341551 1c008196 2078788b p.lw             x17, x7(x16!)       x17=ffffffc3 x16=1000021c  x7:00000020 x16:100001fc  PA:100001fc
20451441ns          341553 1c00819a 43130733 p.mac            x14, x6, x17        x14=00002d24 x14:0000222e  x6:ffffffd2 x17:ffffffc3
20451461ns          341554 1c00819e 00ef222b p.sw             x14, 4(x30!)        x30=100009c0 x14:00002d24 x30:100009bc  PA:100009bc
20451481ns          341555 1c0081a2 004e8e93 addi             x29, x29, 4         x29=10000120 x29:1000011c
20451521ns          341557 1c00817e 40af87b3 sub              x15, x31, x10       x15=00000020 x31:100001c4 x10:100001a4
20451541ns          341558 1c008182 ffc78793 addi             x15, x15, -4        x15=0000001c x15:00000020
20451560ns          341559 1c008184 0027d793 srli             x15, x15, 0x2       x15=00000007 x15:0000001c
20451580ns          341560 1c008186 01d00833 add              x16, x0, x29        x16=10000120 x29:10000120
20451600ns          341561 1c008188 00a00633 add              x12, x0, x10        x12=100001a4 x10:100001a4
20451620ns          341562 1c00818a 00000713 addi             x14, x0, 0          x14=00000000
20451640ns          341563 1c00818c 00178793 addi             x15, x15, 1         x15=00000008 x15:00000007
20451660ns          341564 1c00818e 0067c0fb lp.setup         0x1, x15, 0x6       x15:00000008
20451680ns          341565 1c008192 0046230b p.lw             x6, 4(x12!)          x6=ffffffd9 x12=100001a8 x12:100001a4  PA:100001a4
20451700ns          341566 1c008196 2078788b p.lw             x17, x7(x16!)       x17=fffffffa x16=10000140  x7:00000020 x16:10000120  PA:10000120
20451740ns          341568 1c00819a 43130733 p.mac            x14, x6, x17        x14=000000ea x14:00000000  x6:ffffffd9 x17:fffffffa
20451759ns          341569 1c008192 0046230b p.lw             x6, 4(x12!)          x6=ffffffd8 x12=100001ac x12:100001a8  PA:100001a8
20451779ns          341570 1c008196 2078788b p.lw             x17, x7(x16!)       x17=fffffff2 x16=10000160  x7:00000020 x16:10000140  PA:10000140
20451819ns          341572 1c00819a 43130733 p.mac            x14, x6, x17        x14=0000031a x14:000000ea  x6:ffffffd8 x17:fffffff2
20451839ns          341573 1c008192 0046230b p.lw             x6, 4(x12!)          x6=ffffffd7 x12=100001b0 x12:100001ac  PA:100001ac
20451859ns          341574 1c008196 2078788b p.lw             x17, x7(x16!)       x17=ffffffea x16=10000180  x7:00000020 x16:10000160  PA:10000160
20451899ns          341576 1c00819a 43130733 p.mac            x14, x6, x17        x14=000006a0 x14:0000031a  x6:ffffffd7 x17:ffffffea
20451919ns          341577 1c008192 0046230b p.lw             x6, 4(x12!)          x6=ffffffd6 x12=100001b4 x12:100001b0  PA:100001b0
20451938ns          341578 1c008196 2078788b p.lw             x17, x7(x16!)       x17=ffffffe2 x16=100001a0  x7:00000020 x16:10000180  PA:10000180
20451978ns          341580 1c00819a 43130733 p.mac            x14, x6, x17        x14=00000b8c x14:000006a0  x6:ffffffd6 x17:ffffffe2
20451998ns          341581 1c008192 0046230b p.lw             x6, 4(x12!)          x6=ffffffd5 x12=100001b8 x12:100001b4  PA:100001b4
20452018ns          341582 1c008196 2078788b p.lw             x17, x7(x16!)       x17=ffffffda x16=100001c0  x7:00000020 x16:100001a0  PA:100001a0
20452058ns          341584 1c00819a 43130733 p.mac            x14, x6, x17        x14=000011ee x14:00000b8c  x6:ffffffd5 x17:ffffffda
20452078ns          341585 1c008192 0046230b p.lw             x6, 4(x12!)          x6=ffffffd4 x12=100001bc x12:100001b8  PA:100001b8
20452098ns          341586 1c008196 2078788b p.lw             x17, x7(x16!)       x17=ffffffd2 x16=100001e0  x7:00000020 x16:100001c0  PA:100001c0
20452137ns          341588 1c00819a 43130733 p.mac            x14, x6, x17        x14=000019d6 x14:000011ee  x6:ffffffd4 x17:ffffffd2
20452157ns          341589 1c008192 0046230b p.lw             x6, 4(x12!)          x6=ffffffd3 x12=100001c0 x12:100001bc  PA:100001bc
20452177ns          341590 1c008196 2078788b p.lw             x17, x7(x16!)       x17=ffffffca x16=10000200  x7:00000020 x16:100001e0  PA:100001e0
20452217ns          341592 1c00819a 43130733 p.mac            x14, x6, x17        x14=00002354 x14:000019d6  x6:ffffffd3 x17:ffffffca
20452237ns          341593 1c008192 0046230b p.lw             x6, 4(x12!)          x6=ffffffd2 x12=100001c4 x12:100001c0  PA:100001c0
20452277ns          341595 1c008196 2078788b p.lw             x17, x7(x16!)       x17=ffffffc2 x16=10000220  x7:00000020 x16:10000200  PA:10000200
20452316ns          341597 1c00819a 43130733 p.mac            x14, x6, x17        x14=00002e78 x14:00002354  x6:ffffffd2 x17:ffffffc2
20452336ns          341598 1c00819e 00ef222b p.sw             x14, 4(x30!)        x30=100009c4 x14:00002e78 x30:100009c0  PA:100009c0
20452356ns          341599 1c0081a2 004e8e93 addi             x29, x29, 4         x29=10000124 x29:10000120
20452376ns          341600 1c0081a4 00128293 addi             x5, x5, 1            x5=00000006  x5:00000005
20452396ns          341601 1c0081a6 00750533 add              x10, x10, x7        x10=100001c4 x10:100001a4  x7:00000020
20452416ns          341602 1c0081a8 007f8fb3 add              x31, x31, x7        x31=100001e4 x31:100001c4  x7:00000020
20452436ns          341603 1c0081aa fa569fe3 bne              x13, x5, -66        x13:00000008  x5:00000006
20452495ns          341606 1c008168 40b48e33 sub              x28, x9, x11        x28=00000020  x9:10000124 x11:10000104
20452515ns          341607 1c00816c ffce0e13 addi             x28, x28, -4        x28=0000001c x28:00000020
20452535ns          341608 1c00816e 002e5e13 srli             x28, x28, 0x2       x28=00000007 x28:0000001c
20452555ns          341609 1c008172 008f8f33 add              x30, x31, x8        x30=100009c4 x31:100001e4  x8:000007e0
20452575ns          341610 1c008176 00b00eb3 add              x29, x0, x11        x29=10000104 x11:10000104
20452595ns          341611 1c008178 001e0e13 addi             x28, x28, 1         x28=00000008 x28:00000007
20452615ns          341612 1c00817a 014e407b lp.setup         0x0, x28, 0x14      x28:00000008
20452635ns          341613 1c00817e 40af87b3 sub              x15, x31, x10       x15=00000020 x31:100001e4 x10:100001c4
20452654ns          341614 1c008182 ffc78793 addi             x15, x15, -4        x15=0000001c x15:00000020
20452674ns          341615 1c008184 0027d793 srli             x15, x15, 0x2       x15=00000007 x15:0000001c
20452694ns          341616 1c008186 01d00833 add              x16, x0, x29        x16=10000104 x29:10000104
20452714ns          341617 1c008188 00a00633 add              x12, x0, x10        x12=100001c4 x10:100001c4
20452734ns          341618 1c00818a 00000713 addi             x14, x0, 0          x14=00000000
20452754ns          341619 1c00818c 00178793 addi             x15, x15, 1         x15=00000008 x15:00000007
20452774ns          341620 1c00818e 0067c0fb lp.setup         0x1, x15, 0x6       x15:00000008
20452794ns          341621 1c008192 0046230b p.lw             x6, 4(x12!)          x6=ffffffd1 x12=100001c8 x12:100001c4  PA:100001c4
20452814ns          341622 1c008196 2078788b p.lw             x17, x7(x16!)       x17=00000001 x16=10000124  x7:00000020 x16:10000104  PA:10000104
20452853ns          341624 1c00819a 43130733 p.mac            x14, x6, x17        x14=ffffffd1 x14:00000000  x6:ffffffd1 x17:00000001
20452873ns          341625 1c008192 0046230b p.lw             x6, 4(x12!)          x6=ffffffd0 x12=100001cc x12:100001c8  PA:100001c8
20452893ns          341626 1c008196 2078788b p.lw             x17, x7(x16!)       x17=fffffff9 x16=10000144  x7:00000020 x16:10000124  PA:10000124
20452933ns          341628 1c00819a 43130733 p.mac            x14, x6, x17        x14=00000121 x14:ffffffd1  x6:ffffffd0 x17:fffffff9
20452953ns          341629 1c008192 0046230b p.lw             x6, 4(x12!)          x6=ffffffcf x12=100001d0 x12:100001cc  PA:100001cc
20452973ns          341630 1c008196 2078788b p.lw             x17, x7(x16!)       x17=fffffff1 x16=10000164  x7:00000020 x16:10000144  PA:10000144
20453013ns          341632 1c00819a 43130733 p.mac            x14, x6, x17        x14=00000400 x14:00000121  x6:ffffffcf x17:fffffff1
20453032ns          341633 1c008192 0046230b p.lw             x6, 4(x12!)          x6=ffffffce x12=100001d4 x12:100001d0  PA:100001d0
20453052ns          341634 1c008196 2078788b p.lw             x17, x7(x16!)       x17=ffffffe9 x16=10000184  x7:00000020 x16:10000164  PA:10000164
20453092ns          341636 1c00819a 43130733 p.mac            x14, x6, x17        x14=0000087e x14:00000400  x6:ffffffce x17:ffffffe9
20453112ns          341637 1c008192 0046230b p.lw             x6, 4(x12!)          x6=ffffffcd x12=100001d8 x12:100001d4  PA:100001d4
20453132ns          341638 1c008196 2078788b p.lw             x17, x7(x16!)       x17=ffffffe1 x16=100001a4  x7:00000020 x16:10000184  PA:10000184
20453172ns          341640 1c00819a 43130733 p.mac            x14, x6, x17        x14=00000eab x14:0000087e  x6:ffffffcd x17:ffffffe1
20453192ns          341641 1c008192 0046230b p.lw             x6, 4(x12!)          x6=ffffffcc x12=100001dc x12:100001d8  PA:100001d8
20453211ns          341642 1c008196 2078788b p.lw             x17, x7(x16!)       x17=ffffffd9 x16=100001c4  x7:00000020 x16:100001a4  PA:100001a4
20453251ns          341644 1c00819a 43130733 p.mac            x14, x6, x17        x14=00001697 x14:00000eab  x6:ffffffcc x17:ffffffd9
20453271ns          341645 1c008192 0046230b p.lw             x6, 4(x12!)          x6=ffffffcb x12=100001e0 x12:100001dc  PA:100001dc
20453291ns          341646 1c008196 2078788b p.lw             x17, x7(x16!)       x17=ffffffd1 x16=100001e4  x7:00000020 x16:100001c4  PA:100001c4
20453331ns          341648 1c00819a 43130733 p.mac            x14, x6, x17        x14=00002052 x14:00001697  x6:ffffffcb x17:ffffffd1
20453351ns          341649 1c008192 0046230b p.lw             x6, 4(x12!)          x6=ffffffca x12=100001e4 x12:100001e0  PA:100001e0
20453371ns          341650 1c008196 2078788b p.lw             x17, x7(x16!)       x17=ffffffc9 x16=10000204  x7:00000020 x16:100001e4  PA:100001e4
20453410ns          341652 1c00819a 43130733 p.mac            x14, x6, x17        x14=00002bec x14:00002052  x6:ffffffca x17:ffffffc9
20453430ns          341653 1c00819e 00ef222b p.sw             x14, 4(x30!)        x30=100009c8 x14:00002bec x30:100009c4  PA:100009c4
20453450ns          341654 1c0081a2 004e8e93 addi             x29, x29, 4         x29=10000108 x29:10000104
20453490ns          341656 1c00817e 40af87b3 sub              x15, x31, x10       x15=00000020 x31:100001e4 x10:100001c4
20453510ns          341657 1c008182 ffc78793 addi             x15, x15, -4        x15=0000001c x15:00000020
20453530ns          341658 1c008184 0027d793 srli             x15, x15, 0x2       x15=00000007 x15:0000001c
20453550ns          341659 1c008186 01d00833 add              x16, x0, x29        x16=10000108 x29:10000108
20453569ns          341660 1c008188 00a00633 add              x12, x0, x10        x12=100001c4 x10:100001c4
20453589ns          341661 1c00818a 00000713 addi             x14, x0, 0          x14=00000000
20453609ns          341662 1c00818c 00178793 addi             x15, x15, 1         x15=00000008 x15:00000007
20453629ns          341663 1c00818e 0067c0fb lp.setup         0x1, x15, 0x6       x15:00000008
20453649ns          341664 1c008192 0046230b p.lw             x6, 4(x12!)          x6=ffffffd1 x12=100001c8 x12:100001c4  PA:100001c4
20453669ns          341665 1c008196 2078788b p.lw             x17, x7(x16!)       x17=00000000 x16=10000128  x7:00000020 x16:10000108  PA:10000108
20453709ns          341667 1c00819a 43130733 p.mac            x14, x6, x17        x14=00000000 x14:00000000  x6:ffffffd1 x17:00000000
20453729ns          341668 1c008192 0046230b p.lw             x6, 4(x12!)          x6=ffffffd0 x12=100001cc x12:100001c8  PA:100001c8
20453748ns          341669 1c008196 2078788b p.lw             x17, x7(x16!)       x17=fffffff8 x16=10000148  x7:00000020 x16:10000128  PA:10000128
20453788ns          341671 1c00819a 43130733 p.mac            x14, x6, x17        x14=00000180 x14:00000000  x6:ffffffd0 x17:fffffff8
20453808ns          341672 1c008192 0046230b p.lw             x6, 4(x12!)          x6=ffffffcf x12=100001d0 x12:100001cc  PA:100001cc
20453828ns          341673 1c008196 2078788b p.lw             x17, x7(x16!)       x17=fffffff0 x16=10000168  x7:00000020 x16:10000148  PA:10000148
20453868ns          341675 1c00819a 43130733 p.mac            x14, x6, x17        x14=00000490 x14:00000180  x6:ffffffcf x17:fffffff0
20453888ns          341676 1c008192 0046230b p.lw             x6, 4(x12!)          x6=ffffffce x12=100001d4 x12:100001d0  PA:100001d0
20453908ns          341677 1c008196 2078788b p.lw             x17, x7(x16!)       x17=ffffffe8 x16=10000188  x7:00000020 x16:10000168  PA:10000168
20453947ns          341679 1c00819a 43130733 p.mac            x14, x6, x17        x14=00000940 x14:00000490  x6:ffffffce x17:ffffffe8
20453967ns          341680 1c008192 0046230b p.lw             x6, 4(x12!)          x6=ffffffcd x12=100001d8 x12:100001d4  PA:100001d4
20453987ns          341681 1c008196 2078788b p.lw             x17, x7(x16!)       x17=ffffffe0 x16=100001a8  x7:00000020 x16:10000188  PA:10000188
20454027ns          341683 1c00819a 43130733 p.mac            x14, x6, x17        x14=00000fa0 x14:00000940  x6:ffffffcd x17:ffffffe0
20454047ns          341684 1c008192 0046230b p.lw             x6, 4(x12!)          x6=ffffffcc x12=100001dc x12:100001d8  PA:100001d8
20454067ns          341685 1c008196 2078788b p.lw             x17, x7(x16!)       x17=ffffffd8 x16=100001c8  x7:00000020 x16:100001a8  PA:100001a8
20454107ns          341687 1c00819a 43130733 p.mac            x14, x6, x17        x14=000017c0 x14:00000fa0  x6:ffffffcc x17:ffffffd8
20454126ns          341688 1c008192 0046230b p.lw             x6, 4(x12!)          x6=ffffffcb x12=100001e0 x12:100001dc  PA:100001dc
20454146ns          341689 1c008196 2078788b p.lw             x17, x7(x16!)       x17=ffffffd0 x16=100001e8  x7:00000020 x16:100001c8  PA:100001c8
20454186ns          341691 1c00819a 43130733 p.mac            x14, x6, x17        x14=000021b0 x14:000017c0  x6:ffffffcb x17:ffffffd0
20454206ns          341692 1c008192 0046230b p.lw             x6, 4(x12!)          x6=ffffffca x12=100001e4 x12:100001e0  PA:100001e0
20454226ns          341693 1c008196 2078788b p.lw             x17, x7(x16!)       x17=ffffffc8 x16=10000208  x7:00000020 x16:100001e8  PA:100001e8
20454266ns          341695 1c00819a 43130733 p.mac            x14, x6, x17        x14=00002d80 x14:000021b0  x6:ffffffca x17:ffffffc8
20454286ns          341696 1c00819e 00ef222b p.sw             x14, 4(x30!)        x30=100009cc x14:00002d80 x30:100009c8  PA:100009c8
20454305ns          341697 1c0081a2 004e8e93 addi             x29, x29, 4         x29=1000010c x29:10000108
20454345ns          341699 1c00817e 40af87b3 sub              x15, x31, x10       x15=00000020 x31:100001e4 x10:100001c4
20454365ns          341700 1c008182 ffc78793 addi             x15, x15, -4        x15=0000001c x15:00000020
20454385ns          341701 1c008184 0027d793 srli             x15, x15, 0x2       x15=00000007 x15:0000001c
20454405ns          341702 1c008186 01d00833 add              x16, x0, x29        x16=1000010c x29:1000010c
20454425ns          341703 1c008188 00a00633 add              x12, x0, x10        x12=100001c4 x10:100001c4
20454445ns          341704 1c00818a 00000713 addi             x14, x0, 0          x14=00000000
20454465ns          341705 1c00818c 00178793 addi             x15, x15, 1         x15=00000008 x15:00000007
20454484ns          341706 1c00818e 0067c0fb lp.setup         0x1, x15, 0x6       x15:00000008
20454504ns          341707 1c008192 0046230b p.lw             x6, 4(x12!)          x6=ffffffd1 x12=100001c8 x12:100001c4  PA:100001c4
20454524ns          341708 1c008196 2078788b p.lw             x17, x7(x16!)       x17=ffffffff x16=1000012c  x7:00000020 x16:1000010c  PA:1000010c
20454564ns          341710 1c00819a 43130733 p.mac            x14, x6, x17        x14=0000002f x14:00000000  x6:ffffffd1 x17:ffffffff
20454584ns          341711 1c008192 0046230b p.lw             x6, 4(x12!)          x6=ffffffd0 x12=100001cc x12:100001c8  PA:100001c8
20454604ns          341712 1c008196 2078788b p.lw             x17, x7(x16!)       x17=fffffff7 x16=1000014c  x7:00000020 x16:1000012c  PA:1000012c
20454644ns          341714 1c00819a 43130733 p.mac            x14, x6, x17        x14=000001df x14:0000002f  x6:ffffffd0 x17:fffffff7
20454663ns          341715 1c008192 0046230b p.lw             x6, 4(x12!)          x6=ffffffcf x12=100001d0 x12:100001cc  PA:100001cc
20454683ns          341716 1c008196 2078788b p.lw             x17, x7(x16!)       x17=ffffffef x16=1000016c  x7:00000020 x16:1000014c  PA:1000014c
20454723ns          341718 1c00819a 43130733 p.mac            x14, x6, x17        x14=00000520 x14:000001df  x6:ffffffcf x17:ffffffef
20454743ns          341719 1c008192 0046230b p.lw             x6, 4(x12!)          x6=ffffffce x12=100001d4 x12:100001d0  PA:100001d0
20454763ns          341720 1c008196 2078788b p.lw             x17, x7(x16!)       x17=ffffffe7 x16=1000018c  x7:00000020 x16:1000016c  PA:1000016c
20454803ns          341722 1c00819a 43130733 p.mac            x14, x6, x17        x14=00000a02 x14:00000520  x6:ffffffce x17:ffffffe7
20454823ns          341723 1c008192 0046230b p.lw             x6, 4(x12!)          x6=ffffffcd x12=100001d8 x12:100001d4  PA:100001d4
20454842ns          341724 1c008196 2078788b p.lw             x17, x7(x16!)       x17=ffffffdf x16=100001ac  x7:00000020 x16:1000018c  PA:1000018c
20454882ns          341726 1c00819a 43130733 p.mac            x14, x6, x17        x14=00001095 x14:00000a02  x6:ffffffcd x17:ffffffdf
20454902ns          341727 1c008192 0046230b p.lw             x6, 4(x12!)          x6=ffffffcc x12=100001dc x12:100001d8  PA:100001d8
20454922ns          341728 1c008196 2078788b p.lw             x17, x7(x16!)       x17=ffffffd7 x16=100001cc  x7:00000020 x16:100001ac  PA:100001ac
20454962ns          341730 1c00819a 43130733 p.mac            x14, x6, x17        x14=000018e9 x14:00001095  x6:ffffffcc x17:ffffffd7
20454982ns          341731 1c008192 0046230b p.lw             x6, 4(x12!)          x6=ffffffcb x12=100001e0 x12:100001dc  PA:100001dc
20455002ns          341732 1c008196 2078788b p.lw             x17, x7(x16!)       x17=ffffffcf x16=100001ec  x7:00000020 x16:100001cc  PA:100001cc
20455041ns          341734 1c00819a 43130733 p.mac            x14, x6, x17        x14=0000230e x14:000018e9  x6:ffffffcb x17:ffffffcf
20455061ns          341735 1c008192 0046230b p.lw             x6, 4(x12!)          x6=ffffffca x12=100001e4 x12:100001e0  PA:100001e0
20455081ns          341736 1c008196 2078788b p.lw             x17, x7(x16!)       x17=ffffffc7 x16=1000020c  x7:00000020 x16:100001ec  PA:100001ec
20455121ns          341738 1c00819a 43130733 p.mac            x14, x6, x17        x14=00002f14 x14:0000230e  x6:ffffffca x17:ffffffc7
20455141ns          341739 1c00819e 00ef222b p.sw             x14, 4(x30!)        x30=100009d0 x14:00002f14 x30:100009cc  PA:100009cc
20455161ns          341740 1c0081a2 004e8e93 addi             x29, x29, 4         x29=10000110 x29:1000010c
20455200ns          341742 1c00817e 40af87b3 sub              x15, x31, x10       x15=00000020 x31:100001e4 x10:100001c4
20455220ns          341743 1c008182 ffc78793 addi             x15, x15, -4        x15=0000001c x15:00000020
20455240ns          341744 1c008184 0027d793 srli             x15, x15, 0x2       x15=00000007 x15:0000001c
20455260ns          341745 1c008186 01d00833 add              x16, x0, x29        x16=10000110 x29:10000110
20455280ns          341746 1c008188 00a00633 add              x12, x0, x10        x12=100001c4 x10:100001c4
20455300ns          341747 1c00818a 00000713 addi             x14, x0, 0          x14=00000000
20455320ns          341748 1c00818c 00178793 addi             x15, x15, 1         x15=00000008 x15:00000007
20455340ns          341749 1c00818e 0067c0fb lp.setup         0x1, x15, 0x6       x15:00000008
20455360ns          341750 1c008192 0046230b p.lw             x6, 4(x12!)          x6=ffffffd1 x12=100001c8 x12:100001c4  PA:100001c4
20455380ns          341751 1c008196 2078788b p.lw             x17, x7(x16!)       x17=fffffffe x16=10000130  x7:00000020 x16:10000110  PA:10000110
20455419ns          341753 1c00819a 43130733 p.mac            x14, x6, x17        x14=0000005e x14:00000000  x6:ffffffd1 x17:fffffffe
20455439ns          341754 1c008192 0046230b p.lw             x6, 4(x12!)          x6=ffffffd0 x12=100001cc x12:100001c8  PA:100001c8
20455459ns          341755 1c008196 2078788b p.lw             x17, x7(x16!)       x17=fffffff6 x16=10000150  x7:00000020 x16:10000130  PA:10000130
20455499ns          341757 1c00819a 43130733 p.mac            x14, x6, x17        x14=0000023e x14:0000005e  x6:ffffffd0 x17:fffffff6
20455519ns          341758 1c008192 0046230b p.lw             x6, 4(x12!)          x6=ffffffcf x12=100001d0 x12:100001cc  PA:100001cc
20455539ns          341759 1c008196 2078788b p.lw             x17, x7(x16!)       x17=ffffffee x16=10000170  x7:00000020 x16:10000150  PA:10000150
20455578ns          341761 1c00819a 43130733 p.mac            x14, x6, x17        x14=000005b0 x14:0000023e  x6:ffffffcf x17:ffffffee
20455598ns          341762 1c008192 0046230b p.lw             x6, 4(x12!)          x6=ffffffce x12=100001d4 x12:100001d0  PA:100001d0
20455618ns          341763 1c008196 2078788b p.lw             x17, x7(x16!)       x17=ffffffe6 x16=10000190  x7:00000020 x16:10000170  PA:10000170
20455658ns          341765 1c00819a 43130733 p.mac            x14, x6, x17        x14=00000ac4 x14:000005b0  x6:ffffffce x17:ffffffe6
20455678ns          341766 1c008192 0046230b p.lw             x6, 4(x12!)          x6=ffffffcd x12=100001d8 x12:100001d4  PA:100001d4
20455698ns          341767 1c008196 2078788b p.lw             x17, x7(x16!)       x17=ffffffde x16=100001b0  x7:00000020 x16:10000190  PA:10000190
20455738ns          341769 1c00819a 43130733 p.mac            x14, x6, x17        x14=0000118a x14:00000ac4  x6:ffffffcd x17:ffffffde
20455757ns          341770 1c008192 0046230b p.lw             x6, 4(x12!)          x6=ffffffcc x12=100001dc x12:100001d8  PA:100001d8
20455777ns          341771 1c008196 2078788b p.lw             x17, x7(x16!)       x17=ffffffd6 x16=100001d0  x7:00000020 x16:100001b0  PA:100001b0
20455817ns          341773 1c00819a 43130733 p.mac            x14, x6, x17        x14=00001a12 x14:0000118a  x6:ffffffcc x17:ffffffd6
20455837ns          341774 1c008192 0046230b p.lw             x6, 4(x12!)          x6=ffffffcb x12=100001e0 x12:100001dc  PA:100001dc
20455857ns          341775 1c008196 2078788b p.lw             x17, x7(x16!)       x17=ffffffce x16=100001f0  x7:00000020 x16:100001d0  PA:100001d0
20455897ns          341777 1c00819a 43130733 p.mac            x14, x6, x17        x14=0000246c x14:00001a12  x6:ffffffcb x17:ffffffce
20455917ns          341778 1c008192 0046230b p.lw             x6, 4(x12!)          x6=ffffffca x12=100001e4 x12:100001e0  PA:100001e0
20455936ns          341779 1c008196 2078788b p.lw             x17, x7(x16!)       x17=ffffffc6 x16=10000210  x7:00000020 x16:100001f0  PA:100001f0
20455976ns          341781 1c00819a 43130733 p.mac            x14, x6, x17        x14=000030a8 x14:0000246c  x6:ffffffca x17:ffffffc6
20455996ns          341782 1c00819e 00ef222b p.sw             x14, 4(x30!)        x30=100009d4 x14:000030a8 x30:100009d0  PA:100009d0
20456016ns          341783 1c0081a2 004e8e93 addi             x29, x29, 4         x29=10000114 x29:10000110
20456056ns          341785 1c00817e 40af87b3 sub              x15, x31, x10       x15=00000020 x31:100001e4 x10:100001c4
20456076ns          341786 1c008182 ffc78793 addi             x15, x15, -4        x15=0000001c x15:00000020
20456096ns          341787 1c008184 0027d793 srli             x15, x15, 0x2       x15=00000007 x15:0000001c
20456115ns          341788 1c008186 01d00833 add              x16, x0, x29        x16=10000114 x29:10000114
20456135ns          341789 1c008188 00a00633 add              x12, x0, x10        x12=100001c4 x10:100001c4
20456155ns          341790 1c00818a 00000713 addi             x14, x0, 0          x14=00000000
20456175ns          341791 1c00818c 00178793 addi             x15, x15, 1         x15=00000008 x15:00000007
20456195ns          341792 1c00818e 0067c0fb lp.setup         0x1, x15, 0x6       x15:00000008
20456215ns          341793 1c008192 0046230b p.lw             x6, 4(x12!)          x6=ffffffd1 x12=100001c8 x12:100001c4  PA:100001c4
20456235ns          341794 1c008196 2078788b p.lw             x17, x7(x16!)       x17=fffffffd x16=10000134  x7:00000020 x16:10000114  PA:10000114
20456275ns          341796 1c00819a 43130733 p.mac            x14, x6, x17        x14=0000008d x14:00000000  x6:ffffffd1 x17:fffffffd
20456294ns          341797 1c008192 0046230b p.lw             x6, 4(x12!)          x6=ffffffd0 x12=100001cc x12:100001c8  PA:100001c8
20456314ns          341798 1c008196 2078788b p.lw             x17, x7(x16!)       x17=fffffff5 x16=10000154  x7:00000020 x16:10000134  PA:10000134
20456354ns          341800 1c00819a 43130733 p.mac            x14, x6, x17        x14=0000029d x14:0000008d  x6:ffffffd0 x17:fffffff5
20456374ns          341801 1c008192 0046230b p.lw             x6, 4(x12!)          x6=ffffffcf x12=100001d0 x12:100001cc  PA:100001cc
20456394ns          341802 1c008196 2078788b p.lw             x17, x7(x16!)       x17=ffffffed x16=10000174  x7:00000020 x16:10000154  PA:10000154
20456434ns          341804 1c00819a 43130733 p.mac            x14, x6, x17        x14=00000640 x14:0000029d  x6:ffffffcf x17:ffffffed
20456454ns          341805 1c008192 0046230b p.lw             x6, 4(x12!)          x6=ffffffce x12=100001d4 x12:100001d0  PA:100001d0
20456474ns          341806 1c008196 2078788b p.lw             x17, x7(x16!)       x17=ffffffe5 x16=10000194  x7:00000020 x16:10000174  PA:10000174
20456513ns          341808 1c00819a 43130733 p.mac            x14, x6, x17        x14=00000b86 x14:00000640  x6:ffffffce x17:ffffffe5
20456533ns          341809 1c008192 0046230b p.lw             x6, 4(x12!)          x6=ffffffcd x12=100001d8 x12:100001d4  PA:100001d4
20456553ns          341810 1c008196 2078788b p.lw             x17, x7(x16!)       x17=ffffffdd x16=100001b4  x7:00000020 x16:10000194  PA:10000194
20456593ns          341812 1c00819a 43130733 p.mac            x14, x6, x17        x14=0000127f x14:00000b86  x6:ffffffcd x17:ffffffdd
20456613ns          341813 1c008192 0046230b p.lw             x6, 4(x12!)          x6=ffffffcc x12=100001dc x12:100001d8  PA:100001d8
20456633ns          341814 1c008196 2078788b p.lw             x17, x7(x16!)       x17=ffffffd5 x16=100001d4  x7:00000020 x16:100001b4  PA:100001b4
20456672ns          341816 1c00819a 43130733 p.mac            x14, x6, x17        x14=00001b3b x14:0000127f  x6:ffffffcc x17:ffffffd5
20456692ns          341817 1c008192 0046230b p.lw             x6, 4(x12!)          x6=ffffffcb x12=100001e0 x12:100001dc  PA:100001dc
20456712ns          341818 1c008196 2078788b p.lw             x17, x7(x16!)       x17=ffffffcd x16=100001f4  x7:00000020 x16:100001d4  PA:100001d4
20456752ns          341820 1c00819a 43130733 p.mac            x14, x6, x17        x14=000025ca x14:00001b3b  x6:ffffffcb x17:ffffffcd
20456772ns          341821 1c008192 0046230b p.lw             x6, 4(x12!)          x6=ffffffca x12=100001e4 x12:100001e0  PA:100001e0
20456792ns          341822 1c008196 2078788b p.lw             x17, x7(x16!)       x17=ffffffc5 x16=10000214  x7:00000020 x16:100001f4  PA:100001f4
20456832ns          341824 1c00819a 43130733 p.mac            x14, x6, x17        x14=0000323c x14:000025ca  x6:ffffffca x17:ffffffc5
20456851ns          341825 1c00819e 00ef222b p.sw             x14, 4(x30!)        x30=100009d8 x14:0000323c x30:100009d4  PA:100009d4
20456871ns          341826 1c0081a2 004e8e93 addi             x29, x29, 4         x29=10000118 x29:10000114
20456911ns          341828 1c00817e 40af87b3 sub              x15, x31, x10       x15=00000020 x31:100001e4 x10:100001c4
20456931ns          341829 1c008182 ffc78793 addi             x15, x15, -4        x15=0000001c x15:00000020
20456951ns          341830 1c008184 0027d793 srli             x15, x15, 0x2       x15=00000007 x15:0000001c
20456971ns          341831 1c008186 01d00833 add              x16, x0, x29        x16=10000118 x29:10000118
20456991ns          341832 1c008188 00a00633 add              x12, x0, x10        x12=100001c4 x10:100001c4
20457011ns          341833 1c00818a 00000713 addi             x14, x0, 0          x14=00000000
20457030ns          341834 1c00818c 00178793 addi             x15, x15, 1         x15=00000008 x15:00000007
20457050ns          341835 1c00818e 0067c0fb lp.setup         0x1, x15, 0x6       x15:00000008
20457070ns          341836 1c008192 0046230b p.lw             x6, 4(x12!)          x6=ffffffd1 x12=100001c8 x12:100001c4  PA:100001c4
20457090ns          341837 1c008196 2078788b p.lw             x17, x7(x16!)       x17=fffffffc x16=10000138  x7:00000020 x16:10000118  PA:10000118
20457130ns          341839 1c00819a 43130733 p.mac            x14, x6, x17        x14=000000bc x14:00000000  x6:ffffffd1 x17:fffffffc
20457150ns          341840 1c008192 0046230b p.lw             x6, 4(x12!)          x6=ffffffd0 x12=100001cc x12:100001c8  PA:100001c8
20457170ns          341841 1c008196 2078788b p.lw             x17, x7(x16!)       x17=fffffff4 x16=10000158  x7:00000020 x16:10000138  PA:10000138
20457209ns          341843 1c00819a 43130733 p.mac            x14, x6, x17        x14=000002fc x14:000000bc  x6:ffffffd0 x17:fffffff4
20457229ns          341844 1c008192 0046230b p.lw             x6, 4(x12!)          x6=ffffffcf x12=100001d0 x12:100001cc  PA:100001cc
20457249ns          341845 1c008196 2078788b p.lw             x17, x7(x16!)       x17=ffffffec x16=10000178  x7:00000020 x16:10000158  PA:10000158
20457289ns          341847 1c00819a 43130733 p.mac            x14, x6, x17        x14=000006d0 x14:000002fc  x6:ffffffcf x17:ffffffec
20457309ns          341848 1c008192 0046230b p.lw             x6, 4(x12!)          x6=ffffffce x12=100001d4 x12:100001d0  PA:100001d0
20457329ns          341849 1c008196 2078788b p.lw             x17, x7(x16!)       x17=ffffffe4 x16=10000198  x7:00000020 x16:10000178  PA:10000178
20457369ns          341851 1c00819a 43130733 p.mac            x14, x6, x17        x14=00000c48 x14:000006d0  x6:ffffffce x17:ffffffe4
20457388ns          341852 1c008192 0046230b p.lw             x6, 4(x12!)          x6=ffffffcd x12=100001d8 x12:100001d4  PA:100001d4
20457408ns          341853 1c008196 2078788b p.lw             x17, x7(x16!)       x17=ffffffdc x16=100001b8  x7:00000020 x16:10000198  PA:10000198
20457448ns          341855 1c00819a 43130733 p.mac            x14, x6, x17        x14=00001374 x14:00000c48  x6:ffffffcd x17:ffffffdc
20457468ns          341856 1c008192 0046230b p.lw             x6, 4(x12!)          x6=ffffffcc x12=100001dc x12:100001d8  PA:100001d8
20457488ns          341857 1c008196 2078788b p.lw             x17, x7(x16!)       x17=ffffffd4 x16=100001d8  x7:00000020 x16:100001b8  PA:100001b8
20457528ns          341859 1c00819a 43130733 p.mac            x14, x6, x17        x14=00001c64 x14:00001374  x6:ffffffcc x17:ffffffd4
20457548ns          341860 1c008192 0046230b p.lw             x6, 4(x12!)          x6=ffffffcb x12=100001e0 x12:100001dc  PA:100001dc
20457567ns          341861 1c008196 2078788b p.lw             x17, x7(x16!)       x17=ffffffcc x16=100001f8  x7:00000020 x16:100001d8  PA:100001d8
20457607ns          341863 1c00819a 43130733 p.mac            x14, x6, x17        x14=00002728 x14:00001c64  x6:ffffffcb x17:ffffffcc
20457627ns          341864 1c008192 0046230b p.lw             x6, 4(x12!)          x6=ffffffca x12=100001e4 x12:100001e0  PA:100001e0
20457647ns          341865 1c008196 2078788b p.lw             x17, x7(x16!)       x17=ffffffc4 x16=10000218  x7:00000020 x16:100001f8  PA:100001f8
20457687ns          341867 1c00819a 43130733 p.mac            x14, x6, x17        x14=000033d0 x14:00002728  x6:ffffffca x17:ffffffc4
20457707ns          341868 1c00819e 00ef222b p.sw             x14, 4(x30!)        x30=100009dc x14:000033d0 x30:100009d8  PA:100009d8
20457727ns          341869 1c0081a2 004e8e93 addi             x29, x29, 4         x29=1000011c x29:10000118
20457766ns          341871 1c00817e 40af87b3 sub              x15, x31, x10       x15=00000020 x31:100001e4 x10:100001c4
20457786ns          341872 1c008182 ffc78793 addi             x15, x15, -4        x15=0000001c x15:00000020
20457806ns          341873 1c008184 0027d793 srli             x15, x15, 0x2       x15=00000007 x15:0000001c
20457826ns          341874 1c008186 01d00833 add              x16, x0, x29        x16=1000011c x29:1000011c
20457846ns          341875 1c008188 00a00633 add              x12, x0, x10        x12=100001c4 x10:100001c4
20457866ns          341876 1c00818a 00000713 addi             x14, x0, 0          x14=00000000
20457886ns          341877 1c00818c 00178793 addi             x15, x15, 1         x15=00000008 x15:00000007
20457906ns          341878 1c00818e 0067c0fb lp.setup         0x1, x15, 0x6       x15:00000008
20457926ns          341879 1c008192 0046230b p.lw             x6, 4(x12!)          x6=ffffffd1 x12=100001c8 x12:100001c4  PA:100001c4
20457945ns          341880 1c008196 2078788b p.lw             x17, x7(x16!)       x17=fffffffb x16=1000013c  x7:00000020 x16:1000011c  PA:1000011c
20457985ns          341882 1c00819a 43130733 p.mac            x14, x6, x17        x14=000000eb x14:00000000  x6:ffffffd1 x17:fffffffb
20458005ns          341883 1c008192 0046230b p.lw             x6, 4(x12!)          x6=ffffffd0 x12=100001cc x12:100001c8  PA:100001c8
20458025ns          341884 1c008196 2078788b p.lw             x17, x7(x16!)       x17=fffffff3 x16=1000015c  x7:00000020 x16:1000013c  PA:1000013c
20458065ns          341886 1c00819a 43130733 p.mac            x14, x6, x17        x14=0000035b x14:000000eb  x6:ffffffd0 x17:fffffff3
20458085ns          341887 1c008192 0046230b p.lw             x6, 4(x12!)          x6=ffffffcf x12=100001d0 x12:100001cc  PA:100001cc
20458105ns          341888 1c008196 2078788b p.lw             x17, x7(x16!)       x17=ffffffeb x16=1000017c  x7:00000020 x16:1000015c  PA:1000015c
20458144ns          341890 1c00819a 43130733 p.mac            x14, x6, x17        x14=00000760 x14:0000035b  x6:ffffffcf x17:ffffffeb
20458164ns          341891 1c008192 0046230b p.lw             x6, 4(x12!)          x6=ffffffce x12=100001d4 x12:100001d0  PA:100001d0
20458184ns          341892 1c008196 2078788b p.lw             x17, x7(x16!)       x17=ffffffe3 x16=1000019c  x7:00000020 x16:1000017c  PA:1000017c
20458224ns          341894 1c00819a 43130733 p.mac            x14, x6, x17        x14=00000d0a x14:00000760  x6:ffffffce x17:ffffffe3
20458244ns          341895 1c008192 0046230b p.lw             x6, 4(x12!)          x6=ffffffcd x12=100001d8 x12:100001d4  PA:100001d4
20458264ns          341896 1c008196 2078788b p.lw             x17, x7(x16!)       x17=ffffffdb x16=100001bc  x7:00000020 x16:1000019c  PA:1000019c
20458303ns          341898 1c00819a 43130733 p.mac            x14, x6, x17        x14=00001469 x14:00000d0a  x6:ffffffcd x17:ffffffdb
20458323ns          341899 1c008192 0046230b p.lw             x6, 4(x12!)          x6=ffffffcc x12=100001dc x12:100001d8  PA:100001d8
20458343ns          341900 1c008196 2078788b p.lw             x17, x7(x16!)       x17=ffffffd3 x16=100001dc  x7:00000020 x16:100001bc  PA:100001bc
20458383ns          341902 1c00819a 43130733 p.mac            x14, x6, x17        x14=00001d8d x14:00001469  x6:ffffffcc x17:ffffffd3
20458403ns          341903 1c008192 0046230b p.lw             x6, 4(x12!)          x6=ffffffcb x12=100001e0 x12:100001dc  PA:100001dc
20458423ns          341904 1c008196 2078788b p.lw             x17, x7(x16!)       x17=ffffffcb x16=100001fc  x7:00000020 x16:100001dc  PA:100001dc
20458463ns          341906 1c00819a 43130733 p.mac            x14, x6, x17        x14=00002886 x14:00001d8d  x6:ffffffcb x17:ffffffcb
20458482ns          341907 1c008192 0046230b p.lw             x6, 4(x12!)          x6=ffffffca x12=100001e4 x12:100001e0  PA:100001e0
20458502ns          341908 1c008196 2078788b p.lw             x17, x7(x16!)       x17=ffffffc3 x16=1000021c  x7:00000020 x16:100001fc  PA:100001fc
20458542ns          341910 1c00819a 43130733 p.mac            x14, x6, x17        x14=00003564 x14:00002886  x6:ffffffca x17:ffffffc3
20458562ns          341911 1c00819e 00ef222b p.sw             x14, 4(x30!)        x30=100009e0 x14:00003564 x30:100009dc  PA:100009dc
20458582ns          341912 1c0081a2 004e8e93 addi             x29, x29, 4         x29=10000120 x29:1000011c
20458622ns          341914 1c00817e 40af87b3 sub              x15, x31, x10       x15=00000020 x31:100001e4 x10:100001c4
20458642ns          341915 1c008182 ffc78793 addi             x15, x15, -4        x15=0000001c x15:00000020
20458661ns          341916 1c008184 0027d793 srli             x15, x15, 0x2       x15=00000007 x15:0000001c
20458681ns          341917 1c008186 01d00833 add              x16, x0, x29        x16=10000120 x29:10000120
20458701ns          341918 1c008188 00a00633 add              x12, x0, x10        x12=100001c4 x10:100001c4
20458721ns          341919 1c00818a 00000713 addi             x14, x0, 0          x14=00000000
20458741ns          341920 1c00818c 00178793 addi             x15, x15, 1         x15=00000008 x15:00000007
20458761ns          341921 1c00818e 0067c0fb lp.setup         0x1, x15, 0x6       x15:00000008
20458781ns          341922 1c008192 0046230b p.lw             x6, 4(x12!)          x6=ffffffd1 x12=100001c8 x12:100001c4  PA:100001c4
20458801ns          341923 1c008196 2078788b p.lw             x17, x7(x16!)       x17=fffffffa x16=10000140  x7:00000020 x16:10000120  PA:10000120
20458841ns          341925 1c00819a 43130733 p.mac            x14, x6, x17        x14=0000011a x14:00000000  x6:ffffffd1 x17:fffffffa
20458860ns          341926 1c008192 0046230b p.lw             x6, 4(x12!)          x6=ffffffd0 x12=100001cc x12:100001c8  PA:100001c8
20458880ns          341927 1c008196 2078788b p.lw             x17, x7(x16!)       x17=fffffff2 x16=10000160  x7:00000020 x16:10000140  PA:10000140
20458920ns          341929 1c00819a 43130733 p.mac            x14, x6, x17        x14=000003ba x14:0000011a  x6:ffffffd0 x17:fffffff2
20458940ns          341930 1c008192 0046230b p.lw             x6, 4(x12!)          x6=ffffffcf x12=100001d0 x12:100001cc  PA:100001cc
20458960ns          341931 1c008196 2078788b p.lw             x17, x7(x16!)       x17=ffffffea x16=10000180  x7:00000020 x16:10000160  PA:10000160
20459000ns          341933 1c00819a 43130733 p.mac            x14, x6, x17        x14=000007f0 x14:000003ba  x6:ffffffcf x17:ffffffea
20459020ns          341934 1c008192 0046230b p.lw             x6, 4(x12!)          x6=ffffffce x12=100001d4 x12:100001d0  PA:100001d0
20459039ns          341935 1c008196 2078788b p.lw             x17, x7(x16!)       x17=ffffffe2 x16=100001a0  x7:00000020 x16:10000180  PA:10000180
20459079ns          341937 1c00819a 43130733 p.mac            x14, x6, x17        x14=00000dcc x14:000007f0  x6:ffffffce x17:ffffffe2
20459099ns          341938 1c008192 0046230b p.lw             x6, 4(x12!)          x6=ffffffcd x12=100001d8 x12:100001d4  PA:100001d4
20459119ns          341939 1c008196 2078788b p.lw             x17, x7(x16!)       x17=ffffffda x16=100001c0  x7:00000020 x16:100001a0  PA:100001a0
20459159ns          341941 1c00819a 43130733 p.mac            x14, x6, x17        x14=0000155e x14:00000dcc  x6:ffffffcd x17:ffffffda
20459179ns          341942 1c008192 0046230b p.lw             x6, 4(x12!)          x6=ffffffcc x12=100001dc x12:100001d8  PA:100001d8
20459199ns          341943 1c008196 2078788b p.lw             x17, x7(x16!)       x17=ffffffd2 x16=100001e0  x7:00000020 x16:100001c0  PA:100001c0
20459238ns          341945 1c00819a 43130733 p.mac            x14, x6, x17        x14=00001eb6 x14:0000155e  x6:ffffffcc x17:ffffffd2
20459258ns          341946 1c008192 0046230b p.lw             x6, 4(x12!)          x6=ffffffcb x12=100001e0 x12:100001dc  PA:100001dc
20459278ns          341947 1c008196 2078788b p.lw             x17, x7(x16!)       x17=ffffffca x16=10000200  x7:00000020 x16:100001e0  PA:100001e0
20459318ns          341949 1c00819a 43130733 p.mac            x14, x6, x17        x14=000029e4 x14:00001eb6  x6:ffffffcb x17:ffffffca
20459338ns          341950 1c008192 0046230b p.lw             x6, 4(x12!)          x6=ffffffca x12=100001e4 x12:100001e0  PA:100001e0
20459358ns          341951 1c008196 2078788b p.lw             x17, x7(x16!)       x17=ffffffc2 x16=10000220  x7:00000020 x16:10000200  PA:10000200
20459397ns          341953 1c00819a 43130733 p.mac            x14, x6, x17        x14=000036f8 x14:000029e4  x6:ffffffca x17:ffffffc2
20459417ns          341954 1c00819e 00ef222b p.sw             x14, 4(x30!)        x30=100009e4 x14:000036f8 x30:100009e0  PA:100009e0
20459437ns          341955 1c0081a2 004e8e93 addi             x29, x29, 4         x29=10000124 x29:10000120
20459457ns          341956 1c0081a4 00128293 addi             x5, x5, 1            x5=00000007  x5:00000006
20459477ns          341957 1c0081a6 00750533 add              x10, x10, x7        x10=100001e4 x10:100001c4  x7:00000020
20459497ns          341958 1c0081a8 007f8fb3 add              x31, x31, x7        x31=10000204 x31:100001e4  x7:00000020
20459517ns          341959 1c0081aa fa569fe3 bne              x13, x5, -66        x13:00000008  x5:00000007
20459576ns          341962 1c008168 40b48e33 sub              x28, x9, x11        x28=00000020  x9:10000124 x11:10000104
20459596ns          341963 1c00816c ffce0e13 addi             x28, x28, -4        x28=0000001c x28:00000020
20459616ns          341964 1c00816e 002e5e13 srli             x28, x28, 0x2       x28=00000007 x28:0000001c
20459636ns          341965 1c008172 008f8f33 add              x30, x31, x8        x30=100009e4 x31:10000204  x8:000007e0
20459656ns          341966 1c008176 00b00eb3 add              x29, x0, x11        x29=10000104 x11:10000104
20459676ns          341967 1c008178 001e0e13 addi             x28, x28, 1         x28=00000008 x28:00000007
20459696ns          341968 1c00817a 014e407b lp.setup         0x0, x28, 0x14      x28:00000008
20459716ns          341969 1c00817e 40af87b3 sub              x15, x31, x10       x15=00000020 x31:10000204 x10:100001e4
20459736ns          341970 1c008182 ffc78793 addi             x15, x15, -4        x15=0000001c x15:00000020
20459755ns          341971 1c008184 0027d793 srli             x15, x15, 0x2       x15=00000007 x15:0000001c
20459775ns          341972 1c008186 01d00833 add              x16, x0, x29        x16=10000104 x29:10000104
20459795ns          341973 1c008188 00a00633 add              x12, x0, x10        x12=100001e4 x10:100001e4
20459815ns          341974 1c00818a 00000713 addi             x14, x0, 0          x14=00000000
20459835ns          341975 1c00818c 00178793 addi             x15, x15, 1         x15=00000008 x15:00000007
20459855ns          341976 1c00818e 0067c0fb lp.setup         0x1, x15, 0x6       x15:00000008
20459875ns          341977 1c008192 0046230b p.lw             x6, 4(x12!)          x6=ffffffc9 x12=100001e8 x12:100001e4  PA:100001e4
20459895ns          341978 1c008196 2078788b p.lw             x17, x7(x16!)       x17=00000001 x16=10000124  x7:00000020 x16:10000104  PA:10000104
20459934ns          341980 1c00819a 43130733 p.mac            x14, x6, x17        x14=ffffffc9 x14:00000000  x6:ffffffc9 x17:00000001
20459954ns          341981 1c008192 0046230b p.lw             x6, 4(x12!)          x6=ffffffc8 x12=100001ec x12:100001e8  PA:100001e8
20459974ns          341982 1c008196 2078788b p.lw             x17, x7(x16!)       x17=fffffff9 x16=10000144  x7:00000020 x16:10000124  PA:10000124
20460014ns          341984 1c00819a 43130733 p.mac            x14, x6, x17        x14=00000151 x14:ffffffc9  x6:ffffffc8 x17:fffffff9
20460034ns          341985 1c008192 0046230b p.lw             x6, 4(x12!)          x6=ffffffc7 x12=100001f0 x12:100001ec  PA:100001ec
20460054ns          341986 1c008196 2078788b p.lw             x17, x7(x16!)       x17=fffffff1 x16=10000164  x7:00000020 x16:10000144  PA:10000144
20460094ns          341988 1c00819a 43130733 p.mac            x14, x6, x17        x14=000004a8 x14:00000151  x6:ffffffc7 x17:fffffff1
20460114ns          341989 1c008192 0046230b p.lw             x6, 4(x12!)          x6=ffffffc6 x12=100001f4 x12:100001f0  PA:100001f0
20460133ns          341990 1c008196 2078788b p.lw             x17, x7(x16!)       x17=ffffffe9 x16=10000184  x7:00000020 x16:10000164  PA:10000164
20460173ns          341992 1c00819a 43130733 p.mac            x14, x6, x17        x14=000009de x14:000004a8  x6:ffffffc6 x17:ffffffe9
20460193ns          341993 1c008192 0046230b p.lw             x6, 4(x12!)          x6=ffffffc5 x12=100001f8 x12:100001f4  PA:100001f4
20460213ns          341994 1c008196 2078788b p.lw             x17, x7(x16!)       x17=ffffffe1 x16=100001a4  x7:00000020 x16:10000184  PA:10000184
20460253ns          341996 1c00819a 43130733 p.mac            x14, x6, x17        x14=00001103 x14:000009de  x6:ffffffc5 x17:ffffffe1
20460273ns          341997 1c008192 0046230b p.lw             x6, 4(x12!)          x6=ffffffc4 x12=100001fc x12:100001f8  PA:100001f8
20460293ns          341998 1c008196 2078788b p.lw             x17, x7(x16!)       x17=ffffffd9 x16=100001c4  x7:00000020 x16:100001a4  PA:100001a4
20460332ns          342000 1c00819a 43130733 p.mac            x14, x6, x17        x14=00001a27 x14:00001103  x6:ffffffc4 x17:ffffffd9
20460352ns          342001 1c008192 0046230b p.lw             x6, 4(x12!)          x6=ffffffc3 x12=10000200 x12:100001fc  PA:100001fc
20460372ns          342002 1c008196 2078788b p.lw             x17, x7(x16!)       x17=ffffffd1 x16=100001e4  x7:00000020 x16:100001c4  PA:100001c4
20460412ns          342004 1c00819a 43130733 p.mac            x14, x6, x17        x14=0000255a x14:00001a27  x6:ffffffc3 x17:ffffffd1
20460432ns          342005 1c008192 0046230b p.lw             x6, 4(x12!)          x6=ffffffc2 x12=10000204 x12:10000200  PA:10000200
20460452ns          342006 1c008196 2078788b p.lw             x17, x7(x16!)       x17=ffffffc9 x16=10000204  x7:00000020 x16:100001e4  PA:100001e4
20460511ns          342009 1c00819a 43130733 p.mac            x14, x6, x17        x14=000032ac x14:0000255a  x6:ffffffc2 x17:ffffffc9
20460531ns          342010 1c00819e 00ef222b p.sw             x14, 4(x30!)        x30=100009e8 x14:000032ac x30:100009e4  PA:100009e4
20460551ns          342011 1c0081a2 004e8e93 addi             x29, x29, 4         x29=10000108 x29:10000104
20460591ns          342013 1c00817e 40af87b3 sub              x15, x31, x10       x15=00000020 x31:10000204 x10:100001e4
20460611ns          342014 1c008182 ffc78793 addi             x15, x15, -4        x15=0000001c x15:00000020
20460631ns          342015 1c008184 0027d793 srli             x15, x15, 0x2       x15=00000007 x15:0000001c
20460651ns          342016 1c008186 01d00833 add              x16, x0, x29        x16=10000108 x29:10000108
20460670ns          342017 1c008188 00a00633 add              x12, x0, x10        x12=100001e4 x10:100001e4
20460690ns          342018 1c00818a 00000713 addi             x14, x0, 0          x14=00000000
20460710ns          342019 1c00818c 00178793 addi             x15, x15, 1         x15=00000008 x15:00000007
20460730ns          342020 1c00818e 0067c0fb lp.setup         0x1, x15, 0x6       x15:00000008
20460750ns          342021 1c008192 0046230b p.lw             x6, 4(x12!)          x6=ffffffc9 x12=100001e8 x12:100001e4  PA:100001e4
20460770ns          342022 1c008196 2078788b p.lw             x17, x7(x16!)       x17=00000000 x16=10000128  x7:00000020 x16:10000108  PA:10000108
20460810ns          342024 1c00819a 43130733 p.mac            x14, x6, x17        x14=00000000 x14:00000000  x6:ffffffc9 x17:00000000
20460830ns          342025 1c008192 0046230b p.lw             x6, 4(x12!)          x6=ffffffc8 x12=100001ec x12:100001e8  PA:100001e8
20460849ns          342026 1c008196 2078788b p.lw             x17, x7(x16!)       x17=fffffff8 x16=10000148  x7:00000020 x16:10000128  PA:10000128
20460889ns          342028 1c00819a 43130733 p.mac            x14, x6, x17        x14=000001c0 x14:00000000  x6:ffffffc8 x17:fffffff8
20460909ns          342029 1c008192 0046230b p.lw             x6, 4(x12!)          x6=ffffffc7 x12=100001f0 x12:100001ec  PA:100001ec
20460929ns          342030 1c008196 2078788b p.lw             x17, x7(x16!)       x17=fffffff0 x16=10000168  x7:00000020 x16:10000148  PA:10000148
20460969ns          342032 1c00819a 43130733 p.mac            x14, x6, x17        x14=00000550 x14:000001c0  x6:ffffffc7 x17:fffffff0
20460989ns          342033 1c008192 0046230b p.lw             x6, 4(x12!)          x6=ffffffc6 x12=100001f4 x12:100001f0  PA:100001f0
20461009ns          342034 1c008196 2078788b p.lw             x17, x7(x16!)       x17=ffffffe8 x16=10000188  x7:00000020 x16:10000168  PA:10000168
20461048ns          342036 1c00819a 43130733 p.mac            x14, x6, x17        x14=00000ac0 x14:00000550  x6:ffffffc6 x17:ffffffe8
20461068ns          342037 1c008192 0046230b p.lw             x6, 4(x12!)          x6=ffffffc5 x12=100001f8 x12:100001f4  PA:100001f4
20461088ns          342038 1c008196 2078788b p.lw             x17, x7(x16!)       x17=ffffffe0 x16=100001a8  x7:00000020 x16:10000188  PA:10000188
20461128ns          342040 1c00819a 43130733 p.mac            x14, x6, x17        x14=00001220 x14:00000ac0  x6:ffffffc5 x17:ffffffe0
20461148ns          342041 1c008192 0046230b p.lw             x6, 4(x12!)          x6=ffffffc4 x12=100001fc x12:100001f8  PA:100001f8
20461168ns          342042 1c008196 2078788b p.lw             x17, x7(x16!)       x17=ffffffd8 x16=100001c8  x7:00000020 x16:100001a8  PA:100001a8
20461208ns          342044 1c00819a 43130733 p.mac            x14, x6, x17        x14=00001b80 x14:00001220  x6:ffffffc4 x17:ffffffd8
20461227ns          342045 1c008192 0046230b p.lw             x6, 4(x12!)          x6=ffffffc3 x12=10000200 x12:100001fc  PA:100001fc
20461247ns          342046 1c008196 2078788b p.lw             x17, x7(x16!)       x17=ffffffd0 x16=100001e8  x7:00000020 x16:100001c8  PA:100001c8
20461287ns          342048 1c00819a 43130733 p.mac            x14, x6, x17        x14=000026f0 x14:00001b80  x6:ffffffc3 x17:ffffffd0
20461307ns          342049 1c008192 0046230b p.lw             x6, 4(x12!)          x6=ffffffc2 x12=10000204 x12:10000200  PA:10000200
20461327ns          342050 1c008196 2078788b p.lw             x17, x7(x16!)       x17=ffffffc8 x16=10000208  x7:00000020 x16:100001e8  PA:100001e8
20461367ns          342052 1c00819a 43130733 p.mac            x14, x6, x17        x14=00003480 x14:000026f0  x6:ffffffc2 x17:ffffffc8
20461387ns          342053 1c00819e 00ef222b p.sw             x14, 4(x30!)        x30=100009ec x14:00003480 x30:100009e8  PA:100009e8
20461406ns          342054 1c0081a2 004e8e93 addi             x29, x29, 4         x29=1000010c x29:10000108
20461446ns          342056 1c00817e 40af87b3 sub              x15, x31, x10       x15=00000020 x31:10000204 x10:100001e4
20461466ns          342057 1c008182 ffc78793 addi             x15, x15, -4        x15=0000001c x15:00000020
20461486ns          342058 1c008184 0027d793 srli             x15, x15, 0x2       x15=00000007 x15:0000001c
20461506ns          342059 1c008186 01d00833 add              x16, x0, x29        x16=1000010c x29:1000010c
20461526ns          342060 1c008188 00a00633 add              x12, x0, x10        x12=100001e4 x10:100001e4
20461546ns          342061 1c00818a 00000713 addi             x14, x0, 0          x14=00000000
20461566ns          342062 1c00818c 00178793 addi             x15, x15, 1         x15=00000008 x15:00000007
20461585ns          342063 1c00818e 0067c0fb lp.setup         0x1, x15, 0x6       x15:00000008
20461605ns          342064 1c008192 0046230b p.lw             x6, 4(x12!)          x6=ffffffc9 x12=100001e8 x12:100001e4  PA:100001e4
20461625ns          342065 1c008196 2078788b p.lw             x17, x7(x16!)       x17=ffffffff x16=1000012c  x7:00000020 x16:1000010c  PA:1000010c
20461665ns          342067 1c00819a 43130733 p.mac            x14, x6, x17        x14=00000037 x14:00000000  x6:ffffffc9 x17:ffffffff
20461685ns          342068 1c008192 0046230b p.lw             x6, 4(x12!)          x6=ffffffc8 x12=100001ec x12:100001e8  PA:100001e8
20461705ns          342069 1c008196 2078788b p.lw             x17, x7(x16!)       x17=fffffff7 x16=1000014c  x7:00000020 x16:1000012c  PA:1000012c
20461745ns          342071 1c00819a 43130733 p.mac            x14, x6, x17        x14=0000022f x14:00000037  x6:ffffffc8 x17:fffffff7
20461764ns          342072 1c008192 0046230b p.lw             x6, 4(x12!)          x6=ffffffc7 x12=100001f0 x12:100001ec  PA:100001ec
20461784ns          342073 1c008196 2078788b p.lw             x17, x7(x16!)       x17=ffffffef x16=1000016c  x7:00000020 x16:1000014c  PA:1000014c
20461824ns          342075 1c00819a 43130733 p.mac            x14, x6, x17        x14=000005f8 x14:0000022f  x6:ffffffc7 x17:ffffffef
20461844ns          342076 1c008192 0046230b p.lw             x6, 4(x12!)          x6=ffffffc6 x12=100001f4 x12:100001f0  PA:100001f0
20461864ns          342077 1c008196 2078788b p.lw             x17, x7(x16!)       x17=ffffffe7 x16=1000018c  x7:00000020 x16:1000016c  PA:1000016c
20461904ns          342079 1c00819a 43130733 p.mac            x14, x6, x17        x14=00000ba2 x14:000005f8  x6:ffffffc6 x17:ffffffe7
20461924ns          342080 1c008192 0046230b p.lw             x6, 4(x12!)          x6=ffffffc5 x12=100001f8 x12:100001f4  PA:100001f4
20461943ns          342081 1c008196 2078788b p.lw             x17, x7(x16!)       x17=ffffffdf x16=100001ac  x7:00000020 x16:1000018c  PA:1000018c
20461983ns          342083 1c00819a 43130733 p.mac            x14, x6, x17        x14=0000133d x14:00000ba2  x6:ffffffc5 x17:ffffffdf
20462003ns          342084 1c008192 0046230b p.lw             x6, 4(x12!)          x6=ffffffc4 x12=100001fc x12:100001f8  PA:100001f8
20462023ns          342085 1c008196 2078788b p.lw             x17, x7(x16!)       x17=ffffffd7 x16=100001cc  x7:00000020 x16:100001ac  PA:100001ac
20462063ns          342087 1c00819a 43130733 p.mac            x14, x6, x17        x14=00001cd9 x14:0000133d  x6:ffffffc4 x17:ffffffd7
20462083ns          342088 1c008192 0046230b p.lw             x6, 4(x12!)          x6=ffffffc3 x12=10000200 x12:100001fc  PA:100001fc
20462103ns          342089 1c008196 2078788b p.lw             x17, x7(x16!)       x17=ffffffcf x16=100001ec  x7:00000020 x16:100001cc  PA:100001cc
20462142ns          342091 1c00819a 43130733 p.mac            x14, x6, x17        x14=00002886 x14:00001cd9  x6:ffffffc3 x17:ffffffcf
20462162ns          342092 1c008192 0046230b p.lw             x6, 4(x12!)          x6=ffffffc2 x12=10000204 x12:10000200  PA:10000200
20462182ns          342093 1c008196 2078788b p.lw             x17, x7(x16!)       x17=ffffffc7 x16=1000020c  x7:00000020 x16:100001ec  PA:100001ec
20462222ns          342095 1c00819a 43130733 p.mac            x14, x6, x17        x14=00003654 x14:00002886  x6:ffffffc2 x17:ffffffc7
20462242ns          342096 1c00819e 00ef222b p.sw             x14, 4(x30!)        x30=100009f0 x14:00003654 x30:100009ec  PA:100009ec
20462262ns          342097 1c0081a2 004e8e93 addi             x29, x29, 4         x29=10000110 x29:1000010c
20462301ns          342099 1c00817e 40af87b3 sub              x15, x31, x10       x15=00000020 x31:10000204 x10:100001e4
20462321ns          342100 1c008182 ffc78793 addi             x15, x15, -4        x15=0000001c x15:00000020
20462341ns          342101 1c008184 0027d793 srli             x15, x15, 0x2       x15=00000007 x15:0000001c
20462361ns          342102 1c008186 01d00833 add              x16, x0, x29        x16=10000110 x29:10000110
20462381ns          342103 1c008188 00a00633 add              x12, x0, x10        x12=100001e4 x10:100001e4
20462401ns          342104 1c00818a 00000713 addi             x14, x0, 0          x14=00000000
20462421ns          342105 1c00818c 00178793 addi             x15, x15, 1         x15=00000008 x15:00000007
20462441ns          342106 1c00818e 0067c0fb lp.setup         0x1, x15, 0x6       x15:00000008
20462461ns          342107 1c008192 0046230b p.lw             x6, 4(x12!)          x6=ffffffc9 x12=100001e8 x12:100001e4  PA:100001e4
20462481ns          342108 1c008196 2078788b p.lw             x17, x7(x16!)       x17=fffffffe x16=10000130  x7:00000020 x16:10000110  PA:10000110
20462520ns          342110 1c00819a 43130733 p.mac            x14, x6, x17        x14=0000006e x14:00000000  x6:ffffffc9 x17:fffffffe
20462540ns          342111 1c008192 0046230b p.lw             x6, 4(x12!)          x6=ffffffc8 x12=100001ec x12:100001e8  PA:100001e8
20462560ns          342112 1c008196 2078788b p.lw             x17, x7(x16!)       x17=fffffff6 x16=10000150  x7:00000020 x16:10000130  PA:10000130
20462600ns          342114 1c00819a 43130733 p.mac            x14, x6, x17        x14=0000029e x14:0000006e  x6:ffffffc8 x17:fffffff6
20462620ns          342115 1c008192 0046230b p.lw             x6, 4(x12!)          x6=ffffffc7 x12=100001f0 x12:100001ec  PA:100001ec
20462640ns          342116 1c008196 2078788b p.lw             x17, x7(x16!)       x17=ffffffee x16=10000170  x7:00000020 x16:10000150  PA:10000150
20462679ns          342118 1c00819a 43130733 p.mac            x14, x6, x17        x14=000006a0 x14:0000029e  x6:ffffffc7 x17:ffffffee
20462699ns          342119 1c008192 0046230b p.lw             x6, 4(x12!)          x6=ffffffc6 x12=100001f4 x12:100001f0  PA:100001f0
20462719ns          342120 1c008196 2078788b p.lw             x17, x7(x16!)       x17=ffffffe6 x16=10000190  x7:00000020 x16:10000170  PA:10000170
20462759ns          342122 1c00819a 43130733 p.mac            x14, x6, x17        x14=00000c84 x14:000006a0  x6:ffffffc6 x17:ffffffe6
20462779ns          342123 1c008192 0046230b p.lw             x6, 4(x12!)          x6=ffffffc5 x12=100001f8 x12:100001f4  PA:100001f4
20462799ns          342124 1c008196 2078788b p.lw             x17, x7(x16!)       x17=ffffffde x16=100001b0  x7:00000020 x16:10000190  PA:10000190
20462839ns          342126 1c00819a 43130733 p.mac            x14, x6, x17        x14=0000145a x14:00000c84  x6:ffffffc5 x17:ffffffde
20462858ns          342127 1c008192 0046230b p.lw             x6, 4(x12!)          x6=ffffffc4 x12=100001fc x12:100001f8  PA:100001f8
20462878ns          342128 1c008196 2078788b p.lw             x17, x7(x16!)       x17=ffffffd6 x16=100001d0  x7:00000020 x16:100001b0  PA:100001b0
20462918ns          342130 1c00819a 43130733 p.mac            x14, x6, x17        x14=00001e32 x14:0000145a  x6:ffffffc4 x17:ffffffd6
20462938ns          342131 1c008192 0046230b p.lw             x6, 4(x12!)          x6=ffffffc3 x12=10000200 x12:100001fc  PA:100001fc
20462958ns          342132 1c008196 2078788b p.lw             x17, x7(x16!)       x17=ffffffce x16=100001f0  x7:00000020 x16:100001d0  PA:100001d0
20462998ns          342134 1c00819a 43130733 p.mac            x14, x6, x17        x14=00002a1c x14:00001e32  x6:ffffffc3 x17:ffffffce
20463018ns          342135 1c008192 0046230b p.lw             x6, 4(x12!)          x6=ffffffc2 x12=10000204 x12:10000200  PA:10000200
20463037ns          342136 1c008196 2078788b p.lw             x17, x7(x16!)       x17=ffffffc6 x16=10000210  x7:00000020 x16:100001f0  PA:100001f0
20463077ns          342138 1c00819a 43130733 p.mac            x14, x6, x17        x14=00003828 x14:00002a1c  x6:ffffffc2 x17:ffffffc6
20463097ns          342139 1c00819e 00ef222b p.sw             x14, 4(x30!)        x30=100009f4 x14:00003828 x30:100009f0  PA:100009f0
20463117ns          342140 1c0081a2 004e8e93 addi             x29, x29, 4         x29=10000114 x29:10000110
20463157ns          342142 1c00817e 40af87b3 sub              x15, x31, x10       x15=00000020 x31:10000204 x10:100001e4
20463177ns          342143 1c008182 ffc78793 addi             x15, x15, -4        x15=0000001c x15:00000020
20463197ns          342144 1c008184 0027d793 srli             x15, x15, 0x2       x15=00000007 x15:0000001c
20463216ns          342145 1c008186 01d00833 add              x16, x0, x29        x16=10000114 x29:10000114
20463236ns          342146 1c008188 00a00633 add              x12, x0, x10        x12=100001e4 x10:100001e4
20463256ns          342147 1c00818a 00000713 addi             x14, x0, 0          x14=00000000
20463276ns          342148 1c00818c 00178793 addi             x15, x15, 1         x15=00000008 x15:00000007
20463296ns          342149 1c00818e 0067c0fb lp.setup         0x1, x15, 0x6       x15:00000008
20463316ns          342150 1c008192 0046230b p.lw             x6, 4(x12!)          x6=ffffffc9 x12=100001e8 x12:100001e4  PA:100001e4
20463336ns          342151 1c008196 2078788b p.lw             x17, x7(x16!)       x17=fffffffd x16=10000134  x7:00000020 x16:10000114  PA:10000114
20463376ns          342153 1c00819a 43130733 p.mac            x14, x6, x17        x14=000000a5 x14:00000000  x6:ffffffc9 x17:fffffffd
20463395ns          342154 1c008192 0046230b p.lw             x6, 4(x12!)          x6=ffffffc8 x12=100001ec x12:100001e8  PA:100001e8
20463415ns          342155 1c008196 2078788b p.lw             x17, x7(x16!)       x17=fffffff5 x16=10000154  x7:00000020 x16:10000134  PA:10000134
20463455ns          342157 1c00819a 43130733 p.mac            x14, x6, x17        x14=0000030d x14:000000a5  x6:ffffffc8 x17:fffffff5
20463475ns          342158 1c008192 0046230b p.lw             x6, 4(x12!)          x6=ffffffc7 x12=100001f0 x12:100001ec  PA:100001ec
20463495ns          342159 1c008196 2078788b p.lw             x17, x7(x16!)       x17=ffffffed x16=10000174  x7:00000020 x16:10000154  PA:10000154
20463535ns          342161 1c00819a 43130733 p.mac            x14, x6, x17        x14=00000748 x14:0000030d  x6:ffffffc7 x17:ffffffed
20463555ns          342162 1c008192 0046230b p.lw             x6, 4(x12!)          x6=ffffffc6 x12=100001f4 x12:100001f0  PA:100001f0
20463575ns          342163 1c008196 2078788b p.lw             x17, x7(x16!)       x17=ffffffe5 x16=10000194  x7:00000020 x16:10000174  PA:10000174
20463614ns          342165 1c00819a 43130733 p.mac            x14, x6, x17        x14=00000d66 x14:00000748  x6:ffffffc6 x17:ffffffe5
20463634ns          342166 1c008192 0046230b p.lw             x6, 4(x12!)          x6=ffffffc5 x12=100001f8 x12:100001f4  PA:100001f4
20463654ns          342167 1c008196 2078788b p.lw             x17, x7(x16!)       x17=ffffffdd x16=100001b4  x7:00000020 x16:10000194  PA:10000194
20463694ns          342169 1c00819a 43130733 p.mac            x14, x6, x17        x14=00001577 x14:00000d66  x6:ffffffc5 x17:ffffffdd
20463714ns          342170 1c008192 0046230b p.lw             x6, 4(x12!)          x6=ffffffc4 x12=100001fc x12:100001f8  PA:100001f8
20463734ns          342171 1c008196 2078788b p.lw             x17, x7(x16!)       x17=ffffffd5 x16=100001d4  x7:00000020 x16:100001b4  PA:100001b4
20463773ns          342173 1c00819a 43130733 p.mac            x14, x6, x17        x14=00001f8b x14:00001577  x6:ffffffc4 x17:ffffffd5
20463793ns          342174 1c008192 0046230b p.lw             x6, 4(x12!)          x6=ffffffc3 x12=10000200 x12:100001fc  PA:100001fc
20463813ns          342175 1c008196 2078788b p.lw             x17, x7(x16!)       x17=ffffffcd x16=100001f4  x7:00000020 x16:100001d4  PA:100001d4
20463853ns          342177 1c00819a 43130733 p.mac            x14, x6, x17        x14=00002bb2 x14:00001f8b  x6:ffffffc3 x17:ffffffcd
20463873ns          342178 1c008192 0046230b p.lw             x6, 4(x12!)          x6=ffffffc2 x12=10000204 x12:10000200  PA:10000200
20463893ns          342179 1c008196 2078788b p.lw             x17, x7(x16!)       x17=ffffffc5 x16=10000214  x7:00000020 x16:100001f4  PA:100001f4
20463933ns          342181 1c00819a 43130733 p.mac            x14, x6, x17        x14=000039fc x14:00002bb2  x6:ffffffc2 x17:ffffffc5
20463952ns          342182 1c00819e 00ef222b p.sw             x14, 4(x30!)        x30=100009f8 x14:000039fc x30:100009f4  PA:100009f4
20463972ns          342183 1c0081a2 004e8e93 addi             x29, x29, 4         x29=10000118 x29:10000114
20464012ns          342185 1c00817e 40af87b3 sub              x15, x31, x10       x15=00000020 x31:10000204 x10:100001e4
20464032ns          342186 1c008182 ffc78793 addi             x15, x15, -4        x15=0000001c x15:00000020
20464052ns          342187 1c008184 0027d793 srli             x15, x15, 0x2       x15=00000007 x15:0000001c
20464072ns          342188 1c008186 01d00833 add              x16, x0, x29        x16=10000118 x29:10000118
20464092ns          342189 1c008188 00a00633 add              x12, x0, x10        x12=100001e4 x10:100001e4
20464112ns          342190 1c00818a 00000713 addi             x14, x0, 0          x14=00000000
20464131ns          342191 1c00818c 00178793 addi             x15, x15, 1         x15=00000008 x15:00000007
20464151ns          342192 1c00818e 0067c0fb lp.setup         0x1, x15, 0x6       x15:00000008
20464171ns          342193 1c008192 0046230b p.lw             x6, 4(x12!)          x6=ffffffc9 x12=100001e8 x12:100001e4  PA:100001e4
20464191ns          342194 1c008196 2078788b p.lw             x17, x7(x16!)       x17=fffffffc x16=10000138  x7:00000020 x16:10000118  PA:10000118
20464231ns          342196 1c00819a 43130733 p.mac            x14, x6, x17        x14=000000dc x14:00000000  x6:ffffffc9 x17:fffffffc
20464251ns          342197 1c008192 0046230b p.lw             x6, 4(x12!)          x6=ffffffc8 x12=100001ec x12:100001e8  PA:100001e8
20464271ns          342198 1c008196 2078788b p.lw             x17, x7(x16!)       x17=fffffff4 x16=10000158  x7:00000020 x16:10000138  PA:10000138
20464310ns          342200 1c00819a 43130733 p.mac            x14, x6, x17        x14=0000037c x14:000000dc  x6:ffffffc8 x17:fffffff4
20464330ns          342201 1c008192 0046230b p.lw             x6, 4(x12!)          x6=ffffffc7 x12=100001f0 x12:100001ec  PA:100001ec
20464350ns          342202 1c008196 2078788b p.lw             x17, x7(x16!)       x17=ffffffec x16=10000178  x7:00000020 x16:10000158  PA:10000158
20464390ns          342204 1c00819a 43130733 p.mac            x14, x6, x17        x14=000007f0 x14:0000037c  x6:ffffffc7 x17:ffffffec
20464410ns          342205 1c008192 0046230b p.lw             x6, 4(x12!)          x6=ffffffc6 x12=100001f4 x12:100001f0  PA:100001f0
20464430ns          342206 1c008196 2078788b p.lw             x17, x7(x16!)       x17=ffffffe4 x16=10000198  x7:00000020 x16:10000178  PA:10000178
20464470ns          342208 1c00819a 43130733 p.mac            x14, x6, x17        x14=00000e48 x14:000007f0  x6:ffffffc6 x17:ffffffe4
20464489ns          342209 1c008192 0046230b p.lw             x6, 4(x12!)          x6=ffffffc5 x12=100001f8 x12:100001f4  PA:100001f4
20464509ns          342210 1c008196 2078788b p.lw             x17, x7(x16!)       x17=ffffffdc x16=100001b8  x7:00000020 x16:10000198  PA:10000198
20464549ns          342212 1c00819a 43130733 p.mac            x14, x6, x17        x14=00001694 x14:00000e48  x6:ffffffc5 x17:ffffffdc
20464569ns          342213 1c008192 0046230b p.lw             x6, 4(x12!)          x6=ffffffc4 x12=100001fc x12:100001f8  PA:100001f8
20464589ns          342214 1c008196 2078788b p.lw             x17, x7(x16!)       x17=ffffffd4 x16=100001d8  x7:00000020 x16:100001b8  PA:100001b8
20464629ns          342216 1c00819a 43130733 p.mac            x14, x6, x17        x14=000020e4 x14:00001694  x6:ffffffc4 x17:ffffffd4
20464649ns          342217 1c008192 0046230b p.lw             x6, 4(x12!)          x6=ffffffc3 x12=10000200 x12:100001fc  PA:100001fc
20464668ns          342218 1c008196 2078788b p.lw             x17, x7(x16!)       x17=ffffffcc x16=100001f8  x7:00000020 x16:100001d8  PA:100001d8
20464708ns          342220 1c00819a 43130733 p.mac            x14, x6, x17        x14=00002d48 x14:000020e4  x6:ffffffc3 x17:ffffffcc
20464728ns          342221 1c008192 0046230b p.lw             x6, 4(x12!)          x6=ffffffc2 x12=10000204 x12:10000200  PA:10000200
20464748ns          342222 1c008196 2078788b p.lw             x17, x7(x16!)       x17=ffffffc4 x16=10000218  x7:00000020 x16:100001f8  PA:100001f8
20464788ns          342224 1c00819a 43130733 p.mac            x14, x6, x17        x14=00003bd0 x14:00002d48  x6:ffffffc2 x17:ffffffc4
20464808ns          342225 1c00819e 00ef222b p.sw             x14, 4(x30!)        x30=100009fc x14:00003bd0 x30:100009f8  PA:100009f8
20464828ns          342226 1c0081a2 004e8e93 addi             x29, x29, 4         x29=1000011c x29:10000118
20464867ns          342228 1c00817e 40af87b3 sub              x15, x31, x10       x15=00000020 x31:10000204 x10:100001e4
20464887ns          342229 1c008182 ffc78793 addi             x15, x15, -4        x15=0000001c x15:00000020
20464907ns          342230 1c008184 0027d793 srli             x15, x15, 0x2       x15=00000007 x15:0000001c
20464927ns          342231 1c008186 01d00833 add              x16, x0, x29        x16=1000011c x29:1000011c
20464947ns          342232 1c008188 00a00633 add              x12, x0, x10        x12=100001e4 x10:100001e4
20464967ns          342233 1c00818a 00000713 addi             x14, x0, 0          x14=00000000
20464987ns          342234 1c00818c 00178793 addi             x15, x15, 1         x15=00000008 x15:00000007
20465007ns          342235 1c00818e 0067c0fb lp.setup         0x1, x15, 0x6       x15:00000008
20465027ns          342236 1c008192 0046230b p.lw             x6, 4(x12!)          x6=ffffffc9 x12=100001e8 x12:100001e4  PA:100001e4
20465046ns          342237 1c008196 2078788b p.lw             x17, x7(x16!)       x17=fffffffb x16=1000013c  x7:00000020 x16:1000011c  PA:1000011c
20465086ns          342239 1c00819a 43130733 p.mac            x14, x6, x17        x14=00000113 x14:00000000  x6:ffffffc9 x17:fffffffb
20465106ns          342240 1c008192 0046230b p.lw             x6, 4(x12!)          x6=ffffffc8 x12=100001ec x12:100001e8  PA:100001e8
20465126ns          342241 1c008196 2078788b p.lw             x17, x7(x16!)       x17=fffffff3 x16=1000015c  x7:00000020 x16:1000013c  PA:1000013c
20465166ns          342243 1c00819a 43130733 p.mac            x14, x6, x17        x14=000003eb x14:00000113  x6:ffffffc8 x17:fffffff3
20465186ns          342244 1c008192 0046230b p.lw             x6, 4(x12!)          x6=ffffffc7 x12=100001f0 x12:100001ec  PA:100001ec
20465206ns          342245 1c008196 2078788b p.lw             x17, x7(x16!)       x17=ffffffeb x16=1000017c  x7:00000020 x16:1000015c  PA:1000015c
20465245ns          342247 1c00819a 43130733 p.mac            x14, x6, x17        x14=00000898 x14:000003eb  x6:ffffffc7 x17:ffffffeb
20465265ns          342248 1c008192 0046230b p.lw             x6, 4(x12!)          x6=ffffffc6 x12=100001f4 x12:100001f0  PA:100001f0
20465285ns          342249 1c008196 2078788b p.lw             x17, x7(x16!)       x17=ffffffe3 x16=1000019c  x7:00000020 x16:1000017c  PA:1000017c
20465325ns          342251 1c00819a 43130733 p.mac            x14, x6, x17        x14=00000f2a x14:00000898  x6:ffffffc6 x17:ffffffe3
20465345ns          342252 1c008192 0046230b p.lw             x6, 4(x12!)          x6=ffffffc5 x12=100001f8 x12:100001f4  PA:100001f4
20465365ns          342253 1c008196 2078788b p.lw             x17, x7(x16!)       x17=ffffffdb x16=100001bc  x7:00000020 x16:1000019c  PA:1000019c
20465404ns          342255 1c00819a 43130733 p.mac            x14, x6, x17        x14=000017b1 x14:00000f2a  x6:ffffffc5 x17:ffffffdb
20465424ns          342256 1c008192 0046230b p.lw             x6, 4(x12!)          x6=ffffffc4 x12=100001fc x12:100001f8  PA:100001f8
20465444ns          342257 1c008196 2078788b p.lw             x17, x7(x16!)       x17=ffffffd3 x16=100001dc  x7:00000020 x16:100001bc  PA:100001bc
20465484ns          342259 1c00819a 43130733 p.mac            x14, x6, x17        x14=0000223d x14:000017b1  x6:ffffffc4 x17:ffffffd3
20465504ns          342260 1c008192 0046230b p.lw             x6, 4(x12!)          x6=ffffffc3 x12=10000200 x12:100001fc  PA:100001fc
20465524ns          342261 1c008196 2078788b p.lw             x17, x7(x16!)       x17=ffffffcb x16=100001fc  x7:00000020 x16:100001dc  PA:100001dc
20465564ns          342263 1c00819a 43130733 p.mac            x14, x6, x17        x14=00002ede x14:0000223d  x6:ffffffc3 x17:ffffffcb
20465583ns          342264 1c008192 0046230b p.lw             x6, 4(x12!)          x6=ffffffc2 x12=10000204 x12:10000200  PA:10000200
20465603ns          342265 1c008196 2078788b p.lw             x17, x7(x16!)       x17=ffffffc3 x16=1000021c  x7:00000020 x16:100001fc  PA:100001fc
20465643ns          342267 1c00819a 43130733 p.mac            x14, x6, x17        x14=00003da4 x14:00002ede  x6:ffffffc2 x17:ffffffc3
20465663ns          342268 1c00819e 00ef222b p.sw             x14, 4(x30!)        x30=10000a00 x14:00003da4 x30:100009fc  PA:100009fc
20465683ns          342269 1c0081a2 004e8e93 addi             x29, x29, 4         x29=10000120 x29:1000011c
20465723ns          342271 1c00817e 40af87b3 sub              x15, x31, x10       x15=00000020 x31:10000204 x10:100001e4
20465743ns          342272 1c008182 ffc78793 addi             x15, x15, -4        x15=0000001c x15:00000020
20465762ns          342273 1c008184 0027d793 srli             x15, x15, 0x2       x15=00000007 x15:0000001c
20465782ns          342274 1c008186 01d00833 add              x16, x0, x29        x16=10000120 x29:10000120
20465802ns          342275 1c008188 00a00633 add              x12, x0, x10        x12=100001e4 x10:100001e4
20465822ns          342276 1c00818a 00000713 addi             x14, x0, 0          x14=00000000
20465842ns          342277 1c00818c 00178793 addi             x15, x15, 1         x15=00000008 x15:00000007
20465862ns          342278 1c00818e 0067c0fb lp.setup         0x1, x15, 0x6       x15:00000008
20465882ns          342279 1c008192 0046230b p.lw             x6, 4(x12!)          x6=ffffffc9 x12=100001e8 x12:100001e4  PA:100001e4
20465902ns          342280 1c008196 2078788b p.lw             x17, x7(x16!)       x17=fffffffa x16=10000140  x7:00000020 x16:10000120  PA:10000120
20465942ns          342282 1c00819a 43130733 p.mac            x14, x6, x17        x14=0000014a x14:00000000  x6:ffffffc9 x17:fffffffa
20465961ns          342283 1c008192 0046230b p.lw             x6, 4(x12!)          x6=ffffffc8 x12=100001ec x12:100001e8  PA:100001e8
20465981ns          342284 1c008196 2078788b p.lw             x17, x7(x16!)       x17=fffffff2 x16=10000160  x7:00000020 x16:10000140  PA:10000140
20466021ns          342286 1c00819a 43130733 p.mac            x14, x6, x17        x14=0000045a x14:0000014a  x6:ffffffc8 x17:fffffff2
20466041ns          342287 1c008192 0046230b p.lw             x6, 4(x12!)          x6=ffffffc7 x12=100001f0 x12:100001ec  PA:100001ec
20466061ns          342288 1c008196 2078788b p.lw             x17, x7(x16!)       x17=ffffffea x16=10000180  x7:00000020 x16:10000160  PA:10000160
20466101ns          342290 1c00819a 43130733 p.mac            x14, x6, x17        x14=00000940 x14:0000045a  x6:ffffffc7 x17:ffffffea
20466121ns          342291 1c008192 0046230b p.lw             x6, 4(x12!)          x6=ffffffc6 x12=100001f4 x12:100001f0  PA:100001f0
20466140ns          342292 1c008196 2078788b p.lw             x17, x7(x16!)       x17=ffffffe2 x16=100001a0  x7:00000020 x16:10000180  PA:10000180
20466180ns          342294 1c00819a 43130733 p.mac            x14, x6, x17        x14=0000100c x14:00000940  x6:ffffffc6 x17:ffffffe2
20466200ns          342295 1c008192 0046230b p.lw             x6, 4(x12!)          x6=ffffffc5 x12=100001f8 x12:100001f4  PA:100001f4
20466220ns          342296 1c008196 2078788b p.lw             x17, x7(x16!)       x17=ffffffda x16=100001c0  x7:00000020 x16:100001a0  PA:100001a0
20466260ns          342298 1c00819a 43130733 p.mac            x14, x6, x17        x14=000018ce x14:0000100c  x6:ffffffc5 x17:ffffffda
20466280ns          342299 1c008192 0046230b p.lw             x6, 4(x12!)          x6=ffffffc4 x12=100001fc x12:100001f8  PA:100001f8
20466300ns          342300 1c008196 2078788b p.lw             x17, x7(x16!)       x17=ffffffd2 x16=100001e0  x7:00000020 x16:100001c0  PA:100001c0
20466339ns          342302 1c00819a 43130733 p.mac            x14, x6, x17        x14=00002396 x14:000018ce  x6:ffffffc4 x17:ffffffd2
20466359ns          342303 1c008192 0046230b p.lw             x6, 4(x12!)          x6=ffffffc3 x12=10000200 x12:100001fc  PA:100001fc
20466379ns          342304 1c008196 2078788b p.lw             x17, x7(x16!)       x17=ffffffca x16=10000200  x7:00000020 x16:100001e0  PA:100001e0
20466419ns          342306 1c00819a 43130733 p.mac            x14, x6, x17        x14=00003074 x14:00002396  x6:ffffffc3 x17:ffffffca
20466439ns          342307 1c008192 0046230b p.lw             x6, 4(x12!)          x6=ffffffc2 x12=10000204 x12:10000200  PA:10000200
20466479ns          342309 1c008196 2078788b p.lw             x17, x7(x16!)       x17=ffffffc2 x16=10000220  x7:00000020 x16:10000200  PA:10000200
20466518ns          342311 1c00819a 43130733 p.mac            x14, x6, x17        x14=00003f78 x14:00003074  x6:ffffffc2 x17:ffffffc2
20466538ns          342312 1c00819e 00ef222b p.sw             x14, 4(x30!)        x30=10000a04 x14:00003f78 x30:10000a00  PA:10000a00
20466558ns          342313 1c0081a2 004e8e93 addi             x29, x29, 4         x29=10000124 x29:10000120
20466578ns          342314 1c0081a4 00128293 addi             x5, x5, 1            x5=00000008  x5:00000007
20466598ns          342315 1c0081a6 00750533 add              x10, x10, x7        x10=10000204 x10:100001e4  x7:00000020
20466618ns          342316 1c0081a8 007f8fb3 add              x31, x31, x7        x31=10000224 x31:10000204  x7:00000020
20466638ns          342317 1c0081aa fa569fe3 bne              x13, x5, -66        x13:00000008  x5:00000008
20466658ns          342318 1c0081ae 00c12403 lw               x8, 12(x2)           x8=10000004  x2:10002f88  PA:10002f94
20466677ns          342319 1c0081b0 00812483 lw               x9, 8(x2)            x9=10001000  x2:10002f88  PA:10002f90
20466697ns          342320 1c0081b2 01010113 addi             x2, x2, 16           x2=10002f98  x2:10002f88
20466717ns          342321 1c0081b4 00008067 jalr             x0, x1, 0            x1:1c009cb4
20466757ns          342323 1c009cb4 0f7010ef jal              x1, 6390             x1=1c009cb8
20466876ns          342329 1c00b5aa f14027f3 csrrs            x15, x0, 0xf14      x15=00000003
20466896ns          342330 1c00b5ae 01f00713 addi             x14, x0, 31         x14=0000001f
20466936ns          342332 1c00b5b0 ca5797b3 p.extractu       x15, x15, 5, 5      x15=00000000 x15:00000003
20466976ns          342334 1c00b5b4 00e78863 beq              x15, x14, 16        x15:00000000 x14:0000001f
20466996ns          342335 1c00b5b8 002047b7 lui              x15, 0x204000       x15=00204000
20467016ns          342336 1c00b5bc 20078793 addi             x15, x15, 512       x15=00204200 x15:00204000
20467075ns          342339 1c00b5c0 01c7e703 p.elw            x14, 28(x15)        x14=00010000 x15:00204200  PA:0020421c
20467195ns          342345 1c00b5c4 00008067 jalr             x0, x1, 0            x1:1c009cb8
20467254ns          342348 1c009cb8 100006b7 lui              x13, 0x10000000     x13=10000000
20467274ns          342349 1c009cbc 00468413 addi             x8, x13, 4           x8=10000004 x13:10000000
20467931ns          342382 1c009cc0 20040a13 addi             x20, x8, 512        x20=10000204  x8:10000004
20467970ns          342384 1c009cc4 00448493 addi             x9, x9, 4            x9=10001004  x9:10001000
20467990ns          342385 1c009cc8 b0048613 addi             x12, x9, -1280      x12=10000b04  x9:10001004
20468010ns          342386 1c009ccc 014005b3 add              x11, x0, x20        x11=10000204 x20:10000204
20468448ns          342408 1c009cce 40040513 addi             x10, x8, 1024       x10=10000404  x8:10000004
20468468ns          342409 1c009cd2 00000713 addi             x14, x0, 0          x14=00000000
20468488ns          342410 1c009cd4 00800693 addi             x13, x0, 8          x13=00000008
20468507ns          342411 1c009cd6 c68fe0ef jal              x1, -7064            x1=1c009cda
20468587ns          342415 1c00813e 06068c63 beq              x13, x0, 120        x13:00000008
20468627ns          342417 1c008140 ff010113 addi             x2, x2, -16          x2=10002f88  x2:10002f98
20468647ns          342418 1c008142 00269393 slli             x7, x13, 0x2         x7=00000020 x13:00000008
20468667ns          342419 1c008146 00812623 sw               x8, 12(x2)           x8:10000004  x2:10002f88  PA:10002f94
20468686ns          342420 1c008148 00271793 slli             x15, x14, 0x2       x15=00000000 x14:00000000
20468706ns          342421 1c00814c 40a60433 sub              x8, x12, x10         x8=00000700 x12:10000b04 x10:10000404
20468726ns          342422 1c008150 02d787b3 mul              x15, x15, x13       x15=00000000 x15:00000000 x13:00000008
20468746ns          342423 1c008154 40740433 sub              x8, x8, x7           x8=000006e0  x8:00000700  x7:00000020
20468766ns          342424 1c008158 00912423 sw               x9, 8(x2)            x9:10001004  x2:10002f88  PA:10002f90
20468786ns          342425 1c00815a 00750fb3 add              x31, x10, x7        x31=10000424 x10:10000404  x7:00000020
20468806ns          342426 1c00815e 42d78433 p.mac            x8, x15, x13         x8=000006e0  x8:000006e0 x15:00000000 x13:00000008
20468826ns          342427 1c008162 007584b3 add              x9, x11, x7          x9=10000224 x11:10000204  x7:00000020
20468846ns          342428 1c008166 00000293 addi             x5, x0, 0            x5=00000000
20468865ns          342429 1c008168 40b48e33 sub              x28, x9, x11        x28=00000020  x9:10000224 x11:10000204
20468885ns          342430 1c00816c ffce0e13 addi             x28, x28, -4        x28=0000001c x28:00000020
20468905ns          342431 1c00816e 002e5e13 srli             x28, x28, 0x2       x28=00000007 x28:0000001c
20468925ns          342432 1c008172 008f8f33 add              x30, x31, x8        x30=10000b04 x31:10000424  x8:000006e0
20468945ns          342433 1c008176 00b00eb3 add              x29, x0, x11        x29=10000204 x11:10000204
20468965ns          342434 1c008178 001e0e13 addi             x28, x28, 1         x28=00000008 x28:00000007
20468985ns          342435 1c00817a 014e407b lp.setup         0x0, x28, 0x14      x28:00000008
20469005ns          342436 1c00817e 40af87b3 sub              x15, x31, x10       x15=00000020 x31:10000424 x10:10000404
20469025ns          342437 1c008182 ffc78793 addi             x15, x15, -4        x15=0000001c x15:00000020
20469044ns          342438 1c008184 0027d793 srli             x15, x15, 0x2       x15=00000007 x15:0000001c
20469064ns          342439 1c008186 01d00833 add              x16, x0, x29        x16=10000204 x29:10000204
20469084ns          342440 1c008188 00a00633 add              x12, x0, x10        x12=10000404 x10:10000404
20469104ns          342441 1c00818a 00000713 addi             x14, x0, 0          x14=00000000
20469124ns          342442 1c00818c 00178793 addi             x15, x15, 1         x15=00000008 x15:00000007
20469144ns          342443 1c00818e 0067c0fb lp.setup         0x1, x15, 0x6       x15:00000008
20469164ns          342444 1c008192 0046230b p.lw             x6, 4(x12!)          x6=00000032 x12=10000408 x12:10000404  PA:10000404
20469184ns          342445 1c008196 2078788b p.lw             x17, x7(x16!)       x17=00000009 x16=10000224  x7:00000020 x16:10000204  PA:10000204
20469223ns          342447 1c00819a 43130733 p.mac            x14, x6, x17        x14=000001c2 x14:00000000  x6:00000032 x17:00000009
20469243ns          342448 1c008192 0046230b p.lw             x6, 4(x12!)          x6=00000030 x12=1000040c x12:10000408  PA:10000408
20469263ns          342449 1c008196 2078788b p.lw             x17, x7(x16!)       x17=00000001 x16=10000244  x7:00000020 x16:10000224  PA:10000224
20469303ns          342451 1c00819a 43130733 p.mac            x14, x6, x17        x14=000001f2 x14:000001c2  x6:00000030 x17:00000001
20469323ns          342452 1c008192 0046230b p.lw             x6, 4(x12!)          x6=0000002e x12=10000410 x12:1000040c  PA:1000040c
20469343ns          342453 1c008196 2078788b p.lw             x17, x7(x16!)       x17=fffffff9 x16=10000264  x7:00000020 x16:10000244  PA:10000244
20469383ns          342455 1c00819a 43130733 p.mac            x14, x6, x17        x14=000000b0 x14:000001f2  x6:0000002e x17:fffffff9
20469402ns          342456 1c008192 0046230b p.lw             x6, 4(x12!)          x6=0000002c x12=10000414 x12:10000410  PA:10000410
20469422ns          342457 1c008196 2078788b p.lw             x17, x7(x16!)       x17=fffffff1 x16=10000284  x7:00000020 x16:10000264  PA:10000264
20469462ns          342459 1c00819a 43130733 p.mac            x14, x6, x17        x14=fffffe1c x14:000000b0  x6:0000002c x17:fffffff1
20469482ns          342460 1c008192 0046230b p.lw             x6, 4(x12!)          x6=0000002a x12=10000418 x12:10000414  PA:10000414
20469502ns          342461 1c008196 2078788b p.lw             x17, x7(x16!)       x17=ffffffe9 x16=100002a4  x7:00000020 x16:10000284  PA:10000284
20469542ns          342463 1c00819a 43130733 p.mac            x14, x6, x17        x14=fffffa56 x14:fffffe1c  x6:0000002a x17:ffffffe9
20469562ns          342464 1c008192 0046230b p.lw             x6, 4(x12!)          x6=00000028 x12=1000041c x12:10000418  PA:10000418
20469582ns          342465 1c008196 2078788b p.lw             x17, x7(x16!)       x17=ffffffe1 x16=100002c4  x7:00000020 x16:100002a4  PA:100002a4
20469621ns          342467 1c00819a 43130733 p.mac            x14, x6, x17        x14=fffff57e x14:fffffa56  x6:00000028 x17:ffffffe1
20469641ns          342468 1c008192 0046230b p.lw             x6, 4(x12!)          x6=00000026 x12=10000420 x12:1000041c  PA:1000041c
20469661ns          342469 1c008196 2078788b p.lw             x17, x7(x16!)       x17=ffffffd9 x16=100002e4  x7:00000020 x16:100002c4  PA:100002c4
20469701ns          342471 1c00819a 43130733 p.mac            x14, x6, x17        x14=ffffefb4 x14:fffff57e  x6:00000026 x17:ffffffd9
20469721ns          342472 1c008192 0046230b p.lw             x6, 4(x12!)          x6=00000024 x12=10000424 x12:10000420  PA:10000420
20469741ns          342473 1c008196 2078788b p.lw             x17, x7(x16!)       x17=ffffffd1 x16=10000304  x7:00000020 x16:100002e4  PA:100002e4
20469780ns          342475 1c00819a 43130733 p.mac            x14, x6, x17        x14=ffffe918 x14:ffffefb4  x6:00000024 x17:ffffffd1
20469800ns          342476 1c00819e 00ef222b p.sw             x14, 4(x30!)        x30=10000b08 x14:ffffe918 x30:10000b04  PA:10000b04
20469820ns          342477 1c0081a2 004e8e93 addi             x29, x29, 4         x29=10000208 x29:10000204
20469860ns          342479 1c00817e 40af87b3 sub              x15, x31, x10       x15=00000020 x31:10000424 x10:10000404
20469880ns          342480 1c008182 ffc78793 addi             x15, x15, -4        x15=0000001c x15:00000020
20469900ns          342481 1c008184 0027d793 srli             x15, x15, 0x2       x15=00000007 x15:0000001c
20469920ns          342482 1c008186 01d00833 add              x16, x0, x29        x16=10000208 x29:10000208
20469940ns          342483 1c008188 00a00633 add              x12, x0, x10        x12=10000404 x10:10000404
20469959ns          342484 1c00818a 00000713 addi             x14, x0, 0          x14=00000000
20469979ns          342485 1c00818c 00178793 addi             x15, x15, 1         x15=00000008 x15:00000007
20469999ns          342486 1c00818e 0067c0fb lp.setup         0x1, x15, 0x6       x15:00000008
20470019ns          342487 1c008192 0046230b p.lw             x6, 4(x12!)          x6=00000032 x12=10000408 x12:10000404  PA:10000404
20470039ns          342488 1c008196 2078788b p.lw             x17, x7(x16!)       x17=00000008 x16=10000228  x7:00000020 x16:10000208  PA:10000208
20470079ns          342490 1c00819a 43130733 p.mac            x14, x6, x17        x14=00000190 x14:00000000  x6:00000032 x17:00000008
20470099ns          342491 1c008192 0046230b p.lw             x6, 4(x12!)          x6=00000030 x12=1000040c x12:10000408  PA:10000408
20470119ns          342492 1c008196 2078788b p.lw             x17, x7(x16!)       x17=00000000 x16=10000248  x7:00000020 x16:10000228  PA:10000228
20470158ns          342494 1c00819a 43130733 p.mac            x14, x6, x17        x14=00000190 x14:00000190  x6:00000030 x17:00000000
20470178ns          342495 1c008192 0046230b p.lw             x6, 4(x12!)          x6=0000002e x12=10000410 x12:1000040c  PA:1000040c
20470198ns          342496 1c008196 2078788b p.lw             x17, x7(x16!)       x17=fffffff8 x16=10000268  x7:00000020 x16:10000248  PA:10000248
20470238ns          342498 1c00819a 43130733 p.mac            x14, x6, x17        x14=00000020 x14:00000190  x6:0000002e x17:fffffff8
20470258ns          342499 1c008192 0046230b p.lw             x6, 4(x12!)          x6=0000002c x12=10000414 x12:10000410  PA:10000410
20470278ns          342500 1c008196 2078788b p.lw             x17, x7(x16!)       x17=fffffff0 x16=10000288  x7:00000020 x16:10000268  PA:10000268
20470317ns          342502 1c00819a 43130733 p.mac            x14, x6, x17        x14=fffffd60 x14:00000020  x6:0000002c x17:fffffff0
20470337ns          342503 1c008192 0046230b p.lw             x6, 4(x12!)          x6=0000002a x12=10000418 x12:10000414  PA:10000414
20470357ns          342504 1c008196 2078788b p.lw             x17, x7(x16!)       x17=ffffffe8 x16=100002a8  x7:00000020 x16:10000288  PA:10000288
20470397ns          342506 1c00819a 43130733 p.mac            x14, x6, x17        x14=fffff970 x14:fffffd60  x6:0000002a x17:ffffffe8
20470417ns          342507 1c008192 0046230b p.lw             x6, 4(x12!)          x6=00000028 x12=1000041c x12:10000418  PA:10000418
20470437ns          342508 1c008196 2078788b p.lw             x17, x7(x16!)       x17=ffffffe0 x16=100002c8  x7:00000020 x16:100002a8  PA:100002a8
20470477ns          342510 1c00819a 43130733 p.mac            x14, x6, x17        x14=fffff470 x14:fffff970  x6:00000028 x17:ffffffe0
20470496ns          342511 1c008192 0046230b p.lw             x6, 4(x12!)          x6=00000026 x12=10000420 x12:1000041c  PA:1000041c
20470516ns          342512 1c008196 2078788b p.lw             x17, x7(x16!)       x17=ffffffd8 x16=100002e8  x7:00000020 x16:100002c8  PA:100002c8
20470556ns          342514 1c00819a 43130733 p.mac            x14, x6, x17        x14=ffffee80 x14:fffff470  x6:00000026 x17:ffffffd8
20470576ns          342515 1c008192 0046230b p.lw             x6, 4(x12!)          x6=00000024 x12=10000424 x12:10000420  PA:10000420
20470596ns          342516 1c008196 2078788b p.lw             x17, x7(x16!)       x17=ffffffd0 x16=10000308  x7:00000020 x16:100002e8  PA:100002e8
20470636ns          342518 1c00819a 43130733 p.mac            x14, x6, x17        x14=ffffe7c0 x14:ffffee80  x6:00000024 x17:ffffffd0
20470656ns          342519 1c00819e 00ef222b p.sw             x14, 4(x30!)        x30=10000b0c x14:ffffe7c0 x30:10000b08  PA:10000b08
20470676ns          342520 1c0081a2 004e8e93 addi             x29, x29, 4         x29=1000020c x29:10000208
20470715ns          342522 1c00817e 40af87b3 sub              x15, x31, x10       x15=00000020 x31:10000424 x10:10000404
20470735ns          342523 1c008182 ffc78793 addi             x15, x15, -4        x15=0000001c x15:00000020
20470755ns          342524 1c008184 0027d793 srli             x15, x15, 0x2       x15=00000007 x15:0000001c
20470775ns          342525 1c008186 01d00833 add              x16, x0, x29        x16=1000020c x29:1000020c
20470795ns          342526 1c008188 00a00633 add              x12, x0, x10        x12=10000404 x10:10000404
20470815ns          342527 1c00818a 00000713 addi             x14, x0, 0          x14=00000000
20470835ns          342528 1c00818c 00178793 addi             x15, x15, 1         x15=00000008 x15:00000007
20470855ns          342529 1c00818e 0067c0fb lp.setup         0x1, x15, 0x6       x15:00000008
20470874ns          342530 1c008192 0046230b p.lw             x6, 4(x12!)          x6=00000032 x12=10000408 x12:10000404  PA:10000404
20470894ns          342531 1c008196 2078788b p.lw             x17, x7(x16!)       x17=00000007 x16=1000022c  x7:00000020 x16:1000020c  PA:1000020c
20470934ns          342533 1c00819a 43130733 p.mac            x14, x6, x17        x14=0000015e x14:00000000  x6:00000032 x17:00000007
20470954ns          342534 1c008192 0046230b p.lw             x6, 4(x12!)          x6=00000030 x12=1000040c x12:10000408  PA:10000408
20470974ns          342535 1c008196 2078788b p.lw             x17, x7(x16!)       x17=ffffffff x16=1000024c  x7:00000020 x16:1000022c  PA:1000022c
20471014ns          342537 1c00819a 43130733 p.mac            x14, x6, x17        x14=0000012e x14:0000015e  x6:00000030 x17:ffffffff
20471034ns          342538 1c008192 0046230b p.lw             x6, 4(x12!)          x6=0000002e x12=10000410 x12:1000040c  PA:1000040c
20471053ns          342539 1c008196 2078788b p.lw             x17, x7(x16!)       x17=fffffff7 x16=1000026c  x7:00000020 x16:1000024c  PA:1000024c
20471113ns          342542 1c00819a 43130733 p.mac            x14, x6, x17        x14=ffffff90 x14:0000012e  x6:0000002e x17:fffffff7
20471133ns          342543 1c008192 0046230b p.lw             x6, 4(x12!)          x6=0000002c x12=10000414 x12:10000410  PA:10000410
20471153ns          342544 1c008196 2078788b p.lw             x17, x7(x16!)       x17=ffffffef x16=1000028c  x7:00000020 x16:1000026c  PA:1000026c
20471193ns          342546 1c00819a 43130733 p.mac            x14, x6, x17        x14=fffffca4 x14:ffffff90  x6:0000002c x17:ffffffef
20471213ns          342547 1c008192 0046230b p.lw             x6, 4(x12!)          x6=0000002a x12=10000418 x12:10000414  PA:10000414
20471232ns          342548 1c008196 2078788b p.lw             x17, x7(x16!)       x17=ffffffe7 x16=100002ac  x7:00000020 x16:1000028c  PA:1000028c
20471272ns          342550 1c00819a 43130733 p.mac            x14, x6, x17        x14=fffff88a x14:fffffca4  x6:0000002a x17:ffffffe7
20471292ns          342551 1c008192 0046230b p.lw             x6, 4(x12!)          x6=00000028 x12=1000041c x12:10000418  PA:10000418
20471312ns          342552 1c008196 2078788b p.lw             x17, x7(x16!)       x17=ffffffdf x16=100002cc  x7:00000020 x16:100002ac  PA:100002ac
20471352ns          342554 1c00819a 43130733 p.mac            x14, x6, x17        x14=fffff362 x14:fffff88a  x6:00000028 x17:ffffffdf
20471372ns          342555 1c008192 0046230b p.lw             x6, 4(x12!)          x6=00000026 x12=10000420 x12:1000041c  PA:1000041c
20471392ns          342556 1c008196 2078788b p.lw             x17, x7(x16!)       x17=ffffffd7 x16=100002ec  x7:00000020 x16:100002cc  PA:100002cc
20471431ns          342558 1c00819a 43130733 p.mac            x14, x6, x17        x14=ffffed4c x14:fffff362  x6:00000026 x17:ffffffd7
20471451ns          342559 1c008192 0046230b p.lw             x6, 4(x12!)          x6=00000024 x12=10000424 x12:10000420  PA:10000420
20471471ns          342560 1c008196 2078788b p.lw             x17, x7(x16!)       x17=ffffffcf x16=1000030c  x7:00000020 x16:100002ec  PA:100002ec
20471511ns          342562 1c00819a 43130733 p.mac            x14, x6, x17        x14=ffffe668 x14:ffffed4c  x6:00000024 x17:ffffffcf
20471531ns          342563 1c00819e 00ef222b p.sw             x14, 4(x30!)        x30=10000b10 x14:ffffe668 x30:10000b0c  PA:10000b0c
20471551ns          342564 1c0081a2 004e8e93 addi             x29, x29, 4         x29=10000210 x29:1000020c
20471590ns          342566 1c00817e 40af87b3 sub              x15, x31, x10       x15=00000020 x31:10000424 x10:10000404
20471610ns          342567 1c008182 ffc78793 addi             x15, x15, -4        x15=0000001c x15:00000020
20471630ns          342568 1c008184 0027d793 srli             x15, x15, 0x2       x15=00000007 x15:0000001c
20471650ns          342569 1c008186 01d00833 add              x16, x0, x29        x16=10000210 x29:10000210
20471670ns          342570 1c008188 00a00633 add              x12, x0, x10        x12=10000404 x10:10000404
20471690ns          342571 1c00818a 00000713 addi             x14, x0, 0          x14=00000000
20471710ns          342572 1c00818c 00178793 addi             x15, x15, 1         x15=00000008 x15:00000007
20471730ns          342573 1c00818e 0067c0fb lp.setup         0x1, x15, 0x6       x15:00000008
20471750ns          342574 1c008192 0046230b p.lw             x6, 4(x12!)          x6=00000032 x12=10000408 x12:10000404  PA:10000404
20471769ns          342575 1c008196 2078788b p.lw             x17, x7(x16!)       x17=00000006 x16=10000230  x7:00000020 x16:10000210  PA:10000210
20471829ns          342578 1c00819a 43130733 p.mac            x14, x6, x17        x14=0000012c x14:00000000  x6:00000032 x17:00000006
20471849ns          342579 1c008192 0046230b p.lw             x6, 4(x12!)          x6=00000030 x12=1000040c x12:10000408  PA:10000408
20471869ns          342580 1c008196 2078788b p.lw             x17, x7(x16!)       x17=fffffffe x16=10000250  x7:00000020 x16:10000230  PA:10000230
20471909ns          342582 1c00819a 43130733 p.mac            x14, x6, x17        x14=000000cc x14:0000012c  x6:00000030 x17:fffffffe
20471929ns          342583 1c008192 0046230b p.lw             x6, 4(x12!)          x6=0000002e x12=10000410 x12:1000040c  PA:1000040c
20471949ns          342584 1c008196 2078788b p.lw             x17, x7(x16!)       x17=fffffff6 x16=10000270  x7:00000020 x16:10000250  PA:10000250
20471988ns          342586 1c00819a 43130733 p.mac            x14, x6, x17        x14=ffffff00 x14:000000cc  x6:0000002e x17:fffffff6
20472008ns          342587 1c008192 0046230b p.lw             x6, 4(x12!)          x6=0000002c x12=10000414 x12:10000410  PA:10000410
20472028ns          342588 1c008196 2078788b p.lw             x17, x7(x16!)       x17=ffffffee x16=10000290  x7:00000020 x16:10000270  PA:10000270
20472068ns          342590 1c00819a 43130733 p.mac            x14, x6, x17        x14=fffffbe8 x14:ffffff00  x6:0000002c x17:ffffffee
20472088ns          342591 1c008192 0046230b p.lw             x6, 4(x12!)          x6=0000002a x12=10000418 x12:10000414  PA:10000414
20472108ns          342592 1c008196 2078788b p.lw             x17, x7(x16!)       x17=ffffffe6 x16=100002b0  x7:00000020 x16:10000290  PA:10000290
20472147ns          342594 1c00819a 43130733 p.mac            x14, x6, x17        x14=fffff7a4 x14:fffffbe8  x6:0000002a x17:ffffffe6
20472167ns          342595 1c008192 0046230b p.lw             x6, 4(x12!)          x6=00000028 x12=1000041c x12:10000418  PA:10000418
20472187ns          342596 1c008196 2078788b p.lw             x17, x7(x16!)       x17=ffffffde x16=100002d0  x7:00000020 x16:100002b0  PA:100002b0
20472227ns          342598 1c00819a 43130733 p.mac            x14, x6, x17        x14=fffff254 x14:fffff7a4  x6:00000028 x17:ffffffde
20472247ns          342599 1c008192 0046230b p.lw             x6, 4(x12!)          x6=00000026 x12=10000420 x12:1000041c  PA:1000041c
20472267ns          342600 1c008196 2078788b p.lw             x17, x7(x16!)       x17=ffffffd6 x16=100002f0  x7:00000020 x16:100002d0  PA:100002d0
20472307ns          342602 1c00819a 43130733 p.mac            x14, x6, x17        x14=ffffec18 x14:fffff254  x6:00000026 x17:ffffffd6
20472326ns          342603 1c008192 0046230b p.lw             x6, 4(x12!)          x6=00000024 x12=10000424 x12:10000420  PA:10000420
20472346ns          342604 1c008196 2078788b p.lw             x17, x7(x16!)       x17=ffffffce x16=10000310  x7:00000020 x16:100002f0  PA:100002f0
20472386ns          342606 1c00819a 43130733 p.mac            x14, x6, x17        x14=ffffe510 x14:ffffec18  x6:00000024 x17:ffffffce
20472406ns          342607 1c00819e 00ef222b p.sw             x14, 4(x30!)        x30=10000b14 x14:ffffe510 x30:10000b10  PA:10000b10
20472426ns          342608 1c0081a2 004e8e93 addi             x29, x29, 4         x29=10000214 x29:10000210
20472466ns          342610 1c00817e 40af87b3 sub              x15, x31, x10       x15=00000020 x31:10000424 x10:10000404
20472486ns          342611 1c008182 ffc78793 addi             x15, x15, -4        x15=0000001c x15:00000020
20472505ns          342612 1c008184 0027d793 srli             x15, x15, 0x2       x15=00000007 x15:0000001c
20472525ns          342613 1c008186 01d00833 add              x16, x0, x29        x16=10000214 x29:10000214
20472545ns          342614 1c008188 00a00633 add              x12, x0, x10        x12=10000404 x10:10000404
20472565ns          342615 1c00818a 00000713 addi             x14, x0, 0          x14=00000000
20472585ns          342616 1c00818c 00178793 addi             x15, x15, 1         x15=00000008 x15:00000007
20472605ns          342617 1c00818e 0067c0fb lp.setup         0x1, x15, 0x6       x15:00000008
20472625ns          342618 1c008192 0046230b p.lw             x6, 4(x12!)          x6=00000032 x12=10000408 x12:10000404  PA:10000404
20472645ns          342619 1c008196 2078788b p.lw             x17, x7(x16!)       x17=00000005 x16=10000234  x7:00000020 x16:10000214  PA:10000214
20472684ns          342621 1c00819a 43130733 p.mac            x14, x6, x17        x14=000000fa x14:00000000  x6:00000032 x17:00000005
20472704ns          342622 1c008192 0046230b p.lw             x6, 4(x12!)          x6=00000030 x12=1000040c x12:10000408  PA:10000408
20472724ns          342623 1c008196 2078788b p.lw             x17, x7(x16!)       x17=fffffffd x16=10000254  x7:00000020 x16:10000234  PA:10000234
20472764ns          342625 1c00819a 43130733 p.mac            x14, x6, x17        x14=0000006a x14:000000fa  x6:00000030 x17:fffffffd
20472784ns          342626 1c008192 0046230b p.lw             x6, 4(x12!)          x6=0000002e x12=10000410 x12:1000040c  PA:1000040c
20472804ns          342627 1c008196 2078788b p.lw             x17, x7(x16!)       x17=fffffff5 x16=10000274  x7:00000020 x16:10000254  PA:10000254
20472844ns          342629 1c00819a 43130733 p.mac            x14, x6, x17        x14=fffffe70 x14:0000006a  x6:0000002e x17:fffffff5
20472863ns          342630 1c008192 0046230b p.lw             x6, 4(x12!)          x6=0000002c x12=10000414 x12:10000410  PA:10000410
20472883ns          342631 1c008196 2078788b p.lw             x17, x7(x16!)       x17=ffffffed x16=10000294  x7:00000020 x16:10000274  PA:10000274
20472923ns          342633 1c00819a 43130733 p.mac            x14, x6, x17        x14=fffffb2c x14:fffffe70  x6:0000002c x17:ffffffed
20472943ns          342634 1c008192 0046230b p.lw             x6, 4(x12!)          x6=0000002a x12=10000418 x12:10000414  PA:10000414
20472963ns          342635 1c008196 2078788b p.lw             x17, x7(x16!)       x17=ffffffe5 x16=100002b4  x7:00000020 x16:10000294  PA:10000294
20473003ns          342637 1c00819a 43130733 p.mac            x14, x6, x17        x14=fffff6be x14:fffffb2c  x6:0000002a x17:ffffffe5
20473023ns          342638 1c008192 0046230b p.lw             x6, 4(x12!)          x6=00000028 x12=1000041c x12:10000418  PA:10000418
20473043ns          342639 1c008196 2078788b p.lw             x17, x7(x16!)       x17=ffffffdd x16=100002d4  x7:00000020 x16:100002b4  PA:100002b4
20473082ns          342641 1c00819a 43130733 p.mac            x14, x6, x17        x14=fffff146 x14:fffff6be  x6:00000028 x17:ffffffdd
20473102ns          342642 1c008192 0046230b p.lw             x6, 4(x12!)          x6=00000026 x12=10000420 x12:1000041c  PA:1000041c
20473122ns          342643 1c008196 2078788b p.lw             x17, x7(x16!)       x17=ffffffd5 x16=100002f4  x7:00000020 x16:100002d4  PA:100002d4
20473162ns          342645 1c00819a 43130733 p.mac            x14, x6, x17        x14=ffffeae4 x14:fffff146  x6:00000026 x17:ffffffd5
20473182ns          342646 1c008192 0046230b p.lw             x6, 4(x12!)          x6=00000024 x12=10000424 x12:10000420  PA:10000420
20473202ns          342647 1c008196 2078788b p.lw             x17, x7(x16!)       x17=ffffffcd x16=10000314  x7:00000020 x16:100002f4  PA:100002f4
20473241ns          342649 1c00819a 43130733 p.mac            x14, x6, x17        x14=ffffe3b8 x14:ffffeae4  x6:00000024 x17:ffffffcd
20473261ns          342650 1c00819e 00ef222b p.sw             x14, 4(x30!)        x30=10000b18 x14:ffffe3b8 x30:10000b14  PA:10000b14
20473281ns          342651 1c0081a2 004e8e93 addi             x29, x29, 4         x29=10000218 x29:10000214
20473321ns          342653 1c00817e 40af87b3 sub              x15, x31, x10       x15=00000020 x31:10000424 x10:10000404
20473341ns          342654 1c008182 ffc78793 addi             x15, x15, -4        x15=0000001c x15:00000020
20473361ns          342655 1c008184 0027d793 srli             x15, x15, 0x2       x15=00000007 x15:0000001c
20473381ns          342656 1c008186 01d00833 add              x16, x0, x29        x16=10000218 x29:10000218
20473401ns          342657 1c008188 00a00633 add              x12, x0, x10        x12=10000404 x10:10000404
20473420ns          342658 1c00818a 00000713 addi             x14, x0, 0          x14=00000000
20473440ns          342659 1c00818c 00178793 addi             x15, x15, 1         x15=00000008 x15:00000007
20473460ns          342660 1c00818e 0067c0fb lp.setup         0x1, x15, 0x6       x15:00000008
20473480ns          342661 1c008192 0046230b p.lw             x6, 4(x12!)          x6=00000032 x12=10000408 x12:10000404  PA:10000404
20473500ns          342662 1c008196 2078788b p.lw             x17, x7(x16!)       x17=00000004 x16=10000238  x7:00000020 x16:10000218  PA:10000218
20473540ns          342664 1c00819a 43130733 p.mac            x14, x6, x17        x14=000000c8 x14:00000000  x6:00000032 x17:00000004
20473560ns          342665 1c008192 0046230b p.lw             x6, 4(x12!)          x6=00000030 x12=1000040c x12:10000408  PA:10000408
20473580ns          342666 1c008196 2078788b p.lw             x17, x7(x16!)       x17=fffffffc x16=10000258  x7:00000020 x16:10000238  PA:10000238
20473619ns          342668 1c00819a 43130733 p.mac            x14, x6, x17        x14=00000008 x14:000000c8  x6:00000030 x17:fffffffc
20473639ns          342669 1c008192 0046230b p.lw             x6, 4(x12!)          x6=0000002e x12=10000410 x12:1000040c  PA:1000040c
20473659ns          342670 1c008196 2078788b p.lw             x17, x7(x16!)       x17=fffffff4 x16=10000278  x7:00000020 x16:10000258  PA:10000258
20473699ns          342672 1c00819a 43130733 p.mac            x14, x6, x17        x14=fffffde0 x14:00000008  x6:0000002e x17:fffffff4
20473719ns          342673 1c008192 0046230b p.lw             x6, 4(x12!)          x6=0000002c x12=10000414 x12:10000410  PA:10000410
20473739ns          342674 1c008196 2078788b p.lw             x17, x7(x16!)       x17=ffffffec x16=10000298  x7:00000020 x16:10000278  PA:10000278
20473778ns          342676 1c00819a 43130733 p.mac            x14, x6, x17        x14=fffffa70 x14:fffffde0  x6:0000002c x17:ffffffec
20473798ns          342677 1c008192 0046230b p.lw             x6, 4(x12!)          x6=0000002a x12=10000418 x12:10000414  PA:10000414
20473818ns          342678 1c008196 2078788b p.lw             x17, x7(x16!)       x17=ffffffe4 x16=100002b8  x7:00000020 x16:10000298  PA:10000298
20473858ns          342680 1c00819a 43130733 p.mac            x14, x6, x17        x14=fffff5d8 x14:fffffa70  x6:0000002a x17:ffffffe4
20473878ns          342681 1c008192 0046230b p.lw             x6, 4(x12!)          x6=00000028 x12=1000041c x12:10000418  PA:10000418
20473898ns          342682 1c008196 2078788b p.lw             x17, x7(x16!)       x17=ffffffdc x16=100002d8  x7:00000020 x16:100002b8  PA:100002b8
20473938ns          342684 1c00819a 43130733 p.mac            x14, x6, x17        x14=fffff038 x14:fffff5d8  x6:00000028 x17:ffffffdc
20473957ns          342685 1c008192 0046230b p.lw             x6, 4(x12!)          x6=00000026 x12=10000420 x12:1000041c  PA:1000041c
20473977ns          342686 1c008196 2078788b p.lw             x17, x7(x16!)       x17=ffffffd4 x16=100002f8  x7:00000020 x16:100002d8  PA:100002d8
20474017ns          342688 1c00819a 43130733 p.mac            x14, x6, x17        x14=ffffe9b0 x14:fffff038  x6:00000026 x17:ffffffd4
20474037ns          342689 1c008192 0046230b p.lw             x6, 4(x12!)          x6=00000024 x12=10000424 x12:10000420  PA:10000420
20474057ns          342690 1c008196 2078788b p.lw             x17, x7(x16!)       x17=ffffffcc x16=10000318  x7:00000020 x16:100002f8  PA:100002f8
20474097ns          342692 1c00819a 43130733 p.mac            x14, x6, x17        x14=ffffe260 x14:ffffe9b0  x6:00000024 x17:ffffffcc
20474117ns          342693 1c00819e 00ef222b p.sw             x14, 4(x30!)        x30=10000b1c x14:ffffe260 x30:10000b18  PA:10000b18
20474136ns          342694 1c0081a2 004e8e93 addi             x29, x29, 4         x29=1000021c x29:10000218
20474176ns          342696 1c00817e 40af87b3 sub              x15, x31, x10       x15=00000020 x31:10000424 x10:10000404
20474196ns          342697 1c008182 ffc78793 addi             x15, x15, -4        x15=0000001c x15:00000020
20474216ns          342698 1c008184 0027d793 srli             x15, x15, 0x2       x15=00000007 x15:0000001c
20474236ns          342699 1c008186 01d00833 add              x16, x0, x29        x16=1000021c x29:1000021c
20474256ns          342700 1c008188 00a00633 add              x12, x0, x10        x12=10000404 x10:10000404
20474276ns          342701 1c00818a 00000713 addi             x14, x0, 0          x14=00000000
20474296ns          342702 1c00818c 00178793 addi             x15, x15, 1         x15=00000008 x15:00000007
20474316ns          342703 1c00818e 0067c0fb lp.setup         0x1, x15, 0x6       x15:00000008
20474335ns          342704 1c008192 0046230b p.lw             x6, 4(x12!)          x6=00000032 x12=10000408 x12:10000404  PA:10000404
20474355ns          342705 1c008196 2078788b p.lw             x17, x7(x16!)       x17=00000003 x16=1000023c  x7:00000020 x16:1000021c  PA:1000021c
20474395ns          342707 1c00819a 43130733 p.mac            x14, x6, x17        x14=00000096 x14:00000000  x6:00000032 x17:00000003
20474415ns          342708 1c008192 0046230b p.lw             x6, 4(x12!)          x6=00000030 x12=1000040c x12:10000408  PA:10000408
20474435ns          342709 1c008196 2078788b p.lw             x17, x7(x16!)       x17=fffffffb x16=1000025c  x7:00000020 x16:1000023c  PA:1000023c
20474475ns          342711 1c00819a 43130733 p.mac            x14, x6, x17        x14=ffffffa6 x14:00000096  x6:00000030 x17:fffffffb
20474495ns          342712 1c008192 0046230b p.lw             x6, 4(x12!)          x6=0000002e x12=10000410 x12:1000040c  PA:1000040c
20474514ns          342713 1c008196 2078788b p.lw             x17, x7(x16!)       x17=fffffff3 x16=1000027c  x7:00000020 x16:1000025c  PA:1000025c
20474554ns          342715 1c00819a 43130733 p.mac            x14, x6, x17        x14=fffffd50 x14:ffffffa6  x6:0000002e x17:fffffff3
20474574ns          342716 1c008192 0046230b p.lw             x6, 4(x12!)          x6=0000002c x12=10000414 x12:10000410  PA:10000410
20474594ns          342717 1c008196 2078788b p.lw             x17, x7(x16!)       x17=ffffffeb x16=1000029c  x7:00000020 x16:1000027c  PA:1000027c
20474634ns          342719 1c00819a 43130733 p.mac            x14, x6, x17        x14=fffff9b4 x14:fffffd50  x6:0000002c x17:ffffffeb
20474654ns          342720 1c008192 0046230b p.lw             x6, 4(x12!)          x6=0000002a x12=10000418 x12:10000414  PA:10000414
20474674ns          342721 1c008196 2078788b p.lw             x17, x7(x16!)       x17=ffffffe3 x16=100002bc  x7:00000020 x16:1000029c  PA:1000029c
20474713ns          342723 1c00819a 43130733 p.mac            x14, x6, x17        x14=fffff4f2 x14:fffff9b4  x6:0000002a x17:ffffffe3
20474733ns          342724 1c008192 0046230b p.lw             x6, 4(x12!)          x6=00000028 x12=1000041c x12:10000418  PA:10000418
20474753ns          342725 1c008196 2078788b p.lw             x17, x7(x16!)       x17=ffffffdb x16=100002dc  x7:00000020 x16:100002bc  PA:100002bc
20474793ns          342727 1c00819a 43130733 p.mac            x14, x6, x17        x14=ffffef2a x14:fffff4f2  x6:00000028 x17:ffffffdb
20474813ns          342728 1c008192 0046230b p.lw             x6, 4(x12!)          x6=00000026 x12=10000420 x12:1000041c  PA:1000041c
20474833ns          342729 1c008196 2078788b p.lw             x17, x7(x16!)       x17=ffffffd3 x16=100002fc  x7:00000020 x16:100002dc  PA:100002dc
20474872ns          342731 1c00819a 43130733 p.mac            x14, x6, x17        x14=ffffe87c x14:ffffef2a  x6:00000026 x17:ffffffd3
20474892ns          342732 1c008192 0046230b p.lw             x6, 4(x12!)          x6=00000024 x12=10000424 x12:10000420  PA:10000420
20474912ns          342733 1c008196 2078788b p.lw             x17, x7(x16!)       x17=ffffffcb x16=1000031c  x7:00000020 x16:100002fc  PA:100002fc
20474952ns          342735 1c00819a 43130733 p.mac            x14, x6, x17        x14=ffffe108 x14:ffffe87c  x6:00000024 x17:ffffffcb
20474972ns          342736 1c00819e 00ef222b p.sw             x14, 4(x30!)        x30=10000b20 x14:ffffe108 x30:10000b1c  PA:10000b1c
20474992ns          342737 1c0081a2 004e8e93 addi             x29, x29, 4         x29=10000220 x29:1000021c
20475032ns          342739 1c00817e 40af87b3 sub              x15, x31, x10       x15=00000020 x31:10000424 x10:10000404
20475051ns          342740 1c008182 ffc78793 addi             x15, x15, -4        x15=0000001c x15:00000020
20475071ns          342741 1c008184 0027d793 srli             x15, x15, 0x2       x15=00000007 x15:0000001c
20475091ns          342742 1c008186 01d00833 add              x16, x0, x29        x16=10000220 x29:10000220
20475111ns          342743 1c008188 00a00633 add              x12, x0, x10        x12=10000404 x10:10000404
20475131ns          342744 1c00818a 00000713 addi             x14, x0, 0          x14=00000000
20475151ns          342745 1c00818c 00178793 addi             x15, x15, 1         x15=00000008 x15:00000007
20475171ns          342746 1c00818e 0067c0fb lp.setup         0x1, x15, 0x6       x15:00000008
20475191ns          342747 1c008192 0046230b p.lw             x6, 4(x12!)          x6=00000032 x12=10000408 x12:10000404  PA:10000404
20475211ns          342748 1c008196 2078788b p.lw             x17, x7(x16!)       x17=00000002 x16=10000240  x7:00000020 x16:10000220  PA:10000220
20475250ns          342750 1c00819a 43130733 p.mac            x14, x6, x17        x14=00000064 x14:00000000  x6:00000032 x17:00000002
20475270ns          342751 1c008192 0046230b p.lw             x6, 4(x12!)          x6=00000030 x12=1000040c x12:10000408  PA:10000408
20475290ns          342752 1c008196 2078788b p.lw             x17, x7(x16!)       x17=fffffffa x16=10000260  x7:00000020 x16:10000240  PA:10000240
20475330ns          342754 1c00819a 43130733 p.mac            x14, x6, x17        x14=ffffff44 x14:00000064  x6:00000030 x17:fffffffa
20475350ns          342755 1c008192 0046230b p.lw             x6, 4(x12!)          x6=0000002e x12=10000410 x12:1000040c  PA:1000040c
20475370ns          342756 1c008196 2078788b p.lw             x17, x7(x16!)       x17=fffffff2 x16=10000280  x7:00000020 x16:10000260  PA:10000260
20475409ns          342758 1c00819a 43130733 p.mac            x14, x6, x17        x14=fffffcc0 x14:ffffff44  x6:0000002e x17:fffffff2
20475429ns          342759 1c008192 0046230b p.lw             x6, 4(x12!)          x6=0000002c x12=10000414 x12:10000410  PA:10000410
20475449ns          342760 1c008196 2078788b p.lw             x17, x7(x16!)       x17=ffffffea x16=100002a0  x7:00000020 x16:10000280  PA:10000280
20475489ns          342762 1c00819a 43130733 p.mac            x14, x6, x17        x14=fffff8f8 x14:fffffcc0  x6:0000002c x17:ffffffea
20475509ns          342763 1c008192 0046230b p.lw             x6, 4(x12!)          x6=0000002a x12=10000418 x12:10000414  PA:10000414
20475529ns          342764 1c008196 2078788b p.lw             x17, x7(x16!)       x17=ffffffe2 x16=100002c0  x7:00000020 x16:100002a0  PA:100002a0
20475589ns          342767 1c00819a 43130733 p.mac            x14, x6, x17        x14=fffff40c x14:fffff8f8  x6:0000002a x17:ffffffe2
20475608ns          342768 1c008192 0046230b p.lw             x6, 4(x12!)          x6=00000028 x12=1000041c x12:10000418  PA:10000418
20475628ns          342769 1c008196 2078788b p.lw             x17, x7(x16!)       x17=ffffffda x16=100002e0  x7:00000020 x16:100002c0  PA:100002c0
20475668ns          342771 1c00819a 43130733 p.mac            x14, x6, x17        x14=ffffee1c x14:fffff40c  x6:00000028 x17:ffffffda
20475688ns          342772 1c008192 0046230b p.lw             x6, 4(x12!)          x6=00000026 x12=10000420 x12:1000041c  PA:1000041c
20475708ns          342773 1c008196 2078788b p.lw             x17, x7(x16!)       x17=ffffffd2 x16=10000300  x7:00000020 x16:100002e0  PA:100002e0
20475748ns          342775 1c00819a 43130733 p.mac            x14, x6, x17        x14=ffffe748 x14:ffffee1c  x6:00000026 x17:ffffffd2
20475768ns          342776 1c008192 0046230b p.lw             x6, 4(x12!)          x6=00000024 x12=10000424 x12:10000420  PA:10000420
20475787ns          342777 1c008196 2078788b p.lw             x17, x7(x16!)       x17=ffffffca x16=10000320  x7:00000020 x16:10000300  PA:10000300
20475827ns          342779 1c00819a 43130733 p.mac            x14, x6, x17        x14=ffffdfb0 x14:ffffe748  x6:00000024 x17:ffffffca
20475847ns          342780 1c00819e 00ef222b p.sw             x14, 4(x30!)        x30=10000b24 x14:ffffdfb0 x30:10000b20  PA:10000b20
20475867ns          342781 1c0081a2 004e8e93 addi             x29, x29, 4         x29=10000224 x29:10000220
20475887ns          342782 1c0081a4 00128293 addi             x5, x5, 1            x5=00000001  x5:00000000
20475907ns          342783 1c0081a6 00750533 add              x10, x10, x7        x10=10000424 x10:10000404  x7:00000020
20475927ns          342784 1c0081a8 007f8fb3 add              x31, x31, x7        x31=10000444 x31:10000424  x7:00000020
20475947ns          342785 1c0081aa fa569fe3 bne              x13, x5, -66        x13:00000008  x5:00000001
20476006ns          342788 1c008168 40b48e33 sub              x28, x9, x11        x28=00000020  x9:10000224 x11:10000204
20476026ns          342789 1c00816c ffce0e13 addi             x28, x28, -4        x28=0000001c x28:00000020
20476046ns          342790 1c00816e 002e5e13 srli             x28, x28, 0x2       x28=00000007 x28:0000001c
20476066ns          342791 1c008172 008f8f33 add              x30, x31, x8        x30=10000b24 x31:10000444  x8:000006e0
20476086ns          342792 1c008176 00b00eb3 add              x29, x0, x11        x29=10000204 x11:10000204
20476106ns          342793 1c008178 001e0e13 addi             x28, x28, 1         x28=00000008 x28:00000007
20476126ns          342794 1c00817a 014e407b lp.setup         0x0, x28, 0x14      x28:00000008
20476145ns          342795 1c00817e 40af87b3 sub              x15, x31, x10       x15=00000020 x31:10000444 x10:10000424
20476165ns          342796 1c008182 ffc78793 addi             x15, x15, -4        x15=0000001c x15:00000020
20476185ns          342797 1c008184 0027d793 srli             x15, x15, 0x2       x15=00000007 x15:0000001c
20476205ns          342798 1c008186 01d00833 add              x16, x0, x29        x16=10000204 x29:10000204
20476225ns          342799 1c008188 00a00633 add              x12, x0, x10        x12=10000424 x10:10000424
20476245ns          342800 1c00818a 00000713 addi             x14, x0, 0          x14=00000000
20476265ns          342801 1c00818c 00178793 addi             x15, x15, 1         x15=00000008 x15:00000007
20476285ns          342802 1c00818e 0067c0fb lp.setup         0x1, x15, 0x6       x15:00000008
20476305ns          342803 1c008192 0046230b p.lw             x6, 4(x12!)          x6=00000022 x12=10000428 x12:10000424  PA:10000424
20476324ns          342804 1c008196 2078788b p.lw             x17, x7(x16!)       x17=00000009 x16=10000224  x7:00000020 x16:10000204  PA:10000204
20476364ns          342806 1c00819a 43130733 p.mac            x14, x6, x17        x14=00000132 x14:00000000  x6:00000022 x17:00000009
20476384ns          342807 1c008192 0046230b p.lw             x6, 4(x12!)          x6=00000020 x12=1000042c x12:10000428  PA:10000428
20476404ns          342808 1c008196 2078788b p.lw             x17, x7(x16!)       x17=00000001 x16=10000244  x7:00000020 x16:10000224  PA:10000224
20476444ns          342810 1c00819a 43130733 p.mac            x14, x6, x17        x14=00000152 x14:00000132  x6:00000020 x17:00000001
20476464ns          342811 1c008192 0046230b p.lw             x6, 4(x12!)          x6=0000001e x12=10000430 x12:1000042c  PA:1000042c
20476484ns          342812 1c008196 2078788b p.lw             x17, x7(x16!)       x17=fffffff9 x16=10000264  x7:00000020 x16:10000244  PA:10000244
20476523ns          342814 1c00819a 43130733 p.mac            x14, x6, x17        x14=00000080 x14:00000152  x6:0000001e x17:fffffff9
20476543ns          342815 1c008192 0046230b p.lw             x6, 4(x12!)          x6=0000001c x12=10000434 x12:10000430  PA:10000430
20476563ns          342816 1c008196 2078788b p.lw             x17, x7(x16!)       x17=fffffff1 x16=10000284  x7:00000020 x16:10000264  PA:10000264
20476603ns          342818 1c00819a 43130733 p.mac            x14, x6, x17        x14=fffffedc x14:00000080  x6:0000001c x17:fffffff1
20476623ns          342819 1c008192 0046230b p.lw             x6, 4(x12!)          x6=0000001a x12=10000438 x12:10000434  PA:10000434
20476643ns          342820 1c008196 2078788b p.lw             x17, x7(x16!)       x17=ffffffe9 x16=100002a4  x7:00000020 x16:10000284  PA:10000284
20476683ns          342822 1c00819a 43130733 p.mac            x14, x6, x17        x14=fffffc86 x14:fffffedc  x6:0000001a x17:ffffffe9
20476702ns          342823 1c008192 0046230b p.lw             x6, 4(x12!)          x6=00000018 x12=1000043c x12:10000438  PA:10000438
20476722ns          342824 1c008196 2078788b p.lw             x17, x7(x16!)       x17=ffffffe1 x16=100002c4  x7:00000020 x16:100002a4  PA:100002a4
20476762ns          342826 1c00819a 43130733 p.mac            x14, x6, x17        x14=fffff99e x14:fffffc86  x6:00000018 x17:ffffffe1
20476782ns          342827 1c008192 0046230b p.lw             x6, 4(x12!)          x6=00000016 x12=10000440 x12:1000043c  PA:1000043c
20476822ns          342829 1c008196 2078788b p.lw             x17, x7(x16!)       x17=ffffffd9 x16=100002e4  x7:00000020 x16:100002c4  PA:100002c4
20476862ns          342831 1c00819a 43130733 p.mac            x14, x6, x17        x14=fffff644 x14:fffff99e  x6:00000016 x17:ffffffd9
20476881ns          342832 1c008192 0046230b p.lw             x6, 4(x12!)          x6=00000014 x12=10000444 x12:10000440  PA:10000440
20476901ns          342833 1c008196 2078788b p.lw             x17, x7(x16!)       x17=ffffffd1 x16=10000304  x7:00000020 x16:100002e4  PA:100002e4
20476941ns          342835 1c00819a 43130733 p.mac            x14, x6, x17        x14=fffff298 x14:fffff644  x6:00000014 x17:ffffffd1
20476961ns          342836 1c00819e 00ef222b p.sw             x14, 4(x30!)        x30=10000b28 x14:fffff298 x30:10000b24  PA:10000b24
20476981ns          342837 1c0081a2 004e8e93 addi             x29, x29, 4         x29=10000208 x29:10000204
20477021ns          342839 1c00817e 40af87b3 sub              x15, x31, x10       x15=00000020 x31:10000444 x10:10000424
20477041ns          342840 1c008182 ffc78793 addi             x15, x15, -4        x15=0000001c x15:00000020
20477060ns          342841 1c008184 0027d793 srli             x15, x15, 0x2       x15=00000007 x15:0000001c
20477080ns          342842 1c008186 01d00833 add              x16, x0, x29        x16=10000208 x29:10000208
20477100ns          342843 1c008188 00a00633 add              x12, x0, x10        x12=10000424 x10:10000424
20477120ns          342844 1c00818a 00000713 addi             x14, x0, 0          x14=00000000
20477140ns          342845 1c00818c 00178793 addi             x15, x15, 1         x15=00000008 x15:00000007
20477160ns          342846 1c00818e 0067c0fb lp.setup         0x1, x15, 0x6       x15:00000008
20477180ns          342847 1c008192 0046230b p.lw             x6, 4(x12!)          x6=00000022 x12=10000428 x12:10000424  PA:10000424
20477200ns          342848 1c008196 2078788b p.lw             x17, x7(x16!)       x17=00000008 x16=10000228  x7:00000020 x16:10000208  PA:10000208
20477239ns          342850 1c00819a 43130733 p.mac            x14, x6, x17        x14=00000110 x14:00000000  x6:00000022 x17:00000008
20477259ns          342851 1c008192 0046230b p.lw             x6, 4(x12!)          x6=00000020 x12=1000042c x12:10000428  PA:10000428
20477279ns          342852 1c008196 2078788b p.lw             x17, x7(x16!)       x17=00000000 x16=10000248  x7:00000020 x16:10000228  PA:10000228
20477319ns          342854 1c00819a 43130733 p.mac            x14, x6, x17        x14=00000110 x14:00000110  x6:00000020 x17:00000000
20477339ns          342855 1c008192 0046230b p.lw             x6, 4(x12!)          x6=0000001e x12=10000430 x12:1000042c  PA:1000042c
20477359ns          342856 1c008196 2078788b p.lw             x17, x7(x16!)       x17=fffffff8 x16=10000268  x7:00000020 x16:10000248  PA:10000248
20477399ns          342858 1c00819a 43130733 p.mac            x14, x6, x17        x14=00000020 x14:00000110  x6:0000001e x17:fffffff8
20477418ns          342859 1c008192 0046230b p.lw             x6, 4(x12!)          x6=0000001c x12=10000434 x12:10000430  PA:10000430
20477438ns          342860 1c008196 2078788b p.lw             x17, x7(x16!)       x17=fffffff0 x16=10000288  x7:00000020 x16:10000268  PA:10000268
20477478ns          342862 1c00819a 43130733 p.mac            x14, x6, x17        x14=fffffe60 x14:00000020  x6:0000001c x17:fffffff0
20477498ns          342863 1c008192 0046230b p.lw             x6, 4(x12!)          x6=0000001a x12=10000438 x12:10000434  PA:10000434
20477518ns          342864 1c008196 2078788b p.lw             x17, x7(x16!)       x17=ffffffe8 x16=100002a8  x7:00000020 x16:10000288  PA:10000288
20477558ns          342866 1c00819a 43130733 p.mac            x14, x6, x17        x14=fffffbf0 x14:fffffe60  x6:0000001a x17:ffffffe8
20477578ns          342867 1c008192 0046230b p.lw             x6, 4(x12!)          x6=00000018 x12=1000043c x12:10000438  PA:10000438
20477597ns          342868 1c008196 2078788b p.lw             x17, x7(x16!)       x17=ffffffe0 x16=100002c8  x7:00000020 x16:100002a8  PA:100002a8
20477637ns          342870 1c00819a 43130733 p.mac            x14, x6, x17        x14=fffff8f0 x14:fffffbf0  x6:00000018 x17:ffffffe0
20477657ns          342871 1c008192 0046230b p.lw             x6, 4(x12!)          x6=00000016 x12=10000440 x12:1000043c  PA:1000043c
20477677ns          342872 1c008196 2078788b p.lw             x17, x7(x16!)       x17=ffffffd8 x16=100002e8  x7:00000020 x16:100002c8  PA:100002c8
20477717ns          342874 1c00819a 43130733 p.mac            x14, x6, x17        x14=fffff580 x14:fffff8f0  x6:00000016 x17:ffffffd8
20477737ns          342875 1c008192 0046230b p.lw             x6, 4(x12!)          x6=00000014 x12=10000444 x12:10000440  PA:10000440
20477757ns          342876 1c008196 2078788b p.lw             x17, x7(x16!)       x17=ffffffd0 x16=10000308  x7:00000020 x16:100002e8  PA:100002e8
20477796ns          342878 1c00819a 43130733 p.mac            x14, x6, x17        x14=fffff1c0 x14:fffff580  x6:00000014 x17:ffffffd0
20477816ns          342879 1c00819e 00ef222b p.sw             x14, 4(x30!)        x30=10000b2c x14:fffff1c0 x30:10000b28  PA:10000b28
20477836ns          342880 1c0081a2 004e8e93 addi             x29, x29, 4         x29=1000020c x29:10000208
20477876ns          342882 1c00817e 40af87b3 sub              x15, x31, x10       x15=00000020 x31:10000444 x10:10000424
20477896ns          342883 1c008182 ffc78793 addi             x15, x15, -4        x15=0000001c x15:00000020
20477916ns          342884 1c008184 0027d793 srli             x15, x15, 0x2       x15=00000007 x15:0000001c
20477936ns          342885 1c008186 01d00833 add              x16, x0, x29        x16=1000020c x29:1000020c
20477956ns          342886 1c008188 00a00633 add              x12, x0, x10        x12=10000424 x10:10000424
20477975ns          342887 1c00818a 00000713 addi             x14, x0, 0          x14=00000000
20477995ns          342888 1c00818c 00178793 addi             x15, x15, 1         x15=00000008 x15:00000007
20478015ns          342889 1c00818e 0067c0fb lp.setup         0x1, x15, 0x6       x15:00000008
20478035ns          342890 1c008192 0046230b p.lw             x6, 4(x12!)          x6=00000022 x12=10000428 x12:10000424  PA:10000424
20478055ns          342891 1c008196 2078788b p.lw             x17, x7(x16!)       x17=00000007 x16=1000022c  x7:00000020 x16:1000020c  PA:1000020c
20478095ns          342893 1c00819a 43130733 p.mac            x14, x6, x17        x14=000000ee x14:00000000  x6:00000022 x17:00000007
20478115ns          342894 1c008192 0046230b p.lw             x6, 4(x12!)          x6=00000020 x12=1000042c x12:10000428  PA:10000428
20478135ns          342895 1c008196 2078788b p.lw             x17, x7(x16!)       x17=ffffffff x16=1000024c  x7:00000020 x16:1000022c  PA:1000022c
20478174ns          342897 1c00819a 43130733 p.mac            x14, x6, x17        x14=000000ce x14:000000ee  x6:00000020 x17:ffffffff
20478194ns          342898 1c008192 0046230b p.lw             x6, 4(x12!)          x6=0000001e x12=10000430 x12:1000042c  PA:1000042c
20478214ns          342899 1c008196 2078788b p.lw             x17, x7(x16!)       x17=fffffff7 x16=1000026c  x7:00000020 x16:1000024c  PA:1000024c
20478254ns          342901 1c00819a 43130733 p.mac            x14, x6, x17        x14=ffffffc0 x14:000000ce  x6:0000001e x17:fffffff7
20478274ns          342902 1c008192 0046230b p.lw             x6, 4(x12!)          x6=0000001c x12=10000434 x12:10000430  PA:10000430
20478294ns          342903 1c008196 2078788b p.lw             x17, x7(x16!)       x17=ffffffef x16=1000028c  x7:00000020 x16:1000026c  PA:1000026c
20478333ns          342905 1c00819a 43130733 p.mac            x14, x6, x17        x14=fffffde4 x14:ffffffc0  x6:0000001c x17:ffffffef
20478353ns          342906 1c008192 0046230b p.lw             x6, 4(x12!)          x6=0000001a x12=10000438 x12:10000434  PA:10000434
20478373ns          342907 1c008196 2078788b p.lw             x17, x7(x16!)       x17=ffffffe7 x16=100002ac  x7:00000020 x16:1000028c  PA:1000028c
20478413ns          342909 1c00819a 43130733 p.mac            x14, x6, x17        x14=fffffb5a x14:fffffde4  x6:0000001a x17:ffffffe7
20478433ns          342910 1c008192 0046230b p.lw             x6, 4(x12!)          x6=00000018 x12=1000043c x12:10000438  PA:10000438
20478453ns          342911 1c008196 2078788b p.lw             x17, x7(x16!)       x17=ffffffdf x16=100002cc  x7:00000020 x16:100002ac  PA:100002ac
20478493ns          342913 1c00819a 43130733 p.mac            x14, x6, x17        x14=fffff842 x14:fffffb5a  x6:00000018 x17:ffffffdf
20478512ns          342914 1c008192 0046230b p.lw             x6, 4(x12!)          x6=00000016 x12=10000440 x12:1000043c  PA:1000043c
20478532ns          342915 1c008196 2078788b p.lw             x17, x7(x16!)       x17=ffffffd7 x16=100002ec  x7:00000020 x16:100002cc  PA:100002cc
20478572ns          342917 1c00819a 43130733 p.mac            x14, x6, x17        x14=fffff4bc x14:fffff842  x6:00000016 x17:ffffffd7
20478592ns          342918 1c008192 0046230b p.lw             x6, 4(x12!)          x6=00000014 x12=10000444 x12:10000440  PA:10000440
20478612ns          342919 1c008196 2078788b p.lw             x17, x7(x16!)       x17=ffffffcf x16=1000030c  x7:00000020 x16:100002ec  PA:100002ec
20478652ns          342921 1c00819a 43130733 p.mac            x14, x6, x17        x14=fffff0e8 x14:fffff4bc  x6:00000014 x17:ffffffcf
20478672ns          342922 1c00819e 00ef222b p.sw             x14, 4(x30!)        x30=10000b30 x14:fffff0e8 x30:10000b2c  PA:10000b2c
20478691ns          342923 1c0081a2 004e8e93 addi             x29, x29, 4         x29=10000210 x29:1000020c
20478731ns          342925 1c00817e 40af87b3 sub              x15, x31, x10       x15=00000020 x31:10000444 x10:10000424
20478751ns          342926 1c008182 ffc78793 addi             x15, x15, -4        x15=0000001c x15:00000020
20478771ns          342927 1c008184 0027d793 srli             x15, x15, 0x2       x15=00000007 x15:0000001c
20478791ns          342928 1c008186 01d00833 add              x16, x0, x29        x16=10000210 x29:10000210
20478811ns          342929 1c008188 00a00633 add              x12, x0, x10        x12=10000424 x10:10000424
20478831ns          342930 1c00818a 00000713 addi             x14, x0, 0          x14=00000000
20478851ns          342931 1c00818c 00178793 addi             x15, x15, 1         x15=00000008 x15:00000007
20478870ns          342932 1c00818e 0067c0fb lp.setup         0x1, x15, 0x6       x15:00000008
20478890ns          342933 1c008192 0046230b p.lw             x6, 4(x12!)          x6=00000022 x12=10000428 x12:10000424  PA:10000424
20478910ns          342934 1c008196 2078788b p.lw             x17, x7(x16!)       x17=00000006 x16=10000230  x7:00000020 x16:10000210  PA:10000210
20478950ns          342936 1c00819a 43130733 p.mac            x14, x6, x17        x14=000000cc x14:00000000  x6:00000022 x17:00000006
20478970ns          342937 1c008192 0046230b p.lw             x6, 4(x12!)          x6=00000020 x12=1000042c x12:10000428  PA:10000428
20478990ns          342938 1c008196 2078788b p.lw             x17, x7(x16!)       x17=fffffffe x16=10000250  x7:00000020 x16:10000230  PA:10000230
20479030ns          342940 1c00819a 43130733 p.mac            x14, x6, x17        x14=0000008c x14:000000cc  x6:00000020 x17:fffffffe
20479050ns          342941 1c008192 0046230b p.lw             x6, 4(x12!)          x6=0000001e x12=10000430 x12:1000042c  PA:1000042c
20479069ns          342942 1c008196 2078788b p.lw             x17, x7(x16!)       x17=fffffff6 x16=10000270  x7:00000020 x16:10000250  PA:10000250
20479109ns          342944 1c00819a 43130733 p.mac            x14, x6, x17        x14=ffffff60 x14:0000008c  x6:0000001e x17:fffffff6
20479129ns          342945 1c008192 0046230b p.lw             x6, 4(x12!)          x6=0000001c x12=10000434 x12:10000430  PA:10000430
20479149ns          342946 1c008196 2078788b p.lw             x17, x7(x16!)       x17=ffffffee x16=10000290  x7:00000020 x16:10000270  PA:10000270
20479189ns          342948 1c00819a 43130733 p.mac            x14, x6, x17        x14=fffffd68 x14:ffffff60  x6:0000001c x17:ffffffee
20479209ns          342949 1c008192 0046230b p.lw             x6, 4(x12!)          x6=0000001a x12=10000438 x12:10000434  PA:10000434
20479229ns          342950 1c008196 2078788b p.lw             x17, x7(x16!)       x17=ffffffe6 x16=100002b0  x7:00000020 x16:10000290  PA:10000290
20479268ns          342952 1c00819a 43130733 p.mac            x14, x6, x17        x14=fffffac4 x14:fffffd68  x6:0000001a x17:ffffffe6
20479288ns          342953 1c008192 0046230b p.lw             x6, 4(x12!)          x6=00000018 x12=1000043c x12:10000438  PA:10000438
20479308ns          342954 1c008196 2078788b p.lw             x17, x7(x16!)       x17=ffffffde x16=100002d0  x7:00000020 x16:100002b0  PA:100002b0
20479348ns          342956 1c00819a 43130733 p.mac            x14, x6, x17        x14=fffff794 x14:fffffac4  x6:00000018 x17:ffffffde
20479368ns          342957 1c008192 0046230b p.lw             x6, 4(x12!)          x6=00000016 x12=10000440 x12:1000043c  PA:1000043c
20479388ns          342958 1c008196 2078788b p.lw             x17, x7(x16!)       x17=ffffffd6 x16=100002f0  x7:00000020 x16:100002d0  PA:100002d0
20479427ns          342960 1c00819a 43130733 p.mac            x14, x6, x17        x14=fffff3f8 x14:fffff794  x6:00000016 x17:ffffffd6
20479447ns          342961 1c008192 0046230b p.lw             x6, 4(x12!)          x6=00000014 x12=10000444 x12:10000440  PA:10000440
20479467ns          342962 1c008196 2078788b p.lw             x17, x7(x16!)       x17=ffffffce x16=10000310  x7:00000020 x16:100002f0  PA:100002f0
20479507ns          342964 1c00819a 43130733 p.mac            x14, x6, x17        x14=fffff010 x14:fffff3f8  x6:00000014 x17:ffffffce
20479527ns          342965 1c00819e 00ef222b p.sw             x14, 4(x30!)        x30=10000b34 x14:fffff010 x30:10000b30  PA:10000b30
20479547ns          342966 1c0081a2 004e8e93 addi             x29, x29, 4         x29=10000214 x29:10000210
20479587ns          342968 1c00817e 40af87b3 sub              x15, x31, x10       x15=00000020 x31:10000444 x10:10000424
20479606ns          342969 1c008182 ffc78793 addi             x15, x15, -4        x15=0000001c x15:00000020
20479626ns          342970 1c008184 0027d793 srli             x15, x15, 0x2       x15=00000007 x15:0000001c
20479646ns          342971 1c008186 01d00833 add              x16, x0, x29        x16=10000214 x29:10000214
20479666ns          342972 1c008188 00a00633 add              x12, x0, x10        x12=10000424 x10:10000424
20479686ns          342973 1c00818a 00000713 addi             x14, x0, 0          x14=00000000
20479706ns          342974 1c00818c 00178793 addi             x15, x15, 1         x15=00000008 x15:00000007
20479726ns          342975 1c00818e 0067c0fb lp.setup         0x1, x15, 0x6       x15:00000008
20479746ns          342976 1c008192 0046230b p.lw             x6, 4(x12!)          x6=00000022 x12=10000428 x12:10000424  PA:10000424
20479766ns          342977 1c008196 2078788b p.lw             x17, x7(x16!)       x17=00000005 x16=10000234  x7:00000020 x16:10000214  PA:10000214
20479805ns          342979 1c00819a 43130733 p.mac            x14, x6, x17        x14=000000aa x14:00000000  x6:00000022 x17:00000005
20479825ns          342980 1c008192 0046230b p.lw             x6, 4(x12!)          x6=00000020 x12=1000042c x12:10000428  PA:10000428
20479845ns          342981 1c008196 2078788b p.lw             x17, x7(x16!)       x17=fffffffd x16=10000254  x7:00000020 x16:10000234  PA:10000234
20479885ns          342983 1c00819a 43130733 p.mac            x14, x6, x17        x14=0000004a x14:000000aa  x6:00000020 x17:fffffffd
20479905ns          342984 1c008192 0046230b p.lw             x6, 4(x12!)          x6=0000001e x12=10000430 x12:1000042c  PA:1000042c
20479925ns          342985 1c008196 2078788b p.lw             x17, x7(x16!)       x17=fffffff5 x16=10000274  x7:00000020 x16:10000254  PA:10000254
20479964ns          342987 1c00819a 43130733 p.mac            x14, x6, x17        x14=ffffff00 x14:0000004a  x6:0000001e x17:fffffff5
20479984ns          342988 1c008192 0046230b p.lw             x6, 4(x12!)          x6=0000001c x12=10000434 x12:10000430  PA:10000430
20480004ns          342989 1c008196 2078788b p.lw             x17, x7(x16!)       x17=ffffffed x16=10000294  x7:00000020 x16:10000274  PA:10000274
20480064ns          342992 1c00819a 43130733 p.mac            x14, x6, x17        x14=fffffcec x14:ffffff00  x6:0000001c x17:ffffffed
20480084ns          342993 1c008192 0046230b p.lw             x6, 4(x12!)          x6=0000001a x12=10000438 x12:10000434  PA:10000434
20480104ns          342994 1c008196 2078788b p.lw             x17, x7(x16!)       x17=ffffffe5 x16=100002b4  x7:00000020 x16:10000294  PA:10000294
20480143ns          342996 1c00819a 43130733 p.mac            x14, x6, x17        x14=fffffa2e x14:fffffcec  x6:0000001a x17:ffffffe5
20480163ns          342997 1c008192 0046230b p.lw             x6, 4(x12!)          x6=00000018 x12=1000043c x12:10000438  PA:10000438
20480203ns          342999 1c008196 2078788b p.lw             x17, x7(x16!)       x17=ffffffdd x16=100002d4  x7:00000020 x16:100002b4  PA:100002b4
20480243ns          343001 1c00819a 43130733 p.mac            x14, x6, x17        x14=fffff6e6 x14:fffffa2e  x6:00000018 x17:ffffffdd
20480263ns          343002 1c008192 0046230b p.lw             x6, 4(x12!)          x6=00000016 x12=10000440 x12:1000043c  PA:1000043c
20480303ns          343004 1c008196 2078788b p.lw             x17, x7(x16!)       x17=ffffffd5 x16=100002f4  x7:00000020 x16:100002d4  PA:100002d4
20480342ns          343006 1c00819a 43130733 p.mac            x14, x6, x17        x14=fffff334 x14:fffff6e6  x6:00000016 x17:ffffffd5
20480362ns          343007 1c008192 0046230b p.lw             x6, 4(x12!)          x6=00000014 x12=10000444 x12:10000440  PA:10000440
20480382ns          343008 1c008196 2078788b p.lw             x17, x7(x16!)       x17=ffffffcd x16=10000314  x7:00000020 x16:100002f4  PA:100002f4
20480422ns          343010 1c00819a 43130733 p.mac            x14, x6, x17        x14=ffffef38 x14:fffff334  x6:00000014 x17:ffffffcd
20480442ns          343011 1c00819e 00ef222b p.sw             x14, 4(x30!)        x30=10000b38 x14:ffffef38 x30:10000b34  PA:10000b34
20480462ns          343012 1c0081a2 004e8e93 addi             x29, x29, 4         x29=10000218 x29:10000214
20480502ns          343014 1c00817e 40af87b3 sub              x15, x31, x10       x15=00000020 x31:10000444 x10:10000424
20480521ns          343015 1c008182 ffc78793 addi             x15, x15, -4        x15=0000001c x15:00000020
20480541ns          343016 1c008184 0027d793 srli             x15, x15, 0x2       x15=00000007 x15:0000001c
20480561ns          343017 1c008186 01d00833 add              x16, x0, x29        x16=10000218 x29:10000218
20480581ns          343018 1c008188 00a00633 add              x12, x0, x10        x12=10000424 x10:10000424
20480601ns          343019 1c00818a 00000713 addi             x14, x0, 0          x14=00000000
20480621ns          343020 1c00818c 00178793 addi             x15, x15, 1         x15=00000008 x15:00000007
20480641ns          343021 1c00818e 0067c0fb lp.setup         0x1, x15, 0x6       x15:00000008
20480661ns          343022 1c008192 0046230b p.lw             x6, 4(x12!)          x6=00000022 x12=10000428 x12:10000424  PA:10000424
20480681ns          343023 1c008196 2078788b p.lw             x17, x7(x16!)       x17=00000004 x16=10000238  x7:00000020 x16:10000218  PA:10000218
20480720ns          343025 1c00819a 43130733 p.mac            x14, x6, x17        x14=00000088 x14:00000000  x6:00000022 x17:00000004
20480740ns          343026 1c008192 0046230b p.lw             x6, 4(x12!)          x6=00000020 x12=1000042c x12:10000428  PA:10000428
20480760ns          343027 1c008196 2078788b p.lw             x17, x7(x16!)       x17=fffffffc x16=10000258  x7:00000020 x16:10000238  PA:10000238
20480800ns          343029 1c00819a 43130733 p.mac            x14, x6, x17        x14=00000008 x14:00000088  x6:00000020 x17:fffffffc
20480820ns          343030 1c008192 0046230b p.lw             x6, 4(x12!)          x6=0000001e x12=10000430 x12:1000042c  PA:1000042c
20480840ns          343031 1c008196 2078788b p.lw             x17, x7(x16!)       x17=fffffff4 x16=10000278  x7:00000020 x16:10000258  PA:10000258
20480879ns          343033 1c00819a 43130733 p.mac            x14, x6, x17        x14=fffffea0 x14:00000008  x6:0000001e x17:fffffff4
20480899ns          343034 1c008192 0046230b p.lw             x6, 4(x12!)          x6=0000001c x12=10000434 x12:10000430  PA:10000430
20480919ns          343035 1c008196 2078788b p.lw             x17, x7(x16!)       x17=ffffffec x16=10000298  x7:00000020 x16:10000278  PA:10000278
20480979ns          343038 1c00819a 43130733 p.mac            x14, x6, x17        x14=fffffc70 x14:fffffea0  x6:0000001c x17:ffffffec
20480999ns          343039 1c008192 0046230b p.lw             x6, 4(x12!)          x6=0000001a x12=10000438 x12:10000434  PA:10000434
20481019ns          343040 1c008196 2078788b p.lw             x17, x7(x16!)       x17=ffffffe4 x16=100002b8  x7:00000020 x16:10000298  PA:10000298
20481058ns          343042 1c00819a 43130733 p.mac            x14, x6, x17        x14=fffff998 x14:fffffc70  x6:0000001a x17:ffffffe4
20481078ns          343043 1c008192 0046230b p.lw             x6, 4(x12!)          x6=00000018 x12=1000043c x12:10000438  PA:10000438
20481098ns          343044 1c008196 2078788b p.lw             x17, x7(x16!)       x17=ffffffdc x16=100002d8  x7:00000020 x16:100002b8  PA:100002b8
20481138ns          343046 1c00819a 43130733 p.mac            x14, x6, x17        x14=fffff638 x14:fffff998  x6:00000018 x17:ffffffdc
20481158ns          343047 1c008192 0046230b p.lw             x6, 4(x12!)          x6=00000016 x12=10000440 x12:1000043c  PA:1000043c
20481178ns          343048 1c008196 2078788b p.lw             x17, x7(x16!)       x17=ffffffd4 x16=100002f8  x7:00000020 x16:100002d8  PA:100002d8
20481218ns          343050 1c00819a 43130733 p.mac            x14, x6, x17        x14=fffff270 x14:fffff638  x6:00000016 x17:ffffffd4
20481237ns          343051 1c008192 0046230b p.lw             x6, 4(x12!)          x6=00000014 x12=10000444 x12:10000440  PA:10000440
20481257ns          343052 1c008196 2078788b p.lw             x17, x7(x16!)       x17=ffffffcc x16=10000318  x7:00000020 x16:100002f8  PA:100002f8
20481297ns          343054 1c00819a 43130733 p.mac            x14, x6, x17        x14=ffffee60 x14:fffff270  x6:00000014 x17:ffffffcc
20481317ns          343055 1c00819e 00ef222b p.sw             x14, 4(x30!)        x30=10000b3c x14:ffffee60 x30:10000b38  PA:10000b38
20481337ns          343056 1c0081a2 004e8e93 addi             x29, x29, 4         x29=1000021c x29:10000218
20481377ns          343058 1c00817e 40af87b3 sub              x15, x31, x10       x15=00000020 x31:10000444 x10:10000424
20481397ns          343059 1c008182 ffc78793 addi             x15, x15, -4        x15=0000001c x15:00000020
20481417ns          343060 1c008184 0027d793 srli             x15, x15, 0x2       x15=00000007 x15:0000001c
20481436ns          343061 1c008186 01d00833 add              x16, x0, x29        x16=1000021c x29:1000021c
20481456ns          343062 1c008188 00a00633 add              x12, x0, x10        x12=10000424 x10:10000424
20481476ns          343063 1c00818a 00000713 addi             x14, x0, 0          x14=00000000
20481496ns          343064 1c00818c 00178793 addi             x15, x15, 1         x15=00000008 x15:00000007
20481516ns          343065 1c00818e 0067c0fb lp.setup         0x1, x15, 0x6       x15:00000008
20481536ns          343066 1c008192 0046230b p.lw             x6, 4(x12!)          x6=00000022 x12=10000428 x12:10000424  PA:10000424
20481556ns          343067 1c008196 2078788b p.lw             x17, x7(x16!)       x17=00000003 x16=1000023c  x7:00000020 x16:1000021c  PA:1000021c
20481596ns          343069 1c00819a 43130733 p.mac            x14, x6, x17        x14=00000066 x14:00000000  x6:00000022 x17:00000003
20481615ns          343070 1c008192 0046230b p.lw             x6, 4(x12!)          x6=00000020 x12=1000042c x12:10000428  PA:10000428
20481635ns          343071 1c008196 2078788b p.lw             x17, x7(x16!)       x17=fffffffb x16=1000025c  x7:00000020 x16:1000023c  PA:1000023c
20481675ns          343073 1c00819a 43130733 p.mac            x14, x6, x17        x14=ffffffc6 x14:00000066  x6:00000020 x17:fffffffb
20481695ns          343074 1c008192 0046230b p.lw             x6, 4(x12!)          x6=0000001e x12=10000430 x12:1000042c  PA:1000042c
20481715ns          343075 1c008196 2078788b p.lw             x17, x7(x16!)       x17=fffffff3 x16=1000027c  x7:00000020 x16:1000025c  PA:1000025c
20481755ns          343077 1c00819a 43130733 p.mac            x14, x6, x17        x14=fffffe40 x14:ffffffc6  x6:0000001e x17:fffffff3
20481775ns          343078 1c008192 0046230b p.lw             x6, 4(x12!)          x6=0000001c x12=10000434 x12:10000430  PA:10000430
20481794ns          343079 1c008196 2078788b p.lw             x17, x7(x16!)       x17=ffffffeb x16=1000029c  x7:00000020 x16:1000027c  PA:1000027c
20481834ns          343081 1c00819a 43130733 p.mac            x14, x6, x17        x14=fffffbf4 x14:fffffe40  x6:0000001c x17:ffffffeb
20481854ns          343082 1c008192 0046230b p.lw             x6, 4(x12!)          x6=0000001a x12=10000438 x12:10000434  PA:10000434
20481874ns          343083 1c008196 2078788b p.lw             x17, x7(x16!)       x17=ffffffe3 x16=100002bc  x7:00000020 x16:1000029c  PA:1000029c
20481914ns          343085 1c00819a 43130733 p.mac            x14, x6, x17        x14=fffff902 x14:fffffbf4  x6:0000001a x17:ffffffe3
20481934ns          343086 1c008192 0046230b p.lw             x6, 4(x12!)          x6=00000018 x12=1000043c x12:10000438  PA:10000438
20481954ns          343087 1c008196 2078788b p.lw             x17, x7(x16!)       x17=ffffffdb x16=100002dc  x7:00000020 x16:100002bc  PA:100002bc
20481993ns          343089 1c00819a 43130733 p.mac            x14, x6, x17        x14=fffff58a x14:fffff902  x6:00000018 x17:ffffffdb
20482013ns          343090 1c008192 0046230b p.lw             x6, 4(x12!)          x6=00000016 x12=10000440 x12:1000043c  PA:1000043c
20482033ns          343091 1c008196 2078788b p.lw             x17, x7(x16!)       x17=ffffffd3 x16=100002fc  x7:00000020 x16:100002dc  PA:100002dc
20482073ns          343093 1c00819a 43130733 p.mac            x14, x6, x17        x14=fffff1ac x14:fffff58a  x6:00000016 x17:ffffffd3
20482093ns          343094 1c008192 0046230b p.lw             x6, 4(x12!)          x6=00000014 x12=10000444 x12:10000440  PA:10000440
20482113ns          343095 1c008196 2078788b p.lw             x17, x7(x16!)       x17=ffffffcb x16=1000031c  x7:00000020 x16:100002fc  PA:100002fc
20482152ns          343097 1c00819a 43130733 p.mac            x14, x6, x17        x14=ffffed88 x14:fffff1ac  x6:00000014 x17:ffffffcb
20482172ns          343098 1c00819e 00ef222b p.sw             x14, 4(x30!)        x30=10000b40 x14:ffffed88 x30:10000b3c  PA:10000b3c
20482192ns          343099 1c0081a2 004e8e93 addi             x29, x29, 4         x29=10000220 x29:1000021c
20482232ns          343101 1c00817e 40af87b3 sub              x15, x31, x10       x15=00000020 x31:10000444 x10:10000424
20482252ns          343102 1c008182 ffc78793 addi             x15, x15, -4        x15=0000001c x15:00000020
20482272ns          343103 1c008184 0027d793 srli             x15, x15, 0x2       x15=00000007 x15:0000001c
20482292ns          343104 1c008186 01d00833 add              x16, x0, x29        x16=10000220 x29:10000220
20482312ns          343105 1c008188 00a00633 add              x12, x0, x10        x12=10000424 x10:10000424
20482331ns          343106 1c00818a 00000713 addi             x14, x0, 0          x14=00000000
20482351ns          343107 1c00818c 00178793 addi             x15, x15, 1         x15=00000008 x15:00000007
20482371ns          343108 1c00818e 0067c0fb lp.setup         0x1, x15, 0x6       x15:00000008
20482391ns          343109 1c008192 0046230b p.lw             x6, 4(x12!)          x6=00000022 x12=10000428 x12:10000424  PA:10000424
20482411ns          343110 1c008196 2078788b p.lw             x17, x7(x16!)       x17=00000002 x16=10000240  x7:00000020 x16:10000220  PA:10000220
20482451ns          343112 1c00819a 43130733 p.mac            x14, x6, x17        x14=00000044 x14:00000000  x6:00000022 x17:00000002
20482471ns          343113 1c008192 0046230b p.lw             x6, 4(x12!)          x6=00000020 x12=1000042c x12:10000428  PA:10000428
20482491ns          343114 1c008196 2078788b p.lw             x17, x7(x16!)       x17=fffffffa x16=10000260  x7:00000020 x16:10000240  PA:10000240
20482530ns          343116 1c00819a 43130733 p.mac            x14, x6, x17        x14=ffffff84 x14:00000044  x6:00000020 x17:fffffffa
20482550ns          343117 1c008192 0046230b p.lw             x6, 4(x12!)          x6=0000001e x12=10000430 x12:1000042c  PA:1000042c
20482570ns          343118 1c008196 2078788b p.lw             x17, x7(x16!)       x17=fffffff2 x16=10000280  x7:00000020 x16:10000260  PA:10000260
20482610ns          343120 1c00819a 43130733 p.mac            x14, x6, x17        x14=fffffde0 x14:ffffff84  x6:0000001e x17:fffffff2
20482630ns          343121 1c008192 0046230b p.lw             x6, 4(x12!)          x6=0000001c x12=10000434 x12:10000430  PA:10000430
20482650ns          343122 1c008196 2078788b p.lw             x17, x7(x16!)       x17=ffffffea x16=100002a0  x7:00000020 x16:10000280  PA:10000280
20482690ns          343124 1c00819a 43130733 p.mac            x14, x6, x17        x14=fffffb78 x14:fffffde0  x6:0000001c x17:ffffffea
20482709ns          343125 1c008192 0046230b p.lw             x6, 4(x12!)          x6=0000001a x12=10000438 x12:10000434  PA:10000434
20482729ns          343126 1c008196 2078788b p.lw             x17, x7(x16!)       x17=ffffffe2 x16=100002c0  x7:00000020 x16:100002a0  PA:100002a0
20482769ns          343128 1c00819a 43130733 p.mac            x14, x6, x17        x14=fffff86c x14:fffffb78  x6:0000001a x17:ffffffe2
20482789ns          343129 1c008192 0046230b p.lw             x6, 4(x12!)          x6=00000018 x12=1000043c x12:10000438  PA:10000438
20482809ns          343130 1c008196 2078788b p.lw             x17, x7(x16!)       x17=ffffffda x16=100002e0  x7:00000020 x16:100002c0  PA:100002c0
20482849ns          343132 1c00819a 43130733 p.mac            x14, x6, x17        x14=fffff4dc x14:fffff86c  x6:00000018 x17:ffffffda
20482869ns          343133 1c008192 0046230b p.lw             x6, 4(x12!)          x6=00000016 x12=10000440 x12:1000043c  PA:1000043c
20482888ns          343134 1c008196 2078788b p.lw             x17, x7(x16!)       x17=ffffffd2 x16=10000300  x7:00000020 x16:100002e0  PA:100002e0
20482928ns          343136 1c00819a 43130733 p.mac            x14, x6, x17        x14=fffff0e8 x14:fffff4dc  x6:00000016 x17:ffffffd2
20482948ns          343137 1c008192 0046230b p.lw             x6, 4(x12!)          x6=00000014 x12=10000444 x12:10000440  PA:10000440
20482968ns          343138 1c008196 2078788b p.lw             x17, x7(x16!)       x17=ffffffca x16=10000320  x7:00000020 x16:10000300  PA:10000300
20483008ns          343140 1c00819a 43130733 p.mac            x14, x6, x17        x14=ffffecb0 x14:fffff0e8  x6:00000014 x17:ffffffca
20483028ns          343141 1c00819e 00ef222b p.sw             x14, 4(x30!)        x30=10000b44 x14:ffffecb0 x30:10000b40  PA:10000b40
20483048ns          343142 1c0081a2 004e8e93 addi             x29, x29, 4         x29=10000224 x29:10000220
20483067ns          343143 1c0081a4 00128293 addi             x5, x5, 1            x5=00000002  x5:00000001
20483087ns          343144 1c0081a6 00750533 add              x10, x10, x7        x10=10000444 x10:10000424  x7:00000020
20483107ns          343145 1c0081a8 007f8fb3 add              x31, x31, x7        x31=10000464 x31:10000444  x7:00000020
20483127ns          343146 1c0081aa fa569fe3 bne              x13, x5, -66        x13:00000008  x5:00000002
20483187ns          343149 1c008168 40b48e33 sub              x28, x9, x11        x28=00000020  x9:10000224 x11:10000204
20483207ns          343150 1c00816c ffce0e13 addi             x28, x28, -4        x28=0000001c x28:00000020
20483227ns          343151 1c00816e 002e5e13 srli             x28, x28, 0x2       x28=00000007 x28:0000001c
20483246ns          343152 1c008172 008f8f33 add              x30, x31, x8        x30=10000b44 x31:10000464  x8:000006e0
20483266ns          343153 1c008176 00b00eb3 add              x29, x0, x11        x29=10000204 x11:10000204
20483286ns          343154 1c008178 001e0e13 addi             x28, x28, 1         x28=00000008 x28:00000007
20483306ns          343155 1c00817a 014e407b lp.setup         0x0, x28, 0x14      x28:00000008
20483326ns          343156 1c00817e 40af87b3 sub              x15, x31, x10       x15=00000020 x31:10000464 x10:10000444
20483346ns          343157 1c008182 ffc78793 addi             x15, x15, -4        x15=0000001c x15:00000020
20483366ns          343158 1c008184 0027d793 srli             x15, x15, 0x2       x15=00000007 x15:0000001c
20483386ns          343159 1c008186 01d00833 add              x16, x0, x29        x16=10000204 x29:10000204
20483406ns          343160 1c008188 00a00633 add              x12, x0, x10        x12=10000444 x10:10000444
20483425ns          343161 1c00818a 00000713 addi             x14, x0, 0          x14=00000000
20483445ns          343162 1c00818c 00178793 addi             x15, x15, 1         x15=00000008 x15:00000007
20483465ns          343163 1c00818e 0067c0fb lp.setup         0x1, x15, 0x6       x15:00000008
20483485ns          343164 1c008192 0046230b p.lw             x6, 4(x12!)          x6=00000012 x12=10000448 x12:10000444  PA:10000444
20483505ns          343165 1c008196 2078788b p.lw             x17, x7(x16!)       x17=00000009 x16=10000224  x7:00000020 x16:10000204  PA:10000204
20483545ns          343167 1c00819a 43130733 p.mac            x14, x6, x17        x14=000000a2 x14:00000000  x6:00000012 x17:00000009
20483565ns          343168 1c008192 0046230b p.lw             x6, 4(x12!)          x6=00000010 x12=1000044c x12:10000448  PA:10000448
20483585ns          343169 1c008196 2078788b p.lw             x17, x7(x16!)       x17=00000001 x16=10000244  x7:00000020 x16:10000224  PA:10000224
20483624ns          343171 1c00819a 43130733 p.mac            x14, x6, x17        x14=000000b2 x14:000000a2  x6:00000010 x17:00000001
20483644ns          343172 1c008192 0046230b p.lw             x6, 4(x12!)          x6=0000000e x12=10000450 x12:1000044c  PA:1000044c
20483664ns          343173 1c008196 2078788b p.lw             x17, x7(x16!)       x17=fffffff9 x16=10000264  x7:00000020 x16:10000244  PA:10000244
20483704ns          343175 1c00819a 43130733 p.mac            x14, x6, x17        x14=00000050 x14:000000b2  x6:0000000e x17:fffffff9
20483724ns          343176 1c008192 0046230b p.lw             x6, 4(x12!)          x6=0000000c x12=10000454 x12:10000450  PA:10000450
20483744ns          343177 1c008196 2078788b p.lw             x17, x7(x16!)       x17=fffffff1 x16=10000284  x7:00000020 x16:10000264  PA:10000264
20483784ns          343179 1c00819a 43130733 p.mac            x14, x6, x17        x14=ffffff9c x14:00000050  x6:0000000c x17:fffffff1
20483803ns          343180 1c008192 0046230b p.lw             x6, 4(x12!)          x6=0000000a x12=10000458 x12:10000454  PA:10000454
20483823ns          343181 1c008196 2078788b p.lw             x17, x7(x16!)       x17=ffffffe9 x16=100002a4  x7:00000020 x16:10000284  PA:10000284
20483863ns          343183 1c00819a 43130733 p.mac            x14, x6, x17        x14=fffffeb6 x14:ffffff9c  x6:0000000a x17:ffffffe9
20483883ns          343184 1c008192 0046230b p.lw             x6, 4(x12!)          x6=00000008 x12=1000045c x12:10000458  PA:10000458
20483903ns          343185 1c008196 2078788b p.lw             x17, x7(x16!)       x17=ffffffe1 x16=100002c4  x7:00000020 x16:100002a4  PA:100002a4
20483943ns          343187 1c00819a 43130733 p.mac            x14, x6, x17        x14=fffffdbe x14:fffffeb6  x6:00000008 x17:ffffffe1
20483963ns          343188 1c008192 0046230b p.lw             x6, 4(x12!)          x6=00000006 x12=10000460 x12:1000045c  PA:1000045c
20483982ns          343189 1c008196 2078788b p.lw             x17, x7(x16!)       x17=ffffffd9 x16=100002e4  x7:00000020 x16:100002c4  PA:100002c4
20484022ns          343191 1c00819a 43130733 p.mac            x14, x6, x17        x14=fffffcd4 x14:fffffdbe  x6:00000006 x17:ffffffd9
20484042ns          343192 1c008192 0046230b p.lw             x6, 4(x12!)          x6=00000004 x12=10000464 x12:10000460  PA:10000460
20484062ns          343193 1c008196 2078788b p.lw             x17, x7(x16!)       x17=ffffffd1 x16=10000304  x7:00000020 x16:100002e4  PA:100002e4
20484102ns          343195 1c00819a 43130733 p.mac            x14, x6, x17        x14=fffffc18 x14:fffffcd4  x6:00000004 x17:ffffffd1
20484122ns          343196 1c00819e 00ef222b p.sw             x14, 4(x30!)        x30=10000b48 x14:fffffc18 x30:10000b44  PA:10000b44
20484142ns          343197 1c0081a2 004e8e93 addi             x29, x29, 4         x29=10000208 x29:10000204
20484181ns          343199 1c00817e 40af87b3 sub              x15, x31, x10       x15=00000020 x31:10000464 x10:10000444
20484201ns          343200 1c008182 ffc78793 addi             x15, x15, -4        x15=0000001c x15:00000020
20484221ns          343201 1c008184 0027d793 srli             x15, x15, 0x2       x15=00000007 x15:0000001c
20484241ns          343202 1c008186 01d00833 add              x16, x0, x29        x16=10000208 x29:10000208
20484261ns          343203 1c008188 00a00633 add              x12, x0, x10        x12=10000444 x10:10000444
20484281ns          343204 1c00818a 00000713 addi             x14, x0, 0          x14=00000000
20484301ns          343205 1c00818c 00178793 addi             x15, x15, 1         x15=00000008 x15:00000007
20484321ns          343206 1c00818e 0067c0fb lp.setup         0x1, x15, 0x6       x15:00000008
20484340ns          343207 1c008192 0046230b p.lw             x6, 4(x12!)          x6=00000012 x12=10000448 x12:10000444  PA:10000444
20484360ns          343208 1c008196 2078788b p.lw             x17, x7(x16!)       x17=00000008 x16=10000228  x7:00000020 x16:10000208  PA:10000208
20484400ns          343210 1c00819a 43130733 p.mac            x14, x6, x17        x14=00000090 x14:00000000  x6:00000012 x17:00000008
20484420ns          343211 1c008192 0046230b p.lw             x6, 4(x12!)          x6=00000010 x12=1000044c x12:10000448  PA:10000448
20484440ns          343212 1c008196 2078788b p.lw             x17, x7(x16!)       x17=00000000 x16=10000248  x7:00000020 x16:10000228  PA:10000228
20484480ns          343214 1c00819a 43130733 p.mac            x14, x6, x17        x14=00000090 x14:00000090  x6:00000010 x17:00000000
20484500ns          343215 1c008192 0046230b p.lw             x6, 4(x12!)          x6=0000000e x12=10000450 x12:1000044c  PA:1000044c
20484519ns          343216 1c008196 2078788b p.lw             x17, x7(x16!)       x17=fffffff8 x16=10000268  x7:00000020 x16:10000248  PA:10000248
20484559ns          343218 1c00819a 43130733 p.mac            x14, x6, x17        x14=00000020 x14:00000090  x6:0000000e x17:fffffff8
20484579ns          343219 1c008192 0046230b p.lw             x6, 4(x12!)          x6=0000000c x12=10000454 x12:10000450  PA:10000450
20484599ns          343220 1c008196 2078788b p.lw             x17, x7(x16!)       x17=fffffff0 x16=10000288  x7:00000020 x16:10000268  PA:10000268
20484639ns          343222 1c00819a 43130733 p.mac            x14, x6, x17        x14=ffffff60 x14:00000020  x6:0000000c x17:fffffff0
20484659ns          343223 1c008192 0046230b p.lw             x6, 4(x12!)          x6=0000000a x12=10000458 x12:10000454  PA:10000454
20484679ns          343224 1c008196 2078788b p.lw             x17, x7(x16!)       x17=ffffffe8 x16=100002a8  x7:00000020 x16:10000288  PA:10000288
20484718ns          343226 1c00819a 43130733 p.mac            x14, x6, x17        x14=fffffe70 x14:ffffff60  x6:0000000a x17:ffffffe8
20484738ns          343227 1c008192 0046230b p.lw             x6, 4(x12!)          x6=00000008 x12=1000045c x12:10000458  PA:10000458
20484758ns          343228 1c008196 2078788b p.lw             x17, x7(x16!)       x17=ffffffe0 x16=100002c8  x7:00000020 x16:100002a8  PA:100002a8
20484798ns          343230 1c00819a 43130733 p.mac            x14, x6, x17        x14=fffffd70 x14:fffffe70  x6:00000008 x17:ffffffe0
20484818ns          343231 1c008192 0046230b p.lw             x6, 4(x12!)          x6=00000006 x12=10000460 x12:1000045c  PA:1000045c
20484838ns          343232 1c008196 2078788b p.lw             x17, x7(x16!)       x17=ffffffd8 x16=100002e8  x7:00000020 x16:100002c8  PA:100002c8
20484877ns          343234 1c00819a 43130733 p.mac            x14, x6, x17        x14=fffffc80 x14:fffffd70  x6:00000006 x17:ffffffd8
20484897ns          343235 1c008192 0046230b p.lw             x6, 4(x12!)          x6=00000004 x12=10000464 x12:10000460  PA:10000460
20484917ns          343236 1c008196 2078788b p.lw             x17, x7(x16!)       x17=ffffffd0 x16=10000308  x7:00000020 x16:100002e8  PA:100002e8
20484957ns          343238 1c00819a 43130733 p.mac            x14, x6, x17        x14=fffffbc0 x14:fffffc80  x6:00000004 x17:ffffffd0
20484977ns          343239 1c00819e 00ef222b p.sw             x14, 4(x30!)        x30=10000b4c x14:fffffbc0 x30:10000b48  PA:10000b48
20484997ns          343240 1c0081a2 004e8e93 addi             x29, x29, 4         x29=1000020c x29:10000208
20485037ns          343242 1c00817e 40af87b3 sub              x15, x31, x10       x15=00000020 x31:10000464 x10:10000444
20485057ns          343243 1c008182 ffc78793 addi             x15, x15, -4        x15=0000001c x15:00000020
20485076ns          343244 1c008184 0027d793 srli             x15, x15, 0x2       x15=00000007 x15:0000001c
20485096ns          343245 1c008186 01d00833 add              x16, x0, x29        x16=1000020c x29:1000020c
20485116ns          343246 1c008188 00a00633 add              x12, x0, x10        x12=10000444 x10:10000444
20485136ns          343247 1c00818a 00000713 addi             x14, x0, 0          x14=00000000
20485156ns          343248 1c00818c 00178793 addi             x15, x15, 1         x15=00000008 x15:00000007
20485176ns          343249 1c00818e 0067c0fb lp.setup         0x1, x15, 0x6       x15:00000008
20485196ns          343250 1c008192 0046230b p.lw             x6, 4(x12!)          x6=00000012 x12=10000448 x12:10000444  PA:10000444
20485216ns          343251 1c008196 2078788b p.lw             x17, x7(x16!)       x17=00000007 x16=1000022c  x7:00000020 x16:1000020c  PA:1000020c
20485255ns          343253 1c00819a 43130733 p.mac            x14, x6, x17        x14=0000007e x14:00000000  x6:00000012 x17:00000007
20485275ns          343254 1c008192 0046230b p.lw             x6, 4(x12!)          x6=00000010 x12=1000044c x12:10000448  PA:10000448
20485295ns          343255 1c008196 2078788b p.lw             x17, x7(x16!)       x17=ffffffff x16=1000024c  x7:00000020 x16:1000022c  PA:1000022c
20485335ns          343257 1c00819a 43130733 p.mac            x14, x6, x17        x14=0000006e x14:0000007e  x6:00000010 x17:ffffffff
20485355ns          343258 1c008192 0046230b p.lw             x6, 4(x12!)          x6=0000000e x12=10000450 x12:1000044c  PA:1000044c
20485375ns          343259 1c008196 2078788b p.lw             x17, x7(x16!)       x17=fffffff7 x16=1000026c  x7:00000020 x16:1000024c  PA:1000024c
20485415ns          343261 1c00819a 43130733 p.mac            x14, x6, x17        x14=fffffff0 x14:0000006e  x6:0000000e x17:fffffff7
20485434ns          343262 1c008192 0046230b p.lw             x6, 4(x12!)          x6=0000000c x12=10000454 x12:10000450  PA:10000450
20485454ns          343263 1c008196 2078788b p.lw             x17, x7(x16!)       x17=ffffffef x16=1000028c  x7:00000020 x16:1000026c  PA:1000026c
20485494ns          343265 1c00819a 43130733 p.mac            x14, x6, x17        x14=ffffff24 x14:fffffff0  x6:0000000c x17:ffffffef
20485514ns          343266 1c008192 0046230b p.lw             x6, 4(x12!)          x6=0000000a x12=10000458 x12:10000454  PA:10000454
20485534ns          343267 1c008196 2078788b p.lw             x17, x7(x16!)       x17=ffffffe7 x16=100002ac  x7:00000020 x16:1000028c  PA:1000028c
20485574ns          343269 1c00819a 43130733 p.mac            x14, x6, x17        x14=fffffe2a x14:ffffff24  x6:0000000a x17:ffffffe7
20485594ns          343270 1c008192 0046230b p.lw             x6, 4(x12!)          x6=00000008 x12=1000045c x12:10000458  PA:10000458
20485613ns          343271 1c008196 2078788b p.lw             x17, x7(x16!)       x17=ffffffdf x16=100002cc  x7:00000020 x16:100002ac  PA:100002ac
20485653ns          343273 1c00819a 43130733 p.mac            x14, x6, x17        x14=fffffd22 x14:fffffe2a  x6:00000008 x17:ffffffdf
20485673ns          343274 1c008192 0046230b p.lw             x6, 4(x12!)          x6=00000006 x12=10000460 x12:1000045c  PA:1000045c
20485693ns          343275 1c008196 2078788b p.lw             x17, x7(x16!)       x17=ffffffd7 x16=100002ec  x7:00000020 x16:100002cc  PA:100002cc
20485733ns          343277 1c00819a 43130733 p.mac            x14, x6, x17        x14=fffffc2c x14:fffffd22  x6:00000006 x17:ffffffd7
20485753ns          343278 1c008192 0046230b p.lw             x6, 4(x12!)          x6=00000004 x12=10000464 x12:10000460  PA:10000460
20485773ns          343279 1c008196 2078788b p.lw             x17, x7(x16!)       x17=ffffffcf x16=1000030c  x7:00000020 x16:100002ec  PA:100002ec
20485812ns          343281 1c00819a 43130733 p.mac            x14, x6, x17        x14=fffffb68 x14:fffffc2c  x6:00000004 x17:ffffffcf
20485832ns          343282 1c00819e 00ef222b p.sw             x14, 4(x30!)        x30=10000b50 x14:fffffb68 x30:10000b4c  PA:10000b4c
20485852ns          343283 1c0081a2 004e8e93 addi             x29, x29, 4         x29=10000210 x29:1000020c
20485892ns          343285 1c00817e 40af87b3 sub              x15, x31, x10       x15=00000020 x31:10000464 x10:10000444
20485912ns          343286 1c008182 ffc78793 addi             x15, x15, -4        x15=0000001c x15:00000020
20485932ns          343287 1c008184 0027d793 srli             x15, x15, 0x2       x15=00000007 x15:0000001c
20485952ns          343288 1c008186 01d00833 add              x16, x0, x29        x16=10000210 x29:10000210
20485971ns          343289 1c008188 00a00633 add              x12, x0, x10        x12=10000444 x10:10000444
20485991ns          343290 1c00818a 00000713 addi             x14, x0, 0          x14=00000000
20486011ns          343291 1c00818c 00178793 addi             x15, x15, 1         x15=00000008 x15:00000007
20486031ns          343292 1c00818e 0067c0fb lp.setup         0x1, x15, 0x6       x15:00000008
20486051ns          343293 1c008192 0046230b p.lw             x6, 4(x12!)          x6=00000012 x12=10000448 x12:10000444  PA:10000444
20486071ns          343294 1c008196 2078788b p.lw             x17, x7(x16!)       x17=00000006 x16=10000230  x7:00000020 x16:10000210  PA:10000210
20486111ns          343296 1c00819a 43130733 p.mac            x14, x6, x17        x14=0000006c x14:00000000  x6:00000012 x17:00000006
20486131ns          343297 1c008192 0046230b p.lw             x6, 4(x12!)          x6=00000010 x12=1000044c x12:10000448  PA:10000448
20486151ns          343298 1c008196 2078788b p.lw             x17, x7(x16!)       x17=fffffffe x16=10000250  x7:00000020 x16:10000230  PA:10000230
20486190ns          343300 1c00819a 43130733 p.mac            x14, x6, x17        x14=0000004c x14:0000006c  x6:00000010 x17:fffffffe
20486210ns          343301 1c008192 0046230b p.lw             x6, 4(x12!)          x6=0000000e x12=10000450 x12:1000044c  PA:1000044c
20486230ns          343302 1c008196 2078788b p.lw             x17, x7(x16!)       x17=fffffff6 x16=10000270  x7:00000020 x16:10000250  PA:10000250
20486270ns          343304 1c00819a 43130733 p.mac            x14, x6, x17        x14=ffffffc0 x14:0000004c  x6:0000000e x17:fffffff6
20486290ns          343305 1c008192 0046230b p.lw             x6, 4(x12!)          x6=0000000c x12=10000454 x12:10000450  PA:10000450
20486310ns          343306 1c008196 2078788b p.lw             x17, x7(x16!)       x17=ffffffee x16=10000290  x7:00000020 x16:10000270  PA:10000270
20486349ns          343308 1c00819a 43130733 p.mac            x14, x6, x17        x14=fffffee8 x14:ffffffc0  x6:0000000c x17:ffffffee
20486369ns          343309 1c008192 0046230b p.lw             x6, 4(x12!)          x6=0000000a x12=10000458 x12:10000454  PA:10000454
20486389ns          343310 1c008196 2078788b p.lw             x17, x7(x16!)       x17=ffffffe6 x16=100002b0  x7:00000020 x16:10000290  PA:10000290
20486429ns          343312 1c00819a 43130733 p.mac            x14, x6, x17        x14=fffffde4 x14:fffffee8  x6:0000000a x17:ffffffe6
20486449ns          343313 1c008192 0046230b p.lw             x6, 4(x12!)          x6=00000008 x12=1000045c x12:10000458  PA:10000458
20486469ns          343314 1c008196 2078788b p.lw             x17, x7(x16!)       x17=ffffffde x16=100002d0  x7:00000020 x16:100002b0  PA:100002b0
20486509ns          343316 1c00819a 43130733 p.mac            x14, x6, x17        x14=fffffcd4 x14:fffffde4  x6:00000008 x17:ffffffde
20486528ns          343317 1c008192 0046230b p.lw             x6, 4(x12!)          x6=00000006 x12=10000460 x12:1000045c  PA:1000045c
20486548ns          343318 1c008196 2078788b p.lw             x17, x7(x16!)       x17=ffffffd6 x16=100002f0  x7:00000020 x16:100002d0  PA:100002d0
20486588ns          343320 1c00819a 43130733 p.mac            x14, x6, x17        x14=fffffbd8 x14:fffffcd4  x6:00000006 x17:ffffffd6
20486608ns          343321 1c008192 0046230b p.lw             x6, 4(x12!)          x6=00000004 x12=10000464 x12:10000460  PA:10000460
20486628ns          343322 1c008196 2078788b p.lw             x17, x7(x16!)       x17=ffffffce x16=10000310  x7:00000020 x16:100002f0  PA:100002f0
20486668ns          343324 1c00819a 43130733 p.mac            x14, x6, x17        x14=fffffb10 x14:fffffbd8  x6:00000004 x17:ffffffce
20486688ns          343325 1c00819e 00ef222b p.sw             x14, 4(x30!)        x30=10000b54 x14:fffffb10 x30:10000b50  PA:10000b50
20486707ns          343326 1c0081a2 004e8e93 addi             x29, x29, 4         x29=10000214 x29:10000210
20486747ns          343328 1c00817e 40af87b3 sub              x15, x31, x10       x15=00000020 x31:10000464 x10:10000444
20486767ns          343329 1c008182 ffc78793 addi             x15, x15, -4        x15=0000001c x15:00000020
20486787ns          343330 1c008184 0027d793 srli             x15, x15, 0x2       x15=00000007 x15:0000001c
20486807ns          343331 1c008186 01d00833 add              x16, x0, x29        x16=10000214 x29:10000214
20486827ns          343332 1c008188 00a00633 add              x12, x0, x10        x12=10000444 x10:10000444
20486847ns          343333 1c00818a 00000713 addi             x14, x0, 0          x14=00000000
20486867ns          343334 1c00818c 00178793 addi             x15, x15, 1         x15=00000008 x15:00000007
20486886ns          343335 1c00818e 0067c0fb lp.setup         0x1, x15, 0x6       x15:00000008
20486906ns          343336 1c008192 0046230b p.lw             x6, 4(x12!)          x6=00000012 x12=10000448 x12:10000444  PA:10000444
20486926ns          343337 1c008196 2078788b p.lw             x17, x7(x16!)       x17=00000005 x16=10000234  x7:00000020 x16:10000214  PA:10000214
20486966ns          343339 1c00819a 43130733 p.mac            x14, x6, x17        x14=0000005a x14:00000000  x6:00000012 x17:00000005
20486986ns          343340 1c008192 0046230b p.lw             x6, 4(x12!)          x6=00000010 x12=1000044c x12:10000448  PA:10000448
20487006ns          343341 1c008196 2078788b p.lw             x17, x7(x16!)       x17=fffffffd x16=10000254  x7:00000020 x16:10000234  PA:10000234
20487046ns          343343 1c00819a 43130733 p.mac            x14, x6, x17        x14=0000002a x14:0000005a  x6:00000010 x17:fffffffd
20487065ns          343344 1c008192 0046230b p.lw             x6, 4(x12!)          x6=0000000e x12=10000450 x12:1000044c  PA:1000044c
20487085ns          343345 1c008196 2078788b p.lw             x17, x7(x16!)       x17=fffffff5 x16=10000274  x7:00000020 x16:10000254  PA:10000254
20487125ns          343347 1c00819a 43130733 p.mac            x14, x6, x17        x14=ffffff90 x14:0000002a  x6:0000000e x17:fffffff5
20487145ns          343348 1c008192 0046230b p.lw             x6, 4(x12!)          x6=0000000c x12=10000454 x12:10000450  PA:10000450
20487165ns          343349 1c008196 2078788b p.lw             x17, x7(x16!)       x17=ffffffed x16=10000294  x7:00000020 x16:10000274  PA:10000274
20487205ns          343351 1c00819a 43130733 p.mac            x14, x6, x17        x14=fffffeac x14:ffffff90  x6:0000000c x17:ffffffed
20487225ns          343352 1c008192 0046230b p.lw             x6, 4(x12!)          x6=0000000a x12=10000458 x12:10000454  PA:10000454
20487244ns          343353 1c008196 2078788b p.lw             x17, x7(x16!)       x17=ffffffe5 x16=100002b4  x7:00000020 x16:10000294  PA:10000294
20487284ns          343355 1c00819a 43130733 p.mac            x14, x6, x17        x14=fffffd9e x14:fffffeac  x6:0000000a x17:ffffffe5
20487304ns          343356 1c008192 0046230b p.lw             x6, 4(x12!)          x6=00000008 x12=1000045c x12:10000458  PA:10000458
20487324ns          343357 1c008196 2078788b p.lw             x17, x7(x16!)       x17=ffffffdd x16=100002d4  x7:00000020 x16:100002b4  PA:100002b4
20487364ns          343359 1c00819a 43130733 p.mac            x14, x6, x17        x14=fffffc86 x14:fffffd9e  x6:00000008 x17:ffffffdd
20487384ns          343360 1c008192 0046230b p.lw             x6, 4(x12!)          x6=00000006 x12=10000460 x12:1000045c  PA:1000045c
20487404ns          343361 1c008196 2078788b p.lw             x17, x7(x16!)       x17=ffffffd5 x16=100002f4  x7:00000020 x16:100002d4  PA:100002d4
20487443ns          343363 1c00819a 43130733 p.mac            x14, x6, x17        x14=fffffb84 x14:fffffc86  x6:00000006 x17:ffffffd5
20487463ns          343364 1c008192 0046230b p.lw             x6, 4(x12!)          x6=00000004 x12=10000464 x12:10000460  PA:10000460
20487483ns          343365 1c008196 2078788b p.lw             x17, x7(x16!)       x17=ffffffcd x16=10000314  x7:00000020 x16:100002f4  PA:100002f4
20487523ns          343367 1c00819a 43130733 p.mac            x14, x6, x17        x14=fffffab8 x14:fffffb84  x6:00000004 x17:ffffffcd
20487543ns          343368 1c00819e 00ef222b p.sw             x14, 4(x30!)        x30=10000b58 x14:fffffab8 x30:10000b54  PA:10000b54
20487563ns          343369 1c0081a2 004e8e93 addi             x29, x29, 4         x29=10000218 x29:10000214
20487603ns          343371 1c00817e 40af87b3 sub              x15, x31, x10       x15=00000020 x31:10000464 x10:10000444
20487622ns          343372 1c008182 ffc78793 addi             x15, x15, -4        x15=0000001c x15:00000020
20487642ns          343373 1c008184 0027d793 srli             x15, x15, 0x2       x15=00000007 x15:0000001c
20487662ns          343374 1c008186 01d00833 add              x16, x0, x29        x16=10000218 x29:10000218
20487682ns          343375 1c008188 00a00633 add              x12, x0, x10        x12=10000444 x10:10000444
20487702ns          343376 1c00818a 00000713 addi             x14, x0, 0          x14=00000000
20487722ns          343377 1c00818c 00178793 addi             x15, x15, 1         x15=00000008 x15:00000007
20487742ns          343378 1c00818e 0067c0fb lp.setup         0x1, x15, 0x6       x15:00000008
20487762ns          343379 1c008192 0046230b p.lw             x6, 4(x12!)          x6=00000012 x12=10000448 x12:10000444  PA:10000444
20487782ns          343380 1c008196 2078788b p.lw             x17, x7(x16!)       x17=00000004 x16=10000238  x7:00000020 x16:10000218  PA:10000218
20487821ns          343382 1c00819a 43130733 p.mac            x14, x6, x17        x14=00000048 x14:00000000  x6:00000012 x17:00000004
20487841ns          343383 1c008192 0046230b p.lw             x6, 4(x12!)          x6=00000010 x12=1000044c x12:10000448  PA:10000448
20487861ns          343384 1c008196 2078788b p.lw             x17, x7(x16!)       x17=fffffffc x16=10000258  x7:00000020 x16:10000238  PA:10000238
20487901ns          343386 1c00819a 43130733 p.mac            x14, x6, x17        x14=00000008 x14:00000048  x6:00000010 x17:fffffffc
20487921ns          343387 1c008192 0046230b p.lw             x6, 4(x12!)          x6=0000000e x12=10000450 x12:1000044c  PA:1000044c
20487941ns          343388 1c008196 2078788b p.lw             x17, x7(x16!)       x17=fffffff4 x16=10000278  x7:00000020 x16:10000258  PA:10000258
20487980ns          343390 1c00819a 43130733 p.mac            x14, x6, x17        x14=ffffff60 x14:00000008  x6:0000000e x17:fffffff4
20488000ns          343391 1c008192 0046230b p.lw             x6, 4(x12!)          x6=0000000c x12=10000454 x12:10000450  PA:10000450
20488020ns          343392 1c008196 2078788b p.lw             x17, x7(x16!)       x17=ffffffec x16=10000298  x7:00000020 x16:10000278  PA:10000278
20488060ns          343394 1c00819a 43130733 p.mac            x14, x6, x17        x14=fffffe70 x14:ffffff60  x6:0000000c x17:ffffffec
20488080ns          343395 1c008192 0046230b p.lw             x6, 4(x12!)          x6=0000000a x12=10000458 x12:10000454  PA:10000454
20488100ns          343396 1c008196 2078788b p.lw             x17, x7(x16!)       x17=ffffffe4 x16=100002b8  x7:00000020 x16:10000298  PA:10000298
20488140ns          343398 1c00819a 43130733 p.mac            x14, x6, x17        x14=fffffd58 x14:fffffe70  x6:0000000a x17:ffffffe4
20488159ns          343399 1c008192 0046230b p.lw             x6, 4(x12!)          x6=00000008 x12=1000045c x12:10000458  PA:10000458
20488179ns          343400 1c008196 2078788b p.lw             x17, x7(x16!)       x17=ffffffdc x16=100002d8  x7:00000020 x16:100002b8  PA:100002b8
20488219ns          343402 1c00819a 43130733 p.mac            x14, x6, x17        x14=fffffc38 x14:fffffd58  x6:00000008 x17:ffffffdc
20488239ns          343403 1c008192 0046230b p.lw             x6, 4(x12!)          x6=00000006 x12=10000460 x12:1000045c  PA:1000045c
20488259ns          343404 1c008196 2078788b p.lw             x17, x7(x16!)       x17=ffffffd4 x16=100002f8  x7:00000020 x16:100002d8  PA:100002d8
20488299ns          343406 1c00819a 43130733 p.mac            x14, x6, x17        x14=fffffb30 x14:fffffc38  x6:00000006 x17:ffffffd4
20488319ns          343407 1c008192 0046230b p.lw             x6, 4(x12!)          x6=00000004 x12=10000464 x12:10000460  PA:10000460
20488338ns          343408 1c008196 2078788b p.lw             x17, x7(x16!)       x17=ffffffcc x16=10000318  x7:00000020 x16:100002f8  PA:100002f8
20488378ns          343410 1c00819a 43130733 p.mac            x14, x6, x17        x14=fffffa60 x14:fffffb30  x6:00000004 x17:ffffffcc
20488398ns          343411 1c00819e 00ef222b p.sw             x14, 4(x30!)        x30=10000b5c x14:fffffa60 x30:10000b58  PA:10000b58
20488418ns          343412 1c0081a2 004e8e93 addi             x29, x29, 4         x29=1000021c x29:10000218
20488458ns          343414 1c00817e 40af87b3 sub              x15, x31, x10       x15=00000020 x31:10000464 x10:10000444
20488478ns          343415 1c008182 ffc78793 addi             x15, x15, -4        x15=0000001c x15:00000020
20488498ns          343416 1c008184 0027d793 srli             x15, x15, 0x2       x15=00000007 x15:0000001c
20488518ns          343417 1c008186 01d00833 add              x16, x0, x29        x16=1000021c x29:1000021c
20488537ns          343418 1c008188 00a00633 add              x12, x0, x10        x12=10000444 x10:10000444
20488557ns          343419 1c00818a 00000713 addi             x14, x0, 0          x14=00000000
20488577ns          343420 1c00818c 00178793 addi             x15, x15, 1         x15=00000008 x15:00000007
20488597ns          343421 1c00818e 0067c0fb lp.setup         0x1, x15, 0x6       x15:00000008
20488617ns          343422 1c008192 0046230b p.lw             x6, 4(x12!)          x6=00000012 x12=10000448 x12:10000444  PA:10000444
20488637ns          343423 1c008196 2078788b p.lw             x17, x7(x16!)       x17=00000003 x16=1000023c  x7:00000020 x16:1000021c  PA:1000021c
20488677ns          343425 1c00819a 43130733 p.mac            x14, x6, x17        x14=00000036 x14:00000000  x6:00000012 x17:00000003
20488697ns          343426 1c008192 0046230b p.lw             x6, 4(x12!)          x6=00000010 x12=1000044c x12:10000448  PA:10000448
20488716ns          343427 1c008196 2078788b p.lw             x17, x7(x16!)       x17=fffffffb x16=1000025c  x7:00000020 x16:1000023c  PA:1000023c
20488756ns          343429 1c00819a 43130733 p.mac            x14, x6, x17        x14=ffffffe6 x14:00000036  x6:00000010 x17:fffffffb
20488776ns          343430 1c008192 0046230b p.lw             x6, 4(x12!)          x6=0000000e x12=10000450 x12:1000044c  PA:1000044c
20488796ns          343431 1c008196 2078788b p.lw             x17, x7(x16!)       x17=fffffff3 x16=1000027c  x7:00000020 x16:1000025c  PA:1000025c
20488836ns          343433 1c00819a 43130733 p.mac            x14, x6, x17        x14=ffffff30 x14:ffffffe6  x6:0000000e x17:fffffff3
20488856ns          343434 1c008192 0046230b p.lw             x6, 4(x12!)          x6=0000000c x12=10000454 x12:10000450  PA:10000450
20488876ns          343435 1c008196 2078788b p.lw             x17, x7(x16!)       x17=ffffffeb x16=1000029c  x7:00000020 x16:1000027c  PA:1000027c
20488915ns          343437 1c00819a 43130733 p.mac            x14, x6, x17        x14=fffffe34 x14:ffffff30  x6:0000000c x17:ffffffeb
20488935ns          343438 1c008192 0046230b p.lw             x6, 4(x12!)          x6=0000000a x12=10000458 x12:10000454  PA:10000454
20488955ns          343439 1c008196 2078788b p.lw             x17, x7(x16!)       x17=ffffffe3 x16=100002bc  x7:00000020 x16:1000029c  PA:1000029c
20488995ns          343441 1c00819a 43130733 p.mac            x14, x6, x17        x14=fffffd12 x14:fffffe34  x6:0000000a x17:ffffffe3
20489015ns          343442 1c008192 0046230b p.lw             x6, 4(x12!)          x6=00000008 x12=1000045c x12:10000458  PA:10000458
20489035ns          343443 1c008196 2078788b p.lw             x17, x7(x16!)       x17=ffffffdb x16=100002dc  x7:00000020 x16:100002bc  PA:100002bc
20489074ns          343445 1c00819a 43130733 p.mac            x14, x6, x17        x14=fffffbea x14:fffffd12  x6:00000008 x17:ffffffdb
20489094ns          343446 1c008192 0046230b p.lw             x6, 4(x12!)          x6=00000006 x12=10000460 x12:1000045c  PA:1000045c
20489114ns          343447 1c008196 2078788b p.lw             x17, x7(x16!)       x17=ffffffd3 x16=100002fc  x7:00000020 x16:100002dc  PA:100002dc
20489154ns          343449 1c00819a 43130733 p.mac            x14, x6, x17        x14=fffffadc x14:fffffbea  x6:00000006 x17:ffffffd3
20489174ns          343450 1c008192 0046230b p.lw             x6, 4(x12!)          x6=00000004 x12=10000464 x12:10000460  PA:10000460
20489194ns          343451 1c008196 2078788b p.lw             x17, x7(x16!)       x17=ffffffcb x16=1000031c  x7:00000020 x16:100002fc  PA:100002fc
20489234ns          343453 1c00819a 43130733 p.mac            x14, x6, x17        x14=fffffa08 x14:fffffadc  x6:00000004 x17:ffffffcb
20489253ns          343454 1c00819e 00ef222b p.sw             x14, 4(x30!)        x30=10000b60 x14:fffffa08 x30:10000b5c  PA:10000b5c
20489273ns          343455 1c0081a2 004e8e93 addi             x29, x29, 4         x29=10000220 x29:1000021c
20489313ns          343457 1c00817e 40af87b3 sub              x15, x31, x10       x15=00000020 x31:10000464 x10:10000444
20489333ns          343458 1c008182 ffc78793 addi             x15, x15, -4        x15=0000001c x15:00000020
20489353ns          343459 1c008184 0027d793 srli             x15, x15, 0x2       x15=00000007 x15:0000001c
20489373ns          343460 1c008186 01d00833 add              x16, x0, x29        x16=10000220 x29:10000220
20489393ns          343461 1c008188 00a00633 add              x12, x0, x10        x12=10000444 x10:10000444
20489413ns          343462 1c00818a 00000713 addi             x14, x0, 0          x14=00000000
20489432ns          343463 1c00818c 00178793 addi             x15, x15, 1         x15=00000008 x15:00000007
20489452ns          343464 1c00818e 0067c0fb lp.setup         0x1, x15, 0x6       x15:00000008
20489472ns          343465 1c008192 0046230b p.lw             x6, 4(x12!)          x6=00000012 x12=10000448 x12:10000444  PA:10000444
20489492ns          343466 1c008196 2078788b p.lw             x17, x7(x16!)       x17=00000002 x16=10000240  x7:00000020 x16:10000220  PA:10000220
20489532ns          343468 1c00819a 43130733 p.mac            x14, x6, x17        x14=00000024 x14:00000000  x6:00000012 x17:00000002
20489552ns          343469 1c008192 0046230b p.lw             x6, 4(x12!)          x6=00000010 x12=1000044c x12:10000448  PA:10000448
20489572ns          343470 1c008196 2078788b p.lw             x17, x7(x16!)       x17=fffffffa x16=10000260  x7:00000020 x16:10000240  PA:10000240
20489611ns          343472 1c00819a 43130733 p.mac            x14, x6, x17        x14=ffffffc4 x14:00000024  x6:00000010 x17:fffffffa
20489631ns          343473 1c008192 0046230b p.lw             x6, 4(x12!)          x6=0000000e x12=10000450 x12:1000044c  PA:1000044c
20489651ns          343474 1c008196 2078788b p.lw             x17, x7(x16!)       x17=fffffff2 x16=10000280  x7:00000020 x16:10000260  PA:10000260
20489691ns          343476 1c00819a 43130733 p.mac            x14, x6, x17        x14=ffffff00 x14:ffffffc4  x6:0000000e x17:fffffff2
20489711ns          343477 1c008192 0046230b p.lw             x6, 4(x12!)          x6=0000000c x12=10000454 x12:10000450  PA:10000450
20489731ns          343478 1c008196 2078788b p.lw             x17, x7(x16!)       x17=ffffffea x16=100002a0  x7:00000020 x16:10000280  PA:10000280
20489771ns          343480 1c00819a 43130733 p.mac            x14, x6, x17        x14=fffffdf8 x14:ffffff00  x6:0000000c x17:ffffffea
20489791ns          343481 1c008192 0046230b p.lw             x6, 4(x12!)          x6=0000000a x12=10000458 x12:10000454  PA:10000454
20489810ns          343482 1c008196 2078788b p.lw             x17, x7(x16!)       x17=ffffffe2 x16=100002c0  x7:00000020 x16:100002a0  PA:100002a0
20489850ns          343484 1c00819a 43130733 p.mac            x14, x6, x17        x14=fffffccc x14:fffffdf8  x6:0000000a x17:ffffffe2
20489870ns          343485 1c008192 0046230b p.lw             x6, 4(x12!)          x6=00000008 x12=1000045c x12:10000458  PA:10000458
20489890ns          343486 1c008196 2078788b p.lw             x17, x7(x16!)       x17=ffffffda x16=100002e0  x7:00000020 x16:100002c0  PA:100002c0
20489930ns          343488 1c00819a 43130733 p.mac            x14, x6, x17        x14=fffffb9c x14:fffffccc  x6:00000008 x17:ffffffda
20489950ns          343489 1c008192 0046230b p.lw             x6, 4(x12!)          x6=00000006 x12=10000460 x12:1000045c  PA:1000045c
20489970ns          343490 1c008196 2078788b p.lw             x17, x7(x16!)       x17=ffffffd2 x16=10000300  x7:00000020 x16:100002e0  PA:100002e0
20490009ns          343492 1c00819a 43130733 p.mac            x14, x6, x17        x14=fffffa88 x14:fffffb9c  x6:00000006 x17:ffffffd2
20490029ns          343493 1c008192 0046230b p.lw             x6, 4(x12!)          x6=00000004 x12=10000464 x12:10000460  PA:10000460
20490049ns          343494 1c008196 2078788b p.lw             x17, x7(x16!)       x17=ffffffca x16=10000320  x7:00000020 x16:10000300  PA:10000300
20490089ns          343496 1c00819a 43130733 p.mac            x14, x6, x17        x14=fffff9b0 x14:fffffa88  x6:00000004 x17:ffffffca
20490109ns          343497 1c00819e 00ef222b p.sw             x14, 4(x30!)        x30=10000b64 x14:fffff9b0 x30:10000b60  PA:10000b60
20490129ns          343498 1c0081a2 004e8e93 addi             x29, x29, 4         x29=10000224 x29:10000220
20490149ns          343499 1c0081a4 00128293 addi             x5, x5, 1            x5=00000003  x5:00000002
20490168ns          343500 1c0081a6 00750533 add              x10, x10, x7        x10=10000464 x10:10000444  x7:00000020
20490188ns          343501 1c0081a8 007f8fb3 add              x31, x31, x7        x31=10000484 x31:10000464  x7:00000020
20490208ns          343502 1c0081aa fa569fe3 bne              x13, x5, -66        x13:00000008  x5:00000003
20490268ns          343505 1c008168 40b48e33 sub              x28, x9, x11        x28=00000020  x9:10000224 x11:10000204
20490288ns          343506 1c00816c ffce0e13 addi             x28, x28, -4        x28=0000001c x28:00000020
20490308ns          343507 1c00816e 002e5e13 srli             x28, x28, 0x2       x28=00000007 x28:0000001c
20490328ns          343508 1c008172 008f8f33 add              x30, x31, x8        x30=10000b64 x31:10000484  x8:000006e0
20490347ns          343509 1c008176 00b00eb3 add              x29, x0, x11        x29=10000204 x11:10000204
20490367ns          343510 1c008178 001e0e13 addi             x28, x28, 1         x28=00000008 x28:00000007
20490387ns          343511 1c00817a 014e407b lp.setup         0x0, x28, 0x14      x28:00000008
20490407ns          343512 1c00817e 40af87b3 sub              x15, x31, x10       x15=00000020 x31:10000484 x10:10000464
20490427ns          343513 1c008182 ffc78793 addi             x15, x15, -4        x15=0000001c x15:00000020
20490447ns          343514 1c008184 0027d793 srli             x15, x15, 0x2       x15=00000007 x15:0000001c
20490467ns          343515 1c008186 01d00833 add              x16, x0, x29        x16=10000204 x29:10000204
20490487ns          343516 1c008188 00a00633 add              x12, x0, x10        x12=10000464 x10:10000464
20490507ns          343517 1c00818a 00000713 addi             x14, x0, 0          x14=00000000
20490526ns          343518 1c00818c 00178793 addi             x15, x15, 1         x15=00000008 x15:00000007
20490546ns          343519 1c00818e 0067c0fb lp.setup         0x1, x15, 0x6       x15:00000008
20490566ns          343520 1c008192 0046230b p.lw             x6, 4(x12!)          x6=00000002 x12=10000468 x12:10000464  PA:10000464
20490586ns          343521 1c008196 2078788b p.lw             x17, x7(x16!)       x17=00000009 x16=10000224  x7:00000020 x16:10000204  PA:10000204
20490626ns          343523 1c00819a 43130733 p.mac            x14, x6, x17        x14=00000012 x14:00000000  x6:00000002 x17:00000009
20490646ns          343524 1c008192 0046230b p.lw             x6, 4(x12!)          x6=00000000 x12=1000046c x12:10000468  PA:10000468
20490666ns          343525 1c008196 2078788b p.lw             x17, x7(x16!)       x17=00000001 x16=10000244  x7:00000020 x16:10000224  PA:10000224
20490705ns          343527 1c00819a 43130733 p.mac            x14, x6, x17        x14=00000012 x14:00000012  x6:00000000 x17:00000001
20490725ns          343528 1c008192 0046230b p.lw             x6, 4(x12!)          x6=fffffffe x12=10000470 x12:1000046c  PA:1000046c
20490745ns          343529 1c008196 2078788b p.lw             x17, x7(x16!)       x17=fffffff9 x16=10000264  x7:00000020 x16:10000244  PA:10000244
20490785ns          343531 1c00819a 43130733 p.mac            x14, x6, x17        x14=00000020 x14:00000012  x6:fffffffe x17:fffffff9
20490805ns          343532 1c008192 0046230b p.lw             x6, 4(x12!)          x6=fffffffc x12=10000474 x12:10000470  PA:10000470
20490825ns          343533 1c008196 2078788b p.lw             x17, x7(x16!)       x17=fffffff1 x16=10000284  x7:00000020 x16:10000264  PA:10000264
20490865ns          343535 1c00819a 43130733 p.mac            x14, x6, x17        x14=0000005c x14:00000020  x6:fffffffc x17:fffffff1
20490885ns          343536 1c008192 0046230b p.lw             x6, 4(x12!)          x6=fffffffa x12=10000478 x12:10000474  PA:10000474
20490904ns          343537 1c008196 2078788b p.lw             x17, x7(x16!)       x17=ffffffe9 x16=100002a4  x7:00000020 x16:10000284  PA:10000284
20490944ns          343539 1c00819a 43130733 p.mac            x14, x6, x17        x14=000000e6 x14:0000005c  x6:fffffffa x17:ffffffe9
20490964ns          343540 1c008192 0046230b p.lw             x6, 4(x12!)          x6=fffffff8 x12=1000047c x12:10000478  PA:10000478
20490984ns          343541 1c008196 2078788b p.lw             x17, x7(x16!)       x17=ffffffe1 x16=100002c4  x7:00000020 x16:100002a4  PA:100002a4
20491024ns          343543 1c00819a 43130733 p.mac            x14, x6, x17        x14=000001de x14:000000e6  x6:fffffff8 x17:ffffffe1
20491044ns          343544 1c008192 0046230b p.lw             x6, 4(x12!)          x6=fffffff6 x12=10000480 x12:1000047c  PA:1000047c
20491064ns          343545 1c008196 2078788b p.lw             x17, x7(x16!)       x17=ffffffd9 x16=100002e4  x7:00000020 x16:100002c4  PA:100002c4
20491103ns          343547 1c00819a 43130733 p.mac            x14, x6, x17        x14=00000364 x14:000001de  x6:fffffff6 x17:ffffffd9
20491123ns          343548 1c008192 0046230b p.lw             x6, 4(x12!)          x6=fffffff4 x12=10000484 x12:10000480  PA:10000480
20491143ns          343549 1c008196 2078788b p.lw             x17, x7(x16!)       x17=ffffffd1 x16=10000304  x7:00000020 x16:100002e4  PA:100002e4
20491183ns          343551 1c00819a 43130733 p.mac            x14, x6, x17        x14=00000598 x14:00000364  x6:fffffff4 x17:ffffffd1
20491203ns          343552 1c00819e 00ef222b p.sw             x14, 4(x30!)        x30=10000b68 x14:00000598 x30:10000b64  PA:10000b64
20491223ns          343553 1c0081a2 004e8e93 addi             x29, x29, 4         x29=10000208 x29:10000204
20491262ns          343555 1c00817e 40af87b3 sub              x15, x31, x10       x15=00000020 x31:10000484 x10:10000464
20491282ns          343556 1c008182 ffc78793 addi             x15, x15, -4        x15=0000001c x15:00000020
20491302ns          343557 1c008184 0027d793 srli             x15, x15, 0x2       x15=00000007 x15:0000001c
20491322ns          343558 1c008186 01d00833 add              x16, x0, x29        x16=10000208 x29:10000208
20491342ns          343559 1c008188 00a00633 add              x12, x0, x10        x12=10000464 x10:10000464
20491362ns          343560 1c00818a 00000713 addi             x14, x0, 0          x14=00000000
20491382ns          343561 1c00818c 00178793 addi             x15, x15, 1         x15=00000008 x15:00000007
20491402ns          343562 1c00818e 0067c0fb lp.setup         0x1, x15, 0x6       x15:00000008
20491422ns          343563 1c008192 0046230b p.lw             x6, 4(x12!)          x6=00000002 x12=10000468 x12:10000464  PA:10000464
20491441ns          343564 1c008196 2078788b p.lw             x17, x7(x16!)       x17=00000008 x16=10000228  x7:00000020 x16:10000208  PA:10000208
20491481ns          343566 1c00819a 43130733 p.mac            x14, x6, x17        x14=00000010 x14:00000000  x6:00000002 x17:00000008
20491501ns          343567 1c008192 0046230b p.lw             x6, 4(x12!)          x6=00000000 x12=1000046c x12:10000468  PA:10000468
20491521ns          343568 1c008196 2078788b p.lw             x17, x7(x16!)       x17=00000000 x16=10000248  x7:00000020 x16:10000228  PA:10000228
20491561ns          343570 1c00819a 43130733 p.mac            x14, x6, x17        x14=00000010 x14:00000010  x6:00000000 x17:00000000
20491581ns          343571 1c008192 0046230b p.lw             x6, 4(x12!)          x6=fffffffe x12=10000470 x12:1000046c  PA:1000046c
20491601ns          343572 1c008196 2078788b p.lw             x17, x7(x16!)       x17=fffffff8 x16=10000268  x7:00000020 x16:10000248  PA:10000248
20491640ns          343574 1c00819a 43130733 p.mac            x14, x6, x17        x14=00000020 x14:00000010  x6:fffffffe x17:fffffff8
20491660ns          343575 1c008192 0046230b p.lw             x6, 4(x12!)          x6=fffffffc x12=10000474 x12:10000470  PA:10000470
20491680ns          343576 1c008196 2078788b p.lw             x17, x7(x16!)       x17=fffffff0 x16=10000288  x7:00000020 x16:10000268  PA:10000268
20491720ns          343578 1c00819a 43130733 p.mac            x14, x6, x17        x14=00000060 x14:00000020  x6:fffffffc x17:fffffff0
20491740ns          343579 1c008192 0046230b p.lw             x6, 4(x12!)          x6=fffffffa x12=10000478 x12:10000474  PA:10000474
20491760ns          343580 1c008196 2078788b p.lw             x17, x7(x16!)       x17=ffffffe8 x16=100002a8  x7:00000020 x16:10000288  PA:10000288
20491799ns          343582 1c00819a 43130733 p.mac            x14, x6, x17        x14=000000f0 x14:00000060  x6:fffffffa x17:ffffffe8
20491819ns          343583 1c008192 0046230b p.lw             x6, 4(x12!)          x6=fffffff8 x12=1000047c x12:10000478  PA:10000478
20491839ns          343584 1c008196 2078788b p.lw             x17, x7(x16!)       x17=ffffffe0 x16=100002c8  x7:00000020 x16:100002a8  PA:100002a8
20491879ns          343586 1c00819a 43130733 p.mac            x14, x6, x17        x14=000001f0 x14:000000f0  x6:fffffff8 x17:ffffffe0
20491899ns          343587 1c008192 0046230b p.lw             x6, 4(x12!)          x6=fffffff6 x12=10000480 x12:1000047c  PA:1000047c
20491919ns          343588 1c008196 2078788b p.lw             x17, x7(x16!)       x17=ffffffd8 x16=100002e8  x7:00000020 x16:100002c8  PA:100002c8
20491959ns          343590 1c00819a 43130733 p.mac            x14, x6, x17        x14=00000380 x14:000001f0  x6:fffffff6 x17:ffffffd8
20491978ns          343591 1c008192 0046230b p.lw             x6, 4(x12!)          x6=fffffff4 x12=10000484 x12:10000480  PA:10000480
20491998ns          343592 1c008196 2078788b p.lw             x17, x7(x16!)       x17=ffffffd0 x16=10000308  x7:00000020 x16:100002e8  PA:100002e8
20492038ns          343594 1c00819a 43130733 p.mac            x14, x6, x17        x14=000005c0 x14:00000380  x6:fffffff4 x17:ffffffd0
20492058ns          343595 1c00819e 00ef222b p.sw             x14, 4(x30!)        x30=10000b6c x14:000005c0 x30:10000b68  PA:10000b68
20492078ns          343596 1c0081a2 004e8e93 addi             x29, x29, 4         x29=1000020c x29:10000208
20492118ns          343598 1c00817e 40af87b3 sub              x15, x31, x10       x15=00000020 x31:10000484 x10:10000464
20492138ns          343599 1c008182 ffc78793 addi             x15, x15, -4        x15=0000001c x15:00000020
20492158ns          343600 1c008184 0027d793 srli             x15, x15, 0x2       x15=00000007 x15:0000001c
20492177ns          343601 1c008186 01d00833 add              x16, x0, x29        x16=1000020c x29:1000020c
20492197ns          343602 1c008188 00a00633 add              x12, x0, x10        x12=10000464 x10:10000464
20492217ns          343603 1c00818a 00000713 addi             x14, x0, 0          x14=00000000
20492237ns          343604 1c00818c 00178793 addi             x15, x15, 1         x15=00000008 x15:00000007
20492257ns          343605 1c00818e 0067c0fb lp.setup         0x1, x15, 0x6       x15:00000008
20492277ns          343606 1c008192 0046230b p.lw             x6, 4(x12!)          x6=00000002 x12=10000468 x12:10000464  PA:10000464
20492297ns          343607 1c008196 2078788b p.lw             x17, x7(x16!)       x17=00000007 x16=1000022c  x7:00000020 x16:1000020c  PA:1000020c
20492337ns          343609 1c00819a 43130733 p.mac            x14, x6, x17        x14=0000000e x14:00000000  x6:00000002 x17:00000007
20492356ns          343610 1c008192 0046230b p.lw             x6, 4(x12!)          x6=00000000 x12=1000046c x12:10000468  PA:10000468
20492376ns          343611 1c008196 2078788b p.lw             x17, x7(x16!)       x17=ffffffff x16=1000024c  x7:00000020 x16:1000022c  PA:1000022c
20492416ns          343613 1c00819a 43130733 p.mac            x14, x6, x17        x14=0000000e x14:0000000e  x6:00000000 x17:ffffffff
20492436ns          343614 1c008192 0046230b p.lw             x6, 4(x12!)          x6=fffffffe x12=10000470 x12:1000046c  PA:1000046c
20492456ns          343615 1c008196 2078788b p.lw             x17, x7(x16!)       x17=fffffff7 x16=1000026c  x7:00000020 x16:1000024c  PA:1000024c
20492496ns          343617 1c00819a 43130733 p.mac            x14, x6, x17        x14=00000020 x14:0000000e  x6:fffffffe x17:fffffff7
20492516ns          343618 1c008192 0046230b p.lw             x6, 4(x12!)          x6=fffffffc x12=10000474 x12:10000470  PA:10000470
20492535ns          343619 1c008196 2078788b p.lw             x17, x7(x16!)       x17=ffffffef x16=1000028c  x7:00000020 x16:1000026c  PA:1000026c
20492575ns          343621 1c00819a 43130733 p.mac            x14, x6, x17        x14=00000064 x14:00000020  x6:fffffffc x17:ffffffef
20492595ns          343622 1c008192 0046230b p.lw             x6, 4(x12!)          x6=fffffffa x12=10000478 x12:10000474  PA:10000474
20492615ns          343623 1c008196 2078788b p.lw             x17, x7(x16!)       x17=ffffffe7 x16=100002ac  x7:00000020 x16:1000028c  PA:1000028c
20492655ns          343625 1c00819a 43130733 p.mac            x14, x6, x17        x14=000000fa x14:00000064  x6:fffffffa x17:ffffffe7
20492675ns          343626 1c008192 0046230b p.lw             x6, 4(x12!)          x6=fffffff8 x12=1000047c x12:10000478  PA:10000478
20492695ns          343627 1c008196 2078788b p.lw             x17, x7(x16!)       x17=ffffffdf x16=100002cc  x7:00000020 x16:100002ac  PA:100002ac
20492734ns          343629 1c00819a 43130733 p.mac            x14, x6, x17        x14=00000202 x14:000000fa  x6:fffffff8 x17:ffffffdf
20492754ns          343630 1c008192 0046230b p.lw             x6, 4(x12!)          x6=fffffff6 x12=10000480 x12:1000047c  PA:1000047c
20492774ns          343631 1c008196 2078788b p.lw             x17, x7(x16!)       x17=ffffffd7 x16=100002ec  x7:00000020 x16:100002cc  PA:100002cc
20492814ns          343633 1c00819a 43130733 p.mac            x14, x6, x17        x14=0000039c x14:00000202  x6:fffffff6 x17:ffffffd7
20492834ns          343634 1c008192 0046230b p.lw             x6, 4(x12!)          x6=fffffff4 x12=10000484 x12:10000480  PA:10000480
20492854ns          343635 1c008196 2078788b p.lw             x17, x7(x16!)       x17=ffffffcf x16=1000030c  x7:00000020 x16:100002ec  PA:100002ec
20492893ns          343637 1c00819a 43130733 p.mac            x14, x6, x17        x14=000005e8 x14:0000039c  x6:fffffff4 x17:ffffffcf
20492913ns          343638 1c00819e 00ef222b p.sw             x14, 4(x30!)        x30=10000b70 x14:000005e8 x30:10000b6c  PA:10000b6c
20492933ns          343639 1c0081a2 004e8e93 addi             x29, x29, 4         x29=10000210 x29:1000020c
20492973ns          343641 1c00817e 40af87b3 sub              x15, x31, x10       x15=00000020 x31:10000484 x10:10000464
20492993ns          343642 1c008182 ffc78793 addi             x15, x15, -4        x15=0000001c x15:00000020
20493013ns          343643 1c008184 0027d793 srli             x15, x15, 0x2       x15=00000007 x15:0000001c
20493033ns          343644 1c008186 01d00833 add              x16, x0, x29        x16=10000210 x29:10000210
20493053ns          343645 1c008188 00a00633 add              x12, x0, x10        x12=10000464 x10:10000464
20493072ns          343646 1c00818a 00000713 addi             x14, x0, 0          x14=00000000
20493092ns          343647 1c00818c 00178793 addi             x15, x15, 1         x15=00000008 x15:00000007
20493112ns          343648 1c00818e 0067c0fb lp.setup         0x1, x15, 0x6       x15:00000008
20493132ns          343649 1c008192 0046230b p.lw             x6, 4(x12!)          x6=00000002 x12=10000468 x12:10000464  PA:10000464
20493152ns          343650 1c008196 2078788b p.lw             x17, x7(x16!)       x17=00000006 x16=10000230  x7:00000020 x16:10000210  PA:10000210
20493192ns          343652 1c00819a 43130733 p.mac            x14, x6, x17        x14=0000000c x14:00000000  x6:00000002 x17:00000006
20493212ns          343653 1c008192 0046230b p.lw             x6, 4(x12!)          x6=00000000 x12=1000046c x12:10000468  PA:10000468
20493232ns          343654 1c008196 2078788b p.lw             x17, x7(x16!)       x17=fffffffe x16=10000250  x7:00000020 x16:10000230  PA:10000230
20493271ns          343656 1c00819a 43130733 p.mac            x14, x6, x17        x14=0000000c x14:0000000c  x6:00000000 x17:fffffffe
20493291ns          343657 1c008192 0046230b p.lw             x6, 4(x12!)          x6=fffffffe x12=10000470 x12:1000046c  PA:1000046c
20493311ns          343658 1c008196 2078788b p.lw             x17, x7(x16!)       x17=fffffff6 x16=10000270  x7:00000020 x16:10000250  PA:10000250
20493351ns          343660 1c00819a 43130733 p.mac            x14, x6, x17        x14=00000020 x14:0000000c  x6:fffffffe x17:fffffff6
20493371ns          343661 1c008192 0046230b p.lw             x6, 4(x12!)          x6=fffffffc x12=10000474 x12:10000470  PA:10000470
20493391ns          343662 1c008196 2078788b p.lw             x17, x7(x16!)       x17=ffffffee x16=10000290  x7:00000020 x16:10000270  PA:10000270
20493431ns          343664 1c00819a 43130733 p.mac            x14, x6, x17        x14=00000068 x14:00000020  x6:fffffffc x17:ffffffee
20493450ns          343665 1c008192 0046230b p.lw             x6, 4(x12!)          x6=fffffffa x12=10000478 x12:10000474  PA:10000474
20493470ns          343666 1c008196 2078788b p.lw             x17, x7(x16!)       x17=ffffffe6 x16=100002b0  x7:00000020 x16:10000290  PA:10000290
20493510ns          343668 1c00819a 43130733 p.mac            x14, x6, x17        x14=00000104 x14:00000068  x6:fffffffa x17:ffffffe6
20493530ns          343669 1c008192 0046230b p.lw             x6, 4(x12!)          x6=fffffff8 x12=1000047c x12:10000478  PA:10000478
20493550ns          343670 1c008196 2078788b p.lw             x17, x7(x16!)       x17=ffffffde x16=100002d0  x7:00000020 x16:100002b0  PA:100002b0
20493590ns          343672 1c00819a 43130733 p.mac            x14, x6, x17        x14=00000214 x14:00000104  x6:fffffff8 x17:ffffffde
20493610ns          343673 1c008192 0046230b p.lw             x6, 4(x12!)          x6=fffffff6 x12=10000480 x12:1000047c  PA:1000047c
20493629ns          343674 1c008196 2078788b p.lw             x17, x7(x16!)       x17=ffffffd6 x16=100002f0  x7:00000020 x16:100002d0  PA:100002d0
20493669ns          343676 1c00819a 43130733 p.mac            x14, x6, x17        x14=000003b8 x14:00000214  x6:fffffff6 x17:ffffffd6
20493689ns          343677 1c008192 0046230b p.lw             x6, 4(x12!)          x6=fffffff4 x12=10000484 x12:10000480  PA:10000480
20493709ns          343678 1c008196 2078788b p.lw             x17, x7(x16!)       x17=ffffffce x16=10000310  x7:00000020 x16:100002f0  PA:100002f0
20493749ns          343680 1c00819a 43130733 p.mac            x14, x6, x17        x14=00000610 x14:000003b8  x6:fffffff4 x17:ffffffce
20493769ns          343681 1c00819e 00ef222b p.sw             x14, 4(x30!)        x30=10000b74 x14:00000610 x30:10000b70  PA:10000b70
20493789ns          343682 1c0081a2 004e8e93 addi             x29, x29, 4         x29=10000214 x29:10000210
20493828ns          343684 1c00817e 40af87b3 sub              x15, x31, x10       x15=00000020 x31:10000484 x10:10000464
20493848ns          343685 1c008182 ffc78793 addi             x15, x15, -4        x15=0000001c x15:00000020
20493868ns          343686 1c008184 0027d793 srli             x15, x15, 0x2       x15=00000007 x15:0000001c
20493888ns          343687 1c008186 01d00833 add              x16, x0, x29        x16=10000214 x29:10000214
20493908ns          343688 1c008188 00a00633 add              x12, x0, x10        x12=10000464 x10:10000464
20493928ns          343689 1c00818a 00000713 addi             x14, x0, 0          x14=00000000
20493948ns          343690 1c00818c 00178793 addi             x15, x15, 1         x15=00000008 x15:00000007
20493968ns          343691 1c00818e 0067c0fb lp.setup         0x1, x15, 0x6       x15:00000008
20493987ns          343692 1c008192 0046230b p.lw             x6, 4(x12!)          x6=00000002 x12=10000468 x12:10000464  PA:10000464
20494007ns          343693 1c008196 2078788b p.lw             x17, x7(x16!)       x17=00000005 x16=10000234  x7:00000020 x16:10000214  PA:10000214
20494047ns          343695 1c00819a 43130733 p.mac            x14, x6, x17        x14=0000000a x14:00000000  x6:00000002 x17:00000005
20494067ns          343696 1c008192 0046230b p.lw             x6, 4(x12!)          x6=00000000 x12=1000046c x12:10000468  PA:10000468
20494087ns          343697 1c008196 2078788b p.lw             x17, x7(x16!)       x17=fffffffd x16=10000254  x7:00000020 x16:10000234  PA:10000234
20494127ns          343699 1c00819a 43130733 p.mac            x14, x6, x17        x14=0000000a x14:0000000a  x6:00000000 x17:fffffffd
20494147ns          343700 1c008192 0046230b p.lw             x6, 4(x12!)          x6=fffffffe x12=10000470 x12:1000046c  PA:1000046c
20494166ns          343701 1c008196 2078788b p.lw             x17, x7(x16!)       x17=fffffff5 x16=10000274  x7:00000020 x16:10000254  PA:10000254
20494206ns          343703 1c00819a 43130733 p.mac            x14, x6, x17        x14=00000020 x14:0000000a  x6:fffffffe x17:fffffff5
20494226ns          343704 1c008192 0046230b p.lw             x6, 4(x12!)          x6=fffffffc x12=10000474 x12:10000470  PA:10000470
20494246ns          343705 1c008196 2078788b p.lw             x17, x7(x16!)       x17=ffffffed x16=10000294  x7:00000020 x16:10000274  PA:10000274
20494286ns          343707 1c00819a 43130733 p.mac            x14, x6, x17        x14=0000006c x14:00000020  x6:fffffffc x17:ffffffed
20494306ns          343708 1c008192 0046230b p.lw             x6, 4(x12!)          x6=fffffffa x12=10000478 x12:10000474  PA:10000474
20494326ns          343709 1c008196 2078788b p.lw             x17, x7(x16!)       x17=ffffffe5 x16=100002b4  x7:00000020 x16:10000294  PA:10000294
20494365ns          343711 1c00819a 43130733 p.mac            x14, x6, x17        x14=0000010e x14:0000006c  x6:fffffffa x17:ffffffe5
20494385ns          343712 1c008192 0046230b p.lw             x6, 4(x12!)          x6=fffffff8 x12=1000047c x12:10000478  PA:10000478
20494405ns          343713 1c008196 2078788b p.lw             x17, x7(x16!)       x17=ffffffdd x16=100002d4  x7:00000020 x16:100002b4  PA:100002b4
20494445ns          343715 1c00819a 43130733 p.mac            x14, x6, x17        x14=00000226 x14:0000010e  x6:fffffff8 x17:ffffffdd
20494465ns          343716 1c008192 0046230b p.lw             x6, 4(x12!)          x6=fffffff6 x12=10000480 x12:1000047c  PA:1000047c
20494485ns          343717 1c008196 2078788b p.lw             x17, x7(x16!)       x17=ffffffd5 x16=100002f4  x7:00000020 x16:100002d4  PA:100002d4
20494525ns          343719 1c00819a 43130733 p.mac            x14, x6, x17        x14=000003d4 x14:00000226  x6:fffffff6 x17:ffffffd5
20494544ns          343720 1c008192 0046230b p.lw             x6, 4(x12!)          x6=fffffff4 x12=10000484 x12:10000480  PA:10000480
20494564ns          343721 1c008196 2078788b p.lw             x17, x7(x16!)       x17=ffffffcd x16=10000314  x7:00000020 x16:100002f4  PA:100002f4
20494624ns          343724 1c00819a 43130733 p.mac            x14, x6, x17        x14=00000638 x14:000003d4  x6:fffffff4 x17:ffffffcd
20494644ns          343725 1c00819e 00ef222b p.sw             x14, 4(x30!)        x30=10000b78 x14:00000638 x30:10000b74  PA:10000b74
20494664ns          343726 1c0081a2 004e8e93 addi             x29, x29, 4         x29=10000218 x29:10000214
20494704ns          343728 1c00817e 40af87b3 sub              x15, x31, x10       x15=00000020 x31:10000484 x10:10000464
20494723ns          343729 1c008182 ffc78793 addi             x15, x15, -4        x15=0000001c x15:00000020
20494743ns          343730 1c008184 0027d793 srli             x15, x15, 0x2       x15=00000007 x15:0000001c
20494763ns          343731 1c008186 01d00833 add              x16, x0, x29        x16=10000218 x29:10000218
20494783ns          343732 1c008188 00a00633 add              x12, x0, x10        x12=10000464 x10:10000464
20494803ns          343733 1c00818a 00000713 addi             x14, x0, 0          x14=00000000
20494823ns          343734 1c00818c 00178793 addi             x15, x15, 1         x15=00000008 x15:00000007
20494843ns          343735 1c00818e 0067c0fb lp.setup         0x1, x15, 0x6       x15:00000008
20494863ns          343736 1c008192 0046230b p.lw             x6, 4(x12!)          x6=00000002 x12=10000468 x12:10000464  PA:10000464
20494883ns          343737 1c008196 2078788b p.lw             x17, x7(x16!)       x17=00000004 x16=10000238  x7:00000020 x16:10000218  PA:10000218
20494922ns          343739 1c00819a 43130733 p.mac            x14, x6, x17        x14=00000008 x14:00000000  x6:00000002 x17:00000004
20494942ns          343740 1c008192 0046230b p.lw             x6, 4(x12!)          x6=00000000 x12=1000046c x12:10000468  PA:10000468
20494962ns          343741 1c008196 2078788b p.lw             x17, x7(x16!)       x17=fffffffc x16=10000258  x7:00000020 x16:10000238  PA:10000238
20495002ns          343743 1c00819a 43130733 p.mac            x14, x6, x17        x14=00000008 x14:00000008  x6:00000000 x17:fffffffc
20495022ns          343744 1c008192 0046230b p.lw             x6, 4(x12!)          x6=fffffffe x12=10000470 x12:1000046c  PA:1000046c
20495042ns          343745 1c008196 2078788b p.lw             x17, x7(x16!)       x17=fffffff4 x16=10000278  x7:00000020 x16:10000258  PA:10000258
20495081ns          343747 1c00819a 43130733 p.mac            x14, x6, x17        x14=00000020 x14:00000008  x6:fffffffe x17:fffffff4
20495101ns          343748 1c008192 0046230b p.lw             x6, 4(x12!)          x6=fffffffc x12=10000474 x12:10000470  PA:10000470
20495121ns          343749 1c008196 2078788b p.lw             x17, x7(x16!)       x17=ffffffec x16=10000298  x7:00000020 x16:10000278  PA:10000278
20495161ns          343751 1c00819a 43130733 p.mac            x14, x6, x17        x14=00000070 x14:00000020  x6:fffffffc x17:ffffffec
20495181ns          343752 1c008192 0046230b p.lw             x6, 4(x12!)          x6=fffffffa x12=10000478 x12:10000474  PA:10000474
20495201ns          343753 1c008196 2078788b p.lw             x17, x7(x16!)       x17=ffffffe4 x16=100002b8  x7:00000020 x16:10000298  PA:10000298
20495241ns          343755 1c00819a 43130733 p.mac            x14, x6, x17        x14=00000118 x14:00000070  x6:fffffffa x17:ffffffe4
20495260ns          343756 1c008192 0046230b p.lw             x6, 4(x12!)          x6=fffffff8 x12=1000047c x12:10000478  PA:10000478
20495280ns          343757 1c008196 2078788b p.lw             x17, x7(x16!)       x17=ffffffdc x16=100002d8  x7:00000020 x16:100002b8  PA:100002b8
20495320ns          343759 1c00819a 43130733 p.mac            x14, x6, x17        x14=00000238 x14:00000118  x6:fffffff8 x17:ffffffdc
20495340ns          343760 1c008192 0046230b p.lw             x6, 4(x12!)          x6=fffffff6 x12=10000480 x12:1000047c  PA:1000047c
20495360ns          343761 1c008196 2078788b p.lw             x17, x7(x16!)       x17=ffffffd4 x16=100002f8  x7:00000020 x16:100002d8  PA:100002d8
20495400ns          343763 1c00819a 43130733 p.mac            x14, x6, x17        x14=000003f0 x14:00000238  x6:fffffff6 x17:ffffffd4
20495420ns          343764 1c008192 0046230b p.lw             x6, 4(x12!)          x6=fffffff4 x12=10000484 x12:10000480  PA:10000480
20495439ns          343765 1c008196 2078788b p.lw             x17, x7(x16!)       x17=ffffffcc x16=10000318  x7:00000020 x16:100002f8  PA:100002f8
20495499ns          343768 1c00819a 43130733 p.mac            x14, x6, x17        x14=00000660 x14:000003f0  x6:fffffff4 x17:ffffffcc
20495519ns          343769 1c00819e 00ef222b p.sw             x14, 4(x30!)        x30=10000b7c x14:00000660 x30:10000b78  PA:10000b78
20495539ns          343770 1c0081a2 004e8e93 addi             x29, x29, 4         x29=1000021c x29:10000218
20495579ns          343772 1c00817e 40af87b3 sub              x15, x31, x10       x15=00000020 x31:10000484 x10:10000464
20495599ns          343773 1c008182 ffc78793 addi             x15, x15, -4        x15=0000001c x15:00000020
20495619ns          343774 1c008184 0027d793 srli             x15, x15, 0x2       x15=00000007 x15:0000001c
20495638ns          343775 1c008186 01d00833 add              x16, x0, x29        x16=1000021c x29:1000021c
20495658ns          343776 1c008188 00a00633 add              x12, x0, x10        x12=10000464 x10:10000464
20495678ns          343777 1c00818a 00000713 addi             x14, x0, 0          x14=00000000
20495698ns          343778 1c00818c 00178793 addi             x15, x15, 1         x15=00000008 x15:00000007
20495718ns          343779 1c00818e 0067c0fb lp.setup         0x1, x15, 0x6       x15:00000008
20495738ns          343780 1c008192 0046230b p.lw             x6, 4(x12!)          x6=00000002 x12=10000468 x12:10000464  PA:10000464
20495758ns          343781 1c008196 2078788b p.lw             x17, x7(x16!)       x17=00000003 x16=1000023c  x7:00000020 x16:1000021c  PA:1000021c
20495798ns          343783 1c00819a 43130733 p.mac            x14, x6, x17        x14=00000006 x14:00000000  x6:00000002 x17:00000003
20495817ns          343784 1c008192 0046230b p.lw             x6, 4(x12!)          x6=00000000 x12=1000046c x12:10000468  PA:10000468
20495837ns          343785 1c008196 2078788b p.lw             x17, x7(x16!)       x17=fffffffb x16=1000025c  x7:00000020 x16:1000023c  PA:1000023c
20495877ns          343787 1c00819a 43130733 p.mac            x14, x6, x17        x14=00000006 x14:00000006  x6:00000000 x17:fffffffb
20495897ns          343788 1c008192 0046230b p.lw             x6, 4(x12!)          x6=fffffffe x12=10000470 x12:1000046c  PA:1000046c
20495917ns          343789 1c008196 2078788b p.lw             x17, x7(x16!)       x17=fffffff3 x16=1000027c  x7:00000020 x16:1000025c  PA:1000025c
20495957ns          343791 1c00819a 43130733 p.mac            x14, x6, x17        x14=00000020 x14:00000006  x6:fffffffe x17:fffffff3
20495977ns          343792 1c008192 0046230b p.lw             x6, 4(x12!)          x6=fffffffc x12=10000474 x12:10000470  PA:10000470
20495996ns          343793 1c008196 2078788b p.lw             x17, x7(x16!)       x17=ffffffeb x16=1000029c  x7:00000020 x16:1000027c  PA:1000027c
20496036ns          343795 1c00819a 43130733 p.mac            x14, x6, x17        x14=00000074 x14:00000020  x6:fffffffc x17:ffffffeb
20496056ns          343796 1c008192 0046230b p.lw             x6, 4(x12!)          x6=fffffffa x12=10000478 x12:10000474  PA:10000474
20496076ns          343797 1c008196 2078788b p.lw             x17, x7(x16!)       x17=ffffffe3 x16=100002bc  x7:00000020 x16:1000029c  PA:1000029c
20496116ns          343799 1c00819a 43130733 p.mac            x14, x6, x17        x14=00000122 x14:00000074  x6:fffffffa x17:ffffffe3
20496136ns          343800 1c008192 0046230b p.lw             x6, 4(x12!)          x6=fffffff8 x12=1000047c x12:10000478  PA:10000478
20496156ns          343801 1c008196 2078788b p.lw             x17, x7(x16!)       x17=ffffffdb x16=100002dc  x7:00000020 x16:100002bc  PA:100002bc
20496195ns          343803 1c00819a 43130733 p.mac            x14, x6, x17        x14=0000024a x14:00000122  x6:fffffff8 x17:ffffffdb
20496215ns          343804 1c008192 0046230b p.lw             x6, 4(x12!)          x6=fffffff6 x12=10000480 x12:1000047c  PA:1000047c
20496235ns          343805 1c008196 2078788b p.lw             x17, x7(x16!)       x17=ffffffd3 x16=100002fc  x7:00000020 x16:100002dc  PA:100002dc
20496275ns          343807 1c00819a 43130733 p.mac            x14, x6, x17        x14=0000040c x14:0000024a  x6:fffffff6 x17:ffffffd3
20496295ns          343808 1c008192 0046230b p.lw             x6, 4(x12!)          x6=fffffff4 x12=10000484 x12:10000480  PA:10000480
20496315ns          343809 1c008196 2078788b p.lw             x17, x7(x16!)       x17=ffffffcb x16=1000031c  x7:00000020 x16:100002fc  PA:100002fc
20496354ns          343811 1c00819a 43130733 p.mac            x14, x6, x17        x14=00000688 x14:0000040c  x6:fffffff4 x17:ffffffcb
20496374ns          343812 1c00819e 00ef222b p.sw             x14, 4(x30!)        x30=10000b80 x14:00000688 x30:10000b7c  PA:10000b7c
20496394ns          343813 1c0081a2 004e8e93 addi             x29, x29, 4         x29=10000220 x29:1000021c
20496434ns          343815 1c00817e 40af87b3 sub              x15, x31, x10       x15=00000020 x31:10000484 x10:10000464
20496454ns          343816 1c008182 ffc78793 addi             x15, x15, -4        x15=0000001c x15:00000020
20496474ns          343817 1c008184 0027d793 srli             x15, x15, 0x2       x15=00000007 x15:0000001c
20496494ns          343818 1c008186 01d00833 add              x16, x0, x29        x16=10000220 x29:10000220
20496514ns          343819 1c008188 00a00633 add              x12, x0, x10        x12=10000464 x10:10000464
20496533ns          343820 1c00818a 00000713 addi             x14, x0, 0          x14=00000000
20496553ns          343821 1c00818c 00178793 addi             x15, x15, 1         x15=00000008 x15:00000007
20496573ns          343822 1c00818e 0067c0fb lp.setup         0x1, x15, 0x6       x15:00000008
20496593ns          343823 1c008192 0046230b p.lw             x6, 4(x12!)          x6=00000002 x12=10000468 x12:10000464  PA:10000464
20496613ns          343824 1c008196 2078788b p.lw             x17, x7(x16!)       x17=00000002 x16=10000240  x7:00000020 x16:10000220  PA:10000220
20496653ns          343826 1c00819a 43130733 p.mac            x14, x6, x17        x14=00000004 x14:00000000  x6:00000002 x17:00000002
20496673ns          343827 1c008192 0046230b p.lw             x6, 4(x12!)          x6=00000000 x12=1000046c x12:10000468  PA:10000468
20496693ns          343828 1c008196 2078788b p.lw             x17, x7(x16!)       x17=fffffffa x16=10000260  x7:00000020 x16:10000240  PA:10000240
20496732ns          343830 1c00819a 43130733 p.mac            x14, x6, x17        x14=00000004 x14:00000004  x6:00000000 x17:fffffffa
20496752ns          343831 1c008192 0046230b p.lw             x6, 4(x12!)          x6=fffffffe x12=10000470 x12:1000046c  PA:1000046c
20496772ns          343832 1c008196 2078788b p.lw             x17, x7(x16!)       x17=fffffff2 x16=10000280  x7:00000020 x16:10000260  PA:10000260
20496812ns          343834 1c00819a 43130733 p.mac            x14, x6, x17        x14=00000020 x14:00000004  x6:fffffffe x17:fffffff2
20496832ns          343835 1c008192 0046230b p.lw             x6, 4(x12!)          x6=fffffffc x12=10000474 x12:10000470  PA:10000470
20496852ns          343836 1c008196 2078788b p.lw             x17, x7(x16!)       x17=ffffffea x16=100002a0  x7:00000020 x16:10000280  PA:10000280
20496892ns          343838 1c00819a 43130733 p.mac            x14, x6, x17        x14=00000078 x14:00000020  x6:fffffffc x17:ffffffea
20496911ns          343839 1c008192 0046230b p.lw             x6, 4(x12!)          x6=fffffffa x12=10000478 x12:10000474  PA:10000474
20496931ns          343840 1c008196 2078788b p.lw             x17, x7(x16!)       x17=ffffffe2 x16=100002c0  x7:00000020 x16:100002a0  PA:100002a0
20496971ns          343842 1c00819a 43130733 p.mac            x14, x6, x17        x14=0000012c x14:00000078  x6:fffffffa x17:ffffffe2
20496991ns          343843 1c008192 0046230b p.lw             x6, 4(x12!)          x6=fffffff8 x12=1000047c x12:10000478  PA:10000478
20497011ns          343844 1c008196 2078788b p.lw             x17, x7(x16!)       x17=ffffffda x16=100002e0  x7:00000020 x16:100002c0  PA:100002c0
20497051ns          343846 1c00819a 43130733 p.mac            x14, x6, x17        x14=0000025c x14:0000012c  x6:fffffff8 x17:ffffffda
20497071ns          343847 1c008192 0046230b p.lw             x6, 4(x12!)          x6=fffffff6 x12=10000480 x12:1000047c  PA:1000047c
20497090ns          343848 1c008196 2078788b p.lw             x17, x7(x16!)       x17=ffffffd2 x16=10000300  x7:00000020 x16:100002e0  PA:100002e0
20497130ns          343850 1c00819a 43130733 p.mac            x14, x6, x17        x14=00000428 x14:0000025c  x6:fffffff6 x17:ffffffd2
20497150ns          343851 1c008192 0046230b p.lw             x6, 4(x12!)          x6=fffffff4 x12=10000484 x12:10000480  PA:10000480
20497190ns          343853 1c008196 2078788b p.lw             x17, x7(x16!)       x17=ffffffca x16=10000320  x7:00000020 x16:10000300  PA:10000300
20497230ns          343855 1c00819a 43130733 p.mac            x14, x6, x17        x14=000006b0 x14:00000428  x6:fffffff4 x17:ffffffca
20497250ns          343856 1c00819e 00ef222b p.sw             x14, 4(x30!)        x30=10000b84 x14:000006b0 x30:10000b80  PA:10000b80
20497269ns          343857 1c0081a2 004e8e93 addi             x29, x29, 4         x29=10000224 x29:10000220
20497289ns          343858 1c0081a4 00128293 addi             x5, x5, 1            x5=00000004  x5:00000003
20497309ns          343859 1c0081a6 00750533 add              x10, x10, x7        x10=10000484 x10:10000464  x7:00000020
20497329ns          343860 1c0081a8 007f8fb3 add              x31, x31, x7        x31=100004a4 x31:10000484  x7:00000020
20497349ns          343861 1c0081aa fa569fe3 bne              x13, x5, -66        x13:00000008  x5:00000004
20497409ns          343864 1c008168 40b48e33 sub              x28, x9, x11        x28=00000020  x9:10000224 x11:10000204
20497429ns          343865 1c00816c ffce0e13 addi             x28, x28, -4        x28=0000001c x28:00000020
20497448ns          343866 1c00816e 002e5e13 srli             x28, x28, 0x2       x28=00000007 x28:0000001c
20497468ns          343867 1c008172 008f8f33 add              x30, x31, x8        x30=10000b84 x31:100004a4  x8:000006e0
20497488ns          343868 1c008176 00b00eb3 add              x29, x0, x11        x29=10000204 x11:10000204
20497508ns          343869 1c008178 001e0e13 addi             x28, x28, 1         x28=00000008 x28:00000007
20497528ns          343870 1c00817a 014e407b lp.setup         0x0, x28, 0x14      x28:00000008
20497548ns          343871 1c00817e 40af87b3 sub              x15, x31, x10       x15=00000020 x31:100004a4 x10:10000484
20497568ns          343872 1c008182 ffc78793 addi             x15, x15, -4        x15=0000001c x15:00000020
20497588ns          343873 1c008184 0027d793 srli             x15, x15, 0x2       x15=00000007 x15:0000001c
20497608ns          343874 1c008186 01d00833 add              x16, x0, x29        x16=10000204 x29:10000204
20497627ns          343875 1c008188 00a00633 add              x12, x0, x10        x12=10000484 x10:10000484
20497647ns          343876 1c00818a 00000713 addi             x14, x0, 0          x14=00000000
20497667ns          343877 1c00818c 00178793 addi             x15, x15, 1         x15=00000008 x15:00000007
20497687ns          343878 1c00818e 0067c0fb lp.setup         0x1, x15, 0x6       x15:00000008
20497707ns          343879 1c008192 0046230b p.lw             x6, 4(x12!)          x6=fffffff2 x12=10000488 x12:10000484  PA:10000484
20497727ns          343880 1c008196 2078788b p.lw             x17, x7(x16!)       x17=00000009 x16=10000224  x7:00000020 x16:10000204  PA:10000204
20497767ns          343882 1c00819a 43130733 p.mac            x14, x6, x17        x14=ffffff82 x14:00000000  x6:fffffff2 x17:00000009
20497787ns          343883 1c008192 0046230b p.lw             x6, 4(x12!)          x6=fffffff0 x12=1000048c x12:10000488  PA:10000488
20497806ns          343884 1c008196 2078788b p.lw             x17, x7(x16!)       x17=00000001 x16=10000244  x7:00000020 x16:10000224  PA:10000224
20497846ns          343886 1c00819a 43130733 p.mac            x14, x6, x17        x14=ffffff72 x14:ffffff82  x6:fffffff0 x17:00000001
20497866ns          343887 1c008192 0046230b p.lw             x6, 4(x12!)          x6=ffffffee x12=10000490 x12:1000048c  PA:1000048c
20497886ns          343888 1c008196 2078788b p.lw             x17, x7(x16!)       x17=fffffff9 x16=10000264  x7:00000020 x16:10000244  PA:10000244
20497926ns          343890 1c00819a 43130733 p.mac            x14, x6, x17        x14=fffffff0 x14:ffffff72  x6:ffffffee x17:fffffff9
20497946ns          343891 1c008192 0046230b p.lw             x6, 4(x12!)          x6=ffffffec x12=10000494 x12:10000490  PA:10000490
20497966ns          343892 1c008196 2078788b p.lw             x17, x7(x16!)       x17=fffffff1 x16=10000284  x7:00000020 x16:10000264  PA:10000264
20498005ns          343894 1c00819a 43130733 p.mac            x14, x6, x17        x14=0000011c x14:fffffff0  x6:ffffffec x17:fffffff1
20498025ns          343895 1c008192 0046230b p.lw             x6, 4(x12!)          x6=ffffffea x12=10000498 x12:10000494  PA:10000494
20498045ns          343896 1c008196 2078788b p.lw             x17, x7(x16!)       x17=ffffffe9 x16=100002a4  x7:00000020 x16:10000284  PA:10000284
20498085ns          343898 1c00819a 43130733 p.mac            x14, x6, x17        x14=00000316 x14:0000011c  x6:ffffffea x17:ffffffe9
20498105ns          343899 1c008192 0046230b p.lw             x6, 4(x12!)          x6=ffffffe8 x12=1000049c x12:10000498  PA:10000498
20498125ns          343900 1c008196 2078788b p.lw             x17, x7(x16!)       x17=ffffffe1 x16=100002c4  x7:00000020 x16:100002a4  PA:100002a4
20498165ns          343902 1c00819a 43130733 p.mac            x14, x6, x17        x14=000005fe x14:00000316  x6:ffffffe8 x17:ffffffe1
20498184ns          343903 1c008192 0046230b p.lw             x6, 4(x12!)          x6=ffffffe6 x12=100004a0 x12:1000049c  PA:1000049c
20498204ns          343904 1c008196 2078788b p.lw             x17, x7(x16!)       x17=ffffffd9 x16=100002e4  x7:00000020 x16:100002c4  PA:100002c4
20498244ns          343906 1c00819a 43130733 p.mac            x14, x6, x17        x14=000009f4 x14:000005fe  x6:ffffffe6 x17:ffffffd9
20498264ns          343907 1c008192 0046230b p.lw             x6, 4(x12!)          x6=ffffffe4 x12=100004a4 x12:100004a0  PA:100004a0
20498284ns          343908 1c008196 2078788b p.lw             x17, x7(x16!)       x17=ffffffd1 x16=10000304  x7:00000020 x16:100002e4  PA:100002e4
20498324ns          343910 1c00819a 43130733 p.mac            x14, x6, x17        x14=00000f18 x14:000009f4  x6:ffffffe4 x17:ffffffd1
20498344ns          343911 1c00819e 00ef222b p.sw             x14, 4(x30!)        x30=10000b88 x14:00000f18 x30:10000b84  PA:10000b84
20498363ns          343912 1c0081a2 004e8e93 addi             x29, x29, 4         x29=10000208 x29:10000204
20498403ns          343914 1c00817e 40af87b3 sub              x15, x31, x10       x15=00000020 x31:100004a4 x10:10000484
20498423ns          343915 1c008182 ffc78793 addi             x15, x15, -4        x15=0000001c x15:00000020
20498443ns          343916 1c008184 0027d793 srli             x15, x15, 0x2       x15=00000007 x15:0000001c
20498463ns          343917 1c008186 01d00833 add              x16, x0, x29        x16=10000208 x29:10000208
20498483ns          343918 1c008188 00a00633 add              x12, x0, x10        x12=10000484 x10:10000484
20498503ns          343919 1c00818a 00000713 addi             x14, x0, 0          x14=00000000
20498523ns          343920 1c00818c 00178793 addi             x15, x15, 1         x15=00000008 x15:00000007
20498542ns          343921 1c00818e 0067c0fb lp.setup         0x1, x15, 0x6       x15:00000008
20498562ns          343922 1c008192 0046230b p.lw             x6, 4(x12!)          x6=fffffff2 x12=10000488 x12:10000484  PA:10000484
20498582ns          343923 1c008196 2078788b p.lw             x17, x7(x16!)       x17=00000008 x16=10000228  x7:00000020 x16:10000208  PA:10000208
20498622ns          343925 1c00819a 43130733 p.mac            x14, x6, x17        x14=ffffff90 x14:00000000  x6:fffffff2 x17:00000008
20498642ns          343926 1c008192 0046230b p.lw             x6, 4(x12!)          x6=fffffff0 x12=1000048c x12:10000488  PA:10000488
20498662ns          343927 1c008196 2078788b p.lw             x17, x7(x16!)       x17=00000000 x16=10000248  x7:00000020 x16:10000228  PA:10000228
20498702ns          343929 1c00819a 43130733 p.mac            x14, x6, x17        x14=ffffff90 x14:ffffff90  x6:fffffff0 x17:00000000
20498721ns          343930 1c008192 0046230b p.lw             x6, 4(x12!)          x6=ffffffee x12=10000490 x12:1000048c  PA:1000048c
20498741ns          343931 1c008196 2078788b p.lw             x17, x7(x16!)       x17=fffffff8 x16=10000268  x7:00000020 x16:10000248  PA:10000248
20498781ns          343933 1c00819a 43130733 p.mac            x14, x6, x17        x14=00000020 x14:ffffff90  x6:ffffffee x17:fffffff8
20498801ns          343934 1c008192 0046230b p.lw             x6, 4(x12!)          x6=ffffffec x12=10000494 x12:10000490  PA:10000490
20498821ns          343935 1c008196 2078788b p.lw             x17, x7(x16!)       x17=fffffff0 x16=10000288  x7:00000020 x16:10000268  PA:10000268
20498861ns          343937 1c00819a 43130733 p.mac            x14, x6, x17        x14=00000160 x14:00000020  x6:ffffffec x17:fffffff0
20498881ns          343938 1c008192 0046230b p.lw             x6, 4(x12!)          x6=ffffffea x12=10000498 x12:10000494  PA:10000494
20498900ns          343939 1c008196 2078788b p.lw             x17, x7(x16!)       x17=ffffffe8 x16=100002a8  x7:00000020 x16:10000288  PA:10000288
20498940ns          343941 1c00819a 43130733 p.mac            x14, x6, x17        x14=00000370 x14:00000160  x6:ffffffea x17:ffffffe8
20498960ns          343942 1c008192 0046230b p.lw             x6, 4(x12!)          x6=ffffffe8 x12=1000049c x12:10000498  PA:10000498
20498980ns          343943 1c008196 2078788b p.lw             x17, x7(x16!)       x17=ffffffe0 x16=100002c8  x7:00000020 x16:100002a8  PA:100002a8
20499020ns          343945 1c00819a 43130733 p.mac            x14, x6, x17        x14=00000670 x14:00000370  x6:ffffffe8 x17:ffffffe0
20499040ns          343946 1c008192 0046230b p.lw             x6, 4(x12!)          x6=ffffffe6 x12=100004a0 x12:1000049c  PA:1000049c
20499060ns          343947 1c008196 2078788b p.lw             x17, x7(x16!)       x17=ffffffd8 x16=100002e8  x7:00000020 x16:100002c8  PA:100002c8
20499099ns          343949 1c00819a 43130733 p.mac            x14, x6, x17        x14=00000a80 x14:00000670  x6:ffffffe6 x17:ffffffd8
20499119ns          343950 1c008192 0046230b p.lw             x6, 4(x12!)          x6=ffffffe4 x12=100004a4 x12:100004a0  PA:100004a0
20499139ns          343951 1c008196 2078788b p.lw             x17, x7(x16!)       x17=ffffffd0 x16=10000308  x7:00000020 x16:100002e8  PA:100002e8
20499179ns          343953 1c00819a 43130733 p.mac            x14, x6, x17        x14=00000fc0 x14:00000a80  x6:ffffffe4 x17:ffffffd0
20499199ns          343954 1c00819e 00ef222b p.sw             x14, 4(x30!)        x30=10000b8c x14:00000fc0 x30:10000b88  PA:10000b88
20499219ns          343955 1c0081a2 004e8e93 addi             x29, x29, 4         x29=1000020c x29:10000208
20499259ns          343957 1c00817e 40af87b3 sub              x15, x31, x10       x15=00000020 x31:100004a4 x10:10000484
20499278ns          343958 1c008182 ffc78793 addi             x15, x15, -4        x15=0000001c x15:00000020
20499298ns          343959 1c008184 0027d793 srli             x15, x15, 0x2       x15=00000007 x15:0000001c
20499318ns          343960 1c008186 01d00833 add              x16, x0, x29        x16=1000020c x29:1000020c
20499338ns          343961 1c008188 00a00633 add              x12, x0, x10        x12=10000484 x10:10000484
20499358ns          343962 1c00818a 00000713 addi             x14, x0, 0          x14=00000000
20499378ns          343963 1c00818c 00178793 addi             x15, x15, 1         x15=00000008 x15:00000007
20499398ns          343964 1c00818e 0067c0fb lp.setup         0x1, x15, 0x6       x15:00000008
20499418ns          343965 1c008192 0046230b p.lw             x6, 4(x12!)          x6=fffffff2 x12=10000488 x12:10000484  PA:10000484
20499438ns          343966 1c008196 2078788b p.lw             x17, x7(x16!)       x17=00000007 x16=1000022c  x7:00000020 x16:1000020c  PA:1000020c
20499477ns          343968 1c00819a 43130733 p.mac            x14, x6, x17        x14=ffffff9e x14:00000000  x6:fffffff2 x17:00000007
20499497ns          343969 1c008192 0046230b p.lw             x6, 4(x12!)          x6=fffffff0 x12=1000048c x12:10000488  PA:10000488
20499517ns          343970 1c008196 2078788b p.lw             x17, x7(x16!)       x17=ffffffff x16=1000024c  x7:00000020 x16:1000022c  PA:1000022c
20499557ns          343972 1c00819a 43130733 p.mac            x14, x6, x17        x14=ffffffae x14:ffffff9e  x6:fffffff0 x17:ffffffff
20499577ns          343973 1c008192 0046230b p.lw             x6, 4(x12!)          x6=ffffffee x12=10000490 x12:1000048c  PA:1000048c
20499597ns          343974 1c008196 2078788b p.lw             x17, x7(x16!)       x17=fffffff7 x16=1000026c  x7:00000020 x16:1000024c  PA:1000024c
20499636ns          343976 1c00819a 43130733 p.mac            x14, x6, x17        x14=00000050 x14:ffffffae  x6:ffffffee x17:fffffff7
20499656ns          343977 1c008192 0046230b p.lw             x6, 4(x12!)          x6=ffffffec x12=10000494 x12:10000490  PA:10000490
20499676ns          343978 1c008196 2078788b p.lw             x17, x7(x16!)       x17=ffffffef x16=1000028c  x7:00000020 x16:1000026c  PA:1000026c
20499716ns          343980 1c00819a 43130733 p.mac            x14, x6, x17        x14=000001a4 x14:00000050  x6:ffffffec x17:ffffffef
20499736ns          343981 1c008192 0046230b p.lw             x6, 4(x12!)          x6=ffffffea x12=10000498 x12:10000494  PA:10000494
20499756ns          343982 1c008196 2078788b p.lw             x17, x7(x16!)       x17=ffffffe7 x16=100002ac  x7:00000020 x16:1000028c  PA:1000028c
20499796ns          343984 1c00819a 43130733 p.mac            x14, x6, x17        x14=000003ca x14:000001a4  x6:ffffffea x17:ffffffe7
20499815ns          343985 1c008192 0046230b p.lw             x6, 4(x12!)          x6=ffffffe8 x12=1000049c x12:10000498  PA:10000498
20499835ns          343986 1c008196 2078788b p.lw             x17, x7(x16!)       x17=ffffffdf x16=100002cc  x7:00000020 x16:100002ac  PA:100002ac
20499875ns          343988 1c00819a 43130733 p.mac            x14, x6, x17        x14=000006e2 x14:000003ca  x6:ffffffe8 x17:ffffffdf
20499895ns          343989 1c008192 0046230b p.lw             x6, 4(x12!)          x6=ffffffe6 x12=100004a0 x12:1000049c  PA:1000049c
20499915ns          343990 1c008196 2078788b p.lw             x17, x7(x16!)       x17=ffffffd7 x16=100002ec  x7:00000020 x16:100002cc  PA:100002cc
20499955ns          343992 1c00819a 43130733 p.mac            x14, x6, x17        x14=00000b0c x14:000006e2  x6:ffffffe6 x17:ffffffd7
20499975ns          343993 1c008192 0046230b p.lw             x6, 4(x12!)          x6=ffffffe4 x12=100004a4 x12:100004a0  PA:100004a0
20499994ns          343994 1c008196 2078788b p.lw             x17, x7(x16!)       x17=ffffffcf x16=1000030c  x7:00000020 x16:100002ec  PA:100002ec
20500034ns          343996 1c00819a 43130733 p.mac            x14, x6, x17        x14=00001068 x14:00000b0c  x6:ffffffe4 x17:ffffffcf
20500054ns          343997 1c00819e 00ef222b p.sw             x14, 4(x30!)        x30=10000b90 x14:00001068 x30:10000b8c  PA:10000b8c
20500074ns          343998 1c0081a2 004e8e93 addi             x29, x29, 4         x29=10000210 x29:1000020c
20500114ns          344000 1c00817e 40af87b3 sub              x15, x31, x10       x15=00000020 x31:100004a4 x10:10000484
20500134ns          344001 1c008182 ffc78793 addi             x15, x15, -4        x15=0000001c x15:00000020
20500154ns          344002 1c008184 0027d793 srli             x15, x15, 0x2       x15=00000007 x15:0000001c
20500173ns          344003 1c008186 01d00833 add              x16, x0, x29        x16=10000210 x29:10000210
20500193ns          344004 1c008188 00a00633 add              x12, x0, x10        x12=10000484 x10:10000484
20500213ns          344005 1c00818a 00000713 addi             x14, x0, 0          x14=00000000
20500233ns          344006 1c00818c 00178793 addi             x15, x15, 1         x15=00000008 x15:00000007
20500253ns          344007 1c00818e 0067c0fb lp.setup         0x1, x15, 0x6       x15:00000008
20500273ns          344008 1c008192 0046230b p.lw             x6, 4(x12!)          x6=fffffff2 x12=10000488 x12:10000484  PA:10000484
20500293ns          344009 1c008196 2078788b p.lw             x17, x7(x16!)       x17=00000006 x16=10000230  x7:00000020 x16:10000210  PA:10000210
20500333ns          344011 1c00819a 43130733 p.mac            x14, x6, x17        x14=ffffffac x14:00000000  x6:fffffff2 x17:00000006
20500353ns          344012 1c008192 0046230b p.lw             x6, 4(x12!)          x6=fffffff0 x12=1000048c x12:10000488  PA:10000488
20500372ns          344013 1c008196 2078788b p.lw             x17, x7(x16!)       x17=fffffffe x16=10000250  x7:00000020 x16:10000230  PA:10000230
20500412ns          344015 1c00819a 43130733 p.mac            x14, x6, x17        x14=ffffffcc x14:ffffffac  x6:fffffff0 x17:fffffffe
20500432ns          344016 1c008192 0046230b p.lw             x6, 4(x12!)          x6=ffffffee x12=10000490 x12:1000048c  PA:1000048c
20500452ns          344017 1c008196 2078788b p.lw             x17, x7(x16!)       x17=fffffff6 x16=10000270  x7:00000020 x16:10000250  PA:10000250
20500492ns          344019 1c00819a 43130733 p.mac            x14, x6, x17        x14=00000080 x14:ffffffcc  x6:ffffffee x17:fffffff6
20500512ns          344020 1c008192 0046230b p.lw             x6, 4(x12!)          x6=ffffffec x12=10000494 x12:10000490  PA:10000490
20500532ns          344021 1c008196 2078788b p.lw             x17, x7(x16!)       x17=ffffffee x16=10000290  x7:00000020 x16:10000270  PA:10000270
20500571ns          344023 1c00819a 43130733 p.mac            x14, x6, x17        x14=000001e8 x14:00000080  x6:ffffffec x17:ffffffee
20500591ns          344024 1c008192 0046230b p.lw             x6, 4(x12!)          x6=ffffffea x12=10000498 x12:10000494  PA:10000494
20500611ns          344025 1c008196 2078788b p.lw             x17, x7(x16!)       x17=ffffffe6 x16=100002b0  x7:00000020 x16:10000290  PA:10000290
20500651ns          344027 1c00819a 43130733 p.mac            x14, x6, x17        x14=00000424 x14:000001e8  x6:ffffffea x17:ffffffe6
20500671ns          344028 1c008192 0046230b p.lw             x6, 4(x12!)          x6=ffffffe8 x12=1000049c x12:10000498  PA:10000498
20500691ns          344029 1c008196 2078788b p.lw             x17, x7(x16!)       x17=ffffffde x16=100002d0  x7:00000020 x16:100002b0  PA:100002b0
20500730ns          344031 1c00819a 43130733 p.mac            x14, x6, x17        x14=00000754 x14:00000424  x6:ffffffe8 x17:ffffffde
20500750ns          344032 1c008192 0046230b p.lw             x6, 4(x12!)          x6=ffffffe6 x12=100004a0 x12:1000049c  PA:1000049c
20500770ns          344033 1c008196 2078788b p.lw             x17, x7(x16!)       x17=ffffffd6 x16=100002f0  x7:00000020 x16:100002d0  PA:100002d0
20500810ns          344035 1c00819a 43130733 p.mac            x14, x6, x17        x14=00000b98 x14:00000754  x6:ffffffe6 x17:ffffffd6
20500830ns          344036 1c008192 0046230b p.lw             x6, 4(x12!)          x6=ffffffe4 x12=100004a4 x12:100004a0  PA:100004a0
20500850ns          344037 1c008196 2078788b p.lw             x17, x7(x16!)       x17=ffffffce x16=10000310  x7:00000020 x16:100002f0  PA:100002f0
20500890ns          344039 1c00819a 43130733 p.mac            x14, x6, x17        x14=00001110 x14:00000b98  x6:ffffffe4 x17:ffffffce
20500909ns          344040 1c00819e 00ef222b p.sw             x14, 4(x30!)        x30=10000b94 x14:00001110 x30:10000b90  PA:10000b90
20500929ns          344041 1c0081a2 004e8e93 addi             x29, x29, 4         x29=10000214 x29:10000210
20500969ns          344043 1c00817e 40af87b3 sub              x15, x31, x10       x15=00000020 x31:100004a4 x10:10000484
20500989ns          344044 1c008182 ffc78793 addi             x15, x15, -4        x15=0000001c x15:00000020
20501009ns          344045 1c008184 0027d793 srli             x15, x15, 0x2       x15=00000007 x15:0000001c
20501029ns          344046 1c008186 01d00833 add              x16, x0, x29        x16=10000214 x29:10000214
20501049ns          344047 1c008188 00a00633 add              x12, x0, x10        x12=10000484 x10:10000484
20501069ns          344048 1c00818a 00000713 addi             x14, x0, 0          x14=00000000
20501088ns          344049 1c00818c 00178793 addi             x15, x15, 1         x15=00000008 x15:00000007
20501108ns          344050 1c00818e 0067c0fb lp.setup         0x1, x15, 0x6       x15:00000008
20501128ns          344051 1c008192 0046230b p.lw             x6, 4(x12!)          x6=fffffff2 x12=10000488 x12:10000484  PA:10000484
20501148ns          344052 1c008196 2078788b p.lw             x17, x7(x16!)       x17=00000005 x16=10000234  x7:00000020 x16:10000214  PA:10000214
20501188ns          344054 1c00819a 43130733 p.mac            x14, x6, x17        x14=ffffffba x14:00000000  x6:fffffff2 x17:00000005
20501208ns          344055 1c008192 0046230b p.lw             x6, 4(x12!)          x6=fffffff0 x12=1000048c x12:10000488  PA:10000488
20501228ns          344056 1c008196 2078788b p.lw             x17, x7(x16!)       x17=fffffffd x16=10000254  x7:00000020 x16:10000234  PA:10000234
20501267ns          344058 1c00819a 43130733 p.mac            x14, x6, x17        x14=ffffffea x14:ffffffba  x6:fffffff0 x17:fffffffd
20501287ns          344059 1c008192 0046230b p.lw             x6, 4(x12!)          x6=ffffffee x12=10000490 x12:1000048c  PA:1000048c
20501307ns          344060 1c008196 2078788b p.lw             x17, x7(x16!)       x17=fffffff5 x16=10000274  x7:00000020 x16:10000254  PA:10000254
20501347ns          344062 1c00819a 43130733 p.mac            x14, x6, x17        x14=000000b0 x14:ffffffea  x6:ffffffee x17:fffffff5
20501367ns          344063 1c008192 0046230b p.lw             x6, 4(x12!)          x6=ffffffec x12=10000494 x12:10000490  PA:10000490
20501387ns          344064 1c008196 2078788b p.lw             x17, x7(x16!)       x17=ffffffed x16=10000294  x7:00000020 x16:10000274  PA:10000274
20501427ns          344066 1c00819a 43130733 p.mac            x14, x6, x17        x14=0000022c x14:000000b0  x6:ffffffec x17:ffffffed
20501446ns          344067 1c008192 0046230b p.lw             x6, 4(x12!)          x6=ffffffea x12=10000498 x12:10000494  PA:10000494
20501466ns          344068 1c008196 2078788b p.lw             x17, x7(x16!)       x17=ffffffe5 x16=100002b4  x7:00000020 x16:10000294  PA:10000294
20501506ns          344070 1c00819a 43130733 p.mac            x14, x6, x17        x14=0000047e x14:0000022c  x6:ffffffea x17:ffffffe5
20501526ns          344071 1c008192 0046230b p.lw             x6, 4(x12!)          x6=ffffffe8 x12=1000049c x12:10000498  PA:10000498
20501546ns          344072 1c008196 2078788b p.lw             x17, x7(x16!)       x17=ffffffdd x16=100002d4  x7:00000020 x16:100002b4  PA:100002b4
20501586ns          344074 1c00819a 43130733 p.mac            x14, x6, x17        x14=000007c6 x14:0000047e  x6:ffffffe8 x17:ffffffdd
20501606ns          344075 1c008192 0046230b p.lw             x6, 4(x12!)          x6=ffffffe6 x12=100004a0 x12:1000049c  PA:1000049c
20501626ns          344076 1c008196 2078788b p.lw             x17, x7(x16!)       x17=ffffffd5 x16=100002f4  x7:00000020 x16:100002d4  PA:100002d4
20501665ns          344078 1c00819a 43130733 p.mac            x14, x6, x17        x14=00000c24 x14:000007c6  x6:ffffffe6 x17:ffffffd5
20501685ns          344079 1c008192 0046230b p.lw             x6, 4(x12!)          x6=ffffffe4 x12=100004a4 x12:100004a0  PA:100004a0
20501705ns          344080 1c008196 2078788b p.lw             x17, x7(x16!)       x17=ffffffcd x16=10000314  x7:00000020 x16:100002f4  PA:100002f4
20501745ns          344082 1c00819a 43130733 p.mac            x14, x6, x17        x14=000011b8 x14:00000c24  x6:ffffffe4 x17:ffffffcd
20501765ns          344083 1c00819e 00ef222b p.sw             x14, 4(x30!)        x30=10000b98 x14:000011b8 x30:10000b94  PA:10000b94
20501785ns          344084 1c0081a2 004e8e93 addi             x29, x29, 4         x29=10000218 x29:10000214
20501824ns          344086 1c00817e 40af87b3 sub              x15, x31, x10       x15=00000020 x31:100004a4 x10:10000484
20501844ns          344087 1c008182 ffc78793 addi             x15, x15, -4        x15=0000001c x15:00000020
20501864ns          344088 1c008184 0027d793 srli             x15, x15, 0x2       x15=00000007 x15:0000001c
20501884ns          344089 1c008186 01d00833 add              x16, x0, x29        x16=10000218 x29:10000218
20501904ns          344090 1c008188 00a00633 add              x12, x0, x10        x12=10000484 x10:10000484
20501924ns          344091 1c00818a 00000713 addi             x14, x0, 0          x14=00000000
20501944ns          344092 1c00818c 00178793 addi             x15, x15, 1         x15=00000008 x15:00000007
20501964ns          344093 1c00818e 0067c0fb lp.setup         0x1, x15, 0x6       x15:00000008
20501984ns          344094 1c008192 0046230b p.lw             x6, 4(x12!)          x6=fffffff2 x12=10000488 x12:10000484  PA:10000484
20502003ns          344095 1c008196 2078788b p.lw             x17, x7(x16!)       x17=00000004 x16=10000238  x7:00000020 x16:10000218  PA:10000218
20502043ns          344097 1c00819a 43130733 p.mac            x14, x6, x17        x14=ffffffc8 x14:00000000  x6:fffffff2 x17:00000004
20502063ns          344098 1c008192 0046230b p.lw             x6, 4(x12!)          x6=fffffff0 x12=1000048c x12:10000488  PA:10000488
20502083ns          344099 1c008196 2078788b p.lw             x17, x7(x16!)       x17=fffffffc x16=10000258  x7:00000020 x16:10000238  PA:10000238
20502123ns          344101 1c00819a 43130733 p.mac            x14, x6, x17        x14=00000008 x14:ffffffc8  x6:fffffff0 x17:fffffffc
20502143ns          344102 1c008192 0046230b p.lw             x6, 4(x12!)          x6=ffffffee x12=10000490 x12:1000048c  PA:1000048c
20502163ns          344103 1c008196 2078788b p.lw             x17, x7(x16!)       x17=fffffff4 x16=10000278  x7:00000020 x16:10000258  PA:10000258
20502202ns          344105 1c00819a 43130733 p.mac            x14, x6, x17        x14=000000e0 x14:00000008  x6:ffffffee x17:fffffff4
20502222ns          344106 1c008192 0046230b p.lw             x6, 4(x12!)          x6=ffffffec x12=10000494 x12:10000490  PA:10000490
20502242ns          344107 1c008196 2078788b p.lw             x17, x7(x16!)       x17=ffffffec x16=10000298  x7:00000020 x16:10000278  PA:10000278
20502282ns          344109 1c00819a 43130733 p.mac            x14, x6, x17        x14=00000270 x14:000000e0  x6:ffffffec x17:ffffffec
20502302ns          344110 1c008192 0046230b p.lw             x6, 4(x12!)          x6=ffffffea x12=10000498 x12:10000494  PA:10000494
20502322ns          344111 1c008196 2078788b p.lw             x17, x7(x16!)       x17=ffffffe4 x16=100002b8  x7:00000020 x16:10000298  PA:10000298
20502361ns          344113 1c00819a 43130733 p.mac            x14, x6, x17        x14=000004d8 x14:00000270  x6:ffffffea x17:ffffffe4
20502381ns          344114 1c008192 0046230b p.lw             x6, 4(x12!)          x6=ffffffe8 x12=1000049c x12:10000498  PA:10000498
20502401ns          344115 1c008196 2078788b p.lw             x17, x7(x16!)       x17=ffffffdc x16=100002d8  x7:00000020 x16:100002b8  PA:100002b8
20502441ns          344117 1c00819a 43130733 p.mac            x14, x6, x17        x14=00000838 x14:000004d8  x6:ffffffe8 x17:ffffffdc
20502461ns          344118 1c008192 0046230b p.lw             x6, 4(x12!)          x6=ffffffe6 x12=100004a0 x12:1000049c  PA:1000049c
20502481ns          344119 1c008196 2078788b p.lw             x17, x7(x16!)       x17=ffffffd4 x16=100002f8  x7:00000020 x16:100002d8  PA:100002d8
20502521ns          344121 1c00819a 43130733 p.mac            x14, x6, x17        x14=00000cb0 x14:00000838  x6:ffffffe6 x17:ffffffd4
20502540ns          344122 1c008192 0046230b p.lw             x6, 4(x12!)          x6=ffffffe4 x12=100004a4 x12:100004a0  PA:100004a0
20502560ns          344123 1c008196 2078788b p.lw             x17, x7(x16!)       x17=ffffffcc x16=10000318  x7:00000020 x16:100002f8  PA:100002f8
20502600ns          344125 1c00819a 43130733 p.mac            x14, x6, x17        x14=00001260 x14:00000cb0  x6:ffffffe4 x17:ffffffcc
20502620ns          344126 1c00819e 00ef222b p.sw             x14, 4(x30!)        x30=10000b9c x14:00001260 x30:10000b98  PA:10000b98
20502640ns          344127 1c0081a2 004e8e93 addi             x29, x29, 4         x29=1000021c x29:10000218
20502680ns          344129 1c00817e 40af87b3 sub              x15, x31, x10       x15=00000020 x31:100004a4 x10:10000484
20502700ns          344130 1c008182 ffc78793 addi             x15, x15, -4        x15=0000001c x15:00000020
20502720ns          344131 1c008184 0027d793 srli             x15, x15, 0x2       x15=00000007 x15:0000001c
20502739ns          344132 1c008186 01d00833 add              x16, x0, x29        x16=1000021c x29:1000021c
20502759ns          344133 1c008188 00a00633 add              x12, x0, x10        x12=10000484 x10:10000484
20502779ns          344134 1c00818a 00000713 addi             x14, x0, 0          x14=00000000
20502799ns          344135 1c00818c 00178793 addi             x15, x15, 1         x15=00000008 x15:00000007
20502819ns          344136 1c00818e 0067c0fb lp.setup         0x1, x15, 0x6       x15:00000008
20502839ns          344137 1c008192 0046230b p.lw             x6, 4(x12!)          x6=fffffff2 x12=10000488 x12:10000484  PA:10000484
20502859ns          344138 1c008196 2078788b p.lw             x17, x7(x16!)       x17=00000003 x16=1000023c  x7:00000020 x16:1000021c  PA:1000021c
20502899ns          344140 1c00819a 43130733 p.mac            x14, x6, x17        x14=ffffffd6 x14:00000000  x6:fffffff2 x17:00000003
20502918ns          344141 1c008192 0046230b p.lw             x6, 4(x12!)          x6=fffffff0 x12=1000048c x12:10000488  PA:10000488
20502938ns          344142 1c008196 2078788b p.lw             x17, x7(x16!)       x17=fffffffb x16=1000025c  x7:00000020 x16:1000023c  PA:1000023c
20502978ns          344144 1c00819a 43130733 p.mac            x14, x6, x17        x14=00000026 x14:ffffffd6  x6:fffffff0 x17:fffffffb
20502998ns          344145 1c008192 0046230b p.lw             x6, 4(x12!)          x6=ffffffee x12=10000490 x12:1000048c  PA:1000048c
20503018ns          344146 1c008196 2078788b p.lw             x17, x7(x16!)       x17=fffffff3 x16=1000027c  x7:00000020 x16:1000025c  PA:1000025c
20503058ns          344148 1c00819a 43130733 p.mac            x14, x6, x17        x14=00000110 x14:00000026  x6:ffffffee x17:fffffff3
20503078ns          344149 1c008192 0046230b p.lw             x6, 4(x12!)          x6=ffffffec x12=10000494 x12:10000490  PA:10000490
20503097ns          344150 1c008196 2078788b p.lw             x17, x7(x16!)       x17=ffffffeb x16=1000029c  x7:00000020 x16:1000027c  PA:1000027c
20503137ns          344152 1c00819a 43130733 p.mac            x14, x6, x17        x14=000002b4 x14:00000110  x6:ffffffec x17:ffffffeb
20503157ns          344153 1c008192 0046230b p.lw             x6, 4(x12!)          x6=ffffffea x12=10000498 x12:10000494  PA:10000494
20503177ns          344154 1c008196 2078788b p.lw             x17, x7(x16!)       x17=ffffffe3 x16=100002bc  x7:00000020 x16:1000029c  PA:1000029c
20503217ns          344156 1c00819a 43130733 p.mac            x14, x6, x17        x14=00000532 x14:000002b4  x6:ffffffea x17:ffffffe3
20503237ns          344157 1c008192 0046230b p.lw             x6, 4(x12!)          x6=ffffffe8 x12=1000049c x12:10000498  PA:10000498
20503257ns          344158 1c008196 2078788b p.lw             x17, x7(x16!)       x17=ffffffdb x16=100002dc  x7:00000020 x16:100002bc  PA:100002bc
20503296ns          344160 1c00819a 43130733 p.mac            x14, x6, x17        x14=000008aa x14:00000532  x6:ffffffe8 x17:ffffffdb
20503316ns          344161 1c008192 0046230b p.lw             x6, 4(x12!)          x6=ffffffe6 x12=100004a0 x12:1000049c  PA:1000049c
20503336ns          344162 1c008196 2078788b p.lw             x17, x7(x16!)       x17=ffffffd3 x16=100002fc  x7:00000020 x16:100002dc  PA:100002dc
20503376ns          344164 1c00819a 43130733 p.mac            x14, x6, x17        x14=00000d3c x14:000008aa  x6:ffffffe6 x17:ffffffd3
20503396ns          344165 1c008192 0046230b p.lw             x6, 4(x12!)          x6=ffffffe4 x12=100004a4 x12:100004a0  PA:100004a0
20503416ns          344166 1c008196 2078788b p.lw             x17, x7(x16!)       x17=ffffffcb x16=1000031c  x7:00000020 x16:100002fc  PA:100002fc
20503455ns          344168 1c00819a 43130733 p.mac            x14, x6, x17        x14=00001308 x14:00000d3c  x6:ffffffe4 x17:ffffffcb
20503475ns          344169 1c00819e 00ef222b p.sw             x14, 4(x30!)        x30=10000ba0 x14:00001308 x30:10000b9c  PA:10000b9c
20503495ns          344170 1c0081a2 004e8e93 addi             x29, x29, 4         x29=10000220 x29:1000021c
20503535ns          344172 1c00817e 40af87b3 sub              x15, x31, x10       x15=00000020 x31:100004a4 x10:10000484
20503555ns          344173 1c008182 ffc78793 addi             x15, x15, -4        x15=0000001c x15:00000020
20503575ns          344174 1c008184 0027d793 srli             x15, x15, 0x2       x15=00000007 x15:0000001c
20503595ns          344175 1c008186 01d00833 add              x16, x0, x29        x16=10000220 x29:10000220
20503615ns          344176 1c008188 00a00633 add              x12, x0, x10        x12=10000484 x10:10000484
20503634ns          344177 1c00818a 00000713 addi             x14, x0, 0          x14=00000000
20503654ns          344178 1c00818c 00178793 addi             x15, x15, 1         x15=00000008 x15:00000007
20503674ns          344179 1c00818e 0067c0fb lp.setup         0x1, x15, 0x6       x15:00000008
20503694ns          344180 1c008192 0046230b p.lw             x6, 4(x12!)          x6=fffffff2 x12=10000488 x12:10000484  PA:10000484
20503714ns          344181 1c008196 2078788b p.lw             x17, x7(x16!)       x17=00000002 x16=10000240  x7:00000020 x16:10000220  PA:10000220
20503754ns          344183 1c00819a 43130733 p.mac            x14, x6, x17        x14=ffffffe4 x14:00000000  x6:fffffff2 x17:00000002
20503774ns          344184 1c008192 0046230b p.lw             x6, 4(x12!)          x6=fffffff0 x12=1000048c x12:10000488  PA:10000488
20503794ns          344185 1c008196 2078788b p.lw             x17, x7(x16!)       x17=fffffffa x16=10000260  x7:00000020 x16:10000240  PA:10000240
20503833ns          344187 1c00819a 43130733 p.mac            x14, x6, x17        x14=00000044 x14:ffffffe4  x6:fffffff0 x17:fffffffa
20503853ns          344188 1c008192 0046230b p.lw             x6, 4(x12!)          x6=ffffffee x12=10000490 x12:1000048c  PA:1000048c
20503873ns          344189 1c008196 2078788b p.lw             x17, x7(x16!)       x17=fffffff2 x16=10000280  x7:00000020 x16:10000260  PA:10000260
20503913ns          344191 1c00819a 43130733 p.mac            x14, x6, x17        x14=00000140 x14:00000044  x6:ffffffee x17:fffffff2
20503933ns          344192 1c008192 0046230b p.lw             x6, 4(x12!)          x6=ffffffec x12=10000494 x12:10000490  PA:10000490
20503953ns          344193 1c008196 2078788b p.lw             x17, x7(x16!)       x17=ffffffea x16=100002a0  x7:00000020 x16:10000280  PA:10000280
20503993ns          344195 1c00819a 43130733 p.mac            x14, x6, x17        x14=000002f8 x14:00000140  x6:ffffffec x17:ffffffea
20504012ns          344196 1c008192 0046230b p.lw             x6, 4(x12!)          x6=ffffffea x12=10000498 x12:10000494  PA:10000494
20504032ns          344197 1c008196 2078788b p.lw             x17, x7(x16!)       x17=ffffffe2 x16=100002c0  x7:00000020 x16:100002a0  PA:100002a0
20504072ns          344199 1c00819a 43130733 p.mac            x14, x6, x17        x14=0000058c x14:000002f8  x6:ffffffea x17:ffffffe2
20504092ns          344200 1c008192 0046230b p.lw             x6, 4(x12!)          x6=ffffffe8 x12=1000049c x12:10000498  PA:10000498
20504112ns          344201 1c008196 2078788b p.lw             x17, x7(x16!)       x17=ffffffda x16=100002e0  x7:00000020 x16:100002c0  PA:100002c0
20504152ns          344203 1c00819a 43130733 p.mac            x14, x6, x17        x14=0000091c x14:0000058c  x6:ffffffe8 x17:ffffffda
20504172ns          344204 1c008192 0046230b p.lw             x6, 4(x12!)          x6=ffffffe6 x12=100004a0 x12:1000049c  PA:1000049c
20504191ns          344205 1c008196 2078788b p.lw             x17, x7(x16!)       x17=ffffffd2 x16=10000300  x7:00000020 x16:100002e0  PA:100002e0
20504231ns          344207 1c00819a 43130733 p.mac            x14, x6, x17        x14=00000dc8 x14:0000091c  x6:ffffffe6 x17:ffffffd2
20504251ns          344208 1c008192 0046230b p.lw             x6, 4(x12!)          x6=ffffffe4 x12=100004a4 x12:100004a0  PA:100004a0
20504271ns          344209 1c008196 2078788b p.lw             x17, x7(x16!)       x17=ffffffca x16=10000320  x7:00000020 x16:10000300  PA:10000300
20504311ns          344211 1c00819a 43130733 p.mac            x14, x6, x17        x14=000013b0 x14:00000dc8  x6:ffffffe4 x17:ffffffca
20504331ns          344212 1c00819e 00ef222b p.sw             x14, 4(x30!)        x30=10000ba4 x14:000013b0 x30:10000ba0  PA:10000ba0
20504351ns          344213 1c0081a2 004e8e93 addi             x29, x29, 4         x29=10000224 x29:10000220
20504370ns          344214 1c0081a4 00128293 addi             x5, x5, 1            x5=00000005  x5:00000004
20504390ns          344215 1c0081a6 00750533 add              x10, x10, x7        x10=100004a4 x10:10000484  x7:00000020
20504410ns          344216 1c0081a8 007f8fb3 add              x31, x31, x7        x31=100004c4 x31:100004a4  x7:00000020
20504430ns          344217 1c0081aa fa569fe3 bne              x13, x5, -66        x13:00000008  x5:00000005
20504490ns          344220 1c008168 40b48e33 sub              x28, x9, x11        x28=00000020  x9:10000224 x11:10000204
20504510ns          344221 1c00816c ffce0e13 addi             x28, x28, -4        x28=0000001c x28:00000020
20504530ns          344222 1c00816e 002e5e13 srli             x28, x28, 0x2       x28=00000007 x28:0000001c
20504549ns          344223 1c008172 008f8f33 add              x30, x31, x8        x30=10000ba4 x31:100004c4  x8:000006e0
20504569ns          344224 1c008176 00b00eb3 add              x29, x0, x11        x29=10000204 x11:10000204
20504589ns          344225 1c008178 001e0e13 addi             x28, x28, 1         x28=00000008 x28:00000007
20504609ns          344226 1c00817a 014e407b lp.setup         0x0, x28, 0x14      x28:00000008
20504629ns          344227 1c00817e 40af87b3 sub              x15, x31, x10       x15=00000020 x31:100004c4 x10:100004a4
20504649ns          344228 1c008182 ffc78793 addi             x15, x15, -4        x15=0000001c x15:00000020
20504669ns          344229 1c008184 0027d793 srli             x15, x15, 0x2       x15=00000007 x15:0000001c
20504689ns          344230 1c008186 01d00833 add              x16, x0, x29        x16=10000204 x29:10000204
20504709ns          344231 1c008188 00a00633 add              x12, x0, x10        x12=100004a4 x10:100004a4
20504728ns          344232 1c00818a 00000713 addi             x14, x0, 0          x14=00000000
20504748ns          344233 1c00818c 00178793 addi             x15, x15, 1         x15=00000008 x15:00000007
20504768ns          344234 1c00818e 0067c0fb lp.setup         0x1, x15, 0x6       x15:00000008
20504788ns          344235 1c008192 0046230b p.lw             x6, 4(x12!)          x6=ffffffe2 x12=100004a8 x12:100004a4  PA:100004a4
20504808ns          344236 1c008196 2078788b p.lw             x17, x7(x16!)       x17=00000009 x16=10000224  x7:00000020 x16:10000204  PA:10000204
20504848ns          344238 1c00819a 43130733 p.mac            x14, x6, x17        x14=fffffef2 x14:00000000  x6:ffffffe2 x17:00000009
20504868ns          344239 1c008192 0046230b p.lw             x6, 4(x12!)          x6=ffffffe0 x12=100004ac x12:100004a8  PA:100004a8
20504888ns          344240 1c008196 2078788b p.lw             x17, x7(x16!)       x17=00000001 x16=10000244  x7:00000020 x16:10000224  PA:10000224
20504927ns          344242 1c00819a 43130733 p.mac            x14, x6, x17        x14=fffffed2 x14:fffffef2  x6:ffffffe0 x17:00000001
20504947ns          344243 1c008192 0046230b p.lw             x6, 4(x12!)          x6=ffffffde x12=100004b0 x12:100004ac  PA:100004ac
20504967ns          344244 1c008196 2078788b p.lw             x17, x7(x16!)       x17=fffffff9 x16=10000264  x7:00000020 x16:10000244  PA:10000244
20505007ns          344246 1c00819a 43130733 p.mac            x14, x6, x17        x14=ffffffc0 x14:fffffed2  x6:ffffffde x17:fffffff9
20505027ns          344247 1c008192 0046230b p.lw             x6, 4(x12!)          x6=ffffffdc x12=100004b4 x12:100004b0  PA:100004b0
20505047ns          344248 1c008196 2078788b p.lw             x17, x7(x16!)       x17=fffffff1 x16=10000284  x7:00000020 x16:10000264  PA:10000264
20505087ns          344250 1c00819a 43130733 p.mac            x14, x6, x17        x14=000001dc x14:ffffffc0  x6:ffffffdc x17:fffffff1
20505106ns          344251 1c008192 0046230b p.lw             x6, 4(x12!)          x6=ffffffda x12=100004b8 x12:100004b4  PA:100004b4
20505126ns          344252 1c008196 2078788b p.lw             x17, x7(x16!)       x17=ffffffe9 x16=100002a4  x7:00000020 x16:10000284  PA:10000284
20505166ns          344254 1c00819a 43130733 p.mac            x14, x6, x17        x14=00000546 x14:000001dc  x6:ffffffda x17:ffffffe9
20505186ns          344255 1c008192 0046230b p.lw             x6, 4(x12!)          x6=ffffffd8 x12=100004bc x12:100004b8  PA:100004b8
20505206ns          344256 1c008196 2078788b p.lw             x17, x7(x16!)       x17=ffffffe1 x16=100002c4  x7:00000020 x16:100002a4  PA:100002a4
20505246ns          344258 1c00819a 43130733 p.mac            x14, x6, x17        x14=00000a1e x14:00000546  x6:ffffffd8 x17:ffffffe1
20505266ns          344259 1c008192 0046230b p.lw             x6, 4(x12!)          x6=ffffffd6 x12=100004c0 x12:100004bc  PA:100004bc
20505285ns          344260 1c008196 2078788b p.lw             x17, x7(x16!)       x17=ffffffd9 x16=100002e4  x7:00000020 x16:100002c4  PA:100002c4
20505325ns          344262 1c00819a 43130733 p.mac            x14, x6, x17        x14=00001084 x14:00000a1e  x6:ffffffd6 x17:ffffffd9
20505345ns          344263 1c008192 0046230b p.lw             x6, 4(x12!)          x6=ffffffd4 x12=100004c4 x12:100004c0  PA:100004c0
20505365ns          344264 1c008196 2078788b p.lw             x17, x7(x16!)       x17=ffffffd1 x16=10000304  x7:00000020 x16:100002e4  PA:100002e4
20505425ns          344267 1c00819a 43130733 p.mac            x14, x6, x17        x14=00001898 x14:00001084  x6:ffffffd4 x17:ffffffd1
20505445ns          344268 1c00819e 00ef222b p.sw             x14, 4(x30!)        x30=10000ba8 x14:00001898 x30:10000ba4  PA:10000ba4
20505464ns          344269 1c0081a2 004e8e93 addi             x29, x29, 4         x29=10000208 x29:10000204
20505504ns          344271 1c00817e 40af87b3 sub              x15, x31, x10       x15=00000020 x31:100004c4 x10:100004a4
20505524ns          344272 1c008182 ffc78793 addi             x15, x15, -4        x15=0000001c x15:00000020
20505544ns          344273 1c008184 0027d793 srli             x15, x15, 0x2       x15=00000007 x15:0000001c
20505564ns          344274 1c008186 01d00833 add              x16, x0, x29        x16=10000208 x29:10000208
20505584ns          344275 1c008188 00a00633 add              x12, x0, x10        x12=100004a4 x10:100004a4
20505604ns          344276 1c00818a 00000713 addi             x14, x0, 0          x14=00000000
20505624ns          344277 1c00818c 00178793 addi             x15, x15, 1         x15=00000008 x15:00000007
20505643ns          344278 1c00818e 0067c0fb lp.setup         0x1, x15, 0x6       x15:00000008
20505663ns          344279 1c008192 0046230b p.lw             x6, 4(x12!)          x6=ffffffe2 x12=100004a8 x12:100004a4  PA:100004a4
20505683ns          344280 1c008196 2078788b p.lw             x17, x7(x16!)       x17=00000008 x16=10000228  x7:00000020 x16:10000208  PA:10000208
20505723ns          344282 1c00819a 43130733 p.mac            x14, x6, x17        x14=ffffff10 x14:00000000  x6:ffffffe2 x17:00000008
20505743ns          344283 1c008192 0046230b p.lw             x6, 4(x12!)          x6=ffffffe0 x12=100004ac x12:100004a8  PA:100004a8
20505763ns          344284 1c008196 2078788b p.lw             x17, x7(x16!)       x17=00000000 x16=10000248  x7:00000020 x16:10000228  PA:10000228
20505803ns          344286 1c00819a 43130733 p.mac            x14, x6, x17        x14=ffffff10 x14:ffffff10  x6:ffffffe0 x17:00000000
20505822ns          344287 1c008192 0046230b p.lw             x6, 4(x12!)          x6=ffffffde x12=100004b0 x12:100004ac  PA:100004ac
20505842ns          344288 1c008196 2078788b p.lw             x17, x7(x16!)       x17=fffffff8 x16=10000268  x7:00000020 x16:10000248  PA:10000248
20505882ns          344290 1c00819a 43130733 p.mac            x14, x6, x17        x14=00000020 x14:ffffff10  x6:ffffffde x17:fffffff8
20505902ns          344291 1c008192 0046230b p.lw             x6, 4(x12!)          x6=ffffffdc x12=100004b4 x12:100004b0  PA:100004b0
20505922ns          344292 1c008196 2078788b p.lw             x17, x7(x16!)       x17=fffffff0 x16=10000288  x7:00000020 x16:10000268  PA:10000268
20505962ns          344294 1c00819a 43130733 p.mac            x14, x6, x17        x14=00000260 x14:00000020  x6:ffffffdc x17:fffffff0
20505982ns          344295 1c008192 0046230b p.lw             x6, 4(x12!)          x6=ffffffda x12=100004b8 x12:100004b4  PA:100004b4
20506001ns          344296 1c008196 2078788b p.lw             x17, x7(x16!)       x17=ffffffe8 x16=100002a8  x7:00000020 x16:10000288  PA:10000288
20506041ns          344298 1c00819a 43130733 p.mac            x14, x6, x17        x14=000005f0 x14:00000260  x6:ffffffda x17:ffffffe8
20506061ns          344299 1c008192 0046230b p.lw             x6, 4(x12!)          x6=ffffffd8 x12=100004bc x12:100004b8  PA:100004b8
20506081ns          344300 1c008196 2078788b p.lw             x17, x7(x16!)       x17=ffffffe0 x16=100002c8  x7:00000020 x16:100002a8  PA:100002a8
20506121ns          344302 1c00819a 43130733 p.mac            x14, x6, x17        x14=00000af0 x14:000005f0  x6:ffffffd8 x17:ffffffe0
20506141ns          344303 1c008192 0046230b p.lw             x6, 4(x12!)          x6=ffffffd6 x12=100004c0 x12:100004bc  PA:100004bc
20506161ns          344304 1c008196 2078788b p.lw             x17, x7(x16!)       x17=ffffffd8 x16=100002e8  x7:00000020 x16:100002c8  PA:100002c8
20506200ns          344306 1c00819a 43130733 p.mac            x14, x6, x17        x14=00001180 x14:00000af0  x6:ffffffd6 x17:ffffffd8
20506220ns          344307 1c008192 0046230b p.lw             x6, 4(x12!)          x6=ffffffd4 x12=100004c4 x12:100004c0  PA:100004c0
20506240ns          344308 1c008196 2078788b p.lw             x17, x7(x16!)       x17=ffffffd0 x16=10000308  x7:00000020 x16:100002e8  PA:100002e8
20506280ns          344310 1c00819a 43130733 p.mac            x14, x6, x17        x14=000019c0 x14:00001180  x6:ffffffd4 x17:ffffffd0
20506300ns          344311 1c00819e 00ef222b p.sw             x14, 4(x30!)        x30=10000bac x14:000019c0 x30:10000ba8  PA:10000ba8
20506320ns          344312 1c0081a2 004e8e93 addi             x29, x29, 4         x29=1000020c x29:10000208
20506360ns          344314 1c00817e 40af87b3 sub              x15, x31, x10       x15=00000020 x31:100004c4 x10:100004a4
20506379ns          344315 1c008182 ffc78793 addi             x15, x15, -4        x15=0000001c x15:00000020
20506399ns          344316 1c008184 0027d793 srli             x15, x15, 0x2       x15=00000007 x15:0000001c
20506419ns          344317 1c008186 01d00833 add              x16, x0, x29        x16=1000020c x29:1000020c
20506439ns          344318 1c008188 00a00633 add              x12, x0, x10        x12=100004a4 x10:100004a4
20506459ns          344319 1c00818a 00000713 addi             x14, x0, 0          x14=00000000
20506479ns          344320 1c00818c 00178793 addi             x15, x15, 1         x15=00000008 x15:00000007
20506499ns          344321 1c00818e 0067c0fb lp.setup         0x1, x15, 0x6       x15:00000008
20506519ns          344322 1c008192 0046230b p.lw             x6, 4(x12!)          x6=ffffffe2 x12=100004a8 x12:100004a4  PA:100004a4
20506539ns          344323 1c008196 2078788b p.lw             x17, x7(x16!)       x17=00000007 x16=1000022c  x7:00000020 x16:1000020c  PA:1000020c
20506578ns          344325 1c00819a 43130733 p.mac            x14, x6, x17        x14=ffffff2e x14:00000000  x6:ffffffe2 x17:00000007
20506598ns          344326 1c008192 0046230b p.lw             x6, 4(x12!)          x6=ffffffe0 x12=100004ac x12:100004a8  PA:100004a8
20506618ns          344327 1c008196 2078788b p.lw             x17, x7(x16!)       x17=ffffffff x16=1000024c  x7:00000020 x16:1000022c  PA:1000022c
20506658ns          344329 1c00819a 43130733 p.mac            x14, x6, x17        x14=ffffff4e x14:ffffff2e  x6:ffffffe0 x17:ffffffff
20506678ns          344330 1c008192 0046230b p.lw             x6, 4(x12!)          x6=ffffffde x12=100004b0 x12:100004ac  PA:100004ac
20506698ns          344331 1c008196 2078788b p.lw             x17, x7(x16!)       x17=fffffff7 x16=1000026c  x7:00000020 x16:1000024c  PA:1000024c
20506737ns          344333 1c00819a 43130733 p.mac            x14, x6, x17        x14=00000080 x14:ffffff4e  x6:ffffffde x17:fffffff7
20506757ns          344334 1c008192 0046230b p.lw             x6, 4(x12!)          x6=ffffffdc x12=100004b4 x12:100004b0  PA:100004b0
20506777ns          344335 1c008196 2078788b p.lw             x17, x7(x16!)       x17=ffffffef x16=1000028c  x7:00000020 x16:1000026c  PA:1000026c
20506817ns          344337 1c00819a 43130733 p.mac            x14, x6, x17        x14=000002e4 x14:00000080  x6:ffffffdc x17:ffffffef
20506837ns          344338 1c008192 0046230b p.lw             x6, 4(x12!)          x6=ffffffda x12=100004b8 x12:100004b4  PA:100004b4
20506857ns          344339 1c008196 2078788b p.lw             x17, x7(x16!)       x17=ffffffe7 x16=100002ac  x7:00000020 x16:1000028c  PA:1000028c
20506897ns          344341 1c00819a 43130733 p.mac            x14, x6, x17        x14=0000069a x14:000002e4  x6:ffffffda x17:ffffffe7
20506916ns          344342 1c008192 0046230b p.lw             x6, 4(x12!)          x6=ffffffd8 x12=100004bc x12:100004b8  PA:100004b8
20506936ns          344343 1c008196 2078788b p.lw             x17, x7(x16!)       x17=ffffffdf x16=100002cc  x7:00000020 x16:100002ac  PA:100002ac
20506976ns          344345 1c00819a 43130733 p.mac            x14, x6, x17        x14=00000bc2 x14:0000069a  x6:ffffffd8 x17:ffffffdf
20506996ns          344346 1c008192 0046230b p.lw             x6, 4(x12!)          x6=ffffffd6 x12=100004c0 x12:100004bc  PA:100004bc
20507016ns          344347 1c008196 2078788b p.lw             x17, x7(x16!)       x17=ffffffd7 x16=100002ec  x7:00000020 x16:100002cc  PA:100002cc
20507056ns          344349 1c00819a 43130733 p.mac            x14, x6, x17        x14=0000127c x14:00000bc2  x6:ffffffd6 x17:ffffffd7
20507076ns          344350 1c008192 0046230b p.lw             x6, 4(x12!)          x6=ffffffd4 x12=100004c4 x12:100004c0  PA:100004c0
20507095ns          344351 1c008196 2078788b p.lw             x17, x7(x16!)       x17=ffffffcf x16=1000030c  x7:00000020 x16:100002ec  PA:100002ec
20507135ns          344353 1c00819a 43130733 p.mac            x14, x6, x17        x14=00001ae8 x14:0000127c  x6:ffffffd4 x17:ffffffcf
20507155ns          344354 1c00819e 00ef222b p.sw             x14, 4(x30!)        x30=10000bb0 x14:00001ae8 x30:10000bac  PA:10000bac
20507175ns          344355 1c0081a2 004e8e93 addi             x29, x29, 4         x29=10000210 x29:1000020c
20507215ns          344357 1c00817e 40af87b3 sub              x15, x31, x10       x15=00000020 x31:100004c4 x10:100004a4
20507235ns          344358 1c008182 ffc78793 addi             x15, x15, -4        x15=0000001c x15:00000020
20507255ns          344359 1c008184 0027d793 srli             x15, x15, 0x2       x15=00000007 x15:0000001c
20507274ns          344360 1c008186 01d00833 add              x16, x0, x29        x16=10000210 x29:10000210
20507294ns          344361 1c008188 00a00633 add              x12, x0, x10        x12=100004a4 x10:100004a4
20507314ns          344362 1c00818a 00000713 addi             x14, x0, 0          x14=00000000
20507334ns          344363 1c00818c 00178793 addi             x15, x15, 1         x15=00000008 x15:00000007
20507354ns          344364 1c00818e 0067c0fb lp.setup         0x1, x15, 0x6       x15:00000008
20507374ns          344365 1c008192 0046230b p.lw             x6, 4(x12!)          x6=ffffffe2 x12=100004a8 x12:100004a4  PA:100004a4
20507394ns          344366 1c008196 2078788b p.lw             x17, x7(x16!)       x17=00000006 x16=10000230  x7:00000020 x16:10000210  PA:10000210
20507434ns          344368 1c00819a 43130733 p.mac            x14, x6, x17        x14=ffffff4c x14:00000000  x6:ffffffe2 x17:00000006
20507454ns          344369 1c008192 0046230b p.lw             x6, 4(x12!)          x6=ffffffe0 x12=100004ac x12:100004a8  PA:100004a8
20507473ns          344370 1c008196 2078788b p.lw             x17, x7(x16!)       x17=fffffffe x16=10000250  x7:00000020 x16:10000230  PA:10000230
20507513ns          344372 1c00819a 43130733 p.mac            x14, x6, x17        x14=ffffff8c x14:ffffff4c  x6:ffffffe0 x17:fffffffe
20507533ns          344373 1c008192 0046230b p.lw             x6, 4(x12!)          x6=ffffffde x12=100004b0 x12:100004ac  PA:100004ac
20507553ns          344374 1c008196 2078788b p.lw             x17, x7(x16!)       x17=fffffff6 x16=10000270  x7:00000020 x16:10000250  PA:10000250
20507593ns          344376 1c00819a 43130733 p.mac            x14, x6, x17        x14=000000e0 x14:ffffff8c  x6:ffffffde x17:fffffff6
20507613ns          344377 1c008192 0046230b p.lw             x6, 4(x12!)          x6=ffffffdc x12=100004b4 x12:100004b0  PA:100004b0
20507633ns          344378 1c008196 2078788b p.lw             x17, x7(x16!)       x17=ffffffee x16=10000290  x7:00000020 x16:10000270  PA:10000270
20507672ns          344380 1c00819a 43130733 p.mac            x14, x6, x17        x14=00000368 x14:000000e0  x6:ffffffdc x17:ffffffee
20507692ns          344381 1c008192 0046230b p.lw             x6, 4(x12!)          x6=ffffffda x12=100004b8 x12:100004b4  PA:100004b4
20507712ns          344382 1c008196 2078788b p.lw             x17, x7(x16!)       x17=ffffffe6 x16=100002b0  x7:00000020 x16:10000290  PA:10000290
20507752ns          344384 1c00819a 43130733 p.mac            x14, x6, x17        x14=00000744 x14:00000368  x6:ffffffda x17:ffffffe6
20507772ns          344385 1c008192 0046230b p.lw             x6, 4(x12!)          x6=ffffffd8 x12=100004bc x12:100004b8  PA:100004b8
20507792ns          344386 1c008196 2078788b p.lw             x17, x7(x16!)       x17=ffffffde x16=100002d0  x7:00000020 x16:100002b0  PA:100002b0
20507831ns          344388 1c00819a 43130733 p.mac            x14, x6, x17        x14=00000c94 x14:00000744  x6:ffffffd8 x17:ffffffde
20507851ns          344389 1c008192 0046230b p.lw             x6, 4(x12!)          x6=ffffffd6 x12=100004c0 x12:100004bc  PA:100004bc
20507871ns          344390 1c008196 2078788b p.lw             x17, x7(x16!)       x17=ffffffd6 x16=100002f0  x7:00000020 x16:100002d0  PA:100002d0
20507911ns          344392 1c00819a 43130733 p.mac            x14, x6, x17        x14=00001378 x14:00000c94  x6:ffffffd6 x17:ffffffd6
20507931ns          344393 1c008192 0046230b p.lw             x6, 4(x12!)          x6=ffffffd4 x12=100004c4 x12:100004c0  PA:100004c0
20507951ns          344394 1c008196 2078788b p.lw             x17, x7(x16!)       x17=ffffffce x16=10000310  x7:00000020 x16:100002f0  PA:100002f0
20507991ns          344396 1c00819a 43130733 p.mac            x14, x6, x17        x14=00001c10 x14:00001378  x6:ffffffd4 x17:ffffffce
20508010ns          344397 1c00819e 00ef222b p.sw             x14, 4(x30!)        x30=10000bb4 x14:00001c10 x30:10000bb0  PA:10000bb0
20508030ns          344398 1c0081a2 004e8e93 addi             x29, x29, 4         x29=10000214 x29:10000210
20508070ns          344400 1c00817e 40af87b3 sub              x15, x31, x10       x15=00000020 x31:100004c4 x10:100004a4
20508090ns          344401 1c008182 ffc78793 addi             x15, x15, -4        x15=0000001c x15:00000020
20508110ns          344402 1c008184 0027d793 srli             x15, x15, 0x2       x15=00000007 x15:0000001c
20508130ns          344403 1c008186 01d00833 add              x16, x0, x29        x16=10000214 x29:10000214
20508150ns          344404 1c008188 00a00633 add              x12, x0, x10        x12=100004a4 x10:100004a4
20508170ns          344405 1c00818a 00000713 addi             x14, x0, 0          x14=00000000
20508189ns          344406 1c00818c 00178793 addi             x15, x15, 1         x15=00000008 x15:00000007
20508209ns          344407 1c00818e 0067c0fb lp.setup         0x1, x15, 0x6       x15:00000008
20508229ns          344408 1c008192 0046230b p.lw             x6, 4(x12!)          x6=ffffffe2 x12=100004a8 x12:100004a4  PA:100004a4
20508249ns          344409 1c008196 2078788b p.lw             x17, x7(x16!)       x17=00000005 x16=10000234  x7:00000020 x16:10000214  PA:10000214
20508289ns          344411 1c00819a 43130733 p.mac            x14, x6, x17        x14=ffffff6a x14:00000000  x6:ffffffe2 x17:00000005
20508309ns          344412 1c008192 0046230b p.lw             x6, 4(x12!)          x6=ffffffe0 x12=100004ac x12:100004a8  PA:100004a8
20508329ns          344413 1c008196 2078788b p.lw             x17, x7(x16!)       x17=fffffffd x16=10000254  x7:00000020 x16:10000234  PA:10000234
20508368ns          344415 1c00819a 43130733 p.mac            x14, x6, x17        x14=ffffffca x14:ffffff6a  x6:ffffffe0 x17:fffffffd
20508388ns          344416 1c008192 0046230b p.lw             x6, 4(x12!)          x6=ffffffde x12=100004b0 x12:100004ac  PA:100004ac
20508408ns          344417 1c008196 2078788b p.lw             x17, x7(x16!)       x17=fffffff5 x16=10000274  x7:00000020 x16:10000254  PA:10000254
20508448ns          344419 1c00819a 43130733 p.mac            x14, x6, x17        x14=00000140 x14:ffffffca  x6:ffffffde x17:fffffff5
20508468ns          344420 1c008192 0046230b p.lw             x6, 4(x12!)          x6=ffffffdc x12=100004b4 x12:100004b0  PA:100004b0
20508488ns          344421 1c008196 2078788b p.lw             x17, x7(x16!)       x17=ffffffed x16=10000294  x7:00000020 x16:10000274  PA:10000274
20508528ns          344423 1c00819a 43130733 p.mac            x14, x6, x17        x14=000003ec x14:00000140  x6:ffffffdc x17:ffffffed
20508547ns          344424 1c008192 0046230b p.lw             x6, 4(x12!)          x6=ffffffda x12=100004b8 x12:100004b4  PA:100004b4
20508567ns          344425 1c008196 2078788b p.lw             x17, x7(x16!)       x17=ffffffe5 x16=100002b4  x7:00000020 x16:10000294  PA:10000294
20508607ns          344427 1c00819a 43130733 p.mac            x14, x6, x17        x14=000007ee x14:000003ec  x6:ffffffda x17:ffffffe5
20508627ns          344428 1c008192 0046230b p.lw             x6, 4(x12!)          x6=ffffffd8 x12=100004bc x12:100004b8  PA:100004b8
20508647ns          344429 1c008196 2078788b p.lw             x17, x7(x16!)       x17=ffffffdd x16=100002d4  x7:00000020 x16:100002b4  PA:100002b4
20508687ns          344431 1c00819a 43130733 p.mac            x14, x6, x17        x14=00000d66 x14:000007ee  x6:ffffffd8 x17:ffffffdd
20508707ns          344432 1c008192 0046230b p.lw             x6, 4(x12!)          x6=ffffffd6 x12=100004c0 x12:100004bc  PA:100004bc
20508727ns          344433 1c008196 2078788b p.lw             x17, x7(x16!)       x17=ffffffd5 x16=100002f4  x7:00000020 x16:100002d4  PA:100002d4
20508766ns          344435 1c00819a 43130733 p.mac            x14, x6, x17        x14=00001474 x14:00000d66  x6:ffffffd6 x17:ffffffd5
20508786ns          344436 1c008192 0046230b p.lw             x6, 4(x12!)          x6=ffffffd4 x12=100004c4 x12:100004c0  PA:100004c0
20508806ns          344437 1c008196 2078788b p.lw             x17, x7(x16!)       x17=ffffffcd x16=10000314  x7:00000020 x16:100002f4  PA:100002f4
20508846ns          344439 1c00819a 43130733 p.mac            x14, x6, x17        x14=00001d38 x14:00001474  x6:ffffffd4 x17:ffffffcd
20508866ns          344440 1c00819e 00ef222b p.sw             x14, 4(x30!)        x30=10000bb8 x14:00001d38 x30:10000bb4  PA:10000bb4
20508886ns          344441 1c0081a2 004e8e93 addi             x29, x29, 4         x29=10000218 x29:10000214
20508925ns          344443 1c00817e 40af87b3 sub              x15, x31, x10       x15=00000020 x31:100004c4 x10:100004a4
20508945ns          344444 1c008182 ffc78793 addi             x15, x15, -4        x15=0000001c x15:00000020
20508965ns          344445 1c008184 0027d793 srli             x15, x15, 0x2       x15=00000007 x15:0000001c
20508985ns          344446 1c008186 01d00833 add              x16, x0, x29        x16=10000218 x29:10000218
20509005ns          344447 1c008188 00a00633 add              x12, x0, x10        x12=100004a4 x10:100004a4
20509025ns          344448 1c00818a 00000713 addi             x14, x0, 0          x14=00000000
20509045ns          344449 1c00818c 00178793 addi             x15, x15, 1         x15=00000008 x15:00000007
20509065ns          344450 1c00818e 0067c0fb lp.setup         0x1, x15, 0x6       x15:00000008
20509085ns          344451 1c008192 0046230b p.lw             x6, 4(x12!)          x6=ffffffe2 x12=100004a8 x12:100004a4  PA:100004a4
20509104ns          344452 1c008196 2078788b p.lw             x17, x7(x16!)       x17=00000004 x16=10000238  x7:00000020 x16:10000218  PA:10000218
20509144ns          344454 1c00819a 43130733 p.mac            x14, x6, x17        x14=ffffff88 x14:00000000  x6:ffffffe2 x17:00000004
20509164ns          344455 1c008192 0046230b p.lw             x6, 4(x12!)          x6=ffffffe0 x12=100004ac x12:100004a8  PA:100004a8
20509184ns          344456 1c008196 2078788b p.lw             x17, x7(x16!)       x17=fffffffc x16=10000258  x7:00000020 x16:10000238  PA:10000238
20509224ns          344458 1c00819a 43130733 p.mac            x14, x6, x17        x14=00000008 x14:ffffff88  x6:ffffffe0 x17:fffffffc
20509244ns          344459 1c008192 0046230b p.lw             x6, 4(x12!)          x6=ffffffde x12=100004b0 x12:100004ac  PA:100004ac
20509264ns          344460 1c008196 2078788b p.lw             x17, x7(x16!)       x17=fffffff4 x16=10000278  x7:00000020 x16:10000258  PA:10000258
20509303ns          344462 1c00819a 43130733 p.mac            x14, x6, x17        x14=000001a0 x14:00000008  x6:ffffffde x17:fffffff4
20509323ns          344463 1c008192 0046230b p.lw             x6, 4(x12!)          x6=ffffffdc x12=100004b4 x12:100004b0  PA:100004b0
20509343ns          344464 1c008196 2078788b p.lw             x17, x7(x16!)       x17=ffffffec x16=10000298  x7:00000020 x16:10000278  PA:10000278
20509383ns          344466 1c00819a 43130733 p.mac            x14, x6, x17        x14=00000470 x14:000001a0  x6:ffffffdc x17:ffffffec
20509403ns          344467 1c008192 0046230b p.lw             x6, 4(x12!)          x6=ffffffda x12=100004b8 x12:100004b4  PA:100004b4
20509423ns          344468 1c008196 2078788b p.lw             x17, x7(x16!)       x17=ffffffe4 x16=100002b8  x7:00000020 x16:10000298  PA:10000298
20509462ns          344470 1c00819a 43130733 p.mac            x14, x6, x17        x14=00000898 x14:00000470  x6:ffffffda x17:ffffffe4
20509482ns          344471 1c008192 0046230b p.lw             x6, 4(x12!)          x6=ffffffd8 x12=100004bc x12:100004b8  PA:100004b8
20509502ns          344472 1c008196 2078788b p.lw             x17, x7(x16!)       x17=ffffffdc x16=100002d8  x7:00000020 x16:100002b8  PA:100002b8
20509542ns          344474 1c00819a 43130733 p.mac            x14, x6, x17        x14=00000e38 x14:00000898  x6:ffffffd8 x17:ffffffdc
20509562ns          344475 1c008192 0046230b p.lw             x6, 4(x12!)          x6=ffffffd6 x12=100004c0 x12:100004bc  PA:100004bc
20509582ns          344476 1c008196 2078788b p.lw             x17, x7(x16!)       x17=ffffffd4 x16=100002f8  x7:00000020 x16:100002d8  PA:100002d8
20509622ns          344478 1c00819a 43130733 p.mac            x14, x6, x17        x14=00001570 x14:00000e38  x6:ffffffd6 x17:ffffffd4
20509641ns          344479 1c008192 0046230b p.lw             x6, 4(x12!)          x6=ffffffd4 x12=100004c4 x12:100004c0  PA:100004c0
20509661ns          344480 1c008196 2078788b p.lw             x17, x7(x16!)       x17=ffffffcc x16=10000318  x7:00000020 x16:100002f8  PA:100002f8
20509701ns          344482 1c00819a 43130733 p.mac            x14, x6, x17        x14=00001e60 x14:00001570  x6:ffffffd4 x17:ffffffcc
20509721ns          344483 1c00819e 00ef222b p.sw             x14, 4(x30!)        x30=10000bbc x14:00001e60 x30:10000bb8  PA:10000bb8
20509741ns          344484 1c0081a2 004e8e93 addi             x29, x29, 4         x29=1000021c x29:10000218
20509781ns          344486 1c00817e 40af87b3 sub              x15, x31, x10       x15=00000020 x31:100004c4 x10:100004a4
20509801ns          344487 1c008182 ffc78793 addi             x15, x15, -4        x15=0000001c x15:00000020
20509821ns          344488 1c008184 0027d793 srli             x15, x15, 0x2       x15=00000007 x15:0000001c
20509840ns          344489 1c008186 01d00833 add              x16, x0, x29        x16=1000021c x29:1000021c
20509860ns          344490 1c008188 00a00633 add              x12, x0, x10        x12=100004a4 x10:100004a4
20509880ns          344491 1c00818a 00000713 addi             x14, x0, 0          x14=00000000
20509900ns          344492 1c00818c 00178793 addi             x15, x15, 1         x15=00000008 x15:00000007
20509920ns          344493 1c00818e 0067c0fb lp.setup         0x1, x15, 0x6       x15:00000008
20509940ns          344494 1c008192 0046230b p.lw             x6, 4(x12!)          x6=ffffffe2 x12=100004a8 x12:100004a4  PA:100004a4
20509960ns          344495 1c008196 2078788b p.lw             x17, x7(x16!)       x17=00000003 x16=1000023c  x7:00000020 x16:1000021c  PA:1000021c
20510000ns          344497 1c00819a 43130733 p.mac            x14, x6, x17        x14=ffffffa6 x14:00000000  x6:ffffffe2 x17:00000003
20510019ns          344498 1c008192 0046230b p.lw             x6, 4(x12!)          x6=ffffffe0 x12=100004ac x12:100004a8  PA:100004a8
20510039ns          344499 1c008196 2078788b p.lw             x17, x7(x16!)       x17=fffffffb x16=1000025c  x7:00000020 x16:1000023c  PA:1000023c
20510079ns          344501 1c00819a 43130733 p.mac            x14, x6, x17        x14=00000046 x14:ffffffa6  x6:ffffffe0 x17:fffffffb
20510099ns          344502 1c008192 0046230b p.lw             x6, 4(x12!)          x6=ffffffde x12=100004b0 x12:100004ac  PA:100004ac
20510119ns          344503 1c008196 2078788b p.lw             x17, x7(x16!)       x17=fffffff3 x16=1000027c  x7:00000020 x16:1000025c  PA:1000025c
20510159ns          344505 1c00819a 43130733 p.mac            x14, x6, x17        x14=00000200 x14:00000046  x6:ffffffde x17:fffffff3
20510179ns          344506 1c008192 0046230b p.lw             x6, 4(x12!)          x6=ffffffdc x12=100004b4 x12:100004b0  PA:100004b0
20510198ns          344507 1c008196 2078788b p.lw             x17, x7(x16!)       x17=ffffffeb x16=1000029c  x7:00000020 x16:1000027c  PA:1000027c
20510238ns          344509 1c00819a 43130733 p.mac            x14, x6, x17        x14=000004f4 x14:00000200  x6:ffffffdc x17:ffffffeb
20510258ns          344510 1c008192 0046230b p.lw             x6, 4(x12!)          x6=ffffffda x12=100004b8 x12:100004b4  PA:100004b4
20510278ns          344511 1c008196 2078788b p.lw             x17, x7(x16!)       x17=ffffffe3 x16=100002bc  x7:00000020 x16:1000029c  PA:1000029c
20510318ns          344513 1c00819a 43130733 p.mac            x14, x6, x17        x14=00000942 x14:000004f4  x6:ffffffda x17:ffffffe3
20510338ns          344514 1c008192 0046230b p.lw             x6, 4(x12!)          x6=ffffffd8 x12=100004bc x12:100004b8  PA:100004b8
20510358ns          344515 1c008196 2078788b p.lw             x17, x7(x16!)       x17=ffffffdb x16=100002dc  x7:00000020 x16:100002bc  PA:100002bc
20510397ns          344517 1c00819a 43130733 p.mac            x14, x6, x17        x14=00000f0a x14:00000942  x6:ffffffd8 x17:ffffffdb
20510417ns          344518 1c008192 0046230b p.lw             x6, 4(x12!)          x6=ffffffd6 x12=100004c0 x12:100004bc  PA:100004bc
20510437ns          344519 1c008196 2078788b p.lw             x17, x7(x16!)       x17=ffffffd3 x16=100002fc  x7:00000020 x16:100002dc  PA:100002dc
20510477ns          344521 1c00819a 43130733 p.mac            x14, x6, x17        x14=0000166c x14:00000f0a  x6:ffffffd6 x17:ffffffd3
20510497ns          344522 1c008192 0046230b p.lw             x6, 4(x12!)          x6=ffffffd4 x12=100004c4 x12:100004c0  PA:100004c0
20510517ns          344523 1c008196 2078788b p.lw             x17, x7(x16!)       x17=ffffffcb x16=1000031c  x7:00000020 x16:100002fc  PA:100002fc
20510556ns          344525 1c00819a 43130733 p.mac            x14, x6, x17        x14=00001f88 x14:0000166c  x6:ffffffd4 x17:ffffffcb
20510576ns          344526 1c00819e 00ef222b p.sw             x14, 4(x30!)        x30=10000bc0 x14:00001f88 x30:10000bbc  PA:10000bbc
20510596ns          344527 1c0081a2 004e8e93 addi             x29, x29, 4         x29=10000220 x29:1000021c
20510636ns          344529 1c00817e 40af87b3 sub              x15, x31, x10       x15=00000020 x31:100004c4 x10:100004a4
20510656ns          344530 1c008182 ffc78793 addi             x15, x15, -4        x15=0000001c x15:00000020
20510676ns          344531 1c008184 0027d793 srli             x15, x15, 0x2       x15=00000007 x15:0000001c
20510696ns          344532 1c008186 01d00833 add              x16, x0, x29        x16=10000220 x29:10000220
20510716ns          344533 1c008188 00a00633 add              x12, x0, x10        x12=100004a4 x10:100004a4
20510735ns          344534 1c00818a 00000713 addi             x14, x0, 0          x14=00000000
20510755ns          344535 1c00818c 00178793 addi             x15, x15, 1         x15=00000008 x15:00000007
20510775ns          344536 1c00818e 0067c0fb lp.setup         0x1, x15, 0x6       x15:00000008
20510795ns          344537 1c008192 0046230b p.lw             x6, 4(x12!)          x6=ffffffe2 x12=100004a8 x12:100004a4  PA:100004a4
20510815ns          344538 1c008196 2078788b p.lw             x17, x7(x16!)       x17=00000002 x16=10000240  x7:00000020 x16:10000220  PA:10000220
20510855ns          344540 1c00819a 43130733 p.mac            x14, x6, x17        x14=ffffffc4 x14:00000000  x6:ffffffe2 x17:00000002
20510875ns          344541 1c008192 0046230b p.lw             x6, 4(x12!)          x6=ffffffe0 x12=100004ac x12:100004a8  PA:100004a8
20510895ns          344542 1c008196 2078788b p.lw             x17, x7(x16!)       x17=fffffffa x16=10000260  x7:00000020 x16:10000240  PA:10000240
20510934ns          344544 1c00819a 43130733 p.mac            x14, x6, x17        x14=00000084 x14:ffffffc4  x6:ffffffe0 x17:fffffffa
20510954ns          344545 1c008192 0046230b p.lw             x6, 4(x12!)          x6=ffffffde x12=100004b0 x12:100004ac  PA:100004ac
20510974ns          344546 1c008196 2078788b p.lw             x17, x7(x16!)       x17=fffffff2 x16=10000280  x7:00000020 x16:10000260  PA:10000260
20511014ns          344548 1c00819a 43130733 p.mac            x14, x6, x17        x14=00000260 x14:00000084  x6:ffffffde x17:fffffff2
20511034ns          344549 1c008192 0046230b p.lw             x6, 4(x12!)          x6=ffffffdc x12=100004b4 x12:100004b0  PA:100004b0
20511054ns          344550 1c008196 2078788b p.lw             x17, x7(x16!)       x17=ffffffea x16=100002a0  x7:00000020 x16:10000280  PA:10000280
20511094ns          344552 1c00819a 43130733 p.mac            x14, x6, x17        x14=00000578 x14:00000260  x6:ffffffdc x17:ffffffea
20511113ns          344553 1c008192 0046230b p.lw             x6, 4(x12!)          x6=ffffffda x12=100004b8 x12:100004b4  PA:100004b4
20511133ns          344554 1c008196 2078788b p.lw             x17, x7(x16!)       x17=ffffffe2 x16=100002c0  x7:00000020 x16:100002a0  PA:100002a0
20511173ns          344556 1c00819a 43130733 p.mac            x14, x6, x17        x14=000009ec x14:00000578  x6:ffffffda x17:ffffffe2
20511193ns          344557 1c008192 0046230b p.lw             x6, 4(x12!)          x6=ffffffd8 x12=100004bc x12:100004b8  PA:100004b8
20511213ns          344558 1c008196 2078788b p.lw             x17, x7(x16!)       x17=ffffffda x16=100002e0  x7:00000020 x16:100002c0  PA:100002c0
20511253ns          344560 1c00819a 43130733 p.mac            x14, x6, x17        x14=00000fdc x14:000009ec  x6:ffffffd8 x17:ffffffda
20511273ns          344561 1c008192 0046230b p.lw             x6, 4(x12!)          x6=ffffffd6 x12=100004c0 x12:100004bc  PA:100004bc
20511292ns          344562 1c008196 2078788b p.lw             x17, x7(x16!)       x17=ffffffd2 x16=10000300  x7:00000020 x16:100002e0  PA:100002e0
20511332ns          344564 1c00819a 43130733 p.mac            x14, x6, x17        x14=00001768 x14:00000fdc  x6:ffffffd6 x17:ffffffd2
20511352ns          344565 1c008192 0046230b p.lw             x6, 4(x12!)          x6=ffffffd4 x12=100004c4 x12:100004c0  PA:100004c0
20511392ns          344567 1c008196 2078788b p.lw             x17, x7(x16!)       x17=ffffffca x16=10000320  x7:00000020 x16:10000300  PA:10000300
20511432ns          344569 1c00819a 43130733 p.mac            x14, x6, x17        x14=000020b0 x14:00001768  x6:ffffffd4 x17:ffffffca
20511452ns          344570 1c00819e 00ef222b p.sw             x14, 4(x30!)        x30=10000bc4 x14:000020b0 x30:10000bc0  PA:10000bc0
20511471ns          344571 1c0081a2 004e8e93 addi             x29, x29, 4         x29=10000224 x29:10000220
20511491ns          344572 1c0081a4 00128293 addi             x5, x5, 1            x5=00000006  x5:00000005
20511511ns          344573 1c0081a6 00750533 add              x10, x10, x7        x10=100004c4 x10:100004a4  x7:00000020
20511531ns          344574 1c0081a8 007f8fb3 add              x31, x31, x7        x31=100004e4 x31:100004c4  x7:00000020
20511551ns          344575 1c0081aa fa569fe3 bne              x13, x5, -66        x13:00000008  x5:00000006
20511611ns          344578 1c008168 40b48e33 sub              x28, x9, x11        x28=00000020  x9:10000224 x11:10000204
20511631ns          344579 1c00816c ffce0e13 addi             x28, x28, -4        x28=0000001c x28:00000020
20511650ns          344580 1c00816e 002e5e13 srli             x28, x28, 0x2       x28=00000007 x28:0000001c
20511670ns          344581 1c008172 008f8f33 add              x30, x31, x8        x30=10000bc4 x31:100004e4  x8:000006e0
20511690ns          344582 1c008176 00b00eb3 add              x29, x0, x11        x29=10000204 x11:10000204
20511710ns          344583 1c008178 001e0e13 addi             x28, x28, 1         x28=00000008 x28:00000007
20511730ns          344584 1c00817a 014e407b lp.setup         0x0, x28, 0x14      x28:00000008
20511750ns          344585 1c00817e 40af87b3 sub              x15, x31, x10       x15=00000020 x31:100004e4 x10:100004c4
20511770ns          344586 1c008182 ffc78793 addi             x15, x15, -4        x15=0000001c x15:00000020
20511790ns          344587 1c008184 0027d793 srli             x15, x15, 0x2       x15=00000007 x15:0000001c
20511810ns          344588 1c008186 01d00833 add              x16, x0, x29        x16=10000204 x29:10000204
20511829ns          344589 1c008188 00a00633 add              x12, x0, x10        x12=100004c4 x10:100004c4
20511849ns          344590 1c00818a 00000713 addi             x14, x0, 0          x14=00000000
20511869ns          344591 1c00818c 00178793 addi             x15, x15, 1         x15=00000008 x15:00000007
20511889ns          344592 1c00818e 0067c0fb lp.setup         0x1, x15, 0x6       x15:00000008
20511909ns          344593 1c008192 0046230b p.lw             x6, 4(x12!)          x6=ffffffd2 x12=100004c8 x12:100004c4  PA:100004c4
20511929ns          344594 1c008196 2078788b p.lw             x17, x7(x16!)       x17=00000009 x16=10000224  x7:00000020 x16:10000204  PA:10000204
20511969ns          344596 1c00819a 43130733 p.mac            x14, x6, x17        x14=fffffe62 x14:00000000  x6:ffffffd2 x17:00000009
20511989ns          344597 1c008192 0046230b p.lw             x6, 4(x12!)          x6=ffffffd0 x12=100004cc x12:100004c8  PA:100004c8
20512008ns          344598 1c008196 2078788b p.lw             x17, x7(x16!)       x17=00000001 x16=10000244  x7:00000020 x16:10000224  PA:10000224
20512048ns          344600 1c00819a 43130733 p.mac            x14, x6, x17        x14=fffffe32 x14:fffffe62  x6:ffffffd0 x17:00000001
20512068ns          344601 1c008192 0046230b p.lw             x6, 4(x12!)          x6=ffffffce x12=100004d0 x12:100004cc  PA:100004cc
20512088ns          344602 1c008196 2078788b p.lw             x17, x7(x16!)       x17=fffffff9 x16=10000264  x7:00000020 x16:10000244  PA:10000244
20512128ns          344604 1c00819a 43130733 p.mac            x14, x6, x17        x14=ffffff90 x14:fffffe32  x6:ffffffce x17:fffffff9
20512148ns          344605 1c008192 0046230b p.lw             x6, 4(x12!)          x6=ffffffcc x12=100004d4 x12:100004d0  PA:100004d0
20512168ns          344606 1c008196 2078788b p.lw             x17, x7(x16!)       x17=fffffff1 x16=10000284  x7:00000020 x16:10000264  PA:10000264
20512207ns          344608 1c00819a 43130733 p.mac            x14, x6, x17        x14=0000029c x14:ffffff90  x6:ffffffcc x17:fffffff1
20512227ns          344609 1c008192 0046230b p.lw             x6, 4(x12!)          x6=ffffffca x12=100004d8 x12:100004d4  PA:100004d4
20512247ns          344610 1c008196 2078788b p.lw             x17, x7(x16!)       x17=ffffffe9 x16=100002a4  x7:00000020 x16:10000284  PA:10000284
20512287ns          344612 1c00819a 43130733 p.mac            x14, x6, x17        x14=00000776 x14:0000029c  x6:ffffffca x17:ffffffe9
20512307ns          344613 1c008192 0046230b p.lw             x6, 4(x12!)          x6=ffffffc8 x12=100004dc x12:100004d8  PA:100004d8
20512327ns          344614 1c008196 2078788b p.lw             x17, x7(x16!)       x17=ffffffe1 x16=100002c4  x7:00000020 x16:100002a4  PA:100002a4
20512367ns          344616 1c00819a 43130733 p.mac            x14, x6, x17        x14=00000e3e x14:00000776  x6:ffffffc8 x17:ffffffe1
20512386ns          344617 1c008192 0046230b p.lw             x6, 4(x12!)          x6=ffffffc6 x12=100004e0 x12:100004dc  PA:100004dc
20512406ns          344618 1c008196 2078788b p.lw             x17, x7(x16!)       x17=ffffffd9 x16=100002e4  x7:00000020 x16:100002c4  PA:100002c4
20512446ns          344620 1c00819a 43130733 p.mac            x14, x6, x17        x14=00001714 x14:00000e3e  x6:ffffffc6 x17:ffffffd9
20512466ns          344621 1c008192 0046230b p.lw             x6, 4(x12!)          x6=ffffffc4 x12=100004e4 x12:100004e0  PA:100004e0
20512486ns          344622 1c008196 2078788b p.lw             x17, x7(x16!)       x17=ffffffd1 x16=10000304  x7:00000020 x16:100002e4  PA:100002e4
20512526ns          344624 1c00819a 43130733 p.mac            x14, x6, x17        x14=00002218 x14:00001714  x6:ffffffc4 x17:ffffffd1
20512546ns          344625 1c00819e 00ef222b p.sw             x14, 4(x30!)        x30=10000bc8 x14:00002218 x30:10000bc4  PA:10000bc4
20512565ns          344626 1c0081a2 004e8e93 addi             x29, x29, 4         x29=10000208 x29:10000204
20512605ns          344628 1c00817e 40af87b3 sub              x15, x31, x10       x15=00000020 x31:100004e4 x10:100004c4
20512625ns          344629 1c008182 ffc78793 addi             x15, x15, -4        x15=0000001c x15:00000020
20512645ns          344630 1c008184 0027d793 srli             x15, x15, 0x2       x15=00000007 x15:0000001c
20512665ns          344631 1c008186 01d00833 add              x16, x0, x29        x16=10000208 x29:10000208
20512685ns          344632 1c008188 00a00633 add              x12, x0, x10        x12=100004c4 x10:100004c4
20512705ns          344633 1c00818a 00000713 addi             x14, x0, 0          x14=00000000
20512725ns          344634 1c00818c 00178793 addi             x15, x15, 1         x15=00000008 x15:00000007
20512744ns          344635 1c00818e 0067c0fb lp.setup         0x1, x15, 0x6       x15:00000008
20512764ns          344636 1c008192 0046230b p.lw             x6, 4(x12!)          x6=ffffffd2 x12=100004c8 x12:100004c4  PA:100004c4
20512784ns          344637 1c008196 2078788b p.lw             x17, x7(x16!)       x17=00000008 x16=10000228  x7:00000020 x16:10000208  PA:10000208
20512824ns          344639 1c00819a 43130733 p.mac            x14, x6, x17        x14=fffffe90 x14:00000000  x6:ffffffd2 x17:00000008
20512844ns          344640 1c008192 0046230b p.lw             x6, 4(x12!)          x6=ffffffd0 x12=100004cc x12:100004c8  PA:100004c8
20512864ns          344641 1c008196 2078788b p.lw             x17, x7(x16!)       x17=00000000 x16=10000248  x7:00000020 x16:10000228  PA:10000228
20512904ns          344643 1c00819a 43130733 p.mac            x14, x6, x17        x14=fffffe90 x14:fffffe90  x6:ffffffd0 x17:00000000
20512923ns          344644 1c008192 0046230b p.lw             x6, 4(x12!)          x6=ffffffce x12=100004d0 x12:100004cc  PA:100004cc
20512943ns          344645 1c008196 2078788b p.lw             x17, x7(x16!)       x17=fffffff8 x16=10000268  x7:00000020 x16:10000248  PA:10000248
20512983ns          344647 1c00819a 43130733 p.mac            x14, x6, x17        x14=00000020 x14:fffffe90  x6:ffffffce x17:fffffff8
20513003ns          344648 1c008192 0046230b p.lw             x6, 4(x12!)          x6=ffffffcc x12=100004d4 x12:100004d0  PA:100004d0
20513023ns          344649 1c008196 2078788b p.lw             x17, x7(x16!)       x17=fffffff0 x16=10000288  x7:00000020 x16:10000268  PA:10000268
20513063ns          344651 1c00819a 43130733 p.mac            x14, x6, x17        x14=00000360 x14:00000020  x6:ffffffcc x17:fffffff0
20513083ns          344652 1c008192 0046230b p.lw             x6, 4(x12!)          x6=ffffffca x12=100004d8 x12:100004d4  PA:100004d4
20513102ns          344653 1c008196 2078788b p.lw             x17, x7(x16!)       x17=ffffffe8 x16=100002a8  x7:00000020 x16:10000288  PA:10000288
20513142ns          344655 1c00819a 43130733 p.mac            x14, x6, x17        x14=00000870 x14:00000360  x6:ffffffca x17:ffffffe8
20513162ns          344656 1c008192 0046230b p.lw             x6, 4(x12!)          x6=ffffffc8 x12=100004dc x12:100004d8  PA:100004d8
20513182ns          344657 1c008196 2078788b p.lw             x17, x7(x16!)       x17=ffffffe0 x16=100002c8  x7:00000020 x16:100002a8  PA:100002a8
20513222ns          344659 1c00819a 43130733 p.mac            x14, x6, x17        x14=00000f70 x14:00000870  x6:ffffffc8 x17:ffffffe0
20513242ns          344660 1c008192 0046230b p.lw             x6, 4(x12!)          x6=ffffffc6 x12=100004e0 x12:100004dc  PA:100004dc
20513262ns          344661 1c008196 2078788b p.lw             x17, x7(x16!)       x17=ffffffd8 x16=100002e8  x7:00000020 x16:100002c8  PA:100002c8
20513301ns          344663 1c00819a 43130733 p.mac            x14, x6, x17        x14=00001880 x14:00000f70  x6:ffffffc6 x17:ffffffd8
20513321ns          344664 1c008192 0046230b p.lw             x6, 4(x12!)          x6=ffffffc4 x12=100004e4 x12:100004e0  PA:100004e0
20513341ns          344665 1c008196 2078788b p.lw             x17, x7(x16!)       x17=ffffffd0 x16=10000308  x7:00000020 x16:100002e8  PA:100002e8
20513381ns          344667 1c00819a 43130733 p.mac            x14, x6, x17        x14=000023c0 x14:00001880  x6:ffffffc4 x17:ffffffd0
20513401ns          344668 1c00819e 00ef222b p.sw             x14, 4(x30!)        x30=10000bcc x14:000023c0 x30:10000bc8  PA:10000bc8
20513421ns          344669 1c0081a2 004e8e93 addi             x29, x29, 4         x29=1000020c x29:10000208
20513461ns          344671 1c00817e 40af87b3 sub              x15, x31, x10       x15=00000020 x31:100004e4 x10:100004c4
20513480ns          344672 1c008182 ffc78793 addi             x15, x15, -4        x15=0000001c x15:00000020
20513500ns          344673 1c008184 0027d793 srli             x15, x15, 0x2       x15=00000007 x15:0000001c
20513520ns          344674 1c008186 01d00833 add              x16, x0, x29        x16=1000020c x29:1000020c
20513540ns          344675 1c008188 00a00633 add              x12, x0, x10        x12=100004c4 x10:100004c4
20513560ns          344676 1c00818a 00000713 addi             x14, x0, 0          x14=00000000
20513580ns          344677 1c00818c 00178793 addi             x15, x15, 1         x15=00000008 x15:00000007
20513600ns          344678 1c00818e 0067c0fb lp.setup         0x1, x15, 0x6       x15:00000008
20513620ns          344679 1c008192 0046230b p.lw             x6, 4(x12!)          x6=ffffffd2 x12=100004c8 x12:100004c4  PA:100004c4
20513640ns          344680 1c008196 2078788b p.lw             x17, x7(x16!)       x17=00000007 x16=1000022c  x7:00000020 x16:1000020c  PA:1000020c
20513679ns          344682 1c00819a 43130733 p.mac            x14, x6, x17        x14=fffffebe x14:00000000  x6:ffffffd2 x17:00000007
20513699ns          344683 1c008192 0046230b p.lw             x6, 4(x12!)          x6=ffffffd0 x12=100004cc x12:100004c8  PA:100004c8
20513719ns          344684 1c008196 2078788b p.lw             x17, x7(x16!)       x17=ffffffff x16=1000024c  x7:00000020 x16:1000022c  PA:1000022c
20513759ns          344686 1c00819a 43130733 p.mac            x14, x6, x17        x14=fffffeee x14:fffffebe  x6:ffffffd0 x17:ffffffff
20513779ns          344687 1c008192 0046230b p.lw             x6, 4(x12!)          x6=ffffffce x12=100004d0 x12:100004cc  PA:100004cc
20513799ns          344688 1c008196 2078788b p.lw             x17, x7(x16!)       x17=fffffff7 x16=1000026c  x7:00000020 x16:1000024c  PA:1000024c
20513838ns          344690 1c00819a 43130733 p.mac            x14, x6, x17        x14=000000b0 x14:fffffeee  x6:ffffffce x17:fffffff7
20513858ns          344691 1c008192 0046230b p.lw             x6, 4(x12!)          x6=ffffffcc x12=100004d4 x12:100004d0  PA:100004d0
20513878ns          344692 1c008196 2078788b p.lw             x17, x7(x16!)       x17=ffffffef x16=1000028c  x7:00000020 x16:1000026c  PA:1000026c
20513918ns          344694 1c00819a 43130733 p.mac            x14, x6, x17        x14=00000424 x14:000000b0  x6:ffffffcc x17:ffffffef
20513938ns          344695 1c008192 0046230b p.lw             x6, 4(x12!)          x6=ffffffca x12=100004d8 x12:100004d4  PA:100004d4
20513958ns          344696 1c008196 2078788b p.lw             x17, x7(x16!)       x17=ffffffe7 x16=100002ac  x7:00000020 x16:1000028c  PA:1000028c
20513998ns          344698 1c00819a 43130733 p.mac            x14, x6, x17        x14=0000096a x14:00000424  x6:ffffffca x17:ffffffe7
20514017ns          344699 1c008192 0046230b p.lw             x6, 4(x12!)          x6=ffffffc8 x12=100004dc x12:100004d8  PA:100004d8
20514037ns          344700 1c008196 2078788b p.lw             x17, x7(x16!)       x17=ffffffdf x16=100002cc  x7:00000020 x16:100002ac  PA:100002ac
20514077ns          344702 1c00819a 43130733 p.mac            x14, x6, x17        x14=000010a2 x14:0000096a  x6:ffffffc8 x17:ffffffdf
20514097ns          344703 1c008192 0046230b p.lw             x6, 4(x12!)          x6=ffffffc6 x12=100004e0 x12:100004dc  PA:100004dc
20514117ns          344704 1c008196 2078788b p.lw             x17, x7(x16!)       x17=ffffffd7 x16=100002ec  x7:00000020 x16:100002cc  PA:100002cc
20514157ns          344706 1c00819a 43130733 p.mac            x14, x6, x17        x14=000019ec x14:000010a2  x6:ffffffc6 x17:ffffffd7
20514177ns          344707 1c008192 0046230b p.lw             x6, 4(x12!)          x6=ffffffc4 x12=100004e4 x12:100004e0  PA:100004e0
20514196ns          344708 1c008196 2078788b p.lw             x17, x7(x16!)       x17=ffffffcf x16=1000030c  x7:00000020 x16:100002ec  PA:100002ec
20514236ns          344710 1c00819a 43130733 p.mac            x14, x6, x17        x14=00002568 x14:000019ec  x6:ffffffc4 x17:ffffffcf
20514256ns          344711 1c00819e 00ef222b p.sw             x14, 4(x30!)        x30=10000bd0 x14:00002568 x30:10000bcc  PA:10000bcc
20514276ns          344712 1c0081a2 004e8e93 addi             x29, x29, 4         x29=10000210 x29:1000020c
20514316ns          344714 1c00817e 40af87b3 sub              x15, x31, x10       x15=00000020 x31:100004e4 x10:100004c4
20514336ns          344715 1c008182 ffc78793 addi             x15, x15, -4        x15=0000001c x15:00000020
20514356ns          344716 1c008184 0027d793 srli             x15, x15, 0x2       x15=00000007 x15:0000001c
20514375ns          344717 1c008186 01d00833 add              x16, x0, x29        x16=10000210 x29:10000210
20514395ns          344718 1c008188 00a00633 add              x12, x0, x10        x12=100004c4 x10:100004c4
20514415ns          344719 1c00818a 00000713 addi             x14, x0, 0          x14=00000000
20514435ns          344720 1c00818c 00178793 addi             x15, x15, 1         x15=00000008 x15:00000007
20514455ns          344721 1c00818e 0067c0fb lp.setup         0x1, x15, 0x6       x15:00000008
20514475ns          344722 1c008192 0046230b p.lw             x6, 4(x12!)          x6=ffffffd2 x12=100004c8 x12:100004c4  PA:100004c4
20514495ns          344723 1c008196 2078788b p.lw             x17, x7(x16!)       x17=00000006 x16=10000230  x7:00000020 x16:10000210  PA:10000210
20514535ns          344725 1c00819a 43130733 p.mac            x14, x6, x17        x14=fffffeec x14:00000000  x6:ffffffd2 x17:00000006
20514554ns          344726 1c008192 0046230b p.lw             x6, 4(x12!)          x6=ffffffd0 x12=100004cc x12:100004c8  PA:100004c8
20514574ns          344727 1c008196 2078788b p.lw             x17, x7(x16!)       x17=fffffffe x16=10000250  x7:00000020 x16:10000230  PA:10000230
20514614ns          344729 1c00819a 43130733 p.mac            x14, x6, x17        x14=ffffff4c x14:fffffeec  x6:ffffffd0 x17:fffffffe
20514634ns          344730 1c008192 0046230b p.lw             x6, 4(x12!)          x6=ffffffce x12=100004d0 x12:100004cc  PA:100004cc
20514654ns          344731 1c008196 2078788b p.lw             x17, x7(x16!)       x17=fffffff6 x16=10000270  x7:00000020 x16:10000250  PA:10000250
20514694ns          344733 1c00819a 43130733 p.mac            x14, x6, x17        x14=00000140 x14:ffffff4c  x6:ffffffce x17:fffffff6
20514714ns          344734 1c008192 0046230b p.lw             x6, 4(x12!)          x6=ffffffcc x12=100004d4 x12:100004d0  PA:100004d0
20514734ns          344735 1c008196 2078788b p.lw             x17, x7(x16!)       x17=ffffffee x16=10000290  x7:00000020 x16:10000270  PA:10000270
20514773ns          344737 1c00819a 43130733 p.mac            x14, x6, x17        x14=000004e8 x14:00000140  x6:ffffffcc x17:ffffffee
20514793ns          344738 1c008192 0046230b p.lw             x6, 4(x12!)          x6=ffffffca x12=100004d8 x12:100004d4  PA:100004d4
20514813ns          344739 1c008196 2078788b p.lw             x17, x7(x16!)       x17=ffffffe6 x16=100002b0  x7:00000020 x16:10000290  PA:10000290
20514853ns          344741 1c00819a 43130733 p.mac            x14, x6, x17        x14=00000a64 x14:000004e8  x6:ffffffca x17:ffffffe6
20514873ns          344742 1c008192 0046230b p.lw             x6, 4(x12!)          x6=ffffffc8 x12=100004dc x12:100004d8  PA:100004d8
20514893ns          344743 1c008196 2078788b p.lw             x17, x7(x16!)       x17=ffffffde x16=100002d0  x7:00000020 x16:100002b0  PA:100002b0
20514932ns          344745 1c00819a 43130733 p.mac            x14, x6, x17        x14=000011d4 x14:00000a64  x6:ffffffc8 x17:ffffffde
20514952ns          344746 1c008192 0046230b p.lw             x6, 4(x12!)          x6=ffffffc6 x12=100004e0 x12:100004dc  PA:100004dc
20514972ns          344747 1c008196 2078788b p.lw             x17, x7(x16!)       x17=ffffffd6 x16=100002f0  x7:00000020 x16:100002d0  PA:100002d0
20515012ns          344749 1c00819a 43130733 p.mac            x14, x6, x17        x14=00001b58 x14:000011d4  x6:ffffffc6 x17:ffffffd6
20515032ns          344750 1c008192 0046230b p.lw             x6, 4(x12!)          x6=ffffffc4 x12=100004e4 x12:100004e0  PA:100004e0
20515052ns          344751 1c008196 2078788b p.lw             x17, x7(x16!)       x17=ffffffce x16=10000310  x7:00000020 x16:100002f0  PA:100002f0
20515092ns          344753 1c00819a 43130733 p.mac            x14, x6, x17        x14=00002710 x14:00001b58  x6:ffffffc4 x17:ffffffce
20515111ns          344754 1c00819e 00ef222b p.sw             x14, 4(x30!)        x30=10000bd4 x14:00002710 x30:10000bd0  PA:10000bd0
20515131ns          344755 1c0081a2 004e8e93 addi             x29, x29, 4         x29=10000214 x29:10000210
20515171ns          344757 1c00817e 40af87b3 sub              x15, x31, x10       x15=00000020 x31:100004e4 x10:100004c4
20515191ns          344758 1c008182 ffc78793 addi             x15, x15, -4        x15=0000001c x15:00000020
20515211ns          344759 1c008184 0027d793 srli             x15, x15, 0x2       x15=00000007 x15:0000001c
20515231ns          344760 1c008186 01d00833 add              x16, x0, x29        x16=10000214 x29:10000214
20515251ns          344761 1c008188 00a00633 add              x12, x0, x10        x12=100004c4 x10:100004c4
20515271ns          344762 1c00818a 00000713 addi             x14, x0, 0          x14=00000000
20515290ns          344763 1c00818c 00178793 addi             x15, x15, 1         x15=00000008 x15:00000007
20515310ns          344764 1c00818e 0067c0fb lp.setup         0x1, x15, 0x6       x15:00000008
20515330ns          344765 1c008192 0046230b p.lw             x6, 4(x12!)          x6=ffffffd2 x12=100004c8 x12:100004c4  PA:100004c4
20515350ns          344766 1c008196 2078788b p.lw             x17, x7(x16!)       x17=00000005 x16=10000234  x7:00000020 x16:10000214  PA:10000214
20515390ns          344768 1c00819a 43130733 p.mac            x14, x6, x17        x14=ffffff1a x14:00000000  x6:ffffffd2 x17:00000005
20515410ns          344769 1c008192 0046230b p.lw             x6, 4(x12!)          x6=ffffffd0 x12=100004cc x12:100004c8  PA:100004c8
20515430ns          344770 1c008196 2078788b p.lw             x17, x7(x16!)       x17=fffffffd x16=10000254  x7:00000020 x16:10000234  PA:10000234
20515469ns          344772 1c00819a 43130733 p.mac            x14, x6, x17        x14=ffffffaa x14:ffffff1a  x6:ffffffd0 x17:fffffffd
20515489ns          344773 1c008192 0046230b p.lw             x6, 4(x12!)          x6=ffffffce x12=100004d0 x12:100004cc  PA:100004cc
20515509ns          344774 1c008196 2078788b p.lw             x17, x7(x16!)       x17=fffffff5 x16=10000274  x7:00000020 x16:10000254  PA:10000254
20515549ns          344776 1c00819a 43130733 p.mac            x14, x6, x17        x14=000001d0 x14:ffffffaa  x6:ffffffce x17:fffffff5
20515569ns          344777 1c008192 0046230b p.lw             x6, 4(x12!)          x6=ffffffcc x12=100004d4 x12:100004d0  PA:100004d0
20515589ns          344778 1c008196 2078788b p.lw             x17, x7(x16!)       x17=ffffffed x16=10000294  x7:00000020 x16:10000274  PA:10000274
20515629ns          344780 1c00819a 43130733 p.mac            x14, x6, x17        x14=000005ac x14:000001d0  x6:ffffffcc x17:ffffffed
20515648ns          344781 1c008192 0046230b p.lw             x6, 4(x12!)          x6=ffffffca x12=100004d8 x12:100004d4  PA:100004d4
20515668ns          344782 1c008196 2078788b p.lw             x17, x7(x16!)       x17=ffffffe5 x16=100002b4  x7:00000020 x16:10000294  PA:10000294
20515708ns          344784 1c00819a 43130733 p.mac            x14, x6, x17        x14=00000b5e x14:000005ac  x6:ffffffca x17:ffffffe5
20515728ns          344785 1c008192 0046230b p.lw             x6, 4(x12!)          x6=ffffffc8 x12=100004dc x12:100004d8  PA:100004d8
20515748ns          344786 1c008196 2078788b p.lw             x17, x7(x16!)       x17=ffffffdd x16=100002d4  x7:00000020 x16:100002b4  PA:100002b4
20515788ns          344788 1c00819a 43130733 p.mac            x14, x6, x17        x14=00001306 x14:00000b5e  x6:ffffffc8 x17:ffffffdd
20515808ns          344789 1c008192 0046230b p.lw             x6, 4(x12!)          x6=ffffffc6 x12=100004e0 x12:100004dc  PA:100004dc
20515828ns          344790 1c008196 2078788b p.lw             x17, x7(x16!)       x17=ffffffd5 x16=100002f4  x7:00000020 x16:100002d4  PA:100002d4
20515867ns          344792 1c00819a 43130733 p.mac            x14, x6, x17        x14=00001cc4 x14:00001306  x6:ffffffc6 x17:ffffffd5
20515887ns          344793 1c008192 0046230b p.lw             x6, 4(x12!)          x6=ffffffc4 x12=100004e4 x12:100004e0  PA:100004e0
20515907ns          344794 1c008196 2078788b p.lw             x17, x7(x16!)       x17=ffffffcd x16=10000314  x7:00000020 x16:100002f4  PA:100002f4
20515947ns          344796 1c00819a 43130733 p.mac            x14, x6, x17        x14=000028b8 x14:00001cc4  x6:ffffffc4 x17:ffffffcd
20515967ns          344797 1c00819e 00ef222b p.sw             x14, 4(x30!)        x30=10000bd8 x14:000028b8 x30:10000bd4  PA:10000bd4
20515987ns          344798 1c0081a2 004e8e93 addi             x29, x29, 4         x29=10000218 x29:10000214
20516026ns          344800 1c00817e 40af87b3 sub              x15, x31, x10       x15=00000020 x31:100004e4 x10:100004c4
20516046ns          344801 1c008182 ffc78793 addi             x15, x15, -4        x15=0000001c x15:00000020
20516066ns          344802 1c008184 0027d793 srli             x15, x15, 0x2       x15=00000007 x15:0000001c
20516086ns          344803 1c008186 01d00833 add              x16, x0, x29        x16=10000218 x29:10000218
20516106ns          344804 1c008188 00a00633 add              x12, x0, x10        x12=100004c4 x10:100004c4
20516126ns          344805 1c00818a 00000713 addi             x14, x0, 0          x14=00000000
20516146ns          344806 1c00818c 00178793 addi             x15, x15, 1         x15=00000008 x15:00000007
20516166ns          344807 1c00818e 0067c0fb lp.setup         0x1, x15, 0x6       x15:00000008
20516186ns          344808 1c008192 0046230b p.lw             x6, 4(x12!)          x6=ffffffd2 x12=100004c8 x12:100004c4  PA:100004c4
20516205ns          344809 1c008196 2078788b p.lw             x17, x7(x16!)       x17=00000004 x16=10000238  x7:00000020 x16:10000218  PA:10000218
20516245ns          344811 1c00819a 43130733 p.mac            x14, x6, x17        x14=ffffff48 x14:00000000  x6:ffffffd2 x17:00000004
20516265ns          344812 1c008192 0046230b p.lw             x6, 4(x12!)          x6=ffffffd0 x12=100004cc x12:100004c8  PA:100004c8
20516285ns          344813 1c008196 2078788b p.lw             x17, x7(x16!)       x17=fffffffc x16=10000258  x7:00000020 x16:10000238  PA:10000238
20516325ns          344815 1c00819a 43130733 p.mac            x14, x6, x17        x14=00000008 x14:ffffff48  x6:ffffffd0 x17:fffffffc
20516345ns          344816 1c008192 0046230b p.lw             x6, 4(x12!)          x6=ffffffce x12=100004d0 x12:100004cc  PA:100004cc
20516365ns          344817 1c008196 2078788b p.lw             x17, x7(x16!)       x17=fffffff4 x16=10000278  x7:00000020 x16:10000258  PA:10000258
20516404ns          344819 1c00819a 43130733 p.mac            x14, x6, x17        x14=00000260 x14:00000008  x6:ffffffce x17:fffffff4
20516424ns          344820 1c008192 0046230b p.lw             x6, 4(x12!)          x6=ffffffcc x12=100004d4 x12:100004d0  PA:100004d0
20516444ns          344821 1c008196 2078788b p.lw             x17, x7(x16!)       x17=ffffffec x16=10000298  x7:00000020 x16:10000278  PA:10000278
20516484ns          344823 1c00819a 43130733 p.mac            x14, x6, x17        x14=00000670 x14:00000260  x6:ffffffcc x17:ffffffec
20516504ns          344824 1c008192 0046230b p.lw             x6, 4(x12!)          x6=ffffffca x12=100004d8 x12:100004d4  PA:100004d4
20516524ns          344825 1c008196 2078788b p.lw             x17, x7(x16!)       x17=ffffffe4 x16=100002b8  x7:00000020 x16:10000298  PA:10000298
20516563ns          344827 1c00819a 43130733 p.mac            x14, x6, x17        x14=00000c58 x14:00000670  x6:ffffffca x17:ffffffe4
20516583ns          344828 1c008192 0046230b p.lw             x6, 4(x12!)          x6=ffffffc8 x12=100004dc x12:100004d8  PA:100004d8
20516603ns          344829 1c008196 2078788b p.lw             x17, x7(x16!)       x17=ffffffdc x16=100002d8  x7:00000020 x16:100002b8  PA:100002b8
20516643ns          344831 1c00819a 43130733 p.mac            x14, x6, x17        x14=00001438 x14:00000c58  x6:ffffffc8 x17:ffffffdc
20516663ns          344832 1c008192 0046230b p.lw             x6, 4(x12!)          x6=ffffffc6 x12=100004e0 x12:100004dc  PA:100004dc
20516683ns          344833 1c008196 2078788b p.lw             x17, x7(x16!)       x17=ffffffd4 x16=100002f8  x7:00000020 x16:100002d8  PA:100002d8
20516723ns          344835 1c00819a 43130733 p.mac            x14, x6, x17        x14=00001e30 x14:00001438  x6:ffffffc6 x17:ffffffd4
20516742ns          344836 1c008192 0046230b p.lw             x6, 4(x12!)          x6=ffffffc4 x12=100004e4 x12:100004e0  PA:100004e0
20516762ns          344837 1c008196 2078788b p.lw             x17, x7(x16!)       x17=ffffffcc x16=10000318  x7:00000020 x16:100002f8  PA:100002f8
20516802ns          344839 1c00819a 43130733 p.mac            x14, x6, x17        x14=00002a60 x14:00001e30  x6:ffffffc4 x17:ffffffcc
20516822ns          344840 1c00819e 00ef222b p.sw             x14, 4(x30!)        x30=10000bdc x14:00002a60 x30:10000bd8  PA:10000bd8
20516842ns          344841 1c0081a2 004e8e93 addi             x29, x29, 4         x29=1000021c x29:10000218
20516882ns          344843 1c00817e 40af87b3 sub              x15, x31, x10       x15=00000020 x31:100004e4 x10:100004c4
20516902ns          344844 1c008182 ffc78793 addi             x15, x15, -4        x15=0000001c x15:00000020
20516921ns          344845 1c008184 0027d793 srli             x15, x15, 0x2       x15=00000007 x15:0000001c
20516941ns          344846 1c008186 01d00833 add              x16, x0, x29        x16=1000021c x29:1000021c
20516961ns          344847 1c008188 00a00633 add              x12, x0, x10        x12=100004c4 x10:100004c4
20516981ns          344848 1c00818a 00000713 addi             x14, x0, 0          x14=00000000
20517001ns          344849 1c00818c 00178793 addi             x15, x15, 1         x15=00000008 x15:00000007
20517021ns          344850 1c00818e 0067c0fb lp.setup         0x1, x15, 0x6       x15:00000008
20517041ns          344851 1c008192 0046230b p.lw             x6, 4(x12!)          x6=ffffffd2 x12=100004c8 x12:100004c4  PA:100004c4
20517061ns          344852 1c008196 2078788b p.lw             x17, x7(x16!)       x17=00000003 x16=1000023c  x7:00000020 x16:1000021c  PA:1000021c
20517101ns          344854 1c00819a 43130733 p.mac            x14, x6, x17        x14=ffffff76 x14:00000000  x6:ffffffd2 x17:00000003
20517120ns          344855 1c008192 0046230b p.lw             x6, 4(x12!)          x6=ffffffd0 x12=100004cc x12:100004c8  PA:100004c8
20517140ns          344856 1c008196 2078788b p.lw             x17, x7(x16!)       x17=fffffffb x16=1000025c  x7:00000020 x16:1000023c  PA:1000023c
20517180ns          344858 1c00819a 43130733 p.mac            x14, x6, x17        x14=00000066 x14:ffffff76  x6:ffffffd0 x17:fffffffb
20517200ns          344859 1c008192 0046230b p.lw             x6, 4(x12!)          x6=ffffffce x12=100004d0 x12:100004cc  PA:100004cc
20517220ns          344860 1c008196 2078788b p.lw             x17, x7(x16!)       x17=fffffff3 x16=1000027c  x7:00000020 x16:1000025c  PA:1000025c
20517260ns          344862 1c00819a 43130733 p.mac            x14, x6, x17        x14=000002f0 x14:00000066  x6:ffffffce x17:fffffff3
20517280ns          344863 1c008192 0046230b p.lw             x6, 4(x12!)          x6=ffffffcc x12=100004d4 x12:100004d0  PA:100004d0
20517299ns          344864 1c008196 2078788b p.lw             x17, x7(x16!)       x17=ffffffeb x16=1000029c  x7:00000020 x16:1000027c  PA:1000027c
20517339ns          344866 1c00819a 43130733 p.mac            x14, x6, x17        x14=00000734 x14:000002f0  x6:ffffffcc x17:ffffffeb
20517359ns          344867 1c008192 0046230b p.lw             x6, 4(x12!)          x6=ffffffca x12=100004d8 x12:100004d4  PA:100004d4
20517379ns          344868 1c008196 2078788b p.lw             x17, x7(x16!)       x17=ffffffe3 x16=100002bc  x7:00000020 x16:1000029c  PA:1000029c
20517419ns          344870 1c00819a 43130733 p.mac            x14, x6, x17        x14=00000d52 x14:00000734  x6:ffffffca x17:ffffffe3
20517439ns          344871 1c008192 0046230b p.lw             x6, 4(x12!)          x6=ffffffc8 x12=100004dc x12:100004d8  PA:100004d8
20517459ns          344872 1c008196 2078788b p.lw             x17, x7(x16!)       x17=ffffffdb x16=100002dc  x7:00000020 x16:100002bc  PA:100002bc
20517498ns          344874 1c00819a 43130733 p.mac            x14, x6, x17        x14=0000156a x14:00000d52  x6:ffffffc8 x17:ffffffdb
20517518ns          344875 1c008192 0046230b p.lw             x6, 4(x12!)          x6=ffffffc6 x12=100004e0 x12:100004dc  PA:100004dc
20517538ns          344876 1c008196 2078788b p.lw             x17, x7(x16!)       x17=ffffffd3 x16=100002fc  x7:00000020 x16:100002dc  PA:100002dc
20517578ns          344878 1c00819a 43130733 p.mac            x14, x6, x17        x14=00001f9c x14:0000156a  x6:ffffffc6 x17:ffffffd3
20517598ns          344879 1c008192 0046230b p.lw             x6, 4(x12!)          x6=ffffffc4 x12=100004e4 x12:100004e0  PA:100004e0
20517618ns          344880 1c008196 2078788b p.lw             x17, x7(x16!)       x17=ffffffcb x16=1000031c  x7:00000020 x16:100002fc  PA:100002fc
20517657ns          344882 1c00819a 43130733 p.mac            x14, x6, x17        x14=00002c08 x14:00001f9c  x6:ffffffc4 x17:ffffffcb
20517677ns          344883 1c00819e 00ef222b p.sw             x14, 4(x30!)        x30=10000be0 x14:00002c08 x30:10000bdc  PA:10000bdc
20517697ns          344884 1c0081a2 004e8e93 addi             x29, x29, 4         x29=10000220 x29:1000021c
20517737ns          344886 1c00817e 40af87b3 sub              x15, x31, x10       x15=00000020 x31:100004e4 x10:100004c4
20517757ns          344887 1c008182 ffc78793 addi             x15, x15, -4        x15=0000001c x15:00000020
20517777ns          344888 1c008184 0027d793 srli             x15, x15, 0x2       x15=00000007 x15:0000001c
20517797ns          344889 1c008186 01d00833 add              x16, x0, x29        x16=10000220 x29:10000220
20517817ns          344890 1c008188 00a00633 add              x12, x0, x10        x12=100004c4 x10:100004c4
20517836ns          344891 1c00818a 00000713 addi             x14, x0, 0          x14=00000000
20517856ns          344892 1c00818c 00178793 addi             x15, x15, 1         x15=00000008 x15:00000007
20517876ns          344893 1c00818e 0067c0fb lp.setup         0x1, x15, 0x6       x15:00000008
20517896ns          344894 1c008192 0046230b p.lw             x6, 4(x12!)          x6=ffffffd2 x12=100004c8 x12:100004c4  PA:100004c4
20517916ns          344895 1c008196 2078788b p.lw             x17, x7(x16!)       x17=00000002 x16=10000240  x7:00000020 x16:10000220  PA:10000220
20517956ns          344897 1c00819a 43130733 p.mac            x14, x6, x17        x14=ffffffa4 x14:00000000  x6:ffffffd2 x17:00000002
20517976ns          344898 1c008192 0046230b p.lw             x6, 4(x12!)          x6=ffffffd0 x12=100004cc x12:100004c8  PA:100004c8
20517996ns          344899 1c008196 2078788b p.lw             x17, x7(x16!)       x17=fffffffa x16=10000260  x7:00000020 x16:10000240  PA:10000240
20518035ns          344901 1c00819a 43130733 p.mac            x14, x6, x17        x14=000000c4 x14:ffffffa4  x6:ffffffd0 x17:fffffffa
20518055ns          344902 1c008192 0046230b p.lw             x6, 4(x12!)          x6=ffffffce x12=100004d0 x12:100004cc  PA:100004cc
20518075ns          344903 1c008196 2078788b p.lw             x17, x7(x16!)       x17=fffffff2 x16=10000280  x7:00000020 x16:10000260  PA:10000260
20518115ns          344905 1c00819a 43130733 p.mac            x14, x6, x17        x14=00000380 x14:000000c4  x6:ffffffce x17:fffffff2
20518135ns          344906 1c008192 0046230b p.lw             x6, 4(x12!)          x6=ffffffcc x12=100004d4 x12:100004d0  PA:100004d0
20518155ns          344907 1c008196 2078788b p.lw             x17, x7(x16!)       x17=ffffffea x16=100002a0  x7:00000020 x16:10000280  PA:10000280
20518195ns          344909 1c00819a 43130733 p.mac            x14, x6, x17        x14=000007f8 x14:00000380  x6:ffffffcc x17:ffffffea
20518214ns          344910 1c008192 0046230b p.lw             x6, 4(x12!)          x6=ffffffca x12=100004d8 x12:100004d4  PA:100004d4
20518234ns          344911 1c008196 2078788b p.lw             x17, x7(x16!)       x17=ffffffe2 x16=100002c0  x7:00000020 x16:100002a0  PA:100002a0
20518274ns          344913 1c00819a 43130733 p.mac            x14, x6, x17        x14=00000e4c x14:000007f8  x6:ffffffca x17:ffffffe2
20518294ns          344914 1c008192 0046230b p.lw             x6, 4(x12!)          x6=ffffffc8 x12=100004dc x12:100004d8  PA:100004d8
20518314ns          344915 1c008196 2078788b p.lw             x17, x7(x16!)       x17=ffffffda x16=100002e0  x7:00000020 x16:100002c0  PA:100002c0
20518354ns          344917 1c00819a 43130733 p.mac            x14, x6, x17        x14=0000169c x14:00000e4c  x6:ffffffc8 x17:ffffffda
20518374ns          344918 1c008192 0046230b p.lw             x6, 4(x12!)          x6=ffffffc6 x12=100004e0 x12:100004dc  PA:100004dc
20518393ns          344919 1c008196 2078788b p.lw             x17, x7(x16!)       x17=ffffffd2 x16=10000300  x7:00000020 x16:100002e0  PA:100002e0
20518433ns          344921 1c00819a 43130733 p.mac            x14, x6, x17        x14=00002108 x14:0000169c  x6:ffffffc6 x17:ffffffd2
20518453ns          344922 1c008192 0046230b p.lw             x6, 4(x12!)          x6=ffffffc4 x12=100004e4 x12:100004e0  PA:100004e0
20518473ns          344923 1c008196 2078788b p.lw             x17, x7(x16!)       x17=ffffffca x16=10000320  x7:00000020 x16:10000300  PA:10000300
20518513ns          344925 1c00819a 43130733 p.mac            x14, x6, x17        x14=00002db0 x14:00002108  x6:ffffffc4 x17:ffffffca
20518533ns          344926 1c00819e 00ef222b p.sw             x14, 4(x30!)        x30=10000be4 x14:00002db0 x30:10000be0  PA:10000be0
20518553ns          344927 1c0081a2 004e8e93 addi             x29, x29, 4         x29=10000224 x29:10000220
20518572ns          344928 1c0081a4 00128293 addi             x5, x5, 1            x5=00000007  x5:00000006
20518592ns          344929 1c0081a6 00750533 add              x10, x10, x7        x10=100004e4 x10:100004c4  x7:00000020
20518612ns          344930 1c0081a8 007f8fb3 add              x31, x31, x7        x31=10000504 x31:100004e4  x7:00000020
20518632ns          344931 1c0081aa fa569fe3 bne              x13, x5, -66        x13:00000008  x5:00000007
20518692ns          344934 1c008168 40b48e33 sub              x28, x9, x11        x28=00000020  x9:10000224 x11:10000204
20518712ns          344935 1c00816c ffce0e13 addi             x28, x28, -4        x28=0000001c x28:00000020
20518732ns          344936 1c00816e 002e5e13 srli             x28, x28, 0x2       x28=00000007 x28:0000001c
20518751ns          344937 1c008172 008f8f33 add              x30, x31, x8        x30=10000be4 x31:10000504  x8:000006e0
20518771ns          344938 1c008176 00b00eb3 add              x29, x0, x11        x29=10000204 x11:10000204
20518791ns          344939 1c008178 001e0e13 addi             x28, x28, 1         x28=00000008 x28:00000007
20518811ns          344940 1c00817a 014e407b lp.setup         0x0, x28, 0x14      x28:00000008
20518831ns          344941 1c00817e 40af87b3 sub              x15, x31, x10       x15=00000020 x31:10000504 x10:100004e4
20518851ns          344942 1c008182 ffc78793 addi             x15, x15, -4        x15=0000001c x15:00000020
20518871ns          344943 1c008184 0027d793 srli             x15, x15, 0x2       x15=00000007 x15:0000001c
20518891ns          344944 1c008186 01d00833 add              x16, x0, x29        x16=10000204 x29:10000204
20518911ns          344945 1c008188 00a00633 add              x12, x0, x10        x12=100004e4 x10:100004e4
20518930ns          344946 1c00818a 00000713 addi             x14, x0, 0          x14=00000000
20518950ns          344947 1c00818c 00178793 addi             x15, x15, 1         x15=00000008 x15:00000007
20518970ns          344948 1c00818e 0067c0fb lp.setup         0x1, x15, 0x6       x15:00000008
20518990ns          344949 1c008192 0046230b p.lw             x6, 4(x12!)          x6=ffffffc2 x12=100004e8 x12:100004e4  PA:100004e4
20519010ns          344950 1c008196 2078788b p.lw             x17, x7(x16!)       x17=00000009 x16=10000224  x7:00000020 x16:10000204  PA:10000204
20519050ns          344952 1c00819a 43130733 p.mac            x14, x6, x17        x14=fffffdd2 x14:00000000  x6:ffffffc2 x17:00000009
20519070ns          344953 1c008192 0046230b p.lw             x6, 4(x12!)          x6=ffffffc0 x12=100004ec x12:100004e8  PA:100004e8
20519090ns          344954 1c008196 2078788b p.lw             x17, x7(x16!)       x17=00000001 x16=10000244  x7:00000020 x16:10000224  PA:10000224
20519129ns          344956 1c00819a 43130733 p.mac            x14, x6, x17        x14=fffffd92 x14:fffffdd2  x6:ffffffc0 x17:00000001
20519149ns          344957 1c008192 0046230b p.lw             x6, 4(x12!)          x6=ffffffbe x12=100004f0 x12:100004ec  PA:100004ec
20519169ns          344958 1c008196 2078788b p.lw             x17, x7(x16!)       x17=fffffff9 x16=10000264  x7:00000020 x16:10000244  PA:10000244
20519209ns          344960 1c00819a 43130733 p.mac            x14, x6, x17        x14=ffffff60 x14:fffffd92  x6:ffffffbe x17:fffffff9
20519229ns          344961 1c008192 0046230b p.lw             x6, 4(x12!)          x6=ffffffbc x12=100004f4 x12:100004f0  PA:100004f0
20519249ns          344962 1c008196 2078788b p.lw             x17, x7(x16!)       x17=fffffff1 x16=10000284  x7:00000020 x16:10000264  PA:10000264
20519288ns          344964 1c00819a 43130733 p.mac            x14, x6, x17        x14=0000035c x14:ffffff60  x6:ffffffbc x17:fffffff1
20519308ns          344965 1c008192 0046230b p.lw             x6, 4(x12!)          x6=ffffffba x12=100004f8 x12:100004f4  PA:100004f4
20519328ns          344966 1c008196 2078788b p.lw             x17, x7(x16!)       x17=ffffffe9 x16=100002a4  x7:00000020 x16:10000284  PA:10000284
20519368ns          344968 1c00819a 43130733 p.mac            x14, x6, x17        x14=000009a6 x14:0000035c  x6:ffffffba x17:ffffffe9
20519388ns          344969 1c008192 0046230b p.lw             x6, 4(x12!)          x6=ffffffb8 x12=100004fc x12:100004f8  PA:100004f8
20519408ns          344970 1c008196 2078788b p.lw             x17, x7(x16!)       x17=ffffffe1 x16=100002c4  x7:00000020 x16:100002a4  PA:100002a4
20519448ns          344972 1c00819a 43130733 p.mac            x14, x6, x17        x14=0000125e x14:000009a6  x6:ffffffb8 x17:ffffffe1
20519468ns          344973 1c008192 0046230b p.lw             x6, 4(x12!)          x6=ffffffb6 x12=10000500 x12:100004fc  PA:100004fc
20519487ns          344974 1c008196 2078788b p.lw             x17, x7(x16!)       x17=ffffffd9 x16=100002e4  x7:00000020 x16:100002c4  PA:100002c4
20519527ns          344976 1c00819a 43130733 p.mac            x14, x6, x17        x14=00001da4 x14:0000125e  x6:ffffffb6 x17:ffffffd9
20519547ns          344977 1c008192 0046230b p.lw             x6, 4(x12!)          x6=ffffffb4 x12=10000504 x12:10000500  PA:10000500
20519567ns          344978 1c008196 2078788b p.lw             x17, x7(x16!)       x17=ffffffd1 x16=10000304  x7:00000020 x16:100002e4  PA:100002e4
20519627ns          344981 1c00819a 43130733 p.mac            x14, x6, x17        x14=00002b98 x14:00001da4  x6:ffffffb4 x17:ffffffd1
20519647ns          344982 1c00819e 00ef222b p.sw             x14, 4(x30!)        x30=10000be8 x14:00002b98 x30:10000be4  PA:10000be4
20519666ns          344983 1c0081a2 004e8e93 addi             x29, x29, 4         x29=10000208 x29:10000204
20519706ns          344985 1c00817e 40af87b3 sub              x15, x31, x10       x15=00000020 x31:10000504 x10:100004e4
20519726ns          344986 1c008182 ffc78793 addi             x15, x15, -4        x15=0000001c x15:00000020
20519746ns          344987 1c008184 0027d793 srli             x15, x15, 0x2       x15=00000007 x15:0000001c
20519766ns          344988 1c008186 01d00833 add              x16, x0, x29        x16=10000208 x29:10000208
20519786ns          344989 1c008188 00a00633 add              x12, x0, x10        x12=100004e4 x10:100004e4
20519806ns          344990 1c00818a 00000713 addi             x14, x0, 0          x14=00000000
20519826ns          344991 1c00818c 00178793 addi             x15, x15, 1         x15=00000008 x15:00000007
20519845ns          344992 1c00818e 0067c0fb lp.setup         0x1, x15, 0x6       x15:00000008
20519865ns          344993 1c008192 0046230b p.lw             x6, 4(x12!)          x6=ffffffc2 x12=100004e8 x12:100004e4  PA:100004e4
20519885ns          344994 1c008196 2078788b p.lw             x17, x7(x16!)       x17=00000008 x16=10000228  x7:00000020 x16:10000208  PA:10000208
20519925ns          344996 1c00819a 43130733 p.mac            x14, x6, x17        x14=fffffe10 x14:00000000  x6:ffffffc2 x17:00000008
20519945ns          344997 1c008192 0046230b p.lw             x6, 4(x12!)          x6=ffffffc0 x12=100004ec x12:100004e8  PA:100004e8
20519965ns          344998 1c008196 2078788b p.lw             x17, x7(x16!)       x17=00000000 x16=10000248  x7:00000020 x16:10000228  PA:10000228
20520005ns          345000 1c00819a 43130733 p.mac            x14, x6, x17        x14=fffffe10 x14:fffffe10  x6:ffffffc0 x17:00000000
20520024ns          345001 1c008192 0046230b p.lw             x6, 4(x12!)          x6=ffffffbe x12=100004f0 x12:100004ec  PA:100004ec
20520044ns          345002 1c008196 2078788b p.lw             x17, x7(x16!)       x17=fffffff8 x16=10000268  x7:00000020 x16:10000248  PA:10000248
20520084ns          345004 1c00819a 43130733 p.mac            x14, x6, x17        x14=00000020 x14:fffffe10  x6:ffffffbe x17:fffffff8
20520104ns          345005 1c008192 0046230b p.lw             x6, 4(x12!)          x6=ffffffbc x12=100004f4 x12:100004f0  PA:100004f0
20520124ns          345006 1c008196 2078788b p.lw             x17, x7(x16!)       x17=fffffff0 x16=10000288  x7:00000020 x16:10000268  PA:10000268
20520164ns          345008 1c00819a 43130733 p.mac            x14, x6, x17        x14=00000460 x14:00000020  x6:ffffffbc x17:fffffff0
20520184ns          345009 1c008192 0046230b p.lw             x6, 4(x12!)          x6=ffffffba x12=100004f8 x12:100004f4  PA:100004f4
20520203ns          345010 1c008196 2078788b p.lw             x17, x7(x16!)       x17=ffffffe8 x16=100002a8  x7:00000020 x16:10000288  PA:10000288
20520243ns          345012 1c00819a 43130733 p.mac            x14, x6, x17        x14=00000af0 x14:00000460  x6:ffffffba x17:ffffffe8
20520263ns          345013 1c008192 0046230b p.lw             x6, 4(x12!)          x6=ffffffb8 x12=100004fc x12:100004f8  PA:100004f8
20520283ns          345014 1c008196 2078788b p.lw             x17, x7(x16!)       x17=ffffffe0 x16=100002c8  x7:00000020 x16:100002a8  PA:100002a8
20520323ns          345016 1c00819a 43130733 p.mac            x14, x6, x17        x14=000013f0 x14:00000af0  x6:ffffffb8 x17:ffffffe0
20520343ns          345017 1c008192 0046230b p.lw             x6, 4(x12!)          x6=ffffffb6 x12=10000500 x12:100004fc  PA:100004fc
20520363ns          345018 1c008196 2078788b p.lw             x17, x7(x16!)       x17=ffffffd8 x16=100002e8  x7:00000020 x16:100002c8  PA:100002c8
20520402ns          345020 1c00819a 43130733 p.mac            x14, x6, x17        x14=00001f80 x14:000013f0  x6:ffffffb6 x17:ffffffd8
20520422ns          345021 1c008192 0046230b p.lw             x6, 4(x12!)          x6=ffffffb4 x12=10000504 x12:10000500  PA:10000500
20520442ns          345022 1c008196 2078788b p.lw             x17, x7(x16!)       x17=ffffffd0 x16=10000308  x7:00000020 x16:100002e8  PA:100002e8
20520482ns          345024 1c00819a 43130733 p.mac            x14, x6, x17        x14=00002dc0 x14:00001f80  x6:ffffffb4 x17:ffffffd0
20520502ns          345025 1c00819e 00ef222b p.sw             x14, 4(x30!)        x30=10000bec x14:00002dc0 x30:10000be8  PA:10000be8
20520522ns          345026 1c0081a2 004e8e93 addi             x29, x29, 4         x29=1000020c x29:10000208
20520562ns          345028 1c00817e 40af87b3 sub              x15, x31, x10       x15=00000020 x31:10000504 x10:100004e4
20520581ns          345029 1c008182 ffc78793 addi             x15, x15, -4        x15=0000001c x15:00000020
20520601ns          345030 1c008184 0027d793 srli             x15, x15, 0x2       x15=00000007 x15:0000001c
20520621ns          345031 1c008186 01d00833 add              x16, x0, x29        x16=1000020c x29:1000020c
20520641ns          345032 1c008188 00a00633 add              x12, x0, x10        x12=100004e4 x10:100004e4
20520661ns          345033 1c00818a 00000713 addi             x14, x0, 0          x14=00000000
20520681ns          345034 1c00818c 00178793 addi             x15, x15, 1         x15=00000008 x15:00000007
20520701ns          345035 1c00818e 0067c0fb lp.setup         0x1, x15, 0x6       x15:00000008
20520721ns          345036 1c008192 0046230b p.lw             x6, 4(x12!)          x6=ffffffc2 x12=100004e8 x12:100004e4  PA:100004e4
20520741ns          345037 1c008196 2078788b p.lw             x17, x7(x16!)       x17=00000007 x16=1000022c  x7:00000020 x16:1000020c  PA:1000020c
20520780ns          345039 1c00819a 43130733 p.mac            x14, x6, x17        x14=fffffe4e x14:00000000  x6:ffffffc2 x17:00000007
20520800ns          345040 1c008192 0046230b p.lw             x6, 4(x12!)          x6=ffffffc0 x12=100004ec x12:100004e8  PA:100004e8
20520820ns          345041 1c008196 2078788b p.lw             x17, x7(x16!)       x17=ffffffff x16=1000024c  x7:00000020 x16:1000022c  PA:1000022c
20520860ns          345043 1c00819a 43130733 p.mac            x14, x6, x17        x14=fffffe8e x14:fffffe4e  x6:ffffffc0 x17:ffffffff
20520880ns          345044 1c008192 0046230b p.lw             x6, 4(x12!)          x6=ffffffbe x12=100004f0 x12:100004ec  PA:100004ec
20520900ns          345045 1c008196 2078788b p.lw             x17, x7(x16!)       x17=fffffff7 x16=1000026c  x7:00000020 x16:1000024c  PA:1000024c
20520939ns          345047 1c00819a 43130733 p.mac            x14, x6, x17        x14=000000e0 x14:fffffe8e  x6:ffffffbe x17:fffffff7
20520959ns          345048 1c008192 0046230b p.lw             x6, 4(x12!)          x6=ffffffbc x12=100004f4 x12:100004f0  PA:100004f0
20520979ns          345049 1c008196 2078788b p.lw             x17, x7(x16!)       x17=ffffffef x16=1000028c  x7:00000020 x16:1000026c  PA:1000026c
20521019ns          345051 1c00819a 43130733 p.mac            x14, x6, x17        x14=00000564 x14:000000e0  x6:ffffffbc x17:ffffffef
20521039ns          345052 1c008192 0046230b p.lw             x6, 4(x12!)          x6=ffffffba x12=100004f8 x12:100004f4  PA:100004f4
20521059ns          345053 1c008196 2078788b p.lw             x17, x7(x16!)       x17=ffffffe7 x16=100002ac  x7:00000020 x16:1000028c  PA:1000028c
20521099ns          345055 1c00819a 43130733 p.mac            x14, x6, x17        x14=00000c3a x14:00000564  x6:ffffffba x17:ffffffe7
20521118ns          345056 1c008192 0046230b p.lw             x6, 4(x12!)          x6=ffffffb8 x12=100004fc x12:100004f8  PA:100004f8
20521138ns          345057 1c008196 2078788b p.lw             x17, x7(x16!)       x17=ffffffdf x16=100002cc  x7:00000020 x16:100002ac  PA:100002ac
20521178ns          345059 1c00819a 43130733 p.mac            x14, x6, x17        x14=00001582 x14:00000c3a  x6:ffffffb8 x17:ffffffdf
20521198ns          345060 1c008192 0046230b p.lw             x6, 4(x12!)          x6=ffffffb6 x12=10000500 x12:100004fc  PA:100004fc
20521218ns          345061 1c008196 2078788b p.lw             x17, x7(x16!)       x17=ffffffd7 x16=100002ec  x7:00000020 x16:100002cc  PA:100002cc
20521258ns          345063 1c00819a 43130733 p.mac            x14, x6, x17        x14=0000215c x14:00001582  x6:ffffffb6 x17:ffffffd7
20521278ns          345064 1c008192 0046230b p.lw             x6, 4(x12!)          x6=ffffffb4 x12=10000504 x12:10000500  PA:10000500
20521297ns          345065 1c008196 2078788b p.lw             x17, x7(x16!)       x17=ffffffcf x16=1000030c  x7:00000020 x16:100002ec  PA:100002ec
20521337ns          345067 1c00819a 43130733 p.mac            x14, x6, x17        x14=00002fe8 x14:0000215c  x6:ffffffb4 x17:ffffffcf
20521357ns          345068 1c00819e 00ef222b p.sw             x14, 4(x30!)        x30=10000bf0 x14:00002fe8 x30:10000bec  PA:10000bec
20521377ns          345069 1c0081a2 004e8e93 addi             x29, x29, 4         x29=10000210 x29:1000020c
20521417ns          345071 1c00817e 40af87b3 sub              x15, x31, x10       x15=00000020 x31:10000504 x10:100004e4
20521437ns          345072 1c008182 ffc78793 addi             x15, x15, -4        x15=0000001c x15:00000020
20521457ns          345073 1c008184 0027d793 srli             x15, x15, 0x2       x15=00000007 x15:0000001c
20521476ns          345074 1c008186 01d00833 add              x16, x0, x29        x16=10000210 x29:10000210
20521496ns          345075 1c008188 00a00633 add              x12, x0, x10        x12=100004e4 x10:100004e4
20521516ns          345076 1c00818a 00000713 addi             x14, x0, 0          x14=00000000
20521536ns          345077 1c00818c 00178793 addi             x15, x15, 1         x15=00000008 x15:00000007
20521556ns          345078 1c00818e 0067c0fb lp.setup         0x1, x15, 0x6       x15:00000008
20521576ns          345079 1c008192 0046230b p.lw             x6, 4(x12!)          x6=ffffffc2 x12=100004e8 x12:100004e4  PA:100004e4
20521596ns          345080 1c008196 2078788b p.lw             x17, x7(x16!)       x17=00000006 x16=10000230  x7:00000020 x16:10000210  PA:10000210
20521636ns          345082 1c00819a 43130733 p.mac            x14, x6, x17        x14=fffffe8c x14:00000000  x6:ffffffc2 x17:00000006
20521655ns          345083 1c008192 0046230b p.lw             x6, 4(x12!)          x6=ffffffc0 x12=100004ec x12:100004e8  PA:100004e8
20521675ns          345084 1c008196 2078788b p.lw             x17, x7(x16!)       x17=fffffffe x16=10000250  x7:00000020 x16:10000230  PA:10000230
20521715ns          345086 1c00819a 43130733 p.mac            x14, x6, x17        x14=ffffff0c x14:fffffe8c  x6:ffffffc0 x17:fffffffe
20521735ns          345087 1c008192 0046230b p.lw             x6, 4(x12!)          x6=ffffffbe x12=100004f0 x12:100004ec  PA:100004ec
20521755ns          345088 1c008196 2078788b p.lw             x17, x7(x16!)       x17=fffffff6 x16=10000270  x7:00000020 x16:10000250  PA:10000250
20521795ns          345090 1c00819a 43130733 p.mac            x14, x6, x17        x14=000001a0 x14:ffffff0c  x6:ffffffbe x17:fffffff6
20521815ns          345091 1c008192 0046230b p.lw             x6, 4(x12!)          x6=ffffffbc x12=100004f4 x12:100004f0  PA:100004f0
20521835ns          345092 1c008196 2078788b p.lw             x17, x7(x16!)       x17=ffffffee x16=10000290  x7:00000020 x16:10000270  PA:10000270
20521874ns          345094 1c00819a 43130733 p.mac            x14, x6, x17        x14=00000668 x14:000001a0  x6:ffffffbc x17:ffffffee
20521894ns          345095 1c008192 0046230b p.lw             x6, 4(x12!)          x6=ffffffba x12=100004f8 x12:100004f4  PA:100004f4
20521914ns          345096 1c008196 2078788b p.lw             x17, x7(x16!)       x17=ffffffe6 x16=100002b0  x7:00000020 x16:10000290  PA:10000290
20521954ns          345098 1c00819a 43130733 p.mac            x14, x6, x17        x14=00000d84 x14:00000668  x6:ffffffba x17:ffffffe6
20521974ns          345099 1c008192 0046230b p.lw             x6, 4(x12!)          x6=ffffffb8 x12=100004fc x12:100004f8  PA:100004f8
20521994ns          345100 1c008196 2078788b p.lw             x17, x7(x16!)       x17=ffffffde x16=100002d0  x7:00000020 x16:100002b0  PA:100002b0
20522033ns          345102 1c00819a 43130733 p.mac            x14, x6, x17        x14=00001714 x14:00000d84  x6:ffffffb8 x17:ffffffde
20522053ns          345103 1c008192 0046230b p.lw             x6, 4(x12!)          x6=ffffffb6 x12=10000500 x12:100004fc  PA:100004fc
20522073ns          345104 1c008196 2078788b p.lw             x17, x7(x16!)       x17=ffffffd6 x16=100002f0  x7:00000020 x16:100002d0  PA:100002d0
20522113ns          345106 1c00819a 43130733 p.mac            x14, x6, x17        x14=00002338 x14:00001714  x6:ffffffb6 x17:ffffffd6
20522133ns          345107 1c008192 0046230b p.lw             x6, 4(x12!)          x6=ffffffb4 x12=10000504 x12:10000500  PA:10000500
20522153ns          345108 1c008196 2078788b p.lw             x17, x7(x16!)       x17=ffffffce x16=10000310  x7:00000020 x16:100002f0  PA:100002f0
20522193ns          345110 1c00819a 43130733 p.mac            x14, x6, x17        x14=00003210 x14:00002338  x6:ffffffb4 x17:ffffffce
20522212ns          345111 1c00819e 00ef222b p.sw             x14, 4(x30!)        x30=10000bf4 x14:00003210 x30:10000bf0  PA:10000bf0
20522232ns          345112 1c0081a2 004e8e93 addi             x29, x29, 4         x29=10000214 x29:10000210
20522272ns          345114 1c00817e 40af87b3 sub              x15, x31, x10       x15=00000020 x31:10000504 x10:100004e4
20522292ns          345115 1c008182 ffc78793 addi             x15, x15, -4        x15=0000001c x15:00000020
20522312ns          345116 1c008184 0027d793 srli             x15, x15, 0x2       x15=00000007 x15:0000001c
20522332ns          345117 1c008186 01d00833 add              x16, x0, x29        x16=10000214 x29:10000214
20522352ns          345118 1c008188 00a00633 add              x12, x0, x10        x12=100004e4 x10:100004e4
20522372ns          345119 1c00818a 00000713 addi             x14, x0, 0          x14=00000000
20522391ns          345120 1c00818c 00178793 addi             x15, x15, 1         x15=00000008 x15:00000007
20522411ns          345121 1c00818e 0067c0fb lp.setup         0x1, x15, 0x6       x15:00000008
20522431ns          345122 1c008192 0046230b p.lw             x6, 4(x12!)          x6=ffffffc2 x12=100004e8 x12:100004e4  PA:100004e4
20522451ns          345123 1c008196 2078788b p.lw             x17, x7(x16!)       x17=00000005 x16=10000234  x7:00000020 x16:10000214  PA:10000214
20522491ns          345125 1c00819a 43130733 p.mac            x14, x6, x17        x14=fffffeca x14:00000000  x6:ffffffc2 x17:00000005
20522511ns          345126 1c008192 0046230b p.lw             x6, 4(x12!)          x6=ffffffc0 x12=100004ec x12:100004e8  PA:100004e8
20522531ns          345127 1c008196 2078788b p.lw             x17, x7(x16!)       x17=fffffffd x16=10000254  x7:00000020 x16:10000234  PA:10000234
20522570ns          345129 1c00819a 43130733 p.mac            x14, x6, x17        x14=ffffff8a x14:fffffeca  x6:ffffffc0 x17:fffffffd
20522590ns          345130 1c008192 0046230b p.lw             x6, 4(x12!)          x6=ffffffbe x12=100004f0 x12:100004ec  PA:100004ec
20522610ns          345131 1c008196 2078788b p.lw             x17, x7(x16!)       x17=fffffff5 x16=10000274  x7:00000020 x16:10000254  PA:10000254
20522650ns          345133 1c00819a 43130733 p.mac            x14, x6, x17        x14=00000260 x14:ffffff8a  x6:ffffffbe x17:fffffff5
20522670ns          345134 1c008192 0046230b p.lw             x6, 4(x12!)          x6=ffffffbc x12=100004f4 x12:100004f0  PA:100004f0
20522690ns          345135 1c008196 2078788b p.lw             x17, x7(x16!)       x17=ffffffed x16=10000294  x7:00000020 x16:10000274  PA:10000274
20522730ns          345137 1c00819a 43130733 p.mac            x14, x6, x17        x14=0000076c x14:00000260  x6:ffffffbc x17:ffffffed
20522749ns          345138 1c008192 0046230b p.lw             x6, 4(x12!)          x6=ffffffba x12=100004f8 x12:100004f4  PA:100004f4
20522769ns          345139 1c008196 2078788b p.lw             x17, x7(x16!)       x17=ffffffe5 x16=100002b4  x7:00000020 x16:10000294  PA:10000294
20522809ns          345141 1c00819a 43130733 p.mac            x14, x6, x17        x14=00000ece x14:0000076c  x6:ffffffba x17:ffffffe5
20522829ns          345142 1c008192 0046230b p.lw             x6, 4(x12!)          x6=ffffffb8 x12=100004fc x12:100004f8  PA:100004f8
20522849ns          345143 1c008196 2078788b p.lw             x17, x7(x16!)       x17=ffffffdd x16=100002d4  x7:00000020 x16:100002b4  PA:100002b4
20522889ns          345145 1c00819a 43130733 p.mac            x14, x6, x17        x14=000018a6 x14:00000ece  x6:ffffffb8 x17:ffffffdd
20522909ns          345146 1c008192 0046230b p.lw             x6, 4(x12!)          x6=ffffffb6 x12=10000500 x12:100004fc  PA:100004fc
20522929ns          345147 1c008196 2078788b p.lw             x17, x7(x16!)       x17=ffffffd5 x16=100002f4  x7:00000020 x16:100002d4  PA:100002d4
20522968ns          345149 1c00819a 43130733 p.mac            x14, x6, x17        x14=00002514 x14:000018a6  x6:ffffffb6 x17:ffffffd5
20522988ns          345150 1c008192 0046230b p.lw             x6, 4(x12!)          x6=ffffffb4 x12=10000504 x12:10000500  PA:10000500
20523008ns          345151 1c008196 2078788b p.lw             x17, x7(x16!)       x17=ffffffcd x16=10000314  x7:00000020 x16:100002f4  PA:100002f4
20523048ns          345153 1c00819a 43130733 p.mac            x14, x6, x17        x14=00003438 x14:00002514  x6:ffffffb4 x17:ffffffcd
20523068ns          345154 1c00819e 00ef222b p.sw             x14, 4(x30!)        x30=10000bf8 x14:00003438 x30:10000bf4  PA:10000bf4
20523088ns          345155 1c0081a2 004e8e93 addi             x29, x29, 4         x29=10000218 x29:10000214
20523127ns          345157 1c00817e 40af87b3 sub              x15, x31, x10       x15=00000020 x31:10000504 x10:100004e4
20523147ns          345158 1c008182 ffc78793 addi             x15, x15, -4        x15=0000001c x15:00000020
20523167ns          345159 1c008184 0027d793 srli             x15, x15, 0x2       x15=00000007 x15:0000001c
20523187ns          345160 1c008186 01d00833 add              x16, x0, x29        x16=10000218 x29:10000218
20523207ns          345161 1c008188 00a00633 add              x12, x0, x10        x12=100004e4 x10:100004e4
20523227ns          345162 1c00818a 00000713 addi             x14, x0, 0          x14=00000000
20523247ns          345163 1c00818c 00178793 addi             x15, x15, 1         x15=00000008 x15:00000007
20523267ns          345164 1c00818e 0067c0fb lp.setup         0x1, x15, 0x6       x15:00000008
20523287ns          345165 1c008192 0046230b p.lw             x6, 4(x12!)          x6=ffffffc2 x12=100004e8 x12:100004e4  PA:100004e4
20523306ns          345166 1c008196 2078788b p.lw             x17, x7(x16!)       x17=00000004 x16=10000238  x7:00000020 x16:10000218  PA:10000218
20523346ns          345168 1c00819a 43130733 p.mac            x14, x6, x17        x14=ffffff08 x14:00000000  x6:ffffffc2 x17:00000004
20523366ns          345169 1c008192 0046230b p.lw             x6, 4(x12!)          x6=ffffffc0 x12=100004ec x12:100004e8  PA:100004e8
20523386ns          345170 1c008196 2078788b p.lw             x17, x7(x16!)       x17=fffffffc x16=10000258  x7:00000020 x16:10000238  PA:10000238
20523426ns          345172 1c00819a 43130733 p.mac            x14, x6, x17        x14=00000008 x14:ffffff08  x6:ffffffc0 x17:fffffffc
20523446ns          345173 1c008192 0046230b p.lw             x6, 4(x12!)          x6=ffffffbe x12=100004f0 x12:100004ec  PA:100004ec
20523466ns          345174 1c008196 2078788b p.lw             x17, x7(x16!)       x17=fffffff4 x16=10000278  x7:00000020 x16:10000258  PA:10000258
20523505ns          345176 1c00819a 43130733 p.mac            x14, x6, x17        x14=00000320 x14:00000008  x6:ffffffbe x17:fffffff4
20523525ns          345177 1c008192 0046230b p.lw             x6, 4(x12!)          x6=ffffffbc x12=100004f4 x12:100004f0  PA:100004f0
20523545ns          345178 1c008196 2078788b p.lw             x17, x7(x16!)       x17=ffffffec x16=10000298  x7:00000020 x16:10000278  PA:10000278
20523585ns          345180 1c00819a 43130733 p.mac            x14, x6, x17        x14=00000870 x14:00000320  x6:ffffffbc x17:ffffffec
20523605ns          345181 1c008192 0046230b p.lw             x6, 4(x12!)          x6=ffffffba x12=100004f8 x12:100004f4  PA:100004f4
20523625ns          345182 1c008196 2078788b p.lw             x17, x7(x16!)       x17=ffffffe4 x16=100002b8  x7:00000020 x16:10000298  PA:10000298
20523664ns          345184 1c00819a 43130733 p.mac            x14, x6, x17        x14=00001018 x14:00000870  x6:ffffffba x17:ffffffe4
20523684ns          345185 1c008192 0046230b p.lw             x6, 4(x12!)          x6=ffffffb8 x12=100004fc x12:100004f8  PA:100004f8
20523704ns          345186 1c008196 2078788b p.lw             x17, x7(x16!)       x17=ffffffdc x16=100002d8  x7:00000020 x16:100002b8  PA:100002b8
20523744ns          345188 1c00819a 43130733 p.mac            x14, x6, x17        x14=00001a38 x14:00001018  x6:ffffffb8 x17:ffffffdc
20523764ns          345189 1c008192 0046230b p.lw             x6, 4(x12!)          x6=ffffffb6 x12=10000500 x12:100004fc  PA:100004fc
20523784ns          345190 1c008196 2078788b p.lw             x17, x7(x16!)       x17=ffffffd4 x16=100002f8  x7:00000020 x16:100002d8  PA:100002d8
20523824ns          345192 1c00819a 43130733 p.mac            x14, x6, x17        x14=000026f0 x14:00001a38  x6:ffffffb6 x17:ffffffd4
20523843ns          345193 1c008192 0046230b p.lw             x6, 4(x12!)          x6=ffffffb4 x12=10000504 x12:10000500  PA:10000500
20523863ns          345194 1c008196 2078788b p.lw             x17, x7(x16!)       x17=ffffffcc x16=10000318  x7:00000020 x16:100002f8  PA:100002f8
20523903ns          345196 1c00819a 43130733 p.mac            x14, x6, x17        x14=00003660 x14:000026f0  x6:ffffffb4 x17:ffffffcc
20523923ns          345197 1c00819e 00ef222b p.sw             x14, 4(x30!)        x30=10000bfc x14:00003660 x30:10000bf8  PA:10000bf8
20523943ns          345198 1c0081a2 004e8e93 addi             x29, x29, 4         x29=1000021c x29:10000218
20523983ns          345200 1c00817e 40af87b3 sub              x15, x31, x10       x15=00000020 x31:10000504 x10:100004e4
20524003ns          345201 1c008182 ffc78793 addi             x15, x15, -4        x15=0000001c x15:00000020
20524022ns          345202 1c008184 0027d793 srli             x15, x15, 0x2       x15=00000007 x15:0000001c
20524042ns          345203 1c008186 01d00833 add              x16, x0, x29        x16=1000021c x29:1000021c
20524062ns          345204 1c008188 00a00633 add              x12, x0, x10        x12=100004e4 x10:100004e4
20524082ns          345205 1c00818a 00000713 addi             x14, x0, 0          x14=00000000
20524102ns          345206 1c00818c 00178793 addi             x15, x15, 1         x15=00000008 x15:00000007
20524122ns          345207 1c00818e 0067c0fb lp.setup         0x1, x15, 0x6       x15:00000008
20524142ns          345208 1c008192 0046230b p.lw             x6, 4(x12!)          x6=ffffffc2 x12=100004e8 x12:100004e4  PA:100004e4
20524162ns          345209 1c008196 2078788b p.lw             x17, x7(x16!)       x17=00000003 x16=1000023c  x7:00000020 x16:1000021c  PA:1000021c
20524202ns          345211 1c00819a 43130733 p.mac            x14, x6, x17        x14=ffffff46 x14:00000000  x6:ffffffc2 x17:00000003
20524221ns          345212 1c008192 0046230b p.lw             x6, 4(x12!)          x6=ffffffc0 x12=100004ec x12:100004e8  PA:100004e8
20524241ns          345213 1c008196 2078788b p.lw             x17, x7(x16!)       x17=fffffffb x16=1000025c  x7:00000020 x16:1000023c  PA:1000023c
20524281ns          345215 1c00819a 43130733 p.mac            x14, x6, x17        x14=00000086 x14:ffffff46  x6:ffffffc0 x17:fffffffb
20524301ns          345216 1c008192 0046230b p.lw             x6, 4(x12!)          x6=ffffffbe x12=100004f0 x12:100004ec  PA:100004ec
20524321ns          345217 1c008196 2078788b p.lw             x17, x7(x16!)       x17=fffffff3 x16=1000027c  x7:00000020 x16:1000025c  PA:1000025c
20524361ns          345219 1c00819a 43130733 p.mac            x14, x6, x17        x14=000003e0 x14:00000086  x6:ffffffbe x17:fffffff3
20524381ns          345220 1c008192 0046230b p.lw             x6, 4(x12!)          x6=ffffffbc x12=100004f4 x12:100004f0  PA:100004f0
20524400ns          345221 1c008196 2078788b p.lw             x17, x7(x16!)       x17=ffffffeb x16=1000029c  x7:00000020 x16:1000027c  PA:1000027c
20524440ns          345223 1c00819a 43130733 p.mac            x14, x6, x17        x14=00000974 x14:000003e0  x6:ffffffbc x17:ffffffeb
20524460ns          345224 1c008192 0046230b p.lw             x6, 4(x12!)          x6=ffffffba x12=100004f8 x12:100004f4  PA:100004f4
20524480ns          345225 1c008196 2078788b p.lw             x17, x7(x16!)       x17=ffffffe3 x16=100002bc  x7:00000020 x16:1000029c  PA:1000029c
20524520ns          345227 1c00819a 43130733 p.mac            x14, x6, x17        x14=00001162 x14:00000974  x6:ffffffba x17:ffffffe3
20524540ns          345228 1c008192 0046230b p.lw             x6, 4(x12!)          x6=ffffffb8 x12=100004fc x12:100004f8  PA:100004f8
20524560ns          345229 1c008196 2078788b p.lw             x17, x7(x16!)       x17=ffffffdb x16=100002dc  x7:00000020 x16:100002bc  PA:100002bc
20524599ns          345231 1c00819a 43130733 p.mac            x14, x6, x17        x14=00001bca x14:00001162  x6:ffffffb8 x17:ffffffdb
20524619ns          345232 1c008192 0046230b p.lw             x6, 4(x12!)          x6=ffffffb6 x12=10000500 x12:100004fc  PA:100004fc
20524639ns          345233 1c008196 2078788b p.lw             x17, x7(x16!)       x17=ffffffd3 x16=100002fc  x7:00000020 x16:100002dc  PA:100002dc
20524679ns          345235 1c00819a 43130733 p.mac            x14, x6, x17        x14=000028cc x14:00001bca  x6:ffffffb6 x17:ffffffd3
20524699ns          345236 1c008192 0046230b p.lw             x6, 4(x12!)          x6=ffffffb4 x12=10000504 x12:10000500  PA:10000500
20524719ns          345237 1c008196 2078788b p.lw             x17, x7(x16!)       x17=ffffffcb x16=1000031c  x7:00000020 x16:100002fc  PA:100002fc
20524758ns          345239 1c00819a 43130733 p.mac            x14, x6, x17        x14=00003888 x14:000028cc  x6:ffffffb4 x17:ffffffcb
20524778ns          345240 1c00819e 00ef222b p.sw             x14, 4(x30!)        x30=10000c00 x14:00003888 x30:10000bfc  PA:10000bfc
20524798ns          345241 1c0081a2 004e8e93 addi             x29, x29, 4         x29=10000220 x29:1000021c
20524838ns          345243 1c00817e 40af87b3 sub              x15, x31, x10       x15=00000020 x31:10000504 x10:100004e4
20524858ns          345244 1c008182 ffc78793 addi             x15, x15, -4        x15=0000001c x15:00000020
20524878ns          345245 1c008184 0027d793 srli             x15, x15, 0x2       x15=00000007 x15:0000001c
20524898ns          345246 1c008186 01d00833 add              x16, x0, x29        x16=10000220 x29:10000220
20524918ns          345247 1c008188 00a00633 add              x12, x0, x10        x12=100004e4 x10:100004e4
20524937ns          345248 1c00818a 00000713 addi             x14, x0, 0          x14=00000000
20524957ns          345249 1c00818c 00178793 addi             x15, x15, 1         x15=00000008 x15:00000007
20524977ns          345250 1c00818e 0067c0fb lp.setup         0x1, x15, 0x6       x15:00000008
20524997ns          345251 1c008192 0046230b p.lw             x6, 4(x12!)          x6=ffffffc2 x12=100004e8 x12:100004e4  PA:100004e4
20525017ns          345252 1c008196 2078788b p.lw             x17, x7(x16!)       x17=00000002 x16=10000240  x7:00000020 x16:10000220  PA:10000220
20525057ns          345254 1c00819a 43130733 p.mac            x14, x6, x17        x14=ffffff84 x14:00000000  x6:ffffffc2 x17:00000002
20525077ns          345255 1c008192 0046230b p.lw             x6, 4(x12!)          x6=ffffffc0 x12=100004ec x12:100004e8  PA:100004e8
20525097ns          345256 1c008196 2078788b p.lw             x17, x7(x16!)       x17=fffffffa x16=10000260  x7:00000020 x16:10000240  PA:10000240
20525136ns          345258 1c00819a 43130733 p.mac            x14, x6, x17        x14=00000104 x14:ffffff84  x6:ffffffc0 x17:fffffffa
20525156ns          345259 1c008192 0046230b p.lw             x6, 4(x12!)          x6=ffffffbe x12=100004f0 x12:100004ec  PA:100004ec
20525176ns          345260 1c008196 2078788b p.lw             x17, x7(x16!)       x17=fffffff2 x16=10000280  x7:00000020 x16:10000260  PA:10000260
20525216ns          345262 1c00819a 43130733 p.mac            x14, x6, x17        x14=000004a0 x14:00000104  x6:ffffffbe x17:fffffff2
20525236ns          345263 1c008192 0046230b p.lw             x6, 4(x12!)          x6=ffffffbc x12=100004f4 x12:100004f0  PA:100004f0
20525256ns          345264 1c008196 2078788b p.lw             x17, x7(x16!)       x17=ffffffea x16=100002a0  x7:00000020 x16:10000280  PA:10000280
20525296ns          345266 1c00819a 43130733 p.mac            x14, x6, x17        x14=00000a78 x14:000004a0  x6:ffffffbc x17:ffffffea
20525315ns          345267 1c008192 0046230b p.lw             x6, 4(x12!)          x6=ffffffba x12=100004f8 x12:100004f4  PA:100004f4
20525335ns          345268 1c008196 2078788b p.lw             x17, x7(x16!)       x17=ffffffe2 x16=100002c0  x7:00000020 x16:100002a0  PA:100002a0
20525375ns          345270 1c00819a 43130733 p.mac            x14, x6, x17        x14=000012ac x14:00000a78  x6:ffffffba x17:ffffffe2
20525395ns          345271 1c008192 0046230b p.lw             x6, 4(x12!)          x6=ffffffb8 x12=100004fc x12:100004f8  PA:100004f8
20525415ns          345272 1c008196 2078788b p.lw             x17, x7(x16!)       x17=ffffffda x16=100002e0  x7:00000020 x16:100002c0  PA:100002c0
20525455ns          345274 1c00819a 43130733 p.mac            x14, x6, x17        x14=00001d5c x14:000012ac  x6:ffffffb8 x17:ffffffda
20525475ns          345275 1c008192 0046230b p.lw             x6, 4(x12!)          x6=ffffffb6 x12=10000500 x12:100004fc  PA:100004fc
20525494ns          345276 1c008196 2078788b p.lw             x17, x7(x16!)       x17=ffffffd2 x16=10000300  x7:00000020 x16:100002e0  PA:100002e0
20525534ns          345278 1c00819a 43130733 p.mac            x14, x6, x17        x14=00002aa8 x14:00001d5c  x6:ffffffb6 x17:ffffffd2
20525554ns          345279 1c008192 0046230b p.lw             x6, 4(x12!)          x6=ffffffb4 x12=10000504 x12:10000500  PA:10000500
20525594ns          345281 1c008196 2078788b p.lw             x17, x7(x16!)       x17=ffffffca x16=10000320  x7:00000020 x16:10000300  PA:10000300
20525634ns          345283 1c00819a 43130733 p.mac            x14, x6, x17        x14=00003ab0 x14:00002aa8  x6:ffffffb4 x17:ffffffca
20525654ns          345284 1c00819e 00ef222b p.sw             x14, 4(x30!)        x30=10000c04 x14:00003ab0 x30:10000c00  PA:10000c00
20525673ns          345285 1c0081a2 004e8e93 addi             x29, x29, 4         x29=10000224 x29:10000220
20525693ns          345286 1c0081a4 00128293 addi             x5, x5, 1            x5=00000008  x5:00000007
20525713ns          345287 1c0081a6 00750533 add              x10, x10, x7        x10=10000504 x10:100004e4  x7:00000020
20525733ns          345288 1c0081a8 007f8fb3 add              x31, x31, x7        x31=10000524 x31:10000504  x7:00000020
20525753ns          345289 1c0081aa fa569fe3 bne              x13, x5, -66        x13:00000008  x5:00000008
20525773ns          345290 1c0081ae 00c12403 lw               x8, 12(x2)           x8=10000004  x2:10002f88  PA:10002f94
20525793ns          345291 1c0081b0 00812483 lw               x9, 8(x2)            x9=10001004  x2:10002f88  PA:10002f90
20525813ns          345292 1c0081b2 01010113 addi             x2, x2, 16           x2=10002f98  x2:10002f88
20525833ns          345293 1c0081b4 00008067 jalr             x0, x1, 0            x1:1c009cda
20525892ns          345296 1c009cda 0d1010ef jal              x1, 6352             x1=1c009cde
20526389ns          345321 1c00b5aa f14027f3 csrrs            x15, x0, 0xf14      x15=00000003
20526409ns          345322 1c00b5ae 01f00713 addi             x14, x0, 31         x14=0000001f
20526429ns          345323 1c00b5b0 ca5797b3 p.extractu       x15, x15, 5, 5      x15=00000000 x15:00000003
20526449ns          345324 1c00b5b4 00e78863 beq              x15, x14, 16        x15:00000000 x14:0000001f
20526469ns          345325 1c00b5b8 002047b7 lui              x15, 0x204000       x15=00204000
20526489ns          345326 1c00b5bc 20078793 addi             x15, x15, 512       x15=00204200 x15:00204000
20526509ns          345327 1c00b5c0 01c7e703 p.elw            x14, 28(x15)        x14=00010000 x15:00204200  PA:0020421c
20526628ns          345333 1c00b5c4 00008067 jalr             x0, x1, 0            x1:1c009cde
20526668ns          345335 1c009cde 00000713 addi             x14, x0, 0          x14=00000000
20526688ns          345336 1c009ce0 00800693 addi             x13, x0, 8          x13=00000008
20526708ns          345337 1c009ce2 50040613 addi             x12, x8, 1280       x12=10000504  x8:10000004
20526728ns          345338 1c009ce6 014005b3 add              x11, x0, x20        x11=10000204 x20:10000204
20526748ns          345339 1c009ce8 60040513 addi             x10, x8, 1536       x10=10000604  x8:10000004
20526767ns          345340 1c009cec c52fe0ef jal              x1, -7086            x1=1c009cf0
20527304ns          345367 1c00813e 06068c63 beq              x13, x0, 120        x13:00000008
20527324ns          345368 1c008140 ff010113 addi             x2, x2, -16          x2=10002f88  x2:10002f98
20527344ns          345369 1c008142 00269393 slli             x7, x13, 0x2         x7=00000020 x13:00000008
20527364ns          345370 1c008146 00812623 sw               x8, 12(x2)           x8:10000004  x2:10002f88  PA:10002f94
20527384ns          345371 1c008148 00271793 slli             x15, x14, 0x2       x15=00000000 x14:00000000
20527404ns          345372 1c00814c 40a60433 sub              x8, x12, x10         x8=ffffff00 x12:10000504 x10:10000604
20527424ns          345373 1c008150 02d787b3 mul              x15, x15, x13       x15=00000000 x15:00000000 x13:00000008
20527444ns          345374 1c008154 40740433 sub              x8, x8, x7           x8=fffffee0  x8:ffffff00  x7:00000020
20527464ns          345375 1c008158 00912423 sw               x9, 8(x2)            x9:10001004  x2:10002f88  PA:10002f90
20527483ns          345376 1c00815a 00750fb3 add              x31, x10, x7        x31=10000624 x10:10000604  x7:00000020
20527503ns          345377 1c00815e 42d78433 p.mac            x8, x15, x13         x8=fffffee0  x8:fffffee0 x15:00000000 x13:00000008
20527523ns          345378 1c008162 007584b3 add              x9, x11, x7          x9=10000224 x11:10000204  x7:00000020
20527543ns          345379 1c008166 00000293 addi             x5, x0, 0            x5=00000000
20527563ns          345380 1c008168 40b48e33 sub              x28, x9, x11        x28=00000020  x9:10000224 x11:10000204
20527583ns          345381 1c00816c ffce0e13 addi             x28, x28, -4        x28=0000001c x28:00000020
20527603ns          345382 1c00816e 002e5e13 srli             x28, x28, 0x2       x28=00000007 x28:0000001c
20527623ns          345383 1c008172 008f8f33 add              x30, x31, x8        x30=10000504 x31:10000624  x8:fffffee0
20527643ns          345384 1c008176 00b00eb3 add              x29, x0, x11        x29=10000204 x11:10000204
20527663ns          345385 1c008178 001e0e13 addi             x28, x28, 1         x28=00000008 x28:00000007
20527682ns          345386 1c00817a 014e407b lp.setup         0x0, x28, 0x14      x28:00000008
20527702ns          345387 1c00817e 40af87b3 sub              x15, x31, x10       x15=00000020 x31:10000624 x10:10000604
20527722ns          345388 1c008182 ffc78793 addi             x15, x15, -4        x15=0000001c x15:00000020
20527742ns          345389 1c008184 0027d793 srli             x15, x15, 0x2       x15=00000007 x15:0000001c
20527762ns          345390 1c008186 01d00833 add              x16, x0, x29        x16=10000204 x29:10000204
20527782ns          345391 1c008188 00a00633 add              x12, x0, x10        x12=10000604 x10:10000604
20527802ns          345392 1c00818a 00000713 addi             x14, x0, 0          x14=00000000
20527822ns          345393 1c00818c 00178793 addi             x15, x15, 1         x15=00000008 x15:00000007
20527842ns          345394 1c00818e 0067c0fb lp.setup         0x1, x15, 0x6       x15:00000008
20527861ns          345395 1c008192 0046230b p.lw             x6, 4(x12!)          x6=ffffef35 x12=10000608 x12:10000604  PA:10000604
20527881ns          345396 1c008196 2078788b p.lw             x17, x7(x16!)       x17=00000009 x16=10000224  x7:00000020 x16:10000204  PA:10000204
20527921ns          345398 1c00819a 43130733 p.mac            x14, x6, x17        x14=ffff68dd x14:00000000  x6:ffffef35 x17:00000009
20527941ns          345399 1c008192 0046230b p.lw             x6, 4(x12!)          x6=ffffee88 x12=1000060c x12:10000608  PA:10000608
20527981ns          345401 1c008196 2078788b p.lw             x17, x7(x16!)       x17=00000001 x16=10000244  x7:00000020 x16:10000224  PA:10000224
20528021ns          345403 1c00819a 43130733 p.mac            x14, x6, x17        x14=ffff5765 x14:ffff68dd  x6:ffffee88 x17:00000001
20528040ns          345404 1c008192 0046230b p.lw             x6, 4(x12!)          x6=ffffeddb x12=10000610 x12:1000060c  PA:1000060c
20528060ns          345405 1c008196 2078788b p.lw             x17, x7(x16!)       x17=fffffff9 x16=10000264  x7:00000020 x16:10000244  PA:10000244
20528100ns          345407 1c00819a 43130733 p.mac            x14, x6, x17        x14=ffffd668 x14:ffff5765  x6:ffffeddb x17:fffffff9
20528120ns          345408 1c008192 0046230b p.lw             x6, 4(x12!)          x6=ffffed2e x12=10000614 x12:10000610  PA:10000610
20528140ns          345409 1c008196 2078788b p.lw             x17, x7(x16!)       x17=fffffff1 x16=10000284  x7:00000020 x16:10000264  PA:10000264
20528180ns          345411 1c00819a 43130733 p.mac            x14, x6, x17        x14=0000f0b6 x14:ffffd668  x6:ffffed2e x17:fffffff1
20528200ns          345412 1c008192 0046230b p.lw             x6, 4(x12!)          x6=ffffec81 x12=10000618 x12:10000614  PA:10000614
20528219ns          345413 1c008196 2078788b p.lw             x17, x7(x16!)       x17=ffffffe9 x16=100002a4  x7:00000020 x16:10000284  PA:10000284
20528279ns          345416 1c00819a 43130733 p.mac            x14, x6, x17        x14=0002b11f x14:0000f0b6  x6:ffffec81 x17:ffffffe9
20528299ns          345417 1c008192 0046230b p.lw             x6, 4(x12!)          x6=ffffebd4 x12=1000061c x12:10000618  PA:10000618
20528319ns          345418 1c008196 2078788b p.lw             x17, x7(x16!)       x17=ffffffe1 x16=100002c4  x7:00000020 x16:100002a4  PA:100002a4
20528359ns          345420 1c00819a 43130733 p.mac            x14, x6, x17        x14=00052273 x14:0002b11f  x6:ffffebd4 x17:ffffffe1
20528379ns          345421 1c008192 0046230b p.lw             x6, 4(x12!)          x6=ffffeb27 x12=10000620 x12:1000061c  PA:1000061c
20528398ns          345422 1c008196 2078788b p.lw             x17, x7(x16!)       x17=ffffffd9 x16=100002e4  x7:00000020 x16:100002c4  PA:100002c4
20528438ns          345424 1c00819a 43130733 p.mac            x14, x6, x17        x14=00084f82 x14:00052273  x6:ffffeb27 x17:ffffffd9
20528458ns          345425 1c008192 0046230b p.lw             x6, 4(x12!)          x6=ffffea7a x12=10000624 x12:10000620  PA:10000620
20528478ns          345426 1c008196 2078788b p.lw             x17, x7(x16!)       x17=ffffffd1 x16=10000304  x7:00000020 x16:100002e4  PA:100002e4
20528518ns          345428 1c00819a 43130733 p.mac            x14, x6, x17        x14=000c431c x14:00084f82  x6:ffffea7a x17:ffffffd1
20528538ns          345429 1c00819e 00ef222b p.sw             x14, 4(x30!)        x30=10000508 x14:000c431c x30:10000504  PA:10000504
20528558ns          345430 1c0081a2 004e8e93 addi             x29, x29, 4         x29=10000208 x29:10000204
20528597ns          345432 1c00817e 40af87b3 sub              x15, x31, x10       x15=00000020 x31:10000624 x10:10000604
20528617ns          345433 1c008182 ffc78793 addi             x15, x15, -4        x15=0000001c x15:00000020
20528637ns          345434 1c008184 0027d793 srli             x15, x15, 0x2       x15=00000007 x15:0000001c
20528657ns          345435 1c008186 01d00833 add              x16, x0, x29        x16=10000208 x29:10000208
20528677ns          345436 1c008188 00a00633 add              x12, x0, x10        x12=10000604 x10:10000604
20528697ns          345437 1c00818a 00000713 addi             x14, x0, 0          x14=00000000
20528717ns          345438 1c00818c 00178793 addi             x15, x15, 1         x15=00000008 x15:00000007
20528737ns          345439 1c00818e 0067c0fb lp.setup         0x1, x15, 0x6       x15:00000008
20528756ns          345440 1c008192 0046230b p.lw             x6, 4(x12!)          x6=ffffef35 x12=10000608 x12:10000604  PA:10000604
20528776ns          345441 1c008196 2078788b p.lw             x17, x7(x16!)       x17=00000008 x16=10000228  x7:00000020 x16:10000208  PA:10000208
20528816ns          345443 1c00819a 43130733 p.mac            x14, x6, x17        x14=ffff79a8 x14:00000000  x6:ffffef35 x17:00000008
20528836ns          345444 1c008192 0046230b p.lw             x6, 4(x12!)          x6=ffffee88 x12=1000060c x12:10000608  PA:10000608
20528856ns          345445 1c008196 2078788b p.lw             x17, x7(x16!)       x17=00000000 x16=10000248  x7:00000020 x16:10000228  PA:10000228
20528896ns          345447 1c00819a 43130733 p.mac            x14, x6, x17        x14=ffff79a8 x14:ffff79a8  x6:ffffee88 x17:00000000
20528916ns          345448 1c008192 0046230b p.lw             x6, 4(x12!)          x6=ffffeddb x12=10000610 x12:1000060c  PA:1000060c
20528936ns          345449 1c008196 2078788b p.lw             x17, x7(x16!)       x17=fffffff8 x16=10000268  x7:00000020 x16:10000248  PA:10000248
20528975ns          345451 1c00819a 43130733 p.mac            x14, x6, x17        x14=00000ad0 x14:ffff79a8  x6:ffffeddb x17:fffffff8
20528995ns          345452 1c008192 0046230b p.lw             x6, 4(x12!)          x6=ffffed2e x12=10000614 x12:10000610  PA:10000610
20529035ns          345454 1c008196 2078788b p.lw             x17, x7(x16!)       x17=fffffff0 x16=10000288  x7:00000020 x16:10000268  PA:10000268
20529075ns          345456 1c00819a 43130733 p.mac            x14, x6, x17        x14=000137f0 x14:00000ad0  x6:ffffed2e x17:fffffff0
20529095ns          345457 1c008192 0046230b p.lw             x6, 4(x12!)          x6=ffffec81 x12=10000618 x12:10000614  PA:10000614
20529115ns          345458 1c008196 2078788b p.lw             x17, x7(x16!)       x17=ffffffe8 x16=100002a8  x7:00000020 x16:10000288  PA:10000288
20529154ns          345460 1c00819a 43130733 p.mac            x14, x6, x17        x14=00030bd8 x14:000137f0  x6:ffffec81 x17:ffffffe8
20529174ns          345461 1c008192 0046230b p.lw             x6, 4(x12!)          x6=ffffebd4 x12=1000061c x12:10000618  PA:10000618
20529194ns          345462 1c008196 2078788b p.lw             x17, x7(x16!)       x17=ffffffe0 x16=100002c8  x7:00000020 x16:100002a8  PA:100002a8
20529234ns          345464 1c00819a 43130733 p.mac            x14, x6, x17        x14=00059158 x14:00030bd8  x6:ffffebd4 x17:ffffffe0
20529254ns          345465 1c008192 0046230b p.lw             x6, 4(x12!)          x6=ffffeb27 x12=10000620 x12:1000061c  PA:1000061c
20529274ns          345466 1c008196 2078788b p.lw             x17, x7(x16!)       x17=ffffffd8 x16=100002e8  x7:00000020 x16:100002c8  PA:100002c8
20529313ns          345468 1c00819a 43130733 p.mac            x14, x6, x17        x14=0008d340 x14:00059158  x6:ffffeb27 x17:ffffffd8
20529333ns          345469 1c008192 0046230b p.lw             x6, 4(x12!)          x6=ffffea7a x12=10000624 x12:10000620  PA:10000620
20529353ns          345470 1c008196 2078788b p.lw             x17, x7(x16!)       x17=ffffffd0 x16=10000308  x7:00000020 x16:100002e8  PA:100002e8
20529393ns          345472 1c00819a 43130733 p.mac            x14, x6, x17        x14=000cdc60 x14:0008d340  x6:ffffea7a x17:ffffffd0
20529413ns          345473 1c00819e 00ef222b p.sw             x14, 4(x30!)        x30=1000050c x14:000cdc60 x30:10000508  PA:10000508
20529433ns          345474 1c0081a2 004e8e93 addi             x29, x29, 4         x29=1000020c x29:10000208
20529473ns          345476 1c00817e 40af87b3 sub              x15, x31, x10       x15=00000020 x31:10000624 x10:10000604
20529492ns          345477 1c008182 ffc78793 addi             x15, x15, -4        x15=0000001c x15:00000020
20529512ns          345478 1c008184 0027d793 srli             x15, x15, 0x2       x15=00000007 x15:0000001c
20529532ns          345479 1c008186 01d00833 add              x16, x0, x29        x16=1000020c x29:1000020c
20529552ns          345480 1c008188 00a00633 add              x12, x0, x10        x12=10000604 x10:10000604
20529572ns          345481 1c00818a 00000713 addi             x14, x0, 0          x14=00000000
20529592ns          345482 1c00818c 00178793 addi             x15, x15, 1         x15=00000008 x15:00000007
20529612ns          345483 1c00818e 0067c0fb lp.setup         0x1, x15, 0x6       x15:00000008
20529632ns          345484 1c008192 0046230b p.lw             x6, 4(x12!)          x6=ffffef35 x12=10000608 x12:10000604  PA:10000604
20529652ns          345485 1c008196 2078788b p.lw             x17, x7(x16!)       x17=00000007 x16=1000022c  x7:00000020 x16:1000020c  PA:1000020c
20529691ns          345487 1c00819a 43130733 p.mac            x14, x6, x17        x14=ffff8a73 x14:00000000  x6:ffffef35 x17:00000007
20529711ns          345488 1c008192 0046230b p.lw             x6, 4(x12!)          x6=ffffee88 x12=1000060c x12:10000608  PA:10000608
20529731ns          345489 1c008196 2078788b p.lw             x17, x7(x16!)       x17=ffffffff x16=1000024c  x7:00000020 x16:1000022c  PA:1000022c
20529771ns          345491 1c00819a 43130733 p.mac            x14, x6, x17        x14=ffff9beb x14:ffff8a73  x6:ffffee88 x17:ffffffff
20529791ns          345492 1c008192 0046230b p.lw             x6, 4(x12!)          x6=ffffeddb x12=10000610 x12:1000060c  PA:1000060c
20529811ns          345493 1c008196 2078788b p.lw             x17, x7(x16!)       x17=fffffff7 x16=1000026c  x7:00000020 x16:1000024c  PA:1000024c
20529850ns          345495 1c00819a 43130733 p.mac            x14, x6, x17        x14=00003f38 x14:ffff9beb  x6:ffffeddb x17:fffffff7
20529870ns          345496 1c008192 0046230b p.lw             x6, 4(x12!)          x6=ffffed2e x12=10000614 x12:10000610  PA:10000610
20529890ns          345497 1c008196 2078788b p.lw             x17, x7(x16!)       x17=ffffffef x16=1000028c  x7:00000020 x16:1000026c  PA:1000026c
20529930ns          345499 1c00819a 43130733 p.mac            x14, x6, x17        x14=00017f2a x14:00003f38  x6:ffffed2e x17:ffffffef
20529950ns          345500 1c008192 0046230b p.lw             x6, 4(x12!)          x6=ffffec81 x12=10000618 x12:10000614  PA:10000614
20529970ns          345501 1c008196 2078788b p.lw             x17, x7(x16!)       x17=ffffffe7 x16=100002ac  x7:00000020 x16:1000028c  PA:1000028c
20530010ns          345503 1c00819a 43130733 p.mac            x14, x6, x17        x14=00036691 x14:00017f2a  x6:ffffec81 x17:ffffffe7
20530030ns          345504 1c008192 0046230b p.lw             x6, 4(x12!)          x6=ffffebd4 x12=1000061c x12:10000618  PA:10000618
20530069ns          345506 1c008196 2078788b p.lw             x17, x7(x16!)       x17=ffffffdf x16=100002cc  x7:00000020 x16:100002ac  PA:100002ac
20530109ns          345508 1c00819a 43130733 p.mac            x14, x6, x17        x14=0006003d x14:00036691  x6:ffffebd4 x17:ffffffdf
20530129ns          345509 1c008192 0046230b p.lw             x6, 4(x12!)          x6=ffffeb27 x12=10000620 x12:1000061c  PA:1000061c
20530149ns          345510 1c008196 2078788b p.lw             x17, x7(x16!)       x17=ffffffd7 x16=100002ec  x7:00000020 x16:100002cc  PA:100002cc
20530209ns          345513 1c00819a 43130733 p.mac            x14, x6, x17        x14=000956fe x14:0006003d  x6:ffffeb27 x17:ffffffd7
20530228ns          345514 1c008192 0046230b p.lw             x6, 4(x12!)          x6=ffffea7a x12=10000624 x12:10000620  PA:10000620
20530248ns          345515 1c008196 2078788b p.lw             x17, x7(x16!)       x17=ffffffcf x16=1000030c  x7:00000020 x16:100002ec  PA:100002ec
20530288ns          345517 1c00819a 43130733 p.mac            x14, x6, x17        x14=000d75a4 x14:000956fe  x6:ffffea7a x17:ffffffcf
20530308ns          345518 1c00819e 00ef222b p.sw             x14, 4(x30!)        x30=10000510 x14:000d75a4 x30:1000050c  PA:1000050c
20530328ns          345519 1c0081a2 004e8e93 addi             x29, x29, 4         x29=10000210 x29:1000020c
20530368ns          345521 1c00817e 40af87b3 sub              x15, x31, x10       x15=00000020 x31:10000624 x10:10000604
20530388ns          345522 1c008182 ffc78793 addi             x15, x15, -4        x15=0000001c x15:00000020
20530407ns          345523 1c008184 0027d793 srli             x15, x15, 0x2       x15=00000007 x15:0000001c
20530427ns          345524 1c008186 01d00833 add              x16, x0, x29        x16=10000210 x29:10000210
20530447ns          345525 1c008188 00a00633 add              x12, x0, x10        x12=10000604 x10:10000604
20530467ns          345526 1c00818a 00000713 addi             x14, x0, 0          x14=00000000
20530487ns          345527 1c00818c 00178793 addi             x15, x15, 1         x15=00000008 x15:00000007
20530507ns          345528 1c00818e 0067c0fb lp.setup         0x1, x15, 0x6       x15:00000008
20530527ns          345529 1c008192 0046230b p.lw             x6, 4(x12!)          x6=ffffef35 x12=10000608 x12:10000604  PA:10000604
20530547ns          345530 1c008196 2078788b p.lw             x17, x7(x16!)       x17=00000006 x16=10000230  x7:00000020 x16:10000210  PA:10000210
20530586ns          345532 1c00819a 43130733 p.mac            x14, x6, x17        x14=ffff9b3e x14:00000000  x6:ffffef35 x17:00000006
20530606ns          345533 1c008192 0046230b p.lw             x6, 4(x12!)          x6=ffffee88 x12=1000060c x12:10000608  PA:10000608
20530626ns          345534 1c008196 2078788b p.lw             x17, x7(x16!)       x17=fffffffe x16=10000250  x7:00000020 x16:10000230  PA:10000230
20530666ns          345536 1c00819a 43130733 p.mac            x14, x6, x17        x14=ffffbe2e x14:ffff9b3e  x6:ffffee88 x17:fffffffe
20530686ns          345537 1c008192 0046230b p.lw             x6, 4(x12!)          x6=ffffeddb x12=10000610 x12:1000060c  PA:1000060c
20530726ns          345539 1c008196 2078788b p.lw             x17, x7(x16!)       x17=fffffff6 x16=10000270  x7:00000020 x16:10000250  PA:10000250
20530765ns          345541 1c00819a 43130733 p.mac            x14, x6, x17        x14=000073a0 x14:ffffbe2e  x6:ffffeddb x17:fffffff6
20530785ns          345542 1c008192 0046230b p.lw             x6, 4(x12!)          x6=ffffed2e x12=10000614 x12:10000610  PA:10000610
20530805ns          345543 1c008196 2078788b p.lw             x17, x7(x16!)       x17=ffffffee x16=10000290  x7:00000020 x16:10000270  PA:10000270
20530845ns          345545 1c00819a 43130733 p.mac            x14, x6, x17        x14=0001c664 x14:000073a0  x6:ffffed2e x17:ffffffee
20530865ns          345546 1c008192 0046230b p.lw             x6, 4(x12!)          x6=ffffec81 x12=10000618 x12:10000614  PA:10000614
20530885ns          345547 1c008196 2078788b p.lw             x17, x7(x16!)       x17=ffffffe6 x16=100002b0  x7:00000020 x16:10000290  PA:10000290
20530925ns          345549 1c00819a 43130733 p.mac            x14, x6, x17        x14=0003c14a x14:0001c664  x6:ffffec81 x17:ffffffe6
20530944ns          345550 1c008192 0046230b p.lw             x6, 4(x12!)          x6=ffffebd4 x12=1000061c x12:10000618  PA:10000618
20530964ns          345551 1c008196 2078788b p.lw             x17, x7(x16!)       x17=ffffffde x16=100002d0  x7:00000020 x16:100002b0  PA:100002b0
20531004ns          345553 1c00819a 43130733 p.mac            x14, x6, x17        x14=00066f22 x14:0003c14a  x6:ffffebd4 x17:ffffffde
20531024ns          345554 1c008192 0046230b p.lw             x6, 4(x12!)          x6=ffffeb27 x12=10000620 x12:1000061c  PA:1000061c
20531044ns          345555 1c008196 2078788b p.lw             x17, x7(x16!)       x17=ffffffd6 x16=100002f0  x7:00000020 x16:100002d0  PA:100002d0
20531084ns          345557 1c00819a 43130733 p.mac            x14, x6, x17        x14=0009dabc x14:00066f22  x6:ffffeb27 x17:ffffffd6
20531104ns          345558 1c008192 0046230b p.lw             x6, 4(x12!)          x6=ffffea7a x12=10000624 x12:10000620  PA:10000620
20531123ns          345559 1c008196 2078788b p.lw             x17, x7(x16!)       x17=ffffffce x16=10000310  x7:00000020 x16:100002f0  PA:100002f0
20531163ns          345561 1c00819a 43130733 p.mac            x14, x6, x17        x14=000e0ee8 x14:0009dabc  x6:ffffea7a x17:ffffffce
20531183ns          345562 1c00819e 00ef222b p.sw             x14, 4(x30!)        x30=10000514 x14:000e0ee8 x30:10000510  PA:10000510
20531203ns          345563 1c0081a2 004e8e93 addi             x29, x29, 4         x29=10000214 x29:10000210
20531243ns          345565 1c00817e 40af87b3 sub              x15, x31, x10       x15=00000020 x31:10000624 x10:10000604
20531263ns          345566 1c008182 ffc78793 addi             x15, x15, -4        x15=0000001c x15:00000020
20531283ns          345567 1c008184 0027d793 srli             x15, x15, 0x2       x15=00000007 x15:0000001c
20531303ns          345568 1c008186 01d00833 add              x16, x0, x29        x16=10000214 x29:10000214
20531322ns          345569 1c008188 00a00633 add              x12, x0, x10        x12=10000604 x10:10000604
20531342ns          345570 1c00818a 00000713 addi             x14, x0, 0          x14=00000000
20531362ns          345571 1c00818c 00178793 addi             x15, x15, 1         x15=00000008 x15:00000007
20531382ns          345572 1c00818e 0067c0fb lp.setup         0x1, x15, 0x6       x15:00000008
20531402ns          345573 1c008192 0046230b p.lw             x6, 4(x12!)          x6=ffffef35 x12=10000608 x12:10000604  PA:10000604
20531422ns          345574 1c008196 2078788b p.lw             x17, x7(x16!)       x17=00000005 x16=10000234  x7:00000020 x16:10000214  PA:10000214
20531462ns          345576 1c00819a 43130733 p.mac            x14, x6, x17        x14=ffffac09 x14:00000000  x6:ffffef35 x17:00000005
20531482ns          345577 1c008192 0046230b p.lw             x6, 4(x12!)          x6=ffffee88 x12=1000060c x12:10000608  PA:10000608
20531501ns          345578 1c008196 2078788b p.lw             x17, x7(x16!)       x17=fffffffd x16=10000254  x7:00000020 x16:10000234  PA:10000234
20531541ns          345580 1c00819a 43130733 p.mac            x14, x6, x17        x14=ffffe071 x14:ffffac09  x6:ffffee88 x17:fffffffd
20531561ns          345581 1c008192 0046230b p.lw             x6, 4(x12!)          x6=ffffeddb x12=10000610 x12:1000060c  PA:1000060c
20531581ns          345582 1c008196 2078788b p.lw             x17, x7(x16!)       x17=fffffff5 x16=10000274  x7:00000020 x16:10000254  PA:10000254
20531621ns          345584 1c00819a 43130733 p.mac            x14, x6, x17        x14=0000a808 x14:ffffe071  x6:ffffeddb x17:fffffff5
20531641ns          345585 1c008192 0046230b p.lw             x6, 4(x12!)          x6=ffffed2e x12=10000614 x12:10000610  PA:10000610
20531661ns          345586 1c008196 2078788b p.lw             x17, x7(x16!)       x17=ffffffed x16=10000294  x7:00000020 x16:10000274  PA:10000274
20531700ns          345588 1c00819a 43130733 p.mac            x14, x6, x17        x14=00020d9e x14:0000a808  x6:ffffed2e x17:ffffffed
20531720ns          345589 1c008192 0046230b p.lw             x6, 4(x12!)          x6=ffffec81 x12=10000618 x12:10000614  PA:10000614
20531740ns          345590 1c008196 2078788b p.lw             x17, x7(x16!)       x17=ffffffe5 x16=100002b4  x7:00000020 x16:10000294  PA:10000294
20531780ns          345592 1c00819a 43130733 p.mac            x14, x6, x17        x14=00041c03 x14:00020d9e  x6:ffffec81 x17:ffffffe5
20531800ns          345593 1c008192 0046230b p.lw             x6, 4(x12!)          x6=ffffebd4 x12=1000061c x12:10000618  PA:10000618
20531820ns          345594 1c008196 2078788b p.lw             x17, x7(x16!)       x17=ffffffdd x16=100002d4  x7:00000020 x16:100002b4  PA:100002b4
20531859ns          345596 1c00819a 43130733 p.mac            x14, x6, x17        x14=0006de07 x14:00041c03  x6:ffffebd4 x17:ffffffdd
20531879ns          345597 1c008192 0046230b p.lw             x6, 4(x12!)          x6=ffffeb27 x12=10000620 x12:1000061c  PA:1000061c
20531899ns          345598 1c008196 2078788b p.lw             x17, x7(x16!)       x17=ffffffd5 x16=100002f4  x7:00000020 x16:100002d4  PA:100002d4
20531939ns          345600 1c00819a 43130733 p.mac            x14, x6, x17        x14=000a5e7a x14:0006de07  x6:ffffeb27 x17:ffffffd5
20531959ns          345601 1c008192 0046230b p.lw             x6, 4(x12!)          x6=ffffea7a x12=10000624 x12:10000620  PA:10000620
20531979ns          345602 1c008196 2078788b p.lw             x17, x7(x16!)       x17=ffffffcd x16=10000314  x7:00000020 x16:100002f4  PA:100002f4
20532019ns          345604 1c00819a 43130733 p.mac            x14, x6, x17        x14=000ea82c x14:000a5e7a  x6:ffffea7a x17:ffffffcd
20532038ns          345605 1c00819e 00ef222b p.sw             x14, 4(x30!)        x30=10000518 x14:000ea82c x30:10000514  PA:10000514
20532058ns          345606 1c0081a2 004e8e93 addi             x29, x29, 4         x29=10000218 x29:10000214
20532098ns          345608 1c00817e 40af87b3 sub              x15, x31, x10       x15=00000020 x31:10000624 x10:10000604
20532118ns          345609 1c008182 ffc78793 addi             x15, x15, -4        x15=0000001c x15:00000020
20532138ns          345610 1c008184 0027d793 srli             x15, x15, 0x2       x15=00000007 x15:0000001c
20532158ns          345611 1c008186 01d00833 add              x16, x0, x29        x16=10000218 x29:10000218
20532178ns          345612 1c008188 00a00633 add              x12, x0, x10        x12=10000604 x10:10000604
20532198ns          345613 1c00818a 00000713 addi             x14, x0, 0          x14=00000000
20532217ns          345614 1c00818c 00178793 addi             x15, x15, 1         x15=00000008 x15:00000007
20532237ns          345615 1c00818e 0067c0fb lp.setup         0x1, x15, 0x6       x15:00000008
20532257ns          345616 1c008192 0046230b p.lw             x6, 4(x12!)          x6=ffffef35 x12=10000608 x12:10000604  PA:10000604
20532277ns          345617 1c008196 2078788b p.lw             x17, x7(x16!)       x17=00000004 x16=10000238  x7:00000020 x16:10000218  PA:10000218
20532317ns          345619 1c00819a 43130733 p.mac            x14, x6, x17        x14=ffffbcd4 x14:00000000  x6:ffffef35 x17:00000004
20532337ns          345620 1c008192 0046230b p.lw             x6, 4(x12!)          x6=ffffee88 x12=1000060c x12:10000608  PA:10000608
20532357ns          345621 1c008196 2078788b p.lw             x17, x7(x16!)       x17=fffffffc x16=10000258  x7:00000020 x16:10000238  PA:10000238
20532397ns          345623 1c00819a 43130733 p.mac            x14, x6, x17        x14=000002b4 x14:ffffbcd4  x6:ffffee88 x17:fffffffc
20532416ns          345624 1c008192 0046230b p.lw             x6, 4(x12!)          x6=ffffeddb x12=10000610 x12:1000060c  PA:1000060c
20532436ns          345625 1c008196 2078788b p.lw             x17, x7(x16!)       x17=fffffff4 x16=10000278  x7:00000020 x16:10000258  PA:10000258
20532476ns          345627 1c00819a 43130733 p.mac            x14, x6, x17        x14=0000dc70 x14:000002b4  x6:ffffeddb x17:fffffff4
20532496ns          345628 1c008192 0046230b p.lw             x6, 4(x12!)          x6=ffffed2e x12=10000614 x12:10000610  PA:10000610
20532516ns          345629 1c008196 2078788b p.lw             x17, x7(x16!)       x17=ffffffec x16=10000298  x7:00000020 x16:10000278  PA:10000278
20532556ns          345631 1c00819a 43130733 p.mac            x14, x6, x17        x14=000254d8 x14:0000dc70  x6:ffffed2e x17:ffffffec
20532576ns          345632 1c008192 0046230b p.lw             x6, 4(x12!)          x6=ffffec81 x12=10000618 x12:10000614  PA:10000614
20532595ns          345633 1c008196 2078788b p.lw             x17, x7(x16!)       x17=ffffffe4 x16=100002b8  x7:00000020 x16:10000298  PA:10000298
20532635ns          345635 1c00819a 43130733 p.mac            x14, x6, x17        x14=000476bc x14:000254d8  x6:ffffec81 x17:ffffffe4
20532655ns          345636 1c008192 0046230b p.lw             x6, 4(x12!)          x6=ffffebd4 x12=1000061c x12:10000618  PA:10000618
20532675ns          345637 1c008196 2078788b p.lw             x17, x7(x16!)       x17=ffffffdc x16=100002d8  x7:00000020 x16:100002b8  PA:100002b8
20532715ns          345639 1c00819a 43130733 p.mac            x14, x6, x17        x14=00074cec x14:000476bc  x6:ffffebd4 x17:ffffffdc
20532735ns          345640 1c008192 0046230b p.lw             x6, 4(x12!)          x6=ffffeb27 x12=10000620 x12:1000061c  PA:1000061c
20532755ns          345641 1c008196 2078788b p.lw             x17, x7(x16!)       x17=ffffffd4 x16=100002f8  x7:00000020 x16:100002d8  PA:100002d8
20532794ns          345643 1c00819a 43130733 p.mac            x14, x6, x17        x14=000ae238 x14:00074cec  x6:ffffeb27 x17:ffffffd4
20532814ns          345644 1c008192 0046230b p.lw             x6, 4(x12!)          x6=ffffea7a x12=10000624 x12:10000620  PA:10000620
20532834ns          345645 1c008196 2078788b p.lw             x17, x7(x16!)       x17=ffffffcc x16=10000318  x7:00000020 x16:100002f8  PA:100002f8
20532874ns          345647 1c00819a 43130733 p.mac            x14, x6, x17        x14=000f4170 x14:000ae238  x6:ffffea7a x17:ffffffcc
20532894ns          345648 1c00819e 00ef222b p.sw             x14, 4(x30!)        x30=1000051c x14:000f4170 x30:10000518  PA:10000518
20532914ns          345649 1c0081a2 004e8e93 addi             x29, x29, 4         x29=1000021c x29:10000218
20532953ns          345651 1c00817e 40af87b3 sub              x15, x31, x10       x15=00000020 x31:10000624 x10:10000604
20532973ns          345652 1c008182 ffc78793 addi             x15, x15, -4        x15=0000001c x15:00000020
20532993ns          345653 1c008184 0027d793 srli             x15, x15, 0x2       x15=00000007 x15:0000001c
20533013ns          345654 1c008186 01d00833 add              x16, x0, x29        x16=1000021c x29:1000021c
20533033ns          345655 1c008188 00a00633 add              x12, x0, x10        x12=10000604 x10:10000604
20533053ns          345656 1c00818a 00000713 addi             x14, x0, 0          x14=00000000
20533073ns          345657 1c00818c 00178793 addi             x15, x15, 1         x15=00000008 x15:00000007
20533093ns          345658 1c00818e 0067c0fb lp.setup         0x1, x15, 0x6       x15:00000008
20533113ns          345659 1c008192 0046230b p.lw             x6, 4(x12!)          x6=ffffef35 x12=10000608 x12:10000604  PA:10000604
20533132ns          345660 1c008196 2078788b p.lw             x17, x7(x16!)       x17=00000003 x16=1000023c  x7:00000020 x16:1000021c  PA:1000021c
20533172ns          345662 1c00819a 43130733 p.mac            x14, x6, x17        x14=ffffcd9f x14:00000000  x6:ffffef35 x17:00000003
20533192ns          345663 1c008192 0046230b p.lw             x6, 4(x12!)          x6=ffffee88 x12=1000060c x12:10000608  PA:10000608
20533212ns          345664 1c008196 2078788b p.lw             x17, x7(x16!)       x17=fffffffb x16=1000025c  x7:00000020 x16:1000023c  PA:1000023c
20533252ns          345666 1c00819a 43130733 p.mac            x14, x6, x17        x14=000024f7 x14:ffffcd9f  x6:ffffee88 x17:fffffffb
20533272ns          345667 1c008192 0046230b p.lw             x6, 4(x12!)          x6=ffffeddb x12=10000610 x12:1000060c  PA:1000060c
20533292ns          345668 1c008196 2078788b p.lw             x17, x7(x16!)       x17=fffffff3 x16=1000027c  x7:00000020 x16:1000025c  PA:1000025c
20533331ns          345670 1c00819a 43130733 p.mac            x14, x6, x17        x14=000110d8 x14:000024f7  x6:ffffeddb x17:fffffff3
20533351ns          345671 1c008192 0046230b p.lw             x6, 4(x12!)          x6=ffffed2e x12=10000614 x12:10000610  PA:10000610
20533371ns          345672 1c008196 2078788b p.lw             x17, x7(x16!)       x17=ffffffeb x16=1000029c  x7:00000020 x16:1000027c  PA:1000027c
20533411ns          345674 1c00819a 43130733 p.mac            x14, x6, x17        x14=00029c12 x14:000110d8  x6:ffffed2e x17:ffffffeb
20533431ns          345675 1c008192 0046230b p.lw             x6, 4(x12!)          x6=ffffec81 x12=10000618 x12:10000614  PA:10000614
20533451ns          345676 1c008196 2078788b p.lw             x17, x7(x16!)       x17=ffffffe3 x16=100002bc  x7:00000020 x16:1000029c  PA:1000029c
20533490ns          345678 1c00819a 43130733 p.mac            x14, x6, x17        x14=0004d175 x14:00029c12  x6:ffffec81 x17:ffffffe3
20533510ns          345679 1c008192 0046230b p.lw             x6, 4(x12!)          x6=ffffebd4 x12=1000061c x12:10000618  PA:10000618
20533530ns          345680 1c008196 2078788b p.lw             x17, x7(x16!)       x17=ffffffdb x16=100002dc  x7:00000020 x16:100002bc  PA:100002bc
20533570ns          345682 1c00819a 43130733 p.mac            x14, x6, x17        x14=0007bbd1 x14:0004d175  x6:ffffebd4 x17:ffffffdb
20533590ns          345683 1c008192 0046230b p.lw             x6, 4(x12!)          x6=ffffeb27 x12=10000620 x12:1000061c  PA:1000061c
20533610ns          345684 1c008196 2078788b p.lw             x17, x7(x16!)       x17=ffffffd3 x16=100002fc  x7:00000020 x16:100002dc  PA:100002dc
20533650ns          345686 1c00819a 43130733 p.mac            x14, x6, x17        x14=000b65f6 x14:0007bbd1  x6:ffffeb27 x17:ffffffd3
20533670ns          345687 1c008192 0046230b p.lw             x6, 4(x12!)          x6=ffffea7a x12=10000624 x12:10000620  PA:10000620
20533689ns          345688 1c008196 2078788b p.lw             x17, x7(x16!)       x17=ffffffcb x16=1000031c  x7:00000020 x16:100002fc  PA:100002fc
20533749ns          345691 1c00819a 43130733 p.mac            x14, x6, x17        x14=000fdab4 x14:000b65f6  x6:ffffea7a x17:ffffffcb
20533769ns          345692 1c00819e 00ef222b p.sw             x14, 4(x30!)        x30=10000520 x14:000fdab4 x30:1000051c  PA:1000051c
20533789ns          345693 1c0081a2 004e8e93 addi             x29, x29, 4         x29=10000220 x29:1000021c
20533829ns          345695 1c00817e 40af87b3 sub              x15, x31, x10       x15=00000020 x31:10000624 x10:10000604
20533849ns          345696 1c008182 ffc78793 addi             x15, x15, -4        x15=0000001c x15:00000020
20533868ns          345697 1c008184 0027d793 srli             x15, x15, 0x2       x15=00000007 x15:0000001c
20533888ns          345698 1c008186 01d00833 add              x16, x0, x29        x16=10000220 x29:10000220
20533908ns          345699 1c008188 00a00633 add              x12, x0, x10        x12=10000604 x10:10000604
20533928ns          345700 1c00818a 00000713 addi             x14, x0, 0          x14=00000000
20533948ns          345701 1c00818c 00178793 addi             x15, x15, 1         x15=00000008 x15:00000007
20533968ns          345702 1c00818e 0067c0fb lp.setup         0x1, x15, 0x6       x15:00000008
20533988ns          345703 1c008192 0046230b p.lw             x6, 4(x12!)          x6=ffffef35 x12=10000608 x12:10000604  PA:10000604
20534008ns          345704 1c008196 2078788b p.lw             x17, x7(x16!)       x17=00000002 x16=10000240  x7:00000020 x16:10000220  PA:10000220
20534047ns          345706 1c00819a 43130733 p.mac            x14, x6, x17        x14=ffffde6a x14:00000000  x6:ffffef35 x17:00000002
20534067ns          345707 1c008192 0046230b p.lw             x6, 4(x12!)          x6=ffffee88 x12=1000060c x12:10000608  PA:10000608
20534087ns          345708 1c008196 2078788b p.lw             x17, x7(x16!)       x17=fffffffa x16=10000260  x7:00000020 x16:10000240  PA:10000240
20534127ns          345710 1c00819a 43130733 p.mac            x14, x6, x17        x14=0000473a x14:ffffde6a  x6:ffffee88 x17:fffffffa
20534147ns          345711 1c008192 0046230b p.lw             x6, 4(x12!)          x6=ffffeddb x12=10000610 x12:1000060c  PA:1000060c
20534167ns          345712 1c008196 2078788b p.lw             x17, x7(x16!)       x17=fffffff2 x16=10000280  x7:00000020 x16:10000260  PA:10000260
20534207ns          345714 1c00819a 43130733 p.mac            x14, x6, x17        x14=00014540 x14:0000473a  x6:ffffeddb x17:fffffff2
20534226ns          345715 1c008192 0046230b p.lw             x6, 4(x12!)          x6=ffffed2e x12=10000614 x12:10000610  PA:10000610
20534246ns          345716 1c008196 2078788b p.lw             x17, x7(x16!)       x17=ffffffea x16=100002a0  x7:00000020 x16:10000280  PA:10000280
20534286ns          345718 1c00819a 43130733 p.mac            x14, x6, x17        x14=0002e34c x14:00014540  x6:ffffed2e x17:ffffffea
20534306ns          345719 1c008192 0046230b p.lw             x6, 4(x12!)          x6=ffffec81 x12=10000618 x12:10000614  PA:10000614
20534326ns          345720 1c008196 2078788b p.lw             x17, x7(x16!)       x17=ffffffe2 x16=100002c0  x7:00000020 x16:100002a0  PA:100002a0
20534366ns          345722 1c00819a 43130733 p.mac            x14, x6, x17        x14=00052c2e x14:0002e34c  x6:ffffec81 x17:ffffffe2
20534386ns          345723 1c008192 0046230b p.lw             x6, 4(x12!)          x6=ffffebd4 x12=1000061c x12:10000618  PA:10000618
20534405ns          345724 1c008196 2078788b p.lw             x17, x7(x16!)       x17=ffffffda x16=100002e0  x7:00000020 x16:100002c0  PA:100002c0
20534445ns          345726 1c00819a 43130733 p.mac            x14, x6, x17        x14=00082ab6 x14:00052c2e  x6:ffffebd4 x17:ffffffda
20534465ns          345727 1c008192 0046230b p.lw             x6, 4(x12!)          x6=ffffeb27 x12=10000620 x12:1000061c  PA:1000061c
20534485ns          345728 1c008196 2078788b p.lw             x17, x7(x16!)       x17=ffffffd2 x16=10000300  x7:00000020 x16:100002e0  PA:100002e0
20534525ns          345730 1c00819a 43130733 p.mac            x14, x6, x17        x14=000be9b4 x14:00082ab6  x6:ffffeb27 x17:ffffffd2
20534545ns          345731 1c008192 0046230b p.lw             x6, 4(x12!)          x6=ffffea7a x12=10000624 x12:10000620  PA:10000620
20534565ns          345732 1c008196 2078788b p.lw             x17, x7(x16!)       x17=ffffffca x16=10000320  x7:00000020 x16:10000300  PA:10000300
20534604ns          345734 1c00819a 43130733 p.mac            x14, x6, x17        x14=001073f8 x14:000be9b4  x6:ffffea7a x17:ffffffca
20534624ns          345735 1c00819e 00ef222b p.sw             x14, 4(x30!)        x30=10000524 x14:001073f8 x30:10000520  PA:10000520
20534644ns          345736 1c0081a2 004e8e93 addi             x29, x29, 4         x29=10000224 x29:10000220
20534664ns          345737 1c0081a4 00128293 addi             x5, x5, 1            x5=00000001  x5:00000000
20534684ns          345738 1c0081a6 00750533 add              x10, x10, x7        x10=10000624 x10:10000604  x7:00000020
20534704ns          345739 1c0081a8 007f8fb3 add              x31, x31, x7        x31=10000644 x31:10000624  x7:00000020
20534724ns          345740 1c0081aa fa569fe3 bne              x13, x5, -66        x13:00000008  x5:00000001
20534783ns          345743 1c008168 40b48e33 sub              x28, x9, x11        x28=00000020  x9:10000224 x11:10000204
20534803ns          345744 1c00816c ffce0e13 addi             x28, x28, -4        x28=0000001c x28:00000020
20534823ns          345745 1c00816e 002e5e13 srli             x28, x28, 0x2       x28=00000007 x28:0000001c
20534843ns          345746 1c008172 008f8f33 add              x30, x31, x8        x30=10000524 x31:10000644  x8:fffffee0
20534863ns          345747 1c008176 00b00eb3 add              x29, x0, x11        x29=10000204 x11:10000204
20534883ns          345748 1c008178 001e0e13 addi             x28, x28, 1         x28=00000008 x28:00000007
20534903ns          345749 1c00817a 014e407b lp.setup         0x0, x28, 0x14      x28:00000008
20534923ns          345750 1c00817e 40af87b3 sub              x15, x31, x10       x15=00000020 x31:10000644 x10:10000624
20534943ns          345751 1c008182 ffc78793 addi             x15, x15, -4        x15=0000001c x15:00000020
20534962ns          345752 1c008184 0027d793 srli             x15, x15, 0x2       x15=00000007 x15:0000001c
20534982ns          345753 1c008186 01d00833 add              x16, x0, x29        x16=10000204 x29:10000204
20535002ns          345754 1c008188 00a00633 add              x12, x0, x10        x12=10000624 x10:10000624
20535022ns          345755 1c00818a 00000713 addi             x14, x0, 0          x14=00000000
20535042ns          345756 1c00818c 00178793 addi             x15, x15, 1         x15=00000008 x15:00000007
20535062ns          345757 1c00818e 0067c0fb lp.setup         0x1, x15, 0x6       x15:00000008
20535082ns          345758 1c008192 0046230b p.lw             x6, 4(x12!)          x6=fffff5ed x12=10000628 x12:10000624  PA:10000624
20535102ns          345759 1c008196 2078788b p.lw             x17, x7(x16!)       x17=00000009 x16=10000224  x7:00000020 x16:10000204  PA:10000204
20535141ns          345761 1c00819a 43130733 p.mac            x14, x6, x17        x14=ffffa555 x14:00000000  x6:fffff5ed x17:00000009
20535161ns          345762 1c008192 0046230b p.lw             x6, 4(x12!)          x6=fffff580 x12=1000062c x12:10000628  PA:10000628
20535181ns          345763 1c008196 2078788b p.lw             x17, x7(x16!)       x17=00000001 x16=10000244  x7:00000020 x16:10000224  PA:10000224
20535221ns          345765 1c00819a 43130733 p.mac            x14, x6, x17        x14=ffff9ad5 x14:ffffa555  x6:fffff580 x17:00000001
20535241ns          345766 1c008192 0046230b p.lw             x6, 4(x12!)          x6=fffff513 x12=10000630 x12:1000062c  PA:1000062c
20535261ns          345767 1c008196 2078788b p.lw             x17, x7(x16!)       x17=fffffff9 x16=10000264  x7:00000020 x16:10000244  PA:10000244
20535301ns          345769 1c00819a 43130733 p.mac            x14, x6, x17        x14=ffffe750 x14:ffff9ad5  x6:fffff513 x17:fffffff9
20535320ns          345770 1c008192 0046230b p.lw             x6, 4(x12!)          x6=fffff4a6 x12=10000634 x12:10000630  PA:10000630
20535340ns          345771 1c008196 2078788b p.lw             x17, x7(x16!)       x17=fffffff1 x16=10000284  x7:00000020 x16:10000264  PA:10000264
20535380ns          345773 1c00819a 43130733 p.mac            x14, x6, x17        x14=00009196 x14:ffffe750  x6:fffff4a6 x17:fffffff1
20535400ns          345774 1c008192 0046230b p.lw             x6, 4(x12!)          x6=fffff439 x12=10000638 x12:10000634  PA:10000634
20535420ns          345775 1c008196 2078788b p.lw             x17, x7(x16!)       x17=ffffffe9 x16=100002a4  x7:00000020 x16:10000284  PA:10000284
20535460ns          345777 1c00819a 43130733 p.mac            x14, x6, x17        x14=0001a077 x14:00009196  x6:fffff439 x17:ffffffe9
20535480ns          345778 1c008192 0046230b p.lw             x6, 4(x12!)          x6=fffff3cc x12=1000063c x12:10000638  PA:10000638
20535499ns          345779 1c008196 2078788b p.lw             x17, x7(x16!)       x17=ffffffe1 x16=100002c4  x7:00000020 x16:100002a4  PA:100002a4
20535539ns          345781 1c00819a 43130733 p.mac            x14, x6, x17        x14=00031ac3 x14:0001a077  x6:fffff3cc x17:ffffffe1
20535559ns          345782 1c008192 0046230b p.lw             x6, 4(x12!)          x6=fffff35f x12=10000640 x12:1000063c  PA:1000063c
20535579ns          345783 1c008196 2078788b p.lw             x17, x7(x16!)       x17=ffffffd9 x16=100002e4  x7:00000020 x16:100002c4  PA:100002c4
20535639ns          345786 1c00819a 43130733 p.mac            x14, x6, x17        x14=0005074a x14:00031ac3  x6:fffff35f x17:ffffffd9
20535659ns          345787 1c008192 0046230b p.lw             x6, 4(x12!)          x6=fffff2f2 x12=10000644 x12:10000640  PA:10000640
20535678ns          345788 1c008196 2078788b p.lw             x17, x7(x16!)       x17=ffffffd1 x16=10000304  x7:00000020 x16:100002e4  PA:100002e4
20535718ns          345790 1c00819a 43130733 p.mac            x14, x6, x17        x14=00076cdc x14:0005074a  x6:fffff2f2 x17:ffffffd1
20535738ns          345791 1c00819e 00ef222b p.sw             x14, 4(x30!)        x30=10000528 x14:00076cdc x30:10000524  PA:10000524
20535758ns          345792 1c0081a2 004e8e93 addi             x29, x29, 4         x29=10000208 x29:10000204
20535798ns          345794 1c00817e 40af87b3 sub              x15, x31, x10       x15=00000020 x31:10000644 x10:10000624
20535818ns          345795 1c008182 ffc78793 addi             x15, x15, -4        x15=0000001c x15:00000020
20535838ns          345796 1c008184 0027d793 srli             x15, x15, 0x2       x15=00000007 x15:0000001c
20535857ns          345797 1c008186 01d00833 add              x16, x0, x29        x16=10000208 x29:10000208
20535877ns          345798 1c008188 00a00633 add              x12, x0, x10        x12=10000624 x10:10000624
20535897ns          345799 1c00818a 00000713 addi             x14, x0, 0          x14=00000000
20535917ns          345800 1c00818c 00178793 addi             x15, x15, 1         x15=00000008 x15:00000007
20535937ns          345801 1c00818e 0067c0fb lp.setup         0x1, x15, 0x6       x15:00000008
20535957ns          345802 1c008192 0046230b p.lw             x6, 4(x12!)          x6=fffff5ed x12=10000628 x12:10000624  PA:10000624
20535977ns          345803 1c008196 2078788b p.lw             x17, x7(x16!)       x17=00000008 x16=10000228  x7:00000020 x16:10000208  PA:10000208
20536017ns          345805 1c00819a 43130733 p.mac            x14, x6, x17        x14=ffffaf68 x14:00000000  x6:fffff5ed x17:00000008
20536037ns          345806 1c008192 0046230b p.lw             x6, 4(x12!)          x6=fffff580 x12=1000062c x12:10000628  PA:10000628
20536056ns          345807 1c008196 2078788b p.lw             x17, x7(x16!)       x17=00000000 x16=10000248  x7:00000020 x16:10000228  PA:10000228
20536096ns          345809 1c00819a 43130733 p.mac            x14, x6, x17        x14=ffffaf68 x14:ffffaf68  x6:fffff580 x17:00000000
20536116ns          345810 1c008192 0046230b p.lw             x6, 4(x12!)          x6=fffff513 x12=10000630 x12:1000062c  PA:1000062c
20536136ns          345811 1c008196 2078788b p.lw             x17, x7(x16!)       x17=fffffff8 x16=10000268  x7:00000020 x16:10000248  PA:10000248
20536176ns          345813 1c00819a 43130733 p.mac            x14, x6, x17        x14=000006d0 x14:ffffaf68  x6:fffff513 x17:fffffff8
20536196ns          345814 1c008192 0046230b p.lw             x6, 4(x12!)          x6=fffff4a6 x12=10000634 x12:10000630  PA:10000630
20536216ns          345815 1c008196 2078788b p.lw             x17, x7(x16!)       x17=fffffff0 x16=10000288  x7:00000020 x16:10000268  PA:10000268
20536255ns          345817 1c00819a 43130733 p.mac            x14, x6, x17        x14=0000bc70 x14:000006d0  x6:fffff4a6 x17:fffffff0
20536275ns          345818 1c008192 0046230b p.lw             x6, 4(x12!)          x6=fffff439 x12=10000638 x12:10000634  PA:10000634
20536295ns          345819 1c008196 2078788b p.lw             x17, x7(x16!)       x17=ffffffe8 x16=100002a8  x7:00000020 x16:10000288  PA:10000288
20536335ns          345821 1c00819a 43130733 p.mac            x14, x6, x17        x14=0001d718 x14:0000bc70  x6:fffff439 x17:ffffffe8
20536355ns          345822 1c008192 0046230b p.lw             x6, 4(x12!)          x6=fffff3cc x12=1000063c x12:10000638  PA:10000638
20536375ns          345823 1c008196 2078788b p.lw             x17, x7(x16!)       x17=ffffffe0 x16=100002c8  x7:00000020 x16:100002a8  PA:100002a8
20536414ns          345825 1c00819a 43130733 p.mac            x14, x6, x17        x14=00035d98 x14:0001d718  x6:fffff3cc x17:ffffffe0
20536434ns          345826 1c008192 0046230b p.lw             x6, 4(x12!)          x6=fffff35f x12=10000640 x12:1000063c  PA:1000063c
20536454ns          345827 1c008196 2078788b p.lw             x17, x7(x16!)       x17=ffffffd8 x16=100002e8  x7:00000020 x16:100002c8  PA:100002c8
20536494ns          345829 1c00819a 43130733 p.mac            x14, x6, x17        x14=000556c0 x14:00035d98  x6:fffff35f x17:ffffffd8
20536514ns          345830 1c008192 0046230b p.lw             x6, 4(x12!)          x6=fffff2f2 x12=10000644 x12:10000640  PA:10000640
20536534ns          345831 1c008196 2078788b p.lw             x17, x7(x16!)       x17=ffffffd0 x16=10000308  x7:00000020 x16:100002e8  PA:100002e8
20536574ns          345833 1c00819a 43130733 p.mac            x14, x6, x17        x14=0007c960 x14:000556c0  x6:fffff2f2 x17:ffffffd0
20536593ns          345834 1c00819e 00ef222b p.sw             x14, 4(x30!)        x30=1000052c x14:0007c960 x30:10000528  PA:10000528
20536613ns          345835 1c0081a2 004e8e93 addi             x29, x29, 4         x29=1000020c x29:10000208
20536653ns          345837 1c00817e 40af87b3 sub              x15, x31, x10       x15=00000020 x31:10000644 x10:10000624
20536673ns          345838 1c008182 ffc78793 addi             x15, x15, -4        x15=0000001c x15:00000020
20536693ns          345839 1c008184 0027d793 srli             x15, x15, 0x2       x15=00000007 x15:0000001c
20536713ns          345840 1c008186 01d00833 add              x16, x0, x29        x16=1000020c x29:1000020c
20536733ns          345841 1c008188 00a00633 add              x12, x0, x10        x12=10000624 x10:10000624
20536753ns          345842 1c00818a 00000713 addi             x14, x0, 0          x14=00000000
20536772ns          345843 1c00818c 00178793 addi             x15, x15, 1         x15=00000008 x15:00000007
20536792ns          345844 1c00818e 0067c0fb lp.setup         0x1, x15, 0x6       x15:00000008
20536812ns          345845 1c008192 0046230b p.lw             x6, 4(x12!)          x6=fffff5ed x12=10000628 x12:10000624  PA:10000624
20536832ns          345846 1c008196 2078788b p.lw             x17, x7(x16!)       x17=00000007 x16=1000022c  x7:00000020 x16:1000020c  PA:1000020c
20536872ns          345848 1c00819a 43130733 p.mac            x14, x6, x17        x14=ffffb97b x14:00000000  x6:fffff5ed x17:00000007
20536892ns          345849 1c008192 0046230b p.lw             x6, 4(x12!)          x6=fffff580 x12=1000062c x12:10000628  PA:10000628
20536932ns          345851 1c008196 2078788b p.lw             x17, x7(x16!)       x17=ffffffff x16=1000024c  x7:00000020 x16:1000022c  PA:1000022c
20536971ns          345853 1c00819a 43130733 p.mac            x14, x6, x17        x14=ffffc3fb x14:ffffb97b  x6:fffff580 x17:ffffffff
20536991ns          345854 1c008192 0046230b p.lw             x6, 4(x12!)          x6=fffff513 x12=10000630 x12:1000062c  PA:1000062c
20537011ns          345855 1c008196 2078788b p.lw             x17, x7(x16!)       x17=fffffff7 x16=1000026c  x7:00000020 x16:1000024c  PA:1000024c
20537051ns          345857 1c00819a 43130733 p.mac            x14, x6, x17        x14=00002650 x14:ffffc3fb  x6:fffff513 x17:fffffff7
20537071ns          345858 1c008192 0046230b p.lw             x6, 4(x12!)          x6=fffff4a6 x12=10000634 x12:10000630  PA:10000630
20537091ns          345859 1c008196 2078788b p.lw             x17, x7(x16!)       x17=ffffffef x16=1000028c  x7:00000020 x16:1000026c  PA:1000026c
20537131ns          345861 1c00819a 43130733 p.mac            x14, x6, x17        x14=0000e74a x14:00002650  x6:fffff4a6 x17:ffffffef
20537150ns          345862 1c008192 0046230b p.lw             x6, 4(x12!)          x6=fffff439 x12=10000638 x12:10000634  PA:10000634
20537170ns          345863 1c008196 2078788b p.lw             x17, x7(x16!)       x17=ffffffe7 x16=100002ac  x7:00000020 x16:1000028c  PA:1000028c
20537210ns          345865 1c00819a 43130733 p.mac            x14, x6, x17        x14=00020db9 x14:0000e74a  x6:fffff439 x17:ffffffe7
20537230ns          345866 1c008192 0046230b p.lw             x6, 4(x12!)          x6=fffff3cc x12=1000063c x12:10000638  PA:10000638
20537250ns          345867 1c008196 2078788b p.lw             x17, x7(x16!)       x17=ffffffdf x16=100002cc  x7:00000020 x16:100002ac  PA:100002ac
20537290ns          345869 1c00819a 43130733 p.mac            x14, x6, x17        x14=0003a06d x14:00020db9  x6:fffff3cc x17:ffffffdf
20537310ns          345870 1c008192 0046230b p.lw             x6, 4(x12!)          x6=fffff35f x12=10000640 x12:1000063c  PA:1000063c
20537329ns          345871 1c008196 2078788b p.lw             x17, x7(x16!)       x17=ffffffd7 x16=100002ec  x7:00000020 x16:100002cc  PA:100002cc
20537369ns          345873 1c00819a 43130733 p.mac            x14, x6, x17        x14=0005a636 x14:0003a06d  x6:fffff35f x17:ffffffd7
20537389ns          345874 1c008192 0046230b p.lw             x6, 4(x12!)          x6=fffff2f2 x12=10000644 x12:10000640  PA:10000640
20537409ns          345875 1c008196 2078788b p.lw             x17, x7(x16!)       x17=ffffffcf x16=1000030c  x7:00000020 x16:100002ec  PA:100002ec
20537449ns          345877 1c00819a 43130733 p.mac            x14, x6, x17        x14=000825e4 x14:0005a636  x6:fffff2f2 x17:ffffffcf
20537469ns          345878 1c00819e 00ef222b p.sw             x14, 4(x30!)        x30=10000530 x14:000825e4 x30:1000052c  PA:1000052c
20537489ns          345879 1c0081a2 004e8e93 addi             x29, x29, 4         x29=10000210 x29:1000020c
20537528ns          345881 1c00817e 40af87b3 sub              x15, x31, x10       x15=00000020 x31:10000644 x10:10000624
20537548ns          345882 1c008182 ffc78793 addi             x15, x15, -4        x15=0000001c x15:00000020
20537568ns          345883 1c008184 0027d793 srli             x15, x15, 0x2       x15=00000007 x15:0000001c
20537588ns          345884 1c008186 01d00833 add              x16, x0, x29        x16=10000210 x29:10000210
20537608ns          345885 1c008188 00a00633 add              x12, x0, x10        x12=10000624 x10:10000624
20537628ns          345886 1c00818a 00000713 addi             x14, x0, 0          x14=00000000
20537648ns          345887 1c00818c 00178793 addi             x15, x15, 1         x15=00000008 x15:00000007
20537668ns          345888 1c00818e 0067c0fb lp.setup         0x1, x15, 0x6       x15:00000008
20537687ns          345889 1c008192 0046230b p.lw             x6, 4(x12!)          x6=fffff5ed x12=10000628 x12:10000624  PA:10000624
20537707ns          345890 1c008196 2078788b p.lw             x17, x7(x16!)       x17=00000006 x16=10000230  x7:00000020 x16:10000210  PA:10000210
20537747ns          345892 1c00819a 43130733 p.mac            x14, x6, x17        x14=ffffc38e x14:00000000  x6:fffff5ed x17:00000006
20537767ns          345893 1c008192 0046230b p.lw             x6, 4(x12!)          x6=fffff580 x12=1000062c x12:10000628  PA:10000628
20537787ns          345894 1c008196 2078788b p.lw             x17, x7(x16!)       x17=fffffffe x16=10000250  x7:00000020 x16:10000230  PA:10000230
20537827ns          345896 1c00819a 43130733 p.mac            x14, x6, x17        x14=ffffd88e x14:ffffc38e  x6:fffff580 x17:fffffffe
20537847ns          345897 1c008192 0046230b p.lw             x6, 4(x12!)          x6=fffff513 x12=10000630 x12:1000062c  PA:1000062c
20537866ns          345898 1c008196 2078788b p.lw             x17, x7(x16!)       x17=fffffff6 x16=10000270  x7:00000020 x16:10000250  PA:10000250
20537906ns          345900 1c00819a 43130733 p.mac            x14, x6, x17        x14=000045d0 x14:ffffd88e  x6:fffff513 x17:fffffff6
20537926ns          345901 1c008192 0046230b p.lw             x6, 4(x12!)          x6=fffff4a6 x12=10000634 x12:10000630  PA:10000630
20537946ns          345902 1c008196 2078788b p.lw             x17, x7(x16!)       x17=ffffffee x16=10000290  x7:00000020 x16:10000270  PA:10000270
20537986ns          345904 1c00819a 43130733 p.mac            x14, x6, x17        x14=00011224 x14:000045d0  x6:fffff4a6 x17:ffffffee
20538006ns          345905 1c008192 0046230b p.lw             x6, 4(x12!)          x6=fffff439 x12=10000638 x12:10000634  PA:10000634
20538026ns          345906 1c008196 2078788b p.lw             x17, x7(x16!)       x17=ffffffe6 x16=100002b0  x7:00000020 x16:10000290  PA:10000290
20538065ns          345908 1c00819a 43130733 p.mac            x14, x6, x17        x14=0002445a x14:00011224  x6:fffff439 x17:ffffffe6
20538085ns          345909 1c008192 0046230b p.lw             x6, 4(x12!)          x6=fffff3cc x12=1000063c x12:10000638  PA:10000638
20538105ns          345910 1c008196 2078788b p.lw             x17, x7(x16!)       x17=ffffffde x16=100002d0  x7:00000020 x16:100002b0  PA:100002b0
20538145ns          345912 1c00819a 43130733 p.mac            x14, x6, x17        x14=0003e342 x14:0002445a  x6:fffff3cc x17:ffffffde
20538165ns          345913 1c008192 0046230b p.lw             x6, 4(x12!)          x6=fffff35f x12=10000640 x12:1000063c  PA:1000063c
20538185ns          345914 1c008196 2078788b p.lw             x17, x7(x16!)       x17=ffffffd6 x16=100002f0  x7:00000020 x16:100002d0  PA:100002d0
20538224ns          345916 1c00819a 43130733 p.mac            x14, x6, x17        x14=0005f5ac x14:0003e342  x6:fffff35f x17:ffffffd6
20538244ns          345917 1c008192 0046230b p.lw             x6, 4(x12!)          x6=fffff2f2 x12=10000644 x12:10000640  PA:10000640
20538264ns          345918 1c008196 2078788b p.lw             x17, x7(x16!)       x17=ffffffce x16=10000310  x7:00000020 x16:100002f0  PA:100002f0
20538324ns          345921 1c00819a 43130733 p.mac            x14, x6, x17        x14=00088268 x14:0005f5ac  x6:fffff2f2 x17:ffffffce
20538344ns          345922 1c00819e 00ef222b p.sw             x14, 4(x30!)        x30=10000534 x14:00088268 x30:10000530  PA:10000530
20538364ns          345923 1c0081a2 004e8e93 addi             x29, x29, 4         x29=10000214 x29:10000210
20538404ns          345925 1c00817e 40af87b3 sub              x15, x31, x10       x15=00000020 x31:10000644 x10:10000624
20538423ns          345926 1c008182 ffc78793 addi             x15, x15, -4        x15=0000001c x15:00000020
20538443ns          345927 1c008184 0027d793 srli             x15, x15, 0x2       x15=00000007 x15:0000001c
20538463ns          345928 1c008186 01d00833 add              x16, x0, x29        x16=10000214 x29:10000214
20538483ns          345929 1c008188 00a00633 add              x12, x0, x10        x12=10000624 x10:10000624
20538503ns          345930 1c00818a 00000713 addi             x14, x0, 0          x14=00000000
20538523ns          345931 1c00818c 00178793 addi             x15, x15, 1         x15=00000008 x15:00000007
20538543ns          345932 1c00818e 0067c0fb lp.setup         0x1, x15, 0x6       x15:00000008
20538563ns          345933 1c008192 0046230b p.lw             x6, 4(x12!)          x6=fffff5ed x12=10000628 x12:10000624  PA:10000624
20538583ns          345934 1c008196 2078788b p.lw             x17, x7(x16!)       x17=00000005 x16=10000234  x7:00000020 x16:10000214  PA:10000214
20538622ns          345936 1c00819a 43130733 p.mac            x14, x6, x17        x14=ffffcda1 x14:00000000  x6:fffff5ed x17:00000005
20538642ns          345937 1c008192 0046230b p.lw             x6, 4(x12!)          x6=fffff580 x12=1000062c x12:10000628  PA:10000628
20538662ns          345938 1c008196 2078788b p.lw             x17, x7(x16!)       x17=fffffffd x16=10000254  x7:00000020 x16:10000234  PA:10000234
20538702ns          345940 1c00819a 43130733 p.mac            x14, x6, x17        x14=ffffed21 x14:ffffcda1  x6:fffff580 x17:fffffffd
20538722ns          345941 1c008192 0046230b p.lw             x6, 4(x12!)          x6=fffff513 x12=10000630 x12:1000062c  PA:1000062c
20538742ns          345942 1c008196 2078788b p.lw             x17, x7(x16!)       x17=fffffff5 x16=10000274  x7:00000020 x16:10000254  PA:10000254
20538781ns          345944 1c00819a 43130733 p.mac            x14, x6, x17        x14=00006550 x14:ffffed21  x6:fffff513 x17:fffffff5
20538801ns          345945 1c008192 0046230b p.lw             x6, 4(x12!)          x6=fffff4a6 x12=10000634 x12:10000630  PA:10000630
20538821ns          345946 1c008196 2078788b p.lw             x17, x7(x16!)       x17=ffffffed x16=10000294  x7:00000020 x16:10000274  PA:10000274
20538861ns          345948 1c00819a 43130733 p.mac            x14, x6, x17        x14=00013cfe x14:00006550  x6:fffff4a6 x17:ffffffed
20538881ns          345949 1c008192 0046230b p.lw             x6, 4(x12!)          x6=fffff439 x12=10000638 x12:10000634  PA:10000634
20538901ns          345950 1c008196 2078788b p.lw             x17, x7(x16!)       x17=ffffffe5 x16=100002b4  x7:00000020 x16:10000294  PA:10000294
20538941ns          345952 1c00819a 43130733 p.mac            x14, x6, x17        x14=00027afb x14:00013cfe  x6:fffff439 x17:ffffffe5
20538960ns          345953 1c008192 0046230b p.lw             x6, 4(x12!)          x6=fffff3cc x12=1000063c x12:10000638  PA:10000638
20538980ns          345954 1c008196 2078788b p.lw             x17, x7(x16!)       x17=ffffffdd x16=100002d4  x7:00000020 x16:100002b4  PA:100002b4
20539020ns          345956 1c00819a 43130733 p.mac            x14, x6, x17        x14=00042617 x14:00027afb  x6:fffff3cc x17:ffffffdd
20539040ns          345957 1c008192 0046230b p.lw             x6, 4(x12!)          x6=fffff35f x12=10000640 x12:1000063c  PA:1000063c
20539060ns          345958 1c008196 2078788b p.lw             x17, x7(x16!)       x17=ffffffd5 x16=100002f4  x7:00000020 x16:100002d4  PA:100002d4
20539100ns          345960 1c00819a 43130733 p.mac            x14, x6, x17        x14=00064522 x14:00042617  x6:fffff35f x17:ffffffd5
20539120ns          345961 1c008192 0046230b p.lw             x6, 4(x12!)          x6=fffff2f2 x12=10000644 x12:10000640  PA:10000640
20539139ns          345962 1c008196 2078788b p.lw             x17, x7(x16!)       x17=ffffffcd x16=10000314  x7:00000020 x16:100002f4  PA:100002f4
20539179ns          345964 1c00819a 43130733 p.mac            x14, x6, x17        x14=0008deec x14:00064522  x6:fffff2f2 x17:ffffffcd
20539199ns          345965 1c00819e 00ef222b p.sw             x14, 4(x30!)        x30=10000538 x14:0008deec x30:10000534  PA:10000534
20539219ns          345966 1c0081a2 004e8e93 addi             x29, x29, 4         x29=10000218 x29:10000214
20539259ns          345968 1c00817e 40af87b3 sub              x15, x31, x10       x15=00000020 x31:10000644 x10:10000624
20539279ns          345969 1c008182 ffc78793 addi             x15, x15, -4        x15=0000001c x15:00000020
20539299ns          345970 1c008184 0027d793 srli             x15, x15, 0x2       x15=00000007 x15:0000001c
20539318ns          345971 1c008186 01d00833 add              x16, x0, x29        x16=10000218 x29:10000218
20539338ns          345972 1c008188 00a00633 add              x12, x0, x10        x12=10000624 x10:10000624
20539358ns          345973 1c00818a 00000713 addi             x14, x0, 0          x14=00000000
20539378ns          345974 1c00818c 00178793 addi             x15, x15, 1         x15=00000008 x15:00000007
20539398ns          345975 1c00818e 0067c0fb lp.setup         0x1, x15, 0x6       x15:00000008
20539418ns          345976 1c008192 0046230b p.lw             x6, 4(x12!)          x6=fffff5ed x12=10000628 x12:10000624  PA:10000624
20539438ns          345977 1c008196 2078788b p.lw             x17, x7(x16!)       x17=00000004 x16=10000238  x7:00000020 x16:10000218  PA:10000218
20539478ns          345979 1c00819a 43130733 p.mac            x14, x6, x17        x14=ffffd7b4 x14:00000000  x6:fffff5ed x17:00000004
20539498ns          345980 1c008192 0046230b p.lw             x6, 4(x12!)          x6=fffff580 x12=1000062c x12:10000628  PA:10000628
20539517ns          345981 1c008196 2078788b p.lw             x17, x7(x16!)       x17=fffffffc x16=10000258  x7:00000020 x16:10000238  PA:10000238
20539557ns          345983 1c00819a 43130733 p.mac            x14, x6, x17        x14=000001b4 x14:ffffd7b4  x6:fffff580 x17:fffffffc
20539577ns          345984 1c008192 0046230b p.lw             x6, 4(x12!)          x6=fffff513 x12=10000630 x12:1000062c  PA:1000062c
20539597ns          345985 1c008196 2078788b p.lw             x17, x7(x16!)       x17=fffffff4 x16=10000278  x7:00000020 x16:10000258  PA:10000258
20539637ns          345987 1c00819a 43130733 p.mac            x14, x6, x17        x14=000084d0 x14:000001b4  x6:fffff513 x17:fffffff4
20539657ns          345988 1c008192 0046230b p.lw             x6, 4(x12!)          x6=fffff4a6 x12=10000634 x12:10000630  PA:10000630
20539677ns          345989 1c008196 2078788b p.lw             x17, x7(x16!)       x17=ffffffec x16=10000298  x7:00000020 x16:10000278  PA:10000278
20539716ns          345991 1c00819a 43130733 p.mac            x14, x6, x17        x14=000167d8 x14:000084d0  x6:fffff4a6 x17:ffffffec
20539736ns          345992 1c008192 0046230b p.lw             x6, 4(x12!)          x6=fffff439 x12=10000638 x12:10000634  PA:10000634
20539756ns          345993 1c008196 2078788b p.lw             x17, x7(x16!)       x17=ffffffe4 x16=100002b8  x7:00000020 x16:10000298  PA:10000298
20539796ns          345995 1c00819a 43130733 p.mac            x14, x6, x17        x14=0002b19c x14:000167d8  x6:fffff439 x17:ffffffe4
20539816ns          345996 1c008192 0046230b p.lw             x6, 4(x12!)          x6=fffff3cc x12=1000063c x12:10000638  PA:10000638
20539836ns          345997 1c008196 2078788b p.lw             x17, x7(x16!)       x17=ffffffdc x16=100002d8  x7:00000020 x16:100002b8  PA:100002b8
20539875ns          345999 1c00819a 43130733 p.mac            x14, x6, x17        x14=000468ec x14:0002b19c  x6:fffff3cc x17:ffffffdc
20539895ns          346000 1c008192 0046230b p.lw             x6, 4(x12!)          x6=fffff35f x12=10000640 x12:1000063c  PA:1000063c
20539915ns          346001 1c008196 2078788b p.lw             x17, x7(x16!)       x17=ffffffd4 x16=100002f8  x7:00000020 x16:100002d8  PA:100002d8
20539955ns          346003 1c00819a 43130733 p.mac            x14, x6, x17        x14=00069498 x14:000468ec  x6:fffff35f x17:ffffffd4
20539975ns          346004 1c008192 0046230b p.lw             x6, 4(x12!)          x6=fffff2f2 x12=10000644 x12:10000640  PA:10000640
20539995ns          346005 1c008196 2078788b p.lw             x17, x7(x16!)       x17=ffffffcc x16=10000318  x7:00000020 x16:100002f8  PA:100002f8
20540035ns          346007 1c00819a 43130733 p.mac            x14, x6, x17        x14=00093b70 x14:00069498  x6:fffff2f2 x17:ffffffcc
20540054ns          346008 1c00819e 00ef222b p.sw             x14, 4(x30!)        x30=1000053c x14:00093b70 x30:10000538  PA:10000538
20540074ns          346009 1c0081a2 004e8e93 addi             x29, x29, 4         x29=1000021c x29:10000218
20540114ns          346011 1c00817e 40af87b3 sub              x15, x31, x10       x15=00000020 x31:10000644 x10:10000624
20540134ns          346012 1c008182 ffc78793 addi             x15, x15, -4        x15=0000001c x15:00000020
20540154ns          346013 1c008184 0027d793 srli             x15, x15, 0x2       x15=00000007 x15:0000001c
20540174ns          346014 1c008186 01d00833 add              x16, x0, x29        x16=1000021c x29:1000021c
20540194ns          346015 1c008188 00a00633 add              x12, x0, x10        x12=10000624 x10:10000624
20540214ns          346016 1c00818a 00000713 addi             x14, x0, 0          x14=00000000
20540233ns          346017 1c00818c 00178793 addi             x15, x15, 1         x15=00000008 x15:00000007
20540253ns          346018 1c00818e 0067c0fb lp.setup         0x1, x15, 0x6       x15:00000008
20540273ns          346019 1c008192 0046230b p.lw             x6, 4(x12!)          x6=fffff5ed x12=10000628 x12:10000624  PA:10000624
20540293ns          346020 1c008196 2078788b p.lw             x17, x7(x16!)       x17=00000003 x16=1000023c  x7:00000020 x16:1000021c  PA:1000021c
20540333ns          346022 1c00819a 43130733 p.mac            x14, x6, x17        x14=ffffe1c7 x14:00000000  x6:fffff5ed x17:00000003
20540353ns          346023 1c008192 0046230b p.lw             x6, 4(x12!)          x6=fffff580 x12=1000062c x12:10000628  PA:10000628
20540373ns          346024 1c008196 2078788b p.lw             x17, x7(x16!)       x17=fffffffb x16=1000025c  x7:00000020 x16:1000023c  PA:1000023c
20540412ns          346026 1c00819a 43130733 p.mac            x14, x6, x17        x14=00001647 x14:ffffe1c7  x6:fffff580 x17:fffffffb
20540432ns          346027 1c008192 0046230b p.lw             x6, 4(x12!)          x6=fffff513 x12=10000630 x12:1000062c  PA:1000062c
20540452ns          346028 1c008196 2078788b p.lw             x17, x7(x16!)       x17=fffffff3 x16=1000027c  x7:00000020 x16:1000025c  PA:1000025c
20540492ns          346030 1c00819a 43130733 p.mac            x14, x6, x17        x14=0000a450 x14:00001647  x6:fffff513 x17:fffffff3
20540512ns          346031 1c008192 0046230b p.lw             x6, 4(x12!)          x6=fffff4a6 x12=10000634 x12:10000630  PA:10000630
20540532ns          346032 1c008196 2078788b p.lw             x17, x7(x16!)       x17=ffffffeb x16=1000029c  x7:00000020 x16:1000027c  PA:1000027c
20540572ns          346034 1c00819a 43130733 p.mac            x14, x6, x17        x14=000192b2 x14:0000a450  x6:fffff4a6 x17:ffffffeb
20540591ns          346035 1c008192 0046230b p.lw             x6, 4(x12!)          x6=fffff439 x12=10000638 x12:10000634  PA:10000634
20540611ns          346036 1c008196 2078788b p.lw             x17, x7(x16!)       x17=ffffffe3 x16=100002bc  x7:00000020 x16:1000029c  PA:1000029c
20540651ns          346038 1c00819a 43130733 p.mac            x14, x6, x17        x14=0002e83d x14:000192b2  x6:fffff439 x17:ffffffe3
20540671ns          346039 1c008192 0046230b p.lw             x6, 4(x12!)          x6=fffff3cc x12=1000063c x12:10000638  PA:10000638
20540691ns          346040 1c008196 2078788b p.lw             x17, x7(x16!)       x17=ffffffdb x16=100002dc  x7:00000020 x16:100002bc  PA:100002bc
20540731ns          346042 1c00819a 43130733 p.mac            x14, x6, x17        x14=0004abc1 x14:0002e83d  x6:fffff3cc x17:ffffffdb
20540751ns          346043 1c008192 0046230b p.lw             x6, 4(x12!)          x6=fffff35f x12=10000640 x12:1000063c  PA:1000063c
20540771ns          346044 1c008196 2078788b p.lw             x17, x7(x16!)       x17=ffffffd3 x16=100002fc  x7:00000020 x16:100002dc  PA:100002dc
20540810ns          346046 1c00819a 43130733 p.mac            x14, x6, x17        x14=0006e40e x14:0004abc1  x6:fffff35f x17:ffffffd3
20540830ns          346047 1c008192 0046230b p.lw             x6, 4(x12!)          x6=fffff2f2 x12=10000644 x12:10000640  PA:10000640
20540850ns          346048 1c008196 2078788b p.lw             x17, x7(x16!)       x17=ffffffcb x16=1000031c  x7:00000020 x16:100002fc  PA:100002fc
20540890ns          346050 1c00819a 43130733 p.mac            x14, x6, x17        x14=000997f4 x14:0006e40e  x6:fffff2f2 x17:ffffffcb
20540910ns          346051 1c00819e 00ef222b p.sw             x14, 4(x30!)        x30=10000540 x14:000997f4 x30:1000053c  PA:1000053c
20540930ns          346052 1c0081a2 004e8e93 addi             x29, x29, 4         x29=10000220 x29:1000021c
20540969ns          346054 1c00817e 40af87b3 sub              x15, x31, x10       x15=00000020 x31:10000644 x10:10000624
20540989ns          346055 1c008182 ffc78793 addi             x15, x15, -4        x15=0000001c x15:00000020
20541009ns          346056 1c008184 0027d793 srli             x15, x15, 0x2       x15=00000007 x15:0000001c
20541029ns          346057 1c008186 01d00833 add              x16, x0, x29        x16=10000220 x29:10000220
20541049ns          346058 1c008188 00a00633 add              x12, x0, x10        x12=10000624 x10:10000624
20541069ns          346059 1c00818a 00000713 addi             x14, x0, 0          x14=00000000
20541089ns          346060 1c00818c 00178793 addi             x15, x15, 1         x15=00000008 x15:00000007
20541109ns          346061 1c00818e 0067c0fb lp.setup         0x1, x15, 0x6       x15:00000008
20541129ns          346062 1c008192 0046230b p.lw             x6, 4(x12!)          x6=fffff5ed x12=10000628 x12:10000624  PA:10000624
20541148ns          346063 1c008196 2078788b p.lw             x17, x7(x16!)       x17=00000002 x16=10000240  x7:00000020 x16:10000220  PA:10000220
20541188ns          346065 1c00819a 43130733 p.mac            x14, x6, x17        x14=ffffebda x14:00000000  x6:fffff5ed x17:00000002
20541208ns          346066 1c008192 0046230b p.lw             x6, 4(x12!)          x6=fffff580 x12=1000062c x12:10000628  PA:10000628
20541228ns          346067 1c008196 2078788b p.lw             x17, x7(x16!)       x17=fffffffa x16=10000260  x7:00000020 x16:10000240  PA:10000240
20541268ns          346069 1c00819a 43130733 p.mac            x14, x6, x17        x14=00002ada x14:ffffebda  x6:fffff580 x17:fffffffa
20541288ns          346070 1c008192 0046230b p.lw             x6, 4(x12!)          x6=fffff513 x12=10000630 x12:1000062c  PA:1000062c
20541308ns          346071 1c008196 2078788b p.lw             x17, x7(x16!)       x17=fffffff2 x16=10000280  x7:00000020 x16:10000260  PA:10000260
20541347ns          346073 1c00819a 43130733 p.mac            x14, x6, x17        x14=0000c3d0 x14:00002ada  x6:fffff513 x17:fffffff2
20541367ns          346074 1c008192 0046230b p.lw             x6, 4(x12!)          x6=fffff4a6 x12=10000634 x12:10000630  PA:10000630
20541387ns          346075 1c008196 2078788b p.lw             x17, x7(x16!)       x17=ffffffea x16=100002a0  x7:00000020 x16:10000280  PA:10000280
20541427ns          346077 1c00819a 43130733 p.mac            x14, x6, x17        x14=0001bd8c x14:0000c3d0  x6:fffff4a6 x17:ffffffea
20541447ns          346078 1c008192 0046230b p.lw             x6, 4(x12!)          x6=fffff439 x12=10000638 x12:10000634  PA:10000634
20541467ns          346079 1c008196 2078788b p.lw             x17, x7(x16!)       x17=ffffffe2 x16=100002c0  x7:00000020 x16:100002a0  PA:100002a0
20541506ns          346081 1c00819a 43130733 p.mac            x14, x6, x17        x14=00031ede x14:0001bd8c  x6:fffff439 x17:ffffffe2
20541526ns          346082 1c008192 0046230b p.lw             x6, 4(x12!)          x6=fffff3cc x12=1000063c x12:10000638  PA:10000638
20541546ns          346083 1c008196 2078788b p.lw             x17, x7(x16!)       x17=ffffffda x16=100002e0  x7:00000020 x16:100002c0  PA:100002c0
20541586ns          346085 1c00819a 43130733 p.mac            x14, x6, x17        x14=0004ee96 x14:00031ede  x6:fffff3cc x17:ffffffda
20541606ns          346086 1c008192 0046230b p.lw             x6, 4(x12!)          x6=fffff35f x12=10000640 x12:1000063c  PA:1000063c
20541626ns          346087 1c008196 2078788b p.lw             x17, x7(x16!)       x17=ffffffd2 x16=10000300  x7:00000020 x16:100002e0  PA:100002e0
20541666ns          346089 1c00819a 43130733 p.mac            x14, x6, x17        x14=00073384 x14:0004ee96  x6:fffff35f x17:ffffffd2
20541685ns          346090 1c008192 0046230b p.lw             x6, 4(x12!)          x6=fffff2f2 x12=10000644 x12:10000640  PA:10000640
20541705ns          346091 1c008196 2078788b p.lw             x17, x7(x16!)       x17=ffffffca x16=10000320  x7:00000020 x16:10000300  PA:10000300
20541745ns          346093 1c00819a 43130733 p.mac            x14, x6, x17        x14=0009f478 x14:00073384  x6:fffff2f2 x17:ffffffca
20541765ns          346094 1c00819e 00ef222b p.sw             x14, 4(x30!)        x30=10000544 x14:0009f478 x30:10000540  PA:10000540
20541785ns          346095 1c0081a2 004e8e93 addi             x29, x29, 4         x29=10000224 x29:10000220
20541805ns          346096 1c0081a4 00128293 addi             x5, x5, 1            x5=00000002  x5:00000001
20541825ns          346097 1c0081a6 00750533 add              x10, x10, x7        x10=10000644 x10:10000624  x7:00000020
20541845ns          346098 1c0081a8 007f8fb3 add              x31, x31, x7        x31=10000664 x31:10000644  x7:00000020
20541865ns          346099 1c0081aa fa569fe3 bne              x13, x5, -66        x13:00000008  x5:00000002
20541924ns          346102 1c008168 40b48e33 sub              x28, x9, x11        x28=00000020  x9:10000224 x11:10000204
20541944ns          346103 1c00816c ffce0e13 addi             x28, x28, -4        x28=0000001c x28:00000020
20541964ns          346104 1c00816e 002e5e13 srli             x28, x28, 0x2       x28=00000007 x28:0000001c
20541984ns          346105 1c008172 008f8f33 add              x30, x31, x8        x30=10000544 x31:10000664  x8:fffffee0
20542004ns          346106 1c008176 00b00eb3 add              x29, x0, x11        x29=10000204 x11:10000204
20542024ns          346107 1c008178 001e0e13 addi             x28, x28, 1         x28=00000008 x28:00000007
20542044ns          346108 1c00817a 014e407b lp.setup         0x0, x28, 0x14      x28:00000008
20542063ns          346109 1c00817e 40af87b3 sub              x15, x31, x10       x15=00000020 x31:10000664 x10:10000644
20542083ns          346110 1c008182 ffc78793 addi             x15, x15, -4        x15=0000001c x15:00000020
20542103ns          346111 1c008184 0027d793 srli             x15, x15, 0x2       x15=00000007 x15:0000001c
20542123ns          346112 1c008186 01d00833 add              x16, x0, x29        x16=10000204 x29:10000204
20542143ns          346113 1c008188 00a00633 add              x12, x0, x10        x12=10000644 x10:10000644
20542163ns          346114 1c00818a 00000713 addi             x14, x0, 0          x14=00000000
20542183ns          346115 1c00818c 00178793 addi             x15, x15, 1         x15=00000008 x15:00000007
20542203ns          346116 1c00818e 0067c0fb lp.setup         0x1, x15, 0x6       x15:00000008
20542223ns          346117 1c008192 0046230b p.lw             x6, 4(x12!)          x6=fffffca5 x12=10000648 x12:10000644  PA:10000644
20542242ns          346118 1c008196 2078788b p.lw             x17, x7(x16!)       x17=00000009 x16=10000224  x7:00000020 x16:10000204  PA:10000204
20542282ns          346120 1c00819a 43130733 p.mac            x14, x6, x17        x14=ffffe1cd x14:00000000  x6:fffffca5 x17:00000009
20542302ns          346121 1c008192 0046230b p.lw             x6, 4(x12!)          x6=fffffc78 x12=1000064c x12:10000648  PA:10000648
20542322ns          346122 1c008196 2078788b p.lw             x17, x7(x16!)       x17=00000001 x16=10000244  x7:00000020 x16:10000224  PA:10000224
20542362ns          346124 1c00819a 43130733 p.mac            x14, x6, x17        x14=ffffde45 x14:ffffe1cd  x6:fffffc78 x17:00000001
20542382ns          346125 1c008192 0046230b p.lw             x6, 4(x12!)          x6=fffffc4b x12=10000650 x12:1000064c  PA:1000064c
20542402ns          346126 1c008196 2078788b p.lw             x17, x7(x16!)       x17=fffffff9 x16=10000264  x7:00000020 x16:10000244  PA:10000244
20542441ns          346128 1c00819a 43130733 p.mac            x14, x6, x17        x14=fffff838 x14:ffffde45  x6:fffffc4b x17:fffffff9
20542461ns          346129 1c008192 0046230b p.lw             x6, 4(x12!)          x6=fffffc1e x12=10000654 x12:10000650  PA:10000650
20542481ns          346130 1c008196 2078788b p.lw             x17, x7(x16!)       x17=fffffff1 x16=10000284  x7:00000020 x16:10000264  PA:10000264
20542521ns          346132 1c00819a 43130733 p.mac            x14, x6, x17        x14=00003276 x14:fffff838  x6:fffffc1e x17:fffffff1
20542541ns          346133 1c008192 0046230b p.lw             x6, 4(x12!)          x6=fffffbf1 x12=10000658 x12:10000654  PA:10000654
20542561ns          346134 1c008196 2078788b p.lw             x17, x7(x16!)       x17=ffffffe9 x16=100002a4  x7:00000020 x16:10000284  PA:10000284
20542640ns          346138 1c00819a 43130733 p.mac            x14, x6, x17        x14=00008fcf x14:00003276  x6:fffffbf1 x17:ffffffe9
20542660ns          346139 1c008192 0046230b p.lw             x6, 4(x12!)          x6=fffffbc4 x12=1000065c x12:10000658  PA:10000658
20542680ns          346140 1c008196 2078788b p.lw             x17, x7(x16!)       x17=ffffffe1 x16=100002c4  x7:00000020 x16:100002a4  PA:100002a4
20542720ns          346142 1c00819a 43130733 p.mac            x14, x6, x17        x14=00011313 x14:00008fcf  x6:fffffbc4 x17:ffffffe1
20542740ns          346143 1c008192 0046230b p.lw             x6, 4(x12!)          x6=fffffb97 x12=10000660 x12:1000065c  PA:1000065c
20542760ns          346144 1c008196 2078788b p.lw             x17, x7(x16!)       x17=ffffffd9 x16=100002e4  x7:00000020 x16:100002c4  PA:100002c4
20542799ns          346146 1c00819a 43130733 p.mac            x14, x6, x17        x14=0001bf12 x14:00011313  x6:fffffb97 x17:ffffffd9
20542819ns          346147 1c008192 0046230b p.lw             x6, 4(x12!)          x6=fffffb6a x12=10000664 x12:10000660  PA:10000660
20542839ns          346148 1c008196 2078788b p.lw             x17, x7(x16!)       x17=ffffffd1 x16=10000304  x7:00000020 x16:100002e4  PA:100002e4
20542879ns          346150 1c00819a 43130733 p.mac            x14, x6, x17        x14=0002969c x14:0001bf12  x6:fffffb6a x17:ffffffd1
20542899ns          346151 1c00819e 00ef222b p.sw             x14, 4(x30!)        x30=10000548 x14:0002969c x30:10000544  PA:10000544
20542919ns          346152 1c0081a2 004e8e93 addi             x29, x29, 4         x29=10000208 x29:10000204
20542958ns          346154 1c00817e 40af87b3 sub              x15, x31, x10       x15=00000020 x31:10000664 x10:10000644
20542978ns          346155 1c008182 ffc78793 addi             x15, x15, -4        x15=0000001c x15:00000020
20542998ns          346156 1c008184 0027d793 srli             x15, x15, 0x2       x15=00000007 x15:0000001c
20543018ns          346157 1c008186 01d00833 add              x16, x0, x29        x16=10000208 x29:10000208
20543038ns          346158 1c008188 00a00633 add              x12, x0, x10        x12=10000644 x10:10000644
20543058ns          346159 1c00818a 00000713 addi             x14, x0, 0          x14=00000000
20543078ns          346160 1c00818c 00178793 addi             x15, x15, 1         x15=00000008 x15:00000007
20543098ns          346161 1c00818e 0067c0fb lp.setup         0x1, x15, 0x6       x15:00000008
20543118ns          346162 1c008192 0046230b p.lw             x6, 4(x12!)          x6=fffffca5 x12=10000648 x12:10000644  PA:10000644
20543138ns          346163 1c008196 2078788b p.lw             x17, x7(x16!)       x17=00000008 x16=10000228  x7:00000020 x16:10000208  PA:10000208
20543177ns          346165 1c00819a 43130733 p.mac            x14, x6, x17        x14=ffffe528 x14:00000000  x6:fffffca5 x17:00000008
20543197ns          346166 1c008192 0046230b p.lw             x6, 4(x12!)          x6=fffffc78 x12=1000064c x12:10000648  PA:10000648
20543217ns          346167 1c008196 2078788b p.lw             x17, x7(x16!)       x17=00000000 x16=10000248  x7:00000020 x16:10000228  PA:10000228
20543257ns          346169 1c00819a 43130733 p.mac            x14, x6, x17        x14=ffffe528 x14:ffffe528  x6:fffffc78 x17:00000000
20543277ns          346170 1c008192 0046230b p.lw             x6, 4(x12!)          x6=fffffc4b x12=10000650 x12:1000064c  PA:1000064c
20543297ns          346171 1c008196 2078788b p.lw             x17, x7(x16!)       x17=fffffff8 x16=10000268  x7:00000020 x16:10000248  PA:10000248
20543336ns          346173 1c00819a 43130733 p.mac            x14, x6, x17        x14=000002d0 x14:ffffe528  x6:fffffc4b x17:fffffff8
20543356ns          346174 1c008192 0046230b p.lw             x6, 4(x12!)          x6=fffffc1e x12=10000654 x12:10000650  PA:10000650
20543376ns          346175 1c008196 2078788b p.lw             x17, x7(x16!)       x17=fffffff0 x16=10000288  x7:00000020 x16:10000268  PA:10000268
20543416ns          346177 1c00819a 43130733 p.mac            x14, x6, x17        x14=000040f0 x14:000002d0  x6:fffffc1e x17:fffffff0
20543436ns          346178 1c008192 0046230b p.lw             x6, 4(x12!)          x6=fffffbf1 x12=10000658 x12:10000654  PA:10000654
20543456ns          346179 1c008196 2078788b p.lw             x17, x7(x16!)       x17=ffffffe8 x16=100002a8  x7:00000020 x16:10000288  PA:10000288
20543496ns          346181 1c00819a 43130733 p.mac            x14, x6, x17        x14=0000a258 x14:000040f0  x6:fffffbf1 x17:ffffffe8
20543515ns          346182 1c008192 0046230b p.lw             x6, 4(x12!)          x6=fffffbc4 x12=1000065c x12:10000658  PA:10000658
20543535ns          346183 1c008196 2078788b p.lw             x17, x7(x16!)       x17=ffffffe0 x16=100002c8  x7:00000020 x16:100002a8  PA:100002a8
20543575ns          346185 1c00819a 43130733 p.mac            x14, x6, x17        x14=000129d8 x14:0000a258  x6:fffffbc4 x17:ffffffe0
20543595ns          346186 1c008192 0046230b p.lw             x6, 4(x12!)          x6=fffffb97 x12=10000660 x12:1000065c  PA:1000065c
20543615ns          346187 1c008196 2078788b p.lw             x17, x7(x16!)       x17=ffffffd8 x16=100002e8  x7:00000020 x16:100002c8  PA:100002c8
20543655ns          346189 1c00819a 43130733 p.mac            x14, x6, x17        x14=0001da40 x14:000129d8  x6:fffffb97 x17:ffffffd8
20543675ns          346190 1c008192 0046230b p.lw             x6, 4(x12!)          x6=fffffb6a x12=10000664 x12:10000660  PA:10000660
20543694ns          346191 1c008196 2078788b p.lw             x17, x7(x16!)       x17=ffffffd0 x16=10000308  x7:00000020 x16:100002e8  PA:100002e8
20543734ns          346193 1c00819a 43130733 p.mac            x14, x6, x17        x14=0002b660 x14:0001da40  x6:fffffb6a x17:ffffffd0
20543754ns          346194 1c00819e 00ef222b p.sw             x14, 4(x30!)        x30=1000054c x14:0002b660 x30:10000548  PA:10000548
20543774ns          346195 1c0081a2 004e8e93 addi             x29, x29, 4         x29=1000020c x29:10000208
20543814ns          346197 1c00817e 40af87b3 sub              x15, x31, x10       x15=00000020 x31:10000664 x10:10000644
20543834ns          346198 1c008182 ffc78793 addi             x15, x15, -4        x15=0000001c x15:00000020
20543854ns          346199 1c008184 0027d793 srli             x15, x15, 0x2       x15=00000007 x15:0000001c
20543873ns          346200 1c008186 01d00833 add              x16, x0, x29        x16=1000020c x29:1000020c
20543893ns          346201 1c008188 00a00633 add              x12, x0, x10        x12=10000644 x10:10000644
20543913ns          346202 1c00818a 00000713 addi             x14, x0, 0          x14=00000000
20543933ns          346203 1c00818c 00178793 addi             x15, x15, 1         x15=00000008 x15:00000007
20543953ns          346204 1c00818e 0067c0fb lp.setup         0x1, x15, 0x6       x15:00000008
20543973ns          346205 1c008192 0046230b p.lw             x6, 4(x12!)          x6=fffffca5 x12=10000648 x12:10000644  PA:10000644
20543993ns          346206 1c008196 2078788b p.lw             x17, x7(x16!)       x17=00000007 x16=1000022c  x7:00000020 x16:1000020c  PA:1000020c
20544033ns          346208 1c00819a 43130733 p.mac            x14, x6, x17        x14=ffffe883 x14:00000000  x6:fffffca5 x17:00000007
20544052ns          346209 1c008192 0046230b p.lw             x6, 4(x12!)          x6=fffffc78 x12=1000064c x12:10000648  PA:10000648
20544072ns          346210 1c008196 2078788b p.lw             x17, x7(x16!)       x17=ffffffff x16=1000024c  x7:00000020 x16:1000022c  PA:1000022c
20544112ns          346212 1c00819a 43130733 p.mac            x14, x6, x17        x14=ffffec0b x14:ffffe883  x6:fffffc78 x17:ffffffff
20544132ns          346213 1c008192 0046230b p.lw             x6, 4(x12!)          x6=fffffc4b x12=10000650 x12:1000064c  PA:1000064c
20544152ns          346214 1c008196 2078788b p.lw             x17, x7(x16!)       x17=fffffff7 x16=1000026c  x7:00000020 x16:1000024c  PA:1000024c
20544192ns          346216 1c00819a 43130733 p.mac            x14, x6, x17        x14=00000d68 x14:ffffec0b  x6:fffffc4b x17:fffffff7
20544212ns          346217 1c008192 0046230b p.lw             x6, 4(x12!)          x6=fffffc1e x12=10000654 x12:10000650  PA:10000650
20544232ns          346218 1c008196 2078788b p.lw             x17, x7(x16!)       x17=ffffffef x16=1000028c  x7:00000020 x16:1000026c  PA:1000026c
20544271ns          346220 1c00819a 43130733 p.mac            x14, x6, x17        x14=00004f6a x14:00000d68  x6:fffffc1e x17:ffffffef
20544291ns          346221 1c008192 0046230b p.lw             x6, 4(x12!)          x6=fffffbf1 x12=10000658 x12:10000654  PA:10000654
20544311ns          346222 1c008196 2078788b p.lw             x17, x7(x16!)       x17=ffffffe7 x16=100002ac  x7:00000020 x16:1000028c  PA:1000028c
20544351ns          346224 1c00819a 43130733 p.mac            x14, x6, x17        x14=0000b4e1 x14:00004f6a  x6:fffffbf1 x17:ffffffe7
20544371ns          346225 1c008192 0046230b p.lw             x6, 4(x12!)          x6=fffffbc4 x12=1000065c x12:10000658  PA:10000658
20544391ns          346226 1c008196 2078788b p.lw             x17, x7(x16!)       x17=ffffffdf x16=100002cc  x7:00000020 x16:100002ac  PA:100002ac
20544430ns          346228 1c00819a 43130733 p.mac            x14, x6, x17        x14=0001409d x14:0000b4e1  x6:fffffbc4 x17:ffffffdf
20544450ns          346229 1c008192 0046230b p.lw             x6, 4(x12!)          x6=fffffb97 x12=10000660 x12:1000065c  PA:1000065c
20544470ns          346230 1c008196 2078788b p.lw             x17, x7(x16!)       x17=ffffffd7 x16=100002ec  x7:00000020 x16:100002cc  PA:100002cc
20544530ns          346233 1c00819a 43130733 p.mac            x14, x6, x17        x14=0001f56e x14:0001409d  x6:fffffb97 x17:ffffffd7
20544550ns          346234 1c008192 0046230b p.lw             x6, 4(x12!)          x6=fffffb6a x12=10000664 x12:10000660  PA:10000660
20544570ns          346235 1c008196 2078788b p.lw             x17, x7(x16!)       x17=ffffffcf x16=1000030c  x7:00000020 x16:100002ec  PA:100002ec
20544609ns          346237 1c00819a 43130733 p.mac            x14, x6, x17        x14=0002d624 x14:0001f56e  x6:fffffb6a x17:ffffffcf
20544629ns          346238 1c00819e 00ef222b p.sw             x14, 4(x30!)        x30=10000550 x14:0002d624 x30:1000054c  PA:1000054c
20544649ns          346239 1c0081a2 004e8e93 addi             x29, x29, 4         x29=10000210 x29:1000020c
20544689ns          346241 1c00817e 40af87b3 sub              x15, x31, x10       x15=00000020 x31:10000664 x10:10000644
20544709ns          346242 1c008182 ffc78793 addi             x15, x15, -4        x15=0000001c x15:00000020
20544729ns          346243 1c008184 0027d793 srli             x15, x15, 0x2       x15=00000007 x15:0000001c
20544749ns          346244 1c008186 01d00833 add              x16, x0, x29        x16=10000210 x29:10000210
20544769ns          346245 1c008188 00a00633 add              x12, x0, x10        x12=10000644 x10:10000644
20544788ns          346246 1c00818a 00000713 addi             x14, x0, 0          x14=00000000
20544808ns          346247 1c00818c 00178793 addi             x15, x15, 1         x15=00000008 x15:00000007
20544828ns          346248 1c00818e 0067c0fb lp.setup         0x1, x15, 0x6       x15:00000008
20544848ns          346249 1c008192 0046230b p.lw             x6, 4(x12!)          x6=fffffca5 x12=10000648 x12:10000644  PA:10000644
20544868ns          346250 1c008196 2078788b p.lw             x17, x7(x16!)       x17=00000006 x16=10000230  x7:00000020 x16:10000210  PA:10000210
20544908ns          346252 1c00819a 43130733 p.mac            x14, x6, x17        x14=ffffebde x14:00000000  x6:fffffca5 x17:00000006
20544928ns          346253 1c008192 0046230b p.lw             x6, 4(x12!)          x6=fffffc78 x12=1000064c x12:10000648  PA:10000648
20544948ns          346254 1c008196 2078788b p.lw             x17, x7(x16!)       x17=fffffffe x16=10000250  x7:00000020 x16:10000230  PA:10000230
20544987ns          346256 1c00819a 43130733 p.mac            x14, x6, x17        x14=fffff2ee x14:ffffebde  x6:fffffc78 x17:fffffffe
20545007ns          346257 1c008192 0046230b p.lw             x6, 4(x12!)          x6=fffffc4b x12=10000650 x12:1000064c  PA:1000064c
20545027ns          346258 1c008196 2078788b p.lw             x17, x7(x16!)       x17=fffffff6 x16=10000270  x7:00000020 x16:10000250  PA:10000250
20545067ns          346260 1c00819a 43130733 p.mac            x14, x6, x17        x14=00001800 x14:fffff2ee  x6:fffffc4b x17:fffffff6
20545087ns          346261 1c008192 0046230b p.lw             x6, 4(x12!)          x6=fffffc1e x12=10000654 x12:10000650  PA:10000650
20545107ns          346262 1c008196 2078788b p.lw             x17, x7(x16!)       x17=ffffffee x16=10000290  x7:00000020 x16:10000270  PA:10000270
20545146ns          346264 1c00819a 43130733 p.mac            x14, x6, x17        x14=00005de4 x14:00001800  x6:fffffc1e x17:ffffffee
20545166ns          346265 1c008192 0046230b p.lw             x6, 4(x12!)          x6=fffffbf1 x12=10000658 x12:10000654  PA:10000654
20545186ns          346266 1c008196 2078788b p.lw             x17, x7(x16!)       x17=ffffffe6 x16=100002b0  x7:00000020 x16:10000290  PA:10000290
20545226ns          346268 1c00819a 43130733 p.mac            x14, x6, x17        x14=0000c76a x14:00005de4  x6:fffffbf1 x17:ffffffe6
20545246ns          346269 1c008192 0046230b p.lw             x6, 4(x12!)          x6=fffffbc4 x12=1000065c x12:10000658  PA:10000658
20545266ns          346270 1c008196 2078788b p.lw             x17, x7(x16!)       x17=ffffffde x16=100002d0  x7:00000020 x16:100002b0  PA:100002b0
20545306ns          346272 1c00819a 43130733 p.mac            x14, x6, x17        x14=00015762 x14:0000c76a  x6:fffffbc4 x17:ffffffde
20545325ns          346273 1c008192 0046230b p.lw             x6, 4(x12!)          x6=fffffb97 x12=10000660 x12:1000065c  PA:1000065c
20545345ns          346274 1c008196 2078788b p.lw             x17, x7(x16!)       x17=ffffffd6 x16=100002f0  x7:00000020 x16:100002d0  PA:100002d0
20545385ns          346276 1c00819a 43130733 p.mac            x14, x6, x17        x14=0002109c x14:00015762  x6:fffffb97 x17:ffffffd6
20545405ns          346277 1c008192 0046230b p.lw             x6, 4(x12!)          x6=fffffb6a x12=10000664 x12:10000660  PA:10000660
20545425ns          346278 1c008196 2078788b p.lw             x17, x7(x16!)       x17=ffffffce x16=10000310  x7:00000020 x16:100002f0  PA:100002f0
20545465ns          346280 1c00819a 43130733 p.mac            x14, x6, x17        x14=0002f5e8 x14:0002109c  x6:fffffb6a x17:ffffffce
20545485ns          346281 1c00819e 00ef222b p.sw             x14, 4(x30!)        x30=10000554 x14:0002f5e8 x30:10000550  PA:10000550
20545505ns          346282 1c0081a2 004e8e93 addi             x29, x29, 4         x29=10000214 x29:10000210
20545544ns          346284 1c00817e 40af87b3 sub              x15, x31, x10       x15=00000020 x31:10000664 x10:10000644
20545564ns          346285 1c008182 ffc78793 addi             x15, x15, -4        x15=0000001c x15:00000020
20545584ns          346286 1c008184 0027d793 srli             x15, x15, 0x2       x15=00000007 x15:0000001c
20545604ns          346287 1c008186 01d00833 add              x16, x0, x29        x16=10000214 x29:10000214
20545624ns          346288 1c008188 00a00633 add              x12, x0, x10        x12=10000644 x10:10000644
20545644ns          346289 1c00818a 00000713 addi             x14, x0, 0          x14=00000000
20545664ns          346290 1c00818c 00178793 addi             x15, x15, 1         x15=00000008 x15:00000007
20545684ns          346291 1c00818e 0067c0fb lp.setup         0x1, x15, 0x6       x15:00000008
20545703ns          346292 1c008192 0046230b p.lw             x6, 4(x12!)          x6=fffffca5 x12=10000648 x12:10000644  PA:10000644
20545723ns          346293 1c008196 2078788b p.lw             x17, x7(x16!)       x17=00000005 x16=10000234  x7:00000020 x16:10000214  PA:10000214
20545763ns          346295 1c00819a 43130733 p.mac            x14, x6, x17        x14=ffffef39 x14:00000000  x6:fffffca5 x17:00000005
20545783ns          346296 1c008192 0046230b p.lw             x6, 4(x12!)          x6=fffffc78 x12=1000064c x12:10000648  PA:10000648
20545803ns          346297 1c008196 2078788b p.lw             x17, x7(x16!)       x17=fffffffd x16=10000254  x7:00000020 x16:10000234  PA:10000234
20545843ns          346299 1c00819a 43130733 p.mac            x14, x6, x17        x14=fffff9d1 x14:ffffef39  x6:fffffc78 x17:fffffffd
20545863ns          346300 1c008192 0046230b p.lw             x6, 4(x12!)          x6=fffffc4b x12=10000650 x12:1000064c  PA:1000064c
20545882ns          346301 1c008196 2078788b p.lw             x17, x7(x16!)       x17=fffffff5 x16=10000274  x7:00000020 x16:10000254  PA:10000254
20545922ns          346303 1c00819a 43130733 p.mac            x14, x6, x17        x14=00002298 x14:fffff9d1  x6:fffffc4b x17:fffffff5
20545942ns          346304 1c008192 0046230b p.lw             x6, 4(x12!)          x6=fffffc1e x12=10000654 x12:10000650  PA:10000650
20545962ns          346305 1c008196 2078788b p.lw             x17, x7(x16!)       x17=ffffffed x16=10000294  x7:00000020 x16:10000274  PA:10000274
20546002ns          346307 1c00819a 43130733 p.mac            x14, x6, x17        x14=00006c5e x14:00002298  x6:fffffc1e x17:ffffffed
20546022ns          346308 1c008192 0046230b p.lw             x6, 4(x12!)          x6=fffffbf1 x12=10000658 x12:10000654  PA:10000654
20546042ns          346309 1c008196 2078788b p.lw             x17, x7(x16!)       x17=ffffffe5 x16=100002b4  x7:00000020 x16:10000294  PA:10000294
20546081ns          346311 1c00819a 43130733 p.mac            x14, x6, x17        x14=0000d9f3 x14:00006c5e  x6:fffffbf1 x17:ffffffe5
20546101ns          346312 1c008192 0046230b p.lw             x6, 4(x12!)          x6=fffffbc4 x12=1000065c x12:10000658  PA:10000658
20546121ns          346313 1c008196 2078788b p.lw             x17, x7(x16!)       x17=ffffffdd x16=100002d4  x7:00000020 x16:100002b4  PA:100002b4
20546161ns          346315 1c00819a 43130733 p.mac            x14, x6, x17        x14=00016e27 x14:0000d9f3  x6:fffffbc4 x17:ffffffdd
20546181ns          346316 1c008192 0046230b p.lw             x6, 4(x12!)          x6=fffffb97 x12=10000660 x12:1000065c  PA:1000065c
20546201ns          346317 1c008196 2078788b p.lw             x17, x7(x16!)       x17=ffffffd5 x16=100002f4  x7:00000020 x16:100002d4  PA:100002d4
20546240ns          346319 1c00819a 43130733 p.mac            x14, x6, x17        x14=00022bca x14:00016e27  x6:fffffb97 x17:ffffffd5
20546260ns          346320 1c008192 0046230b p.lw             x6, 4(x12!)          x6=fffffb6a x12=10000664 x12:10000660  PA:10000660
20546280ns          346321 1c008196 2078788b p.lw             x17, x7(x16!)       x17=ffffffcd x16=10000314  x7:00000020 x16:100002f4  PA:100002f4
20546320ns          346323 1c00819a 43130733 p.mac            x14, x6, x17        x14=000315ac x14:00022bca  x6:fffffb6a x17:ffffffcd
20546340ns          346324 1c00819e 00ef222b p.sw             x14, 4(x30!)        x30=10000558 x14:000315ac x30:10000554  PA:10000554
20546360ns          346325 1c0081a2 004e8e93 addi             x29, x29, 4         x29=10000218 x29:10000214
20546400ns          346327 1c00817e 40af87b3 sub              x15, x31, x10       x15=00000020 x31:10000664 x10:10000644
20546419ns          346328 1c008182 ffc78793 addi             x15, x15, -4        x15=0000001c x15:00000020
20546439ns          346329 1c008184 0027d793 srli             x15, x15, 0x2       x15=00000007 x15:0000001c
20546459ns          346330 1c008186 01d00833 add              x16, x0, x29        x16=10000218 x29:10000218
20546479ns          346331 1c008188 00a00633 add              x12, x0, x10        x12=10000644 x10:10000644
20546499ns          346332 1c00818a 00000713 addi             x14, x0, 0          x14=00000000
20546519ns          346333 1c00818c 00178793 addi             x15, x15, 1         x15=00000008 x15:00000007
20546539ns          346334 1c00818e 0067c0fb lp.setup         0x1, x15, 0x6       x15:00000008
20546559ns          346335 1c008192 0046230b p.lw             x6, 4(x12!)          x6=fffffca5 x12=10000648 x12:10000644  PA:10000644
20546579ns          346336 1c008196 2078788b p.lw             x17, x7(x16!)       x17=00000004 x16=10000238  x7:00000020 x16:10000218  PA:10000218
20546618ns          346338 1c00819a 43130733 p.mac            x14, x6, x17        x14=fffff294 x14:00000000  x6:fffffca5 x17:00000004
20546638ns          346339 1c008192 0046230b p.lw             x6, 4(x12!)          x6=fffffc78 x12=1000064c x12:10000648  PA:10000648
20546658ns          346340 1c008196 2078788b p.lw             x17, x7(x16!)       x17=fffffffc x16=10000258  x7:00000020 x16:10000238  PA:10000238
20546698ns          346342 1c00819a 43130733 p.mac            x14, x6, x17        x14=000000b4 x14:fffff294  x6:fffffc78 x17:fffffffc
20546718ns          346343 1c008192 0046230b p.lw             x6, 4(x12!)          x6=fffffc4b x12=10000650 x12:1000064c  PA:1000064c
20546738ns          346344 1c008196 2078788b p.lw             x17, x7(x16!)       x17=fffffff4 x16=10000278  x7:00000020 x16:10000258  PA:10000258
20546778ns          346346 1c00819a 43130733 p.mac            x14, x6, x17        x14=00002d30 x14:000000b4  x6:fffffc4b x17:fffffff4
20546797ns          346347 1c008192 0046230b p.lw             x6, 4(x12!)          x6=fffffc1e x12=10000654 x12:10000650  PA:10000650
20546817ns          346348 1c008196 2078788b p.lw             x17, x7(x16!)       x17=ffffffec x16=10000298  x7:00000020 x16:10000278  PA:10000278
20546857ns          346350 1c00819a 43130733 p.mac            x14, x6, x17        x14=00007ad8 x14:00002d30  x6:fffffc1e x17:ffffffec
20546877ns          346351 1c008192 0046230b p.lw             x6, 4(x12!)          x6=fffffbf1 x12=10000658 x12:10000654  PA:10000654
20546897ns          346352 1c008196 2078788b p.lw             x17, x7(x16!)       x17=ffffffe4 x16=100002b8  x7:00000020 x16:10000298  PA:10000298
20546937ns          346354 1c00819a 43130733 p.mac            x14, x6, x17        x14=0000ec7c x14:00007ad8  x6:fffffbf1 x17:ffffffe4
20546957ns          346355 1c008192 0046230b p.lw             x6, 4(x12!)          x6=fffffbc4 x12=1000065c x12:10000658  PA:10000658
20546976ns          346356 1c008196 2078788b p.lw             x17, x7(x16!)       x17=ffffffdc x16=100002d8  x7:00000020 x16:100002b8  PA:100002b8
20547016ns          346358 1c00819a 43130733 p.mac            x14, x6, x17        x14=000184ec x14:0000ec7c  x6:fffffbc4 x17:ffffffdc
20547036ns          346359 1c008192 0046230b p.lw             x6, 4(x12!)          x6=fffffb97 x12=10000660 x12:1000065c  PA:1000065c
20547056ns          346360 1c008196 2078788b p.lw             x17, x7(x16!)       x17=ffffffd4 x16=100002f8  x7:00000020 x16:100002d8  PA:100002d8
20547096ns          346362 1c00819a 43130733 p.mac            x14, x6, x17        x14=000246f8 x14:000184ec  x6:fffffb97 x17:ffffffd4
20547116ns          346363 1c008192 0046230b p.lw             x6, 4(x12!)          x6=fffffb6a x12=10000664 x12:10000660  PA:10000660
20547136ns          346364 1c008196 2078788b p.lw             x17, x7(x16!)       x17=ffffffcc x16=10000318  x7:00000020 x16:100002f8  PA:100002f8
20547175ns          346366 1c00819a 43130733 p.mac            x14, x6, x17        x14=00033570 x14:000246f8  x6:fffffb6a x17:ffffffcc
20547195ns          346367 1c00819e 00ef222b p.sw             x14, 4(x30!)        x30=1000055c x14:00033570 x30:10000558  PA:10000558
20547215ns          346368 1c0081a2 004e8e93 addi             x29, x29, 4         x29=1000021c x29:10000218
20547255ns          346370 1c00817e 40af87b3 sub              x15, x31, x10       x15=00000020 x31:10000664 x10:10000644
20547275ns          346371 1c008182 ffc78793 addi             x15, x15, -4        x15=0000001c x15:00000020
20547295ns          346372 1c008184 0027d793 srli             x15, x15, 0x2       x15=00000007 x15:0000001c
20547315ns          346373 1c008186 01d00833 add              x16, x0, x29        x16=1000021c x29:1000021c
20547334ns          346374 1c008188 00a00633 add              x12, x0, x10        x12=10000644 x10:10000644
20547354ns          346375 1c00818a 00000713 addi             x14, x0, 0          x14=00000000
20547374ns          346376 1c00818c 00178793 addi             x15, x15, 1         x15=00000008 x15:00000007
20547394ns          346377 1c00818e 0067c0fb lp.setup         0x1, x15, 0x6       x15:00000008
20547414ns          346378 1c008192 0046230b p.lw             x6, 4(x12!)          x6=fffffca5 x12=10000648 x12:10000644  PA:10000644
20547434ns          346379 1c008196 2078788b p.lw             x17, x7(x16!)       x17=00000003 x16=1000023c  x7:00000020 x16:1000021c  PA:1000021c
20547474ns          346381 1c00819a 43130733 p.mac            x14, x6, x17        x14=fffff5ef x14:00000000  x6:fffffca5 x17:00000003
20547494ns          346382 1c008192 0046230b p.lw             x6, 4(x12!)          x6=fffffc78 x12=1000064c x12:10000648  PA:10000648
20547513ns          346383 1c008196 2078788b p.lw             x17, x7(x16!)       x17=fffffffb x16=1000025c  x7:00000020 x16:1000023c  PA:1000023c
20547553ns          346385 1c00819a 43130733 p.mac            x14, x6, x17        x14=00000797 x14:fffff5ef  x6:fffffc78 x17:fffffffb
20547573ns          346386 1c008192 0046230b p.lw             x6, 4(x12!)          x6=fffffc4b x12=10000650 x12:1000064c  PA:1000064c
20547593ns          346387 1c008196 2078788b p.lw             x17, x7(x16!)       x17=fffffff3 x16=1000027c  x7:00000020 x16:1000025c  PA:1000025c
20547633ns          346389 1c00819a 43130733 p.mac            x14, x6, x17        x14=000037c8 x14:00000797  x6:fffffc4b x17:fffffff3
20547653ns          346390 1c008192 0046230b p.lw             x6, 4(x12!)          x6=fffffc1e x12=10000654 x12:10000650  PA:10000650
20547673ns          346391 1c008196 2078788b p.lw             x17, x7(x16!)       x17=ffffffeb x16=1000029c  x7:00000020 x16:1000027c  PA:1000027c
20547712ns          346393 1c00819a 43130733 p.mac            x14, x6, x17        x14=00008952 x14:000037c8  x6:fffffc1e x17:ffffffeb
20547732ns          346394 1c008192 0046230b p.lw             x6, 4(x12!)          x6=fffffbf1 x12=10000658 x12:10000654  PA:10000654
20547752ns          346395 1c008196 2078788b p.lw             x17, x7(x16!)       x17=ffffffe3 x16=100002bc  x7:00000020 x16:1000029c  PA:1000029c
20547792ns          346397 1c00819a 43130733 p.mac            x14, x6, x17        x14=0000ff05 x14:00008952  x6:fffffbf1 x17:ffffffe3
20547812ns          346398 1c008192 0046230b p.lw             x6, 4(x12!)          x6=fffffbc4 x12=1000065c x12:10000658  PA:10000658
20547832ns          346399 1c008196 2078788b p.lw             x17, x7(x16!)       x17=ffffffdb x16=100002dc  x7:00000020 x16:100002bc  PA:100002bc
20547872ns          346401 1c00819a 43130733 p.mac            x14, x6, x17        x14=00019bb1 x14:0000ff05  x6:fffffbc4 x17:ffffffdb
20547891ns          346402 1c008192 0046230b p.lw             x6, 4(x12!)          x6=fffffb97 x12=10000660 x12:1000065c  PA:1000065c
20547911ns          346403 1c008196 2078788b p.lw             x17, x7(x16!)       x17=ffffffd3 x16=100002fc  x7:00000020 x16:100002dc  PA:100002dc
20547951ns          346405 1c00819a 43130733 p.mac            x14, x6, x17        x14=00026226 x14:00019bb1  x6:fffffb97 x17:ffffffd3
20547971ns          346406 1c008192 0046230b p.lw             x6, 4(x12!)          x6=fffffb6a x12=10000664 x12:10000660  PA:10000660
20547991ns          346407 1c008196 2078788b p.lw             x17, x7(x16!)       x17=ffffffcb x16=1000031c  x7:00000020 x16:100002fc  PA:100002fc
20548031ns          346409 1c00819a 43130733 p.mac            x14, x6, x17        x14=00035534 x14:00026226  x6:fffffb6a x17:ffffffcb
20548051ns          346410 1c00819e 00ef222b p.sw             x14, 4(x30!)        x30=10000560 x14:00035534 x30:1000055c  PA:1000055c
20548070ns          346411 1c0081a2 004e8e93 addi             x29, x29, 4         x29=10000220 x29:1000021c
20548110ns          346413 1c00817e 40af87b3 sub              x15, x31, x10       x15=00000020 x31:10000664 x10:10000644
20548130ns          346414 1c008182 ffc78793 addi             x15, x15, -4        x15=0000001c x15:00000020
20548150ns          346415 1c008184 0027d793 srli             x15, x15, 0x2       x15=00000007 x15:0000001c
20548170ns          346416 1c008186 01d00833 add              x16, x0, x29        x16=10000220 x29:10000220
20548190ns          346417 1c008188 00a00633 add              x12, x0, x10        x12=10000644 x10:10000644
20548210ns          346418 1c00818a 00000713 addi             x14, x0, 0          x14=00000000
20548230ns          346419 1c00818c 00178793 addi             x15, x15, 1         x15=00000008 x15:00000007
20548249ns          346420 1c00818e 0067c0fb lp.setup         0x1, x15, 0x6       x15:00000008
20548269ns          346421 1c008192 0046230b p.lw             x6, 4(x12!)          x6=fffffca5 x12=10000648 x12:10000644  PA:10000644
20548289ns          346422 1c008196 2078788b p.lw             x17, x7(x16!)       x17=00000002 x16=10000240  x7:00000020 x16:10000220  PA:10000220
20548329ns          346424 1c00819a 43130733 p.mac            x14, x6, x17        x14=fffff94a x14:00000000  x6:fffffca5 x17:00000002
20548349ns          346425 1c008192 0046230b p.lw             x6, 4(x12!)          x6=fffffc78 x12=1000064c x12:10000648  PA:10000648
20548369ns          346426 1c008196 2078788b p.lw             x17, x7(x16!)       x17=fffffffa x16=10000260  x7:00000020 x16:10000240  PA:10000240
20548409ns          346428 1c00819a 43130733 p.mac            x14, x6, x17        x14=00000e7a x14:fffff94a  x6:fffffc78 x17:fffffffa
20548428ns          346429 1c008192 0046230b p.lw             x6, 4(x12!)          x6=fffffc4b x12=10000650 x12:1000064c  PA:1000064c
20548448ns          346430 1c008196 2078788b p.lw             x17, x7(x16!)       x17=fffffff2 x16=10000280  x7:00000020 x16:10000260  PA:10000260
20548488ns          346432 1c00819a 43130733 p.mac            x14, x6, x17        x14=00004260 x14:00000e7a  x6:fffffc4b x17:fffffff2
20548508ns          346433 1c008192 0046230b p.lw             x6, 4(x12!)          x6=fffffc1e x12=10000654 x12:10000650  PA:10000650
20548528ns          346434 1c008196 2078788b p.lw             x17, x7(x16!)       x17=ffffffea x16=100002a0  x7:00000020 x16:10000280  PA:10000280
20548568ns          346436 1c00819a 43130733 p.mac            x14, x6, x17        x14=000097cc x14:00004260  x6:fffffc1e x17:ffffffea
20548588ns          346437 1c008192 0046230b p.lw             x6, 4(x12!)          x6=fffffbf1 x12=10000658 x12:10000654  PA:10000654
20548607ns          346438 1c008196 2078788b p.lw             x17, x7(x16!)       x17=ffffffe2 x16=100002c0  x7:00000020 x16:100002a0  PA:100002a0
20548647ns          346440 1c00819a 43130733 p.mac            x14, x6, x17        x14=0001118e x14:000097cc  x6:fffffbf1 x17:ffffffe2
20548667ns          346441 1c008192 0046230b p.lw             x6, 4(x12!)          x6=fffffbc4 x12=1000065c x12:10000658  PA:10000658
20548687ns          346442 1c008196 2078788b p.lw             x17, x7(x16!)       x17=ffffffda x16=100002e0  x7:00000020 x16:100002c0  PA:100002c0
20548727ns          346444 1c00819a 43130733 p.mac            x14, x6, x17        x14=0001b276 x14:0001118e  x6:fffffbc4 x17:ffffffda
20548747ns          346445 1c008192 0046230b p.lw             x6, 4(x12!)          x6=fffffb97 x12=10000660 x12:1000065c  PA:1000065c
20548767ns          346446 1c008196 2078788b p.lw             x17, x7(x16!)       x17=ffffffd2 x16=10000300  x7:00000020 x16:100002e0  PA:100002e0
20548806ns          346448 1c00819a 43130733 p.mac            x14, x6, x17        x14=00027d54 x14:0001b276  x6:fffffb97 x17:ffffffd2
20548826ns          346449 1c008192 0046230b p.lw             x6, 4(x12!)          x6=fffffb6a x12=10000664 x12:10000660  PA:10000660
20548846ns          346450 1c008196 2078788b p.lw             x17, x7(x16!)       x17=ffffffca x16=10000320  x7:00000020 x16:10000300  PA:10000300
20548886ns          346452 1c00819a 43130733 p.mac            x14, x6, x17        x14=000374f8 x14:00027d54  x6:fffffb6a x17:ffffffca
20548906ns          346453 1c00819e 00ef222b p.sw             x14, 4(x30!)        x30=10000564 x14:000374f8 x30:10000560  PA:10000560
20548926ns          346454 1c0081a2 004e8e93 addi             x29, x29, 4         x29=10000224 x29:10000220
20548946ns          346455 1c0081a4 00128293 addi             x5, x5, 1            x5=00000003  x5:00000002
20548966ns          346456 1c0081a6 00750533 add              x10, x10, x7        x10=10000664 x10:10000644  x7:00000020
20548985ns          346457 1c0081a8 007f8fb3 add              x31, x31, x7        x31=10000684 x31:10000664  x7:00000020
20549005ns          346458 1c0081aa fa569fe3 bne              x13, x5, -66        x13:00000008  x5:00000003
20549065ns          346461 1c008168 40b48e33 sub              x28, x9, x11        x28=00000020  x9:10000224 x11:10000204
20549085ns          346462 1c00816c ffce0e13 addi             x28, x28, -4        x28=0000001c x28:00000020
20549105ns          346463 1c00816e 002e5e13 srli             x28, x28, 0x2       x28=00000007 x28:0000001c
20549125ns          346464 1c008172 008f8f33 add              x30, x31, x8        x30=10000564 x31:10000684  x8:fffffee0
20549145ns          346465 1c008176 00b00eb3 add              x29, x0, x11        x29=10000204 x11:10000204
20549164ns          346466 1c008178 001e0e13 addi             x28, x28, 1         x28=00000008 x28:00000007
20549184ns          346467 1c00817a 014e407b lp.setup         0x0, x28, 0x14      x28:00000008
20549204ns          346468 1c00817e 40af87b3 sub              x15, x31, x10       x15=00000020 x31:10000684 x10:10000664
20549224ns          346469 1c008182 ffc78793 addi             x15, x15, -4        x15=0000001c x15:00000020
20549244ns          346470 1c008184 0027d793 srli             x15, x15, 0x2       x15=00000007 x15:0000001c
20549264ns          346471 1c008186 01d00833 add              x16, x0, x29        x16=10000204 x29:10000204
20549284ns          346472 1c008188 00a00633 add              x12, x0, x10        x12=10000664 x10:10000664
20549304ns          346473 1c00818a 00000713 addi             x14, x0, 0          x14=00000000
20549324ns          346474 1c00818c 00178793 addi             x15, x15, 1         x15=00000008 x15:00000007
20549343ns          346475 1c00818e 0067c0fb lp.setup         0x1, x15, 0x6       x15:00000008
20549363ns          346476 1c008192 0046230b p.lw             x6, 4(x12!)          x6=0000035d x12=10000668 x12:10000664  PA:10000664
20549383ns          346477 1c008196 2078788b p.lw             x17, x7(x16!)       x17=00000009 x16=10000224  x7:00000020 x16:10000204  PA:10000204
20549423ns          346479 1c00819a 43130733 p.mac            x14, x6, x17        x14=00001e45 x14:00000000  x6:0000035d x17:00000009
20549443ns          346480 1c008192 0046230b p.lw             x6, 4(x12!)          x6=00000370 x12=1000066c x12:10000668  PA:10000668
20549463ns          346481 1c008196 2078788b p.lw             x17, x7(x16!)       x17=00000001 x16=10000244  x7:00000020 x16:10000224  PA:10000224
20549503ns          346483 1c00819a 43130733 p.mac            x14, x6, x17        x14=000021b5 x14:00001e45  x6:00000370 x17:00000001
20549522ns          346484 1c008192 0046230b p.lw             x6, 4(x12!)          x6=00000383 x12=10000670 x12:1000066c  PA:1000066c
20549542ns          346485 1c008196 2078788b p.lw             x17, x7(x16!)       x17=fffffff9 x16=10000264  x7:00000020 x16:10000244  PA:10000244
20549582ns          346487 1c00819a 43130733 p.mac            x14, x6, x17        x14=00000920 x14:000021b5  x6:00000383 x17:fffffff9
20549602ns          346488 1c008192 0046230b p.lw             x6, 4(x12!)          x6=00000396 x12=10000674 x12:10000670  PA:10000670
20549622ns          346489 1c008196 2078788b p.lw             x17, x7(x16!)       x17=fffffff1 x16=10000284  x7:00000020 x16:10000264  PA:10000264
20549662ns          346491 1c00819a 43130733 p.mac            x14, x6, x17        x14=ffffd356 x14:00000920  x6:00000396 x17:fffffff1
20549682ns          346492 1c008192 0046230b p.lw             x6, 4(x12!)          x6=000003a9 x12=10000678 x12:10000674  PA:10000674
20549701ns          346493 1c008196 2078788b p.lw             x17, x7(x16!)       x17=ffffffe9 x16=100002a4  x7:00000020 x16:10000284  PA:10000284
20549741ns          346495 1c00819a 43130733 p.mac            x14, x6, x17        x14=ffff7f27 x14:ffffd356  x6:000003a9 x17:ffffffe9
20549761ns          346496 1c008192 0046230b p.lw             x6, 4(x12!)          x6=000003bc x12=1000067c x12:10000678  PA:10000678
20549781ns          346497 1c008196 2078788b p.lw             x17, x7(x16!)       x17=ffffffe1 x16=100002c4  x7:00000020 x16:100002a4  PA:100002a4
20549821ns          346499 1c00819a 43130733 p.mac            x14, x6, x17        x14=ffff0b63 x14:ffff7f27  x6:000003bc x17:ffffffe1
20549841ns          346500 1c008192 0046230b p.lw             x6, 4(x12!)          x6=000003cf x12=10000680 x12:1000067c  PA:1000067c
20549861ns          346501 1c008196 2078788b p.lw             x17, x7(x16!)       x17=ffffffd9 x16=100002e4  x7:00000020 x16:100002c4  PA:100002c4
20549900ns          346503 1c00819a 43130733 p.mac            x14, x6, x17        x14=fffe76da x14:ffff0b63  x6:000003cf x17:ffffffd9
20549920ns          346504 1c008192 0046230b p.lw             x6, 4(x12!)          x6=000003e2 x12=10000684 x12:10000680  PA:10000680
20549940ns          346505 1c008196 2078788b p.lw             x17, x7(x16!)       x17=ffffffd1 x16=10000304  x7:00000020 x16:100002e4  PA:100002e4
20549980ns          346507 1c00819a 43130733 p.mac            x14, x6, x17        x14=fffdc05c x14:fffe76da  x6:000003e2 x17:ffffffd1
20550000ns          346508 1c00819e 00ef222b p.sw             x14, 4(x30!)        x30=10000568 x14:fffdc05c x30:10000564  PA:10000564
20550020ns          346509 1c0081a2 004e8e93 addi             x29, x29, 4         x29=10000208 x29:10000204
20550059ns          346511 1c00817e 40af87b3 sub              x15, x31, x10       x15=00000020 x31:10000684 x10:10000664
20550079ns          346512 1c008182 ffc78793 addi             x15, x15, -4        x15=0000001c x15:00000020
20550099ns          346513 1c008184 0027d793 srli             x15, x15, 0x2       x15=00000007 x15:0000001c
20550119ns          346514 1c008186 01d00833 add              x16, x0, x29        x16=10000208 x29:10000208
20550139ns          346515 1c008188 00a00633 add              x12, x0, x10        x12=10000664 x10:10000664
20550159ns          346516 1c00818a 00000713 addi             x14, x0, 0          x14=00000000
20550179ns          346517 1c00818c 00178793 addi             x15, x15, 1         x15=00000008 x15:00000007
20550199ns          346518 1c00818e 0067c0fb lp.setup         0x1, x15, 0x6       x15:00000008
20550219ns          346519 1c008192 0046230b p.lw             x6, 4(x12!)          x6=0000035d x12=10000668 x12:10000664  PA:10000664
20550239ns          346520 1c008196 2078788b p.lw             x17, x7(x16!)       x17=00000008 x16=10000228  x7:00000020 x16:10000208  PA:10000208
20550298ns          346523 1c00819a 43130733 p.mac            x14, x6, x17        x14=00001ae8 x14:00000000  x6:0000035d x17:00000008
20550318ns          346524 1c008192 0046230b p.lw             x6, 4(x12!)          x6=00000370 x12=1000066c x12:10000668  PA:10000668
20550338ns          346525 1c008196 2078788b p.lw             x17, x7(x16!)       x17=00000000 x16=10000248  x7:00000020 x16:10000228  PA:10000228
20550378ns          346527 1c00819a 43130733 p.mac            x14, x6, x17        x14=00001ae8 x14:00001ae8  x6:00000370 x17:00000000
20550398ns          346528 1c008192 0046230b p.lw             x6, 4(x12!)          x6=00000383 x12=10000670 x12:1000066c  PA:1000066c
20550418ns          346529 1c008196 2078788b p.lw             x17, x7(x16!)       x17=fffffff8 x16=10000268  x7:00000020 x16:10000248  PA:10000248
20550457ns          346531 1c00819a 43130733 p.mac            x14, x6, x17        x14=fffffed0 x14:00001ae8  x6:00000383 x17:fffffff8
20550477ns          346532 1c008192 0046230b p.lw             x6, 4(x12!)          x6=00000396 x12=10000674 x12:10000670  PA:10000670
20550497ns          346533 1c008196 2078788b p.lw             x17, x7(x16!)       x17=fffffff0 x16=10000288  x7:00000020 x16:10000268  PA:10000268
20550537ns          346535 1c00819a 43130733 p.mac            x14, x6, x17        x14=ffffc570 x14:fffffed0  x6:00000396 x17:fffffff0
20550557ns          346536 1c008192 0046230b p.lw             x6, 4(x12!)          x6=000003a9 x12=10000678 x12:10000674  PA:10000674
20550577ns          346537 1c008196 2078788b p.lw             x17, x7(x16!)       x17=ffffffe8 x16=100002a8  x7:00000020 x16:10000288  PA:10000288
20550616ns          346539 1c00819a 43130733 p.mac            x14, x6, x17        x14=ffff6d98 x14:ffffc570  x6:000003a9 x17:ffffffe8
20550636ns          346540 1c008192 0046230b p.lw             x6, 4(x12!)          x6=000003bc x12=1000067c x12:10000678  PA:10000678
20550656ns          346541 1c008196 2078788b p.lw             x17, x7(x16!)       x17=ffffffe0 x16=100002c8  x7:00000020 x16:100002a8  PA:100002a8
20550696ns          346543 1c00819a 43130733 p.mac            x14, x6, x17        x14=fffef618 x14:ffff6d98  x6:000003bc x17:ffffffe0
20550716ns          346544 1c008192 0046230b p.lw             x6, 4(x12!)          x6=000003cf x12=10000680 x12:1000067c  PA:1000067c
20550736ns          346545 1c008196 2078788b p.lw             x17, x7(x16!)       x17=ffffffd8 x16=100002e8  x7:00000020 x16:100002c8  PA:100002c8
20550776ns          346547 1c00819a 43130733 p.mac            x14, x6, x17        x14=fffe5dc0 x14:fffef618  x6:000003cf x17:ffffffd8
20550795ns          346548 1c008192 0046230b p.lw             x6, 4(x12!)          x6=000003e2 x12=10000684 x12:10000680  PA:10000680
20550815ns          346549 1c008196 2078788b p.lw             x17, x7(x16!)       x17=ffffffd0 x16=10000308  x7:00000020 x16:100002e8  PA:100002e8
20550855ns          346551 1c00819a 43130733 p.mac            x14, x6, x17        x14=fffda360 x14:fffe5dc0  x6:000003e2 x17:ffffffd0
20550875ns          346552 1c00819e 00ef222b p.sw             x14, 4(x30!)        x30=1000056c x14:fffda360 x30:10000568  PA:10000568
20550895ns          346553 1c0081a2 004e8e93 addi             x29, x29, 4         x29=1000020c x29:10000208
20550935ns          346555 1c00817e 40af87b3 sub              x15, x31, x10       x15=00000020 x31:10000684 x10:10000664
20550955ns          346556 1c008182 ffc78793 addi             x15, x15, -4        x15=0000001c x15:00000020
20550974ns          346557 1c008184 0027d793 srli             x15, x15, 0x2       x15=00000007 x15:0000001c
20550994ns          346558 1c008186 01d00833 add              x16, x0, x29        x16=1000020c x29:1000020c
20551014ns          346559 1c008188 00a00633 add              x12, x0, x10        x12=10000664 x10:10000664
20551034ns          346560 1c00818a 00000713 addi             x14, x0, 0          x14=00000000
20551054ns          346561 1c00818c 00178793 addi             x15, x15, 1         x15=00000008 x15:00000007
20551074ns          346562 1c00818e 0067c0fb lp.setup         0x1, x15, 0x6       x15:00000008
20551094ns          346563 1c008192 0046230b p.lw             x6, 4(x12!)          x6=0000035d x12=10000668 x12:10000664  PA:10000664
20551114ns          346564 1c008196 2078788b p.lw             x17, x7(x16!)       x17=00000007 x16=1000022c  x7:00000020 x16:1000020c  PA:1000020c
20551153ns          346566 1c00819a 43130733 p.mac            x14, x6, x17        x14=0000178b x14:00000000  x6:0000035d x17:00000007
20551173ns          346567 1c008192 0046230b p.lw             x6, 4(x12!)          x6=00000370 x12=1000066c x12:10000668  PA:10000668
20551213ns          346569 1c008196 2078788b p.lw             x17, x7(x16!)       x17=ffffffff x16=1000024c  x7:00000020 x16:1000022c  PA:1000022c
20551253ns          346571 1c00819a 43130733 p.mac            x14, x6, x17        x14=0000141b x14:0000178b  x6:00000370 x17:ffffffff
20551273ns          346572 1c008192 0046230b p.lw             x6, 4(x12!)          x6=00000383 x12=10000670 x12:1000066c  PA:1000066c
20551293ns          346573 1c008196 2078788b p.lw             x17, x7(x16!)       x17=fffffff7 x16=1000026c  x7:00000020 x16:1000024c  PA:1000024c
20551333ns          346575 1c00819a 43130733 p.mac            x14, x6, x17        x14=fffff480 x14:0000141b  x6:00000383 x17:fffffff7
20551352ns          346576 1c008192 0046230b p.lw             x6, 4(x12!)          x6=00000396 x12=10000674 x12:10000670  PA:10000670
20551372ns          346577 1c008196 2078788b p.lw             x17, x7(x16!)       x17=ffffffef x16=1000028c  x7:00000020 x16:1000026c  PA:1000026c
20551412ns          346579 1c00819a 43130733 p.mac            x14, x6, x17        x14=ffffb78a x14:fffff480  x6:00000396 x17:ffffffef
20551432ns          346580 1c008192 0046230b p.lw             x6, 4(x12!)          x6=000003a9 x12=10000678 x12:10000674  PA:10000674
20551452ns          346581 1c008196 2078788b p.lw             x17, x7(x16!)       x17=ffffffe7 x16=100002ac  x7:00000020 x16:1000028c  PA:1000028c
20551492ns          346583 1c00819a 43130733 p.mac            x14, x6, x17        x14=ffff5c09 x14:ffffb78a  x6:000003a9 x17:ffffffe7
20551512ns          346584 1c008192 0046230b p.lw             x6, 4(x12!)          x6=000003bc x12=1000067c x12:10000678  PA:10000678
20551531ns          346585 1c008196 2078788b p.lw             x17, x7(x16!)       x17=ffffffdf x16=100002cc  x7:00000020 x16:100002ac  PA:100002ac
20551571ns          346587 1c00819a 43130733 p.mac            x14, x6, x17        x14=fffee0cd x14:ffff5c09  x6:000003bc x17:ffffffdf
20551591ns          346588 1c008192 0046230b p.lw             x6, 4(x12!)          x6=000003cf x12=10000680 x12:1000067c  PA:1000067c
20551611ns          346589 1c008196 2078788b p.lw             x17, x7(x16!)       x17=ffffffd7 x16=100002ec  x7:00000020 x16:100002cc  PA:100002cc
20551651ns          346591 1c00819a 43130733 p.mac            x14, x6, x17        x14=fffe44a6 x14:fffee0cd  x6:000003cf x17:ffffffd7
20551671ns          346592 1c008192 0046230b p.lw             x6, 4(x12!)          x6=000003e2 x12=10000684 x12:10000680  PA:10000680
20551691ns          346593 1c008196 2078788b p.lw             x17, x7(x16!)       x17=ffffffcf x16=1000030c  x7:00000020 x16:100002ec  PA:100002ec
20551730ns          346595 1c00819a 43130733 p.mac            x14, x6, x17        x14=fffd8664 x14:fffe44a6  x6:000003e2 x17:ffffffcf
20551750ns          346596 1c00819e 00ef222b p.sw             x14, 4(x30!)        x30=10000570 x14:fffd8664 x30:1000056c  PA:1000056c
20551770ns          346597 1c0081a2 004e8e93 addi             x29, x29, 4         x29=10000210 x29:1000020c
20551810ns          346599 1c00817e 40af87b3 sub              x15, x31, x10       x15=00000020 x31:10000684 x10:10000664
20551830ns          346600 1c008182 ffc78793 addi             x15, x15, -4        x15=0000001c x15:00000020
20551850ns          346601 1c008184 0027d793 srli             x15, x15, 0x2       x15=00000007 x15:0000001c
20551870ns          346602 1c008186 01d00833 add              x16, x0, x29        x16=10000210 x29:10000210
20551889ns          346603 1c008188 00a00633 add              x12, x0, x10        x12=10000664 x10:10000664
20551909ns          346604 1c00818a 00000713 addi             x14, x0, 0          x14=00000000
20551929ns          346605 1c00818c 00178793 addi             x15, x15, 1         x15=00000008 x15:00000007
20551949ns          346606 1c00818e 0067c0fb lp.setup         0x1, x15, 0x6       x15:00000008
20551969ns          346607 1c008192 0046230b p.lw             x6, 4(x12!)          x6=0000035d x12=10000668 x12:10000664  PA:10000664
20551989ns          346608 1c008196 2078788b p.lw             x17, x7(x16!)       x17=00000006 x16=10000230  x7:00000020 x16:10000210  PA:10000210
20552029ns          346610 1c00819a 43130733 p.mac            x14, x6, x17        x14=0000142e x14:00000000  x6:0000035d x17:00000006
20552049ns          346611 1c008192 0046230b p.lw             x6, 4(x12!)          x6=00000370 x12=1000066c x12:10000668  PA:10000668
20552068ns          346612 1c008196 2078788b p.lw             x17, x7(x16!)       x17=fffffffe x16=10000250  x7:00000020 x16:10000230  PA:10000230
20552108ns          346614 1c00819a 43130733 p.mac            x14, x6, x17        x14=00000d4e x14:0000142e  x6:00000370 x17:fffffffe
20552128ns          346615 1c008192 0046230b p.lw             x6, 4(x12!)          x6=00000383 x12=10000670 x12:1000066c  PA:1000066c
20552148ns          346616 1c008196 2078788b p.lw             x17, x7(x16!)       x17=fffffff6 x16=10000270  x7:00000020 x16:10000250  PA:10000250
20552188ns          346618 1c00819a 43130733 p.mac            x14, x6, x17        x14=ffffea30 x14:00000d4e  x6:00000383 x17:fffffff6
20552208ns          346619 1c008192 0046230b p.lw             x6, 4(x12!)          x6=00000396 x12=10000674 x12:10000670  PA:10000670
20552228ns          346620 1c008196 2078788b p.lw             x17, x7(x16!)       x17=ffffffee x16=10000290  x7:00000020 x16:10000270  PA:10000270
20552267ns          346622 1c00819a 43130733 p.mac            x14, x6, x17        x14=ffffa9a4 x14:ffffea30  x6:00000396 x17:ffffffee
20552287ns          346623 1c008192 0046230b p.lw             x6, 4(x12!)          x6=000003a9 x12=10000678 x12:10000674  PA:10000674
20552307ns          346624 1c008196 2078788b p.lw             x17, x7(x16!)       x17=ffffffe6 x16=100002b0  x7:00000020 x16:10000290  PA:10000290
20552347ns          346626 1c00819a 43130733 p.mac            x14, x6, x17        x14=ffff4a7a x14:ffffa9a4  x6:000003a9 x17:ffffffe6
20552367ns          346627 1c008192 0046230b p.lw             x6, 4(x12!)          x6=000003bc x12=1000067c x12:10000678  PA:10000678
20552387ns          346628 1c008196 2078788b p.lw             x17, x7(x16!)       x17=ffffffde x16=100002d0  x7:00000020 x16:100002b0  PA:100002b0
20552426ns          346630 1c00819a 43130733 p.mac            x14, x6, x17        x14=fffecb82 x14:ffff4a7a  x6:000003bc x17:ffffffde
20552446ns          346631 1c008192 0046230b p.lw             x6, 4(x12!)          x6=000003cf x12=10000680 x12:1000067c  PA:1000067c
20552466ns          346632 1c008196 2078788b p.lw             x17, x7(x16!)       x17=ffffffd6 x16=100002f0  x7:00000020 x16:100002d0  PA:100002d0
20552506ns          346634 1c00819a 43130733 p.mac            x14, x6, x17        x14=fffe2b8c x14:fffecb82  x6:000003cf x17:ffffffd6
20552526ns          346635 1c008192 0046230b p.lw             x6, 4(x12!)          x6=000003e2 x12=10000684 x12:10000680  PA:10000680
20552546ns          346636 1c008196 2078788b p.lw             x17, x7(x16!)       x17=ffffffce x16=10000310  x7:00000020 x16:100002f0  PA:100002f0
20552606ns          346639 1c00819a 43130733 p.mac            x14, x6, x17        x14=fffd6968 x14:fffe2b8c  x6:000003e2 x17:ffffffce
20552625ns          346640 1c00819e 00ef222b p.sw             x14, 4(x30!)        x30=10000574 x14:fffd6968 x30:10000570  PA:10000570
20552645ns          346641 1c0081a2 004e8e93 addi             x29, x29, 4         x29=10000214 x29:10000210
20552685ns          346643 1c00817e 40af87b3 sub              x15, x31, x10       x15=00000020 x31:10000684 x10:10000664
20552705ns          346644 1c008182 ffc78793 addi             x15, x15, -4        x15=0000001c x15:00000020
20552725ns          346645 1c008184 0027d793 srli             x15, x15, 0x2       x15=00000007 x15:0000001c
20552745ns          346646 1c008186 01d00833 add              x16, x0, x29        x16=10000214 x29:10000214
20552765ns          346647 1c008188 00a00633 add              x12, x0, x10        x12=10000664 x10:10000664
20552785ns          346648 1c00818a 00000713 addi             x14, x0, 0          x14=00000000
20552804ns          346649 1c00818c 00178793 addi             x15, x15, 1         x15=00000008 x15:00000007
20552824ns          346650 1c00818e 0067c0fb lp.setup         0x1, x15, 0x6       x15:00000008
20552844ns          346651 1c008192 0046230b p.lw             x6, 4(x12!)          x6=0000035d x12=10000668 x12:10000664  PA:10000664
20552864ns          346652 1c008196 2078788b p.lw             x17, x7(x16!)       x17=00000005 x16=10000234  x7:00000020 x16:10000214  PA:10000214
20552904ns          346654 1c00819a 43130733 p.mac            x14, x6, x17        x14=000010d1 x14:00000000  x6:0000035d x17:00000005
20552924ns          346655 1c008192 0046230b p.lw             x6, 4(x12!)          x6=00000370 x12=1000066c x12:10000668  PA:10000668
20552944ns          346656 1c008196 2078788b p.lw             x17, x7(x16!)       x17=fffffffd x16=10000254  x7:00000020 x16:10000234  PA:10000234
20552983ns          346658 1c00819a 43130733 p.mac            x14, x6, x17        x14=00000681 x14:000010d1  x6:00000370 x17:fffffffd
20553003ns          346659 1c008192 0046230b p.lw             x6, 4(x12!)          x6=00000383 x12=10000670 x12:1000066c  PA:1000066c
20553023ns          346660 1c008196 2078788b p.lw             x17, x7(x16!)       x17=fffffff5 x16=10000274  x7:00000020 x16:10000254  PA:10000254
20553063ns          346662 1c00819a 43130733 p.mac            x14, x6, x17        x14=ffffdfe0 x14:00000681  x6:00000383 x17:fffffff5
20553083ns          346663 1c008192 0046230b p.lw             x6, 4(x12!)          x6=00000396 x12=10000674 x12:10000670  PA:10000670
20553103ns          346664 1c008196 2078788b p.lw             x17, x7(x16!)       x17=ffffffed x16=10000294  x7:00000020 x16:10000274  PA:10000274
20553143ns          346666 1c00819a 43130733 p.mac            x14, x6, x17        x14=ffff9bbe x14:ffffdfe0  x6:00000396 x17:ffffffed
20553162ns          346667 1c008192 0046230b p.lw             x6, 4(x12!)          x6=000003a9 x12=10000678 x12:10000674  PA:10000674
20553182ns          346668 1c008196 2078788b p.lw             x17, x7(x16!)       x17=ffffffe5 x16=100002b4  x7:00000020 x16:10000294  PA:10000294
20553222ns          346670 1c00819a 43130733 p.mac            x14, x6, x17        x14=ffff38eb x14:ffff9bbe  x6:000003a9 x17:ffffffe5
20553242ns          346671 1c008192 0046230b p.lw             x6, 4(x12!)          x6=000003bc x12=1000067c x12:10000678  PA:10000678
20553262ns          346672 1c008196 2078788b p.lw             x17, x7(x16!)       x17=ffffffdd x16=100002d4  x7:00000020 x16:100002b4  PA:100002b4
20553302ns          346674 1c00819a 43130733 p.mac            x14, x6, x17        x14=fffeb637 x14:ffff38eb  x6:000003bc x17:ffffffdd
20553322ns          346675 1c008192 0046230b p.lw             x6, 4(x12!)          x6=000003cf x12=10000680 x12:1000067c  PA:1000067c
20553341ns          346676 1c008196 2078788b p.lw             x17, x7(x16!)       x17=ffffffd5 x16=100002f4  x7:00000020 x16:100002d4  PA:100002d4
20553381ns          346678 1c00819a 43130733 p.mac            x14, x6, x17        x14=fffe1272 x14:fffeb637  x6:000003cf x17:ffffffd5
20553401ns          346679 1c008192 0046230b p.lw             x6, 4(x12!)          x6=000003e2 x12=10000684 x12:10000680  PA:10000680
20553421ns          346680 1c008196 2078788b p.lw             x17, x7(x16!)       x17=ffffffcd x16=10000314  x7:00000020 x16:100002f4  PA:100002f4
20553461ns          346682 1c00819a 43130733 p.mac            x14, x6, x17        x14=fffd4c6c x14:fffe1272  x6:000003e2 x17:ffffffcd
20553481ns          346683 1c00819e 00ef222b p.sw             x14, 4(x30!)        x30=10000578 x14:fffd4c6c x30:10000574  PA:10000574
20553501ns          346684 1c0081a2 004e8e93 addi             x29, x29, 4         x29=10000218 x29:10000214
20553540ns          346686 1c00817e 40af87b3 sub              x15, x31, x10       x15=00000020 x31:10000684 x10:10000664
20553560ns          346687 1c008182 ffc78793 addi             x15, x15, -4        x15=0000001c x15:00000020
20553580ns          346688 1c008184 0027d793 srli             x15, x15, 0x2       x15=00000007 x15:0000001c
20553600ns          346689 1c008186 01d00833 add              x16, x0, x29        x16=10000218 x29:10000218
20553620ns          346690 1c008188 00a00633 add              x12, x0, x10        x12=10000664 x10:10000664
20553640ns          346691 1c00818a 00000713 addi             x14, x0, 0          x14=00000000
20553660ns          346692 1c00818c 00178793 addi             x15, x15, 1         x15=00000008 x15:00000007
20553680ns          346693 1c00818e 0067c0fb lp.setup         0x1, x15, 0x6       x15:00000008
20553699ns          346694 1c008192 0046230b p.lw             x6, 4(x12!)          x6=0000035d x12=10000668 x12:10000664  PA:10000664
20553719ns          346695 1c008196 2078788b p.lw             x17, x7(x16!)       x17=00000004 x16=10000238  x7:00000020 x16:10000218  PA:10000218
20553759ns          346697 1c00819a 43130733 p.mac            x14, x6, x17        x14=00000d74 x14:00000000  x6:0000035d x17:00000004
20553779ns          346698 1c008192 0046230b p.lw             x6, 4(x12!)          x6=00000370 x12=1000066c x12:10000668  PA:10000668
20553799ns          346699 1c008196 2078788b p.lw             x17, x7(x16!)       x17=fffffffc x16=10000258  x7:00000020 x16:10000238  PA:10000238
20553839ns          346701 1c00819a 43130733 p.mac            x14, x6, x17        x14=ffffffb4 x14:00000d74  x6:00000370 x17:fffffffc
20553859ns          346702 1c008192 0046230b p.lw             x6, 4(x12!)          x6=00000383 x12=10000670 x12:1000066c  PA:1000066c
20553879ns          346703 1c008196 2078788b p.lw             x17, x7(x16!)       x17=fffffff4 x16=10000278  x7:00000020 x16:10000258  PA:10000258
20553918ns          346705 1c00819a 43130733 p.mac            x14, x6, x17        x14=ffffd590 x14:ffffffb4  x6:00000383 x17:fffffff4
20553938ns          346706 1c008192 0046230b p.lw             x6, 4(x12!)          x6=00000396 x12=10000674 x12:10000670  PA:10000670
20553958ns          346707 1c008196 2078788b p.lw             x17, x7(x16!)       x17=ffffffec x16=10000298  x7:00000020 x16:10000278  PA:10000278
20553998ns          346709 1c00819a 43130733 p.mac            x14, x6, x17        x14=ffff8dd8 x14:ffffd590  x6:00000396 x17:ffffffec
20554018ns          346710 1c008192 0046230b p.lw             x6, 4(x12!)          x6=000003a9 x12=10000678 x12:10000674  PA:10000674
20554038ns          346711 1c008196 2078788b p.lw             x17, x7(x16!)       x17=ffffffe4 x16=100002b8  x7:00000020 x16:10000298  PA:10000298
20554077ns          346713 1c00819a 43130733 p.mac            x14, x6, x17        x14=ffff275c x14:ffff8dd8  x6:000003a9 x17:ffffffe4
20554097ns          346714 1c008192 0046230b p.lw             x6, 4(x12!)          x6=000003bc x12=1000067c x12:10000678  PA:10000678
20554117ns          346715 1c008196 2078788b p.lw             x17, x7(x16!)       x17=ffffffdc x16=100002d8  x7:00000020 x16:100002b8  PA:100002b8
20554157ns          346717 1c00819a 43130733 p.mac            x14, x6, x17        x14=fffea0ec x14:ffff275c  x6:000003bc x17:ffffffdc
20554177ns          346718 1c008192 0046230b p.lw             x6, 4(x12!)          x6=000003cf x12=10000680 x12:1000067c  PA:1000067c
20554197ns          346719 1c008196 2078788b p.lw             x17, x7(x16!)       x17=ffffffd4 x16=100002f8  x7:00000020 x16:100002d8  PA:100002d8
20554237ns          346721 1c00819a 43130733 p.mac            x14, x6, x17        x14=fffdf958 x14:fffea0ec  x6:000003cf x17:ffffffd4
20554256ns          346722 1c008192 0046230b p.lw             x6, 4(x12!)          x6=000003e2 x12=10000684 x12:10000680  PA:10000680
20554276ns          346723 1c008196 2078788b p.lw             x17, x7(x16!)       x17=ffffffcc x16=10000318  x7:00000020 x16:100002f8  PA:100002f8
20554316ns          346725 1c00819a 43130733 p.mac            x14, x6, x17        x14=fffd2f70 x14:fffdf958  x6:000003e2 x17:ffffffcc
20554336ns          346726 1c00819e 00ef222b p.sw             x14, 4(x30!)        x30=1000057c x14:fffd2f70 x30:10000578  PA:10000578
20554356ns          346727 1c0081a2 004e8e93 addi             x29, x29, 4         x29=1000021c x29:10000218
20554396ns          346729 1c00817e 40af87b3 sub              x15, x31, x10       x15=00000020 x31:10000684 x10:10000664
20554416ns          346730 1c008182 ffc78793 addi             x15, x15, -4        x15=0000001c x15:00000020
20554435ns          346731 1c008184 0027d793 srli             x15, x15, 0x2       x15=00000007 x15:0000001c
20554455ns          346732 1c008186 01d00833 add              x16, x0, x29        x16=1000021c x29:1000021c
20554475ns          346733 1c008188 00a00633 add              x12, x0, x10        x12=10000664 x10:10000664
20554495ns          346734 1c00818a 00000713 addi             x14, x0, 0          x14=00000000
20554515ns          346735 1c00818c 00178793 addi             x15, x15, 1         x15=00000008 x15:00000007
20554535ns          346736 1c00818e 0067c0fb lp.setup         0x1, x15, 0x6       x15:00000008
20554555ns          346737 1c008192 0046230b p.lw             x6, 4(x12!)          x6=0000035d x12=10000668 x12:10000664  PA:10000664
20554575ns          346738 1c008196 2078788b p.lw             x17, x7(x16!)       x17=00000003 x16=1000023c  x7:00000020 x16:1000021c  PA:1000021c
20554614ns          346740 1c00819a 43130733 p.mac            x14, x6, x17        x14=00000a17 x14:00000000  x6:0000035d x17:00000003
20554634ns          346741 1c008192 0046230b p.lw             x6, 4(x12!)          x6=00000370 x12=1000066c x12:10000668  PA:10000668
20554654ns          346742 1c008196 2078788b p.lw             x17, x7(x16!)       x17=fffffffb x16=1000025c  x7:00000020 x16:1000023c  PA:1000023c
20554694ns          346744 1c00819a 43130733 p.mac            x14, x6, x17        x14=fffff8e7 x14:00000a17  x6:00000370 x17:fffffffb
20554714ns          346745 1c008192 0046230b p.lw             x6, 4(x12!)          x6=00000383 x12=10000670 x12:1000066c  PA:1000066c
20554734ns          346746 1c008196 2078788b p.lw             x17, x7(x16!)       x17=fffffff3 x16=1000027c  x7:00000020 x16:1000025c  PA:1000025c
20554774ns          346748 1c00819a 43130733 p.mac            x14, x6, x17        x14=ffffcb40 x14:fffff8e7  x6:00000383 x17:fffffff3
20554793ns          346749 1c008192 0046230b p.lw             x6, 4(x12!)          x6=00000396 x12=10000674 x12:10000670  PA:10000670
20554813ns          346750 1c008196 2078788b p.lw             x17, x7(x16!)       x17=ffffffeb x16=1000029c  x7:00000020 x16:1000027c  PA:1000027c
20554853ns          346752 1c00819a 43130733 p.mac            x14, x6, x17        x14=ffff7ff2 x14:ffffcb40  x6:00000396 x17:ffffffeb
20554873ns          346753 1c008192 0046230b p.lw             x6, 4(x12!)          x6=000003a9 x12=10000678 x12:10000674  PA:10000674
20554893ns          346754 1c008196 2078788b p.lw             x17, x7(x16!)       x17=ffffffe3 x16=100002bc  x7:00000020 x16:1000029c  PA:1000029c
20554933ns          346756 1c00819a 43130733 p.mac            x14, x6, x17        x14=ffff15cd x14:ffff7ff2  x6:000003a9 x17:ffffffe3
20554953ns          346757 1c008192 0046230b p.lw             x6, 4(x12!)          x6=000003bc x12=1000067c x12:10000678  PA:10000678
20554973ns          346758 1c008196 2078788b p.lw             x17, x7(x16!)       x17=ffffffdb x16=100002dc  x7:00000020 x16:100002bc  PA:100002bc
20555012ns          346760 1c00819a 43130733 p.mac            x14, x6, x17        x14=fffe8ba1 x14:ffff15cd  x6:000003bc x17:ffffffdb
20555032ns          346761 1c008192 0046230b p.lw             x6, 4(x12!)          x6=000003cf x12=10000680 x12:1000067c  PA:1000067c
20555052ns          346762 1c008196 2078788b p.lw             x17, x7(x16!)       x17=ffffffd3 x16=100002fc  x7:00000020 x16:100002dc  PA:100002dc
20555092ns          346764 1c00819a 43130733 p.mac            x14, x6, x17        x14=fffde03e x14:fffe8ba1  x6:000003cf x17:ffffffd3
20555112ns          346765 1c008192 0046230b p.lw             x6, 4(x12!)          x6=000003e2 x12=10000684 x12:10000680  PA:10000680
20555132ns          346766 1c008196 2078788b p.lw             x17, x7(x16!)       x17=ffffffcb x16=1000031c  x7:00000020 x16:100002fc  PA:100002fc
20555171ns          346768 1c00819a 43130733 p.mac            x14, x6, x17        x14=fffd1274 x14:fffde03e  x6:000003e2 x17:ffffffcb
20555191ns          346769 1c00819e 00ef222b p.sw             x14, 4(x30!)        x30=10000580 x14:fffd1274 x30:1000057c  PA:1000057c
20555211ns          346770 1c0081a2 004e8e93 addi             x29, x29, 4         x29=10000220 x29:1000021c
20555251ns          346772 1c00817e 40af87b3 sub              x15, x31, x10       x15=00000020 x31:10000684 x10:10000664
20555271ns          346773 1c008182 ffc78793 addi             x15, x15, -4        x15=0000001c x15:00000020
20555291ns          346774 1c008184 0027d793 srli             x15, x15, 0x2       x15=00000007 x15:0000001c
20555311ns          346775 1c008186 01d00833 add              x16, x0, x29        x16=10000220 x29:10000220
20555331ns          346776 1c008188 00a00633 add              x12, x0, x10        x12=10000664 x10:10000664
20555350ns          346777 1c00818a 00000713 addi             x14, x0, 0          x14=00000000
20555370ns          346778 1c00818c 00178793 addi             x15, x15, 1         x15=00000008 x15:00000007
20555390ns          346779 1c00818e 0067c0fb lp.setup         0x1, x15, 0x6       x15:00000008
20555410ns          346780 1c008192 0046230b p.lw             x6, 4(x12!)          x6=0000035d x12=10000668 x12:10000664  PA:10000664
20555430ns          346781 1c008196 2078788b p.lw             x17, x7(x16!)       x17=00000002 x16=10000240  x7:00000020 x16:10000220  PA:10000220
20555470ns          346783 1c00819a 43130733 p.mac            x14, x6, x17        x14=000006ba x14:00000000  x6:0000035d x17:00000002
20555490ns          346784 1c008192 0046230b p.lw             x6, 4(x12!)          x6=00000370 x12=1000066c x12:10000668  PA:10000668
20555510ns          346785 1c008196 2078788b p.lw             x17, x7(x16!)       x17=fffffffa x16=10000260  x7:00000020 x16:10000240  PA:10000240
20555549ns          346787 1c00819a 43130733 p.mac            x14, x6, x17        x14=fffff21a x14:000006ba  x6:00000370 x17:fffffffa
20555569ns          346788 1c008192 0046230b p.lw             x6, 4(x12!)          x6=00000383 x12=10000670 x12:1000066c  PA:1000066c
20555589ns          346789 1c008196 2078788b p.lw             x17, x7(x16!)       x17=fffffff2 x16=10000280  x7:00000020 x16:10000260  PA:10000260
20555629ns          346791 1c00819a 43130733 p.mac            x14, x6, x17        x14=ffffc0f0 x14:fffff21a  x6:00000383 x17:fffffff2
20555649ns          346792 1c008192 0046230b p.lw             x6, 4(x12!)          x6=00000396 x12=10000674 x12:10000670  PA:10000670
20555669ns          346793 1c008196 2078788b p.lw             x17, x7(x16!)       x17=ffffffea x16=100002a0  x7:00000020 x16:10000280  PA:10000280
20555708ns          346795 1c00819a 43130733 p.mac            x14, x6, x17        x14=ffff720c x14:ffffc0f0  x6:00000396 x17:ffffffea
20555728ns          346796 1c008192 0046230b p.lw             x6, 4(x12!)          x6=000003a9 x12=10000678 x12:10000674  PA:10000674
20555748ns          346797 1c008196 2078788b p.lw             x17, x7(x16!)       x17=ffffffe2 x16=100002c0  x7:00000020 x16:100002a0  PA:100002a0
20555788ns          346799 1c00819a 43130733 p.mac            x14, x6, x17        x14=ffff043e x14:ffff720c  x6:000003a9 x17:ffffffe2
20555808ns          346800 1c008192 0046230b p.lw             x6, 4(x12!)          x6=000003bc x12=1000067c x12:10000678  PA:10000678
20555828ns          346801 1c008196 2078788b p.lw             x17, x7(x16!)       x17=ffffffda x16=100002e0  x7:00000020 x16:100002c0  PA:100002c0
20555868ns          346803 1c00819a 43130733 p.mac            x14, x6, x17        x14=fffe7656 x14:ffff043e  x6:000003bc x17:ffffffda
20555887ns          346804 1c008192 0046230b p.lw             x6, 4(x12!)          x6=000003cf x12=10000680 x12:1000067c  PA:1000067c
20555907ns          346805 1c008196 2078788b p.lw             x17, x7(x16!)       x17=ffffffd2 x16=10000300  x7:00000020 x16:100002e0  PA:100002e0
20555947ns          346807 1c00819a 43130733 p.mac            x14, x6, x17        x14=fffdc724 x14:fffe7656  x6:000003cf x17:ffffffd2
20555967ns          346808 1c008192 0046230b p.lw             x6, 4(x12!)          x6=000003e2 x12=10000684 x12:10000680  PA:10000680
20555987ns          346809 1c008196 2078788b p.lw             x17, x7(x16!)       x17=ffffffca x16=10000320  x7:00000020 x16:10000300  PA:10000300
20556027ns          346811 1c00819a 43130733 p.mac            x14, x6, x17        x14=fffcf578 x14:fffdc724  x6:000003e2 x17:ffffffca
20556047ns          346812 1c00819e 00ef222b p.sw             x14, 4(x30!)        x30=10000584 x14:fffcf578 x30:10000580  PA:10000580
20556066ns          346813 1c0081a2 004e8e93 addi             x29, x29, 4         x29=10000224 x29:10000220
20556086ns          346814 1c0081a4 00128293 addi             x5, x5, 1            x5=00000004  x5:00000003
20556106ns          346815 1c0081a6 00750533 add              x10, x10, x7        x10=10000684 x10:10000664  x7:00000020
20556126ns          346816 1c0081a8 007f8fb3 add              x31, x31, x7        x31=100006a4 x31:10000684  x7:00000020
20556146ns          346817 1c0081aa fa569fe3 bne              x13, x5, -66        x13:00000008  x5:00000004
20556206ns          346820 1c008168 40b48e33 sub              x28, x9, x11        x28=00000020  x9:10000224 x11:10000204
20556226ns          346821 1c00816c ffce0e13 addi             x28, x28, -4        x28=0000001c x28:00000020
20556246ns          346822 1c00816e 002e5e13 srli             x28, x28, 0x2       x28=00000007 x28:0000001c
20556265ns          346823 1c008172 008f8f33 add              x30, x31, x8        x30=10000584 x31:100006a4  x8:fffffee0
20556285ns          346824 1c008176 00b00eb3 add              x29, x0, x11        x29=10000204 x11:10000204
20556305ns          346825 1c008178 001e0e13 addi             x28, x28, 1         x28=00000008 x28:00000007
20556325ns          346826 1c00817a 014e407b lp.setup         0x0, x28, 0x14      x28:00000008
20556345ns          346827 1c00817e 40af87b3 sub              x15, x31, x10       x15=00000020 x31:100006a4 x10:10000684
20556365ns          346828 1c008182 ffc78793 addi             x15, x15, -4        x15=0000001c x15:00000020
20556385ns          346829 1c008184 0027d793 srli             x15, x15, 0x2       x15=00000007 x15:0000001c
20556405ns          346830 1c008186 01d00833 add              x16, x0, x29        x16=10000204 x29:10000204
20556425ns          346831 1c008188 00a00633 add              x12, x0, x10        x12=10000684 x10:10000684
20556444ns          346832 1c00818a 00000713 addi             x14, x0, 0          x14=00000000
20556464ns          346833 1c00818c 00178793 addi             x15, x15, 1         x15=00000008 x15:00000007
20556484ns          346834 1c00818e 0067c0fb lp.setup         0x1, x15, 0x6       x15:00000008
20556504ns          346835 1c008192 0046230b p.lw             x6, 4(x12!)          x6=00000a15 x12=10000688 x12:10000684  PA:10000684
20556524ns          346836 1c008196 2078788b p.lw             x17, x7(x16!)       x17=00000009 x16=10000224  x7:00000020 x16:10000204  PA:10000204
20556564ns          346838 1c00819a 43130733 p.mac            x14, x6, x17        x14=00005abd x14:00000000  x6:00000a15 x17:00000009
20556584ns          346839 1c008192 0046230b p.lw             x6, 4(x12!)          x6=00000a68 x12=1000068c x12:10000688  PA:10000688
20556604ns          346840 1c008196 2078788b p.lw             x17, x7(x16!)       x17=00000001 x16=10000244  x7:00000020 x16:10000224  PA:10000224
20556643ns          346842 1c00819a 43130733 p.mac            x14, x6, x17        x14=00006525 x14:00005abd  x6:00000a68 x17:00000001
20556663ns          346843 1c008192 0046230b p.lw             x6, 4(x12!)          x6=00000abb x12=10000690 x12:1000068c  PA:1000068c
20556683ns          346844 1c008196 2078788b p.lw             x17, x7(x16!)       x17=fffffff9 x16=10000264  x7:00000020 x16:10000244  PA:10000244
20556723ns          346846 1c00819a 43130733 p.mac            x14, x6, x17        x14=00001a08 x14:00006525  x6:00000abb x17:fffffff9
20556743ns          346847 1c008192 0046230b p.lw             x6, 4(x12!)          x6=00000b0e x12=10000694 x12:10000690  PA:10000690
20556763ns          346848 1c008196 2078788b p.lw             x17, x7(x16!)       x17=fffffff1 x16=10000284  x7:00000020 x16:10000264  PA:10000264
20556802ns          346850 1c00819a 43130733 p.mac            x14, x6, x17        x14=ffff7436 x14:00001a08  x6:00000b0e x17:fffffff1
20556822ns          346851 1c008192 0046230b p.lw             x6, 4(x12!)          x6=00000b61 x12=10000698 x12:10000694  PA:10000694
20556842ns          346852 1c008196 2078788b p.lw             x17, x7(x16!)       x17=ffffffe9 x16=100002a4  x7:00000020 x16:10000284  PA:10000284
20556882ns          346854 1c00819a 43130733 p.mac            x14, x6, x17        x14=fffe6e7f x14:ffff7436  x6:00000b61 x17:ffffffe9
20556902ns          346855 1c008192 0046230b p.lw             x6, 4(x12!)          x6=00000bb4 x12=1000069c x12:10000698  PA:10000698
20556922ns          346856 1c008196 2078788b p.lw             x17, x7(x16!)       x17=ffffffe1 x16=100002c4  x7:00000020 x16:100002a4  PA:100002a4
20556962ns          346858 1c00819a 43130733 p.mac            x14, x6, x17        x14=fffd03b3 x14:fffe6e7f  x6:00000bb4 x17:ffffffe1
20556981ns          346859 1c008192 0046230b p.lw             x6, 4(x12!)          x6=00000c07 x12=100006a0 x12:1000069c  PA:1000069c
20557001ns          346860 1c008196 2078788b p.lw             x17, x7(x16!)       x17=ffffffd9 x16=100002e4  x7:00000020 x16:100002c4  PA:100002c4
20557041ns          346862 1c00819a 43130733 p.mac            x14, x6, x17        x14=fffb2ea2 x14:fffd03b3  x6:00000c07 x17:ffffffd9
20557061ns          346863 1c008192 0046230b p.lw             x6, 4(x12!)          x6=00000c5a x12=100006a4 x12:100006a0  PA:100006a0
20557081ns          346864 1c008196 2078788b p.lw             x17, x7(x16!)       x17=ffffffd1 x16=10000304  x7:00000020 x16:100002e4  PA:100002e4
20557121ns          346866 1c00819a 43130733 p.mac            x14, x6, x17        x14=fff8ea1c x14:fffb2ea2  x6:00000c5a x17:ffffffd1
20557141ns          346867 1c00819e 00ef222b p.sw             x14, 4(x30!)        x30=10000588 x14:fff8ea1c x30:10000584  PA:10000584
20557160ns          346868 1c0081a2 004e8e93 addi             x29, x29, 4         x29=10000208 x29:10000204
20557200ns          346870 1c00817e 40af87b3 sub              x15, x31, x10       x15=00000020 x31:100006a4 x10:10000684
20557220ns          346871 1c008182 ffc78793 addi             x15, x15, -4        x15=0000001c x15:00000020
20557240ns          346872 1c008184 0027d793 srli             x15, x15, 0x2       x15=00000007 x15:0000001c
20557260ns          346873 1c008186 01d00833 add              x16, x0, x29        x16=10000208 x29:10000208
20557280ns          346874 1c008188 00a00633 add              x12, x0, x10        x12=10000684 x10:10000684
20557300ns          346875 1c00818a 00000713 addi             x14, x0, 0          x14=00000000
20557320ns          346876 1c00818c 00178793 addi             x15, x15, 1         x15=00000008 x15:00000007
20557340ns          346877 1c00818e 0067c0fb lp.setup         0x1, x15, 0x6       x15:00000008
20557359ns          346878 1c008192 0046230b p.lw             x6, 4(x12!)          x6=00000a15 x12=10000688 x12:10000684  PA:10000684
20557399ns          346880 1c008196 2078788b p.lw             x17, x7(x16!)       x17=00000008 x16=10000228  x7:00000020 x16:10000208  PA:10000208
20557439ns          346882 1c00819a 43130733 p.mac            x14, x6, x17        x14=000050a8 x14:00000000  x6:00000a15 x17:00000008
20557459ns          346883 1c008192 0046230b p.lw             x6, 4(x12!)          x6=00000a68 x12=1000068c x12:10000688  PA:10000688
20557479ns          346884 1c008196 2078788b p.lw             x17, x7(x16!)       x17=00000000 x16=10000248  x7:00000020 x16:10000228  PA:10000228
20557519ns          346886 1c00819a 43130733 p.mac            x14, x6, x17        x14=000050a8 x14:000050a8  x6:00000a68 x17:00000000
20557538ns          346887 1c008192 0046230b p.lw             x6, 4(x12!)          x6=00000abb x12=10000690 x12:1000068c  PA:1000068c
20557558ns          346888 1c008196 2078788b p.lw             x17, x7(x16!)       x17=fffffff8 x16=10000268  x7:00000020 x16:10000248  PA:10000248
20557598ns          346890 1c00819a 43130733 p.mac            x14, x6, x17        x14=fffffad0 x14:000050a8  x6:00000abb x17:fffffff8
20557618ns          346891 1c008192 0046230b p.lw             x6, 4(x12!)          x6=00000b0e x12=10000694 x12:10000690  PA:10000690
20557638ns          346892 1c008196 2078788b p.lw             x17, x7(x16!)       x17=fffffff0 x16=10000288  x7:00000020 x16:10000268  PA:10000268
20557678ns          346894 1c00819a 43130733 p.mac            x14, x6, x17        x14=ffff49f0 x14:fffffad0  x6:00000b0e x17:fffffff0
20557698ns          346895 1c008192 0046230b p.lw             x6, 4(x12!)          x6=00000b61 x12=10000698 x12:10000694  PA:10000694
20557717ns          346896 1c008196 2078788b p.lw             x17, x7(x16!)       x17=ffffffe8 x16=100002a8  x7:00000020 x16:10000288  PA:10000288
20557757ns          346898 1c00819a 43130733 p.mac            x14, x6, x17        x14=fffe38d8 x14:ffff49f0  x6:00000b61 x17:ffffffe8
20557777ns          346899 1c008192 0046230b p.lw             x6, 4(x12!)          x6=00000bb4 x12=1000069c x12:10000698  PA:10000698
20557797ns          346900 1c008196 2078788b p.lw             x17, x7(x16!)       x17=ffffffe0 x16=100002c8  x7:00000020 x16:100002a8  PA:100002a8
20557837ns          346902 1c00819a 43130733 p.mac            x14, x6, x17        x14=fffcc258 x14:fffe38d8  x6:00000bb4 x17:ffffffe0
20557857ns          346903 1c008192 0046230b p.lw             x6, 4(x12!)          x6=00000c07 x12=100006a0 x12:1000069c  PA:1000069c
20557877ns          346904 1c008196 2078788b p.lw             x17, x7(x16!)       x17=ffffffd8 x16=100002e8  x7:00000020 x16:100002c8  PA:100002c8
20557916ns          346906 1c00819a 43130733 p.mac            x14, x6, x17        x14=fffae140 x14:fffcc258  x6:00000c07 x17:ffffffd8
20557936ns          346907 1c008192 0046230b p.lw             x6, 4(x12!)          x6=00000c5a x12=100006a4 x12:100006a0  PA:100006a0
20557956ns          346908 1c008196 2078788b p.lw             x17, x7(x16!)       x17=ffffffd0 x16=10000308  x7:00000020 x16:100002e8  PA:100002e8
20557996ns          346910 1c00819a 43130733 p.mac            x14, x6, x17        x14=fff89060 x14:fffae140  x6:00000c5a x17:ffffffd0
20558016ns          346911 1c00819e 00ef222b p.sw             x14, 4(x30!)        x30=1000058c x14:fff89060 x30:10000588  PA:10000588
20558036ns          346912 1c0081a2 004e8e93 addi             x29, x29, 4         x29=1000020c x29:10000208
20558075ns          346914 1c00817e 40af87b3 sub              x15, x31, x10       x15=00000020 x31:100006a4 x10:10000684
20558095ns          346915 1c008182 ffc78793 addi             x15, x15, -4        x15=0000001c x15:00000020
20558115ns          346916 1c008184 0027d793 srli             x15, x15, 0x2       x15=00000007 x15:0000001c
20558135ns          346917 1c008186 01d00833 add              x16, x0, x29        x16=1000020c x29:1000020c
20558155ns          346918 1c008188 00a00633 add              x12, x0, x10        x12=10000684 x10:10000684
20558175ns          346919 1c00818a 00000713 addi             x14, x0, 0          x14=00000000
20558195ns          346920 1c00818c 00178793 addi             x15, x15, 1         x15=00000008 x15:00000007
20558215ns          346921 1c00818e 0067c0fb lp.setup         0x1, x15, 0x6       x15:00000008
20558235ns          346922 1c008192 0046230b p.lw             x6, 4(x12!)          x6=00000a15 x12=10000688 x12:10000684  PA:10000684
20558254ns          346923 1c008196 2078788b p.lw             x17, x7(x16!)       x17=00000007 x16=1000022c  x7:00000020 x16:1000020c  PA:1000020c
20558294ns          346925 1c00819a 43130733 p.mac            x14, x6, x17        x14=00004693 x14:00000000  x6:00000a15 x17:00000007
20558314ns          346926 1c008192 0046230b p.lw             x6, 4(x12!)          x6=00000a68 x12=1000068c x12:10000688  PA:10000688
20558334ns          346927 1c008196 2078788b p.lw             x17, x7(x16!)       x17=ffffffff x16=1000024c  x7:00000020 x16:1000022c  PA:1000022c
20558374ns          346929 1c00819a 43130733 p.mac            x14, x6, x17        x14=00003c2b x14:00004693  x6:00000a68 x17:ffffffff
20558394ns          346930 1c008192 0046230b p.lw             x6, 4(x12!)          x6=00000abb x12=10000690 x12:1000068c  PA:1000068c
20558414ns          346931 1c008196 2078788b p.lw             x17, x7(x16!)       x17=fffffff7 x16=1000026c  x7:00000020 x16:1000024c  PA:1000024c
20558453ns          346933 1c00819a 43130733 p.mac            x14, x6, x17        x14=ffffdb98 x14:00003c2b  x6:00000abb x17:fffffff7
20558473ns          346934 1c008192 0046230b p.lw             x6, 4(x12!)          x6=00000b0e x12=10000694 x12:10000690  PA:10000690
20558493ns          346935 1c008196 2078788b p.lw             x17, x7(x16!)       x17=ffffffef x16=1000028c  x7:00000020 x16:1000026c  PA:1000026c
20558533ns          346937 1c00819a 43130733 p.mac            x14, x6, x17        x14=ffff1faa x14:ffffdb98  x6:00000b0e x17:ffffffef
20558553ns          346938 1c008192 0046230b p.lw             x6, 4(x12!)          x6=00000b61 x12=10000698 x12:10000694  PA:10000694
20558573ns          346939 1c008196 2078788b p.lw             x17, x7(x16!)       x17=ffffffe7 x16=100002ac  x7:00000020 x16:1000028c  PA:1000028c
20558613ns          346941 1c00819a 43130733 p.mac            x14, x6, x17        x14=fffe0331 x14:ffff1faa  x6:00000b61 x17:ffffffe7
20558632ns          346942 1c008192 0046230b p.lw             x6, 4(x12!)          x6=00000bb4 x12=1000069c x12:10000698  PA:10000698
20558652ns          346943 1c008196 2078788b p.lw             x17, x7(x16!)       x17=ffffffdf x16=100002cc  x7:00000020 x16:100002ac  PA:100002ac
20558692ns          346945 1c00819a 43130733 p.mac            x14, x6, x17        x14=fffc80fd x14:fffe0331  x6:00000bb4 x17:ffffffdf
20558712ns          346946 1c008192 0046230b p.lw             x6, 4(x12!)          x6=00000c07 x12=100006a0 x12:1000069c  PA:1000069c
20558732ns          346947 1c008196 2078788b p.lw             x17, x7(x16!)       x17=ffffffd7 x16=100002ec  x7:00000020 x16:100002cc  PA:100002cc
20558792ns          346950 1c00819a 43130733 p.mac            x14, x6, x17        x14=fffa93de x14:fffc80fd  x6:00000c07 x17:ffffffd7
20558811ns          346951 1c008192 0046230b p.lw             x6, 4(x12!)          x6=00000c5a x12=100006a4 x12:100006a0  PA:100006a0
20558831ns          346952 1c008196 2078788b p.lw             x17, x7(x16!)       x17=ffffffcf x16=1000030c  x7:00000020 x16:100002ec  PA:100002ec
20558871ns          346954 1c00819a 43130733 p.mac            x14, x6, x17        x14=fff836a4 x14:fffa93de  x6:00000c5a x17:ffffffcf
20558891ns          346955 1c00819e 00ef222b p.sw             x14, 4(x30!)        x30=10000590 x14:fff836a4 x30:1000058c  PA:1000058c
20558911ns          346956 1c0081a2 004e8e93 addi             x29, x29, 4         x29=10000210 x29:1000020c
20558951ns          346958 1c00817e 40af87b3 sub              x15, x31, x10       x15=00000020 x31:100006a4 x10:10000684
20558971ns          346959 1c008182 ffc78793 addi             x15, x15, -4        x15=0000001c x15:00000020
20558990ns          346960 1c008184 0027d793 srli             x15, x15, 0x2       x15=00000007 x15:0000001c
20559010ns          346961 1c008186 01d00833 add              x16, x0, x29        x16=10000210 x29:10000210
20559030ns          346962 1c008188 00a00633 add              x12, x0, x10        x12=10000684 x10:10000684
20559050ns          346963 1c00818a 00000713 addi             x14, x0, 0          x14=00000000
20559070ns          346964 1c00818c 00178793 addi             x15, x15, 1         x15=00000008 x15:00000007
20559090ns          346965 1c00818e 0067c0fb lp.setup         0x1, x15, 0x6       x15:00000008
20559110ns          346966 1c008192 0046230b p.lw             x6, 4(x12!)          x6=00000a15 x12=10000688 x12:10000684  PA:10000684
20559130ns          346967 1c008196 2078788b p.lw             x17, x7(x16!)       x17=00000006 x16=10000230  x7:00000020 x16:10000210  PA:10000210
20559169ns          346969 1c00819a 43130733 p.mac            x14, x6, x17        x14=00003c7e x14:00000000  x6:00000a15 x17:00000006
20559189ns          346970 1c008192 0046230b p.lw             x6, 4(x12!)          x6=00000a68 x12=1000068c x12:10000688  PA:10000688
20559209ns          346971 1c008196 2078788b p.lw             x17, x7(x16!)       x17=fffffffe x16=10000250  x7:00000020 x16:10000230  PA:10000230
20559249ns          346973 1c00819a 43130733 p.mac            x14, x6, x17        x14=000027ae x14:00003c7e  x6:00000a68 x17:fffffffe
20559269ns          346974 1c008192 0046230b p.lw             x6, 4(x12!)          x6=00000abb x12=10000690 x12:1000068c  PA:1000068c
20559289ns          346975 1c008196 2078788b p.lw             x17, x7(x16!)       x17=fffffff6 x16=10000270  x7:00000020 x16:10000250  PA:10000250
20559329ns          346977 1c00819a 43130733 p.mac            x14, x6, x17        x14=ffffbc60 x14:000027ae  x6:00000abb x17:fffffff6
20559348ns          346978 1c008192 0046230b p.lw             x6, 4(x12!)          x6=00000b0e x12=10000694 x12:10000690  PA:10000690
20559368ns          346979 1c008196 2078788b p.lw             x17, x7(x16!)       x17=ffffffee x16=10000290  x7:00000020 x16:10000270  PA:10000270
20559408ns          346981 1c00819a 43130733 p.mac            x14, x6, x17        x14=fffef564 x14:ffffbc60  x6:00000b0e x17:ffffffee
20559428ns          346982 1c008192 0046230b p.lw             x6, 4(x12!)          x6=00000b61 x12=10000698 x12:10000694  PA:10000694
20559448ns          346983 1c008196 2078788b p.lw             x17, x7(x16!)       x17=ffffffe6 x16=100002b0  x7:00000020 x16:10000290  PA:10000290
20559488ns          346985 1c00819a 43130733 p.mac            x14, x6, x17        x14=fffdcd8a x14:fffef564  x6:00000b61 x17:ffffffe6
20559508ns          346986 1c008192 0046230b p.lw             x6, 4(x12!)          x6=00000bb4 x12=1000069c x12:10000698  PA:10000698
20559527ns          346987 1c008196 2078788b p.lw             x17, x7(x16!)       x17=ffffffde x16=100002d0  x7:00000020 x16:100002b0  PA:100002b0
20559567ns          346989 1c00819a 43130733 p.mac            x14, x6, x17        x14=fffc3fa2 x14:fffdcd8a  x6:00000bb4 x17:ffffffde
20559587ns          346990 1c008192 0046230b p.lw             x6, 4(x12!)          x6=00000c07 x12=100006a0 x12:1000069c  PA:1000069c
20559607ns          346991 1c008196 2078788b p.lw             x17, x7(x16!)       x17=ffffffd6 x16=100002f0  x7:00000020 x16:100002d0  PA:100002d0
20559647ns          346993 1c00819a 43130733 p.mac            x14, x6, x17        x14=fffa467c x14:fffc3fa2  x6:00000c07 x17:ffffffd6
20559667ns          346994 1c008192 0046230b p.lw             x6, 4(x12!)          x6=00000c5a x12=100006a4 x12:100006a0  PA:100006a0
20559687ns          346995 1c008196 2078788b p.lw             x17, x7(x16!)       x17=ffffffce x16=10000310  x7:00000020 x16:100002f0  PA:100002f0
20559726ns          346997 1c00819a 43130733 p.mac            x14, x6, x17        x14=fff7dce8 x14:fffa467c  x6:00000c5a x17:ffffffce
20559746ns          346998 1c00819e 00ef222b p.sw             x14, 4(x30!)        x30=10000594 x14:fff7dce8 x30:10000590  PA:10000590
20559766ns          346999 1c0081a2 004e8e93 addi             x29, x29, 4         x29=10000214 x29:10000210
20559806ns          347001 1c00817e 40af87b3 sub              x15, x31, x10       x15=00000020 x31:100006a4 x10:10000684
20559826ns          347002 1c008182 ffc78793 addi             x15, x15, -4        x15=0000001c x15:00000020
20559846ns          347003 1c008184 0027d793 srli             x15, x15, 0x2       x15=00000007 x15:0000001c
20559866ns          347004 1c008186 01d00833 add              x16, x0, x29        x16=10000214 x29:10000214
20559886ns          347005 1c008188 00a00633 add              x12, x0, x10        x12=10000684 x10:10000684
20559905ns          347006 1c00818a 00000713 addi             x14, x0, 0          x14=00000000
20559925ns          347007 1c00818c 00178793 addi             x15, x15, 1         x15=00000008 x15:00000007
20559945ns          347008 1c00818e 0067c0fb lp.setup         0x1, x15, 0x6       x15:00000008
20559965ns          347009 1c008192 0046230b p.lw             x6, 4(x12!)          x6=00000a15 x12=10000688 x12:10000684  PA:10000684
20559985ns          347010 1c008196 2078788b p.lw             x17, x7(x16!)       x17=00000005 x16=10000234  x7:00000020 x16:10000214  PA:10000214
20560025ns          347012 1c00819a 43130733 p.mac            x14, x6, x17        x14=00003269 x14:00000000  x6:00000a15 x17:00000005
20560045ns          347013 1c008192 0046230b p.lw             x6, 4(x12!)          x6=00000a68 x12=1000068c x12:10000688  PA:10000688
20560065ns          347014 1c008196 2078788b p.lw             x17, x7(x16!)       x17=fffffffd x16=10000254  x7:00000020 x16:10000234  PA:10000234
20560104ns          347016 1c00819a 43130733 p.mac            x14, x6, x17        x14=00001331 x14:00003269  x6:00000a68 x17:fffffffd
20560124ns          347017 1c008192 0046230b p.lw             x6, 4(x12!)          x6=00000abb x12=10000690 x12:1000068c  PA:1000068c
20560144ns          347018 1c008196 2078788b p.lw             x17, x7(x16!)       x17=fffffff5 x16=10000274  x7:00000020 x16:10000254  PA:10000254
20560184ns          347020 1c00819a 43130733 p.mac            x14, x6, x17        x14=ffff9d28 x14:00001331  x6:00000abb x17:fffffff5
20560204ns          347021 1c008192 0046230b p.lw             x6, 4(x12!)          x6=00000b0e x12=10000694 x12:10000690  PA:10000690
20560224ns          347022 1c008196 2078788b p.lw             x17, x7(x16!)       x17=ffffffed x16=10000294  x7:00000020 x16:10000274  PA:10000274
20560263ns          347024 1c00819a 43130733 p.mac            x14, x6, x17        x14=fffecb1e x14:ffff9d28  x6:00000b0e x17:ffffffed
20560283ns          347025 1c008192 0046230b p.lw             x6, 4(x12!)          x6=00000b61 x12=10000698 x12:10000694  PA:10000694
20560303ns          347026 1c008196 2078788b p.lw             x17, x7(x16!)       x17=ffffffe5 x16=100002b4  x7:00000020 x16:10000294  PA:10000294
20560343ns          347028 1c00819a 43130733 p.mac            x14, x6, x17        x14=fffd97e3 x14:fffecb1e  x6:00000b61 x17:ffffffe5
20560363ns          347029 1c008192 0046230b p.lw             x6, 4(x12!)          x6=00000bb4 x12=1000069c x12:10000698  PA:10000698
20560383ns          347030 1c008196 2078788b p.lw             x17, x7(x16!)       x17=ffffffdd x16=100002d4  x7:00000020 x16:100002b4  PA:100002b4
20560423ns          347032 1c00819a 43130733 p.mac            x14, x6, x17        x14=fffbfe47 x14:fffd97e3  x6:00000bb4 x17:ffffffdd
20560442ns          347033 1c008192 0046230b p.lw             x6, 4(x12!)          x6=00000c07 x12=100006a0 x12:1000069c  PA:1000069c
20560462ns          347034 1c008196 2078788b p.lw             x17, x7(x16!)       x17=ffffffd5 x16=100002f4  x7:00000020 x16:100002d4  PA:100002d4
20560502ns          347036 1c00819a 43130733 p.mac            x14, x6, x17        x14=fff9f91a x14:fffbfe47  x6:00000c07 x17:ffffffd5
20560522ns          347037 1c008192 0046230b p.lw             x6, 4(x12!)          x6=00000c5a x12=100006a4 x12:100006a0  PA:100006a0
20560542ns          347038 1c008196 2078788b p.lw             x17, x7(x16!)       x17=ffffffcd x16=10000314  x7:00000020 x16:100002f4  PA:100002f4
20560582ns          347040 1c00819a 43130733 p.mac            x14, x6, x17        x14=fff7832c x14:fff9f91a  x6:00000c5a x17:ffffffcd
20560602ns          347041 1c00819e 00ef222b p.sw             x14, 4(x30!)        x30=10000598 x14:fff7832c x30:10000594  PA:10000594
20560621ns          347042 1c0081a2 004e8e93 addi             x29, x29, 4         x29=10000218 x29:10000214
20560661ns          347044 1c00817e 40af87b3 sub              x15, x31, x10       x15=00000020 x31:100006a4 x10:10000684
20560681ns          347045 1c008182 ffc78793 addi             x15, x15, -4        x15=0000001c x15:00000020
20560701ns          347046 1c008184 0027d793 srli             x15, x15, 0x2       x15=00000007 x15:0000001c
20560721ns          347047 1c008186 01d00833 add              x16, x0, x29        x16=10000218 x29:10000218
20560741ns          347048 1c008188 00a00633 add              x12, x0, x10        x12=10000684 x10:10000684
20560761ns          347049 1c00818a 00000713 addi             x14, x0, 0          x14=00000000
20560781ns          347050 1c00818c 00178793 addi             x15, x15, 1         x15=00000008 x15:00000007
20560800ns          347051 1c00818e 0067c0fb lp.setup         0x1, x15, 0x6       x15:00000008
20560820ns          347052 1c008192 0046230b p.lw             x6, 4(x12!)          x6=00000a15 x12=10000688 x12:10000684  PA:10000684
20560840ns          347053 1c008196 2078788b p.lw             x17, x7(x16!)       x17=00000004 x16=10000238  x7:00000020 x16:10000218  PA:10000218
20560880ns          347055 1c00819a 43130733 p.mac            x14, x6, x17        x14=00002854 x14:00000000  x6:00000a15 x17:00000004
20560900ns          347056 1c008192 0046230b p.lw             x6, 4(x12!)          x6=00000a68 x12=1000068c x12:10000688  PA:10000688
20560920ns          347057 1c008196 2078788b p.lw             x17, x7(x16!)       x17=fffffffc x16=10000258  x7:00000020 x16:10000238  PA:10000238
20560960ns          347059 1c00819a 43130733 p.mac            x14, x6, x17        x14=fffffeb4 x14:00002854  x6:00000a68 x17:fffffffc
20560980ns          347060 1c008192 0046230b p.lw             x6, 4(x12!)          x6=00000abb x12=10000690 x12:1000068c  PA:1000068c
20560999ns          347061 1c008196 2078788b p.lw             x17, x7(x16!)       x17=fffffff4 x16=10000278  x7:00000020 x16:10000258  PA:10000258
20561039ns          347063 1c00819a 43130733 p.mac            x14, x6, x17        x14=ffff7df0 x14:fffffeb4  x6:00000abb x17:fffffff4
20561059ns          347064 1c008192 0046230b p.lw             x6, 4(x12!)          x6=00000b0e x12=10000694 x12:10000690  PA:10000690
20561079ns          347065 1c008196 2078788b p.lw             x17, x7(x16!)       x17=ffffffec x16=10000298  x7:00000020 x16:10000278  PA:10000278
20561119ns          347067 1c00819a 43130733 p.mac            x14, x6, x17        x14=fffea0d8 x14:ffff7df0  x6:00000b0e x17:ffffffec
20561139ns          347068 1c008192 0046230b p.lw             x6, 4(x12!)          x6=00000b61 x12=10000698 x12:10000694  PA:10000694
20561159ns          347069 1c008196 2078788b p.lw             x17, x7(x16!)       x17=ffffffe4 x16=100002b8  x7:00000020 x16:10000298  PA:10000298
20561198ns          347071 1c00819a 43130733 p.mac            x14, x6, x17        x14=fffd623c x14:fffea0d8  x6:00000b61 x17:ffffffe4
20561218ns          347072 1c008192 0046230b p.lw             x6, 4(x12!)          x6=00000bb4 x12=1000069c x12:10000698  PA:10000698
20561238ns          347073 1c008196 2078788b p.lw             x17, x7(x16!)       x17=ffffffdc x16=100002d8  x7:00000020 x16:100002b8  PA:100002b8
20561278ns          347075 1c00819a 43130733 p.mac            x14, x6, x17        x14=fffbbcec x14:fffd623c  x6:00000bb4 x17:ffffffdc
20561298ns          347076 1c008192 0046230b p.lw             x6, 4(x12!)          x6=00000c07 x12=100006a0 x12:1000069c  PA:1000069c
20561318ns          347077 1c008196 2078788b p.lw             x17, x7(x16!)       x17=ffffffd4 x16=100002f8  x7:00000020 x16:100002d8  PA:100002d8
20561357ns          347079 1c00819a 43130733 p.mac            x14, x6, x17        x14=fff9abb8 x14:fffbbcec  x6:00000c07 x17:ffffffd4
20561377ns          347080 1c008192 0046230b p.lw             x6, 4(x12!)          x6=00000c5a x12=100006a4 x12:100006a0  PA:100006a0
20561397ns          347081 1c008196 2078788b p.lw             x17, x7(x16!)       x17=ffffffcc x16=10000318  x7:00000020 x16:100002f8  PA:100002f8
20561437ns          347083 1c00819a 43130733 p.mac            x14, x6, x17        x14=fff72970 x14:fff9abb8  x6:00000c5a x17:ffffffcc
20561457ns          347084 1c00819e 00ef222b p.sw             x14, 4(x30!)        x30=1000059c x14:fff72970 x30:10000598  PA:10000598
20561477ns          347085 1c0081a2 004e8e93 addi             x29, x29, 4         x29=1000021c x29:10000218
20561517ns          347087 1c00817e 40af87b3 sub              x15, x31, x10       x15=00000020 x31:100006a4 x10:10000684
20561536ns          347088 1c008182 ffc78793 addi             x15, x15, -4        x15=0000001c x15:00000020
20561556ns          347089 1c008184 0027d793 srli             x15, x15, 0x2       x15=00000007 x15:0000001c
20561576ns          347090 1c008186 01d00833 add              x16, x0, x29        x16=1000021c x29:1000021c
20561596ns          347091 1c008188 00a00633 add              x12, x0, x10        x12=10000684 x10:10000684
20561616ns          347092 1c00818a 00000713 addi             x14, x0, 0          x14=00000000
20561636ns          347093 1c00818c 00178793 addi             x15, x15, 1         x15=00000008 x15:00000007
20561656ns          347094 1c00818e 0067c0fb lp.setup         0x1, x15, 0x6       x15:00000008
20561676ns          347095 1c008192 0046230b p.lw             x6, 4(x12!)          x6=00000a15 x12=10000688 x12:10000684  PA:10000684
20561696ns          347096 1c008196 2078788b p.lw             x17, x7(x16!)       x17=00000003 x16=1000023c  x7:00000020 x16:1000021c  PA:1000021c
20561735ns          347098 1c00819a 43130733 p.mac            x14, x6, x17        x14=00001e3f x14:00000000  x6:00000a15 x17:00000003
20561755ns          347099 1c008192 0046230b p.lw             x6, 4(x12!)          x6=00000a68 x12=1000068c x12:10000688  PA:10000688
20561775ns          347100 1c008196 2078788b p.lw             x17, x7(x16!)       x17=fffffffb x16=1000025c  x7:00000020 x16:1000023c  PA:1000023c
20561815ns          347102 1c00819a 43130733 p.mac            x14, x6, x17        x14=ffffea37 x14:00001e3f  x6:00000a68 x17:fffffffb
20561835ns          347103 1c008192 0046230b p.lw             x6, 4(x12!)          x6=00000abb x12=10000690 x12:1000068c  PA:1000068c
20561855ns          347104 1c008196 2078788b p.lw             x17, x7(x16!)       x17=fffffff3 x16=1000027c  x7:00000020 x16:1000025c  PA:1000025c
20561894ns          347106 1c00819a 43130733 p.mac            x14, x6, x17        x14=ffff5eb8 x14:ffffea37  x6:00000abb x17:fffffff3
20561914ns          347107 1c008192 0046230b p.lw             x6, 4(x12!)          x6=00000b0e x12=10000694 x12:10000690  PA:10000690
20561934ns          347108 1c008196 2078788b p.lw             x17, x7(x16!)       x17=ffffffeb x16=1000029c  x7:00000020 x16:1000027c  PA:1000027c
20561974ns          347110 1c00819a 43130733 p.mac            x14, x6, x17        x14=fffe7692 x14:ffff5eb8  x6:00000b0e x17:ffffffeb
20561994ns          347111 1c008192 0046230b p.lw             x6, 4(x12!)          x6=00000b61 x12=10000698 x12:10000694  PA:10000694
20562014ns          347112 1c008196 2078788b p.lw             x17, x7(x16!)       x17=ffffffe3 x16=100002bc  x7:00000020 x16:1000029c  PA:1000029c
20562054ns          347114 1c00819a 43130733 p.mac            x14, x6, x17        x14=fffd2c95 x14:fffe7692  x6:00000b61 x17:ffffffe3
20562074ns          347115 1c008192 0046230b p.lw             x6, 4(x12!)          x6=00000bb4 x12=1000069c x12:10000698  PA:10000698
20562093ns          347116 1c008196 2078788b p.lw             x17, x7(x16!)       x17=ffffffdb x16=100002dc  x7:00000020 x16:100002bc  PA:100002bc
20562133ns          347118 1c00819a 43130733 p.mac            x14, x6, x17        x14=fffb7b91 x14:fffd2c95  x6:00000bb4 x17:ffffffdb
20562153ns          347119 1c008192 0046230b p.lw             x6, 4(x12!)          x6=00000c07 x12=100006a0 x12:1000069c  PA:1000069c
20562173ns          347120 1c008196 2078788b p.lw             x17, x7(x16!)       x17=ffffffd3 x16=100002fc  x7:00000020 x16:100002dc  PA:100002dc
20562213ns          347122 1c00819a 43130733 p.mac            x14, x6, x17        x14=fff95e56 x14:fffb7b91  x6:00000c07 x17:ffffffd3
20562233ns          347123 1c008192 0046230b p.lw             x6, 4(x12!)          x6=00000c5a x12=100006a4 x12:100006a0  PA:100006a0
20562253ns          347124 1c008196 2078788b p.lw             x17, x7(x16!)       x17=ffffffcb x16=1000031c  x7:00000020 x16:100002fc  PA:100002fc
20562292ns          347126 1c00819a 43130733 p.mac            x14, x6, x17        x14=fff6cfb4 x14:fff95e56  x6:00000c5a x17:ffffffcb
20562312ns          347127 1c00819e 00ef222b p.sw             x14, 4(x30!)        x30=100005a0 x14:fff6cfb4 x30:1000059c  PA:1000059c
20562332ns          347128 1c0081a2 004e8e93 addi             x29, x29, 4         x29=10000220 x29:1000021c
20562372ns          347130 1c00817e 40af87b3 sub              x15, x31, x10       x15=00000020 x31:100006a4 x10:10000684
20562392ns          347131 1c008182 ffc78793 addi             x15, x15, -4        x15=0000001c x15:00000020
20562412ns          347132 1c008184 0027d793 srli             x15, x15, 0x2       x15=00000007 x15:0000001c
20562432ns          347133 1c008186 01d00833 add              x16, x0, x29        x16=10000220 x29:10000220
20562451ns          347134 1c008188 00a00633 add              x12, x0, x10        x12=10000684 x10:10000684
20562471ns          347135 1c00818a 00000713 addi             x14, x0, 0          x14=00000000
20562491ns          347136 1c00818c 00178793 addi             x15, x15, 1         x15=00000008 x15:00000007
20562511ns          347137 1c00818e 0067c0fb lp.setup         0x1, x15, 0x6       x15:00000008
20562531ns          347138 1c008192 0046230b p.lw             x6, 4(x12!)          x6=00000a15 x12=10000688 x12:10000684  PA:10000684
20562551ns          347139 1c008196 2078788b p.lw             x17, x7(x16!)       x17=00000002 x16=10000240  x7:00000020 x16:10000220  PA:10000220
20562591ns          347141 1c00819a 43130733 p.mac            x14, x6, x17        x14=0000142a x14:00000000  x6:00000a15 x17:00000002
20562611ns          347142 1c008192 0046230b p.lw             x6, 4(x12!)          x6=00000a68 x12=1000068c x12:10000688  PA:10000688
20562630ns          347143 1c008196 2078788b p.lw             x17, x7(x16!)       x17=fffffffa x16=10000260  x7:00000020 x16:10000240  PA:10000240
20562670ns          347145 1c00819a 43130733 p.mac            x14, x6, x17        x14=ffffd5ba x14:0000142a  x6:00000a68 x17:fffffffa
20562690ns          347146 1c008192 0046230b p.lw             x6, 4(x12!)          x6=00000abb x12=10000690 x12:1000068c  PA:1000068c
20562710ns          347147 1c008196 2078788b p.lw             x17, x7(x16!)       x17=fffffff2 x16=10000280  x7:00000020 x16:10000260  PA:10000260
20562750ns          347149 1c00819a 43130733 p.mac            x14, x6, x17        x14=ffff3f80 x14:ffffd5ba  x6:00000abb x17:fffffff2
20562770ns          347150 1c008192 0046230b p.lw             x6, 4(x12!)          x6=00000b0e x12=10000694 x12:10000690  PA:10000690
20562790ns          347151 1c008196 2078788b p.lw             x17, x7(x16!)       x17=ffffffea x16=100002a0  x7:00000020 x16:10000280  PA:10000280
20562829ns          347153 1c00819a 43130733 p.mac            x14, x6, x17        x14=fffe4c4c x14:ffff3f80  x6:00000b0e x17:ffffffea
20562849ns          347154 1c008192 0046230b p.lw             x6, 4(x12!)          x6=00000b61 x12=10000698 x12:10000694  PA:10000694
20562869ns          347155 1c008196 2078788b p.lw             x17, x7(x16!)       x17=ffffffe2 x16=100002c0  x7:00000020 x16:100002a0  PA:100002a0
20562909ns          347157 1c00819a 43130733 p.mac            x14, x6, x17        x14=fffcf6ee x14:fffe4c4c  x6:00000b61 x17:ffffffe2
20562929ns          347158 1c008192 0046230b p.lw             x6, 4(x12!)          x6=00000bb4 x12=1000069c x12:10000698  PA:10000698
20562949ns          347159 1c008196 2078788b p.lw             x17, x7(x16!)       x17=ffffffda x16=100002e0  x7:00000020 x16:100002c0  PA:100002c0
20562988ns          347161 1c00819a 43130733 p.mac            x14, x6, x17        x14=fffb3a36 x14:fffcf6ee  x6:00000bb4 x17:ffffffda
20563008ns          347162 1c008192 0046230b p.lw             x6, 4(x12!)          x6=00000c07 x12=100006a0 x12:1000069c  PA:1000069c
20563028ns          347163 1c008196 2078788b p.lw             x17, x7(x16!)       x17=ffffffd2 x16=10000300  x7:00000020 x16:100002e0  PA:100002e0
20563068ns          347165 1c00819a 43130733 p.mac            x14, x6, x17        x14=fff910f4 x14:fffb3a36  x6:00000c07 x17:ffffffd2
20563088ns          347166 1c008192 0046230b p.lw             x6, 4(x12!)          x6=00000c5a x12=100006a4 x12:100006a0  PA:100006a0
20563108ns          347167 1c008196 2078788b p.lw             x17, x7(x16!)       x17=ffffffca x16=10000320  x7:00000020 x16:10000300  PA:10000300
20563148ns          347169 1c00819a 43130733 p.mac            x14, x6, x17        x14=fff675f8 x14:fff910f4  x6:00000c5a x17:ffffffca
20563167ns          347170 1c00819e 00ef222b p.sw             x14, 4(x30!)        x30=100005a4 x14:fff675f8 x30:100005a0  PA:100005a0
20563187ns          347171 1c0081a2 004e8e93 addi             x29, x29, 4         x29=10000224 x29:10000220
20563207ns          347172 1c0081a4 00128293 addi             x5, x5, 1            x5=00000005  x5:00000004
20563227ns          347173 1c0081a6 00750533 add              x10, x10, x7        x10=100006a4 x10:10000684  x7:00000020
20563247ns          347174 1c0081a8 007f8fb3 add              x31, x31, x7        x31=100006c4 x31:100006a4  x7:00000020
20563267ns          347175 1c0081aa fa569fe3 bne              x13, x5, -66        x13:00000008  x5:00000005
20563327ns          347178 1c008168 40b48e33 sub              x28, x9, x11        x28=00000020  x9:10000224 x11:10000204
20563347ns          347179 1c00816c ffce0e13 addi             x28, x28, -4        x28=0000001c x28:00000020
20563366ns          347180 1c00816e 002e5e13 srli             x28, x28, 0x2       x28=00000007 x28:0000001c
20563386ns          347181 1c008172 008f8f33 add              x30, x31, x8        x30=100005a4 x31:100006c4  x8:fffffee0
20563406ns          347182 1c008176 00b00eb3 add              x29, x0, x11        x29=10000204 x11:10000204
20563426ns          347183 1c008178 001e0e13 addi             x28, x28, 1         x28=00000008 x28:00000007
20563446ns          347184 1c00817a 014e407b lp.setup         0x0, x28, 0x14      x28:00000008
20563466ns          347185 1c00817e 40af87b3 sub              x15, x31, x10       x15=00000020 x31:100006c4 x10:100006a4
20563486ns          347186 1c008182 ffc78793 addi             x15, x15, -4        x15=0000001c x15:00000020
20563506ns          347187 1c008184 0027d793 srli             x15, x15, 0x2       x15=00000007 x15:0000001c
20563526ns          347188 1c008186 01d00833 add              x16, x0, x29        x16=10000204 x29:10000204
20563545ns          347189 1c008188 00a00633 add              x12, x0, x10        x12=100006a4 x10:100006a4
20563565ns          347190 1c00818a 00000713 addi             x14, x0, 0          x14=00000000
20563585ns          347191 1c00818c 00178793 addi             x15, x15, 1         x15=00000008 x15:00000007
20563605ns          347192 1c00818e 0067c0fb lp.setup         0x1, x15, 0x6       x15:00000008
20563625ns          347193 1c008192 0046230b p.lw             x6, 4(x12!)          x6=000010cd x12=100006a8 x12:100006a4  PA:100006a4
20563645ns          347194 1c008196 2078788b p.lw             x17, x7(x16!)       x17=00000009 x16=10000224  x7:00000020 x16:10000204  PA:10000204
20563685ns          347196 1c00819a 43130733 p.mac            x14, x6, x17        x14=00009735 x14:00000000  x6:000010cd x17:00000009
20563705ns          347197 1c008192 0046230b p.lw             x6, 4(x12!)          x6=00001160 x12=100006ac x12:100006a8  PA:100006a8
20563724ns          347198 1c008196 2078788b p.lw             x17, x7(x16!)       x17=00000001 x16=10000244  x7:00000020 x16:10000224  PA:10000224
20563764ns          347200 1c00819a 43130733 p.mac            x14, x6, x17        x14=0000a895 x14:00009735  x6:00001160 x17:00000001
20563784ns          347201 1c008192 0046230b p.lw             x6, 4(x12!)          x6=000011f3 x12=100006b0 x12:100006ac  PA:100006ac
20563804ns          347202 1c008196 2078788b p.lw             x17, x7(x16!)       x17=fffffff9 x16=10000264  x7:00000020 x16:10000244  PA:10000244
20563844ns          347204 1c00819a 43130733 p.mac            x14, x6, x17        x14=00002af0 x14:0000a895  x6:000011f3 x17:fffffff9
20563864ns          347205 1c008192 0046230b p.lw             x6, 4(x12!)          x6=00001286 x12=100006b4 x12:100006b0  PA:100006b0
20563884ns          347206 1c008196 2078788b p.lw             x17, x7(x16!)       x17=fffffff1 x16=10000284  x7:00000020 x16:10000264  PA:10000264
20563923ns          347208 1c00819a 43130733 p.mac            x14, x6, x17        x14=ffff1516 x14:00002af0  x6:00001286 x17:fffffff1
20563943ns          347209 1c008192 0046230b p.lw             x6, 4(x12!)          x6=00001319 x12=100006b8 x12:100006b4  PA:100006b4
20563963ns          347210 1c008196 2078788b p.lw             x17, x7(x16!)       x17=ffffffe9 x16=100002a4  x7:00000020 x16:10000284  PA:10000284
20564003ns          347212 1c00819a 43130733 p.mac            x14, x6, x17        x14=fffd5dd7 x14:ffff1516  x6:00001319 x17:ffffffe9
20564023ns          347213 1c008192 0046230b p.lw             x6, 4(x12!)          x6=000013ac x12=100006bc x12:100006b8  PA:100006b8
20564043ns          347214 1c008196 2078788b p.lw             x17, x7(x16!)       x17=ffffffe1 x16=100002c4  x7:00000020 x16:100002a4  PA:100002a4
20564082ns          347216 1c00819a 43130733 p.mac            x14, x6, x17        x14=fffafc03 x14:fffd5dd7  x6:000013ac x17:ffffffe1
20564102ns          347217 1c008192 0046230b p.lw             x6, 4(x12!)          x6=0000143f x12=100006c0 x12:100006bc  PA:100006bc
20564122ns          347218 1c008196 2078788b p.lw             x17, x7(x16!)       x17=ffffffd9 x16=100002e4  x7:00000020 x16:100002c4  PA:100002c4
20564162ns          347220 1c00819a 43130733 p.mac            x14, x6, x17        x14=fff7e66a x14:fffafc03  x6:0000143f x17:ffffffd9
20564182ns          347221 1c008192 0046230b p.lw             x6, 4(x12!)          x6=000014d2 x12=100006c4 x12:100006c0  PA:100006c0
20564202ns          347222 1c008196 2078788b p.lw             x17, x7(x16!)       x17=ffffffd1 x16=10000304  x7:00000020 x16:100002e4  PA:100002e4
20564242ns          347224 1c00819a 43130733 p.mac            x14, x6, x17        x14=fff413dc x14:fff7e66a  x6:000014d2 x17:ffffffd1
20564261ns          347225 1c00819e 00ef222b p.sw             x14, 4(x30!)        x30=100005a8 x14:fff413dc x30:100005a4  PA:100005a4
20564281ns          347226 1c0081a2 004e8e93 addi             x29, x29, 4         x29=10000208 x29:10000204
20564321ns          347228 1c00817e 40af87b3 sub              x15, x31, x10       x15=00000020 x31:100006c4 x10:100006a4
20564341ns          347229 1c008182 ffc78793 addi             x15, x15, -4        x15=0000001c x15:00000020
20564361ns          347230 1c008184 0027d793 srli             x15, x15, 0x2       x15=00000007 x15:0000001c
20564381ns          347231 1c008186 01d00833 add              x16, x0, x29        x16=10000208 x29:10000208
20564401ns          347232 1c008188 00a00633 add              x12, x0, x10        x12=100006a4 x10:100006a4
20564421ns          347233 1c00818a 00000713 addi             x14, x0, 0          x14=00000000
20564441ns          347234 1c00818c 00178793 addi             x15, x15, 1         x15=00000008 x15:00000007
20564460ns          347235 1c00818e 0067c0fb lp.setup         0x1, x15, 0x6       x15:00000008
20564480ns          347236 1c008192 0046230b p.lw             x6, 4(x12!)          x6=000010cd x12=100006a8 x12:100006a4  PA:100006a4
20564500ns          347237 1c008196 2078788b p.lw             x17, x7(x16!)       x17=00000008 x16=10000228  x7:00000020 x16:10000208  PA:10000208
20564540ns          347239 1c00819a 43130733 p.mac            x14, x6, x17        x14=00008668 x14:00000000  x6:000010cd x17:00000008
20564560ns          347240 1c008192 0046230b p.lw             x6, 4(x12!)          x6=00001160 x12=100006ac x12:100006a8  PA:100006a8
20564580ns          347241 1c008196 2078788b p.lw             x17, x7(x16!)       x17=00000000 x16=10000248  x7:00000020 x16:10000228  PA:10000228
20564620ns          347243 1c00819a 43130733 p.mac            x14, x6, x17        x14=00008668 x14:00008668  x6:00001160 x17:00000000
20564639ns          347244 1c008192 0046230b p.lw             x6, 4(x12!)          x6=000011f3 x12=100006b0 x12:100006ac  PA:100006ac
20564659ns          347245 1c008196 2078788b p.lw             x17, x7(x16!)       x17=fffffff8 x16=10000268  x7:00000020 x16:10000248  PA:10000248
20564699ns          347247 1c00819a 43130733 p.mac            x14, x6, x17        x14=fffff6d0 x14:00008668  x6:000011f3 x17:fffffff8
20564719ns          347248 1c008192 0046230b p.lw             x6, 4(x12!)          x6=00001286 x12=100006b4 x12:100006b0  PA:100006b0
20564739ns          347249 1c008196 2078788b p.lw             x17, x7(x16!)       x17=fffffff0 x16=10000288  x7:00000020 x16:10000268  PA:10000268
20564779ns          347251 1c00819a 43130733 p.mac            x14, x6, x17        x14=fffece70 x14:fffff6d0  x6:00001286 x17:fffffff0
20564799ns          347252 1c008192 0046230b p.lw             x6, 4(x12!)          x6=00001319 x12=100006b8 x12:100006b4  PA:100006b4
20564818ns          347253 1c008196 2078788b p.lw             x17, x7(x16!)       x17=ffffffe8 x16=100002a8  x7:00000020 x16:10000288  PA:10000288
20564858ns          347255 1c00819a 43130733 p.mac            x14, x6, x17        x14=fffd0418 x14:fffece70  x6:00001319 x17:ffffffe8
20564878ns          347256 1c008192 0046230b p.lw             x6, 4(x12!)          x6=000013ac x12=100006bc x12:100006b8  PA:100006b8
20564898ns          347257 1c008196 2078788b p.lw             x17, x7(x16!)       x17=ffffffe0 x16=100002c8  x7:00000020 x16:100002a8  PA:100002a8
20564938ns          347259 1c00819a 43130733 p.mac            x14, x6, x17        x14=fffa8e98 x14:fffd0418  x6:000013ac x17:ffffffe0
20564958ns          347260 1c008192 0046230b p.lw             x6, 4(x12!)          x6=0000143f x12=100006c0 x12:100006bc  PA:100006bc
20564978ns          347261 1c008196 2078788b p.lw             x17, x7(x16!)       x17=ffffffd8 x16=100002e8  x7:00000020 x16:100002c8  PA:100002c8
20565017ns          347263 1c00819a 43130733 p.mac            x14, x6, x17        x14=fff764c0 x14:fffa8e98  x6:0000143f x17:ffffffd8
20565037ns          347264 1c008192 0046230b p.lw             x6, 4(x12!)          x6=000014d2 x12=100006c4 x12:100006c0  PA:100006c0
20565057ns          347265 1c008196 2078788b p.lw             x17, x7(x16!)       x17=ffffffd0 x16=10000308  x7:00000020 x16:100002e8  PA:100002e8
20565097ns          347267 1c00819a 43130733 p.mac            x14, x6, x17        x14=fff37d60 x14:fff764c0  x6:000014d2 x17:ffffffd0
20565117ns          347268 1c00819e 00ef222b p.sw             x14, 4(x30!)        x30=100005ac x14:fff37d60 x30:100005a8  PA:100005a8
20565137ns          347269 1c0081a2 004e8e93 addi             x29, x29, 4         x29=1000020c x29:10000208
20565176ns          347271 1c00817e 40af87b3 sub              x15, x31, x10       x15=00000020 x31:100006c4 x10:100006a4
20565196ns          347272 1c008182 ffc78793 addi             x15, x15, -4        x15=0000001c x15:00000020
20565216ns          347273 1c008184 0027d793 srli             x15, x15, 0x2       x15=00000007 x15:0000001c
20565236ns          347274 1c008186 01d00833 add              x16, x0, x29        x16=1000020c x29:1000020c
20565256ns          347275 1c008188 00a00633 add              x12, x0, x10        x12=100006a4 x10:100006a4
20565276ns          347276 1c00818a 00000713 addi             x14, x0, 0          x14=00000000
20565296ns          347277 1c00818c 00178793 addi             x15, x15, 1         x15=00000008 x15:00000007
20565316ns          347278 1c00818e 0067c0fb lp.setup         0x1, x15, 0x6       x15:00000008
20565336ns          347279 1c008192 0046230b p.lw             x6, 4(x12!)          x6=000010cd x12=100006a8 x12:100006a4  PA:100006a4
20565355ns          347280 1c008196 2078788b p.lw             x17, x7(x16!)       x17=00000007 x16=1000022c  x7:00000020 x16:1000020c  PA:1000020c
20565395ns          347282 1c00819a 43130733 p.mac            x14, x6, x17        x14=0000759b x14:00000000  x6:000010cd x17:00000007
20565415ns          347283 1c008192 0046230b p.lw             x6, 4(x12!)          x6=00001160 x12=100006ac x12:100006a8  PA:100006a8
20565455ns          347285 1c008196 2078788b p.lw             x17, x7(x16!)       x17=ffffffff x16=1000024c  x7:00000020 x16:1000022c  PA:1000022c
20565495ns          347287 1c00819a 43130733 p.mac            x14, x6, x17        x14=0000643b x14:0000759b  x6:00001160 x17:ffffffff
20565515ns          347288 1c008192 0046230b p.lw             x6, 4(x12!)          x6=000011f3 x12=100006b0 x12:100006ac  PA:100006ac
20565534ns          347289 1c008196 2078788b p.lw             x17, x7(x16!)       x17=fffffff7 x16=1000026c  x7:00000020 x16:1000024c  PA:1000024c
20565574ns          347291 1c00819a 43130733 p.mac            x14, x6, x17        x14=ffffc2b0 x14:0000643b  x6:000011f3 x17:fffffff7
20565594ns          347292 1c008192 0046230b p.lw             x6, 4(x12!)          x6=00001286 x12=100006b4 x12:100006b0  PA:100006b0
20565614ns          347293 1c008196 2078788b p.lw             x17, x7(x16!)       x17=ffffffef x16=1000028c  x7:00000020 x16:1000026c  PA:1000026c
20565654ns          347295 1c00819a 43130733 p.mac            x14, x6, x17        x14=fffe87ca x14:ffffc2b0  x6:00001286 x17:ffffffef
20565674ns          347296 1c008192 0046230b p.lw             x6, 4(x12!)          x6=00001319 x12=100006b8 x12:100006b4  PA:100006b4
20565694ns          347297 1c008196 2078788b p.lw             x17, x7(x16!)       x17=ffffffe7 x16=100002ac  x7:00000020 x16:1000028c  PA:1000028c
20565733ns          347299 1c00819a 43130733 p.mac            x14, x6, x17        x14=fffcaa59 x14:fffe87ca  x6:00001319 x17:ffffffe7
20565753ns          347300 1c008192 0046230b p.lw             x6, 4(x12!)          x6=000013ac x12=100006bc x12:100006b8  PA:100006b8
20565773ns          347301 1c008196 2078788b p.lw             x17, x7(x16!)       x17=ffffffdf x16=100002cc  x7:00000020 x16:100002ac  PA:100002ac
20565813ns          347303 1c00819a 43130733 p.mac            x14, x6, x17        x14=fffa212d x14:fffcaa59  x6:000013ac x17:ffffffdf
20565833ns          347304 1c008192 0046230b p.lw             x6, 4(x12!)          x6=0000143f x12=100006c0 x12:100006bc  PA:100006bc
20565853ns          347305 1c008196 2078788b p.lw             x17, x7(x16!)       x17=ffffffd7 x16=100002ec  x7:00000020 x16:100002cc  PA:100002cc
20565893ns          347307 1c00819a 43130733 p.mac            x14, x6, x17        x14=fff6e316 x14:fffa212d  x6:0000143f x17:ffffffd7
20565912ns          347308 1c008192 0046230b p.lw             x6, 4(x12!)          x6=000014d2 x12=100006c4 x12:100006c0  PA:100006c0
20565932ns          347309 1c008196 2078788b p.lw             x17, x7(x16!)       x17=ffffffcf x16=1000030c  x7:00000020 x16:100002ec  PA:100002ec
20565972ns          347311 1c00819a 43130733 p.mac            x14, x6, x17        x14=fff2e6e4 x14:fff6e316  x6:000014d2 x17:ffffffcf
20565992ns          347312 1c00819e 00ef222b p.sw             x14, 4(x30!)        x30=100005b0 x14:fff2e6e4 x30:100005ac  PA:100005ac
20566012ns          347313 1c0081a2 004e8e93 addi             x29, x29, 4         x29=10000210 x29:1000020c
20566052ns          347315 1c00817e 40af87b3 sub              x15, x31, x10       x15=00000020 x31:100006c4 x10:100006a4
20566072ns          347316 1c008182 ffc78793 addi             x15, x15, -4        x15=0000001c x15:00000020
20566091ns          347317 1c008184 0027d793 srli             x15, x15, 0x2       x15=00000007 x15:0000001c
20566111ns          347318 1c008186 01d00833 add              x16, x0, x29        x16=10000210 x29:10000210
20566131ns          347319 1c008188 00a00633 add              x12, x0, x10        x12=100006a4 x10:100006a4
20566151ns          347320 1c00818a 00000713 addi             x14, x0, 0          x14=00000000
20566171ns          347321 1c00818c 00178793 addi             x15, x15, 1         x15=00000008 x15:00000007
20566191ns          347322 1c00818e 0067c0fb lp.setup         0x1, x15, 0x6       x15:00000008
20566211ns          347323 1c008192 0046230b p.lw             x6, 4(x12!)          x6=000010cd x12=100006a8 x12:100006a4  PA:100006a4
20566231ns          347324 1c008196 2078788b p.lw             x17, x7(x16!)       x17=00000006 x16=10000230  x7:00000020 x16:10000210  PA:10000210
20566270ns          347326 1c00819a 43130733 p.mac            x14, x6, x17        x14=000064ce x14:00000000  x6:000010cd x17:00000006
20566290ns          347327 1c008192 0046230b p.lw             x6, 4(x12!)          x6=00001160 x12=100006ac x12:100006a8  PA:100006a8
20566310ns          347328 1c008196 2078788b p.lw             x17, x7(x16!)       x17=fffffffe x16=10000250  x7:00000020 x16:10000230  PA:10000230
20566350ns          347330 1c00819a 43130733 p.mac            x14, x6, x17        x14=0000420e x14:000064ce  x6:00001160 x17:fffffffe
20566370ns          347331 1c008192 0046230b p.lw             x6, 4(x12!)          x6=000011f3 x12=100006b0 x12:100006ac  PA:100006ac
20566390ns          347332 1c008196 2078788b p.lw             x17, x7(x16!)       x17=fffffff6 x16=10000270  x7:00000020 x16:10000250  PA:10000250
20566430ns          347334 1c00819a 43130733 p.mac            x14, x6, x17        x14=ffff8e90 x14:0000420e  x6:000011f3 x17:fffffff6
20566449ns          347335 1c008192 0046230b p.lw             x6, 4(x12!)          x6=00001286 x12=100006b4 x12:100006b0  PA:100006b0
20566469ns          347336 1c008196 2078788b p.lw             x17, x7(x16!)       x17=ffffffee x16=10000290  x7:00000020 x16:10000270  PA:10000270
20566509ns          347338 1c00819a 43130733 p.mac            x14, x6, x17        x14=fffe4124 x14:ffff8e90  x6:00001286 x17:ffffffee
20566529ns          347339 1c008192 0046230b p.lw             x6, 4(x12!)          x6=00001319 x12=100006b8 x12:100006b4  PA:100006b4
20566549ns          347340 1c008196 2078788b p.lw             x17, x7(x16!)       x17=ffffffe6 x16=100002b0  x7:00000020 x16:10000290  PA:10000290
20566589ns          347342 1c00819a 43130733 p.mac            x14, x6, x17        x14=fffc509a x14:fffe4124  x6:00001319 x17:ffffffe6
20566609ns          347343 1c008192 0046230b p.lw             x6, 4(x12!)          x6=000013ac x12=100006bc x12:100006b8  PA:100006b8
20566628ns          347344 1c008196 2078788b p.lw             x17, x7(x16!)       x17=ffffffde x16=100002d0  x7:00000020 x16:100002b0  PA:100002b0
20566668ns          347346 1c00819a 43130733 p.mac            x14, x6, x17        x14=fff9b3c2 x14:fffc509a  x6:000013ac x17:ffffffde
20566688ns          347347 1c008192 0046230b p.lw             x6, 4(x12!)          x6=0000143f x12=100006c0 x12:100006bc  PA:100006bc
20566708ns          347348 1c008196 2078788b p.lw             x17, x7(x16!)       x17=ffffffd6 x16=100002f0  x7:00000020 x16:100002d0  PA:100002d0
20566748ns          347350 1c00819a 43130733 p.mac            x14, x6, x17        x14=fff6616c x14:fff9b3c2  x6:0000143f x17:ffffffd6
20566768ns          347351 1c008192 0046230b p.lw             x6, 4(x12!)          x6=000014d2 x12=100006c4 x12:100006c0  PA:100006c0
20566788ns          347352 1c008196 2078788b p.lw             x17, x7(x16!)       x17=ffffffce x16=10000310  x7:00000020 x16:100002f0  PA:100002f0
20566847ns          347355 1c00819a 43130733 p.mac            x14, x6, x17        x14=fff25068 x14:fff6616c  x6:000014d2 x17:ffffffce
20566867ns          347356 1c00819e 00ef222b p.sw             x14, 4(x30!)        x30=100005b4 x14:fff25068 x30:100005b0  PA:100005b0
20566887ns          347357 1c0081a2 004e8e93 addi             x29, x29, 4         x29=10000214 x29:10000210
20566927ns          347359 1c00817e 40af87b3 sub              x15, x31, x10       x15=00000020 x31:100006c4 x10:100006a4
20566947ns          347360 1c008182 ffc78793 addi             x15, x15, -4        x15=0000001c x15:00000020
20566967ns          347361 1c008184 0027d793 srli             x15, x15, 0x2       x15=00000007 x15:0000001c
20566987ns          347362 1c008186 01d00833 add              x16, x0, x29        x16=10000214 x29:10000214
20567006ns          347363 1c008188 00a00633 add              x12, x0, x10        x12=100006a4 x10:100006a4
20567026ns          347364 1c00818a 00000713 addi             x14, x0, 0          x14=00000000
20567046ns          347365 1c00818c 00178793 addi             x15, x15, 1         x15=00000008 x15:00000007
20567066ns          347366 1c00818e 0067c0fb lp.setup         0x1, x15, 0x6       x15:00000008
20567086ns          347367 1c008192 0046230b p.lw             x6, 4(x12!)          x6=000010cd x12=100006a8 x12:100006a4  PA:100006a4
20567106ns          347368 1c008196 2078788b p.lw             x17, x7(x16!)       x17=00000005 x16=10000234  x7:00000020 x16:10000214  PA:10000214
20567146ns          347370 1c00819a 43130733 p.mac            x14, x6, x17        x14=00005401 x14:00000000  x6:000010cd x17:00000005
20567166ns          347371 1c008192 0046230b p.lw             x6, 4(x12!)          x6=00001160 x12=100006ac x12:100006a8  PA:100006a8
20567185ns          347372 1c008196 2078788b p.lw             x17, x7(x16!)       x17=fffffffd x16=10000254  x7:00000020 x16:10000234  PA:10000234
20567225ns          347374 1c00819a 43130733 p.mac            x14, x6, x17        x14=00001fe1 x14:00005401  x6:00001160 x17:fffffffd
20567245ns          347375 1c008192 0046230b p.lw             x6, 4(x12!)          x6=000011f3 x12=100006b0 x12:100006ac  PA:100006ac
20567265ns          347376 1c008196 2078788b p.lw             x17, x7(x16!)       x17=fffffff5 x16=10000274  x7:00000020 x16:10000254  PA:10000254
20567305ns          347378 1c00819a 43130733 p.mac            x14, x6, x17        x14=ffff5a70 x14:00001fe1  x6:000011f3 x17:fffffff5
20567325ns          347379 1c008192 0046230b p.lw             x6, 4(x12!)          x6=00001286 x12=100006b4 x12:100006b0  PA:100006b0
20567345ns          347380 1c008196 2078788b p.lw             x17, x7(x16!)       x17=ffffffed x16=10000294  x7:00000020 x16:10000274  PA:10000274
20567384ns          347382 1c00819a 43130733 p.mac            x14, x6, x17        x14=fffdfa7e x14:ffff5a70  x6:00001286 x17:ffffffed
20567404ns          347383 1c008192 0046230b p.lw             x6, 4(x12!)          x6=00001319 x12=100006b8 x12:100006b4  PA:100006b4
20567424ns          347384 1c008196 2078788b p.lw             x17, x7(x16!)       x17=ffffffe5 x16=100002b4  x7:00000020 x16:10000294  PA:10000294
20567464ns          347386 1c00819a 43130733 p.mac            x14, x6, x17        x14=fffbf6db x14:fffdfa7e  x6:00001319 x17:ffffffe5
20567484ns          347387 1c008192 0046230b p.lw             x6, 4(x12!)          x6=000013ac x12=100006bc x12:100006b8  PA:100006b8
20567504ns          347388 1c008196 2078788b p.lw             x17, x7(x16!)       x17=ffffffdd x16=100002d4  x7:00000020 x16:100002b4  PA:100002b4
20567543ns          347390 1c00819a 43130733 p.mac            x14, x6, x17        x14=fff94657 x14:fffbf6db  x6:000013ac x17:ffffffdd
20567563ns          347391 1c008192 0046230b p.lw             x6, 4(x12!)          x6=0000143f x12=100006c0 x12:100006bc  PA:100006bc
20567583ns          347392 1c008196 2078788b p.lw             x17, x7(x16!)       x17=ffffffd5 x16=100002f4  x7:00000020 x16:100002d4  PA:100002d4
20567623ns          347394 1c00819a 43130733 p.mac            x14, x6, x17        x14=fff5dfc2 x14:fff94657  x6:0000143f x17:ffffffd5
20567643ns          347395 1c008192 0046230b p.lw             x6, 4(x12!)          x6=000014d2 x12=100006c4 x12:100006c0  PA:100006c0
20567663ns          347396 1c008196 2078788b p.lw             x17, x7(x16!)       x17=ffffffcd x16=10000314  x7:00000020 x16:100002f4  PA:100002f4
20567703ns          347398 1c00819a 43130733 p.mac            x14, x6, x17        x14=fff1b9ec x14:fff5dfc2  x6:000014d2 x17:ffffffcd
20567722ns          347399 1c00819e 00ef222b p.sw             x14, 4(x30!)        x30=100005b8 x14:fff1b9ec x30:100005b4  PA:100005b4
20567742ns          347400 1c0081a2 004e8e93 addi             x29, x29, 4         x29=10000218 x29:10000214
20567782ns          347402 1c00817e 40af87b3 sub              x15, x31, x10       x15=00000020 x31:100006c4 x10:100006a4
20567802ns          347403 1c008182 ffc78793 addi             x15, x15, -4        x15=0000001c x15:00000020
20567822ns          347404 1c008184 0027d793 srli             x15, x15, 0x2       x15=00000007 x15:0000001c
20567842ns          347405 1c008186 01d00833 add              x16, x0, x29        x16=10000218 x29:10000218
20567862ns          347406 1c008188 00a00633 add              x12, x0, x10        x12=100006a4 x10:100006a4
20567882ns          347407 1c00818a 00000713 addi             x14, x0, 0          x14=00000000
20567901ns          347408 1c00818c 00178793 addi             x15, x15, 1         x15=00000008 x15:00000007
20567921ns          347409 1c00818e 0067c0fb lp.setup         0x1, x15, 0x6       x15:00000008
20567941ns          347410 1c008192 0046230b p.lw             x6, 4(x12!)          x6=000010cd x12=100006a8 x12:100006a4  PA:100006a4
20567961ns          347411 1c008196 2078788b p.lw             x17, x7(x16!)       x17=00000004 x16=10000238  x7:00000020 x16:10000218  PA:10000218
20568001ns          347413 1c00819a 43130733 p.mac            x14, x6, x17        x14=00004334 x14:00000000  x6:000010cd x17:00000004
20568021ns          347414 1c008192 0046230b p.lw             x6, 4(x12!)          x6=00001160 x12=100006ac x12:100006a8  PA:100006a8
20568041ns          347415 1c008196 2078788b p.lw             x17, x7(x16!)       x17=fffffffc x16=10000258  x7:00000020 x16:10000238  PA:10000238
20568081ns          347417 1c00819a 43130733 p.mac            x14, x6, x17        x14=fffffdb4 x14:00004334  x6:00001160 x17:fffffffc
20568100ns          347418 1c008192 0046230b p.lw             x6, 4(x12!)          x6=000011f3 x12=100006b0 x12:100006ac  PA:100006ac
20568120ns          347419 1c008196 2078788b p.lw             x17, x7(x16!)       x17=fffffff4 x16=10000278  x7:00000020 x16:10000258  PA:10000258
20568160ns          347421 1c00819a 43130733 p.mac            x14, x6, x17        x14=ffff2650 x14:fffffdb4  x6:000011f3 x17:fffffff4
20568180ns          347422 1c008192 0046230b p.lw             x6, 4(x12!)          x6=00001286 x12=100006b4 x12:100006b0  PA:100006b0
20568200ns          347423 1c008196 2078788b p.lw             x17, x7(x16!)       x17=ffffffec x16=10000298  x7:00000020 x16:10000278  PA:10000278
20568240ns          347425 1c00819a 43130733 p.mac            x14, x6, x17        x14=fffdb3d8 x14:ffff2650  x6:00001286 x17:ffffffec
20568260ns          347426 1c008192 0046230b p.lw             x6, 4(x12!)          x6=00001319 x12=100006b8 x12:100006b4  PA:100006b4
20568279ns          347427 1c008196 2078788b p.lw             x17, x7(x16!)       x17=ffffffe4 x16=100002b8  x7:00000020 x16:10000298  PA:10000298
20568319ns          347429 1c00819a 43130733 p.mac            x14, x6, x17        x14=fffb9d1c x14:fffdb3d8  x6:00001319 x17:ffffffe4
20568339ns          347430 1c008192 0046230b p.lw             x6, 4(x12!)          x6=000013ac x12=100006bc x12:100006b8  PA:100006b8
20568359ns          347431 1c008196 2078788b p.lw             x17, x7(x16!)       x17=ffffffdc x16=100002d8  x7:00000020 x16:100002b8  PA:100002b8
20568399ns          347433 1c00819a 43130733 p.mac            x14, x6, x17        x14=fff8d8ec x14:fffb9d1c  x6:000013ac x17:ffffffdc
20568419ns          347434 1c008192 0046230b p.lw             x6, 4(x12!)          x6=0000143f x12=100006c0 x12:100006bc  PA:100006bc
20568439ns          347435 1c008196 2078788b p.lw             x17, x7(x16!)       x17=ffffffd4 x16=100002f8  x7:00000020 x16:100002d8  PA:100002d8
20568478ns          347437 1c00819a 43130733 p.mac            x14, x6, x17        x14=fff55e18 x14:fff8d8ec  x6:0000143f x17:ffffffd4
20568498ns          347438 1c008192 0046230b p.lw             x6, 4(x12!)          x6=000014d2 x12=100006c4 x12:100006c0  PA:100006c0
20568518ns          347439 1c008196 2078788b p.lw             x17, x7(x16!)       x17=ffffffcc x16=10000318  x7:00000020 x16:100002f8  PA:100002f8
20568558ns          347441 1c00819a 43130733 p.mac            x14, x6, x17        x14=fff12370 x14:fff55e18  x6:000014d2 x17:ffffffcc
20568578ns          347442 1c00819e 00ef222b p.sw             x14, 4(x30!)        x30=100005bc x14:fff12370 x30:100005b8  PA:100005b8
20568598ns          347443 1c0081a2 004e8e93 addi             x29, x29, 4         x29=1000021c x29:10000218
20568637ns          347445 1c00817e 40af87b3 sub              x15, x31, x10       x15=00000020 x31:100006c4 x10:100006a4
20568657ns          347446 1c008182 ffc78793 addi             x15, x15, -4        x15=0000001c x15:00000020
20568677ns          347447 1c008184 0027d793 srli             x15, x15, 0x2       x15=00000007 x15:0000001c
20568697ns          347448 1c008186 01d00833 add              x16, x0, x29        x16=1000021c x29:1000021c
20568717ns          347449 1c008188 00a00633 add              x12, x0, x10        x12=100006a4 x10:100006a4
20568737ns          347450 1c00818a 00000713 addi             x14, x0, 0          x14=00000000
20568757ns          347451 1c00818c 00178793 addi             x15, x15, 1         x15=00000008 x15:00000007
20568777ns          347452 1c00818e 0067c0fb lp.setup         0x1, x15, 0x6       x15:00000008
20568797ns          347453 1c008192 0046230b p.lw             x6, 4(x12!)          x6=000010cd x12=100006a8 x12:100006a4  PA:100006a4
20568816ns          347454 1c008196 2078788b p.lw             x17, x7(x16!)       x17=00000003 x16=1000023c  x7:00000020 x16:1000021c  PA:1000021c
20568856ns          347456 1c00819a 43130733 p.mac            x14, x6, x17        x14=00003267 x14:00000000  x6:000010cd x17:00000003
20568876ns          347457 1c008192 0046230b p.lw             x6, 4(x12!)          x6=00001160 x12=100006ac x12:100006a8  PA:100006a8
20568896ns          347458 1c008196 2078788b p.lw             x17, x7(x16!)       x17=fffffffb x16=1000025c  x7:00000020 x16:1000023c  PA:1000023c
20568936ns          347460 1c00819a 43130733 p.mac            x14, x6, x17        x14=ffffdb87 x14:00003267  x6:00001160 x17:fffffffb
20568956ns          347461 1c008192 0046230b p.lw             x6, 4(x12!)          x6=000011f3 x12=100006b0 x12:100006ac  PA:100006ac
20568976ns          347462 1c008196 2078788b p.lw             x17, x7(x16!)       x17=fffffff3 x16=1000027c  x7:00000020 x16:1000025c  PA:1000025c
20569015ns          347464 1c00819a 43130733 p.mac            x14, x6, x17        x14=fffef230 x14:ffffdb87  x6:000011f3 x17:fffffff3
20569035ns          347465 1c008192 0046230b p.lw             x6, 4(x12!)          x6=00001286 x12=100006b4 x12:100006b0  PA:100006b0
20569055ns          347466 1c008196 2078788b p.lw             x17, x7(x16!)       x17=ffffffeb x16=1000029c  x7:00000020 x16:1000027c  PA:1000027c
20569095ns          347468 1c00819a 43130733 p.mac            x14, x6, x17        x14=fffd6d32 x14:fffef230  x6:00001286 x17:ffffffeb
20569115ns          347469 1c008192 0046230b p.lw             x6, 4(x12!)          x6=00001319 x12=100006b8 x12:100006b4  PA:100006b4
20569135ns          347470 1c008196 2078788b p.lw             x17, x7(x16!)       x17=ffffffe3 x16=100002bc  x7:00000020 x16:1000029c  PA:1000029c
20569175ns          347472 1c00819a 43130733 p.mac            x14, x6, x17        x14=fffb435d x14:fffd6d32  x6:00001319 x17:ffffffe3
20569194ns          347473 1c008192 0046230b p.lw             x6, 4(x12!)          x6=000013ac x12=100006bc x12:100006b8  PA:100006b8
20569214ns          347474 1c008196 2078788b p.lw             x17, x7(x16!)       x17=ffffffdb x16=100002dc  x7:00000020 x16:100002bc  PA:100002bc
20569254ns          347476 1c00819a 43130733 p.mac            x14, x6, x17        x14=fff86b81 x14:fffb435d  x6:000013ac x17:ffffffdb
20569274ns          347477 1c008192 0046230b p.lw             x6, 4(x12!)          x6=0000143f x12=100006c0 x12:100006bc  PA:100006bc
20569294ns          347478 1c008196 2078788b p.lw             x17, x7(x16!)       x17=ffffffd3 x16=100002fc  x7:00000020 x16:100002dc  PA:100002dc
20569334ns          347480 1c00819a 43130733 p.mac            x14, x6, x17        x14=fff4dc6e x14:fff86b81  x6:0000143f x17:ffffffd3
20569354ns          347481 1c008192 0046230b p.lw             x6, 4(x12!)          x6=000014d2 x12=100006c4 x12:100006c0  PA:100006c0
20569373ns          347482 1c008196 2078788b p.lw             x17, x7(x16!)       x17=ffffffcb x16=1000031c  x7:00000020 x16:100002fc  PA:100002fc
20569413ns          347484 1c00819a 43130733 p.mac            x14, x6, x17        x14=fff08cf4 x14:fff4dc6e  x6:000014d2 x17:ffffffcb
20569433ns          347485 1c00819e 00ef222b p.sw             x14, 4(x30!)        x30=100005c0 x14:fff08cf4 x30:100005bc  PA:100005bc
20569453ns          347486 1c0081a2 004e8e93 addi             x29, x29, 4         x29=10000220 x29:1000021c
20569493ns          347488 1c00817e 40af87b3 sub              x15, x31, x10       x15=00000020 x31:100006c4 x10:100006a4
20569513ns          347489 1c008182 ffc78793 addi             x15, x15, -4        x15=0000001c x15:00000020
20569533ns          347490 1c008184 0027d793 srli             x15, x15, 0x2       x15=00000007 x15:0000001c
20569552ns          347491 1c008186 01d00833 add              x16, x0, x29        x16=10000220 x29:10000220
20569572ns          347492 1c008188 00a00633 add              x12, x0, x10        x12=100006a4 x10:100006a4
20569592ns          347493 1c00818a 00000713 addi             x14, x0, 0          x14=00000000
20569612ns          347494 1c00818c 00178793 addi             x15, x15, 1         x15=00000008 x15:00000007
20569632ns          347495 1c00818e 0067c0fb lp.setup         0x1, x15, 0x6       x15:00000008
20569652ns          347496 1c008192 0046230b p.lw             x6, 4(x12!)          x6=000010cd x12=100006a8 x12:100006a4  PA:100006a4
20569672ns          347497 1c008196 2078788b p.lw             x17, x7(x16!)       x17=00000002 x16=10000240  x7:00000020 x16:10000220  PA:10000220
20569712ns          347499 1c00819a 43130733 p.mac            x14, x6, x17        x14=0000219a x14:00000000  x6:000010cd x17:00000002
20569731ns          347500 1c008192 0046230b p.lw             x6, 4(x12!)          x6=00001160 x12=100006ac x12:100006a8  PA:100006a8
20569751ns          347501 1c008196 2078788b p.lw             x17, x7(x16!)       x17=fffffffa x16=10000260  x7:00000020 x16:10000240  PA:10000240
20569791ns          347503 1c00819a 43130733 p.mac            x14, x6, x17        x14=ffffb95a x14:0000219a  x6:00001160 x17:fffffffa
20569811ns          347504 1c008192 0046230b p.lw             x6, 4(x12!)          x6=000011f3 x12=100006b0 x12:100006ac  PA:100006ac
20569831ns          347505 1c008196 2078788b p.lw             x17, x7(x16!)       x17=fffffff2 x16=10000280  x7:00000020 x16:10000260  PA:10000260
20569871ns          347507 1c00819a 43130733 p.mac            x14, x6, x17        x14=fffebe10 x14:ffffb95a  x6:000011f3 x17:fffffff2
20569891ns          347508 1c008192 0046230b p.lw             x6, 4(x12!)          x6=00001286 x12=100006b4 x12:100006b0  PA:100006b0
20569910ns          347509 1c008196 2078788b p.lw             x17, x7(x16!)       x17=ffffffea x16=100002a0  x7:00000020 x16:10000280  PA:10000280
20569950ns          347511 1c00819a 43130733 p.mac            x14, x6, x17        x14=fffd268c x14:fffebe10  x6:00001286 x17:ffffffea
20569970ns          347512 1c008192 0046230b p.lw             x6, 4(x12!)          x6=00001319 x12=100006b8 x12:100006b4  PA:100006b4
20569990ns          347513 1c008196 2078788b p.lw             x17, x7(x16!)       x17=ffffffe2 x16=100002c0  x7:00000020 x16:100002a0  PA:100002a0
20570030ns          347515 1c00819a 43130733 p.mac            x14, x6, x17        x14=fffae99e x14:fffd268c  x6:00001319 x17:ffffffe2
20570050ns          347516 1c008192 0046230b p.lw             x6, 4(x12!)          x6=000013ac x12=100006bc x12:100006b8  PA:100006b8
20570070ns          347517 1c008196 2078788b p.lw             x17, x7(x16!)       x17=ffffffda x16=100002e0  x7:00000020 x16:100002c0  PA:100002c0
20570109ns          347519 1c00819a 43130733 p.mac            x14, x6, x17        x14=fff7fe16 x14:fffae99e  x6:000013ac x17:ffffffda
20570129ns          347520 1c008192 0046230b p.lw             x6, 4(x12!)          x6=0000143f x12=100006c0 x12:100006bc  PA:100006bc
20570149ns          347521 1c008196 2078788b p.lw             x17, x7(x16!)       x17=ffffffd2 x16=10000300  x7:00000020 x16:100002e0  PA:100002e0
20570189ns          347523 1c00819a 43130733 p.mac            x14, x6, x17        x14=fff45ac4 x14:fff7fe16  x6:0000143f x17:ffffffd2
20570209ns          347524 1c008192 0046230b p.lw             x6, 4(x12!)          x6=000014d2 x12=100006c4 x12:100006c0  PA:100006c0
20570229ns          347525 1c008196 2078788b p.lw             x17, x7(x16!)       x17=ffffffca x16=10000320  x7:00000020 x16:10000300  PA:10000300
20570268ns          347527 1c00819a 43130733 p.mac            x14, x6, x17        x14=ffeff678 x14:fff45ac4  x6:000014d2 x17:ffffffca
20570288ns          347528 1c00819e 00ef222b p.sw             x14, 4(x30!)        x30=100005c4 x14:ffeff678 x30:100005c0  PA:100005c0
20570308ns          347529 1c0081a2 004e8e93 addi             x29, x29, 4         x29=10000224 x29:10000220
20570328ns          347530 1c0081a4 00128293 addi             x5, x5, 1            x5=00000006  x5:00000005
20570348ns          347531 1c0081a6 00750533 add              x10, x10, x7        x10=100006c4 x10:100006a4  x7:00000020
20570368ns          347532 1c0081a8 007f8fb3 add              x31, x31, x7        x31=100006e4 x31:100006c4  x7:00000020
20570388ns          347533 1c0081aa fa569fe3 bne              x13, x5, -66        x13:00000008  x5:00000006
20570448ns          347536 1c008168 40b48e33 sub              x28, x9, x11        x28=00000020  x9:10000224 x11:10000204
20570467ns          347537 1c00816c ffce0e13 addi             x28, x28, -4        x28=0000001c x28:00000020
20570487ns          347538 1c00816e 002e5e13 srli             x28, x28, 0x2       x28=00000007 x28:0000001c
20570507ns          347539 1c008172 008f8f33 add              x30, x31, x8        x30=100005c4 x31:100006e4  x8:fffffee0
20570527ns          347540 1c008176 00b00eb3 add              x29, x0, x11        x29=10000204 x11:10000204
20570547ns          347541 1c008178 001e0e13 addi             x28, x28, 1         x28=00000008 x28:00000007
20570567ns          347542 1c00817a 014e407b lp.setup         0x0, x28, 0x14      x28:00000008
20570587ns          347543 1c00817e 40af87b3 sub              x15, x31, x10       x15=00000020 x31:100006e4 x10:100006c4
20570607ns          347544 1c008182 ffc78793 addi             x15, x15, -4        x15=0000001c x15:00000020
20570627ns          347545 1c008184 0027d793 srli             x15, x15, 0x2       x15=00000007 x15:0000001c
20570646ns          347546 1c008186 01d00833 add              x16, x0, x29        x16=10000204 x29:10000204
20570666ns          347547 1c008188 00a00633 add              x12, x0, x10        x12=100006c4 x10:100006c4
20570686ns          347548 1c00818a 00000713 addi             x14, x0, 0          x14=00000000
20570706ns          347549 1c00818c 00178793 addi             x15, x15, 1         x15=00000008 x15:00000007
20570726ns          347550 1c00818e 0067c0fb lp.setup         0x1, x15, 0x6       x15:00000008
20570746ns          347551 1c008192 0046230b p.lw             x6, 4(x12!)          x6=00001785 x12=100006c8 x12:100006c4  PA:100006c4
20570766ns          347552 1c008196 2078788b p.lw             x17, x7(x16!)       x17=00000009 x16=10000224  x7:00000020 x16:10000204  PA:10000204
20570806ns          347554 1c00819a 43130733 p.mac            x14, x6, x17        x14=0000d3ad x14:00000000  x6:00001785 x17:00000009
20570825ns          347555 1c008192 0046230b p.lw             x6, 4(x12!)          x6=00001858 x12=100006cc x12:100006c8  PA:100006c8
20570845ns          347556 1c008196 2078788b p.lw             x17, x7(x16!)       x17=00000001 x16=10000244  x7:00000020 x16:10000224  PA:10000224
20570885ns          347558 1c00819a 43130733 p.mac            x14, x6, x17        x14=0000ec05 x14:0000d3ad  x6:00001858 x17:00000001
20570905ns          347559 1c008192 0046230b p.lw             x6, 4(x12!)          x6=0000192b x12=100006d0 x12:100006cc  PA:100006cc
20570925ns          347560 1c008196 2078788b p.lw             x17, x7(x16!)       x17=fffffff9 x16=10000264  x7:00000020 x16:10000244  PA:10000244
20570965ns          347562 1c00819a 43130733 p.mac            x14, x6, x17        x14=00003bd8 x14:0000ec05  x6:0000192b x17:fffffff9
20570985ns          347563 1c008192 0046230b p.lw             x6, 4(x12!)          x6=000019fe x12=100006d4 x12:100006d0  PA:100006d0
20571004ns          347564 1c008196 2078788b p.lw             x17, x7(x16!)       x17=fffffff1 x16=10000284  x7:00000020 x16:10000264  PA:10000264
20571044ns          347566 1c00819a 43130733 p.mac            x14, x6, x17        x14=fffeb5f6 x14:00003bd8  x6:000019fe x17:fffffff1
20571064ns          347567 1c008192 0046230b p.lw             x6, 4(x12!)          x6=00001ad1 x12=100006d8 x12:100006d4  PA:100006d4
20571084ns          347568 1c008196 2078788b p.lw             x17, x7(x16!)       x17=ffffffe9 x16=100002a4  x7:00000020 x16:10000284  PA:10000284
20571124ns          347570 1c00819a 43130733 p.mac            x14, x6, x17        x14=fffc4d2f x14:fffeb5f6  x6:00001ad1 x17:ffffffe9
20571144ns          347571 1c008192 0046230b p.lw             x6, 4(x12!)          x6=00001ba4 x12=100006dc x12:100006d8  PA:100006d8
20571164ns          347572 1c008196 2078788b p.lw             x17, x7(x16!)       x17=ffffffe1 x16=100002c4  x7:00000020 x16:100002a4  PA:100002a4
20571203ns          347574 1c00819a 43130733 p.mac            x14, x6, x17        x14=fff8f453 x14:fffc4d2f  x6:00001ba4 x17:ffffffe1
20571223ns          347575 1c008192 0046230b p.lw             x6, 4(x12!)          x6=00001c77 x12=100006e0 x12:100006dc  PA:100006dc
20571243ns          347576 1c008196 2078788b p.lw             x17, x7(x16!)       x17=ffffffd9 x16=100002e4  x7:00000020 x16:100002c4  PA:100002c4
20571283ns          347578 1c00819a 43130733 p.mac            x14, x6, x17        x14=fff49e32 x14:fff8f453  x6:00001c77 x17:ffffffd9
20571303ns          347579 1c008192 0046230b p.lw             x6, 4(x12!)          x6=00001d4a x12=100006e4 x12:100006e0  PA:100006e0
20571323ns          347580 1c008196 2078788b p.lw             x17, x7(x16!)       x17=ffffffd1 x16=10000304  x7:00000020 x16:100002e4  PA:100002e4
20571362ns          347582 1c00819a 43130733 p.mac            x14, x6, x17        x14=ffef3d9c x14:fff49e32  x6:00001d4a x17:ffffffd1
20571382ns          347583 1c00819e 00ef222b p.sw             x14, 4(x30!)        x30=100005c8 x14:ffef3d9c x30:100005c4  PA:100005c4
20571402ns          347584 1c0081a2 004e8e93 addi             x29, x29, 4         x29=10000208 x29:10000204
20571442ns          347586 1c00817e 40af87b3 sub              x15, x31, x10       x15=00000020 x31:100006e4 x10:100006c4
20571462ns          347587 1c008182 ffc78793 addi             x15, x15, -4        x15=0000001c x15:00000020
20571482ns          347588 1c008184 0027d793 srli             x15, x15, 0x2       x15=00000007 x15:0000001c
20571502ns          347589 1c008186 01d00833 add              x16, x0, x29        x16=10000208 x29:10000208
20571522ns          347590 1c008188 00a00633 add              x12, x0, x10        x12=100006c4 x10:100006c4
20571542ns          347591 1c00818a 00000713 addi             x14, x0, 0          x14=00000000
20571561ns          347592 1c00818c 00178793 addi             x15, x15, 1         x15=00000008 x15:00000007
20571581ns          347593 1c00818e 0067c0fb lp.setup         0x1, x15, 0x6       x15:00000008
20571601ns          347594 1c008192 0046230b p.lw             x6, 4(x12!)          x6=00001785 x12=100006c8 x12:100006c4  PA:100006c4
20571641ns          347596 1c008196 2078788b p.lw             x17, x7(x16!)       x17=00000008 x16=10000228  x7:00000020 x16:10000208  PA:10000208
20571681ns          347598 1c00819a 43130733 p.mac            x14, x6, x17        x14=0000bc28 x14:00000000  x6:00001785 x17:00000008
20571701ns          347599 1c008192 0046230b p.lw             x6, 4(x12!)          x6=00001858 x12=100006cc x12:100006c8  PA:100006c8
20571721ns          347600 1c008196 2078788b p.lw             x17, x7(x16!)       x17=00000000 x16=10000248  x7:00000020 x16:10000228  PA:10000228
20571760ns          347602 1c00819a 43130733 p.mac            x14, x6, x17        x14=0000bc28 x14:0000bc28  x6:00001858 x17:00000000
20571780ns          347603 1c008192 0046230b p.lw             x6, 4(x12!)          x6=0000192b x12=100006d0 x12:100006cc  PA:100006cc
20571800ns          347604 1c008196 2078788b p.lw             x17, x7(x16!)       x17=fffffff8 x16=10000268  x7:00000020 x16:10000248  PA:10000248
20571840ns          347606 1c00819a 43130733 p.mac            x14, x6, x17        x14=fffff2d0 x14:0000bc28  x6:0000192b x17:fffffff8
20571860ns          347607 1c008192 0046230b p.lw             x6, 4(x12!)          x6=000019fe x12=100006d4 x12:100006d0  PA:100006d0
20571880ns          347608 1c008196 2078788b p.lw             x17, x7(x16!)       x17=fffffff0 x16=10000288  x7:00000020 x16:10000268  PA:10000268
20571919ns          347610 1c00819a 43130733 p.mac            x14, x6, x17        x14=fffe52f0 x14:fffff2d0  x6:000019fe x17:fffffff0
20571939ns          347611 1c008192 0046230b p.lw             x6, 4(x12!)          x6=00001ad1 x12=100006d8 x12:100006d4  PA:100006d4
20571959ns          347612 1c008196 2078788b p.lw             x17, x7(x16!)       x17=ffffffe8 x16=100002a8  x7:00000020 x16:10000288  PA:10000288
20571999ns          347614 1c00819a 43130733 p.mac            x14, x6, x17        x14=fffbcf58 x14:fffe52f0  x6:00001ad1 x17:ffffffe8
20572019ns          347615 1c008192 0046230b p.lw             x6, 4(x12!)          x6=00001ba4 x12=100006dc x12:100006d8  PA:100006d8
20572039ns          347616 1c008196 2078788b p.lw             x17, x7(x16!)       x17=ffffffe0 x16=100002c8  x7:00000020 x16:100002a8  PA:100002a8
20572079ns          347618 1c00819a 43130733 p.mac            x14, x6, x17        x14=fff85ad8 x14:fffbcf58  x6:00001ba4 x17:ffffffe0
20572098ns          347619 1c008192 0046230b p.lw             x6, 4(x12!)          x6=00001c77 x12=100006e0 x12:100006dc  PA:100006dc
20572118ns          347620 1c008196 2078788b p.lw             x17, x7(x16!)       x17=ffffffd8 x16=100002e8  x7:00000020 x16:100002c8  PA:100002c8
20572158ns          347622 1c00819a 43130733 p.mac            x14, x6, x17        x14=fff3e840 x14:fff85ad8  x6:00001c77 x17:ffffffd8
20572178ns          347623 1c008192 0046230b p.lw             x6, 4(x12!)          x6=00001d4a x12=100006e4 x12:100006e0  PA:100006e0
20572198ns          347624 1c008196 2078788b p.lw             x17, x7(x16!)       x17=ffffffd0 x16=10000308  x7:00000020 x16:100002e8  PA:100002e8
20572238ns          347626 1c00819a 43130733 p.mac            x14, x6, x17        x14=ffee6a60 x14:fff3e840  x6:00001d4a x17:ffffffd0
20572258ns          347627 1c00819e 00ef222b p.sw             x14, 4(x30!)        x30=100005cc x14:ffee6a60 x30:100005c8  PA:100005c8
20572277ns          347628 1c0081a2 004e8e93 addi             x29, x29, 4         x29=1000020c x29:10000208
20572317ns          347630 1c00817e 40af87b3 sub              x15, x31, x10       x15=00000020 x31:100006e4 x10:100006c4
20572337ns          347631 1c008182 ffc78793 addi             x15, x15, -4        x15=0000001c x15:00000020
20572357ns          347632 1c008184 0027d793 srli             x15, x15, 0x2       x15=00000007 x15:0000001c
20572377ns          347633 1c008186 01d00833 add              x16, x0, x29        x16=1000020c x29:1000020c
20572397ns          347634 1c008188 00a00633 add              x12, x0, x10        x12=100006c4 x10:100006c4
20572417ns          347635 1c00818a 00000713 addi             x14, x0, 0          x14=00000000
20572437ns          347636 1c00818c 00178793 addi             x15, x15, 1         x15=00000008 x15:00000007
20572456ns          347637 1c00818e 0067c0fb lp.setup         0x1, x15, 0x6       x15:00000008
20572476ns          347638 1c008192 0046230b p.lw             x6, 4(x12!)          x6=00001785 x12=100006c8 x12:100006c4  PA:100006c4
20572496ns          347639 1c008196 2078788b p.lw             x17, x7(x16!)       x17=00000007 x16=1000022c  x7:00000020 x16:1000020c  PA:1000020c
20572536ns          347641 1c00819a 43130733 p.mac            x14, x6, x17        x14=0000a4a3 x14:00000000  x6:00001785 x17:00000007
20572556ns          347642 1c008192 0046230b p.lw             x6, 4(x12!)          x6=00001858 x12=100006cc x12:100006c8  PA:100006c8
20572576ns          347643 1c008196 2078788b p.lw             x17, x7(x16!)       x17=ffffffff x16=1000024c  x7:00000020 x16:1000022c  PA:1000022c
20572616ns          347645 1c00819a 43130733 p.mac            x14, x6, x17        x14=00008c4b x14:0000a4a3  x6:00001858 x17:ffffffff
20572635ns          347646 1c008192 0046230b p.lw             x6, 4(x12!)          x6=0000192b x12=100006d0 x12:100006cc  PA:100006cc
20572655ns          347647 1c008196 2078788b p.lw             x17, x7(x16!)       x17=fffffff7 x16=1000026c  x7:00000020 x16:1000024c  PA:1000024c
20572695ns          347649 1c00819a 43130733 p.mac            x14, x6, x17        x14=ffffa9c8 x14:00008c4b  x6:0000192b x17:fffffff7
20572715ns          347650 1c008192 0046230b p.lw             x6, 4(x12!)          x6=000019fe x12=100006d4 x12:100006d0  PA:100006d0
20572735ns          347651 1c008196 2078788b p.lw             x17, x7(x16!)       x17=ffffffef x16=1000028c  x7:00000020 x16:1000026c  PA:1000026c
20572775ns          347653 1c00819a 43130733 p.mac            x14, x6, x17        x14=fffdefea x14:ffffa9c8  x6:000019fe x17:ffffffef
20572795ns          347654 1c008192 0046230b p.lw             x6, 4(x12!)          x6=00001ad1 x12=100006d8 x12:100006d4  PA:100006d4
20572815ns          347655 1c008196 2078788b p.lw             x17, x7(x16!)       x17=ffffffe7 x16=100002ac  x7:00000020 x16:1000028c  PA:1000028c
20572854ns          347657 1c00819a 43130733 p.mac            x14, x6, x17        x14=fffb5181 x14:fffdefea  x6:00001ad1 x17:ffffffe7
20572874ns          347658 1c008192 0046230b p.lw             x6, 4(x12!)          x6=00001ba4 x12=100006dc x12:100006d8  PA:100006d8
20572894ns          347659 1c008196 2078788b p.lw             x17, x7(x16!)       x17=ffffffdf x16=100002cc  x7:00000020 x16:100002ac  PA:100002ac
20572934ns          347661 1c00819a 43130733 p.mac            x14, x6, x17        x14=fff7c15d x14:fffb5181  x6:00001ba4 x17:ffffffdf
20572954ns          347662 1c008192 0046230b p.lw             x6, 4(x12!)          x6=00001c77 x12=100006e0 x12:100006dc  PA:100006dc
20572974ns          347663 1c008196 2078788b p.lw             x17, x7(x16!)       x17=ffffffd7 x16=100002ec  x7:00000020 x16:100002cc  PA:100002cc
20573033ns          347666 1c00819a 43130733 p.mac            x14, x6, x17        x14=fff3324e x14:fff7c15d  x6:00001c77 x17:ffffffd7
20573053ns          347667 1c008192 0046230b p.lw             x6, 4(x12!)          x6=00001d4a x12=100006e4 x12:100006e0  PA:100006e0
20573073ns          347668 1c008196 2078788b p.lw             x17, x7(x16!)       x17=ffffffcf x16=1000030c  x7:00000020 x16:100002ec  PA:100002ec
20573113ns          347670 1c00819a 43130733 p.mac            x14, x6, x17        x14=ffed9724 x14:fff3324e  x6:00001d4a x17:ffffffcf
20573133ns          347671 1c00819e 00ef222b p.sw             x14, 4(x30!)        x30=100005d0 x14:ffed9724 x30:100005cc  PA:100005cc
20573153ns          347672 1c0081a2 004e8e93 addi             x29, x29, 4         x29=10000210 x29:1000020c
20573192ns          347674 1c00817e 40af87b3 sub              x15, x31, x10       x15=00000020 x31:100006e4 x10:100006c4
20573212ns          347675 1c008182 ffc78793 addi             x15, x15, -4        x15=0000001c x15:00000020
20573232ns          347676 1c008184 0027d793 srli             x15, x15, 0x2       x15=00000007 x15:0000001c
20573252ns          347677 1c008186 01d00833 add              x16, x0, x29        x16=10000210 x29:10000210
20573272ns          347678 1c008188 00a00633 add              x12, x0, x10        x12=100006c4 x10:100006c4
20573292ns          347679 1c00818a 00000713 addi             x14, x0, 0          x14=00000000
20573312ns          347680 1c00818c 00178793 addi             x15, x15, 1         x15=00000008 x15:00000007
20573332ns          347681 1c00818e 0067c0fb lp.setup         0x1, x15, 0x6       x15:00000008
20573352ns          347682 1c008192 0046230b p.lw             x6, 4(x12!)          x6=00001785 x12=100006c8 x12:100006c4  PA:100006c4
20573371ns          347683 1c008196 2078788b p.lw             x17, x7(x16!)       x17=00000006 x16=10000230  x7:00000020 x16:10000210  PA:10000210
20573411ns          347685 1c00819a 43130733 p.mac            x14, x6, x17        x14=00008d1e x14:00000000  x6:00001785 x17:00000006
20573431ns          347686 1c008192 0046230b p.lw             x6, 4(x12!)          x6=00001858 x12=100006cc x12:100006c8  PA:100006c8
20573451ns          347687 1c008196 2078788b p.lw             x17, x7(x16!)       x17=fffffffe x16=10000250  x7:00000020 x16:10000230  PA:10000230
20573491ns          347689 1c00819a 43130733 p.mac            x14, x6, x17        x14=00005c6e x14:00008d1e  x6:00001858 x17:fffffffe
20573511ns          347690 1c008192 0046230b p.lw             x6, 4(x12!)          x6=0000192b x12=100006d0 x12:100006cc  PA:100006cc
20573531ns          347691 1c008196 2078788b p.lw             x17, x7(x16!)       x17=fffffff6 x16=10000270  x7:00000020 x16:10000250  PA:10000250
20573570ns          347693 1c00819a 43130733 p.mac            x14, x6, x17        x14=ffff60c0 x14:00005c6e  x6:0000192b x17:fffffff6
20573590ns          347694 1c008192 0046230b p.lw             x6, 4(x12!)          x6=000019fe x12=100006d4 x12:100006d0  PA:100006d0
20573610ns          347695 1c008196 2078788b p.lw             x17, x7(x16!)       x17=ffffffee x16=10000290  x7:00000020 x16:10000270  PA:10000270
20573650ns          347697 1c00819a 43130733 p.mac            x14, x6, x17        x14=fffd8ce4 x14:ffff60c0  x6:000019fe x17:ffffffee
20573670ns          347698 1c008192 0046230b p.lw             x6, 4(x12!)          x6=00001ad1 x12=100006d8 x12:100006d4  PA:100006d4
20573690ns          347699 1c008196 2078788b p.lw             x17, x7(x16!)       x17=ffffffe6 x16=100002b0  x7:00000020 x16:10000290  PA:10000290
20573729ns          347701 1c00819a 43130733 p.mac            x14, x6, x17        x14=fffad3aa x14:fffd8ce4  x6:00001ad1 x17:ffffffe6
20573749ns          347702 1c008192 0046230b p.lw             x6, 4(x12!)          x6=00001ba4 x12=100006dc x12:100006d8  PA:100006d8
20573769ns          347703 1c008196 2078788b p.lw             x17, x7(x16!)       x17=ffffffde x16=100002d0  x7:00000020 x16:100002b0  PA:100002b0
20573809ns          347705 1c00819a 43130733 p.mac            x14, x6, x17        x14=fff727e2 x14:fffad3aa  x6:00001ba4 x17:ffffffde
20573829ns          347706 1c008192 0046230b p.lw             x6, 4(x12!)          x6=00001c77 x12=100006e0 x12:100006dc  PA:100006dc
20573849ns          347707 1c008196 2078788b p.lw             x17, x7(x16!)       x17=ffffffd6 x16=100002f0  x7:00000020 x16:100002d0  PA:100002d0
20573889ns          347709 1c00819a 43130733 p.mac            x14, x6, x17        x14=fff27c5c x14:fff727e2  x6:00001c77 x17:ffffffd6
20573909ns          347710 1c008192 0046230b p.lw             x6, 4(x12!)          x6=00001d4a x12=100006e4 x12:100006e0  PA:100006e0
20573928ns          347711 1c008196 2078788b p.lw             x17, x7(x16!)       x17=ffffffce x16=10000310  x7:00000020 x16:100002f0  PA:100002f0
20573968ns          347713 1c00819a 43130733 p.mac            x14, x6, x17        x14=ffecc3e8 x14:fff27c5c  x6:00001d4a x17:ffffffce
20573988ns          347714 1c00819e 00ef222b p.sw             x14, 4(x30!)        x30=100005d4 x14:ffecc3e8 x30:100005d0  PA:100005d0
20574008ns          347715 1c0081a2 004e8e93 addi             x29, x29, 4         x29=10000214 x29:10000210
20574048ns          347717 1c00817e 40af87b3 sub              x15, x31, x10       x15=00000020 x31:100006e4 x10:100006c4
20574068ns          347718 1c008182 ffc78793 addi             x15, x15, -4        x15=0000001c x15:00000020
20574088ns          347719 1c008184 0027d793 srli             x15, x15, 0x2       x15=00000007 x15:0000001c
20574107ns          347720 1c008186 01d00833 add              x16, x0, x29        x16=10000214 x29:10000214
20574127ns          347721 1c008188 00a00633 add              x12, x0, x10        x12=100006c4 x10:100006c4
20574147ns          347722 1c00818a 00000713 addi             x14, x0, 0          x14=00000000
20574167ns          347723 1c00818c 00178793 addi             x15, x15, 1         x15=00000008 x15:00000007
20574187ns          347724 1c00818e 0067c0fb lp.setup         0x1, x15, 0x6       x15:00000008
20574207ns          347725 1c008192 0046230b p.lw             x6, 4(x12!)          x6=00001785 x12=100006c8 x12:100006c4  PA:100006c4
20574227ns          347726 1c008196 2078788b p.lw             x17, x7(x16!)       x17=00000005 x16=10000234  x7:00000020 x16:10000214  PA:10000214
20574267ns          347728 1c00819a 43130733 p.mac            x14, x6, x17        x14=00007599 x14:00000000  x6:00001785 x17:00000005
20574286ns          347729 1c008192 0046230b p.lw             x6, 4(x12!)          x6=00001858 x12=100006cc x12:100006c8  PA:100006c8
20574306ns          347730 1c008196 2078788b p.lw             x17, x7(x16!)       x17=fffffffd x16=10000254  x7:00000020 x16:10000234  PA:10000234
20574346ns          347732 1c00819a 43130733 p.mac            x14, x6, x17        x14=00002c91 x14:00007599  x6:00001858 x17:fffffffd
20574366ns          347733 1c008192 0046230b p.lw             x6, 4(x12!)          x6=0000192b x12=100006d0 x12:100006cc  PA:100006cc
20574386ns          347734 1c008196 2078788b p.lw             x17, x7(x16!)       x17=fffffff5 x16=10000274  x7:00000020 x16:10000254  PA:10000254
20574426ns          347736 1c00819a 43130733 p.mac            x14, x6, x17        x14=ffff17b8 x14:00002c91  x6:0000192b x17:fffffff5
20574446ns          347737 1c008192 0046230b p.lw             x6, 4(x12!)          x6=000019fe x12=100006d4 x12:100006d0  PA:100006d0
20574465ns          347738 1c008196 2078788b p.lw             x17, x7(x16!)       x17=ffffffed x16=10000294  x7:00000020 x16:10000274  PA:10000274
20574505ns          347740 1c00819a 43130733 p.mac            x14, x6, x17        x14=fffd29de x14:ffff17b8  x6:000019fe x17:ffffffed
20574525ns          347741 1c008192 0046230b p.lw             x6, 4(x12!)          x6=00001ad1 x12=100006d8 x12:100006d4  PA:100006d4
20574545ns          347742 1c008196 2078788b p.lw             x17, x7(x16!)       x17=ffffffe5 x16=100002b4  x7:00000020 x16:10000294  PA:10000294
20574585ns          347744 1c00819a 43130733 p.mac            x14, x6, x17        x14=fffa55d3 x14:fffd29de  x6:00001ad1 x17:ffffffe5
20574605ns          347745 1c008192 0046230b p.lw             x6, 4(x12!)          x6=00001ba4 x12=100006dc x12:100006d8  PA:100006d8
20574625ns          347746 1c008196 2078788b p.lw             x17, x7(x16!)       x17=ffffffdd x16=100002d4  x7:00000020 x16:100002b4  PA:100002b4
20574664ns          347748 1c00819a 43130733 p.mac            x14, x6, x17        x14=fff68e67 x14:fffa55d3  x6:00001ba4 x17:ffffffdd
20574684ns          347749 1c008192 0046230b p.lw             x6, 4(x12!)          x6=00001c77 x12=100006e0 x12:100006dc  PA:100006dc
20574704ns          347750 1c008196 2078788b p.lw             x17, x7(x16!)       x17=ffffffd5 x16=100002f4  x7:00000020 x16:100002d4  PA:100002d4
20574744ns          347752 1c00819a 43130733 p.mac            x14, x6, x17        x14=fff1c66a x14:fff68e67  x6:00001c77 x17:ffffffd5
20574764ns          347753 1c008192 0046230b p.lw             x6, 4(x12!)          x6=00001d4a x12=100006e4 x12:100006e0  PA:100006e0
20574784ns          347754 1c008196 2078788b p.lw             x17, x7(x16!)       x17=ffffffcd x16=10000314  x7:00000020 x16:100002f4  PA:100002f4
20574823ns          347756 1c00819a 43130733 p.mac            x14, x6, x17        x14=ffebf0ac x14:fff1c66a  x6:00001d4a x17:ffffffcd
20574843ns          347757 1c00819e 00ef222b p.sw             x14, 4(x30!)        x30=100005d8 x14:ffebf0ac x30:100005d4  PA:100005d4
20574863ns          347758 1c0081a2 004e8e93 addi             x29, x29, 4         x29=10000218 x29:10000214
20574903ns          347760 1c00817e 40af87b3 sub              x15, x31, x10       x15=00000020 x31:100006e4 x10:100006c4
20574923ns          347761 1c008182 ffc78793 addi             x15, x15, -4        x15=0000001c x15:00000020
20574943ns          347762 1c008184 0027d793 srli             x15, x15, 0x2       x15=00000007 x15:0000001c
20574963ns          347763 1c008186 01d00833 add              x16, x0, x29        x16=10000218 x29:10000218
20574983ns          347764 1c008188 00a00633 add              x12, x0, x10        x12=100006c4 x10:100006c4
20575002ns          347765 1c00818a 00000713 addi             x14, x0, 0          x14=00000000
20575022ns          347766 1c00818c 00178793 addi             x15, x15, 1         x15=00000008 x15:00000007
20575042ns          347767 1c00818e 0067c0fb lp.setup         0x1, x15, 0x6       x15:00000008
20575062ns          347768 1c008192 0046230b p.lw             x6, 4(x12!)          x6=00001785 x12=100006c8 x12:100006c4  PA:100006c4
20575082ns          347769 1c008196 2078788b p.lw             x17, x7(x16!)       x17=00000004 x16=10000238  x7:00000020 x16:10000218  PA:10000218
20575122ns          347771 1c00819a 43130733 p.mac            x14, x6, x17        x14=00005e14 x14:00000000  x6:00001785 x17:00000004
20575142ns          347772 1c008192 0046230b p.lw             x6, 4(x12!)          x6=00001858 x12=100006cc x12:100006c8  PA:100006c8
20575162ns          347773 1c008196 2078788b p.lw             x17, x7(x16!)       x17=fffffffc x16=10000258  x7:00000020 x16:10000238  PA:10000238
20575201ns          347775 1c00819a 43130733 p.mac            x14, x6, x17        x14=fffffcb4 x14:00005e14  x6:00001858 x17:fffffffc
20575221ns          347776 1c008192 0046230b p.lw             x6, 4(x12!)          x6=0000192b x12=100006d0 x12:100006cc  PA:100006cc
20575241ns          347777 1c008196 2078788b p.lw             x17, x7(x16!)       x17=fffffff4 x16=10000278  x7:00000020 x16:10000258  PA:10000258
20575281ns          347779 1c00819a 43130733 p.mac            x14, x6, x17        x14=fffeceb0 x14:fffffcb4  x6:0000192b x17:fffffff4
20575301ns          347780 1c008192 0046230b p.lw             x6, 4(x12!)          x6=000019fe x12=100006d4 x12:100006d0  PA:100006d0
20575321ns          347781 1c008196 2078788b p.lw             x17, x7(x16!)       x17=ffffffec x16=10000298  x7:00000020 x16:10000278  PA:10000278
20575361ns          347783 1c00819a 43130733 p.mac            x14, x6, x17        x14=fffcc6d8 x14:fffeceb0  x6:000019fe x17:ffffffec
20575380ns          347784 1c008192 0046230b p.lw             x6, 4(x12!)          x6=00001ad1 x12=100006d8 x12:100006d4  PA:100006d4
20575400ns          347785 1c008196 2078788b p.lw             x17, x7(x16!)       x17=ffffffe4 x16=100002b8  x7:00000020 x16:10000298  PA:10000298
20575440ns          347787 1c00819a 43130733 p.mac            x14, x6, x17        x14=fff9d7fc x14:fffcc6d8  x6:00001ad1 x17:ffffffe4
20575460ns          347788 1c008192 0046230b p.lw             x6, 4(x12!)          x6=00001ba4 x12=100006dc x12:100006d8  PA:100006d8
20575480ns          347789 1c008196 2078788b p.lw             x17, x7(x16!)       x17=ffffffdc x16=100002d8  x7:00000020 x16:100002b8  PA:100002b8
20575520ns          347791 1c00819a 43130733 p.mac            x14, x6, x17        x14=fff5f4ec x14:fff9d7fc  x6:00001ba4 x17:ffffffdc
20575540ns          347792 1c008192 0046230b p.lw             x6, 4(x12!)          x6=00001c77 x12=100006e0 x12:100006dc  PA:100006dc
20575559ns          347793 1c008196 2078788b p.lw             x17, x7(x16!)       x17=ffffffd4 x16=100002f8  x7:00000020 x16:100002d8  PA:100002d8
20575599ns          347795 1c00819a 43130733 p.mac            x14, x6, x17        x14=fff11078 x14:fff5f4ec  x6:00001c77 x17:ffffffd4
20575619ns          347796 1c008192 0046230b p.lw             x6, 4(x12!)          x6=00001d4a x12=100006e4 x12:100006e0  PA:100006e0
20575639ns          347797 1c008196 2078788b p.lw             x17, x7(x16!)       x17=ffffffcc x16=10000318  x7:00000020 x16:100002f8  PA:100002f8
20575679ns          347799 1c00819a 43130733 p.mac            x14, x6, x17        x14=ffeb1d70 x14:fff11078  x6:00001d4a x17:ffffffcc
20575699ns          347800 1c00819e 00ef222b p.sw             x14, 4(x30!)        x30=100005dc x14:ffeb1d70 x30:100005d8  PA:100005d8
20575719ns          347801 1c0081a2 004e8e93 addi             x29, x29, 4         x29=1000021c x29:10000218
20575758ns          347803 1c00817e 40af87b3 sub              x15, x31, x10       x15=00000020 x31:100006e4 x10:100006c4
20575778ns          347804 1c008182 ffc78793 addi             x15, x15, -4        x15=0000001c x15:00000020
20575798ns          347805 1c008184 0027d793 srli             x15, x15, 0x2       x15=00000007 x15:0000001c
20575818ns          347806 1c008186 01d00833 add              x16, x0, x29        x16=1000021c x29:1000021c
20575838ns          347807 1c008188 00a00633 add              x12, x0, x10        x12=100006c4 x10:100006c4
20575858ns          347808 1c00818a 00000713 addi             x14, x0, 0          x14=00000000
20575878ns          347809 1c00818c 00178793 addi             x15, x15, 1         x15=00000008 x15:00000007
20575898ns          347810 1c00818e 0067c0fb lp.setup         0x1, x15, 0x6       x15:00000008
20575917ns          347811 1c008192 0046230b p.lw             x6, 4(x12!)          x6=00001785 x12=100006c8 x12:100006c4  PA:100006c4
20575937ns          347812 1c008196 2078788b p.lw             x17, x7(x16!)       x17=00000003 x16=1000023c  x7:00000020 x16:1000021c  PA:1000021c
20575977ns          347814 1c00819a 43130733 p.mac            x14, x6, x17        x14=0000468f x14:00000000  x6:00001785 x17:00000003
20575997ns          347815 1c008192 0046230b p.lw             x6, 4(x12!)          x6=00001858 x12=100006cc x12:100006c8  PA:100006c8
20576017ns          347816 1c008196 2078788b p.lw             x17, x7(x16!)       x17=fffffffb x16=1000025c  x7:00000020 x16:1000023c  PA:1000023c
20576057ns          347818 1c00819a 43130733 p.mac            x14, x6, x17        x14=ffffccd7 x14:0000468f  x6:00001858 x17:fffffffb
20576077ns          347819 1c008192 0046230b p.lw             x6, 4(x12!)          x6=0000192b x12=100006d0 x12:100006cc  PA:100006cc
20576096ns          347820 1c008196 2078788b p.lw             x17, x7(x16!)       x17=fffffff3 x16=1000027c  x7:00000020 x16:1000025c  PA:1000025c
20576136ns          347822 1c00819a 43130733 p.mac            x14, x6, x17        x14=fffe85a8 x14:ffffccd7  x6:0000192b x17:fffffff3
20576156ns          347823 1c008192 0046230b p.lw             x6, 4(x12!)          x6=000019fe x12=100006d4 x12:100006d0  PA:100006d0
20576176ns          347824 1c008196 2078788b p.lw             x17, x7(x16!)       x17=ffffffeb x16=1000029c  x7:00000020 x16:1000027c  PA:1000027c
20576216ns          347826 1c00819a 43130733 p.mac            x14, x6, x17        x14=fffc63d2 x14:fffe85a8  x6:000019fe x17:ffffffeb
20576236ns          347827 1c008192 0046230b p.lw             x6, 4(x12!)          x6=00001ad1 x12=100006d8 x12:100006d4  PA:100006d4
20576256ns          347828 1c008196 2078788b p.lw             x17, x7(x16!)       x17=ffffffe3 x16=100002bc  x7:00000020 x16:1000029c  PA:1000029c
20576295ns          347830 1c00819a 43130733 p.mac            x14, x6, x17        x14=fff95a25 x14:fffc63d2  x6:00001ad1 x17:ffffffe3
20576315ns          347831 1c008192 0046230b p.lw             x6, 4(x12!)          x6=00001ba4 x12=100006dc x12:100006d8  PA:100006d8
20576335ns          347832 1c008196 2078788b p.lw             x17, x7(x16!)       x17=ffffffdb x16=100002dc  x7:00000020 x16:100002bc  PA:100002bc
20576375ns          347834 1c00819a 43130733 p.mac            x14, x6, x17        x14=fff55b71 x14:fff95a25  x6:00001ba4 x17:ffffffdb
20576395ns          347835 1c008192 0046230b p.lw             x6, 4(x12!)          x6=00001c77 x12=100006e0 x12:100006dc  PA:100006dc
20576415ns          347836 1c008196 2078788b p.lw             x17, x7(x16!)       x17=ffffffd3 x16=100002fc  x7:00000020 x16:100002dc  PA:100002dc
20576455ns          347838 1c00819a 43130733 p.mac            x14, x6, x17        x14=fff05a86 x14:fff55b71  x6:00001c77 x17:ffffffd3
20576474ns          347839 1c008192 0046230b p.lw             x6, 4(x12!)          x6=00001d4a x12=100006e4 x12:100006e0  PA:100006e0
20576494ns          347840 1c008196 2078788b p.lw             x17, x7(x16!)       x17=ffffffcb x16=1000031c  x7:00000020 x16:100002fc  PA:100002fc
20576534ns          347842 1c00819a 43130733 p.mac            x14, x6, x17        x14=ffea4a34 x14:fff05a86  x6:00001d4a x17:ffffffcb
20576554ns          347843 1c00819e 00ef222b p.sw             x14, 4(x30!)        x30=100005e0 x14:ffea4a34 x30:100005dc  PA:100005dc
20576574ns          347844 1c0081a2 004e8e93 addi             x29, x29, 4         x29=10000220 x29:1000021c
20576614ns          347846 1c00817e 40af87b3 sub              x15, x31, x10       x15=00000020 x31:100006e4 x10:100006c4
20576634ns          347847 1c008182 ffc78793 addi             x15, x15, -4        x15=0000001c x15:00000020
20576653ns          347848 1c008184 0027d793 srli             x15, x15, 0x2       x15=00000007 x15:0000001c
20576673ns          347849 1c008186 01d00833 add              x16, x0, x29        x16=10000220 x29:10000220
20576693ns          347850 1c008188 00a00633 add              x12, x0, x10        x12=100006c4 x10:100006c4
20576713ns          347851 1c00818a 00000713 addi             x14, x0, 0          x14=00000000
20576733ns          347852 1c00818c 00178793 addi             x15, x15, 1         x15=00000008 x15:00000007
20576753ns          347853 1c00818e 0067c0fb lp.setup         0x1, x15, 0x6       x15:00000008
20576773ns          347854 1c008192 0046230b p.lw             x6, 4(x12!)          x6=00001785 x12=100006c8 x12:100006c4  PA:100006c4
20576793ns          347855 1c008196 2078788b p.lw             x17, x7(x16!)       x17=00000002 x16=10000240  x7:00000020 x16:10000220  PA:10000220
20576832ns          347857 1c00819a 43130733 p.mac            x14, x6, x17        x14=00002f0a x14:00000000  x6:00001785 x17:00000002
20576852ns          347858 1c008192 0046230b p.lw             x6, 4(x12!)          x6=00001858 x12=100006cc x12:100006c8  PA:100006c8
20576872ns          347859 1c008196 2078788b p.lw             x17, x7(x16!)       x17=fffffffa x16=10000260  x7:00000020 x16:10000240  PA:10000240
20576912ns          347861 1c00819a 43130733 p.mac            x14, x6, x17        x14=ffff9cfa x14:00002f0a  x6:00001858 x17:fffffffa
20576932ns          347862 1c008192 0046230b p.lw             x6, 4(x12!)          x6=0000192b x12=100006d0 x12:100006cc  PA:100006cc
20576952ns          347863 1c008196 2078788b p.lw             x17, x7(x16!)       x17=fffffff2 x16=10000280  x7:00000020 x16:10000260  PA:10000260
20576992ns          347865 1c00819a 43130733 p.mac            x14, x6, x17        x14=fffe3ca0 x14:ffff9cfa  x6:0000192b x17:fffffff2
20577011ns          347866 1c008192 0046230b p.lw             x6, 4(x12!)          x6=000019fe x12=100006d4 x12:100006d0  PA:100006d0
20577031ns          347867 1c008196 2078788b p.lw             x17, x7(x16!)       x17=ffffffea x16=100002a0  x7:00000020 x16:10000280  PA:10000280
20577071ns          347869 1c00819a 43130733 p.mac            x14, x6, x17        x14=fffc00cc x14:fffe3ca0  x6:000019fe x17:ffffffea
20577091ns          347870 1c008192 0046230b p.lw             x6, 4(x12!)          x6=00001ad1 x12=100006d8 x12:100006d4  PA:100006d4
20577111ns          347871 1c008196 2078788b p.lw             x17, x7(x16!)       x17=ffffffe2 x16=100002c0  x7:00000020 x16:100002a0  PA:100002a0
20577151ns          347873 1c00819a 43130733 p.mac            x14, x6, x17        x14=fff8dc4e x14:fffc00cc  x6:00001ad1 x17:ffffffe2
20577171ns          347874 1c008192 0046230b p.lw             x6, 4(x12!)          x6=00001ba4 x12=100006dc x12:100006d8  PA:100006d8
20577190ns          347875 1c008196 2078788b p.lw             x17, x7(x16!)       x17=ffffffda x16=100002e0  x7:00000020 x16:100002c0  PA:100002c0
20577230ns          347877 1c00819a 43130733 p.mac            x14, x6, x17        x14=fff4c1f6 x14:fff8dc4e  x6:00001ba4 x17:ffffffda
20577250ns          347878 1c008192 0046230b p.lw             x6, 4(x12!)          x6=00001c77 x12=100006e0 x12:100006dc  PA:100006dc
20577270ns          347879 1c008196 2078788b p.lw             x17, x7(x16!)       x17=ffffffd2 x16=10000300  x7:00000020 x16:100002e0  PA:100002e0
20577310ns          347881 1c00819a 43130733 p.mac            x14, x6, x17        x14=ffefa494 x14:fff4c1f6  x6:00001c77 x17:ffffffd2
20577330ns          347882 1c008192 0046230b p.lw             x6, 4(x12!)          x6=00001d4a x12=100006e4 x12:100006e0  PA:100006e0
20577350ns          347883 1c008196 2078788b p.lw             x17, x7(x16!)       x17=ffffffca x16=10000320  x7:00000020 x16:10000300  PA:10000300
20577389ns          347885 1c00819a 43130733 p.mac            x14, x6, x17        x14=ffe976f8 x14:ffefa494  x6:00001d4a x17:ffffffca
20577409ns          347886 1c00819e 00ef222b p.sw             x14, 4(x30!)        x30=100005e4 x14:ffe976f8 x30:100005e0  PA:100005e0
20577429ns          347887 1c0081a2 004e8e93 addi             x29, x29, 4         x29=10000224 x29:10000220
20577449ns          347888 1c0081a4 00128293 addi             x5, x5, 1            x5=00000007  x5:00000006
20577469ns          347889 1c0081a6 00750533 add              x10, x10, x7        x10=100006e4 x10:100006c4  x7:00000020
20577489ns          347890 1c0081a8 007f8fb3 add              x31, x31, x7        x31=10000704 x31:100006e4  x7:00000020
20577509ns          347891 1c0081aa fa569fe3 bne              x13, x5, -66        x13:00000008  x5:00000007
20577568ns          347894 1c008168 40b48e33 sub              x28, x9, x11        x28=00000020  x9:10000224 x11:10000204
20577588ns          347895 1c00816c ffce0e13 addi             x28, x28, -4        x28=0000001c x28:00000020
20577608ns          347896 1c00816e 002e5e13 srli             x28, x28, 0x2       x28=00000007 x28:0000001c
20577628ns          347897 1c008172 008f8f33 add              x30, x31, x8        x30=100005e4 x31:10000704  x8:fffffee0
20577648ns          347898 1c008176 00b00eb3 add              x29, x0, x11        x29=10000204 x11:10000204
20577668ns          347899 1c008178 001e0e13 addi             x28, x28, 1         x28=00000008 x28:00000007
20577688ns          347900 1c00817a 014e407b lp.setup         0x0, x28, 0x14      x28:00000008
20577708ns          347901 1c00817e 40af87b3 sub              x15, x31, x10       x15=00000020 x31:10000704 x10:100006e4
20577728ns          347902 1c008182 ffc78793 addi             x15, x15, -4        x15=0000001c x15:00000020
20577747ns          347903 1c008184 0027d793 srli             x15, x15, 0x2       x15=00000007 x15:0000001c
20577767ns          347904 1c008186 01d00833 add              x16, x0, x29        x16=10000204 x29:10000204
20577787ns          347905 1c008188 00a00633 add              x12, x0, x10        x12=100006e4 x10:100006e4
20577807ns          347906 1c00818a 00000713 addi             x14, x0, 0          x14=00000000
20577827ns          347907 1c00818c 00178793 addi             x15, x15, 1         x15=00000008 x15:00000007
20577847ns          347908 1c00818e 0067c0fb lp.setup         0x1, x15, 0x6       x15:00000008
20577867ns          347909 1c008192 0046230b p.lw             x6, 4(x12!)          x6=00001e3d x12=100006e8 x12:100006e4  PA:100006e4
20577887ns          347910 1c008196 2078788b p.lw             x17, x7(x16!)       x17=00000009 x16=10000224  x7:00000020 x16:10000204  PA:10000204
20577926ns          347912 1c00819a 43130733 p.mac            x14, x6, x17        x14=00011025 x14:00000000  x6:00001e3d x17:00000009
20577946ns          347913 1c008192 0046230b p.lw             x6, 4(x12!)          x6=00001f50 x12=100006ec x12:100006e8  PA:100006e8
20577966ns          347914 1c008196 2078788b p.lw             x17, x7(x16!)       x17=00000001 x16=10000244  x7:00000020 x16:10000224  PA:10000224
20578006ns          347916 1c00819a 43130733 p.mac            x14, x6, x17        x14=00012f75 x14:00011025  x6:00001f50 x17:00000001
20578026ns          347917 1c008192 0046230b p.lw             x6, 4(x12!)          x6=00002063 x12=100006f0 x12:100006ec  PA:100006ec
20578046ns          347918 1c008196 2078788b p.lw             x17, x7(x16!)       x17=fffffff9 x16=10000264  x7:00000020 x16:10000244  PA:10000244
20578086ns          347920 1c00819a 43130733 p.mac            x14, x6, x17        x14=00004cc0 x14:00012f75  x6:00002063 x17:fffffff9
20578105ns          347921 1c008192 0046230b p.lw             x6, 4(x12!)          x6=00002176 x12=100006f4 x12:100006f0  PA:100006f0
20578125ns          347922 1c008196 2078788b p.lw             x17, x7(x16!)       x17=fffffff1 x16=10000284  x7:00000020 x16:10000264  PA:10000264
20578165ns          347924 1c00819a 43130733 p.mac            x14, x6, x17        x14=fffe56d6 x14:00004cc0  x6:00002176 x17:fffffff1
20578185ns          347925 1c008192 0046230b p.lw             x6, 4(x12!)          x6=00002289 x12=100006f8 x12:100006f4  PA:100006f4
20578205ns          347926 1c008196 2078788b p.lw             x17, x7(x16!)       x17=ffffffe9 x16=100002a4  x7:00000020 x16:10000284  PA:10000284
20578245ns          347928 1c00819a 43130733 p.mac            x14, x6, x17        x14=fffb3c87 x14:fffe56d6  x6:00002289 x17:ffffffe9
20578265ns          347929 1c008192 0046230b p.lw             x6, 4(x12!)          x6=0000239c x12=100006fc x12:100006f8  PA:100006f8
20578284ns          347930 1c008196 2078788b p.lw             x17, x7(x16!)       x17=ffffffe1 x16=100002c4  x7:00000020 x16:100002a4  PA:100002a4
20578324ns          347932 1c00819a 43130733 p.mac            x14, x6, x17        x14=fff6eca3 x14:fffb3c87  x6:0000239c x17:ffffffe1
20578344ns          347933 1c008192 0046230b p.lw             x6, 4(x12!)          x6=000024af x12=10000700 x12:100006fc  PA:100006fc
20578364ns          347934 1c008196 2078788b p.lw             x17, x7(x16!)       x17=ffffffd9 x16=100002e4  x7:00000020 x16:100002c4  PA:100002c4
20578404ns          347936 1c00819a 43130733 p.mac            x14, x6, x17        x14=fff155fa x14:fff6eca3  x6:000024af x17:ffffffd9
20578424ns          347937 1c008192 0046230b p.lw             x6, 4(x12!)          x6=000025c2 x12=10000704 x12:10000700  PA:10000700
20578444ns          347938 1c008196 2078788b p.lw             x17, x7(x16!)       x17=ffffffd1 x16=10000304  x7:00000020 x16:100002e4  PA:100002e4
20578483ns          347940 1c00819a 43130733 p.mac            x14, x6, x17        x14=ffea675c x14:fff155fa  x6:000025c2 x17:ffffffd1
20578503ns          347941 1c00819e 00ef222b p.sw             x14, 4(x30!)        x30=100005e8 x14:ffea675c x30:100005e4  PA:100005e4
20578523ns          347942 1c0081a2 004e8e93 addi             x29, x29, 4         x29=10000208 x29:10000204
20578563ns          347944 1c00817e 40af87b3 sub              x15, x31, x10       x15=00000020 x31:10000704 x10:100006e4
20578583ns          347945 1c008182 ffc78793 addi             x15, x15, -4        x15=0000001c x15:00000020
20578603ns          347946 1c008184 0027d793 srli             x15, x15, 0x2       x15=00000007 x15:0000001c
20578623ns          347947 1c008186 01d00833 add              x16, x0, x29        x16=10000208 x29:10000208
20578643ns          347948 1c008188 00a00633 add              x12, x0, x10        x12=100006e4 x10:100006e4
20578662ns          347949 1c00818a 00000713 addi             x14, x0, 0          x14=00000000
20578682ns          347950 1c00818c 00178793 addi             x15, x15, 1         x15=00000008 x15:00000007
20578702ns          347951 1c00818e 0067c0fb lp.setup         0x1, x15, 0x6       x15:00000008
20578722ns          347952 1c008192 0046230b p.lw             x6, 4(x12!)          x6=00001e3d x12=100006e8 x12:100006e4  PA:100006e4
20578742ns          347953 1c008196 2078788b p.lw             x17, x7(x16!)       x17=00000008 x16=10000228  x7:00000020 x16:10000208  PA:10000208
20578782ns          347955 1c00819a 43130733 p.mac            x14, x6, x17        x14=0000f1e8 x14:00000000  x6:00001e3d x17:00000008
20578802ns          347956 1c008192 0046230b p.lw             x6, 4(x12!)          x6=00001f50 x12=100006ec x12:100006e8  PA:100006e8
20578822ns          347957 1c008196 2078788b p.lw             x17, x7(x16!)       x17=00000000 x16=10000248  x7:00000020 x16:10000228  PA:10000228
20578861ns          347959 1c00819a 43130733 p.mac            x14, x6, x17        x14=0000f1e8 x14:0000f1e8  x6:00001f50 x17:00000000
20578881ns          347960 1c008192 0046230b p.lw             x6, 4(x12!)          x6=00002063 x12=100006f0 x12:100006ec  PA:100006ec
20578901ns          347961 1c008196 2078788b p.lw             x17, x7(x16!)       x17=fffffff8 x16=10000268  x7:00000020 x16:10000248  PA:10000248
20578941ns          347963 1c00819a 43130733 p.mac            x14, x6, x17        x14=ffffeed0 x14:0000f1e8  x6:00002063 x17:fffffff8
20578961ns          347964 1c008192 0046230b p.lw             x6, 4(x12!)          x6=00002176 x12=100006f4 x12:100006f0  PA:100006f0
20578981ns          347965 1c008196 2078788b p.lw             x17, x7(x16!)       x17=fffffff0 x16=10000288  x7:00000020 x16:10000268  PA:10000268
20579020ns          347967 1c00819a 43130733 p.mac            x14, x6, x17        x14=fffdd770 x14:ffffeed0  x6:00002176 x17:fffffff0
20579040ns          347968 1c008192 0046230b p.lw             x6, 4(x12!)          x6=00002289 x12=100006f8 x12:100006f4  PA:100006f4
20579060ns          347969 1c008196 2078788b p.lw             x17, x7(x16!)       x17=ffffffe8 x16=100002a8  x7:00000020 x16:10000288  PA:10000288
20579100ns          347971 1c00819a 43130733 p.mac            x14, x6, x17        x14=fffa9a98 x14:fffdd770  x6:00002289 x17:ffffffe8
20579120ns          347972 1c008192 0046230b p.lw             x6, 4(x12!)          x6=0000239c x12=100006fc x12:100006f8  PA:100006f8
20579140ns          347973 1c008196 2078788b p.lw             x17, x7(x16!)       x17=ffffffe0 x16=100002c8  x7:00000020 x16:100002a8  PA:100002a8
20579180ns          347975 1c00819a 43130733 p.mac            x14, x6, x17        x14=fff62718 x14:fffa9a98  x6:0000239c x17:ffffffe0
20579199ns          347976 1c008192 0046230b p.lw             x6, 4(x12!)          x6=000024af x12=10000700 x12:100006fc  PA:100006fc
20579219ns          347977 1c008196 2078788b p.lw             x17, x7(x16!)       x17=ffffffd8 x16=100002e8  x7:00000020 x16:100002c8  PA:100002c8
20579259ns          347979 1c00819a 43130733 p.mac            x14, x6, x17        x14=fff06bc0 x14:fff62718  x6:000024af x17:ffffffd8
20579279ns          347980 1c008192 0046230b p.lw             x6, 4(x12!)          x6=000025c2 x12=10000704 x12:10000700  PA:10000700
20579299ns          347981 1c008196 2078788b p.lw             x17, x7(x16!)       x17=ffffffd0 x16=10000308  x7:00000020 x16:100002e8  PA:100002e8
20579339ns          347983 1c00819a 43130733 p.mac            x14, x6, x17        x14=ffe95760 x14:fff06bc0  x6:000025c2 x17:ffffffd0
20579359ns          347984 1c00819e 00ef222b p.sw             x14, 4(x30!)        x30=100005ec x14:ffe95760 x30:100005e8  PA:100005e8
20579378ns          347985 1c0081a2 004e8e93 addi             x29, x29, 4         x29=1000020c x29:10000208
20579418ns          347987 1c00817e 40af87b3 sub              x15, x31, x10       x15=00000020 x31:10000704 x10:100006e4
20579438ns          347988 1c008182 ffc78793 addi             x15, x15, -4        x15=0000001c x15:00000020
20579458ns          347989 1c008184 0027d793 srli             x15, x15, 0x2       x15=00000007 x15:0000001c
20579478ns          347990 1c008186 01d00833 add              x16, x0, x29        x16=1000020c x29:1000020c
20579498ns          347991 1c008188 00a00633 add              x12, x0, x10        x12=100006e4 x10:100006e4
20579518ns          347992 1c00818a 00000713 addi             x14, x0, 0          x14=00000000
20579538ns          347993 1c00818c 00178793 addi             x15, x15, 1         x15=00000008 x15:00000007
20579557ns          347994 1c00818e 0067c0fb lp.setup         0x1, x15, 0x6       x15:00000008
20579577ns          347995 1c008192 0046230b p.lw             x6, 4(x12!)          x6=00001e3d x12=100006e8 x12:100006e4  PA:100006e4
20579597ns          347996 1c008196 2078788b p.lw             x17, x7(x16!)       x17=00000007 x16=1000022c  x7:00000020 x16:1000020c  PA:1000020c
20579637ns          347998 1c00819a 43130733 p.mac            x14, x6, x17        x14=0000d3ab x14:00000000  x6:00001e3d x17:00000007
20579657ns          347999 1c008192 0046230b p.lw             x6, 4(x12!)          x6=00001f50 x12=100006ec x12:100006e8  PA:100006e8
20579697ns          348001 1c008196 2078788b p.lw             x17, x7(x16!)       x17=ffffffff x16=1000024c  x7:00000020 x16:1000022c  PA:1000022c
20579736ns          348003 1c00819a 43130733 p.mac            x14, x6, x17        x14=0000b45b x14:0000d3ab  x6:00001f50 x17:ffffffff
20579756ns          348004 1c008192 0046230b p.lw             x6, 4(x12!)          x6=00002063 x12=100006f0 x12:100006ec  PA:100006ec
20579776ns          348005 1c008196 2078788b p.lw             x17, x7(x16!)       x17=fffffff7 x16=1000026c  x7:00000020 x16:1000024c  PA:1000024c
20579816ns          348007 1c00819a 43130733 p.mac            x14, x6, x17        x14=ffff90e0 x14:0000b45b  x6:00002063 x17:fffffff7
20579836ns          348008 1c008192 0046230b p.lw             x6, 4(x12!)          x6=00002176 x12=100006f4 x12:100006f0  PA:100006f0
20579856ns          348009 1c008196 2078788b p.lw             x17, x7(x16!)       x17=ffffffef x16=1000028c  x7:00000020 x16:1000026c  PA:1000026c
20579896ns          348011 1c00819a 43130733 p.mac            x14, x6, x17        x14=fffd580a x14:ffff90e0  x6:00002176 x17:ffffffef
20579916ns          348012 1c008192 0046230b p.lw             x6, 4(x12!)          x6=00002289 x12=100006f8 x12:100006f4  PA:100006f4
20579935ns          348013 1c008196 2078788b p.lw             x17, x7(x16!)       x17=ffffffe7 x16=100002ac  x7:00000020 x16:1000028c  PA:1000028c
20579975ns          348015 1c00819a 43130733 p.mac            x14, x6, x17        x14=fff9f8a9 x14:fffd580a  x6:00002289 x17:ffffffe7
20579995ns          348016 1c008192 0046230b p.lw             x6, 4(x12!)          x6=0000239c x12=100006fc x12:100006f8  PA:100006f8
20580015ns          348017 1c008196 2078788b p.lw             x17, x7(x16!)       x17=ffffffdf x16=100002cc  x7:00000020 x16:100002ac  PA:100002ac
20580055ns          348019 1c00819a 43130733 p.mac            x14, x6, x17        x14=fff5618d x14:fff9f8a9  x6:0000239c x17:ffffffdf
20580075ns          348020 1c008192 0046230b p.lw             x6, 4(x12!)          x6=000024af x12=10000700 x12:100006fc  PA:100006fc
20580095ns          348021 1c008196 2078788b p.lw             x17, x7(x16!)       x17=ffffffd7 x16=100002ec  x7:00000020 x16:100002cc  PA:100002cc
20580134ns          348023 1c00819a 43130733 p.mac            x14, x6, x17        x14=ffef8186 x14:fff5618d  x6:000024af x17:ffffffd7
20580154ns          348024 1c008192 0046230b p.lw             x6, 4(x12!)          x6=000025c2 x12=10000704 x12:10000700  PA:10000700
20580174ns          348025 1c008196 2078788b p.lw             x17, x7(x16!)       x17=ffffffcf x16=1000030c  x7:00000020 x16:100002ec  PA:100002ec
20580214ns          348027 1c00819a 43130733 p.mac            x14, x6, x17        x14=ffe84764 x14:ffef8186  x6:000025c2 x17:ffffffcf
20580234ns          348028 1c00819e 00ef222b p.sw             x14, 4(x30!)        x30=100005f0 x14:ffe84764 x30:100005ec  PA:100005ec
20580254ns          348029 1c0081a2 004e8e93 addi             x29, x29, 4         x29=10000210 x29:1000020c
20580293ns          348031 1c00817e 40af87b3 sub              x15, x31, x10       x15=00000020 x31:10000704 x10:100006e4
20580313ns          348032 1c008182 ffc78793 addi             x15, x15, -4        x15=0000001c x15:00000020
20580333ns          348033 1c008184 0027d793 srli             x15, x15, 0x2       x15=00000007 x15:0000001c
20580353ns          348034 1c008186 01d00833 add              x16, x0, x29        x16=10000210 x29:10000210
20580373ns          348035 1c008188 00a00633 add              x12, x0, x10        x12=100006e4 x10:100006e4
20580393ns          348036 1c00818a 00000713 addi             x14, x0, 0          x14=00000000
20580413ns          348037 1c00818c 00178793 addi             x15, x15, 1         x15=00000008 x15:00000007
20580433ns          348038 1c00818e 0067c0fb lp.setup         0x1, x15, 0x6       x15:00000008
20580453ns          348039 1c008192 0046230b p.lw             x6, 4(x12!)          x6=00001e3d x12=100006e8 x12:100006e4  PA:100006e4
20580472ns          348040 1c008196 2078788b p.lw             x17, x7(x16!)       x17=00000006 x16=10000230  x7:00000020 x16:10000210  PA:10000210
20580512ns          348042 1c00819a 43130733 p.mac            x14, x6, x17        x14=0000b56e x14:00000000  x6:00001e3d x17:00000006
20580532ns          348043 1c008192 0046230b p.lw             x6, 4(x12!)          x6=00001f50 x12=100006ec x12:100006e8  PA:100006e8
20580552ns          348044 1c008196 2078788b p.lw             x17, x7(x16!)       x17=fffffffe x16=10000250  x7:00000020 x16:10000230  PA:10000230
20580592ns          348046 1c00819a 43130733 p.mac            x14, x6, x17        x14=000076ce x14:0000b56e  x6:00001f50 x17:fffffffe
20580612ns          348047 1c008192 0046230b p.lw             x6, 4(x12!)          x6=00002063 x12=100006f0 x12:100006ec  PA:100006ec
20580632ns          348048 1c008196 2078788b p.lw             x17, x7(x16!)       x17=fffffff6 x16=10000270  x7:00000020 x16:10000250  PA:10000250
20580671ns          348050 1c00819a 43130733 p.mac            x14, x6, x17        x14=ffff32f0 x14:000076ce  x6:00002063 x17:fffffff6
20580691ns          348051 1c008192 0046230b p.lw             x6, 4(x12!)          x6=00002176 x12=100006f4 x12:100006f0  PA:100006f0
20580711ns          348052 1c008196 2078788b p.lw             x17, x7(x16!)       x17=ffffffee x16=10000290  x7:00000020 x16:10000270  PA:10000270
20580751ns          348054 1c00819a 43130733 p.mac            x14, x6, x17        x14=fffcd8a4 x14:ffff32f0  x6:00002176 x17:ffffffee
20580771ns          348055 1c008192 0046230b p.lw             x6, 4(x12!)          x6=00002289 x12=100006f8 x12:100006f4  PA:100006f4
20580791ns          348056 1c008196 2078788b p.lw             x17, x7(x16!)       x17=ffffffe6 x16=100002b0  x7:00000020 x16:10000290  PA:10000290
20580830ns          348058 1c00819a 43130733 p.mac            x14, x6, x17        x14=fff956ba x14:fffcd8a4  x6:00002289 x17:ffffffe6
20580850ns          348059 1c008192 0046230b p.lw             x6, 4(x12!)          x6=0000239c x12=100006fc x12:100006f8  PA:100006f8
20580870ns          348060 1c008196 2078788b p.lw             x17, x7(x16!)       x17=ffffffde x16=100002d0  x7:00000020 x16:100002b0  PA:100002b0
20580910ns          348062 1c00819a 43130733 p.mac            x14, x6, x17        x14=fff49c02 x14:fff956ba  x6:0000239c x17:ffffffde
20580930ns          348063 1c008192 0046230b p.lw             x6, 4(x12!)          x6=000024af x12=10000700 x12:100006fc  PA:100006fc
20580950ns          348064 1c008196 2078788b p.lw             x17, x7(x16!)       x17=ffffffd6 x16=100002f0  x7:00000020 x16:100002d0  PA:100002d0
20580990ns          348066 1c00819a 43130733 p.mac            x14, x6, x17        x14=ffee974c x14:fff49c02  x6:000024af x17:ffffffd6
20581010ns          348067 1c008192 0046230b p.lw             x6, 4(x12!)          x6=000025c2 x12=10000704 x12:10000700  PA:10000700
20581029ns          348068 1c008196 2078788b p.lw             x17, x7(x16!)       x17=ffffffce x16=10000310  x7:00000020 x16:100002f0  PA:100002f0
20581089ns          348071 1c00819a 43130733 p.mac            x14, x6, x17        x14=ffe73768 x14:ffee974c  x6:000025c2 x17:ffffffce
20581109ns          348072 1c00819e 00ef222b p.sw             x14, 4(x30!)        x30=100005f4 x14:ffe73768 x30:100005f0  PA:100005f0
20581129ns          348073 1c0081a2 004e8e93 addi             x29, x29, 4         x29=10000214 x29:10000210
20581169ns          348075 1c00817e 40af87b3 sub              x15, x31, x10       x15=00000020 x31:10000704 x10:100006e4
20581189ns          348076 1c008182 ffc78793 addi             x15, x15, -4        x15=0000001c x15:00000020
20581208ns          348077 1c008184 0027d793 srli             x15, x15, 0x2       x15=00000007 x15:0000001c
20581228ns          348078 1c008186 01d00833 add              x16, x0, x29        x16=10000214 x29:10000214
20581248ns          348079 1c008188 00a00633 add              x12, x0, x10        x12=100006e4 x10:100006e4
20581268ns          348080 1c00818a 00000713 addi             x14, x0, 0          x14=00000000
20581288ns          348081 1c00818c 00178793 addi             x15, x15, 1         x15=00000008 x15:00000007
20581308ns          348082 1c00818e 0067c0fb lp.setup         0x1, x15, 0x6       x15:00000008
20581328ns          348083 1c008192 0046230b p.lw             x6, 4(x12!)          x6=00001e3d x12=100006e8 x12:100006e4  PA:100006e4
20581348ns          348084 1c008196 2078788b p.lw             x17, x7(x16!)       x17=00000005 x16=10000234  x7:00000020 x16:10000214  PA:10000214
20581387ns          348086 1c00819a 43130733 p.mac            x14, x6, x17        x14=00009731 x14:00000000  x6:00001e3d x17:00000005
20581407ns          348087 1c008192 0046230b p.lw             x6, 4(x12!)          x6=00001f50 x12=100006ec x12:100006e8  PA:100006e8
20581427ns          348088 1c008196 2078788b p.lw             x17, x7(x16!)       x17=fffffffd x16=10000254  x7:00000020 x16:10000234  PA:10000234
20581467ns          348090 1c00819a 43130733 p.mac            x14, x6, x17        x14=00003941 x14:00009731  x6:00001f50 x17:fffffffd
20581487ns          348091 1c008192 0046230b p.lw             x6, 4(x12!)          x6=00002063 x12=100006f0 x12:100006ec  PA:100006ec
20581507ns          348092 1c008196 2078788b p.lw             x17, x7(x16!)       x17=fffffff5 x16=10000274  x7:00000020 x16:10000254  PA:10000254
20581547ns          348094 1c00819a 43130733 p.mac            x14, x6, x17        x14=fffed500 x14:00003941  x6:00002063 x17:fffffff5
20581566ns          348095 1c008192 0046230b p.lw             x6, 4(x12!)          x6=00002176 x12=100006f4 x12:100006f0  PA:100006f0
20581586ns          348096 1c008196 2078788b p.lw             x17, x7(x16!)       x17=ffffffed x16=10000294  x7:00000020 x16:10000274  PA:10000274
20581626ns          348098 1c00819a 43130733 p.mac            x14, x6, x17        x14=fffc593e x14:fffed500  x6:00002176 x17:ffffffed
20581646ns          348099 1c008192 0046230b p.lw             x6, 4(x12!)          x6=00002289 x12=100006f8 x12:100006f4  PA:100006f4
20581666ns          348100 1c008196 2078788b p.lw             x17, x7(x16!)       x17=ffffffe5 x16=100002b4  x7:00000020 x16:10000294  PA:10000294
20581706ns          348102 1c00819a 43130733 p.mac            x14, x6, x17        x14=fff8b4cb x14:fffc593e  x6:00002289 x17:ffffffe5
20581726ns          348103 1c008192 0046230b p.lw             x6, 4(x12!)          x6=0000239c x12=100006fc x12:100006f8  PA:100006f8
20581745ns          348104 1c008196 2078788b p.lw             x17, x7(x16!)       x17=ffffffdd x16=100002d4  x7:00000020 x16:100002b4  PA:100002b4
20581785ns          348106 1c00819a 43130733 p.mac            x14, x6, x17        x14=fff3d677 x14:fff8b4cb  x6:0000239c x17:ffffffdd
20581805ns          348107 1c008192 0046230b p.lw             x6, 4(x12!)          x6=000024af x12=10000700 x12:100006fc  PA:100006fc
20581825ns          348108 1c008196 2078788b p.lw             x17, x7(x16!)       x17=ffffffd5 x16=100002f4  x7:00000020 x16:100002d4  PA:100002d4
20581865ns          348110 1c00819a 43130733 p.mac            x14, x6, x17        x14=ffedad12 x14:fff3d677  x6:000024af x17:ffffffd5
20581885ns          348111 1c008192 0046230b p.lw             x6, 4(x12!)          x6=000025c2 x12=10000704 x12:10000700  PA:10000700
20581905ns          348112 1c008196 2078788b p.lw             x17, x7(x16!)       x17=ffffffcd x16=10000314  x7:00000020 x16:100002f4  PA:100002f4
20581944ns          348114 1c00819a 43130733 p.mac            x14, x6, x17        x14=ffe6276c x14:ffedad12  x6:000025c2 x17:ffffffcd
20581964ns          348115 1c00819e 00ef222b p.sw             x14, 4(x30!)        x30=100005f8 x14:ffe6276c x30:100005f4  PA:100005f4
20581984ns          348116 1c0081a2 004e8e93 addi             x29, x29, 4         x29=10000218 x29:10000214
20582024ns          348118 1c00817e 40af87b3 sub              x15, x31, x10       x15=00000020 x31:10000704 x10:100006e4
20582044ns          348119 1c008182 ffc78793 addi             x15, x15, -4        x15=0000001c x15:00000020
20582064ns          348120 1c008184 0027d793 srli             x15, x15, 0x2       x15=00000007 x15:0000001c
20582084ns          348121 1c008186 01d00833 add              x16, x0, x29        x16=10000218 x29:10000218
20582103ns          348122 1c008188 00a00633 add              x12, x0, x10        x12=100006e4 x10:100006e4
20582123ns          348123 1c00818a 00000713 addi             x14, x0, 0          x14=00000000
20582143ns          348124 1c00818c 00178793 addi             x15, x15, 1         x15=00000008 x15:00000007
20582163ns          348125 1c00818e 0067c0fb lp.setup         0x1, x15, 0x6       x15:00000008
20582183ns          348126 1c008192 0046230b p.lw             x6, 4(x12!)          x6=00001e3d x12=100006e8 x12:100006e4  PA:100006e4
20582203ns          348127 1c008196 2078788b p.lw             x17, x7(x16!)       x17=00000004 x16=10000238  x7:00000020 x16:10000218  PA:10000218
20582243ns          348129 1c00819a 43130733 p.mac            x14, x6, x17        x14=000078f4 x14:00000000  x6:00001e3d x17:00000004
20582263ns          348130 1c008192 0046230b p.lw             x6, 4(x12!)          x6=00001f50 x12=100006ec x12:100006e8  PA:100006e8
20582283ns          348131 1c008196 2078788b p.lw             x17, x7(x16!)       x17=fffffffc x16=10000258  x7:00000020 x16:10000238  PA:10000238
20582322ns          348133 1c00819a 43130733 p.mac            x14, x6, x17        x14=fffffbb4 x14:000078f4  x6:00001f50 x17:fffffffc
20582342ns          348134 1c008192 0046230b p.lw             x6, 4(x12!)          x6=00002063 x12=100006f0 x12:100006ec  PA:100006ec
20582362ns          348135 1c008196 2078788b p.lw             x17, x7(x16!)       x17=fffffff4 x16=10000278  x7:00000020 x16:10000258  PA:10000258
20582402ns          348137 1c00819a 43130733 p.mac            x14, x6, x17        x14=fffe7710 x14:fffffbb4  x6:00002063 x17:fffffff4
20582422ns          348138 1c008192 0046230b p.lw             x6, 4(x12!)          x6=00002176 x12=100006f4 x12:100006f0  PA:100006f0
20582442ns          348139 1c008196 2078788b p.lw             x17, x7(x16!)       x17=ffffffec x16=10000298  x7:00000020 x16:10000278  PA:10000278
20582481ns          348141 1c00819a 43130733 p.mac            x14, x6, x17        x14=fffbd9d8 x14:fffe7710  x6:00002176 x17:ffffffec
20582501ns          348142 1c008192 0046230b p.lw             x6, 4(x12!)          x6=00002289 x12=100006f8 x12:100006f4  PA:100006f4
20582521ns          348143 1c008196 2078788b p.lw             x17, x7(x16!)       x17=ffffffe4 x16=100002b8  x7:00000020 x16:10000298  PA:10000298
20582561ns          348145 1c00819a 43130733 p.mac            x14, x6, x17        x14=fff812dc x14:fffbd9d8  x6:00002289 x17:ffffffe4
20582581ns          348146 1c008192 0046230b p.lw             x6, 4(x12!)          x6=0000239c x12=100006fc x12:100006f8  PA:100006f8
20582601ns          348147 1c008196 2078788b p.lw             x17, x7(x16!)       x17=ffffffdc x16=100002d8  x7:00000020 x16:100002b8  PA:100002b8
20582641ns          348149 1c00819a 43130733 p.mac            x14, x6, x17        x14=fff310ec x14:fff812dc  x6:0000239c x17:ffffffdc
20582660ns          348150 1c008192 0046230b p.lw             x6, 4(x12!)          x6=000024af x12=10000700 x12:100006fc  PA:100006fc
20582680ns          348151 1c008196 2078788b p.lw             x17, x7(x16!)       x17=ffffffd4 x16=100002f8  x7:00000020 x16:100002d8  PA:100002d8
20582720ns          348153 1c00819a 43130733 p.mac            x14, x6, x17        x14=ffecc2d8 x14:fff310ec  x6:000024af x17:ffffffd4
20582740ns          348154 1c008192 0046230b p.lw             x6, 4(x12!)          x6=000025c2 x12=10000704 x12:10000700  PA:10000700
20582760ns          348155 1c008196 2078788b p.lw             x17, x7(x16!)       x17=ffffffcc x16=10000318  x7:00000020 x16:100002f8  PA:100002f8
20582800ns          348157 1c00819a 43130733 p.mac            x14, x6, x17        x14=ffe51770 x14:ffecc2d8  x6:000025c2 x17:ffffffcc
20582820ns          348158 1c00819e 00ef222b p.sw             x14, 4(x30!)        x30=100005fc x14:ffe51770 x30:100005f8  PA:100005f8
20582839ns          348159 1c0081a2 004e8e93 addi             x29, x29, 4         x29=1000021c x29:10000218
20582879ns          348161 1c00817e 40af87b3 sub              x15, x31, x10       x15=00000020 x31:10000704 x10:100006e4
20582899ns          348162 1c008182 ffc78793 addi             x15, x15, -4        x15=0000001c x15:00000020
20582919ns          348163 1c008184 0027d793 srli             x15, x15, 0x2       x15=00000007 x15:0000001c
20582939ns          348164 1c008186 01d00833 add              x16, x0, x29        x16=1000021c x29:1000021c
20582959ns          348165 1c008188 00a00633 add              x12, x0, x10        x12=100006e4 x10:100006e4
20582979ns          348166 1c00818a 00000713 addi             x14, x0, 0          x14=00000000
20582999ns          348167 1c00818c 00178793 addi             x15, x15, 1         x15=00000008 x15:00000007
20583018ns          348168 1c00818e 0067c0fb lp.setup         0x1, x15, 0x6       x15:00000008
20583038ns          348169 1c008192 0046230b p.lw             x6, 4(x12!)          x6=00001e3d x12=100006e8 x12:100006e4  PA:100006e4
20583058ns          348170 1c008196 2078788b p.lw             x17, x7(x16!)       x17=00000003 x16=1000023c  x7:00000020 x16:1000021c  PA:1000021c
20583098ns          348172 1c00819a 43130733 p.mac            x14, x6, x17        x14=00005ab7 x14:00000000  x6:00001e3d x17:00000003
20583118ns          348173 1c008192 0046230b p.lw             x6, 4(x12!)          x6=00001f50 x12=100006ec x12:100006e8  PA:100006e8
20583138ns          348174 1c008196 2078788b p.lw             x17, x7(x16!)       x17=fffffffb x16=1000025c  x7:00000020 x16:1000023c  PA:1000023c
20583178ns          348176 1c00819a 43130733 p.mac            x14, x6, x17        x14=ffffbe27 x14:00005ab7  x6:00001f50 x17:fffffffb
20583197ns          348177 1c008192 0046230b p.lw             x6, 4(x12!)          x6=00002063 x12=100006f0 x12:100006ec  PA:100006ec
20583217ns          348178 1c008196 2078788b p.lw             x17, x7(x16!)       x17=fffffff3 x16=1000027c  x7:00000020 x16:1000025c  PA:1000025c
20583257ns          348180 1c00819a 43130733 p.mac            x14, x6, x17        x14=fffe1920 x14:ffffbe27  x6:00002063 x17:fffffff3
20583277ns          348181 1c008192 0046230b p.lw             x6, 4(x12!)          x6=00002176 x12=100006f4 x12:100006f0  PA:100006f0
20583297ns          348182 1c008196 2078788b p.lw             x17, x7(x16!)       x17=ffffffeb x16=1000029c  x7:00000020 x16:1000027c  PA:1000027c
20583337ns          348184 1c00819a 43130733 p.mac            x14, x6, x17        x14=fffb5a72 x14:fffe1920  x6:00002176 x17:ffffffeb
20583357ns          348185 1c008192 0046230b p.lw             x6, 4(x12!)          x6=00002289 x12=100006f8 x12:100006f4  PA:100006f4
20583377ns          348186 1c008196 2078788b p.lw             x17, x7(x16!)       x17=ffffffe3 x16=100002bc  x7:00000020 x16:1000029c  PA:1000029c
20583416ns          348188 1c00819a 43130733 p.mac            x14, x6, x17        x14=fff770ed x14:fffb5a72  x6:00002289 x17:ffffffe3
20583436ns          348189 1c008192 0046230b p.lw             x6, 4(x12!)          x6=0000239c x12=100006fc x12:100006f8  PA:100006f8
20583456ns          348190 1c008196 2078788b p.lw             x17, x7(x16!)       x17=ffffffdb x16=100002dc  x7:00000020 x16:100002bc  PA:100002bc
20583496ns          348192 1c00819a 43130733 p.mac            x14, x6, x17        x14=fff24b61 x14:fff770ed  x6:0000239c x17:ffffffdb
20583516ns          348193 1c008192 0046230b p.lw             x6, 4(x12!)          x6=000024af x12=10000700 x12:100006fc  PA:100006fc
20583536ns          348194 1c008196 2078788b p.lw             x17, x7(x16!)       x17=ffffffd3 x16=100002fc  x7:00000020 x16:100002dc  PA:100002dc
20583575ns          348196 1c00819a 43130733 p.mac            x14, x6, x17        x14=ffebd89e x14:fff24b61  x6:000024af x17:ffffffd3
20583595ns          348197 1c008192 0046230b p.lw             x6, 4(x12!)          x6=000025c2 x12=10000704 x12:10000700  PA:10000700
20583615ns          348198 1c008196 2078788b p.lw             x17, x7(x16!)       x17=ffffffcb x16=1000031c  x7:00000020 x16:100002fc  PA:100002fc
20583655ns          348200 1c00819a 43130733 p.mac            x14, x6, x17        x14=ffe40774 x14:ffebd89e  x6:000025c2 x17:ffffffcb
20583675ns          348201 1c00819e 00ef222b p.sw             x14, 4(x30!)        x30=10000600 x14:ffe40774 x30:100005fc  PA:100005fc
20583695ns          348202 1c0081a2 004e8e93 addi             x29, x29, 4         x29=10000220 x29:1000021c
20583735ns          348204 1c00817e 40af87b3 sub              x15, x31, x10       x15=00000020 x31:10000704 x10:100006e4
20583754ns          348205 1c008182 ffc78793 addi             x15, x15, -4        x15=0000001c x15:00000020
20583774ns          348206 1c008184 0027d793 srli             x15, x15, 0x2       x15=00000007 x15:0000001c
20583794ns          348207 1c008186 01d00833 add              x16, x0, x29        x16=10000220 x29:10000220
20583814ns          348208 1c008188 00a00633 add              x12, x0, x10        x12=100006e4 x10:100006e4
20583834ns          348209 1c00818a 00000713 addi             x14, x0, 0          x14=00000000
20583854ns          348210 1c00818c 00178793 addi             x15, x15, 1         x15=00000008 x15:00000007
20583874ns          348211 1c00818e 0067c0fb lp.setup         0x1, x15, 0x6       x15:00000008
20583894ns          348212 1c008192 0046230b p.lw             x6, 4(x12!)          x6=00001e3d x12=100006e8 x12:100006e4  PA:100006e4
20583914ns          348213 1c008196 2078788b p.lw             x17, x7(x16!)       x17=00000002 x16=10000240  x7:00000020 x16:10000220  PA:10000220
20583953ns          348215 1c00819a 43130733 p.mac            x14, x6, x17        x14=00003c7a x14:00000000  x6:00001e3d x17:00000002
20583973ns          348216 1c008192 0046230b p.lw             x6, 4(x12!)          x6=00001f50 x12=100006ec x12:100006e8  PA:100006e8
20583993ns          348217 1c008196 2078788b p.lw             x17, x7(x16!)       x17=fffffffa x16=10000260  x7:00000020 x16:10000240  PA:10000240
20584033ns          348219 1c00819a 43130733 p.mac            x14, x6, x17        x14=ffff809a x14:00003c7a  x6:00001f50 x17:fffffffa
20584053ns          348220 1c008192 0046230b p.lw             x6, 4(x12!)          x6=00002063 x12=100006f0 x12:100006ec  PA:100006ec
20584073ns          348221 1c008196 2078788b p.lw             x17, x7(x16!)       x17=fffffff2 x16=10000280  x7:00000020 x16:10000260  PA:10000260
20584112ns          348223 1c00819a 43130733 p.mac            x14, x6, x17        x14=fffdbb30 x14:ffff809a  x6:00002063 x17:fffffff2
20584132ns          348224 1c008192 0046230b p.lw             x6, 4(x12!)          x6=00002176 x12=100006f4 x12:100006f0  PA:100006f0
20584152ns          348225 1c008196 2078788b p.lw             x17, x7(x16!)       x17=ffffffea x16=100002a0  x7:00000020 x16:10000280  PA:10000280
20584192ns          348227 1c00819a 43130733 p.mac            x14, x6, x17        x14=fffadb0c x14:fffdbb30  x6:00002176 x17:ffffffea
20584212ns          348228 1c008192 0046230b p.lw             x6, 4(x12!)          x6=00002289 x12=100006f8 x12:100006f4  PA:100006f4
20584232ns          348229 1c008196 2078788b p.lw             x17, x7(x16!)       x17=ffffffe2 x16=100002c0  x7:00000020 x16:100002a0  PA:100002a0
20584272ns          348231 1c00819a 43130733 p.mac            x14, x6, x17        x14=fff6cefe x14:fffadb0c  x6:00002289 x17:ffffffe2
20584291ns          348232 1c008192 0046230b p.lw             x6, 4(x12!)          x6=0000239c x12=100006fc x12:100006f8  PA:100006f8
20584311ns          348233 1c008196 2078788b p.lw             x17, x7(x16!)       x17=ffffffda x16=100002e0  x7:00000020 x16:100002c0  PA:100002c0
20584351ns          348235 1c00819a 43130733 p.mac            x14, x6, x17        x14=fff185d6 x14:fff6cefe  x6:0000239c x17:ffffffda
20584371ns          348236 1c008192 0046230b p.lw             x6, 4(x12!)          x6=000024af x12=10000700 x12:100006fc  PA:100006fc
20584391ns          348237 1c008196 2078788b p.lw             x17, x7(x16!)       x17=ffffffd2 x16=10000300  x7:00000020 x16:100002e0  PA:100002e0
20584431ns          348239 1c00819a 43130733 p.mac            x14, x6, x17        x14=ffeaee64 x14:fff185d6  x6:000024af x17:ffffffd2
20584451ns          348240 1c008192 0046230b p.lw             x6, 4(x12!)          x6=000025c2 x12=10000704 x12:10000700  PA:10000700
20584470ns          348241 1c008196 2078788b p.lw             x17, x7(x16!)       x17=ffffffca x16=10000320  x7:00000020 x16:10000300  PA:10000300
20584510ns          348243 1c00819a 43130733 p.mac            x14, x6, x17        x14=ffe2f778 x14:ffeaee64  x6:000025c2 x17:ffffffca
20584530ns          348244 1c00819e 00ef222b p.sw             x14, 4(x30!)        x30=10000604 x14:ffe2f778 x30:10000600  PA:10000600
20584550ns          348245 1c0081a2 004e8e93 addi             x29, x29, 4         x29=10000224 x29:10000220
20584570ns          348246 1c0081a4 00128293 addi             x5, x5, 1            x5=00000008  x5:00000007
20584590ns          348247 1c0081a6 00750533 add              x10, x10, x7        x10=10000704 x10:100006e4  x7:00000020
20584610ns          348248 1c0081a8 007f8fb3 add              x31, x31, x7        x31=10000724 x31:10000704  x7:00000020
20584630ns          348249 1c0081aa fa569fe3 bne              x13, x5, -66        x13:00000008  x5:00000008
20584650ns          348250 1c0081ae 00c12403 lw               x8, 12(x2)           x8=10000004  x2:10002f88  PA:10002f94
20584669ns          348251 1c0081b0 00812483 lw               x9, 8(x2)            x9=10001004  x2:10002f88  PA:10002f90
20584689ns          348252 1c0081b2 01010113 addi             x2, x2, 16           x2=10002f98  x2:10002f88
20584709ns          348253 1c0081b4 00008067 jalr             x0, x1, 0            x1:1c009cf0
20584749ns          348255 1c009cf0 0bb010ef jal              x1, 6330             x1=1c009cf4
20584809ns          348258 1c00b5aa f14027f3 csrrs            x15, x0, 0xf14      x15=00000003
20584829ns          348259 1c00b5ae 01f00713 addi             x14, x0, 31         x14=0000001f
20584848ns          348260 1c00b5b0 ca5797b3 p.extractu       x15, x15, 5, 5      x15=00000000 x15:00000003
20584868ns          348261 1c00b5b4 00e78863 beq              x15, x14, 16        x15:00000000 x14:0000001f
20584888ns          348262 1c00b5b8 002047b7 lui              x15, 0x204000       x15=00204000
20584908ns          348263 1c00b5bc 20078793 addi             x15, x15, 512       x15=00204200 x15:00204000
20584928ns          348264 1c00b5c0 01c7e703 p.elw            x14, 28(x15)        x14=00010000 x15:00204200  PA:0020421c
20585385ns          348287 1c00b5c4 00008067 jalr             x0, x1, 0            x1:1c009cf4
20585425ns          348289 1c009cf4 00200713 addi             x14, x0, 2          x14=00000002
20585445ns          348290 1c009cf6 00800693 addi             x13, x0, 8          x13=00000008
20585465ns          348291 1c009cf8 c0048613 addi             x12, x9, -1024      x12=10000c04  x9:10001004
20585485ns          348292 1c009cfc 013005b3 add              x11, x0, x19        x11=10000304 x19:10000304
20586002ns          348318 1c009cfe 70040513 addi             x10, x8, 1792       x10=10000704  x8:10000004
20586042ns          348320 1c009d02 c3cfe0ef jal              x1, -7108            x1=1c009d06
20586082ns          348322 1c00813e 06068c63 beq              x13, x0, 120        x13:00000008
20586102ns          348323 1c008140 ff010113 addi             x2, x2, -16          x2=10002f88  x2:10002f98
20586121ns          348324 1c008142 00269393 slli             x7, x13, 0x2         x7=00000020 x13:00000008
20586141ns          348325 1c008146 00812623 sw               x8, 12(x2)           x8:10000004  x2:10002f88  PA:10002f94
20586161ns          348326 1c008148 00271793 slli             x15, x14, 0x2       x15=00000008 x14:00000002
20586181ns          348327 1c00814c 40a60433 sub              x8, x12, x10         x8=00000500 x12:10000c04 x10:10000704
20586201ns          348328 1c008150 02d787b3 mul              x15, x15, x13       x15=00000040 x15:00000008 x13:00000008
20586221ns          348329 1c008154 40740433 sub              x8, x8, x7           x8=000004e0  x8:00000500  x7:00000020
20586241ns          348330 1c008158 00912423 sw               x9, 8(x2)            x9:10001004  x2:10002f88  PA:10002f90
20586261ns          348331 1c00815a 00750fb3 add              x31, x10, x7        x31=10000724 x10:10000704  x7:00000020
20586281ns          348332 1c00815e 42d78433 p.mac            x8, x15, x13         x8=000006e0  x8:000004e0 x15:00000040 x13:00000008
20586300ns          348333 1c008162 007584b3 add              x9, x11, x7          x9=10000324 x11:10000304  x7:00000020
20586320ns          348334 1c008166 00000293 addi             x5, x0, 0            x5=00000000
20586340ns          348335 1c008168 40b48e33 sub              x28, x9, x11        x28=00000020  x9:10000324 x11:10000304
20586360ns          348336 1c00816c ffce0e13 addi             x28, x28, -4        x28=0000001c x28:00000020
20586380ns          348337 1c00816e 002e5e13 srli             x28, x28, 0x2       x28=00000007 x28:0000001c
20586400ns          348338 1c008172 008f8f33 add              x30, x31, x8        x30=10000e04 x31:10000724  x8:000006e0
20586420ns          348339 1c008176 00b00eb3 add              x29, x0, x11        x29=10000304 x11:10000304
20586440ns          348340 1c008178 001e0e13 addi             x28, x28, 1         x28=00000008 x28:00000007
20586460ns          348341 1c00817a 014e407b lp.setup         0x0, x28, 0x14      x28:00000008
20586479ns          348342 1c00817e 40af87b3 sub              x15, x31, x10       x15=00000020 x31:10000724 x10:10000704
20586499ns          348343 1c008182 ffc78793 addi             x15, x15, -4        x15=0000001c x15:00000020
20586519ns          348344 1c008184 0027d793 srli             x15, x15, 0x2       x15=00000007 x15:0000001c
20586539ns          348345 1c008186 01d00833 add              x16, x0, x29        x16=10000304 x29:10000304
20586559ns          348346 1c008188 00a00633 add              x12, x0, x10        x12=10000704 x10:10000704
20586579ns          348347 1c00818a 00000713 addi             x14, x0, 0          x14=00000000
20586599ns          348348 1c00818c 00178793 addi             x15, x15, 1         x15=00000008 x15:00000007
20586619ns          348349 1c00818e 0067c0fb lp.setup         0x1, x15, 0x6       x15:00000008
20586639ns          348350 1c008192 0046230b p.lw             x6, 4(x12!)          x6=fffff761 x12=10000708 x12:10000704  PA:10000704
20586658ns          348351 1c008196 2078788b p.lw             x17, x7(x16!)       x17=00000031 x16=10000324  x7:00000020 x16:10000304  PA:10000304
20586698ns          348353 1c00819a 43130733 p.mac            x14, x6, x17        x14=fffe5991 x14:00000000  x6:fffff761 x17:00000031
20586718ns          348354 1c008192 0046230b p.lw             x6, 4(x12!)          x6=fffff6c8 x12=1000070c x12:10000708  PA:10000708
20586758ns          348356 1c008196 2078788b p.lw             x17, x7(x16!)       x17=00000029 x16=10000344  x7:00000020 x16:10000324  PA:10000324
20586798ns          348358 1c00819a 43130733 p.mac            x14, x6, x17        x14=fffcdf99 x14:fffe5991  x6:fffff6c8 x17:00000029
20586818ns          348359 1c008192 0046230b p.lw             x6, 4(x12!)          x6=fffff62f x12=10000710 x12:1000070c  PA:1000070c
20586837ns          348360 1c008196 2078788b p.lw             x17, x7(x16!)       x17=00000021 x16=10000364  x7:00000020 x16:10000344  PA:10000344
20586877ns          348362 1c00819a 43130733 p.mac            x14, x6, x17        x14=fffb9ba8 x14:fffcdf99  x6:fffff62f x17:00000021
20586897ns          348363 1c008192 0046230b p.lw             x6, 4(x12!)          x6=fffff596 x12=10000714 x12:10000710  PA:10000710
20586917ns          348364 1c008196 2078788b p.lw             x17, x7(x16!)       x17=00000019 x16=10000384  x7:00000020 x16:10000364  PA:10000364
20586957ns          348366 1c00819a 43130733 p.mac            x14, x6, x17        x14=fffa974e x14:fffb9ba8  x6:fffff596 x17:00000019
20586977ns          348367 1c008192 0046230b p.lw             x6, 4(x12!)          x6=fffff4fd x12=10000718 x12:10000714  PA:10000714
20586997ns          348368 1c008196 2078788b p.lw             x17, x7(x16!)       x17=00000011 x16=100003a4  x7:00000020 x16:10000384  PA:10000384
20587036ns          348370 1c00819a 43130733 p.mac            x14, x6, x17        x14=fff9dc1b x14:fffa974e  x6:fffff4fd x17:00000011
20587056ns          348371 1c008192 0046230b p.lw             x6, 4(x12!)          x6=fffff464 x12=1000071c x12:10000718  PA:10000718
20587076ns          348372 1c008196 2078788b p.lw             x17, x7(x16!)       x17=00000009 x16=100003c4  x7:00000020 x16:100003a4  PA:100003a4
20587116ns          348374 1c00819a 43130733 p.mac            x14, x6, x17        x14=fff9739f x14:fff9dc1b  x6:fffff464 x17:00000009
20587136ns          348375 1c008192 0046230b p.lw             x6, 4(x12!)          x6=fffff3cb x12=10000720 x12:1000071c  PA:1000071c
20587156ns          348376 1c008196 2078788b p.lw             x17, x7(x16!)       x17=00000001 x16=100003e4  x7:00000020 x16:100003c4  PA:100003c4
20587196ns          348378 1c00819a 43130733 p.mac            x14, x6, x17        x14=fff9676a x14:fff9739f  x6:fffff3cb x17:00000001
20587215ns          348379 1c008192 0046230b p.lw             x6, 4(x12!)          x6=fffff332 x12=10000724 x12:10000720  PA:10000720
20587235ns          348380 1c008196 2078788b p.lw             x17, x7(x16!)       x17=fffffff9 x16=10000404  x7:00000020 x16:100003e4  PA:100003e4
20587275ns          348382 1c00819a 43130733 p.mac            x14, x6, x17        x14=fff9c10c x14:fff9676a  x6:fffff332 x17:fffffff9
20587295ns          348383 1c00819e 00ef222b p.sw             x14, 4(x30!)        x30=10000e08 x14:fff9c10c x30:10000e04  PA:10000e04
20587315ns          348384 1c0081a2 004e8e93 addi             x29, x29, 4         x29=10000308 x29:10000304
20587355ns          348386 1c00817e 40af87b3 sub              x15, x31, x10       x15=00000020 x31:10000724 x10:10000704
20587375ns          348387 1c008182 ffc78793 addi             x15, x15, -4        x15=0000001c x15:00000020
20587394ns          348388 1c008184 0027d793 srli             x15, x15, 0x2       x15=00000007 x15:0000001c
20587414ns          348389 1c008186 01d00833 add              x16, x0, x29        x16=10000308 x29:10000308
20587434ns          348390 1c008188 00a00633 add              x12, x0, x10        x12=10000704 x10:10000704
20587454ns          348391 1c00818a 00000713 addi             x14, x0, 0          x14=00000000
20587474ns          348392 1c00818c 00178793 addi             x15, x15, 1         x15=00000008 x15:00000007
20587494ns          348393 1c00818e 0067c0fb lp.setup         0x1, x15, 0x6       x15:00000008
20587514ns          348394 1c008192 0046230b p.lw             x6, 4(x12!)          x6=fffff761 x12=10000708 x12:10000704  PA:10000704
20587534ns          348395 1c008196 2078788b p.lw             x17, x7(x16!)       x17=00000030 x16=10000328  x7:00000020 x16:10000308  PA:10000308
20587573ns          348397 1c00819a 43130733 p.mac            x14, x6, x17        x14=fffe6230 x14:00000000  x6:fffff761 x17:00000030
20587593ns          348398 1c008192 0046230b p.lw             x6, 4(x12!)          x6=fffff6c8 x12=1000070c x12:10000708  PA:10000708
20587613ns          348399 1c008196 2078788b p.lw             x17, x7(x16!)       x17=00000028 x16=10000348  x7:00000020 x16:10000328  PA:10000328
20587653ns          348401 1c00819a 43130733 p.mac            x14, x6, x17        x14=fffcf170 x14:fffe6230  x6:fffff6c8 x17:00000028
20587673ns          348402 1c008192 0046230b p.lw             x6, 4(x12!)          x6=fffff62f x12=10000710 x12:1000070c  PA:1000070c
20587693ns          348403 1c008196 2078788b p.lw             x17, x7(x16!)       x17=00000020 x16=10000368  x7:00000020 x16:10000348  PA:10000348
20587733ns          348405 1c00819a 43130733 p.mac            x14, x6, x17        x14=fffbb750 x14:fffcf170  x6:fffff62f x17:00000020
20587752ns          348406 1c008192 0046230b p.lw             x6, 4(x12!)          x6=fffff596 x12=10000714 x12:10000710  PA:10000710
20587772ns          348407 1c008196 2078788b p.lw             x17, x7(x16!)       x17=00000018 x16=10000388  x7:00000020 x16:10000368  PA:10000368
20587812ns          348409 1c00819a 43130733 p.mac            x14, x6, x17        x14=fffabd60 x14:fffbb750  x6:fffff596 x17:00000018
20587832ns          348410 1c008192 0046230b p.lw             x6, 4(x12!)          x6=fffff4fd x12=10000718 x12:10000714  PA:10000714
20587872ns          348412 1c008196 2078788b p.lw             x17, x7(x16!)       x17=00000010 x16=100003a8  x7:00000020 x16:10000388  PA:10000388
20587912ns          348414 1c00819a 43130733 p.mac            x14, x6, x17        x14=fffa0d30 x14:fffabd60  x6:fffff4fd x17:00000010
20587931ns          348415 1c008192 0046230b p.lw             x6, 4(x12!)          x6=fffff464 x12=1000071c x12:10000718  PA:10000718
20587971ns          348417 1c008196 2078788b p.lw             x17, x7(x16!)       x17=00000008 x16=100003c8  x7:00000020 x16:100003a8  PA:100003a8
20588031ns          348420 1c00819a 43130733 p.mac            x14, x6, x17        x14=fff9b050 x14:fffa0d30  x6:fffff464 x17:00000008
20588051ns          348421 1c008192 0046230b p.lw             x6, 4(x12!)          x6=fffff3cb x12=10000720 x12:1000071c  PA:1000071c
20588071ns          348422 1c008196 2078788b p.lw             x17, x7(x16!)       x17=00000000 x16=100003e8  x7:00000020 x16:100003c8  PA:100003c8
20588111ns          348424 1c00819a 43130733 p.mac            x14, x6, x17        x14=fff9b050 x14:fff9b050  x6:fffff3cb x17:00000000
20588130ns          348425 1c008192 0046230b p.lw             x6, 4(x12!)          x6=fffff332 x12=10000724 x12:10000720  PA:10000720
20588150ns          348426 1c008196 2078788b p.lw             x17, x7(x16!)       x17=fffffff8 x16=10000408  x7:00000020 x16:100003e8  PA:100003e8
20588190ns          348428 1c00819a 43130733 p.mac            x14, x6, x17        x14=fffa16c0 x14:fff9b050  x6:fffff332 x17:fffffff8
20588210ns          348429 1c00819e 00ef222b p.sw             x14, 4(x30!)        x30=10000e0c x14:fffa16c0 x30:10000e08  PA:10000e08
20588230ns          348430 1c0081a2 004e8e93 addi             x29, x29, 4         x29=1000030c x29:10000308
20588270ns          348432 1c00817e 40af87b3 sub              x15, x31, x10       x15=00000020 x31:10000724 x10:10000704
20588290ns          348433 1c008182 ffc78793 addi             x15, x15, -4        x15=0000001c x15:00000020
20588309ns          348434 1c008184 0027d793 srli             x15, x15, 0x2       x15=00000007 x15:0000001c
20588329ns          348435 1c008186 01d00833 add              x16, x0, x29        x16=1000030c x29:1000030c
20588349ns          348436 1c008188 00a00633 add              x12, x0, x10        x12=10000704 x10:10000704
20588369ns          348437 1c00818a 00000713 addi             x14, x0, 0          x14=00000000
20588389ns          348438 1c00818c 00178793 addi             x15, x15, 1         x15=00000008 x15:00000007
20588409ns          348439 1c00818e 0067c0fb lp.setup         0x1, x15, 0x6       x15:00000008
20588429ns          348440 1c008192 0046230b p.lw             x6, 4(x12!)          x6=fffff761 x12=10000708 x12:10000704  PA:10000704
20588449ns          348441 1c008196 2078788b p.lw             x17, x7(x16!)       x17=0000002f x16=1000032c  x7:00000020 x16:1000030c  PA:1000030c
20588488ns          348443 1c00819a 43130733 p.mac            x14, x6, x17        x14=fffe6acf x14:00000000  x6:fffff761 x17:0000002f
20588508ns          348444 1c008192 0046230b p.lw             x6, 4(x12!)          x6=fffff6c8 x12=1000070c x12:10000708  PA:10000708
20588528ns          348445 1c008196 2078788b p.lw             x17, x7(x16!)       x17=00000027 x16=1000034c  x7:00000020 x16:1000032c  PA:1000032c
20588568ns          348447 1c00819a 43130733 p.mac            x14, x6, x17        x14=fffd0347 x14:fffe6acf  x6:fffff6c8 x17:00000027
20588588ns          348448 1c008192 0046230b p.lw             x6, 4(x12!)          x6=fffff62f x12=10000710 x12:1000070c  PA:1000070c
20588608ns          348449 1c008196 2078788b p.lw             x17, x7(x16!)       x17=0000001f x16=1000036c  x7:00000020 x16:1000034c  PA:1000034c
20588667ns          348452 1c00819a 43130733 p.mac            x14, x6, x17        x14=fffbd2f8 x14:fffd0347  x6:fffff62f x17:0000001f
20588687ns          348453 1c008192 0046230b p.lw             x6, 4(x12!)          x6=fffff596 x12=10000714 x12:10000710  PA:10000710
20588707ns          348454 1c008196 2078788b p.lw             x17, x7(x16!)       x17=00000017 x16=1000038c  x7:00000020 x16:1000036c  PA:1000036c
20588747ns          348456 1c00819a 43130733 p.mac            x14, x6, x17        x14=fffae372 x14:fffbd2f8  x6:fffff596 x17:00000017
20588767ns          348457 1c008192 0046230b p.lw             x6, 4(x12!)          x6=fffff4fd x12=10000718 x12:10000714  PA:10000714
20588787ns          348458 1c008196 2078788b p.lw             x17, x7(x16!)       x17=0000000f x16=100003ac  x7:00000020 x16:1000038c  PA:1000038c
20588827ns          348460 1c00819a 43130733 p.mac            x14, x6, x17        x14=fffa3e45 x14:fffae372  x6:fffff4fd x17:0000000f
20588846ns          348461 1c008192 0046230b p.lw             x6, 4(x12!)          x6=fffff464 x12=1000071c x12:10000718  PA:10000718
20588866ns          348462 1c008196 2078788b p.lw             x17, x7(x16!)       x17=00000007 x16=100003cc  x7:00000020 x16:100003ac  PA:100003ac
20588906ns          348464 1c00819a 43130733 p.mac            x14, x6, x17        x14=fff9ed01 x14:fffa3e45  x6:fffff464 x17:00000007
20588926ns          348465 1c008192 0046230b p.lw             x6, 4(x12!)          x6=fffff3cb x12=10000720 x12:1000071c  PA:1000071c
20588946ns          348466 1c008196 2078788b p.lw             x17, x7(x16!)       x17=ffffffff x16=100003ec  x7:00000020 x16:100003cc  PA:100003cc
20588986ns          348468 1c00819a 43130733 p.mac            x14, x6, x17        x14=fff9f936 x14:fff9ed01  x6:fffff3cb x17:ffffffff
20589006ns          348469 1c008192 0046230b p.lw             x6, 4(x12!)          x6=fffff332 x12=10000724 x12:10000720  PA:10000720
20589045ns          348471 1c008196 2078788b p.lw             x17, x7(x16!)       x17=fffffff7 x16=1000040c  x7:00000020 x16:100003ec  PA:100003ec
20589085ns          348473 1c00819a 43130733 p.mac            x14, x6, x17        x14=fffa6c74 x14:fff9f936  x6:fffff332 x17:fffffff7
20589105ns          348474 1c00819e 00ef222b p.sw             x14, 4(x30!)        x30=10000e10 x14:fffa6c74 x30:10000e0c  PA:10000e0c
20589125ns          348475 1c0081a2 004e8e93 addi             x29, x29, 4         x29=10000310 x29:1000030c
20589165ns          348477 1c00817e 40af87b3 sub              x15, x31, x10       x15=00000020 x31:10000724 x10:10000704
20589185ns          348478 1c008182 ffc78793 addi             x15, x15, -4        x15=0000001c x15:00000020
20589204ns          348479 1c008184 0027d793 srli             x15, x15, 0x2       x15=00000007 x15:0000001c
20589224ns          348480 1c008186 01d00833 add              x16, x0, x29        x16=10000310 x29:10000310
20589244ns          348481 1c008188 00a00633 add              x12, x0, x10        x12=10000704 x10:10000704
20589264ns          348482 1c00818a 00000713 addi             x14, x0, 0          x14=00000000
20589284ns          348483 1c00818c 00178793 addi             x15, x15, 1         x15=00000008 x15:00000007
20589304ns          348484 1c00818e 0067c0fb lp.setup         0x1, x15, 0x6       x15:00000008
20589324ns          348485 1c008192 0046230b p.lw             x6, 4(x12!)          x6=fffff761 x12=10000708 x12:10000704  PA:10000704
20589344ns          348486 1c008196 2078788b p.lw             x17, x7(x16!)       x17=0000002e x16=10000330  x7:00000020 x16:10000310  PA:10000310
20589384ns          348488 1c00819a 43130733 p.mac            x14, x6, x17        x14=fffe736e x14:00000000  x6:fffff761 x17:0000002e
20589403ns          348489 1c008192 0046230b p.lw             x6, 4(x12!)          x6=fffff6c8 x12=1000070c x12:10000708  PA:10000708
20589423ns          348490 1c008196 2078788b p.lw             x17, x7(x16!)       x17=00000026 x16=10000350  x7:00000020 x16:10000330  PA:10000330
20589463ns          348492 1c00819a 43130733 p.mac            x14, x6, x17        x14=fffd151e x14:fffe736e  x6:fffff6c8 x17:00000026
20589483ns          348493 1c008192 0046230b p.lw             x6, 4(x12!)          x6=fffff62f x12=10000710 x12:1000070c  PA:1000070c
20589503ns          348494 1c008196 2078788b p.lw             x17, x7(x16!)       x17=0000001e x16=10000370  x7:00000020 x16:10000350  PA:10000350
20589543ns          348496 1c00819a 43130733 p.mac            x14, x6, x17        x14=fffbeea0 x14:fffd151e  x6:fffff62f x17:0000001e
20589563ns          348497 1c008192 0046230b p.lw             x6, 4(x12!)          x6=fffff596 x12=10000714 x12:10000710  PA:10000710
20589582ns          348498 1c008196 2078788b p.lw             x17, x7(x16!)       x17=00000016 x16=10000390  x7:00000020 x16:10000370  PA:10000370
20589622ns          348500 1c00819a 43130733 p.mac            x14, x6, x17        x14=fffb0984 x14:fffbeea0  x6:fffff596 x17:00000016
20589642ns          348501 1c008192 0046230b p.lw             x6, 4(x12!)          x6=fffff4fd x12=10000718 x12:10000714  PA:10000714
20589662ns          348502 1c008196 2078788b p.lw             x17, x7(x16!)       x17=0000000e x16=100003b0  x7:00000020 x16:10000390  PA:10000390
20589702ns          348504 1c00819a 43130733 p.mac            x14, x6, x17        x14=fffa6f5a x14:fffb0984  x6:fffff4fd x17:0000000e
20589722ns          348505 1c008192 0046230b p.lw             x6, 4(x12!)          x6=fffff464 x12=1000071c x12:10000718  PA:10000718
20589742ns          348506 1c008196 2078788b p.lw             x17, x7(x16!)       x17=00000006 x16=100003d0  x7:00000020 x16:100003b0  PA:100003b0
20589781ns          348508 1c00819a 43130733 p.mac            x14, x6, x17        x14=fffa29b2 x14:fffa6f5a  x6:fffff464 x17:00000006
20589801ns          348509 1c008192 0046230b p.lw             x6, 4(x12!)          x6=fffff3cb x12=10000720 x12:1000071c  PA:1000071c
20589821ns          348510 1c008196 2078788b p.lw             x17, x7(x16!)       x17=fffffffe x16=100003f0  x7:00000020 x16:100003d0  PA:100003d0
20589861ns          348512 1c00819a 43130733 p.mac            x14, x6, x17        x14=fffa421c x14:fffa29b2  x6:fffff3cb x17:fffffffe
20589881ns          348513 1c008192 0046230b p.lw             x6, 4(x12!)          x6=fffff332 x12=10000724 x12:10000720  PA:10000720
20589901ns          348514 1c008196 2078788b p.lw             x17, x7(x16!)       x17=fffffff6 x16=10000410  x7:00000020 x16:100003f0  PA:100003f0
20589940ns          348516 1c00819a 43130733 p.mac            x14, x6, x17        x14=fffac228 x14:fffa421c  x6:fffff332 x17:fffffff6
20589960ns          348517 1c00819e 00ef222b p.sw             x14, 4(x30!)        x30=10000e14 x14:fffac228 x30:10000e10  PA:10000e10
20589980ns          348518 1c0081a2 004e8e93 addi             x29, x29, 4         x29=10000314 x29:10000310
20590020ns          348520 1c00817e 40af87b3 sub              x15, x31, x10       x15=00000020 x31:10000724 x10:10000704
20590040ns          348521 1c008182 ffc78793 addi             x15, x15, -4        x15=0000001c x15:00000020
20590060ns          348522 1c008184 0027d793 srli             x15, x15, 0x2       x15=00000007 x15:0000001c
20590080ns          348523 1c008186 01d00833 add              x16, x0, x29        x16=10000314 x29:10000314
20590100ns          348524 1c008188 00a00633 add              x12, x0, x10        x12=10000704 x10:10000704
20590119ns          348525 1c00818a 00000713 addi             x14, x0, 0          x14=00000000
20590139ns          348526 1c00818c 00178793 addi             x15, x15, 1         x15=00000008 x15:00000007
20590159ns          348527 1c00818e 0067c0fb lp.setup         0x1, x15, 0x6       x15:00000008
20590179ns          348528 1c008192 0046230b p.lw             x6, 4(x12!)          x6=fffff761 x12=10000708 x12:10000704  PA:10000704
20590199ns          348529 1c008196 2078788b p.lw             x17, x7(x16!)       x17=0000002d x16=10000334  x7:00000020 x16:10000314  PA:10000314
20590239ns          348531 1c00819a 43130733 p.mac            x14, x6, x17        x14=fffe7c0d x14:00000000  x6:fffff761 x17:0000002d
20590259ns          348532 1c008192 0046230b p.lw             x6, 4(x12!)          x6=fffff6c8 x12=1000070c x12:10000708  PA:10000708
20590279ns          348533 1c008196 2078788b p.lw             x17, x7(x16!)       x17=00000025 x16=10000354  x7:00000020 x16:10000334  PA:10000334
20590318ns          348535 1c00819a 43130733 p.mac            x14, x6, x17        x14=fffd26f5 x14:fffe7c0d  x6:fffff6c8 x17:00000025
20590338ns          348536 1c008192 0046230b p.lw             x6, 4(x12!)          x6=fffff62f x12=10000710 x12:1000070c  PA:1000070c
20590358ns          348537 1c008196 2078788b p.lw             x17, x7(x16!)       x17=0000001d x16=10000374  x7:00000020 x16:10000354  PA:10000354
20590398ns          348539 1c00819a 43130733 p.mac            x14, x6, x17        x14=fffc0a48 x14:fffd26f5  x6:fffff62f x17:0000001d
20590418ns          348540 1c008192 0046230b p.lw             x6, 4(x12!)          x6=fffff596 x12=10000714 x12:10000710  PA:10000710
20590438ns          348541 1c008196 2078788b p.lw             x17, x7(x16!)       x17=00000015 x16=10000394  x7:00000020 x16:10000374  PA:10000374
20590478ns          348543 1c00819a 43130733 p.mac            x14, x6, x17        x14=fffb2f96 x14:fffc0a48  x6:fffff596 x17:00000015
20590497ns          348544 1c008192 0046230b p.lw             x6, 4(x12!)          x6=fffff4fd x12=10000718 x12:10000714  PA:10000714
20590517ns          348545 1c008196 2078788b p.lw             x17, x7(x16!)       x17=0000000d x16=100003b4  x7:00000020 x16:10000394  PA:10000394
20590557ns          348547 1c00819a 43130733 p.mac            x14, x6, x17        x14=fffaa06f x14:fffb2f96  x6:fffff4fd x17:0000000d
20590577ns          348548 1c008192 0046230b p.lw             x6, 4(x12!)          x6=fffff464 x12=1000071c x12:10000718  PA:10000718
20590597ns          348549 1c008196 2078788b p.lw             x17, x7(x16!)       x17=00000005 x16=100003d4  x7:00000020 x16:100003b4  PA:100003b4
20590637ns          348551 1c00819a 43130733 p.mac            x14, x6, x17        x14=fffa6663 x14:fffaa06f  x6:fffff464 x17:00000005
20590657ns          348552 1c008192 0046230b p.lw             x6, 4(x12!)          x6=fffff3cb x12=10000720 x12:1000071c  PA:1000071c
20590676ns          348553 1c008196 2078788b p.lw             x17, x7(x16!)       x17=fffffffd x16=100003f4  x7:00000020 x16:100003d4  PA:100003d4
20590716ns          348555 1c00819a 43130733 p.mac            x14, x6, x17        x14=fffa8b02 x14:fffa6663  x6:fffff3cb x17:fffffffd
20590736ns          348556 1c008192 0046230b p.lw             x6, 4(x12!)          x6=fffff332 x12=10000724 x12:10000720  PA:10000720
20590756ns          348557 1c008196 2078788b p.lw             x17, x7(x16!)       x17=fffffff5 x16=10000414  x7:00000020 x16:100003f4  PA:100003f4
20590796ns          348559 1c00819a 43130733 p.mac            x14, x6, x17        x14=fffb17dc x14:fffa8b02  x6:fffff332 x17:fffffff5
20590816ns          348560 1c00819e 00ef222b p.sw             x14, 4(x30!)        x30=10000e18 x14:fffb17dc x30:10000e14  PA:10000e14
20590836ns          348561 1c0081a2 004e8e93 addi             x29, x29, 4         x29=10000318 x29:10000314
20590875ns          348563 1c00817e 40af87b3 sub              x15, x31, x10       x15=00000020 x31:10000724 x10:10000704
20590895ns          348564 1c008182 ffc78793 addi             x15, x15, -4        x15=0000001c x15:00000020
20590915ns          348565 1c008184 0027d793 srli             x15, x15, 0x2       x15=00000007 x15:0000001c
20590935ns          348566 1c008186 01d00833 add              x16, x0, x29        x16=10000318 x29:10000318
20590955ns          348567 1c008188 00a00633 add              x12, x0, x10        x12=10000704 x10:10000704
20590975ns          348568 1c00818a 00000713 addi             x14, x0, 0          x14=00000000
20590995ns          348569 1c00818c 00178793 addi             x15, x15, 1         x15=00000008 x15:00000007
20591015ns          348570 1c00818e 0067c0fb lp.setup         0x1, x15, 0x6       x15:00000008
20591034ns          348571 1c008192 0046230b p.lw             x6, 4(x12!)          x6=fffff761 x12=10000708 x12:10000704  PA:10000704
20591054ns          348572 1c008196 2078788b p.lw             x17, x7(x16!)       x17=0000002c x16=10000338  x7:00000020 x16:10000318  PA:10000318
20591094ns          348574 1c00819a 43130733 p.mac            x14, x6, x17        x14=fffe84ac x14:00000000  x6:fffff761 x17:0000002c
20591114ns          348575 1c008192 0046230b p.lw             x6, 4(x12!)          x6=fffff6c8 x12=1000070c x12:10000708  PA:10000708
20591134ns          348576 1c008196 2078788b p.lw             x17, x7(x16!)       x17=00000024 x16=10000358  x7:00000020 x16:10000338  PA:10000338
20591174ns          348578 1c00819a 43130733 p.mac            x14, x6, x17        x14=fffd38cc x14:fffe84ac  x6:fffff6c8 x17:00000024
20591194ns          348579 1c008192 0046230b p.lw             x6, 4(x12!)          x6=fffff62f x12=10000710 x12:1000070c  PA:1000070c
20591213ns          348580 1c008196 2078788b p.lw             x17, x7(x16!)       x17=0000001c x16=10000378  x7:00000020 x16:10000358  PA:10000358
20591253ns          348582 1c00819a 43130733 p.mac            x14, x6, x17        x14=fffc25f0 x14:fffd38cc  x6:fffff62f x17:0000001c
20591273ns          348583 1c008192 0046230b p.lw             x6, 4(x12!)          x6=fffff596 x12=10000714 x12:10000710  PA:10000710
20591293ns          348584 1c008196 2078788b p.lw             x17, x7(x16!)       x17=00000014 x16=10000398  x7:00000020 x16:10000378  PA:10000378
20591333ns          348586 1c00819a 43130733 p.mac            x14, x6, x17        x14=fffb55a8 x14:fffc25f0  x6:fffff596 x17:00000014
20591353ns          348587 1c008192 0046230b p.lw             x6, 4(x12!)          x6=fffff4fd x12=10000718 x12:10000714  PA:10000714
20591373ns          348588 1c008196 2078788b p.lw             x17, x7(x16!)       x17=0000000c x16=100003b8  x7:00000020 x16:10000398  PA:10000398
20591412ns          348590 1c00819a 43130733 p.mac            x14, x6, x17        x14=fffad184 x14:fffb55a8  x6:fffff4fd x17:0000000c
20591432ns          348591 1c008192 0046230b p.lw             x6, 4(x12!)          x6=fffff464 x12=1000071c x12:10000718  PA:10000718
20591452ns          348592 1c008196 2078788b p.lw             x17, x7(x16!)       x17=00000004 x16=100003d8  x7:00000020 x16:100003b8  PA:100003b8
20591492ns          348594 1c00819a 43130733 p.mac            x14, x6, x17        x14=fffaa314 x14:fffad184  x6:fffff464 x17:00000004
20591512ns          348595 1c008192 0046230b p.lw             x6, 4(x12!)          x6=fffff3cb x12=10000720 x12:1000071c  PA:1000071c
20591532ns          348596 1c008196 2078788b p.lw             x17, x7(x16!)       x17=fffffffc x16=100003f8  x7:00000020 x16:100003d8  PA:100003d8
20591571ns          348598 1c00819a 43130733 p.mac            x14, x6, x17        x14=fffad3e8 x14:fffaa314  x6:fffff3cb x17:fffffffc
20591591ns          348599 1c008192 0046230b p.lw             x6, 4(x12!)          x6=fffff332 x12=10000724 x12:10000720  PA:10000720
20591611ns          348600 1c008196 2078788b p.lw             x17, x7(x16!)       x17=fffffff4 x16=10000418  x7:00000020 x16:100003f8  PA:100003f8
20591651ns          348602 1c00819a 43130733 p.mac            x14, x6, x17        x14=fffb6d90 x14:fffad3e8  x6:fffff332 x17:fffffff4
20591671ns          348603 1c00819e 00ef222b p.sw             x14, 4(x30!)        x30=10000e1c x14:fffb6d90 x30:10000e18  PA:10000e18
20591691ns          348604 1c0081a2 004e8e93 addi             x29, x29, 4         x29=1000031c x29:10000318
20591731ns          348606 1c00817e 40af87b3 sub              x15, x31, x10       x15=00000020 x31:10000724 x10:10000704
20591751ns          348607 1c008182 ffc78793 addi             x15, x15, -4        x15=0000001c x15:00000020
20591770ns          348608 1c008184 0027d793 srli             x15, x15, 0x2       x15=00000007 x15:0000001c
20591790ns          348609 1c008186 01d00833 add              x16, x0, x29        x16=1000031c x29:1000031c
20591810ns          348610 1c008188 00a00633 add              x12, x0, x10        x12=10000704 x10:10000704
20591830ns          348611 1c00818a 00000713 addi             x14, x0, 0          x14=00000000
20591850ns          348612 1c00818c 00178793 addi             x15, x15, 1         x15=00000008 x15:00000007
20591870ns          348613 1c00818e 0067c0fb lp.setup         0x1, x15, 0x6       x15:00000008
20591890ns          348614 1c008192 0046230b p.lw             x6, 4(x12!)          x6=fffff761 x12=10000708 x12:10000704  PA:10000704
20591910ns          348615 1c008196 2078788b p.lw             x17, x7(x16!)       x17=0000002b x16=1000033c  x7:00000020 x16:1000031c  PA:1000031c
20591949ns          348617 1c00819a 43130733 p.mac            x14, x6, x17        x14=fffe8d4b x14:00000000  x6:fffff761 x17:0000002b
20591969ns          348618 1c008192 0046230b p.lw             x6, 4(x12!)          x6=fffff6c8 x12=1000070c x12:10000708  PA:10000708
20591989ns          348619 1c008196 2078788b p.lw             x17, x7(x16!)       x17=00000023 x16=1000035c  x7:00000020 x16:1000033c  PA:1000033c
20592029ns          348621 1c00819a 43130733 p.mac            x14, x6, x17        x14=fffd4aa3 x14:fffe8d4b  x6:fffff6c8 x17:00000023
20592049ns          348622 1c008192 0046230b p.lw             x6, 4(x12!)          x6=fffff62f x12=10000710 x12:1000070c  PA:1000070c
20592069ns          348623 1c008196 2078788b p.lw             x17, x7(x16!)       x17=0000001b x16=1000037c  x7:00000020 x16:1000035c  PA:1000035c
20592109ns          348625 1c00819a 43130733 p.mac            x14, x6, x17        x14=fffc4198 x14:fffd4aa3  x6:fffff62f x17:0000001b
20592128ns          348626 1c008192 0046230b p.lw             x6, 4(x12!)          x6=fffff596 x12=10000714 x12:10000710  PA:10000710
20592148ns          348627 1c008196 2078788b p.lw             x17, x7(x16!)       x17=00000013 x16=1000039c  x7:00000020 x16:1000037c  PA:1000037c
20592188ns          348629 1c00819a 43130733 p.mac            x14, x6, x17        x14=fffb7bba x14:fffc4198  x6:fffff596 x17:00000013
20592208ns          348630 1c008192 0046230b p.lw             x6, 4(x12!)          x6=fffff4fd x12=10000718 x12:10000714  PA:10000714
20592228ns          348631 1c008196 2078788b p.lw             x17, x7(x16!)       x17=0000000b x16=100003bc  x7:00000020 x16:1000039c  PA:1000039c
20592268ns          348633 1c00819a 43130733 p.mac            x14, x6, x17        x14=fffb0299 x14:fffb7bba  x6:fffff4fd x17:0000000b
20592288ns          348634 1c008192 0046230b p.lw             x6, 4(x12!)          x6=fffff464 x12=1000071c x12:10000718  PA:10000718
20592307ns          348635 1c008196 2078788b p.lw             x17, x7(x16!)       x17=00000003 x16=100003dc  x7:00000020 x16:100003bc  PA:100003bc
20592367ns          348638 1c00819a 43130733 p.mac            x14, x6, x17        x14=fffadfc5 x14:fffb0299  x6:fffff464 x17:00000003
20592387ns          348639 1c008192 0046230b p.lw             x6, 4(x12!)          x6=fffff3cb x12=10000720 x12:1000071c  PA:1000071c
20592407ns          348640 1c008196 2078788b p.lw             x17, x7(x16!)       x17=fffffffb x16=100003fc  x7:00000020 x16:100003dc  PA:100003dc
20592447ns          348642 1c00819a 43130733 p.mac            x14, x6, x17        x14=fffb1cce x14:fffadfc5  x6:fffff3cb x17:fffffffb
20592467ns          348643 1c008192 0046230b p.lw             x6, 4(x12!)          x6=fffff332 x12=10000724 x12:10000720  PA:10000720
20592486ns          348644 1c008196 2078788b p.lw             x17, x7(x16!)       x17=fffffff3 x16=1000041c  x7:00000020 x16:100003fc  PA:100003fc
20592526ns          348646 1c00819a 43130733 p.mac            x14, x6, x17        x14=fffbc344 x14:fffb1cce  x6:fffff332 x17:fffffff3
20592546ns          348647 1c00819e 00ef222b p.sw             x14, 4(x30!)        x30=10000e20 x14:fffbc344 x30:10000e1c  PA:10000e1c
20592566ns          348648 1c0081a2 004e8e93 addi             x29, x29, 4         x29=10000320 x29:1000031c
20592606ns          348650 1c00817e 40af87b3 sub              x15, x31, x10       x15=00000020 x31:10000724 x10:10000704
20592626ns          348651 1c008182 ffc78793 addi             x15, x15, -4        x15=0000001c x15:00000020
20592646ns          348652 1c008184 0027d793 srli             x15, x15, 0x2       x15=00000007 x15:0000001c
20592665ns          348653 1c008186 01d00833 add              x16, x0, x29        x16=10000320 x29:10000320
20592685ns          348654 1c008188 00a00633 add              x12, x0, x10        x12=10000704 x10:10000704
20592705ns          348655 1c00818a 00000713 addi             x14, x0, 0          x14=00000000
20592725ns          348656 1c00818c 00178793 addi             x15, x15, 1         x15=00000008 x15:00000007
20592745ns          348657 1c00818e 0067c0fb lp.setup         0x1, x15, 0x6       x15:00000008
20592765ns          348658 1c008192 0046230b p.lw             x6, 4(x12!)          x6=fffff761 x12=10000708 x12:10000704  PA:10000704
20592785ns          348659 1c008196 2078788b p.lw             x17, x7(x16!)       x17=0000002a x16=10000340  x7:00000020 x16:10000320  PA:10000320
20592825ns          348661 1c00819a 43130733 p.mac            x14, x6, x17        x14=fffe95ea x14:00000000  x6:fffff761 x17:0000002a
20592844ns          348662 1c008192 0046230b p.lw             x6, 4(x12!)          x6=fffff6c8 x12=1000070c x12:10000708  PA:10000708
20592864ns          348663 1c008196 2078788b p.lw             x17, x7(x16!)       x17=00000022 x16=10000360  x7:00000020 x16:10000340  PA:10000340
20592904ns          348665 1c00819a 43130733 p.mac            x14, x6, x17        x14=fffd5c7a x14:fffe95ea  x6:fffff6c8 x17:00000022
20592924ns          348666 1c008192 0046230b p.lw             x6, 4(x12!)          x6=fffff62f x12=10000710 x12:1000070c  PA:1000070c
20592944ns          348667 1c008196 2078788b p.lw             x17, x7(x16!)       x17=0000001a x16=10000380  x7:00000020 x16:10000360  PA:10000360
20592984ns          348669 1c00819a 43130733 p.mac            x14, x6, x17        x14=fffc5d40 x14:fffd5c7a  x6:fffff62f x17:0000001a
20593004ns          348670 1c008192 0046230b p.lw             x6, 4(x12!)          x6=fffff596 x12=10000714 x12:10000710  PA:10000710
20593024ns          348671 1c008196 2078788b p.lw             x17, x7(x16!)       x17=00000012 x16=100003a0  x7:00000020 x16:10000380  PA:10000380
20593063ns          348673 1c00819a 43130733 p.mac            x14, x6, x17        x14=fffba1cc x14:fffc5d40  x6:fffff596 x17:00000012
20593083ns          348674 1c008192 0046230b p.lw             x6, 4(x12!)          x6=fffff4fd x12=10000718 x12:10000714  PA:10000714
20593103ns          348675 1c008196 2078788b p.lw             x17, x7(x16!)       x17=0000000a x16=100003c0  x7:00000020 x16:100003a0  PA:100003a0
20593163ns          348678 1c00819a 43130733 p.mac            x14, x6, x17        x14=fffb33ae x14:fffba1cc  x6:fffff4fd x17:0000000a
20593183ns          348679 1c008192 0046230b p.lw             x6, 4(x12!)          x6=fffff464 x12=1000071c x12:10000718  PA:10000718
20593203ns          348680 1c008196 2078788b p.lw             x17, x7(x16!)       x17=00000002 x16=100003e0  x7:00000020 x16:100003c0  PA:100003c0
20593262ns          348683 1c00819a 43130733 p.mac            x14, x6, x17        x14=fffb1c76 x14:fffb33ae  x6:fffff464 x17:00000002
20593282ns          348684 1c008192 0046230b p.lw             x6, 4(x12!)          x6=fffff3cb x12=10000720 x12:1000071c  PA:1000071c
20593302ns          348685 1c008196 2078788b p.lw             x17, x7(x16!)       x17=fffffffa x16=10000400  x7:00000020 x16:100003e0  PA:100003e0
20593342ns          348687 1c00819a 43130733 p.mac            x14, x6, x17        x14=fffb65b4 x14:fffb1c76  x6:fffff3cb x17:fffffffa
20593362ns          348688 1c008192 0046230b p.lw             x6, 4(x12!)          x6=fffff332 x12=10000724 x12:10000720  PA:10000720
20593382ns          348689 1c008196 2078788b p.lw             x17, x7(x16!)       x17=fffffff2 x16=10000420  x7:00000020 x16:10000400  PA:10000400
20593421ns          348691 1c00819a 43130733 p.mac            x14, x6, x17        x14=fffc18f8 x14:fffb65b4  x6:fffff332 x17:fffffff2
20593441ns          348692 1c00819e 00ef222b p.sw             x14, 4(x30!)        x30=10000e24 x14:fffc18f8 x30:10000e20  PA:10000e20
20593461ns          348693 1c0081a2 004e8e93 addi             x29, x29, 4         x29=10000324 x29:10000320
20593481ns          348694 1c0081a4 00128293 addi             x5, x5, 1            x5=00000001  x5:00000000
20593501ns          348695 1c0081a6 00750533 add              x10, x10, x7        x10=10000724 x10:10000704  x7:00000020
20593521ns          348696 1c0081a8 007f8fb3 add              x31, x31, x7        x31=10000744 x31:10000724  x7:00000020
20593541ns          348697 1c0081aa fa569fe3 bne              x13, x5, -66        x13:00000008  x5:00000001
20593600ns          348700 1c008168 40b48e33 sub              x28, x9, x11        x28=00000020  x9:10000324 x11:10000304
20593620ns          348701 1c00816c ffce0e13 addi             x28, x28, -4        x28=0000001c x28:00000020
20593640ns          348702 1c00816e 002e5e13 srli             x28, x28, 0x2       x28=00000007 x28:0000001c
20593660ns          348703 1c008172 008f8f33 add              x30, x31, x8        x30=10000e24 x31:10000744  x8:000006e0
20593680ns          348704 1c008176 00b00eb3 add              x29, x0, x11        x29=10000304 x11:10000304
20593700ns          348705 1c008178 001e0e13 addi             x28, x28, 1         x28=00000008 x28:00000007
20593720ns          348706 1c00817a 014e407b lp.setup         0x0, x28, 0x14      x28:00000008
20593740ns          348707 1c00817e 40af87b3 sub              x15, x31, x10       x15=00000020 x31:10000744 x10:10000724
20593759ns          348708 1c008182 ffc78793 addi             x15, x15, -4        x15=0000001c x15:00000020
20593779ns          348709 1c008184 0027d793 srli             x15, x15, 0x2       x15=00000007 x15:0000001c
20593799ns          348710 1c008186 01d00833 add              x16, x0, x29        x16=10000304 x29:10000304
20593819ns          348711 1c008188 00a00633 add              x12, x0, x10        x12=10000724 x10:10000724
20593839ns          348712 1c00818a 00000713 addi             x14, x0, 0          x14=00000000
20593859ns          348713 1c00818c 00178793 addi             x15, x15, 1         x15=00000008 x15:00000007
20593879ns          348714 1c00818e 0067c0fb lp.setup         0x1, x15, 0x6       x15:00000008
20593899ns          348715 1c008192 0046230b p.lw             x6, 4(x12!)          x6=000000d9 x12=10000728 x12:10000724  PA:10000724
20593938ns          348717 1c008196 2078788b p.lw             x17, x7(x16!)       x17=00000031 x16=10000324  x7:00000020 x16:10000304  PA:10000304
20593978ns          348719 1c00819a 43130733 p.mac            x14, x6, x17        x14=00002989 x14:00000000  x6:000000d9 x17:00000031
20593998ns          348720 1c008192 0046230b p.lw             x6, 4(x12!)          x6=000000c0 x12=1000072c x12:10000728  PA:10000728
20594018ns          348721 1c008196 2078788b p.lw             x17, x7(x16!)       x17=00000029 x16=10000344  x7:00000020 x16:10000324  PA:10000324
20594058ns          348723 1c00819a 43130733 p.mac            x14, x6, x17        x14=00004849 x14:00002989  x6:000000c0 x17:00000029
20594078ns          348724 1c008192 0046230b p.lw             x6, 4(x12!)          x6=000000a7 x12=10000730 x12:1000072c  PA:1000072c
20594098ns          348725 1c008196 2078788b p.lw             x17, x7(x16!)       x17=00000021 x16=10000364  x7:00000020 x16:10000344  PA:10000344
20594137ns          348727 1c00819a 43130733 p.mac            x14, x6, x17        x14=00005dd0 x14:00004849  x6:000000a7 x17:00000021
20594157ns          348728 1c008192 0046230b p.lw             x6, 4(x12!)          x6=0000008e x12=10000734 x12:10000730  PA:10000730
20594177ns          348729 1c008196 2078788b p.lw             x17, x7(x16!)       x17=00000019 x16=10000384  x7:00000020 x16:10000364  PA:10000364
20594217ns          348731 1c00819a 43130733 p.mac            x14, x6, x17        x14=00006bae x14:00005dd0  x6:0000008e x17:00000019
20594237ns          348732 1c008192 0046230b p.lw             x6, 4(x12!)          x6=00000075 x12=10000738 x12:10000734  PA:10000734
20594257ns          348733 1c008196 2078788b p.lw             x17, x7(x16!)       x17=00000011 x16=100003a4  x7:00000020 x16:10000384  PA:10000384
20594297ns          348735 1c00819a 43130733 p.mac            x14, x6, x17        x14=00007373 x14:00006bae  x6:00000075 x17:00000011
20594316ns          348736 1c008192 0046230b p.lw             x6, 4(x12!)          x6=0000005c x12=1000073c x12:10000738  PA:10000738
20594336ns          348737 1c008196 2078788b p.lw             x17, x7(x16!)       x17=00000009 x16=100003c4  x7:00000020 x16:100003a4  PA:100003a4
20594376ns          348739 1c00819a 43130733 p.mac            x14, x6, x17        x14=000076af x14:00007373  x6:0000005c x17:00000009
20594396ns          348740 1c008192 0046230b p.lw             x6, 4(x12!)          x6=00000043 x12=10000740 x12:1000073c  PA:1000073c
20594416ns          348741 1c008196 2078788b p.lw             x17, x7(x16!)       x17=00000001 x16=100003e4  x7:00000020 x16:100003c4  PA:100003c4
20594456ns          348743 1c00819a 43130733 p.mac            x14, x6, x17        x14=000076f2 x14:000076af  x6:00000043 x17:00000001
20594476ns          348744 1c008192 0046230b p.lw             x6, 4(x12!)          x6=0000002a x12=10000744 x12:10000740  PA:10000740
20594495ns          348745 1c008196 2078788b p.lw             x17, x7(x16!)       x17=fffffff9 x16=10000404  x7:00000020 x16:100003e4  PA:100003e4
20594535ns          348747 1c00819a 43130733 p.mac            x14, x6, x17        x14=000075cc x14:000076f2  x6:0000002a x17:fffffff9
20594555ns          348748 1c00819e 00ef222b p.sw             x14, 4(x30!)        x30=10000e28 x14:000075cc x30:10000e24  PA:10000e24
20594575ns          348749 1c0081a2 004e8e93 addi             x29, x29, 4         x29=10000308 x29:10000304
20594615ns          348751 1c00817e 40af87b3 sub              x15, x31, x10       x15=00000020 x31:10000744 x10:10000724
20594635ns          348752 1c008182 ffc78793 addi             x15, x15, -4        x15=0000001c x15:00000020
20594655ns          348753 1c008184 0027d793 srli             x15, x15, 0x2       x15=00000007 x15:0000001c
20594674ns          348754 1c008186 01d00833 add              x16, x0, x29        x16=10000308 x29:10000308
20594694ns          348755 1c008188 00a00633 add              x12, x0, x10        x12=10000724 x10:10000724
20594714ns          348756 1c00818a 00000713 addi             x14, x0, 0          x14=00000000
20594734ns          348757 1c00818c 00178793 addi             x15, x15, 1         x15=00000008 x15:00000007
20594754ns          348758 1c00818e 0067c0fb lp.setup         0x1, x15, 0x6       x15:00000008
20594774ns          348759 1c008192 0046230b p.lw             x6, 4(x12!)          x6=000000d9 x12=10000728 x12:10000724  PA:10000724
20594794ns          348760 1c008196 2078788b p.lw             x17, x7(x16!)       x17=00000030 x16=10000328  x7:00000020 x16:10000308  PA:10000308
20594834ns          348762 1c00819a 43130733 p.mac            x14, x6, x17        x14=000028b0 x14:00000000  x6:000000d9 x17:00000030
20594853ns          348763 1c008192 0046230b p.lw             x6, 4(x12!)          x6=000000c0 x12=1000072c x12:10000728  PA:10000728
20594873ns          348764 1c008196 2078788b p.lw             x17, x7(x16!)       x17=00000028 x16=10000348  x7:00000020 x16:10000328  PA:10000328
20594913ns          348766 1c00819a 43130733 p.mac            x14, x6, x17        x14=000046b0 x14:000028b0  x6:000000c0 x17:00000028
20594933ns          348767 1c008192 0046230b p.lw             x6, 4(x12!)          x6=000000a7 x12=10000730 x12:1000072c  PA:1000072c
20594953ns          348768 1c008196 2078788b p.lw             x17, x7(x16!)       x17=00000020 x16=10000368  x7:00000020 x16:10000348  PA:10000348
20594993ns          348770 1c00819a 43130733 p.mac            x14, x6, x17        x14=00005b90 x14:000046b0  x6:000000a7 x17:00000020
20595013ns          348771 1c008192 0046230b p.lw             x6, 4(x12!)          x6=0000008e x12=10000734 x12:10000730  PA:10000730
20595032ns          348772 1c008196 2078788b p.lw             x17, x7(x16!)       x17=00000018 x16=10000388  x7:00000020 x16:10000368  PA:10000368
20595072ns          348774 1c00819a 43130733 p.mac            x14, x6, x17        x14=000068e0 x14:00005b90  x6:0000008e x17:00000018
20595092ns          348775 1c008192 0046230b p.lw             x6, 4(x12!)          x6=00000075 x12=10000738 x12:10000734  PA:10000734
20595112ns          348776 1c008196 2078788b p.lw             x17, x7(x16!)       x17=00000010 x16=100003a8  x7:00000020 x16:10000388  PA:10000388
20595152ns          348778 1c00819a 43130733 p.mac            x14, x6, x17        x14=00007030 x14:000068e0  x6:00000075 x17:00000010
20595172ns          348779 1c008192 0046230b p.lw             x6, 4(x12!)          x6=0000005c x12=1000073c x12:10000738  PA:10000738
20595192ns          348780 1c008196 2078788b p.lw             x17, x7(x16!)       x17=00000008 x16=100003c8  x7:00000020 x16:100003a8  PA:100003a8
20595231ns          348782 1c00819a 43130733 p.mac            x14, x6, x17        x14=00007310 x14:00007030  x6:0000005c x17:00000008
20595251ns          348783 1c008192 0046230b p.lw             x6, 4(x12!)          x6=00000043 x12=10000740 x12:1000073c  PA:1000073c
20595271ns          348784 1c008196 2078788b p.lw             x17, x7(x16!)       x17=00000000 x16=100003e8  x7:00000020 x16:100003c8  PA:100003c8
20595311ns          348786 1c00819a 43130733 p.mac            x14, x6, x17        x14=00007310 x14:00007310  x6:00000043 x17:00000000
20595331ns          348787 1c008192 0046230b p.lw             x6, 4(x12!)          x6=0000002a x12=10000744 x12:10000740  PA:10000740
20595351ns          348788 1c008196 2078788b p.lw             x17, x7(x16!)       x17=fffffff8 x16=10000408  x7:00000020 x16:100003e8  PA:100003e8
20595391ns          348790 1c00819a 43130733 p.mac            x14, x6, x17        x14=000071c0 x14:00007310  x6:0000002a x17:fffffff8
20595410ns          348791 1c00819e 00ef222b p.sw             x14, 4(x30!)        x30=10000e2c x14:000071c0 x30:10000e28  PA:10000e28
20595430ns          348792 1c0081a2 004e8e93 addi             x29, x29, 4         x29=1000030c x29:10000308
20595470ns          348794 1c00817e 40af87b3 sub              x15, x31, x10       x15=00000020 x31:10000744 x10:10000724
20595490ns          348795 1c008182 ffc78793 addi             x15, x15, -4        x15=0000001c x15:00000020
20595510ns          348796 1c008184 0027d793 srli             x15, x15, 0x2       x15=00000007 x15:0000001c
20595530ns          348797 1c008186 01d00833 add              x16, x0, x29        x16=1000030c x29:1000030c
20595550ns          348798 1c008188 00a00633 add              x12, x0, x10        x12=10000724 x10:10000724
20595570ns          348799 1c00818a 00000713 addi             x14, x0, 0          x14=00000000
20595589ns          348800 1c00818c 00178793 addi             x15, x15, 1         x15=00000008 x15:00000007
20595609ns          348801 1c00818e 0067c0fb lp.setup         0x1, x15, 0x6       x15:00000008
20595629ns          348802 1c008192 0046230b p.lw             x6, 4(x12!)          x6=000000d9 x12=10000728 x12:10000724  PA:10000724
20595649ns          348803 1c008196 2078788b p.lw             x17, x7(x16!)       x17=0000002f x16=1000032c  x7:00000020 x16:1000030c  PA:1000030c
20595689ns          348805 1c00819a 43130733 p.mac            x14, x6, x17        x14=000027d7 x14:00000000  x6:000000d9 x17:0000002f
20595709ns          348806 1c008192 0046230b p.lw             x6, 4(x12!)          x6=000000c0 x12=1000072c x12:10000728  PA:10000728
20595729ns          348807 1c008196 2078788b p.lw             x17, x7(x16!)       x17=00000027 x16=1000034c  x7:00000020 x16:1000032c  PA:1000032c
20595768ns          348809 1c00819a 43130733 p.mac            x14, x6, x17        x14=00004517 x14:000027d7  x6:000000c0 x17:00000027
20595788ns          348810 1c008192 0046230b p.lw             x6, 4(x12!)          x6=000000a7 x12=10000730 x12:1000072c  PA:1000072c
20595808ns          348811 1c008196 2078788b p.lw             x17, x7(x16!)       x17=0000001f x16=1000036c  x7:00000020 x16:1000034c  PA:1000034c
20595848ns          348813 1c00819a 43130733 p.mac            x14, x6, x17        x14=00005950 x14:00004517  x6:000000a7 x17:0000001f
20595868ns          348814 1c008192 0046230b p.lw             x6, 4(x12!)          x6=0000008e x12=10000734 x12:10000730  PA:10000730
20595888ns          348815 1c008196 2078788b p.lw             x17, x7(x16!)       x17=00000017 x16=1000038c  x7:00000020 x16:1000036c  PA:1000036c
20595928ns          348817 1c00819a 43130733 p.mac            x14, x6, x17        x14=00006612 x14:00005950  x6:0000008e x17:00000017
20595947ns          348818 1c008192 0046230b p.lw             x6, 4(x12!)          x6=00000075 x12=10000738 x12:10000734  PA:10000734
20595967ns          348819 1c008196 2078788b p.lw             x17, x7(x16!)       x17=0000000f x16=100003ac  x7:00000020 x16:1000038c  PA:1000038c
20596007ns          348821 1c00819a 43130733 p.mac            x14, x6, x17        x14=00006ced x14:00006612  x6:00000075 x17:0000000f
20596027ns          348822 1c008192 0046230b p.lw             x6, 4(x12!)          x6=0000005c x12=1000073c x12:10000738  PA:10000738
20596047ns          348823 1c008196 2078788b p.lw             x17, x7(x16!)       x17=00000007 x16=100003cc  x7:00000020 x16:100003ac  PA:100003ac
20596087ns          348825 1c00819a 43130733 p.mac            x14, x6, x17        x14=00006f71 x14:00006ced  x6:0000005c x17:00000007
20596107ns          348826 1c008192 0046230b p.lw             x6, 4(x12!)          x6=00000043 x12=10000740 x12:1000073c  PA:1000073c
20596126ns          348827 1c008196 2078788b p.lw             x17, x7(x16!)       x17=ffffffff x16=100003ec  x7:00000020 x16:100003cc  PA:100003cc
20596166ns          348829 1c00819a 43130733 p.mac            x14, x6, x17        x14=00006f2e x14:00006f71  x6:00000043 x17:ffffffff
20596186ns          348830 1c008192 0046230b p.lw             x6, 4(x12!)          x6=0000002a x12=10000744 x12:10000740  PA:10000740
20596206ns          348831 1c008196 2078788b p.lw             x17, x7(x16!)       x17=fffffff7 x16=1000040c  x7:00000020 x16:100003ec  PA:100003ec
20596246ns          348833 1c00819a 43130733 p.mac            x14, x6, x17        x14=00006db4 x14:00006f2e  x6:0000002a x17:fffffff7
20596266ns          348834 1c00819e 00ef222b p.sw             x14, 4(x30!)        x30=10000e30 x14:00006db4 x30:10000e2c  PA:10000e2c
20596286ns          348835 1c0081a2 004e8e93 addi             x29, x29, 4         x29=10000310 x29:1000030c
20596325ns          348837 1c00817e 40af87b3 sub              x15, x31, x10       x15=00000020 x31:10000744 x10:10000724
20596345ns          348838 1c008182 ffc78793 addi             x15, x15, -4        x15=0000001c x15:00000020
20596365ns          348839 1c008184 0027d793 srli             x15, x15, 0x2       x15=00000007 x15:0000001c
20596385ns          348840 1c008186 01d00833 add              x16, x0, x29        x16=10000310 x29:10000310
20596405ns          348841 1c008188 00a00633 add              x12, x0, x10        x12=10000724 x10:10000724
20596425ns          348842 1c00818a 00000713 addi             x14, x0, 0          x14=00000000
20596445ns          348843 1c00818c 00178793 addi             x15, x15, 1         x15=00000008 x15:00000007
20596465ns          348844 1c00818e 0067c0fb lp.setup         0x1, x15, 0x6       x15:00000008
20596485ns          348845 1c008192 0046230b p.lw             x6, 4(x12!)          x6=000000d9 x12=10000728 x12:10000724  PA:10000724
20596504ns          348846 1c008196 2078788b p.lw             x17, x7(x16!)       x17=0000002e x16=10000330  x7:00000020 x16:10000310  PA:10000310
20596544ns          348848 1c00819a 43130733 p.mac            x14, x6, x17        x14=000026fe x14:00000000  x6:000000d9 x17:0000002e
20596564ns          348849 1c008192 0046230b p.lw             x6, 4(x12!)          x6=000000c0 x12=1000072c x12:10000728  PA:10000728
20596584ns          348850 1c008196 2078788b p.lw             x17, x7(x16!)       x17=00000026 x16=10000350  x7:00000020 x16:10000330  PA:10000330
20596624ns          348852 1c00819a 43130733 p.mac            x14, x6, x17        x14=0000437e x14:000026fe  x6:000000c0 x17:00000026
20596644ns          348853 1c008192 0046230b p.lw             x6, 4(x12!)          x6=000000a7 x12=10000730 x12:1000072c  PA:1000072c
20596664ns          348854 1c008196 2078788b p.lw             x17, x7(x16!)       x17=0000001e x16=10000370  x7:00000020 x16:10000350  PA:10000350
20596703ns          348856 1c00819a 43130733 p.mac            x14, x6, x17        x14=00005710 x14:0000437e  x6:000000a7 x17:0000001e
20596723ns          348857 1c008192 0046230b p.lw             x6, 4(x12!)          x6=0000008e x12=10000734 x12:10000730  PA:10000730
20596743ns          348858 1c008196 2078788b p.lw             x17, x7(x16!)       x17=00000016 x16=10000390  x7:00000020 x16:10000370  PA:10000370
20596783ns          348860 1c00819a 43130733 p.mac            x14, x6, x17        x14=00006344 x14:00005710  x6:0000008e x17:00000016
20596803ns          348861 1c008192 0046230b p.lw             x6, 4(x12!)          x6=00000075 x12=10000738 x12:10000734  PA:10000734
20596823ns          348862 1c008196 2078788b p.lw             x17, x7(x16!)       x17=0000000e x16=100003b0  x7:00000020 x16:10000390  PA:10000390
20596862ns          348864 1c00819a 43130733 p.mac            x14, x6, x17        x14=000069aa x14:00006344  x6:00000075 x17:0000000e
20596882ns          348865 1c008192 0046230b p.lw             x6, 4(x12!)          x6=0000005c x12=1000073c x12:10000738  PA:10000738
20596902ns          348866 1c008196 2078788b p.lw             x17, x7(x16!)       x17=00000006 x16=100003d0  x7:00000020 x16:100003b0  PA:100003b0
20596942ns          348868 1c00819a 43130733 p.mac            x14, x6, x17        x14=00006bd2 x14:000069aa  x6:0000005c x17:00000006
20596962ns          348869 1c008192 0046230b p.lw             x6, 4(x12!)          x6=00000043 x12=10000740 x12:1000073c  PA:1000073c
20596982ns          348870 1c008196 2078788b p.lw             x17, x7(x16!)       x17=fffffffe x16=100003f0  x7:00000020 x16:100003d0  PA:100003d0
20597022ns          348872 1c00819a 43130733 p.mac            x14, x6, x17        x14=00006b4c x14:00006bd2  x6:00000043 x17:fffffffe
20597041ns          348873 1c008192 0046230b p.lw             x6, 4(x12!)          x6=0000002a x12=10000744 x12:10000740  PA:10000740
20597061ns          348874 1c008196 2078788b p.lw             x17, x7(x16!)       x17=fffffff6 x16=10000410  x7:00000020 x16:100003f0  PA:100003f0
20597101ns          348876 1c00819a 43130733 p.mac            x14, x6, x17        x14=000069a8 x14:00006b4c  x6:0000002a x17:fffffff6
20597121ns          348877 1c00819e 00ef222b p.sw             x14, 4(x30!)        x30=10000e34 x14:000069a8 x30:10000e30  PA:10000e30
20597141ns          348878 1c0081a2 004e8e93 addi             x29, x29, 4         x29=10000314 x29:10000310
20597181ns          348880 1c00817e 40af87b3 sub              x15, x31, x10       x15=00000020 x31:10000744 x10:10000724
20597201ns          348881 1c008182 ffc78793 addi             x15, x15, -4        x15=0000001c x15:00000020
20597220ns          348882 1c008184 0027d793 srli             x15, x15, 0x2       x15=00000007 x15:0000001c
20597240ns          348883 1c008186 01d00833 add              x16, x0, x29        x16=10000314 x29:10000314
20597260ns          348884 1c008188 00a00633 add              x12, x0, x10        x12=10000724 x10:10000724
20597280ns          348885 1c00818a 00000713 addi             x14, x0, 0          x14=00000000
20597300ns          348886 1c00818c 00178793 addi             x15, x15, 1         x15=00000008 x15:00000007
20597320ns          348887 1c00818e 0067c0fb lp.setup         0x1, x15, 0x6       x15:00000008
20597340ns          348888 1c008192 0046230b p.lw             x6, 4(x12!)          x6=000000d9 x12=10000728 x12:10000724  PA:10000724
20597360ns          348889 1c008196 2078788b p.lw             x17, x7(x16!)       x17=0000002d x16=10000334  x7:00000020 x16:10000314  PA:10000314
20597399ns          348891 1c00819a 43130733 p.mac            x14, x6, x17        x14=00002625 x14:00000000  x6:000000d9 x17:0000002d
20597419ns          348892 1c008192 0046230b p.lw             x6, 4(x12!)          x6=000000c0 x12=1000072c x12:10000728  PA:10000728
20597439ns          348893 1c008196 2078788b p.lw             x17, x7(x16!)       x17=00000025 x16=10000354  x7:00000020 x16:10000334  PA:10000334
20597499ns          348896 1c00819a 43130733 p.mac            x14, x6, x17        x14=000041e5 x14:00002625  x6:000000c0 x17:00000025
20597519ns          348897 1c008192 0046230b p.lw             x6, 4(x12!)          x6=000000a7 x12=10000730 x12:1000072c  PA:1000072c
20597539ns          348898 1c008196 2078788b p.lw             x17, x7(x16!)       x17=0000001d x16=10000374  x7:00000020 x16:10000354  PA:10000354
20597578ns          348900 1c00819a 43130733 p.mac            x14, x6, x17        x14=000054d0 x14:000041e5  x6:000000a7 x17:0000001d
20597598ns          348901 1c008192 0046230b p.lw             x6, 4(x12!)          x6=0000008e x12=10000734 x12:10000730  PA:10000730
20597618ns          348902 1c008196 2078788b p.lw             x17, x7(x16!)       x17=00000015 x16=10000394  x7:00000020 x16:10000374  PA:10000374
20597658ns          348904 1c00819a 43130733 p.mac            x14, x6, x17        x14=00006076 x14:000054d0  x6:0000008e x17:00000015
20597678ns          348905 1c008192 0046230b p.lw             x6, 4(x12!)          x6=00000075 x12=10000738 x12:10000734  PA:10000734
20597698ns          348906 1c008196 2078788b p.lw             x17, x7(x16!)       x17=0000000d x16=100003b4  x7:00000020 x16:10000394  PA:10000394
20597738ns          348908 1c00819a 43130733 p.mac            x14, x6, x17        x14=00006667 x14:00006076  x6:00000075 x17:0000000d
20597758ns          348909 1c008192 0046230b p.lw             x6, 4(x12!)          x6=0000005c x12=1000073c x12:10000738  PA:10000738
20597777ns          348910 1c008196 2078788b p.lw             x17, x7(x16!)       x17=00000005 x16=100003d4  x7:00000020 x16:100003b4  PA:100003b4
20597817ns          348912 1c00819a 43130733 p.mac            x14, x6, x17        x14=00006833 x14:00006667  x6:0000005c x17:00000005
20597837ns          348913 1c008192 0046230b p.lw             x6, 4(x12!)          x6=00000043 x12=10000740 x12:1000073c  PA:1000073c
20597857ns          348914 1c008196 2078788b p.lw             x17, x7(x16!)       x17=fffffffd x16=100003f4  x7:00000020 x16:100003d4  PA:100003d4
20597897ns          348916 1c00819a 43130733 p.mac            x14, x6, x17        x14=0000676a x14:00006833  x6:00000043 x17:fffffffd
20597917ns          348917 1c008192 0046230b p.lw             x6, 4(x12!)          x6=0000002a x12=10000744 x12:10000740  PA:10000740
20597937ns          348918 1c008196 2078788b p.lw             x17, x7(x16!)       x17=fffffff5 x16=10000414  x7:00000020 x16:100003f4  PA:100003f4
20597976ns          348920 1c00819a 43130733 p.mac            x14, x6, x17        x14=0000659c x14:0000676a  x6:0000002a x17:fffffff5
20597996ns          348921 1c00819e 00ef222b p.sw             x14, 4(x30!)        x30=10000e38 x14:0000659c x30:10000e34  PA:10000e34
20598016ns          348922 1c0081a2 004e8e93 addi             x29, x29, 4         x29=10000318 x29:10000314
20598056ns          348924 1c00817e 40af87b3 sub              x15, x31, x10       x15=00000020 x31:10000744 x10:10000724
20598076ns          348925 1c008182 ffc78793 addi             x15, x15, -4        x15=0000001c x15:00000020
20598096ns          348926 1c008184 0027d793 srli             x15, x15, 0x2       x15=00000007 x15:0000001c
20598116ns          348927 1c008186 01d00833 add              x16, x0, x29        x16=10000318 x29:10000318
20598135ns          348928 1c008188 00a00633 add              x12, x0, x10        x12=10000724 x10:10000724
20598155ns          348929 1c00818a 00000713 addi             x14, x0, 0          x14=00000000
20598175ns          348930 1c00818c 00178793 addi             x15, x15, 1         x15=00000008 x15:00000007
20598195ns          348931 1c00818e 0067c0fb lp.setup         0x1, x15, 0x6       x15:00000008
20598215ns          348932 1c008192 0046230b p.lw             x6, 4(x12!)          x6=000000d9 x12=10000728 x12:10000724  PA:10000724
20598235ns          348933 1c008196 2078788b p.lw             x17, x7(x16!)       x17=0000002c x16=10000338  x7:00000020 x16:10000318  PA:10000318
20598275ns          348935 1c00819a 43130733 p.mac            x14, x6, x17        x14=0000254c x14:00000000  x6:000000d9 x17:0000002c
20598295ns          348936 1c008192 0046230b p.lw             x6, 4(x12!)          x6=000000c0 x12=1000072c x12:10000728  PA:10000728
20598314ns          348937 1c008196 2078788b p.lw             x17, x7(x16!)       x17=00000024 x16=10000358  x7:00000020 x16:10000338  PA:10000338
20598354ns          348939 1c00819a 43130733 p.mac            x14, x6, x17        x14=0000404c x14:0000254c  x6:000000c0 x17:00000024
20598374ns          348940 1c008192 0046230b p.lw             x6, 4(x12!)          x6=000000a7 x12=10000730 x12:1000072c  PA:1000072c
20598394ns          348941 1c008196 2078788b p.lw             x17, x7(x16!)       x17=0000001c x16=10000378  x7:00000020 x16:10000358  PA:10000358
20598434ns          348943 1c00819a 43130733 p.mac            x14, x6, x17        x14=00005290 x14:0000404c  x6:000000a7 x17:0000001c
20598454ns          348944 1c008192 0046230b p.lw             x6, 4(x12!)          x6=0000008e x12=10000734 x12:10000730  PA:10000730
20598474ns          348945 1c008196 2078788b p.lw             x17, x7(x16!)       x17=00000014 x16=10000398  x7:00000020 x16:10000378  PA:10000378
20598513ns          348947 1c00819a 43130733 p.mac            x14, x6, x17        x14=00005da8 x14:00005290  x6:0000008e x17:00000014
20598533ns          348948 1c008192 0046230b p.lw             x6, 4(x12!)          x6=00000075 x12=10000738 x12:10000734  PA:10000734
20598553ns          348949 1c008196 2078788b p.lw             x17, x7(x16!)       x17=0000000c x16=100003b8  x7:00000020 x16:10000398  PA:10000398
20598593ns          348951 1c00819a 43130733 p.mac            x14, x6, x17        x14=00006324 x14:00005da8  x6:00000075 x17:0000000c
20598613ns          348952 1c008192 0046230b p.lw             x6, 4(x12!)          x6=0000005c x12=1000073c x12:10000738  PA:10000738
20598653ns          348954 1c008196 2078788b p.lw             x17, x7(x16!)       x17=00000004 x16=100003d8  x7:00000020 x16:100003b8  PA:100003b8
20598692ns          348956 1c00819a 43130733 p.mac            x14, x6, x17        x14=00006494 x14:00006324  x6:0000005c x17:00000004
20598712ns          348957 1c008192 0046230b p.lw             x6, 4(x12!)          x6=00000043 x12=10000740 x12:1000073c  PA:1000073c
20598732ns          348958 1c008196 2078788b p.lw             x17, x7(x16!)       x17=fffffffc x16=100003f8  x7:00000020 x16:100003d8  PA:100003d8
20598772ns          348960 1c00819a 43130733 p.mac            x14, x6, x17        x14=00006388 x14:00006494  x6:00000043 x17:fffffffc
20598792ns          348961 1c008192 0046230b p.lw             x6, 4(x12!)          x6=0000002a x12=10000744 x12:10000740  PA:10000740
20598812ns          348962 1c008196 2078788b p.lw             x17, x7(x16!)       x17=fffffff4 x16=10000418  x7:00000020 x16:100003f8  PA:100003f8
20598852ns          348964 1c00819a 43130733 p.mac            x14, x6, x17        x14=00006190 x14:00006388  x6:0000002a x17:fffffff4
20598871ns          348965 1c00819e 00ef222b p.sw             x14, 4(x30!)        x30=10000e3c x14:00006190 x30:10000e38  PA:10000e38
20598891ns          348966 1c0081a2 004e8e93 addi             x29, x29, 4         x29=1000031c x29:10000318
20598931ns          348968 1c00817e 40af87b3 sub              x15, x31, x10       x15=00000020 x31:10000744 x10:10000724
20598951ns          348969 1c008182 ffc78793 addi             x15, x15, -4        x15=0000001c x15:00000020
20598971ns          348970 1c008184 0027d793 srli             x15, x15, 0x2       x15=00000007 x15:0000001c
20598991ns          348971 1c008186 01d00833 add              x16, x0, x29        x16=1000031c x29:1000031c
20599011ns          348972 1c008188 00a00633 add              x12, x0, x10        x12=10000724 x10:10000724
20599031ns          348973 1c00818a 00000713 addi             x14, x0, 0          x14=00000000
20599050ns          348974 1c00818c 00178793 addi             x15, x15, 1         x15=00000008 x15:00000007
20599070ns          348975 1c00818e 0067c0fb lp.setup         0x1, x15, 0x6       x15:00000008
20599090ns          348976 1c008192 0046230b p.lw             x6, 4(x12!)          x6=000000d9 x12=10000728 x12:10000724  PA:10000724
20599110ns          348977 1c008196 2078788b p.lw             x17, x7(x16!)       x17=0000002b x16=1000033c  x7:00000020 x16:1000031c  PA:1000031c
20599150ns          348979 1c00819a 43130733 p.mac            x14, x6, x17        x14=00002473 x14:00000000  x6:000000d9 x17:0000002b
20599170ns          348980 1c008192 0046230b p.lw             x6, 4(x12!)          x6=000000c0 x12=1000072c x12:10000728  PA:10000728
20599190ns          348981 1c008196 2078788b p.lw             x17, x7(x16!)       x17=00000023 x16=1000035c  x7:00000020 x16:1000033c  PA:1000033c
20599229ns          348983 1c00819a 43130733 p.mac            x14, x6, x17        x14=00003eb3 x14:00002473  x6:000000c0 x17:00000023
20599249ns          348984 1c008192 0046230b p.lw             x6, 4(x12!)          x6=000000a7 x12=10000730 x12:1000072c  PA:1000072c
20599269ns          348985 1c008196 2078788b p.lw             x17, x7(x16!)       x17=0000001b x16=1000037c  x7:00000020 x16:1000035c  PA:1000035c
20599309ns          348987 1c00819a 43130733 p.mac            x14, x6, x17        x14=00005050 x14:00003eb3  x6:000000a7 x17:0000001b
20599329ns          348988 1c008192 0046230b p.lw             x6, 4(x12!)          x6=0000008e x12=10000734 x12:10000730  PA:10000730
20599349ns          348989 1c008196 2078788b p.lw             x17, x7(x16!)       x17=00000013 x16=1000039c  x7:00000020 x16:1000037c  PA:1000037c
20599389ns          348991 1c00819a 43130733 p.mac            x14, x6, x17        x14=00005ada x14:00005050  x6:0000008e x17:00000013
20599408ns          348992 1c008192 0046230b p.lw             x6, 4(x12!)          x6=00000075 x12=10000738 x12:10000734  PA:10000734
20599428ns          348993 1c008196 2078788b p.lw             x17, x7(x16!)       x17=0000000b x16=100003bc  x7:00000020 x16:1000039c  PA:1000039c
20599468ns          348995 1c00819a 43130733 p.mac            x14, x6, x17        x14=00005fe1 x14:00005ada  x6:00000075 x17:0000000b
20599488ns          348996 1c008192 0046230b p.lw             x6, 4(x12!)          x6=0000005c x12=1000073c x12:10000738  PA:10000738
20599508ns          348997 1c008196 2078788b p.lw             x17, x7(x16!)       x17=00000003 x16=100003dc  x7:00000020 x16:100003bc  PA:100003bc
20599548ns          348999 1c00819a 43130733 p.mac            x14, x6, x17        x14=000060f5 x14:00005fe1  x6:0000005c x17:00000003
20599568ns          349000 1c008192 0046230b p.lw             x6, 4(x12!)          x6=00000043 x12=10000740 x12:1000073c  PA:1000073c
20599587ns          349001 1c008196 2078788b p.lw             x17, x7(x16!)       x17=fffffffb x16=100003fc  x7:00000020 x16:100003dc  PA:100003dc
20599627ns          349003 1c00819a 43130733 p.mac            x14, x6, x17        x14=00005fa6 x14:000060f5  x6:00000043 x17:fffffffb
20599647ns          349004 1c008192 0046230b p.lw             x6, 4(x12!)          x6=0000002a x12=10000744 x12:10000740  PA:10000740
20599667ns          349005 1c008196 2078788b p.lw             x17, x7(x16!)       x17=fffffff3 x16=1000041c  x7:00000020 x16:100003fc  PA:100003fc
20599707ns          349007 1c00819a 43130733 p.mac            x14, x6, x17        x14=00005d84 x14:00005fa6  x6:0000002a x17:fffffff3
20599727ns          349008 1c00819e 00ef222b p.sw             x14, 4(x30!)        x30=10000e40 x14:00005d84 x30:10000e3c  PA:10000e3c
20599747ns          349009 1c0081a2 004e8e93 addi             x29, x29, 4         x29=10000320 x29:1000031c
20599786ns          349011 1c00817e 40af87b3 sub              x15, x31, x10       x15=00000020 x31:10000744 x10:10000724
20599806ns          349012 1c008182 ffc78793 addi             x15, x15, -4        x15=0000001c x15:00000020
20599826ns          349013 1c008184 0027d793 srli             x15, x15, 0x2       x15=00000007 x15:0000001c
20599846ns          349014 1c008186 01d00833 add              x16, x0, x29        x16=10000320 x29:10000320
20599866ns          349015 1c008188 00a00633 add              x12, x0, x10        x12=10000724 x10:10000724
20599886ns          349016 1c00818a 00000713 addi             x14, x0, 0          x14=00000000
20599906ns          349017 1c00818c 00178793 addi             x15, x15, 1         x15=00000008 x15:00000007
20599926ns          349018 1c00818e 0067c0fb lp.setup         0x1, x15, 0x6       x15:00000008
20599945ns          349019 1c008192 0046230b p.lw             x6, 4(x12!)          x6=000000d9 x12=10000728 x12:10000724  PA:10000724
20599965ns          349020 1c008196 2078788b p.lw             x17, x7(x16!)       x17=0000002a x16=10000340  x7:00000020 x16:10000320  PA:10000320
20600005ns          349022 1c00819a 43130733 p.mac            x14, x6, x17        x14=0000239a x14:00000000  x6:000000d9 x17:0000002a
20600025ns          349023 1c008192 0046230b p.lw             x6, 4(x12!)          x6=000000c0 x12=1000072c x12:10000728  PA:10000728
20600045ns          349024 1c008196 2078788b p.lw             x17, x7(x16!)       x17=00000022 x16=10000360  x7:00000020 x16:10000340  PA:10000340
20600085ns          349026 1c00819a 43130733 p.mac            x14, x6, x17        x14=00003d1a x14:0000239a  x6:000000c0 x17:00000022
20600105ns          349027 1c008192 0046230b p.lw             x6, 4(x12!)          x6=000000a7 x12=10000730 x12:1000072c  PA:1000072c
20600125ns          349028 1c008196 2078788b p.lw             x17, x7(x16!)       x17=0000001a x16=10000380  x7:00000020 x16:10000360  PA:10000360
20600164ns          349030 1c00819a 43130733 p.mac            x14, x6, x17        x14=00004e10 x14:00003d1a  x6:000000a7 x17:0000001a
20600184ns          349031 1c008192 0046230b p.lw             x6, 4(x12!)          x6=0000008e x12=10000734 x12:10000730  PA:10000730
20600204ns          349032 1c008196 2078788b p.lw             x17, x7(x16!)       x17=00000012 x16=100003a0  x7:00000020 x16:10000380  PA:10000380
20600244ns          349034 1c00819a 43130733 p.mac            x14, x6, x17        x14=0000580c x14:00004e10  x6:0000008e x17:00000012
20600264ns          349035 1c008192 0046230b p.lw             x6, 4(x12!)          x6=00000075 x12=10000738 x12:10000734  PA:10000734
20600284ns          349036 1c008196 2078788b p.lw             x17, x7(x16!)       x17=0000000a x16=100003c0  x7:00000020 x16:100003a0  PA:100003a0
20600323ns          349038 1c00819a 43130733 p.mac            x14, x6, x17        x14=00005c9e x14:0000580c  x6:00000075 x17:0000000a
20600343ns          349039 1c008192 0046230b p.lw             x6, 4(x12!)          x6=0000005c x12=1000073c x12:10000738  PA:10000738
20600363ns          349040 1c008196 2078788b p.lw             x17, x7(x16!)       x17=00000002 x16=100003e0  x7:00000020 x16:100003c0  PA:100003c0
20600423ns          349043 1c00819a 43130733 p.mac            x14, x6, x17        x14=00005d56 x14:00005c9e  x6:0000005c x17:00000002
20600443ns          349044 1c008192 0046230b p.lw             x6, 4(x12!)          x6=00000043 x12=10000740 x12:1000073c  PA:1000073c
20600463ns          349045 1c008196 2078788b p.lw             x17, x7(x16!)       x17=fffffffa x16=10000400  x7:00000020 x16:100003e0  PA:100003e0
20600502ns          349047 1c00819a 43130733 p.mac            x14, x6, x17        x14=00005bc4 x14:00005d56  x6:00000043 x17:fffffffa
20600522ns          349048 1c008192 0046230b p.lw             x6, 4(x12!)          x6=0000002a x12=10000744 x12:10000740  PA:10000740
20600542ns          349049 1c008196 2078788b p.lw             x17, x7(x16!)       x17=fffffff2 x16=10000420  x7:00000020 x16:10000400  PA:10000400
20600582ns          349051 1c00819a 43130733 p.mac            x14, x6, x17        x14=00005978 x14:00005bc4  x6:0000002a x17:fffffff2
20600602ns          349052 1c00819e 00ef222b p.sw             x14, 4(x30!)        x30=10000e44 x14:00005978 x30:10000e40  PA:10000e40
20600622ns          349053 1c0081a2 004e8e93 addi             x29, x29, 4         x29=10000324 x29:10000320
20600642ns          349054 1c0081a4 00128293 addi             x5, x5, 1            x5=00000002  x5:00000001
20600662ns          349055 1c0081a6 00750533 add              x10, x10, x7        x10=10000744 x10:10000724  x7:00000020
20600681ns          349056 1c0081a8 007f8fb3 add              x31, x31, x7        x31=10000764 x31:10000744  x7:00000020
20600701ns          349057 1c0081aa fa569fe3 bne              x13, x5, -66        x13:00000008  x5:00000002
20600761ns          349060 1c008168 40b48e33 sub              x28, x9, x11        x28=00000020  x9:10000324 x11:10000304
20600781ns          349061 1c00816c ffce0e13 addi             x28, x28, -4        x28=0000001c x28:00000020
20600801ns          349062 1c00816e 002e5e13 srli             x28, x28, 0x2       x28=00000007 x28:0000001c
20600821ns          349063 1c008172 008f8f33 add              x30, x31, x8        x30=10000e44 x31:10000764  x8:000006e0
20600841ns          349064 1c008176 00b00eb3 add              x29, x0, x11        x29=10000304 x11:10000304
20600860ns          349065 1c008178 001e0e13 addi             x28, x28, 1         x28=00000008 x28:00000007
20600880ns          349066 1c00817a 014e407b lp.setup         0x0, x28, 0x14      x28:00000008
20600900ns          349067 1c00817e 40af87b3 sub              x15, x31, x10       x15=00000020 x31:10000764 x10:10000744
20600920ns          349068 1c008182 ffc78793 addi             x15, x15, -4        x15=0000001c x15:00000020
20600940ns          349069 1c008184 0027d793 srli             x15, x15, 0x2       x15=00000007 x15:0000001c
20600960ns          349070 1c008186 01d00833 add              x16, x0, x29        x16=10000304 x29:10000304
20600980ns          349071 1c008188 00a00633 add              x12, x0, x10        x12=10000744 x10:10000744
20601000ns          349072 1c00818a 00000713 addi             x14, x0, 0          x14=00000000
20601020ns          349073 1c00818c 00178793 addi             x15, x15, 1         x15=00000008 x15:00000007
20601039ns          349074 1c00818e 0067c0fb lp.setup         0x1, x15, 0x6       x15:00000008
20601059ns          349075 1c008192 0046230b p.lw             x6, 4(x12!)          x6=00000a51 x12=10000748 x12:10000744  PA:10000744
20601079ns          349076 1c008196 2078788b p.lw             x17, x7(x16!)       x17=00000031 x16=10000324  x7:00000020 x16:10000304  PA:10000304
20601119ns          349078 1c00819a 43130733 p.mac            x14, x6, x17        x14=0001f981 x14:00000000  x6:00000a51 x17:00000031
20601139ns          349079 1c008192 0046230b p.lw             x6, 4(x12!)          x6=00000ab8 x12=1000074c x12:10000748  PA:10000748
20601159ns          349080 1c008196 2078788b p.lw             x17, x7(x16!)       x17=00000029 x16=10000344  x7:00000020 x16:10000324  PA:10000324
20601199ns          349082 1c00819a 43130733 p.mac            x14, x6, x17        x14=0003b0f9 x14:0001f981  x6:00000ab8 x17:00000029
20601219ns          349083 1c008192 0046230b p.lw             x6, 4(x12!)          x6=00000b1f x12=10000750 x12:1000074c  PA:1000074c
20601238ns          349084 1c008196 2078788b p.lw             x17, x7(x16!)       x17=00000021 x16=10000364  x7:00000020 x16:10000344  PA:10000344
20601278ns          349086 1c00819a 43130733 p.mac            x14, x6, x17        x14=00051ff8 x14:0003b0f9  x6:00000b1f x17:00000021
20601298ns          349087 1c008192 0046230b p.lw             x6, 4(x12!)          x6=00000b86 x12=10000754 x12:10000750  PA:10000750
20601318ns          349088 1c008196 2078788b p.lw             x17, x7(x16!)       x17=00000019 x16=10000384  x7:00000020 x16:10000364  PA:10000364
20601358ns          349090 1c00819a 43130733 p.mac            x14, x6, x17        x14=0006400e x14:00051ff8  x6:00000b86 x17:00000019
20601378ns          349091 1c008192 0046230b p.lw             x6, 4(x12!)          x6=00000bed x12=10000758 x12:10000754  PA:10000754
20601398ns          349092 1c008196 2078788b p.lw             x17, x7(x16!)       x17=00000011 x16=100003a4  x7:00000020 x16:10000384  PA:10000384
20601437ns          349094 1c00819a 43130733 p.mac            x14, x6, x17        x14=00070acb x14:0006400e  x6:00000bed x17:00000011
20601457ns          349095 1c008192 0046230b p.lw             x6, 4(x12!)          x6=00000c54 x12=1000075c x12:10000758  PA:10000758
20601477ns          349096 1c008196 2078788b p.lw             x17, x7(x16!)       x17=00000009 x16=100003c4  x7:00000020 x16:100003a4  PA:100003a4
20601517ns          349098 1c00819a 43130733 p.mac            x14, x6, x17        x14=000779bf x14:00070acb  x6:00000c54 x17:00000009
20601537ns          349099 1c008192 0046230b p.lw             x6, 4(x12!)          x6=00000cbb x12=10000760 x12:1000075c  PA:1000075c
20601557ns          349100 1c008196 2078788b p.lw             x17, x7(x16!)       x17=00000001 x16=100003e4  x7:00000020 x16:100003c4  PA:100003c4
20601596ns          349102 1c00819a 43130733 p.mac            x14, x6, x17        x14=0007867a x14:000779bf  x6:00000cbb x17:00000001
20601616ns          349103 1c008192 0046230b p.lw             x6, 4(x12!)          x6=00000d22 x12=10000764 x12:10000760  PA:10000760
20601636ns          349104 1c008196 2078788b p.lw             x17, x7(x16!)       x17=fffffff9 x16=10000404  x7:00000020 x16:100003e4  PA:100003e4
20601676ns          349106 1c00819a 43130733 p.mac            x14, x6, x17        x14=00072a8c x14:0007867a  x6:00000d22 x17:fffffff9
20601696ns          349107 1c00819e 00ef222b p.sw             x14, 4(x30!)        x30=10000e48 x14:00072a8c x30:10000e44  PA:10000e44
20601716ns          349108 1c0081a2 004e8e93 addi             x29, x29, 4         x29=10000308 x29:10000304
20601756ns          349110 1c00817e 40af87b3 sub              x15, x31, x10       x15=00000020 x31:10000764 x10:10000744
20601775ns          349111 1c008182 ffc78793 addi             x15, x15, -4        x15=0000001c x15:00000020
20601795ns          349112 1c008184 0027d793 srli             x15, x15, 0x2       x15=00000007 x15:0000001c
20601815ns          349113 1c008186 01d00833 add              x16, x0, x29        x16=10000308 x29:10000308
20601835ns          349114 1c008188 00a00633 add              x12, x0, x10        x12=10000744 x10:10000744
20601855ns          349115 1c00818a 00000713 addi             x14, x0, 0          x14=00000000
20601875ns          349116 1c00818c 00178793 addi             x15, x15, 1         x15=00000008 x15:00000007
20601895ns          349117 1c00818e 0067c0fb lp.setup         0x1, x15, 0x6       x15:00000008
20601915ns          349118 1c008192 0046230b p.lw             x6, 4(x12!)          x6=00000a51 x12=10000748 x12:10000744  PA:10000744
20601935ns          349119 1c008196 2078788b p.lw             x17, x7(x16!)       x17=00000030 x16=10000328  x7:00000020 x16:10000308  PA:10000308
20601974ns          349121 1c00819a 43130733 p.mac            x14, x6, x17        x14=0001ef30 x14:00000000  x6:00000a51 x17:00000030
20601994ns          349122 1c008192 0046230b p.lw             x6, 4(x12!)          x6=00000ab8 x12=1000074c x12:10000748  PA:10000748
20602014ns          349123 1c008196 2078788b p.lw             x17, x7(x16!)       x17=00000028 x16=10000348  x7:00000020 x16:10000328  PA:10000328
20602054ns          349125 1c00819a 43130733 p.mac            x14, x6, x17        x14=00039bf0 x14:0001ef30  x6:00000ab8 x17:00000028
20602074ns          349126 1c008192 0046230b p.lw             x6, 4(x12!)          x6=00000b1f x12=10000750 x12:1000074c  PA:1000074c
20602094ns          349127 1c008196 2078788b p.lw             x17, x7(x16!)       x17=00000020 x16=10000368  x7:00000020 x16:10000348  PA:10000348
20602133ns          349129 1c00819a 43130733 p.mac            x14, x6, x17        x14=0004ffd0 x14:00039bf0  x6:00000b1f x17:00000020
20602153ns          349130 1c008192 0046230b p.lw             x6, 4(x12!)          x6=00000b86 x12=10000754 x12:10000750  PA:10000750
20602173ns          349131 1c008196 2078788b p.lw             x17, x7(x16!)       x17=00000018 x16=10000388  x7:00000020 x16:10000368  PA:10000368
20602213ns          349133 1c00819a 43130733 p.mac            x14, x6, x17        x14=00061460 x14:0004ffd0  x6:00000b86 x17:00000018
20602233ns          349134 1c008192 0046230b p.lw             x6, 4(x12!)          x6=00000bed x12=10000758 x12:10000754  PA:10000754
20602253ns          349135 1c008196 2078788b p.lw             x17, x7(x16!)       x17=00000010 x16=100003a8  x7:00000020 x16:10000388  PA:10000388
20602293ns          349137 1c00819a 43130733 p.mac            x14, x6, x17        x14=0006d330 x14:00061460  x6:00000bed x17:00000010
20602312ns          349138 1c008192 0046230b p.lw             x6, 4(x12!)          x6=00000c54 x12=1000075c x12:10000758  PA:10000758
20602332ns          349139 1c008196 2078788b p.lw             x17, x7(x16!)       x17=00000008 x16=100003c8  x7:00000020 x16:100003a8  PA:100003a8
20602372ns          349141 1c00819a 43130733 p.mac            x14, x6, x17        x14=000735d0 x14:0006d330  x6:00000c54 x17:00000008
20602392ns          349142 1c008192 0046230b p.lw             x6, 4(x12!)          x6=00000cbb x12=10000760 x12:1000075c  PA:1000075c
20602412ns          349143 1c008196 2078788b p.lw             x17, x7(x16!)       x17=00000000 x16=100003e8  x7:00000020 x16:100003c8  PA:100003c8
20602452ns          349145 1c00819a 43130733 p.mac            x14, x6, x17        x14=000735d0 x14:000735d0  x6:00000cbb x17:00000000
20602472ns          349146 1c008192 0046230b p.lw             x6, 4(x12!)          x6=00000d22 x12=10000764 x12:10000760  PA:10000760
20602492ns          349147 1c008196 2078788b p.lw             x17, x7(x16!)       x17=fffffff8 x16=10000408  x7:00000020 x16:100003e8  PA:100003e8
20602531ns          349149 1c00819a 43130733 p.mac            x14, x6, x17        x14=0006ccc0 x14:000735d0  x6:00000d22 x17:fffffff8
20602551ns          349150 1c00819e 00ef222b p.sw             x14, 4(x30!)        x30=10000e4c x14:0006ccc0 x30:10000e48  PA:10000e48
20602571ns          349151 1c0081a2 004e8e93 addi             x29, x29, 4         x29=1000030c x29:10000308
20602611ns          349153 1c00817e 40af87b3 sub              x15, x31, x10       x15=00000020 x31:10000764 x10:10000744
20602631ns          349154 1c008182 ffc78793 addi             x15, x15, -4        x15=0000001c x15:00000020
20602651ns          349155 1c008184 0027d793 srli             x15, x15, 0x2       x15=00000007 x15:0000001c
20602671ns          349156 1c008186 01d00833 add              x16, x0, x29        x16=1000030c x29:1000030c
20602690ns          349157 1c008188 00a00633 add              x12, x0, x10        x12=10000744 x10:10000744
20602710ns          349158 1c00818a 00000713 addi             x14, x0, 0          x14=00000000
20602730ns          349159 1c00818c 00178793 addi             x15, x15, 1         x15=00000008 x15:00000007
20602750ns          349160 1c00818e 0067c0fb lp.setup         0x1, x15, 0x6       x15:00000008
20602770ns          349161 1c008192 0046230b p.lw             x6, 4(x12!)          x6=00000a51 x12=10000748 x12:10000744  PA:10000744
20602790ns          349162 1c008196 2078788b p.lw             x17, x7(x16!)       x17=0000002f x16=1000032c  x7:00000020 x16:1000030c  PA:1000030c
20602830ns          349164 1c00819a 43130733 p.mac            x14, x6, x17        x14=0001e4df x14:00000000  x6:00000a51 x17:0000002f
20602850ns          349165 1c008192 0046230b p.lw             x6, 4(x12!)          x6=00000ab8 x12=1000074c x12:10000748  PA:10000748
20602869ns          349166 1c008196 2078788b p.lw             x17, x7(x16!)       x17=00000027 x16=1000034c  x7:00000020 x16:1000032c  PA:1000032c
20602909ns          349168 1c00819a 43130733 p.mac            x14, x6, x17        x14=000386e7 x14:0001e4df  x6:00000ab8 x17:00000027
20602929ns          349169 1c008192 0046230b p.lw             x6, 4(x12!)          x6=00000b1f x12=10000750 x12:1000074c  PA:1000074c
20602949ns          349170 1c008196 2078788b p.lw             x17, x7(x16!)       x17=0000001f x16=1000036c  x7:00000020 x16:1000034c  PA:1000034c
20602989ns          349172 1c00819a 43130733 p.mac            x14, x6, x17        x14=0004dfa8 x14:000386e7  x6:00000b1f x17:0000001f
20603009ns          349173 1c008192 0046230b p.lw             x6, 4(x12!)          x6=00000b86 x12=10000754 x12:10000750  PA:10000750
20603029ns          349174 1c008196 2078788b p.lw             x17, x7(x16!)       x17=00000017 x16=1000038c  x7:00000020 x16:1000036c  PA:1000036c
20603068ns          349176 1c00819a 43130733 p.mac            x14, x6, x17        x14=0005e8b2 x14:0004dfa8  x6:00000b86 x17:00000017
20603088ns          349177 1c008192 0046230b p.lw             x6, 4(x12!)          x6=00000bed x12=10000758 x12:10000754  PA:10000754
20603108ns          349178 1c008196 2078788b p.lw             x17, x7(x16!)       x17=0000000f x16=100003ac  x7:00000020 x16:1000038c  PA:1000038c
20603148ns          349180 1c00819a 43130733 p.mac            x14, x6, x17        x14=00069b95 x14:0005e8b2  x6:00000bed x17:0000000f
20603168ns          349181 1c008192 0046230b p.lw             x6, 4(x12!)          x6=00000c54 x12=1000075c x12:10000758  PA:10000758
20603188ns          349182 1c008196 2078788b p.lw             x17, x7(x16!)       x17=00000007 x16=100003cc  x7:00000020 x16:100003ac  PA:100003ac
20603227ns          349184 1c00819a 43130733 p.mac            x14, x6, x17        x14=0006f1e1 x14:00069b95  x6:00000c54 x17:00000007
20603247ns          349185 1c008192 0046230b p.lw             x6, 4(x12!)          x6=00000cbb x12=10000760 x12:1000075c  PA:1000075c
20603267ns          349186 1c008196 2078788b p.lw             x17, x7(x16!)       x17=ffffffff x16=100003ec  x7:00000020 x16:100003cc  PA:100003cc
20603307ns          349188 1c00819a 43130733 p.mac            x14, x6, x17        x14=0006e526 x14:0006f1e1  x6:00000cbb x17:ffffffff
20603327ns          349189 1c008192 0046230b p.lw             x6, 4(x12!)          x6=00000d22 x12=10000764 x12:10000760  PA:10000760
20603347ns          349190 1c008196 2078788b p.lw             x17, x7(x16!)       x17=fffffff7 x16=1000040c  x7:00000020 x16:100003ec  PA:100003ec
20603387ns          349192 1c00819a 43130733 p.mac            x14, x6, x17        x14=00066ef4 x14:0006e526  x6:00000d22 x17:fffffff7
20603406ns          349193 1c00819e 00ef222b p.sw             x14, 4(x30!)        x30=10000e50 x14:00066ef4 x30:10000e4c  PA:10000e4c
20603426ns          349194 1c0081a2 004e8e93 addi             x29, x29, 4         x29=10000310 x29:1000030c
20603466ns          349196 1c00817e 40af87b3 sub              x15, x31, x10       x15=00000020 x31:10000764 x10:10000744
20603486ns          349197 1c008182 ffc78793 addi             x15, x15, -4        x15=0000001c x15:00000020
20603506ns          349198 1c008184 0027d793 srli             x15, x15, 0x2       x15=00000007 x15:0000001c
20603526ns          349199 1c008186 01d00833 add              x16, x0, x29        x16=10000310 x29:10000310
20603546ns          349200 1c008188 00a00633 add              x12, x0, x10        x12=10000744 x10:10000744
20603566ns          349201 1c00818a 00000713 addi             x14, x0, 0          x14=00000000
20603586ns          349202 1c00818c 00178793 addi             x15, x15, 1         x15=00000008 x15:00000007
20603605ns          349203 1c00818e 0067c0fb lp.setup         0x1, x15, 0x6       x15:00000008
20603625ns          349204 1c008192 0046230b p.lw             x6, 4(x12!)          x6=00000a51 x12=10000748 x12:10000744  PA:10000744
20603645ns          349205 1c008196 2078788b p.lw             x17, x7(x16!)       x17=0000002e x16=10000330  x7:00000020 x16:10000310  PA:10000310
20603685ns          349207 1c00819a 43130733 p.mac            x14, x6, x17        x14=0001da8e x14:00000000  x6:00000a51 x17:0000002e
20603705ns          349208 1c008192 0046230b p.lw             x6, 4(x12!)          x6=00000ab8 x12=1000074c x12:10000748  PA:10000748
20603725ns          349209 1c008196 2078788b p.lw             x17, x7(x16!)       x17=00000026 x16=10000350  x7:00000020 x16:10000330  PA:10000330
20603765ns          349211 1c00819a 43130733 p.mac            x14, x6, x17        x14=000371de x14:0001da8e  x6:00000ab8 x17:00000026
20603784ns          349212 1c008192 0046230b p.lw             x6, 4(x12!)          x6=00000b1f x12=10000750 x12:1000074c  PA:1000074c
20603804ns          349213 1c008196 2078788b p.lw             x17, x7(x16!)       x17=0000001e x16=10000370  x7:00000020 x16:10000350  PA:10000350
20603844ns          349215 1c00819a 43130733 p.mac            x14, x6, x17        x14=0004bf80 x14:000371de  x6:00000b1f x17:0000001e
20603864ns          349216 1c008192 0046230b p.lw             x6, 4(x12!)          x6=00000b86 x12=10000754 x12:10000750  PA:10000750
20603884ns          349217 1c008196 2078788b p.lw             x17, x7(x16!)       x17=00000016 x16=10000390  x7:00000020 x16:10000370  PA:10000370
20603924ns          349219 1c00819a 43130733 p.mac            x14, x6, x17        x14=0005bd04 x14:0004bf80  x6:00000b86 x17:00000016
20603944ns          349220 1c008192 0046230b p.lw             x6, 4(x12!)          x6=00000bed x12=10000758 x12:10000754  PA:10000754
20603963ns          349221 1c008196 2078788b p.lw             x17, x7(x16!)       x17=0000000e x16=100003b0  x7:00000020 x16:10000390  PA:10000390
20604003ns          349223 1c00819a 43130733 p.mac            x14, x6, x17        x14=000663fa x14:0005bd04  x6:00000bed x17:0000000e
20604023ns          349224 1c008192 0046230b p.lw             x6, 4(x12!)          x6=00000c54 x12=1000075c x12:10000758  PA:10000758
20604043ns          349225 1c008196 2078788b p.lw             x17, x7(x16!)       x17=00000006 x16=100003d0  x7:00000020 x16:100003b0  PA:100003b0
20604083ns          349227 1c00819a 43130733 p.mac            x14, x6, x17        x14=0006adf2 x14:000663fa  x6:00000c54 x17:00000006
20604103ns          349228 1c008192 0046230b p.lw             x6, 4(x12!)          x6=00000cbb x12=10000760 x12:1000075c  PA:1000075c
20604123ns          349229 1c008196 2078788b p.lw             x17, x7(x16!)       x17=fffffffe x16=100003f0  x7:00000020 x16:100003d0  PA:100003d0
20604162ns          349231 1c00819a 43130733 p.mac            x14, x6, x17        x14=0006947c x14:0006adf2  x6:00000cbb x17:fffffffe
20604182ns          349232 1c008192 0046230b p.lw             x6, 4(x12!)          x6=00000d22 x12=10000764 x12:10000760  PA:10000760
20604222ns          349234 1c008196 2078788b p.lw             x17, x7(x16!)       x17=fffffff6 x16=10000410  x7:00000020 x16:100003f0  PA:100003f0
20604262ns          349236 1c00819a 43130733 p.mac            x14, x6, x17        x14=00061128 x14:0006947c  x6:00000d22 x17:fffffff6
20604282ns          349237 1c00819e 00ef222b p.sw             x14, 4(x30!)        x30=10000e54 x14:00061128 x30:10000e50  PA:10000e50
20604302ns          349238 1c0081a2 004e8e93 addi             x29, x29, 4         x29=10000314 x29:10000310
20604341ns          349240 1c00817e 40af87b3 sub              x15, x31, x10       x15=00000020 x31:10000764 x10:10000744
20604361ns          349241 1c008182 ffc78793 addi             x15, x15, -4        x15=0000001c x15:00000020
20604381ns          349242 1c008184 0027d793 srli             x15, x15, 0x2       x15=00000007 x15:0000001c
20604401ns          349243 1c008186 01d00833 add              x16, x0, x29        x16=10000314 x29:10000314
20604421ns          349244 1c008188 00a00633 add              x12, x0, x10        x12=10000744 x10:10000744
20604441ns          349245 1c00818a 00000713 addi             x14, x0, 0          x14=00000000
20604461ns          349246 1c00818c 00178793 addi             x15, x15, 1         x15=00000008 x15:00000007
20604481ns          349247 1c00818e 0067c0fb lp.setup         0x1, x15, 0x6       x15:00000008
20604500ns          349248 1c008192 0046230b p.lw             x6, 4(x12!)          x6=00000a51 x12=10000748 x12:10000744  PA:10000744
20604520ns          349249 1c008196 2078788b p.lw             x17, x7(x16!)       x17=0000002d x16=10000334  x7:00000020 x16:10000314  PA:10000314
20604560ns          349251 1c00819a 43130733 p.mac            x14, x6, x17        x14=0001d03d x14:00000000  x6:00000a51 x17:0000002d
20604580ns          349252 1c008192 0046230b p.lw             x6, 4(x12!)          x6=00000ab8 x12=1000074c x12:10000748  PA:10000748
20604600ns          349253 1c008196 2078788b p.lw             x17, x7(x16!)       x17=00000025 x16=10000354  x7:00000020 x16:10000334  PA:10000334
20604640ns          349255 1c00819a 43130733 p.mac            x14, x6, x17        x14=00035cd5 x14:0001d03d  x6:00000ab8 x17:00000025
20604660ns          349256 1c008192 0046230b p.lw             x6, 4(x12!)          x6=00000b1f x12=10000750 x12:1000074c  PA:1000074c
20604679ns          349257 1c008196 2078788b p.lw             x17, x7(x16!)       x17=0000001d x16=10000374  x7:00000020 x16:10000354  PA:10000354
20604719ns          349259 1c00819a 43130733 p.mac            x14, x6, x17        x14=00049f58 x14:00035cd5  x6:00000b1f x17:0000001d
20604739ns          349260 1c008192 0046230b p.lw             x6, 4(x12!)          x6=00000b86 x12=10000754 x12:10000750  PA:10000750
20604759ns          349261 1c008196 2078788b p.lw             x17, x7(x16!)       x17=00000015 x16=10000394  x7:00000020 x16:10000374  PA:10000374
20604799ns          349263 1c00819a 43130733 p.mac            x14, x6, x17        x14=00059156 x14:00049f58  x6:00000b86 x17:00000015
20604819ns          349264 1c008192 0046230b p.lw             x6, 4(x12!)          x6=00000bed x12=10000758 x12:10000754  PA:10000754
20604839ns          349265 1c008196 2078788b p.lw             x17, x7(x16!)       x17=0000000d x16=100003b4  x7:00000020 x16:10000394  PA:10000394
20604878ns          349267 1c00819a 43130733 p.mac            x14, x6, x17        x14=00062c5f x14:00059156  x6:00000bed x17:0000000d
20604898ns          349268 1c008192 0046230b p.lw             x6, 4(x12!)          x6=00000c54 x12=1000075c x12:10000758  PA:10000758
20604918ns          349269 1c008196 2078788b p.lw             x17, x7(x16!)       x17=00000005 x16=100003d4  x7:00000020 x16:100003b4  PA:100003b4
20604958ns          349271 1c00819a 43130733 p.mac            x14, x6, x17        x14=00066a03 x14:00062c5f  x6:00000c54 x17:00000005
20604978ns          349272 1c008192 0046230b p.lw             x6, 4(x12!)          x6=00000cbb x12=10000760 x12:1000075c  PA:1000075c
20604998ns          349273 1c008196 2078788b p.lw             x17, x7(x16!)       x17=fffffffd x16=100003f4  x7:00000020 x16:100003d4  PA:100003d4
20605038ns          349275 1c00819a 43130733 p.mac            x14, x6, x17        x14=000643d2 x14:00066a03  x6:00000cbb x17:fffffffd
20605057ns          349276 1c008192 0046230b p.lw             x6, 4(x12!)          x6=00000d22 x12=10000764 x12:10000760  PA:10000760
20605077ns          349277 1c008196 2078788b p.lw             x17, x7(x16!)       x17=fffffff5 x16=10000414  x7:00000020 x16:100003f4  PA:100003f4
20605117ns          349279 1c00819a 43130733 p.mac            x14, x6, x17        x14=0005b35c x14:000643d2  x6:00000d22 x17:fffffff5
20605137ns          349280 1c00819e 00ef222b p.sw             x14, 4(x30!)        x30=10000e58 x14:0005b35c x30:10000e54  PA:10000e54
20605157ns          349281 1c0081a2 004e8e93 addi             x29, x29, 4         x29=10000318 x29:10000314
20605197ns          349283 1c00817e 40af87b3 sub              x15, x31, x10       x15=00000020 x31:10000764 x10:10000744
20605217ns          349284 1c008182 ffc78793 addi             x15, x15, -4        x15=0000001c x15:00000020
20605236ns          349285 1c008184 0027d793 srli             x15, x15, 0x2       x15=00000007 x15:0000001c
20605256ns          349286 1c008186 01d00833 add              x16, x0, x29        x16=10000318 x29:10000318
20605276ns          349287 1c008188 00a00633 add              x12, x0, x10        x12=10000744 x10:10000744
20605296ns          349288 1c00818a 00000713 addi             x14, x0, 0          x14=00000000
20605316ns          349289 1c00818c 00178793 addi             x15, x15, 1         x15=00000008 x15:00000007
20605336ns          349290 1c00818e 0067c0fb lp.setup         0x1, x15, 0x6       x15:00000008
20605356ns          349291 1c008192 0046230b p.lw             x6, 4(x12!)          x6=00000a51 x12=10000748 x12:10000744  PA:10000744
20605376ns          349292 1c008196 2078788b p.lw             x17, x7(x16!)       x17=0000002c x16=10000338  x7:00000020 x16:10000318  PA:10000318
20605415ns          349294 1c00819a 43130733 p.mac            x14, x6, x17        x14=0001c5ec x14:00000000  x6:00000a51 x17:0000002c
20605435ns          349295 1c008192 0046230b p.lw             x6, 4(x12!)          x6=00000ab8 x12=1000074c x12:10000748  PA:10000748
20605455ns          349296 1c008196 2078788b p.lw             x17, x7(x16!)       x17=00000024 x16=10000358  x7:00000020 x16:10000338  PA:10000338
20605495ns          349298 1c00819a 43130733 p.mac            x14, x6, x17        x14=000347cc x14:0001c5ec  x6:00000ab8 x17:00000024
20605515ns          349299 1c008192 0046230b p.lw             x6, 4(x12!)          x6=00000b1f x12=10000750 x12:1000074c  PA:1000074c
20605535ns          349300 1c008196 2078788b p.lw             x17, x7(x16!)       x17=0000001c x16=10000378  x7:00000020 x16:10000358  PA:10000358
20605575ns          349302 1c00819a 43130733 p.mac            x14, x6, x17        x14=00047f30 x14:000347cc  x6:00000b1f x17:0000001c
20605594ns          349303 1c008192 0046230b p.lw             x6, 4(x12!)          x6=00000b86 x12=10000754 x12:10000750  PA:10000750
20605614ns          349304 1c008196 2078788b p.lw             x17, x7(x16!)       x17=00000014 x16=10000398  x7:00000020 x16:10000378  PA:10000378
20605654ns          349306 1c00819a 43130733 p.mac            x14, x6, x17        x14=000565a8 x14:00047f30  x6:00000b86 x17:00000014
20605674ns          349307 1c008192 0046230b p.lw             x6, 4(x12!)          x6=00000bed x12=10000758 x12:10000754  PA:10000754
20605694ns          349308 1c008196 2078788b p.lw             x17, x7(x16!)       x17=0000000c x16=100003b8  x7:00000020 x16:10000398  PA:10000398
20605734ns          349310 1c00819a 43130733 p.mac            x14, x6, x17        x14=0005f4c4 x14:000565a8  x6:00000bed x17:0000000c
20605754ns          349311 1c008192 0046230b p.lw             x6, 4(x12!)          x6=00000c54 x12=1000075c x12:10000758  PA:10000758
20605773ns          349312 1c008196 2078788b p.lw             x17, x7(x16!)       x17=00000004 x16=100003d8  x7:00000020 x16:100003b8  PA:100003b8
20605813ns          349314 1c00819a 43130733 p.mac            x14, x6, x17        x14=00062614 x14:0005f4c4  x6:00000c54 x17:00000004
20605833ns          349315 1c008192 0046230b p.lw             x6, 4(x12!)          x6=00000cbb x12=10000760 x12:1000075c  PA:1000075c
20605853ns          349316 1c008196 2078788b p.lw             x17, x7(x16!)       x17=fffffffc x16=100003f8  x7:00000020 x16:100003d8  PA:100003d8
20605893ns          349318 1c00819a 43130733 p.mac            x14, x6, x17        x14=0005f328 x14:00062614  x6:00000cbb x17:fffffffc
20605913ns          349319 1c008192 0046230b p.lw             x6, 4(x12!)          x6=00000d22 x12=10000764 x12:10000760  PA:10000760
20605933ns          349320 1c008196 2078788b p.lw             x17, x7(x16!)       x17=fffffff4 x16=10000418  x7:00000020 x16:100003f8  PA:100003f8
20605972ns          349322 1c00819a 43130733 p.mac            x14, x6, x17        x14=00055590 x14:0005f328  x6:00000d22 x17:fffffff4
20605992ns          349323 1c00819e 00ef222b p.sw             x14, 4(x30!)        x30=10000e5c x14:00055590 x30:10000e58  PA:10000e58
20606012ns          349324 1c0081a2 004e8e93 addi             x29, x29, 4         x29=1000031c x29:10000318
20606052ns          349326 1c00817e 40af87b3 sub              x15, x31, x10       x15=00000020 x31:10000764 x10:10000744
20606072ns          349327 1c008182 ffc78793 addi             x15, x15, -4        x15=0000001c x15:00000020
20606092ns          349328 1c008184 0027d793 srli             x15, x15, 0x2       x15=00000007 x15:0000001c
20606112ns          349329 1c008186 01d00833 add              x16, x0, x29        x16=1000031c x29:1000031c
20606132ns          349330 1c008188 00a00633 add              x12, x0, x10        x12=10000744 x10:10000744
20606151ns          349331 1c00818a 00000713 addi             x14, x0, 0          x14=00000000
20606171ns          349332 1c00818c 00178793 addi             x15, x15, 1         x15=00000008 x15:00000007
20606191ns          349333 1c00818e 0067c0fb lp.setup         0x1, x15, 0x6       x15:00000008
20606211ns          349334 1c008192 0046230b p.lw             x6, 4(x12!)          x6=00000a51 x12=10000748 x12:10000744  PA:10000744
20606231ns          349335 1c008196 2078788b p.lw             x17, x7(x16!)       x17=0000002b x16=1000033c  x7:00000020 x16:1000031c  PA:1000031c
20606271ns          349337 1c00819a 43130733 p.mac            x14, x6, x17        x14=0001bb9b x14:00000000  x6:00000a51 x17:0000002b
20606291ns          349338 1c008192 0046230b p.lw             x6, 4(x12!)          x6=00000ab8 x12=1000074c x12:10000748  PA:10000748
20606311ns          349339 1c008196 2078788b p.lw             x17, x7(x16!)       x17=00000023 x16=1000035c  x7:00000020 x16:1000033c  PA:1000033c
20606350ns          349341 1c00819a 43130733 p.mac            x14, x6, x17        x14=000332c3 x14:0001bb9b  x6:00000ab8 x17:00000023
20606370ns          349342 1c008192 0046230b p.lw             x6, 4(x12!)          x6=00000b1f x12=10000750 x12:1000074c  PA:1000074c
20606390ns          349343 1c008196 2078788b p.lw             x17, x7(x16!)       x17=0000001b x16=1000037c  x7:00000020 x16:1000035c  PA:1000035c
20606430ns          349345 1c00819a 43130733 p.mac            x14, x6, x17        x14=00045f08 x14:000332c3  x6:00000b1f x17:0000001b
20606450ns          349346 1c008192 0046230b p.lw             x6, 4(x12!)          x6=00000b86 x12=10000754 x12:10000750  PA:10000750
20606470ns          349347 1c008196 2078788b p.lw             x17, x7(x16!)       x17=00000013 x16=1000039c  x7:00000020 x16:1000037c  PA:1000037c
20606509ns          349349 1c00819a 43130733 p.mac            x14, x6, x17        x14=000539fa x14:00045f08  x6:00000b86 x17:00000013
20606529ns          349350 1c008192 0046230b p.lw             x6, 4(x12!)          x6=00000bed x12=10000758 x12:10000754  PA:10000754
20606549ns          349351 1c008196 2078788b p.lw             x17, x7(x16!)       x17=0000000b x16=100003bc  x7:00000020 x16:1000039c  PA:1000039c
20606589ns          349353 1c00819a 43130733 p.mac            x14, x6, x17        x14=0005bd29 x14:000539fa  x6:00000bed x17:0000000b
20606609ns          349354 1c008192 0046230b p.lw             x6, 4(x12!)          x6=00000c54 x12=1000075c x12:10000758  PA:10000758
20606629ns          349355 1c008196 2078788b p.lw             x17, x7(x16!)       x17=00000003 x16=100003dc  x7:00000020 x16:100003bc  PA:100003bc
20606669ns          349357 1c00819a 43130733 p.mac            x14, x6, x17        x14=0005e225 x14:0005bd29  x6:00000c54 x17:00000003
20606688ns          349358 1c008192 0046230b p.lw             x6, 4(x12!)          x6=00000cbb x12=10000760 x12:1000075c  PA:1000075c
20606708ns          349359 1c008196 2078788b p.lw             x17, x7(x16!)       x17=fffffffb x16=100003fc  x7:00000020 x16:100003dc  PA:100003dc
20606748ns          349361 1c00819a 43130733 p.mac            x14, x6, x17        x14=0005a27e x14:0005e225  x6:00000cbb x17:fffffffb
20606768ns          349362 1c008192 0046230b p.lw             x6, 4(x12!)          x6=00000d22 x12=10000764 x12:10000760  PA:10000760
20606788ns          349363 1c008196 2078788b p.lw             x17, x7(x16!)       x17=fffffff3 x16=1000041c  x7:00000020 x16:100003fc  PA:100003fc
20606828ns          349365 1c00819a 43130733 p.mac            x14, x6, x17        x14=0004f7c4 x14:0005a27e  x6:00000d22 x17:fffffff3
20606848ns          349366 1c00819e 00ef222b p.sw             x14, 4(x30!)        x30=10000e60 x14:0004f7c4 x30:10000e5c  PA:10000e5c
20606867ns          349367 1c0081a2 004e8e93 addi             x29, x29, 4         x29=10000320 x29:1000031c
20606907ns          349369 1c00817e 40af87b3 sub              x15, x31, x10       x15=00000020 x31:10000764 x10:10000744
20606927ns          349370 1c008182 ffc78793 addi             x15, x15, -4        x15=0000001c x15:00000020
20606947ns          349371 1c008184 0027d793 srli             x15, x15, 0x2       x15=00000007 x15:0000001c
20606967ns          349372 1c008186 01d00833 add              x16, x0, x29        x16=10000320 x29:10000320
20606987ns          349373 1c008188 00a00633 add              x12, x0, x10        x12=10000744 x10:10000744
20607007ns          349374 1c00818a 00000713 addi             x14, x0, 0          x14=00000000
20607027ns          349375 1c00818c 00178793 addi             x15, x15, 1         x15=00000008 x15:00000007
20607046ns          349376 1c00818e 0067c0fb lp.setup         0x1, x15, 0x6       x15:00000008
20607066ns          349377 1c008192 0046230b p.lw             x6, 4(x12!)          x6=00000a51 x12=10000748 x12:10000744  PA:10000744
20607086ns          349378 1c008196 2078788b p.lw             x17, x7(x16!)       x17=0000002a x16=10000340  x7:00000020 x16:10000320  PA:10000320
20607126ns          349380 1c00819a 43130733 p.mac            x14, x6, x17        x14=0001b14a x14:00000000  x6:00000a51 x17:0000002a
20607146ns          349381 1c008192 0046230b p.lw             x6, 4(x12!)          x6=00000ab8 x12=1000074c x12:10000748  PA:10000748
20607166ns          349382 1c008196 2078788b p.lw             x17, x7(x16!)       x17=00000022 x16=10000360  x7:00000020 x16:10000340  PA:10000340
20607206ns          349384 1c00819a 43130733 p.mac            x14, x6, x17        x14=00031dba x14:0001b14a  x6:00000ab8 x17:00000022
20607226ns          349385 1c008192 0046230b p.lw             x6, 4(x12!)          x6=00000b1f x12=10000750 x12:1000074c  PA:1000074c
20607245ns          349386 1c008196 2078788b p.lw             x17, x7(x16!)       x17=0000001a x16=10000380  x7:00000020 x16:10000360  PA:10000360
20607285ns          349388 1c00819a 43130733 p.mac            x14, x6, x17        x14=00043ee0 x14:00031dba  x6:00000b1f x17:0000001a
20607305ns          349389 1c008192 0046230b p.lw             x6, 4(x12!)          x6=00000b86 x12=10000754 x12:10000750  PA:10000750
20607325ns          349390 1c008196 2078788b p.lw             x17, x7(x16!)       x17=00000012 x16=100003a0  x7:00000020 x16:10000380  PA:10000380
20607365ns          349392 1c00819a 43130733 p.mac            x14, x6, x17        x14=00050e4c x14:00043ee0  x6:00000b86 x17:00000012
20607385ns          349393 1c008192 0046230b p.lw             x6, 4(x12!)          x6=00000bed x12=10000758 x12:10000754  PA:10000754
20607405ns          349394 1c008196 2078788b p.lw             x17, x7(x16!)       x17=0000000a x16=100003c0  x7:00000020 x16:100003a0  PA:100003a0
20607444ns          349396 1c00819a 43130733 p.mac            x14, x6, x17        x14=0005858e x14:00050e4c  x6:00000bed x17:0000000a
20607464ns          349397 1c008192 0046230b p.lw             x6, 4(x12!)          x6=00000c54 x12=1000075c x12:10000758  PA:10000758
20607484ns          349398 1c008196 2078788b p.lw             x17, x7(x16!)       x17=00000002 x16=100003e0  x7:00000020 x16:100003c0  PA:100003c0
20607524ns          349400 1c00819a 43130733 p.mac            x14, x6, x17        x14=00059e36 x14:0005858e  x6:00000c54 x17:00000002
20607544ns          349401 1c008192 0046230b p.lw             x6, 4(x12!)          x6=00000cbb x12=10000760 x12:1000075c  PA:1000075c
20607564ns          349402 1c008196 2078788b p.lw             x17, x7(x16!)       x17=fffffffa x16=10000400  x7:00000020 x16:100003e0  PA:100003e0
20607603ns          349404 1c00819a 43130733 p.mac            x14, x6, x17        x14=000551d4 x14:00059e36  x6:00000cbb x17:fffffffa
20607623ns          349405 1c008192 0046230b p.lw             x6, 4(x12!)          x6=00000d22 x12=10000764 x12:10000760  PA:10000760
20607643ns          349406 1c008196 2078788b p.lw             x17, x7(x16!)       x17=fffffff2 x16=10000420  x7:00000020 x16:10000400  PA:10000400
20607683ns          349408 1c00819a 43130733 p.mac            x14, x6, x17        x14=000499f8 x14:000551d4  x6:00000d22 x17:fffffff2
20607703ns          349409 1c00819e 00ef222b p.sw             x14, 4(x30!)        x30=10000e64 x14:000499f8 x30:10000e60  PA:10000e60
20607723ns          349410 1c0081a2 004e8e93 addi             x29, x29, 4         x29=10000324 x29:10000320
20607743ns          349411 1c0081a4 00128293 addi             x5, x5, 1            x5=00000003  x5:00000002
20607763ns          349412 1c0081a6 00750533 add              x10, x10, x7        x10=10000764 x10:10000744  x7:00000020
20607782ns          349413 1c0081a8 007f8fb3 add              x31, x31, x7        x31=10000784 x31:10000764  x7:00000020
20607802ns          349414 1c0081aa fa569fe3 bne              x13, x5, -66        x13:00000008  x5:00000003
20607862ns          349417 1c008168 40b48e33 sub              x28, x9, x11        x28=00000020  x9:10000324 x11:10000304
20607882ns          349418 1c00816c ffce0e13 addi             x28, x28, -4        x28=0000001c x28:00000020
20607902ns          349419 1c00816e 002e5e13 srli             x28, x28, 0x2       x28=00000007 x28:0000001c
20607922ns          349420 1c008172 008f8f33 add              x30, x31, x8        x30=10000e64 x31:10000784  x8:000006e0
20607942ns          349421 1c008176 00b00eb3 add              x29, x0, x11        x29=10000304 x11:10000304
20607961ns          349422 1c008178 001e0e13 addi             x28, x28, 1         x28=00000008 x28:00000007
20607981ns          349423 1c00817a 014e407b lp.setup         0x0, x28, 0x14      x28:00000008
20608001ns          349424 1c00817e 40af87b3 sub              x15, x31, x10       x15=00000020 x31:10000784 x10:10000764
20608021ns          349425 1c008182 ffc78793 addi             x15, x15, -4        x15=0000001c x15:00000020
20608041ns          349426 1c008184 0027d793 srli             x15, x15, 0x2       x15=00000007 x15:0000001c
20608061ns          349427 1c008186 01d00833 add              x16, x0, x29        x16=10000304 x29:10000304
20608081ns          349428 1c008188 00a00633 add              x12, x0, x10        x12=10000764 x10:10000764
20608101ns          349429 1c00818a 00000713 addi             x14, x0, 0          x14=00000000
20608121ns          349430 1c00818c 00178793 addi             x15, x15, 1         x15=00000008 x15:00000007
20608140ns          349431 1c00818e 0067c0fb lp.setup         0x1, x15, 0x6       x15:00000008
20608160ns          349432 1c008192 0046230b p.lw             x6, 4(x12!)          x6=000013c9 x12=10000768 x12:10000764  PA:10000764
20608200ns          349434 1c008196 2078788b p.lw             x17, x7(x16!)       x17=00000031 x16=10000324  x7:00000020 x16:10000304  PA:10000304
20608240ns          349436 1c00819a 43130733 p.mac            x14, x6, x17        x14=0003c979 x14:00000000  x6:000013c9 x17:00000031
20608260ns          349437 1c008192 0046230b p.lw             x6, 4(x12!)          x6=000014b0 x12=1000076c x12:10000768  PA:10000768
20608280ns          349438 1c008196 2078788b p.lw             x17, x7(x16!)       x17=00000029 x16=10000344  x7:00000020 x16:10000324  PA:10000324
20608320ns          349440 1c00819a 43130733 p.mac            x14, x6, x17        x14=000719a9 x14:0003c979  x6:000014b0 x17:00000029
20608339ns          349441 1c008192 0046230b p.lw             x6, 4(x12!)          x6=00001597 x12=10000770 x12:1000076c  PA:1000076c
20608359ns          349442 1c008196 2078788b p.lw             x17, x7(x16!)       x17=00000021 x16=10000364  x7:00000020 x16:10000344  PA:10000344
20608399ns          349444 1c00819a 43130733 p.mac            x14, x6, x17        x14=0009e220 x14:000719a9  x6:00001597 x17:00000021
20608419ns          349445 1c008192 0046230b p.lw             x6, 4(x12!)          x6=0000167e x12=10000774 x12:10000770  PA:10000770
20608439ns          349446 1c008196 2078788b p.lw             x17, x7(x16!)       x17=00000019 x16=10000384  x7:00000020 x16:10000364  PA:10000364
20608479ns          349448 1c00819a 43130733 p.mac            x14, x6, x17        x14=000c146e x14:0009e220  x6:0000167e x17:00000019
20608499ns          349449 1c008192 0046230b p.lw             x6, 4(x12!)          x6=00001765 x12=10000778 x12:10000774  PA:10000774
20608518ns          349450 1c008196 2078788b p.lw             x17, x7(x16!)       x17=00000011 x16=100003a4  x7:00000020 x16:10000384  PA:10000384
20608558ns          349452 1c00819a 43130733 p.mac            x14, x6, x17        x14=000da223 x14:000c146e  x6:00001765 x17:00000011
20608578ns          349453 1c008192 0046230b p.lw             x6, 4(x12!)          x6=0000184c x12=1000077c x12:10000778  PA:10000778
20608598ns          349454 1c008196 2078788b p.lw             x17, x7(x16!)       x17=00000009 x16=100003c4  x7:00000020 x16:100003a4  PA:100003a4
20608638ns          349456 1c00819a 43130733 p.mac            x14, x6, x17        x14=000e7ccf x14:000da223  x6:0000184c x17:00000009
20608658ns          349457 1c008192 0046230b p.lw             x6, 4(x12!)          x6=00001933 x12=10000780 x12:1000077c  PA:1000077c
20608678ns          349458 1c008196 2078788b p.lw             x17, x7(x16!)       x17=00000001 x16=100003e4  x7:00000020 x16:100003c4  PA:100003c4
20608717ns          349460 1c00819a 43130733 p.mac            x14, x6, x17        x14=000e9602 x14:000e7ccf  x6:00001933 x17:00000001
20608737ns          349461 1c008192 0046230b p.lw             x6, 4(x12!)          x6=00001a1a x12=10000784 x12:10000780  PA:10000780
20608757ns          349462 1c008196 2078788b p.lw             x17, x7(x16!)       x17=fffffff9 x16=10000404  x7:00000020 x16:100003e4  PA:100003e4
20608797ns          349464 1c00819a 43130733 p.mac            x14, x6, x17        x14=000ddf4c x14:000e9602  x6:00001a1a x17:fffffff9
20608817ns          349465 1c00819e 00ef222b p.sw             x14, 4(x30!)        x30=10000e68 x14:000ddf4c x30:10000e64  PA:10000e64
20608837ns          349466 1c0081a2 004e8e93 addi             x29, x29, 4         x29=10000308 x29:10000304
20608876ns          349468 1c00817e 40af87b3 sub              x15, x31, x10       x15=00000020 x31:10000784 x10:10000764
20608896ns          349469 1c008182 ffc78793 addi             x15, x15, -4        x15=0000001c x15:00000020
20608916ns          349470 1c008184 0027d793 srli             x15, x15, 0x2       x15=00000007 x15:0000001c
20608936ns          349471 1c008186 01d00833 add              x16, x0, x29        x16=10000308 x29:10000308
20608956ns          349472 1c008188 00a00633 add              x12, x0, x10        x12=10000764 x10:10000764
20608976ns          349473 1c00818a 00000713 addi             x14, x0, 0          x14=00000000
20608996ns          349474 1c00818c 00178793 addi             x15, x15, 1         x15=00000008 x15:00000007
20609016ns          349475 1c00818e 0067c0fb lp.setup         0x1, x15, 0x6       x15:00000008
20609036ns          349476 1c008192 0046230b p.lw             x6, 4(x12!)          x6=000013c9 x12=10000768 x12:10000764  PA:10000764
20609055ns          349477 1c008196 2078788b p.lw             x17, x7(x16!)       x17=00000030 x16=10000328  x7:00000020 x16:10000308  PA:10000308
20609095ns          349479 1c00819a 43130733 p.mac            x14, x6, x17        x14=0003b5b0 x14:00000000  x6:000013c9 x17:00000030
20609115ns          349480 1c008192 0046230b p.lw             x6, 4(x12!)          x6=000014b0 x12=1000076c x12:10000768  PA:10000768
20609135ns          349481 1c008196 2078788b p.lw             x17, x7(x16!)       x17=00000028 x16=10000348  x7:00000020 x16:10000328  PA:10000328
20609175ns          349483 1c00819a 43130733 p.mac            x14, x6, x17        x14=0006f130 x14:0003b5b0  x6:000014b0 x17:00000028
20609195ns          349484 1c008192 0046230b p.lw             x6, 4(x12!)          x6=00001597 x12=10000770 x12:1000076c  PA:1000076c
20609215ns          349485 1c008196 2078788b p.lw             x17, x7(x16!)       x17=00000020 x16=10000368  x7:00000020 x16:10000348  PA:10000348
20609254ns          349487 1c00819a 43130733 p.mac            x14, x6, x17        x14=0009a410 x14:0006f130  x6:00001597 x17:00000020
20609274ns          349488 1c008192 0046230b p.lw             x6, 4(x12!)          x6=0000167e x12=10000774 x12:10000770  PA:10000770
20609294ns          349489 1c008196 2078788b p.lw             x17, x7(x16!)       x17=00000018 x16=10000388  x7:00000020 x16:10000368  PA:10000368
20609334ns          349491 1c00819a 43130733 p.mac            x14, x6, x17        x14=000bbfe0 x14:0009a410  x6:0000167e x17:00000018
20609354ns          349492 1c008192 0046230b p.lw             x6, 4(x12!)          x6=00001765 x12=10000778 x12:10000774  PA:10000774
20609374ns          349493 1c008196 2078788b p.lw             x17, x7(x16!)       x17=00000010 x16=100003a8  x7:00000020 x16:10000388  PA:10000388
20609413ns          349495 1c00819a 43130733 p.mac            x14, x6, x17        x14=000d3630 x14:000bbfe0  x6:00001765 x17:00000010
20609433ns          349496 1c008192 0046230b p.lw             x6, 4(x12!)          x6=0000184c x12=1000077c x12:10000778  PA:10000778
20609453ns          349497 1c008196 2078788b p.lw             x17, x7(x16!)       x17=00000008 x16=100003c8  x7:00000020 x16:100003a8  PA:100003a8
20609493ns          349499 1c00819a 43130733 p.mac            x14, x6, x17        x14=000df890 x14:000d3630  x6:0000184c x17:00000008
20609513ns          349500 1c008192 0046230b p.lw             x6, 4(x12!)          x6=00001933 x12=10000780 x12:1000077c  PA:1000077c
20609533ns          349501 1c008196 2078788b p.lw             x17, x7(x16!)       x17=00000000 x16=100003e8  x7:00000020 x16:100003c8  PA:100003c8
20609573ns          349503 1c00819a 43130733 p.mac            x14, x6, x17        x14=000df890 x14:000df890  x6:00001933 x17:00000000
20609593ns          349504 1c008192 0046230b p.lw             x6, 4(x12!)          x6=00001a1a x12=10000784 x12:10000780  PA:10000780
20609612ns          349505 1c008196 2078788b p.lw             x17, x7(x16!)       x17=fffffff8 x16=10000408  x7:00000020 x16:100003e8  PA:100003e8
20609652ns          349507 1c00819a 43130733 p.mac            x14, x6, x17        x14=000d27c0 x14:000df890  x6:00001a1a x17:fffffff8
20609672ns          349508 1c00819e 00ef222b p.sw             x14, 4(x30!)        x30=10000e6c x14:000d27c0 x30:10000e68  PA:10000e68
20609692ns          349509 1c0081a2 004e8e93 addi             x29, x29, 4         x29=1000030c x29:10000308
20609732ns          349511 1c00817e 40af87b3 sub              x15, x31, x10       x15=00000020 x31:10000784 x10:10000764
20609752ns          349512 1c008182 ffc78793 addi             x15, x15, -4        x15=0000001c x15:00000020
20609772ns          349513 1c008184 0027d793 srli             x15, x15, 0x2       x15=00000007 x15:0000001c
20609791ns          349514 1c008186 01d00833 add              x16, x0, x29        x16=1000030c x29:1000030c
20609811ns          349515 1c008188 00a00633 add              x12, x0, x10        x12=10000764 x10:10000764
20609831ns          349516 1c00818a 00000713 addi             x14, x0, 0          x14=00000000
20609851ns          349517 1c00818c 00178793 addi             x15, x15, 1         x15=00000008 x15:00000007
20609871ns          349518 1c00818e 0067c0fb lp.setup         0x1, x15, 0x6       x15:00000008
20609891ns          349519 1c008192 0046230b p.lw             x6, 4(x12!)          x6=000013c9 x12=10000768 x12:10000764  PA:10000764
20609911ns          349520 1c008196 2078788b p.lw             x17, x7(x16!)       x17=0000002f x16=1000032c  x7:00000020 x16:1000030c  PA:1000030c
20609951ns          349522 1c00819a 43130733 p.mac            x14, x6, x17        x14=0003a1e7 x14:00000000  x6:000013c9 x17:0000002f
20609970ns          349523 1c008192 0046230b p.lw             x6, 4(x12!)          x6=000014b0 x12=1000076c x12:10000768  PA:10000768
20609990ns          349524 1c008196 2078788b p.lw             x17, x7(x16!)       x17=00000027 x16=1000034c  x7:00000020 x16:1000032c  PA:1000032c
20610030ns          349526 1c00819a 43130733 p.mac            x14, x6, x17        x14=0006c8b7 x14:0003a1e7  x6:000014b0 x17:00000027
20610050ns          349527 1c008192 0046230b p.lw             x6, 4(x12!)          x6=00001597 x12=10000770 x12:1000076c  PA:1000076c
20610070ns          349528 1c008196 2078788b p.lw             x17, x7(x16!)       x17=0000001f x16=1000036c  x7:00000020 x16:1000034c  PA:1000034c
20610110ns          349530 1c00819a 43130733 p.mac            x14, x6, x17        x14=00096600 x14:0006c8b7  x6:00001597 x17:0000001f
20610130ns          349531 1c008192 0046230b p.lw             x6, 4(x12!)          x6=0000167e x12=10000774 x12:10000770  PA:10000770
20610149ns          349532 1c008196 2078788b p.lw             x17, x7(x16!)       x17=00000017 x16=1000038c  x7:00000020 x16:1000036c  PA:1000036c
20610189ns          349534 1c00819a 43130733 p.mac            x14, x6, x17        x14=000b6b52 x14:00096600  x6:0000167e x17:00000017
20610209ns          349535 1c008192 0046230b p.lw             x6, 4(x12!)          x6=00001765 x12=10000778 x12:10000774  PA:10000774
20610229ns          349536 1c008196 2078788b p.lw             x17, x7(x16!)       x17=0000000f x16=100003ac  x7:00000020 x16:1000038c  PA:1000038c
20610269ns          349538 1c00819a 43130733 p.mac            x14, x6, x17        x14=000cca3d x14:000b6b52  x6:00001765 x17:0000000f
20610289ns          349539 1c008192 0046230b p.lw             x6, 4(x12!)          x6=0000184c x12=1000077c x12:10000778  PA:10000778
20610309ns          349540 1c008196 2078788b p.lw             x17, x7(x16!)       x17=00000007 x16=100003cc  x7:00000020 x16:100003ac  PA:100003ac
20610348ns          349542 1c00819a 43130733 p.mac            x14, x6, x17        x14=000d7451 x14:000cca3d  x6:0000184c x17:00000007
20610368ns          349543 1c008192 0046230b p.lw             x6, 4(x12!)          x6=00001933 x12=10000780 x12:1000077c  PA:1000077c
20610388ns          349544 1c008196 2078788b p.lw             x17, x7(x16!)       x17=ffffffff x16=100003ec  x7:00000020 x16:100003cc  PA:100003cc
20610428ns          349546 1c00819a 43130733 p.mac            x14, x6, x17        x14=000d5b1e x14:000d7451  x6:00001933 x17:ffffffff
20610448ns          349547 1c008192 0046230b p.lw             x6, 4(x12!)          x6=00001a1a x12=10000784 x12:10000780  PA:10000780
20610468ns          349548 1c008196 2078788b p.lw             x17, x7(x16!)       x17=fffffff7 x16=1000040c  x7:00000020 x16:100003ec  PA:100003ec
20610507ns          349550 1c00819a 43130733 p.mac            x14, x6, x17        x14=000c7034 x14:000d5b1e  x6:00001a1a x17:fffffff7
20610527ns          349551 1c00819e 00ef222b p.sw             x14, 4(x30!)        x30=10000e70 x14:000c7034 x30:10000e6c  PA:10000e6c
20610547ns          349552 1c0081a2 004e8e93 addi             x29, x29, 4         x29=10000310 x29:1000030c
20610587ns          349554 1c00817e 40af87b3 sub              x15, x31, x10       x15=00000020 x31:10000784 x10:10000764
20610607ns          349555 1c008182 ffc78793 addi             x15, x15, -4        x15=0000001c x15:00000020
20610627ns          349556 1c008184 0027d793 srli             x15, x15, 0x2       x15=00000007 x15:0000001c
20610647ns          349557 1c008186 01d00833 add              x16, x0, x29        x16=10000310 x29:10000310
20610667ns          349558 1c008188 00a00633 add              x12, x0, x10        x12=10000764 x10:10000764
20610687ns          349559 1c00818a 00000713 addi             x14, x0, 0          x14=00000000
20610706ns          349560 1c00818c 00178793 addi             x15, x15, 1         x15=00000008 x15:00000007
20610726ns          349561 1c00818e 0067c0fb lp.setup         0x1, x15, 0x6       x15:00000008
20610746ns          349562 1c008192 0046230b p.lw             x6, 4(x12!)          x6=000013c9 x12=10000768 x12:10000764  PA:10000764
20610766ns          349563 1c008196 2078788b p.lw             x17, x7(x16!)       x17=0000002e x16=10000330  x7:00000020 x16:10000310  PA:10000310
20610806ns          349565 1c00819a 43130733 p.mac            x14, x6, x17        x14=00038e1e x14:00000000  x6:000013c9 x17:0000002e
20610826ns          349566 1c008192 0046230b p.lw             x6, 4(x12!)          x6=000014b0 x12=1000076c x12:10000768  PA:10000768
20610846ns          349567 1c008196 2078788b p.lw             x17, x7(x16!)       x17=00000026 x16=10000350  x7:00000020 x16:10000330  PA:10000330
20610885ns          349569 1c00819a 43130733 p.mac            x14, x6, x17        x14=0006a03e x14:00038e1e  x6:000014b0 x17:00000026
20610905ns          349570 1c008192 0046230b p.lw             x6, 4(x12!)          x6=00001597 x12=10000770 x12:1000076c  PA:1000076c
20610925ns          349571 1c008196 2078788b p.lw             x17, x7(x16!)       x17=0000001e x16=10000370  x7:00000020 x16:10000350  PA:10000350
20610965ns          349573 1c00819a 43130733 p.mac            x14, x6, x17        x14=000927f0 x14:0006a03e  x6:00001597 x17:0000001e
20610985ns          349574 1c008192 0046230b p.lw             x6, 4(x12!)          x6=0000167e x12=10000774 x12:10000770  PA:10000770
20611005ns          349575 1c008196 2078788b p.lw             x17, x7(x16!)       x17=00000016 x16=10000390  x7:00000020 x16:10000370  PA:10000370
20611045ns          349577 1c00819a 43130733 p.mac            x14, x6, x17        x14=000b16c4 x14:000927f0  x6:0000167e x17:00000016
20611064ns          349578 1c008192 0046230b p.lw             x6, 4(x12!)          x6=00001765 x12=10000778 x12:10000774  PA:10000774
20611084ns          349579 1c008196 2078788b p.lw             x17, x7(x16!)       x17=0000000e x16=100003b0  x7:00000020 x16:10000390  PA:10000390
20611124ns          349581 1c00819a 43130733 p.mac            x14, x6, x17        x14=000c5e4a x14:000b16c4  x6:00001765 x17:0000000e
20611144ns          349582 1c008192 0046230b p.lw             x6, 4(x12!)          x6=0000184c x12=1000077c x12:10000778  PA:10000778
20611164ns          349583 1c008196 2078788b p.lw             x17, x7(x16!)       x17=00000006 x16=100003d0  x7:00000020 x16:100003b0  PA:100003b0
20611204ns          349585 1c00819a 43130733 p.mac            x14, x6, x17        x14=000cf012 x14:000c5e4a  x6:0000184c x17:00000006
20611224ns          349586 1c008192 0046230b p.lw             x6, 4(x12!)          x6=00001933 x12=10000780 x12:1000077c  PA:1000077c
20611243ns          349587 1c008196 2078788b p.lw             x17, x7(x16!)       x17=fffffffe x16=100003f0  x7:00000020 x16:100003d0  PA:100003d0
20611283ns          349589 1c00819a 43130733 p.mac            x14, x6, x17        x14=000cbdac x14:000cf012  x6:00001933 x17:fffffffe
20611303ns          349590 1c008192 0046230b p.lw             x6, 4(x12!)          x6=00001a1a x12=10000784 x12:10000780  PA:10000780
20611323ns          349591 1c008196 2078788b p.lw             x17, x7(x16!)       x17=fffffff6 x16=10000410  x7:00000020 x16:100003f0  PA:100003f0
20611363ns          349593 1c00819a 43130733 p.mac            x14, x6, x17        x14=000bb8a8 x14:000cbdac  x6:00001a1a x17:fffffff6
20611383ns          349594 1c00819e 00ef222b p.sw             x14, 4(x30!)        x30=10000e74 x14:000bb8a8 x30:10000e70  PA:10000e70
20611403ns          349595 1c0081a2 004e8e93 addi             x29, x29, 4         x29=10000314 x29:10000310
20611442ns          349597 1c00817e 40af87b3 sub              x15, x31, x10       x15=00000020 x31:10000784 x10:10000764
20611462ns          349598 1c008182 ffc78793 addi             x15, x15, -4        x15=0000001c x15:00000020
20611482ns          349599 1c008184 0027d793 srli             x15, x15, 0x2       x15=00000007 x15:0000001c
20611502ns          349600 1c008186 01d00833 add              x16, x0, x29        x16=10000314 x29:10000314
20611522ns          349601 1c008188 00a00633 add              x12, x0, x10        x12=10000764 x10:10000764
20611542ns          349602 1c00818a 00000713 addi             x14, x0, 0          x14=00000000
20611562ns          349603 1c00818c 00178793 addi             x15, x15, 1         x15=00000008 x15:00000007
20611582ns          349604 1c00818e 0067c0fb lp.setup         0x1, x15, 0x6       x15:00000008
20611601ns          349605 1c008192 0046230b p.lw             x6, 4(x12!)          x6=000013c9 x12=10000768 x12:10000764  PA:10000764
20611621ns          349606 1c008196 2078788b p.lw             x17, x7(x16!)       x17=0000002d x16=10000334  x7:00000020 x16:10000314  PA:10000314
20611661ns          349608 1c00819a 43130733 p.mac            x14, x6, x17        x14=00037a55 x14:00000000  x6:000013c9 x17:0000002d
20611681ns          349609 1c008192 0046230b p.lw             x6, 4(x12!)          x6=000014b0 x12=1000076c x12:10000768  PA:10000768
20611701ns          349610 1c008196 2078788b p.lw             x17, x7(x16!)       x17=00000025 x16=10000354  x7:00000020 x16:10000334  PA:10000334
20611741ns          349612 1c00819a 43130733 p.mac            x14, x6, x17        x14=000677c5 x14:00037a55  x6:000014b0 x17:00000025
20611761ns          349613 1c008192 0046230b p.lw             x6, 4(x12!)          x6=00001597 x12=10000770 x12:1000076c  PA:1000076c
20611780ns          349614 1c008196 2078788b p.lw             x17, x7(x16!)       x17=0000001d x16=10000374  x7:00000020 x16:10000354  PA:10000354
20611820ns          349616 1c00819a 43130733 p.mac            x14, x6, x17        x14=0008e9e0 x14:000677c5  x6:00001597 x17:0000001d
20611840ns          349617 1c008192 0046230b p.lw             x6, 4(x12!)          x6=0000167e x12=10000774 x12:10000770  PA:10000770
20611860ns          349618 1c008196 2078788b p.lw             x17, x7(x16!)       x17=00000015 x16=10000394  x7:00000020 x16:10000374  PA:10000374
20611900ns          349620 1c00819a 43130733 p.mac            x14, x6, x17        x14=000ac236 x14:0008e9e0  x6:0000167e x17:00000015
20611920ns          349621 1c008192 0046230b p.lw             x6, 4(x12!)          x6=00001765 x12=10000778 x12:10000774  PA:10000774
20611940ns          349622 1c008196 2078788b p.lw             x17, x7(x16!)       x17=0000000d x16=100003b4  x7:00000020 x16:10000394  PA:10000394
20611979ns          349624 1c00819a 43130733 p.mac            x14, x6, x17        x14=000bf257 x14:000ac236  x6:00001765 x17:0000000d
20611999ns          349625 1c008192 0046230b p.lw             x6, 4(x12!)          x6=0000184c x12=1000077c x12:10000778  PA:10000778
20612019ns          349626 1c008196 2078788b p.lw             x17, x7(x16!)       x17=00000005 x16=100003d4  x7:00000020 x16:100003b4  PA:100003b4
20612059ns          349628 1c00819a 43130733 p.mac            x14, x6, x17        x14=000c6bd3 x14:000bf257  x6:0000184c x17:00000005
20612079ns          349629 1c008192 0046230b p.lw             x6, 4(x12!)          x6=00001933 x12=10000780 x12:1000077c  PA:1000077c
20612099ns          349630 1c008196 2078788b p.lw             x17, x7(x16!)       x17=fffffffd x16=100003f4  x7:00000020 x16:100003d4  PA:100003d4
20612139ns          349632 1c00819a 43130733 p.mac            x14, x6, x17        x14=000c203a x14:000c6bd3  x6:00001933 x17:fffffffd
20612158ns          349633 1c008192 0046230b p.lw             x6, 4(x12!)          x6=00001a1a x12=10000784 x12:10000780  PA:10000780
20612178ns          349634 1c008196 2078788b p.lw             x17, x7(x16!)       x17=fffffff5 x16=10000414  x7:00000020 x16:100003f4  PA:100003f4
20612218ns          349636 1c00819a 43130733 p.mac            x14, x6, x17        x14=000b011c x14:000c203a  x6:00001a1a x17:fffffff5
20612238ns          349637 1c00819e 00ef222b p.sw             x14, 4(x30!)        x30=10000e78 x14:000b011c x30:10000e74  PA:10000e74
20612258ns          349638 1c0081a2 004e8e93 addi             x29, x29, 4         x29=10000318 x29:10000314
20612298ns          349640 1c00817e 40af87b3 sub              x15, x31, x10       x15=00000020 x31:10000784 x10:10000764
20612318ns          349641 1c008182 ffc78793 addi             x15, x15, -4        x15=0000001c x15:00000020
20612337ns          349642 1c008184 0027d793 srli             x15, x15, 0x2       x15=00000007 x15:0000001c
20612357ns          349643 1c008186 01d00833 add              x16, x0, x29        x16=10000318 x29:10000318
20612377ns          349644 1c008188 00a00633 add              x12, x0, x10        x12=10000764 x10:10000764
20612397ns          349645 1c00818a 00000713 addi             x14, x0, 0          x14=00000000
20612417ns          349646 1c00818c 00178793 addi             x15, x15, 1         x15=00000008 x15:00000007
20612437ns          349647 1c00818e 0067c0fb lp.setup         0x1, x15, 0x6       x15:00000008
20612457ns          349648 1c008192 0046230b p.lw             x6, 4(x12!)          x6=000013c9 x12=10000768 x12:10000764  PA:10000764
20612477ns          349649 1c008196 2078788b p.lw             x17, x7(x16!)       x17=0000002c x16=10000338  x7:00000020 x16:10000318  PA:10000318
20612516ns          349651 1c00819a 43130733 p.mac            x14, x6, x17        x14=0003668c x14:00000000  x6:000013c9 x17:0000002c
20612536ns          349652 1c008192 0046230b p.lw             x6, 4(x12!)          x6=000014b0 x12=1000076c x12:10000768  PA:10000768
20612556ns          349653 1c008196 2078788b p.lw             x17, x7(x16!)       x17=00000024 x16=10000358  x7:00000020 x16:10000338  PA:10000338
20612596ns          349655 1c00819a 43130733 p.mac            x14, x6, x17        x14=00064f4c x14:0003668c  x6:000014b0 x17:00000024
20612616ns          349656 1c008192 0046230b p.lw             x6, 4(x12!)          x6=00001597 x12=10000770 x12:1000076c  PA:1000076c
20612636ns          349657 1c008196 2078788b p.lw             x17, x7(x16!)       x17=0000001c x16=10000378  x7:00000020 x16:10000358  PA:10000358
20612676ns          349659 1c00819a 43130733 p.mac            x14, x6, x17        x14=0008abd0 x14:00064f4c  x6:00001597 x17:0000001c
20612695ns          349660 1c008192 0046230b p.lw             x6, 4(x12!)          x6=0000167e x12=10000774 x12:10000770  PA:10000770
20612715ns          349661 1c008196 2078788b p.lw             x17, x7(x16!)       x17=00000014 x16=10000398  x7:00000020 x16:10000378  PA:10000378
20612755ns          349663 1c00819a 43130733 p.mac            x14, x6, x17        x14=000a6da8 x14:0008abd0  x6:0000167e x17:00000014
20612775ns          349664 1c008192 0046230b p.lw             x6, 4(x12!)          x6=00001765 x12=10000778 x12:10000774  PA:10000774
20612795ns          349665 1c008196 2078788b p.lw             x17, x7(x16!)       x17=0000000c x16=100003b8  x7:00000020 x16:10000398  PA:10000398
20612835ns          349667 1c00819a 43130733 p.mac            x14, x6, x17        x14=000b8664 x14:000a6da8  x6:00001765 x17:0000000c
20612855ns          349668 1c008192 0046230b p.lw             x6, 4(x12!)          x6=0000184c x12=1000077c x12:10000778  PA:10000778
20612894ns          349670 1c008196 2078788b p.lw             x17, x7(x16!)       x17=00000004 x16=100003d8  x7:00000020 x16:100003b8  PA:100003b8
20612934ns          349672 1c00819a 43130733 p.mac            x14, x6, x17        x14=000be794 x14:000b8664  x6:0000184c x17:00000004
20612954ns          349673 1c008192 0046230b p.lw             x6, 4(x12!)          x6=00001933 x12=10000780 x12:1000077c  PA:1000077c
20612974ns          349674 1c008196 2078788b p.lw             x17, x7(x16!)       x17=fffffffc x16=100003f8  x7:00000020 x16:100003d8  PA:100003d8
20613014ns          349676 1c00819a 43130733 p.mac            x14, x6, x17        x14=000b82c8 x14:000be794  x6:00001933 x17:fffffffc
20613034ns          349677 1c008192 0046230b p.lw             x6, 4(x12!)          x6=00001a1a x12=10000784 x12:10000780  PA:10000780
20613054ns          349678 1c008196 2078788b p.lw             x17, x7(x16!)       x17=fffffff4 x16=10000418  x7:00000020 x16:100003f8  PA:100003f8
20613093ns          349680 1c00819a 43130733 p.mac            x14, x6, x17        x14=000a4990 x14:000b82c8  x6:00001a1a x17:fffffff4
20613113ns          349681 1c00819e 00ef222b p.sw             x14, 4(x30!)        x30=10000e7c x14:000a4990 x30:10000e78  PA:10000e78
20613133ns          349682 1c0081a2 004e8e93 addi             x29, x29, 4         x29=1000031c x29:10000318
20613173ns          349684 1c00817e 40af87b3 sub              x15, x31, x10       x15=00000020 x31:10000784 x10:10000764
20613193ns          349685 1c008182 ffc78793 addi             x15, x15, -4        x15=0000001c x15:00000020
20613213ns          349686 1c008184 0027d793 srli             x15, x15, 0x2       x15=00000007 x15:0000001c
20613233ns          349687 1c008186 01d00833 add              x16, x0, x29        x16=1000031c x29:1000031c
20613252ns          349688 1c008188 00a00633 add              x12, x0, x10        x12=10000764 x10:10000764
20613272ns          349689 1c00818a 00000713 addi             x14, x0, 0          x14=00000000
20613292ns          349690 1c00818c 00178793 addi             x15, x15, 1         x15=00000008 x15:00000007
20613312ns          349691 1c00818e 0067c0fb lp.setup         0x1, x15, 0x6       x15:00000008
20613332ns          349692 1c008192 0046230b p.lw             x6, 4(x12!)          x6=000013c9 x12=10000768 x12:10000764  PA:10000764
20613352ns          349693 1c008196 2078788b p.lw             x17, x7(x16!)       x17=0000002b x16=1000033c  x7:00000020 x16:1000031c  PA:1000031c
20613392ns          349695 1c00819a 43130733 p.mac            x14, x6, x17        x14=000352c3 x14:00000000  x6:000013c9 x17:0000002b
20613412ns          349696 1c008192 0046230b p.lw             x6, 4(x12!)          x6=000014b0 x12=1000076c x12:10000768  PA:10000768
20613431ns          349697 1c008196 2078788b p.lw             x17, x7(x16!)       x17=00000023 x16=1000035c  x7:00000020 x16:1000033c  PA:1000033c
20613471ns          349699 1c00819a 43130733 p.mac            x14, x6, x17        x14=000626d3 x14:000352c3  x6:000014b0 x17:00000023
20613491ns          349700 1c008192 0046230b p.lw             x6, 4(x12!)          x6=00001597 x12=10000770 x12:1000076c  PA:1000076c
20613511ns          349701 1c008196 2078788b p.lw             x17, x7(x16!)       x17=0000001b x16=1000037c  x7:00000020 x16:1000035c  PA:1000035c
20613551ns          349703 1c00819a 43130733 p.mac            x14, x6, x17        x14=00086dc0 x14:000626d3  x6:00001597 x17:0000001b
20613571ns          349704 1c008192 0046230b p.lw             x6, 4(x12!)          x6=0000167e x12=10000774 x12:10000770  PA:10000770
20613591ns          349705 1c008196 2078788b p.lw             x17, x7(x16!)       x17=00000013 x16=1000039c  x7:00000020 x16:1000037c  PA:1000037c
20613630ns          349707 1c00819a 43130733 p.mac            x14, x6, x17        x14=000a191a x14:00086dc0  x6:0000167e x17:00000013
20613650ns          349708 1c008192 0046230b p.lw             x6, 4(x12!)          x6=00001765 x12=10000778 x12:10000774  PA:10000774
20613670ns          349709 1c008196 2078788b p.lw             x17, x7(x16!)       x17=0000000b x16=100003bc  x7:00000020 x16:1000039c  PA:1000039c
20613710ns          349711 1c00819a 43130733 p.mac            x14, x6, x17        x14=000b1a71 x14:000a191a  x6:00001765 x17:0000000b
20613730ns          349712 1c008192 0046230b p.lw             x6, 4(x12!)          x6=0000184c x12=1000077c x12:10000778  PA:10000778
20613750ns          349713 1c008196 2078788b p.lw             x17, x7(x16!)       x17=00000003 x16=100003dc  x7:00000020 x16:100003bc  PA:100003bc
20613789ns          349715 1c00819a 43130733 p.mac            x14, x6, x17        x14=000b6355 x14:000b1a71  x6:0000184c x17:00000003
20613809ns          349716 1c008192 0046230b p.lw             x6, 4(x12!)          x6=00001933 x12=10000780 x12:1000077c  PA:1000077c
20613829ns          349717 1c008196 2078788b p.lw             x17, x7(x16!)       x17=fffffffb x16=100003fc  x7:00000020 x16:100003dc  PA:100003dc
20613869ns          349719 1c00819a 43130733 p.mac            x14, x6, x17        x14=000ae556 x14:000b6355  x6:00001933 x17:fffffffb
20613889ns          349720 1c008192 0046230b p.lw             x6, 4(x12!)          x6=00001a1a x12=10000784 x12:10000780  PA:10000780
20613909ns          349721 1c008196 2078788b p.lw             x17, x7(x16!)       x17=fffffff3 x16=1000041c  x7:00000020 x16:100003fc  PA:100003fc
20613949ns          349723 1c00819a 43130733 p.mac            x14, x6, x17        x14=00099204 x14:000ae556  x6:00001a1a x17:fffffff3
20613968ns          349724 1c00819e 00ef222b p.sw             x14, 4(x30!)        x30=10000e80 x14:00099204 x30:10000e7c  PA:10000e7c
20613988ns          349725 1c0081a2 004e8e93 addi             x29, x29, 4         x29=10000320 x29:1000031c
20614028ns          349727 1c00817e 40af87b3 sub              x15, x31, x10       x15=00000020 x31:10000784 x10:10000764
20614048ns          349728 1c008182 ffc78793 addi             x15, x15, -4        x15=0000001c x15:00000020
20614068ns          349729 1c008184 0027d793 srli             x15, x15, 0x2       x15=00000007 x15:0000001c
20614088ns          349730 1c008186 01d00833 add              x16, x0, x29        x16=10000320 x29:10000320
20614108ns          349731 1c008188 00a00633 add              x12, x0, x10        x12=10000764 x10:10000764
20614128ns          349732 1c00818a 00000713 addi             x14, x0, 0          x14=00000000
20614147ns          349733 1c00818c 00178793 addi             x15, x15, 1         x15=00000008 x15:00000007
20614167ns          349734 1c00818e 0067c0fb lp.setup         0x1, x15, 0x6       x15:00000008
20614187ns          349735 1c008192 0046230b p.lw             x6, 4(x12!)          x6=000013c9 x12=10000768 x12:10000764  PA:10000764
20614207ns          349736 1c008196 2078788b p.lw             x17, x7(x16!)       x17=0000002a x16=10000340  x7:00000020 x16:10000320  PA:10000320
20614247ns          349738 1c00819a 43130733 p.mac            x14, x6, x17        x14=00033efa x14:00000000  x6:000013c9 x17:0000002a
20614267ns          349739 1c008192 0046230b p.lw             x6, 4(x12!)          x6=000014b0 x12=1000076c x12:10000768  PA:10000768
20614287ns          349740 1c008196 2078788b p.lw             x17, x7(x16!)       x17=00000022 x16=10000360  x7:00000020 x16:10000340  PA:10000340
20614327ns          349742 1c00819a 43130733 p.mac            x14, x6, x17        x14=0005fe5a x14:00033efa  x6:000014b0 x17:00000022
20614346ns          349743 1c008192 0046230b p.lw             x6, 4(x12!)          x6=00001597 x12=10000770 x12:1000076c  PA:1000076c
20614366ns          349744 1c008196 2078788b p.lw             x17, x7(x16!)       x17=0000001a x16=10000380  x7:00000020 x16:10000360  PA:10000360
20614406ns          349746 1c00819a 43130733 p.mac            x14, x6, x17        x14=00082fb0 x14:0005fe5a  x6:00001597 x17:0000001a
20614426ns          349747 1c008192 0046230b p.lw             x6, 4(x12!)          x6=0000167e x12=10000774 x12:10000770  PA:10000770
20614446ns          349748 1c008196 2078788b p.lw             x17, x7(x16!)       x17=00000012 x16=100003a0  x7:00000020 x16:10000380  PA:10000380
20614486ns          349750 1c00819a 43130733 p.mac            x14, x6, x17        x14=0009c48c x14:00082fb0  x6:0000167e x17:00000012
20614506ns          349751 1c008192 0046230b p.lw             x6, 4(x12!)          x6=00001765 x12=10000778 x12:10000774  PA:10000774
20614525ns          349752 1c008196 2078788b p.lw             x17, x7(x16!)       x17=0000000a x16=100003c0  x7:00000020 x16:100003a0  PA:100003a0
20614565ns          349754 1c00819a 43130733 p.mac            x14, x6, x17        x14=000aae7e x14:0009c48c  x6:00001765 x17:0000000a
20614585ns          349755 1c008192 0046230b p.lw             x6, 4(x12!)          x6=0000184c x12=1000077c x12:10000778  PA:10000778
20614605ns          349756 1c008196 2078788b p.lw             x17, x7(x16!)       x17=00000002 x16=100003e0  x7:00000020 x16:100003c0  PA:100003c0
20614645ns          349758 1c00819a 43130733 p.mac            x14, x6, x17        x14=000adf16 x14:000aae7e  x6:0000184c x17:00000002
20614665ns          349759 1c008192 0046230b p.lw             x6, 4(x12!)          x6=00001933 x12=10000780 x12:1000077c  PA:1000077c
20614685ns          349760 1c008196 2078788b p.lw             x17, x7(x16!)       x17=fffffffa x16=10000400  x7:00000020 x16:100003e0  PA:100003e0
20614724ns          349762 1c00819a 43130733 p.mac            x14, x6, x17        x14=000a47e4 x14:000adf16  x6:00001933 x17:fffffffa
20614744ns          349763 1c008192 0046230b p.lw             x6, 4(x12!)          x6=00001a1a x12=10000784 x12:10000780  PA:10000780
20614764ns          349764 1c008196 2078788b p.lw             x17, x7(x16!)       x17=fffffff2 x16=10000420  x7:00000020 x16:10000400  PA:10000400
20614804ns          349766 1c00819a 43130733 p.mac            x14, x6, x17        x14=0008da78 x14:000a47e4  x6:00001a1a x17:fffffff2
20614824ns          349767 1c00819e 00ef222b p.sw             x14, 4(x30!)        x30=10000e84 x14:0008da78 x30:10000e80  PA:10000e80
20614844ns          349768 1c0081a2 004e8e93 addi             x29, x29, 4         x29=10000324 x29:10000320
20614864ns          349769 1c0081a4 00128293 addi             x5, x5, 1            x5=00000004  x5:00000003
20614883ns          349770 1c0081a6 00750533 add              x10, x10, x7        x10=10000784 x10:10000764  x7:00000020
20614903ns          349771 1c0081a8 007f8fb3 add              x31, x31, x7        x31=100007a4 x31:10000784  x7:00000020
20614923ns          349772 1c0081aa fa569fe3 bne              x13, x5, -66        x13:00000008  x5:00000004
20614983ns          349775 1c008168 40b48e33 sub              x28, x9, x11        x28=00000020  x9:10000324 x11:10000304
20615003ns          349776 1c00816c ffce0e13 addi             x28, x28, -4        x28=0000001c x28:00000020
20615023ns          349777 1c00816e 002e5e13 srli             x28, x28, 0x2       x28=00000007 x28:0000001c
20615043ns          349778 1c008172 008f8f33 add              x30, x31, x8        x30=10000e84 x31:100007a4  x8:000006e0
20615062ns          349779 1c008176 00b00eb3 add              x29, x0, x11        x29=10000304 x11:10000304
20615082ns          349780 1c008178 001e0e13 addi             x28, x28, 1         x28=00000008 x28:00000007
20615102ns          349781 1c00817a 014e407b lp.setup         0x0, x28, 0x14      x28:00000008
20615122ns          349782 1c00817e 40af87b3 sub              x15, x31, x10       x15=00000020 x31:100007a4 x10:10000784
20615142ns          349783 1c008182 ffc78793 addi             x15, x15, -4        x15=0000001c x15:00000020
20615162ns          349784 1c008184 0027d793 srli             x15, x15, 0x2       x15=00000007 x15:0000001c
20615182ns          349785 1c008186 01d00833 add              x16, x0, x29        x16=10000304 x29:10000304
20615202ns          349786 1c008188 00a00633 add              x12, x0, x10        x12=10000784 x10:10000784
20615222ns          349787 1c00818a 00000713 addi             x14, x0, 0          x14=00000000
20615241ns          349788 1c00818c 00178793 addi             x15, x15, 1         x15=00000008 x15:00000007
20615261ns          349789 1c00818e 0067c0fb lp.setup         0x1, x15, 0x6       x15:00000008
20615281ns          349790 1c008192 0046230b p.lw             x6, 4(x12!)          x6=00001d41 x12=10000788 x12:10000784  PA:10000784
20615301ns          349791 1c008196 2078788b p.lw             x17, x7(x16!)       x17=00000031 x16=10000324  x7:00000020 x16:10000304  PA:10000304
20615341ns          349793 1c00819a 43130733 p.mac            x14, x6, x17        x14=00059971 x14:00000000  x6:00001d41 x17:00000031
20615361ns          349794 1c008192 0046230b p.lw             x6, 4(x12!)          x6=00001ea8 x12=1000078c x12:10000788  PA:10000788
20615381ns          349795 1c008196 2078788b p.lw             x17, x7(x16!)       x17=00000029 x16=10000344  x7:00000020 x16:10000324  PA:10000324
20615421ns          349797 1c00819a 43130733 p.mac            x14, x6, x17        x14=000a8259 x14:00059971  x6:00001ea8 x17:00000029
20615440ns          349798 1c008192 0046230b p.lw             x6, 4(x12!)          x6=0000200f x12=10000790 x12:1000078c  PA:1000078c
20615460ns          349799 1c008196 2078788b p.lw             x17, x7(x16!)       x17=00000021 x16=10000364  x7:00000020 x16:10000344  PA:10000344
20615500ns          349801 1c00819a 43130733 p.mac            x14, x6, x17        x14=000ea448 x14:000a8259  x6:0000200f x17:00000021
20615520ns          349802 1c008192 0046230b p.lw             x6, 4(x12!)          x6=00002176 x12=10000794 x12:10000790  PA:10000790
20615540ns          349803 1c008196 2078788b p.lw             x17, x7(x16!)       x17=00000019 x16=10000384  x7:00000020 x16:10000364  PA:10000364
20615580ns          349805 1c00819a 43130733 p.mac            x14, x6, x17        x14=0011e8ce x14:000ea448  x6:00002176 x17:00000019
20615600ns          349806 1c008192 0046230b p.lw             x6, 4(x12!)          x6=000022dd x12=10000798 x12:10000794  PA:10000794
20615619ns          349807 1c008196 2078788b p.lw             x17, x7(x16!)       x17=00000011 x16=100003a4  x7:00000020 x16:10000384  PA:10000384
20615659ns          349809 1c00819a 43130733 p.mac            x14, x6, x17        x14=0014397b x14:0011e8ce  x6:000022dd x17:00000011
20615679ns          349810 1c008192 0046230b p.lw             x6, 4(x12!)          x6=00002444 x12=1000079c x12:10000798  PA:10000798
20615699ns          349811 1c008196 2078788b p.lw             x17, x7(x16!)       x17=00000009 x16=100003c4  x7:00000020 x16:100003a4  PA:100003a4
20615739ns          349813 1c00819a 43130733 p.mac            x14, x6, x17        x14=00157fdf x14:0014397b  x6:00002444 x17:00000009
20615759ns          349814 1c008192 0046230b p.lw             x6, 4(x12!)          x6=000025ab x12=100007a0 x12:1000079c  PA:1000079c
20615779ns          349815 1c008196 2078788b p.lw             x17, x7(x16!)       x17=00000001 x16=100003e4  x7:00000020 x16:100003c4  PA:100003c4
20615818ns          349817 1c00819a 43130733 p.mac            x14, x6, x17        x14=0015a58a x14:00157fdf  x6:000025ab x17:00000001
20615838ns          349818 1c008192 0046230b p.lw             x6, 4(x12!)          x6=00002712 x12=100007a4 x12:100007a0  PA:100007a0
20615858ns          349819 1c008196 2078788b p.lw             x17, x7(x16!)       x17=fffffff9 x16=10000404  x7:00000020 x16:100003e4  PA:100003e4
20615898ns          349821 1c00819a 43130733 p.mac            x14, x6, x17        x14=0014940c x14:0015a58a  x6:00002712 x17:fffffff9
20615918ns          349822 1c00819e 00ef222b p.sw             x14, 4(x30!)        x30=10000e88 x14:0014940c x30:10000e84  PA:10000e84
20615938ns          349823 1c0081a2 004e8e93 addi             x29, x29, 4         x29=10000308 x29:10000304
20615977ns          349825 1c00817e 40af87b3 sub              x15, x31, x10       x15=00000020 x31:100007a4 x10:10000784
20615997ns          349826 1c008182 ffc78793 addi             x15, x15, -4        x15=0000001c x15:00000020
20616017ns          349827 1c008184 0027d793 srli             x15, x15, 0x2       x15=00000007 x15:0000001c
20616037ns          349828 1c008186 01d00833 add              x16, x0, x29        x16=10000308 x29:10000308
20616057ns          349829 1c008188 00a00633 add              x12, x0, x10        x12=10000784 x10:10000784
20616077ns          349830 1c00818a 00000713 addi             x14, x0, 0          x14=00000000
20616097ns          349831 1c00818c 00178793 addi             x15, x15, 1         x15=00000008 x15:00000007
20616117ns          349832 1c00818e 0067c0fb lp.setup         0x1, x15, 0x6       x15:00000008
20616137ns          349833 1c008192 0046230b p.lw             x6, 4(x12!)          x6=00001d41 x12=10000788 x12:10000784  PA:10000784
20616156ns          349834 1c008196 2078788b p.lw             x17, x7(x16!)       x17=00000030 x16=10000328  x7:00000020 x16:10000308  PA:10000308
20616196ns          349836 1c00819a 43130733 p.mac            x14, x6, x17        x14=00057c30 x14:00000000  x6:00001d41 x17:00000030
20616216ns          349837 1c008192 0046230b p.lw             x6, 4(x12!)          x6=00001ea8 x12=1000078c x12:10000788  PA:10000788
20616236ns          349838 1c008196 2078788b p.lw             x17, x7(x16!)       x17=00000028 x16=10000348  x7:00000020 x16:10000328  PA:10000328
20616276ns          349840 1c00819a 43130733 p.mac            x14, x6, x17        x14=000a4670 x14:00057c30  x6:00001ea8 x17:00000028
20616296ns          349841 1c008192 0046230b p.lw             x6, 4(x12!)          x6=0000200f x12=10000790 x12:1000078c  PA:1000078c
20616316ns          349842 1c008196 2078788b p.lw             x17, x7(x16!)       x17=00000020 x16=10000368  x7:00000020 x16:10000348  PA:10000348
20616355ns          349844 1c00819a 43130733 p.mac            x14, x6, x17        x14=000e4850 x14:000a4670  x6:0000200f x17:00000020
20616375ns          349845 1c008192 0046230b p.lw             x6, 4(x12!)          x6=00002176 x12=10000794 x12:10000790  PA:10000790
20616395ns          349846 1c008196 2078788b p.lw             x17, x7(x16!)       x17=00000018 x16=10000388  x7:00000020 x16:10000368  PA:10000368
20616435ns          349848 1c00819a 43130733 p.mac            x14, x6, x17        x14=00116b60 x14:000e4850  x6:00002176 x17:00000018
20616455ns          349849 1c008192 0046230b p.lw             x6, 4(x12!)          x6=000022dd x12=10000798 x12:10000794  PA:10000794
20616475ns          349850 1c008196 2078788b p.lw             x17, x7(x16!)       x17=00000010 x16=100003a8  x7:00000020 x16:10000388  PA:10000388
20616514ns          349852 1c00819a 43130733 p.mac            x14, x6, x17        x14=00139930 x14:00116b60  x6:000022dd x17:00000010
20616534ns          349853 1c008192 0046230b p.lw             x6, 4(x12!)          x6=00002444 x12=1000079c x12:10000798  PA:10000798
20616554ns          349854 1c008196 2078788b p.lw             x17, x7(x16!)       x17=00000008 x16=100003c8  x7:00000020 x16:100003a8  PA:100003a8
20616594ns          349856 1c00819a 43130733 p.mac            x14, x6, x17        x14=0014bb50 x14:00139930  x6:00002444 x17:00000008
20616614ns          349857 1c008192 0046230b p.lw             x6, 4(x12!)          x6=000025ab x12=100007a0 x12:1000079c  PA:1000079c
20616634ns          349858 1c008196 2078788b p.lw             x17, x7(x16!)       x17=00000000 x16=100003e8  x7:00000020 x16:100003c8  PA:100003c8
20616674ns          349860 1c00819a 43130733 p.mac            x14, x6, x17        x14=0014bb50 x14:0014bb50  x6:000025ab x17:00000000
20616694ns          349861 1c008192 0046230b p.lw             x6, 4(x12!)          x6=00002712 x12=100007a4 x12:100007a0  PA:100007a0
20616713ns          349862 1c008196 2078788b p.lw             x17, x7(x16!)       x17=fffffff8 x16=10000408  x7:00000020 x16:100003e8  PA:100003e8
20616753ns          349864 1c00819a 43130733 p.mac            x14, x6, x17        x14=001382c0 x14:0014bb50  x6:00002712 x17:fffffff8
20616773ns          349865 1c00819e 00ef222b p.sw             x14, 4(x30!)        x30=10000e8c x14:001382c0 x30:10000e88  PA:10000e88
20616793ns          349866 1c0081a2 004e8e93 addi             x29, x29, 4         x29=1000030c x29:10000308
20616833ns          349868 1c00817e 40af87b3 sub              x15, x31, x10       x15=00000020 x31:100007a4 x10:10000784
20616853ns          349869 1c008182 ffc78793 addi             x15, x15, -4        x15=0000001c x15:00000020
20616873ns          349870 1c008184 0027d793 srli             x15, x15, 0x2       x15=00000007 x15:0000001c
20616892ns          349871 1c008186 01d00833 add              x16, x0, x29        x16=1000030c x29:1000030c
20616912ns          349872 1c008188 00a00633 add              x12, x0, x10        x12=10000784 x10:10000784
20616932ns          349873 1c00818a 00000713 addi             x14, x0, 0          x14=00000000
20616952ns          349874 1c00818c 00178793 addi             x15, x15, 1         x15=00000008 x15:00000007
20616972ns          349875 1c00818e 0067c0fb lp.setup         0x1, x15, 0x6       x15:00000008
20616992ns          349876 1c008192 0046230b p.lw             x6, 4(x12!)          x6=00001d41 x12=10000788 x12:10000784  PA:10000784
20617012ns          349877 1c008196 2078788b p.lw             x17, x7(x16!)       x17=0000002f x16=1000032c  x7:00000020 x16:1000030c  PA:1000030c
20617052ns          349879 1c00819a 43130733 p.mac            x14, x6, x17        x14=00055eef x14:00000000  x6:00001d41 x17:0000002f
20617071ns          349880 1c008192 0046230b p.lw             x6, 4(x12!)          x6=00001ea8 x12=1000078c x12:10000788  PA:10000788
20617091ns          349881 1c008196 2078788b p.lw             x17, x7(x16!)       x17=00000027 x16=1000034c  x7:00000020 x16:1000032c  PA:1000032c
20617131ns          349883 1c00819a 43130733 p.mac            x14, x6, x17        x14=000a0a87 x14:00055eef  x6:00001ea8 x17:00000027
20617151ns          349884 1c008192 0046230b p.lw             x6, 4(x12!)          x6=0000200f x12=10000790 x12:1000078c  PA:1000078c
20617171ns          349885 1c008196 2078788b p.lw             x17, x7(x16!)       x17=0000001f x16=1000036c  x7:00000020 x16:1000034c  PA:1000034c
20617211ns          349887 1c00819a 43130733 p.mac            x14, x6, x17        x14=000dec58 x14:000a0a87  x6:0000200f x17:0000001f
20617231ns          349888 1c008192 0046230b p.lw             x6, 4(x12!)          x6=00002176 x12=10000794 x12:10000790  PA:10000790
20617250ns          349889 1c008196 2078788b p.lw             x17, x7(x16!)       x17=00000017 x16=1000038c  x7:00000020 x16:1000036c  PA:1000036c
20617290ns          349891 1c00819a 43130733 p.mac            x14, x6, x17        x14=0010edf2 x14:000dec58  x6:00002176 x17:00000017
20617310ns          349892 1c008192 0046230b p.lw             x6, 4(x12!)          x6=000022dd x12=10000798 x12:10000794  PA:10000794
20617330ns          349893 1c008196 2078788b p.lw             x17, x7(x16!)       x17=0000000f x16=100003ac  x7:00000020 x16:1000038c  PA:1000038c
20617370ns          349895 1c00819a 43130733 p.mac            x14, x6, x17        x14=0012f8e5 x14:0010edf2  x6:000022dd x17:0000000f
20617390ns          349896 1c008192 0046230b p.lw             x6, 4(x12!)          x6=00002444 x12=1000079c x12:10000798  PA:10000798
20617410ns          349897 1c008196 2078788b p.lw             x17, x7(x16!)       x17=00000007 x16=100003cc  x7:00000020 x16:100003ac  PA:100003ac
20617449ns          349899 1c00819a 43130733 p.mac            x14, x6, x17        x14=0013f6c1 x14:0012f8e5  x6:00002444 x17:00000007
20617469ns          349900 1c008192 0046230b p.lw             x6, 4(x12!)          x6=000025ab x12=100007a0 x12:1000079c  PA:1000079c
20617489ns          349901 1c008196 2078788b p.lw             x17, x7(x16!)       x17=ffffffff x16=100003ec  x7:00000020 x16:100003cc  PA:100003cc
20617529ns          349903 1c00819a 43130733 p.mac            x14, x6, x17        x14=0013d116 x14:0013f6c1  x6:000025ab x17:ffffffff
20617549ns          349904 1c008192 0046230b p.lw             x6, 4(x12!)          x6=00002712 x12=100007a4 x12:100007a0  PA:100007a0
20617569ns          349905 1c008196 2078788b p.lw             x17, x7(x16!)       x17=fffffff7 x16=1000040c  x7:00000020 x16:100003ec  PA:100003ec
20617608ns          349907 1c00819a 43130733 p.mac            x14, x6, x17        x14=00127174 x14:0013d116  x6:00002712 x17:fffffff7
20617628ns          349908 1c00819e 00ef222b p.sw             x14, 4(x30!)        x30=10000e90 x14:00127174 x30:10000e8c  PA:10000e8c
20617648ns          349909 1c0081a2 004e8e93 addi             x29, x29, 4         x29=10000310 x29:1000030c
20617688ns          349911 1c00817e 40af87b3 sub              x15, x31, x10       x15=00000020 x31:100007a4 x10:10000784
20617708ns          349912 1c008182 ffc78793 addi             x15, x15, -4        x15=0000001c x15:00000020
20617728ns          349913 1c008184 0027d793 srli             x15, x15, 0x2       x15=00000007 x15:0000001c
20617748ns          349914 1c008186 01d00833 add              x16, x0, x29        x16=10000310 x29:10000310
20617768ns          349915 1c008188 00a00633 add              x12, x0, x10        x12=10000784 x10:10000784
20617788ns          349916 1c00818a 00000713 addi             x14, x0, 0          x14=00000000
20617807ns          349917 1c00818c 00178793 addi             x15, x15, 1         x15=00000008 x15:00000007
20617827ns          349918 1c00818e 0067c0fb lp.setup         0x1, x15, 0x6       x15:00000008
20617847ns          349919 1c008192 0046230b p.lw             x6, 4(x12!)          x6=00001d41 x12=10000788 x12:10000784  PA:10000784
20617867ns          349920 1c008196 2078788b p.lw             x17, x7(x16!)       x17=0000002e x16=10000330  x7:00000020 x16:10000310  PA:10000310
20617907ns          349922 1c00819a 43130733 p.mac            x14, x6, x17        x14=000541ae x14:00000000  x6:00001d41 x17:0000002e
20617927ns          349923 1c008192 0046230b p.lw             x6, 4(x12!)          x6=00001ea8 x12=1000078c x12:10000788  PA:10000788
20617947ns          349924 1c008196 2078788b p.lw             x17, x7(x16!)       x17=00000026 x16=10000350  x7:00000020 x16:10000330  PA:10000330
20617986ns          349926 1c00819a 43130733 p.mac            x14, x6, x17        x14=0009ce9e x14:000541ae  x6:00001ea8 x17:00000026
20618006ns          349927 1c008192 0046230b p.lw             x6, 4(x12!)          x6=0000200f x12=10000790 x12:1000078c  PA:1000078c
20618026ns          349928 1c008196 2078788b p.lw             x17, x7(x16!)       x17=0000001e x16=10000370  x7:00000020 x16:10000350  PA:10000350
20618066ns          349930 1c00819a 43130733 p.mac            x14, x6, x17        x14=000d9060 x14:0009ce9e  x6:0000200f x17:0000001e
20618086ns          349931 1c008192 0046230b p.lw             x6, 4(x12!)          x6=00002176 x12=10000794 x12:10000790  PA:10000790
20618106ns          349932 1c008196 2078788b p.lw             x17, x7(x16!)       x17=00000016 x16=10000390  x7:00000020 x16:10000370  PA:10000370
20618146ns          349934 1c00819a 43130733 p.mac            x14, x6, x17        x14=00107084 x14:000d9060  x6:00002176 x17:00000016
20618165ns          349935 1c008192 0046230b p.lw             x6, 4(x12!)          x6=000022dd x12=10000798 x12:10000794  PA:10000794
20618185ns          349936 1c008196 2078788b p.lw             x17, x7(x16!)       x17=0000000e x16=100003b0  x7:00000020 x16:10000390  PA:10000390
20618225ns          349938 1c00819a 43130733 p.mac            x14, x6, x17        x14=0012589a x14:00107084  x6:000022dd x17:0000000e
20618245ns          349939 1c008192 0046230b p.lw             x6, 4(x12!)          x6=00002444 x12=1000079c x12:10000798  PA:10000798
20618265ns          349940 1c008196 2078788b p.lw             x17, x7(x16!)       x17=00000006 x16=100003d0  x7:00000020 x16:100003b0  PA:100003b0
20618305ns          349942 1c00819a 43130733 p.mac            x14, x6, x17        x14=00133232 x14:0012589a  x6:00002444 x17:00000006
20618325ns          349943 1c008192 0046230b p.lw             x6, 4(x12!)          x6=000025ab x12=100007a0 x12:1000079c  PA:1000079c
20618344ns          349944 1c008196 2078788b p.lw             x17, x7(x16!)       x17=fffffffe x16=100003f0  x7:00000020 x16:100003d0  PA:100003d0
20618384ns          349946 1c00819a 43130733 p.mac            x14, x6, x17        x14=0012e6dc x14:00133232  x6:000025ab x17:fffffffe
20618404ns          349947 1c008192 0046230b p.lw             x6, 4(x12!)          x6=00002712 x12=100007a4 x12:100007a0  PA:100007a0
20618424ns          349948 1c008196 2078788b p.lw             x17, x7(x16!)       x17=fffffff6 x16=10000410  x7:00000020 x16:100003f0  PA:100003f0
20618464ns          349950 1c00819a 43130733 p.mac            x14, x6, x17        x14=00116028 x14:0012e6dc  x6:00002712 x17:fffffff6
20618484ns          349951 1c00819e 00ef222b p.sw             x14, 4(x30!)        x30=10000e94 x14:00116028 x30:10000e90  PA:10000e90
20618504ns          349952 1c0081a2 004e8e93 addi             x29, x29, 4         x29=10000314 x29:10000310
20618543ns          349954 1c00817e 40af87b3 sub              x15, x31, x10       x15=00000020 x31:100007a4 x10:10000784
20618563ns          349955 1c008182 ffc78793 addi             x15, x15, -4        x15=0000001c x15:00000020
20618583ns          349956 1c008184 0027d793 srli             x15, x15, 0x2       x15=00000007 x15:0000001c
20618603ns          349957 1c008186 01d00833 add              x16, x0, x29        x16=10000314 x29:10000314
20618623ns          349958 1c008188 00a00633 add              x12, x0, x10        x12=10000784 x10:10000784
20618643ns          349959 1c00818a 00000713 addi             x14, x0, 0          x14=00000000
20618663ns          349960 1c00818c 00178793 addi             x15, x15, 1         x15=00000008 x15:00000007
20618683ns          349961 1c00818e 0067c0fb lp.setup         0x1, x15, 0x6       x15:00000008
20618702ns          349962 1c008192 0046230b p.lw             x6, 4(x12!)          x6=00001d41 x12=10000788 x12:10000784  PA:10000784
20618722ns          349963 1c008196 2078788b p.lw             x17, x7(x16!)       x17=0000002d x16=10000334  x7:00000020 x16:10000314  PA:10000314
20618762ns          349965 1c00819a 43130733 p.mac            x14, x6, x17        x14=0005246d x14:00000000  x6:00001d41 x17:0000002d
20618782ns          349966 1c008192 0046230b p.lw             x6, 4(x12!)          x6=00001ea8 x12=1000078c x12:10000788  PA:10000788
20618802ns          349967 1c008196 2078788b p.lw             x17, x7(x16!)       x17=00000025 x16=10000354  x7:00000020 x16:10000334  PA:10000334
20618842ns          349969 1c00819a 43130733 p.mac            x14, x6, x17        x14=000992b5 x14:0005246d  x6:00001ea8 x17:00000025
20618862ns          349970 1c008192 0046230b p.lw             x6, 4(x12!)          x6=0000200f x12=10000790 x12:1000078c  PA:1000078c
20618881ns          349971 1c008196 2078788b p.lw             x17, x7(x16!)       x17=0000001d x16=10000374  x7:00000020 x16:10000354  PA:10000354
20618921ns          349973 1c00819a 43130733 p.mac            x14, x6, x17        x14=000d3468 x14:000992b5  x6:0000200f x17:0000001d
20618941ns          349974 1c008192 0046230b p.lw             x6, 4(x12!)          x6=00002176 x12=10000794 x12:10000790  PA:10000790
20618961ns          349975 1c008196 2078788b p.lw             x17, x7(x16!)       x17=00000015 x16=10000394  x7:00000020 x16:10000374  PA:10000374
20619001ns          349977 1c00819a 43130733 p.mac            x14, x6, x17        x14=000ff316 x14:000d3468  x6:00002176 x17:00000015
20619021ns          349978 1c008192 0046230b p.lw             x6, 4(x12!)          x6=000022dd x12=10000798 x12:10000794  PA:10000794
20619041ns          349979 1c008196 2078788b p.lw             x17, x7(x16!)       x17=0000000d x16=100003b4  x7:00000020 x16:10000394  PA:10000394
20619080ns          349981 1c00819a 43130733 p.mac            x14, x6, x17        x14=0011b84f x14:000ff316  x6:000022dd x17:0000000d
20619100ns          349982 1c008192 0046230b p.lw             x6, 4(x12!)          x6=00002444 x12=1000079c x12:10000798  PA:10000798
20619120ns          349983 1c008196 2078788b p.lw             x17, x7(x16!)       x17=00000005 x16=100003d4  x7:00000020 x16:100003b4  PA:100003b4
20619160ns          349985 1c00819a 43130733 p.mac            x14, x6, x17        x14=00126da3 x14:0011b84f  x6:00002444 x17:00000005
20619180ns          349986 1c008192 0046230b p.lw             x6, 4(x12!)          x6=000025ab x12=100007a0 x12:1000079c  PA:1000079c
20619200ns          349987 1c008196 2078788b p.lw             x17, x7(x16!)       x17=fffffffd x16=100003f4  x7:00000020 x16:100003d4  PA:100003d4
20619240ns          349989 1c00819a 43130733 p.mac            x14, x6, x17        x14=0011fca2 x14:00126da3  x6:000025ab x17:fffffffd
20619259ns          349990 1c008192 0046230b p.lw             x6, 4(x12!)          x6=00002712 x12=100007a4 x12:100007a0  PA:100007a0
20619279ns          349991 1c008196 2078788b p.lw             x17, x7(x16!)       x17=fffffff5 x16=10000414  x7:00000020 x16:100003f4  PA:100003f4
20619319ns          349993 1c00819a 43130733 p.mac            x14, x6, x17        x14=00104edc x14:0011fca2  x6:00002712 x17:fffffff5
20619339ns          349994 1c00819e 00ef222b p.sw             x14, 4(x30!)        x30=10000e98 x14:00104edc x30:10000e94  PA:10000e94
20619359ns          349995 1c0081a2 004e8e93 addi             x29, x29, 4         x29=10000318 x29:10000314
20619399ns          349997 1c00817e 40af87b3 sub              x15, x31, x10       x15=00000020 x31:100007a4 x10:10000784
20619419ns          349998 1c008182 ffc78793 addi             x15, x15, -4        x15=0000001c x15:00000020
20619438ns          349999 1c008184 0027d793 srli             x15, x15, 0x2       x15=00000007 x15:0000001c
20619458ns          350000 1c008186 01d00833 add              x16, x0, x29        x16=10000318 x29:10000318
20619478ns          350001 1c008188 00a00633 add              x12, x0, x10        x12=10000784 x10:10000784
20619498ns          350002 1c00818a 00000713 addi             x14, x0, 0          x14=00000000
20619518ns          350003 1c00818c 00178793 addi             x15, x15, 1         x15=00000008 x15:00000007
20619538ns          350004 1c00818e 0067c0fb lp.setup         0x1, x15, 0x6       x15:00000008
20619558ns          350005 1c008192 0046230b p.lw             x6, 4(x12!)          x6=00001d41 x12=10000788 x12:10000784  PA:10000784
20619578ns          350006 1c008196 2078788b p.lw             x17, x7(x16!)       x17=0000002c x16=10000338  x7:00000020 x16:10000318  PA:10000318
20619617ns          350008 1c00819a 43130733 p.mac            x14, x6, x17        x14=0005072c x14:00000000  x6:00001d41 x17:0000002c
20619637ns          350009 1c008192 0046230b p.lw             x6, 4(x12!)          x6=00001ea8 x12=1000078c x12:10000788  PA:10000788
20619657ns          350010 1c008196 2078788b p.lw             x17, x7(x16!)       x17=00000024 x16=10000358  x7:00000020 x16:10000338  PA:10000338
20619697ns          350012 1c00819a 43130733 p.mac            x14, x6, x17        x14=000956cc x14:0005072c  x6:00001ea8 x17:00000024
20619717ns          350013 1c008192 0046230b p.lw             x6, 4(x12!)          x6=0000200f x12=10000790 x12:1000078c  PA:1000078c
20619737ns          350014 1c008196 2078788b p.lw             x17, x7(x16!)       x17=0000001c x16=10000378  x7:00000020 x16:10000358  PA:10000358
20619777ns          350016 1c00819a 43130733 p.mac            x14, x6, x17        x14=000cd870 x14:000956cc  x6:0000200f x17:0000001c
20619796ns          350017 1c008192 0046230b p.lw             x6, 4(x12!)          x6=00002176 x12=10000794 x12:10000790  PA:10000790
20619816ns          350018 1c008196 2078788b p.lw             x17, x7(x16!)       x17=00000014 x16=10000398  x7:00000020 x16:10000378  PA:10000378
20619856ns          350020 1c00819a 43130733 p.mac            x14, x6, x17        x14=000f75a8 x14:000cd870  x6:00002176 x17:00000014
20619876ns          350021 1c008192 0046230b p.lw             x6, 4(x12!)          x6=000022dd x12=10000798 x12:10000794  PA:10000794
20619896ns          350022 1c008196 2078788b p.lw             x17, x7(x16!)       x17=0000000c x16=100003b8  x7:00000020 x16:10000398  PA:10000398
20619936ns          350024 1c00819a 43130733 p.mac            x14, x6, x17        x14=00111804 x14:000f75a8  x6:000022dd x17:0000000c
20619956ns          350025 1c008192 0046230b p.lw             x6, 4(x12!)          x6=00002444 x12=1000079c x12:10000798  PA:10000798
20619975ns          350026 1c008196 2078788b p.lw             x17, x7(x16!)       x17=00000004 x16=100003d8  x7:00000020 x16:100003b8  PA:100003b8
20620015ns          350028 1c00819a 43130733 p.mac            x14, x6, x17        x14=0011a914 x14:00111804  x6:00002444 x17:00000004
20620035ns          350029 1c008192 0046230b p.lw             x6, 4(x12!)          x6=000025ab x12=100007a0 x12:1000079c  PA:1000079c
20620055ns          350030 1c008196 2078788b p.lw             x17, x7(x16!)       x17=fffffffc x16=100003f8  x7:00000020 x16:100003d8  PA:100003d8
20620095ns          350032 1c00819a 43130733 p.mac            x14, x6, x17        x14=00111268 x14:0011a914  x6:000025ab x17:fffffffc
20620115ns          350033 1c008192 0046230b p.lw             x6, 4(x12!)          x6=00002712 x12=100007a4 x12:100007a0  PA:100007a0
20620135ns          350034 1c008196 2078788b p.lw             x17, x7(x16!)       x17=fffffff4 x16=10000418  x7:00000020 x16:100003f8  PA:100003f8
20620174ns          350036 1c00819a 43130733 p.mac            x14, x6, x17        x14=000f3d90 x14:00111268  x6:00002712 x17:fffffff4
20620194ns          350037 1c00819e 00ef222b p.sw             x14, 4(x30!)        x30=10000e9c x14:000f3d90 x30:10000e98  PA:10000e98
20620214ns          350038 1c0081a2 004e8e93 addi             x29, x29, 4         x29=1000031c x29:10000318
20620254ns          350040 1c00817e 40af87b3 sub              x15, x31, x10       x15=00000020 x31:100007a4 x10:10000784
20620274ns          350041 1c008182 ffc78793 addi             x15, x15, -4        x15=0000001c x15:00000020
20620294ns          350042 1c008184 0027d793 srli             x15, x15, 0x2       x15=00000007 x15:0000001c
20620314ns          350043 1c008186 01d00833 add              x16, x0, x29        x16=1000031c x29:1000031c
20620334ns          350044 1c008188 00a00633 add              x12, x0, x10        x12=10000784 x10:10000784
20620353ns          350045 1c00818a 00000713 addi             x14, x0, 0          x14=00000000
20620373ns          350046 1c00818c 00178793 addi             x15, x15, 1         x15=00000008 x15:00000007
20620393ns          350047 1c00818e 0067c0fb lp.setup         0x1, x15, 0x6       x15:00000008
20620413ns          350048 1c008192 0046230b p.lw             x6, 4(x12!)          x6=00001d41 x12=10000788 x12:10000784  PA:10000784
20620433ns          350049 1c008196 2078788b p.lw             x17, x7(x16!)       x17=0000002b x16=1000033c  x7:00000020 x16:1000031c  PA:1000031c
20620473ns          350051 1c00819a 43130733 p.mac            x14, x6, x17        x14=0004e9eb x14:00000000  x6:00001d41 x17:0000002b
20620493ns          350052 1c008192 0046230b p.lw             x6, 4(x12!)          x6=00001ea8 x12=1000078c x12:10000788  PA:10000788
20620513ns          350053 1c008196 2078788b p.lw             x17, x7(x16!)       x17=00000023 x16=1000035c  x7:00000020 x16:1000033c  PA:1000033c
20620552ns          350055 1c00819a 43130733 p.mac            x14, x6, x17        x14=00091ae3 x14:0004e9eb  x6:00001ea8 x17:00000023
20620572ns          350056 1c008192 0046230b p.lw             x6, 4(x12!)          x6=0000200f x12=10000790 x12:1000078c  PA:1000078c
20620592ns          350057 1c008196 2078788b p.lw             x17, x7(x16!)       x17=0000001b x16=1000037c  x7:00000020 x16:1000035c  PA:1000035c
20620632ns          350059 1c00819a 43130733 p.mac            x14, x6, x17        x14=000c7c78 x14:00091ae3  x6:0000200f x17:0000001b
20620652ns          350060 1c008192 0046230b p.lw             x6, 4(x12!)          x6=00002176 x12=10000794 x12:10000790  PA:10000790
20620672ns          350061 1c008196 2078788b p.lw             x17, x7(x16!)       x17=00000013 x16=1000039c  x7:00000020 x16:1000037c  PA:1000037c
20620711ns          350063 1c00819a 43130733 p.mac            x14, x6, x17        x14=000ef83a x14:000c7c78  x6:00002176 x17:00000013
20620731ns          350064 1c008192 0046230b p.lw             x6, 4(x12!)          x6=000022dd x12=10000798 x12:10000794  PA:10000794
20620751ns          350065 1c008196 2078788b p.lw             x17, x7(x16!)       x17=0000000b x16=100003bc  x7:00000020 x16:1000039c  PA:1000039c
20620791ns          350067 1c00819a 43130733 p.mac            x14, x6, x17        x14=001077b9 x14:000ef83a  x6:000022dd x17:0000000b
20620811ns          350068 1c008192 0046230b p.lw             x6, 4(x12!)          x6=00002444 x12=1000079c x12:10000798  PA:10000798
20620831ns          350069 1c008196 2078788b p.lw             x17, x7(x16!)       x17=00000003 x16=100003dc  x7:00000020 x16:100003bc  PA:100003bc
20620871ns          350071 1c00819a 43130733 p.mac            x14, x6, x17        x14=0010e485 x14:001077b9  x6:00002444 x17:00000003
20620890ns          350072 1c008192 0046230b p.lw             x6, 4(x12!)          x6=000025ab x12=100007a0 x12:1000079c  PA:1000079c
20620910ns          350073 1c008196 2078788b p.lw             x17, x7(x16!)       x17=fffffffb x16=100003fc  x7:00000020 x16:100003dc  PA:100003dc
20620950ns          350075 1c00819a 43130733 p.mac            x14, x6, x17        x14=0010282e x14:0010e485  x6:000025ab x17:fffffffb
20620970ns          350076 1c008192 0046230b p.lw             x6, 4(x12!)          x6=00002712 x12=100007a4 x12:100007a0  PA:100007a0
20620990ns          350077 1c008196 2078788b p.lw             x17, x7(x16!)       x17=fffffff3 x16=1000041c  x7:00000020 x16:100003fc  PA:100003fc
20621030ns          350079 1c00819a 43130733 p.mac            x14, x6, x17        x14=000e2c44 x14:0010282e  x6:00002712 x17:fffffff3
20621050ns          350080 1c00819e 00ef222b p.sw             x14, 4(x30!)        x30=10000ea0 x14:000e2c44 x30:10000e9c  PA:10000e9c
20621069ns          350081 1c0081a2 004e8e93 addi             x29, x29, 4         x29=10000320 x29:1000031c
20621109ns          350083 1c00817e 40af87b3 sub              x15, x31, x10       x15=00000020 x31:100007a4 x10:10000784
20621129ns          350084 1c008182 ffc78793 addi             x15, x15, -4        x15=0000001c x15:00000020
20621149ns          350085 1c008184 0027d793 srli             x15, x15, 0x2       x15=00000007 x15:0000001c
20621169ns          350086 1c008186 01d00833 add              x16, x0, x29        x16=10000320 x29:10000320
20621189ns          350087 1c008188 00a00633 add              x12, x0, x10        x12=10000784 x10:10000784
20621209ns          350088 1c00818a 00000713 addi             x14, x0, 0          x14=00000000
20621229ns          350089 1c00818c 00178793 addi             x15, x15, 1         x15=00000008 x15:00000007
20621248ns          350090 1c00818e 0067c0fb lp.setup         0x1, x15, 0x6       x15:00000008
20621268ns          350091 1c008192 0046230b p.lw             x6, 4(x12!)          x6=00001d41 x12=10000788 x12:10000784  PA:10000784
20621288ns          350092 1c008196 2078788b p.lw             x17, x7(x16!)       x17=0000002a x16=10000340  x7:00000020 x16:10000320  PA:10000320
20621328ns          350094 1c00819a 43130733 p.mac            x14, x6, x17        x14=0004ccaa x14:00000000  x6:00001d41 x17:0000002a
20621348ns          350095 1c008192 0046230b p.lw             x6, 4(x12!)          x6=00001ea8 x12=1000078c x12:10000788  PA:10000788
20621368ns          350096 1c008196 2078788b p.lw             x17, x7(x16!)       x17=00000022 x16=10000360  x7:00000020 x16:10000340  PA:10000340
20621408ns          350098 1c00819a 43130733 p.mac            x14, x6, x17        x14=0008defa x14:0004ccaa  x6:00001ea8 x17:00000022
20621428ns          350099 1c008192 0046230b p.lw             x6, 4(x12!)          x6=0000200f x12=10000790 x12:1000078c  PA:1000078c
20621447ns          350100 1c008196 2078788b p.lw             x17, x7(x16!)       x17=0000001a x16=10000380  x7:00000020 x16:10000360  PA:10000360
20621487ns          350102 1c00819a 43130733 p.mac            x14, x6, x17        x14=000c2080 x14:0008defa  x6:0000200f x17:0000001a
20621507ns          350103 1c008192 0046230b p.lw             x6, 4(x12!)          x6=00002176 x12=10000794 x12:10000790  PA:10000790
20621527ns          350104 1c008196 2078788b p.lw             x17, x7(x16!)       x17=00000012 x16=100003a0  x7:00000020 x16:10000380  PA:10000380
20621567ns          350106 1c00819a 43130733 p.mac            x14, x6, x17        x14=000e7acc x14:000c2080  x6:00002176 x17:00000012
20621587ns          350107 1c008192 0046230b p.lw             x6, 4(x12!)          x6=000022dd x12=10000798 x12:10000794  PA:10000794
20621607ns          350108 1c008196 2078788b p.lw             x17, x7(x16!)       x17=0000000a x16=100003c0  x7:00000020 x16:100003a0  PA:100003a0
20621646ns          350110 1c00819a 43130733 p.mac            x14, x6, x17        x14=000fd76e x14:000e7acc  x6:000022dd x17:0000000a
20621666ns          350111 1c008192 0046230b p.lw             x6, 4(x12!)          x6=00002444 x12=1000079c x12:10000798  PA:10000798
20621686ns          350112 1c008196 2078788b p.lw             x17, x7(x16!)       x17=00000002 x16=100003e0  x7:00000020 x16:100003c0  PA:100003c0
20621726ns          350114 1c00819a 43130733 p.mac            x14, x6, x17        x14=00101ff6 x14:000fd76e  x6:00002444 x17:00000002
20621746ns          350115 1c008192 0046230b p.lw             x6, 4(x12!)          x6=000025ab x12=100007a0 x12:1000079c  PA:1000079c
20621766ns          350116 1c008196 2078788b p.lw             x17, x7(x16!)       x17=fffffffa x16=10000400  x7:00000020 x16:100003e0  PA:100003e0
20621805ns          350118 1c00819a 43130733 p.mac            x14, x6, x17        x14=000f3df4 x14:00101ff6  x6:000025ab x17:fffffffa
20621825ns          350119 1c008192 0046230b p.lw             x6, 4(x12!)          x6=00002712 x12=100007a4 x12:100007a0  PA:100007a0
20621845ns          350120 1c008196 2078788b p.lw             x17, x7(x16!)       x17=fffffff2 x16=10000420  x7:00000020 x16:10000400  PA:10000400
20621885ns          350122 1c00819a 43130733 p.mac            x14, x6, x17        x14=000d1af8 x14:000f3df4  x6:00002712 x17:fffffff2
20621905ns          350123 1c00819e 00ef222b p.sw             x14, 4(x30!)        x30=10000ea4 x14:000d1af8 x30:10000ea0  PA:10000ea0
20621925ns          350124 1c0081a2 004e8e93 addi             x29, x29, 4         x29=10000324 x29:10000320
20621945ns          350125 1c0081a4 00128293 addi             x5, x5, 1            x5=00000005  x5:00000004
20621965ns          350126 1c0081a6 00750533 add              x10, x10, x7        x10=100007a4 x10:10000784  x7:00000020
20621984ns          350127 1c0081a8 007f8fb3 add              x31, x31, x7        x31=100007c4 x31:100007a4  x7:00000020
20622004ns          350128 1c0081aa fa569fe3 bne              x13, x5, -66        x13:00000008  x5:00000005
20622064ns          350131 1c008168 40b48e33 sub              x28, x9, x11        x28=00000020  x9:10000324 x11:10000304
20622084ns          350132 1c00816c ffce0e13 addi             x28, x28, -4        x28=0000001c x28:00000020
20622104ns          350133 1c00816e 002e5e13 srli             x28, x28, 0x2       x28=00000007 x28:0000001c
20622124ns          350134 1c008172 008f8f33 add              x30, x31, x8        x30=10000ea4 x31:100007c4  x8:000006e0
20622144ns          350135 1c008176 00b00eb3 add              x29, x0, x11        x29=10000304 x11:10000304
20622163ns          350136 1c008178 001e0e13 addi             x28, x28, 1         x28=00000008 x28:00000007
20622183ns          350137 1c00817a 014e407b lp.setup         0x0, x28, 0x14      x28:00000008
20622203ns          350138 1c00817e 40af87b3 sub              x15, x31, x10       x15=00000020 x31:100007c4 x10:100007a4
20622223ns          350139 1c008182 ffc78793 addi             x15, x15, -4        x15=0000001c x15:00000020
20622243ns          350140 1c008184 0027d793 srli             x15, x15, 0x2       x15=00000007 x15:0000001c
20622263ns          350141 1c008186 01d00833 add              x16, x0, x29        x16=10000304 x29:10000304
20622283ns          350142 1c008188 00a00633 add              x12, x0, x10        x12=100007a4 x10:100007a4
20622303ns          350143 1c00818a 00000713 addi             x14, x0, 0          x14=00000000
20622323ns          350144 1c00818c 00178793 addi             x15, x15, 1         x15=00000008 x15:00000007
20622342ns          350145 1c00818e 0067c0fb lp.setup         0x1, x15, 0x6       x15:00000008
20622362ns          350146 1c008192 0046230b p.lw             x6, 4(x12!)          x6=000026b9 x12=100007a8 x12:100007a4  PA:100007a4
20622382ns          350147 1c008196 2078788b p.lw             x17, x7(x16!)       x17=00000031 x16=10000324  x7:00000020 x16:10000304  PA:10000304
20622422ns          350149 1c00819a 43130733 p.mac            x14, x6, x17        x14=00076969 x14:00000000  x6:000026b9 x17:00000031
20622442ns          350150 1c008192 0046230b p.lw             x6, 4(x12!)          x6=000028a0 x12=100007ac x12:100007a8  PA:100007a8
20622462ns          350151 1c008196 2078788b p.lw             x17, x7(x16!)       x17=00000029 x16=10000344  x7:00000020 x16:10000324  PA:10000324
20622502ns          350153 1c00819a 43130733 p.mac            x14, x6, x17        x14=000deb09 x14:00076969  x6:000028a0 x17:00000029
20622522ns          350154 1c008192 0046230b p.lw             x6, 4(x12!)          x6=00002a87 x12=100007b0 x12:100007ac  PA:100007ac
20622541ns          350155 1c008196 2078788b p.lw             x17, x7(x16!)       x17=00000021 x16=10000364  x7:00000020 x16:10000344  PA:10000344
20622581ns          350157 1c00819a 43130733 p.mac            x14, x6, x17        x14=00136670 x14:000deb09  x6:00002a87 x17:00000021
20622601ns          350158 1c008192 0046230b p.lw             x6, 4(x12!)          x6=00002c6e x12=100007b4 x12:100007b0  PA:100007b0
20622621ns          350159 1c008196 2078788b p.lw             x17, x7(x16!)       x17=00000019 x16=10000384  x7:00000020 x16:10000364  PA:10000364
20622661ns          350161 1c00819a 43130733 p.mac            x14, x6, x17        x14=0017bd2e x14:00136670  x6:00002c6e x17:00000019
20622681ns          350162 1c008192 0046230b p.lw             x6, 4(x12!)          x6=00002e55 x12=100007b8 x12:100007b4  PA:100007b4
20622701ns          350163 1c008196 2078788b p.lw             x17, x7(x16!)       x17=00000011 x16=100003a4  x7:00000020 x16:10000384  PA:10000384
20622740ns          350165 1c00819a 43130733 p.mac            x14, x6, x17        x14=001ad0d3 x14:0017bd2e  x6:00002e55 x17:00000011
20622760ns          350166 1c008192 0046230b p.lw             x6, 4(x12!)          x6=0000303c x12=100007bc x12:100007b8  PA:100007b8
20622780ns          350167 1c008196 2078788b p.lw             x17, x7(x16!)       x17=00000009 x16=100003c4  x7:00000020 x16:100003a4  PA:100003a4
20622820ns          350169 1c00819a 43130733 p.mac            x14, x6, x17        x14=001c82ef x14:001ad0d3  x6:0000303c x17:00000009
20622840ns          350170 1c008192 0046230b p.lw             x6, 4(x12!)          x6=00003223 x12=100007c0 x12:100007bc  PA:100007bc
20622860ns          350171 1c008196 2078788b p.lw             x17, x7(x16!)       x17=00000001 x16=100003e4  x7:00000020 x16:100003c4  PA:100003c4
20622899ns          350173 1c00819a 43130733 p.mac            x14, x6, x17        x14=001cb512 x14:001c82ef  x6:00003223 x17:00000001
20622919ns          350174 1c008192 0046230b p.lw             x6, 4(x12!)          x6=0000340a x12=100007c4 x12:100007c0  PA:100007c0
20622939ns          350175 1c008196 2078788b p.lw             x17, x7(x16!)       x17=fffffff9 x16=10000404  x7:00000020 x16:100003e4  PA:100003e4
20622979ns          350177 1c00819a 43130733 p.mac            x14, x6, x17        x14=001b48cc x14:001cb512  x6:0000340a x17:fffffff9
20622999ns          350178 1c00819e 00ef222b p.sw             x14, 4(x30!)        x30=10000ea8 x14:001b48cc x30:10000ea4  PA:10000ea4
20623019ns          350179 1c0081a2 004e8e93 addi             x29, x29, 4         x29=10000308 x29:10000304
20623059ns          350181 1c00817e 40af87b3 sub              x15, x31, x10       x15=00000020 x31:100007c4 x10:100007a4
20623078ns          350182 1c008182 ffc78793 addi             x15, x15, -4        x15=0000001c x15:00000020
20623098ns          350183 1c008184 0027d793 srli             x15, x15, 0x2       x15=00000007 x15:0000001c
20623118ns          350184 1c008186 01d00833 add              x16, x0, x29        x16=10000308 x29:10000308
20623138ns          350185 1c008188 00a00633 add              x12, x0, x10        x12=100007a4 x10:100007a4
20623158ns          350186 1c00818a 00000713 addi             x14, x0, 0          x14=00000000
20623178ns          350187 1c00818c 00178793 addi             x15, x15, 1         x15=00000008 x15:00000007
20623198ns          350188 1c00818e 0067c0fb lp.setup         0x1, x15, 0x6       x15:00000008
20623218ns          350189 1c008192 0046230b p.lw             x6, 4(x12!)          x6=000026b9 x12=100007a8 x12:100007a4  PA:100007a4
20623238ns          350190 1c008196 2078788b p.lw             x17, x7(x16!)       x17=00000030 x16=10000328  x7:00000020 x16:10000308  PA:10000308
20623277ns          350192 1c00819a 43130733 p.mac            x14, x6, x17        x14=000742b0 x14:00000000  x6:000026b9 x17:00000030
20623297ns          350193 1c008192 0046230b p.lw             x6, 4(x12!)          x6=000028a0 x12=100007ac x12:100007a8  PA:100007a8
20623317ns          350194 1c008196 2078788b p.lw             x17, x7(x16!)       x17=00000028 x16=10000348  x7:00000020 x16:10000328  PA:10000328
20623357ns          350196 1c00819a 43130733 p.mac            x14, x6, x17        x14=000d9bb0 x14:000742b0  x6:000028a0 x17:00000028
20623377ns          350197 1c008192 0046230b p.lw             x6, 4(x12!)          x6=00002a87 x12=100007b0 x12:100007ac  PA:100007ac
20623397ns          350198 1c008196 2078788b p.lw             x17, x7(x16!)       x17=00000020 x16=10000368  x7:00000020 x16:10000348  PA:10000348
20623436ns          350200 1c00819a 43130733 p.mac            x14, x6, x17        x14=0012ec90 x14:000d9bb0  x6:00002a87 x17:00000020
20623456ns          350201 1c008192 0046230b p.lw             x6, 4(x12!)          x6=00002c6e x12=100007b4 x12:100007b0  PA:100007b0
20623476ns          350202 1c008196 2078788b p.lw             x17, x7(x16!)       x17=00000018 x16=10000388  x7:00000020 x16:10000368  PA:10000368
20623516ns          350204 1c00819a 43130733 p.mac            x14, x6, x17        x14=001716e0 x14:0012ec90  x6:00002c6e x17:00000018
20623536ns          350205 1c008192 0046230b p.lw             x6, 4(x12!)          x6=00002e55 x12=100007b8 x12:100007b4  PA:100007b4
20623556ns          350206 1c008196 2078788b p.lw             x17, x7(x16!)       x17=00000010 x16=100003a8  x7:00000020 x16:10000388  PA:10000388
20623596ns          350208 1c00819a 43130733 p.mac            x14, x6, x17        x14=0019fc30 x14:001716e0  x6:00002e55 x17:00000010
20623615ns          350209 1c008192 0046230b p.lw             x6, 4(x12!)          x6=0000303c x12=100007bc x12:100007b8  PA:100007b8
20623635ns          350210 1c008196 2078788b p.lw             x17, x7(x16!)       x17=00000008 x16=100003c8  x7:00000020 x16:100003a8  PA:100003a8
20623675ns          350212 1c00819a 43130733 p.mac            x14, x6, x17        x14=001b7e10 x14:0019fc30  x6:0000303c x17:00000008
20623695ns          350213 1c008192 0046230b p.lw             x6, 4(x12!)          x6=00003223 x12=100007c0 x12:100007bc  PA:100007bc
20623715ns          350214 1c008196 2078788b p.lw             x17, x7(x16!)       x17=00000000 x16=100003e8  x7:00000020 x16:100003c8  PA:100003c8
20623755ns          350216 1c00819a 43130733 p.mac            x14, x6, x17        x14=001b7e10 x14:001b7e10  x6:00003223 x17:00000000
20623775ns          350217 1c008192 0046230b p.lw             x6, 4(x12!)          x6=0000340a x12=100007c4 x12:100007c0  PA:100007c0
20623795ns          350218 1c008196 2078788b p.lw             x17, x7(x16!)       x17=fffffff8 x16=10000408  x7:00000020 x16:100003e8  PA:100003e8
20623834ns          350220 1c00819a 43130733 p.mac            x14, x6, x17        x14=0019ddc0 x14:001b7e10  x6:0000340a x17:fffffff8
20623854ns          350221 1c00819e 00ef222b p.sw             x14, 4(x30!)        x30=10000eac x14:0019ddc0 x30:10000ea8  PA:10000ea8
20623874ns          350222 1c0081a2 004e8e93 addi             x29, x29, 4         x29=1000030c x29:10000308
20623914ns          350224 1c00817e 40af87b3 sub              x15, x31, x10       x15=00000020 x31:100007c4 x10:100007a4
20623934ns          350225 1c008182 ffc78793 addi             x15, x15, -4        x15=0000001c x15:00000020
20623954ns          350226 1c008184 0027d793 srli             x15, x15, 0x2       x15=00000007 x15:0000001c
20623974ns          350227 1c008186 01d00833 add              x16, x0, x29        x16=1000030c x29:1000030c
20623993ns          350228 1c008188 00a00633 add              x12, x0, x10        x12=100007a4 x10:100007a4
20624013ns          350229 1c00818a 00000713 addi             x14, x0, 0          x14=00000000
20624033ns          350230 1c00818c 00178793 addi             x15, x15, 1         x15=00000008 x15:00000007
20624053ns          350231 1c00818e 0067c0fb lp.setup         0x1, x15, 0x6       x15:00000008
20624073ns          350232 1c008192 0046230b p.lw             x6, 4(x12!)          x6=000026b9 x12=100007a8 x12:100007a4  PA:100007a4
20624093ns          350233 1c008196 2078788b p.lw             x17, x7(x16!)       x17=0000002f x16=1000032c  x7:00000020 x16:1000030c  PA:1000030c
20624133ns          350235 1c00819a 43130733 p.mac            x14, x6, x17        x14=00071bf7 x14:00000000  x6:000026b9 x17:0000002f
20624153ns          350236 1c008192 0046230b p.lw             x6, 4(x12!)          x6=000028a0 x12=100007ac x12:100007a8  PA:100007a8
20624172ns          350237 1c008196 2078788b p.lw             x17, x7(x16!)       x17=00000027 x16=1000034c  x7:00000020 x16:1000032c  PA:1000032c
20624212ns          350239 1c00819a 43130733 p.mac            x14, x6, x17        x14=000d4c57 x14:00071bf7  x6:000028a0 x17:00000027
20624232ns          350240 1c008192 0046230b p.lw             x6, 4(x12!)          x6=00002a87 x12=100007b0 x12:100007ac  PA:100007ac
20624252ns          350241 1c008196 2078788b p.lw             x17, x7(x16!)       x17=0000001f x16=1000036c  x7:00000020 x16:1000034c  PA:1000034c
20624292ns          350243 1c00819a 43130733 p.mac            x14, x6, x17        x14=001272b0 x14:000d4c57  x6:00002a87 x17:0000001f
20624312ns          350244 1c008192 0046230b p.lw             x6, 4(x12!)          x6=00002c6e x12=100007b4 x12:100007b0  PA:100007b0
20624332ns          350245 1c008196 2078788b p.lw             x17, x7(x16!)       x17=00000017 x16=1000038c  x7:00000020 x16:1000036c  PA:1000036c
20624371ns          350247 1c00819a 43130733 p.mac            x14, x6, x17        x14=00167092 x14:001272b0  x6:00002c6e x17:00000017
20624391ns          350248 1c008192 0046230b p.lw             x6, 4(x12!)          x6=00002e55 x12=100007b8 x12:100007b4  PA:100007b4
20624411ns          350249 1c008196 2078788b p.lw             x17, x7(x16!)       x17=0000000f x16=100003ac  x7:00000020 x16:1000038c  PA:1000038c
20624451ns          350251 1c00819a 43130733 p.mac            x14, x6, x17        x14=0019278d x14:00167092  x6:00002e55 x17:0000000f
20624471ns          350252 1c008192 0046230b p.lw             x6, 4(x12!)          x6=0000303c x12=100007bc x12:100007b8  PA:100007b8
20624491ns          350253 1c008196 2078788b p.lw             x17, x7(x16!)       x17=00000007 x16=100003cc  x7:00000020 x16:100003ac  PA:100003ac
20624530ns          350255 1c00819a 43130733 p.mac            x14, x6, x17        x14=001a7931 x14:0019278d  x6:0000303c x17:00000007
20624550ns          350256 1c008192 0046230b p.lw             x6, 4(x12!)          x6=00003223 x12=100007c0 x12:100007bc  PA:100007bc
20624570ns          350257 1c008196 2078788b p.lw             x17, x7(x16!)       x17=ffffffff x16=100003ec  x7:00000020 x16:100003cc  PA:100003cc
20624610ns          350259 1c00819a 43130733 p.mac            x14, x6, x17        x14=001a470e x14:001a7931  x6:00003223 x17:ffffffff
20624630ns          350260 1c008192 0046230b p.lw             x6, 4(x12!)          x6=0000340a x12=100007c4 x12:100007c0  PA:100007c0
20624650ns          350261 1c008196 2078788b p.lw             x17, x7(x16!)       x17=fffffff7 x16=1000040c  x7:00000020 x16:100003ec  PA:100003ec
20624690ns          350263 1c00819a 43130733 p.mac            x14, x6, x17        x14=001872b4 x14:001a470e  x6:0000340a x17:fffffff7
20624709ns          350264 1c00819e 00ef222b p.sw             x14, 4(x30!)        x30=10000eb0 x14:001872b4 x30:10000eac  PA:10000eac
20624729ns          350265 1c0081a2 004e8e93 addi             x29, x29, 4         x29=10000310 x29:1000030c
20624769ns          350267 1c00817e 40af87b3 sub              x15, x31, x10       x15=00000020 x31:100007c4 x10:100007a4
20624789ns          350268 1c008182 ffc78793 addi             x15, x15, -4        x15=0000001c x15:00000020
20624809ns          350269 1c008184 0027d793 srli             x15, x15, 0x2       x15=00000007 x15:0000001c
20624829ns          350270 1c008186 01d00833 add              x16, x0, x29        x16=10000310 x29:10000310
20624849ns          350271 1c008188 00a00633 add              x12, x0, x10        x12=100007a4 x10:100007a4
20624869ns          350272 1c00818a 00000713 addi             x14, x0, 0          x14=00000000
20624889ns          350273 1c00818c 00178793 addi             x15, x15, 1         x15=00000008 x15:00000007
20624908ns          350274 1c00818e 0067c0fb lp.setup         0x1, x15, 0x6       x15:00000008
20624928ns          350275 1c008192 0046230b p.lw             x6, 4(x12!)          x6=000026b9 x12=100007a8 x12:100007a4  PA:100007a4
20624948ns          350276 1c008196 2078788b p.lw             x17, x7(x16!)       x17=0000002e x16=10000330  x7:00000020 x16:10000310  PA:10000310
20624988ns          350278 1c00819a 43130733 p.mac            x14, x6, x17        x14=0006f53e x14:00000000  x6:000026b9 x17:0000002e
20625008ns          350279 1c008192 0046230b p.lw             x6, 4(x12!)          x6=000028a0 x12=100007ac x12:100007a8  PA:100007a8
20625028ns          350280 1c008196 2078788b p.lw             x17, x7(x16!)       x17=00000026 x16=10000350  x7:00000020 x16:10000330  PA:10000330
20625068ns          350282 1c00819a 43130733 p.mac            x14, x6, x17        x14=000cfcfe x14:0006f53e  x6:000028a0 x17:00000026
20625087ns          350283 1c008192 0046230b p.lw             x6, 4(x12!)          x6=00002a87 x12=100007b0 x12:100007ac  PA:100007ac
20625107ns          350284 1c008196 2078788b p.lw             x17, x7(x16!)       x17=0000001e x16=10000370  x7:00000020 x16:10000350  PA:10000350
20625147ns          350286 1c00819a 43130733 p.mac            x14, x6, x17        x14=0011f8d0 x14:000cfcfe  x6:00002a87 x17:0000001e
20625167ns          350287 1c008192 0046230b p.lw             x6, 4(x12!)          x6=00002c6e x12=100007b4 x12:100007b0  PA:100007b0
20625187ns          350288 1c008196 2078788b p.lw             x17, x7(x16!)       x17=00000016 x16=10000390  x7:00000020 x16:10000370  PA:10000370
20625227ns          350290 1c00819a 43130733 p.mac            x14, x6, x17        x14=0015ca44 x14:0011f8d0  x6:00002c6e x17:00000016
20625247ns          350291 1c008192 0046230b p.lw             x6, 4(x12!)          x6=00002e55 x12=100007b8 x12:100007b4  PA:100007b4
20625266ns          350292 1c008196 2078788b p.lw             x17, x7(x16!)       x17=0000000e x16=100003b0  x7:00000020 x16:10000390  PA:10000390
20625306ns          350294 1c00819a 43130733 p.mac            x14, x6, x17        x14=001852ea x14:0015ca44  x6:00002e55 x17:0000000e
20625326ns          350295 1c008192 0046230b p.lw             x6, 4(x12!)          x6=0000303c x12=100007bc x12:100007b8  PA:100007b8
20625346ns          350296 1c008196 2078788b p.lw             x17, x7(x16!)       x17=00000006 x16=100003d0  x7:00000020 x16:100003b0  PA:100003b0
20625386ns          350298 1c00819a 43130733 p.mac            x14, x6, x17        x14=00197452 x14:001852ea  x6:0000303c x17:00000006
20625406ns          350299 1c008192 0046230b p.lw             x6, 4(x12!)          x6=00003223 x12=100007c0 x12:100007bc  PA:100007bc
20625426ns          350300 1c008196 2078788b p.lw             x17, x7(x16!)       x17=fffffffe x16=100003f0  x7:00000020 x16:100003d0  PA:100003d0
20625465ns          350302 1c00819a 43130733 p.mac            x14, x6, x17        x14=0019100c x14:00197452  x6:00003223 x17:fffffffe
20625485ns          350303 1c008192 0046230b p.lw             x6, 4(x12!)          x6=0000340a x12=100007c4 x12:100007c0  PA:100007c0
20625505ns          350304 1c008196 2078788b p.lw             x17, x7(x16!)       x17=fffffff6 x16=10000410  x7:00000020 x16:100003f0  PA:100003f0
20625545ns          350306 1c00819a 43130733 p.mac            x14, x6, x17        x14=001707a8 x14:0019100c  x6:0000340a x17:fffffff6
20625565ns          350307 1c00819e 00ef222b p.sw             x14, 4(x30!)        x30=10000eb4 x14:001707a8 x30:10000eb0  PA:10000eb0
20625585ns          350308 1c0081a2 004e8e93 addi             x29, x29, 4         x29=10000314 x29:10000310
20625624ns          350310 1c00817e 40af87b3 sub              x15, x31, x10       x15=00000020 x31:100007c4 x10:100007a4
20625644ns          350311 1c008182 ffc78793 addi             x15, x15, -4        x15=0000001c x15:00000020
20625664ns          350312 1c008184 0027d793 srli             x15, x15, 0x2       x15=00000007 x15:0000001c
20625684ns          350313 1c008186 01d00833 add              x16, x0, x29        x16=10000314 x29:10000314
20625704ns          350314 1c008188 00a00633 add              x12, x0, x10        x12=100007a4 x10:100007a4
20625724ns          350315 1c00818a 00000713 addi             x14, x0, 0          x14=00000000
20625744ns          350316 1c00818c 00178793 addi             x15, x15, 1         x15=00000008 x15:00000007
20625764ns          350317 1c00818e 0067c0fb lp.setup         0x1, x15, 0x6       x15:00000008
20625784ns          350318 1c008192 0046230b p.lw             x6, 4(x12!)          x6=000026b9 x12=100007a8 x12:100007a4  PA:100007a4
20625803ns          350319 1c008196 2078788b p.lw             x17, x7(x16!)       x17=0000002d x16=10000334  x7:00000020 x16:10000314  PA:10000314
20625843ns          350321 1c00819a 43130733 p.mac            x14, x6, x17        x14=0006ce85 x14:00000000  x6:000026b9 x17:0000002d
20625863ns          350322 1c008192 0046230b p.lw             x6, 4(x12!)          x6=000028a0 x12=100007ac x12:100007a8  PA:100007a8
20625883ns          350323 1c008196 2078788b p.lw             x17, x7(x16!)       x17=00000025 x16=10000354  x7:00000020 x16:10000334  PA:10000334
20625923ns          350325 1c00819a 43130733 p.mac            x14, x6, x17        x14=000cada5 x14:0006ce85  x6:000028a0 x17:00000025
20625943ns          350326 1c008192 0046230b p.lw             x6, 4(x12!)          x6=00002a87 x12=100007b0 x12:100007ac  PA:100007ac
20625963ns          350327 1c008196 2078788b p.lw             x17, x7(x16!)       x17=0000001d x16=10000374  x7:00000020 x16:10000354  PA:10000354
20626002ns          350329 1c00819a 43130733 p.mac            x14, x6, x17        x14=00117ef0 x14:000cada5  x6:00002a87 x17:0000001d
20626022ns          350330 1c008192 0046230b p.lw             x6, 4(x12!)          x6=00002c6e x12=100007b4 x12:100007b0  PA:100007b0
20626042ns          350331 1c008196 2078788b p.lw             x17, x7(x16!)       x17=00000015 x16=10000394  x7:00000020 x16:10000374  PA:10000374
20626082ns          350333 1c00819a 43130733 p.mac            x14, x6, x17        x14=001523f6 x14:00117ef0  x6:00002c6e x17:00000015
20626102ns          350334 1c008192 0046230b p.lw             x6, 4(x12!)          x6=00002e55 x12=100007b8 x12:100007b4  PA:100007b4
20626122ns          350335 1c008196 2078788b p.lw             x17, x7(x16!)       x17=0000000d x16=100003b4  x7:00000020 x16:10000394  PA:10000394
20626162ns          350337 1c00819a 43130733 p.mac            x14, x6, x17        x14=00177e47 x14:001523f6  x6:00002e55 x17:0000000d
20626181ns          350338 1c008192 0046230b p.lw             x6, 4(x12!)          x6=0000303c x12=100007bc x12:100007b8  PA:100007b8
20626201ns          350339 1c008196 2078788b p.lw             x17, x7(x16!)       x17=00000005 x16=100003d4  x7:00000020 x16:100003b4  PA:100003b4
20626241ns          350341 1c00819a 43130733 p.mac            x14, x6, x17        x14=00186f73 x14:00177e47  x6:0000303c x17:00000005
20626261ns          350342 1c008192 0046230b p.lw             x6, 4(x12!)          x6=00003223 x12=100007c0 x12:100007bc  PA:100007bc
20626281ns          350343 1c008196 2078788b p.lw             x17, x7(x16!)       x17=fffffffd x16=100003f4  x7:00000020 x16:100003d4  PA:100003d4
20626321ns          350345 1c00819a 43130733 p.mac            x14, x6, x17        x14=0017d90a x14:00186f73  x6:00003223 x17:fffffffd
20626341ns          350346 1c008192 0046230b p.lw             x6, 4(x12!)          x6=0000340a x12=100007c4 x12:100007c0  PA:100007c0
20626360ns          350347 1c008196 2078788b p.lw             x17, x7(x16!)       x17=fffffff5 x16=10000414  x7:00000020 x16:100003f4  PA:100003f4
20626400ns          350349 1c00819a 43130733 p.mac            x14, x6, x17        x14=00159c9c x14:0017d90a  x6:0000340a x17:fffffff5
20626420ns          350350 1c00819e 00ef222b p.sw             x14, 4(x30!)        x30=10000eb8 x14:00159c9c x30:10000eb4  PA:10000eb4
20626440ns          350351 1c0081a2 004e8e93 addi             x29, x29, 4         x29=10000318 x29:10000314
20626480ns          350353 1c00817e 40af87b3 sub              x15, x31, x10       x15=00000020 x31:100007c4 x10:100007a4
20626500ns          350354 1c008182 ffc78793 addi             x15, x15, -4        x15=0000001c x15:00000020
20626520ns          350355 1c008184 0027d793 srli             x15, x15, 0x2       x15=00000007 x15:0000001c
20626539ns          350356 1c008186 01d00833 add              x16, x0, x29        x16=10000318 x29:10000318
20626559ns          350357 1c008188 00a00633 add              x12, x0, x10        x12=100007a4 x10:100007a4
20626579ns          350358 1c00818a 00000713 addi             x14, x0, 0          x14=00000000
20626599ns          350359 1c00818c 00178793 addi             x15, x15, 1         x15=00000008 x15:00000007
20626619ns          350360 1c00818e 0067c0fb lp.setup         0x1, x15, 0x6       x15:00000008
20626639ns          350361 1c008192 0046230b p.lw             x6, 4(x12!)          x6=000026b9 x12=100007a8 x12:100007a4  PA:100007a4
20626659ns          350362 1c008196 2078788b p.lw             x17, x7(x16!)       x17=0000002c x16=10000338  x7:00000020 x16:10000318  PA:10000318
20626699ns          350364 1c00819a 43130733 p.mac            x14, x6, x17        x14=0006a7cc x14:00000000  x6:000026b9 x17:0000002c
20626718ns          350365 1c008192 0046230b p.lw             x6, 4(x12!)          x6=000028a0 x12=100007ac x12:100007a8  PA:100007a8
20626738ns          350366 1c008196 2078788b p.lw             x17, x7(x16!)       x17=00000024 x16=10000358  x7:00000020 x16:10000338  PA:10000338
20626778ns          350368 1c00819a 43130733 p.mac            x14, x6, x17        x14=000c5e4c x14:0006a7cc  x6:000028a0 x17:00000024
20626798ns          350369 1c008192 0046230b p.lw             x6, 4(x12!)          x6=00002a87 x12=100007b0 x12:100007ac  PA:100007ac
20626818ns          350370 1c008196 2078788b p.lw             x17, x7(x16!)       x17=0000001c x16=10000378  x7:00000020 x16:10000358  PA:10000358
20626858ns          350372 1c00819a 43130733 p.mac            x14, x6, x17        x14=00110510 x14:000c5e4c  x6:00002a87 x17:0000001c
20626878ns          350373 1c008192 0046230b p.lw             x6, 4(x12!)          x6=00002c6e x12=100007b4 x12:100007b0  PA:100007b0
20626897ns          350374 1c008196 2078788b p.lw             x17, x7(x16!)       x17=00000014 x16=10000398  x7:00000020 x16:10000378  PA:10000378
20626937ns          350376 1c00819a 43130733 p.mac            x14, x6, x17        x14=00147da8 x14:00110510  x6:00002c6e x17:00000014
20626957ns          350377 1c008192 0046230b p.lw             x6, 4(x12!)          x6=00002e55 x12=100007b8 x12:100007b4  PA:100007b4
20626977ns          350378 1c008196 2078788b p.lw             x17, x7(x16!)       x17=0000000c x16=100003b8  x7:00000020 x16:10000398  PA:10000398
20627017ns          350380 1c00819a 43130733 p.mac            x14, x6, x17        x14=0016a9a4 x14:00147da8  x6:00002e55 x17:0000000c
20627037ns          350381 1c008192 0046230b p.lw             x6, 4(x12!)          x6=0000303c x12=100007bc x12:100007b8  PA:100007b8
20627076ns          350383 1c008196 2078788b p.lw             x17, x7(x16!)       x17=00000004 x16=100003d8  x7:00000020 x16:100003b8  PA:100003b8
20627116ns          350385 1c00819a 43130733 p.mac            x14, x6, x17        x14=00176a94 x14:0016a9a4  x6:0000303c x17:00000004
20627136ns          350386 1c008192 0046230b p.lw             x6, 4(x12!)          x6=00003223 x12=100007c0 x12:100007bc  PA:100007bc
20627156ns          350387 1c008196 2078788b p.lw             x17, x7(x16!)       x17=fffffffc x16=100003f8  x7:00000020 x16:100003d8  PA:100003d8
20627196ns          350389 1c00819a 43130733 p.mac            x14, x6, x17        x14=0016a208 x14:00176a94  x6:00003223 x17:fffffffc
20627216ns          350390 1c008192 0046230b p.lw             x6, 4(x12!)          x6=0000340a x12=100007c4 x12:100007c0  PA:100007c0
20627236ns          350391 1c008196 2078788b p.lw             x17, x7(x16!)       x17=fffffff4 x16=10000418  x7:00000020 x16:100003f8  PA:100003f8
20627275ns          350393 1c00819a 43130733 p.mac            x14, x6, x17        x14=00143190 x14:0016a208  x6:0000340a x17:fffffff4
20627295ns          350394 1c00819e 00ef222b p.sw             x14, 4(x30!)        x30=10000ebc x14:00143190 x30:10000eb8  PA:10000eb8
20627315ns          350395 1c0081a2 004e8e93 addi             x29, x29, 4         x29=1000031c x29:10000318
20627355ns          350397 1c00817e 40af87b3 sub              x15, x31, x10       x15=00000020 x31:100007c4 x10:100007a4
20627375ns          350398 1c008182 ffc78793 addi             x15, x15, -4        x15=0000001c x15:00000020
20627395ns          350399 1c008184 0027d793 srli             x15, x15, 0x2       x15=00000007 x15:0000001c
20627415ns          350400 1c008186 01d00833 add              x16, x0, x29        x16=1000031c x29:1000031c
20627435ns          350401 1c008188 00a00633 add              x12, x0, x10        x12=100007a4 x10:100007a4
20627454ns          350402 1c00818a 00000713 addi             x14, x0, 0          x14=00000000
20627474ns          350403 1c00818c 00178793 addi             x15, x15, 1         x15=00000008 x15:00000007
20627494ns          350404 1c00818e 0067c0fb lp.setup         0x1, x15, 0x6       x15:00000008
20627514ns          350405 1c008192 0046230b p.lw             x6, 4(x12!)          x6=000026b9 x12=100007a8 x12:100007a4  PA:100007a4
20627534ns          350406 1c008196 2078788b p.lw             x17, x7(x16!)       x17=0000002b x16=1000033c  x7:00000020 x16:1000031c  PA:1000031c
20627574ns          350408 1c00819a 43130733 p.mac            x14, x6, x17        x14=00068113 x14:00000000  x6:000026b9 x17:0000002b
20627594ns          350409 1c008192 0046230b p.lw             x6, 4(x12!)          x6=000028a0 x12=100007ac x12:100007a8  PA:100007a8
20627614ns          350410 1c008196 2078788b p.lw             x17, x7(x16!)       x17=00000023 x16=1000035c  x7:00000020 x16:1000033c  PA:1000033c
20627653ns          350412 1c00819a 43130733 p.mac            x14, x6, x17        x14=000c0ef3 x14:00068113  x6:000028a0 x17:00000023
20627673ns          350413 1c008192 0046230b p.lw             x6, 4(x12!)          x6=00002a87 x12=100007b0 x12:100007ac  PA:100007ac
20627693ns          350414 1c008196 2078788b p.lw             x17, x7(x16!)       x17=0000001b x16=1000037c  x7:00000020 x16:1000035c  PA:1000035c
20627733ns          350416 1c00819a 43130733 p.mac            x14, x6, x17        x14=00108b30 x14:000c0ef3  x6:00002a87 x17:0000001b
20627753ns          350417 1c008192 0046230b p.lw             x6, 4(x12!)          x6=00002c6e x12=100007b4 x12:100007b0  PA:100007b0
20627773ns          350418 1c008196 2078788b p.lw             x17, x7(x16!)       x17=00000013 x16=1000039c  x7:00000020 x16:1000037c  PA:1000037c
20627812ns          350420 1c00819a 43130733 p.mac            x14, x6, x17        x14=0013d75a x14:00108b30  x6:00002c6e x17:00000013
20627832ns          350421 1c008192 0046230b p.lw             x6, 4(x12!)          x6=00002e55 x12=100007b8 x12:100007b4  PA:100007b4
20627852ns          350422 1c008196 2078788b p.lw             x17, x7(x16!)       x17=0000000b x16=100003bc  x7:00000020 x16:1000039c  PA:1000039c
20627892ns          350424 1c00819a 43130733 p.mac            x14, x6, x17        x14=0015d501 x14:0013d75a  x6:00002e55 x17:0000000b
20627912ns          350425 1c008192 0046230b p.lw             x6, 4(x12!)          x6=0000303c x12=100007bc x12:100007b8  PA:100007b8
20627932ns          350426 1c008196 2078788b p.lw             x17, x7(x16!)       x17=00000003 x16=100003dc  x7:00000020 x16:100003bc  PA:100003bc
20627972ns          350428 1c00819a 43130733 p.mac            x14, x6, x17        x14=001665b5 x14:0015d501  x6:0000303c x17:00000003
20627991ns          350429 1c008192 0046230b p.lw             x6, 4(x12!)          x6=00003223 x12=100007c0 x12:100007bc  PA:100007bc
20628011ns          350430 1c008196 2078788b p.lw             x17, x7(x16!)       x17=fffffffb x16=100003fc  x7:00000020 x16:100003dc  PA:100003dc
20628051ns          350432 1c00819a 43130733 p.mac            x14, x6, x17        x14=00156b06 x14:001665b5  x6:00003223 x17:fffffffb
20628071ns          350433 1c008192 0046230b p.lw             x6, 4(x12!)          x6=0000340a x12=100007c4 x12:100007c0  PA:100007c0
20628091ns          350434 1c008196 2078788b p.lw             x17, x7(x16!)       x17=fffffff3 x16=1000041c  x7:00000020 x16:100003fc  PA:100003fc
20628131ns          350436 1c00819a 43130733 p.mac            x14, x6, x17        x14=0012c684 x14:00156b06  x6:0000340a x17:fffffff3
20628151ns          350437 1c00819e 00ef222b p.sw             x14, 4(x30!)        x30=10000ec0 x14:0012c684 x30:10000ebc  PA:10000ebc
20628170ns          350438 1c0081a2 004e8e93 addi             x29, x29, 4         x29=10000320 x29:1000031c
20628210ns          350440 1c00817e 40af87b3 sub              x15, x31, x10       x15=00000020 x31:100007c4 x10:100007a4
20628230ns          350441 1c008182 ffc78793 addi             x15, x15, -4        x15=0000001c x15:00000020
20628250ns          350442 1c008184 0027d793 srli             x15, x15, 0x2       x15=00000007 x15:0000001c
20628270ns          350443 1c008186 01d00833 add              x16, x0, x29        x16=10000320 x29:10000320
20628290ns          350444 1c008188 00a00633 add              x12, x0, x10        x12=100007a4 x10:100007a4
20628310ns          350445 1c00818a 00000713 addi             x14, x0, 0          x14=00000000
20628330ns          350446 1c00818c 00178793 addi             x15, x15, 1         x15=00000008 x15:00000007
20628349ns          350447 1c00818e 0067c0fb lp.setup         0x1, x15, 0x6       x15:00000008
20628369ns          350448 1c008192 0046230b p.lw             x6, 4(x12!)          x6=000026b9 x12=100007a8 x12:100007a4  PA:100007a4
20628389ns          350449 1c008196 2078788b p.lw             x17, x7(x16!)       x17=0000002a x16=10000340  x7:00000020 x16:10000320  PA:10000320
20628429ns          350451 1c00819a 43130733 p.mac            x14, x6, x17        x14=00065a5a x14:00000000  x6:000026b9 x17:0000002a
20628449ns          350452 1c008192 0046230b p.lw             x6, 4(x12!)          x6=000028a0 x12=100007ac x12:100007a8  PA:100007a8
20628469ns          350453 1c008196 2078788b p.lw             x17, x7(x16!)       x17=00000022 x16=10000360  x7:00000020 x16:10000340  PA:10000340
20628509ns          350455 1c00819a 43130733 p.mac            x14, x6, x17        x14=000bbf9a x14:00065a5a  x6:000028a0 x17:00000022
20628529ns          350456 1c008192 0046230b p.lw             x6, 4(x12!)          x6=00002a87 x12=100007b0 x12:100007ac  PA:100007ac
20628548ns          350457 1c008196 2078788b p.lw             x17, x7(x16!)       x17=0000001a x16=10000380  x7:00000020 x16:10000360  PA:10000360
20628588ns          350459 1c00819a 43130733 p.mac            x14, x6, x17        x14=00101150 x14:000bbf9a  x6:00002a87 x17:0000001a
20628608ns          350460 1c008192 0046230b p.lw             x6, 4(x12!)          x6=00002c6e x12=100007b4 x12:100007b0  PA:100007b0
20628628ns          350461 1c008196 2078788b p.lw             x17, x7(x16!)       x17=00000012 x16=100003a0  x7:00000020 x16:10000380  PA:10000380
20628668ns          350463 1c00819a 43130733 p.mac            x14, x6, x17        x14=0013310c x14:00101150  x6:00002c6e x17:00000012
20628688ns          350464 1c008192 0046230b p.lw             x6, 4(x12!)          x6=00002e55 x12=100007b8 x12:100007b4  PA:100007b4
20628708ns          350465 1c008196 2078788b p.lw             x17, x7(x16!)       x17=0000000a x16=100003c0  x7:00000020 x16:100003a0  PA:100003a0
20628747ns          350467 1c00819a 43130733 p.mac            x14, x6, x17        x14=0015005e x14:0013310c  x6:00002e55 x17:0000000a
20628767ns          350468 1c008192 0046230b p.lw             x6, 4(x12!)          x6=0000303c x12=100007bc x12:100007b8  PA:100007b8
20628787ns          350469 1c008196 2078788b p.lw             x17, x7(x16!)       x17=00000002 x16=100003e0  x7:00000020 x16:100003c0  PA:100003c0
20628827ns          350471 1c00819a 43130733 p.mac            x14, x6, x17        x14=001560d6 x14:0015005e  x6:0000303c x17:00000002
20628847ns          350472 1c008192 0046230b p.lw             x6, 4(x12!)          x6=00003223 x12=100007c0 x12:100007bc  PA:100007bc
20628867ns          350473 1c008196 2078788b p.lw             x17, x7(x16!)       x17=fffffffa x16=10000400  x7:00000020 x16:100003e0  PA:100003e0
20628906ns          350475 1c00819a 43130733 p.mac            x14, x6, x17        x14=00143404 x14:001560d6  x6:00003223 x17:fffffffa
20628926ns          350476 1c008192 0046230b p.lw             x6, 4(x12!)          x6=0000340a x12=100007c4 x12:100007c0  PA:100007c0
20628946ns          350477 1c008196 2078788b p.lw             x17, x7(x16!)       x17=fffffff2 x16=10000420  x7:00000020 x16:10000400  PA:10000400
20628986ns          350479 1c00819a 43130733 p.mac            x14, x6, x17        x14=00115b78 x14:00143404  x6:0000340a x17:fffffff2
20629006ns          350480 1c00819e 00ef222b p.sw             x14, 4(x30!)        x30=10000ec4 x14:00115b78 x30:10000ec0  PA:10000ec0
20629026ns          350481 1c0081a2 004e8e93 addi             x29, x29, 4         x29=10000324 x29:10000320
20629046ns          350482 1c0081a4 00128293 addi             x5, x5, 1            x5=00000006  x5:00000005
20629066ns          350483 1c0081a6 00750533 add              x10, x10, x7        x10=100007c4 x10:100007a4  x7:00000020
20629085ns          350484 1c0081a8 007f8fb3 add              x31, x31, x7        x31=100007e4 x31:100007c4  x7:00000020
20629105ns          350485 1c0081aa fa569fe3 bne              x13, x5, -66        x13:00000008  x5:00000006
20629165ns          350488 1c008168 40b48e33 sub              x28, x9, x11        x28=00000020  x9:10000324 x11:10000304
20629185ns          350489 1c00816c ffce0e13 addi             x28, x28, -4        x28=0000001c x28:00000020
20629205ns          350490 1c00816e 002e5e13 srli             x28, x28, 0x2       x28=00000007 x28:0000001c
20629225ns          350491 1c008172 008f8f33 add              x30, x31, x8        x30=10000ec4 x31:100007e4  x8:000006e0
20629245ns          350492 1c008176 00b00eb3 add              x29, x0, x11        x29=10000304 x11:10000304
20629264ns          350493 1c008178 001e0e13 addi             x28, x28, 1         x28=00000008 x28:00000007
20629284ns          350494 1c00817a 014e407b lp.setup         0x0, x28, 0x14      x28:00000008
20629304ns          350495 1c00817e 40af87b3 sub              x15, x31, x10       x15=00000020 x31:100007e4 x10:100007c4
20629324ns          350496 1c008182 ffc78793 addi             x15, x15, -4        x15=0000001c x15:00000020
20629344ns          350497 1c008184 0027d793 srli             x15, x15, 0x2       x15=00000007 x15:0000001c
20629364ns          350498 1c008186 01d00833 add              x16, x0, x29        x16=10000304 x29:10000304
20629384ns          350499 1c008188 00a00633 add              x12, x0, x10        x12=100007c4 x10:100007c4
20629404ns          350500 1c00818a 00000713 addi             x14, x0, 0          x14=00000000
20629424ns          350501 1c00818c 00178793 addi             x15, x15, 1         x15=00000008 x15:00000007
20629443ns          350502 1c00818e 0067c0fb lp.setup         0x1, x15, 0x6       x15:00000008
20629463ns          350503 1c008192 0046230b p.lw             x6, 4(x12!)          x6=00003031 x12=100007c8 x12:100007c4  PA:100007c4
20629483ns          350504 1c008196 2078788b p.lw             x17, x7(x16!)       x17=00000031 x16=10000324  x7:00000020 x16:10000304  PA:10000304
20629523ns          350506 1c00819a 43130733 p.mac            x14, x6, x17        x14=00093961 x14:00000000  x6:00003031 x17:00000031
20629543ns          350507 1c008192 0046230b p.lw             x6, 4(x12!)          x6=00003298 x12=100007cc x12:100007c8  PA:100007c8
20629563ns          350508 1c008196 2078788b p.lw             x17, x7(x16!)       x17=00000029 x16=10000344  x7:00000020 x16:10000324  PA:10000324
20629603ns          350510 1c00819a 43130733 p.mac            x14, x6, x17        x14=001153b9 x14:00093961  x6:00003298 x17:00000029
20629623ns          350511 1c008192 0046230b p.lw             x6, 4(x12!)          x6=000034ff x12=100007d0 x12:100007cc  PA:100007cc
20629642ns          350512 1c008196 2078788b p.lw             x17, x7(x16!)       x17=00000021 x16=10000364  x7:00000020 x16:10000344  PA:10000344
20629682ns          350514 1c00819a 43130733 p.mac            x14, x6, x17        x14=00182898 x14:001153b9  x6:000034ff x17:00000021
20629702ns          350515 1c008192 0046230b p.lw             x6, 4(x12!)          x6=00003766 x12=100007d4 x12:100007d0  PA:100007d0
20629722ns          350516 1c008196 2078788b p.lw             x17, x7(x16!)       x17=00000019 x16=10000384  x7:00000020 x16:10000364  PA:10000364
20629762ns          350518 1c00819a 43130733 p.mac            x14, x6, x17        x14=001d918e x14:00182898  x6:00003766 x17:00000019
20629782ns          350519 1c008192 0046230b p.lw             x6, 4(x12!)          x6=000039cd x12=100007d8 x12:100007d4  PA:100007d4
20629802ns          350520 1c008196 2078788b p.lw             x17, x7(x16!)       x17=00000011 x16=100003a4  x7:00000020 x16:10000384  PA:10000384
20629841ns          350522 1c00819a 43130733 p.mac            x14, x6, x17        x14=0021682b x14:001d918e  x6:000039cd x17:00000011
20629861ns          350523 1c008192 0046230b p.lw             x6, 4(x12!)          x6=00003c34 x12=100007dc x12:100007d8  PA:100007d8
20629881ns          350524 1c008196 2078788b p.lw             x17, x7(x16!)       x17=00000009 x16=100003c4  x7:00000020 x16:100003a4  PA:100003a4
20629921ns          350526 1c00819a 43130733 p.mac            x14, x6, x17        x14=002385ff x14:0021682b  x6:00003c34 x17:00000009
20629941ns          350527 1c008192 0046230b p.lw             x6, 4(x12!)          x6=00003e9b x12=100007e0 x12:100007dc  PA:100007dc
20629961ns          350528 1c008196 2078788b p.lw             x17, x7(x16!)       x17=00000001 x16=100003e4  x7:00000020 x16:100003c4  PA:100003c4
20630000ns          350530 1c00819a 43130733 p.mac            x14, x6, x17        x14=0023c49a x14:002385ff  x6:00003e9b x17:00000001
20630020ns          350531 1c008192 0046230b p.lw             x6, 4(x12!)          x6=00004102 x12=100007e4 x12:100007e0  PA:100007e0
20630040ns          350532 1c008196 2078788b p.lw             x17, x7(x16!)       x17=fffffff9 x16=10000404  x7:00000020 x16:100003e4  PA:100003e4
20630080ns          350534 1c00819a 43130733 p.mac            x14, x6, x17        x14=0021fd8c x14:0023c49a  x6:00004102 x17:fffffff9
20630100ns          350535 1c00819e 00ef222b p.sw             x14, 4(x30!)        x30=10000ec8 x14:0021fd8c x30:10000ec4  PA:10000ec4
20630120ns          350536 1c0081a2 004e8e93 addi             x29, x29, 4         x29=10000308 x29:10000304
20630160ns          350538 1c00817e 40af87b3 sub              x15, x31, x10       x15=00000020 x31:100007e4 x10:100007c4
20630179ns          350539 1c008182 ffc78793 addi             x15, x15, -4        x15=0000001c x15:00000020
20630199ns          350540 1c008184 0027d793 srli             x15, x15, 0x2       x15=00000007 x15:0000001c
20630219ns          350541 1c008186 01d00833 add              x16, x0, x29        x16=10000308 x29:10000308
20630239ns          350542 1c008188 00a00633 add              x12, x0, x10        x12=100007c4 x10:100007c4
20630259ns          350543 1c00818a 00000713 addi             x14, x0, 0          x14=00000000
20630279ns          350544 1c00818c 00178793 addi             x15, x15, 1         x15=00000008 x15:00000007
20630299ns          350545 1c00818e 0067c0fb lp.setup         0x1, x15, 0x6       x15:00000008
20630319ns          350546 1c008192 0046230b p.lw             x6, 4(x12!)          x6=00003031 x12=100007c8 x12:100007c4  PA:100007c4
20630339ns          350547 1c008196 2078788b p.lw             x17, x7(x16!)       x17=00000030 x16=10000328  x7:00000020 x16:10000308  PA:10000308
20630378ns          350549 1c00819a 43130733 p.mac            x14, x6, x17        x14=00090930 x14:00000000  x6:00003031 x17:00000030
20630398ns          350550 1c008192 0046230b p.lw             x6, 4(x12!)          x6=00003298 x12=100007cc x12:100007c8  PA:100007c8
20630418ns          350551 1c008196 2078788b p.lw             x17, x7(x16!)       x17=00000028 x16=10000348  x7:00000020 x16:10000328  PA:10000328
20630458ns          350553 1c00819a 43130733 p.mac            x14, x6, x17        x14=0010f0f0 x14:00090930  x6:00003298 x17:00000028
20630478ns          350554 1c008192 0046230b p.lw             x6, 4(x12!)          x6=000034ff x12=100007d0 x12:100007cc  PA:100007cc
20630498ns          350555 1c008196 2078788b p.lw             x17, x7(x16!)       x17=00000020 x16=10000368  x7:00000020 x16:10000348  PA:10000348
20630537ns          350557 1c00819a 43130733 p.mac            x14, x6, x17        x14=001790d0 x14:0010f0f0  x6:000034ff x17:00000020
20630557ns          350558 1c008192 0046230b p.lw             x6, 4(x12!)          x6=00003766 x12=100007d4 x12:100007d0  PA:100007d0
20630577ns          350559 1c008196 2078788b p.lw             x17, x7(x16!)       x17=00000018 x16=10000388  x7:00000020 x16:10000368  PA:10000368
20630617ns          350561 1c00819a 43130733 p.mac            x14, x6, x17        x14=001cc260 x14:001790d0  x6:00003766 x17:00000018
20630637ns          350562 1c008192 0046230b p.lw             x6, 4(x12!)          x6=000039cd x12=100007d8 x12:100007d4  PA:100007d4
20630657ns          350563 1c008196 2078788b p.lw             x17, x7(x16!)       x17=00000010 x16=100003a8  x7:00000020 x16:10000388  PA:10000388
20630697ns          350565 1c00819a 43130733 p.mac            x14, x6, x17        x14=00205f30 x14:001cc260  x6:000039cd x17:00000010
20630716ns          350566 1c008192 0046230b p.lw             x6, 4(x12!)          x6=00003c34 x12=100007dc x12:100007d8  PA:100007d8
20630736ns          350567 1c008196 2078788b p.lw             x17, x7(x16!)       x17=00000008 x16=100003c8  x7:00000020 x16:100003a8  PA:100003a8
20630776ns          350569 1c00819a 43130733 p.mac            x14, x6, x17        x14=002240d0 x14:00205f30  x6:00003c34 x17:00000008
20630796ns          350570 1c008192 0046230b p.lw             x6, 4(x12!)          x6=00003e9b x12=100007e0 x12:100007dc  PA:100007dc
20630816ns          350571 1c008196 2078788b p.lw             x17, x7(x16!)       x17=00000000 x16=100003e8  x7:00000020 x16:100003c8  PA:100003c8
20630856ns          350573 1c00819a 43130733 p.mac            x14, x6, x17        x14=002240d0 x14:002240d0  x6:00003e9b x17:00000000
20630876ns          350574 1c008192 0046230b p.lw             x6, 4(x12!)          x6=00004102 x12=100007e4 x12:100007e0  PA:100007e0
20630896ns          350575 1c008196 2078788b p.lw             x17, x7(x16!)       x17=fffffff8 x16=10000408  x7:00000020 x16:100003e8  PA:100003e8
20630935ns          350577 1c00819a 43130733 p.mac            x14, x6, x17        x14=002038c0 x14:002240d0  x6:00004102 x17:fffffff8
20630955ns          350578 1c00819e 00ef222b p.sw             x14, 4(x30!)        x30=10000ecc x14:002038c0 x30:10000ec8  PA:10000ec8
20630975ns          350579 1c0081a2 004e8e93 addi             x29, x29, 4         x29=1000030c x29:10000308
20631015ns          350581 1c00817e 40af87b3 sub              x15, x31, x10       x15=00000020 x31:100007e4 x10:100007c4
20631035ns          350582 1c008182 ffc78793 addi             x15, x15, -4        x15=0000001c x15:00000020
20631055ns          350583 1c008184 0027d793 srli             x15, x15, 0x2       x15=00000007 x15:0000001c
20631075ns          350584 1c008186 01d00833 add              x16, x0, x29        x16=1000030c x29:1000030c
20631094ns          350585 1c008188 00a00633 add              x12, x0, x10        x12=100007c4 x10:100007c4
20631114ns          350586 1c00818a 00000713 addi             x14, x0, 0          x14=00000000
20631134ns          350587 1c00818c 00178793 addi             x15, x15, 1         x15=00000008 x15:00000007
20631154ns          350588 1c00818e 0067c0fb lp.setup         0x1, x15, 0x6       x15:00000008
20631174ns          350589 1c008192 0046230b p.lw             x6, 4(x12!)          x6=00003031 x12=100007c8 x12:100007c4  PA:100007c4
20631194ns          350590 1c008196 2078788b p.lw             x17, x7(x16!)       x17=0000002f x16=1000032c  x7:00000020 x16:1000030c  PA:1000030c
20631234ns          350592 1c00819a 43130733 p.mac            x14, x6, x17        x14=0008d8ff x14:00000000  x6:00003031 x17:0000002f
20631254ns          350593 1c008192 0046230b p.lw             x6, 4(x12!)          x6=00003298 x12=100007cc x12:100007c8  PA:100007c8
20631273ns          350594 1c008196 2078788b p.lw             x17, x7(x16!)       x17=00000027 x16=1000034c  x7:00000020 x16:1000032c  PA:1000032c
20631313ns          350596 1c00819a 43130733 p.mac            x14, x6, x17        x14=00108e27 x14:0008d8ff  x6:00003298 x17:00000027
20631333ns          350597 1c008192 0046230b p.lw             x6, 4(x12!)          x6=000034ff x12=100007d0 x12:100007cc  PA:100007cc
20631353ns          350598 1c008196 2078788b p.lw             x17, x7(x16!)       x17=0000001f x16=1000036c  x7:00000020 x16:1000034c  PA:1000034c
20631393ns          350600 1c00819a 43130733 p.mac            x14, x6, x17        x14=0016f908 x14:00108e27  x6:000034ff x17:0000001f
20631413ns          350601 1c008192 0046230b p.lw             x6, 4(x12!)          x6=00003766 x12=100007d4 x12:100007d0  PA:100007d0
20631433ns          350602 1c008196 2078788b p.lw             x17, x7(x16!)       x17=00000017 x16=1000038c  x7:00000020 x16:1000036c  PA:1000036c
20631472ns          350604 1c00819a 43130733 p.mac            x14, x6, x17        x14=001bf332 x14:0016f908  x6:00003766 x17:00000017
20631492ns          350605 1c008192 0046230b p.lw             x6, 4(x12!)          x6=000039cd x12=100007d8 x12:100007d4  PA:100007d4
20631512ns          350606 1c008196 2078788b p.lw             x17, x7(x16!)       x17=0000000f x16=100003ac  x7:00000020 x16:1000038c  PA:1000038c
20631552ns          350608 1c00819a 43130733 p.mac            x14, x6, x17        x14=001f5635 x14:001bf332  x6:000039cd x17:0000000f
20631572ns          350609 1c008192 0046230b p.lw             x6, 4(x12!)          x6=00003c34 x12=100007dc x12:100007d8  PA:100007d8
20631592ns          350610 1c008196 2078788b p.lw             x17, x7(x16!)       x17=00000007 x16=100003cc  x7:00000020 x16:100003ac  PA:100003ac
20631631ns          350612 1c00819a 43130733 p.mac            x14, x6, x17        x14=0020fba1 x14:001f5635  x6:00003c34 x17:00000007
20631651ns          350613 1c008192 0046230b p.lw             x6, 4(x12!)          x6=00003e9b x12=100007e0 x12:100007dc  PA:100007dc
20631671ns          350614 1c008196 2078788b p.lw             x17, x7(x16!)       x17=ffffffff x16=100003ec  x7:00000020 x16:100003cc  PA:100003cc
20631711ns          350616 1c00819a 43130733 p.mac            x14, x6, x17        x14=0020bd06 x14:0020fba1  x6:00003e9b x17:ffffffff
20631731ns          350617 1c008192 0046230b p.lw             x6, 4(x12!)          x6=00004102 x12=100007e4 x12:100007e0  PA:100007e0
20631751ns          350618 1c008196 2078788b p.lw             x17, x7(x16!)       x17=fffffff7 x16=1000040c  x7:00000020 x16:100003ec  PA:100003ec
20631791ns          350620 1c00819a 43130733 p.mac            x14, x6, x17        x14=001e73f4 x14:0020bd06  x6:00004102 x17:fffffff7
20631810ns          350621 1c00819e 00ef222b p.sw             x14, 4(x30!)        x30=10000ed0 x14:001e73f4 x30:10000ecc  PA:10000ecc
20631830ns          350622 1c0081a2 004e8e93 addi             x29, x29, 4         x29=10000310 x29:1000030c
20631870ns          350624 1c00817e 40af87b3 sub              x15, x31, x10       x15=00000020 x31:100007e4 x10:100007c4
20631890ns          350625 1c008182 ffc78793 addi             x15, x15, -4        x15=0000001c x15:00000020
20631910ns          350626 1c008184 0027d793 srli             x15, x15, 0x2       x15=00000007 x15:0000001c
20631930ns          350627 1c008186 01d00833 add              x16, x0, x29        x16=10000310 x29:10000310
20631950ns          350628 1c008188 00a00633 add              x12, x0, x10        x12=100007c4 x10:100007c4
20631970ns          350629 1c00818a 00000713 addi             x14, x0, 0          x14=00000000
20631989ns          350630 1c00818c 00178793 addi             x15, x15, 1         x15=00000008 x15:00000007
20632009ns          350631 1c00818e 0067c0fb lp.setup         0x1, x15, 0x6       x15:00000008
20632029ns          350632 1c008192 0046230b p.lw             x6, 4(x12!)          x6=00003031 x12=100007c8 x12:100007c4  PA:100007c4
20632049ns          350633 1c008196 2078788b p.lw             x17, x7(x16!)       x17=0000002e x16=10000330  x7:00000020 x16:10000310  PA:10000310
20632089ns          350635 1c00819a 43130733 p.mac            x14, x6, x17        x14=0008a8ce x14:00000000  x6:00003031 x17:0000002e
20632109ns          350636 1c008192 0046230b p.lw             x6, 4(x12!)          x6=00003298 x12=100007cc x12:100007c8  PA:100007c8
20632129ns          350637 1c008196 2078788b p.lw             x17, x7(x16!)       x17=00000026 x16=10000350  x7:00000020 x16:10000330  PA:10000330
20632169ns          350639 1c00819a 43130733 p.mac            x14, x6, x17        x14=00102b5e x14:0008a8ce  x6:00003298 x17:00000026
20632188ns          350640 1c008192 0046230b p.lw             x6, 4(x12!)          x6=000034ff x12=100007d0 x12:100007cc  PA:100007cc
20632208ns          350641 1c008196 2078788b p.lw             x17, x7(x16!)       x17=0000001e x16=10000370  x7:00000020 x16:10000350  PA:10000350
20632248ns          350643 1c00819a 43130733 p.mac            x14, x6, x17        x14=00166140 x14:00102b5e  x6:000034ff x17:0000001e
20632268ns          350644 1c008192 0046230b p.lw             x6, 4(x12!)          x6=00003766 x12=100007d4 x12:100007d0  PA:100007d0
20632288ns          350645 1c008196 2078788b p.lw             x17, x7(x16!)       x17=00000016 x16=10000390  x7:00000020 x16:10000370  PA:10000370
20632328ns          350647 1c00819a 43130733 p.mac            x14, x6, x17        x14=001b2404 x14:00166140  x6:00003766 x17:00000016
20632348ns          350648 1c008192 0046230b p.lw             x6, 4(x12!)          x6=000039cd x12=100007d8 x12:100007d4  PA:100007d4
20632367ns          350649 1c008196 2078788b p.lw             x17, x7(x16!)       x17=0000000e x16=100003b0  x7:00000020 x16:10000390  PA:10000390
20632407ns          350651 1c00819a 43130733 p.mac            x14, x6, x17        x14=001e4d3a x14:001b2404  x6:000039cd x17:0000000e
20632427ns          350652 1c008192 0046230b p.lw             x6, 4(x12!)          x6=00003c34 x12=100007dc x12:100007d8  PA:100007d8
20632447ns          350653 1c008196 2078788b p.lw             x17, x7(x16!)       x17=00000006 x16=100003d0  x7:00000020 x16:100003b0  PA:100003b0
20632487ns          350655 1c00819a 43130733 p.mac            x14, x6, x17        x14=001fb672 x14:001e4d3a  x6:00003c34 x17:00000006
20632507ns          350656 1c008192 0046230b p.lw             x6, 4(x12!)          x6=00003e9b x12=100007e0 x12:100007dc  PA:100007dc
20632527ns          350657 1c008196 2078788b p.lw             x17, x7(x16!)       x17=fffffffe x16=100003f0  x7:00000020 x16:100003d0  PA:100003d0
20632566ns          350659 1c00819a 43130733 p.mac            x14, x6, x17        x14=001f393c x14:001fb672  x6:00003e9b x17:fffffffe
20632586ns          350660 1c008192 0046230b p.lw             x6, 4(x12!)          x6=00004102 x12=100007e4 x12:100007e0  PA:100007e0
20632606ns          350661 1c008196 2078788b p.lw             x17, x7(x16!)       x17=fffffff6 x16=10000410  x7:00000020 x16:100003f0  PA:100003f0
20632646ns          350663 1c00819a 43130733 p.mac            x14, x6, x17        x14=001caf28 x14:001f393c  x6:00004102 x17:fffffff6
20632666ns          350664 1c00819e 00ef222b p.sw             x14, 4(x30!)        x30=10000ed4 x14:001caf28 x30:10000ed0  PA:10000ed0
20632686ns          350665 1c0081a2 004e8e93 addi             x29, x29, 4         x29=10000314 x29:10000310
20632725ns          350667 1c00817e 40af87b3 sub              x15, x31, x10       x15=00000020 x31:100007e4 x10:100007c4
20632745ns          350668 1c008182 ffc78793 addi             x15, x15, -4        x15=0000001c x15:00000020
20632765ns          350669 1c008184 0027d793 srli             x15, x15, 0x2       x15=00000007 x15:0000001c
20632785ns          350670 1c008186 01d00833 add              x16, x0, x29        x16=10000314 x29:10000314
20632805ns          350671 1c008188 00a00633 add              x12, x0, x10        x12=100007c4 x10:100007c4
20632825ns          350672 1c00818a 00000713 addi             x14, x0, 0          x14=00000000
20632845ns          350673 1c00818c 00178793 addi             x15, x15, 1         x15=00000008 x15:00000007
20632865ns          350674 1c00818e 0067c0fb lp.setup         0x1, x15, 0x6       x15:00000008
20632885ns          350675 1c008192 0046230b p.lw             x6, 4(x12!)          x6=00003031 x12=100007c8 x12:100007c4  PA:100007c4
20632904ns          350676 1c008196 2078788b p.lw             x17, x7(x16!)       x17=0000002d x16=10000334  x7:00000020 x16:10000314  PA:10000314
20632944ns          350678 1c00819a 43130733 p.mac            x14, x6, x17        x14=0008789d x14:00000000  x6:00003031 x17:0000002d
20632964ns          350679 1c008192 0046230b p.lw             x6, 4(x12!)          x6=00003298 x12=100007cc x12:100007c8  PA:100007c8
20632984ns          350680 1c008196 2078788b p.lw             x17, x7(x16!)       x17=00000025 x16=10000354  x7:00000020 x16:10000334  PA:10000334
20633024ns          350682 1c00819a 43130733 p.mac            x14, x6, x17        x14=000fc895 x14:0008789d  x6:00003298 x17:00000025
20633044ns          350683 1c008192 0046230b p.lw             x6, 4(x12!)          x6=000034ff x12=100007d0 x12:100007cc  PA:100007cc
20633064ns          350684 1c008196 2078788b p.lw             x17, x7(x16!)       x17=0000001d x16=10000374  x7:00000020 x16:10000354  PA:10000354
20633103ns          350686 1c00819a 43130733 p.mac            x14, x6, x17        x14=0015c978 x14:000fc895  x6:000034ff x17:0000001d
20633123ns          350687 1c008192 0046230b p.lw             x6, 4(x12!)          x6=00003766 x12=100007d4 x12:100007d0  PA:100007d0
20633143ns          350688 1c008196 2078788b p.lw             x17, x7(x16!)       x17=00000015 x16=10000394  x7:00000020 x16:10000374  PA:10000374
20633183ns          350690 1c00819a 43130733 p.mac            x14, x6, x17        x14=001a54d6 x14:0015c978  x6:00003766 x17:00000015
20633203ns          350691 1c008192 0046230b p.lw             x6, 4(x12!)          x6=000039cd x12=100007d8 x12:100007d4  PA:100007d4
20633223ns          350692 1c008196 2078788b p.lw             x17, x7(x16!)       x17=0000000d x16=100003b4  x7:00000020 x16:10000394  PA:10000394
20633263ns          350694 1c00819a 43130733 p.mac            x14, x6, x17        x14=001d443f x14:001a54d6  x6:000039cd x17:0000000d
20633282ns          350695 1c008192 0046230b p.lw             x6, 4(x12!)          x6=00003c34 x12=100007dc x12:100007d8  PA:100007d8
20633302ns          350696 1c008196 2078788b p.lw             x17, x7(x16!)       x17=00000005 x16=100003d4  x7:00000020 x16:100003b4  PA:100003b4
20633342ns          350698 1c00819a 43130733 p.mac            x14, x6, x17        x14=001e7143 x14:001d443f  x6:00003c34 x17:00000005
20633362ns          350699 1c008192 0046230b p.lw             x6, 4(x12!)          x6=00003e9b x12=100007e0 x12:100007dc  PA:100007dc
20633382ns          350700 1c008196 2078788b p.lw             x17, x7(x16!)       x17=fffffffd x16=100003f4  x7:00000020 x16:100003d4  PA:100003d4
20633422ns          350702 1c00819a 43130733 p.mac            x14, x6, x17        x14=001db572 x14:001e7143  x6:00003e9b x17:fffffffd
20633442ns          350703 1c008192 0046230b p.lw             x6, 4(x12!)          x6=00004102 x12=100007e4 x12:100007e0  PA:100007e0
20633461ns          350704 1c008196 2078788b p.lw             x17, x7(x16!)       x17=fffffff5 x16=10000414  x7:00000020 x16:100003f4  PA:100003f4
20633501ns          350706 1c00819a 43130733 p.mac            x14, x6, x17        x14=001aea5c x14:001db572  x6:00004102 x17:fffffff5
20633521ns          350707 1c00819e 00ef222b p.sw             x14, 4(x30!)        x30=10000ed8 x14:001aea5c x30:10000ed4  PA:10000ed4
20633541ns          350708 1c0081a2 004e8e93 addi             x29, x29, 4         x29=10000318 x29:10000314
20633581ns          350710 1c00817e 40af87b3 sub              x15, x31, x10       x15=00000020 x31:100007e4 x10:100007c4
20633601ns          350711 1c008182 ffc78793 addi             x15, x15, -4        x15=0000001c x15:00000020
20633621ns          350712 1c008184 0027d793 srli             x15, x15, 0x2       x15=00000007 x15:0000001c
20633640ns          350713 1c008186 01d00833 add              x16, x0, x29        x16=10000318 x29:10000318
20633660ns          350714 1c008188 00a00633 add              x12, x0, x10        x12=100007c4 x10:100007c4
20633680ns          350715 1c00818a 00000713 addi             x14, x0, 0          x14=00000000
20633700ns          350716 1c00818c 00178793 addi             x15, x15, 1         x15=00000008 x15:00000007
20633720ns          350717 1c00818e 0067c0fb lp.setup         0x1, x15, 0x6       x15:00000008
20633740ns          350718 1c008192 0046230b p.lw             x6, 4(x12!)          x6=00003031 x12=100007c8 x12:100007c4  PA:100007c4
20633760ns          350719 1c008196 2078788b p.lw             x17, x7(x16!)       x17=0000002c x16=10000338  x7:00000020 x16:10000318  PA:10000318
20633800ns          350721 1c00819a 43130733 p.mac            x14, x6, x17        x14=0008486c x14:00000000  x6:00003031 x17:0000002c
20633819ns          350722 1c008192 0046230b p.lw             x6, 4(x12!)          x6=00003298 x12=100007cc x12:100007c8  PA:100007c8
20633839ns          350723 1c008196 2078788b p.lw             x17, x7(x16!)       x17=00000024 x16=10000358  x7:00000020 x16:10000338  PA:10000338
20633879ns          350725 1c00819a 43130733 p.mac            x14, x6, x17        x14=000f65cc x14:0008486c  x6:00003298 x17:00000024
20633899ns          350726 1c008192 0046230b p.lw             x6, 4(x12!)          x6=000034ff x12=100007d0 x12:100007cc  PA:100007cc
20633919ns          350727 1c008196 2078788b p.lw             x17, x7(x16!)       x17=0000001c x16=10000378  x7:00000020 x16:10000358  PA:10000358
20633959ns          350729 1c00819a 43130733 p.mac            x14, x6, x17        x14=001531b0 x14:000f65cc  x6:000034ff x17:0000001c
20633979ns          350730 1c008192 0046230b p.lw             x6, 4(x12!)          x6=00003766 x12=100007d4 x12:100007d0  PA:100007d0
20633998ns          350731 1c008196 2078788b p.lw             x17, x7(x16!)       x17=00000014 x16=10000398  x7:00000020 x16:10000378  PA:10000378
20634038ns          350733 1c00819a 43130733 p.mac            x14, x6, x17        x14=001985a8 x14:001531b0  x6:00003766 x17:00000014
20634058ns          350734 1c008192 0046230b p.lw             x6, 4(x12!)          x6=000039cd x12=100007d8 x12:100007d4  PA:100007d4
20634078ns          350735 1c008196 2078788b p.lw             x17, x7(x16!)       x17=0000000c x16=100003b8  x7:00000020 x16:10000398  PA:10000398
20634118ns          350737 1c00819a 43130733 p.mac            x14, x6, x17        x14=001c3b44 x14:001985a8  x6:000039cd x17:0000000c
20634138ns          350738 1c008192 0046230b p.lw             x6, 4(x12!)          x6=00003c34 x12=100007dc x12:100007d8  PA:100007d8
20634158ns          350739 1c008196 2078788b p.lw             x17, x7(x16!)       x17=00000004 x16=100003d8  x7:00000020 x16:100003b8  PA:100003b8
20634197ns          350741 1c00819a 43130733 p.mac            x14, x6, x17        x14=001d2c14 x14:001c3b44  x6:00003c34 x17:00000004
20634217ns          350742 1c008192 0046230b p.lw             x6, 4(x12!)          x6=00003e9b x12=100007e0 x12:100007dc  PA:100007dc
20634237ns          350743 1c008196 2078788b p.lw             x17, x7(x16!)       x17=fffffffc x16=100003f8  x7:00000020 x16:100003d8  PA:100003d8
20634277ns          350745 1c00819a 43130733 p.mac            x14, x6, x17        x14=001c31a8 x14:001d2c14  x6:00003e9b x17:fffffffc
20634297ns          350746 1c008192 0046230b p.lw             x6, 4(x12!)          x6=00004102 x12=100007e4 x12:100007e0  PA:100007e0
20634317ns          350747 1c008196 2078788b p.lw             x17, x7(x16!)       x17=fffffff4 x16=10000418  x7:00000020 x16:100003f8  PA:100003f8
20634356ns          350749 1c00819a 43130733 p.mac            x14, x6, x17        x14=00192590 x14:001c31a8  x6:00004102 x17:fffffff4
20634376ns          350750 1c00819e 00ef222b p.sw             x14, 4(x30!)        x30=10000edc x14:00192590 x30:10000ed8  PA:10000ed8
20634396ns          350751 1c0081a2 004e8e93 addi             x29, x29, 4         x29=1000031c x29:10000318
20634436ns          350753 1c00817e 40af87b3 sub              x15, x31, x10       x15=00000020 x31:100007e4 x10:100007c4
20634456ns          350754 1c008182 ffc78793 addi             x15, x15, -4        x15=0000001c x15:00000020
20634476ns          350755 1c008184 0027d793 srli             x15, x15, 0x2       x15=00000007 x15:0000001c
20634496ns          350756 1c008186 01d00833 add              x16, x0, x29        x16=1000031c x29:1000031c
20634516ns          350757 1c008188 00a00633 add              x12, x0, x10        x12=100007c4 x10:100007c4
20634536ns          350758 1c00818a 00000713 addi             x14, x0, 0          x14=00000000
20634555ns          350759 1c00818c 00178793 addi             x15, x15, 1         x15=00000008 x15:00000007
20634575ns          350760 1c00818e 0067c0fb lp.setup         0x1, x15, 0x6       x15:00000008
20634595ns          350761 1c008192 0046230b p.lw             x6, 4(x12!)          x6=00003031 x12=100007c8 x12:100007c4  PA:100007c4
20634615ns          350762 1c008196 2078788b p.lw             x17, x7(x16!)       x17=0000002b x16=1000033c  x7:00000020 x16:1000031c  PA:1000031c
20634655ns          350764 1c00819a 43130733 p.mac            x14, x6, x17        x14=0008183b x14:00000000  x6:00003031 x17:0000002b
20634675ns          350765 1c008192 0046230b p.lw             x6, 4(x12!)          x6=00003298 x12=100007cc x12:100007c8  PA:100007c8
20634695ns          350766 1c008196 2078788b p.lw             x17, x7(x16!)       x17=00000023 x16=1000035c  x7:00000020 x16:1000033c  PA:1000033c
20634734ns          350768 1c00819a 43130733 p.mac            x14, x6, x17        x14=000f0303 x14:0008183b  x6:00003298 x17:00000023
20634754ns          350769 1c008192 0046230b p.lw             x6, 4(x12!)          x6=000034ff x12=100007d0 x12:100007cc  PA:100007cc
20634774ns          350770 1c008196 2078788b p.lw             x17, x7(x16!)       x17=0000001b x16=1000037c  x7:00000020 x16:1000035c  PA:1000035c
20634814ns          350772 1c00819a 43130733 p.mac            x14, x6, x17        x14=001499e8 x14:000f0303  x6:000034ff x17:0000001b
20634834ns          350773 1c008192 0046230b p.lw             x6, 4(x12!)          x6=00003766 x12=100007d4 x12:100007d0  PA:100007d0
20634854ns          350774 1c008196 2078788b p.lw             x17, x7(x16!)       x17=00000013 x16=1000039c  x7:00000020 x16:1000037c  PA:1000037c
20634894ns          350776 1c00819a 43130733 p.mac            x14, x6, x17        x14=0018b67a x14:001499e8  x6:00003766 x17:00000013
20634913ns          350777 1c008192 0046230b p.lw             x6, 4(x12!)          x6=000039cd x12=100007d8 x12:100007d4  PA:100007d4
20634933ns          350778 1c008196 2078788b p.lw             x17, x7(x16!)       x17=0000000b x16=100003bc  x7:00000020 x16:1000039c  PA:1000039c
20634973ns          350780 1c00819a 43130733 p.mac            x14, x6, x17        x14=001b3249 x14:0018b67a  x6:000039cd x17:0000000b
20634993ns          350781 1c008192 0046230b p.lw             x6, 4(x12!)          x6=00003c34 x12=100007dc x12:100007d8  PA:100007d8
20635013ns          350782 1c008196 2078788b p.lw             x17, x7(x16!)       x17=00000003 x16=100003dc  x7:00000020 x16:100003bc  PA:100003bc
20635053ns          350784 1c00819a 43130733 p.mac            x14, x6, x17        x14=001be6e5 x14:001b3249  x6:00003c34 x17:00000003
20635073ns          350785 1c008192 0046230b p.lw             x6, 4(x12!)          x6=00003e9b x12=100007e0 x12:100007dc  PA:100007dc
20635092ns          350786 1c008196 2078788b p.lw             x17, x7(x16!)       x17=fffffffb x16=100003fc  x7:00000020 x16:100003dc  PA:100003dc
20635132ns          350788 1c00819a 43130733 p.mac            x14, x6, x17        x14=001aadde x14:001be6e5  x6:00003e9b x17:fffffffb
20635152ns          350789 1c008192 0046230b p.lw             x6, 4(x12!)          x6=00004102 x12=100007e4 x12:100007e0  PA:100007e0
20635172ns          350790 1c008196 2078788b p.lw             x17, x7(x16!)       x17=fffffff3 x16=1000041c  x7:00000020 x16:100003fc  PA:100003fc
20635212ns          350792 1c00819a 43130733 p.mac            x14, x6, x17        x14=001760c4 x14:001aadde  x6:00004102 x17:fffffff3
20635232ns          350793 1c00819e 00ef222b p.sw             x14, 4(x30!)        x30=10000ee0 x14:001760c4 x30:10000edc  PA:10000edc
20635252ns          350794 1c0081a2 004e8e93 addi             x29, x29, 4         x29=10000320 x29:1000031c
20635291ns          350796 1c00817e 40af87b3 sub              x15, x31, x10       x15=00000020 x31:100007e4 x10:100007c4
20635311ns          350797 1c008182 ffc78793 addi             x15, x15, -4        x15=0000001c x15:00000020
20635331ns          350798 1c008184 0027d793 srli             x15, x15, 0x2       x15=00000007 x15:0000001c
20635351ns          350799 1c008186 01d00833 add              x16, x0, x29        x16=10000320 x29:10000320
20635371ns          350800 1c008188 00a00633 add              x12, x0, x10        x12=100007c4 x10:100007c4
20635391ns          350801 1c00818a 00000713 addi             x14, x0, 0          x14=00000000
20635411ns          350802 1c00818c 00178793 addi             x15, x15, 1         x15=00000008 x15:00000007
20635431ns          350803 1c00818e 0067c0fb lp.setup         0x1, x15, 0x6       x15:00000008
20635450ns          350804 1c008192 0046230b p.lw             x6, 4(x12!)          x6=00003031 x12=100007c8 x12:100007c4  PA:100007c4
20635470ns          350805 1c008196 2078788b p.lw             x17, x7(x16!)       x17=0000002a x16=10000340  x7:00000020 x16:10000320  PA:10000320
20635510ns          350807 1c00819a 43130733 p.mac            x14, x6, x17        x14=0007e80a x14:00000000  x6:00003031 x17:0000002a
20635530ns          350808 1c008192 0046230b p.lw             x6, 4(x12!)          x6=00003298 x12=100007cc x12:100007c8  PA:100007c8
20635550ns          350809 1c008196 2078788b p.lw             x17, x7(x16!)       x17=00000022 x16=10000360  x7:00000020 x16:10000340  PA:10000340
20635590ns          350811 1c00819a 43130733 p.mac            x14, x6, x17        x14=000ea03a x14:0007e80a  x6:00003298 x17:00000022
20635610ns          350812 1c008192 0046230b p.lw             x6, 4(x12!)          x6=000034ff x12=100007d0 x12:100007cc  PA:100007cc
20635630ns          350813 1c008196 2078788b p.lw             x17, x7(x16!)       x17=0000001a x16=10000380  x7:00000020 x16:10000360  PA:10000360
20635669ns          350815 1c00819a 43130733 p.mac            x14, x6, x17        x14=00140220 x14:000ea03a  x6:000034ff x17:0000001a
20635689ns          350816 1c008192 0046230b p.lw             x6, 4(x12!)          x6=00003766 x12=100007d4 x12:100007d0  PA:100007d0
20635709ns          350817 1c008196 2078788b p.lw             x17, x7(x16!)       x17=00000012 x16=100003a0  x7:00000020 x16:10000380  PA:10000380
20635749ns          350819 1c00819a 43130733 p.mac            x14, x6, x17        x14=0017e74c x14:00140220  x6:00003766 x17:00000012
20635769ns          350820 1c008192 0046230b p.lw             x6, 4(x12!)          x6=000039cd x12=100007d8 x12:100007d4  PA:100007d4
20635789ns          350821 1c008196 2078788b p.lw             x17, x7(x16!)       x17=0000000a x16=100003c0  x7:00000020 x16:100003a0  PA:100003a0
20635828ns          350823 1c00819a 43130733 p.mac            x14, x6, x17        x14=001a294e x14:0017e74c  x6:000039cd x17:0000000a
20635848ns          350824 1c008192 0046230b p.lw             x6, 4(x12!)          x6=00003c34 x12=100007dc x12:100007d8  PA:100007d8
20635868ns          350825 1c008196 2078788b p.lw             x17, x7(x16!)       x17=00000002 x16=100003e0  x7:00000020 x16:100003c0  PA:100003c0
20635908ns          350827 1c00819a 43130733 p.mac            x14, x6, x17        x14=001aa1b6 x14:001a294e  x6:00003c34 x17:00000002
20635928ns          350828 1c008192 0046230b p.lw             x6, 4(x12!)          x6=00003e9b x12=100007e0 x12:100007dc  PA:100007dc
20635948ns          350829 1c008196 2078788b p.lw             x17, x7(x16!)       x17=fffffffa x16=10000400  x7:00000020 x16:100003e0  PA:100003e0
20635988ns          350831 1c00819a 43130733 p.mac            x14, x6, x17        x14=00192a14 x14:001aa1b6  x6:00003e9b x17:fffffffa
20636007ns          350832 1c008192 0046230b p.lw             x6, 4(x12!)          x6=00004102 x12=100007e4 x12:100007e0  PA:100007e0
20636027ns          350833 1c008196 2078788b p.lw             x17, x7(x16!)       x17=fffffff2 x16=10000420  x7:00000020 x16:10000400  PA:10000400
20636067ns          350835 1c00819a 43130733 p.mac            x14, x6, x17        x14=00159bf8 x14:00192a14  x6:00004102 x17:fffffff2
20636087ns          350836 1c00819e 00ef222b p.sw             x14, 4(x30!)        x30=10000ee4 x14:00159bf8 x30:10000ee0  PA:10000ee0
20636107ns          350837 1c0081a2 004e8e93 addi             x29, x29, 4         x29=10000324 x29:10000320
20636127ns          350838 1c0081a4 00128293 addi             x5, x5, 1            x5=00000007  x5:00000006
20636147ns          350839 1c0081a6 00750533 add              x10, x10, x7        x10=100007e4 x10:100007c4  x7:00000020
20636167ns          350840 1c0081a8 007f8fb3 add              x31, x31, x7        x31=10000804 x31:100007e4  x7:00000020
20636186ns          350841 1c0081aa fa569fe3 bne              x13, x5, -66        x13:00000008  x5:00000007
20636246ns          350844 1c008168 40b48e33 sub              x28, x9, x11        x28=00000020  x9:10000324 x11:10000304
20636266ns          350845 1c00816c ffce0e13 addi             x28, x28, -4        x28=0000001c x28:00000020
20636286ns          350846 1c00816e 002e5e13 srli             x28, x28, 0x2       x28=00000007 x28:0000001c
20636306ns          350847 1c008172 008f8f33 add              x30, x31, x8        x30=10000ee4 x31:10000804  x8:000006e0
20636326ns          350848 1c008176 00b00eb3 add              x29, x0, x11        x29=10000304 x11:10000304
20636346ns          350849 1c008178 001e0e13 addi             x28, x28, 1         x28=00000008 x28:00000007
20636365ns          350850 1c00817a 014e407b lp.setup         0x0, x28, 0x14      x28:00000008
20636385ns          350851 1c00817e 40af87b3 sub              x15, x31, x10       x15=00000020 x31:10000804 x10:100007e4
20636405ns          350852 1c008182 ffc78793 addi             x15, x15, -4        x15=0000001c x15:00000020
20636425ns          350853 1c008184 0027d793 srli             x15, x15, 0x2       x15=00000007 x15:0000001c
20636445ns          350854 1c008186 01d00833 add              x16, x0, x29        x16=10000304 x29:10000304
20636465ns          350855 1c008188 00a00633 add              x12, x0, x10        x12=100007e4 x10:100007e4
20636485ns          350856 1c00818a 00000713 addi             x14, x0, 0          x14=00000000
20636505ns          350857 1c00818c 00178793 addi             x15, x15, 1         x15=00000008 x15:00000007
20636525ns          350858 1c00818e 0067c0fb lp.setup         0x1, x15, 0x6       x15:00000008
20636544ns          350859 1c008192 0046230b p.lw             x6, 4(x12!)          x6=000039a9 x12=100007e8 x12:100007e4  PA:100007e4
20636564ns          350860 1c008196 2078788b p.lw             x17, x7(x16!)       x17=00000031 x16=10000324  x7:00000020 x16:10000304  PA:10000304
20636604ns          350862 1c00819a 43130733 p.mac            x14, x6, x17        x14=000b0959 x14:00000000  x6:000039a9 x17:00000031
20636624ns          350863 1c008192 0046230b p.lw             x6, 4(x12!)          x6=00003c90 x12=100007ec x12:100007e8  PA:100007e8
20636644ns          350864 1c008196 2078788b p.lw             x17, x7(x16!)       x17=00000029 x16=10000344  x7:00000020 x16:10000324  PA:10000324
20636684ns          350866 1c00819a 43130733 p.mac            x14, x6, x17        x14=0014bc69 x14:000b0959  x6:00003c90 x17:00000029
20636704ns          350867 1c008192 0046230b p.lw             x6, 4(x12!)          x6=00003f77 x12=100007f0 x12:100007ec  PA:100007ec
20636723ns          350868 1c008196 2078788b p.lw             x17, x7(x16!)       x17=00000021 x16=10000364  x7:00000020 x16:10000344  PA:10000344
20636763ns          350870 1c00819a 43130733 p.mac            x14, x6, x17        x14=001ceac0 x14:0014bc69  x6:00003f77 x17:00000021
20636783ns          350871 1c008192 0046230b p.lw             x6, 4(x12!)          x6=0000425e x12=100007f4 x12:100007f0  PA:100007f0
20636803ns          350872 1c008196 2078788b p.lw             x17, x7(x16!)       x17=00000019 x16=10000384  x7:00000020 x16:10000364  PA:10000364
20636843ns          350874 1c00819a 43130733 p.mac            x14, x6, x17        x14=002365ee x14:001ceac0  x6:0000425e x17:00000019
20636863ns          350875 1c008192 0046230b p.lw             x6, 4(x12!)          x6=00004545 x12=100007f8 x12:100007f4  PA:100007f4
20636883ns          350876 1c008196 2078788b p.lw             x17, x7(x16!)       x17=00000011 x16=100003a4  x7:00000020 x16:10000384  PA:10000384
20636922ns          350878 1c00819a 43130733 p.mac            x14, x6, x17        x14=0027ff83 x14:002365ee  x6:00004545 x17:00000011
20636942ns          350879 1c008192 0046230b p.lw             x6, 4(x12!)          x6=0000482c x12=100007fc x12:100007f8  PA:100007f8
20636962ns          350880 1c008196 2078788b p.lw             x17, x7(x16!)       x17=00000009 x16=100003c4  x7:00000020 x16:100003a4  PA:100003a4
20637002ns          350882 1c00819a 43130733 p.mac            x14, x6, x17        x14=002a890f x14:0027ff83  x6:0000482c x17:00000009
20637022ns          350883 1c008192 0046230b p.lw             x6, 4(x12!)          x6=00004b13 x12=10000800 x12:100007fc  PA:100007fc
20637042ns          350884 1c008196 2078788b p.lw             x17, x7(x16!)       x17=00000001 x16=100003e4  x7:00000020 x16:100003c4  PA:100003c4
20637082ns          350886 1c00819a 43130733 p.mac            x14, x6, x17        x14=002ad422 x14:002a890f  x6:00004b13 x17:00000001
20637101ns          350887 1c008192 0046230b p.lw             x6, 4(x12!)          x6=00004dfa x12=10000804 x12:10000800  PA:10000800
20637121ns          350888 1c008196 2078788b p.lw             x17, x7(x16!)       x17=fffffff9 x16=10000404  x7:00000020 x16:100003e4  PA:100003e4
20637161ns          350890 1c00819a 43130733 p.mac            x14, x6, x17        x14=0028b24c x14:002ad422  x6:00004dfa x17:fffffff9
20637181ns          350891 1c00819e 00ef222b p.sw             x14, 4(x30!)        x30=10000ee8 x14:0028b24c x30:10000ee4  PA:10000ee4
20637201ns          350892 1c0081a2 004e8e93 addi             x29, x29, 4         x29=10000308 x29:10000304
20637241ns          350894 1c00817e 40af87b3 sub              x15, x31, x10       x15=00000020 x31:10000804 x10:100007e4
20637261ns          350895 1c008182 ffc78793 addi             x15, x15, -4        x15=0000001c x15:00000020
20637280ns          350896 1c008184 0027d793 srli             x15, x15, 0x2       x15=00000007 x15:0000001c
20637300ns          350897 1c008186 01d00833 add              x16, x0, x29        x16=10000308 x29:10000308
20637320ns          350898 1c008188 00a00633 add              x12, x0, x10        x12=100007e4 x10:100007e4
20637340ns          350899 1c00818a 00000713 addi             x14, x0, 0          x14=00000000
20637360ns          350900 1c00818c 00178793 addi             x15, x15, 1         x15=00000008 x15:00000007
20637380ns          350901 1c00818e 0067c0fb lp.setup         0x1, x15, 0x6       x15:00000008
20637400ns          350902 1c008192 0046230b p.lw             x6, 4(x12!)          x6=000039a9 x12=100007e8 x12:100007e4  PA:100007e4
20637420ns          350903 1c008196 2078788b p.lw             x17, x7(x16!)       x17=00000030 x16=10000328  x7:00000020 x16:10000308  PA:10000308
20637459ns          350905 1c00819a 43130733 p.mac            x14, x6, x17        x14=000acfb0 x14:00000000  x6:000039a9 x17:00000030
20637479ns          350906 1c008192 0046230b p.lw             x6, 4(x12!)          x6=00003c90 x12=100007ec x12:100007e8  PA:100007e8
20637499ns          350907 1c008196 2078788b p.lw             x17, x7(x16!)       x17=00000028 x16=10000348  x7:00000020 x16:10000328  PA:10000328
20637539ns          350909 1c00819a 43130733 p.mac            x14, x6, x17        x14=00144630 x14:000acfb0  x6:00003c90 x17:00000028
20637559ns          350910 1c008192 0046230b p.lw             x6, 4(x12!)          x6=00003f77 x12=100007f0 x12:100007ec  PA:100007ec
20637579ns          350911 1c008196 2078788b p.lw             x17, x7(x16!)       x17=00000020 x16=10000368  x7:00000020 x16:10000348  PA:10000348
20637619ns          350913 1c00819a 43130733 p.mac            x14, x6, x17        x14=001c3510 x14:00144630  x6:00003f77 x17:00000020
20637638ns          350914 1c008192 0046230b p.lw             x6, 4(x12!)          x6=0000425e x12=100007f4 x12:100007f0  PA:100007f0
20637658ns          350915 1c008196 2078788b p.lw             x17, x7(x16!)       x17=00000018 x16=10000388  x7:00000020 x16:10000368  PA:10000368
20637698ns          350917 1c00819a 43130733 p.mac            x14, x6, x17        x14=00226de0 x14:001c3510  x6:0000425e x17:00000018
20637718ns          350918 1c008192 0046230b p.lw             x6, 4(x12!)          x6=00004545 x12=100007f8 x12:100007f4  PA:100007f4
20637738ns          350919 1c008196 2078788b p.lw             x17, x7(x16!)       x17=00000010 x16=100003a8  x7:00000020 x16:10000388  PA:10000388
20637778ns          350921 1c00819a 43130733 p.mac            x14, x6, x17        x14=0026c230 x14:00226de0  x6:00004545 x17:00000010
20637798ns          350922 1c008192 0046230b p.lw             x6, 4(x12!)          x6=0000482c x12=100007fc x12:100007f8  PA:100007f8
20637817ns          350923 1c008196 2078788b p.lw             x17, x7(x16!)       x17=00000008 x16=100003c8  x7:00000020 x16:100003a8  PA:100003a8
20637857ns          350925 1c00819a 43130733 p.mac            x14, x6, x17        x14=00290390 x14:0026c230  x6:0000482c x17:00000008
20637877ns          350926 1c008192 0046230b p.lw             x6, 4(x12!)          x6=00004b13 x12=10000800 x12:100007fc  PA:100007fc
20637897ns          350927 1c008196 2078788b p.lw             x17, x7(x16!)       x17=00000000 x16=100003e8  x7:00000020 x16:100003c8  PA:100003c8
20637937ns          350929 1c00819a 43130733 p.mac            x14, x6, x17        x14=00290390 x14:00290390  x6:00004b13 x17:00000000
20637957ns          350930 1c008192 0046230b p.lw             x6, 4(x12!)          x6=00004dfa x12=10000804 x12:10000800  PA:10000800
20637977ns          350931 1c008196 2078788b p.lw             x17, x7(x16!)       x17=fffffff8 x16=10000408  x7:00000020 x16:100003e8  PA:100003e8
20638016ns          350933 1c00819a 43130733 p.mac            x14, x6, x17        x14=002693c0 x14:00290390  x6:00004dfa x17:fffffff8
20638036ns          350934 1c00819e 00ef222b p.sw             x14, 4(x30!)        x30=10000eec x14:002693c0 x30:10000ee8  PA:10000ee8
20638056ns          350935 1c0081a2 004e8e93 addi             x29, x29, 4         x29=1000030c x29:10000308
20638096ns          350937 1c00817e 40af87b3 sub              x15, x31, x10       x15=00000020 x31:10000804 x10:100007e4
20638116ns          350938 1c008182 ffc78793 addi             x15, x15, -4        x15=0000001c x15:00000020
20638136ns          350939 1c008184 0027d793 srli             x15, x15, 0x2       x15=00000007 x15:0000001c
20638156ns          350940 1c008186 01d00833 add              x16, x0, x29        x16=1000030c x29:1000030c
20638176ns          350941 1c008188 00a00633 add              x12, x0, x10        x12=100007e4 x10:100007e4
20638195ns          350942 1c00818a 00000713 addi             x14, x0, 0          x14=00000000
20638215ns          350943 1c00818c 00178793 addi             x15, x15, 1         x15=00000008 x15:00000007
20638235ns          350944 1c00818e 0067c0fb lp.setup         0x1, x15, 0x6       x15:00000008
20638255ns          350945 1c008192 0046230b p.lw             x6, 4(x12!)          x6=000039a9 x12=100007e8 x12:100007e4  PA:100007e4
20638275ns          350946 1c008196 2078788b p.lw             x17, x7(x16!)       x17=0000002f x16=1000032c  x7:00000020 x16:1000030c  PA:1000030c
20638315ns          350948 1c00819a 43130733 p.mac            x14, x6, x17        x14=000a9607 x14:00000000  x6:000039a9 x17:0000002f
20638335ns          350949 1c008192 0046230b p.lw             x6, 4(x12!)          x6=00003c90 x12=100007ec x12:100007e8  PA:100007e8
20638355ns          350950 1c008196 2078788b p.lw             x17, x7(x16!)       x17=00000027 x16=1000034c  x7:00000020 x16:1000032c  PA:1000032c
20638394ns          350952 1c00819a 43130733 p.mac            x14, x6, x17        x14=0013cff7 x14:000a9607  x6:00003c90 x17:00000027
20638414ns          350953 1c008192 0046230b p.lw             x6, 4(x12!)          x6=00003f77 x12=100007f0 x12:100007ec  PA:100007ec
20638434ns          350954 1c008196 2078788b p.lw             x17, x7(x16!)       x17=0000001f x16=1000036c  x7:00000020 x16:1000034c  PA:1000034c
20638474ns          350956 1c00819a 43130733 p.mac            x14, x6, x17        x14=001b7f60 x14:0013cff7  x6:00003f77 x17:0000001f
20638494ns          350957 1c008192 0046230b p.lw             x6, 4(x12!)          x6=0000425e x12=100007f4 x12:100007f0  PA:100007f0
20638514ns          350958 1c008196 2078788b p.lw             x17, x7(x16!)       x17=00000017 x16=1000038c  x7:00000020 x16:1000036c  PA:1000036c
20638553ns          350960 1c00819a 43130733 p.mac            x14, x6, x17        x14=002175d2 x14:001b7f60  x6:0000425e x17:00000017
20638573ns          350961 1c008192 0046230b p.lw             x6, 4(x12!)          x6=00004545 x12=100007f8 x12:100007f4  PA:100007f4
20638593ns          350962 1c008196 2078788b p.lw             x17, x7(x16!)       x17=0000000f x16=100003ac  x7:00000020 x16:1000038c  PA:1000038c
20638633ns          350964 1c00819a 43130733 p.mac            x14, x6, x17        x14=002584dd x14:002175d2  x6:00004545 x17:0000000f
20638653ns          350965 1c008192 0046230b p.lw             x6, 4(x12!)          x6=0000482c x12=100007fc x12:100007f8  PA:100007f8
20638673ns          350966 1c008196 2078788b p.lw             x17, x7(x16!)       x17=00000007 x16=100003cc  x7:00000020 x16:100003ac  PA:100003ac
20638713ns          350968 1c00819a 43130733 p.mac            x14, x6, x17        x14=00277e11 x14:002584dd  x6:0000482c x17:00000007
20638732ns          350969 1c008192 0046230b p.lw             x6, 4(x12!)          x6=00004b13 x12=10000800 x12:100007fc  PA:100007fc
20638752ns          350970 1c008196 2078788b p.lw             x17, x7(x16!)       x17=ffffffff x16=100003ec  x7:00000020 x16:100003cc  PA:100003cc
20638792ns          350972 1c00819a 43130733 p.mac            x14, x6, x17        x14=002732fe x14:00277e11  x6:00004b13 x17:ffffffff
20638812ns          350973 1c008192 0046230b p.lw             x6, 4(x12!)          x6=00004dfa x12=10000804 x12:10000800  PA:10000800
20638832ns          350974 1c008196 2078788b p.lw             x17, x7(x16!)       x17=fffffff7 x16=1000040c  x7:00000020 x16:100003ec  PA:100003ec
20638872ns          350976 1c00819a 43130733 p.mac            x14, x6, x17        x14=00247534 x14:002732fe  x6:00004dfa x17:fffffff7
20638892ns          350977 1c00819e 00ef222b p.sw             x14, 4(x30!)        x30=10000ef0 x14:00247534 x30:10000eec  PA:10000eec
20638911ns          350978 1c0081a2 004e8e93 addi             x29, x29, 4         x29=10000310 x29:1000030c
20638951ns          350980 1c00817e 40af87b3 sub              x15, x31, x10       x15=00000020 x31:10000804 x10:100007e4
20638971ns          350981 1c008182 ffc78793 addi             x15, x15, -4        x15=0000001c x15:00000020
20638991ns          350982 1c008184 0027d793 srli             x15, x15, 0x2       x15=00000007 x15:0000001c
20639011ns          350983 1c008186 01d00833 add              x16, x0, x29        x16=10000310 x29:10000310
20639031ns          350984 1c008188 00a00633 add              x12, x0, x10        x12=100007e4 x10:100007e4
20639051ns          350985 1c00818a 00000713 addi             x14, x0, 0          x14=00000000
20639071ns          350986 1c00818c 00178793 addi             x15, x15, 1         x15=00000008 x15:00000007
20639090ns          350987 1c00818e 0067c0fb lp.setup         0x1, x15, 0x6       x15:00000008
20639110ns          350988 1c008192 0046230b p.lw             x6, 4(x12!)          x6=000039a9 x12=100007e8 x12:100007e4  PA:100007e4
20639130ns          350989 1c008196 2078788b p.lw             x17, x7(x16!)       x17=0000002e x16=10000330  x7:00000020 x16:10000310  PA:10000310
20639170ns          350991 1c00819a 43130733 p.mac            x14, x6, x17        x14=000a5c5e x14:00000000  x6:000039a9 x17:0000002e
20639190ns          350992 1c008192 0046230b p.lw             x6, 4(x12!)          x6=00003c90 x12=100007ec x12:100007e8  PA:100007e8
20639210ns          350993 1c008196 2078788b p.lw             x17, x7(x16!)       x17=00000026 x16=10000350  x7:00000020 x16:10000330  PA:10000330
20639250ns          350995 1c00819a 43130733 p.mac            x14, x6, x17        x14=001359be x14:000a5c5e  x6:00003c90 x17:00000026
20639270ns          350996 1c008192 0046230b p.lw             x6, 4(x12!)          x6=00003f77 x12=100007f0 x12:100007ec  PA:100007ec
20639289ns          350997 1c008196 2078788b p.lw             x17, x7(x16!)       x17=0000001e x16=10000370  x7:00000020 x16:10000350  PA:10000350
20639329ns          350999 1c00819a 43130733 p.mac            x14, x6, x17        x14=001ac9b0 x14:001359be  x6:00003f77 x17:0000001e
20639349ns          351000 1c008192 0046230b p.lw             x6, 4(x12!)          x6=0000425e x12=100007f4 x12:100007f0  PA:100007f0
20639369ns          351001 1c008196 2078788b p.lw             x17, x7(x16!)       x17=00000016 x16=10000390  x7:00000020 x16:10000370  PA:10000370
20639409ns          351003 1c00819a 43130733 p.mac            x14, x6, x17        x14=00207dc4 x14:001ac9b0  x6:0000425e x17:00000016
20639429ns          351004 1c008192 0046230b p.lw             x6, 4(x12!)          x6=00004545 x12=100007f8 x12:100007f4  PA:100007f4
20639449ns          351005 1c008196 2078788b p.lw             x17, x7(x16!)       x17=0000000e x16=100003b0  x7:00000020 x16:10000390  PA:10000390
20639488ns          351007 1c00819a 43130733 p.mac            x14, x6, x17        x14=0024478a x14:00207dc4  x6:00004545 x17:0000000e
20639508ns          351008 1c008192 0046230b p.lw             x6, 4(x12!)          x6=0000482c x12=100007fc x12:100007f8  PA:100007f8
20639528ns          351009 1c008196 2078788b p.lw             x17, x7(x16!)       x17=00000006 x16=100003d0  x7:00000020 x16:100003b0  PA:100003b0
20639568ns          351011 1c00819a 43130733 p.mac            x14, x6, x17        x14=0025f892 x14:0024478a  x6:0000482c x17:00000006
20639588ns          351012 1c008192 0046230b p.lw             x6, 4(x12!)          x6=00004b13 x12=10000800 x12:100007fc  PA:100007fc
20639608ns          351013 1c008196 2078788b p.lw             x17, x7(x16!)       x17=fffffffe x16=100003f0  x7:00000020 x16:100003d0  PA:100003d0
20639647ns          351015 1c00819a 43130733 p.mac            x14, x6, x17        x14=0025626c x14:0025f892  x6:00004b13 x17:fffffffe
20639667ns          351016 1c008192 0046230b p.lw             x6, 4(x12!)          x6=00004dfa x12=10000804 x12:10000800  PA:10000800
20639687ns          351017 1c008196 2078788b p.lw             x17, x7(x16!)       x17=fffffff6 x16=10000410  x7:00000020 x16:100003f0  PA:100003f0
20639727ns          351019 1c00819a 43130733 p.mac            x14, x6, x17        x14=002256a8 x14:0025626c  x6:00004dfa x17:fffffff6
20639747ns          351020 1c00819e 00ef222b p.sw             x14, 4(x30!)        x30=10000ef4 x14:002256a8 x30:10000ef0  PA:10000ef0
20639767ns          351021 1c0081a2 004e8e93 addi             x29, x29, 4         x29=10000314 x29:10000310
20639807ns          351023 1c00817e 40af87b3 sub              x15, x31, x10       x15=00000020 x31:10000804 x10:100007e4
20639826ns          351024 1c008182 ffc78793 addi             x15, x15, -4        x15=0000001c x15:00000020
20639846ns          351025 1c008184 0027d793 srli             x15, x15, 0x2       x15=00000007 x15:0000001c
20639866ns          351026 1c008186 01d00833 add              x16, x0, x29        x16=10000314 x29:10000314
20639886ns          351027 1c008188 00a00633 add              x12, x0, x10        x12=100007e4 x10:100007e4
20639906ns          351028 1c00818a 00000713 addi             x14, x0, 0          x14=00000000
20639926ns          351029 1c00818c 00178793 addi             x15, x15, 1         x15=00000008 x15:00000007
20639946ns          351030 1c00818e 0067c0fb lp.setup         0x1, x15, 0x6       x15:00000008
20639966ns          351031 1c008192 0046230b p.lw             x6, 4(x12!)          x6=000039a9 x12=100007e8 x12:100007e4  PA:100007e4
20639986ns          351032 1c008196 2078788b p.lw             x17, x7(x16!)       x17=0000002d x16=10000334  x7:00000020 x16:10000314  PA:10000314
20640025ns          351034 1c00819a 43130733 p.mac            x14, x6, x17        x14=000a22b5 x14:00000000  x6:000039a9 x17:0000002d
20640045ns          351035 1c008192 0046230b p.lw             x6, 4(x12!)          x6=00003c90 x12=100007ec x12:100007e8  PA:100007e8
20640065ns          351036 1c008196 2078788b p.lw             x17, x7(x16!)       x17=00000025 x16=10000354  x7:00000020 x16:10000334  PA:10000334
20640105ns          351038 1c00819a 43130733 p.mac            x14, x6, x17        x14=0012e385 x14:000a22b5  x6:00003c90 x17:00000025
20640125ns          351039 1c008192 0046230b p.lw             x6, 4(x12!)          x6=00003f77 x12=100007f0 x12:100007ec  PA:100007ec
20640145ns          351040 1c008196 2078788b p.lw             x17, x7(x16!)       x17=0000001d x16=10000374  x7:00000020 x16:10000354  PA:10000354
20640184ns          351042 1c00819a 43130733 p.mac            x14, x6, x17        x14=001a1400 x14:0012e385  x6:00003f77 x17:0000001d
20640204ns          351043 1c008192 0046230b p.lw             x6, 4(x12!)          x6=0000425e x12=100007f4 x12:100007f0  PA:100007f0
20640224ns          351044 1c008196 2078788b p.lw             x17, x7(x16!)       x17=00000015 x16=10000394  x7:00000020 x16:10000374  PA:10000374
20640264ns          351046 1c00819a 43130733 p.mac            x14, x6, x17        x14=001f85b6 x14:001a1400  x6:0000425e x17:00000015
20640284ns          351047 1c008192 0046230b p.lw             x6, 4(x12!)          x6=00004545 x12=100007f8 x12:100007f4  PA:100007f4
20640304ns          351048 1c008196 2078788b p.lw             x17, x7(x16!)       x17=0000000d x16=100003b4  x7:00000020 x16:10000394  PA:10000394
20640344ns          351050 1c00819a 43130733 p.mac            x14, x6, x17        x14=00230a37 x14:001f85b6  x6:00004545 x17:0000000d
20640364ns          351051 1c008192 0046230b p.lw             x6, 4(x12!)          x6=0000482c x12=100007fc x12:100007f8  PA:100007f8
20640383ns          351052 1c008196 2078788b p.lw             x17, x7(x16!)       x17=00000005 x16=100003d4  x7:00000020 x16:100003b4  PA:100003b4
20640423ns          351054 1c00819a 43130733 p.mac            x14, x6, x17        x14=00247313 x14:00230a37  x6:0000482c x17:00000005
20640443ns          351055 1c008192 0046230b p.lw             x6, 4(x12!)          x6=00004b13 x12=10000800 x12:100007fc  PA:100007fc
20640463ns          351056 1c008196 2078788b p.lw             x17, x7(x16!)       x17=fffffffd x16=100003f4  x7:00000020 x16:100003d4  PA:100003d4
20640503ns          351058 1c00819a 43130733 p.mac            x14, x6, x17        x14=002391da x14:00247313  x6:00004b13 x17:fffffffd
20640523ns          351059 1c008192 0046230b p.lw             x6, 4(x12!)          x6=00004dfa x12=10000804 x12:10000800  PA:10000800
20640543ns          351060 1c008196 2078788b p.lw             x17, x7(x16!)       x17=fffffff5 x16=10000414  x7:00000020 x16:100003f4  PA:100003f4
20640582ns          351062 1c00819a 43130733 p.mac            x14, x6, x17        x14=0020381c x14:002391da  x6:00004dfa x17:fffffff5
20640602ns          351063 1c00819e 00ef222b p.sw             x14, 4(x30!)        x30=10000ef8 x14:0020381c x30:10000ef4  PA:10000ef4
20640622ns          351064 1c0081a2 004e8e93 addi             x29, x29, 4         x29=10000318 x29:10000314
20640662ns          351066 1c00817e 40af87b3 sub              x15, x31, x10       x15=00000020 x31:10000804 x10:100007e4
20640682ns          351067 1c008182 ffc78793 addi             x15, x15, -4        x15=0000001c x15:00000020
20640702ns          351068 1c008184 0027d793 srli             x15, x15, 0x2       x15=00000007 x15:0000001c
20640722ns          351069 1c008186 01d00833 add              x16, x0, x29        x16=10000318 x29:10000318
20640741ns          351070 1c008188 00a00633 add              x12, x0, x10        x12=100007e4 x10:100007e4
20640761ns          351071 1c00818a 00000713 addi             x14, x0, 0          x14=00000000
20640781ns          351072 1c00818c 00178793 addi             x15, x15, 1         x15=00000008 x15:00000007
20640801ns          351073 1c00818e 0067c0fb lp.setup         0x1, x15, 0x6       x15:00000008
20640821ns          351074 1c008192 0046230b p.lw             x6, 4(x12!)          x6=000039a9 x12=100007e8 x12:100007e4  PA:100007e4
20640841ns          351075 1c008196 2078788b p.lw             x17, x7(x16!)       x17=0000002c x16=10000338  x7:00000020 x16:10000318  PA:10000318
20640881ns          351077 1c00819a 43130733 p.mac            x14, x6, x17        x14=0009e90c x14:00000000  x6:000039a9 x17:0000002c
20640901ns          351078 1c008192 0046230b p.lw             x6, 4(x12!)          x6=00003c90 x12=100007ec x12:100007e8  PA:100007e8
20640920ns          351079 1c008196 2078788b p.lw             x17, x7(x16!)       x17=00000024 x16=10000358  x7:00000020 x16:10000338  PA:10000338
20640960ns          351081 1c00819a 43130733 p.mac            x14, x6, x17        x14=00126d4c x14:0009e90c  x6:00003c90 x17:00000024
20640980ns          351082 1c008192 0046230b p.lw             x6, 4(x12!)          x6=00003f77 x12=100007f0 x12:100007ec  PA:100007ec
20641000ns          351083 1c008196 2078788b p.lw             x17, x7(x16!)       x17=0000001c x16=10000378  x7:00000020 x16:10000358  PA:10000358
20641040ns          351085 1c00819a 43130733 p.mac            x14, x6, x17        x14=00195e50 x14:00126d4c  x6:00003f77 x17:0000001c
20641060ns          351086 1c008192 0046230b p.lw             x6, 4(x12!)          x6=0000425e x12=100007f4 x12:100007f0  PA:100007f0
20641080ns          351087 1c008196 2078788b p.lw             x17, x7(x16!)       x17=00000014 x16=10000398  x7:00000020 x16:10000378  PA:10000378
20641119ns          351089 1c00819a 43130733 p.mac            x14, x6, x17        x14=001e8da8 x14:00195e50  x6:0000425e x17:00000014
20641139ns          351090 1c008192 0046230b p.lw             x6, 4(x12!)          x6=00004545 x12=100007f8 x12:100007f4  PA:100007f4
20641159ns          351091 1c008196 2078788b p.lw             x17, x7(x16!)       x17=0000000c x16=100003b8  x7:00000020 x16:10000398  PA:10000398
20641199ns          351093 1c00819a 43130733 p.mac            x14, x6, x17        x14=0021cce4 x14:001e8da8  x6:00004545 x17:0000000c
20641219ns          351094 1c008192 0046230b p.lw             x6, 4(x12!)          x6=0000482c x12=100007fc x12:100007f8  PA:100007f8
20641259ns          351096 1c008196 2078788b p.lw             x17, x7(x16!)       x17=00000004 x16=100003d8  x7:00000020 x16:100003b8  PA:100003b8
20641298ns          351098 1c00819a 43130733 p.mac            x14, x6, x17        x14=0022ed94 x14:0021cce4  x6:0000482c x17:00000004
20641318ns          351099 1c008192 0046230b p.lw             x6, 4(x12!)          x6=00004b13 x12=10000800 x12:100007fc  PA:100007fc
20641338ns          351100 1c008196 2078788b p.lw             x17, x7(x16!)       x17=fffffffc x16=100003f8  x7:00000020 x16:100003d8  PA:100003d8
20641378ns          351102 1c00819a 43130733 p.mac            x14, x6, x17        x14=0021c148 x14:0022ed94  x6:00004b13 x17:fffffffc
20641398ns          351103 1c008192 0046230b p.lw             x6, 4(x12!)          x6=00004dfa x12=10000804 x12:10000800  PA:10000800
20641418ns          351104 1c008196 2078788b p.lw             x17, x7(x16!)       x17=fffffff4 x16=10000418  x7:00000020 x16:100003f8  PA:100003f8
20641457ns          351106 1c00819a 43130733 p.mac            x14, x6, x17        x14=001e1990 x14:0021c148  x6:00004dfa x17:fffffff4
20641477ns          351107 1c00819e 00ef222b p.sw             x14, 4(x30!)        x30=10000efc x14:001e1990 x30:10000ef8  PA:10000ef8
20641497ns          351108 1c0081a2 004e8e93 addi             x29, x29, 4         x29=1000031c x29:10000318
20641537ns          351110 1c00817e 40af87b3 sub              x15, x31, x10       x15=00000020 x31:10000804 x10:100007e4
20641557ns          351111 1c008182 ffc78793 addi             x15, x15, -4        x15=0000001c x15:00000020
20641577ns          351112 1c008184 0027d793 srli             x15, x15, 0x2       x15=00000007 x15:0000001c
20641597ns          351113 1c008186 01d00833 add              x16, x0, x29        x16=1000031c x29:1000031c
20641617ns          351114 1c008188 00a00633 add              x12, x0, x10        x12=100007e4 x10:100007e4
20641637ns          351115 1c00818a 00000713 addi             x14, x0, 0          x14=00000000
20641656ns          351116 1c00818c 00178793 addi             x15, x15, 1         x15=00000008 x15:00000007
20641676ns          351117 1c00818e 0067c0fb lp.setup         0x1, x15, 0x6       x15:00000008
20641696ns          351118 1c008192 0046230b p.lw             x6, 4(x12!)          x6=000039a9 x12=100007e8 x12:100007e4  PA:100007e4
20641716ns          351119 1c008196 2078788b p.lw             x17, x7(x16!)       x17=0000002b x16=1000033c  x7:00000020 x16:1000031c  PA:1000031c
20641756ns          351121 1c00819a 43130733 p.mac            x14, x6, x17        x14=0009af63 x14:00000000  x6:000039a9 x17:0000002b
20641776ns          351122 1c008192 0046230b p.lw             x6, 4(x12!)          x6=00003c90 x12=100007ec x12:100007e8  PA:100007e8
20641796ns          351123 1c008196 2078788b p.lw             x17, x7(x16!)       x17=00000023 x16=1000035c  x7:00000020 x16:1000033c  PA:1000033c
20641835ns          351125 1c00819a 43130733 p.mac            x14, x6, x17        x14=0011f713 x14:0009af63  x6:00003c90 x17:00000023
20641855ns          351126 1c008192 0046230b p.lw             x6, 4(x12!)          x6=00003f77 x12=100007f0 x12:100007ec  PA:100007ec
20641875ns          351127 1c008196 2078788b p.lw             x17, x7(x16!)       x17=0000001b x16=1000037c  x7:00000020 x16:1000035c  PA:1000035c
20641915ns          351129 1c00819a 43130733 p.mac            x14, x6, x17        x14=0018a8a0 x14:0011f713  x6:00003f77 x17:0000001b
20641935ns          351130 1c008192 0046230b p.lw             x6, 4(x12!)          x6=0000425e x12=100007f4 x12:100007f0  PA:100007f0
20641955ns          351131 1c008196 2078788b p.lw             x17, x7(x16!)       x17=00000013 x16=1000039c  x7:00000020 x16:1000037c  PA:1000037c
20641995ns          351133 1c00819a 43130733 p.mac            x14, x6, x17        x14=001d959a x14:0018a8a0  x6:0000425e x17:00000013
20642014ns          351134 1c008192 0046230b p.lw             x6, 4(x12!)          x6=00004545 x12=100007f8 x12:100007f4  PA:100007f4
20642034ns          351135 1c008196 2078788b p.lw             x17, x7(x16!)       x17=0000000b x16=100003bc  x7:00000020 x16:1000039c  PA:1000039c
20642074ns          351137 1c00819a 43130733 p.mac            x14, x6, x17        x14=00208f91 x14:001d959a  x6:00004545 x17:0000000b
20642094ns          351138 1c008192 0046230b p.lw             x6, 4(x12!)          x6=0000482c x12=100007fc x12:100007f8  PA:100007f8
20642114ns          351139 1c008196 2078788b p.lw             x17, x7(x16!)       x17=00000003 x16=100003dc  x7:00000020 x16:100003bc  PA:100003bc
20642154ns          351141 1c00819a 43130733 p.mac            x14, x6, x17        x14=00216815 x14:00208f91  x6:0000482c x17:00000003
20642174ns          351142 1c008192 0046230b p.lw             x6, 4(x12!)          x6=00004b13 x12=10000800 x12:100007fc  PA:100007fc
20642193ns          351143 1c008196 2078788b p.lw             x17, x7(x16!)       x17=fffffffb x16=100003fc  x7:00000020 x16:100003dc  PA:100003dc
20642233ns          351145 1c00819a 43130733 p.mac            x14, x6, x17        x14=001ff0b6 x14:00216815  x6:00004b13 x17:fffffffb
20642253ns          351146 1c008192 0046230b p.lw             x6, 4(x12!)          x6=00004dfa x12=10000804 x12:10000800  PA:10000800
20642273ns          351147 1c008196 2078788b p.lw             x17, x7(x16!)       x17=fffffff3 x16=1000041c  x7:00000020 x16:100003fc  PA:100003fc
20642313ns          351149 1c00819a 43130733 p.mac            x14, x6, x17        x14=001bfb04 x14:001ff0b6  x6:00004dfa x17:fffffff3
20642333ns          351150 1c00819e 00ef222b p.sw             x14, 4(x30!)        x30=10000f00 x14:001bfb04 x30:10000efc  PA:10000efc
20642353ns          351151 1c0081a2 004e8e93 addi             x29, x29, 4         x29=10000320 x29:1000031c
20642392ns          351153 1c00817e 40af87b3 sub              x15, x31, x10       x15=00000020 x31:10000804 x10:100007e4
20642412ns          351154 1c008182 ffc78793 addi             x15, x15, -4        x15=0000001c x15:00000020
20642432ns          351155 1c008184 0027d793 srli             x15, x15, 0x2       x15=00000007 x15:0000001c
20642452ns          351156 1c008186 01d00833 add              x16, x0, x29        x16=10000320 x29:10000320
20642472ns          351157 1c008188 00a00633 add              x12, x0, x10        x12=100007e4 x10:100007e4
20642492ns          351158 1c00818a 00000713 addi             x14, x0, 0          x14=00000000
20642512ns          351159 1c00818c 00178793 addi             x15, x15, 1         x15=00000008 x15:00000007
20642532ns          351160 1c00818e 0067c0fb lp.setup         0x1, x15, 0x6       x15:00000008
20642551ns          351161 1c008192 0046230b p.lw             x6, 4(x12!)          x6=000039a9 x12=100007e8 x12:100007e4  PA:100007e4
20642571ns          351162 1c008196 2078788b p.lw             x17, x7(x16!)       x17=0000002a x16=10000340  x7:00000020 x16:10000320  PA:10000320
20642611ns          351164 1c00819a 43130733 p.mac            x14, x6, x17        x14=000975ba x14:00000000  x6:000039a9 x17:0000002a
20642631ns          351165 1c008192 0046230b p.lw             x6, 4(x12!)          x6=00003c90 x12=100007ec x12:100007e8  PA:100007e8
20642651ns          351166 1c008196 2078788b p.lw             x17, x7(x16!)       x17=00000022 x16=10000360  x7:00000020 x16:10000340  PA:10000340
20642691ns          351168 1c00819a 43130733 p.mac            x14, x6, x17        x14=001180da x14:000975ba  x6:00003c90 x17:00000022
20642711ns          351169 1c008192 0046230b p.lw             x6, 4(x12!)          x6=00003f77 x12=100007f0 x12:100007ec  PA:100007ec
20642731ns          351170 1c008196 2078788b p.lw             x17, x7(x16!)       x17=0000001a x16=10000380  x7:00000020 x16:10000360  PA:10000360
20642770ns          351172 1c00819a 43130733 p.mac            x14, x6, x17        x14=0017f2f0 x14:001180da  x6:00003f77 x17:0000001a
20642790ns          351173 1c008192 0046230b p.lw             x6, 4(x12!)          x6=0000425e x12=100007f4 x12:100007f0  PA:100007f0
20642810ns          351174 1c008196 2078788b p.lw             x17, x7(x16!)       x17=00000012 x16=100003a0  x7:00000020 x16:10000380  PA:10000380
20642850ns          351176 1c00819a 43130733 p.mac            x14, x6, x17        x14=001c9d8c x14:0017f2f0  x6:0000425e x17:00000012
20642870ns          351177 1c008192 0046230b p.lw             x6, 4(x12!)          x6=00004545 x12=100007f8 x12:100007f4  PA:100007f4
20642890ns          351178 1c008196 2078788b p.lw             x17, x7(x16!)       x17=0000000a x16=100003c0  x7:00000020 x16:100003a0  PA:100003a0
20642929ns          351180 1c00819a 43130733 p.mac            x14, x6, x17        x14=001f523e x14:001c9d8c  x6:00004545 x17:0000000a
20642949ns          351181 1c008192 0046230b p.lw             x6, 4(x12!)          x6=0000482c x12=100007fc x12:100007f8  PA:100007f8
20642969ns          351182 1c008196 2078788b p.lw             x17, x7(x16!)       x17=00000002 x16=100003e0  x7:00000020 x16:100003c0  PA:100003c0
20643009ns          351184 1c00819a 43130733 p.mac            x14, x6, x17        x14=001fe296 x14:001f523e  x6:0000482c x17:00000002
20643029ns          351185 1c008192 0046230b p.lw             x6, 4(x12!)          x6=00004b13 x12=10000800 x12:100007fc  PA:100007fc
20643049ns          351186 1c008196 2078788b p.lw             x17, x7(x16!)       x17=fffffffa x16=10000400  x7:00000020 x16:100003e0  PA:100003e0
20643089ns          351188 1c00819a 43130733 p.mac            x14, x6, x17        x14=001e2024 x14:001fe296  x6:00004b13 x17:fffffffa
20643108ns          351189 1c008192 0046230b p.lw             x6, 4(x12!)          x6=00004dfa x12=10000804 x12:10000800  PA:10000800
20643128ns          351190 1c008196 2078788b p.lw             x17, x7(x16!)       x17=fffffff2 x16=10000420  x7:00000020 x16:10000400  PA:10000400
20643168ns          351192 1c00819a 43130733 p.mac            x14, x6, x17        x14=0019dc78 x14:001e2024  x6:00004dfa x17:fffffff2
20643188ns          351193 1c00819e 00ef222b p.sw             x14, 4(x30!)        x30=10000f04 x14:0019dc78 x30:10000f00  PA:10000f00
20643208ns          351194 1c0081a2 004e8e93 addi             x29, x29, 4         x29=10000324 x29:10000320
20643228ns          351195 1c0081a4 00128293 addi             x5, x5, 1            x5=00000008  x5:00000007
20643248ns          351196 1c0081a6 00750533 add              x10, x10, x7        x10=10000804 x10:100007e4  x7:00000020
20643268ns          351197 1c0081a8 007f8fb3 add              x31, x31, x7        x31=10000824 x31:10000804  x7:00000020
20643287ns          351198 1c0081aa fa569fe3 bne              x13, x5, -66        x13:00000008  x5:00000008
20643307ns          351199 1c0081ae 00c12403 lw               x8, 12(x2)           x8=10000004  x2:10002f88  PA:10002f94
20643327ns          351200 1c0081b0 00812483 lw               x9, 8(x2)            x9=10001004  x2:10002f88  PA:10002f90
20643347ns          351201 1c0081b2 01010113 addi             x2, x2, 16           x2=10002f98  x2:10002f88
20643367ns          351202 1c0081b4 00008067 jalr             x0, x1, 0            x1:1c009d06
20643407ns          351204 1c009d06 a17ff06f jal              x0, -1514          
20643486ns          351208 1c00971c 68f010ef jal              x1, 7822             x1=1c009720
20643546ns          351211 1c00b5aa f14027f3 csrrs            x15, x0, 0xf14      x15=00000003
20643566ns          351212 1c00b5ae 01f00713 addi             x14, x0, 31         x14=0000001f
20643586ns          351213 1c00b5b0 ca5797b3 p.extractu       x15, x15, 5, 5      x15=00000000 x15:00000003
20643606ns          351214 1c00b5b4 00e78863 beq              x15, x14, 16        x15:00000000 x14:0000001f
20643626ns          351215 1c00b5b8 002047b7 lui              x15, 0x204000       x15=00204000
20643645ns          351216 1c00b5bc 20078793 addi             x15, x15, 512       x15=00204200 x15:00204000
20643665ns          351217 1c00b5c0 01c7e703 p.elw            x14, 28(x15)        x14=00010000 x15:00204200  PA:0020421c
20643924ns          351230 1c00b5c4 00008067 jalr             x0, x1, 0            x1:1c009720
20644004ns          351234 1c009720 00300793 addi             x15, x0, 3          x15=00000003
20644043ns          351236 1c009722 5527f963 bgeu             x15, x18, 1362      x15:00000003 x18:00000003
20644103ns          351239 1c009c74 100014b7 lui              x9, 0x10001000       x9=10001000
20644123ns          351240 1c009c78 00448493 addi             x9, x9, 4            x9=10001004  x9:10001000
20644143ns          351241 1c009c7c fb5ff06f jal              x0, -76            
20644541ns          351261 1c009c30 ffefb7b7 lui              x15, 0xffefb000     x15=ffefb000
20644580ns          351263 1c009c34 a0c78793 addi             x15, x15, -1524     x15=ffefaa0c x15:ffefb000
20644600ns          351264 1c009c38 00f12823 sw               x15, 16(x2)         x15:ffefaa0c  x2:10002f98  PA:10002fa8
20644620ns          351265 1c009c3a fff087b7 lui              x15, 0xfff08000     x15=fff08000
20645078ns          351288 1c009c3e 6c078793 addi             x15, x15, 1728      x15=fff086c0 x15:fff08000
20645098ns          351289 1c009c42 00f12a23 sw               x15, 20(x2)         x15:fff086c0  x2:10002f98  PA:10002fac
20645117ns          351290 1c009c44 fff167b7 lui              x15, 0xfff16000     x15=fff16000
20645137ns          351291 1c009c48 37478793 addi             x15, x15, 884       x15=fff16374 x15:fff16000
20645157ns          351292 1c009c4c 00f12c23 sw               x15, 24(x2)         x15:fff16374  x2:10002f98  PA:10002fb0
20645217ns          351295 1c009c4e fff247b7 lui              x15, 0xfff24000     x15=fff24000
20645257ns          351297 1c009c52 02878793 addi             x15, x15, 40        x15=fff24028 x15:fff24000
20645277ns          351298 1c009c56 00f12e23 sw               x15, 28(x2)         x15:fff24028  x2:10002f98  PA:10002fb4
20645296ns          351299 1c009c58 00291913 slli             x18, x18, 0x2       x18=0000000c x18:00000003
20645316ns          351300 1c009c5a 02010793 addi             x15, x2, 32         x15=10002fb8  x2:10002f98
20645336ns          351301 1c009c5c 012484b3 add              x9, x9, x18          x9=10001010  x9:10001004 x18:0000000c
20645356ns          351302 1c009c5e 00f90933 add              x18, x18, x15       x18=10002fc4 x18:0000000c x15:10002fb8
20645694ns          351319 1c009c60 c004a503 lw               x10, -1024(x9)      x10=fff24028  x9:10001010  PA:10000c10
20645734ns          351321 1c009c64 ff092783 lw               x15, -16(x18)       x15=fff24028 x18:10002fc4  PA:10002fb4
20645774ns          351323 1c009c68 40f50533 sub              x10, x10, x15       x10=00000000 x10:fff24028 x15:fff24028
20645794ns          351324 1c009c6a 00a03533 sltu             x10, x0, x10        x10=00000000 x10:00000000
20645814ns          351325 1c009c6e 7b4010ef jal              x1, 6068             x1=1c009c72
20646371ns          351353 1c00b422 1c0017b7 lui              x15, 0x1c001000     x15=1c001000
20646390ns          351354 1c00b426 8507a783 lw               x15, -1968(x15)     x15=00000001 x15:1c001000  PA:1c000850
20646808ns          351375 1c00b42a 00079263 bne              x15, x0, 4          x15:00000001
20646888ns          351379 1c00b42e ff010113 addi             x2, x2, -16          x2=10002f88  x2:10002f98
20646908ns          351380 1c00b430 00812423 sw               x8, 8(x2)            x8:10000004  x2:10002f88  PA:10002f90
20646927ns          351381 1c00b432 00a00433 add              x8, x0, x10          x8=00000000 x10:00000000
20646947ns          351382 1c00b434 1c000537 lui              x10, 0x1c000000     x10=1c000000
20646967ns          351383 1c00b438 03050513 addi             x10, x10, 48        x10=1c000030 x10:1c000000
20646987ns          351384 1c00b43c 00112623 sw               x1, 12(x2)           x1:1c009c72  x2:10002f88  PA:10002f94
20647405ns          351405 1c00b43e e89fe0ef jal              x1, -4472            x1=1c00b442
20647842ns          351427 1c00a2c6 fc010113 addi             x2, x2, -64          x2=10002f48  x2:10002f88
20647882ns          351429 1c00a2c8 02410313 addi             x6, x2, 36           x6=10002f6c  x2:10002f48
20647902ns          351430 1c00a2cc 02c12423 sw               x12, 40(x2)         x12:10000804  x2:10002f48  PA:10002f70
20647922ns          351431 1c00a2ce 00a00633 add              x12, x0, x10        x12=1c000030 x10:1c000030
20648360ns          351453 1c00a2d0 1c00a537 lui              x10, 0x1c00a000     x10=1c00a000
20648399ns          351455 1c00a2d4 02b12223 sw               x11, 36(x2)         x11:10000304  x2:10002f48  PA:10002f6c
20648419ns          351456 1c00a2d6 02d12623 sw               x13, 44(x2)         x13:00000008  x2:10002f48  PA:10002f74
20648439ns          351457 1c00a2d8 00200593 addi             x11, x0, 2          x11=00000002
20648459ns          351458 1c00a2da 006006b3 add              x13, x0, x6         x13=10002f6c  x6:10002f6c
20648479ns          351459 1c00a2dc 28250513 addi             x10, x10, 642       x10=1c00a282 x10:1c00a000
20648877ns          351479 1c00a2e0 00112e23 sw               x1, 28(x2)           x1:1c00b442  x2:10002f48  PA:10002f64
20648897ns          351480 1c00a2e2 02e12823 sw               x14, 48(x2)         x14:00010000  x2:10002f48  PA:10002f78
20648917ns          351481 1c00a2e4 02f12a23 sw               x15, 52(x2)         x15:00000001  x2:10002f48  PA:10002f7c
20648936ns          351482 1c00a2e6 03012c23 sw               x16, 56(x2)         x16:10000420  x2:10002f48  PA:10002f80
20648956ns          351483 1c00a2e8 03112e23 sw               x17, 60(x2)         x17:fffffff2  x2:10002f48  PA:10002f84
20648976ns          351484 1c00a2ea 00612623 sw               x6, 12(x2)           x6:10002f6c  x2:10002f48  PA:10002f54
20648996ns          351485 1c00a2ec fbfff0ef jal              x1, -66              x1=1c00a2ee
20649851ns          351528 1c00a2aa 04a0006f jal              x0, 74             
20649891ns          351530 1c00a2f4 ed010113 addi             x2, x2, -304         x2=10002e18  x2:10002f48
20649911ns          351531 1c00a2f6 12812423 sw               x8, 296(x2)          x8:00000000  x2:10002e18  PA:10002f40
20649931ns          351532 1c00a2fa 00000413 addi             x8, x0, 0            x8=00000000
20649951ns          351533 1c00a2fc 11612823 sw               x22, 272(x2)        x22:xxxxxxxx  x2:10002e18  PA:10002f28
20650369ns          351554 1c00a300 11712623 sw               x23, 268(x2)        x23:xxxxxxxx  x2:10002e18  PA:10002f24
20650408ns          351556 1c00a304 11812423 sw               x24, 264(x2)        x24:xxxxxxxx  x2:10002e18  PA:10002f20
20650428ns          351557 1c00a308 11912223 sw               x25, 260(x2)        x25:xxxxxxxx  x2:10002e18  PA:10002f1c
20650448ns          351558 1c00a30c 11a12023 sw               x26, 256(x2)        x26:xxxxxxxx  x2:10002e18  PA:10002f18
20650886ns          351580 1c00a310 0fb12e23 sw               x27, 252(x2)        x27:xxxxxxxx  x2:10002e18  PA:10002f14
20650925ns          351582 1c00a312 12112623 sw               x1, 300(x2)          x1:1c00a2ee  x2:10002e18  PA:10002f44
20650945ns          351583 1c00a316 00800db3 add              x27, x0, x8         x27=00000000  x8:00000000
20650965ns          351584 1c00a318 12912223 sw               x9, 292(x2)          x9:10001010  x2:10002e18  PA:10002f3c
20650985ns          351585 1c00a31c 13212023 sw               x18, 288(x2)        x18:10002fc4  x2:10002e18  PA:10002f38
20651403ns          351606 1c00a320 11312e23 sw               x19, 284(x2)        x19:10000304  x2:10002e18  PA:10002f34
20651443ns          351608 1c00a324 11412c23 sw               x20, 280(x2)        x20:10000204  x2:10002e18  PA:10002f30
20651463ns          351609 1c00a328 11512a23 sw               x21, 276(x2)        x21:xxxxxxxx  x2:10002e18  PA:10002f2c
20651482ns          351610 1c00a32c 00a00b33 add              x22, x0, x10        x22=1c00a282 x10:1c00a282
20651502ns          351611 1c00a32e 00b00d33 add              x26, x0, x11        x26=00000002 x11:00000002
20651920ns          351632 1c00a330 00d00c33 add              x24, x0, x13        x24=10002f6c x13:10002f6c
20651960ns          351634 1c00a332 1c000bb7 lui              x23, 0x1c000000     x23=1c000000
20651980ns          351635 1c00a336 02410c93 addi             x25, x2, 36         x25=10002e3c  x2:10002e18
20652000ns          351636 1c00a33a 00c00433 add              x8, x0, x12          x8=1c000030 x12:1c000030
20652019ns          351637 1c00a33c 00044503 lbu              x10, 0(x8)          x10=0000003d  x8:1c000030  PA:1c000030
20652457ns          351659 1c00a340 00140413 addi             x8, x8, 1            x8=1c000031  x8:1c000030
20652477ns          351660 1c00a342 00050e63 beq              x10, x0, 28         x10:0000003d
20652497ns          351661 1c00a344 02500793 addi             x15, x0, 37         x15=00000025
20652517ns          351662 1c00a348 04f50863 beq              x10, x15, 80        x10:0000003d x15:00000025
20652537ns          351663 1c00a34c 01a005b3 add              x11, x0, x26        x11=00000002 x26:00000002
20652557ns          351664 1c00a34e 000b00e7 jalr             x1, x22, 0           x1=1c00a350 x22:1c00a282
20653432ns          351708 1c00a282 000026b7 lui              x13, 0x2000         x13=00002000
20653472ns          351710 1c00a284 f14027f3 csrrs            x15, x0, 0xf14      x15=00000003
20653491ns          351711 1c00a288 f8068693 addi             x13, x13, -128      x13=00001f80 x13:00002000
20653511ns          351712 1c00a28c 00379713 slli             x14, x15, 0x3       x14=00000018 x15:00000003
20653949ns          351734 1c00a290 00279793 slli             x15, x15, 0x2       x15=0000000c x15:00000003
20653969ns          351735 1c00a292 00d7f7b3 and              x15, x15, x13       x15=00000000 x15:0000000c x13:00001f80
20653989ns          351736 1c00a294 ee873733 p.bclr           x14, x14, 23, 8     x14=00000018 x14:00000018
20654009ns          351737 1c00a298 1a10f6b7 lui              x13, 0x1a10f000     x13=1a10f000
20654028ns          351738 1c00a29c 0ff57513 andi             x10, x10, 255       x10=0000003d x10:0000003d
20654048ns          351739 1c00a2a0 00d70733 add              x14, x14, x13       x14=1a10f018 x14:00000018 x13:1a10f000
20654068ns          351740 1c00a2a2 00a7e723 p.sw             x10, x0(x15)        x10:0000003d x15:00000000  PA:1a10f018
20654386ns          351756 1c00a2a6 00000513 addi             x10, x0, 0          x10=00000000
20654406ns          351757 1c00a2a8 00008067 jalr             x0, x1, 0            x1:1c00a350
20654585ns          351766 1c00a350 31f52563 p.beqimm         x10, 778            x10:00000000
20654605ns          351767 1c00a354 001d8d93 addi             x27, x27, 1         x27=00000001 x27:00000000
20654625ns          351768 1c00a356 00044503 lbu              x10, 0(x8)          x10=0000003d  x8:1c000031  PA:1c000031
20654963ns          351785 1c00a35a 00140413 addi             x8, x8, 1            x8=1c000032  x8:1c000031
20654983ns          351786 1c00a35c fe0514e3 bne              x10, x0, -24        x10:0000003d
20655162ns          351795 1c00a344 02500793 addi             x15, x0, 37         x15=00000025
20655182ns          351796 1c00a348 04f50863 beq              x10, x15, 80        x10:0000003d x15:00000025
20655202ns          351797 1c00a34c 01a005b3 add              x11, x0, x26        x11=00000002 x26:00000002
20655222ns          351798 1c00a34e 000b00e7 jalr             x1, x22, 0           x1=1c00a350 x22:1c00a282
20655262ns          351800 1c00a282 000026b7 lui              x13, 0x2000         x13=00002000
20655282ns          351801 1c00a284 f14027f3 csrrs            x15, x0, 0xf14      x15=00000003
20655301ns          351802 1c00a288 f8068693 addi             x13, x13, -128      x13=00001f80 x13:00002000
20655321ns          351803 1c00a28c 00379713 slli             x14, x15, 0x3       x14=00000018 x15:00000003
20655341ns          351804 1c00a290 00279793 slli             x15, x15, 0x2       x15=0000000c x15:00000003
20655361ns          351805 1c00a292 00d7f7b3 and              x15, x15, x13       x15=00000000 x15:0000000c x13:00001f80
20655381ns          351806 1c00a294 ee873733 p.bclr           x14, x14, 23, 8     x14=00000018 x14:00000018
20655401ns          351807 1c00a298 1a10f6b7 lui              x13, 0x1a10f000     x13=1a10f000
20655421ns          351808 1c00a29c 0ff57513 andi             x10, x10, 255       x10=0000003d x10:0000003d
20655441ns          351809 1c00a2a0 00d70733 add              x14, x14, x13       x14=1a10f018 x14:00000018 x13:1a10f000
20655461ns          351810 1c00a2a2 00a7e723 p.sw             x10, x0(x15)        x10:0000003d x15:00000000  PA:1a10f018
20655779ns          351826 1c00a2a6 00000513 addi             x10, x0, 0          x10=00000000
20655799ns          351827 1c00a2a8 00008067 jalr             x0, x1, 0            x1:1c00a350
20655839ns          351829 1c00a350 31f52563 p.beqimm         x10, 778            x10:00000000
20655858ns          351830 1c00a354 001d8d93 addi             x27, x27, 1         x27=00000002 x27:00000001
20655878ns          351831 1c00a356 00044503 lbu              x10, 0(x8)          x10=0000003d  x8:1c000032  PA:1c000032
20656197ns          351847 1c00a35a 00140413 addi             x8, x8, 1            x8=1c000033  x8:1c000032
20656216ns          351848 1c00a35c fe0514e3 bne              x10, x0, -24        x10:0000003d
20656276ns          351851 1c00a344 02500793 addi             x15, x0, 37         x15=00000025
20656296ns          351852 1c00a348 04f50863 beq              x10, x15, 80        x10:0000003d x15:00000025
20656316ns          351853 1c00a34c 01a005b3 add              x11, x0, x26        x11=00000002 x26:00000002
20656336ns          351854 1c00a34e 000b00e7 jalr             x1, x22, 0           x1=1c00a350 x22:1c00a282
20656376ns          351856 1c00a282 000026b7 lui              x13, 0x2000         x13=00002000
20656395ns          351857 1c00a284 f14027f3 csrrs            x15, x0, 0xf14      x15=00000003
20656415ns          351858 1c00a288 f8068693 addi             x13, x13, -128      x13=00001f80 x13:00002000
20656435ns          351859 1c00a28c 00379713 slli             x14, x15, 0x3       x14=00000018 x15:00000003
20656455ns          351860 1c00a290 00279793 slli             x15, x15, 0x2       x15=0000000c x15:00000003
20656475ns          351861 1c00a292 00d7f7b3 and              x15, x15, x13       x15=00000000 x15:0000000c x13:00001f80
20656495ns          351862 1c00a294 ee873733 p.bclr           x14, x14, 23, 8     x14=00000018 x14:00000018
20656515ns          351863 1c00a298 1a10f6b7 lui              x13, 0x1a10f000     x13=1a10f000
20656535ns          351864 1c00a29c 0ff57513 andi             x10, x10, 255       x10=0000003d x10:0000003d
20656555ns          351865 1c00a2a0 00d70733 add              x14, x14, x13       x14=1a10f018 x14:00000018 x13:1a10f000
20656574ns          351866 1c00a2a2 00a7e723 p.sw             x10, x0(x15)        x10:0000003d x15:00000000  PA:1a10f018
20656893ns          351882 1c00a2a6 00000513 addi             x10, x0, 0          x10=00000000
20656913ns          351883 1c00a2a8 00008067 jalr             x0, x1, 0            x1:1c00a350
20656952ns          351885 1c00a350 31f52563 p.beqimm         x10, 778            x10:00000000
20656972ns          351886 1c00a354 001d8d93 addi             x27, x27, 1         x27=00000003 x27:00000002
20656992ns          351887 1c00a356 00044503 lbu              x10, 0(x8)          x10=0000003d  x8:1c000033  PA:1c000033
20657310ns          351903 1c00a35a 00140413 addi             x8, x8, 1            x8=1c000034  x8:1c000033
20657330ns          351904 1c00a35c fe0514e3 bne              x10, x0, -24        x10:0000003d
20657390ns          351907 1c00a344 02500793 addi             x15, x0, 37         x15=00000025
20657410ns          351908 1c00a348 04f50863 beq              x10, x15, 80        x10:0000003d x15:00000025
20657430ns          351909 1c00a34c 01a005b3 add              x11, x0, x26        x11=00000002 x26:00000002
20657450ns          351910 1c00a34e 000b00e7 jalr             x1, x22, 0           x1=1c00a350 x22:1c00a282
20657489ns          351912 1c00a282 000026b7 lui              x13, 0x2000         x13=00002000
20657509ns          351913 1c00a284 f14027f3 csrrs            x15, x0, 0xf14      x15=00000003
20657529ns          351914 1c00a288 f8068693 addi             x13, x13, -128      x13=00001f80 x13:00002000
20657549ns          351915 1c00a28c 00379713 slli             x14, x15, 0x3       x14=00000018 x15:00000003
20657569ns          351916 1c00a290 00279793 slli             x15, x15, 0x2       x15=0000000c x15:00000003
20657589ns          351917 1c00a292 00d7f7b3 and              x15, x15, x13       x15=00000000 x15:0000000c x13:00001f80
20657609ns          351918 1c00a294 ee873733 p.bclr           x14, x14, 23, 8     x14=00000018 x14:00000018
20657629ns          351919 1c00a298 1a10f6b7 lui              x13, 0x1a10f000     x13=1a10f000
20657649ns          351920 1c00a29c 0ff57513 andi             x10, x10, 255       x10=0000003d x10:0000003d
20657668ns          351921 1c00a2a0 00d70733 add              x14, x14, x13       x14=1a10f018 x14:00000018 x13:1a10f000
20657688ns          351922 1c00a2a2 00a7e723 p.sw             x10, x0(x15)        x10:0000003d x15:00000000  PA:1a10f018
20658007ns          351938 1c00a2a6 00000513 addi             x10, x0, 0          x10=00000000
20658026ns          351939 1c00a2a8 00008067 jalr             x0, x1, 0            x1:1c00a350
20658066ns          351941 1c00a350 31f52563 p.beqimm         x10, 778            x10:00000000
20658086ns          351942 1c00a354 001d8d93 addi             x27, x27, 1         x27=00000004 x27:00000003
20658106ns          351943 1c00a356 00044503 lbu              x10, 0(x8)          x10=00000020  x8:1c000034  PA:1c000034
20658424ns          351959 1c00a35a 00140413 addi             x8, x8, 1            x8=1c000035  x8:1c000034
20658444ns          351960 1c00a35c fe0514e3 bne              x10, x0, -24        x10:00000020
20658504ns          351963 1c00a344 02500793 addi             x15, x0, 37         x15=00000025
20658524ns          351964 1c00a348 04f50863 beq              x10, x15, 80        x10:00000020 x15:00000025
20658544ns          351965 1c00a34c 01a005b3 add              x11, x0, x26        x11=00000002 x26:00000002
20658564ns          351966 1c00a34e 000b00e7 jalr             x1, x22, 0           x1=1c00a350 x22:1c00a282
20658603ns          351968 1c00a282 000026b7 lui              x13, 0x2000         x13=00002000
20658623ns          351969 1c00a284 f14027f3 csrrs            x15, x0, 0xf14      x15=00000003
20658643ns          351970 1c00a288 f8068693 addi             x13, x13, -128      x13=00001f80 x13:00002000
20658663ns          351971 1c00a28c 00379713 slli             x14, x15, 0x3       x14=00000018 x15:00000003
20658683ns          351972 1c00a290 00279793 slli             x15, x15, 0x2       x15=0000000c x15:00000003
20658703ns          351973 1c00a292 00d7f7b3 and              x15, x15, x13       x15=00000000 x15:0000000c x13:00001f80
20658723ns          351974 1c00a294 ee873733 p.bclr           x14, x14, 23, 8     x14=00000018 x14:00000018
20658743ns          351975 1c00a298 1a10f6b7 lui              x13, 0x1a10f000     x13=1a10f000
20658762ns          351976 1c00a29c 0ff57513 andi             x10, x10, 255       x10=00000020 x10:00000020
20658782ns          351977 1c00a2a0 00d70733 add              x14, x14, x13       x14=1a10f018 x14:00000018 x13:1a10f000
20658802ns          351978 1c00a2a2 00a7e723 p.sw             x10, x0(x15)        x10:00000020 x15:00000000  PA:1a10f018
20659120ns          351994 1c00a2a6 00000513 addi             x10, x0, 0          x10=00000000
20659140ns          351995 1c00a2a8 00008067 jalr             x0, x1, 0            x1:1c00a350
20659180ns          351997 1c00a350 31f52563 p.beqimm         x10, 778            x10:00000000
20659200ns          351998 1c00a354 001d8d93 addi             x27, x27, 1         x27=00000005 x27:00000004
20659220ns          351999 1c00a356 00044503 lbu              x10, 0(x8)          x10=00000053  x8:1c000035  PA:1c000035
20659538ns          352015 1c00a35a 00140413 addi             x8, x8, 1            x8=1c000036  x8:1c000035
20659558ns          352016 1c00a35c fe0514e3 bne              x10, x0, -24        x10:00000053
20659618ns          352019 1c00a344 02500793 addi             x15, x0, 37         x15=00000025
20659638ns          352020 1c00a348 04f50863 beq              x10, x15, 80        x10:00000053 x15:00000025
20659658ns          352021 1c00a34c 01a005b3 add              x11, x0, x26        x11=00000002 x26:00000002
20659677ns          352022 1c00a34e 000b00e7 jalr             x1, x22, 0           x1=1c00a350 x22:1c00a282
20659717ns          352024 1c00a282 000026b7 lui              x13, 0x2000         x13=00002000
20659737ns          352025 1c00a284 f14027f3 csrrs            x15, x0, 0xf14      x15=00000003
20659757ns          352026 1c00a288 f8068693 addi             x13, x13, -128      x13=00001f80 x13:00002000
20659777ns          352027 1c00a28c 00379713 slli             x14, x15, 0x3       x14=00000018 x15:00000003
20659797ns          352028 1c00a290 00279793 slli             x15, x15, 0x2       x15=0000000c x15:00000003
20659817ns          352029 1c00a292 00d7f7b3 and              x15, x15, x13       x15=00000000 x15:0000000c x13:00001f80
20659837ns          352030 1c00a294 ee873733 p.bclr           x14, x14, 23, 8     x14=00000018 x14:00000018
20659856ns          352031 1c00a298 1a10f6b7 lui              x13, 0x1a10f000     x13=1a10f000
20659876ns          352032 1c00a29c 0ff57513 andi             x10, x10, 255       x10=00000053 x10:00000053
20659896ns          352033 1c00a2a0 00d70733 add              x14, x14, x13       x14=1a10f018 x14:00000018 x13:1a10f000
20659916ns          352034 1c00a2a2 00a7e723 p.sw             x10, x0(x15)        x10:00000053 x15:00000000  PA:1a10f018
20660254ns          352051 1c00a2a6 00000513 addi             x10, x0, 0          x10=00000000
20660274ns          352052 1c00a2a8 00008067 jalr             x0, x1, 0            x1:1c00a350
20660314ns          352054 1c00a350 31f52563 p.beqimm         x10, 778            x10:00000000
20660334ns          352055 1c00a354 001d8d93 addi             x27, x27, 1         x27=00000006 x27:00000005
20660354ns          352056 1c00a356 00044503 lbu              x10, 0(x8)          x10=00000055  x8:1c000036  PA:1c000036
20660652ns          352071 1c00a35a 00140413 addi             x8, x8, 1            x8=1c000037  x8:1c000036
20660672ns          352072 1c00a35c fe0514e3 bne              x10, x0, -24        x10:00000055
20660732ns          352075 1c00a344 02500793 addi             x15, x0, 37         x15=00000025
20660752ns          352076 1c00a348 04f50863 beq              x10, x15, 80        x10:00000055 x15:00000025
20660771ns          352077 1c00a34c 01a005b3 add              x11, x0, x26        x11=00000002 x26:00000002
20660791ns          352078 1c00a34e 000b00e7 jalr             x1, x22, 0           x1=1c00a350 x22:1c00a282
20660831ns          352080 1c00a282 000026b7 lui              x13, 0x2000         x13=00002000
20660851ns          352081 1c00a284 f14027f3 csrrs            x15, x0, 0xf14      x15=00000003
20660871ns          352082 1c00a288 f8068693 addi             x13, x13, -128      x13=00001f80 x13:00002000
20660891ns          352083 1c00a28c 00379713 slli             x14, x15, 0x3       x14=00000018 x15:00000003
20660911ns          352084 1c00a290 00279793 slli             x15, x15, 0x2       x15=0000000c x15:00000003
20660931ns          352085 1c00a292 00d7f7b3 and              x15, x15, x13       x15=00000000 x15:0000000c x13:00001f80
20660950ns          352086 1c00a294 ee873733 p.bclr           x14, x14, 23, 8     x14=00000018 x14:00000018
20660970ns          352087 1c00a298 1a10f6b7 lui              x13, 0x1a10f000     x13=1a10f000
20660990ns          352088 1c00a29c 0ff57513 andi             x10, x10, 255       x10=00000055 x10:00000055
20661010ns          352089 1c00a2a0 00d70733 add              x14, x14, x13       x14=1a10f018 x14:00000018 x13:1a10f000
20661030ns          352090 1c00a2a2 00a7e723 p.sw             x10, x0(x15)        x10:00000055 x15:00000000  PA:1a10f018
20661348ns          352106 1c00a2a6 00000513 addi             x10, x0, 0          x10=00000000
20661368ns          352107 1c00a2a8 00008067 jalr             x0, x1, 0            x1:1c00a350
20661408ns          352109 1c00a350 31f52563 p.beqimm         x10, 778            x10:00000000
20661428ns          352110 1c00a354 001d8d93 addi             x27, x27, 1         x27=00000007 x27:00000006
20661448ns          352111 1c00a356 00044503 lbu              x10, 0(x8)          x10=0000004d  x8:1c000037  PA:1c000037
20661746ns          352126 1c00a35a 00140413 addi             x8, x8, 1            x8=1c000038  x8:1c000037
20661766ns          352127 1c00a35c fe0514e3 bne              x10, x0, -24        x10:0000004d
20661826ns          352130 1c00a344 02500793 addi             x15, x0, 37         x15=00000025
20661846ns          352131 1c00a348 04f50863 beq              x10, x15, 80        x10:0000004d x15:00000025
20661865ns          352132 1c00a34c 01a005b3 add              x11, x0, x26        x11=00000002 x26:00000002
20661885ns          352133 1c00a34e 000b00e7 jalr             x1, x22, 0           x1=1c00a350 x22:1c00a282
20661925ns          352135 1c00a282 000026b7 lui              x13, 0x2000         x13=00002000
20661945ns          352136 1c00a284 f14027f3 csrrs            x15, x0, 0xf14      x15=00000003
20661965ns          352137 1c00a288 f8068693 addi             x13, x13, -128      x13=00001f80 x13:00002000
20661985ns          352138 1c00a28c 00379713 slli             x14, x15, 0x3       x14=00000018 x15:00000003
20662005ns          352139 1c00a290 00279793 slli             x15, x15, 0x2       x15=0000000c x15:00000003
20662025ns          352140 1c00a292 00d7f7b3 and              x15, x15, x13       x15=00000000 x15:0000000c x13:00001f80
20662044ns          352141 1c00a294 ee873733 p.bclr           x14, x14, 23, 8     x14=00000018 x14:00000018
20662064ns          352142 1c00a298 1a10f6b7 lui              x13, 0x1a10f000     x13=1a10f000
20662084ns          352143 1c00a29c 0ff57513 andi             x10, x10, 255       x10=0000004d x10:0000004d
20662104ns          352144 1c00a2a0 00d70733 add              x14, x14, x13       x14=1a10f018 x14:00000018 x13:1a10f000
20662124ns          352145 1c00a2a2 00a7e723 p.sw             x10, x0(x15)        x10:0000004d x15:00000000  PA:1a10f018
20662442ns          352161 1c00a2a6 00000513 addi             x10, x0, 0          x10=00000000
20662462ns          352162 1c00a2a8 00008067 jalr             x0, x1, 0            x1:1c00a350
20662502ns          352164 1c00a350 31f52563 p.beqimm         x10, 778            x10:00000000
20662522ns          352165 1c00a354 001d8d93 addi             x27, x27, 1         x27=00000008 x27:00000007
20662542ns          352166 1c00a356 00044503 lbu              x10, 0(x8)          x10=0000004d  x8:1c000038  PA:1c000038
20662860ns          352182 1c00a35a 00140413 addi             x8, x8, 1            x8=1c000039  x8:1c000038
20662880ns          352183 1c00a35c fe0514e3 bne              x10, x0, -24        x10:0000004d
20662940ns          352186 1c00a344 02500793 addi             x15, x0, 37         x15=00000025
20662959ns          352187 1c00a348 04f50863 beq              x10, x15, 80        x10:0000004d x15:00000025
20662979ns          352188 1c00a34c 01a005b3 add              x11, x0, x26        x11=00000002 x26:00000002
20662999ns          352189 1c00a34e 000b00e7 jalr             x1, x22, 0           x1=1c00a350 x22:1c00a282
20663039ns          352191 1c00a282 000026b7 lui              x13, 0x2000         x13=00002000
20663059ns          352192 1c00a284 f14027f3 csrrs            x15, x0, 0xf14      x15=00000003
20663079ns          352193 1c00a288 f8068693 addi             x13, x13, -128      x13=00001f80 x13:00002000
20663099ns          352194 1c00a28c 00379713 slli             x14, x15, 0x3       x14=00000018 x15:00000003
20663119ns          352195 1c00a290 00279793 slli             x15, x15, 0x2       x15=0000000c x15:00000003
20663138ns          352196 1c00a292 00d7f7b3 and              x15, x15, x13       x15=00000000 x15:0000000c x13:00001f80
20663158ns          352197 1c00a294 ee873733 p.bclr           x14, x14, 23, 8     x14=00000018 x14:00000018
20663178ns          352198 1c00a298 1a10f6b7 lui              x13, 0x1a10f000     x13=1a10f000
20663198ns          352199 1c00a29c 0ff57513 andi             x10, x10, 255       x10=0000004d x10:0000004d
20663218ns          352200 1c00a2a0 00d70733 add              x14, x14, x13       x14=1a10f018 x14:00000018 x13:1a10f000
20663238ns          352201 1c00a2a2 00a7e723 p.sw             x10, x0(x15)        x10:0000004d x15:00000000  PA:1a10f018
20663556ns          352217 1c00a2a6 00000513 addi             x10, x0, 0          x10=00000000
20663576ns          352218 1c00a2a8 00008067 jalr             x0, x1, 0            x1:1c00a350
20663616ns          352220 1c00a350 31f52563 p.beqimm         x10, 778            x10:00000000
20663636ns          352221 1c00a354 001d8d93 addi             x27, x27, 1         x27=00000009 x27:00000008
20663656ns          352222 1c00a356 00044503 lbu              x10, 0(x8)          x10=00000041  x8:1c000039  PA:1c000039
20663954ns          352237 1c00a35a 00140413 addi             x8, x8, 1            x8=1c00003a  x8:1c000039
20663974ns          352238 1c00a35c fe0514e3 bne              x10, x0, -24        x10:00000041
20664034ns          352241 1c00a344 02500793 addi             x15, x0, 37         x15=00000025
20664053ns          352242 1c00a348 04f50863 beq              x10, x15, 80        x10:00000041 x15:00000025
20664073ns          352243 1c00a34c 01a005b3 add              x11, x0, x26        x11=00000002 x26:00000002
20664093ns          352244 1c00a34e 000b00e7 jalr             x1, x22, 0           x1=1c00a350 x22:1c00a282
20664133ns          352246 1c00a282 000026b7 lui              x13, 0x2000         x13=00002000
20664153ns          352247 1c00a284 f14027f3 csrrs            x15, x0, 0xf14      x15=00000003
20664173ns          352248 1c00a288 f8068693 addi             x13, x13, -128      x13=00001f80 x13:00002000
20664193ns          352249 1c00a28c 00379713 slli             x14, x15, 0x3       x14=00000018 x15:00000003
20664213ns          352250 1c00a290 00279793 slli             x15, x15, 0x2       x15=0000000c x15:00000003
20664232ns          352251 1c00a292 00d7f7b3 and              x15, x15, x13       x15=00000000 x15:0000000c x13:00001f80
20664252ns          352252 1c00a294 ee873733 p.bclr           x14, x14, 23, 8     x14=00000018 x14:00000018
20664272ns          352253 1c00a298 1a10f6b7 lui              x13, 0x1a10f000     x13=1a10f000
20664292ns          352254 1c00a29c 0ff57513 andi             x10, x10, 255       x10=00000041 x10:00000041
20664312ns          352255 1c00a2a0 00d70733 add              x14, x14, x13       x14=1a10f018 x14:00000018 x13:1a10f000
20664332ns          352256 1c00a2a2 00a7e723 p.sw             x10, x0(x15)        x10:00000041 x15:00000000  PA:1a10f018
20664650ns          352272 1c00a2a6 00000513 addi             x10, x0, 0          x10=00000000
20664670ns          352273 1c00a2a8 00008067 jalr             x0, x1, 0            x1:1c00a350
20664710ns          352275 1c00a350 31f52563 p.beqimm         x10, 778            x10:00000000
20664730ns          352276 1c00a354 001d8d93 addi             x27, x27, 1         x27=0000000a x27:00000009
20664750ns          352277 1c00a356 00044503 lbu              x10, 0(x8)          x10=00000052  x8:1c00003a  PA:1c00003a
20665048ns          352292 1c00a35a 00140413 addi             x8, x8, 1            x8=1c00003b  x8:1c00003a
20665068ns          352293 1c00a35c fe0514e3 bne              x10, x0, -24        x10:00000052
20665127ns          352296 1c00a344 02500793 addi             x15, x0, 37         x15=00000025
20665147ns          352297 1c00a348 04f50863 beq              x10, x15, 80        x10:00000052 x15:00000025
20665167ns          352298 1c00a34c 01a005b3 add              x11, x0, x26        x11=00000002 x26:00000002
20665187ns          352299 1c00a34e 000b00e7 jalr             x1, x22, 0           x1=1c00a350 x22:1c00a282
20665227ns          352301 1c00a282 000026b7 lui              x13, 0x2000         x13=00002000
20665247ns          352302 1c00a284 f14027f3 csrrs            x15, x0, 0xf14      x15=00000003
20665267ns          352303 1c00a288 f8068693 addi             x13, x13, -128      x13=00001f80 x13:00002000
20665287ns          352304 1c00a28c 00379713 slli             x14, x15, 0x3       x14=00000018 x15:00000003
20665307ns          352305 1c00a290 00279793 slli             x15, x15, 0x2       x15=0000000c x15:00000003
20665326ns          352306 1c00a292 00d7f7b3 and              x15, x15, x13       x15=00000000 x15:0000000c x13:00001f80
20665346ns          352307 1c00a294 ee873733 p.bclr           x14, x14, 23, 8     x14=00000018 x14:00000018
20665366ns          352308 1c00a298 1a10f6b7 lui              x13, 0x1a10f000     x13=1a10f000
20665386ns          352309 1c00a29c 0ff57513 andi             x10, x10, 255       x10=00000052 x10:00000052
20665406ns          352310 1c00a2a0 00d70733 add              x14, x14, x13       x14=1a10f018 x14:00000018 x13:1a10f000
20665426ns          352311 1c00a2a2 00a7e723 p.sw             x10, x0(x15)        x10:00000052 x15:00000000  PA:1a10f018
20665744ns          352327 1c00a2a6 00000513 addi             x10, x0, 0          x10=00000000
20665764ns          352328 1c00a2a8 00008067 jalr             x0, x1, 0            x1:1c00a350
20665804ns          352330 1c00a350 31f52563 p.beqimm         x10, 778            x10:00000000
20665824ns          352331 1c00a354 001d8d93 addi             x27, x27, 1         x27=0000000b x27:0000000a
20665844ns          352332 1c00a356 00044503 lbu              x10, 0(x8)          x10=00000059  x8:1c00003b  PA:1c00003b
20666142ns          352347 1c00a35a 00140413 addi             x8, x8, 1            x8=1c00003c  x8:1c00003b
20666162ns          352348 1c00a35c fe0514e3 bne              x10, x0, -24        x10:00000059
20666221ns          352351 1c00a344 02500793 addi             x15, x0, 37         x15=00000025
20666241ns          352352 1c00a348 04f50863 beq              x10, x15, 80        x10:00000059 x15:00000025
20666261ns          352353 1c00a34c 01a005b3 add              x11, x0, x26        x11=00000002 x26:00000002
20666281ns          352354 1c00a34e 000b00e7 jalr             x1, x22, 0           x1=1c00a350 x22:1c00a282
20666321ns          352356 1c00a282 000026b7 lui              x13, 0x2000         x13=00002000
20666341ns          352357 1c00a284 f14027f3 csrrs            x15, x0, 0xf14      x15=00000003
20666361ns          352358 1c00a288 f8068693 addi             x13, x13, -128      x13=00001f80 x13:00002000
20666381ns          352359 1c00a28c 00379713 slli             x14, x15, 0x3       x14=00000018 x15:00000003
20666401ns          352360 1c00a290 00279793 slli             x15, x15, 0x2       x15=0000000c x15:00000003
20666420ns          352361 1c00a292 00d7f7b3 and              x15, x15, x13       x15=00000000 x15:0000000c x13:00001f80
20666440ns          352362 1c00a294 ee873733 p.bclr           x14, x14, 23, 8     x14=00000018 x14:00000018
20666460ns          352363 1c00a298 1a10f6b7 lui              x13, 0x1a10f000     x13=1a10f000
20666480ns          352364 1c00a29c 0ff57513 andi             x10, x10, 255       x10=00000059 x10:00000059
20666500ns          352365 1c00a2a0 00d70733 add              x14, x14, x13       x14=1a10f018 x14:00000018 x13:1a10f000
20666520ns          352366 1c00a2a2 00a7e723 p.sw             x10, x0(x15)        x10:00000059 x15:00000000  PA:1a10f018
20666858ns          352383 1c00a2a6 00000513 addi             x10, x0, 0          x10=00000000
20666878ns          352384 1c00a2a8 00008067 jalr             x0, x1, 0            x1:1c00a350
20666918ns          352386 1c00a350 31f52563 p.beqimm         x10, 778            x10:00000000
20666938ns          352387 1c00a354 001d8d93 addi             x27, x27, 1         x27=0000000c x27:0000000b
20666957ns          352388 1c00a356 00044503 lbu              x10, 0(x8)          x10=0000003a  x8:1c00003c  PA:1c00003c
20667256ns          352403 1c00a35a 00140413 addi             x8, x8, 1            x8=1c00003d  x8:1c00003c
20667276ns          352404 1c00a35c fe0514e3 bne              x10, x0, -24        x10:0000003a
20667335ns          352407 1c00a344 02500793 addi             x15, x0, 37         x15=00000025
20667355ns          352408 1c00a348 04f50863 beq              x10, x15, 80        x10:0000003a x15:00000025
20667375ns          352409 1c00a34c 01a005b3 add              x11, x0, x26        x11=00000002 x26:00000002
20667395ns          352410 1c00a34e 000b00e7 jalr             x1, x22, 0           x1=1c00a350 x22:1c00a282
20667435ns          352412 1c00a282 000026b7 lui              x13, 0x2000         x13=00002000
20667455ns          352413 1c00a284 f14027f3 csrrs            x15, x0, 0xf14      x15=00000003
20667475ns          352414 1c00a288 f8068693 addi             x13, x13, -128      x13=00001f80 x13:00002000
20667494ns          352415 1c00a28c 00379713 slli             x14, x15, 0x3       x14=00000018 x15:00000003
20667514ns          352416 1c00a290 00279793 slli             x15, x15, 0x2       x15=0000000c x15:00000003
20667534ns          352417 1c00a292 00d7f7b3 and              x15, x15, x13       x15=00000000 x15:0000000c x13:00001f80
20667554ns          352418 1c00a294 ee873733 p.bclr           x14, x14, 23, 8     x14=00000018 x14:00000018
20667574ns          352419 1c00a298 1a10f6b7 lui              x13, 0x1a10f000     x13=1a10f000
20667594ns          352420 1c00a29c 0ff57513 andi             x10, x10, 255       x10=0000003a x10:0000003a
20667614ns          352421 1c00a2a0 00d70733 add              x14, x14, x13       x14=1a10f018 x14:00000018 x13:1a10f000
20667634ns          352422 1c00a2a2 00a7e723 p.sw             x10, x0(x15)        x10:0000003a x15:00000000  PA:1a10f018
20667952ns          352438 1c00a2a6 00000513 addi             x10, x0, 0          x10=00000000
20667972ns          352439 1c00a2a8 00008067 jalr             x0, x1, 0            x1:1c00a350
20668012ns          352441 1c00a350 31f52563 p.beqimm         x10, 778            x10:00000000
20668032ns          352442 1c00a354 001d8d93 addi             x27, x27, 1         x27=0000000d x27:0000000c
20668051ns          352443 1c00a356 00044503 lbu              x10, 0(x8)          x10=00000020  x8:1c00003d  PA:1c00003d
20668350ns          352458 1c00a35a 00140413 addi             x8, x8, 1            x8=1c00003e  x8:1c00003d
20668370ns          352459 1c00a35c fe0514e3 bne              x10, x0, -24        x10:00000020
20668429ns          352462 1c00a344 02500793 addi             x15, x0, 37         x15=00000025
20668449ns          352463 1c00a348 04f50863 beq              x10, x15, 80        x10:00000020 x15:00000025
20668469ns          352464 1c00a34c 01a005b3 add              x11, x0, x26        x11=00000002 x26:00000002
20668489ns          352465 1c00a34e 000b00e7 jalr             x1, x22, 0           x1=1c00a350 x22:1c00a282
20668529ns          352467 1c00a282 000026b7 lui              x13, 0x2000         x13=00002000
20668549ns          352468 1c00a284 f14027f3 csrrs            x15, x0, 0xf14      x15=00000003
20668569ns          352469 1c00a288 f8068693 addi             x13, x13, -128      x13=00001f80 x13:00002000
20668588ns          352470 1c00a28c 00379713 slli             x14, x15, 0x3       x14=00000018 x15:00000003
20668608ns          352471 1c00a290 00279793 slli             x15, x15, 0x2       x15=0000000c x15:00000003
20668628ns          352472 1c00a292 00d7f7b3 and              x15, x15, x13       x15=00000000 x15:0000000c x13:00001f80
20668648ns          352473 1c00a294 ee873733 p.bclr           x14, x14, 23, 8     x14=00000018 x14:00000018
20668668ns          352474 1c00a298 1a10f6b7 lui              x13, 0x1a10f000     x13=1a10f000
20668688ns          352475 1c00a29c 0ff57513 andi             x10, x10, 255       x10=00000020 x10:00000020
20668708ns          352476 1c00a2a0 00d70733 add              x14, x14, x13       x14=1a10f018 x14:00000018 x13:1a10f000
20668728ns          352477 1c00a2a2 00a7e723 p.sw             x10, x0(x15)        x10:00000020 x15:00000000  PA:1a10f018
20669046ns          352493 1c00a2a6 00000513 addi             x10, x0, 0          x10=00000000
20669066ns          352494 1c00a2a8 00008067 jalr             x0, x1, 0            x1:1c00a350
20669106ns          352496 1c00a350 31f52563 p.beqimm         x10, 778            x10:00000000
20669126ns          352497 1c00a354 001d8d93 addi             x27, x27, 1         x27=0000000e x27:0000000d
20669145ns          352498 1c00a356 00044503 lbu              x10, 0(x8)          x10=00000000  x8:1c00003e  PA:1c00003e
20669444ns          352513 1c00a35a 00140413 addi             x8, x8, 1            x8=1c00003f  x8:1c00003e
20669464ns          352514 1c00a35c fe0514e3 bne              x10, x0, -24        x10:00000000
20669484ns          352515 1c00a35e 01b00433 add              x8, x0, x27          x8=0000000e x27:0000000e
20669503ns          352516 1c00a360 00800533 add              x10, x0, x8         x10=0000000e  x8:0000000e
20669523ns          352517 1c00a362 12c12083 lw               x1, 300(x2)          x1=1c00a2ee  x2:10002e18  PA:10002f44
20669543ns          352518 1c00a366 12812403 lw               x8, 296(x2)          x8=00000000  x2:10002e18  PA:10002f40
20669563ns          352519 1c00a36a 12412483 lw               x9, 292(x2)          x9=10001010  x2:10002e18  PA:10002f3c
20670001ns          352541 1c00a36e 12012903 lw               x18, 288(x2)        x18=10002fc4  x2:10002e18  PA:10002f38
20670041ns          352543 1c00a372 11c12983 lw               x19, 284(x2)        x19=10000304  x2:10002e18  PA:10002f34
20670060ns          352544 1c00a376 11812a03 lw               x20, 280(x2)        x20=10000204  x2:10002e18  PA:10002f30
20670080ns          352545 1c00a37a 11412a83 lw               x21, 276(x2)        x21=xxxxxxxx  x2:10002e18  PA:10002f2c
20670518ns          352567 1c00a37e 11012b03 lw               x22, 272(x2)        x22=xxxxxxxx  x2:10002e18  PA:10002f28
20670558ns          352569 1c00a382 10c12b83 lw               x23, 268(x2)        x23=xxxxxxxx  x2:10002e18  PA:10002f24
20670578ns          352570 1c00a386 10812c03 lw               x24, 264(x2)        x24=xxxxxxxx  x2:10002e18  PA:10002f20
20670597ns          352571 1c00a38a 10412c83 lw               x25, 260(x2)        x25=xxxxxxxx  x2:10002e18  PA:10002f1c
20671055ns          352594 1c00a38e 10012d03 lw               x26, 256(x2)        x26=xxxxxxxx  x2:10002e18  PA:10002f18
20671075ns          352595 1c00a392 0fc12d83 lw               x27, 252(x2)        x27=xxxxxxxx  x2:10002e18  PA:10002f14
20671095ns          352596 1c00a394 13010113 addi             x2, x2, 304          x2=10002f48  x2:10002e18
20671115ns          352597 1c00a396 00008067 jalr             x0, x1, 0            x1:1c00a2ee
20671154ns          352599 1c00a2ee 01c12083 lw               x1, 28(x2)           x1=1c00b442  x2:10002f48  PA:10002f64
20671214ns          352602 1c00a2f0 04010113 addi             x2, x2, 64           x2=10002f88  x2:10002f48
20671234ns          352603 1c00a2f2 00008067 jalr             x0, x1, 0            x1:1c00b442
20671314ns          352607 1c00b442 00040a63 beq              x8, x0, 20           x8:00000000
20671811ns          352632 1c00b456 00812403 lw               x8, 8(x2)            x8=10000004  x2:10002f88  PA:10002f90
20671851ns          352634 1c00b458 00c12083 lw               x1, 12(x2)           x1=1c009c72  x2:10002f88  PA:10002f94
20671870ns          352635 1c00b45a 1c000537 lui              x10, 0x1c000000     x10=1c000000
20672328ns          352658 1c00b45e 04050513 addi             x10, x10, 64        x10=1c000040 x10:1c000000
20672348ns          352659 1c00b462 01010113 addi             x2, x2, 16           x2=10002f98  x2:10002f88
20672368ns          352660 1c00b464 dcdfe06f jal              x0, -4660          
20672825ns          352683 1c00a230 0015478b p.lbu            x15, 1(x10!)        x15=00000053 x10=1c000041 x10:1c000040  PA:1c000040
20673143ns          352699 1c00a234 02078463 beq              x15, x0, 40         x15:00000053
20673163ns          352700 1c00a236 f14026f3 csrrs            x13, x0, 0xf14      x13=00000003
20673183ns          352701 1c00a23a 00369713 slli             x14, x13, 0x3       x14=00000018 x13:00000003
20673362ns          352710 1c00a23e 1a10f637 lui              x12, 0x1a10f000     x12=1a10f000
20673402ns          352712 1c00a242 ee873733 p.bclr           x14, x14, 23, 8     x14=00000018 x14:00000018
20673422ns          352713 1c00a246 00c70733 add              x14, x14, x12       x14=1a10f018 x14:00000018 x12:1a10f000
20673442ns          352714 1c00a248 00002637 lui              x12, 0x2000         x12=00002000
20673462ns          352715 1c00a24a 00269693 slli             x13, x13, 0x2       x13=0000000c x13:00000003
20673482ns          352716 1c00a24c f8060613 addi             x12, x12, -128      x12=00001f80 x12:00002000
20673879ns          352736 1c00a250 00c6f6b3 and              x13, x13, x12       x13=00000000 x13:0000000c x12:00001f80
20673899ns          352737 1c00a252 00d70733 add              x14, x14, x13       x14=1a10f018 x14:1a10f018 x13:00000000
20673919ns          352738 1c00a254 00f72023 sw               x15, 0(x14)         x15:00000053 x14:1a10f018  PA:1a10f018
20674277ns          352756 1c00a256 0015478b p.lbu            x15, 1(x10!)        x15=00000055 x10=1c000042 x10:1c000041  PA:1c000041
20674595ns          352772 1c00a25a fe079de3 bne              x15, x0, -6         x15:00000055
20674655ns          352775 1c00a254 00f72023 sw               x15, 0(x14)         x15:00000055 x14:1a10f018  PA:1a10f018
20674993ns          352792 1c00a256 0015478b p.lbu            x15, 1(x10!)        x15=00000043 x10=1c000043 x10:1c000042  PA:1c000042
20675312ns          352808 1c00a25a fe079de3 bne              x15, x0, -6         x15:00000043
20675371ns          352811 1c00a254 00f72023 sw               x15, 0(x14)         x15:00000043 x14:1a10f018  PA:1a10f018
20675689ns          352827 1c00a256 0015478b p.lbu            x15, 1(x10!)        x15=00000043 x10=1c000044 x10:1c000043  PA:1c000043
20676008ns          352843 1c00a25a fe079de3 bne              x15, x0, -6         x15:00000043
20676067ns          352846 1c00a254 00f72023 sw               x15, 0(x14)         x15:00000043 x14:1a10f018  PA:1a10f018
20676386ns          352862 1c00a256 0015478b p.lbu            x15, 1(x10!)        x15=00000045 x10=1c000045 x10:1c000044  PA:1c000044
20676704ns          352878 1c00a25a fe079de3 bne              x15, x0, -6         x15:00000045
20676764ns          352881 1c00a254 00f72023 sw               x15, 0(x14)         x15:00000045 x14:1a10f018  PA:1a10f018
20677082ns          352897 1c00a256 0015478b p.lbu            x15, 1(x10!)        x15=00000053 x10=1c000046 x10:1c000045  PA:1c000045
20677400ns          352913 1c00a25a fe079de3 bne              x15, x0, -6         x15:00000053
20677460ns          352916 1c00a254 00f72023 sw               x15, 0(x14)         x15:00000053 x14:1a10f018  PA:1a10f018
20677778ns          352932 1c00a256 0015478b p.lbu            x15, 1(x10!)        x15=00000053 x10=1c000047 x10:1c000046  PA:1c000046
20678096ns          352948 1c00a25a fe079de3 bne              x15, x0, -6         x15:00000053
20678156ns          352951 1c00a254 00f72023 sw               x15, 0(x14)         x15:00000053 x14:1a10f018  PA:1a10f018
20678474ns          352967 1c00a256 0015478b p.lbu            x15, 1(x10!)        x15=00000000 x10=1c000048 x10:1c000047  PA:1c000047
20678792ns          352983 1c00a25a fe079de3 bne              x15, x0, -6         x15:00000000
20678812ns          352984 1c00a25c f14027f3 csrrs            x15, x0, 0xf14      x15=00000003
20678832ns          352985 1c00a260 00379713 slli             x14, x15, 0x3       x14=00000018 x15:00000003
20678852ns          352986 1c00a264 1a10f6b7 lui              x13, 0x1a10f000     x13=1a10f000
20678872ns          352987 1c00a268 ee873733 p.bclr           x14, x14, 23, 8     x14=00000018 x14:00000018
20678892ns          352988 1c00a26c 00d70733 add              x14, x14, x13       x14=1a10f018 x14:00000018 x13:1a10f000
20678912ns          352989 1c00a26e 000026b7 lui              x13, 0x2000         x13=00002000
20679270ns          353007 1c00a270 f8068693 addi             x13, x13, -128      x13=00001f80 x13:00002000
20679310ns          353009 1c00a274 00279793 slli             x15, x15, 0x2       x15=0000000c x15:00000003
20679329ns          353010 1c00a276 00d7f7b3 and              x15, x15, x13       x15=00000000 x15:0000000c x13:00001f80
20679349ns          353011 1c00a278 00a00693 addi             x13, x0, 10         x13=0000000a
20679369ns          353012 1c00a27a 00d767a3 p.sw             x13, x0(x14)        x13:0000000a x14:1a10f018  PA:1a10f018
20679727ns          353030 1c00a27e 00000513 addi             x10, x0, 0          x10=00000000
20679747ns          353031 1c00a280 00008067 jalr             x0, x1, 0            x1:1c009c72
20679827ns          353035 1c009c72 ab5ff06f jal              x0, -1356          
20680264ns          353057 1c009726 05c12083 lw               x1, 92(x2)           x1=1c00b4ba  x2:10002f98  PA:10002ff4
20680304ns          353059 1c009728 05812403 lw               x8, 88(x2)           x8=xxxxxxxx  x2:10002f98  PA:10002ff0
20680324ns          353060 1c00972a 05412483 lw               x9, 84(x2)           x9=xxxxxxxx  x2:10002f98  PA:10002fec
20680344ns          353061 1c00972c 05012903 lw               x18, 80(x2)         x18=xxxxxxxx  x2:10002f98  PA:10002fe8
20680364ns          353062 1c00972e 04c12983 lw               x19, 76(x2)         x19=xxxxxxxx  x2:10002f98  PA:10002fe4
20680762ns          353082 1c009730 04812a03 lw               x20, 72(x2)         x20=xxxxxxxx  x2:10002f98  PA:10002fe0
20680782ns          353083 1c009732 04412a83 lw               x21, 68(x2)         x21=xxxxxxxx  x2:10002f98  PA:10002fdc
20680801ns          353084 1c009734 04012b03 lw               x22, 64(x2)         x22=xxxxxxxx  x2:10002f98  PA:10002fd8
20680821ns          353085 1c009736 03c12b83 lw               x23, 60(x2)         x23=xxxxxxxx  x2:10002f98  PA:10002fd4
20680841ns          353086 1c009738 03812c03 lw               x24, 56(x2)         x24=xxxxxxxx  x2:10002f98  PA:10002fd0
20680861ns          353087 1c00973a 03412c83 lw               x25, 52(x2)         x25=xxxxxxxx  x2:10002f98  PA:10002fcc
20680881ns          353088 1c00973c 03012d03 lw               x26, 48(x2)         x26=xxxxxxxx  x2:10002f98  PA:10002fc8
20680901ns          353089 1c00973e 02c12d83 lw               x27, 44(x2)         x27=xxxxxxxx  x2:10002f98  PA:10002fc4
20681279ns          353108 1c009740 00000513 addi             x10, x0, 0          x10=00000000
20681299ns          353109 1c009742 06010113 addi             x2, x2, 96           x2=10002ff8  x2:10002f98
20681319ns          353110 1c009744 00008067 jalr             x0, x1, 0            x1:1c00b4ba
20681816ns          353135 1c00b4ba f14027f3 csrrs            x15, x0, 0xf14      x15=00000003
20682253ns          353157 1c00b4be f457b7b3 p.bclr           x15, x15, 26, 5     x15=00000003 x15:00000003
20682273ns          353158 1c00b4c2 00079963 bne              x15, x0, 18         x15:00000003
20682751ns          353182 1c00b4d4 002047b7 lui              x15, 0x204000       x15=00204000
20682790ns          353184 1c00b4d8 fff00713 addi             x14, x0, -1         x14=ffffffff
20682810ns          353185 1c00b4da 00e7a223 sw               x14, 4(x15)         x14:ffffffff x15:00204000  PA:00204004
