                Time          Cycles PC       Instr    Mnemonic
20391868ns          338558 1c008080 0640006f jal              x0, 100            
20392326ns          338581 1c0080e4 f1402573 csrrs            x10, x0, 0xf14      x10=00000001
20392366ns          338583 1c0080e8 01f57593 andi             x11, x10, 31        x11=00000001 x10:00000001
20392386ns          338584 1c0080ec 00555513 srli             x10, x10, 0x5       x10=00000000 x10:00000001
20392405ns          338585 1c0080ee 01f00613 addi             x12, x0, 31         x12=0000001f
20392843ns          338607 1c0080f0 00c50463 beq              x10, x12, 8         x10:00000000 x12:0000001f
20392883ns          338609 1c0080f4 fa1ff06f jal              x0, -96            
20393340ns          338632 1c008094 f3ff9117 auipc            x2, 0xf3ff9000       x2=10001094
20393380ns          338634 1c008098 f7010113 addi             x2, x2, -144         x2=10001004  x2:10001094
20393400ns          338635 1c00809c 00012103 lw               x2, 0(x2)            x2=10001008  x2:10001004  PA:10001004
20393838ns          338657 1c0080a0 000011b7 lui              x3, 0x1000           x3=00001000
20393877ns          338659 1c0080a4 80018193 addi             x3, x3, -2048        x3=00000800  x3:00001000
20393897ns          338660 1c0080a8 00158593 addi             x11, x11, 1         x11=00000002 x11:00000001
20393917ns          338661 1c0080ac 02b180b3 mul              x1, x3, x11          x1=00001000  x3:00000800 x11:00000002
20394355ns          338683 1c0080b0 00110133 add              x2, x2, x1           x2=10002008  x2:10001008  x1:00001000
20394394ns          338685 1c0080b4 3e00306f jal              x0, 13280          
20394852ns          338708 1c00b494 ff010113 addi             x2, x2, -16          x2=10001ff8  x2:10002008
20394872ns          338709 1c00b496 00112623 sw               x1, 12(x2)           x1:00001000  x2:10001ff8  PA:10002004
20394892ns          338710 1c00b498 002047b7 lui              x15, 0x204000       x15=00204000
20394912ns          338711 1c00b49c 00070737 lui              x14, 0x70000        x14=00070000
20395369ns          338734 1c00b4a0 00e7a423 sw               x14, 8(x15)         x14:00070000 x15:00204000  PA:00204008
20395389ns          338735 1c00b4a2 00f00713 addi             x14, x0, 15         x14=0000000f
20395409ns          338736 1c00b4a4 20078793 addi             x15, x15, 512       x15=00204200 x15:00204000
20395429ns          338737 1c00b4a8 00e7a023 sw               x14, 0(x15)         x14:0000000f x15:00204200  PA:00204200
20395449ns          338738 1c00b4ac 00e7a623 sw               x14, 12(x15)        x14:0000000f x15:00204200  PA:0020420c
20395886ns          338760 1c00b4b0 1c0017b7 lui              x15, 0x1c001000     x15=1c001000
20395926ns          338762 1c00b4b4 88c7a783 lw               x15, -1908(x15)     x15=1c0081b8 x15:1c001000  PA:1c00088c
20396264ns          338779 1c00b4b8 000780e7 jalr             x1, x15, 0           x1=1c00b4ba x15:1c0081b8
20396881ns          338810 1c0081b8 fa010113 addi             x2, x2, -96          x2=10001f98  x2:10001ff8
20396901ns          338811 1c0081ba 05212823 sw               x18, 80(x2)         x18:xxxxxxxx  x2:10001f98  PA:10001fe8
20396921ns          338812 1c0081bc 04112e23 sw               x1, 92(x2)           x1:1c00b4ba  x2:10001f98  PA:10001ff4
20397358ns          338834 1c0081be f1402973 csrrs            x18, x0, 0xf14      x18=00000001
20397378ns          338835 1c0081c2 04812c23 sw               x8, 88(x2)           x8:xxxxxxxx  x2:10001f98  PA:10001ff0
20397398ns          338836 1c0081c4 04912a23 sw               x9, 84(x2)           x9:xxxxxxxx  x2:10001f98  PA:10001fec
20397418ns          338837 1c0081c6 05312623 sw               x19, 76(x2)         x19:xxxxxxxx  x2:10001f98  PA:10001fe4
20397438ns          338838 1c0081c8 05412423 sw               x20, 72(x2)         x20:xxxxxxxx  x2:10001f98  PA:10001fe0
20397458ns          338839 1c0081ca 05512223 sw               x21, 68(x2)         x21:xxxxxxxx  x2:10001f98  PA:10001fdc
20397478ns          338840 1c0081cc 05612023 sw               x22, 64(x2)         x22:xxxxxxxx  x2:10001f98  PA:10001fd8
20397497ns          338841 1c0081ce 03712e23 sw               x23, 60(x2)         x23:xxxxxxxx  x2:10001f98  PA:10001fd4
20397875ns          338860 1c0081d0 03812c23 sw               x24, 56(x2)         x24:xxxxxxxx  x2:10001f98  PA:10001fd0
20397895ns          338861 1c0081d2 03912a23 sw               x25, 52(x2)         x25:xxxxxxxx  x2:10001f98  PA:10001fcc
20397915ns          338862 1c0081d4 03a12823 sw               x26, 48(x2)         x26:xxxxxxxx  x2:10001f98  PA:10001fc8
20397935ns          338863 1c0081d6 03b12623 sw               x27, 44(x2)         x27:xxxxxxxx  x2:10001f98  PA:10001fc4
20397955ns          338864 1c0081d8 ca5917b3 p.extractu       x15, x18, 5, 5      x15=00000000 x18:00000001
20397975ns          338865 1c0081dc 600791e3 bne              x15, x0, 3586       x15:00000000
20398393ns          338886 1c0081e0 f4593933 p.bclr           x18, x18, 26, 5     x18=00000001 x18:00000001
20398432ns          338888 1c0081e4 5a091de3 bne              x18, x0, 3514       x18:00000001
20399526ns          338943 1c008f9e 40192ae3 p.beqimm         x18, 3092           x18:00000001
20400043ns          338969 1c009bb2 100006b7 lui              x13, 0x10000000     x13=10000000
20400063ns          338970 1c009bb6 00468413 addi             x8, x13, 4           x8=10000004 x13:10000000
20400083ns          338971 1c009bba 10040593 addi             x11, x8, 256        x11=10000104  x8:10000004
20400103ns          338972 1c009bbe 00b00633 add              x12, x0, x11        x12=10000104 x11:10000104
20400521ns          338993 1c009bc0 00100713 addi             x14, x0, 1          x14=00000001
20400561ns          338995 1c009bc2 040250fb lp.setupi        0x1, 0x40, 0x4     
20400580ns          338996 1c009bc6 00e6222b p.sw             x14, 4(x12!)        x12=10000108 x14:00000001 x12:10000104  PA:10000104
20400600ns          338997 1c009bca fff70713 addi             x14, x14, -1        x14=00000000 x14:00000001
20400640ns          338999 1c009bc6 00e6222b p.sw             x14, 4(x12!)        x12=1000010c x14:00000000 x12:10000108  PA:10000108
20400660ns          339000 1c009bca fff70713 addi             x14, x14, -1        x14=ffffffff x14:00000000
20400700ns          339002 1c009bc6 00e6222b p.sw             x14, 4(x12!)        x12=10000110 x14:ffffffff x12:1000010c  PA:1000010c
20400720ns          339003 1c009bca fff70713 addi             x14, x14, -1        x14=fffffffe x14:ffffffff
20400760ns          339005 1c009bc6 00e6222b p.sw             x14, 4(x12!)        x12=10000114 x14:fffffffe x12:10000110  PA:10000110
20400779ns          339006 1c009bca fff70713 addi             x14, x14, -1        x14=fffffffd x14:fffffffe
20400819ns          339008 1c009bc6 00e6222b p.sw             x14, 4(x12!)        x12=10000118 x14:fffffffd x12:10000114  PA:10000114
20400839ns          339009 1c009bca fff70713 addi             x14, x14, -1        x14=fffffffc x14:fffffffd
20400879ns          339011 1c009bc6 00e6222b p.sw             x14, 4(x12!)        x12=1000011c x14:fffffffc x12:10000118  PA:10000118
20400899ns          339012 1c009bca fff70713 addi             x14, x14, -1        x14=fffffffb x14:fffffffc
20400939ns          339014 1c009bc6 00e6222b p.sw             x14, 4(x12!)        x12=10000120 x14:fffffffb x12:1000011c  PA:1000011c
20400958ns          339015 1c009bca fff70713 addi             x14, x14, -1        x14=fffffffa x14:fffffffb
20400998ns          339017 1c009bc6 00e6222b p.sw             x14, 4(x12!)        x12=10000124 x14:fffffffa x12:10000120  PA:10000120
20401018ns          339018 1c009bca fff70713 addi             x14, x14, -1        x14=fffffff9 x14:fffffffa
20401058ns          339020 1c009bc6 00e6222b p.sw             x14, 4(x12!)        x12=10000128 x14:fffffff9 x12:10000124  PA:10000124
20401078ns          339021 1c009bca fff70713 addi             x14, x14, -1        x14=fffffff8 x14:fffffff9
20401118ns          339023 1c009bc6 00e6222b p.sw             x14, 4(x12!)        x12=1000012c x14:fffffff8 x12:10000128  PA:10000128
20401137ns          339024 1c009bca fff70713 addi             x14, x14, -1        x14=fffffff7 x14:fffffff8
20401177ns          339026 1c009bc6 00e6222b p.sw             x14, 4(x12!)        x12=10000130 x14:fffffff7 x12:1000012c  PA:1000012c
20401197ns          339027 1c009bca fff70713 addi             x14, x14, -1        x14=fffffff6 x14:fffffff7
20401237ns          339029 1c009bc6 00e6222b p.sw             x14, 4(x12!)        x12=10000134 x14:fffffff6 x12:10000130  PA:10000130
20401257ns          339030 1c009bca fff70713 addi             x14, x14, -1        x14=fffffff5 x14:fffffff6
20401297ns          339032 1c009bc6 00e6222b p.sw             x14, 4(x12!)        x12=10000138 x14:fffffff5 x12:10000134  PA:10000134
20401316ns          339033 1c009bca fff70713 addi             x14, x14, -1        x14=fffffff4 x14:fffffff5
20401356ns          339035 1c009bc6 00e6222b p.sw             x14, 4(x12!)        x12=1000013c x14:fffffff4 x12:10000138  PA:10000138
20401376ns          339036 1c009bca fff70713 addi             x14, x14, -1        x14=fffffff3 x14:fffffff4
20401416ns          339038 1c009bc6 00e6222b p.sw             x14, 4(x12!)        x12=10000140 x14:fffffff3 x12:1000013c  PA:1000013c
20401436ns          339039 1c009bca fff70713 addi             x14, x14, -1        x14=fffffff2 x14:fffffff3
20401476ns          339041 1c009bc6 00e6222b p.sw             x14, 4(x12!)        x12=10000144 x14:fffffff2 x12:10000140  PA:10000140
20401495ns          339042 1c009bca fff70713 addi             x14, x14, -1        x14=fffffff1 x14:fffffff2
20401535ns          339044 1c009bc6 00e6222b p.sw             x14, 4(x12!)        x12=10000148 x14:fffffff1 x12:10000144  PA:10000144
20401555ns          339045 1c009bca fff70713 addi             x14, x14, -1        x14=fffffff0 x14:fffffff1
20401595ns          339047 1c009bc6 00e6222b p.sw             x14, 4(x12!)        x12=1000014c x14:fffffff0 x12:10000148  PA:10000148
20401615ns          339048 1c009bca fff70713 addi             x14, x14, -1        x14=ffffffef x14:fffffff0
20401655ns          339050 1c009bc6 00e6222b p.sw             x14, 4(x12!)        x12=10000150 x14:ffffffef x12:1000014c  PA:1000014c
20401674ns          339051 1c009bca fff70713 addi             x14, x14, -1        x14=ffffffee x14:ffffffef
20401714ns          339053 1c009bc6 00e6222b p.sw             x14, 4(x12!)        x12=10000154 x14:ffffffee x12:10000150  PA:10000150
20401734ns          339054 1c009bca fff70713 addi             x14, x14, -1        x14=ffffffed x14:ffffffee
20401774ns          339056 1c009bc6 00e6222b p.sw             x14, 4(x12!)        x12=10000158 x14:ffffffed x12:10000154  PA:10000154
20401794ns          339057 1c009bca fff70713 addi             x14, x14, -1        x14=ffffffec x14:ffffffed
20401834ns          339059 1c009bc6 00e6222b p.sw             x14, 4(x12!)        x12=1000015c x14:ffffffec x12:10000158  PA:10000158
20401853ns          339060 1c009bca fff70713 addi             x14, x14, -1        x14=ffffffeb x14:ffffffec
20401893ns          339062 1c009bc6 00e6222b p.sw             x14, 4(x12!)        x12=10000160 x14:ffffffeb x12:1000015c  PA:1000015c
20401913ns          339063 1c009bca fff70713 addi             x14, x14, -1        x14=ffffffea x14:ffffffeb
20401953ns          339065 1c009bc6 00e6222b p.sw             x14, 4(x12!)        x12=10000164 x14:ffffffea x12:10000160  PA:10000160
20401973ns          339066 1c009bca fff70713 addi             x14, x14, -1        x14=ffffffe9 x14:ffffffea
20402013ns          339068 1c009bc6 00e6222b p.sw             x14, 4(x12!)        x12=10000168 x14:ffffffe9 x12:10000164  PA:10000164
20402033ns          339069 1c009bca fff70713 addi             x14, x14, -1        x14=ffffffe8 x14:ffffffe9
20402072ns          339071 1c009bc6 00e6222b p.sw             x14, 4(x12!)        x12=1000016c x14:ffffffe8 x12:10000168  PA:10000168
20402092ns          339072 1c009bca fff70713 addi             x14, x14, -1        x14=ffffffe7 x14:ffffffe8
20402132ns          339074 1c009bc6 00e6222b p.sw             x14, 4(x12!)        x12=10000170 x14:ffffffe7 x12:1000016c  PA:1000016c
20402152ns          339075 1c009bca fff70713 addi             x14, x14, -1        x14=ffffffe6 x14:ffffffe7
20402192ns          339077 1c009bc6 00e6222b p.sw             x14, 4(x12!)        x12=10000174 x14:ffffffe6 x12:10000170  PA:10000170
20402212ns          339078 1c009bca fff70713 addi             x14, x14, -1        x14=ffffffe5 x14:ffffffe6
20402251ns          339080 1c009bc6 00e6222b p.sw             x14, 4(x12!)        x12=10000178 x14:ffffffe5 x12:10000174  PA:10000174
20402271ns          339081 1c009bca fff70713 addi             x14, x14, -1        x14=ffffffe4 x14:ffffffe5
20402311ns          339083 1c009bc6 00e6222b p.sw             x14, 4(x12!)        x12=1000017c x14:ffffffe4 x12:10000178  PA:10000178
20402331ns          339084 1c009bca fff70713 addi             x14, x14, -1        x14=ffffffe3 x14:ffffffe4
20402371ns          339086 1c009bc6 00e6222b p.sw             x14, 4(x12!)        x12=10000180 x14:ffffffe3 x12:1000017c  PA:1000017c
20402391ns          339087 1c009bca fff70713 addi             x14, x14, -1        x14=ffffffe2 x14:ffffffe3
20402430ns          339089 1c009bc6 00e6222b p.sw             x14, 4(x12!)        x12=10000184 x14:ffffffe2 x12:10000180  PA:10000180
20402450ns          339090 1c009bca fff70713 addi             x14, x14, -1        x14=ffffffe1 x14:ffffffe2
20402490ns          339092 1c009bc6 00e6222b p.sw             x14, 4(x12!)        x12=10000188 x14:ffffffe1 x12:10000184  PA:10000184
20402510ns          339093 1c009bca fff70713 addi             x14, x14, -1        x14=ffffffe0 x14:ffffffe1
20402550ns          339095 1c009bc6 00e6222b p.sw             x14, 4(x12!)        x12=1000018c x14:ffffffe0 x12:10000188  PA:10000188
20402570ns          339096 1c009bca fff70713 addi             x14, x14, -1        x14=ffffffdf x14:ffffffe0
20402609ns          339098 1c009bc6 00e6222b p.sw             x14, 4(x12!)        x12=10000190 x14:ffffffdf x12:1000018c  PA:1000018c
20402629ns          339099 1c009bca fff70713 addi             x14, x14, -1        x14=ffffffde x14:ffffffdf
20402669ns          339101 1c009bc6 00e6222b p.sw             x14, 4(x12!)        x12=10000194 x14:ffffffde x12:10000190  PA:10000190
20402689ns          339102 1c009bca fff70713 addi             x14, x14, -1        x14=ffffffdd x14:ffffffde
20402729ns          339104 1c009bc6 00e6222b p.sw             x14, 4(x12!)        x12=10000198 x14:ffffffdd x12:10000194  PA:10000194
20402749ns          339105 1c009bca fff70713 addi             x14, x14, -1        x14=ffffffdc x14:ffffffdd
20402788ns          339107 1c009bc6 00e6222b p.sw             x14, 4(x12!)        x12=1000019c x14:ffffffdc x12:10000198  PA:10000198
20402808ns          339108 1c009bca fff70713 addi             x14, x14, -1        x14=ffffffdb x14:ffffffdc
20402848ns          339110 1c009bc6 00e6222b p.sw             x14, 4(x12!)        x12=100001a0 x14:ffffffdb x12:1000019c  PA:1000019c
20402868ns          339111 1c009bca fff70713 addi             x14, x14, -1        x14=ffffffda x14:ffffffdb
20402908ns          339113 1c009bc6 00e6222b p.sw             x14, 4(x12!)        x12=100001a4 x14:ffffffda x12:100001a0  PA:100001a0
20402928ns          339114 1c009bca fff70713 addi             x14, x14, -1        x14=ffffffd9 x14:ffffffda
20402967ns          339116 1c009bc6 00e6222b p.sw             x14, 4(x12!)        x12=100001a8 x14:ffffffd9 x12:100001a4  PA:100001a4
20402987ns          339117 1c009bca fff70713 addi             x14, x14, -1        x14=ffffffd8 x14:ffffffd9
20403027ns          339119 1c009bc6 00e6222b p.sw             x14, 4(x12!)        x12=100001ac x14:ffffffd8 x12:100001a8  PA:100001a8
20403047ns          339120 1c009bca fff70713 addi             x14, x14, -1        x14=ffffffd7 x14:ffffffd8
20403087ns          339122 1c009bc6 00e6222b p.sw             x14, 4(x12!)        x12=100001b0 x14:ffffffd7 x12:100001ac  PA:100001ac
20403107ns          339123 1c009bca fff70713 addi             x14, x14, -1        x14=ffffffd6 x14:ffffffd7
20403146ns          339125 1c009bc6 00e6222b p.sw             x14, 4(x12!)        x12=100001b4 x14:ffffffd6 x12:100001b0  PA:100001b0
20403166ns          339126 1c009bca fff70713 addi             x14, x14, -1        x14=ffffffd5 x14:ffffffd6
20403206ns          339128 1c009bc6 00e6222b p.sw             x14, 4(x12!)        x12=100001b8 x14:ffffffd5 x12:100001b4  PA:100001b4
20403226ns          339129 1c009bca fff70713 addi             x14, x14, -1        x14=ffffffd4 x14:ffffffd5
20403266ns          339131 1c009bc6 00e6222b p.sw             x14, 4(x12!)        x12=100001bc x14:ffffffd4 x12:100001b8  PA:100001b8
20403286ns          339132 1c009bca fff70713 addi             x14, x14, -1        x14=ffffffd3 x14:ffffffd4
20403325ns          339134 1c009bc6 00e6222b p.sw             x14, 4(x12!)        x12=100001c0 x14:ffffffd3 x12:100001bc  PA:100001bc
20403345ns          339135 1c009bca fff70713 addi             x14, x14, -1        x14=ffffffd2 x14:ffffffd3
20403385ns          339137 1c009bc6 00e6222b p.sw             x14, 4(x12!)        x12=100001c4 x14:ffffffd2 x12:100001c0  PA:100001c0
20403405ns          339138 1c009bca fff70713 addi             x14, x14, -1        x14=ffffffd1 x14:ffffffd2
20403445ns          339140 1c009bc6 00e6222b p.sw             x14, 4(x12!)        x12=100001c8 x14:ffffffd1 x12:100001c4  PA:100001c4
20403465ns          339141 1c009bca fff70713 addi             x14, x14, -1        x14=ffffffd0 x14:ffffffd1
20403504ns          339143 1c009bc6 00e6222b p.sw             x14, 4(x12!)        x12=100001cc x14:ffffffd0 x12:100001c8  PA:100001c8
20403524ns          339144 1c009bca fff70713 addi             x14, x14, -1        x14=ffffffcf x14:ffffffd0
20403564ns          339146 1c009bc6 00e6222b p.sw             x14, 4(x12!)        x12=100001d0 x14:ffffffcf x12:100001cc  PA:100001cc
20403624ns          339149 1c009bca fff70713 addi             x14, x14, -1        x14=ffffffce x14:ffffffcf
20403644ns          339150 1c009bc6 00e6222b p.sw             x14, 4(x12!)        x12=100001d4 x14:ffffffce x12:100001d0  PA:100001d0
20403664ns          339151 1c009bca fff70713 addi             x14, x14, -1        x14=ffffffcd x14:ffffffce
20404161ns          339176 1c009bc6 00e6222b p.sw             x14, 4(x12!)        x12=100001d8 x14:ffffffcd x12:100001d4  PA:100001d4
20404181ns          339177 1c009bca fff70713 addi             x14, x14, -1        x14=ffffffcc x14:ffffffcd
20404220ns          339179 1c009bc6 00e6222b p.sw             x14, 4(x12!)        x12=100001dc x14:ffffffcc x12:100001d8  PA:100001d8
20404240ns          339180 1c009bca fff70713 addi             x14, x14, -1        x14=ffffffcb x14:ffffffcc
20404280ns          339182 1c009bc6 00e6222b p.sw             x14, 4(x12!)        x12=100001e0 x14:ffffffcb x12:100001dc  PA:100001dc
20404300ns          339183 1c009bca fff70713 addi             x14, x14, -1        x14=ffffffca x14:ffffffcb
20404340ns          339185 1c009bc6 00e6222b p.sw             x14, 4(x12!)        x12=100001e4 x14:ffffffca x12:100001e0  PA:100001e0
20404360ns          339186 1c009bca fff70713 addi             x14, x14, -1        x14=ffffffc9 x14:ffffffca
20404400ns          339188 1c009bc6 00e6222b p.sw             x14, 4(x12!)        x12=100001e8 x14:ffffffc9 x12:100001e4  PA:100001e4
20404419ns          339189 1c009bca fff70713 addi             x14, x14, -1        x14=ffffffc8 x14:ffffffc9
20404459ns          339191 1c009bc6 00e6222b p.sw             x14, 4(x12!)        x12=100001ec x14:ffffffc8 x12:100001e8  PA:100001e8
20404479ns          339192 1c009bca fff70713 addi             x14, x14, -1        x14=ffffffc7 x14:ffffffc8
20404519ns          339194 1c009bc6 00e6222b p.sw             x14, 4(x12!)        x12=100001f0 x14:ffffffc7 x12:100001ec  PA:100001ec
20404559ns          339196 1c009bca fff70713 addi             x14, x14, -1        x14=ffffffc6 x14:ffffffc7
20404579ns          339197 1c009bc6 00e6222b p.sw             x14, 4(x12!)        x12=100001f4 x14:ffffffc6 x12:100001f0  PA:100001f0
20404598ns          339198 1c009bca fff70713 addi             x14, x14, -1        x14=ffffffc5 x14:ffffffc6
20404638ns          339200 1c009bc6 00e6222b p.sw             x14, 4(x12!)        x12=100001f8 x14:ffffffc5 x12:100001f4  PA:100001f4
20404658ns          339201 1c009bca fff70713 addi             x14, x14, -1        x14=ffffffc4 x14:ffffffc5
20404698ns          339203 1c009bc6 00e6222b p.sw             x14, 4(x12!)        x12=100001fc x14:ffffffc4 x12:100001f8  PA:100001f8
20404718ns          339204 1c009bca fff70713 addi             x14, x14, -1        x14=ffffffc3 x14:ffffffc4
20404758ns          339206 1c009bc6 00e6222b p.sw             x14, 4(x12!)        x12=10000200 x14:ffffffc3 x12:100001fc  PA:100001fc
20404777ns          339207 1c009bca fff70713 addi             x14, x14, -1        x14=ffffffc2 x14:ffffffc3
20404817ns          339209 1c009bc6 00e6222b p.sw             x14, 4(x12!)        x12=10000204 x14:ffffffc2 x12:10000200  PA:10000200
20404837ns          339210 1c009bca fff70713 addi             x14, x14, -1        x14=ffffffc1 x14:ffffffc2
20404857ns          339211 1c009bcc 00468513 addi             x10, x13, 4         x10=10000004 x13:10000000
20404877ns          339212 1c009bd0 50040613 addi             x12, x8, 1280       x12=10000504  x8:10000004
20404897ns          339213 1c009bd4 00000713 addi             x14, x0, 0          x14=00000000
20404917ns          339214 1c009bd6 00800693 addi             x13, x0, 8          x13=00000008
20404937ns          339215 1c009bd8 100014b7 lui              x9, 0x10001000       x9=10001000
20404956ns          339216 1c009bdc d62fe0ef jal              x1, -6814            x1=1c009be0
20406050ns          339271 1c00813e 06068c63 beq              x13, x0, 120        x13:00000008
20406568ns          339297 1c008140 ff010113 addi             x2, x2, -16          x2=10001f88  x2:10001f98
20406607ns          339299 1c008142 00269393 slli             x7, x13, 0x2         x7=00000020 x13:00000008
20406627ns          339300 1c008146 00812623 sw               x8, 12(x2)           x8:10000004  x2:10001f88  PA:10001f94
20406647ns          339301 1c008148 00271793 slli             x15, x14, 0x2       x15=00000000 x14:00000000
20406667ns          339302 1c00814c 40a60433 sub              x8, x12, x10         x8=00000500 x12:10000504 x10:10000004
20407204ns          339329 1c008150 02d787b3 mul              x15, x15, x13       x15=00000000 x15:00000000 x13:00000008
20407244ns          339331 1c008154 40740433 sub              x8, x8, x7           x8=000004e0  x8:00000500  x7:00000020
20407264ns          339332 1c008158 00912423 sw               x9, 8(x2)            x9:10001000  x2:10001f88  PA:10001f90
20407284ns          339333 1c00815a 00750fb3 add              x31, x10, x7        x31=10000024 x10:10000004  x7:00000020
20407781ns          339358 1c00815e 42d78433 p.mac            x8, x15, x13         x8=000004e0  x8:000004e0 x15:00000000 x13:00000008
20407821ns          339360 1c008162 007584b3 add              x9, x11, x7          x9=10000124 x11:10000104  x7:00000020
20407841ns          339361 1c008166 00000293 addi             x5, x0, 0            x5=00000000
20407861ns          339362 1c008168 40b48e33 sub              x28, x9, x11        x28=00000020  x9:10000124 x11:10000104
20407880ns          339363 1c00816c ffce0e13 addi             x28, x28, -4        x28=0000001c x28:00000020
20408358ns          339387 1c00816e 002e5e13 srli             x28, x28, 0x2       x28=00000007 x28:0000001c
20408398ns          339389 1c008172 008f8f33 add              x30, x31, x8        x30=10000504 x31:10000024  x8:000004e0
20408417ns          339390 1c008176 00b00eb3 add              x29, x0, x11        x29=10000104 x11:10000104
20408437ns          339391 1c008178 001e0e13 addi             x28, x28, 1         x28=00000008 x28:00000007
20408457ns          339392 1c00817a 014e407b lp.setup         0x0, x28, 0x14      x28:00000008
20408935ns          339416 1c00817e 40af87b3 sub              x15, x31, x10       x15=00000020 x31:10000024 x10:10000004
20408954ns          339417 1c008182 ffc78793 addi             x15, x15, -4        x15=0000001c x15:00000020
20408974ns          339418 1c008184 0027d793 srli             x15, x15, 0x2       x15=00000007 x15:0000001c
20408994ns          339419 1c008186 01d00833 add              x16, x0, x29        x16=10000104 x29:10000104
20409014ns          339420 1c008188 00a00633 add              x12, x0, x10        x12=10000004 x10:10000004
20409034ns          339421 1c00818a 00000713 addi             x14, x0, 0          x14=00000000
20409054ns          339422 1c00818c 00178793 addi             x15, x15, 1         x15=00000008 x15:00000007
20409511ns          339445 1c00818e 0067c0fb lp.setup         0x1, x15, 0x6       x15:00000008
20409551ns          339447 1c008192 0046230b p.lw             x6, 4(x12!)          x6=00000019 x12=10000008 x12:10000004  PA:10000004
20409571ns          339448 1c008196 2078788b p.lw             x17, x7(x16!)       x17=00000001 x16=10000124  x7:00000020 x16:10000104  PA:10000104
20409611ns          339450 1c00819a 43130733 p.mac            x14, x6, x17        x14=00000019 x14:00000000  x6:00000019 x17:00000001
20409631ns          339451 1c008192 0046230b p.lw             x6, 4(x12!)          x6=00000018 x12=1000000c x12:10000008  PA:10000008
20409651ns          339452 1c008196 2078788b p.lw             x17, x7(x16!)       x17=fffffff9 x16=10000144  x7:00000020 x16:10000124  PA:10000124
20409690ns          339454 1c00819a 43130733 p.mac            x14, x6, x17        x14=ffffff71 x14:00000019  x6:00000018 x17:fffffff9
20409710ns          339455 1c008192 0046230b p.lw             x6, 4(x12!)          x6=00000017 x12=10000010 x12:1000000c  PA:1000000c
20409730ns          339456 1c008196 2078788b p.lw             x17, x7(x16!)       x17=fffffff1 x16=10000164  x7:00000020 x16:10000144  PA:10000144
20409770ns          339458 1c00819a 43130733 p.mac            x14, x6, x17        x14=fffffe18 x14:ffffff71  x6:00000017 x17:fffffff1
20409790ns          339459 1c008192 0046230b p.lw             x6, 4(x12!)          x6=00000016 x12=10000014 x12:10000010  PA:10000010
20409810ns          339460 1c008196 2078788b p.lw             x17, x7(x16!)       x17=ffffffe9 x16=10000184  x7:00000020 x16:10000164  PA:10000164
20409850ns          339462 1c00819a 43130733 p.mac            x14, x6, x17        x14=fffffc1e x14:fffffe18  x6:00000016 x17:ffffffe9
20409869ns          339463 1c008192 0046230b p.lw             x6, 4(x12!)          x6=00000015 x12=10000018 x12:10000014  PA:10000014
20409889ns          339464 1c008196 2078788b p.lw             x17, x7(x16!)       x17=ffffffe1 x16=100001a4  x7:00000020 x16:10000184  PA:10000184
20409929ns          339466 1c00819a 43130733 p.mac            x14, x6, x17        x14=fffff993 x14:fffffc1e  x6:00000015 x17:ffffffe1
20409949ns          339467 1c008192 0046230b p.lw             x6, 4(x12!)          x6=00000014 x12=1000001c x12:10000018  PA:10000018
20409969ns          339468 1c008196 2078788b p.lw             x17, x7(x16!)       x17=ffffffd9 x16=100001c4  x7:00000020 x16:100001a4  PA:100001a4
20410009ns          339470 1c00819a 43130733 p.mac            x14, x6, x17        x14=fffff687 x14:fffff993  x6:00000014 x17:ffffffd9
20410029ns          339471 1c008192 0046230b p.lw             x6, 4(x12!)          x6=00000013 x12=10000020 x12:1000001c  PA:1000001c
20410048ns          339472 1c008196 2078788b p.lw             x17, x7(x16!)       x17=ffffffd1 x16=100001e4  x7:00000020 x16:100001c4  PA:100001c4
20410088ns          339474 1c00819a 43130733 p.mac            x14, x6, x17        x14=fffff30a x14:fffff687  x6:00000013 x17:ffffffd1
20410108ns          339475 1c008192 0046230b p.lw             x6, 4(x12!)          x6=00000012 x12=10000024 x12:10000020  PA:10000020
20410128ns          339476 1c008196 2078788b p.lw             x17, x7(x16!)       x17=ffffffc9 x16=10000204  x7:00000020 x16:100001e4  PA:100001e4
20410168ns          339478 1c00819a 43130733 p.mac            x14, x6, x17        x14=ffffef2c x14:fffff30a  x6:00000012 x17:ffffffc9
20410625ns          339501 1c00819e 00ef222b p.sw             x14, 4(x30!)        x30=10000508 x14:ffffef2c x30:10000504  PA:10000504
20410645ns          339502 1c0081a2 004e8e93 addi             x29, x29, 4         x29=10000108 x29:10000104
20410685ns          339504 1c00817e 40af87b3 sub              x15, x31, x10       x15=00000020 x31:10000024 x10:10000004
20410705ns          339505 1c008182 ffc78793 addi             x15, x15, -4        x15=0000001c x15:00000020
20410725ns          339506 1c008184 0027d793 srli             x15, x15, 0x2       x15=00000007 x15:0000001c
20410745ns          339507 1c008186 01d00833 add              x16, x0, x29        x16=10000108 x29:10000108
20410765ns          339508 1c008188 00a00633 add              x12, x0, x10        x12=10000004 x10:10000004
20410784ns          339509 1c00818a 00000713 addi             x14, x0, 0          x14=00000000
20410804ns          339510 1c00818c 00178793 addi             x15, x15, 1         x15=00000008 x15:00000007
20410824ns          339511 1c00818e 0067c0fb lp.setup         0x1, x15, 0x6       x15:00000008
20410844ns          339512 1c008192 0046230b p.lw             x6, 4(x12!)          x6=00000019 x12=10000008 x12:10000004  PA:10000004
20410864ns          339513 1c008196 2078788b p.lw             x17, x7(x16!)       x17=00000000 x16=10000128  x7:00000020 x16:10000108  PA:10000108
20410904ns          339515 1c00819a 43130733 p.mac            x14, x6, x17        x14=00000000 x14:00000000  x6:00000019 x17:00000000
20410924ns          339516 1c008192 0046230b p.lw             x6, 4(x12!)          x6=00000018 x12=1000000c x12:10000008  PA:10000008
20410944ns          339517 1c008196 2078788b p.lw             x17, x7(x16!)       x17=fffffff8 x16=10000148  x7:00000020 x16:10000128  PA:10000128
20410983ns          339519 1c00819a 43130733 p.mac            x14, x6, x17        x14=ffffff40 x14:00000000  x6:00000018 x17:fffffff8
20411003ns          339520 1c008192 0046230b p.lw             x6, 4(x12!)          x6=00000017 x12=10000010 x12:1000000c  PA:1000000c
20411023ns          339521 1c008196 2078788b p.lw             x17, x7(x16!)       x17=fffffff0 x16=10000168  x7:00000020 x16:10000148  PA:10000148
20411063ns          339523 1c00819a 43130733 p.mac            x14, x6, x17        x14=fffffdd0 x14:ffffff40  x6:00000017 x17:fffffff0
20411083ns          339524 1c008192 0046230b p.lw             x6, 4(x12!)          x6=00000016 x12=10000014 x12:10000010  PA:10000010
20411103ns          339525 1c008196 2078788b p.lw             x17, x7(x16!)       x17=ffffffe8 x16=10000188  x7:00000020 x16:10000168  PA:10000168
20411142ns          339527 1c00819a 43130733 p.mac            x14, x6, x17        x14=fffffbc0 x14:fffffdd0  x6:00000016 x17:ffffffe8
20411162ns          339528 1c008192 0046230b p.lw             x6, 4(x12!)          x6=00000015 x12=10000018 x12:10000014  PA:10000014
20411182ns          339529 1c008196 2078788b p.lw             x17, x7(x16!)       x17=ffffffe0 x16=100001a8  x7:00000020 x16:10000188  PA:10000188
20411222ns          339531 1c00819a 43130733 p.mac            x14, x6, x17        x14=fffff920 x14:fffffbc0  x6:00000015 x17:ffffffe0
20411242ns          339532 1c008192 0046230b p.lw             x6, 4(x12!)          x6=00000014 x12=1000001c x12:10000018  PA:10000018
20411262ns          339533 1c008196 2078788b p.lw             x17, x7(x16!)       x17=ffffffd8 x16=100001c8  x7:00000020 x16:100001a8  PA:100001a8
20411302ns          339535 1c00819a 43130733 p.mac            x14, x6, x17        x14=fffff600 x14:fffff920  x6:00000014 x17:ffffffd8
20411321ns          339536 1c008192 0046230b p.lw             x6, 4(x12!)          x6=00000013 x12=10000020 x12:1000001c  PA:1000001c
20411341ns          339537 1c008196 2078788b p.lw             x17, x7(x16!)       x17=ffffffd0 x16=100001e8  x7:00000020 x16:100001c8  PA:100001c8
20411381ns          339539 1c00819a 43130733 p.mac            x14, x6, x17        x14=fffff270 x14:fffff600  x6:00000013 x17:ffffffd0
20411401ns          339540 1c008192 0046230b p.lw             x6, 4(x12!)          x6=00000012 x12=10000024 x12:10000020  PA:10000020
20411421ns          339541 1c008196 2078788b p.lw             x17, x7(x16!)       x17=ffffffc8 x16=10000208  x7:00000020 x16:100001e8  PA:100001e8
20411461ns          339543 1c00819a 43130733 p.mac            x14, x6, x17        x14=ffffee80 x14:fffff270  x6:00000012 x17:ffffffc8
20411481ns          339544 1c00819e 00ef222b p.sw             x14, 4(x30!)        x30=1000050c x14:ffffee80 x30:10000508  PA:10000508
20411501ns          339545 1c0081a2 004e8e93 addi             x29, x29, 4         x29=1000010c x29:10000108
20411540ns          339547 1c00817e 40af87b3 sub              x15, x31, x10       x15=00000020 x31:10000024 x10:10000004
20411560ns          339548 1c008182 ffc78793 addi             x15, x15, -4        x15=0000001c x15:00000020
20411580ns          339549 1c008184 0027d793 srli             x15, x15, 0x2       x15=00000007 x15:0000001c
20411600ns          339550 1c008186 01d00833 add              x16, x0, x29        x16=1000010c x29:1000010c
20411620ns          339551 1c008188 00a00633 add              x12, x0, x10        x12=10000004 x10:10000004
20411640ns          339552 1c00818a 00000713 addi             x14, x0, 0          x14=00000000
20411660ns          339553 1c00818c 00178793 addi             x15, x15, 1         x15=00000008 x15:00000007
20411680ns          339554 1c00818e 0067c0fb lp.setup         0x1, x15, 0x6       x15:00000008
20411699ns          339555 1c008192 0046230b p.lw             x6, 4(x12!)          x6=00000019 x12=10000008 x12:10000004  PA:10000004
20411719ns          339556 1c008196 2078788b p.lw             x17, x7(x16!)       x17=ffffffff x16=1000012c  x7:00000020 x16:1000010c  PA:1000010c
20411759ns          339558 1c00819a 43130733 p.mac            x14, x6, x17        x14=ffffffe7 x14:00000000  x6:00000019 x17:ffffffff
20411779ns          339559 1c008192 0046230b p.lw             x6, 4(x12!)          x6=00000018 x12=1000000c x12:10000008  PA:10000008
20411799ns          339560 1c008196 2078788b p.lw             x17, x7(x16!)       x17=fffffff7 x16=1000014c  x7:00000020 x16:1000012c  PA:1000012c
20411839ns          339562 1c00819a 43130733 p.mac            x14, x6, x17        x14=ffffff0f x14:ffffffe7  x6:00000018 x17:fffffff7
20411859ns          339563 1c008192 0046230b p.lw             x6, 4(x12!)          x6=00000017 x12=10000010 x12:1000000c  PA:1000000c
20411878ns          339564 1c008196 2078788b p.lw             x17, x7(x16!)       x17=ffffffef x16=1000016c  x7:00000020 x16:1000014c  PA:1000014c
20411918ns          339566 1c00819a 43130733 p.mac            x14, x6, x17        x14=fffffd88 x14:ffffff0f  x6:00000017 x17:ffffffef
20411938ns          339567 1c008192 0046230b p.lw             x6, 4(x12!)          x6=00000016 x12=10000014 x12:10000010  PA:10000010
20411958ns          339568 1c008196 2078788b p.lw             x17, x7(x16!)       x17=ffffffe7 x16=1000018c  x7:00000020 x16:1000016c  PA:1000016c
20411998ns          339570 1c00819a 43130733 p.mac            x14, x6, x17        x14=fffffb62 x14:fffffd88  x6:00000016 x17:ffffffe7
20412018ns          339571 1c008192 0046230b p.lw             x6, 4(x12!)          x6=00000015 x12=10000018 x12:10000014  PA:10000014
20412038ns          339572 1c008196 2078788b p.lw             x17, x7(x16!)       x17=ffffffdf x16=100001ac  x7:00000020 x16:1000018c  PA:1000018c
20412077ns          339574 1c00819a 43130733 p.mac            x14, x6, x17        x14=fffff8ad x14:fffffb62  x6:00000015 x17:ffffffdf
20412097ns          339575 1c008192 0046230b p.lw             x6, 4(x12!)          x6=00000014 x12=1000001c x12:10000018  PA:10000018
20412117ns          339576 1c008196 2078788b p.lw             x17, x7(x16!)       x17=ffffffd7 x16=100001cc  x7:00000020 x16:100001ac  PA:100001ac
20412157ns          339578 1c00819a 43130733 p.mac            x14, x6, x17        x14=fffff579 x14:fffff8ad  x6:00000014 x17:ffffffd7
20412177ns          339579 1c008192 0046230b p.lw             x6, 4(x12!)          x6=00000013 x12=10000020 x12:1000001c  PA:1000001c
20412197ns          339580 1c008196 2078788b p.lw             x17, x7(x16!)       x17=ffffffcf x16=100001ec  x7:00000020 x16:100001cc  PA:100001cc
20412236ns          339582 1c00819a 43130733 p.mac            x14, x6, x17        x14=fffff1d6 x14:fffff579  x6:00000013 x17:ffffffcf
20412256ns          339583 1c008192 0046230b p.lw             x6, 4(x12!)          x6=00000012 x12=10000024 x12:10000020  PA:10000020
20412276ns          339584 1c008196 2078788b p.lw             x17, x7(x16!)       x17=ffffffc7 x16=1000020c  x7:00000020 x16:100001ec  PA:100001ec
20412316ns          339586 1c00819a 43130733 p.mac            x14, x6, x17        x14=ffffedd4 x14:fffff1d6  x6:00000012 x17:ffffffc7
20412336ns          339587 1c00819e 00ef222b p.sw             x14, 4(x30!)        x30=10000510 x14:ffffedd4 x30:1000050c  PA:1000050c
20412356ns          339588 1c0081a2 004e8e93 addi             x29, x29, 4         x29=10000110 x29:1000010c
20412396ns          339590 1c00817e 40af87b3 sub              x15, x31, x10       x15=00000020 x31:10000024 x10:10000004
20412415ns          339591 1c008182 ffc78793 addi             x15, x15, -4        x15=0000001c x15:00000020
20412435ns          339592 1c008184 0027d793 srli             x15, x15, 0x2       x15=00000007 x15:0000001c
20412455ns          339593 1c008186 01d00833 add              x16, x0, x29        x16=10000110 x29:10000110
20412475ns          339594 1c008188 00a00633 add              x12, x0, x10        x12=10000004 x10:10000004
20412495ns          339595 1c00818a 00000713 addi             x14, x0, 0          x14=00000000
20412515ns          339596 1c00818c 00178793 addi             x15, x15, 1         x15=00000008 x15:00000007
20412535ns          339597 1c00818e 0067c0fb lp.setup         0x1, x15, 0x6       x15:00000008
20412555ns          339598 1c008192 0046230b p.lw             x6, 4(x12!)          x6=00000019 x12=10000008 x12:10000004  PA:10000004
20412575ns          339599 1c008196 2078788b p.lw             x17, x7(x16!)       x17=fffffffe x16=10000130  x7:00000020 x16:10000110  PA:10000110
20412614ns          339601 1c00819a 43130733 p.mac            x14, x6, x17        x14=ffffffce x14:00000000  x6:00000019 x17:fffffffe
20412634ns          339602 1c008192 0046230b p.lw             x6, 4(x12!)          x6=00000018 x12=1000000c x12:10000008  PA:10000008
20412654ns          339603 1c008196 2078788b p.lw             x17, x7(x16!)       x17=fffffff6 x16=10000150  x7:00000020 x16:10000130  PA:10000130
20412694ns          339605 1c00819a 43130733 p.mac            x14, x6, x17        x14=fffffede x14:ffffffce  x6:00000018 x17:fffffff6
20412714ns          339606 1c008192 0046230b p.lw             x6, 4(x12!)          x6=00000017 x12=10000010 x12:1000000c  PA:1000000c
20412734ns          339607 1c008196 2078788b p.lw             x17, x7(x16!)       x17=ffffffee x16=10000170  x7:00000020 x16:10000150  PA:10000150
20412774ns          339609 1c00819a 43130733 p.mac            x14, x6, x17        x14=fffffd40 x14:fffffede  x6:00000017 x17:ffffffee
20412793ns          339610 1c008192 0046230b p.lw             x6, 4(x12!)          x6=00000016 x12=10000014 x12:10000010  PA:10000010
20412813ns          339611 1c008196 2078788b p.lw             x17, x7(x16!)       x17=ffffffe6 x16=10000190  x7:00000020 x16:10000170  PA:10000170
20412853ns          339613 1c00819a 43130733 p.mac            x14, x6, x17        x14=fffffb04 x14:fffffd40  x6:00000016 x17:ffffffe6
20412873ns          339614 1c008192 0046230b p.lw             x6, 4(x12!)          x6=00000015 x12=10000018 x12:10000014  PA:10000014
20412893ns          339615 1c008196 2078788b p.lw             x17, x7(x16!)       x17=ffffffde x16=100001b0  x7:00000020 x16:10000190  PA:10000190
20412933ns          339617 1c00819a 43130733 p.mac            x14, x6, x17        x14=fffff83a x14:fffffb04  x6:00000015 x17:ffffffde
20412953ns          339618 1c008192 0046230b p.lw             x6, 4(x12!)          x6=00000014 x12=1000001c x12:10000018  PA:10000018
20412972ns          339619 1c008196 2078788b p.lw             x17, x7(x16!)       x17=ffffffd6 x16=100001d0  x7:00000020 x16:100001b0  PA:100001b0
20413012ns          339621 1c00819a 43130733 p.mac            x14, x6, x17        x14=fffff4f2 x14:fffff83a  x6:00000014 x17:ffffffd6
20413032ns          339622 1c008192 0046230b p.lw             x6, 4(x12!)          x6=00000013 x12=10000020 x12:1000001c  PA:1000001c
20413052ns          339623 1c008196 2078788b p.lw             x17, x7(x16!)       x17=ffffffce x16=100001f0  x7:00000020 x16:100001d0  PA:100001d0
20413092ns          339625 1c00819a 43130733 p.mac            x14, x6, x17        x14=fffff13c x14:fffff4f2  x6:00000013 x17:ffffffce
20413112ns          339626 1c008192 0046230b p.lw             x6, 4(x12!)          x6=00000012 x12=10000024 x12:10000020  PA:10000020
20413132ns          339627 1c008196 2078788b p.lw             x17, x7(x16!)       x17=ffffffc6 x16=10000210  x7:00000020 x16:100001f0  PA:100001f0
20413171ns          339629 1c00819a 43130733 p.mac            x14, x6, x17        x14=ffffed28 x14:fffff13c  x6:00000012 x17:ffffffc6
20413191ns          339630 1c00819e 00ef222b p.sw             x14, 4(x30!)        x30=10000514 x14:ffffed28 x30:10000510  PA:10000510
20413211ns          339631 1c0081a2 004e8e93 addi             x29, x29, 4         x29=10000114 x29:10000110
20413251ns          339633 1c00817e 40af87b3 sub              x15, x31, x10       x15=00000020 x31:10000024 x10:10000004
20413271ns          339634 1c008182 ffc78793 addi             x15, x15, -4        x15=0000001c x15:00000020
20413291ns          339635 1c008184 0027d793 srli             x15, x15, 0x2       x15=00000007 x15:0000001c
20413311ns          339636 1c008186 01d00833 add              x16, x0, x29        x16=10000114 x29:10000114
20413330ns          339637 1c008188 00a00633 add              x12, x0, x10        x12=10000004 x10:10000004
20413350ns          339638 1c00818a 00000713 addi             x14, x0, 0          x14=00000000
20413370ns          339639 1c00818c 00178793 addi             x15, x15, 1         x15=00000008 x15:00000007
20413390ns          339640 1c00818e 0067c0fb lp.setup         0x1, x15, 0x6       x15:00000008
20413410ns          339641 1c008192 0046230b p.lw             x6, 4(x12!)          x6=00000019 x12=10000008 x12:10000004  PA:10000004
20413430ns          339642 1c008196 2078788b p.lw             x17, x7(x16!)       x17=fffffffd x16=10000134  x7:00000020 x16:10000114  PA:10000114
20413470ns          339644 1c00819a 43130733 p.mac            x14, x6, x17        x14=ffffffb5 x14:00000000  x6:00000019 x17:fffffffd
20413490ns          339645 1c008192 0046230b p.lw             x6, 4(x12!)          x6=00000018 x12=1000000c x12:10000008  PA:10000008
20413509ns          339646 1c008196 2078788b p.lw             x17, x7(x16!)       x17=fffffff5 x16=10000154  x7:00000020 x16:10000134  PA:10000134
20413549ns          339648 1c00819a 43130733 p.mac            x14, x6, x17        x14=fffffead x14:ffffffb5  x6:00000018 x17:fffffff5
20413569ns          339649 1c008192 0046230b p.lw             x6, 4(x12!)          x6=00000017 x12=10000010 x12:1000000c  PA:1000000c
20413589ns          339650 1c008196 2078788b p.lw             x17, x7(x16!)       x17=ffffffed x16=10000174  x7:00000020 x16:10000154  PA:10000154
20413629ns          339652 1c00819a 43130733 p.mac            x14, x6, x17        x14=fffffcf8 x14:fffffead  x6:00000017 x17:ffffffed
20413649ns          339653 1c008192 0046230b p.lw             x6, 4(x12!)          x6=00000016 x12=10000014 x12:10000010  PA:10000010
20413669ns          339654 1c008196 2078788b p.lw             x17, x7(x16!)       x17=ffffffe5 x16=10000194  x7:00000020 x16:10000174  PA:10000174
20413708ns          339656 1c00819a 43130733 p.mac            x14, x6, x17        x14=fffffaa6 x14:fffffcf8  x6:00000016 x17:ffffffe5
20413728ns          339657 1c008192 0046230b p.lw             x6, 4(x12!)          x6=00000015 x12=10000018 x12:10000014  PA:10000014
20413748ns          339658 1c008196 2078788b p.lw             x17, x7(x16!)       x17=ffffffdd x16=100001b4  x7:00000020 x16:10000194  PA:10000194
20413788ns          339660 1c00819a 43130733 p.mac            x14, x6, x17        x14=fffff7c7 x14:fffffaa6  x6:00000015 x17:ffffffdd
20413808ns          339661 1c008192 0046230b p.lw             x6, 4(x12!)          x6=00000014 x12=1000001c x12:10000018  PA:10000018
20413828ns          339662 1c008196 2078788b p.lw             x17, x7(x16!)       x17=ffffffd5 x16=100001d4  x7:00000020 x16:100001b4  PA:100001b4
20413868ns          339664 1c00819a 43130733 p.mac            x14, x6, x17        x14=fffff46b x14:fffff7c7  x6:00000014 x17:ffffffd5
20413887ns          339665 1c008192 0046230b p.lw             x6, 4(x12!)          x6=00000013 x12=10000020 x12:1000001c  PA:1000001c
20413907ns          339666 1c008196 2078788b p.lw             x17, x7(x16!)       x17=ffffffcd x16=100001f4  x7:00000020 x16:100001d4  PA:100001d4
20413947ns          339668 1c00819a 43130733 p.mac            x14, x6, x17        x14=fffff0a2 x14:fffff46b  x6:00000013 x17:ffffffcd
20413967ns          339669 1c008192 0046230b p.lw             x6, 4(x12!)          x6=00000012 x12=10000024 x12:10000020  PA:10000020
20413987ns          339670 1c008196 2078788b p.lw             x17, x7(x16!)       x17=ffffffc5 x16=10000214  x7:00000020 x16:100001f4  PA:100001f4
20414027ns          339672 1c00819a 43130733 p.mac            x14, x6, x17        x14=ffffec7c x14:fffff0a2  x6:00000012 x17:ffffffc5
20414047ns          339673 1c00819e 00ef222b p.sw             x14, 4(x30!)        x30=10000518 x14:ffffec7c x30:10000514  PA:10000514
20414066ns          339674 1c0081a2 004e8e93 addi             x29, x29, 4         x29=10000118 x29:10000114
20414106ns          339676 1c00817e 40af87b3 sub              x15, x31, x10       x15=00000020 x31:10000024 x10:10000004
20414126ns          339677 1c008182 ffc78793 addi             x15, x15, -4        x15=0000001c x15:00000020
20414146ns          339678 1c008184 0027d793 srli             x15, x15, 0x2       x15=00000007 x15:0000001c
20414166ns          339679 1c008186 01d00833 add              x16, x0, x29        x16=10000118 x29:10000118
20414186ns          339680 1c008188 00a00633 add              x12, x0, x10        x12=10000004 x10:10000004
20414206ns          339681 1c00818a 00000713 addi             x14, x0, 0          x14=00000000
20414226ns          339682 1c00818c 00178793 addi             x15, x15, 1         x15=00000008 x15:00000007
20414245ns          339683 1c00818e 0067c0fb lp.setup         0x1, x15, 0x6       x15:00000008
20414265ns          339684 1c008192 0046230b p.lw             x6, 4(x12!)          x6=00000019 x12=10000008 x12:10000004  PA:10000004
20414285ns          339685 1c008196 2078788b p.lw             x17, x7(x16!)       x17=fffffffc x16=10000138  x7:00000020 x16:10000118  PA:10000118
20414325ns          339687 1c00819a 43130733 p.mac            x14, x6, x17        x14=ffffff9c x14:00000000  x6:00000019 x17:fffffffc
20414345ns          339688 1c008192 0046230b p.lw             x6, 4(x12!)          x6=00000018 x12=1000000c x12:10000008  PA:10000008
20414365ns          339689 1c008196 2078788b p.lw             x17, x7(x16!)       x17=fffffff4 x16=10000158  x7:00000020 x16:10000138  PA:10000138
20414405ns          339691 1c00819a 43130733 p.mac            x14, x6, x17        x14=fffffe7c x14:ffffff9c  x6:00000018 x17:fffffff4
20414424ns          339692 1c008192 0046230b p.lw             x6, 4(x12!)          x6=00000017 x12=10000010 x12:1000000c  PA:1000000c
20414444ns          339693 1c008196 2078788b p.lw             x17, x7(x16!)       x17=ffffffec x16=10000178  x7:00000020 x16:10000158  PA:10000158
20414484ns          339695 1c00819a 43130733 p.mac            x14, x6, x17        x14=fffffcb0 x14:fffffe7c  x6:00000017 x17:ffffffec
20414504ns          339696 1c008192 0046230b p.lw             x6, 4(x12!)          x6=00000016 x12=10000014 x12:10000010  PA:10000010
20414524ns          339697 1c008196 2078788b p.lw             x17, x7(x16!)       x17=ffffffe4 x16=10000198  x7:00000020 x16:10000178  PA:10000178
20414564ns          339699 1c00819a 43130733 p.mac            x14, x6, x17        x14=fffffa48 x14:fffffcb0  x6:00000016 x17:ffffffe4
20414584ns          339700 1c008192 0046230b p.lw             x6, 4(x12!)          x6=00000015 x12=10000018 x12:10000014  PA:10000014
20414603ns          339701 1c008196 2078788b p.lw             x17, x7(x16!)       x17=ffffffdc x16=100001b8  x7:00000020 x16:10000198  PA:10000198
20414643ns          339703 1c00819a 43130733 p.mac            x14, x6, x17        x14=fffff754 x14:fffffa48  x6:00000015 x17:ffffffdc
20414663ns          339704 1c008192 0046230b p.lw             x6, 4(x12!)          x6=00000014 x12=1000001c x12:10000018  PA:10000018
20414683ns          339705 1c008196 2078788b p.lw             x17, x7(x16!)       x17=ffffffd4 x16=100001d8  x7:00000020 x16:100001b8  PA:100001b8
20414723ns          339707 1c00819a 43130733 p.mac            x14, x6, x17        x14=fffff3e4 x14:fffff754  x6:00000014 x17:ffffffd4
20414743ns          339708 1c008192 0046230b p.lw             x6, 4(x12!)          x6=00000013 x12=10000020 x12:1000001c  PA:1000001c
20414782ns          339710 1c008196 2078788b p.lw             x17, x7(x16!)       x17=ffffffcc x16=100001f8  x7:00000020 x16:100001d8  PA:100001d8
20414822ns          339712 1c00819a 43130733 p.mac            x14, x6, x17        x14=fffff008 x14:fffff3e4  x6:00000013 x17:ffffffcc
20414842ns          339713 1c008192 0046230b p.lw             x6, 4(x12!)          x6=00000012 x12=10000024 x12:10000020  PA:10000020
20414862ns          339714 1c008196 2078788b p.lw             x17, x7(x16!)       x17=ffffffc4 x16=10000218  x7:00000020 x16:100001f8  PA:100001f8
20414902ns          339716 1c00819a 43130733 p.mac            x14, x6, x17        x14=ffffebd0 x14:fffff008  x6:00000012 x17:ffffffc4
20414922ns          339717 1c00819e 00ef222b p.sw             x14, 4(x30!)        x30=1000051c x14:ffffebd0 x30:10000518  PA:10000518
20414942ns          339718 1c0081a2 004e8e93 addi             x29, x29, 4         x29=1000011c x29:10000118
20414981ns          339720 1c00817e 40af87b3 sub              x15, x31, x10       x15=00000020 x31:10000024 x10:10000004
20415001ns          339721 1c008182 ffc78793 addi             x15, x15, -4        x15=0000001c x15:00000020
20415021ns          339722 1c008184 0027d793 srli             x15, x15, 0x2       x15=00000007 x15:0000001c
20415041ns          339723 1c008186 01d00833 add              x16, x0, x29        x16=1000011c x29:1000011c
20415061ns          339724 1c008188 00a00633 add              x12, x0, x10        x12=10000004 x10:10000004
20415081ns          339725 1c00818a 00000713 addi             x14, x0, 0          x14=00000000
20415101ns          339726 1c00818c 00178793 addi             x15, x15, 1         x15=00000008 x15:00000007
20415121ns          339727 1c00818e 0067c0fb lp.setup         0x1, x15, 0x6       x15:00000008
20415141ns          339728 1c008192 0046230b p.lw             x6, 4(x12!)          x6=00000019 x12=10000008 x12:10000004  PA:10000004
20415160ns          339729 1c008196 2078788b p.lw             x17, x7(x16!)       x17=fffffffb x16=1000013c  x7:00000020 x16:1000011c  PA:1000011c
20415200ns          339731 1c00819a 43130733 p.mac            x14, x6, x17        x14=ffffff83 x14:00000000  x6:00000019 x17:fffffffb
20415220ns          339732 1c008192 0046230b p.lw             x6, 4(x12!)          x6=00000018 x12=1000000c x12:10000008  PA:10000008
20415240ns          339733 1c008196 2078788b p.lw             x17, x7(x16!)       x17=fffffff3 x16=1000015c  x7:00000020 x16:1000013c  PA:1000013c
20415280ns          339735 1c00819a 43130733 p.mac            x14, x6, x17        x14=fffffe4b x14:ffffff83  x6:00000018 x17:fffffff3
20415300ns          339736 1c008192 0046230b p.lw             x6, 4(x12!)          x6=00000017 x12=10000010 x12:1000000c  PA:1000000c
20415320ns          339737 1c008196 2078788b p.lw             x17, x7(x16!)       x17=ffffffeb x16=1000017c  x7:00000020 x16:1000015c  PA:1000015c
20415359ns          339739 1c00819a 43130733 p.mac            x14, x6, x17        x14=fffffc68 x14:fffffe4b  x6:00000017 x17:ffffffeb
20415379ns          339740 1c008192 0046230b p.lw             x6, 4(x12!)          x6=00000016 x12=10000014 x12:10000010  PA:10000010
20415399ns          339741 1c008196 2078788b p.lw             x17, x7(x16!)       x17=ffffffe3 x16=1000019c  x7:00000020 x16:1000017c  PA:1000017c
20415439ns          339743 1c00819a 43130733 p.mac            x14, x6, x17        x14=fffff9ea x14:fffffc68  x6:00000016 x17:ffffffe3
20415459ns          339744 1c008192 0046230b p.lw             x6, 4(x12!)          x6=00000015 x12=10000018 x12:10000014  PA:10000014
20415479ns          339745 1c008196 2078788b p.lw             x17, x7(x16!)       x17=ffffffdb x16=100001bc  x7:00000020 x16:1000019c  PA:1000019c
20415518ns          339747 1c00819a 43130733 p.mac            x14, x6, x17        x14=fffff6e1 x14:fffff9ea  x6:00000015 x17:ffffffdb
20415538ns          339748 1c008192 0046230b p.lw             x6, 4(x12!)          x6=00000014 x12=1000001c x12:10000018  PA:10000018
20415558ns          339749 1c008196 2078788b p.lw             x17, x7(x16!)       x17=ffffffd3 x16=100001dc  x7:00000020 x16:100001bc  PA:100001bc
20415598ns          339751 1c00819a 43130733 p.mac            x14, x6, x17        x14=fffff35d x14:fffff6e1  x6:00000014 x17:ffffffd3
20415618ns          339752 1c008192 0046230b p.lw             x6, 4(x12!)          x6=00000013 x12=10000020 x12:1000001c  PA:1000001c
20415638ns          339753 1c008196 2078788b p.lw             x17, x7(x16!)       x17=ffffffcb x16=100001fc  x7:00000020 x16:100001dc  PA:100001dc
20415678ns          339755 1c00819a 43130733 p.mac            x14, x6, x17        x14=ffffef6e x14:fffff35d  x6:00000013 x17:ffffffcb
20415697ns          339756 1c008192 0046230b p.lw             x6, 4(x12!)          x6=00000012 x12=10000024 x12:10000020  PA:10000020
20415717ns          339757 1c008196 2078788b p.lw             x17, x7(x16!)       x17=ffffffc3 x16=1000021c  x7:00000020 x16:100001fc  PA:100001fc
20415757ns          339759 1c00819a 43130733 p.mac            x14, x6, x17        x14=ffffeb24 x14:ffffef6e  x6:00000012 x17:ffffffc3
20415777ns          339760 1c00819e 00ef222b p.sw             x14, 4(x30!)        x30=10000520 x14:ffffeb24 x30:1000051c  PA:1000051c
20415797ns          339761 1c0081a2 004e8e93 addi             x29, x29, 4         x29=10000120 x29:1000011c
20415837ns          339763 1c00817e 40af87b3 sub              x15, x31, x10       x15=00000020 x31:10000024 x10:10000004
20415857ns          339764 1c008182 ffc78793 addi             x15, x15, -4        x15=0000001c x15:00000020
20415876ns          339765 1c008184 0027d793 srli             x15, x15, 0x2       x15=00000007 x15:0000001c
20415896ns          339766 1c008186 01d00833 add              x16, x0, x29        x16=10000120 x29:10000120
20415916ns          339767 1c008188 00a00633 add              x12, x0, x10        x12=10000004 x10:10000004
20415936ns          339768 1c00818a 00000713 addi             x14, x0, 0          x14=00000000
20415956ns          339769 1c00818c 00178793 addi             x15, x15, 1         x15=00000008 x15:00000007
20415976ns          339770 1c00818e 0067c0fb lp.setup         0x1, x15, 0x6       x15:00000008
20415996ns          339771 1c008192 0046230b p.lw             x6, 4(x12!)          x6=00000019 x12=10000008 x12:10000004  PA:10000004
20416016ns          339772 1c008196 2078788b p.lw             x17, x7(x16!)       x17=fffffffa x16=10000140  x7:00000020 x16:10000120  PA:10000120
20416055ns          339774 1c00819a 43130733 p.mac            x14, x6, x17        x14=ffffff6a x14:00000000  x6:00000019 x17:fffffffa
20416075ns          339775 1c008192 0046230b p.lw             x6, 4(x12!)          x6=00000018 x12=1000000c x12:10000008  PA:10000008
20416095ns          339776 1c008196 2078788b p.lw             x17, x7(x16!)       x17=fffffff2 x16=10000160  x7:00000020 x16:10000140  PA:10000140
20416135ns          339778 1c00819a 43130733 p.mac            x14, x6, x17        x14=fffffe1a x14:ffffff6a  x6:00000018 x17:fffffff2
20416155ns          339779 1c008192 0046230b p.lw             x6, 4(x12!)          x6=00000017 x12=10000010 x12:1000000c  PA:1000000c
20416175ns          339780 1c008196 2078788b p.lw             x17, x7(x16!)       x17=ffffffea x16=10000180  x7:00000020 x16:10000160  PA:10000160
20416215ns          339782 1c00819a 43130733 p.mac            x14, x6, x17        x14=fffffc20 x14:fffffe1a  x6:00000017 x17:ffffffea
20416235ns          339783 1c008192 0046230b p.lw             x6, 4(x12!)          x6=00000016 x12=10000014 x12:10000010  PA:10000010
20416254ns          339784 1c008196 2078788b p.lw             x17, x7(x16!)       x17=ffffffe2 x16=100001a0  x7:00000020 x16:10000180  PA:10000180
20416294ns          339786 1c00819a 43130733 p.mac            x14, x6, x17        x14=fffff98c x14:fffffc20  x6:00000016 x17:ffffffe2
20416314ns          339787 1c008192 0046230b p.lw             x6, 4(x12!)          x6=00000015 x12=10000018 x12:10000014  PA:10000014
20416334ns          339788 1c008196 2078788b p.lw             x17, x7(x16!)       x17=ffffffda x16=100001c0  x7:00000020 x16:100001a0  PA:100001a0
20416374ns          339790 1c00819a 43130733 p.mac            x14, x6, x17        x14=fffff66e x14:fffff98c  x6:00000015 x17:ffffffda
20416394ns          339791 1c008192 0046230b p.lw             x6, 4(x12!)          x6=00000014 x12=1000001c x12:10000018  PA:10000018
20416414ns          339792 1c008196 2078788b p.lw             x17, x7(x16!)       x17=ffffffd2 x16=100001e0  x7:00000020 x16:100001c0  PA:100001c0
20416453ns          339794 1c00819a 43130733 p.mac            x14, x6, x17        x14=fffff2d6 x14:fffff66e  x6:00000014 x17:ffffffd2
20416473ns          339795 1c008192 0046230b p.lw             x6, 4(x12!)          x6=00000013 x12=10000020 x12:1000001c  PA:1000001c
20416493ns          339796 1c008196 2078788b p.lw             x17, x7(x16!)       x17=ffffffca x16=10000200  x7:00000020 x16:100001e0  PA:100001e0
20416533ns          339798 1c00819a 43130733 p.mac            x14, x6, x17        x14=ffffeed4 x14:fffff2d6  x6:00000013 x17:ffffffca
20416553ns          339799 1c008192 0046230b p.lw             x6, 4(x12!)          x6=00000012 x12=10000024 x12:10000020  PA:10000020
20416573ns          339800 1c008196 2078788b p.lw             x17, x7(x16!)       x17=ffffffc2 x16=10000220  x7:00000020 x16:10000200  PA:10000200
20416612ns          339802 1c00819a 43130733 p.mac            x14, x6, x17        x14=ffffea78 x14:ffffeed4  x6:00000012 x17:ffffffc2
20416632ns          339803 1c00819e 00ef222b p.sw             x14, 4(x30!)        x30=10000524 x14:ffffea78 x30:10000520  PA:10000520
20416672ns          339805 1c0081a2 004e8e93 addi             x29, x29, 4         x29=10000124 x29:10000120
20416692ns          339806 1c0081a4 00128293 addi             x5, x5, 1            x5=00000001  x5:00000000
20416712ns          339807 1c0081a6 00750533 add              x10, x10, x7        x10=10000024 x10:10000004  x7:00000020
20416732ns          339808 1c0081a8 007f8fb3 add              x31, x31, x7        x31=10000044 x31:10000024  x7:00000020
20416752ns          339809 1c0081aa fa569fe3 bne              x13, x5, -66        x13:00000008  x5:00000001
20416811ns          339812 1c008168 40b48e33 sub              x28, x9, x11        x28=00000020  x9:10000124 x11:10000104
20416831ns          339813 1c00816c ffce0e13 addi             x28, x28, -4        x28=0000001c x28:00000020
20416851ns          339814 1c00816e 002e5e13 srli             x28, x28, 0x2       x28=00000007 x28:0000001c
20416871ns          339815 1c008172 008f8f33 add              x30, x31, x8        x30=10000524 x31:10000044  x8:000004e0
20416891ns          339816 1c008176 00b00eb3 add              x29, x0, x11        x29=10000104 x11:10000104
20416911ns          339817 1c008178 001e0e13 addi             x28, x28, 1         x28=00000008 x28:00000007
20416931ns          339818 1c00817a 014e407b lp.setup         0x0, x28, 0x14      x28:00000008
20416951ns          339819 1c00817e 40af87b3 sub              x15, x31, x10       x15=00000020 x31:10000044 x10:10000024
20416970ns          339820 1c008182 ffc78793 addi             x15, x15, -4        x15=0000001c x15:00000020
20416990ns          339821 1c008184 0027d793 srli             x15, x15, 0x2       x15=00000007 x15:0000001c
20417010ns          339822 1c008186 01d00833 add              x16, x0, x29        x16=10000104 x29:10000104
20417030ns          339823 1c008188 00a00633 add              x12, x0, x10        x12=10000024 x10:10000024
20417050ns          339824 1c00818a 00000713 addi             x14, x0, 0          x14=00000000
20417070ns          339825 1c00818c 00178793 addi             x15, x15, 1         x15=00000008 x15:00000007
20417090ns          339826 1c00818e 0067c0fb lp.setup         0x1, x15, 0x6       x15:00000008
20417110ns          339827 1c008192 0046230b p.lw             x6, 4(x12!)          x6=00000011 x12=10000028 x12:10000024  PA:10000024
20417130ns          339828 1c008196 2078788b p.lw             x17, x7(x16!)       x17=00000001 x16=10000124  x7:00000020 x16:10000104  PA:10000104
20417169ns          339830 1c00819a 43130733 p.mac            x14, x6, x17        x14=00000011 x14:00000000  x6:00000011 x17:00000001
20417189ns          339831 1c008192 0046230b p.lw             x6, 4(x12!)          x6=00000010 x12=1000002c x12:10000028  PA:10000028
20417209ns          339832 1c008196 2078788b p.lw             x17, x7(x16!)       x17=fffffff9 x16=10000144  x7:00000020 x16:10000124  PA:10000124
20417249ns          339834 1c00819a 43130733 p.mac            x14, x6, x17        x14=ffffffa1 x14:00000011  x6:00000010 x17:fffffff9
20417269ns          339835 1c008192 0046230b p.lw             x6, 4(x12!)          x6=0000000f x12=10000030 x12:1000002c  PA:1000002c
20417289ns          339836 1c008196 2078788b p.lw             x17, x7(x16!)       x17=fffffff1 x16=10000164  x7:00000020 x16:10000144  PA:10000144
20417329ns          339838 1c00819a 43130733 p.mac            x14, x6, x17        x14=fffffec0 x14:ffffffa1  x6:0000000f x17:fffffff1
20417348ns          339839 1c008192 0046230b p.lw             x6, 4(x12!)          x6=0000000e x12=10000034 x12:10000030  PA:10000030
20417368ns          339840 1c008196 2078788b p.lw             x17, x7(x16!)       x17=ffffffe9 x16=10000184  x7:00000020 x16:10000164  PA:10000164
20417408ns          339842 1c00819a 43130733 p.mac            x14, x6, x17        x14=fffffd7e x14:fffffec0  x6:0000000e x17:ffffffe9
20417428ns          339843 1c008192 0046230b p.lw             x6, 4(x12!)          x6=0000000d x12=10000038 x12:10000034  PA:10000034
20417448ns          339844 1c008196 2078788b p.lw             x17, x7(x16!)       x17=ffffffe1 x16=100001a4  x7:00000020 x16:10000184  PA:10000184
20417488ns          339846 1c00819a 43130733 p.mac            x14, x6, x17        x14=fffffbeb x14:fffffd7e  x6:0000000d x17:ffffffe1
20417508ns          339847 1c008192 0046230b p.lw             x6, 4(x12!)          x6=0000000c x12=1000003c x12:10000038  PA:10000038
20417527ns          339848 1c008196 2078788b p.lw             x17, x7(x16!)       x17=ffffffd9 x16=100001c4  x7:00000020 x16:100001a4  PA:100001a4
20417567ns          339850 1c00819a 43130733 p.mac            x14, x6, x17        x14=fffffa17 x14:fffffbeb  x6:0000000c x17:ffffffd9
20417587ns          339851 1c008192 0046230b p.lw             x6, 4(x12!)          x6=0000000b x12=10000040 x12:1000003c  PA:1000003c
20417607ns          339852 1c008196 2078788b p.lw             x17, x7(x16!)       x17=ffffffd1 x16=100001e4  x7:00000020 x16:100001c4  PA:100001c4
20417647ns          339854 1c00819a 43130733 p.mac            x14, x6, x17        x14=fffff812 x14:fffffa17  x6:0000000b x17:ffffffd1
20417667ns          339855 1c008192 0046230b p.lw             x6, 4(x12!)          x6=0000000a x12=10000044 x12:10000040  PA:10000040
20417687ns          339856 1c008196 2078788b p.lw             x17, x7(x16!)       x17=ffffffc9 x16=10000204  x7:00000020 x16:100001e4  PA:100001e4
20417726ns          339858 1c00819a 43130733 p.mac            x14, x6, x17        x14=fffff5ec x14:fffff812  x6:0000000a x17:ffffffc9
20417746ns          339859 1c00819e 00ef222b p.sw             x14, 4(x30!)        x30=10000528 x14:fffff5ec x30:10000524  PA:10000524
20417766ns          339860 1c0081a2 004e8e93 addi             x29, x29, 4         x29=10000108 x29:10000104
20417806ns          339862 1c00817e 40af87b3 sub              x15, x31, x10       x15=00000020 x31:10000044 x10:10000024
20417826ns          339863 1c008182 ffc78793 addi             x15, x15, -4        x15=0000001c x15:00000020
20417846ns          339864 1c008184 0027d793 srli             x15, x15, 0x2       x15=00000007 x15:0000001c
20417866ns          339865 1c008186 01d00833 add              x16, x0, x29        x16=10000108 x29:10000108
20417885ns          339866 1c008188 00a00633 add              x12, x0, x10        x12=10000024 x10:10000024
20417905ns          339867 1c00818a 00000713 addi             x14, x0, 0          x14=00000000
20417925ns          339868 1c00818c 00178793 addi             x15, x15, 1         x15=00000008 x15:00000007
20417945ns          339869 1c00818e 0067c0fb lp.setup         0x1, x15, 0x6       x15:00000008
20417965ns          339870 1c008192 0046230b p.lw             x6, 4(x12!)          x6=00000011 x12=10000028 x12:10000024  PA:10000024
20418005ns          339872 1c008196 2078788b p.lw             x17, x7(x16!)       x17=00000000 x16=10000128  x7:00000020 x16:10000108  PA:10000108
20418045ns          339874 1c00819a 43130733 p.mac            x14, x6, x17        x14=00000000 x14:00000000  x6:00000011 x17:00000000
20418064ns          339875 1c008192 0046230b p.lw             x6, 4(x12!)          x6=00000010 x12=1000002c x12:10000028  PA:10000028
20418084ns          339876 1c008196 2078788b p.lw             x17, x7(x16!)       x17=fffffff8 x16=10000148  x7:00000020 x16:10000128  PA:10000128
20418124ns          339878 1c00819a 43130733 p.mac            x14, x6, x17        x14=ffffff80 x14:00000000  x6:00000010 x17:fffffff8
20418144ns          339879 1c008192 0046230b p.lw             x6, 4(x12!)          x6=0000000f x12=10000030 x12:1000002c  PA:1000002c
20418164ns          339880 1c008196 2078788b p.lw             x17, x7(x16!)       x17=fffffff0 x16=10000168  x7:00000020 x16:10000148  PA:10000148
20418204ns          339882 1c00819a 43130733 p.mac            x14, x6, x17        x14=fffffe90 x14:ffffff80  x6:0000000f x17:fffffff0
20418224ns          339883 1c008192 0046230b p.lw             x6, 4(x12!)          x6=0000000e x12=10000034 x12:10000030  PA:10000030
20418243ns          339884 1c008196 2078788b p.lw             x17, x7(x16!)       x17=ffffffe8 x16=10000188  x7:00000020 x16:10000168  PA:10000168
20418283ns          339886 1c00819a 43130733 p.mac            x14, x6, x17        x14=fffffd40 x14:fffffe90  x6:0000000e x17:ffffffe8
20418303ns          339887 1c008192 0046230b p.lw             x6, 4(x12!)          x6=0000000d x12=10000038 x12:10000034  PA:10000034
20418323ns          339888 1c008196 2078788b p.lw             x17, x7(x16!)       x17=ffffffe0 x16=100001a8  x7:00000020 x16:10000188  PA:10000188
20418363ns          339890 1c00819a 43130733 p.mac            x14, x6, x17        x14=fffffba0 x14:fffffd40  x6:0000000d x17:ffffffe0
20418383ns          339891 1c008192 0046230b p.lw             x6, 4(x12!)          x6=0000000c x12=1000003c x12:10000038  PA:10000038
20418403ns          339892 1c008196 2078788b p.lw             x17, x7(x16!)       x17=ffffffd8 x16=100001c8  x7:00000020 x16:100001a8  PA:100001a8
20418442ns          339894 1c00819a 43130733 p.mac            x14, x6, x17        x14=fffff9c0 x14:fffffba0  x6:0000000c x17:ffffffd8
20418462ns          339895 1c008192 0046230b p.lw             x6, 4(x12!)          x6=0000000b x12=10000040 x12:1000003c  PA:1000003c
20418482ns          339896 1c008196 2078788b p.lw             x17, x7(x16!)       x17=ffffffd0 x16=100001e8  x7:00000020 x16:100001c8  PA:100001c8
20418522ns          339898 1c00819a 43130733 p.mac            x14, x6, x17        x14=fffff7b0 x14:fffff9c0  x6:0000000b x17:ffffffd0
20418542ns          339899 1c008192 0046230b p.lw             x6, 4(x12!)          x6=0000000a x12=10000044 x12:10000040  PA:10000040
20418562ns          339900 1c008196 2078788b p.lw             x17, x7(x16!)       x17=ffffffc8 x16=10000208  x7:00000020 x16:100001e8  PA:100001e8
20418602ns          339902 1c00819a 43130733 p.mac            x14, x6, x17        x14=fffff580 x14:fffff7b0  x6:0000000a x17:ffffffc8
20418621ns          339903 1c00819e 00ef222b p.sw             x14, 4(x30!)        x30=1000052c x14:fffff580 x30:10000528  PA:10000528
20418641ns          339904 1c0081a2 004e8e93 addi             x29, x29, 4         x29=1000010c x29:10000108
20418681ns          339906 1c00817e 40af87b3 sub              x15, x31, x10       x15=00000020 x31:10000044 x10:10000024
20418701ns          339907 1c008182 ffc78793 addi             x15, x15, -4        x15=0000001c x15:00000020
20418721ns          339908 1c008184 0027d793 srli             x15, x15, 0x2       x15=00000007 x15:0000001c
20418741ns          339909 1c008186 01d00833 add              x16, x0, x29        x16=1000010c x29:1000010c
20418761ns          339910 1c008188 00a00633 add              x12, x0, x10        x12=10000024 x10:10000024
20418781ns          339911 1c00818a 00000713 addi             x14, x0, 0          x14=00000000
20418800ns          339912 1c00818c 00178793 addi             x15, x15, 1         x15=00000008 x15:00000007
20418820ns          339913 1c00818e 0067c0fb lp.setup         0x1, x15, 0x6       x15:00000008
20418840ns          339914 1c008192 0046230b p.lw             x6, 4(x12!)          x6=00000011 x12=10000028 x12:10000024  PA:10000024
20418860ns          339915 1c008196 2078788b p.lw             x17, x7(x16!)       x17=ffffffff x16=1000012c  x7:00000020 x16:1000010c  PA:1000010c
20418900ns          339917 1c00819a 43130733 p.mac            x14, x6, x17        x14=ffffffef x14:00000000  x6:00000011 x17:ffffffff
20418920ns          339918 1c008192 0046230b p.lw             x6, 4(x12!)          x6=00000010 x12=1000002c x12:10000028  PA:10000028
20418940ns          339919 1c008196 2078788b p.lw             x17, x7(x16!)       x17=fffffff7 x16=1000014c  x7:00000020 x16:1000012c  PA:1000012c
20418979ns          339921 1c00819a 43130733 p.mac            x14, x6, x17        x14=ffffff5f x14:ffffffef  x6:00000010 x17:fffffff7
20418999ns          339922 1c008192 0046230b p.lw             x6, 4(x12!)          x6=0000000f x12=10000030 x12:1000002c  PA:1000002c
20419019ns          339923 1c008196 2078788b p.lw             x17, x7(x16!)       x17=ffffffef x16=1000016c  x7:00000020 x16:1000014c  PA:1000014c
20419059ns          339925 1c00819a 43130733 p.mac            x14, x6, x17        x14=fffffe60 x14:ffffff5f  x6:0000000f x17:ffffffef
20419079ns          339926 1c008192 0046230b p.lw             x6, 4(x12!)          x6=0000000e x12=10000034 x12:10000030  PA:10000030
20419099ns          339927 1c008196 2078788b p.lw             x17, x7(x16!)       x17=ffffffe7 x16=1000018c  x7:00000020 x16:1000016c  PA:1000016c
20419158ns          339930 1c00819a 43130733 p.mac            x14, x6, x17        x14=fffffd02 x14:fffffe60  x6:0000000e x17:ffffffe7
20419178ns          339931 1c008192 0046230b p.lw             x6, 4(x12!)          x6=0000000d x12=10000038 x12:10000034  PA:10000034
20419198ns          339932 1c008196 2078788b p.lw             x17, x7(x16!)       x17=ffffffdf x16=100001ac  x7:00000020 x16:1000018c  PA:1000018c
20419238ns          339934 1c00819a 43130733 p.mac            x14, x6, x17        x14=fffffb55 x14:fffffd02  x6:0000000d x17:ffffffdf
20419258ns          339935 1c008192 0046230b p.lw             x6, 4(x12!)          x6=0000000c x12=1000003c x12:10000038  PA:10000038
20419278ns          339936 1c008196 2078788b p.lw             x17, x7(x16!)       x17=ffffffd7 x16=100001cc  x7:00000020 x16:100001ac  PA:100001ac
20419318ns          339938 1c00819a 43130733 p.mac            x14, x6, x17        x14=fffff969 x14:fffffb55  x6:0000000c x17:ffffffd7
20419337ns          339939 1c008192 0046230b p.lw             x6, 4(x12!)          x6=0000000b x12=10000040 x12:1000003c  PA:1000003c
20419357ns          339940 1c008196 2078788b p.lw             x17, x7(x16!)       x17=ffffffcf x16=100001ec  x7:00000020 x16:100001cc  PA:100001cc
20419397ns          339942 1c00819a 43130733 p.mac            x14, x6, x17        x14=fffff74e x14:fffff969  x6:0000000b x17:ffffffcf
20419417ns          339943 1c008192 0046230b p.lw             x6, 4(x12!)          x6=0000000a x12=10000044 x12:10000040  PA:10000040
20419437ns          339944 1c008196 2078788b p.lw             x17, x7(x16!)       x17=ffffffc7 x16=1000020c  x7:00000020 x16:100001ec  PA:100001ec
20419477ns          339946 1c00819a 43130733 p.mac            x14, x6, x17        x14=fffff514 x14:fffff74e  x6:0000000a x17:ffffffc7
20419497ns          339947 1c00819e 00ef222b p.sw             x14, 4(x30!)        x30=10000530 x14:fffff514 x30:1000052c  PA:1000052c
20419516ns          339948 1c0081a2 004e8e93 addi             x29, x29, 4         x29=10000110 x29:1000010c
20419556ns          339950 1c00817e 40af87b3 sub              x15, x31, x10       x15=00000020 x31:10000044 x10:10000024
20419576ns          339951 1c008182 ffc78793 addi             x15, x15, -4        x15=0000001c x15:00000020
20419596ns          339952 1c008184 0027d793 srli             x15, x15, 0x2       x15=00000007 x15:0000001c
20419616ns          339953 1c008186 01d00833 add              x16, x0, x29        x16=10000110 x29:10000110
20419636ns          339954 1c008188 00a00633 add              x12, x0, x10        x12=10000024 x10:10000024
20419656ns          339955 1c00818a 00000713 addi             x14, x0, 0          x14=00000000
20419676ns          339956 1c00818c 00178793 addi             x15, x15, 1         x15=00000008 x15:00000007
20419696ns          339957 1c00818e 0067c0fb lp.setup         0x1, x15, 0x6       x15:00000008
20419715ns          339958 1c008192 0046230b p.lw             x6, 4(x12!)          x6=00000011 x12=10000028 x12:10000024  PA:10000024
20419735ns          339959 1c008196 2078788b p.lw             x17, x7(x16!)       x17=fffffffe x16=10000130  x7:00000020 x16:10000110  PA:10000110
20419775ns          339961 1c00819a 43130733 p.mac            x14, x6, x17        x14=ffffffde x14:00000000  x6:00000011 x17:fffffffe
20419795ns          339962 1c008192 0046230b p.lw             x6, 4(x12!)          x6=00000010 x12=1000002c x12:10000028  PA:10000028
20419815ns          339963 1c008196 2078788b p.lw             x17, x7(x16!)       x17=fffffff6 x16=10000150  x7:00000020 x16:10000130  PA:10000130
20419855ns          339965 1c00819a 43130733 p.mac            x14, x6, x17        x14=ffffff3e x14:ffffffde  x6:00000010 x17:fffffff6
20419875ns          339966 1c008192 0046230b p.lw             x6, 4(x12!)          x6=0000000f x12=10000030 x12:1000002c  PA:1000002c
20419894ns          339967 1c008196 2078788b p.lw             x17, x7(x16!)       x17=ffffffee x16=10000170  x7:00000020 x16:10000150  PA:10000150
20419934ns          339969 1c00819a 43130733 p.mac            x14, x6, x17        x14=fffffe30 x14:ffffff3e  x6:0000000f x17:ffffffee
20419954ns          339970 1c008192 0046230b p.lw             x6, 4(x12!)          x6=0000000e x12=10000034 x12:10000030  PA:10000030
20419974ns          339971 1c008196 2078788b p.lw             x17, x7(x16!)       x17=ffffffe6 x16=10000190  x7:00000020 x16:10000170  PA:10000170
20420014ns          339973 1c00819a 43130733 p.mac            x14, x6, x17        x14=fffffcc4 x14:fffffe30  x6:0000000e x17:ffffffe6
20420034ns          339974 1c008192 0046230b p.lw             x6, 4(x12!)          x6=0000000d x12=10000038 x12:10000034  PA:10000034
20420073ns          339976 1c008196 2078788b p.lw             x17, x7(x16!)       x17=ffffffde x16=100001b0  x7:00000020 x16:10000190  PA:10000190
20420113ns          339978 1c00819a 43130733 p.mac            x14, x6, x17        x14=fffffb0a x14:fffffcc4  x6:0000000d x17:ffffffde
20420133ns          339979 1c008192 0046230b p.lw             x6, 4(x12!)          x6=0000000c x12=1000003c x12:10000038  PA:10000038
20420153ns          339980 1c008196 2078788b p.lw             x17, x7(x16!)       x17=ffffffd6 x16=100001d0  x7:00000020 x16:100001b0  PA:100001b0
20420193ns          339982 1c00819a 43130733 p.mac            x14, x6, x17        x14=fffff912 x14:fffffb0a  x6:0000000c x17:ffffffd6
20420213ns          339983 1c008192 0046230b p.lw             x6, 4(x12!)          x6=0000000b x12=10000040 x12:1000003c  PA:1000003c
20420233ns          339984 1c008196 2078788b p.lw             x17, x7(x16!)       x17=ffffffce x16=100001f0  x7:00000020 x16:100001d0  PA:100001d0
20420272ns          339986 1c00819a 43130733 p.mac            x14, x6, x17        x14=fffff6ec x14:fffff912  x6:0000000b x17:ffffffce
20420292ns          339987 1c008192 0046230b p.lw             x6, 4(x12!)          x6=0000000a x12=10000044 x12:10000040  PA:10000040
20420312ns          339988 1c008196 2078788b p.lw             x17, x7(x16!)       x17=ffffffc6 x16=10000210  x7:00000020 x16:100001f0  PA:100001f0
20420352ns          339990 1c00819a 43130733 p.mac            x14, x6, x17        x14=fffff4a8 x14:fffff6ec  x6:0000000a x17:ffffffc6
20420372ns          339991 1c00819e 00ef222b p.sw             x14, 4(x30!)        x30=10000534 x14:fffff4a8 x30:10000530  PA:10000530
20420392ns          339992 1c0081a2 004e8e93 addi             x29, x29, 4         x29=10000114 x29:10000110
20420431ns          339994 1c00817e 40af87b3 sub              x15, x31, x10       x15=00000020 x31:10000044 x10:10000024
20420451ns          339995 1c008182 ffc78793 addi             x15, x15, -4        x15=0000001c x15:00000020
20420471ns          339996 1c008184 0027d793 srli             x15, x15, 0x2       x15=00000007 x15:0000001c
20420491ns          339997 1c008186 01d00833 add              x16, x0, x29        x16=10000114 x29:10000114
20420511ns          339998 1c008188 00a00633 add              x12, x0, x10        x12=10000024 x10:10000024
20420531ns          339999 1c00818a 00000713 addi             x14, x0, 0          x14=00000000
20420551ns          340000 1c00818c 00178793 addi             x15, x15, 1         x15=00000008 x15:00000007
20420571ns          340001 1c00818e 0067c0fb lp.setup         0x1, x15, 0x6       x15:00000008
20420591ns          340002 1c008192 0046230b p.lw             x6, 4(x12!)          x6=00000011 x12=10000028 x12:10000024  PA:10000024
20420610ns          340003 1c008196 2078788b p.lw             x17, x7(x16!)       x17=fffffffd x16=10000134  x7:00000020 x16:10000114  PA:10000114
20420650ns          340005 1c00819a 43130733 p.mac            x14, x6, x17        x14=ffffffcd x14:00000000  x6:00000011 x17:fffffffd
20420670ns          340006 1c008192 0046230b p.lw             x6, 4(x12!)          x6=00000010 x12=1000002c x12:10000028  PA:10000028
20420690ns          340007 1c008196 2078788b p.lw             x17, x7(x16!)       x17=fffffff5 x16=10000154  x7:00000020 x16:10000134  PA:10000134
20420730ns          340009 1c00819a 43130733 p.mac            x14, x6, x17        x14=ffffff1d x14:ffffffcd  x6:00000010 x17:fffffff5
20420750ns          340010 1c008192 0046230b p.lw             x6, 4(x12!)          x6=0000000f x12=10000030 x12:1000002c  PA:1000002c
20420770ns          340011 1c008196 2078788b p.lw             x17, x7(x16!)       x17=ffffffed x16=10000174  x7:00000020 x16:10000154  PA:10000154
20420809ns          340013 1c00819a 43130733 p.mac            x14, x6, x17        x14=fffffe00 x14:ffffff1d  x6:0000000f x17:ffffffed
20420829ns          340014 1c008192 0046230b p.lw             x6, 4(x12!)          x6=0000000e x12=10000034 x12:10000030  PA:10000030
20420849ns          340015 1c008196 2078788b p.lw             x17, x7(x16!)       x17=ffffffe5 x16=10000194  x7:00000020 x16:10000174  PA:10000174
20420889ns          340017 1c00819a 43130733 p.mac            x14, x6, x17        x14=fffffc86 x14:fffffe00  x6:0000000e x17:ffffffe5
20420909ns          340018 1c008192 0046230b p.lw             x6, 4(x12!)          x6=0000000d x12=10000038 x12:10000034  PA:10000034
20420929ns          340019 1c008196 2078788b p.lw             x17, x7(x16!)       x17=ffffffdd x16=100001b4  x7:00000020 x16:10000194  PA:10000194
20420969ns          340021 1c00819a 43130733 p.mac            x14, x6, x17        x14=fffffabf x14:fffffc86  x6:0000000d x17:ffffffdd
20420988ns          340022 1c008192 0046230b p.lw             x6, 4(x12!)          x6=0000000c x12=1000003c x12:10000038  PA:10000038
20421008ns          340023 1c008196 2078788b p.lw             x17, x7(x16!)       x17=ffffffd5 x16=100001d4  x7:00000020 x16:100001b4  PA:100001b4
20421048ns          340025 1c00819a 43130733 p.mac            x14, x6, x17        x14=fffff8bb x14:fffffabf  x6:0000000c x17:ffffffd5
20421068ns          340026 1c008192 0046230b p.lw             x6, 4(x12!)          x6=0000000b x12=10000040 x12:1000003c  PA:1000003c
20421088ns          340027 1c008196 2078788b p.lw             x17, x7(x16!)       x17=ffffffcd x16=100001f4  x7:00000020 x16:100001d4  PA:100001d4
20421128ns          340029 1c00819a 43130733 p.mac            x14, x6, x17        x14=fffff68a x14:fffff8bb  x6:0000000b x17:ffffffcd
20421148ns          340030 1c008192 0046230b p.lw             x6, 4(x12!)          x6=0000000a x12=10000044 x12:10000040  PA:10000040
20421187ns          340032 1c008196 2078788b p.lw             x17, x7(x16!)       x17=ffffffc5 x16=10000214  x7:00000020 x16:100001f4  PA:100001f4
20421227ns          340034 1c00819a 43130733 p.mac            x14, x6, x17        x14=fffff43c x14:fffff68a  x6:0000000a x17:ffffffc5
20421247ns          340035 1c00819e 00ef222b p.sw             x14, 4(x30!)        x30=10000538 x14:fffff43c x30:10000534  PA:10000534
20421267ns          340036 1c0081a2 004e8e93 addi             x29, x29, 4         x29=10000118 x29:10000114
20421307ns          340038 1c00817e 40af87b3 sub              x15, x31, x10       x15=00000020 x31:10000044 x10:10000024
20421327ns          340039 1c008182 ffc78793 addi             x15, x15, -4        x15=0000001c x15:00000020
20421346ns          340040 1c008184 0027d793 srli             x15, x15, 0x2       x15=00000007 x15:0000001c
20421366ns          340041 1c008186 01d00833 add              x16, x0, x29        x16=10000118 x29:10000118
20421386ns          340042 1c008188 00a00633 add              x12, x0, x10        x12=10000024 x10:10000024
20421406ns          340043 1c00818a 00000713 addi             x14, x0, 0          x14=00000000
20421426ns          340044 1c00818c 00178793 addi             x15, x15, 1         x15=00000008 x15:00000007
20421446ns          340045 1c00818e 0067c0fb lp.setup         0x1, x15, 0x6       x15:00000008
20421466ns          340046 1c008192 0046230b p.lw             x6, 4(x12!)          x6=00000011 x12=10000028 x12:10000024  PA:10000024
20421486ns          340047 1c008196 2078788b p.lw             x17, x7(x16!)       x17=fffffffc x16=10000138  x7:00000020 x16:10000118  PA:10000118
20421525ns          340049 1c00819a 43130733 p.mac            x14, x6, x17        x14=ffffffbc x14:00000000  x6:00000011 x17:fffffffc
20421545ns          340050 1c008192 0046230b p.lw             x6, 4(x12!)          x6=00000010 x12=1000002c x12:10000028  PA:10000028
20421565ns          340051 1c008196 2078788b p.lw             x17, x7(x16!)       x17=fffffff4 x16=10000158  x7:00000020 x16:10000138  PA:10000138
20421605ns          340053 1c00819a 43130733 p.mac            x14, x6, x17        x14=fffffefc x14:ffffffbc  x6:00000010 x17:fffffff4
20421625ns          340054 1c008192 0046230b p.lw             x6, 4(x12!)          x6=0000000f x12=10000030 x12:1000002c  PA:1000002c
20421645ns          340055 1c008196 2078788b p.lw             x17, x7(x16!)       x17=ffffffec x16=10000178  x7:00000020 x16:10000158  PA:10000158
20421685ns          340057 1c00819a 43130733 p.mac            x14, x6, x17        x14=fffffdd0 x14:fffffefc  x6:0000000f x17:ffffffec
20421704ns          340058 1c008192 0046230b p.lw             x6, 4(x12!)          x6=0000000e x12=10000034 x12:10000030  PA:10000030
20421724ns          340059 1c008196 2078788b p.lw             x17, x7(x16!)       x17=ffffffe4 x16=10000198  x7:00000020 x16:10000178  PA:10000178
20421764ns          340061 1c00819a 43130733 p.mac            x14, x6, x17        x14=fffffc48 x14:fffffdd0  x6:0000000e x17:ffffffe4
20421784ns          340062 1c008192 0046230b p.lw             x6, 4(x12!)          x6=0000000d x12=10000038 x12:10000034  PA:10000034
20421804ns          340063 1c008196 2078788b p.lw             x17, x7(x16!)       x17=ffffffdc x16=100001b8  x7:00000020 x16:10000198  PA:10000198
20421844ns          340065 1c00819a 43130733 p.mac            x14, x6, x17        x14=fffffa74 x14:fffffc48  x6:0000000d x17:ffffffdc
20421864ns          340066 1c008192 0046230b p.lw             x6, 4(x12!)          x6=0000000c x12=1000003c x12:10000038  PA:10000038
20421883ns          340067 1c008196 2078788b p.lw             x17, x7(x16!)       x17=ffffffd4 x16=100001d8  x7:00000020 x16:100001b8  PA:100001b8
20421923ns          340069 1c00819a 43130733 p.mac            x14, x6, x17        x14=fffff864 x14:fffffa74  x6:0000000c x17:ffffffd4
20421943ns          340070 1c008192 0046230b p.lw             x6, 4(x12!)          x6=0000000b x12=10000040 x12:1000003c  PA:1000003c
20421963ns          340071 1c008196 2078788b p.lw             x17, x7(x16!)       x17=ffffffcc x16=100001f8  x7:00000020 x16:100001d8  PA:100001d8
20422003ns          340073 1c00819a 43130733 p.mac            x14, x6, x17        x14=fffff628 x14:fffff864  x6:0000000b x17:ffffffcc
20422023ns          340074 1c008192 0046230b p.lw             x6, 4(x12!)          x6=0000000a x12=10000044 x12:10000040  PA:10000040
20422043ns          340075 1c008196 2078788b p.lw             x17, x7(x16!)       x17=ffffffc4 x16=10000218  x7:00000020 x16:100001f8  PA:100001f8
20422082ns          340077 1c00819a 43130733 p.mac            x14, x6, x17        x14=fffff3d0 x14:fffff628  x6:0000000a x17:ffffffc4
20422102ns          340078 1c00819e 00ef222b p.sw             x14, 4(x30!)        x30=1000053c x14:fffff3d0 x30:10000538  PA:10000538
20422122ns          340079 1c0081a2 004e8e93 addi             x29, x29, 4         x29=1000011c x29:10000118
20422162ns          340081 1c00817e 40af87b3 sub              x15, x31, x10       x15=00000020 x31:10000044 x10:10000024
20422182ns          340082 1c008182 ffc78793 addi             x15, x15, -4        x15=0000001c x15:00000020
20422202ns          340083 1c008184 0027d793 srli             x15, x15, 0x2       x15=00000007 x15:0000001c
20422222ns          340084 1c008186 01d00833 add              x16, x0, x29        x16=1000011c x29:1000011c
20422242ns          340085 1c008188 00a00633 add              x12, x0, x10        x12=10000024 x10:10000024
20422261ns          340086 1c00818a 00000713 addi             x14, x0, 0          x14=00000000
20422281ns          340087 1c00818c 00178793 addi             x15, x15, 1         x15=00000008 x15:00000007
20422301ns          340088 1c00818e 0067c0fb lp.setup         0x1, x15, 0x6       x15:00000008
20422321ns          340089 1c008192 0046230b p.lw             x6, 4(x12!)          x6=00000011 x12=10000028 x12:10000024  PA:10000024
20422341ns          340090 1c008196 2078788b p.lw             x17, x7(x16!)       x17=fffffffb x16=1000013c  x7:00000020 x16:1000011c  PA:1000011c
20422381ns          340092 1c00819a 43130733 p.mac            x14, x6, x17        x14=ffffffab x14:00000000  x6:00000011 x17:fffffffb
20422401ns          340093 1c008192 0046230b p.lw             x6, 4(x12!)          x6=00000010 x12=1000002c x12:10000028  PA:10000028
20422421ns          340094 1c008196 2078788b p.lw             x17, x7(x16!)       x17=fffffff3 x16=1000015c  x7:00000020 x16:1000013c  PA:1000013c
20422460ns          340096 1c00819a 43130733 p.mac            x14, x6, x17        x14=fffffedb x14:ffffffab  x6:00000010 x17:fffffff3
20422480ns          340097 1c008192 0046230b p.lw             x6, 4(x12!)          x6=0000000f x12=10000030 x12:1000002c  PA:1000002c
20422500ns          340098 1c008196 2078788b p.lw             x17, x7(x16!)       x17=ffffffeb x16=1000017c  x7:00000020 x16:1000015c  PA:1000015c
20422540ns          340100 1c00819a 43130733 p.mac            x14, x6, x17        x14=fffffda0 x14:fffffedb  x6:0000000f x17:ffffffeb
20422560ns          340101 1c008192 0046230b p.lw             x6, 4(x12!)          x6=0000000e x12=10000034 x12:10000030  PA:10000030
20422580ns          340102 1c008196 2078788b p.lw             x17, x7(x16!)       x17=ffffffe3 x16=1000019c  x7:00000020 x16:1000017c  PA:1000017c
20422619ns          340104 1c00819a 43130733 p.mac            x14, x6, x17        x14=fffffc0a x14:fffffda0  x6:0000000e x17:ffffffe3
20422639ns          340105 1c008192 0046230b p.lw             x6, 4(x12!)          x6=0000000d x12=10000038 x12:10000034  PA:10000034
20422659ns          340106 1c008196 2078788b p.lw             x17, x7(x16!)       x17=ffffffdb x16=100001bc  x7:00000020 x16:1000019c  PA:1000019c
20422699ns          340108 1c00819a 43130733 p.mac            x14, x6, x17        x14=fffffa29 x14:fffffc0a  x6:0000000d x17:ffffffdb
20422719ns          340109 1c008192 0046230b p.lw             x6, 4(x12!)          x6=0000000c x12=1000003c x12:10000038  PA:10000038
20422739ns          340110 1c008196 2078788b p.lw             x17, x7(x16!)       x17=ffffffd3 x16=100001dc  x7:00000020 x16:100001bc  PA:100001bc
20422779ns          340112 1c00819a 43130733 p.mac            x14, x6, x17        x14=fffff80d x14:fffffa29  x6:0000000c x17:ffffffd3
20422798ns          340113 1c008192 0046230b p.lw             x6, 4(x12!)          x6=0000000b x12=10000040 x12:1000003c  PA:1000003c
20422818ns          340114 1c008196 2078788b p.lw             x17, x7(x16!)       x17=ffffffcb x16=100001fc  x7:00000020 x16:100001dc  PA:100001dc
20422858ns          340116 1c00819a 43130733 p.mac            x14, x6, x17        x14=fffff5c6 x14:fffff80d  x6:0000000b x17:ffffffcb
20422878ns          340117 1c008192 0046230b p.lw             x6, 4(x12!)          x6=0000000a x12=10000044 x12:10000040  PA:10000040
20422898ns          340118 1c008196 2078788b p.lw             x17, x7(x16!)       x17=ffffffc3 x16=1000021c  x7:00000020 x16:100001fc  PA:100001fc
20422938ns          340120 1c00819a 43130733 p.mac            x14, x6, x17        x14=fffff364 x14:fffff5c6  x6:0000000a x17:ffffffc3
20422958ns          340121 1c00819e 00ef222b p.sw             x14, 4(x30!)        x30=10000540 x14:fffff364 x30:1000053c  PA:1000053c
20422977ns          340122 1c0081a2 004e8e93 addi             x29, x29, 4         x29=10000120 x29:1000011c
20423017ns          340124 1c00817e 40af87b3 sub              x15, x31, x10       x15=00000020 x31:10000044 x10:10000024
20423037ns          340125 1c008182 ffc78793 addi             x15, x15, -4        x15=0000001c x15:00000020
20423057ns          340126 1c008184 0027d793 srli             x15, x15, 0x2       x15=00000007 x15:0000001c
20423077ns          340127 1c008186 01d00833 add              x16, x0, x29        x16=10000120 x29:10000120
20423097ns          340128 1c008188 00a00633 add              x12, x0, x10        x12=10000024 x10:10000024
20423117ns          340129 1c00818a 00000713 addi             x14, x0, 0          x14=00000000
20423137ns          340130 1c00818c 00178793 addi             x15, x15, 1         x15=00000008 x15:00000007
20423156ns          340131 1c00818e 0067c0fb lp.setup         0x1, x15, 0x6       x15:00000008
20423176ns          340132 1c008192 0046230b p.lw             x6, 4(x12!)          x6=00000011 x12=10000028 x12:10000024  PA:10000024
20423196ns          340133 1c008196 2078788b p.lw             x17, x7(x16!)       x17=fffffffa x16=10000140  x7:00000020 x16:10000120  PA:10000120
20423236ns          340135 1c00819a 43130733 p.mac            x14, x6, x17        x14=ffffff9a x14:00000000  x6:00000011 x17:fffffffa
20423256ns          340136 1c008192 0046230b p.lw             x6, 4(x12!)          x6=00000010 x12=1000002c x12:10000028  PA:10000028
20423276ns          340137 1c008196 2078788b p.lw             x17, x7(x16!)       x17=fffffff2 x16=10000160  x7:00000020 x16:10000140  PA:10000140
20423316ns          340139 1c00819a 43130733 p.mac            x14, x6, x17        x14=fffffeba x14:ffffff9a  x6:00000010 x17:fffffff2
20423336ns          340140 1c008192 0046230b p.lw             x6, 4(x12!)          x6=0000000f x12=10000030 x12:1000002c  PA:1000002c
20423355ns          340141 1c008196 2078788b p.lw             x17, x7(x16!)       x17=ffffffea x16=10000180  x7:00000020 x16:10000160  PA:10000160
20423395ns          340143 1c00819a 43130733 p.mac            x14, x6, x17        x14=fffffd70 x14:fffffeba  x6:0000000f x17:ffffffea
20423415ns          340144 1c008192 0046230b p.lw             x6, 4(x12!)          x6=0000000e x12=10000034 x12:10000030  PA:10000030
20423435ns          340145 1c008196 2078788b p.lw             x17, x7(x16!)       x17=ffffffe2 x16=100001a0  x7:00000020 x16:10000180  PA:10000180
20423475ns          340147 1c00819a 43130733 p.mac            x14, x6, x17        x14=fffffbcc x14:fffffd70  x6:0000000e x17:ffffffe2
20423495ns          340148 1c008192 0046230b p.lw             x6, 4(x12!)          x6=0000000d x12=10000038 x12:10000034  PA:10000034
20423515ns          340149 1c008196 2078788b p.lw             x17, x7(x16!)       x17=ffffffda x16=100001c0  x7:00000020 x16:100001a0  PA:100001a0
20423554ns          340151 1c00819a 43130733 p.mac            x14, x6, x17        x14=fffff9de x14:fffffbcc  x6:0000000d x17:ffffffda
20423574ns          340152 1c008192 0046230b p.lw             x6, 4(x12!)          x6=0000000c x12=1000003c x12:10000038  PA:10000038
20423594ns          340153 1c008196 2078788b p.lw             x17, x7(x16!)       x17=ffffffd2 x16=100001e0  x7:00000020 x16:100001c0  PA:100001c0
20423634ns          340155 1c00819a 43130733 p.mac            x14, x6, x17        x14=fffff7b6 x14:fffff9de  x6:0000000c x17:ffffffd2
20423654ns          340156 1c008192 0046230b p.lw             x6, 4(x12!)          x6=0000000b x12=10000040 x12:1000003c  PA:1000003c
20423674ns          340157 1c008196 2078788b p.lw             x17, x7(x16!)       x17=ffffffca x16=10000200  x7:00000020 x16:100001e0  PA:100001e0
20423713ns          340159 1c00819a 43130733 p.mac            x14, x6, x17        x14=fffff564 x14:fffff7b6  x6:0000000b x17:ffffffca
20423733ns          340160 1c008192 0046230b p.lw             x6, 4(x12!)          x6=0000000a x12=10000044 x12:10000040  PA:10000040
20423753ns          340161 1c008196 2078788b p.lw             x17, x7(x16!)       x17=ffffffc2 x16=10000220  x7:00000020 x16:10000200  PA:10000200
20423793ns          340163 1c00819a 43130733 p.mac            x14, x6, x17        x14=fffff2f8 x14:fffff564  x6:0000000a x17:ffffffc2
20423813ns          340164 1c00819e 00ef222b p.sw             x14, 4(x30!)        x30=10000544 x14:fffff2f8 x30:10000540  PA:10000540
20423833ns          340165 1c0081a2 004e8e93 addi             x29, x29, 4         x29=10000124 x29:10000120
20423853ns          340166 1c0081a4 00128293 addi             x5, x5, 1            x5=00000002  x5:00000001
20423873ns          340167 1c0081a6 00750533 add              x10, x10, x7        x10=10000044 x10:10000024  x7:00000020
20423892ns          340168 1c0081a8 007f8fb3 add              x31, x31, x7        x31=10000064 x31:10000044  x7:00000020
20423912ns          340169 1c0081aa fa569fe3 bne              x13, x5, -66        x13:00000008  x5:00000002
20423972ns          340172 1c008168 40b48e33 sub              x28, x9, x11        x28=00000020  x9:10000124 x11:10000104
20423992ns          340173 1c00816c ffce0e13 addi             x28, x28, -4        x28=0000001c x28:00000020
20424012ns          340174 1c00816e 002e5e13 srli             x28, x28, 0x2       x28=00000007 x28:0000001c
20424032ns          340175 1c008172 008f8f33 add              x30, x31, x8        x30=10000544 x31:10000064  x8:000004e0
20424052ns          340176 1c008176 00b00eb3 add              x29, x0, x11        x29=10000104 x11:10000104
20424071ns          340177 1c008178 001e0e13 addi             x28, x28, 1         x28=00000008 x28:00000007
20424091ns          340178 1c00817a 014e407b lp.setup         0x0, x28, 0x14      x28:00000008
20424111ns          340179 1c00817e 40af87b3 sub              x15, x31, x10       x15=00000020 x31:10000064 x10:10000044
20424131ns          340180 1c008182 ffc78793 addi             x15, x15, -4        x15=0000001c x15:00000020
20424151ns          340181 1c008184 0027d793 srli             x15, x15, 0x2       x15=00000007 x15:0000001c
20424171ns          340182 1c008186 01d00833 add              x16, x0, x29        x16=10000104 x29:10000104
20424191ns          340183 1c008188 00a00633 add              x12, x0, x10        x12=10000044 x10:10000044
20424211ns          340184 1c00818a 00000713 addi             x14, x0, 0          x14=00000000
20424231ns          340185 1c00818c 00178793 addi             x15, x15, 1         x15=00000008 x15:00000007
20424250ns          340186 1c00818e 0067c0fb lp.setup         0x1, x15, 0x6       x15:00000008
20424270ns          340187 1c008192 0046230b p.lw             x6, 4(x12!)          x6=00000009 x12=10000048 x12:10000044  PA:10000044
20424290ns          340188 1c008196 2078788b p.lw             x17, x7(x16!)       x17=00000001 x16=10000124  x7:00000020 x16:10000104  PA:10000104
20424330ns          340190 1c00819a 43130733 p.mac            x14, x6, x17        x14=00000009 x14:00000000  x6:00000009 x17:00000001
20424350ns          340191 1c008192 0046230b p.lw             x6, 4(x12!)          x6=00000008 x12=1000004c x12:10000048  PA:10000048
20424370ns          340192 1c008196 2078788b p.lw             x17, x7(x16!)       x17=fffffff9 x16=10000144  x7:00000020 x16:10000124  PA:10000124
20424410ns          340194 1c00819a 43130733 p.mac            x14, x6, x17        x14=ffffffd1 x14:00000009  x6:00000008 x17:fffffff9
20424430ns          340195 1c008192 0046230b p.lw             x6, 4(x12!)          x6=00000007 x12=10000050 x12:1000004c  PA:1000004c
20424449ns          340196 1c008196 2078788b p.lw             x17, x7(x16!)       x17=fffffff1 x16=10000164  x7:00000020 x16:10000144  PA:10000144
20424489ns          340198 1c00819a 43130733 p.mac            x14, x6, x17        x14=ffffff68 x14:ffffffd1  x6:00000007 x17:fffffff1
20424509ns          340199 1c008192 0046230b p.lw             x6, 4(x12!)          x6=00000006 x12=10000054 x12:10000050  PA:10000050
20424529ns          340200 1c008196 2078788b p.lw             x17, x7(x16!)       x17=ffffffe9 x16=10000184  x7:00000020 x16:10000164  PA:10000164
20424569ns          340202 1c00819a 43130733 p.mac            x14, x6, x17        x14=fffffede x14:ffffff68  x6:00000006 x17:ffffffe9
20424589ns          340203 1c008192 0046230b p.lw             x6, 4(x12!)          x6=00000005 x12=10000058 x12:10000054  PA:10000054
20424609ns          340204 1c008196 2078788b p.lw             x17, x7(x16!)       x17=ffffffe1 x16=100001a4  x7:00000020 x16:10000184  PA:10000184
20424648ns          340206 1c00819a 43130733 p.mac            x14, x6, x17        x14=fffffe43 x14:fffffede  x6:00000005 x17:ffffffe1
20424668ns          340207 1c008192 0046230b p.lw             x6, 4(x12!)          x6=00000004 x12=1000005c x12:10000058  PA:10000058
20424688ns          340208 1c008196 2078788b p.lw             x17, x7(x16!)       x17=ffffffd9 x16=100001c4  x7:00000020 x16:100001a4  PA:100001a4
20424728ns          340210 1c00819a 43130733 p.mac            x14, x6, x17        x14=fffffda7 x14:fffffe43  x6:00000004 x17:ffffffd9
20424748ns          340211 1c008192 0046230b p.lw             x6, 4(x12!)          x6=00000003 x12=10000060 x12:1000005c  PA:1000005c
20424768ns          340212 1c008196 2078788b p.lw             x17, x7(x16!)       x17=ffffffd1 x16=100001e4  x7:00000020 x16:100001c4  PA:100001c4
20424807ns          340214 1c00819a 43130733 p.mac            x14, x6, x17        x14=fffffd1a x14:fffffda7  x6:00000003 x17:ffffffd1
20424827ns          340215 1c008192 0046230b p.lw             x6, 4(x12!)          x6=00000002 x12=10000064 x12:10000060  PA:10000060
20424847ns          340216 1c008196 2078788b p.lw             x17, x7(x16!)       x17=ffffffc9 x16=10000204  x7:00000020 x16:100001e4  PA:100001e4
20424887ns          340218 1c00819a 43130733 p.mac            x14, x6, x17        x14=fffffcac x14:fffffd1a  x6:00000002 x17:ffffffc9
20424907ns          340219 1c00819e 00ef222b p.sw             x14, 4(x30!)        x30=10000548 x14:fffffcac x30:10000544  PA:10000544
20424927ns          340220 1c0081a2 004e8e93 addi             x29, x29, 4         x29=10000108 x29:10000104
20424967ns          340222 1c00817e 40af87b3 sub              x15, x31, x10       x15=00000020 x31:10000064 x10:10000044
20424986ns          340223 1c008182 ffc78793 addi             x15, x15, -4        x15=0000001c x15:00000020
20425006ns          340224 1c008184 0027d793 srli             x15, x15, 0x2       x15=00000007 x15:0000001c
20425026ns          340225 1c008186 01d00833 add              x16, x0, x29        x16=10000108 x29:10000108
20425046ns          340226 1c008188 00a00633 add              x12, x0, x10        x12=10000044 x10:10000044
20425066ns          340227 1c00818a 00000713 addi             x14, x0, 0          x14=00000000
20425086ns          340228 1c00818c 00178793 addi             x15, x15, 1         x15=00000008 x15:00000007
20425106ns          340229 1c00818e 0067c0fb lp.setup         0x1, x15, 0x6       x15:00000008
20425126ns          340230 1c008192 0046230b p.lw             x6, 4(x12!)          x6=00000009 x12=10000048 x12:10000044  PA:10000044
20425146ns          340231 1c008196 2078788b p.lw             x17, x7(x16!)       x17=00000000 x16=10000128  x7:00000020 x16:10000108  PA:10000108
20425185ns          340233 1c00819a 43130733 p.mac            x14, x6, x17        x14=00000000 x14:00000000  x6:00000009 x17:00000000
20425205ns          340234 1c008192 0046230b p.lw             x6, 4(x12!)          x6=00000008 x12=1000004c x12:10000048  PA:10000048
20425225ns          340235 1c008196 2078788b p.lw             x17, x7(x16!)       x17=fffffff8 x16=10000148  x7:00000020 x16:10000128  PA:10000128
20425265ns          340237 1c00819a 43130733 p.mac            x14, x6, x17        x14=ffffffc0 x14:00000000  x6:00000008 x17:fffffff8
20425285ns          340238 1c008192 0046230b p.lw             x6, 4(x12!)          x6=00000007 x12=10000050 x12:1000004c  PA:1000004c
20425305ns          340239 1c008196 2078788b p.lw             x17, x7(x16!)       x17=fffffff0 x16=10000168  x7:00000020 x16:10000148  PA:10000148
20425364ns          340242 1c00819a 43130733 p.mac            x14, x6, x17        x14=ffffff50 x14:ffffffc0  x6:00000007 x17:fffffff0
20425384ns          340243 1c008192 0046230b p.lw             x6, 4(x12!)          x6=00000006 x12=10000054 x12:10000050  PA:10000050
20425404ns          340244 1c008196 2078788b p.lw             x17, x7(x16!)       x17=ffffffe8 x16=10000188  x7:00000020 x16:10000168  PA:10000168
20425444ns          340246 1c00819a 43130733 p.mac            x14, x6, x17        x14=fffffec0 x14:ffffff50  x6:00000006 x17:ffffffe8
20425464ns          340247 1c008192 0046230b p.lw             x6, 4(x12!)          x6=00000005 x12=10000058 x12:10000054  PA:10000054
20425484ns          340248 1c008196 2078788b p.lw             x17, x7(x16!)       x17=ffffffe0 x16=100001a8  x7:00000020 x16:10000188  PA:10000188
20425523ns          340250 1c00819a 43130733 p.mac            x14, x6, x17        x14=fffffe20 x14:fffffec0  x6:00000005 x17:ffffffe0
20425543ns          340251 1c008192 0046230b p.lw             x6, 4(x12!)          x6=00000004 x12=1000005c x12:10000058  PA:10000058
20425563ns          340252 1c008196 2078788b p.lw             x17, x7(x16!)       x17=ffffffd8 x16=100001c8  x7:00000020 x16:100001a8  PA:100001a8
20425603ns          340254 1c00819a 43130733 p.mac            x14, x6, x17        x14=fffffd80 x14:fffffe20  x6:00000004 x17:ffffffd8
20425623ns          340255 1c008192 0046230b p.lw             x6, 4(x12!)          x6=00000003 x12=10000060 x12:1000005c  PA:1000005c
20425643ns          340256 1c008196 2078788b p.lw             x17, x7(x16!)       x17=ffffffd0 x16=100001e8  x7:00000020 x16:100001c8  PA:100001c8
20425683ns          340258 1c00819a 43130733 p.mac            x14, x6, x17        x14=fffffcf0 x14:fffffd80  x6:00000003 x17:ffffffd0
20425703ns          340259 1c008192 0046230b p.lw             x6, 4(x12!)          x6=00000002 x12=10000064 x12:10000060  PA:10000060
20425722ns          340260 1c008196 2078788b p.lw             x17, x7(x16!)       x17=ffffffc8 x16=10000208  x7:00000020 x16:100001e8  PA:100001e8
20425762ns          340262 1c00819a 43130733 p.mac            x14, x6, x17        x14=fffffc80 x14:fffffcf0  x6:00000002 x17:ffffffc8
20425782ns          340263 1c00819e 00ef222b p.sw             x14, 4(x30!)        x30=1000054c x14:fffffc80 x30:10000548  PA:10000548
20425802ns          340264 1c0081a2 004e8e93 addi             x29, x29, 4         x29=1000010c x29:10000108
20425842ns          340266 1c00817e 40af87b3 sub              x15, x31, x10       x15=00000020 x31:10000064 x10:10000044
20425862ns          340267 1c008182 ffc78793 addi             x15, x15, -4        x15=0000001c x15:00000020
20425882ns          340268 1c008184 0027d793 srli             x15, x15, 0x2       x15=00000007 x15:0000001c
20425901ns          340269 1c008186 01d00833 add              x16, x0, x29        x16=1000010c x29:1000010c
20425921ns          340270 1c008188 00a00633 add              x12, x0, x10        x12=10000044 x10:10000044
20425941ns          340271 1c00818a 00000713 addi             x14, x0, 0          x14=00000000
20425961ns          340272 1c00818c 00178793 addi             x15, x15, 1         x15=00000008 x15:00000007
20425981ns          340273 1c00818e 0067c0fb lp.setup         0x1, x15, 0x6       x15:00000008
20426001ns          340274 1c008192 0046230b p.lw             x6, 4(x12!)          x6=00000009 x12=10000048 x12:10000044  PA:10000044
20426021ns          340275 1c008196 2078788b p.lw             x17, x7(x16!)       x17=ffffffff x16=1000012c  x7:00000020 x16:1000010c  PA:1000010c
20426061ns          340277 1c00819a 43130733 p.mac            x14, x6, x17        x14=fffffff7 x14:00000000  x6:00000009 x17:ffffffff
20426080ns          340278 1c008192 0046230b p.lw             x6, 4(x12!)          x6=00000008 x12=1000004c x12:10000048  PA:10000048
20426100ns          340279 1c008196 2078788b p.lw             x17, x7(x16!)       x17=fffffff7 x16=1000014c  x7:00000020 x16:1000012c  PA:1000012c
20426140ns          340281 1c00819a 43130733 p.mac            x14, x6, x17        x14=ffffffaf x14:fffffff7  x6:00000008 x17:fffffff7
20426160ns          340282 1c008192 0046230b p.lw             x6, 4(x12!)          x6=00000007 x12=10000050 x12:1000004c  PA:1000004c
20426180ns          340283 1c008196 2078788b p.lw             x17, x7(x16!)       x17=ffffffef x16=1000016c  x7:00000020 x16:1000014c  PA:1000014c
20426220ns          340285 1c00819a 43130733 p.mac            x14, x6, x17        x14=ffffff38 x14:ffffffaf  x6:00000007 x17:ffffffef
20426240ns          340286 1c008192 0046230b p.lw             x6, 4(x12!)          x6=00000006 x12=10000054 x12:10000050  PA:10000050
20426259ns          340287 1c008196 2078788b p.lw             x17, x7(x16!)       x17=ffffffe7 x16=1000018c  x7:00000020 x16:1000016c  PA:1000016c
20426299ns          340289 1c00819a 43130733 p.mac            x14, x6, x17        x14=fffffea2 x14:ffffff38  x6:00000006 x17:ffffffe7
20426319ns          340290 1c008192 0046230b p.lw             x6, 4(x12!)          x6=00000005 x12=10000058 x12:10000054  PA:10000054
20426339ns          340291 1c008196 2078788b p.lw             x17, x7(x16!)       x17=ffffffdf x16=100001ac  x7:00000020 x16:1000018c  PA:1000018c
20426379ns          340293 1c00819a 43130733 p.mac            x14, x6, x17        x14=fffffdfd x14:fffffea2  x6:00000005 x17:ffffffdf
20426399ns          340294 1c008192 0046230b p.lw             x6, 4(x12!)          x6=00000004 x12=1000005c x12:10000058  PA:10000058
20426419ns          340295 1c008196 2078788b p.lw             x17, x7(x16!)       x17=ffffffd7 x16=100001cc  x7:00000020 x16:100001ac  PA:100001ac
20426458ns          340297 1c00819a 43130733 p.mac            x14, x6, x17        x14=fffffd59 x14:fffffdfd  x6:00000004 x17:ffffffd7
20426478ns          340298 1c008192 0046230b p.lw             x6, 4(x12!)          x6=00000003 x12=10000060 x12:1000005c  PA:1000005c
20426498ns          340299 1c008196 2078788b p.lw             x17, x7(x16!)       x17=ffffffcf x16=100001ec  x7:00000020 x16:100001cc  PA:100001cc
20426538ns          340301 1c00819a 43130733 p.mac            x14, x6, x17        x14=fffffcc6 x14:fffffd59  x6:00000003 x17:ffffffcf
20426558ns          340302 1c008192 0046230b p.lw             x6, 4(x12!)          x6=00000002 x12=10000064 x12:10000060  PA:10000060
20426578ns          340303 1c008196 2078788b p.lw             x17, x7(x16!)       x17=ffffffc7 x16=1000020c  x7:00000020 x16:100001ec  PA:100001ec
20426617ns          340305 1c00819a 43130733 p.mac            x14, x6, x17        x14=fffffc54 x14:fffffcc6  x6:00000002 x17:ffffffc7
20426637ns          340306 1c00819e 00ef222b p.sw             x14, 4(x30!)        x30=10000550 x14:fffffc54 x30:1000054c  PA:1000054c
20426657ns          340307 1c0081a2 004e8e93 addi             x29, x29, 4         x29=10000110 x29:1000010c
20426697ns          340309 1c00817e 40af87b3 sub              x15, x31, x10       x15=00000020 x31:10000064 x10:10000044
20426717ns          340310 1c008182 ffc78793 addi             x15, x15, -4        x15=0000001c x15:00000020
20426737ns          340311 1c008184 0027d793 srli             x15, x15, 0x2       x15=00000007 x15:0000001c
20426757ns          340312 1c008186 01d00833 add              x16, x0, x29        x16=10000110 x29:10000110
20426777ns          340313 1c008188 00a00633 add              x12, x0, x10        x12=10000044 x10:10000044
20426797ns          340314 1c00818a 00000713 addi             x14, x0, 0          x14=00000000
20426816ns          340315 1c00818c 00178793 addi             x15, x15, 1         x15=00000008 x15:00000007
20426836ns          340316 1c00818e 0067c0fb lp.setup         0x1, x15, 0x6       x15:00000008
20426856ns          340317 1c008192 0046230b p.lw             x6, 4(x12!)          x6=00000009 x12=10000048 x12:10000044  PA:10000044
20426876ns          340318 1c008196 2078788b p.lw             x17, x7(x16!)       x17=fffffffe x16=10000130  x7:00000020 x16:10000110  PA:10000110
20426916ns          340320 1c00819a 43130733 p.mac            x14, x6, x17        x14=ffffffee x14:00000000  x6:00000009 x17:fffffffe
20426936ns          340321 1c008192 0046230b p.lw             x6, 4(x12!)          x6=00000008 x12=1000004c x12:10000048  PA:10000048
20426956ns          340322 1c008196 2078788b p.lw             x17, x7(x16!)       x17=fffffff6 x16=10000150  x7:00000020 x16:10000130  PA:10000130
20426995ns          340324 1c00819a 43130733 p.mac            x14, x6, x17        x14=ffffff9e x14:ffffffee  x6:00000008 x17:fffffff6
20427015ns          340325 1c008192 0046230b p.lw             x6, 4(x12!)          x6=00000007 x12=10000050 x12:1000004c  PA:1000004c
20427035ns          340326 1c008196 2078788b p.lw             x17, x7(x16!)       x17=ffffffee x16=10000170  x7:00000020 x16:10000150  PA:10000150
20427075ns          340328 1c00819a 43130733 p.mac            x14, x6, x17        x14=ffffff20 x14:ffffff9e  x6:00000007 x17:ffffffee
20427095ns          340329 1c008192 0046230b p.lw             x6, 4(x12!)          x6=00000006 x12=10000054 x12:10000050  PA:10000050
20427115ns          340330 1c008196 2078788b p.lw             x17, x7(x16!)       x17=ffffffe6 x16=10000190  x7:00000020 x16:10000170  PA:10000170
20427155ns          340332 1c00819a 43130733 p.mac            x14, x6, x17        x14=fffffe84 x14:ffffff20  x6:00000006 x17:ffffffe6
20427174ns          340333 1c008192 0046230b p.lw             x6, 4(x12!)          x6=00000005 x12=10000058 x12:10000054  PA:10000054
20427194ns          340334 1c008196 2078788b p.lw             x17, x7(x16!)       x17=ffffffde x16=100001b0  x7:00000020 x16:10000190  PA:10000190
20427234ns          340336 1c00819a 43130733 p.mac            x14, x6, x17        x14=fffffdda x14:fffffe84  x6:00000005 x17:ffffffde
20427254ns          340337 1c008192 0046230b p.lw             x6, 4(x12!)          x6=00000004 x12=1000005c x12:10000058  PA:10000058
20427274ns          340338 1c008196 2078788b p.lw             x17, x7(x16!)       x17=ffffffd6 x16=100001d0  x7:00000020 x16:100001b0  PA:100001b0
20427314ns          340340 1c00819a 43130733 p.mac            x14, x6, x17        x14=fffffd32 x14:fffffdda  x6:00000004 x17:ffffffd6
20427334ns          340341 1c008192 0046230b p.lw             x6, 4(x12!)          x6=00000003 x12=10000060 x12:1000005c  PA:1000005c
20427353ns          340342 1c008196 2078788b p.lw             x17, x7(x16!)       x17=ffffffce x16=100001f0  x7:00000020 x16:100001d0  PA:100001d0
20427393ns          340344 1c00819a 43130733 p.mac            x14, x6, x17        x14=fffffc9c x14:fffffd32  x6:00000003 x17:ffffffce
20427413ns          340345 1c008192 0046230b p.lw             x6, 4(x12!)          x6=00000002 x12=10000064 x12:10000060  PA:10000060
20427433ns          340346 1c008196 2078788b p.lw             x17, x7(x16!)       x17=ffffffc6 x16=10000210  x7:00000020 x16:100001f0  PA:100001f0
20427473ns          340348 1c00819a 43130733 p.mac            x14, x6, x17        x14=fffffc28 x14:fffffc9c  x6:00000002 x17:ffffffc6
20427493ns          340349 1c00819e 00ef222b p.sw             x14, 4(x30!)        x30=10000554 x14:fffffc28 x30:10000550  PA:10000550
20427513ns          340350 1c0081a2 004e8e93 addi             x29, x29, 4         x29=10000114 x29:10000110
20427552ns          340352 1c00817e 40af87b3 sub              x15, x31, x10       x15=00000020 x31:10000064 x10:10000044
20427572ns          340353 1c008182 ffc78793 addi             x15, x15, -4        x15=0000001c x15:00000020
20427592ns          340354 1c008184 0027d793 srli             x15, x15, 0x2       x15=00000007 x15:0000001c
20427612ns          340355 1c008186 01d00833 add              x16, x0, x29        x16=10000114 x29:10000114
20427632ns          340356 1c008188 00a00633 add              x12, x0, x10        x12=10000044 x10:10000044
20427652ns          340357 1c00818a 00000713 addi             x14, x0, 0          x14=00000000
20427672ns          340358 1c00818c 00178793 addi             x15, x15, 1         x15=00000008 x15:00000007
20427692ns          340359 1c00818e 0067c0fb lp.setup         0x1, x15, 0x6       x15:00000008
20427711ns          340360 1c008192 0046230b p.lw             x6, 4(x12!)          x6=00000009 x12=10000048 x12:10000044  PA:10000044
20427731ns          340361 1c008196 2078788b p.lw             x17, x7(x16!)       x17=fffffffd x16=10000134  x7:00000020 x16:10000114  PA:10000114
20427791ns          340364 1c00819a 43130733 p.mac            x14, x6, x17        x14=ffffffe5 x14:00000000  x6:00000009 x17:fffffffd
20427811ns          340365 1c008192 0046230b p.lw             x6, 4(x12!)          x6=00000008 x12=1000004c x12:10000048  PA:10000048
20427831ns          340366 1c008196 2078788b p.lw             x17, x7(x16!)       x17=fffffff5 x16=10000154  x7:00000020 x16:10000134  PA:10000134
20427871ns          340368 1c00819a 43130733 p.mac            x14, x6, x17        x14=ffffff8d x14:ffffffe5  x6:00000008 x17:fffffff5
20427890ns          340369 1c008192 0046230b p.lw             x6, 4(x12!)          x6=00000007 x12=10000050 x12:1000004c  PA:1000004c
20427910ns          340370 1c008196 2078788b p.lw             x17, x7(x16!)       x17=ffffffed x16=10000174  x7:00000020 x16:10000154  PA:10000154
20427950ns          340372 1c00819a 43130733 p.mac            x14, x6, x17        x14=ffffff08 x14:ffffff8d  x6:00000007 x17:ffffffed
20427970ns          340373 1c008192 0046230b p.lw             x6, 4(x12!)          x6=00000006 x12=10000054 x12:10000050  PA:10000050
20427990ns          340374 1c008196 2078788b p.lw             x17, x7(x16!)       x17=ffffffe5 x16=10000194  x7:00000020 x16:10000174  PA:10000174
20428030ns          340376 1c00819a 43130733 p.mac            x14, x6, x17        x14=fffffe66 x14:ffffff08  x6:00000006 x17:ffffffe5
20428050ns          340377 1c008192 0046230b p.lw             x6, 4(x12!)          x6=00000005 x12=10000058 x12:10000054  PA:10000054
20428070ns          340378 1c008196 2078788b p.lw             x17, x7(x16!)       x17=ffffffdd x16=100001b4  x7:00000020 x16:10000194  PA:10000194
20428109ns          340380 1c00819a 43130733 p.mac            x14, x6, x17        x14=fffffdb7 x14:fffffe66  x6:00000005 x17:ffffffdd
20428129ns          340381 1c008192 0046230b p.lw             x6, 4(x12!)          x6=00000004 x12=1000005c x12:10000058  PA:10000058
20428149ns          340382 1c008196 2078788b p.lw             x17, x7(x16!)       x17=ffffffd5 x16=100001d4  x7:00000020 x16:100001b4  PA:100001b4
20428189ns          340384 1c00819a 43130733 p.mac            x14, x6, x17        x14=fffffd0b x14:fffffdb7  x6:00000004 x17:ffffffd5
20428209ns          340385 1c008192 0046230b p.lw             x6, 4(x12!)          x6=00000003 x12=10000060 x12:1000005c  PA:1000005c
20428229ns          340386 1c008196 2078788b p.lw             x17, x7(x16!)       x17=ffffffcd x16=100001f4  x7:00000020 x16:100001d4  PA:100001d4
20428268ns          340388 1c00819a 43130733 p.mac            x14, x6, x17        x14=fffffc72 x14:fffffd0b  x6:00000003 x17:ffffffcd
20428288ns          340389 1c008192 0046230b p.lw             x6, 4(x12!)          x6=00000002 x12=10000064 x12:10000060  PA:10000060
20428308ns          340390 1c008196 2078788b p.lw             x17, x7(x16!)       x17=ffffffc5 x16=10000214  x7:00000020 x16:100001f4  PA:100001f4
20428348ns          340392 1c00819a 43130733 p.mac            x14, x6, x17        x14=fffffbfc x14:fffffc72  x6:00000002 x17:ffffffc5
20428368ns          340393 1c00819e 00ef222b p.sw             x14, 4(x30!)        x30=10000558 x14:fffffbfc x30:10000554  PA:10000554
20428388ns          340394 1c0081a2 004e8e93 addi             x29, x29, 4         x29=10000118 x29:10000114
20428428ns          340396 1c00817e 40af87b3 sub              x15, x31, x10       x15=00000020 x31:10000064 x10:10000044
20428447ns          340397 1c008182 ffc78793 addi             x15, x15, -4        x15=0000001c x15:00000020
20428467ns          340398 1c008184 0027d793 srli             x15, x15, 0x2       x15=00000007 x15:0000001c
20428487ns          340399 1c008186 01d00833 add              x16, x0, x29        x16=10000118 x29:10000118
20428507ns          340400 1c008188 00a00633 add              x12, x0, x10        x12=10000044 x10:10000044
20428527ns          340401 1c00818a 00000713 addi             x14, x0, 0          x14=00000000
20428547ns          340402 1c00818c 00178793 addi             x15, x15, 1         x15=00000008 x15:00000007
20428567ns          340403 1c00818e 0067c0fb lp.setup         0x1, x15, 0x6       x15:00000008
20428587ns          340404 1c008192 0046230b p.lw             x6, 4(x12!)          x6=00000009 x12=10000048 x12:10000044  PA:10000044
20428607ns          340405 1c008196 2078788b p.lw             x17, x7(x16!)       x17=fffffffc x16=10000138  x7:00000020 x16:10000118  PA:10000118
20428646ns          340407 1c00819a 43130733 p.mac            x14, x6, x17        x14=ffffffdc x14:00000000  x6:00000009 x17:fffffffc
20428666ns          340408 1c008192 0046230b p.lw             x6, 4(x12!)          x6=00000008 x12=1000004c x12:10000048  PA:10000048
20428686ns          340409 1c008196 2078788b p.lw             x17, x7(x16!)       x17=fffffff4 x16=10000158  x7:00000020 x16:10000138  PA:10000138
20428726ns          340411 1c00819a 43130733 p.mac            x14, x6, x17        x14=ffffff7c x14:ffffffdc  x6:00000008 x17:fffffff4
20428746ns          340412 1c008192 0046230b p.lw             x6, 4(x12!)          x6=00000007 x12=10000050 x12:1000004c  PA:1000004c
20428766ns          340413 1c008196 2078788b p.lw             x17, x7(x16!)       x17=ffffffec x16=10000178  x7:00000020 x16:10000158  PA:10000158
20428805ns          340415 1c00819a 43130733 p.mac            x14, x6, x17        x14=fffffef0 x14:ffffff7c  x6:00000007 x17:ffffffec
20428825ns          340416 1c008192 0046230b p.lw             x6, 4(x12!)          x6=00000006 x12=10000054 x12:10000050  PA:10000050
20428845ns          340417 1c008196 2078788b p.lw             x17, x7(x16!)       x17=ffffffe4 x16=10000198  x7:00000020 x16:10000178  PA:10000178
20428885ns          340419 1c00819a 43130733 p.mac            x14, x6, x17        x14=fffffe48 x14:fffffef0  x6:00000006 x17:ffffffe4
20428905ns          340420 1c008192 0046230b p.lw             x6, 4(x12!)          x6=00000005 x12=10000058 x12:10000054  PA:10000054
20428925ns          340421 1c008196 2078788b p.lw             x17, x7(x16!)       x17=ffffffdc x16=100001b8  x7:00000020 x16:10000198  PA:10000198
20428965ns          340423 1c00819a 43130733 p.mac            x14, x6, x17        x14=fffffd94 x14:fffffe48  x6:00000005 x17:ffffffdc
20428984ns          340424 1c008192 0046230b p.lw             x6, 4(x12!)          x6=00000004 x12=1000005c x12:10000058  PA:10000058
20429004ns          340425 1c008196 2078788b p.lw             x17, x7(x16!)       x17=ffffffd4 x16=100001d8  x7:00000020 x16:100001b8  PA:100001b8
20429044ns          340427 1c00819a 43130733 p.mac            x14, x6, x17        x14=fffffce4 x14:fffffd94  x6:00000004 x17:ffffffd4
20429064ns          340428 1c008192 0046230b p.lw             x6, 4(x12!)          x6=00000003 x12=10000060 x12:1000005c  PA:1000005c
20429084ns          340429 1c008196 2078788b p.lw             x17, x7(x16!)       x17=ffffffcc x16=100001f8  x7:00000020 x16:100001d8  PA:100001d8
20429124ns          340431 1c00819a 43130733 p.mac            x14, x6, x17        x14=fffffc48 x14:fffffce4  x6:00000003 x17:ffffffcc
20429144ns          340432 1c008192 0046230b p.lw             x6, 4(x12!)          x6=00000002 x12=10000064 x12:10000060  PA:10000060
20429164ns          340433 1c008196 2078788b p.lw             x17, x7(x16!)       x17=ffffffc4 x16=10000218  x7:00000020 x16:100001f8  PA:100001f8
20429203ns          340435 1c00819a 43130733 p.mac            x14, x6, x17        x14=fffffbd0 x14:fffffc48  x6:00000002 x17:ffffffc4
20429223ns          340436 1c00819e 00ef222b p.sw             x14, 4(x30!)        x30=1000055c x14:fffffbd0 x30:10000558  PA:10000558
20429243ns          340437 1c0081a2 004e8e93 addi             x29, x29, 4         x29=1000011c x29:10000118
20429283ns          340439 1c00817e 40af87b3 sub              x15, x31, x10       x15=00000020 x31:10000064 x10:10000044
20429303ns          340440 1c008182 ffc78793 addi             x15, x15, -4        x15=0000001c x15:00000020
20429323ns          340441 1c008184 0027d793 srli             x15, x15, 0x2       x15=00000007 x15:0000001c
20429343ns          340442 1c008186 01d00833 add              x16, x0, x29        x16=1000011c x29:1000011c
20429362ns          340443 1c008188 00a00633 add              x12, x0, x10        x12=10000044 x10:10000044
20429382ns          340444 1c00818a 00000713 addi             x14, x0, 0          x14=00000000
20429402ns          340445 1c00818c 00178793 addi             x15, x15, 1         x15=00000008 x15:00000007
20429422ns          340446 1c00818e 0067c0fb lp.setup         0x1, x15, 0x6       x15:00000008
20429442ns          340447 1c008192 0046230b p.lw             x6, 4(x12!)          x6=00000009 x12=10000048 x12:10000044  PA:10000044
20429462ns          340448 1c008196 2078788b p.lw             x17, x7(x16!)       x17=fffffffb x16=1000013c  x7:00000020 x16:1000011c  PA:1000011c
20429502ns          340450 1c00819a 43130733 p.mac            x14, x6, x17        x14=ffffffd3 x14:00000000  x6:00000009 x17:fffffffb
20429522ns          340451 1c008192 0046230b p.lw             x6, 4(x12!)          x6=00000008 x12=1000004c x12:10000048  PA:10000048
20429541ns          340452 1c008196 2078788b p.lw             x17, x7(x16!)       x17=fffffff3 x16=1000015c  x7:00000020 x16:1000013c  PA:1000013c
20429581ns          340454 1c00819a 43130733 p.mac            x14, x6, x17        x14=ffffff6b x14:ffffffd3  x6:00000008 x17:fffffff3
20429601ns          340455 1c008192 0046230b p.lw             x6, 4(x12!)          x6=00000007 x12=10000050 x12:1000004c  PA:1000004c
20429621ns          340456 1c008196 2078788b p.lw             x17, x7(x16!)       x17=ffffffeb x16=1000017c  x7:00000020 x16:1000015c  PA:1000015c
20429661ns          340458 1c00819a 43130733 p.mac            x14, x6, x17        x14=fffffed8 x14:ffffff6b  x6:00000007 x17:ffffffeb
20429681ns          340459 1c008192 0046230b p.lw             x6, 4(x12!)          x6=00000006 x12=10000054 x12:10000050  PA:10000050
20429701ns          340460 1c008196 2078788b p.lw             x17, x7(x16!)       x17=ffffffe3 x16=1000019c  x7:00000020 x16:1000017c  PA:1000017c
20429740ns          340462 1c00819a 43130733 p.mac            x14, x6, x17        x14=fffffe2a x14:fffffed8  x6:00000006 x17:ffffffe3
20429760ns          340463 1c008192 0046230b p.lw             x6, 4(x12!)          x6=00000005 x12=10000058 x12:10000054  PA:10000054
20429780ns          340464 1c008196 2078788b p.lw             x17, x7(x16!)       x17=ffffffdb x16=100001bc  x7:00000020 x16:1000019c  PA:1000019c
20429820ns          340466 1c00819a 43130733 p.mac            x14, x6, x17        x14=fffffd71 x14:fffffe2a  x6:00000005 x17:ffffffdb
20429840ns          340467 1c008192 0046230b p.lw             x6, 4(x12!)          x6=00000004 x12=1000005c x12:10000058  PA:10000058
20429860ns          340468 1c008196 2078788b p.lw             x17, x7(x16!)       x17=ffffffd3 x16=100001dc  x7:00000020 x16:100001bc  PA:100001bc
20429899ns          340470 1c00819a 43130733 p.mac            x14, x6, x17        x14=fffffcbd x14:fffffd71  x6:00000004 x17:ffffffd3
20429919ns          340471 1c008192 0046230b p.lw             x6, 4(x12!)          x6=00000003 x12=10000060 x12:1000005c  PA:1000005c
20429939ns          340472 1c008196 2078788b p.lw             x17, x7(x16!)       x17=ffffffcb x16=100001fc  x7:00000020 x16:100001dc  PA:100001dc
20429979ns          340474 1c00819a 43130733 p.mac            x14, x6, x17        x14=fffffc1e x14:fffffcbd  x6:00000003 x17:ffffffcb
20429999ns          340475 1c008192 0046230b p.lw             x6, 4(x12!)          x6=00000002 x12=10000064 x12:10000060  PA:10000060
20430019ns          340476 1c008196 2078788b p.lw             x17, x7(x16!)       x17=ffffffc3 x16=1000021c  x7:00000020 x16:100001fc  PA:100001fc
20430059ns          340478 1c00819a 43130733 p.mac            x14, x6, x17        x14=fffffba4 x14:fffffc1e  x6:00000002 x17:ffffffc3
20430078ns          340479 1c00819e 00ef222b p.sw             x14, 4(x30!)        x30=10000560 x14:fffffba4 x30:1000055c  PA:1000055c
20430098ns          340480 1c0081a2 004e8e93 addi             x29, x29, 4         x29=10000120 x29:1000011c
20430138ns          340482 1c00817e 40af87b3 sub              x15, x31, x10       x15=00000020 x31:10000064 x10:10000044
20430158ns          340483 1c008182 ffc78793 addi             x15, x15, -4        x15=0000001c x15:00000020
20430178ns          340484 1c008184 0027d793 srli             x15, x15, 0x2       x15=00000007 x15:0000001c
20430198ns          340485 1c008186 01d00833 add              x16, x0, x29        x16=10000120 x29:10000120
20430218ns          340486 1c008188 00a00633 add              x12, x0, x10        x12=10000044 x10:10000044
20430238ns          340487 1c00818a 00000713 addi             x14, x0, 0          x14=00000000
20430257ns          340488 1c00818c 00178793 addi             x15, x15, 1         x15=00000008 x15:00000007
20430277ns          340489 1c00818e 0067c0fb lp.setup         0x1, x15, 0x6       x15:00000008
20430297ns          340490 1c008192 0046230b p.lw             x6, 4(x12!)          x6=00000009 x12=10000048 x12:10000044  PA:10000044
20430317ns          340491 1c008196 2078788b p.lw             x17, x7(x16!)       x17=fffffffa x16=10000140  x7:00000020 x16:10000120  PA:10000120
20430357ns          340493 1c00819a 43130733 p.mac            x14, x6, x17        x14=ffffffca x14:00000000  x6:00000009 x17:fffffffa
20430377ns          340494 1c008192 0046230b p.lw             x6, 4(x12!)          x6=00000008 x12=1000004c x12:10000048  PA:10000048
20430397ns          340495 1c008196 2078788b p.lw             x17, x7(x16!)       x17=fffffff2 x16=10000160  x7:00000020 x16:10000140  PA:10000140
20430437ns          340497 1c00819a 43130733 p.mac            x14, x6, x17        x14=ffffff5a x14:ffffffca  x6:00000008 x17:fffffff2
20430456ns          340498 1c008192 0046230b p.lw             x6, 4(x12!)          x6=00000007 x12=10000050 x12:1000004c  PA:1000004c
20430476ns          340499 1c008196 2078788b p.lw             x17, x7(x16!)       x17=ffffffea x16=10000180  x7:00000020 x16:10000160  PA:10000160
20430516ns          340501 1c00819a 43130733 p.mac            x14, x6, x17        x14=fffffec0 x14:ffffff5a  x6:00000007 x17:ffffffea
20430536ns          340502 1c008192 0046230b p.lw             x6, 4(x12!)          x6=00000006 x12=10000054 x12:10000050  PA:10000050
20430556ns          340503 1c008196 2078788b p.lw             x17, x7(x16!)       x17=ffffffe2 x16=100001a0  x7:00000020 x16:10000180  PA:10000180
20430596ns          340505 1c00819a 43130733 p.mac            x14, x6, x17        x14=fffffe0c x14:fffffec0  x6:00000006 x17:ffffffe2
20430616ns          340506 1c008192 0046230b p.lw             x6, 4(x12!)          x6=00000005 x12=10000058 x12:10000054  PA:10000054
20430635ns          340507 1c008196 2078788b p.lw             x17, x7(x16!)       x17=ffffffda x16=100001c0  x7:00000020 x16:100001a0  PA:100001a0
20430675ns          340509 1c00819a 43130733 p.mac            x14, x6, x17        x14=fffffd4e x14:fffffe0c  x6:00000005 x17:ffffffda
20430695ns          340510 1c008192 0046230b p.lw             x6, 4(x12!)          x6=00000004 x12=1000005c x12:10000058  PA:10000058
20430715ns          340511 1c008196 2078788b p.lw             x17, x7(x16!)       x17=ffffffd2 x16=100001e0  x7:00000020 x16:100001c0  PA:100001c0
20430755ns          340513 1c00819a 43130733 p.mac            x14, x6, x17        x14=fffffc96 x14:fffffd4e  x6:00000004 x17:ffffffd2
20430775ns          340514 1c008192 0046230b p.lw             x6, 4(x12!)          x6=00000003 x12=10000060 x12:1000005c  PA:1000005c
20430795ns          340515 1c008196 2078788b p.lw             x17, x7(x16!)       x17=ffffffca x16=10000200  x7:00000020 x16:100001e0  PA:100001e0
20430834ns          340517 1c00819a 43130733 p.mac            x14, x6, x17        x14=fffffbf4 x14:fffffc96  x6:00000003 x17:ffffffca
20430854ns          340518 1c008192 0046230b p.lw             x6, 4(x12!)          x6=00000002 x12=10000064 x12:10000060  PA:10000060
20430874ns          340519 1c008196 2078788b p.lw             x17, x7(x16!)       x17=ffffffc2 x16=10000220  x7:00000020 x16:10000200  PA:10000200
20430914ns          340521 1c00819a 43130733 p.mac            x14, x6, x17        x14=fffffb78 x14:fffffbf4  x6:00000002 x17:ffffffc2
20430934ns          340522 1c00819e 00ef222b p.sw             x14, 4(x30!)        x30=10000564 x14:fffffb78 x30:10000560  PA:10000560
20430974ns          340524 1c0081a2 004e8e93 addi             x29, x29, 4         x29=10000124 x29:10000120
20430993ns          340525 1c0081a4 00128293 addi             x5, x5, 1            x5=00000003  x5:00000002
20431013ns          340526 1c0081a6 00750533 add              x10, x10, x7        x10=10000064 x10:10000044  x7:00000020
20431033ns          340527 1c0081a8 007f8fb3 add              x31, x31, x7        x31=10000084 x31:10000064  x7:00000020
20431053ns          340528 1c0081aa fa569fe3 bne              x13, x5, -66        x13:00000008  x5:00000003
20431113ns          340531 1c008168 40b48e33 sub              x28, x9, x11        x28=00000020  x9:10000124 x11:10000104
20431133ns          340532 1c00816c ffce0e13 addi             x28, x28, -4        x28=0000001c x28:00000020
20431153ns          340533 1c00816e 002e5e13 srli             x28, x28, 0x2       x28=00000007 x28:0000001c
20431172ns          340534 1c008172 008f8f33 add              x30, x31, x8        x30=10000564 x31:10000084  x8:000004e0
20431192ns          340535 1c008176 00b00eb3 add              x29, x0, x11        x29=10000104 x11:10000104
20431212ns          340536 1c008178 001e0e13 addi             x28, x28, 1         x28=00000008 x28:00000007
20431232ns          340537 1c00817a 014e407b lp.setup         0x0, x28, 0x14      x28:00000008
20431252ns          340538 1c00817e 40af87b3 sub              x15, x31, x10       x15=00000020 x31:10000084 x10:10000064
20431272ns          340539 1c008182 ffc78793 addi             x15, x15, -4        x15=0000001c x15:00000020
20431292ns          340540 1c008184 0027d793 srli             x15, x15, 0x2       x15=00000007 x15:0000001c
20431312ns          340541 1c008186 01d00833 add              x16, x0, x29        x16=10000104 x29:10000104
20431332ns          340542 1c008188 00a00633 add              x12, x0, x10        x12=10000064 x10:10000064
20431351ns          340543 1c00818a 00000713 addi             x14, x0, 0          x14=00000000
20431371ns          340544 1c00818c 00178793 addi             x15, x15, 1         x15=00000008 x15:00000007
20431391ns          340545 1c00818e 0067c0fb lp.setup         0x1, x15, 0x6       x15:00000008
20431411ns          340546 1c008192 0046230b p.lw             x6, 4(x12!)          x6=00000001 x12=10000068 x12:10000064  PA:10000064
20431431ns          340547 1c008196 2078788b p.lw             x17, x7(x16!)       x17=00000001 x16=10000124  x7:00000020 x16:10000104  PA:10000104
20431471ns          340549 1c00819a 43130733 p.mac            x14, x6, x17        x14=00000001 x14:00000000  x6:00000001 x17:00000001
20431491ns          340550 1c008192 0046230b p.lw             x6, 4(x12!)          x6=00000000 x12=1000006c x12:10000068  PA:10000068
20431511ns          340551 1c008196 2078788b p.lw             x17, x7(x16!)       x17=fffffff9 x16=10000144  x7:00000020 x16:10000124  PA:10000124
20431550ns          340553 1c00819a 43130733 p.mac            x14, x6, x17        x14=00000001 x14:00000001  x6:00000000 x17:fffffff9
20431570ns          340554 1c008192 0046230b p.lw             x6, 4(x12!)          x6=ffffffff x12=10000070 x12:1000006c  PA:1000006c
20431590ns          340555 1c008196 2078788b p.lw             x17, x7(x16!)       x17=fffffff1 x16=10000164  x7:00000020 x16:10000144  PA:10000144
20431630ns          340557 1c00819a 43130733 p.mac            x14, x6, x17        x14=00000010 x14:00000001  x6:ffffffff x17:fffffff1
20431650ns          340558 1c008192 0046230b p.lw             x6, 4(x12!)          x6=fffffffe x12=10000074 x12:10000070  PA:10000070
20431670ns          340559 1c008196 2078788b p.lw             x17, x7(x16!)       x17=ffffffe9 x16=10000184  x7:00000020 x16:10000164  PA:10000164
20431710ns          340561 1c00819a 43130733 p.mac            x14, x6, x17        x14=0000003e x14:00000010  x6:fffffffe x17:ffffffe9
20431729ns          340562 1c008192 0046230b p.lw             x6, 4(x12!)          x6=fffffffd x12=10000078 x12:10000074  PA:10000074
20431749ns          340563 1c008196 2078788b p.lw             x17, x7(x16!)       x17=ffffffe1 x16=100001a4  x7:00000020 x16:10000184  PA:10000184
20431789ns          340565 1c00819a 43130733 p.mac            x14, x6, x17        x14=0000009b x14:0000003e  x6:fffffffd x17:ffffffe1
20431809ns          340566 1c008192 0046230b p.lw             x6, 4(x12!)          x6=fffffffc x12=1000007c x12:10000078  PA:10000078
20431829ns          340567 1c008196 2078788b p.lw             x17, x7(x16!)       x17=ffffffd9 x16=100001c4  x7:00000020 x16:100001a4  PA:100001a4
20431869ns          340569 1c00819a 43130733 p.mac            x14, x6, x17        x14=00000137 x14:0000009b  x6:fffffffc x17:ffffffd9
20431889ns          340570 1c008192 0046230b p.lw             x6, 4(x12!)          x6=fffffffb x12=10000080 x12:1000007c  PA:1000007c
20431908ns          340571 1c008196 2078788b p.lw             x17, x7(x16!)       x17=ffffffd1 x16=100001e4  x7:00000020 x16:100001c4  PA:100001c4
20431948ns          340573 1c00819a 43130733 p.mac            x14, x6, x17        x14=00000222 x14:00000137  x6:fffffffb x17:ffffffd1
20431968ns          340574 1c008192 0046230b p.lw             x6, 4(x12!)          x6=fffffffa x12=10000084 x12:10000080  PA:10000080
20431988ns          340575 1c008196 2078788b p.lw             x17, x7(x16!)       x17=ffffffc9 x16=10000204  x7:00000020 x16:100001e4  PA:100001e4
20432028ns          340577 1c00819a 43130733 p.mac            x14, x6, x17        x14=0000036c x14:00000222  x6:fffffffa x17:ffffffc9
20432048ns          340578 1c00819e 00ef222b p.sw             x14, 4(x30!)        x30=10000568 x14:0000036c x30:10000564  PA:10000564
20432068ns          340579 1c0081a2 004e8e93 addi             x29, x29, 4         x29=10000108 x29:10000104
20432107ns          340581 1c00817e 40af87b3 sub              x15, x31, x10       x15=00000020 x31:10000084 x10:10000064
20432127ns          340582 1c008182 ffc78793 addi             x15, x15, -4        x15=0000001c x15:00000020
20432147ns          340583 1c008184 0027d793 srli             x15, x15, 0x2       x15=00000007 x15:0000001c
20432167ns          340584 1c008186 01d00833 add              x16, x0, x29        x16=10000108 x29:10000108
20432187ns          340585 1c008188 00a00633 add              x12, x0, x10        x12=10000064 x10:10000064
20432207ns          340586 1c00818a 00000713 addi             x14, x0, 0          x14=00000000
20432227ns          340587 1c00818c 00178793 addi             x15, x15, 1         x15=00000008 x15:00000007
20432247ns          340588 1c00818e 0067c0fb lp.setup         0x1, x15, 0x6       x15:00000008
20432266ns          340589 1c008192 0046230b p.lw             x6, 4(x12!)          x6=00000001 x12=10000068 x12:10000064  PA:10000064
20432286ns          340590 1c008196 2078788b p.lw             x17, x7(x16!)       x17=00000000 x16=10000128  x7:00000020 x16:10000108  PA:10000108
20432326ns          340592 1c00819a 43130733 p.mac            x14, x6, x17        x14=00000000 x14:00000000  x6:00000001 x17:00000000
20432346ns          340593 1c008192 0046230b p.lw             x6, 4(x12!)          x6=00000000 x12=1000006c x12:10000068  PA:10000068
20432366ns          340594 1c008196 2078788b p.lw             x17, x7(x16!)       x17=fffffff8 x16=10000148  x7:00000020 x16:10000128  PA:10000128
20432406ns          340596 1c00819a 43130733 p.mac            x14, x6, x17        x14=00000000 x14:00000000  x6:00000000 x17:fffffff8
20432426ns          340597 1c008192 0046230b p.lw             x6, 4(x12!)          x6=ffffffff x12=10000070 x12:1000006c  PA:1000006c
20432445ns          340598 1c008196 2078788b p.lw             x17, x7(x16!)       x17=fffffff0 x16=10000168  x7:00000020 x16:10000148  PA:10000148
20432485ns          340600 1c00819a 43130733 p.mac            x14, x6, x17        x14=00000010 x14:00000000  x6:ffffffff x17:fffffff0
20432505ns          340601 1c008192 0046230b p.lw             x6, 4(x12!)          x6=fffffffe x12=10000074 x12:10000070  PA:10000070
20432525ns          340602 1c008196 2078788b p.lw             x17, x7(x16!)       x17=ffffffe8 x16=10000188  x7:00000020 x16:10000168  PA:10000168
20432565ns          340604 1c00819a 43130733 p.mac            x14, x6, x17        x14=00000040 x14:00000010  x6:fffffffe x17:ffffffe8
20432585ns          340605 1c008192 0046230b p.lw             x6, 4(x12!)          x6=fffffffd x12=10000078 x12:10000074  PA:10000074
20432605ns          340606 1c008196 2078788b p.lw             x17, x7(x16!)       x17=ffffffe0 x16=100001a8  x7:00000020 x16:10000188  PA:10000188
20432644ns          340608 1c00819a 43130733 p.mac            x14, x6, x17        x14=000000a0 x14:00000040  x6:fffffffd x17:ffffffe0
20432664ns          340609 1c008192 0046230b p.lw             x6, 4(x12!)          x6=fffffffc x12=1000007c x12:10000078  PA:10000078
20432684ns          340610 1c008196 2078788b p.lw             x17, x7(x16!)       x17=ffffffd8 x16=100001c8  x7:00000020 x16:100001a8  PA:100001a8
20432724ns          340612 1c00819a 43130733 p.mac            x14, x6, x17        x14=00000140 x14:000000a0  x6:fffffffc x17:ffffffd8
20432744ns          340613 1c008192 0046230b p.lw             x6, 4(x12!)          x6=fffffffb x12=10000080 x12:1000007c  PA:1000007c
20432764ns          340614 1c008196 2078788b p.lw             x17, x7(x16!)       x17=ffffffd0 x16=100001e8  x7:00000020 x16:100001c8  PA:100001c8
20432804ns          340616 1c00819a 43130733 p.mac            x14, x6, x17        x14=00000230 x14:00000140  x6:fffffffb x17:ffffffd0
20432823ns          340617 1c008192 0046230b p.lw             x6, 4(x12!)          x6=fffffffa x12=10000084 x12:10000080  PA:10000080
20432843ns          340618 1c008196 2078788b p.lw             x17, x7(x16!)       x17=ffffffc8 x16=10000208  x7:00000020 x16:100001e8  PA:100001e8
20432883ns          340620 1c00819a 43130733 p.mac            x14, x6, x17        x14=00000380 x14:00000230  x6:fffffffa x17:ffffffc8
20432903ns          340621 1c00819e 00ef222b p.sw             x14, 4(x30!)        x30=1000056c x14:00000380 x30:10000568  PA:10000568
20432923ns          340622 1c0081a2 004e8e93 addi             x29, x29, 4         x29=1000010c x29:10000108
20432963ns          340624 1c00817e 40af87b3 sub              x15, x31, x10       x15=00000020 x31:10000084 x10:10000064
20432983ns          340625 1c008182 ffc78793 addi             x15, x15, -4        x15=0000001c x15:00000020
20433002ns          340626 1c008184 0027d793 srli             x15, x15, 0x2       x15=00000007 x15:0000001c
20433022ns          340627 1c008186 01d00833 add              x16, x0, x29        x16=1000010c x29:1000010c
20433042ns          340628 1c008188 00a00633 add              x12, x0, x10        x12=10000064 x10:10000064
20433062ns          340629 1c00818a 00000713 addi             x14, x0, 0          x14=00000000
20433082ns          340630 1c00818c 00178793 addi             x15, x15, 1         x15=00000008 x15:00000007
20433102ns          340631 1c00818e 0067c0fb lp.setup         0x1, x15, 0x6       x15:00000008
20433122ns          340632 1c008192 0046230b p.lw             x6, 4(x12!)          x6=00000001 x12=10000068 x12:10000064  PA:10000064
20433142ns          340633 1c008196 2078788b p.lw             x17, x7(x16!)       x17=ffffffff x16=1000012c  x7:00000020 x16:1000010c  PA:1000010c
20433181ns          340635 1c00819a 43130733 p.mac            x14, x6, x17        x14=ffffffff x14:00000000  x6:00000001 x17:ffffffff
20433201ns          340636 1c008192 0046230b p.lw             x6, 4(x12!)          x6=00000000 x12=1000006c x12:10000068  PA:10000068
20433221ns          340637 1c008196 2078788b p.lw             x17, x7(x16!)       x17=fffffff7 x16=1000014c  x7:00000020 x16:1000012c  PA:1000012c
20433261ns          340639 1c00819a 43130733 p.mac            x14, x6, x17        x14=ffffffff x14:ffffffff  x6:00000000 x17:fffffff7
20433281ns          340640 1c008192 0046230b p.lw             x6, 4(x12!)          x6=ffffffff x12=10000070 x12:1000006c  PA:1000006c
20433301ns          340641 1c008196 2078788b p.lw             x17, x7(x16!)       x17=ffffffef x16=1000016c  x7:00000020 x16:1000014c  PA:1000014c
20433341ns          340643 1c00819a 43130733 p.mac            x14, x6, x17        x14=00000010 x14:ffffffff  x6:ffffffff x17:ffffffef
20433360ns          340644 1c008192 0046230b p.lw             x6, 4(x12!)          x6=fffffffe x12=10000074 x12:10000070  PA:10000070
20433380ns          340645 1c008196 2078788b p.lw             x17, x7(x16!)       x17=ffffffe7 x16=1000018c  x7:00000020 x16:1000016c  PA:1000016c
20433420ns          340647 1c00819a 43130733 p.mac            x14, x6, x17        x14=00000042 x14:00000010  x6:fffffffe x17:ffffffe7
20433440ns          340648 1c008192 0046230b p.lw             x6, 4(x12!)          x6=fffffffd x12=10000078 x12:10000074  PA:10000074
20433460ns          340649 1c008196 2078788b p.lw             x17, x7(x16!)       x17=ffffffdf x16=100001ac  x7:00000020 x16:1000018c  PA:1000018c
20433500ns          340651 1c00819a 43130733 p.mac            x14, x6, x17        x14=000000a5 x14:00000042  x6:fffffffd x17:ffffffdf
20433520ns          340652 1c008192 0046230b p.lw             x6, 4(x12!)          x6=fffffffc x12=1000007c x12:10000078  PA:10000078
20433539ns          340653 1c008196 2078788b p.lw             x17, x7(x16!)       x17=ffffffd7 x16=100001cc  x7:00000020 x16:100001ac  PA:100001ac
20433579ns          340655 1c00819a 43130733 p.mac            x14, x6, x17        x14=00000149 x14:000000a5  x6:fffffffc x17:ffffffd7
20433599ns          340656 1c008192 0046230b p.lw             x6, 4(x12!)          x6=fffffffb x12=10000080 x12:1000007c  PA:1000007c
20433619ns          340657 1c008196 2078788b p.lw             x17, x7(x16!)       x17=ffffffcf x16=100001ec  x7:00000020 x16:100001cc  PA:100001cc
20433659ns          340659 1c00819a 43130733 p.mac            x14, x6, x17        x14=0000023e x14:00000149  x6:fffffffb x17:ffffffcf
20433679ns          340660 1c008192 0046230b p.lw             x6, 4(x12!)          x6=fffffffa x12=10000084 x12:10000080  PA:10000080
20433699ns          340661 1c008196 2078788b p.lw             x17, x7(x16!)       x17=ffffffc7 x16=1000020c  x7:00000020 x16:100001ec  PA:100001ec
20433738ns          340663 1c00819a 43130733 p.mac            x14, x6, x17        x14=00000394 x14:0000023e  x6:fffffffa x17:ffffffc7
20433758ns          340664 1c00819e 00ef222b p.sw             x14, 4(x30!)        x30=10000570 x14:00000394 x30:1000056c  PA:1000056c
20433778ns          340665 1c0081a2 004e8e93 addi             x29, x29, 4         x29=10000110 x29:1000010c
20433818ns          340667 1c00817e 40af87b3 sub              x15, x31, x10       x15=00000020 x31:10000084 x10:10000064
20433838ns          340668 1c008182 ffc78793 addi             x15, x15, -4        x15=0000001c x15:00000020
20433858ns          340669 1c008184 0027d793 srli             x15, x15, 0x2       x15=00000007 x15:0000001c
20433878ns          340670 1c008186 01d00833 add              x16, x0, x29        x16=10000110 x29:10000110
20433898ns          340671 1c008188 00a00633 add              x12, x0, x10        x12=10000064 x10:10000064
20433917ns          340672 1c00818a 00000713 addi             x14, x0, 0          x14=00000000
20433937ns          340673 1c00818c 00178793 addi             x15, x15, 1         x15=00000008 x15:00000007
20433957ns          340674 1c00818e 0067c0fb lp.setup         0x1, x15, 0x6       x15:00000008
20433977ns          340675 1c008192 0046230b p.lw             x6, 4(x12!)          x6=00000001 x12=10000068 x12:10000064  PA:10000064
20433997ns          340676 1c008196 2078788b p.lw             x17, x7(x16!)       x17=fffffffe x16=10000130  x7:00000020 x16:10000110  PA:10000110
20434037ns          340678 1c00819a 43130733 p.mac            x14, x6, x17        x14=fffffffe x14:00000000  x6:00000001 x17:fffffffe
20434057ns          340679 1c008192 0046230b p.lw             x6, 4(x12!)          x6=00000000 x12=1000006c x12:10000068  PA:10000068
20434077ns          340680 1c008196 2078788b p.lw             x17, x7(x16!)       x17=fffffff6 x16=10000150  x7:00000020 x16:10000130  PA:10000130
20434116ns          340682 1c00819a 43130733 p.mac            x14, x6, x17        x14=fffffffe x14:fffffffe  x6:00000000 x17:fffffff6
20434136ns          340683 1c008192 0046230b p.lw             x6, 4(x12!)          x6=ffffffff x12=10000070 x12:1000006c  PA:1000006c
20434156ns          340684 1c008196 2078788b p.lw             x17, x7(x16!)       x17=ffffffee x16=10000170  x7:00000020 x16:10000150  PA:10000150
20434196ns          340686 1c00819a 43130733 p.mac            x14, x6, x17        x14=00000010 x14:fffffffe  x6:ffffffff x17:ffffffee
20434216ns          340687 1c008192 0046230b p.lw             x6, 4(x12!)          x6=fffffffe x12=10000074 x12:10000070  PA:10000070
20434236ns          340688 1c008196 2078788b p.lw             x17, x7(x16!)       x17=ffffffe6 x16=10000190  x7:00000020 x16:10000170  PA:10000170
20434275ns          340690 1c00819a 43130733 p.mac            x14, x6, x17        x14=00000044 x14:00000010  x6:fffffffe x17:ffffffe6
20434295ns          340691 1c008192 0046230b p.lw             x6, 4(x12!)          x6=fffffffd x12=10000078 x12:10000074  PA:10000074
20434315ns          340692 1c008196 2078788b p.lw             x17, x7(x16!)       x17=ffffffde x16=100001b0  x7:00000020 x16:10000190  PA:10000190
20434355ns          340694 1c00819a 43130733 p.mac            x14, x6, x17        x14=000000aa x14:00000044  x6:fffffffd x17:ffffffde
20434375ns          340695 1c008192 0046230b p.lw             x6, 4(x12!)          x6=fffffffc x12=1000007c x12:10000078  PA:10000078
20434395ns          340696 1c008196 2078788b p.lw             x17, x7(x16!)       x17=ffffffd6 x16=100001d0  x7:00000020 x16:100001b0  PA:100001b0
20434435ns          340698 1c00819a 43130733 p.mac            x14, x6, x17        x14=00000152 x14:000000aa  x6:fffffffc x17:ffffffd6
20434454ns          340699 1c008192 0046230b p.lw             x6, 4(x12!)          x6=fffffffb x12=10000080 x12:1000007c  PA:1000007c
20434474ns          340700 1c008196 2078788b p.lw             x17, x7(x16!)       x17=ffffffce x16=100001f0  x7:00000020 x16:100001d0  PA:100001d0
20434514ns          340702 1c00819a 43130733 p.mac            x14, x6, x17        x14=0000024c x14:00000152  x6:fffffffb x17:ffffffce
20434534ns          340703 1c008192 0046230b p.lw             x6, 4(x12!)          x6=fffffffa x12=10000084 x12:10000080  PA:10000080
20434554ns          340704 1c008196 2078788b p.lw             x17, x7(x16!)       x17=ffffffc6 x16=10000210  x7:00000020 x16:100001f0  PA:100001f0
20434594ns          340706 1c00819a 43130733 p.mac            x14, x6, x17        x14=000003a8 x14:0000024c  x6:fffffffa x17:ffffffc6
20434614ns          340707 1c00819e 00ef222b p.sw             x14, 4(x30!)        x30=10000574 x14:000003a8 x30:10000570  PA:10000570
20434633ns          340708 1c0081a2 004e8e93 addi             x29, x29, 4         x29=10000114 x29:10000110
20434673ns          340710 1c00817e 40af87b3 sub              x15, x31, x10       x15=00000020 x31:10000084 x10:10000064
20434693ns          340711 1c008182 ffc78793 addi             x15, x15, -4        x15=0000001c x15:00000020
20434713ns          340712 1c008184 0027d793 srli             x15, x15, 0x2       x15=00000007 x15:0000001c
20434733ns          340713 1c008186 01d00833 add              x16, x0, x29        x16=10000114 x29:10000114
20434753ns          340714 1c008188 00a00633 add              x12, x0, x10        x12=10000064 x10:10000064
20434773ns          340715 1c00818a 00000713 addi             x14, x0, 0          x14=00000000
20434793ns          340716 1c00818c 00178793 addi             x15, x15, 1         x15=00000008 x15:00000007
20434812ns          340717 1c00818e 0067c0fb lp.setup         0x1, x15, 0x6       x15:00000008
20434832ns          340718 1c008192 0046230b p.lw             x6, 4(x12!)          x6=00000001 x12=10000068 x12:10000064  PA:10000064
20434852ns          340719 1c008196 2078788b p.lw             x17, x7(x16!)       x17=fffffffd x16=10000134  x7:00000020 x16:10000114  PA:10000114
20434892ns          340721 1c00819a 43130733 p.mac            x14, x6, x17        x14=fffffffd x14:00000000  x6:00000001 x17:fffffffd
20434912ns          340722 1c008192 0046230b p.lw             x6, 4(x12!)          x6=00000000 x12=1000006c x12:10000068  PA:10000068
20434932ns          340723 1c008196 2078788b p.lw             x17, x7(x16!)       x17=fffffff5 x16=10000154  x7:00000020 x16:10000134  PA:10000134
20434972ns          340725 1c00819a 43130733 p.mac            x14, x6, x17        x14=fffffffd x14:fffffffd  x6:00000000 x17:fffffff5
20434991ns          340726 1c008192 0046230b p.lw             x6, 4(x12!)          x6=ffffffff x12=10000070 x12:1000006c  PA:1000006c
20435011ns          340727 1c008196 2078788b p.lw             x17, x7(x16!)       x17=ffffffed x16=10000174  x7:00000020 x16:10000154  PA:10000154
20435051ns          340729 1c00819a 43130733 p.mac            x14, x6, x17        x14=00000010 x14:fffffffd  x6:ffffffff x17:ffffffed
20435071ns          340730 1c008192 0046230b p.lw             x6, 4(x12!)          x6=fffffffe x12=10000074 x12:10000070  PA:10000070
20435091ns          340731 1c008196 2078788b p.lw             x17, x7(x16!)       x17=ffffffe5 x16=10000194  x7:00000020 x16:10000174  PA:10000174
20435131ns          340733 1c00819a 43130733 p.mac            x14, x6, x17        x14=00000046 x14:00000010  x6:fffffffe x17:ffffffe5
20435151ns          340734 1c008192 0046230b p.lw             x6, 4(x12!)          x6=fffffffd x12=10000078 x12:10000074  PA:10000074
20435171ns          340735 1c008196 2078788b p.lw             x17, x7(x16!)       x17=ffffffdd x16=100001b4  x7:00000020 x16:10000194  PA:10000194
20435210ns          340737 1c00819a 43130733 p.mac            x14, x6, x17        x14=000000af x14:00000046  x6:fffffffd x17:ffffffdd
20435230ns          340738 1c008192 0046230b p.lw             x6, 4(x12!)          x6=fffffffc x12=1000007c x12:10000078  PA:10000078
20435250ns          340739 1c008196 2078788b p.lw             x17, x7(x16!)       x17=ffffffd5 x16=100001d4  x7:00000020 x16:100001b4  PA:100001b4
20435290ns          340741 1c00819a 43130733 p.mac            x14, x6, x17        x14=0000015b x14:000000af  x6:fffffffc x17:ffffffd5
20435310ns          340742 1c008192 0046230b p.lw             x6, 4(x12!)          x6=fffffffb x12=10000080 x12:1000007c  PA:1000007c
20435330ns          340743 1c008196 2078788b p.lw             x17, x7(x16!)       x17=ffffffcd x16=100001f4  x7:00000020 x16:100001d4  PA:100001d4
20435369ns          340745 1c00819a 43130733 p.mac            x14, x6, x17        x14=0000025a x14:0000015b  x6:fffffffb x17:ffffffcd
20435389ns          340746 1c008192 0046230b p.lw             x6, 4(x12!)          x6=fffffffa x12=10000084 x12:10000080  PA:10000080
20435409ns          340747 1c008196 2078788b p.lw             x17, x7(x16!)       x17=ffffffc5 x16=10000214  x7:00000020 x16:100001f4  PA:100001f4
20435449ns          340749 1c00819a 43130733 p.mac            x14, x6, x17        x14=000003bc x14:0000025a  x6:fffffffa x17:ffffffc5
20435469ns          340750 1c00819e 00ef222b p.sw             x14, 4(x30!)        x30=10000578 x14:000003bc x30:10000574  PA:10000574
20435489ns          340751 1c0081a2 004e8e93 addi             x29, x29, 4         x29=10000118 x29:10000114
20435529ns          340753 1c00817e 40af87b3 sub              x15, x31, x10       x15=00000020 x31:10000084 x10:10000064
20435548ns          340754 1c008182 ffc78793 addi             x15, x15, -4        x15=0000001c x15:00000020
20435568ns          340755 1c008184 0027d793 srli             x15, x15, 0x2       x15=00000007 x15:0000001c
20435588ns          340756 1c008186 01d00833 add              x16, x0, x29        x16=10000118 x29:10000118
20435608ns          340757 1c008188 00a00633 add              x12, x0, x10        x12=10000064 x10:10000064
20435628ns          340758 1c00818a 00000713 addi             x14, x0, 0          x14=00000000
20435648ns          340759 1c00818c 00178793 addi             x15, x15, 1         x15=00000008 x15:00000007
20435668ns          340760 1c00818e 0067c0fb lp.setup         0x1, x15, 0x6       x15:00000008
20435688ns          340761 1c008192 0046230b p.lw             x6, 4(x12!)          x6=00000001 x12=10000068 x12:10000064  PA:10000064
20435708ns          340762 1c008196 2078788b p.lw             x17, x7(x16!)       x17=fffffffc x16=10000138  x7:00000020 x16:10000118  PA:10000118
20435747ns          340764 1c00819a 43130733 p.mac            x14, x6, x17        x14=fffffffc x14:00000000  x6:00000001 x17:fffffffc
20435767ns          340765 1c008192 0046230b p.lw             x6, 4(x12!)          x6=00000000 x12=1000006c x12:10000068  PA:10000068
20435787ns          340766 1c008196 2078788b p.lw             x17, x7(x16!)       x17=fffffff4 x16=10000158  x7:00000020 x16:10000138  PA:10000138
20435827ns          340768 1c00819a 43130733 p.mac            x14, x6, x17        x14=fffffffc x14:fffffffc  x6:00000000 x17:fffffff4
20435847ns          340769 1c008192 0046230b p.lw             x6, 4(x12!)          x6=ffffffff x12=10000070 x12:1000006c  PA:1000006c
20435867ns          340770 1c008196 2078788b p.lw             x17, x7(x16!)       x17=ffffffec x16=10000178  x7:00000020 x16:10000158  PA:10000158
20435906ns          340772 1c00819a 43130733 p.mac            x14, x6, x17        x14=00000010 x14:fffffffc  x6:ffffffff x17:ffffffec
20435926ns          340773 1c008192 0046230b p.lw             x6, 4(x12!)          x6=fffffffe x12=10000074 x12:10000070  PA:10000070
20435946ns          340774 1c008196 2078788b p.lw             x17, x7(x16!)       x17=ffffffe4 x16=10000198  x7:00000020 x16:10000178  PA:10000178
20435986ns          340776 1c00819a 43130733 p.mac            x14, x6, x17        x14=00000048 x14:00000010  x6:fffffffe x17:ffffffe4
20436006ns          340777 1c008192 0046230b p.lw             x6, 4(x12!)          x6=fffffffd x12=10000078 x12:10000074  PA:10000074
20436026ns          340778 1c008196 2078788b p.lw             x17, x7(x16!)       x17=ffffffdc x16=100001b8  x7:00000020 x16:10000198  PA:10000198
20436066ns          340780 1c00819a 43130733 p.mac            x14, x6, x17        x14=000000b4 x14:00000048  x6:fffffffd x17:ffffffdc
20436085ns          340781 1c008192 0046230b p.lw             x6, 4(x12!)          x6=fffffffc x12=1000007c x12:10000078  PA:10000078
20436105ns          340782 1c008196 2078788b p.lw             x17, x7(x16!)       x17=ffffffd4 x16=100001d8  x7:00000020 x16:100001b8  PA:100001b8
20436145ns          340784 1c00819a 43130733 p.mac            x14, x6, x17        x14=00000164 x14:000000b4  x6:fffffffc x17:ffffffd4
20436165ns          340785 1c008192 0046230b p.lw             x6, 4(x12!)          x6=fffffffb x12=10000080 x12:1000007c  PA:1000007c
20436185ns          340786 1c008196 2078788b p.lw             x17, x7(x16!)       x17=ffffffcc x16=100001f8  x7:00000020 x16:100001d8  PA:100001d8
20436225ns          340788 1c00819a 43130733 p.mac            x14, x6, x17        x14=00000268 x14:00000164  x6:fffffffb x17:ffffffcc
20436245ns          340789 1c008192 0046230b p.lw             x6, 4(x12!)          x6=fffffffa x12=10000084 x12:10000080  PA:10000080
20436265ns          340790 1c008196 2078788b p.lw             x17, x7(x16!)       x17=ffffffc4 x16=10000218  x7:00000020 x16:100001f8  PA:100001f8
20436304ns          340792 1c00819a 43130733 p.mac            x14, x6, x17        x14=000003d0 x14:00000268  x6:fffffffa x17:ffffffc4
20436324ns          340793 1c00819e 00ef222b p.sw             x14, 4(x30!)        x30=1000057c x14:000003d0 x30:10000578  PA:10000578
20436344ns          340794 1c0081a2 004e8e93 addi             x29, x29, 4         x29=1000011c x29:10000118
20436384ns          340796 1c00817e 40af87b3 sub              x15, x31, x10       x15=00000020 x31:10000084 x10:10000064
20436404ns          340797 1c008182 ffc78793 addi             x15, x15, -4        x15=0000001c x15:00000020
20436424ns          340798 1c008184 0027d793 srli             x15, x15, 0x2       x15=00000007 x15:0000001c
20436444ns          340799 1c008186 01d00833 add              x16, x0, x29        x16=1000011c x29:1000011c
20436463ns          340800 1c008188 00a00633 add              x12, x0, x10        x12=10000064 x10:10000064
20436483ns          340801 1c00818a 00000713 addi             x14, x0, 0          x14=00000000
20436503ns          340802 1c00818c 00178793 addi             x15, x15, 1         x15=00000008 x15:00000007
20436523ns          340803 1c00818e 0067c0fb lp.setup         0x1, x15, 0x6       x15:00000008
20436543ns          340804 1c008192 0046230b p.lw             x6, 4(x12!)          x6=00000001 x12=10000068 x12:10000064  PA:10000064
20436563ns          340805 1c008196 2078788b p.lw             x17, x7(x16!)       x17=fffffffb x16=1000013c  x7:00000020 x16:1000011c  PA:1000011c
20436603ns          340807 1c00819a 43130733 p.mac            x14, x6, x17        x14=fffffffb x14:00000000  x6:00000001 x17:fffffffb
20436623ns          340808 1c008192 0046230b p.lw             x6, 4(x12!)          x6=00000000 x12=1000006c x12:10000068  PA:10000068
20436642ns          340809 1c008196 2078788b p.lw             x17, x7(x16!)       x17=fffffff3 x16=1000015c  x7:00000020 x16:1000013c  PA:1000013c
20436682ns          340811 1c00819a 43130733 p.mac            x14, x6, x17        x14=fffffffb x14:fffffffb  x6:00000000 x17:fffffff3
20436702ns          340812 1c008192 0046230b p.lw             x6, 4(x12!)          x6=ffffffff x12=10000070 x12:1000006c  PA:1000006c
20436722ns          340813 1c008196 2078788b p.lw             x17, x7(x16!)       x17=ffffffeb x16=1000017c  x7:00000020 x16:1000015c  PA:1000015c
20436762ns          340815 1c00819a 43130733 p.mac            x14, x6, x17        x14=00000010 x14:fffffffb  x6:ffffffff x17:ffffffeb
20436782ns          340816 1c008192 0046230b p.lw             x6, 4(x12!)          x6=fffffffe x12=10000074 x12:10000070  PA:10000070
20436802ns          340817 1c008196 2078788b p.lw             x17, x7(x16!)       x17=ffffffe3 x16=1000019c  x7:00000020 x16:1000017c  PA:1000017c
20436841ns          340819 1c00819a 43130733 p.mac            x14, x6, x17        x14=0000004a x14:00000010  x6:fffffffe x17:ffffffe3
20436861ns          340820 1c008192 0046230b p.lw             x6, 4(x12!)          x6=fffffffd x12=10000078 x12:10000074  PA:10000074
20436881ns          340821 1c008196 2078788b p.lw             x17, x7(x16!)       x17=ffffffdb x16=100001bc  x7:00000020 x16:1000019c  PA:1000019c
20436921ns          340823 1c00819a 43130733 p.mac            x14, x6, x17        x14=000000b9 x14:0000004a  x6:fffffffd x17:ffffffdb
20436941ns          340824 1c008192 0046230b p.lw             x6, 4(x12!)          x6=fffffffc x12=1000007c x12:10000078  PA:10000078
20436961ns          340825 1c008196 2078788b p.lw             x17, x7(x16!)       x17=ffffffd3 x16=100001dc  x7:00000020 x16:100001bc  PA:100001bc
20437000ns          340827 1c00819a 43130733 p.mac            x14, x6, x17        x14=0000016d x14:000000b9  x6:fffffffc x17:ffffffd3
20437020ns          340828 1c008192 0046230b p.lw             x6, 4(x12!)          x6=fffffffb x12=10000080 x12:1000007c  PA:1000007c
20437040ns          340829 1c008196 2078788b p.lw             x17, x7(x16!)       x17=ffffffcb x16=100001fc  x7:00000020 x16:100001dc  PA:100001dc
20437080ns          340831 1c00819a 43130733 p.mac            x14, x6, x17        x14=00000276 x14:0000016d  x6:fffffffb x17:ffffffcb
20437100ns          340832 1c008192 0046230b p.lw             x6, 4(x12!)          x6=fffffffa x12=10000084 x12:10000080  PA:10000080
20437120ns          340833 1c008196 2078788b p.lw             x17, x7(x16!)       x17=ffffffc3 x16=1000021c  x7:00000020 x16:100001fc  PA:100001fc
20437160ns          340835 1c00819a 43130733 p.mac            x14, x6, x17        x14=000003e4 x14:00000276  x6:fffffffa x17:ffffffc3
20437179ns          340836 1c00819e 00ef222b p.sw             x14, 4(x30!)        x30=10000580 x14:000003e4 x30:1000057c  PA:1000057c
20437199ns          340837 1c0081a2 004e8e93 addi             x29, x29, 4         x29=10000120 x29:1000011c
20437239ns          340839 1c00817e 40af87b3 sub              x15, x31, x10       x15=00000020 x31:10000084 x10:10000064
20437259ns          340840 1c008182 ffc78793 addi             x15, x15, -4        x15=0000001c x15:00000020
20437279ns          340841 1c008184 0027d793 srli             x15, x15, 0x2       x15=00000007 x15:0000001c
20437299ns          340842 1c008186 01d00833 add              x16, x0, x29        x16=10000120 x29:10000120
20437319ns          340843 1c008188 00a00633 add              x12, x0, x10        x12=10000064 x10:10000064
20437339ns          340844 1c00818a 00000713 addi             x14, x0, 0          x14=00000000
20437358ns          340845 1c00818c 00178793 addi             x15, x15, 1         x15=00000008 x15:00000007
20437378ns          340846 1c00818e 0067c0fb lp.setup         0x1, x15, 0x6       x15:00000008
20437398ns          340847 1c008192 0046230b p.lw             x6, 4(x12!)          x6=00000001 x12=10000068 x12:10000064  PA:10000064
20437418ns          340848 1c008196 2078788b p.lw             x17, x7(x16!)       x17=fffffffa x16=10000140  x7:00000020 x16:10000120  PA:10000120
20437458ns          340850 1c00819a 43130733 p.mac            x14, x6, x17        x14=fffffffa x14:00000000  x6:00000001 x17:fffffffa
20437478ns          340851 1c008192 0046230b p.lw             x6, 4(x12!)          x6=00000000 x12=1000006c x12:10000068  PA:10000068
20437498ns          340852 1c008196 2078788b p.lw             x17, x7(x16!)       x17=fffffff2 x16=10000160  x7:00000020 x16:10000140  PA:10000140
20437538ns          340854 1c00819a 43130733 p.mac            x14, x6, x17        x14=fffffffa x14:fffffffa  x6:00000000 x17:fffffff2
20437557ns          340855 1c008192 0046230b p.lw             x6, 4(x12!)          x6=ffffffff x12=10000070 x12:1000006c  PA:1000006c
20437577ns          340856 1c008196 2078788b p.lw             x17, x7(x16!)       x17=ffffffea x16=10000180  x7:00000020 x16:10000160  PA:10000160
20437617ns          340858 1c00819a 43130733 p.mac            x14, x6, x17        x14=00000010 x14:fffffffa  x6:ffffffff x17:ffffffea
20437637ns          340859 1c008192 0046230b p.lw             x6, 4(x12!)          x6=fffffffe x12=10000074 x12:10000070  PA:10000070
20437657ns          340860 1c008196 2078788b p.lw             x17, x7(x16!)       x17=ffffffe2 x16=100001a0  x7:00000020 x16:10000180  PA:10000180
20437697ns          340862 1c00819a 43130733 p.mac            x14, x6, x17        x14=0000004c x14:00000010  x6:fffffffe x17:ffffffe2
20437717ns          340863 1c008192 0046230b p.lw             x6, 4(x12!)          x6=fffffffd x12=10000078 x12:10000074  PA:10000074
20437736ns          340864 1c008196 2078788b p.lw             x17, x7(x16!)       x17=ffffffda x16=100001c0  x7:00000020 x16:100001a0  PA:100001a0
20437776ns          340866 1c00819a 43130733 p.mac            x14, x6, x17        x14=000000be x14:0000004c  x6:fffffffd x17:ffffffda
20437796ns          340867 1c008192 0046230b p.lw             x6, 4(x12!)          x6=fffffffc x12=1000007c x12:10000078  PA:10000078
20437816ns          340868 1c008196 2078788b p.lw             x17, x7(x16!)       x17=ffffffd2 x16=100001e0  x7:00000020 x16:100001c0  PA:100001c0
20437856ns          340870 1c00819a 43130733 p.mac            x14, x6, x17        x14=00000176 x14:000000be  x6:fffffffc x17:ffffffd2
20437876ns          340871 1c008192 0046230b p.lw             x6, 4(x12!)          x6=fffffffb x12=10000080 x12:1000007c  PA:1000007c
20437896ns          340872 1c008196 2078788b p.lw             x17, x7(x16!)       x17=ffffffca x16=10000200  x7:00000020 x16:100001e0  PA:100001e0
20437935ns          340874 1c00819a 43130733 p.mac            x14, x6, x17        x14=00000284 x14:00000176  x6:fffffffb x17:ffffffca
20437955ns          340875 1c008192 0046230b p.lw             x6, 4(x12!)          x6=fffffffa x12=10000084 x12:10000080  PA:10000080
20437975ns          340876 1c008196 2078788b p.lw             x17, x7(x16!)       x17=ffffffc2 x16=10000220  x7:00000020 x16:10000200  PA:10000200
20438015ns          340878 1c00819a 43130733 p.mac            x14, x6, x17        x14=000003f8 x14:00000284  x6:fffffffa x17:ffffffc2
20438035ns          340879 1c00819e 00ef222b p.sw             x14, 4(x30!)        x30=10000584 x14:000003f8 x30:10000580  PA:10000580
20438055ns          340880 1c0081a2 004e8e93 addi             x29, x29, 4         x29=10000124 x29:10000120
20438075ns          340881 1c0081a4 00128293 addi             x5, x5, 1            x5=00000004  x5:00000003
20438094ns          340882 1c0081a6 00750533 add              x10, x10, x7        x10=10000084 x10:10000064  x7:00000020
20438114ns          340883 1c0081a8 007f8fb3 add              x31, x31, x7        x31=100000a4 x31:10000084  x7:00000020
20438134ns          340884 1c0081aa fa569fe3 bne              x13, x5, -66        x13:00000008  x5:00000004
20438194ns          340887 1c008168 40b48e33 sub              x28, x9, x11        x28=00000020  x9:10000124 x11:10000104
20438214ns          340888 1c00816c ffce0e13 addi             x28, x28, -4        x28=0000001c x28:00000020
20438234ns          340889 1c00816e 002e5e13 srli             x28, x28, 0x2       x28=00000007 x28:0000001c
20438254ns          340890 1c008172 008f8f33 add              x30, x31, x8        x30=10000584 x31:100000a4  x8:000004e0
20438273ns          340891 1c008176 00b00eb3 add              x29, x0, x11        x29=10000104 x11:10000104
20438293ns          340892 1c008178 001e0e13 addi             x28, x28, 1         x28=00000008 x28:00000007
20438313ns          340893 1c00817a 014e407b lp.setup         0x0, x28, 0x14      x28:00000008
20438333ns          340894 1c00817e 40af87b3 sub              x15, x31, x10       x15=00000020 x31:100000a4 x10:10000084
20438353ns          340895 1c008182 ffc78793 addi             x15, x15, -4        x15=0000001c x15:00000020
20438373ns          340896 1c008184 0027d793 srli             x15, x15, 0x2       x15=00000007 x15:0000001c
20438393ns          340897 1c008186 01d00833 add              x16, x0, x29        x16=10000104 x29:10000104
20438413ns          340898 1c008188 00a00633 add              x12, x0, x10        x12=10000084 x10:10000084
20438433ns          340899 1c00818a 00000713 addi             x14, x0, 0          x14=00000000
20438452ns          340900 1c00818c 00178793 addi             x15, x15, 1         x15=00000008 x15:00000007
20438472ns          340901 1c00818e 0067c0fb lp.setup         0x1, x15, 0x6       x15:00000008
20438492ns          340902 1c008192 0046230b p.lw             x6, 4(x12!)          x6=fffffff9 x12=10000088 x12:10000084  PA:10000084
20438512ns          340903 1c008196 2078788b p.lw             x17, x7(x16!)       x17=00000001 x16=10000124  x7:00000020 x16:10000104  PA:10000104
20438552ns          340905 1c00819a 43130733 p.mac            x14, x6, x17        x14=fffffff9 x14:00000000  x6:fffffff9 x17:00000001
20438572ns          340906 1c008192 0046230b p.lw             x6, 4(x12!)          x6=fffffff8 x12=1000008c x12:10000088  PA:10000088
20438592ns          340907 1c008196 2078788b p.lw             x17, x7(x16!)       x17=fffffff9 x16=10000144  x7:00000020 x16:10000124  PA:10000124
20438631ns          340909 1c00819a 43130733 p.mac            x14, x6, x17        x14=00000031 x14:fffffff9  x6:fffffff8 x17:fffffff9
20438651ns          340910 1c008192 0046230b p.lw             x6, 4(x12!)          x6=fffffff7 x12=10000090 x12:1000008c  PA:1000008c
20438671ns          340911 1c008196 2078788b p.lw             x17, x7(x16!)       x17=fffffff1 x16=10000164  x7:00000020 x16:10000144  PA:10000144
20438711ns          340913 1c00819a 43130733 p.mac            x14, x6, x17        x14=000000b8 x14:00000031  x6:fffffff7 x17:fffffff1
20438731ns          340914 1c008192 0046230b p.lw             x6, 4(x12!)          x6=fffffff6 x12=10000094 x12:10000090  PA:10000090
20438751ns          340915 1c008196 2078788b p.lw             x17, x7(x16!)       x17=ffffffe9 x16=10000184  x7:00000020 x16:10000164  PA:10000164
20438791ns          340917 1c00819a 43130733 p.mac            x14, x6, x17        x14=0000019e x14:000000b8  x6:fffffff6 x17:ffffffe9
20438811ns          340918 1c008192 0046230b p.lw             x6, 4(x12!)          x6=fffffff5 x12=10000098 x12:10000094  PA:10000094
20438830ns          340919 1c008196 2078788b p.lw             x17, x7(x16!)       x17=ffffffe1 x16=100001a4  x7:00000020 x16:10000184  PA:10000184
20438870ns          340921 1c00819a 43130733 p.mac            x14, x6, x17        x14=000002f3 x14:0000019e  x6:fffffff5 x17:ffffffe1
20438890ns          340922 1c008192 0046230b p.lw             x6, 4(x12!)          x6=fffffff4 x12=1000009c x12:10000098  PA:10000098
20438910ns          340923 1c008196 2078788b p.lw             x17, x7(x16!)       x17=ffffffd9 x16=100001c4  x7:00000020 x16:100001a4  PA:100001a4
20438950ns          340925 1c00819a 43130733 p.mac            x14, x6, x17        x14=000004c7 x14:000002f3  x6:fffffff4 x17:ffffffd9
20438970ns          340926 1c008192 0046230b p.lw             x6, 4(x12!)          x6=fffffff3 x12=100000a0 x12:1000009c  PA:1000009c
20438990ns          340927 1c008196 2078788b p.lw             x17, x7(x16!)       x17=ffffffd1 x16=100001e4  x7:00000020 x16:100001c4  PA:100001c4
20439029ns          340929 1c00819a 43130733 p.mac            x14, x6, x17        x14=0000072a x14:000004c7  x6:fffffff3 x17:ffffffd1
20439049ns          340930 1c008192 0046230b p.lw             x6, 4(x12!)          x6=fffffff2 x12=100000a4 x12:100000a0  PA:100000a0
20439069ns          340931 1c008196 2078788b p.lw             x17, x7(x16!)       x17=ffffffc9 x16=10000204  x7:00000020 x16:100001e4  PA:100001e4
20439109ns          340933 1c00819a 43130733 p.mac            x14, x6, x17        x14=00000a2c x14:0000072a  x6:fffffff2 x17:ffffffc9
20439129ns          340934 1c00819e 00ef222b p.sw             x14, 4(x30!)        x30=10000588 x14:00000a2c x30:10000584  PA:10000584
20439149ns          340935 1c0081a2 004e8e93 addi             x29, x29, 4         x29=10000108 x29:10000104
20439188ns          340937 1c00817e 40af87b3 sub              x15, x31, x10       x15=00000020 x31:100000a4 x10:10000084
20439208ns          340938 1c008182 ffc78793 addi             x15, x15, -4        x15=0000001c x15:00000020
20439228ns          340939 1c008184 0027d793 srli             x15, x15, 0x2       x15=00000007 x15:0000001c
20439248ns          340940 1c008186 01d00833 add              x16, x0, x29        x16=10000108 x29:10000108
20439268ns          340941 1c008188 00a00633 add              x12, x0, x10        x12=10000084 x10:10000084
20439288ns          340942 1c00818a 00000713 addi             x14, x0, 0          x14=00000000
20439308ns          340943 1c00818c 00178793 addi             x15, x15, 1         x15=00000008 x15:00000007
20439328ns          340944 1c00818e 0067c0fb lp.setup         0x1, x15, 0x6       x15:00000008
20439348ns          340945 1c008192 0046230b p.lw             x6, 4(x12!)          x6=fffffff9 x12=10000088 x12:10000084  PA:10000084
20439367ns          340946 1c008196 2078788b p.lw             x17, x7(x16!)       x17=00000000 x16=10000128  x7:00000020 x16:10000108  PA:10000108
20439407ns          340948 1c00819a 43130733 p.mac            x14, x6, x17        x14=00000000 x14:00000000  x6:fffffff9 x17:00000000
20439427ns          340949 1c008192 0046230b p.lw             x6, 4(x12!)          x6=fffffff8 x12=1000008c x12:10000088  PA:10000088
20439447ns          340950 1c008196 2078788b p.lw             x17, x7(x16!)       x17=fffffff8 x16=10000148  x7:00000020 x16:10000128  PA:10000128
20439487ns          340952 1c00819a 43130733 p.mac            x14, x6, x17        x14=00000040 x14:00000000  x6:fffffff8 x17:fffffff8
20439507ns          340953 1c008192 0046230b p.lw             x6, 4(x12!)          x6=fffffff7 x12=10000090 x12:1000008c  PA:1000008c
20439527ns          340954 1c008196 2078788b p.lw             x17, x7(x16!)       x17=fffffff0 x16=10000168  x7:00000020 x16:10000148  PA:10000148
20439586ns          340957 1c00819a 43130733 p.mac            x14, x6, x17        x14=000000d0 x14:00000040  x6:fffffff7 x17:fffffff0
20439606ns          340958 1c008192 0046230b p.lw             x6, 4(x12!)          x6=fffffff6 x12=10000094 x12:10000090  PA:10000090
20439626ns          340959 1c008196 2078788b p.lw             x17, x7(x16!)       x17=ffffffe8 x16=10000188  x7:00000020 x16:10000168  PA:10000168
20439666ns          340961 1c00819a 43130733 p.mac            x14, x6, x17        x14=000001c0 x14:000000d0  x6:fffffff6 x17:ffffffe8
20439686ns          340962 1c008192 0046230b p.lw             x6, 4(x12!)          x6=fffffff5 x12=10000098 x12:10000094  PA:10000094
20439706ns          340963 1c008196 2078788b p.lw             x17, x7(x16!)       x17=ffffffe0 x16=100001a8  x7:00000020 x16:10000188  PA:10000188
20439745ns          340965 1c00819a 43130733 p.mac            x14, x6, x17        x14=00000320 x14:000001c0  x6:fffffff5 x17:ffffffe0
20439765ns          340966 1c008192 0046230b p.lw             x6, 4(x12!)          x6=fffffff4 x12=1000009c x12:10000098  PA:10000098
20439785ns          340967 1c008196 2078788b p.lw             x17, x7(x16!)       x17=ffffffd8 x16=100001c8  x7:00000020 x16:100001a8  PA:100001a8
20439825ns          340969 1c00819a 43130733 p.mac            x14, x6, x17        x14=00000500 x14:00000320  x6:fffffff4 x17:ffffffd8
20439845ns          340970 1c008192 0046230b p.lw             x6, 4(x12!)          x6=fffffff3 x12=100000a0 x12:1000009c  PA:1000009c
20439865ns          340971 1c008196 2078788b p.lw             x17, x7(x16!)       x17=ffffffd0 x16=100001e8  x7:00000020 x16:100001c8  PA:100001c8
20439905ns          340973 1c00819a 43130733 p.mac            x14, x6, x17        x14=00000770 x14:00000500  x6:fffffff3 x17:ffffffd0
20439924ns          340974 1c008192 0046230b p.lw             x6, 4(x12!)          x6=fffffff2 x12=100000a4 x12:100000a0  PA:100000a0
20439944ns          340975 1c008196 2078788b p.lw             x17, x7(x16!)       x17=ffffffc8 x16=10000208  x7:00000020 x16:100001e8  PA:100001e8
20439984ns          340977 1c00819a 43130733 p.mac            x14, x6, x17        x14=00000a80 x14:00000770  x6:fffffff2 x17:ffffffc8
20440004ns          340978 1c00819e 00ef222b p.sw             x14, 4(x30!)        x30=1000058c x14:00000a80 x30:10000588  PA:10000588
20440024ns          340979 1c0081a2 004e8e93 addi             x29, x29, 4         x29=1000010c x29:10000108
20440064ns          340981 1c00817e 40af87b3 sub              x15, x31, x10       x15=00000020 x31:100000a4 x10:10000084
20440084ns          340982 1c008182 ffc78793 addi             x15, x15, -4        x15=0000001c x15:00000020
20440103ns          340983 1c008184 0027d793 srli             x15, x15, 0x2       x15=00000007 x15:0000001c
20440123ns          340984 1c008186 01d00833 add              x16, x0, x29        x16=1000010c x29:1000010c
20440143ns          340985 1c008188 00a00633 add              x12, x0, x10        x12=10000084 x10:10000084
20440163ns          340986 1c00818a 00000713 addi             x14, x0, 0          x14=00000000
20440183ns          340987 1c00818c 00178793 addi             x15, x15, 1         x15=00000008 x15:00000007
20440203ns          340988 1c00818e 0067c0fb lp.setup         0x1, x15, 0x6       x15:00000008
20440223ns          340989 1c008192 0046230b p.lw             x6, 4(x12!)          x6=fffffff9 x12=10000088 x12:10000084  PA:10000084
20440243ns          340990 1c008196 2078788b p.lw             x17, x7(x16!)       x17=ffffffff x16=1000012c  x7:00000020 x16:1000010c  PA:1000010c
20440282ns          340992 1c00819a 43130733 p.mac            x14, x6, x17        x14=00000007 x14:00000000  x6:fffffff9 x17:ffffffff
20440302ns          340993 1c008192 0046230b p.lw             x6, 4(x12!)          x6=fffffff8 x12=1000008c x12:10000088  PA:10000088
20440322ns          340994 1c008196 2078788b p.lw             x17, x7(x16!)       x17=fffffff7 x16=1000014c  x7:00000020 x16:1000012c  PA:1000012c
20440362ns          340996 1c00819a 43130733 p.mac            x14, x6, x17        x14=0000004f x14:00000007  x6:fffffff8 x17:fffffff7
20440382ns          340997 1c008192 0046230b p.lw             x6, 4(x12!)          x6=fffffff7 x12=10000090 x12:1000008c  PA:1000008c
20440402ns          340998 1c008196 2078788b p.lw             x17, x7(x16!)       x17=ffffffef x16=1000016c  x7:00000020 x16:1000014c  PA:1000014c
20440442ns          341000 1c00819a 43130733 p.mac            x14, x6, x17        x14=000000e8 x14:0000004f  x6:fffffff7 x17:ffffffef
20440461ns          341001 1c008192 0046230b p.lw             x6, 4(x12!)          x6=fffffff6 x12=10000094 x12:10000090  PA:10000090
20440481ns          341002 1c008196 2078788b p.lw             x17, x7(x16!)       x17=ffffffe7 x16=1000018c  x7:00000020 x16:1000016c  PA:1000016c
20440521ns          341004 1c00819a 43130733 p.mac            x14, x6, x17        x14=000001e2 x14:000000e8  x6:fffffff6 x17:ffffffe7
20440541ns          341005 1c008192 0046230b p.lw             x6, 4(x12!)          x6=fffffff5 x12=10000098 x12:10000094  PA:10000094
20440561ns          341006 1c008196 2078788b p.lw             x17, x7(x16!)       x17=ffffffdf x16=100001ac  x7:00000020 x16:1000018c  PA:1000018c
20440601ns          341008 1c00819a 43130733 p.mac            x14, x6, x17        x14=0000034d x14:000001e2  x6:fffffff5 x17:ffffffdf
20440621ns          341009 1c008192 0046230b p.lw             x6, 4(x12!)          x6=fffffff4 x12=1000009c x12:10000098  PA:10000098
20440640ns          341010 1c008196 2078788b p.lw             x17, x7(x16!)       x17=ffffffd7 x16=100001cc  x7:00000020 x16:100001ac  PA:100001ac
20440680ns          341012 1c00819a 43130733 p.mac            x14, x6, x17        x14=00000539 x14:0000034d  x6:fffffff4 x17:ffffffd7
20440700ns          341013 1c008192 0046230b p.lw             x6, 4(x12!)          x6=fffffff3 x12=100000a0 x12:1000009c  PA:1000009c
20440720ns          341014 1c008196 2078788b p.lw             x17, x7(x16!)       x17=ffffffcf x16=100001ec  x7:00000020 x16:100001cc  PA:100001cc
20440760ns          341016 1c00819a 43130733 p.mac            x14, x6, x17        x14=000007b6 x14:00000539  x6:fffffff3 x17:ffffffcf
20440780ns          341017 1c008192 0046230b p.lw             x6, 4(x12!)          x6=fffffff2 x12=100000a4 x12:100000a0  PA:100000a0
20440800ns          341018 1c008196 2078788b p.lw             x17, x7(x16!)       x17=ffffffc7 x16=1000020c  x7:00000020 x16:100001ec  PA:100001ec
20440839ns          341020 1c00819a 43130733 p.mac            x14, x6, x17        x14=00000ad4 x14:000007b6  x6:fffffff2 x17:ffffffc7
20440859ns          341021 1c00819e 00ef222b p.sw             x14, 4(x30!)        x30=10000590 x14:00000ad4 x30:1000058c  PA:1000058c
20440879ns          341022 1c0081a2 004e8e93 addi             x29, x29, 4         x29=10000110 x29:1000010c
20440919ns          341024 1c00817e 40af87b3 sub              x15, x31, x10       x15=00000020 x31:100000a4 x10:10000084
20440939ns          341025 1c008182 ffc78793 addi             x15, x15, -4        x15=0000001c x15:00000020
20440959ns          341026 1c008184 0027d793 srli             x15, x15, 0x2       x15=00000007 x15:0000001c
20440979ns          341027 1c008186 01d00833 add              x16, x0, x29        x16=10000110 x29:10000110
20440998ns          341028 1c008188 00a00633 add              x12, x0, x10        x12=10000084 x10:10000084
20441018ns          341029 1c00818a 00000713 addi             x14, x0, 0          x14=00000000
20441038ns          341030 1c00818c 00178793 addi             x15, x15, 1         x15=00000008 x15:00000007
20441058ns          341031 1c00818e 0067c0fb lp.setup         0x1, x15, 0x6       x15:00000008
20441078ns          341032 1c008192 0046230b p.lw             x6, 4(x12!)          x6=fffffff9 x12=10000088 x12:10000084  PA:10000084
20441098ns          341033 1c008196 2078788b p.lw             x17, x7(x16!)       x17=fffffffe x16=10000130  x7:00000020 x16:10000110  PA:10000110
20441138ns          341035 1c00819a 43130733 p.mac            x14, x6, x17        x14=0000000e x14:00000000  x6:fffffff9 x17:fffffffe
20441158ns          341036 1c008192 0046230b p.lw             x6, 4(x12!)          x6=fffffff8 x12=1000008c x12:10000088  PA:10000088
20441178ns          341037 1c008196 2078788b p.lw             x17, x7(x16!)       x17=fffffff6 x16=10000150  x7:00000020 x16:10000130  PA:10000130
20441217ns          341039 1c00819a 43130733 p.mac            x14, x6, x17        x14=0000005e x14:0000000e  x6:fffffff8 x17:fffffff6
20441237ns          341040 1c008192 0046230b p.lw             x6, 4(x12!)          x6=fffffff7 x12=10000090 x12:1000008c  PA:1000008c
20441257ns          341041 1c008196 2078788b p.lw             x17, x7(x16!)       x17=ffffffee x16=10000170  x7:00000020 x16:10000150  PA:10000150
20441297ns          341043 1c00819a 43130733 p.mac            x14, x6, x17        x14=00000100 x14:0000005e  x6:fffffff7 x17:ffffffee
20441317ns          341044 1c008192 0046230b p.lw             x6, 4(x12!)          x6=fffffff6 x12=10000094 x12:10000090  PA:10000090
20441337ns          341045 1c008196 2078788b p.lw             x17, x7(x16!)       x17=ffffffe6 x16=10000190  x7:00000020 x16:10000170  PA:10000170
20441376ns          341047 1c00819a 43130733 p.mac            x14, x6, x17        x14=00000204 x14:00000100  x6:fffffff6 x17:ffffffe6
20441396ns          341048 1c008192 0046230b p.lw             x6, 4(x12!)          x6=fffffff5 x12=10000098 x12:10000094  PA:10000094
20441416ns          341049 1c008196 2078788b p.lw             x17, x7(x16!)       x17=ffffffde x16=100001b0  x7:00000020 x16:10000190  PA:10000190
20441456ns          341051 1c00819a 43130733 p.mac            x14, x6, x17        x14=0000037a x14:00000204  x6:fffffff5 x17:ffffffde
20441476ns          341052 1c008192 0046230b p.lw             x6, 4(x12!)          x6=fffffff4 x12=1000009c x12:10000098  PA:10000098
20441496ns          341053 1c008196 2078788b p.lw             x17, x7(x16!)       x17=ffffffd6 x16=100001d0  x7:00000020 x16:100001b0  PA:100001b0
20441536ns          341055 1c00819a 43130733 p.mac            x14, x6, x17        x14=00000572 x14:0000037a  x6:fffffff4 x17:ffffffd6
20441555ns          341056 1c008192 0046230b p.lw             x6, 4(x12!)          x6=fffffff3 x12=100000a0 x12:1000009c  PA:1000009c
20441575ns          341057 1c008196 2078788b p.lw             x17, x7(x16!)       x17=ffffffce x16=100001f0  x7:00000020 x16:100001d0  PA:100001d0
20441615ns          341059 1c00819a 43130733 p.mac            x14, x6, x17        x14=000007fc x14:00000572  x6:fffffff3 x17:ffffffce
20441635ns          341060 1c008192 0046230b p.lw             x6, 4(x12!)          x6=fffffff2 x12=100000a4 x12:100000a0  PA:100000a0
20441655ns          341061 1c008196 2078788b p.lw             x17, x7(x16!)       x17=ffffffc6 x16=10000210  x7:00000020 x16:100001f0  PA:100001f0
20441695ns          341063 1c00819a 43130733 p.mac            x14, x6, x17        x14=00000b28 x14:000007fc  x6:fffffff2 x17:ffffffc6
20441715ns          341064 1c00819e 00ef222b p.sw             x14, 4(x30!)        x30=10000594 x14:00000b28 x30:10000590  PA:10000590
20441734ns          341065 1c0081a2 004e8e93 addi             x29, x29, 4         x29=10000114 x29:10000110
20441774ns          341067 1c00817e 40af87b3 sub              x15, x31, x10       x15=00000020 x31:100000a4 x10:10000084
20441794ns          341068 1c008182 ffc78793 addi             x15, x15, -4        x15=0000001c x15:00000020
20441814ns          341069 1c008184 0027d793 srli             x15, x15, 0x2       x15=00000007 x15:0000001c
20441834ns          341070 1c008186 01d00833 add              x16, x0, x29        x16=10000114 x29:10000114
20441854ns          341071 1c008188 00a00633 add              x12, x0, x10        x12=10000084 x10:10000084
20441874ns          341072 1c00818a 00000713 addi             x14, x0, 0          x14=00000000
20441894ns          341073 1c00818c 00178793 addi             x15, x15, 1         x15=00000008 x15:00000007
20441913ns          341074 1c00818e 0067c0fb lp.setup         0x1, x15, 0x6       x15:00000008
20441933ns          341075 1c008192 0046230b p.lw             x6, 4(x12!)          x6=fffffff9 x12=10000088 x12:10000084  PA:10000084
20441953ns          341076 1c008196 2078788b p.lw             x17, x7(x16!)       x17=fffffffd x16=10000134  x7:00000020 x16:10000114  PA:10000114
20441993ns          341078 1c00819a 43130733 p.mac            x14, x6, x17        x14=00000015 x14:00000000  x6:fffffff9 x17:fffffffd
20442013ns          341079 1c008192 0046230b p.lw             x6, 4(x12!)          x6=fffffff8 x12=1000008c x12:10000088  PA:10000088
20442033ns          341080 1c008196 2078788b p.lw             x17, x7(x16!)       x17=fffffff5 x16=10000154  x7:00000020 x16:10000134  PA:10000134
20442073ns          341082 1c00819a 43130733 p.mac            x14, x6, x17        x14=0000006d x14:00000015  x6:fffffff8 x17:fffffff5
20442092ns          341083 1c008192 0046230b p.lw             x6, 4(x12!)          x6=fffffff7 x12=10000090 x12:1000008c  PA:1000008c
20442112ns          341084 1c008196 2078788b p.lw             x17, x7(x16!)       x17=ffffffed x16=10000174  x7:00000020 x16:10000154  PA:10000154
20442152ns          341086 1c00819a 43130733 p.mac            x14, x6, x17        x14=00000118 x14:0000006d  x6:fffffff7 x17:ffffffed
20442172ns          341087 1c008192 0046230b p.lw             x6, 4(x12!)          x6=fffffff6 x12=10000094 x12:10000090  PA:10000090
20442192ns          341088 1c008196 2078788b p.lw             x17, x7(x16!)       x17=ffffffe5 x16=10000194  x7:00000020 x16:10000174  PA:10000174
20442232ns          341090 1c00819a 43130733 p.mac            x14, x6, x17        x14=00000226 x14:00000118  x6:fffffff6 x17:ffffffe5
20442252ns          341091 1c008192 0046230b p.lw             x6, 4(x12!)          x6=fffffff5 x12=10000098 x12:10000094  PA:10000094
20442272ns          341092 1c008196 2078788b p.lw             x17, x7(x16!)       x17=ffffffdd x16=100001b4  x7:00000020 x16:10000194  PA:10000194
20442311ns          341094 1c00819a 43130733 p.mac            x14, x6, x17        x14=000003a7 x14:00000226  x6:fffffff5 x17:ffffffdd
20442331ns          341095 1c008192 0046230b p.lw             x6, 4(x12!)          x6=fffffff4 x12=1000009c x12:10000098  PA:10000098
20442351ns          341096 1c008196 2078788b p.lw             x17, x7(x16!)       x17=ffffffd5 x16=100001d4  x7:00000020 x16:100001b4  PA:100001b4
20442391ns          341098 1c00819a 43130733 p.mac            x14, x6, x17        x14=000005ab x14:000003a7  x6:fffffff4 x17:ffffffd5
20442411ns          341099 1c008192 0046230b p.lw             x6, 4(x12!)          x6=fffffff3 x12=100000a0 x12:1000009c  PA:1000009c
20442431ns          341100 1c008196 2078788b p.lw             x17, x7(x16!)       x17=ffffffcd x16=100001f4  x7:00000020 x16:100001d4  PA:100001d4
20442470ns          341102 1c00819a 43130733 p.mac            x14, x6, x17        x14=00000842 x14:000005ab  x6:fffffff3 x17:ffffffcd
20442490ns          341103 1c008192 0046230b p.lw             x6, 4(x12!)          x6=fffffff2 x12=100000a4 x12:100000a0  PA:100000a0
20442510ns          341104 1c008196 2078788b p.lw             x17, x7(x16!)       x17=ffffffc5 x16=10000214  x7:00000020 x16:100001f4  PA:100001f4
20442550ns          341106 1c00819a 43130733 p.mac            x14, x6, x17        x14=00000b7c x14:00000842  x6:fffffff2 x17:ffffffc5
20442570ns          341107 1c00819e 00ef222b p.sw             x14, 4(x30!)        x30=10000598 x14:00000b7c x30:10000594  PA:10000594
20442590ns          341108 1c0081a2 004e8e93 addi             x29, x29, 4         x29=10000118 x29:10000114
20442630ns          341110 1c00817e 40af87b3 sub              x15, x31, x10       x15=00000020 x31:100000a4 x10:10000084
20442649ns          341111 1c008182 ffc78793 addi             x15, x15, -4        x15=0000001c x15:00000020
20442669ns          341112 1c008184 0027d793 srli             x15, x15, 0x2       x15=00000007 x15:0000001c
20442689ns          341113 1c008186 01d00833 add              x16, x0, x29        x16=10000118 x29:10000118
20442709ns          341114 1c008188 00a00633 add              x12, x0, x10        x12=10000084 x10:10000084
20442729ns          341115 1c00818a 00000713 addi             x14, x0, 0          x14=00000000
20442749ns          341116 1c00818c 00178793 addi             x15, x15, 1         x15=00000008 x15:00000007
20442769ns          341117 1c00818e 0067c0fb lp.setup         0x1, x15, 0x6       x15:00000008
20442789ns          341118 1c008192 0046230b p.lw             x6, 4(x12!)          x6=fffffff9 x12=10000088 x12:10000084  PA:10000084
20442809ns          341119 1c008196 2078788b p.lw             x17, x7(x16!)       x17=fffffffc x16=10000138  x7:00000020 x16:10000118  PA:10000118
20442848ns          341121 1c00819a 43130733 p.mac            x14, x6, x17        x14=0000001c x14:00000000  x6:fffffff9 x17:fffffffc
20442868ns          341122 1c008192 0046230b p.lw             x6, 4(x12!)          x6=fffffff8 x12=1000008c x12:10000088  PA:10000088
20442888ns          341123 1c008196 2078788b p.lw             x17, x7(x16!)       x17=fffffff4 x16=10000158  x7:00000020 x16:10000138  PA:10000138
20442928ns          341125 1c00819a 43130733 p.mac            x14, x6, x17        x14=0000007c x14:0000001c  x6:fffffff8 x17:fffffff4
20442948ns          341126 1c008192 0046230b p.lw             x6, 4(x12!)          x6=fffffff7 x12=10000090 x12:1000008c  PA:1000008c
20442968ns          341127 1c008196 2078788b p.lw             x17, x7(x16!)       x17=ffffffec x16=10000178  x7:00000020 x16:10000158  PA:10000158
20443007ns          341129 1c00819a 43130733 p.mac            x14, x6, x17        x14=00000130 x14:0000007c  x6:fffffff7 x17:ffffffec
20443027ns          341130 1c008192 0046230b p.lw             x6, 4(x12!)          x6=fffffff6 x12=10000094 x12:10000090  PA:10000090
20443047ns          341131 1c008196 2078788b p.lw             x17, x7(x16!)       x17=ffffffe4 x16=10000198  x7:00000020 x16:10000178  PA:10000178
20443087ns          341133 1c00819a 43130733 p.mac            x14, x6, x17        x14=00000248 x14:00000130  x6:fffffff6 x17:ffffffe4
20443107ns          341134 1c008192 0046230b p.lw             x6, 4(x12!)          x6=fffffff5 x12=10000098 x12:10000094  PA:10000094
20443127ns          341135 1c008196 2078788b p.lw             x17, x7(x16!)       x17=ffffffdc x16=100001b8  x7:00000020 x16:10000198  PA:10000198
20443167ns          341137 1c00819a 43130733 p.mac            x14, x6, x17        x14=000003d4 x14:00000248  x6:fffffff5 x17:ffffffdc
20443186ns          341138 1c008192 0046230b p.lw             x6, 4(x12!)          x6=fffffff4 x12=1000009c x12:10000098  PA:10000098
20443206ns          341139 1c008196 2078788b p.lw             x17, x7(x16!)       x17=ffffffd4 x16=100001d8  x7:00000020 x16:100001b8  PA:100001b8
20443246ns          341141 1c00819a 43130733 p.mac            x14, x6, x17        x14=000005e4 x14:000003d4  x6:fffffff4 x17:ffffffd4
20443266ns          341142 1c008192 0046230b p.lw             x6, 4(x12!)          x6=fffffff3 x12=100000a0 x12:1000009c  PA:1000009c
20443286ns          341143 1c008196 2078788b p.lw             x17, x7(x16!)       x17=ffffffcc x16=100001f8  x7:00000020 x16:100001d8  PA:100001d8
20443326ns          341145 1c00819a 43130733 p.mac            x14, x6, x17        x14=00000888 x14:000005e4  x6:fffffff3 x17:ffffffcc
20443346ns          341146 1c008192 0046230b p.lw             x6, 4(x12!)          x6=fffffff2 x12=100000a4 x12:100000a0  PA:100000a0
20443365ns          341147 1c008196 2078788b p.lw             x17, x7(x16!)       x17=ffffffc4 x16=10000218  x7:00000020 x16:100001f8  PA:100001f8
20443405ns          341149 1c00819a 43130733 p.mac            x14, x6, x17        x14=00000bd0 x14:00000888  x6:fffffff2 x17:ffffffc4
20443425ns          341150 1c00819e 00ef222b p.sw             x14, 4(x30!)        x30=1000059c x14:00000bd0 x30:10000598  PA:10000598
20443445ns          341151 1c0081a2 004e8e93 addi             x29, x29, 4         x29=1000011c x29:10000118
20443485ns          341153 1c00817e 40af87b3 sub              x15, x31, x10       x15=00000020 x31:100000a4 x10:10000084
20443505ns          341154 1c008182 ffc78793 addi             x15, x15, -4        x15=0000001c x15:00000020
20443525ns          341155 1c008184 0027d793 srli             x15, x15, 0x2       x15=00000007 x15:0000001c
20443545ns          341156 1c008186 01d00833 add              x16, x0, x29        x16=1000011c x29:1000011c
20443564ns          341157 1c008188 00a00633 add              x12, x0, x10        x12=10000084 x10:10000084
20443584ns          341158 1c00818a 00000713 addi             x14, x0, 0          x14=00000000
20443604ns          341159 1c00818c 00178793 addi             x15, x15, 1         x15=00000008 x15:00000007
20443624ns          341160 1c00818e 0067c0fb lp.setup         0x1, x15, 0x6       x15:00000008
20443644ns          341161 1c008192 0046230b p.lw             x6, 4(x12!)          x6=fffffff9 x12=10000088 x12:10000084  PA:10000084
20443664ns          341162 1c008196 2078788b p.lw             x17, x7(x16!)       x17=fffffffb x16=1000013c  x7:00000020 x16:1000011c  PA:1000011c
20443704ns          341164 1c00819a 43130733 p.mac            x14, x6, x17        x14=00000023 x14:00000000  x6:fffffff9 x17:fffffffb
20443724ns          341165 1c008192 0046230b p.lw             x6, 4(x12!)          x6=fffffff8 x12=1000008c x12:10000088  PA:10000088
20443743ns          341166 1c008196 2078788b p.lw             x17, x7(x16!)       x17=fffffff3 x16=1000015c  x7:00000020 x16:1000013c  PA:1000013c
20443783ns          341168 1c00819a 43130733 p.mac            x14, x6, x17        x14=0000008b x14:00000023  x6:fffffff8 x17:fffffff3
20443803ns          341169 1c008192 0046230b p.lw             x6, 4(x12!)          x6=fffffff7 x12=10000090 x12:1000008c  PA:1000008c
20443823ns          341170 1c008196 2078788b p.lw             x17, x7(x16!)       x17=ffffffeb x16=1000017c  x7:00000020 x16:1000015c  PA:1000015c
20443863ns          341172 1c00819a 43130733 p.mac            x14, x6, x17        x14=00000148 x14:0000008b  x6:fffffff7 x17:ffffffeb
20443883ns          341173 1c008192 0046230b p.lw             x6, 4(x12!)          x6=fffffff6 x12=10000094 x12:10000090  PA:10000090
20443903ns          341174 1c008196 2078788b p.lw             x17, x7(x16!)       x17=ffffffe3 x16=1000019c  x7:00000020 x16:1000017c  PA:1000017c
20443942ns          341176 1c00819a 43130733 p.mac            x14, x6, x17        x14=0000026a x14:00000148  x6:fffffff6 x17:ffffffe3
20443962ns          341177 1c008192 0046230b p.lw             x6, 4(x12!)          x6=fffffff5 x12=10000098 x12:10000094  PA:10000094
20443982ns          341178 1c008196 2078788b p.lw             x17, x7(x16!)       x17=ffffffdb x16=100001bc  x7:00000020 x16:1000019c  PA:1000019c
20444022ns          341180 1c00819a 43130733 p.mac            x14, x6, x17        x14=00000401 x14:0000026a  x6:fffffff5 x17:ffffffdb
20444042ns          341181 1c008192 0046230b p.lw             x6, 4(x12!)          x6=fffffff4 x12=1000009c x12:10000098  PA:10000098
20444062ns          341182 1c008196 2078788b p.lw             x17, x7(x16!)       x17=ffffffd3 x16=100001dc  x7:00000020 x16:100001bc  PA:100001bc
20444101ns          341184 1c00819a 43130733 p.mac            x14, x6, x17        x14=0000061d x14:00000401  x6:fffffff4 x17:ffffffd3
20444121ns          341185 1c008192 0046230b p.lw             x6, 4(x12!)          x6=fffffff3 x12=100000a0 x12:1000009c  PA:1000009c
20444141ns          341186 1c008196 2078788b p.lw             x17, x7(x16!)       x17=ffffffcb x16=100001fc  x7:00000020 x16:100001dc  PA:100001dc
20444181ns          341188 1c00819a 43130733 p.mac            x14, x6, x17        x14=000008ce x14:0000061d  x6:fffffff3 x17:ffffffcb
20444201ns          341189 1c008192 0046230b p.lw             x6, 4(x12!)          x6=fffffff2 x12=100000a4 x12:100000a0  PA:100000a0
20444221ns          341190 1c008196 2078788b p.lw             x17, x7(x16!)       x17=ffffffc3 x16=1000021c  x7:00000020 x16:100001fc  PA:100001fc
20444261ns          341192 1c00819a 43130733 p.mac            x14, x6, x17        x14=00000c24 x14:000008ce  x6:fffffff2 x17:ffffffc3
20444280ns          341193 1c00819e 00ef222b p.sw             x14, 4(x30!)        x30=100005a0 x14:00000c24 x30:1000059c  PA:1000059c
20444300ns          341194 1c0081a2 004e8e93 addi             x29, x29, 4         x29=10000120 x29:1000011c
20444340ns          341196 1c00817e 40af87b3 sub              x15, x31, x10       x15=00000020 x31:100000a4 x10:10000084
20444360ns          341197 1c008182 ffc78793 addi             x15, x15, -4        x15=0000001c x15:00000020
20444380ns          341198 1c008184 0027d793 srli             x15, x15, 0x2       x15=00000007 x15:0000001c
20444400ns          341199 1c008186 01d00833 add              x16, x0, x29        x16=10000120 x29:10000120
20444420ns          341200 1c008188 00a00633 add              x12, x0, x10        x12=10000084 x10:10000084
20444440ns          341201 1c00818a 00000713 addi             x14, x0, 0          x14=00000000
20444459ns          341202 1c00818c 00178793 addi             x15, x15, 1         x15=00000008 x15:00000007
20444479ns          341203 1c00818e 0067c0fb lp.setup         0x1, x15, 0x6       x15:00000008
20444499ns          341204 1c008192 0046230b p.lw             x6, 4(x12!)          x6=fffffff9 x12=10000088 x12:10000084  PA:10000084
20444519ns          341205 1c008196 2078788b p.lw             x17, x7(x16!)       x17=fffffffa x16=10000140  x7:00000020 x16:10000120  PA:10000120
20444559ns          341207 1c00819a 43130733 p.mac            x14, x6, x17        x14=0000002a x14:00000000  x6:fffffff9 x17:fffffffa
20444579ns          341208 1c008192 0046230b p.lw             x6, 4(x12!)          x6=fffffff8 x12=1000008c x12:10000088  PA:10000088
20444599ns          341209 1c008196 2078788b p.lw             x17, x7(x16!)       x17=fffffff2 x16=10000160  x7:00000020 x16:10000140  PA:10000140
20444639ns          341211 1c00819a 43130733 p.mac            x14, x6, x17        x14=0000009a x14:0000002a  x6:fffffff8 x17:fffffff2
20444658ns          341212 1c008192 0046230b p.lw             x6, 4(x12!)          x6=fffffff7 x12=10000090 x12:1000008c  PA:1000008c
20444678ns          341213 1c008196 2078788b p.lw             x17, x7(x16!)       x17=ffffffea x16=10000180  x7:00000020 x16:10000160  PA:10000160
20444718ns          341215 1c00819a 43130733 p.mac            x14, x6, x17        x14=00000160 x14:0000009a  x6:fffffff7 x17:ffffffea
20444738ns          341216 1c008192 0046230b p.lw             x6, 4(x12!)          x6=fffffff6 x12=10000094 x12:10000090  PA:10000090
20444758ns          341217 1c008196 2078788b p.lw             x17, x7(x16!)       x17=ffffffe2 x16=100001a0  x7:00000020 x16:10000180  PA:10000180
20444798ns          341219 1c00819a 43130733 p.mac            x14, x6, x17        x14=0000028c x14:00000160  x6:fffffff6 x17:ffffffe2
20444818ns          341220 1c008192 0046230b p.lw             x6, 4(x12!)          x6=fffffff5 x12=10000098 x12:10000094  PA:10000094
20444837ns          341221 1c008196 2078788b p.lw             x17, x7(x16!)       x17=ffffffda x16=100001c0  x7:00000020 x16:100001a0  PA:100001a0
20444877ns          341223 1c00819a 43130733 p.mac            x14, x6, x17        x14=0000042e x14:0000028c  x6:fffffff5 x17:ffffffda
20444897ns          341224 1c008192 0046230b p.lw             x6, 4(x12!)          x6=fffffff4 x12=1000009c x12:10000098  PA:10000098
20444917ns          341225 1c008196 2078788b p.lw             x17, x7(x16!)       x17=ffffffd2 x16=100001e0  x7:00000020 x16:100001c0  PA:100001c0
20444957ns          341227 1c00819a 43130733 p.mac            x14, x6, x17        x14=00000656 x14:0000042e  x6:fffffff4 x17:ffffffd2
20444977ns          341228 1c008192 0046230b p.lw             x6, 4(x12!)          x6=fffffff3 x12=100000a0 x12:1000009c  PA:1000009c
20444997ns          341229 1c008196 2078788b p.lw             x17, x7(x16!)       x17=ffffffca x16=10000200  x7:00000020 x16:100001e0  PA:100001e0
20445036ns          341231 1c00819a 43130733 p.mac            x14, x6, x17        x14=00000914 x14:00000656  x6:fffffff3 x17:ffffffca
20445056ns          341232 1c008192 0046230b p.lw             x6, 4(x12!)          x6=fffffff2 x12=100000a4 x12:100000a0  PA:100000a0
20445076ns          341233 1c008196 2078788b p.lw             x17, x7(x16!)       x17=ffffffc2 x16=10000220  x7:00000020 x16:10000200  PA:10000200
20445116ns          341235 1c00819a 43130733 p.mac            x14, x6, x17        x14=00000c78 x14:00000914  x6:fffffff2 x17:ffffffc2
20445136ns          341236 1c00819e 00ef222b p.sw             x14, 4(x30!)        x30=100005a4 x14:00000c78 x30:100005a0  PA:100005a0
20445176ns          341238 1c0081a2 004e8e93 addi             x29, x29, 4         x29=10000124 x29:10000120
20445195ns          341239 1c0081a4 00128293 addi             x5, x5, 1            x5=00000005  x5:00000004
20445215ns          341240 1c0081a6 00750533 add              x10, x10, x7        x10=100000a4 x10:10000084  x7:00000020
20445235ns          341241 1c0081a8 007f8fb3 add              x31, x31, x7        x31=100000c4 x31:100000a4  x7:00000020
20445255ns          341242 1c0081aa fa569fe3 bne              x13, x5, -66        x13:00000008  x5:00000005
20445315ns          341245 1c008168 40b48e33 sub              x28, x9, x11        x28=00000020  x9:10000124 x11:10000104
20445335ns          341246 1c00816c ffce0e13 addi             x28, x28, -4        x28=0000001c x28:00000020
20445355ns          341247 1c00816e 002e5e13 srli             x28, x28, 0x2       x28=00000007 x28:0000001c
20445374ns          341248 1c008172 008f8f33 add              x30, x31, x8        x30=100005a4 x31:100000c4  x8:000004e0
20445394ns          341249 1c008176 00b00eb3 add              x29, x0, x11        x29=10000104 x11:10000104
20445414ns          341250 1c008178 001e0e13 addi             x28, x28, 1         x28=00000008 x28:00000007
20445434ns          341251 1c00817a 014e407b lp.setup         0x0, x28, 0x14      x28:00000008
20445454ns          341252 1c00817e 40af87b3 sub              x15, x31, x10       x15=00000020 x31:100000c4 x10:100000a4
20445474ns          341253 1c008182 ffc78793 addi             x15, x15, -4        x15=0000001c x15:00000020
20445494ns          341254 1c008184 0027d793 srli             x15, x15, 0x2       x15=00000007 x15:0000001c
20445514ns          341255 1c008186 01d00833 add              x16, x0, x29        x16=10000104 x29:10000104
20445534ns          341256 1c008188 00a00633 add              x12, x0, x10        x12=100000a4 x10:100000a4
20445553ns          341257 1c00818a 00000713 addi             x14, x0, 0          x14=00000000
20445573ns          341258 1c00818c 00178793 addi             x15, x15, 1         x15=00000008 x15:00000007
20445593ns          341259 1c00818e 0067c0fb lp.setup         0x1, x15, 0x6       x15:00000008
20445613ns          341260 1c008192 0046230b p.lw             x6, 4(x12!)          x6=fffffff1 x12=100000a8 x12:100000a4  PA:100000a4
20445633ns          341261 1c008196 2078788b p.lw             x17, x7(x16!)       x17=00000001 x16=10000124  x7:00000020 x16:10000104  PA:10000104
20445673ns          341263 1c00819a 43130733 p.mac            x14, x6, x17        x14=fffffff1 x14:00000000  x6:fffffff1 x17:00000001
20445693ns          341264 1c008192 0046230b p.lw             x6, 4(x12!)          x6=fffffff0 x12=100000ac x12:100000a8  PA:100000a8
20445713ns          341265 1c008196 2078788b p.lw             x17, x7(x16!)       x17=fffffff9 x16=10000144  x7:00000020 x16:10000124  PA:10000124
20445752ns          341267 1c00819a 43130733 p.mac            x14, x6, x17        x14=00000061 x14:fffffff1  x6:fffffff0 x17:fffffff9
20445772ns          341268 1c008192 0046230b p.lw             x6, 4(x12!)          x6=ffffffef x12=100000b0 x12:100000ac  PA:100000ac
20445792ns          341269 1c008196 2078788b p.lw             x17, x7(x16!)       x17=fffffff1 x16=10000164  x7:00000020 x16:10000144  PA:10000144
20445832ns          341271 1c00819a 43130733 p.mac            x14, x6, x17        x14=00000160 x14:00000061  x6:ffffffef x17:fffffff1
20445852ns          341272 1c008192 0046230b p.lw             x6, 4(x12!)          x6=ffffffee x12=100000b4 x12:100000b0  PA:100000b0
20445872ns          341273 1c008196 2078788b p.lw             x17, x7(x16!)       x17=ffffffe9 x16=10000184  x7:00000020 x16:10000164  PA:10000164
20445912ns          341275 1c00819a 43130733 p.mac            x14, x6, x17        x14=000002fe x14:00000160  x6:ffffffee x17:ffffffe9
20445931ns          341276 1c008192 0046230b p.lw             x6, 4(x12!)          x6=ffffffed x12=100000b8 x12:100000b4  PA:100000b4
20445951ns          341277 1c008196 2078788b p.lw             x17, x7(x16!)       x17=ffffffe1 x16=100001a4  x7:00000020 x16:10000184  PA:10000184
20445991ns          341279 1c00819a 43130733 p.mac            x14, x6, x17        x14=0000054b x14:000002fe  x6:ffffffed x17:ffffffe1
20446011ns          341280 1c008192 0046230b p.lw             x6, 4(x12!)          x6=ffffffec x12=100000bc x12:100000b8  PA:100000b8
20446031ns          341281 1c008196 2078788b p.lw             x17, x7(x16!)       x17=ffffffd9 x16=100001c4  x7:00000020 x16:100001a4  PA:100001a4
20446071ns          341283 1c00819a 43130733 p.mac            x14, x6, x17        x14=00000857 x14:0000054b  x6:ffffffec x17:ffffffd9
20446091ns          341284 1c008192 0046230b p.lw             x6, 4(x12!)          x6=ffffffeb x12=100000c0 x12:100000bc  PA:100000bc
20446110ns          341285 1c008196 2078788b p.lw             x17, x7(x16!)       x17=ffffffd1 x16=100001e4  x7:00000020 x16:100001c4  PA:100001c4
20446150ns          341287 1c00819a 43130733 p.mac            x14, x6, x17        x14=00000c32 x14:00000857  x6:ffffffeb x17:ffffffd1
20446170ns          341288 1c008192 0046230b p.lw             x6, 4(x12!)          x6=ffffffea x12=100000c4 x12:100000c0  PA:100000c0
20446190ns          341289 1c008196 2078788b p.lw             x17, x7(x16!)       x17=ffffffc9 x16=10000204  x7:00000020 x16:100001e4  PA:100001e4
20446230ns          341291 1c00819a 43130733 p.mac            x14, x6, x17        x14=000010ec x14:00000c32  x6:ffffffea x17:ffffffc9
20446250ns          341292 1c00819e 00ef222b p.sw             x14, 4(x30!)        x30=100005a8 x14:000010ec x30:100005a4  PA:100005a4
20446270ns          341293 1c0081a2 004e8e93 addi             x29, x29, 4         x29=10000108 x29:10000104
20446309ns          341295 1c00817e 40af87b3 sub              x15, x31, x10       x15=00000020 x31:100000c4 x10:100000a4
20446329ns          341296 1c008182 ffc78793 addi             x15, x15, -4        x15=0000001c x15:00000020
20446349ns          341297 1c008184 0027d793 srli             x15, x15, 0x2       x15=00000007 x15:0000001c
20446369ns          341298 1c008186 01d00833 add              x16, x0, x29        x16=10000108 x29:10000108
20446389ns          341299 1c008188 00a00633 add              x12, x0, x10        x12=100000a4 x10:100000a4
20446409ns          341300 1c00818a 00000713 addi             x14, x0, 0          x14=00000000
20446429ns          341301 1c00818c 00178793 addi             x15, x15, 1         x15=00000008 x15:00000007
20446449ns          341302 1c00818e 0067c0fb lp.setup         0x1, x15, 0x6       x15:00000008
20446468ns          341303 1c008192 0046230b p.lw             x6, 4(x12!)          x6=fffffff1 x12=100000a8 x12:100000a4  PA:100000a4
20446488ns          341304 1c008196 2078788b p.lw             x17, x7(x16!)       x17=00000000 x16=10000128  x7:00000020 x16:10000108  PA:10000108
20446528ns          341306 1c00819a 43130733 p.mac            x14, x6, x17        x14=00000000 x14:00000000  x6:fffffff1 x17:00000000
20446548ns          341307 1c008192 0046230b p.lw             x6, 4(x12!)          x6=fffffff0 x12=100000ac x12:100000a8  PA:100000a8
20446568ns          341308 1c008196 2078788b p.lw             x17, x7(x16!)       x17=fffffff8 x16=10000148  x7:00000020 x16:10000128  PA:10000128
20446608ns          341310 1c00819a 43130733 p.mac            x14, x6, x17        x14=00000080 x14:00000000  x6:fffffff0 x17:fffffff8
20446628ns          341311 1c008192 0046230b p.lw             x6, 4(x12!)          x6=ffffffef x12=100000b0 x12:100000ac  PA:100000ac
20446647ns          341312 1c008196 2078788b p.lw             x17, x7(x16!)       x17=fffffff0 x16=10000168  x7:00000020 x16:10000148  PA:10000148
20446687ns          341314 1c00819a 43130733 p.mac            x14, x6, x17        x14=00000190 x14:00000080  x6:ffffffef x17:fffffff0
20446707ns          341315 1c008192 0046230b p.lw             x6, 4(x12!)          x6=ffffffee x12=100000b4 x12:100000b0  PA:100000b0
20446727ns          341316 1c008196 2078788b p.lw             x17, x7(x16!)       x17=ffffffe8 x16=10000188  x7:00000020 x16:10000168  PA:10000168
20446767ns          341318 1c00819a 43130733 p.mac            x14, x6, x17        x14=00000340 x14:00000190  x6:ffffffee x17:ffffffe8
20446787ns          341319 1c008192 0046230b p.lw             x6, 4(x12!)          x6=ffffffed x12=100000b8 x12:100000b4  PA:100000b4
20446807ns          341320 1c008196 2078788b p.lw             x17, x7(x16!)       x17=ffffffe0 x16=100001a8  x7:00000020 x16:10000188  PA:10000188
20446846ns          341322 1c00819a 43130733 p.mac            x14, x6, x17        x14=000005a0 x14:00000340  x6:ffffffed x17:ffffffe0
20446866ns          341323 1c008192 0046230b p.lw             x6, 4(x12!)          x6=ffffffec x12=100000bc x12:100000b8  PA:100000b8
20446886ns          341324 1c008196 2078788b p.lw             x17, x7(x16!)       x17=ffffffd8 x16=100001c8  x7:00000020 x16:100001a8  PA:100001a8
20446926ns          341326 1c00819a 43130733 p.mac            x14, x6, x17        x14=000008c0 x14:000005a0  x6:ffffffec x17:ffffffd8
20446946ns          341327 1c008192 0046230b p.lw             x6, 4(x12!)          x6=ffffffeb x12=100000c0 x12:100000bc  PA:100000bc
20446966ns          341328 1c008196 2078788b p.lw             x17, x7(x16!)       x17=ffffffd0 x16=100001e8  x7:00000020 x16:100001c8  PA:100001c8
20447006ns          341330 1c00819a 43130733 p.mac            x14, x6, x17        x14=00000cb0 x14:000008c0  x6:ffffffeb x17:ffffffd0
20447025ns          341331 1c008192 0046230b p.lw             x6, 4(x12!)          x6=ffffffea x12=100000c4 x12:100000c0  PA:100000c0
20447045ns          341332 1c008196 2078788b p.lw             x17, x7(x16!)       x17=ffffffc8 x16=10000208  x7:00000020 x16:100001e8  PA:100001e8
20447085ns          341334 1c00819a 43130733 p.mac            x14, x6, x17        x14=00001180 x14:00000cb0  x6:ffffffea x17:ffffffc8
20447105ns          341335 1c00819e 00ef222b p.sw             x14, 4(x30!)        x30=100005ac x14:00001180 x30:100005a8  PA:100005a8
20447125ns          341336 1c0081a2 004e8e93 addi             x29, x29, 4         x29=1000010c x29:10000108
20447165ns          341338 1c00817e 40af87b3 sub              x15, x31, x10       x15=00000020 x31:100000c4 x10:100000a4
20447185ns          341339 1c008182 ffc78793 addi             x15, x15, -4        x15=0000001c x15:00000020
20447204ns          341340 1c008184 0027d793 srli             x15, x15, 0x2       x15=00000007 x15:0000001c
20447224ns          341341 1c008186 01d00833 add              x16, x0, x29        x16=1000010c x29:1000010c
20447244ns          341342 1c008188 00a00633 add              x12, x0, x10        x12=100000a4 x10:100000a4
20447264ns          341343 1c00818a 00000713 addi             x14, x0, 0          x14=00000000
20447284ns          341344 1c00818c 00178793 addi             x15, x15, 1         x15=00000008 x15:00000007
20447304ns          341345 1c00818e 0067c0fb lp.setup         0x1, x15, 0x6       x15:00000008
20447324ns          341346 1c008192 0046230b p.lw             x6, 4(x12!)          x6=fffffff1 x12=100000a8 x12:100000a4  PA:100000a4
20447344ns          341347 1c008196 2078788b p.lw             x17, x7(x16!)       x17=ffffffff x16=1000012c  x7:00000020 x16:1000010c  PA:1000010c
20447383ns          341349 1c00819a 43130733 p.mac            x14, x6, x17        x14=0000000f x14:00000000  x6:fffffff1 x17:ffffffff
20447403ns          341350 1c008192 0046230b p.lw             x6, 4(x12!)          x6=fffffff0 x12=100000ac x12:100000a8  PA:100000a8
20447423ns          341351 1c008196 2078788b p.lw             x17, x7(x16!)       x17=fffffff7 x16=1000014c  x7:00000020 x16:1000012c  PA:1000012c
20447463ns          341353 1c00819a 43130733 p.mac            x14, x6, x17        x14=0000009f x14:0000000f  x6:fffffff0 x17:fffffff7
20447483ns          341354 1c008192 0046230b p.lw             x6, 4(x12!)          x6=ffffffef x12=100000b0 x12:100000ac  PA:100000ac
20447503ns          341355 1c008196 2078788b p.lw             x17, x7(x16!)       x17=ffffffef x16=1000016c  x7:00000020 x16:1000014c  PA:1000014c
20447543ns          341357 1c00819a 43130733 p.mac            x14, x6, x17        x14=000001c0 x14:0000009f  x6:ffffffef x17:ffffffef
20447562ns          341358 1c008192 0046230b p.lw             x6, 4(x12!)          x6=ffffffee x12=100000b4 x12:100000b0  PA:100000b0
20447582ns          341359 1c008196 2078788b p.lw             x17, x7(x16!)       x17=ffffffe7 x16=1000018c  x7:00000020 x16:1000016c  PA:1000016c
20447622ns          341361 1c00819a 43130733 p.mac            x14, x6, x17        x14=00000382 x14:000001c0  x6:ffffffee x17:ffffffe7
20447642ns          341362 1c008192 0046230b p.lw             x6, 4(x12!)          x6=ffffffed x12=100000b8 x12:100000b4  PA:100000b4
20447662ns          341363 1c008196 2078788b p.lw             x17, x7(x16!)       x17=ffffffdf x16=100001ac  x7:00000020 x16:1000018c  PA:1000018c
20447702ns          341365 1c00819a 43130733 p.mac            x14, x6, x17        x14=000005f5 x14:00000382  x6:ffffffed x17:ffffffdf
20447722ns          341366 1c008192 0046230b p.lw             x6, 4(x12!)          x6=ffffffec x12=100000bc x12:100000b8  PA:100000b8
20447741ns          341367 1c008196 2078788b p.lw             x17, x7(x16!)       x17=ffffffd7 x16=100001cc  x7:00000020 x16:100001ac  PA:100001ac
20447781ns          341369 1c00819a 43130733 p.mac            x14, x6, x17        x14=00000929 x14:000005f5  x6:ffffffec x17:ffffffd7
20447801ns          341370 1c008192 0046230b p.lw             x6, 4(x12!)          x6=ffffffeb x12=100000c0 x12:100000bc  PA:100000bc
20447821ns          341371 1c008196 2078788b p.lw             x17, x7(x16!)       x17=ffffffcf x16=100001ec  x7:00000020 x16:100001cc  PA:100001cc
20447861ns          341373 1c00819a 43130733 p.mac            x14, x6, x17        x14=00000d2e x14:00000929  x6:ffffffeb x17:ffffffcf
20447881ns          341374 1c008192 0046230b p.lw             x6, 4(x12!)          x6=ffffffea x12=100000c4 x12:100000c0  PA:100000c0
20447901ns          341375 1c008196 2078788b p.lw             x17, x7(x16!)       x17=ffffffc7 x16=1000020c  x7:00000020 x16:100001ec  PA:100001ec
20447940ns          341377 1c00819a 43130733 p.mac            x14, x6, x17        x14=00001214 x14:00000d2e  x6:ffffffea x17:ffffffc7
20447960ns          341378 1c00819e 00ef222b p.sw             x14, 4(x30!)        x30=100005b0 x14:00001214 x30:100005ac  PA:100005ac
20447980ns          341379 1c0081a2 004e8e93 addi             x29, x29, 4         x29=10000110 x29:1000010c
20448020ns          341381 1c00817e 40af87b3 sub              x15, x31, x10       x15=00000020 x31:100000c4 x10:100000a4
20448040ns          341382 1c008182 ffc78793 addi             x15, x15, -4        x15=0000001c x15:00000020
20448060ns          341383 1c008184 0027d793 srli             x15, x15, 0x2       x15=00000007 x15:0000001c
20448080ns          341384 1c008186 01d00833 add              x16, x0, x29        x16=10000110 x29:10000110
20448099ns          341385 1c008188 00a00633 add              x12, x0, x10        x12=100000a4 x10:100000a4
20448119ns          341386 1c00818a 00000713 addi             x14, x0, 0          x14=00000000
20448139ns          341387 1c00818c 00178793 addi             x15, x15, 1         x15=00000008 x15:00000007
20448159ns          341388 1c00818e 0067c0fb lp.setup         0x1, x15, 0x6       x15:00000008
20448179ns          341389 1c008192 0046230b p.lw             x6, 4(x12!)          x6=fffffff1 x12=100000a8 x12:100000a4  PA:100000a4
20448199ns          341390 1c008196 2078788b p.lw             x17, x7(x16!)       x17=fffffffe x16=10000130  x7:00000020 x16:10000110  PA:10000110
20448239ns          341392 1c00819a 43130733 p.mac            x14, x6, x17        x14=0000001e x14:00000000  x6:fffffff1 x17:fffffffe
20448259ns          341393 1c008192 0046230b p.lw             x6, 4(x12!)          x6=fffffff0 x12=100000ac x12:100000a8  PA:100000a8
20448279ns          341394 1c008196 2078788b p.lw             x17, x7(x16!)       x17=fffffff6 x16=10000150  x7:00000020 x16:10000130  PA:10000130
20448318ns          341396 1c00819a 43130733 p.mac            x14, x6, x17        x14=000000be x14:0000001e  x6:fffffff0 x17:fffffff6
20448338ns          341397 1c008192 0046230b p.lw             x6, 4(x12!)          x6=ffffffef x12=100000b0 x12:100000ac  PA:100000ac
20448358ns          341398 1c008196 2078788b p.lw             x17, x7(x16!)       x17=ffffffee x16=10000170  x7:00000020 x16:10000150  PA:10000150
20448398ns          341400 1c00819a 43130733 p.mac            x14, x6, x17        x14=000001f0 x14:000000be  x6:ffffffef x17:ffffffee
20448418ns          341401 1c008192 0046230b p.lw             x6, 4(x12!)          x6=ffffffee x12=100000b4 x12:100000b0  PA:100000b0
20448438ns          341402 1c008196 2078788b p.lw             x17, x7(x16!)       x17=ffffffe6 x16=10000190  x7:00000020 x16:10000170  PA:10000170
20448477ns          341404 1c00819a 43130733 p.mac            x14, x6, x17        x14=000003c4 x14:000001f0  x6:ffffffee x17:ffffffe6
20448497ns          341405 1c008192 0046230b p.lw             x6, 4(x12!)          x6=ffffffed x12=100000b8 x12:100000b4  PA:100000b4
20448517ns          341406 1c008196 2078788b p.lw             x17, x7(x16!)       x17=ffffffde x16=100001b0  x7:00000020 x16:10000190  PA:10000190
20448557ns          341408 1c00819a 43130733 p.mac            x14, x6, x17        x14=0000064a x14:000003c4  x6:ffffffed x17:ffffffde
20448577ns          341409 1c008192 0046230b p.lw             x6, 4(x12!)          x6=ffffffec x12=100000bc x12:100000b8  PA:100000b8
20448597ns          341410 1c008196 2078788b p.lw             x17, x7(x16!)       x17=ffffffd6 x16=100001d0  x7:00000020 x16:100001b0  PA:100001b0
20448637ns          341412 1c00819a 43130733 p.mac            x14, x6, x17        x14=00000992 x14:0000064a  x6:ffffffec x17:ffffffd6
20448656ns          341413 1c008192 0046230b p.lw             x6, 4(x12!)          x6=ffffffeb x12=100000c0 x12:100000bc  PA:100000bc
20448676ns          341414 1c008196 2078788b p.lw             x17, x7(x16!)       x17=ffffffce x16=100001f0  x7:00000020 x16:100001d0  PA:100001d0
20448716ns          341416 1c00819a 43130733 p.mac            x14, x6, x17        x14=00000dac x14:00000992  x6:ffffffeb x17:ffffffce
20448736ns          341417 1c008192 0046230b p.lw             x6, 4(x12!)          x6=ffffffea x12=100000c4 x12:100000c0  PA:100000c0
20448756ns          341418 1c008196 2078788b p.lw             x17, x7(x16!)       x17=ffffffc6 x16=10000210  x7:00000020 x16:100001f0  PA:100001f0
20448796ns          341420 1c00819a 43130733 p.mac            x14, x6, x17        x14=000012a8 x14:00000dac  x6:ffffffea x17:ffffffc6
20448816ns          341421 1c00819e 00ef222b p.sw             x14, 4(x30!)        x30=100005b4 x14:000012a8 x30:100005b0  PA:100005b0
20448835ns          341422 1c0081a2 004e8e93 addi             x29, x29, 4         x29=10000114 x29:10000110
20448875ns          341424 1c00817e 40af87b3 sub              x15, x31, x10       x15=00000020 x31:100000c4 x10:100000a4
20448895ns          341425 1c008182 ffc78793 addi             x15, x15, -4        x15=0000001c x15:00000020
20448915ns          341426 1c008184 0027d793 srli             x15, x15, 0x2       x15=00000007 x15:0000001c
20448935ns          341427 1c008186 01d00833 add              x16, x0, x29        x16=10000114 x29:10000114
20448955ns          341428 1c008188 00a00633 add              x12, x0, x10        x12=100000a4 x10:100000a4
20448975ns          341429 1c00818a 00000713 addi             x14, x0, 0          x14=00000000
20448995ns          341430 1c00818c 00178793 addi             x15, x15, 1         x15=00000008 x15:00000007
20449014ns          341431 1c00818e 0067c0fb lp.setup         0x1, x15, 0x6       x15:00000008
20449034ns          341432 1c008192 0046230b p.lw             x6, 4(x12!)          x6=fffffff1 x12=100000a8 x12:100000a4  PA:100000a4
20449054ns          341433 1c008196 2078788b p.lw             x17, x7(x16!)       x17=fffffffd x16=10000134  x7:00000020 x16:10000114  PA:10000114
20449094ns          341435 1c00819a 43130733 p.mac            x14, x6, x17        x14=0000002d x14:00000000  x6:fffffff1 x17:fffffffd
20449114ns          341436 1c008192 0046230b p.lw             x6, 4(x12!)          x6=fffffff0 x12=100000ac x12:100000a8  PA:100000a8
20449134ns          341437 1c008196 2078788b p.lw             x17, x7(x16!)       x17=fffffff5 x16=10000154  x7:00000020 x16:10000134  PA:10000134
20449174ns          341439 1c00819a 43130733 p.mac            x14, x6, x17        x14=000000dd x14:0000002d  x6:fffffff0 x17:fffffff5
20449193ns          341440 1c008192 0046230b p.lw             x6, 4(x12!)          x6=ffffffef x12=100000b0 x12:100000ac  PA:100000ac
20449213ns          341441 1c008196 2078788b p.lw             x17, x7(x16!)       x17=ffffffed x16=10000174  x7:00000020 x16:10000154  PA:10000154
20449253ns          341443 1c00819a 43130733 p.mac            x14, x6, x17        x14=00000220 x14:000000dd  x6:ffffffef x17:ffffffed
20449273ns          341444 1c008192 0046230b p.lw             x6, 4(x12!)          x6=ffffffee x12=100000b4 x12:100000b0  PA:100000b0
20449293ns          341445 1c008196 2078788b p.lw             x17, x7(x16!)       x17=ffffffe5 x16=10000194  x7:00000020 x16:10000174  PA:10000174
20449333ns          341447 1c00819a 43130733 p.mac            x14, x6, x17        x14=00000406 x14:00000220  x6:ffffffee x17:ffffffe5
20449353ns          341448 1c008192 0046230b p.lw             x6, 4(x12!)          x6=ffffffed x12=100000b8 x12:100000b4  PA:100000b4
20449373ns          341449 1c008196 2078788b p.lw             x17, x7(x16!)       x17=ffffffdd x16=100001b4  x7:00000020 x16:10000194  PA:10000194
20449412ns          341451 1c00819a 43130733 p.mac            x14, x6, x17        x14=0000069f x14:00000406  x6:ffffffed x17:ffffffdd
20449432ns          341452 1c008192 0046230b p.lw             x6, 4(x12!)          x6=ffffffec x12=100000bc x12:100000b8  PA:100000b8
20449452ns          341453 1c008196 2078788b p.lw             x17, x7(x16!)       x17=ffffffd5 x16=100001d4  x7:00000020 x16:100001b4  PA:100001b4
20449492ns          341455 1c00819a 43130733 p.mac            x14, x6, x17        x14=000009fb x14:0000069f  x6:ffffffec x17:ffffffd5
20449512ns          341456 1c008192 0046230b p.lw             x6, 4(x12!)          x6=ffffffeb x12=100000c0 x12:100000bc  PA:100000bc
20449532ns          341457 1c008196 2078788b p.lw             x17, x7(x16!)       x17=ffffffcd x16=100001f4  x7:00000020 x16:100001d4  PA:100001d4
20449571ns          341459 1c00819a 43130733 p.mac            x14, x6, x17        x14=00000e2a x14:000009fb  x6:ffffffeb x17:ffffffcd
20449591ns          341460 1c008192 0046230b p.lw             x6, 4(x12!)          x6=ffffffea x12=100000c4 x12:100000c0  PA:100000c0
20449611ns          341461 1c008196 2078788b p.lw             x17, x7(x16!)       x17=ffffffc5 x16=10000214  x7:00000020 x16:100001f4  PA:100001f4
20449651ns          341463 1c00819a 43130733 p.mac            x14, x6, x17        x14=0000133c x14:00000e2a  x6:ffffffea x17:ffffffc5
20449671ns          341464 1c00819e 00ef222b p.sw             x14, 4(x30!)        x30=100005b8 x14:0000133c x30:100005b4  PA:100005b4
20449691ns          341465 1c0081a2 004e8e93 addi             x29, x29, 4         x29=10000118 x29:10000114
20449731ns          341467 1c00817e 40af87b3 sub              x15, x31, x10       x15=00000020 x31:100000c4 x10:100000a4
20449750ns          341468 1c008182 ffc78793 addi             x15, x15, -4        x15=0000001c x15:00000020
20449770ns          341469 1c008184 0027d793 srli             x15, x15, 0x2       x15=00000007 x15:0000001c
20449790ns          341470 1c008186 01d00833 add              x16, x0, x29        x16=10000118 x29:10000118
20449810ns          341471 1c008188 00a00633 add              x12, x0, x10        x12=100000a4 x10:100000a4
20449830ns          341472 1c00818a 00000713 addi             x14, x0, 0          x14=00000000
20449850ns          341473 1c00818c 00178793 addi             x15, x15, 1         x15=00000008 x15:00000007
20449870ns          341474 1c00818e 0067c0fb lp.setup         0x1, x15, 0x6       x15:00000008
20449890ns          341475 1c008192 0046230b p.lw             x6, 4(x12!)          x6=fffffff1 x12=100000a8 x12:100000a4  PA:100000a4
20449910ns          341476 1c008196 2078788b p.lw             x17, x7(x16!)       x17=fffffffc x16=10000138  x7:00000020 x16:10000118  PA:10000118
20449949ns          341478 1c00819a 43130733 p.mac            x14, x6, x17        x14=0000003c x14:00000000  x6:fffffff1 x17:fffffffc
20449969ns          341479 1c008192 0046230b p.lw             x6, 4(x12!)          x6=fffffff0 x12=100000ac x12:100000a8  PA:100000a8
20449989ns          341480 1c008196 2078788b p.lw             x17, x7(x16!)       x17=fffffff4 x16=10000158  x7:00000020 x16:10000138  PA:10000138
20450029ns          341482 1c00819a 43130733 p.mac            x14, x6, x17        x14=000000fc x14:0000003c  x6:fffffff0 x17:fffffff4
20450049ns          341483 1c008192 0046230b p.lw             x6, 4(x12!)          x6=ffffffef x12=100000b0 x12:100000ac  PA:100000ac
20450069ns          341484 1c008196 2078788b p.lw             x17, x7(x16!)       x17=ffffffec x16=10000178  x7:00000020 x16:10000158  PA:10000158
20450108ns          341486 1c00819a 43130733 p.mac            x14, x6, x17        x14=00000250 x14:000000fc  x6:ffffffef x17:ffffffec
20450128ns          341487 1c008192 0046230b p.lw             x6, 4(x12!)          x6=ffffffee x12=100000b4 x12:100000b0  PA:100000b0
20450148ns          341488 1c008196 2078788b p.lw             x17, x7(x16!)       x17=ffffffe4 x16=10000198  x7:00000020 x16:10000178  PA:10000178
20450188ns          341490 1c00819a 43130733 p.mac            x14, x6, x17        x14=00000448 x14:00000250  x6:ffffffee x17:ffffffe4
20450208ns          341491 1c008192 0046230b p.lw             x6, 4(x12!)          x6=ffffffed x12=100000b8 x12:100000b4  PA:100000b4
20450228ns          341492 1c008196 2078788b p.lw             x17, x7(x16!)       x17=ffffffdc x16=100001b8  x7:00000020 x16:10000198  PA:10000198
20450268ns          341494 1c00819a 43130733 p.mac            x14, x6, x17        x14=000006f4 x14:00000448  x6:ffffffed x17:ffffffdc
20450287ns          341495 1c008192 0046230b p.lw             x6, 4(x12!)          x6=ffffffec x12=100000bc x12:100000b8  PA:100000b8
20450307ns          341496 1c008196 2078788b p.lw             x17, x7(x16!)       x17=ffffffd4 x16=100001d8  x7:00000020 x16:100001b8  PA:100001b8
20450347ns          341498 1c00819a 43130733 p.mac            x14, x6, x17        x14=00000a64 x14:000006f4  x6:ffffffec x17:ffffffd4
20450367ns          341499 1c008192 0046230b p.lw             x6, 4(x12!)          x6=ffffffeb x12=100000c0 x12:100000bc  PA:100000bc
20450387ns          341500 1c008196 2078788b p.lw             x17, x7(x16!)       x17=ffffffcc x16=100001f8  x7:00000020 x16:100001d8  PA:100001d8
20450427ns          341502 1c00819a 43130733 p.mac            x14, x6, x17        x14=00000ea8 x14:00000a64  x6:ffffffeb x17:ffffffcc
20450447ns          341503 1c008192 0046230b p.lw             x6, 4(x12!)          x6=ffffffea x12=100000c4 x12:100000c0  PA:100000c0
20450466ns          341504 1c008196 2078788b p.lw             x17, x7(x16!)       x17=ffffffc4 x16=10000218  x7:00000020 x16:100001f8  PA:100001f8
20450506ns          341506 1c00819a 43130733 p.mac            x14, x6, x17        x14=000013d0 x14:00000ea8  x6:ffffffea x17:ffffffc4
20450526ns          341507 1c00819e 00ef222b p.sw             x14, 4(x30!)        x30=100005bc x14:000013d0 x30:100005b8  PA:100005b8
20450546ns          341508 1c0081a2 004e8e93 addi             x29, x29, 4         x29=1000011c x29:10000118
20450586ns          341510 1c00817e 40af87b3 sub              x15, x31, x10       x15=00000020 x31:100000c4 x10:100000a4
20450606ns          341511 1c008182 ffc78793 addi             x15, x15, -4        x15=0000001c x15:00000020
20450626ns          341512 1c008184 0027d793 srli             x15, x15, 0x2       x15=00000007 x15:0000001c
20450646ns          341513 1c008186 01d00833 add              x16, x0, x29        x16=1000011c x29:1000011c
20450665ns          341514 1c008188 00a00633 add              x12, x0, x10        x12=100000a4 x10:100000a4
20450685ns          341515 1c00818a 00000713 addi             x14, x0, 0          x14=00000000
20450705ns          341516 1c00818c 00178793 addi             x15, x15, 1         x15=00000008 x15:00000007
20450725ns          341517 1c00818e 0067c0fb lp.setup         0x1, x15, 0x6       x15:00000008
20450745ns          341518 1c008192 0046230b p.lw             x6, 4(x12!)          x6=fffffff1 x12=100000a8 x12:100000a4  PA:100000a4
20450765ns          341519 1c008196 2078788b p.lw             x17, x7(x16!)       x17=fffffffb x16=1000013c  x7:00000020 x16:1000011c  PA:1000011c
20450805ns          341521 1c00819a 43130733 p.mac            x14, x6, x17        x14=0000004b x14:00000000  x6:fffffff1 x17:fffffffb
20450825ns          341522 1c008192 0046230b p.lw             x6, 4(x12!)          x6=fffffff0 x12=100000ac x12:100000a8  PA:100000a8
20450844ns          341523 1c008196 2078788b p.lw             x17, x7(x16!)       x17=fffffff3 x16=1000015c  x7:00000020 x16:1000013c  PA:1000013c
20450884ns          341525 1c00819a 43130733 p.mac            x14, x6, x17        x14=0000011b x14:0000004b  x6:fffffff0 x17:fffffff3
20450904ns          341526 1c008192 0046230b p.lw             x6, 4(x12!)          x6=ffffffef x12=100000b0 x12:100000ac  PA:100000ac
20450924ns          341527 1c008196 2078788b p.lw             x17, x7(x16!)       x17=ffffffeb x16=1000017c  x7:00000020 x16:1000015c  PA:1000015c
20450964ns          341529 1c00819a 43130733 p.mac            x14, x6, x17        x14=00000280 x14:0000011b  x6:ffffffef x17:ffffffeb
20450984ns          341530 1c008192 0046230b p.lw             x6, 4(x12!)          x6=ffffffee x12=100000b4 x12:100000b0  PA:100000b0
20451004ns          341531 1c008196 2078788b p.lw             x17, x7(x16!)       x17=ffffffe3 x16=1000019c  x7:00000020 x16:1000017c  PA:1000017c
20451043ns          341533 1c00819a 43130733 p.mac            x14, x6, x17        x14=0000048a x14:00000280  x6:ffffffee x17:ffffffe3
20451063ns          341534 1c008192 0046230b p.lw             x6, 4(x12!)          x6=ffffffed x12=100000b8 x12:100000b4  PA:100000b4
20451083ns          341535 1c008196 2078788b p.lw             x17, x7(x16!)       x17=ffffffdb x16=100001bc  x7:00000020 x16:1000019c  PA:1000019c
20451123ns          341537 1c00819a 43130733 p.mac            x14, x6, x17        x14=00000749 x14:0000048a  x6:ffffffed x17:ffffffdb
20451143ns          341538 1c008192 0046230b p.lw             x6, 4(x12!)          x6=ffffffec x12=100000bc x12:100000b8  PA:100000b8
20451163ns          341539 1c008196 2078788b p.lw             x17, x7(x16!)       x17=ffffffd3 x16=100001dc  x7:00000020 x16:100001bc  PA:100001bc
20451202ns          341541 1c00819a 43130733 p.mac            x14, x6, x17        x14=00000acd x14:00000749  x6:ffffffec x17:ffffffd3
20451222ns          341542 1c008192 0046230b p.lw             x6, 4(x12!)          x6=ffffffeb x12=100000c0 x12:100000bc  PA:100000bc
20451242ns          341543 1c008196 2078788b p.lw             x17, x7(x16!)       x17=ffffffcb x16=100001fc  x7:00000020 x16:100001dc  PA:100001dc
20451282ns          341545 1c00819a 43130733 p.mac            x14, x6, x17        x14=00000f26 x14:00000acd  x6:ffffffeb x17:ffffffcb
20451302ns          341546 1c008192 0046230b p.lw             x6, 4(x12!)          x6=ffffffea x12=100000c4 x12:100000c0  PA:100000c0
20451322ns          341547 1c008196 2078788b p.lw             x17, x7(x16!)       x17=ffffffc3 x16=1000021c  x7:00000020 x16:100001fc  PA:100001fc
20451362ns          341549 1c00819a 43130733 p.mac            x14, x6, x17        x14=00001464 x14:00000f26  x6:ffffffea x17:ffffffc3
20451381ns          341550 1c00819e 00ef222b p.sw             x14, 4(x30!)        x30=100005c0 x14:00001464 x30:100005bc  PA:100005bc
20451401ns          341551 1c0081a2 004e8e93 addi             x29, x29, 4         x29=10000120 x29:1000011c
20451441ns          341553 1c00817e 40af87b3 sub              x15, x31, x10       x15=00000020 x31:100000c4 x10:100000a4
20451461ns          341554 1c008182 ffc78793 addi             x15, x15, -4        x15=0000001c x15:00000020
20451481ns          341555 1c008184 0027d793 srli             x15, x15, 0x2       x15=00000007 x15:0000001c
20451501ns          341556 1c008186 01d00833 add              x16, x0, x29        x16=10000120 x29:10000120
20451521ns          341557 1c008188 00a00633 add              x12, x0, x10        x12=100000a4 x10:100000a4
20451541ns          341558 1c00818a 00000713 addi             x14, x0, 0          x14=00000000
20451560ns          341559 1c00818c 00178793 addi             x15, x15, 1         x15=00000008 x15:00000007
20451580ns          341560 1c00818e 0067c0fb lp.setup         0x1, x15, 0x6       x15:00000008
20451600ns          341561 1c008192 0046230b p.lw             x6, 4(x12!)          x6=fffffff1 x12=100000a8 x12:100000a4  PA:100000a4
20451620ns          341562 1c008196 2078788b p.lw             x17, x7(x16!)       x17=fffffffa x16=10000140  x7:00000020 x16:10000120  PA:10000120
20451660ns          341564 1c00819a 43130733 p.mac            x14, x6, x17        x14=0000005a x14:00000000  x6:fffffff1 x17:fffffffa
20451680ns          341565 1c008192 0046230b p.lw             x6, 4(x12!)          x6=fffffff0 x12=100000ac x12:100000a8  PA:100000a8
20451700ns          341566 1c008196 2078788b p.lw             x17, x7(x16!)       x17=fffffff2 x16=10000160  x7:00000020 x16:10000140  PA:10000140
20451740ns          341568 1c00819a 43130733 p.mac            x14, x6, x17        x14=0000013a x14:0000005a  x6:fffffff0 x17:fffffff2
20451759ns          341569 1c008192 0046230b p.lw             x6, 4(x12!)          x6=ffffffef x12=100000b0 x12:100000ac  PA:100000ac
20451779ns          341570 1c008196 2078788b p.lw             x17, x7(x16!)       x17=ffffffea x16=10000180  x7:00000020 x16:10000160  PA:10000160
20451819ns          341572 1c00819a 43130733 p.mac            x14, x6, x17        x14=000002b0 x14:0000013a  x6:ffffffef x17:ffffffea
20451839ns          341573 1c008192 0046230b p.lw             x6, 4(x12!)          x6=ffffffee x12=100000b4 x12:100000b0  PA:100000b0
20451859ns          341574 1c008196 2078788b p.lw             x17, x7(x16!)       x17=ffffffe2 x16=100001a0  x7:00000020 x16:10000180  PA:10000180
20451899ns          341576 1c00819a 43130733 p.mac            x14, x6, x17        x14=000004cc x14:000002b0  x6:ffffffee x17:ffffffe2
20451919ns          341577 1c008192 0046230b p.lw             x6, 4(x12!)          x6=ffffffed x12=100000b8 x12:100000b4  PA:100000b4
20451938ns          341578 1c008196 2078788b p.lw             x17, x7(x16!)       x17=ffffffda x16=100001c0  x7:00000020 x16:100001a0  PA:100001a0
20451978ns          341580 1c00819a 43130733 p.mac            x14, x6, x17        x14=0000079e x14:000004cc  x6:ffffffed x17:ffffffda
20451998ns          341581 1c008192 0046230b p.lw             x6, 4(x12!)          x6=ffffffec x12=100000bc x12:100000b8  PA:100000b8
20452018ns          341582 1c008196 2078788b p.lw             x17, x7(x16!)       x17=ffffffd2 x16=100001e0  x7:00000020 x16:100001c0  PA:100001c0
20452058ns          341584 1c00819a 43130733 p.mac            x14, x6, x17        x14=00000b36 x14:0000079e  x6:ffffffec x17:ffffffd2
20452078ns          341585 1c008192 0046230b p.lw             x6, 4(x12!)          x6=ffffffeb x12=100000c0 x12:100000bc  PA:100000bc
20452098ns          341586 1c008196 2078788b p.lw             x17, x7(x16!)       x17=ffffffca x16=10000200  x7:00000020 x16:100001e0  PA:100001e0
20452137ns          341588 1c00819a 43130733 p.mac            x14, x6, x17        x14=00000fa4 x14:00000b36  x6:ffffffeb x17:ffffffca
20452157ns          341589 1c008192 0046230b p.lw             x6, 4(x12!)          x6=ffffffea x12=100000c4 x12:100000c0  PA:100000c0
20452177ns          341590 1c008196 2078788b p.lw             x17, x7(x16!)       x17=ffffffc2 x16=10000220  x7:00000020 x16:10000200  PA:10000200
20452217ns          341592 1c00819a 43130733 p.mac            x14, x6, x17        x14=000014f8 x14:00000fa4  x6:ffffffea x17:ffffffc2
20452237ns          341593 1c00819e 00ef222b p.sw             x14, 4(x30!)        x30=100005c4 x14:000014f8 x30:100005c0  PA:100005c0
20452257ns          341594 1c0081a2 004e8e93 addi             x29, x29, 4         x29=10000124 x29:10000120
20452277ns          341595 1c0081a4 00128293 addi             x5, x5, 1            x5=00000006  x5:00000005
20452296ns          341596 1c0081a6 00750533 add              x10, x10, x7        x10=100000c4 x10:100000a4  x7:00000020
20452316ns          341597 1c0081a8 007f8fb3 add              x31, x31, x7        x31=100000e4 x31:100000c4  x7:00000020
20452336ns          341598 1c0081aa fa569fe3 bne              x13, x5, -66        x13:00000008  x5:00000006
20452396ns          341601 1c008168 40b48e33 sub              x28, x9, x11        x28=00000020  x9:10000124 x11:10000104
20452416ns          341602 1c00816c ffce0e13 addi             x28, x28, -4        x28=0000001c x28:00000020
20452436ns          341603 1c00816e 002e5e13 srli             x28, x28, 0x2       x28=00000007 x28:0000001c
20452456ns          341604 1c008172 008f8f33 add              x30, x31, x8        x30=100005c4 x31:100000e4  x8:000004e0
20452475ns          341605 1c008176 00b00eb3 add              x29, x0, x11        x29=10000104 x11:10000104
20452495ns          341606 1c008178 001e0e13 addi             x28, x28, 1         x28=00000008 x28:00000007
20452515ns          341607 1c00817a 014e407b lp.setup         0x0, x28, 0x14      x28:00000008
20452535ns          341608 1c00817e 40af87b3 sub              x15, x31, x10       x15=00000020 x31:100000e4 x10:100000c4
20452555ns          341609 1c008182 ffc78793 addi             x15, x15, -4        x15=0000001c x15:00000020
20452575ns          341610 1c008184 0027d793 srli             x15, x15, 0x2       x15=00000007 x15:0000001c
20452595ns          341611 1c008186 01d00833 add              x16, x0, x29        x16=10000104 x29:10000104
20452615ns          341612 1c008188 00a00633 add              x12, x0, x10        x12=100000c4 x10:100000c4
20452635ns          341613 1c00818a 00000713 addi             x14, x0, 0          x14=00000000
20452654ns          341614 1c00818c 00178793 addi             x15, x15, 1         x15=00000008 x15:00000007
20452674ns          341615 1c00818e 0067c0fb lp.setup         0x1, x15, 0x6       x15:00000008
20452694ns          341616 1c008192 0046230b p.lw             x6, 4(x12!)          x6=ffffffe9 x12=100000c8 x12:100000c4  PA:100000c4
20452714ns          341617 1c008196 2078788b p.lw             x17, x7(x16!)       x17=00000001 x16=10000124  x7:00000020 x16:10000104  PA:10000104
20452754ns          341619 1c00819a 43130733 p.mac            x14, x6, x17        x14=ffffffe9 x14:00000000  x6:ffffffe9 x17:00000001
20452774ns          341620 1c008192 0046230b p.lw             x6, 4(x12!)          x6=ffffffe8 x12=100000cc x12:100000c8  PA:100000c8
20452794ns          341621 1c008196 2078788b p.lw             x17, x7(x16!)       x17=fffffff9 x16=10000144  x7:00000020 x16:10000124  PA:10000124
20452833ns          341623 1c00819a 43130733 p.mac            x14, x6, x17        x14=00000091 x14:ffffffe9  x6:ffffffe8 x17:fffffff9
20452853ns          341624 1c008192 0046230b p.lw             x6, 4(x12!)          x6=ffffffe7 x12=100000d0 x12:100000cc  PA:100000cc
20452873ns          341625 1c008196 2078788b p.lw             x17, x7(x16!)       x17=fffffff1 x16=10000164  x7:00000020 x16:10000144  PA:10000144
20452913ns          341627 1c00819a 43130733 p.mac            x14, x6, x17        x14=00000208 x14:00000091  x6:ffffffe7 x17:fffffff1
20452933ns          341628 1c008192 0046230b p.lw             x6, 4(x12!)          x6=ffffffe6 x12=100000d4 x12:100000d0  PA:100000d0
20452953ns          341629 1c008196 2078788b p.lw             x17, x7(x16!)       x17=ffffffe9 x16=10000184  x7:00000020 x16:10000164  PA:10000164
20452993ns          341631 1c00819a 43130733 p.mac            x14, x6, x17        x14=0000045e x14:00000208  x6:ffffffe6 x17:ffffffe9
20453013ns          341632 1c008192 0046230b p.lw             x6, 4(x12!)          x6=ffffffe5 x12=100000d8 x12:100000d4  PA:100000d4
20453032ns          341633 1c008196 2078788b p.lw             x17, x7(x16!)       x17=ffffffe1 x16=100001a4  x7:00000020 x16:10000184  PA:10000184
20453072ns          341635 1c00819a 43130733 p.mac            x14, x6, x17        x14=000007a3 x14:0000045e  x6:ffffffe5 x17:ffffffe1
20453092ns          341636 1c008192 0046230b p.lw             x6, 4(x12!)          x6=ffffffe4 x12=100000dc x12:100000d8  PA:100000d8
20453112ns          341637 1c008196 2078788b p.lw             x17, x7(x16!)       x17=ffffffd9 x16=100001c4  x7:00000020 x16:100001a4  PA:100001a4
20453152ns          341639 1c00819a 43130733 p.mac            x14, x6, x17        x14=00000be7 x14:000007a3  x6:ffffffe4 x17:ffffffd9
20453172ns          341640 1c008192 0046230b p.lw             x6, 4(x12!)          x6=ffffffe3 x12=100000e0 x12:100000dc  PA:100000dc
20453192ns          341641 1c008196 2078788b p.lw             x17, x7(x16!)       x17=ffffffd1 x16=100001e4  x7:00000020 x16:100001c4  PA:100001c4
20453231ns          341643 1c00819a 43130733 p.mac            x14, x6, x17        x14=0000113a x14:00000be7  x6:ffffffe3 x17:ffffffd1
20453251ns          341644 1c008192 0046230b p.lw             x6, 4(x12!)          x6=ffffffe2 x12=100000e4 x12:100000e0  PA:100000e0
20453271ns          341645 1c008196 2078788b p.lw             x17, x7(x16!)       x17=ffffffc9 x16=10000204  x7:00000020 x16:100001e4  PA:100001e4
20453311ns          341647 1c00819a 43130733 p.mac            x14, x6, x17        x14=000017ac x14:0000113a  x6:ffffffe2 x17:ffffffc9
20453331ns          341648 1c00819e 00ef222b p.sw             x14, 4(x30!)        x30=100005c8 x14:000017ac x30:100005c4  PA:100005c4
20453351ns          341649 1c0081a2 004e8e93 addi             x29, x29, 4         x29=10000108 x29:10000104
20453390ns          341651 1c00817e 40af87b3 sub              x15, x31, x10       x15=00000020 x31:100000e4 x10:100000c4
20453410ns          341652 1c008182 ffc78793 addi             x15, x15, -4        x15=0000001c x15:00000020
20453430ns          341653 1c008184 0027d793 srli             x15, x15, 0x2       x15=00000007 x15:0000001c
20453450ns          341654 1c008186 01d00833 add              x16, x0, x29        x16=10000108 x29:10000108
20453470ns          341655 1c008188 00a00633 add              x12, x0, x10        x12=100000c4 x10:100000c4
20453490ns          341656 1c00818a 00000713 addi             x14, x0, 0          x14=00000000
20453510ns          341657 1c00818c 00178793 addi             x15, x15, 1         x15=00000008 x15:00000007
20453530ns          341658 1c00818e 0067c0fb lp.setup         0x1, x15, 0x6       x15:00000008
20453550ns          341659 1c008192 0046230b p.lw             x6, 4(x12!)          x6=ffffffe9 x12=100000c8 x12:100000c4  PA:100000c4
20453569ns          341660 1c008196 2078788b p.lw             x17, x7(x16!)       x17=00000000 x16=10000128  x7:00000020 x16:10000108  PA:10000108
20453609ns          341662 1c00819a 43130733 p.mac            x14, x6, x17        x14=00000000 x14:00000000  x6:ffffffe9 x17:00000000
20453629ns          341663 1c008192 0046230b p.lw             x6, 4(x12!)          x6=ffffffe8 x12=100000cc x12:100000c8  PA:100000c8
20453649ns          341664 1c008196 2078788b p.lw             x17, x7(x16!)       x17=fffffff8 x16=10000148  x7:00000020 x16:10000128  PA:10000128
20453689ns          341666 1c00819a 43130733 p.mac            x14, x6, x17        x14=000000c0 x14:00000000  x6:ffffffe8 x17:fffffff8
20453709ns          341667 1c008192 0046230b p.lw             x6, 4(x12!)          x6=ffffffe7 x12=100000d0 x12:100000cc  PA:100000cc
20453729ns          341668 1c008196 2078788b p.lw             x17, x7(x16!)       x17=fffffff0 x16=10000168  x7:00000020 x16:10000148  PA:10000148
20453788ns          341671 1c00819a 43130733 p.mac            x14, x6, x17        x14=00000250 x14:000000c0  x6:ffffffe7 x17:fffffff0
20453808ns          341672 1c008192 0046230b p.lw             x6, 4(x12!)          x6=ffffffe6 x12=100000d4 x12:100000d0  PA:100000d0
20453828ns          341673 1c008196 2078788b p.lw             x17, x7(x16!)       x17=ffffffe8 x16=10000188  x7:00000020 x16:10000168  PA:10000168
20453868ns          341675 1c00819a 43130733 p.mac            x14, x6, x17        x14=000004c0 x14:00000250  x6:ffffffe6 x17:ffffffe8
20453888ns          341676 1c008192 0046230b p.lw             x6, 4(x12!)          x6=ffffffe5 x12=100000d8 x12:100000d4  PA:100000d4
20453908ns          341677 1c008196 2078788b p.lw             x17, x7(x16!)       x17=ffffffe0 x16=100001a8  x7:00000020 x16:10000188  PA:10000188
20453947ns          341679 1c00819a 43130733 p.mac            x14, x6, x17        x14=00000820 x14:000004c0  x6:ffffffe5 x17:ffffffe0
20453967ns          341680 1c008192 0046230b p.lw             x6, 4(x12!)          x6=ffffffe4 x12=100000dc x12:100000d8  PA:100000d8
20453987ns          341681 1c008196 2078788b p.lw             x17, x7(x16!)       x17=ffffffd8 x16=100001c8  x7:00000020 x16:100001a8  PA:100001a8
20454027ns          341683 1c00819a 43130733 p.mac            x14, x6, x17        x14=00000c80 x14:00000820  x6:ffffffe4 x17:ffffffd8
20454047ns          341684 1c008192 0046230b p.lw             x6, 4(x12!)          x6=ffffffe3 x12=100000e0 x12:100000dc  PA:100000dc
20454067ns          341685 1c008196 2078788b p.lw             x17, x7(x16!)       x17=ffffffd0 x16=100001e8  x7:00000020 x16:100001c8  PA:100001c8
20454107ns          341687 1c00819a 43130733 p.mac            x14, x6, x17        x14=000011f0 x14:00000c80  x6:ffffffe3 x17:ffffffd0
20454126ns          341688 1c008192 0046230b p.lw             x6, 4(x12!)          x6=ffffffe2 x12=100000e4 x12:100000e0  PA:100000e0
20454146ns          341689 1c008196 2078788b p.lw             x17, x7(x16!)       x17=ffffffc8 x16=10000208  x7:00000020 x16:100001e8  PA:100001e8
20454186ns          341691 1c00819a 43130733 p.mac            x14, x6, x17        x14=00001880 x14:000011f0  x6:ffffffe2 x17:ffffffc8
20454206ns          341692 1c00819e 00ef222b p.sw             x14, 4(x30!)        x30=100005cc x14:00001880 x30:100005c8  PA:100005c8
20454226ns          341693 1c0081a2 004e8e93 addi             x29, x29, 4         x29=1000010c x29:10000108
20454266ns          341695 1c00817e 40af87b3 sub              x15, x31, x10       x15=00000020 x31:100000e4 x10:100000c4
20454286ns          341696 1c008182 ffc78793 addi             x15, x15, -4        x15=0000001c x15:00000020
20454305ns          341697 1c008184 0027d793 srli             x15, x15, 0x2       x15=00000007 x15:0000001c
20454325ns          341698 1c008186 01d00833 add              x16, x0, x29        x16=1000010c x29:1000010c
20454345ns          341699 1c008188 00a00633 add              x12, x0, x10        x12=100000c4 x10:100000c4
20454365ns          341700 1c00818a 00000713 addi             x14, x0, 0          x14=00000000
20454385ns          341701 1c00818c 00178793 addi             x15, x15, 1         x15=00000008 x15:00000007
20454405ns          341702 1c00818e 0067c0fb lp.setup         0x1, x15, 0x6       x15:00000008
20454425ns          341703 1c008192 0046230b p.lw             x6, 4(x12!)          x6=ffffffe9 x12=100000c8 x12:100000c4  PA:100000c4
20454445ns          341704 1c008196 2078788b p.lw             x17, x7(x16!)       x17=ffffffff x16=1000012c  x7:00000020 x16:1000010c  PA:1000010c
20454484ns          341706 1c00819a 43130733 p.mac            x14, x6, x17        x14=00000017 x14:00000000  x6:ffffffe9 x17:ffffffff
20454504ns          341707 1c008192 0046230b p.lw             x6, 4(x12!)          x6=ffffffe8 x12=100000cc x12:100000c8  PA:100000c8
20454524ns          341708 1c008196 2078788b p.lw             x17, x7(x16!)       x17=fffffff7 x16=1000014c  x7:00000020 x16:1000012c  PA:1000012c
20454564ns          341710 1c00819a 43130733 p.mac            x14, x6, x17        x14=000000ef x14:00000017  x6:ffffffe8 x17:fffffff7
20454584ns          341711 1c008192 0046230b p.lw             x6, 4(x12!)          x6=ffffffe7 x12=100000d0 x12:100000cc  PA:100000cc
20454604ns          341712 1c008196 2078788b p.lw             x17, x7(x16!)       x17=ffffffef x16=1000016c  x7:00000020 x16:1000014c  PA:1000014c
20454644ns          341714 1c00819a 43130733 p.mac            x14, x6, x17        x14=00000298 x14:000000ef  x6:ffffffe7 x17:ffffffef
20454663ns          341715 1c008192 0046230b p.lw             x6, 4(x12!)          x6=ffffffe6 x12=100000d4 x12:100000d0  PA:100000d0
20454683ns          341716 1c008196 2078788b p.lw             x17, x7(x16!)       x17=ffffffe7 x16=1000018c  x7:00000020 x16:1000016c  PA:1000016c
20454723ns          341718 1c00819a 43130733 p.mac            x14, x6, x17        x14=00000522 x14:00000298  x6:ffffffe6 x17:ffffffe7
20454743ns          341719 1c008192 0046230b p.lw             x6, 4(x12!)          x6=ffffffe5 x12=100000d8 x12:100000d4  PA:100000d4
20454763ns          341720 1c008196 2078788b p.lw             x17, x7(x16!)       x17=ffffffdf x16=100001ac  x7:00000020 x16:1000018c  PA:1000018c
20454803ns          341722 1c00819a 43130733 p.mac            x14, x6, x17        x14=0000089d x14:00000522  x6:ffffffe5 x17:ffffffdf
20454823ns          341723 1c008192 0046230b p.lw             x6, 4(x12!)          x6=ffffffe4 x12=100000dc x12:100000d8  PA:100000d8
20454842ns          341724 1c008196 2078788b p.lw             x17, x7(x16!)       x17=ffffffd7 x16=100001cc  x7:00000020 x16:100001ac  PA:100001ac
20454882ns          341726 1c00819a 43130733 p.mac            x14, x6, x17        x14=00000d19 x14:0000089d  x6:ffffffe4 x17:ffffffd7
20454902ns          341727 1c008192 0046230b p.lw             x6, 4(x12!)          x6=ffffffe3 x12=100000e0 x12:100000dc  PA:100000dc
20454922ns          341728 1c008196 2078788b p.lw             x17, x7(x16!)       x17=ffffffcf x16=100001ec  x7:00000020 x16:100001cc  PA:100001cc
20454962ns          341730 1c00819a 43130733 p.mac            x14, x6, x17        x14=000012a6 x14:00000d19  x6:ffffffe3 x17:ffffffcf
20454982ns          341731 1c008192 0046230b p.lw             x6, 4(x12!)          x6=ffffffe2 x12=100000e4 x12:100000e0  PA:100000e0
20455002ns          341732 1c008196 2078788b p.lw             x17, x7(x16!)       x17=ffffffc7 x16=1000020c  x7:00000020 x16:100001ec  PA:100001ec
20455041ns          341734 1c00819a 43130733 p.mac            x14, x6, x17        x14=00001954 x14:000012a6  x6:ffffffe2 x17:ffffffc7
20455061ns          341735 1c00819e 00ef222b p.sw             x14, 4(x30!)        x30=100005d0 x14:00001954 x30:100005cc  PA:100005cc
20455081ns          341736 1c0081a2 004e8e93 addi             x29, x29, 4         x29=10000110 x29:1000010c
20455121ns          341738 1c00817e 40af87b3 sub              x15, x31, x10       x15=00000020 x31:100000e4 x10:100000c4
20455141ns          341739 1c008182 ffc78793 addi             x15, x15, -4        x15=0000001c x15:00000020
20455161ns          341740 1c008184 0027d793 srli             x15, x15, 0x2       x15=00000007 x15:0000001c
20455181ns          341741 1c008186 01d00833 add              x16, x0, x29        x16=10000110 x29:10000110
20455200ns          341742 1c008188 00a00633 add              x12, x0, x10        x12=100000c4 x10:100000c4
20455220ns          341743 1c00818a 00000713 addi             x14, x0, 0          x14=00000000
20455240ns          341744 1c00818c 00178793 addi             x15, x15, 1         x15=00000008 x15:00000007
20455260ns          341745 1c00818e 0067c0fb lp.setup         0x1, x15, 0x6       x15:00000008
20455280ns          341746 1c008192 0046230b p.lw             x6, 4(x12!)          x6=ffffffe9 x12=100000c8 x12:100000c4  PA:100000c4
20455300ns          341747 1c008196 2078788b p.lw             x17, x7(x16!)       x17=fffffffe x16=10000130  x7:00000020 x16:10000110  PA:10000110
20455340ns          341749 1c00819a 43130733 p.mac            x14, x6, x17        x14=0000002e x14:00000000  x6:ffffffe9 x17:fffffffe
20455360ns          341750 1c008192 0046230b p.lw             x6, 4(x12!)          x6=ffffffe8 x12=100000cc x12:100000c8  PA:100000c8
20455380ns          341751 1c008196 2078788b p.lw             x17, x7(x16!)       x17=fffffff6 x16=10000150  x7:00000020 x16:10000130  PA:10000130
20455419ns          341753 1c00819a 43130733 p.mac            x14, x6, x17        x14=0000011e x14:0000002e  x6:ffffffe8 x17:fffffff6
20455439ns          341754 1c008192 0046230b p.lw             x6, 4(x12!)          x6=ffffffe7 x12=100000d0 x12:100000cc  PA:100000cc
20455459ns          341755 1c008196 2078788b p.lw             x17, x7(x16!)       x17=ffffffee x16=10000170  x7:00000020 x16:10000150  PA:10000150
20455499ns          341757 1c00819a 43130733 p.mac            x14, x6, x17        x14=000002e0 x14:0000011e  x6:ffffffe7 x17:ffffffee
20455519ns          341758 1c008192 0046230b p.lw             x6, 4(x12!)          x6=ffffffe6 x12=100000d4 x12:100000d0  PA:100000d0
20455539ns          341759 1c008196 2078788b p.lw             x17, x7(x16!)       x17=ffffffe6 x16=10000190  x7:00000020 x16:10000170  PA:10000170
20455578ns          341761 1c00819a 43130733 p.mac            x14, x6, x17        x14=00000584 x14:000002e0  x6:ffffffe6 x17:ffffffe6
20455598ns          341762 1c008192 0046230b p.lw             x6, 4(x12!)          x6=ffffffe5 x12=100000d8 x12:100000d4  PA:100000d4
20455618ns          341763 1c008196 2078788b p.lw             x17, x7(x16!)       x17=ffffffde x16=100001b0  x7:00000020 x16:10000190  PA:10000190
20455658ns          341765 1c00819a 43130733 p.mac            x14, x6, x17        x14=0000091a x14:00000584  x6:ffffffe5 x17:ffffffde
20455678ns          341766 1c008192 0046230b p.lw             x6, 4(x12!)          x6=ffffffe4 x12=100000dc x12:100000d8  PA:100000d8
20455698ns          341767 1c008196 2078788b p.lw             x17, x7(x16!)       x17=ffffffd6 x16=100001d0  x7:00000020 x16:100001b0  PA:100001b0
20455738ns          341769 1c00819a 43130733 p.mac            x14, x6, x17        x14=00000db2 x14:0000091a  x6:ffffffe4 x17:ffffffd6
20455757ns          341770 1c008192 0046230b p.lw             x6, 4(x12!)          x6=ffffffe3 x12=100000e0 x12:100000dc  PA:100000dc
20455777ns          341771 1c008196 2078788b p.lw             x17, x7(x16!)       x17=ffffffce x16=100001f0  x7:00000020 x16:100001d0  PA:100001d0
20455817ns          341773 1c00819a 43130733 p.mac            x14, x6, x17        x14=0000135c x14:00000db2  x6:ffffffe3 x17:ffffffce
20455837ns          341774 1c008192 0046230b p.lw             x6, 4(x12!)          x6=ffffffe2 x12=100000e4 x12:100000e0  PA:100000e0
20455857ns          341775 1c008196 2078788b p.lw             x17, x7(x16!)       x17=ffffffc6 x16=10000210  x7:00000020 x16:100001f0  PA:100001f0
20455897ns          341777 1c00819a 43130733 p.mac            x14, x6, x17        x14=00001a28 x14:0000135c  x6:ffffffe2 x17:ffffffc6
20455917ns          341778 1c00819e 00ef222b p.sw             x14, 4(x30!)        x30=100005d4 x14:00001a28 x30:100005d0  PA:100005d0
20455936ns          341779 1c0081a2 004e8e93 addi             x29, x29, 4         x29=10000114 x29:10000110
20455976ns          341781 1c00817e 40af87b3 sub              x15, x31, x10       x15=00000020 x31:100000e4 x10:100000c4
20455996ns          341782 1c008182 ffc78793 addi             x15, x15, -4        x15=0000001c x15:00000020
20456016ns          341783 1c008184 0027d793 srli             x15, x15, 0x2       x15=00000007 x15:0000001c
20456036ns          341784 1c008186 01d00833 add              x16, x0, x29        x16=10000114 x29:10000114
20456056ns          341785 1c008188 00a00633 add              x12, x0, x10        x12=100000c4 x10:100000c4
20456076ns          341786 1c00818a 00000713 addi             x14, x0, 0          x14=00000000
20456096ns          341787 1c00818c 00178793 addi             x15, x15, 1         x15=00000008 x15:00000007
20456115ns          341788 1c00818e 0067c0fb lp.setup         0x1, x15, 0x6       x15:00000008
20456135ns          341789 1c008192 0046230b p.lw             x6, 4(x12!)          x6=ffffffe9 x12=100000c8 x12:100000c4  PA:100000c4
20456155ns          341790 1c008196 2078788b p.lw             x17, x7(x16!)       x17=fffffffd x16=10000134  x7:00000020 x16:10000114  PA:10000114
20456195ns          341792 1c00819a 43130733 p.mac            x14, x6, x17        x14=00000045 x14:00000000  x6:ffffffe9 x17:fffffffd
20456215ns          341793 1c008192 0046230b p.lw             x6, 4(x12!)          x6=ffffffe8 x12=100000cc x12:100000c8  PA:100000c8
20456235ns          341794 1c008196 2078788b p.lw             x17, x7(x16!)       x17=fffffff5 x16=10000154  x7:00000020 x16:10000134  PA:10000134
20456275ns          341796 1c00819a 43130733 p.mac            x14, x6, x17        x14=0000014d x14:00000045  x6:ffffffe8 x17:fffffff5
20456294ns          341797 1c008192 0046230b p.lw             x6, 4(x12!)          x6=ffffffe7 x12=100000d0 x12:100000cc  PA:100000cc
20456314ns          341798 1c008196 2078788b p.lw             x17, x7(x16!)       x17=ffffffed x16=10000174  x7:00000020 x16:10000154  PA:10000154
20456354ns          341800 1c00819a 43130733 p.mac            x14, x6, x17        x14=00000328 x14:0000014d  x6:ffffffe7 x17:ffffffed
20456374ns          341801 1c008192 0046230b p.lw             x6, 4(x12!)          x6=ffffffe6 x12=100000d4 x12:100000d0  PA:100000d0
20456394ns          341802 1c008196 2078788b p.lw             x17, x7(x16!)       x17=ffffffe5 x16=10000194  x7:00000020 x16:10000174  PA:10000174
20456434ns          341804 1c00819a 43130733 p.mac            x14, x6, x17        x14=000005e6 x14:00000328  x6:ffffffe6 x17:ffffffe5
20456454ns          341805 1c008192 0046230b p.lw             x6, 4(x12!)          x6=ffffffe5 x12=100000d8 x12:100000d4  PA:100000d4
20456474ns          341806 1c008196 2078788b p.lw             x17, x7(x16!)       x17=ffffffdd x16=100001b4  x7:00000020 x16:10000194  PA:10000194
20456513ns          341808 1c00819a 43130733 p.mac            x14, x6, x17        x14=00000997 x14:000005e6  x6:ffffffe5 x17:ffffffdd
20456533ns          341809 1c008192 0046230b p.lw             x6, 4(x12!)          x6=ffffffe4 x12=100000dc x12:100000d8  PA:100000d8
20456553ns          341810 1c008196 2078788b p.lw             x17, x7(x16!)       x17=ffffffd5 x16=100001d4  x7:00000020 x16:100001b4  PA:100001b4
20456593ns          341812 1c00819a 43130733 p.mac            x14, x6, x17        x14=00000e4b x14:00000997  x6:ffffffe4 x17:ffffffd5
20456613ns          341813 1c008192 0046230b p.lw             x6, 4(x12!)          x6=ffffffe3 x12=100000e0 x12:100000dc  PA:100000dc
20456633ns          341814 1c008196 2078788b p.lw             x17, x7(x16!)       x17=ffffffcd x16=100001f4  x7:00000020 x16:100001d4  PA:100001d4
20456672ns          341816 1c00819a 43130733 p.mac            x14, x6, x17        x14=00001412 x14:00000e4b  x6:ffffffe3 x17:ffffffcd
20456692ns          341817 1c008192 0046230b p.lw             x6, 4(x12!)          x6=ffffffe2 x12=100000e4 x12:100000e0  PA:100000e0
20456712ns          341818 1c008196 2078788b p.lw             x17, x7(x16!)       x17=ffffffc5 x16=10000214  x7:00000020 x16:100001f4  PA:100001f4
20456752ns          341820 1c00819a 43130733 p.mac            x14, x6, x17        x14=00001afc x14:00001412  x6:ffffffe2 x17:ffffffc5
20456772ns          341821 1c00819e 00ef222b p.sw             x14, 4(x30!)        x30=100005d8 x14:00001afc x30:100005d4  PA:100005d4
20456792ns          341822 1c0081a2 004e8e93 addi             x29, x29, 4         x29=10000118 x29:10000114
20456832ns          341824 1c00817e 40af87b3 sub              x15, x31, x10       x15=00000020 x31:100000e4 x10:100000c4
20456851ns          341825 1c008182 ffc78793 addi             x15, x15, -4        x15=0000001c x15:00000020
20456871ns          341826 1c008184 0027d793 srli             x15, x15, 0x2       x15=00000007 x15:0000001c
20456891ns          341827 1c008186 01d00833 add              x16, x0, x29        x16=10000118 x29:10000118
20456911ns          341828 1c008188 00a00633 add              x12, x0, x10        x12=100000c4 x10:100000c4
20456931ns          341829 1c00818a 00000713 addi             x14, x0, 0          x14=00000000
20456951ns          341830 1c00818c 00178793 addi             x15, x15, 1         x15=00000008 x15:00000007
20456971ns          341831 1c00818e 0067c0fb lp.setup         0x1, x15, 0x6       x15:00000008
20456991ns          341832 1c008192 0046230b p.lw             x6, 4(x12!)          x6=ffffffe9 x12=100000c8 x12:100000c4  PA:100000c4
20457011ns          341833 1c008196 2078788b p.lw             x17, x7(x16!)       x17=fffffffc x16=10000138  x7:00000020 x16:10000118  PA:10000118
20457050ns          341835 1c00819a 43130733 p.mac            x14, x6, x17        x14=0000005c x14:00000000  x6:ffffffe9 x17:fffffffc
20457070ns          341836 1c008192 0046230b p.lw             x6, 4(x12!)          x6=ffffffe8 x12=100000cc x12:100000c8  PA:100000c8
20457090ns          341837 1c008196 2078788b p.lw             x17, x7(x16!)       x17=fffffff4 x16=10000158  x7:00000020 x16:10000138  PA:10000138
20457130ns          341839 1c00819a 43130733 p.mac            x14, x6, x17        x14=0000017c x14:0000005c  x6:ffffffe8 x17:fffffff4
20457150ns          341840 1c008192 0046230b p.lw             x6, 4(x12!)          x6=ffffffe7 x12=100000d0 x12:100000cc  PA:100000cc
20457170ns          341841 1c008196 2078788b p.lw             x17, x7(x16!)       x17=ffffffec x16=10000178  x7:00000020 x16:10000158  PA:10000158
20457209ns          341843 1c00819a 43130733 p.mac            x14, x6, x17        x14=00000370 x14:0000017c  x6:ffffffe7 x17:ffffffec
20457229ns          341844 1c008192 0046230b p.lw             x6, 4(x12!)          x6=ffffffe6 x12=100000d4 x12:100000d0  PA:100000d0
20457249ns          341845 1c008196 2078788b p.lw             x17, x7(x16!)       x17=ffffffe4 x16=10000198  x7:00000020 x16:10000178  PA:10000178
20457289ns          341847 1c00819a 43130733 p.mac            x14, x6, x17        x14=00000648 x14:00000370  x6:ffffffe6 x17:ffffffe4
20457309ns          341848 1c008192 0046230b p.lw             x6, 4(x12!)          x6=ffffffe5 x12=100000d8 x12:100000d4  PA:100000d4
20457329ns          341849 1c008196 2078788b p.lw             x17, x7(x16!)       x17=ffffffdc x16=100001b8  x7:00000020 x16:10000198  PA:10000198
20457369ns          341851 1c00819a 43130733 p.mac            x14, x6, x17        x14=00000a14 x14:00000648  x6:ffffffe5 x17:ffffffdc
20457388ns          341852 1c008192 0046230b p.lw             x6, 4(x12!)          x6=ffffffe4 x12=100000dc x12:100000d8  PA:100000d8
20457408ns          341853 1c008196 2078788b p.lw             x17, x7(x16!)       x17=ffffffd4 x16=100001d8  x7:00000020 x16:100001b8  PA:100001b8
20457448ns          341855 1c00819a 43130733 p.mac            x14, x6, x17        x14=00000ee4 x14:00000a14  x6:ffffffe4 x17:ffffffd4
20457468ns          341856 1c008192 0046230b p.lw             x6, 4(x12!)          x6=ffffffe3 x12=100000e0 x12:100000dc  PA:100000dc
20457488ns          341857 1c008196 2078788b p.lw             x17, x7(x16!)       x17=ffffffcc x16=100001f8  x7:00000020 x16:100001d8  PA:100001d8
20457528ns          341859 1c00819a 43130733 p.mac            x14, x6, x17        x14=000014c8 x14:00000ee4  x6:ffffffe3 x17:ffffffcc
20457548ns          341860 1c008192 0046230b p.lw             x6, 4(x12!)          x6=ffffffe2 x12=100000e4 x12:100000e0  PA:100000e0
20457567ns          341861 1c008196 2078788b p.lw             x17, x7(x16!)       x17=ffffffc4 x16=10000218  x7:00000020 x16:100001f8  PA:100001f8
20457607ns          341863 1c00819a 43130733 p.mac            x14, x6, x17        x14=00001bd0 x14:000014c8  x6:ffffffe2 x17:ffffffc4
20457627ns          341864 1c00819e 00ef222b p.sw             x14, 4(x30!)        x30=100005dc x14:00001bd0 x30:100005d8  PA:100005d8
20457647ns          341865 1c0081a2 004e8e93 addi             x29, x29, 4         x29=1000011c x29:10000118
20457687ns          341867 1c00817e 40af87b3 sub              x15, x31, x10       x15=00000020 x31:100000e4 x10:100000c4
20457707ns          341868 1c008182 ffc78793 addi             x15, x15, -4        x15=0000001c x15:00000020
20457727ns          341869 1c008184 0027d793 srli             x15, x15, 0x2       x15=00000007 x15:0000001c
20457747ns          341870 1c008186 01d00833 add              x16, x0, x29        x16=1000011c x29:1000011c
20457766ns          341871 1c008188 00a00633 add              x12, x0, x10        x12=100000c4 x10:100000c4
20457786ns          341872 1c00818a 00000713 addi             x14, x0, 0          x14=00000000
20457806ns          341873 1c00818c 00178793 addi             x15, x15, 1         x15=00000008 x15:00000007
20457826ns          341874 1c00818e 0067c0fb lp.setup         0x1, x15, 0x6       x15:00000008
20457846ns          341875 1c008192 0046230b p.lw             x6, 4(x12!)          x6=ffffffe9 x12=100000c8 x12:100000c4  PA:100000c4
20457866ns          341876 1c008196 2078788b p.lw             x17, x7(x16!)       x17=fffffffb x16=1000013c  x7:00000020 x16:1000011c  PA:1000011c
20457906ns          341878 1c00819a 43130733 p.mac            x14, x6, x17        x14=00000073 x14:00000000  x6:ffffffe9 x17:fffffffb
20457926ns          341879 1c008192 0046230b p.lw             x6, 4(x12!)          x6=ffffffe8 x12=100000cc x12:100000c8  PA:100000c8
20457945ns          341880 1c008196 2078788b p.lw             x17, x7(x16!)       x17=fffffff3 x16=1000015c  x7:00000020 x16:1000013c  PA:1000013c
20457985ns          341882 1c00819a 43130733 p.mac            x14, x6, x17        x14=000001ab x14:00000073  x6:ffffffe8 x17:fffffff3
20458005ns          341883 1c008192 0046230b p.lw             x6, 4(x12!)          x6=ffffffe7 x12=100000d0 x12:100000cc  PA:100000cc
20458025ns          341884 1c008196 2078788b p.lw             x17, x7(x16!)       x17=ffffffeb x16=1000017c  x7:00000020 x16:1000015c  PA:1000015c
20458065ns          341886 1c00819a 43130733 p.mac            x14, x6, x17        x14=000003b8 x14:000001ab  x6:ffffffe7 x17:ffffffeb
20458085ns          341887 1c008192 0046230b p.lw             x6, 4(x12!)          x6=ffffffe6 x12=100000d4 x12:100000d0  PA:100000d0
20458105ns          341888 1c008196 2078788b p.lw             x17, x7(x16!)       x17=ffffffe3 x16=1000019c  x7:00000020 x16:1000017c  PA:1000017c
20458144ns          341890 1c00819a 43130733 p.mac            x14, x6, x17        x14=000006aa x14:000003b8  x6:ffffffe6 x17:ffffffe3
20458164ns          341891 1c008192 0046230b p.lw             x6, 4(x12!)          x6=ffffffe5 x12=100000d8 x12:100000d4  PA:100000d4
20458184ns          341892 1c008196 2078788b p.lw             x17, x7(x16!)       x17=ffffffdb x16=100001bc  x7:00000020 x16:1000019c  PA:1000019c
20458224ns          341894 1c00819a 43130733 p.mac            x14, x6, x17        x14=00000a91 x14:000006aa  x6:ffffffe5 x17:ffffffdb
20458244ns          341895 1c008192 0046230b p.lw             x6, 4(x12!)          x6=ffffffe4 x12=100000dc x12:100000d8  PA:100000d8
20458264ns          341896 1c008196 2078788b p.lw             x17, x7(x16!)       x17=ffffffd3 x16=100001dc  x7:00000020 x16:100001bc  PA:100001bc
20458303ns          341898 1c00819a 43130733 p.mac            x14, x6, x17        x14=00000f7d x14:00000a91  x6:ffffffe4 x17:ffffffd3
20458323ns          341899 1c008192 0046230b p.lw             x6, 4(x12!)          x6=ffffffe3 x12=100000e0 x12:100000dc  PA:100000dc
20458343ns          341900 1c008196 2078788b p.lw             x17, x7(x16!)       x17=ffffffcb x16=100001fc  x7:00000020 x16:100001dc  PA:100001dc
20458383ns          341902 1c00819a 43130733 p.mac            x14, x6, x17        x14=0000157e x14:00000f7d  x6:ffffffe3 x17:ffffffcb
20458403ns          341903 1c008192 0046230b p.lw             x6, 4(x12!)          x6=ffffffe2 x12=100000e4 x12:100000e0  PA:100000e0
20458423ns          341904 1c008196 2078788b p.lw             x17, x7(x16!)       x17=ffffffc3 x16=1000021c  x7:00000020 x16:100001fc  PA:100001fc
20458463ns          341906 1c00819a 43130733 p.mac            x14, x6, x17        x14=00001ca4 x14:0000157e  x6:ffffffe2 x17:ffffffc3
20458482ns          341907 1c00819e 00ef222b p.sw             x14, 4(x30!)        x30=100005e0 x14:00001ca4 x30:100005dc  PA:100005dc
20458502ns          341908 1c0081a2 004e8e93 addi             x29, x29, 4         x29=10000120 x29:1000011c
20458542ns          341910 1c00817e 40af87b3 sub              x15, x31, x10       x15=00000020 x31:100000e4 x10:100000c4
20458562ns          341911 1c008182 ffc78793 addi             x15, x15, -4        x15=0000001c x15:00000020
20458582ns          341912 1c008184 0027d793 srli             x15, x15, 0x2       x15=00000007 x15:0000001c
20458602ns          341913 1c008186 01d00833 add              x16, x0, x29        x16=10000120 x29:10000120
20458622ns          341914 1c008188 00a00633 add              x12, x0, x10        x12=100000c4 x10:100000c4
20458642ns          341915 1c00818a 00000713 addi             x14, x0, 0          x14=00000000
20458661ns          341916 1c00818c 00178793 addi             x15, x15, 1         x15=00000008 x15:00000007
20458681ns          341917 1c00818e 0067c0fb lp.setup         0x1, x15, 0x6       x15:00000008
20458701ns          341918 1c008192 0046230b p.lw             x6, 4(x12!)          x6=ffffffe9 x12=100000c8 x12:100000c4  PA:100000c4
20458721ns          341919 1c008196 2078788b p.lw             x17, x7(x16!)       x17=fffffffa x16=10000140  x7:00000020 x16:10000120  PA:10000120
20458761ns          341921 1c00819a 43130733 p.mac            x14, x6, x17        x14=0000008a x14:00000000  x6:ffffffe9 x17:fffffffa
20458781ns          341922 1c008192 0046230b p.lw             x6, 4(x12!)          x6=ffffffe8 x12=100000cc x12:100000c8  PA:100000c8
20458801ns          341923 1c008196 2078788b p.lw             x17, x7(x16!)       x17=fffffff2 x16=10000160  x7:00000020 x16:10000140  PA:10000140
20458841ns          341925 1c00819a 43130733 p.mac            x14, x6, x17        x14=000001da x14:0000008a  x6:ffffffe8 x17:fffffff2
20458860ns          341926 1c008192 0046230b p.lw             x6, 4(x12!)          x6=ffffffe7 x12=100000d0 x12:100000cc  PA:100000cc
20458880ns          341927 1c008196 2078788b p.lw             x17, x7(x16!)       x17=ffffffea x16=10000180  x7:00000020 x16:10000160  PA:10000160
20458920ns          341929 1c00819a 43130733 p.mac            x14, x6, x17        x14=00000400 x14:000001da  x6:ffffffe7 x17:ffffffea
20458940ns          341930 1c008192 0046230b p.lw             x6, 4(x12!)          x6=ffffffe6 x12=100000d4 x12:100000d0  PA:100000d0
20458960ns          341931 1c008196 2078788b p.lw             x17, x7(x16!)       x17=ffffffe2 x16=100001a0  x7:00000020 x16:10000180  PA:10000180
20459000ns          341933 1c00819a 43130733 p.mac            x14, x6, x17        x14=0000070c x14:00000400  x6:ffffffe6 x17:ffffffe2
20459020ns          341934 1c008192 0046230b p.lw             x6, 4(x12!)          x6=ffffffe5 x12=100000d8 x12:100000d4  PA:100000d4
20459039ns          341935 1c008196 2078788b p.lw             x17, x7(x16!)       x17=ffffffda x16=100001c0  x7:00000020 x16:100001a0  PA:100001a0
20459079ns          341937 1c00819a 43130733 p.mac            x14, x6, x17        x14=00000b0e x14:0000070c  x6:ffffffe5 x17:ffffffda
20459099ns          341938 1c008192 0046230b p.lw             x6, 4(x12!)          x6=ffffffe4 x12=100000dc x12:100000d8  PA:100000d8
20459119ns          341939 1c008196 2078788b p.lw             x17, x7(x16!)       x17=ffffffd2 x16=100001e0  x7:00000020 x16:100001c0  PA:100001c0
20459159ns          341941 1c00819a 43130733 p.mac            x14, x6, x17        x14=00001016 x14:00000b0e  x6:ffffffe4 x17:ffffffd2
20459179ns          341942 1c008192 0046230b p.lw             x6, 4(x12!)          x6=ffffffe3 x12=100000e0 x12:100000dc  PA:100000dc
20459199ns          341943 1c008196 2078788b p.lw             x17, x7(x16!)       x17=ffffffca x16=10000200  x7:00000020 x16:100001e0  PA:100001e0
20459238ns          341945 1c00819a 43130733 p.mac            x14, x6, x17        x14=00001634 x14:00001016  x6:ffffffe3 x17:ffffffca
20459258ns          341946 1c008192 0046230b p.lw             x6, 4(x12!)          x6=ffffffe2 x12=100000e4 x12:100000e0  PA:100000e0
20459278ns          341947 1c008196 2078788b p.lw             x17, x7(x16!)       x17=ffffffc2 x16=10000220  x7:00000020 x16:10000200  PA:10000200
20459318ns          341949 1c00819a 43130733 p.mac            x14, x6, x17        x14=00001d78 x14:00001634  x6:ffffffe2 x17:ffffffc2
20459338ns          341950 1c00819e 00ef222b p.sw             x14, 4(x30!)        x30=100005e4 x14:00001d78 x30:100005e0  PA:100005e0
20459378ns          341952 1c0081a2 004e8e93 addi             x29, x29, 4         x29=10000124 x29:10000120
20459397ns          341953 1c0081a4 00128293 addi             x5, x5, 1            x5=00000007  x5:00000006
20459417ns          341954 1c0081a6 00750533 add              x10, x10, x7        x10=100000e4 x10:100000c4  x7:00000020
20459437ns          341955 1c0081a8 007f8fb3 add              x31, x31, x7        x31=10000104 x31:100000e4  x7:00000020
20459457ns          341956 1c0081aa fa569fe3 bne              x13, x5, -66        x13:00000008  x5:00000007
20459517ns          341959 1c008168 40b48e33 sub              x28, x9, x11        x28=00000020  x9:10000124 x11:10000104
20459537ns          341960 1c00816c ffce0e13 addi             x28, x28, -4        x28=0000001c x28:00000020
20459557ns          341961 1c00816e 002e5e13 srli             x28, x28, 0x2       x28=00000007 x28:0000001c
20459576ns          341962 1c008172 008f8f33 add              x30, x31, x8        x30=100005e4 x31:10000104  x8:000004e0
20459596ns          341963 1c008176 00b00eb3 add              x29, x0, x11        x29=10000104 x11:10000104
20459616ns          341964 1c008178 001e0e13 addi             x28, x28, 1         x28=00000008 x28:00000007
20459636ns          341965 1c00817a 014e407b lp.setup         0x0, x28, 0x14      x28:00000008
20459656ns          341966 1c00817e 40af87b3 sub              x15, x31, x10       x15=00000020 x31:10000104 x10:100000e4
20459676ns          341967 1c008182 ffc78793 addi             x15, x15, -4        x15=0000001c x15:00000020
20459696ns          341968 1c008184 0027d793 srli             x15, x15, 0x2       x15=00000007 x15:0000001c
20459716ns          341969 1c008186 01d00833 add              x16, x0, x29        x16=10000104 x29:10000104
20459736ns          341970 1c008188 00a00633 add              x12, x0, x10        x12=100000e4 x10:100000e4
20459755ns          341971 1c00818a 00000713 addi             x14, x0, 0          x14=00000000
20459775ns          341972 1c00818c 00178793 addi             x15, x15, 1         x15=00000008 x15:00000007
20459795ns          341973 1c00818e 0067c0fb lp.setup         0x1, x15, 0x6       x15:00000008
20459815ns          341974 1c008192 0046230b p.lw             x6, 4(x12!)          x6=ffffffe1 x12=100000e8 x12:100000e4  PA:100000e4
20459835ns          341975 1c008196 2078788b p.lw             x17, x7(x16!)       x17=00000001 x16=10000124  x7:00000020 x16:10000104  PA:10000104
20459875ns          341977 1c00819a 43130733 p.mac            x14, x6, x17        x14=ffffffe1 x14:00000000  x6:ffffffe1 x17:00000001
20459895ns          341978 1c008192 0046230b p.lw             x6, 4(x12!)          x6=ffffffe0 x12=100000ec x12:100000e8  PA:100000e8
20459915ns          341979 1c008196 2078788b p.lw             x17, x7(x16!)       x17=fffffff9 x16=10000144  x7:00000020 x16:10000124  PA:10000124
20459954ns          341981 1c00819a 43130733 p.mac            x14, x6, x17        x14=000000c1 x14:ffffffe1  x6:ffffffe0 x17:fffffff9
20459974ns          341982 1c008192 0046230b p.lw             x6, 4(x12!)          x6=ffffffdf x12=100000f0 x12:100000ec  PA:100000ec
20459994ns          341983 1c008196 2078788b p.lw             x17, x7(x16!)       x17=fffffff1 x16=10000164  x7:00000020 x16:10000144  PA:10000144
20460034ns          341985 1c00819a 43130733 p.mac            x14, x6, x17        x14=000002b0 x14:000000c1  x6:ffffffdf x17:fffffff1
20460054ns          341986 1c008192 0046230b p.lw             x6, 4(x12!)          x6=ffffffde x12=100000f4 x12:100000f0  PA:100000f0
20460074ns          341987 1c008196 2078788b p.lw             x17, x7(x16!)       x17=ffffffe9 x16=10000184  x7:00000020 x16:10000164  PA:10000164
20460114ns          341989 1c00819a 43130733 p.mac            x14, x6, x17        x14=000005be x14:000002b0  x6:ffffffde x17:ffffffe9
20460133ns          341990 1c008192 0046230b p.lw             x6, 4(x12!)          x6=ffffffdd x12=100000f8 x12:100000f4  PA:100000f4
20460153ns          341991 1c008196 2078788b p.lw             x17, x7(x16!)       x17=ffffffe1 x16=100001a4  x7:00000020 x16:10000184  PA:10000184
20460193ns          341993 1c00819a 43130733 p.mac            x14, x6, x17        x14=000009fb x14:000005be  x6:ffffffdd x17:ffffffe1
20460213ns          341994 1c008192 0046230b p.lw             x6, 4(x12!)          x6=ffffffdc x12=100000fc x12:100000f8  PA:100000f8
20460233ns          341995 1c008196 2078788b p.lw             x17, x7(x16!)       x17=ffffffd9 x16=100001c4  x7:00000020 x16:100001a4  PA:100001a4
20460273ns          341997 1c00819a 43130733 p.mac            x14, x6, x17        x14=00000f77 x14:000009fb  x6:ffffffdc x17:ffffffd9
20460293ns          341998 1c008192 0046230b p.lw             x6, 4(x12!)          x6=ffffffdb x12=10000100 x12:100000fc  PA:100000fc
20460312ns          341999 1c008196 2078788b p.lw             x17, x7(x16!)       x17=ffffffd1 x16=100001e4  x7:00000020 x16:100001c4  PA:100001c4
20460352ns          342001 1c00819a 43130733 p.mac            x14, x6, x17        x14=00001642 x14:00000f77  x6:ffffffdb x17:ffffffd1
20460372ns          342002 1c008192 0046230b p.lw             x6, 4(x12!)          x6=ffffffda x12=10000104 x12:10000100  PA:10000100
20460392ns          342003 1c008196 2078788b p.lw             x17, x7(x16!)       x17=ffffffc9 x16=10000204  x7:00000020 x16:100001e4  PA:100001e4
20460432ns          342005 1c00819a 43130733 p.mac            x14, x6, x17        x14=00001e6c x14:00001642  x6:ffffffda x17:ffffffc9
20460452ns          342006 1c00819e 00ef222b p.sw             x14, 4(x30!)        x30=100005e8 x14:00001e6c x30:100005e4  PA:100005e4
20460472ns          342007 1c0081a2 004e8e93 addi             x29, x29, 4         x29=10000108 x29:10000104
20460511ns          342009 1c00817e 40af87b3 sub              x15, x31, x10       x15=00000020 x31:10000104 x10:100000e4
20460531ns          342010 1c008182 ffc78793 addi             x15, x15, -4        x15=0000001c x15:00000020
20460551ns          342011 1c008184 0027d793 srli             x15, x15, 0x2       x15=00000007 x15:0000001c
20460571ns          342012 1c008186 01d00833 add              x16, x0, x29        x16=10000108 x29:10000108
20460591ns          342013 1c008188 00a00633 add              x12, x0, x10        x12=100000e4 x10:100000e4
20460611ns          342014 1c00818a 00000713 addi             x14, x0, 0          x14=00000000
20460631ns          342015 1c00818c 00178793 addi             x15, x15, 1         x15=00000008 x15:00000007
20460651ns          342016 1c00818e 0067c0fb lp.setup         0x1, x15, 0x6       x15:00000008
20460670ns          342017 1c008192 0046230b p.lw             x6, 4(x12!)          x6=ffffffe1 x12=100000e8 x12:100000e4  PA:100000e4
20460690ns          342018 1c008196 2078788b p.lw             x17, x7(x16!)       x17=00000000 x16=10000128  x7:00000020 x16:10000108  PA:10000108
20460730ns          342020 1c00819a 43130733 p.mac            x14, x6, x17        x14=00000000 x14:00000000  x6:ffffffe1 x17:00000000
20460750ns          342021 1c008192 0046230b p.lw             x6, 4(x12!)          x6=ffffffe0 x12=100000ec x12:100000e8  PA:100000e8
20460770ns          342022 1c008196 2078788b p.lw             x17, x7(x16!)       x17=fffffff8 x16=10000148  x7:00000020 x16:10000128  PA:10000128
20460810ns          342024 1c00819a 43130733 p.mac            x14, x6, x17        x14=00000100 x14:00000000  x6:ffffffe0 x17:fffffff8
20460830ns          342025 1c008192 0046230b p.lw             x6, 4(x12!)          x6=ffffffdf x12=100000f0 x12:100000ec  PA:100000ec
20460849ns          342026 1c008196 2078788b p.lw             x17, x7(x16!)       x17=fffffff0 x16=10000168  x7:00000020 x16:10000148  PA:10000148
20460889ns          342028 1c00819a 43130733 p.mac            x14, x6, x17        x14=00000310 x14:00000100  x6:ffffffdf x17:fffffff0
20460909ns          342029 1c008192 0046230b p.lw             x6, 4(x12!)          x6=ffffffde x12=100000f4 x12:100000f0  PA:100000f0
20460929ns          342030 1c008196 2078788b p.lw             x17, x7(x16!)       x17=ffffffe8 x16=10000188  x7:00000020 x16:10000168  PA:10000168
20460969ns          342032 1c00819a 43130733 p.mac            x14, x6, x17        x14=00000640 x14:00000310  x6:ffffffde x17:ffffffe8
20460989ns          342033 1c008192 0046230b p.lw             x6, 4(x12!)          x6=ffffffdd x12=100000f8 x12:100000f4  PA:100000f4
20461009ns          342034 1c008196 2078788b p.lw             x17, x7(x16!)       x17=ffffffe0 x16=100001a8  x7:00000020 x16:10000188  PA:10000188
20461048ns          342036 1c00819a 43130733 p.mac            x14, x6, x17        x14=00000aa0 x14:00000640  x6:ffffffdd x17:ffffffe0
20461068ns          342037 1c008192 0046230b p.lw             x6, 4(x12!)          x6=ffffffdc x12=100000fc x12:100000f8  PA:100000f8
20461088ns          342038 1c008196 2078788b p.lw             x17, x7(x16!)       x17=ffffffd8 x16=100001c8  x7:00000020 x16:100001a8  PA:100001a8
20461128ns          342040 1c00819a 43130733 p.mac            x14, x6, x17        x14=00001040 x14:00000aa0  x6:ffffffdc x17:ffffffd8
20461148ns          342041 1c008192 0046230b p.lw             x6, 4(x12!)          x6=ffffffdb x12=10000100 x12:100000fc  PA:100000fc
20461168ns          342042 1c008196 2078788b p.lw             x17, x7(x16!)       x17=ffffffd0 x16=100001e8  x7:00000020 x16:100001c8  PA:100001c8
20461208ns          342044 1c00819a 43130733 p.mac            x14, x6, x17        x14=00001730 x14:00001040  x6:ffffffdb x17:ffffffd0
20461227ns          342045 1c008192 0046230b p.lw             x6, 4(x12!)          x6=ffffffda x12=10000104 x12:10000100  PA:10000100
20461247ns          342046 1c008196 2078788b p.lw             x17, x7(x16!)       x17=ffffffc8 x16=10000208  x7:00000020 x16:100001e8  PA:100001e8
20461287ns          342048 1c00819a 43130733 p.mac            x14, x6, x17        x14=00001f80 x14:00001730  x6:ffffffda x17:ffffffc8
20461307ns          342049 1c00819e 00ef222b p.sw             x14, 4(x30!)        x30=100005ec x14:00001f80 x30:100005e8  PA:100005e8
20461327ns          342050 1c0081a2 004e8e93 addi             x29, x29, 4         x29=1000010c x29:10000108
20461367ns          342052 1c00817e 40af87b3 sub              x15, x31, x10       x15=00000020 x31:10000104 x10:100000e4
20461387ns          342053 1c008182 ffc78793 addi             x15, x15, -4        x15=0000001c x15:00000020
20461406ns          342054 1c008184 0027d793 srli             x15, x15, 0x2       x15=00000007 x15:0000001c
20461426ns          342055 1c008186 01d00833 add              x16, x0, x29        x16=1000010c x29:1000010c
20461446ns          342056 1c008188 00a00633 add              x12, x0, x10        x12=100000e4 x10:100000e4
20461466ns          342057 1c00818a 00000713 addi             x14, x0, 0          x14=00000000
20461486ns          342058 1c00818c 00178793 addi             x15, x15, 1         x15=00000008 x15:00000007
20461506ns          342059 1c00818e 0067c0fb lp.setup         0x1, x15, 0x6       x15:00000008
20461526ns          342060 1c008192 0046230b p.lw             x6, 4(x12!)          x6=ffffffe1 x12=100000e8 x12:100000e4  PA:100000e4
20461546ns          342061 1c008196 2078788b p.lw             x17, x7(x16!)       x17=ffffffff x16=1000012c  x7:00000020 x16:1000010c  PA:1000010c
20461585ns          342063 1c00819a 43130733 p.mac            x14, x6, x17        x14=0000001f x14:00000000  x6:ffffffe1 x17:ffffffff
20461605ns          342064 1c008192 0046230b p.lw             x6, 4(x12!)          x6=ffffffe0 x12=100000ec x12:100000e8  PA:100000e8
20461625ns          342065 1c008196 2078788b p.lw             x17, x7(x16!)       x17=fffffff7 x16=1000014c  x7:00000020 x16:1000012c  PA:1000012c
20461665ns          342067 1c00819a 43130733 p.mac            x14, x6, x17        x14=0000013f x14:0000001f  x6:ffffffe0 x17:fffffff7
20461685ns          342068 1c008192 0046230b p.lw             x6, 4(x12!)          x6=ffffffdf x12=100000f0 x12:100000ec  PA:100000ec
20461705ns          342069 1c008196 2078788b p.lw             x17, x7(x16!)       x17=ffffffef x16=1000016c  x7:00000020 x16:1000014c  PA:1000014c
20461745ns          342071 1c00819a 43130733 p.mac            x14, x6, x17        x14=00000370 x14:0000013f  x6:ffffffdf x17:ffffffef
20461764ns          342072 1c008192 0046230b p.lw             x6, 4(x12!)          x6=ffffffde x12=100000f4 x12:100000f0  PA:100000f0
20461784ns          342073 1c008196 2078788b p.lw             x17, x7(x16!)       x17=ffffffe7 x16=1000018c  x7:00000020 x16:1000016c  PA:1000016c
20461824ns          342075 1c00819a 43130733 p.mac            x14, x6, x17        x14=000006c2 x14:00000370  x6:ffffffde x17:ffffffe7
20461844ns          342076 1c008192 0046230b p.lw             x6, 4(x12!)          x6=ffffffdd x12=100000f8 x12:100000f4  PA:100000f4
20461864ns          342077 1c008196 2078788b p.lw             x17, x7(x16!)       x17=ffffffdf x16=100001ac  x7:00000020 x16:1000018c  PA:1000018c
20461904ns          342079 1c00819a 43130733 p.mac            x14, x6, x17        x14=00000b45 x14:000006c2  x6:ffffffdd x17:ffffffdf
20461924ns          342080 1c008192 0046230b p.lw             x6, 4(x12!)          x6=ffffffdc x12=100000fc x12:100000f8  PA:100000f8
20461943ns          342081 1c008196 2078788b p.lw             x17, x7(x16!)       x17=ffffffd7 x16=100001cc  x7:00000020 x16:100001ac  PA:100001ac
20461983ns          342083 1c00819a 43130733 p.mac            x14, x6, x17        x14=00001109 x14:00000b45  x6:ffffffdc x17:ffffffd7
20462003ns          342084 1c008192 0046230b p.lw             x6, 4(x12!)          x6=ffffffdb x12=10000100 x12:100000fc  PA:100000fc
20462023ns          342085 1c008196 2078788b p.lw             x17, x7(x16!)       x17=ffffffcf x16=100001ec  x7:00000020 x16:100001cc  PA:100001cc
20462063ns          342087 1c00819a 43130733 p.mac            x14, x6, x17        x14=0000181e x14:00001109  x6:ffffffdb x17:ffffffcf
20462083ns          342088 1c008192 0046230b p.lw             x6, 4(x12!)          x6=ffffffda x12=10000104 x12:10000100  PA:10000100
20462103ns          342089 1c008196 2078788b p.lw             x17, x7(x16!)       x17=ffffffc7 x16=1000020c  x7:00000020 x16:100001ec  PA:100001ec
20462142ns          342091 1c00819a 43130733 p.mac            x14, x6, x17        x14=00002094 x14:0000181e  x6:ffffffda x17:ffffffc7
20462162ns          342092 1c00819e 00ef222b p.sw             x14, 4(x30!)        x30=100005f0 x14:00002094 x30:100005ec  PA:100005ec
20462182ns          342093 1c0081a2 004e8e93 addi             x29, x29, 4         x29=10000110 x29:1000010c
20462222ns          342095 1c00817e 40af87b3 sub              x15, x31, x10       x15=00000020 x31:10000104 x10:100000e4
20462242ns          342096 1c008182 ffc78793 addi             x15, x15, -4        x15=0000001c x15:00000020
20462262ns          342097 1c008184 0027d793 srli             x15, x15, 0x2       x15=00000007 x15:0000001c
20462282ns          342098 1c008186 01d00833 add              x16, x0, x29        x16=10000110 x29:10000110
20462301ns          342099 1c008188 00a00633 add              x12, x0, x10        x12=100000e4 x10:100000e4
20462321ns          342100 1c00818a 00000713 addi             x14, x0, 0          x14=00000000
20462341ns          342101 1c00818c 00178793 addi             x15, x15, 1         x15=00000008 x15:00000007
20462361ns          342102 1c00818e 0067c0fb lp.setup         0x1, x15, 0x6       x15:00000008
20462381ns          342103 1c008192 0046230b p.lw             x6, 4(x12!)          x6=ffffffe1 x12=100000e8 x12:100000e4  PA:100000e4
20462401ns          342104 1c008196 2078788b p.lw             x17, x7(x16!)       x17=fffffffe x16=10000130  x7:00000020 x16:10000110  PA:10000110
20462441ns          342106 1c00819a 43130733 p.mac            x14, x6, x17        x14=0000003e x14:00000000  x6:ffffffe1 x17:fffffffe
20462461ns          342107 1c008192 0046230b p.lw             x6, 4(x12!)          x6=ffffffe0 x12=100000ec x12:100000e8  PA:100000e8
20462481ns          342108 1c008196 2078788b p.lw             x17, x7(x16!)       x17=fffffff6 x16=10000150  x7:00000020 x16:10000130  PA:10000130
20462520ns          342110 1c00819a 43130733 p.mac            x14, x6, x17        x14=0000017e x14:0000003e  x6:ffffffe0 x17:fffffff6
20462540ns          342111 1c008192 0046230b p.lw             x6, 4(x12!)          x6=ffffffdf x12=100000f0 x12:100000ec  PA:100000ec
20462560ns          342112 1c008196 2078788b p.lw             x17, x7(x16!)       x17=ffffffee x16=10000170  x7:00000020 x16:10000150  PA:10000150
20462600ns          342114 1c00819a 43130733 p.mac            x14, x6, x17        x14=000003d0 x14:0000017e  x6:ffffffdf x17:ffffffee
20462620ns          342115 1c008192 0046230b p.lw             x6, 4(x12!)          x6=ffffffde x12=100000f4 x12:100000f0  PA:100000f0
20462640ns          342116 1c008196 2078788b p.lw             x17, x7(x16!)       x17=ffffffe6 x16=10000190  x7:00000020 x16:10000170  PA:10000170
20462679ns          342118 1c00819a 43130733 p.mac            x14, x6, x17        x14=00000744 x14:000003d0  x6:ffffffde x17:ffffffe6
20462699ns          342119 1c008192 0046230b p.lw             x6, 4(x12!)          x6=ffffffdd x12=100000f8 x12:100000f4  PA:100000f4
20462719ns          342120 1c008196 2078788b p.lw             x17, x7(x16!)       x17=ffffffde x16=100001b0  x7:00000020 x16:10000190  PA:10000190
20462759ns          342122 1c00819a 43130733 p.mac            x14, x6, x17        x14=00000bea x14:00000744  x6:ffffffdd x17:ffffffde
20462779ns          342123 1c008192 0046230b p.lw             x6, 4(x12!)          x6=ffffffdc x12=100000fc x12:100000f8  PA:100000f8
20462799ns          342124 1c008196 2078788b p.lw             x17, x7(x16!)       x17=ffffffd6 x16=100001d0  x7:00000020 x16:100001b0  PA:100001b0
20462839ns          342126 1c00819a 43130733 p.mac            x14, x6, x17        x14=000011d2 x14:00000bea  x6:ffffffdc x17:ffffffd6
20462858ns          342127 1c008192 0046230b p.lw             x6, 4(x12!)          x6=ffffffdb x12=10000100 x12:100000fc  PA:100000fc
20462878ns          342128 1c008196 2078788b p.lw             x17, x7(x16!)       x17=ffffffce x16=100001f0  x7:00000020 x16:100001d0  PA:100001d0
20462918ns          342130 1c00819a 43130733 p.mac            x14, x6, x17        x14=0000190c x14:000011d2  x6:ffffffdb x17:ffffffce
20462938ns          342131 1c008192 0046230b p.lw             x6, 4(x12!)          x6=ffffffda x12=10000104 x12:10000100  PA:10000100
20462958ns          342132 1c008196 2078788b p.lw             x17, x7(x16!)       x17=ffffffc6 x16=10000210  x7:00000020 x16:100001f0  PA:100001f0
20462998ns          342134 1c00819a 43130733 p.mac            x14, x6, x17        x14=000021a8 x14:0000190c  x6:ffffffda x17:ffffffc6
20463018ns          342135 1c00819e 00ef222b p.sw             x14, 4(x30!)        x30=100005f4 x14:000021a8 x30:100005f0  PA:100005f0
20463037ns          342136 1c0081a2 004e8e93 addi             x29, x29, 4         x29=10000114 x29:10000110
20463077ns          342138 1c00817e 40af87b3 sub              x15, x31, x10       x15=00000020 x31:10000104 x10:100000e4
20463097ns          342139 1c008182 ffc78793 addi             x15, x15, -4        x15=0000001c x15:00000020
20463117ns          342140 1c008184 0027d793 srli             x15, x15, 0x2       x15=00000007 x15:0000001c
20463137ns          342141 1c008186 01d00833 add              x16, x0, x29        x16=10000114 x29:10000114
20463157ns          342142 1c008188 00a00633 add              x12, x0, x10        x12=100000e4 x10:100000e4
20463177ns          342143 1c00818a 00000713 addi             x14, x0, 0          x14=00000000
20463197ns          342144 1c00818c 00178793 addi             x15, x15, 1         x15=00000008 x15:00000007
20463216ns          342145 1c00818e 0067c0fb lp.setup         0x1, x15, 0x6       x15:00000008
20463236ns          342146 1c008192 0046230b p.lw             x6, 4(x12!)          x6=ffffffe1 x12=100000e8 x12:100000e4  PA:100000e4
20463256ns          342147 1c008196 2078788b p.lw             x17, x7(x16!)       x17=fffffffd x16=10000134  x7:00000020 x16:10000114  PA:10000114
20463296ns          342149 1c00819a 43130733 p.mac            x14, x6, x17        x14=0000005d x14:00000000  x6:ffffffe1 x17:fffffffd
20463316ns          342150 1c008192 0046230b p.lw             x6, 4(x12!)          x6=ffffffe0 x12=100000ec x12:100000e8  PA:100000e8
20463336ns          342151 1c008196 2078788b p.lw             x17, x7(x16!)       x17=fffffff5 x16=10000154  x7:00000020 x16:10000134  PA:10000134
20463376ns          342153 1c00819a 43130733 p.mac            x14, x6, x17        x14=000001bd x14:0000005d  x6:ffffffe0 x17:fffffff5
20463395ns          342154 1c008192 0046230b p.lw             x6, 4(x12!)          x6=ffffffdf x12=100000f0 x12:100000ec  PA:100000ec
20463415ns          342155 1c008196 2078788b p.lw             x17, x7(x16!)       x17=ffffffed x16=10000174  x7:00000020 x16:10000154  PA:10000154
20463455ns          342157 1c00819a 43130733 p.mac            x14, x6, x17        x14=00000430 x14:000001bd  x6:ffffffdf x17:ffffffed
20463475ns          342158 1c008192 0046230b p.lw             x6, 4(x12!)          x6=ffffffde x12=100000f4 x12:100000f0  PA:100000f0
20463495ns          342159 1c008196 2078788b p.lw             x17, x7(x16!)       x17=ffffffe5 x16=10000194  x7:00000020 x16:10000174  PA:10000174
20463535ns          342161 1c00819a 43130733 p.mac            x14, x6, x17        x14=000007c6 x14:00000430  x6:ffffffde x17:ffffffe5
20463555ns          342162 1c008192 0046230b p.lw             x6, 4(x12!)          x6=ffffffdd x12=100000f8 x12:100000f4  PA:100000f4
20463575ns          342163 1c008196 2078788b p.lw             x17, x7(x16!)       x17=ffffffdd x16=100001b4  x7:00000020 x16:10000194  PA:10000194
20463614ns          342165 1c00819a 43130733 p.mac            x14, x6, x17        x14=00000c8f x14:000007c6  x6:ffffffdd x17:ffffffdd
20463634ns          342166 1c008192 0046230b p.lw             x6, 4(x12!)          x6=ffffffdc x12=100000fc x12:100000f8  PA:100000f8
20463654ns          342167 1c008196 2078788b p.lw             x17, x7(x16!)       x17=ffffffd5 x16=100001d4  x7:00000020 x16:100001b4  PA:100001b4
20463694ns          342169 1c00819a 43130733 p.mac            x14, x6, x17        x14=0000129b x14:00000c8f  x6:ffffffdc x17:ffffffd5
20463714ns          342170 1c008192 0046230b p.lw             x6, 4(x12!)          x6=ffffffdb x12=10000100 x12:100000fc  PA:100000fc
20463734ns          342171 1c008196 2078788b p.lw             x17, x7(x16!)       x17=ffffffcd x16=100001f4  x7:00000020 x16:100001d4  PA:100001d4
20463773ns          342173 1c00819a 43130733 p.mac            x14, x6, x17        x14=000019fa x14:0000129b  x6:ffffffdb x17:ffffffcd
20463793ns          342174 1c008192 0046230b p.lw             x6, 4(x12!)          x6=ffffffda x12=10000104 x12:10000100  PA:10000100
20463813ns          342175 1c008196 2078788b p.lw             x17, x7(x16!)       x17=ffffffc5 x16=10000214  x7:00000020 x16:100001f4  PA:100001f4
20463853ns          342177 1c00819a 43130733 p.mac            x14, x6, x17        x14=000022bc x14:000019fa  x6:ffffffda x17:ffffffc5
20463873ns          342178 1c00819e 00ef222b p.sw             x14, 4(x30!)        x30=100005f8 x14:000022bc x30:100005f4  PA:100005f4
20463893ns          342179 1c0081a2 004e8e93 addi             x29, x29, 4         x29=10000118 x29:10000114
20463933ns          342181 1c00817e 40af87b3 sub              x15, x31, x10       x15=00000020 x31:10000104 x10:100000e4
20463952ns          342182 1c008182 ffc78793 addi             x15, x15, -4        x15=0000001c x15:00000020
20463972ns          342183 1c008184 0027d793 srli             x15, x15, 0x2       x15=00000007 x15:0000001c
20463992ns          342184 1c008186 01d00833 add              x16, x0, x29        x16=10000118 x29:10000118
20464012ns          342185 1c008188 00a00633 add              x12, x0, x10        x12=100000e4 x10:100000e4
20464032ns          342186 1c00818a 00000713 addi             x14, x0, 0          x14=00000000
20464052ns          342187 1c00818c 00178793 addi             x15, x15, 1         x15=00000008 x15:00000007
20464072ns          342188 1c00818e 0067c0fb lp.setup         0x1, x15, 0x6       x15:00000008
20464092ns          342189 1c008192 0046230b p.lw             x6, 4(x12!)          x6=ffffffe1 x12=100000e8 x12:100000e4  PA:100000e4
20464112ns          342190 1c008196 2078788b p.lw             x17, x7(x16!)       x17=fffffffc x16=10000138  x7:00000020 x16:10000118  PA:10000118
20464151ns          342192 1c00819a 43130733 p.mac            x14, x6, x17        x14=0000007c x14:00000000  x6:ffffffe1 x17:fffffffc
20464171ns          342193 1c008192 0046230b p.lw             x6, 4(x12!)          x6=ffffffe0 x12=100000ec x12:100000e8  PA:100000e8
20464191ns          342194 1c008196 2078788b p.lw             x17, x7(x16!)       x17=fffffff4 x16=10000158  x7:00000020 x16:10000138  PA:10000138
20464231ns          342196 1c00819a 43130733 p.mac            x14, x6, x17        x14=000001fc x14:0000007c  x6:ffffffe0 x17:fffffff4
20464251ns          342197 1c008192 0046230b p.lw             x6, 4(x12!)          x6=ffffffdf x12=100000f0 x12:100000ec  PA:100000ec
20464271ns          342198 1c008196 2078788b p.lw             x17, x7(x16!)       x17=ffffffec x16=10000178  x7:00000020 x16:10000158  PA:10000158
20464310ns          342200 1c00819a 43130733 p.mac            x14, x6, x17        x14=00000490 x14:000001fc  x6:ffffffdf x17:ffffffec
20464330ns          342201 1c008192 0046230b p.lw             x6, 4(x12!)          x6=ffffffde x12=100000f4 x12:100000f0  PA:100000f0
20464350ns          342202 1c008196 2078788b p.lw             x17, x7(x16!)       x17=ffffffe4 x16=10000198  x7:00000020 x16:10000178  PA:10000178
20464390ns          342204 1c00819a 43130733 p.mac            x14, x6, x17        x14=00000848 x14:00000490  x6:ffffffde x17:ffffffe4
20464410ns          342205 1c008192 0046230b p.lw             x6, 4(x12!)          x6=ffffffdd x12=100000f8 x12:100000f4  PA:100000f4
20464430ns          342206 1c008196 2078788b p.lw             x17, x7(x16!)       x17=ffffffdc x16=100001b8  x7:00000020 x16:10000198  PA:10000198
20464470ns          342208 1c00819a 43130733 p.mac            x14, x6, x17        x14=00000d34 x14:00000848  x6:ffffffdd x17:ffffffdc
20464489ns          342209 1c008192 0046230b p.lw             x6, 4(x12!)          x6=ffffffdc x12=100000fc x12:100000f8  PA:100000f8
20464509ns          342210 1c008196 2078788b p.lw             x17, x7(x16!)       x17=ffffffd4 x16=100001d8  x7:00000020 x16:100001b8  PA:100001b8
20464549ns          342212 1c00819a 43130733 p.mac            x14, x6, x17        x14=00001364 x14:00000d34  x6:ffffffdc x17:ffffffd4
20464569ns          342213 1c008192 0046230b p.lw             x6, 4(x12!)          x6=ffffffdb x12=10000100 x12:100000fc  PA:100000fc
20464589ns          342214 1c008196 2078788b p.lw             x17, x7(x16!)       x17=ffffffcc x16=100001f8  x7:00000020 x16:100001d8  PA:100001d8
20464629ns          342216 1c00819a 43130733 p.mac            x14, x6, x17        x14=00001ae8 x14:00001364  x6:ffffffdb x17:ffffffcc
20464649ns          342217 1c008192 0046230b p.lw             x6, 4(x12!)          x6=ffffffda x12=10000104 x12:10000100  PA:10000100
20464668ns          342218 1c008196 2078788b p.lw             x17, x7(x16!)       x17=ffffffc4 x16=10000218  x7:00000020 x16:100001f8  PA:100001f8
20464708ns          342220 1c00819a 43130733 p.mac            x14, x6, x17        x14=000023d0 x14:00001ae8  x6:ffffffda x17:ffffffc4
20464728ns          342221 1c00819e 00ef222b p.sw             x14, 4(x30!)        x30=100005fc x14:000023d0 x30:100005f8  PA:100005f8
20464748ns          342222 1c0081a2 004e8e93 addi             x29, x29, 4         x29=1000011c x29:10000118
20464788ns          342224 1c00817e 40af87b3 sub              x15, x31, x10       x15=00000020 x31:10000104 x10:100000e4
20464808ns          342225 1c008182 ffc78793 addi             x15, x15, -4        x15=0000001c x15:00000020
20464828ns          342226 1c008184 0027d793 srli             x15, x15, 0x2       x15=00000007 x15:0000001c
20464848ns          342227 1c008186 01d00833 add              x16, x0, x29        x16=1000011c x29:1000011c
20464867ns          342228 1c008188 00a00633 add              x12, x0, x10        x12=100000e4 x10:100000e4
20464887ns          342229 1c00818a 00000713 addi             x14, x0, 0          x14=00000000
20464907ns          342230 1c00818c 00178793 addi             x15, x15, 1         x15=00000008 x15:00000007
20464927ns          342231 1c00818e 0067c0fb lp.setup         0x1, x15, 0x6       x15:00000008
20464947ns          342232 1c008192 0046230b p.lw             x6, 4(x12!)          x6=ffffffe1 x12=100000e8 x12:100000e4  PA:100000e4
20464967ns          342233 1c008196 2078788b p.lw             x17, x7(x16!)       x17=fffffffb x16=1000013c  x7:00000020 x16:1000011c  PA:1000011c
20465007ns          342235 1c00819a 43130733 p.mac            x14, x6, x17        x14=0000009b x14:00000000  x6:ffffffe1 x17:fffffffb
20465027ns          342236 1c008192 0046230b p.lw             x6, 4(x12!)          x6=ffffffe0 x12=100000ec x12:100000e8  PA:100000e8
20465046ns          342237 1c008196 2078788b p.lw             x17, x7(x16!)       x17=fffffff3 x16=1000015c  x7:00000020 x16:1000013c  PA:1000013c
20465086ns          342239 1c00819a 43130733 p.mac            x14, x6, x17        x14=0000023b x14:0000009b  x6:ffffffe0 x17:fffffff3
20465106ns          342240 1c008192 0046230b p.lw             x6, 4(x12!)          x6=ffffffdf x12=100000f0 x12:100000ec  PA:100000ec
20465126ns          342241 1c008196 2078788b p.lw             x17, x7(x16!)       x17=ffffffeb x16=1000017c  x7:00000020 x16:1000015c  PA:1000015c
20465166ns          342243 1c00819a 43130733 p.mac            x14, x6, x17        x14=000004f0 x14:0000023b  x6:ffffffdf x17:ffffffeb
20465186ns          342244 1c008192 0046230b p.lw             x6, 4(x12!)          x6=ffffffde x12=100000f4 x12:100000f0  PA:100000f0
20465206ns          342245 1c008196 2078788b p.lw             x17, x7(x16!)       x17=ffffffe3 x16=1000019c  x7:00000020 x16:1000017c  PA:1000017c
20465245ns          342247 1c00819a 43130733 p.mac            x14, x6, x17        x14=000008ca x14:000004f0  x6:ffffffde x17:ffffffe3
20465265ns          342248 1c008192 0046230b p.lw             x6, 4(x12!)          x6=ffffffdd x12=100000f8 x12:100000f4  PA:100000f4
20465285ns          342249 1c008196 2078788b p.lw             x17, x7(x16!)       x17=ffffffdb x16=100001bc  x7:00000020 x16:1000019c  PA:1000019c
20465325ns          342251 1c00819a 43130733 p.mac            x14, x6, x17        x14=00000dd9 x14:000008ca  x6:ffffffdd x17:ffffffdb
20465345ns          342252 1c008192 0046230b p.lw             x6, 4(x12!)          x6=ffffffdc x12=100000fc x12:100000f8  PA:100000f8
20465365ns          342253 1c008196 2078788b p.lw             x17, x7(x16!)       x17=ffffffd3 x16=100001dc  x7:00000020 x16:100001bc  PA:100001bc
20465404ns          342255 1c00819a 43130733 p.mac            x14, x6, x17        x14=0000142d x14:00000dd9  x6:ffffffdc x17:ffffffd3
20465424ns          342256 1c008192 0046230b p.lw             x6, 4(x12!)          x6=ffffffdb x12=10000100 x12:100000fc  PA:100000fc
20465444ns          342257 1c008196 2078788b p.lw             x17, x7(x16!)       x17=ffffffcb x16=100001fc  x7:00000020 x16:100001dc  PA:100001dc
20465484ns          342259 1c00819a 43130733 p.mac            x14, x6, x17        x14=00001bd6 x14:0000142d  x6:ffffffdb x17:ffffffcb
20465504ns          342260 1c008192 0046230b p.lw             x6, 4(x12!)          x6=ffffffda x12=10000104 x12:10000100  PA:10000100
20465524ns          342261 1c008196 2078788b p.lw             x17, x7(x16!)       x17=ffffffc3 x16=1000021c  x7:00000020 x16:100001fc  PA:100001fc
20465564ns          342263 1c00819a 43130733 p.mac            x14, x6, x17        x14=000024e4 x14:00001bd6  x6:ffffffda x17:ffffffc3
20465583ns          342264 1c00819e 00ef222b p.sw             x14, 4(x30!)        x30=10000600 x14:000024e4 x30:100005fc  PA:100005fc
20465603ns          342265 1c0081a2 004e8e93 addi             x29, x29, 4         x29=10000120 x29:1000011c
20465643ns          342267 1c00817e 40af87b3 sub              x15, x31, x10       x15=00000020 x31:10000104 x10:100000e4
20465663ns          342268 1c008182 ffc78793 addi             x15, x15, -4        x15=0000001c x15:00000020
20465683ns          342269 1c008184 0027d793 srli             x15, x15, 0x2       x15=00000007 x15:0000001c
20465703ns          342270 1c008186 01d00833 add              x16, x0, x29        x16=10000120 x29:10000120
20465723ns          342271 1c008188 00a00633 add              x12, x0, x10        x12=100000e4 x10:100000e4
20465743ns          342272 1c00818a 00000713 addi             x14, x0, 0          x14=00000000
20465762ns          342273 1c00818c 00178793 addi             x15, x15, 1         x15=00000008 x15:00000007
20465782ns          342274 1c00818e 0067c0fb lp.setup         0x1, x15, 0x6       x15:00000008
20465802ns          342275 1c008192 0046230b p.lw             x6, 4(x12!)          x6=ffffffe1 x12=100000e8 x12:100000e4  PA:100000e4
20465822ns          342276 1c008196 2078788b p.lw             x17, x7(x16!)       x17=fffffffa x16=10000140  x7:00000020 x16:10000120  PA:10000120
20465862ns          342278 1c00819a 43130733 p.mac            x14, x6, x17        x14=000000ba x14:00000000  x6:ffffffe1 x17:fffffffa
20465882ns          342279 1c008192 0046230b p.lw             x6, 4(x12!)          x6=ffffffe0 x12=100000ec x12:100000e8  PA:100000e8
20465902ns          342280 1c008196 2078788b p.lw             x17, x7(x16!)       x17=fffffff2 x16=10000160  x7:00000020 x16:10000140  PA:10000140
20465942ns          342282 1c00819a 43130733 p.mac            x14, x6, x17        x14=0000027a x14:000000ba  x6:ffffffe0 x17:fffffff2
20465961ns          342283 1c008192 0046230b p.lw             x6, 4(x12!)          x6=ffffffdf x12=100000f0 x12:100000ec  PA:100000ec
20465981ns          342284 1c008196 2078788b p.lw             x17, x7(x16!)       x17=ffffffea x16=10000180  x7:00000020 x16:10000160  PA:10000160
20466021ns          342286 1c00819a 43130733 p.mac            x14, x6, x17        x14=00000550 x14:0000027a  x6:ffffffdf x17:ffffffea
20466041ns          342287 1c008192 0046230b p.lw             x6, 4(x12!)          x6=ffffffde x12=100000f4 x12:100000f0  PA:100000f0
20466061ns          342288 1c008196 2078788b p.lw             x17, x7(x16!)       x17=ffffffe2 x16=100001a0  x7:00000020 x16:10000180  PA:10000180
20466101ns          342290 1c00819a 43130733 p.mac            x14, x6, x17        x14=0000094c x14:00000550  x6:ffffffde x17:ffffffe2
20466121ns          342291 1c008192 0046230b p.lw             x6, 4(x12!)          x6=ffffffdd x12=100000f8 x12:100000f4  PA:100000f4
20466140ns          342292 1c008196 2078788b p.lw             x17, x7(x16!)       x17=ffffffda x16=100001c0  x7:00000020 x16:100001a0  PA:100001a0
20466180ns          342294 1c00819a 43130733 p.mac            x14, x6, x17        x14=00000e7e x14:0000094c  x6:ffffffdd x17:ffffffda
20466200ns          342295 1c008192 0046230b p.lw             x6, 4(x12!)          x6=ffffffdc x12=100000fc x12:100000f8  PA:100000f8
20466220ns          342296 1c008196 2078788b p.lw             x17, x7(x16!)       x17=ffffffd2 x16=100001e0  x7:00000020 x16:100001c0  PA:100001c0
20466260ns          342298 1c00819a 43130733 p.mac            x14, x6, x17        x14=000014f6 x14:00000e7e  x6:ffffffdc x17:ffffffd2
20466280ns          342299 1c008192 0046230b p.lw             x6, 4(x12!)          x6=ffffffdb x12=10000100 x12:100000fc  PA:100000fc
20466300ns          342300 1c008196 2078788b p.lw             x17, x7(x16!)       x17=ffffffca x16=10000200  x7:00000020 x16:100001e0  PA:100001e0
20466339ns          342302 1c00819a 43130733 p.mac            x14, x6, x17        x14=00001cc4 x14:000014f6  x6:ffffffdb x17:ffffffca
20466359ns          342303 1c008192 0046230b p.lw             x6, 4(x12!)          x6=ffffffda x12=10000104 x12:10000100  PA:10000100
20466379ns          342304 1c008196 2078788b p.lw             x17, x7(x16!)       x17=ffffffc2 x16=10000220  x7:00000020 x16:10000200  PA:10000200
20466419ns          342306 1c00819a 43130733 p.mac            x14, x6, x17        x14=000025f8 x14:00001cc4  x6:ffffffda x17:ffffffc2
20466439ns          342307 1c00819e 00ef222b p.sw             x14, 4(x30!)        x30=10000604 x14:000025f8 x30:10000600  PA:10000600
20466459ns          342308 1c0081a2 004e8e93 addi             x29, x29, 4         x29=10000124 x29:10000120
20466479ns          342309 1c0081a4 00128293 addi             x5, x5, 1            x5=00000008  x5:00000007
20466498ns          342310 1c0081a6 00750533 add              x10, x10, x7        x10=10000104 x10:100000e4  x7:00000020
20466518ns          342311 1c0081a8 007f8fb3 add              x31, x31, x7        x31=10000124 x31:10000104  x7:00000020
20466538ns          342312 1c0081aa fa569fe3 bne              x13, x5, -66        x13:00000008  x5:00000008
20466558ns          342313 1c0081ae 00c12403 lw               x8, 12(x2)           x8=10000004  x2:10001f88  PA:10001f94
20466578ns          342314 1c0081b0 00812483 lw               x9, 8(x2)            x9=10001000  x2:10001f88  PA:10001f90
20466598ns          342315 1c0081b2 01010113 addi             x2, x2, 16           x2=10001f98  x2:10001f88
20466618ns          342316 1c0081b4 00008067 jalr             x0, x1, 0            x1:1c009be0
20466658ns          342318 1c009be0 00448493 addi             x9, x9, 4            x9=10001004  x9:10001000
20466677ns          342319 1c009be4 1c7010ef jal              x1, 6598             x1=1c009be8
20466797ns          342325 1c00b5aa f14027f3 csrrs            x15, x0, 0xf14      x15=00000001
20466817ns          342326 1c00b5ae 01f00713 addi             x14, x0, 31         x14=0000001f
20466856ns          342328 1c00b5b0 ca5797b3 p.extractu       x15, x15, 5, 5      x15=00000000 x15:00000001
20466896ns          342330 1c00b5b4 00e78863 beq              x15, x14, 16        x15:00000000 x14:0000001f
20466916ns          342331 1c00b5b8 002047b7 lui              x15, 0x204000       x15=00204000
20466936ns          342332 1c00b5bc 20078793 addi             x15, x15, 512       x15=00204200 x15:00204000
20466996ns          342335 1c00b5c0 01c7e703 p.elw            x14, 28(x15)        x14=00010000 x15:00204200  PA:0020421c
20467195ns          342345 1c00b5c4 00008067 jalr             x0, x1, 0            x1:1c009be8
20467234ns          342347 1c009be8 20040993 addi             x19, x8, 512        x19=10000204  x8:10000004
20467254ns          342348 1c009bec 00000713 addi             x14, x0, 0          x14=00000000
20467274ns          342349 1c009bee 00800693 addi             x13, x0, 8          x13=00000008
20467692ns          342370 1c009bf0 80048613 addi             x12, x9, -2048      x12=10000804  x9:10001004
20467732ns          342372 1c009bf4 013005b3 add              x11, x0, x19        x11=10000204 x19:10000204
20467752ns          342373 1c009bf6 70040513 addi             x10, x8, 1792       x10=10000704  x8:10000004
20467771ns          342374 1c009bfa d44fe0ef jal              x1, -6844            x1=1c009bfe
20468249ns          342398 1c00813e 06068c63 beq              x13, x0, 120        x13:00000008
20468269ns          342399 1c008140 ff010113 addi             x2, x2, -16          x2=10001f88  x2:10001f98
20468289ns          342400 1c008142 00269393 slli             x7, x13, 0x2         x7=00000020 x13:00000008
20468309ns          342401 1c008146 00812623 sw               x8, 12(x2)           x8:10000004  x2:10001f88  PA:10001f94
20468328ns          342402 1c008148 00271793 slli             x15, x14, 0x2       x15=00000000 x14:00000000
20468348ns          342403 1c00814c 40a60433 sub              x8, x12, x10         x8=00000100 x12:10000804 x10:10000704
20468368ns          342404 1c008150 02d787b3 mul              x15, x15, x13       x15=00000000 x15:00000000 x13:00000008
20468388ns          342405 1c008154 40740433 sub              x8, x8, x7           x8=000000e0  x8:00000100  x7:00000020
20468408ns          342406 1c008158 00912423 sw               x9, 8(x2)            x9:10001004  x2:10001f88  PA:10001f90
20468428ns          342407 1c00815a 00750fb3 add              x31, x10, x7        x31=10000724 x10:10000704  x7:00000020
20468448ns          342408 1c00815e 42d78433 p.mac            x8, x15, x13         x8=000000e0  x8:000000e0 x15:00000000 x13:00000008
20468468ns          342409 1c008162 007584b3 add              x9, x11, x7          x9=10000224 x11:10000204  x7:00000020
20468488ns          342410 1c008166 00000293 addi             x5, x0, 0            x5=00000000
20468507ns          342411 1c008168 40b48e33 sub              x28, x9, x11        x28=00000020  x9:10000224 x11:10000204
20468527ns          342412 1c00816c ffce0e13 addi             x28, x28, -4        x28=0000001c x28:00000020
20468547ns          342413 1c00816e 002e5e13 srli             x28, x28, 0x2       x28=00000007 x28:0000001c
20468567ns          342414 1c008172 008f8f33 add              x30, x31, x8        x30=10000804 x31:10000724  x8:000000e0
20468587ns          342415 1c008176 00b00eb3 add              x29, x0, x11        x29=10000204 x11:10000204
20468607ns          342416 1c008178 001e0e13 addi             x28, x28, 1         x28=00000008 x28:00000007
20468627ns          342417 1c00817a 014e407b lp.setup         0x0, x28, 0x14      x28:00000008
20468647ns          342418 1c00817e 40af87b3 sub              x15, x31, x10       x15=00000020 x31:10000724 x10:10000704
20468667ns          342419 1c008182 ffc78793 addi             x15, x15, -4        x15=0000001c x15:00000020
20468686ns          342420 1c008184 0027d793 srli             x15, x15, 0x2       x15=00000007 x15:0000001c
20468706ns          342421 1c008186 01d00833 add              x16, x0, x29        x16=10000204 x29:10000204
20468726ns          342422 1c008188 00a00633 add              x12, x0, x10        x12=10000704 x10:10000704
20468746ns          342423 1c00818a 00000713 addi             x14, x0, 0          x14=00000000
20468766ns          342424 1c00818c 00178793 addi             x15, x15, 1         x15=00000008 x15:00000007
20468786ns          342425 1c00818e 0067c0fb lp.setup         0x1, x15, 0x6       x15:00000008
20468806ns          342426 1c008192 0046230b p.lw             x6, 4(x12!)          x6=0000001a x12=10000708 x12:10000704  PA:10000704
20468826ns          342427 1c008196 2078788b p.lw             x17, x7(x16!)       x17=00000009 x16=10000224  x7:00000020 x16:10000204  PA:10000204
20468865ns          342429 1c00819a 43130733 p.mac            x14, x6, x17        x14=000000ea x14:00000000  x6:0000001a x17:00000009
20468885ns          342430 1c008192 0046230b p.lw             x6, 4(x12!)          x6=00000018 x12=1000070c x12:10000708  PA:10000708
20468905ns          342431 1c008196 2078788b p.lw             x17, x7(x16!)       x17=00000001 x16=10000244  x7:00000020 x16:10000224  PA:10000224
20468945ns          342433 1c00819a 43130733 p.mac            x14, x6, x17        x14=00000102 x14:000000ea  x6:00000018 x17:00000001
20468965ns          342434 1c008192 0046230b p.lw             x6, 4(x12!)          x6=00000016 x12=10000710 x12:1000070c  PA:1000070c
20468985ns          342435 1c008196 2078788b p.lw             x17, x7(x16!)       x17=fffffff9 x16=10000264  x7:00000020 x16:10000244  PA:10000244
20469025ns          342437 1c00819a 43130733 p.mac            x14, x6, x17        x14=00000068 x14:00000102  x6:00000016 x17:fffffff9
20469044ns          342438 1c008192 0046230b p.lw             x6, 4(x12!)          x6=00000014 x12=10000714 x12:10000710  PA:10000710
20469064ns          342439 1c008196 2078788b p.lw             x17, x7(x16!)       x17=fffffff1 x16=10000284  x7:00000020 x16:10000264  PA:10000264
20469104ns          342441 1c00819a 43130733 p.mac            x14, x6, x17        x14=ffffff3c x14:00000068  x6:00000014 x17:fffffff1
20469124ns          342442 1c008192 0046230b p.lw             x6, 4(x12!)          x6=00000012 x12=10000718 x12:10000714  PA:10000714
20469144ns          342443 1c008196 2078788b p.lw             x17, x7(x16!)       x17=ffffffe9 x16=100002a4  x7:00000020 x16:10000284  PA:10000284
20469184ns          342445 1c00819a 43130733 p.mac            x14, x6, x17        x14=fffffd9e x14:ffffff3c  x6:00000012 x17:ffffffe9
20469204ns          342446 1c008192 0046230b p.lw             x6, 4(x12!)          x6=00000010 x12=1000071c x12:10000718  PA:10000718
20469223ns          342447 1c008196 2078788b p.lw             x17, x7(x16!)       x17=ffffffe1 x16=100002c4  x7:00000020 x16:100002a4  PA:100002a4
20469263ns          342449 1c00819a 43130733 p.mac            x14, x6, x17        x14=fffffbae x14:fffffd9e  x6:00000010 x17:ffffffe1
20469283ns          342450 1c008192 0046230b p.lw             x6, 4(x12!)          x6=0000000e x12=10000720 x12:1000071c  PA:1000071c
20469303ns          342451 1c008196 2078788b p.lw             x17, x7(x16!)       x17=ffffffd9 x16=100002e4  x7:00000020 x16:100002c4  PA:100002c4
20469343ns          342453 1c00819a 43130733 p.mac            x14, x6, x17        x14=fffff98c x14:fffffbae  x6:0000000e x17:ffffffd9
20469363ns          342454 1c008192 0046230b p.lw             x6, 4(x12!)          x6=0000000c x12=10000724 x12:10000720  PA:10000720
20469383ns          342455 1c008196 2078788b p.lw             x17, x7(x16!)       x17=ffffffd1 x16=10000304  x7:00000020 x16:100002e4  PA:100002e4
20469422ns          342457 1c00819a 43130733 p.mac            x14, x6, x17        x14=fffff758 x14:fffff98c  x6:0000000c x17:ffffffd1
20469442ns          342458 1c00819e 00ef222b p.sw             x14, 4(x30!)        x30=10000808 x14:fffff758 x30:10000804  PA:10000804
20469462ns          342459 1c0081a2 004e8e93 addi             x29, x29, 4         x29=10000208 x29:10000204
20469502ns          342461 1c00817e 40af87b3 sub              x15, x31, x10       x15=00000020 x31:10000724 x10:10000704
20469522ns          342462 1c008182 ffc78793 addi             x15, x15, -4        x15=0000001c x15:00000020
20469542ns          342463 1c008184 0027d793 srli             x15, x15, 0x2       x15=00000007 x15:0000001c
20469562ns          342464 1c008186 01d00833 add              x16, x0, x29        x16=10000208 x29:10000208
20469582ns          342465 1c008188 00a00633 add              x12, x0, x10        x12=10000704 x10:10000704
20469601ns          342466 1c00818a 00000713 addi             x14, x0, 0          x14=00000000
20469621ns          342467 1c00818c 00178793 addi             x15, x15, 1         x15=00000008 x15:00000007
20469641ns          342468 1c00818e 0067c0fb lp.setup         0x1, x15, 0x6       x15:00000008
20469661ns          342469 1c008192 0046230b p.lw             x6, 4(x12!)          x6=0000001a x12=10000708 x12:10000704  PA:10000704
20469701ns          342471 1c008196 2078788b p.lw             x17, x7(x16!)       x17=00000008 x16=10000228  x7:00000020 x16:10000208  PA:10000208
20469741ns          342473 1c00819a 43130733 p.mac            x14, x6, x17        x14=000000d0 x14:00000000  x6:0000001a x17:00000008
20469761ns          342474 1c008192 0046230b p.lw             x6, 4(x12!)          x6=00000018 x12=1000070c x12:10000708  PA:10000708
20469780ns          342475 1c008196 2078788b p.lw             x17, x7(x16!)       x17=00000000 x16=10000248  x7:00000020 x16:10000228  PA:10000228
20469820ns          342477 1c00819a 43130733 p.mac            x14, x6, x17        x14=000000d0 x14:000000d0  x6:00000018 x17:00000000
20469840ns          342478 1c008192 0046230b p.lw             x6, 4(x12!)          x6=00000016 x12=10000710 x12:1000070c  PA:1000070c
20469860ns          342479 1c008196 2078788b p.lw             x17, x7(x16!)       x17=fffffff8 x16=10000268  x7:00000020 x16:10000248  PA:10000248
20469900ns          342481 1c00819a 43130733 p.mac            x14, x6, x17        x14=00000020 x14:000000d0  x6:00000016 x17:fffffff8
20469920ns          342482 1c008192 0046230b p.lw             x6, 4(x12!)          x6=00000014 x12=10000714 x12:10000710  PA:10000710
20469940ns          342483 1c008196 2078788b p.lw             x17, x7(x16!)       x17=fffffff0 x16=10000288  x7:00000020 x16:10000268  PA:10000268
20469979ns          342485 1c00819a 43130733 p.mac            x14, x6, x17        x14=fffffee0 x14:00000020  x6:00000014 x17:fffffff0
20469999ns          342486 1c008192 0046230b p.lw             x6, 4(x12!)          x6=00000012 x12=10000718 x12:10000714  PA:10000714
20470019ns          342487 1c008196 2078788b p.lw             x17, x7(x16!)       x17=ffffffe8 x16=100002a8  x7:00000020 x16:10000288  PA:10000288
20470059ns          342489 1c00819a 43130733 p.mac            x14, x6, x17        x14=fffffd30 x14:fffffee0  x6:00000012 x17:ffffffe8
20470079ns          342490 1c008192 0046230b p.lw             x6, 4(x12!)          x6=00000010 x12=1000071c x12:10000718  PA:10000718
20470099ns          342491 1c008196 2078788b p.lw             x17, x7(x16!)       x17=ffffffe0 x16=100002c8  x7:00000020 x16:100002a8  PA:100002a8
20470138ns          342493 1c00819a 43130733 p.mac            x14, x6, x17        x14=fffffb30 x14:fffffd30  x6:00000010 x17:ffffffe0
20470158ns          342494 1c008192 0046230b p.lw             x6, 4(x12!)          x6=0000000e x12=10000720 x12:1000071c  PA:1000071c
20470178ns          342495 1c008196 2078788b p.lw             x17, x7(x16!)       x17=ffffffd8 x16=100002e8  x7:00000020 x16:100002c8  PA:100002c8
20470218ns          342497 1c00819a 43130733 p.mac            x14, x6, x17        x14=fffff900 x14:fffffb30  x6:0000000e x17:ffffffd8
20470238ns          342498 1c008192 0046230b p.lw             x6, 4(x12!)          x6=0000000c x12=10000724 x12:10000720  PA:10000720
20470258ns          342499 1c008196 2078788b p.lw             x17, x7(x16!)       x17=ffffffd0 x16=10000308  x7:00000020 x16:100002e8  PA:100002e8
20470298ns          342501 1c00819a 43130733 p.mac            x14, x6, x17        x14=fffff6c0 x14:fffff900  x6:0000000c x17:ffffffd0
20470317ns          342502 1c00819e 00ef222b p.sw             x14, 4(x30!)        x30=1000080c x14:fffff6c0 x30:10000808  PA:10000808
20470337ns          342503 1c0081a2 004e8e93 addi             x29, x29, 4         x29=1000020c x29:10000208
20470377ns          342505 1c00817e 40af87b3 sub              x15, x31, x10       x15=00000020 x31:10000724 x10:10000704
20470397ns          342506 1c008182 ffc78793 addi             x15, x15, -4        x15=0000001c x15:00000020
20470417ns          342507 1c008184 0027d793 srli             x15, x15, 0x2       x15=00000007 x15:0000001c
20470437ns          342508 1c008186 01d00833 add              x16, x0, x29        x16=1000020c x29:1000020c
20470457ns          342509 1c008188 00a00633 add              x12, x0, x10        x12=10000704 x10:10000704
20470477ns          342510 1c00818a 00000713 addi             x14, x0, 0          x14=00000000
20470496ns          342511 1c00818c 00178793 addi             x15, x15, 1         x15=00000008 x15:00000007
20470516ns          342512 1c00818e 0067c0fb lp.setup         0x1, x15, 0x6       x15:00000008
20470536ns          342513 1c008192 0046230b p.lw             x6, 4(x12!)          x6=0000001a x12=10000708 x12:10000704  PA:10000704
20470556ns          342514 1c008196 2078788b p.lw             x17, x7(x16!)       x17=00000007 x16=1000022c  x7:00000020 x16:1000020c  PA:1000020c
20470596ns          342516 1c00819a 43130733 p.mac            x14, x6, x17        x14=000000b6 x14:00000000  x6:0000001a x17:00000007
20470616ns          342517 1c008192 0046230b p.lw             x6, 4(x12!)          x6=00000018 x12=1000070c x12:10000708  PA:10000708
20470636ns          342518 1c008196 2078788b p.lw             x17, x7(x16!)       x17=ffffffff x16=1000024c  x7:00000020 x16:1000022c  PA:1000022c
20470676ns          342520 1c00819a 43130733 p.mac            x14, x6, x17        x14=0000009e x14:000000b6  x6:00000018 x17:ffffffff
20470695ns          342521 1c008192 0046230b p.lw             x6, 4(x12!)          x6=00000016 x12=10000710 x12:1000070c  PA:1000070c
20470715ns          342522 1c008196 2078788b p.lw             x17, x7(x16!)       x17=fffffff7 x16=1000026c  x7:00000020 x16:1000024c  PA:1000024c
20470755ns          342524 1c00819a 43130733 p.mac            x14, x6, x17        x14=ffffffd8 x14:0000009e  x6:00000016 x17:fffffff7
20470775ns          342525 1c008192 0046230b p.lw             x6, 4(x12!)          x6=00000014 x12=10000714 x12:10000710  PA:10000710
20470795ns          342526 1c008196 2078788b p.lw             x17, x7(x16!)       x17=ffffffef x16=1000028c  x7:00000020 x16:1000026c  PA:1000026c
20470835ns          342528 1c00819a 43130733 p.mac            x14, x6, x17        x14=fffffe84 x14:ffffffd8  x6:00000014 x17:ffffffef
20470855ns          342529 1c008192 0046230b p.lw             x6, 4(x12!)          x6=00000012 x12=10000718 x12:10000714  PA:10000714
20470874ns          342530 1c008196 2078788b p.lw             x17, x7(x16!)       x17=ffffffe7 x16=100002ac  x7:00000020 x16:1000028c  PA:1000028c
20470914ns          342532 1c00819a 43130733 p.mac            x14, x6, x17        x14=fffffcc2 x14:fffffe84  x6:00000012 x17:ffffffe7
20470934ns          342533 1c008192 0046230b p.lw             x6, 4(x12!)          x6=00000010 x12=1000071c x12:10000718  PA:10000718
20470954ns          342534 1c008196 2078788b p.lw             x17, x7(x16!)       x17=ffffffdf x16=100002cc  x7:00000020 x16:100002ac  PA:100002ac
20470994ns          342536 1c00819a 43130733 p.mac            x14, x6, x17        x14=fffffab2 x14:fffffcc2  x6:00000010 x17:ffffffdf
20471014ns          342537 1c008192 0046230b p.lw             x6, 4(x12!)          x6=0000000e x12=10000720 x12:1000071c  PA:1000071c
20471034ns          342538 1c008196 2078788b p.lw             x17, x7(x16!)       x17=ffffffd7 x16=100002ec  x7:00000020 x16:100002cc  PA:100002cc
20471093ns          342541 1c00819a 43130733 p.mac            x14, x6, x17        x14=fffff874 x14:fffffab2  x6:0000000e x17:ffffffd7
20471113ns          342542 1c008192 0046230b p.lw             x6, 4(x12!)          x6=0000000c x12=10000724 x12:10000720  PA:10000720
20471133ns          342543 1c008196 2078788b p.lw             x17, x7(x16!)       x17=ffffffcf x16=1000030c  x7:00000020 x16:100002ec  PA:100002ec
20471173ns          342545 1c00819a 43130733 p.mac            x14, x6, x17        x14=fffff628 x14:fffff874  x6:0000000c x17:ffffffcf
20471193ns          342546 1c00819e 00ef222b p.sw             x14, 4(x30!)        x30=10000810 x14:fffff628 x30:1000080c  PA:1000080c
20471213ns          342547 1c0081a2 004e8e93 addi             x29, x29, 4         x29=10000210 x29:1000020c
20471252ns          342549 1c00817e 40af87b3 sub              x15, x31, x10       x15=00000020 x31:10000724 x10:10000704
20471272ns          342550 1c008182 ffc78793 addi             x15, x15, -4        x15=0000001c x15:00000020
20471292ns          342551 1c008184 0027d793 srli             x15, x15, 0x2       x15=00000007 x15:0000001c
20471312ns          342552 1c008186 01d00833 add              x16, x0, x29        x16=10000210 x29:10000210
20471332ns          342553 1c008188 00a00633 add              x12, x0, x10        x12=10000704 x10:10000704
20471352ns          342554 1c00818a 00000713 addi             x14, x0, 0          x14=00000000
20471372ns          342555 1c00818c 00178793 addi             x15, x15, 1         x15=00000008 x15:00000007
20471392ns          342556 1c00818e 0067c0fb lp.setup         0x1, x15, 0x6       x15:00000008
20471411ns          342557 1c008192 0046230b p.lw             x6, 4(x12!)          x6=0000001a x12=10000708 x12:10000704  PA:10000704
20471431ns          342558 1c008196 2078788b p.lw             x17, x7(x16!)       x17=00000006 x16=10000230  x7:00000020 x16:10000210  PA:10000210
20471471ns          342560 1c00819a 43130733 p.mac            x14, x6, x17        x14=0000009c x14:00000000  x6:0000001a x17:00000006
20471491ns          342561 1c008192 0046230b p.lw             x6, 4(x12!)          x6=00000018 x12=1000070c x12:10000708  PA:10000708
20471511ns          342562 1c008196 2078788b p.lw             x17, x7(x16!)       x17=fffffffe x16=10000250  x7:00000020 x16:10000230  PA:10000230
20471551ns          342564 1c00819a 43130733 p.mac            x14, x6, x17        x14=0000006c x14:0000009c  x6:00000018 x17:fffffffe
20471571ns          342565 1c008192 0046230b p.lw             x6, 4(x12!)          x6=00000016 x12=10000710 x12:1000070c  PA:1000070c
20471590ns          342566 1c008196 2078788b p.lw             x17, x7(x16!)       x17=fffffff6 x16=10000270  x7:00000020 x16:10000250  PA:10000250
20471630ns          342568 1c00819a 43130733 p.mac            x14, x6, x17        x14=ffffff90 x14:0000006c  x6:00000016 x17:fffffff6
20471650ns          342569 1c008192 0046230b p.lw             x6, 4(x12!)          x6=00000014 x12=10000714 x12:10000710  PA:10000710
20471670ns          342570 1c008196 2078788b p.lw             x17, x7(x16!)       x17=ffffffee x16=10000290  x7:00000020 x16:10000270  PA:10000270
20471710ns          342572 1c00819a 43130733 p.mac            x14, x6, x17        x14=fffffe28 x14:ffffff90  x6:00000014 x17:ffffffee
20471730ns          342573 1c008192 0046230b p.lw             x6, 4(x12!)          x6=00000012 x12=10000718 x12:10000714  PA:10000714
20471750ns          342574 1c008196 2078788b p.lw             x17, x7(x16!)       x17=ffffffe6 x16=100002b0  x7:00000020 x16:10000290  PA:10000290
20471789ns          342576 1c00819a 43130733 p.mac            x14, x6, x17        x14=fffffc54 x14:fffffe28  x6:00000012 x17:ffffffe6
20471809ns          342577 1c008192 0046230b p.lw             x6, 4(x12!)          x6=00000010 x12=1000071c x12:10000718  PA:10000718
20471829ns          342578 1c008196 2078788b p.lw             x17, x7(x16!)       x17=ffffffde x16=100002d0  x7:00000020 x16:100002b0  PA:100002b0
20471869ns          342580 1c00819a 43130733 p.mac            x14, x6, x17        x14=fffffa34 x14:fffffc54  x6:00000010 x17:ffffffde
20471889ns          342581 1c008192 0046230b p.lw             x6, 4(x12!)          x6=0000000e x12=10000720 x12:1000071c  PA:1000071c
20471909ns          342582 1c008196 2078788b p.lw             x17, x7(x16!)       x17=ffffffd6 x16=100002f0  x7:00000020 x16:100002d0  PA:100002d0
20471949ns          342584 1c00819a 43130733 p.mac            x14, x6, x17        x14=fffff7e8 x14:fffffa34  x6:0000000e x17:ffffffd6
20471968ns          342585 1c008192 0046230b p.lw             x6, 4(x12!)          x6=0000000c x12=10000724 x12:10000720  PA:10000720
20471988ns          342586 1c008196 2078788b p.lw             x17, x7(x16!)       x17=ffffffce x16=10000310  x7:00000020 x16:100002f0  PA:100002f0
20472028ns          342588 1c00819a 43130733 p.mac            x14, x6, x17        x14=fffff590 x14:fffff7e8  x6:0000000c x17:ffffffce
20472048ns          342589 1c00819e 00ef222b p.sw             x14, 4(x30!)        x30=10000814 x14:fffff590 x30:10000810  PA:10000810
20472068ns          342590 1c0081a2 004e8e93 addi             x29, x29, 4         x29=10000214 x29:10000210
20472108ns          342592 1c00817e 40af87b3 sub              x15, x31, x10       x15=00000020 x31:10000724 x10:10000704
20472128ns          342593 1c008182 ffc78793 addi             x15, x15, -4        x15=0000001c x15:00000020
20472147ns          342594 1c008184 0027d793 srli             x15, x15, 0x2       x15=00000007 x15:0000001c
20472167ns          342595 1c008186 01d00833 add              x16, x0, x29        x16=10000214 x29:10000214
20472187ns          342596 1c008188 00a00633 add              x12, x0, x10        x12=10000704 x10:10000704
20472207ns          342597 1c00818a 00000713 addi             x14, x0, 0          x14=00000000
20472227ns          342598 1c00818c 00178793 addi             x15, x15, 1         x15=00000008 x15:00000007
20472247ns          342599 1c00818e 0067c0fb lp.setup         0x1, x15, 0x6       x15:00000008
20472267ns          342600 1c008192 0046230b p.lw             x6, 4(x12!)          x6=0000001a x12=10000708 x12:10000704  PA:10000704
20472287ns          342601 1c008196 2078788b p.lw             x17, x7(x16!)       x17=00000005 x16=10000234  x7:00000020 x16:10000214  PA:10000214
20472326ns          342603 1c00819a 43130733 p.mac            x14, x6, x17        x14=00000082 x14:00000000  x6:0000001a x17:00000005
20472346ns          342604 1c008192 0046230b p.lw             x6, 4(x12!)          x6=00000018 x12=1000070c x12:10000708  PA:10000708
20472366ns          342605 1c008196 2078788b p.lw             x17, x7(x16!)       x17=fffffffd x16=10000254  x7:00000020 x16:10000234  PA:10000234
20472406ns          342607 1c00819a 43130733 p.mac            x14, x6, x17        x14=0000003a x14:00000082  x6:00000018 x17:fffffffd
20472426ns          342608 1c008192 0046230b p.lw             x6, 4(x12!)          x6=00000016 x12=10000710 x12:1000070c  PA:1000070c
20472446ns          342609 1c008196 2078788b p.lw             x17, x7(x16!)       x17=fffffff5 x16=10000274  x7:00000020 x16:10000254  PA:10000254
20472486ns          342611 1c00819a 43130733 p.mac            x14, x6, x17        x14=ffffff48 x14:0000003a  x6:00000016 x17:fffffff5
20472505ns          342612 1c008192 0046230b p.lw             x6, 4(x12!)          x6=00000014 x12=10000714 x12:10000710  PA:10000710
20472525ns          342613 1c008196 2078788b p.lw             x17, x7(x16!)       x17=ffffffed x16=10000294  x7:00000020 x16:10000274  PA:10000274
20472565ns          342615 1c00819a 43130733 p.mac            x14, x6, x17        x14=fffffdcc x14:ffffff48  x6:00000014 x17:ffffffed
20472585ns          342616 1c008192 0046230b p.lw             x6, 4(x12!)          x6=00000012 x12=10000718 x12:10000714  PA:10000714
20472605ns          342617 1c008196 2078788b p.lw             x17, x7(x16!)       x17=ffffffe5 x16=100002b4  x7:00000020 x16:10000294  PA:10000294
20472645ns          342619 1c00819a 43130733 p.mac            x14, x6, x17        x14=fffffbe6 x14:fffffdcc  x6:00000012 x17:ffffffe5
20472665ns          342620 1c008192 0046230b p.lw             x6, 4(x12!)          x6=00000010 x12=1000071c x12:10000718  PA:10000718
20472684ns          342621 1c008196 2078788b p.lw             x17, x7(x16!)       x17=ffffffdd x16=100002d4  x7:00000020 x16:100002b4  PA:100002b4
20472724ns          342623 1c00819a 43130733 p.mac            x14, x6, x17        x14=fffff9b6 x14:fffffbe6  x6:00000010 x17:ffffffdd
20472744ns          342624 1c008192 0046230b p.lw             x6, 4(x12!)          x6=0000000e x12=10000720 x12:1000071c  PA:1000071c
20472764ns          342625 1c008196 2078788b p.lw             x17, x7(x16!)       x17=ffffffd5 x16=100002f4  x7:00000020 x16:100002d4  PA:100002d4
20472804ns          342627 1c00819a 43130733 p.mac            x14, x6, x17        x14=fffff75c x14:fffff9b6  x6:0000000e x17:ffffffd5
20472824ns          342628 1c008192 0046230b p.lw             x6, 4(x12!)          x6=0000000c x12=10000724 x12:10000720  PA:10000720
20472844ns          342629 1c008196 2078788b p.lw             x17, x7(x16!)       x17=ffffffcd x16=10000314  x7:00000020 x16:100002f4  PA:100002f4
20472883ns          342631 1c00819a 43130733 p.mac            x14, x6, x17        x14=fffff4f8 x14:fffff75c  x6:0000000c x17:ffffffcd
20472903ns          342632 1c00819e 00ef222b p.sw             x14, 4(x30!)        x30=10000818 x14:fffff4f8 x30:10000814  PA:10000814
20472923ns          342633 1c0081a2 004e8e93 addi             x29, x29, 4         x29=10000218 x29:10000214
20472963ns          342635 1c00817e 40af87b3 sub              x15, x31, x10       x15=00000020 x31:10000724 x10:10000704
20472983ns          342636 1c008182 ffc78793 addi             x15, x15, -4        x15=0000001c x15:00000020
20473003ns          342637 1c008184 0027d793 srli             x15, x15, 0x2       x15=00000007 x15:0000001c
20473023ns          342638 1c008186 01d00833 add              x16, x0, x29        x16=10000218 x29:10000218
20473043ns          342639 1c008188 00a00633 add              x12, x0, x10        x12=10000704 x10:10000704
20473062ns          342640 1c00818a 00000713 addi             x14, x0, 0          x14=00000000
20473082ns          342641 1c00818c 00178793 addi             x15, x15, 1         x15=00000008 x15:00000007
20473102ns          342642 1c00818e 0067c0fb lp.setup         0x1, x15, 0x6       x15:00000008
20473122ns          342643 1c008192 0046230b p.lw             x6, 4(x12!)          x6=0000001a x12=10000708 x12:10000704  PA:10000704
20473142ns          342644 1c008196 2078788b p.lw             x17, x7(x16!)       x17=00000004 x16=10000238  x7:00000020 x16:10000218  PA:10000218
20473182ns          342646 1c00819a 43130733 p.mac            x14, x6, x17        x14=00000068 x14:00000000  x6:0000001a x17:00000004
20473202ns          342647 1c008192 0046230b p.lw             x6, 4(x12!)          x6=00000018 x12=1000070c x12:10000708  PA:10000708
20473222ns          342648 1c008196 2078788b p.lw             x17, x7(x16!)       x17=fffffffc x16=10000258  x7:00000020 x16:10000238  PA:10000238
20473261ns          342650 1c00819a 43130733 p.mac            x14, x6, x17        x14=00000008 x14:00000068  x6:00000018 x17:fffffffc
20473281ns          342651 1c008192 0046230b p.lw             x6, 4(x12!)          x6=00000016 x12=10000710 x12:1000070c  PA:1000070c
20473301ns          342652 1c008196 2078788b p.lw             x17, x7(x16!)       x17=fffffff4 x16=10000278  x7:00000020 x16:10000258  PA:10000258
20473341ns          342654 1c00819a 43130733 p.mac            x14, x6, x17        x14=ffffff00 x14:00000008  x6:00000016 x17:fffffff4
20473361ns          342655 1c008192 0046230b p.lw             x6, 4(x12!)          x6=00000014 x12=10000714 x12:10000710  PA:10000710
20473381ns          342656 1c008196 2078788b p.lw             x17, x7(x16!)       x17=ffffffec x16=10000298  x7:00000020 x16:10000278  PA:10000278
20473420ns          342658 1c00819a 43130733 p.mac            x14, x6, x17        x14=fffffd70 x14:ffffff00  x6:00000014 x17:ffffffec
20473440ns          342659 1c008192 0046230b p.lw             x6, 4(x12!)          x6=00000012 x12=10000718 x12:10000714  PA:10000714
20473460ns          342660 1c008196 2078788b p.lw             x17, x7(x16!)       x17=ffffffe4 x16=100002b8  x7:00000020 x16:10000298  PA:10000298
20473500ns          342662 1c00819a 43130733 p.mac            x14, x6, x17        x14=fffffb78 x14:fffffd70  x6:00000012 x17:ffffffe4
20473520ns          342663 1c008192 0046230b p.lw             x6, 4(x12!)          x6=00000010 x12=1000071c x12:10000718  PA:10000718
20473540ns          342664 1c008196 2078788b p.lw             x17, x7(x16!)       x17=ffffffdc x16=100002d8  x7:00000020 x16:100002b8  PA:100002b8
20473580ns          342666 1c00819a 43130733 p.mac            x14, x6, x17        x14=fffff938 x14:fffffb78  x6:00000010 x17:ffffffdc
20473599ns          342667 1c008192 0046230b p.lw             x6, 4(x12!)          x6=0000000e x12=10000720 x12:1000071c  PA:1000071c
20473619ns          342668 1c008196 2078788b p.lw             x17, x7(x16!)       x17=ffffffd4 x16=100002f8  x7:00000020 x16:100002d8  PA:100002d8
20473659ns          342670 1c00819a 43130733 p.mac            x14, x6, x17        x14=fffff6d0 x14:fffff938  x6:0000000e x17:ffffffd4
20473679ns          342671 1c008192 0046230b p.lw             x6, 4(x12!)          x6=0000000c x12=10000724 x12:10000720  PA:10000720
20473699ns          342672 1c008196 2078788b p.lw             x17, x7(x16!)       x17=ffffffcc x16=10000318  x7:00000020 x16:100002f8  PA:100002f8
20473739ns          342674 1c00819a 43130733 p.mac            x14, x6, x17        x14=fffff460 x14:fffff6d0  x6:0000000c x17:ffffffcc
20473759ns          342675 1c00819e 00ef222b p.sw             x14, 4(x30!)        x30=1000081c x14:fffff460 x30:10000818  PA:10000818
20473778ns          342676 1c0081a2 004e8e93 addi             x29, x29, 4         x29=1000021c x29:10000218
20473818ns          342678 1c00817e 40af87b3 sub              x15, x31, x10       x15=00000020 x31:10000724 x10:10000704
20473838ns          342679 1c008182 ffc78793 addi             x15, x15, -4        x15=0000001c x15:00000020
20473858ns          342680 1c008184 0027d793 srli             x15, x15, 0x2       x15=00000007 x15:0000001c
20473878ns          342681 1c008186 01d00833 add              x16, x0, x29        x16=1000021c x29:1000021c
20473898ns          342682 1c008188 00a00633 add              x12, x0, x10        x12=10000704 x10:10000704
20473918ns          342683 1c00818a 00000713 addi             x14, x0, 0          x14=00000000
20473938ns          342684 1c00818c 00178793 addi             x15, x15, 1         x15=00000008 x15:00000007
20473957ns          342685 1c00818e 0067c0fb lp.setup         0x1, x15, 0x6       x15:00000008
20473977ns          342686 1c008192 0046230b p.lw             x6, 4(x12!)          x6=0000001a x12=10000708 x12:10000704  PA:10000704
20473997ns          342687 1c008196 2078788b p.lw             x17, x7(x16!)       x17=00000003 x16=1000023c  x7:00000020 x16:1000021c  PA:1000021c
20474037ns          342689 1c00819a 43130733 p.mac            x14, x6, x17        x14=0000004e x14:00000000  x6:0000001a x17:00000003
20474057ns          342690 1c008192 0046230b p.lw             x6, 4(x12!)          x6=00000018 x12=1000070c x12:10000708  PA:10000708
20474077ns          342691 1c008196 2078788b p.lw             x17, x7(x16!)       x17=fffffffb x16=1000025c  x7:00000020 x16:1000023c  PA:1000023c
20474117ns          342693 1c00819a 43130733 p.mac            x14, x6, x17        x14=ffffffd6 x14:0000004e  x6:00000018 x17:fffffffb
20474136ns          342694 1c008192 0046230b p.lw             x6, 4(x12!)          x6=00000016 x12=10000710 x12:1000070c  PA:1000070c
20474156ns          342695 1c008196 2078788b p.lw             x17, x7(x16!)       x17=fffffff3 x16=1000027c  x7:00000020 x16:1000025c  PA:1000025c
20474196ns          342697 1c00819a 43130733 p.mac            x14, x6, x17        x14=fffffeb8 x14:ffffffd6  x6:00000016 x17:fffffff3
20474216ns          342698 1c008192 0046230b p.lw             x6, 4(x12!)          x6=00000014 x12=10000714 x12:10000710  PA:10000710
20474236ns          342699 1c008196 2078788b p.lw             x17, x7(x16!)       x17=ffffffeb x16=1000029c  x7:00000020 x16:1000027c  PA:1000027c
20474276ns          342701 1c00819a 43130733 p.mac            x14, x6, x17        x14=fffffd14 x14:fffffeb8  x6:00000014 x17:ffffffeb
20474296ns          342702 1c008192 0046230b p.lw             x6, 4(x12!)          x6=00000012 x12=10000718 x12:10000714  PA:10000714
20474316ns          342703 1c008196 2078788b p.lw             x17, x7(x16!)       x17=ffffffe3 x16=100002bc  x7:00000020 x16:1000029c  PA:1000029c
20474355ns          342705 1c00819a 43130733 p.mac            x14, x6, x17        x14=fffffb0a x14:fffffd14  x6:00000012 x17:ffffffe3
20474375ns          342706 1c008192 0046230b p.lw             x6, 4(x12!)          x6=00000010 x12=1000071c x12:10000718  PA:10000718
20474395ns          342707 1c008196 2078788b p.lw             x17, x7(x16!)       x17=ffffffdb x16=100002dc  x7:00000020 x16:100002bc  PA:100002bc
20474435ns          342709 1c00819a 43130733 p.mac            x14, x6, x17        x14=fffff8ba x14:fffffb0a  x6:00000010 x17:ffffffdb
20474455ns          342710 1c008192 0046230b p.lw             x6, 4(x12!)          x6=0000000e x12=10000720 x12:1000071c  PA:1000071c
20474475ns          342711 1c008196 2078788b p.lw             x17, x7(x16!)       x17=ffffffd3 x16=100002fc  x7:00000020 x16:100002dc  PA:100002dc
20474514ns          342713 1c00819a 43130733 p.mac            x14, x6, x17        x14=fffff644 x14:fffff8ba  x6:0000000e x17:ffffffd3
20474534ns          342714 1c008192 0046230b p.lw             x6, 4(x12!)          x6=0000000c x12=10000724 x12:10000720  PA:10000720
20474554ns          342715 1c008196 2078788b p.lw             x17, x7(x16!)       x17=ffffffcb x16=1000031c  x7:00000020 x16:100002fc  PA:100002fc
20474594ns          342717 1c00819a 43130733 p.mac            x14, x6, x17        x14=fffff3c8 x14:fffff644  x6:0000000c x17:ffffffcb
20474614ns          342718 1c00819e 00ef222b p.sw             x14, 4(x30!)        x30=10000820 x14:fffff3c8 x30:1000081c  PA:1000081c
20474634ns          342719 1c0081a2 004e8e93 addi             x29, x29, 4         x29=10000220 x29:1000021c
20474674ns          342721 1c00817e 40af87b3 sub              x15, x31, x10       x15=00000020 x31:10000724 x10:10000704
20474693ns          342722 1c008182 ffc78793 addi             x15, x15, -4        x15=0000001c x15:00000020
20474713ns          342723 1c008184 0027d793 srli             x15, x15, 0x2       x15=00000007 x15:0000001c
20474733ns          342724 1c008186 01d00833 add              x16, x0, x29        x16=10000220 x29:10000220
20474753ns          342725 1c008188 00a00633 add              x12, x0, x10        x12=10000704 x10:10000704
20474773ns          342726 1c00818a 00000713 addi             x14, x0, 0          x14=00000000
20474793ns          342727 1c00818c 00178793 addi             x15, x15, 1         x15=00000008 x15:00000007
20474813ns          342728 1c00818e 0067c0fb lp.setup         0x1, x15, 0x6       x15:00000008
20474833ns          342729 1c008192 0046230b p.lw             x6, 4(x12!)          x6=0000001a x12=10000708 x12:10000704  PA:10000704
20474853ns          342730 1c008196 2078788b p.lw             x17, x7(x16!)       x17=00000002 x16=10000240  x7:00000020 x16:10000220  PA:10000220
20474892ns          342732 1c00819a 43130733 p.mac            x14, x6, x17        x14=00000034 x14:00000000  x6:0000001a x17:00000002
20474912ns          342733 1c008192 0046230b p.lw             x6, 4(x12!)          x6=00000018 x12=1000070c x12:10000708  PA:10000708
20474952ns          342735 1c008196 2078788b p.lw             x17, x7(x16!)       x17=fffffffa x16=10000260  x7:00000020 x16:10000240  PA:10000240
20474992ns          342737 1c00819a 43130733 p.mac            x14, x6, x17        x14=ffffffa4 x14:00000034  x6:00000018 x17:fffffffa
20475012ns          342738 1c008192 0046230b p.lw             x6, 4(x12!)          x6=00000016 x12=10000710 x12:1000070c  PA:1000070c
20475051ns          342740 1c008196 2078788b p.lw             x17, x7(x16!)       x17=fffffff2 x16=10000280  x7:00000020 x16:10000260  PA:10000260
20475091ns          342742 1c00819a 43130733 p.mac            x14, x6, x17        x14=fffffe70 x14:ffffffa4  x6:00000016 x17:fffffff2
20475111ns          342743 1c008192 0046230b p.lw             x6, 4(x12!)          x6=00000014 x12=10000714 x12:10000710  PA:10000710
20475151ns          342745 1c008196 2078788b p.lw             x17, x7(x16!)       x17=ffffffea x16=100002a0  x7:00000020 x16:10000280  PA:10000280
20475191ns          342747 1c00819a 43130733 p.mac            x14, x6, x17        x14=fffffcb8 x14:fffffe70  x6:00000014 x17:ffffffea
20475211ns          342748 1c008192 0046230b p.lw             x6, 4(x12!)          x6=00000012 x12=10000718 x12:10000714  PA:10000714
20475250ns          342750 1c008196 2078788b p.lw             x17, x7(x16!)       x17=ffffffe2 x16=100002c0  x7:00000020 x16:100002a0  PA:100002a0
20475290ns          342752 1c00819a 43130733 p.mac            x14, x6, x17        x14=fffffa9c x14:fffffcb8  x6:00000012 x17:ffffffe2
20475310ns          342753 1c008192 0046230b p.lw             x6, 4(x12!)          x6=00000010 x12=1000071c x12:10000718  PA:10000718
20475350ns          342755 1c008196 2078788b p.lw             x17, x7(x16!)       x17=ffffffda x16=100002e0  x7:00000020 x16:100002c0  PA:100002c0
20475390ns          342757 1c00819a 43130733 p.mac            x14, x6, x17        x14=fffff83c x14:fffffa9c  x6:00000010 x17:ffffffda
20475409ns          342758 1c008192 0046230b p.lw             x6, 4(x12!)          x6=0000000e x12=10000720 x12:1000071c  PA:1000071c
20475449ns          342760 1c008196 2078788b p.lw             x17, x7(x16!)       x17=ffffffd2 x16=10000300  x7:00000020 x16:100002e0  PA:100002e0
20475489ns          342762 1c00819a 43130733 p.mac            x14, x6, x17        x14=fffff5b8 x14:fffff83c  x6:0000000e x17:ffffffd2
20475509ns          342763 1c008192 0046230b p.lw             x6, 4(x12!)          x6=0000000c x12=10000724 x12:10000720  PA:10000720
20475549ns          342765 1c008196 2078788b p.lw             x17, x7(x16!)       x17=ffffffca x16=10000320  x7:00000020 x16:10000300  PA:10000300
20475589ns          342767 1c00819a 43130733 p.mac            x14, x6, x17        x14=fffff330 x14:fffff5b8  x6:0000000c x17:ffffffca
20475608ns          342768 1c00819e 00ef222b p.sw             x14, 4(x30!)        x30=10000824 x14:fffff330 x30:10000820  PA:10000820
20475648ns          342770 1c0081a2 004e8e93 addi             x29, x29, 4         x29=10000224 x29:10000220
20475668ns          342771 1c0081a4 00128293 addi             x5, x5, 1            x5=00000001  x5:00000000
20475688ns          342772 1c0081a6 00750533 add              x10, x10, x7        x10=10000724 x10:10000704  x7:00000020
20475708ns          342773 1c0081a8 007f8fb3 add              x31, x31, x7        x31=10000744 x31:10000724  x7:00000020
20475728ns          342774 1c0081aa fa569fe3 bne              x13, x5, -66        x13:00000008  x5:00000001
20475787ns          342777 1c008168 40b48e33 sub              x28, x9, x11        x28=00000020  x9:10000224 x11:10000204
20475807ns          342778 1c00816c ffce0e13 addi             x28, x28, -4        x28=0000001c x28:00000020
20475827ns          342779 1c00816e 002e5e13 srli             x28, x28, 0x2       x28=00000007 x28:0000001c
20475847ns          342780 1c008172 008f8f33 add              x30, x31, x8        x30=10000824 x31:10000744  x8:000000e0
20475867ns          342781 1c008176 00b00eb3 add              x29, x0, x11        x29=10000204 x11:10000204
20475887ns          342782 1c008178 001e0e13 addi             x28, x28, 1         x28=00000008 x28:00000007
20475907ns          342783 1c00817a 014e407b lp.setup         0x0, x28, 0x14      x28:00000008
20475927ns          342784 1c00817e 40af87b3 sub              x15, x31, x10       x15=00000020 x31:10000744 x10:10000724
20475947ns          342785 1c008182 ffc78793 addi             x15, x15, -4        x15=0000001c x15:00000020
20475966ns          342786 1c008184 0027d793 srli             x15, x15, 0x2       x15=00000007 x15:0000001c
20475986ns          342787 1c008186 01d00833 add              x16, x0, x29        x16=10000204 x29:10000204
20476006ns          342788 1c008188 00a00633 add              x12, x0, x10        x12=10000724 x10:10000724
20476026ns          342789 1c00818a 00000713 addi             x14, x0, 0          x14=00000000
20476046ns          342790 1c00818c 00178793 addi             x15, x15, 1         x15=00000008 x15:00000007
20476066ns          342791 1c00818e 0067c0fb lp.setup         0x1, x15, 0x6       x15:00000008
20476086ns          342792 1c008192 0046230b p.lw             x6, 4(x12!)          x6=0000000a x12=10000728 x12:10000724  PA:10000724
20476126ns          342794 1c008196 2078788b p.lw             x17, x7(x16!)       x17=00000009 x16=10000224  x7:00000020 x16:10000204  PA:10000204
20476165ns          342796 1c00819a 43130733 p.mac            x14, x6, x17        x14=0000005a x14:00000000  x6:0000000a x17:00000009
20476185ns          342797 1c008192 0046230b p.lw             x6, 4(x12!)          x6=00000008 x12=1000072c x12:10000728  PA:10000728
20476205ns          342798 1c008196 2078788b p.lw             x17, x7(x16!)       x17=00000001 x16=10000244  x7:00000020 x16:10000224  PA:10000224
20476245ns          342800 1c00819a 43130733 p.mac            x14, x6, x17        x14=00000062 x14:0000005a  x6:00000008 x17:00000001
20476265ns          342801 1c008192 0046230b p.lw             x6, 4(x12!)          x6=00000006 x12=10000730 x12:1000072c  PA:1000072c
20476285ns          342802 1c008196 2078788b p.lw             x17, x7(x16!)       x17=fffffff9 x16=10000264  x7:00000020 x16:10000244  PA:10000244
20476324ns          342804 1c00819a 43130733 p.mac            x14, x6, x17        x14=00000038 x14:00000062  x6:00000006 x17:fffffff9
20476344ns          342805 1c008192 0046230b p.lw             x6, 4(x12!)          x6=00000004 x12=10000734 x12:10000730  PA:10000730
20476364ns          342806 1c008196 2078788b p.lw             x17, x7(x16!)       x17=fffffff1 x16=10000284  x7:00000020 x16:10000264  PA:10000264
20476404ns          342808 1c00819a 43130733 p.mac            x14, x6, x17        x14=fffffffc x14:00000038  x6:00000004 x17:fffffff1
20476424ns          342809 1c008192 0046230b p.lw             x6, 4(x12!)          x6=00000002 x12=10000738 x12:10000734  PA:10000734
20476444ns          342810 1c008196 2078788b p.lw             x17, x7(x16!)       x17=ffffffe9 x16=100002a4  x7:00000020 x16:10000284  PA:10000284
20476484ns          342812 1c00819a 43130733 p.mac            x14, x6, x17        x14=ffffffce x14:fffffffc  x6:00000002 x17:ffffffe9
20476503ns          342813 1c008192 0046230b p.lw             x6, 4(x12!)          x6=00000000 x12=1000073c x12:10000738  PA:10000738
20476523ns          342814 1c008196 2078788b p.lw             x17, x7(x16!)       x17=ffffffe1 x16=100002c4  x7:00000020 x16:100002a4  PA:100002a4
20476563ns          342816 1c00819a 43130733 p.mac            x14, x6, x17        x14=ffffffce x14:ffffffce  x6:00000000 x17:ffffffe1
20476583ns          342817 1c008192 0046230b p.lw             x6, 4(x12!)          x6=fffffffe x12=10000740 x12:1000073c  PA:1000073c
20476603ns          342818 1c008196 2078788b p.lw             x17, x7(x16!)       x17=ffffffd9 x16=100002e4  x7:00000020 x16:100002c4  PA:100002c4
20476643ns          342820 1c00819a 43130733 p.mac            x14, x6, x17        x14=0000001c x14:ffffffce  x6:fffffffe x17:ffffffd9
20476663ns          342821 1c008192 0046230b p.lw             x6, 4(x12!)          x6=fffffffc x12=10000744 x12:10000740  PA:10000740
20476683ns          342822 1c008196 2078788b p.lw             x17, x7(x16!)       x17=ffffffd1 x16=10000304  x7:00000020 x16:100002e4  PA:100002e4
20476722ns          342824 1c00819a 43130733 p.mac            x14, x6, x17        x14=000000d8 x14:0000001c  x6:fffffffc x17:ffffffd1
20476742ns          342825 1c00819e 00ef222b p.sw             x14, 4(x30!)        x30=10000828 x14:000000d8 x30:10000824  PA:10000824
20476762ns          342826 1c0081a2 004e8e93 addi             x29, x29, 4         x29=10000208 x29:10000204
20476802ns          342828 1c00817e 40af87b3 sub              x15, x31, x10       x15=00000020 x31:10000744 x10:10000724
20476822ns          342829 1c008182 ffc78793 addi             x15, x15, -4        x15=0000001c x15:00000020
20476842ns          342830 1c008184 0027d793 srli             x15, x15, 0x2       x15=00000007 x15:0000001c
20476862ns          342831 1c008186 01d00833 add              x16, x0, x29        x16=10000208 x29:10000208
20476881ns          342832 1c008188 00a00633 add              x12, x0, x10        x12=10000724 x10:10000724
20476901ns          342833 1c00818a 00000713 addi             x14, x0, 0          x14=00000000
20476921ns          342834 1c00818c 00178793 addi             x15, x15, 1         x15=00000008 x15:00000007
20476941ns          342835 1c00818e 0067c0fb lp.setup         0x1, x15, 0x6       x15:00000008
20476961ns          342836 1c008192 0046230b p.lw             x6, 4(x12!)          x6=0000000a x12=10000728 x12:10000724  PA:10000724
20477001ns          342838 1c008196 2078788b p.lw             x17, x7(x16!)       x17=00000008 x16=10000228  x7:00000020 x16:10000208  PA:10000208
20477041ns          342840 1c00819a 43130733 p.mac            x14, x6, x17        x14=00000050 x14:00000000  x6:0000000a x17:00000008
20477060ns          342841 1c008192 0046230b p.lw             x6, 4(x12!)          x6=00000008 x12=1000072c x12:10000728  PA:10000728
20477080ns          342842 1c008196 2078788b p.lw             x17, x7(x16!)       x17=00000000 x16=10000248  x7:00000020 x16:10000228  PA:10000228
20477120ns          342844 1c00819a 43130733 p.mac            x14, x6, x17        x14=00000050 x14:00000050  x6:00000008 x17:00000000
20477140ns          342845 1c008192 0046230b p.lw             x6, 4(x12!)          x6=00000006 x12=10000730 x12:1000072c  PA:1000072c
20477160ns          342846 1c008196 2078788b p.lw             x17, x7(x16!)       x17=fffffff8 x16=10000268  x7:00000020 x16:10000248  PA:10000248
20477200ns          342848 1c00819a 43130733 p.mac            x14, x6, x17        x14=00000020 x14:00000050  x6:00000006 x17:fffffff8
20477220ns          342849 1c008192 0046230b p.lw             x6, 4(x12!)          x6=00000004 x12=10000734 x12:10000730  PA:10000730
20477239ns          342850 1c008196 2078788b p.lw             x17, x7(x16!)       x17=fffffff0 x16=10000288  x7:00000020 x16:10000268  PA:10000268
20477279ns          342852 1c00819a 43130733 p.mac            x14, x6, x17        x14=ffffffe0 x14:00000020  x6:00000004 x17:fffffff0
20477299ns          342853 1c008192 0046230b p.lw             x6, 4(x12!)          x6=00000002 x12=10000738 x12:10000734  PA:10000734
20477319ns          342854 1c008196 2078788b p.lw             x17, x7(x16!)       x17=ffffffe8 x16=100002a8  x7:00000020 x16:10000288  PA:10000288
20477359ns          342856 1c00819a 43130733 p.mac            x14, x6, x17        x14=ffffffb0 x14:ffffffe0  x6:00000002 x17:ffffffe8
20477379ns          342857 1c008192 0046230b p.lw             x6, 4(x12!)          x6=00000000 x12=1000073c x12:10000738  PA:10000738
20477399ns          342858 1c008196 2078788b p.lw             x17, x7(x16!)       x17=ffffffe0 x16=100002c8  x7:00000020 x16:100002a8  PA:100002a8
20477438ns          342860 1c00819a 43130733 p.mac            x14, x6, x17        x14=ffffffb0 x14:ffffffb0  x6:00000000 x17:ffffffe0
20477458ns          342861 1c008192 0046230b p.lw             x6, 4(x12!)          x6=fffffffe x12=10000740 x12:1000073c  PA:1000073c
20477478ns          342862 1c008196 2078788b p.lw             x17, x7(x16!)       x17=ffffffd8 x16=100002e8  x7:00000020 x16:100002c8  PA:100002c8
20477518ns          342864 1c00819a 43130733 p.mac            x14, x6, x17        x14=00000000 x14:ffffffb0  x6:fffffffe x17:ffffffd8
20477538ns          342865 1c008192 0046230b p.lw             x6, 4(x12!)          x6=fffffffc x12=10000744 x12:10000740  PA:10000740
20477558ns          342866 1c008196 2078788b p.lw             x17, x7(x16!)       x17=ffffffd0 x16=10000308  x7:00000020 x16:100002e8  PA:100002e8
20477597ns          342868 1c00819a 43130733 p.mac            x14, x6, x17        x14=000000c0 x14:00000000  x6:fffffffc x17:ffffffd0
20477617ns          342869 1c00819e 00ef222b p.sw             x14, 4(x30!)        x30=1000082c x14:000000c0 x30:10000828  PA:10000828
20477637ns          342870 1c0081a2 004e8e93 addi             x29, x29, 4         x29=1000020c x29:10000208
20477677ns          342872 1c00817e 40af87b3 sub              x15, x31, x10       x15=00000020 x31:10000744 x10:10000724
20477697ns          342873 1c008182 ffc78793 addi             x15, x15, -4        x15=0000001c x15:00000020
20477717ns          342874 1c008184 0027d793 srli             x15, x15, 0x2       x15=00000007 x15:0000001c
20477737ns          342875 1c008186 01d00833 add              x16, x0, x29        x16=1000020c x29:1000020c
20477757ns          342876 1c008188 00a00633 add              x12, x0, x10        x12=10000724 x10:10000724
20477776ns          342877 1c00818a 00000713 addi             x14, x0, 0          x14=00000000
20477796ns          342878 1c00818c 00178793 addi             x15, x15, 1         x15=00000008 x15:00000007
20477816ns          342879 1c00818e 0067c0fb lp.setup         0x1, x15, 0x6       x15:00000008
20477836ns          342880 1c008192 0046230b p.lw             x6, 4(x12!)          x6=0000000a x12=10000728 x12:10000724  PA:10000724
20477876ns          342882 1c008196 2078788b p.lw             x17, x7(x16!)       x17=00000007 x16=1000022c  x7:00000020 x16:1000020c  PA:1000020c
20477916ns          342884 1c00819a 43130733 p.mac            x14, x6, x17        x14=00000046 x14:00000000  x6:0000000a x17:00000007
20477936ns          342885 1c008192 0046230b p.lw             x6, 4(x12!)          x6=00000008 x12=1000072c x12:10000728  PA:10000728
20477975ns          342887 1c008196 2078788b p.lw             x17, x7(x16!)       x17=ffffffff x16=1000024c  x7:00000020 x16:1000022c  PA:1000022c
20478015ns          342889 1c00819a 43130733 p.mac            x14, x6, x17        x14=0000003e x14:00000046  x6:00000008 x17:ffffffff
20478035ns          342890 1c008192 0046230b p.lw             x6, 4(x12!)          x6=00000006 x12=10000730 x12:1000072c  PA:1000072c
20478075ns          342892 1c008196 2078788b p.lw             x17, x7(x16!)       x17=fffffff7 x16=1000026c  x7:00000020 x16:1000024c  PA:1000024c
20478115ns          342894 1c00819a 43130733 p.mac            x14, x6, x17        x14=00000008 x14:0000003e  x6:00000006 x17:fffffff7
20478135ns          342895 1c008192 0046230b p.lw             x6, 4(x12!)          x6=00000004 x12=10000734 x12:10000730  PA:10000730
20478174ns          342897 1c008196 2078788b p.lw             x17, x7(x16!)       x17=ffffffef x16=1000028c  x7:00000020 x16:1000026c  PA:1000026c
20478214ns          342899 1c00819a 43130733 p.mac            x14, x6, x17        x14=ffffffc4 x14:00000008  x6:00000004 x17:ffffffef
20478234ns          342900 1c008192 0046230b p.lw             x6, 4(x12!)          x6=00000002 x12=10000738 x12:10000734  PA:10000734
20478274ns          342902 1c008196 2078788b p.lw             x17, x7(x16!)       x17=ffffffe7 x16=100002ac  x7:00000020 x16:1000028c  PA:1000028c
20478314ns          342904 1c00819a 43130733 p.mac            x14, x6, x17        x14=ffffff92 x14:ffffffc4  x6:00000002 x17:ffffffe7
20478333ns          342905 1c008192 0046230b p.lw             x6, 4(x12!)          x6=00000000 x12=1000073c x12:10000738  PA:10000738
20478373ns          342907 1c008196 2078788b p.lw             x17, x7(x16!)       x17=ffffffdf x16=100002cc  x7:00000020 x16:100002ac  PA:100002ac
20478413ns          342909 1c00819a 43130733 p.mac            x14, x6, x17        x14=ffffff92 x14:ffffff92  x6:00000000 x17:ffffffdf
20478433ns          342910 1c008192 0046230b p.lw             x6, 4(x12!)          x6=fffffffe x12=10000740 x12:1000073c  PA:1000073c
20478473ns          342912 1c008196 2078788b p.lw             x17, x7(x16!)       x17=ffffffd7 x16=100002ec  x7:00000020 x16:100002cc  PA:100002cc
20478512ns          342914 1c00819a 43130733 p.mac            x14, x6, x17        x14=ffffffe4 x14:ffffff92  x6:fffffffe x17:ffffffd7
20478532ns          342915 1c008192 0046230b p.lw             x6, 4(x12!)          x6=fffffffc x12=10000744 x12:10000740  PA:10000740
20478572ns          342917 1c008196 2078788b p.lw             x17, x7(x16!)       x17=ffffffcf x16=1000030c  x7:00000020 x16:100002ec  PA:100002ec
20478612ns          342919 1c00819a 43130733 p.mac            x14, x6, x17        x14=000000a8 x14:ffffffe4  x6:fffffffc x17:ffffffcf
20478632ns          342920 1c00819e 00ef222b p.sw             x14, 4(x30!)        x30=10000830 x14:000000a8 x30:1000082c  PA:1000082c
20478652ns          342921 1c0081a2 004e8e93 addi             x29, x29, 4         x29=10000210 x29:1000020c
20478691ns          342923 1c00817e 40af87b3 sub              x15, x31, x10       x15=00000020 x31:10000744 x10:10000724
20478711ns          342924 1c008182 ffc78793 addi             x15, x15, -4        x15=0000001c x15:00000020
20478731ns          342925 1c008184 0027d793 srli             x15, x15, 0x2       x15=00000007 x15:0000001c
20478751ns          342926 1c008186 01d00833 add              x16, x0, x29        x16=10000210 x29:10000210
20478771ns          342927 1c008188 00a00633 add              x12, x0, x10        x12=10000724 x10:10000724
20478791ns          342928 1c00818a 00000713 addi             x14, x0, 0          x14=00000000
20478811ns          342929 1c00818c 00178793 addi             x15, x15, 1         x15=00000008 x15:00000007
20478831ns          342930 1c00818e 0067c0fb lp.setup         0x1, x15, 0x6       x15:00000008
20478851ns          342931 1c008192 0046230b p.lw             x6, 4(x12!)          x6=0000000a x12=10000728 x12:10000724  PA:10000724
20478870ns          342932 1c008196 2078788b p.lw             x17, x7(x16!)       x17=00000006 x16=10000230  x7:00000020 x16:10000210  PA:10000210
20478910ns          342934 1c00819a 43130733 p.mac            x14, x6, x17        x14=0000003c x14:00000000  x6:0000000a x17:00000006
20478930ns          342935 1c008192 0046230b p.lw             x6, 4(x12!)          x6=00000008 x12=1000072c x12:10000728  PA:10000728
20478950ns          342936 1c008196 2078788b p.lw             x17, x7(x16!)       x17=fffffffe x16=10000250  x7:00000020 x16:10000230  PA:10000230
20478990ns          342938 1c00819a 43130733 p.mac            x14, x6, x17        x14=0000002c x14:0000003c  x6:00000008 x17:fffffffe
20479010ns          342939 1c008192 0046230b p.lw             x6, 4(x12!)          x6=00000006 x12=10000730 x12:1000072c  PA:1000072c
20479030ns          342940 1c008196 2078788b p.lw             x17, x7(x16!)       x17=fffffff6 x16=10000270  x7:00000020 x16:10000250  PA:10000250
20479069ns          342942 1c00819a 43130733 p.mac            x14, x6, x17        x14=fffffff0 x14:0000002c  x6:00000006 x17:fffffff6
20479089ns          342943 1c008192 0046230b p.lw             x6, 4(x12!)          x6=00000004 x12=10000734 x12:10000730  PA:10000730
20479109ns          342944 1c008196 2078788b p.lw             x17, x7(x16!)       x17=ffffffee x16=10000290  x7:00000020 x16:10000270  PA:10000270
20479149ns          342946 1c00819a 43130733 p.mac            x14, x6, x17        x14=ffffffa8 x14:fffffff0  x6:00000004 x17:ffffffee
20479169ns          342947 1c008192 0046230b p.lw             x6, 4(x12!)          x6=00000002 x12=10000738 x12:10000734  PA:10000734
20479189ns          342948 1c008196 2078788b p.lw             x17, x7(x16!)       x17=ffffffe6 x16=100002b0  x7:00000020 x16:10000290  PA:10000290
20479229ns          342950 1c00819a 43130733 p.mac            x14, x6, x17        x14=ffffff74 x14:ffffffa8  x6:00000002 x17:ffffffe6
20479248ns          342951 1c008192 0046230b p.lw             x6, 4(x12!)          x6=00000000 x12=1000073c x12:10000738  PA:10000738
20479268ns          342952 1c008196 2078788b p.lw             x17, x7(x16!)       x17=ffffffde x16=100002d0  x7:00000020 x16:100002b0  PA:100002b0
20479308ns          342954 1c00819a 43130733 p.mac            x14, x6, x17        x14=ffffff74 x14:ffffff74  x6:00000000 x17:ffffffde
20479328ns          342955 1c008192 0046230b p.lw             x6, 4(x12!)          x6=fffffffe x12=10000740 x12:1000073c  PA:1000073c
20479348ns          342956 1c008196 2078788b p.lw             x17, x7(x16!)       x17=ffffffd6 x16=100002f0  x7:00000020 x16:100002d0  PA:100002d0
20479388ns          342958 1c00819a 43130733 p.mac            x14, x6, x17        x14=ffffffc8 x14:ffffff74  x6:fffffffe x17:ffffffd6
20479408ns          342959 1c008192 0046230b p.lw             x6, 4(x12!)          x6=fffffffc x12=10000744 x12:10000740  PA:10000740
20479427ns          342960 1c008196 2078788b p.lw             x17, x7(x16!)       x17=ffffffce x16=10000310  x7:00000020 x16:100002f0  PA:100002f0
20479467ns          342962 1c00819a 43130733 p.mac            x14, x6, x17        x14=00000090 x14:ffffffc8  x6:fffffffc x17:ffffffce
20479487ns          342963 1c00819e 00ef222b p.sw             x14, 4(x30!)        x30=10000834 x14:00000090 x30:10000830  PA:10000830
20479507ns          342964 1c0081a2 004e8e93 addi             x29, x29, 4         x29=10000214 x29:10000210
20479547ns          342966 1c00817e 40af87b3 sub              x15, x31, x10       x15=00000020 x31:10000744 x10:10000724
20479567ns          342967 1c008182 ffc78793 addi             x15, x15, -4        x15=0000001c x15:00000020
20479587ns          342968 1c008184 0027d793 srli             x15, x15, 0x2       x15=00000007 x15:0000001c
20479606ns          342969 1c008186 01d00833 add              x16, x0, x29        x16=10000214 x29:10000214
20479626ns          342970 1c008188 00a00633 add              x12, x0, x10        x12=10000724 x10:10000724
20479646ns          342971 1c00818a 00000713 addi             x14, x0, 0          x14=00000000
20479666ns          342972 1c00818c 00178793 addi             x15, x15, 1         x15=00000008 x15:00000007
20479686ns          342973 1c00818e 0067c0fb lp.setup         0x1, x15, 0x6       x15:00000008
20479706ns          342974 1c008192 0046230b p.lw             x6, 4(x12!)          x6=0000000a x12=10000728 x12:10000724  PA:10000724
20479726ns          342975 1c008196 2078788b p.lw             x17, x7(x16!)       x17=00000005 x16=10000234  x7:00000020 x16:10000214  PA:10000214
20479766ns          342977 1c00819a 43130733 p.mac            x14, x6, x17        x14=00000032 x14:00000000  x6:0000000a x17:00000005
20479785ns          342978 1c008192 0046230b p.lw             x6, 4(x12!)          x6=00000008 x12=1000072c x12:10000728  PA:10000728
20479805ns          342979 1c008196 2078788b p.lw             x17, x7(x16!)       x17=fffffffd x16=10000254  x7:00000020 x16:10000234  PA:10000234
20479845ns          342981 1c00819a 43130733 p.mac            x14, x6, x17        x14=0000001a x14:00000032  x6:00000008 x17:fffffffd
20479865ns          342982 1c008192 0046230b p.lw             x6, 4(x12!)          x6=00000006 x12=10000730 x12:1000072c  PA:1000072c
20479885ns          342983 1c008196 2078788b p.lw             x17, x7(x16!)       x17=fffffff5 x16=10000274  x7:00000020 x16:10000254  PA:10000254
20479925ns          342985 1c00819a 43130733 p.mac            x14, x6, x17        x14=ffffffd8 x14:0000001a  x6:00000006 x17:fffffff5
20479945ns          342986 1c008192 0046230b p.lw             x6, 4(x12!)          x6=00000004 x12=10000734 x12:10000730  PA:10000730
20479984ns          342988 1c008196 2078788b p.lw             x17, x7(x16!)       x17=ffffffed x16=10000294  x7:00000020 x16:10000274  PA:10000274
20480044ns          342991 1c00819a 43130733 p.mac            x14, x6, x17        x14=ffffff8c x14:ffffffd8  x6:00000004 x17:ffffffed
20480064ns          342992 1c008192 0046230b p.lw             x6, 4(x12!)          x6=00000002 x12=10000738 x12:10000734  PA:10000734
20480084ns          342993 1c008196 2078788b p.lw             x17, x7(x16!)       x17=ffffffe5 x16=100002b4  x7:00000020 x16:10000294  PA:10000294
20480124ns          342995 1c00819a 43130733 p.mac            x14, x6, x17        x14=ffffff56 x14:ffffff8c  x6:00000002 x17:ffffffe5
20480143ns          342996 1c008192 0046230b p.lw             x6, 4(x12!)          x6=00000000 x12=1000073c x12:10000738  PA:10000738
20480183ns          342998 1c008196 2078788b p.lw             x17, x7(x16!)       x17=ffffffdd x16=100002d4  x7:00000020 x16:100002b4  PA:100002b4
20480223ns          343000 1c00819a 43130733 p.mac            x14, x6, x17        x14=ffffff56 x14:ffffff56  x6:00000000 x17:ffffffdd
20480243ns          343001 1c008192 0046230b p.lw             x6, 4(x12!)          x6=fffffffe x12=10000740 x12:1000073c  PA:1000073c
20480283ns          343003 1c008196 2078788b p.lw             x17, x7(x16!)       x17=ffffffd5 x16=100002f4  x7:00000020 x16:100002d4  PA:100002d4
20480323ns          343005 1c00819a 43130733 p.mac            x14, x6, x17        x14=ffffffac x14:ffffff56  x6:fffffffe x17:ffffffd5
20480342ns          343006 1c008192 0046230b p.lw             x6, 4(x12!)          x6=fffffffc x12=10000744 x12:10000740  PA:10000740
20480362ns          343007 1c008196 2078788b p.lw             x17, x7(x16!)       x17=ffffffcd x16=10000314  x7:00000020 x16:100002f4  PA:100002f4
20480402ns          343009 1c00819a 43130733 p.mac            x14, x6, x17        x14=00000078 x14:ffffffac  x6:fffffffc x17:ffffffcd
20480422ns          343010 1c00819e 00ef222b p.sw             x14, 4(x30!)        x30=10000838 x14:00000078 x30:10000834  PA:10000834
20480442ns          343011 1c0081a2 004e8e93 addi             x29, x29, 4         x29=10000218 x29:10000214
20480482ns          343013 1c00817e 40af87b3 sub              x15, x31, x10       x15=00000020 x31:10000744 x10:10000724
20480502ns          343014 1c008182 ffc78793 addi             x15, x15, -4        x15=0000001c x15:00000020
20480521ns          343015 1c008184 0027d793 srli             x15, x15, 0x2       x15=00000007 x15:0000001c
20480541ns          343016 1c008186 01d00833 add              x16, x0, x29        x16=10000218 x29:10000218
20480561ns          343017 1c008188 00a00633 add              x12, x0, x10        x12=10000724 x10:10000724
20480581ns          343018 1c00818a 00000713 addi             x14, x0, 0          x14=00000000
20480601ns          343019 1c00818c 00178793 addi             x15, x15, 1         x15=00000008 x15:00000007
20480621ns          343020 1c00818e 0067c0fb lp.setup         0x1, x15, 0x6       x15:00000008
20480641ns          343021 1c008192 0046230b p.lw             x6, 4(x12!)          x6=0000000a x12=10000728 x12:10000724  PA:10000724
20480661ns          343022 1c008196 2078788b p.lw             x17, x7(x16!)       x17=00000004 x16=10000238  x7:00000020 x16:10000218  PA:10000218
20480700ns          343024 1c00819a 43130733 p.mac            x14, x6, x17        x14=00000028 x14:00000000  x6:0000000a x17:00000004
20480720ns          343025 1c008192 0046230b p.lw             x6, 4(x12!)          x6=00000008 x12=1000072c x12:10000728  PA:10000728
20480740ns          343026 1c008196 2078788b p.lw             x17, x7(x16!)       x17=fffffffc x16=10000258  x7:00000020 x16:10000238  PA:10000238
20480780ns          343028 1c00819a 43130733 p.mac            x14, x6, x17        x14=00000008 x14:00000028  x6:00000008 x17:fffffffc
20480800ns          343029 1c008192 0046230b p.lw             x6, 4(x12!)          x6=00000006 x12=10000730 x12:1000072c  PA:1000072c
20480820ns          343030 1c008196 2078788b p.lw             x17, x7(x16!)       x17=fffffff4 x16=10000278  x7:00000020 x16:10000258  PA:10000258
20480860ns          343032 1c00819a 43130733 p.mac            x14, x6, x17        x14=ffffffc0 x14:00000008  x6:00000006 x17:fffffff4
20480879ns          343033 1c008192 0046230b p.lw             x6, 4(x12!)          x6=00000004 x12=10000734 x12:10000730  PA:10000730
20480899ns          343034 1c008196 2078788b p.lw             x17, x7(x16!)       x17=ffffffec x16=10000298  x7:00000020 x16:10000278  PA:10000278
20480939ns          343036 1c00819a 43130733 p.mac            x14, x6, x17        x14=ffffff70 x14:ffffffc0  x6:00000004 x17:ffffffec
20480959ns          343037 1c008192 0046230b p.lw             x6, 4(x12!)          x6=00000002 x12=10000738 x12:10000734  PA:10000734
20480979ns          343038 1c008196 2078788b p.lw             x17, x7(x16!)       x17=ffffffe4 x16=100002b8  x7:00000020 x16:10000298  PA:10000298
20481019ns          343040 1c00819a 43130733 p.mac            x14, x6, x17        x14=ffffff38 x14:ffffff70  x6:00000002 x17:ffffffe4
20481039ns          343041 1c008192 0046230b p.lw             x6, 4(x12!)          x6=00000000 x12=1000073c x12:10000738  PA:10000738
20481058ns          343042 1c008196 2078788b p.lw             x17, x7(x16!)       x17=ffffffdc x16=100002d8  x7:00000020 x16:100002b8  PA:100002b8
20481098ns          343044 1c00819a 43130733 p.mac            x14, x6, x17        x14=ffffff38 x14:ffffff38  x6:00000000 x17:ffffffdc
20481118ns          343045 1c008192 0046230b p.lw             x6, 4(x12!)          x6=fffffffe x12=10000740 x12:1000073c  PA:1000073c
20481138ns          343046 1c008196 2078788b p.lw             x17, x7(x16!)       x17=ffffffd4 x16=100002f8  x7:00000020 x16:100002d8  PA:100002d8
20481178ns          343048 1c00819a 43130733 p.mac            x14, x6, x17        x14=ffffff90 x14:ffffff38  x6:fffffffe x17:ffffffd4
20481198ns          343049 1c008192 0046230b p.lw             x6, 4(x12!)          x6=fffffffc x12=10000744 x12:10000740  PA:10000740
20481218ns          343050 1c008196 2078788b p.lw             x17, x7(x16!)       x17=ffffffcc x16=10000318  x7:00000020 x16:100002f8  PA:100002f8
20481257ns          343052 1c00819a 43130733 p.mac            x14, x6, x17        x14=00000060 x14:ffffff90  x6:fffffffc x17:ffffffcc
20481277ns          343053 1c00819e 00ef222b p.sw             x14, 4(x30!)        x30=1000083c x14:00000060 x30:10000838  PA:10000838
20481297ns          343054 1c0081a2 004e8e93 addi             x29, x29, 4         x29=1000021c x29:10000218
20481337ns          343056 1c00817e 40af87b3 sub              x15, x31, x10       x15=00000020 x31:10000744 x10:10000724
20481357ns          343057 1c008182 ffc78793 addi             x15, x15, -4        x15=0000001c x15:00000020
20481377ns          343058 1c008184 0027d793 srli             x15, x15, 0x2       x15=00000007 x15:0000001c
20481397ns          343059 1c008186 01d00833 add              x16, x0, x29        x16=1000021c x29:1000021c
20481417ns          343060 1c008188 00a00633 add              x12, x0, x10        x12=10000724 x10:10000724
20481436ns          343061 1c00818a 00000713 addi             x14, x0, 0          x14=00000000
20481456ns          343062 1c00818c 00178793 addi             x15, x15, 1         x15=00000008 x15:00000007
20481476ns          343063 1c00818e 0067c0fb lp.setup         0x1, x15, 0x6       x15:00000008
20481496ns          343064 1c008192 0046230b p.lw             x6, 4(x12!)          x6=0000000a x12=10000728 x12:10000724  PA:10000724
20481516ns          343065 1c008196 2078788b p.lw             x17, x7(x16!)       x17=00000003 x16=1000023c  x7:00000020 x16:1000021c  PA:1000021c
20481556ns          343067 1c00819a 43130733 p.mac            x14, x6, x17        x14=0000001e x14:00000000  x6:0000000a x17:00000003
20481576ns          343068 1c008192 0046230b p.lw             x6, 4(x12!)          x6=00000008 x12=1000072c x12:10000728  PA:10000728
20481596ns          343069 1c008196 2078788b p.lw             x17, x7(x16!)       x17=fffffffb x16=1000025c  x7:00000020 x16:1000023c  PA:1000023c
20481635ns          343071 1c00819a 43130733 p.mac            x14, x6, x17        x14=fffffff6 x14:0000001e  x6:00000008 x17:fffffffb
20481655ns          343072 1c008192 0046230b p.lw             x6, 4(x12!)          x6=00000006 x12=10000730 x12:1000072c  PA:1000072c
20481675ns          343073 1c008196 2078788b p.lw             x17, x7(x16!)       x17=fffffff3 x16=1000027c  x7:00000020 x16:1000025c  PA:1000025c
20481715ns          343075 1c00819a 43130733 p.mac            x14, x6, x17        x14=ffffffa8 x14:fffffff6  x6:00000006 x17:fffffff3
20481735ns          343076 1c008192 0046230b p.lw             x6, 4(x12!)          x6=00000004 x12=10000734 x12:10000730  PA:10000730
20481755ns          343077 1c008196 2078788b p.lw             x17, x7(x16!)       x17=ffffffeb x16=1000029c  x7:00000020 x16:1000027c  PA:1000027c
20481794ns          343079 1c00819a 43130733 p.mac            x14, x6, x17        x14=ffffff54 x14:ffffffa8  x6:00000004 x17:ffffffeb
20481814ns          343080 1c008192 0046230b p.lw             x6, 4(x12!)          x6=00000002 x12=10000738 x12:10000734  PA:10000734
20481834ns          343081 1c008196 2078788b p.lw             x17, x7(x16!)       x17=ffffffe3 x16=100002bc  x7:00000020 x16:1000029c  PA:1000029c
20481874ns          343083 1c00819a 43130733 p.mac            x14, x6, x17        x14=ffffff1a x14:ffffff54  x6:00000002 x17:ffffffe3
20481894ns          343084 1c008192 0046230b p.lw             x6, 4(x12!)          x6=00000000 x12=1000073c x12:10000738  PA:10000738
20481914ns          343085 1c008196 2078788b p.lw             x17, x7(x16!)       x17=ffffffdb x16=100002dc  x7:00000020 x16:100002bc  PA:100002bc
20481954ns          343087 1c00819a 43130733 p.mac            x14, x6, x17        x14=ffffff1a x14:ffffff1a  x6:00000000 x17:ffffffdb
20481973ns          343088 1c008192 0046230b p.lw             x6, 4(x12!)          x6=fffffffe x12=10000740 x12:1000073c  PA:1000073c
20481993ns          343089 1c008196 2078788b p.lw             x17, x7(x16!)       x17=ffffffd3 x16=100002fc  x7:00000020 x16:100002dc  PA:100002dc
20482033ns          343091 1c00819a 43130733 p.mac            x14, x6, x17        x14=ffffff74 x14:ffffff1a  x6:fffffffe x17:ffffffd3
20482053ns          343092 1c008192 0046230b p.lw             x6, 4(x12!)          x6=fffffffc x12=10000744 x12:10000740  PA:10000740
20482073ns          343093 1c008196 2078788b p.lw             x17, x7(x16!)       x17=ffffffcb x16=1000031c  x7:00000020 x16:100002fc  PA:100002fc
20482113ns          343095 1c00819a 43130733 p.mac            x14, x6, x17        x14=00000048 x14:ffffff74  x6:fffffffc x17:ffffffcb
20482133ns          343096 1c00819e 00ef222b p.sw             x14, 4(x30!)        x30=10000840 x14:00000048 x30:1000083c  PA:1000083c
20482152ns          343097 1c0081a2 004e8e93 addi             x29, x29, 4         x29=10000220 x29:1000021c
20482192ns          343099 1c00817e 40af87b3 sub              x15, x31, x10       x15=00000020 x31:10000744 x10:10000724
20482212ns          343100 1c008182 ffc78793 addi             x15, x15, -4        x15=0000001c x15:00000020
20482232ns          343101 1c008184 0027d793 srli             x15, x15, 0x2       x15=00000007 x15:0000001c
20482252ns          343102 1c008186 01d00833 add              x16, x0, x29        x16=10000220 x29:10000220
20482272ns          343103 1c008188 00a00633 add              x12, x0, x10        x12=10000724 x10:10000724
20482292ns          343104 1c00818a 00000713 addi             x14, x0, 0          x14=00000000
20482312ns          343105 1c00818c 00178793 addi             x15, x15, 1         x15=00000008 x15:00000007
20482331ns          343106 1c00818e 0067c0fb lp.setup         0x1, x15, 0x6       x15:00000008
20482351ns          343107 1c008192 0046230b p.lw             x6, 4(x12!)          x6=0000000a x12=10000728 x12:10000724  PA:10000724
20482371ns          343108 1c008196 2078788b p.lw             x17, x7(x16!)       x17=00000002 x16=10000240  x7:00000020 x16:10000220  PA:10000220
20482411ns          343110 1c00819a 43130733 p.mac            x14, x6, x17        x14=00000014 x14:00000000  x6:0000000a x17:00000002
20482431ns          343111 1c008192 0046230b p.lw             x6, 4(x12!)          x6=00000008 x12=1000072c x12:10000728  PA:10000728
20482451ns          343112 1c008196 2078788b p.lw             x17, x7(x16!)       x17=fffffffa x16=10000260  x7:00000020 x16:10000240  PA:10000240
20482491ns          343114 1c00819a 43130733 p.mac            x14, x6, x17        x14=ffffffe4 x14:00000014  x6:00000008 x17:fffffffa
20482510ns          343115 1c008192 0046230b p.lw             x6, 4(x12!)          x6=00000006 x12=10000730 x12:1000072c  PA:1000072c
20482530ns          343116 1c008196 2078788b p.lw             x17, x7(x16!)       x17=fffffff2 x16=10000280  x7:00000020 x16:10000260  PA:10000260
20482570ns          343118 1c00819a 43130733 p.mac            x14, x6, x17        x14=ffffff90 x14:ffffffe4  x6:00000006 x17:fffffff2
20482590ns          343119 1c008192 0046230b p.lw             x6, 4(x12!)          x6=00000004 x12=10000734 x12:10000730  PA:10000730
20482610ns          343120 1c008196 2078788b p.lw             x17, x7(x16!)       x17=ffffffea x16=100002a0  x7:00000020 x16:10000280  PA:10000280
20482650ns          343122 1c00819a 43130733 p.mac            x14, x6, x17        x14=ffffff38 x14:ffffff90  x6:00000004 x17:ffffffea
20482670ns          343123 1c008192 0046230b p.lw             x6, 4(x12!)          x6=00000002 x12=10000738 x12:10000734  PA:10000734
20482690ns          343124 1c008196 2078788b p.lw             x17, x7(x16!)       x17=ffffffe2 x16=100002c0  x7:00000020 x16:100002a0  PA:100002a0
20482729ns          343126 1c00819a 43130733 p.mac            x14, x6, x17        x14=fffffefc x14:ffffff38  x6:00000002 x17:ffffffe2
20482749ns          343127 1c008192 0046230b p.lw             x6, 4(x12!)          x6=00000000 x12=1000073c x12:10000738  PA:10000738
20482769ns          343128 1c008196 2078788b p.lw             x17, x7(x16!)       x17=ffffffda x16=100002e0  x7:00000020 x16:100002c0  PA:100002c0
20482809ns          343130 1c00819a 43130733 p.mac            x14, x6, x17        x14=fffffefc x14:fffffefc  x6:00000000 x17:ffffffda
20482829ns          343131 1c008192 0046230b p.lw             x6, 4(x12!)          x6=fffffffe x12=10000740 x12:1000073c  PA:1000073c
20482849ns          343132 1c008196 2078788b p.lw             x17, x7(x16!)       x17=ffffffd2 x16=10000300  x7:00000020 x16:100002e0  PA:100002e0
20482888ns          343134 1c00819a 43130733 p.mac            x14, x6, x17        x14=ffffff58 x14:fffffefc  x6:fffffffe x17:ffffffd2
20482908ns          343135 1c008192 0046230b p.lw             x6, 4(x12!)          x6=fffffffc x12=10000744 x12:10000740  PA:10000740
20482928ns          343136 1c008196 2078788b p.lw             x17, x7(x16!)       x17=ffffffca x16=10000320  x7:00000020 x16:10000300  PA:10000300
20482968ns          343138 1c00819a 43130733 p.mac            x14, x6, x17        x14=00000030 x14:ffffff58  x6:fffffffc x17:ffffffca
20482988ns          343139 1c00819e 00ef222b p.sw             x14, 4(x30!)        x30=10000844 x14:00000030 x30:10000840  PA:10000840
20483008ns          343140 1c0081a2 004e8e93 addi             x29, x29, 4         x29=10000224 x29:10000220
20483028ns          343141 1c0081a4 00128293 addi             x5, x5, 1            x5=00000002  x5:00000001
20483048ns          343142 1c0081a6 00750533 add              x10, x10, x7        x10=10000744 x10:10000724  x7:00000020
20483067ns          343143 1c0081a8 007f8fb3 add              x31, x31, x7        x31=10000764 x31:10000744  x7:00000020
20483087ns          343144 1c0081aa fa569fe3 bne              x13, x5, -66        x13:00000008  x5:00000002
20483147ns          343147 1c008168 40b48e33 sub              x28, x9, x11        x28=00000020  x9:10000224 x11:10000204
20483167ns          343148 1c00816c ffce0e13 addi             x28, x28, -4        x28=0000001c x28:00000020
20483187ns          343149 1c00816e 002e5e13 srli             x28, x28, 0x2       x28=00000007 x28:0000001c
20483207ns          343150 1c008172 008f8f33 add              x30, x31, x8        x30=10000844 x31:10000764  x8:000000e0
20483227ns          343151 1c008176 00b00eb3 add              x29, x0, x11        x29=10000204 x11:10000204
20483246ns          343152 1c008178 001e0e13 addi             x28, x28, 1         x28=00000008 x28:00000007
20483266ns          343153 1c00817a 014e407b lp.setup         0x0, x28, 0x14      x28:00000008
20483286ns          343154 1c00817e 40af87b3 sub              x15, x31, x10       x15=00000020 x31:10000764 x10:10000744
20483306ns          343155 1c008182 ffc78793 addi             x15, x15, -4        x15=0000001c x15:00000020
20483326ns          343156 1c008184 0027d793 srli             x15, x15, 0x2       x15=00000007 x15:0000001c
20483346ns          343157 1c008186 01d00833 add              x16, x0, x29        x16=10000204 x29:10000204
20483366ns          343158 1c008188 00a00633 add              x12, x0, x10        x12=10000744 x10:10000744
20483386ns          343159 1c00818a 00000713 addi             x14, x0, 0          x14=00000000
20483406ns          343160 1c00818c 00178793 addi             x15, x15, 1         x15=00000008 x15:00000007
20483425ns          343161 1c00818e 0067c0fb lp.setup         0x1, x15, 0x6       x15:00000008
20483445ns          343162 1c008192 0046230b p.lw             x6, 4(x12!)          x6=fffffffa x12=10000748 x12:10000744  PA:10000744
20483465ns          343163 1c008196 2078788b p.lw             x17, x7(x16!)       x17=00000009 x16=10000224  x7:00000020 x16:10000204  PA:10000204
20483505ns          343165 1c00819a 43130733 p.mac            x14, x6, x17        x14=ffffffca x14:00000000  x6:fffffffa x17:00000009
20483525ns          343166 1c008192 0046230b p.lw             x6, 4(x12!)          x6=fffffff8 x12=1000074c x12:10000748  PA:10000748
20483545ns          343167 1c008196 2078788b p.lw             x17, x7(x16!)       x17=00000001 x16=10000244  x7:00000020 x16:10000224  PA:10000224
20483585ns          343169 1c00819a 43130733 p.mac            x14, x6, x17        x14=ffffffc2 x14:ffffffca  x6:fffffff8 x17:00000001
20483604ns          343170 1c008192 0046230b p.lw             x6, 4(x12!)          x6=fffffff6 x12=10000750 x12:1000074c  PA:1000074c
20483624ns          343171 1c008196 2078788b p.lw             x17, x7(x16!)       x17=fffffff9 x16=10000264  x7:00000020 x16:10000244  PA:10000244
20483664ns          343173 1c00819a 43130733 p.mac            x14, x6, x17        x14=00000008 x14:ffffffc2  x6:fffffff6 x17:fffffff9
20483684ns          343174 1c008192 0046230b p.lw             x6, 4(x12!)          x6=fffffff4 x12=10000754 x12:10000750  PA:10000750
20483704ns          343175 1c008196 2078788b p.lw             x17, x7(x16!)       x17=fffffff1 x16=10000284  x7:00000020 x16:10000264  PA:10000264
20483744ns          343177 1c00819a 43130733 p.mac            x14, x6, x17        x14=000000bc x14:00000008  x6:fffffff4 x17:fffffff1
20483764ns          343178 1c008192 0046230b p.lw             x6, 4(x12!)          x6=fffffff2 x12=10000758 x12:10000754  PA:10000754
20483784ns          343179 1c008196 2078788b p.lw             x17, x7(x16!)       x17=ffffffe9 x16=100002a4  x7:00000020 x16:10000284  PA:10000284
20483823ns          343181 1c00819a 43130733 p.mac            x14, x6, x17        x14=000001fe x14:000000bc  x6:fffffff2 x17:ffffffe9
20483843ns          343182 1c008192 0046230b p.lw             x6, 4(x12!)          x6=fffffff0 x12=1000075c x12:10000758  PA:10000758
20483863ns          343183 1c008196 2078788b p.lw             x17, x7(x16!)       x17=ffffffe1 x16=100002c4  x7:00000020 x16:100002a4  PA:100002a4
20483903ns          343185 1c00819a 43130733 p.mac            x14, x6, x17        x14=000003ee x14:000001fe  x6:fffffff0 x17:ffffffe1
20483923ns          343186 1c008192 0046230b p.lw             x6, 4(x12!)          x6=ffffffee x12=10000760 x12:1000075c  PA:1000075c
20483943ns          343187 1c008196 2078788b p.lw             x17, x7(x16!)       x17=ffffffd9 x16=100002e4  x7:00000020 x16:100002c4  PA:100002c4
20483982ns          343189 1c00819a 43130733 p.mac            x14, x6, x17        x14=000006ac x14:000003ee  x6:ffffffee x17:ffffffd9
20484002ns          343190 1c008192 0046230b p.lw             x6, 4(x12!)          x6=ffffffec x12=10000764 x12:10000760  PA:10000760
20484022ns          343191 1c008196 2078788b p.lw             x17, x7(x16!)       x17=ffffffd1 x16=10000304  x7:00000020 x16:100002e4  PA:100002e4
20484062ns          343193 1c00819a 43130733 p.mac            x14, x6, x17        x14=00000a58 x14:000006ac  x6:ffffffec x17:ffffffd1
20484082ns          343194 1c00819e 00ef222b p.sw             x14, 4(x30!)        x30=10000848 x14:00000a58 x30:10000844  PA:10000844
20484102ns          343195 1c0081a2 004e8e93 addi             x29, x29, 4         x29=10000208 x29:10000204
20484142ns          343197 1c00817e 40af87b3 sub              x15, x31, x10       x15=00000020 x31:10000764 x10:10000744
20484161ns          343198 1c008182 ffc78793 addi             x15, x15, -4        x15=0000001c x15:00000020
20484181ns          343199 1c008184 0027d793 srli             x15, x15, 0x2       x15=00000007 x15:0000001c
20484201ns          343200 1c008186 01d00833 add              x16, x0, x29        x16=10000208 x29:10000208
20484221ns          343201 1c008188 00a00633 add              x12, x0, x10        x12=10000744 x10:10000744
20484241ns          343202 1c00818a 00000713 addi             x14, x0, 0          x14=00000000
20484261ns          343203 1c00818c 00178793 addi             x15, x15, 1         x15=00000008 x15:00000007
20484281ns          343204 1c00818e 0067c0fb lp.setup         0x1, x15, 0x6       x15:00000008
20484301ns          343205 1c008192 0046230b p.lw             x6, 4(x12!)          x6=fffffffa x12=10000748 x12:10000744  PA:10000744
20484321ns          343206 1c008196 2078788b p.lw             x17, x7(x16!)       x17=00000008 x16=10000228  x7:00000020 x16:10000208  PA:10000208
20484360ns          343208 1c00819a 43130733 p.mac            x14, x6, x17        x14=ffffffd0 x14:00000000  x6:fffffffa x17:00000008
20484380ns          343209 1c008192 0046230b p.lw             x6, 4(x12!)          x6=fffffff8 x12=1000074c x12:10000748  PA:10000748
20484400ns          343210 1c008196 2078788b p.lw             x17, x7(x16!)       x17=00000000 x16=10000248  x7:00000020 x16:10000228  PA:10000228
20484440ns          343212 1c00819a 43130733 p.mac            x14, x6, x17        x14=ffffffd0 x14:ffffffd0  x6:fffffff8 x17:00000000
20484460ns          343213 1c008192 0046230b p.lw             x6, 4(x12!)          x6=fffffff6 x12=10000750 x12:1000074c  PA:1000074c
20484480ns          343214 1c008196 2078788b p.lw             x17, x7(x16!)       x17=fffffff8 x16=10000268  x7:00000020 x16:10000248  PA:10000248
20484519ns          343216 1c00819a 43130733 p.mac            x14, x6, x17        x14=00000020 x14:ffffffd0  x6:fffffff6 x17:fffffff8
20484539ns          343217 1c008192 0046230b p.lw             x6, 4(x12!)          x6=fffffff4 x12=10000754 x12:10000750  PA:10000750
20484559ns          343218 1c008196 2078788b p.lw             x17, x7(x16!)       x17=fffffff0 x16=10000288  x7:00000020 x16:10000268  PA:10000268
20484599ns          343220 1c00819a 43130733 p.mac            x14, x6, x17        x14=000000e0 x14:00000020  x6:fffffff4 x17:fffffff0
20484619ns          343221 1c008192 0046230b p.lw             x6, 4(x12!)          x6=fffffff2 x12=10000758 x12:10000754  PA:10000754
20484639ns          343222 1c008196 2078788b p.lw             x17, x7(x16!)       x17=ffffffe8 x16=100002a8  x7:00000020 x16:10000288  PA:10000288
20484679ns          343224 1c00819a 43130733 p.mac            x14, x6, x17        x14=00000230 x14:000000e0  x6:fffffff2 x17:ffffffe8
20484698ns          343225 1c008192 0046230b p.lw             x6, 4(x12!)          x6=fffffff0 x12=1000075c x12:10000758  PA:10000758
20484718ns          343226 1c008196 2078788b p.lw             x17, x7(x16!)       x17=ffffffe0 x16=100002c8  x7:00000020 x16:100002a8  PA:100002a8
20484758ns          343228 1c00819a 43130733 p.mac            x14, x6, x17        x14=00000430 x14:00000230  x6:fffffff0 x17:ffffffe0
20484778ns          343229 1c008192 0046230b p.lw             x6, 4(x12!)          x6=ffffffee x12=10000760 x12:1000075c  PA:1000075c
20484798ns          343230 1c008196 2078788b p.lw             x17, x7(x16!)       x17=ffffffd8 x16=100002e8  x7:00000020 x16:100002c8  PA:100002c8
20484838ns          343232 1c00819a 43130733 p.mac            x14, x6, x17        x14=00000700 x14:00000430  x6:ffffffee x17:ffffffd8
20484858ns          343233 1c008192 0046230b p.lw             x6, 4(x12!)          x6=ffffffec x12=10000764 x12:10000760  PA:10000760
20484877ns          343234 1c008196 2078788b p.lw             x17, x7(x16!)       x17=ffffffd0 x16=10000308  x7:00000020 x16:100002e8  PA:100002e8
20484917ns          343236 1c00819a 43130733 p.mac            x14, x6, x17        x14=00000ac0 x14:00000700  x6:ffffffec x17:ffffffd0
20484937ns          343237 1c00819e 00ef222b p.sw             x14, 4(x30!)        x30=1000084c x14:00000ac0 x30:10000848  PA:10000848
20484957ns          343238 1c0081a2 004e8e93 addi             x29, x29, 4         x29=1000020c x29:10000208
20484997ns          343240 1c00817e 40af87b3 sub              x15, x31, x10       x15=00000020 x31:10000764 x10:10000744
20485017ns          343241 1c008182 ffc78793 addi             x15, x15, -4        x15=0000001c x15:00000020
20485037ns          343242 1c008184 0027d793 srli             x15, x15, 0x2       x15=00000007 x15:0000001c
20485057ns          343243 1c008186 01d00833 add              x16, x0, x29        x16=1000020c x29:1000020c
20485076ns          343244 1c008188 00a00633 add              x12, x0, x10        x12=10000744 x10:10000744
20485096ns          343245 1c00818a 00000713 addi             x14, x0, 0          x14=00000000
20485116ns          343246 1c00818c 00178793 addi             x15, x15, 1         x15=00000008 x15:00000007
20485136ns          343247 1c00818e 0067c0fb lp.setup         0x1, x15, 0x6       x15:00000008
20485156ns          343248 1c008192 0046230b p.lw             x6, 4(x12!)          x6=fffffffa x12=10000748 x12:10000744  PA:10000744
20485176ns          343249 1c008196 2078788b p.lw             x17, x7(x16!)       x17=00000007 x16=1000022c  x7:00000020 x16:1000020c  PA:1000020c
20485216ns          343251 1c00819a 43130733 p.mac            x14, x6, x17        x14=ffffffd6 x14:00000000  x6:fffffffa x17:00000007
20485236ns          343252 1c008192 0046230b p.lw             x6, 4(x12!)          x6=fffffff8 x12=1000074c x12:10000748  PA:10000748
20485255ns          343253 1c008196 2078788b p.lw             x17, x7(x16!)       x17=ffffffff x16=1000024c  x7:00000020 x16:1000022c  PA:1000022c
20485295ns          343255 1c00819a 43130733 p.mac            x14, x6, x17        x14=ffffffde x14:ffffffd6  x6:fffffff8 x17:ffffffff
20485315ns          343256 1c008192 0046230b p.lw             x6, 4(x12!)          x6=fffffff6 x12=10000750 x12:1000074c  PA:1000074c
20485335ns          343257 1c008196 2078788b p.lw             x17, x7(x16!)       x17=fffffff7 x16=1000026c  x7:00000020 x16:1000024c  PA:1000024c
20485375ns          343259 1c00819a 43130733 p.mac            x14, x6, x17        x14=00000038 x14:ffffffde  x6:fffffff6 x17:fffffff7
20485395ns          343260 1c008192 0046230b p.lw             x6, 4(x12!)          x6=fffffff4 x12=10000754 x12:10000750  PA:10000750
20485415ns          343261 1c008196 2078788b p.lw             x17, x7(x16!)       x17=ffffffef x16=1000028c  x7:00000020 x16:1000026c  PA:1000026c
20485454ns          343263 1c00819a 43130733 p.mac            x14, x6, x17        x14=00000104 x14:00000038  x6:fffffff4 x17:ffffffef
20485474ns          343264 1c008192 0046230b p.lw             x6, 4(x12!)          x6=fffffff2 x12=10000758 x12:10000754  PA:10000754
20485494ns          343265 1c008196 2078788b p.lw             x17, x7(x16!)       x17=ffffffe7 x16=100002ac  x7:00000020 x16:1000028c  PA:1000028c
20485534ns          343267 1c00819a 43130733 p.mac            x14, x6, x17        x14=00000262 x14:00000104  x6:fffffff2 x17:ffffffe7
20485554ns          343268 1c008192 0046230b p.lw             x6, 4(x12!)          x6=fffffff0 x12=1000075c x12:10000758  PA:10000758
20485574ns          343269 1c008196 2078788b p.lw             x17, x7(x16!)       x17=ffffffdf x16=100002cc  x7:00000020 x16:100002ac  PA:100002ac
20485613ns          343271 1c00819a 43130733 p.mac            x14, x6, x17        x14=00000472 x14:00000262  x6:fffffff0 x17:ffffffdf
20485633ns          343272 1c008192 0046230b p.lw             x6, 4(x12!)          x6=ffffffee x12=10000760 x12:1000075c  PA:1000075c
20485653ns          343273 1c008196 2078788b p.lw             x17, x7(x16!)       x17=ffffffd7 x16=100002ec  x7:00000020 x16:100002cc  PA:100002cc
20485693ns          343275 1c00819a 43130733 p.mac            x14, x6, x17        x14=00000754 x14:00000472  x6:ffffffee x17:ffffffd7
20485713ns          343276 1c008192 0046230b p.lw             x6, 4(x12!)          x6=ffffffec x12=10000764 x12:10000760  PA:10000760
20485733ns          343277 1c008196 2078788b p.lw             x17, x7(x16!)       x17=ffffffcf x16=1000030c  x7:00000020 x16:100002ec  PA:100002ec
20485773ns          343279 1c00819a 43130733 p.mac            x14, x6, x17        x14=00000b28 x14:00000754  x6:ffffffec x17:ffffffcf
20485792ns          343280 1c00819e 00ef222b p.sw             x14, 4(x30!)        x30=10000850 x14:00000b28 x30:1000084c  PA:1000084c
20485812ns          343281 1c0081a2 004e8e93 addi             x29, x29, 4         x29=10000210 x29:1000020c
20485852ns          343283 1c00817e 40af87b3 sub              x15, x31, x10       x15=00000020 x31:10000764 x10:10000744
20485872ns          343284 1c008182 ffc78793 addi             x15, x15, -4        x15=0000001c x15:00000020
20485892ns          343285 1c008184 0027d793 srli             x15, x15, 0x2       x15=00000007 x15:0000001c
20485912ns          343286 1c008186 01d00833 add              x16, x0, x29        x16=10000210 x29:10000210
20485932ns          343287 1c008188 00a00633 add              x12, x0, x10        x12=10000744 x10:10000744
20485952ns          343288 1c00818a 00000713 addi             x14, x0, 0          x14=00000000
20485971ns          343289 1c00818c 00178793 addi             x15, x15, 1         x15=00000008 x15:00000007
20485991ns          343290 1c00818e 0067c0fb lp.setup         0x1, x15, 0x6       x15:00000008
20486011ns          343291 1c008192 0046230b p.lw             x6, 4(x12!)          x6=fffffffa x12=10000748 x12:10000744  PA:10000744
20486031ns          343292 1c008196 2078788b p.lw             x17, x7(x16!)       x17=00000006 x16=10000230  x7:00000020 x16:10000210  PA:10000210
20486071ns          343294 1c00819a 43130733 p.mac            x14, x6, x17        x14=ffffffdc x14:00000000  x6:fffffffa x17:00000006
20486091ns          343295 1c008192 0046230b p.lw             x6, 4(x12!)          x6=fffffff8 x12=1000074c x12:10000748  PA:10000748
20486111ns          343296 1c008196 2078788b p.lw             x17, x7(x16!)       x17=fffffffe x16=10000250  x7:00000020 x16:10000230  PA:10000230
20486151ns          343298 1c00819a 43130733 p.mac            x14, x6, x17        x14=ffffffec x14:ffffffdc  x6:fffffff8 x17:fffffffe
20486170ns          343299 1c008192 0046230b p.lw             x6, 4(x12!)          x6=fffffff6 x12=10000750 x12:1000074c  PA:1000074c
20486190ns          343300 1c008196 2078788b p.lw             x17, x7(x16!)       x17=fffffff6 x16=10000270  x7:00000020 x16:10000250  PA:10000250
20486230ns          343302 1c00819a 43130733 p.mac            x14, x6, x17        x14=00000050 x14:ffffffec  x6:fffffff6 x17:fffffff6
20486250ns          343303 1c008192 0046230b p.lw             x6, 4(x12!)          x6=fffffff4 x12=10000754 x12:10000750  PA:10000750
20486270ns          343304 1c008196 2078788b p.lw             x17, x7(x16!)       x17=ffffffee x16=10000290  x7:00000020 x16:10000270  PA:10000270
20486310ns          343306 1c00819a 43130733 p.mac            x14, x6, x17        x14=00000128 x14:00000050  x6:fffffff4 x17:ffffffee
20486330ns          343307 1c008192 0046230b p.lw             x6, 4(x12!)          x6=fffffff2 x12=10000758 x12:10000754  PA:10000754
20486349ns          343308 1c008196 2078788b p.lw             x17, x7(x16!)       x17=ffffffe6 x16=100002b0  x7:00000020 x16:10000290  PA:10000290
20486389ns          343310 1c00819a 43130733 p.mac            x14, x6, x17        x14=00000294 x14:00000128  x6:fffffff2 x17:ffffffe6
20486409ns          343311 1c008192 0046230b p.lw             x6, 4(x12!)          x6=fffffff0 x12=1000075c x12:10000758  PA:10000758
20486429ns          343312 1c008196 2078788b p.lw             x17, x7(x16!)       x17=ffffffde x16=100002d0  x7:00000020 x16:100002b0  PA:100002b0
20486469ns          343314 1c00819a 43130733 p.mac            x14, x6, x17        x14=000004b4 x14:00000294  x6:fffffff0 x17:ffffffde
20486489ns          343315 1c008192 0046230b p.lw             x6, 4(x12!)          x6=ffffffee x12=10000760 x12:1000075c  PA:1000075c
20486509ns          343316 1c008196 2078788b p.lw             x17, x7(x16!)       x17=ffffffd6 x16=100002f0  x7:00000020 x16:100002d0  PA:100002d0
20486548ns          343318 1c00819a 43130733 p.mac            x14, x6, x17        x14=000007a8 x14:000004b4  x6:ffffffee x17:ffffffd6
20486568ns          343319 1c008192 0046230b p.lw             x6, 4(x12!)          x6=ffffffec x12=10000764 x12:10000760  PA:10000760
20486588ns          343320 1c008196 2078788b p.lw             x17, x7(x16!)       x17=ffffffce x16=10000310  x7:00000020 x16:100002f0  PA:100002f0
20486628ns          343322 1c00819a 43130733 p.mac            x14, x6, x17        x14=00000b90 x14:000007a8  x6:ffffffec x17:ffffffce
20486648ns          343323 1c00819e 00ef222b p.sw             x14, 4(x30!)        x30=10000854 x14:00000b90 x30:10000850  PA:10000850
20486668ns          343324 1c0081a2 004e8e93 addi             x29, x29, 4         x29=10000214 x29:10000210
20486707ns          343326 1c00817e 40af87b3 sub              x15, x31, x10       x15=00000020 x31:10000764 x10:10000744
20486727ns          343327 1c008182 ffc78793 addi             x15, x15, -4        x15=0000001c x15:00000020
20486747ns          343328 1c008184 0027d793 srli             x15, x15, 0x2       x15=00000007 x15:0000001c
20486767ns          343329 1c008186 01d00833 add              x16, x0, x29        x16=10000214 x29:10000214
20486787ns          343330 1c008188 00a00633 add              x12, x0, x10        x12=10000744 x10:10000744
20486807ns          343331 1c00818a 00000713 addi             x14, x0, 0          x14=00000000
20486827ns          343332 1c00818c 00178793 addi             x15, x15, 1         x15=00000008 x15:00000007
20486847ns          343333 1c00818e 0067c0fb lp.setup         0x1, x15, 0x6       x15:00000008
20486867ns          343334 1c008192 0046230b p.lw             x6, 4(x12!)          x6=fffffffa x12=10000748 x12:10000744  PA:10000744
20486886ns          343335 1c008196 2078788b p.lw             x17, x7(x16!)       x17=00000005 x16=10000234  x7:00000020 x16:10000214  PA:10000214
20486926ns          343337 1c00819a 43130733 p.mac            x14, x6, x17        x14=ffffffe2 x14:00000000  x6:fffffffa x17:00000005
20486946ns          343338 1c008192 0046230b p.lw             x6, 4(x12!)          x6=fffffff8 x12=1000074c x12:10000748  PA:10000748
20486966ns          343339 1c008196 2078788b p.lw             x17, x7(x16!)       x17=fffffffd x16=10000254  x7:00000020 x16:10000234  PA:10000234
20487006ns          343341 1c00819a 43130733 p.mac            x14, x6, x17        x14=fffffffa x14:ffffffe2  x6:fffffff8 x17:fffffffd
20487026ns          343342 1c008192 0046230b p.lw             x6, 4(x12!)          x6=fffffff6 x12=10000750 x12:1000074c  PA:1000074c
20487046ns          343343 1c008196 2078788b p.lw             x17, x7(x16!)       x17=fffffff5 x16=10000274  x7:00000020 x16:10000254  PA:10000254
20487085ns          343345 1c00819a 43130733 p.mac            x14, x6, x17        x14=00000068 x14:fffffffa  x6:fffffff6 x17:fffffff5
20487105ns          343346 1c008192 0046230b p.lw             x6, 4(x12!)          x6=fffffff4 x12=10000754 x12:10000750  PA:10000750
20487125ns          343347 1c008196 2078788b p.lw             x17, x7(x16!)       x17=ffffffed x16=10000294  x7:00000020 x16:10000274  PA:10000274
20487165ns          343349 1c00819a 43130733 p.mac            x14, x6, x17        x14=0000014c x14:00000068  x6:fffffff4 x17:ffffffed
20487185ns          343350 1c008192 0046230b p.lw             x6, 4(x12!)          x6=fffffff2 x12=10000758 x12:10000754  PA:10000754
20487205ns          343351 1c008196 2078788b p.lw             x17, x7(x16!)       x17=ffffffe5 x16=100002b4  x7:00000020 x16:10000294  PA:10000294
20487244ns          343353 1c00819a 43130733 p.mac            x14, x6, x17        x14=000002c6 x14:0000014c  x6:fffffff2 x17:ffffffe5
20487264ns          343354 1c008192 0046230b p.lw             x6, 4(x12!)          x6=fffffff0 x12=1000075c x12:10000758  PA:10000758
20487284ns          343355 1c008196 2078788b p.lw             x17, x7(x16!)       x17=ffffffdd x16=100002d4  x7:00000020 x16:100002b4  PA:100002b4
20487324ns          343357 1c00819a 43130733 p.mac            x14, x6, x17        x14=000004f6 x14:000002c6  x6:fffffff0 x17:ffffffdd
20487344ns          343358 1c008192 0046230b p.lw             x6, 4(x12!)          x6=ffffffee x12=10000760 x12:1000075c  PA:1000075c
20487364ns          343359 1c008196 2078788b p.lw             x17, x7(x16!)       x17=ffffffd5 x16=100002f4  x7:00000020 x16:100002d4  PA:100002d4
20487404ns          343361 1c00819a 43130733 p.mac            x14, x6, x17        x14=000007fc x14:000004f6  x6:ffffffee x17:ffffffd5
20487424ns          343362 1c008192 0046230b p.lw             x6, 4(x12!)          x6=ffffffec x12=10000764 x12:10000760  PA:10000760
20487443ns          343363 1c008196 2078788b p.lw             x17, x7(x16!)       x17=ffffffcd x16=10000314  x7:00000020 x16:100002f4  PA:100002f4
20487483ns          343365 1c00819a 43130733 p.mac            x14, x6, x17        x14=00000bf8 x14:000007fc  x6:ffffffec x17:ffffffcd
20487503ns          343366 1c00819e 00ef222b p.sw             x14, 4(x30!)        x30=10000858 x14:00000bf8 x30:10000854  PA:10000854
20487523ns          343367 1c0081a2 004e8e93 addi             x29, x29, 4         x29=10000218 x29:10000214
20487563ns          343369 1c00817e 40af87b3 sub              x15, x31, x10       x15=00000020 x31:10000764 x10:10000744
20487583ns          343370 1c008182 ffc78793 addi             x15, x15, -4        x15=0000001c x15:00000020
20487603ns          343371 1c008184 0027d793 srli             x15, x15, 0x2       x15=00000007 x15:0000001c
20487622ns          343372 1c008186 01d00833 add              x16, x0, x29        x16=10000218 x29:10000218
20487642ns          343373 1c008188 00a00633 add              x12, x0, x10        x12=10000744 x10:10000744
20487662ns          343374 1c00818a 00000713 addi             x14, x0, 0          x14=00000000
20487682ns          343375 1c00818c 00178793 addi             x15, x15, 1         x15=00000008 x15:00000007
20487702ns          343376 1c00818e 0067c0fb lp.setup         0x1, x15, 0x6       x15:00000008
20487722ns          343377 1c008192 0046230b p.lw             x6, 4(x12!)          x6=fffffffa x12=10000748 x12:10000744  PA:10000744
20487742ns          343378 1c008196 2078788b p.lw             x17, x7(x16!)       x17=00000004 x16=10000238  x7:00000020 x16:10000218  PA:10000218
20487782ns          343380 1c00819a 43130733 p.mac            x14, x6, x17        x14=ffffffe8 x14:00000000  x6:fffffffa x17:00000004
20487801ns          343381 1c008192 0046230b p.lw             x6, 4(x12!)          x6=fffffff8 x12=1000074c x12:10000748  PA:10000748
20487821ns          343382 1c008196 2078788b p.lw             x17, x7(x16!)       x17=fffffffc x16=10000258  x7:00000020 x16:10000238  PA:10000238
20487861ns          343384 1c00819a 43130733 p.mac            x14, x6, x17        x14=00000008 x14:ffffffe8  x6:fffffff8 x17:fffffffc
20487881ns          343385 1c008192 0046230b p.lw             x6, 4(x12!)          x6=fffffff6 x12=10000750 x12:1000074c  PA:1000074c
20487901ns          343386 1c008196 2078788b p.lw             x17, x7(x16!)       x17=fffffff4 x16=10000278  x7:00000020 x16:10000258  PA:10000258
20487941ns          343388 1c00819a 43130733 p.mac            x14, x6, x17        x14=00000080 x14:00000008  x6:fffffff6 x17:fffffff4
20487961ns          343389 1c008192 0046230b p.lw             x6, 4(x12!)          x6=fffffff4 x12=10000754 x12:10000750  PA:10000750
20487980ns          343390 1c008196 2078788b p.lw             x17, x7(x16!)       x17=ffffffec x16=10000298  x7:00000020 x16:10000278  PA:10000278
20488020ns          343392 1c00819a 43130733 p.mac            x14, x6, x17        x14=00000170 x14:00000080  x6:fffffff4 x17:ffffffec
20488040ns          343393 1c008192 0046230b p.lw             x6, 4(x12!)          x6=fffffff2 x12=10000758 x12:10000754  PA:10000754
20488060ns          343394 1c008196 2078788b p.lw             x17, x7(x16!)       x17=ffffffe4 x16=100002b8  x7:00000020 x16:10000298  PA:10000298
20488100ns          343396 1c00819a 43130733 p.mac            x14, x6, x17        x14=000002f8 x14:00000170  x6:fffffff2 x17:ffffffe4
20488120ns          343397 1c008192 0046230b p.lw             x6, 4(x12!)          x6=fffffff0 x12=1000075c x12:10000758  PA:10000758
20488140ns          343398 1c008196 2078788b p.lw             x17, x7(x16!)       x17=ffffffdc x16=100002d8  x7:00000020 x16:100002b8  PA:100002b8
20488179ns          343400 1c00819a 43130733 p.mac            x14, x6, x17        x14=00000538 x14:000002f8  x6:fffffff0 x17:ffffffdc
20488199ns          343401 1c008192 0046230b p.lw             x6, 4(x12!)          x6=ffffffee x12=10000760 x12:1000075c  PA:1000075c
20488219ns          343402 1c008196 2078788b p.lw             x17, x7(x16!)       x17=ffffffd4 x16=100002f8  x7:00000020 x16:100002d8  PA:100002d8
20488259ns          343404 1c00819a 43130733 p.mac            x14, x6, x17        x14=00000850 x14:00000538  x6:ffffffee x17:ffffffd4
20488279ns          343405 1c008192 0046230b p.lw             x6, 4(x12!)          x6=ffffffec x12=10000764 x12:10000760  PA:10000760
20488299ns          343406 1c008196 2078788b p.lw             x17, x7(x16!)       x17=ffffffcc x16=10000318  x7:00000020 x16:100002f8  PA:100002f8
20488338ns          343408 1c00819a 43130733 p.mac            x14, x6, x17        x14=00000c60 x14:00000850  x6:ffffffec x17:ffffffcc
20488358ns          343409 1c00819e 00ef222b p.sw             x14, 4(x30!)        x30=1000085c x14:00000c60 x30:10000858  PA:10000858
20488378ns          343410 1c0081a2 004e8e93 addi             x29, x29, 4         x29=1000021c x29:10000218
20488418ns          343412 1c00817e 40af87b3 sub              x15, x31, x10       x15=00000020 x31:10000764 x10:10000744
20488438ns          343413 1c008182 ffc78793 addi             x15, x15, -4        x15=0000001c x15:00000020
20488458ns          343414 1c008184 0027d793 srli             x15, x15, 0x2       x15=00000007 x15:0000001c
20488478ns          343415 1c008186 01d00833 add              x16, x0, x29        x16=1000021c x29:1000021c
20488498ns          343416 1c008188 00a00633 add              x12, x0, x10        x12=10000744 x10:10000744
20488518ns          343417 1c00818a 00000713 addi             x14, x0, 0          x14=00000000
20488537ns          343418 1c00818c 00178793 addi             x15, x15, 1         x15=00000008 x15:00000007
20488557ns          343419 1c00818e 0067c0fb lp.setup         0x1, x15, 0x6       x15:00000008
20488577ns          343420 1c008192 0046230b p.lw             x6, 4(x12!)          x6=fffffffa x12=10000748 x12:10000744  PA:10000744
20488597ns          343421 1c008196 2078788b p.lw             x17, x7(x16!)       x17=00000003 x16=1000023c  x7:00000020 x16:1000021c  PA:1000021c
20488637ns          343423 1c00819a 43130733 p.mac            x14, x6, x17        x14=ffffffee x14:00000000  x6:fffffffa x17:00000003
20488657ns          343424 1c008192 0046230b p.lw             x6, 4(x12!)          x6=fffffff8 x12=1000074c x12:10000748  PA:10000748
20488677ns          343425 1c008196 2078788b p.lw             x17, x7(x16!)       x17=fffffffb x16=1000025c  x7:00000020 x16:1000023c  PA:1000023c
20488716ns          343427 1c00819a 43130733 p.mac            x14, x6, x17        x14=00000016 x14:ffffffee  x6:fffffff8 x17:fffffffb
20488736ns          343428 1c008192 0046230b p.lw             x6, 4(x12!)          x6=fffffff6 x12=10000750 x12:1000074c  PA:1000074c
20488756ns          343429 1c008196 2078788b p.lw             x17, x7(x16!)       x17=fffffff3 x16=1000027c  x7:00000020 x16:1000025c  PA:1000025c
20488796ns          343431 1c00819a 43130733 p.mac            x14, x6, x17        x14=00000098 x14:00000016  x6:fffffff6 x17:fffffff3
20488816ns          343432 1c008192 0046230b p.lw             x6, 4(x12!)          x6=fffffff4 x12=10000754 x12:10000750  PA:10000750
20488836ns          343433 1c008196 2078788b p.lw             x17, x7(x16!)       x17=ffffffeb x16=1000029c  x7:00000020 x16:1000027c  PA:1000027c
20488876ns          343435 1c00819a 43130733 p.mac            x14, x6, x17        x14=00000194 x14:00000098  x6:fffffff4 x17:ffffffeb
20488895ns          343436 1c008192 0046230b p.lw             x6, 4(x12!)          x6=fffffff2 x12=10000758 x12:10000754  PA:10000754
20488915ns          343437 1c008196 2078788b p.lw             x17, x7(x16!)       x17=ffffffe3 x16=100002bc  x7:00000020 x16:1000029c  PA:1000029c
20488955ns          343439 1c00819a 43130733 p.mac            x14, x6, x17        x14=0000032a x14:00000194  x6:fffffff2 x17:ffffffe3
20488975ns          343440 1c008192 0046230b p.lw             x6, 4(x12!)          x6=fffffff0 x12=1000075c x12:10000758  PA:10000758
20488995ns          343441 1c008196 2078788b p.lw             x17, x7(x16!)       x17=ffffffdb x16=100002dc  x7:00000020 x16:100002bc  PA:100002bc
20489035ns          343443 1c00819a 43130733 p.mac            x14, x6, x17        x14=0000057a x14:0000032a  x6:fffffff0 x17:ffffffdb
20489055ns          343444 1c008192 0046230b p.lw             x6, 4(x12!)          x6=ffffffee x12=10000760 x12:1000075c  PA:1000075c
20489074ns          343445 1c008196 2078788b p.lw             x17, x7(x16!)       x17=ffffffd3 x16=100002fc  x7:00000020 x16:100002dc  PA:100002dc
20489114ns          343447 1c00819a 43130733 p.mac            x14, x6, x17        x14=000008a4 x14:0000057a  x6:ffffffee x17:ffffffd3
20489134ns          343448 1c008192 0046230b p.lw             x6, 4(x12!)          x6=ffffffec x12=10000764 x12:10000760  PA:10000760
20489154ns          343449 1c008196 2078788b p.lw             x17, x7(x16!)       x17=ffffffcb x16=1000031c  x7:00000020 x16:100002fc  PA:100002fc
20489194ns          343451 1c00819a 43130733 p.mac            x14, x6, x17        x14=00000cc8 x14:000008a4  x6:ffffffec x17:ffffffcb
20489214ns          343452 1c00819e 00ef222b p.sw             x14, 4(x30!)        x30=10000860 x14:00000cc8 x30:1000085c  PA:1000085c
20489234ns          343453 1c0081a2 004e8e93 addi             x29, x29, 4         x29=10000220 x29:1000021c
20489273ns          343455 1c00817e 40af87b3 sub              x15, x31, x10       x15=00000020 x31:10000764 x10:10000744
20489293ns          343456 1c008182 ffc78793 addi             x15, x15, -4        x15=0000001c x15:00000020
20489313ns          343457 1c008184 0027d793 srli             x15, x15, 0x2       x15=00000007 x15:0000001c
20489333ns          343458 1c008186 01d00833 add              x16, x0, x29        x16=10000220 x29:10000220
20489353ns          343459 1c008188 00a00633 add              x12, x0, x10        x12=10000744 x10:10000744
20489373ns          343460 1c00818a 00000713 addi             x14, x0, 0          x14=00000000
20489393ns          343461 1c00818c 00178793 addi             x15, x15, 1         x15=00000008 x15:00000007
20489413ns          343462 1c00818e 0067c0fb lp.setup         0x1, x15, 0x6       x15:00000008
20489432ns          343463 1c008192 0046230b p.lw             x6, 4(x12!)          x6=fffffffa x12=10000748 x12:10000744  PA:10000744
20489452ns          343464 1c008196 2078788b p.lw             x17, x7(x16!)       x17=00000002 x16=10000240  x7:00000020 x16:10000220  PA:10000220
20489492ns          343466 1c00819a 43130733 p.mac            x14, x6, x17        x14=fffffff4 x14:00000000  x6:fffffffa x17:00000002
20489512ns          343467 1c008192 0046230b p.lw             x6, 4(x12!)          x6=fffffff8 x12=1000074c x12:10000748  PA:10000748
20489532ns          343468 1c008196 2078788b p.lw             x17, x7(x16!)       x17=fffffffa x16=10000260  x7:00000020 x16:10000240  PA:10000240
20489572ns          343470 1c00819a 43130733 p.mac            x14, x6, x17        x14=00000024 x14:fffffff4  x6:fffffff8 x17:fffffffa
20489592ns          343471 1c008192 0046230b p.lw             x6, 4(x12!)          x6=fffffff6 x12=10000750 x12:1000074c  PA:1000074c
20489611ns          343472 1c008196 2078788b p.lw             x17, x7(x16!)       x17=fffffff2 x16=10000280  x7:00000020 x16:10000260  PA:10000260
20489651ns          343474 1c00819a 43130733 p.mac            x14, x6, x17        x14=000000b0 x14:00000024  x6:fffffff6 x17:fffffff2
20489671ns          343475 1c008192 0046230b p.lw             x6, 4(x12!)          x6=fffffff4 x12=10000754 x12:10000750  PA:10000750
20489691ns          343476 1c008196 2078788b p.lw             x17, x7(x16!)       x17=ffffffea x16=100002a0  x7:00000020 x16:10000280  PA:10000280
20489731ns          343478 1c00819a 43130733 p.mac            x14, x6, x17        x14=000001b8 x14:000000b0  x6:fffffff4 x17:ffffffea
20489751ns          343479 1c008192 0046230b p.lw             x6, 4(x12!)          x6=fffffff2 x12=10000758 x12:10000754  PA:10000754
20489771ns          343480 1c008196 2078788b p.lw             x17, x7(x16!)       x17=ffffffe2 x16=100002c0  x7:00000020 x16:100002a0  PA:100002a0
20489810ns          343482 1c00819a 43130733 p.mac            x14, x6, x17        x14=0000035c x14:000001b8  x6:fffffff2 x17:ffffffe2
20489830ns          343483 1c008192 0046230b p.lw             x6, 4(x12!)          x6=fffffff0 x12=1000075c x12:10000758  PA:10000758
20489850ns          343484 1c008196 2078788b p.lw             x17, x7(x16!)       x17=ffffffda x16=100002e0  x7:00000020 x16:100002c0  PA:100002c0
20489890ns          343486 1c00819a 43130733 p.mac            x14, x6, x17        x14=000005bc x14:0000035c  x6:fffffff0 x17:ffffffda
20489910ns          343487 1c008192 0046230b p.lw             x6, 4(x12!)          x6=ffffffee x12=10000760 x12:1000075c  PA:1000075c
20489930ns          343488 1c008196 2078788b p.lw             x17, x7(x16!)       x17=ffffffd2 x16=10000300  x7:00000020 x16:100002e0  PA:100002e0
20489970ns          343490 1c00819a 43130733 p.mac            x14, x6, x17        x14=000008f8 x14:000005bc  x6:ffffffee x17:ffffffd2
20489989ns          343491 1c008192 0046230b p.lw             x6, 4(x12!)          x6=ffffffec x12=10000764 x12:10000760  PA:10000760
20490009ns          343492 1c008196 2078788b p.lw             x17, x7(x16!)       x17=ffffffca x16=10000320  x7:00000020 x16:10000300  PA:10000300
20490049ns          343494 1c00819a 43130733 p.mac            x14, x6, x17        x14=00000d30 x14:000008f8  x6:ffffffec x17:ffffffca
20490069ns          343495 1c00819e 00ef222b p.sw             x14, 4(x30!)        x30=10000864 x14:00000d30 x30:10000860  PA:10000860
20490089ns          343496 1c0081a2 004e8e93 addi             x29, x29, 4         x29=10000224 x29:10000220
20490109ns          343497 1c0081a4 00128293 addi             x5, x5, 1            x5=00000003  x5:00000002
20490129ns          343498 1c0081a6 00750533 add              x10, x10, x7        x10=10000764 x10:10000744  x7:00000020
20490149ns          343499 1c0081a8 007f8fb3 add              x31, x31, x7        x31=10000784 x31:10000764  x7:00000020
20490168ns          343500 1c0081aa fa569fe3 bne              x13, x5, -66        x13:00000008  x5:00000003
20490228ns          343503 1c008168 40b48e33 sub              x28, x9, x11        x28=00000020  x9:10000224 x11:10000204
20490248ns          343504 1c00816c ffce0e13 addi             x28, x28, -4        x28=0000001c x28:00000020
20490268ns          343505 1c00816e 002e5e13 srli             x28, x28, 0x2       x28=00000007 x28:0000001c
20490288ns          343506 1c008172 008f8f33 add              x30, x31, x8        x30=10000864 x31:10000784  x8:000000e0
20490308ns          343507 1c008176 00b00eb3 add              x29, x0, x11        x29=10000204 x11:10000204
20490328ns          343508 1c008178 001e0e13 addi             x28, x28, 1         x28=00000008 x28:00000007
20490347ns          343509 1c00817a 014e407b lp.setup         0x0, x28, 0x14      x28:00000008
20490367ns          343510 1c00817e 40af87b3 sub              x15, x31, x10       x15=00000020 x31:10000784 x10:10000764
20490387ns          343511 1c008182 ffc78793 addi             x15, x15, -4        x15=0000001c x15:00000020
20490407ns          343512 1c008184 0027d793 srli             x15, x15, 0x2       x15=00000007 x15:0000001c
20490427ns          343513 1c008186 01d00833 add              x16, x0, x29        x16=10000204 x29:10000204
20490447ns          343514 1c008188 00a00633 add              x12, x0, x10        x12=10000764 x10:10000764
20490467ns          343515 1c00818a 00000713 addi             x14, x0, 0          x14=00000000
20490487ns          343516 1c00818c 00178793 addi             x15, x15, 1         x15=00000008 x15:00000007
20490507ns          343517 1c00818e 0067c0fb lp.setup         0x1, x15, 0x6       x15:00000008
20490526ns          343518 1c008192 0046230b p.lw             x6, 4(x12!)          x6=ffffffea x12=10000768 x12:10000764  PA:10000764
20490546ns          343519 1c008196 2078788b p.lw             x17, x7(x16!)       x17=00000009 x16=10000224  x7:00000020 x16:10000204  PA:10000204
20490586ns          343521 1c00819a 43130733 p.mac            x14, x6, x17        x14=ffffff3a x14:00000000  x6:ffffffea x17:00000009
20490606ns          343522 1c008192 0046230b p.lw             x6, 4(x12!)          x6=ffffffe8 x12=1000076c x12:10000768  PA:10000768
20490626ns          343523 1c008196 2078788b p.lw             x17, x7(x16!)       x17=00000001 x16=10000244  x7:00000020 x16:10000224  PA:10000224
20490666ns          343525 1c00819a 43130733 p.mac            x14, x6, x17        x14=ffffff22 x14:ffffff3a  x6:ffffffe8 x17:00000001
20490686ns          343526 1c008192 0046230b p.lw             x6, 4(x12!)          x6=ffffffe6 x12=10000770 x12:1000076c  PA:1000076c
20490705ns          343527 1c008196 2078788b p.lw             x17, x7(x16!)       x17=fffffff9 x16=10000264  x7:00000020 x16:10000244  PA:10000244
20490745ns          343529 1c00819a 43130733 p.mac            x14, x6, x17        x14=ffffffd8 x14:ffffff22  x6:ffffffe6 x17:fffffff9
20490765ns          343530 1c008192 0046230b p.lw             x6, 4(x12!)          x6=ffffffe4 x12=10000774 x12:10000770  PA:10000770
20490785ns          343531 1c008196 2078788b p.lw             x17, x7(x16!)       x17=fffffff1 x16=10000284  x7:00000020 x16:10000264  PA:10000264
20490825ns          343533 1c00819a 43130733 p.mac            x14, x6, x17        x14=0000017c x14:ffffffd8  x6:ffffffe4 x17:fffffff1
20490845ns          343534 1c008192 0046230b p.lw             x6, 4(x12!)          x6=ffffffe2 x12=10000778 x12:10000774  PA:10000774
20490865ns          343535 1c008196 2078788b p.lw             x17, x7(x16!)       x17=ffffffe9 x16=100002a4  x7:00000020 x16:10000284  PA:10000284
20490904ns          343537 1c00819a 43130733 p.mac            x14, x6, x17        x14=0000042e x14:0000017c  x6:ffffffe2 x17:ffffffe9
20490924ns          343538 1c008192 0046230b p.lw             x6, 4(x12!)          x6=ffffffe0 x12=1000077c x12:10000778  PA:10000778
20490944ns          343539 1c008196 2078788b p.lw             x17, x7(x16!)       x17=ffffffe1 x16=100002c4  x7:00000020 x16:100002a4  PA:100002a4
20490984ns          343541 1c00819a 43130733 p.mac            x14, x6, x17        x14=0000080e x14:0000042e  x6:ffffffe0 x17:ffffffe1
20491004ns          343542 1c008192 0046230b p.lw             x6, 4(x12!)          x6=ffffffde x12=10000780 x12:1000077c  PA:1000077c
20491024ns          343543 1c008196 2078788b p.lw             x17, x7(x16!)       x17=ffffffd9 x16=100002e4  x7:00000020 x16:100002c4  PA:100002c4
20491064ns          343545 1c00819a 43130733 p.mac            x14, x6, x17        x14=00000d3c x14:0000080e  x6:ffffffde x17:ffffffd9
20491083ns          343546 1c008192 0046230b p.lw             x6, 4(x12!)          x6=ffffffdc x12=10000784 x12:10000780  PA:10000780
20491103ns          343547 1c008196 2078788b p.lw             x17, x7(x16!)       x17=ffffffd1 x16=10000304  x7:00000020 x16:100002e4  PA:100002e4
20491143ns          343549 1c00819a 43130733 p.mac            x14, x6, x17        x14=000013d8 x14:00000d3c  x6:ffffffdc x17:ffffffd1
20491163ns          343550 1c00819e 00ef222b p.sw             x14, 4(x30!)        x30=10000868 x14:000013d8 x30:10000864  PA:10000864
20491183ns          343551 1c0081a2 004e8e93 addi             x29, x29, 4         x29=10000208 x29:10000204
20491223ns          343553 1c00817e 40af87b3 sub              x15, x31, x10       x15=00000020 x31:10000784 x10:10000764
20491243ns          343554 1c008182 ffc78793 addi             x15, x15, -4        x15=0000001c x15:00000020
20491262ns          343555 1c008184 0027d793 srli             x15, x15, 0x2       x15=00000007 x15:0000001c
20491282ns          343556 1c008186 01d00833 add              x16, x0, x29        x16=10000208 x29:10000208
20491302ns          343557 1c008188 00a00633 add              x12, x0, x10        x12=10000764 x10:10000764
20491322ns          343558 1c00818a 00000713 addi             x14, x0, 0          x14=00000000
20491342ns          343559 1c00818c 00178793 addi             x15, x15, 1         x15=00000008 x15:00000007
20491362ns          343560 1c00818e 0067c0fb lp.setup         0x1, x15, 0x6       x15:00000008
20491382ns          343561 1c008192 0046230b p.lw             x6, 4(x12!)          x6=ffffffea x12=10000768 x12:10000764  PA:10000764
20491402ns          343562 1c008196 2078788b p.lw             x17, x7(x16!)       x17=00000008 x16=10000228  x7:00000020 x16:10000208  PA:10000208
20491441ns          343564 1c00819a 43130733 p.mac            x14, x6, x17        x14=ffffff50 x14:00000000  x6:ffffffea x17:00000008
20491461ns          343565 1c008192 0046230b p.lw             x6, 4(x12!)          x6=ffffffe8 x12=1000076c x12:10000768  PA:10000768
20491481ns          343566 1c008196 2078788b p.lw             x17, x7(x16!)       x17=00000000 x16=10000248  x7:00000020 x16:10000228  PA:10000228
20491521ns          343568 1c00819a 43130733 p.mac            x14, x6, x17        x14=ffffff50 x14:ffffff50  x6:ffffffe8 x17:00000000
20491541ns          343569 1c008192 0046230b p.lw             x6, 4(x12!)          x6=ffffffe6 x12=10000770 x12:1000076c  PA:1000076c
20491561ns          343570 1c008196 2078788b p.lw             x17, x7(x16!)       x17=fffffff8 x16=10000268  x7:00000020 x16:10000248  PA:10000248
20491601ns          343572 1c00819a 43130733 p.mac            x14, x6, x17        x14=00000020 x14:ffffff50  x6:ffffffe6 x17:fffffff8
20491620ns          343573 1c008192 0046230b p.lw             x6, 4(x12!)          x6=ffffffe4 x12=10000774 x12:10000770  PA:10000770
20491640ns          343574 1c008196 2078788b p.lw             x17, x7(x16!)       x17=fffffff0 x16=10000288  x7:00000020 x16:10000268  PA:10000268
20491680ns          343576 1c00819a 43130733 p.mac            x14, x6, x17        x14=000001e0 x14:00000020  x6:ffffffe4 x17:fffffff0
20491700ns          343577 1c008192 0046230b p.lw             x6, 4(x12!)          x6=ffffffe2 x12=10000778 x12:10000774  PA:10000774
20491720ns          343578 1c008196 2078788b p.lw             x17, x7(x16!)       x17=ffffffe8 x16=100002a8  x7:00000020 x16:10000288  PA:10000288
20491760ns          343580 1c00819a 43130733 p.mac            x14, x6, x17        x14=000004b0 x14:000001e0  x6:ffffffe2 x17:ffffffe8
20491780ns          343581 1c008192 0046230b p.lw             x6, 4(x12!)          x6=ffffffe0 x12=1000077c x12:10000778  PA:10000778
20491799ns          343582 1c008196 2078788b p.lw             x17, x7(x16!)       x17=ffffffe0 x16=100002c8  x7:00000020 x16:100002a8  PA:100002a8
20491839ns          343584 1c00819a 43130733 p.mac            x14, x6, x17        x14=000008b0 x14:000004b0  x6:ffffffe0 x17:ffffffe0
20491859ns          343585 1c008192 0046230b p.lw             x6, 4(x12!)          x6=ffffffde x12=10000780 x12:1000077c  PA:1000077c
20491879ns          343586 1c008196 2078788b p.lw             x17, x7(x16!)       x17=ffffffd8 x16=100002e8  x7:00000020 x16:100002c8  PA:100002c8
20491919ns          343588 1c00819a 43130733 p.mac            x14, x6, x17        x14=00000e00 x14:000008b0  x6:ffffffde x17:ffffffd8
20491939ns          343589 1c008192 0046230b p.lw             x6, 4(x12!)          x6=ffffffdc x12=10000784 x12:10000780  PA:10000780
20491959ns          343590 1c008196 2078788b p.lw             x17, x7(x16!)       x17=ffffffd0 x16=10000308  x7:00000020 x16:100002e8  PA:100002e8
20491998ns          343592 1c00819a 43130733 p.mac            x14, x6, x17        x14=000014c0 x14:00000e00  x6:ffffffdc x17:ffffffd0
20492018ns          343593 1c00819e 00ef222b p.sw             x14, 4(x30!)        x30=1000086c x14:000014c0 x30:10000868  PA:10000868
20492038ns          343594 1c0081a2 004e8e93 addi             x29, x29, 4         x29=1000020c x29:10000208
20492078ns          343596 1c00817e 40af87b3 sub              x15, x31, x10       x15=00000020 x31:10000784 x10:10000764
20492098ns          343597 1c008182 ffc78793 addi             x15, x15, -4        x15=0000001c x15:00000020
20492118ns          343598 1c008184 0027d793 srli             x15, x15, 0x2       x15=00000007 x15:0000001c
20492138ns          343599 1c008186 01d00833 add              x16, x0, x29        x16=1000020c x29:1000020c
20492158ns          343600 1c008188 00a00633 add              x12, x0, x10        x12=10000764 x10:10000764
20492177ns          343601 1c00818a 00000713 addi             x14, x0, 0          x14=00000000
20492197ns          343602 1c00818c 00178793 addi             x15, x15, 1         x15=00000008 x15:00000007
20492217ns          343603 1c00818e 0067c0fb lp.setup         0x1, x15, 0x6       x15:00000008
20492237ns          343604 1c008192 0046230b p.lw             x6, 4(x12!)          x6=ffffffea x12=10000768 x12:10000764  PA:10000764
20492257ns          343605 1c008196 2078788b p.lw             x17, x7(x16!)       x17=00000007 x16=1000022c  x7:00000020 x16:1000020c  PA:1000020c
20492297ns          343607 1c00819a 43130733 p.mac            x14, x6, x17        x14=ffffff66 x14:00000000  x6:ffffffea x17:00000007
20492317ns          343608 1c008192 0046230b p.lw             x6, 4(x12!)          x6=ffffffe8 x12=1000076c x12:10000768  PA:10000768
20492337ns          343609 1c008196 2078788b p.lw             x17, x7(x16!)       x17=ffffffff x16=1000024c  x7:00000020 x16:1000022c  PA:1000022c
20492376ns          343611 1c00819a 43130733 p.mac            x14, x6, x17        x14=ffffff7e x14:ffffff66  x6:ffffffe8 x17:ffffffff
20492396ns          343612 1c008192 0046230b p.lw             x6, 4(x12!)          x6=ffffffe6 x12=10000770 x12:1000076c  PA:1000076c
20492416ns          343613 1c008196 2078788b p.lw             x17, x7(x16!)       x17=fffffff7 x16=1000026c  x7:00000020 x16:1000024c  PA:1000024c
20492456ns          343615 1c00819a 43130733 p.mac            x14, x6, x17        x14=00000068 x14:ffffff7e  x6:ffffffe6 x17:fffffff7
20492476ns          343616 1c008192 0046230b p.lw             x6, 4(x12!)          x6=ffffffe4 x12=10000774 x12:10000770  PA:10000770
20492496ns          343617 1c008196 2078788b p.lw             x17, x7(x16!)       x17=ffffffef x16=1000028c  x7:00000020 x16:1000026c  PA:1000026c
20492535ns          343619 1c00819a 43130733 p.mac            x14, x6, x17        x14=00000244 x14:00000068  x6:ffffffe4 x17:ffffffef
20492555ns          343620 1c008192 0046230b p.lw             x6, 4(x12!)          x6=ffffffe2 x12=10000778 x12:10000774  PA:10000774
20492575ns          343621 1c008196 2078788b p.lw             x17, x7(x16!)       x17=ffffffe7 x16=100002ac  x7:00000020 x16:1000028c  PA:1000028c
20492615ns          343623 1c00819a 43130733 p.mac            x14, x6, x17        x14=00000532 x14:00000244  x6:ffffffe2 x17:ffffffe7
20492635ns          343624 1c008192 0046230b p.lw             x6, 4(x12!)          x6=ffffffe0 x12=1000077c x12:10000778  PA:10000778
20492655ns          343625 1c008196 2078788b p.lw             x17, x7(x16!)       x17=ffffffdf x16=100002cc  x7:00000020 x16:100002ac  PA:100002ac
20492695ns          343627 1c00819a 43130733 p.mac            x14, x6, x17        x14=00000952 x14:00000532  x6:ffffffe0 x17:ffffffdf
20492714ns          343628 1c008192 0046230b p.lw             x6, 4(x12!)          x6=ffffffde x12=10000780 x12:1000077c  PA:1000077c
20492734ns          343629 1c008196 2078788b p.lw             x17, x7(x16!)       x17=ffffffd7 x16=100002ec  x7:00000020 x16:100002cc  PA:100002cc
20492774ns          343631 1c00819a 43130733 p.mac            x14, x6, x17        x14=00000ec4 x14:00000952  x6:ffffffde x17:ffffffd7
20492794ns          343632 1c008192 0046230b p.lw             x6, 4(x12!)          x6=ffffffdc x12=10000784 x12:10000780  PA:10000780
20492814ns          343633 1c008196 2078788b p.lw             x17, x7(x16!)       x17=ffffffcf x16=1000030c  x7:00000020 x16:100002ec  PA:100002ec
20492854ns          343635 1c00819a 43130733 p.mac            x14, x6, x17        x14=000015a8 x14:00000ec4  x6:ffffffdc x17:ffffffcf
20492874ns          343636 1c00819e 00ef222b p.sw             x14, 4(x30!)        x30=10000870 x14:000015a8 x30:1000086c  PA:1000086c
20492893ns          343637 1c0081a2 004e8e93 addi             x29, x29, 4         x29=10000210 x29:1000020c
20492933ns          343639 1c00817e 40af87b3 sub              x15, x31, x10       x15=00000020 x31:10000784 x10:10000764
20492953ns          343640 1c008182 ffc78793 addi             x15, x15, -4        x15=0000001c x15:00000020
20492973ns          343641 1c008184 0027d793 srli             x15, x15, 0x2       x15=00000007 x15:0000001c
20492993ns          343642 1c008186 01d00833 add              x16, x0, x29        x16=10000210 x29:10000210
20493013ns          343643 1c008188 00a00633 add              x12, x0, x10        x12=10000764 x10:10000764
20493033ns          343644 1c00818a 00000713 addi             x14, x0, 0          x14=00000000
20493053ns          343645 1c00818c 00178793 addi             x15, x15, 1         x15=00000008 x15:00000007
20493072ns          343646 1c00818e 0067c0fb lp.setup         0x1, x15, 0x6       x15:00000008
20493092ns          343647 1c008192 0046230b p.lw             x6, 4(x12!)          x6=ffffffea x12=10000768 x12:10000764  PA:10000764
20493112ns          343648 1c008196 2078788b p.lw             x17, x7(x16!)       x17=00000006 x16=10000230  x7:00000020 x16:10000210  PA:10000210
20493152ns          343650 1c00819a 43130733 p.mac            x14, x6, x17        x14=ffffff7c x14:00000000  x6:ffffffea x17:00000006
20493172ns          343651 1c008192 0046230b p.lw             x6, 4(x12!)          x6=ffffffe8 x12=1000076c x12:10000768  PA:10000768
20493192ns          343652 1c008196 2078788b p.lw             x17, x7(x16!)       x17=fffffffe x16=10000250  x7:00000020 x16:10000230  PA:10000230
20493232ns          343654 1c00819a 43130733 p.mac            x14, x6, x17        x14=ffffffac x14:ffffff7c  x6:ffffffe8 x17:fffffffe
20493252ns          343655 1c008192 0046230b p.lw             x6, 4(x12!)          x6=ffffffe6 x12=10000770 x12:1000076c  PA:1000076c
20493271ns          343656 1c008196 2078788b p.lw             x17, x7(x16!)       x17=fffffff6 x16=10000270  x7:00000020 x16:10000250  PA:10000250
20493311ns          343658 1c00819a 43130733 p.mac            x14, x6, x17        x14=000000b0 x14:ffffffac  x6:ffffffe6 x17:fffffff6
20493331ns          343659 1c008192 0046230b p.lw             x6, 4(x12!)          x6=ffffffe4 x12=10000774 x12:10000770  PA:10000770
20493351ns          343660 1c008196 2078788b p.lw             x17, x7(x16!)       x17=ffffffee x16=10000290  x7:00000020 x16:10000270  PA:10000270
20493391ns          343662 1c00819a 43130733 p.mac            x14, x6, x17        x14=000002a8 x14:000000b0  x6:ffffffe4 x17:ffffffee
20493411ns          343663 1c008192 0046230b p.lw             x6, 4(x12!)          x6=ffffffe2 x12=10000778 x12:10000774  PA:10000774
20493431ns          343664 1c008196 2078788b p.lw             x17, x7(x16!)       x17=ffffffe6 x16=100002b0  x7:00000020 x16:10000290  PA:10000290
20493470ns          343666 1c00819a 43130733 p.mac            x14, x6, x17        x14=000005b4 x14:000002a8  x6:ffffffe2 x17:ffffffe6
20493490ns          343667 1c008192 0046230b p.lw             x6, 4(x12!)          x6=ffffffe0 x12=1000077c x12:10000778  PA:10000778
20493510ns          343668 1c008196 2078788b p.lw             x17, x7(x16!)       x17=ffffffde x16=100002d0  x7:00000020 x16:100002b0  PA:100002b0
20493550ns          343670 1c00819a 43130733 p.mac            x14, x6, x17        x14=000009f4 x14:000005b4  x6:ffffffe0 x17:ffffffde
20493570ns          343671 1c008192 0046230b p.lw             x6, 4(x12!)          x6=ffffffde x12=10000780 x12:1000077c  PA:1000077c
20493590ns          343672 1c008196 2078788b p.lw             x17, x7(x16!)       x17=ffffffd6 x16=100002f0  x7:00000020 x16:100002d0  PA:100002d0
20493629ns          343674 1c00819a 43130733 p.mac            x14, x6, x17        x14=00000f88 x14:000009f4  x6:ffffffde x17:ffffffd6
20493649ns          343675 1c008192 0046230b p.lw             x6, 4(x12!)          x6=ffffffdc x12=10000784 x12:10000780  PA:10000780
20493669ns          343676 1c008196 2078788b p.lw             x17, x7(x16!)       x17=ffffffce x16=10000310  x7:00000020 x16:100002f0  PA:100002f0
20493709ns          343678 1c00819a 43130733 p.mac            x14, x6, x17        x14=00001690 x14:00000f88  x6:ffffffdc x17:ffffffce
20493729ns          343679 1c00819e 00ef222b p.sw             x14, 4(x30!)        x30=10000874 x14:00001690 x30:10000870  PA:10000870
20493749ns          343680 1c0081a2 004e8e93 addi             x29, x29, 4         x29=10000214 x29:10000210
20493789ns          343682 1c00817e 40af87b3 sub              x15, x31, x10       x15=00000020 x31:10000784 x10:10000764
20493808ns          343683 1c008182 ffc78793 addi             x15, x15, -4        x15=0000001c x15:00000020
20493828ns          343684 1c008184 0027d793 srli             x15, x15, 0x2       x15=00000007 x15:0000001c
20493848ns          343685 1c008186 01d00833 add              x16, x0, x29        x16=10000214 x29:10000214
20493868ns          343686 1c008188 00a00633 add              x12, x0, x10        x12=10000764 x10:10000764
20493888ns          343687 1c00818a 00000713 addi             x14, x0, 0          x14=00000000
20493908ns          343688 1c00818c 00178793 addi             x15, x15, 1         x15=00000008 x15:00000007
20493928ns          343689 1c00818e 0067c0fb lp.setup         0x1, x15, 0x6       x15:00000008
20493948ns          343690 1c008192 0046230b p.lw             x6, 4(x12!)          x6=ffffffea x12=10000768 x12:10000764  PA:10000764
20493968ns          343691 1c008196 2078788b p.lw             x17, x7(x16!)       x17=00000005 x16=10000234  x7:00000020 x16:10000214  PA:10000214
20494007ns          343693 1c00819a 43130733 p.mac            x14, x6, x17        x14=ffffff92 x14:00000000  x6:ffffffea x17:00000005
20494027ns          343694 1c008192 0046230b p.lw             x6, 4(x12!)          x6=ffffffe8 x12=1000076c x12:10000768  PA:10000768
20494047ns          343695 1c008196 2078788b p.lw             x17, x7(x16!)       x17=fffffffd x16=10000254  x7:00000020 x16:10000234  PA:10000234
20494087ns          343697 1c00819a 43130733 p.mac            x14, x6, x17        x14=ffffffda x14:ffffff92  x6:ffffffe8 x17:fffffffd
20494107ns          343698 1c008192 0046230b p.lw             x6, 4(x12!)          x6=ffffffe6 x12=10000770 x12:1000076c  PA:1000076c
20494127ns          343699 1c008196 2078788b p.lw             x17, x7(x16!)       x17=fffffff5 x16=10000274  x7:00000020 x16:10000254  PA:10000254
20494166ns          343701 1c00819a 43130733 p.mac            x14, x6, x17        x14=000000f8 x14:ffffffda  x6:ffffffe6 x17:fffffff5
20494186ns          343702 1c008192 0046230b p.lw             x6, 4(x12!)          x6=ffffffe4 x12=10000774 x12:10000770  PA:10000770
20494206ns          343703 1c008196 2078788b p.lw             x17, x7(x16!)       x17=ffffffed x16=10000294  x7:00000020 x16:10000274  PA:10000274
20494246ns          343705 1c00819a 43130733 p.mac            x14, x6, x17        x14=0000030c x14:000000f8  x6:ffffffe4 x17:ffffffed
20494266ns          343706 1c008192 0046230b p.lw             x6, 4(x12!)          x6=ffffffe2 x12=10000778 x12:10000774  PA:10000774
20494286ns          343707 1c008196 2078788b p.lw             x17, x7(x16!)       x17=ffffffe5 x16=100002b4  x7:00000020 x16:10000294  PA:10000294
20494326ns          343709 1c00819a 43130733 p.mac            x14, x6, x17        x14=00000636 x14:0000030c  x6:ffffffe2 x17:ffffffe5
20494345ns          343710 1c008192 0046230b p.lw             x6, 4(x12!)          x6=ffffffe0 x12=1000077c x12:10000778  PA:10000778
20494365ns          343711 1c008196 2078788b p.lw             x17, x7(x16!)       x17=ffffffdd x16=100002d4  x7:00000020 x16:100002b4  PA:100002b4
20494405ns          343713 1c00819a 43130733 p.mac            x14, x6, x17        x14=00000a96 x14:00000636  x6:ffffffe0 x17:ffffffdd
20494425ns          343714 1c008192 0046230b p.lw             x6, 4(x12!)          x6=ffffffde x12=10000780 x12:1000077c  PA:1000077c
20494445ns          343715 1c008196 2078788b p.lw             x17, x7(x16!)       x17=ffffffd5 x16=100002f4  x7:00000020 x16:100002d4  PA:100002d4
20494485ns          343717 1c00819a 43130733 p.mac            x14, x6, x17        x14=0000104c x14:00000a96  x6:ffffffde x17:ffffffd5
20494505ns          343718 1c008192 0046230b p.lw             x6, 4(x12!)          x6=ffffffdc x12=10000784 x12:10000780  PA:10000780
20494525ns          343719 1c008196 2078788b p.lw             x17, x7(x16!)       x17=ffffffcd x16=10000314  x7:00000020 x16:100002f4  PA:100002f4
20494564ns          343721 1c00819a 43130733 p.mac            x14, x6, x17        x14=00001778 x14:0000104c  x6:ffffffdc x17:ffffffcd
20494584ns          343722 1c00819e 00ef222b p.sw             x14, 4(x30!)        x30=10000878 x14:00001778 x30:10000874  PA:10000874
20494624ns          343724 1c0081a2 004e8e93 addi             x29, x29, 4         x29=10000218 x29:10000214
20494644ns          343725 1c00817e 40af87b3 sub              x15, x31, x10       x15=00000020 x31:10000784 x10:10000764
20494664ns          343726 1c008182 ffc78793 addi             x15, x15, -4        x15=0000001c x15:00000020
20494684ns          343727 1c008184 0027d793 srli             x15, x15, 0x2       x15=00000007 x15:0000001c
20494704ns          343728 1c008186 01d00833 add              x16, x0, x29        x16=10000218 x29:10000218
20494723ns          343729 1c008188 00a00633 add              x12, x0, x10        x12=10000764 x10:10000764
20494743ns          343730 1c00818a 00000713 addi             x14, x0, 0          x14=00000000
20494763ns          343731 1c00818c 00178793 addi             x15, x15, 1         x15=00000008 x15:00000007
20494783ns          343732 1c00818e 0067c0fb lp.setup         0x1, x15, 0x6       x15:00000008
20494803ns          343733 1c008192 0046230b p.lw             x6, 4(x12!)          x6=ffffffea x12=10000768 x12:10000764  PA:10000764
20494823ns          343734 1c008196 2078788b p.lw             x17, x7(x16!)       x17=00000004 x16=10000238  x7:00000020 x16:10000218  PA:10000218
20494863ns          343736 1c00819a 43130733 p.mac            x14, x6, x17        x14=ffffffa8 x14:00000000  x6:ffffffea x17:00000004
20494883ns          343737 1c008192 0046230b p.lw             x6, 4(x12!)          x6=ffffffe8 x12=1000076c x12:10000768  PA:10000768
20494902ns          343738 1c008196 2078788b p.lw             x17, x7(x16!)       x17=fffffffc x16=10000258  x7:00000020 x16:10000238  PA:10000238
20494942ns          343740 1c00819a 43130733 p.mac            x14, x6, x17        x14=00000008 x14:ffffffa8  x6:ffffffe8 x17:fffffffc
20494962ns          343741 1c008192 0046230b p.lw             x6, 4(x12!)          x6=ffffffe6 x12=10000770 x12:1000076c  PA:1000076c
20494982ns          343742 1c008196 2078788b p.lw             x17, x7(x16!)       x17=fffffff4 x16=10000278  x7:00000020 x16:10000258  PA:10000258
20495022ns          343744 1c00819a 43130733 p.mac            x14, x6, x17        x14=00000140 x14:00000008  x6:ffffffe6 x17:fffffff4
20495042ns          343745 1c008192 0046230b p.lw             x6, 4(x12!)          x6=ffffffe4 x12=10000774 x12:10000770  PA:10000770
20495062ns          343746 1c008196 2078788b p.lw             x17, x7(x16!)       x17=ffffffec x16=10000298  x7:00000020 x16:10000278  PA:10000278
20495101ns          343748 1c00819a 43130733 p.mac            x14, x6, x17        x14=00000370 x14:00000140  x6:ffffffe4 x17:ffffffec
20495121ns          343749 1c008192 0046230b p.lw             x6, 4(x12!)          x6=ffffffe2 x12=10000778 x12:10000774  PA:10000774
20495141ns          343750 1c008196 2078788b p.lw             x17, x7(x16!)       x17=ffffffe4 x16=100002b8  x7:00000020 x16:10000298  PA:10000298
20495181ns          343752 1c00819a 43130733 p.mac            x14, x6, x17        x14=000006b8 x14:00000370  x6:ffffffe2 x17:ffffffe4
20495201ns          343753 1c008192 0046230b p.lw             x6, 4(x12!)          x6=ffffffe0 x12=1000077c x12:10000778  PA:10000778
20495221ns          343754 1c008196 2078788b p.lw             x17, x7(x16!)       x17=ffffffdc x16=100002d8  x7:00000020 x16:100002b8  PA:100002b8
20495260ns          343756 1c00819a 43130733 p.mac            x14, x6, x17        x14=00000b38 x14:000006b8  x6:ffffffe0 x17:ffffffdc
20495280ns          343757 1c008192 0046230b p.lw             x6, 4(x12!)          x6=ffffffde x12=10000780 x12:1000077c  PA:1000077c
20495300ns          343758 1c008196 2078788b p.lw             x17, x7(x16!)       x17=ffffffd4 x16=100002f8  x7:00000020 x16:100002d8  PA:100002d8
20495340ns          343760 1c00819a 43130733 p.mac            x14, x6, x17        x14=00001110 x14:00000b38  x6:ffffffde x17:ffffffd4
20495360ns          343761 1c008192 0046230b p.lw             x6, 4(x12!)          x6=ffffffdc x12=10000784 x12:10000780  PA:10000780
20495380ns          343762 1c008196 2078788b p.lw             x17, x7(x16!)       x17=ffffffcc x16=10000318  x7:00000020 x16:100002f8  PA:100002f8
20495420ns          343764 1c00819a 43130733 p.mac            x14, x6, x17        x14=00001860 x14:00001110  x6:ffffffdc x17:ffffffcc
20495439ns          343765 1c00819e 00ef222b p.sw             x14, 4(x30!)        x30=1000087c x14:00001860 x30:10000878  PA:10000878
20495459ns          343766 1c0081a2 004e8e93 addi             x29, x29, 4         x29=1000021c x29:10000218
20495499ns          343768 1c00817e 40af87b3 sub              x15, x31, x10       x15=00000020 x31:10000784 x10:10000764
20495519ns          343769 1c008182 ffc78793 addi             x15, x15, -4        x15=0000001c x15:00000020
20495539ns          343770 1c008184 0027d793 srli             x15, x15, 0x2       x15=00000007 x15:0000001c
20495559ns          343771 1c008186 01d00833 add              x16, x0, x29        x16=1000021c x29:1000021c
20495579ns          343772 1c008188 00a00633 add              x12, x0, x10        x12=10000764 x10:10000764
20495599ns          343773 1c00818a 00000713 addi             x14, x0, 0          x14=00000000
20495619ns          343774 1c00818c 00178793 addi             x15, x15, 1         x15=00000008 x15:00000007
20495638ns          343775 1c00818e 0067c0fb lp.setup         0x1, x15, 0x6       x15:00000008
20495658ns          343776 1c008192 0046230b p.lw             x6, 4(x12!)          x6=ffffffea x12=10000768 x12:10000764  PA:10000764
20495678ns          343777 1c008196 2078788b p.lw             x17, x7(x16!)       x17=00000003 x16=1000023c  x7:00000020 x16:1000021c  PA:1000021c
20495718ns          343779 1c00819a 43130733 p.mac            x14, x6, x17        x14=ffffffbe x14:00000000  x6:ffffffea x17:00000003
20495738ns          343780 1c008192 0046230b p.lw             x6, 4(x12!)          x6=ffffffe8 x12=1000076c x12:10000768  PA:10000768
20495758ns          343781 1c008196 2078788b p.lw             x17, x7(x16!)       x17=fffffffb x16=1000025c  x7:00000020 x16:1000023c  PA:1000023c
20495798ns          343783 1c00819a 43130733 p.mac            x14, x6, x17        x14=00000036 x14:ffffffbe  x6:ffffffe8 x17:fffffffb
20495817ns          343784 1c008192 0046230b p.lw             x6, 4(x12!)          x6=ffffffe6 x12=10000770 x12:1000076c  PA:1000076c
20495837ns          343785 1c008196 2078788b p.lw             x17, x7(x16!)       x17=fffffff3 x16=1000027c  x7:00000020 x16:1000025c  PA:1000025c
20495877ns          343787 1c00819a 43130733 p.mac            x14, x6, x17        x14=00000188 x14:00000036  x6:ffffffe6 x17:fffffff3
20495897ns          343788 1c008192 0046230b p.lw             x6, 4(x12!)          x6=ffffffe4 x12=10000774 x12:10000770  PA:10000770
20495917ns          343789 1c008196 2078788b p.lw             x17, x7(x16!)       x17=ffffffeb x16=1000029c  x7:00000020 x16:1000027c  PA:1000027c
20495957ns          343791 1c00819a 43130733 p.mac            x14, x6, x17        x14=000003d4 x14:00000188  x6:ffffffe4 x17:ffffffeb
20495977ns          343792 1c008192 0046230b p.lw             x6, 4(x12!)          x6=ffffffe2 x12=10000778 x12:10000774  PA:10000774
20495996ns          343793 1c008196 2078788b p.lw             x17, x7(x16!)       x17=ffffffe3 x16=100002bc  x7:00000020 x16:1000029c  PA:1000029c
20496036ns          343795 1c00819a 43130733 p.mac            x14, x6, x17        x14=0000073a x14:000003d4  x6:ffffffe2 x17:ffffffe3
20496056ns          343796 1c008192 0046230b p.lw             x6, 4(x12!)          x6=ffffffe0 x12=1000077c x12:10000778  PA:10000778
20496076ns          343797 1c008196 2078788b p.lw             x17, x7(x16!)       x17=ffffffdb x16=100002dc  x7:00000020 x16:100002bc  PA:100002bc
20496116ns          343799 1c00819a 43130733 p.mac            x14, x6, x17        x14=00000bda x14:0000073a  x6:ffffffe0 x17:ffffffdb
20496136ns          343800 1c008192 0046230b p.lw             x6, 4(x12!)          x6=ffffffde x12=10000780 x12:1000077c  PA:1000077c
20496156ns          343801 1c008196 2078788b p.lw             x17, x7(x16!)       x17=ffffffd3 x16=100002fc  x7:00000020 x16:100002dc  PA:100002dc
20496195ns          343803 1c00819a 43130733 p.mac            x14, x6, x17        x14=000011d4 x14:00000bda  x6:ffffffde x17:ffffffd3
20496215ns          343804 1c008192 0046230b p.lw             x6, 4(x12!)          x6=ffffffdc x12=10000784 x12:10000780  PA:10000780
20496235ns          343805 1c008196 2078788b p.lw             x17, x7(x16!)       x17=ffffffcb x16=1000031c  x7:00000020 x16:100002fc  PA:100002fc
20496275ns          343807 1c00819a 43130733 p.mac            x14, x6, x17        x14=00001948 x14:000011d4  x6:ffffffdc x17:ffffffcb
20496295ns          343808 1c00819e 00ef222b p.sw             x14, 4(x30!)        x30=10000880 x14:00001948 x30:1000087c  PA:1000087c
20496315ns          343809 1c0081a2 004e8e93 addi             x29, x29, 4         x29=10000220 x29:1000021c
20496354ns          343811 1c00817e 40af87b3 sub              x15, x31, x10       x15=00000020 x31:10000784 x10:10000764
20496374ns          343812 1c008182 ffc78793 addi             x15, x15, -4        x15=0000001c x15:00000020
20496394ns          343813 1c008184 0027d793 srli             x15, x15, 0x2       x15=00000007 x15:0000001c
20496414ns          343814 1c008186 01d00833 add              x16, x0, x29        x16=10000220 x29:10000220
20496434ns          343815 1c008188 00a00633 add              x12, x0, x10        x12=10000764 x10:10000764
20496454ns          343816 1c00818a 00000713 addi             x14, x0, 0          x14=00000000
20496474ns          343817 1c00818c 00178793 addi             x15, x15, 1         x15=00000008 x15:00000007
20496494ns          343818 1c00818e 0067c0fb lp.setup         0x1, x15, 0x6       x15:00000008
20496514ns          343819 1c008192 0046230b p.lw             x6, 4(x12!)          x6=ffffffea x12=10000768 x12:10000764  PA:10000764
20496533ns          343820 1c008196 2078788b p.lw             x17, x7(x16!)       x17=00000002 x16=10000240  x7:00000020 x16:10000220  PA:10000220
20496573ns          343822 1c00819a 43130733 p.mac            x14, x6, x17        x14=ffffffd4 x14:00000000  x6:ffffffea x17:00000002
20496593ns          343823 1c008192 0046230b p.lw             x6, 4(x12!)          x6=ffffffe8 x12=1000076c x12:10000768  PA:10000768
20496613ns          343824 1c008196 2078788b p.lw             x17, x7(x16!)       x17=fffffffa x16=10000260  x7:00000020 x16:10000240  PA:10000240
20496653ns          343826 1c00819a 43130733 p.mac            x14, x6, x17        x14=00000064 x14:ffffffd4  x6:ffffffe8 x17:fffffffa
20496673ns          343827 1c008192 0046230b p.lw             x6, 4(x12!)          x6=ffffffe6 x12=10000770 x12:1000076c  PA:1000076c
20496693ns          343828 1c008196 2078788b p.lw             x17, x7(x16!)       x17=fffffff2 x16=10000280  x7:00000020 x16:10000260  PA:10000260
20496732ns          343830 1c00819a 43130733 p.mac            x14, x6, x17        x14=000001d0 x14:00000064  x6:ffffffe6 x17:fffffff2
20496752ns          343831 1c008192 0046230b p.lw             x6, 4(x12!)          x6=ffffffe4 x12=10000774 x12:10000770  PA:10000770
20496772ns          343832 1c008196 2078788b p.lw             x17, x7(x16!)       x17=ffffffea x16=100002a0  x7:00000020 x16:10000280  PA:10000280
20496812ns          343834 1c00819a 43130733 p.mac            x14, x6, x17        x14=00000438 x14:000001d0  x6:ffffffe4 x17:ffffffea
20496832ns          343835 1c008192 0046230b p.lw             x6, 4(x12!)          x6=ffffffe2 x12=10000778 x12:10000774  PA:10000774
20496852ns          343836 1c008196 2078788b p.lw             x17, x7(x16!)       x17=ffffffe2 x16=100002c0  x7:00000020 x16:100002a0  PA:100002a0
20496892ns          343838 1c00819a 43130733 p.mac            x14, x6, x17        x14=000007bc x14:00000438  x6:ffffffe2 x17:ffffffe2
20496911ns          343839 1c008192 0046230b p.lw             x6, 4(x12!)          x6=ffffffe0 x12=1000077c x12:10000778  PA:10000778
20496931ns          343840 1c008196 2078788b p.lw             x17, x7(x16!)       x17=ffffffda x16=100002e0  x7:00000020 x16:100002c0  PA:100002c0
20496971ns          343842 1c00819a 43130733 p.mac            x14, x6, x17        x14=00000c7c x14:000007bc  x6:ffffffe0 x17:ffffffda
20496991ns          343843 1c008192 0046230b p.lw             x6, 4(x12!)          x6=ffffffde x12=10000780 x12:1000077c  PA:1000077c
20497011ns          343844 1c008196 2078788b p.lw             x17, x7(x16!)       x17=ffffffd2 x16=10000300  x7:00000020 x16:100002e0  PA:100002e0
20497051ns          343846 1c00819a 43130733 p.mac            x14, x6, x17        x14=00001298 x14:00000c7c  x6:ffffffde x17:ffffffd2
20497071ns          343847 1c008192 0046230b p.lw             x6, 4(x12!)          x6=ffffffdc x12=10000784 x12:10000780  PA:10000780
20497090ns          343848 1c008196 2078788b p.lw             x17, x7(x16!)       x17=ffffffca x16=10000320  x7:00000020 x16:10000300  PA:10000300
20497130ns          343850 1c00819a 43130733 p.mac            x14, x6, x17        x14=00001a30 x14:00001298  x6:ffffffdc x17:ffffffca
20497150ns          343851 1c00819e 00ef222b p.sw             x14, 4(x30!)        x30=10000884 x14:00001a30 x30:10000880  PA:10000880
20497170ns          343852 1c0081a2 004e8e93 addi             x29, x29, 4         x29=10000224 x29:10000220
20497190ns          343853 1c0081a4 00128293 addi             x5, x5, 1            x5=00000004  x5:00000003
20497210ns          343854 1c0081a6 00750533 add              x10, x10, x7        x10=10000784 x10:10000764  x7:00000020
20497230ns          343855 1c0081a8 007f8fb3 add              x31, x31, x7        x31=100007a4 x31:10000784  x7:00000020
20497250ns          343856 1c0081aa fa569fe3 bne              x13, x5, -66        x13:00000008  x5:00000004
20497309ns          343859 1c008168 40b48e33 sub              x28, x9, x11        x28=00000020  x9:10000224 x11:10000204
20497329ns          343860 1c00816c ffce0e13 addi             x28, x28, -4        x28=0000001c x28:00000020
20497349ns          343861 1c00816e 002e5e13 srli             x28, x28, 0x2       x28=00000007 x28:0000001c
20497369ns          343862 1c008172 008f8f33 add              x30, x31, x8        x30=10000884 x31:100007a4  x8:000000e0
20497389ns          343863 1c008176 00b00eb3 add              x29, x0, x11        x29=10000204 x11:10000204
20497409ns          343864 1c008178 001e0e13 addi             x28, x28, 1         x28=00000008 x28:00000007
20497429ns          343865 1c00817a 014e407b lp.setup         0x0, x28, 0x14      x28:00000008
20497448ns          343866 1c00817e 40af87b3 sub              x15, x31, x10       x15=00000020 x31:100007a4 x10:10000784
20497468ns          343867 1c008182 ffc78793 addi             x15, x15, -4        x15=0000001c x15:00000020
20497488ns          343868 1c008184 0027d793 srli             x15, x15, 0x2       x15=00000007 x15:0000001c
20497508ns          343869 1c008186 01d00833 add              x16, x0, x29        x16=10000204 x29:10000204
20497528ns          343870 1c008188 00a00633 add              x12, x0, x10        x12=10000784 x10:10000784
20497548ns          343871 1c00818a 00000713 addi             x14, x0, 0          x14=00000000
20497568ns          343872 1c00818c 00178793 addi             x15, x15, 1         x15=00000008 x15:00000007
20497588ns          343873 1c00818e 0067c0fb lp.setup         0x1, x15, 0x6       x15:00000008
20497608ns          343874 1c008192 0046230b p.lw             x6, 4(x12!)          x6=ffffffda x12=10000788 x12:10000784  PA:10000784
20497627ns          343875 1c008196 2078788b p.lw             x17, x7(x16!)       x17=00000009 x16=10000224  x7:00000020 x16:10000204  PA:10000204
20497667ns          343877 1c00819a 43130733 p.mac            x14, x6, x17        x14=fffffeaa x14:00000000  x6:ffffffda x17:00000009
20497687ns          343878 1c008192 0046230b p.lw             x6, 4(x12!)          x6=ffffffd8 x12=1000078c x12:10000788  PA:10000788
20497707ns          343879 1c008196 2078788b p.lw             x17, x7(x16!)       x17=00000001 x16=10000244  x7:00000020 x16:10000224  PA:10000224
20497747ns          343881 1c00819a 43130733 p.mac            x14, x6, x17        x14=fffffe82 x14:fffffeaa  x6:ffffffd8 x17:00000001
20497767ns          343882 1c008192 0046230b p.lw             x6, 4(x12!)          x6=ffffffd6 x12=10000790 x12:1000078c  PA:1000078c
20497787ns          343883 1c008196 2078788b p.lw             x17, x7(x16!)       x17=fffffff9 x16=10000264  x7:00000020 x16:10000244  PA:10000244
20497826ns          343885 1c00819a 43130733 p.mac            x14, x6, x17        x14=ffffffa8 x14:fffffe82  x6:ffffffd6 x17:fffffff9
20497846ns          343886 1c008192 0046230b p.lw             x6, 4(x12!)          x6=ffffffd4 x12=10000794 x12:10000790  PA:10000790
20497866ns          343887 1c008196 2078788b p.lw             x17, x7(x16!)       x17=fffffff1 x16=10000284  x7:00000020 x16:10000264  PA:10000264
20497906ns          343889 1c00819a 43130733 p.mac            x14, x6, x17        x14=0000023c x14:ffffffa8  x6:ffffffd4 x17:fffffff1
20497926ns          343890 1c008192 0046230b p.lw             x6, 4(x12!)          x6=ffffffd2 x12=10000798 x12:10000794  PA:10000794
20497946ns          343891 1c008196 2078788b p.lw             x17, x7(x16!)       x17=ffffffe9 x16=100002a4  x7:00000020 x16:10000284  PA:10000284
20497986ns          343893 1c00819a 43130733 p.mac            x14, x6, x17        x14=0000065e x14:0000023c  x6:ffffffd2 x17:ffffffe9
20498005ns          343894 1c008192 0046230b p.lw             x6, 4(x12!)          x6=ffffffd0 x12=1000079c x12:10000798  PA:10000798
20498025ns          343895 1c008196 2078788b p.lw             x17, x7(x16!)       x17=ffffffe1 x16=100002c4  x7:00000020 x16:100002a4  PA:100002a4
20498065ns          343897 1c00819a 43130733 p.mac            x14, x6, x17        x14=00000c2e x14:0000065e  x6:ffffffd0 x17:ffffffe1
20498085ns          343898 1c008192 0046230b p.lw             x6, 4(x12!)          x6=ffffffce x12=100007a0 x12:1000079c  PA:1000079c
20498105ns          343899 1c008196 2078788b p.lw             x17, x7(x16!)       x17=ffffffd9 x16=100002e4  x7:00000020 x16:100002c4  PA:100002c4
20498145ns          343901 1c00819a 43130733 p.mac            x14, x6, x17        x14=000013cc x14:00000c2e  x6:ffffffce x17:ffffffd9
20498165ns          343902 1c008192 0046230b p.lw             x6, 4(x12!)          x6=ffffffcc x12=100007a4 x12:100007a0  PA:100007a0
20498184ns          343903 1c008196 2078788b p.lw             x17, x7(x16!)       x17=ffffffd1 x16=10000304  x7:00000020 x16:100002e4  PA:100002e4
20498224ns          343905 1c00819a 43130733 p.mac            x14, x6, x17        x14=00001d58 x14:000013cc  x6:ffffffcc x17:ffffffd1
20498244ns          343906 1c00819e 00ef222b p.sw             x14, 4(x30!)        x30=10000888 x14:00001d58 x30:10000884  PA:10000884
20498264ns          343907 1c0081a2 004e8e93 addi             x29, x29, 4         x29=10000208 x29:10000204
20498304ns          343909 1c00817e 40af87b3 sub              x15, x31, x10       x15=00000020 x31:100007a4 x10:10000784
20498324ns          343910 1c008182 ffc78793 addi             x15, x15, -4        x15=0000001c x15:00000020
20498344ns          343911 1c008184 0027d793 srli             x15, x15, 0x2       x15=00000007 x15:0000001c
20498363ns          343912 1c008186 01d00833 add              x16, x0, x29        x16=10000208 x29:10000208
20498383ns          343913 1c008188 00a00633 add              x12, x0, x10        x12=10000784 x10:10000784
20498403ns          343914 1c00818a 00000713 addi             x14, x0, 0          x14=00000000
20498423ns          343915 1c00818c 00178793 addi             x15, x15, 1         x15=00000008 x15:00000007
20498443ns          343916 1c00818e 0067c0fb lp.setup         0x1, x15, 0x6       x15:00000008
20498463ns          343917 1c008192 0046230b p.lw             x6, 4(x12!)          x6=ffffffda x12=10000788 x12:10000784  PA:10000784
20498483ns          343918 1c008196 2078788b p.lw             x17, x7(x16!)       x17=00000008 x16=10000228  x7:00000020 x16:10000208  PA:10000208
20498523ns          343920 1c00819a 43130733 p.mac            x14, x6, x17        x14=fffffed0 x14:00000000  x6:ffffffda x17:00000008
20498542ns          343921 1c008192 0046230b p.lw             x6, 4(x12!)          x6=ffffffd8 x12=1000078c x12:10000788  PA:10000788
20498562ns          343922 1c008196 2078788b p.lw             x17, x7(x16!)       x17=00000000 x16=10000248  x7:00000020 x16:10000228  PA:10000228
20498602ns          343924 1c00819a 43130733 p.mac            x14, x6, x17        x14=fffffed0 x14:fffffed0  x6:ffffffd8 x17:00000000
20498622ns          343925 1c008192 0046230b p.lw             x6, 4(x12!)          x6=ffffffd6 x12=10000790 x12:1000078c  PA:1000078c
20498642ns          343926 1c008196 2078788b p.lw             x17, x7(x16!)       x17=fffffff8 x16=10000268  x7:00000020 x16:10000248  PA:10000248
20498702ns          343929 1c00819a 43130733 p.mac            x14, x6, x17        x14=00000020 x14:fffffed0  x6:ffffffd6 x17:fffffff8
20498721ns          343930 1c008192 0046230b p.lw             x6, 4(x12!)          x6=ffffffd4 x12=10000794 x12:10000790  PA:10000790
20498741ns          343931 1c008196 2078788b p.lw             x17, x7(x16!)       x17=fffffff0 x16=10000288  x7:00000020 x16:10000268  PA:10000268
20498781ns          343933 1c00819a 43130733 p.mac            x14, x6, x17        x14=000002e0 x14:00000020  x6:ffffffd4 x17:fffffff0
20498801ns          343934 1c008192 0046230b p.lw             x6, 4(x12!)          x6=ffffffd2 x12=10000798 x12:10000794  PA:10000794
20498821ns          343935 1c008196 2078788b p.lw             x17, x7(x16!)       x17=ffffffe8 x16=100002a8  x7:00000020 x16:10000288  PA:10000288
20498861ns          343937 1c00819a 43130733 p.mac            x14, x6, x17        x14=00000730 x14:000002e0  x6:ffffffd2 x17:ffffffe8
20498881ns          343938 1c008192 0046230b p.lw             x6, 4(x12!)          x6=ffffffd0 x12=1000079c x12:10000798  PA:10000798
20498900ns          343939 1c008196 2078788b p.lw             x17, x7(x16!)       x17=ffffffe0 x16=100002c8  x7:00000020 x16:100002a8  PA:100002a8
20498940ns          343941 1c00819a 43130733 p.mac            x14, x6, x17        x14=00000d30 x14:00000730  x6:ffffffd0 x17:ffffffe0
20498960ns          343942 1c008192 0046230b p.lw             x6, 4(x12!)          x6=ffffffce x12=100007a0 x12:1000079c  PA:1000079c
20498980ns          343943 1c008196 2078788b p.lw             x17, x7(x16!)       x17=ffffffd8 x16=100002e8  x7:00000020 x16:100002c8  PA:100002c8
20499020ns          343945 1c00819a 43130733 p.mac            x14, x6, x17        x14=00001500 x14:00000d30  x6:ffffffce x17:ffffffd8
20499040ns          343946 1c008192 0046230b p.lw             x6, 4(x12!)          x6=ffffffcc x12=100007a4 x12:100007a0  PA:100007a0
20499060ns          343947 1c008196 2078788b p.lw             x17, x7(x16!)       x17=ffffffd0 x16=10000308  x7:00000020 x16:100002e8  PA:100002e8
20499099ns          343949 1c00819a 43130733 p.mac            x14, x6, x17        x14=00001ec0 x14:00001500  x6:ffffffcc x17:ffffffd0
20499119ns          343950 1c00819e 00ef222b p.sw             x14, 4(x30!)        x30=1000088c x14:00001ec0 x30:10000888  PA:10000888
20499139ns          343951 1c0081a2 004e8e93 addi             x29, x29, 4         x29=1000020c x29:10000208
20499179ns          343953 1c00817e 40af87b3 sub              x15, x31, x10       x15=00000020 x31:100007a4 x10:10000784
20499199ns          343954 1c008182 ffc78793 addi             x15, x15, -4        x15=0000001c x15:00000020
20499219ns          343955 1c008184 0027d793 srli             x15, x15, 0x2       x15=00000007 x15:0000001c
20499239ns          343956 1c008186 01d00833 add              x16, x0, x29        x16=1000020c x29:1000020c
20499259ns          343957 1c008188 00a00633 add              x12, x0, x10        x12=10000784 x10:10000784
20499278ns          343958 1c00818a 00000713 addi             x14, x0, 0          x14=00000000
20499298ns          343959 1c00818c 00178793 addi             x15, x15, 1         x15=00000008 x15:00000007
20499318ns          343960 1c00818e 0067c0fb lp.setup         0x1, x15, 0x6       x15:00000008
20499338ns          343961 1c008192 0046230b p.lw             x6, 4(x12!)          x6=ffffffda x12=10000788 x12:10000784  PA:10000784
20499358ns          343962 1c008196 2078788b p.lw             x17, x7(x16!)       x17=00000007 x16=1000022c  x7:00000020 x16:1000020c  PA:1000020c
20499398ns          343964 1c00819a 43130733 p.mac            x14, x6, x17        x14=fffffef6 x14:00000000  x6:ffffffda x17:00000007
20499418ns          343965 1c008192 0046230b p.lw             x6, 4(x12!)          x6=ffffffd8 x12=1000078c x12:10000788  PA:10000788
20499438ns          343966 1c008196 2078788b p.lw             x17, x7(x16!)       x17=ffffffff x16=1000024c  x7:00000020 x16:1000022c  PA:1000022c
20499477ns          343968 1c00819a 43130733 p.mac            x14, x6, x17        x14=ffffff1e x14:fffffef6  x6:ffffffd8 x17:ffffffff
20499497ns          343969 1c008192 0046230b p.lw             x6, 4(x12!)          x6=ffffffd6 x12=10000790 x12:1000078c  PA:1000078c
20499517ns          343970 1c008196 2078788b p.lw             x17, x7(x16!)       x17=fffffff7 x16=1000026c  x7:00000020 x16:1000024c  PA:1000024c
20499557ns          343972 1c00819a 43130733 p.mac            x14, x6, x17        x14=00000098 x14:ffffff1e  x6:ffffffd6 x17:fffffff7
20499577ns          343973 1c008192 0046230b p.lw             x6, 4(x12!)          x6=ffffffd4 x12=10000794 x12:10000790  PA:10000790
20499597ns          343974 1c008196 2078788b p.lw             x17, x7(x16!)       x17=ffffffef x16=1000028c  x7:00000020 x16:1000026c  PA:1000026c
20499636ns          343976 1c00819a 43130733 p.mac            x14, x6, x17        x14=00000384 x14:00000098  x6:ffffffd4 x17:ffffffef
20499656ns          343977 1c008192 0046230b p.lw             x6, 4(x12!)          x6=ffffffd2 x12=10000798 x12:10000794  PA:10000794
20499676ns          343978 1c008196 2078788b p.lw             x17, x7(x16!)       x17=ffffffe7 x16=100002ac  x7:00000020 x16:1000028c  PA:1000028c
20499716ns          343980 1c00819a 43130733 p.mac            x14, x6, x17        x14=00000802 x14:00000384  x6:ffffffd2 x17:ffffffe7
20499736ns          343981 1c008192 0046230b p.lw             x6, 4(x12!)          x6=ffffffd0 x12=1000079c x12:10000798  PA:10000798
20499756ns          343982 1c008196 2078788b p.lw             x17, x7(x16!)       x17=ffffffdf x16=100002cc  x7:00000020 x16:100002ac  PA:100002ac
20499796ns          343984 1c00819a 43130733 p.mac            x14, x6, x17        x14=00000e32 x14:00000802  x6:ffffffd0 x17:ffffffdf
20499815ns          343985 1c008192 0046230b p.lw             x6, 4(x12!)          x6=ffffffce x12=100007a0 x12:1000079c  PA:1000079c
20499835ns          343986 1c008196 2078788b p.lw             x17, x7(x16!)       x17=ffffffd7 x16=100002ec  x7:00000020 x16:100002cc  PA:100002cc
20499875ns          343988 1c00819a 43130733 p.mac            x14, x6, x17        x14=00001634 x14:00000e32  x6:ffffffce x17:ffffffd7
20499895ns          343989 1c008192 0046230b p.lw             x6, 4(x12!)          x6=ffffffcc x12=100007a4 x12:100007a0  PA:100007a0
20499915ns          343990 1c008196 2078788b p.lw             x17, x7(x16!)       x17=ffffffcf x16=1000030c  x7:00000020 x16:100002ec  PA:100002ec
20499955ns          343992 1c00819a 43130733 p.mac            x14, x6, x17        x14=00002028 x14:00001634  x6:ffffffcc x17:ffffffcf
20499975ns          343993 1c00819e 00ef222b p.sw             x14, 4(x30!)        x30=10000890 x14:00002028 x30:1000088c  PA:1000088c
20499994ns          343994 1c0081a2 004e8e93 addi             x29, x29, 4         x29=10000210 x29:1000020c
20500034ns          343996 1c00817e 40af87b3 sub              x15, x31, x10       x15=00000020 x31:100007a4 x10:10000784
20500054ns          343997 1c008182 ffc78793 addi             x15, x15, -4        x15=0000001c x15:00000020
20500074ns          343998 1c008184 0027d793 srli             x15, x15, 0x2       x15=00000007 x15:0000001c
20500094ns          343999 1c008186 01d00833 add              x16, x0, x29        x16=10000210 x29:10000210
20500114ns          344000 1c008188 00a00633 add              x12, x0, x10        x12=10000784 x10:10000784
20500134ns          344001 1c00818a 00000713 addi             x14, x0, 0          x14=00000000
20500154ns          344002 1c00818c 00178793 addi             x15, x15, 1         x15=00000008 x15:00000007
20500173ns          344003 1c00818e 0067c0fb lp.setup         0x1, x15, 0x6       x15:00000008
20500193ns          344004 1c008192 0046230b p.lw             x6, 4(x12!)          x6=ffffffda x12=10000788 x12:10000784  PA:10000784
20500213ns          344005 1c008196 2078788b p.lw             x17, x7(x16!)       x17=00000006 x16=10000230  x7:00000020 x16:10000210  PA:10000210
20500253ns          344007 1c00819a 43130733 p.mac            x14, x6, x17        x14=ffffff1c x14:00000000  x6:ffffffda x17:00000006
20500273ns          344008 1c008192 0046230b p.lw             x6, 4(x12!)          x6=ffffffd8 x12=1000078c x12:10000788  PA:10000788
20500293ns          344009 1c008196 2078788b p.lw             x17, x7(x16!)       x17=fffffffe x16=10000250  x7:00000020 x16:10000230  PA:10000230
20500333ns          344011 1c00819a 43130733 p.mac            x14, x6, x17        x14=ffffff6c x14:ffffff1c  x6:ffffffd8 x17:fffffffe
20500353ns          344012 1c008192 0046230b p.lw             x6, 4(x12!)          x6=ffffffd6 x12=10000790 x12:1000078c  PA:1000078c
20500372ns          344013 1c008196 2078788b p.lw             x17, x7(x16!)       x17=fffffff6 x16=10000270  x7:00000020 x16:10000250  PA:10000250
20500412ns          344015 1c00819a 43130733 p.mac            x14, x6, x17        x14=00000110 x14:ffffff6c  x6:ffffffd6 x17:fffffff6
20500432ns          344016 1c008192 0046230b p.lw             x6, 4(x12!)          x6=ffffffd4 x12=10000794 x12:10000790  PA:10000790
20500452ns          344017 1c008196 2078788b p.lw             x17, x7(x16!)       x17=ffffffee x16=10000290  x7:00000020 x16:10000270  PA:10000270
20500492ns          344019 1c00819a 43130733 p.mac            x14, x6, x17        x14=00000428 x14:00000110  x6:ffffffd4 x17:ffffffee
20500512ns          344020 1c008192 0046230b p.lw             x6, 4(x12!)          x6=ffffffd2 x12=10000798 x12:10000794  PA:10000794
20500532ns          344021 1c008196 2078788b p.lw             x17, x7(x16!)       x17=ffffffe6 x16=100002b0  x7:00000020 x16:10000290  PA:10000290
20500571ns          344023 1c00819a 43130733 p.mac            x14, x6, x17        x14=000008d4 x14:00000428  x6:ffffffd2 x17:ffffffe6
20500591ns          344024 1c008192 0046230b p.lw             x6, 4(x12!)          x6=ffffffd0 x12=1000079c x12:10000798  PA:10000798
20500611ns          344025 1c008196 2078788b p.lw             x17, x7(x16!)       x17=ffffffde x16=100002d0  x7:00000020 x16:100002b0  PA:100002b0
20500651ns          344027 1c00819a 43130733 p.mac            x14, x6, x17        x14=00000f34 x14:000008d4  x6:ffffffd0 x17:ffffffde
20500671ns          344028 1c008192 0046230b p.lw             x6, 4(x12!)          x6=ffffffce x12=100007a0 x12:1000079c  PA:1000079c
20500691ns          344029 1c008196 2078788b p.lw             x17, x7(x16!)       x17=ffffffd6 x16=100002f0  x7:00000020 x16:100002d0  PA:100002d0
20500730ns          344031 1c00819a 43130733 p.mac            x14, x6, x17        x14=00001768 x14:00000f34  x6:ffffffce x17:ffffffd6
20500750ns          344032 1c008192 0046230b p.lw             x6, 4(x12!)          x6=ffffffcc x12=100007a4 x12:100007a0  PA:100007a0
20500770ns          344033 1c008196 2078788b p.lw             x17, x7(x16!)       x17=ffffffce x16=10000310  x7:00000020 x16:100002f0  PA:100002f0
20500810ns          344035 1c00819a 43130733 p.mac            x14, x6, x17        x14=00002190 x14:00001768  x6:ffffffcc x17:ffffffce
20500830ns          344036 1c00819e 00ef222b p.sw             x14, 4(x30!)        x30=10000894 x14:00002190 x30:10000890  PA:10000890
20500850ns          344037 1c0081a2 004e8e93 addi             x29, x29, 4         x29=10000214 x29:10000210
20500890ns          344039 1c00817e 40af87b3 sub              x15, x31, x10       x15=00000020 x31:100007a4 x10:10000784
20500909ns          344040 1c008182 ffc78793 addi             x15, x15, -4        x15=0000001c x15:00000020
20500929ns          344041 1c008184 0027d793 srli             x15, x15, 0x2       x15=00000007 x15:0000001c
20500949ns          344042 1c008186 01d00833 add              x16, x0, x29        x16=10000214 x29:10000214
20500969ns          344043 1c008188 00a00633 add              x12, x0, x10        x12=10000784 x10:10000784
20500989ns          344044 1c00818a 00000713 addi             x14, x0, 0          x14=00000000
20501009ns          344045 1c00818c 00178793 addi             x15, x15, 1         x15=00000008 x15:00000007
20501029ns          344046 1c00818e 0067c0fb lp.setup         0x1, x15, 0x6       x15:00000008
20501049ns          344047 1c008192 0046230b p.lw             x6, 4(x12!)          x6=ffffffda x12=10000788 x12:10000784  PA:10000784
20501069ns          344048 1c008196 2078788b p.lw             x17, x7(x16!)       x17=00000005 x16=10000234  x7:00000020 x16:10000214  PA:10000214
20501108ns          344050 1c00819a 43130733 p.mac            x14, x6, x17        x14=ffffff42 x14:00000000  x6:ffffffda x17:00000005
20501128ns          344051 1c008192 0046230b p.lw             x6, 4(x12!)          x6=ffffffd8 x12=1000078c x12:10000788  PA:10000788
20501148ns          344052 1c008196 2078788b p.lw             x17, x7(x16!)       x17=fffffffd x16=10000254  x7:00000020 x16:10000234  PA:10000234
20501188ns          344054 1c00819a 43130733 p.mac            x14, x6, x17        x14=ffffffba x14:ffffff42  x6:ffffffd8 x17:fffffffd
20501208ns          344055 1c008192 0046230b p.lw             x6, 4(x12!)          x6=ffffffd6 x12=10000790 x12:1000078c  PA:1000078c
20501228ns          344056 1c008196 2078788b p.lw             x17, x7(x16!)       x17=fffffff5 x16=10000274  x7:00000020 x16:10000254  PA:10000254
20501267ns          344058 1c00819a 43130733 p.mac            x14, x6, x17        x14=00000188 x14:ffffffba  x6:ffffffd6 x17:fffffff5
20501287ns          344059 1c008192 0046230b p.lw             x6, 4(x12!)          x6=ffffffd4 x12=10000794 x12:10000790  PA:10000790
20501307ns          344060 1c008196 2078788b p.lw             x17, x7(x16!)       x17=ffffffed x16=10000294  x7:00000020 x16:10000274  PA:10000274
20501347ns          344062 1c00819a 43130733 p.mac            x14, x6, x17        x14=000004cc x14:00000188  x6:ffffffd4 x17:ffffffed
20501367ns          344063 1c008192 0046230b p.lw             x6, 4(x12!)          x6=ffffffd2 x12=10000798 x12:10000794  PA:10000794
20501387ns          344064 1c008196 2078788b p.lw             x17, x7(x16!)       x17=ffffffe5 x16=100002b4  x7:00000020 x16:10000294  PA:10000294
20501427ns          344066 1c00819a 43130733 p.mac            x14, x6, x17        x14=000009a6 x14:000004cc  x6:ffffffd2 x17:ffffffe5
20501446ns          344067 1c008192 0046230b p.lw             x6, 4(x12!)          x6=ffffffd0 x12=1000079c x12:10000798  PA:10000798
20501466ns          344068 1c008196 2078788b p.lw             x17, x7(x16!)       x17=ffffffdd x16=100002d4  x7:00000020 x16:100002b4  PA:100002b4
20501506ns          344070 1c00819a 43130733 p.mac            x14, x6, x17        x14=00001036 x14:000009a6  x6:ffffffd0 x17:ffffffdd
20501526ns          344071 1c008192 0046230b p.lw             x6, 4(x12!)          x6=ffffffce x12=100007a0 x12:1000079c  PA:1000079c
20501546ns          344072 1c008196 2078788b p.lw             x17, x7(x16!)       x17=ffffffd5 x16=100002f4  x7:00000020 x16:100002d4  PA:100002d4
20501586ns          344074 1c00819a 43130733 p.mac            x14, x6, x17        x14=0000189c x14:00001036  x6:ffffffce x17:ffffffd5
20501606ns          344075 1c008192 0046230b p.lw             x6, 4(x12!)          x6=ffffffcc x12=100007a4 x12:100007a0  PA:100007a0
20501626ns          344076 1c008196 2078788b p.lw             x17, x7(x16!)       x17=ffffffcd x16=10000314  x7:00000020 x16:100002f4  PA:100002f4
20501665ns          344078 1c00819a 43130733 p.mac            x14, x6, x17        x14=000022f8 x14:0000189c  x6:ffffffcc x17:ffffffcd
20501685ns          344079 1c00819e 00ef222b p.sw             x14, 4(x30!)        x30=10000898 x14:000022f8 x30:10000894  PA:10000894
20501705ns          344080 1c0081a2 004e8e93 addi             x29, x29, 4         x29=10000218 x29:10000214
20501745ns          344082 1c00817e 40af87b3 sub              x15, x31, x10       x15=00000020 x31:100007a4 x10:10000784
20501765ns          344083 1c008182 ffc78793 addi             x15, x15, -4        x15=0000001c x15:00000020
20501785ns          344084 1c008184 0027d793 srli             x15, x15, 0x2       x15=00000007 x15:0000001c
20501805ns          344085 1c008186 01d00833 add              x16, x0, x29        x16=10000218 x29:10000218
20501824ns          344086 1c008188 00a00633 add              x12, x0, x10        x12=10000784 x10:10000784
20501844ns          344087 1c00818a 00000713 addi             x14, x0, 0          x14=00000000
20501864ns          344088 1c00818c 00178793 addi             x15, x15, 1         x15=00000008 x15:00000007
20501884ns          344089 1c00818e 0067c0fb lp.setup         0x1, x15, 0x6       x15:00000008
20501904ns          344090 1c008192 0046230b p.lw             x6, 4(x12!)          x6=ffffffda x12=10000788 x12:10000784  PA:10000784
20501924ns          344091 1c008196 2078788b p.lw             x17, x7(x16!)       x17=00000004 x16=10000238  x7:00000020 x16:10000218  PA:10000218
20501964ns          344093 1c00819a 43130733 p.mac            x14, x6, x17        x14=ffffff68 x14:00000000  x6:ffffffda x17:00000004
20501984ns          344094 1c008192 0046230b p.lw             x6, 4(x12!)          x6=ffffffd8 x12=1000078c x12:10000788  PA:10000788
20502003ns          344095 1c008196 2078788b p.lw             x17, x7(x16!)       x17=fffffffc x16=10000258  x7:00000020 x16:10000238  PA:10000238
20502043ns          344097 1c00819a 43130733 p.mac            x14, x6, x17        x14=00000008 x14:ffffff68  x6:ffffffd8 x17:fffffffc
20502063ns          344098 1c008192 0046230b p.lw             x6, 4(x12!)          x6=ffffffd6 x12=10000790 x12:1000078c  PA:1000078c
20502083ns          344099 1c008196 2078788b p.lw             x17, x7(x16!)       x17=fffffff4 x16=10000278  x7:00000020 x16:10000258  PA:10000258
20502123ns          344101 1c00819a 43130733 p.mac            x14, x6, x17        x14=00000200 x14:00000008  x6:ffffffd6 x17:fffffff4
20502143ns          344102 1c008192 0046230b p.lw             x6, 4(x12!)          x6=ffffffd4 x12=10000794 x12:10000790  PA:10000790
20502163ns          344103 1c008196 2078788b p.lw             x17, x7(x16!)       x17=ffffffec x16=10000298  x7:00000020 x16:10000278  PA:10000278
20502202ns          344105 1c00819a 43130733 p.mac            x14, x6, x17        x14=00000570 x14:00000200  x6:ffffffd4 x17:ffffffec
20502222ns          344106 1c008192 0046230b p.lw             x6, 4(x12!)          x6=ffffffd2 x12=10000798 x12:10000794  PA:10000794
20502242ns          344107 1c008196 2078788b p.lw             x17, x7(x16!)       x17=ffffffe4 x16=100002b8  x7:00000020 x16:10000298  PA:10000298
20502282ns          344109 1c00819a 43130733 p.mac            x14, x6, x17        x14=00000a78 x14:00000570  x6:ffffffd2 x17:ffffffe4
20502302ns          344110 1c008192 0046230b p.lw             x6, 4(x12!)          x6=ffffffd0 x12=1000079c x12:10000798  PA:10000798
20502322ns          344111 1c008196 2078788b p.lw             x17, x7(x16!)       x17=ffffffdc x16=100002d8  x7:00000020 x16:100002b8  PA:100002b8
20502361ns          344113 1c00819a 43130733 p.mac            x14, x6, x17        x14=00001138 x14:00000a78  x6:ffffffd0 x17:ffffffdc
20502381ns          344114 1c008192 0046230b p.lw             x6, 4(x12!)          x6=ffffffce x12=100007a0 x12:1000079c  PA:1000079c
20502401ns          344115 1c008196 2078788b p.lw             x17, x7(x16!)       x17=ffffffd4 x16=100002f8  x7:00000020 x16:100002d8  PA:100002d8
20502441ns          344117 1c00819a 43130733 p.mac            x14, x6, x17        x14=000019d0 x14:00001138  x6:ffffffce x17:ffffffd4
20502461ns          344118 1c008192 0046230b p.lw             x6, 4(x12!)          x6=ffffffcc x12=100007a4 x12:100007a0  PA:100007a0
20502481ns          344119 1c008196 2078788b p.lw             x17, x7(x16!)       x17=ffffffcc x16=10000318  x7:00000020 x16:100002f8  PA:100002f8
20502521ns          344121 1c00819a 43130733 p.mac            x14, x6, x17        x14=00002460 x14:000019d0  x6:ffffffcc x17:ffffffcc
20502540ns          344122 1c00819e 00ef222b p.sw             x14, 4(x30!)        x30=1000089c x14:00002460 x30:10000898  PA:10000898
20502560ns          344123 1c0081a2 004e8e93 addi             x29, x29, 4         x29=1000021c x29:10000218
20502600ns          344125 1c00817e 40af87b3 sub              x15, x31, x10       x15=00000020 x31:100007a4 x10:10000784
20502620ns          344126 1c008182 ffc78793 addi             x15, x15, -4        x15=0000001c x15:00000020
20502640ns          344127 1c008184 0027d793 srli             x15, x15, 0x2       x15=00000007 x15:0000001c
20502660ns          344128 1c008186 01d00833 add              x16, x0, x29        x16=1000021c x29:1000021c
20502680ns          344129 1c008188 00a00633 add              x12, x0, x10        x12=10000784 x10:10000784
20502700ns          344130 1c00818a 00000713 addi             x14, x0, 0          x14=00000000
20502720ns          344131 1c00818c 00178793 addi             x15, x15, 1         x15=00000008 x15:00000007
20502739ns          344132 1c00818e 0067c0fb lp.setup         0x1, x15, 0x6       x15:00000008
20502759ns          344133 1c008192 0046230b p.lw             x6, 4(x12!)          x6=ffffffda x12=10000788 x12:10000784  PA:10000784
20502779ns          344134 1c008196 2078788b p.lw             x17, x7(x16!)       x17=00000003 x16=1000023c  x7:00000020 x16:1000021c  PA:1000021c
20502819ns          344136 1c00819a 43130733 p.mac            x14, x6, x17        x14=ffffff8e x14:00000000  x6:ffffffda x17:00000003
20502839ns          344137 1c008192 0046230b p.lw             x6, 4(x12!)          x6=ffffffd8 x12=1000078c x12:10000788  PA:10000788
20502859ns          344138 1c008196 2078788b p.lw             x17, x7(x16!)       x17=fffffffb x16=1000025c  x7:00000020 x16:1000023c  PA:1000023c
20502899ns          344140 1c00819a 43130733 p.mac            x14, x6, x17        x14=00000056 x14:ffffff8e  x6:ffffffd8 x17:fffffffb
20502918ns          344141 1c008192 0046230b p.lw             x6, 4(x12!)          x6=ffffffd6 x12=10000790 x12:1000078c  PA:1000078c
20502938ns          344142 1c008196 2078788b p.lw             x17, x7(x16!)       x17=fffffff3 x16=1000027c  x7:00000020 x16:1000025c  PA:1000025c
20502978ns          344144 1c00819a 43130733 p.mac            x14, x6, x17        x14=00000278 x14:00000056  x6:ffffffd6 x17:fffffff3
20502998ns          344145 1c008192 0046230b p.lw             x6, 4(x12!)          x6=ffffffd4 x12=10000794 x12:10000790  PA:10000790
20503018ns          344146 1c008196 2078788b p.lw             x17, x7(x16!)       x17=ffffffeb x16=1000029c  x7:00000020 x16:1000027c  PA:1000027c
20503058ns          344148 1c00819a 43130733 p.mac            x14, x6, x17        x14=00000614 x14:00000278  x6:ffffffd4 x17:ffffffeb
20503078ns          344149 1c008192 0046230b p.lw             x6, 4(x12!)          x6=ffffffd2 x12=10000798 x12:10000794  PA:10000794
20503097ns          344150 1c008196 2078788b p.lw             x17, x7(x16!)       x17=ffffffe3 x16=100002bc  x7:00000020 x16:1000029c  PA:1000029c
20503137ns          344152 1c00819a 43130733 p.mac            x14, x6, x17        x14=00000b4a x14:00000614  x6:ffffffd2 x17:ffffffe3
20503157ns          344153 1c008192 0046230b p.lw             x6, 4(x12!)          x6=ffffffd0 x12=1000079c x12:10000798  PA:10000798
20503177ns          344154 1c008196 2078788b p.lw             x17, x7(x16!)       x17=ffffffdb x16=100002dc  x7:00000020 x16:100002bc  PA:100002bc
20503217ns          344156 1c00819a 43130733 p.mac            x14, x6, x17        x14=0000123a x14:00000b4a  x6:ffffffd0 x17:ffffffdb
20503237ns          344157 1c008192 0046230b p.lw             x6, 4(x12!)          x6=ffffffce x12=100007a0 x12:1000079c  PA:1000079c
20503257ns          344158 1c008196 2078788b p.lw             x17, x7(x16!)       x17=ffffffd3 x16=100002fc  x7:00000020 x16:100002dc  PA:100002dc
20503296ns          344160 1c00819a 43130733 p.mac            x14, x6, x17        x14=00001b04 x14:0000123a  x6:ffffffce x17:ffffffd3
20503316ns          344161 1c008192 0046230b p.lw             x6, 4(x12!)          x6=ffffffcc x12=100007a4 x12:100007a0  PA:100007a0
20503336ns          344162 1c008196 2078788b p.lw             x17, x7(x16!)       x17=ffffffcb x16=1000031c  x7:00000020 x16:100002fc  PA:100002fc
20503376ns          344164 1c00819a 43130733 p.mac            x14, x6, x17        x14=000025c8 x14:00001b04  x6:ffffffcc x17:ffffffcb
20503396ns          344165 1c00819e 00ef222b p.sw             x14, 4(x30!)        x30=100008a0 x14:000025c8 x30:1000089c  PA:1000089c
20503416ns          344166 1c0081a2 004e8e93 addi             x29, x29, 4         x29=10000220 x29:1000021c
20503455ns          344168 1c00817e 40af87b3 sub              x15, x31, x10       x15=00000020 x31:100007a4 x10:10000784
20503475ns          344169 1c008182 ffc78793 addi             x15, x15, -4        x15=0000001c x15:00000020
20503495ns          344170 1c008184 0027d793 srli             x15, x15, 0x2       x15=00000007 x15:0000001c
20503515ns          344171 1c008186 01d00833 add              x16, x0, x29        x16=10000220 x29:10000220
20503535ns          344172 1c008188 00a00633 add              x12, x0, x10        x12=10000784 x10:10000784
20503555ns          344173 1c00818a 00000713 addi             x14, x0, 0          x14=00000000
20503575ns          344174 1c00818c 00178793 addi             x15, x15, 1         x15=00000008 x15:00000007
20503595ns          344175 1c00818e 0067c0fb lp.setup         0x1, x15, 0x6       x15:00000008
20503615ns          344176 1c008192 0046230b p.lw             x6, 4(x12!)          x6=ffffffda x12=10000788 x12:10000784  PA:10000784
20503634ns          344177 1c008196 2078788b p.lw             x17, x7(x16!)       x17=00000002 x16=10000240  x7:00000020 x16:10000220  PA:10000220
20503674ns          344179 1c00819a 43130733 p.mac            x14, x6, x17        x14=ffffffb4 x14:00000000  x6:ffffffda x17:00000002
20503694ns          344180 1c008192 0046230b p.lw             x6, 4(x12!)          x6=ffffffd8 x12=1000078c x12:10000788  PA:10000788
20503714ns          344181 1c008196 2078788b p.lw             x17, x7(x16!)       x17=fffffffa x16=10000260  x7:00000020 x16:10000240  PA:10000240
20503754ns          344183 1c00819a 43130733 p.mac            x14, x6, x17        x14=000000a4 x14:ffffffb4  x6:ffffffd8 x17:fffffffa
20503774ns          344184 1c008192 0046230b p.lw             x6, 4(x12!)          x6=ffffffd6 x12=10000790 x12:1000078c  PA:1000078c
20503794ns          344185 1c008196 2078788b p.lw             x17, x7(x16!)       x17=fffffff2 x16=10000280  x7:00000020 x16:10000260  PA:10000260
20503833ns          344187 1c00819a 43130733 p.mac            x14, x6, x17        x14=000002f0 x14:000000a4  x6:ffffffd6 x17:fffffff2
20503853ns          344188 1c008192 0046230b p.lw             x6, 4(x12!)          x6=ffffffd4 x12=10000794 x12:10000790  PA:10000790
20503873ns          344189 1c008196 2078788b p.lw             x17, x7(x16!)       x17=ffffffea x16=100002a0  x7:00000020 x16:10000280  PA:10000280
20503913ns          344191 1c00819a 43130733 p.mac            x14, x6, x17        x14=000006b8 x14:000002f0  x6:ffffffd4 x17:ffffffea
20503933ns          344192 1c008192 0046230b p.lw             x6, 4(x12!)          x6=ffffffd2 x12=10000798 x12:10000794  PA:10000794
20503953ns          344193 1c008196 2078788b p.lw             x17, x7(x16!)       x17=ffffffe2 x16=100002c0  x7:00000020 x16:100002a0  PA:100002a0
20503993ns          344195 1c00819a 43130733 p.mac            x14, x6, x17        x14=00000c1c x14:000006b8  x6:ffffffd2 x17:ffffffe2
20504012ns          344196 1c008192 0046230b p.lw             x6, 4(x12!)          x6=ffffffd0 x12=1000079c x12:10000798  PA:10000798
20504032ns          344197 1c008196 2078788b p.lw             x17, x7(x16!)       x17=ffffffda x16=100002e0  x7:00000020 x16:100002c0  PA:100002c0
20504072ns          344199 1c00819a 43130733 p.mac            x14, x6, x17        x14=0000133c x14:00000c1c  x6:ffffffd0 x17:ffffffda
20504092ns          344200 1c008192 0046230b p.lw             x6, 4(x12!)          x6=ffffffce x12=100007a0 x12:1000079c  PA:1000079c
20504112ns          344201 1c008196 2078788b p.lw             x17, x7(x16!)       x17=ffffffd2 x16=10000300  x7:00000020 x16:100002e0  PA:100002e0
20504152ns          344203 1c00819a 43130733 p.mac            x14, x6, x17        x14=00001c38 x14:0000133c  x6:ffffffce x17:ffffffd2
20504172ns          344204 1c008192 0046230b p.lw             x6, 4(x12!)          x6=ffffffcc x12=100007a4 x12:100007a0  PA:100007a0
20504191ns          344205 1c008196 2078788b p.lw             x17, x7(x16!)       x17=ffffffca x16=10000320  x7:00000020 x16:10000300  PA:10000300
20504231ns          344207 1c00819a 43130733 p.mac            x14, x6, x17        x14=00002730 x14:00001c38  x6:ffffffcc x17:ffffffca
20504251ns          344208 1c00819e 00ef222b p.sw             x14, 4(x30!)        x30=100008a4 x14:00002730 x30:100008a0  PA:100008a0
20504291ns          344210 1c0081a2 004e8e93 addi             x29, x29, 4         x29=10000224 x29:10000220
20504311ns          344211 1c0081a4 00128293 addi             x5, x5, 1            x5=00000005  x5:00000004
20504331ns          344212 1c0081a6 00750533 add              x10, x10, x7        x10=100007a4 x10:10000784  x7:00000020
20504351ns          344213 1c0081a8 007f8fb3 add              x31, x31, x7        x31=100007c4 x31:100007a4  x7:00000020
20504370ns          344214 1c0081aa fa569fe3 bne              x13, x5, -66        x13:00000008  x5:00000005
20504430ns          344217 1c008168 40b48e33 sub              x28, x9, x11        x28=00000020  x9:10000224 x11:10000204
20504450ns          344218 1c00816c ffce0e13 addi             x28, x28, -4        x28=0000001c x28:00000020
20504470ns          344219 1c00816e 002e5e13 srli             x28, x28, 0x2       x28=00000007 x28:0000001c
20504490ns          344220 1c008172 008f8f33 add              x30, x31, x8        x30=100008a4 x31:100007c4  x8:000000e0
20504510ns          344221 1c008176 00b00eb3 add              x29, x0, x11        x29=10000204 x11:10000204
20504530ns          344222 1c008178 001e0e13 addi             x28, x28, 1         x28=00000008 x28:00000007
20504549ns          344223 1c00817a 014e407b lp.setup         0x0, x28, 0x14      x28:00000008
20504569ns          344224 1c00817e 40af87b3 sub              x15, x31, x10       x15=00000020 x31:100007c4 x10:100007a4
20504589ns          344225 1c008182 ffc78793 addi             x15, x15, -4        x15=0000001c x15:00000020
20504609ns          344226 1c008184 0027d793 srli             x15, x15, 0x2       x15=00000007 x15:0000001c
20504629ns          344227 1c008186 01d00833 add              x16, x0, x29        x16=10000204 x29:10000204
20504649ns          344228 1c008188 00a00633 add              x12, x0, x10        x12=100007a4 x10:100007a4
20504669ns          344229 1c00818a 00000713 addi             x14, x0, 0          x14=00000000
20504689ns          344230 1c00818c 00178793 addi             x15, x15, 1         x15=00000008 x15:00000007
20504709ns          344231 1c00818e 0067c0fb lp.setup         0x1, x15, 0x6       x15:00000008
20504728ns          344232 1c008192 0046230b p.lw             x6, 4(x12!)          x6=ffffffca x12=100007a8 x12:100007a4  PA:100007a4
20504748ns          344233 1c008196 2078788b p.lw             x17, x7(x16!)       x17=00000009 x16=10000224  x7:00000020 x16:10000204  PA:10000204
20504788ns          344235 1c00819a 43130733 p.mac            x14, x6, x17        x14=fffffe1a x14:00000000  x6:ffffffca x17:00000009
20504808ns          344236 1c008192 0046230b p.lw             x6, 4(x12!)          x6=ffffffc8 x12=100007ac x12:100007a8  PA:100007a8
20504828ns          344237 1c008196 2078788b p.lw             x17, x7(x16!)       x17=00000001 x16=10000244  x7:00000020 x16:10000224  PA:10000224
20504868ns          344239 1c00819a 43130733 p.mac            x14, x6, x17        x14=fffffde2 x14:fffffe1a  x6:ffffffc8 x17:00000001
20504888ns          344240 1c008192 0046230b p.lw             x6, 4(x12!)          x6=ffffffc6 x12=100007b0 x12:100007ac  PA:100007ac
20504907ns          344241 1c008196 2078788b p.lw             x17, x7(x16!)       x17=fffffff9 x16=10000264  x7:00000020 x16:10000244  PA:10000244
20504947ns          344243 1c00819a 43130733 p.mac            x14, x6, x17        x14=ffffff78 x14:fffffde2  x6:ffffffc6 x17:fffffff9
20504967ns          344244 1c008192 0046230b p.lw             x6, 4(x12!)          x6=ffffffc4 x12=100007b4 x12:100007b0  PA:100007b0
20504987ns          344245 1c008196 2078788b p.lw             x17, x7(x16!)       x17=fffffff1 x16=10000284  x7:00000020 x16:10000264  PA:10000264
20505027ns          344247 1c00819a 43130733 p.mac            x14, x6, x17        x14=000002fc x14:ffffff78  x6:ffffffc4 x17:fffffff1
20505047ns          344248 1c008192 0046230b p.lw             x6, 4(x12!)          x6=ffffffc2 x12=100007b8 x12:100007b4  PA:100007b4
20505067ns          344249 1c008196 2078788b p.lw             x17, x7(x16!)       x17=ffffffe9 x16=100002a4  x7:00000020 x16:10000284  PA:10000284
20505106ns          344251 1c00819a 43130733 p.mac            x14, x6, x17        x14=0000088e x14:000002fc  x6:ffffffc2 x17:ffffffe9
20505126ns          344252 1c008192 0046230b p.lw             x6, 4(x12!)          x6=ffffffc0 x12=100007bc x12:100007b8  PA:100007b8
20505146ns          344253 1c008196 2078788b p.lw             x17, x7(x16!)       x17=ffffffe1 x16=100002c4  x7:00000020 x16:100002a4  PA:100002a4
20505186ns          344255 1c00819a 43130733 p.mac            x14, x6, x17        x14=0000104e x14:0000088e  x6:ffffffc0 x17:ffffffe1
20505206ns          344256 1c008192 0046230b p.lw             x6, 4(x12!)          x6=ffffffbe x12=100007c0 x12:100007bc  PA:100007bc
20505226ns          344257 1c008196 2078788b p.lw             x17, x7(x16!)       x17=ffffffd9 x16=100002e4  x7:00000020 x16:100002c4  PA:100002c4
20505266ns          344259 1c00819a 43130733 p.mac            x14, x6, x17        x14=00001a5c x14:0000104e  x6:ffffffbe x17:ffffffd9
20505285ns          344260 1c008192 0046230b p.lw             x6, 4(x12!)          x6=ffffffbc x12=100007c4 x12:100007c0  PA:100007c0
20505305ns          344261 1c008196 2078788b p.lw             x17, x7(x16!)       x17=ffffffd1 x16=10000304  x7:00000020 x16:100002e4  PA:100002e4
20505345ns          344263 1c00819a 43130733 p.mac            x14, x6, x17        x14=000026d8 x14:00001a5c  x6:ffffffbc x17:ffffffd1
20505365ns          344264 1c00819e 00ef222b p.sw             x14, 4(x30!)        x30=100008a8 x14:000026d8 x30:100008a4  PA:100008a4
20505385ns          344265 1c0081a2 004e8e93 addi             x29, x29, 4         x29=10000208 x29:10000204
20505425ns          344267 1c00817e 40af87b3 sub              x15, x31, x10       x15=00000020 x31:100007c4 x10:100007a4
20505445ns          344268 1c008182 ffc78793 addi             x15, x15, -4        x15=0000001c x15:00000020
20505464ns          344269 1c008184 0027d793 srli             x15, x15, 0x2       x15=00000007 x15:0000001c
20505484ns          344270 1c008186 01d00833 add              x16, x0, x29        x16=10000208 x29:10000208
20505504ns          344271 1c008188 00a00633 add              x12, x0, x10        x12=100007a4 x10:100007a4
20505524ns          344272 1c00818a 00000713 addi             x14, x0, 0          x14=00000000
20505544ns          344273 1c00818c 00178793 addi             x15, x15, 1         x15=00000008 x15:00000007
20505564ns          344274 1c00818e 0067c0fb lp.setup         0x1, x15, 0x6       x15:00000008
20505584ns          344275 1c008192 0046230b p.lw             x6, 4(x12!)          x6=ffffffca x12=100007a8 x12:100007a4  PA:100007a4
20505604ns          344276 1c008196 2078788b p.lw             x17, x7(x16!)       x17=00000008 x16=10000228  x7:00000020 x16:10000208  PA:10000208
20505643ns          344278 1c00819a 43130733 p.mac            x14, x6, x17        x14=fffffe50 x14:00000000  x6:ffffffca x17:00000008
20505663ns          344279 1c008192 0046230b p.lw             x6, 4(x12!)          x6=ffffffc8 x12=100007ac x12:100007a8  PA:100007a8
20505683ns          344280 1c008196 2078788b p.lw             x17, x7(x16!)       x17=00000000 x16=10000248  x7:00000020 x16:10000228  PA:10000228
20505723ns          344282 1c00819a 43130733 p.mac            x14, x6, x17        x14=fffffe50 x14:fffffe50  x6:ffffffc8 x17:00000000
20505743ns          344283 1c008192 0046230b p.lw             x6, 4(x12!)          x6=ffffffc6 x12=100007b0 x12:100007ac  PA:100007ac
20505763ns          344284 1c008196 2078788b p.lw             x17, x7(x16!)       x17=fffffff8 x16=10000268  x7:00000020 x16:10000248  PA:10000248
20505803ns          344286 1c00819a 43130733 p.mac            x14, x6, x17        x14=00000020 x14:fffffe50  x6:ffffffc6 x17:fffffff8
20505822ns          344287 1c008192 0046230b p.lw             x6, 4(x12!)          x6=ffffffc4 x12=100007b4 x12:100007b0  PA:100007b0
20505842ns          344288 1c008196 2078788b p.lw             x17, x7(x16!)       x17=fffffff0 x16=10000288  x7:00000020 x16:10000268  PA:10000268
20505882ns          344290 1c00819a 43130733 p.mac            x14, x6, x17        x14=000003e0 x14:00000020  x6:ffffffc4 x17:fffffff0
20505902ns          344291 1c008192 0046230b p.lw             x6, 4(x12!)          x6=ffffffc2 x12=100007b8 x12:100007b4  PA:100007b4
20505922ns          344292 1c008196 2078788b p.lw             x17, x7(x16!)       x17=ffffffe8 x16=100002a8  x7:00000020 x16:10000288  PA:10000288
20505962ns          344294 1c00819a 43130733 p.mac            x14, x6, x17        x14=000009b0 x14:000003e0  x6:ffffffc2 x17:ffffffe8
20505982ns          344295 1c008192 0046230b p.lw             x6, 4(x12!)          x6=ffffffc0 x12=100007bc x12:100007b8  PA:100007b8
20506001ns          344296 1c008196 2078788b p.lw             x17, x7(x16!)       x17=ffffffe0 x16=100002c8  x7:00000020 x16:100002a8  PA:100002a8
20506041ns          344298 1c00819a 43130733 p.mac            x14, x6, x17        x14=000011b0 x14:000009b0  x6:ffffffc0 x17:ffffffe0
20506061ns          344299 1c008192 0046230b p.lw             x6, 4(x12!)          x6=ffffffbe x12=100007c0 x12:100007bc  PA:100007bc
20506081ns          344300 1c008196 2078788b p.lw             x17, x7(x16!)       x17=ffffffd8 x16=100002e8  x7:00000020 x16:100002c8  PA:100002c8
20506121ns          344302 1c00819a 43130733 p.mac            x14, x6, x17        x14=00001c00 x14:000011b0  x6:ffffffbe x17:ffffffd8
20506141ns          344303 1c008192 0046230b p.lw             x6, 4(x12!)          x6=ffffffbc x12=100007c4 x12:100007c0  PA:100007c0
20506161ns          344304 1c008196 2078788b p.lw             x17, x7(x16!)       x17=ffffffd0 x16=10000308  x7:00000020 x16:100002e8  PA:100002e8
20506200ns          344306 1c00819a 43130733 p.mac            x14, x6, x17        x14=000028c0 x14:00001c00  x6:ffffffbc x17:ffffffd0
20506220ns          344307 1c00819e 00ef222b p.sw             x14, 4(x30!)        x30=100008ac x14:000028c0 x30:100008a8  PA:100008a8
20506240ns          344308 1c0081a2 004e8e93 addi             x29, x29, 4         x29=1000020c x29:10000208
20506280ns          344310 1c00817e 40af87b3 sub              x15, x31, x10       x15=00000020 x31:100007c4 x10:100007a4
20506300ns          344311 1c008182 ffc78793 addi             x15, x15, -4        x15=0000001c x15:00000020
20506320ns          344312 1c008184 0027d793 srli             x15, x15, 0x2       x15=00000007 x15:0000001c
20506340ns          344313 1c008186 01d00833 add              x16, x0, x29        x16=1000020c x29:1000020c
20506360ns          344314 1c008188 00a00633 add              x12, x0, x10        x12=100007a4 x10:100007a4
20506379ns          344315 1c00818a 00000713 addi             x14, x0, 0          x14=00000000
20506399ns          344316 1c00818c 00178793 addi             x15, x15, 1         x15=00000008 x15:00000007
20506419ns          344317 1c00818e 0067c0fb lp.setup         0x1, x15, 0x6       x15:00000008
20506439ns          344318 1c008192 0046230b p.lw             x6, 4(x12!)          x6=ffffffca x12=100007a8 x12:100007a4  PA:100007a4
20506459ns          344319 1c008196 2078788b p.lw             x17, x7(x16!)       x17=00000007 x16=1000022c  x7:00000020 x16:1000020c  PA:1000020c
20506499ns          344321 1c00819a 43130733 p.mac            x14, x6, x17        x14=fffffe86 x14:00000000  x6:ffffffca x17:00000007
20506519ns          344322 1c008192 0046230b p.lw             x6, 4(x12!)          x6=ffffffc8 x12=100007ac x12:100007a8  PA:100007a8
20506539ns          344323 1c008196 2078788b p.lw             x17, x7(x16!)       x17=ffffffff x16=1000024c  x7:00000020 x16:1000022c  PA:1000022c
20506578ns          344325 1c00819a 43130733 p.mac            x14, x6, x17        x14=fffffebe x14:fffffe86  x6:ffffffc8 x17:ffffffff
20506598ns          344326 1c008192 0046230b p.lw             x6, 4(x12!)          x6=ffffffc6 x12=100007b0 x12:100007ac  PA:100007ac
20506618ns          344327 1c008196 2078788b p.lw             x17, x7(x16!)       x17=fffffff7 x16=1000026c  x7:00000020 x16:1000024c  PA:1000024c
20506658ns          344329 1c00819a 43130733 p.mac            x14, x6, x17        x14=000000c8 x14:fffffebe  x6:ffffffc6 x17:fffffff7
20506678ns          344330 1c008192 0046230b p.lw             x6, 4(x12!)          x6=ffffffc4 x12=100007b4 x12:100007b0  PA:100007b0
20506698ns          344331 1c008196 2078788b p.lw             x17, x7(x16!)       x17=ffffffef x16=1000028c  x7:00000020 x16:1000026c  PA:1000026c
20506737ns          344333 1c00819a 43130733 p.mac            x14, x6, x17        x14=000004c4 x14:000000c8  x6:ffffffc4 x17:ffffffef
20506757ns          344334 1c008192 0046230b p.lw             x6, 4(x12!)          x6=ffffffc2 x12=100007b8 x12:100007b4  PA:100007b4
20506777ns          344335 1c008196 2078788b p.lw             x17, x7(x16!)       x17=ffffffe7 x16=100002ac  x7:00000020 x16:1000028c  PA:1000028c
20506817ns          344337 1c00819a 43130733 p.mac            x14, x6, x17        x14=00000ad2 x14:000004c4  x6:ffffffc2 x17:ffffffe7
20506837ns          344338 1c008192 0046230b p.lw             x6, 4(x12!)          x6=ffffffc0 x12=100007bc x12:100007b8  PA:100007b8
20506857ns          344339 1c008196 2078788b p.lw             x17, x7(x16!)       x17=ffffffdf x16=100002cc  x7:00000020 x16:100002ac  PA:100002ac
20506897ns          344341 1c00819a 43130733 p.mac            x14, x6, x17        x14=00001312 x14:00000ad2  x6:ffffffc0 x17:ffffffdf
20506916ns          344342 1c008192 0046230b p.lw             x6, 4(x12!)          x6=ffffffbe x12=100007c0 x12:100007bc  PA:100007bc
20506936ns          344343 1c008196 2078788b p.lw             x17, x7(x16!)       x17=ffffffd7 x16=100002ec  x7:00000020 x16:100002cc  PA:100002cc
20506976ns          344345 1c00819a 43130733 p.mac            x14, x6, x17        x14=00001da4 x14:00001312  x6:ffffffbe x17:ffffffd7
20506996ns          344346 1c008192 0046230b p.lw             x6, 4(x12!)          x6=ffffffbc x12=100007c4 x12:100007c0  PA:100007c0
20507016ns          344347 1c008196 2078788b p.lw             x17, x7(x16!)       x17=ffffffcf x16=1000030c  x7:00000020 x16:100002ec  PA:100002ec
20507056ns          344349 1c00819a 43130733 p.mac            x14, x6, x17        x14=00002aa8 x14:00001da4  x6:ffffffbc x17:ffffffcf
20507076ns          344350 1c00819e 00ef222b p.sw             x14, 4(x30!)        x30=100008b0 x14:00002aa8 x30:100008ac  PA:100008ac
20507095ns          344351 1c0081a2 004e8e93 addi             x29, x29, 4         x29=10000210 x29:1000020c
20507135ns          344353 1c00817e 40af87b3 sub              x15, x31, x10       x15=00000020 x31:100007c4 x10:100007a4
20507155ns          344354 1c008182 ffc78793 addi             x15, x15, -4        x15=0000001c x15:00000020
20507175ns          344355 1c008184 0027d793 srli             x15, x15, 0x2       x15=00000007 x15:0000001c
20507195ns          344356 1c008186 01d00833 add              x16, x0, x29        x16=10000210 x29:10000210
20507215ns          344357 1c008188 00a00633 add              x12, x0, x10        x12=100007a4 x10:100007a4
20507235ns          344358 1c00818a 00000713 addi             x14, x0, 0          x14=00000000
20507255ns          344359 1c00818c 00178793 addi             x15, x15, 1         x15=00000008 x15:00000007
20507274ns          344360 1c00818e 0067c0fb lp.setup         0x1, x15, 0x6       x15:00000008
20507294ns          344361 1c008192 0046230b p.lw             x6, 4(x12!)          x6=ffffffca x12=100007a8 x12:100007a4  PA:100007a4
20507314ns          344362 1c008196 2078788b p.lw             x17, x7(x16!)       x17=00000006 x16=10000230  x7:00000020 x16:10000210  PA:10000210
20507354ns          344364 1c00819a 43130733 p.mac            x14, x6, x17        x14=fffffebc x14:00000000  x6:ffffffca x17:00000006
20507374ns          344365 1c008192 0046230b p.lw             x6, 4(x12!)          x6=ffffffc8 x12=100007ac x12:100007a8  PA:100007a8
20507394ns          344366 1c008196 2078788b p.lw             x17, x7(x16!)       x17=fffffffe x16=10000250  x7:00000020 x16:10000230  PA:10000230
20507434ns          344368 1c00819a 43130733 p.mac            x14, x6, x17        x14=ffffff2c x14:fffffebc  x6:ffffffc8 x17:fffffffe
20507454ns          344369 1c008192 0046230b p.lw             x6, 4(x12!)          x6=ffffffc6 x12=100007b0 x12:100007ac  PA:100007ac
20507473ns          344370 1c008196 2078788b p.lw             x17, x7(x16!)       x17=fffffff6 x16=10000270  x7:00000020 x16:10000250  PA:10000250
20507513ns          344372 1c00819a 43130733 p.mac            x14, x6, x17        x14=00000170 x14:ffffff2c  x6:ffffffc6 x17:fffffff6
20507533ns          344373 1c008192 0046230b p.lw             x6, 4(x12!)          x6=ffffffc4 x12=100007b4 x12:100007b0  PA:100007b0
20507553ns          344374 1c008196 2078788b p.lw             x17, x7(x16!)       x17=ffffffee x16=10000290  x7:00000020 x16:10000270  PA:10000270
20507593ns          344376 1c00819a 43130733 p.mac            x14, x6, x17        x14=000005a8 x14:00000170  x6:ffffffc4 x17:ffffffee
20507613ns          344377 1c008192 0046230b p.lw             x6, 4(x12!)          x6=ffffffc2 x12=100007b8 x12:100007b4  PA:100007b4
20507633ns          344378 1c008196 2078788b p.lw             x17, x7(x16!)       x17=ffffffe6 x16=100002b0  x7:00000020 x16:10000290  PA:10000290
20507672ns          344380 1c00819a 43130733 p.mac            x14, x6, x17        x14=00000bf4 x14:000005a8  x6:ffffffc2 x17:ffffffe6
20507692ns          344381 1c008192 0046230b p.lw             x6, 4(x12!)          x6=ffffffc0 x12=100007bc x12:100007b8  PA:100007b8
20507712ns          344382 1c008196 2078788b p.lw             x17, x7(x16!)       x17=ffffffde x16=100002d0  x7:00000020 x16:100002b0  PA:100002b0
20507752ns          344384 1c00819a 43130733 p.mac            x14, x6, x17        x14=00001474 x14:00000bf4  x6:ffffffc0 x17:ffffffde
20507772ns          344385 1c008192 0046230b p.lw             x6, 4(x12!)          x6=ffffffbe x12=100007c0 x12:100007bc  PA:100007bc
20507792ns          344386 1c008196 2078788b p.lw             x17, x7(x16!)       x17=ffffffd6 x16=100002f0  x7:00000020 x16:100002d0  PA:100002d0
20507831ns          344388 1c00819a 43130733 p.mac            x14, x6, x17        x14=00001f48 x14:00001474  x6:ffffffbe x17:ffffffd6
20507851ns          344389 1c008192 0046230b p.lw             x6, 4(x12!)          x6=ffffffbc x12=100007c4 x12:100007c0  PA:100007c0
20507871ns          344390 1c008196 2078788b p.lw             x17, x7(x16!)       x17=ffffffce x16=10000310  x7:00000020 x16:100002f0  PA:100002f0
20507911ns          344392 1c00819a 43130733 p.mac            x14, x6, x17        x14=00002c90 x14:00001f48  x6:ffffffbc x17:ffffffce
20507931ns          344393 1c00819e 00ef222b p.sw             x14, 4(x30!)        x30=100008b4 x14:00002c90 x30:100008b0  PA:100008b0
20507951ns          344394 1c0081a2 004e8e93 addi             x29, x29, 4         x29=10000214 x29:10000210
20507991ns          344396 1c00817e 40af87b3 sub              x15, x31, x10       x15=00000020 x31:100007c4 x10:100007a4
20508010ns          344397 1c008182 ffc78793 addi             x15, x15, -4        x15=0000001c x15:00000020
20508030ns          344398 1c008184 0027d793 srli             x15, x15, 0x2       x15=00000007 x15:0000001c
20508050ns          344399 1c008186 01d00833 add              x16, x0, x29        x16=10000214 x29:10000214
20508070ns          344400 1c008188 00a00633 add              x12, x0, x10        x12=100007a4 x10:100007a4
20508090ns          344401 1c00818a 00000713 addi             x14, x0, 0          x14=00000000
20508110ns          344402 1c00818c 00178793 addi             x15, x15, 1         x15=00000008 x15:00000007
20508130ns          344403 1c00818e 0067c0fb lp.setup         0x1, x15, 0x6       x15:00000008
20508150ns          344404 1c008192 0046230b p.lw             x6, 4(x12!)          x6=ffffffca x12=100007a8 x12:100007a4  PA:100007a4
20508170ns          344405 1c008196 2078788b p.lw             x17, x7(x16!)       x17=00000005 x16=10000234  x7:00000020 x16:10000214  PA:10000214
20508209ns          344407 1c00819a 43130733 p.mac            x14, x6, x17        x14=fffffef2 x14:00000000  x6:ffffffca x17:00000005
20508229ns          344408 1c008192 0046230b p.lw             x6, 4(x12!)          x6=ffffffc8 x12=100007ac x12:100007a8  PA:100007a8
20508249ns          344409 1c008196 2078788b p.lw             x17, x7(x16!)       x17=fffffffd x16=10000254  x7:00000020 x16:10000234  PA:10000234
20508289ns          344411 1c00819a 43130733 p.mac            x14, x6, x17        x14=ffffff9a x14:fffffef2  x6:ffffffc8 x17:fffffffd
20508309ns          344412 1c008192 0046230b p.lw             x6, 4(x12!)          x6=ffffffc6 x12=100007b0 x12:100007ac  PA:100007ac
20508329ns          344413 1c008196 2078788b p.lw             x17, x7(x16!)       x17=fffffff5 x16=10000274  x7:00000020 x16:10000254  PA:10000254
20508368ns          344415 1c00819a 43130733 p.mac            x14, x6, x17        x14=00000218 x14:ffffff9a  x6:ffffffc6 x17:fffffff5
20508388ns          344416 1c008192 0046230b p.lw             x6, 4(x12!)          x6=ffffffc4 x12=100007b4 x12:100007b0  PA:100007b0
20508408ns          344417 1c008196 2078788b p.lw             x17, x7(x16!)       x17=ffffffed x16=10000294  x7:00000020 x16:10000274  PA:10000274
20508448ns          344419 1c00819a 43130733 p.mac            x14, x6, x17        x14=0000068c x14:00000218  x6:ffffffc4 x17:ffffffed
20508468ns          344420 1c008192 0046230b p.lw             x6, 4(x12!)          x6=ffffffc2 x12=100007b8 x12:100007b4  PA:100007b4
20508488ns          344421 1c008196 2078788b p.lw             x17, x7(x16!)       x17=ffffffe5 x16=100002b4  x7:00000020 x16:10000294  PA:10000294
20508528ns          344423 1c00819a 43130733 p.mac            x14, x6, x17        x14=00000d16 x14:0000068c  x6:ffffffc2 x17:ffffffe5
20508547ns          344424 1c008192 0046230b p.lw             x6, 4(x12!)          x6=ffffffc0 x12=100007bc x12:100007b8  PA:100007b8
20508567ns          344425 1c008196 2078788b p.lw             x17, x7(x16!)       x17=ffffffdd x16=100002d4  x7:00000020 x16:100002b4  PA:100002b4
20508607ns          344427 1c00819a 43130733 p.mac            x14, x6, x17        x14=000015d6 x14:00000d16  x6:ffffffc0 x17:ffffffdd
20508627ns          344428 1c008192 0046230b p.lw             x6, 4(x12!)          x6=ffffffbe x12=100007c0 x12:100007bc  PA:100007bc
20508647ns          344429 1c008196 2078788b p.lw             x17, x7(x16!)       x17=ffffffd5 x16=100002f4  x7:00000020 x16:100002d4  PA:100002d4
20508687ns          344431 1c00819a 43130733 p.mac            x14, x6, x17        x14=000020ec x14:000015d6  x6:ffffffbe x17:ffffffd5
20508707ns          344432 1c008192 0046230b p.lw             x6, 4(x12!)          x6=ffffffbc x12=100007c4 x12:100007c0  PA:100007c0
20508727ns          344433 1c008196 2078788b p.lw             x17, x7(x16!)       x17=ffffffcd x16=10000314  x7:00000020 x16:100002f4  PA:100002f4
20508766ns          344435 1c00819a 43130733 p.mac            x14, x6, x17        x14=00002e78 x14:000020ec  x6:ffffffbc x17:ffffffcd
20508786ns          344436 1c00819e 00ef222b p.sw             x14, 4(x30!)        x30=100008b8 x14:00002e78 x30:100008b4  PA:100008b4
20508806ns          344437 1c0081a2 004e8e93 addi             x29, x29, 4         x29=10000218 x29:10000214
20508846ns          344439 1c00817e 40af87b3 sub              x15, x31, x10       x15=00000020 x31:100007c4 x10:100007a4
20508866ns          344440 1c008182 ffc78793 addi             x15, x15, -4        x15=0000001c x15:00000020
20508886ns          344441 1c008184 0027d793 srli             x15, x15, 0x2       x15=00000007 x15:0000001c
20508906ns          344442 1c008186 01d00833 add              x16, x0, x29        x16=10000218 x29:10000218
20508925ns          344443 1c008188 00a00633 add              x12, x0, x10        x12=100007a4 x10:100007a4
20508945ns          344444 1c00818a 00000713 addi             x14, x0, 0          x14=00000000
20508965ns          344445 1c00818c 00178793 addi             x15, x15, 1         x15=00000008 x15:00000007
20508985ns          344446 1c00818e 0067c0fb lp.setup         0x1, x15, 0x6       x15:00000008
20509005ns          344447 1c008192 0046230b p.lw             x6, 4(x12!)          x6=ffffffca x12=100007a8 x12:100007a4  PA:100007a4
20509025ns          344448 1c008196 2078788b p.lw             x17, x7(x16!)       x17=00000004 x16=10000238  x7:00000020 x16:10000218  PA:10000218
20509065ns          344450 1c00819a 43130733 p.mac            x14, x6, x17        x14=ffffff28 x14:00000000  x6:ffffffca x17:00000004
20509085ns          344451 1c008192 0046230b p.lw             x6, 4(x12!)          x6=ffffffc8 x12=100007ac x12:100007a8  PA:100007a8
20509104ns          344452 1c008196 2078788b p.lw             x17, x7(x16!)       x17=fffffffc x16=10000258  x7:00000020 x16:10000238  PA:10000238
20509144ns          344454 1c00819a 43130733 p.mac            x14, x6, x17        x14=00000008 x14:ffffff28  x6:ffffffc8 x17:fffffffc
20509164ns          344455 1c008192 0046230b p.lw             x6, 4(x12!)          x6=ffffffc6 x12=100007b0 x12:100007ac  PA:100007ac
20509184ns          344456 1c008196 2078788b p.lw             x17, x7(x16!)       x17=fffffff4 x16=10000278  x7:00000020 x16:10000258  PA:10000258
20509224ns          344458 1c00819a 43130733 p.mac            x14, x6, x17        x14=000002c0 x14:00000008  x6:ffffffc6 x17:fffffff4
20509244ns          344459 1c008192 0046230b p.lw             x6, 4(x12!)          x6=ffffffc4 x12=100007b4 x12:100007b0  PA:100007b0
20509264ns          344460 1c008196 2078788b p.lw             x17, x7(x16!)       x17=ffffffec x16=10000298  x7:00000020 x16:10000278  PA:10000278
20509303ns          344462 1c00819a 43130733 p.mac            x14, x6, x17        x14=00000770 x14:000002c0  x6:ffffffc4 x17:ffffffec
20509323ns          344463 1c008192 0046230b p.lw             x6, 4(x12!)          x6=ffffffc2 x12=100007b8 x12:100007b4  PA:100007b4
20509343ns          344464 1c008196 2078788b p.lw             x17, x7(x16!)       x17=ffffffe4 x16=100002b8  x7:00000020 x16:10000298  PA:10000298
20509383ns          344466 1c00819a 43130733 p.mac            x14, x6, x17        x14=00000e38 x14:00000770  x6:ffffffc2 x17:ffffffe4
20509403ns          344467 1c008192 0046230b p.lw             x6, 4(x12!)          x6=ffffffc0 x12=100007bc x12:100007b8  PA:100007b8
20509423ns          344468 1c008196 2078788b p.lw             x17, x7(x16!)       x17=ffffffdc x16=100002d8  x7:00000020 x16:100002b8  PA:100002b8
20509462ns          344470 1c00819a 43130733 p.mac            x14, x6, x17        x14=00001738 x14:00000e38  x6:ffffffc0 x17:ffffffdc
20509482ns          344471 1c008192 0046230b p.lw             x6, 4(x12!)          x6=ffffffbe x12=100007c0 x12:100007bc  PA:100007bc
20509502ns          344472 1c008196 2078788b p.lw             x17, x7(x16!)       x17=ffffffd4 x16=100002f8  x7:00000020 x16:100002d8  PA:100002d8
20509542ns          344474 1c00819a 43130733 p.mac            x14, x6, x17        x14=00002290 x14:00001738  x6:ffffffbe x17:ffffffd4
20509562ns          344475 1c008192 0046230b p.lw             x6, 4(x12!)          x6=ffffffbc x12=100007c4 x12:100007c0  PA:100007c0
20509582ns          344476 1c008196 2078788b p.lw             x17, x7(x16!)       x17=ffffffcc x16=10000318  x7:00000020 x16:100002f8  PA:100002f8
20509622ns          344478 1c00819a 43130733 p.mac            x14, x6, x17        x14=00003060 x14:00002290  x6:ffffffbc x17:ffffffcc
20509641ns          344479 1c00819e 00ef222b p.sw             x14, 4(x30!)        x30=100008bc x14:00003060 x30:100008b8  PA:100008b8
20509661ns          344480 1c0081a2 004e8e93 addi             x29, x29, 4         x29=1000021c x29:10000218
20509701ns          344482 1c00817e 40af87b3 sub              x15, x31, x10       x15=00000020 x31:100007c4 x10:100007a4
20509721ns          344483 1c008182 ffc78793 addi             x15, x15, -4        x15=0000001c x15:00000020
20509741ns          344484 1c008184 0027d793 srli             x15, x15, 0x2       x15=00000007 x15:0000001c
20509761ns          344485 1c008186 01d00833 add              x16, x0, x29        x16=1000021c x29:1000021c
20509781ns          344486 1c008188 00a00633 add              x12, x0, x10        x12=100007a4 x10:100007a4
20509801ns          344487 1c00818a 00000713 addi             x14, x0, 0          x14=00000000
20509821ns          344488 1c00818c 00178793 addi             x15, x15, 1         x15=00000008 x15:00000007
20509840ns          344489 1c00818e 0067c0fb lp.setup         0x1, x15, 0x6       x15:00000008
20509860ns          344490 1c008192 0046230b p.lw             x6, 4(x12!)          x6=ffffffca x12=100007a8 x12:100007a4  PA:100007a4
20509880ns          344491 1c008196 2078788b p.lw             x17, x7(x16!)       x17=00000003 x16=1000023c  x7:00000020 x16:1000021c  PA:1000021c
20509920ns          344493 1c00819a 43130733 p.mac            x14, x6, x17        x14=ffffff5e x14:00000000  x6:ffffffca x17:00000003
20509940ns          344494 1c008192 0046230b p.lw             x6, 4(x12!)          x6=ffffffc8 x12=100007ac x12:100007a8  PA:100007a8
20509960ns          344495 1c008196 2078788b p.lw             x17, x7(x16!)       x17=fffffffb x16=1000025c  x7:00000020 x16:1000023c  PA:1000023c
20510000ns          344497 1c00819a 43130733 p.mac            x14, x6, x17        x14=00000076 x14:ffffff5e  x6:ffffffc8 x17:fffffffb
20510019ns          344498 1c008192 0046230b p.lw             x6, 4(x12!)          x6=ffffffc6 x12=100007b0 x12:100007ac  PA:100007ac
20510039ns          344499 1c008196 2078788b p.lw             x17, x7(x16!)       x17=fffffff3 x16=1000027c  x7:00000020 x16:1000025c  PA:1000025c
20510079ns          344501 1c00819a 43130733 p.mac            x14, x6, x17        x14=00000368 x14:00000076  x6:ffffffc6 x17:fffffff3
20510099ns          344502 1c008192 0046230b p.lw             x6, 4(x12!)          x6=ffffffc4 x12=100007b4 x12:100007b0  PA:100007b0
20510119ns          344503 1c008196 2078788b p.lw             x17, x7(x16!)       x17=ffffffeb x16=1000029c  x7:00000020 x16:1000027c  PA:1000027c
20510159ns          344505 1c00819a 43130733 p.mac            x14, x6, x17        x14=00000854 x14:00000368  x6:ffffffc4 x17:ffffffeb
20510179ns          344506 1c008192 0046230b p.lw             x6, 4(x12!)          x6=ffffffc2 x12=100007b8 x12:100007b4  PA:100007b4
20510198ns          344507 1c008196 2078788b p.lw             x17, x7(x16!)       x17=ffffffe3 x16=100002bc  x7:00000020 x16:1000029c  PA:1000029c
20510238ns          344509 1c00819a 43130733 p.mac            x14, x6, x17        x14=00000f5a x14:00000854  x6:ffffffc2 x17:ffffffe3
20510258ns          344510 1c008192 0046230b p.lw             x6, 4(x12!)          x6=ffffffc0 x12=100007bc x12:100007b8  PA:100007b8
20510278ns          344511 1c008196 2078788b p.lw             x17, x7(x16!)       x17=ffffffdb x16=100002dc  x7:00000020 x16:100002bc  PA:100002bc
20510318ns          344513 1c00819a 43130733 p.mac            x14, x6, x17        x14=0000189a x14:00000f5a  x6:ffffffc0 x17:ffffffdb
20510338ns          344514 1c008192 0046230b p.lw             x6, 4(x12!)          x6=ffffffbe x12=100007c0 x12:100007bc  PA:100007bc
20510358ns          344515 1c008196 2078788b p.lw             x17, x7(x16!)       x17=ffffffd3 x16=100002fc  x7:00000020 x16:100002dc  PA:100002dc
20510397ns          344517 1c00819a 43130733 p.mac            x14, x6, x17        x14=00002434 x14:0000189a  x6:ffffffbe x17:ffffffd3
20510417ns          344518 1c008192 0046230b p.lw             x6, 4(x12!)          x6=ffffffbc x12=100007c4 x12:100007c0  PA:100007c0
20510437ns          344519 1c008196 2078788b p.lw             x17, x7(x16!)       x17=ffffffcb x16=1000031c  x7:00000020 x16:100002fc  PA:100002fc
20510477ns          344521 1c00819a 43130733 p.mac            x14, x6, x17        x14=00003248 x14:00002434  x6:ffffffbc x17:ffffffcb
20510497ns          344522 1c00819e 00ef222b p.sw             x14, 4(x30!)        x30=100008c0 x14:00003248 x30:100008bc  PA:100008bc
20510517ns          344523 1c0081a2 004e8e93 addi             x29, x29, 4         x29=10000220 x29:1000021c
20510556ns          344525 1c00817e 40af87b3 sub              x15, x31, x10       x15=00000020 x31:100007c4 x10:100007a4
20510576ns          344526 1c008182 ffc78793 addi             x15, x15, -4        x15=0000001c x15:00000020
20510596ns          344527 1c008184 0027d793 srli             x15, x15, 0x2       x15=00000007 x15:0000001c
20510616ns          344528 1c008186 01d00833 add              x16, x0, x29        x16=10000220 x29:10000220
20510636ns          344529 1c008188 00a00633 add              x12, x0, x10        x12=100007a4 x10:100007a4
20510656ns          344530 1c00818a 00000713 addi             x14, x0, 0          x14=00000000
20510676ns          344531 1c00818c 00178793 addi             x15, x15, 1         x15=00000008 x15:00000007
20510696ns          344532 1c00818e 0067c0fb lp.setup         0x1, x15, 0x6       x15:00000008
20510716ns          344533 1c008192 0046230b p.lw             x6, 4(x12!)          x6=ffffffca x12=100007a8 x12:100007a4  PA:100007a4
20510735ns          344534 1c008196 2078788b p.lw             x17, x7(x16!)       x17=00000002 x16=10000240  x7:00000020 x16:10000220  PA:10000220
20510775ns          344536 1c00819a 43130733 p.mac            x14, x6, x17        x14=ffffff94 x14:00000000  x6:ffffffca x17:00000002
20510795ns          344537 1c008192 0046230b p.lw             x6, 4(x12!)          x6=ffffffc8 x12=100007ac x12:100007a8  PA:100007a8
20510815ns          344538 1c008196 2078788b p.lw             x17, x7(x16!)       x17=fffffffa x16=10000260  x7:00000020 x16:10000240  PA:10000240
20510855ns          344540 1c00819a 43130733 p.mac            x14, x6, x17        x14=000000e4 x14:ffffff94  x6:ffffffc8 x17:fffffffa
20510875ns          344541 1c008192 0046230b p.lw             x6, 4(x12!)          x6=ffffffc6 x12=100007b0 x12:100007ac  PA:100007ac
20510895ns          344542 1c008196 2078788b p.lw             x17, x7(x16!)       x17=fffffff2 x16=10000280  x7:00000020 x16:10000260  PA:10000260
20510934ns          344544 1c00819a 43130733 p.mac            x14, x6, x17        x14=00000410 x14:000000e4  x6:ffffffc6 x17:fffffff2
20510954ns          344545 1c008192 0046230b p.lw             x6, 4(x12!)          x6=ffffffc4 x12=100007b4 x12:100007b0  PA:100007b0
20510974ns          344546 1c008196 2078788b p.lw             x17, x7(x16!)       x17=ffffffea x16=100002a0  x7:00000020 x16:10000280  PA:10000280
20511014ns          344548 1c00819a 43130733 p.mac            x14, x6, x17        x14=00000938 x14:00000410  x6:ffffffc4 x17:ffffffea
20511034ns          344549 1c008192 0046230b p.lw             x6, 4(x12!)          x6=ffffffc2 x12=100007b8 x12:100007b4  PA:100007b4
20511054ns          344550 1c008196 2078788b p.lw             x17, x7(x16!)       x17=ffffffe2 x16=100002c0  x7:00000020 x16:100002a0  PA:100002a0
20511094ns          344552 1c00819a 43130733 p.mac            x14, x6, x17        x14=0000107c x14:00000938  x6:ffffffc2 x17:ffffffe2
20511113ns          344553 1c008192 0046230b p.lw             x6, 4(x12!)          x6=ffffffc0 x12=100007bc x12:100007b8  PA:100007b8
20511133ns          344554 1c008196 2078788b p.lw             x17, x7(x16!)       x17=ffffffda x16=100002e0  x7:00000020 x16:100002c0  PA:100002c0
20511173ns          344556 1c00819a 43130733 p.mac            x14, x6, x17        x14=000019fc x14:0000107c  x6:ffffffc0 x17:ffffffda
20511193ns          344557 1c008192 0046230b p.lw             x6, 4(x12!)          x6=ffffffbe x12=100007c0 x12:100007bc  PA:100007bc
20511213ns          344558 1c008196 2078788b p.lw             x17, x7(x16!)       x17=ffffffd2 x16=10000300  x7:00000020 x16:100002e0  PA:100002e0
20511253ns          344560 1c00819a 43130733 p.mac            x14, x6, x17        x14=000025d8 x14:000019fc  x6:ffffffbe x17:ffffffd2
20511273ns          344561 1c008192 0046230b p.lw             x6, 4(x12!)          x6=ffffffbc x12=100007c4 x12:100007c0  PA:100007c0
20511292ns          344562 1c008196 2078788b p.lw             x17, x7(x16!)       x17=ffffffca x16=10000320  x7:00000020 x16:10000300  PA:10000300
20511332ns          344564 1c00819a 43130733 p.mac            x14, x6, x17        x14=00003430 x14:000025d8  x6:ffffffbc x17:ffffffca
20511352ns          344565 1c00819e 00ef222b p.sw             x14, 4(x30!)        x30=100008c4 x14:00003430 x30:100008c0  PA:100008c0
20511372ns          344566 1c0081a2 004e8e93 addi             x29, x29, 4         x29=10000224 x29:10000220
20511392ns          344567 1c0081a4 00128293 addi             x5, x5, 1            x5=00000006  x5:00000005
20511412ns          344568 1c0081a6 00750533 add              x10, x10, x7        x10=100007c4 x10:100007a4  x7:00000020
20511432ns          344569 1c0081a8 007f8fb3 add              x31, x31, x7        x31=100007e4 x31:100007c4  x7:00000020
20511452ns          344570 1c0081aa fa569fe3 bne              x13, x5, -66        x13:00000008  x5:00000006
20511511ns          344573 1c008168 40b48e33 sub              x28, x9, x11        x28=00000020  x9:10000224 x11:10000204
20511531ns          344574 1c00816c ffce0e13 addi             x28, x28, -4        x28=0000001c x28:00000020
20511551ns          344575 1c00816e 002e5e13 srli             x28, x28, 0x2       x28=00000007 x28:0000001c
20511571ns          344576 1c008172 008f8f33 add              x30, x31, x8        x30=100008c4 x31:100007e4  x8:000000e0
20511591ns          344577 1c008176 00b00eb3 add              x29, x0, x11        x29=10000204 x11:10000204
20511611ns          344578 1c008178 001e0e13 addi             x28, x28, 1         x28=00000008 x28:00000007
20511631ns          344579 1c00817a 014e407b lp.setup         0x0, x28, 0x14      x28:00000008
20511650ns          344580 1c00817e 40af87b3 sub              x15, x31, x10       x15=00000020 x31:100007e4 x10:100007c4
20511670ns          344581 1c008182 ffc78793 addi             x15, x15, -4        x15=0000001c x15:00000020
20511690ns          344582 1c008184 0027d793 srli             x15, x15, 0x2       x15=00000007 x15:0000001c
20511710ns          344583 1c008186 01d00833 add              x16, x0, x29        x16=10000204 x29:10000204
20511730ns          344584 1c008188 00a00633 add              x12, x0, x10        x12=100007c4 x10:100007c4
20511750ns          344585 1c00818a 00000713 addi             x14, x0, 0          x14=00000000
20511770ns          344586 1c00818c 00178793 addi             x15, x15, 1         x15=00000008 x15:00000007
20511790ns          344587 1c00818e 0067c0fb lp.setup         0x1, x15, 0x6       x15:00000008
20511810ns          344588 1c008192 0046230b p.lw             x6, 4(x12!)          x6=ffffffba x12=100007c8 x12:100007c4  PA:100007c4
20511829ns          344589 1c008196 2078788b p.lw             x17, x7(x16!)       x17=00000009 x16=10000224  x7:00000020 x16:10000204  PA:10000204
20511869ns          344591 1c00819a 43130733 p.mac            x14, x6, x17        x14=fffffd8a x14:00000000  x6:ffffffba x17:00000009
20511889ns          344592 1c008192 0046230b p.lw             x6, 4(x12!)          x6=ffffffb8 x12=100007cc x12:100007c8  PA:100007c8
20511909ns          344593 1c008196 2078788b p.lw             x17, x7(x16!)       x17=00000001 x16=10000244  x7:00000020 x16:10000224  PA:10000224
20511949ns          344595 1c00819a 43130733 p.mac            x14, x6, x17        x14=fffffd42 x14:fffffd8a  x6:ffffffb8 x17:00000001
20511969ns          344596 1c008192 0046230b p.lw             x6, 4(x12!)          x6=ffffffb6 x12=100007d0 x12:100007cc  PA:100007cc
20511989ns          344597 1c008196 2078788b p.lw             x17, x7(x16!)       x17=fffffff9 x16=10000264  x7:00000020 x16:10000244  PA:10000244
20512028ns          344599 1c00819a 43130733 p.mac            x14, x6, x17        x14=ffffff48 x14:fffffd42  x6:ffffffb6 x17:fffffff9
20512048ns          344600 1c008192 0046230b p.lw             x6, 4(x12!)          x6=ffffffb4 x12=100007d4 x12:100007d0  PA:100007d0
20512068ns          344601 1c008196 2078788b p.lw             x17, x7(x16!)       x17=fffffff1 x16=10000284  x7:00000020 x16:10000264  PA:10000264
20512108ns          344603 1c00819a 43130733 p.mac            x14, x6, x17        x14=000003bc x14:ffffff48  x6:ffffffb4 x17:fffffff1
20512128ns          344604 1c008192 0046230b p.lw             x6, 4(x12!)          x6=ffffffb2 x12=100007d8 x12:100007d4  PA:100007d4
20512148ns          344605 1c008196 2078788b p.lw             x17, x7(x16!)       x17=ffffffe9 x16=100002a4  x7:00000020 x16:10000284  PA:10000284
20512188ns          344607 1c00819a 43130733 p.mac            x14, x6, x17        x14=00000abe x14:000003bc  x6:ffffffb2 x17:ffffffe9
20512207ns          344608 1c008192 0046230b p.lw             x6, 4(x12!)          x6=ffffffb0 x12=100007dc x12:100007d8  PA:100007d8
20512227ns          344609 1c008196 2078788b p.lw             x17, x7(x16!)       x17=ffffffe1 x16=100002c4  x7:00000020 x16:100002a4  PA:100002a4
20512267ns          344611 1c00819a 43130733 p.mac            x14, x6, x17        x14=0000146e x14:00000abe  x6:ffffffb0 x17:ffffffe1
20512287ns          344612 1c008192 0046230b p.lw             x6, 4(x12!)          x6=ffffffae x12=100007e0 x12:100007dc  PA:100007dc
20512307ns          344613 1c008196 2078788b p.lw             x17, x7(x16!)       x17=ffffffd9 x16=100002e4  x7:00000020 x16:100002c4  PA:100002c4
20512347ns          344615 1c00819a 43130733 p.mac            x14, x6, x17        x14=000020ec x14:0000146e  x6:ffffffae x17:ffffffd9
20512367ns          344616 1c008192 0046230b p.lw             x6, 4(x12!)          x6=ffffffac x12=100007e4 x12:100007e0  PA:100007e0
20512386ns          344617 1c008196 2078788b p.lw             x17, x7(x16!)       x17=ffffffd1 x16=10000304  x7:00000020 x16:100002e4  PA:100002e4
20512426ns          344619 1c00819a 43130733 p.mac            x14, x6, x17        x14=00003058 x14:000020ec  x6:ffffffac x17:ffffffd1
20512446ns          344620 1c00819e 00ef222b p.sw             x14, 4(x30!)        x30=100008c8 x14:00003058 x30:100008c4  PA:100008c4
20512466ns          344621 1c0081a2 004e8e93 addi             x29, x29, 4         x29=10000208 x29:10000204
20512506ns          344623 1c00817e 40af87b3 sub              x15, x31, x10       x15=00000020 x31:100007e4 x10:100007c4
20512526ns          344624 1c008182 ffc78793 addi             x15, x15, -4        x15=0000001c x15:00000020
20512546ns          344625 1c008184 0027d793 srli             x15, x15, 0x2       x15=00000007 x15:0000001c
20512565ns          344626 1c008186 01d00833 add              x16, x0, x29        x16=10000208 x29:10000208
20512585ns          344627 1c008188 00a00633 add              x12, x0, x10        x12=100007c4 x10:100007c4
20512605ns          344628 1c00818a 00000713 addi             x14, x0, 0          x14=00000000
20512625ns          344629 1c00818c 00178793 addi             x15, x15, 1         x15=00000008 x15:00000007
20512645ns          344630 1c00818e 0067c0fb lp.setup         0x1, x15, 0x6       x15:00000008
20512665ns          344631 1c008192 0046230b p.lw             x6, 4(x12!)          x6=ffffffba x12=100007c8 x12:100007c4  PA:100007c4
20512685ns          344632 1c008196 2078788b p.lw             x17, x7(x16!)       x17=00000008 x16=10000228  x7:00000020 x16:10000208  PA:10000208
20512725ns          344634 1c00819a 43130733 p.mac            x14, x6, x17        x14=fffffdd0 x14:00000000  x6:ffffffba x17:00000008
20512744ns          344635 1c008192 0046230b p.lw             x6, 4(x12!)          x6=ffffffb8 x12=100007cc x12:100007c8  PA:100007c8
20512764ns          344636 1c008196 2078788b p.lw             x17, x7(x16!)       x17=00000000 x16=10000248  x7:00000020 x16:10000228  PA:10000228
20512804ns          344638 1c00819a 43130733 p.mac            x14, x6, x17        x14=fffffdd0 x14:fffffdd0  x6:ffffffb8 x17:00000000
20512824ns          344639 1c008192 0046230b p.lw             x6, 4(x12!)          x6=ffffffb6 x12=100007d0 x12:100007cc  PA:100007cc
20512844ns          344640 1c008196 2078788b p.lw             x17, x7(x16!)       x17=fffffff8 x16=10000268  x7:00000020 x16:10000248  PA:10000248
20512904ns          344643 1c00819a 43130733 p.mac            x14, x6, x17        x14=00000020 x14:fffffdd0  x6:ffffffb6 x17:fffffff8
20512923ns          344644 1c008192 0046230b p.lw             x6, 4(x12!)          x6=ffffffb4 x12=100007d4 x12:100007d0  PA:100007d0
20512943ns          344645 1c008196 2078788b p.lw             x17, x7(x16!)       x17=fffffff0 x16=10000288  x7:00000020 x16:10000268  PA:10000268
20512983ns          344647 1c00819a 43130733 p.mac            x14, x6, x17        x14=000004e0 x14:00000020  x6:ffffffb4 x17:fffffff0
20513003ns          344648 1c008192 0046230b p.lw             x6, 4(x12!)          x6=ffffffb2 x12=100007d8 x12:100007d4  PA:100007d4
20513023ns          344649 1c008196 2078788b p.lw             x17, x7(x16!)       x17=ffffffe8 x16=100002a8  x7:00000020 x16:10000288  PA:10000288
20513063ns          344651 1c00819a 43130733 p.mac            x14, x6, x17        x14=00000c30 x14:000004e0  x6:ffffffb2 x17:ffffffe8
20513083ns          344652 1c008192 0046230b p.lw             x6, 4(x12!)          x6=ffffffb0 x12=100007dc x12:100007d8  PA:100007d8
20513102ns          344653 1c008196 2078788b p.lw             x17, x7(x16!)       x17=ffffffe0 x16=100002c8  x7:00000020 x16:100002a8  PA:100002a8
20513142ns          344655 1c00819a 43130733 p.mac            x14, x6, x17        x14=00001630 x14:00000c30  x6:ffffffb0 x17:ffffffe0
20513162ns          344656 1c008192 0046230b p.lw             x6, 4(x12!)          x6=ffffffae x12=100007e0 x12:100007dc  PA:100007dc
20513182ns          344657 1c008196 2078788b p.lw             x17, x7(x16!)       x17=ffffffd8 x16=100002e8  x7:00000020 x16:100002c8  PA:100002c8
20513222ns          344659 1c00819a 43130733 p.mac            x14, x6, x17        x14=00002300 x14:00001630  x6:ffffffae x17:ffffffd8
20513242ns          344660 1c008192 0046230b p.lw             x6, 4(x12!)          x6=ffffffac x12=100007e4 x12:100007e0  PA:100007e0
20513262ns          344661 1c008196 2078788b p.lw             x17, x7(x16!)       x17=ffffffd0 x16=10000308  x7:00000020 x16:100002e8  PA:100002e8
20513301ns          344663 1c00819a 43130733 p.mac            x14, x6, x17        x14=000032c0 x14:00002300  x6:ffffffac x17:ffffffd0
20513321ns          344664 1c00819e 00ef222b p.sw             x14, 4(x30!)        x30=100008cc x14:000032c0 x30:100008c8  PA:100008c8
20513341ns          344665 1c0081a2 004e8e93 addi             x29, x29, 4         x29=1000020c x29:10000208
20513381ns          344667 1c00817e 40af87b3 sub              x15, x31, x10       x15=00000020 x31:100007e4 x10:100007c4
20513401ns          344668 1c008182 ffc78793 addi             x15, x15, -4        x15=0000001c x15:00000020
20513421ns          344669 1c008184 0027d793 srli             x15, x15, 0x2       x15=00000007 x15:0000001c
20513441ns          344670 1c008186 01d00833 add              x16, x0, x29        x16=1000020c x29:1000020c
20513461ns          344671 1c008188 00a00633 add              x12, x0, x10        x12=100007c4 x10:100007c4
20513480ns          344672 1c00818a 00000713 addi             x14, x0, 0          x14=00000000
20513500ns          344673 1c00818c 00178793 addi             x15, x15, 1         x15=00000008 x15:00000007
20513520ns          344674 1c00818e 0067c0fb lp.setup         0x1, x15, 0x6       x15:00000008
20513540ns          344675 1c008192 0046230b p.lw             x6, 4(x12!)          x6=ffffffba x12=100007c8 x12:100007c4  PA:100007c4
20513560ns          344676 1c008196 2078788b p.lw             x17, x7(x16!)       x17=00000007 x16=1000022c  x7:00000020 x16:1000020c  PA:1000020c
20513600ns          344678 1c00819a 43130733 p.mac            x14, x6, x17        x14=fffffe16 x14:00000000  x6:ffffffba x17:00000007
20513620ns          344679 1c008192 0046230b p.lw             x6, 4(x12!)          x6=ffffffb8 x12=100007cc x12:100007c8  PA:100007c8
20513640ns          344680 1c008196 2078788b p.lw             x17, x7(x16!)       x17=ffffffff x16=1000024c  x7:00000020 x16:1000022c  PA:1000022c
20513679ns          344682 1c00819a 43130733 p.mac            x14, x6, x17        x14=fffffe5e x14:fffffe16  x6:ffffffb8 x17:ffffffff
20513699ns          344683 1c008192 0046230b p.lw             x6, 4(x12!)          x6=ffffffb6 x12=100007d0 x12:100007cc  PA:100007cc
20513719ns          344684 1c008196 2078788b p.lw             x17, x7(x16!)       x17=fffffff7 x16=1000026c  x7:00000020 x16:1000024c  PA:1000024c
20513759ns          344686 1c00819a 43130733 p.mac            x14, x6, x17        x14=000000f8 x14:fffffe5e  x6:ffffffb6 x17:fffffff7
20513779ns          344687 1c008192 0046230b p.lw             x6, 4(x12!)          x6=ffffffb4 x12=100007d4 x12:100007d0  PA:100007d0
20513799ns          344688 1c008196 2078788b p.lw             x17, x7(x16!)       x17=ffffffef x16=1000028c  x7:00000020 x16:1000026c  PA:1000026c
20513838ns          344690 1c00819a 43130733 p.mac            x14, x6, x17        x14=00000604 x14:000000f8  x6:ffffffb4 x17:ffffffef
20513858ns          344691 1c008192 0046230b p.lw             x6, 4(x12!)          x6=ffffffb2 x12=100007d8 x12:100007d4  PA:100007d4
20513878ns          344692 1c008196 2078788b p.lw             x17, x7(x16!)       x17=ffffffe7 x16=100002ac  x7:00000020 x16:1000028c  PA:1000028c
20513918ns          344694 1c00819a 43130733 p.mac            x14, x6, x17        x14=00000da2 x14:00000604  x6:ffffffb2 x17:ffffffe7
20513938ns          344695 1c008192 0046230b p.lw             x6, 4(x12!)          x6=ffffffb0 x12=100007dc x12:100007d8  PA:100007d8
20513958ns          344696 1c008196 2078788b p.lw             x17, x7(x16!)       x17=ffffffdf x16=100002cc  x7:00000020 x16:100002ac  PA:100002ac
20513998ns          344698 1c00819a 43130733 p.mac            x14, x6, x17        x14=000017f2 x14:00000da2  x6:ffffffb0 x17:ffffffdf
20514017ns          344699 1c008192 0046230b p.lw             x6, 4(x12!)          x6=ffffffae x12=100007e0 x12:100007dc  PA:100007dc
20514037ns          344700 1c008196 2078788b p.lw             x17, x7(x16!)       x17=ffffffd7 x16=100002ec  x7:00000020 x16:100002cc  PA:100002cc
20514077ns          344702 1c00819a 43130733 p.mac            x14, x6, x17        x14=00002514 x14:000017f2  x6:ffffffae x17:ffffffd7
20514097ns          344703 1c008192 0046230b p.lw             x6, 4(x12!)          x6=ffffffac x12=100007e4 x12:100007e0  PA:100007e0
20514117ns          344704 1c008196 2078788b p.lw             x17, x7(x16!)       x17=ffffffcf x16=1000030c  x7:00000020 x16:100002ec  PA:100002ec
20514157ns          344706 1c00819a 43130733 p.mac            x14, x6, x17        x14=00003528 x14:00002514  x6:ffffffac x17:ffffffcf
20514177ns          344707 1c00819e 00ef222b p.sw             x14, 4(x30!)        x30=100008d0 x14:00003528 x30:100008cc  PA:100008cc
20514196ns          344708 1c0081a2 004e8e93 addi             x29, x29, 4         x29=10000210 x29:1000020c
20514236ns          344710 1c00817e 40af87b3 sub              x15, x31, x10       x15=00000020 x31:100007e4 x10:100007c4
20514256ns          344711 1c008182 ffc78793 addi             x15, x15, -4        x15=0000001c x15:00000020
20514276ns          344712 1c008184 0027d793 srli             x15, x15, 0x2       x15=00000007 x15:0000001c
20514296ns          344713 1c008186 01d00833 add              x16, x0, x29        x16=10000210 x29:10000210
20514316ns          344714 1c008188 00a00633 add              x12, x0, x10        x12=100007c4 x10:100007c4
20514336ns          344715 1c00818a 00000713 addi             x14, x0, 0          x14=00000000
20514356ns          344716 1c00818c 00178793 addi             x15, x15, 1         x15=00000008 x15:00000007
20514375ns          344717 1c00818e 0067c0fb lp.setup         0x1, x15, 0x6       x15:00000008
20514395ns          344718 1c008192 0046230b p.lw             x6, 4(x12!)          x6=ffffffba x12=100007c8 x12:100007c4  PA:100007c4
20514415ns          344719 1c008196 2078788b p.lw             x17, x7(x16!)       x17=00000006 x16=10000230  x7:00000020 x16:10000210  PA:10000210
20514455ns          344721 1c00819a 43130733 p.mac            x14, x6, x17        x14=fffffe5c x14:00000000  x6:ffffffba x17:00000006
20514475ns          344722 1c008192 0046230b p.lw             x6, 4(x12!)          x6=ffffffb8 x12=100007cc x12:100007c8  PA:100007c8
20514495ns          344723 1c008196 2078788b p.lw             x17, x7(x16!)       x17=fffffffe x16=10000250  x7:00000020 x16:10000230  PA:10000230
20514535ns          344725 1c00819a 43130733 p.mac            x14, x6, x17        x14=fffffeec x14:fffffe5c  x6:ffffffb8 x17:fffffffe
20514554ns          344726 1c008192 0046230b p.lw             x6, 4(x12!)          x6=ffffffb6 x12=100007d0 x12:100007cc  PA:100007cc
20514574ns          344727 1c008196 2078788b p.lw             x17, x7(x16!)       x17=fffffff6 x16=10000270  x7:00000020 x16:10000250  PA:10000250
20514614ns          344729 1c00819a 43130733 p.mac            x14, x6, x17        x14=000001d0 x14:fffffeec  x6:ffffffb6 x17:fffffff6
20514634ns          344730 1c008192 0046230b p.lw             x6, 4(x12!)          x6=ffffffb4 x12=100007d4 x12:100007d0  PA:100007d0
20514654ns          344731 1c008196 2078788b p.lw             x17, x7(x16!)       x17=ffffffee x16=10000290  x7:00000020 x16:10000270  PA:10000270
20514694ns          344733 1c00819a 43130733 p.mac            x14, x6, x17        x14=00000728 x14:000001d0  x6:ffffffb4 x17:ffffffee
20514714ns          344734 1c008192 0046230b p.lw             x6, 4(x12!)          x6=ffffffb2 x12=100007d8 x12:100007d4  PA:100007d4
20514734ns          344735 1c008196 2078788b p.lw             x17, x7(x16!)       x17=ffffffe6 x16=100002b0  x7:00000020 x16:10000290  PA:10000290
20514773ns          344737 1c00819a 43130733 p.mac            x14, x6, x17        x14=00000f14 x14:00000728  x6:ffffffb2 x17:ffffffe6
20514793ns          344738 1c008192 0046230b p.lw             x6, 4(x12!)          x6=ffffffb0 x12=100007dc x12:100007d8  PA:100007d8
20514813ns          344739 1c008196 2078788b p.lw             x17, x7(x16!)       x17=ffffffde x16=100002d0  x7:00000020 x16:100002b0  PA:100002b0
20514853ns          344741 1c00819a 43130733 p.mac            x14, x6, x17        x14=000019b4 x14:00000f14  x6:ffffffb0 x17:ffffffde
20514873ns          344742 1c008192 0046230b p.lw             x6, 4(x12!)          x6=ffffffae x12=100007e0 x12:100007dc  PA:100007dc
20514893ns          344743 1c008196 2078788b p.lw             x17, x7(x16!)       x17=ffffffd6 x16=100002f0  x7:00000020 x16:100002d0  PA:100002d0
20514932ns          344745 1c00819a 43130733 p.mac            x14, x6, x17        x14=00002728 x14:000019b4  x6:ffffffae x17:ffffffd6
20514952ns          344746 1c008192 0046230b p.lw             x6, 4(x12!)          x6=ffffffac x12=100007e4 x12:100007e0  PA:100007e0
20514972ns          344747 1c008196 2078788b p.lw             x17, x7(x16!)       x17=ffffffce x16=10000310  x7:00000020 x16:100002f0  PA:100002f0
20515012ns          344749 1c00819a 43130733 p.mac            x14, x6, x17        x14=00003790 x14:00002728  x6:ffffffac x17:ffffffce
20515032ns          344750 1c00819e 00ef222b p.sw             x14, 4(x30!)        x30=100008d4 x14:00003790 x30:100008d0  PA:100008d0
20515052ns          344751 1c0081a2 004e8e93 addi             x29, x29, 4         x29=10000214 x29:10000210
20515092ns          344753 1c00817e 40af87b3 sub              x15, x31, x10       x15=00000020 x31:100007e4 x10:100007c4
20515111ns          344754 1c008182 ffc78793 addi             x15, x15, -4        x15=0000001c x15:00000020
20515131ns          344755 1c008184 0027d793 srli             x15, x15, 0x2       x15=00000007 x15:0000001c
20515151ns          344756 1c008186 01d00833 add              x16, x0, x29        x16=10000214 x29:10000214
20515171ns          344757 1c008188 00a00633 add              x12, x0, x10        x12=100007c4 x10:100007c4
20515191ns          344758 1c00818a 00000713 addi             x14, x0, 0          x14=00000000
20515211ns          344759 1c00818c 00178793 addi             x15, x15, 1         x15=00000008 x15:00000007
20515231ns          344760 1c00818e 0067c0fb lp.setup         0x1, x15, 0x6       x15:00000008
20515251ns          344761 1c008192 0046230b p.lw             x6, 4(x12!)          x6=ffffffba x12=100007c8 x12:100007c4  PA:100007c4
20515271ns          344762 1c008196 2078788b p.lw             x17, x7(x16!)       x17=00000005 x16=10000234  x7:00000020 x16:10000214  PA:10000214
20515310ns          344764 1c00819a 43130733 p.mac            x14, x6, x17        x14=fffffea2 x14:00000000  x6:ffffffba x17:00000005
20515330ns          344765 1c008192 0046230b p.lw             x6, 4(x12!)          x6=ffffffb8 x12=100007cc x12:100007c8  PA:100007c8
20515350ns          344766 1c008196 2078788b p.lw             x17, x7(x16!)       x17=fffffffd x16=10000254  x7:00000020 x16:10000234  PA:10000234
20515390ns          344768 1c00819a 43130733 p.mac            x14, x6, x17        x14=ffffff7a x14:fffffea2  x6:ffffffb8 x17:fffffffd
20515410ns          344769 1c008192 0046230b p.lw             x6, 4(x12!)          x6=ffffffb6 x12=100007d0 x12:100007cc  PA:100007cc
20515430ns          344770 1c008196 2078788b p.lw             x17, x7(x16!)       x17=fffffff5 x16=10000274  x7:00000020 x16:10000254  PA:10000254
20515469ns          344772 1c00819a 43130733 p.mac            x14, x6, x17        x14=000002a8 x14:ffffff7a  x6:ffffffb6 x17:fffffff5
20515489ns          344773 1c008192 0046230b p.lw             x6, 4(x12!)          x6=ffffffb4 x12=100007d4 x12:100007d0  PA:100007d0
20515509ns          344774 1c008196 2078788b p.lw             x17, x7(x16!)       x17=ffffffed x16=10000294  x7:00000020 x16:10000274  PA:10000274
20515549ns          344776 1c00819a 43130733 p.mac            x14, x6, x17        x14=0000084c x14:000002a8  x6:ffffffb4 x17:ffffffed
20515569ns          344777 1c008192 0046230b p.lw             x6, 4(x12!)          x6=ffffffb2 x12=100007d8 x12:100007d4  PA:100007d4
20515589ns          344778 1c008196 2078788b p.lw             x17, x7(x16!)       x17=ffffffe5 x16=100002b4  x7:00000020 x16:10000294  PA:10000294
20515629ns          344780 1c00819a 43130733 p.mac            x14, x6, x17        x14=00001086 x14:0000084c  x6:ffffffb2 x17:ffffffe5
20515648ns          344781 1c008192 0046230b p.lw             x6, 4(x12!)          x6=ffffffb0 x12=100007dc x12:100007d8  PA:100007d8
20515668ns          344782 1c008196 2078788b p.lw             x17, x7(x16!)       x17=ffffffdd x16=100002d4  x7:00000020 x16:100002b4  PA:100002b4
20515708ns          344784 1c00819a 43130733 p.mac            x14, x6, x17        x14=00001b76 x14:00001086  x6:ffffffb0 x17:ffffffdd
20515728ns          344785 1c008192 0046230b p.lw             x6, 4(x12!)          x6=ffffffae x12=100007e0 x12:100007dc  PA:100007dc
20515748ns          344786 1c008196 2078788b p.lw             x17, x7(x16!)       x17=ffffffd5 x16=100002f4  x7:00000020 x16:100002d4  PA:100002d4
20515788ns          344788 1c00819a 43130733 p.mac            x14, x6, x17        x14=0000293c x14:00001b76  x6:ffffffae x17:ffffffd5
20515808ns          344789 1c008192 0046230b p.lw             x6, 4(x12!)          x6=ffffffac x12=100007e4 x12:100007e0  PA:100007e0
20515828ns          344790 1c008196 2078788b p.lw             x17, x7(x16!)       x17=ffffffcd x16=10000314  x7:00000020 x16:100002f4  PA:100002f4
20515867ns          344792 1c00819a 43130733 p.mac            x14, x6, x17        x14=000039f8 x14:0000293c  x6:ffffffac x17:ffffffcd
20515887ns          344793 1c00819e 00ef222b p.sw             x14, 4(x30!)        x30=100008d8 x14:000039f8 x30:100008d4  PA:100008d4
20515907ns          344794 1c0081a2 004e8e93 addi             x29, x29, 4         x29=10000218 x29:10000214
20515947ns          344796 1c00817e 40af87b3 sub              x15, x31, x10       x15=00000020 x31:100007e4 x10:100007c4
20515967ns          344797 1c008182 ffc78793 addi             x15, x15, -4        x15=0000001c x15:00000020
20515987ns          344798 1c008184 0027d793 srli             x15, x15, 0x2       x15=00000007 x15:0000001c
20516007ns          344799 1c008186 01d00833 add              x16, x0, x29        x16=10000218 x29:10000218
20516026ns          344800 1c008188 00a00633 add              x12, x0, x10        x12=100007c4 x10:100007c4
20516046ns          344801 1c00818a 00000713 addi             x14, x0, 0          x14=00000000
20516066ns          344802 1c00818c 00178793 addi             x15, x15, 1         x15=00000008 x15:00000007
20516086ns          344803 1c00818e 0067c0fb lp.setup         0x1, x15, 0x6       x15:00000008
20516106ns          344804 1c008192 0046230b p.lw             x6, 4(x12!)          x6=ffffffba x12=100007c8 x12:100007c4  PA:100007c4
20516126ns          344805 1c008196 2078788b p.lw             x17, x7(x16!)       x17=00000004 x16=10000238  x7:00000020 x16:10000218  PA:10000218
20516166ns          344807 1c00819a 43130733 p.mac            x14, x6, x17        x14=fffffee8 x14:00000000  x6:ffffffba x17:00000004
20516186ns          344808 1c008192 0046230b p.lw             x6, 4(x12!)          x6=ffffffb8 x12=100007cc x12:100007c8  PA:100007c8
20516205ns          344809 1c008196 2078788b p.lw             x17, x7(x16!)       x17=fffffffc x16=10000258  x7:00000020 x16:10000238  PA:10000238
20516245ns          344811 1c00819a 43130733 p.mac            x14, x6, x17        x14=00000008 x14:fffffee8  x6:ffffffb8 x17:fffffffc
20516265ns          344812 1c008192 0046230b p.lw             x6, 4(x12!)          x6=ffffffb6 x12=100007d0 x12:100007cc  PA:100007cc
20516285ns          344813 1c008196 2078788b p.lw             x17, x7(x16!)       x17=fffffff4 x16=10000278  x7:00000020 x16:10000258  PA:10000258
20516325ns          344815 1c00819a 43130733 p.mac            x14, x6, x17        x14=00000380 x14:00000008  x6:ffffffb6 x17:fffffff4
20516345ns          344816 1c008192 0046230b p.lw             x6, 4(x12!)          x6=ffffffb4 x12=100007d4 x12:100007d0  PA:100007d0
20516365ns          344817 1c008196 2078788b p.lw             x17, x7(x16!)       x17=ffffffec x16=10000298  x7:00000020 x16:10000278  PA:10000278
20516404ns          344819 1c00819a 43130733 p.mac            x14, x6, x17        x14=00000970 x14:00000380  x6:ffffffb4 x17:ffffffec
20516424ns          344820 1c008192 0046230b p.lw             x6, 4(x12!)          x6=ffffffb2 x12=100007d8 x12:100007d4  PA:100007d4
20516444ns          344821 1c008196 2078788b p.lw             x17, x7(x16!)       x17=ffffffe4 x16=100002b8  x7:00000020 x16:10000298  PA:10000298
20516484ns          344823 1c00819a 43130733 p.mac            x14, x6, x17        x14=000011f8 x14:00000970  x6:ffffffb2 x17:ffffffe4
20516504ns          344824 1c008192 0046230b p.lw             x6, 4(x12!)          x6=ffffffb0 x12=100007dc x12:100007d8  PA:100007d8
20516524ns          344825 1c008196 2078788b p.lw             x17, x7(x16!)       x17=ffffffdc x16=100002d8  x7:00000020 x16:100002b8  PA:100002b8
20516563ns          344827 1c00819a 43130733 p.mac            x14, x6, x17        x14=00001d38 x14:000011f8  x6:ffffffb0 x17:ffffffdc
20516583ns          344828 1c008192 0046230b p.lw             x6, 4(x12!)          x6=ffffffae x12=100007e0 x12:100007dc  PA:100007dc
20516603ns          344829 1c008196 2078788b p.lw             x17, x7(x16!)       x17=ffffffd4 x16=100002f8  x7:00000020 x16:100002d8  PA:100002d8
20516643ns          344831 1c00819a 43130733 p.mac            x14, x6, x17        x14=00002b50 x14:00001d38  x6:ffffffae x17:ffffffd4
20516663ns          344832 1c008192 0046230b p.lw             x6, 4(x12!)          x6=ffffffac x12=100007e4 x12:100007e0  PA:100007e0
20516683ns          344833 1c008196 2078788b p.lw             x17, x7(x16!)       x17=ffffffcc x16=10000318  x7:00000020 x16:100002f8  PA:100002f8
20516723ns          344835 1c00819a 43130733 p.mac            x14, x6, x17        x14=00003c60 x14:00002b50  x6:ffffffac x17:ffffffcc
20516742ns          344836 1c00819e 00ef222b p.sw             x14, 4(x30!)        x30=100008dc x14:00003c60 x30:100008d8  PA:100008d8
20516762ns          344837 1c0081a2 004e8e93 addi             x29, x29, 4         x29=1000021c x29:10000218
20516802ns          344839 1c00817e 40af87b3 sub              x15, x31, x10       x15=00000020 x31:100007e4 x10:100007c4
20516822ns          344840 1c008182 ffc78793 addi             x15, x15, -4        x15=0000001c x15:00000020
20516842ns          344841 1c008184 0027d793 srli             x15, x15, 0x2       x15=00000007 x15:0000001c
20516862ns          344842 1c008186 01d00833 add              x16, x0, x29        x16=1000021c x29:1000021c
20516882ns          344843 1c008188 00a00633 add              x12, x0, x10        x12=100007c4 x10:100007c4
20516902ns          344844 1c00818a 00000713 addi             x14, x0, 0          x14=00000000
20516921ns          344845 1c00818c 00178793 addi             x15, x15, 1         x15=00000008 x15:00000007
20516941ns          344846 1c00818e 0067c0fb lp.setup         0x1, x15, 0x6       x15:00000008
20516961ns          344847 1c008192 0046230b p.lw             x6, 4(x12!)          x6=ffffffba x12=100007c8 x12:100007c4  PA:100007c4
20516981ns          344848 1c008196 2078788b p.lw             x17, x7(x16!)       x17=00000003 x16=1000023c  x7:00000020 x16:1000021c  PA:1000021c
20517021ns          344850 1c00819a 43130733 p.mac            x14, x6, x17        x14=ffffff2e x14:00000000  x6:ffffffba x17:00000003
20517041ns          344851 1c008192 0046230b p.lw             x6, 4(x12!)          x6=ffffffb8 x12=100007cc x12:100007c8  PA:100007c8
20517061ns          344852 1c008196 2078788b p.lw             x17, x7(x16!)       x17=fffffffb x16=1000025c  x7:00000020 x16:1000023c  PA:1000023c
20517101ns          344854 1c00819a 43130733 p.mac            x14, x6, x17        x14=00000096 x14:ffffff2e  x6:ffffffb8 x17:fffffffb
20517120ns          344855 1c008192 0046230b p.lw             x6, 4(x12!)          x6=ffffffb6 x12=100007d0 x12:100007cc  PA:100007cc
20517140ns          344856 1c008196 2078788b p.lw             x17, x7(x16!)       x17=fffffff3 x16=1000027c  x7:00000020 x16:1000025c  PA:1000025c
20517180ns          344858 1c00819a 43130733 p.mac            x14, x6, x17        x14=00000458 x14:00000096  x6:ffffffb6 x17:fffffff3
20517200ns          344859 1c008192 0046230b p.lw             x6, 4(x12!)          x6=ffffffb4 x12=100007d4 x12:100007d0  PA:100007d0
20517220ns          344860 1c008196 2078788b p.lw             x17, x7(x16!)       x17=ffffffeb x16=1000029c  x7:00000020 x16:1000027c  PA:1000027c
20517260ns          344862 1c00819a 43130733 p.mac            x14, x6, x17        x14=00000a94 x14:00000458  x6:ffffffb4 x17:ffffffeb
20517280ns          344863 1c008192 0046230b p.lw             x6, 4(x12!)          x6=ffffffb2 x12=100007d8 x12:100007d4  PA:100007d4
20517299ns          344864 1c008196 2078788b p.lw             x17, x7(x16!)       x17=ffffffe3 x16=100002bc  x7:00000020 x16:1000029c  PA:1000029c
20517339ns          344866 1c00819a 43130733 p.mac            x14, x6, x17        x14=0000136a x14:00000a94  x6:ffffffb2 x17:ffffffe3
20517359ns          344867 1c008192 0046230b p.lw             x6, 4(x12!)          x6=ffffffb0 x12=100007dc x12:100007d8  PA:100007d8
20517379ns          344868 1c008196 2078788b p.lw             x17, x7(x16!)       x17=ffffffdb x16=100002dc  x7:00000020 x16:100002bc  PA:100002bc
20517419ns          344870 1c00819a 43130733 p.mac            x14, x6, x17        x14=00001efa x14:0000136a  x6:ffffffb0 x17:ffffffdb
20517439ns          344871 1c008192 0046230b p.lw             x6, 4(x12!)          x6=ffffffae x12=100007e0 x12:100007dc  PA:100007dc
20517459ns          344872 1c008196 2078788b p.lw             x17, x7(x16!)       x17=ffffffd3 x16=100002fc  x7:00000020 x16:100002dc  PA:100002dc
20517498ns          344874 1c00819a 43130733 p.mac            x14, x6, x17        x14=00002d64 x14:00001efa  x6:ffffffae x17:ffffffd3
20517518ns          344875 1c008192 0046230b p.lw             x6, 4(x12!)          x6=ffffffac x12=100007e4 x12:100007e0  PA:100007e0
20517538ns          344876 1c008196 2078788b p.lw             x17, x7(x16!)       x17=ffffffcb x16=1000031c  x7:00000020 x16:100002fc  PA:100002fc
20517578ns          344878 1c00819a 43130733 p.mac            x14, x6, x17        x14=00003ec8 x14:00002d64  x6:ffffffac x17:ffffffcb
20517598ns          344879 1c00819e 00ef222b p.sw             x14, 4(x30!)        x30=100008e0 x14:00003ec8 x30:100008dc  PA:100008dc
20517618ns          344880 1c0081a2 004e8e93 addi             x29, x29, 4         x29=10000220 x29:1000021c
20517657ns          344882 1c00817e 40af87b3 sub              x15, x31, x10       x15=00000020 x31:100007e4 x10:100007c4
20517677ns          344883 1c008182 ffc78793 addi             x15, x15, -4        x15=0000001c x15:00000020
20517697ns          344884 1c008184 0027d793 srli             x15, x15, 0x2       x15=00000007 x15:0000001c
20517717ns          344885 1c008186 01d00833 add              x16, x0, x29        x16=10000220 x29:10000220
20517737ns          344886 1c008188 00a00633 add              x12, x0, x10        x12=100007c4 x10:100007c4
20517757ns          344887 1c00818a 00000713 addi             x14, x0, 0          x14=00000000
20517777ns          344888 1c00818c 00178793 addi             x15, x15, 1         x15=00000008 x15:00000007
20517797ns          344889 1c00818e 0067c0fb lp.setup         0x1, x15, 0x6       x15:00000008
20517817ns          344890 1c008192 0046230b p.lw             x6, 4(x12!)          x6=ffffffba x12=100007c8 x12:100007c4  PA:100007c4
20517836ns          344891 1c008196 2078788b p.lw             x17, x7(x16!)       x17=00000002 x16=10000240  x7:00000020 x16:10000220  PA:10000220
20517876ns          344893 1c00819a 43130733 p.mac            x14, x6, x17        x14=ffffff74 x14:00000000  x6:ffffffba x17:00000002
20517896ns          344894 1c008192 0046230b p.lw             x6, 4(x12!)          x6=ffffffb8 x12=100007cc x12:100007c8  PA:100007c8
20517916ns          344895 1c008196 2078788b p.lw             x17, x7(x16!)       x17=fffffffa x16=10000260  x7:00000020 x16:10000240  PA:10000240
20517956ns          344897 1c00819a 43130733 p.mac            x14, x6, x17        x14=00000124 x14:ffffff74  x6:ffffffb8 x17:fffffffa
20517976ns          344898 1c008192 0046230b p.lw             x6, 4(x12!)          x6=ffffffb6 x12=100007d0 x12:100007cc  PA:100007cc
20517996ns          344899 1c008196 2078788b p.lw             x17, x7(x16!)       x17=fffffff2 x16=10000280  x7:00000020 x16:10000260  PA:10000260
20518035ns          344901 1c00819a 43130733 p.mac            x14, x6, x17        x14=00000530 x14:00000124  x6:ffffffb6 x17:fffffff2
20518055ns          344902 1c008192 0046230b p.lw             x6, 4(x12!)          x6=ffffffb4 x12=100007d4 x12:100007d0  PA:100007d0
20518075ns          344903 1c008196 2078788b p.lw             x17, x7(x16!)       x17=ffffffea x16=100002a0  x7:00000020 x16:10000280  PA:10000280
20518115ns          344905 1c00819a 43130733 p.mac            x14, x6, x17        x14=00000bb8 x14:00000530  x6:ffffffb4 x17:ffffffea
20518135ns          344906 1c008192 0046230b p.lw             x6, 4(x12!)          x6=ffffffb2 x12=100007d8 x12:100007d4  PA:100007d4
20518155ns          344907 1c008196 2078788b p.lw             x17, x7(x16!)       x17=ffffffe2 x16=100002c0  x7:00000020 x16:100002a0  PA:100002a0
20518195ns          344909 1c00819a 43130733 p.mac            x14, x6, x17        x14=000014dc x14:00000bb8  x6:ffffffb2 x17:ffffffe2
20518214ns          344910 1c008192 0046230b p.lw             x6, 4(x12!)          x6=ffffffb0 x12=100007dc x12:100007d8  PA:100007d8
20518234ns          344911 1c008196 2078788b p.lw             x17, x7(x16!)       x17=ffffffda x16=100002e0  x7:00000020 x16:100002c0  PA:100002c0
20518274ns          344913 1c00819a 43130733 p.mac            x14, x6, x17        x14=000020bc x14:000014dc  x6:ffffffb0 x17:ffffffda
20518294ns          344914 1c008192 0046230b p.lw             x6, 4(x12!)          x6=ffffffae x12=100007e0 x12:100007dc  PA:100007dc
20518314ns          344915 1c008196 2078788b p.lw             x17, x7(x16!)       x17=ffffffd2 x16=10000300  x7:00000020 x16:100002e0  PA:100002e0
20518354ns          344917 1c00819a 43130733 p.mac            x14, x6, x17        x14=00002f78 x14:000020bc  x6:ffffffae x17:ffffffd2
20518374ns          344918 1c008192 0046230b p.lw             x6, 4(x12!)          x6=ffffffac x12=100007e4 x12:100007e0  PA:100007e0
20518393ns          344919 1c008196 2078788b p.lw             x17, x7(x16!)       x17=ffffffca x16=10000320  x7:00000020 x16:10000300  PA:10000300
20518433ns          344921 1c00819a 43130733 p.mac            x14, x6, x17        x14=00004130 x14:00002f78  x6:ffffffac x17:ffffffca
20518453ns          344922 1c00819e 00ef222b p.sw             x14, 4(x30!)        x30=100008e4 x14:00004130 x30:100008e0  PA:100008e0
20518493ns          344924 1c0081a2 004e8e93 addi             x29, x29, 4         x29=10000224 x29:10000220
20518513ns          344925 1c0081a4 00128293 addi             x5, x5, 1            x5=00000007  x5:00000006
20518533ns          344926 1c0081a6 00750533 add              x10, x10, x7        x10=100007e4 x10:100007c4  x7:00000020
20518553ns          344927 1c0081a8 007f8fb3 add              x31, x31, x7        x31=10000804 x31:100007e4  x7:00000020
20518572ns          344928 1c0081aa fa569fe3 bne              x13, x5, -66        x13:00000008  x5:00000007
20518632ns          344931 1c008168 40b48e33 sub              x28, x9, x11        x28=00000020  x9:10000224 x11:10000204
20518652ns          344932 1c00816c ffce0e13 addi             x28, x28, -4        x28=0000001c x28:00000020
20518672ns          344933 1c00816e 002e5e13 srli             x28, x28, 0x2       x28=00000007 x28:0000001c
20518692ns          344934 1c008172 008f8f33 add              x30, x31, x8        x30=100008e4 x31:10000804  x8:000000e0
20518712ns          344935 1c008176 00b00eb3 add              x29, x0, x11        x29=10000204 x11:10000204
20518732ns          344936 1c008178 001e0e13 addi             x28, x28, 1         x28=00000008 x28:00000007
20518751ns          344937 1c00817a 014e407b lp.setup         0x0, x28, 0x14      x28:00000008
20518771ns          344938 1c00817e 40af87b3 sub              x15, x31, x10       x15=00000020 x31:10000804 x10:100007e4
20518791ns          344939 1c008182 ffc78793 addi             x15, x15, -4        x15=0000001c x15:00000020
20518811ns          344940 1c008184 0027d793 srli             x15, x15, 0x2       x15=00000007 x15:0000001c
20518831ns          344941 1c008186 01d00833 add              x16, x0, x29        x16=10000204 x29:10000204
20518851ns          344942 1c008188 00a00633 add              x12, x0, x10        x12=100007e4 x10:100007e4
20518871ns          344943 1c00818a 00000713 addi             x14, x0, 0          x14=00000000
20518891ns          344944 1c00818c 00178793 addi             x15, x15, 1         x15=00000008 x15:00000007
20518911ns          344945 1c00818e 0067c0fb lp.setup         0x1, x15, 0x6       x15:00000008
20518930ns          344946 1c008192 0046230b p.lw             x6, 4(x12!)          x6=ffffffaa x12=100007e8 x12:100007e4  PA:100007e4
20518950ns          344947 1c008196 2078788b p.lw             x17, x7(x16!)       x17=00000009 x16=10000224  x7:00000020 x16:10000204  PA:10000204
20518990ns          344949 1c00819a 43130733 p.mac            x14, x6, x17        x14=fffffcfa x14:00000000  x6:ffffffaa x17:00000009
20519010ns          344950 1c008192 0046230b p.lw             x6, 4(x12!)          x6=ffffffa8 x12=100007ec x12:100007e8  PA:100007e8
20519030ns          344951 1c008196 2078788b p.lw             x17, x7(x16!)       x17=00000001 x16=10000244  x7:00000020 x16:10000224  PA:10000224
20519070ns          344953 1c00819a 43130733 p.mac            x14, x6, x17        x14=fffffca2 x14:fffffcfa  x6:ffffffa8 x17:00000001
20519090ns          344954 1c008192 0046230b p.lw             x6, 4(x12!)          x6=ffffffa6 x12=100007f0 x12:100007ec  PA:100007ec
20519109ns          344955 1c008196 2078788b p.lw             x17, x7(x16!)       x17=fffffff9 x16=10000264  x7:00000020 x16:10000244  PA:10000244
20519149ns          344957 1c00819a 43130733 p.mac            x14, x6, x17        x14=ffffff18 x14:fffffca2  x6:ffffffa6 x17:fffffff9
20519169ns          344958 1c008192 0046230b p.lw             x6, 4(x12!)          x6=ffffffa4 x12=100007f4 x12:100007f0  PA:100007f0
20519189ns          344959 1c008196 2078788b p.lw             x17, x7(x16!)       x17=fffffff1 x16=10000284  x7:00000020 x16:10000264  PA:10000264
20519229ns          344961 1c00819a 43130733 p.mac            x14, x6, x17        x14=0000047c x14:ffffff18  x6:ffffffa4 x17:fffffff1
20519249ns          344962 1c008192 0046230b p.lw             x6, 4(x12!)          x6=ffffffa2 x12=100007f8 x12:100007f4  PA:100007f4
20519269ns          344963 1c008196 2078788b p.lw             x17, x7(x16!)       x17=ffffffe9 x16=100002a4  x7:00000020 x16:10000284  PA:10000284
20519308ns          344965 1c00819a 43130733 p.mac            x14, x6, x17        x14=00000cee x14:0000047c  x6:ffffffa2 x17:ffffffe9
20519328ns          344966 1c008192 0046230b p.lw             x6, 4(x12!)          x6=ffffffa0 x12=100007fc x12:100007f8  PA:100007f8
20519348ns          344967 1c008196 2078788b p.lw             x17, x7(x16!)       x17=ffffffe1 x16=100002c4  x7:00000020 x16:100002a4  PA:100002a4
20519388ns          344969 1c00819a 43130733 p.mac            x14, x6, x17        x14=0000188e x14:00000cee  x6:ffffffa0 x17:ffffffe1
20519408ns          344970 1c008192 0046230b p.lw             x6, 4(x12!)          x6=ffffff9e x12=10000800 x12:100007fc  PA:100007fc
20519428ns          344971 1c008196 2078788b p.lw             x17, x7(x16!)       x17=ffffffd9 x16=100002e4  x7:00000020 x16:100002c4  PA:100002c4
20519468ns          344973 1c00819a 43130733 p.mac            x14, x6, x17        x14=0000277c x14:0000188e  x6:ffffff9e x17:ffffffd9
20519487ns          344974 1c008192 0046230b p.lw             x6, 4(x12!)          x6=ffffff9c x12=10000804 x12:10000800  PA:10000800
20519507ns          344975 1c008196 2078788b p.lw             x17, x7(x16!)       x17=ffffffd1 x16=10000304  x7:00000020 x16:100002e4  PA:100002e4
20519547ns          344977 1c00819a 43130733 p.mac            x14, x6, x17        x14=000039d8 x14:0000277c  x6:ffffff9c x17:ffffffd1
20519567ns          344978 1c00819e 00ef222b p.sw             x14, 4(x30!)        x30=100008e8 x14:000039d8 x30:100008e4  PA:100008e4
20519587ns          344979 1c0081a2 004e8e93 addi             x29, x29, 4         x29=10000208 x29:10000204
20519627ns          344981 1c00817e 40af87b3 sub              x15, x31, x10       x15=00000020 x31:10000804 x10:100007e4
20519647ns          344982 1c008182 ffc78793 addi             x15, x15, -4        x15=0000001c x15:00000020
20519666ns          344983 1c008184 0027d793 srli             x15, x15, 0x2       x15=00000007 x15:0000001c
20519686ns          344984 1c008186 01d00833 add              x16, x0, x29        x16=10000208 x29:10000208
20519706ns          344985 1c008188 00a00633 add              x12, x0, x10        x12=100007e4 x10:100007e4
20519726ns          344986 1c00818a 00000713 addi             x14, x0, 0          x14=00000000
20519746ns          344987 1c00818c 00178793 addi             x15, x15, 1         x15=00000008 x15:00000007
20519766ns          344988 1c00818e 0067c0fb lp.setup         0x1, x15, 0x6       x15:00000008
20519786ns          344989 1c008192 0046230b p.lw             x6, 4(x12!)          x6=ffffffaa x12=100007e8 x12:100007e4  PA:100007e4
20519806ns          344990 1c008196 2078788b p.lw             x17, x7(x16!)       x17=00000008 x16=10000228  x7:00000020 x16:10000208  PA:10000208
20519845ns          344992 1c00819a 43130733 p.mac            x14, x6, x17        x14=fffffd50 x14:00000000  x6:ffffffaa x17:00000008
20519865ns          344993 1c008192 0046230b p.lw             x6, 4(x12!)          x6=ffffffa8 x12=100007ec x12:100007e8  PA:100007e8
20519885ns          344994 1c008196 2078788b p.lw             x17, x7(x16!)       x17=00000000 x16=10000248  x7:00000020 x16:10000228  PA:10000228
20519925ns          344996 1c00819a 43130733 p.mac            x14, x6, x17        x14=fffffd50 x14:fffffd50  x6:ffffffa8 x17:00000000
20519945ns          344997 1c008192 0046230b p.lw             x6, 4(x12!)          x6=ffffffa6 x12=100007f0 x12:100007ec  PA:100007ec
20519965ns          344998 1c008196 2078788b p.lw             x17, x7(x16!)       x17=fffffff8 x16=10000268  x7:00000020 x16:10000248  PA:10000248
20520005ns          345000 1c00819a 43130733 p.mac            x14, x6, x17        x14=00000020 x14:fffffd50  x6:ffffffa6 x17:fffffff8
20520024ns          345001 1c008192 0046230b p.lw             x6, 4(x12!)          x6=ffffffa4 x12=100007f4 x12:100007f0  PA:100007f0
20520044ns          345002 1c008196 2078788b p.lw             x17, x7(x16!)       x17=fffffff0 x16=10000288  x7:00000020 x16:10000268  PA:10000268
20520084ns          345004 1c00819a 43130733 p.mac            x14, x6, x17        x14=000005e0 x14:00000020  x6:ffffffa4 x17:fffffff0
20520104ns          345005 1c008192 0046230b p.lw             x6, 4(x12!)          x6=ffffffa2 x12=100007f8 x12:100007f4  PA:100007f4
20520124ns          345006 1c008196 2078788b p.lw             x17, x7(x16!)       x17=ffffffe8 x16=100002a8  x7:00000020 x16:10000288  PA:10000288
20520164ns          345008 1c00819a 43130733 p.mac            x14, x6, x17        x14=00000eb0 x14:000005e0  x6:ffffffa2 x17:ffffffe8
20520184ns          345009 1c008192 0046230b p.lw             x6, 4(x12!)          x6=ffffffa0 x12=100007fc x12:100007f8  PA:100007f8
20520203ns          345010 1c008196 2078788b p.lw             x17, x7(x16!)       x17=ffffffe0 x16=100002c8  x7:00000020 x16:100002a8  PA:100002a8
20520243ns          345012 1c00819a 43130733 p.mac            x14, x6, x17        x14=00001ab0 x14:00000eb0  x6:ffffffa0 x17:ffffffe0
20520263ns          345013 1c008192 0046230b p.lw             x6, 4(x12!)          x6=ffffff9e x12=10000800 x12:100007fc  PA:100007fc
20520283ns          345014 1c008196 2078788b p.lw             x17, x7(x16!)       x17=ffffffd8 x16=100002e8  x7:00000020 x16:100002c8  PA:100002c8
20520323ns          345016 1c00819a 43130733 p.mac            x14, x6, x17        x14=00002a00 x14:00001ab0  x6:ffffff9e x17:ffffffd8
20520343ns          345017 1c008192 0046230b p.lw             x6, 4(x12!)          x6=ffffff9c x12=10000804 x12:10000800  PA:10000800
20520363ns          345018 1c008196 2078788b p.lw             x17, x7(x16!)       x17=ffffffd0 x16=10000308  x7:00000020 x16:100002e8  PA:100002e8
20520402ns          345020 1c00819a 43130733 p.mac            x14, x6, x17        x14=00003cc0 x14:00002a00  x6:ffffff9c x17:ffffffd0
20520422ns          345021 1c00819e 00ef222b p.sw             x14, 4(x30!)        x30=100008ec x14:00003cc0 x30:100008e8  PA:100008e8
20520442ns          345022 1c0081a2 004e8e93 addi             x29, x29, 4         x29=1000020c x29:10000208
20520482ns          345024 1c00817e 40af87b3 sub              x15, x31, x10       x15=00000020 x31:10000804 x10:100007e4
20520502ns          345025 1c008182 ffc78793 addi             x15, x15, -4        x15=0000001c x15:00000020
20520522ns          345026 1c008184 0027d793 srli             x15, x15, 0x2       x15=00000007 x15:0000001c
20520542ns          345027 1c008186 01d00833 add              x16, x0, x29        x16=1000020c x29:1000020c
20520562ns          345028 1c008188 00a00633 add              x12, x0, x10        x12=100007e4 x10:100007e4
20520581ns          345029 1c00818a 00000713 addi             x14, x0, 0          x14=00000000
20520601ns          345030 1c00818c 00178793 addi             x15, x15, 1         x15=00000008 x15:00000007
20520621ns          345031 1c00818e 0067c0fb lp.setup         0x1, x15, 0x6       x15:00000008
20520641ns          345032 1c008192 0046230b p.lw             x6, 4(x12!)          x6=ffffffaa x12=100007e8 x12:100007e4  PA:100007e4
20520661ns          345033 1c008196 2078788b p.lw             x17, x7(x16!)       x17=00000007 x16=1000022c  x7:00000020 x16:1000020c  PA:1000020c
20520701ns          345035 1c00819a 43130733 p.mac            x14, x6, x17        x14=fffffda6 x14:00000000  x6:ffffffaa x17:00000007
20520721ns          345036 1c008192 0046230b p.lw             x6, 4(x12!)          x6=ffffffa8 x12=100007ec x12:100007e8  PA:100007e8
20520741ns          345037 1c008196 2078788b p.lw             x17, x7(x16!)       x17=ffffffff x16=1000024c  x7:00000020 x16:1000022c  PA:1000022c
20520780ns          345039 1c00819a 43130733 p.mac            x14, x6, x17        x14=fffffdfe x14:fffffda6  x6:ffffffa8 x17:ffffffff
20520800ns          345040 1c008192 0046230b p.lw             x6, 4(x12!)          x6=ffffffa6 x12=100007f0 x12:100007ec  PA:100007ec
20520820ns          345041 1c008196 2078788b p.lw             x17, x7(x16!)       x17=fffffff7 x16=1000026c  x7:00000020 x16:1000024c  PA:1000024c
20520860ns          345043 1c00819a 43130733 p.mac            x14, x6, x17        x14=00000128 x14:fffffdfe  x6:ffffffa6 x17:fffffff7
20520880ns          345044 1c008192 0046230b p.lw             x6, 4(x12!)          x6=ffffffa4 x12=100007f4 x12:100007f0  PA:100007f0
20520900ns          345045 1c008196 2078788b p.lw             x17, x7(x16!)       x17=ffffffef x16=1000028c  x7:00000020 x16:1000026c  PA:1000026c
20520939ns          345047 1c00819a 43130733 p.mac            x14, x6, x17        x14=00000744 x14:00000128  x6:ffffffa4 x17:ffffffef
20520959ns          345048 1c008192 0046230b p.lw             x6, 4(x12!)          x6=ffffffa2 x12=100007f8 x12:100007f4  PA:100007f4
20520979ns          345049 1c008196 2078788b p.lw             x17, x7(x16!)       x17=ffffffe7 x16=100002ac  x7:00000020 x16:1000028c  PA:1000028c
20521019ns          345051 1c00819a 43130733 p.mac            x14, x6, x17        x14=00001072 x14:00000744  x6:ffffffa2 x17:ffffffe7
20521039ns          345052 1c008192 0046230b p.lw             x6, 4(x12!)          x6=ffffffa0 x12=100007fc x12:100007f8  PA:100007f8
20521059ns          345053 1c008196 2078788b p.lw             x17, x7(x16!)       x17=ffffffdf x16=100002cc  x7:00000020 x16:100002ac  PA:100002ac
20521099ns          345055 1c00819a 43130733 p.mac            x14, x6, x17        x14=00001cd2 x14:00001072  x6:ffffffa0 x17:ffffffdf
20521118ns          345056 1c008192 0046230b p.lw             x6, 4(x12!)          x6=ffffff9e x12=10000800 x12:100007fc  PA:100007fc
20521138ns          345057 1c008196 2078788b p.lw             x17, x7(x16!)       x17=ffffffd7 x16=100002ec  x7:00000020 x16:100002cc  PA:100002cc
20521178ns          345059 1c00819a 43130733 p.mac            x14, x6, x17        x14=00002c84 x14:00001cd2  x6:ffffff9e x17:ffffffd7
20521198ns          345060 1c008192 0046230b p.lw             x6, 4(x12!)          x6=ffffff9c x12=10000804 x12:10000800  PA:10000800
20521218ns          345061 1c008196 2078788b p.lw             x17, x7(x16!)       x17=ffffffcf x16=1000030c  x7:00000020 x16:100002ec  PA:100002ec
20521258ns          345063 1c00819a 43130733 p.mac            x14, x6, x17        x14=00003fa8 x14:00002c84  x6:ffffff9c x17:ffffffcf
20521278ns          345064 1c00819e 00ef222b p.sw             x14, 4(x30!)        x30=100008f0 x14:00003fa8 x30:100008ec  PA:100008ec
20521297ns          345065 1c0081a2 004e8e93 addi             x29, x29, 4         x29=10000210 x29:1000020c
20521337ns          345067 1c00817e 40af87b3 sub              x15, x31, x10       x15=00000020 x31:10000804 x10:100007e4
20521357ns          345068 1c008182 ffc78793 addi             x15, x15, -4        x15=0000001c x15:00000020
20521377ns          345069 1c008184 0027d793 srli             x15, x15, 0x2       x15=00000007 x15:0000001c
20521397ns          345070 1c008186 01d00833 add              x16, x0, x29        x16=10000210 x29:10000210
20521417ns          345071 1c008188 00a00633 add              x12, x0, x10        x12=100007e4 x10:100007e4
20521437ns          345072 1c00818a 00000713 addi             x14, x0, 0          x14=00000000
20521457ns          345073 1c00818c 00178793 addi             x15, x15, 1         x15=00000008 x15:00000007
20521476ns          345074 1c00818e 0067c0fb lp.setup         0x1, x15, 0x6       x15:00000008
20521496ns          345075 1c008192 0046230b p.lw             x6, 4(x12!)          x6=ffffffaa x12=100007e8 x12:100007e4  PA:100007e4
20521516ns          345076 1c008196 2078788b p.lw             x17, x7(x16!)       x17=00000006 x16=10000230  x7:00000020 x16:10000210  PA:10000210
20521556ns          345078 1c00819a 43130733 p.mac            x14, x6, x17        x14=fffffdfc x14:00000000  x6:ffffffaa x17:00000006
20521576ns          345079 1c008192 0046230b p.lw             x6, 4(x12!)          x6=ffffffa8 x12=100007ec x12:100007e8  PA:100007e8
20521596ns          345080 1c008196 2078788b p.lw             x17, x7(x16!)       x17=fffffffe x16=10000250  x7:00000020 x16:10000230  PA:10000230
20521636ns          345082 1c00819a 43130733 p.mac            x14, x6, x17        x14=fffffeac x14:fffffdfc  x6:ffffffa8 x17:fffffffe
20521655ns          345083 1c008192 0046230b p.lw             x6, 4(x12!)          x6=ffffffa6 x12=100007f0 x12:100007ec  PA:100007ec
20521675ns          345084 1c008196 2078788b p.lw             x17, x7(x16!)       x17=fffffff6 x16=10000270  x7:00000020 x16:10000250  PA:10000250
20521715ns          345086 1c00819a 43130733 p.mac            x14, x6, x17        x14=00000230 x14:fffffeac  x6:ffffffa6 x17:fffffff6
20521735ns          345087 1c008192 0046230b p.lw             x6, 4(x12!)          x6=ffffffa4 x12=100007f4 x12:100007f0  PA:100007f0
20521755ns          345088 1c008196 2078788b p.lw             x17, x7(x16!)       x17=ffffffee x16=10000290  x7:00000020 x16:10000270  PA:10000270
20521795ns          345090 1c00819a 43130733 p.mac            x14, x6, x17        x14=000008a8 x14:00000230  x6:ffffffa4 x17:ffffffee
20521815ns          345091 1c008192 0046230b p.lw             x6, 4(x12!)          x6=ffffffa2 x12=100007f8 x12:100007f4  PA:100007f4
20521835ns          345092 1c008196 2078788b p.lw             x17, x7(x16!)       x17=ffffffe6 x16=100002b0  x7:00000020 x16:10000290  PA:10000290
20521874ns          345094 1c00819a 43130733 p.mac            x14, x6, x17        x14=00001234 x14:000008a8  x6:ffffffa2 x17:ffffffe6
20521894ns          345095 1c008192 0046230b p.lw             x6, 4(x12!)          x6=ffffffa0 x12=100007fc x12:100007f8  PA:100007f8
20521914ns          345096 1c008196 2078788b p.lw             x17, x7(x16!)       x17=ffffffde x16=100002d0  x7:00000020 x16:100002b0  PA:100002b0
20521954ns          345098 1c00819a 43130733 p.mac            x14, x6, x17        x14=00001ef4 x14:00001234  x6:ffffffa0 x17:ffffffde
20521974ns          345099 1c008192 0046230b p.lw             x6, 4(x12!)          x6=ffffff9e x12=10000800 x12:100007fc  PA:100007fc
20521994ns          345100 1c008196 2078788b p.lw             x17, x7(x16!)       x17=ffffffd6 x16=100002f0  x7:00000020 x16:100002d0  PA:100002d0
20522033ns          345102 1c00819a 43130733 p.mac            x14, x6, x17        x14=00002f08 x14:00001ef4  x6:ffffff9e x17:ffffffd6
20522053ns          345103 1c008192 0046230b p.lw             x6, 4(x12!)          x6=ffffff9c x12=10000804 x12:10000800  PA:10000800
20522073ns          345104 1c008196 2078788b p.lw             x17, x7(x16!)       x17=ffffffce x16=10000310  x7:00000020 x16:100002f0  PA:100002f0
20522113ns          345106 1c00819a 43130733 p.mac            x14, x6, x17        x14=00004290 x14:00002f08  x6:ffffff9c x17:ffffffce
20522133ns          345107 1c00819e 00ef222b p.sw             x14, 4(x30!)        x30=100008f4 x14:00004290 x30:100008f0  PA:100008f0
20522153ns          345108 1c0081a2 004e8e93 addi             x29, x29, 4         x29=10000214 x29:10000210
20522193ns          345110 1c00817e 40af87b3 sub              x15, x31, x10       x15=00000020 x31:10000804 x10:100007e4
20522212ns          345111 1c008182 ffc78793 addi             x15, x15, -4        x15=0000001c x15:00000020
20522232ns          345112 1c008184 0027d793 srli             x15, x15, 0x2       x15=00000007 x15:0000001c
20522252ns          345113 1c008186 01d00833 add              x16, x0, x29        x16=10000214 x29:10000214
20522272ns          345114 1c008188 00a00633 add              x12, x0, x10        x12=100007e4 x10:100007e4
20522292ns          345115 1c00818a 00000713 addi             x14, x0, 0          x14=00000000
20522312ns          345116 1c00818c 00178793 addi             x15, x15, 1         x15=00000008 x15:00000007
20522332ns          345117 1c00818e 0067c0fb lp.setup         0x1, x15, 0x6       x15:00000008
20522352ns          345118 1c008192 0046230b p.lw             x6, 4(x12!)          x6=ffffffaa x12=100007e8 x12:100007e4  PA:100007e4
20522372ns          345119 1c008196 2078788b p.lw             x17, x7(x16!)       x17=00000005 x16=10000234  x7:00000020 x16:10000214  PA:10000214
20522411ns          345121 1c00819a 43130733 p.mac            x14, x6, x17        x14=fffffe52 x14:00000000  x6:ffffffaa x17:00000005
20522431ns          345122 1c008192 0046230b p.lw             x6, 4(x12!)          x6=ffffffa8 x12=100007ec x12:100007e8  PA:100007e8
20522451ns          345123 1c008196 2078788b p.lw             x17, x7(x16!)       x17=fffffffd x16=10000254  x7:00000020 x16:10000234  PA:10000234
20522491ns          345125 1c00819a 43130733 p.mac            x14, x6, x17        x14=ffffff5a x14:fffffe52  x6:ffffffa8 x17:fffffffd
20522511ns          345126 1c008192 0046230b p.lw             x6, 4(x12!)          x6=ffffffa6 x12=100007f0 x12:100007ec  PA:100007ec
20522531ns          345127 1c008196 2078788b p.lw             x17, x7(x16!)       x17=fffffff5 x16=10000274  x7:00000020 x16:10000254  PA:10000254
20522570ns          345129 1c00819a 43130733 p.mac            x14, x6, x17        x14=00000338 x14:ffffff5a  x6:ffffffa6 x17:fffffff5
20522590ns          345130 1c008192 0046230b p.lw             x6, 4(x12!)          x6=ffffffa4 x12=100007f4 x12:100007f0  PA:100007f0
20522610ns          345131 1c008196 2078788b p.lw             x17, x7(x16!)       x17=ffffffed x16=10000294  x7:00000020 x16:10000274  PA:10000274
20522650ns          345133 1c00819a 43130733 p.mac            x14, x6, x17        x14=00000a0c x14:00000338  x6:ffffffa4 x17:ffffffed
20522670ns          345134 1c008192 0046230b p.lw             x6, 4(x12!)          x6=ffffffa2 x12=100007f8 x12:100007f4  PA:100007f4
20522690ns          345135 1c008196 2078788b p.lw             x17, x7(x16!)       x17=ffffffe5 x16=100002b4  x7:00000020 x16:10000294  PA:10000294
20522730ns          345137 1c00819a 43130733 p.mac            x14, x6, x17        x14=000013f6 x14:00000a0c  x6:ffffffa2 x17:ffffffe5
20522749ns          345138 1c008192 0046230b p.lw             x6, 4(x12!)          x6=ffffffa0 x12=100007fc x12:100007f8  PA:100007f8
20522769ns          345139 1c008196 2078788b p.lw             x17, x7(x16!)       x17=ffffffdd x16=100002d4  x7:00000020 x16:100002b4  PA:100002b4
20522809ns          345141 1c00819a 43130733 p.mac            x14, x6, x17        x14=00002116 x14:000013f6  x6:ffffffa0 x17:ffffffdd
20522829ns          345142 1c008192 0046230b p.lw             x6, 4(x12!)          x6=ffffff9e x12=10000800 x12:100007fc  PA:100007fc
20522849ns          345143 1c008196 2078788b p.lw             x17, x7(x16!)       x17=ffffffd5 x16=100002f4  x7:00000020 x16:100002d4  PA:100002d4
20522889ns          345145 1c00819a 43130733 p.mac            x14, x6, x17        x14=0000318c x14:00002116  x6:ffffff9e x17:ffffffd5
20522909ns          345146 1c008192 0046230b p.lw             x6, 4(x12!)          x6=ffffff9c x12=10000804 x12:10000800  PA:10000800
20522929ns          345147 1c008196 2078788b p.lw             x17, x7(x16!)       x17=ffffffcd x16=10000314  x7:00000020 x16:100002f4  PA:100002f4
20522968ns          345149 1c00819a 43130733 p.mac            x14, x6, x17        x14=00004578 x14:0000318c  x6:ffffff9c x17:ffffffcd
20522988ns          345150 1c00819e 00ef222b p.sw             x14, 4(x30!)        x30=100008f8 x14:00004578 x30:100008f4  PA:100008f4
20523008ns          345151 1c0081a2 004e8e93 addi             x29, x29, 4         x29=10000218 x29:10000214
20523048ns          345153 1c00817e 40af87b3 sub              x15, x31, x10       x15=00000020 x31:10000804 x10:100007e4
20523068ns          345154 1c008182 ffc78793 addi             x15, x15, -4        x15=0000001c x15:00000020
20523088ns          345155 1c008184 0027d793 srli             x15, x15, 0x2       x15=00000007 x15:0000001c
20523108ns          345156 1c008186 01d00833 add              x16, x0, x29        x16=10000218 x29:10000218
20523127ns          345157 1c008188 00a00633 add              x12, x0, x10        x12=100007e4 x10:100007e4
20523147ns          345158 1c00818a 00000713 addi             x14, x0, 0          x14=00000000
20523167ns          345159 1c00818c 00178793 addi             x15, x15, 1         x15=00000008 x15:00000007
20523187ns          345160 1c00818e 0067c0fb lp.setup         0x1, x15, 0x6       x15:00000008
20523207ns          345161 1c008192 0046230b p.lw             x6, 4(x12!)          x6=ffffffaa x12=100007e8 x12:100007e4  PA:100007e4
20523227ns          345162 1c008196 2078788b p.lw             x17, x7(x16!)       x17=00000004 x16=10000238  x7:00000020 x16:10000218  PA:10000218
20523267ns          345164 1c00819a 43130733 p.mac            x14, x6, x17        x14=fffffea8 x14:00000000  x6:ffffffaa x17:00000004
20523287ns          345165 1c008192 0046230b p.lw             x6, 4(x12!)          x6=ffffffa8 x12=100007ec x12:100007e8  PA:100007e8
20523306ns          345166 1c008196 2078788b p.lw             x17, x7(x16!)       x17=fffffffc x16=10000258  x7:00000020 x16:10000238  PA:10000238
20523346ns          345168 1c00819a 43130733 p.mac            x14, x6, x17        x14=00000008 x14:fffffea8  x6:ffffffa8 x17:fffffffc
20523366ns          345169 1c008192 0046230b p.lw             x6, 4(x12!)          x6=ffffffa6 x12=100007f0 x12:100007ec  PA:100007ec
20523386ns          345170 1c008196 2078788b p.lw             x17, x7(x16!)       x17=fffffff4 x16=10000278  x7:00000020 x16:10000258  PA:10000258
20523426ns          345172 1c00819a 43130733 p.mac            x14, x6, x17        x14=00000440 x14:00000008  x6:ffffffa6 x17:fffffff4
20523446ns          345173 1c008192 0046230b p.lw             x6, 4(x12!)          x6=ffffffa4 x12=100007f4 x12:100007f0  PA:100007f0
20523466ns          345174 1c008196 2078788b p.lw             x17, x7(x16!)       x17=ffffffec x16=10000298  x7:00000020 x16:10000278  PA:10000278
20523505ns          345176 1c00819a 43130733 p.mac            x14, x6, x17        x14=00000b70 x14:00000440  x6:ffffffa4 x17:ffffffec
20523525ns          345177 1c008192 0046230b p.lw             x6, 4(x12!)          x6=ffffffa2 x12=100007f8 x12:100007f4  PA:100007f4
20523545ns          345178 1c008196 2078788b p.lw             x17, x7(x16!)       x17=ffffffe4 x16=100002b8  x7:00000020 x16:10000298  PA:10000298
20523585ns          345180 1c00819a 43130733 p.mac            x14, x6, x17        x14=000015b8 x14:00000b70  x6:ffffffa2 x17:ffffffe4
20523605ns          345181 1c008192 0046230b p.lw             x6, 4(x12!)          x6=ffffffa0 x12=100007fc x12:100007f8  PA:100007f8
20523625ns          345182 1c008196 2078788b p.lw             x17, x7(x16!)       x17=ffffffdc x16=100002d8  x7:00000020 x16:100002b8  PA:100002b8
20523664ns          345184 1c00819a 43130733 p.mac            x14, x6, x17        x14=00002338 x14:000015b8  x6:ffffffa0 x17:ffffffdc
20523684ns          345185 1c008192 0046230b p.lw             x6, 4(x12!)          x6=ffffff9e x12=10000800 x12:100007fc  PA:100007fc
20523704ns          345186 1c008196 2078788b p.lw             x17, x7(x16!)       x17=ffffffd4 x16=100002f8  x7:00000020 x16:100002d8  PA:100002d8
20523744ns          345188 1c00819a 43130733 p.mac            x14, x6, x17        x14=00003410 x14:00002338  x6:ffffff9e x17:ffffffd4
20523764ns          345189 1c008192 0046230b p.lw             x6, 4(x12!)          x6=ffffff9c x12=10000804 x12:10000800  PA:10000800
20523784ns          345190 1c008196 2078788b p.lw             x17, x7(x16!)       x17=ffffffcc x16=10000318  x7:00000020 x16:100002f8  PA:100002f8
20523824ns          345192 1c00819a 43130733 p.mac            x14, x6, x17        x14=00004860 x14:00003410  x6:ffffff9c x17:ffffffcc
20523843ns          345193 1c00819e 00ef222b p.sw             x14, 4(x30!)        x30=100008fc x14:00004860 x30:100008f8  PA:100008f8
20523863ns          345194 1c0081a2 004e8e93 addi             x29, x29, 4         x29=1000021c x29:10000218
20523903ns          345196 1c00817e 40af87b3 sub              x15, x31, x10       x15=00000020 x31:10000804 x10:100007e4
20523923ns          345197 1c008182 ffc78793 addi             x15, x15, -4        x15=0000001c x15:00000020
20523943ns          345198 1c008184 0027d793 srli             x15, x15, 0x2       x15=00000007 x15:0000001c
20523963ns          345199 1c008186 01d00833 add              x16, x0, x29        x16=1000021c x29:1000021c
20523983ns          345200 1c008188 00a00633 add              x12, x0, x10        x12=100007e4 x10:100007e4
20524003ns          345201 1c00818a 00000713 addi             x14, x0, 0          x14=00000000
20524022ns          345202 1c00818c 00178793 addi             x15, x15, 1         x15=00000008 x15:00000007
20524042ns          345203 1c00818e 0067c0fb lp.setup         0x1, x15, 0x6       x15:00000008
20524062ns          345204 1c008192 0046230b p.lw             x6, 4(x12!)          x6=ffffffaa x12=100007e8 x12:100007e4  PA:100007e4
20524082ns          345205 1c008196 2078788b p.lw             x17, x7(x16!)       x17=00000003 x16=1000023c  x7:00000020 x16:1000021c  PA:1000021c
20524122ns          345207 1c00819a 43130733 p.mac            x14, x6, x17        x14=fffffefe x14:00000000  x6:ffffffaa x17:00000003
20524142ns          345208 1c008192 0046230b p.lw             x6, 4(x12!)          x6=ffffffa8 x12=100007ec x12:100007e8  PA:100007e8
20524162ns          345209 1c008196 2078788b p.lw             x17, x7(x16!)       x17=fffffffb x16=1000025c  x7:00000020 x16:1000023c  PA:1000023c
20524202ns          345211 1c00819a 43130733 p.mac            x14, x6, x17        x14=000000b6 x14:fffffefe  x6:ffffffa8 x17:fffffffb
20524221ns          345212 1c008192 0046230b p.lw             x6, 4(x12!)          x6=ffffffa6 x12=100007f0 x12:100007ec  PA:100007ec
20524241ns          345213 1c008196 2078788b p.lw             x17, x7(x16!)       x17=fffffff3 x16=1000027c  x7:00000020 x16:1000025c  PA:1000025c
20524281ns          345215 1c00819a 43130733 p.mac            x14, x6, x17        x14=00000548 x14:000000b6  x6:ffffffa6 x17:fffffff3
20524301ns          345216 1c008192 0046230b p.lw             x6, 4(x12!)          x6=ffffffa4 x12=100007f4 x12:100007f0  PA:100007f0
20524321ns          345217 1c008196 2078788b p.lw             x17, x7(x16!)       x17=ffffffeb x16=1000029c  x7:00000020 x16:1000027c  PA:1000027c
20524361ns          345219 1c00819a 43130733 p.mac            x14, x6, x17        x14=00000cd4 x14:00000548  x6:ffffffa4 x17:ffffffeb
20524381ns          345220 1c008192 0046230b p.lw             x6, 4(x12!)          x6=ffffffa2 x12=100007f8 x12:100007f4  PA:100007f4
20524400ns          345221 1c008196 2078788b p.lw             x17, x7(x16!)       x17=ffffffe3 x16=100002bc  x7:00000020 x16:1000029c  PA:1000029c
20524440ns          345223 1c00819a 43130733 p.mac            x14, x6, x17        x14=0000177a x14:00000cd4  x6:ffffffa2 x17:ffffffe3
20524460ns          345224 1c008192 0046230b p.lw             x6, 4(x12!)          x6=ffffffa0 x12=100007fc x12:100007f8  PA:100007f8
20524480ns          345225 1c008196 2078788b p.lw             x17, x7(x16!)       x17=ffffffdb x16=100002dc  x7:00000020 x16:100002bc  PA:100002bc
20524520ns          345227 1c00819a 43130733 p.mac            x14, x6, x17        x14=0000255a x14:0000177a  x6:ffffffa0 x17:ffffffdb
20524540ns          345228 1c008192 0046230b p.lw             x6, 4(x12!)          x6=ffffff9e x12=10000800 x12:100007fc  PA:100007fc
20524560ns          345229 1c008196 2078788b p.lw             x17, x7(x16!)       x17=ffffffd3 x16=100002fc  x7:00000020 x16:100002dc  PA:100002dc
20524599ns          345231 1c00819a 43130733 p.mac            x14, x6, x17        x14=00003694 x14:0000255a  x6:ffffff9e x17:ffffffd3
20524619ns          345232 1c008192 0046230b p.lw             x6, 4(x12!)          x6=ffffff9c x12=10000804 x12:10000800  PA:10000800
20524639ns          345233 1c008196 2078788b p.lw             x17, x7(x16!)       x17=ffffffcb x16=1000031c  x7:00000020 x16:100002fc  PA:100002fc
20524679ns          345235 1c00819a 43130733 p.mac            x14, x6, x17        x14=00004b48 x14:00003694  x6:ffffff9c x17:ffffffcb
20524699ns          345236 1c00819e 00ef222b p.sw             x14, 4(x30!)        x30=10000900 x14:00004b48 x30:100008fc  PA:100008fc
20524719ns          345237 1c0081a2 004e8e93 addi             x29, x29, 4         x29=10000220 x29:1000021c
20524758ns          345239 1c00817e 40af87b3 sub              x15, x31, x10       x15=00000020 x31:10000804 x10:100007e4
20524778ns          345240 1c008182 ffc78793 addi             x15, x15, -4        x15=0000001c x15:00000020
20524798ns          345241 1c008184 0027d793 srli             x15, x15, 0x2       x15=00000007 x15:0000001c
20524818ns          345242 1c008186 01d00833 add              x16, x0, x29        x16=10000220 x29:10000220
20524838ns          345243 1c008188 00a00633 add              x12, x0, x10        x12=100007e4 x10:100007e4
20524858ns          345244 1c00818a 00000713 addi             x14, x0, 0          x14=00000000
20524878ns          345245 1c00818c 00178793 addi             x15, x15, 1         x15=00000008 x15:00000007
20524898ns          345246 1c00818e 0067c0fb lp.setup         0x1, x15, 0x6       x15:00000008
20524918ns          345247 1c008192 0046230b p.lw             x6, 4(x12!)          x6=ffffffaa x12=100007e8 x12:100007e4  PA:100007e4
20524937ns          345248 1c008196 2078788b p.lw             x17, x7(x16!)       x17=00000002 x16=10000240  x7:00000020 x16:10000220  PA:10000220
20524977ns          345250 1c00819a 43130733 p.mac            x14, x6, x17        x14=ffffff54 x14:00000000  x6:ffffffaa x17:00000002
20524997ns          345251 1c008192 0046230b p.lw             x6, 4(x12!)          x6=ffffffa8 x12=100007ec x12:100007e8  PA:100007e8
20525017ns          345252 1c008196 2078788b p.lw             x17, x7(x16!)       x17=fffffffa x16=10000260  x7:00000020 x16:10000240  PA:10000240
20525057ns          345254 1c00819a 43130733 p.mac            x14, x6, x17        x14=00000164 x14:ffffff54  x6:ffffffa8 x17:fffffffa
20525077ns          345255 1c008192 0046230b p.lw             x6, 4(x12!)          x6=ffffffa6 x12=100007f0 x12:100007ec  PA:100007ec
20525097ns          345256 1c008196 2078788b p.lw             x17, x7(x16!)       x17=fffffff2 x16=10000280  x7:00000020 x16:10000260  PA:10000260
20525136ns          345258 1c00819a 43130733 p.mac            x14, x6, x17        x14=00000650 x14:00000164  x6:ffffffa6 x17:fffffff2
20525156ns          345259 1c008192 0046230b p.lw             x6, 4(x12!)          x6=ffffffa4 x12=100007f4 x12:100007f0  PA:100007f0
20525176ns          345260 1c008196 2078788b p.lw             x17, x7(x16!)       x17=ffffffea x16=100002a0  x7:00000020 x16:10000280  PA:10000280
20525216ns          345262 1c00819a 43130733 p.mac            x14, x6, x17        x14=00000e38 x14:00000650  x6:ffffffa4 x17:ffffffea
20525236ns          345263 1c008192 0046230b p.lw             x6, 4(x12!)          x6=ffffffa2 x12=100007f8 x12:100007f4  PA:100007f4
20525256ns          345264 1c008196 2078788b p.lw             x17, x7(x16!)       x17=ffffffe2 x16=100002c0  x7:00000020 x16:100002a0  PA:100002a0
20525296ns          345266 1c00819a 43130733 p.mac            x14, x6, x17        x14=0000193c x14:00000e38  x6:ffffffa2 x17:ffffffe2
20525315ns          345267 1c008192 0046230b p.lw             x6, 4(x12!)          x6=ffffffa0 x12=100007fc x12:100007f8  PA:100007f8
20525335ns          345268 1c008196 2078788b p.lw             x17, x7(x16!)       x17=ffffffda x16=100002e0  x7:00000020 x16:100002c0  PA:100002c0
20525375ns          345270 1c00819a 43130733 p.mac            x14, x6, x17        x14=0000277c x14:0000193c  x6:ffffffa0 x17:ffffffda
20525395ns          345271 1c008192 0046230b p.lw             x6, 4(x12!)          x6=ffffff9e x12=10000800 x12:100007fc  PA:100007fc
20525415ns          345272 1c008196 2078788b p.lw             x17, x7(x16!)       x17=ffffffd2 x16=10000300  x7:00000020 x16:100002e0  PA:100002e0
20525455ns          345274 1c00819a 43130733 p.mac            x14, x6, x17        x14=00003918 x14:0000277c  x6:ffffff9e x17:ffffffd2
20525475ns          345275 1c008192 0046230b p.lw             x6, 4(x12!)          x6=ffffff9c x12=10000804 x12:10000800  PA:10000800
20525494ns          345276 1c008196 2078788b p.lw             x17, x7(x16!)       x17=ffffffca x16=10000320  x7:00000020 x16:10000300  PA:10000300
20525534ns          345278 1c00819a 43130733 p.mac            x14, x6, x17        x14=00004e30 x14:00003918  x6:ffffff9c x17:ffffffca
20525554ns          345279 1c00819e 00ef222b p.sw             x14, 4(x30!)        x30=10000904 x14:00004e30 x30:10000900  PA:10000900
20525574ns          345280 1c0081a2 004e8e93 addi             x29, x29, 4         x29=10000224 x29:10000220
20525594ns          345281 1c0081a4 00128293 addi             x5, x5, 1            x5=00000008  x5:00000007
20525614ns          345282 1c0081a6 00750533 add              x10, x10, x7        x10=10000804 x10:100007e4  x7:00000020
20525634ns          345283 1c0081a8 007f8fb3 add              x31, x31, x7        x31=10000824 x31:10000804  x7:00000020
20525654ns          345284 1c0081aa fa569fe3 bne              x13, x5, -66        x13:00000008  x5:00000008
20525673ns          345285 1c0081ae 00c12403 lw               x8, 12(x2)           x8=10000004  x2:10001f88  PA:10001f94
20525693ns          345286 1c0081b0 00812483 lw               x9, 8(x2)            x9=10001004  x2:10001f88  PA:10001f90
20525713ns          345287 1c0081b2 01010113 addi             x2, x2, 16           x2=10001f98  x2:10001f88
20525733ns          345288 1c0081b4 00008067 jalr             x0, x1, 0            x1:1c009bfe
20525852ns          345294 1c009bfe 1ad010ef jal              x1, 6572             x1=1c009c02
20525912ns          345297 1c00b5aa f14027f3 csrrs            x15, x0, 0xf14      x15=00000001
20525932ns          345298 1c00b5ae 01f00713 addi             x14, x0, 31         x14=0000001f
20525952ns          345299 1c00b5b0 ca5797b3 p.extractu       x15, x15, 5, 5      x15=00000000 x15:00000001
20525972ns          345300 1c00b5b4 00e78863 beq              x15, x14, 16        x15:00000000 x14:0000001f
20525992ns          345301 1c00b5b8 002047b7 lui              x15, 0x204000       x15=00204000
20526012ns          345302 1c00b5bc 20078793 addi             x15, x15, 512       x15=00204200 x15:00204000
20526031ns          345303 1c00b5c0 01c7e703 p.elw            x14, 28(x15)        x14=00010000 x15:00204200  PA:0020421c
20526628ns          345333 1c00b5c4 00008067 jalr             x0, x1, 0            x1:1c009c02
20526668ns          345335 1c009c02 00000713 addi             x14, x0, 0          x14=00000000
20526688ns          345336 1c009c04 00800693 addi             x13, x0, 8          x13=00000008
20526708ns          345337 1c009c06 90048613 addi             x12, x9, -1792      x12=10000904  x9:10001004
20526728ns          345338 1c009c0a 013005b3 add              x11, x0, x19        x11=10000204 x19:10000204
20526748ns          345339 1c009c0c a0048513 addi             x10, x9, -1536      x10=10000a04  x9:10001004
20527603ns          345382 1c009c10 d2efe0ef jal              x1, -6866            x1=1c009c14
20527643ns          345384 1c00813e 06068c63 beq              x13, x0, 120        x13:00000008
20527663ns          345385 1c008140 ff010113 addi             x2, x2, -16          x2=10001f88  x2:10001f98
20527682ns          345386 1c008142 00269393 slli             x7, x13, 0x2         x7=00000020 x13:00000008
20527702ns          345387 1c008146 00812623 sw               x8, 12(x2)           x8:10000004  x2:10001f88  PA:10001f94
20527722ns          345388 1c008148 00271793 slli             x15, x14, 0x2       x15=00000000 x14:00000000
20527742ns          345389 1c00814c 40a60433 sub              x8, x12, x10         x8=ffffff00 x12:10000904 x10:10000a04
20527762ns          345390 1c008150 02d787b3 mul              x15, x15, x13       x15=00000000 x15:00000000 x13:00000008
20527782ns          345391 1c008154 40740433 sub              x8, x8, x7           x8=fffffee0  x8:ffffff00  x7:00000020
20527802ns          345392 1c008158 00912423 sw               x9, 8(x2)            x9:10001004  x2:10001f88  PA:10001f90
20527822ns          345393 1c00815a 00750fb3 add              x31, x10, x7        x31=10000a24 x10:10000a04  x7:00000020
20527842ns          345394 1c00815e 42d78433 p.mac            x8, x15, x13         x8=fffffee0  x8:fffffee0 x15:00000000 x13:00000008
20527861ns          345395 1c008162 007584b3 add              x9, x11, x7          x9=10000224 x11:10000204  x7:00000020
20527881ns          345396 1c008166 00000293 addi             x5, x0, 0            x5=00000000
20527901ns          345397 1c008168 40b48e33 sub              x28, x9, x11        x28=00000020  x9:10000224 x11:10000204
20527921ns          345398 1c00816c ffce0e13 addi             x28, x28, -4        x28=0000001c x28:00000020
20527941ns          345399 1c00816e 002e5e13 srli             x28, x28, 0x2       x28=00000007 x28:0000001c
20527961ns          345400 1c008172 008f8f33 add              x30, x31, x8        x30=10000904 x31:10000a24  x8:fffffee0
20527981ns          345401 1c008176 00b00eb3 add              x29, x0, x11        x29=10000204 x11:10000204
20528001ns          345402 1c008178 001e0e13 addi             x28, x28, 1         x28=00000008 x28:00000007
20528021ns          345403 1c00817a 014e407b lp.setup         0x0, x28, 0x14      x28:00000008
20528040ns          345404 1c00817e 40af87b3 sub              x15, x31, x10       x15=00000020 x31:10000a24 x10:10000a04
20528060ns          345405 1c008182 ffc78793 addi             x15, x15, -4        x15=0000001c x15:00000020
20528080ns          345406 1c008184 0027d793 srli             x15, x15, 0x2       x15=00000007 x15:0000001c
20528100ns          345407 1c008186 01d00833 add              x16, x0, x29        x16=10000204 x29:10000204
20528120ns          345408 1c008188 00a00633 add              x12, x0, x10        x12=10000a04 x10:10000a04
20528140ns          345409 1c00818a 00000713 addi             x14, x0, 0          x14=00000000
20528160ns          345410 1c00818c 00178793 addi             x15, x15, 1         x15=00000008 x15:00000007
20528180ns          345411 1c00818e 0067c0fb lp.setup         0x1, x15, 0x6       x15:00000008
20528200ns          345412 1c008192 0046230b p.lw             x6, 4(x12!)          x6=00000375 x12=10000a08 x12:10000a04  PA:10000a04
20528239ns          345414 1c008196 2078788b p.lw             x17, x7(x16!)       x17=00000009 x16=10000224  x7:00000020 x16:10000204  PA:10000204
20528299ns          345417 1c00819a 43130733 p.mac            x14, x6, x17        x14=00001f1d x14:00000000  x6:00000375 x17:00000009
20528319ns          345418 1c008192 0046230b p.lw             x6, 4(x12!)          x6=00000388 x12=10000a0c x12:10000a08  PA:10000a08
20528339ns          345419 1c008196 2078788b p.lw             x17, x7(x16!)       x17=00000001 x16=10000244  x7:00000020 x16:10000224  PA:10000224
20528379ns          345421 1c00819a 43130733 p.mac            x14, x6, x17        x14=000022a5 x14:00001f1d  x6:00000388 x17:00000001
20528398ns          345422 1c008192 0046230b p.lw             x6, 4(x12!)          x6=0000039b x12=10000a10 x12:10000a0c  PA:10000a0c
20528418ns          345423 1c008196 2078788b p.lw             x17, x7(x16!)       x17=fffffff9 x16=10000264  x7:00000020 x16:10000244  PA:10000244
20528458ns          345425 1c00819a 43130733 p.mac            x14, x6, x17        x14=00000968 x14:000022a5  x6:0000039b x17:fffffff9
20528478ns          345426 1c008192 0046230b p.lw             x6, 4(x12!)          x6=000003ae x12=10000a14 x12:10000a10  PA:10000a10
20528498ns          345427 1c008196 2078788b p.lw             x17, x7(x16!)       x17=fffffff1 x16=10000284  x7:00000020 x16:10000264  PA:10000264
20528538ns          345429 1c00819a 43130733 p.mac            x14, x6, x17        x14=ffffd236 x14:00000968  x6:000003ae x17:fffffff1
20528558ns          345430 1c008192 0046230b p.lw             x6, 4(x12!)          x6=000003c1 x12=10000a18 x12:10000a14  PA:10000a14
20528577ns          345431 1c008196 2078788b p.lw             x17, x7(x16!)       x17=ffffffe9 x16=100002a4  x7:00000020 x16:10000284  PA:10000284
20528617ns          345433 1c00819a 43130733 p.mac            x14, x6, x17        x14=ffff7bdf x14:ffffd236  x6:000003c1 x17:ffffffe9
20528637ns          345434 1c008192 0046230b p.lw             x6, 4(x12!)          x6=000003d4 x12=10000a1c x12:10000a18  PA:10000a18
20528657ns          345435 1c008196 2078788b p.lw             x17, x7(x16!)       x17=ffffffe1 x16=100002c4  x7:00000020 x16:100002a4  PA:100002a4
20528697ns          345437 1c00819a 43130733 p.mac            x14, x6, x17        x14=ffff0533 x14:ffff7bdf  x6:000003d4 x17:ffffffe1
20528717ns          345438 1c008192 0046230b p.lw             x6, 4(x12!)          x6=000003e7 x12=10000a20 x12:10000a1c  PA:10000a1c
20528737ns          345439 1c008196 2078788b p.lw             x17, x7(x16!)       x17=ffffffd9 x16=100002e4  x7:00000020 x16:100002c4  PA:100002c4
20528776ns          345441 1c00819a 43130733 p.mac            x14, x6, x17        x14=fffe6d02 x14:ffff0533  x6:000003e7 x17:ffffffd9
20528796ns          345442 1c008192 0046230b p.lw             x6, 4(x12!)          x6=000003fa x12=10000a24 x12:10000a20  PA:10000a20
20528816ns          345443 1c008196 2078788b p.lw             x17, x7(x16!)       x17=ffffffd1 x16=10000304  x7:00000020 x16:100002e4  PA:100002e4
20528856ns          345445 1c00819a 43130733 p.mac            x14, x6, x17        x14=fffdb21c x14:fffe6d02  x6:000003fa x17:ffffffd1
20528876ns          345446 1c00819e 00ef222b p.sw             x14, 4(x30!)        x30=10000908 x14:fffdb21c x30:10000904  PA:10000904
20528896ns          345447 1c0081a2 004e8e93 addi             x29, x29, 4         x29=10000208 x29:10000204
20528936ns          345449 1c00817e 40af87b3 sub              x15, x31, x10       x15=00000020 x31:10000a24 x10:10000a04
20528955ns          345450 1c008182 ffc78793 addi             x15, x15, -4        x15=0000001c x15:00000020
20528975ns          345451 1c008184 0027d793 srli             x15, x15, 0x2       x15=00000007 x15:0000001c
20528995ns          345452 1c008186 01d00833 add              x16, x0, x29        x16=10000208 x29:10000208
20529015ns          345453 1c008188 00a00633 add              x12, x0, x10        x12=10000a04 x10:10000a04
20529035ns          345454 1c00818a 00000713 addi             x14, x0, 0          x14=00000000
20529055ns          345455 1c00818c 00178793 addi             x15, x15, 1         x15=00000008 x15:00000007
20529075ns          345456 1c00818e 0067c0fb lp.setup         0x1, x15, 0x6       x15:00000008
20529095ns          345457 1c008192 0046230b p.lw             x6, 4(x12!)          x6=00000375 x12=10000a08 x12:10000a04  PA:10000a04
20529115ns          345458 1c008196 2078788b p.lw             x17, x7(x16!)       x17=00000008 x16=10000228  x7:00000020 x16:10000208  PA:10000208
20529174ns          345461 1c00819a 43130733 p.mac            x14, x6, x17        x14=00001ba8 x14:00000000  x6:00000375 x17:00000008
20529194ns          345462 1c008192 0046230b p.lw             x6, 4(x12!)          x6=00000388 x12=10000a0c x12:10000a08  PA:10000a08
20529214ns          345463 1c008196 2078788b p.lw             x17, x7(x16!)       x17=00000000 x16=10000248  x7:00000020 x16:10000228  PA:10000228
20529254ns          345465 1c00819a 43130733 p.mac            x14, x6, x17        x14=00001ba8 x14:00001ba8  x6:00000388 x17:00000000
20529274ns          345466 1c008192 0046230b p.lw             x6, 4(x12!)          x6=0000039b x12=10000a10 x12:10000a0c  PA:10000a0c
20529294ns          345467 1c008196 2078788b p.lw             x17, x7(x16!)       x17=fffffff8 x16=10000268  x7:00000020 x16:10000248  PA:10000248
20529333ns          345469 1c00819a 43130733 p.mac            x14, x6, x17        x14=fffffed0 x14:00001ba8  x6:0000039b x17:fffffff8
20529353ns          345470 1c008192 0046230b p.lw             x6, 4(x12!)          x6=000003ae x12=10000a14 x12:10000a10  PA:10000a10
20529373ns          345471 1c008196 2078788b p.lw             x17, x7(x16!)       x17=fffffff0 x16=10000288  x7:00000020 x16:10000268  PA:10000268
20529413ns          345473 1c00819a 43130733 p.mac            x14, x6, x17        x14=ffffc3f0 x14:fffffed0  x6:000003ae x17:fffffff0
20529433ns          345474 1c008192 0046230b p.lw             x6, 4(x12!)          x6=000003c1 x12=10000a18 x12:10000a14  PA:10000a14
20529473ns          345476 1c008196 2078788b p.lw             x17, x7(x16!)       x17=ffffffe8 x16=100002a8  x7:00000020 x16:10000288  PA:10000288
20529512ns          345478 1c00819a 43130733 p.mac            x14, x6, x17        x14=ffff69d8 x14:ffffc3f0  x6:000003c1 x17:ffffffe8
20529532ns          345479 1c008192 0046230b p.lw             x6, 4(x12!)          x6=000003d4 x12=10000a1c x12:10000a18  PA:10000a18
20529552ns          345480 1c008196 2078788b p.lw             x17, x7(x16!)       x17=ffffffe0 x16=100002c8  x7:00000020 x16:100002a8  PA:100002a8
20529592ns          345482 1c00819a 43130733 p.mac            x14, x6, x17        x14=fffeef58 x14:ffff69d8  x6:000003d4 x17:ffffffe0
20529612ns          345483 1c008192 0046230b p.lw             x6, 4(x12!)          x6=000003e7 x12=10000a20 x12:10000a1c  PA:10000a1c
20529632ns          345484 1c008196 2078788b p.lw             x17, x7(x16!)       x17=ffffffd8 x16=100002e8  x7:00000020 x16:100002c8  PA:100002c8
20529671ns          345486 1c00819a 43130733 p.mac            x14, x6, x17        x14=fffe5340 x14:fffeef58  x6:000003e7 x17:ffffffd8
20529691ns          345487 1c008192 0046230b p.lw             x6, 4(x12!)          x6=000003fa x12=10000a24 x12:10000a20  PA:10000a20
20529711ns          345488 1c008196 2078788b p.lw             x17, x7(x16!)       x17=ffffffd0 x16=10000308  x7:00000020 x16:100002e8  PA:100002e8
20529751ns          345490 1c00819a 43130733 p.mac            x14, x6, x17        x14=fffd9460 x14:fffe5340  x6:000003fa x17:ffffffd0
20529771ns          345491 1c00819e 00ef222b p.sw             x14, 4(x30!)        x30=1000090c x14:fffd9460 x30:10000908  PA:10000908
20529791ns          345492 1c0081a2 004e8e93 addi             x29, x29, 4         x29=1000020c x29:10000208
20529831ns          345494 1c00817e 40af87b3 sub              x15, x31, x10       x15=00000020 x31:10000a24 x10:10000a04
20529850ns          345495 1c008182 ffc78793 addi             x15, x15, -4        x15=0000001c x15:00000020
20529870ns          345496 1c008184 0027d793 srli             x15, x15, 0x2       x15=00000007 x15:0000001c
20529890ns          345497 1c008186 01d00833 add              x16, x0, x29        x16=1000020c x29:1000020c
20529910ns          345498 1c008188 00a00633 add              x12, x0, x10        x12=10000a04 x10:10000a04
20529930ns          345499 1c00818a 00000713 addi             x14, x0, 0          x14=00000000
20529950ns          345500 1c00818c 00178793 addi             x15, x15, 1         x15=00000008 x15:00000007
20529970ns          345501 1c00818e 0067c0fb lp.setup         0x1, x15, 0x6       x15:00000008
20529990ns          345502 1c008192 0046230b p.lw             x6, 4(x12!)          x6=00000375 x12=10000a08 x12:10000a04  PA:10000a04
20530010ns          345503 1c008196 2078788b p.lw             x17, x7(x16!)       x17=00000007 x16=1000022c  x7:00000020 x16:1000020c  PA:1000020c
20530049ns          345505 1c00819a 43130733 p.mac            x14, x6, x17        x14=00001833 x14:00000000  x6:00000375 x17:00000007
20530069ns          345506 1c008192 0046230b p.lw             x6, 4(x12!)          x6=00000388 x12=10000a0c x12:10000a08  PA:10000a08
20530089ns          345507 1c008196 2078788b p.lw             x17, x7(x16!)       x17=ffffffff x16=1000024c  x7:00000020 x16:1000022c  PA:1000022c
20530129ns          345509 1c00819a 43130733 p.mac            x14, x6, x17        x14=000014ab x14:00001833  x6:00000388 x17:ffffffff
20530149ns          345510 1c008192 0046230b p.lw             x6, 4(x12!)          x6=0000039b x12=10000a10 x12:10000a0c  PA:10000a0c
20530169ns          345511 1c008196 2078788b p.lw             x17, x7(x16!)       x17=fffffff7 x16=1000026c  x7:00000020 x16:1000024c  PA:1000024c
20530228ns          345514 1c00819a 43130733 p.mac            x14, x6, x17        x14=fffff438 x14:000014ab  x6:0000039b x17:fffffff7
20530248ns          345515 1c008192 0046230b p.lw             x6, 4(x12!)          x6=000003ae x12=10000a14 x12:10000a10  PA:10000a10
20530268ns          345516 1c008196 2078788b p.lw             x17, x7(x16!)       x17=ffffffef x16=1000028c  x7:00000020 x16:1000026c  PA:1000026c
20530308ns          345518 1c00819a 43130733 p.mac            x14, x6, x17        x14=ffffb5aa x14:fffff438  x6:000003ae x17:ffffffef
20530328ns          345519 1c008192 0046230b p.lw             x6, 4(x12!)          x6=000003c1 x12=10000a18 x12:10000a14  PA:10000a14
20530368ns          345521 1c008196 2078788b p.lw             x17, x7(x16!)       x17=ffffffe7 x16=100002ac  x7:00000020 x16:1000028c  PA:1000028c
20530407ns          345523 1c00819a 43130733 p.mac            x14, x6, x17        x14=ffff57d1 x14:ffffb5aa  x6:000003c1 x17:ffffffe7
20530427ns          345524 1c008192 0046230b p.lw             x6, 4(x12!)          x6=000003d4 x12=10000a1c x12:10000a18  PA:10000a18
20530447ns          345525 1c008196 2078788b p.lw             x17, x7(x16!)       x17=ffffffdf x16=100002cc  x7:00000020 x16:100002ac  PA:100002ac
20530487ns          345527 1c00819a 43130733 p.mac            x14, x6, x17        x14=fffed97d x14:ffff57d1  x6:000003d4 x17:ffffffdf
20530507ns          345528 1c008192 0046230b p.lw             x6, 4(x12!)          x6=000003e7 x12=10000a20 x12:10000a1c  PA:10000a1c
20530547ns          345530 1c008196 2078788b p.lw             x17, x7(x16!)       x17=ffffffd7 x16=100002ec  x7:00000020 x16:100002cc  PA:100002cc
20530586ns          345532 1c00819a 43130733 p.mac            x14, x6, x17        x14=fffe397e x14:fffed97d  x6:000003e7 x17:ffffffd7
20530606ns          345533 1c008192 0046230b p.lw             x6, 4(x12!)          x6=000003fa x12=10000a24 x12:10000a20  PA:10000a20
20530626ns          345534 1c008196 2078788b p.lw             x17, x7(x16!)       x17=ffffffcf x16=1000030c  x7:00000020 x16:100002ec  PA:100002ec
20530666ns          345536 1c00819a 43130733 p.mac            x14, x6, x17        x14=fffd76a4 x14:fffe397e  x6:000003fa x17:ffffffcf
20530686ns          345537 1c00819e 00ef222b p.sw             x14, 4(x30!)        x30=10000910 x14:fffd76a4 x30:1000090c  PA:1000090c
20530706ns          345538 1c0081a2 004e8e93 addi             x29, x29, 4         x29=10000210 x29:1000020c
20530746ns          345540 1c00817e 40af87b3 sub              x15, x31, x10       x15=00000020 x31:10000a24 x10:10000a04
20530765ns          345541 1c008182 ffc78793 addi             x15, x15, -4        x15=0000001c x15:00000020
20530785ns          345542 1c008184 0027d793 srli             x15, x15, 0x2       x15=00000007 x15:0000001c
20530805ns          345543 1c008186 01d00833 add              x16, x0, x29        x16=10000210 x29:10000210
20530825ns          345544 1c008188 00a00633 add              x12, x0, x10        x12=10000a04 x10:10000a04
20530845ns          345545 1c00818a 00000713 addi             x14, x0, 0          x14=00000000
20530865ns          345546 1c00818c 00178793 addi             x15, x15, 1         x15=00000008 x15:00000007
20530885ns          345547 1c00818e 0067c0fb lp.setup         0x1, x15, 0x6       x15:00000008
20530905ns          345548 1c008192 0046230b p.lw             x6, 4(x12!)          x6=00000375 x12=10000a08 x12:10000a04  PA:10000a04
20530925ns          345549 1c008196 2078788b p.lw             x17, x7(x16!)       x17=00000006 x16=10000230  x7:00000020 x16:10000210  PA:10000210
20530964ns          345551 1c00819a 43130733 p.mac            x14, x6, x17        x14=000014be x14:00000000  x6:00000375 x17:00000006
20530984ns          345552 1c008192 0046230b p.lw             x6, 4(x12!)          x6=00000388 x12=10000a0c x12:10000a08  PA:10000a08
20531004ns          345553 1c008196 2078788b p.lw             x17, x7(x16!)       x17=fffffffe x16=10000250  x7:00000020 x16:10000230  PA:10000230
20531044ns          345555 1c00819a 43130733 p.mac            x14, x6, x17        x14=00000dae x14:000014be  x6:00000388 x17:fffffffe
20531064ns          345556 1c008192 0046230b p.lw             x6, 4(x12!)          x6=0000039b x12=10000a10 x12:10000a0c  PA:10000a0c
20531084ns          345557 1c008196 2078788b p.lw             x17, x7(x16!)       x17=fffffff6 x16=10000270  x7:00000020 x16:10000250  PA:10000250
20531123ns          345559 1c00819a 43130733 p.mac            x14, x6, x17        x14=ffffe9a0 x14:00000dae  x6:0000039b x17:fffffff6
20531143ns          345560 1c008192 0046230b p.lw             x6, 4(x12!)          x6=000003ae x12=10000a14 x12:10000a10  PA:10000a10
20531163ns          345561 1c008196 2078788b p.lw             x17, x7(x16!)       x17=ffffffee x16=10000290  x7:00000020 x16:10000270  PA:10000270
20531203ns          345563 1c00819a 43130733 p.mac            x14, x6, x17        x14=ffffa764 x14:ffffe9a0  x6:000003ae x17:ffffffee
20531223ns          345564 1c008192 0046230b p.lw             x6, 4(x12!)          x6=000003c1 x12=10000a18 x12:10000a14  PA:10000a14
20531243ns          345565 1c008196 2078788b p.lw             x17, x7(x16!)       x17=ffffffe6 x16=100002b0  x7:00000020 x16:10000290  PA:10000290
20531283ns          345567 1c00819a 43130733 p.mac            x14, x6, x17        x14=ffff45ca x14:ffffa764  x6:000003c1 x17:ffffffe6
20531303ns          345568 1c008192 0046230b p.lw             x6, 4(x12!)          x6=000003d4 x12=10000a1c x12:10000a18  PA:10000a18
20531322ns          345569 1c008196 2078788b p.lw             x17, x7(x16!)       x17=ffffffde x16=100002d0  x7:00000020 x16:100002b0  PA:100002b0
20531362ns          345571 1c00819a 43130733 p.mac            x14, x6, x17        x14=fffec3a2 x14:ffff45ca  x6:000003d4 x17:ffffffde
20531382ns          345572 1c008192 0046230b p.lw             x6, 4(x12!)          x6=000003e7 x12=10000a20 x12:10000a1c  PA:10000a1c
20531402ns          345573 1c008196 2078788b p.lw             x17, x7(x16!)       x17=ffffffd6 x16=100002f0  x7:00000020 x16:100002d0  PA:100002d0
20531442ns          345575 1c00819a 43130733 p.mac            x14, x6, x17        x14=fffe1fbc x14:fffec3a2  x6:000003e7 x17:ffffffd6
20531462ns          345576 1c008192 0046230b p.lw             x6, 4(x12!)          x6=000003fa x12=10000a24 x12:10000a20  PA:10000a20
20531482ns          345577 1c008196 2078788b p.lw             x17, x7(x16!)       x17=ffffffce x16=10000310  x7:00000020 x16:100002f0  PA:100002f0
20531521ns          345579 1c00819a 43130733 p.mac            x14, x6, x17        x14=fffd58e8 x14:fffe1fbc  x6:000003fa x17:ffffffce
20531541ns          345580 1c00819e 00ef222b p.sw             x14, 4(x30!)        x30=10000914 x14:fffd58e8 x30:10000910  PA:10000910
20531561ns          345581 1c0081a2 004e8e93 addi             x29, x29, 4         x29=10000214 x29:10000210
20531601ns          345583 1c00817e 40af87b3 sub              x15, x31, x10       x15=00000020 x31:10000a24 x10:10000a04
20531621ns          345584 1c008182 ffc78793 addi             x15, x15, -4        x15=0000001c x15:00000020
20531641ns          345585 1c008184 0027d793 srli             x15, x15, 0x2       x15=00000007 x15:0000001c
20531661ns          345586 1c008186 01d00833 add              x16, x0, x29        x16=10000214 x29:10000214
20531680ns          345587 1c008188 00a00633 add              x12, x0, x10        x12=10000a04 x10:10000a04
20531700ns          345588 1c00818a 00000713 addi             x14, x0, 0          x14=00000000
20531720ns          345589 1c00818c 00178793 addi             x15, x15, 1         x15=00000008 x15:00000007
20531740ns          345590 1c00818e 0067c0fb lp.setup         0x1, x15, 0x6       x15:00000008
20531760ns          345591 1c008192 0046230b p.lw             x6, 4(x12!)          x6=00000375 x12=10000a08 x12:10000a04  PA:10000a04
20531780ns          345592 1c008196 2078788b p.lw             x17, x7(x16!)       x17=00000005 x16=10000234  x7:00000020 x16:10000214  PA:10000214
20531820ns          345594 1c00819a 43130733 p.mac            x14, x6, x17        x14=00001149 x14:00000000  x6:00000375 x17:00000005
20531840ns          345595 1c008192 0046230b p.lw             x6, 4(x12!)          x6=00000388 x12=10000a0c x12:10000a08  PA:10000a08
20531859ns          345596 1c008196 2078788b p.lw             x17, x7(x16!)       x17=fffffffd x16=10000254  x7:00000020 x16:10000234  PA:10000234
20531899ns          345598 1c00819a 43130733 p.mac            x14, x6, x17        x14=000006b1 x14:00001149  x6:00000388 x17:fffffffd
20531919ns          345599 1c008192 0046230b p.lw             x6, 4(x12!)          x6=0000039b x12=10000a10 x12:10000a0c  PA:10000a0c
20531939ns          345600 1c008196 2078788b p.lw             x17, x7(x16!)       x17=fffffff5 x16=10000274  x7:00000020 x16:10000254  PA:10000254
20531979ns          345602 1c00819a 43130733 p.mac            x14, x6, x17        x14=ffffdf08 x14:000006b1  x6:0000039b x17:fffffff5
20531999ns          345603 1c008192 0046230b p.lw             x6, 4(x12!)          x6=000003ae x12=10000a14 x12:10000a10  PA:10000a10
20532019ns          345604 1c008196 2078788b p.lw             x17, x7(x16!)       x17=ffffffed x16=10000294  x7:00000020 x16:10000274  PA:10000274
20532058ns          345606 1c00819a 43130733 p.mac            x14, x6, x17        x14=ffff991e x14:ffffdf08  x6:000003ae x17:ffffffed
20532078ns          345607 1c008192 0046230b p.lw             x6, 4(x12!)          x6=000003c1 x12=10000a18 x12:10000a14  PA:10000a14
20532098ns          345608 1c008196 2078788b p.lw             x17, x7(x16!)       x17=ffffffe5 x16=100002b4  x7:00000020 x16:10000294  PA:10000294
20532138ns          345610 1c00819a 43130733 p.mac            x14, x6, x17        x14=ffff33c3 x14:ffff991e  x6:000003c1 x17:ffffffe5
20532158ns          345611 1c008192 0046230b p.lw             x6, 4(x12!)          x6=000003d4 x12=10000a1c x12:10000a18  PA:10000a18
20532178ns          345612 1c008196 2078788b p.lw             x17, x7(x16!)       x17=ffffffdd x16=100002d4  x7:00000020 x16:100002b4  PA:100002b4
20532217ns          345614 1c00819a 43130733 p.mac            x14, x6, x17        x14=fffeadc7 x14:ffff33c3  x6:000003d4 x17:ffffffdd
20532237ns          345615 1c008192 0046230b p.lw             x6, 4(x12!)          x6=000003e7 x12=10000a20 x12:10000a1c  PA:10000a1c
20532257ns          345616 1c008196 2078788b p.lw             x17, x7(x16!)       x17=ffffffd5 x16=100002f4  x7:00000020 x16:100002d4  PA:100002d4
20532297ns          345618 1c00819a 43130733 p.mac            x14, x6, x17        x14=fffe05fa x14:fffeadc7  x6:000003e7 x17:ffffffd5
20532317ns          345619 1c008192 0046230b p.lw             x6, 4(x12!)          x6=000003fa x12=10000a24 x12:10000a20  PA:10000a20
20532337ns          345620 1c008196 2078788b p.lw             x17, x7(x16!)       x17=ffffffcd x16=10000314  x7:00000020 x16:100002f4  PA:100002f4
20532377ns          345622 1c00819a 43130733 p.mac            x14, x6, x17        x14=fffd3b2c x14:fffe05fa  x6:000003fa x17:ffffffcd
20532397ns          345623 1c00819e 00ef222b p.sw             x14, 4(x30!)        x30=10000918 x14:fffd3b2c x30:10000914  PA:10000914
20532416ns          345624 1c0081a2 004e8e93 addi             x29, x29, 4         x29=10000218 x29:10000214
20532456ns          345626 1c00817e 40af87b3 sub              x15, x31, x10       x15=00000020 x31:10000a24 x10:10000a04
20532476ns          345627 1c008182 ffc78793 addi             x15, x15, -4        x15=0000001c x15:00000020
20532496ns          345628 1c008184 0027d793 srli             x15, x15, 0x2       x15=00000007 x15:0000001c
20532516ns          345629 1c008186 01d00833 add              x16, x0, x29        x16=10000218 x29:10000218
20532536ns          345630 1c008188 00a00633 add              x12, x0, x10        x12=10000a04 x10:10000a04
20532556ns          345631 1c00818a 00000713 addi             x14, x0, 0          x14=00000000
20532576ns          345632 1c00818c 00178793 addi             x15, x15, 1         x15=00000008 x15:00000007
20532595ns          345633 1c00818e 0067c0fb lp.setup         0x1, x15, 0x6       x15:00000008
20532615ns          345634 1c008192 0046230b p.lw             x6, 4(x12!)          x6=00000375 x12=10000a08 x12:10000a04  PA:10000a04
20532635ns          345635 1c008196 2078788b p.lw             x17, x7(x16!)       x17=00000004 x16=10000238  x7:00000020 x16:10000218  PA:10000218
20532675ns          345637 1c00819a 43130733 p.mac            x14, x6, x17        x14=00000dd4 x14:00000000  x6:00000375 x17:00000004
20532695ns          345638 1c008192 0046230b p.lw             x6, 4(x12!)          x6=00000388 x12=10000a0c x12:10000a08  PA:10000a08
20532715ns          345639 1c008196 2078788b p.lw             x17, x7(x16!)       x17=fffffffc x16=10000258  x7:00000020 x16:10000238  PA:10000238
20532755ns          345641 1c00819a 43130733 p.mac            x14, x6, x17        x14=ffffffb4 x14:00000dd4  x6:00000388 x17:fffffffc
20532774ns          345642 1c008192 0046230b p.lw             x6, 4(x12!)          x6=0000039b x12=10000a10 x12:10000a0c  PA:10000a0c
20532794ns          345643 1c008196 2078788b p.lw             x17, x7(x16!)       x17=fffffff4 x16=10000278  x7:00000020 x16:10000258  PA:10000258
20532834ns          345645 1c00819a 43130733 p.mac            x14, x6, x17        x14=ffffd470 x14:ffffffb4  x6:0000039b x17:fffffff4
20532854ns          345646 1c008192 0046230b p.lw             x6, 4(x12!)          x6=000003ae x12=10000a14 x12:10000a10  PA:10000a10
20532874ns          345647 1c008196 2078788b p.lw             x17, x7(x16!)       x17=ffffffec x16=10000298  x7:00000020 x16:10000278  PA:10000278
20532914ns          345649 1c00819a 43130733 p.mac            x14, x6, x17        x14=ffff8ad8 x14:ffffd470  x6:000003ae x17:ffffffec
20532934ns          345650 1c008192 0046230b p.lw             x6, 4(x12!)          x6=000003c1 x12=10000a18 x12:10000a14  PA:10000a14
20532953ns          345651 1c008196 2078788b p.lw             x17, x7(x16!)       x17=ffffffe4 x16=100002b8  x7:00000020 x16:10000298  PA:10000298
20532993ns          345653 1c00819a 43130733 p.mac            x14, x6, x17        x14=ffff21bc x14:ffff8ad8  x6:000003c1 x17:ffffffe4
20533013ns          345654 1c008192 0046230b p.lw             x6, 4(x12!)          x6=000003d4 x12=10000a1c x12:10000a18  PA:10000a18
20533033ns          345655 1c008196 2078788b p.lw             x17, x7(x16!)       x17=ffffffdc x16=100002d8  x7:00000020 x16:100002b8  PA:100002b8
20533073ns          345657 1c00819a 43130733 p.mac            x14, x6, x17        x14=fffe97ec x14:ffff21bc  x6:000003d4 x17:ffffffdc
20533093ns          345658 1c008192 0046230b p.lw             x6, 4(x12!)          x6=000003e7 x12=10000a20 x12:10000a1c  PA:10000a1c
20533113ns          345659 1c008196 2078788b p.lw             x17, x7(x16!)       x17=ffffffd4 x16=100002f8  x7:00000020 x16:100002d8  PA:100002d8
20533152ns          345661 1c00819a 43130733 p.mac            x14, x6, x17        x14=fffdec38 x14:fffe97ec  x6:000003e7 x17:ffffffd4
20533172ns          345662 1c008192 0046230b p.lw             x6, 4(x12!)          x6=000003fa x12=10000a24 x12:10000a20  PA:10000a20
20533192ns          345663 1c008196 2078788b p.lw             x17, x7(x16!)       x17=ffffffcc x16=10000318  x7:00000020 x16:100002f8  PA:100002f8
20533232ns          345665 1c00819a 43130733 p.mac            x14, x6, x17        x14=fffd1d70 x14:fffdec38  x6:000003fa x17:ffffffcc
20533252ns          345666 1c00819e 00ef222b p.sw             x14, 4(x30!)        x30=1000091c x14:fffd1d70 x30:10000918  PA:10000918
20533272ns          345667 1c0081a2 004e8e93 addi             x29, x29, 4         x29=1000021c x29:10000218
20533311ns          345669 1c00817e 40af87b3 sub              x15, x31, x10       x15=00000020 x31:10000a24 x10:10000a04
20533331ns          345670 1c008182 ffc78793 addi             x15, x15, -4        x15=0000001c x15:00000020
20533351ns          345671 1c008184 0027d793 srli             x15, x15, 0x2       x15=00000007 x15:0000001c
20533371ns          345672 1c008186 01d00833 add              x16, x0, x29        x16=1000021c x29:1000021c
20533391ns          345673 1c008188 00a00633 add              x12, x0, x10        x12=10000a04 x10:10000a04
20533411ns          345674 1c00818a 00000713 addi             x14, x0, 0          x14=00000000
20533431ns          345675 1c00818c 00178793 addi             x15, x15, 1         x15=00000008 x15:00000007
20533451ns          345676 1c00818e 0067c0fb lp.setup         0x1, x15, 0x6       x15:00000008
20533471ns          345677 1c008192 0046230b p.lw             x6, 4(x12!)          x6=00000375 x12=10000a08 x12:10000a04  PA:10000a04
20533490ns          345678 1c008196 2078788b p.lw             x17, x7(x16!)       x17=00000003 x16=1000023c  x7:00000020 x16:1000021c  PA:1000021c
20533530ns          345680 1c00819a 43130733 p.mac            x14, x6, x17        x14=00000a5f x14:00000000  x6:00000375 x17:00000003
20533550ns          345681 1c008192 0046230b p.lw             x6, 4(x12!)          x6=00000388 x12=10000a0c x12:10000a08  PA:10000a08
20533570ns          345682 1c008196 2078788b p.lw             x17, x7(x16!)       x17=fffffffb x16=1000025c  x7:00000020 x16:1000023c  PA:1000023c
20533610ns          345684 1c00819a 43130733 p.mac            x14, x6, x17        x14=fffff8b7 x14:00000a5f  x6:00000388 x17:fffffffb
20533630ns          345685 1c008192 0046230b p.lw             x6, 4(x12!)          x6=0000039b x12=10000a10 x12:10000a0c  PA:10000a0c
20533650ns          345686 1c008196 2078788b p.lw             x17, x7(x16!)       x17=fffffff3 x16=1000027c  x7:00000020 x16:1000025c  PA:1000025c
20533689ns          345688 1c00819a 43130733 p.mac            x14, x6, x17        x14=ffffc9d8 x14:fffff8b7  x6:0000039b x17:fffffff3
20533709ns          345689 1c008192 0046230b p.lw             x6, 4(x12!)          x6=000003ae x12=10000a14 x12:10000a10  PA:10000a10
20533729ns          345690 1c008196 2078788b p.lw             x17, x7(x16!)       x17=ffffffeb x16=1000029c  x7:00000020 x16:1000027c  PA:1000027c
20533769ns          345692 1c00819a 43130733 p.mac            x14, x6, x17        x14=ffff7c92 x14:ffffc9d8  x6:000003ae x17:ffffffeb
20533789ns          345693 1c008192 0046230b p.lw             x6, 4(x12!)          x6=000003c1 x12=10000a18 x12:10000a14  PA:10000a14
20533809ns          345694 1c008196 2078788b p.lw             x17, x7(x16!)       x17=ffffffe3 x16=100002bc  x7:00000020 x16:1000029c  PA:1000029c
20533849ns          345696 1c00819a 43130733 p.mac            x14, x6, x17        x14=ffff0fb5 x14:ffff7c92  x6:000003c1 x17:ffffffe3
20533868ns          345697 1c008192 0046230b p.lw             x6, 4(x12!)          x6=000003d4 x12=10000a1c x12:10000a18  PA:10000a18
20533888ns          345698 1c008196 2078788b p.lw             x17, x7(x16!)       x17=ffffffdb x16=100002dc  x7:00000020 x16:100002bc  PA:100002bc
20533928ns          345700 1c00819a 43130733 p.mac            x14, x6, x17        x14=fffe8211 x14:ffff0fb5  x6:000003d4 x17:ffffffdb
20533948ns          345701 1c008192 0046230b p.lw             x6, 4(x12!)          x6=000003e7 x12=10000a20 x12:10000a1c  PA:10000a1c
20533968ns          345702 1c008196 2078788b p.lw             x17, x7(x16!)       x17=ffffffd3 x16=100002fc  x7:00000020 x16:100002dc  PA:100002dc
20534008ns          345704 1c00819a 43130733 p.mac            x14, x6, x17        x14=fffdd276 x14:fffe8211  x6:000003e7 x17:ffffffd3
20534028ns          345705 1c008192 0046230b p.lw             x6, 4(x12!)          x6=000003fa x12=10000a24 x12:10000a20  PA:10000a20
20534047ns          345706 1c008196 2078788b p.lw             x17, x7(x16!)       x17=ffffffcb x16=1000031c  x7:00000020 x16:100002fc  PA:100002fc
20534087ns          345708 1c00819a 43130733 p.mac            x14, x6, x17        x14=fffcffb4 x14:fffdd276  x6:000003fa x17:ffffffcb
20534107ns          345709 1c00819e 00ef222b p.sw             x14, 4(x30!)        x30=10000920 x14:fffcffb4 x30:1000091c  PA:1000091c
20534127ns          345710 1c0081a2 004e8e93 addi             x29, x29, 4         x29=10000220 x29:1000021c
20534167ns          345712 1c00817e 40af87b3 sub              x15, x31, x10       x15=00000020 x31:10000a24 x10:10000a04
20534187ns          345713 1c008182 ffc78793 addi             x15, x15, -4        x15=0000001c x15:00000020
20534207ns          345714 1c008184 0027d793 srli             x15, x15, 0x2       x15=00000007 x15:0000001c
20534226ns          345715 1c008186 01d00833 add              x16, x0, x29        x16=10000220 x29:10000220
20534246ns          345716 1c008188 00a00633 add              x12, x0, x10        x12=10000a04 x10:10000a04
20534266ns          345717 1c00818a 00000713 addi             x14, x0, 0          x14=00000000
20534286ns          345718 1c00818c 00178793 addi             x15, x15, 1         x15=00000008 x15:00000007
20534306ns          345719 1c00818e 0067c0fb lp.setup         0x1, x15, 0x6       x15:00000008
20534326ns          345720 1c008192 0046230b p.lw             x6, 4(x12!)          x6=00000375 x12=10000a08 x12:10000a04  PA:10000a04
20534346ns          345721 1c008196 2078788b p.lw             x17, x7(x16!)       x17=00000002 x16=10000240  x7:00000020 x16:10000220  PA:10000220
20534386ns          345723 1c00819a 43130733 p.mac            x14, x6, x17        x14=000006ea x14:00000000  x6:00000375 x17:00000002
20534405ns          345724 1c008192 0046230b p.lw             x6, 4(x12!)          x6=00000388 x12=10000a0c x12:10000a08  PA:10000a08
20534425ns          345725 1c008196 2078788b p.lw             x17, x7(x16!)       x17=fffffffa x16=10000260  x7:00000020 x16:10000240  PA:10000240
20534465ns          345727 1c00819a 43130733 p.mac            x14, x6, x17        x14=fffff1ba x14:000006ea  x6:00000388 x17:fffffffa
20534485ns          345728 1c008192 0046230b p.lw             x6, 4(x12!)          x6=0000039b x12=10000a10 x12:10000a0c  PA:10000a0c
20534505ns          345729 1c008196 2078788b p.lw             x17, x7(x16!)       x17=fffffff2 x16=10000280  x7:00000020 x16:10000260  PA:10000260
20534545ns          345731 1c00819a 43130733 p.mac            x14, x6, x17        x14=ffffbf40 x14:fffff1ba  x6:0000039b x17:fffffff2
20534565ns          345732 1c008192 0046230b p.lw             x6, 4(x12!)          x6=000003ae x12=10000a14 x12:10000a10  PA:10000a10
20534584ns          345733 1c008196 2078788b p.lw             x17, x7(x16!)       x17=ffffffea x16=100002a0  x7:00000020 x16:10000280  PA:10000280
20534624ns          345735 1c00819a 43130733 p.mac            x14, x6, x17        x14=ffff6e4c x14:ffffbf40  x6:000003ae x17:ffffffea
20534644ns          345736 1c008192 0046230b p.lw             x6, 4(x12!)          x6=000003c1 x12=10000a18 x12:10000a14  PA:10000a14
20534664ns          345737 1c008196 2078788b p.lw             x17, x7(x16!)       x17=ffffffe2 x16=100002c0  x7:00000020 x16:100002a0  PA:100002a0
20534704ns          345739 1c00819a 43130733 p.mac            x14, x6, x17        x14=fffefdae x14:ffff6e4c  x6:000003c1 x17:ffffffe2
20534724ns          345740 1c008192 0046230b p.lw             x6, 4(x12!)          x6=000003d4 x12=10000a1c x12:10000a18  PA:10000a18
20534744ns          345741 1c008196 2078788b p.lw             x17, x7(x16!)       x17=ffffffda x16=100002e0  x7:00000020 x16:100002c0  PA:100002c0
20534783ns          345743 1c00819a 43130733 p.mac            x14, x6, x17        x14=fffe6c36 x14:fffefdae  x6:000003d4 x17:ffffffda
20534803ns          345744 1c008192 0046230b p.lw             x6, 4(x12!)          x6=000003e7 x12=10000a20 x12:10000a1c  PA:10000a1c
20534823ns          345745 1c008196 2078788b p.lw             x17, x7(x16!)       x17=ffffffd2 x16=10000300  x7:00000020 x16:100002e0  PA:100002e0
20534863ns          345747 1c00819a 43130733 p.mac            x14, x6, x17        x14=fffdb8b4 x14:fffe6c36  x6:000003e7 x17:ffffffd2
20534883ns          345748 1c008192 0046230b p.lw             x6, 4(x12!)          x6=000003fa x12=10000a24 x12:10000a20  PA:10000a20
20534903ns          345749 1c008196 2078788b p.lw             x17, x7(x16!)       x17=ffffffca x16=10000320  x7:00000020 x16:10000300  PA:10000300
20534943ns          345751 1c00819a 43130733 p.mac            x14, x6, x17        x14=fffce1f8 x14:fffdb8b4  x6:000003fa x17:ffffffca
20534962ns          345752 1c00819e 00ef222b p.sw             x14, 4(x30!)        x30=10000924 x14:fffce1f8 x30:10000920  PA:10000920
20534982ns          345753 1c0081a2 004e8e93 addi             x29, x29, 4         x29=10000224 x29:10000220
20535002ns          345754 1c0081a4 00128293 addi             x5, x5, 1            x5=00000001  x5:00000000
20535022ns          345755 1c0081a6 00750533 add              x10, x10, x7        x10=10000a24 x10:10000a04  x7:00000020
20535042ns          345756 1c0081a8 007f8fb3 add              x31, x31, x7        x31=10000a44 x31:10000a24  x7:00000020
20535062ns          345757 1c0081aa fa569fe3 bne              x13, x5, -66        x13:00000008  x5:00000001
20535122ns          345760 1c008168 40b48e33 sub              x28, x9, x11        x28=00000020  x9:10000224 x11:10000204
20535141ns          345761 1c00816c ffce0e13 addi             x28, x28, -4        x28=0000001c x28:00000020
20535161ns          345762 1c00816e 002e5e13 srli             x28, x28, 0x2       x28=00000007 x28:0000001c
20535181ns          345763 1c008172 008f8f33 add              x30, x31, x8        x30=10000924 x31:10000a44  x8:fffffee0
20535201ns          345764 1c008176 00b00eb3 add              x29, x0, x11        x29=10000204 x11:10000204
20535221ns          345765 1c008178 001e0e13 addi             x28, x28, 1         x28=00000008 x28:00000007
20535241ns          345766 1c00817a 014e407b lp.setup         0x0, x28, 0x14      x28:00000008
20535261ns          345767 1c00817e 40af87b3 sub              x15, x31, x10       x15=00000020 x31:10000a44 x10:10000a24
20535281ns          345768 1c008182 ffc78793 addi             x15, x15, -4        x15=0000001c x15:00000020
20535301ns          345769 1c008184 0027d793 srli             x15, x15, 0x2       x15=00000007 x15:0000001c
20535320ns          345770 1c008186 01d00833 add              x16, x0, x29        x16=10000204 x29:10000204
20535340ns          345771 1c008188 00a00633 add              x12, x0, x10        x12=10000a24 x10:10000a24
20535360ns          345772 1c00818a 00000713 addi             x14, x0, 0          x14=00000000
20535380ns          345773 1c00818c 00178793 addi             x15, x15, 1         x15=00000008 x15:00000007
20535400ns          345774 1c00818e 0067c0fb lp.setup         0x1, x15, 0x6       x15:00000008
20535420ns          345775 1c008192 0046230b p.lw             x6, 4(x12!)          x6=00000a2d x12=10000a28 x12:10000a24  PA:10000a24
20535440ns          345776 1c008196 2078788b p.lw             x17, x7(x16!)       x17=00000009 x16=10000224  x7:00000020 x16:10000204  PA:10000204
20535480ns          345778 1c00819a 43130733 p.mac            x14, x6, x17        x14=00005b95 x14:00000000  x6:00000a2d x17:00000009
20535499ns          345779 1c008192 0046230b p.lw             x6, 4(x12!)          x6=00000a80 x12=10000a2c x12:10000a28  PA:10000a28
20535519ns          345780 1c008196 2078788b p.lw             x17, x7(x16!)       x17=00000001 x16=10000244  x7:00000020 x16:10000224  PA:10000224
20535559ns          345782 1c00819a 43130733 p.mac            x14, x6, x17        x14=00006615 x14:00005b95  x6:00000a80 x17:00000001
20535579ns          345783 1c008192 0046230b p.lw             x6, 4(x12!)          x6=00000ad3 x12=10000a30 x12:10000a2c  PA:10000a2c
20535599ns          345784 1c008196 2078788b p.lw             x17, x7(x16!)       x17=fffffff9 x16=10000264  x7:00000020 x16:10000244  PA:10000244
20535659ns          345787 1c00819a 43130733 p.mac            x14, x6, x17        x14=00001a50 x14:00006615  x6:00000ad3 x17:fffffff9
20535678ns          345788 1c008192 0046230b p.lw             x6, 4(x12!)          x6=00000b26 x12=10000a34 x12:10000a30  PA:10000a30
20535698ns          345789 1c008196 2078788b p.lw             x17, x7(x16!)       x17=fffffff1 x16=10000284  x7:00000020 x16:10000264  PA:10000264
20535738ns          345791 1c00819a 43130733 p.mac            x14, x6, x17        x14=ffff7316 x14:00001a50  x6:00000b26 x17:fffffff1
20535758ns          345792 1c008192 0046230b p.lw             x6, 4(x12!)          x6=00000b79 x12=10000a38 x12:10000a34  PA:10000a34
20535778ns          345793 1c008196 2078788b p.lw             x17, x7(x16!)       x17=ffffffe9 x16=100002a4  x7:00000020 x16:10000284  PA:10000284
20535818ns          345795 1c00819a 43130733 p.mac            x14, x6, x17        x14=fffe6b37 x14:ffff7316  x6:00000b79 x17:ffffffe9
20535838ns          345796 1c008192 0046230b p.lw             x6, 4(x12!)          x6=00000bcc x12=10000a3c x12:10000a38  PA:10000a38
20535857ns          345797 1c008196 2078788b p.lw             x17, x7(x16!)       x17=ffffffe1 x16=100002c4  x7:00000020 x16:100002a4  PA:100002a4
20535897ns          345799 1c00819a 43130733 p.mac            x14, x6, x17        x14=fffcfd83 x14:fffe6b37  x6:00000bcc x17:ffffffe1
20535917ns          345800 1c008192 0046230b p.lw             x6, 4(x12!)          x6=00000c1f x12=10000a40 x12:10000a3c  PA:10000a3c
20535937ns          345801 1c008196 2078788b p.lw             x17, x7(x16!)       x17=ffffffd9 x16=100002e4  x7:00000020 x16:100002c4  PA:100002c4
20535977ns          345803 1c00819a 43130733 p.mac            x14, x6, x17        x14=fffb24ca x14:fffcfd83  x6:00000c1f x17:ffffffd9
20535997ns          345804 1c008192 0046230b p.lw             x6, 4(x12!)          x6=00000c72 x12=10000a44 x12:10000a40  PA:10000a40
20536017ns          345805 1c008196 2078788b p.lw             x17, x7(x16!)       x17=ffffffd1 x16=10000304  x7:00000020 x16:100002e4  PA:100002e4
20536056ns          345807 1c00819a 43130733 p.mac            x14, x6, x17        x14=fff8dbdc x14:fffb24ca  x6:00000c72 x17:ffffffd1
20536076ns          345808 1c00819e 00ef222b p.sw             x14, 4(x30!)        x30=10000928 x14:fff8dbdc x30:10000924  PA:10000924
20536096ns          345809 1c0081a2 004e8e93 addi             x29, x29, 4         x29=10000208 x29:10000204
20536136ns          345811 1c00817e 40af87b3 sub              x15, x31, x10       x15=00000020 x31:10000a44 x10:10000a24
20536156ns          345812 1c008182 ffc78793 addi             x15, x15, -4        x15=0000001c x15:00000020
20536176ns          345813 1c008184 0027d793 srli             x15, x15, 0x2       x15=00000007 x15:0000001c
20536196ns          345814 1c008186 01d00833 add              x16, x0, x29        x16=10000208 x29:10000208
20536216ns          345815 1c008188 00a00633 add              x12, x0, x10        x12=10000a24 x10:10000a24
20536235ns          345816 1c00818a 00000713 addi             x14, x0, 0          x14=00000000
20536255ns          345817 1c00818c 00178793 addi             x15, x15, 1         x15=00000008 x15:00000007
20536275ns          345818 1c00818e 0067c0fb lp.setup         0x1, x15, 0x6       x15:00000008
20536295ns          345819 1c008192 0046230b p.lw             x6, 4(x12!)          x6=00000a2d x12=10000a28 x12:10000a24  PA:10000a24
20536315ns          345820 1c008196 2078788b p.lw             x17, x7(x16!)       x17=00000008 x16=10000228  x7:00000020 x16:10000208  PA:10000208
20536355ns          345822 1c00819a 43130733 p.mac            x14, x6, x17        x14=00005168 x14:00000000  x6:00000a2d x17:00000008
20536375ns          345823 1c008192 0046230b p.lw             x6, 4(x12!)          x6=00000a80 x12=10000a2c x12:10000a28  PA:10000a28
20536414ns          345825 1c008196 2078788b p.lw             x17, x7(x16!)       x17=00000000 x16=10000248  x7:00000020 x16:10000228  PA:10000228
20536454ns          345827 1c00819a 43130733 p.mac            x14, x6, x17        x14=00005168 x14:00005168  x6:00000a80 x17:00000000
20536474ns          345828 1c008192 0046230b p.lw             x6, 4(x12!)          x6=00000ad3 x12=10000a30 x12:10000a2c  PA:10000a2c
20536494ns          345829 1c008196 2078788b p.lw             x17, x7(x16!)       x17=fffffff8 x16=10000268  x7:00000020 x16:10000248  PA:10000248
20536534ns          345831 1c00819a 43130733 p.mac            x14, x6, x17        x14=fffffad0 x14:00005168  x6:00000ad3 x17:fffffff8
20536554ns          345832 1c008192 0046230b p.lw             x6, 4(x12!)          x6=00000b26 x12=10000a34 x12:10000a30  PA:10000a30
20536574ns          345833 1c008196 2078788b p.lw             x17, x7(x16!)       x17=fffffff0 x16=10000288  x7:00000020 x16:10000268  PA:10000268
20536613ns          345835 1c00819a 43130733 p.mac            x14, x6, x17        x14=ffff4870 x14:fffffad0  x6:00000b26 x17:fffffff0
20536633ns          345836 1c008192 0046230b p.lw             x6, 4(x12!)          x6=00000b79 x12=10000a38 x12:10000a34  PA:10000a34
20536653ns          345837 1c008196 2078788b p.lw             x17, x7(x16!)       x17=ffffffe8 x16=100002a8  x7:00000020 x16:10000288  PA:10000288
20536693ns          345839 1c00819a 43130733 p.mac            x14, x6, x17        x14=fffe3518 x14:ffff4870  x6:00000b79 x17:ffffffe8
20536713ns          345840 1c008192 0046230b p.lw             x6, 4(x12!)          x6=00000bcc x12=10000a3c x12:10000a38  PA:10000a38
20536733ns          345841 1c008196 2078788b p.lw             x17, x7(x16!)       x17=ffffffe0 x16=100002c8  x7:00000020 x16:100002a8  PA:100002a8
20536772ns          345843 1c00819a 43130733 p.mac            x14, x6, x17        x14=fffcbb98 x14:fffe3518  x6:00000bcc x17:ffffffe0
20536792ns          345844 1c008192 0046230b p.lw             x6, 4(x12!)          x6=00000c1f x12=10000a40 x12:10000a3c  PA:10000a3c
20536812ns          345845 1c008196 2078788b p.lw             x17, x7(x16!)       x17=ffffffd8 x16=100002e8  x7:00000020 x16:100002c8  PA:100002c8
20536852ns          345847 1c00819a 43130733 p.mac            x14, x6, x17        x14=fffad6c0 x14:fffcbb98  x6:00000c1f x17:ffffffd8
20536872ns          345848 1c008192 0046230b p.lw             x6, 4(x12!)          x6=00000c72 x12=10000a44 x12:10000a40  PA:10000a40
20536892ns          345849 1c008196 2078788b p.lw             x17, x7(x16!)       x17=ffffffd0 x16=10000308  x7:00000020 x16:100002e8  PA:100002e8
20536932ns          345851 1c00819a 43130733 p.mac            x14, x6, x17        x14=fff88160 x14:fffad6c0  x6:00000c72 x17:ffffffd0
20536951ns          345852 1c00819e 00ef222b p.sw             x14, 4(x30!)        x30=1000092c x14:fff88160 x30:10000928  PA:10000928
20536971ns          345853 1c0081a2 004e8e93 addi             x29, x29, 4         x29=1000020c x29:10000208
20537011ns          345855 1c00817e 40af87b3 sub              x15, x31, x10       x15=00000020 x31:10000a44 x10:10000a24
20537031ns          345856 1c008182 ffc78793 addi             x15, x15, -4        x15=0000001c x15:00000020
20537051ns          345857 1c008184 0027d793 srli             x15, x15, 0x2       x15=00000007 x15:0000001c
20537071ns          345858 1c008186 01d00833 add              x16, x0, x29        x16=1000020c x29:1000020c
20537091ns          345859 1c008188 00a00633 add              x12, x0, x10        x12=10000a24 x10:10000a24
20537111ns          345860 1c00818a 00000713 addi             x14, x0, 0          x14=00000000
20537131ns          345861 1c00818c 00178793 addi             x15, x15, 1         x15=00000008 x15:00000007
20537150ns          345862 1c00818e 0067c0fb lp.setup         0x1, x15, 0x6       x15:00000008
20537170ns          345863 1c008192 0046230b p.lw             x6, 4(x12!)          x6=00000a2d x12=10000a28 x12:10000a24  PA:10000a24
20537190ns          345864 1c008196 2078788b p.lw             x17, x7(x16!)       x17=00000007 x16=1000022c  x7:00000020 x16:1000020c  PA:1000020c
20537230ns          345866 1c00819a 43130733 p.mac            x14, x6, x17        x14=0000473b x14:00000000  x6:00000a2d x17:00000007
20537250ns          345867 1c008192 0046230b p.lw             x6, 4(x12!)          x6=00000a80 x12=10000a2c x12:10000a28  PA:10000a28
20537270ns          345868 1c008196 2078788b p.lw             x17, x7(x16!)       x17=ffffffff x16=1000024c  x7:00000020 x16:1000022c  PA:1000022c
20537310ns          345870 1c00819a 43130733 p.mac            x14, x6, x17        x14=00003cbb x14:0000473b  x6:00000a80 x17:ffffffff
20537329ns          345871 1c008192 0046230b p.lw             x6, 4(x12!)          x6=00000ad3 x12=10000a30 x12:10000a2c  PA:10000a2c
20537349ns          345872 1c008196 2078788b p.lw             x17, x7(x16!)       x17=fffffff7 x16=1000026c  x7:00000020 x16:1000024c  PA:1000024c
20537389ns          345874 1c00819a 43130733 p.mac            x14, x6, x17        x14=ffffdb50 x14:00003cbb  x6:00000ad3 x17:fffffff7
20537409ns          345875 1c008192 0046230b p.lw             x6, 4(x12!)          x6=00000b26 x12=10000a34 x12:10000a30  PA:10000a30
20537429ns          345876 1c008196 2078788b p.lw             x17, x7(x16!)       x17=ffffffef x16=1000028c  x7:00000020 x16:1000026c  PA:1000026c
20537469ns          345878 1c00819a 43130733 p.mac            x14, x6, x17        x14=ffff1dca x14:ffffdb50  x6:00000b26 x17:ffffffef
20537489ns          345879 1c008192 0046230b p.lw             x6, 4(x12!)          x6=00000b79 x12=10000a38 x12:10000a34  PA:10000a34
20537508ns          345880 1c008196 2078788b p.lw             x17, x7(x16!)       x17=ffffffe7 x16=100002ac  x7:00000020 x16:1000028c  PA:1000028c
20537548ns          345882 1c00819a 43130733 p.mac            x14, x6, x17        x14=fffdfef9 x14:ffff1dca  x6:00000b79 x17:ffffffe7
20537568ns          345883 1c008192 0046230b p.lw             x6, 4(x12!)          x6=00000bcc x12=10000a3c x12:10000a38  PA:10000a38
20537588ns          345884 1c008196 2078788b p.lw             x17, x7(x16!)       x17=ffffffdf x16=100002cc  x7:00000020 x16:100002ac  PA:100002ac
20537628ns          345886 1c00819a 43130733 p.mac            x14, x6, x17        x14=fffc79ad x14:fffdfef9  x6:00000bcc x17:ffffffdf
20537648ns          345887 1c008192 0046230b p.lw             x6, 4(x12!)          x6=00000c1f x12=10000a40 x12:10000a3c  PA:10000a3c
20537668ns          345888 1c008196 2078788b p.lw             x17, x7(x16!)       x17=ffffffd7 x16=100002ec  x7:00000020 x16:100002cc  PA:100002cc
20537707ns          345890 1c00819a 43130733 p.mac            x14, x6, x17        x14=fffa88b6 x14:fffc79ad  x6:00000c1f x17:ffffffd7
20537727ns          345891 1c008192 0046230b p.lw             x6, 4(x12!)          x6=00000c72 x12=10000a44 x12:10000a40  PA:10000a40
20537747ns          345892 1c008196 2078788b p.lw             x17, x7(x16!)       x17=ffffffcf x16=1000030c  x7:00000020 x16:100002ec  PA:100002ec
20537787ns          345894 1c00819a 43130733 p.mac            x14, x6, x17        x14=fff826e4 x14:fffa88b6  x6:00000c72 x17:ffffffcf
20537807ns          345895 1c00819e 00ef222b p.sw             x14, 4(x30!)        x30=10000930 x14:fff826e4 x30:1000092c  PA:1000092c
20537827ns          345896 1c0081a2 004e8e93 addi             x29, x29, 4         x29=10000210 x29:1000020c
20537866ns          345898 1c00817e 40af87b3 sub              x15, x31, x10       x15=00000020 x31:10000a44 x10:10000a24
20537886ns          345899 1c008182 ffc78793 addi             x15, x15, -4        x15=0000001c x15:00000020
20537906ns          345900 1c008184 0027d793 srli             x15, x15, 0x2       x15=00000007 x15:0000001c
20537926ns          345901 1c008186 01d00833 add              x16, x0, x29        x16=10000210 x29:10000210
20537946ns          345902 1c008188 00a00633 add              x12, x0, x10        x12=10000a24 x10:10000a24
20537966ns          345903 1c00818a 00000713 addi             x14, x0, 0          x14=00000000
20537986ns          345904 1c00818c 00178793 addi             x15, x15, 1         x15=00000008 x15:00000007
20538006ns          345905 1c00818e 0067c0fb lp.setup         0x1, x15, 0x6       x15:00000008
20538026ns          345906 1c008192 0046230b p.lw             x6, 4(x12!)          x6=00000a2d x12=10000a28 x12:10000a24  PA:10000a24
20538045ns          345907 1c008196 2078788b p.lw             x17, x7(x16!)       x17=00000006 x16=10000230  x7:00000020 x16:10000210  PA:10000210
20538085ns          345909 1c00819a 43130733 p.mac            x14, x6, x17        x14=00003d0e x14:00000000  x6:00000a2d x17:00000006
20538105ns          345910 1c008192 0046230b p.lw             x6, 4(x12!)          x6=00000a80 x12=10000a2c x12:10000a28  PA:10000a28
20538125ns          345911 1c008196 2078788b p.lw             x17, x7(x16!)       x17=fffffffe x16=10000250  x7:00000020 x16:10000230  PA:10000230
20538165ns          345913 1c00819a 43130733 p.mac            x14, x6, x17        x14=0000280e x14:00003d0e  x6:00000a80 x17:fffffffe
20538185ns          345914 1c008192 0046230b p.lw             x6, 4(x12!)          x6=00000ad3 x12=10000a30 x12:10000a2c  PA:10000a2c
20538205ns          345915 1c008196 2078788b p.lw             x17, x7(x16!)       x17=fffffff6 x16=10000270  x7:00000020 x16:10000250  PA:10000250
20538244ns          345917 1c00819a 43130733 p.mac            x14, x6, x17        x14=ffffbbd0 x14:0000280e  x6:00000ad3 x17:fffffff6
20538264ns          345918 1c008192 0046230b p.lw             x6, 4(x12!)          x6=00000b26 x12=10000a34 x12:10000a30  PA:10000a30
20538284ns          345919 1c008196 2078788b p.lw             x17, x7(x16!)       x17=ffffffee x16=10000290  x7:00000020 x16:10000270  PA:10000270
20538344ns          345922 1c00819a 43130733 p.mac            x14, x6, x17        x14=fffef324 x14:ffffbbd0  x6:00000b26 x17:ffffffee
20538364ns          345923 1c008192 0046230b p.lw             x6, 4(x12!)          x6=00000b79 x12=10000a38 x12:10000a34  PA:10000a34
20538384ns          345924 1c008196 2078788b p.lw             x17, x7(x16!)       x17=ffffffe6 x16=100002b0  x7:00000020 x16:10000290  PA:10000290
20538423ns          345926 1c00819a 43130733 p.mac            x14, x6, x17        x14=fffdc8da x14:fffef324  x6:00000b79 x17:ffffffe6
20538443ns          345927 1c008192 0046230b p.lw             x6, 4(x12!)          x6=00000bcc x12=10000a3c x12:10000a38  PA:10000a38
20538463ns          345928 1c008196 2078788b p.lw             x17, x7(x16!)       x17=ffffffde x16=100002d0  x7:00000020 x16:100002b0  PA:100002b0
20538503ns          345930 1c00819a 43130733 p.mac            x14, x6, x17        x14=fffc37c2 x14:fffdc8da  x6:00000bcc x17:ffffffde
20538523ns          345931 1c008192 0046230b p.lw             x6, 4(x12!)          x6=00000c1f x12=10000a40 x12:10000a3c  PA:10000a3c
20538543ns          345932 1c008196 2078788b p.lw             x17, x7(x16!)       x17=ffffffd6 x16=100002f0  x7:00000020 x16:100002d0  PA:100002d0
20538583ns          345934 1c00819a 43130733 p.mac            x14, x6, x17        x14=fffa3aac x14:fffc37c2  x6:00000c1f x17:ffffffd6
20538602ns          345935 1c008192 0046230b p.lw             x6, 4(x12!)          x6=00000c72 x12=10000a44 x12:10000a40  PA:10000a40
20538622ns          345936 1c008196 2078788b p.lw             x17, x7(x16!)       x17=ffffffce x16=10000310  x7:00000020 x16:100002f0  PA:100002f0
20538662ns          345938 1c00819a 43130733 p.mac            x14, x6, x17        x14=fff7cc68 x14:fffa3aac  x6:00000c72 x17:ffffffce
20538682ns          345939 1c00819e 00ef222b p.sw             x14, 4(x30!)        x30=10000934 x14:fff7cc68 x30:10000930  PA:10000930
20538702ns          345940 1c0081a2 004e8e93 addi             x29, x29, 4         x29=10000214 x29:10000210
20538742ns          345942 1c00817e 40af87b3 sub              x15, x31, x10       x15=00000020 x31:10000a44 x10:10000a24
20538762ns          345943 1c008182 ffc78793 addi             x15, x15, -4        x15=0000001c x15:00000020
20538781ns          345944 1c008184 0027d793 srli             x15, x15, 0x2       x15=00000007 x15:0000001c
20538801ns          345945 1c008186 01d00833 add              x16, x0, x29        x16=10000214 x29:10000214
20538821ns          345946 1c008188 00a00633 add              x12, x0, x10        x12=10000a24 x10:10000a24
20538841ns          345947 1c00818a 00000713 addi             x14, x0, 0          x14=00000000
20538861ns          345948 1c00818c 00178793 addi             x15, x15, 1         x15=00000008 x15:00000007
20538881ns          345949 1c00818e 0067c0fb lp.setup         0x1, x15, 0x6       x15:00000008
20538901ns          345950 1c008192 0046230b p.lw             x6, 4(x12!)          x6=00000a2d x12=10000a28 x12:10000a24  PA:10000a24
20538921ns          345951 1c008196 2078788b p.lw             x17, x7(x16!)       x17=00000005 x16=10000234  x7:00000020 x16:10000214  PA:10000214
20538960ns          345953 1c00819a 43130733 p.mac            x14, x6, x17        x14=000032e1 x14:00000000  x6:00000a2d x17:00000005
20538980ns          345954 1c008192 0046230b p.lw             x6, 4(x12!)          x6=00000a80 x12=10000a2c x12:10000a28  PA:10000a28
20539000ns          345955 1c008196 2078788b p.lw             x17, x7(x16!)       x17=fffffffd x16=10000254  x7:00000020 x16:10000234  PA:10000234
20539040ns          345957 1c00819a 43130733 p.mac            x14, x6, x17        x14=00001361 x14:000032e1  x6:00000a80 x17:fffffffd
20539060ns          345958 1c008192 0046230b p.lw             x6, 4(x12!)          x6=00000ad3 x12=10000a30 x12:10000a2c  PA:10000a2c
20539080ns          345959 1c008196 2078788b p.lw             x17, x7(x16!)       x17=fffffff5 x16=10000274  x7:00000020 x16:10000254  PA:10000254
20539120ns          345961 1c00819a 43130733 p.mac            x14, x6, x17        x14=ffff9c50 x14:00001361  x6:00000ad3 x17:fffffff5
20539139ns          345962 1c008192 0046230b p.lw             x6, 4(x12!)          x6=00000b26 x12=10000a34 x12:10000a30  PA:10000a30
20539159ns          345963 1c008196 2078788b p.lw             x17, x7(x16!)       x17=ffffffed x16=10000294  x7:00000020 x16:10000274  PA:10000274
20539199ns          345965 1c00819a 43130733 p.mac            x14, x6, x17        x14=fffec87e x14:ffff9c50  x6:00000b26 x17:ffffffed
20539219ns          345966 1c008192 0046230b p.lw             x6, 4(x12!)          x6=00000b79 x12=10000a38 x12:10000a34  PA:10000a34
20539239ns          345967 1c008196 2078788b p.lw             x17, x7(x16!)       x17=ffffffe5 x16=100002b4  x7:00000020 x16:10000294  PA:10000294
20539279ns          345969 1c00819a 43130733 p.mac            x14, x6, x17        x14=fffd92bb x14:fffec87e  x6:00000b79 x17:ffffffe5
20539299ns          345970 1c008192 0046230b p.lw             x6, 4(x12!)          x6=00000bcc x12=10000a3c x12:10000a38  PA:10000a38
20539318ns          345971 1c008196 2078788b p.lw             x17, x7(x16!)       x17=ffffffdd x16=100002d4  x7:00000020 x16:100002b4  PA:100002b4
20539358ns          345973 1c00819a 43130733 p.mac            x14, x6, x17        x14=fffbf5d7 x14:fffd92bb  x6:00000bcc x17:ffffffdd
20539378ns          345974 1c008192 0046230b p.lw             x6, 4(x12!)          x6=00000c1f x12=10000a40 x12:10000a3c  PA:10000a3c
20539398ns          345975 1c008196 2078788b p.lw             x17, x7(x16!)       x17=ffffffd5 x16=100002f4  x7:00000020 x16:100002d4  PA:100002d4
20539438ns          345977 1c00819a 43130733 p.mac            x14, x6, x17        x14=fff9eca2 x14:fffbf5d7  x6:00000c1f x17:ffffffd5
20539458ns          345978 1c008192 0046230b p.lw             x6, 4(x12!)          x6=00000c72 x12=10000a44 x12:10000a40  PA:10000a40
20539478ns          345979 1c008196 2078788b p.lw             x17, x7(x16!)       x17=ffffffcd x16=10000314  x7:00000020 x16:100002f4  PA:100002f4
20539517ns          345981 1c00819a 43130733 p.mac            x14, x6, x17        x14=fff771ec x14:fff9eca2  x6:00000c72 x17:ffffffcd
20539537ns          345982 1c00819e 00ef222b p.sw             x14, 4(x30!)        x30=10000938 x14:fff771ec x30:10000934  PA:10000934
20539557ns          345983 1c0081a2 004e8e93 addi             x29, x29, 4         x29=10000218 x29:10000214
20539597ns          345985 1c00817e 40af87b3 sub              x15, x31, x10       x15=00000020 x31:10000a44 x10:10000a24
20539617ns          345986 1c008182 ffc78793 addi             x15, x15, -4        x15=0000001c x15:00000020
20539637ns          345987 1c008184 0027d793 srli             x15, x15, 0x2       x15=00000007 x15:0000001c
20539657ns          345988 1c008186 01d00833 add              x16, x0, x29        x16=10000218 x29:10000218
20539677ns          345989 1c008188 00a00633 add              x12, x0, x10        x12=10000a24 x10:10000a24
20539696ns          345990 1c00818a 00000713 addi             x14, x0, 0          x14=00000000
20539716ns          345991 1c00818c 00178793 addi             x15, x15, 1         x15=00000008 x15:00000007
20539736ns          345992 1c00818e 0067c0fb lp.setup         0x1, x15, 0x6       x15:00000008
20539756ns          345993 1c008192 0046230b p.lw             x6, 4(x12!)          x6=00000a2d x12=10000a28 x12:10000a24  PA:10000a24
20539776ns          345994 1c008196 2078788b p.lw             x17, x7(x16!)       x17=00000004 x16=10000238  x7:00000020 x16:10000218  PA:10000218
20539816ns          345996 1c00819a 43130733 p.mac            x14, x6, x17        x14=000028b4 x14:00000000  x6:00000a2d x17:00000004
20539836ns          345997 1c008192 0046230b p.lw             x6, 4(x12!)          x6=00000a80 x12=10000a2c x12:10000a28  PA:10000a28
20539856ns          345998 1c008196 2078788b p.lw             x17, x7(x16!)       x17=fffffffc x16=10000258  x7:00000020 x16:10000238  PA:10000238
20539895ns          346000 1c00819a 43130733 p.mac            x14, x6, x17        x14=fffffeb4 x14:000028b4  x6:00000a80 x17:fffffffc
20539915ns          346001 1c008192 0046230b p.lw             x6, 4(x12!)          x6=00000ad3 x12=10000a30 x12:10000a2c  PA:10000a2c
20539935ns          346002 1c008196 2078788b p.lw             x17, x7(x16!)       x17=fffffff4 x16=10000278  x7:00000020 x16:10000258  PA:10000258
20539975ns          346004 1c00819a 43130733 p.mac            x14, x6, x17        x14=ffff7cd0 x14:fffffeb4  x6:00000ad3 x17:fffffff4
20539995ns          346005 1c008192 0046230b p.lw             x6, 4(x12!)          x6=00000b26 x12=10000a34 x12:10000a30  PA:10000a30
20540015ns          346006 1c008196 2078788b p.lw             x17, x7(x16!)       x17=ffffffec x16=10000298  x7:00000020 x16:10000278  PA:10000278
20540054ns          346008 1c00819a 43130733 p.mac            x14, x6, x17        x14=fffe9dd8 x14:ffff7cd0  x6:00000b26 x17:ffffffec
20540074ns          346009 1c008192 0046230b p.lw             x6, 4(x12!)          x6=00000b79 x12=10000a38 x12:10000a34  PA:10000a34
20540094ns          346010 1c008196 2078788b p.lw             x17, x7(x16!)       x17=ffffffe4 x16=100002b8  x7:00000020 x16:10000298  PA:10000298
20540134ns          346012 1c00819a 43130733 p.mac            x14, x6, x17        x14=fffd5c9c x14:fffe9dd8  x6:00000b79 x17:ffffffe4
20540154ns          346013 1c008192 0046230b p.lw             x6, 4(x12!)          x6=00000bcc x12=10000a3c x12:10000a38  PA:10000a38
20540174ns          346014 1c008196 2078788b p.lw             x17, x7(x16!)       x17=ffffffdc x16=100002d8  x7:00000020 x16:100002b8  PA:100002b8
20540214ns          346016 1c00819a 43130733 p.mac            x14, x6, x17        x14=fffbb3ec x14:fffd5c9c  x6:00000bcc x17:ffffffdc
20540233ns          346017 1c008192 0046230b p.lw             x6, 4(x12!)          x6=00000c1f x12=10000a40 x12:10000a3c  PA:10000a3c
20540253ns          346018 1c008196 2078788b p.lw             x17, x7(x16!)       x17=ffffffd4 x16=100002f8  x7:00000020 x16:100002d8  PA:100002d8
20540293ns          346020 1c00819a 43130733 p.mac            x14, x6, x17        x14=fff99e98 x14:fffbb3ec  x6:00000c1f x17:ffffffd4
20540313ns          346021 1c008192 0046230b p.lw             x6, 4(x12!)          x6=00000c72 x12=10000a44 x12:10000a40  PA:10000a40
20540333ns          346022 1c008196 2078788b p.lw             x17, x7(x16!)       x17=ffffffcc x16=10000318  x7:00000020 x16:100002f8  PA:100002f8
20540373ns          346024 1c00819a 43130733 p.mac            x14, x6, x17        x14=fff71770 x14:fff99e98  x6:00000c72 x17:ffffffcc
20540393ns          346025 1c00819e 00ef222b p.sw             x14, 4(x30!)        x30=1000093c x14:fff71770 x30:10000938  PA:10000938
20540412ns          346026 1c0081a2 004e8e93 addi             x29, x29, 4         x29=1000021c x29:10000218
20540452ns          346028 1c00817e 40af87b3 sub              x15, x31, x10       x15=00000020 x31:10000a44 x10:10000a24
20540472ns          346029 1c008182 ffc78793 addi             x15, x15, -4        x15=0000001c x15:00000020
20540492ns          346030 1c008184 0027d793 srli             x15, x15, 0x2       x15=00000007 x15:0000001c
20540512ns          346031 1c008186 01d00833 add              x16, x0, x29        x16=1000021c x29:1000021c
20540532ns          346032 1c008188 00a00633 add              x12, x0, x10        x12=10000a24 x10:10000a24
20540552ns          346033 1c00818a 00000713 addi             x14, x0, 0          x14=00000000
20540572ns          346034 1c00818c 00178793 addi             x15, x15, 1         x15=00000008 x15:00000007
20540591ns          346035 1c00818e 0067c0fb lp.setup         0x1, x15, 0x6       x15:00000008
20540611ns          346036 1c008192 0046230b p.lw             x6, 4(x12!)          x6=00000a2d x12=10000a28 x12:10000a24  PA:10000a24
20540631ns          346037 1c008196 2078788b p.lw             x17, x7(x16!)       x17=00000003 x16=1000023c  x7:00000020 x16:1000021c  PA:1000021c
20540671ns          346039 1c00819a 43130733 p.mac            x14, x6, x17        x14=00001e87 x14:00000000  x6:00000a2d x17:00000003
20540691ns          346040 1c008192 0046230b p.lw             x6, 4(x12!)          x6=00000a80 x12=10000a2c x12:10000a28  PA:10000a28
20540711ns          346041 1c008196 2078788b p.lw             x17, x7(x16!)       x17=fffffffb x16=1000025c  x7:00000020 x16:1000023c  PA:1000023c
20540751ns          346043 1c00819a 43130733 p.mac            x14, x6, x17        x14=ffffea07 x14:00001e87  x6:00000a80 x17:fffffffb
20540771ns          346044 1c008192 0046230b p.lw             x6, 4(x12!)          x6=00000ad3 x12=10000a30 x12:10000a2c  PA:10000a2c
20540790ns          346045 1c008196 2078788b p.lw             x17, x7(x16!)       x17=fffffff3 x16=1000027c  x7:00000020 x16:1000025c  PA:1000025c
20540830ns          346047 1c00819a 43130733 p.mac            x14, x6, x17        x14=ffff5d50 x14:ffffea07  x6:00000ad3 x17:fffffff3
20540850ns          346048 1c008192 0046230b p.lw             x6, 4(x12!)          x6=00000b26 x12=10000a34 x12:10000a30  PA:10000a30
20540870ns          346049 1c008196 2078788b p.lw             x17, x7(x16!)       x17=ffffffeb x16=1000029c  x7:00000020 x16:1000027c  PA:1000027c
20540910ns          346051 1c00819a 43130733 p.mac            x14, x6, x17        x14=fffe7332 x14:ffff5d50  x6:00000b26 x17:ffffffeb
20540930ns          346052 1c008192 0046230b p.lw             x6, 4(x12!)          x6=00000b79 x12=10000a38 x12:10000a34  PA:10000a34
20540950ns          346053 1c008196 2078788b p.lw             x17, x7(x16!)       x17=ffffffe3 x16=100002bc  x7:00000020 x16:1000029c  PA:1000029c
20540989ns          346055 1c00819a 43130733 p.mac            x14, x6, x17        x14=fffd267d x14:fffe7332  x6:00000b79 x17:ffffffe3
20541009ns          346056 1c008192 0046230b p.lw             x6, 4(x12!)          x6=00000bcc x12=10000a3c x12:10000a38  PA:10000a38
20541029ns          346057 1c008196 2078788b p.lw             x17, x7(x16!)       x17=ffffffdb x16=100002dc  x7:00000020 x16:100002bc  PA:100002bc
20541069ns          346059 1c00819a 43130733 p.mac            x14, x6, x17        x14=fffb7201 x14:fffd267d  x6:00000bcc x17:ffffffdb
20541089ns          346060 1c008192 0046230b p.lw             x6, 4(x12!)          x6=00000c1f x12=10000a40 x12:10000a3c  PA:10000a3c
20541109ns          346061 1c008196 2078788b p.lw             x17, x7(x16!)       x17=ffffffd3 x16=100002fc  x7:00000020 x16:100002dc  PA:100002dc
20541148ns          346063 1c00819a 43130733 p.mac            x14, x6, x17        x14=fff9508e x14:fffb7201  x6:00000c1f x17:ffffffd3
20541168ns          346064 1c008192 0046230b p.lw             x6, 4(x12!)          x6=00000c72 x12=10000a44 x12:10000a40  PA:10000a40
20541188ns          346065 1c008196 2078788b p.lw             x17, x7(x16!)       x17=ffffffcb x16=1000031c  x7:00000020 x16:100002fc  PA:100002fc
20541228ns          346067 1c00819a 43130733 p.mac            x14, x6, x17        x14=fff6bcf4 x14:fff9508e  x6:00000c72 x17:ffffffcb
20541248ns          346068 1c00819e 00ef222b p.sw             x14, 4(x30!)        x30=10000940 x14:fff6bcf4 x30:1000093c  PA:1000093c
20541268ns          346069 1c0081a2 004e8e93 addi             x29, x29, 4         x29=10000220 x29:1000021c
20541308ns          346071 1c00817e 40af87b3 sub              x15, x31, x10       x15=00000020 x31:10000a44 x10:10000a24
20541327ns          346072 1c008182 ffc78793 addi             x15, x15, -4        x15=0000001c x15:00000020
20541347ns          346073 1c008184 0027d793 srli             x15, x15, 0x2       x15=00000007 x15:0000001c
20541367ns          346074 1c008186 01d00833 add              x16, x0, x29        x16=10000220 x29:10000220
20541387ns          346075 1c008188 00a00633 add              x12, x0, x10        x12=10000a24 x10:10000a24
20541407ns          346076 1c00818a 00000713 addi             x14, x0, 0          x14=00000000
20541427ns          346077 1c00818c 00178793 addi             x15, x15, 1         x15=00000008 x15:00000007
20541447ns          346078 1c00818e 0067c0fb lp.setup         0x1, x15, 0x6       x15:00000008
20541467ns          346079 1c008192 0046230b p.lw             x6, 4(x12!)          x6=00000a2d x12=10000a28 x12:10000a24  PA:10000a24
20541487ns          346080 1c008196 2078788b p.lw             x17, x7(x16!)       x17=00000002 x16=10000240  x7:00000020 x16:10000220  PA:10000220
20541526ns          346082 1c00819a 43130733 p.mac            x14, x6, x17        x14=0000145a x14:00000000  x6:00000a2d x17:00000002
20541546ns          346083 1c008192 0046230b p.lw             x6, 4(x12!)          x6=00000a80 x12=10000a2c x12:10000a28  PA:10000a28
20541566ns          346084 1c008196 2078788b p.lw             x17, x7(x16!)       x17=fffffffa x16=10000260  x7:00000020 x16:10000240  PA:10000240
20541606ns          346086 1c00819a 43130733 p.mac            x14, x6, x17        x14=ffffd55a x14:0000145a  x6:00000a80 x17:fffffffa
20541626ns          346087 1c008192 0046230b p.lw             x6, 4(x12!)          x6=00000ad3 x12=10000a30 x12:10000a2c  PA:10000a2c
20541646ns          346088 1c008196 2078788b p.lw             x17, x7(x16!)       x17=fffffff2 x16=10000280  x7:00000020 x16:10000260  PA:10000260
20541685ns          346090 1c00819a 43130733 p.mac            x14, x6, x17        x14=ffff3dd0 x14:ffffd55a  x6:00000ad3 x17:fffffff2
20541705ns          346091 1c008192 0046230b p.lw             x6, 4(x12!)          x6=00000b26 x12=10000a34 x12:10000a30  PA:10000a30
20541725ns          346092 1c008196 2078788b p.lw             x17, x7(x16!)       x17=ffffffea x16=100002a0  x7:00000020 x16:10000280  PA:10000280
20541765ns          346094 1c00819a 43130733 p.mac            x14, x6, x17        x14=fffe488c x14:ffff3dd0  x6:00000b26 x17:ffffffea
20541785ns          346095 1c008192 0046230b p.lw             x6, 4(x12!)          x6=00000b79 x12=10000a38 x12:10000a34  PA:10000a34
20541805ns          346096 1c008196 2078788b p.lw             x17, x7(x16!)       x17=ffffffe2 x16=100002c0  x7:00000020 x16:100002a0  PA:100002a0
20541845ns          346098 1c00819a 43130733 p.mac            x14, x6, x17        x14=fffcf05e x14:fffe488c  x6:00000b79 x17:ffffffe2
20541865ns          346099 1c008192 0046230b p.lw             x6, 4(x12!)          x6=00000bcc x12=10000a3c x12:10000a38  PA:10000a38
20541884ns          346100 1c008196 2078788b p.lw             x17, x7(x16!)       x17=ffffffda x16=100002e0  x7:00000020 x16:100002c0  PA:100002c0
20541924ns          346102 1c00819a 43130733 p.mac            x14, x6, x17        x14=fffb3016 x14:fffcf05e  x6:00000bcc x17:ffffffda
20541944ns          346103 1c008192 0046230b p.lw             x6, 4(x12!)          x6=00000c1f x12=10000a40 x12:10000a3c  PA:10000a3c
20541964ns          346104 1c008196 2078788b p.lw             x17, x7(x16!)       x17=ffffffd2 x16=10000300  x7:00000020 x16:100002e0  PA:100002e0
20542004ns          346106 1c00819a 43130733 p.mac            x14, x6, x17        x14=fff90284 x14:fffb3016  x6:00000c1f x17:ffffffd2
20542024ns          346107 1c008192 0046230b p.lw             x6, 4(x12!)          x6=00000c72 x12=10000a44 x12:10000a40  PA:10000a40
20542044ns          346108 1c008196 2078788b p.lw             x17, x7(x16!)       x17=ffffffca x16=10000320  x7:00000020 x16:10000300  PA:10000300
20542083ns          346110 1c00819a 43130733 p.mac            x14, x6, x17        x14=fff66278 x14:fff90284  x6:00000c72 x17:ffffffca
20542103ns          346111 1c00819e 00ef222b p.sw             x14, 4(x30!)        x30=10000944 x14:fff66278 x30:10000940  PA:10000940
20542123ns          346112 1c0081a2 004e8e93 addi             x29, x29, 4         x29=10000224 x29:10000220
20542143ns          346113 1c0081a4 00128293 addi             x5, x5, 1            x5=00000002  x5:00000001
20542163ns          346114 1c0081a6 00750533 add              x10, x10, x7        x10=10000a44 x10:10000a24  x7:00000020
20542183ns          346115 1c0081a8 007f8fb3 add              x31, x31, x7        x31=10000a64 x31:10000a44  x7:00000020
20542203ns          346116 1c0081aa fa569fe3 bne              x13, x5, -66        x13:00000008  x5:00000002
20542262ns          346119 1c008168 40b48e33 sub              x28, x9, x11        x28=00000020  x9:10000224 x11:10000204
20542282ns          346120 1c00816c ffce0e13 addi             x28, x28, -4        x28=0000001c x28:00000020
20542302ns          346121 1c00816e 002e5e13 srli             x28, x28, 0x2       x28=00000007 x28:0000001c
20542322ns          346122 1c008172 008f8f33 add              x30, x31, x8        x30=10000944 x31:10000a64  x8:fffffee0
20542342ns          346123 1c008176 00b00eb3 add              x29, x0, x11        x29=10000204 x11:10000204
20542362ns          346124 1c008178 001e0e13 addi             x28, x28, 1         x28=00000008 x28:00000007
20542382ns          346125 1c00817a 014e407b lp.setup         0x0, x28, 0x14      x28:00000008
20542402ns          346126 1c00817e 40af87b3 sub              x15, x31, x10       x15=00000020 x31:10000a64 x10:10000a44
20542421ns          346127 1c008182 ffc78793 addi             x15, x15, -4        x15=0000001c x15:00000020
20542441ns          346128 1c008184 0027d793 srli             x15, x15, 0x2       x15=00000007 x15:0000001c
20542461ns          346129 1c008186 01d00833 add              x16, x0, x29        x16=10000204 x29:10000204
20542481ns          346130 1c008188 00a00633 add              x12, x0, x10        x12=10000a44 x10:10000a44
20542501ns          346131 1c00818a 00000713 addi             x14, x0, 0          x14=00000000
20542521ns          346132 1c00818c 00178793 addi             x15, x15, 1         x15=00000008 x15:00000007
20542541ns          346133 1c00818e 0067c0fb lp.setup         0x1, x15, 0x6       x15:00000008
20542561ns          346134 1c008192 0046230b p.lw             x6, 4(x12!)          x6=000010e5 x12=10000a48 x12:10000a44  PA:10000a44
20542581ns          346135 1c008196 2078788b p.lw             x17, x7(x16!)       x17=00000009 x16=10000224  x7:00000020 x16:10000204  PA:10000204
20542620ns          346137 1c00819a 43130733 p.mac            x14, x6, x17        x14=0000980d x14:00000000  x6:000010e5 x17:00000009
20542640ns          346138 1c008192 0046230b p.lw             x6, 4(x12!)          x6=00001178 x12=10000a4c x12:10000a48  PA:10000a48
20542660ns          346139 1c008196 2078788b p.lw             x17, x7(x16!)       x17=00000001 x16=10000244  x7:00000020 x16:10000224  PA:10000224
20542700ns          346141 1c00819a 43130733 p.mac            x14, x6, x17        x14=0000a985 x14:0000980d  x6:00001178 x17:00000001
20542720ns          346142 1c008192 0046230b p.lw             x6, 4(x12!)          x6=0000120b x12=10000a50 x12:10000a4c  PA:10000a4c
20542740ns          346143 1c008196 2078788b p.lw             x17, x7(x16!)       x17=fffffff9 x16=10000264  x7:00000020 x16:10000244  PA:10000244
20542779ns          346145 1c00819a 43130733 p.mac            x14, x6, x17        x14=00002b38 x14:0000a985  x6:0000120b x17:fffffff9
20542799ns          346146 1c008192 0046230b p.lw             x6, 4(x12!)          x6=0000129e x12=10000a54 x12:10000a50  PA:10000a50
20542819ns          346147 1c008196 2078788b p.lw             x17, x7(x16!)       x17=fffffff1 x16=10000284  x7:00000020 x16:10000264  PA:10000264
20542859ns          346149 1c00819a 43130733 p.mac            x14, x6, x17        x14=ffff13f6 x14:00002b38  x6:0000129e x17:fffffff1
20542879ns          346150 1c008192 0046230b p.lw             x6, 4(x12!)          x6=00001331 x12=10000a58 x12:10000a54  PA:10000a54
20542899ns          346151 1c008196 2078788b p.lw             x17, x7(x16!)       x17=ffffffe9 x16=100002a4  x7:00000020 x16:10000284  PA:10000284
20542958ns          346154 1c00819a 43130733 p.mac            x14, x6, x17        x14=fffd5a8f x14:ffff13f6  x6:00001331 x17:ffffffe9
20542978ns          346155 1c008192 0046230b p.lw             x6, 4(x12!)          x6=000013c4 x12=10000a5c x12:10000a58  PA:10000a58
20542998ns          346156 1c008196 2078788b p.lw             x17, x7(x16!)       x17=ffffffe1 x16=100002c4  x7:00000020 x16:100002a4  PA:100002a4
20543038ns          346158 1c00819a 43130733 p.mac            x14, x6, x17        x14=fffaf5d3 x14:fffd5a8f  x6:000013c4 x17:ffffffe1
20543058ns          346159 1c008192 0046230b p.lw             x6, 4(x12!)          x6=00001457 x12=10000a60 x12:10000a5c  PA:10000a5c
20543078ns          346160 1c008196 2078788b p.lw             x17, x7(x16!)       x17=ffffffd9 x16=100002e4  x7:00000020 x16:100002c4  PA:100002c4
20543118ns          346162 1c00819a 43130733 p.mac            x14, x6, x17        x14=fff7dc92 x14:fffaf5d3  x6:00001457 x17:ffffffd9
20543138ns          346163 1c008192 0046230b p.lw             x6, 4(x12!)          x6=000014ea x12=10000a64 x12:10000a60  PA:10000a60
20543157ns          346164 1c008196 2078788b p.lw             x17, x7(x16!)       x17=ffffffd1 x16=10000304  x7:00000020 x16:100002e4  PA:100002e4
20543197ns          346166 1c00819a 43130733 p.mac            x14, x6, x17        x14=fff4059c x14:fff7dc92  x6:000014ea x17:ffffffd1
20543217ns          346167 1c00819e 00ef222b p.sw             x14, 4(x30!)        x30=10000948 x14:fff4059c x30:10000944  PA:10000944
20543237ns          346168 1c0081a2 004e8e93 addi             x29, x29, 4         x29=10000208 x29:10000204
20543277ns          346170 1c00817e 40af87b3 sub              x15, x31, x10       x15=00000020 x31:10000a64 x10:10000a44
20543297ns          346171 1c008182 ffc78793 addi             x15, x15, -4        x15=0000001c x15:00000020
20543317ns          346172 1c008184 0027d793 srli             x15, x15, 0x2       x15=00000007 x15:0000001c
20543336ns          346173 1c008186 01d00833 add              x16, x0, x29        x16=10000208 x29:10000208
20543356ns          346174 1c008188 00a00633 add              x12, x0, x10        x12=10000a44 x10:10000a44
20543376ns          346175 1c00818a 00000713 addi             x14, x0, 0          x14=00000000
20543396ns          346176 1c00818c 00178793 addi             x15, x15, 1         x15=00000008 x15:00000007
20543416ns          346177 1c00818e 0067c0fb lp.setup         0x1, x15, 0x6       x15:00000008
20543436ns          346178 1c008192 0046230b p.lw             x6, 4(x12!)          x6=000010e5 x12=10000a48 x12:10000a44  PA:10000a44
20543456ns          346179 1c008196 2078788b p.lw             x17, x7(x16!)       x17=00000008 x16=10000228  x7:00000020 x16:10000208  PA:10000208
20543515ns          346182 1c00819a 43130733 p.mac            x14, x6, x17        x14=00008728 x14:00000000  x6:000010e5 x17:00000008
20543535ns          346183 1c008192 0046230b p.lw             x6, 4(x12!)          x6=00001178 x12=10000a4c x12:10000a48  PA:10000a48
20543555ns          346184 1c008196 2078788b p.lw             x17, x7(x16!)       x17=00000000 x16=10000248  x7:00000020 x16:10000228  PA:10000228
20543595ns          346186 1c00819a 43130733 p.mac            x14, x6, x17        x14=00008728 x14:00008728  x6:00001178 x17:00000000
20543615ns          346187 1c008192 0046230b p.lw             x6, 4(x12!)          x6=0000120b x12=10000a50 x12:10000a4c  PA:10000a4c
20543635ns          346188 1c008196 2078788b p.lw             x17, x7(x16!)       x17=fffffff8 x16=10000268  x7:00000020 x16:10000248  PA:10000248
20543675ns          346190 1c00819a 43130733 p.mac            x14, x6, x17        x14=fffff6d0 x14:00008728  x6:0000120b x17:fffffff8
20543694ns          346191 1c008192 0046230b p.lw             x6, 4(x12!)          x6=0000129e x12=10000a54 x12:10000a50  PA:10000a50
20543714ns          346192 1c008196 2078788b p.lw             x17, x7(x16!)       x17=fffffff0 x16=10000288  x7:00000020 x16:10000268  PA:10000268
20543754ns          346194 1c00819a 43130733 p.mac            x14, x6, x17        x14=fffeccf0 x14:fffff6d0  x6:0000129e x17:fffffff0
20543774ns          346195 1c008192 0046230b p.lw             x6, 4(x12!)          x6=00001331 x12=10000a58 x12:10000a54  PA:10000a54
20543794ns          346196 1c008196 2078788b p.lw             x17, x7(x16!)       x17=ffffffe8 x16=100002a8  x7:00000020 x16:10000288  PA:10000288
20543834ns          346198 1c00819a 43130733 p.mac            x14, x6, x17        x14=fffd0058 x14:fffeccf0  x6:00001331 x17:ffffffe8
20543854ns          346199 1c008192 0046230b p.lw             x6, 4(x12!)          x6=000013c4 x12=10000a5c x12:10000a58  PA:10000a58
20543873ns          346200 1c008196 2078788b p.lw             x17, x7(x16!)       x17=ffffffe0 x16=100002c8  x7:00000020 x16:100002a8  PA:100002a8
20543913ns          346202 1c00819a 43130733 p.mac            x14, x6, x17        x14=fffa87d8 x14:fffd0058  x6:000013c4 x17:ffffffe0
20543933ns          346203 1c008192 0046230b p.lw             x6, 4(x12!)          x6=00001457 x12=10000a60 x12:10000a5c  PA:10000a5c
20543953ns          346204 1c008196 2078788b p.lw             x17, x7(x16!)       x17=ffffffd8 x16=100002e8  x7:00000020 x16:100002c8  PA:100002c8
20543993ns          346206 1c00819a 43130733 p.mac            x14, x6, x17        x14=fff75a40 x14:fffa87d8  x6:00001457 x17:ffffffd8
20544013ns          346207 1c008192 0046230b p.lw             x6, 4(x12!)          x6=000014ea x12=10000a64 x12:10000a60  PA:10000a60
20544033ns          346208 1c008196 2078788b p.lw             x17, x7(x16!)       x17=ffffffd0 x16=10000308  x7:00000020 x16:100002e8  PA:100002e8
20544072ns          346210 1c00819a 43130733 p.mac            x14, x6, x17        x14=fff36e60 x14:fff75a40  x6:000014ea x17:ffffffd0
20544092ns          346211 1c00819e 00ef222b p.sw             x14, 4(x30!)        x30=1000094c x14:fff36e60 x30:10000948  PA:10000948
20544112ns          346212 1c0081a2 004e8e93 addi             x29, x29, 4         x29=1000020c x29:10000208
20544152ns          346214 1c00817e 40af87b3 sub              x15, x31, x10       x15=00000020 x31:10000a64 x10:10000a44
20544172ns          346215 1c008182 ffc78793 addi             x15, x15, -4        x15=0000001c x15:00000020
20544192ns          346216 1c008184 0027d793 srli             x15, x15, 0x2       x15=00000007 x15:0000001c
20544212ns          346217 1c008186 01d00833 add              x16, x0, x29        x16=1000020c x29:1000020c
20544232ns          346218 1c008188 00a00633 add              x12, x0, x10        x12=10000a44 x10:10000a44
20544251ns          346219 1c00818a 00000713 addi             x14, x0, 0          x14=00000000
20544271ns          346220 1c00818c 00178793 addi             x15, x15, 1         x15=00000008 x15:00000007
20544291ns          346221 1c00818e 0067c0fb lp.setup         0x1, x15, 0x6       x15:00000008
20544311ns          346222 1c008192 0046230b p.lw             x6, 4(x12!)          x6=000010e5 x12=10000a48 x12:10000a44  PA:10000a44
20544331ns          346223 1c008196 2078788b p.lw             x17, x7(x16!)       x17=00000007 x16=1000022c  x7:00000020 x16:1000020c  PA:1000020c
20544371ns          346225 1c00819a 43130733 p.mac            x14, x6, x17        x14=00007643 x14:00000000  x6:000010e5 x17:00000007
20544391ns          346226 1c008192 0046230b p.lw             x6, 4(x12!)          x6=00001178 x12=10000a4c x12:10000a48  PA:10000a48
20544411ns          346227 1c008196 2078788b p.lw             x17, x7(x16!)       x17=ffffffff x16=1000024c  x7:00000020 x16:1000022c  PA:1000022c
20544450ns          346229 1c00819a 43130733 p.mac            x14, x6, x17        x14=000064cb x14:00007643  x6:00001178 x17:ffffffff
20544470ns          346230 1c008192 0046230b p.lw             x6, 4(x12!)          x6=0000120b x12=10000a50 x12:10000a4c  PA:10000a4c
20544490ns          346231 1c008196 2078788b p.lw             x17, x7(x16!)       x17=fffffff7 x16=1000026c  x7:00000020 x16:1000024c  PA:1000024c
20544550ns          346234 1c00819a 43130733 p.mac            x14, x6, x17        x14=ffffc268 x14:000064cb  x6:0000120b x17:fffffff7
20544570ns          346235 1c008192 0046230b p.lw             x6, 4(x12!)          x6=0000129e x12=10000a54 x12:10000a50  PA:10000a50
20544590ns          346236 1c008196 2078788b p.lw             x17, x7(x16!)       x17=ffffffef x16=1000028c  x7:00000020 x16:1000026c  PA:1000026c
20544629ns          346238 1c00819a 43130733 p.mac            x14, x6, x17        x14=fffe85ea x14:ffffc268  x6:0000129e x17:ffffffef
20544649ns          346239 1c008192 0046230b p.lw             x6, 4(x12!)          x6=00001331 x12=10000a58 x12:10000a54  PA:10000a54
20544669ns          346240 1c008196 2078788b p.lw             x17, x7(x16!)       x17=ffffffe7 x16=100002ac  x7:00000020 x16:1000028c  PA:1000028c
20544709ns          346242 1c00819a 43130733 p.mac            x14, x6, x17        x14=fffca621 x14:fffe85ea  x6:00001331 x17:ffffffe7
20544729ns          346243 1c008192 0046230b p.lw             x6, 4(x12!)          x6=000013c4 x12=10000a5c x12:10000a58  PA:10000a58
20544749ns          346244 1c008196 2078788b p.lw             x17, x7(x16!)       x17=ffffffdf x16=100002cc  x7:00000020 x16:100002ac  PA:100002ac
20544788ns          346246 1c00819a 43130733 p.mac            x14, x6, x17        x14=fffa19dd x14:fffca621  x6:000013c4 x17:ffffffdf
20544808ns          346247 1c008192 0046230b p.lw             x6, 4(x12!)          x6=00001457 x12=10000a60 x12:10000a5c  PA:10000a5c
20544828ns          346248 1c008196 2078788b p.lw             x17, x7(x16!)       x17=ffffffd7 x16=100002ec  x7:00000020 x16:100002cc  PA:100002cc
20544868ns          346250 1c00819a 43130733 p.mac            x14, x6, x17        x14=fff6d7ee x14:fffa19dd  x6:00001457 x17:ffffffd7
20544888ns          346251 1c008192 0046230b p.lw             x6, 4(x12!)          x6=000014ea x12=10000a64 x12:10000a60  PA:10000a60
20544908ns          346252 1c008196 2078788b p.lw             x17, x7(x16!)       x17=ffffffcf x16=1000030c  x7:00000020 x16:100002ec  PA:100002ec
20544948ns          346254 1c00819a 43130733 p.mac            x14, x6, x17        x14=fff2d724 x14:fff6d7ee  x6:000014ea x17:ffffffcf
20544967ns          346255 1c00819e 00ef222b p.sw             x14, 4(x30!)        x30=10000950 x14:fff2d724 x30:1000094c  PA:1000094c
20544987ns          346256 1c0081a2 004e8e93 addi             x29, x29, 4         x29=10000210 x29:1000020c
20545027ns          346258 1c00817e 40af87b3 sub              x15, x31, x10       x15=00000020 x31:10000a64 x10:10000a44
20545047ns          346259 1c008182 ffc78793 addi             x15, x15, -4        x15=0000001c x15:00000020
20545067ns          346260 1c008184 0027d793 srli             x15, x15, 0x2       x15=00000007 x15:0000001c
20545087ns          346261 1c008186 01d00833 add              x16, x0, x29        x16=10000210 x29:10000210
20545107ns          346262 1c008188 00a00633 add              x12, x0, x10        x12=10000a44 x10:10000a44
20545127ns          346263 1c00818a 00000713 addi             x14, x0, 0          x14=00000000
20545146ns          346264 1c00818c 00178793 addi             x15, x15, 1         x15=00000008 x15:00000007
20545166ns          346265 1c00818e 0067c0fb lp.setup         0x1, x15, 0x6       x15:00000008
20545186ns          346266 1c008192 0046230b p.lw             x6, 4(x12!)          x6=000010e5 x12=10000a48 x12:10000a44  PA:10000a44
20545206ns          346267 1c008196 2078788b p.lw             x17, x7(x16!)       x17=00000006 x16=10000230  x7:00000020 x16:10000210  PA:10000210
20545246ns          346269 1c00819a 43130733 p.mac            x14, x6, x17        x14=0000655e x14:00000000  x6:000010e5 x17:00000006
20545266ns          346270 1c008192 0046230b p.lw             x6, 4(x12!)          x6=00001178 x12=10000a4c x12:10000a48  PA:10000a48
20545286ns          346271 1c008196 2078788b p.lw             x17, x7(x16!)       x17=fffffffe x16=10000250  x7:00000020 x16:10000230  PA:10000230
20545325ns          346273 1c00819a 43130733 p.mac            x14, x6, x17        x14=0000426e x14:0000655e  x6:00001178 x17:fffffffe
20545345ns          346274 1c008192 0046230b p.lw             x6, 4(x12!)          x6=0000120b x12=10000a50 x12:10000a4c  PA:10000a4c
20545365ns          346275 1c008196 2078788b p.lw             x17, x7(x16!)       x17=fffffff6 x16=10000270  x7:00000020 x16:10000250  PA:10000250
20545405ns          346277 1c00819a 43130733 p.mac            x14, x6, x17        x14=ffff8e00 x14:0000426e  x6:0000120b x17:fffffff6
20545425ns          346278 1c008192 0046230b p.lw             x6, 4(x12!)          x6=0000129e x12=10000a54 x12:10000a50  PA:10000a50
20545445ns          346279 1c008196 2078788b p.lw             x17, x7(x16!)       x17=ffffffee x16=10000290  x7:00000020 x16:10000270  PA:10000270
20545485ns          346281 1c00819a 43130733 p.mac            x14, x6, x17        x14=fffe3ee4 x14:ffff8e00  x6:0000129e x17:ffffffee
20545505ns          346282 1c008192 0046230b p.lw             x6, 4(x12!)          x6=00001331 x12=10000a58 x12:10000a54  PA:10000a54
20545524ns          346283 1c008196 2078788b p.lw             x17, x7(x16!)       x17=ffffffe6 x16=100002b0  x7:00000020 x16:10000290  PA:10000290
20545564ns          346285 1c00819a 43130733 p.mac            x14, x6, x17        x14=fffc4bea x14:fffe3ee4  x6:00001331 x17:ffffffe6
20545584ns          346286 1c008192 0046230b p.lw             x6, 4(x12!)          x6=000013c4 x12=10000a5c x12:10000a58  PA:10000a58
20545604ns          346287 1c008196 2078788b p.lw             x17, x7(x16!)       x17=ffffffde x16=100002d0  x7:00000020 x16:100002b0  PA:100002b0
20545644ns          346289 1c00819a 43130733 p.mac            x14, x6, x17        x14=fff9abe2 x14:fffc4bea  x6:000013c4 x17:ffffffde
20545664ns          346290 1c008192 0046230b p.lw             x6, 4(x12!)          x6=00001457 x12=10000a60 x12:10000a5c  PA:10000a5c
20545684ns          346291 1c008196 2078788b p.lw             x17, x7(x16!)       x17=ffffffd6 x16=100002f0  x7:00000020 x16:100002d0  PA:100002d0
20545723ns          346293 1c00819a 43130733 p.mac            x14, x6, x17        x14=fff6559c x14:fff9abe2  x6:00001457 x17:ffffffd6
20545743ns          346294 1c008192 0046230b p.lw             x6, 4(x12!)          x6=000014ea x12=10000a64 x12:10000a60  PA:10000a60
20545763ns          346295 1c008196 2078788b p.lw             x17, x7(x16!)       x17=ffffffce x16=10000310  x7:00000020 x16:100002f0  PA:100002f0
20545803ns          346297 1c00819a 43130733 p.mac            x14, x6, x17        x14=fff23fe8 x14:fff6559c  x6:000014ea x17:ffffffce
20545823ns          346298 1c00819e 00ef222b p.sw             x14, 4(x30!)        x30=10000954 x14:fff23fe8 x30:10000950  PA:10000950
20545843ns          346299 1c0081a2 004e8e93 addi             x29, x29, 4         x29=10000214 x29:10000210
20545882ns          346301 1c00817e 40af87b3 sub              x15, x31, x10       x15=00000020 x31:10000a64 x10:10000a44
20545902ns          346302 1c008182 ffc78793 addi             x15, x15, -4        x15=0000001c x15:00000020
20545922ns          346303 1c008184 0027d793 srli             x15, x15, 0x2       x15=00000007 x15:0000001c
20545942ns          346304 1c008186 01d00833 add              x16, x0, x29        x16=10000214 x29:10000214
20545962ns          346305 1c008188 00a00633 add              x12, x0, x10        x12=10000a44 x10:10000a44
20545982ns          346306 1c00818a 00000713 addi             x14, x0, 0          x14=00000000
20546002ns          346307 1c00818c 00178793 addi             x15, x15, 1         x15=00000008 x15:00000007
20546022ns          346308 1c00818e 0067c0fb lp.setup         0x1, x15, 0x6       x15:00000008
20546042ns          346309 1c008192 0046230b p.lw             x6, 4(x12!)          x6=000010e5 x12=10000a48 x12:10000a44  PA:10000a44
20546061ns          346310 1c008196 2078788b p.lw             x17, x7(x16!)       x17=00000005 x16=10000234  x7:00000020 x16:10000214  PA:10000214
20546101ns          346312 1c00819a 43130733 p.mac            x14, x6, x17        x14=00005479 x14:00000000  x6:000010e5 x17:00000005
20546121ns          346313 1c008192 0046230b p.lw             x6, 4(x12!)          x6=00001178 x12=10000a4c x12:10000a48  PA:10000a48
20546141ns          346314 1c008196 2078788b p.lw             x17, x7(x16!)       x17=fffffffd x16=10000254  x7:00000020 x16:10000234  PA:10000234
20546181ns          346316 1c00819a 43130733 p.mac            x14, x6, x17        x14=00002011 x14:00005479  x6:00001178 x17:fffffffd
20546201ns          346317 1c008192 0046230b p.lw             x6, 4(x12!)          x6=0000120b x12=10000a50 x12:10000a4c  PA:10000a4c
20546221ns          346318 1c008196 2078788b p.lw             x17, x7(x16!)       x17=fffffff5 x16=10000274  x7:00000020 x16:10000254  PA:10000254
20546260ns          346320 1c00819a 43130733 p.mac            x14, x6, x17        x14=ffff5998 x14:00002011  x6:0000120b x17:fffffff5
20546280ns          346321 1c008192 0046230b p.lw             x6, 4(x12!)          x6=0000129e x12=10000a54 x12:10000a50  PA:10000a50
20546300ns          346322 1c008196 2078788b p.lw             x17, x7(x16!)       x17=ffffffed x16=10000294  x7:00000020 x16:10000274  PA:10000274
20546340ns          346324 1c00819a 43130733 p.mac            x14, x6, x17        x14=fffdf7de x14:ffff5998  x6:0000129e x17:ffffffed
20546360ns          346325 1c008192 0046230b p.lw             x6, 4(x12!)          x6=00001331 x12=10000a58 x12:10000a54  PA:10000a54
20546380ns          346326 1c008196 2078788b p.lw             x17, x7(x16!)       x17=ffffffe5 x16=100002b4  x7:00000020 x16:10000294  PA:10000294
20546419ns          346328 1c00819a 43130733 p.mac            x14, x6, x17        x14=fffbf1b3 x14:fffdf7de  x6:00001331 x17:ffffffe5
20546439ns          346329 1c008192 0046230b p.lw             x6, 4(x12!)          x6=000013c4 x12=10000a5c x12:10000a58  PA:10000a58
20546459ns          346330 1c008196 2078788b p.lw             x17, x7(x16!)       x17=ffffffdd x16=100002d4  x7:00000020 x16:100002b4  PA:100002b4
20546499ns          346332 1c00819a 43130733 p.mac            x14, x6, x17        x14=fff93de7 x14:fffbf1b3  x6:000013c4 x17:ffffffdd
20546519ns          346333 1c008192 0046230b p.lw             x6, 4(x12!)          x6=00001457 x12=10000a60 x12:10000a5c  PA:10000a5c
20546539ns          346334 1c008196 2078788b p.lw             x17, x7(x16!)       x17=ffffffd5 x16=100002f4  x7:00000020 x16:100002d4  PA:100002d4
20546579ns          346336 1c00819a 43130733 p.mac            x14, x6, x17        x14=fff5d34a x14:fff93de7  x6:00001457 x17:ffffffd5
20546599ns          346337 1c008192 0046230b p.lw             x6, 4(x12!)          x6=000014ea x12=10000a64 x12:10000a60  PA:10000a60
20546618ns          346338 1c008196 2078788b p.lw             x17, x7(x16!)       x17=ffffffcd x16=10000314  x7:00000020 x16:100002f4  PA:100002f4
20546658ns          346340 1c00819a 43130733 p.mac            x14, x6, x17        x14=fff1a8ac x14:fff5d34a  x6:000014ea x17:ffffffcd
20546678ns          346341 1c00819e 00ef222b p.sw             x14, 4(x30!)        x30=10000958 x14:fff1a8ac x30:10000954  PA:10000954
20546698ns          346342 1c0081a2 004e8e93 addi             x29, x29, 4         x29=10000218 x29:10000214
20546738ns          346344 1c00817e 40af87b3 sub              x15, x31, x10       x15=00000020 x31:10000a64 x10:10000a44
20546758ns          346345 1c008182 ffc78793 addi             x15, x15, -4        x15=0000001c x15:00000020
20546778ns          346346 1c008184 0027d793 srli             x15, x15, 0x2       x15=00000007 x15:0000001c
20546797ns          346347 1c008186 01d00833 add              x16, x0, x29        x16=10000218 x29:10000218
20546817ns          346348 1c008188 00a00633 add              x12, x0, x10        x12=10000a44 x10:10000a44
20546837ns          346349 1c00818a 00000713 addi             x14, x0, 0          x14=00000000
20546857ns          346350 1c00818c 00178793 addi             x15, x15, 1         x15=00000008 x15:00000007
20546877ns          346351 1c00818e 0067c0fb lp.setup         0x1, x15, 0x6       x15:00000008
20546897ns          346352 1c008192 0046230b p.lw             x6, 4(x12!)          x6=000010e5 x12=10000a48 x12:10000a44  PA:10000a44
20546917ns          346353 1c008196 2078788b p.lw             x17, x7(x16!)       x17=00000004 x16=10000238  x7:00000020 x16:10000218  PA:10000218
20546957ns          346355 1c00819a 43130733 p.mac            x14, x6, x17        x14=00004394 x14:00000000  x6:000010e5 x17:00000004
20546976ns          346356 1c008192 0046230b p.lw             x6, 4(x12!)          x6=00001178 x12=10000a4c x12:10000a48  PA:10000a48
20546996ns          346357 1c008196 2078788b p.lw             x17, x7(x16!)       x17=fffffffc x16=10000258  x7:00000020 x16:10000238  PA:10000238
20547036ns          346359 1c00819a 43130733 p.mac            x14, x6, x17        x14=fffffdb4 x14:00004394  x6:00001178 x17:fffffffc
20547056ns          346360 1c008192 0046230b p.lw             x6, 4(x12!)          x6=0000120b x12=10000a50 x12:10000a4c  PA:10000a4c
20547076ns          346361 1c008196 2078788b p.lw             x17, x7(x16!)       x17=fffffff4 x16=10000278  x7:00000020 x16:10000258  PA:10000258
20547116ns          346363 1c00819a 43130733 p.mac            x14, x6, x17        x14=ffff2530 x14:fffffdb4  x6:0000120b x17:fffffff4
20547136ns          346364 1c008192 0046230b p.lw             x6, 4(x12!)          x6=0000129e x12=10000a54 x12:10000a50  PA:10000a50
20547155ns          346365 1c008196 2078788b p.lw             x17, x7(x16!)       x17=ffffffec x16=10000298  x7:00000020 x16:10000278  PA:10000278
20547195ns          346367 1c00819a 43130733 p.mac            x14, x6, x17        x14=fffdb0d8 x14:ffff2530  x6:0000129e x17:ffffffec
20547215ns          346368 1c008192 0046230b p.lw             x6, 4(x12!)          x6=00001331 x12=10000a58 x12:10000a54  PA:10000a54
20547235ns          346369 1c008196 2078788b p.lw             x17, x7(x16!)       x17=ffffffe4 x16=100002b8  x7:00000020 x16:10000298  PA:10000298
20547275ns          346371 1c00819a 43130733 p.mac            x14, x6, x17        x14=fffb977c x14:fffdb0d8  x6:00001331 x17:ffffffe4
20547295ns          346372 1c008192 0046230b p.lw             x6, 4(x12!)          x6=000013c4 x12=10000a5c x12:10000a58  PA:10000a58
20547315ns          346373 1c008196 2078788b p.lw             x17, x7(x16!)       x17=ffffffdc x16=100002d8  x7:00000020 x16:100002b8  PA:100002b8
20547354ns          346375 1c00819a 43130733 p.mac            x14, x6, x17        x14=fff8cfec x14:fffb977c  x6:000013c4 x17:ffffffdc
20547374ns          346376 1c008192 0046230b p.lw             x6, 4(x12!)          x6=00001457 x12=10000a60 x12:10000a5c  PA:10000a5c
20547394ns          346377 1c008196 2078788b p.lw             x17, x7(x16!)       x17=ffffffd4 x16=100002f8  x7:00000020 x16:100002d8  PA:100002d8
20547434ns          346379 1c00819a 43130733 p.mac            x14, x6, x17        x14=fff550f8 x14:fff8cfec  x6:00001457 x17:ffffffd4
20547454ns          346380 1c008192 0046230b p.lw             x6, 4(x12!)          x6=000014ea x12=10000a64 x12:10000a60  PA:10000a60
20547474ns          346381 1c008196 2078788b p.lw             x17, x7(x16!)       x17=ffffffcc x16=10000318  x7:00000020 x16:100002f8  PA:100002f8
20547513ns          346383 1c00819a 43130733 p.mac            x14, x6, x17        x14=fff11170 x14:fff550f8  x6:000014ea x17:ffffffcc
20547533ns          346384 1c00819e 00ef222b p.sw             x14, 4(x30!)        x30=1000095c x14:fff11170 x30:10000958  PA:10000958
20547553ns          346385 1c0081a2 004e8e93 addi             x29, x29, 4         x29=1000021c x29:10000218
20547593ns          346387 1c00817e 40af87b3 sub              x15, x31, x10       x15=00000020 x31:10000a64 x10:10000a44
20547613ns          346388 1c008182 ffc78793 addi             x15, x15, -4        x15=0000001c x15:00000020
20547633ns          346389 1c008184 0027d793 srli             x15, x15, 0x2       x15=00000007 x15:0000001c
20547653ns          346390 1c008186 01d00833 add              x16, x0, x29        x16=1000021c x29:1000021c
20547673ns          346391 1c008188 00a00633 add              x12, x0, x10        x12=10000a44 x10:10000a44
20547692ns          346392 1c00818a 00000713 addi             x14, x0, 0          x14=00000000
20547712ns          346393 1c00818c 00178793 addi             x15, x15, 1         x15=00000008 x15:00000007
20547732ns          346394 1c00818e 0067c0fb lp.setup         0x1, x15, 0x6       x15:00000008
20547752ns          346395 1c008192 0046230b p.lw             x6, 4(x12!)          x6=000010e5 x12=10000a48 x12:10000a44  PA:10000a44
20547772ns          346396 1c008196 2078788b p.lw             x17, x7(x16!)       x17=00000003 x16=1000023c  x7:00000020 x16:1000021c  PA:1000021c
20547812ns          346398 1c00819a 43130733 p.mac            x14, x6, x17        x14=000032af x14:00000000  x6:000010e5 x17:00000003
20547832ns          346399 1c008192 0046230b p.lw             x6, 4(x12!)          x6=00001178 x12=10000a4c x12:10000a48  PA:10000a48
20547852ns          346400 1c008196 2078788b p.lw             x17, x7(x16!)       x17=fffffffb x16=1000025c  x7:00000020 x16:1000023c  PA:1000023c
20547891ns          346402 1c00819a 43130733 p.mac            x14, x6, x17        x14=ffffdb57 x14:000032af  x6:00001178 x17:fffffffb
20547911ns          346403 1c008192 0046230b p.lw             x6, 4(x12!)          x6=0000120b x12=10000a50 x12:10000a4c  PA:10000a4c
20547931ns          346404 1c008196 2078788b p.lw             x17, x7(x16!)       x17=fffffff3 x16=1000027c  x7:00000020 x16:1000025c  PA:1000025c
20547971ns          346406 1c00819a 43130733 p.mac            x14, x6, x17        x14=fffef0c8 x14:ffffdb57  x6:0000120b x17:fffffff3
20547991ns          346407 1c008192 0046230b p.lw             x6, 4(x12!)          x6=0000129e x12=10000a54 x12:10000a50  PA:10000a50
20548011ns          346408 1c008196 2078788b p.lw             x17, x7(x16!)       x17=ffffffeb x16=1000029c  x7:00000020 x16:1000027c  PA:1000027c
20548051ns          346410 1c00819a 43130733 p.mac            x14, x6, x17        x14=fffd69d2 x14:fffef0c8  x6:0000129e x17:ffffffeb
20548070ns          346411 1c008192 0046230b p.lw             x6, 4(x12!)          x6=00001331 x12=10000a58 x12:10000a54  PA:10000a54
20548090ns          346412 1c008196 2078788b p.lw             x17, x7(x16!)       x17=ffffffe3 x16=100002bc  x7:00000020 x16:1000029c  PA:1000029c
20548130ns          346414 1c00819a 43130733 p.mac            x14, x6, x17        x14=fffb3d45 x14:fffd69d2  x6:00001331 x17:ffffffe3
20548150ns          346415 1c008192 0046230b p.lw             x6, 4(x12!)          x6=000013c4 x12=10000a5c x12:10000a58  PA:10000a58
20548170ns          346416 1c008196 2078788b p.lw             x17, x7(x16!)       x17=ffffffdb x16=100002dc  x7:00000020 x16:100002bc  PA:100002bc
20548210ns          346418 1c00819a 43130733 p.mac            x14, x6, x17        x14=fff861f1 x14:fffb3d45  x6:000013c4 x17:ffffffdb
20548230ns          346419 1c008192 0046230b p.lw             x6, 4(x12!)          x6=00001457 x12=10000a60 x12:10000a5c  PA:10000a5c
20548249ns          346420 1c008196 2078788b p.lw             x17, x7(x16!)       x17=ffffffd3 x16=100002fc  x7:00000020 x16:100002dc  PA:100002dc
20548289ns          346422 1c00819a 43130733 p.mac            x14, x6, x17        x14=fff4cea6 x14:fff861f1  x6:00001457 x17:ffffffd3
20548309ns          346423 1c008192 0046230b p.lw             x6, 4(x12!)          x6=000014ea x12=10000a64 x12:10000a60  PA:10000a60
20548329ns          346424 1c008196 2078788b p.lw             x17, x7(x16!)       x17=ffffffcb x16=1000031c  x7:00000020 x16:100002fc  PA:100002fc
20548369ns          346426 1c00819a 43130733 p.mac            x14, x6, x17        x14=fff07a34 x14:fff4cea6  x6:000014ea x17:ffffffcb
20548389ns          346427 1c00819e 00ef222b p.sw             x14, 4(x30!)        x30=10000960 x14:fff07a34 x30:1000095c  PA:1000095c
20548409ns          346428 1c0081a2 004e8e93 addi             x29, x29, 4         x29=10000220 x29:1000021c
20548448ns          346430 1c00817e 40af87b3 sub              x15, x31, x10       x15=00000020 x31:10000a64 x10:10000a44
20548468ns          346431 1c008182 ffc78793 addi             x15, x15, -4        x15=0000001c x15:00000020
20548488ns          346432 1c008184 0027d793 srli             x15, x15, 0x2       x15=00000007 x15:0000001c
20548508ns          346433 1c008186 01d00833 add              x16, x0, x29        x16=10000220 x29:10000220
20548528ns          346434 1c008188 00a00633 add              x12, x0, x10        x12=10000a44 x10:10000a44
20548548ns          346435 1c00818a 00000713 addi             x14, x0, 0          x14=00000000
20548568ns          346436 1c00818c 00178793 addi             x15, x15, 1         x15=00000008 x15:00000007
20548588ns          346437 1c00818e 0067c0fb lp.setup         0x1, x15, 0x6       x15:00000008
20548607ns          346438 1c008192 0046230b p.lw             x6, 4(x12!)          x6=000010e5 x12=10000a48 x12:10000a44  PA:10000a44
20548627ns          346439 1c008196 2078788b p.lw             x17, x7(x16!)       x17=00000002 x16=10000240  x7:00000020 x16:10000220  PA:10000220
20548667ns          346441 1c00819a 43130733 p.mac            x14, x6, x17        x14=000021ca x14:00000000  x6:000010e5 x17:00000002
20548687ns          346442 1c008192 0046230b p.lw             x6, 4(x12!)          x6=00001178 x12=10000a4c x12:10000a48  PA:10000a48
20548707ns          346443 1c008196 2078788b p.lw             x17, x7(x16!)       x17=fffffffa x16=10000260  x7:00000020 x16:10000240  PA:10000240
20548747ns          346445 1c00819a 43130733 p.mac            x14, x6, x17        x14=ffffb8fa x14:000021ca  x6:00001178 x17:fffffffa
20548767ns          346446 1c008192 0046230b p.lw             x6, 4(x12!)          x6=0000120b x12=10000a50 x12:10000a4c  PA:10000a4c
20548786ns          346447 1c008196 2078788b p.lw             x17, x7(x16!)       x17=fffffff2 x16=10000280  x7:00000020 x16:10000260  PA:10000260
20548826ns          346449 1c00819a 43130733 p.mac            x14, x6, x17        x14=fffebc60 x14:ffffb8fa  x6:0000120b x17:fffffff2
20548846ns          346450 1c008192 0046230b p.lw             x6, 4(x12!)          x6=0000129e x12=10000a54 x12:10000a50  PA:10000a50
20548866ns          346451 1c008196 2078788b p.lw             x17, x7(x16!)       x17=ffffffea x16=100002a0  x7:00000020 x16:10000280  PA:10000280
20548906ns          346453 1c00819a 43130733 p.mac            x14, x6, x17        x14=fffd22cc x14:fffebc60  x6:0000129e x17:ffffffea
20548926ns          346454 1c008192 0046230b p.lw             x6, 4(x12!)          x6=00001331 x12=10000a58 x12:10000a54  PA:10000a54
20548946ns          346455 1c008196 2078788b p.lw             x17, x7(x16!)       x17=ffffffe2 x16=100002c0  x7:00000020 x16:100002a0  PA:100002a0
20548985ns          346457 1c00819a 43130733 p.mac            x14, x6, x17        x14=fffae30e x14:fffd22cc  x6:00001331 x17:ffffffe2
20549005ns          346458 1c008192 0046230b p.lw             x6, 4(x12!)          x6=000013c4 x12=10000a5c x12:10000a58  PA:10000a58
20549025ns          346459 1c008196 2078788b p.lw             x17, x7(x16!)       x17=ffffffda x16=100002e0  x7:00000020 x16:100002c0  PA:100002c0
20549065ns          346461 1c00819a 43130733 p.mac            x14, x6, x17        x14=fff7f3f6 x14:fffae30e  x6:000013c4 x17:ffffffda
20549085ns          346462 1c008192 0046230b p.lw             x6, 4(x12!)          x6=00001457 x12=10000a60 x12:10000a5c  PA:10000a5c
20549105ns          346463 1c008196 2078788b p.lw             x17, x7(x16!)       x17=ffffffd2 x16=10000300  x7:00000020 x16:100002e0  PA:100002e0
20549145ns          346465 1c00819a 43130733 p.mac            x14, x6, x17        x14=fff44c54 x14:fff7f3f6  x6:00001457 x17:ffffffd2
20549164ns          346466 1c008192 0046230b p.lw             x6, 4(x12!)          x6=000014ea x12=10000a64 x12:10000a60  PA:10000a60
20549184ns          346467 1c008196 2078788b p.lw             x17, x7(x16!)       x17=ffffffca x16=10000320  x7:00000020 x16:10000300  PA:10000300
20549224ns          346469 1c00819a 43130733 p.mac            x14, x6, x17        x14=ffefe2f8 x14:fff44c54  x6:000014ea x17:ffffffca
20549244ns          346470 1c00819e 00ef222b p.sw             x14, 4(x30!)        x30=10000964 x14:ffefe2f8 x30:10000960  PA:10000960
20549264ns          346471 1c0081a2 004e8e93 addi             x29, x29, 4         x29=10000224 x29:10000220
20549284ns          346472 1c0081a4 00128293 addi             x5, x5, 1            x5=00000003  x5:00000002
20549304ns          346473 1c0081a6 00750533 add              x10, x10, x7        x10=10000a64 x10:10000a44  x7:00000020
20549324ns          346474 1c0081a8 007f8fb3 add              x31, x31, x7        x31=10000a84 x31:10000a64  x7:00000020
20549343ns          346475 1c0081aa fa569fe3 bne              x13, x5, -66        x13:00000008  x5:00000003
20549403ns          346478 1c008168 40b48e33 sub              x28, x9, x11        x28=00000020  x9:10000224 x11:10000204
20549423ns          346479 1c00816c ffce0e13 addi             x28, x28, -4        x28=0000001c x28:00000020
20549443ns          346480 1c00816e 002e5e13 srli             x28, x28, 0x2       x28=00000007 x28:0000001c
20549463ns          346481 1c008172 008f8f33 add              x30, x31, x8        x30=10000964 x31:10000a84  x8:fffffee0
20549483ns          346482 1c008176 00b00eb3 add              x29, x0, x11        x29=10000204 x11:10000204
20549503ns          346483 1c008178 001e0e13 addi             x28, x28, 1         x28=00000008 x28:00000007
20549522ns          346484 1c00817a 014e407b lp.setup         0x0, x28, 0x14      x28:00000008
20549542ns          346485 1c00817e 40af87b3 sub              x15, x31, x10       x15=00000020 x31:10000a84 x10:10000a64
20549562ns          346486 1c008182 ffc78793 addi             x15, x15, -4        x15=0000001c x15:00000020
20549582ns          346487 1c008184 0027d793 srli             x15, x15, 0x2       x15=00000007 x15:0000001c
20549602ns          346488 1c008186 01d00833 add              x16, x0, x29        x16=10000204 x29:10000204
20549622ns          346489 1c008188 00a00633 add              x12, x0, x10        x12=10000a64 x10:10000a64
20549642ns          346490 1c00818a 00000713 addi             x14, x0, 0          x14=00000000
20549662ns          346491 1c00818c 00178793 addi             x15, x15, 1         x15=00000008 x15:00000007
20549682ns          346492 1c00818e 0067c0fb lp.setup         0x1, x15, 0x6       x15:00000008
20549701ns          346493 1c008192 0046230b p.lw             x6, 4(x12!)          x6=0000179d x12=10000a68 x12:10000a64  PA:10000a64
20549721ns          346494 1c008196 2078788b p.lw             x17, x7(x16!)       x17=00000009 x16=10000224  x7:00000020 x16:10000204  PA:10000204
20549761ns          346496 1c00819a 43130733 p.mac            x14, x6, x17        x14=0000d485 x14:00000000  x6:0000179d x17:00000009
20549781ns          346497 1c008192 0046230b p.lw             x6, 4(x12!)          x6=00001870 x12=10000a6c x12:10000a68  PA:10000a68
20549801ns          346498 1c008196 2078788b p.lw             x17, x7(x16!)       x17=00000001 x16=10000244  x7:00000020 x16:10000224  PA:10000224
20549841ns          346500 1c00819a 43130733 p.mac            x14, x6, x17        x14=0000ecf5 x14:0000d485  x6:00001870 x17:00000001
20549861ns          346501 1c008192 0046230b p.lw             x6, 4(x12!)          x6=00001943 x12=10000a70 x12:10000a6c  PA:10000a6c
20549880ns          346502 1c008196 2078788b p.lw             x17, x7(x16!)       x17=fffffff9 x16=10000264  x7:00000020 x16:10000244  PA:10000244
20549920ns          346504 1c00819a 43130733 p.mac            x14, x6, x17        x14=00003c20 x14:0000ecf5  x6:00001943 x17:fffffff9
20549940ns          346505 1c008192 0046230b p.lw             x6, 4(x12!)          x6=00001a16 x12=10000a74 x12:10000a70  PA:10000a70
20549960ns          346506 1c008196 2078788b p.lw             x17, x7(x16!)       x17=fffffff1 x16=10000284  x7:00000020 x16:10000264  PA:10000264
20550000ns          346508 1c00819a 43130733 p.mac            x14, x6, x17        x14=fffeb4d6 x14:00003c20  x6:00001a16 x17:fffffff1
20550020ns          346509 1c008192 0046230b p.lw             x6, 4(x12!)          x6=00001ae9 x12=10000a78 x12:10000a74  PA:10000a74
20550040ns          346510 1c008196 2078788b p.lw             x17, x7(x16!)       x17=ffffffe9 x16=100002a4  x7:00000020 x16:10000284  PA:10000284
20550079ns          346512 1c00819a 43130733 p.mac            x14, x6, x17        x14=fffc49e7 x14:fffeb4d6  x6:00001ae9 x17:ffffffe9
20550099ns          346513 1c008192 0046230b p.lw             x6, 4(x12!)          x6=00001bbc x12=10000a7c x12:10000a78  PA:10000a78
20550119ns          346514 1c008196 2078788b p.lw             x17, x7(x16!)       x17=ffffffe1 x16=100002c4  x7:00000020 x16:100002a4  PA:100002a4
20550159ns          346516 1c00819a 43130733 p.mac            x14, x6, x17        x14=fff8ee23 x14:fffc49e7  x6:00001bbc x17:ffffffe1
20550179ns          346517 1c008192 0046230b p.lw             x6, 4(x12!)          x6=00001c8f x12=10000a80 x12:10000a7c  PA:10000a7c
20550199ns          346518 1c008196 2078788b p.lw             x17, x7(x16!)       x17=ffffffd9 x16=100002e4  x7:00000020 x16:100002c4  PA:100002c4
20550239ns          346520 1c00819a 43130733 p.mac            x14, x6, x17        x14=fff4945a x14:fff8ee23  x6:00001c8f x17:ffffffd9
20550258ns          346521 1c008192 0046230b p.lw             x6, 4(x12!)          x6=00001d62 x12=10000a84 x12:10000a80  PA:10000a80
20550278ns          346522 1c008196 2078788b p.lw             x17, x7(x16!)       x17=ffffffd1 x16=10000304  x7:00000020 x16:100002e4  PA:100002e4
20550318ns          346524 1c00819a 43130733 p.mac            x14, x6, x17        x14=ffef2f5c x14:fff4945a  x6:00001d62 x17:ffffffd1
20550338ns          346525 1c00819e 00ef222b p.sw             x14, 4(x30!)        x30=10000968 x14:ffef2f5c x30:10000964  PA:10000964
20550358ns          346526 1c0081a2 004e8e93 addi             x29, x29, 4         x29=10000208 x29:10000204
20550398ns          346528 1c00817e 40af87b3 sub              x15, x31, x10       x15=00000020 x31:10000a84 x10:10000a64
20550418ns          346529 1c008182 ffc78793 addi             x15, x15, -4        x15=0000001c x15:00000020
20550437ns          346530 1c008184 0027d793 srli             x15, x15, 0x2       x15=00000007 x15:0000001c
20550457ns          346531 1c008186 01d00833 add              x16, x0, x29        x16=10000208 x29:10000208
20550477ns          346532 1c008188 00a00633 add              x12, x0, x10        x12=10000a64 x10:10000a64
20550497ns          346533 1c00818a 00000713 addi             x14, x0, 0          x14=00000000
20550517ns          346534 1c00818c 00178793 addi             x15, x15, 1         x15=00000008 x15:00000007
20550537ns          346535 1c00818e 0067c0fb lp.setup         0x1, x15, 0x6       x15:00000008
20550557ns          346536 1c008192 0046230b p.lw             x6, 4(x12!)          x6=0000179d x12=10000a68 x12:10000a64  PA:10000a64
20550577ns          346537 1c008196 2078788b p.lw             x17, x7(x16!)       x17=00000008 x16=10000228  x7:00000020 x16:10000208  PA:10000208
20550636ns          346540 1c00819a 43130733 p.mac            x14, x6, x17        x14=0000bce8 x14:00000000  x6:0000179d x17:00000008
20550656ns          346541 1c008192 0046230b p.lw             x6, 4(x12!)          x6=00001870 x12=10000a6c x12:10000a68  PA:10000a68
20550696ns          346543 1c008196 2078788b p.lw             x17, x7(x16!)       x17=00000000 x16=10000248  x7:00000020 x16:10000228  PA:10000228
20550736ns          346545 1c00819a 43130733 p.mac            x14, x6, x17        x14=0000bce8 x14:0000bce8  x6:00001870 x17:00000000
20550756ns          346546 1c008192 0046230b p.lw             x6, 4(x12!)          x6=00001943 x12=10000a70 x12:10000a6c  PA:10000a6c
20550776ns          346547 1c008196 2078788b p.lw             x17, x7(x16!)       x17=fffffff8 x16=10000268  x7:00000020 x16:10000248  PA:10000248
20550815ns          346549 1c00819a 43130733 p.mac            x14, x6, x17        x14=fffff2d0 x14:0000bce8  x6:00001943 x17:fffffff8
20550835ns          346550 1c008192 0046230b p.lw             x6, 4(x12!)          x6=00001a16 x12=10000a74 x12:10000a70  PA:10000a70
20550855ns          346551 1c008196 2078788b p.lw             x17, x7(x16!)       x17=fffffff0 x16=10000288  x7:00000020 x16:10000268  PA:10000268
20550895ns          346553 1c00819a 43130733 p.mac            x14, x6, x17        x14=fffe5170 x14:fffff2d0  x6:00001a16 x17:fffffff0
20550915ns          346554 1c008192 0046230b p.lw             x6, 4(x12!)          x6=00001ae9 x12=10000a78 x12:10000a74  PA:10000a74
20550935ns          346555 1c008196 2078788b p.lw             x17, x7(x16!)       x17=ffffffe8 x16=100002a8  x7:00000020 x16:10000288  PA:10000288
20550974ns          346557 1c00819a 43130733 p.mac            x14, x6, x17        x14=fffbcb98 x14:fffe5170  x6:00001ae9 x17:ffffffe8
20550994ns          346558 1c008192 0046230b p.lw             x6, 4(x12!)          x6=00001bbc x12=10000a7c x12:10000a78  PA:10000a78
20551014ns          346559 1c008196 2078788b p.lw             x17, x7(x16!)       x17=ffffffe0 x16=100002c8  x7:00000020 x16:100002a8  PA:100002a8
20551054ns          346561 1c00819a 43130733 p.mac            x14, x6, x17        x14=fff85418 x14:fffbcb98  x6:00001bbc x17:ffffffe0
20551074ns          346562 1c008192 0046230b p.lw             x6, 4(x12!)          x6=00001c8f x12=10000a80 x12:10000a7c  PA:10000a7c
20551094ns          346563 1c008196 2078788b p.lw             x17, x7(x16!)       x17=ffffffd8 x16=100002e8  x7:00000020 x16:100002c8  PA:100002c8
20551134ns          346565 1c00819a 43130733 p.mac            x14, x6, x17        x14=fff3ddc0 x14:fff85418  x6:00001c8f x17:ffffffd8
20551153ns          346566 1c008192 0046230b p.lw             x6, 4(x12!)          x6=00001d62 x12=10000a84 x12:10000a80  PA:10000a80
20551173ns          346567 1c008196 2078788b p.lw             x17, x7(x16!)       x17=ffffffd0 x16=10000308  x7:00000020 x16:100002e8  PA:100002e8
20551213ns          346569 1c00819a 43130733 p.mac            x14, x6, x17        x14=ffee5b60 x14:fff3ddc0  x6:00001d62 x17:ffffffd0
20551233ns          346570 1c00819e 00ef222b p.sw             x14, 4(x30!)        x30=1000096c x14:ffee5b60 x30:10000968  PA:10000968
20551253ns          346571 1c0081a2 004e8e93 addi             x29, x29, 4         x29=1000020c x29:10000208
20551293ns          346573 1c00817e 40af87b3 sub              x15, x31, x10       x15=00000020 x31:10000a84 x10:10000a64
20551313ns          346574 1c008182 ffc78793 addi             x15, x15, -4        x15=0000001c x15:00000020
20551333ns          346575 1c008184 0027d793 srli             x15, x15, 0x2       x15=00000007 x15:0000001c
20551352ns          346576 1c008186 01d00833 add              x16, x0, x29        x16=1000020c x29:1000020c
20551372ns          346577 1c008188 00a00633 add              x12, x0, x10        x12=10000a64 x10:10000a64
20551392ns          346578 1c00818a 00000713 addi             x14, x0, 0          x14=00000000
20551412ns          346579 1c00818c 00178793 addi             x15, x15, 1         x15=00000008 x15:00000007
20551432ns          346580 1c00818e 0067c0fb lp.setup         0x1, x15, 0x6       x15:00000008
20551452ns          346581 1c008192 0046230b p.lw             x6, 4(x12!)          x6=0000179d x12=10000a68 x12:10000a64  PA:10000a64
20551472ns          346582 1c008196 2078788b p.lw             x17, x7(x16!)       x17=00000007 x16=1000022c  x7:00000020 x16:1000020c  PA:1000020c
20551512ns          346584 1c00819a 43130733 p.mac            x14, x6, x17        x14=0000a54b x14:00000000  x6:0000179d x17:00000007
20551531ns          346585 1c008192 0046230b p.lw             x6, 4(x12!)          x6=00001870 x12=10000a6c x12:10000a68  PA:10000a68
20551551ns          346586 1c008196 2078788b p.lw             x17, x7(x16!)       x17=ffffffff x16=1000024c  x7:00000020 x16:1000022c  PA:1000022c
20551591ns          346588 1c00819a 43130733 p.mac            x14, x6, x17        x14=00008cdb x14:0000a54b  x6:00001870 x17:ffffffff
20551611ns          346589 1c008192 0046230b p.lw             x6, 4(x12!)          x6=00001943 x12=10000a70 x12:10000a6c  PA:10000a6c
20551631ns          346590 1c008196 2078788b p.lw             x17, x7(x16!)       x17=fffffff7 x16=1000026c  x7:00000020 x16:1000024c  PA:1000024c
20551671ns          346592 1c00819a 43130733 p.mac            x14, x6, x17        x14=ffffa980 x14:00008cdb  x6:00001943 x17:fffffff7
20551691ns          346593 1c008192 0046230b p.lw             x6, 4(x12!)          x6=00001a16 x12=10000a74 x12:10000a70  PA:10000a70
20551710ns          346594 1c008196 2078788b p.lw             x17, x7(x16!)       x17=ffffffef x16=1000028c  x7:00000020 x16:1000026c  PA:1000026c
20551750ns          346596 1c00819a 43130733 p.mac            x14, x6, x17        x14=fffdee0a x14:ffffa980  x6:00001a16 x17:ffffffef
20551770ns          346597 1c008192 0046230b p.lw             x6, 4(x12!)          x6=00001ae9 x12=10000a78 x12:10000a74  PA:10000a74
20551790ns          346598 1c008196 2078788b p.lw             x17, x7(x16!)       x17=ffffffe7 x16=100002ac  x7:00000020 x16:1000028c  PA:1000028c
20551830ns          346600 1c00819a 43130733 p.mac            x14, x6, x17        x14=fffb4d49 x14:fffdee0a  x6:00001ae9 x17:ffffffe7
20551850ns          346601 1c008192 0046230b p.lw             x6, 4(x12!)          x6=00001bbc x12=10000a7c x12:10000a78  PA:10000a78
20551870ns          346602 1c008196 2078788b p.lw             x17, x7(x16!)       x17=ffffffdf x16=100002cc  x7:00000020 x16:100002ac  PA:100002ac
20551909ns          346604 1c00819a 43130733 p.mac            x14, x6, x17        x14=fff7ba0d x14:fffb4d49  x6:00001bbc x17:ffffffdf
20551929ns          346605 1c008192 0046230b p.lw             x6, 4(x12!)          x6=00001c8f x12=10000a80 x12:10000a7c  PA:10000a7c
20551949ns          346606 1c008196 2078788b p.lw             x17, x7(x16!)       x17=ffffffd7 x16=100002ec  x7:00000020 x16:100002cc  PA:100002cc
20551989ns          346608 1c00819a 43130733 p.mac            x14, x6, x17        x14=fff32726 x14:fff7ba0d  x6:00001c8f x17:ffffffd7
20552009ns          346609 1c008192 0046230b p.lw             x6, 4(x12!)          x6=00001d62 x12=10000a84 x12:10000a80  PA:10000a80
20552029ns          346610 1c008196 2078788b p.lw             x17, x7(x16!)       x17=ffffffcf x16=1000030c  x7:00000020 x16:100002ec  PA:100002ec
20552068ns          346612 1c00819a 43130733 p.mac            x14, x6, x17        x14=ffed8764 x14:fff32726  x6:00001d62 x17:ffffffcf
20552088ns          346613 1c00819e 00ef222b p.sw             x14, 4(x30!)        x30=10000970 x14:ffed8764 x30:1000096c  PA:1000096c
20552108ns          346614 1c0081a2 004e8e93 addi             x29, x29, 4         x29=10000210 x29:1000020c
20552148ns          346616 1c00817e 40af87b3 sub              x15, x31, x10       x15=00000020 x31:10000a84 x10:10000a64
20552168ns          346617 1c008182 ffc78793 addi             x15, x15, -4        x15=0000001c x15:00000020
20552188ns          346618 1c008184 0027d793 srli             x15, x15, 0x2       x15=00000007 x15:0000001c
20552208ns          346619 1c008186 01d00833 add              x16, x0, x29        x16=10000210 x29:10000210
20552228ns          346620 1c008188 00a00633 add              x12, x0, x10        x12=10000a64 x10:10000a64
20552247ns          346621 1c00818a 00000713 addi             x14, x0, 0          x14=00000000
20552267ns          346622 1c00818c 00178793 addi             x15, x15, 1         x15=00000008 x15:00000007
20552287ns          346623 1c00818e 0067c0fb lp.setup         0x1, x15, 0x6       x15:00000008
20552307ns          346624 1c008192 0046230b p.lw             x6, 4(x12!)          x6=0000179d x12=10000a68 x12:10000a64  PA:10000a64
20552327ns          346625 1c008196 2078788b p.lw             x17, x7(x16!)       x17=00000006 x16=10000230  x7:00000020 x16:10000210  PA:10000210
20552367ns          346627 1c00819a 43130733 p.mac            x14, x6, x17        x14=00008dae x14:00000000  x6:0000179d x17:00000006
20552387ns          346628 1c008192 0046230b p.lw             x6, 4(x12!)          x6=00001870 x12=10000a6c x12:10000a68  PA:10000a68
20552407ns          346629 1c008196 2078788b p.lw             x17, x7(x16!)       x17=fffffffe x16=10000250  x7:00000020 x16:10000230  PA:10000230
20552446ns          346631 1c00819a 43130733 p.mac            x14, x6, x17        x14=00005cce x14:00008dae  x6:00001870 x17:fffffffe
20552466ns          346632 1c008192 0046230b p.lw             x6, 4(x12!)          x6=00001943 x12=10000a70 x12:10000a6c  PA:10000a6c
20552486ns          346633 1c008196 2078788b p.lw             x17, x7(x16!)       x17=fffffff6 x16=10000270  x7:00000020 x16:10000250  PA:10000250
20552526ns          346635 1c00819a 43130733 p.mac            x14, x6, x17        x14=ffff6030 x14:00005cce  x6:00001943 x17:fffffff6
20552546ns          346636 1c008192 0046230b p.lw             x6, 4(x12!)          x6=00001a16 x12=10000a74 x12:10000a70  PA:10000a70
20552566ns          346637 1c008196 2078788b p.lw             x17, x7(x16!)       x17=ffffffee x16=10000290  x7:00000020 x16:10000270  PA:10000270
20552625ns          346640 1c00819a 43130733 p.mac            x14, x6, x17        x14=fffd8aa4 x14:ffff6030  x6:00001a16 x17:ffffffee
20552645ns          346641 1c008192 0046230b p.lw             x6, 4(x12!)          x6=00001ae9 x12=10000a78 x12:10000a74  PA:10000a74
20552665ns          346642 1c008196 2078788b p.lw             x17, x7(x16!)       x17=ffffffe6 x16=100002b0  x7:00000020 x16:10000290  PA:10000290
20552705ns          346644 1c00819a 43130733 p.mac            x14, x6, x17        x14=fffacefa x14:fffd8aa4  x6:00001ae9 x17:ffffffe6
20552725ns          346645 1c008192 0046230b p.lw             x6, 4(x12!)          x6=00001bbc x12=10000a7c x12:10000a78  PA:10000a78
20552745ns          346646 1c008196 2078788b p.lw             x17, x7(x16!)       x17=ffffffde x16=100002d0  x7:00000020 x16:100002b0  PA:100002b0
20552785ns          346648 1c00819a 43130733 p.mac            x14, x6, x17        x14=fff72002 x14:fffacefa  x6:00001bbc x17:ffffffde
20552804ns          346649 1c008192 0046230b p.lw             x6, 4(x12!)          x6=00001c8f x12=10000a80 x12:10000a7c  PA:10000a7c
20552824ns          346650 1c008196 2078788b p.lw             x17, x7(x16!)       x17=ffffffd6 x16=100002f0  x7:00000020 x16:100002d0  PA:100002d0
20552864ns          346652 1c00819a 43130733 p.mac            x14, x6, x17        x14=fff2708c x14:fff72002  x6:00001c8f x17:ffffffd6
20552884ns          346653 1c008192 0046230b p.lw             x6, 4(x12!)          x6=00001d62 x12=10000a84 x12:10000a80  PA:10000a80
20552904ns          346654 1c008196 2078788b p.lw             x17, x7(x16!)       x17=ffffffce x16=10000310  x7:00000020 x16:100002f0  PA:100002f0
20552944ns          346656 1c00819a 43130733 p.mac            x14, x6, x17        x14=ffecb368 x14:fff2708c  x6:00001d62 x17:ffffffce
20552964ns          346657 1c00819e 00ef222b p.sw             x14, 4(x30!)        x30=10000974 x14:ffecb368 x30:10000970  PA:10000970
20552983ns          346658 1c0081a2 004e8e93 addi             x29, x29, 4         x29=10000214 x29:10000210
20553023ns          346660 1c00817e 40af87b3 sub              x15, x31, x10       x15=00000020 x31:10000a84 x10:10000a64
20553043ns          346661 1c008182 ffc78793 addi             x15, x15, -4        x15=0000001c x15:00000020
20553063ns          346662 1c008184 0027d793 srli             x15, x15, 0x2       x15=00000007 x15:0000001c
20553083ns          346663 1c008186 01d00833 add              x16, x0, x29        x16=10000214 x29:10000214
20553103ns          346664 1c008188 00a00633 add              x12, x0, x10        x12=10000a64 x10:10000a64
20553123ns          346665 1c00818a 00000713 addi             x14, x0, 0          x14=00000000
20553143ns          346666 1c00818c 00178793 addi             x15, x15, 1         x15=00000008 x15:00000007
20553162ns          346667 1c00818e 0067c0fb lp.setup         0x1, x15, 0x6       x15:00000008
20553182ns          346668 1c008192 0046230b p.lw             x6, 4(x12!)          x6=0000179d x12=10000a68 x12:10000a64  PA:10000a64
20553202ns          346669 1c008196 2078788b p.lw             x17, x7(x16!)       x17=00000005 x16=10000234  x7:00000020 x16:10000214  PA:10000214
20553242ns          346671 1c00819a 43130733 p.mac            x14, x6, x17        x14=00007611 x14:00000000  x6:0000179d x17:00000005
20553262ns          346672 1c008192 0046230b p.lw             x6, 4(x12!)          x6=00001870 x12=10000a6c x12:10000a68  PA:10000a68
20553282ns          346673 1c008196 2078788b p.lw             x17, x7(x16!)       x17=fffffffd x16=10000254  x7:00000020 x16:10000234  PA:10000234
20553322ns          346675 1c00819a 43130733 p.mac            x14, x6, x17        x14=00002cc1 x14:00007611  x6:00001870 x17:fffffffd
20553341ns          346676 1c008192 0046230b p.lw             x6, 4(x12!)          x6=00001943 x12=10000a70 x12:10000a6c  PA:10000a6c
20553361ns          346677 1c008196 2078788b p.lw             x17, x7(x16!)       x17=fffffff5 x16=10000274  x7:00000020 x16:10000254  PA:10000254
20553401ns          346679 1c00819a 43130733 p.mac            x14, x6, x17        x14=ffff16e0 x14:00002cc1  x6:00001943 x17:fffffff5
20553421ns          346680 1c008192 0046230b p.lw             x6, 4(x12!)          x6=00001a16 x12=10000a74 x12:10000a70  PA:10000a70
20553441ns          346681 1c008196 2078788b p.lw             x17, x7(x16!)       x17=ffffffed x16=10000294  x7:00000020 x16:10000274  PA:10000274
20553481ns          346683 1c00819a 43130733 p.mac            x14, x6, x17        x14=fffd273e x14:ffff16e0  x6:00001a16 x17:ffffffed
20553501ns          346684 1c008192 0046230b p.lw             x6, 4(x12!)          x6=00001ae9 x12=10000a78 x12:10000a74  PA:10000a74
20553520ns          346685 1c008196 2078788b p.lw             x17, x7(x16!)       x17=ffffffe5 x16=100002b4  x7:00000020 x16:10000294  PA:10000294
20553560ns          346687 1c00819a 43130733 p.mac            x14, x6, x17        x14=fffa50ab x14:fffd273e  x6:00001ae9 x17:ffffffe5
20553580ns          346688 1c008192 0046230b p.lw             x6, 4(x12!)          x6=00001bbc x12=10000a7c x12:10000a78  PA:10000a78
20553600ns          346689 1c008196 2078788b p.lw             x17, x7(x16!)       x17=ffffffdd x16=100002d4  x7:00000020 x16:100002b4  PA:100002b4
20553640ns          346691 1c00819a 43130733 p.mac            x14, x6, x17        x14=fff685f7 x14:fffa50ab  x6:00001bbc x17:ffffffdd
20553660ns          346692 1c008192 0046230b p.lw             x6, 4(x12!)          x6=00001c8f x12=10000a80 x12:10000a7c  PA:10000a7c
20553680ns          346693 1c008196 2078788b p.lw             x17, x7(x16!)       x17=ffffffd5 x16=100002f4  x7:00000020 x16:100002d4  PA:100002d4
20553719ns          346695 1c00819a 43130733 p.mac            x14, x6, x17        x14=fff1b9f2 x14:fff685f7  x6:00001c8f x17:ffffffd5
20553739ns          346696 1c008192 0046230b p.lw             x6, 4(x12!)          x6=00001d62 x12=10000a84 x12:10000a80  PA:10000a80
20553759ns          346697 1c008196 2078788b p.lw             x17, x7(x16!)       x17=ffffffcd x16=10000314  x7:00000020 x16:100002f4  PA:100002f4
20553799ns          346699 1c00819a 43130733 p.mac            x14, x6, x17        x14=ffebdf6c x14:fff1b9f2  x6:00001d62 x17:ffffffcd
20553819ns          346700 1c00819e 00ef222b p.sw             x14, 4(x30!)        x30=10000978 x14:ffebdf6c x30:10000974  PA:10000974
20553839ns          346701 1c0081a2 004e8e93 addi             x29, x29, 4         x29=10000218 x29:10000214
20553879ns          346703 1c00817e 40af87b3 sub              x15, x31, x10       x15=00000020 x31:10000a84 x10:10000a64
20553898ns          346704 1c008182 ffc78793 addi             x15, x15, -4        x15=0000001c x15:00000020
20553918ns          346705 1c008184 0027d793 srli             x15, x15, 0x2       x15=00000007 x15:0000001c
20553938ns          346706 1c008186 01d00833 add              x16, x0, x29        x16=10000218 x29:10000218
20553958ns          346707 1c008188 00a00633 add              x12, x0, x10        x12=10000a64 x10:10000a64
20553978ns          346708 1c00818a 00000713 addi             x14, x0, 0          x14=00000000
20553998ns          346709 1c00818c 00178793 addi             x15, x15, 1         x15=00000008 x15:00000007
20554018ns          346710 1c00818e 0067c0fb lp.setup         0x1, x15, 0x6       x15:00000008
20554038ns          346711 1c008192 0046230b p.lw             x6, 4(x12!)          x6=0000179d x12=10000a68 x12:10000a64  PA:10000a64
20554058ns          346712 1c008196 2078788b p.lw             x17, x7(x16!)       x17=00000004 x16=10000238  x7:00000020 x16:10000218  PA:10000218
20554097ns          346714 1c00819a 43130733 p.mac            x14, x6, x17        x14=00005e74 x14:00000000  x6:0000179d x17:00000004
20554117ns          346715 1c008192 0046230b p.lw             x6, 4(x12!)          x6=00001870 x12=10000a6c x12:10000a68  PA:10000a68
20554137ns          346716 1c008196 2078788b p.lw             x17, x7(x16!)       x17=fffffffc x16=10000258  x7:00000020 x16:10000238  PA:10000238
20554177ns          346718 1c00819a 43130733 p.mac            x14, x6, x17        x14=fffffcb4 x14:00005e74  x6:00001870 x17:fffffffc
20554197ns          346719 1c008192 0046230b p.lw             x6, 4(x12!)          x6=00001943 x12=10000a70 x12:10000a6c  PA:10000a6c
20554217ns          346720 1c008196 2078788b p.lw             x17, x7(x16!)       x17=fffffff4 x16=10000278  x7:00000020 x16:10000258  PA:10000258
20554256ns          346722 1c00819a 43130733 p.mac            x14, x6, x17        x14=fffecd90 x14:fffffcb4  x6:00001943 x17:fffffff4
20554276ns          346723 1c008192 0046230b p.lw             x6, 4(x12!)          x6=00001a16 x12=10000a74 x12:10000a70  PA:10000a70
20554296ns          346724 1c008196 2078788b p.lw             x17, x7(x16!)       x17=ffffffec x16=10000298  x7:00000020 x16:10000278  PA:10000278
20554336ns          346726 1c00819a 43130733 p.mac            x14, x6, x17        x14=fffcc3d8 x14:fffecd90  x6:00001a16 x17:ffffffec
20554356ns          346727 1c008192 0046230b p.lw             x6, 4(x12!)          x6=00001ae9 x12=10000a78 x12:10000a74  PA:10000a74
20554376ns          346728 1c008196 2078788b p.lw             x17, x7(x16!)       x17=ffffffe4 x16=100002b8  x7:00000020 x16:10000298  PA:10000298
20554416ns          346730 1c00819a 43130733 p.mac            x14, x6, x17        x14=fff9d25c x14:fffcc3d8  x6:00001ae9 x17:ffffffe4
20554435ns          346731 1c008192 0046230b p.lw             x6, 4(x12!)          x6=00001bbc x12=10000a7c x12:10000a78  PA:10000a78
20554455ns          346732 1c008196 2078788b p.lw             x17, x7(x16!)       x17=ffffffdc x16=100002d8  x7:00000020 x16:100002b8  PA:100002b8
20554495ns          346734 1c00819a 43130733 p.mac            x14, x6, x17        x14=fff5ebec x14:fff9d25c  x6:00001bbc x17:ffffffdc
20554515ns          346735 1c008192 0046230b p.lw             x6, 4(x12!)          x6=00001c8f x12=10000a80 x12:10000a7c  PA:10000a7c
20554535ns          346736 1c008196 2078788b p.lw             x17, x7(x16!)       x17=ffffffd4 x16=100002f8  x7:00000020 x16:100002d8  PA:100002d8
20554575ns          346738 1c00819a 43130733 p.mac            x14, x6, x17        x14=fff10358 x14:fff5ebec  x6:00001c8f x17:ffffffd4
20554595ns          346739 1c008192 0046230b p.lw             x6, 4(x12!)          x6=00001d62 x12=10000a84 x12:10000a80  PA:10000a80
20554614ns          346740 1c008196 2078788b p.lw             x17, x7(x16!)       x17=ffffffcc x16=10000318  x7:00000020 x16:100002f8  PA:100002f8
20554654ns          346742 1c00819a 43130733 p.mac            x14, x6, x17        x14=ffeb0b70 x14:fff10358  x6:00001d62 x17:ffffffcc
20554674ns          346743 1c00819e 00ef222b p.sw             x14, 4(x30!)        x30=1000097c x14:ffeb0b70 x30:10000978  PA:10000978
20554694ns          346744 1c0081a2 004e8e93 addi             x29, x29, 4         x29=1000021c x29:10000218
20554734ns          346746 1c00817e 40af87b3 sub              x15, x31, x10       x15=00000020 x31:10000a84 x10:10000a64
20554754ns          346747 1c008182 ffc78793 addi             x15, x15, -4        x15=0000001c x15:00000020
20554774ns          346748 1c008184 0027d793 srli             x15, x15, 0x2       x15=00000007 x15:0000001c
20554793ns          346749 1c008186 01d00833 add              x16, x0, x29        x16=1000021c x29:1000021c
20554813ns          346750 1c008188 00a00633 add              x12, x0, x10        x12=10000a64 x10:10000a64
20554833ns          346751 1c00818a 00000713 addi             x14, x0, 0          x14=00000000
20554853ns          346752 1c00818c 00178793 addi             x15, x15, 1         x15=00000008 x15:00000007
20554873ns          346753 1c00818e 0067c0fb lp.setup         0x1, x15, 0x6       x15:00000008
20554893ns          346754 1c008192 0046230b p.lw             x6, 4(x12!)          x6=0000179d x12=10000a68 x12:10000a64  PA:10000a64
20554913ns          346755 1c008196 2078788b p.lw             x17, x7(x16!)       x17=00000003 x16=1000023c  x7:00000020 x16:1000021c  PA:1000021c
20554953ns          346757 1c00819a 43130733 p.mac            x14, x6, x17        x14=000046d7 x14:00000000  x6:0000179d x17:00000003
20554973ns          346758 1c008192 0046230b p.lw             x6, 4(x12!)          x6=00001870 x12=10000a6c x12:10000a68  PA:10000a68
20554992ns          346759 1c008196 2078788b p.lw             x17, x7(x16!)       x17=fffffffb x16=1000025c  x7:00000020 x16:1000023c  PA:1000023c
20555032ns          346761 1c00819a 43130733 p.mac            x14, x6, x17        x14=ffffcca7 x14:000046d7  x6:00001870 x17:fffffffb
20555052ns          346762 1c008192 0046230b p.lw             x6, 4(x12!)          x6=00001943 x12=10000a70 x12:10000a6c  PA:10000a6c
20555072ns          346763 1c008196 2078788b p.lw             x17, x7(x16!)       x17=fffffff3 x16=1000027c  x7:00000020 x16:1000025c  PA:1000025c
20555112ns          346765 1c00819a 43130733 p.mac            x14, x6, x17        x14=fffe8440 x14:ffffcca7  x6:00001943 x17:fffffff3
20555132ns          346766 1c008192 0046230b p.lw             x6, 4(x12!)          x6=00001a16 x12=10000a74 x12:10000a70  PA:10000a70
20555152ns          346767 1c008196 2078788b p.lw             x17, x7(x16!)       x17=ffffffeb x16=1000029c  x7:00000020 x16:1000027c  PA:1000027c
20555191ns          346769 1c00819a 43130733 p.mac            x14, x6, x17        x14=fffc6072 x14:fffe8440  x6:00001a16 x17:ffffffeb
20555211ns          346770 1c008192 0046230b p.lw             x6, 4(x12!)          x6=00001ae9 x12=10000a78 x12:10000a74  PA:10000a74
20555231ns          346771 1c008196 2078788b p.lw             x17, x7(x16!)       x17=ffffffe3 x16=100002bc  x7:00000020 x16:1000029c  PA:1000029c
20555271ns          346773 1c00819a 43130733 p.mac            x14, x6, x17        x14=fff9540d x14:fffc6072  x6:00001ae9 x17:ffffffe3
20555291ns          346774 1c008192 0046230b p.lw             x6, 4(x12!)          x6=00001bbc x12=10000a7c x12:10000a78  PA:10000a78
20555311ns          346775 1c008196 2078788b p.lw             x17, x7(x16!)       x17=ffffffdb x16=100002dc  x7:00000020 x16:100002bc  PA:100002bc
20555350ns          346777 1c00819a 43130733 p.mac            x14, x6, x17        x14=fff551e1 x14:fff9540d  x6:00001bbc x17:ffffffdb
20555370ns          346778 1c008192 0046230b p.lw             x6, 4(x12!)          x6=00001c8f x12=10000a80 x12:10000a7c  PA:10000a7c
20555390ns          346779 1c008196 2078788b p.lw             x17, x7(x16!)       x17=ffffffd3 x16=100002fc  x7:00000020 x16:100002dc  PA:100002dc
20555430ns          346781 1c00819a 43130733 p.mac            x14, x6, x17        x14=fff04cbe x14:fff551e1  x6:00001c8f x17:ffffffd3
20555450ns          346782 1c008192 0046230b p.lw             x6, 4(x12!)          x6=00001d62 x12=10000a84 x12:10000a80  PA:10000a80
20555470ns          346783 1c008196 2078788b p.lw             x17, x7(x16!)       x17=ffffffcb x16=1000031c  x7:00000020 x16:100002fc  PA:100002fc
20555510ns          346785 1c00819a 43130733 p.mac            x14, x6, x17        x14=ffea3774 x14:fff04cbe  x6:00001d62 x17:ffffffcb
20555529ns          346786 1c00819e 00ef222b p.sw             x14, 4(x30!)        x30=10000980 x14:ffea3774 x30:1000097c  PA:1000097c
20555549ns          346787 1c0081a2 004e8e93 addi             x29, x29, 4         x29=10000220 x29:1000021c
20555589ns          346789 1c00817e 40af87b3 sub              x15, x31, x10       x15=00000020 x31:10000a84 x10:10000a64
20555609ns          346790 1c008182 ffc78793 addi             x15, x15, -4        x15=0000001c x15:00000020
20555629ns          346791 1c008184 0027d793 srli             x15, x15, 0x2       x15=00000007 x15:0000001c
20555649ns          346792 1c008186 01d00833 add              x16, x0, x29        x16=10000220 x29:10000220
20555669ns          346793 1c008188 00a00633 add              x12, x0, x10        x12=10000a64 x10:10000a64
20555689ns          346794 1c00818a 00000713 addi             x14, x0, 0          x14=00000000
20555708ns          346795 1c00818c 00178793 addi             x15, x15, 1         x15=00000008 x15:00000007
20555728ns          346796 1c00818e 0067c0fb lp.setup         0x1, x15, 0x6       x15:00000008
20555748ns          346797 1c008192 0046230b p.lw             x6, 4(x12!)          x6=0000179d x12=10000a68 x12:10000a64  PA:10000a64
20555768ns          346798 1c008196 2078788b p.lw             x17, x7(x16!)       x17=00000002 x16=10000240  x7:00000020 x16:10000220  PA:10000220
20555808ns          346800 1c00819a 43130733 p.mac            x14, x6, x17        x14=00002f3a x14:00000000  x6:0000179d x17:00000002
20555828ns          346801 1c008192 0046230b p.lw             x6, 4(x12!)          x6=00001870 x12=10000a6c x12:10000a68  PA:10000a68
20555848ns          346802 1c008196 2078788b p.lw             x17, x7(x16!)       x17=fffffffa x16=10000260  x7:00000020 x16:10000240  PA:10000240
20555887ns          346804 1c00819a 43130733 p.mac            x14, x6, x17        x14=ffff9c9a x14:00002f3a  x6:00001870 x17:fffffffa
20555907ns          346805 1c008192 0046230b p.lw             x6, 4(x12!)          x6=00001943 x12=10000a70 x12:10000a6c  PA:10000a6c
20555927ns          346806 1c008196 2078788b p.lw             x17, x7(x16!)       x17=fffffff2 x16=10000280  x7:00000020 x16:10000260  PA:10000260
20555967ns          346808 1c00819a 43130733 p.mac            x14, x6, x17        x14=fffe3af0 x14:ffff9c9a  x6:00001943 x17:fffffff2
20555987ns          346809 1c008192 0046230b p.lw             x6, 4(x12!)          x6=00001a16 x12=10000a74 x12:10000a70  PA:10000a70
20556007ns          346810 1c008196 2078788b p.lw             x17, x7(x16!)       x17=ffffffea x16=100002a0  x7:00000020 x16:10000280  PA:10000280
20556047ns          346812 1c00819a 43130733 p.mac            x14, x6, x17        x14=fffbfd0c x14:fffe3af0  x6:00001a16 x17:ffffffea
20556066ns          346813 1c008192 0046230b p.lw             x6, 4(x12!)          x6=00001ae9 x12=10000a78 x12:10000a74  PA:10000a74
20556086ns          346814 1c008196 2078788b p.lw             x17, x7(x16!)       x17=ffffffe2 x16=100002c0  x7:00000020 x16:100002a0  PA:100002a0
20556126ns          346816 1c00819a 43130733 p.mac            x14, x6, x17        x14=fff8d5be x14:fffbfd0c  x6:00001ae9 x17:ffffffe2
20556146ns          346817 1c008192 0046230b p.lw             x6, 4(x12!)          x6=00001bbc x12=10000a7c x12:10000a78  PA:10000a78
20556166ns          346818 1c008196 2078788b p.lw             x17, x7(x16!)       x17=ffffffda x16=100002e0  x7:00000020 x16:100002c0  PA:100002c0
20556206ns          346820 1c00819a 43130733 p.mac            x14, x6, x17        x14=fff4b7d6 x14:fff8d5be  x6:00001bbc x17:ffffffda
20556226ns          346821 1c008192 0046230b p.lw             x6, 4(x12!)          x6=00001c8f x12=10000a80 x12:10000a7c  PA:10000a7c
20556246ns          346822 1c008196 2078788b p.lw             x17, x7(x16!)       x17=ffffffd2 x16=10000300  x7:00000020 x16:100002e0  PA:100002e0
20556285ns          346824 1c00819a 43130733 p.mac            x14, x6, x17        x14=ffef9624 x14:fff4b7d6  x6:00001c8f x17:ffffffd2
20556305ns          346825 1c008192 0046230b p.lw             x6, 4(x12!)          x6=00001d62 x12=10000a84 x12:10000a80  PA:10000a80
20556325ns          346826 1c008196 2078788b p.lw             x17, x7(x16!)       x17=ffffffca x16=10000320  x7:00000020 x16:10000300  PA:10000300
20556365ns          346828 1c00819a 43130733 p.mac            x14, x6, x17        x14=ffe96378 x14:ffef9624  x6:00001d62 x17:ffffffca
20556385ns          346829 1c00819e 00ef222b p.sw             x14, 4(x30!)        x30=10000984 x14:ffe96378 x30:10000980  PA:10000980
20556405ns          346830 1c0081a2 004e8e93 addi             x29, x29, 4         x29=10000224 x29:10000220
20556425ns          346831 1c0081a4 00128293 addi             x5, x5, 1            x5=00000004  x5:00000003
20556444ns          346832 1c0081a6 00750533 add              x10, x10, x7        x10=10000a84 x10:10000a64  x7:00000020
20556464ns          346833 1c0081a8 007f8fb3 add              x31, x31, x7        x31=10000aa4 x31:10000a84  x7:00000020
20556484ns          346834 1c0081aa fa569fe3 bne              x13, x5, -66        x13:00000008  x5:00000004
20556544ns          346837 1c008168 40b48e33 sub              x28, x9, x11        x28=00000020  x9:10000224 x11:10000204
20556564ns          346838 1c00816c ffce0e13 addi             x28, x28, -4        x28=0000001c x28:00000020
20556584ns          346839 1c00816e 002e5e13 srli             x28, x28, 0x2       x28=00000007 x28:0000001c
20556604ns          346840 1c008172 008f8f33 add              x30, x31, x8        x30=10000984 x31:10000aa4  x8:fffffee0
20556623ns          346841 1c008176 00b00eb3 add              x29, x0, x11        x29=10000204 x11:10000204
20556643ns          346842 1c008178 001e0e13 addi             x28, x28, 1         x28=00000008 x28:00000007
20556663ns          346843 1c00817a 014e407b lp.setup         0x0, x28, 0x14      x28:00000008
20556683ns          346844 1c00817e 40af87b3 sub              x15, x31, x10       x15=00000020 x31:10000aa4 x10:10000a84
20556703ns          346845 1c008182 ffc78793 addi             x15, x15, -4        x15=0000001c x15:00000020
20556723ns          346846 1c008184 0027d793 srli             x15, x15, 0x2       x15=00000007 x15:0000001c
20556743ns          346847 1c008186 01d00833 add              x16, x0, x29        x16=10000204 x29:10000204
20556763ns          346848 1c008188 00a00633 add              x12, x0, x10        x12=10000a84 x10:10000a84
20556783ns          346849 1c00818a 00000713 addi             x14, x0, 0          x14=00000000
20556802ns          346850 1c00818c 00178793 addi             x15, x15, 1         x15=00000008 x15:00000007
20556822ns          346851 1c00818e 0067c0fb lp.setup         0x1, x15, 0x6       x15:00000008
20556842ns          346852 1c008192 0046230b p.lw             x6, 4(x12!)          x6=00001e55 x12=10000a88 x12:10000a84  PA:10000a84
20556882ns          346854 1c008196 2078788b p.lw             x17, x7(x16!)       x17=00000009 x16=10000224  x7:00000020 x16:10000204  PA:10000204
20556922ns          346856 1c00819a 43130733 p.mac            x14, x6, x17        x14=000110fd x14:00000000  x6:00001e55 x17:00000009
20556942ns          346857 1c008192 0046230b p.lw             x6, 4(x12!)          x6=00001f68 x12=10000a8c x12:10000a88  PA:10000a88
20556962ns          346858 1c008196 2078788b p.lw             x17, x7(x16!)       x17=00000001 x16=10000244  x7:00000020 x16:10000224  PA:10000224
20557001ns          346860 1c00819a 43130733 p.mac            x14, x6, x17        x14=00013065 x14:000110fd  x6:00001f68 x17:00000001
20557021ns          346861 1c008192 0046230b p.lw             x6, 4(x12!)          x6=0000207b x12=10000a90 x12:10000a8c  PA:10000a8c
20557041ns          346862 1c008196 2078788b p.lw             x17, x7(x16!)       x17=fffffff9 x16=10000264  x7:00000020 x16:10000244  PA:10000244
20557081ns          346864 1c00819a 43130733 p.mac            x14, x6, x17        x14=00004d08 x14:00013065  x6:0000207b x17:fffffff9
20557101ns          346865 1c008192 0046230b p.lw             x6, 4(x12!)          x6=0000218e x12=10000a94 x12:10000a90  PA:10000a90
20557121ns          346866 1c008196 2078788b p.lw             x17, x7(x16!)       x17=fffffff1 x16=10000284  x7:00000020 x16:10000264  PA:10000264
20557160ns          346868 1c00819a 43130733 p.mac            x14, x6, x17        x14=fffe55b6 x14:00004d08  x6:0000218e x17:fffffff1
20557180ns          346869 1c008192 0046230b p.lw             x6, 4(x12!)          x6=000022a1 x12=10000a98 x12:10000a94  PA:10000a94
20557200ns          346870 1c008196 2078788b p.lw             x17, x7(x16!)       x17=ffffffe9 x16=100002a4  x7:00000020 x16:10000284  PA:10000284
20557240ns          346872 1c00819a 43130733 p.mac            x14, x6, x17        x14=fffb393f x14:fffe55b6  x6:000022a1 x17:ffffffe9
20557260ns          346873 1c008192 0046230b p.lw             x6, 4(x12!)          x6=000023b4 x12=10000a9c x12:10000a98  PA:10000a98
20557280ns          346874 1c008196 2078788b p.lw             x17, x7(x16!)       x17=ffffffe1 x16=100002c4  x7:00000020 x16:100002a4  PA:100002a4
20557320ns          346876 1c00819a 43130733 p.mac            x14, x6, x17        x14=fff6e673 x14:fffb393f  x6:000023b4 x17:ffffffe1
20557340ns          346877 1c008192 0046230b p.lw             x6, 4(x12!)          x6=000024c7 x12=10000aa0 x12:10000a9c  PA:10000a9c
20557359ns          346878 1c008196 2078788b p.lw             x17, x7(x16!)       x17=ffffffd9 x16=100002e4  x7:00000020 x16:100002c4  PA:100002c4
20557399ns          346880 1c00819a 43130733 p.mac            x14, x6, x17        x14=fff14c22 x14:fff6e673  x6:000024c7 x17:ffffffd9
20557419ns          346881 1c008192 0046230b p.lw             x6, 4(x12!)          x6=000025da x12=10000aa4 x12:10000aa0  PA:10000aa0
20557439ns          346882 1c008196 2078788b p.lw             x17, x7(x16!)       x17=ffffffd1 x16=10000304  x7:00000020 x16:100002e4  PA:100002e4
20557479ns          346884 1c00819a 43130733 p.mac            x14, x6, x17        x14=ffea591c x14:fff14c22  x6:000025da x17:ffffffd1
20557499ns          346885 1c00819e 00ef222b p.sw             x14, 4(x30!)        x30=10000988 x14:ffea591c x30:10000984  PA:10000984
20557519ns          346886 1c0081a2 004e8e93 addi             x29, x29, 4         x29=10000208 x29:10000204
20557558ns          346888 1c00817e 40af87b3 sub              x15, x31, x10       x15=00000020 x31:10000aa4 x10:10000a84
20557578ns          346889 1c008182 ffc78793 addi             x15, x15, -4        x15=0000001c x15:00000020
20557598ns          346890 1c008184 0027d793 srli             x15, x15, 0x2       x15=00000007 x15:0000001c
20557618ns          346891 1c008186 01d00833 add              x16, x0, x29        x16=10000208 x29:10000208
20557638ns          346892 1c008188 00a00633 add              x12, x0, x10        x12=10000a84 x10:10000a84
20557658ns          346893 1c00818a 00000713 addi             x14, x0, 0          x14=00000000
20557678ns          346894 1c00818c 00178793 addi             x15, x15, 1         x15=00000008 x15:00000007
20557698ns          346895 1c00818e 0067c0fb lp.setup         0x1, x15, 0x6       x15:00000008
20557717ns          346896 1c008192 0046230b p.lw             x6, 4(x12!)          x6=00001e55 x12=10000a88 x12:10000a84  PA:10000a84
20557737ns          346897 1c008196 2078788b p.lw             x17, x7(x16!)       x17=00000008 x16=10000228  x7:00000020 x16:10000208  PA:10000208
20557777ns          346899 1c00819a 43130733 p.mac            x14, x6, x17        x14=0000f2a8 x14:00000000  x6:00001e55 x17:00000008
20557797ns          346900 1c008192 0046230b p.lw             x6, 4(x12!)          x6=00001f68 x12=10000a8c x12:10000a88  PA:10000a88
20557817ns          346901 1c008196 2078788b p.lw             x17, x7(x16!)       x17=00000000 x16=10000248  x7:00000020 x16:10000228  PA:10000228
20557857ns          346903 1c00819a 43130733 p.mac            x14, x6, x17        x14=0000f2a8 x14:0000f2a8  x6:00001f68 x17:00000000
20557877ns          346904 1c008192 0046230b p.lw             x6, 4(x12!)          x6=0000207b x12=10000a90 x12:10000a8c  PA:10000a8c
20557896ns          346905 1c008196 2078788b p.lw             x17, x7(x16!)       x17=fffffff8 x16=10000268  x7:00000020 x16:10000248  PA:10000248
20557936ns          346907 1c00819a 43130733 p.mac            x14, x6, x17        x14=ffffeed0 x14:0000f2a8  x6:0000207b x17:fffffff8
20557956ns          346908 1c008192 0046230b p.lw             x6, 4(x12!)          x6=0000218e x12=10000a94 x12:10000a90  PA:10000a90
20557976ns          346909 1c008196 2078788b p.lw             x17, x7(x16!)       x17=fffffff0 x16=10000288  x7:00000020 x16:10000268  PA:10000268
20558016ns          346911 1c00819a 43130733 p.mac            x14, x6, x17        x14=fffdd5f0 x14:ffffeed0  x6:0000218e x17:fffffff0
20558036ns          346912 1c008192 0046230b p.lw             x6, 4(x12!)          x6=000022a1 x12=10000a98 x12:10000a94  PA:10000a94
20558056ns          346913 1c008196 2078788b p.lw             x17, x7(x16!)       x17=ffffffe8 x16=100002a8  x7:00000020 x16:10000288  PA:10000288
20558095ns          346915 1c00819a 43130733 p.mac            x14, x6, x17        x14=fffa96d8 x14:fffdd5f0  x6:000022a1 x17:ffffffe8
20558115ns          346916 1c008192 0046230b p.lw             x6, 4(x12!)          x6=000023b4 x12=10000a9c x12:10000a98  PA:10000a98
20558135ns          346917 1c008196 2078788b p.lw             x17, x7(x16!)       x17=ffffffe0 x16=100002c8  x7:00000020 x16:100002a8  PA:100002a8
20558175ns          346919 1c00819a 43130733 p.mac            x14, x6, x17        x14=fff62058 x14:fffa96d8  x6:000023b4 x17:ffffffe0
20558195ns          346920 1c008192 0046230b p.lw             x6, 4(x12!)          x6=000024c7 x12=10000aa0 x12:10000a9c  PA:10000a9c
20558215ns          346921 1c008196 2078788b p.lw             x17, x7(x16!)       x17=ffffffd8 x16=100002e8  x7:00000020 x16:100002c8  PA:100002c8
20558254ns          346923 1c00819a 43130733 p.mac            x14, x6, x17        x14=fff06140 x14:fff62058  x6:000024c7 x17:ffffffd8
20558274ns          346924 1c008192 0046230b p.lw             x6, 4(x12!)          x6=000025da x12=10000aa4 x12:10000aa0  PA:10000aa0
20558294ns          346925 1c008196 2078788b p.lw             x17, x7(x16!)       x17=ffffffd0 x16=10000308  x7:00000020 x16:100002e8  PA:100002e8
20558334ns          346927 1c00819a 43130733 p.mac            x14, x6, x17        x14=ffe94860 x14:fff06140  x6:000025da x17:ffffffd0
20558354ns          346928 1c00819e 00ef222b p.sw             x14, 4(x30!)        x30=1000098c x14:ffe94860 x30:10000988  PA:10000988
20558374ns          346929 1c0081a2 004e8e93 addi             x29, x29, 4         x29=1000020c x29:10000208
20558414ns          346931 1c00817e 40af87b3 sub              x15, x31, x10       x15=00000020 x31:10000aa4 x10:10000a84
20558433ns          346932 1c008182 ffc78793 addi             x15, x15, -4        x15=0000001c x15:00000020
20558453ns          346933 1c008184 0027d793 srli             x15, x15, 0x2       x15=00000007 x15:0000001c
20558473ns          346934 1c008186 01d00833 add              x16, x0, x29        x16=1000020c x29:1000020c
20558493ns          346935 1c008188 00a00633 add              x12, x0, x10        x12=10000a84 x10:10000a84
20558513ns          346936 1c00818a 00000713 addi             x14, x0, 0          x14=00000000
20558533ns          346937 1c00818c 00178793 addi             x15, x15, 1         x15=00000008 x15:00000007
20558553ns          346938 1c00818e 0067c0fb lp.setup         0x1, x15, 0x6       x15:00000008
20558573ns          346939 1c008192 0046230b p.lw             x6, 4(x12!)          x6=00001e55 x12=10000a88 x12:10000a84  PA:10000a84
20558593ns          346940 1c008196 2078788b p.lw             x17, x7(x16!)       x17=00000007 x16=1000022c  x7:00000020 x16:1000020c  PA:1000020c
20558632ns          346942 1c00819a 43130733 p.mac            x14, x6, x17        x14=0000d453 x14:00000000  x6:00001e55 x17:00000007
20558652ns          346943 1c008192 0046230b p.lw             x6, 4(x12!)          x6=00001f68 x12=10000a8c x12:10000a88  PA:10000a88
20558672ns          346944 1c008196 2078788b p.lw             x17, x7(x16!)       x17=ffffffff x16=1000024c  x7:00000020 x16:1000022c  PA:1000022c
20558712ns          346946 1c00819a 43130733 p.mac            x14, x6, x17        x14=0000b4eb x14:0000d453  x6:00001f68 x17:ffffffff
20558732ns          346947 1c008192 0046230b p.lw             x6, 4(x12!)          x6=0000207b x12=10000a90 x12:10000a8c  PA:10000a8c
20558752ns          346948 1c008196 2078788b p.lw             x17, x7(x16!)       x17=fffffff7 x16=1000026c  x7:00000020 x16:1000024c  PA:1000024c
20558811ns          346951 1c00819a 43130733 p.mac            x14, x6, x17        x14=ffff9098 x14:0000b4eb  x6:0000207b x17:fffffff7
20558831ns          346952 1c008192 0046230b p.lw             x6, 4(x12!)          x6=0000218e x12=10000a94 x12:10000a90  PA:10000a90
20558851ns          346953 1c008196 2078788b p.lw             x17, x7(x16!)       x17=ffffffef x16=1000028c  x7:00000020 x16:1000026c  PA:1000026c
20558891ns          346955 1c00819a 43130733 p.mac            x14, x6, x17        x14=fffd562a x14:ffff9098  x6:0000218e x17:ffffffef
20558911ns          346956 1c008192 0046230b p.lw             x6, 4(x12!)          x6=000022a1 x12=10000a98 x12:10000a94  PA:10000a94
20558931ns          346957 1c008196 2078788b p.lw             x17, x7(x16!)       x17=ffffffe7 x16=100002ac  x7:00000020 x16:1000028c  PA:1000028c
20558971ns          346959 1c00819a 43130733 p.mac            x14, x6, x17        x14=fff9f471 x14:fffd562a  x6:000022a1 x17:ffffffe7
20558990ns          346960 1c008192 0046230b p.lw             x6, 4(x12!)          x6=000023b4 x12=10000a9c x12:10000a98  PA:10000a98
20559010ns          346961 1c008196 2078788b p.lw             x17, x7(x16!)       x17=ffffffdf x16=100002cc  x7:00000020 x16:100002ac  PA:100002ac
20559050ns          346963 1c00819a 43130733 p.mac            x14, x6, x17        x14=fff55a3d x14:fff9f471  x6:000023b4 x17:ffffffdf
20559070ns          346964 1c008192 0046230b p.lw             x6, 4(x12!)          x6=000024c7 x12=10000aa0 x12:10000a9c  PA:10000a9c
20559090ns          346965 1c008196 2078788b p.lw             x17, x7(x16!)       x17=ffffffd7 x16=100002ec  x7:00000020 x16:100002cc  PA:100002cc
20559130ns          346967 1c00819a 43130733 p.mac            x14, x6, x17        x14=ffef765e x14:fff55a3d  x6:000024c7 x17:ffffffd7
20559150ns          346968 1c008192 0046230b p.lw             x6, 4(x12!)          x6=000025da x12=10000aa4 x12:10000aa0  PA:10000aa0
20559169ns          346969 1c008196 2078788b p.lw             x17, x7(x16!)       x17=ffffffcf x16=1000030c  x7:00000020 x16:100002ec  PA:100002ec
20559209ns          346971 1c00819a 43130733 p.mac            x14, x6, x17        x14=ffe837a4 x14:ffef765e  x6:000025da x17:ffffffcf
20559229ns          346972 1c00819e 00ef222b p.sw             x14, 4(x30!)        x30=10000990 x14:ffe837a4 x30:1000098c  PA:1000098c
20559249ns          346973 1c0081a2 004e8e93 addi             x29, x29, 4         x29=10000210 x29:1000020c
20559289ns          346975 1c00817e 40af87b3 sub              x15, x31, x10       x15=00000020 x31:10000aa4 x10:10000a84
20559309ns          346976 1c008182 ffc78793 addi             x15, x15, -4        x15=0000001c x15:00000020
20559329ns          346977 1c008184 0027d793 srli             x15, x15, 0x2       x15=00000007 x15:0000001c
20559348ns          346978 1c008186 01d00833 add              x16, x0, x29        x16=10000210 x29:10000210
20559368ns          346979 1c008188 00a00633 add              x12, x0, x10        x12=10000a84 x10:10000a84
20559388ns          346980 1c00818a 00000713 addi             x14, x0, 0          x14=00000000
20559408ns          346981 1c00818c 00178793 addi             x15, x15, 1         x15=00000008 x15:00000007
20559428ns          346982 1c00818e 0067c0fb lp.setup         0x1, x15, 0x6       x15:00000008
20559448ns          346983 1c008192 0046230b p.lw             x6, 4(x12!)          x6=00001e55 x12=10000a88 x12:10000a84  PA:10000a84
20559468ns          346984 1c008196 2078788b p.lw             x17, x7(x16!)       x17=00000006 x16=10000230  x7:00000020 x16:10000210  PA:10000210
20559508ns          346986 1c00819a 43130733 p.mac            x14, x6, x17        x14=0000b5fe x14:00000000  x6:00001e55 x17:00000006
20559527ns          346987 1c008192 0046230b p.lw             x6, 4(x12!)          x6=00001f68 x12=10000a8c x12:10000a88  PA:10000a88
20559547ns          346988 1c008196 2078788b p.lw             x17, x7(x16!)       x17=fffffffe x16=10000250  x7:00000020 x16:10000230  PA:10000230
20559587ns          346990 1c00819a 43130733 p.mac            x14, x6, x17        x14=0000772e x14:0000b5fe  x6:00001f68 x17:fffffffe
20559607ns          346991 1c008192 0046230b p.lw             x6, 4(x12!)          x6=0000207b x12=10000a90 x12:10000a8c  PA:10000a8c
20559627ns          346992 1c008196 2078788b p.lw             x17, x7(x16!)       x17=fffffff6 x16=10000270  x7:00000020 x16:10000250  PA:10000250
20559667ns          346994 1c00819a 43130733 p.mac            x14, x6, x17        x14=ffff3260 x14:0000772e  x6:0000207b x17:fffffff6
20559687ns          346995 1c008192 0046230b p.lw             x6, 4(x12!)          x6=0000218e x12=10000a94 x12:10000a90  PA:10000a90
20559707ns          346996 1c008196 2078788b p.lw             x17, x7(x16!)       x17=ffffffee x16=10000290  x7:00000020 x16:10000270  PA:10000270
20559746ns          346998 1c00819a 43130733 p.mac            x14, x6, x17        x14=fffcd664 x14:ffff3260  x6:0000218e x17:ffffffee
20559766ns          346999 1c008192 0046230b p.lw             x6, 4(x12!)          x6=000022a1 x12=10000a98 x12:10000a94  PA:10000a94
20559786ns          347000 1c008196 2078788b p.lw             x17, x7(x16!)       x17=ffffffe6 x16=100002b0  x7:00000020 x16:10000290  PA:10000290
20559826ns          347002 1c00819a 43130733 p.mac            x14, x6, x17        x14=fff9520a x14:fffcd664  x6:000022a1 x17:ffffffe6
20559846ns          347003 1c008192 0046230b p.lw             x6, 4(x12!)          x6=000023b4 x12=10000a9c x12:10000a98  PA:10000a98
20559866ns          347004 1c008196 2078788b p.lw             x17, x7(x16!)       x17=ffffffde x16=100002d0  x7:00000020 x16:100002b0  PA:100002b0
20559905ns          347006 1c00819a 43130733 p.mac            x14, x6, x17        x14=fff49422 x14:fff9520a  x6:000023b4 x17:ffffffde
20559925ns          347007 1c008192 0046230b p.lw             x6, 4(x12!)          x6=000024c7 x12=10000aa0 x12:10000a9c  PA:10000a9c
20559945ns          347008 1c008196 2078788b p.lw             x17, x7(x16!)       x17=ffffffd6 x16=100002f0  x7:00000020 x16:100002d0  PA:100002d0
20559985ns          347010 1c00819a 43130733 p.mac            x14, x6, x17        x14=ffee8b7c x14:fff49422  x6:000024c7 x17:ffffffd6
20560005ns          347011 1c008192 0046230b p.lw             x6, 4(x12!)          x6=000025da x12=10000aa4 x12:10000aa0  PA:10000aa0
20560025ns          347012 1c008196 2078788b p.lw             x17, x7(x16!)       x17=ffffffce x16=10000310  x7:00000020 x16:100002f0  PA:100002f0
20560065ns          347014 1c00819a 43130733 p.mac            x14, x6, x17        x14=ffe726e8 x14:ffee8b7c  x6:000025da x17:ffffffce
20560084ns          347015 1c00819e 00ef222b p.sw             x14, 4(x30!)        x30=10000994 x14:ffe726e8 x30:10000990  PA:10000990
20560104ns          347016 1c0081a2 004e8e93 addi             x29, x29, 4         x29=10000214 x29:10000210
20560144ns          347018 1c00817e 40af87b3 sub              x15, x31, x10       x15=00000020 x31:10000aa4 x10:10000a84
20560164ns          347019 1c008182 ffc78793 addi             x15, x15, -4        x15=0000001c x15:00000020
20560184ns          347020 1c008184 0027d793 srli             x15, x15, 0x2       x15=00000007 x15:0000001c
20560204ns          347021 1c008186 01d00833 add              x16, x0, x29        x16=10000214 x29:10000214
20560224ns          347022 1c008188 00a00633 add              x12, x0, x10        x12=10000a84 x10:10000a84
20560244ns          347023 1c00818a 00000713 addi             x14, x0, 0          x14=00000000
20560263ns          347024 1c00818c 00178793 addi             x15, x15, 1         x15=00000008 x15:00000007
20560283ns          347025 1c00818e 0067c0fb lp.setup         0x1, x15, 0x6       x15:00000008
20560303ns          347026 1c008192 0046230b p.lw             x6, 4(x12!)          x6=00001e55 x12=10000a88 x12:10000a84  PA:10000a84
20560323ns          347027 1c008196 2078788b p.lw             x17, x7(x16!)       x17=00000005 x16=10000234  x7:00000020 x16:10000214  PA:10000214
20560363ns          347029 1c00819a 43130733 p.mac            x14, x6, x17        x14=000097a9 x14:00000000  x6:00001e55 x17:00000005
20560383ns          347030 1c008192 0046230b p.lw             x6, 4(x12!)          x6=00001f68 x12=10000a8c x12:10000a88  PA:10000a88
20560403ns          347031 1c008196 2078788b p.lw             x17, x7(x16!)       x17=fffffffd x16=10000254  x7:00000020 x16:10000234  PA:10000234
20560442ns          347033 1c00819a 43130733 p.mac            x14, x6, x17        x14=00003971 x14:000097a9  x6:00001f68 x17:fffffffd
20560462ns          347034 1c008192 0046230b p.lw             x6, 4(x12!)          x6=0000207b x12=10000a90 x12:10000a8c  PA:10000a8c
20560482ns          347035 1c008196 2078788b p.lw             x17, x7(x16!)       x17=fffffff5 x16=10000274  x7:00000020 x16:10000254  PA:10000254
20560522ns          347037 1c00819a 43130733 p.mac            x14, x6, x17        x14=fffed428 x14:00003971  x6:0000207b x17:fffffff5
20560542ns          347038 1c008192 0046230b p.lw             x6, 4(x12!)          x6=0000218e x12=10000a94 x12:10000a90  PA:10000a90
20560562ns          347039 1c008196 2078788b p.lw             x17, x7(x16!)       x17=ffffffed x16=10000294  x7:00000020 x16:10000274  PA:10000274
20560602ns          347041 1c00819a 43130733 p.mac            x14, x6, x17        x14=fffc569e x14:fffed428  x6:0000218e x17:ffffffed
20560621ns          347042 1c008192 0046230b p.lw             x6, 4(x12!)          x6=000022a1 x12=10000a98 x12:10000a94  PA:10000a94
20560641ns          347043 1c008196 2078788b p.lw             x17, x7(x16!)       x17=ffffffe5 x16=100002b4  x7:00000020 x16:10000294  PA:10000294
20560681ns          347045 1c00819a 43130733 p.mac            x14, x6, x17        x14=fff8afa3 x14:fffc569e  x6:000022a1 x17:ffffffe5
20560701ns          347046 1c008192 0046230b p.lw             x6, 4(x12!)          x6=000023b4 x12=10000a9c x12:10000a98  PA:10000a98
20560721ns          347047 1c008196 2078788b p.lw             x17, x7(x16!)       x17=ffffffdd x16=100002d4  x7:00000020 x16:100002b4  PA:100002b4
20560761ns          347049 1c00819a 43130733 p.mac            x14, x6, x17        x14=fff3ce07 x14:fff8afa3  x6:000023b4 x17:ffffffdd
20560781ns          347050 1c008192 0046230b p.lw             x6, 4(x12!)          x6=000024c7 x12=10000aa0 x12:10000a9c  PA:10000a9c
20560800ns          347051 1c008196 2078788b p.lw             x17, x7(x16!)       x17=ffffffd5 x16=100002f4  x7:00000020 x16:100002d4  PA:100002d4
20560840ns          347053 1c00819a 43130733 p.mac            x14, x6, x17        x14=ffeda09a x14:fff3ce07  x6:000024c7 x17:ffffffd5
20560860ns          347054 1c008192 0046230b p.lw             x6, 4(x12!)          x6=000025da x12=10000aa4 x12:10000aa0  PA:10000aa0
20560880ns          347055 1c008196 2078788b p.lw             x17, x7(x16!)       x17=ffffffcd x16=10000314  x7:00000020 x16:100002f4  PA:100002f4
20560920ns          347057 1c00819a 43130733 p.mac            x14, x6, x17        x14=ffe6162c x14:ffeda09a  x6:000025da x17:ffffffcd
20560940ns          347058 1c00819e 00ef222b p.sw             x14, 4(x30!)        x30=10000998 x14:ffe6162c x30:10000994  PA:10000994
20560960ns          347059 1c0081a2 004e8e93 addi             x29, x29, 4         x29=10000218 x29:10000214
20560999ns          347061 1c00817e 40af87b3 sub              x15, x31, x10       x15=00000020 x31:10000aa4 x10:10000a84
20561019ns          347062 1c008182 ffc78793 addi             x15, x15, -4        x15=0000001c x15:00000020
20561039ns          347063 1c008184 0027d793 srli             x15, x15, 0x2       x15=00000007 x15:0000001c
20561059ns          347064 1c008186 01d00833 add              x16, x0, x29        x16=10000218 x29:10000218
20561079ns          347065 1c008188 00a00633 add              x12, x0, x10        x12=10000a84 x10:10000a84
20561099ns          347066 1c00818a 00000713 addi             x14, x0, 0          x14=00000000
20561119ns          347067 1c00818c 00178793 addi             x15, x15, 1         x15=00000008 x15:00000007
20561139ns          347068 1c00818e 0067c0fb lp.setup         0x1, x15, 0x6       x15:00000008
20561159ns          347069 1c008192 0046230b p.lw             x6, 4(x12!)          x6=00001e55 x12=10000a88 x12:10000a84  PA:10000a84
20561178ns          347070 1c008196 2078788b p.lw             x17, x7(x16!)       x17=00000004 x16=10000238  x7:00000020 x16:10000218  PA:10000218
20561218ns          347072 1c00819a 43130733 p.mac            x14, x6, x17        x14=00007954 x14:00000000  x6:00001e55 x17:00000004
20561238ns          347073 1c008192 0046230b p.lw             x6, 4(x12!)          x6=00001f68 x12=10000a8c x12:10000a88  PA:10000a88
20561258ns          347074 1c008196 2078788b p.lw             x17, x7(x16!)       x17=fffffffc x16=10000258  x7:00000020 x16:10000238  PA:10000238
20561298ns          347076 1c00819a 43130733 p.mac            x14, x6, x17        x14=fffffbb4 x14:00007954  x6:00001f68 x17:fffffffc
20561318ns          347077 1c008192 0046230b p.lw             x6, 4(x12!)          x6=0000207b x12=10000a90 x12:10000a8c  PA:10000a8c
20561338ns          347078 1c008196 2078788b p.lw             x17, x7(x16!)       x17=fffffff4 x16=10000278  x7:00000020 x16:10000258  PA:10000258
20561377ns          347080 1c00819a 43130733 p.mac            x14, x6, x17        x14=fffe75f0 x14:fffffbb4  x6:0000207b x17:fffffff4
20561397ns          347081 1c008192 0046230b p.lw             x6, 4(x12!)          x6=0000218e x12=10000a94 x12:10000a90  PA:10000a90
20561417ns          347082 1c008196 2078788b p.lw             x17, x7(x16!)       x17=ffffffec x16=10000298  x7:00000020 x16:10000278  PA:10000278
20561457ns          347084 1c00819a 43130733 p.mac            x14, x6, x17        x14=fffbd6d8 x14:fffe75f0  x6:0000218e x17:ffffffec
20561477ns          347085 1c008192 0046230b p.lw             x6, 4(x12!)          x6=000022a1 x12=10000a98 x12:10000a94  PA:10000a94
20561497ns          347086 1c008196 2078788b p.lw             x17, x7(x16!)       x17=ffffffe4 x16=100002b8  x7:00000020 x16:10000298  PA:10000298
20561536ns          347088 1c00819a 43130733 p.mac            x14, x6, x17        x14=fff80d3c x14:fffbd6d8  x6:000022a1 x17:ffffffe4
20561556ns          347089 1c008192 0046230b p.lw             x6, 4(x12!)          x6=000023b4 x12=10000a9c x12:10000a98  PA:10000a98
20561576ns          347090 1c008196 2078788b p.lw             x17, x7(x16!)       x17=ffffffdc x16=100002d8  x7:00000020 x16:100002b8  PA:100002b8
20561616ns          347092 1c00819a 43130733 p.mac            x14, x6, x17        x14=fff307ec x14:fff80d3c  x6:000023b4 x17:ffffffdc
20561636ns          347093 1c008192 0046230b p.lw             x6, 4(x12!)          x6=000024c7 x12=10000aa0 x12:10000a9c  PA:10000a9c
20561656ns          347094 1c008196 2078788b p.lw             x17, x7(x16!)       x17=ffffffd4 x16=100002f8  x7:00000020 x16:100002d8  PA:100002d8
20561696ns          347096 1c00819a 43130733 p.mac            x14, x6, x17        x14=ffecb5b8 x14:fff307ec  x6:000024c7 x17:ffffffd4
20561715ns          347097 1c008192 0046230b p.lw             x6, 4(x12!)          x6=000025da x12=10000aa4 x12:10000aa0  PA:10000aa0
20561735ns          347098 1c008196 2078788b p.lw             x17, x7(x16!)       x17=ffffffcc x16=10000318  x7:00000020 x16:100002f8  PA:100002f8
20561775ns          347100 1c00819a 43130733 p.mac            x14, x6, x17        x14=ffe50570 x14:ffecb5b8  x6:000025da x17:ffffffcc
20561795ns          347101 1c00819e 00ef222b p.sw             x14, 4(x30!)        x30=1000099c x14:ffe50570 x30:10000998  PA:10000998
20561815ns          347102 1c0081a2 004e8e93 addi             x29, x29, 4         x29=1000021c x29:10000218
20561855ns          347104 1c00817e 40af87b3 sub              x15, x31, x10       x15=00000020 x31:10000aa4 x10:10000a84
20561875ns          347105 1c008182 ffc78793 addi             x15, x15, -4        x15=0000001c x15:00000020
20561894ns          347106 1c008184 0027d793 srli             x15, x15, 0x2       x15=00000007 x15:0000001c
20561914ns          347107 1c008186 01d00833 add              x16, x0, x29        x16=1000021c x29:1000021c
20561934ns          347108 1c008188 00a00633 add              x12, x0, x10        x12=10000a84 x10:10000a84
20561954ns          347109 1c00818a 00000713 addi             x14, x0, 0          x14=00000000
20561974ns          347110 1c00818c 00178793 addi             x15, x15, 1         x15=00000008 x15:00000007
20561994ns          347111 1c00818e 0067c0fb lp.setup         0x1, x15, 0x6       x15:00000008
20562014ns          347112 1c008192 0046230b p.lw             x6, 4(x12!)          x6=00001e55 x12=10000a88 x12:10000a84  PA:10000a84
20562034ns          347113 1c008196 2078788b p.lw             x17, x7(x16!)       x17=00000003 x16=1000023c  x7:00000020 x16:1000021c  PA:1000021c
20562074ns          347115 1c00819a 43130733 p.mac            x14, x6, x17        x14=00005aff x14:00000000  x6:00001e55 x17:00000003
20562093ns          347116 1c008192 0046230b p.lw             x6, 4(x12!)          x6=00001f68 x12=10000a8c x12:10000a88  PA:10000a88
20562113ns          347117 1c008196 2078788b p.lw             x17, x7(x16!)       x17=fffffffb x16=1000025c  x7:00000020 x16:1000023c  PA:1000023c
20562153ns          347119 1c00819a 43130733 p.mac            x14, x6, x17        x14=ffffbdf7 x14:00005aff  x6:00001f68 x17:fffffffb
20562173ns          347120 1c008192 0046230b p.lw             x6, 4(x12!)          x6=0000207b x12=10000a90 x12:10000a8c  PA:10000a8c
20562193ns          347121 1c008196 2078788b p.lw             x17, x7(x16!)       x17=fffffff3 x16=1000027c  x7:00000020 x16:1000025c  PA:1000025c
20562233ns          347123 1c00819a 43130733 p.mac            x14, x6, x17        x14=fffe17b8 x14:ffffbdf7  x6:0000207b x17:fffffff3
20562253ns          347124 1c008192 0046230b p.lw             x6, 4(x12!)          x6=0000218e x12=10000a94 x12:10000a90  PA:10000a90
20562272ns          347125 1c008196 2078788b p.lw             x17, x7(x16!)       x17=ffffffeb x16=1000029c  x7:00000020 x16:1000027c  PA:1000027c
20562312ns          347127 1c00819a 43130733 p.mac            x14, x6, x17        x14=fffb5712 x14:fffe17b8  x6:0000218e x17:ffffffeb
20562332ns          347128 1c008192 0046230b p.lw             x6, 4(x12!)          x6=000022a1 x12=10000a98 x12:10000a94  PA:10000a94
20562352ns          347129 1c008196 2078788b p.lw             x17, x7(x16!)       x17=ffffffe3 x16=100002bc  x7:00000020 x16:1000029c  PA:1000029c
20562392ns          347131 1c00819a 43130733 p.mac            x14, x6, x17        x14=fff76ad5 x14:fffb5712  x6:000022a1 x17:ffffffe3
20562412ns          347132 1c008192 0046230b p.lw             x6, 4(x12!)          x6=000023b4 x12=10000a9c x12:10000a98  PA:10000a98
20562432ns          347133 1c008196 2078788b p.lw             x17, x7(x16!)       x17=ffffffdb x16=100002dc  x7:00000020 x16:100002bc  PA:100002bc
20562471ns          347135 1c00819a 43130733 p.mac            x14, x6, x17        x14=fff241d1 x14:fff76ad5  x6:000023b4 x17:ffffffdb
20562491ns          347136 1c008192 0046230b p.lw             x6, 4(x12!)          x6=000024c7 x12=10000aa0 x12:10000a9c  PA:10000a9c
20562511ns          347137 1c008196 2078788b p.lw             x17, x7(x16!)       x17=ffffffd3 x16=100002fc  x7:00000020 x16:100002dc  PA:100002dc
20562551ns          347139 1c00819a 43130733 p.mac            x14, x6, x17        x14=ffebcad6 x14:fff241d1  x6:000024c7 x17:ffffffd3
20562571ns          347140 1c008192 0046230b p.lw             x6, 4(x12!)          x6=000025da x12=10000aa4 x12:10000aa0  PA:10000aa0
20562591ns          347141 1c008196 2078788b p.lw             x17, x7(x16!)       x17=ffffffcb x16=1000031c  x7:00000020 x16:100002fc  PA:100002fc
20562630ns          347143 1c00819a 43130733 p.mac            x14, x6, x17        x14=ffe3f4b4 x14:ffebcad6  x6:000025da x17:ffffffcb
20562650ns          347144 1c00819e 00ef222b p.sw             x14, 4(x30!)        x30=100009a0 x14:ffe3f4b4 x30:1000099c  PA:1000099c
20562670ns          347145 1c0081a2 004e8e93 addi             x29, x29, 4         x29=10000220 x29:1000021c
20562710ns          347147 1c00817e 40af87b3 sub              x15, x31, x10       x15=00000020 x31:10000aa4 x10:10000a84
20562730ns          347148 1c008182 ffc78793 addi             x15, x15, -4        x15=0000001c x15:00000020
20562750ns          347149 1c008184 0027d793 srli             x15, x15, 0x2       x15=00000007 x15:0000001c
20562770ns          347150 1c008186 01d00833 add              x16, x0, x29        x16=10000220 x29:10000220
20562790ns          347151 1c008188 00a00633 add              x12, x0, x10        x12=10000a84 x10:10000a84
20562809ns          347152 1c00818a 00000713 addi             x14, x0, 0          x14=00000000
20562829ns          347153 1c00818c 00178793 addi             x15, x15, 1         x15=00000008 x15:00000007
20562849ns          347154 1c00818e 0067c0fb lp.setup         0x1, x15, 0x6       x15:00000008
20562869ns          347155 1c008192 0046230b p.lw             x6, 4(x12!)          x6=00001e55 x12=10000a88 x12:10000a84  PA:10000a84
20562889ns          347156 1c008196 2078788b p.lw             x17, x7(x16!)       x17=00000002 x16=10000240  x7:00000020 x16:10000220  PA:10000220
20562929ns          347158 1c00819a 43130733 p.mac            x14, x6, x17        x14=00003caa x14:00000000  x6:00001e55 x17:00000002
20562949ns          347159 1c008192 0046230b p.lw             x6, 4(x12!)          x6=00001f68 x12=10000a8c x12:10000a88  PA:10000a88
20562969ns          347160 1c008196 2078788b p.lw             x17, x7(x16!)       x17=fffffffa x16=10000260  x7:00000020 x16:10000240  PA:10000240
20563008ns          347162 1c00819a 43130733 p.mac            x14, x6, x17        x14=ffff803a x14:00003caa  x6:00001f68 x17:fffffffa
20563028ns          347163 1c008192 0046230b p.lw             x6, 4(x12!)          x6=0000207b x12=10000a90 x12:10000a8c  PA:10000a8c
20563048ns          347164 1c008196 2078788b p.lw             x17, x7(x16!)       x17=fffffff2 x16=10000280  x7:00000020 x16:10000260  PA:10000260
20563088ns          347166 1c00819a 43130733 p.mac            x14, x6, x17        x14=fffdb980 x14:ffff803a  x6:0000207b x17:fffffff2
20563108ns          347167 1c008192 0046230b p.lw             x6, 4(x12!)          x6=0000218e x12=10000a94 x12:10000a90  PA:10000a90
20563128ns          347168 1c008196 2078788b p.lw             x17, x7(x16!)       x17=ffffffea x16=100002a0  x7:00000020 x16:10000280  PA:10000280
20563167ns          347170 1c00819a 43130733 p.mac            x14, x6, x17        x14=fffad74c x14:fffdb980  x6:0000218e x17:ffffffea
20563187ns          347171 1c008192 0046230b p.lw             x6, 4(x12!)          x6=000022a1 x12=10000a98 x12:10000a94  PA:10000a94
20563207ns          347172 1c008196 2078788b p.lw             x17, x7(x16!)       x17=ffffffe2 x16=100002c0  x7:00000020 x16:100002a0  PA:100002a0
20563247ns          347174 1c00819a 43130733 p.mac            x14, x6, x17        x14=fff6c86e x14:fffad74c  x6:000022a1 x17:ffffffe2
20563267ns          347175 1c008192 0046230b p.lw             x6, 4(x12!)          x6=000023b4 x12=10000a9c x12:10000a98  PA:10000a98
20563287ns          347176 1c008196 2078788b p.lw             x17, x7(x16!)       x17=ffffffda x16=100002e0  x7:00000020 x16:100002c0  PA:100002c0
20563327ns          347178 1c00819a 43130733 p.mac            x14, x6, x17        x14=fff17bb6 x14:fff6c86e  x6:000023b4 x17:ffffffda
20563347ns          347179 1c008192 0046230b p.lw             x6, 4(x12!)          x6=000024c7 x12=10000aa0 x12:10000a9c  PA:10000a9c
20563366ns          347180 1c008196 2078788b p.lw             x17, x7(x16!)       x17=ffffffd2 x16=10000300  x7:00000020 x16:100002e0  PA:100002e0
20563406ns          347182 1c00819a 43130733 p.mac            x14, x6, x17        x14=ffeadff4 x14:fff17bb6  x6:000024c7 x17:ffffffd2
20563426ns          347183 1c008192 0046230b p.lw             x6, 4(x12!)          x6=000025da x12=10000aa4 x12:10000aa0  PA:10000aa0
20563446ns          347184 1c008196 2078788b p.lw             x17, x7(x16!)       x17=ffffffca x16=10000320  x7:00000020 x16:10000300  PA:10000300
20563486ns          347186 1c00819a 43130733 p.mac            x14, x6, x17        x14=ffe2e3f8 x14:ffeadff4  x6:000025da x17:ffffffca
20563506ns          347187 1c00819e 00ef222b p.sw             x14, 4(x30!)        x30=100009a4 x14:ffe2e3f8 x30:100009a0  PA:100009a0
20563526ns          347188 1c0081a2 004e8e93 addi             x29, x29, 4         x29=10000224 x29:10000220
20563545ns          347189 1c0081a4 00128293 addi             x5, x5, 1            x5=00000005  x5:00000004
20563565ns          347190 1c0081a6 00750533 add              x10, x10, x7        x10=10000aa4 x10:10000a84  x7:00000020
20563585ns          347191 1c0081a8 007f8fb3 add              x31, x31, x7        x31=10000ac4 x31:10000aa4  x7:00000020
20563605ns          347192 1c0081aa fa569fe3 bne              x13, x5, -66        x13:00000008  x5:00000005
20563665ns          347195 1c008168 40b48e33 sub              x28, x9, x11        x28=00000020  x9:10000224 x11:10000204
20563685ns          347196 1c00816c ffce0e13 addi             x28, x28, -4        x28=0000001c x28:00000020
20563705ns          347197 1c00816e 002e5e13 srli             x28, x28, 0x2       x28=00000007 x28:0000001c
20563724ns          347198 1c008172 008f8f33 add              x30, x31, x8        x30=100009a4 x31:10000ac4  x8:fffffee0
20563744ns          347199 1c008176 00b00eb3 add              x29, x0, x11        x29=10000204 x11:10000204
20563764ns          347200 1c008178 001e0e13 addi             x28, x28, 1         x28=00000008 x28:00000007
20563784ns          347201 1c00817a 014e407b lp.setup         0x0, x28, 0x14      x28:00000008
20563804ns          347202 1c00817e 40af87b3 sub              x15, x31, x10       x15=00000020 x31:10000ac4 x10:10000aa4
20563824ns          347203 1c008182 ffc78793 addi             x15, x15, -4        x15=0000001c x15:00000020
20563844ns          347204 1c008184 0027d793 srli             x15, x15, 0x2       x15=00000007 x15:0000001c
20563864ns          347205 1c008186 01d00833 add              x16, x0, x29        x16=10000204 x29:10000204
20563884ns          347206 1c008188 00a00633 add              x12, x0, x10        x12=10000aa4 x10:10000aa4
20563903ns          347207 1c00818a 00000713 addi             x14, x0, 0          x14=00000000
20563923ns          347208 1c00818c 00178793 addi             x15, x15, 1         x15=00000008 x15:00000007
20563943ns          347209 1c00818e 0067c0fb lp.setup         0x1, x15, 0x6       x15:00000008
20563963ns          347210 1c008192 0046230b p.lw             x6, 4(x12!)          x6=0000250d x12=10000aa8 x12:10000aa4  PA:10000aa4
20563983ns          347211 1c008196 2078788b p.lw             x17, x7(x16!)       x17=00000009 x16=10000224  x7:00000020 x16:10000204  PA:10000204
20564023ns          347213 1c00819a 43130733 p.mac            x14, x6, x17        x14=00014d75 x14:00000000  x6:0000250d x17:00000009
20564043ns          347214 1c008192 0046230b p.lw             x6, 4(x12!)          x6=00002660 x12=10000aac x12:10000aa8  PA:10000aa8
20564063ns          347215 1c008196 2078788b p.lw             x17, x7(x16!)       x17=00000001 x16=10000244  x7:00000020 x16:10000224  PA:10000224
20564102ns          347217 1c00819a 43130733 p.mac            x14, x6, x17        x14=000173d5 x14:00014d75  x6:00002660 x17:00000001
20564122ns          347218 1c008192 0046230b p.lw             x6, 4(x12!)          x6=000027b3 x12=10000ab0 x12:10000aac  PA:10000aac
20564142ns          347219 1c008196 2078788b p.lw             x17, x7(x16!)       x17=fffffff9 x16=10000264  x7:00000020 x16:10000244  PA:10000244
20564182ns          347221 1c00819a 43130733 p.mac            x14, x6, x17        x14=00005df0 x14:000173d5  x6:000027b3 x17:fffffff9
20564202ns          347222 1c008192 0046230b p.lw             x6, 4(x12!)          x6=00002906 x12=10000ab4 x12:10000ab0  PA:10000ab0
20564222ns          347223 1c008196 2078788b p.lw             x17, x7(x16!)       x17=fffffff1 x16=10000284  x7:00000020 x16:10000264  PA:10000264
20564261ns          347225 1c00819a 43130733 p.mac            x14, x6, x17        x14=fffdf696 x14:00005df0  x6:00002906 x17:fffffff1
20564281ns          347226 1c008192 0046230b p.lw             x6, 4(x12!)          x6=00002a59 x12=10000ab8 x12:10000ab4  PA:10000ab4
20564301ns          347227 1c008196 2078788b p.lw             x17, x7(x16!)       x17=ffffffe9 x16=100002a4  x7:00000020 x16:10000284  PA:10000284
20564341ns          347229 1c00819a 43130733 p.mac            x14, x6, x17        x14=fffa2897 x14:fffdf696  x6:00002a59 x17:ffffffe9
20564361ns          347230 1c008192 0046230b p.lw             x6, 4(x12!)          x6=00002bac x12=10000abc x12:10000ab8  PA:10000ab8
20564381ns          347231 1c008196 2078788b p.lw             x17, x7(x16!)       x17=ffffffe1 x16=100002c4  x7:00000020 x16:100002a4  PA:100002a4
20564421ns          347233 1c00819a 43130733 p.mac            x14, x6, x17        x14=fff4dec3 x14:fffa2897  x6:00002bac x17:ffffffe1
20564441ns          347234 1c008192 0046230b p.lw             x6, 4(x12!)          x6=00002cff x12=10000ac0 x12:10000abc  PA:10000abc
20564460ns          347235 1c008196 2078788b p.lw             x17, x7(x16!)       x17=ffffffd9 x16=100002e4  x7:00000020 x16:100002c4  PA:100002c4
20564500ns          347237 1c00819a 43130733 p.mac            x14, x6, x17        x14=ffee03ea x14:fff4dec3  x6:00002cff x17:ffffffd9
20564520ns          347238 1c008192 0046230b p.lw             x6, 4(x12!)          x6=00002e52 x12=10000ac4 x12:10000ac0  PA:10000ac0
20564540ns          347239 1c008196 2078788b p.lw             x17, x7(x16!)       x17=ffffffd1 x16=10000304  x7:00000020 x16:100002e4  PA:100002e4
20564580ns          347241 1c00819a 43130733 p.mac            x14, x6, x17        x14=ffe582dc x14:ffee03ea  x6:00002e52 x17:ffffffd1
20564600ns          347242 1c00819e 00ef222b p.sw             x14, 4(x30!)        x30=100009a8 x14:ffe582dc x30:100009a4  PA:100009a4
20564620ns          347243 1c0081a2 004e8e93 addi             x29, x29, 4         x29=10000208 x29:10000204
20564659ns          347245 1c00817e 40af87b3 sub              x15, x31, x10       x15=00000020 x31:10000ac4 x10:10000aa4
20564679ns          347246 1c008182 ffc78793 addi             x15, x15, -4        x15=0000001c x15:00000020
20564699ns          347247 1c008184 0027d793 srli             x15, x15, 0x2       x15=00000007 x15:0000001c
20564719ns          347248 1c008186 01d00833 add              x16, x0, x29        x16=10000208 x29:10000208
20564739ns          347249 1c008188 00a00633 add              x12, x0, x10        x12=10000aa4 x10:10000aa4
20564759ns          347250 1c00818a 00000713 addi             x14, x0, 0          x14=00000000
20564779ns          347251 1c00818c 00178793 addi             x15, x15, 1         x15=00000008 x15:00000007
20564799ns          347252 1c00818e 0067c0fb lp.setup         0x1, x15, 0x6       x15:00000008
20564818ns          347253 1c008192 0046230b p.lw             x6, 4(x12!)          x6=0000250d x12=10000aa8 x12:10000aa4  PA:10000aa4
20564838ns          347254 1c008196 2078788b p.lw             x17, x7(x16!)       x17=00000008 x16=10000228  x7:00000020 x16:10000208  PA:10000208
20564878ns          347256 1c00819a 43130733 p.mac            x14, x6, x17        x14=00012868 x14:00000000  x6:0000250d x17:00000008
20564898ns          347257 1c008192 0046230b p.lw             x6, 4(x12!)          x6=00002660 x12=10000aac x12:10000aa8  PA:10000aa8
20564938ns          347259 1c008196 2078788b p.lw             x17, x7(x16!)       x17=00000000 x16=10000248  x7:00000020 x16:10000228  PA:10000228
20564978ns          347261 1c00819a 43130733 p.mac            x14, x6, x17        x14=00012868 x14:00012868  x6:00002660 x17:00000000
20564997ns          347262 1c008192 0046230b p.lw             x6, 4(x12!)          x6=000027b3 x12=10000ab0 x12:10000aac  PA:10000aac
20565017ns          347263 1c008196 2078788b p.lw             x17, x7(x16!)       x17=fffffff8 x16=10000268  x7:00000020 x16:10000248  PA:10000248
20565057ns          347265 1c00819a 43130733 p.mac            x14, x6, x17        x14=ffffead0 x14:00012868  x6:000027b3 x17:fffffff8
20565077ns          347266 1c008192 0046230b p.lw             x6, 4(x12!)          x6=00002906 x12=10000ab4 x12:10000ab0  PA:10000ab0
20565097ns          347267 1c008196 2078788b p.lw             x17, x7(x16!)       x17=fffffff0 x16=10000288  x7:00000020 x16:10000268  PA:10000268
20565137ns          347269 1c00819a 43130733 p.mac            x14, x6, x17        x14=fffd5a70 x14:ffffead0  x6:00002906 x17:fffffff0
20565157ns          347270 1c008192 0046230b p.lw             x6, 4(x12!)          x6=00002a59 x12=10000ab8 x12:10000ab4  PA:10000ab4
20565176ns          347271 1c008196 2078788b p.lw             x17, x7(x16!)       x17=ffffffe8 x16=100002a8  x7:00000020 x16:10000288  PA:10000288
20565216ns          347273 1c00819a 43130733 p.mac            x14, x6, x17        x14=fff96218 x14:fffd5a70  x6:00002a59 x17:ffffffe8
20565236ns          347274 1c008192 0046230b p.lw             x6, 4(x12!)          x6=00002bac x12=10000abc x12:10000ab8  PA:10000ab8
20565256ns          347275 1c008196 2078788b p.lw             x17, x7(x16!)       x17=ffffffe0 x16=100002c8  x7:00000020 x16:100002a8  PA:100002a8
20565296ns          347277 1c00819a 43130733 p.mac            x14, x6, x17        x14=fff3ec98 x14:fff96218  x6:00002bac x17:ffffffe0
20565316ns          347278 1c008192 0046230b p.lw             x6, 4(x12!)          x6=00002cff x12=10000ac0 x12:10000abc  PA:10000abc
20565336ns          347279 1c008196 2078788b p.lw             x17, x7(x16!)       x17=ffffffd8 x16=100002e8  x7:00000020 x16:100002c8  PA:100002c8
20565375ns          347281 1c00819a 43130733 p.mac            x14, x6, x17        x14=ffece4c0 x14:fff3ec98  x6:00002cff x17:ffffffd8
20565395ns          347282 1c008192 0046230b p.lw             x6, 4(x12!)          x6=00002e52 x12=10000ac4 x12:10000ac0  PA:10000ac0
20565415ns          347283 1c008196 2078788b p.lw             x17, x7(x16!)       x17=ffffffd0 x16=10000308  x7:00000020 x16:100002e8  PA:100002e8
20565455ns          347285 1c00819a 43130733 p.mac            x14, x6, x17        x14=ffe43560 x14:ffece4c0  x6:00002e52 x17:ffffffd0
20565475ns          347286 1c00819e 00ef222b p.sw             x14, 4(x30!)        x30=100009ac x14:ffe43560 x30:100009a8  PA:100009a8
20565495ns          347287 1c0081a2 004e8e93 addi             x29, x29, 4         x29=1000020c x29:10000208
20565534ns          347289 1c00817e 40af87b3 sub              x15, x31, x10       x15=00000020 x31:10000ac4 x10:10000aa4
20565554ns          347290 1c008182 ffc78793 addi             x15, x15, -4        x15=0000001c x15:00000020
20565574ns          347291 1c008184 0027d793 srli             x15, x15, 0x2       x15=00000007 x15:0000001c
20565594ns          347292 1c008186 01d00833 add              x16, x0, x29        x16=1000020c x29:1000020c
20565614ns          347293 1c008188 00a00633 add              x12, x0, x10        x12=10000aa4 x10:10000aa4
20565634ns          347294 1c00818a 00000713 addi             x14, x0, 0          x14=00000000
20565654ns          347295 1c00818c 00178793 addi             x15, x15, 1         x15=00000008 x15:00000007
20565674ns          347296 1c00818e 0067c0fb lp.setup         0x1, x15, 0x6       x15:00000008
20565694ns          347297 1c008192 0046230b p.lw             x6, 4(x12!)          x6=0000250d x12=10000aa8 x12:10000aa4  PA:10000aa4
20565714ns          347298 1c008196 2078788b p.lw             x17, x7(x16!)       x17=00000007 x16=1000022c  x7:00000020 x16:1000020c  PA:1000020c
20565753ns          347300 1c00819a 43130733 p.mac            x14, x6, x17        x14=0001035b x14:00000000  x6:0000250d x17:00000007
20565773ns          347301 1c008192 0046230b p.lw             x6, 4(x12!)          x6=00002660 x12=10000aac x12:10000aa8  PA:10000aa8
20565793ns          347302 1c008196 2078788b p.lw             x17, x7(x16!)       x17=ffffffff x16=1000024c  x7:00000020 x16:1000022c  PA:1000022c
20565833ns          347304 1c00819a 43130733 p.mac            x14, x6, x17        x14=0000dcfb x14:0001035b  x6:00002660 x17:ffffffff
20565853ns          347305 1c008192 0046230b p.lw             x6, 4(x12!)          x6=000027b3 x12=10000ab0 x12:10000aac  PA:10000aac
20565873ns          347306 1c008196 2078788b p.lw             x17, x7(x16!)       x17=fffffff7 x16=1000026c  x7:00000020 x16:1000024c  PA:1000024c
20565912ns          347308 1c00819a 43130733 p.mac            x14, x6, x17        x14=ffff77b0 x14:0000dcfb  x6:000027b3 x17:fffffff7
20565932ns          347309 1c008192 0046230b p.lw             x6, 4(x12!)          x6=00002906 x12=10000ab4 x12:10000ab0  PA:10000ab0
20565952ns          347310 1c008196 2078788b p.lw             x17, x7(x16!)       x17=ffffffef x16=1000028c  x7:00000020 x16:1000026c  PA:1000026c
20565992ns          347312 1c00819a 43130733 p.mac            x14, x6, x17        x14=fffcbe4a x14:ffff77b0  x6:00002906 x17:ffffffef
20566012ns          347313 1c008192 0046230b p.lw             x6, 4(x12!)          x6=00002a59 x12=10000ab8 x12:10000ab4  PA:10000ab4
20566032ns          347314 1c008196 2078788b p.lw             x17, x7(x16!)       x17=ffffffe7 x16=100002ac  x7:00000020 x16:1000028c  PA:1000028c
20566072ns          347316 1c00819a 43130733 p.mac            x14, x6, x17        x14=fff89b99 x14:fffcbe4a  x6:00002a59 x17:ffffffe7
20566091ns          347317 1c008192 0046230b p.lw             x6, 4(x12!)          x6=00002bac x12=10000abc x12:10000ab8  PA:10000ab8
20566111ns          347318 1c008196 2078788b p.lw             x17, x7(x16!)       x17=ffffffdf x16=100002cc  x7:00000020 x16:100002ac  PA:100002ac
20566151ns          347320 1c00819a 43130733 p.mac            x14, x6, x17        x14=fff2fa6d x14:fff89b99  x6:00002bac x17:ffffffdf
20566171ns          347321 1c008192 0046230b p.lw             x6, 4(x12!)          x6=00002cff x12=10000ac0 x12:10000abc  PA:10000abc
20566191ns          347322 1c008196 2078788b p.lw             x17, x7(x16!)       x17=ffffffd7 x16=100002ec  x7:00000020 x16:100002cc  PA:100002cc
20566231ns          347324 1c00819a 43130733 p.mac            x14, x6, x17        x14=ffebc596 x14:fff2fa6d  x6:00002cff x17:ffffffd7
20566251ns          347325 1c008192 0046230b p.lw             x6, 4(x12!)          x6=00002e52 x12=10000ac4 x12:10000ac0  PA:10000ac0
20566270ns          347326 1c008196 2078788b p.lw             x17, x7(x16!)       x17=ffffffcf x16=1000030c  x7:00000020 x16:100002ec  PA:100002ec
20566310ns          347328 1c00819a 43130733 p.mac            x14, x6, x17        x14=ffe2e7e4 x14:ffebc596  x6:00002e52 x17:ffffffcf
20566330ns          347329 1c00819e 00ef222b p.sw             x14, 4(x30!)        x30=100009b0 x14:ffe2e7e4 x30:100009ac  PA:100009ac
20566350ns          347330 1c0081a2 004e8e93 addi             x29, x29, 4         x29=10000210 x29:1000020c
20566390ns          347332 1c00817e 40af87b3 sub              x15, x31, x10       x15=00000020 x31:10000ac4 x10:10000aa4
20566410ns          347333 1c008182 ffc78793 addi             x15, x15, -4        x15=0000001c x15:00000020
20566430ns          347334 1c008184 0027d793 srli             x15, x15, 0x2       x15=00000007 x15:0000001c
20566449ns          347335 1c008186 01d00833 add              x16, x0, x29        x16=10000210 x29:10000210
20566469ns          347336 1c008188 00a00633 add              x12, x0, x10        x12=10000aa4 x10:10000aa4
20566489ns          347337 1c00818a 00000713 addi             x14, x0, 0          x14=00000000
20566509ns          347338 1c00818c 00178793 addi             x15, x15, 1         x15=00000008 x15:00000007
20566529ns          347339 1c00818e 0067c0fb lp.setup         0x1, x15, 0x6       x15:00000008
20566549ns          347340 1c008192 0046230b p.lw             x6, 4(x12!)          x6=0000250d x12=10000aa8 x12:10000aa4  PA:10000aa4
20566569ns          347341 1c008196 2078788b p.lw             x17, x7(x16!)       x17=00000006 x16=10000230  x7:00000020 x16:10000210  PA:10000210
20566609ns          347343 1c00819a 43130733 p.mac            x14, x6, x17        x14=0000de4e x14:00000000  x6:0000250d x17:00000006
20566628ns          347344 1c008192 0046230b p.lw             x6, 4(x12!)          x6=00002660 x12=10000aac x12:10000aa8  PA:10000aa8
20566648ns          347345 1c008196 2078788b p.lw             x17, x7(x16!)       x17=fffffffe x16=10000250  x7:00000020 x16:10000230  PA:10000230
20566688ns          347347 1c00819a 43130733 p.mac            x14, x6, x17        x14=0000918e x14:0000de4e  x6:00002660 x17:fffffffe
20566708ns          347348 1c008192 0046230b p.lw             x6, 4(x12!)          x6=000027b3 x12=10000ab0 x12:10000aac  PA:10000aac
20566728ns          347349 1c008196 2078788b p.lw             x17, x7(x16!)       x17=fffffff6 x16=10000270  x7:00000020 x16:10000250  PA:10000250
20566768ns          347351 1c00819a 43130733 p.mac            x14, x6, x17        x14=ffff0490 x14:0000918e  x6:000027b3 x17:fffffff6
20566788ns          347352 1c008192 0046230b p.lw             x6, 4(x12!)          x6=00002906 x12=10000ab4 x12:10000ab0  PA:10000ab0
20566808ns          347353 1c008196 2078788b p.lw             x17, x7(x16!)       x17=ffffffee x16=10000290  x7:00000020 x16:10000270  PA:10000270
20566867ns          347356 1c00819a 43130733 p.mac            x14, x6, x17        x14=fffc2224 x14:ffff0490  x6:00002906 x17:ffffffee
20566887ns          347357 1c008192 0046230b p.lw             x6, 4(x12!)          x6=00002a59 x12=10000ab8 x12:10000ab4  PA:10000ab4
20566907ns          347358 1c008196 2078788b p.lw             x17, x7(x16!)       x17=ffffffe6 x16=100002b0  x7:00000020 x16:10000290  PA:10000290
20566947ns          347360 1c00819a 43130733 p.mac            x14, x6, x17        x14=fff7d51a x14:fffc2224  x6:00002a59 x17:ffffffe6
20566967ns          347361 1c008192 0046230b p.lw             x6, 4(x12!)          x6=00002bac x12=10000abc x12:10000ab8  PA:10000ab8
20566987ns          347362 1c008196 2078788b p.lw             x17, x7(x16!)       x17=ffffffde x16=100002d0  x7:00000020 x16:100002b0  PA:100002b0
20567026ns          347364 1c00819a 43130733 p.mac            x14, x6, x17        x14=fff20842 x14:fff7d51a  x6:00002bac x17:ffffffde
20567046ns          347365 1c008192 0046230b p.lw             x6, 4(x12!)          x6=00002cff x12=10000ac0 x12:10000abc  PA:10000abc
20567066ns          347366 1c008196 2078788b p.lw             x17, x7(x16!)       x17=ffffffd6 x16=100002f0  x7:00000020 x16:100002d0  PA:100002d0
20567106ns          347368 1c00819a 43130733 p.mac            x14, x6, x17        x14=ffeaa66c x14:fff20842  x6:00002cff x17:ffffffd6
20567126ns          347369 1c008192 0046230b p.lw             x6, 4(x12!)          x6=00002e52 x12=10000ac4 x12:10000ac0  PA:10000ac0
20567146ns          347370 1c008196 2078788b p.lw             x17, x7(x16!)       x17=ffffffce x16=10000310  x7:00000020 x16:100002f0  PA:100002f0
20567185ns          347372 1c00819a 43130733 p.mac            x14, x6, x17        x14=ffe19a68 x14:ffeaa66c  x6:00002e52 x17:ffffffce
20567205ns          347373 1c00819e 00ef222b p.sw             x14, 4(x30!)        x30=100009b4 x14:ffe19a68 x30:100009b0  PA:100009b0
20567225ns          347374 1c0081a2 004e8e93 addi             x29, x29, 4         x29=10000214 x29:10000210
20567265ns          347376 1c00817e 40af87b3 sub              x15, x31, x10       x15=00000020 x31:10000ac4 x10:10000aa4
20567285ns          347377 1c008182 ffc78793 addi             x15, x15, -4        x15=0000001c x15:00000020
20567305ns          347378 1c008184 0027d793 srli             x15, x15, 0x2       x15=00000007 x15:0000001c
20567325ns          347379 1c008186 01d00833 add              x16, x0, x29        x16=10000214 x29:10000214
20567345ns          347380 1c008188 00a00633 add              x12, x0, x10        x12=10000aa4 x10:10000aa4
20567364ns          347381 1c00818a 00000713 addi             x14, x0, 0          x14=00000000
20567384ns          347382 1c00818c 00178793 addi             x15, x15, 1         x15=00000008 x15:00000007
20567404ns          347383 1c00818e 0067c0fb lp.setup         0x1, x15, 0x6       x15:00000008
20567424ns          347384 1c008192 0046230b p.lw             x6, 4(x12!)          x6=0000250d x12=10000aa8 x12:10000aa4  PA:10000aa4
20567444ns          347385 1c008196 2078788b p.lw             x17, x7(x16!)       x17=00000005 x16=10000234  x7:00000020 x16:10000214  PA:10000214
20567484ns          347387 1c00819a 43130733 p.mac            x14, x6, x17        x14=0000b941 x14:00000000  x6:0000250d x17:00000005
20567504ns          347388 1c008192 0046230b p.lw             x6, 4(x12!)          x6=00002660 x12=10000aac x12:10000aa8  PA:10000aa8
20567524ns          347389 1c008196 2078788b p.lw             x17, x7(x16!)       x17=fffffffd x16=10000254  x7:00000020 x16:10000234  PA:10000234
20567563ns          347391 1c00819a 43130733 p.mac            x14, x6, x17        x14=00004621 x14:0000b941  x6:00002660 x17:fffffffd
20567583ns          347392 1c008192 0046230b p.lw             x6, 4(x12!)          x6=000027b3 x12=10000ab0 x12:10000aac  PA:10000aac
20567603ns          347393 1c008196 2078788b p.lw             x17, x7(x16!)       x17=fffffff5 x16=10000274  x7:00000020 x16:10000254  PA:10000254
20567643ns          347395 1c00819a 43130733 p.mac            x14, x6, x17        x14=fffe9170 x14:00004621  x6:000027b3 x17:fffffff5
20567663ns          347396 1c008192 0046230b p.lw             x6, 4(x12!)          x6=00002906 x12=10000ab4 x12:10000ab0  PA:10000ab0
20567683ns          347397 1c008196 2078788b p.lw             x17, x7(x16!)       x17=ffffffed x16=10000294  x7:00000020 x16:10000274  PA:10000274
20567722ns          347399 1c00819a 43130733 p.mac            x14, x6, x17        x14=fffb85fe x14:fffe9170  x6:00002906 x17:ffffffed
20567742ns          347400 1c008192 0046230b p.lw             x6, 4(x12!)          x6=00002a59 x12=10000ab8 x12:10000ab4  PA:10000ab4
20567762ns          347401 1c008196 2078788b p.lw             x17, x7(x16!)       x17=ffffffe5 x16=100002b4  x7:00000020 x16:10000294  PA:10000294
20567802ns          347403 1c00819a 43130733 p.mac            x14, x6, x17        x14=fff70e9b x14:fffb85fe  x6:00002a59 x17:ffffffe5
20567822ns          347404 1c008192 0046230b p.lw             x6, 4(x12!)          x6=00002bac x12=10000abc x12:10000ab8  PA:10000ab8
20567842ns          347405 1c008196 2078788b p.lw             x17, x7(x16!)       x17=ffffffdd x16=100002d4  x7:00000020 x16:100002b4  PA:100002b4
20567882ns          347407 1c00819a 43130733 p.mac            x14, x6, x17        x14=fff11617 x14:fff70e9b  x6:00002bac x17:ffffffdd
20567901ns          347408 1c008192 0046230b p.lw             x6, 4(x12!)          x6=00002cff x12=10000ac0 x12:10000abc  PA:10000abc
20567921ns          347409 1c008196 2078788b p.lw             x17, x7(x16!)       x17=ffffffd5 x16=100002f4  x7:00000020 x16:100002d4  PA:100002d4
20567961ns          347411 1c00819a 43130733 p.mac            x14, x6, x17        x14=ffe98742 x14:fff11617  x6:00002cff x17:ffffffd5
20567981ns          347412 1c008192 0046230b p.lw             x6, 4(x12!)          x6=00002e52 x12=10000ac4 x12:10000ac0  PA:10000ac0
20568001ns          347413 1c008196 2078788b p.lw             x17, x7(x16!)       x17=ffffffcd x16=10000314  x7:00000020 x16:100002f4  PA:100002f4
20568041ns          347415 1c00819a 43130733 p.mac            x14, x6, x17        x14=ffe04cec x14:ffe98742  x6:00002e52 x17:ffffffcd
20568061ns          347416 1c00819e 00ef222b p.sw             x14, 4(x30!)        x30=100009b8 x14:ffe04cec x30:100009b4  PA:100009b4
20568081ns          347417 1c0081a2 004e8e93 addi             x29, x29, 4         x29=10000218 x29:10000214
20568120ns          347419 1c00817e 40af87b3 sub              x15, x31, x10       x15=00000020 x31:10000ac4 x10:10000aa4
20568140ns          347420 1c008182 ffc78793 addi             x15, x15, -4        x15=0000001c x15:00000020
20568160ns          347421 1c008184 0027d793 srli             x15, x15, 0x2       x15=00000007 x15:0000001c
20568180ns          347422 1c008186 01d00833 add              x16, x0, x29        x16=10000218 x29:10000218
20568200ns          347423 1c008188 00a00633 add              x12, x0, x10        x12=10000aa4 x10:10000aa4
20568220ns          347424 1c00818a 00000713 addi             x14, x0, 0          x14=00000000
20568240ns          347425 1c00818c 00178793 addi             x15, x15, 1         x15=00000008 x15:00000007
20568260ns          347426 1c00818e 0067c0fb lp.setup         0x1, x15, 0x6       x15:00000008
20568279ns          347427 1c008192 0046230b p.lw             x6, 4(x12!)          x6=0000250d x12=10000aa8 x12:10000aa4  PA:10000aa4
20568299ns          347428 1c008196 2078788b p.lw             x17, x7(x16!)       x17=00000004 x16=10000238  x7:00000020 x16:10000218  PA:10000218
20568339ns          347430 1c00819a 43130733 p.mac            x14, x6, x17        x14=00009434 x14:00000000  x6:0000250d x17:00000004
20568359ns          347431 1c008192 0046230b p.lw             x6, 4(x12!)          x6=00002660 x12=10000aac x12:10000aa8  PA:10000aa8
20568379ns          347432 1c008196 2078788b p.lw             x17, x7(x16!)       x17=fffffffc x16=10000258  x7:00000020 x16:10000238  PA:10000238
20568419ns          347434 1c00819a 43130733 p.mac            x14, x6, x17        x14=fffffab4 x14:00009434  x6:00002660 x17:fffffffc
20568439ns          347435 1c008192 0046230b p.lw             x6, 4(x12!)          x6=000027b3 x12=10000ab0 x12:10000aac  PA:10000aac
20568458ns          347436 1c008196 2078788b p.lw             x17, x7(x16!)       x17=fffffff4 x16=10000278  x7:00000020 x16:10000258  PA:10000258
20568498ns          347438 1c00819a 43130733 p.mac            x14, x6, x17        x14=fffe1e50 x14:fffffab4  x6:000027b3 x17:fffffff4
20568518ns          347439 1c008192 0046230b p.lw             x6, 4(x12!)          x6=00002906 x12=10000ab4 x12:10000ab0  PA:10000ab0
20568538ns          347440 1c008196 2078788b p.lw             x17, x7(x16!)       x17=ffffffec x16=10000298  x7:00000020 x16:10000278  PA:10000278
20568578ns          347442 1c00819a 43130733 p.mac            x14, x6, x17        x14=fffae9d8 x14:fffe1e50  x6:00002906 x17:ffffffec
20568598ns          347443 1c008192 0046230b p.lw             x6, 4(x12!)          x6=00002a59 x12=10000ab8 x12:10000ab4  PA:10000ab4
20568618ns          347444 1c008196 2078788b p.lw             x17, x7(x16!)       x17=ffffffe4 x16=100002b8  x7:00000020 x16:10000298  PA:10000298
20568657ns          347446 1c00819a 43130733 p.mac            x14, x6, x17        x14=fff6481c x14:fffae9d8  x6:00002a59 x17:ffffffe4
20568677ns          347447 1c008192 0046230b p.lw             x6, 4(x12!)          x6=00002bac x12=10000abc x12:10000ab8  PA:10000ab8
20568697ns          347448 1c008196 2078788b p.lw             x17, x7(x16!)       x17=ffffffdc x16=100002d8  x7:00000020 x16:100002b8  PA:100002b8
20568737ns          347450 1c00819a 43130733 p.mac            x14, x6, x17        x14=fff023ec x14:fff6481c  x6:00002bac x17:ffffffdc
20568757ns          347451 1c008192 0046230b p.lw             x6, 4(x12!)          x6=00002cff x12=10000ac0 x12:10000abc  PA:10000abc
20568777ns          347452 1c008196 2078788b p.lw             x17, x7(x16!)       x17=ffffffd4 x16=100002f8  x7:00000020 x16:100002d8  PA:100002d8
20568816ns          347454 1c00819a 43130733 p.mac            x14, x6, x17        x14=ffe86818 x14:fff023ec  x6:00002cff x17:ffffffd4
20568836ns          347455 1c008192 0046230b p.lw             x6, 4(x12!)          x6=00002e52 x12=10000ac4 x12:10000ac0  PA:10000ac0
20568856ns          347456 1c008196 2078788b p.lw             x17, x7(x16!)       x17=ffffffcc x16=10000318  x7:00000020 x16:100002f8  PA:100002f8
20568896ns          347458 1c00819a 43130733 p.mac            x14, x6, x17        x14=ffdeff70 x14:ffe86818  x6:00002e52 x17:ffffffcc
20568916ns          347459 1c00819e 00ef222b p.sw             x14, 4(x30!)        x30=100009bc x14:ffdeff70 x30:100009b8  PA:100009b8
20568936ns          347460 1c0081a2 004e8e93 addi             x29, x29, 4         x29=1000021c x29:10000218
20568976ns          347462 1c00817e 40af87b3 sub              x15, x31, x10       x15=00000020 x31:10000ac4 x10:10000aa4
20568995ns          347463 1c008182 ffc78793 addi             x15, x15, -4        x15=0000001c x15:00000020
20569015ns          347464 1c008184 0027d793 srli             x15, x15, 0x2       x15=00000007 x15:0000001c
20569035ns          347465 1c008186 01d00833 add              x16, x0, x29        x16=1000021c x29:1000021c
20569055ns          347466 1c008188 00a00633 add              x12, x0, x10        x12=10000aa4 x10:10000aa4
20569075ns          347467 1c00818a 00000713 addi             x14, x0, 0          x14=00000000
20569095ns          347468 1c00818c 00178793 addi             x15, x15, 1         x15=00000008 x15:00000007
20569115ns          347469 1c00818e 0067c0fb lp.setup         0x1, x15, 0x6       x15:00000008
20569135ns          347470 1c008192 0046230b p.lw             x6, 4(x12!)          x6=0000250d x12=10000aa8 x12:10000aa4  PA:10000aa4
20569155ns          347471 1c008196 2078788b p.lw             x17, x7(x16!)       x17=00000003 x16=1000023c  x7:00000020 x16:1000021c  PA:1000021c
20569194ns          347473 1c00819a 43130733 p.mac            x14, x6, x17        x14=00006f27 x14:00000000  x6:0000250d x17:00000003
20569214ns          347474 1c008192 0046230b p.lw             x6, 4(x12!)          x6=00002660 x12=10000aac x12:10000aa8  PA:10000aa8
20569234ns          347475 1c008196 2078788b p.lw             x17, x7(x16!)       x17=fffffffb x16=1000025c  x7:00000020 x16:1000023c  PA:1000023c
20569274ns          347477 1c00819a 43130733 p.mac            x14, x6, x17        x14=ffffaf47 x14:00006f27  x6:00002660 x17:fffffffb
20569294ns          347478 1c008192 0046230b p.lw             x6, 4(x12!)          x6=000027b3 x12=10000ab0 x12:10000aac  PA:10000aac
20569314ns          347479 1c008196 2078788b p.lw             x17, x7(x16!)       x17=fffffff3 x16=1000027c  x7:00000020 x16:1000025c  PA:1000025c
20569354ns          347481 1c00819a 43130733 p.mac            x14, x6, x17        x14=fffdab30 x14:ffffaf47  x6:000027b3 x17:fffffff3
20569373ns          347482 1c008192 0046230b p.lw             x6, 4(x12!)          x6=00002906 x12=10000ab4 x12:10000ab0  PA:10000ab0
20569393ns          347483 1c008196 2078788b p.lw             x17, x7(x16!)       x17=ffffffeb x16=1000029c  x7:00000020 x16:1000027c  PA:1000027c
20569433ns          347485 1c00819a 43130733 p.mac            x14, x6, x17        x14=fffa4db2 x14:fffdab30  x6:00002906 x17:ffffffeb
20569453ns          347486 1c008192 0046230b p.lw             x6, 4(x12!)          x6=00002a59 x12=10000ab8 x12:10000ab4  PA:10000ab4
20569473ns          347487 1c008196 2078788b p.lw             x17, x7(x16!)       x17=ffffffe3 x16=100002bc  x7:00000020 x16:1000029c  PA:1000029c
20569513ns          347489 1c00819a 43130733 p.mac            x14, x6, x17        x14=fff5819d x14:fffa4db2  x6:00002a59 x17:ffffffe3
20569533ns          347490 1c008192 0046230b p.lw             x6, 4(x12!)          x6=00002bac x12=10000abc x12:10000ab8  PA:10000ab8
20569552ns          347491 1c008196 2078788b p.lw             x17, x7(x16!)       x17=ffffffdb x16=100002dc  x7:00000020 x16:100002bc  PA:100002bc
20569592ns          347493 1c00819a 43130733 p.mac            x14, x6, x17        x14=ffef31c1 x14:fff5819d  x6:00002bac x17:ffffffdb
20569612ns          347494 1c008192 0046230b p.lw             x6, 4(x12!)          x6=00002cff x12=10000ac0 x12:10000abc  PA:10000abc
20569632ns          347495 1c008196 2078788b p.lw             x17, x7(x16!)       x17=ffffffd3 x16=100002fc  x7:00000020 x16:100002dc  PA:100002dc
20569672ns          347497 1c00819a 43130733 p.mac            x14, x6, x17        x14=ffe748ee x14:ffef31c1  x6:00002cff x17:ffffffd3
20569692ns          347498 1c008192 0046230b p.lw             x6, 4(x12!)          x6=00002e52 x12=10000ac4 x12:10000ac0  PA:10000ac0
20569712ns          347499 1c008196 2078788b p.lw             x17, x7(x16!)       x17=ffffffcb x16=1000031c  x7:00000020 x16:100002fc  PA:100002fc
20569751ns          347501 1c00819a 43130733 p.mac            x14, x6, x17        x14=ffddb1f4 x14:ffe748ee  x6:00002e52 x17:ffffffcb
20569771ns          347502 1c00819e 00ef222b p.sw             x14, 4(x30!)        x30=100009c0 x14:ffddb1f4 x30:100009bc  PA:100009bc
20569791ns          347503 1c0081a2 004e8e93 addi             x29, x29, 4         x29=10000220 x29:1000021c
20569831ns          347505 1c00817e 40af87b3 sub              x15, x31, x10       x15=00000020 x31:10000ac4 x10:10000aa4
20569851ns          347506 1c008182 ffc78793 addi             x15, x15, -4        x15=0000001c x15:00000020
20569871ns          347507 1c008184 0027d793 srli             x15, x15, 0x2       x15=00000007 x15:0000001c
20569891ns          347508 1c008186 01d00833 add              x16, x0, x29        x16=10000220 x29:10000220
20569910ns          347509 1c008188 00a00633 add              x12, x0, x10        x12=10000aa4 x10:10000aa4
20569930ns          347510 1c00818a 00000713 addi             x14, x0, 0          x14=00000000
20569950ns          347511 1c00818c 00178793 addi             x15, x15, 1         x15=00000008 x15:00000007
20569970ns          347512 1c00818e 0067c0fb lp.setup         0x1, x15, 0x6       x15:00000008
20569990ns          347513 1c008192 0046230b p.lw             x6, 4(x12!)          x6=0000250d x12=10000aa8 x12:10000aa4  PA:10000aa4
20570010ns          347514 1c008196 2078788b p.lw             x17, x7(x16!)       x17=00000002 x16=10000240  x7:00000020 x16:10000220  PA:10000220
20570050ns          347516 1c00819a 43130733 p.mac            x14, x6, x17        x14=00004a1a x14:00000000  x6:0000250d x17:00000002
20570070ns          347517 1c008192 0046230b p.lw             x6, 4(x12!)          x6=00002660 x12=10000aac x12:10000aa8  PA:10000aa8
20570089ns          347518 1c008196 2078788b p.lw             x17, x7(x16!)       x17=fffffffa x16=10000260  x7:00000020 x16:10000240  PA:10000240
20570129ns          347520 1c00819a 43130733 p.mac            x14, x6, x17        x14=ffff63da x14:00004a1a  x6:00002660 x17:fffffffa
20570149ns          347521 1c008192 0046230b p.lw             x6, 4(x12!)          x6=000027b3 x12=10000ab0 x12:10000aac  PA:10000aac
20570169ns          347522 1c008196 2078788b p.lw             x17, x7(x16!)       x17=fffffff2 x16=10000280  x7:00000020 x16:10000260  PA:10000260
20570209ns          347524 1c00819a 43130733 p.mac            x14, x6, x17        x14=fffd3810 x14:ffff63da  x6:000027b3 x17:fffffff2
20570229ns          347525 1c008192 0046230b p.lw             x6, 4(x12!)          x6=00002906 x12=10000ab4 x12:10000ab0  PA:10000ab0
20570249ns          347526 1c008196 2078788b p.lw             x17, x7(x16!)       x17=ffffffea x16=100002a0  x7:00000020 x16:10000280  PA:10000280
20570288ns          347528 1c00819a 43130733 p.mac            x14, x6, x17        x14=fff9b18c x14:fffd3810  x6:00002906 x17:ffffffea
20570308ns          347529 1c008192 0046230b p.lw             x6, 4(x12!)          x6=00002a59 x12=10000ab8 x12:10000ab4  PA:10000ab4
20570328ns          347530 1c008196 2078788b p.lw             x17, x7(x16!)       x17=ffffffe2 x16=100002c0  x7:00000020 x16:100002a0  PA:100002a0
20570368ns          347532 1c00819a 43130733 p.mac            x14, x6, x17        x14=fff4bb1e x14:fff9b18c  x6:00002a59 x17:ffffffe2
20570388ns          347533 1c008192 0046230b p.lw             x6, 4(x12!)          x6=00002bac x12=10000abc x12:10000ab8  PA:10000ab8
20570408ns          347534 1c008196 2078788b p.lw             x17, x7(x16!)       x17=ffffffda x16=100002e0  x7:00000020 x16:100002c0  PA:100002c0
20570448ns          347536 1c00819a 43130733 p.mac            x14, x6, x17        x14=ffee3f96 x14:fff4bb1e  x6:00002bac x17:ffffffda
20570467ns          347537 1c008192 0046230b p.lw             x6, 4(x12!)          x6=00002cff x12=10000ac0 x12:10000abc  PA:10000abc
20570487ns          347538 1c008196 2078788b p.lw             x17, x7(x16!)       x17=ffffffd2 x16=10000300  x7:00000020 x16:100002e0  PA:100002e0
20570527ns          347540 1c00819a 43130733 p.mac            x14, x6, x17        x14=ffe629c4 x14:ffee3f96  x6:00002cff x17:ffffffd2
20570547ns          347541 1c008192 0046230b p.lw             x6, 4(x12!)          x6=00002e52 x12=10000ac4 x12:10000ac0  PA:10000ac0
20570567ns          347542 1c008196 2078788b p.lw             x17, x7(x16!)       x17=ffffffca x16=10000320  x7:00000020 x16:10000300  PA:10000300
20570607ns          347544 1c00819a 43130733 p.mac            x14, x6, x17        x14=ffdc6478 x14:ffe629c4  x6:00002e52 x17:ffffffca
20570627ns          347545 1c00819e 00ef222b p.sw             x14, 4(x30!)        x30=100009c4 x14:ffdc6478 x30:100009c0  PA:100009c0
20570646ns          347546 1c0081a2 004e8e93 addi             x29, x29, 4         x29=10000224 x29:10000220
20570666ns          347547 1c0081a4 00128293 addi             x5, x5, 1            x5=00000006  x5:00000005
20570686ns          347548 1c0081a6 00750533 add              x10, x10, x7        x10=10000ac4 x10:10000aa4  x7:00000020
20570706ns          347549 1c0081a8 007f8fb3 add              x31, x31, x7        x31=10000ae4 x31:10000ac4  x7:00000020
20570726ns          347550 1c0081aa fa569fe3 bne              x13, x5, -66        x13:00000008  x5:00000006
20570786ns          347553 1c008168 40b48e33 sub              x28, x9, x11        x28=00000020  x9:10000224 x11:10000204
20570806ns          347554 1c00816c ffce0e13 addi             x28, x28, -4        x28=0000001c x28:00000020
20570825ns          347555 1c00816e 002e5e13 srli             x28, x28, 0x2       x28=00000007 x28:0000001c
20570845ns          347556 1c008172 008f8f33 add              x30, x31, x8        x30=100009c4 x31:10000ae4  x8:fffffee0
20570865ns          347557 1c008176 00b00eb3 add              x29, x0, x11        x29=10000204 x11:10000204
20570885ns          347558 1c008178 001e0e13 addi             x28, x28, 1         x28=00000008 x28:00000007
20570905ns          347559 1c00817a 014e407b lp.setup         0x0, x28, 0x14      x28:00000008
20570925ns          347560 1c00817e 40af87b3 sub              x15, x31, x10       x15=00000020 x31:10000ae4 x10:10000ac4
20570945ns          347561 1c008182 ffc78793 addi             x15, x15, -4        x15=0000001c x15:00000020
20570965ns          347562 1c008184 0027d793 srli             x15, x15, 0x2       x15=00000007 x15:0000001c
20570985ns          347563 1c008186 01d00833 add              x16, x0, x29        x16=10000204 x29:10000204
20571004ns          347564 1c008188 00a00633 add              x12, x0, x10        x12=10000ac4 x10:10000ac4
20571024ns          347565 1c00818a 00000713 addi             x14, x0, 0          x14=00000000
20571044ns          347566 1c00818c 00178793 addi             x15, x15, 1         x15=00000008 x15:00000007
20571064ns          347567 1c00818e 0067c0fb lp.setup         0x1, x15, 0x6       x15:00000008
20571084ns          347568 1c008192 0046230b p.lw             x6, 4(x12!)          x6=00002bc5 x12=10000ac8 x12:10000ac4  PA:10000ac4
20571124ns          347570 1c008196 2078788b p.lw             x17, x7(x16!)       x17=00000009 x16=10000224  x7:00000020 x16:10000204  PA:10000204
20571164ns          347572 1c00819a 43130733 p.mac            x14, x6, x17        x14=000189ed x14:00000000  x6:00002bc5 x17:00000009
20571183ns          347573 1c008192 0046230b p.lw             x6, 4(x12!)          x6=00002d58 x12=10000acc x12:10000ac8  PA:10000ac8
20571203ns          347574 1c008196 2078788b p.lw             x17, x7(x16!)       x17=00000001 x16=10000244  x7:00000020 x16:10000224  PA:10000224
20571243ns          347576 1c00819a 43130733 p.mac            x14, x6, x17        x14=0001b745 x14:000189ed  x6:00002d58 x17:00000001
20571263ns          347577 1c008192 0046230b p.lw             x6, 4(x12!)          x6=00002eeb x12=10000ad0 x12:10000acc  PA:10000acc
20571283ns          347578 1c008196 2078788b p.lw             x17, x7(x16!)       x17=fffffff9 x16=10000264  x7:00000020 x16:10000244  PA:10000244
20571323ns          347580 1c00819a 43130733 p.mac            x14, x6, x17        x14=00006ed8 x14:0001b745  x6:00002eeb x17:fffffff9
20571343ns          347581 1c008192 0046230b p.lw             x6, 4(x12!)          x6=0000307e x12=10000ad4 x12:10000ad0  PA:10000ad0
20571362ns          347582 1c008196 2078788b p.lw             x17, x7(x16!)       x17=fffffff1 x16=10000284  x7:00000020 x16:10000264  PA:10000264
20571402ns          347584 1c00819a 43130733 p.mac            x14, x6, x17        x14=fffd9776 x14:00006ed8  x6:0000307e x17:fffffff1
20571422ns          347585 1c008192 0046230b p.lw             x6, 4(x12!)          x6=00003211 x12=10000ad8 x12:10000ad4  PA:10000ad4
20571442ns          347586 1c008196 2078788b p.lw             x17, x7(x16!)       x17=ffffffe9 x16=100002a4  x7:00000020 x16:10000284  PA:10000284
20571482ns          347588 1c00819a 43130733 p.mac            x14, x6, x17        x14=fff917ef x14:fffd9776  x6:00003211 x17:ffffffe9
20571502ns          347589 1c008192 0046230b p.lw             x6, 4(x12!)          x6=000033a4 x12=10000adc x12:10000ad8  PA:10000ad8
20571522ns          347590 1c008196 2078788b p.lw             x17, x7(x16!)       x17=ffffffe1 x16=100002c4  x7:00000020 x16:100002a4  PA:100002a4
20571561ns          347592 1c00819a 43130733 p.mac            x14, x6, x17        x14=fff2d713 x14:fff917ef  x6:000033a4 x17:ffffffe1
20571581ns          347593 1c008192 0046230b p.lw             x6, 4(x12!)          x6=00003537 x12=10000ae0 x12:10000adc  PA:10000adc
20571601ns          347594 1c008196 2078788b p.lw             x17, x7(x16!)       x17=ffffffd9 x16=100002e4  x7:00000020 x16:100002c4  PA:100002c4
20571641ns          347596 1c00819a 43130733 p.mac            x14, x6, x17        x14=ffeabbb2 x14:fff2d713  x6:00003537 x17:ffffffd9
20571661ns          347597 1c008192 0046230b p.lw             x6, 4(x12!)          x6=000036ca x12=10000ae4 x12:10000ae0  PA:10000ae0
20571681ns          347598 1c008196 2078788b p.lw             x17, x7(x16!)       x17=ffffffd1 x16=10000304  x7:00000020 x16:100002e4  PA:100002e4
20571721ns          347600 1c00819a 43130733 p.mac            x14, x6, x17        x14=ffe0ac9c x14:ffeabbb2  x6:000036ca x17:ffffffd1
20571740ns          347601 1c00819e 00ef222b p.sw             x14, 4(x30!)        x30=100009c8 x14:ffe0ac9c x30:100009c4  PA:100009c4
20571760ns          347602 1c0081a2 004e8e93 addi             x29, x29, 4         x29=10000208 x29:10000204
20571800ns          347604 1c00817e 40af87b3 sub              x15, x31, x10       x15=00000020 x31:10000ae4 x10:10000ac4
20571820ns          347605 1c008182 ffc78793 addi             x15, x15, -4        x15=0000001c x15:00000020
20571840ns          347606 1c008184 0027d793 srli             x15, x15, 0x2       x15=00000007 x15:0000001c
20571860ns          347607 1c008186 01d00833 add              x16, x0, x29        x16=10000208 x29:10000208
20571880ns          347608 1c008188 00a00633 add              x12, x0, x10        x12=10000ac4 x10:10000ac4
20571900ns          347609 1c00818a 00000713 addi             x14, x0, 0          x14=00000000
20571919ns          347610 1c00818c 00178793 addi             x15, x15, 1         x15=00000008 x15:00000007
20571939ns          347611 1c00818e 0067c0fb lp.setup         0x1, x15, 0x6       x15:00000008
20571959ns          347612 1c008192 0046230b p.lw             x6, 4(x12!)          x6=00002bc5 x12=10000ac8 x12:10000ac4  PA:10000ac4
20571979ns          347613 1c008196 2078788b p.lw             x17, x7(x16!)       x17=00000008 x16=10000228  x7:00000020 x16:10000208  PA:10000208
20572019ns          347615 1c00819a 43130733 p.mac            x14, x6, x17        x14=00015e28 x14:00000000  x6:00002bc5 x17:00000008
20572039ns          347616 1c008192 0046230b p.lw             x6, 4(x12!)          x6=00002d58 x12=10000acc x12:10000ac8  PA:10000ac8
20572059ns          347617 1c008196 2078788b p.lw             x17, x7(x16!)       x17=00000000 x16=10000248  x7:00000020 x16:10000228  PA:10000228
20572098ns          347619 1c00819a 43130733 p.mac            x14, x6, x17        x14=00015e28 x14:00015e28  x6:00002d58 x17:00000000
20572118ns          347620 1c008192 0046230b p.lw             x6, 4(x12!)          x6=00002eeb x12=10000ad0 x12:10000acc  PA:10000acc
20572138ns          347621 1c008196 2078788b p.lw             x17, x7(x16!)       x17=fffffff8 x16=10000268  x7:00000020 x16:10000248  PA:10000248
20572178ns          347623 1c00819a 43130733 p.mac            x14, x6, x17        x14=ffffe6d0 x14:00015e28  x6:00002eeb x17:fffffff8
20572198ns          347624 1c008192 0046230b p.lw             x6, 4(x12!)          x6=0000307e x12=10000ad4 x12:10000ad0  PA:10000ad0
20572218ns          347625 1c008196 2078788b p.lw             x17, x7(x16!)       x17=fffffff0 x16=10000288  x7:00000020 x16:10000268  PA:10000268
20572258ns          347627 1c00819a 43130733 p.mac            x14, x6, x17        x14=fffcdef0 x14:ffffe6d0  x6:0000307e x17:fffffff0
20572277ns          347628 1c008192 0046230b p.lw             x6, 4(x12!)          x6=00003211 x12=10000ad8 x12:10000ad4  PA:10000ad4
20572297ns          347629 1c008196 2078788b p.lw             x17, x7(x16!)       x17=ffffffe8 x16=100002a8  x7:00000020 x16:10000288  PA:10000288
20572337ns          347631 1c00819a 43130733 p.mac            x14, x6, x17        x14=fff82d58 x14:fffcdef0  x6:00003211 x17:ffffffe8
20572357ns          347632 1c008192 0046230b p.lw             x6, 4(x12!)          x6=000033a4 x12=10000adc x12:10000ad8  PA:10000ad8
20572377ns          347633 1c008196 2078788b p.lw             x17, x7(x16!)       x17=ffffffe0 x16=100002c8  x7:00000020 x16:100002a8  PA:100002a8
20572417ns          347635 1c00819a 43130733 p.mac            x14, x6, x17        x14=fff1b8d8 x14:fff82d58  x6:000033a4 x17:ffffffe0
20572437ns          347636 1c008192 0046230b p.lw             x6, 4(x12!)          x6=00003537 x12=10000ae0 x12:10000adc  PA:10000adc
20572456ns          347637 1c008196 2078788b p.lw             x17, x7(x16!)       x17=ffffffd8 x16=100002e8  x7:00000020 x16:100002c8  PA:100002c8
20572496ns          347639 1c00819a 43130733 p.mac            x14, x6, x17        x14=ffe96840 x14:fff1b8d8  x6:00003537 x17:ffffffd8
20572516ns          347640 1c008192 0046230b p.lw             x6, 4(x12!)          x6=000036ca x12=10000ae4 x12:10000ae0  PA:10000ae0
20572536ns          347641 1c008196 2078788b p.lw             x17, x7(x16!)       x17=ffffffd0 x16=10000308  x7:00000020 x16:100002e8  PA:100002e8
20572576ns          347643 1c00819a 43130733 p.mac            x14, x6, x17        x14=ffdf2260 x14:ffe96840  x6:000036ca x17:ffffffd0
20572596ns          347644 1c00819e 00ef222b p.sw             x14, 4(x30!)        x30=100009cc x14:ffdf2260 x30:100009c8  PA:100009c8
20572616ns          347645 1c0081a2 004e8e93 addi             x29, x29, 4         x29=1000020c x29:10000208
20572655ns          347647 1c00817e 40af87b3 sub              x15, x31, x10       x15=00000020 x31:10000ae4 x10:10000ac4
20572675ns          347648 1c008182 ffc78793 addi             x15, x15, -4        x15=0000001c x15:00000020
20572695ns          347649 1c008184 0027d793 srli             x15, x15, 0x2       x15=00000007 x15:0000001c
20572715ns          347650 1c008186 01d00833 add              x16, x0, x29        x16=1000020c x29:1000020c
20572735ns          347651 1c008188 00a00633 add              x12, x0, x10        x12=10000ac4 x10:10000ac4
20572755ns          347652 1c00818a 00000713 addi             x14, x0, 0          x14=00000000
20572775ns          347653 1c00818c 00178793 addi             x15, x15, 1         x15=00000008 x15:00000007
20572795ns          347654 1c00818e 0067c0fb lp.setup         0x1, x15, 0x6       x15:00000008
20572815ns          347655 1c008192 0046230b p.lw             x6, 4(x12!)          x6=00002bc5 x12=10000ac8 x12:10000ac4  PA:10000ac4
20572834ns          347656 1c008196 2078788b p.lw             x17, x7(x16!)       x17=00000007 x16=1000022c  x7:00000020 x16:1000020c  PA:1000020c
20572874ns          347658 1c00819a 43130733 p.mac            x14, x6, x17        x14=00013263 x14:00000000  x6:00002bc5 x17:00000007
20572894ns          347659 1c008192 0046230b p.lw             x6, 4(x12!)          x6=00002d58 x12=10000acc x12:10000ac8  PA:10000ac8
20572914ns          347660 1c008196 2078788b p.lw             x17, x7(x16!)       x17=ffffffff x16=1000024c  x7:00000020 x16:1000022c  PA:1000022c
20572954ns          347662 1c00819a 43130733 p.mac            x14, x6, x17        x14=0001050b x14:00013263  x6:00002d58 x17:ffffffff
20572974ns          347663 1c008192 0046230b p.lw             x6, 4(x12!)          x6=00002eeb x12=10000ad0 x12:10000acc  PA:10000acc
20572994ns          347664 1c008196 2078788b p.lw             x17, x7(x16!)       x17=fffffff7 x16=1000026c  x7:00000020 x16:1000024c  PA:1000024c
20573053ns          347667 1c00819a 43130733 p.mac            x14, x6, x17        x14=ffff5ec8 x14:0001050b  x6:00002eeb x17:fffffff7
20573073ns          347668 1c008192 0046230b p.lw             x6, 4(x12!)          x6=0000307e x12=10000ad4 x12:10000ad0  PA:10000ad0
20573093ns          347669 1c008196 2078788b p.lw             x17, x7(x16!)       x17=ffffffef x16=1000028c  x7:00000020 x16:1000026c  PA:1000026c
20573133ns          347671 1c00819a 43130733 p.mac            x14, x6, x17        x14=fffc266a x14:ffff5ec8  x6:0000307e x17:ffffffef
20573153ns          347672 1c008192 0046230b p.lw             x6, 4(x12!)          x6=00003211 x12=10000ad8 x12:10000ad4  PA:10000ad4
20573173ns          347673 1c008196 2078788b p.lw             x17, x7(x16!)       x17=ffffffe7 x16=100002ac  x7:00000020 x16:1000028c  PA:1000028c
20573212ns          347675 1c00819a 43130733 p.mac            x14, x6, x17        x14=fff742c1 x14:fffc266a  x6:00003211 x17:ffffffe7
20573232ns          347676 1c008192 0046230b p.lw             x6, 4(x12!)          x6=000033a4 x12=10000adc x12:10000ad8  PA:10000ad8
20573252ns          347677 1c008196 2078788b p.lw             x17, x7(x16!)       x17=ffffffdf x16=100002cc  x7:00000020 x16:100002ac  PA:100002ac
20573292ns          347679 1c00819a 43130733 p.mac            x14, x6, x17        x14=fff09a9d x14:fff742c1  x6:000033a4 x17:ffffffdf
20573312ns          347680 1c008192 0046230b p.lw             x6, 4(x12!)          x6=00003537 x12=10000ae0 x12:10000adc  PA:10000adc
20573332ns          347681 1c008196 2078788b p.lw             x17, x7(x16!)       x17=ffffffd7 x16=100002ec  x7:00000020 x16:100002cc  PA:100002cc
20573371ns          347683 1c00819a 43130733 p.mac            x14, x6, x17        x14=ffe814ce x14:fff09a9d  x6:00003537 x17:ffffffd7
20573391ns          347684 1c008192 0046230b p.lw             x6, 4(x12!)          x6=000036ca x12=10000ae4 x12:10000ae0  PA:10000ae0
20573411ns          347685 1c008196 2078788b p.lw             x17, x7(x16!)       x17=ffffffcf x16=1000030c  x7:00000020 x16:100002ec  PA:100002ec
20573451ns          347687 1c00819a 43130733 p.mac            x14, x6, x17        x14=ffdd9824 x14:ffe814ce  x6:000036ca x17:ffffffcf
20573471ns          347688 1c00819e 00ef222b p.sw             x14, 4(x30!)        x30=100009d0 x14:ffdd9824 x30:100009cc  PA:100009cc
20573491ns          347689 1c0081a2 004e8e93 addi             x29, x29, 4         x29=10000210 x29:1000020c
20573531ns          347691 1c00817e 40af87b3 sub              x15, x31, x10       x15=00000020 x31:10000ae4 x10:10000ac4
20573550ns          347692 1c008182 ffc78793 addi             x15, x15, -4        x15=0000001c x15:00000020
20573570ns          347693 1c008184 0027d793 srli             x15, x15, 0x2       x15=00000007 x15:0000001c
20573590ns          347694 1c008186 01d00833 add              x16, x0, x29        x16=10000210 x29:10000210
20573610ns          347695 1c008188 00a00633 add              x12, x0, x10        x12=10000ac4 x10:10000ac4
20573630ns          347696 1c00818a 00000713 addi             x14, x0, 0          x14=00000000
20573650ns          347697 1c00818c 00178793 addi             x15, x15, 1         x15=00000008 x15:00000007
20573670ns          347698 1c00818e 0067c0fb lp.setup         0x1, x15, 0x6       x15:00000008
20573690ns          347699 1c008192 0046230b p.lw             x6, 4(x12!)          x6=00002bc5 x12=10000ac8 x12:10000ac4  PA:10000ac4
20573710ns          347700 1c008196 2078788b p.lw             x17, x7(x16!)       x17=00000006 x16=10000230  x7:00000020 x16:10000210  PA:10000210
20573749ns          347702 1c00819a 43130733 p.mac            x14, x6, x17        x14=0001069e x14:00000000  x6:00002bc5 x17:00000006
20573769ns          347703 1c008192 0046230b p.lw             x6, 4(x12!)          x6=00002d58 x12=10000acc x12:10000ac8  PA:10000ac8
20573789ns          347704 1c008196 2078788b p.lw             x17, x7(x16!)       x17=fffffffe x16=10000250  x7:00000020 x16:10000230  PA:10000230
20573829ns          347706 1c00819a 43130733 p.mac            x14, x6, x17        x14=0000abee x14:0001069e  x6:00002d58 x17:fffffffe
20573849ns          347707 1c008192 0046230b p.lw             x6, 4(x12!)          x6=00002eeb x12=10000ad0 x12:10000acc  PA:10000acc
20573869ns          347708 1c008196 2078788b p.lw             x17, x7(x16!)       x17=fffffff6 x16=10000270  x7:00000020 x16:10000250  PA:10000250
20573909ns          347710 1c00819a 43130733 p.mac            x14, x6, x17        x14=fffed6c0 x14:0000abee  x6:00002eeb x17:fffffff6
20573928ns          347711 1c008192 0046230b p.lw             x6, 4(x12!)          x6=0000307e x12=10000ad4 x12:10000ad0  PA:10000ad0
20573948ns          347712 1c008196 2078788b p.lw             x17, x7(x16!)       x17=ffffffee x16=10000290  x7:00000020 x16:10000270  PA:10000270
20573988ns          347714 1c00819a 43130733 p.mac            x14, x6, x17        x14=fffb6de4 x14:fffed6c0  x6:0000307e x17:ffffffee
20574008ns          347715 1c008192 0046230b p.lw             x6, 4(x12!)          x6=00003211 x12=10000ad8 x12:10000ad4  PA:10000ad4
20574028ns          347716 1c008196 2078788b p.lw             x17, x7(x16!)       x17=ffffffe6 x16=100002b0  x7:00000020 x16:10000290  PA:10000290
20574068ns          347718 1c00819a 43130733 p.mac            x14, x6, x17        x14=fff6582a x14:fffb6de4  x6:00003211 x17:ffffffe6
20574088ns          347719 1c008192 0046230b p.lw             x6, 4(x12!)          x6=000033a4 x12=10000adc x12:10000ad8  PA:10000ad8
20574107ns          347720 1c008196 2078788b p.lw             x17, x7(x16!)       x17=ffffffde x16=100002d0  x7:00000020 x16:100002b0  PA:100002b0
20574147ns          347722 1c00819a 43130733 p.mac            x14, x6, x17        x14=ffef7c62 x14:fff6582a  x6:000033a4 x17:ffffffde
20574167ns          347723 1c008192 0046230b p.lw             x6, 4(x12!)          x6=00003537 x12=10000ae0 x12:10000adc  PA:10000adc
20574187ns          347724 1c008196 2078788b p.lw             x17, x7(x16!)       x17=ffffffd6 x16=100002f0  x7:00000020 x16:100002d0  PA:100002d0
20574227ns          347726 1c00819a 43130733 p.mac            x14, x6, x17        x14=ffe6c15c x14:ffef7c62  x6:00003537 x17:ffffffd6
20574247ns          347727 1c008192 0046230b p.lw             x6, 4(x12!)          x6=000036ca x12=10000ae4 x12:10000ae0  PA:10000ae0
20574267ns          347728 1c008196 2078788b p.lw             x17, x7(x16!)       x17=ffffffce x16=10000310  x7:00000020 x16:100002f0  PA:100002f0
20574306ns          347730 1c00819a 43130733 p.mac            x14, x6, x17        x14=ffdc0de8 x14:ffe6c15c  x6:000036ca x17:ffffffce
20574326ns          347731 1c00819e 00ef222b p.sw             x14, 4(x30!)        x30=100009d4 x14:ffdc0de8 x30:100009d0  PA:100009d0
20574346ns          347732 1c0081a2 004e8e93 addi             x29, x29, 4         x29=10000214 x29:10000210
20574386ns          347734 1c00817e 40af87b3 sub              x15, x31, x10       x15=00000020 x31:10000ae4 x10:10000ac4
20574406ns          347735 1c008182 ffc78793 addi             x15, x15, -4        x15=0000001c x15:00000020
20574426ns          347736 1c008184 0027d793 srli             x15, x15, 0x2       x15=00000007 x15:0000001c
20574446ns          347737 1c008186 01d00833 add              x16, x0, x29        x16=10000214 x29:10000214
20574465ns          347738 1c008188 00a00633 add              x12, x0, x10        x12=10000ac4 x10:10000ac4
20574485ns          347739 1c00818a 00000713 addi             x14, x0, 0          x14=00000000
20574505ns          347740 1c00818c 00178793 addi             x15, x15, 1         x15=00000008 x15:00000007
20574525ns          347741 1c00818e 0067c0fb lp.setup         0x1, x15, 0x6       x15:00000008
20574545ns          347742 1c008192 0046230b p.lw             x6, 4(x12!)          x6=00002bc5 x12=10000ac8 x12:10000ac4  PA:10000ac4
20574565ns          347743 1c008196 2078788b p.lw             x17, x7(x16!)       x17=00000005 x16=10000234  x7:00000020 x16:10000214  PA:10000214
20574605ns          347745 1c00819a 43130733 p.mac            x14, x6, x17        x14=0000dad9 x14:00000000  x6:00002bc5 x17:00000005
20574625ns          347746 1c008192 0046230b p.lw             x6, 4(x12!)          x6=00002d58 x12=10000acc x12:10000ac8  PA:10000ac8
20574644ns          347747 1c008196 2078788b p.lw             x17, x7(x16!)       x17=fffffffd x16=10000254  x7:00000020 x16:10000234  PA:10000234
20574684ns          347749 1c00819a 43130733 p.mac            x14, x6, x17        x14=000052d1 x14:0000dad9  x6:00002d58 x17:fffffffd
20574704ns          347750 1c008192 0046230b p.lw             x6, 4(x12!)          x6=00002eeb x12=10000ad0 x12:10000acc  PA:10000acc
20574724ns          347751 1c008196 2078788b p.lw             x17, x7(x16!)       x17=fffffff5 x16=10000274  x7:00000020 x16:10000254  PA:10000254
20574764ns          347753 1c00819a 43130733 p.mac            x14, x6, x17        x14=fffe4eb8 x14:000052d1  x6:00002eeb x17:fffffff5
20574784ns          347754 1c008192 0046230b p.lw             x6, 4(x12!)          x6=0000307e x12=10000ad4 x12:10000ad0  PA:10000ad0
20574804ns          347755 1c008196 2078788b p.lw             x17, x7(x16!)       x17=ffffffed x16=10000294  x7:00000020 x16:10000274  PA:10000274
20574843ns          347757 1c00819a 43130733 p.mac            x14, x6, x17        x14=fffab55e x14:fffe4eb8  x6:0000307e x17:ffffffed
20574863ns          347758 1c008192 0046230b p.lw             x6, 4(x12!)          x6=00003211 x12=10000ad8 x12:10000ad4  PA:10000ad4
20574883ns          347759 1c008196 2078788b p.lw             x17, x7(x16!)       x17=ffffffe5 x16=100002b4  x7:00000020 x16:10000294  PA:10000294
20574923ns          347761 1c00819a 43130733 p.mac            x14, x6, x17        x14=fff56d93 x14:fffab55e  x6:00003211 x17:ffffffe5
20574943ns          347762 1c008192 0046230b p.lw             x6, 4(x12!)          x6=000033a4 x12=10000adc x12:10000ad8  PA:10000ad8
20574963ns          347763 1c008196 2078788b p.lw             x17, x7(x16!)       x17=ffffffdd x16=100002d4  x7:00000020 x16:100002b4  PA:100002b4
20575002ns          347765 1c00819a 43130733 p.mac            x14, x6, x17        x14=ffee5e27 x14:fff56d93  x6:000033a4 x17:ffffffdd
20575022ns          347766 1c008192 0046230b p.lw             x6, 4(x12!)          x6=00003537 x12=10000ae0 x12:10000adc  PA:10000adc
20575042ns          347767 1c008196 2078788b p.lw             x17, x7(x16!)       x17=ffffffd5 x16=100002f4  x7:00000020 x16:100002d4  PA:100002d4
20575082ns          347769 1c00819a 43130733 p.mac            x14, x6, x17        x14=ffe56dea x14:ffee5e27  x6:00003537 x17:ffffffd5
20575102ns          347770 1c008192 0046230b p.lw             x6, 4(x12!)          x6=000036ca x12=10000ae4 x12:10000ae0  PA:10000ae0
20575122ns          347771 1c008196 2078788b p.lw             x17, x7(x16!)       x17=ffffffcd x16=10000314  x7:00000020 x16:100002f4  PA:100002f4
20575162ns          347773 1c00819a 43130733 p.mac            x14, x6, x17        x14=ffda83ac x14:ffe56dea  x6:000036ca x17:ffffffcd
20575182ns          347774 1c00819e 00ef222b p.sw             x14, 4(x30!)        x30=100009d8 x14:ffda83ac x30:100009d4  PA:100009d4
20575201ns          347775 1c0081a2 004e8e93 addi             x29, x29, 4         x29=10000218 x29:10000214
20575241ns          347777 1c00817e 40af87b3 sub              x15, x31, x10       x15=00000020 x31:10000ae4 x10:10000ac4
20575261ns          347778 1c008182 ffc78793 addi             x15, x15, -4        x15=0000001c x15:00000020
20575281ns          347779 1c008184 0027d793 srli             x15, x15, 0x2       x15=00000007 x15:0000001c
20575301ns          347780 1c008186 01d00833 add              x16, x0, x29        x16=10000218 x29:10000218
20575321ns          347781 1c008188 00a00633 add              x12, x0, x10        x12=10000ac4 x10:10000ac4
20575341ns          347782 1c00818a 00000713 addi             x14, x0, 0          x14=00000000
20575361ns          347783 1c00818c 00178793 addi             x15, x15, 1         x15=00000008 x15:00000007
20575380ns          347784 1c00818e 0067c0fb lp.setup         0x1, x15, 0x6       x15:00000008
20575400ns          347785 1c008192 0046230b p.lw             x6, 4(x12!)          x6=00002bc5 x12=10000ac8 x12:10000ac4  PA:10000ac4
20575420ns          347786 1c008196 2078788b p.lw             x17, x7(x16!)       x17=00000004 x16=10000238  x7:00000020 x16:10000218  PA:10000218
20575460ns          347788 1c00819a 43130733 p.mac            x14, x6, x17        x14=0000af14 x14:00000000  x6:00002bc5 x17:00000004
20575480ns          347789 1c008192 0046230b p.lw             x6, 4(x12!)          x6=00002d58 x12=10000acc x12:10000ac8  PA:10000ac8
20575500ns          347790 1c008196 2078788b p.lw             x17, x7(x16!)       x17=fffffffc x16=10000258  x7:00000020 x16:10000238  PA:10000238
20575540ns          347792 1c00819a 43130733 p.mac            x14, x6, x17        x14=fffff9b4 x14:0000af14  x6:00002d58 x17:fffffffc
20575559ns          347793 1c008192 0046230b p.lw             x6, 4(x12!)          x6=00002eeb x12=10000ad0 x12:10000acc  PA:10000acc
20575579ns          347794 1c008196 2078788b p.lw             x17, x7(x16!)       x17=fffffff4 x16=10000278  x7:00000020 x16:10000258  PA:10000258
20575619ns          347796 1c00819a 43130733 p.mac            x14, x6, x17        x14=fffdc6b0 x14:fffff9b4  x6:00002eeb x17:fffffff4
20575639ns          347797 1c008192 0046230b p.lw             x6, 4(x12!)          x6=0000307e x12=10000ad4 x12:10000ad0  PA:10000ad0
20575659ns          347798 1c008196 2078788b p.lw             x17, x7(x16!)       x17=ffffffec x16=10000298  x7:00000020 x16:10000278  PA:10000278
20575699ns          347800 1c00819a 43130733 p.mac            x14, x6, x17        x14=fff9fcd8 x14:fffdc6b0  x6:0000307e x17:ffffffec
20575719ns          347801 1c008192 0046230b p.lw             x6, 4(x12!)          x6=00003211 x12=10000ad8 x12:10000ad4  PA:10000ad4
20575738ns          347802 1c008196 2078788b p.lw             x17, x7(x16!)       x17=ffffffe4 x16=100002b8  x7:00000020 x16:10000298  PA:10000298
20575778ns          347804 1c00819a 43130733 p.mac            x14, x6, x17        x14=fff482fc x14:fff9fcd8  x6:00003211 x17:ffffffe4
20575798ns          347805 1c008192 0046230b p.lw             x6, 4(x12!)          x6=000033a4 x12=10000adc x12:10000ad8  PA:10000ad8
20575818ns          347806 1c008196 2078788b p.lw             x17, x7(x16!)       x17=ffffffdc x16=100002d8  x7:00000020 x16:100002b8  PA:100002b8
20575858ns          347808 1c00819a 43130733 p.mac            x14, x6, x17        x14=ffed3fec x14:fff482fc  x6:000033a4 x17:ffffffdc
20575878ns          347809 1c008192 0046230b p.lw             x6, 4(x12!)          x6=00003537 x12=10000ae0 x12:10000adc  PA:10000adc
20575898ns          347810 1c008196 2078788b p.lw             x17, x7(x16!)       x17=ffffffd4 x16=100002f8  x7:00000020 x16:100002d8  PA:100002d8
20575937ns          347812 1c00819a 43130733 p.mac            x14, x6, x17        x14=ffe41a78 x14:ffed3fec  x6:00003537 x17:ffffffd4
20575957ns          347813 1c008192 0046230b p.lw             x6, 4(x12!)          x6=000036ca x12=10000ae4 x12:10000ae0  PA:10000ae0
20575977ns          347814 1c008196 2078788b p.lw             x17, x7(x16!)       x17=ffffffcc x16=10000318  x7:00000020 x16:100002f8  PA:100002f8
20576017ns          347816 1c00819a 43130733 p.mac            x14, x6, x17        x14=ffd8f970 x14:ffe41a78  x6:000036ca x17:ffffffcc
20576037ns          347817 1c00819e 00ef222b p.sw             x14, 4(x30!)        x30=100009dc x14:ffd8f970 x30:100009d8  PA:100009d8
20576057ns          347818 1c0081a2 004e8e93 addi             x29, x29, 4         x29=1000021c x29:10000218
20576096ns          347820 1c00817e 40af87b3 sub              x15, x31, x10       x15=00000020 x31:10000ae4 x10:10000ac4
20576116ns          347821 1c008182 ffc78793 addi             x15, x15, -4        x15=0000001c x15:00000020
20576136ns          347822 1c008184 0027d793 srli             x15, x15, 0x2       x15=00000007 x15:0000001c
20576156ns          347823 1c008186 01d00833 add              x16, x0, x29        x16=1000021c x29:1000021c
20576176ns          347824 1c008188 00a00633 add              x12, x0, x10        x12=10000ac4 x10:10000ac4
20576196ns          347825 1c00818a 00000713 addi             x14, x0, 0          x14=00000000
20576216ns          347826 1c00818c 00178793 addi             x15, x15, 1         x15=00000008 x15:00000007
20576236ns          347827 1c00818e 0067c0fb lp.setup         0x1, x15, 0x6       x15:00000008
20576256ns          347828 1c008192 0046230b p.lw             x6, 4(x12!)          x6=00002bc5 x12=10000ac8 x12:10000ac4  PA:10000ac4
20576276ns          347829 1c008196 2078788b p.lw             x17, x7(x16!)       x17=00000003 x16=1000023c  x7:00000020 x16:1000021c  PA:1000021c
20576315ns          347831 1c00819a 43130733 p.mac            x14, x6, x17        x14=0000834f x14:00000000  x6:00002bc5 x17:00000003
20576335ns          347832 1c008192 0046230b p.lw             x6, 4(x12!)          x6=00002d58 x12=10000acc x12:10000ac8  PA:10000ac8
20576355ns          347833 1c008196 2078788b p.lw             x17, x7(x16!)       x17=fffffffb x16=1000025c  x7:00000020 x16:1000023c  PA:1000023c
20576395ns          347835 1c00819a 43130733 p.mac            x14, x6, x17        x14=ffffa097 x14:0000834f  x6:00002d58 x17:fffffffb
20576415ns          347836 1c008192 0046230b p.lw             x6, 4(x12!)          x6=00002eeb x12=10000ad0 x12:10000acc  PA:10000acc
20576435ns          347837 1c008196 2078788b p.lw             x17, x7(x16!)       x17=fffffff3 x16=1000027c  x7:00000020 x16:1000025c  PA:1000025c
20576474ns          347839 1c00819a 43130733 p.mac            x14, x6, x17        x14=fffd3ea8 x14:ffffa097  x6:00002eeb x17:fffffff3
20576494ns          347840 1c008192 0046230b p.lw             x6, 4(x12!)          x6=0000307e x12=10000ad4 x12:10000ad0  PA:10000ad0
20576514ns          347841 1c008196 2078788b p.lw             x17, x7(x16!)       x17=ffffffeb x16=1000029c  x7:00000020 x16:1000027c  PA:1000027c
20576554ns          347843 1c00819a 43130733 p.mac            x14, x6, x17        x14=fff94452 x14:fffd3ea8  x6:0000307e x17:ffffffeb
20576574ns          347844 1c008192 0046230b p.lw             x6, 4(x12!)          x6=00003211 x12=10000ad8 x12:10000ad4  PA:10000ad4
20576594ns          347845 1c008196 2078788b p.lw             x17, x7(x16!)       x17=ffffffe3 x16=100002bc  x7:00000020 x16:1000029c  PA:1000029c
20576634ns          347847 1c00819a 43130733 p.mac            x14, x6, x17        x14=fff39865 x14:fff94452  x6:00003211 x17:ffffffe3
20576653ns          347848 1c008192 0046230b p.lw             x6, 4(x12!)          x6=000033a4 x12=10000adc x12:10000ad8  PA:10000ad8
20576673ns          347849 1c008196 2078788b p.lw             x17, x7(x16!)       x17=ffffffdb x16=100002dc  x7:00000020 x16:100002bc  PA:100002bc
20576713ns          347851 1c00819a 43130733 p.mac            x14, x6, x17        x14=ffec21b1 x14:fff39865  x6:000033a4 x17:ffffffdb
20576733ns          347852 1c008192 0046230b p.lw             x6, 4(x12!)          x6=00003537 x12=10000ae0 x12:10000adc  PA:10000adc
20576753ns          347853 1c008196 2078788b p.lw             x17, x7(x16!)       x17=ffffffd3 x16=100002fc  x7:00000020 x16:100002dc  PA:100002dc
20576793ns          347855 1c00819a 43130733 p.mac            x14, x6, x17        x14=ffe2c706 x14:ffec21b1  x6:00003537 x17:ffffffd3
20576813ns          347856 1c008192 0046230b p.lw             x6, 4(x12!)          x6=000036ca x12=10000ae4 x12:10000ae0  PA:10000ae0
20576832ns          347857 1c008196 2078788b p.lw             x17, x7(x16!)       x17=ffffffcb x16=1000031c  x7:00000020 x16:100002fc  PA:100002fc
20576872ns          347859 1c00819a 43130733 p.mac            x14, x6, x17        x14=ffd76f34 x14:ffe2c706  x6:000036ca x17:ffffffcb
20576892ns          347860 1c00819e 00ef222b p.sw             x14, 4(x30!)        x30=100009e0 x14:ffd76f34 x30:100009dc  PA:100009dc
20576912ns          347861 1c0081a2 004e8e93 addi             x29, x29, 4         x29=10000220 x29:1000021c
20576952ns          347863 1c00817e 40af87b3 sub              x15, x31, x10       x15=00000020 x31:10000ae4 x10:10000ac4
20576972ns          347864 1c008182 ffc78793 addi             x15, x15, -4        x15=0000001c x15:00000020
20576992ns          347865 1c008184 0027d793 srli             x15, x15, 0x2       x15=00000007 x15:0000001c
20577011ns          347866 1c008186 01d00833 add              x16, x0, x29        x16=10000220 x29:10000220
20577031ns          347867 1c008188 00a00633 add              x12, x0, x10        x12=10000ac4 x10:10000ac4
20577051ns          347868 1c00818a 00000713 addi             x14, x0, 0          x14=00000000
20577071ns          347869 1c00818c 00178793 addi             x15, x15, 1         x15=00000008 x15:00000007
20577091ns          347870 1c00818e 0067c0fb lp.setup         0x1, x15, 0x6       x15:00000008
20577111ns          347871 1c008192 0046230b p.lw             x6, 4(x12!)          x6=00002bc5 x12=10000ac8 x12:10000ac4  PA:10000ac4
20577131ns          347872 1c008196 2078788b p.lw             x17, x7(x16!)       x17=00000002 x16=10000240  x7:00000020 x16:10000220  PA:10000220
20577171ns          347874 1c00819a 43130733 p.mac            x14, x6, x17        x14=0000578a x14:00000000  x6:00002bc5 x17:00000002
20577190ns          347875 1c008192 0046230b p.lw             x6, 4(x12!)          x6=00002d58 x12=10000acc x12:10000ac8  PA:10000ac8
20577210ns          347876 1c008196 2078788b p.lw             x17, x7(x16!)       x17=fffffffa x16=10000260  x7:00000020 x16:10000240  PA:10000240
20577250ns          347878 1c00819a 43130733 p.mac            x14, x6, x17        x14=ffff477a x14:0000578a  x6:00002d58 x17:fffffffa
20577270ns          347879 1c008192 0046230b p.lw             x6, 4(x12!)          x6=00002eeb x12=10000ad0 x12:10000acc  PA:10000acc
20577290ns          347880 1c008196 2078788b p.lw             x17, x7(x16!)       x17=fffffff2 x16=10000280  x7:00000020 x16:10000260  PA:10000260
20577330ns          347882 1c00819a 43130733 p.mac            x14, x6, x17        x14=fffcb6a0 x14:ffff477a  x6:00002eeb x17:fffffff2
20577350ns          347883 1c008192 0046230b p.lw             x6, 4(x12!)          x6=0000307e x12=10000ad4 x12:10000ad0  PA:10000ad0
20577369ns          347884 1c008196 2078788b p.lw             x17, x7(x16!)       x17=ffffffea x16=100002a0  x7:00000020 x16:10000280  PA:10000280
20577409ns          347886 1c00819a 43130733 p.mac            x14, x6, x17        x14=fff88bcc x14:fffcb6a0  x6:0000307e x17:ffffffea
20577429ns          347887 1c008192 0046230b p.lw             x6, 4(x12!)          x6=00003211 x12=10000ad8 x12:10000ad4  PA:10000ad4
20577449ns          347888 1c008196 2078788b p.lw             x17, x7(x16!)       x17=ffffffe2 x16=100002c0  x7:00000020 x16:100002a0  PA:100002a0
20577489ns          347890 1c00819a 43130733 p.mac            x14, x6, x17        x14=fff2adce x14:fff88bcc  x6:00003211 x17:ffffffe2
20577509ns          347891 1c008192 0046230b p.lw             x6, 4(x12!)          x6=000033a4 x12=10000adc x12:10000ad8  PA:10000ad8
20577529ns          347892 1c008196 2078788b p.lw             x17, x7(x16!)       x17=ffffffda x16=100002e0  x7:00000020 x16:100002c0  PA:100002c0
20577568ns          347894 1c00819a 43130733 p.mac            x14, x6, x17        x14=ffeb0376 x14:fff2adce  x6:000033a4 x17:ffffffda
20577588ns          347895 1c008192 0046230b p.lw             x6, 4(x12!)          x6=00003537 x12=10000ae0 x12:10000adc  PA:10000adc
20577608ns          347896 1c008196 2078788b p.lw             x17, x7(x16!)       x17=ffffffd2 x16=10000300  x7:00000020 x16:100002e0  PA:100002e0
20577648ns          347898 1c00819a 43130733 p.mac            x14, x6, x17        x14=ffe17394 x14:ffeb0376  x6:00003537 x17:ffffffd2
20577668ns          347899 1c008192 0046230b p.lw             x6, 4(x12!)          x6=000036ca x12=10000ae4 x12:10000ae0  PA:10000ae0
20577688ns          347900 1c008196 2078788b p.lw             x17, x7(x16!)       x17=ffffffca x16=10000320  x7:00000020 x16:10000300  PA:10000300
20577728ns          347902 1c00819a 43130733 p.mac            x14, x6, x17        x14=ffd5e4f8 x14:ffe17394  x6:000036ca x17:ffffffca
20577747ns          347903 1c00819e 00ef222b p.sw             x14, 4(x30!)        x30=100009e4 x14:ffd5e4f8 x30:100009e0  PA:100009e0
20577767ns          347904 1c0081a2 004e8e93 addi             x29, x29, 4         x29=10000224 x29:10000220
20577787ns          347905 1c0081a4 00128293 addi             x5, x5, 1            x5=00000007  x5:00000006
20577807ns          347906 1c0081a6 00750533 add              x10, x10, x7        x10=10000ae4 x10:10000ac4  x7:00000020
20577827ns          347907 1c0081a8 007f8fb3 add              x31, x31, x7        x31=10000b04 x31:10000ae4  x7:00000020
20577847ns          347908 1c0081aa fa569fe3 bne              x13, x5, -66        x13:00000008  x5:00000007
20577907ns          347911 1c008168 40b48e33 sub              x28, x9, x11        x28=00000020  x9:10000224 x11:10000204
20577926ns          347912 1c00816c ffce0e13 addi             x28, x28, -4        x28=0000001c x28:00000020
20577946ns          347913 1c00816e 002e5e13 srli             x28, x28, 0x2       x28=00000007 x28:0000001c
20577966ns          347914 1c008172 008f8f33 add              x30, x31, x8        x30=100009e4 x31:10000b04  x8:fffffee0
20577986ns          347915 1c008176 00b00eb3 add              x29, x0, x11        x29=10000204 x11:10000204
20578006ns          347916 1c008178 001e0e13 addi             x28, x28, 1         x28=00000008 x28:00000007
20578026ns          347917 1c00817a 014e407b lp.setup         0x0, x28, 0x14      x28:00000008
20578046ns          347918 1c00817e 40af87b3 sub              x15, x31, x10       x15=00000020 x31:10000b04 x10:10000ae4
20578066ns          347919 1c008182 ffc78793 addi             x15, x15, -4        x15=0000001c x15:00000020
20578086ns          347920 1c008184 0027d793 srli             x15, x15, 0x2       x15=00000007 x15:0000001c
20578105ns          347921 1c008186 01d00833 add              x16, x0, x29        x16=10000204 x29:10000204
20578125ns          347922 1c008188 00a00633 add              x12, x0, x10        x12=10000ae4 x10:10000ae4
20578145ns          347923 1c00818a 00000713 addi             x14, x0, 0          x14=00000000
20578165ns          347924 1c00818c 00178793 addi             x15, x15, 1         x15=00000008 x15:00000007
20578185ns          347925 1c00818e 0067c0fb lp.setup         0x1, x15, 0x6       x15:00000008
20578205ns          347926 1c008192 0046230b p.lw             x6, 4(x12!)          x6=0000327d x12=10000ae8 x12:10000ae4  PA:10000ae4
20578225ns          347927 1c008196 2078788b p.lw             x17, x7(x16!)       x17=00000009 x16=10000224  x7:00000020 x16:10000204  PA:10000204
20578265ns          347929 1c00819a 43130733 p.mac            x14, x6, x17        x14=0001c665 x14:00000000  x6:0000327d x17:00000009
20578284ns          347930 1c008192 0046230b p.lw             x6, 4(x12!)          x6=00003450 x12=10000aec x12:10000ae8  PA:10000ae8
20578304ns          347931 1c008196 2078788b p.lw             x17, x7(x16!)       x17=00000001 x16=10000244  x7:00000020 x16:10000224  PA:10000224
20578344ns          347933 1c00819a 43130733 p.mac            x14, x6, x17        x14=0001fab5 x14:0001c665  x6:00003450 x17:00000001
20578364ns          347934 1c008192 0046230b p.lw             x6, 4(x12!)          x6=00003623 x12=10000af0 x12:10000aec  PA:10000aec
20578384ns          347935 1c008196 2078788b p.lw             x17, x7(x16!)       x17=fffffff9 x16=10000264  x7:00000020 x16:10000244  PA:10000244
20578424ns          347937 1c00819a 43130733 p.mac            x14, x6, x17        x14=00007fc0 x14:0001fab5  x6:00003623 x17:fffffff9
20578444ns          347938 1c008192 0046230b p.lw             x6, 4(x12!)          x6=000037f6 x12=10000af4 x12:10000af0  PA:10000af0
20578463ns          347939 1c008196 2078788b p.lw             x17, x7(x16!)       x17=fffffff1 x16=10000284  x7:00000020 x16:10000264  PA:10000264
20578503ns          347941 1c00819a 43130733 p.mac            x14, x6, x17        x14=fffd3856 x14:00007fc0  x6:000037f6 x17:fffffff1
20578523ns          347942 1c008192 0046230b p.lw             x6, 4(x12!)          x6=000039c9 x12=10000af8 x12:10000af4  PA:10000af4
20578543ns          347943 1c008196 2078788b p.lw             x17, x7(x16!)       x17=ffffffe9 x16=100002a4  x7:00000020 x16:10000284  PA:10000284
20578583ns          347945 1c00819a 43130733 p.mac            x14, x6, x17        x14=fff80747 x14:fffd3856  x6:000039c9 x17:ffffffe9
20578603ns          347946 1c008192 0046230b p.lw             x6, 4(x12!)          x6=00003b9c x12=10000afc x12:10000af8  PA:10000af8
20578623ns          347947 1c008196 2078788b p.lw             x17, x7(x16!)       x17=ffffffe1 x16=100002c4  x7:00000020 x16:100002a4  PA:100002a4
20578662ns          347949 1c00819a 43130733 p.mac            x14, x6, x17        x14=fff0cf63 x14:fff80747  x6:00003b9c x17:ffffffe1
20578682ns          347950 1c008192 0046230b p.lw             x6, 4(x12!)          x6=00003d6f x12=10000b00 x12:10000afc  PA:10000afc
20578702ns          347951 1c008196 2078788b p.lw             x17, x7(x16!)       x17=ffffffd9 x16=100002e4  x7:00000020 x16:100002c4  PA:100002c4
20578742ns          347953 1c00819a 43130733 p.mac            x14, x6, x17        x14=ffe7737a x14:fff0cf63  x6:00003d6f x17:ffffffd9
20578762ns          347954 1c008192 0046230b p.lw             x6, 4(x12!)          x6=00003f42 x12=10000b04 x12:10000b00  PA:10000b00
20578782ns          347955 1c008196 2078788b p.lw             x17, x7(x16!)       x17=ffffffd1 x16=10000304  x7:00000020 x16:100002e4  PA:100002e4
20578822ns          347957 1c00819a 43130733 p.mac            x14, x6, x17        x14=ffdbd65c x14:ffe7737a  x6:00003f42 x17:ffffffd1
20578841ns          347958 1c00819e 00ef222b p.sw             x14, 4(x30!)        x30=100009e8 x14:ffdbd65c x30:100009e4  PA:100009e4
20578861ns          347959 1c0081a2 004e8e93 addi             x29, x29, 4         x29=10000208 x29:10000204
20578901ns          347961 1c00817e 40af87b3 sub              x15, x31, x10       x15=00000020 x31:10000b04 x10:10000ae4
20578921ns          347962 1c008182 ffc78793 addi             x15, x15, -4        x15=0000001c x15:00000020
20578941ns          347963 1c008184 0027d793 srli             x15, x15, 0x2       x15=00000007 x15:0000001c
20578961ns          347964 1c008186 01d00833 add              x16, x0, x29        x16=10000208 x29:10000208
20578981ns          347965 1c008188 00a00633 add              x12, x0, x10        x12=10000ae4 x10:10000ae4
20579001ns          347966 1c00818a 00000713 addi             x14, x0, 0          x14=00000000
20579020ns          347967 1c00818c 00178793 addi             x15, x15, 1         x15=00000008 x15:00000007
20579040ns          347968 1c00818e 0067c0fb lp.setup         0x1, x15, 0x6       x15:00000008
20579060ns          347969 1c008192 0046230b p.lw             x6, 4(x12!)          x6=0000327d x12=10000ae8 x12:10000ae4  PA:10000ae4
20579080ns          347970 1c008196 2078788b p.lw             x17, x7(x16!)       x17=00000008 x16=10000228  x7:00000020 x16:10000208  PA:10000208
20579120ns          347972 1c00819a 43130733 p.mac            x14, x6, x17        x14=000193e8 x14:00000000  x6:0000327d x17:00000008
20579140ns          347973 1c008192 0046230b p.lw             x6, 4(x12!)          x6=00003450 x12=10000aec x12:10000ae8  PA:10000ae8
20579180ns          347975 1c008196 2078788b p.lw             x17, x7(x16!)       x17=00000000 x16=10000248  x7:00000020 x16:10000228  PA:10000228
20579219ns          347977 1c00819a 43130733 p.mac            x14, x6, x17        x14=000193e8 x14:000193e8  x6:00003450 x17:00000000
20579239ns          347978 1c008192 0046230b p.lw             x6, 4(x12!)          x6=00003623 x12=10000af0 x12:10000aec  PA:10000aec
20579259ns          347979 1c008196 2078788b p.lw             x17, x7(x16!)       x17=fffffff8 x16=10000268  x7:00000020 x16:10000248  PA:10000248
20579299ns          347981 1c00819a 43130733 p.mac            x14, x6, x17        x14=ffffe2d0 x14:000193e8  x6:00003623 x17:fffffff8
20579319ns          347982 1c008192 0046230b p.lw             x6, 4(x12!)          x6=000037f6 x12=10000af4 x12:10000af0  PA:10000af0
20579339ns          347983 1c008196 2078788b p.lw             x17, x7(x16!)       x17=fffffff0 x16=10000288  x7:00000020 x16:10000268  PA:10000268
20579378ns          347985 1c00819a 43130733 p.mac            x14, x6, x17        x14=fffc6370 x14:ffffe2d0  x6:000037f6 x17:fffffff0
20579398ns          347986 1c008192 0046230b p.lw             x6, 4(x12!)          x6=000039c9 x12=10000af8 x12:10000af4  PA:10000af4
20579418ns          347987 1c008196 2078788b p.lw             x17, x7(x16!)       x17=ffffffe8 x16=100002a8  x7:00000020 x16:10000288  PA:10000288
20579458ns          347989 1c00819a 43130733 p.mac            x14, x6, x17        x14=fff6f898 x14:fffc6370  x6:000039c9 x17:ffffffe8
20579478ns          347990 1c008192 0046230b p.lw             x6, 4(x12!)          x6=00003b9c x12=10000afc x12:10000af8  PA:10000af8
20579498ns          347991 1c008196 2078788b p.lw             x17, x7(x16!)       x17=ffffffe0 x16=100002c8  x7:00000020 x16:100002a8  PA:100002a8
20579538ns          347993 1c00819a 43130733 p.mac            x14, x6, x17        x14=ffef8518 x14:fff6f898  x6:00003b9c x17:ffffffe0
20579557ns          347994 1c008192 0046230b p.lw             x6, 4(x12!)          x6=00003d6f x12=10000b00 x12:10000afc  PA:10000afc
20579577ns          347995 1c008196 2078788b p.lw             x17, x7(x16!)       x17=ffffffd8 x16=100002e8  x7:00000020 x16:100002c8  PA:100002c8
20579617ns          347997 1c00819a 43130733 p.mac            x14, x6, x17        x14=ffe5ebc0 x14:ffef8518  x6:00003d6f x17:ffffffd8
20579637ns          347998 1c008192 0046230b p.lw             x6, 4(x12!)          x6=00003f42 x12=10000b04 x12:10000b00  PA:10000b00
20579657ns          347999 1c008196 2078788b p.lw             x17, x7(x16!)       x17=ffffffd0 x16=10000308  x7:00000020 x16:100002e8  PA:100002e8
20579697ns          348001 1c00819a 43130733 p.mac            x14, x6, x17        x14=ffda0f60 x14:ffe5ebc0  x6:00003f42 x17:ffffffd0
20579717ns          348002 1c00819e 00ef222b p.sw             x14, 4(x30!)        x30=100009ec x14:ffda0f60 x30:100009e8  PA:100009e8
20579736ns          348003 1c0081a2 004e8e93 addi             x29, x29, 4         x29=1000020c x29:10000208
20579776ns          348005 1c00817e 40af87b3 sub              x15, x31, x10       x15=00000020 x31:10000b04 x10:10000ae4
20579796ns          348006 1c008182 ffc78793 addi             x15, x15, -4        x15=0000001c x15:00000020
20579816ns          348007 1c008184 0027d793 srli             x15, x15, 0x2       x15=00000007 x15:0000001c
20579836ns          348008 1c008186 01d00833 add              x16, x0, x29        x16=1000020c x29:1000020c
20579856ns          348009 1c008188 00a00633 add              x12, x0, x10        x12=10000ae4 x10:10000ae4
20579876ns          348010 1c00818a 00000713 addi             x14, x0, 0          x14=00000000
20579896ns          348011 1c00818c 00178793 addi             x15, x15, 1         x15=00000008 x15:00000007
20579916ns          348012 1c00818e 0067c0fb lp.setup         0x1, x15, 0x6       x15:00000008
20579935ns          348013 1c008192 0046230b p.lw             x6, 4(x12!)          x6=0000327d x12=10000ae8 x12:10000ae4  PA:10000ae4
20579955ns          348014 1c008196 2078788b p.lw             x17, x7(x16!)       x17=00000007 x16=1000022c  x7:00000020 x16:1000020c  PA:1000020c
20579995ns          348016 1c00819a 43130733 p.mac            x14, x6, x17        x14=0001616b x14:00000000  x6:0000327d x17:00000007
20580015ns          348017 1c008192 0046230b p.lw             x6, 4(x12!)          x6=00003450 x12=10000aec x12:10000ae8  PA:10000ae8
20580035ns          348018 1c008196 2078788b p.lw             x17, x7(x16!)       x17=ffffffff x16=1000024c  x7:00000020 x16:1000022c  PA:1000022c
20580075ns          348020 1c00819a 43130733 p.mac            x14, x6, x17        x14=00012d1b x14:0001616b  x6:00003450 x17:ffffffff
20580095ns          348021 1c008192 0046230b p.lw             x6, 4(x12!)          x6=00003623 x12=10000af0 x12:10000aec  PA:10000aec
20580114ns          348022 1c008196 2078788b p.lw             x17, x7(x16!)       x17=fffffff7 x16=1000026c  x7:00000020 x16:1000024c  PA:1000024c
20580154ns          348024 1c00819a 43130733 p.mac            x14, x6, x17        x14=ffff45e0 x14:00012d1b  x6:00003623 x17:fffffff7
20580174ns          348025 1c008192 0046230b p.lw             x6, 4(x12!)          x6=000037f6 x12=10000af4 x12:10000af0  PA:10000af0
20580194ns          348026 1c008196 2078788b p.lw             x17, x7(x16!)       x17=ffffffef x16=1000028c  x7:00000020 x16:1000026c  PA:1000026c
20580234ns          348028 1c00819a 43130733 p.mac            x14, x6, x17        x14=fffb8e8a x14:ffff45e0  x6:000037f6 x17:ffffffef
20580254ns          348029 1c008192 0046230b p.lw             x6, 4(x12!)          x6=000039c9 x12=10000af8 x12:10000af4  PA:10000af4
20580274ns          348030 1c008196 2078788b p.lw             x17, x7(x16!)       x17=ffffffe7 x16=100002ac  x7:00000020 x16:1000028c  PA:1000028c
20580313ns          348032 1c00819a 43130733 p.mac            x14, x6, x17        x14=fff5e9e9 x14:fffb8e8a  x6:000039c9 x17:ffffffe7
20580333ns          348033 1c008192 0046230b p.lw             x6, 4(x12!)          x6=00003b9c x12=10000afc x12:10000af8  PA:10000af8
20580353ns          348034 1c008196 2078788b p.lw             x17, x7(x16!)       x17=ffffffdf x16=100002cc  x7:00000020 x16:100002ac  PA:100002ac
20580393ns          348036 1c00819a 43130733 p.mac            x14, x6, x17        x14=ffee3acd x14:fff5e9e9  x6:00003b9c x17:ffffffdf
20580413ns          348037 1c008192 0046230b p.lw             x6, 4(x12!)          x6=00003d6f x12=10000b00 x12:10000afc  PA:10000afc
20580433ns          348038 1c008196 2078788b p.lw             x17, x7(x16!)       x17=ffffffd7 x16=100002ec  x7:00000020 x16:100002cc  PA:100002cc
20580472ns          348040 1c00819a 43130733 p.mac            x14, x6, x17        x14=ffe46406 x14:ffee3acd  x6:00003d6f x17:ffffffd7
20580492ns          348041 1c008192 0046230b p.lw             x6, 4(x12!)          x6=00003f42 x12=10000b04 x12:10000b00  PA:10000b00
20580512ns          348042 1c008196 2078788b p.lw             x17, x7(x16!)       x17=ffffffcf x16=1000030c  x7:00000020 x16:100002ec  PA:100002ec
20580552ns          348044 1c00819a 43130733 p.mac            x14, x6, x17        x14=ffd84864 x14:ffe46406  x6:00003f42 x17:ffffffcf
20580572ns          348045 1c00819e 00ef222b p.sw             x14, 4(x30!)        x30=100009f0 x14:ffd84864 x30:100009ec  PA:100009ec
20580592ns          348046 1c0081a2 004e8e93 addi             x29, x29, 4         x29=10000210 x29:1000020c
20580632ns          348048 1c00817e 40af87b3 sub              x15, x31, x10       x15=00000020 x31:10000b04 x10:10000ae4
20580651ns          348049 1c008182 ffc78793 addi             x15, x15, -4        x15=0000001c x15:00000020
20580671ns          348050 1c008184 0027d793 srli             x15, x15, 0x2       x15=00000007 x15:0000001c
20580691ns          348051 1c008186 01d00833 add              x16, x0, x29        x16=10000210 x29:10000210
20580711ns          348052 1c008188 00a00633 add              x12, x0, x10        x12=10000ae4 x10:10000ae4
20580731ns          348053 1c00818a 00000713 addi             x14, x0, 0          x14=00000000
20580751ns          348054 1c00818c 00178793 addi             x15, x15, 1         x15=00000008 x15:00000007
20580771ns          348055 1c00818e 0067c0fb lp.setup         0x1, x15, 0x6       x15:00000008
20580791ns          348056 1c008192 0046230b p.lw             x6, 4(x12!)          x6=0000327d x12=10000ae8 x12:10000ae4  PA:10000ae4
20580811ns          348057 1c008196 2078788b p.lw             x17, x7(x16!)       x17=00000006 x16=10000230  x7:00000020 x16:10000210  PA:10000210
20580850ns          348059 1c00819a 43130733 p.mac            x14, x6, x17        x14=00012eee x14:00000000  x6:0000327d x17:00000006
20580870ns          348060 1c008192 0046230b p.lw             x6, 4(x12!)          x6=00003450 x12=10000aec x12:10000ae8  PA:10000ae8
20580890ns          348061 1c008196 2078788b p.lw             x17, x7(x16!)       x17=fffffffe x16=10000250  x7:00000020 x16:10000230  PA:10000230
20580930ns          348063 1c00819a 43130733 p.mac            x14, x6, x17        x14=0000c64e x14:00012eee  x6:00003450 x17:fffffffe
20580950ns          348064 1c008192 0046230b p.lw             x6, 4(x12!)          x6=00003623 x12=10000af0 x12:10000aec  PA:10000aec
20580970ns          348065 1c008196 2078788b p.lw             x17, x7(x16!)       x17=fffffff6 x16=10000270  x7:00000020 x16:10000250  PA:10000250
20581010ns          348067 1c00819a 43130733 p.mac            x14, x6, x17        x14=fffea8f0 x14:0000c64e  x6:00003623 x17:fffffff6
20581029ns          348068 1c008192 0046230b p.lw             x6, 4(x12!)          x6=000037f6 x12=10000af4 x12:10000af0  PA:10000af0
20581049ns          348069 1c008196 2078788b p.lw             x17, x7(x16!)       x17=ffffffee x16=10000290  x7:00000020 x16:10000270  PA:10000270
20581109ns          348072 1c00819a 43130733 p.mac            x14, x6, x17        x14=fffab9a4 x14:fffea8f0  x6:000037f6 x17:ffffffee
20581129ns          348073 1c008192 0046230b p.lw             x6, 4(x12!)          x6=000039c9 x12=10000af8 x12:10000af4  PA:10000af4
20581149ns          348074 1c008196 2078788b p.lw             x17, x7(x16!)       x17=ffffffe6 x16=100002b0  x7:00000020 x16:10000290  PA:10000290
20581189ns          348076 1c00819a 43130733 p.mac            x14, x6, x17        x14=fff4db3a x14:fffab9a4  x6:000039c9 x17:ffffffe6
20581208ns          348077 1c008192 0046230b p.lw             x6, 4(x12!)          x6=00003b9c x12=10000afc x12:10000af8  PA:10000af8
20581228ns          348078 1c008196 2078788b p.lw             x17, x7(x16!)       x17=ffffffde x16=100002d0  x7:00000020 x16:100002b0  PA:100002b0
20581268ns          348080 1c00819a 43130733 p.mac            x14, x6, x17        x14=ffecf082 x14:fff4db3a  x6:00003b9c x17:ffffffde
20581288ns          348081 1c008192 0046230b p.lw             x6, 4(x12!)          x6=00003d6f x12=10000b00 x12:10000afc  PA:10000afc
20581308ns          348082 1c008196 2078788b p.lw             x17, x7(x16!)       x17=ffffffd6 x16=100002f0  x7:00000020 x16:100002d0  PA:100002d0
20581348ns          348084 1c00819a 43130733 p.mac            x14, x6, x17        x14=ffe2dc4c x14:ffecf082  x6:00003d6f x17:ffffffd6
20581368ns          348085 1c008192 0046230b p.lw             x6, 4(x12!)          x6=00003f42 x12=10000b04 x12:10000b00  PA:10000b00
20581387ns          348086 1c008196 2078788b p.lw             x17, x7(x16!)       x17=ffffffce x16=10000310  x7:00000020 x16:100002f0  PA:100002f0
20581427ns          348088 1c00819a 43130733 p.mac            x14, x6, x17        x14=ffd68168 x14:ffe2dc4c  x6:00003f42 x17:ffffffce
20581447ns          348089 1c00819e 00ef222b p.sw             x14, 4(x30!)        x30=100009f4 x14:ffd68168 x30:100009f0  PA:100009f0
20581467ns          348090 1c0081a2 004e8e93 addi             x29, x29, 4         x29=10000214 x29:10000210
20581507ns          348092 1c00817e 40af87b3 sub              x15, x31, x10       x15=00000020 x31:10000b04 x10:10000ae4
20581527ns          348093 1c008182 ffc78793 addi             x15, x15, -4        x15=0000001c x15:00000020
20581547ns          348094 1c008184 0027d793 srli             x15, x15, 0x2       x15=00000007 x15:0000001c
20581566ns          348095 1c008186 01d00833 add              x16, x0, x29        x16=10000214 x29:10000214
20581586ns          348096 1c008188 00a00633 add              x12, x0, x10        x12=10000ae4 x10:10000ae4
20581606ns          348097 1c00818a 00000713 addi             x14, x0, 0          x14=00000000
20581626ns          348098 1c00818c 00178793 addi             x15, x15, 1         x15=00000008 x15:00000007
20581646ns          348099 1c00818e 0067c0fb lp.setup         0x1, x15, 0x6       x15:00000008
20581666ns          348100 1c008192 0046230b p.lw             x6, 4(x12!)          x6=0000327d x12=10000ae8 x12:10000ae4  PA:10000ae4
20581686ns          348101 1c008196 2078788b p.lw             x17, x7(x16!)       x17=00000005 x16=10000234  x7:00000020 x16:10000214  PA:10000214
20581726ns          348103 1c00819a 43130733 p.mac            x14, x6, x17        x14=0000fc71 x14:00000000  x6:0000327d x17:00000005
20581745ns          348104 1c008192 0046230b p.lw             x6, 4(x12!)          x6=00003450 x12=10000aec x12:10000ae8  PA:10000ae8
20581765ns          348105 1c008196 2078788b p.lw             x17, x7(x16!)       x17=fffffffd x16=10000254  x7:00000020 x16:10000234  PA:10000234
20581805ns          348107 1c00819a 43130733 p.mac            x14, x6, x17        x14=00005f81 x14:0000fc71  x6:00003450 x17:fffffffd
20581825ns          348108 1c008192 0046230b p.lw             x6, 4(x12!)          x6=00003623 x12=10000af0 x12:10000aec  PA:10000aec
20581845ns          348109 1c008196 2078788b p.lw             x17, x7(x16!)       x17=fffffff5 x16=10000274  x7:00000020 x16:10000254  PA:10000254
20581885ns          348111 1c00819a 43130733 p.mac            x14, x6, x17        x14=fffe0c00 x14:00005f81  x6:00003623 x17:fffffff5
20581905ns          348112 1c008192 0046230b p.lw             x6, 4(x12!)          x6=000037f6 x12=10000af4 x12:10000af0  PA:10000af0
20581924ns          348113 1c008196 2078788b p.lw             x17, x7(x16!)       x17=ffffffed x16=10000294  x7:00000020 x16:10000274  PA:10000274
20581964ns          348115 1c00819a 43130733 p.mac            x14, x6, x17        x14=fff9e4be x14:fffe0c00  x6:000037f6 x17:ffffffed
20581984ns          348116 1c008192 0046230b p.lw             x6, 4(x12!)          x6=000039c9 x12=10000af8 x12:10000af4  PA:10000af4
20582004ns          348117 1c008196 2078788b p.lw             x17, x7(x16!)       x17=ffffffe5 x16=100002b4  x7:00000020 x16:10000294  PA:10000294
20582044ns          348119 1c00819a 43130733 p.mac            x14, x6, x17        x14=fff3cc8b x14:fff9e4be  x6:000039c9 x17:ffffffe5
20582064ns          348120 1c008192 0046230b p.lw             x6, 4(x12!)          x6=00003b9c x12=10000afc x12:10000af8  PA:10000af8
20582084ns          348121 1c008196 2078788b p.lw             x17, x7(x16!)       x17=ffffffdd x16=100002d4  x7:00000020 x16:100002b4  PA:100002b4
20582123ns          348123 1c00819a 43130733 p.mac            x14, x6, x17        x14=ffeba637 x14:fff3cc8b  x6:00003b9c x17:ffffffdd
20582143ns          348124 1c008192 0046230b p.lw             x6, 4(x12!)          x6=00003d6f x12=10000b00 x12:10000afc  PA:10000afc
20582163ns          348125 1c008196 2078788b p.lw             x17, x7(x16!)       x17=ffffffd5 x16=100002f4  x7:00000020 x16:100002d4  PA:100002d4
20582203ns          348127 1c00819a 43130733 p.mac            x14, x6, x17        x14=ffe15492 x14:ffeba637  x6:00003d6f x17:ffffffd5
20582223ns          348128 1c008192 0046230b p.lw             x6, 4(x12!)          x6=00003f42 x12=10000b04 x12:10000b00  PA:10000b00
20582243ns          348129 1c008196 2078788b p.lw             x17, x7(x16!)       x17=ffffffcd x16=10000314  x7:00000020 x16:100002f4  PA:100002f4
20582283ns          348131 1c00819a 43130733 p.mac            x14, x6, x17        x14=ffd4ba6c x14:ffe15492  x6:00003f42 x17:ffffffcd
20582302ns          348132 1c00819e 00ef222b p.sw             x14, 4(x30!)        x30=100009f8 x14:ffd4ba6c x30:100009f4  PA:100009f4
20582322ns          348133 1c0081a2 004e8e93 addi             x29, x29, 4         x29=10000218 x29:10000214
20582362ns          348135 1c00817e 40af87b3 sub              x15, x31, x10       x15=00000020 x31:10000b04 x10:10000ae4
20582382ns          348136 1c008182 ffc78793 addi             x15, x15, -4        x15=0000001c x15:00000020
20582402ns          348137 1c008184 0027d793 srli             x15, x15, 0x2       x15=00000007 x15:0000001c
20582422ns          348138 1c008186 01d00833 add              x16, x0, x29        x16=10000218 x29:10000218
20582442ns          348139 1c008188 00a00633 add              x12, x0, x10        x12=10000ae4 x10:10000ae4
20582462ns          348140 1c00818a 00000713 addi             x14, x0, 0          x14=00000000
20582481ns          348141 1c00818c 00178793 addi             x15, x15, 1         x15=00000008 x15:00000007
20582501ns          348142 1c00818e 0067c0fb lp.setup         0x1, x15, 0x6       x15:00000008
20582521ns          348143 1c008192 0046230b p.lw             x6, 4(x12!)          x6=0000327d x12=10000ae8 x12:10000ae4  PA:10000ae4
20582541ns          348144 1c008196 2078788b p.lw             x17, x7(x16!)       x17=00000004 x16=10000238  x7:00000020 x16:10000218  PA:10000218
20582581ns          348146 1c00819a 43130733 p.mac            x14, x6, x17        x14=0000c9f4 x14:00000000  x6:0000327d x17:00000004
20582601ns          348147 1c008192 0046230b p.lw             x6, 4(x12!)          x6=00003450 x12=10000aec x12:10000ae8  PA:10000ae8
20582621ns          348148 1c008196 2078788b p.lw             x17, x7(x16!)       x17=fffffffc x16=10000258  x7:00000020 x16:10000238  PA:10000238
20582660ns          348150 1c00819a 43130733 p.mac            x14, x6, x17        x14=fffff8b4 x14:0000c9f4  x6:00003450 x17:fffffffc
20582680ns          348151 1c008192 0046230b p.lw             x6, 4(x12!)          x6=00003623 x12=10000af0 x12:10000aec  PA:10000aec
20582700ns          348152 1c008196 2078788b p.lw             x17, x7(x16!)       x17=fffffff4 x16=10000278  x7:00000020 x16:10000258  PA:10000258
20582740ns          348154 1c00819a 43130733 p.mac            x14, x6, x17        x14=fffd6f10 x14:fffff8b4  x6:00003623 x17:fffffff4
20582760ns          348155 1c008192 0046230b p.lw             x6, 4(x12!)          x6=000037f6 x12=10000af4 x12:10000af0  PA:10000af0
20582780ns          348156 1c008196 2078788b p.lw             x17, x7(x16!)       x17=ffffffec x16=10000298  x7:00000020 x16:10000278  PA:10000278
20582820ns          348158 1c00819a 43130733 p.mac            x14, x6, x17        x14=fff90fd8 x14:fffd6f10  x6:000037f6 x17:ffffffec
20582839ns          348159 1c008192 0046230b p.lw             x6, 4(x12!)          x6=000039c9 x12=10000af8 x12:10000af4  PA:10000af4
20582859ns          348160 1c008196 2078788b p.lw             x17, x7(x16!)       x17=ffffffe4 x16=100002b8  x7:00000020 x16:10000298  PA:10000298
20582899ns          348162 1c00819a 43130733 p.mac            x14, x6, x17        x14=fff2bddc x14:fff90fd8  x6:000039c9 x17:ffffffe4
20582919ns          348163 1c008192 0046230b p.lw             x6, 4(x12!)          x6=00003b9c x12=10000afc x12:10000af8  PA:10000af8
20582939ns          348164 1c008196 2078788b p.lw             x17, x7(x16!)       x17=ffffffdc x16=100002d8  x7:00000020 x16:100002b8  PA:100002b8
20582979ns          348166 1c00819a 43130733 p.mac            x14, x6, x17        x14=ffea5bec x14:fff2bddc  x6:00003b9c x17:ffffffdc
20582999ns          348167 1c008192 0046230b p.lw             x6, 4(x12!)          x6=00003d6f x12=10000b00 x12:10000afc  PA:10000afc
20583018ns          348168 1c008196 2078788b p.lw             x17, x7(x16!)       x17=ffffffd4 x16=100002f8  x7:00000020 x16:100002d8  PA:100002d8
20583058ns          348170 1c00819a 43130733 p.mac            x14, x6, x17        x14=ffdfccd8 x14:ffea5bec  x6:00003d6f x17:ffffffd4
20583078ns          348171 1c008192 0046230b p.lw             x6, 4(x12!)          x6=00003f42 x12=10000b04 x12:10000b00  PA:10000b00
20583098ns          348172 1c008196 2078788b p.lw             x17, x7(x16!)       x17=ffffffcc x16=10000318  x7:00000020 x16:100002f8  PA:100002f8
20583138ns          348174 1c00819a 43130733 p.mac            x14, x6, x17        x14=ffd2f370 x14:ffdfccd8  x6:00003f42 x17:ffffffcc
20583158ns          348175 1c00819e 00ef222b p.sw             x14, 4(x30!)        x30=100009fc x14:ffd2f370 x30:100009f8  PA:100009f8
20583178ns          348176 1c0081a2 004e8e93 addi             x29, x29, 4         x29=1000021c x29:10000218
20583217ns          348178 1c00817e 40af87b3 sub              x15, x31, x10       x15=00000020 x31:10000b04 x10:10000ae4
20583237ns          348179 1c008182 ffc78793 addi             x15, x15, -4        x15=0000001c x15:00000020
20583257ns          348180 1c008184 0027d793 srli             x15, x15, 0x2       x15=00000007 x15:0000001c
20583277ns          348181 1c008186 01d00833 add              x16, x0, x29        x16=1000021c x29:1000021c
20583297ns          348182 1c008188 00a00633 add              x12, x0, x10        x12=10000ae4 x10:10000ae4
20583317ns          348183 1c00818a 00000713 addi             x14, x0, 0          x14=00000000
20583337ns          348184 1c00818c 00178793 addi             x15, x15, 1         x15=00000008 x15:00000007
20583357ns          348185 1c00818e 0067c0fb lp.setup         0x1, x15, 0x6       x15:00000008
20583377ns          348186 1c008192 0046230b p.lw             x6, 4(x12!)          x6=0000327d x12=10000ae8 x12:10000ae4  PA:10000ae4
20583396ns          348187 1c008196 2078788b p.lw             x17, x7(x16!)       x17=00000003 x16=1000023c  x7:00000020 x16:1000021c  PA:1000021c
20583436ns          348189 1c00819a 43130733 p.mac            x14, x6, x17        x14=00009777 x14:00000000  x6:0000327d x17:00000003
20583456ns          348190 1c008192 0046230b p.lw             x6, 4(x12!)          x6=00003450 x12=10000aec x12:10000ae8  PA:10000ae8
20583476ns          348191 1c008196 2078788b p.lw             x17, x7(x16!)       x17=fffffffb x16=1000025c  x7:00000020 x16:1000023c  PA:1000023c
20583516ns          348193 1c00819a 43130733 p.mac            x14, x6, x17        x14=ffff91e7 x14:00009777  x6:00003450 x17:fffffffb
20583536ns          348194 1c008192 0046230b p.lw             x6, 4(x12!)          x6=00003623 x12=10000af0 x12:10000aec  PA:10000aec
20583556ns          348195 1c008196 2078788b p.lw             x17, x7(x16!)       x17=fffffff3 x16=1000027c  x7:00000020 x16:1000025c  PA:1000025c
20583595ns          348197 1c00819a 43130733 p.mac            x14, x6, x17        x14=fffcd220 x14:ffff91e7  x6:00003623 x17:fffffff3
20583615ns          348198 1c008192 0046230b p.lw             x6, 4(x12!)          x6=000037f6 x12=10000af4 x12:10000af0  PA:10000af0
20583635ns          348199 1c008196 2078788b p.lw             x17, x7(x16!)       x17=ffffffeb x16=1000029c  x7:00000020 x16:1000027c  PA:1000027c
20583675ns          348201 1c00819a 43130733 p.mac            x14, x6, x17        x14=fff83af2 x14:fffcd220  x6:000037f6 x17:ffffffeb
20583695ns          348202 1c008192 0046230b p.lw             x6, 4(x12!)          x6=000039c9 x12=10000af8 x12:10000af4  PA:10000af4
20583715ns          348203 1c008196 2078788b p.lw             x17, x7(x16!)       x17=ffffffe3 x16=100002bc  x7:00000020 x16:1000029c  PA:1000029c
20583754ns          348205 1c00819a 43130733 p.mac            x14, x6, x17        x14=fff1af2d x14:fff83af2  x6:000039c9 x17:ffffffe3
20583774ns          348206 1c008192 0046230b p.lw             x6, 4(x12!)          x6=00003b9c x12=10000afc x12:10000af8  PA:10000af8
20583794ns          348207 1c008196 2078788b p.lw             x17, x7(x16!)       x17=ffffffdb x16=100002dc  x7:00000020 x16:100002bc  PA:100002bc
20583834ns          348209 1c00819a 43130733 p.mac            x14, x6, x17        x14=ffe911a1 x14:fff1af2d  x6:00003b9c x17:ffffffdb
20583854ns          348210 1c008192 0046230b p.lw             x6, 4(x12!)          x6=00003d6f x12=10000b00 x12:10000afc  PA:10000afc
20583874ns          348211 1c008196 2078788b p.lw             x17, x7(x16!)       x17=ffffffd3 x16=100002fc  x7:00000020 x16:100002dc  PA:100002dc
20583914ns          348213 1c00819a 43130733 p.mac            x14, x6, x17        x14=ffde451e x14:ffe911a1  x6:00003d6f x17:ffffffd3
20583933ns          348214 1c008192 0046230b p.lw             x6, 4(x12!)          x6=00003f42 x12=10000b04 x12:10000b00  PA:10000b00
20583953ns          348215 1c008196 2078788b p.lw             x17, x7(x16!)       x17=ffffffcb x16=1000031c  x7:00000020 x16:100002fc  PA:100002fc
20583993ns          348217 1c00819a 43130733 p.mac            x14, x6, x17        x14=ffd12c74 x14:ffde451e  x6:00003f42 x17:ffffffcb
20584013ns          348218 1c00819e 00ef222b p.sw             x14, 4(x30!)        x30=10000a00 x14:ffd12c74 x30:100009fc  PA:100009fc
20584033ns          348219 1c0081a2 004e8e93 addi             x29, x29, 4         x29=10000220 x29:1000021c
20584073ns          348221 1c00817e 40af87b3 sub              x15, x31, x10       x15=00000020 x31:10000b04 x10:10000ae4
20584093ns          348222 1c008182 ffc78793 addi             x15, x15, -4        x15=0000001c x15:00000020
20584112ns          348223 1c008184 0027d793 srli             x15, x15, 0x2       x15=00000007 x15:0000001c
20584132ns          348224 1c008186 01d00833 add              x16, x0, x29        x16=10000220 x29:10000220
20584152ns          348225 1c008188 00a00633 add              x12, x0, x10        x12=10000ae4 x10:10000ae4
20584172ns          348226 1c00818a 00000713 addi             x14, x0, 0          x14=00000000
20584192ns          348227 1c00818c 00178793 addi             x15, x15, 1         x15=00000008 x15:00000007
20584212ns          348228 1c00818e 0067c0fb lp.setup         0x1, x15, 0x6       x15:00000008
20584232ns          348229 1c008192 0046230b p.lw             x6, 4(x12!)          x6=0000327d x12=10000ae8 x12:10000ae4  PA:10000ae4
20584252ns          348230 1c008196 2078788b p.lw             x17, x7(x16!)       x17=00000002 x16=10000240  x7:00000020 x16:10000220  PA:10000220
20584291ns          348232 1c00819a 43130733 p.mac            x14, x6, x17        x14=000064fa x14:00000000  x6:0000327d x17:00000002
20584311ns          348233 1c008192 0046230b p.lw             x6, 4(x12!)          x6=00003450 x12=10000aec x12:10000ae8  PA:10000ae8
20584331ns          348234 1c008196 2078788b p.lw             x17, x7(x16!)       x17=fffffffa x16=10000260  x7:00000020 x16:10000240  PA:10000240
20584371ns          348236 1c00819a 43130733 p.mac            x14, x6, x17        x14=ffff2b1a x14:000064fa  x6:00003450 x17:fffffffa
20584391ns          348237 1c008192 0046230b p.lw             x6, 4(x12!)          x6=00003623 x12=10000af0 x12:10000aec  PA:10000aec
20584411ns          348238 1c008196 2078788b p.lw             x17, x7(x16!)       x17=fffffff2 x16=10000280  x7:00000020 x16:10000260  PA:10000260
20584451ns          348240 1c00819a 43130733 p.mac            x14, x6, x17        x14=fffc3530 x14:ffff2b1a  x6:00003623 x17:fffffff2
20584470ns          348241 1c008192 0046230b p.lw             x6, 4(x12!)          x6=000037f6 x12=10000af4 x12:10000af0  PA:10000af0
20584490ns          348242 1c008196 2078788b p.lw             x17, x7(x16!)       x17=ffffffea x16=100002a0  x7:00000020 x16:10000280  PA:10000280
20584530ns          348244 1c00819a 43130733 p.mac            x14, x6, x17        x14=fff7660c x14:fffc3530  x6:000037f6 x17:ffffffea
20584550ns          348245 1c008192 0046230b p.lw             x6, 4(x12!)          x6=000039c9 x12=10000af8 x12:10000af4  PA:10000af4
20584570ns          348246 1c008196 2078788b p.lw             x17, x7(x16!)       x17=ffffffe2 x16=100002c0  x7:00000020 x16:100002a0  PA:100002a0
20584610ns          348248 1c00819a 43130733 p.mac            x14, x6, x17        x14=fff0a07e x14:fff7660c  x6:000039c9 x17:ffffffe2
20584630ns          348249 1c008192 0046230b p.lw             x6, 4(x12!)          x6=00003b9c x12=10000afc x12:10000af8  PA:10000af8
20584650ns          348250 1c008196 2078788b p.lw             x17, x7(x16!)       x17=ffffffda x16=100002e0  x7:00000020 x16:100002c0  PA:100002c0
20584689ns          348252 1c00819a 43130733 p.mac            x14, x6, x17        x14=ffe7c756 x14:fff0a07e  x6:00003b9c x17:ffffffda
20584709ns          348253 1c008192 0046230b p.lw             x6, 4(x12!)          x6=00003d6f x12=10000b00 x12:10000afc  PA:10000afc
20584729ns          348254 1c008196 2078788b p.lw             x17, x7(x16!)       x17=ffffffd2 x16=10000300  x7:00000020 x16:100002e0  PA:100002e0
20584769ns          348256 1c00819a 43130733 p.mac            x14, x6, x17        x14=ffdcbd64 x14:ffe7c756  x6:00003d6f x17:ffffffd2
20584789ns          348257 1c008192 0046230b p.lw             x6, 4(x12!)          x6=00003f42 x12=10000b04 x12:10000b00  PA:10000b00
20584809ns          348258 1c008196 2078788b p.lw             x17, x7(x16!)       x17=ffffffca x16=10000320  x7:00000020 x16:10000300  PA:10000300
20584848ns          348260 1c00819a 43130733 p.mac            x14, x6, x17        x14=ffcf6578 x14:ffdcbd64  x6:00003f42 x17:ffffffca
20584868ns          348261 1c00819e 00ef222b p.sw             x14, 4(x30!)        x30=10000a04 x14:ffcf6578 x30:10000a00  PA:10000a00
20584888ns          348262 1c0081a2 004e8e93 addi             x29, x29, 4         x29=10000224 x29:10000220
20584908ns          348263 1c0081a4 00128293 addi             x5, x5, 1            x5=00000008  x5:00000007
20584928ns          348264 1c0081a6 00750533 add              x10, x10, x7        x10=10000b04 x10:10000ae4  x7:00000020
20584948ns          348265 1c0081a8 007f8fb3 add              x31, x31, x7        x31=10000b24 x31:10000b04  x7:00000020
20584968ns          348266 1c0081aa fa569fe3 bne              x13, x5, -66        x13:00000008  x5:00000008
20584988ns          348267 1c0081ae 00c12403 lw               x8, 12(x2)           x8=10000004  x2:10001f88  PA:10001f94
20585008ns          348268 1c0081b0 00812483 lw               x9, 8(x2)            x9=10001004  x2:10001f88  PA:10001f90
20585027ns          348269 1c0081b2 01010113 addi             x2, x2, 16           x2=10001f98  x2:10001f88
20585047ns          348270 1c0081b4 00008067 jalr             x0, x1, 0            x1:1c009c14
20585087ns          348272 1c009c14 197010ef jal              x1, 6550             x1=1c009c18
20585147ns          348275 1c00b5aa f14027f3 csrrs            x15, x0, 0xf14      x15=00000001
20585167ns          348276 1c00b5ae 01f00713 addi             x14, x0, 31         x14=0000001f
20585187ns          348277 1c00b5b0 ca5797b3 p.extractu       x15, x15, 5, 5      x15=00000000 x15:00000001
20585206ns          348278 1c00b5b4 00e78863 beq              x15, x14, 16        x15:00000000 x14:0000001f
20585226ns          348279 1c00b5b8 002047b7 lui              x15, 0x204000       x15=00204000
20585246ns          348280 1c00b5bc 20078793 addi             x15, x15, 512       x15=00204200 x15:00204000
20585266ns          348281 1c00b5c0 01c7e703 p.elw            x14, 28(x15)        x14=00010000 x15:00204200  PA:0020421c
20585385ns          348287 1c00b5c4 00008067 jalr             x0, x1, 0            x1:1c009c18
20585425ns          348289 1c009c18 00000713 addi             x14, x0, 0          x14=00000000
20585445ns          348290 1c009c1a 00800693 addi             x13, x0, 8          x13=00000008
20585465ns          348291 1c009c1c c0048613 addi             x12, x9, -1024      x12=10000c04  x9:10001004
20585883ns          348312 1c009c20 30040593 addi             x11, x8, 768        x11=10000304  x8:10000004
20585923ns          348314 1c009c24 40040513 addi             x10, x8, 1024       x10=10000404  x8:10000004
20585942ns          348315 1c009c28 d16fe0ef jal              x1, -6890            x1=1c009c2c
20585982ns          348317 1c00813e 06068c63 beq              x13, x0, 120        x13:00000008
20586002ns          348318 1c008140 ff010113 addi             x2, x2, -16          x2=10001f88  x2:10001f98
20586022ns          348319 1c008142 00269393 slli             x7, x13, 0x2         x7=00000020 x13:00000008
20586042ns          348320 1c008146 00812623 sw               x8, 12(x2)           x8:10000004  x2:10001f88  PA:10001f94
20586062ns          348321 1c008148 00271793 slli             x15, x14, 0x2       x15=00000000 x14:00000000
20586082ns          348322 1c00814c 40a60433 sub              x8, x12, x10         x8=00000800 x12:10000c04 x10:10000404
20586102ns          348323 1c008150 02d787b3 mul              x15, x15, x13       x15=00000000 x15:00000000 x13:00000008
20586121ns          348324 1c008154 40740433 sub              x8, x8, x7           x8=000007e0  x8:00000800  x7:00000020
20586141ns          348325 1c008158 00912423 sw               x9, 8(x2)            x9:10001004  x2:10001f88  PA:10001f90
20586161ns          348326 1c00815a 00750fb3 add              x31, x10, x7        x31=10000424 x10:10000404  x7:00000020
20586181ns          348327 1c00815e 42d78433 p.mac            x8, x15, x13         x8=000007e0  x8:000007e0 x15:00000000 x13:00000008
20586201ns          348328 1c008162 007584b3 add              x9, x11, x7          x9=10000324 x11:10000304  x7:00000020
20586221ns          348329 1c008166 00000293 addi             x5, x0, 0            x5=00000000
20586241ns          348330 1c008168 40b48e33 sub              x28, x9, x11        x28=00000020  x9:10000324 x11:10000304
20586261ns          348331 1c00816c ffce0e13 addi             x28, x28, -4        x28=0000001c x28:00000020
20586281ns          348332 1c00816e 002e5e13 srli             x28, x28, 0x2       x28=00000007 x28:0000001c
20586300ns          348333 1c008172 008f8f33 add              x30, x31, x8        x30=10000c04 x31:10000424  x8:000007e0
20586320ns          348334 1c008176 00b00eb3 add              x29, x0, x11        x29=10000304 x11:10000304
20586340ns          348335 1c008178 001e0e13 addi             x28, x28, 1         x28=00000008 x28:00000007
20586360ns          348336 1c00817a 014e407b lp.setup         0x0, x28, 0x14      x28:00000008
20586380ns          348337 1c00817e 40af87b3 sub              x15, x31, x10       x15=00000020 x31:10000424 x10:10000404
20586400ns          348338 1c008182 ffc78793 addi             x15, x15, -4        x15=0000001c x15:00000020
20586420ns          348339 1c008184 0027d793 srli             x15, x15, 0x2       x15=00000007 x15:0000001c
20586440ns          348340 1c008186 01d00833 add              x16, x0, x29        x16=10000304 x29:10000304
20586460ns          348341 1c008188 00a00633 add              x12, x0, x10        x12=10000404 x10:10000404
20586479ns          348342 1c00818a 00000713 addi             x14, x0, 0          x14=00000000
20586499ns          348343 1c00818c 00178793 addi             x15, x15, 1         x15=00000008 x15:00000007
20586519ns          348344 1c00818e 0067c0fb lp.setup         0x1, x15, 0x6       x15:00000008
20586539ns          348345 1c008192 0046230b p.lw             x6, 4(x12!)          x6=ffffe921 x12=10000408 x12:10000404  PA:10000404
20586559ns          348346 1c008196 2078788b p.lw             x17, x7(x16!)       x17=00000031 x16=10000324  x7:00000020 x16:10000304  PA:10000304
20586599ns          348348 1c00819a 43130733 p.mac            x14, x6, x17        x14=fffb9f51 x14:00000000  x6:ffffe921 x17:00000031
20586619ns          348349 1c008192 0046230b p.lw             x6, 4(x12!)          x6=ffffe7c8 x12=1000040c x12:10000408  PA:10000408
20586639ns          348350 1c008196 2078788b p.lw             x17, x7(x16!)       x17=00000029 x16=10000344  x7:00000020 x16:10000324  PA:10000324
20586678ns          348352 1c00819a 43130733 p.mac            x14, x6, x17        x14=fff7be59 x14:fffb9f51  x6:ffffe7c8 x17:00000029
20586698ns          348353 1c008192 0046230b p.lw             x6, 4(x12!)          x6=ffffe66f x12=10000410 x12:1000040c  PA:1000040c
20586718ns          348354 1c008196 2078788b p.lw             x17, x7(x16!)       x17=00000021 x16=10000364  x7:00000020 x16:10000344  PA:10000344
20586758ns          348356 1c00819a 43130733 p.mac            x14, x6, x17        x14=fff472a8 x14:fff7be59  x6:ffffe66f x17:00000021
20586778ns          348357 1c008192 0046230b p.lw             x6, 4(x12!)          x6=ffffe516 x12=10000414 x12:10000410  PA:10000410
20586798ns          348358 1c008196 2078788b p.lw             x17, x7(x16!)       x17=00000019 x16=10000384  x7:00000020 x16:10000364  PA:10000364
20586837ns          348360 1c00819a 43130733 p.mac            x14, x6, x17        x14=fff1d1ce x14:fff472a8  x6:ffffe516 x17:00000019
20586857ns          348361 1c008192 0046230b p.lw             x6, 4(x12!)          x6=ffffe3bd x12=10000418 x12:10000414  PA:10000414
20586877ns          348362 1c008196 2078788b p.lw             x17, x7(x16!)       x17=00000011 x16=100003a4  x7:00000020 x16:10000384  PA:10000384
20586917ns          348364 1c00819a 43130733 p.mac            x14, x6, x17        x14=ffeff15b x14:fff1d1ce  x6:ffffe3bd x17:00000011
20586937ns          348365 1c008192 0046230b p.lw             x6, 4(x12!)          x6=ffffe264 x12=1000041c x12:10000418  PA:10000418
20586957ns          348366 1c008196 2078788b p.lw             x17, x7(x16!)       x17=00000009 x16=100003c4  x7:00000020 x16:100003a4  PA:100003a4
20586997ns          348368 1c00819a 43130733 p.mac            x14, x6, x17        x14=ffeee6df x14:ffeff15b  x6:ffffe264 x17:00000009
20587017ns          348369 1c008192 0046230b p.lw             x6, 4(x12!)          x6=ffffe10b x12=10000420 x12:1000041c  PA:1000041c
20587036ns          348370 1c008196 2078788b p.lw             x17, x7(x16!)       x17=00000001 x16=100003e4  x7:00000020 x16:100003c4  PA:100003c4
20587076ns          348372 1c00819a 43130733 p.mac            x14, x6, x17        x14=ffeec7ea x14:ffeee6df  x6:ffffe10b x17:00000001
20587096ns          348373 1c008192 0046230b p.lw             x6, 4(x12!)          x6=ffffdfb2 x12=10000424 x12:10000420  PA:10000420
20587116ns          348374 1c008196 2078788b p.lw             x17, x7(x16!)       x17=fffffff9 x16=10000404  x7:00000020 x16:100003e4  PA:100003e4
20587156ns          348376 1c00819a 43130733 p.mac            x14, x6, x17        x14=ffefaa0c x14:ffeec7ea  x6:ffffdfb2 x17:fffffff9
20587176ns          348377 1c00819e 00ef222b p.sw             x14, 4(x30!)        x30=10000c08 x14:ffefaa0c x30:10000c04  PA:10000c04
20587196ns          348378 1c0081a2 004e8e93 addi             x29, x29, 4         x29=10000308 x29:10000304
20587235ns          348380 1c00817e 40af87b3 sub              x15, x31, x10       x15=00000020 x31:10000424 x10:10000404
20587255ns          348381 1c008182 ffc78793 addi             x15, x15, -4        x15=0000001c x15:00000020
20587275ns          348382 1c008184 0027d793 srli             x15, x15, 0x2       x15=00000007 x15:0000001c
20587295ns          348383 1c008186 01d00833 add              x16, x0, x29        x16=10000308 x29:10000308
20587315ns          348384 1c008188 00a00633 add              x12, x0, x10        x12=10000404 x10:10000404
20587335ns          348385 1c00818a 00000713 addi             x14, x0, 0          x14=00000000
20587355ns          348386 1c00818c 00178793 addi             x15, x15, 1         x15=00000008 x15:00000007
20587375ns          348387 1c00818e 0067c0fb lp.setup         0x1, x15, 0x6       x15:00000008
20587394ns          348388 1c008192 0046230b p.lw             x6, 4(x12!)          x6=ffffe921 x12=10000408 x12:10000404  PA:10000404
20587414ns          348389 1c008196 2078788b p.lw             x17, x7(x16!)       x17=00000030 x16=10000328  x7:00000020 x16:10000308  PA:10000308
20587454ns          348391 1c00819a 43130733 p.mac            x14, x6, x17        x14=fffbb630 x14:00000000  x6:ffffe921 x17:00000030
20587474ns          348392 1c008192 0046230b p.lw             x6, 4(x12!)          x6=ffffe7c8 x12=1000040c x12:10000408  PA:10000408
20587494ns          348393 1c008196 2078788b p.lw             x17, x7(x16!)       x17=00000028 x16=10000348  x7:00000020 x16:10000328  PA:10000328
20587534ns          348395 1c00819a 43130733 p.mac            x14, x6, x17        x14=fff7ed70 x14:fffbb630  x6:ffffe7c8 x17:00000028
20587554ns          348396 1c008192 0046230b p.lw             x6, 4(x12!)          x6=ffffe66f x12=10000410 x12:1000040c  PA:1000040c
20587573ns          348397 1c008196 2078788b p.lw             x17, x7(x16!)       x17=00000020 x16=10000368  x7:00000020 x16:10000348  PA:10000348
20587613ns          348399 1c00819a 43130733 p.mac            x14, x6, x17        x14=fff4bb50 x14:fff7ed70  x6:ffffe66f x17:00000020
20587633ns          348400 1c008192 0046230b p.lw             x6, 4(x12!)          x6=ffffe516 x12=10000414 x12:10000410  PA:10000410
20587653ns          348401 1c008196 2078788b p.lw             x17, x7(x16!)       x17=00000018 x16=10000388  x7:00000020 x16:10000368  PA:10000368
20587693ns          348403 1c00819a 43130733 p.mac            x14, x6, x17        x14=fff23560 x14:fff4bb50  x6:ffffe516 x17:00000018
20587713ns          348404 1c008192 0046230b p.lw             x6, 4(x12!)          x6=ffffe3bd x12=10000418 x12:10000414  PA:10000414
20587733ns          348405 1c008196 2078788b p.lw             x17, x7(x16!)       x17=00000010 x16=100003a8  x7:00000020 x16:10000388  PA:10000388
20587772ns          348407 1c00819a 43130733 p.mac            x14, x6, x17        x14=fff07130 x14:fff23560  x6:ffffe3bd x17:00000010
20587792ns          348408 1c008192 0046230b p.lw             x6, 4(x12!)          x6=ffffe264 x12=1000041c x12:10000418  PA:10000418
20587812ns          348409 1c008196 2078788b p.lw             x17, x7(x16!)       x17=00000008 x16=100003c8  x7:00000020 x16:100003a8  PA:100003a8
20587852ns          348411 1c00819a 43130733 p.mac            x14, x6, x17        x14=ffef8450 x14:fff07130  x6:ffffe264 x17:00000008
20587872ns          348412 1c008192 0046230b p.lw             x6, 4(x12!)          x6=ffffe10b x12=10000420 x12:1000041c  PA:1000041c
20587892ns          348413 1c008196 2078788b p.lw             x17, x7(x16!)       x17=00000000 x16=100003e8  x7:00000020 x16:100003c8  PA:100003c8
20587931ns          348415 1c00819a 43130733 p.mac            x14, x6, x17        x14=ffef8450 x14:ffef8450  x6:ffffe10b x17:00000000
20587951ns          348416 1c008192 0046230b p.lw             x6, 4(x12!)          x6=ffffdfb2 x12=10000424 x12:10000420  PA:10000420
20587971ns          348417 1c008196 2078788b p.lw             x17, x7(x16!)       x17=fffffff8 x16=10000408  x7:00000020 x16:100003e8  PA:100003e8
20588011ns          348419 1c00819a 43130733 p.mac            x14, x6, x17        x14=fff086c0 x14:ffef8450  x6:ffffdfb2 x17:fffffff8
20588031ns          348420 1c00819e 00ef222b p.sw             x14, 4(x30!)        x30=10000c0c x14:fff086c0 x30:10000c08  PA:10000c08
20588051ns          348421 1c0081a2 004e8e93 addi             x29, x29, 4         x29=1000030c x29:10000308
20588091ns          348423 1c00817e 40af87b3 sub              x15, x31, x10       x15=00000020 x31:10000424 x10:10000404
20588111ns          348424 1c008182 ffc78793 addi             x15, x15, -4        x15=0000001c x15:00000020
20588130ns          348425 1c008184 0027d793 srli             x15, x15, 0x2       x15=00000007 x15:0000001c
20588150ns          348426 1c008186 01d00833 add              x16, x0, x29        x16=1000030c x29:1000030c
20588170ns          348427 1c008188 00a00633 add              x12, x0, x10        x12=10000404 x10:10000404
20588190ns          348428 1c00818a 00000713 addi             x14, x0, 0          x14=00000000
20588210ns          348429 1c00818c 00178793 addi             x15, x15, 1         x15=00000008 x15:00000007
20588230ns          348430 1c00818e 0067c0fb lp.setup         0x1, x15, 0x6       x15:00000008
20588250ns          348431 1c008192 0046230b p.lw             x6, 4(x12!)          x6=ffffe921 x12=10000408 x12:10000404  PA:10000404
20588270ns          348432 1c008196 2078788b p.lw             x17, x7(x16!)       x17=0000002f x16=1000032c  x7:00000020 x16:1000030c  PA:1000030c
20588309ns          348434 1c00819a 43130733 p.mac            x14, x6, x17        x14=fffbcd0f x14:00000000  x6:ffffe921 x17:0000002f
20588329ns          348435 1c008192 0046230b p.lw             x6, 4(x12!)          x6=ffffe7c8 x12=1000040c x12:10000408  PA:10000408
20588349ns          348436 1c008196 2078788b p.lw             x17, x7(x16!)       x17=00000027 x16=1000034c  x7:00000020 x16:1000032c  PA:1000032c
20588389ns          348438 1c00819a 43130733 p.mac            x14, x6, x17        x14=fff81c87 x14:fffbcd0f  x6:ffffe7c8 x17:00000027
20588409ns          348439 1c008192 0046230b p.lw             x6, 4(x12!)          x6=ffffe66f x12=10000410 x12:1000040c  PA:1000040c
20588429ns          348440 1c008196 2078788b p.lw             x17, x7(x16!)       x17=0000001f x16=1000036c  x7:00000020 x16:1000034c  PA:1000034c
20588469ns          348442 1c00819a 43130733 p.mac            x14, x6, x17        x14=fff503f8 x14:fff81c87  x6:ffffe66f x17:0000001f
20588488ns          348443 1c008192 0046230b p.lw             x6, 4(x12!)          x6=ffffe516 x12=10000414 x12:10000410  PA:10000410
20588508ns          348444 1c008196 2078788b p.lw             x17, x7(x16!)       x17=00000017 x16=1000038c  x7:00000020 x16:1000036c  PA:1000036c
20588548ns          348446 1c00819a 43130733 p.mac            x14, x6, x17        x14=fff298f2 x14:fff503f8  x6:ffffe516 x17:00000017
20588568ns          348447 1c008192 0046230b p.lw             x6, 4(x12!)          x6=ffffe3bd x12=10000418 x12:10000414  PA:10000414
20588588ns          348448 1c008196 2078788b p.lw             x17, x7(x16!)       x17=0000000f x16=100003ac  x7:00000020 x16:1000038c  PA:1000038c
20588648ns          348451 1c00819a 43130733 p.mac            x14, x6, x17        x14=fff0f105 x14:fff298f2  x6:ffffe3bd x17:0000000f
20588667ns          348452 1c008192 0046230b p.lw             x6, 4(x12!)          x6=ffffe264 x12=1000041c x12:10000418  PA:10000418
20588687ns          348453 1c008196 2078788b p.lw             x17, x7(x16!)       x17=00000007 x16=100003cc  x7:00000020 x16:100003ac  PA:100003ac
20588727ns          348455 1c00819a 43130733 p.mac            x14, x6, x17        x14=fff021c1 x14:fff0f105  x6:ffffe264 x17:00000007
20588747ns          348456 1c008192 0046230b p.lw             x6, 4(x12!)          x6=ffffe10b x12=10000420 x12:1000041c  PA:1000041c
20588767ns          348457 1c008196 2078788b p.lw             x17, x7(x16!)       x17=ffffffff x16=100003ec  x7:00000020 x16:100003cc  PA:100003cc
20588807ns          348459 1c00819a 43130733 p.mac            x14, x6, x17        x14=fff040b6 x14:fff021c1  x6:ffffe10b x17:ffffffff
20588827ns          348460 1c008192 0046230b p.lw             x6, 4(x12!)          x6=ffffdfb2 x12=10000424 x12:10000420  PA:10000420
20588846ns          348461 1c008196 2078788b p.lw             x17, x7(x16!)       x17=fffffff7 x16=1000040c  x7:00000020 x16:100003ec  PA:100003ec
20588886ns          348463 1c00819a 43130733 p.mac            x14, x6, x17        x14=fff16374 x14:fff040b6  x6:ffffdfb2 x17:fffffff7
20588906ns          348464 1c00819e 00ef222b p.sw             x14, 4(x30!)        x30=10000c10 x14:fff16374 x30:10000c0c  PA:10000c0c
20588926ns          348465 1c0081a2 004e8e93 addi             x29, x29, 4         x29=10000310 x29:1000030c
20588966ns          348467 1c00817e 40af87b3 sub              x15, x31, x10       x15=00000020 x31:10000424 x10:10000404
20588986ns          348468 1c008182 ffc78793 addi             x15, x15, -4        x15=0000001c x15:00000020
20589006ns          348469 1c008184 0027d793 srli             x15, x15, 0x2       x15=00000007 x15:0000001c
20589025ns          348470 1c008186 01d00833 add              x16, x0, x29        x16=10000310 x29:10000310
20589045ns          348471 1c008188 00a00633 add              x12, x0, x10        x12=10000404 x10:10000404
20589065ns          348472 1c00818a 00000713 addi             x14, x0, 0          x14=00000000
20589085ns          348473 1c00818c 00178793 addi             x15, x15, 1         x15=00000008 x15:00000007
20589105ns          348474 1c00818e 0067c0fb lp.setup         0x1, x15, 0x6       x15:00000008
20589125ns          348475 1c008192 0046230b p.lw             x6, 4(x12!)          x6=ffffe921 x12=10000408 x12:10000404  PA:10000404
20589145ns          348476 1c008196 2078788b p.lw             x17, x7(x16!)       x17=0000002e x16=10000330  x7:00000020 x16:10000310  PA:10000310
20589185ns          348478 1c00819a 43130733 p.mac            x14, x6, x17        x14=fffbe3ee x14:00000000  x6:ffffe921 x17:0000002e
20589204ns          348479 1c008192 0046230b p.lw             x6, 4(x12!)          x6=ffffe7c8 x12=1000040c x12:10000408  PA:10000408
20589224ns          348480 1c008196 2078788b p.lw             x17, x7(x16!)       x17=00000026 x16=10000350  x7:00000020 x16:10000330  PA:10000330
20589264ns          348482 1c00819a 43130733 p.mac            x14, x6, x17        x14=fff84b9e x14:fffbe3ee  x6:ffffe7c8 x17:00000026
20589284ns          348483 1c008192 0046230b p.lw             x6, 4(x12!)          x6=ffffe66f x12=10000410 x12:1000040c  PA:1000040c
20589304ns          348484 1c008196 2078788b p.lw             x17, x7(x16!)       x17=0000001e x16=10000370  x7:00000020 x16:10000350  PA:10000350
20589344ns          348486 1c00819a 43130733 p.mac            x14, x6, x17        x14=fff54ca0 x14:fff84b9e  x6:ffffe66f x17:0000001e
20589364ns          348487 1c008192 0046230b p.lw             x6, 4(x12!)          x6=ffffe516 x12=10000414 x12:10000410  PA:10000410
20589384ns          348488 1c008196 2078788b p.lw             x17, x7(x16!)       x17=00000016 x16=10000390  x7:00000020 x16:10000370  PA:10000370
20589423ns          348490 1c00819a 43130733 p.mac            x14, x6, x17        x14=fff2fc84 x14:fff54ca0  x6:ffffe516 x17:00000016
20589443ns          348491 1c008192 0046230b p.lw             x6, 4(x12!)          x6=ffffe3bd x12=10000418 x12:10000414  PA:10000414
20589463ns          348492 1c008196 2078788b p.lw             x17, x7(x16!)       x17=0000000e x16=100003b0  x7:00000020 x16:10000390  PA:10000390
20589503ns          348494 1c00819a 43130733 p.mac            x14, x6, x17        x14=fff170da x14:fff2fc84  x6:ffffe3bd x17:0000000e
20589523ns          348495 1c008192 0046230b p.lw             x6, 4(x12!)          x6=ffffe264 x12=1000041c x12:10000418  PA:10000418
20589543ns          348496 1c008196 2078788b p.lw             x17, x7(x16!)       x17=00000006 x16=100003d0  x7:00000020 x16:100003b0  PA:100003b0
20589582ns          348498 1c00819a 43130733 p.mac            x14, x6, x17        x14=fff0bf32 x14:fff170da  x6:ffffe264 x17:00000006
20589602ns          348499 1c008192 0046230b p.lw             x6, 4(x12!)          x6=ffffe10b x12=10000420 x12:1000041c  PA:1000041c
20589622ns          348500 1c008196 2078788b p.lw             x17, x7(x16!)       x17=fffffffe x16=100003f0  x7:00000020 x16:100003d0  PA:100003d0
20589662ns          348502 1c00819a 43130733 p.mac            x14, x6, x17        x14=fff0fd1c x14:fff0bf32  x6:ffffe10b x17:fffffffe
20589682ns          348503 1c008192 0046230b p.lw             x6, 4(x12!)          x6=ffffdfb2 x12=10000424 x12:10000420  PA:10000420
20589702ns          348504 1c008196 2078788b p.lw             x17, x7(x16!)       x17=fffffff6 x16=10000410  x7:00000020 x16:100003f0  PA:100003f0
20589742ns          348506 1c00819a 43130733 p.mac            x14, x6, x17        x14=fff24028 x14:fff0fd1c  x6:ffffdfb2 x17:fffffff6
20589761ns          348507 1c00819e 00ef222b p.sw             x14, 4(x30!)        x30=10000c14 x14:fff24028 x30:10000c10  PA:10000c10
20589781ns          348508 1c0081a2 004e8e93 addi             x29, x29, 4         x29=10000314 x29:10000310
20589821ns          348510 1c00817e 40af87b3 sub              x15, x31, x10       x15=00000020 x31:10000424 x10:10000404
20589841ns          348511 1c008182 ffc78793 addi             x15, x15, -4        x15=0000001c x15:00000020
20589861ns          348512 1c008184 0027d793 srli             x15, x15, 0x2       x15=00000007 x15:0000001c
20589881ns          348513 1c008186 01d00833 add              x16, x0, x29        x16=10000314 x29:10000314
20589901ns          348514 1c008188 00a00633 add              x12, x0, x10        x12=10000404 x10:10000404
20589921ns          348515 1c00818a 00000713 addi             x14, x0, 0          x14=00000000
20589940ns          348516 1c00818c 00178793 addi             x15, x15, 1         x15=00000008 x15:00000007
20589960ns          348517 1c00818e 0067c0fb lp.setup         0x1, x15, 0x6       x15:00000008
20589980ns          348518 1c008192 0046230b p.lw             x6, 4(x12!)          x6=ffffe921 x12=10000408 x12:10000404  PA:10000404
20590000ns          348519 1c008196 2078788b p.lw             x17, x7(x16!)       x17=0000002d x16=10000334  x7:00000020 x16:10000314  PA:10000314
20590040ns          348521 1c00819a 43130733 p.mac            x14, x6, x17        x14=fffbfacd x14:00000000  x6:ffffe921 x17:0000002d
20590060ns          348522 1c008192 0046230b p.lw             x6, 4(x12!)          x6=ffffe7c8 x12=1000040c x12:10000408  PA:10000408
20590080ns          348523 1c008196 2078788b p.lw             x17, x7(x16!)       x17=00000025 x16=10000354  x7:00000020 x16:10000334  PA:10000334
20590119ns          348525 1c00819a 43130733 p.mac            x14, x6, x17        x14=fff87ab5 x14:fffbfacd  x6:ffffe7c8 x17:00000025
20590139ns          348526 1c008192 0046230b p.lw             x6, 4(x12!)          x6=ffffe66f x12=10000410 x12:1000040c  PA:1000040c
20590159ns          348527 1c008196 2078788b p.lw             x17, x7(x16!)       x17=0000001d x16=10000374  x7:00000020 x16:10000354  PA:10000354
20590199ns          348529 1c00819a 43130733 p.mac            x14, x6, x17        x14=fff59548 x14:fff87ab5  x6:ffffe66f x17:0000001d
20590219ns          348530 1c008192 0046230b p.lw             x6, 4(x12!)          x6=ffffe516 x12=10000414 x12:10000410  PA:10000410
20590239ns          348531 1c008196 2078788b p.lw             x17, x7(x16!)       x17=00000015 x16=10000394  x7:00000020 x16:10000374  PA:10000374
20590279ns          348533 1c00819a 43130733 p.mac            x14, x6, x17        x14=fff36016 x14:fff59548  x6:ffffe516 x17:00000015
20590298ns          348534 1c008192 0046230b p.lw             x6, 4(x12!)          x6=ffffe3bd x12=10000418 x12:10000414  PA:10000414
20590318ns          348535 1c008196 2078788b p.lw             x17, x7(x16!)       x17=0000000d x16=100003b4  x7:00000020 x16:10000394  PA:10000394
20590358ns          348537 1c00819a 43130733 p.mac            x14, x6, x17        x14=fff1f0af x14:fff36016  x6:ffffe3bd x17:0000000d
20590378ns          348538 1c008192 0046230b p.lw             x6, 4(x12!)          x6=ffffe264 x12=1000041c x12:10000418  PA:10000418
20590398ns          348539 1c008196 2078788b p.lw             x17, x7(x16!)       x17=00000005 x16=100003d4  x7:00000020 x16:100003b4  PA:100003b4
20590438ns          348541 1c00819a 43130733 p.mac            x14, x6, x17        x14=fff15ca3 x14:fff1f0af  x6:ffffe264 x17:00000005
20590458ns          348542 1c008192 0046230b p.lw             x6, 4(x12!)          x6=ffffe10b x12=10000420 x12:1000041c  PA:1000041c
20590478ns          348543 1c008196 2078788b p.lw             x17, x7(x16!)       x17=fffffffd x16=100003f4  x7:00000020 x16:100003d4  PA:100003d4
20590517ns          348545 1c00819a 43130733 p.mac            x14, x6, x17        x14=fff1b982 x14:fff15ca3  x6:ffffe10b x17:fffffffd
20590537ns          348546 1c008192 0046230b p.lw             x6, 4(x12!)          x6=ffffdfb2 x12=10000424 x12:10000420  PA:10000420
20590557ns          348547 1c008196 2078788b p.lw             x17, x7(x16!)       x17=fffffff5 x16=10000414  x7:00000020 x16:100003f4  PA:100003f4
20590597ns          348549 1c00819a 43130733 p.mac            x14, x6, x17        x14=fff31cdc x14:fff1b982  x6:ffffdfb2 x17:fffffff5
20590617ns          348550 1c00819e 00ef222b p.sw             x14, 4(x30!)        x30=10000c18 x14:fff31cdc x30:10000c14  PA:10000c14
20590637ns          348551 1c0081a2 004e8e93 addi             x29, x29, 4         x29=10000318 x29:10000314
20590676ns          348553 1c00817e 40af87b3 sub              x15, x31, x10       x15=00000020 x31:10000424 x10:10000404
20590696ns          348554 1c008182 ffc78793 addi             x15, x15, -4        x15=0000001c x15:00000020
20590716ns          348555 1c008184 0027d793 srli             x15, x15, 0x2       x15=00000007 x15:0000001c
20590736ns          348556 1c008186 01d00833 add              x16, x0, x29        x16=10000318 x29:10000318
20590756ns          348557 1c008188 00a00633 add              x12, x0, x10        x12=10000404 x10:10000404
20590776ns          348558 1c00818a 00000713 addi             x14, x0, 0          x14=00000000
20590796ns          348559 1c00818c 00178793 addi             x15, x15, 1         x15=00000008 x15:00000007
20590816ns          348560 1c00818e 0067c0fb lp.setup         0x1, x15, 0x6       x15:00000008
20590836ns          348561 1c008192 0046230b p.lw             x6, 4(x12!)          x6=ffffe921 x12=10000408 x12:10000404  PA:10000404
20590855ns          348562 1c008196 2078788b p.lw             x17, x7(x16!)       x17=0000002c x16=10000338  x7:00000020 x16:10000318  PA:10000318
20590895ns          348564 1c00819a 43130733 p.mac            x14, x6, x17        x14=fffc11ac x14:00000000  x6:ffffe921 x17:0000002c
20590915ns          348565 1c008192 0046230b p.lw             x6, 4(x12!)          x6=ffffe7c8 x12=1000040c x12:10000408  PA:10000408
20590935ns          348566 1c008196 2078788b p.lw             x17, x7(x16!)       x17=00000024 x16=10000358  x7:00000020 x16:10000338  PA:10000338
20590975ns          348568 1c00819a 43130733 p.mac            x14, x6, x17        x14=fff8a9cc x14:fffc11ac  x6:ffffe7c8 x17:00000024
20590995ns          348569 1c008192 0046230b p.lw             x6, 4(x12!)          x6=ffffe66f x12=10000410 x12:1000040c  PA:1000040c
20591015ns          348570 1c008196 2078788b p.lw             x17, x7(x16!)       x17=0000001c x16=10000378  x7:00000020 x16:10000358  PA:10000358
20591054ns          348572 1c00819a 43130733 p.mac            x14, x6, x17        x14=fff5ddf0 x14:fff8a9cc  x6:ffffe66f x17:0000001c
20591074ns          348573 1c008192 0046230b p.lw             x6, 4(x12!)          x6=ffffe516 x12=10000414 x12:10000410  PA:10000410
20591094ns          348574 1c008196 2078788b p.lw             x17, x7(x16!)       x17=00000014 x16=10000398  x7:00000020 x16:10000378  PA:10000378
20591134ns          348576 1c00819a 43130733 p.mac            x14, x6, x17        x14=fff3c3a8 x14:fff5ddf0  x6:ffffe516 x17:00000014
20591154ns          348577 1c008192 0046230b p.lw             x6, 4(x12!)          x6=ffffe3bd x12=10000418 x12:10000414  PA:10000414
20591174ns          348578 1c008196 2078788b p.lw             x17, x7(x16!)       x17=0000000c x16=100003b8  x7:00000020 x16:10000398  PA:10000398
20591213ns          348580 1c00819a 43130733 p.mac            x14, x6, x17        x14=fff27084 x14:fff3c3a8  x6:ffffe3bd x17:0000000c
20591233ns          348581 1c008192 0046230b p.lw             x6, 4(x12!)          x6=ffffe264 x12=1000041c x12:10000418  PA:10000418
20591253ns          348582 1c008196 2078788b p.lw             x17, x7(x16!)       x17=00000004 x16=100003d8  x7:00000020 x16:100003b8  PA:100003b8
20591293ns          348584 1c00819a 43130733 p.mac            x14, x6, x17        x14=fff1fa14 x14:fff27084  x6:ffffe264 x17:00000004
20591313ns          348585 1c008192 0046230b p.lw             x6, 4(x12!)          x6=ffffe10b x12=10000420 x12:1000041c  PA:1000041c
20591333ns          348586 1c008196 2078788b p.lw             x17, x7(x16!)       x17=fffffffc x16=100003f8  x7:00000020 x16:100003d8  PA:100003d8
20591373ns          348588 1c00819a 43130733 p.mac            x14, x6, x17        x14=fff275e8 x14:fff1fa14  x6:ffffe10b x17:fffffffc
20591392ns          348589 1c008192 0046230b p.lw             x6, 4(x12!)          x6=ffffdfb2 x12=10000424 x12:10000420  PA:10000420
20591412ns          348590 1c008196 2078788b p.lw             x17, x7(x16!)       x17=fffffff4 x16=10000418  x7:00000020 x16:100003f8  PA:100003f8
20591452ns          348592 1c00819a 43130733 p.mac            x14, x6, x17        x14=fff3f990 x14:fff275e8  x6:ffffdfb2 x17:fffffff4
20591472ns          348593 1c00819e 00ef222b p.sw             x14, 4(x30!)        x30=10000c1c x14:fff3f990 x30:10000c18  PA:10000c18
20591492ns          348594 1c0081a2 004e8e93 addi             x29, x29, 4         x29=1000031c x29:10000318
20591532ns          348596 1c00817e 40af87b3 sub              x15, x31, x10       x15=00000020 x31:10000424 x10:10000404
20591552ns          348597 1c008182 ffc78793 addi             x15, x15, -4        x15=0000001c x15:00000020
20591571ns          348598 1c008184 0027d793 srli             x15, x15, 0x2       x15=00000007 x15:0000001c
20591591ns          348599 1c008186 01d00833 add              x16, x0, x29        x16=1000031c x29:1000031c
20591611ns          348600 1c008188 00a00633 add              x12, x0, x10        x12=10000404 x10:10000404
20591631ns          348601 1c00818a 00000713 addi             x14, x0, 0          x14=00000000
20591651ns          348602 1c00818c 00178793 addi             x15, x15, 1         x15=00000008 x15:00000007
20591671ns          348603 1c00818e 0067c0fb lp.setup         0x1, x15, 0x6       x15:00000008
20591691ns          348604 1c008192 0046230b p.lw             x6, 4(x12!)          x6=ffffe921 x12=10000408 x12:10000404  PA:10000404
20591711ns          348605 1c008196 2078788b p.lw             x17, x7(x16!)       x17=0000002b x16=1000033c  x7:00000020 x16:1000031c  PA:1000031c
20591751ns          348607 1c00819a 43130733 p.mac            x14, x6, x17        x14=fffc288b x14:00000000  x6:ffffe921 x17:0000002b
20591770ns          348608 1c008192 0046230b p.lw             x6, 4(x12!)          x6=ffffe7c8 x12=1000040c x12:10000408  PA:10000408
20591790ns          348609 1c008196 2078788b p.lw             x17, x7(x16!)       x17=00000023 x16=1000035c  x7:00000020 x16:1000033c  PA:1000033c
20591830ns          348611 1c00819a 43130733 p.mac            x14, x6, x17        x14=fff8d8e3 x14:fffc288b  x6:ffffe7c8 x17:00000023
20591850ns          348612 1c008192 0046230b p.lw             x6, 4(x12!)          x6=ffffe66f x12=10000410 x12:1000040c  PA:1000040c
20591870ns          348613 1c008196 2078788b p.lw             x17, x7(x16!)       x17=0000001b x16=1000037c  x7:00000020 x16:1000035c  PA:1000035c
20591910ns          348615 1c00819a 43130733 p.mac            x14, x6, x17        x14=fff62698 x14:fff8d8e3  x6:ffffe66f x17:0000001b
20591930ns          348616 1c008192 0046230b p.lw             x6, 4(x12!)          x6=ffffe516 x12=10000414 x12:10000410  PA:10000410
20591949ns          348617 1c008196 2078788b p.lw             x17, x7(x16!)       x17=00000013 x16=1000039c  x7:00000020 x16:1000037c  PA:1000037c
20591989ns          348619 1c00819a 43130733 p.mac            x14, x6, x17        x14=fff4273a x14:fff62698  x6:ffffe516 x17:00000013
20592009ns          348620 1c008192 0046230b p.lw             x6, 4(x12!)          x6=ffffe3bd x12=10000418 x12:10000414  PA:10000414
20592029ns          348621 1c008196 2078788b p.lw             x17, x7(x16!)       x17=0000000b x16=100003bc  x7:00000020 x16:1000039c  PA:1000039c
20592069ns          348623 1c00819a 43130733 p.mac            x14, x6, x17        x14=fff2f059 x14:fff4273a  x6:ffffe3bd x17:0000000b
20592089ns          348624 1c008192 0046230b p.lw             x6, 4(x12!)          x6=ffffe264 x12=1000041c x12:10000418  PA:10000418
20592109ns          348625 1c008196 2078788b p.lw             x17, x7(x16!)       x17=00000003 x16=100003dc  x7:00000020 x16:100003bc  PA:100003bc
20592148ns          348627 1c00819a 43130733 p.mac            x14, x6, x17        x14=fff29785 x14:fff2f059  x6:ffffe264 x17:00000003
20592168ns          348628 1c008192 0046230b p.lw             x6, 4(x12!)          x6=ffffe10b x12=10000420 x12:1000041c  PA:1000041c
20592188ns          348629 1c008196 2078788b p.lw             x17, x7(x16!)       x17=fffffffb x16=100003fc  x7:00000020 x16:100003dc  PA:100003dc
20592228ns          348631 1c00819a 43130733 p.mac            x14, x6, x17        x14=fff3324e x14:fff29785  x6:ffffe10b x17:fffffffb
20592248ns          348632 1c008192 0046230b p.lw             x6, 4(x12!)          x6=ffffdfb2 x12=10000424 x12:10000420  PA:10000420
20592268ns          348633 1c008196 2078788b p.lw             x17, x7(x16!)       x17=fffffff3 x16=1000041c  x7:00000020 x16:100003fc  PA:100003fc
20592307ns          348635 1c00819a 43130733 p.mac            x14, x6, x17        x14=fff4d644 x14:fff3324e  x6:ffffdfb2 x17:fffffff3
20592327ns          348636 1c00819e 00ef222b p.sw             x14, 4(x30!)        x30=10000c20 x14:fff4d644 x30:10000c1c  PA:10000c1c
20592347ns          348637 1c0081a2 004e8e93 addi             x29, x29, 4         x29=10000320 x29:1000031c
20592387ns          348639 1c00817e 40af87b3 sub              x15, x31, x10       x15=00000020 x31:10000424 x10:10000404
20592407ns          348640 1c008182 ffc78793 addi             x15, x15, -4        x15=0000001c x15:00000020
20592427ns          348641 1c008184 0027d793 srli             x15, x15, 0x2       x15=00000007 x15:0000001c
20592447ns          348642 1c008186 01d00833 add              x16, x0, x29        x16=10000320 x29:10000320
20592467ns          348643 1c008188 00a00633 add              x12, x0, x10        x12=10000404 x10:10000404
20592486ns          348644 1c00818a 00000713 addi             x14, x0, 0          x14=00000000
20592506ns          348645 1c00818c 00178793 addi             x15, x15, 1         x15=00000008 x15:00000007
20592526ns          348646 1c00818e 0067c0fb lp.setup         0x1, x15, 0x6       x15:00000008
20592546ns          348647 1c008192 0046230b p.lw             x6, 4(x12!)          x6=ffffe921 x12=10000408 x12:10000404  PA:10000404
20592566ns          348648 1c008196 2078788b p.lw             x17, x7(x16!)       x17=0000002a x16=10000340  x7:00000020 x16:10000320  PA:10000320
20592606ns          348650 1c00819a 43130733 p.mac            x14, x6, x17        x14=fffc3f6a x14:00000000  x6:ffffe921 x17:0000002a
20592626ns          348651 1c008192 0046230b p.lw             x6, 4(x12!)          x6=ffffe7c8 x12=1000040c x12:10000408  PA:10000408
20592646ns          348652 1c008196 2078788b p.lw             x17, x7(x16!)       x17=00000022 x16=10000360  x7:00000020 x16:10000340  PA:10000340
20592685ns          348654 1c00819a 43130733 p.mac            x14, x6, x17        x14=fff907fa x14:fffc3f6a  x6:ffffe7c8 x17:00000022
20592705ns          348655 1c008192 0046230b p.lw             x6, 4(x12!)          x6=ffffe66f x12=10000410 x12:1000040c  PA:1000040c
20592725ns          348656 1c008196 2078788b p.lw             x17, x7(x16!)       x17=0000001a x16=10000380  x7:00000020 x16:10000360  PA:10000360
20592765ns          348658 1c00819a 43130733 p.mac            x14, x6, x17        x14=fff66f40 x14:fff907fa  x6:ffffe66f x17:0000001a
20592785ns          348659 1c008192 0046230b p.lw             x6, 4(x12!)          x6=ffffe516 x12=10000414 x12:10000410  PA:10000410
20592805ns          348660 1c008196 2078788b p.lw             x17, x7(x16!)       x17=00000012 x16=100003a0  x7:00000020 x16:10000380  PA:10000380
20592844ns          348662 1c00819a 43130733 p.mac            x14, x6, x17        x14=fff48acc x14:fff66f40  x6:ffffe516 x17:00000012
20592864ns          348663 1c008192 0046230b p.lw             x6, 4(x12!)          x6=ffffe3bd x12=10000418 x12:10000414  PA:10000414
20592884ns          348664 1c008196 2078788b p.lw             x17, x7(x16!)       x17=0000000a x16=100003c0  x7:00000020 x16:100003a0  PA:100003a0
20592924ns          348666 1c00819a 43130733 p.mac            x14, x6, x17        x14=fff3702e x14:fff48acc  x6:ffffe3bd x17:0000000a
20592944ns          348667 1c008192 0046230b p.lw             x6, 4(x12!)          x6=ffffe264 x12=1000041c x12:10000418  PA:10000418
20592964ns          348668 1c008196 2078788b p.lw             x17, x7(x16!)       x17=00000002 x16=100003e0  x7:00000020 x16:100003c0  PA:100003c0
20593004ns          348670 1c00819a 43130733 p.mac            x14, x6, x17        x14=fff334f6 x14:fff3702e  x6:ffffe264 x17:00000002
20593024ns          348671 1c008192 0046230b p.lw             x6, 4(x12!)          x6=ffffe10b x12=10000420 x12:1000041c  PA:1000041c
20593043ns          348672 1c008196 2078788b p.lw             x17, x7(x16!)       x17=fffffffa x16=10000400  x7:00000020 x16:100003e0  PA:100003e0
20593083ns          348674 1c00819a 43130733 p.mac            x14, x6, x17        x14=fff3eeb4 x14:fff334f6  x6:ffffe10b x17:fffffffa
20593103ns          348675 1c008192 0046230b p.lw             x6, 4(x12!)          x6=ffffdfb2 x12=10000424 x12:10000420  PA:10000420
20593123ns          348676 1c008196 2078788b p.lw             x17, x7(x16!)       x17=fffffff2 x16=10000420  x7:00000020 x16:10000400  PA:10000400
20593163ns          348678 1c00819a 43130733 p.mac            x14, x6, x17        x14=fff5b2f8 x14:fff3eeb4  x6:ffffdfb2 x17:fffffff2
20593183ns          348679 1c00819e 00ef222b p.sw             x14, 4(x30!)        x30=10000c24 x14:fff5b2f8 x30:10000c20  PA:10000c20
20593203ns          348680 1c0081a2 004e8e93 addi             x29, x29, 4         x29=10000324 x29:10000320
20593222ns          348681 1c0081a4 00128293 addi             x5, x5, 1            x5=00000001  x5:00000000
20593242ns          348682 1c0081a6 00750533 add              x10, x10, x7        x10=10000424 x10:10000404  x7:00000020
20593262ns          348683 1c0081a8 007f8fb3 add              x31, x31, x7        x31=10000444 x31:10000424  x7:00000020
20593282ns          348684 1c0081aa fa569fe3 bne              x13, x5, -66        x13:00000008  x5:00000001
20593342ns          348687 1c008168 40b48e33 sub              x28, x9, x11        x28=00000020  x9:10000324 x11:10000304
20593362ns          348688 1c00816c ffce0e13 addi             x28, x28, -4        x28=0000001c x28:00000020
20593382ns          348689 1c00816e 002e5e13 srli             x28, x28, 0x2       x28=00000007 x28:0000001c
20593401ns          348690 1c008172 008f8f33 add              x30, x31, x8        x30=10000c24 x31:10000444  x8:000007e0
20593421ns          348691 1c008176 00b00eb3 add              x29, x0, x11        x29=10000304 x11:10000304
20593441ns          348692 1c008178 001e0e13 addi             x28, x28, 1         x28=00000008 x28:00000007
20593461ns          348693 1c00817a 014e407b lp.setup         0x0, x28, 0x14      x28:00000008
20593481ns          348694 1c00817e 40af87b3 sub              x15, x31, x10       x15=00000020 x31:10000444 x10:10000424
20593501ns          348695 1c008182 ffc78793 addi             x15, x15, -4        x15=0000001c x15:00000020
20593521ns          348696 1c008184 0027d793 srli             x15, x15, 0x2       x15=00000007 x15:0000001c
20593541ns          348697 1c008186 01d00833 add              x16, x0, x29        x16=10000304 x29:10000304
20593561ns          348698 1c008188 00a00633 add              x12, x0, x10        x12=10000424 x10:10000424
20593580ns          348699 1c00818a 00000713 addi             x14, x0, 0          x14=00000000
20593600ns          348700 1c00818c 00178793 addi             x15, x15, 1         x15=00000008 x15:00000007
20593620ns          348701 1c00818e 0067c0fb lp.setup         0x1, x15, 0x6       x15:00000008
20593640ns          348702 1c008192 0046230b p.lw             x6, 4(x12!)          x6=fffff299 x12=10000428 x12:10000424  PA:10000424
20593660ns          348703 1c008196 2078788b p.lw             x17, x7(x16!)       x17=00000031 x16=10000324  x7:00000020 x16:10000304  PA:10000304
20593700ns          348705 1c00819a 43130733 p.mac            x14, x6, x17        x14=fffd6f49 x14:00000000  x6:fffff299 x17:00000031
20593720ns          348706 1c008192 0046230b p.lw             x6, 4(x12!)          x6=fffff1c0 x12=1000042c x12:10000428  PA:10000428
20593740ns          348707 1c008196 2078788b p.lw             x17, x7(x16!)       x17=00000029 x16=10000344  x7:00000020 x16:10000324  PA:10000324
20593779ns          348709 1c00819a 43130733 p.mac            x14, x6, x17        x14=fffb2709 x14:fffd6f49  x6:fffff1c0 x17:00000029
20593799ns          348710 1c008192 0046230b p.lw             x6, 4(x12!)          x6=fffff0e7 x12=10000430 x12:1000042c  PA:1000042c
20593819ns          348711 1c008196 2078788b p.lw             x17, x7(x16!)       x17=00000021 x16=10000364  x7:00000020 x16:10000344  PA:10000344
20593859ns          348713 1c00819a 43130733 p.mac            x14, x6, x17        x14=fff934d0 x14:fffb2709  x6:fffff0e7 x17:00000021
20593879ns          348714 1c008192 0046230b p.lw             x6, 4(x12!)          x6=fffff00e x12=10000434 x12:10000430  PA:10000430
20593899ns          348715 1c008196 2078788b p.lw             x17, x7(x16!)       x17=00000019 x16=10000384  x7:00000020 x16:10000364  PA:10000364
20593938ns          348717 1c00819a 43130733 p.mac            x14, x6, x17        x14=fff7a62e x14:fff934d0  x6:fffff00e x17:00000019
20593958ns          348718 1c008192 0046230b p.lw             x6, 4(x12!)          x6=ffffef35 x12=10000438 x12:10000434  PA:10000434
20593978ns          348719 1c008196 2078788b p.lw             x17, x7(x16!)       x17=00000011 x16=100003a4  x7:00000020 x16:10000384  PA:10000384
20594018ns          348721 1c00819a 43130733 p.mac            x14, x6, x17        x14=fff688b3 x14:fff7a62e  x6:ffffef35 x17:00000011
20594038ns          348722 1c008192 0046230b p.lw             x6, 4(x12!)          x6=ffffee5c x12=1000043c x12:10000438  PA:10000438
20594058ns          348723 1c008196 2078788b p.lw             x17, x7(x16!)       x17=00000009 x16=100003c4  x7:00000020 x16:100003a4  PA:100003a4
20594098ns          348725 1c00819a 43130733 p.mac            x14, x6, x17        x14=fff5e9ef x14:fff688b3  x6:ffffee5c x17:00000009
20594118ns          348726 1c008192 0046230b p.lw             x6, 4(x12!)          x6=ffffed83 x12=10000440 x12:1000043c  PA:1000043c
20594137ns          348727 1c008196 2078788b p.lw             x17, x7(x16!)       x17=00000001 x16=100003e4  x7:00000020 x16:100003c4  PA:100003c4
20594177ns          348729 1c00819a 43130733 p.mac            x14, x6, x17        x14=fff5d772 x14:fff5e9ef  x6:ffffed83 x17:00000001
20594197ns          348730 1c008192 0046230b p.lw             x6, 4(x12!)          x6=ffffecaa x12=10000444 x12:10000440  PA:10000440
20594217ns          348731 1c008196 2078788b p.lw             x17, x7(x16!)       x17=fffffff9 x16=10000404  x7:00000020 x16:100003e4  PA:100003e4
20594257ns          348733 1c00819a 43130733 p.mac            x14, x6, x17        x14=fff65ecc x14:fff5d772  x6:ffffecaa x17:fffffff9
20594277ns          348734 1c00819e 00ef222b p.sw             x14, 4(x30!)        x30=10000c28 x14:fff65ecc x30:10000c24  PA:10000c24
20594297ns          348735 1c0081a2 004e8e93 addi             x29, x29, 4         x29=10000308 x29:10000304
20594336ns          348737 1c00817e 40af87b3 sub              x15, x31, x10       x15=00000020 x31:10000444 x10:10000424
20594356ns          348738 1c008182 ffc78793 addi             x15, x15, -4        x15=0000001c x15:00000020
20594376ns          348739 1c008184 0027d793 srli             x15, x15, 0x2       x15=00000007 x15:0000001c
20594396ns          348740 1c008186 01d00833 add              x16, x0, x29        x16=10000308 x29:10000308
20594416ns          348741 1c008188 00a00633 add              x12, x0, x10        x12=10000424 x10:10000424
20594436ns          348742 1c00818a 00000713 addi             x14, x0, 0          x14=00000000
20594456ns          348743 1c00818c 00178793 addi             x15, x15, 1         x15=00000008 x15:00000007
20594476ns          348744 1c00818e 0067c0fb lp.setup         0x1, x15, 0x6       x15:00000008
20594495ns          348745 1c008192 0046230b p.lw             x6, 4(x12!)          x6=fffff299 x12=10000428 x12:10000424  PA:10000424
20594535ns          348747 1c008196 2078788b p.lw             x17, x7(x16!)       x17=00000030 x16=10000328  x7:00000020 x16:10000308  PA:10000308
20594575ns          348749 1c00819a 43130733 p.mac            x14, x6, x17        x14=fffd7cb0 x14:00000000  x6:fffff299 x17:00000030
20594595ns          348750 1c008192 0046230b p.lw             x6, 4(x12!)          x6=fffff1c0 x12=1000042c x12:10000428  PA:10000428
20594615ns          348751 1c008196 2078788b p.lw             x17, x7(x16!)       x17=00000028 x16=10000348  x7:00000020 x16:10000328  PA:10000328
20594655ns          348753 1c00819a 43130733 p.mac            x14, x6, x17        x14=fffb42b0 x14:fffd7cb0  x6:fffff1c0 x17:00000028
20594674ns          348754 1c008192 0046230b p.lw             x6, 4(x12!)          x6=fffff0e7 x12=10000430 x12:1000042c  PA:1000042c
20594694ns          348755 1c008196 2078788b p.lw             x17, x7(x16!)       x17=00000020 x16=10000368  x7:00000020 x16:10000348  PA:10000348
20594734ns          348757 1c00819a 43130733 p.mac            x14, x6, x17        x14=fff95f90 x14:fffb42b0  x6:fffff0e7 x17:00000020
20594754ns          348758 1c008192 0046230b p.lw             x6, 4(x12!)          x6=fffff00e x12=10000434 x12:10000430  PA:10000430
20594774ns          348759 1c008196 2078788b p.lw             x17, x7(x16!)       x17=00000018 x16=10000388  x7:00000020 x16:10000368  PA:10000368
20594814ns          348761 1c00819a 43130733 p.mac            x14, x6, x17        x14=fff7e0e0 x14:fff95f90  x6:fffff00e x17:00000018
20594834ns          348762 1c008192 0046230b p.lw             x6, 4(x12!)          x6=ffffef35 x12=10000438 x12:10000434  PA:10000434
20594853ns          348763 1c008196 2078788b p.lw             x17, x7(x16!)       x17=00000010 x16=100003a8  x7:00000020 x16:10000388  PA:10000388
20594893ns          348765 1c00819a 43130733 p.mac            x14, x6, x17        x14=fff6d430 x14:fff7e0e0  x6:ffffef35 x17:00000010
20594913ns          348766 1c008192 0046230b p.lw             x6, 4(x12!)          x6=ffffee5c x12=1000043c x12:10000438  PA:10000438
20594933ns          348767 1c008196 2078788b p.lw             x17, x7(x16!)       x17=00000008 x16=100003c8  x7:00000020 x16:100003a8  PA:100003a8
20594973ns          348769 1c00819a 43130733 p.mac            x14, x6, x17        x14=fff64710 x14:fff6d430  x6:ffffee5c x17:00000008
20594993ns          348770 1c008192 0046230b p.lw             x6, 4(x12!)          x6=ffffed83 x12=10000440 x12:1000043c  PA:1000043c
20595013ns          348771 1c008196 2078788b p.lw             x17, x7(x16!)       x17=00000000 x16=100003e8  x7:00000020 x16:100003c8  PA:100003c8
20595052ns          348773 1c00819a 43130733 p.mac            x14, x6, x17        x14=fff64710 x14:fff64710  x6:ffffed83 x17:00000000
20595072ns          348774 1c008192 0046230b p.lw             x6, 4(x12!)          x6=ffffecaa x12=10000444 x12:10000440  PA:10000440
20595092ns          348775 1c008196 2078788b p.lw             x17, x7(x16!)       x17=fffffff8 x16=10000408  x7:00000020 x16:100003e8  PA:100003e8
20595132ns          348777 1c00819a 43130733 p.mac            x14, x6, x17        x14=fff6e1c0 x14:fff64710  x6:ffffecaa x17:fffffff8
20595152ns          348778 1c00819e 00ef222b p.sw             x14, 4(x30!)        x30=10000c2c x14:fff6e1c0 x30:10000c28  PA:10000c28
20595172ns          348779 1c0081a2 004e8e93 addi             x29, x29, 4         x29=1000030c x29:10000308
20595211ns          348781 1c00817e 40af87b3 sub              x15, x31, x10       x15=00000020 x31:10000444 x10:10000424
20595231ns          348782 1c008182 ffc78793 addi             x15, x15, -4        x15=0000001c x15:00000020
20595251ns          348783 1c008184 0027d793 srli             x15, x15, 0x2       x15=00000007 x15:0000001c
20595271ns          348784 1c008186 01d00833 add              x16, x0, x29        x16=1000030c x29:1000030c
20595291ns          348785 1c008188 00a00633 add              x12, x0, x10        x12=10000424 x10:10000424
20595311ns          348786 1c00818a 00000713 addi             x14, x0, 0          x14=00000000
20595331ns          348787 1c00818c 00178793 addi             x15, x15, 1         x15=00000008 x15:00000007
20595351ns          348788 1c00818e 0067c0fb lp.setup         0x1, x15, 0x6       x15:00000008
20595371ns          348789 1c008192 0046230b p.lw             x6, 4(x12!)          x6=fffff299 x12=10000428 x12:10000424  PA:10000424
20595391ns          348790 1c008196 2078788b p.lw             x17, x7(x16!)       x17=0000002f x16=1000032c  x7:00000020 x16:1000030c  PA:1000030c
20595430ns          348792 1c00819a 43130733 p.mac            x14, x6, x17        x14=fffd8a17 x14:00000000  x6:fffff299 x17:0000002f
20595450ns          348793 1c008192 0046230b p.lw             x6, 4(x12!)          x6=fffff1c0 x12=1000042c x12:10000428  PA:10000428
20595470ns          348794 1c008196 2078788b p.lw             x17, x7(x16!)       x17=00000027 x16=1000034c  x7:00000020 x16:1000032c  PA:1000032c
20595510ns          348796 1c00819a 43130733 p.mac            x14, x6, x17        x14=fffb5e57 x14:fffd8a17  x6:fffff1c0 x17:00000027
20595530ns          348797 1c008192 0046230b p.lw             x6, 4(x12!)          x6=fffff0e7 x12=10000430 x12:1000042c  PA:1000042c
20595550ns          348798 1c008196 2078788b p.lw             x17, x7(x16!)       x17=0000001f x16=1000036c  x7:00000020 x16:1000034c  PA:1000034c
20595589ns          348800 1c00819a 43130733 p.mac            x14, x6, x17        x14=fff98a50 x14:fffb5e57  x6:fffff0e7 x17:0000001f
20595609ns          348801 1c008192 0046230b p.lw             x6, 4(x12!)          x6=fffff00e x12=10000434 x12:10000430  PA:10000430
20595629ns          348802 1c008196 2078788b p.lw             x17, x7(x16!)       x17=00000017 x16=1000038c  x7:00000020 x16:1000036c  PA:1000036c
20595669ns          348804 1c00819a 43130733 p.mac            x14, x6, x17        x14=fff81b92 x14:fff98a50  x6:fffff00e x17:00000017
20595689ns          348805 1c008192 0046230b p.lw             x6, 4(x12!)          x6=ffffef35 x12=10000438 x12:10000434  PA:10000434
20595709ns          348806 1c008196 2078788b p.lw             x17, x7(x16!)       x17=0000000f x16=100003ac  x7:00000020 x16:1000038c  PA:1000038c
20595749ns          348808 1c00819a 43130733 p.mac            x14, x6, x17        x14=fff71fad x14:fff81b92  x6:ffffef35 x17:0000000f
20595768ns          348809 1c008192 0046230b p.lw             x6, 4(x12!)          x6=ffffee5c x12=1000043c x12:10000438  PA:10000438
20595788ns          348810 1c008196 2078788b p.lw             x17, x7(x16!)       x17=00000007 x16=100003cc  x7:00000020 x16:100003ac  PA:100003ac
20595848ns          348813 1c00819a 43130733 p.mac            x14, x6, x17        x14=fff6a431 x14:fff71fad  x6:ffffee5c x17:00000007
20595868ns          348814 1c008192 0046230b p.lw             x6, 4(x12!)          x6=ffffed83 x12=10000440 x12:1000043c  PA:1000043c
20595888ns          348815 1c008196 2078788b p.lw             x17, x7(x16!)       x17=ffffffff x16=100003ec  x7:00000020 x16:100003cc  PA:100003cc
20595928ns          348817 1c00819a 43130733 p.mac            x14, x6, x17        x14=fff6b6ae x14:fff6a431  x6:ffffed83 x17:ffffffff
20595947ns          348818 1c008192 0046230b p.lw             x6, 4(x12!)          x6=ffffecaa x12=10000444 x12:10000440  PA:10000440
20595967ns          348819 1c008196 2078788b p.lw             x17, x7(x16!)       x17=fffffff7 x16=1000040c  x7:00000020 x16:100003ec  PA:100003ec
20596007ns          348821 1c00819a 43130733 p.mac            x14, x6, x17        x14=fff764b4 x14:fff6b6ae  x6:ffffecaa x17:fffffff7
20596027ns          348822 1c00819e 00ef222b p.sw             x14, 4(x30!)        x30=10000c30 x14:fff764b4 x30:10000c2c  PA:10000c2c
20596047ns          348823 1c0081a2 004e8e93 addi             x29, x29, 4         x29=10000310 x29:1000030c
20596087ns          348825 1c00817e 40af87b3 sub              x15, x31, x10       x15=00000020 x31:10000444 x10:10000424
20596107ns          348826 1c008182 ffc78793 addi             x15, x15, -4        x15=0000001c x15:00000020
20596126ns          348827 1c008184 0027d793 srli             x15, x15, 0x2       x15=00000007 x15:0000001c
20596146ns          348828 1c008186 01d00833 add              x16, x0, x29        x16=10000310 x29:10000310
20596166ns          348829 1c008188 00a00633 add              x12, x0, x10        x12=10000424 x10:10000424
20596186ns          348830 1c00818a 00000713 addi             x14, x0, 0          x14=00000000
20596206ns          348831 1c00818c 00178793 addi             x15, x15, 1         x15=00000008 x15:00000007
20596226ns          348832 1c00818e 0067c0fb lp.setup         0x1, x15, 0x6       x15:00000008
20596246ns          348833 1c008192 0046230b p.lw             x6, 4(x12!)          x6=fffff299 x12=10000428 x12:10000424  PA:10000424
20596266ns          348834 1c008196 2078788b p.lw             x17, x7(x16!)       x17=0000002e x16=10000330  x7:00000020 x16:10000310  PA:10000310
20596305ns          348836 1c00819a 43130733 p.mac            x14, x6, x17        x14=fffd977e x14:00000000  x6:fffff299 x17:0000002e
20596325ns          348837 1c008192 0046230b p.lw             x6, 4(x12!)          x6=fffff1c0 x12=1000042c x12:10000428  PA:10000428
20596345ns          348838 1c008196 2078788b p.lw             x17, x7(x16!)       x17=00000026 x16=10000350  x7:00000020 x16:10000330  PA:10000330
20596385ns          348840 1c00819a 43130733 p.mac            x14, x6, x17        x14=fffb79fe x14:fffd977e  x6:fffff1c0 x17:00000026
20596405ns          348841 1c008192 0046230b p.lw             x6, 4(x12!)          x6=fffff0e7 x12=10000430 x12:1000042c  PA:1000042c
20596425ns          348842 1c008196 2078788b p.lw             x17, x7(x16!)       x17=0000001e x16=10000370  x7:00000020 x16:10000350  PA:10000350
20596465ns          348844 1c00819a 43130733 p.mac            x14, x6, x17        x14=fff9b510 x14:fffb79fe  x6:fffff0e7 x17:0000001e
20596485ns          348845 1c008192 0046230b p.lw             x6, 4(x12!)          x6=fffff00e x12=10000434 x12:10000430  PA:10000430
20596504ns          348846 1c008196 2078788b p.lw             x17, x7(x16!)       x17=00000016 x16=10000390  x7:00000020 x16:10000370  PA:10000370
20596544ns          348848 1c00819a 43130733 p.mac            x14, x6, x17        x14=fff85644 x14:fff9b510  x6:fffff00e x17:00000016
20596564ns          348849 1c008192 0046230b p.lw             x6, 4(x12!)          x6=ffffef35 x12=10000438 x12:10000434  PA:10000434
20596584ns          348850 1c008196 2078788b p.lw             x17, x7(x16!)       x17=0000000e x16=100003b0  x7:00000020 x16:10000390  PA:10000390
20596624ns          348852 1c00819a 43130733 p.mac            x14, x6, x17        x14=fff76b2a x14:fff85644  x6:ffffef35 x17:0000000e
20596644ns          348853 1c008192 0046230b p.lw             x6, 4(x12!)          x6=ffffee5c x12=1000043c x12:10000438  PA:10000438
20596664ns          348854 1c008196 2078788b p.lw             x17, x7(x16!)       x17=00000006 x16=100003d0  x7:00000020 x16:100003b0  PA:100003b0
20596703ns          348856 1c00819a 43130733 p.mac            x14, x6, x17        x14=fff70152 x14:fff76b2a  x6:ffffee5c x17:00000006
20596723ns          348857 1c008192 0046230b p.lw             x6, 4(x12!)          x6=ffffed83 x12=10000440 x12:1000043c  PA:1000043c
20596743ns          348858 1c008196 2078788b p.lw             x17, x7(x16!)       x17=fffffffe x16=100003f0  x7:00000020 x16:100003d0  PA:100003d0
20596783ns          348860 1c00819a 43130733 p.mac            x14, x6, x17        x14=fff7264c x14:fff70152  x6:ffffed83 x17:fffffffe
20596803ns          348861 1c008192 0046230b p.lw             x6, 4(x12!)          x6=ffffecaa x12=10000444 x12:10000440  PA:10000440
20596823ns          348862 1c008196 2078788b p.lw             x17, x7(x16!)       x17=fffffff6 x16=10000410  x7:00000020 x16:100003f0  PA:100003f0
20596862ns          348864 1c00819a 43130733 p.mac            x14, x6, x17        x14=fff7e7a8 x14:fff7264c  x6:ffffecaa x17:fffffff6
20596882ns          348865 1c00819e 00ef222b p.sw             x14, 4(x30!)        x30=10000c34 x14:fff7e7a8 x30:10000c30  PA:10000c30
20596902ns          348866 1c0081a2 004e8e93 addi             x29, x29, 4         x29=10000314 x29:10000310
20596942ns          348868 1c00817e 40af87b3 sub              x15, x31, x10       x15=00000020 x31:10000444 x10:10000424
20596962ns          348869 1c008182 ffc78793 addi             x15, x15, -4        x15=0000001c x15:00000020
20596982ns          348870 1c008184 0027d793 srli             x15, x15, 0x2       x15=00000007 x15:0000001c
20597002ns          348871 1c008186 01d00833 add              x16, x0, x29        x16=10000314 x29:10000314
20597022ns          348872 1c008188 00a00633 add              x12, x0, x10        x12=10000424 x10:10000424
20597041ns          348873 1c00818a 00000713 addi             x14, x0, 0          x14=00000000
20597061ns          348874 1c00818c 00178793 addi             x15, x15, 1         x15=00000008 x15:00000007
20597081ns          348875 1c00818e 0067c0fb lp.setup         0x1, x15, 0x6       x15:00000008
20597101ns          348876 1c008192 0046230b p.lw             x6, 4(x12!)          x6=fffff299 x12=10000428 x12:10000424  PA:10000424
20597141ns          348878 1c008196 2078788b p.lw             x17, x7(x16!)       x17=0000002d x16=10000334  x7:00000020 x16:10000314  PA:10000314
20597181ns          348880 1c00819a 43130733 p.mac            x14, x6, x17        x14=fffda4e5 x14:00000000  x6:fffff299 x17:0000002d
20597201ns          348881 1c008192 0046230b p.lw             x6, 4(x12!)          x6=fffff1c0 x12=1000042c x12:10000428  PA:10000428
20597220ns          348882 1c008196 2078788b p.lw             x17, x7(x16!)       x17=00000025 x16=10000354  x7:00000020 x16:10000334  PA:10000334
20597260ns          348884 1c00819a 43130733 p.mac            x14, x6, x17        x14=fffb95a5 x14:fffda4e5  x6:fffff1c0 x17:00000025
20597280ns          348885 1c008192 0046230b p.lw             x6, 4(x12!)          x6=fffff0e7 x12=10000430 x12:1000042c  PA:1000042c
20597300ns          348886 1c008196 2078788b p.lw             x17, x7(x16!)       x17=0000001d x16=10000374  x7:00000020 x16:10000354  PA:10000354
20597340ns          348888 1c00819a 43130733 p.mac            x14, x6, x17        x14=fff9dfd0 x14:fffb95a5  x6:fffff0e7 x17:0000001d
20597360ns          348889 1c008192 0046230b p.lw             x6, 4(x12!)          x6=fffff00e x12=10000434 x12:10000430  PA:10000430
20597380ns          348890 1c008196 2078788b p.lw             x17, x7(x16!)       x17=00000015 x16=10000394  x7:00000020 x16:10000374  PA:10000374
20597419ns          348892 1c00819a 43130733 p.mac            x14, x6, x17        x14=fff890f6 x14:fff9dfd0  x6:fffff00e x17:00000015
20597439ns          348893 1c008192 0046230b p.lw             x6, 4(x12!)          x6=ffffef35 x12=10000438 x12:10000434  PA:10000434
20597459ns          348894 1c008196 2078788b p.lw             x17, x7(x16!)       x17=0000000d x16=100003b4  x7:00000020 x16:10000394  PA:10000394
20597499ns          348896 1c00819a 43130733 p.mac            x14, x6, x17        x14=fff7b6a7 x14:fff890f6  x6:ffffef35 x17:0000000d
20597519ns          348897 1c008192 0046230b p.lw             x6, 4(x12!)          x6=ffffee5c x12=1000043c x12:10000438  PA:10000438
20597539ns          348898 1c008196 2078788b p.lw             x17, x7(x16!)       x17=00000005 x16=100003d4  x7:00000020 x16:100003b4  PA:100003b4
20597578ns          348900 1c00819a 43130733 p.mac            x14, x6, x17        x14=fff75e73 x14:fff7b6a7  x6:ffffee5c x17:00000005
20597598ns          348901 1c008192 0046230b p.lw             x6, 4(x12!)          x6=ffffed83 x12=10000440 x12:1000043c  PA:1000043c
20597618ns          348902 1c008196 2078788b p.lw             x17, x7(x16!)       x17=fffffffd x16=100003f4  x7:00000020 x16:100003d4  PA:100003d4
20597658ns          348904 1c00819a 43130733 p.mac            x14, x6, x17        x14=fff795ea x14:fff75e73  x6:ffffed83 x17:fffffffd
20597678ns          348905 1c008192 0046230b p.lw             x6, 4(x12!)          x6=ffffecaa x12=10000444 x12:10000440  PA:10000440
20597698ns          348906 1c008196 2078788b p.lw             x17, x7(x16!)       x17=fffffff5 x16=10000414  x7:00000020 x16:100003f4  PA:100003f4
20597738ns          348908 1c00819a 43130733 p.mac            x14, x6, x17        x14=fff86a9c x14:fff795ea  x6:ffffecaa x17:fffffff5
20597758ns          348909 1c00819e 00ef222b p.sw             x14, 4(x30!)        x30=10000c38 x14:fff86a9c x30:10000c34  PA:10000c34
20597777ns          348910 1c0081a2 004e8e93 addi             x29, x29, 4         x29=10000318 x29:10000314
20597817ns          348912 1c00817e 40af87b3 sub              x15, x31, x10       x15=00000020 x31:10000444 x10:10000424
20597837ns          348913 1c008182 ffc78793 addi             x15, x15, -4        x15=0000001c x15:00000020
20597857ns          348914 1c008184 0027d793 srli             x15, x15, 0x2       x15=00000007 x15:0000001c
20597877ns          348915 1c008186 01d00833 add              x16, x0, x29        x16=10000318 x29:10000318
20597897ns          348916 1c008188 00a00633 add              x12, x0, x10        x12=10000424 x10:10000424
20597917ns          348917 1c00818a 00000713 addi             x14, x0, 0          x14=00000000
20597937ns          348918 1c00818c 00178793 addi             x15, x15, 1         x15=00000008 x15:00000007
20597956ns          348919 1c00818e 0067c0fb lp.setup         0x1, x15, 0x6       x15:00000008
20597976ns          348920 1c008192 0046230b p.lw             x6, 4(x12!)          x6=fffff299 x12=10000428 x12:10000424  PA:10000424
20597996ns          348921 1c008196 2078788b p.lw             x17, x7(x16!)       x17=0000002c x16=10000338  x7:00000020 x16:10000318  PA:10000318
20598036ns          348923 1c00819a 43130733 p.mac            x14, x6, x17        x14=fffdb24c x14:00000000  x6:fffff299 x17:0000002c
20598056ns          348924 1c008192 0046230b p.lw             x6, 4(x12!)          x6=fffff1c0 x12=1000042c x12:10000428  PA:10000428
20598076ns          348925 1c008196 2078788b p.lw             x17, x7(x16!)       x17=00000024 x16=10000358  x7:00000020 x16:10000338  PA:10000338
20598116ns          348927 1c00819a 43130733 p.mac            x14, x6, x17        x14=fffbb14c x14:fffdb24c  x6:fffff1c0 x17:00000024
20598135ns          348928 1c008192 0046230b p.lw             x6, 4(x12!)          x6=fffff0e7 x12=10000430 x12:1000042c  PA:1000042c
20598155ns          348929 1c008196 2078788b p.lw             x17, x7(x16!)       x17=0000001c x16=10000378  x7:00000020 x16:10000358  PA:10000358
20598195ns          348931 1c00819a 43130733 p.mac            x14, x6, x17        x14=fffa0a90 x14:fffbb14c  x6:fffff0e7 x17:0000001c
20598215ns          348932 1c008192 0046230b p.lw             x6, 4(x12!)          x6=fffff00e x12=10000434 x12:10000430  PA:10000430
20598235ns          348933 1c008196 2078788b p.lw             x17, x7(x16!)       x17=00000014 x16=10000398  x7:00000020 x16:10000378  PA:10000378
20598275ns          348935 1c00819a 43130733 p.mac            x14, x6, x17        x14=fff8cba8 x14:fffa0a90  x6:fffff00e x17:00000014
20598295ns          348936 1c008192 0046230b p.lw             x6, 4(x12!)          x6=ffffef35 x12=10000438 x12:10000434  PA:10000434
20598314ns          348937 1c008196 2078788b p.lw             x17, x7(x16!)       x17=0000000c x16=100003b8  x7:00000020 x16:10000398  PA:10000398
20598354ns          348939 1c00819a 43130733 p.mac            x14, x6, x17        x14=fff80224 x14:fff8cba8  x6:ffffef35 x17:0000000c
20598374ns          348940 1c008192 0046230b p.lw             x6, 4(x12!)          x6=ffffee5c x12=1000043c x12:10000438  PA:10000438
20598394ns          348941 1c008196 2078788b p.lw             x17, x7(x16!)       x17=00000004 x16=100003d8  x7:00000020 x16:100003b8  PA:100003b8
20598434ns          348943 1c00819a 43130733 p.mac            x14, x6, x17        x14=fff7bb94 x14:fff80224  x6:ffffee5c x17:00000004
20598454ns          348944 1c008192 0046230b p.lw             x6, 4(x12!)          x6=ffffed83 x12=10000440 x12:1000043c  PA:1000043c
20598474ns          348945 1c008196 2078788b p.lw             x17, x7(x16!)       x17=fffffffc x16=100003f8  x7:00000020 x16:100003d8  PA:100003d8
20598513ns          348947 1c00819a 43130733 p.mac            x14, x6, x17        x14=fff80588 x14:fff7bb94  x6:ffffed83 x17:fffffffc
20598533ns          348948 1c008192 0046230b p.lw             x6, 4(x12!)          x6=ffffecaa x12=10000444 x12:10000440  PA:10000440
20598553ns          348949 1c008196 2078788b p.lw             x17, x7(x16!)       x17=fffffff4 x16=10000418  x7:00000020 x16:100003f8  PA:100003f8
20598593ns          348951 1c00819a 43130733 p.mac            x14, x6, x17        x14=fff8ed90 x14:fff80588  x6:ffffecaa x17:fffffff4
20598613ns          348952 1c00819e 00ef222b p.sw             x14, 4(x30!)        x30=10000c3c x14:fff8ed90 x30:10000c38  PA:10000c38
20598633ns          348953 1c0081a2 004e8e93 addi             x29, x29, 4         x29=1000031c x29:10000318
20598672ns          348955 1c00817e 40af87b3 sub              x15, x31, x10       x15=00000020 x31:10000444 x10:10000424
20598692ns          348956 1c008182 ffc78793 addi             x15, x15, -4        x15=0000001c x15:00000020
20598712ns          348957 1c008184 0027d793 srli             x15, x15, 0x2       x15=00000007 x15:0000001c
20598732ns          348958 1c008186 01d00833 add              x16, x0, x29        x16=1000031c x29:1000031c
20598752ns          348959 1c008188 00a00633 add              x12, x0, x10        x12=10000424 x10:10000424
20598772ns          348960 1c00818a 00000713 addi             x14, x0, 0          x14=00000000
20598792ns          348961 1c00818c 00178793 addi             x15, x15, 1         x15=00000008 x15:00000007
20598812ns          348962 1c00818e 0067c0fb lp.setup         0x1, x15, 0x6       x15:00000008
20598832ns          348963 1c008192 0046230b p.lw             x6, 4(x12!)          x6=fffff299 x12=10000428 x12:10000424  PA:10000424
20598852ns          348964 1c008196 2078788b p.lw             x17, x7(x16!)       x17=0000002b x16=1000033c  x7:00000020 x16:1000031c  PA:1000031c
20598891ns          348966 1c00819a 43130733 p.mac            x14, x6, x17        x14=fffdbfb3 x14:00000000  x6:fffff299 x17:0000002b
20598911ns          348967 1c008192 0046230b p.lw             x6, 4(x12!)          x6=fffff1c0 x12=1000042c x12:10000428  PA:10000428
20598931ns          348968 1c008196 2078788b p.lw             x17, x7(x16!)       x17=00000023 x16=1000035c  x7:00000020 x16:1000033c  PA:1000033c
20598971ns          348970 1c00819a 43130733 p.mac            x14, x6, x17        x14=fffbccf3 x14:fffdbfb3  x6:fffff1c0 x17:00000023
20598991ns          348971 1c008192 0046230b p.lw             x6, 4(x12!)          x6=fffff0e7 x12=10000430 x12:1000042c  PA:1000042c
20599011ns          348972 1c008196 2078788b p.lw             x17, x7(x16!)       x17=0000001b x16=1000037c  x7:00000020 x16:1000035c  PA:1000035c
20599050ns          348974 1c00819a 43130733 p.mac            x14, x6, x17        x14=fffa3550 x14:fffbccf3  x6:fffff0e7 x17:0000001b
20599070ns          348975 1c008192 0046230b p.lw             x6, 4(x12!)          x6=fffff00e x12=10000434 x12:10000430  PA:10000430
20599090ns          348976 1c008196 2078788b p.lw             x17, x7(x16!)       x17=00000013 x16=1000039c  x7:00000020 x16:1000037c  PA:1000037c
20599130ns          348978 1c00819a 43130733 p.mac            x14, x6, x17        x14=fff9065a x14:fffa3550  x6:fffff00e x17:00000013
20599150ns          348979 1c008192 0046230b p.lw             x6, 4(x12!)          x6=ffffef35 x12=10000438 x12:10000434  PA:10000434
20599170ns          348980 1c008196 2078788b p.lw             x17, x7(x16!)       x17=0000000b x16=100003bc  x7:00000020 x16:1000039c  PA:1000039c
20599210ns          348982 1c00819a 43130733 p.mac            x14, x6, x17        x14=fff84da1 x14:fff9065a  x6:ffffef35 x17:0000000b
20599229ns          348983 1c008192 0046230b p.lw             x6, 4(x12!)          x6=ffffee5c x12=1000043c x12:10000438  PA:10000438
20599249ns          348984 1c008196 2078788b p.lw             x17, x7(x16!)       x17=00000003 x16=100003dc  x7:00000020 x16:100003bc  PA:100003bc
20599289ns          348986 1c00819a 43130733 p.mac            x14, x6, x17        x14=fff818b5 x14:fff84da1  x6:ffffee5c x17:00000003
20599309ns          348987 1c008192 0046230b p.lw             x6, 4(x12!)          x6=ffffed83 x12=10000440 x12:1000043c  PA:1000043c
20599329ns          348988 1c008196 2078788b p.lw             x17, x7(x16!)       x17=fffffffb x16=100003fc  x7:00000020 x16:100003dc  PA:100003dc
20599369ns          348990 1c00819a 43130733 p.mac            x14, x6, x17        x14=fff87526 x14:fff818b5  x6:ffffed83 x17:fffffffb
20599389ns          348991 1c008192 0046230b p.lw             x6, 4(x12!)          x6=ffffecaa x12=10000444 x12:10000440  PA:10000440
20599408ns          348992 1c008196 2078788b p.lw             x17, x7(x16!)       x17=fffffff3 x16=1000041c  x7:00000020 x16:100003fc  PA:100003fc
20599448ns          348994 1c00819a 43130733 p.mac            x14, x6, x17        x14=fff97084 x14:fff87526  x6:ffffecaa x17:fffffff3
20599468ns          348995 1c00819e 00ef222b p.sw             x14, 4(x30!)        x30=10000c40 x14:fff97084 x30:10000c3c  PA:10000c3c
20599488ns          348996 1c0081a2 004e8e93 addi             x29, x29, 4         x29=10000320 x29:1000031c
20599528ns          348998 1c00817e 40af87b3 sub              x15, x31, x10       x15=00000020 x31:10000444 x10:10000424
20599548ns          348999 1c008182 ffc78793 addi             x15, x15, -4        x15=0000001c x15:00000020
20599568ns          349000 1c008184 0027d793 srli             x15, x15, 0x2       x15=00000007 x15:0000001c
20599587ns          349001 1c008186 01d00833 add              x16, x0, x29        x16=10000320 x29:10000320
20599607ns          349002 1c008188 00a00633 add              x12, x0, x10        x12=10000424 x10:10000424
20599627ns          349003 1c00818a 00000713 addi             x14, x0, 0          x14=00000000
20599647ns          349004 1c00818c 00178793 addi             x15, x15, 1         x15=00000008 x15:00000007
20599667ns          349005 1c00818e 0067c0fb lp.setup         0x1, x15, 0x6       x15:00000008
20599687ns          349006 1c008192 0046230b p.lw             x6, 4(x12!)          x6=fffff299 x12=10000428 x12:10000424  PA:10000424
20599707ns          349007 1c008196 2078788b p.lw             x17, x7(x16!)       x17=0000002a x16=10000340  x7:00000020 x16:10000320  PA:10000320
20599747ns          349009 1c00819a 43130733 p.mac            x14, x6, x17        x14=fffdcd1a x14:00000000  x6:fffff299 x17:0000002a
20599766ns          349010 1c008192 0046230b p.lw             x6, 4(x12!)          x6=fffff1c0 x12=1000042c x12:10000428  PA:10000428
20599786ns          349011 1c008196 2078788b p.lw             x17, x7(x16!)       x17=00000022 x16=10000360  x7:00000020 x16:10000340  PA:10000340
20599826ns          349013 1c00819a 43130733 p.mac            x14, x6, x17        x14=fffbe89a x14:fffdcd1a  x6:fffff1c0 x17:00000022
20599846ns          349014 1c008192 0046230b p.lw             x6, 4(x12!)          x6=fffff0e7 x12=10000430 x12:1000042c  PA:1000042c
20599866ns          349015 1c008196 2078788b p.lw             x17, x7(x16!)       x17=0000001a x16=10000380  x7:00000020 x16:10000360  PA:10000360
20599906ns          349017 1c00819a 43130733 p.mac            x14, x6, x17        x14=fffa6010 x14:fffbe89a  x6:fffff0e7 x17:0000001a
20599926ns          349018 1c008192 0046230b p.lw             x6, 4(x12!)          x6=fffff00e x12=10000434 x12:10000430  PA:10000430
20599945ns          349019 1c008196 2078788b p.lw             x17, x7(x16!)       x17=00000012 x16=100003a0  x7:00000020 x16:10000380  PA:10000380
20599985ns          349021 1c00819a 43130733 p.mac            x14, x6, x17        x14=fff9410c x14:fffa6010  x6:fffff00e x17:00000012
20600005ns          349022 1c008192 0046230b p.lw             x6, 4(x12!)          x6=ffffef35 x12=10000438 x12:10000434  PA:10000434
20600025ns          349023 1c008196 2078788b p.lw             x17, x7(x16!)       x17=0000000a x16=100003c0  x7:00000020 x16:100003a0  PA:100003a0
20600065ns          349025 1c00819a 43130733 p.mac            x14, x6, x17        x14=fff8991e x14:fff9410c  x6:ffffef35 x17:0000000a
20600085ns          349026 1c008192 0046230b p.lw             x6, 4(x12!)          x6=ffffee5c x12=1000043c x12:10000438  PA:10000438
20600105ns          349027 1c008196 2078788b p.lw             x17, x7(x16!)       x17=00000002 x16=100003e0  x7:00000020 x16:100003c0  PA:100003c0
20600144ns          349029 1c00819a 43130733 p.mac            x14, x6, x17        x14=fff875d6 x14:fff8991e  x6:ffffee5c x17:00000002
20600164ns          349030 1c008192 0046230b p.lw             x6, 4(x12!)          x6=ffffed83 x12=10000440 x12:1000043c  PA:1000043c
20600184ns          349031 1c008196 2078788b p.lw             x17, x7(x16!)       x17=fffffffa x16=10000400  x7:00000020 x16:100003e0  PA:100003e0
20600224ns          349033 1c00819a 43130733 p.mac            x14, x6, x17        x14=fff8e4c4 x14:fff875d6  x6:ffffed83 x17:fffffffa
20600244ns          349034 1c008192 0046230b p.lw             x6, 4(x12!)          x6=ffffecaa x12=10000444 x12:10000440  PA:10000440
20600264ns          349035 1c008196 2078788b p.lw             x17, x7(x16!)       x17=fffffff2 x16=10000420  x7:00000020 x16:10000400  PA:10000400
20600304ns          349037 1c00819a 43130733 p.mac            x14, x6, x17        x14=fff9f378 x14:fff8e4c4  x6:ffffecaa x17:fffffff2
20600323ns          349038 1c00819e 00ef222b p.sw             x14, 4(x30!)        x30=10000c44 x14:fff9f378 x30:10000c40  PA:10000c40
20600343ns          349039 1c0081a2 004e8e93 addi             x29, x29, 4         x29=10000324 x29:10000320
20600363ns          349040 1c0081a4 00128293 addi             x5, x5, 1            x5=00000002  x5:00000001
20600383ns          349041 1c0081a6 00750533 add              x10, x10, x7        x10=10000444 x10:10000424  x7:00000020
20600403ns          349042 1c0081a8 007f8fb3 add              x31, x31, x7        x31=10000464 x31:10000444  x7:00000020
20600423ns          349043 1c0081aa fa569fe3 bne              x13, x5, -66        x13:00000008  x5:00000002
20600483ns          349046 1c008168 40b48e33 sub              x28, x9, x11        x28=00000020  x9:10000324 x11:10000304
20600502ns          349047 1c00816c ffce0e13 addi             x28, x28, -4        x28=0000001c x28:00000020
20600522ns          349048 1c00816e 002e5e13 srli             x28, x28, 0x2       x28=00000007 x28:0000001c
20600542ns          349049 1c008172 008f8f33 add              x30, x31, x8        x30=10000c44 x31:10000464  x8:000007e0
20600562ns          349050 1c008176 00b00eb3 add              x29, x0, x11        x29=10000304 x11:10000304
20600582ns          349051 1c008178 001e0e13 addi             x28, x28, 1         x28=00000008 x28:00000007
20600602ns          349052 1c00817a 014e407b lp.setup         0x0, x28, 0x14      x28:00000008
20600622ns          349053 1c00817e 40af87b3 sub              x15, x31, x10       x15=00000020 x31:10000464 x10:10000444
20600642ns          349054 1c008182 ffc78793 addi             x15, x15, -4        x15=0000001c x15:00000020
20600662ns          349055 1c008184 0027d793 srli             x15, x15, 0x2       x15=00000007 x15:0000001c
20600681ns          349056 1c008186 01d00833 add              x16, x0, x29        x16=10000304 x29:10000304
20600701ns          349057 1c008188 00a00633 add              x12, x0, x10        x12=10000444 x10:10000444
20600721ns          349058 1c00818a 00000713 addi             x14, x0, 0          x14=00000000
20600741ns          349059 1c00818c 00178793 addi             x15, x15, 1         x15=00000008 x15:00000007
20600761ns          349060 1c00818e 0067c0fb lp.setup         0x1, x15, 0x6       x15:00000008
20600781ns          349061 1c008192 0046230b p.lw             x6, 4(x12!)          x6=fffffc11 x12=10000448 x12:10000444  PA:10000444
20600801ns          349062 1c008196 2078788b p.lw             x17, x7(x16!)       x17=00000031 x16=10000324  x7:00000020 x16:10000304  PA:10000304
20600841ns          349064 1c00819a 43130733 p.mac            x14, x6, x17        x14=ffff3f41 x14:00000000  x6:fffffc11 x17:00000031
20600860ns          349065 1c008192 0046230b p.lw             x6, 4(x12!)          x6=fffffbb8 x12=1000044c x12:10000448  PA:10000448
20600880ns          349066 1c008196 2078788b p.lw             x17, x7(x16!)       x17=00000029 x16=10000344  x7:00000020 x16:10000324  PA:10000324
20600920ns          349068 1c00819a 43130733 p.mac            x14, x6, x17        x14=fffe8fb9 x14:ffff3f41  x6:fffffbb8 x17:00000029
20600940ns          349069 1c008192 0046230b p.lw             x6, 4(x12!)          x6=fffffb5f x12=10000450 x12:1000044c  PA:1000044c
20600960ns          349070 1c008196 2078788b p.lw             x17, x7(x16!)       x17=00000021 x16=10000364  x7:00000020 x16:10000344  PA:10000344
20601020ns          349073 1c00819a 43130733 p.mac            x14, x6, x17        x14=fffdf6f8 x14:fffe8fb9  x6:fffffb5f x17:00000021
20601039ns          349074 1c008192 0046230b p.lw             x6, 4(x12!)          x6=fffffb06 x12=10000454 x12:10000450  PA:10000450
20601059ns          349075 1c008196 2078788b p.lw             x17, x7(x16!)       x17=00000019 x16=10000384  x7:00000020 x16:10000364  PA:10000364
20601099ns          349077 1c00819a 43130733 p.mac            x14, x6, x17        x14=fffd7a8e x14:fffdf6f8  x6:fffffb06 x17:00000019
20601119ns          349078 1c008192 0046230b p.lw             x6, 4(x12!)          x6=fffffaad x12=10000458 x12:10000454  PA:10000454
20601139ns          349079 1c008196 2078788b p.lw             x17, x7(x16!)       x17=00000011 x16=100003a4  x7:00000020 x16:10000384  PA:10000384
20601179ns          349081 1c00819a 43130733 p.mac            x14, x6, x17        x14=fffd200b x14:fffd7a8e  x6:fffffaad x17:00000011
20601199ns          349082 1c008192 0046230b p.lw             x6, 4(x12!)          x6=fffffa54 x12=1000045c x12:10000458  PA:10000458
20601219ns          349083 1c008196 2078788b p.lw             x17, x7(x16!)       x17=00000009 x16=100003c4  x7:00000020 x16:100003a4  PA:100003a4
20601258ns          349085 1c00819a 43130733 p.mac            x14, x6, x17        x14=fffcecff x14:fffd200b  x6:fffffa54 x17:00000009
20601278ns          349086 1c008192 0046230b p.lw             x6, 4(x12!)          x6=fffff9fb x12=10000460 x12:1000045c  PA:1000045c
20601298ns          349087 1c008196 2078788b p.lw             x17, x7(x16!)       x17=00000001 x16=100003e4  x7:00000020 x16:100003c4  PA:100003c4
20601338ns          349089 1c00819a 43130733 p.mac            x14, x6, x17        x14=fffce6fa x14:fffcecff  x6:fffff9fb x17:00000001
20601358ns          349090 1c008192 0046230b p.lw             x6, 4(x12!)          x6=fffff9a2 x12=10000464 x12:10000460  PA:10000460
20601378ns          349091 1c008196 2078788b p.lw             x17, x7(x16!)       x17=fffffff9 x16=10000404  x7:00000020 x16:100003e4  PA:100003e4
20601417ns          349093 1c00819a 43130733 p.mac            x14, x6, x17        x14=fffd138c x14:fffce6fa  x6:fffff9a2 x17:fffffff9
20601437ns          349094 1c00819e 00ef222b p.sw             x14, 4(x30!)        x30=10000c48 x14:fffd138c x30:10000c44  PA:10000c44
20601457ns          349095 1c0081a2 004e8e93 addi             x29, x29, 4         x29=10000308 x29:10000304
20601497ns          349097 1c00817e 40af87b3 sub              x15, x31, x10       x15=00000020 x31:10000464 x10:10000444
20601517ns          349098 1c008182 ffc78793 addi             x15, x15, -4        x15=0000001c x15:00000020
20601537ns          349099 1c008184 0027d793 srli             x15, x15, 0x2       x15=00000007 x15:0000001c
20601557ns          349100 1c008186 01d00833 add              x16, x0, x29        x16=10000308 x29:10000308
20601577ns          349101 1c008188 00a00633 add              x12, x0, x10        x12=10000444 x10:10000444
20601596ns          349102 1c00818a 00000713 addi             x14, x0, 0          x14=00000000
20601616ns          349103 1c00818c 00178793 addi             x15, x15, 1         x15=00000008 x15:00000007
20601636ns          349104 1c00818e 0067c0fb lp.setup         0x1, x15, 0x6       x15:00000008
20601656ns          349105 1c008192 0046230b p.lw             x6, 4(x12!)          x6=fffffc11 x12=10000448 x12:10000444  PA:10000444
20601676ns          349106 1c008196 2078788b p.lw             x17, x7(x16!)       x17=00000030 x16=10000328  x7:00000020 x16:10000308  PA:10000308
20601716ns          349108 1c00819a 43130733 p.mac            x14, x6, x17        x14=ffff4330 x14:00000000  x6:fffffc11 x17:00000030
20601736ns          349109 1c008192 0046230b p.lw             x6, 4(x12!)          x6=fffffbb8 x12=1000044c x12:10000448  PA:10000448
20601756ns          349110 1c008196 2078788b p.lw             x17, x7(x16!)       x17=00000028 x16=10000348  x7:00000020 x16:10000328  PA:10000328
20601795ns          349112 1c00819a 43130733 p.mac            x14, x6, x17        x14=fffe97f0 x14:ffff4330  x6:fffffbb8 x17:00000028
20601815ns          349113 1c008192 0046230b p.lw             x6, 4(x12!)          x6=fffffb5f x12=10000450 x12:1000044c  PA:1000044c
20601835ns          349114 1c008196 2078788b p.lw             x17, x7(x16!)       x17=00000020 x16=10000368  x7:00000020 x16:10000348  PA:10000348
20601875ns          349116 1c00819a 43130733 p.mac            x14, x6, x17        x14=fffe03d0 x14:fffe97f0  x6:fffffb5f x17:00000020
20601895ns          349117 1c008192 0046230b p.lw             x6, 4(x12!)          x6=fffffb06 x12=10000454 x12:10000450  PA:10000450
20601915ns          349118 1c008196 2078788b p.lw             x17, x7(x16!)       x17=00000018 x16=10000388  x7:00000020 x16:10000368  PA:10000368
20601954ns          349120 1c00819a 43130733 p.mac            x14, x6, x17        x14=fffd8c60 x14:fffe03d0  x6:fffffb06 x17:00000018
20601974ns          349121 1c008192 0046230b p.lw             x6, 4(x12!)          x6=fffffaad x12=10000458 x12:10000454  PA:10000454
20601994ns          349122 1c008196 2078788b p.lw             x17, x7(x16!)       x17=00000010 x16=100003a8  x7:00000020 x16:10000388  PA:10000388
20602054ns          349125 1c00819a 43130733 p.mac            x14, x6, x17        x14=fffd3730 x14:fffd8c60  x6:fffffaad x17:00000010
20602074ns          349126 1c008192 0046230b p.lw             x6, 4(x12!)          x6=fffffa54 x12=1000045c x12:10000458  PA:10000458
20602094ns          349127 1c008196 2078788b p.lw             x17, x7(x16!)       x17=00000008 x16=100003c8  x7:00000020 x16:100003a8  PA:100003a8
20602133ns          349129 1c00819a 43130733 p.mac            x14, x6, x17        x14=fffd09d0 x14:fffd3730  x6:fffffa54 x17:00000008
20602153ns          349130 1c008192 0046230b p.lw             x6, 4(x12!)          x6=fffff9fb x12=10000460 x12:1000045c  PA:1000045c
20602173ns          349131 1c008196 2078788b p.lw             x17, x7(x16!)       x17=00000000 x16=100003e8  x7:00000020 x16:100003c8  PA:100003c8
20602213ns          349133 1c00819a 43130733 p.mac            x14, x6, x17        x14=fffd09d0 x14:fffd09d0  x6:fffff9fb x17:00000000
20602233ns          349134 1c008192 0046230b p.lw             x6, 4(x12!)          x6=fffff9a2 x12=10000464 x12:10000460  PA:10000460
20602253ns          349135 1c008196 2078788b p.lw             x17, x7(x16!)       x17=fffffff8 x16=10000408  x7:00000020 x16:100003e8  PA:100003e8
20602293ns          349137 1c00819a 43130733 p.mac            x14, x6, x17        x14=fffd3cc0 x14:fffd09d0  x6:fffff9a2 x17:fffffff8
20602312ns          349138 1c00819e 00ef222b p.sw             x14, 4(x30!)        x30=10000c4c x14:fffd3cc0 x30:10000c48  PA:10000c48
20602332ns          349139 1c0081a2 004e8e93 addi             x29, x29, 4         x29=1000030c x29:10000308
20602372ns          349141 1c00817e 40af87b3 sub              x15, x31, x10       x15=00000020 x31:10000464 x10:10000444
20602392ns          349142 1c008182 ffc78793 addi             x15, x15, -4        x15=0000001c x15:00000020
20602412ns          349143 1c008184 0027d793 srli             x15, x15, 0x2       x15=00000007 x15:0000001c
20602432ns          349144 1c008186 01d00833 add              x16, x0, x29        x16=1000030c x29:1000030c
20602452ns          349145 1c008188 00a00633 add              x12, x0, x10        x12=10000444 x10:10000444
20602472ns          349146 1c00818a 00000713 addi             x14, x0, 0          x14=00000000
20602492ns          349147 1c00818c 00178793 addi             x15, x15, 1         x15=00000008 x15:00000007
20602511ns          349148 1c00818e 0067c0fb lp.setup         0x1, x15, 0x6       x15:00000008
20602531ns          349149 1c008192 0046230b p.lw             x6, 4(x12!)          x6=fffffc11 x12=10000448 x12:10000444  PA:10000444
20602551ns          349150 1c008196 2078788b p.lw             x17, x7(x16!)       x17=0000002f x16=1000032c  x7:00000020 x16:1000030c  PA:1000030c
20602591ns          349152 1c00819a 43130733 p.mac            x14, x6, x17        x14=ffff471f x14:00000000  x6:fffffc11 x17:0000002f
20602611ns          349153 1c008192 0046230b p.lw             x6, 4(x12!)          x6=fffffbb8 x12=1000044c x12:10000448  PA:10000448
20602631ns          349154 1c008196 2078788b p.lw             x17, x7(x16!)       x17=00000027 x16=1000034c  x7:00000020 x16:1000032c  PA:1000032c
20602671ns          349156 1c00819a 43130733 p.mac            x14, x6, x17        x14=fffea027 x14:ffff471f  x6:fffffbb8 x17:00000027
20602690ns          349157 1c008192 0046230b p.lw             x6, 4(x12!)          x6=fffffb5f x12=10000450 x12:1000044c  PA:1000044c
20602710ns          349158 1c008196 2078788b p.lw             x17, x7(x16!)       x17=0000001f x16=1000036c  x7:00000020 x16:1000034c  PA:1000034c
20602750ns          349160 1c00819a 43130733 p.mac            x14, x6, x17        x14=fffe10a8 x14:fffea027  x6:fffffb5f x17:0000001f
20602770ns          349161 1c008192 0046230b p.lw             x6, 4(x12!)          x6=fffffb06 x12=10000454 x12:10000450  PA:10000450
20602790ns          349162 1c008196 2078788b p.lw             x17, x7(x16!)       x17=00000017 x16=1000038c  x7:00000020 x16:1000036c  PA:1000036c
20602830ns          349164 1c00819a 43130733 p.mac            x14, x6, x17        x14=fffd9e32 x14:fffe10a8  x6:fffffb06 x17:00000017
20602850ns          349165 1c008192 0046230b p.lw             x6, 4(x12!)          x6=fffffaad x12=10000458 x12:10000454  PA:10000454
20602869ns          349166 1c008196 2078788b p.lw             x17, x7(x16!)       x17=0000000f x16=100003ac  x7:00000020 x16:1000038c  PA:1000038c
20602909ns          349168 1c00819a 43130733 p.mac            x14, x6, x17        x14=fffd4e55 x14:fffd9e32  x6:fffffaad x17:0000000f
20602929ns          349169 1c008192 0046230b p.lw             x6, 4(x12!)          x6=fffffa54 x12=1000045c x12:10000458  PA:10000458
20602949ns          349170 1c008196 2078788b p.lw             x17, x7(x16!)       x17=00000007 x16=100003cc  x7:00000020 x16:100003ac  PA:100003ac
20602989ns          349172 1c00819a 43130733 p.mac            x14, x6, x17        x14=fffd26a1 x14:fffd4e55  x6:fffffa54 x17:00000007
20603009ns          349173 1c008192 0046230b p.lw             x6, 4(x12!)          x6=fffff9fb x12=10000460 x12:1000045c  PA:1000045c
20603029ns          349174 1c008196 2078788b p.lw             x17, x7(x16!)       x17=ffffffff x16=100003ec  x7:00000020 x16:100003cc  PA:100003cc
20603068ns          349176 1c00819a 43130733 p.mac            x14, x6, x17        x14=fffd2ca6 x14:fffd26a1  x6:fffff9fb x17:ffffffff
20603088ns          349177 1c008192 0046230b p.lw             x6, 4(x12!)          x6=fffff9a2 x12=10000464 x12:10000460  PA:10000460
20603108ns          349178 1c008196 2078788b p.lw             x17, x7(x16!)       x17=fffffff7 x16=1000040c  x7:00000020 x16:100003ec  PA:100003ec
20603148ns          349180 1c00819a 43130733 p.mac            x14, x6, x17        x14=fffd65f4 x14:fffd2ca6  x6:fffff9a2 x17:fffffff7
20603168ns          349181 1c00819e 00ef222b p.sw             x14, 4(x30!)        x30=10000c50 x14:fffd65f4 x30:10000c4c  PA:10000c4c
20603188ns          349182 1c0081a2 004e8e93 addi             x29, x29, 4         x29=10000310 x29:1000030c
20603227ns          349184 1c00817e 40af87b3 sub              x15, x31, x10       x15=00000020 x31:10000464 x10:10000444
20603247ns          349185 1c008182 ffc78793 addi             x15, x15, -4        x15=0000001c x15:00000020
20603267ns          349186 1c008184 0027d793 srli             x15, x15, 0x2       x15=00000007 x15:0000001c
20603287ns          349187 1c008186 01d00833 add              x16, x0, x29        x16=10000310 x29:10000310
20603307ns          349188 1c008188 00a00633 add              x12, x0, x10        x12=10000444 x10:10000444
20603327ns          349189 1c00818a 00000713 addi             x14, x0, 0          x14=00000000
20603347ns          349190 1c00818c 00178793 addi             x15, x15, 1         x15=00000008 x15:00000007
20603367ns          349191 1c00818e 0067c0fb lp.setup         0x1, x15, 0x6       x15:00000008
20603387ns          349192 1c008192 0046230b p.lw             x6, 4(x12!)          x6=fffffc11 x12=10000448 x12:10000444  PA:10000444
20603406ns          349193 1c008196 2078788b p.lw             x17, x7(x16!)       x17=0000002e x16=10000330  x7:00000020 x16:10000310  PA:10000310
20603446ns          349195 1c00819a 43130733 p.mac            x14, x6, x17        x14=ffff4b0e x14:00000000  x6:fffffc11 x17:0000002e
20603466ns          349196 1c008192 0046230b p.lw             x6, 4(x12!)          x6=fffffbb8 x12=1000044c x12:10000448  PA:10000448
20603486ns          349197 1c008196 2078788b p.lw             x17, x7(x16!)       x17=00000026 x16=10000350  x7:00000020 x16:10000330  PA:10000330
20603526ns          349199 1c00819a 43130733 p.mac            x14, x6, x17        x14=fffea85e x14:ffff4b0e  x6:fffffbb8 x17:00000026
20603546ns          349200 1c008192 0046230b p.lw             x6, 4(x12!)          x6=fffffb5f x12=10000450 x12:1000044c  PA:1000044c
20603566ns          349201 1c008196 2078788b p.lw             x17, x7(x16!)       x17=0000001e x16=10000370  x7:00000020 x16:10000350  PA:10000350
20603605ns          349203 1c00819a 43130733 p.mac            x14, x6, x17        x14=fffe1d80 x14:fffea85e  x6:fffffb5f x17:0000001e
20603625ns          349204 1c008192 0046230b p.lw             x6, 4(x12!)          x6=fffffb06 x12=10000454 x12:10000450  PA:10000450
20603645ns          349205 1c008196 2078788b p.lw             x17, x7(x16!)       x17=00000016 x16=10000390  x7:00000020 x16:10000370  PA:10000370
20603685ns          349207 1c00819a 43130733 p.mac            x14, x6, x17        x14=fffdb004 x14:fffe1d80  x6:fffffb06 x17:00000016
20603705ns          349208 1c008192 0046230b p.lw             x6, 4(x12!)          x6=fffffaad x12=10000458 x12:10000454  PA:10000454
20603725ns          349209 1c008196 2078788b p.lw             x17, x7(x16!)       x17=0000000e x16=100003b0  x7:00000020 x16:10000390  PA:10000390
20603765ns          349211 1c00819a 43130733 p.mac            x14, x6, x17        x14=fffd657a x14:fffdb004  x6:fffffaad x17:0000000e
20603784ns          349212 1c008192 0046230b p.lw             x6, 4(x12!)          x6=fffffa54 x12=1000045c x12:10000458  PA:10000458
20603804ns          349213 1c008196 2078788b p.lw             x17, x7(x16!)       x17=00000006 x16=100003d0  x7:00000020 x16:100003b0  PA:100003b0
20603844ns          349215 1c00819a 43130733 p.mac            x14, x6, x17        x14=fffd4372 x14:fffd657a  x6:fffffa54 x17:00000006
20603864ns          349216 1c008192 0046230b p.lw             x6, 4(x12!)          x6=fffff9fb x12=10000460 x12:1000045c  PA:1000045c
20603884ns          349217 1c008196 2078788b p.lw             x17, x7(x16!)       x17=fffffffe x16=100003f0  x7:00000020 x16:100003d0  PA:100003d0
20603924ns          349219 1c00819a 43130733 p.mac            x14, x6, x17        x14=fffd4f7c x14:fffd4372  x6:fffff9fb x17:fffffffe
20603944ns          349220 1c008192 0046230b p.lw             x6, 4(x12!)          x6=fffff9a2 x12=10000464 x12:10000460  PA:10000460
20603963ns          349221 1c008196 2078788b p.lw             x17, x7(x16!)       x17=fffffff6 x16=10000410  x7:00000020 x16:100003f0  PA:100003f0
20604003ns          349223 1c00819a 43130733 p.mac            x14, x6, x17        x14=fffd8f28 x14:fffd4f7c  x6:fffff9a2 x17:fffffff6
20604023ns          349224 1c00819e 00ef222b p.sw             x14, 4(x30!)        x30=10000c54 x14:fffd8f28 x30:10000c50  PA:10000c50
20604043ns          349225 1c0081a2 004e8e93 addi             x29, x29, 4         x29=10000314 x29:10000310
20604083ns          349227 1c00817e 40af87b3 sub              x15, x31, x10       x15=00000020 x31:10000464 x10:10000444
20604103ns          349228 1c008182 ffc78793 addi             x15, x15, -4        x15=0000001c x15:00000020
20604123ns          349229 1c008184 0027d793 srli             x15, x15, 0x2       x15=00000007 x15:0000001c
20604142ns          349230 1c008186 01d00833 add              x16, x0, x29        x16=10000314 x29:10000314
20604162ns          349231 1c008188 00a00633 add              x12, x0, x10        x12=10000444 x10:10000444
20604182ns          349232 1c00818a 00000713 addi             x14, x0, 0          x14=00000000
20604202ns          349233 1c00818c 00178793 addi             x15, x15, 1         x15=00000008 x15:00000007
20604222ns          349234 1c00818e 0067c0fb lp.setup         0x1, x15, 0x6       x15:00000008
20604242ns          349235 1c008192 0046230b p.lw             x6, 4(x12!)          x6=fffffc11 x12=10000448 x12:10000444  PA:10000444
20604262ns          349236 1c008196 2078788b p.lw             x17, x7(x16!)       x17=0000002d x16=10000334  x7:00000020 x16:10000314  PA:10000314
20604302ns          349238 1c00819a 43130733 p.mac            x14, x6, x17        x14=ffff4efd x14:00000000  x6:fffffc11 x17:0000002d
20604321ns          349239 1c008192 0046230b p.lw             x6, 4(x12!)          x6=fffffbb8 x12=1000044c x12:10000448  PA:10000448
20604341ns          349240 1c008196 2078788b p.lw             x17, x7(x16!)       x17=00000025 x16=10000354  x7:00000020 x16:10000334  PA:10000334
20604381ns          349242 1c00819a 43130733 p.mac            x14, x6, x17        x14=fffeb095 x14:ffff4efd  x6:fffffbb8 x17:00000025
20604401ns          349243 1c008192 0046230b p.lw             x6, 4(x12!)          x6=fffffb5f x12=10000450 x12:1000044c  PA:1000044c
20604421ns          349244 1c008196 2078788b p.lw             x17, x7(x16!)       x17=0000001d x16=10000374  x7:00000020 x16:10000354  PA:10000354
20604461ns          349246 1c00819a 43130733 p.mac            x14, x6, x17        x14=fffe2a58 x14:fffeb095  x6:fffffb5f x17:0000001d
20604481ns          349247 1c008192 0046230b p.lw             x6, 4(x12!)          x6=fffffb06 x12=10000454 x12:10000450  PA:10000450
20604500ns          349248 1c008196 2078788b p.lw             x17, x7(x16!)       x17=00000015 x16=10000394  x7:00000020 x16:10000374  PA:10000374
20604540ns          349250 1c00819a 43130733 p.mac            x14, x6, x17        x14=fffdc1d6 x14:fffe2a58  x6:fffffb06 x17:00000015
20604560ns          349251 1c008192 0046230b p.lw             x6, 4(x12!)          x6=fffffaad x12=10000458 x12:10000454  PA:10000454
20604580ns          349252 1c008196 2078788b p.lw             x17, x7(x16!)       x17=0000000d x16=100003b4  x7:00000020 x16:10000394  PA:10000394
20604620ns          349254 1c00819a 43130733 p.mac            x14, x6, x17        x14=fffd7c9f x14:fffdc1d6  x6:fffffaad x17:0000000d
20604640ns          349255 1c008192 0046230b p.lw             x6, 4(x12!)          x6=fffffa54 x12=1000045c x12:10000458  PA:10000458
20604660ns          349256 1c008196 2078788b p.lw             x17, x7(x16!)       x17=00000005 x16=100003d4  x7:00000020 x16:100003b4  PA:100003b4
20604699ns          349258 1c00819a 43130733 p.mac            x14, x6, x17        x14=fffd6043 x14:fffd7c9f  x6:fffffa54 x17:00000005
20604719ns          349259 1c008192 0046230b p.lw             x6, 4(x12!)          x6=fffff9fb x12=10000460 x12:1000045c  PA:1000045c
20604739ns          349260 1c008196 2078788b p.lw             x17, x7(x16!)       x17=fffffffd x16=100003f4  x7:00000020 x16:100003d4  PA:100003d4
20604779ns          349262 1c00819a 43130733 p.mac            x14, x6, x17        x14=fffd7252 x14:fffd6043  x6:fffff9fb x17:fffffffd
20604799ns          349263 1c008192 0046230b p.lw             x6, 4(x12!)          x6=fffff9a2 x12=10000464 x12:10000460  PA:10000460
20604819ns          349264 1c008196 2078788b p.lw             x17, x7(x16!)       x17=fffffff5 x16=10000414  x7:00000020 x16:100003f4  PA:100003f4
20604859ns          349266 1c00819a 43130733 p.mac            x14, x6, x17        x14=fffdb85c x14:fffd7252  x6:fffff9a2 x17:fffffff5
20604878ns          349267 1c00819e 00ef222b p.sw             x14, 4(x30!)        x30=10000c58 x14:fffdb85c x30:10000c54  PA:10000c54
20604898ns          349268 1c0081a2 004e8e93 addi             x29, x29, 4         x29=10000318 x29:10000314
20604938ns          349270 1c00817e 40af87b3 sub              x15, x31, x10       x15=00000020 x31:10000464 x10:10000444
20604958ns          349271 1c008182 ffc78793 addi             x15, x15, -4        x15=0000001c x15:00000020
20604978ns          349272 1c008184 0027d793 srli             x15, x15, 0x2       x15=00000007 x15:0000001c
20604998ns          349273 1c008186 01d00833 add              x16, x0, x29        x16=10000318 x29:10000318
20605018ns          349274 1c008188 00a00633 add              x12, x0, x10        x12=10000444 x10:10000444
20605038ns          349275 1c00818a 00000713 addi             x14, x0, 0          x14=00000000
20605057ns          349276 1c00818c 00178793 addi             x15, x15, 1         x15=00000008 x15:00000007
20605077ns          349277 1c00818e 0067c0fb lp.setup         0x1, x15, 0x6       x15:00000008
20605097ns          349278 1c008192 0046230b p.lw             x6, 4(x12!)          x6=fffffc11 x12=10000448 x12:10000444  PA:10000444
20605117ns          349279 1c008196 2078788b p.lw             x17, x7(x16!)       x17=0000002c x16=10000338  x7:00000020 x16:10000318  PA:10000318
20605157ns          349281 1c00819a 43130733 p.mac            x14, x6, x17        x14=ffff52ec x14:00000000  x6:fffffc11 x17:0000002c
20605177ns          349282 1c008192 0046230b p.lw             x6, 4(x12!)          x6=fffffbb8 x12=1000044c x12:10000448  PA:10000448
20605197ns          349283 1c008196 2078788b p.lw             x17, x7(x16!)       x17=00000024 x16=10000358  x7:00000020 x16:10000338  PA:10000338
20605236ns          349285 1c00819a 43130733 p.mac            x14, x6, x17        x14=fffeb8cc x14:ffff52ec  x6:fffffbb8 x17:00000024
20605256ns          349286 1c008192 0046230b p.lw             x6, 4(x12!)          x6=fffffb5f x12=10000450 x12:1000044c  PA:1000044c
20605276ns          349287 1c008196 2078788b p.lw             x17, x7(x16!)       x17=0000001c x16=10000378  x7:00000020 x16:10000358  PA:10000358
20605316ns          349289 1c00819a 43130733 p.mac            x14, x6, x17        x14=fffe3730 x14:fffeb8cc  x6:fffffb5f x17:0000001c
20605336ns          349290 1c008192 0046230b p.lw             x6, 4(x12!)          x6=fffffb06 x12=10000454 x12:10000450  PA:10000450
20605356ns          349291 1c008196 2078788b p.lw             x17, x7(x16!)       x17=00000014 x16=10000398  x7:00000020 x16:10000378  PA:10000378
20605396ns          349293 1c00819a 43130733 p.mac            x14, x6, x17        x14=fffdd3a8 x14:fffe3730  x6:fffffb06 x17:00000014
20605415ns          349294 1c008192 0046230b p.lw             x6, 4(x12!)          x6=fffffaad x12=10000458 x12:10000454  PA:10000454
20605435ns          349295 1c008196 2078788b p.lw             x17, x7(x16!)       x17=0000000c x16=100003b8  x7:00000020 x16:10000398  PA:10000398
20605475ns          349297 1c00819a 43130733 p.mac            x14, x6, x17        x14=fffd93c4 x14:fffdd3a8  x6:fffffaad x17:0000000c
20605495ns          349298 1c008192 0046230b p.lw             x6, 4(x12!)          x6=fffffa54 x12=1000045c x12:10000458  PA:10000458
20605515ns          349299 1c008196 2078788b p.lw             x17, x7(x16!)       x17=00000004 x16=100003d8  x7:00000020 x16:100003b8  PA:100003b8
20605555ns          349301 1c00819a 43130733 p.mac            x14, x6, x17        x14=fffd7d14 x14:fffd93c4  x6:fffffa54 x17:00000004
20605575ns          349302 1c008192 0046230b p.lw             x6, 4(x12!)          x6=fffff9fb x12=10000460 x12:1000045c  PA:1000045c
20605594ns          349303 1c008196 2078788b p.lw             x17, x7(x16!)       x17=fffffffc x16=100003f8  x7:00000020 x16:100003d8  PA:100003d8
20605634ns          349305 1c00819a 43130733 p.mac            x14, x6, x17        x14=fffd9528 x14:fffd7d14  x6:fffff9fb x17:fffffffc
20605654ns          349306 1c008192 0046230b p.lw             x6, 4(x12!)          x6=fffff9a2 x12=10000464 x12:10000460  PA:10000460
20605674ns          349307 1c008196 2078788b p.lw             x17, x7(x16!)       x17=fffffff4 x16=10000418  x7:00000020 x16:100003f8  PA:100003f8
20605714ns          349309 1c00819a 43130733 p.mac            x14, x6, x17        x14=fffde190 x14:fffd9528  x6:fffff9a2 x17:fffffff4
20605734ns          349310 1c00819e 00ef222b p.sw             x14, 4(x30!)        x30=10000c5c x14:fffde190 x30:10000c58  PA:10000c58
20605754ns          349311 1c0081a2 004e8e93 addi             x29, x29, 4         x29=1000031c x29:10000318
20605793ns          349313 1c00817e 40af87b3 sub              x15, x31, x10       x15=00000020 x31:10000464 x10:10000444
20605813ns          349314 1c008182 ffc78793 addi             x15, x15, -4        x15=0000001c x15:00000020
20605833ns          349315 1c008184 0027d793 srli             x15, x15, 0x2       x15=00000007 x15:0000001c
20605853ns          349316 1c008186 01d00833 add              x16, x0, x29        x16=1000031c x29:1000031c
20605873ns          349317 1c008188 00a00633 add              x12, x0, x10        x12=10000444 x10:10000444
20605893ns          349318 1c00818a 00000713 addi             x14, x0, 0          x14=00000000
20605913ns          349319 1c00818c 00178793 addi             x15, x15, 1         x15=00000008 x15:00000007
20605933ns          349320 1c00818e 0067c0fb lp.setup         0x1, x15, 0x6       x15:00000008
20605953ns          349321 1c008192 0046230b p.lw             x6, 4(x12!)          x6=fffffc11 x12=10000448 x12:10000444  PA:10000444
20605972ns          349322 1c008196 2078788b p.lw             x17, x7(x16!)       x17=0000002b x16=1000033c  x7:00000020 x16:1000031c  PA:1000031c
20606012ns          349324 1c00819a 43130733 p.mac            x14, x6, x17        x14=ffff56db x14:00000000  x6:fffffc11 x17:0000002b
20606032ns          349325 1c008192 0046230b p.lw             x6, 4(x12!)          x6=fffffbb8 x12=1000044c x12:10000448  PA:10000448
20606052ns          349326 1c008196 2078788b p.lw             x17, x7(x16!)       x17=00000023 x16=1000035c  x7:00000020 x16:1000033c  PA:1000033c
20606092ns          349328 1c00819a 43130733 p.mac            x14, x6, x17        x14=fffec103 x14:ffff56db  x6:fffffbb8 x17:00000023
20606112ns          349329 1c008192 0046230b p.lw             x6, 4(x12!)          x6=fffffb5f x12=10000450 x12:1000044c  PA:1000044c
20606132ns          349330 1c008196 2078788b p.lw             x17, x7(x16!)       x17=0000001b x16=1000037c  x7:00000020 x16:1000035c  PA:1000035c
20606171ns          349332 1c00819a 43130733 p.mac            x14, x6, x17        x14=fffe4408 x14:fffec103  x6:fffffb5f x17:0000001b
20606191ns          349333 1c008192 0046230b p.lw             x6, 4(x12!)          x6=fffffb06 x12=10000454 x12:10000450  PA:10000450
20606211ns          349334 1c008196 2078788b p.lw             x17, x7(x16!)       x17=00000013 x16=1000039c  x7:00000020 x16:1000037c  PA:1000037c
20606251ns          349336 1c00819a 43130733 p.mac            x14, x6, x17        x14=fffde57a x14:fffe4408  x6:fffffb06 x17:00000013
20606271ns          349337 1c008192 0046230b p.lw             x6, 4(x12!)          x6=fffffaad x12=10000458 x12:10000454  PA:10000454
20606291ns          349338 1c008196 2078788b p.lw             x17, x7(x16!)       x17=0000000b x16=100003bc  x7:00000020 x16:1000039c  PA:1000039c
20606330ns          349340 1c00819a 43130733 p.mac            x14, x6, x17        x14=fffdaae9 x14:fffde57a  x6:fffffaad x17:0000000b
20606350ns          349341 1c008192 0046230b p.lw             x6, 4(x12!)          x6=fffffa54 x12=1000045c x12:10000458  PA:10000458
20606370ns          349342 1c008196 2078788b p.lw             x17, x7(x16!)       x17=00000003 x16=100003dc  x7:00000020 x16:100003bc  PA:100003bc
20606410ns          349344 1c00819a 43130733 p.mac            x14, x6, x17        x14=fffd99e5 x14:fffdaae9  x6:fffffa54 x17:00000003
20606430ns          349345 1c008192 0046230b p.lw             x6, 4(x12!)          x6=fffff9fb x12=10000460 x12:1000045c  PA:1000045c
20606450ns          349346 1c008196 2078788b p.lw             x17, x7(x16!)       x17=fffffffb x16=100003fc  x7:00000020 x16:100003dc  PA:100003dc
20606490ns          349348 1c00819a 43130733 p.mac            x14, x6, x17        x14=fffdb7fe x14:fffd99e5  x6:fffff9fb x17:fffffffb
20606509ns          349349 1c008192 0046230b p.lw             x6, 4(x12!)          x6=fffff9a2 x12=10000464 x12:10000460  PA:10000460
20606529ns          349350 1c008196 2078788b p.lw             x17, x7(x16!)       x17=fffffff3 x16=1000041c  x7:00000020 x16:100003fc  PA:100003fc
20606569ns          349352 1c00819a 43130733 p.mac            x14, x6, x17        x14=fffe0ac4 x14:fffdb7fe  x6:fffff9a2 x17:fffffff3
20606589ns          349353 1c00819e 00ef222b p.sw             x14, 4(x30!)        x30=10000c60 x14:fffe0ac4 x30:10000c5c  PA:10000c5c
20606609ns          349354 1c0081a2 004e8e93 addi             x29, x29, 4         x29=10000320 x29:1000031c
20606649ns          349356 1c00817e 40af87b3 sub              x15, x31, x10       x15=00000020 x31:10000464 x10:10000444
20606669ns          349357 1c008182 ffc78793 addi             x15, x15, -4        x15=0000001c x15:00000020
20606688ns          349358 1c008184 0027d793 srli             x15, x15, 0x2       x15=00000007 x15:0000001c
20606708ns          349359 1c008186 01d00833 add              x16, x0, x29        x16=10000320 x29:10000320
20606728ns          349360 1c008188 00a00633 add              x12, x0, x10        x12=10000444 x10:10000444
20606748ns          349361 1c00818a 00000713 addi             x14, x0, 0          x14=00000000
20606768ns          349362 1c00818c 00178793 addi             x15, x15, 1         x15=00000008 x15:00000007
20606788ns          349363 1c00818e 0067c0fb lp.setup         0x1, x15, 0x6       x15:00000008
20606808ns          349364 1c008192 0046230b p.lw             x6, 4(x12!)          x6=fffffc11 x12=10000448 x12:10000444  PA:10000444
20606828ns          349365 1c008196 2078788b p.lw             x17, x7(x16!)       x17=0000002a x16=10000340  x7:00000020 x16:10000320  PA:10000320
20606867ns          349367 1c00819a 43130733 p.mac            x14, x6, x17        x14=ffff5aca x14:00000000  x6:fffffc11 x17:0000002a
20606887ns          349368 1c008192 0046230b p.lw             x6, 4(x12!)          x6=fffffbb8 x12=1000044c x12:10000448  PA:10000448
20606907ns          349369 1c008196 2078788b p.lw             x17, x7(x16!)       x17=00000022 x16=10000360  x7:00000020 x16:10000340  PA:10000340
20606947ns          349371 1c00819a 43130733 p.mac            x14, x6, x17        x14=fffec93a x14:ffff5aca  x6:fffffbb8 x17:00000022
20606967ns          349372 1c008192 0046230b p.lw             x6, 4(x12!)          x6=fffffb5f x12=10000450 x12:1000044c  PA:1000044c
20606987ns          349373 1c008196 2078788b p.lw             x17, x7(x16!)       x17=0000001a x16=10000380  x7:00000020 x16:10000360  PA:10000360
20607027ns          349375 1c00819a 43130733 p.mac            x14, x6, x17        x14=fffe50e0 x14:fffec93a  x6:fffffb5f x17:0000001a
20607046ns          349376 1c008192 0046230b p.lw             x6, 4(x12!)          x6=fffffb06 x12=10000454 x12:10000450  PA:10000450
20607066ns          349377 1c008196 2078788b p.lw             x17, x7(x16!)       x17=00000012 x16=100003a0  x7:00000020 x16:10000380  PA:10000380
20607106ns          349379 1c00819a 43130733 p.mac            x14, x6, x17        x14=fffdf74c x14:fffe50e0  x6:fffffb06 x17:00000012
20607126ns          349380 1c008192 0046230b p.lw             x6, 4(x12!)          x6=fffffaad x12=10000458 x12:10000454  PA:10000454
20607146ns          349381 1c008196 2078788b p.lw             x17, x7(x16!)       x17=0000000a x16=100003c0  x7:00000020 x16:100003a0  PA:100003a0
20607186ns          349383 1c00819a 43130733 p.mac            x14, x6, x17        x14=fffdc20e x14:fffdf74c  x6:fffffaad x17:0000000a
20607206ns          349384 1c008192 0046230b p.lw             x6, 4(x12!)          x6=fffffa54 x12=1000045c x12:10000458  PA:10000458
20607226ns          349385 1c008196 2078788b p.lw             x17, x7(x16!)       x17=00000002 x16=100003e0  x7:00000020 x16:100003c0  PA:100003c0
20607265ns          349387 1c00819a 43130733 p.mac            x14, x6, x17        x14=fffdb6b6 x14:fffdc20e  x6:fffffa54 x17:00000002
20607285ns          349388 1c008192 0046230b p.lw             x6, 4(x12!)          x6=fffff9fb x12=10000460 x12:1000045c  PA:1000045c
20607305ns          349389 1c008196 2078788b p.lw             x17, x7(x16!)       x17=fffffffa x16=10000400  x7:00000020 x16:100003e0  PA:100003e0
20607345ns          349391 1c00819a 43130733 p.mac            x14, x6, x17        x14=fffddad4 x14:fffdb6b6  x6:fffff9fb x17:fffffffa
20607365ns          349392 1c008192 0046230b p.lw             x6, 4(x12!)          x6=fffff9a2 x12=10000464 x12:10000460  PA:10000460
20607385ns          349393 1c008196 2078788b p.lw             x17, x7(x16!)       x17=fffffff2 x16=10000420  x7:00000020 x16:10000400  PA:10000400
20607424ns          349395 1c00819a 43130733 p.mac            x14, x6, x17        x14=fffe33f8 x14:fffddad4  x6:fffff9a2 x17:fffffff2
20607444ns          349396 1c00819e 00ef222b p.sw             x14, 4(x30!)        x30=10000c64 x14:fffe33f8 x30:10000c60  PA:10000c60
20607464ns          349397 1c0081a2 004e8e93 addi             x29, x29, 4         x29=10000324 x29:10000320
20607484ns          349398 1c0081a4 00128293 addi             x5, x5, 1            x5=00000003  x5:00000002
20607504ns          349399 1c0081a6 00750533 add              x10, x10, x7        x10=10000464 x10:10000444  x7:00000020
20607524ns          349400 1c0081a8 007f8fb3 add              x31, x31, x7        x31=10000484 x31:10000464  x7:00000020
20607544ns          349401 1c0081aa fa569fe3 bne              x13, x5, -66        x13:00000008  x5:00000003
20607603ns          349404 1c008168 40b48e33 sub              x28, x9, x11        x28=00000020  x9:10000324 x11:10000304
20607623ns          349405 1c00816c ffce0e13 addi             x28, x28, -4        x28=0000001c x28:00000020
20607643ns          349406 1c00816e 002e5e13 srli             x28, x28, 0x2       x28=00000007 x28:0000001c
20607663ns          349407 1c008172 008f8f33 add              x30, x31, x8        x30=10000c64 x31:10000484  x8:000007e0
20607683ns          349408 1c008176 00b00eb3 add              x29, x0, x11        x29=10000304 x11:10000304
20607703ns          349409 1c008178 001e0e13 addi             x28, x28, 1         x28=00000008 x28:00000007
20607723ns          349410 1c00817a 014e407b lp.setup         0x0, x28, 0x14      x28:00000008
20607743ns          349411 1c00817e 40af87b3 sub              x15, x31, x10       x15=00000020 x31:10000484 x10:10000464
20607763ns          349412 1c008182 ffc78793 addi             x15, x15, -4        x15=0000001c x15:00000020
20607782ns          349413 1c008184 0027d793 srli             x15, x15, 0x2       x15=00000007 x15:0000001c
20607802ns          349414 1c008186 01d00833 add              x16, x0, x29        x16=10000304 x29:10000304
20607822ns          349415 1c008188 00a00633 add              x12, x0, x10        x12=10000464 x10:10000464
20607842ns          349416 1c00818a 00000713 addi             x14, x0, 0          x14=00000000
20607862ns          349417 1c00818c 00178793 addi             x15, x15, 1         x15=00000008 x15:00000007
20607882ns          349418 1c00818e 0067c0fb lp.setup         0x1, x15, 0x6       x15:00000008
20607902ns          349419 1c008192 0046230b p.lw             x6, 4(x12!)          x6=00000589 x12=10000468 x12:10000464  PA:10000464
20607922ns          349420 1c008196 2078788b p.lw             x17, x7(x16!)       x17=00000031 x16=10000324  x7:00000020 x16:10000304  PA:10000304
20607961ns          349422 1c00819a 43130733 p.mac            x14, x6, x17        x14=00010f39 x14:00000000  x6:00000589 x17:00000031
20607981ns          349423 1c008192 0046230b p.lw             x6, 4(x12!)          x6=000005b0 x12=1000046c x12:10000468  PA:10000468
20608001ns          349424 1c008196 2078788b p.lw             x17, x7(x16!)       x17=00000029 x16=10000344  x7:00000020 x16:10000324  PA:10000324
20608041ns          349426 1c00819a 43130733 p.mac            x14, x6, x17        x14=0001f869 x14:00010f39  x6:000005b0 x17:00000029
20608061ns          349427 1c008192 0046230b p.lw             x6, 4(x12!)          x6=000005d7 x12=10000470 x12:1000046c  PA:1000046c
20608081ns          349428 1c008196 2078788b p.lw             x17, x7(x16!)       x17=00000021 x16=10000364  x7:00000020 x16:10000344  PA:10000344
20608121ns          349430 1c00819a 43130733 p.mac            x14, x6, x17        x14=0002b920 x14:0001f869  x6:000005d7 x17:00000021
20608140ns          349431 1c008192 0046230b p.lw             x6, 4(x12!)          x6=000005fe x12=10000474 x12:10000470  PA:10000470
20608160ns          349432 1c008196 2078788b p.lw             x17, x7(x16!)       x17=00000019 x16=10000384  x7:00000020 x16:10000364  PA:10000364
20608200ns          349434 1c00819a 43130733 p.mac            x14, x6, x17        x14=00034eee x14:0002b920  x6:000005fe x17:00000019
20608220ns          349435 1c008192 0046230b p.lw             x6, 4(x12!)          x6=00000625 x12=10000478 x12:10000474  PA:10000474
20608240ns          349436 1c008196 2078788b p.lw             x17, x7(x16!)       x17=00000011 x16=100003a4  x7:00000020 x16:10000384  PA:10000384
20608280ns          349438 1c00819a 43130733 p.mac            x14, x6, x17        x14=0003b763 x14:00034eee  x6:00000625 x17:00000011
20608300ns          349439 1c008192 0046230b p.lw             x6, 4(x12!)          x6=0000064c x12=1000047c x12:10000478  PA:10000478
20608320ns          349440 1c008196 2078788b p.lw             x17, x7(x16!)       x17=00000009 x16=100003c4  x7:00000020 x16:100003a4  PA:100003a4
20608359ns          349442 1c00819a 43130733 p.mac            x14, x6, x17        x14=0003f00f x14:0003b763  x6:0000064c x17:00000009
20608379ns          349443 1c008192 0046230b p.lw             x6, 4(x12!)          x6=00000673 x12=10000480 x12:1000047c  PA:1000047c
20608399ns          349444 1c008196 2078788b p.lw             x17, x7(x16!)       x17=00000001 x16=100003e4  x7:00000020 x16:100003c4  PA:100003c4
20608439ns          349446 1c00819a 43130733 p.mac            x14, x6, x17        x14=0003f682 x14:0003f00f  x6:00000673 x17:00000001
20608459ns          349447 1c008192 0046230b p.lw             x6, 4(x12!)          x6=0000069a x12=10000484 x12:10000480  PA:10000480
20608499ns          349449 1c008196 2078788b p.lw             x17, x7(x16!)       x17=fffffff9 x16=10000404  x7:00000020 x16:100003e4  PA:100003e4
20608538ns          349451 1c00819a 43130733 p.mac            x14, x6, x17        x14=0003c84c x14:0003f682  x6:0000069a x17:fffffff9
20608558ns          349452 1c00819e 00ef222b p.sw             x14, 4(x30!)        x30=10000c68 x14:0003c84c x30:10000c64  PA:10000c64
20608578ns          349453 1c0081a2 004e8e93 addi             x29, x29, 4         x29=10000308 x29:10000304
20608618ns          349455 1c00817e 40af87b3 sub              x15, x31, x10       x15=00000020 x31:10000484 x10:10000464
20608638ns          349456 1c008182 ffc78793 addi             x15, x15, -4        x15=0000001c x15:00000020
20608658ns          349457 1c008184 0027d793 srli             x15, x15, 0x2       x15=00000007 x15:0000001c
20608678ns          349458 1c008186 01d00833 add              x16, x0, x29        x16=10000308 x29:10000308
20608697ns          349459 1c008188 00a00633 add              x12, x0, x10        x12=10000464 x10:10000464
20608717ns          349460 1c00818a 00000713 addi             x14, x0, 0          x14=00000000
20608737ns          349461 1c00818c 00178793 addi             x15, x15, 1         x15=00000008 x15:00000007
20608757ns          349462 1c00818e 0067c0fb lp.setup         0x1, x15, 0x6       x15:00000008
20608777ns          349463 1c008192 0046230b p.lw             x6, 4(x12!)          x6=00000589 x12=10000468 x12:10000464  PA:10000464
20608797ns          349464 1c008196 2078788b p.lw             x17, x7(x16!)       x17=00000030 x16=10000328  x7:00000020 x16:10000308  PA:10000308
20608837ns          349466 1c00819a 43130733 p.mac            x14, x6, x17        x14=000109b0 x14:00000000  x6:00000589 x17:00000030
20608857ns          349467 1c008192 0046230b p.lw             x6, 4(x12!)          x6=000005b0 x12=1000046c x12:10000468  PA:10000468
20608876ns          349468 1c008196 2078788b p.lw             x17, x7(x16!)       x17=00000028 x16=10000348  x7:00000020 x16:10000328  PA:10000328
20608916ns          349470 1c00819a 43130733 p.mac            x14, x6, x17        x14=0001ed30 x14:000109b0  x6:000005b0 x17:00000028
20608936ns          349471 1c008192 0046230b p.lw             x6, 4(x12!)          x6=000005d7 x12=10000470 x12:1000046c  PA:1000046c
20608956ns          349472 1c008196 2078788b p.lw             x17, x7(x16!)       x17=00000020 x16=10000368  x7:00000020 x16:10000348  PA:10000348
20608996ns          349474 1c00819a 43130733 p.mac            x14, x6, x17        x14=0002a810 x14:0001ed30  x6:000005d7 x17:00000020
20609016ns          349475 1c008192 0046230b p.lw             x6, 4(x12!)          x6=000005fe x12=10000474 x12:10000470  PA:10000470
20609036ns          349476 1c008196 2078788b p.lw             x17, x7(x16!)       x17=00000018 x16=10000388  x7:00000020 x16:10000368  PA:10000368
20609075ns          349478 1c00819a 43130733 p.mac            x14, x6, x17        x14=000337e0 x14:0002a810  x6:000005fe x17:00000018
20609095ns          349479 1c008192 0046230b p.lw             x6, 4(x12!)          x6=00000625 x12=10000478 x12:10000474  PA:10000474
20609115ns          349480 1c008196 2078788b p.lw             x17, x7(x16!)       x17=00000010 x16=100003a8  x7:00000020 x16:10000388  PA:10000388
20609155ns          349482 1c00819a 43130733 p.mac            x14, x6, x17        x14=00039a30 x14:000337e0  x6:00000625 x17:00000010
20609175ns          349483 1c008192 0046230b p.lw             x6, 4(x12!)          x6=0000064c x12=1000047c x12:10000478  PA:10000478
20609195ns          349484 1c008196 2078788b p.lw             x17, x7(x16!)       x17=00000008 x16=100003c8  x7:00000020 x16:100003a8  PA:100003a8
20609234ns          349486 1c00819a 43130733 p.mac            x14, x6, x17        x14=0003cc90 x14:00039a30  x6:0000064c x17:00000008
20609254ns          349487 1c008192 0046230b p.lw             x6, 4(x12!)          x6=00000673 x12=10000480 x12:1000047c  PA:1000047c
20609274ns          349488 1c008196 2078788b p.lw             x17, x7(x16!)       x17=00000000 x16=100003e8  x7:00000020 x16:100003c8  PA:100003c8
20609314ns          349490 1c00819a 43130733 p.mac            x14, x6, x17        x14=0003cc90 x14:0003cc90  x6:00000673 x17:00000000
20609334ns          349491 1c008192 0046230b p.lw             x6, 4(x12!)          x6=0000069a x12=10000484 x12:10000480  PA:10000480
20609354ns          349492 1c008196 2078788b p.lw             x17, x7(x16!)       x17=fffffff8 x16=10000408  x7:00000020 x16:100003e8  PA:100003e8
20609394ns          349494 1c00819a 43130733 p.mac            x14, x6, x17        x14=000397c0 x14:0003cc90  x6:0000069a x17:fffffff8
20609413ns          349495 1c00819e 00ef222b p.sw             x14, 4(x30!)        x30=10000c6c x14:000397c0 x30:10000c68  PA:10000c68
20609433ns          349496 1c0081a2 004e8e93 addi             x29, x29, 4         x29=1000030c x29:10000308
20609473ns          349498 1c00817e 40af87b3 sub              x15, x31, x10       x15=00000020 x31:10000484 x10:10000464
20609493ns          349499 1c008182 ffc78793 addi             x15, x15, -4        x15=0000001c x15:00000020
20609513ns          349500 1c008184 0027d793 srli             x15, x15, 0x2       x15=00000007 x15:0000001c
20609533ns          349501 1c008186 01d00833 add              x16, x0, x29        x16=1000030c x29:1000030c
20609553ns          349502 1c008188 00a00633 add              x12, x0, x10        x12=10000464 x10:10000464
20609573ns          349503 1c00818a 00000713 addi             x14, x0, 0          x14=00000000
20609593ns          349504 1c00818c 00178793 addi             x15, x15, 1         x15=00000008 x15:00000007
20609612ns          349505 1c00818e 0067c0fb lp.setup         0x1, x15, 0x6       x15:00000008
20609632ns          349506 1c008192 0046230b p.lw             x6, 4(x12!)          x6=00000589 x12=10000468 x12:10000464  PA:10000464
20609652ns          349507 1c008196 2078788b p.lw             x17, x7(x16!)       x17=0000002f x16=1000032c  x7:00000020 x16:1000030c  PA:1000030c
20609692ns          349509 1c00819a 43130733 p.mac            x14, x6, x17        x14=00010427 x14:00000000  x6:00000589 x17:0000002f
20609712ns          349510 1c008192 0046230b p.lw             x6, 4(x12!)          x6=000005b0 x12=1000046c x12:10000468  PA:10000468
20609732ns          349511 1c008196 2078788b p.lw             x17, x7(x16!)       x17=00000027 x16=1000034c  x7:00000020 x16:1000032c  PA:1000032c
20609772ns          349513 1c00819a 43130733 p.mac            x14, x6, x17        x14=0001e1f7 x14:00010427  x6:000005b0 x17:00000027
20609791ns          349514 1c008192 0046230b p.lw             x6, 4(x12!)          x6=000005d7 x12=10000470 x12:1000046c  PA:1000046c
20609811ns          349515 1c008196 2078788b p.lw             x17, x7(x16!)       x17=0000001f x16=1000036c  x7:00000020 x16:1000034c  PA:1000034c
20609851ns          349517 1c00819a 43130733 p.mac            x14, x6, x17        x14=00029700 x14:0001e1f7  x6:000005d7 x17:0000001f
20609871ns          349518 1c008192 0046230b p.lw             x6, 4(x12!)          x6=000005fe x12=10000474 x12:10000470  PA:10000470
20609891ns          349519 1c008196 2078788b p.lw             x17, x7(x16!)       x17=00000017 x16=1000038c  x7:00000020 x16:1000036c  PA:1000036c
20609931ns          349521 1c00819a 43130733 p.mac            x14, x6, x17        x14=000320d2 x14:00029700  x6:000005fe x17:00000017
20609951ns          349522 1c008192 0046230b p.lw             x6, 4(x12!)          x6=00000625 x12=10000478 x12:10000474  PA:10000474
20609970ns          349523 1c008196 2078788b p.lw             x17, x7(x16!)       x17=0000000f x16=100003ac  x7:00000020 x16:1000038c  PA:1000038c
20610010ns          349525 1c00819a 43130733 p.mac            x14, x6, x17        x14=00037cfd x14:000320d2  x6:00000625 x17:0000000f
20610030ns          349526 1c008192 0046230b p.lw             x6, 4(x12!)          x6=0000064c x12=1000047c x12:10000478  PA:10000478
20610050ns          349527 1c008196 2078788b p.lw             x17, x7(x16!)       x17=00000007 x16=100003cc  x7:00000020 x16:100003ac  PA:100003ac
20610110ns          349530 1c00819a 43130733 p.mac            x14, x6, x17        x14=0003a911 x14:00037cfd  x6:0000064c x17:00000007
20610130ns          349531 1c008192 0046230b p.lw             x6, 4(x12!)          x6=00000673 x12=10000480 x12:1000047c  PA:1000047c
20610149ns          349532 1c008196 2078788b p.lw             x17, x7(x16!)       x17=ffffffff x16=100003ec  x7:00000020 x16:100003cc  PA:100003cc
20610189ns          349534 1c00819a 43130733 p.mac            x14, x6, x17        x14=0003a29e x14:0003a911  x6:00000673 x17:ffffffff
20610209ns          349535 1c008192 0046230b p.lw             x6, 4(x12!)          x6=0000069a x12=10000484 x12:10000480  PA:10000480
20610229ns          349536 1c008196 2078788b p.lw             x17, x7(x16!)       x17=fffffff7 x16=1000040c  x7:00000020 x16:100003ec  PA:100003ec
20610269ns          349538 1c00819a 43130733 p.mac            x14, x6, x17        x14=00036734 x14:0003a29e  x6:0000069a x17:fffffff7
20610289ns          349539 1c00819e 00ef222b p.sw             x14, 4(x30!)        x30=10000c70 x14:00036734 x30:10000c6c  PA:10000c6c
20610309ns          349540 1c0081a2 004e8e93 addi             x29, x29, 4         x29=10000310 x29:1000030c
20610348ns          349542 1c00817e 40af87b3 sub              x15, x31, x10       x15=00000020 x31:10000484 x10:10000464
20610368ns          349543 1c008182 ffc78793 addi             x15, x15, -4        x15=0000001c x15:00000020
20610388ns          349544 1c008184 0027d793 srli             x15, x15, 0x2       x15=00000007 x15:0000001c
20610408ns          349545 1c008186 01d00833 add              x16, x0, x29        x16=10000310 x29:10000310
20610428ns          349546 1c008188 00a00633 add              x12, x0, x10        x12=10000464 x10:10000464
20610448ns          349547 1c00818a 00000713 addi             x14, x0, 0          x14=00000000
20610468ns          349548 1c00818c 00178793 addi             x15, x15, 1         x15=00000008 x15:00000007
20610488ns          349549 1c00818e 0067c0fb lp.setup         0x1, x15, 0x6       x15:00000008
20610507ns          349550 1c008192 0046230b p.lw             x6, 4(x12!)          x6=00000589 x12=10000468 x12:10000464  PA:10000464
20610527ns          349551 1c008196 2078788b p.lw             x17, x7(x16!)       x17=0000002e x16=10000330  x7:00000020 x16:10000310  PA:10000310
20610567ns          349553 1c00819a 43130733 p.mac            x14, x6, x17        x14=0000fe9e x14:00000000  x6:00000589 x17:0000002e
20610587ns          349554 1c008192 0046230b p.lw             x6, 4(x12!)          x6=000005b0 x12=1000046c x12:10000468  PA:10000468
20610607ns          349555 1c008196 2078788b p.lw             x17, x7(x16!)       x17=00000026 x16=10000350  x7:00000020 x16:10000330  PA:10000330
20610647ns          349557 1c00819a 43130733 p.mac            x14, x6, x17        x14=0001d6be x14:0000fe9e  x6:000005b0 x17:00000026
20610667ns          349558 1c008192 0046230b p.lw             x6, 4(x12!)          x6=000005d7 x12=10000470 x12:1000046c  PA:1000046c
20610687ns          349559 1c008196 2078788b p.lw             x17, x7(x16!)       x17=0000001e x16=10000370  x7:00000020 x16:10000350  PA:10000350
20610726ns          349561 1c00819a 43130733 p.mac            x14, x6, x17        x14=000285f0 x14:0001d6be  x6:000005d7 x17:0000001e
20610746ns          349562 1c008192 0046230b p.lw             x6, 4(x12!)          x6=000005fe x12=10000474 x12:10000470  PA:10000470
20610766ns          349563 1c008196 2078788b p.lw             x17, x7(x16!)       x17=00000016 x16=10000390  x7:00000020 x16:10000370  PA:10000370
20610806ns          349565 1c00819a 43130733 p.mac            x14, x6, x17        x14=000309c4 x14:000285f0  x6:000005fe x17:00000016
20610826ns          349566 1c008192 0046230b p.lw             x6, 4(x12!)          x6=00000625 x12=10000478 x12:10000474  PA:10000474
20610846ns          349567 1c008196 2078788b p.lw             x17, x7(x16!)       x17=0000000e x16=100003b0  x7:00000020 x16:10000390  PA:10000390
20610885ns          349569 1c00819a 43130733 p.mac            x14, x6, x17        x14=00035fca x14:000309c4  x6:00000625 x17:0000000e
20610905ns          349570 1c008192 0046230b p.lw             x6, 4(x12!)          x6=0000064c x12=1000047c x12:10000478  PA:10000478
20610925ns          349571 1c008196 2078788b p.lw             x17, x7(x16!)       x17=00000006 x16=100003d0  x7:00000020 x16:100003b0  PA:100003b0
20610965ns          349573 1c00819a 43130733 p.mac            x14, x6, x17        x14=00038592 x14:00035fca  x6:0000064c x17:00000006
20610985ns          349574 1c008192 0046230b p.lw             x6, 4(x12!)          x6=00000673 x12=10000480 x12:1000047c  PA:1000047c
20611005ns          349575 1c008196 2078788b p.lw             x17, x7(x16!)       x17=fffffffe x16=100003f0  x7:00000020 x16:100003d0  PA:100003d0
20611045ns          349577 1c00819a 43130733 p.mac            x14, x6, x17        x14=000378ac x14:00038592  x6:00000673 x17:fffffffe
20611064ns          349578 1c008192 0046230b p.lw             x6, 4(x12!)          x6=0000069a x12=10000484 x12:10000480  PA:10000480
20611084ns          349579 1c008196 2078788b p.lw             x17, x7(x16!)       x17=fffffff6 x16=10000410  x7:00000020 x16:100003f0  PA:100003f0
20611124ns          349581 1c00819a 43130733 p.mac            x14, x6, x17        x14=000336a8 x14:000378ac  x6:0000069a x17:fffffff6
20611144ns          349582 1c00819e 00ef222b p.sw             x14, 4(x30!)        x30=10000c74 x14:000336a8 x30:10000c70  PA:10000c70
20611164ns          349583 1c0081a2 004e8e93 addi             x29, x29, 4         x29=10000314 x29:10000310
20611204ns          349585 1c00817e 40af87b3 sub              x15, x31, x10       x15=00000020 x31:10000484 x10:10000464
20611224ns          349586 1c008182 ffc78793 addi             x15, x15, -4        x15=0000001c x15:00000020
20611243ns          349587 1c008184 0027d793 srli             x15, x15, 0x2       x15=00000007 x15:0000001c
20611263ns          349588 1c008186 01d00833 add              x16, x0, x29        x16=10000314 x29:10000314
20611283ns          349589 1c008188 00a00633 add              x12, x0, x10        x12=10000464 x10:10000464
20611303ns          349590 1c00818a 00000713 addi             x14, x0, 0          x14=00000000
20611323ns          349591 1c00818c 00178793 addi             x15, x15, 1         x15=00000008 x15:00000007
20611343ns          349592 1c00818e 0067c0fb lp.setup         0x1, x15, 0x6       x15:00000008
20611363ns          349593 1c008192 0046230b p.lw             x6, 4(x12!)          x6=00000589 x12=10000468 x12:10000464  PA:10000464
20611383ns          349594 1c008196 2078788b p.lw             x17, x7(x16!)       x17=0000002d x16=10000334  x7:00000020 x16:10000314  PA:10000314
20611422ns          349596 1c00819a 43130733 p.mac            x14, x6, x17        x14=0000f915 x14:00000000  x6:00000589 x17:0000002d
20611442ns          349597 1c008192 0046230b p.lw             x6, 4(x12!)          x6=000005b0 x12=1000046c x12:10000468  PA:10000468
20611462ns          349598 1c008196 2078788b p.lw             x17, x7(x16!)       x17=00000025 x16=10000354  x7:00000020 x16:10000334  PA:10000334
20611502ns          349600 1c00819a 43130733 p.mac            x14, x6, x17        x14=0001cb85 x14:0000f915  x6:000005b0 x17:00000025
20611522ns          349601 1c008192 0046230b p.lw             x6, 4(x12!)          x6=000005d7 x12=10000470 x12:1000046c  PA:1000046c
20611542ns          349602 1c008196 2078788b p.lw             x17, x7(x16!)       x17=0000001d x16=10000374  x7:00000020 x16:10000354  PA:10000354
20611582ns          349604 1c00819a 43130733 p.mac            x14, x6, x17        x14=000274e0 x14:0001cb85  x6:000005d7 x17:0000001d
20611601ns          349605 1c008192 0046230b p.lw             x6, 4(x12!)          x6=000005fe x12=10000474 x12:10000470  PA:10000470
20611621ns          349606 1c008196 2078788b p.lw             x17, x7(x16!)       x17=00000015 x16=10000394  x7:00000020 x16:10000374  PA:10000374
20611661ns          349608 1c00819a 43130733 p.mac            x14, x6, x17        x14=0002f2b6 x14:000274e0  x6:000005fe x17:00000015
20611681ns          349609 1c008192 0046230b p.lw             x6, 4(x12!)          x6=00000625 x12=10000478 x12:10000474  PA:10000474
20611701ns          349610 1c008196 2078788b p.lw             x17, x7(x16!)       x17=0000000d x16=100003b4  x7:00000020 x16:10000394  PA:10000394
20611741ns          349612 1c00819a 43130733 p.mac            x14, x6, x17        x14=00034297 x14:0002f2b6  x6:00000625 x17:0000000d
20611761ns          349613 1c008192 0046230b p.lw             x6, 4(x12!)          x6=0000064c x12=1000047c x12:10000478  PA:10000478
20611780ns          349614 1c008196 2078788b p.lw             x17, x7(x16!)       x17=00000005 x16=100003d4  x7:00000020 x16:100003b4  PA:100003b4
20611820ns          349616 1c00819a 43130733 p.mac            x14, x6, x17        x14=00036213 x14:00034297  x6:0000064c x17:00000005
20611840ns          349617 1c008192 0046230b p.lw             x6, 4(x12!)          x6=00000673 x12=10000480 x12:1000047c  PA:1000047c
20611860ns          349618 1c008196 2078788b p.lw             x17, x7(x16!)       x17=fffffffd x16=100003f4  x7:00000020 x16:100003d4  PA:100003d4
20611900ns          349620 1c00819a 43130733 p.mac            x14, x6, x17        x14=00034eba x14:00036213  x6:00000673 x17:fffffffd
20611920ns          349621 1c008192 0046230b p.lw             x6, 4(x12!)          x6=0000069a x12=10000484 x12:10000480  PA:10000480
20611940ns          349622 1c008196 2078788b p.lw             x17, x7(x16!)       x17=fffffff5 x16=10000414  x7:00000020 x16:100003f4  PA:100003f4
20611979ns          349624 1c00819a 43130733 p.mac            x14, x6, x17        x14=0003061c x14:00034eba  x6:0000069a x17:fffffff5
20611999ns          349625 1c00819e 00ef222b p.sw             x14, 4(x30!)        x30=10000c78 x14:0003061c x30:10000c74  PA:10000c74
20612019ns          349626 1c0081a2 004e8e93 addi             x29, x29, 4         x29=10000318 x29:10000314
20612059ns          349628 1c00817e 40af87b3 sub              x15, x31, x10       x15=00000020 x31:10000484 x10:10000464
20612079ns          349629 1c008182 ffc78793 addi             x15, x15, -4        x15=0000001c x15:00000020
20612099ns          349630 1c008184 0027d793 srli             x15, x15, 0x2       x15=00000007 x15:0000001c
20612119ns          349631 1c008186 01d00833 add              x16, x0, x29        x16=10000318 x29:10000318
20612139ns          349632 1c008188 00a00633 add              x12, x0, x10        x12=10000464 x10:10000464
20612158ns          349633 1c00818a 00000713 addi             x14, x0, 0          x14=00000000
20612178ns          349634 1c00818c 00178793 addi             x15, x15, 1         x15=00000008 x15:00000007
20612198ns          349635 1c00818e 0067c0fb lp.setup         0x1, x15, 0x6       x15:00000008
20612218ns          349636 1c008192 0046230b p.lw             x6, 4(x12!)          x6=00000589 x12=10000468 x12:10000464  PA:10000464
20612238ns          349637 1c008196 2078788b p.lw             x17, x7(x16!)       x17=0000002c x16=10000338  x7:00000020 x16:10000318  PA:10000318
20612278ns          349639 1c00819a 43130733 p.mac            x14, x6, x17        x14=0000f38c x14:00000000  x6:00000589 x17:0000002c
20612298ns          349640 1c008192 0046230b p.lw             x6, 4(x12!)          x6=000005b0 x12=1000046c x12:10000468  PA:10000468
20612318ns          349641 1c008196 2078788b p.lw             x17, x7(x16!)       x17=00000024 x16=10000358  x7:00000020 x16:10000338  PA:10000338
20612357ns          349643 1c00819a 43130733 p.mac            x14, x6, x17        x14=0001c04c x14:0000f38c  x6:000005b0 x17:00000024
20612377ns          349644 1c008192 0046230b p.lw             x6, 4(x12!)          x6=000005d7 x12=10000470 x12:1000046c  PA:1000046c
20612397ns          349645 1c008196 2078788b p.lw             x17, x7(x16!)       x17=0000001c x16=10000378  x7:00000020 x16:10000358  PA:10000358
20612437ns          349647 1c00819a 43130733 p.mac            x14, x6, x17        x14=000263d0 x14:0001c04c  x6:000005d7 x17:0000001c
20612457ns          349648 1c008192 0046230b p.lw             x6, 4(x12!)          x6=000005fe x12=10000474 x12:10000470  PA:10000470
20612477ns          349649 1c008196 2078788b p.lw             x17, x7(x16!)       x17=00000014 x16=10000398  x7:00000020 x16:10000378  PA:10000378
20612516ns          349651 1c00819a 43130733 p.mac            x14, x6, x17        x14=0002dba8 x14:000263d0  x6:000005fe x17:00000014
20612536ns          349652 1c008192 0046230b p.lw             x6, 4(x12!)          x6=00000625 x12=10000478 x12:10000474  PA:10000474
20612556ns          349653 1c008196 2078788b p.lw             x17, x7(x16!)       x17=0000000c x16=100003b8  x7:00000020 x16:10000398  PA:10000398
20612596ns          349655 1c00819a 43130733 p.mac            x14, x6, x17        x14=00032564 x14:0002dba8  x6:00000625 x17:0000000c
20612616ns          349656 1c008192 0046230b p.lw             x6, 4(x12!)          x6=0000064c x12=1000047c x12:10000478  PA:10000478
20612636ns          349657 1c008196 2078788b p.lw             x17, x7(x16!)       x17=00000004 x16=100003d8  x7:00000020 x16:100003b8  PA:100003b8
20612676ns          349659 1c00819a 43130733 p.mac            x14, x6, x17        x14=00033e94 x14:00032564  x6:0000064c x17:00000004
20612695ns          349660 1c008192 0046230b p.lw             x6, 4(x12!)          x6=00000673 x12=10000480 x12:1000047c  PA:1000047c
20612715ns          349661 1c008196 2078788b p.lw             x17, x7(x16!)       x17=fffffffc x16=100003f8  x7:00000020 x16:100003d8  PA:100003d8
20612755ns          349663 1c00819a 43130733 p.mac            x14, x6, x17        x14=000324c8 x14:00033e94  x6:00000673 x17:fffffffc
20612775ns          349664 1c008192 0046230b p.lw             x6, 4(x12!)          x6=0000069a x12=10000484 x12:10000480  PA:10000480
20612795ns          349665 1c008196 2078788b p.lw             x17, x7(x16!)       x17=fffffff4 x16=10000418  x7:00000020 x16:100003f8  PA:100003f8
20612835ns          349667 1c00819a 43130733 p.mac            x14, x6, x17        x14=0002d590 x14:000324c8  x6:0000069a x17:fffffff4
20612855ns          349668 1c00819e 00ef222b p.sw             x14, 4(x30!)        x30=10000c7c x14:0002d590 x30:10000c78  PA:10000c78
20612874ns          349669 1c0081a2 004e8e93 addi             x29, x29, 4         x29=1000031c x29:10000318
20612914ns          349671 1c00817e 40af87b3 sub              x15, x31, x10       x15=00000020 x31:10000484 x10:10000464
20612934ns          349672 1c008182 ffc78793 addi             x15, x15, -4        x15=0000001c x15:00000020
20612954ns          349673 1c008184 0027d793 srli             x15, x15, 0x2       x15=00000007 x15:0000001c
20612974ns          349674 1c008186 01d00833 add              x16, x0, x29        x16=1000031c x29:1000031c
20612994ns          349675 1c008188 00a00633 add              x12, x0, x10        x12=10000464 x10:10000464
20613014ns          349676 1c00818a 00000713 addi             x14, x0, 0          x14=00000000
20613034ns          349677 1c00818c 00178793 addi             x15, x15, 1         x15=00000008 x15:00000007
20613054ns          349678 1c00818e 0067c0fb lp.setup         0x1, x15, 0x6       x15:00000008
20613073ns          349679 1c008192 0046230b p.lw             x6, 4(x12!)          x6=00000589 x12=10000468 x12:10000464  PA:10000464
20613093ns          349680 1c008196 2078788b p.lw             x17, x7(x16!)       x17=0000002b x16=1000033c  x7:00000020 x16:1000031c  PA:1000031c
20613133ns          349682 1c00819a 43130733 p.mac            x14, x6, x17        x14=0000ee03 x14:00000000  x6:00000589 x17:0000002b
20613153ns          349683 1c008192 0046230b p.lw             x6, 4(x12!)          x6=000005b0 x12=1000046c x12:10000468  PA:10000468
20613173ns          349684 1c008196 2078788b p.lw             x17, x7(x16!)       x17=00000023 x16=1000035c  x7:00000020 x16:1000033c  PA:1000033c
20613213ns          349686 1c00819a 43130733 p.mac            x14, x6, x17        x14=0001b513 x14:0000ee03  x6:000005b0 x17:00000023
20613233ns          349687 1c008192 0046230b p.lw             x6, 4(x12!)          x6=000005d7 x12=10000470 x12:1000046c  PA:1000046c
20613252ns          349688 1c008196 2078788b p.lw             x17, x7(x16!)       x17=0000001b x16=1000037c  x7:00000020 x16:1000035c  PA:1000035c
20613292ns          349690 1c00819a 43130733 p.mac            x14, x6, x17        x14=000252c0 x14:0001b513  x6:000005d7 x17:0000001b
20613312ns          349691 1c008192 0046230b p.lw             x6, 4(x12!)          x6=000005fe x12=10000474 x12:10000470  PA:10000470
20613332ns          349692 1c008196 2078788b p.lw             x17, x7(x16!)       x17=00000013 x16=1000039c  x7:00000020 x16:1000037c  PA:1000037c
20613372ns          349694 1c00819a 43130733 p.mac            x14, x6, x17        x14=0002c49a x14:000252c0  x6:000005fe x17:00000013
20613392ns          349695 1c008192 0046230b p.lw             x6, 4(x12!)          x6=00000625 x12=10000478 x12:10000474  PA:10000474
20613412ns          349696 1c008196 2078788b p.lw             x17, x7(x16!)       x17=0000000b x16=100003bc  x7:00000020 x16:1000039c  PA:1000039c
20613451ns          349698 1c00819a 43130733 p.mac            x14, x6, x17        x14=00030831 x14:0002c49a  x6:00000625 x17:0000000b
20613471ns          349699 1c008192 0046230b p.lw             x6, 4(x12!)          x6=0000064c x12=1000047c x12:10000478  PA:10000478
20613491ns          349700 1c008196 2078788b p.lw             x17, x7(x16!)       x17=00000003 x16=100003dc  x7:00000020 x16:100003bc  PA:100003bc
20613531ns          349702 1c00819a 43130733 p.mac            x14, x6, x17        x14=00031b15 x14:00030831  x6:0000064c x17:00000003
20613551ns          349703 1c008192 0046230b p.lw             x6, 4(x12!)          x6=00000673 x12=10000480 x12:1000047c  PA:1000047c
20613571ns          349704 1c008196 2078788b p.lw             x17, x7(x16!)       x17=fffffffb x16=100003fc  x7:00000020 x16:100003dc  PA:100003dc
20613610ns          349706 1c00819a 43130733 p.mac            x14, x6, x17        x14=0002fad6 x14:00031b15  x6:00000673 x17:fffffffb
20613630ns          349707 1c008192 0046230b p.lw             x6, 4(x12!)          x6=0000069a x12=10000484 x12:10000480  PA:10000480
20613650ns          349708 1c008196 2078788b p.lw             x17, x7(x16!)       x17=fffffff3 x16=1000041c  x7:00000020 x16:100003fc  PA:100003fc
20613690ns          349710 1c00819a 43130733 p.mac            x14, x6, x17        x14=0002a504 x14:0002fad6  x6:0000069a x17:fffffff3
20613710ns          349711 1c00819e 00ef222b p.sw             x14, 4(x30!)        x30=10000c80 x14:0002a504 x30:10000c7c  PA:10000c7c
20613730ns          349712 1c0081a2 004e8e93 addi             x29, x29, 4         x29=10000320 x29:1000031c
20613770ns          349714 1c00817e 40af87b3 sub              x15, x31, x10       x15=00000020 x31:10000484 x10:10000464
20613789ns          349715 1c008182 ffc78793 addi             x15, x15, -4        x15=0000001c x15:00000020
20613809ns          349716 1c008184 0027d793 srli             x15, x15, 0x2       x15=00000007 x15:0000001c
20613829ns          349717 1c008186 01d00833 add              x16, x0, x29        x16=10000320 x29:10000320
20613849ns          349718 1c008188 00a00633 add              x12, x0, x10        x12=10000464 x10:10000464
20613869ns          349719 1c00818a 00000713 addi             x14, x0, 0          x14=00000000
20613889ns          349720 1c00818c 00178793 addi             x15, x15, 1         x15=00000008 x15:00000007
20613909ns          349721 1c00818e 0067c0fb lp.setup         0x1, x15, 0x6       x15:00000008
20613929ns          349722 1c008192 0046230b p.lw             x6, 4(x12!)          x6=00000589 x12=10000468 x12:10000464  PA:10000464
20613949ns          349723 1c008196 2078788b p.lw             x17, x7(x16!)       x17=0000002a x16=10000340  x7:00000020 x16:10000320  PA:10000320
20613988ns          349725 1c00819a 43130733 p.mac            x14, x6, x17        x14=0000e87a x14:00000000  x6:00000589 x17:0000002a
20614008ns          349726 1c008192 0046230b p.lw             x6, 4(x12!)          x6=000005b0 x12=1000046c x12:10000468  PA:10000468
20614028ns          349727 1c008196 2078788b p.lw             x17, x7(x16!)       x17=00000022 x16=10000360  x7:00000020 x16:10000340  PA:10000340
20614068ns          349729 1c00819a 43130733 p.mac            x14, x6, x17        x14=0001a9da x14:0000e87a  x6:000005b0 x17:00000022
20614088ns          349730 1c008192 0046230b p.lw             x6, 4(x12!)          x6=000005d7 x12=10000470 x12:1000046c  PA:1000046c
20614108ns          349731 1c008196 2078788b p.lw             x17, x7(x16!)       x17=0000001a x16=10000380  x7:00000020 x16:10000360  PA:10000360
20614147ns          349733 1c00819a 43130733 p.mac            x14, x6, x17        x14=000241b0 x14:0001a9da  x6:000005d7 x17:0000001a
20614167ns          349734 1c008192 0046230b p.lw             x6, 4(x12!)          x6=000005fe x12=10000474 x12:10000470  PA:10000470
20614187ns          349735 1c008196 2078788b p.lw             x17, x7(x16!)       x17=00000012 x16=100003a0  x7:00000020 x16:10000380  PA:10000380
20614227ns          349737 1c00819a 43130733 p.mac            x14, x6, x17        x14=0002ad8c x14:000241b0  x6:000005fe x17:00000012
20614247ns          349738 1c008192 0046230b p.lw             x6, 4(x12!)          x6=00000625 x12=10000478 x12:10000474  PA:10000474
20614267ns          349739 1c008196 2078788b p.lw             x17, x7(x16!)       x17=0000000a x16=100003c0  x7:00000020 x16:100003a0  PA:100003a0
20614307ns          349741 1c00819a 43130733 p.mac            x14, x6, x17        x14=0002eafe x14:0002ad8c  x6:00000625 x17:0000000a
20614327ns          349742 1c008192 0046230b p.lw             x6, 4(x12!)          x6=0000064c x12=1000047c x12:10000478  PA:10000478
20614346ns          349743 1c008196 2078788b p.lw             x17, x7(x16!)       x17=00000002 x16=100003e0  x7:00000020 x16:100003c0  PA:100003c0
20614386ns          349745 1c00819a 43130733 p.mac            x14, x6, x17        x14=0002f796 x14:0002eafe  x6:0000064c x17:00000002
20614406ns          349746 1c008192 0046230b p.lw             x6, 4(x12!)          x6=00000673 x12=10000480 x12:1000047c  PA:1000047c
20614426ns          349747 1c008196 2078788b p.lw             x17, x7(x16!)       x17=fffffffa x16=10000400  x7:00000020 x16:100003e0  PA:100003e0
20614466ns          349749 1c00819a 43130733 p.mac            x14, x6, x17        x14=0002d0e4 x14:0002f796  x6:00000673 x17:fffffffa
20614486ns          349750 1c008192 0046230b p.lw             x6, 4(x12!)          x6=0000069a x12=10000484 x12:10000480  PA:10000480
20614506ns          349751 1c008196 2078788b p.lw             x17, x7(x16!)       x17=fffffff2 x16=10000420  x7:00000020 x16:10000400  PA:10000400
20614545ns          349753 1c00819a 43130733 p.mac            x14, x6, x17        x14=00027478 x14:0002d0e4  x6:0000069a x17:fffffff2
20614565ns          349754 1c00819e 00ef222b p.sw             x14, 4(x30!)        x30=10000c84 x14:00027478 x30:10000c80  PA:10000c80
20614585ns          349755 1c0081a2 004e8e93 addi             x29, x29, 4         x29=10000324 x29:10000320
20614605ns          349756 1c0081a4 00128293 addi             x5, x5, 1            x5=00000004  x5:00000003
20614625ns          349757 1c0081a6 00750533 add              x10, x10, x7        x10=10000484 x10:10000464  x7:00000020
20614645ns          349758 1c0081a8 007f8fb3 add              x31, x31, x7        x31=100004a4 x31:10000484  x7:00000020
20614665ns          349759 1c0081aa fa569fe3 bne              x13, x5, -66        x13:00000008  x5:00000004
20614724ns          349762 1c008168 40b48e33 sub              x28, x9, x11        x28=00000020  x9:10000324 x11:10000304
20614744ns          349763 1c00816c ffce0e13 addi             x28, x28, -4        x28=0000001c x28:00000020
20614764ns          349764 1c00816e 002e5e13 srli             x28, x28, 0x2       x28=00000007 x28:0000001c
20614784ns          349765 1c008172 008f8f33 add              x30, x31, x8        x30=10000c84 x31:100004a4  x8:000007e0
20614804ns          349766 1c008176 00b00eb3 add              x29, x0, x11        x29=10000304 x11:10000304
20614824ns          349767 1c008178 001e0e13 addi             x28, x28, 1         x28=00000008 x28:00000007
20614844ns          349768 1c00817a 014e407b lp.setup         0x0, x28, 0x14      x28:00000008
20614864ns          349769 1c00817e 40af87b3 sub              x15, x31, x10       x15=00000020 x31:100004a4 x10:10000484
20614883ns          349770 1c008182 ffc78793 addi             x15, x15, -4        x15=0000001c x15:00000020
20614903ns          349771 1c008184 0027d793 srli             x15, x15, 0x2       x15=00000007 x15:0000001c
20614923ns          349772 1c008186 01d00833 add              x16, x0, x29        x16=10000304 x29:10000304
20614943ns          349773 1c008188 00a00633 add              x12, x0, x10        x12=10000484 x10:10000484
20614963ns          349774 1c00818a 00000713 addi             x14, x0, 0          x14=00000000
20614983ns          349775 1c00818c 00178793 addi             x15, x15, 1         x15=00000008 x15:00000007
20615003ns          349776 1c00818e 0067c0fb lp.setup         0x1, x15, 0x6       x15:00000008
20615023ns          349777 1c008192 0046230b p.lw             x6, 4(x12!)          x6=00000f01 x12=10000488 x12:10000484  PA:10000484
20615043ns          349778 1c008196 2078788b p.lw             x17, x7(x16!)       x17=00000031 x16=10000324  x7:00000020 x16:10000304  PA:10000304
20615082ns          349780 1c00819a 43130733 p.mac            x14, x6, x17        x14=0002df31 x14:00000000  x6:00000f01 x17:00000031
20615102ns          349781 1c008192 0046230b p.lw             x6, 4(x12!)          x6=00000fa8 x12=1000048c x12:10000488  PA:10000488
20615122ns          349782 1c008196 2078788b p.lw             x17, x7(x16!)       x17=00000029 x16=10000344  x7:00000020 x16:10000324  PA:10000324
20615162ns          349784 1c00819a 43130733 p.mac            x14, x6, x17        x14=00056119 x14:0002df31  x6:00000fa8 x17:00000029
20615182ns          349785 1c008192 0046230b p.lw             x6, 4(x12!)          x6=0000104f x12=10000490 x12:1000048c  PA:1000048c
20615202ns          349786 1c008196 2078788b p.lw             x17, x7(x16!)       x17=00000021 x16=10000364  x7:00000020 x16:10000344  PA:10000344
20615241ns          349788 1c00819a 43130733 p.mac            x14, x6, x17        x14=00077b48 x14:00056119  x6:0000104f x17:00000021
20615261ns          349789 1c008192 0046230b p.lw             x6, 4(x12!)          x6=000010f6 x12=10000494 x12:10000490  PA:10000490
20615281ns          349790 1c008196 2078788b p.lw             x17, x7(x16!)       x17=00000019 x16=10000384  x7:00000020 x16:10000364  PA:10000364
20615321ns          349792 1c00819a 43130733 p.mac            x14, x6, x17        x14=0009234e x14:00077b48  x6:000010f6 x17:00000019
20615341ns          349793 1c008192 0046230b p.lw             x6, 4(x12!)          x6=0000119d x12=10000498 x12:10000494  PA:10000494
20615361ns          349794 1c008196 2078788b p.lw             x17, x7(x16!)       x17=00000011 x16=100003a4  x7:00000020 x16:10000384  PA:10000384
20615401ns          349796 1c00819a 43130733 p.mac            x14, x6, x17        x14=000a4ebb x14:0009234e  x6:0000119d x17:00000011
20615421ns          349797 1c008192 0046230b p.lw             x6, 4(x12!)          x6=00001244 x12=1000049c x12:10000498  PA:10000498
20615440ns          349798 1c008196 2078788b p.lw             x17, x7(x16!)       x17=00000009 x16=100003c4  x7:00000020 x16:100003a4  PA:100003a4
20615480ns          349800 1c00819a 43130733 p.mac            x14, x6, x17        x14=000af31f x14:000a4ebb  x6:00001244 x17:00000009
20615500ns          349801 1c008192 0046230b p.lw             x6, 4(x12!)          x6=000012eb x12=100004a0 x12:1000049c  PA:1000049c
20615520ns          349802 1c008196 2078788b p.lw             x17, x7(x16!)       x17=00000001 x16=100003e4  x7:00000020 x16:100003c4  PA:100003c4
20615560ns          349804 1c00819a 43130733 p.mac            x14, x6, x17        x14=000b060a x14:000af31f  x6:000012eb x17:00000001
20615580ns          349805 1c008192 0046230b p.lw             x6, 4(x12!)          x6=00001392 x12=100004a4 x12:100004a0  PA:100004a0
20615600ns          349806 1c008196 2078788b p.lw             x17, x7(x16!)       x17=fffffff9 x16=10000404  x7:00000020 x16:100003e4  PA:100003e4
20615639ns          349808 1c00819a 43130733 p.mac            x14, x6, x17        x14=000a7d0c x14:000b060a  x6:00001392 x17:fffffff9
20615659ns          349809 1c00819e 00ef222b p.sw             x14, 4(x30!)        x30=10000c88 x14:000a7d0c x30:10000c84  PA:10000c84
20615679ns          349810 1c0081a2 004e8e93 addi             x29, x29, 4         x29=10000308 x29:10000304
20615719ns          349812 1c00817e 40af87b3 sub              x15, x31, x10       x15=00000020 x31:100004a4 x10:10000484
20615739ns          349813 1c008182 ffc78793 addi             x15, x15, -4        x15=0000001c x15:00000020
20615759ns          349814 1c008184 0027d793 srli             x15, x15, 0x2       x15=00000007 x15:0000001c
20615779ns          349815 1c008186 01d00833 add              x16, x0, x29        x16=10000308 x29:10000308
20615798ns          349816 1c008188 00a00633 add              x12, x0, x10        x12=10000484 x10:10000484
20615818ns          349817 1c00818a 00000713 addi             x14, x0, 0          x14=00000000
20615838ns          349818 1c00818c 00178793 addi             x15, x15, 1         x15=00000008 x15:00000007
20615858ns          349819 1c00818e 0067c0fb lp.setup         0x1, x15, 0x6       x15:00000008
20615878ns          349820 1c008192 0046230b p.lw             x6, 4(x12!)          x6=00000f01 x12=10000488 x12:10000484  PA:10000484
20615898ns          349821 1c008196 2078788b p.lw             x17, x7(x16!)       x17=00000030 x16=10000328  x7:00000020 x16:10000308  PA:10000308
20615938ns          349823 1c00819a 43130733 p.mac            x14, x6, x17        x14=0002d030 x14:00000000  x6:00000f01 x17:00000030
20615958ns          349824 1c008192 0046230b p.lw             x6, 4(x12!)          x6=00000fa8 x12=1000048c x12:10000488  PA:10000488
20615977ns          349825 1c008196 2078788b p.lw             x17, x7(x16!)       x17=00000028 x16=10000348  x7:00000020 x16:10000328  PA:10000328
20616017ns          349827 1c00819a 43130733 p.mac            x14, x6, x17        x14=00054270 x14:0002d030  x6:00000fa8 x17:00000028
20616037ns          349828 1c008192 0046230b p.lw             x6, 4(x12!)          x6=0000104f x12=10000490 x12:1000048c  PA:1000048c
20616057ns          349829 1c008196 2078788b p.lw             x17, x7(x16!)       x17=00000020 x16=10000368  x7:00000020 x16:10000348  PA:10000348
20616097ns          349831 1c00819a 43130733 p.mac            x14, x6, x17        x14=00074c50 x14:00054270  x6:0000104f x17:00000020
20616117ns          349832 1c008192 0046230b p.lw             x6, 4(x12!)          x6=000010f6 x12=10000494 x12:10000490  PA:10000490
20616137ns          349833 1c008196 2078788b p.lw             x17, x7(x16!)       x17=00000018 x16=10000388  x7:00000020 x16:10000368  PA:10000368
20616176ns          349835 1c00819a 43130733 p.mac            x14, x6, x17        x14=0008e360 x14:00074c50  x6:000010f6 x17:00000018
20616196ns          349836 1c008192 0046230b p.lw             x6, 4(x12!)          x6=0000119d x12=10000498 x12:10000494  PA:10000494
20616216ns          349837 1c008196 2078788b p.lw             x17, x7(x16!)       x17=00000010 x16=100003a8  x7:00000020 x16:10000388  PA:10000388
20616276ns          349840 1c00819a 43130733 p.mac            x14, x6, x17        x14=0009fd30 x14:0008e360  x6:0000119d x17:00000010
20616296ns          349841 1c008192 0046230b p.lw             x6, 4(x12!)          x6=00001244 x12=1000049c x12:10000498  PA:10000498
20616316ns          349842 1c008196 2078788b p.lw             x17, x7(x16!)       x17=00000008 x16=100003c8  x7:00000020 x16:100003a8  PA:100003a8
20616355ns          349844 1c00819a 43130733 p.mac            x14, x6, x17        x14=000a8f50 x14:0009fd30  x6:00001244 x17:00000008
20616375ns          349845 1c008192 0046230b p.lw             x6, 4(x12!)          x6=000012eb x12=100004a0 x12:1000049c  PA:1000049c
20616395ns          349846 1c008196 2078788b p.lw             x17, x7(x16!)       x17=00000000 x16=100003e8  x7:00000020 x16:100003c8  PA:100003c8
20616435ns          349848 1c00819a 43130733 p.mac            x14, x6, x17        x14=000a8f50 x14:000a8f50  x6:000012eb x17:00000000
20616455ns          349849 1c008192 0046230b p.lw             x6, 4(x12!)          x6=00001392 x12=100004a4 x12:100004a0  PA:100004a0
20616475ns          349850 1c008196 2078788b p.lw             x17, x7(x16!)       x17=fffffff8 x16=10000408  x7:00000020 x16:100003e8  PA:100003e8
20616514ns          349852 1c00819a 43130733 p.mac            x14, x6, x17        x14=0009f2c0 x14:000a8f50  x6:00001392 x17:fffffff8
20616534ns          349853 1c00819e 00ef222b p.sw             x14, 4(x30!)        x30=10000c8c x14:0009f2c0 x30:10000c88  PA:10000c88
20616554ns          349854 1c0081a2 004e8e93 addi             x29, x29, 4         x29=1000030c x29:10000308
20616594ns          349856 1c00817e 40af87b3 sub              x15, x31, x10       x15=00000020 x31:100004a4 x10:10000484
20616614ns          349857 1c008182 ffc78793 addi             x15, x15, -4        x15=0000001c x15:00000020
20616634ns          349858 1c008184 0027d793 srli             x15, x15, 0x2       x15=00000007 x15:0000001c
20616654ns          349859 1c008186 01d00833 add              x16, x0, x29        x16=1000030c x29:1000030c
20616674ns          349860 1c008188 00a00633 add              x12, x0, x10        x12=10000484 x10:10000484
20616694ns          349861 1c00818a 00000713 addi             x14, x0, 0          x14=00000000
20616713ns          349862 1c00818c 00178793 addi             x15, x15, 1         x15=00000008 x15:00000007
20616733ns          349863 1c00818e 0067c0fb lp.setup         0x1, x15, 0x6       x15:00000008
20616753ns          349864 1c008192 0046230b p.lw             x6, 4(x12!)          x6=00000f01 x12=10000488 x12:10000484  PA:10000484
20616773ns          349865 1c008196 2078788b p.lw             x17, x7(x16!)       x17=0000002f x16=1000032c  x7:00000020 x16:1000030c  PA:1000030c
20616813ns          349867 1c00819a 43130733 p.mac            x14, x6, x17        x14=0002c12f x14:00000000  x6:00000f01 x17:0000002f
20616833ns          349868 1c008192 0046230b p.lw             x6, 4(x12!)          x6=00000fa8 x12=1000048c x12:10000488  PA:10000488
20616853ns          349869 1c008196 2078788b p.lw             x17, x7(x16!)       x17=00000027 x16=1000034c  x7:00000020 x16:1000032c  PA:1000032c
20616892ns          349871 1c00819a 43130733 p.mac            x14, x6, x17        x14=000523c7 x14:0002c12f  x6:00000fa8 x17:00000027
20616912ns          349872 1c008192 0046230b p.lw             x6, 4(x12!)          x6=0000104f x12=10000490 x12:1000048c  PA:1000048c
20616932ns          349873 1c008196 2078788b p.lw             x17, x7(x16!)       x17=0000001f x16=1000036c  x7:00000020 x16:1000034c  PA:1000034c
20616972ns          349875 1c00819a 43130733 p.mac            x14, x6, x17        x14=00071d58 x14:000523c7  x6:0000104f x17:0000001f
20616992ns          349876 1c008192 0046230b p.lw             x6, 4(x12!)          x6=000010f6 x12=10000494 x12:10000490  PA:10000490
20617012ns          349877 1c008196 2078788b p.lw             x17, x7(x16!)       x17=00000017 x16=1000038c  x7:00000020 x16:1000036c  PA:1000036c
20617052ns          349879 1c00819a 43130733 p.mac            x14, x6, x17        x14=0008a372 x14:00071d58  x6:000010f6 x17:00000017
20617071ns          349880 1c008192 0046230b p.lw             x6, 4(x12!)          x6=0000119d x12=10000498 x12:10000494  PA:10000494
20617091ns          349881 1c008196 2078788b p.lw             x17, x7(x16!)       x17=0000000f x16=100003ac  x7:00000020 x16:1000038c  PA:1000038c
20617131ns          349883 1c00819a 43130733 p.mac            x14, x6, x17        x14=0009aba5 x14:0008a372  x6:0000119d x17:0000000f
20617151ns          349884 1c008192 0046230b p.lw             x6, 4(x12!)          x6=00001244 x12=1000049c x12:10000498  PA:10000498
20617171ns          349885 1c008196 2078788b p.lw             x17, x7(x16!)       x17=00000007 x16=100003cc  x7:00000020 x16:100003ac  PA:100003ac
20617211ns          349887 1c00819a 43130733 p.mac            x14, x6, x17        x14=000a2b81 x14:0009aba5  x6:00001244 x17:00000007
20617231ns          349888 1c008192 0046230b p.lw             x6, 4(x12!)          x6=000012eb x12=100004a0 x12:1000049c  PA:1000049c
20617250ns          349889 1c008196 2078788b p.lw             x17, x7(x16!)       x17=ffffffff x16=100003ec  x7:00000020 x16:100003cc  PA:100003cc
20617290ns          349891 1c00819a 43130733 p.mac            x14, x6, x17        x14=000a1896 x14:000a2b81  x6:000012eb x17:ffffffff
20617310ns          349892 1c008192 0046230b p.lw             x6, 4(x12!)          x6=00001392 x12=100004a4 x12:100004a0  PA:100004a0
20617330ns          349893 1c008196 2078788b p.lw             x17, x7(x16!)       x17=fffffff7 x16=1000040c  x7:00000020 x16:100003ec  PA:100003ec
20617370ns          349895 1c00819a 43130733 p.mac            x14, x6, x17        x14=00096874 x14:000a1896  x6:00001392 x17:fffffff7
20617390ns          349896 1c00819e 00ef222b p.sw             x14, 4(x30!)        x30=10000c90 x14:00096874 x30:10000c8c  PA:10000c8c
20617410ns          349897 1c0081a2 004e8e93 addi             x29, x29, 4         x29=10000310 x29:1000030c
20617449ns          349899 1c00817e 40af87b3 sub              x15, x31, x10       x15=00000020 x31:100004a4 x10:10000484
20617469ns          349900 1c008182 ffc78793 addi             x15, x15, -4        x15=0000001c x15:00000020
20617489ns          349901 1c008184 0027d793 srli             x15, x15, 0x2       x15=00000007 x15:0000001c
20617509ns          349902 1c008186 01d00833 add              x16, x0, x29        x16=10000310 x29:10000310
20617529ns          349903 1c008188 00a00633 add              x12, x0, x10        x12=10000484 x10:10000484
20617549ns          349904 1c00818a 00000713 addi             x14, x0, 0          x14=00000000
20617569ns          349905 1c00818c 00178793 addi             x15, x15, 1         x15=00000008 x15:00000007
20617589ns          349906 1c00818e 0067c0fb lp.setup         0x1, x15, 0x6       x15:00000008
20617608ns          349907 1c008192 0046230b p.lw             x6, 4(x12!)          x6=00000f01 x12=10000488 x12:10000484  PA:10000484
20617628ns          349908 1c008196 2078788b p.lw             x17, x7(x16!)       x17=0000002e x16=10000330  x7:00000020 x16:10000310  PA:10000310
20617668ns          349910 1c00819a 43130733 p.mac            x14, x6, x17        x14=0002b22e x14:00000000  x6:00000f01 x17:0000002e
20617688ns          349911 1c008192 0046230b p.lw             x6, 4(x12!)          x6=00000fa8 x12=1000048c x12:10000488  PA:10000488
20617708ns          349912 1c008196 2078788b p.lw             x17, x7(x16!)       x17=00000026 x16=10000350  x7:00000020 x16:10000330  PA:10000330
20617748ns          349914 1c00819a 43130733 p.mac            x14, x6, x17        x14=0005051e x14:0002b22e  x6:00000fa8 x17:00000026
20617768ns          349915 1c008192 0046230b p.lw             x6, 4(x12!)          x6=0000104f x12=10000490 x12:1000048c  PA:1000048c
20617788ns          349916 1c008196 2078788b p.lw             x17, x7(x16!)       x17=0000001e x16=10000370  x7:00000020 x16:10000350  PA:10000350
20617827ns          349918 1c00819a 43130733 p.mac            x14, x6, x17        x14=0006ee60 x14:0005051e  x6:0000104f x17:0000001e
20617847ns          349919 1c008192 0046230b p.lw             x6, 4(x12!)          x6=000010f6 x12=10000494 x12:10000490  PA:10000490
20617867ns          349920 1c008196 2078788b p.lw             x17, x7(x16!)       x17=00000016 x16=10000390  x7:00000020 x16:10000370  PA:10000370
20617907ns          349922 1c00819a 43130733 p.mac            x14, x6, x17        x14=00086384 x14:0006ee60  x6:000010f6 x17:00000016
20617927ns          349923 1c008192 0046230b p.lw             x6, 4(x12!)          x6=0000119d x12=10000498 x12:10000494  PA:10000494
20617947ns          349924 1c008196 2078788b p.lw             x17, x7(x16!)       x17=0000000e x16=100003b0  x7:00000020 x16:10000390  PA:10000390
20617986ns          349926 1c00819a 43130733 p.mac            x14, x6, x17        x14=00095a1a x14:00086384  x6:0000119d x17:0000000e
20618006ns          349927 1c008192 0046230b p.lw             x6, 4(x12!)          x6=00001244 x12=1000049c x12:10000498  PA:10000498
20618026ns          349928 1c008196 2078788b p.lw             x17, x7(x16!)       x17=00000006 x16=100003d0  x7:00000020 x16:100003b0  PA:100003b0
20618066ns          349930 1c00819a 43130733 p.mac            x14, x6, x17        x14=0009c7b2 x14:00095a1a  x6:00001244 x17:00000006
20618086ns          349931 1c008192 0046230b p.lw             x6, 4(x12!)          x6=000012eb x12=100004a0 x12:1000049c  PA:1000049c
20618106ns          349932 1c008196 2078788b p.lw             x17, x7(x16!)       x17=fffffffe x16=100003f0  x7:00000020 x16:100003d0  PA:100003d0
20618146ns          349934 1c00819a 43130733 p.mac            x14, x6, x17        x14=0009a1dc x14:0009c7b2  x6:000012eb x17:fffffffe
20618165ns          349935 1c008192 0046230b p.lw             x6, 4(x12!)          x6=00001392 x12=100004a4 x12:100004a0  PA:100004a0
20618185ns          349936 1c008196 2078788b p.lw             x17, x7(x16!)       x17=fffffff6 x16=10000410  x7:00000020 x16:100003f0  PA:100003f0
20618225ns          349938 1c00819a 43130733 p.mac            x14, x6, x17        x14=0008de28 x14:0009a1dc  x6:00001392 x17:fffffff6
20618245ns          349939 1c00819e 00ef222b p.sw             x14, 4(x30!)        x30=10000c94 x14:0008de28 x30:10000c90  PA:10000c90
20618265ns          349940 1c0081a2 004e8e93 addi             x29, x29, 4         x29=10000314 x29:10000310
20618305ns          349942 1c00817e 40af87b3 sub              x15, x31, x10       x15=00000020 x31:100004a4 x10:10000484
20618325ns          349943 1c008182 ffc78793 addi             x15, x15, -4        x15=0000001c x15:00000020
20618344ns          349944 1c008184 0027d793 srli             x15, x15, 0x2       x15=00000007 x15:0000001c
20618364ns          349945 1c008186 01d00833 add              x16, x0, x29        x16=10000314 x29:10000314
20618384ns          349946 1c008188 00a00633 add              x12, x0, x10        x12=10000484 x10:10000484
20618404ns          349947 1c00818a 00000713 addi             x14, x0, 0          x14=00000000
20618424ns          349948 1c00818c 00178793 addi             x15, x15, 1         x15=00000008 x15:00000007
20618444ns          349949 1c00818e 0067c0fb lp.setup         0x1, x15, 0x6       x15:00000008
20618464ns          349950 1c008192 0046230b p.lw             x6, 4(x12!)          x6=00000f01 x12=10000488 x12:10000484  PA:10000484
20618484ns          349951 1c008196 2078788b p.lw             x17, x7(x16!)       x17=0000002d x16=10000334  x7:00000020 x16:10000314  PA:10000314
20618523ns          349953 1c00819a 43130733 p.mac            x14, x6, x17        x14=0002a32d x14:00000000  x6:00000f01 x17:0000002d
20618543ns          349954 1c008192 0046230b p.lw             x6, 4(x12!)          x6=00000fa8 x12=1000048c x12:10000488  PA:10000488
20618563ns          349955 1c008196 2078788b p.lw             x17, x7(x16!)       x17=00000025 x16=10000354  x7:00000020 x16:10000334  PA:10000334
20618603ns          349957 1c00819a 43130733 p.mac            x14, x6, x17        x14=0004e675 x14:0002a32d  x6:00000fa8 x17:00000025
20618623ns          349958 1c008192 0046230b p.lw             x6, 4(x12!)          x6=0000104f x12=10000490 x12:1000048c  PA:1000048c
20618643ns          349959 1c008196 2078788b p.lw             x17, x7(x16!)       x17=0000001d x16=10000374  x7:00000020 x16:10000354  PA:10000354
20618683ns          349961 1c00819a 43130733 p.mac            x14, x6, x17        x14=0006bf68 x14:0004e675  x6:0000104f x17:0000001d
20618702ns          349962 1c008192 0046230b p.lw             x6, 4(x12!)          x6=000010f6 x12=10000494 x12:10000490  PA:10000490
20618722ns          349963 1c008196 2078788b p.lw             x17, x7(x16!)       x17=00000015 x16=10000394  x7:00000020 x16:10000374  PA:10000374
20618762ns          349965 1c00819a 43130733 p.mac            x14, x6, x17        x14=00082396 x14:0006bf68  x6:000010f6 x17:00000015
20618782ns          349966 1c008192 0046230b p.lw             x6, 4(x12!)          x6=0000119d x12=10000498 x12:10000494  PA:10000494
20618802ns          349967 1c008196 2078788b p.lw             x17, x7(x16!)       x17=0000000d x16=100003b4  x7:00000020 x16:10000394  PA:10000394
20618842ns          349969 1c00819a 43130733 p.mac            x14, x6, x17        x14=0009088f x14:00082396  x6:0000119d x17:0000000d
20618862ns          349970 1c008192 0046230b p.lw             x6, 4(x12!)          x6=00001244 x12=1000049c x12:10000498  PA:10000498
20618881ns          349971 1c008196 2078788b p.lw             x17, x7(x16!)       x17=00000005 x16=100003d4  x7:00000020 x16:100003b4  PA:100003b4
20618921ns          349973 1c00819a 43130733 p.mac            x14, x6, x17        x14=000963e3 x14:0009088f  x6:00001244 x17:00000005
20618941ns          349974 1c008192 0046230b p.lw             x6, 4(x12!)          x6=000012eb x12=100004a0 x12:1000049c  PA:1000049c
20618961ns          349975 1c008196 2078788b p.lw             x17, x7(x16!)       x17=fffffffd x16=100003f4  x7:00000020 x16:100003d4  PA:100003d4
20619001ns          349977 1c00819a 43130733 p.mac            x14, x6, x17        x14=00092b22 x14:000963e3  x6:000012eb x17:fffffffd
20619021ns          349978 1c008192 0046230b p.lw             x6, 4(x12!)          x6=00001392 x12=100004a4 x12:100004a0  PA:100004a0
20619041ns          349979 1c008196 2078788b p.lw             x17, x7(x16!)       x17=fffffff5 x16=10000414  x7:00000020 x16:100003f4  PA:100003f4
20619080ns          349981 1c00819a 43130733 p.mac            x14, x6, x17        x14=000853dc x14:00092b22  x6:00001392 x17:fffffff5
20619100ns          349982 1c00819e 00ef222b p.sw             x14, 4(x30!)        x30=10000c98 x14:000853dc x30:10000c94  PA:10000c94
20619120ns          349983 1c0081a2 004e8e93 addi             x29, x29, 4         x29=10000318 x29:10000314
20619160ns          349985 1c00817e 40af87b3 sub              x15, x31, x10       x15=00000020 x31:100004a4 x10:10000484
20619180ns          349986 1c008182 ffc78793 addi             x15, x15, -4        x15=0000001c x15:00000020
20619200ns          349987 1c008184 0027d793 srli             x15, x15, 0x2       x15=00000007 x15:0000001c
20619220ns          349988 1c008186 01d00833 add              x16, x0, x29        x16=10000318 x29:10000318
20619240ns          349989 1c008188 00a00633 add              x12, x0, x10        x12=10000484 x10:10000484
20619259ns          349990 1c00818a 00000713 addi             x14, x0, 0          x14=00000000
20619279ns          349991 1c00818c 00178793 addi             x15, x15, 1         x15=00000008 x15:00000007
20619299ns          349992 1c00818e 0067c0fb lp.setup         0x1, x15, 0x6       x15:00000008
20619319ns          349993 1c008192 0046230b p.lw             x6, 4(x12!)          x6=00000f01 x12=10000488 x12:10000484  PA:10000484
20619339ns          349994 1c008196 2078788b p.lw             x17, x7(x16!)       x17=0000002c x16=10000338  x7:00000020 x16:10000318  PA:10000318
20619379ns          349996 1c00819a 43130733 p.mac            x14, x6, x17        x14=0002942c x14:00000000  x6:00000f01 x17:0000002c
20619399ns          349997 1c008192 0046230b p.lw             x6, 4(x12!)          x6=00000fa8 x12=1000048c x12:10000488  PA:10000488
20619419ns          349998 1c008196 2078788b p.lw             x17, x7(x16!)       x17=00000024 x16=10000358  x7:00000020 x16:10000338  PA:10000338
20619458ns          350000 1c00819a 43130733 p.mac            x14, x6, x17        x14=0004c7cc x14:0002942c  x6:00000fa8 x17:00000024
20619478ns          350001 1c008192 0046230b p.lw             x6, 4(x12!)          x6=0000104f x12=10000490 x12:1000048c  PA:1000048c
20619498ns          350002 1c008196 2078788b p.lw             x17, x7(x16!)       x17=0000001c x16=10000378  x7:00000020 x16:10000358  PA:10000358
20619538ns          350004 1c00819a 43130733 p.mac            x14, x6, x17        x14=00069070 x14:0004c7cc  x6:0000104f x17:0000001c
20619558ns          350005 1c008192 0046230b p.lw             x6, 4(x12!)          x6=000010f6 x12=10000494 x12:10000490  PA:10000490
20619578ns          350006 1c008196 2078788b p.lw             x17, x7(x16!)       x17=00000014 x16=10000398  x7:00000020 x16:10000378  PA:10000378
20619617ns          350008 1c00819a 43130733 p.mac            x14, x6, x17        x14=0007e3a8 x14:00069070  x6:000010f6 x17:00000014
20619637ns          350009 1c008192 0046230b p.lw             x6, 4(x12!)          x6=0000119d x12=10000498 x12:10000494  PA:10000494
20619657ns          350010 1c008196 2078788b p.lw             x17, x7(x16!)       x17=0000000c x16=100003b8  x7:00000020 x16:10000398  PA:10000398
20619697ns          350012 1c00819a 43130733 p.mac            x14, x6, x17        x14=0008b704 x14:0007e3a8  x6:0000119d x17:0000000c
20619717ns          350013 1c008192 0046230b p.lw             x6, 4(x12!)          x6=00001244 x12=1000049c x12:10000498  PA:10000498
20619737ns          350014 1c008196 2078788b p.lw             x17, x7(x16!)       x17=00000004 x16=100003d8  x7:00000020 x16:100003b8  PA:100003b8
20619777ns          350016 1c00819a 43130733 p.mac            x14, x6, x17        x14=00090014 x14:0008b704  x6:00001244 x17:00000004
20619796ns          350017 1c008192 0046230b p.lw             x6, 4(x12!)          x6=000012eb x12=100004a0 x12:1000049c  PA:1000049c
20619816ns          350018 1c008196 2078788b p.lw             x17, x7(x16!)       x17=fffffffc x16=100003f8  x7:00000020 x16:100003d8  PA:100003d8
20619856ns          350020 1c00819a 43130733 p.mac            x14, x6, x17        x14=0008b468 x14:00090014  x6:000012eb x17:fffffffc
20619876ns          350021 1c008192 0046230b p.lw             x6, 4(x12!)          x6=00001392 x12=100004a4 x12:100004a0  PA:100004a0
20619896ns          350022 1c008196 2078788b p.lw             x17, x7(x16!)       x17=fffffff4 x16=10000418  x7:00000020 x16:100003f8  PA:100003f8
20619936ns          350024 1c00819a 43130733 p.mac            x14, x6, x17        x14=0007c990 x14:0008b468  x6:00001392 x17:fffffff4
20619956ns          350025 1c00819e 00ef222b p.sw             x14, 4(x30!)        x30=10000c9c x14:0007c990 x30:10000c98  PA:10000c98
20619995ns          350027 1c0081a2 004e8e93 addi             x29, x29, 4         x29=1000031c x29:10000318
20620015ns          350028 1c00817e 40af87b3 sub              x15, x31, x10       x15=00000020 x31:100004a4 x10:10000484
20620035ns          350029 1c008182 ffc78793 addi             x15, x15, -4        x15=0000001c x15:00000020
20620055ns          350030 1c008184 0027d793 srli             x15, x15, 0x2       x15=00000007 x15:0000001c
20620075ns          350031 1c008186 01d00833 add              x16, x0, x29        x16=1000031c x29:1000031c
20620095ns          350032 1c008188 00a00633 add              x12, x0, x10        x12=10000484 x10:10000484
20620115ns          350033 1c00818a 00000713 addi             x14, x0, 0          x14=00000000
20620135ns          350034 1c00818c 00178793 addi             x15, x15, 1         x15=00000008 x15:00000007
20620155ns          350035 1c00818e 0067c0fb lp.setup         0x1, x15, 0x6       x15:00000008
20620174ns          350036 1c008192 0046230b p.lw             x6, 4(x12!)          x6=00000f01 x12=10000488 x12:10000484  PA:10000484
20620194ns          350037 1c008196 2078788b p.lw             x17, x7(x16!)       x17=0000002b x16=1000033c  x7:00000020 x16:1000031c  PA:1000031c
20620234ns          350039 1c00819a 43130733 p.mac            x14, x6, x17        x14=0002852b x14:00000000  x6:00000f01 x17:0000002b
20620254ns          350040 1c008192 0046230b p.lw             x6, 4(x12!)          x6=00000fa8 x12=1000048c x12:10000488  PA:10000488
20620274ns          350041 1c008196 2078788b p.lw             x17, x7(x16!)       x17=00000023 x16=1000035c  x7:00000020 x16:1000033c  PA:1000033c
20620314ns          350043 1c00819a 43130733 p.mac            x14, x6, x17        x14=0004a923 x14:0002852b  x6:00000fa8 x17:00000023
20620334ns          350044 1c008192 0046230b p.lw             x6, 4(x12!)          x6=0000104f x12=10000490 x12:1000048c  PA:1000048c
20620353ns          350045 1c008196 2078788b p.lw             x17, x7(x16!)       x17=0000001b x16=1000037c  x7:00000020 x16:1000035c  PA:1000035c
20620393ns          350047 1c00819a 43130733 p.mac            x14, x6, x17        x14=00066178 x14:0004a923  x6:0000104f x17:0000001b
20620413ns          350048 1c008192 0046230b p.lw             x6, 4(x12!)          x6=000010f6 x12=10000494 x12:10000490  PA:10000490
20620433ns          350049 1c008196 2078788b p.lw             x17, x7(x16!)       x17=00000013 x16=1000039c  x7:00000020 x16:1000037c  PA:1000037c
20620473ns          350051 1c00819a 43130733 p.mac            x14, x6, x17        x14=0007a3ba x14:00066178  x6:000010f6 x17:00000013
20620493ns          350052 1c008192 0046230b p.lw             x6, 4(x12!)          x6=0000119d x12=10000498 x12:10000494  PA:10000494
20620513ns          350053 1c008196 2078788b p.lw             x17, x7(x16!)       x17=0000000b x16=100003bc  x7:00000020 x16:1000039c  PA:1000039c
20620552ns          350055 1c00819a 43130733 p.mac            x14, x6, x17        x14=00086579 x14:0007a3ba  x6:0000119d x17:0000000b
20620572ns          350056 1c008192 0046230b p.lw             x6, 4(x12!)          x6=00001244 x12=1000049c x12:10000498  PA:10000498
20620592ns          350057 1c008196 2078788b p.lw             x17, x7(x16!)       x17=00000003 x16=100003dc  x7:00000020 x16:100003bc  PA:100003bc
20620632ns          350059 1c00819a 43130733 p.mac            x14, x6, x17        x14=00089c45 x14:00086579  x6:00001244 x17:00000003
20620652ns          350060 1c008192 0046230b p.lw             x6, 4(x12!)          x6=000012eb x12=100004a0 x12:1000049c  PA:1000049c
20620672ns          350061 1c008196 2078788b p.lw             x17, x7(x16!)       x17=fffffffb x16=100003fc  x7:00000020 x16:100003dc  PA:100003dc
20620711ns          350063 1c00819a 43130733 p.mac            x14, x6, x17        x14=00083dae x14:00089c45  x6:000012eb x17:fffffffb
20620731ns          350064 1c008192 0046230b p.lw             x6, 4(x12!)          x6=00001392 x12=100004a4 x12:100004a0  PA:100004a0
20620751ns          350065 1c008196 2078788b p.lw             x17, x7(x16!)       x17=fffffff3 x16=1000041c  x7:00000020 x16:100003fc  PA:100003fc
20620791ns          350067 1c00819a 43130733 p.mac            x14, x6, x17        x14=00073f44 x14:00083dae  x6:00001392 x17:fffffff3
20620811ns          350068 1c00819e 00ef222b p.sw             x14, 4(x30!)        x30=10000ca0 x14:00073f44 x30:10000c9c  PA:10000c9c
20620831ns          350069 1c0081a2 004e8e93 addi             x29, x29, 4         x29=10000320 x29:1000031c
20620871ns          350071 1c00817e 40af87b3 sub              x15, x31, x10       x15=00000020 x31:100004a4 x10:10000484
20620890ns          350072 1c008182 ffc78793 addi             x15, x15, -4        x15=0000001c x15:00000020
20620910ns          350073 1c008184 0027d793 srli             x15, x15, 0x2       x15=00000007 x15:0000001c
20620930ns          350074 1c008186 01d00833 add              x16, x0, x29        x16=10000320 x29:10000320
20620950ns          350075 1c008188 00a00633 add              x12, x0, x10        x12=10000484 x10:10000484
20620970ns          350076 1c00818a 00000713 addi             x14, x0, 0          x14=00000000
20620990ns          350077 1c00818c 00178793 addi             x15, x15, 1         x15=00000008 x15:00000007
20621010ns          350078 1c00818e 0067c0fb lp.setup         0x1, x15, 0x6       x15:00000008
20621030ns          350079 1c008192 0046230b p.lw             x6, 4(x12!)          x6=00000f01 x12=10000488 x12:10000484  PA:10000484
20621050ns          350080 1c008196 2078788b p.lw             x17, x7(x16!)       x17=0000002a x16=10000340  x7:00000020 x16:10000320  PA:10000320
20621089ns          350082 1c00819a 43130733 p.mac            x14, x6, x17        x14=0002762a x14:00000000  x6:00000f01 x17:0000002a
20621109ns          350083 1c008192 0046230b p.lw             x6, 4(x12!)          x6=00000fa8 x12=1000048c x12:10000488  PA:10000488
20621129ns          350084 1c008196 2078788b p.lw             x17, x7(x16!)       x17=00000022 x16=10000360  x7:00000020 x16:10000340  PA:10000340
20621169ns          350086 1c00819a 43130733 p.mac            x14, x6, x17        x14=00048a7a x14:0002762a  x6:00000fa8 x17:00000022
20621189ns          350087 1c008192 0046230b p.lw             x6, 4(x12!)          x6=0000104f x12=10000490 x12:1000048c  PA:1000048c
20621209ns          350088 1c008196 2078788b p.lw             x17, x7(x16!)       x17=0000001a x16=10000380  x7:00000020 x16:10000360  PA:10000360
20621248ns          350090 1c00819a 43130733 p.mac            x14, x6, x17        x14=00063280 x14:00048a7a  x6:0000104f x17:0000001a
20621268ns          350091 1c008192 0046230b p.lw             x6, 4(x12!)          x6=000010f6 x12=10000494 x12:10000490  PA:10000490
20621288ns          350092 1c008196 2078788b p.lw             x17, x7(x16!)       x17=00000012 x16=100003a0  x7:00000020 x16:10000380  PA:10000380
20621328ns          350094 1c00819a 43130733 p.mac            x14, x6, x17        x14=000763cc x14:00063280  x6:000010f6 x17:00000012
20621348ns          350095 1c008192 0046230b p.lw             x6, 4(x12!)          x6=0000119d x12=10000498 x12:10000494  PA:10000494
20621368ns          350096 1c008196 2078788b p.lw             x17, x7(x16!)       x17=0000000a x16=100003c0  x7:00000020 x16:100003a0  PA:100003a0
20621408ns          350098 1c00819a 43130733 p.mac            x14, x6, x17        x14=000813ee x14:000763cc  x6:0000119d x17:0000000a
20621428ns          350099 1c008192 0046230b p.lw             x6, 4(x12!)          x6=00001244 x12=1000049c x12:10000498  PA:10000498
20621447ns          350100 1c008196 2078788b p.lw             x17, x7(x16!)       x17=00000002 x16=100003e0  x7:00000020 x16:100003c0  PA:100003c0
20621487ns          350102 1c00819a 43130733 p.mac            x14, x6, x17        x14=00083876 x14:000813ee  x6:00001244 x17:00000002
20621507ns          350103 1c008192 0046230b p.lw             x6, 4(x12!)          x6=000012eb x12=100004a0 x12:1000049c  PA:1000049c
20621527ns          350104 1c008196 2078788b p.lw             x17, x7(x16!)       x17=fffffffa x16=10000400  x7:00000020 x16:100003e0  PA:100003e0
20621567ns          350106 1c00819a 43130733 p.mac            x14, x6, x17        x14=0007c6f4 x14:00083876  x6:000012eb x17:fffffffa
20621587ns          350107 1c008192 0046230b p.lw             x6, 4(x12!)          x6=00001392 x12=100004a4 x12:100004a0  PA:100004a0
20621607ns          350108 1c008196 2078788b p.lw             x17, x7(x16!)       x17=fffffff2 x16=10000420  x7:00000020 x16:10000400  PA:10000400
20621646ns          350110 1c00819a 43130733 p.mac            x14, x6, x17        x14=0006b4f8 x14:0007c6f4  x6:00001392 x17:fffffff2
20621666ns          350111 1c00819e 00ef222b p.sw             x14, 4(x30!)        x30=10000ca4 x14:0006b4f8 x30:10000ca0  PA:10000ca0
20621686ns          350112 1c0081a2 004e8e93 addi             x29, x29, 4         x29=10000324 x29:10000320
20621706ns          350113 1c0081a4 00128293 addi             x5, x5, 1            x5=00000005  x5:00000004
20621726ns          350114 1c0081a6 00750533 add              x10, x10, x7        x10=100004a4 x10:10000484  x7:00000020
20621746ns          350115 1c0081a8 007f8fb3 add              x31, x31, x7        x31=100004c4 x31:100004a4  x7:00000020
20621766ns          350116 1c0081aa fa569fe3 bne              x13, x5, -66        x13:00000008  x5:00000005
20621825ns          350119 1c008168 40b48e33 sub              x28, x9, x11        x28=00000020  x9:10000324 x11:10000304
20621845ns          350120 1c00816c ffce0e13 addi             x28, x28, -4        x28=0000001c x28:00000020
20621865ns          350121 1c00816e 002e5e13 srli             x28, x28, 0x2       x28=00000007 x28:0000001c
20621885ns          350122 1c008172 008f8f33 add              x30, x31, x8        x30=10000ca4 x31:100004c4  x8:000007e0
20621905ns          350123 1c008176 00b00eb3 add              x29, x0, x11        x29=10000304 x11:10000304
20621925ns          350124 1c008178 001e0e13 addi             x28, x28, 1         x28=00000008 x28:00000007
20621945ns          350125 1c00817a 014e407b lp.setup         0x0, x28, 0x14      x28:00000008
20621965ns          350126 1c00817e 40af87b3 sub              x15, x31, x10       x15=00000020 x31:100004c4 x10:100004a4
20621984ns          350127 1c008182 ffc78793 addi             x15, x15, -4        x15=0000001c x15:00000020
20622004ns          350128 1c008184 0027d793 srli             x15, x15, 0x2       x15=00000007 x15:0000001c
20622024ns          350129 1c008186 01d00833 add              x16, x0, x29        x16=10000304 x29:10000304
20622044ns          350130 1c008188 00a00633 add              x12, x0, x10        x12=100004a4 x10:100004a4
20622064ns          350131 1c00818a 00000713 addi             x14, x0, 0          x14=00000000
20622084ns          350132 1c00818c 00178793 addi             x15, x15, 1         x15=00000008 x15:00000007
20622104ns          350133 1c00818e 0067c0fb lp.setup         0x1, x15, 0x6       x15:00000008
20622124ns          350134 1c008192 0046230b p.lw             x6, 4(x12!)          x6=00001879 x12=100004a8 x12:100004a4  PA:100004a4
20622144ns          350135 1c008196 2078788b p.lw             x17, x7(x16!)       x17=00000031 x16=10000324  x7:00000020 x16:10000304  PA:10000304
20622183ns          350137 1c00819a 43130733 p.mac            x14, x6, x17        x14=0004af29 x14:00000000  x6:00001879 x17:00000031
20622203ns          350138 1c008192 0046230b p.lw             x6, 4(x12!)          x6=000019a0 x12=100004ac x12:100004a8  PA:100004a8
20622223ns          350139 1c008196 2078788b p.lw             x17, x7(x16!)       x17=00000029 x16=10000344  x7:00000020 x16:10000324  PA:10000324
20622263ns          350141 1c00819a 43130733 p.mac            x14, x6, x17        x14=0008c9c9 x14:0004af29  x6:000019a0 x17:00000029
20622283ns          350142 1c008192 0046230b p.lw             x6, 4(x12!)          x6=00001ac7 x12=100004b0 x12:100004ac  PA:100004ac
20622303ns          350143 1c008196 2078788b p.lw             x17, x7(x16!)       x17=00000021 x16=10000364  x7:00000020 x16:10000344  PA:10000344
20622342ns          350145 1c00819a 43130733 p.mac            x14, x6, x17        x14=000c3d70 x14:0008c9c9  x6:00001ac7 x17:00000021
20622362ns          350146 1c008192 0046230b p.lw             x6, 4(x12!)          x6=00001bee x12=100004b4 x12:100004b0  PA:100004b0
20622382ns          350147 1c008196 2078788b p.lw             x17, x7(x16!)       x17=00000019 x16=10000384  x7:00000020 x16:10000364  PA:10000364
20622422ns          350149 1c00819a 43130733 p.mac            x14, x6, x17        x14=000ef7ae x14:000c3d70  x6:00001bee x17:00000019
20622442ns          350150 1c008192 0046230b p.lw             x6, 4(x12!)          x6=00001d15 x12=100004b8 x12:100004b4  PA:100004b4
20622462ns          350151 1c008196 2078788b p.lw             x17, x7(x16!)       x17=00000011 x16=100003a4  x7:00000020 x16:10000384  PA:10000384
20622502ns          350153 1c00819a 43130733 p.mac            x14, x6, x17        x14=0010e613 x14:000ef7ae  x6:00001d15 x17:00000011
20622522ns          350154 1c008192 0046230b p.lw             x6, 4(x12!)          x6=00001e3c x12=100004bc x12:100004b8  PA:100004b8
20622541ns          350155 1c008196 2078788b p.lw             x17, x7(x16!)       x17=00000009 x16=100003c4  x7:00000020 x16:100003a4  PA:100003a4
20622581ns          350157 1c00819a 43130733 p.mac            x14, x6, x17        x14=0011f62f x14:0010e613  x6:00001e3c x17:00000009
20622601ns          350158 1c008192 0046230b p.lw             x6, 4(x12!)          x6=00001f63 x12=100004c0 x12:100004bc  PA:100004bc
20622621ns          350159 1c008196 2078788b p.lw             x17, x7(x16!)       x17=00000001 x16=100003e4  x7:00000020 x16:100003c4  PA:100003c4
20622661ns          350161 1c00819a 43130733 p.mac            x14, x6, x17        x14=00121592 x14:0011f62f  x6:00001f63 x17:00000001
20622681ns          350162 1c008192 0046230b p.lw             x6, 4(x12!)          x6=0000208a x12=100004c4 x12:100004c0  PA:100004c0
20622701ns          350163 1c008196 2078788b p.lw             x17, x7(x16!)       x17=fffffff9 x16=10000404  x7:00000020 x16:100003e4  PA:100003e4
20622740ns          350165 1c00819a 43130733 p.mac            x14, x6, x17        x14=001131cc x14:00121592  x6:0000208a x17:fffffff9
20622760ns          350166 1c00819e 00ef222b p.sw             x14, 4(x30!)        x30=10000ca8 x14:001131cc x30:10000ca4  PA:10000ca4
20622780ns          350167 1c0081a2 004e8e93 addi             x29, x29, 4         x29=10000308 x29:10000304
20622820ns          350169 1c00817e 40af87b3 sub              x15, x31, x10       x15=00000020 x31:100004c4 x10:100004a4
20622840ns          350170 1c008182 ffc78793 addi             x15, x15, -4        x15=0000001c x15:00000020
20622860ns          350171 1c008184 0027d793 srli             x15, x15, 0x2       x15=00000007 x15:0000001c
20622880ns          350172 1c008186 01d00833 add              x16, x0, x29        x16=10000308 x29:10000308
20622899ns          350173 1c008188 00a00633 add              x12, x0, x10        x12=100004a4 x10:100004a4
20622919ns          350174 1c00818a 00000713 addi             x14, x0, 0          x14=00000000
20622939ns          350175 1c00818c 00178793 addi             x15, x15, 1         x15=00000008 x15:00000007
20622959ns          350176 1c00818e 0067c0fb lp.setup         0x1, x15, 0x6       x15:00000008
20622979ns          350177 1c008192 0046230b p.lw             x6, 4(x12!)          x6=00001879 x12=100004a8 x12:100004a4  PA:100004a4
20622999ns          350178 1c008196 2078788b p.lw             x17, x7(x16!)       x17=00000030 x16=10000328  x7:00000020 x16:10000308  PA:10000308
20623039ns          350180 1c00819a 43130733 p.mac            x14, x6, x17        x14=000496b0 x14:00000000  x6:00001879 x17:00000030
20623059ns          350181 1c008192 0046230b p.lw             x6, 4(x12!)          x6=000019a0 x12=100004ac x12:100004a8  PA:100004a8
20623078ns          350182 1c008196 2078788b p.lw             x17, x7(x16!)       x17=00000028 x16=10000348  x7:00000020 x16:10000328  PA:10000328
20623118ns          350184 1c00819a 43130733 p.mac            x14, x6, x17        x14=000897b0 x14:000496b0  x6:000019a0 x17:00000028
20623138ns          350185 1c008192 0046230b p.lw             x6, 4(x12!)          x6=00001ac7 x12=100004b0 x12:100004ac  PA:100004ac
20623158ns          350186 1c008196 2078788b p.lw             x17, x7(x16!)       x17=00000020 x16=10000368  x7:00000020 x16:10000348  PA:10000348
20623198ns          350188 1c00819a 43130733 p.mac            x14, x6, x17        x14=000bf090 x14:000897b0  x6:00001ac7 x17:00000020
20623218ns          350189 1c008192 0046230b p.lw             x6, 4(x12!)          x6=00001bee x12=100004b4 x12:100004b0  PA:100004b0
20623238ns          350190 1c008196 2078788b p.lw             x17, x7(x16!)       x17=00000018 x16=10000388  x7:00000020 x16:10000368  PA:10000368
20623277ns          350192 1c00819a 43130733 p.mac            x14, x6, x17        x14=000e8ee0 x14:000bf090  x6:00001bee x17:00000018
20623297ns          350193 1c008192 0046230b p.lw             x6, 4(x12!)          x6=00001d15 x12=100004b8 x12:100004b4  PA:100004b4
20623317ns          350194 1c008196 2078788b p.lw             x17, x7(x16!)       x17=00000010 x16=100003a8  x7:00000020 x16:10000388  PA:10000388
20623357ns          350196 1c00819a 43130733 p.mac            x14, x6, x17        x14=00106030 x14:000e8ee0  x6:00001d15 x17:00000010
20623377ns          350197 1c008192 0046230b p.lw             x6, 4(x12!)          x6=00001e3c x12=100004bc x12:100004b8  PA:100004b8
20623397ns          350198 1c008196 2078788b p.lw             x17, x7(x16!)       x17=00000008 x16=100003c8  x7:00000020 x16:100003a8  PA:100003a8
20623436ns          350200 1c00819a 43130733 p.mac            x14, x6, x17        x14=00115210 x14:00106030  x6:00001e3c x17:00000008
20623456ns          350201 1c008192 0046230b p.lw             x6, 4(x12!)          x6=00001f63 x12=100004c0 x12:100004bc  PA:100004bc
20623476ns          350202 1c008196 2078788b p.lw             x17, x7(x16!)       x17=00000000 x16=100003e8  x7:00000020 x16:100003c8  PA:100003c8
20623516ns          350204 1c00819a 43130733 p.mac            x14, x6, x17        x14=00115210 x14:00115210  x6:00001f63 x17:00000000
20623536ns          350205 1c008192 0046230b p.lw             x6, 4(x12!)          x6=0000208a x12=100004c4 x12:100004c0  PA:100004c0
20623556ns          350206 1c008196 2078788b p.lw             x17, x7(x16!)       x17=fffffff8 x16=10000408  x7:00000020 x16:100003e8  PA:100003e8
20623596ns          350208 1c00819a 43130733 p.mac            x14, x6, x17        x14=00104dc0 x14:00115210  x6:0000208a x17:fffffff8
20623615ns          350209 1c00819e 00ef222b p.sw             x14, 4(x30!)        x30=10000cac x14:00104dc0 x30:10000ca8  PA:10000ca8
20623635ns          350210 1c0081a2 004e8e93 addi             x29, x29, 4         x29=1000030c x29:10000308
20623675ns          350212 1c00817e 40af87b3 sub              x15, x31, x10       x15=00000020 x31:100004c4 x10:100004a4
20623695ns          350213 1c008182 ffc78793 addi             x15, x15, -4        x15=0000001c x15:00000020
20623715ns          350214 1c008184 0027d793 srli             x15, x15, 0x2       x15=00000007 x15:0000001c
20623735ns          350215 1c008186 01d00833 add              x16, x0, x29        x16=1000030c x29:1000030c
20623755ns          350216 1c008188 00a00633 add              x12, x0, x10        x12=100004a4 x10:100004a4
20623775ns          350217 1c00818a 00000713 addi             x14, x0, 0          x14=00000000
20623795ns          350218 1c00818c 00178793 addi             x15, x15, 1         x15=00000008 x15:00000007
20623814ns          350219 1c00818e 0067c0fb lp.setup         0x1, x15, 0x6       x15:00000008
20623834ns          350220 1c008192 0046230b p.lw             x6, 4(x12!)          x6=00001879 x12=100004a8 x12:100004a4  PA:100004a4
20623854ns          350221 1c008196 2078788b p.lw             x17, x7(x16!)       x17=0000002f x16=1000032c  x7:00000020 x16:1000030c  PA:1000030c
20623894ns          350223 1c00819a 43130733 p.mac            x14, x6, x17        x14=00047e37 x14:00000000  x6:00001879 x17:0000002f
20623914ns          350224 1c008192 0046230b p.lw             x6, 4(x12!)          x6=000019a0 x12=100004ac x12:100004a8  PA:100004a8
20623934ns          350225 1c008196 2078788b p.lw             x17, x7(x16!)       x17=00000027 x16=1000034c  x7:00000020 x16:1000032c  PA:1000032c
20623974ns          350227 1c00819a 43130733 p.mac            x14, x6, x17        x14=00086597 x14:00047e37  x6:000019a0 x17:00000027
20623993ns          350228 1c008192 0046230b p.lw             x6, 4(x12!)          x6=00001ac7 x12=100004b0 x12:100004ac  PA:100004ac
20624013ns          350229 1c008196 2078788b p.lw             x17, x7(x16!)       x17=0000001f x16=1000036c  x7:00000020 x16:1000034c  PA:1000034c
20624053ns          350231 1c00819a 43130733 p.mac            x14, x6, x17        x14=000ba3b0 x14:00086597  x6:00001ac7 x17:0000001f
20624073ns          350232 1c008192 0046230b p.lw             x6, 4(x12!)          x6=00001bee x12=100004b4 x12:100004b0  PA:100004b0
20624093ns          350233 1c008196 2078788b p.lw             x17, x7(x16!)       x17=00000017 x16=1000038c  x7:00000020 x16:1000036c  PA:1000036c
20624133ns          350235 1c00819a 43130733 p.mac            x14, x6, x17        x14=000e2612 x14:000ba3b0  x6:00001bee x17:00000017
20624153ns          350236 1c008192 0046230b p.lw             x6, 4(x12!)          x6=00001d15 x12=100004b8 x12:100004b4  PA:100004b4
20624172ns          350237 1c008196 2078788b p.lw             x17, x7(x16!)       x17=0000000f x16=100003ac  x7:00000020 x16:1000038c  PA:1000038c
20624212ns          350239 1c00819a 43130733 p.mac            x14, x6, x17        x14=000fda4d x14:000e2612  x6:00001d15 x17:0000000f
20624232ns          350240 1c008192 0046230b p.lw             x6, 4(x12!)          x6=00001e3c x12=100004bc x12:100004b8  PA:100004b8
20624252ns          350241 1c008196 2078788b p.lw             x17, x7(x16!)       x17=00000007 x16=100003cc  x7:00000020 x16:100003ac  PA:100003ac
20624292ns          350243 1c00819a 43130733 p.mac            x14, x6, x17        x14=0010adf1 x14:000fda4d  x6:00001e3c x17:00000007
20624312ns          350244 1c008192 0046230b p.lw             x6, 4(x12!)          x6=00001f63 x12=100004c0 x12:100004bc  PA:100004bc
20624332ns          350245 1c008196 2078788b p.lw             x17, x7(x16!)       x17=ffffffff x16=100003ec  x7:00000020 x16:100003cc  PA:100003cc
20624371ns          350247 1c00819a 43130733 p.mac            x14, x6, x17        x14=00108e8e x14:0010adf1  x6:00001f63 x17:ffffffff
20624391ns          350248 1c008192 0046230b p.lw             x6, 4(x12!)          x6=0000208a x12=100004c4 x12:100004c0  PA:100004c0
20624411ns          350249 1c008196 2078788b p.lw             x17, x7(x16!)       x17=fffffff7 x16=1000040c  x7:00000020 x16:100003ec  PA:100003ec
20624451ns          350251 1c00819a 43130733 p.mac            x14, x6, x17        x14=000f69b4 x14:00108e8e  x6:0000208a x17:fffffff7
20624471ns          350252 1c00819e 00ef222b p.sw             x14, 4(x30!)        x30=10000cb0 x14:000f69b4 x30:10000cac  PA:10000cac
20624491ns          350253 1c0081a2 004e8e93 addi             x29, x29, 4         x29=10000310 x29:1000030c
20624530ns          350255 1c00817e 40af87b3 sub              x15, x31, x10       x15=00000020 x31:100004c4 x10:100004a4
20624550ns          350256 1c008182 ffc78793 addi             x15, x15, -4        x15=0000001c x15:00000020
20624570ns          350257 1c008184 0027d793 srli             x15, x15, 0x2       x15=00000007 x15:0000001c
20624590ns          350258 1c008186 01d00833 add              x16, x0, x29        x16=10000310 x29:10000310
20624610ns          350259 1c008188 00a00633 add              x12, x0, x10        x12=100004a4 x10:100004a4
20624630ns          350260 1c00818a 00000713 addi             x14, x0, 0          x14=00000000
20624650ns          350261 1c00818c 00178793 addi             x15, x15, 1         x15=00000008 x15:00000007
20624670ns          350262 1c00818e 0067c0fb lp.setup         0x1, x15, 0x6       x15:00000008
20624690ns          350263 1c008192 0046230b p.lw             x6, 4(x12!)          x6=00001879 x12=100004a8 x12:100004a4  PA:100004a4
20624709ns          350264 1c008196 2078788b p.lw             x17, x7(x16!)       x17=0000002e x16=10000330  x7:00000020 x16:10000310  PA:10000310
20624749ns          350266 1c00819a 43130733 p.mac            x14, x6, x17        x14=000465be x14:00000000  x6:00001879 x17:0000002e
20624769ns          350267 1c008192 0046230b p.lw             x6, 4(x12!)          x6=000019a0 x12=100004ac x12:100004a8  PA:100004a8
20624789ns          350268 1c008196 2078788b p.lw             x17, x7(x16!)       x17=00000026 x16=10000350  x7:00000020 x16:10000330  PA:10000330
20624829ns          350270 1c00819a 43130733 p.mac            x14, x6, x17        x14=0008337e x14:000465be  x6:000019a0 x17:00000026
20624849ns          350271 1c008192 0046230b p.lw             x6, 4(x12!)          x6=00001ac7 x12=100004b0 x12:100004ac  PA:100004ac
20624869ns          350272 1c008196 2078788b p.lw             x17, x7(x16!)       x17=0000001e x16=10000370  x7:00000020 x16:10000350  PA:10000350
20624908ns          350274 1c00819a 43130733 p.mac            x14, x6, x17        x14=000b56d0 x14:0008337e  x6:00001ac7 x17:0000001e
20624928ns          350275 1c008192 0046230b p.lw             x6, 4(x12!)          x6=00001bee x12=100004b4 x12:100004b0  PA:100004b0
20624948ns          350276 1c008196 2078788b p.lw             x17, x7(x16!)       x17=00000016 x16=10000390  x7:00000020 x16:10000370  PA:10000370
20624988ns          350278 1c00819a 43130733 p.mac            x14, x6, x17        x14=000dbd44 x14:000b56d0  x6:00001bee x17:00000016
20625008ns          350279 1c008192 0046230b p.lw             x6, 4(x12!)          x6=00001d15 x12=100004b8 x12:100004b4  PA:100004b4
20625028ns          350280 1c008196 2078788b p.lw             x17, x7(x16!)       x17=0000000e x16=100003b0  x7:00000020 x16:10000390  PA:10000390
20625068ns          350282 1c00819a 43130733 p.mac            x14, x6, x17        x14=000f546a x14:000dbd44  x6:00001d15 x17:0000000e
20625087ns          350283 1c008192 0046230b p.lw             x6, 4(x12!)          x6=00001e3c x12=100004bc x12:100004b8  PA:100004b8
20625107ns          350284 1c008196 2078788b p.lw             x17, x7(x16!)       x17=00000006 x16=100003d0  x7:00000020 x16:100003b0  PA:100003b0
20625147ns          350286 1c00819a 43130733 p.mac            x14, x6, x17        x14=001009d2 x14:000f546a  x6:00001e3c x17:00000006
20625167ns          350287 1c008192 0046230b p.lw             x6, 4(x12!)          x6=00001f63 x12=100004c0 x12:100004bc  PA:100004bc
20625187ns          350288 1c008196 2078788b p.lw             x17, x7(x16!)       x17=fffffffe x16=100003f0  x7:00000020 x16:100003d0  PA:100003d0
20625227ns          350290 1c00819a 43130733 p.mac            x14, x6, x17        x14=000fcb0c x14:001009d2  x6:00001f63 x17:fffffffe
20625247ns          350291 1c008192 0046230b p.lw             x6, 4(x12!)          x6=0000208a x12=100004c4 x12:100004c0  PA:100004c0
20625266ns          350292 1c008196 2078788b p.lw             x17, x7(x16!)       x17=fffffff6 x16=10000410  x7:00000020 x16:100003f0  PA:100003f0
20625306ns          350294 1c00819a 43130733 p.mac            x14, x6, x17        x14=000e85a8 x14:000fcb0c  x6:0000208a x17:fffffff6
20625326ns          350295 1c00819e 00ef222b p.sw             x14, 4(x30!)        x30=10000cb4 x14:000e85a8 x30:10000cb0  PA:10000cb0
20625346ns          350296 1c0081a2 004e8e93 addi             x29, x29, 4         x29=10000314 x29:10000310
20625386ns          350298 1c00817e 40af87b3 sub              x15, x31, x10       x15=00000020 x31:100004c4 x10:100004a4
20625406ns          350299 1c008182 ffc78793 addi             x15, x15, -4        x15=0000001c x15:00000020
20625426ns          350300 1c008184 0027d793 srli             x15, x15, 0x2       x15=00000007 x15:0000001c
20625445ns          350301 1c008186 01d00833 add              x16, x0, x29        x16=10000314 x29:10000314
20625465ns          350302 1c008188 00a00633 add              x12, x0, x10        x12=100004a4 x10:100004a4
20625485ns          350303 1c00818a 00000713 addi             x14, x0, 0          x14=00000000
20625505ns          350304 1c00818c 00178793 addi             x15, x15, 1         x15=00000008 x15:00000007
20625525ns          350305 1c00818e 0067c0fb lp.setup         0x1, x15, 0x6       x15:00000008
20625545ns          350306 1c008192 0046230b p.lw             x6, 4(x12!)          x6=00001879 x12=100004a8 x12:100004a4  PA:100004a4
20625565ns          350307 1c008196 2078788b p.lw             x17, x7(x16!)       x17=0000002d x16=10000334  x7:00000020 x16:10000314  PA:10000314
20625605ns          350309 1c00819a 43130733 p.mac            x14, x6, x17        x14=00044d45 x14:00000000  x6:00001879 x17:0000002d
20625624ns          350310 1c008192 0046230b p.lw             x6, 4(x12!)          x6=000019a0 x12=100004ac x12:100004a8  PA:100004a8
20625644ns          350311 1c008196 2078788b p.lw             x17, x7(x16!)       x17=00000025 x16=10000354  x7:00000020 x16:10000334  PA:10000334
20625684ns          350313 1c00819a 43130733 p.mac            x14, x6, x17        x14=00080165 x14:00044d45  x6:000019a0 x17:00000025
20625704ns          350314 1c008192 0046230b p.lw             x6, 4(x12!)          x6=00001ac7 x12=100004b0 x12:100004ac  PA:100004ac
20625724ns          350315 1c008196 2078788b p.lw             x17, x7(x16!)       x17=0000001d x16=10000374  x7:00000020 x16:10000354  PA:10000354
20625764ns          350317 1c00819a 43130733 p.mac            x14, x6, x17        x14=000b09f0 x14:00080165  x6:00001ac7 x17:0000001d
20625784ns          350318 1c008192 0046230b p.lw             x6, 4(x12!)          x6=00001bee x12=100004b4 x12:100004b0  PA:100004b0
20625803ns          350319 1c008196 2078788b p.lw             x17, x7(x16!)       x17=00000015 x16=10000394  x7:00000020 x16:10000374  PA:10000374
20625843ns          350321 1c00819a 43130733 p.mac            x14, x6, x17        x14=000d5476 x14:000b09f0  x6:00001bee x17:00000015
20625863ns          350322 1c008192 0046230b p.lw             x6, 4(x12!)          x6=00001d15 x12=100004b8 x12:100004b4  PA:100004b4
20625883ns          350323 1c008196 2078788b p.lw             x17, x7(x16!)       x17=0000000d x16=100003b4  x7:00000020 x16:10000394  PA:10000394
20625923ns          350325 1c00819a 43130733 p.mac            x14, x6, x17        x14=000ece87 x14:000d5476  x6:00001d15 x17:0000000d
20625943ns          350326 1c008192 0046230b p.lw             x6, 4(x12!)          x6=00001e3c x12=100004bc x12:100004b8  PA:100004b8
20625963ns          350327 1c008196 2078788b p.lw             x17, x7(x16!)       x17=00000005 x16=100003d4  x7:00000020 x16:100003b4  PA:100003b4
20626002ns          350329 1c00819a 43130733 p.mac            x14, x6, x17        x14=000f65b3 x14:000ece87  x6:00001e3c x17:00000005
20626022ns          350330 1c008192 0046230b p.lw             x6, 4(x12!)          x6=00001f63 x12=100004c0 x12:100004bc  PA:100004bc
20626042ns          350331 1c008196 2078788b p.lw             x17, x7(x16!)       x17=fffffffd x16=100003f4  x7:00000020 x16:100003d4  PA:100003d4
20626082ns          350333 1c00819a 43130733 p.mac            x14, x6, x17        x14=000f078a x14:000f65b3  x6:00001f63 x17:fffffffd
20626102ns          350334 1c008192 0046230b p.lw             x6, 4(x12!)          x6=0000208a x12=100004c4 x12:100004c0  PA:100004c0
20626122ns          350335 1c008196 2078788b p.lw             x17, x7(x16!)       x17=fffffff5 x16=10000414  x7:00000020 x16:100003f4  PA:100003f4
20626162ns          350337 1c00819a 43130733 p.mac            x14, x6, x17        x14=000da19c x14:000f078a  x6:0000208a x17:fffffff5
20626181ns          350338 1c00819e 00ef222b p.sw             x14, 4(x30!)        x30=10000cb8 x14:000da19c x30:10000cb4  PA:10000cb4
20626201ns          350339 1c0081a2 004e8e93 addi             x29, x29, 4         x29=10000318 x29:10000314
20626241ns          350341 1c00817e 40af87b3 sub              x15, x31, x10       x15=00000020 x31:100004c4 x10:100004a4
20626261ns          350342 1c008182 ffc78793 addi             x15, x15, -4        x15=0000001c x15:00000020
20626281ns          350343 1c008184 0027d793 srli             x15, x15, 0x2       x15=00000007 x15:0000001c
20626301ns          350344 1c008186 01d00833 add              x16, x0, x29        x16=10000318 x29:10000318
20626321ns          350345 1c008188 00a00633 add              x12, x0, x10        x12=100004a4 x10:100004a4
20626341ns          350346 1c00818a 00000713 addi             x14, x0, 0          x14=00000000
20626360ns          350347 1c00818c 00178793 addi             x15, x15, 1         x15=00000008 x15:00000007
20626380ns          350348 1c00818e 0067c0fb lp.setup         0x1, x15, 0x6       x15:00000008
20626400ns          350349 1c008192 0046230b p.lw             x6, 4(x12!)          x6=00001879 x12=100004a8 x12:100004a4  PA:100004a4
20626420ns          350350 1c008196 2078788b p.lw             x17, x7(x16!)       x17=0000002c x16=10000338  x7:00000020 x16:10000318  PA:10000318
20626460ns          350352 1c00819a 43130733 p.mac            x14, x6, x17        x14=000434cc x14:00000000  x6:00001879 x17:0000002c
20626480ns          350353 1c008192 0046230b p.lw             x6, 4(x12!)          x6=000019a0 x12=100004ac x12:100004a8  PA:100004a8
20626500ns          350354 1c008196 2078788b p.lw             x17, x7(x16!)       x17=00000024 x16=10000358  x7:00000020 x16:10000338  PA:10000338
20626539ns          350356 1c00819a 43130733 p.mac            x14, x6, x17        x14=0007cf4c x14:000434cc  x6:000019a0 x17:00000024
20626559ns          350357 1c008192 0046230b p.lw             x6, 4(x12!)          x6=00001ac7 x12=100004b0 x12:100004ac  PA:100004ac
20626579ns          350358 1c008196 2078788b p.lw             x17, x7(x16!)       x17=0000001c x16=10000378  x7:00000020 x16:10000358  PA:10000358
20626619ns          350360 1c00819a 43130733 p.mac            x14, x6, x17        x14=000abd10 x14:0007cf4c  x6:00001ac7 x17:0000001c
20626639ns          350361 1c008192 0046230b p.lw             x6, 4(x12!)          x6=00001bee x12=100004b4 x12:100004b0  PA:100004b0
20626659ns          350362 1c008196 2078788b p.lw             x17, x7(x16!)       x17=00000014 x16=10000398  x7:00000020 x16:10000378  PA:10000378
20626699ns          350364 1c00819a 43130733 p.mac            x14, x6, x17        x14=000ceba8 x14:000abd10  x6:00001bee x17:00000014
20626718ns          350365 1c008192 0046230b p.lw             x6, 4(x12!)          x6=00001d15 x12=100004b8 x12:100004b4  PA:100004b4
20626738ns          350366 1c008196 2078788b p.lw             x17, x7(x16!)       x17=0000000c x16=100003b8  x7:00000020 x16:10000398  PA:10000398
20626778ns          350368 1c00819a 43130733 p.mac            x14, x6, x17        x14=000e48a4 x14:000ceba8  x6:00001d15 x17:0000000c
20626798ns          350369 1c008192 0046230b p.lw             x6, 4(x12!)          x6=00001e3c x12=100004bc x12:100004b8  PA:100004b8
20626818ns          350370 1c008196 2078788b p.lw             x17, x7(x16!)       x17=00000004 x16=100003d8  x7:00000020 x16:100003b8  PA:100003b8
20626858ns          350372 1c00819a 43130733 p.mac            x14, x6, x17        x14=000ec194 x14:000e48a4  x6:00001e3c x17:00000004
20626878ns          350373 1c008192 0046230b p.lw             x6, 4(x12!)          x6=00001f63 x12=100004c0 x12:100004bc  PA:100004bc
20626897ns          350374 1c008196 2078788b p.lw             x17, x7(x16!)       x17=fffffffc x16=100003f8  x7:00000020 x16:100003d8  PA:100003d8
20626937ns          350376 1c00819a 43130733 p.mac            x14, x6, x17        x14=000e4408 x14:000ec194  x6:00001f63 x17:fffffffc
20626957ns          350377 1c008192 0046230b p.lw             x6, 4(x12!)          x6=0000208a x12=100004c4 x12:100004c0  PA:100004c0
20626977ns          350378 1c008196 2078788b p.lw             x17, x7(x16!)       x17=fffffff4 x16=10000418  x7:00000020 x16:100003f8  PA:100003f8
20627017ns          350380 1c00819a 43130733 p.mac            x14, x6, x17        x14=000cbd90 x14:000e4408  x6:0000208a x17:fffffff4
20627037ns          350381 1c00819e 00ef222b p.sw             x14, 4(x30!)        x30=10000cbc x14:000cbd90 x30:10000cb8  PA:10000cb8
20627057ns          350382 1c0081a2 004e8e93 addi             x29, x29, 4         x29=1000031c x29:10000318
20627096ns          350384 1c00817e 40af87b3 sub              x15, x31, x10       x15=00000020 x31:100004c4 x10:100004a4
20627116ns          350385 1c008182 ffc78793 addi             x15, x15, -4        x15=0000001c x15:00000020
20627136ns          350386 1c008184 0027d793 srli             x15, x15, 0x2       x15=00000007 x15:0000001c
20627156ns          350387 1c008186 01d00833 add              x16, x0, x29        x16=1000031c x29:1000031c
20627176ns          350388 1c008188 00a00633 add              x12, x0, x10        x12=100004a4 x10:100004a4
20627196ns          350389 1c00818a 00000713 addi             x14, x0, 0          x14=00000000
20627216ns          350390 1c00818c 00178793 addi             x15, x15, 1         x15=00000008 x15:00000007
20627236ns          350391 1c00818e 0067c0fb lp.setup         0x1, x15, 0x6       x15:00000008
20627256ns          350392 1c008192 0046230b p.lw             x6, 4(x12!)          x6=00001879 x12=100004a8 x12:100004a4  PA:100004a4
20627275ns          350393 1c008196 2078788b p.lw             x17, x7(x16!)       x17=0000002b x16=1000033c  x7:00000020 x16:1000031c  PA:1000031c
20627315ns          350395 1c00819a 43130733 p.mac            x14, x6, x17        x14=00041c53 x14:00000000  x6:00001879 x17:0000002b
20627335ns          350396 1c008192 0046230b p.lw             x6, 4(x12!)          x6=000019a0 x12=100004ac x12:100004a8  PA:100004a8
20627355ns          350397 1c008196 2078788b p.lw             x17, x7(x16!)       x17=00000023 x16=1000035c  x7:00000020 x16:1000033c  PA:1000033c
20627395ns          350399 1c00819a 43130733 p.mac            x14, x6, x17        x14=00079d33 x14:00041c53  x6:000019a0 x17:00000023
20627415ns          350400 1c008192 0046230b p.lw             x6, 4(x12!)          x6=00001ac7 x12=100004b0 x12:100004ac  PA:100004ac
20627435ns          350401 1c008196 2078788b p.lw             x17, x7(x16!)       x17=0000001b x16=1000037c  x7:00000020 x16:1000035c  PA:1000035c
20627474ns          350403 1c00819a 43130733 p.mac            x14, x6, x17        x14=000a7030 x14:00079d33  x6:00001ac7 x17:0000001b
20627494ns          350404 1c008192 0046230b p.lw             x6, 4(x12!)          x6=00001bee x12=100004b4 x12:100004b0  PA:100004b0
20627514ns          350405 1c008196 2078788b p.lw             x17, x7(x16!)       x17=00000013 x16=1000039c  x7:00000020 x16:1000037c  PA:1000037c
20627554ns          350407 1c00819a 43130733 p.mac            x14, x6, x17        x14=000c82da x14:000a7030  x6:00001bee x17:00000013
20627574ns          350408 1c008192 0046230b p.lw             x6, 4(x12!)          x6=00001d15 x12=100004b8 x12:100004b4  PA:100004b4
20627594ns          350409 1c008196 2078788b p.lw             x17, x7(x16!)       x17=0000000b x16=100003bc  x7:00000020 x16:1000039c  PA:1000039c
20627633ns          350411 1c00819a 43130733 p.mac            x14, x6, x17        x14=000dc2c1 x14:000c82da  x6:00001d15 x17:0000000b
20627653ns          350412 1c008192 0046230b p.lw             x6, 4(x12!)          x6=00001e3c x12=100004bc x12:100004b8  PA:100004b8
20627673ns          350413 1c008196 2078788b p.lw             x17, x7(x16!)       x17=00000003 x16=100003dc  x7:00000020 x16:100003bc  PA:100003bc
20627713ns          350415 1c00819a 43130733 p.mac            x14, x6, x17        x14=000e1d75 x14:000dc2c1  x6:00001e3c x17:00000003
20627733ns          350416 1c008192 0046230b p.lw             x6, 4(x12!)          x6=00001f63 x12=100004c0 x12:100004bc  PA:100004bc
20627753ns          350417 1c008196 2078788b p.lw             x17, x7(x16!)       x17=fffffffb x16=100003fc  x7:00000020 x16:100003dc  PA:100003dc
20627793ns          350419 1c00819a 43130733 p.mac            x14, x6, x17        x14=000d8086 x14:000e1d75  x6:00001f63 x17:fffffffb
20627812ns          350420 1c008192 0046230b p.lw             x6, 4(x12!)          x6=0000208a x12=100004c4 x12:100004c0  PA:100004c0
20627832ns          350421 1c008196 2078788b p.lw             x17, x7(x16!)       x17=fffffff3 x16=1000041c  x7:00000020 x16:100003fc  PA:100003fc
20627872ns          350423 1c00819a 43130733 p.mac            x14, x6, x17        x14=000bd984 x14:000d8086  x6:0000208a x17:fffffff3
20627892ns          350424 1c00819e 00ef222b p.sw             x14, 4(x30!)        x30=10000cc0 x14:000bd984 x30:10000cbc  PA:10000cbc
20627912ns          350425 1c0081a2 004e8e93 addi             x29, x29, 4         x29=10000320 x29:1000031c
20627952ns          350427 1c00817e 40af87b3 sub              x15, x31, x10       x15=00000020 x31:100004c4 x10:100004a4
20627972ns          350428 1c008182 ffc78793 addi             x15, x15, -4        x15=0000001c x15:00000020
20627991ns          350429 1c008184 0027d793 srli             x15, x15, 0x2       x15=00000007 x15:0000001c
20628011ns          350430 1c008186 01d00833 add              x16, x0, x29        x16=10000320 x29:10000320
20628031ns          350431 1c008188 00a00633 add              x12, x0, x10        x12=100004a4 x10:100004a4
20628051ns          350432 1c00818a 00000713 addi             x14, x0, 0          x14=00000000
20628071ns          350433 1c00818c 00178793 addi             x15, x15, 1         x15=00000008 x15:00000007
20628091ns          350434 1c00818e 0067c0fb lp.setup         0x1, x15, 0x6       x15:00000008
20628111ns          350435 1c008192 0046230b p.lw             x6, 4(x12!)          x6=00001879 x12=100004a8 x12:100004a4  PA:100004a4
20628131ns          350436 1c008196 2078788b p.lw             x17, x7(x16!)       x17=0000002a x16=10000340  x7:00000020 x16:10000320  PA:10000320
20628170ns          350438 1c00819a 43130733 p.mac            x14, x6, x17        x14=000403da x14:00000000  x6:00001879 x17:0000002a
20628190ns          350439 1c008192 0046230b p.lw             x6, 4(x12!)          x6=000019a0 x12=100004ac x12:100004a8  PA:100004a8
20628210ns          350440 1c008196 2078788b p.lw             x17, x7(x16!)       x17=00000022 x16=10000360  x7:00000020 x16:10000340  PA:10000340
20628250ns          350442 1c00819a 43130733 p.mac            x14, x6, x17        x14=00076b1a x14:000403da  x6:000019a0 x17:00000022
20628270ns          350443 1c008192 0046230b p.lw             x6, 4(x12!)          x6=00001ac7 x12=100004b0 x12:100004ac  PA:100004ac
20628290ns          350444 1c008196 2078788b p.lw             x17, x7(x16!)       x17=0000001a x16=10000380  x7:00000020 x16:10000360  PA:10000360
20628330ns          350446 1c00819a 43130733 p.mac            x14, x6, x17        x14=000a2350 x14:00076b1a  x6:00001ac7 x17:0000001a
20628349ns          350447 1c008192 0046230b p.lw             x6, 4(x12!)          x6=00001bee x12=100004b4 x12:100004b0  PA:100004b0
20628369ns          350448 1c008196 2078788b p.lw             x17, x7(x16!)       x17=00000012 x16=100003a0  x7:00000020 x16:10000380  PA:10000380
20628409ns          350450 1c00819a 43130733 p.mac            x14, x6, x17        x14=000c1a0c x14:000a2350  x6:00001bee x17:00000012
20628429ns          350451 1c008192 0046230b p.lw             x6, 4(x12!)          x6=00001d15 x12=100004b8 x12:100004b4  PA:100004b4
20628449ns          350452 1c008196 2078788b p.lw             x17, x7(x16!)       x17=0000000a x16=100003c0  x7:00000020 x16:100003a0  PA:100003a0
20628489ns          350454 1c00819a 43130733 p.mac            x14, x6, x17        x14=000d3cde x14:000c1a0c  x6:00001d15 x17:0000000a
20628509ns          350455 1c008192 0046230b p.lw             x6, 4(x12!)          x6=00001e3c x12=100004bc x12:100004b8  PA:100004b8
20628529ns          350456 1c008196 2078788b p.lw             x17, x7(x16!)       x17=00000002 x16=100003e0  x7:00000020 x16:100003c0  PA:100003c0
20628568ns          350458 1c00819a 43130733 p.mac            x14, x6, x17        x14=000d7956 x14:000d3cde  x6:00001e3c x17:00000002
20628588ns          350459 1c008192 0046230b p.lw             x6, 4(x12!)          x6=00001f63 x12=100004c0 x12:100004bc  PA:100004bc
20628608ns          350460 1c008196 2078788b p.lw             x17, x7(x16!)       x17=fffffffa x16=10000400  x7:00000020 x16:100003e0  PA:100003e0
20628648ns          350462 1c00819a 43130733 p.mac            x14, x6, x17        x14=000cbd04 x14:000d7956  x6:00001f63 x17:fffffffa
20628668ns          350463 1c008192 0046230b p.lw             x6, 4(x12!)          x6=0000208a x12=100004c4 x12:100004c0  PA:100004c0
20628688ns          350464 1c008196 2078788b p.lw             x17, x7(x16!)       x17=fffffff2 x16=10000420  x7:00000020 x16:10000400  PA:10000400
20628727ns          350466 1c00819a 43130733 p.mac            x14, x6, x17        x14=000af578 x14:000cbd04  x6:0000208a x17:fffffff2
20628747ns          350467 1c00819e 00ef222b p.sw             x14, 4(x30!)        x30=10000cc4 x14:000af578 x30:10000cc0  PA:10000cc0
20628767ns          350468 1c0081a2 004e8e93 addi             x29, x29, 4         x29=10000324 x29:10000320
20628787ns          350469 1c0081a4 00128293 addi             x5, x5, 1            x5=00000006  x5:00000005
20628807ns          350470 1c0081a6 00750533 add              x10, x10, x7        x10=100004c4 x10:100004a4  x7:00000020
20628827ns          350471 1c0081a8 007f8fb3 add              x31, x31, x7        x31=100004e4 x31:100004c4  x7:00000020
20628847ns          350472 1c0081aa fa569fe3 bne              x13, x5, -66        x13:00000008  x5:00000006
20628906ns          350475 1c008168 40b48e33 sub              x28, x9, x11        x28=00000020  x9:10000324 x11:10000304
20628926ns          350476 1c00816c ffce0e13 addi             x28, x28, -4        x28=0000001c x28:00000020
20628946ns          350477 1c00816e 002e5e13 srli             x28, x28, 0x2       x28=00000007 x28:0000001c
20628966ns          350478 1c008172 008f8f33 add              x30, x31, x8        x30=10000cc4 x31:100004e4  x8:000007e0
20628986ns          350479 1c008176 00b00eb3 add              x29, x0, x11        x29=10000304 x11:10000304
20629006ns          350480 1c008178 001e0e13 addi             x28, x28, 1         x28=00000008 x28:00000007
20629026ns          350481 1c00817a 014e407b lp.setup         0x0, x28, 0x14      x28:00000008
20629046ns          350482 1c00817e 40af87b3 sub              x15, x31, x10       x15=00000020 x31:100004e4 x10:100004c4
20629066ns          350483 1c008182 ffc78793 addi             x15, x15, -4        x15=0000001c x15:00000020
20629085ns          350484 1c008184 0027d793 srli             x15, x15, 0x2       x15=00000007 x15:0000001c
20629105ns          350485 1c008186 01d00833 add              x16, x0, x29        x16=10000304 x29:10000304
20629125ns          350486 1c008188 00a00633 add              x12, x0, x10        x12=100004c4 x10:100004c4
20629145ns          350487 1c00818a 00000713 addi             x14, x0, 0          x14=00000000
20629165ns          350488 1c00818c 00178793 addi             x15, x15, 1         x15=00000008 x15:00000007
20629185ns          350489 1c00818e 0067c0fb lp.setup         0x1, x15, 0x6       x15:00000008
20629205ns          350490 1c008192 0046230b p.lw             x6, 4(x12!)          x6=000021f1 x12=100004c8 x12:100004c4  PA:100004c4
20629225ns          350491 1c008196 2078788b p.lw             x17, x7(x16!)       x17=00000031 x16=10000324  x7:00000020 x16:10000304  PA:10000304
20629264ns          350493 1c00819a 43130733 p.mac            x14, x6, x17        x14=00067f21 x14:00000000  x6:000021f1 x17:00000031
20629284ns          350494 1c008192 0046230b p.lw             x6, 4(x12!)          x6=00002398 x12=100004cc x12:100004c8  PA:100004c8
20629304ns          350495 1c008196 2078788b p.lw             x17, x7(x16!)       x17=00000029 x16=10000344  x7:00000020 x16:10000324  PA:10000324
20629344ns          350497 1c00819a 43130733 p.mac            x14, x6, x17        x14=000c3279 x14:00067f21  x6:00002398 x17:00000029
20629364ns          350498 1c008192 0046230b p.lw             x6, 4(x12!)          x6=0000253f x12=100004d0 x12:100004cc  PA:100004cc
20629384ns          350499 1c008196 2078788b p.lw             x17, x7(x16!)       x17=00000021 x16=10000364  x7:00000020 x16:10000344  PA:10000344
20629424ns          350501 1c00819a 43130733 p.mac            x14, x6, x17        x14=0010ff98 x14:000c3279  x6:0000253f x17:00000021
20629443ns          350502 1c008192 0046230b p.lw             x6, 4(x12!)          x6=000026e6 x12=100004d4 x12:100004d0  PA:100004d0
20629463ns          350503 1c008196 2078788b p.lw             x17, x7(x16!)       x17=00000019 x16=10000384  x7:00000020 x16:10000364  PA:10000364
20629503ns          350505 1c00819a 43130733 p.mac            x14, x6, x17        x14=0014cc0e x14:0010ff98  x6:000026e6 x17:00000019
20629523ns          350506 1c008192 0046230b p.lw             x6, 4(x12!)          x6=0000288d x12=100004d8 x12:100004d4  PA:100004d4
20629543ns          350507 1c008196 2078788b p.lw             x17, x7(x16!)       x17=00000011 x16=100003a4  x7:00000020 x16:10000384  PA:10000384
20629583ns          350509 1c00819a 43130733 p.mac            x14, x6, x17        x14=00177d6b x14:0014cc0e  x6:0000288d x17:00000011
20629603ns          350510 1c008192 0046230b p.lw             x6, 4(x12!)          x6=00002a34 x12=100004dc x12:100004d8  PA:100004d8
20629623ns          350511 1c008196 2078788b p.lw             x17, x7(x16!)       x17=00000009 x16=100003c4  x7:00000020 x16:100003a4  PA:100003a4
20629662ns          350513 1c00819a 43130733 p.mac            x14, x6, x17        x14=0018f93f x14:00177d6b  x6:00002a34 x17:00000009
20629682ns          350514 1c008192 0046230b p.lw             x6, 4(x12!)          x6=00002bdb x12=100004e0 x12:100004dc  PA:100004dc
20629702ns          350515 1c008196 2078788b p.lw             x17, x7(x16!)       x17=00000001 x16=100003e4  x7:00000020 x16:100003c4  PA:100003c4
20629742ns          350517 1c00819a 43130733 p.mac            x14, x6, x17        x14=0019251a x14:0018f93f  x6:00002bdb x17:00000001
20629762ns          350518 1c008192 0046230b p.lw             x6, 4(x12!)          x6=00002d82 x12=100004e4 x12:100004e0  PA:100004e0
20629782ns          350519 1c008196 2078788b p.lw             x17, x7(x16!)       x17=fffffff9 x16=10000404  x7:00000020 x16:100003e4  PA:100003e4
20629821ns          350521 1c00819a 43130733 p.mac            x14, x6, x17        x14=0017e68c x14:0019251a  x6:00002d82 x17:fffffff9
20629841ns          350522 1c00819e 00ef222b p.sw             x14, 4(x30!)        x30=10000cc8 x14:0017e68c x30:10000cc4  PA:10000cc4
20629861ns          350523 1c0081a2 004e8e93 addi             x29, x29, 4         x29=10000308 x29:10000304
20629901ns          350525 1c00817e 40af87b3 sub              x15, x31, x10       x15=00000020 x31:100004e4 x10:100004c4
20629921ns          350526 1c008182 ffc78793 addi             x15, x15, -4        x15=0000001c x15:00000020
20629941ns          350527 1c008184 0027d793 srli             x15, x15, 0x2       x15=00000007 x15:0000001c
20629961ns          350528 1c008186 01d00833 add              x16, x0, x29        x16=10000308 x29:10000308
20629981ns          350529 1c008188 00a00633 add              x12, x0, x10        x12=100004c4 x10:100004c4
20630000ns          350530 1c00818a 00000713 addi             x14, x0, 0          x14=00000000
20630020ns          350531 1c00818c 00178793 addi             x15, x15, 1         x15=00000008 x15:00000007
20630040ns          350532 1c00818e 0067c0fb lp.setup         0x1, x15, 0x6       x15:00000008
20630060ns          350533 1c008192 0046230b p.lw             x6, 4(x12!)          x6=000021f1 x12=100004c8 x12:100004c4  PA:100004c4
20630080ns          350534 1c008196 2078788b p.lw             x17, x7(x16!)       x17=00000030 x16=10000328  x7:00000020 x16:10000308  PA:10000308
20630120ns          350536 1c00819a 43130733 p.mac            x14, x6, x17        x14=00065d30 x14:00000000  x6:000021f1 x17:00000030
20630140ns          350537 1c008192 0046230b p.lw             x6, 4(x12!)          x6=00002398 x12=100004cc x12:100004c8  PA:100004c8
20630160ns          350538 1c008196 2078788b p.lw             x17, x7(x16!)       x17=00000028 x16=10000348  x7:00000020 x16:10000328  PA:10000328
20630199ns          350540 1c00819a 43130733 p.mac            x14, x6, x17        x14=000becf0 x14:00065d30  x6:00002398 x17:00000028
20630219ns          350541 1c008192 0046230b p.lw             x6, 4(x12!)          x6=0000253f x12=100004d0 x12:100004cc  PA:100004cc
20630239ns          350542 1c008196 2078788b p.lw             x17, x7(x16!)       x17=00000020 x16=10000368  x7:00000020 x16:10000348  PA:10000348
20630279ns          350544 1c00819a 43130733 p.mac            x14, x6, x17        x14=001094d0 x14:000becf0  x6:0000253f x17:00000020
20630299ns          350545 1c008192 0046230b p.lw             x6, 4(x12!)          x6=000026e6 x12=100004d4 x12:100004d0  PA:100004d0
20630319ns          350546 1c008196 2078788b p.lw             x17, x7(x16!)       x17=00000018 x16=10000388  x7:00000020 x16:10000368  PA:10000368
20630358ns          350548 1c00819a 43130733 p.mac            x14, x6, x17        x14=00143a60 x14:001094d0  x6:000026e6 x17:00000018
20630378ns          350549 1c008192 0046230b p.lw             x6, 4(x12!)          x6=0000288d x12=100004d8 x12:100004d4  PA:100004d4
20630398ns          350550 1c008196 2078788b p.lw             x17, x7(x16!)       x17=00000010 x16=100003a8  x7:00000020 x16:10000388  PA:10000388
20630458ns          350553 1c00819a 43130733 p.mac            x14, x6, x17        x14=0016c330 x14:00143a60  x6:0000288d x17:00000010
20630478ns          350554 1c008192 0046230b p.lw             x6, 4(x12!)          x6=00002a34 x12=100004dc x12:100004d8  PA:100004d8
20630498ns          350555 1c008196 2078788b p.lw             x17, x7(x16!)       x17=00000008 x16=100003c8  x7:00000020 x16:100003a8  PA:100003a8
20630537ns          350557 1c00819a 43130733 p.mac            x14, x6, x17        x14=001814d0 x14:0016c330  x6:00002a34 x17:00000008
20630557ns          350558 1c008192 0046230b p.lw             x6, 4(x12!)          x6=00002bdb x12=100004e0 x12:100004dc  PA:100004dc
20630577ns          350559 1c008196 2078788b p.lw             x17, x7(x16!)       x17=00000000 x16=100003e8  x7:00000020 x16:100003c8  PA:100003c8
20630617ns          350561 1c00819a 43130733 p.mac            x14, x6, x17        x14=001814d0 x14:001814d0  x6:00002bdb x17:00000000
20630637ns          350562 1c008192 0046230b p.lw             x6, 4(x12!)          x6=00002d82 x12=100004e4 x12:100004e0  PA:100004e0
20630657ns          350563 1c008196 2078788b p.lw             x17, x7(x16!)       x17=fffffff8 x16=10000408  x7:00000020 x16:100003e8  PA:100003e8
20630697ns          350565 1c00819a 43130733 p.mac            x14, x6, x17        x14=0016a8c0 x14:001814d0  x6:00002d82 x17:fffffff8
20630716ns          350566 1c00819e 00ef222b p.sw             x14, 4(x30!)        x30=10000ccc x14:0016a8c0 x30:10000cc8  PA:10000cc8
20630736ns          350567 1c0081a2 004e8e93 addi             x29, x29, 4         x29=1000030c x29:10000308
20630776ns          350569 1c00817e 40af87b3 sub              x15, x31, x10       x15=00000020 x31:100004e4 x10:100004c4
20630796ns          350570 1c008182 ffc78793 addi             x15, x15, -4        x15=0000001c x15:00000020
20630816ns          350571 1c008184 0027d793 srli             x15, x15, 0x2       x15=00000007 x15:0000001c
20630836ns          350572 1c008186 01d00833 add              x16, x0, x29        x16=1000030c x29:1000030c
20630856ns          350573 1c008188 00a00633 add              x12, x0, x10        x12=100004c4 x10:100004c4
20630876ns          350574 1c00818a 00000713 addi             x14, x0, 0          x14=00000000
20630896ns          350575 1c00818c 00178793 addi             x15, x15, 1         x15=00000008 x15:00000007
20630915ns          350576 1c00818e 0067c0fb lp.setup         0x1, x15, 0x6       x15:00000008
20630935ns          350577 1c008192 0046230b p.lw             x6, 4(x12!)          x6=000021f1 x12=100004c8 x12:100004c4  PA:100004c4
20630955ns          350578 1c008196 2078788b p.lw             x17, x7(x16!)       x17=0000002f x16=1000032c  x7:00000020 x16:1000030c  PA:1000030c
20630995ns          350580 1c00819a 43130733 p.mac            x14, x6, x17        x14=00063b3f x14:00000000  x6:000021f1 x17:0000002f
20631015ns          350581 1c008192 0046230b p.lw             x6, 4(x12!)          x6=00002398 x12=100004cc x12:100004c8  PA:100004c8
20631035ns          350582 1c008196 2078788b p.lw             x17, x7(x16!)       x17=00000027 x16=1000034c  x7:00000020 x16:1000032c  PA:1000032c
20631075ns          350584 1c00819a 43130733 p.mac            x14, x6, x17        x14=000ba767 x14:00063b3f  x6:00002398 x17:00000027
20631094ns          350585 1c008192 0046230b p.lw             x6, 4(x12!)          x6=0000253f x12=100004d0 x12:100004cc  PA:100004cc
20631114ns          350586 1c008196 2078788b p.lw             x17, x7(x16!)       x17=0000001f x16=1000036c  x7:00000020 x16:1000034c  PA:1000034c
20631154ns          350588 1c00819a 43130733 p.mac            x14, x6, x17        x14=00102a08 x14:000ba767  x6:0000253f x17:0000001f
20631174ns          350589 1c008192 0046230b p.lw             x6, 4(x12!)          x6=000026e6 x12=100004d4 x12:100004d0  PA:100004d0
20631194ns          350590 1c008196 2078788b p.lw             x17, x7(x16!)       x17=00000017 x16=1000038c  x7:00000020 x16:1000036c  PA:1000036c
20631234ns          350592 1c00819a 43130733 p.mac            x14, x6, x17        x14=0013a8b2 x14:00102a08  x6:000026e6 x17:00000017
20631254ns          350593 1c008192 0046230b p.lw             x6, 4(x12!)          x6=0000288d x12=100004d8 x12:100004d4  PA:100004d4
20631273ns          350594 1c008196 2078788b p.lw             x17, x7(x16!)       x17=0000000f x16=100003ac  x7:00000020 x16:1000038c  PA:1000038c
20631313ns          350596 1c00819a 43130733 p.mac            x14, x6, x17        x14=001608f5 x14:0013a8b2  x6:0000288d x17:0000000f
20631333ns          350597 1c008192 0046230b p.lw             x6, 4(x12!)          x6=00002a34 x12=100004dc x12:100004d8  PA:100004d8
20631353ns          350598 1c008196 2078788b p.lw             x17, x7(x16!)       x17=00000007 x16=100003cc  x7:00000020 x16:100003ac  PA:100003ac
20631393ns          350600 1c00819a 43130733 p.mac            x14, x6, x17        x14=00173061 x14:001608f5  x6:00002a34 x17:00000007
20631413ns          350601 1c008192 0046230b p.lw             x6, 4(x12!)          x6=00002bdb x12=100004e0 x12:100004dc  PA:100004dc
20631433ns          350602 1c008196 2078788b p.lw             x17, x7(x16!)       x17=ffffffff x16=100003ec  x7:00000020 x16:100003cc  PA:100003cc
20631472ns          350604 1c00819a 43130733 p.mac            x14, x6, x17        x14=00170486 x14:00173061  x6:00002bdb x17:ffffffff
20631492ns          350605 1c008192 0046230b p.lw             x6, 4(x12!)          x6=00002d82 x12=100004e4 x12:100004e0  PA:100004e0
20631512ns          350606 1c008196 2078788b p.lw             x17, x7(x16!)       x17=fffffff7 x16=1000040c  x7:00000020 x16:100003ec  PA:100003ec
20631552ns          350608 1c00819a 43130733 p.mac            x14, x6, x17        x14=00156af4 x14:00170486  x6:00002d82 x17:fffffff7
20631572ns          350609 1c00819e 00ef222b p.sw             x14, 4(x30!)        x30=10000cd0 x14:00156af4 x30:10000ccc  PA:10000ccc
20631592ns          350610 1c0081a2 004e8e93 addi             x29, x29, 4         x29=10000310 x29:1000030c
20631631ns          350612 1c00817e 40af87b3 sub              x15, x31, x10       x15=00000020 x31:100004e4 x10:100004c4
20631651ns          350613 1c008182 ffc78793 addi             x15, x15, -4        x15=0000001c x15:00000020
20631671ns          350614 1c008184 0027d793 srli             x15, x15, 0x2       x15=00000007 x15:0000001c
20631691ns          350615 1c008186 01d00833 add              x16, x0, x29        x16=10000310 x29:10000310
20631711ns          350616 1c008188 00a00633 add              x12, x0, x10        x12=100004c4 x10:100004c4
20631731ns          350617 1c00818a 00000713 addi             x14, x0, 0          x14=00000000
20631751ns          350618 1c00818c 00178793 addi             x15, x15, 1         x15=00000008 x15:00000007
20631771ns          350619 1c00818e 0067c0fb lp.setup         0x1, x15, 0x6       x15:00000008
20631791ns          350620 1c008192 0046230b p.lw             x6, 4(x12!)          x6=000021f1 x12=100004c8 x12:100004c4  PA:100004c4
20631810ns          350621 1c008196 2078788b p.lw             x17, x7(x16!)       x17=0000002e x16=10000330  x7:00000020 x16:10000310  PA:10000310
20631850ns          350623 1c00819a 43130733 p.mac            x14, x6, x17        x14=0006194e x14:00000000  x6:000021f1 x17:0000002e
20631870ns          350624 1c008192 0046230b p.lw             x6, 4(x12!)          x6=00002398 x12=100004cc x12:100004c8  PA:100004c8
20631890ns          350625 1c008196 2078788b p.lw             x17, x7(x16!)       x17=00000026 x16=10000350  x7:00000020 x16:10000330  PA:10000330
20631930ns          350627 1c00819a 43130733 p.mac            x14, x6, x17        x14=000b61de x14:0006194e  x6:00002398 x17:00000026
20631950ns          350628 1c008192 0046230b p.lw             x6, 4(x12!)          x6=0000253f x12=100004d0 x12:100004cc  PA:100004cc
20631970ns          350629 1c008196 2078788b p.lw             x17, x7(x16!)       x17=0000001e x16=10000370  x7:00000020 x16:10000350  PA:10000350
20632009ns          350631 1c00819a 43130733 p.mac            x14, x6, x17        x14=000fbf40 x14:000b61de  x6:0000253f x17:0000001e
20632029ns          350632 1c008192 0046230b p.lw             x6, 4(x12!)          x6=000026e6 x12=100004d4 x12:100004d0  PA:100004d0
20632049ns          350633 1c008196 2078788b p.lw             x17, x7(x16!)       x17=00000016 x16=10000390  x7:00000020 x16:10000370  PA:10000370
20632089ns          350635 1c00819a 43130733 p.mac            x14, x6, x17        x14=00131704 x14:000fbf40  x6:000026e6 x17:00000016
20632109ns          350636 1c008192 0046230b p.lw             x6, 4(x12!)          x6=0000288d x12=100004d8 x12:100004d4  PA:100004d4
20632129ns          350637 1c008196 2078788b p.lw             x17, x7(x16!)       x17=0000000e x16=100003b0  x7:00000020 x16:10000390  PA:10000390
20632169ns          350639 1c00819a 43130733 p.mac            x14, x6, x17        x14=00154eba x14:00131704  x6:0000288d x17:0000000e
20632188ns          350640 1c008192 0046230b p.lw             x6, 4(x12!)          x6=00002a34 x12=100004dc x12:100004d8  PA:100004d8
20632208ns          350641 1c008196 2078788b p.lw             x17, x7(x16!)       x17=00000006 x16=100003d0  x7:00000020 x16:100003b0  PA:100003b0
20632248ns          350643 1c00819a 43130733 p.mac            x14, x6, x17        x14=00164bf2 x14:00154eba  x6:00002a34 x17:00000006
20632268ns          350644 1c008192 0046230b p.lw             x6, 4(x12!)          x6=00002bdb x12=100004e0 x12:100004dc  PA:100004dc
20632288ns          350645 1c008196 2078788b p.lw             x17, x7(x16!)       x17=fffffffe x16=100003f0  x7:00000020 x16:100003d0  PA:100003d0
20632328ns          350647 1c00819a 43130733 p.mac            x14, x6, x17        x14=0015f43c x14:00164bf2  x6:00002bdb x17:fffffffe
20632348ns          350648 1c008192 0046230b p.lw             x6, 4(x12!)          x6=00002d82 x12=100004e4 x12:100004e0  PA:100004e0
20632367ns          350649 1c008196 2078788b p.lw             x17, x7(x16!)       x17=fffffff6 x16=10000410  x7:00000020 x16:100003f0  PA:100003f0
20632407ns          350651 1c00819a 43130733 p.mac            x14, x6, x17        x14=00142d28 x14:0015f43c  x6:00002d82 x17:fffffff6
20632427ns          350652 1c00819e 00ef222b p.sw             x14, 4(x30!)        x30=10000cd4 x14:00142d28 x30:10000cd0  PA:10000cd0
20632447ns          350653 1c0081a2 004e8e93 addi             x29, x29, 4         x29=10000314 x29:10000310
20632487ns          350655 1c00817e 40af87b3 sub              x15, x31, x10       x15=00000020 x31:100004e4 x10:100004c4
20632507ns          350656 1c008182 ffc78793 addi             x15, x15, -4        x15=0000001c x15:00000020
20632527ns          350657 1c008184 0027d793 srli             x15, x15, 0x2       x15=00000007 x15:0000001c
20632546ns          350658 1c008186 01d00833 add              x16, x0, x29        x16=10000314 x29:10000314
20632566ns          350659 1c008188 00a00633 add              x12, x0, x10        x12=100004c4 x10:100004c4
20632586ns          350660 1c00818a 00000713 addi             x14, x0, 0          x14=00000000
20632606ns          350661 1c00818c 00178793 addi             x15, x15, 1         x15=00000008 x15:00000007
20632626ns          350662 1c00818e 0067c0fb lp.setup         0x1, x15, 0x6       x15:00000008
20632646ns          350663 1c008192 0046230b p.lw             x6, 4(x12!)          x6=000021f1 x12=100004c8 x12:100004c4  PA:100004c4
20632666ns          350664 1c008196 2078788b p.lw             x17, x7(x16!)       x17=0000002d x16=10000334  x7:00000020 x16:10000314  PA:10000314
20632706ns          350666 1c00819a 43130733 p.mac            x14, x6, x17        x14=0005f75d x14:00000000  x6:000021f1 x17:0000002d
20632725ns          350667 1c008192 0046230b p.lw             x6, 4(x12!)          x6=00002398 x12=100004cc x12:100004c8  PA:100004c8
20632745ns          350668 1c008196 2078788b p.lw             x17, x7(x16!)       x17=00000025 x16=10000354  x7:00000020 x16:10000334  PA:10000334
20632785ns          350670 1c00819a 43130733 p.mac            x14, x6, x17        x14=000b1c55 x14:0005f75d  x6:00002398 x17:00000025
20632805ns          350671 1c008192 0046230b p.lw             x6, 4(x12!)          x6=0000253f x12=100004d0 x12:100004cc  PA:100004cc
20632825ns          350672 1c008196 2078788b p.lw             x17, x7(x16!)       x17=0000001d x16=10000374  x7:00000020 x16:10000354  PA:10000354
20632865ns          350674 1c00819a 43130733 p.mac            x14, x6, x17        x14=000f5478 x14:000b1c55  x6:0000253f x17:0000001d
20632885ns          350675 1c008192 0046230b p.lw             x6, 4(x12!)          x6=000026e6 x12=100004d4 x12:100004d0  PA:100004d0
20632904ns          350676 1c008196 2078788b p.lw             x17, x7(x16!)       x17=00000015 x16=10000394  x7:00000020 x16:10000374  PA:10000374
20632944ns          350678 1c00819a 43130733 p.mac            x14, x6, x17        x14=00128556 x14:000f5478  x6:000026e6 x17:00000015
20632964ns          350679 1c008192 0046230b p.lw             x6, 4(x12!)          x6=0000288d x12=100004d8 x12:100004d4  PA:100004d4
20632984ns          350680 1c008196 2078788b p.lw             x17, x7(x16!)       x17=0000000d x16=100003b4  x7:00000020 x16:10000394  PA:10000394
20633024ns          350682 1c00819a 43130733 p.mac            x14, x6, x17        x14=0014947f x14:00128556  x6:0000288d x17:0000000d
20633044ns          350683 1c008192 0046230b p.lw             x6, 4(x12!)          x6=00002a34 x12=100004dc x12:100004d8  PA:100004d8
20633064ns          350684 1c008196 2078788b p.lw             x17, x7(x16!)       x17=00000005 x16=100003d4  x7:00000020 x16:100003b4  PA:100003b4
20633103ns          350686 1c00819a 43130733 p.mac            x14, x6, x17        x14=00156783 x14:0014947f  x6:00002a34 x17:00000005
20633123ns          350687 1c008192 0046230b p.lw             x6, 4(x12!)          x6=00002bdb x12=100004e0 x12:100004dc  PA:100004dc
20633143ns          350688 1c008196 2078788b p.lw             x17, x7(x16!)       x17=fffffffd x16=100003f4  x7:00000020 x16:100003d4  PA:100003d4
20633183ns          350690 1c00819a 43130733 p.mac            x14, x6, x17        x14=0014e3f2 x14:00156783  x6:00002bdb x17:fffffffd
20633203ns          350691 1c008192 0046230b p.lw             x6, 4(x12!)          x6=00002d82 x12=100004e4 x12:100004e0  PA:100004e0
20633223ns          350692 1c008196 2078788b p.lw             x17, x7(x16!)       x17=fffffff5 x16=10000414  x7:00000020 x16:100003f4  PA:100003f4
20633263ns          350694 1c00819a 43130733 p.mac            x14, x6, x17        x14=0012ef5c x14:0014e3f2  x6:00002d82 x17:fffffff5
20633282ns          350695 1c00819e 00ef222b p.sw             x14, 4(x30!)        x30=10000cd8 x14:0012ef5c x30:10000cd4  PA:10000cd4
20633302ns          350696 1c0081a2 004e8e93 addi             x29, x29, 4         x29=10000318 x29:10000314
20633342ns          350698 1c00817e 40af87b3 sub              x15, x31, x10       x15=00000020 x31:100004e4 x10:100004c4
20633362ns          350699 1c008182 ffc78793 addi             x15, x15, -4        x15=0000001c x15:00000020
20633382ns          350700 1c008184 0027d793 srli             x15, x15, 0x2       x15=00000007 x15:0000001c
20633402ns          350701 1c008186 01d00833 add              x16, x0, x29        x16=10000318 x29:10000318
20633422ns          350702 1c008188 00a00633 add              x12, x0, x10        x12=100004c4 x10:100004c4
20633442ns          350703 1c00818a 00000713 addi             x14, x0, 0          x14=00000000
20633461ns          350704 1c00818c 00178793 addi             x15, x15, 1         x15=00000008 x15:00000007
20633481ns          350705 1c00818e 0067c0fb lp.setup         0x1, x15, 0x6       x15:00000008
20633501ns          350706 1c008192 0046230b p.lw             x6, 4(x12!)          x6=000021f1 x12=100004c8 x12:100004c4  PA:100004c4
20633521ns          350707 1c008196 2078788b p.lw             x17, x7(x16!)       x17=0000002c x16=10000338  x7:00000020 x16:10000318  PA:10000318
20633561ns          350709 1c00819a 43130733 p.mac            x14, x6, x17        x14=0005d56c x14:00000000  x6:000021f1 x17:0000002c
20633581ns          350710 1c008192 0046230b p.lw             x6, 4(x12!)          x6=00002398 x12=100004cc x12:100004c8  PA:100004c8
20633601ns          350711 1c008196 2078788b p.lw             x17, x7(x16!)       x17=00000024 x16=10000358  x7:00000020 x16:10000338  PA:10000338
20633640ns          350713 1c00819a 43130733 p.mac            x14, x6, x17        x14=000ad6cc x14:0005d56c  x6:00002398 x17:00000024
20633660ns          350714 1c008192 0046230b p.lw             x6, 4(x12!)          x6=0000253f x12=100004d0 x12:100004cc  PA:100004cc
20633680ns          350715 1c008196 2078788b p.lw             x17, x7(x16!)       x17=0000001c x16=10000378  x7:00000020 x16:10000358  PA:10000358
20633720ns          350717 1c00819a 43130733 p.mac            x14, x6, x17        x14=000ee9b0 x14:000ad6cc  x6:0000253f x17:0000001c
20633740ns          350718 1c008192 0046230b p.lw             x6, 4(x12!)          x6=000026e6 x12=100004d4 x12:100004d0  PA:100004d0
20633760ns          350719 1c008196 2078788b p.lw             x17, x7(x16!)       x17=00000014 x16=10000398  x7:00000020 x16:10000378  PA:10000378
20633800ns          350721 1c00819a 43130733 p.mac            x14, x6, x17        x14=0011f3a8 x14:000ee9b0  x6:000026e6 x17:00000014
20633819ns          350722 1c008192 0046230b p.lw             x6, 4(x12!)          x6=0000288d x12=100004d8 x12:100004d4  PA:100004d4
20633839ns          350723 1c008196 2078788b p.lw             x17, x7(x16!)       x17=0000000c x16=100003b8  x7:00000020 x16:10000398  PA:10000398
20633879ns          350725 1c00819a 43130733 p.mac            x14, x6, x17        x14=0013da44 x14:0011f3a8  x6:0000288d x17:0000000c
20633899ns          350726 1c008192 0046230b p.lw             x6, 4(x12!)          x6=00002a34 x12=100004dc x12:100004d8  PA:100004d8
20633919ns          350727 1c008196 2078788b p.lw             x17, x7(x16!)       x17=00000004 x16=100003d8  x7:00000020 x16:100003b8  PA:100003b8
20633959ns          350729 1c00819a 43130733 p.mac            x14, x6, x17        x14=00148314 x14:0013da44  x6:00002a34 x17:00000004
20633979ns          350730 1c008192 0046230b p.lw             x6, 4(x12!)          x6=00002bdb x12=100004e0 x12:100004dc  PA:100004dc
20633998ns          350731 1c008196 2078788b p.lw             x17, x7(x16!)       x17=fffffffc x16=100003f8  x7:00000020 x16:100003d8  PA:100003d8
20634038ns          350733 1c00819a 43130733 p.mac            x14, x6, x17        x14=0013d3a8 x14:00148314  x6:00002bdb x17:fffffffc
20634058ns          350734 1c008192 0046230b p.lw             x6, 4(x12!)          x6=00002d82 x12=100004e4 x12:100004e0  PA:100004e0
20634078ns          350735 1c008196 2078788b p.lw             x17, x7(x16!)       x17=fffffff4 x16=10000418  x7:00000020 x16:100003f8  PA:100003f8
20634118ns          350737 1c00819a 43130733 p.mac            x14, x6, x17        x14=0011b190 x14:0013d3a8  x6:00002d82 x17:fffffff4
20634138ns          350738 1c00819e 00ef222b p.sw             x14, 4(x30!)        x30=10000cdc x14:0011b190 x30:10000cd8  PA:10000cd8
20634177ns          350740 1c0081a2 004e8e93 addi             x29, x29, 4         x29=1000031c x29:10000318
20634197ns          350741 1c00817e 40af87b3 sub              x15, x31, x10       x15=00000020 x31:100004e4 x10:100004c4
20634217ns          350742 1c008182 ffc78793 addi             x15, x15, -4        x15=0000001c x15:00000020
20634237ns          350743 1c008184 0027d793 srli             x15, x15, 0x2       x15=00000007 x15:0000001c
20634257ns          350744 1c008186 01d00833 add              x16, x0, x29        x16=1000031c x29:1000031c
20634277ns          350745 1c008188 00a00633 add              x12, x0, x10        x12=100004c4 x10:100004c4
20634297ns          350746 1c00818a 00000713 addi             x14, x0, 0          x14=00000000
20634317ns          350747 1c00818c 00178793 addi             x15, x15, 1         x15=00000008 x15:00000007
20634337ns          350748 1c00818e 0067c0fb lp.setup         0x1, x15, 0x6       x15:00000008
20634356ns          350749 1c008192 0046230b p.lw             x6, 4(x12!)          x6=000021f1 x12=100004c8 x12:100004c4  PA:100004c4
20634376ns          350750 1c008196 2078788b p.lw             x17, x7(x16!)       x17=0000002b x16=1000033c  x7:00000020 x16:1000031c  PA:1000031c
20634416ns          350752 1c00819a 43130733 p.mac            x14, x6, x17        x14=0005b37b x14:00000000  x6:000021f1 x17:0000002b
20634436ns          350753 1c008192 0046230b p.lw             x6, 4(x12!)          x6=00002398 x12=100004cc x12:100004c8  PA:100004c8
20634456ns          350754 1c008196 2078788b p.lw             x17, x7(x16!)       x17=00000023 x16=1000035c  x7:00000020 x16:1000033c  PA:1000033c
20634496ns          350756 1c00819a 43130733 p.mac            x14, x6, x17        x14=000a9143 x14:0005b37b  x6:00002398 x17:00000023
20634516ns          350757 1c008192 0046230b p.lw             x6, 4(x12!)          x6=0000253f x12=100004d0 x12:100004cc  PA:100004cc
20634536ns          350758 1c008196 2078788b p.lw             x17, x7(x16!)       x17=0000001b x16=1000037c  x7:00000020 x16:1000035c  PA:1000035c
20634575ns          350760 1c00819a 43130733 p.mac            x14, x6, x17        x14=000e7ee8 x14:000a9143  x6:0000253f x17:0000001b
20634595ns          350761 1c008192 0046230b p.lw             x6, 4(x12!)          x6=000026e6 x12=100004d4 x12:100004d0  PA:100004d0
20634615ns          350762 1c008196 2078788b p.lw             x17, x7(x16!)       x17=00000013 x16=1000039c  x7:00000020 x16:1000037c  PA:1000037c
20634655ns          350764 1c00819a 43130733 p.mac            x14, x6, x17        x14=001161fa x14:000e7ee8  x6:000026e6 x17:00000013
20634675ns          350765 1c008192 0046230b p.lw             x6, 4(x12!)          x6=0000288d x12=100004d8 x12:100004d4  PA:100004d4
20634695ns          350766 1c008196 2078788b p.lw             x17, x7(x16!)       x17=0000000b x16=100003bc  x7:00000020 x16:1000039c  PA:1000039c
20634734ns          350768 1c00819a 43130733 p.mac            x14, x6, x17        x14=00132009 x14:001161fa  x6:0000288d x17:0000000b
20634754ns          350769 1c008192 0046230b p.lw             x6, 4(x12!)          x6=00002a34 x12=100004dc x12:100004d8  PA:100004d8
20634774ns          350770 1c008196 2078788b p.lw             x17, x7(x16!)       x17=00000003 x16=100003dc  x7:00000020 x16:100003bc  PA:100003bc
20634814ns          350772 1c00819a 43130733 p.mac            x14, x6, x17        x14=00139ea5 x14:00132009  x6:00002a34 x17:00000003
20634834ns          350773 1c008192 0046230b p.lw             x6, 4(x12!)          x6=00002bdb x12=100004e0 x12:100004dc  PA:100004dc
20634854ns          350774 1c008196 2078788b p.lw             x17, x7(x16!)       x17=fffffffb x16=100003fc  x7:00000020 x16:100003dc  PA:100003dc
20634894ns          350776 1c00819a 43130733 p.mac            x14, x6, x17        x14=0012c35e x14:00139ea5  x6:00002bdb x17:fffffffb
20634913ns          350777 1c008192 0046230b p.lw             x6, 4(x12!)          x6=00002d82 x12=100004e4 x12:100004e0  PA:100004e0
20634933ns          350778 1c008196 2078788b p.lw             x17, x7(x16!)       x17=fffffff3 x16=1000041c  x7:00000020 x16:100003fc  PA:100003fc
20634973ns          350780 1c00819a 43130733 p.mac            x14, x6, x17        x14=001073c4 x14:0012c35e  x6:00002d82 x17:fffffff3
20634993ns          350781 1c00819e 00ef222b p.sw             x14, 4(x30!)        x30=10000ce0 x14:001073c4 x30:10000cdc  PA:10000cdc
20635013ns          350782 1c0081a2 004e8e93 addi             x29, x29, 4         x29=10000320 x29:1000031c
20635053ns          350784 1c00817e 40af87b3 sub              x15, x31, x10       x15=00000020 x31:100004e4 x10:100004c4
20635073ns          350785 1c008182 ffc78793 addi             x15, x15, -4        x15=0000001c x15:00000020
20635092ns          350786 1c008184 0027d793 srli             x15, x15, 0x2       x15=00000007 x15:0000001c
20635112ns          350787 1c008186 01d00833 add              x16, x0, x29        x16=10000320 x29:10000320
20635132ns          350788 1c008188 00a00633 add              x12, x0, x10        x12=100004c4 x10:100004c4
20635152ns          350789 1c00818a 00000713 addi             x14, x0, 0          x14=00000000
20635172ns          350790 1c00818c 00178793 addi             x15, x15, 1         x15=00000008 x15:00000007
20635192ns          350791 1c00818e 0067c0fb lp.setup         0x1, x15, 0x6       x15:00000008
20635212ns          350792 1c008192 0046230b p.lw             x6, 4(x12!)          x6=000021f1 x12=100004c8 x12:100004c4  PA:100004c4
20635232ns          350793 1c008196 2078788b p.lw             x17, x7(x16!)       x17=0000002a x16=10000340  x7:00000020 x16:10000320  PA:10000320
20635271ns          350795 1c00819a 43130733 p.mac            x14, x6, x17        x14=0005918a x14:00000000  x6:000021f1 x17:0000002a
20635291ns          350796 1c008192 0046230b p.lw             x6, 4(x12!)          x6=00002398 x12=100004cc x12:100004c8  PA:100004c8
20635311ns          350797 1c008196 2078788b p.lw             x17, x7(x16!)       x17=00000022 x16=10000360  x7:00000020 x16:10000340  PA:10000340
20635351ns          350799 1c00819a 43130733 p.mac            x14, x6, x17        x14=000a4bba x14:0005918a  x6:00002398 x17:00000022
20635371ns          350800 1c008192 0046230b p.lw             x6, 4(x12!)          x6=0000253f x12=100004d0 x12:100004cc  PA:100004cc
20635391ns          350801 1c008196 2078788b p.lw             x17, x7(x16!)       x17=0000001a x16=10000380  x7:00000020 x16:10000360  PA:10000360
20635431ns          350803 1c00819a 43130733 p.mac            x14, x6, x17        x14=000e1420 x14:000a4bba  x6:0000253f x17:0000001a
20635450ns          350804 1c008192 0046230b p.lw             x6, 4(x12!)          x6=000026e6 x12=100004d4 x12:100004d0  PA:100004d0
20635470ns          350805 1c008196 2078788b p.lw             x17, x7(x16!)       x17=00000012 x16=100003a0  x7:00000020 x16:10000380  PA:10000380
20635510ns          350807 1c00819a 43130733 p.mac            x14, x6, x17        x14=0010d04c x14:000e1420  x6:000026e6 x17:00000012
20635530ns          350808 1c008192 0046230b p.lw             x6, 4(x12!)          x6=0000288d x12=100004d8 x12:100004d4  PA:100004d4
20635550ns          350809 1c008196 2078788b p.lw             x17, x7(x16!)       x17=0000000a x16=100003c0  x7:00000020 x16:100003a0  PA:100003a0
20635590ns          350811 1c00819a 43130733 p.mac            x14, x6, x17        x14=001265ce x14:0010d04c  x6:0000288d x17:0000000a
20635610ns          350812 1c008192 0046230b p.lw             x6, 4(x12!)          x6=00002a34 x12=100004dc x12:100004d8  PA:100004d8
20635630ns          350813 1c008196 2078788b p.lw             x17, x7(x16!)       x17=00000002 x16=100003e0  x7:00000020 x16:100003c0  PA:100003c0
20635669ns          350815 1c00819a 43130733 p.mac            x14, x6, x17        x14=0012ba36 x14:001265ce  x6:00002a34 x17:00000002
20635689ns          350816 1c008192 0046230b p.lw             x6, 4(x12!)          x6=00002bdb x12=100004e0 x12:100004dc  PA:100004dc
20635709ns          350817 1c008196 2078788b p.lw             x17, x7(x16!)       x17=fffffffa x16=10000400  x7:00000020 x16:100003e0  PA:100003e0
20635749ns          350819 1c00819a 43130733 p.mac            x14, x6, x17        x14=0011b314 x14:0012ba36  x6:00002bdb x17:fffffffa
20635769ns          350820 1c008192 0046230b p.lw             x6, 4(x12!)          x6=00002d82 x12=100004e4 x12:100004e0  PA:100004e0
20635789ns          350821 1c008196 2078788b p.lw             x17, x7(x16!)       x17=fffffff2 x16=10000420  x7:00000020 x16:10000400  PA:10000400
20635828ns          350823 1c00819a 43130733 p.mac            x14, x6, x17        x14=000f35f8 x14:0011b314  x6:00002d82 x17:fffffff2
20635848ns          350824 1c00819e 00ef222b p.sw             x14, 4(x30!)        x30=10000ce4 x14:000f35f8 x30:10000ce0  PA:10000ce0
20635868ns          350825 1c0081a2 004e8e93 addi             x29, x29, 4         x29=10000324 x29:10000320
20635888ns          350826 1c0081a4 00128293 addi             x5, x5, 1            x5=00000007  x5:00000006
20635908ns          350827 1c0081a6 00750533 add              x10, x10, x7        x10=100004e4 x10:100004c4  x7:00000020
20635928ns          350828 1c0081a8 007f8fb3 add              x31, x31, x7        x31=10000504 x31:100004e4  x7:00000020
20635948ns          350829 1c0081aa fa569fe3 bne              x13, x5, -66        x13:00000008  x5:00000007
20636007ns          350832 1c008168 40b48e33 sub              x28, x9, x11        x28=00000020  x9:10000324 x11:10000304
20636027ns          350833 1c00816c ffce0e13 addi             x28, x28, -4        x28=0000001c x28:00000020
20636047ns          350834 1c00816e 002e5e13 srli             x28, x28, 0x2       x28=00000007 x28:0000001c
20636067ns          350835 1c008172 008f8f33 add              x30, x31, x8        x30=10000ce4 x31:10000504  x8:000007e0
20636087ns          350836 1c008176 00b00eb3 add              x29, x0, x11        x29=10000304 x11:10000304
20636107ns          350837 1c008178 001e0e13 addi             x28, x28, 1         x28=00000008 x28:00000007
20636127ns          350838 1c00817a 014e407b lp.setup         0x0, x28, 0x14      x28:00000008
20636147ns          350839 1c00817e 40af87b3 sub              x15, x31, x10       x15=00000020 x31:10000504 x10:100004e4
20636167ns          350840 1c008182 ffc78793 addi             x15, x15, -4        x15=0000001c x15:00000020
20636186ns          350841 1c008184 0027d793 srli             x15, x15, 0x2       x15=00000007 x15:0000001c
20636206ns          350842 1c008186 01d00833 add              x16, x0, x29        x16=10000304 x29:10000304
20636226ns          350843 1c008188 00a00633 add              x12, x0, x10        x12=100004e4 x10:100004e4
20636246ns          350844 1c00818a 00000713 addi             x14, x0, 0          x14=00000000
20636266ns          350845 1c00818c 00178793 addi             x15, x15, 1         x15=00000008 x15:00000007
20636286ns          350846 1c00818e 0067c0fb lp.setup         0x1, x15, 0x6       x15:00000008
20636306ns          350847 1c008192 0046230b p.lw             x6, 4(x12!)          x6=00002b69 x12=100004e8 x12:100004e4  PA:100004e4
20636326ns          350848 1c008196 2078788b p.lw             x17, x7(x16!)       x17=00000031 x16=10000324  x7:00000020 x16:10000304  PA:10000304
20636365ns          350850 1c00819a 43130733 p.mac            x14, x6, x17        x14=00084f19 x14:00000000  x6:00002b69 x17:00000031
20636385ns          350851 1c008192 0046230b p.lw             x6, 4(x12!)          x6=00002d90 x12=100004ec x12:100004e8  PA:100004e8
20636405ns          350852 1c008196 2078788b p.lw             x17, x7(x16!)       x17=00000029 x16=10000344  x7:00000020 x16:10000324  PA:10000324
20636445ns          350854 1c00819a 43130733 p.mac            x14, x6, x17        x14=000f9b29 x14:00084f19  x6:00002d90 x17:00000029
20636465ns          350855 1c008192 0046230b p.lw             x6, 4(x12!)          x6=00002fb7 x12=100004f0 x12:100004ec  PA:100004ec
20636485ns          350856 1c008196 2078788b p.lw             x17, x7(x16!)       x17=00000021 x16=10000364  x7:00000020 x16:10000344  PA:10000344
20636525ns          350858 1c00819a 43130733 p.mac            x14, x6, x17        x14=0015c1c0 x14:000f9b29  x6:00002fb7 x17:00000021
20636544ns          350859 1c008192 0046230b p.lw             x6, 4(x12!)          x6=000031de x12=100004f4 x12:100004f0  PA:100004f0
20636564ns          350860 1c008196 2078788b p.lw             x17, x7(x16!)       x17=00000019 x16=10000384  x7:00000020 x16:10000364  PA:10000364
20636604ns          350862 1c00819a 43130733 p.mac            x14, x6, x17        x14=001aa06e x14:0015c1c0  x6:000031de x17:00000019
20636624ns          350863 1c008192 0046230b p.lw             x6, 4(x12!)          x6=00003405 x12=100004f8 x12:100004f4  PA:100004f4
20636644ns          350864 1c008196 2078788b p.lw             x17, x7(x16!)       x17=00000011 x16=100003a4  x7:00000020 x16:10000384  PA:10000384
20636684ns          350866 1c00819a 43130733 p.mac            x14, x6, x17        x14=001e14c3 x14:001aa06e  x6:00003405 x17:00000011
20636704ns          350867 1c008192 0046230b p.lw             x6, 4(x12!)          x6=0000362c x12=100004fc x12:100004f8  PA:100004f8
20636723ns          350868 1c008196 2078788b p.lw             x17, x7(x16!)       x17=00000009 x16=100003c4  x7:00000020 x16:100003a4  PA:100003a4
20636763ns          350870 1c00819a 43130733 p.mac            x14, x6, x17        x14=001ffc4f x14:001e14c3  x6:0000362c x17:00000009
20636783ns          350871 1c008192 0046230b p.lw             x6, 4(x12!)          x6=00003853 x12=10000500 x12:100004fc  PA:100004fc
20636803ns          350872 1c008196 2078788b p.lw             x17, x7(x16!)       x17=00000001 x16=100003e4  x7:00000020 x16:100003c4  PA:100003c4
20636843ns          350874 1c00819a 43130733 p.mac            x14, x6, x17        x14=002034a2 x14:001ffc4f  x6:00003853 x17:00000001
20636863ns          350875 1c008192 0046230b p.lw             x6, 4(x12!)          x6=00003a7a x12=10000504 x12:10000500  PA:10000500
20636883ns          350876 1c008196 2078788b p.lw             x17, x7(x16!)       x17=fffffff9 x16=10000404  x7:00000020 x16:100003e4  PA:100003e4
20636922ns          350878 1c00819a 43130733 p.mac            x14, x6, x17        x14=001e9b4c x14:002034a2  x6:00003a7a x17:fffffff9
20636942ns          350879 1c00819e 00ef222b p.sw             x14, 4(x30!)        x30=10000ce8 x14:001e9b4c x30:10000ce4  PA:10000ce4
20636962ns          350880 1c0081a2 004e8e93 addi             x29, x29, 4         x29=10000308 x29:10000304
20637002ns          350882 1c00817e 40af87b3 sub              x15, x31, x10       x15=00000020 x31:10000504 x10:100004e4
20637022ns          350883 1c008182 ffc78793 addi             x15, x15, -4        x15=0000001c x15:00000020
20637042ns          350884 1c008184 0027d793 srli             x15, x15, 0x2       x15=00000007 x15:0000001c
20637062ns          350885 1c008186 01d00833 add              x16, x0, x29        x16=10000308 x29:10000308
20637082ns          350886 1c008188 00a00633 add              x12, x0, x10        x12=100004e4 x10:100004e4
20637101ns          350887 1c00818a 00000713 addi             x14, x0, 0          x14=00000000
20637121ns          350888 1c00818c 00178793 addi             x15, x15, 1         x15=00000008 x15:00000007
20637141ns          350889 1c00818e 0067c0fb lp.setup         0x1, x15, 0x6       x15:00000008
20637161ns          350890 1c008192 0046230b p.lw             x6, 4(x12!)          x6=00002b69 x12=100004e8 x12:100004e4  PA:100004e4
20637181ns          350891 1c008196 2078788b p.lw             x17, x7(x16!)       x17=00000030 x16=10000328  x7:00000020 x16:10000308  PA:10000308
20637221ns          350893 1c00819a 43130733 p.mac            x14, x6, x17        x14=000823b0 x14:00000000  x6:00002b69 x17:00000030
20637241ns          350894 1c008192 0046230b p.lw             x6, 4(x12!)          x6=00002d90 x12=100004ec x12:100004e8  PA:100004e8
20637261ns          350895 1c008196 2078788b p.lw             x17, x7(x16!)       x17=00000028 x16=10000348  x7:00000020 x16:10000328  PA:10000328
20637300ns          350897 1c00819a 43130733 p.mac            x14, x6, x17        x14=000f4230 x14:000823b0  x6:00002d90 x17:00000028
20637320ns          350898 1c008192 0046230b p.lw             x6, 4(x12!)          x6=00002fb7 x12=100004f0 x12:100004ec  PA:100004ec
20637340ns          350899 1c008196 2078788b p.lw             x17, x7(x16!)       x17=00000020 x16=10000368  x7:00000020 x16:10000348  PA:10000348
20637380ns          350901 1c00819a 43130733 p.mac            x14, x6, x17        x14=00153910 x14:000f4230  x6:00002fb7 x17:00000020
20637400ns          350902 1c008192 0046230b p.lw             x6, 4(x12!)          x6=000031de x12=100004f4 x12:100004f0  PA:100004f0
20637420ns          350903 1c008196 2078788b p.lw             x17, x7(x16!)       x17=00000018 x16=10000388  x7:00000020 x16:10000368  PA:10000368
20637459ns          350905 1c00819a 43130733 p.mac            x14, x6, x17        x14=0019e5e0 x14:00153910  x6:000031de x17:00000018
20637479ns          350906 1c008192 0046230b p.lw             x6, 4(x12!)          x6=00003405 x12=100004f8 x12:100004f4  PA:100004f4
20637499ns          350907 1c008196 2078788b p.lw             x17, x7(x16!)       x17=00000010 x16=100003a8  x7:00000020 x16:10000388  PA:10000388
20637539ns          350909 1c00819a 43130733 p.mac            x14, x6, x17        x14=001d2630 x14:0019e5e0  x6:00003405 x17:00000010
20637559ns          350910 1c008192 0046230b p.lw             x6, 4(x12!)          x6=0000362c x12=100004fc x12:100004f8  PA:100004f8
20637579ns          350911 1c008196 2078788b p.lw             x17, x7(x16!)       x17=00000008 x16=100003c8  x7:00000020 x16:100003a8  PA:100003a8
20637619ns          350913 1c00819a 43130733 p.mac            x14, x6, x17        x14=001ed790 x14:001d2630  x6:0000362c x17:00000008
20637638ns          350914 1c008192 0046230b p.lw             x6, 4(x12!)          x6=00003853 x12=10000500 x12:100004fc  PA:100004fc
20637658ns          350915 1c008196 2078788b p.lw             x17, x7(x16!)       x17=00000000 x16=100003e8  x7:00000020 x16:100003c8  PA:100003c8
20637698ns          350917 1c00819a 43130733 p.mac            x14, x6, x17        x14=001ed790 x14:001ed790  x6:00003853 x17:00000000
20637718ns          350918 1c008192 0046230b p.lw             x6, 4(x12!)          x6=00003a7a x12=10000504 x12:10000500  PA:10000500
20637738ns          350919 1c008196 2078788b p.lw             x17, x7(x16!)       x17=fffffff8 x16=10000408  x7:00000020 x16:100003e8  PA:100003e8
20637778ns          350921 1c00819a 43130733 p.mac            x14, x6, x17        x14=001d03c0 x14:001ed790  x6:00003a7a x17:fffffff8
20637798ns          350922 1c00819e 00ef222b p.sw             x14, 4(x30!)        x30=10000cec x14:001d03c0 x30:10000ce8  PA:10000ce8
20637817ns          350923 1c0081a2 004e8e93 addi             x29, x29, 4         x29=1000030c x29:10000308
20637857ns          350925 1c00817e 40af87b3 sub              x15, x31, x10       x15=00000020 x31:10000504 x10:100004e4
20637877ns          350926 1c008182 ffc78793 addi             x15, x15, -4        x15=0000001c x15:00000020
20637897ns          350927 1c008184 0027d793 srli             x15, x15, 0x2       x15=00000007 x15:0000001c
20637917ns          350928 1c008186 01d00833 add              x16, x0, x29        x16=1000030c x29:1000030c
20637937ns          350929 1c008188 00a00633 add              x12, x0, x10        x12=100004e4 x10:100004e4
20637957ns          350930 1c00818a 00000713 addi             x14, x0, 0          x14=00000000
20637977ns          350931 1c00818c 00178793 addi             x15, x15, 1         x15=00000008 x15:00000007
20637997ns          350932 1c00818e 0067c0fb lp.setup         0x1, x15, 0x6       x15:00000008
20638016ns          350933 1c008192 0046230b p.lw             x6, 4(x12!)          x6=00002b69 x12=100004e8 x12:100004e4  PA:100004e4
20638036ns          350934 1c008196 2078788b p.lw             x17, x7(x16!)       x17=0000002f x16=1000032c  x7:00000020 x16:1000030c  PA:1000030c
20638076ns          350936 1c00819a 43130733 p.mac            x14, x6, x17        x14=0007f847 x14:00000000  x6:00002b69 x17:0000002f
20638096ns          350937 1c008192 0046230b p.lw             x6, 4(x12!)          x6=00002d90 x12=100004ec x12:100004e8  PA:100004e8
20638116ns          350938 1c008196 2078788b p.lw             x17, x7(x16!)       x17=00000027 x16=1000034c  x7:00000020 x16:1000032c  PA:1000032c
20638156ns          350940 1c00819a 43130733 p.mac            x14, x6, x17        x14=000ee937 x14:0007f847  x6:00002d90 x17:00000027
20638176ns          350941 1c008192 0046230b p.lw             x6, 4(x12!)          x6=00002fb7 x12=100004f0 x12:100004ec  PA:100004ec
20638195ns          350942 1c008196 2078788b p.lw             x17, x7(x16!)       x17=0000001f x16=1000036c  x7:00000020 x16:1000034c  PA:1000034c
20638235ns          350944 1c00819a 43130733 p.mac            x14, x6, x17        x14=0014b060 x14:000ee937  x6:00002fb7 x17:0000001f
20638255ns          350945 1c008192 0046230b p.lw             x6, 4(x12!)          x6=000031de x12=100004f4 x12:100004f0  PA:100004f0
20638275ns          350946 1c008196 2078788b p.lw             x17, x7(x16!)       x17=00000017 x16=1000038c  x7:00000020 x16:1000036c  PA:1000036c
20638315ns          350948 1c00819a 43130733 p.mac            x14, x6, x17        x14=00192b52 x14:0014b060  x6:000031de x17:00000017
20638335ns          350949 1c008192 0046230b p.lw             x6, 4(x12!)          x6=00003405 x12=100004f8 x12:100004f4  PA:100004f4
20638355ns          350950 1c008196 2078788b p.lw             x17, x7(x16!)       x17=0000000f x16=100003ac  x7:00000020 x16:1000038c  PA:1000038c
20638394ns          350952 1c00819a 43130733 p.mac            x14, x6, x17        x14=001c379d x14:00192b52  x6:00003405 x17:0000000f
20638414ns          350953 1c008192 0046230b p.lw             x6, 4(x12!)          x6=0000362c x12=100004fc x12:100004f8  PA:100004f8
20638434ns          350954 1c008196 2078788b p.lw             x17, x7(x16!)       x17=00000007 x16=100003cc  x7:00000020 x16:100003ac  PA:100003ac
20638474ns          350956 1c00819a 43130733 p.mac            x14, x6, x17        x14=001db2d1 x14:001c379d  x6:0000362c x17:00000007
20638494ns          350957 1c008192 0046230b p.lw             x6, 4(x12!)          x6=00003853 x12=10000500 x12:100004fc  PA:100004fc
20638514ns          350958 1c008196 2078788b p.lw             x17, x7(x16!)       x17=ffffffff x16=100003ec  x7:00000020 x16:100003cc  PA:100003cc
20638553ns          350960 1c00819a 43130733 p.mac            x14, x6, x17        x14=001d7a7e x14:001db2d1  x6:00003853 x17:ffffffff
20638573ns          350961 1c008192 0046230b p.lw             x6, 4(x12!)          x6=00003a7a x12=10000504 x12:10000500  PA:10000500
20638593ns          350962 1c008196 2078788b p.lw             x17, x7(x16!)       x17=fffffff7 x16=1000040c  x7:00000020 x16:100003ec  PA:100003ec
20638633ns          350964 1c00819a 43130733 p.mac            x14, x6, x17        x14=001b6c34 x14:001d7a7e  x6:00003a7a x17:fffffff7
20638653ns          350965 1c00819e 00ef222b p.sw             x14, 4(x30!)        x30=10000cf0 x14:001b6c34 x30:10000cec  PA:10000cec
20638673ns          350966 1c0081a2 004e8e93 addi             x29, x29, 4         x29=10000310 x29:1000030c
20638713ns          350968 1c00817e 40af87b3 sub              x15, x31, x10       x15=00000020 x31:10000504 x10:100004e4
20638732ns          350969 1c008182 ffc78793 addi             x15, x15, -4        x15=0000001c x15:00000020
20638752ns          350970 1c008184 0027d793 srli             x15, x15, 0x2       x15=00000007 x15:0000001c
20638772ns          350971 1c008186 01d00833 add              x16, x0, x29        x16=10000310 x29:10000310
20638792ns          350972 1c008188 00a00633 add              x12, x0, x10        x12=100004e4 x10:100004e4
20638812ns          350973 1c00818a 00000713 addi             x14, x0, 0          x14=00000000
20638832ns          350974 1c00818c 00178793 addi             x15, x15, 1         x15=00000008 x15:00000007
20638852ns          350975 1c00818e 0067c0fb lp.setup         0x1, x15, 0x6       x15:00000008
20638872ns          350976 1c008192 0046230b p.lw             x6, 4(x12!)          x6=00002b69 x12=100004e8 x12:100004e4  PA:100004e4
20638892ns          350977 1c008196 2078788b p.lw             x17, x7(x16!)       x17=0000002e x16=10000330  x7:00000020 x16:10000310  PA:10000310
20638931ns          350979 1c00819a 43130733 p.mac            x14, x6, x17        x14=0007ccde x14:00000000  x6:00002b69 x17:0000002e
20638951ns          350980 1c008192 0046230b p.lw             x6, 4(x12!)          x6=00002d90 x12=100004ec x12:100004e8  PA:100004e8
20638971ns          350981 1c008196 2078788b p.lw             x17, x7(x16!)       x17=00000026 x16=10000350  x7:00000020 x16:10000330  PA:10000330
20639011ns          350983 1c00819a 43130733 p.mac            x14, x6, x17        x14=000e903e x14:0007ccde  x6:00002d90 x17:00000026
20639031ns          350984 1c008192 0046230b p.lw             x6, 4(x12!)          x6=00002fb7 x12=100004f0 x12:100004ec  PA:100004ec
20639051ns          350985 1c008196 2078788b p.lw             x17, x7(x16!)       x17=0000001e x16=10000370  x7:00000020 x16:10000350  PA:10000350
20639090ns          350987 1c00819a 43130733 p.mac            x14, x6, x17        x14=001427b0 x14:000e903e  x6:00002fb7 x17:0000001e
20639110ns          350988 1c008192 0046230b p.lw             x6, 4(x12!)          x6=000031de x12=100004f4 x12:100004f0  PA:100004f0
20639130ns          350989 1c008196 2078788b p.lw             x17, x7(x16!)       x17=00000016 x16=10000390  x7:00000020 x16:10000370  PA:10000370
20639170ns          350991 1c00819a 43130733 p.mac            x14, x6, x17        x14=001870c4 x14:001427b0  x6:000031de x17:00000016
20639190ns          350992 1c008192 0046230b p.lw             x6, 4(x12!)          x6=00003405 x12=100004f8 x12:100004f4  PA:100004f4
20639210ns          350993 1c008196 2078788b p.lw             x17, x7(x16!)       x17=0000000e x16=100003b0  x7:00000020 x16:10000390  PA:10000390
20639250ns          350995 1c00819a 43130733 p.mac            x14, x6, x17        x14=001b490a x14:001870c4  x6:00003405 x17:0000000e
20639270ns          350996 1c008192 0046230b p.lw             x6, 4(x12!)          x6=0000362c x12=100004fc x12:100004f8  PA:100004f8
20639289ns          350997 1c008196 2078788b p.lw             x17, x7(x16!)       x17=00000006 x16=100003d0  x7:00000020 x16:100003b0  PA:100003b0
20639329ns          350999 1c00819a 43130733 p.mac            x14, x6, x17        x14=001c8e12 x14:001b490a  x6:0000362c x17:00000006
20639349ns          351000 1c008192 0046230b p.lw             x6, 4(x12!)          x6=00003853 x12=10000500 x12:100004fc  PA:100004fc
20639369ns          351001 1c008196 2078788b p.lw             x17, x7(x16!)       x17=fffffffe x16=100003f0  x7:00000020 x16:100003d0  PA:100003d0
20639409ns          351003 1c00819a 43130733 p.mac            x14, x6, x17        x14=001c1d6c x14:001c8e12  x6:00003853 x17:fffffffe
20639429ns          351004 1c008192 0046230b p.lw             x6, 4(x12!)          x6=00003a7a x12=10000504 x12:10000500  PA:10000500
20639449ns          351005 1c008196 2078788b p.lw             x17, x7(x16!)       x17=fffffff6 x16=10000410  x7:00000020 x16:100003f0  PA:100003f0
20639488ns          351007 1c00819a 43130733 p.mac            x14, x6, x17        x14=0019d4a8 x14:001c1d6c  x6:00003a7a x17:fffffff6
20639508ns          351008 1c00819e 00ef222b p.sw             x14, 4(x30!)        x30=10000cf4 x14:0019d4a8 x30:10000cf0  PA:10000cf0
20639528ns          351009 1c0081a2 004e8e93 addi             x29, x29, 4         x29=10000314 x29:10000310
20639568ns          351011 1c00817e 40af87b3 sub              x15, x31, x10       x15=00000020 x31:10000504 x10:100004e4
20639588ns          351012 1c008182 ffc78793 addi             x15, x15, -4        x15=0000001c x15:00000020
20639608ns          351013 1c008184 0027d793 srli             x15, x15, 0x2       x15=00000007 x15:0000001c
20639628ns          351014 1c008186 01d00833 add              x16, x0, x29        x16=10000314 x29:10000314
20639647ns          351015 1c008188 00a00633 add              x12, x0, x10        x12=100004e4 x10:100004e4
20639667ns          351016 1c00818a 00000713 addi             x14, x0, 0          x14=00000000
20639687ns          351017 1c00818c 00178793 addi             x15, x15, 1         x15=00000008 x15:00000007
20639707ns          351018 1c00818e 0067c0fb lp.setup         0x1, x15, 0x6       x15:00000008
20639727ns          351019 1c008192 0046230b p.lw             x6, 4(x12!)          x6=00002b69 x12=100004e8 x12:100004e4  PA:100004e4
20639747ns          351020 1c008196 2078788b p.lw             x17, x7(x16!)       x17=0000002d x16=10000334  x7:00000020 x16:10000314  PA:10000314
20639787ns          351022 1c00819a 43130733 p.mac            x14, x6, x17        x14=0007a175 x14:00000000  x6:00002b69 x17:0000002d
20639807ns          351023 1c008192 0046230b p.lw             x6, 4(x12!)          x6=00002d90 x12=100004ec x12:100004e8  PA:100004e8
20639826ns          351024 1c008196 2078788b p.lw             x17, x7(x16!)       x17=00000025 x16=10000354  x7:00000020 x16:10000334  PA:10000334
20639866ns          351026 1c00819a 43130733 p.mac            x14, x6, x17        x14=000e3745 x14:0007a175  x6:00002d90 x17:00000025
20639886ns          351027 1c008192 0046230b p.lw             x6, 4(x12!)          x6=00002fb7 x12=100004f0 x12:100004ec  PA:100004ec
20639906ns          351028 1c008196 2078788b p.lw             x17, x7(x16!)       x17=0000001d x16=10000374  x7:00000020 x16:10000354  PA:10000354
20639946ns          351030 1c00819a 43130733 p.mac            x14, x6, x17        x14=00139f00 x14:000e3745  x6:00002fb7 x17:0000001d
20639966ns          351031 1c008192 0046230b p.lw             x6, 4(x12!)          x6=000031de x12=100004f4 x12:100004f0  PA:100004f0
20639986ns          351032 1c008196 2078788b p.lw             x17, x7(x16!)       x17=00000015 x16=10000394  x7:00000020 x16:10000374  PA:10000374
20640025ns          351034 1c00819a 43130733 p.mac            x14, x6, x17        x14=0017b636 x14:00139f00  x6:000031de x17:00000015
20640045ns          351035 1c008192 0046230b p.lw             x6, 4(x12!)          x6=00003405 x12=100004f8 x12:100004f4  PA:100004f4
20640065ns          351036 1c008196 2078788b p.lw             x17, x7(x16!)       x17=0000000d x16=100003b4  x7:00000020 x16:10000394  PA:10000394
20640105ns          351038 1c00819a 43130733 p.mac            x14, x6, x17        x14=001a5a77 x14:0017b636  x6:00003405 x17:0000000d
20640125ns          351039 1c008192 0046230b p.lw             x6, 4(x12!)          x6=0000362c x12=100004fc x12:100004f8  PA:100004f8
20640145ns          351040 1c008196 2078788b p.lw             x17, x7(x16!)       x17=00000005 x16=100003d4  x7:00000020 x16:100003b4  PA:100003b4
20640184ns          351042 1c00819a 43130733 p.mac            x14, x6, x17        x14=001b6953 x14:001a5a77  x6:0000362c x17:00000005
20640204ns          351043 1c008192 0046230b p.lw             x6, 4(x12!)          x6=00003853 x12=10000500 x12:100004fc  PA:100004fc
20640224ns          351044 1c008196 2078788b p.lw             x17, x7(x16!)       x17=fffffffd x16=100003f4  x7:00000020 x16:100003d4  PA:100003d4
20640264ns          351046 1c00819a 43130733 p.mac            x14, x6, x17        x14=001ac05a x14:001b6953  x6:00003853 x17:fffffffd
20640284ns          351047 1c008192 0046230b p.lw             x6, 4(x12!)          x6=00003a7a x12=10000504 x12:10000500  PA:10000500
20640304ns          351048 1c008196 2078788b p.lw             x17, x7(x16!)       x17=fffffff5 x16=10000414  x7:00000020 x16:100003f4  PA:100003f4
20640344ns          351050 1c00819a 43130733 p.mac            x14, x6, x17        x14=00183d1c x14:001ac05a  x6:00003a7a x17:fffffff5
20640364ns          351051 1c00819e 00ef222b p.sw             x14, 4(x30!)        x30=10000cf8 x14:00183d1c x30:10000cf4  PA:10000cf4
20640383ns          351052 1c0081a2 004e8e93 addi             x29, x29, 4         x29=10000318 x29:10000314
20640423ns          351054 1c00817e 40af87b3 sub              x15, x31, x10       x15=00000020 x31:10000504 x10:100004e4
20640443ns          351055 1c008182 ffc78793 addi             x15, x15, -4        x15=0000001c x15:00000020
20640463ns          351056 1c008184 0027d793 srli             x15, x15, 0x2       x15=00000007 x15:0000001c
20640483ns          351057 1c008186 01d00833 add              x16, x0, x29        x16=10000318 x29:10000318
20640503ns          351058 1c008188 00a00633 add              x12, x0, x10        x12=100004e4 x10:100004e4
20640523ns          351059 1c00818a 00000713 addi             x14, x0, 0          x14=00000000
20640543ns          351060 1c00818c 00178793 addi             x15, x15, 1         x15=00000008 x15:00000007
20640562ns          351061 1c00818e 0067c0fb lp.setup         0x1, x15, 0x6       x15:00000008
20640582ns          351062 1c008192 0046230b p.lw             x6, 4(x12!)          x6=00002b69 x12=100004e8 x12:100004e4  PA:100004e4
20640602ns          351063 1c008196 2078788b p.lw             x17, x7(x16!)       x17=0000002c x16=10000338  x7:00000020 x16:10000318  PA:10000318
20640642ns          351065 1c00819a 43130733 p.mac            x14, x6, x17        x14=0007760c x14:00000000  x6:00002b69 x17:0000002c
20640662ns          351066 1c008192 0046230b p.lw             x6, 4(x12!)          x6=00002d90 x12=100004ec x12:100004e8  PA:100004e8
20640682ns          351067 1c008196 2078788b p.lw             x17, x7(x16!)       x17=00000024 x16=10000358  x7:00000020 x16:10000338  PA:10000338
20640722ns          351069 1c00819a 43130733 p.mac            x14, x6, x17        x14=000dde4c x14:0007760c  x6:00002d90 x17:00000024
20640741ns          351070 1c008192 0046230b p.lw             x6, 4(x12!)          x6=00002fb7 x12=100004f0 x12:100004ec  PA:100004ec
20640761ns          351071 1c008196 2078788b p.lw             x17, x7(x16!)       x17=0000001c x16=10000378  x7:00000020 x16:10000358  PA:10000358
20640801ns          351073 1c00819a 43130733 p.mac            x14, x6, x17        x14=00131650 x14:000dde4c  x6:00002fb7 x17:0000001c
20640821ns          351074 1c008192 0046230b p.lw             x6, 4(x12!)          x6=000031de x12=100004f4 x12:100004f0  PA:100004f0
20640841ns          351075 1c008196 2078788b p.lw             x17, x7(x16!)       x17=00000014 x16=10000398  x7:00000020 x16:10000378  PA:10000378
20640881ns          351077 1c00819a 43130733 p.mac            x14, x6, x17        x14=0016fba8 x14:00131650  x6:000031de x17:00000014
20640901ns          351078 1c008192 0046230b p.lw             x6, 4(x12!)          x6=00003405 x12=100004f8 x12:100004f4  PA:100004f4
20640920ns          351079 1c008196 2078788b p.lw             x17, x7(x16!)       x17=0000000c x16=100003b8  x7:00000020 x16:10000398  PA:10000398
20640960ns          351081 1c00819a 43130733 p.mac            x14, x6, x17        x14=00196be4 x14:0016fba8  x6:00003405 x17:0000000c
20640980ns          351082 1c008192 0046230b p.lw             x6, 4(x12!)          x6=0000362c x12=100004fc x12:100004f8  PA:100004f8
20641000ns          351083 1c008196 2078788b p.lw             x17, x7(x16!)       x17=00000004 x16=100003d8  x7:00000020 x16:100003b8  PA:100003b8
20641040ns          351085 1c00819a 43130733 p.mac            x14, x6, x17        x14=001a4494 x14:00196be4  x6:0000362c x17:00000004
20641060ns          351086 1c008192 0046230b p.lw             x6, 4(x12!)          x6=00003853 x12=10000500 x12:100004fc  PA:100004fc
20641080ns          351087 1c008196 2078788b p.lw             x17, x7(x16!)       x17=fffffffc x16=100003f8  x7:00000020 x16:100003d8  PA:100003d8
20641119ns          351089 1c00819a 43130733 p.mac            x14, x6, x17        x14=00196348 x14:001a4494  x6:00003853 x17:fffffffc
20641139ns          351090 1c008192 0046230b p.lw             x6, 4(x12!)          x6=00003a7a x12=10000504 x12:10000500  PA:10000500
20641159ns          351091 1c008196 2078788b p.lw             x17, x7(x16!)       x17=fffffff4 x16=10000418  x7:00000020 x16:100003f8  PA:100003f8
20641199ns          351093 1c00819a 43130733 p.mac            x14, x6, x17        x14=0016a590 x14:00196348  x6:00003a7a x17:fffffff4
20641219ns          351094 1c00819e 00ef222b p.sw             x14, 4(x30!)        x30=10000cfc x14:0016a590 x30:10000cf8  PA:10000cf8
20641239ns          351095 1c0081a2 004e8e93 addi             x29, x29, 4         x29=1000031c x29:10000318
20641278ns          351097 1c00817e 40af87b3 sub              x15, x31, x10       x15=00000020 x31:10000504 x10:100004e4
20641298ns          351098 1c008182 ffc78793 addi             x15, x15, -4        x15=0000001c x15:00000020
20641318ns          351099 1c008184 0027d793 srli             x15, x15, 0x2       x15=00000007 x15:0000001c
20641338ns          351100 1c008186 01d00833 add              x16, x0, x29        x16=1000031c x29:1000031c
20641358ns          351101 1c008188 00a00633 add              x12, x0, x10        x12=100004e4 x10:100004e4
20641378ns          351102 1c00818a 00000713 addi             x14, x0, 0          x14=00000000
20641398ns          351103 1c00818c 00178793 addi             x15, x15, 1         x15=00000008 x15:00000007
20641418ns          351104 1c00818e 0067c0fb lp.setup         0x1, x15, 0x6       x15:00000008
20641438ns          351105 1c008192 0046230b p.lw             x6, 4(x12!)          x6=00002b69 x12=100004e8 x12:100004e4  PA:100004e4
20641457ns          351106 1c008196 2078788b p.lw             x17, x7(x16!)       x17=0000002b x16=1000033c  x7:00000020 x16:1000031c  PA:1000031c
20641497ns          351108 1c00819a 43130733 p.mac            x14, x6, x17        x14=00074aa3 x14:00000000  x6:00002b69 x17:0000002b
20641517ns          351109 1c008192 0046230b p.lw             x6, 4(x12!)          x6=00002d90 x12=100004ec x12:100004e8  PA:100004e8
20641537ns          351110 1c008196 2078788b p.lw             x17, x7(x16!)       x17=00000023 x16=1000035c  x7:00000020 x16:1000033c  PA:1000033c
20641577ns          351112 1c00819a 43130733 p.mac            x14, x6, x17        x14=000d8553 x14:00074aa3  x6:00002d90 x17:00000023
20641597ns          351113 1c008192 0046230b p.lw             x6, 4(x12!)          x6=00002fb7 x12=100004f0 x12:100004ec  PA:100004ec
20641617ns          351114 1c008196 2078788b p.lw             x17, x7(x16!)       x17=0000001b x16=1000037c  x7:00000020 x16:1000035c  PA:1000035c
20641656ns          351116 1c00819a 43130733 p.mac            x14, x6, x17        x14=00128da0 x14:000d8553  x6:00002fb7 x17:0000001b
20641676ns          351117 1c008192 0046230b p.lw             x6, 4(x12!)          x6=000031de x12=100004f4 x12:100004f0  PA:100004f0
20641696ns          351118 1c008196 2078788b p.lw             x17, x7(x16!)       x17=00000013 x16=1000039c  x7:00000020 x16:1000037c  PA:1000037c
20641736ns          351120 1c00819a 43130733 p.mac            x14, x6, x17        x14=0016411a x14:00128da0  x6:000031de x17:00000013
20641756ns          351121 1c008192 0046230b p.lw             x6, 4(x12!)          x6=00003405 x12=100004f8 x12:100004f4  PA:100004f4
20641776ns          351122 1c008196 2078788b p.lw             x17, x7(x16!)       x17=0000000b x16=100003bc  x7:00000020 x16:1000039c  PA:1000039c
20641816ns          351124 1c00819a 43130733 p.mac            x14, x6, x17        x14=00187d51 x14:0016411a  x6:00003405 x17:0000000b
20641835ns          351125 1c008192 0046230b p.lw             x6, 4(x12!)          x6=0000362c x12=100004fc x12:100004f8  PA:100004f8
20641855ns          351126 1c008196 2078788b p.lw             x17, x7(x16!)       x17=00000003 x16=100003dc  x7:00000020 x16:100003bc  PA:100003bc
20641895ns          351128 1c00819a 43130733 p.mac            x14, x6, x17        x14=00191fd5 x14:00187d51  x6:0000362c x17:00000003
20641915ns          351129 1c008192 0046230b p.lw             x6, 4(x12!)          x6=00003853 x12=10000500 x12:100004fc  PA:100004fc
20641935ns          351130 1c008196 2078788b p.lw             x17, x7(x16!)       x17=fffffffb x16=100003fc  x7:00000020 x16:100003dc  PA:100003dc
20641975ns          351132 1c00819a 43130733 p.mac            x14, x6, x17        x14=00180636 x14:00191fd5  x6:00003853 x17:fffffffb
20641995ns          351133 1c008192 0046230b p.lw             x6, 4(x12!)          x6=00003a7a x12=10000504 x12:10000500  PA:10000500
20642014ns          351134 1c008196 2078788b p.lw             x17, x7(x16!)       x17=fffffff3 x16=1000041c  x7:00000020 x16:100003fc  PA:100003fc
20642054ns          351136 1c00819a 43130733 p.mac            x14, x6, x17        x14=00150e04 x14:00180636  x6:00003a7a x17:fffffff3
20642074ns          351137 1c00819e 00ef222b p.sw             x14, 4(x30!)        x30=10000d00 x14:00150e04 x30:10000cfc  PA:10000cfc
20642094ns          351138 1c0081a2 004e8e93 addi             x29, x29, 4         x29=10000320 x29:1000031c
20642134ns          351140 1c00817e 40af87b3 sub              x15, x31, x10       x15=00000020 x31:10000504 x10:100004e4
20642154ns          351141 1c008182 ffc78793 addi             x15, x15, -4        x15=0000001c x15:00000020
20642174ns          351142 1c008184 0027d793 srli             x15, x15, 0x2       x15=00000007 x15:0000001c
20642193ns          351143 1c008186 01d00833 add              x16, x0, x29        x16=10000320 x29:10000320
20642213ns          351144 1c008188 00a00633 add              x12, x0, x10        x12=100004e4 x10:100004e4
20642233ns          351145 1c00818a 00000713 addi             x14, x0, 0          x14=00000000
20642253ns          351146 1c00818c 00178793 addi             x15, x15, 1         x15=00000008 x15:00000007
20642273ns          351147 1c00818e 0067c0fb lp.setup         0x1, x15, 0x6       x15:00000008
20642293ns          351148 1c008192 0046230b p.lw             x6, 4(x12!)          x6=00002b69 x12=100004e8 x12:100004e4  PA:100004e4
20642313ns          351149 1c008196 2078788b p.lw             x17, x7(x16!)       x17=0000002a x16=10000340  x7:00000020 x16:10000320  PA:10000320
20642353ns          351151 1c00819a 43130733 p.mac            x14, x6, x17        x14=00071f3a x14:00000000  x6:00002b69 x17:0000002a
20642372ns          351152 1c008192 0046230b p.lw             x6, 4(x12!)          x6=00002d90 x12=100004ec x12:100004e8  PA:100004e8
20642392ns          351153 1c008196 2078788b p.lw             x17, x7(x16!)       x17=00000022 x16=10000360  x7:00000020 x16:10000340  PA:10000340
20642432ns          351155 1c00819a 43130733 p.mac            x14, x6, x17        x14=000d2c5a x14:00071f3a  x6:00002d90 x17:00000022
20642452ns          351156 1c008192 0046230b p.lw             x6, 4(x12!)          x6=00002fb7 x12=100004f0 x12:100004ec  PA:100004ec
20642472ns          351157 1c008196 2078788b p.lw             x17, x7(x16!)       x17=0000001a x16=10000380  x7:00000020 x16:10000360  PA:10000360
20642512ns          351159 1c00819a 43130733 p.mac            x14, x6, x17        x14=001204f0 x14:000d2c5a  x6:00002fb7 x17:0000001a
20642532ns          351160 1c008192 0046230b p.lw             x6, 4(x12!)          x6=000031de x12=100004f4 x12:100004f0  PA:100004f0
20642551ns          351161 1c008196 2078788b p.lw             x17, x7(x16!)       x17=00000012 x16=100003a0  x7:00000020 x16:10000380  PA:10000380
20642591ns          351163 1c00819a 43130733 p.mac            x14, x6, x17        x14=0015868c x14:001204f0  x6:000031de x17:00000012
20642611ns          351164 1c008192 0046230b p.lw             x6, 4(x12!)          x6=00003405 x12=100004f8 x12:100004f4  PA:100004f4
20642631ns          351165 1c008196 2078788b p.lw             x17, x7(x16!)       x17=0000000a x16=100003c0  x7:00000020 x16:100003a0  PA:100003a0
20642671ns          351167 1c00819a 43130733 p.mac            x14, x6, x17        x14=00178ebe x14:0015868c  x6:00003405 x17:0000000a
20642691ns          351168 1c008192 0046230b p.lw             x6, 4(x12!)          x6=0000362c x12=100004fc x12:100004f8  PA:100004f8
20642711ns          351169 1c008196 2078788b p.lw             x17, x7(x16!)       x17=00000002 x16=100003e0  x7:00000020 x16:100003c0  PA:100003c0
20642750ns          351171 1c00819a 43130733 p.mac            x14, x6, x17        x14=0017fb16 x14:00178ebe  x6:0000362c x17:00000002
20642770ns          351172 1c008192 0046230b p.lw             x6, 4(x12!)          x6=00003853 x12=10000500 x12:100004fc  PA:100004fc
20642790ns          351173 1c008196 2078788b p.lw             x17, x7(x16!)       x17=fffffffa x16=10000400  x7:00000020 x16:100003e0  PA:100003e0
20642830ns          351175 1c00819a 43130733 p.mac            x14, x6, x17        x14=0016a924 x14:0017fb16  x6:00003853 x17:fffffffa
20642850ns          351176 1c008192 0046230b p.lw             x6, 4(x12!)          x6=00003a7a x12=10000504 x12:10000500  PA:10000500
20642870ns          351177 1c008196 2078788b p.lw             x17, x7(x16!)       x17=fffffff2 x16=10000420  x7:00000020 x16:10000400  PA:10000400
20642910ns          351179 1c00819a 43130733 p.mac            x14, x6, x17        x14=00137678 x14:0016a924  x6:00003a7a x17:fffffff2
20642929ns          351180 1c00819e 00ef222b p.sw             x14, 4(x30!)        x30=10000d04 x14:00137678 x30:10000d00  PA:10000d00
20642949ns          351181 1c0081a2 004e8e93 addi             x29, x29, 4         x29=10000324 x29:10000320
20642969ns          351182 1c0081a4 00128293 addi             x5, x5, 1            x5=00000008  x5:00000007
20642989ns          351183 1c0081a6 00750533 add              x10, x10, x7        x10=10000504 x10:100004e4  x7:00000020
20643009ns          351184 1c0081a8 007f8fb3 add              x31, x31, x7        x31=10000524 x31:10000504  x7:00000020
20643029ns          351185 1c0081aa fa569fe3 bne              x13, x5, -66        x13:00000008  x5:00000008
20643049ns          351186 1c0081ae 00c12403 lw               x8, 12(x2)           x8=10000004  x2:10001f88  PA:10001f94
20643069ns          351187 1c0081b0 00812483 lw               x9, 8(x2)            x9=10001004  x2:10001f88  PA:10001f90
20643089ns          351188 1c0081b2 01010113 addi             x2, x2, 16           x2=10001f98  x2:10001f88
20643108ns          351189 1c0081b4 00008067 jalr             x0, x1, 0            x1:1c009c2c
20643148ns          351191 1c009c2c 17f010ef jal              x1, 6526             x1=1c009c30
20643645ns          351216 1c00b5aa f14027f3 csrrs            x15, x0, 0xf14      x15=00000001
20643665ns          351217 1c00b5ae 01f00713 addi             x14, x0, 31         x14=0000001f
20643705ns          351219 1c00b5b0 ca5797b3 p.extractu       x15, x15, 5, 5      x15=00000000 x15:00000001
20643745ns          351221 1c00b5b4 00e78863 beq              x15, x14, 16        x15:00000000 x14:0000001f
20643765ns          351222 1c00b5b8 002047b7 lui              x15, 0x204000       x15=00204000
20643785ns          351223 1c00b5bc 20078793 addi             x15, x15, 512       x15=00204200 x15:00204000
20643805ns          351224 1c00b5c0 01c7e703 p.elw            x14, 28(x15)        x14=00010000 x15:00204200  PA:0020421c
20643924ns          351230 1c00b5c4 00008067 jalr             x0, x1, 0            x1:1c009c30
20643964ns          351232 1c009c30 ffefb7b7 lui              x15, 0xffefb000     x15=ffefb000
20643984ns          351233 1c009c34 a0c78793 addi             x15, x15, -1524     x15=ffefaa0c x15:ffefb000
20644004ns          351234 1c009c38 00f12823 sw               x15, 16(x2)         x15:ffefaa0c  x2:10001f98  PA:10001fa8
20644023ns          351235 1c009c3a fff087b7 lui              x15, 0xfff08000     x15=fff08000
20644580ns          351263 1c009c3e 6c078793 addi             x15, x15, 1728      x15=fff086c0 x15:fff08000
20644600ns          351264 1c009c42 00f12a23 sw               x15, 20(x2)         x15:fff086c0  x2:10001f98  PA:10001fac
20644620ns          351265 1c009c44 fff167b7 lui              x15, 0xfff16000     x15=fff16000
20644640ns          351266 1c009c48 37478793 addi             x15, x15, 884       x15=fff16374 x15:fff16000
20644660ns          351267 1c009c4c 00f12c23 sw               x15, 24(x2)         x15:fff16374  x2:10001f98  PA:10001fb0
20645117ns          351290 1c009c4e fff247b7 lui              x15, 0xfff24000     x15=fff24000
20645157ns          351292 1c009c52 02878793 addi             x15, x15, 40        x15=fff24028 x15:fff24000
20645177ns          351293 1c009c56 00f12e23 sw               x15, 28(x2)         x15:fff24028  x2:10001f98  PA:10001fb4
20645197ns          351294 1c009c58 00291913 slli             x18, x18, 0x2       x18=00000004 x18:00000001
20645217ns          351295 1c009c5a 02010793 addi             x15, x2, 32         x15=10001fb8  x2:10001f98
20645237ns          351296 1c009c5c 012484b3 add              x9, x9, x18          x9=10001008  x9:10001004 x18:00000004
20645257ns          351297 1c009c5e 00f90933 add              x18, x18, x15       x18=10001fbc x18:00000004 x15:10001fb8
20645654ns          351317 1c009c60 c004a503 lw               x10, -1024(x9)      x10=fff086c0  x9:10001008  PA:10000c08
20645694ns          351319 1c009c64 ff092783 lw               x15, -16(x18)       x15=fff086c0 x18:10001fbc  PA:10001fac
20645734ns          351321 1c009c68 40f50533 sub              x10, x10, x15       x10=00000000 x10:fff086c0 x15:fff086c0
20645754ns          351322 1c009c6a 00a03533 sltu             x10, x0, x10        x10=00000000 x10:00000000
20645794ns          351324 1c009c6e 7b4010ef jal              x1, 6068             x1=1c009c72
20646291ns          351349 1c00b422 1c0017b7 lui              x15, 0x1c001000     x15=1c001000
20646311ns          351350 1c00b426 8507a783 lw               x15, -1968(x15)     x15=00000001 x15:1c001000  PA:1c000850
20646629ns          351366 1c00b42a 00079263 bne              x15, x0, 4          x15:00000001
20646808ns          351375 1c00b42e ff010113 addi             x2, x2, -16          x2=10001f88  x2:10001f98
20646828ns          351376 1c00b430 00812423 sw               x8, 8(x2)            x8:10000004  x2:10001f88  PA:10001f90
20646848ns          351377 1c00b432 00a00433 add              x8, x0, x10          x8=00000000 x10:00000000
20646868ns          351378 1c00b434 1c000537 lui              x10, 0x1c000000     x10=1c000000
20646888ns          351379 1c00b438 03050513 addi             x10, x10, 48        x10=1c000030 x10:1c000000
20646908ns          351380 1c00b43c 00112623 sw               x1, 12(x2)           x1:1c009c72  x2:10001f88  PA:10001f94
20647325ns          351401 1c00b43e e89fe0ef jal              x1, -4472            x1=1c00b442
20647803ns          351425 1c00a2c6 fc010113 addi             x2, x2, -64          x2=10001f48  x2:10001f88
20647842ns          351427 1c00a2c8 02410313 addi             x6, x2, 36           x6=10001f6c  x2:10001f48
20647862ns          351428 1c00a2cc 02c12423 sw               x12, 40(x2)         x12:10000504  x2:10001f48  PA:10001f70
20647882ns          351429 1c00a2ce 00a00633 add              x12, x0, x10        x12=1c000030 x10:1c000030
20648320ns          351451 1c00a2d0 1c00a537 lui              x10, 0x1c00a000     x10=1c00a000
20648360ns          351453 1c00a2d4 02b12223 sw               x11, 36(x2)         x11:10000304  x2:10001f48  PA:10001f6c
20648379ns          351454 1c00a2d6 02d12623 sw               x13, 44(x2)         x13:00000008  x2:10001f48  PA:10001f74
20648399ns          351455 1c00a2d8 00200593 addi             x11, x0, 2          x11=00000002
20648419ns          351456 1c00a2da 006006b3 add              x13, x0, x6         x13=10001f6c  x6:10001f6c
20648439ns          351457 1c00a2dc 28250513 addi             x10, x10, 642       x10=1c00a282 x10:1c00a000
20648837ns          351477 1c00a2e0 00112e23 sw               x1, 28(x2)           x1:1c00b442  x2:10001f48  PA:10001f64
20648857ns          351478 1c00a2e2 02e12823 sw               x14, 48(x2)         x14:00010000  x2:10001f48  PA:10001f78
20648877ns          351479 1c00a2e4 02f12a23 sw               x15, 52(x2)         x15:00000001  x2:10001f48  PA:10001f7c
20648897ns          351480 1c00a2e6 03012c23 sw               x16, 56(x2)         x16:10000420  x2:10001f48  PA:10001f80
20648917ns          351481 1c00a2e8 03112e23 sw               x17, 60(x2)         x17:fffffff2  x2:10001f48  PA:10001f84
20648936ns          351482 1c00a2ea 00612623 sw               x6, 12(x2)           x6:10001f6c  x2:10001f48  PA:10001f54
20648956ns          351483 1c00a2ec fbfff0ef jal              x1, -66              x1=1c00a2ee
20649812ns          351526 1c00a2aa 04a0006f jal              x0, 74             
20649851ns          351528 1c00a2f4 ed010113 addi             x2, x2, -304         x2=10001e18  x2:10001f48
20649871ns          351529 1c00a2f6 12812423 sw               x8, 296(x2)          x8:00000000  x2:10001e18  PA:10001f40
20649891ns          351530 1c00a2fa 00000413 addi             x8, x0, 0            x8=00000000
20649911ns          351531 1c00a2fc 11612823 sw               x22, 272(x2)        x22:xxxxxxxx  x2:10001e18  PA:10001f28
20650329ns          351552 1c00a300 11712623 sw               x23, 268(x2)        x23:xxxxxxxx  x2:10001e18  PA:10001f24
20650369ns          351554 1c00a304 11812423 sw               x24, 264(x2)        x24:xxxxxxxx  x2:10001e18  PA:10001f20
20650388ns          351555 1c00a308 11912223 sw               x25, 260(x2)        x25:xxxxxxxx  x2:10001e18  PA:10001f1c
20650408ns          351556 1c00a30c 11a12023 sw               x26, 256(x2)        x26:xxxxxxxx  x2:10001e18  PA:10001f18
20650846ns          351578 1c00a310 0fb12e23 sw               x27, 252(x2)        x27:xxxxxxxx  x2:10001e18  PA:10001f14
20650886ns          351580 1c00a312 12112623 sw               x1, 300(x2)          x1:1c00a2ee  x2:10001e18  PA:10001f44
20650906ns          351581 1c00a316 00800db3 add              x27, x0, x8         x27=00000000  x8:00000000
20650925ns          351582 1c00a318 12912223 sw               x9, 292(x2)          x9:10001008  x2:10001e18  PA:10001f3c
20650945ns          351583 1c00a31c 13212023 sw               x18, 288(x2)        x18:10001fbc  x2:10001e18  PA:10001f38
20651363ns          351604 1c00a320 11312e23 sw               x19, 284(x2)        x19:10000204  x2:10001e18  PA:10001f34
20651403ns          351606 1c00a324 11412c23 sw               x20, 280(x2)        x20:xxxxxxxx  x2:10001e18  PA:10001f30
20651423ns          351607 1c00a328 11512a23 sw               x21, 276(x2)        x21:xxxxxxxx  x2:10001e18  PA:10001f2c
20651443ns          351608 1c00a32c 00a00b33 add              x22, x0, x10        x22=1c00a282 x10:1c00a282
20651463ns          351609 1c00a32e 00b00d33 add              x26, x0, x11        x26=00000002 x11:00000002
20651880ns          351630 1c00a330 00d00c33 add              x24, x0, x13        x24=10001f6c x13:10001f6c
20651920ns          351632 1c00a332 1c000bb7 lui              x23, 0x1c000000     x23=1c000000
20651940ns          351633 1c00a336 02410c93 addi             x25, x2, 36         x25=10001e3c  x2:10001e18
20651960ns          351634 1c00a33a 00c00433 add              x8, x0, x12          x8=1c000030 x12:1c000030
20651980ns          351635 1c00a33c 00044503 lbu              x10, 0(x8)          x10=0000003d  x8:1c000030  PA:1c000030
20652437ns          351658 1c00a340 00140413 addi             x8, x8, 1            x8=1c000031  x8:1c000030
20652457ns          351659 1c00a342 00050e63 beq              x10, x0, 28         x10:0000003d
20652477ns          351660 1c00a344 02500793 addi             x15, x0, 37         x15=00000025
20652497ns          351661 1c00a348 04f50863 beq              x10, x15, 80        x10:0000003d x15:00000025
20652517ns          351662 1c00a34c 01a005b3 add              x11, x0, x26        x11=00000002 x26:00000002
20652537ns          351663 1c00a34e 000b00e7 jalr             x1, x22, 0           x1=1c00a350 x22:1c00a282
20653392ns          351706 1c00a282 000026b7 lui              x13, 0x2000         x13=00002000
20653432ns          351708 1c00a284 f14027f3 csrrs            x15, x0, 0xf14      x15=00000001
20653452ns          351709 1c00a288 f8068693 addi             x13, x13, -128      x13=00001f80 x13:00002000
20653472ns          351710 1c00a28c 00379713 slli             x14, x15, 0x3       x14=00000008 x15:00000001
20653909ns          351732 1c00a290 00279793 slli             x15, x15, 0x2       x15=00000004 x15:00000001
20653929ns          351733 1c00a292 00d7f7b3 and              x15, x15, x13       x15=00000000 x15:00000004 x13:00001f80
20653949ns          351734 1c00a294 ee873733 p.bclr           x14, x14, 23, 8     x14=00000008 x14:00000008
20653969ns          351735 1c00a298 1a10f6b7 lui              x13, 0x1a10f000     x13=1a10f000
20653989ns          351736 1c00a29c 0ff57513 andi             x10, x10, 255       x10=0000003d x10:0000003d
20654048ns          351739 1c00a2a0 00d70733 add              x14, x14, x13       x14=1a10f008 x14:00000008 x13:1a10f000
20654088ns          351741 1c00a2a2 00a7e723 p.sw             x10, x0(x15)        x10:0000003d x15:00000000  PA:1a10f008
20654466ns          351760 1c00a2a6 00000513 addi             x10, x0, 0          x10=00000000
20654486ns          351761 1c00a2a8 00008067 jalr             x0, x1, 0            x1:1c00a350
20654665ns          351770 1c00a350 31f52563 p.beqimm         x10, 778            x10:00000000
20654685ns          351771 1c00a354 001d8d93 addi             x27, x27, 1         x27=00000001 x27:00000000
20654705ns          351772 1c00a356 00044503 lbu              x10, 0(x8)          x10=0000003d  x8:1c000031  PA:1c000031
20655182ns          351796 1c00a35a 00140413 addi             x8, x8, 1            x8=1c000032  x8:1c000031
20655202ns          351797 1c00a35c fe0514e3 bne              x10, x0, -24        x10:0000003d
20655262ns          351800 1c00a344 02500793 addi             x15, x0, 37         x15=00000025
20655282ns          351801 1c00a348 04f50863 beq              x10, x15, 80        x10:0000003d x15:00000025
20655301ns          351802 1c00a34c 01a005b3 add              x11, x0, x26        x11=00000002 x26:00000002
20655321ns          351803 1c00a34e 000b00e7 jalr             x1, x22, 0           x1=1c00a350 x22:1c00a282
20655361ns          351805 1c00a282 000026b7 lui              x13, 0x2000         x13=00002000
20655381ns          351806 1c00a284 f14027f3 csrrs            x15, x0, 0xf14      x15=00000001
20655401ns          351807 1c00a288 f8068693 addi             x13, x13, -128      x13=00001f80 x13:00002000
20655421ns          351808 1c00a28c 00379713 slli             x14, x15, 0x3       x14=00000008 x15:00000001
20655441ns          351809 1c00a290 00279793 slli             x15, x15, 0x2       x15=00000004 x15:00000001
20655461ns          351810 1c00a292 00d7f7b3 and              x15, x15, x13       x15=00000000 x15:00000004 x13:00001f80
20655480ns          351811 1c00a294 ee873733 p.bclr           x14, x14, 23, 8     x14=00000008 x14:00000008
20655500ns          351812 1c00a298 1a10f6b7 lui              x13, 0x1a10f000     x13=1a10f000
20655520ns          351813 1c00a29c 0ff57513 andi             x10, x10, 255       x10=0000003d x10:0000003d
20655540ns          351814 1c00a2a0 00d70733 add              x14, x14, x13       x14=1a10f008 x14:00000008 x13:1a10f000
20655560ns          351815 1c00a2a2 00a7e723 p.sw             x10, x0(x15)        x10:0000003d x15:00000000  PA:1a10f008
20655938ns          351834 1c00a2a6 00000513 addi             x10, x0, 0          x10=00000000
20655958ns          351835 1c00a2a8 00008067 jalr             x0, x1, 0            x1:1c00a350
20655998ns          351837 1c00a350 31f52563 p.beqimm         x10, 778            x10:00000000
20656018ns          351838 1c00a354 001d8d93 addi             x27, x27, 1         x27=00000002 x27:00000001
20656037ns          351839 1c00a356 00044503 lbu              x10, 0(x8)          x10=0000003d  x8:1c000032  PA:1c000032
20656336ns          351854 1c00a35a 00140413 addi             x8, x8, 1            x8=1c000033  x8:1c000032
20656356ns          351855 1c00a35c fe0514e3 bne              x10, x0, -24        x10:0000003d
20656415ns          351858 1c00a344 02500793 addi             x15, x0, 37         x15=00000025
20656435ns          351859 1c00a348 04f50863 beq              x10, x15, 80        x10:0000003d x15:00000025
20656455ns          351860 1c00a34c 01a005b3 add              x11, x0, x26        x11=00000002 x26:00000002
20656475ns          351861 1c00a34e 000b00e7 jalr             x1, x22, 0           x1=1c00a350 x22:1c00a282
20656515ns          351863 1c00a282 000026b7 lui              x13, 0x2000         x13=00002000
20656535ns          351864 1c00a284 f14027f3 csrrs            x15, x0, 0xf14      x15=00000001
20656555ns          351865 1c00a288 f8068693 addi             x13, x13, -128      x13=00001f80 x13:00002000
20656574ns          351866 1c00a28c 00379713 slli             x14, x15, 0x3       x14=00000008 x15:00000001
20656594ns          351867 1c00a290 00279793 slli             x15, x15, 0x2       x15=00000004 x15:00000001
20656614ns          351868 1c00a292 00d7f7b3 and              x15, x15, x13       x15=00000000 x15:00000004 x13:00001f80
20656634ns          351869 1c00a294 ee873733 p.bclr           x14, x14, 23, 8     x14=00000008 x14:00000008
20656654ns          351870 1c00a298 1a10f6b7 lui              x13, 0x1a10f000     x13=1a10f000
20656674ns          351871 1c00a29c 0ff57513 andi             x10, x10, 255       x10=0000003d x10:0000003d
20656694ns          351872 1c00a2a0 00d70733 add              x14, x14, x13       x14=1a10f008 x14:00000008 x13:1a10f000
20656714ns          351873 1c00a2a2 00a7e723 p.sw             x10, x0(x15)        x10:0000003d x15:00000000  PA:1a10f008
20657052ns          351890 1c00a2a6 00000513 addi             x10, x0, 0          x10=00000000
20657072ns          351891 1c00a2a8 00008067 jalr             x0, x1, 0            x1:1c00a350
20657112ns          351893 1c00a350 31f52563 p.beqimm         x10, 778            x10:00000000
20657131ns          351894 1c00a354 001d8d93 addi             x27, x27, 1         x27=00000003 x27:00000002
20657151ns          351895 1c00a356 00044503 lbu              x10, 0(x8)          x10=0000003d  x8:1c000033  PA:1c000033
20657450ns          351910 1c00a35a 00140413 addi             x8, x8, 1            x8=1c000034  x8:1c000033
20657470ns          351911 1c00a35c fe0514e3 bne              x10, x0, -24        x10:0000003d
20657529ns          351914 1c00a344 02500793 addi             x15, x0, 37         x15=00000025
20657549ns          351915 1c00a348 04f50863 beq              x10, x15, 80        x10:0000003d x15:00000025
20657569ns          351916 1c00a34c 01a005b3 add              x11, x0, x26        x11=00000002 x26:00000002
20657589ns          351917 1c00a34e 000b00e7 jalr             x1, x22, 0           x1=1c00a350 x22:1c00a282
20657629ns          351919 1c00a282 000026b7 lui              x13, 0x2000         x13=00002000
20657649ns          351920 1c00a284 f14027f3 csrrs            x15, x0, 0xf14      x15=00000001
20657668ns          351921 1c00a288 f8068693 addi             x13, x13, -128      x13=00001f80 x13:00002000
20657688ns          351922 1c00a28c 00379713 slli             x14, x15, 0x3       x14=00000008 x15:00000001
20657708ns          351923 1c00a290 00279793 slli             x15, x15, 0x2       x15=00000004 x15:00000001
20657728ns          351924 1c00a292 00d7f7b3 and              x15, x15, x13       x15=00000000 x15:00000004 x13:00001f80
20657748ns          351925 1c00a294 ee873733 p.bclr           x14, x14, 23, 8     x14=00000008 x14:00000008
20657768ns          351926 1c00a298 1a10f6b7 lui              x13, 0x1a10f000     x13=1a10f000
20657788ns          351927 1c00a29c 0ff57513 andi             x10, x10, 255       x10=0000003d x10:0000003d
20657808ns          351928 1c00a2a0 00d70733 add              x14, x14, x13       x14=1a10f008 x14:00000008 x13:1a10f000
20657828ns          351929 1c00a2a2 00a7e723 p.sw             x10, x0(x15)        x10:0000003d x15:00000000  PA:1a10f008
20658166ns          351946 1c00a2a6 00000513 addi             x10, x0, 0          x10=00000000
20658186ns          351947 1c00a2a8 00008067 jalr             x0, x1, 0            x1:1c00a350
20658225ns          351949 1c00a350 31f52563 p.beqimm         x10, 778            x10:00000000
20658245ns          351950 1c00a354 001d8d93 addi             x27, x27, 1         x27=00000004 x27:00000003
20658265ns          351951 1c00a356 00044503 lbu              x10, 0(x8)          x10=00000020  x8:1c000034  PA:1c000034
20658564ns          351966 1c00a35a 00140413 addi             x8, x8, 1            x8=1c000035  x8:1c000034
20658583ns          351967 1c00a35c fe0514e3 bne              x10, x0, -24        x10:00000020
20658643ns          351970 1c00a344 02500793 addi             x15, x0, 37         x15=00000025
20658663ns          351971 1c00a348 04f50863 beq              x10, x15, 80        x10:00000020 x15:00000025
20658683ns          351972 1c00a34c 01a005b3 add              x11, x0, x26        x11=00000002 x26:00000002
20658703ns          351973 1c00a34e 000b00e7 jalr             x1, x22, 0           x1=1c00a350 x22:1c00a282
20658743ns          351975 1c00a282 000026b7 lui              x13, 0x2000         x13=00002000
20658762ns          351976 1c00a284 f14027f3 csrrs            x15, x0, 0xf14      x15=00000001
20658782ns          351977 1c00a288 f8068693 addi             x13, x13, -128      x13=00001f80 x13:00002000
20658802ns          351978 1c00a28c 00379713 slli             x14, x15, 0x3       x14=00000008 x15:00000001
20658822ns          351979 1c00a290 00279793 slli             x15, x15, 0x2       x15=00000004 x15:00000001
20658842ns          351980 1c00a292 00d7f7b3 and              x15, x15, x13       x15=00000000 x15:00000004 x13:00001f80
20658862ns          351981 1c00a294 ee873733 p.bclr           x14, x14, 23, 8     x14=00000008 x14:00000008
20658882ns          351982 1c00a298 1a10f6b7 lui              x13, 0x1a10f000     x13=1a10f000
20658902ns          351983 1c00a29c 0ff57513 andi             x10, x10, 255       x10=00000020 x10:00000020
20658922ns          351984 1c00a2a0 00d70733 add              x14, x14, x13       x14=1a10f008 x14:00000008 x13:1a10f000
20658941ns          351985 1c00a2a2 00a7e723 p.sw             x10, x0(x15)        x10:00000020 x15:00000000  PA:1a10f008
20659280ns          352002 1c00a2a6 00000513 addi             x10, x0, 0          x10=00000000
20659300ns          352003 1c00a2a8 00008067 jalr             x0, x1, 0            x1:1c00a350
20659339ns          352005 1c00a350 31f52563 p.beqimm         x10, 778            x10:00000000
20659359ns          352006 1c00a354 001d8d93 addi             x27, x27, 1         x27=00000005 x27:00000004
20659379ns          352007 1c00a356 00044503 lbu              x10, 0(x8)          x10=00000053  x8:1c000035  PA:1c000035
20659677ns          352022 1c00a35a 00140413 addi             x8, x8, 1            x8=1c000036  x8:1c000035
20659697ns          352023 1c00a35c fe0514e3 bne              x10, x0, -24        x10:00000053
20659757ns          352026 1c00a344 02500793 addi             x15, x0, 37         x15=00000025
20659777ns          352027 1c00a348 04f50863 beq              x10, x15, 80        x10:00000053 x15:00000025
20659797ns          352028 1c00a34c 01a005b3 add              x11, x0, x26        x11=00000002 x26:00000002
20659817ns          352029 1c00a34e 000b00e7 jalr             x1, x22, 0           x1=1c00a350 x22:1c00a282
20659856ns          352031 1c00a282 000026b7 lui              x13, 0x2000         x13=00002000
20659876ns          352032 1c00a284 f14027f3 csrrs            x15, x0, 0xf14      x15=00000001
20659896ns          352033 1c00a288 f8068693 addi             x13, x13, -128      x13=00001f80 x13:00002000
20659916ns          352034 1c00a28c 00379713 slli             x14, x15, 0x3       x14=00000008 x15:00000001
20659936ns          352035 1c00a290 00279793 slli             x15, x15, 0x2       x15=00000004 x15:00000001
20659956ns          352036 1c00a292 00d7f7b3 and              x15, x15, x13       x15=00000000 x15:00000004 x13:00001f80
20659976ns          352037 1c00a294 ee873733 p.bclr           x14, x14, 23, 8     x14=00000008 x14:00000008
20659996ns          352038 1c00a298 1a10f6b7 lui              x13, 0x1a10f000     x13=1a10f000
20660016ns          352039 1c00a29c 0ff57513 andi             x10, x10, 255       x10=00000053 x10:00000053
20660035ns          352040 1c00a2a0 00d70733 add              x14, x14, x13       x14=1a10f008 x14:00000008 x13:1a10f000
20660055ns          352041 1c00a2a2 00a7e723 p.sw             x10, x0(x15)        x10:00000053 x15:00000000  PA:1a10f008
20660413ns          352059 1c00a2a6 00000513 addi             x10, x0, 0          x10=00000000
20660433ns          352060 1c00a2a8 00008067 jalr             x0, x1, 0            x1:1c00a350
20660473ns          352062 1c00a350 31f52563 p.beqimm         x10, 778            x10:00000000
20660493ns          352063 1c00a354 001d8d93 addi             x27, x27, 1         x27=00000006 x27:00000005
20660513ns          352064 1c00a356 00044503 lbu              x10, 0(x8)          x10=00000055  x8:1c000036  PA:1c000036
20660811ns          352079 1c00a35a 00140413 addi             x8, x8, 1            x8=1c000037  x8:1c000036
20660831ns          352080 1c00a35c fe0514e3 bne              x10, x0, -24        x10:00000055
20660891ns          352083 1c00a344 02500793 addi             x15, x0, 37         x15=00000025
20660911ns          352084 1c00a348 04f50863 beq              x10, x15, 80        x10:00000055 x15:00000025
20660931ns          352085 1c00a34c 01a005b3 add              x11, x0, x26        x11=00000002 x26:00000002
20660950ns          352086 1c00a34e 000b00e7 jalr             x1, x22, 0           x1=1c00a350 x22:1c00a282
20660990ns          352088 1c00a282 000026b7 lui              x13, 0x2000         x13=00002000
20661010ns          352089 1c00a284 f14027f3 csrrs            x15, x0, 0xf14      x15=00000001
20661030ns          352090 1c00a288 f8068693 addi             x13, x13, -128      x13=00001f80 x13:00002000
20661050ns          352091 1c00a28c 00379713 slli             x14, x15, 0x3       x14=00000008 x15:00000001
20661070ns          352092 1c00a290 00279793 slli             x15, x15, 0x2       x15=00000004 x15:00000001
20661090ns          352093 1c00a292 00d7f7b3 and              x15, x15, x13       x15=00000000 x15:00000004 x13:00001f80
20661110ns          352094 1c00a294 ee873733 p.bclr           x14, x14, 23, 8     x14=00000008 x14:00000008
20661129ns          352095 1c00a298 1a10f6b7 lui              x13, 0x1a10f000     x13=1a10f000
20661149ns          352096 1c00a29c 0ff57513 andi             x10, x10, 255       x10=00000055 x10:00000055
20661169ns          352097 1c00a2a0 00d70733 add              x14, x14, x13       x14=1a10f008 x14:00000008 x13:1a10f000
20661189ns          352098 1c00a2a2 00a7e723 p.sw             x10, x0(x15)        x10:00000055 x15:00000000  PA:1a10f008
20661527ns          352115 1c00a2a6 00000513 addi             x10, x0, 0          x10=00000000
20661547ns          352116 1c00a2a8 00008067 jalr             x0, x1, 0            x1:1c00a350
20661587ns          352118 1c00a350 31f52563 p.beqimm         x10, 778            x10:00000000
20661607ns          352119 1c00a354 001d8d93 addi             x27, x27, 1         x27=00000007 x27:00000006
20661627ns          352120 1c00a356 00044503 lbu              x10, 0(x8)          x10=0000004d  x8:1c000037  PA:1c000037
20661925ns          352135 1c00a35a 00140413 addi             x8, x8, 1            x8=1c000038  x8:1c000037
20661945ns          352136 1c00a35c fe0514e3 bne              x10, x0, -24        x10:0000004d
20662005ns          352139 1c00a344 02500793 addi             x15, x0, 37         x15=00000025
20662025ns          352140 1c00a348 04f50863 beq              x10, x15, 80        x10:0000004d x15:00000025
20662044ns          352141 1c00a34c 01a005b3 add              x11, x0, x26        x11=00000002 x26:00000002
20662064ns          352142 1c00a34e 000b00e7 jalr             x1, x22, 0           x1=1c00a350 x22:1c00a282
20662104ns          352144 1c00a282 000026b7 lui              x13, 0x2000         x13=00002000
20662124ns          352145 1c00a284 f14027f3 csrrs            x15, x0, 0xf14      x15=00000001
20662144ns          352146 1c00a288 f8068693 addi             x13, x13, -128      x13=00001f80 x13:00002000
20662164ns          352147 1c00a28c 00379713 slli             x14, x15, 0x3       x14=00000008 x15:00000001
20662184ns          352148 1c00a290 00279793 slli             x15, x15, 0x2       x15=00000004 x15:00000001
20662204ns          352149 1c00a292 00d7f7b3 and              x15, x15, x13       x15=00000000 x15:00000004 x13:00001f80
20662223ns          352150 1c00a294 ee873733 p.bclr           x14, x14, 23, 8     x14=00000008 x14:00000008
20662243ns          352151 1c00a298 1a10f6b7 lui              x13, 0x1a10f000     x13=1a10f000
20662263ns          352152 1c00a29c 0ff57513 andi             x10, x10, 255       x10=0000004d x10:0000004d
20662283ns          352153 1c00a2a0 00d70733 add              x14, x14, x13       x14=1a10f008 x14:00000008 x13:1a10f000
20662303ns          352154 1c00a2a2 00a7e723 p.sw             x10, x0(x15)        x10:0000004d x15:00000000  PA:1a10f008
20662621ns          352170 1c00a2a6 00000513 addi             x10, x0, 0          x10=00000000
20662641ns          352171 1c00a2a8 00008067 jalr             x0, x1, 0            x1:1c00a350
20662681ns          352173 1c00a350 31f52563 p.beqimm         x10, 778            x10:00000000
20662701ns          352174 1c00a354 001d8d93 addi             x27, x27, 1         x27=00000008 x27:00000007
20662721ns          352175 1c00a356 00044503 lbu              x10, 0(x8)          x10=0000004d  x8:1c000038  PA:1c000038
20663019ns          352190 1c00a35a 00140413 addi             x8, x8, 1            x8=1c000039  x8:1c000038
20663039ns          352191 1c00a35c fe0514e3 bne              x10, x0, -24        x10:0000004d
20663099ns          352194 1c00a344 02500793 addi             x15, x0, 37         x15=00000025
20663119ns          352195 1c00a348 04f50863 beq              x10, x15, 80        x10:0000004d x15:00000025
20663138ns          352196 1c00a34c 01a005b3 add              x11, x0, x26        x11=00000002 x26:00000002
20663158ns          352197 1c00a34e 000b00e7 jalr             x1, x22, 0           x1=1c00a350 x22:1c00a282
20663198ns          352199 1c00a282 000026b7 lui              x13, 0x2000         x13=00002000
20663218ns          352200 1c00a284 f14027f3 csrrs            x15, x0, 0xf14      x15=00000001
20663238ns          352201 1c00a288 f8068693 addi             x13, x13, -128      x13=00001f80 x13:00002000
20663258ns          352202 1c00a28c 00379713 slli             x14, x15, 0x3       x14=00000008 x15:00000001
20663278ns          352203 1c00a290 00279793 slli             x15, x15, 0x2       x15=00000004 x15:00000001
20663298ns          352204 1c00a292 00d7f7b3 and              x15, x15, x13       x15=00000000 x15:00000004 x13:00001f80
20663317ns          352205 1c00a294 ee873733 p.bclr           x14, x14, 23, 8     x14=00000008 x14:00000008
20663337ns          352206 1c00a298 1a10f6b7 lui              x13, 0x1a10f000     x13=1a10f000
20663357ns          352207 1c00a29c 0ff57513 andi             x10, x10, 255       x10=0000004d x10:0000004d
20663377ns          352208 1c00a2a0 00d70733 add              x14, x14, x13       x14=1a10f008 x14:00000008 x13:1a10f000
20663397ns          352209 1c00a2a2 00a7e723 p.sw             x10, x0(x15)        x10:0000004d x15:00000000  PA:1a10f008
20663715ns          352225 1c00a2a6 00000513 addi             x10, x0, 0          x10=00000000
20663735ns          352226 1c00a2a8 00008067 jalr             x0, x1, 0            x1:1c00a350
20663775ns          352228 1c00a350 31f52563 p.beqimm         x10, 778            x10:00000000
20663795ns          352229 1c00a354 001d8d93 addi             x27, x27, 1         x27=00000009 x27:00000008
20663815ns          352230 1c00a356 00044503 lbu              x10, 0(x8)          x10=00000041  x8:1c000039  PA:1c000039
20664113ns          352245 1c00a35a 00140413 addi             x8, x8, 1            x8=1c00003a  x8:1c000039
20664133ns          352246 1c00a35c fe0514e3 bne              x10, x0, -24        x10:00000041
20664193ns          352249 1c00a344 02500793 addi             x15, x0, 37         x15=00000025
20664213ns          352250 1c00a348 04f50863 beq              x10, x15, 80        x10:00000041 x15:00000025
20664232ns          352251 1c00a34c 01a005b3 add              x11, x0, x26        x11=00000002 x26:00000002
20664252ns          352252 1c00a34e 000b00e7 jalr             x1, x22, 0           x1=1c00a350 x22:1c00a282
20664292ns          352254 1c00a282 000026b7 lui              x13, 0x2000         x13=00002000
20664312ns          352255 1c00a284 f14027f3 csrrs            x15, x0, 0xf14      x15=00000001
20664332ns          352256 1c00a288 f8068693 addi             x13, x13, -128      x13=00001f80 x13:00002000
20664352ns          352257 1c00a28c 00379713 slli             x14, x15, 0x3       x14=00000008 x15:00000001
20664372ns          352258 1c00a290 00279793 slli             x15, x15, 0x2       x15=00000004 x15:00000001
20664392ns          352259 1c00a292 00d7f7b3 and              x15, x15, x13       x15=00000000 x15:00000004 x13:00001f80
20664411ns          352260 1c00a294 ee873733 p.bclr           x14, x14, 23, 8     x14=00000008 x14:00000008
20664431ns          352261 1c00a298 1a10f6b7 lui              x13, 0x1a10f000     x13=1a10f000
20664451ns          352262 1c00a29c 0ff57513 andi             x10, x10, 255       x10=00000041 x10:00000041
20664471ns          352263 1c00a2a0 00d70733 add              x14, x14, x13       x14=1a10f008 x14:00000008 x13:1a10f000
20664491ns          352264 1c00a2a2 00a7e723 p.sw             x10, x0(x15)        x10:00000041 x15:00000000  PA:1a10f008
20664809ns          352280 1c00a2a6 00000513 addi             x10, x0, 0          x10=00000000
20664829ns          352281 1c00a2a8 00008067 jalr             x0, x1, 0            x1:1c00a350
20664869ns          352283 1c00a350 31f52563 p.beqimm         x10, 778            x10:00000000
20664889ns          352284 1c00a354 001d8d93 addi             x27, x27, 1         x27=0000000a x27:00000009
20664909ns          352285 1c00a356 00044503 lbu              x10, 0(x8)          x10=00000052  x8:1c00003a  PA:1c00003a
20665207ns          352300 1c00a35a 00140413 addi             x8, x8, 1            x8=1c00003b  x8:1c00003a
20665227ns          352301 1c00a35c fe0514e3 bne              x10, x0, -24        x10:00000052
20665287ns          352304 1c00a344 02500793 addi             x15, x0, 37         x15=00000025
20665307ns          352305 1c00a348 04f50863 beq              x10, x15, 80        x10:00000052 x15:00000025
20665326ns          352306 1c00a34c 01a005b3 add              x11, x0, x26        x11=00000002 x26:00000002
20665346ns          352307 1c00a34e 000b00e7 jalr             x1, x22, 0           x1=1c00a350 x22:1c00a282
20665386ns          352309 1c00a282 000026b7 lui              x13, 0x2000         x13=00002000
20665406ns          352310 1c00a284 f14027f3 csrrs            x15, x0, 0xf14      x15=00000001
20665426ns          352311 1c00a288 f8068693 addi             x13, x13, -128      x13=00001f80 x13:00002000
20665446ns          352312 1c00a28c 00379713 slli             x14, x15, 0x3       x14=00000008 x15:00000001
20665466ns          352313 1c00a290 00279793 slli             x15, x15, 0x2       x15=00000004 x15:00000001
20665486ns          352314 1c00a292 00d7f7b3 and              x15, x15, x13       x15=00000000 x15:00000004 x13:00001f80
20665505ns          352315 1c00a294 ee873733 p.bclr           x14, x14, 23, 8     x14=00000008 x14:00000008
20665525ns          352316 1c00a298 1a10f6b7 lui              x13, 0x1a10f000     x13=1a10f000
20665545ns          352317 1c00a29c 0ff57513 andi             x10, x10, 255       x10=00000052 x10:00000052
20665565ns          352318 1c00a2a0 00d70733 add              x14, x14, x13       x14=1a10f008 x14:00000008 x13:1a10f000
20665585ns          352319 1c00a2a2 00a7e723 p.sw             x10, x0(x15)        x10:00000052 x15:00000000  PA:1a10f008
20665903ns          352335 1c00a2a6 00000513 addi             x10, x0, 0          x10=00000000
20665923ns          352336 1c00a2a8 00008067 jalr             x0, x1, 0            x1:1c00a350
20665963ns          352338 1c00a350 31f52563 p.beqimm         x10, 778            x10:00000000
20665983ns          352339 1c00a354 001d8d93 addi             x27, x27, 1         x27=0000000b x27:0000000a
20666003ns          352340 1c00a356 00044503 lbu              x10, 0(x8)          x10=00000059  x8:1c00003b  PA:1c00003b
20666301ns          352355 1c00a35a 00140413 addi             x8, x8, 1            x8=1c00003c  x8:1c00003b
20666321ns          352356 1c00a35c fe0514e3 bne              x10, x0, -24        x10:00000059
20666381ns          352359 1c00a344 02500793 addi             x15, x0, 37         x15=00000025
20666401ns          352360 1c00a348 04f50863 beq              x10, x15, 80        x10:00000059 x15:00000025
20666420ns          352361 1c00a34c 01a005b3 add              x11, x0, x26        x11=00000002 x26:00000002
20666440ns          352362 1c00a34e 000b00e7 jalr             x1, x22, 0           x1=1c00a350 x22:1c00a282
20666480ns          352364 1c00a282 000026b7 lui              x13, 0x2000         x13=00002000
20666500ns          352365 1c00a284 f14027f3 csrrs            x15, x0, 0xf14      x15=00000001
20666520ns          352366 1c00a288 f8068693 addi             x13, x13, -128      x13=00001f80 x13:00002000
20666540ns          352367 1c00a28c 00379713 slli             x14, x15, 0x3       x14=00000008 x15:00000001
20666560ns          352368 1c00a290 00279793 slli             x15, x15, 0x2       x15=00000004 x15:00000001
20666580ns          352369 1c00a292 00d7f7b3 and              x15, x15, x13       x15=00000000 x15:00000004 x13:00001f80
20666599ns          352370 1c00a294 ee873733 p.bclr           x14, x14, 23, 8     x14=00000008 x14:00000008
20666619ns          352371 1c00a298 1a10f6b7 lui              x13, 0x1a10f000     x13=1a10f000
20666639ns          352372 1c00a29c 0ff57513 andi             x10, x10, 255       x10=00000059 x10:00000059
20666659ns          352373 1c00a2a0 00d70733 add              x14, x14, x13       x14=1a10f008 x14:00000008 x13:1a10f000
20666679ns          352374 1c00a2a2 00a7e723 p.sw             x10, x0(x15)        x10:00000059 x15:00000000  PA:1a10f008
20667017ns          352391 1c00a2a6 00000513 addi             x10, x0, 0          x10=00000000
20667037ns          352392 1c00a2a8 00008067 jalr             x0, x1, 0            x1:1c00a350
20667077ns          352394 1c00a350 31f52563 p.beqimm         x10, 778            x10:00000000
20667097ns          352395 1c00a354 001d8d93 addi             x27, x27, 1         x27=0000000c x27:0000000b
20667117ns          352396 1c00a356 00044503 lbu              x10, 0(x8)          x10=0000003a  x8:1c00003c  PA:1c00003c
20667415ns          352411 1c00a35a 00140413 addi             x8, x8, 1            x8=1c00003d  x8:1c00003c
20667435ns          352412 1c00a35c fe0514e3 bne              x10, x0, -24        x10:0000003a
20667494ns          352415 1c00a344 02500793 addi             x15, x0, 37         x15=00000025
20667514ns          352416 1c00a348 04f50863 beq              x10, x15, 80        x10:0000003a x15:00000025
20667534ns          352417 1c00a34c 01a005b3 add              x11, x0, x26        x11=00000002 x26:00000002
20667554ns          352418 1c00a34e 000b00e7 jalr             x1, x22, 0           x1=1c00a350 x22:1c00a282
20667594ns          352420 1c00a282 000026b7 lui              x13, 0x2000         x13=00002000
20667614ns          352421 1c00a284 f14027f3 csrrs            x15, x0, 0xf14      x15=00000001
20667634ns          352422 1c00a288 f8068693 addi             x13, x13, -128      x13=00001f80 x13:00002000
20667654ns          352423 1c00a28c 00379713 slli             x14, x15, 0x3       x14=00000008 x15:00000001
20667674ns          352424 1c00a290 00279793 slli             x15, x15, 0x2       x15=00000004 x15:00000001
20667693ns          352425 1c00a292 00d7f7b3 and              x15, x15, x13       x15=00000000 x15:00000004 x13:00001f80
20667713ns          352426 1c00a294 ee873733 p.bclr           x14, x14, 23, 8     x14=00000008 x14:00000008
20667733ns          352427 1c00a298 1a10f6b7 lui              x13, 0x1a10f000     x13=1a10f000
20667753ns          352428 1c00a29c 0ff57513 andi             x10, x10, 255       x10=0000003a x10:0000003a
20667773ns          352429 1c00a2a0 00d70733 add              x14, x14, x13       x14=1a10f008 x14:00000008 x13:1a10f000
20667793ns          352430 1c00a2a2 00a7e723 p.sw             x10, x0(x15)        x10:0000003a x15:00000000  PA:1a10f008
20668111ns          352446 1c00a2a6 00000513 addi             x10, x0, 0          x10=00000000
20668131ns          352447 1c00a2a8 00008067 jalr             x0, x1, 0            x1:1c00a350
20668171ns          352449 1c00a350 31f52563 p.beqimm         x10, 778            x10:00000000
20668191ns          352450 1c00a354 001d8d93 addi             x27, x27, 1         x27=0000000d x27:0000000c
20668211ns          352451 1c00a356 00044503 lbu              x10, 0(x8)          x10=00000020  x8:1c00003d  PA:1c00003d
20668509ns          352466 1c00a35a 00140413 addi             x8, x8, 1            x8=1c00003e  x8:1c00003d
20668529ns          352467 1c00a35c fe0514e3 bne              x10, x0, -24        x10:00000020
20668588ns          352470 1c00a344 02500793 addi             x15, x0, 37         x15=00000025
20668608ns          352471 1c00a348 04f50863 beq              x10, x15, 80        x10:00000020 x15:00000025
20668628ns          352472 1c00a34c 01a005b3 add              x11, x0, x26        x11=00000002 x26:00000002
20668648ns          352473 1c00a34e 000b00e7 jalr             x1, x22, 0           x1=1c00a350 x22:1c00a282
20668688ns          352475 1c00a282 000026b7 lui              x13, 0x2000         x13=00002000
20668708ns          352476 1c00a284 f14027f3 csrrs            x15, x0, 0xf14      x15=00000001
20668728ns          352477 1c00a288 f8068693 addi             x13, x13, -128      x13=00001f80 x13:00002000
20668748ns          352478 1c00a28c 00379713 slli             x14, x15, 0x3       x14=00000008 x15:00000001
20668768ns          352479 1c00a290 00279793 slli             x15, x15, 0x2       x15=00000004 x15:00000001
20668787ns          352480 1c00a292 00d7f7b3 and              x15, x15, x13       x15=00000000 x15:00000004 x13:00001f80
20668807ns          352481 1c00a294 ee873733 p.bclr           x14, x14, 23, 8     x14=00000008 x14:00000008
20668827ns          352482 1c00a298 1a10f6b7 lui              x13, 0x1a10f000     x13=1a10f000
20668847ns          352483 1c00a29c 0ff57513 andi             x10, x10, 255       x10=00000020 x10:00000020
20668867ns          352484 1c00a2a0 00d70733 add              x14, x14, x13       x14=1a10f008 x14:00000008 x13:1a10f000
20668887ns          352485 1c00a2a2 00a7e723 p.sw             x10, x0(x15)        x10:00000020 x15:00000000  PA:1a10f008
20669205ns          352501 1c00a2a6 00000513 addi             x10, x0, 0          x10=00000000
20669225ns          352502 1c00a2a8 00008067 jalr             x0, x1, 0            x1:1c00a350
20669265ns          352504 1c00a350 31f52563 p.beqimm         x10, 778            x10:00000000
20669285ns          352505 1c00a354 001d8d93 addi             x27, x27, 1         x27=0000000e x27:0000000d
20669305ns          352506 1c00a356 00044503 lbu              x10, 0(x8)          x10=00000000  x8:1c00003e  PA:1c00003e
20669623ns          352522 1c00a35a 00140413 addi             x8, x8, 1            x8=1c00003f  x8:1c00003e
20669643ns          352523 1c00a35c fe0514e3 bne              x10, x0, -24        x10:00000000
20669663ns          352524 1c00a35e 01b00433 add              x8, x0, x27          x8=0000000e x27:0000000e
20669682ns          352525 1c00a360 00800533 add              x10, x0, x8         x10=0000000e  x8:0000000e
20669702ns          352526 1c00a362 12c12083 lw               x1, 300(x2)          x1=1c00a2ee  x2:10001e18  PA:10001f44
20669722ns          352527 1c00a366 12812403 lw               x8, 296(x2)          x8=00000000  x2:10001e18  PA:10001f40
20669742ns          352528 1c00a36a 12412483 lw               x9, 292(x2)          x9=10001008  x2:10001e18  PA:10001f3c
20670080ns          352545 1c00a36e 12012903 lw               x18, 288(x2)        x18=10001fbc  x2:10001e18  PA:10001f38
20670120ns          352547 1c00a372 11c12983 lw               x19, 284(x2)        x19=10000204  x2:10001e18  PA:10001f34
20670140ns          352548 1c00a376 11812a03 lw               x20, 280(x2)        x20=xxxxxxxx  x2:10001e18  PA:10001f30
20670160ns          352549 1c00a37a 11412a83 lw               x21, 276(x2)        x21=xxxxxxxx  x2:10001e18  PA:10001f2c
20670617ns          352572 1c00a37e 11012b03 lw               x22, 272(x2)        x22=xxxxxxxx  x2:10001e18  PA:10001f28
20670657ns          352574 1c00a382 10c12b83 lw               x23, 268(x2)        x23=xxxxxxxx  x2:10001e18  PA:10001f24
20670677ns          352575 1c00a386 10812c03 lw               x24, 264(x2)        x24=xxxxxxxx  x2:10001e18  PA:10001f20
20670697ns          352576 1c00a38a 10412c83 lw               x25, 260(x2)        x25=xxxxxxxx  x2:10001e18  PA:10001f1c
20671154ns          352599 1c00a38e 10012d03 lw               x26, 256(x2)        x26=xxxxxxxx  x2:10001e18  PA:10001f18
20671174ns          352600 1c00a392 0fc12d83 lw               x27, 252(x2)        x27=xxxxxxxx  x2:10001e18  PA:10001f14
20671194ns          352601 1c00a394 13010113 addi             x2, x2, 304          x2=10001f48  x2:10001e18
20671214ns          352602 1c00a396 00008067 jalr             x0, x1, 0            x1:1c00a2ee
20671254ns          352604 1c00a2ee 01c12083 lw               x1, 28(x2)           x1=1c00b442  x2:10001f48  PA:10001f64
20671274ns          352605 1c00a2f0 04010113 addi             x2, x2, 64           x2=10001f88  x2:10001f48
20671314ns          352607 1c00a2f2 00008067 jalr             x0, x1, 0            x1:1c00b442
20671393ns          352611 1c00b442 00040a63 beq              x8, x0, 20           x8:00000000
20671870ns          352635 1c00b456 00812403 lw               x8, 8(x2)            x8=10000004  x2:10001f88  PA:10001f90
20671910ns          352637 1c00b458 00c12083 lw               x1, 12(x2)           x1=1c009c72  x2:10001f88  PA:10001f94
20671930ns          352638 1c00b45a 1c000537 lui              x10, 0x1c000000     x10=1c000000
20672368ns          352660 1c00b45e 04050513 addi             x10, x10, 64        x10=1c000040 x10:1c000000
20672388ns          352661 1c00b462 01010113 addi             x2, x2, 16           x2=10001f98  x2:10001f88
20672408ns          352662 1c00b464 dcdfe06f jal              x0, -4660          
20672885ns          352686 1c00a230 0015478b p.lbu            x15, 1(x10!)        x15=00000053 x10=1c000041 x10:1c000040  PA:1c000040
20673342ns          352709 1c00a234 02078463 beq              x15, x0, 40         x15:00000053
20673362ns          352710 1c00a236 f14026f3 csrrs            x13, x0, 0xf14      x13=00000001
20673382ns          352711 1c00a23a 00369713 slli             x14, x13, 0x3       x14=00000008 x13:00000001
20673402ns          352712 1c00a23e 1a10f637 lui              x12, 0x1a10f000     x12=1a10f000
20673442ns          352714 1c00a242 ee873733 p.bclr           x14, x14, 23, 8     x14=00000008 x14:00000008
20673462ns          352715 1c00a246 00c70733 add              x14, x14, x12       x14=1a10f008 x14:00000008 x12:1a10f000
20673482ns          352716 1c00a248 00002637 lui              x12, 0x2000         x12=00002000
20673501ns          352717 1c00a24a 00269693 slli             x13, x13, 0x2       x13=00000004 x13:00000001
20673521ns          352718 1c00a24c f8060613 addi             x12, x12, -128      x12=00001f80 x12:00002000
20673939ns          352739 1c00a250 00c6f6b3 and              x13, x13, x12       x13=00000000 x13:00000004 x12:00001f80
20673959ns          352740 1c00a252 00d70733 add              x14, x14, x13       x14=1a10f008 x14:1a10f008 x13:00000000
20673979ns          352741 1c00a254 00f72023 sw               x15, 0(x14)         x15:00000053 x14:1a10f008  PA:1a10f008
20674436ns          352764 1c00a256 0015478b p.lbu            x15, 1(x10!)        x15=00000055 x10=1c000042 x10:1c000041  PA:1c000041
20674755ns          352780 1c00a25a fe079de3 bne              x15, x0, -6         x15:00000055
20674814ns          352783 1c00a254 00f72023 sw               x15, 0(x14)         x15:00000055 x14:1a10f008  PA:1a10f008
20675152ns          352800 1c00a256 0015478b p.lbu            x15, 1(x10!)        x15=00000043 x10=1c000043 x10:1c000042  PA:1c000042
20675471ns          352816 1c00a25a fe079de3 bne              x15, x0, -6         x15:00000043
20675530ns          352819 1c00a254 00f72023 sw               x15, 0(x14)         x15:00000043 x14:1a10f008  PA:1a10f008
20675849ns          352835 1c00a256 0015478b p.lbu            x15, 1(x10!)        x15=00000043 x10=1c000044 x10:1c000043  PA:1c000043
20676187ns          352852 1c00a25a fe079de3 bne              x15, x0, -6         x15:00000043
20676246ns          352855 1c00a254 00f72023 sw               x15, 0(x14)         x15:00000043 x14:1a10f008  PA:1a10f008
20676565ns          352871 1c00a256 0015478b p.lbu            x15, 1(x10!)        x15=00000045 x10=1c000045 x10:1c000044  PA:1c000044
20676883ns          352887 1c00a25a fe079de3 bne              x15, x0, -6         x15:00000045
20676943ns          352890 1c00a254 00f72023 sw               x15, 0(x14)         x15:00000045 x14:1a10f008  PA:1a10f008
20677261ns          352906 1c00a256 0015478b p.lbu            x15, 1(x10!)        x15=00000053 x10=1c000046 x10:1c000045  PA:1c000045
20677599ns          352923 1c00a25a fe079de3 bne              x15, x0, -6         x15:00000053
20677659ns          352926 1c00a254 00f72023 sw               x15, 0(x14)         x15:00000053 x14:1a10f008  PA:1a10f008
20677977ns          352942 1c00a256 0015478b p.lbu            x15, 1(x10!)        x15=00000053 x10=1c000047 x10:1c000046  PA:1c000046
20678295ns          352958 1c00a25a fe079de3 bne              x15, x0, -6         x15:00000053
20678355ns          352961 1c00a254 00f72023 sw               x15, 0(x14)         x15:00000053 x14:1a10f008  PA:1a10f008
20678673ns          352977 1c00a256 0015478b p.lbu            x15, 1(x10!)        x15=00000000 x10=1c000048 x10:1c000047  PA:1c000047
20678991ns          352993 1c00a25a fe079de3 bne              x15, x0, -6         x15:00000000
20679011ns          352994 1c00a25c f14027f3 csrrs            x15, x0, 0xf14      x15=00000001
20679031ns          352995 1c00a260 00379713 slli             x14, x15, 0x3       x14=00000008 x15:00000001
20679051ns          352996 1c00a264 1a10f6b7 lui              x13, 0x1a10f000     x13=1a10f000
20679071ns          352997 1c00a268 ee873733 p.bclr           x14, x14, 23, 8     x14=00000008 x14:00000008
20679091ns          352998 1c00a26c 00d70733 add              x14, x14, x13       x14=1a10f008 x14:00000008 x13:1a10f000
20679111ns          352999 1c00a26e 000026b7 lui              x13, 0x2000         x13=00002000
20679329ns          353010 1c00a270 f8068693 addi             x13, x13, -128      x13=00001f80 x13:00002000
20679369ns          353012 1c00a274 00279793 slli             x15, x15, 0x2       x15=00000004 x15:00000001
20679389ns          353013 1c00a276 00d7f7b3 and              x15, x15, x13       x15=00000000 x15:00000004 x13:00001f80
20679409ns          353014 1c00a278 00a00693 addi             x13, x0, 10         x13=0000000a
20679429ns          353015 1c00a27a 00d767a3 p.sw             x13, x0(x14)        x13:0000000a x14:1a10f008  PA:1a10f008
20679886ns          353038 1c00a27e 00000513 addi             x10, x0, 0          x10=00000000
20679906ns          353039 1c00a280 00008067 jalr             x0, x1, 0            x1:1c009c72
20679946ns          353041 1c009c72 ab5ff06f jal              x0, -1356          
20680304ns          353059 1c009726 05c12083 lw               x1, 92(x2)           x1=1c00b4ba  x2:10001f98  PA:10001ff4
20680344ns          353061 1c009728 05812403 lw               x8, 88(x2)           x8=xxxxxxxx  x2:10001f98  PA:10001ff0
20680364ns          353062 1c00972a 05412483 lw               x9, 84(x2)           x9=xxxxxxxx  x2:10001f98  PA:10001fec
20680384ns          353063 1c00972c 05012903 lw               x18, 80(x2)         x18=xxxxxxxx  x2:10001f98  PA:10001fe8
20680404ns          353064 1c00972e 04c12983 lw               x19, 76(x2)         x19=xxxxxxxx  x2:10001f98  PA:10001fe4
20680801ns          353084 1c009730 04812a03 lw               x20, 72(x2)         x20=xxxxxxxx  x2:10001f98  PA:10001fe0
20680821ns          353085 1c009732 04412a83 lw               x21, 68(x2)         x21=xxxxxxxx  x2:10001f98  PA:10001fdc
20680841ns          353086 1c009734 04012b03 lw               x22, 64(x2)         x22=xxxxxxxx  x2:10001f98  PA:10001fd8
20680861ns          353087 1c009736 03c12b83 lw               x23, 60(x2)         x23=xxxxxxxx  x2:10001f98  PA:10001fd4
20680881ns          353088 1c009738 03812c03 lw               x24, 56(x2)         x24=xxxxxxxx  x2:10001f98  PA:10001fd0
20680901ns          353089 1c00973a 03412c83 lw               x25, 52(x2)         x25=xxxxxxxx  x2:10001f98  PA:10001fcc
20680921ns          353090 1c00973c 03012d03 lw               x26, 48(x2)         x26=xxxxxxxx  x2:10001f98  PA:10001fc8
20680941ns          353091 1c00973e 02c12d83 lw               x27, 44(x2)         x27=xxxxxxxx  x2:10001f98  PA:10001fc4
20681319ns          353110 1c009740 00000513 addi             x10, x0, 0          x10=00000000
20681338ns          353111 1c009742 06010113 addi             x2, x2, 96           x2=10001ff8  x2:10001f98
20681358ns          353112 1c009744 00008067 jalr             x0, x1, 0            x1:1c00b4ba
20681856ns          353137 1c00b4ba f14027f3 csrrs            x15, x0, 0xf14      x15=00000001
20682293ns          353159 1c00b4be f457b7b3 p.bclr           x15, x15, 26, 5     x15=00000001 x15:00000001
20682313ns          353160 1c00b4c2 00079963 bne              x15, x0, 18         x15:00000001
20682810ns          353185 1c00b4d4 002047b7 lui              x15, 0x204000       x15=00204000
20682850ns          353187 1c00b4d8 fff00713 addi             x14, x0, -1         x14=ffffffff
20682870ns          353188 1c00b4da 00e7a223 sw               x14, 4(x15)         x14:ffffffff x15:00204000  PA:00204004
