                Time          Cycles PC       Instr    Mnemonic
18316774ns          302047 1c008080 0640006f jal              x0, 100            
18317231ns          302070 1c0080e4 f1402573 csrrs            x10, x0, 0xf14      x10=00000003
18317271ns          302072 1c0080e8 01f57593 andi             x11, x10, 31        x11=00000003 x10:00000003
18317291ns          302073 1c0080ec 00555513 srli             x10, x10, 0x5       x10=00000000 x10:00000003
18317311ns          302074 1c0080ee 01f00613 addi             x12, x0, 31         x12=0000001f
18317728ns          302095 1c0080f0 00c50463 beq              x10, x12, 8         x10:00000000 x12:0000001f
18317768ns          302097 1c0080f4 fa1ff06f jal              x0, -96            
18318226ns          302120 1c008094 f3ff8117 auipc            x2, 0xf3ff8000       x2=10000094
18318265ns          302122 1c008098 f7010113 addi             x2, x2, -144         x2=10000004  x2:10000094
18318285ns          302123 1c00809c 00012103 lw               x2, 0(x2)            x2=10000008  x2:10000004  PA:10000004
18318743ns          302146 1c0080a0 000011b7 lui              x3, 0x1000           x3=00001000
18318783ns          302148 1c0080a4 80018193 addi             x3, x3, -2048        x3=00000800  x3:00001000
18318802ns          302149 1c0080a8 00158593 addi             x11, x11, 1         x11=00000004 x11:00000003
18318822ns          302150 1c0080ac 02b180b3 mul              x1, x3, x11          x1=00002000  x3:00000800 x11:00000004
18319260ns          302172 1c0080b0 00110133 add              x2, x2, x1           x2=10002008  x2:10000008  x1:00002000
18319300ns          302174 1c0080b4 3120306f jal              x0, 13074          
18319757ns          302197 1c00b3c6 ff010113 addi             x2, x2, -16          x2=10001ff8  x2:10002008
18319797ns          302199 1c00b3c8 00112623 sw               x1, 12(x2)           x1:00002000  x2:10001ff8  PA:10002004
18319817ns          302200 1c00b3ca 002047b7 lui              x15, 0x204000       x15=00204000
18320254ns          302222 1c00b3ce 00070737 lui              x14, 0x70000        x14=00070000
18320274ns          302223 1c00b3d2 00e7a423 sw               x14, 8(x15)         x14:00070000 x15:00204000  PA:00204008
18320294ns          302224 1c00b3d4 00f00713 addi             x14, x0, 15         x14=0000000f
18320314ns          302225 1c00b3d6 20078793 addi             x15, x15, 512       x15=00204200 x15:00204000
18320334ns          302226 1c00b3da 00e7a023 sw               x14, 0(x15)         x14:0000000f x15:00204200  PA:00204200
18320772ns          302248 1c00b3de 00e7a623 sw               x14, 12(x15)        x14:0000000f x15:00204200  PA:0020420c
18320811ns          302250 1c00b3e2 1c0017b7 lui              x15, 0x1c001000     x15=1c001000
18320831ns          302251 1c00b3e6 f7c7a783 lw               x15, -132(x15)      x15=1c009c2e x15:1c001000  PA:1c000f7c
18321348ns          302277 1c00b3ea 000780e7 jalr             x1, x15, 0           x1=1c00b3ec x15:1c009c2e
18322204ns          302320 1c009c2e f14027f3 csrrs            x15, x0, 0xf14      x15=00000003
18322244ns          302322 1c009c32 ca579733 p.extractu       x14, x15, 5, 5      x14=00000000 x15:00000003
18322263ns          302323 1c009c36 04071b63 bne              x14, x0, 86         x14:00000000
18322283ns          302324 1c009c38 f457b7b3 p.bclr           x15, x15, 26, 5     x15=00000003 x15:00000003
18322303ns          302325 1c009c3c 00000513 addi             x10, x0, 0          x10=00000000
18322323ns          302326 1c009c3e 00078263 beq              x15, x0, 4          x15:00000003
18322741ns          302347 1c009c40 00008067 jalr             x0, x1, 0            x1:1c00b3ec
18322781ns          302349 1c00b3ec f14027f3 csrrs            x15, x0, 0xf14      x15=00000003
18322800ns          302350 1c00b3f0 f457b7b3 p.bclr           x15, x15, 26, 5     x15=00000003 x15:00000003
18322820ns          302351 1c00b3f4 00079963 bne              x15, x0, 18         x15:00000003
18323377ns          302379 1c00b406 002047b7 lui              x15, 0x204000       x15=00204000
18323397ns          302380 1c00b40a fff00713 addi             x14, x0, -1         x14=ffffffff
18323417ns          302381 1c00b40c 00e7a223 sw               x14, 4(x15)         x14:ffffffff x15:00204000  PA:00204004
