                Time          Cycles PC       Instr    Mnemonic
18316754ns          302046 1c008080 0640006f jal              x0, 100            
18317211ns          302069 1c0080e4 f1402573 csrrs            x10, x0, 0xf14      x10=00000002
18317251ns          302071 1c0080e8 01f57593 andi             x11, x10, 31        x11=00000002 x10:00000002
18317271ns          302072 1c0080ec 00555513 srli             x10, x10, 0x5       x10=00000000 x10:00000002
18317291ns          302073 1c0080ee 01f00613 addi             x12, x0, 31         x12=0000001f
18317708ns          302094 1c0080f0 00c50463 beq              x10, x12, 8         x10:00000000 x12:0000001f
18317748ns          302096 1c0080f4 fa1ff06f jal              x0, -96            
18318206ns          302119 1c008094 f3ff8117 auipc            x2, 0xf3ff8000       x2=10000094
18318246ns          302121 1c008098 f7010113 addi             x2, x2, -144         x2=10000004  x2:10000094
18318265ns          302122 1c00809c 00012103 lw               x2, 0(x2)            x2=10000008  x2:10000004  PA:10000004
18318723ns          302145 1c0080a0 000011b7 lui              x3, 0x1000           x3=00001000
18318763ns          302147 1c0080a4 80018193 addi             x3, x3, -2048        x3=00000800  x3:00001000
18318783ns          302148 1c0080a8 00158593 addi             x11, x11, 1         x11=00000003 x11:00000002
18318802ns          302149 1c0080ac 02b180b3 mul              x1, x3, x11          x1=00001800  x3:00000800 x11:00000003
18319240ns          302171 1c0080b0 00110133 add              x2, x2, x1           x2=10001808  x2:10000008  x1:00001800
18319280ns          302173 1c0080b4 3120306f jal              x0, 13074          
18319737ns          302196 1c00b3c6 ff010113 addi             x2, x2, -16          x2=100017f8  x2:10001808
18319777ns          302198 1c00b3c8 00112623 sw               x1, 12(x2)           x1:00001800  x2:100017f8  PA:10001804
18319797ns          302199 1c00b3ca 002047b7 lui              x15, 0x204000       x15=00204000
18320235ns          302221 1c00b3ce 00070737 lui              x14, 0x70000        x14=00070000
18320254ns          302222 1c00b3d2 00e7a423 sw               x14, 8(x15)         x14:00070000 x15:00204000  PA:00204008
18320274ns          302223 1c00b3d4 00f00713 addi             x14, x0, 15         x14=0000000f
18320294ns          302224 1c00b3d6 20078793 addi             x15, x15, 512       x15=00204200 x15:00204000
18320314ns          302225 1c00b3da 00e7a023 sw               x14, 0(x15)         x14:0000000f x15:00204200  PA:00204200
18320752ns          302247 1c00b3de 00e7a623 sw               x14, 12(x15)        x14:0000000f x15:00204200  PA:0020420c
18320792ns          302249 1c00b3e2 1c0017b7 lui              x15, 0x1c001000     x15=1c001000
18320811ns          302250 1c00b3e6 f7c7a783 lw               x15, -132(x15)      x15=1c009c2e x15:1c001000  PA:1c000f7c
18321309ns          302275 1c00b3ea 000780e7 jalr             x1, x15, 0           x1=1c00b3ec x15:1c009c2e
18322184ns          302319 1c009c2e f14027f3 csrrs            x15, x0, 0xf14      x15=00000002
18322224ns          302321 1c009c32 ca579733 p.extractu       x14, x15, 5, 5      x14=00000000 x15:00000002
18322244ns          302322 1c009c36 04071b63 bne              x14, x0, 86         x14:00000000
18322263ns          302323 1c009c38 f457b7b3 p.bclr           x15, x15, 26, 5     x15=00000002 x15:00000002
18322283ns          302324 1c009c3c 00000513 addi             x10, x0, 0          x10=00000000
18322303ns          302325 1c009c3e 00078263 beq              x15, x0, 4          x15:00000002
18322721ns          302346 1c009c40 00008067 jalr             x0, x1, 0            x1:1c00b3ec
18322761ns          302348 1c00b3ec f14027f3 csrrs            x15, x0, 0xf14      x15=00000002
18322781ns          302349 1c00b3f0 f457b7b3 p.bclr           x15, x15, 26, 5     x15=00000002 x15:00000002
18322800ns          302350 1c00b3f4 00079963 bne              x15, x0, 18         x15:00000002
18323417ns          302381 1c00b406 002047b7 lui              x15, 0x204000       x15=00204000
18323437ns          302382 1c00b40a fff00713 addi             x14, x0, -1         x14=ffffffff
18323457ns          302383 1c00b40c 00e7a223 sw               x14, 4(x15)         x14:ffffffff x15:00204000  PA:00204004
