                Time          Cycles PC       Instr    Mnemonic
18316674ns          302042 1c008080 0640006f jal              x0, 100            
18317132ns          302065 1c0080e4 f1402573 csrrs            x10, x0, 0xf14      x10=00000000
18317171ns          302067 1c0080e8 01f57593 andi             x11, x10, 31        x11=00000000 x10:00000000
18317191ns          302068 1c0080ec 00555513 srli             x10, x10, 0x5       x10=00000000 x10:00000000
18317211ns          302069 1c0080ee 01f00613 addi             x12, x0, 31         x12=0000001f
18317629ns          302090 1c0080f0 00c50463 beq              x10, x12, 8         x10:00000000 x12:0000001f
18317669ns          302092 1c0080f4 fa1ff06f jal              x0, -96            
18318126ns          302115 1c008094 f3ff8117 auipc            x2, 0xf3ff8000       x2=10000094
18318166ns          302117 1c008098 f7010113 addi             x2, x2, -144         x2=10000004  x2:10000094
18318186ns          302118 1c00809c 00012103 lw               x2, 0(x2)            x2=10000008  x2:10000004  PA:10000004
18318643ns          302141 1c0080a0 000011b7 lui              x3, 0x1000           x3=00001000
18318683ns          302143 1c0080a4 80018193 addi             x3, x3, -2048        x3=00000800  x3:00001000
18318703ns          302144 1c0080a8 00158593 addi             x11, x11, 1         x11=00000001 x11:00000000
18318723ns          302145 1c0080ac 02b180b3 mul              x1, x3, x11          x1=00000800  x3:00000800 x11:00000001
18319160ns          302167 1c0080b0 00110133 add              x2, x2, x1           x2=10000808  x2:10000008  x1:00000800
18319200ns          302169 1c0080b4 3120306f jal              x0, 13074          
18319658ns          302192 1c00b3c6 ff010113 addi             x2, x2, -16          x2=100007f8  x2:10000808
18319698ns          302194 1c00b3c8 00112623 sw               x1, 12(x2)           x1:00000800  x2:100007f8  PA:10000804
18319717ns          302195 1c00b3ca 002047b7 lui              x15, 0x204000       x15=00204000
18320155ns          302217 1c00b3ce 00070737 lui              x14, 0x70000        x14=00070000
18320175ns          302218 1c00b3d2 00e7a423 sw               x14, 8(x15)         x14:00070000 x15:00204000  PA:00204008
18320195ns          302219 1c00b3d4 00f00713 addi             x14, x0, 15         x14=0000000f
18320215ns          302220 1c00b3d6 20078793 addi             x15, x15, 512       x15=00204200 x15:00204000
18320235ns          302221 1c00b3da 00e7a023 sw               x14, 0(x15)         x14:0000000f x15:00204200  PA:00204200
18320672ns          302243 1c00b3de 00e7a623 sw               x14, 12(x15)        x14:0000000f x15:00204200  PA:0020420c
18320712ns          302245 1c00b3e2 1c0017b7 lui              x15, 0x1c001000     x15=1c001000
18320732ns          302246 1c00b3e6 f7c7a783 lw               x15, -132(x15)      x15=1c009c2e x15:1c001000  PA:1c000f7c
18321070ns          302263 1c00b3ea 000780e7 jalr             x1, x15, 0           x1=1c00b3ec x15:1c009c2e
18322104ns          302315 1c009c2e f14027f3 csrrs            x15, x0, 0xf14      x15=00000000
18322144ns          302317 1c009c32 ca579733 p.extractu       x14, x15, 5, 5      x14=00000000 x15:00000000
18322164ns          302318 1c009c36 04071b63 bne              x14, x0, 86         x14:00000000
18322184ns          302319 1c009c38 f457b7b3 p.bclr           x15, x15, 26, 5     x15=00000000 x15:00000000
18322204ns          302320 1c009c3c 00000513 addi             x10, x0, 0          x10=00000000
18322224ns          302321 1c009c3e 00078263 beq              x15, x0, 4          x15:00000000
18322681ns          302344 1c009c42 ff010113 addi             x2, x2, -16          x2=100007e8  x2:100007f8
18322701ns          302345 1c009c44 00812423 sw               x8, 8(x2)            x8:xxxxxxxx  x2:100007e8  PA:100007f0
18322721ns          302346 1c009c46 1c0005b7 lui              x11, 0x1c000000     x11=1c000000
18322741ns          302347 1c009c4a 1c001437 lui              x8, 0x1c001000       x8=1c001000
18323178ns          302369 1c009c4e 1c000537 lui              x10, 0x1c000000     x10=1c000000
18323198ns          302370 1c009c52 00112623 sw               x1, 12(x2)           x1:1c00b3ec  x2:100007e8  PA:100007f4
18323218ns          302371 1c009c54 1c0017b7 lui              x15, 0x1c001000     x15=1c001000
18323238ns          302372 1c009c58 07c58593 addi             x11, x11, 124       x11=1c00007c x11:1c000000
18323258ns          302373 1c009c5c f4040413 addi             x8, x8, -192         x8=1c000f40  x8:1c001000
18323696ns          302395 1c009c60 0a050513 addi             x10, x10, 160       x10=1c0000a0 x10:1c000000
18323735ns          302397 1c009c64 f407a223 sw               x0, -188(x15)       x15:1c001000  PA:1c000f44
18324054ns          302413 1c009c68 00042023 sw               x0, 0(x8)            x8:1c000f40  PA:1c000f40
18324372ns          302429 1c009c6c 5d2000ef jal              x1, 1490             x1=1c009c6e
18324670ns          302444 1c00a23e fc010113 addi             x2, x2, -64          x2=100007a8  x2:100007e8
18325128ns          302467 1c00a240 02410313 addi             x6, x2, 36           x6=100007cc  x2:100007a8
18325167ns          302469 1c00a244 02c12423 sw               x12, 40(x2)         x12:0000001f  x2:100007a8  PA:100007d0
18325187ns          302470 1c00a246 00a00633 add              x12, x0, x10        x12=1c0000a0 x10:1c0000a0
18325207ns          302471 1c00a248 1c00a537 lui              x10, 0x1c00a000     x10=1c00a000
18325227ns          302472 1c00a24c 02b12223 sw               x11, 36(x2)         x11:1c00007c  x2:100007a8  PA:100007cc
18325247ns          302473 1c00a24e 02d12623 sw               x13, 44(x2)         x13:xxxxxxxx  x2:100007a8  PA:100007d4
18325645ns          302493 1c00a250 00200593 addi             x11, x0, 2          x11=00000002
18325665ns          302494 1c00a252 006006b3 add              x13, x0, x6         x13=100007cc  x6:100007cc
18325685ns          302495 1c00a254 1fa50513 addi             x10, x10, 506       x10=1c00a1fa x10:1c00a000
18325705ns          302496 1c00a258 00112e23 sw               x1, 28(x2)           x1:1c009c6e  x2:100007a8  PA:100007c4
18325724ns          302497 1c00a25a 02e12823 sw               x14, 48(x2)         x14:00000000  x2:100007a8  PA:100007d8
18325744ns          302498 1c00a25c 02f12a23 sw               x15, 52(x2)         x15:1c001000  x2:100007a8  PA:100007dc
18325764ns          302499 1c00a25e 03012c23 sw               x16, 56(x2)         x16:xxxxxxxx  x2:100007a8  PA:100007e0
18326162ns          302519 1c00a260 03112e23 sw               x17, 60(x2)         x17:xxxxxxxx  x2:100007a8  PA:100007e4
18326182ns          302520 1c00a262 00612623 sw               x6, 12(x2)           x6:100007cc  x2:100007a8  PA:100007b4
18326202ns          302521 1c00a264 fbfff0ef jal              x1, -66              x1=1c00a266
18326679ns          302545 1c00a222 04a0006f jal              x0, 74             
18326719ns          302547 1c00a26c ed010113 addi             x2, x2, -304         x2=10000678  x2:100007a8
18327157ns          302569 1c00a26e 12812423 sw               x8, 296(x2)          x8:1c000f40  x2:10000678  PA:100007a0
18327176ns          302570 1c00a272 00000413 addi             x8, x0, 0            x8=00000000
18327196ns          302571 1c00a274 11612823 sw               x22, 272(x2)        x22:xxxxxxxx  x2:10000678  PA:10000788
18327216ns          302572 1c00a278 11712623 sw               x23, 268(x2)        x23:xxxxxxxx  x2:10000678  PA:10000784
18327236ns          302573 1c00a27c 11812423 sw               x24, 264(x2)        x24:xxxxxxxx  x2:10000678  PA:10000780
18327674ns          302595 1c00a280 11912223 sw               x25, 260(x2)        x25:xxxxxxxx  x2:10000678  PA:1000077c
18327714ns          302597 1c00a284 11a12023 sw               x26, 256(x2)        x26:xxxxxxxx  x2:10000678  PA:10000778
18327733ns          302598 1c00a288 0fb12e23 sw               x27, 252(x2)        x27:xxxxxxxx  x2:10000678  PA:10000774
18327753ns          302599 1c00a28a 12112623 sw               x1, 300(x2)          x1:1c00a266  x2:10000678  PA:100007a4
18327773ns          302600 1c00a28e 00800db3 add              x27, x0, x8         x27=00000000  x8:00000000
18328191ns          302621 1c00a290 12912223 sw               x9, 292(x2)          x9:xxxxxxxx  x2:10000678  PA:1000079c
18328231ns          302623 1c00a294 13212023 sw               x18, 288(x2)        x18:xxxxxxxx  x2:10000678  PA:10000798
18328251ns          302624 1c00a298 11312e23 sw               x19, 284(x2)        x19:xxxxxxxx  x2:10000678  PA:10000794
18328270ns          302625 1c00a29c 11412c23 sw               x20, 280(x2)        x20:xxxxxxxx  x2:10000678  PA:10000790
18328708ns          302647 1c00a2a0 11512a23 sw               x21, 276(x2)        x21:xxxxxxxx  x2:10000678  PA:1000078c
18328748ns          302649 1c00a2a4 00a00b33 add              x22, x0, x10        x22=1c00a1fa x10:1c00a1fa
18328768ns          302650 1c00a2a6 00b00d33 add              x26, x0, x11        x26=00000002 x11:00000002
18328788ns          302651 1c00a2a8 00d00c33 add              x24, x0, x13        x24=100007cc x13:100007cc
18328808ns          302652 1c00a2aa 1c000bb7 lui              x23, 0x1c000000     x23=1c000000
18329245ns          302674 1c00a2ae 02410c93 addi             x25, x2, 36         x25=1000069c  x2:10000678
18329265ns          302675 1c00a2b2 00c00433 add              x8, x0, x12          x8=1c0000a0 x12:1c0000a0
18329285ns          302676 1c00a2b4 00044503 lbu              x10, 0(x8)          x10=00000053  x8:1c0000a0  PA:1c0000a0
18329583ns          302691 1c00a2b8 00140413 addi             x8, x8, 1            x8=1c0000a1  x8:1c0000a0
18329603ns          302692 1c00a2ba 00050e63 beq              x10, x0, 28         x10:00000053
18329623ns          302693 1c00a2bc 02500793 addi             x15, x0, 37         x15=00000025
18329762ns          302700 1c00a2c0 04f50863 beq              x10, x15, 80        x10:00000053 x15:00000025
18329802ns          302702 1c00a2c4 01a005b3 add              x11, x0, x26        x11=00000002 x26:00000002
18329822ns          302703 1c00a2c6 000b00e7 jalr             x1, x22, 0           x1=1c00a2c8 x22:1c00a1fa
18330279ns          302726 1c00a1fa 000026b7 lui              x13, 0x2000         x13=00002000
18330319ns          302728 1c00a1fc f14027f3 csrrs            x15, x0, 0xf14      x15=00000000
18330777ns          302751 1c00a200 f8068693 addi             x13, x13, -128      x13=00001f80 x13:00002000
18330816ns          302753 1c00a204 00379713 slli             x14, x15, 0x3       x14=00000000 x15:00000000
18330836ns          302754 1c00a208 00279793 slli             x15, x15, 0x2       x15=00000000 x15:00000000
18330856ns          302755 1c00a20a 00d7f7b3 and              x15, x15, x13       x15=00000000 x15:00000000 x13:00001f80
18330876ns          302756 1c00a20c ee873733 p.bclr           x14, x14, 23, 8     x14=00000000 x14:00000000
18331294ns          302777 1c00a210 1a10f6b7 lui              x13, 0x1a10f000     x13=1a10f000
18331334ns          302779 1c00a214 0ff57513 andi             x10, x10, 255       x10=00000053 x10:00000053
18331354ns          302780 1c00a218 00d70733 add              x14, x14, x13       x14=1a10f000 x14:00000000 x13:1a10f000
18331373ns          302781 1c00a21a 00a7e723 p.sw             x10, x0(x15)        x10:00000053 x15:00000000  PA:1a10f000
18331692ns          302797 1c00a21e 00000513 addi             x10, x0, 0          x10=00000000
18331712ns          302798 1c00a220 00008067 jalr             x0, x1, 0            x1:1c00a2c8
18331751ns          302800 1c00a2c8 31f52563 p.beqimm         x10, 778            x10:00000000
18331771ns          302801 1c00a2cc 001d8d93 addi             x27, x27, 1         x27=00000001 x27:00000000
18332209ns          302823 1c00a2ce 00044503 lbu              x10, 0(x8)          x10=00000074  x8:1c0000a1  PA:1c0000a1
18332527ns          302839 1c00a2d2 00140413 addi             x8, x8, 1            x8=1c0000a2  x8:1c0000a1
18332547ns          302840 1c00a2d4 fe0514e3 bne              x10, x0, -24        x10:00000074
18332766ns          302851 1c00a2bc 02500793 addi             x15, x0, 37         x15=00000025
18332786ns          302852 1c00a2c0 04f50863 beq              x10, x15, 80        x10:00000074 x15:00000025
18332806ns          302853 1c00a2c4 01a005b3 add              x11, x0, x26        x11=00000002 x26:00000002
18332825ns          302854 1c00a2c6 000b00e7 jalr             x1, x22, 0           x1=1c00a2c8 x22:1c00a1fa
18332865ns          302856 1c00a1fa 000026b7 lui              x13, 0x2000         x13=00002000
18332885ns          302857 1c00a1fc f14027f3 csrrs            x15, x0, 0xf14      x15=00000000
18332905ns          302858 1c00a200 f8068693 addi             x13, x13, -128      x13=00001f80 x13:00002000
18332925ns          302859 1c00a204 00379713 slli             x14, x15, 0x3       x14=00000000 x15:00000000
18332945ns          302860 1c00a208 00279793 slli             x15, x15, 0x2       x15=00000000 x15:00000000
18332965ns          302861 1c00a20a 00d7f7b3 and              x15, x15, x13       x15=00000000 x15:00000000 x13:00001f80
18332985ns          302862 1c00a20c ee873733 p.bclr           x14, x14, 23, 8     x14=00000000 x14:00000000
18333004ns          302863 1c00a210 1a10f6b7 lui              x13, 0x1a10f000     x13=1a10f000
18333024ns          302864 1c00a214 0ff57513 andi             x10, x10, 255       x10=00000074 x10:00000074
18333044ns          302865 1c00a218 00d70733 add              x14, x14, x13       x14=1a10f000 x14:00000000 x13:1a10f000
18333064ns          302866 1c00a21a 00a7e723 p.sw             x10, x0(x15)        x10:00000074 x15:00000000  PA:1a10f000
18333382ns          302882 1c00a21e 00000513 addi             x10, x0, 0          x10=00000000
18333402ns          302883 1c00a220 00008067 jalr             x0, x1, 0            x1:1c00a2c8
18333442ns          302885 1c00a2c8 31f52563 p.beqimm         x10, 778            x10:00000000
18333462ns          302886 1c00a2cc 001d8d93 addi             x27, x27, 1         x27=00000002 x27:00000001
18333482ns          302887 1c00a2ce 00044503 lbu              x10, 0(x8)          x10=00000061  x8:1c0000a2  PA:1c0000a2
18333780ns          302902 1c00a2d2 00140413 addi             x8, x8, 1            x8=1c0000a3  x8:1c0000a2
18333800ns          302903 1c00a2d4 fe0514e3 bne              x10, x0, -24        x10:00000061
18333860ns          302906 1c00a2bc 02500793 addi             x15, x0, 37         x15=00000025
18333880ns          302907 1c00a2c0 04f50863 beq              x10, x15, 80        x10:00000061 x15:00000025
18333900ns          302908 1c00a2c4 01a005b3 add              x11, x0, x26        x11=00000002 x26:00000002
18333919ns          302909 1c00a2c6 000b00e7 jalr             x1, x22, 0           x1=1c00a2c8 x22:1c00a1fa
18333959ns          302911 1c00a1fa 000026b7 lui              x13, 0x2000         x13=00002000
18333979ns          302912 1c00a1fc f14027f3 csrrs            x15, x0, 0xf14      x15=00000000
18333999ns          302913 1c00a200 f8068693 addi             x13, x13, -128      x13=00001f80 x13:00002000
18334019ns          302914 1c00a204 00379713 slli             x14, x15, 0x3       x14=00000000 x15:00000000
18334039ns          302915 1c00a208 00279793 slli             x15, x15, 0x2       x15=00000000 x15:00000000
18334059ns          302916 1c00a20a 00d7f7b3 and              x15, x15, x13       x15=00000000 x15:00000000 x13:00001f80
18334079ns          302917 1c00a20c ee873733 p.bclr           x14, x14, 23, 8     x14=00000000 x14:00000000
18334098ns          302918 1c00a210 1a10f6b7 lui              x13, 0x1a10f000     x13=1a10f000
18334118ns          302919 1c00a214 0ff57513 andi             x10, x10, 255       x10=00000061 x10:00000061
18334138ns          302920 1c00a218 00d70733 add              x14, x14, x13       x14=1a10f000 x14:00000000 x13:1a10f000
18334158ns          302921 1c00a21a 00a7e723 p.sw             x10, x0(x15)        x10:00000061 x15:00000000  PA:1a10f000
18334476ns          302937 1c00a21e 00000513 addi             x10, x0, 0          x10=00000000
18334496ns          302938 1c00a220 00008067 jalr             x0, x1, 0            x1:1c00a2c8
18334536ns          302940 1c00a2c8 31f52563 p.beqimm         x10, 778            x10:00000000
18334556ns          302941 1c00a2cc 001d8d93 addi             x27, x27, 1         x27=00000003 x27:00000002
18334576ns          302942 1c00a2ce 00044503 lbu              x10, 0(x8)          x10=00000072  x8:1c0000a3  PA:1c0000a3
18334874ns          302957 1c00a2d2 00140413 addi             x8, x8, 1            x8=1c0000a4  x8:1c0000a3
18334894ns          302958 1c00a2d4 fe0514e3 bne              x10, x0, -24        x10:00000072
18334954ns          302961 1c00a2bc 02500793 addi             x15, x0, 37         x15=00000025
18334974ns          302962 1c00a2c0 04f50863 beq              x10, x15, 80        x10:00000072 x15:00000025
18334994ns          302963 1c00a2c4 01a005b3 add              x11, x0, x26        x11=00000002 x26:00000002
18335013ns          302964 1c00a2c6 000b00e7 jalr             x1, x22, 0           x1=1c00a2c8 x22:1c00a1fa
18335053ns          302966 1c00a1fa 000026b7 lui              x13, 0x2000         x13=00002000
18335073ns          302967 1c00a1fc f14027f3 csrrs            x15, x0, 0xf14      x15=00000000
18335093ns          302968 1c00a200 f8068693 addi             x13, x13, -128      x13=00001f80 x13:00002000
18335113ns          302969 1c00a204 00379713 slli             x14, x15, 0x3       x14=00000000 x15:00000000
18335133ns          302970 1c00a208 00279793 slli             x15, x15, 0x2       x15=00000000 x15:00000000
18335153ns          302971 1c00a20a 00d7f7b3 and              x15, x15, x13       x15=00000000 x15:00000000 x13:00001f80
18335173ns          302972 1c00a20c ee873733 p.bclr           x14, x14, 23, 8     x14=00000000 x14:00000000
18335192ns          302973 1c00a210 1a10f6b7 lui              x13, 0x1a10f000     x13=1a10f000
18335212ns          302974 1c00a214 0ff57513 andi             x10, x10, 255       x10=00000072 x10:00000072
18335232ns          302975 1c00a218 00d70733 add              x14, x14, x13       x14=1a10f000 x14:00000000 x13:1a10f000
18335252ns          302976 1c00a21a 00a7e723 p.sw             x10, x0(x15)        x10:00000072 x15:00000000  PA:1a10f000
18335570ns          302992 1c00a21e 00000513 addi             x10, x0, 0          x10=00000000
18335590ns          302993 1c00a220 00008067 jalr             x0, x1, 0            x1:1c00a2c8
18335630ns          302995 1c00a2c8 31f52563 p.beqimm         x10, 778            x10:00000000
18335650ns          302996 1c00a2cc 001d8d93 addi             x27, x27, 1         x27=00000004 x27:00000003
18335670ns          302997 1c00a2ce 00044503 lbu              x10, 0(x8)          x10=00000074  x8:1c0000a4  PA:1c0000a4
18335988ns          303013 1c00a2d2 00140413 addi             x8, x8, 1            x8=1c0000a5  x8:1c0000a4
18336008ns          303014 1c00a2d4 fe0514e3 bne              x10, x0, -24        x10:00000074
18336068ns          303017 1c00a2bc 02500793 addi             x15, x0, 37         x15=00000025
18336088ns          303018 1c00a2c0 04f50863 beq              x10, x15, 80        x10:00000074 x15:00000025
18336107ns          303019 1c00a2c4 01a005b3 add              x11, x0, x26        x11=00000002 x26:00000002
18336127ns          303020 1c00a2c6 000b00e7 jalr             x1, x22, 0           x1=1c00a2c8 x22:1c00a1fa
18336167ns          303022 1c00a1fa 000026b7 lui              x13, 0x2000         x13=00002000
18336187ns          303023 1c00a1fc f14027f3 csrrs            x15, x0, 0xf14      x15=00000000
18336207ns          303024 1c00a200 f8068693 addi             x13, x13, -128      x13=00001f80 x13:00002000
18336227ns          303025 1c00a204 00379713 slli             x14, x15, 0x3       x14=00000000 x15:00000000
18336247ns          303026 1c00a208 00279793 slli             x15, x15, 0x2       x15=00000000 x15:00000000
18336267ns          303027 1c00a20a 00d7f7b3 and              x15, x15, x13       x15=00000000 x15:00000000 x13:00001f80
18336286ns          303028 1c00a20c ee873733 p.bclr           x14, x14, 23, 8     x14=00000000 x14:00000000
18336306ns          303029 1c00a210 1a10f6b7 lui              x13, 0x1a10f000     x13=1a10f000
18336326ns          303030 1c00a214 0ff57513 andi             x10, x10, 255       x10=00000074 x10:00000074
18336346ns          303031 1c00a218 00d70733 add              x14, x14, x13       x14=1a10f000 x14:00000000 x13:1a10f000
18336366ns          303032 1c00a21a 00a7e723 p.sw             x10, x0(x15)        x10:00000074 x15:00000000  PA:1a10f000
18336684ns          303048 1c00a21e 00000513 addi             x10, x0, 0          x10=00000000
18336704ns          303049 1c00a220 00008067 jalr             x0, x1, 0            x1:1c00a2c8
18336744ns          303051 1c00a2c8 31f52563 p.beqimm         x10, 778            x10:00000000
18336764ns          303052 1c00a2cc 001d8d93 addi             x27, x27, 1         x27=00000005 x27:00000004
18336784ns          303053 1c00a2ce 00044503 lbu              x10, 0(x8)          x10=00000069  x8:1c0000a5  PA:1c0000a5
18337082ns          303068 1c00a2d2 00140413 addi             x8, x8, 1            x8=1c0000a6  x8:1c0000a5
18337102ns          303069 1c00a2d4 fe0514e3 bne              x10, x0, -24        x10:00000069
18337162ns          303072 1c00a2bc 02500793 addi             x15, x0, 37         x15=00000025
18337182ns          303073 1c00a2c0 04f50863 beq              x10, x15, 80        x10:00000069 x15:00000025
18337201ns          303074 1c00a2c4 01a005b3 add              x11, x0, x26        x11=00000002 x26:00000002
18337221ns          303075 1c00a2c6 000b00e7 jalr             x1, x22, 0           x1=1c00a2c8 x22:1c00a1fa
18337261ns          303077 1c00a1fa 000026b7 lui              x13, 0x2000         x13=00002000
18337281ns          303078 1c00a1fc f14027f3 csrrs            x15, x0, 0xf14      x15=00000000
18337301ns          303079 1c00a200 f8068693 addi             x13, x13, -128      x13=00001f80 x13:00002000
18337321ns          303080 1c00a204 00379713 slli             x14, x15, 0x3       x14=00000000 x15:00000000
18337341ns          303081 1c00a208 00279793 slli             x15, x15, 0x2       x15=00000000 x15:00000000
18337361ns          303082 1c00a20a 00d7f7b3 and              x15, x15, x13       x15=00000000 x15:00000000 x13:00001f80
18337380ns          303083 1c00a20c ee873733 p.bclr           x14, x14, 23, 8     x14=00000000 x14:00000000
18337400ns          303084 1c00a210 1a10f6b7 lui              x13, 0x1a10f000     x13=1a10f000
18337420ns          303085 1c00a214 0ff57513 andi             x10, x10, 255       x10=00000069 x10:00000069
18337440ns          303086 1c00a218 00d70733 add              x14, x14, x13       x14=1a10f000 x14:00000000 x13:1a10f000
18337460ns          303087 1c00a21a 00a7e723 p.sw             x10, x0(x15)        x10:00000069 x15:00000000  PA:1a10f000
18337778ns          303103 1c00a21e 00000513 addi             x10, x0, 0          x10=00000000
18337798ns          303104 1c00a220 00008067 jalr             x0, x1, 0            x1:1c00a2c8
18337838ns          303106 1c00a2c8 31f52563 p.beqimm         x10, 778            x10:00000000
18337858ns          303107 1c00a2cc 001d8d93 addi             x27, x27, 1         x27=00000006 x27:00000005
18337878ns          303108 1c00a2ce 00044503 lbu              x10, 0(x8)          x10=0000006e  x8:1c0000a6  PA:1c0000a6
18338196ns          303124 1c00a2d2 00140413 addi             x8, x8, 1            x8=1c0000a7  x8:1c0000a6
18338216ns          303125 1c00a2d4 fe0514e3 bne              x10, x0, -24        x10:0000006e
18338275ns          303128 1c00a2bc 02500793 addi             x15, x0, 37         x15=00000025
18338295ns          303129 1c00a2c0 04f50863 beq              x10, x15, 80        x10:0000006e x15:00000025
18338315ns          303130 1c00a2c4 01a005b3 add              x11, x0, x26        x11=00000002 x26:00000002
18338335ns          303131 1c00a2c6 000b00e7 jalr             x1, x22, 0           x1=1c00a2c8 x22:1c00a1fa
18338375ns          303133 1c00a1fa 000026b7 lui              x13, 0x2000         x13=00002000
18338395ns          303134 1c00a1fc f14027f3 csrrs            x15, x0, 0xf14      x15=00000000
18338415ns          303135 1c00a200 f8068693 addi             x13, x13, -128      x13=00001f80 x13:00002000
18338435ns          303136 1c00a204 00379713 slli             x14, x15, 0x3       x14=00000000 x15:00000000
18338455ns          303137 1c00a208 00279793 slli             x15, x15, 0x2       x15=00000000 x15:00000000
18338474ns          303138 1c00a20a 00d7f7b3 and              x15, x15, x13       x15=00000000 x15:00000000 x13:00001f80
18338494ns          303139 1c00a20c ee873733 p.bclr           x14, x14, 23, 8     x14=00000000 x14:00000000
18338514ns          303140 1c00a210 1a10f6b7 lui              x13, 0x1a10f000     x13=1a10f000
18338534ns          303141 1c00a214 0ff57513 andi             x10, x10, 255       x10=0000006e x10:0000006e
18338554ns          303142 1c00a218 00d70733 add              x14, x14, x13       x14=1a10f000 x14:00000000 x13:1a10f000
18338574ns          303143 1c00a21a 00a7e723 p.sw             x10, x0(x15)        x10:0000006e x15:00000000  PA:1a10f000
18338892ns          303159 1c00a21e 00000513 addi             x10, x0, 0          x10=00000000
18338912ns          303160 1c00a220 00008067 jalr             x0, x1, 0            x1:1c00a2c8
18338952ns          303162 1c00a2c8 31f52563 p.beqimm         x10, 778            x10:00000000
18338972ns          303163 1c00a2cc 001d8d93 addi             x27, x27, 1         x27=00000007 x27:00000006
18338992ns          303164 1c00a2ce 00044503 lbu              x10, 0(x8)          x10=00000067  x8:1c0000a7  PA:1c0000a7
18339310ns          303180 1c00a2d2 00140413 addi             x8, x8, 1            x8=1c0000a8  x8:1c0000a7
18339330ns          303181 1c00a2d4 fe0514e3 bne              x10, x0, -24        x10:00000067
18339389ns          303184 1c00a2bc 02500793 addi             x15, x0, 37         x15=00000025
18339409ns          303185 1c00a2c0 04f50863 beq              x10, x15, 80        x10:00000067 x15:00000025
18339429ns          303186 1c00a2c4 01a005b3 add              x11, x0, x26        x11=00000002 x26:00000002
18339449ns          303187 1c00a2c6 000b00e7 jalr             x1, x22, 0           x1=1c00a2c8 x22:1c00a1fa
18339489ns          303189 1c00a1fa 000026b7 lui              x13, 0x2000         x13=00002000
18339509ns          303190 1c00a1fc f14027f3 csrrs            x15, x0, 0xf14      x15=00000000
18339529ns          303191 1c00a200 f8068693 addi             x13, x13, -128      x13=00001f80 x13:00002000
18339549ns          303192 1c00a204 00379713 slli             x14, x15, 0x3       x14=00000000 x15:00000000
18339568ns          303193 1c00a208 00279793 slli             x15, x15, 0x2       x15=00000000 x15:00000000
18339588ns          303194 1c00a20a 00d7f7b3 and              x15, x15, x13       x15=00000000 x15:00000000 x13:00001f80
18339608ns          303195 1c00a20c ee873733 p.bclr           x14, x14, 23, 8     x14=00000000 x14:00000000
18339628ns          303196 1c00a210 1a10f6b7 lui              x13, 0x1a10f000     x13=1a10f000
18339648ns          303197 1c00a214 0ff57513 andi             x10, x10, 255       x10=00000067 x10:00000067
18339668ns          303198 1c00a218 00d70733 add              x14, x14, x13       x14=1a10f000 x14:00000000 x13:1a10f000
18339688ns          303199 1c00a21a 00a7e723 p.sw             x10, x0(x15)        x10:00000067 x15:00000000  PA:1a10f000
18340006ns          303215 1c00a21e 00000513 addi             x10, x0, 0          x10=00000000
18340026ns          303216 1c00a220 00008067 jalr             x0, x1, 0            x1:1c00a2c8
18340066ns          303218 1c00a2c8 31f52563 p.beqimm         x10, 778            x10:00000000
18340086ns          303219 1c00a2cc 001d8d93 addi             x27, x27, 1         x27=00000008 x27:00000007
18340105ns          303220 1c00a2ce 00044503 lbu              x10, 0(x8)          x10=00000020  x8:1c0000a8  PA:1c0000a8
18340424ns          303236 1c00a2d2 00140413 addi             x8, x8, 1            x8=1c0000a9  x8:1c0000a8
18340444ns          303237 1c00a2d4 fe0514e3 bne              x10, x0, -24        x10:00000020
18340503ns          303240 1c00a2bc 02500793 addi             x15, x0, 37         x15=00000025
18340523ns          303241 1c00a2c0 04f50863 beq              x10, x15, 80        x10:00000020 x15:00000025
18340543ns          303242 1c00a2c4 01a005b3 add              x11, x0, x26        x11=00000002 x26:00000002
18340563ns          303243 1c00a2c6 000b00e7 jalr             x1, x22, 0           x1=1c00a2c8 x22:1c00a1fa
18340603ns          303245 1c00a1fa 000026b7 lui              x13, 0x2000         x13=00002000
18340623ns          303246 1c00a1fc f14027f3 csrrs            x15, x0, 0xf14      x15=00000000
18340642ns          303247 1c00a200 f8068693 addi             x13, x13, -128      x13=00001f80 x13:00002000
18340662ns          303248 1c00a204 00379713 slli             x14, x15, 0x3       x14=00000000 x15:00000000
18340682ns          303249 1c00a208 00279793 slli             x15, x15, 0x2       x15=00000000 x15:00000000
18340702ns          303250 1c00a20a 00d7f7b3 and              x15, x15, x13       x15=00000000 x15:00000000 x13:00001f80
18340722ns          303251 1c00a20c ee873733 p.bclr           x14, x14, 23, 8     x14=00000000 x14:00000000
18340742ns          303252 1c00a210 1a10f6b7 lui              x13, 0x1a10f000     x13=1a10f000
18340762ns          303253 1c00a214 0ff57513 andi             x10, x10, 255       x10=00000020 x10:00000020
18340782ns          303254 1c00a218 00d70733 add              x14, x14, x13       x14=1a10f000 x14:00000000 x13:1a10f000
18340802ns          303255 1c00a21a 00a7e723 p.sw             x10, x0(x15)        x10:00000020 x15:00000000  PA:1a10f000
18341120ns          303271 1c00a21e 00000513 addi             x10, x0, 0          x10=00000000
18341140ns          303272 1c00a220 00008067 jalr             x0, x1, 0            x1:1c00a2c8
18341180ns          303274 1c00a2c8 31f52563 p.beqimm         x10, 778            x10:00000000
18341199ns          303275 1c00a2cc 001d8d93 addi             x27, x27, 1         x27=00000009 x27:00000008
18341219ns          303276 1c00a2ce 00044503 lbu              x10, 0(x8)          x10=00000025  x8:1c0000a9  PA:1c0000a9
18341538ns          303292 1c00a2d2 00140413 addi             x8, x8, 1            x8=1c0000aa  x8:1c0000a9
18341557ns          303293 1c00a2d4 fe0514e3 bne              x10, x0, -24        x10:00000025
18341617ns          303296 1c00a2bc 02500793 addi             x15, x0, 37         x15=00000025
18341637ns          303297 1c00a2c0 04f50863 beq              x10, x15, 80        x10:00000025 x15:00000025
18342114ns          303321 1c00a310 00044483 lbu              x9, 0(x8)            x9=00000073  x8:1c0000aa  PA:1c0000aa
18342433ns          303337 1c00a314 02000693 addi             x13, x0, 32         x13=00000020
18342453ns          303338 1c00a318 00140a93 addi             x21, x8, 1          x21=1c0000ab  x8:1c0000aa
18342472ns          303339 1c00a31c 009005b3 add              x11, x0, x9         x11=00000073  x9:00000073
18342651ns          303348 1c00a31e 0e8b8513 addi             x10, x23, 232       x10=1c0000e8 x23:1c000000
18342671ns          303349 1c00a322 00d12823 sw               x13, 16(x2)         x13:00000020  x2:10000678  PA:10000688
18342691ns          303350 1c00a324 00012c23 sw               x0, 24(x2)           x2:10000678  PA:10000690
18342711ns          303351 1c00a326 00012a23 sw               x0, 20(x2)           x2:10000678  PA:1000068c
18342731ns          303352 1c00a328 00012e23 sw               x0, 28(x2)           x2:10000678  PA:10000694
18342751ns          303353 1c00a32a 00012623 sw               x0, 12(x2)           x2:10000678  PA:10000684
18342771ns          303354 1c00a32c 02300913 addi             x18, x0, 35         x18=00000023
18343169ns          303374 1c00a330 02d00a13 addi             x20, x0, 45         x20=0000002d
18343208ns          303376 1c00a334 015009b3 add              x19, x0, x21        x19=1c0000ab x21:1c0000ab
18343228ns          303377 1c00a336 e45ff0ef jal              x1, -444             x1=1c00a338
18343726ns          303402 1c00a17a 00054783 lbu              x15, 0(x10)         x15=0000002d x10:1c0000e8  PA:1c0000e8
18344183ns          303425 1c00a17e 0ff5f593 andi             x11, x11, 255       x11=00000073 x11:00000073
18344203ns          303426 1c00a182 00b78c63 beq              x15, x11, 24        x15:0000002d x11:00000073
18344223ns          303427 1c00a186 00078b63 beq              x15, x0, 22         x15:0000002d
18344243ns          303428 1c00a188 00150793 addi             x15, x10, 1         x15=1c0000e9 x10:1c0000e8
18344263ns          303429 1c00a18c 0040006f jal              x0, 4              
18344720ns          303452 1c00a190 00f00533 add              x10, x0, x15        x10=1c0000e9 x15:1c0000e9
18344740ns          303453 1c00a192 0017c70b p.lbu            x14, 1(x15!)        x14=0000002b x15=1c0000ea x15:1c0000e9  PA:1c0000e9
18345058ns          303469 1c00a196 feb71ce3 bne              x14, x11, -8        x14:0000002b x11:00000073
18345277ns          303480 1c00a18e 00070763 beq              x14, x0, 14         x14:0000002b
18345297ns          303481 1c00a190 00f00533 add              x10, x0, x15        x10=1c0000ea x15:1c0000ea
18345317ns          303482 1c00a192 0017c70b p.lbu            x14, 1(x15!)        x14=00000020 x15=1c0000eb x15:1c0000ea  PA:1c0000ea
18345635ns          303498 1c00a196 feb71ce3 bne              x14, x11, -8        x14:00000020 x11:00000073
18345695ns          303501 1c00a18e 00070763 beq              x14, x0, 14         x14:00000020
18345715ns          303502 1c00a190 00f00533 add              x10, x0, x15        x10=1c0000eb x15:1c0000eb
18345735ns          303503 1c00a192 0017c70b p.lbu            x14, 1(x15!)        x14=00000023 x15=1c0000ec x15:1c0000eb  PA:1c0000eb
18346073ns          303520 1c00a196 feb71ce3 bne              x14, x11, -8        x14:00000023 x11:00000073
18346132ns          303523 1c00a18e 00070763 beq              x14, x0, 14         x14:00000023
18346152ns          303524 1c00a190 00f00533 add              x10, x0, x15        x10=1c0000ec x15:1c0000ec
18346172ns          303525 1c00a192 0017c70b p.lbu            x14, 1(x15!)        x14=00000030 x15=1c0000ed x15:1c0000ec  PA:1c0000ec
18346510ns          303542 1c00a196 feb71ce3 bne              x14, x11, -8        x14:00000030 x11:00000073
18346570ns          303545 1c00a18e 00070763 beq              x14, x0, 14         x14:00000030
18346590ns          303546 1c00a190 00f00533 add              x10, x0, x15        x10=1c0000ed x15:1c0000ed
18346610ns          303547 1c00a192 0017c70b p.lbu            x14, 1(x15!)        x14=00000000 x15=1c0000ee x15:1c0000ed  PA:1c0000ed
18346928ns          303563 1c00a196 feb71ce3 bne              x14, x11, -8        x14:00000000 x11:00000073
18346988ns          303566 1c00a18e 00070763 beq              x14, x0, 14         x14:00000000
18347047ns          303569 1c00a19c 0015b593 sltiu            x11, x11, 1         x11=00000000 x11:00000073
18347067ns          303570 1c00a1a0 40b005b3 sub              x11, x0, x11        x11=00000000 x11:00000000
18347087ns          303571 1c00a1a4 00b57533 and              x10, x10, x11       x10=00000000 x10:1c0000ed x11:00000000
18347107ns          303572 1c00a1a6 00008067 jalr             x0, x1, 0            x1:1c00a338
18347147ns          303574 1c00a338 02050a63 beq              x10, x0, 52         x10:00000000
18348082ns          303621 1c00a36c 02a00613 addi             x12, x0, 42         x12=0000002a
18348539ns          303644 1c00a370 2ac48663 beq              x9, x12, 684         x9:00000073 x12:0000002a
18348579ns          303646 1c00a374 fd048613 addi             x12, x9, -48        x12=00000043  x9:00000073
18348599ns          303647 1c00a378 00900593 addi             x11, x0, 9          x11=00000009
18348619ns          303648 1c00a37a 00000913 addi             x18, x0, 0          x18=00000000
18348639ns          303649 1c00a37c 28c5f063 bgeu             x11, x12, 640       x11:00000009 x12:00000043
18349056ns          303670 1c00a380 02e00693 addi             x13, x0, 46         x13=0000002e
18349096ns          303672 1c00a384 fff00a13 addi             x20, x0, -1         x20=ffffffff
18349116ns          303673 1c00a386 2ed48363 beq              x9, x13, 742         x9:00000073 x13:0000002e
18349136ns          303674 1c00a38a 1c0007b7 lui              x15, 0x1c000000     x15=1c000000
18349156ns          303675 1c00a38e 009005b3 add              x11, x0, x9         x11=00000073  x9:00000073
18349573ns          303696 1c00a390 0f078513 addi             x10, x15, 240       x10=1c0000f0 x15:1c000000
18349613ns          303698 1c00a394 de7ff0ef jal              x1, -538             x1=1c00a396
18349733ns          303704 1c00a17a 00054783 lbu              x15, 0(x10)         x15=00000068 x10:1c0000f0  PA:1c0000f0
18350031ns          303719 1c00a17e 0ff5f593 andi             x11, x11, 255       x11=00000073 x11:00000073
18350051ns          303720 1c00a182 00b78c63 beq              x15, x11, 24        x15:00000068 x11:00000073
18350071ns          303721 1c00a186 00078b63 beq              x15, x0, 22         x15:00000068
18350091ns          303722 1c00a188 00150793 addi             x15, x10, 1         x15=1c0000f1 x10:1c0000f0
18350110ns          303723 1c00a18c 0040006f jal              x0, 4              
18350150ns          303725 1c00a190 00f00533 add              x10, x0, x15        x10=1c0000f1 x15:1c0000f1
18350170ns          303726 1c00a192 0017c70b p.lbu            x14, 1(x15!)        x14=0000006c x15=1c0000f2 x15:1c0000f1  PA:1c0000f1
18350508ns          303743 1c00a196 feb71ce3 bne              x14, x11, -8        x14:0000006c x11:00000073
18350568ns          303746 1c00a18e 00070763 beq              x14, x0, 14         x14:0000006c
18350588ns          303747 1c00a190 00f00533 add              x10, x0, x15        x10=1c0000f2 x15:1c0000f2
18350608ns          303748 1c00a192 0017c70b p.lbu            x14, 1(x15!)        x14=0000004c x15=1c0000f3 x15:1c0000f2  PA:1c0000f2
18350926ns          303764 1c00a196 feb71ce3 bne              x14, x11, -8        x14:0000004c x11:00000073
18350986ns          303767 1c00a18e 00070763 beq              x14, x0, 14         x14:0000004c
18351006ns          303768 1c00a190 00f00533 add              x10, x0, x15        x10=1c0000f3 x15:1c0000f3
18351025ns          303769 1c00a192 0017c70b p.lbu            x14, 1(x15!)        x14=0000007a x15=1c0000f4 x15:1c0000f3  PA:1c0000f3
18351364ns          303786 1c00a196 feb71ce3 bne              x14, x11, -8        x14:0000007a x11:00000073
18351423ns          303789 1c00a18e 00070763 beq              x14, x0, 14         x14:0000007a
18351443ns          303790 1c00a190 00f00533 add              x10, x0, x15        x10=1c0000f4 x15:1c0000f4
18351463ns          303791 1c00a192 0017c70b p.lbu            x14, 1(x15!)        x14=00000000 x15=1c0000f5 x15:1c0000f4  PA:1c0000f4
18351781ns          303807 1c00a196 feb71ce3 bne              x14, x11, -8        x14:00000000 x11:00000073
18351841ns          303810 1c00a18e 00070763 beq              x14, x0, 14         x14:00000000
18351901ns          303813 1c00a19c 0015b593 sltiu            x11, x11, 1         x11=00000000 x11:00000073
18351921ns          303814 1c00a1a0 40b005b3 sub              x11, x0, x11        x11=00000000 x11:00000000
18351940ns          303815 1c00a1a4 00b57533 and              x10, x10, x11       x10=00000000 x10:1c0000f4 x11:00000000
18351960ns          303816 1c00a1a6 00008067 jalr             x0, x1, 0            x1:1c00a396
18352000ns          303818 1c00a396 01300433 add              x8, x0, x19          x8=1c0000ab x19:1c0000ab
18352020ns          303819 1c00a398 00050563 beq              x10, x0, 10         x10:00000000
18352537ns          303845 1c00a3a2 06700693 addi             x13, x0, 103        x13=00000067
18352557ns          303846 1c00a3a6 2896d963 bge              x13, x9, 658        x13:00000067  x9:00000073
18352577ns          303847 1c00a3aa 07000693 addi             x13, x0, 112        x13=00000070
18353015ns          303869 1c00a3ae 7cd48763 beq              x9, x13, 1998        x9:00000073 x13:00000070
18353054ns          303871 1c00a3b2 2e96d163 bge              x13, x9, 738        x13:00000070  x9:00000073
18353074ns          303872 1c00a3b6 07500693 addi             x13, x0, 117        x13=00000075
18353094ns          303873 1c00a3ba 12d484e3 beq              x9, x13, 2344        x9:00000073 x13:00000075
18353532ns          303895 1c00a3be 07800693 addi             x13, x0, 120        x13=00000078
18353571ns          303897 1c00a3c2 06d48663 beq              x9, x13, 108         x9:00000073 x13:00000078
18353591ns          303898 1c00a3c6 07300693 addi             x13, x0, 115        x13=00000073
18353611ns          303899 1c00a3ca 18d49ae3 bne              x9, x13, 2452        x9:00000073 x13:00000073
18354049ns          303921 1c00a3ce 000c2583 lw               x11, 0(x24)         x11=1c00007c x24:100007cc  PA:100007cc
18354089ns          303923 1c00a3d2 004c0993 addi             x19, x24, 4         x19=100007d0 x24:100007cc
18354109ns          303924 1c00a3d6 00b006b3 add              x13, x0, x11        x13=1c00007c x11:1c00007c
18354128ns          303925 1c00a3d8 00000493 addi             x9, x0, 0            x9=00000000
18354148ns          303926 1c00a3da 0c8350fb lp.setupi        0x1, 0xc8, 0x6     
18354586ns          303948 1c00a3de 0016c70b p.lbu            x14, 1(x13!)        x14=00000074 x13=1c00007d x13:1c00007c  PA:1c00007c
18354904ns          303964 1c00a3e2 180705e3 beq              x14, x0, 2442       x14:00000074
18354924ns          303965 1c00a3e6 00148493 addi             x9, x9, 1            x9=00000001  x9:00000000
18354964ns          303967 1c00a3de 0016c70b p.lbu            x14, 1(x13!)        x14=00000065 x13=1c00007e x13:1c00007d  PA:1c00007d
18355282ns          303983 1c00a3e2 180705e3 beq              x14, x0, 2442       x14:00000065
18355302ns          303984 1c00a3e6 00148493 addi             x9, x9, 1            x9=00000002  x9:00000001
18355322ns          303985 1c00a3de 0016c70b p.lbu            x14, 1(x13!)        x14=00000073 x13=1c00007f x13:1c00007e  PA:1c00007e
18355660ns          304002 1c00a3e2 180705e3 beq              x14, x0, 2442       x14:00000073
18355680ns          304003 1c00a3e6 00148493 addi             x9, x9, 1            x9=00000003  x9:00000002
18355700ns          304004 1c00a3de 0016c70b p.lbu            x14, 1(x13!)        x14=00000074 x13=1c000080 x13:1c00007f  PA:1c00007f
18356018ns          304020 1c00a3e2 180705e3 beq              x14, x0, 2442       x14:00000074
18356038ns          304021 1c00a3e6 00148493 addi             x9, x9, 1            x9=00000004  x9:00000003
18356058ns          304022 1c00a3de 0016c70b p.lbu            x14, 1(x13!)        x14=0000004d x13=1c000081 x13:1c000080  PA:1c000080
18356376ns          304038 1c00a3e2 180705e3 beq              x14, x0, 2442       x14:0000004d
18356396ns          304039 1c00a3e6 00148493 addi             x9, x9, 1            x9=00000005  x9:00000004
18356416ns          304040 1c00a3de 0016c70b p.lbu            x14, 1(x13!)        x14=00000041 x13=1c000082 x13:1c000081  PA:1c000081
18356734ns          304056 1c00a3e2 180705e3 beq              x14, x0, 2442       x14:00000041
18356754ns          304057 1c00a3e6 00148493 addi             x9, x9, 1            x9=00000006  x9:00000005
18356774ns          304058 1c00a3de 0016c70b p.lbu            x14, 1(x13!)        x14=00000043 x13=1c000083 x13:1c000082  PA:1c000082
18357092ns          304074 1c00a3e2 180705e3 beq              x14, x0, 2442       x14:00000043
18357112ns          304075 1c00a3e6 00148493 addi             x9, x9, 1            x9=00000007  x9:00000006
18357132ns          304076 1c00a3de 0016c70b p.lbu            x14, 1(x13!)        x14=00000033 x13=1c000084 x13:1c000083  PA:1c000083
18357450ns          304092 1c00a3e2 180705e3 beq              x14, x0, 2442       x14:00000033
18357470ns          304093 1c00a3e6 00148493 addi             x9, x9, 1            x9=00000008  x9:00000007
18357490ns          304094 1c00a3de 0016c70b p.lbu            x14, 1(x13!)        x14=0000002e x13=1c000085 x13:1c000084  PA:1c000084
18357808ns          304110 1c00a3e2 180705e3 beq              x14, x0, 2442       x14:0000002e
18357828ns          304111 1c00a3e6 00148493 addi             x9, x9, 1            x9=00000009  x9:00000008
18357848ns          304112 1c00a3de 0016c70b p.lbu            x14, 1(x13!)        x14=00000063 x13=1c000086 x13:1c000085  PA:1c000085
18358186ns          304129 1c00a3e2 180705e3 beq              x14, x0, 2442       x14:00000063
18358206ns          304130 1c00a3e6 00148493 addi             x9, x9, 1            x9=0000000a  x9:00000009
18358226ns          304131 1c00a3de 0016c70b p.lbu            x14, 1(x13!)        x14=00000000 x13=1c000087 x13:1c000086  PA:1c000086
18358564ns          304148 1c00a3e2 180705e3 beq              x14, x0, 2442       x14:00000000
18359041ns          304172 1c00ad6c e80a5063 bge              x20, x0, -2432      x20:ffffffff
18359499ns          304195 1c00ad70 e80ff06f jal              x0, -2432          
18359976ns          304219 1c00a3f0 01300c33 add              x24, x0, x19        x24=100007d0 x19:100007d0
18360016ns          304221 1c00a3f2 ec0481e3 beq              x9, x0, -318         x9:0000000a
18360036ns          304222 1c00a3f6 00900633 add              x12, x0, x9         x12=0000000a  x9:0000000a
18360056ns          304223 1c00a3f8 01900533 add              x10, x0, x25        x10=1000069c x25:1000069c
18360076ns          304224 1c00a3fa a0dff0ef jal              x1, -1524            x1=1c00a3fc
18360991ns          304270 1c009e06 00a5e7b3 or               x15, x11, x10       x15=1c0006fc x11:1c00007c x10:1000069c
18361011ns          304271 1c009e0a fa27b7b3 p.bclr           x15, x15, 29, 2     x15=00000000 x15:1c0006fc
18361031ns          304272 1c009e0e 00a00833 add              x16, x0, x10        x16=1000069c x10:1000069c
18361448ns          304293 1c009e10 10078163 beq              x15, x0, 258        x15:00000000
18361965ns          304319 1c009f12 fa2637b3 p.bclr           x15, x12, 29, 2     x15=00000002 x12:0000000a
18361985ns          304320 1c009f16 f00791e3 bne              x15, x0, -254       x15:00000002
18362483ns          304345 1c009e18 00458793 addi             x15, x11, 4         x15=1c000080 x11:1c00007c
18362502ns          304346 1c009e1c 00450693 addi             x13, x10, 4         x13=100006a0 x10:1000069c
18362940ns          304368 1c009e20 04a7b7b3 p.sletu          x15, x15, x10       x15=00000000 x15:1c000080 x10:1000069c
18362980ns          304370 1c009e24 04b6b6b3 p.sletu          x13, x13, x11       x13=00000001 x13:100006a0 x11:1c00007c
18363000ns          304371 1c009e28 00f00733 add              x14, x0, x15        x14=00000000 x15:00000000
18363020ns          304372 1c009e2a 00d007b3 add              x15, x0, x13        x15=00000001 x13:00000001
18363039ns          304373 1c009e2c 00e7e7b3 or               x15, x15, x14       x15=00000001 x15:00000001 x14:00000000
18363457ns          304394 1c009e2e 0ff7f793 andi             x15, x15, 255       x15=00000001 x15:00000001
18363477ns          304395 1c009e32 0c078963 beq              x15, x0, 210        x15:00000001
18363497ns          304396 1c009e34 00863793 sltiu            x15, x12, 8         x15=00000000 x12:0000000a
18363517ns          304397 1c009e38 0017c793 xori             x15, x15, 1         x15=00000001 x15:00000000
18363537ns          304398 1c009e3c 0ff7f793 andi             x15, x15, 255       x15=00000001 x15:00000001
18363994ns          304421 1c009e40 0c078263 beq              x15, x0, 196        x15:00000001
18364034ns          304423 1c009e42 40b007b3 sub              x15, x0, x11        x15=e3ffff84 x11:1c00007c
18364054ns          304424 1c009e46 fa27b7b3 p.bclr           x15, x15, 29, 2     x15=00000000 x15:e3ffff84
18364074ns          304425 1c009e4a fff60313 addi             x6, x12, -1          x6=00000009 x12:0000000a
18364094ns          304426 1c009e4e 0e078163 beq              x15, x0, 226        x15:00000000
18364969ns          304470 1c009f30 00b008b3 add              x17, x0, x11        x17=1c00007c x11:1c00007c
18364989ns          304471 1c009f32 00a00833 add              x16, x0, x10        x16=1000069c x10:1000069c
18365009ns          304472 1c009f34 00c00333 add              x6, x0, x12          x6=0000000a x12:0000000a
18365029ns          304473 1c009f36 f5bff06f jal              x0, -166           
18365486ns          304496 1c009e90 40f60633 sub              x12, x12, x15       x12=0000000a x12:0000000a x15:00000000
18365526ns          304498 1c009e92 00265713 srli             x14, x12, 0x2       x14=00000002 x12:0000000a
18365546ns          304499 1c009e96 00f506b3 add              x13, x10, x15       x13=1000069c x10:1000069c x15:00000000
18365566ns          304500 1c009e9a 00f585b3 add              x11, x11, x15       x11=1c00007c x11:1c00007c x15:00000000
18365586ns          304501 1c009e9c 08070f63 beq              x14, x0, 158        x14:00000002
18366003ns          304522 1c009e9e 004740fb lp.setup         0x1, x14, 0x4       x14:00000002
18366043ns          304524 1c009ea2 0045a78b p.lw             x15, 4(x11!)        x15=74736574 x11=1c000080 x11:1c00007c  PA:1c00007c
18366381ns          304541 1c009ea6 00f6a22b p.sw             x15, 4(x13!)        x13=100006a0 x15:74736574 x13:1000069c  PA:1000069c
18366401ns          304542 1c009ea2 0045a78b p.lw             x15, 4(x11!)        x15=3343414d x11=1c000084 x11:1c000080  PA:1c000080
18366719ns          304558 1c009ea6 00f6a22b p.sw             x15, 4(x13!)        x13=100006a4 x15:3343414d x13:100006a0  PA:100006a0
18366739ns          304559 1c009eaa c20635b3 p.bclr           x11, x12, 1, 0      x11=00000008 x12:0000000a
18366878ns          304566 1c009eae 40b306b3 sub              x13, x6, x11        x13=00000002  x6:0000000a x11:00000008
18366918ns          304568 1c009eb2 00b807b3 add              x15, x16, x11       x15=100006a4 x16:1000069c x11:00000008
18366938ns          304569 1c009eb6 00b88733 add              x14, x17, x11       x14=1c000084 x17:1c00007c x11:00000008
18366958ns          304570 1c009eba 04b60b63 beq              x12, x11, 86        x12:0000000a x11:00000008
18367396ns          304592 1c009ebe 00074603 lbu              x12, 0(x14)         x12=0000002e x14:1c000084  PA:1c000084
18367734ns          304609 1c009ec2 00c78023 sb               x12, 0(x15)         x12:0000002e x15:100006a4  PA:100006a4
18367754ns          304610 1c009ec6 0416a563 p.beqimm         x13, 74             x13:00000002
18367773ns          304611 1c009eca 00174603 lbu              x12, 1(x14)         x12=00000063 x14:1c000084  PA:1c000085
18368231ns          304634 1c009ece 00c780a3 sb               x12, 1(x15)         x12:00000063 x15:100006a4  PA:100006a5
18368271ns          304636 1c009ed2 0226af63 p.beqimm         x13, 62             x13:00000002
18368330ns          304639 1c009f10 00008067 jalr             x0, x1, 0            x1:1c00a3fc
18368370ns          304641 1c00a3fc 01300c33 add              x24, x0, x19        x24=100007d0 x19:100007d0
18368390ns          304642 1c00a3fe 1b24db63 bge              x9, x18, 438         x9:0000000a x18:00000000
18368867ns          304666 1c00a5b4 01900933 add              x18, x0, x25        x18=1000069c x25:1000069c
18368907ns          304668 1c00a5b6 419d8db3 sub              x27, x27, x25       x27=effff96d x27:00000009 x25:1000069c
18368927ns          304669 1c00a5ba 00a0006f jal              x0, 10             
18369424ns          304694 1c00a5c4 0019450b p.lbu            x10, 1(x18!)        x10=00000074 x18=1000069d x18:1000069c  PA:1000069c
18369444ns          304695 1c00a5c8 01a005b3 add              x11, x0, x26        x11=00000002 x26:00000002
18369464ns          304696 1c00a5ca 000b00e7 jalr             x1, x22, 0           x1=1c00a5cc x22:1c00a1fa
18369942ns          304720 1c00a1fa 000026b7 lui              x13, 0x2000         x13=00002000
18369961ns          304721 1c00a1fc f14027f3 csrrs            x15, x0, 0xf14      x15=00000000
18370021ns          304724 1c00a200 f8068693 addi             x13, x13, -128      x13=00001f80 x13:00002000
18370061ns          304726 1c00a204 00379713 slli             x14, x15, 0x3       x14=00000000 x15:00000000
18370081ns          304727 1c00a208 00279793 slli             x15, x15, 0x2       x15=00000000 x15:00000000
18370101ns          304728 1c00a20a 00d7f7b3 and              x15, x15, x13       x15=00000000 x15:00000000 x13:00001f80
18370121ns          304729 1c00a20c ee873733 p.bclr           x14, x14, 23, 8     x14=00000000 x14:00000000
18370558ns          304751 1c00a210 1a10f6b7 lui              x13, 0x1a10f000     x13=1a10f000
18370598ns          304753 1c00a214 0ff57513 andi             x10, x10, 255       x10=00000074 x10:00000074
18370618ns          304754 1c00a218 00d70733 add              x14, x14, x13       x14=1a10f000 x14:00000000 x13:1a10f000
18370638ns          304755 1c00a21a 00a7e723 p.sw             x10, x0(x15)        x10:00000074 x15:00000000  PA:1a10f000
18370956ns          304771 1c00a21e 00000513 addi             x10, x0, 0          x10=00000000
18370976ns          304772 1c00a220 00008067 jalr             x0, x1, 0            x1:1c00a5cc
18371016ns          304774 1c00a5cc fff48493 addi             x9, x9, -1           x9=00000009  x9:0000000a
18371036ns          304775 1c00a5ce fff537e3 p.bneimm         x10, -18            x10:00000000
18371095ns          304778 1c00a5bc 012d8733 add              x14, x27, x18       x14=0000000a x27:effff96d x18:1000069d
18371115ns          304779 1c00a5c0 5a048b63 beq              x9, x0, 1462         x9:00000009
18371135ns          304780 1c00a5c4 0019450b p.lbu            x10, 1(x18!)        x10=00000065 x18=1000069e x18:1000069d  PA:1000069d
18371155ns          304781 1c00a5c8 01a005b3 add              x11, x0, x26        x11=00000002 x26:00000002
18371175ns          304782 1c00a5ca 000b00e7 jalr             x1, x22, 0           x1=1c00a5cc x22:1c00a1fa
18371215ns          304784 1c00a1fa 000026b7 lui              x13, 0x2000         x13=00002000
18371234ns          304785 1c00a1fc f14027f3 csrrs            x15, x0, 0xf14      x15=00000000
18371254ns          304786 1c00a200 f8068693 addi             x13, x13, -128      x13=00001f80 x13:00002000
18371274ns          304787 1c00a204 00379713 slli             x14, x15, 0x3       x14=00000000 x15:00000000
18371294ns          304788 1c00a208 00279793 slli             x15, x15, 0x2       x15=00000000 x15:00000000
18371314ns          304789 1c00a20a 00d7f7b3 and              x15, x15, x13       x15=00000000 x15:00000000 x13:00001f80
18371334ns          304790 1c00a20c ee873733 p.bclr           x14, x14, 23, 8     x14=00000000 x14:00000000
18371354ns          304791 1c00a210 1a10f6b7 lui              x13, 0x1a10f000     x13=1a10f000
18371374ns          304792 1c00a214 0ff57513 andi             x10, x10, 255       x10=00000065 x10:00000065
18371394ns          304793 1c00a218 00d70733 add              x14, x14, x13       x14=1a10f000 x14:00000000 x13:1a10f000
18371413ns          304794 1c00a21a 00a7e723 p.sw             x10, x0(x15)        x10:00000065 x15:00000000  PA:1a10f000
18371732ns          304810 1c00a21e 00000513 addi             x10, x0, 0          x10=00000000
18371752ns          304811 1c00a220 00008067 jalr             x0, x1, 0            x1:1c00a5cc
18371791ns          304813 1c00a5cc fff48493 addi             x9, x9, -1           x9=00000008  x9:00000009
18371811ns          304814 1c00a5ce fff537e3 p.bneimm         x10, -18            x10:00000000
18371871ns          304817 1c00a5bc 012d8733 add              x14, x27, x18       x14=0000000b x27:effff96d x18:1000069e
18371891ns          304818 1c00a5c0 5a048b63 beq              x9, x0, 1462         x9:00000008
18371911ns          304819 1c00a5c4 0019450b p.lbu            x10, 1(x18!)        x10=00000073 x18=1000069f x18:1000069e  PA:1000069e
18371931ns          304820 1c00a5c8 01a005b3 add              x11, x0, x26        x11=00000002 x26:00000002
18371951ns          304821 1c00a5ca 000b00e7 jalr             x1, x22, 0           x1=1c00a5cc x22:1c00a1fa
18371990ns          304823 1c00a1fa 000026b7 lui              x13, 0x2000         x13=00002000
18372010ns          304824 1c00a1fc f14027f3 csrrs            x15, x0, 0xf14      x15=00000000
18372030ns          304825 1c00a200 f8068693 addi             x13, x13, -128      x13=00001f80 x13:00002000
18372050ns          304826 1c00a204 00379713 slli             x14, x15, 0x3       x14=00000000 x15:00000000
18372070ns          304827 1c00a208 00279793 slli             x15, x15, 0x2       x15=00000000 x15:00000000
18372090ns          304828 1c00a20a 00d7f7b3 and              x15, x15, x13       x15=00000000 x15:00000000 x13:00001f80
18372110ns          304829 1c00a20c ee873733 p.bclr           x14, x14, 23, 8     x14=00000000 x14:00000000
18372130ns          304830 1c00a210 1a10f6b7 lui              x13, 0x1a10f000     x13=1a10f000
18372149ns          304831 1c00a214 0ff57513 andi             x10, x10, 255       x10=00000073 x10:00000073
18372169ns          304832 1c00a218 00d70733 add              x14, x14, x13       x14=1a10f000 x14:00000000 x13:1a10f000
18372189ns          304833 1c00a21a 00a7e723 p.sw             x10, x0(x15)        x10:00000073 x15:00000000  PA:1a10f000
18372507ns          304849 1c00a21e 00000513 addi             x10, x0, 0          x10=00000000
18372527ns          304850 1c00a220 00008067 jalr             x0, x1, 0            x1:1c00a5cc
18372567ns          304852 1c00a5cc fff48493 addi             x9, x9, -1           x9=00000007  x9:00000008
18372587ns          304853 1c00a5ce fff537e3 p.bneimm         x10, -18            x10:00000000
18372647ns          304856 1c00a5bc 012d8733 add              x14, x27, x18       x14=0000000c x27:effff96d x18:1000069f
18372667ns          304857 1c00a5c0 5a048b63 beq              x9, x0, 1462         x9:00000007
18372686ns          304858 1c00a5c4 0019450b p.lbu            x10, 1(x18!)        x10=00000074 x18=100006a0 x18:1000069f  PA:1000069f
18372706ns          304859 1c00a5c8 01a005b3 add              x11, x0, x26        x11=00000002 x26:00000002
18372726ns          304860 1c00a5ca 000b00e7 jalr             x1, x22, 0           x1=1c00a5cc x22:1c00a1fa
18372766ns          304862 1c00a1fa 000026b7 lui              x13, 0x2000         x13=00002000
18372786ns          304863 1c00a1fc f14027f3 csrrs            x15, x0, 0xf14      x15=00000000
18372806ns          304864 1c00a200 f8068693 addi             x13, x13, -128      x13=00001f80 x13:00002000
18372826ns          304865 1c00a204 00379713 slli             x14, x15, 0x3       x14=00000000 x15:00000000
18372846ns          304866 1c00a208 00279793 slli             x15, x15, 0x2       x15=00000000 x15:00000000
18372866ns          304867 1c00a20a 00d7f7b3 and              x15, x15, x13       x15=00000000 x15:00000000 x13:00001f80
18372885ns          304868 1c00a20c ee873733 p.bclr           x14, x14, 23, 8     x14=00000000 x14:00000000
18372905ns          304869 1c00a210 1a10f6b7 lui              x13, 0x1a10f000     x13=1a10f000
18372925ns          304870 1c00a214 0ff57513 andi             x10, x10, 255       x10=00000074 x10:00000074
18372945ns          304871 1c00a218 00d70733 add              x14, x14, x13       x14=1a10f000 x14:00000000 x13:1a10f000
18372965ns          304872 1c00a21a 00a7e723 p.sw             x10, x0(x15)        x10:00000074 x15:00000000  PA:1a10f000
18373283ns          304888 1c00a21e 00000513 addi             x10, x0, 0          x10=00000000
18373303ns          304889 1c00a220 00008067 jalr             x0, x1, 0            x1:1c00a5cc
18373343ns          304891 1c00a5cc fff48493 addi             x9, x9, -1           x9=00000006  x9:00000007
18373363ns          304892 1c00a5ce fff537e3 p.bneimm         x10, -18            x10:00000000
18373422ns          304895 1c00a5bc 012d8733 add              x14, x27, x18       x14=0000000d x27:effff96d x18:100006a0
18373442ns          304896 1c00a5c0 5a048b63 beq              x9, x0, 1462         x9:00000006
18373462ns          304897 1c00a5c4 0019450b p.lbu            x10, 1(x18!)        x10=0000004d x18=100006a1 x18:100006a0  PA:100006a0
18373482ns          304898 1c00a5c8 01a005b3 add              x11, x0, x26        x11=00000002 x26:00000002
18373502ns          304899 1c00a5ca 000b00e7 jalr             x1, x22, 0           x1=1c00a5cc x22:1c00a1fa
18373542ns          304901 1c00a1fa 000026b7 lui              x13, 0x2000         x13=00002000
18373562ns          304902 1c00a1fc f14027f3 csrrs            x15, x0, 0xf14      x15=00000000
18373582ns          304903 1c00a200 f8068693 addi             x13, x13, -128      x13=00001f80 x13:00002000
18373601ns          304904 1c00a204 00379713 slli             x14, x15, 0x3       x14=00000000 x15:00000000
18373621ns          304905 1c00a208 00279793 slli             x15, x15, 0x2       x15=00000000 x15:00000000
18373641ns          304906 1c00a20a 00d7f7b3 and              x15, x15, x13       x15=00000000 x15:00000000 x13:00001f80
18373661ns          304907 1c00a20c ee873733 p.bclr           x14, x14, 23, 8     x14=00000000 x14:00000000
18373681ns          304908 1c00a210 1a10f6b7 lui              x13, 0x1a10f000     x13=1a10f000
18373701ns          304909 1c00a214 0ff57513 andi             x10, x10, 255       x10=0000004d x10:0000004d
18373721ns          304910 1c00a218 00d70733 add              x14, x14, x13       x14=1a10f000 x14:00000000 x13:1a10f000
18373741ns          304911 1c00a21a 00a7e723 p.sw             x10, x0(x15)        x10:0000004d x15:00000000  PA:1a10f000
18374059ns          304927 1c00a21e 00000513 addi             x10, x0, 0          x10=00000000
18374079ns          304928 1c00a220 00008067 jalr             x0, x1, 0            x1:1c00a5cc
18374119ns          304930 1c00a5cc fff48493 addi             x9, x9, -1           x9=00000005  x9:00000006
18374139ns          304931 1c00a5ce fff537e3 p.bneimm         x10, -18            x10:00000000
18374198ns          304934 1c00a5bc 012d8733 add              x14, x27, x18       x14=0000000e x27:effff96d x18:100006a1
18374218ns          304935 1c00a5c0 5a048b63 beq              x9, x0, 1462         x9:00000005
18374238ns          304936 1c00a5c4 0019450b p.lbu            x10, 1(x18!)        x10=00000041 x18=100006a2 x18:100006a1  PA:100006a1
18374258ns          304937 1c00a5c8 01a005b3 add              x11, x0, x26        x11=00000002 x26:00000002
18374278ns          304938 1c00a5ca 000b00e7 jalr             x1, x22, 0           x1=1c00a5cc x22:1c00a1fa
18374318ns          304940 1c00a1fa 000026b7 lui              x13, 0x2000         x13=00002000
18374337ns          304941 1c00a1fc f14027f3 csrrs            x15, x0, 0xf14      x15=00000000
18374357ns          304942 1c00a200 f8068693 addi             x13, x13, -128      x13=00001f80 x13:00002000
18374377ns          304943 1c00a204 00379713 slli             x14, x15, 0x3       x14=00000000 x15:00000000
18374397ns          304944 1c00a208 00279793 slli             x15, x15, 0x2       x15=00000000 x15:00000000
18374417ns          304945 1c00a20a 00d7f7b3 and              x15, x15, x13       x15=00000000 x15:00000000 x13:00001f80
18374437ns          304946 1c00a20c ee873733 p.bclr           x14, x14, 23, 8     x14=00000000 x14:00000000
18374457ns          304947 1c00a210 1a10f6b7 lui              x13, 0x1a10f000     x13=1a10f000
18374477ns          304948 1c00a214 0ff57513 andi             x10, x10, 255       x10=00000041 x10:00000041
18374497ns          304949 1c00a218 00d70733 add              x14, x14, x13       x14=1a10f000 x14:00000000 x13:1a10f000
18374516ns          304950 1c00a21a 00a7e723 p.sw             x10, x0(x15)        x10:00000041 x15:00000000  PA:1a10f000
18374835ns          304966 1c00a21e 00000513 addi             x10, x0, 0          x10=00000000
18374855ns          304967 1c00a220 00008067 jalr             x0, x1, 0            x1:1c00a5cc
18374894ns          304969 1c00a5cc fff48493 addi             x9, x9, -1           x9=00000004  x9:00000005
18374914ns          304970 1c00a5ce fff537e3 p.bneimm         x10, -18            x10:00000000
18374974ns          304973 1c00a5bc 012d8733 add              x14, x27, x18       x14=0000000f x27:effff96d x18:100006a2
18374994ns          304974 1c00a5c0 5a048b63 beq              x9, x0, 1462         x9:00000004
18375014ns          304975 1c00a5c4 0019450b p.lbu            x10, 1(x18!)        x10=00000043 x18=100006a3 x18:100006a2  PA:100006a2
18375034ns          304976 1c00a5c8 01a005b3 add              x11, x0, x26        x11=00000002 x26:00000002
18375053ns          304977 1c00a5ca 000b00e7 jalr             x1, x22, 0           x1=1c00a5cc x22:1c00a1fa
18375093ns          304979 1c00a1fa 000026b7 lui              x13, 0x2000         x13=00002000
18375113ns          304980 1c00a1fc f14027f3 csrrs            x15, x0, 0xf14      x15=00000000
18375133ns          304981 1c00a200 f8068693 addi             x13, x13, -128      x13=00001f80 x13:00002000
18375153ns          304982 1c00a204 00379713 slli             x14, x15, 0x3       x14=00000000 x15:00000000
18375173ns          304983 1c00a208 00279793 slli             x15, x15, 0x2       x15=00000000 x15:00000000
18375193ns          304984 1c00a20a 00d7f7b3 and              x15, x15, x13       x15=00000000 x15:00000000 x13:00001f80
18375213ns          304985 1c00a20c ee873733 p.bclr           x14, x14, 23, 8     x14=00000000 x14:00000000
18375233ns          304986 1c00a210 1a10f6b7 lui              x13, 0x1a10f000     x13=1a10f000
18375252ns          304987 1c00a214 0ff57513 andi             x10, x10, 255       x10=00000043 x10:00000043
18375272ns          304988 1c00a218 00d70733 add              x14, x14, x13       x14=1a10f000 x14:00000000 x13:1a10f000
18375292ns          304989 1c00a21a 00a7e723 p.sw             x10, x0(x15)        x10:00000043 x15:00000000  PA:1a10f000
18375610ns          305005 1c00a21e 00000513 addi             x10, x0, 0          x10=00000000
18375630ns          305006 1c00a220 00008067 jalr             x0, x1, 0            x1:1c00a5cc
18375670ns          305008 1c00a5cc fff48493 addi             x9, x9, -1           x9=00000003  x9:00000004
18375690ns          305009 1c00a5ce fff537e3 p.bneimm         x10, -18            x10:00000000
18375750ns          305012 1c00a5bc 012d8733 add              x14, x27, x18       x14=00000010 x27:effff96d x18:100006a3
18375770ns          305013 1c00a5c0 5a048b63 beq              x9, x0, 1462         x9:00000003
18375789ns          305014 1c00a5c4 0019450b p.lbu            x10, 1(x18!)        x10=00000033 x18=100006a4 x18:100006a3  PA:100006a3
18375809ns          305015 1c00a5c8 01a005b3 add              x11, x0, x26        x11=00000002 x26:00000002
18375829ns          305016 1c00a5ca 000b00e7 jalr             x1, x22, 0           x1=1c00a5cc x22:1c00a1fa
18375869ns          305018 1c00a1fa 000026b7 lui              x13, 0x2000         x13=00002000
18375889ns          305019 1c00a1fc f14027f3 csrrs            x15, x0, 0xf14      x15=00000000
18375909ns          305020 1c00a200 f8068693 addi             x13, x13, -128      x13=00001f80 x13:00002000
18375929ns          305021 1c00a204 00379713 slli             x14, x15, 0x3       x14=00000000 x15:00000000
18375949ns          305022 1c00a208 00279793 slli             x15, x15, 0x2       x15=00000000 x15:00000000
18375968ns          305023 1c00a20a 00d7f7b3 and              x15, x15, x13       x15=00000000 x15:00000000 x13:00001f80
18375988ns          305024 1c00a20c ee873733 p.bclr           x14, x14, 23, 8     x14=00000000 x14:00000000
18376008ns          305025 1c00a210 1a10f6b7 lui              x13, 0x1a10f000     x13=1a10f000
18376028ns          305026 1c00a214 0ff57513 andi             x10, x10, 255       x10=00000033 x10:00000033
18376048ns          305027 1c00a218 00d70733 add              x14, x14, x13       x14=1a10f000 x14:00000000 x13:1a10f000
18376068ns          305028 1c00a21a 00a7e723 p.sw             x10, x0(x15)        x10:00000033 x15:00000000  PA:1a10f000
18376386ns          305044 1c00a21e 00000513 addi             x10, x0, 0          x10=00000000
18376406ns          305045 1c00a220 00008067 jalr             x0, x1, 0            x1:1c00a5cc
18376446ns          305047 1c00a5cc fff48493 addi             x9, x9, -1           x9=00000002  x9:00000003
18376466ns          305048 1c00a5ce fff537e3 p.bneimm         x10, -18            x10:00000000
18376525ns          305051 1c00a5bc 012d8733 add              x14, x27, x18       x14=00000011 x27:effff96d x18:100006a4
18376545ns          305052 1c00a5c0 5a048b63 beq              x9, x0, 1462         x9:00000002
18376565ns          305053 1c00a5c4 0019450b p.lbu            x10, 1(x18!)        x10=0000002e x18=100006a5 x18:100006a4  PA:100006a4
18376585ns          305054 1c00a5c8 01a005b3 add              x11, x0, x26        x11=00000002 x26:00000002
18376605ns          305055 1c00a5ca 000b00e7 jalr             x1, x22, 0           x1=1c00a5cc x22:1c00a1fa
18376645ns          305057 1c00a1fa 000026b7 lui              x13, 0x2000         x13=00002000
18376665ns          305058 1c00a1fc f14027f3 csrrs            x15, x0, 0xf14      x15=00000000
18376685ns          305059 1c00a200 f8068693 addi             x13, x13, -128      x13=00001f80 x13:00002000
18376704ns          305060 1c00a204 00379713 slli             x14, x15, 0x3       x14=00000000 x15:00000000
18376724ns          305061 1c00a208 00279793 slli             x15, x15, 0x2       x15=00000000 x15:00000000
18376744ns          305062 1c00a20a 00d7f7b3 and              x15, x15, x13       x15=00000000 x15:00000000 x13:00001f80
18376764ns          305063 1c00a20c ee873733 p.bclr           x14, x14, 23, 8     x14=00000000 x14:00000000
18376784ns          305064 1c00a210 1a10f6b7 lui              x13, 0x1a10f000     x13=1a10f000
18376804ns          305065 1c00a214 0ff57513 andi             x10, x10, 255       x10=0000002e x10:0000002e
18376824ns          305066 1c00a218 00d70733 add              x14, x14, x13       x14=1a10f000 x14:00000000 x13:1a10f000
18376844ns          305067 1c00a21a 00a7e723 p.sw             x10, x0(x15)        x10:0000002e x15:00000000  PA:1a10f000
18377182ns          305084 1c00a21e 00000513 addi             x10, x0, 0          x10=00000000
18377202ns          305085 1c00a220 00008067 jalr             x0, x1, 0            x1:1c00a5cc
18377241ns          305087 1c00a5cc fff48493 addi             x9, x9, -1           x9=00000001  x9:00000002
18377261ns          305088 1c00a5ce fff537e3 p.bneimm         x10, -18            x10:00000000
18377321ns          305091 1c00a5bc 012d8733 add              x14, x27, x18       x14=00000012 x27:effff96d x18:100006a5
18377341ns          305092 1c00a5c0 5a048b63 beq              x9, x0, 1462         x9:00000001
18377361ns          305093 1c00a5c4 0019450b p.lbu            x10, 1(x18!)        x10=00000063 x18=100006a6 x18:100006a5  PA:100006a5
18377381ns          305094 1c00a5c8 01a005b3 add              x11, x0, x26        x11=00000002 x26:00000002
18377401ns          305095 1c00a5ca 000b00e7 jalr             x1, x22, 0           x1=1c00a5cc x22:1c00a1fa
18377440ns          305097 1c00a1fa 000026b7 lui              x13, 0x2000         x13=00002000
18377460ns          305098 1c00a1fc f14027f3 csrrs            x15, x0, 0xf14      x15=00000000
18377480ns          305099 1c00a200 f8068693 addi             x13, x13, -128      x13=00001f80 x13:00002000
18377500ns          305100 1c00a204 00379713 slli             x14, x15, 0x3       x14=00000000 x15:00000000
18377520ns          305101 1c00a208 00279793 slli             x15, x15, 0x2       x15=00000000 x15:00000000
18377540ns          305102 1c00a20a 00d7f7b3 and              x15, x15, x13       x15=00000000 x15:00000000 x13:00001f80
18377560ns          305103 1c00a20c ee873733 p.bclr           x14, x14, 23, 8     x14=00000000 x14:00000000
18377580ns          305104 1c00a210 1a10f6b7 lui              x13, 0x1a10f000     x13=1a10f000
18377600ns          305105 1c00a214 0ff57513 andi             x10, x10, 255       x10=00000063 x10:00000063
18377619ns          305106 1c00a218 00d70733 add              x14, x14, x13       x14=1a10f000 x14:00000000 x13:1a10f000
18377639ns          305107 1c00a21a 00a7e723 p.sw             x10, x0(x15)        x10:00000063 x15:00000000  PA:1a10f000
18377958ns          305123 1c00a21e 00000513 addi             x10, x0, 0          x10=00000000
18377977ns          305124 1c00a220 00008067 jalr             x0, x1, 0            x1:1c00a5cc
18378017ns          305126 1c00a5cc fff48493 addi             x9, x9, -1           x9=00000000  x9:00000001
18378037ns          305127 1c00a5ce fff537e3 p.bneimm         x10, -18            x10:00000000
18378097ns          305130 1c00a5bc 012d8733 add              x14, x27, x18       x14=00000013 x27:effff96d x18:100006a6
18378117ns          305131 1c00a5c0 5a048b63 beq              x9, x0, 1462         x9:00000000
18378614ns          305156 1c00ab76 00e00db3 add              x27, x0, x14        x27=00000013 x14:00000013
18378654ns          305158 1c00ab78 f3cff06f jal              x0, -2244          
18378733ns          305162 1c00a2b4 00044503 lbu              x10, 0(x8)          x10=0000000a  x8:1c0000ab  PA:1c0000ab
18379052ns          305178 1c00a2b8 00140413 addi             x8, x8, 1            x8=1c0000ac  x8:1c0000ab
18379071ns          305179 1c00a2ba 00050e63 beq              x10, x0, 28         x10:0000000a
18379091ns          305180 1c00a2bc 02500793 addi             x15, x0, 37         x15=00000025
18379111ns          305181 1c00a2c0 04f50863 beq              x10, x15, 80        x10:0000000a x15:00000025
18379131ns          305182 1c00a2c4 01a005b3 add              x11, x0, x26        x11=00000002 x26:00000002
18379151ns          305183 1c00a2c6 000b00e7 jalr             x1, x22, 0           x1=1c00a2c8 x22:1c00a1fa
18379250ns          305188 1c00a1fa 000026b7 lui              x13, 0x2000         x13=00002000
18379270ns          305189 1c00a1fc f14027f3 csrrs            x15, x0, 0xf14      x15=00000000
18379290ns          305190 1c00a200 f8068693 addi             x13, x13, -128      x13=00001f80 x13:00002000
18379310ns          305191 1c00a204 00379713 slli             x14, x15, 0x3       x14=00000000 x15:00000000
18379330ns          305192 1c00a208 00279793 slli             x15, x15, 0x2       x15=00000000 x15:00000000
18379350ns          305193 1c00a20a 00d7f7b3 and              x15, x15, x13       x15=00000000 x15:00000000 x13:00001f80
18379370ns          305194 1c00a20c ee873733 p.bclr           x14, x14, 23, 8     x14=00000000 x14:00000000
18379390ns          305195 1c00a210 1a10f6b7 lui              x13, 0x1a10f000     x13=1a10f000
18379410ns          305196 1c00a214 0ff57513 andi             x10, x10, 255       x10=0000000a x10:0000000a
18379429ns          305197 1c00a218 00d70733 add              x14, x14, x13       x14=1a10f000 x14:00000000 x13:1a10f000
18379449ns          305198 1c00a21a 00a7e723 p.sw             x10, x0(x15)        x10:0000000a x15:00000000  PA:1a10f000
18379787ns          305215 1c00a21e 00000513 addi             x10, x0, 0          x10=00000000
18379807ns          305216 1c00a220 00008067 jalr             x0, x1, 0            x1:1c00a2c8
18379847ns          305218 1c00a2c8 31f52563 p.beqimm         x10, 778            x10:00000000
18379867ns          305219 1c00a2cc 001d8d93 addi             x27, x27, 1         x27=00000014 x27:00000013
18379887ns          305220 1c00a2ce 00044503 lbu              x10, 0(x8)          x10=00000000  x8:1c0000ac  PA:1c0000ac
18380185ns          305235 1c00a2d2 00140413 addi             x8, x8, 1            x8=1c0000ad  x8:1c0000ac
18380205ns          305236 1c00a2d4 fe0514e3 bne              x10, x0, -24        x10:00000000
18380225ns          305237 1c00a2d6 01b00433 add              x8, x0, x27          x8=00000014 x27:00000014
18380245ns          305238 1c00a2d8 00800533 add              x10, x0, x8         x10=00000014  x8:00000014
18380265ns          305239 1c00a2da 12c12083 lw               x1, 300(x2)          x1=1c00a266  x2:10000678  PA:100007a4
18380285ns          305240 1c00a2de 12812403 lw               x8, 296(x2)          x8=1c000f40  x2:10000678  PA:100007a0
18380305ns          305241 1c00a2e2 12412483 lw               x9, 292(x2)          x9=xxxxxxxx  x2:10000678  PA:1000079c
18380325ns          305242 1c00a2e6 12012903 lw               x18, 288(x2)        x18=xxxxxxxx  x2:10000678  PA:10000798
18380344ns          305243 1c00a2ea 11c12983 lw               x19, 284(x2)        x19=xxxxxxxx  x2:10000678  PA:10000794
18380782ns          305265 1c00a2ee 11812a03 lw               x20, 280(x2)        x20=xxxxxxxx  x2:10000678  PA:10000790
18380822ns          305267 1c00a2f2 11412a83 lw               x21, 276(x2)        x21=xxxxxxxx  x2:10000678  PA:1000078c
18380842ns          305268 1c00a2f6 11012b03 lw               x22, 272(x2)        x22=xxxxxxxx  x2:10000678  PA:10000788
18380862ns          305269 1c00a2fa 10c12b83 lw               x23, 268(x2)        x23=xxxxxxxx  x2:10000678  PA:10000784
18381319ns          305292 1c00a2fe 10812c03 lw               x24, 264(x2)        x24=xxxxxxxx  x2:10000678  PA:10000780
18381359ns          305294 1c00a302 10412c83 lw               x25, 260(x2)        x25=xxxxxxxx  x2:10000678  PA:1000077c
18381379ns          305295 1c00a306 10012d03 lw               x26, 256(x2)        x26=xxxxxxxx  x2:10000678  PA:10000778
18381399ns          305296 1c00a30a 0fc12d83 lw               x27, 252(x2)        x27=xxxxxxxx  x2:10000678  PA:10000774
18381419ns          305297 1c00a30c 13010113 addi             x2, x2, 304          x2=100007a8  x2:10000678
18381438ns          305298 1c00a30e 00008067 jalr             x0, x1, 0            x1:1c00a266
18381518ns          305302 1c00a266 01c12083 lw               x1, 28(x2)           x1=1c009c6e  x2:100007a8  PA:100007c4
18381558ns          305304 1c00a268 04010113 addi             x2, x2, 64           x2=100007e8  x2:100007a8
18381578ns          305305 1c00a26a 00008067 jalr             x0, x1, 0            x1:1c009c6e
18381796ns          305316 1c009c6e d1cfe0ef jal              x1, -6884            x1=1c009c72
18382254ns          305339 1c00818a fe010113 addi             x2, x2, -32          x2=100007c8  x2:100007e8
18382294ns          305341 1c00818c 00912a23 sw               x9, 20(x2)           x9:xxxxxxxx  x2:100007c8  PA:100007dc
18382314ns          305342 1c00818e 01312623 sw               x19, 12(x2)         x19:xxxxxxxx  x2:100007c8  PA:100007d4
18382731ns          305363 1c008190 01412423 sw               x20, 8(x2)          x20:xxxxxxxx  x2:100007c8  PA:100007d0
18382771ns          305365 1c008192 1c0014b7 lui              x9, 0x1c001000       x9=1c001000
18382791ns          305366 1c008196 1c001a37 lui              x20, 0x1c001000     x20=1c001000
18382811ns          305367 1c00819a 1c0019b7 lui              x19, 0x1c001000     x19=1c001000
18383248ns          305389 1c00819e 92848493 addi             x9, x9, -1752        x9=1c000928  x9:1c001000
18383288ns          305391 1c0081a2 900a0a13 addi             x20, x20, -1792     x20=1c000900 x20:1c001000
18383308ns          305392 1c0081a6 95098993 addi             x19, x19, -1712     x19=1c000950 x19:1c001000
18383328ns          305393 1c0081aa 00112e23 sw               x1, 28(x2)           x1:1c009c72  x2:100007c8  PA:100007e4
18383348ns          305394 1c0081ac 00812c23 sw               x8, 24(x2)           x8:1c000f40  x2:100007c8  PA:100007e0
18383368ns          305395 1c0081ae 01212823 sw               x18, 16(x2)         x18:xxxxxxxx  x2:100007c8  PA:100007d8
18383766ns          305415 1c0081b0 000a2783 lw               x15, 0(x20)         x15=96718400 x20:1c000900  PA:1c000900
18384084ns          305431 1c0081b4 0009a703 lw               x14, 0(x19)         x14=2a8f3d74 x19:1c000950  PA:1c000950
18384382ns          305446 1c0081b8 0004a603 lw               x12, 0(x9)          x12=9a118ba3  x9:1c000928  PA:1c000928
18384701ns          305462 1c0081ba 42e78633 p.mac            x12, x15, x14       x12=8df55ba3 x12:9a118ba3 x15:96718400 x14:2a8f3d74
18384720ns          305463 1c0081be 1c001437 lui              x8, 0x1c001000       x8=1c001000
18384740ns          305464 1c0081c2 f4440413 addi             x8, x8, -188         x8=1c000f44  x8:1c001000
18384760ns          305465 1c0081c6 00042783 lw               x15, 0(x8)          x15=00000000  x8:1c000f44  PA:1c000f44
18385059ns          305480 1c0081c8 1c001937 lui              x18, 0x1c001000     x18=1c001000
18385078ns          305481 1c0081cc 97890913 addi             x18, x18, -1672     x18=1c000978 x18:1c001000
18385238ns          305489 1c0081d0 00178793 addi             x15, x15, 1         x15=00000001 x15:00000000
18385277ns          305491 1c0081d2 00092683 lw               x13, 0(x18)         x13=8df55ba3 x18:1c000978  PA:1c000978
18385596ns          305507 1c0081d6 00c4a023 sw               x12, 0(x9)          x12:8df55ba3  x9:1c000928  PA:1c000928
18385914ns          305523 1c0081d8 00f42023 sw               x15, 0(x8)          x15:00000001  x8:1c000f44  PA:1c000f44
18386232ns          305539 1c0081da 02d60363 beq              x12, x13, 38        x12:8df55ba3 x13:8df55ba3
18386709ns          305563 1c008200 004a2783 lw               x15, 4(x20)         x15=56f6790d x20:1c000900  PA:1c000904
18387028ns          305579 1c008204 0049a703 lw               x14, 4(x19)         x14=8dcf645a x19:1c000950  PA:1c000954
18387326ns          305594 1c008208 0044a603 lw               x12, 4(x9)          x12=42f4f5e4  x9:1c000928  PA:1c00092c
18387644ns          305610 1c00820a 42e78633 p.mac            x12, x15, x14       x12=27679876 x12:42f4f5e4 x15:56f6790d x14:8dcf645a
18387664ns          305611 1c00820e 00042783 lw               x15, 0(x8)          x15=00000001  x8:1c000f44  PA:1c000f44
18387963ns          305626 1c008210 00492683 lw               x13, 4(x18)         x13=27679876 x18:1c000978  PA:1c00097c
18388261ns          305641 1c008214 00178793 addi             x15, x15, 1         x15=00000002 x15:00000001
18388281ns          305642 1c008216 00c4a223 sw               x12, 4(x9)          x12:27679876  x9:1c000928  PA:1c00092c
18388619ns          305659 1c008218 00f42023 sw               x15, 0(x8)          x15:00000002  x8:1c000f44  PA:1c000f44
18388937ns          305675 1c00821a 02d60363 beq              x12, x13, 38        x12:27679876 x13:27679876
18389415ns          305699 1c008240 008a2783 lw               x15, 8(x20)         x15=8f93aa35 x20:1c000900  PA:1c000908
18389733ns          305715 1c008244 0089a703 lw               x14, 8(x19)         x14=c764a4b4 x19:1c000950  PA:1c000958
18390031ns          305730 1c008248 0084a603 lw               x12, 8(x9)          x12=3b3a2a16  x9:1c000928  PA:1c000930
18390349ns          305746 1c00824a 42e78633 p.mac            x12, x15, x14       x12=77cbcb5a x12:3b3a2a16 x15:8f93aa35 x14:c764a4b4
18390369ns          305747 1c00824e 00042783 lw               x15, 0(x8)          x15=00000002  x8:1c000f44  PA:1c000f44
18390668ns          305762 1c008250 00892683 lw               x13, 8(x18)         x13=77cbcb5a x18:1c000978  PA:1c000980
18390966ns          305777 1c008254 00178793 addi             x15, x15, 1         x15=00000003 x15:00000002
18390986ns          305778 1c008256 00c4a423 sw               x12, 8(x9)          x12:77cbcb5a  x9:1c000928  PA:1c000930
18391324ns          305795 1c008258 00f42023 sw               x15, 0(x8)          x15:00000003  x8:1c000f44  PA:1c000f44
18391642ns          305811 1c00825a 02d60363 beq              x12, x13, 38        x12:77cbcb5a x13:77cbcb5a
18392120ns          305835 1c008280 00ca2783 lw               x15, 12(x20)        x15=484c022a x20:1c000900  PA:1c00090c
18392438ns          305851 1c008284 00c9a703 lw               x14, 12(x19)        x14=a446b6d0 x19:1c000950  PA:1c00095c
18392736ns          305866 1c008288 00c4a603 lw               x12, 12(x9)         x12=6fa85a1a  x9:1c000928  PA:1c000934
18393055ns          305882 1c00828a 42e78633 p.mac            x12, x15, x14       x12=b66ff83a x12:6fa85a1a x15:484c022a x14:a446b6d0
18393075ns          305883 1c00828e 00042783 lw               x15, 0(x8)          x15=00000003  x8:1c000f44  PA:1c000f44
18393373ns          305898 1c008290 00c92683 lw               x13, 12(x18)        x13=b66ff83a x18:1c000978  PA:1c000984
18393671ns          305913 1c008294 00178793 addi             x15, x15, 1         x15=00000004 x15:00000003
18393691ns          305914 1c008296 00c4a623 sw               x12, 12(x9)         x12:b66ff83a  x9:1c000928  PA:1c000934
18394029ns          305931 1c008298 00f42023 sw               x15, 0(x8)          x15:00000004  x8:1c000f44  PA:1c000f44
18394348ns          305947 1c00829a 02d60363 beq              x12, x13, 38        x12:b66ff83a x13:b66ff83a
18394825ns          305971 1c0082c0 010a2783 lw               x15, 16(x20)        x15=4deab1c0 x20:1c000900  PA:1c000910
18395143ns          305987 1c0082c4 0109a703 lw               x14, 16(x19)        x14=42dbd895 x19:1c000950  PA:1c000960
18395442ns          306002 1c0082c8 0104a603 lw               x12, 16(x9)         x12=e255deb3  x9:1c000928  PA:1c000938
18395780ns          306019 1c0082ca 42e78633 p.mac            x12, x15, x14       x12=d1295373 x12:e255deb3 x15:4deab1c0 x14:42dbd895
18395800ns          306020 1c0082ce 00042783 lw               x15, 0(x8)          x15=00000004  x8:1c000f44  PA:1c000f44
18396118ns          306036 1c0082d0 01092683 lw               x13, 16(x18)        x13=d1295373 x18:1c000978  PA:1c000988
18396416ns          306051 1c0082d4 00178793 addi             x15, x15, 1         x15=00000005 x15:00000004
18396436ns          306052 1c0082d6 00c4a823 sw               x12, 16(x9)         x12:d1295373  x9:1c000928  PA:1c000938
18396754ns          306068 1c0082d8 00f42023 sw               x15, 0(x8)          x15:00000005  x8:1c000f44  PA:1c000f44
18397092ns          306085 1c0082da 02d60363 beq              x12, x13, 38        x12:d1295373 x13:d1295373
18397570ns          306109 1c008300 014a2783 lw               x15, 20(x20)        x15=4e768521 x20:1c000900  PA:1c000914
18397908ns          306126 1c008304 0149a703 lw               x14, 20(x19)        x14=824b208e x19:1c000950  PA:1c000964
18398206ns          306141 1c008308 0144a603 lw               x12, 20(x9)         x12=9d4a4d87  x9:1c000928  PA:1c00093c
18398544ns          306158 1c00830a 42e78633 p.mac            x12, x15, x14       x12=b65745d5 x12:9d4a4d87 x15:4e768521 x14:824b208e
18398564ns          306159 1c00830e 00042783 lw               x15, 0(x8)          x15=00000005  x8:1c000f44  PA:1c000f44
18398863ns          306174 1c008310 01492683 lw               x13, 20(x18)        x13=b65745d5 x18:1c000978  PA:1c00098c
18399181ns          306190 1c008314 00178793 addi             x15, x15, 1         x15=00000006 x15:00000005
18399201ns          306191 1c008316 00c4aa23 sw               x12, 20(x9)         x12:b65745d5  x9:1c000928  PA:1c00093c
18399519ns          306207 1c008318 00f42023 sw               x15, 0(x8)          x15:00000006  x8:1c000f44  PA:1c000f44
18399857ns          306224 1c00831a 02d60363 beq              x12, x13, 38        x12:b65745d5 x13:b65745d5
18400335ns          306248 1c008340 018a2783 lw               x15, 24(x20)        x15=892121fd x20:1c000900  PA:1c000918
18400673ns          306265 1c008344 0189a703 lw               x14, 24(x19)        x14=7d548b6b x19:1c000950  PA:1c000968
18400971ns          306280 1c008348 0184a603 lw               x12, 24(x9)         x12=a68025d3  x9:1c000928  PA:1c000940
18401309ns          306297 1c00834a 42e78633 p.mac            x12, x15, x14       x12=a4d1b992 x12:a68025d3 x15:892121fd x14:7d548b6b
18401329ns          306298 1c00834e 00042783 lw               x15, 0(x8)          x15=00000006  x8:1c000f44  PA:1c000f44
18401628ns          306313 1c008350 01892683 lw               x13, 24(x18)        x13=a4d1b992 x18:1c000978  PA:1c000990
18401946ns          306329 1c008354 00178793 addi             x15, x15, 1         x15=00000007 x15:00000006
18401966ns          306330 1c008356 00c4ac23 sw               x12, 24(x9)         x12:a4d1b992  x9:1c000928  PA:1c000940
18402284ns          306346 1c008358 00f42023 sw               x15, 0(x8)          x15:00000007  x8:1c000f44  PA:1c000f44
18402602ns          306362 1c00835a 02d60363 beq              x12, x13, 38        x12:a4d1b992 x13:a4d1b992
18403080ns          306386 1c008380 01ca2783 lw               x15, 28(x20)        x15=4a6219cd x20:1c000900  PA:1c00091c
18403418ns          306403 1c008384 01c9a703 lw               x14, 28(x19)        x14=354c1c05 x19:1c000950  PA:1c00096c
18403736ns          306419 1c008388 01c4a603 lw               x12, 28(x9)         x12=4619178f  x9:1c000928  PA:1c000944
18404054ns          306435 1c00838a 42e78633 p.mac            x12, x15, x14       x12=8eb20490 x12:4619178f x15:4a6219cd x14:354c1c05
18404074ns          306436 1c00838e 00042783 lw               x15, 0(x8)          x15=00000007  x8:1c000f44  PA:1c000f44
18404372ns          306451 1c008390 01c92683 lw               x13, 28(x18)        x13=8eb20490 x18:1c000978  PA:1c000994
18404691ns          306467 1c008394 00178793 addi             x15, x15, 1         x15=00000008 x15:00000007
18404711ns          306468 1c008396 00c4ae23 sw               x12, 28(x9)         x12:8eb20490  x9:1c000928  PA:1c000944
18405029ns          306484 1c008398 00f42023 sw               x15, 0(x8)          x15:00000008  x8:1c000f44  PA:1c000f44
18405347ns          306500 1c00839a 02d60363 beq              x12, x13, 38        x12:8eb20490 x13:8eb20490
18405824ns          306524 1c0083c0 020a2783 lw               x15, 32(x20)        x15=b6c56a3d x20:1c000900  PA:1c000920
18406163ns          306541 1c0083c4 0209a703 lw               x14, 32(x19)        x14=f6b29c5d x19:1c000950  PA:1c000970
18406481ns          306557 1c0083c8 0204a603 lw               x12, 32(x9)         x12=51680f09  x9:1c000928  PA:1c000948
18406799ns          306573 1c0083ca 42e78633 p.mac            x12, x15, x14       x12=8046d332 x12:51680f09 x15:b6c56a3d x14:f6b29c5d
18406819ns          306574 1c0083ce 00042783 lw               x15, 0(x8)          x15=00000008  x8:1c000f44  PA:1c000f44
18407117ns          306589 1c0083d0 02092683 lw               x13, 32(x18)        x13=8046d332 x18:1c000978  PA:1c000998
18407436ns          306605 1c0083d4 00178793 addi             x15, x15, 1         x15=00000009 x15:00000008
18407456ns          306606 1c0083d6 02c4a023 sw               x12, 32(x9)         x12:8046d332  x9:1c000928  PA:1c000948
18407794ns          306623 1c0083d8 00f42023 sw               x15, 0(x8)          x15:00000009  x8:1c000f44  PA:1c000f44
18408112ns          306639 1c0083da 02d60363 beq              x12, x13, 38        x12:8046d332 x13:8046d332
18408589ns          306663 1c008400 024a2783 lw               x15, 36(x20)        x15=03361bac x20:1c000900  PA:1c000924
18408927ns          306680 1c008404 0249a703 lw               x14, 36(x19)        x14=17c1acf6 x19:1c000950  PA:1c000974
18409246ns          306696 1c008408 0244a603 lw               x12, 36(x9)         x12=a8c597f7  x9:1c000928  PA:1c00094c
18409564ns          306712 1c00840a 42e78633 p.mac            x12, x15, x14       x12=6a07bf3f x12:a8c597f7 x15:03361bac x14:17c1acf6
18409584ns          306713 1c00840e 00042783 lw               x15, 0(x8)          x15=00000009  x8:1c000f44  PA:1c000f44
18409882ns          306728 1c008410 02492683 lw               x13, 36(x18)        x13=6a07bf3f x18:1c000978  PA:1c00099c
18410200ns          306744 1c008414 00178793 addi             x15, x15, 1         x15=0000000a x15:00000009
18410220ns          306745 1c008416 02c4a223 sw               x12, 36(x9)         x12:6a07bf3f  x9:1c000928  PA:1c00094c
18410539ns          306761 1c008418 00f42023 sw               x15, 0(x8)          x15:0000000a  x8:1c000f44  PA:1c000f44
18410857ns          306777 1c00841a 02d60363 beq              x12, x13, 38        x12:6a07bf3f x13:6a07bf3f
18411334ns          306801 1c008440 1c0014b7 lui              x9, 0x1c001000       x9=1c001000
18411374ns          306803 1c008444 1c001a37 lui              x20, 0x1c001000     x20=1c001000
18411394ns          306804 1c008448 1c0019b7 lui              x19, 0x1c001000     x19=1c001000
18411414ns          306805 1c00844c c4848493 addi             x9, x9, -952         x9=1c000c48  x9:1c001000
18411871ns          306828 1c008450 c20a0a13 addi             x20, x20, -992      x20=1c000c20 x20:1c001000
18411911ns          306830 1c008454 c7098993 addi             x19, x19, -912      x19=1c000c70 x19:1c001000
18411931ns          306831 1c008458 000a2783 lw               x15, 0(x20)         x15=f78356cd x20:1c000c20  PA:1c000c20
18412229ns          306846 1c00845c 0009a703 lw               x14, 0(x19)         x14=6a28a586 x19:1c000c70  PA:1c000c70
18412548ns          306862 1c008460 0004a603 lw               x12, 0(x9)          x12=b829bcdc  x9:1c000c48  PA:1c000c48
18412866ns          306878 1c008462 42e79633 p.msu            x12, x15, x14       x12=10702c8e x12:b829bcdc x15:f78356cd x14:6a28a586
18412886ns          306879 1c008466 1c001937 lui              x18, 0x1c001000     x18=1c001000
18412906ns          306880 1c00846a 00042783 lw               x15, 0(x8)          x15=0000000a  x8:1c000f44  PA:1c000f44
18413224ns          306896 1c00846c c9890913 addi             x18, x18, -872      x18=1c000c98 x18:1c001000
18413383ns          306904 1c008470 00178793 addi             x15, x15, 1         x15=0000000b x15:0000000a
18413423ns          306906 1c008472 00092683 lw               x13, 0(x18)         x13=10702c8e x18:1c000c98  PA:1c000c98
18413741ns          306922 1c008476 00c4a023 sw               x12, 0(x9)          x12:10702c8e  x9:1c000c48  PA:1c000c48
18414059ns          306938 1c008478 00f42023 sw               x15, 0(x8)          x15:0000000b  x8:1c000f44  PA:1c000f44
18414397ns          306955 1c00847a 02d60363 beq              x12, x13, 38        x12:10702c8e x13:10702c8e
18414875ns          306979 1c0084a0 004a2783 lw               x15, 4(x20)         x15=7eb326b2 x20:1c000c20  PA:1c000c24
18415213ns          306996 1c0084a4 0049a703 lw               x14, 4(x19)         x14=26322eab x19:1c000c70  PA:1c000c74
18415511ns          307011 1c0084a8 0044a603 lw               x12, 4(x9)          x12=f8a59d0b  x9:1c000c48  PA:1c000c4c
18415849ns          307028 1c0084aa 42e79633 p.msu            x12, x15, x14       x12=2b42c825 x12:f8a59d0b x15:7eb326b2 x14:26322eab
18415869ns          307029 1c0084ae 00042783 lw               x15, 0(x8)          x15=0000000b  x8:1c000f44  PA:1c000f44
18416168ns          307044 1c0084b0 00492683 lw               x13, 4(x18)         x13=2b42c825 x18:1c000c98  PA:1c000c9c
18416486ns          307060 1c0084b4 00178793 addi             x15, x15, 1         x15=0000000c x15:0000000b
18416506ns          307061 1c0084b6 00c4a223 sw               x12, 4(x9)          x12:2b42c825  x9:1c000c48  PA:1c000c4c
18416824ns          307077 1c0084b8 00f42023 sw               x15, 0(x8)          x15:0000000c  x8:1c000f44  PA:1c000f44
18417162ns          307094 1c0084ba 02d60363 beq              x12, x13, 38        x12:2b42c825 x13:2b42c825
18417640ns          307118 1c0084e0 008a2783 lw               x15, 8(x20)         x15=a026334a x20:1c000c20  PA:1c000c28
18417978ns          307135 1c0084e4 0089a703 lw               x14, 8(x19)         x14=7fd2ae70 x19:1c000c70  PA:1c000c78
18418276ns          307150 1c0084e8 0084a603 lw               x12, 8(x9)          x12=87979259  x9:1c000c48  PA:1c000c50
18418614ns          307167 1c0084ea 42e79633 p.msu            x12, x15, x14       x12=b750d5f9 x12:87979259 x15:a026334a x14:7fd2ae70
18418634ns          307168 1c0084ee 00042783 lw               x15, 0(x8)          x15=0000000c  x8:1c000f44  PA:1c000f44
18418932ns          307183 1c0084f0 00892683 lw               x13, 8(x18)         x13=b750d5f9 x18:1c000c98  PA:1c000ca0
18419251ns          307199 1c0084f4 00178793 addi             x15, x15, 1         x15=0000000d x15:0000000c
18419271ns          307200 1c0084f6 00c4a423 sw               x12, 8(x9)          x12:b750d5f9  x9:1c000c48  PA:1c000c50
18419589ns          307216 1c0084f8 00f42023 sw               x15, 0(x8)          x15:0000000d  x8:1c000f44  PA:1c000f44
18419907ns          307232 1c0084fa 02d60363 beq              x12, x13, 38        x12:b750d5f9 x13:b750d5f9
18420385ns          307256 1c008520 00ca2783 lw               x15, 12(x20)        x15=7f89d18e x20:1c000c20  PA:1c000c2c
18420723ns          307273 1c008524 00c9a703 lw               x14, 12(x19)        x14=b2944da1 x19:1c000c70  PA:1c000c7c
18421041ns          307289 1c008528 00c4a603 lw               x12, 12(x9)         x12=575423f2  x9:1c000c48  PA:1c000c54
18421359ns          307305 1c00852a 42e79633 p.msu            x12, x15, x14       x12=cb87a3a4 x12:575423f2 x15:7f89d18e x14:b2944da1
18421379ns          307306 1c00852e 00042783 lw               x15, 0(x8)          x15=0000000d  x8:1c000f44  PA:1c000f44
18421677ns          307321 1c008530 00c92683 lw               x13, 12(x18)        x13=cb87a3a4 x18:1c000c98  PA:1c000ca4
18421996ns          307337 1c008534 00178793 addi             x15, x15, 1         x15=0000000e x15:0000000d
18422016ns          307338 1c008536 00c4a623 sw               x12, 12(x9)         x12:cb87a3a4  x9:1c000c48  PA:1c000c54
18422334ns          307354 1c008538 00f42023 sw               x15, 0(x8)          x15:0000000e  x8:1c000f44  PA:1c000f44
18422652ns          307370 1c00853a 02d60363 beq              x12, x13, 38        x12:cb87a3a4 x13:cb87a3a4
18423129ns          307394 1c008560 010a2783 lw               x15, 16(x20)        x15=57ded528 x20:1c000c20  PA:1c000c30
18423468ns          307411 1c008564 0109a703 lw               x14, 16(x19)        x14=f4780d43 x19:1c000c70  PA:1c000c80
18423786ns          307427 1c008568 0104a603 lw               x12, 16(x9)         x12=cb9f540f  x9:1c000c48  PA:1c000c58
18424104ns          307443 1c00856a 42e79633 p.msu            x12, x15, x14       x12=70ba8297 x12:cb9f540f x15:57ded528 x14:f4780d43
18424124ns          307444 1c00856e 00042783 lw               x15, 0(x8)          x15=0000000e  x8:1c000f44  PA:1c000f44
18424422ns          307459 1c008570 01092683 lw               x13, 16(x18)        x13=70ba8297 x18:1c000c98  PA:1c000ca8
18424741ns          307475 1c008574 00178793 addi             x15, x15, 1         x15=0000000f x15:0000000e
18424760ns          307476 1c008576 00c4a823 sw               x12, 16(x9)         x12:70ba8297  x9:1c000c48  PA:1c000c58
18425099ns          307493 1c008578 00f42023 sw               x15, 0(x8)          x15:0000000f  x8:1c000f44  PA:1c000f44
18425417ns          307509 1c00857a 02d60363 beq              x12, x13, 38        x12:70ba8297 x13:70ba8297
18425894ns          307533 1c0085a0 014a2783 lw               x15, 20(x20)        x15=2c14dd31 x20:1c000c20  PA:1c000c34
18426232ns          307550 1c0085a4 0149a703 lw               x14, 20(x19)        x14=df687ae4 x19:1c000c70  PA:1c000c84
18426551ns          307566 1c0085a8 0144a603 lw               x12, 20(x9)         x12=1e09cc2d  x9:1c000c48  PA:1c000c5c
18426869ns          307582 1c0085aa 42e79633 p.msu            x12, x15, x14       x12=5f237289 x12:1e09cc2d x15:2c14dd31 x14:df687ae4
18426889ns          307583 1c0085ae 00042783 lw               x15, 0(x8)          x15=0000000f  x8:1c000f44  PA:1c000f44
18427187ns          307598 1c0085b0 01492683 lw               x13, 20(x18)        x13=5f237289 x18:1c000c98  PA:1c000cac
18427505ns          307614 1c0085b4 00178793 addi             x15, x15, 1         x15=00000010 x15:0000000f
18427525ns          307615 1c0085b6 00c4aa23 sw               x12, 20(x9)         x12:5f237289  x9:1c000c48  PA:1c000c5c
18427844ns          307631 1c0085b8 00f42023 sw               x15, 0(x8)          x15:00000010  x8:1c000f44  PA:1c000f44
18428162ns          307647 1c0085ba 02d60363 beq              x12, x13, 38        x12:5f237289 x13:5f237289
18428639ns          307671 1c0085e0 018a2783 lw               x15, 24(x20)        x15=e03173ed x20:1c000c20  PA:1c000c38
18428977ns          307688 1c0085e4 0189a703 lw               x14, 24(x19)        x14=0d1ee2fb x19:1c000c70  PA:1c000c88
18429296ns          307704 1c0085e8 0184a603 lw               x12, 24(x9)         x12=2399b42c  x9:1c000c48  PA:1c000c60
18429614ns          307720 1c0085ea 42e79633 p.msu            x12, x15, x14       x12=0bffd0cd x12:2399b42c x15:e03173ed x14:0d1ee2fb
18429634ns          307721 1c0085ee 00042783 lw               x15, 0(x8)          x15=00000010  x8:1c000f44  PA:1c000f44
18429932ns          307736 1c0085f0 01892683 lw               x13, 24(x18)        x13=0bffd0cd x18:1c000c98  PA:1c000cb0
18430250ns          307752 1c0085f4 00178793 addi             x15, x15, 1         x15=00000011 x15:00000010
18430270ns          307753 1c0085f6 00c4ac23 sw               x12, 24(x9)         x12:0bffd0cd  x9:1c000c48  PA:1c000c60
18430588ns          307769 1c0085f8 00f42023 sw               x15, 0(x8)          x15:00000011  x8:1c000f44  PA:1c000f44
18430907ns          307785 1c0085fa 02d60363 beq              x12, x13, 38        x12:0bffd0cd x13:0bffd0cd
18431384ns          307809 1c008620 01ca2783 lw               x15, 28(x20)        x15=839042b2 x20:1c000c20  PA:1c000c3c
18431742ns          307827 1c008624 01c9a703 lw               x14, 28(x19)        x14=1e2cf346 x19:1c000c70  PA:1c000c8c
18432041ns          307842 1c008628 01c4a603 lw               x12, 28(x9)         x12=8a57d606  x9:1c000c48  PA:1c000c64
18432359ns          307858 1c00862a 42e79633 p.msu            x12, x15, x14       x12=4efea35a x12:8a57d606 x15:839042b2 x14:1e2cf346
18432379ns          307859 1c00862e 00042783 lw               x15, 0(x8)          x15=00000011  x8:1c000f44  PA:1c000f44
18432677ns          307874 1c008630 01c92683 lw               x13, 28(x18)        x13=4efea35a x18:1c000c98  PA:1c000cb4
18432995ns          307890 1c008634 00178793 addi             x15, x15, 1         x15=00000012 x15:00000011
18433015ns          307891 1c008636 00c4ae23 sw               x12, 28(x9)         x12:4efea35a  x9:1c000c48  PA:1c000c64
18433333ns          307907 1c008638 00f42023 sw               x15, 0(x8)          x15:00000012  x8:1c000f44  PA:1c000f44
18433652ns          307923 1c00863a 02d60363 beq              x12, x13, 38        x12:4efea35a x13:4efea35a
18434129ns          307947 1c008660 020a2783 lw               x15, 32(x20)        x15=822f5fa0 x20:1c000c20  PA:1c000c40
18434487ns          307965 1c008664 0209a703 lw               x14, 32(x19)        x14=65161889 x19:1c000c70  PA:1c000c90
18434805ns          307981 1c008668 0204a603 lw               x12, 32(x9)         x12=c924777c  x9:1c000c48  PA:1c000c68
18435124ns          307997 1c00866a 42e79633 p.msu            x12, x15, x14       x12=55134adc x12:c924777c x15:822f5fa0 x14:65161889
18435143ns          307998 1c00866e 00042783 lw               x15, 0(x8)          x15=00000012  x8:1c000f44  PA:1c000f44
18435442ns          308013 1c008670 02092683 lw               x13, 32(x18)        x13=55134adc x18:1c000c98  PA:1c000cb8
18435780ns          308030 1c008674 00178793 addi             x15, x15, 1         x15=00000013 x15:00000012
18435800ns          308031 1c008676 02c4a023 sw               x12, 32(x9)         x12:55134adc  x9:1c000c48  PA:1c000c68
18436118ns          308047 1c008678 00f42023 sw               x15, 0(x8)          x15:00000013  x8:1c000f44  PA:1c000f44
18436436ns          308063 1c00867a 02d60363 beq              x12, x13, 38        x12:55134adc x13:55134adc
18436914ns          308087 1c0086a0 024a2783 lw               x15, 36(x20)        x15=b7fad3df x20:1c000c20  PA:1c000c44
18437232ns          308103 1c0086a4 0249a703 lw               x14, 36(x19)        x14=a0ed6d72 x19:1c000c70  PA:1c000c94
18437530ns          308118 1c0086a8 0244a603 lw               x12, 36(x9)         x12=33dfe972  x9:1c000c48  PA:1c000c6c
18437849ns          308134 1c0086aa 42e79633 p.msu            x12, x15, x14       x12=f4849d24 x12:33dfe972 x15:b7fad3df x14:a0ed6d72
18437868ns          308135 1c0086ae 00042783 lw               x15, 0(x8)          x15=00000013  x8:1c000f44  PA:1c000f44
18438187ns          308151 1c0086b0 02492683 lw               x13, 36(x18)        x13=f4849d24 x18:1c000c98  PA:1c000cbc
18438485ns          308166 1c0086b4 00178793 addi             x15, x15, 1         x15=00000014 x15:00000013
18438505ns          308167 1c0086b6 02c4a223 sw               x12, 36(x9)         x12:f4849d24  x9:1c000c48  PA:1c000c6c
18438843ns          308184 1c0086b8 00f42023 sw               x15, 0(x8)          x15:00000014  x8:1c000f44  PA:1c000f44
18439161ns          308200 1c0086ba 00d61a63 bne              x12, x13, 20        x12:f4849d24 x13:f4849d24
18439181ns          308201 1c0086be 01c12083 lw               x1, 28(x2)           x1=1c009c72  x2:100007c8  PA:100007e4
18439201ns          308202 1c0086c0 01812403 lw               x8, 24(x2)           x8=1c000f40  x2:100007c8  PA:100007e0
18439221ns          308203 1c0086c2 01412483 lw               x9, 20(x2)           x9=xxxxxxxx  x2:100007c8  PA:100007dc
18439241ns          308204 1c0086c4 01012903 lw               x18, 16(x2)         x18=xxxxxxxx  x2:100007c8  PA:100007d8
18439261ns          308205 1c0086c6 00c12983 lw               x19, 12(x2)         x19=xxxxxxxx  x2:100007c8  PA:100007d4
18439281ns          308206 1c0086c8 00812a03 lw               x20, 8(x2)          x20=xxxxxxxx  x2:100007c8  PA:100007d0
18439301ns          308207 1c0086ca 02010113 addi             x2, x2, 32           x2=100007e8  x2:100007c8
18439321ns          308208 1c0086cc 00008067 jalr             x0, x1, 0            x1:1c009c72
18439778ns          308231 1c009c72 a8dfe0ef jal              x1, -5492            x1=1c009c76
18440235ns          308254 1c0086fe fe010113 addi             x2, x2, -32          x2=100007c8  x2:100007e8
18440693ns          308277 1c008700 00912a23 sw               x9, 20(x2)           x9:xxxxxxxx  x2:100007c8  PA:100007dc
18440713ns          308278 1c008702 01312623 sw               x19, 12(x2)         x19:xxxxxxxx  x2:100007c8  PA:100007d4
18440733ns          308279 1c008704 01412423 sw               x20, 8(x2)          x20:xxxxxxxx  x2:100007c8  PA:100007d0
18440753ns          308280 1c008706 1c0014b7 lui              x9, 0x1c001000       x9=1c001000
18440773ns          308281 1c00870a 1c001a37 lui              x20, 0x1c001000     x20=1c001000
18441230ns          308304 1c00870e 1c0019b7 lui              x19, 0x1c001000     x19=1c001000
18441270ns          308306 1c008712 b0848493 addi             x9, x9, -1272        x9=1c000b08  x9:1c001000
18441290ns          308307 1c008716 ae0a0a13 addi             x20, x20, -1312     x20=1c000ae0 x20:1c001000
18441310ns          308308 1c00871a b3098993 addi             x19, x19, -1232     x19=1c000b30 x19:1c001000
18441329ns          308309 1c00871e 00112e23 sw               x1, 28(x2)           x1:1c009c76  x2:100007c8  PA:100007e4
18441747ns          308330 1c008720 00812c23 sw               x8, 24(x2)           x8:1c000f40  x2:100007c8  PA:100007e0
18441767ns          308331 1c008722 01212823 sw               x18, 16(x2)         x18:xxxxxxxx  x2:100007c8  PA:100007d8
18441787ns          308332 1c008724 000a2783 lw               x15, 0(x20)         x15=ffffd60b x20:1c000ae0  PA:1c000ae0
18442085ns          308347 1c008728 0009a703 lw               x14, 0(x19)         x14=00007832 x19:1c000b30  PA:1c000b30
18442404ns          308363 1c00872c 0004a603 lw               x12, 0(x9)          x12=ff294069  x9:1c000b08  PA:1c000b08
18442722ns          308379 1c00872e 80e7965b p.macs           x12, x15, x14       x12=eb76368f x15:ffffd60b x14:00007832 x12:ff294069
18442742ns          308380 1c008732 1c001437 lui              x8, 0x1c001000       x8=1c001000
18442762ns          308381 1c008736 f4440413 addi             x8, x8, -188         x8=1c000f44  x8:1c001000
18442782ns          308382 1c00873a 00042783 lw               x15, 0(x8)          x15=00000014  x8:1c000f44  PA:1c000f44
18443100ns          308398 1c00873c 1c001937 lui              x18, 0x1c001000     x18=1c001000
18443259ns          308406 1c008740 b5890913 addi             x18, x18, -1192     x18=1c000b58 x18:1c001000
18443299ns          308408 1c008744 00178793 addi             x15, x15, 1         x15=00000015 x15:00000014
18443319ns          308409 1c008746 00092683 lw               x13, 0(x18)         x13=eb76368f x18:1c000b58  PA:1c000b58
18443617ns          308424 1c00874a 00c4a023 sw               x12, 0(x9)          x12:eb76368f  x9:1c000b08  PA:1c000b08
18443955ns          308441 1c00874c 00f42023 sw               x15, 0(x8)          x15:00000015  x8:1c000f44  PA:1c000f44
18444273ns          308457 1c00874e 02d60363 beq              x12, x13, 38        x12:eb76368f x13:eb76368f
18444751ns          308481 1c008774 004a2783 lw               x15, 4(x20)         x15=ffffbe04 x20:1c000ae0  PA:1c000ae4
18445109ns          308499 1c008778 0049a703 lw               x14, 4(x19)         x14=000035ea x19:1c000b30  PA:1c000b34
18445427ns          308515 1c00877c 0044a603 lw               x12, 4(x9)          x12=56024dde  x9:1c000b08  PA:1c000b0c
18445745ns          308531 1c00877e 80e7965b p.macs           x12, x15, x14       x12=481cd186 x15:ffffbe04 x14:000035ea x12:56024dde
18445765ns          308532 1c008782 00042783 lw               x15, 0(x8)          x15=00000015  x8:1c000f44  PA:1c000f44
18446063ns          308547 1c008784 00492683 lw               x13, 4(x18)         x13=481cd186 x18:1c000b58  PA:1c000b5c
18446382ns          308563 1c008788 00178793 addi             x15, x15, 1         x15=00000016 x15:00000015
18446402ns          308564 1c00878a 00c4a223 sw               x12, 4(x9)          x12:481cd186  x9:1c000b08  PA:1c000b0c
18446720ns          308580 1c00878c 00f42023 sw               x15, 0(x8)          x15:00000016  x8:1c000f44  PA:1c000f44
18447038ns          308596 1c00878e 02d60363 beq              x12, x13, 38        x12:481cd186 x13:481cd186
18447516ns          308620 1c0087b4 008a2783 lw               x15, 8(x20)         x15=ffffff62 x20:1c000ae0  PA:1c000ae8
18447834ns          308636 1c0087b8 0089a703 lw               x14, 8(x19)         x14=ffffb8be x19:1c000b30  PA:1c000b38
18448132ns          308651 1c0087bc 0084a603 lw               x12, 8(x9)          x12=ea4dffb6  x9:1c000b08  PA:1c000b10
18448450ns          308667 1c0087be 80e7965b p.macs           x12, x15, x14       x12=ea79fa72 x15:ffffff62 x14:ffffb8be x12:ea4dffb6
18448470ns          308668 1c0087c2 00042783 lw               x15, 0(x8)          x15=00000016  x8:1c000f44  PA:1c000f44
18448769ns          308683 1c0087c4 00892683 lw               x13, 8(x18)         x13=ea79fa72 x18:1c000b58  PA:1c000b60
18449087ns          308699 1c0087c8 00178793 addi             x15, x15, 1         x15=00000017 x15:00000016
18449107ns          308700 1c0087ca 00c4a423 sw               x12, 8(x9)          x12:ea79fa72  x9:1c000b08  PA:1c000b10
18449425ns          308716 1c0087cc 00f42023 sw               x15, 0(x8)          x15:00000017  x8:1c000f44  PA:1c000f44
18449743ns          308732 1c0087ce 02d60363 beq              x12, x13, 38        x12:ea79fa72 x13:ea79fa72
18450221ns          308756 1c0087f4 00ca2783 lw               x15, 12(x20)        x15=0000546e x20:1c000ae0  PA:1c000aec
18450539ns          308772 1c0087f8 00c9a703 lw               x14, 12(x19)        x14=ffff8854 x19:1c000b30  PA:1c000b3c
18450837ns          308787 1c0087fc 00c4a603 lw               x12, 12(x9)         x12=7f009181  x9:1c000b08  PA:1c000b14
18451156ns          308803 1c0087fe 80e7965b p.macs           x12, x15, x14       x12=5788b599 x15:0000546e x14:ffff8854 x12:7f009181
18451175ns          308804 1c008802 00042783 lw               x15, 0(x8)          x15=00000017  x8:1c000f44  PA:1c000f44
18451474ns          308819 1c008804 00c92683 lw               x13, 12(x18)        x13=5788b599 x18:1c000b58  PA:1c000b64
18451792ns          308835 1c008808 00178793 addi             x15, x15, 1         x15=00000018 x15:00000017
18451812ns          308836 1c00880a 00c4a623 sw               x12, 12(x9)         x12:5788b599  x9:1c000b08  PA:1c000b14
18452130ns          308852 1c00880c 00f42023 sw               x15, 0(x8)          x15:00000018  x8:1c000f44  PA:1c000f44
18452448ns          308868 1c00880e 02d60363 beq              x12, x13, 38        x12:5788b599 x13:5788b599
18452926ns          308892 1c008834 010a2783 lw               x15, 16(x20)        x15=00002f55 x20:1c000ae0  PA:1c000af0
18453244ns          308908 1c008838 0109a703 lw               x14, 16(x19)        x14=ffffa846 x19:1c000b30  PA:1c000b40
18453542ns          308923 1c00883c 0104a603 lw               x12, 16(x9)         x12=9ca7bd91  x9:1c000b08  PA:1c000b18
18453861ns          308939 1c00883e 80e7965b p.macs           x12, x15, x14       x12=8c6f76cf x15:00002f55 x14:ffffa846 x12:9ca7bd91
18453881ns          308940 1c008842 00042783 lw               x15, 0(x8)          x15=00000018  x8:1c000f44  PA:1c000f44
18454179ns          308955 1c008844 01092683 lw               x13, 16(x18)        x13=8c6f76cf x18:1c000b58  PA:1c000b68
18454477ns          308970 1c008848 00178793 addi             x15, x15, 1         x15=00000019 x15:00000018
18454497ns          308971 1c00884a 00c4a823 sw               x12, 16(x9)         x12:8c6f76cf  x9:1c000b08  PA:1c000b18
18454835ns          308988 1c00884c 00f42023 sw               x15, 0(x8)          x15:00000019  x8:1c000f44  PA:1c000f44
18455154ns          309004 1c00884e 02d60363 beq              x12, x13, 38        x12:8c6f76cf x13:8c6f76cf
18455631ns          309028 1c008874 014a2783 lw               x15, 20(x20)        x15=fffff387 x20:1c000ae0  PA:1c000af4
18455949ns          309044 1c008878 0149a703 lw               x14, 20(x19)        x14=ffff92e6 x19:1c000b30  PA:1c000b44
18456248ns          309059 1c00887c 0144a603 lw               x12, 20(x9)         x12=9973e97e  x9:1c000b08  PA:1c000b1c
18456566ns          309075 1c00887e 80e7965b p.macs           x12, x15, x14       x12=9ec4b2c8 x15:fffff387 x14:ffff92e6 x12:9973e97e
18456586ns          309076 1c008882 00042783 lw               x15, 0(x8)          x15=00000019  x8:1c000f44  PA:1c000f44
18456884ns          309091 1c008884 01492683 lw               x13, 20(x18)        x13=9ec4b2c8 x18:1c000b58  PA:1c000b6c
18457182ns          309106 1c008888 00178793 addi             x15, x15, 1         x15=0000001a x15:00000019
18457202ns          309107 1c00888a 00c4aa23 sw               x12, 20(x9)         x12:9ec4b2c8  x9:1c000b08  PA:1c000b1c
18457540ns          309124 1c00888c 00f42023 sw               x15, 0(x8)          x15:0000001a  x8:1c000f44  PA:1c000f44
18457859ns          309140 1c00888e 02d60363 beq              x12, x13, 38        x12:9ec4b2c8 x13:9ec4b2c8
18458336ns          309164 1c0088b4 018a2783 lw               x15, 24(x20)        x15=ffff9165 x20:1c000ae0  PA:1c000af8
18458654ns          309180 1c0088b8 0189a703 lw               x14, 24(x19)        x14=000036f5 x19:1c000b30  PA:1c000b48
18458953ns          309195 1c0088bc 0184a603 lw               x12, 24(x9)         x12=f1b49961  x9:1c000b08  PA:1c000b20
18459271ns          309211 1c0088be 80e7965b p.macs           x12, x15, x14       x12=d9f60d0a x15:ffff9165 x14:000036f5 x12:f1b49961
18459291ns          309212 1c0088c2 00042783 lw               x15, 0(x8)          x15=0000001a  x8:1c000f44  PA:1c000f44
18459589ns          309227 1c0088c4 01892683 lw               x13, 24(x18)        x13=d9f60d0a x18:1c000b58  PA:1c000b70
18459888ns          309242 1c0088c8 00178793 addi             x15, x15, 1         x15=0000001b x15:0000001a
18459907ns          309243 1c0088ca 00c4ac23 sw               x12, 24(x9)         x12:d9f60d0a  x9:1c000b08  PA:1c000b20
18460246ns          309260 1c0088cc 00f42023 sw               x15, 0(x8)          x15:0000001b  x8:1c000f44  PA:1c000f44
18460564ns          309276 1c0088ce 02d60363 beq              x12, x13, 38        x12:d9f60d0a x13:d9f60d0a
18461061ns          309301 1c0088f4 01ca2783 lw               x15, 28(x20)        x15=000073aa x20:1c000ae0  PA:1c000afc
18461399ns          309318 1c0088f8 01c9a703 lw               x14, 28(x19)        x14=000049bf x19:1c000b30  PA:1c000b4c
18461718ns          309334 1c0088fc 01c4a603 lw               x12, 28(x9)         x12=65b1f1e2  x9:1c000b08  PA:1c000b24
18462036ns          309350 1c0088fe 80e7965b p.macs           x12, x15, x14       x12=8703b7b8 x15:000073aa x14:000049bf x12:65b1f1e2
18462056ns          309351 1c008902 00042783 lw               x15, 0(x8)          x15=0000001b  x8:1c000f44  PA:1c000f44
18462374ns          309367 1c008904 01c92683 lw               x13, 28(x18)        x13=8703b7b8 x18:1c000b58  PA:1c000b74
18462672ns          309382 1c008908 00178793 addi             x15, x15, 1         x15=0000001c x15:0000001b
18462692ns          309383 1c00890a 00c4ae23 sw               x12, 28(x9)         x12:8703b7b8  x9:1c000b08  PA:1c000b24
18463010ns          309399 1c00890c 00f42023 sw               x15, 0(x8)          x15:0000001c  x8:1c000f44  PA:1c000f44
18463329ns          309415 1c00890e 02d60363 beq              x12, x13, 38        x12:8703b7b8 x13:8703b7b8
18463826ns          309440 1c008934 020a2783 lw               x15, 32(x20)        x15=ffffc5e3 x20:1c000ae0  PA:1c000b00
18464164ns          309457 1c008938 0209a703 lw               x14, 32(x19)        x14=ffffd600 x19:1c000b30  PA:1c000b50
18464482ns          309473 1c00893c 0204a603 lw               x12, 32(x9)         x12=e26c49ea  x9:1c000b08  PA:1c000b28
18464801ns          309489 1c00893e 80e7965b p.macs           x12, x15, x14       x12=ebf50bea x15:ffffc5e3 x14:ffffd600 x12:e26c49ea
18464820ns          309490 1c008942 00042783 lw               x15, 0(x8)          x15=0000001c  x8:1c000f44  PA:1c000f44
18465119ns          309505 1c008944 02092683 lw               x13, 32(x18)        x13=ebf50bea x18:1c000b58  PA:1c000b78
18465417ns          309520 1c008948 00178793 addi             x15, x15, 1         x15=0000001d x15:0000001c
18465437ns          309521 1c00894a 02c4a023 sw               x12, 32(x9)         x12:ebf50bea  x9:1c000b08  PA:1c000b28
18465755ns          309537 1c00894c 00f42023 sw               x15, 0(x8)          x15:0000001d  x8:1c000f44  PA:1c000f44
18466074ns          309553 1c00894e 02d60363 beq              x12, x13, 38        x12:ebf50bea x13:ebf50bea
18466571ns          309578 1c008974 024a2783 lw               x15, 36(x20)        x15=ffff9013 x20:1c000ae0  PA:1c000b04
18466909ns          309595 1c008978 0249a703 lw               x14, 36(x19)        x14=ffffd4d5 x19:1c000b30  PA:1c000b54
18467227ns          309611 1c00897c 0244a603 lw               x12, 36(x9)         x12=8439b921  x9:1c000b08  PA:1c000b2c
18467545ns          309627 1c00897e 80e7965b p.macs           x12, x15, x14       x12=971954f0 x15:ffff9013 x14:ffffd4d5 x12:8439b921
18467565ns          309628 1c008982 00042783 lw               x15, 0(x8)          x15=0000001d  x8:1c000f44  PA:1c000f44
18467864ns          309643 1c008984 02492683 lw               x13, 36(x18)        x13=971954f0 x18:1c000b58  PA:1c000b7c
18468162ns          309658 1c008988 00178793 addi             x15, x15, 1         x15=0000001e x15:0000001d
18468182ns          309659 1c00898a 02c4a223 sw               x12, 36(x9)         x12:971954f0  x9:1c000b08  PA:1c000b2c
18468500ns          309675 1c00898c 00f42023 sw               x15, 0(x8)          x15:0000001e  x8:1c000f44  PA:1c000f44
18468819ns          309691 1c00898e 02d60363 beq              x12, x13, 38        x12:971954f0 x13:971954f0
18469296ns          309715 1c0089b4 1c0014b7 lui              x9, 0x1c001000       x9=1c001000
18469336ns          309717 1c0089b8 1c001a37 lui              x20, 0x1c001000     x20=1c001000
18469356ns          309718 1c0089bc 1c0019b7 lui              x19, 0x1c001000     x19=1c001000
18469793ns          309740 1c0089c0 ba848493 addi             x9, x9, -1112        x9=1c000ba8  x9:1c001000
18469833ns          309742 1c0089c4 b80a0a13 addi             x20, x20, -1152     x20=1c000b80 x20:1c001000
18469853ns          309743 1c0089c8 bd098993 addi             x19, x19, -1072     x19=1c000bd0 x19:1c001000
18469873ns          309744 1c0089cc 000a2783 lw               x15, 0(x20)         x15=00005fd3 x20:1c000b80  PA:1c000b80
18470350ns          309768 1c0089d0 0009a703 lw               x14, 0(x19)         x14=0000ffbf x19:1c000bd0  PA:1c000bd0
18470648ns          309783 1c0089d4 0004a603 lw               x12, 0(x9)          x12=c1e03777  x9:1c000ba8  PA:1c000ba8
18470967ns          309799 1c0089d6 00e7965b p.macu           x12, x15, x14       x12=219ae2e4 x15:00005fd3 x14:0000ffbf x12:c1e03777
18470987ns          309800 1c0089da 1c001937 lui              x18, 0x1c001000     x18=1c001000
18471006ns          309801 1c0089de 00042783 lw               x15, 0(x8)          x15=0000001e  x8:1c000f44  PA:1c000f44
18471305ns          309816 1c0089e0 bf890913 addi             x18, x18, -1032     x18=1c000bf8 x18:1c001000
18471325ns          309817 1c0089e4 00178793 addi             x15, x15, 1         x15=0000001f x15:0000001e
18471345ns          309818 1c0089e6 00092683 lw               x13, 0(x18)         x13=219ae2e4 x18:1c000bf8  PA:1c000bf8
18471683ns          309835 1c0089ea 00c4a023 sw               x12, 0(x9)          x12:219ae2e4  x9:1c000ba8  PA:1c000ba8
18472001ns          309851 1c0089ec 00f42023 sw               x15, 0(x8)          x15:0000001f  x8:1c000f44  PA:1c000f44
18472319ns          309867 1c0089ee 02d60363 beq              x12, x13, 38        x12:219ae2e4 x13:219ae2e4
18472797ns          309891 1c008a14 004a2783 lw               x15, 4(x20)         x15=0000fd32 x20:1c000b80  PA:1c000b84
18473115ns          309907 1c008a18 0049a703 lw               x14, 4(x19)         x14=000065a6 x19:1c000bd0  PA:1c000bd4
18473413ns          309922 1c008a1c 0044a603 lw               x12, 4(x9)          x12=c4c0056a  x9:1c000ba8  PA:1c000bac
18473732ns          309938 1c008a1e 00e7965b p.macu           x12, x15, x14       x12=2948edd6 x15:0000fd32 x14:000065a6 x12:c4c0056a
18473751ns          309939 1c008a22 00042783 lw               x15, 0(x8)          x15=0000001f  x8:1c000f44  PA:1c000f44
18474050ns          309954 1c008a24 00492683 lw               x13, 4(x18)         x13=2948edd6 x18:1c000bf8  PA:1c000bfc
18474368ns          309970 1c008a28 00178793 addi             x15, x15, 1         x15=00000020 x15:0000001f
18474388ns          309971 1c008a2a 00c4a223 sw               x12, 4(x9)          x12:2948edd6  x9:1c000ba8  PA:1c000bac
18474706ns          309987 1c008a2c 00f42023 sw               x15, 0(x8)          x15:00000020  x8:1c000f44  PA:1c000f44
18475024ns          310003 1c008a2e 02d60363 beq              x12, x13, 38        x12:2948edd6 x13:2948edd6
18475502ns          310027 1c008a54 008a2783 lw               x15, 8(x20)         x15=00001b5d x20:1c000b80  PA:1c000b88
18475820ns          310043 1c008a58 0089a703 lw               x14, 8(x19)         x14=0000fe0e x19:1c000bd0  PA:1c000bd8
18476118ns          310058 1c008a5c 0084a603 lw               x12, 8(x9)          x12=1fc7e8db  x9:1c000ba8  PA:1c000bb0
18476437ns          310074 1c008a5e 00e7965b p.macu           x12, x15, x14       x12=3aefadf1 x15:00001b5d x14:0000fe0e x12:1fc7e8db
18476457ns          310075 1c008a62 00042783 lw               x15, 0(x8)          x15=00000020  x8:1c000f44  PA:1c000f44
18476755ns          310090 1c008a64 00892683 lw               x13, 8(x18)         x13=3aefadf1 x18:1c000bf8  PA:1c000c00
18477073ns          310106 1c008a68 00178793 addi             x15, x15, 1         x15=00000021 x15:00000020
18477093ns          310107 1c008a6a 00c4a423 sw               x12, 8(x9)          x12:3aefadf1  x9:1c000ba8  PA:1c000bb0
18477411ns          310123 1c008a6c 00f42023 sw               x15, 0(x8)          x15:00000021  x8:1c000f44  PA:1c000f44
18477730ns          310139 1c008a6e 02d60363 beq              x12, x13, 38        x12:3aefadf1 x13:3aefadf1
18478207ns          310163 1c008a94 00ca2783 lw               x15, 12(x20)        x15=000017ae x20:1c000b80  PA:1c000b8c
18478525ns          310179 1c008a98 00c9a703 lw               x14, 12(x19)        x14=00003de7 x19:1c000bd0  PA:1c000bdc
18478824ns          310194 1c008a9c 00c4a603 lw               x12, 12(x9)         x12=09a2443a  x9:1c000ba8  PA:1c000bb4
18479142ns          310210 1c008a9e 00e7965b p.macu           x12, x15, x14       x12=0f5c183c x15:000017ae x14:00003de7 x12:09a2443a
18479162ns          310211 1c008aa2 00042783 lw               x15, 0(x8)          x15=00000021  x8:1c000f44  PA:1c000f44
18479460ns          310226 1c008aa4 00c92683 lw               x13, 12(x18)        x13=0f5c183c x18:1c000bf8  PA:1c000c04
18479758ns          310241 1c008aa8 00178793 addi             x15, x15, 1         x15=00000022 x15:00000021
18479778ns          310242 1c008aaa 00c4a623 sw               x12, 12(x9)         x12:0f5c183c  x9:1c000ba8  PA:1c000bb4
18480116ns          310259 1c008aac 00f42023 sw               x15, 0(x8)          x15:00000022  x8:1c000f44  PA:1c000f44
18480435ns          310275 1c008aae 02d60363 beq              x12, x13, 38        x12:0f5c183c x13:0f5c183c
18480912ns          310299 1c008ad4 010a2783 lw               x15, 16(x20)        x15=0000a41f x20:1c000b80  PA:1c000b90
18481230ns          310315 1c008ad8 0109a703 lw               x14, 16(x19)        x14=0000cbbc x19:1c000bd0  PA:1c000be0
18481529ns          310330 1c008adc 0104a603 lw               x12, 16(x9)         x12=b8d9ae87  x9:1c000ba8  PA:1c000bb8
18481847ns          310346 1c008ade 00e7965b p.macu           x12, x15, x14       x12=3b76ca4b x15:0000a41f x14:0000cbbc x12:b8d9ae87
18481867ns          310347 1c008ae2 00042783 lw               x15, 0(x8)          x15=00000022  x8:1c000f44  PA:1c000f44
18482165ns          310362 1c008ae4 01092683 lw               x13, 16(x18)        x13=3b76ca4b x18:1c000bf8  PA:1c000c08
18482464ns          310377 1c008ae8 00178793 addi             x15, x15, 1         x15=00000023 x15:00000022
18482483ns          310378 1c008aea 00c4a823 sw               x12, 16(x9)         x12:3b76ca4b  x9:1c000ba8  PA:1c000bb8
18482822ns          310395 1c008aec 00f42023 sw               x15, 0(x8)          x15:00000023  x8:1c000f44  PA:1c000f44
18483140ns          310411 1c008aee 02d60363 beq              x12, x13, 38        x12:3b76ca4b x13:3b76ca4b
18483617ns          310435 1c008b14 014a2783 lw               x15, 20(x20)        x15=000097a9 x20:1c000b80  PA:1c000b94
18483935ns          310451 1c008b18 0149a703 lw               x14, 20(x19)        x14=0000b087 x19:1c000bd0  PA:1c000be4
18484234ns          310466 1c008b1c 0144a603 lw               x12, 20(x9)         x12=a8dd6971  x9:1c000ba8  PA:1c000bbc
18484552ns          310482 1c008b1e 00e7965b p.macu           x12, x15, x14       x12=11719390 x15:000097a9 x14:0000b087 x12:a8dd6971
18484572ns          310483 1c008b22 00042783 lw               x15, 0(x8)          x15=00000023  x8:1c000f44  PA:1c000f44
18484870ns          310498 1c008b24 01492683 lw               x13, 20(x18)        x13=11719390 x18:1c000bf8  PA:1c000c0c
18485169ns          310513 1c008b28 00178793 addi             x15, x15, 1         x15=00000024 x15:00000023
18485189ns          310514 1c008b2a 00c4aa23 sw               x12, 20(x9)         x12:11719390  x9:1c000ba8  PA:1c000bbc
18485527ns          310531 1c008b2c 00f42023 sw               x15, 0(x8)          x15:00000024  x8:1c000f44  PA:1c000f44
18485845ns          310547 1c008b2e 02d60363 beq              x12, x13, 38        x12:11719390 x13:11719390
18486342ns          310572 1c008b54 018a2783 lw               x15, 24(x20)        x15=0000b996 x20:1c000b80  PA:1c000b98
18486680ns          310589 1c008b58 0189a703 lw               x14, 24(x19)        x14=0000cfc7 x19:1c000bd0  PA:1c000be8
18486999ns          310605 1c008b5c 0184a603 lw               x12, 24(x9)         x12=6243d621  x9:1c000ba8  PA:1c000bc0
18487317ns          310621 1c008b5e 00e7965b p.macu           x12, x15, x14       x12=f8e463bb x15:0000b996 x14:0000cfc7 x12:6243d621
18487337ns          310622 1c008b62 00042783 lw               x15, 0(x8)          x15=00000024  x8:1c000f44  PA:1c000f44
18487655ns          310638 1c008b64 01892683 lw               x13, 24(x18)        x13=f8e463bb x18:1c000bf8  PA:1c000c10
18487953ns          310653 1c008b68 00178793 addi             x15, x15, 1         x15=00000025 x15:00000024
18487973ns          310654 1c008b6a 00c4ac23 sw               x12, 24(x9)         x12:f8e463bb  x9:1c000ba8  PA:1c000bc0
18488292ns          310670 1c008b6c 00f42023 sw               x15, 0(x8)          x15:00000025  x8:1c000f44  PA:1c000f44
18488610ns          310686 1c008b6e 02d60363 beq              x12, x13, 38        x12:f8e463bb x13:f8e463bb
18489107ns          310711 1c008b94 01ca2783 lw               x15, 28(x20)        x15=0000b12c x20:1c000b80  PA:1c000b9c
18489445ns          310728 1c008b98 01c9a703 lw               x14, 28(x19)        x14=0000c79b x19:1c000bd0  PA:1c000bec
18489763ns          310744 1c008b9c 01c4a603 lw               x12, 28(x9)         x12=1e81f88c  x9:1c000ba8  PA:1c000bc4
18490082ns          310760 1c008b9e 00e7965b p.macu           x12, x15, x14       x12=a8a67230 x15:0000b12c x14:0000c79b x12:1e81f88c
18490102ns          310761 1c008ba2 00042783 lw               x15, 0(x8)          x15=00000025  x8:1c000f44  PA:1c000f44
18490400ns          310776 1c008ba4 01c92683 lw               x13, 28(x18)        x13=a8a67230 x18:1c000bf8  PA:1c000c14
18490698ns          310791 1c008ba8 00178793 addi             x15, x15, 1         x15=00000026 x15:00000025
18490718ns          310792 1c008baa 00c4ae23 sw               x12, 28(x9)         x12:a8a67230  x9:1c000ba8  PA:1c000bc4
18491036ns          310808 1c008bac 00f42023 sw               x15, 0(x8)          x15:00000026  x8:1c000f44  PA:1c000f44
18491355ns          310824 1c008bae 02d60363 beq              x12, x13, 38        x12:a8a67230 x13:a8a67230
18491852ns          310849 1c008bd4 020a2783 lw               x15, 32(x20)        x15=0000e88f x20:1c000b80  PA:1c000ba0
18492190ns          310866 1c008bd8 0209a703 lw               x14, 32(x19)        x14=0000c4b0 x19:1c000bd0  PA:1c000bf0
18492508ns          310882 1c008bdc 0204a603 lw               x12, 32(x9)         x12=0ee53470  x9:1c000ba8  PA:1c000bc8
18492827ns          310898 1c008bde 00e7965b p.macu           x12, x15, x14       x12=c19292c0 x15:0000e88f x14:0000c4b0 x12:0ee53470
18492847ns          310899 1c008be2 00042783 lw               x15, 0(x8)          x15=00000026  x8:1c000f44  PA:1c000f44
18493145ns          310914 1c008be4 02092683 lw               x13, 32(x18)        x13=c19292c0 x18:1c000bf8  PA:1c000c18
18493443ns          310929 1c008be8 00178793 addi             x15, x15, 1         x15=00000027 x15:00000026
18493463ns          310930 1c008bea 02c4a023 sw               x12, 32(x9)         x12:c19292c0  x9:1c000ba8  PA:1c000bc8
18493781ns          310946 1c008bec 00f42023 sw               x15, 0(x8)          x15:00000027  x8:1c000f44  PA:1c000f44
18494100ns          310962 1c008bee 02d60363 beq              x12, x13, 38        x12:c19292c0 x13:c19292c0
18494577ns          310986 1c008c14 024a2783 lw               x15, 36(x20)        x15=0000b151 x20:1c000b80  PA:1c000ba4
18494915ns          311003 1c008c18 0249a703 lw               x14, 36(x19)        x14=0000fc07 x19:1c000bd0  PA:1c000bf4
18495233ns          311019 1c008c1c 0244a603 lw               x12, 36(x9)         x12=4cdc226a  x9:1c000ba8  PA:1c000bcc
18495552ns          311035 1c008c1e 00e7965b p.macu           x12, x15, x14       x12=fb6cb7a1 x15:0000b151 x14:0000fc07 x12:4cdc226a
18495572ns          311036 1c008c22 00042783 lw               x15, 0(x8)          x15=00000027  x8:1c000f44  PA:1c000f44
18495870ns          311051 1c008c24 02492683 lw               x13, 36(x18)        x13=fb6cb7a1 x18:1c000bf8  PA:1c000c1c
18496168ns          311066 1c008c28 00178793 addi             x15, x15, 1         x15=00000028 x15:00000027
18496188ns          311067 1c008c2a 02c4a223 sw               x12, 36(x9)         x12:fb6cb7a1  x9:1c000ba8  PA:1c000bcc
18496506ns          311083 1c008c2c 00f42023 sw               x15, 0(x8)          x15:00000028  x8:1c000f44  PA:1c000f44
18496825ns          311099 1c008c2e 02d60363 beq              x12, x13, 38        x12:fb6cb7a1 x13:fb6cb7a1
18497302ns          311123 1c008c54 1c0014b7 lui              x9, 0x1c001000       x9=1c001000
18497342ns          311125 1c008c58 1c001a37 lui              x20, 0x1c001000     x20=1c001000
18497362ns          311126 1c008c5c 1c0019b7 lui              x19, 0x1c001000     x19=1c001000
18497799ns          311148 1c008c60 e2848493 addi             x9, x9, -472         x9=1c000e28  x9:1c001000
18497839ns          311150 1c008c64 e00a0a13 addi             x20, x20, -512      x20=1c000e00 x20:1c001000
18497859ns          311151 1c008c68 e5098993 addi             x19, x19, -432      x19=1c000e50 x19:1c001000
18497879ns          311152 1c008c6c 000a2783 lw               x15, 0(x20)         x15=00006ac3 x20:1c000e00  PA:1c000e00
18498356ns          311176 1c008c70 0009a703 lw               x14, 0(x19)         x14=fffff8fd x19:1c000e50  PA:1c000e50
18498655ns          311191 1c008c74 0004a603 lw               x12, 0(x9)          x12=85db9c99  x9:1c000e28  PA:1c000e28
18498973ns          311207 1c008c76 80e7865b p.muls           x12, x15, x14       x12=fd136ab7 x15:00006ac3 x14:fffff8fd
18498993ns          311208 1c008c7a 1c001937 lui              x18, 0x1c001000     x18=1c001000
18499013ns          311209 1c008c7e 00042783 lw               x15, 0(x8)          x15=00000028  x8:1c000f44  PA:1c000f44
18499311ns          311224 1c008c80 e7890913 addi             x18, x18, -392      x18=1c000e78 x18:1c001000
18499331ns          311225 1c008c84 00178793 addi             x15, x15, 1         x15=00000029 x15:00000028
18499351ns          311226 1c008c86 00092683 lw               x13, 0(x18)         x13=fd136ab7 x18:1c000e78  PA:1c000e78
18499669ns          311242 1c008c8a 00c4a023 sw               x12, 0(x9)          x12:fd136ab7  x9:1c000e28  PA:1c000e28
18499987ns          311258 1c008c8c 00f42023 sw               x15, 0(x8)          x15:00000029  x8:1c000f44  PA:1c000f44
18500306ns          311274 1c008c8e 02d60363 beq              x12, x13, 38        x12:fd136ab7 x13:fd136ab7
18500783ns          311298 1c008cb4 004a2783 lw               x15, 4(x20)         x15=fffff2c7 x20:1c000e00  PA:1c000e04
18501101ns          311314 1c008cb8 0049a703 lw               x14, 4(x19)         x14=fffff307 x19:1c000e50  PA:1c000e54
18501400ns          311329 1c008cbc 0044a603 lw               x12, 4(x9)          x12=5647ebff  x9:1c000e28  PA:1c000e2c
18501718ns          311345 1c008cbe 80e7865b p.muls           x12, x15, x14       x12=00ab8871 x15:fffff2c7 x14:fffff307
18501738ns          311346 1c008cc2 00042783 lw               x15, 0(x8)          x15=00000029  x8:1c000f44  PA:1c000f44
18502036ns          311361 1c008cc4 00492683 lw               x13, 4(x18)         x13=00ab8871 x18:1c000e78  PA:1c000e7c
18502354ns          311377 1c008cc8 00178793 addi             x15, x15, 1         x15=0000002a x15:00000029
18502374ns          311378 1c008cca 00c4a223 sw               x12, 4(x9)          x12:00ab8871  x9:1c000e28  PA:1c000e2c
18502692ns          311394 1c008ccc 00f42023 sw               x15, 0(x8)          x15:0000002a  x8:1c000f44  PA:1c000f44
18503011ns          311410 1c008cce 02d60363 beq              x12, x13, 38        x12:00ab8871 x13:00ab8871
18503488ns          311434 1c008cf4 008a2783 lw               x15, 8(x20)         x15=00005472 x20:1c000e00  PA:1c000e08
18503806ns          311450 1c008cf8 0089a703 lw               x14, 8(x19)         x14=00006f05 x19:1c000e50  PA:1c000e58
18504105ns          311465 1c008cfc 0084a603 lw               x12, 8(x9)          x12=521d4e96  x9:1c000e28  PA:1c000e30
18504423ns          311481 1c008cfe 80e7865b p.muls           x12, x15, x14       x12=249f143a x15:00005472 x14:00006f05
18504443ns          311482 1c008d02 00042783 lw               x15, 0(x8)          x15=0000002a  x8:1c000f44  PA:1c000f44
18504741ns          311497 1c008d04 00892683 lw               x13, 8(x18)         x13=249f143a x18:1c000e78  PA:1c000e80
18505040ns          311512 1c008d08 00178793 addi             x15, x15, 1         x15=0000002b x15:0000002a
18505059ns          311513 1c008d0a 00c4a423 sw               x12, 8(x9)          x12:249f143a  x9:1c000e28  PA:1c000e30
18505398ns          311530 1c008d0c 00f42023 sw               x15, 0(x8)          x15:0000002b  x8:1c000f44  PA:1c000f44
18505716ns          311546 1c008d0e 02d60363 beq              x12, x13, 38        x12:249f143a x13:249f143a
18506193ns          311570 1c008d34 00ca2783 lw               x15, 12(x20)        x15=0000065e x20:1c000e00  PA:1c000e0c
18506511ns          311586 1c008d38 00c9a703 lw               x14, 12(x19)        x14=ffffd66b x19:1c000e50  PA:1c000e5c
18506810ns          311601 1c008d3c 00c4a603 lw               x12, 12(x9)         x12=cfe74c95  x9:1c000e28  PA:1c000e34
18507128ns          311617 1c008d3e 80e7865b p.muls           x12, x15, x14       x12=fef73d4a x15:0000065e x14:ffffd66b
18507148ns          311618 1c008d42 00042783 lw               x15, 0(x8)          x15=0000002b  x8:1c000f44  PA:1c000f44
18507446ns          311633 1c008d44 00c92683 lw               x13, 12(x18)        x13=fef73d4a x18:1c000e78  PA:1c000e84
18507745ns          311648 1c008d48 00178793 addi             x15, x15, 1         x15=0000002c x15:0000002b
18507765ns          311649 1c008d4a 00c4a623 sw               x12, 12(x9)         x12:fef73d4a  x9:1c000e28  PA:1c000e34
18508103ns          311666 1c008d4c 00f42023 sw               x15, 0(x8)          x15:0000002c  x8:1c000f44  PA:1c000f44
18508421ns          311682 1c008d4e 02d60363 beq              x12, x13, 38        x12:fef73d4a x13:fef73d4a
18508898ns          311706 1c008d74 010a2783 lw               x15, 16(x20)        x15=ffff8d97 x20:1c000e00  PA:1c000e10
18509217ns          311722 1c008d78 0109a703 lw               x14, 16(x19)        x14=00005fb3 x19:1c000e50  PA:1c000e60
18509515ns          311737 1c008d7c 0104a603 lw               x12, 16(x9)         x12=7e4a831c  x9:1c000e28  PA:1c000e38
18509833ns          311753 1c008d7e 80e7865b p.muls           x12, x15, x14       x12=d53b0995 x15:ffff8d97 x14:00005fb3
18509853ns          311754 1c008d82 00042783 lw               x15, 0(x8)          x15=0000002c  x8:1c000f44  PA:1c000f44
18510151ns          311769 1c008d84 01092683 lw               x13, 16(x18)        x13=d53b0995 x18:1c000e78  PA:1c000e88
18510450ns          311784 1c008d88 00178793 addi             x15, x15, 1         x15=0000002d x15:0000002c
18510470ns          311785 1c008d8a 00c4a823 sw               x12, 16(x9)         x12:d53b0995  x9:1c000e28  PA:1c000e38
18510808ns          311802 1c008d8c 00f42023 sw               x15, 0(x8)          x15:0000002d  x8:1c000f44  PA:1c000f44
18511126ns          311818 1c008d8e 02d60363 beq              x12, x13, 38        x12:d53b0995 x13:d53b0995
18511623ns          311843 1c008db4 014a2783 lw               x15, 20(x20)        x15=ffffd302 x20:1c000e00  PA:1c000e14
18511962ns          311860 1c008db8 0149a703 lw               x14, 20(x19)        x14=000064f5 x19:1c000e50  PA:1c000e64
18512280ns          311876 1c008dbc 0144a603 lw               x12, 20(x9)         x12=fe14f999  x9:1c000e28  PA:1c000e3c
18512598ns          311892 1c008dbe 80e7865b p.muls           x12, x15, x14       x12=ee41b8ea x15:ffffd302 x14:000064f5
18512618ns          311893 1c008dc2 00042783 lw               x15, 0(x8)          x15=0000002d  x8:1c000f44  PA:1c000f44
18512936ns          311909 1c008dc4 01492683 lw               x13, 20(x18)        x13=ee41b8ea x18:1c000e78  PA:1c000e8c
18513235ns          311924 1c008dc8 00178793 addi             x15, x15, 1         x15=0000002e x15:0000002d
18513254ns          311925 1c008dca 00c4aa23 sw               x12, 20(x9)         x12:ee41b8ea  x9:1c000e28  PA:1c000e3c
18513573ns          311941 1c008dcc 00f42023 sw               x15, 0(x8)          x15:0000002e  x8:1c000f44  PA:1c000f44
18513891ns          311957 1c008dce 02d60363 beq              x12, x13, 38        x12:ee41b8ea x13:ee41b8ea
18514388ns          311982 1c008df4 018a2783 lw               x15, 24(x20)        x15=0000392d x20:1c000e00  PA:1c000e18
18514726ns          311999 1c008df8 0189a703 lw               x14, 24(x19)        x14=00007ba4 x19:1c000e50  PA:1c000e68
18515045ns          312015 1c008dfc 0184a603 lw               x12, 24(x9)         x12=dad9713b  x9:1c000e28  PA:1c000e40
18515363ns          312031 1c008dfe 80e7865b p.muls           x12, x15, x14       x12=1b9d3fd4 x15:0000392d x14:00007ba4
18515383ns          312032 1c008e02 00042783 lw               x15, 0(x8)          x15=0000002e  x8:1c000f44  PA:1c000f44
18515701ns          312048 1c008e04 01892683 lw               x13, 24(x18)        x13=1b9d3fd4 x18:1c000e78  PA:1c000e90
18515999ns          312063 1c008e08 00178793 addi             x15, x15, 1         x15=0000002f x15:0000002e
18516019ns          312064 1c008e0a 00c4ac23 sw               x12, 24(x9)         x12:1b9d3fd4  x9:1c000e28  PA:1c000e40
18516338ns          312080 1c008e0c 00f42023 sw               x15, 0(x8)          x15:0000002f  x8:1c000f44  PA:1c000f44
18516676ns          312097 1c008e0e 02d60363 beq              x12, x13, 38        x12:1b9d3fd4 x13:1b9d3fd4
18517173ns          312122 1c008e34 01ca2783 lw               x15, 28(x20)        x15=00002746 x20:1c000e00  PA:1c000e1c
18517491ns          312138 1c008e38 01c9a703 lw               x14, 28(x19)        x14=00007e43 x19:1c000e50  PA:1c000e6c
18517790ns          312153 1c008e3c 01c4a603 lw               x12, 28(x9)         x12=626ccedb  x9:1c000e28  PA:1c000e44
18518108ns          312169 1c008e3e 80e7865b p.muls           x12, x15, x14       x12=135ebb52 x15:00002746 x14:00007e43
18518128ns          312170 1c008e42 00042783 lw               x15, 0(x8)          x15=0000002f  x8:1c000f44  PA:1c000f44
18518426ns          312185 1c008e44 01c92683 lw               x13, 28(x18)        x13=135ebb52 x18:1c000e78  PA:1c000e94
18518724ns          312200 1c008e48 00178793 addi             x15, x15, 1         x15=00000030 x15:0000002f
18518744ns          312201 1c008e4a 00c4ae23 sw               x12, 28(x9)         x12:135ebb52  x9:1c000e28  PA:1c000e44
18519063ns          312217 1c008e4c 00f42023 sw               x15, 0(x8)          x15:00000030  x8:1c000f44  PA:1c000f44
18519381ns          312233 1c008e4e 02d60363 beq              x12, x13, 38        x12:135ebb52 x13:135ebb52
18519858ns          312257 1c008e74 020a2783 lw               x15, 32(x20)        x15=00002715 x20:1c000e00  PA:1c000e20
18520196ns          312274 1c008e78 0209a703 lw               x14, 32(x19)        x14=ffffa955 x19:1c000e50  PA:1c000e70
18520515ns          312290 1c008e7c 0204a603 lw               x12, 32(x9)         x12=054c3b52  x9:1c000e28  PA:1c000e48
18520833ns          312306 1c008e7e 80e7865b p.muls           x12, x15, x14       x12=f2c4d6f9 x15:00002715 x14:ffffa955
18520853ns          312307 1c008e82 00042783 lw               x15, 0(x8)          x15=00000030  x8:1c000f44  PA:1c000f44
18521151ns          312322 1c008e84 02092683 lw               x13, 32(x18)        x13=f2c4d6f9 x18:1c000e78  PA:1c000e98
18521449ns          312337 1c008e88 00178793 addi             x15, x15, 1         x15=00000031 x15:00000030
18521469ns          312338 1c008e8a 02c4a023 sw               x12, 32(x9)         x12:f2c4d6f9  x9:1c000e28  PA:1c000e48
18521788ns          312354 1c008e8c 00f42023 sw               x15, 0(x8)          x15:00000031  x8:1c000f44  PA:1c000f44
18522106ns          312370 1c008e8e 02d60363 beq              x12, x13, 38        x12:f2c4d6f9 x13:f2c4d6f9
18522583ns          312394 1c008eb4 024a2783 lw               x15, 36(x20)        x15=ffffb6ff x20:1c000e00  PA:1c000e24
18522921ns          312411 1c008eb8 0249a703 lw               x14, 36(x19)        x14=00001f98 x19:1c000e50  PA:1c000e74
18523240ns          312427 1c008ebc 0244a603 lw               x12, 36(x9)         x12=834b3649  x9:1c000e28  PA:1c000e4c
18523578ns          312444 1c008ebe 80e7865b p.muls           x12, x15, x14       x12=f6fd8868 x15:ffffb6ff x14:00001f98
18523598ns          312445 1c008ec2 00042783 lw               x15, 0(x8)          x15=00000031  x8:1c000f44  PA:1c000f44
18523896ns          312460 1c008ec4 02492683 lw               x13, 36(x18)        x13=f6fd8868 x18:1c000e78  PA:1c000e9c
18524194ns          312475 1c008ec8 00178793 addi             x15, x15, 1         x15=00000032 x15:00000031
18524214ns          312476 1c008eca 02c4a223 sw               x12, 36(x9)         x12:f6fd8868  x9:1c000e28  PA:1c000e4c
18524533ns          312492 1c008ecc 00f42023 sw               x15, 0(x8)          x15:00000032  x8:1c000f44  PA:1c000f44
18524851ns          312508 1c008ece 02d60363 beq              x12, x13, 38        x12:f6fd8868 x13:f6fd8868
18525328ns          312532 1c008ef4 1c0014b7 lui              x9, 0x1c001000       x9=1c001000
18525368ns          312534 1c008ef8 1c001a37 lui              x20, 0x1c001000     x20=1c001000
18525388ns          312535 1c008efc 1c0019b7 lui              x19, 0x1c001000     x19=1c001000
18525825ns          312557 1c008f00 ec848493 addi             x9, x9, -312         x9=1c000ec8  x9:1c001000
18525865ns          312559 1c008f04 ea0a0a13 addi             x20, x20, -352      x20=1c000ea0 x20:1c001000
18525885ns          312560 1c008f08 ef098993 addi             x19, x19, -272      x19=1c000ef0 x19:1c001000
18525905ns          312561 1c008f0c 000a2783 lw               x15, 0(x20)         x15=0000412d x20:1c000ea0  PA:1c000ea0
18526382ns          312585 1c008f10 0009a703 lw               x14, 0(x19)         x14=0000cef6 x19:1c000ef0  PA:1c000ef0
18526681ns          312600 1c008f14 0004a603 lw               x12, 0(x9)          x12=5be41a71  x9:1c000ec8  PA:1c000ec8
18526999ns          312616 1c008f16 00e7865b p.mulu           x12, x15, x14       x12=34b0d73e x15:0000412d x14:0000cef6
18527019ns          312617 1c008f1a 1c001937 lui              x18, 0x1c001000     x18=1c001000
18527039ns          312618 1c008f1e 00042783 lw               x15, 0(x8)          x15=00000032  x8:1c000f44  PA:1c000f44
18527337ns          312633 1c008f20 f1890913 addi             x18, x18, -232      x18=1c000f18 x18:1c001000
18527357ns          312634 1c008f24 00178793 addi             x15, x15, 1         x15=00000033 x15:00000032
18527377ns          312635 1c008f26 00092683 lw               x13, 0(x18)         x13=34b0d73e x18:1c000f18  PA:1c000f18
18527675ns          312650 1c008f2a 00c4a023 sw               x12, 0(x9)          x12:34b0d73e  x9:1c000ec8  PA:1c000ec8
18527993ns          312666 1c008f2c 00f42023 sw               x15, 0(x8)          x15:00000033  x8:1c000f44  PA:1c000f44
18528312ns          312682 1c008f2e 02d60363 beq              x12, x13, 38        x12:34b0d73e x13:34b0d73e
18528789ns          312706 1c008f54 004a2783 lw               x15, 4(x20)         x15=00004c04 x20:1c000ea0  PA:1c000ea4
18529107ns          312722 1c008f58 0049a703 lw               x14, 4(x19)         x14=000084e0 x19:1c000ef0  PA:1c000ef4
18529406ns          312737 1c008f5c 0044a603 lw               x12, 4(x9)          x12=705b6070  x9:1c000ec8  PA:1c000ecc
18529724ns          312753 1c008f5e 00e7865b p.mulu           x12, x15, x14       x12=27749380 x15:00004c04 x14:000084e0
18529744ns          312754 1c008f62 00042783 lw               x15, 0(x8)          x15=00000033  x8:1c000f44  PA:1c000f44
18530042ns          312769 1c008f64 00492683 lw               x13, 4(x18)         x13=27749380 x18:1c000f18  PA:1c000f1c
18530341ns          312784 1c008f68 00178793 addi             x15, x15, 1         x15=00000034 x15:00000033
18530360ns          312785 1c008f6a 00c4a223 sw               x12, 4(x9)          x12:27749380  x9:1c000ec8  PA:1c000ecc
18530699ns          312802 1c008f6c 00f42023 sw               x15, 0(x8)          x15:00000034  x8:1c000f44  PA:1c000f44
18531017ns          312818 1c008f6e 02d60363 beq              x12, x13, 38        x12:27749380 x13:27749380
18531494ns          312842 1c008f94 008a2783 lw               x15, 8(x20)         x15=00000912 x20:1c000ea0  PA:1c000ea8
18531813ns          312858 1c008f98 0089a703 lw               x14, 8(x19)         x14=00007980 x19:1c000ef0  PA:1c000ef8
18532111ns          312873 1c008f9c 0084a603 lw               x12, 8(x9)          x12=6080ee83  x9:1c000ec8  PA:1c000ed0
18532429ns          312889 1c008f9e 00e7865b p.mulu           x12, x15, x14       x12=044e0b00 x15:00000912 x14:00007980
18532449ns          312890 1c008fa2 00042783 lw               x15, 0(x8)          x15=00000034  x8:1c000f44  PA:1c000f44
18532747ns          312905 1c008fa4 00892683 lw               x13, 8(x18)         x13=044e0b00 x18:1c000f18  PA:1c000f20
18533046ns          312920 1c008fa8 00178793 addi             x15, x15, 1         x15=00000035 x15:00000034
18533066ns          312921 1c008faa 00c4a423 sw               x12, 8(x9)          x12:044e0b00  x9:1c000ec8  PA:1c000ed0
18533404ns          312938 1c008fac 00f42023 sw               x15, 0(x8)          x15:00000035  x8:1c000f44  PA:1c000f44
18533722ns          312954 1c008fae 02d60363 beq              x12, x13, 38        x12:044e0b00 x13:044e0b00
18534199ns          312978 1c008fd4 00ca2783 lw               x15, 12(x20)        x15=000079a6 x20:1c000ea0  PA:1c000eac
18534518ns          312994 1c008fd8 00c9a703 lw               x14, 12(x19)        x14=00009f35 x19:1c000ef0  PA:1c000efc
18534816ns          313009 1c008fdc 00c4a603 lw               x12, 12(x9)         x12=b3dd8db7  x9:1c000ec8  PA:1c000ed4
18535134ns          313025 1c008fde 00e7865b p.mulu           x12, x15, x14       x12=4ba7495e x15:000079a6 x14:00009f35
18535154ns          313026 1c008fe2 00042783 lw               x15, 0(x8)          x15=00000035  x8:1c000f44  PA:1c000f44
18535453ns          313041 1c008fe4 00c92683 lw               x13, 12(x18)        x13=4ba7495e x18:1c000f18  PA:1c000f24
18535751ns          313056 1c008fe8 00178793 addi             x15, x15, 1         x15=00000036 x15:00000035
18535771ns          313057 1c008fea 00c4a623 sw               x12, 12(x9)         x12:4ba7495e  x9:1c000ec8  PA:1c000ed4
18536109ns          313074 1c008fec 00f42023 sw               x15, 0(x8)          x15:00000036  x8:1c000f44  PA:1c000f44
18536427ns          313090 1c008fee 02d60363 beq              x12, x13, 38        x12:4ba7495e x13:4ba7495e
18536924ns          313115 1c009014 010a2783 lw               x15, 16(x20)        x15=00008875 x20:1c000ea0  PA:1c000eb0
18537263ns          313132 1c009018 0109a703 lw               x14, 16(x19)        x14=0000725d x19:1c000ef0  PA:1c000f00
18537581ns          313148 1c00901c 0104a603 lw               x12, 16(x9)         x12=082b1779  x9:1c000ec8  PA:1c000ed8
18537899ns          313164 1c00901e 00e7865b p.mulu           x12, x15, x14       x12=3cf5ac81 x15:00008875 x14:0000725d
18537919ns          313165 1c009022 00042783 lw               x15, 0(x8)          x15=00000036  x8:1c000f44  PA:1c000f44
18538237ns          313181 1c009024 01092683 lw               x13, 16(x18)        x13=3cf5ac81 x18:1c000f18  PA:1c000f28
18538536ns          313196 1c009028 00178793 addi             x15, x15, 1         x15=00000037 x15:00000036
18538555ns          313197 1c00902a 00c4a823 sw               x12, 16(x9)         x12:3cf5ac81  x9:1c000ec8  PA:1c000ed8
18538874ns          313213 1c00902c 00f42023 sw               x15, 0(x8)          x15:00000037  x8:1c000f44  PA:1c000f44
18539192ns          313229 1c00902e 02d60363 beq              x12, x13, 38        x12:3cf5ac81 x13:3cf5ac81
18539689ns          313254 1c009054 014a2783 lw               x15, 20(x20)        x15=0000fc16 x20:1c000ea0  PA:1c000eb4
18540027ns          313271 1c009058 0149a703 lw               x14, 20(x19)        x14=0000fffa x19:1c000ef0  PA:1c000f04
18540346ns          313287 1c00905c 0144a603 lw               x12, 20(x9)         x12=a7dce2de  x9:1c000ec8  PA:1c000edc
18540664ns          313303 1c00905e 00e7865b p.mulu           x12, x15, x14       x12=fc10177c x15:0000fc16 x14:0000fffa
18540684ns          313304 1c009062 00042783 lw               x15, 0(x8)          x15=00000037  x8:1c000f44  PA:1c000f44
18541002ns          313320 1c009064 01492683 lw               x13, 20(x18)        x13=fc10177c x18:1c000f18  PA:1c000f2c
18541300ns          313335 1c009068 00178793 addi             x15, x15, 1         x15=00000038 x15:00000037
18541320ns          313336 1c00906a 00c4aa23 sw               x12, 20(x9)         x12:fc10177c  x9:1c000ec8  PA:1c000edc
18541639ns          313352 1c00906c 00f42023 sw               x15, 0(x8)          x15:00000038  x8:1c000f44  PA:1c000f44
18541977ns          313369 1c00906e 02d60363 beq              x12, x13, 38        x12:fc10177c x13:fc10177c
18542474ns          313394 1c009094 018a2783 lw               x15, 24(x20)        x15=0000fa55 x20:1c000ea0  PA:1c000eb8
18542792ns          313410 1c009098 0189a703 lw               x14, 24(x19)        x14=0000d92d x19:1c000ef0  PA:1c000f08
18543091ns          313425 1c00909c 0184a603 lw               x12, 24(x9)         x12=635e6f52  x9:1c000ec8  PA:1c000ee0
18543409ns          313441 1c00909e 00e7865b p.mulu           x12, x15, x14       x12=d45e0df1 x15:0000fa55 x14:0000d92d
18543429ns          313442 1c0090a2 00042783 lw               x15, 0(x8)          x15=00000038  x8:1c000f44  PA:1c000f44
18543727ns          313457 1c0090a4 01892683 lw               x13, 24(x18)        x13=d45e0df1 x18:1c000f18  PA:1c000f30
18544025ns          313472 1c0090a8 00178793 addi             x15, x15, 1         x15=00000039 x15:00000038
18544045ns          313473 1c0090aa 00c4ac23 sw               x12, 24(x9)         x12:d45e0df1  x9:1c000ec8  PA:1c000ee0
18544364ns          313489 1c0090ac 00f42023 sw               x15, 0(x8)          x15:00000039  x8:1c000f44  PA:1c000f44
18544682ns          313505 1c0090ae 02d60363 beq              x12, x13, 38        x12:d45e0df1 x13:d45e0df1
18545159ns          313529 1c0090d4 01ca2783 lw               x15, 28(x20)        x15=00009258 x20:1c000ea0  PA:1c000ebc
18545497ns          313546 1c0090d8 01c9a703 lw               x14, 28(x19)        x14=00002c0a x19:1c000ef0  PA:1c000f0c
18545816ns          313562 1c0090dc 01c4a603 lw               x12, 28(x9)         x12=d72aabaf  x9:1c000ec8  PA:1c000ee4
18546134ns          313578 1c0090de 00e7865b p.mulu           x12, x15, x14       x12=192cd770 x15:00009258 x14:00002c0a
18546154ns          313579 1c0090e2 00042783 lw               x15, 0(x8)          x15=00000039  x8:1c000f44  PA:1c000f44
18546452ns          313594 1c0090e4 01c92683 lw               x13, 28(x18)        x13=192cd770 x18:1c000f18  PA:1c000f34
18546750ns          313609 1c0090e8 00178793 addi             x15, x15, 1         x15=0000003a x15:00000039
18546770ns          313610 1c0090ea 00c4ae23 sw               x12, 28(x9)         x12:192cd770  x9:1c000ec8  PA:1c000ee4
18547089ns          313626 1c0090ec 00f42023 sw               x15, 0(x8)          x15:0000003a  x8:1c000f44  PA:1c000f44
18547407ns          313642 1c0090ee 02d60363 beq              x12, x13, 38        x12:192cd770 x13:192cd770
18547884ns          313666 1c009114 020a2783 lw               x15, 32(x20)        x15=00003489 x20:1c000ea0  PA:1c000ec0
18548222ns          313683 1c009118 0209a703 lw               x14, 32(x19)        x14=00003e1d x19:1c000ef0  PA:1c000f10
18548541ns          313699 1c00911c 0204a603 lw               x12, 32(x9)         x12=e40c150a  x9:1c000ec8  PA:1c000ee8
18548879ns          313716 1c00911e 00e7865b p.mulu           x12, x15, x14       x12=0cbf2185 x15:00003489 x14:00003e1d
18548899ns          313717 1c009122 00042783 lw               x15, 0(x8)          x15=0000003a  x8:1c000f44  PA:1c000f44
18549197ns          313732 1c009124 02092683 lw               x13, 32(x18)        x13=0cbf2185 x18:1c000f18  PA:1c000f38
18549495ns          313747 1c009128 00178793 addi             x15, x15, 1         x15=0000003b x15:0000003a
18549515ns          313748 1c00912a 02c4a023 sw               x12, 32(x9)         x12:0cbf2185  x9:1c000ec8  PA:1c000ee8
18549834ns          313764 1c00912c 00f42023 sw               x15, 0(x8)          x15:0000003b  x8:1c000f44  PA:1c000f44
18550152ns          313780 1c00912e 02d60363 beq              x12, x13, 38        x12:0cbf2185 x13:0cbf2185
18550629ns          313804 1c009154 024a2783 lw               x15, 36(x20)        x15=000083eb x20:1c000ea0  PA:1c000ec4
18550967ns          313821 1c009158 0249a703 lw               x14, 36(x19)        x14=000060c0 x19:1c000ef0  PA:1c000f14
18551286ns          313837 1c00915c 0244a603 lw               x12, 36(x9)         x12=9e0b6904  x9:1c000ec8  PA:1c000eec
18551624ns          313854 1c00915e 00e7865b p.mulu           x12, x15, x14       x12=31db1040 x15:000083eb x14:000060c0
18551644ns          313855 1c009162 00042783 lw               x15, 0(x8)          x15=0000003b  x8:1c000f44  PA:1c000f44
18551942ns          313870 1c009164 02492683 lw               x13, 36(x18)        x13=31db1040 x18:1c000f18  PA:1c000f3c
18552240ns          313885 1c009168 00178793 addi             x15, x15, 1         x15=0000003c x15:0000003b
18552260ns          313886 1c00916a 02c4a223 sw               x12, 36(x9)         x12:31db1040  x9:1c000ec8  PA:1c000eec
18552578ns          313902 1c00916c 00f42023 sw               x15, 0(x8)          x15:0000003c  x8:1c000f44  PA:1c000f44
18552917ns          313919 1c00916e 02d60363 beq              x12, x13, 38        x12:31db1040 x13:31db1040
18553394ns          313943 1c009194 1c0014b7 lui              x9, 0x1c001000       x9=1c001000
18553434ns          313945 1c009198 1c001a37 lui              x20, 0x1c001000     x20=1c001000
18553454ns          313946 1c00919c 1c0019b7 lui              x19, 0x1c001000     x19=1c001000
18553891ns          313968 1c0091a0 9c848493 addi             x9, x9, -1592        x9=1c0009c8  x9:1c001000
18553931ns          313970 1c0091a4 9a0a0a13 addi             x20, x20, -1632     x20=1c0009a0 x20:1c001000
18553951ns          313971 1c0091a8 9f098993 addi             x19, x19, -1552     x19=1c0009f0 x19:1c001000
18553971ns          313972 1c0091ac 000a2783 lw               x15, 0(x20)         x15=13c29ecc x20:1c0009a0  PA:1c0009a0
18554448ns          313996 1c0091b0 0009a703 lw               x14, 0(x19)         x14=a897e6b6 x19:1c0009f0  PA:1c0009f0
18554747ns          314011 1c0091b4 0004a603 lw               x12, 0(x9)          x12=1b0a1e25  x9:1c0009c8  PA:1c0009c8
18555065ns          314027 1c0091b6 c0e7965b p.machhs         x12, x15, x14       x12=144b1593 x15:13c29ecc x14:a897e6b6 x12:1b0a1e25
18555085ns          314028 1c0091ba 1c001937 lui              x18, 0x1c001000     x18=1c001000
18555105ns          314029 1c0091be 00042783 lw               x15, 0(x8)          x15=0000003c  x8:1c000f44  PA:1c000f44
18555403ns          314044 1c0091c0 a1890913 addi             x18, x18, -1512     x18=1c000a18 x18:1c001000
18555423ns          314045 1c0091c4 00178793 addi             x15, x15, 1         x15=0000003d x15:0000003c
18555443ns          314046 1c0091c6 00092683 lw               x13, 0(x18)         x13=144b1593 x18:1c000a18  PA:1c000a18
18555741ns          314061 1c0091ca 00c4a023 sw               x12, 0(x9)          x12:144b1593  x9:1c0009c8  PA:1c0009c8
18556059ns          314077 1c0091cc 00f42023 sw               x15, 0(x8)          x15:0000003d  x8:1c000f44  PA:1c000f44
18556378ns          314093 1c0091ce 02d60363 beq              x12, x13, 38        x12:144b1593 x13:144b1593
18556855ns          314117 1c0091f4 004a2783 lw               x15, 4(x20)         x15=ae2a45c8 x20:1c0009a0  PA:1c0009a4
18557173ns          314133 1c0091f8 0049a703 lw               x14, 4(x19)         x14=ffa3c018 x19:1c0009f0  PA:1c0009f4
18557472ns          314148 1c0091fc 0044a603 lw               x12, 4(x9)          x12=27e2e58e  x9:1c0009c8  PA:1c0009cc
18557790ns          314164 1c0091fe c0e7965b p.machhs         x12, x15, x14       x12=2800a04c x15:ae2a45c8 x14:ffa3c018 x12:27e2e58e
18557810ns          314165 1c009202 00042783 lw               x15, 0(x8)          x15=0000003d  x8:1c000f44  PA:1c000f44
18558108ns          314180 1c009204 00492683 lw               x13, 4(x18)         x13=2800a04c x18:1c000a18  PA:1c000a1c
18558406ns          314195 1c009208 00178793 addi             x15, x15, 1         x15=0000003e x15:0000003d
18558426ns          314196 1c00920a 00c4a223 sw               x12, 4(x9)          x12:2800a04c  x9:1c0009c8  PA:1c0009cc
18558764ns          314213 1c00920c 00f42023 sw               x15, 0(x8)          x15:0000003e  x8:1c000f44  PA:1c000f44
18559083ns          314229 1c00920e 02d60363 beq              x12, x13, 38        x12:2800a04c x13:2800a04c
18559580ns          314254 1c009234 008a2783 lw               x15, 8(x20)         x15=98116cfa x20:1c0009a0  PA:1c0009a8
18559918ns          314271 1c009238 0089a703 lw               x14, 8(x19)         x14=fa0e6751 x19:1c0009f0  PA:1c0009f8
18560236ns          314287 1c00923c 0084a603 lw               x12, 8(x9)          x12=3d2e68c3  x9:1c0009c8  PA:1c0009d0
18560555ns          314303 1c00923e c0e7965b p.machhs         x12, x15, x14       x12=3f9853b1 x15:98116cfa x14:fa0e6751 x12:3d2e68c3
18560575ns          314304 1c009242 00042783 lw               x15, 0(x8)          x15=0000003e  x8:1c000f44  PA:1c000f44
18560893ns          314320 1c009244 00892683 lw               x13, 8(x18)         x13=3f9853b1 x18:1c000a18  PA:1c000a20
18561191ns          314335 1c009248 00178793 addi             x15, x15, 1         x15=0000003f x15:0000003e
18561211ns          314336 1c00924a 00c4a423 sw               x12, 8(x9)          x12:3f9853b1  x9:1c0009c8  PA:1c0009d0
18561529ns          314352 1c00924c 00f42023 sw               x15, 0(x8)          x15:0000003f  x8:1c000f44  PA:1c000f44
18561848ns          314368 1c00924e 02d60363 beq              x12, x13, 38        x12:3f9853b1 x13:3f9853b1
18562345ns          314393 1c009274 00ca2783 lw               x15, 12(x20)        x15=9d37af77 x20:1c0009a0  PA:1c0009ac
18562683ns          314410 1c009278 00c9a703 lw               x14, 12(x19)        x14=4677cb0e x19:1c0009f0  PA:1c0009fc
18563001ns          314426 1c00927c 00c4a603 lw               x12, 12(x9)         x12=47d5f184  x9:1c0009c8  PA:1c0009d4
18563319ns          314442 1c00927e c0e7965b p.machhs         x12, x15, x14       x12=2ca51015 x15:9d37af77 x14:4677cb0e x12:47d5f184
18563339ns          314443 1c009282 00042783 lw               x15, 0(x8)          x15=0000003f  x8:1c000f44  PA:1c000f44
18563638ns          314458 1c009284 00c92683 lw               x13, 12(x18)        x13=2ca51015 x18:1c000a18  PA:1c000a24
18563936ns          314473 1c009288 00178793 addi             x15, x15, 1         x15=00000040 x15:0000003f
18563956ns          314474 1c00928a 00c4a623 sw               x12, 12(x9)         x12:2ca51015  x9:1c0009c8  PA:1c0009d4
18564274ns          314490 1c00928c 00f42023 sw               x15, 0(x8)          x15:00000040  x8:1c000f44  PA:1c000f44
18564592ns          314506 1c00928e 02d60363 beq              x12, x13, 38        x12:2ca51015 x13:2ca51015
18565090ns          314531 1c0092b4 010a2783 lw               x15, 16(x20)        x15=30b2cf81 x20:1c0009a0  PA:1c0009b0
18565428ns          314548 1c0092b8 0109a703 lw               x14, 16(x19)        x14=a38314e9 x19:1c0009f0  PA:1c000a00
18565746ns          314564 1c0092bc 0104a603 lw               x12, 16(x9)         x12=17ffa51b  x9:1c0009c8  PA:1c0009d8
18566064ns          314580 1c0092be c0e7965b p.machhs         x12, x15, x14       x12=0667e631 x15:30b2cf81 x14:a38314e9 x12:17ffa51b
18566084ns          314581 1c0092c2 00042783 lw               x15, 0(x8)          x15=00000040  x8:1c000f44  PA:1c000f44
18566383ns          314596 1c0092c4 01092683 lw               x13, 16(x18)        x13=0667e631 x18:1c000a18  PA:1c000a28
18566681ns          314611 1c0092c8 00178793 addi             x15, x15, 1         x15=00000041 x15:00000040
18566701ns          314612 1c0092ca 00c4a823 sw               x12, 16(x9)         x12:0667e631  x9:1c0009c8  PA:1c0009d8
18567019ns          314628 1c0092cc 00f42023 sw               x15, 0(x8)          x15:00000041  x8:1c000f44  PA:1c000f44
18567337ns          314644 1c0092ce 02d60363 beq              x12, x13, 38        x12:0667e631 x13:0667e631
18567815ns          314668 1c0092f4 014a2783 lw               x15, 20(x20)        x15=a98acb3d x20:1c0009a0  PA:1c0009b4
18568153ns          314685 1c0092f8 0149a703 lw               x14, 20(x19)        x14=0d001bf8 x19:1c0009f0  PA:1c000a04
18568471ns          314701 1c0092fc 0144a603 lw               x12, 20(x9)         x12=2382612d  x9:1c0009c8  PA:1c0009dc
18568789ns          314717 1c0092fe c0e7965b p.machhs         x12, x15, x14       x12=1f1e632d x15:a98acb3d x14:0d001bf8 x12:2382612d
18568809ns          314718 1c009302 00042783 lw               x15, 0(x8)          x15=00000041  x8:1c000f44  PA:1c000f44
18569108ns          314733 1c009304 01492683 lw               x13, 20(x18)        x13=1f1e632d x18:1c000a18  PA:1c000a2c
18569406ns          314748 1c009308 00178793 addi             x15, x15, 1         x15=00000042 x15:00000041
18569426ns          314749 1c00930a 00c4aa23 sw               x12, 20(x9)         x12:1f1e632d  x9:1c0009c8  PA:1c0009dc
18569744ns          314765 1c00930c 00f42023 sw               x15, 0(x8)          x15:00000042  x8:1c000f44  PA:1c000f44
18570062ns          314781 1c00930e 02d60363 beq              x12, x13, 38        x12:1f1e632d x13:1f1e632d
18570540ns          314805 1c009334 018a2783 lw               x15, 24(x20)        x15=b170a06d x20:1c0009a0  PA:1c0009b8
18570878ns          314822 1c009338 0189a703 lw               x14, 24(x19)        x14=a23f7c71 x19:1c0009f0  PA:1c000a08
18571196ns          314838 1c00933c 0184a603 lw               x12, 24(x9)         x12=02a2bae3  x9:1c0009c8  PA:1c0009e0
18571534ns          314855 1c00933e c0e7965b p.machhs         x12, x15, x14       x12=1f684573 x15:b170a06d x14:a23f7c71 x12:02a2bae3
18571554ns          314856 1c009342 00042783 lw               x15, 0(x8)          x15=00000042  x8:1c000f44  PA:1c000f44
18571853ns          314871 1c009344 01892683 lw               x13, 24(x18)        x13=1f684573 x18:1c000a18  PA:1c000a30
18572151ns          314886 1c009348 00178793 addi             x15, x15, 1         x15=00000043 x15:00000042
18572171ns          314887 1c00934a 00c4ac23 sw               x12, 24(x9)         x12:1f684573  x9:1c0009c8  PA:1c0009e0
18572489ns          314903 1c00934c 00f42023 sw               x15, 0(x8)          x15:00000043  x8:1c000f44  PA:1c000f44
18572827ns          314920 1c00934e 02d60363 beq              x12, x13, 38        x12:1f684573 x13:1f684573
18573305ns          314944 1c009374 01ca2783 lw               x15, 28(x20)        x15=bd159f93 x20:1c0009a0  PA:1c0009bc
18573643ns          314961 1c009378 01c9a703 lw               x14, 28(x19)        x14=0fca424f x19:1c0009f0  PA:1c000a0c
18573961ns          314977 1c00937c 01c4a603 lw               x12, 28(x9)         x12=e40f134d  x9:1c0009c8  PA:1c0009e4
18574299ns          314994 1c00937e c0e7965b p.machhs         x12, x15, x14       x12=dfee80df x15:bd159f93 x14:0fca424f x12:e40f134d
18574319ns          314995 1c009382 00042783 lw               x15, 0(x8)          x15=00000043  x8:1c000f44  PA:1c000f44
18574617ns          315010 1c009384 01c92683 lw               x13, 28(x18)        x13=dfee80df x18:1c000a18  PA:1c000a34
18574916ns          315025 1c009388 00178793 addi             x15, x15, 1         x15=00000044 x15:00000043
18574936ns          315026 1c00938a 00c4ae23 sw               x12, 28(x9)         x12:dfee80df  x9:1c0009c8  PA:1c0009e4
18575254ns          315042 1c00938c 00f42023 sw               x15, 0(x8)          x15:00000044  x8:1c000f44  PA:1c000f44
18575592ns          315059 1c00938e 02d60363 beq              x12, x13, 38        x12:dfee80df x13:dfee80df
18576069ns          315083 1c0093b4 020a2783 lw               x15, 32(x20)        x15=1be2f855 x20:1c0009a0  PA:1c0009c0
18576408ns          315100 1c0093b8 0209a703 lw               x14, 32(x19)        x14=cd768db4 x19:1c0009f0  PA:1c000a10
18576726ns          315116 1c0093bc 0204a603 lw               x12, 32(x9)         x12=37d356ac  x9:1c0009c8  PA:1c0009e8
18577064ns          315133 1c0093be c0e7965b p.machhs         x12, x15, x14       x12=32522ad8 x15:1be2f855 x14:cd768db4 x12:37d356ac
18577084ns          315134 1c0093c2 00042783 lw               x15, 0(x8)          x15=00000044  x8:1c000f44  PA:1c000f44
18577382ns          315149 1c0093c4 02092683 lw               x13, 32(x18)        x13=32522ad8 x18:1c000a18  PA:1c000a38
18577681ns          315164 1c0093c8 00178793 addi             x15, x15, 1         x15=00000045 x15:00000044
18577700ns          315165 1c0093ca 02c4a023 sw               x12, 32(x9)         x12:32522ad8  x9:1c0009c8  PA:1c0009e8
18578019ns          315181 1c0093cc 00f42023 sw               x15, 0(x8)          x15:00000045  x8:1c000f44  PA:1c000f44
18578337ns          315197 1c0093ce 02d60363 beq              x12, x13, 38        x12:32522ad8 x13:32522ad8
18578814ns          315221 1c0093f4 024a2783 lw               x15, 36(x20)        x15=382e15e8 x20:1c0009a0  PA:1c0009c4
18579153ns          315238 1c0093f8 0249a703 lw               x14, 36(x19)        x14=c75da06a x19:1c0009f0  PA:1c000a14
18579491ns          315255 1c0093fc 0244a603 lw               x12, 36(x9)         x12=474c5685  x9:1c0009c8  PA:1c0009ec
18579809ns          315271 1c0093fe c0e7965b p.machhs         x12, x15, x14       x12=3ade813b x15:382e15e8 x14:c75da06a x12:474c5685
18579829ns          315272 1c009402 00042783 lw               x15, 0(x8)          x15=00000045  x8:1c000f44  PA:1c000f44
18580127ns          315287 1c009404 02492683 lw               x13, 36(x18)        x13=3ade813b x18:1c000a18  PA:1c000a3c
18580426ns          315302 1c009408 00178793 addi             x15, x15, 1         x15=00000046 x15:00000045
18580445ns          315303 1c00940a 02c4a223 sw               x12, 36(x9)         x12:3ade813b  x9:1c0009c8  PA:1c0009ec
18580764ns          315319 1c00940c 00f42023 sw               x15, 0(x8)          x15:00000046  x8:1c000f44  PA:1c000f44
18581082ns          315335 1c00940e 02d60363 beq              x12, x13, 38        x12:3ade813b x13:3ade813b
18581559ns          315359 1c009434 1c0014b7 lui              x9, 0x1c001000       x9=1c001000
18581599ns          315361 1c009438 1c001a37 lui              x20, 0x1c001000     x20=1c001000
18581619ns          315362 1c00943c 1c0019b7 lui              x19, 0x1c001000     x19=1c001000
18582057ns          315384 1c009440 a6848493 addi             x9, x9, -1432        x9=1c000a68  x9:1c001000
18582096ns          315386 1c009444 a40a0a13 addi             x20, x20, -1472     x20=1c000a40 x20:1c001000
18582116ns          315387 1c009448 a9098993 addi             x19, x19, -1392     x19=1c000a90 x19:1c001000
18582136ns          315388 1c00944c 000a2783 lw               x15, 0(x20)         x15=e0d3e0ab x20:1c000a40  PA:1c000a40
18582594ns          315411 1c009450 0009a703 lw               x14, 0(x19)         x14=28c853d3 x19:1c000a90  PA:1c000a90
18582892ns          315426 1c009454 0004a603 lw               x12, 0(x9)          x12=ebc7ccd9  x9:1c000a68  PA:1c000a68
18583230ns          315443 1c009456 40e7965b p.machhu         x12, x15, x14       x12=0f9869b1 x15:e0d3e0ab x14:28c853d3 x12:ebc7ccd9
18583250ns          315444 1c00945a 1c001937 lui              x18, 0x1c001000     x18=1c001000
18583270ns          315445 1c00945e 00042783 lw               x15, 0(x8)          x15=00000046  x8:1c000f44  PA:1c000f44
18583588ns          315461 1c009460 ab890913 addi             x18, x18, -1352     x18=1c000ab8 x18:1c001000
18583608ns          315462 1c009464 00178793 addi             x15, x15, 1         x15=00000047 x15:00000046
18583628ns          315463 1c009466 00092683 lw               x13, 0(x18)         x13=0f9869b1 x18:1c000ab8  PA:1c000ab8
18583926ns          315478 1c00946a 00c4a023 sw               x12, 0(x9)          x12:0f9869b1  x9:1c000a68  PA:1c000a68
18584245ns          315494 1c00946c 00f42023 sw               x15, 0(x8)          x15:00000047  x8:1c000f44  PA:1c000f44
18584583ns          315511 1c00946e 02d60363 beq              x12, x13, 38        x12:0f9869b1 x13:0f9869b1
18585060ns          315535 1c009494 004a2783 lw               x15, 4(x20)         x15=25fe44d8 x20:1c000a40  PA:1c000a44
18585378ns          315551 1c009498 0049a703 lw               x14, 4(x19)         x14=d6d4de1a x19:1c000a90  PA:1c000a94
18585677ns          315566 1c00949c 0044a603 lw               x12, 4(x9)          x12=48ba4a13  x9:1c000a68  PA:1c000a6c
18585995ns          315582 1c00949e 40e7965b p.machhu         x12, x15, x14       x12=689c146b x15:25fe44d8 x14:d6d4de1a x12:48ba4a13
18586015ns          315583 1c0094a2 00042783 lw               x15, 0(x8)          x15=00000047  x8:1c000f44  PA:1c000f44
18586313ns          315598 1c0094a4 00492683 lw               x13, 4(x18)         x13=689c146b x18:1c000ab8  PA:1c000abc
18586612ns          315613 1c0094a8 00178793 addi             x15, x15, 1         x15=00000048 x15:00000047
18586631ns          315614 1c0094aa 00c4a223 sw               x12, 4(x9)          x12:689c146b  x9:1c000a68  PA:1c000a6c
18586950ns          315630 1c0094ac 00f42023 sw               x15, 0(x8)          x15:00000048  x8:1c000f44  PA:1c000f44
18587268ns          315646 1c0094ae 02d60363 beq              x12, x13, 38        x12:689c146b x13:689c146b
18587745ns          315670 1c0094d4 008a2783 lw               x15, 8(x20)         x15=7134f131 x20:1c000a40  PA:1c000a48
18588083ns          315687 1c0094d8 0089a703 lw               x14, 8(x19)         x14=24bbb6cf x19:1c000a90  PA:1c000a98
18588402ns          315703 1c0094dc 0084a603 lw               x12, 8(x9)          x12=b548ff27  x9:1c000a68  PA:1c000a70
18588720ns          315719 1c0094de 40e7965b p.machhu         x12, x15, x14       x12=c5870023 x15:7134f131 x14:24bbb6cf x12:b548ff27
18588740ns          315720 1c0094e2 00042783 lw               x15, 0(x8)          x15=00000048  x8:1c000f44  PA:1c000f44
18589038ns          315735 1c0094e4 00892683 lw               x13, 8(x18)         x13=c5870023 x18:1c000ab8  PA:1c000ac0
18589337ns          315750 1c0094e8 00178793 addi             x15, x15, 1         x15=00000049 x15:00000048
18589356ns          315751 1c0094ea 00c4a423 sw               x12, 8(x9)          x12:c5870023  x9:1c000a68  PA:1c000a70
18589675ns          315767 1c0094ec 00f42023 sw               x15, 0(x8)          x15:00000049  x8:1c000f44  PA:1c000f44
18589993ns          315783 1c0094ee 02d60363 beq              x12, x13, 38        x12:c5870023 x13:c5870023
18590470ns          315807 1c009514 00ca2783 lw               x15, 12(x20)        x15=96dd6c6f x20:1c000a40  PA:1c000a4c
18590808ns          315824 1c009518 00c9a703 lw               x14, 12(x19)        x14=de9c1d61 x19:1c000a90  PA:1c000a9c
18591127ns          315840 1c00951c 00c4a603 lw               x12, 12(x9)         x12=ab9a9826  x9:1c000a68  PA:1c000a74
18591445ns          315856 1c00951e 40e7965b p.machhu         x12, x15, x14       x12=2eca2cd2 x15:96dd6c6f x14:de9c1d61 x12:ab9a9826
18591465ns          315857 1c009522 00042783 lw               x15, 0(x8)          x15=00000049  x8:1c000f44  PA:1c000f44
18591763ns          315872 1c009524 00c92683 lw               x13, 12(x18)        x13=2eca2cd2 x18:1c000ab8  PA:1c000ac4
18592062ns          315887 1c009528 00178793 addi             x15, x15, 1         x15=0000004a x15:00000049
18592081ns          315888 1c00952a 00c4a623 sw               x12, 12(x9)         x12:2eca2cd2  x9:1c000a68  PA:1c000a74
18592400ns          315904 1c00952c 00f42023 sw               x15, 0(x8)          x15:0000004a  x8:1c000f44  PA:1c000f44
18592718ns          315920 1c00952e 02d60363 beq              x12, x13, 38        x12:2eca2cd2 x13:2eca2cd2
18593195ns          315944 1c009554 010a2783 lw               x15, 16(x20)        x15=431accd4 x20:1c000a40  PA:1c000a50
18593534ns          315961 1c009558 0109a703 lw               x14, 16(x19)        x14=fe3448bf x19:1c000a90  PA:1c000aa0
18593852ns          315977 1c00955c 0104a603 lw               x12, 16(x9)         x12=05d5ce0c  x9:1c000a68  PA:1c000a78
18594190ns          315994 1c00955e 40e7965b p.machhu         x12, x15, x14       x12=48773b54 x15:431accd4 x14:fe3448bf x12:05d5ce0c
18594210ns          315995 1c009562 00042783 lw               x15, 0(x8)          x15=0000004a  x8:1c000f44  PA:1c000f44
18594508ns          316010 1c009564 01092683 lw               x13, 16(x18)        x13=48773b54 x18:1c000ab8  PA:1c000ac8
18594807ns          316025 1c009568 00178793 addi             x15, x15, 1         x15=0000004b x15:0000004a
18594826ns          316026 1c00956a 00c4a823 sw               x12, 16(x9)         x12:48773b54  x9:1c000a68  PA:1c000a78
18595145ns          316042 1c00956c 00f42023 sw               x15, 0(x8)          x15:0000004b  x8:1c000f44  PA:1c000f44
18595483ns          316059 1c00956e 02d60363 beq              x12, x13, 38        x12:48773b54 x13:48773b54
18595960ns          316083 1c009594 014a2783 lw               x15, 20(x20)        x15=b8e5483b x20:1c000a40  PA:1c000a54
18596298ns          316100 1c009598 0149a703 lw               x14, 20(x19)        x14=65e963c4 x19:1c000a90  PA:1c000aa4
18596617ns          316116 1c00959c 0144a603 lw               x12, 20(x9)         x12=9636bc92  x9:1c000a68  PA:1c000a7c
18596955ns          316133 1c00959e 40e7965b p.machhu         x12, x15, x14       x12=dfd15dff x15:b8e5483b x14:65e963c4 x12:9636bc92
18596975ns          316134 1c0095a2 00042783 lw               x15, 0(x8)          x15=0000004b  x8:1c000f44  PA:1c000f44
18597273ns          316149 1c0095a4 01492683 lw               x13, 20(x18)        x13=dfd15dff x18:1c000ab8  PA:1c000acc
18597571ns          316164 1c0095a8 00178793 addi             x15, x15, 1         x15=0000004c x15:0000004b
18597591ns          316165 1c0095aa 00c4aa23 sw               x12, 20(x9)         x12:dfd15dff  x9:1c000a68  PA:1c000a7c
18597909ns          316181 1c0095ac 00f42023 sw               x15, 0(x8)          x15:0000004c  x8:1c000f44  PA:1c000f44
18598248ns          316198 1c0095ae 02d60363 beq              x12, x13, 38        x12:dfd15dff x13:dfd15dff
18598725ns          316222 1c0095d4 018a2783 lw               x15, 24(x20)        x15=f33f2229 x20:1c000a40  PA:1c000a58
18599063ns          316239 1c0095d8 0189a703 lw               x14, 24(x19)        x14=06abbad4 x19:1c000a90  PA:1c000aa8
18599381ns          316255 1c0095dc 0184a603 lw               x12, 24(x9)         x12=ad9c3318  x9:1c000a68  PA:1c000a80
18599720ns          316272 1c0095de 40e7965b p.machhu         x12, x15, x14       x12=b3f2282d x15:f33f2229 x14:06abbad4 x12:ad9c3318
18599739ns          316273 1c0095e2 00042783 lw               x15, 0(x8)          x15=0000004c  x8:1c000f44  PA:1c000f44
18600038ns          316288 1c0095e4 01892683 lw               x13, 24(x18)        x13=b3f2282d x18:1c000ab8  PA:1c000ad0
18600336ns          316303 1c0095e8 00178793 addi             x15, x15, 1         x15=0000004d x15:0000004c
18600356ns          316304 1c0095ea 00c4ac23 sw               x12, 24(x9)         x12:b3f2282d  x9:1c000a68  PA:1c000a80
18600674ns          316320 1c0095ec 00f42023 sw               x15, 0(x8)          x15:0000004d  x8:1c000f44  PA:1c000f44
18600993ns          316336 1c0095ee 02d60363 beq              x12, x13, 38        x12:b3f2282d x13:b3f2282d
18601470ns          316360 1c009614 01ca2783 lw               x15, 28(x20)        x15=a477a088 x20:1c000a40  PA:1c000a5c
18601808ns          316377 1c009618 01c9a703 lw               x14, 28(x19)        x14=edc86868 x19:1c000a90  PA:1c000aac
18602146ns          316394 1c00961c 01c4a603 lw               x12, 28(x9)         x12=d3ef6c5d  x9:1c000a68  PA:1c000a84
18602464ns          316410 1c00961e 40e7965b p.machhu         x12, x15, x14       x12=6cb21455 x15:a477a088 x14:edc86868 x12:d3ef6c5d
18602484ns          316411 1c009622 00042783 lw               x15, 0(x8)          x15=0000004d  x8:1c000f44  PA:1c000f44
18602783ns          316426 1c009624 01c92683 lw               x13, 28(x18)        x13=6cb21455 x18:1c000ab8  PA:1c000ad4
18603081ns          316441 1c009628 00178793 addi             x15, x15, 1         x15=0000004e x15:0000004d
18603101ns          316442 1c00962a 00c4ae23 sw               x12, 28(x9)         x12:6cb21455  x9:1c000a68  PA:1c000a84
18603419ns          316458 1c00962c 00f42023 sw               x15, 0(x8)          x15:0000004e  x8:1c000f44  PA:1c000f44
18603737ns          316474 1c00962e 02d60363 beq              x12, x13, 38        x12:6cb21455 x13:6cb21455
18604215ns          316498 1c009654 020a2783 lw               x15, 32(x20)        x15=97b19d6c x20:1c000a40  PA:1c000a60
18604553ns          316515 1c009658 0209a703 lw               x14, 32(x19)        x14=d721a8a2 x19:1c000a90  PA:1c000ab0
18604891ns          316532 1c00965c 0204a603 lw               x12, 32(x9)         x12=ee1d37b9  x9:1c000a68  PA:1c000a88
18605209ns          316548 1c00965e 40e7965b p.machhu         x12, x15, x14       x12=6d966c8a x15:97b19d6c x14:d721a8a2 x12:ee1d37b9
18605229ns          316549 1c009662 00042783 lw               x15, 0(x8)          x15=0000004e  x8:1c000f44  PA:1c000f44
18605528ns          316564 1c009664 02092683 lw               x13, 32(x18)        x13=6d966c8a x18:1c000ab8  PA:1c000ad8
18605826ns          316579 1c009668 00178793 addi             x15, x15, 1         x15=0000004f x15:0000004e
18605846ns          316580 1c00966a 02c4a023 sw               x12, 32(x9)         x12:6d966c8a  x9:1c000a68  PA:1c000a88
18606184ns          316597 1c00966c 00f42023 sw               x15, 0(x8)          x15:0000004f  x8:1c000f44  PA:1c000f44
18606502ns          316613 1c00966e 02d60363 beq              x12, x13, 38        x12:6d966c8a x13:6d966c8a
18606980ns          316637 1c009694 024a2783 lw               x15, 36(x20)        x15=aad4853d x20:1c000a40  PA:1c000a64
18607318ns          316654 1c009698 0249a703 lw               x14, 36(x19)        x14=5ab3cfd4 x19:1c000a90  PA:1c000ab4
18607616ns          316669 1c00969c 0244a603 lw               x12, 36(x9)         x12=052ed54f  x9:1c000a68  PA:1c000a8c
18607934ns          316685 1c00969e 40e7965b p.machhu         x12, x15, x14       x12=41b4cf8b x15:aad4853d x14:5ab3cfd4 x12:052ed54f
18607954ns          316686 1c0096a2 00042783 lw               x15, 0(x8)          x15=0000004f  x8:1c000f44  PA:1c000f44
18608253ns          316701 1c0096a4 02492683 lw               x13, 36(x18)        x13=41b4cf8b x18:1c000ab8  PA:1c000adc
18608551ns          316716 1c0096a8 00178793 addi             x15, x15, 1         x15=00000050 x15:0000004f
18608571ns          316717 1c0096aa 02c4a223 sw               x12, 36(x9)         x12:41b4cf8b  x9:1c000a68  PA:1c000a8c
18608909ns          316734 1c0096ac 00f42023 sw               x15, 0(x8)          x15:00000050  x8:1c000f44  PA:1c000f44
18609227ns          316750 1c0096ae 02d60363 beq              x12, x13, 38        x12:41b4cf8b x13:41b4cf8b
18609705ns          316774 1c0096d4 1c0014b7 lui              x9, 0x1c001000       x9=1c001000
18609744ns          316776 1c0096d8 1c001a37 lui              x20, 0x1c001000     x20=1c001000
18609764ns          316777 1c0096dc 1c0019b7 lui              x19, 0x1c001000     x19=1c001000
18610222ns          316800 1c0096e0 ce848493 addi             x9, x9, -792         x9=1c000ce8  x9:1c001000
18610262ns          316802 1c0096e4 cc0a0a13 addi             x20, x20, -832      x20=1c000cc0 x20:1c001000
18610282ns          316803 1c0096e8 d1098993 addi             x19, x19, -752      x19=1c000d10 x19:1c001000
18610301ns          316804 1c0096ec 000a2783 lw               x15, 0(x20)         x15=fe0031f2 x20:1c000cc0  PA:1c000cc0
18610759ns          316827 1c0096f0 0009a703 lw               x14, 0(x19)         x14=406bb4ff x19:1c000d10  PA:1c000d10
18611057ns          316842 1c0096f4 0004a603 lw               x12, 0(x9)          x12=58fb4298  x9:1c000ce8  PA:1c000ce8
18611376ns          316858 1c0096f6 c0e7865b p.mulhhs         x12, x15, x14       x12=ff7f2a00 x15:fe0031f2 x14:406bb4ff
18611395ns          316859 1c0096fa 1c001937 lui              x18, 0x1c001000     x18=1c001000
18611415ns          316860 1c0096fe 00042783 lw               x15, 0(x8)          x15=00000050  x8:1c000f44  PA:1c000f44
18611734ns          316876 1c009700 d3890913 addi             x18, x18, -712      x18=1c000d38 x18:1c001000
18611753ns          316877 1c009704 00178793 addi             x15, x15, 1         x15=00000051 x15:00000050
18611773ns          316878 1c009706 00092683 lw               x13, 0(x18)         x13=ff7f2a00 x18:1c000d38  PA:1c000d38
18612072ns          316893 1c00970a 00c4a023 sw               x12, 0(x9)          x12:ff7f2a00  x9:1c000ce8  PA:1c000ce8
18612390ns          316909 1c00970c 00f42023 sw               x15, 0(x8)          x15:00000051  x8:1c000f44  PA:1c000f44
18612708ns          316925 1c00970e 02d60363 beq              x12, x13, 38        x12:ff7f2a00 x13:ff7f2a00
18613186ns          316949 1c009734 004a2783 lw               x15, 4(x20)         x15=b9012958 x20:1c000cc0  PA:1c000cc4
18613524ns          316966 1c009738 0049a703 lw               x14, 4(x19)         x14=da806067 x19:1c000d10  PA:1c000d14
18613842ns          316982 1c00973c 0044a603 lw               x12, 4(x9)          x12=2e4ac642  x9:1c000ce8  PA:1c000cec
18614180ns          316999 1c00973e c0e7865b p.mulhhs         x12, x15, x14       x12=0a665a80 x15:b9012958 x14:da806067
18614200ns          317000 1c009742 00042783 lw               x15, 0(x8)          x15=00000051  x8:1c000f44  PA:1c000f44
18614498ns          317015 1c009744 00492683 lw               x13, 4(x18)         x13=0a665a80 x18:1c000d38  PA:1c000d3c
18614797ns          317030 1c009748 00178793 addi             x15, x15, 1         x15=00000052 x15:00000051
18614817ns          317031 1c00974a 00c4a223 sw               x12, 4(x9)          x12:0a665a80  x9:1c000ce8  PA:1c000cec
18615135ns          317047 1c00974c 00f42023 sw               x15, 0(x8)          x15:00000052  x8:1c000f44  PA:1c000f44
18615473ns          317064 1c00974e 02d60363 beq              x12, x13, 38        x12:0a665a80 x13:0a665a80
18615950ns          317088 1c009774 008a2783 lw               x15, 8(x20)         x15=e8b431d6 x20:1c000cc0  PA:1c000cc8
18616289ns          317105 1c009778 0089a703 lw               x14, 8(x19)         x14=6a7d26a6 x19:1c000d10  PA:1c000d18
18616607ns          317121 1c00977c 0084a603 lw               x12, 8(x9)          x12=57fc2aac  x9:1c000ce8  PA:1c000cf0
18616945ns          317138 1c00977e c0e7865b p.mulhhs         x12, x15, x14       x12=f64f27e4 x15:e8b431d6 x14:6a7d26a6
18616965ns          317139 1c009782 00042783 lw               x15, 0(x8)          x15=00000052  x8:1c000f44  PA:1c000f44
18617263ns          317154 1c009784 00892683 lw               x13, 8(x18)         x13=f64f27e4 x18:1c000d38  PA:1c000d40
18617562ns          317169 1c009788 00178793 addi             x15, x15, 1         x15=00000053 x15:00000052
18617581ns          317170 1c00978a 00c4a423 sw               x12, 8(x9)          x12:f64f27e4  x9:1c000ce8  PA:1c000cf0
18617900ns          317186 1c00978c 00f42023 sw               x15, 0(x8)          x15:00000053  x8:1c000f44  PA:1c000f44
18618218ns          317202 1c00978e 02d60363 beq              x12, x13, 38        x12:f64f27e4 x13:f64f27e4
18618695ns          317226 1c0097b4 00ca2783 lw               x15, 12(x20)        x15=2e6958d5 x20:1c000cc0  PA:1c000ccc
18619033ns          317243 1c0097b8 00c9a703 lw               x14, 12(x19)        x14=afbef8e2 x19:1c000d10  PA:1c000d1c
18619352ns          317259 1c0097bc 00c4a603 lw               x12, 12(x9)         x12=2ea9899b  x9:1c000ce8  PA:1c000cf4
18619690ns          317276 1c0097be c0e7865b p.mulhhs         x12, x15, x14       x12=f17338ee x15:2e6958d5 x14:afbef8e2
18619710ns          317277 1c0097c2 00042783 lw               x15, 0(x8)          x15=00000053  x8:1c000f44  PA:1c000f44
18620008ns          317292 1c0097c4 00c92683 lw               x13, 12(x18)        x13=f17338ee x18:1c000d38  PA:1c000d44
18620306ns          317307 1c0097c8 00178793 addi             x15, x15, 1         x15=00000054 x15:00000053
18620326ns          317308 1c0097ca 00c4a623 sw               x12, 12(x9)         x12:f17338ee  x9:1c000ce8  PA:1c000cf4
18620645ns          317324 1c0097cc 00f42023 sw               x15, 0(x8)          x15:00000054  x8:1c000f44  PA:1c000f44
18620963ns          317340 1c0097ce 02d60363 beq              x12, x13, 38        x12:f17338ee x13:f17338ee
18621440ns          317364 1c0097f4 010a2783 lw               x15, 16(x20)        x15=d37b5835 x20:1c000cc0  PA:1c000cd0
18621778ns          317381 1c0097f8 0109a703 lw               x14, 16(x19)        x14=aaf01c1d x19:1c000d10  PA:1c000d20
18622117ns          317398 1c0097fc 0104a603 lw               x12, 16(x9)         x12=e4143ddb  x9:1c000ce8  PA:1c000cf8
18622435ns          317414 1c0097fe c0e7865b p.mulhhs         x12, x15, x14       x12=0ecaf150 x15:d37b5835 x14:aaf01c1d
18622455ns          317415 1c009802 00042783 lw               x15, 0(x8)          x15=00000054  x8:1c000f44  PA:1c000f44
18622753ns          317430 1c009804 01092683 lw               x13, 16(x18)        x13=0ecaf150 x18:1c000d38  PA:1c000d48
18623051ns          317445 1c009808 00178793 addi             x15, x15, 1         x15=00000055 x15:00000054
18623071ns          317446 1c00980a 00c4a823 sw               x12, 16(x9)         x12:0ecaf150  x9:1c000ce8  PA:1c000cf8
18623390ns          317462 1c00980c 00f42023 sw               x15, 0(x8)          x15:00000055  x8:1c000f44  PA:1c000f44
18623708ns          317478 1c00980e 02d60363 beq              x12, x13, 38        x12:0ecaf150 x13:0ecaf150
18624185ns          317502 1c009834 014a2783 lw               x15, 20(x20)        x15=bdd3b7ba x20:1c000cc0  PA:1c000cd4
18624523ns          317519 1c009838 0149a703 lw               x14, 20(x19)        x14=d662626a x19:1c000d10  PA:1c000d24
18624861ns          317536 1c00983c 0144a603 lw               x12, 20(x9)         x12=8cc41b06  x9:1c000ce8  PA:1c000cfc
18625180ns          317552 1c00983e c0e7865b p.mulhhs         x12, x15, x14       x12=0ac20cc6 x15:bdd3b7ba x14:d662626a
18625200ns          317553 1c009842 00042783 lw               x15, 0(x8)          x15=00000055  x8:1c000f44  PA:1c000f44
18625498ns          317568 1c009844 01492683 lw               x13, 20(x18)        x13=0ac20cc6 x18:1c000d38  PA:1c000d4c
18625796ns          317583 1c009848 00178793 addi             x15, x15, 1         x15=00000056 x15:00000055
18625816ns          317584 1c00984a 00c4aa23 sw               x12, 20(x9)         x12:0ac20cc6  x9:1c000ce8  PA:1c000cfc
18626154ns          317601 1c00984c 00f42023 sw               x15, 0(x8)          x15:00000056  x8:1c000f44  PA:1c000f44
18626473ns          317617 1c00984e 02d60363 beq              x12, x13, 38        x12:0ac20cc6 x13:0ac20cc6
18626950ns          317641 1c009874 018a2783 lw               x15, 24(x20)        x15=52e6ba02 x20:1c000cc0  PA:1c000cd8
18627288ns          317658 1c009878 0189a703 lw               x14, 24(x19)        x14=f528cf3b x19:1c000d10  PA:1c000d28
18627586ns          317673 1c00987c 0184a603 lw               x12, 24(x9)         x12=d8b9fd7a  x9:1c000ce8  PA:1c000d00
18627905ns          317689 1c00987e c0e7865b p.mulhhs         x12, x15, x14       x12=fc7d11f0 x15:52e6ba02 x14:f528cf3b
18627925ns          317690 1c009882 00042783 lw               x15, 0(x8)          x15=00000056  x8:1c000f44  PA:1c000f44
18628223ns          317705 1c009884 01892683 lw               x13, 24(x18)        x13=fc7d11f0 x18:1c000d38  PA:1c000d50
18628521ns          317720 1c009888 00178793 addi             x15, x15, 1         x15=00000057 x15:00000056
18628541ns          317721 1c00988a 00c4ac23 sw               x12, 24(x9)         x12:fc7d11f0  x9:1c000ce8  PA:1c000d00
18628879ns          317738 1c00988c 00f42023 sw               x15, 0(x8)          x15:00000057  x8:1c000f44  PA:1c000f44
18629198ns          317754 1c00988e 02d60363 beq              x12, x13, 38        x12:fc7d11f0 x13:fc7d11f0
18629675ns          317778 1c0098b4 01ca2783 lw               x15, 28(x20)        x15=8e10e3d8 x20:1c000cc0  PA:1c000cdc
18630013ns          317795 1c0098b8 01c9a703 lw               x14, 28(x19)        x14=7da117ca x19:1c000d10  PA:1c000d2c
18630312ns          317810 1c0098bc 01c4a603 lw               x12, 28(x9)         x12=79096758  x9:1c000ce8  PA:1c000d04
18630630ns          317826 1c0098be c0e7865b p.mulhhs         x12, x15, x14       x12=c8162810 x15:8e10e3d8 x14:7da117ca
18630650ns          317827 1c0098c2 00042783 lw               x15, 0(x8)          x15=00000057  x8:1c000f44  PA:1c000f44
18630948ns          317842 1c0098c4 01c92683 lw               x13, 28(x18)        x13=c8162810 x18:1c000d38  PA:1c000d54
18631246ns          317857 1c0098c8 00178793 addi             x15, x15, 1         x15=00000058 x15:00000057
18631266ns          317858 1c0098ca 00c4ae23 sw               x12, 28(x9)         x12:c8162810  x9:1c000ce8  PA:1c000d04
18631604ns          317875 1c0098cc 00f42023 sw               x15, 0(x8)          x15:00000058  x8:1c000f44  PA:1c000f44
18631923ns          317891 1c0098ce 02d60363 beq              x12, x13, 38        x12:c8162810 x13:c8162810
18632400ns          317915 1c0098f4 020a2783 lw               x15, 32(x20)        x15=3b44dbac x20:1c000cc0  PA:1c000ce0
18632758ns          317933 1c0098f8 0209a703 lw               x14, 32(x19)        x14=5c534938 x19:1c000d10  PA:1c000d30
18633076ns          317949 1c0098fc 0204a603 lw               x12, 32(x9)         x12=931fc4cd  x9:1c000ce8  PA:1c000d08
18633395ns          317965 1c0098fe c0e7865b p.mulhhs         x12, x15, x14       x12=155fa70c x15:3b44dbac x14:5c534938
18633414ns          317966 1c009902 00042783 lw               x15, 0(x8)          x15=00000058  x8:1c000f44  PA:1c000f44
18633713ns          317981 1c009904 02092683 lw               x13, 32(x18)        x13=155fa70c x18:1c000d38  PA:1c000d58
18634011ns          317996 1c009908 00178793 addi             x15, x15, 1         x15=00000059 x15:00000058
18634031ns          317997 1c00990a 02c4a023 sw               x12, 32(x9)         x12:155fa70c  x9:1c000ce8  PA:1c000d08
18634349ns          318013 1c00990c 00f42023 sw               x15, 0(x8)          x15:00000059  x8:1c000f44  PA:1c000f44
18634668ns          318029 1c00990e 02d60363 beq              x12, x13, 38        x12:155fa70c x13:155fa70c
18635145ns          318053 1c009934 024a2783 lw               x15, 36(x20)        x15=4b0557d0 x20:1c000cc0  PA:1c000ce4
18635503ns          318071 1c009938 0249a703 lw               x14, 36(x19)        x14=50ee050b x19:1c000d10  PA:1c000d34
18635821ns          318087 1c00993c 0244a603 lw               x12, 36(x9)         x12=7c14efa3  x9:1c000ce8  PA:1c000d0c
18636140ns          318103 1c00993e c0e7865b p.mulhhs         x12, x15, x14       x12=17b74ea6 x15:4b0557d0 x14:50ee050b
18636159ns          318104 1c009942 00042783 lw               x15, 0(x8)          x15=00000059  x8:1c000f44  PA:1c000f44
18636458ns          318119 1c009944 02492683 lw               x13, 36(x18)        x13=17b74ea6 x18:1c000d38  PA:1c000d5c
18636776ns          318135 1c009948 00178793 addi             x15, x15, 1         x15=0000005a x15:00000059
18636796ns          318136 1c00994a 02c4a223 sw               x12, 36(x9)         x12:17b74ea6  x9:1c000ce8  PA:1c000d0c
18637114ns          318152 1c00994c 00f42023 sw               x15, 0(x8)          x15:0000005a  x8:1c000f44  PA:1c000f44
18637432ns          318168 1c00994e 02d60363 beq              x12, x13, 38        x12:17b74ea6 x13:17b74ea6
18637910ns          318192 1c009974 1c0014b7 lui              x9, 0x1c001000       x9=1c001000
18637950ns          318194 1c009978 1c001a37 lui              x20, 0x1c001000     x20=1c001000
18637969ns          318195 1c00997c 1c0019b7 lui              x19, 0x1c001000     x19=1c001000
18638407ns          318217 1c009980 d8848493 addi             x9, x9, -632         x9=1c000d88  x9:1c001000
18638447ns          318219 1c009984 d60a0a13 addi             x20, x20, -672      x20=1c000d60 x20:1c001000
18638467ns          318220 1c009988 db098993 addi             x19, x19, -592      x19=1c000db0 x19:1c001000
18638487ns          318221 1c00998c 000a2783 lw               x15, 0(x20)         x15=060bb574 x20:1c000d60  PA:1c000d60
18638944ns          318244 1c009990 0009a703 lw               x14, 0(x19)         x14=12024c1f x19:1c000db0  PA:1c000db0
18639242ns          318259 1c009994 0004a603 lw               x12, 0(x9)          x12=6ff15f3f  x9:1c000d88  PA:1c000d88
18639561ns          318275 1c009996 40e7865b p.mulhhu         x12, x15, x14       x12=006cd216 x15:060bb574 x14:12024c1f
18639581ns          318276 1c00999a 1c001937 lui              x18, 0x1c001000     x18=1c001000
18639601ns          318277 1c00999e 00042783 lw               x15, 0(x8)          x15=0000005a  x8:1c000f44  PA:1c000f44
18639919ns          318293 1c0099a0 dd890913 addi             x18, x18, -552      x18=1c000dd8 x18:1c001000
18639939ns          318294 1c0099a4 00178793 addi             x15, x15, 1         x15=0000005b x15:0000005a
18639959ns          318295 1c0099a6 00092683 lw               x13, 0(x18)         x13=006cd216 x18:1c000dd8  PA:1c000dd8
18640257ns          318310 1c0099aa 00c4a023 sw               x12, 0(x9)          x12:006cd216  x9:1c000d88  PA:1c000d88
18640575ns          318326 1c0099ac 00f42023 sw               x15, 0(x8)          x15:0000005b  x8:1c000f44  PA:1c000f44
18640893ns          318342 1c0099ae 02c68363 beq              x13, x12, 38        x13:006cd216 x12:006cd216
18641371ns          318366 1c0099d4 004a2783 lw               x15, 4(x20)         x15=f01994b3 x20:1c000d60  PA:1c000d64
18641709ns          318383 1c0099d8 0049a703 lw               x14, 4(x19)         x14=aa6b25d3 x19:1c000db0  PA:1c000db4
18642027ns          318399 1c0099dc 0044a603 lw               x12, 4(x9)          x12=93d9b637  x9:1c000d88  PA:1c000d8c
18642365ns          318416 1c0099de 40e7865b p.mulhhu         x12, x15, x14       x12=9fd4f473 x15:f01994b3 x14:aa6b25d3
18642385ns          318417 1c0099e2 00042783 lw               x15, 0(x8)          x15=0000005b  x8:1c000f44  PA:1c000f44
18642684ns          318432 1c0099e4 00492683 lw               x13, 4(x18)         x13=9fd4f473 x18:1c000dd8  PA:1c000ddc
18642982ns          318447 1c0099e8 00178793 addi             x15, x15, 1         x15=0000005c x15:0000005b
18643002ns          318448 1c0099ea 00c4a223 sw               x12, 4(x9)          x12:9fd4f473  x9:1c000d88  PA:1c000d8c
18643320ns          318464 1c0099ec 00f42023 sw               x15, 0(x8)          x15:0000005c  x8:1c000f44  PA:1c000f44
18643638ns          318480 1c0099ee 02d60363 beq              x12, x13, 38        x12:9fd4f473 x13:9fd4f473
18644116ns          318504 1c009a14 008a2783 lw               x15, 8(x20)         x15=1fab5e69 x20:1c000d60  PA:1c000d68
18644454ns          318521 1c009a18 0089a703 lw               x14, 8(x19)         x14=92934e66 x19:1c000db0  PA:1c000db8
18644792ns          318538 1c009a1c 0084a603 lw               x12, 8(x9)          x12=6615d1d1  x9:1c000d88  PA:1c000d90
18645110ns          318554 1c009a1e 40e7865b p.mulhhu         x12, x15, x14       x12=1221b531 x15:1fab5e69 x14:92934e66
18645130ns          318555 1c009a22 00042783 lw               x15, 0(x8)          x15=0000005c  x8:1c000f44  PA:1c000f44
18645428ns          318570 1c009a24 00892683 lw               x13, 8(x18)         x13=1221b531 x18:1c000dd8  PA:1c000de0
18645727ns          318585 1c009a28 00178793 addi             x15, x15, 1         x15=0000005d x15:0000005c
18645747ns          318586 1c009a2a 00c4a423 sw               x12, 8(x9)          x12:1221b531  x9:1c000d88  PA:1c000d90
18646085ns          318603 1c009a2c 00f42023 sw               x15, 0(x8)          x15:0000005d  x8:1c000f44  PA:1c000f44
18646403ns          318619 1c009a2e 02d60363 beq              x12, x13, 38        x12:1221b531 x13:1221b531
18646881ns          318643 1c009a54 00ca2783 lw               x15, 12(x20)        x15=6bd8675b x20:1c000d60  PA:1c000d6c
18647219ns          318660 1c009a58 00c9a703 lw               x14, 12(x19)        x14=228b502d x19:1c000db0  PA:1c000dbc
18647517ns          318675 1c009a5c 00c4a603 lw               x12, 12(x9)         x12=57c90da3  x9:1c000d88  PA:1c000d94
18647835ns          318691 1c009a5e 40e7865b p.mulhhu         x12, x15, x14       x12=0e8d3e48 x15:6bd8675b x14:228b502d
18647855ns          318692 1c009a62 00042783 lw               x15, 0(x8)          x15=0000005d  x8:1c000f44  PA:1c000f44
18648154ns          318707 1c009a64 00c92683 lw               x13, 12(x18)        x13=0e8d3e48 x18:1c000dd8  PA:1c000de4
18648452ns          318722 1c009a68 00178793 addi             x15, x15, 1         x15=0000005e x15:0000005d
18648472ns          318723 1c009a6a 00c4a623 sw               x12, 12(x9)         x12:0e8d3e48  x9:1c000d88  PA:1c000d94
18648810ns          318740 1c009a6c 00f42023 sw               x15, 0(x8)          x15:0000005e  x8:1c000f44  PA:1c000f44
18649128ns          318756 1c009a6e 02d60363 beq              x12, x13, 38        x12:0e8d3e48 x13:0e8d3e48
18649606ns          318780 1c009a94 010a2783 lw               x15, 16(x20)        x15=9ee198c1 x20:1c000d60  PA:1c000d70
18649944ns          318797 1c009a98 0109a703 lw               x14, 16(x19)        x14=d55d30a9 x19:1c000db0  PA:1c000dc0
18650242ns          318812 1c009a9c 0104a603 lw               x12, 16(x9)         x12=96c01fae  x9:1c000d88  PA:1c000d98
18650560ns          318828 1c009a9e 40e7865b p.mulhhu         x12, x15, x14       x12=846aecbd x15:9ee198c1 x14:d55d30a9
18650580ns          318829 1c009aa2 00042783 lw               x15, 0(x8)          x15=0000005e  x8:1c000f44  PA:1c000f44
18650879ns          318844 1c009aa4 01092683 lw               x13, 16(x18)        x13=846aecbd x18:1c000dd8  PA:1c000de8
18651177ns          318859 1c009aa8 00178793 addi             x15, x15, 1         x15=0000005f x15:0000005e
18651197ns          318860 1c009aaa 00c4a823 sw               x12, 16(x9)         x12:846aecbd  x9:1c000d88  PA:1c000d98
18651535ns          318877 1c009aac 00f42023 sw               x15, 0(x8)          x15:0000005f  x8:1c000f44  PA:1c000f44
18651853ns          318893 1c009aae 02d60363 beq              x12, x13, 38        x12:846aecbd x13:846aecbd
18652331ns          318917 1c009ad4 014a2783 lw               x15, 20(x20)        x15=282f9302 x20:1c000d60  PA:1c000d74
18652669ns          318934 1c009ad8 0149a703 lw               x14, 20(x19)        x14=3e741dae x19:1c000db0  PA:1c000dc4
18652967ns          318949 1c009adc 0144a603 lw               x12, 20(x9)         x12=40eef518  x9:1c000d88  PA:1c000d9c
18653285ns          318965 1c009ade 40e7865b p.mulhhu         x12, x15, x14       x12=09cd974c x15:282f9302 x14:3e741dae
18653305ns          318966 1c009ae2 00042783 lw               x15, 0(x8)          x15=0000005f  x8:1c000f44  PA:1c000f44
18653604ns          318981 1c009ae4 01492683 lw               x13, 20(x18)        x13=09cd974c x18:1c000dd8  PA:1c000dec
18653902ns          318996 1c009ae8 00178793 addi             x15, x15, 1         x15=00000060 x15:0000005f
18653922ns          318997 1c009aea 00c4aa23 sw               x12, 20(x9)         x12:09cd974c  x9:1c000d88  PA:1c000d9c
18654260ns          319014 1c009aec 00f42023 sw               x15, 0(x8)          x15:00000060  x8:1c000f44  PA:1c000f44
18654578ns          319030 1c009aee 02d60363 beq              x12, x13, 38        x12:09cd974c x13:09cd974c
18655056ns          319054 1c009b14 018a2783 lw               x15, 24(x20)        x15=3aec5aa2 x20:1c000d60  PA:1c000d78
18655414ns          319072 1c009b18 0189a703 lw               x14, 24(x19)        x14=e9f3f6aa x19:1c000db0  PA:1c000dc8
18655732ns          319088 1c009b1c 0184a603 lw               x12, 24(x9)         x12=1331d043  x9:1c000d88  PA:1c000da0
18656050ns          319104 1c009b1e 40e7865b p.mulhhu         x12, x15, x14       x12=35d8ba04 x15:3aec5aa2 x14:e9f3f6aa
18656070ns          319105 1c009b22 00042783 lw               x15, 0(x8)          x15=00000060  x8:1c000f44  PA:1c000f44
18656368ns          319120 1c009b24 01892683 lw               x13, 24(x18)        x13=35d8ba04 x18:1c000dd8  PA:1c000df0
18656667ns          319135 1c009b28 00178793 addi             x15, x15, 1         x15=00000061 x15:00000060
18656687ns          319136 1c009b2a 00c4ac23 sw               x12, 24(x9)         x12:35d8ba04  x9:1c000d88  PA:1c000da0
18657005ns          319152 1c009b2c 00f42023 sw               x15, 0(x8)          x15:00000061  x8:1c000f44  PA:1c000f44
18657323ns          319168 1c009b2e 02d60363 beq              x12, x13, 38        x12:35d8ba04 x13:35d8ba04
18657801ns          319192 1c009b54 01ca2783 lw               x15, 28(x20)        x15=8e5e2ced x20:1c000d60  PA:1c000d7c
18658159ns          319210 1c009b58 01c9a703 lw               x14, 28(x19)        x14=0020dd1c x19:1c000db0  PA:1c000dcc
18658457ns          319225 1c009b5c 01c4a603 lw               x12, 28(x9)         x12=e701d7b6  x9:1c000d88  PA:1c000da4
18658775ns          319241 1c009b5e 40e7865b p.mulhhu         x12, x15, x14       x12=0011cbc0 x15:8e5e2ced x14:0020dd1c
18658795ns          319242 1c009b62 00042783 lw               x15, 0(x8)          x15=00000061  x8:1c000f44  PA:1c000f44
18659093ns          319257 1c009b64 01c92683 lw               x13, 28(x18)        x13=0011cbc0 x18:1c000dd8  PA:1c000df4
18659412ns          319273 1c009b68 00178793 addi             x15, x15, 1         x15=00000062 x15:00000061
18659432ns          319274 1c009b6a 00c4ae23 sw               x12, 28(x9)         x12:0011cbc0  x9:1c000d88  PA:1c000da4
18659750ns          319290 1c009b6c 00f42023 sw               x15, 0(x8)          x15:00000062  x8:1c000f44  PA:1c000f44
18660068ns          319306 1c009b6e 02d60363 beq              x12, x13, 38        x12:0011cbc0 x13:0011cbc0
18660545ns          319330 1c009b94 020a2783 lw               x15, 32(x20)        x15=603e83f0 x20:1c000d60  PA:1c000d80
18660864ns          319346 1c009b98 0209a703 lw               x14, 32(x19)        x14=90db93ef x19:1c000db0  PA:1c000dd0
18661162ns          319361 1c009b9c 0204a603 lw               x12, 32(x9)         x12=d0afaa8a  x9:1c000d88  PA:1c000da8
18661480ns          319377 1c009b9e 40e7865b p.mulhhu         x12, x15, x14       x12=3675350a x15:603e83f0 x14:90db93ef
18661500ns          319378 1c009ba2 00042783 lw               x15, 0(x8)          x15=00000062  x8:1c000f44  PA:1c000f44
18661799ns          319393 1c009ba4 02092683 lw               x13, 32(x18)        x13=3675350a x18:1c000dd8  PA:1c000df8
18662117ns          319409 1c009ba8 00178793 addi             x15, x15, 1         x15=00000063 x15:00000062
18662137ns          319410 1c009baa 02c4a023 sw               x12, 32(x9)         x12:3675350a  x9:1c000d88  PA:1c000da8
18662455ns          319426 1c009bac 00f42023 sw               x15, 0(x8)          x15:00000063  x8:1c000f44  PA:1c000f44
18662773ns          319442 1c009bae 02d60263 beq              x12, x13, 36        x12:3675350a x13:3675350a
18663290ns          319468 1c009bd2 024a2783 lw               x15, 36(x20)        x15=5121e863 x20:1c000d60  PA:1c000d84
18663589ns          319483 1c009bd6 0249a703 lw               x14, 36(x19)        x14=4d5a645d x19:1c000db0  PA:1c000dd4
18663887ns          319498 1c009bda 0244a603 lw               x12, 36(x9)         x12=f7db98f3  x9:1c000d88  PA:1c000dac
18664205ns          319514 1c009bdc 40e7865b p.mulhhu         x12, x15, x14       x12=1883729a x15:5121e863 x14:4d5a645d
18664225ns          319515 1c009be0 00042783 lw               x15, 0(x8)          x15=00000063  x8:1c000f44  PA:1c000f44
18664524ns          319530 1c009be2 02492683 lw               x13, 36(x18)        x13=1883729a x18:1c000dd8  PA:1c000dfc
18664822ns          319545 1c009be6 00178793 addi             x15, x15, 1         x15=00000064 x15:00000063
18664842ns          319546 1c009be8 02c4a223 sw               x12, 36(x9)         x12:1883729a  x9:1c000d88  PA:1c000dac
18665160ns          319562 1c009bea 00f42023 sw               x15, 0(x8)          x15:00000064  x8:1c000f44  PA:1c000f44
18665478ns          319578 1c009bec 00d61a63 bne              x12, x13, 20        x12:1883729a x13:1883729a
18665498ns          319579 1c009bf0 01c12083 lw               x1, 28(x2)           x1=1c009c76  x2:100007c8  PA:100007e4
18665518ns          319580 1c009bf2 01812403 lw               x8, 24(x2)           x8=1c000f40  x2:100007c8  PA:100007e0
18665538ns          319581 1c009bf4 01412483 lw               x9, 20(x2)           x9=xxxxxxxx  x2:100007c8  PA:100007dc
18665558ns          319582 1c009bf6 01012903 lw               x18, 16(x2)         x18=xxxxxxxx  x2:100007c8  PA:100007d8
18665578ns          319583 1c009bf8 00c12983 lw               x19, 12(x2)         x19=xxxxxxxx  x2:100007c8  PA:100007d4
18665598ns          319584 1c009bfa 00812a03 lw               x20, 8(x2)          x20=xxxxxxxx  x2:100007c8  PA:100007d0
18665618ns          319585 1c009bfc 02010113 addi             x2, x2, 32           x2=100007e8  x2:100007c8
18665637ns          319586 1c009bfe 00008067 jalr             x0, x1, 0            x1:1c009c76
18666513ns          319630 1c009c76 cc8fe0ef jal              x1, -6968            x1=1c009c7a
18666970ns          319653 1c00813e ff010113 addi             x2, x2, -16          x2=100007d8  x2:100007e8
18667448ns          319677 1c008140 00812423 sw               x8, 8(x2)            x8:1c000f40  x2:100007d8  PA:100007e0
18667487ns          319679 1c008142 1c001437 lui              x8, 0x1c001000       x8=1c001000
18667507ns          319680 1c008146 1c0017b7 lui              x15, 0x1c001000     x15=1c001000
18667527ns          319681 1c00814a f4040413 addi             x8, x8, -192         x8=1c000f40  x8:1c001000
18667965ns          319703 1c00814e f447a603 lw               x12, -188(x15)      x12=00000064 x15:1c001000  PA:1c000f44
18668283ns          319719 1c008152 00042583 lw               x11, 0(x8)          x11=00000000  x8:1c000f40  PA:1c000f40
18668601ns          319735 1c008154 1c000537 lui              x10, 0x1c000000     x10=1c000000
18668621ns          319736 1c008158 0b050513 addi             x10, x10, 176       x10=1c0000b0 x10:1c000000
18668641ns          319737 1c00815c 00112623 sw               x1, 12(x2)           x1:1c009c7a  x2:100007d8  PA:100007e4
18668661ns          319738 1c00815e 0e0020ef jal              x1, 8416             x1=1c008162
18669118ns          319761 1c00a23e fc010113 addi             x2, x2, -64          x2=10000798  x2:100007d8
18669198ns          319765 1c00a240 02410313 addi             x6, x2, 36           x6=100007bc  x2:10000798
18669238ns          319767 1c00a244 02c12423 sw               x12, 40(x2)         x12:00000064  x2:10000798  PA:100007c0
18669258ns          319768 1c00a246 00a00633 add              x12, x0, x10        x12=1c0000b0 x10:1c0000b0
18669278ns          319769 1c00a248 1c00a537 lui              x10, 0x1c00a000     x10=1c00a000
18669297ns          319770 1c00a24c 02b12223 sw               x11, 36(x2)         x11:00000000  x2:10000798  PA:100007bc
18669317ns          319771 1c00a24e 02d12623 sw               x13, 44(x2)         x13:1883729a  x2:10000798  PA:100007c4
18669715ns          319791 1c00a250 00200593 addi             x11, x0, 2          x11=00000002
18669735ns          319792 1c00a252 006006b3 add              x13, x0, x6         x13=100007bc  x6:100007bc
18669755ns          319793 1c00a254 1fa50513 addi             x10, x10, 506       x10=1c00a1fa x10:1c00a000
18669775ns          319794 1c00a258 00112e23 sw               x1, 28(x2)           x1:1c008162  x2:10000798  PA:100007b4
18669795ns          319795 1c00a25a 02e12823 sw               x14, 48(x2)         x14:4d5a645d  x2:10000798  PA:100007c8
18669815ns          319796 1c00a25c 02f12a23 sw               x15, 52(x2)         x15:1c001000  x2:10000798  PA:100007cc
18669834ns          319797 1c00a25e 03012c23 sw               x16, 56(x2)         x16:1000069c  x2:10000798  PA:100007d0
18670252ns          319818 1c00a260 03112e23 sw               x17, 60(x2)         x17:1c00007c  x2:10000798  PA:100007d4
18670272ns          319819 1c00a262 00612623 sw               x6, 12(x2)           x6:100007bc  x2:10000798  PA:100007a4
18670292ns          319820 1c00a264 fbfff0ef jal              x1, -66              x1=1c00a266
18670749ns          319843 1c00a222 04a0006f jal              x0, 74             
18670789ns          319845 1c00a26c ed010113 addi             x2, x2, -304         x2=10000668  x2:10000798
18671227ns          319867 1c00a26e 12812423 sw               x8, 296(x2)          x8:1c000f40  x2:10000668  PA:10000790
18671247ns          319868 1c00a272 00000413 addi             x8, x0, 0            x8=00000000
18671267ns          319869 1c00a274 11612823 sw               x22, 272(x2)        x22:xxxxxxxx  x2:10000668  PA:10000778
18671286ns          319870 1c00a278 11712623 sw               x23, 268(x2)        x23:xxxxxxxx  x2:10000668  PA:10000774
18671306ns          319871 1c00a27c 11812423 sw               x24, 264(x2)        x24:xxxxxxxx  x2:10000668  PA:10000770
18671366ns          319874 1c00a280 11912223 sw               x25, 260(x2)        x25:xxxxxxxx  x2:10000668  PA:1000076c
18671406ns          319876 1c00a284 11a12023 sw               x26, 256(x2)        x26:xxxxxxxx  x2:10000668  PA:10000768
18671426ns          319877 1c00a288 0fb12e23 sw               x27, 252(x2)        x27:xxxxxxxx  x2:10000668  PA:10000764
18671446ns          319878 1c00a28a 12112623 sw               x1, 300(x2)          x1:1c00a266  x2:10000668  PA:10000794
18671465ns          319879 1c00a28e 00800db3 add              x27, x0, x8         x27=00000000  x8:00000000
18671883ns          319900 1c00a290 12912223 sw               x9, 292(x2)          x9:xxxxxxxx  x2:10000668  PA:1000078c
18671923ns          319902 1c00a294 13212023 sw               x18, 288(x2)        x18:xxxxxxxx  x2:10000668  PA:10000788
18671943ns          319903 1c00a298 11312e23 sw               x19, 284(x2)        x19:xxxxxxxx  x2:10000668  PA:10000784
18671963ns          319904 1c00a29c 11412c23 sw               x20, 280(x2)        x20:xxxxxxxx  x2:10000668  PA:10000780
18672022ns          319907 1c00a2a0 11512a23 sw               x21, 276(x2)        x21:xxxxxxxx  x2:10000668  PA:1000077c
18672062ns          319909 1c00a2a4 00a00b33 add              x22, x0, x10        x22=1c00a1fa x10:1c00a1fa
18672082ns          319910 1c00a2a6 00b00d33 add              x26, x0, x11        x26=00000002 x11:00000002
18672102ns          319911 1c00a2a8 00d00c33 add              x24, x0, x13        x24=100007bc x13:100007bc
18672122ns          319912 1c00a2aa 1c000bb7 lui              x23, 0x1c000000     x23=1c000000
18672540ns          319933 1c00a2ae 02410c93 addi             x25, x2, 36         x25=1000068c  x2:10000668
18672559ns          319934 1c00a2b2 00c00433 add              x8, x0, x12          x8=1c0000b0 x12:1c0000b0
18672579ns          319935 1c00a2b4 00044503 lbu              x10, 0(x8)          x10=00000025  x8:1c0000b0  PA:1c0000b0
18672878ns          319950 1c00a2b8 00140413 addi             x8, x8, 1            x8=1c0000b1  x8:1c0000b0
18672898ns          319951 1c00a2ba 00050e63 beq              x10, x0, 28         x10:00000025
18672918ns          319952 1c00a2bc 02500793 addi             x15, x0, 37         x15=00000025
18672937ns          319953 1c00a2c0 04f50863 beq              x10, x15, 80        x10:00000025 x15:00000025
18673415ns          319977 1c00a310 00044483 lbu              x9, 0(x8)            x9=00000064  x8:1c0000b1  PA:1c0000b1
18673753ns          319994 1c00a314 02000693 addi             x13, x0, 32         x13=00000020
18673773ns          319995 1c00a318 00140a93 addi             x21, x8, 1          x21=1c0000b2  x8:1c0000b1
18673793ns          319996 1c00a31c 009005b3 add              x11, x0, x9         x11=00000064  x9:00000064
18673932ns          320003 1c00a31e 0e8b8513 addi             x10, x23, 232       x10=1c0000e8 x23:1c000000
18673952ns          320004 1c00a322 00d12823 sw               x13, 16(x2)         x13:00000020  x2:10000668  PA:10000678
18673972ns          320005 1c00a324 00012c23 sw               x0, 24(x2)           x2:10000668  PA:10000680
18673992ns          320006 1c00a326 00012a23 sw               x0, 20(x2)           x2:10000668  PA:1000067c
18674012ns          320007 1c00a328 00012e23 sw               x0, 28(x2)           x2:10000668  PA:10000684
18674031ns          320008 1c00a32a 00012623 sw               x0, 12(x2)           x2:10000668  PA:10000674
18674051ns          320009 1c00a32c 02300913 addi             x18, x0, 35         x18=00000023
18674449ns          320029 1c00a330 02d00a13 addi             x20, x0, 45         x20=0000002d
18674489ns          320031 1c00a334 015009b3 add              x19, x0, x21        x19=1c0000b2 x21:1c0000b2
18674509ns          320032 1c00a336 e45ff0ef jal              x1, -444             x1=1c00a338
18675006ns          320057 1c00a17a 00054783 lbu              x15, 0(x10)         x15=0000002d x10:1c0000e8  PA:1c0000e8
18675483ns          320081 1c00a17e 0ff5f593 andi             x11, x11, 255       x11=00000064 x11:00000064
18675503ns          320082 1c00a182 00b78c63 beq              x15, x11, 24        x15:0000002d x11:00000064
18675523ns          320083 1c00a186 00078b63 beq              x15, x0, 22         x15:0000002d
18675543ns          320084 1c00a188 00150793 addi             x15, x10, 1         x15=1c0000e9 x10:1c0000e8
18675563ns          320085 1c00a18c 0040006f jal              x0, 4              
18676020ns          320108 1c00a190 00f00533 add              x10, x0, x15        x10=1c0000e9 x15:1c0000e9
18676040ns          320109 1c00a192 0017c70b p.lbu            x14, 1(x15!)        x14=0000002b x15=1c0000ea x15:1c0000e9  PA:1c0000e9
18676359ns          320125 1c00a196 feb71ce3 bne              x14, x11, -8        x14:0000002b x11:00000064
18676418ns          320128 1c00a18e 00070763 beq              x14, x0, 14         x14:0000002b
18676438ns          320129 1c00a190 00f00533 add              x10, x0, x15        x10=1c0000ea x15:1c0000ea
18676458ns          320130 1c00a192 0017c70b p.lbu            x14, 1(x15!)        x14=00000020 x15=1c0000eb x15:1c0000ea  PA:1c0000ea
18676796ns          320147 1c00a196 feb71ce3 bne              x14, x11, -8        x14:00000020 x11:00000064
18676856ns          320150 1c00a18e 00070763 beq              x14, x0, 14         x14:00000020
18676876ns          320151 1c00a190 00f00533 add              x10, x0, x15        x10=1c0000eb x15:1c0000eb
18676896ns          320152 1c00a192 0017c70b p.lbu            x14, 1(x15!)        x14=00000023 x15=1c0000ec x15:1c0000eb  PA:1c0000eb
18677234ns          320169 1c00a196 feb71ce3 bne              x14, x11, -8        x14:00000023 x11:00000064
18677293ns          320172 1c00a18e 00070763 beq              x14, x0, 14         x14:00000023
18677313ns          320173 1c00a190 00f00533 add              x10, x0, x15        x10=1c0000ec x15:1c0000ec
18677333ns          320174 1c00a192 0017c70b p.lbu            x14, 1(x15!)        x14=00000030 x15=1c0000ed x15:1c0000ec  PA:1c0000ec
18677652ns          320190 1c00a196 feb71ce3 bne              x14, x11, -8        x14:00000030 x11:00000064
18677711ns          320193 1c00a18e 00070763 beq              x14, x0, 14         x14:00000030
18677731ns          320194 1c00a190 00f00533 add              x10, x0, x15        x10=1c0000ed x15:1c0000ed
18677751ns          320195 1c00a192 0017c70b p.lbu            x14, 1(x15!)        x14=00000000 x15=1c0000ee x15:1c0000ed  PA:1c0000ed
18678089ns          320212 1c00a196 feb71ce3 bne              x14, x11, -8        x14:00000000 x11:00000064
18678149ns          320215 1c00a18e 00070763 beq              x14, x0, 14         x14:00000000
18678208ns          320218 1c00a19c 0015b593 sltiu            x11, x11, 1         x11=00000000 x11:00000064
18678228ns          320219 1c00a1a0 40b005b3 sub              x11, x0, x11        x11=00000000 x11:00000000
18678248ns          320220 1c00a1a4 00b57533 and              x10, x10, x11       x10=00000000 x10:1c0000ed x11:00000000
18678268ns          320221 1c00a1a6 00008067 jalr             x0, x1, 0            x1:1c00a338
18678308ns          320223 1c00a338 02050a63 beq              x10, x0, 52         x10:00000000
18679223ns          320269 1c00a36c 02a00613 addi             x12, x0, 42         x12=0000002a
18679680ns          320292 1c00a370 2ac48663 beq              x9, x12, 684         x9:00000064 x12:0000002a
18679720ns          320294 1c00a374 fd048613 addi             x12, x9, -48        x12=00000034  x9:00000064
18679740ns          320295 1c00a378 00900593 addi             x11, x0, 9          x11=00000009
18679760ns          320296 1c00a37a 00000913 addi             x18, x0, 0          x18=00000000
18679780ns          320297 1c00a37c 28c5f063 bgeu             x11, x12, 640       x11:00000009 x12:00000034
18680198ns          320318 1c00a380 02e00693 addi             x13, x0, 46         x13=0000002e
18680237ns          320320 1c00a384 fff00a13 addi             x20, x0, -1         x20=ffffffff
18680257ns          320321 1c00a386 2ed48363 beq              x9, x13, 742         x9:00000064 x13:0000002e
18680277ns          320322 1c00a38a 1c0007b7 lui              x15, 0x1c000000     x15=1c000000
18680297ns          320323 1c00a38e 009005b3 add              x11, x0, x9         x11=00000064  x9:00000064
18680735ns          320345 1c00a390 0f078513 addi             x10, x15, 240       x10=1c0000f0 x15:1c000000
18680774ns          320347 1c00a394 de7ff0ef jal              x1, -538             x1=1c00a396
18680894ns          320353 1c00a17a 00054783 lbu              x15, 0(x10)         x15=00000068 x10:1c0000f0  PA:1c0000f0
18681192ns          320368 1c00a17e 0ff5f593 andi             x11, x11, 255       x11=00000064 x11:00000064
18681212ns          320369 1c00a182 00b78c63 beq              x15, x11, 24        x15:00000068 x11:00000064
18681232ns          320370 1c00a186 00078b63 beq              x15, x0, 22         x15:00000068
18681252ns          320371 1c00a188 00150793 addi             x15, x10, 1         x15=1c0000f1 x10:1c0000f0
18681272ns          320372 1c00a18c 0040006f jal              x0, 4              
18681311ns          320374 1c00a190 00f00533 add              x10, x0, x15        x10=1c0000f1 x15:1c0000f1
18681331ns          320375 1c00a192 0017c70b p.lbu            x14, 1(x15!)        x14=0000006c x15=1c0000f2 x15:1c0000f1  PA:1c0000f1
18681669ns          320392 1c00a196 feb71ce3 bne              x14, x11, -8        x14:0000006c x11:00000064
18681729ns          320395 1c00a18e 00070763 beq              x14, x0, 14         x14:0000006c
18681749ns          320396 1c00a190 00f00533 add              x10, x0, x15        x10=1c0000f2 x15:1c0000f2
18681769ns          320397 1c00a192 0017c70b p.lbu            x14, 1(x15!)        x14=0000004c x15=1c0000f3 x15:1c0000f2  PA:1c0000f2
18682107ns          320414 1c00a196 feb71ce3 bne              x14, x11, -8        x14:0000004c x11:00000064
18682167ns          320417 1c00a18e 00070763 beq              x14, x0, 14         x14:0000004c
18682187ns          320418 1c00a190 00f00533 add              x10, x0, x15        x10=1c0000f3 x15:1c0000f3
18682206ns          320419 1c00a192 0017c70b p.lbu            x14, 1(x15!)        x14=0000007a x15=1c0000f4 x15:1c0000f3  PA:1c0000f3
18682525ns          320435 1c00a196 feb71ce3 bne              x14, x11, -8        x14:0000007a x11:00000064
18682584ns          320438 1c00a18e 00070763 beq              x14, x0, 14         x14:0000007a
18682604ns          320439 1c00a190 00f00533 add              x10, x0, x15        x10=1c0000f4 x15:1c0000f4
18682624ns          320440 1c00a192 0017c70b p.lbu            x14, 1(x15!)        x14=00000000 x15=1c0000f5 x15:1c0000f4  PA:1c0000f4
18682942ns          320456 1c00a196 feb71ce3 bne              x14, x11, -8        x14:00000000 x11:00000064
18683002ns          320459 1c00a18e 00070763 beq              x14, x0, 14         x14:00000000
18683062ns          320462 1c00a19c 0015b593 sltiu            x11, x11, 1         x11=00000000 x11:00000064
18683082ns          320463 1c00a1a0 40b005b3 sub              x11, x0, x11        x11=00000000 x11:00000000
18683102ns          320464 1c00a1a4 00b57533 and              x10, x10, x11       x10=00000000 x10:1c0000f4 x11:00000000
18683121ns          320465 1c00a1a6 00008067 jalr             x0, x1, 0            x1:1c00a396
18683161ns          320467 1c00a396 01300433 add              x8, x0, x19          x8=1c0000b2 x19:1c0000b2
18683181ns          320468 1c00a398 00050563 beq              x10, x0, 10         x10:00000000
18683320ns          320475 1c00a3a2 06700693 addi             x13, x0, 103        x13=00000067
18683340ns          320476 1c00a3a6 2896d963 bge              x13, x9, 658        x13:00000067  x9:00000064
18684255ns          320522 1c00a638 06500693 addi             x13, x0, 101        x13=00000065
18684295ns          320524 1c00a63c 12d4d563 bge              x9, x13, 298         x9:00000064 x13:00000065
18684753ns          320547 1c00a640 04700693 addi             x13, x0, 71         x13=00000047
18684792ns          320549 1c00a644 dc96cbe3 blt              x13, x9, -554       x13:00000047  x9:00000064
18685309ns          320575 1c00a41a 06300693 addi             x13, x0, 99         x13=00000063
18685747ns          320597 1c00a41e 0ad488e3 beq              x9, x13, 2224        x9:00000064 x13:00000063
18685787ns          320599 1c00a422 0096c9e3 blt              x13, x9, 2066       x13:00000063  x9:00000064
18686264ns          320623 1c00ac34 000c2583 lw               x11, 0(x24)         x11=00000000 x24:100007bc  PA:100007bc
18686304ns          320625 1c00ac38 004c0c13 addi             x24, x24, 4         x24=100007c0 x24:100007bc
18686324ns          320626 1c00ac3a 3405cc63 blt              x11, x0, 856        x11:00000000
18686344ns          320627 1c00ac3e 01412603 lw               x12, 20(x2)         x12=00000000  x2:10000668  PA:1000067c
18686761ns          320648 1c00ac40 00b006b3 add              x13, x0, x11        x13=00000000 x11:00000000
18686801ns          320650 1c00ac42 2e061863 bne              x12, x0, 752        x12:00000000
18686821ns          320651 1c00ac46 01812703 lw               x14, 24(x2)         x14=00000000  x2:10000668  PA:10000680
18686841ns          320652 1c00ac48 019007b3 add              x15, x0, x25        x15=1000068c x25:1000068c
18686861ns          320653 1c00ac4a 00070763 beq              x14, x0, 14         x14:00000000
18687318ns          320676 1c00ac58 00f00733 add              x14, x0, x15        x14=1000068c x15:1000068c
18687338ns          320677 1c00ac5a 00a00513 addi             x10, x0, 10         x10=0000000a
18687358ns          320678 1c00ac5c 02a6f633 remu             x12, x13, x10       x12=00000000 x13:00000000 x10:0000000a
18687995ns          320710 1c00ac60 02a6d6b3 divu             x13, x13, x10       x13=00000000 x13:00000000 x10:0000000a
18688611ns          320741 1c00ac64 03060613 addi             x12, x12, 48        x12=00000030 x12:00000000
18688631ns          320742 1c00ac68 00c700ab p.sb             x12, 1(x14!)        x14=1000068d x12:00000030 x14:1000068c  PA:1000068c
18688651ns          320743 1c00ac6c fe0698e3 bne              x13, x0, -16        x13:00000000
18688671ns          320744 1c00ac6e 40f706b3 sub              x13, x14, x15       x13=00000001 x14:1000068d x15:1000068c
18688691ns          320745 1c00ac72 0146dc63 bge              x13, x20, 24        x13:00000001 x20:ffffffff
18689168ns          320769 1c00ac8a 00e006b3 add              x13, x0, x14        x13=1000068d x14:1000068d
18689208ns          320771 1c00ac8c fe068fab p.sb             x0, -1(x13!)        x13=1000068c x13:1000068d  PA:1000068d
18689646ns          320793 1c00ac90 00d7fc63 bgeu             x15, x13, 24        x15:1000068c x13:1000068c
18690143ns          320818 1c00aca8 01412783 lw               x15, 20(x2)         x15=00000000  x2:10000668  PA:1000067c
18690163ns          320819 1c00acaa 01812603 lw               x12, 24(x2)         x12=00000000  x2:10000668  PA:10000680
18690183ns          320820 1c00acac 419704b3 sub              x9, x14, x25         x9=00000001 x14:1000068d x25:1000068c
18690620ns          320842 1c00acb0 00c7e7b3 or               x15, x15, x12       x15=00000000 x15:00000000 x12:00000000
18690640ns          320843 1c00acb2 00f12623 sw               x15, 12(x2)         x15:00000000  x2:10000668  PA:10000674
18690660ns          320844 1c00acb4 00079363 bne              x15, x0, 6          x15:00000000
18690680ns          320845 1c00acb6 01f5d593 srli             x11, x11, 0x1f      x11=00000000 x11:00000000
18690700ns          320846 1c00acb8 00b12623 sw               x11, 12(x2)         x11:00000000  x2:10000668  PA:10000674
18690720ns          320847 1c00acba e3fa28e3 p.beqimm         x20, -464           x20:ffffffff
18691635ns          320893 1c00aaea 0c800793 addi             x15, x0, 200        x15=000000c8
18692072ns          320915 1c00aaee 9e97d0e3 bge              x15, x9, -1568      x15:000000c8  x9:00000001
18693007ns          320962 1c00a4ce 0f24d163 bge              x9, x18, 226         x9:00000001 x18:00000000
18693485ns          320986 1c00a5b0 d00482e3 beq              x9, x0, -764         x9:00000001
18693524ns          320988 1c00a5b4 01900933 add              x18, x0, x25        x18=1000068c x25:1000068c
18693544ns          320989 1c00a5b6 419d8db3 sub              x27, x27, x25       x27=effff974 x27:00000000 x25:1000068c
18693564ns          320990 1c00a5ba 00a0006f jal              x0, 10             
18694061ns          321015 1c00a5c4 0019450b p.lbu            x10, 1(x18!)        x10=00000030 x18=1000068d x18:1000068c  PA:1000068c
18694081ns          321016 1c00a5c8 01a005b3 add              x11, x0, x26        x11=00000002 x26:00000002
18694101ns          321017 1c00a5ca 000b00e7 jalr             x1, x22, 0           x1=1c00a5cc x22:1c00a1fa
18694618ns          321043 1c00a1fa 000026b7 lui              x13, 0x2000         x13=00002000
18694658ns          321045 1c00a1fc f14027f3 csrrs            x15, x0, 0xf14      x15=00000000
18695096ns          321067 1c00a200 f8068693 addi             x13, x13, -128      x13=00001f80 x13:00002000
18695135ns          321069 1c00a204 00379713 slli             x14, x15, 0x3       x14=00000000 x15:00000000
18695155ns          321070 1c00a208 00279793 slli             x15, x15, 0x2       x15=00000000 x15:00000000
18695175ns          321071 1c00a20a 00d7f7b3 and              x15, x15, x13       x15=00000000 x15:00000000 x13:00001f80
18695195ns          321072 1c00a20c ee873733 p.bclr           x14, x14, 23, 8     x14=00000000 x14:00000000
18695613ns          321093 1c00a210 1a10f6b7 lui              x13, 0x1a10f000     x13=1a10f000
18695653ns          321095 1c00a214 0ff57513 andi             x10, x10, 255       x10=00000030 x10:00000030
18695673ns          321096 1c00a218 00d70733 add              x14, x14, x13       x14=1a10f000 x14:00000000 x13:1a10f000
18695692ns          321097 1c00a21a 00a7e723 p.sw             x10, x0(x15)        x10:00000030 x15:00000000  PA:1a10f000
18696011ns          321113 1c00a21e 00000513 addi             x10, x0, 0          x10=00000000
18696031ns          321114 1c00a220 00008067 jalr             x0, x1, 0            x1:1c00a5cc
18696070ns          321116 1c00a5cc fff48493 addi             x9, x9, -1           x9=00000000  x9:00000001
18696090ns          321117 1c00a5ce fff537e3 p.bneimm         x10, -18            x10:00000000
18696150ns          321120 1c00a5bc 012d8733 add              x14, x27, x18       x14=00000001 x27:effff974 x18:1000068d
18696170ns          321121 1c00a5c0 5a048b63 beq              x9, x0, 1462         x9:00000000
18696647ns          321145 1c00ab76 00e00db3 add              x27, x0, x14        x27=00000001 x14:00000001
18696687ns          321147 1c00ab78 f3cff06f jal              x0, -2244          
18696727ns          321149 1c00a2b4 00044503 lbu              x10, 0(x8)          x10=00000020  x8:1c0000b2  PA:1c0000b2
18697025ns          321164 1c00a2b8 00140413 addi             x8, x8, 1            x8=1c0000b3  x8:1c0000b2
18697045ns          321165 1c00a2ba 00050e63 beq              x10, x0, 28         x10:00000020
18697065ns          321166 1c00a2bc 02500793 addi             x15, x0, 37         x15=00000025
18697085ns          321167 1c00a2c0 04f50863 beq              x10, x15, 80        x10:00000020 x15:00000025
18697105ns          321168 1c00a2c4 01a005b3 add              x11, x0, x26        x11=00000002 x26:00000002
18697125ns          321169 1c00a2c6 000b00e7 jalr             x1, x22, 0           x1=1c00a2c8 x22:1c00a1fa
18697602ns          321193 1c00a1fa 000026b7 lui              x13, 0x2000         x13=00002000
18697622ns          321194 1c00a1fc f14027f3 csrrs            x15, x0, 0xf14      x15=00000000
18697642ns          321195 1c00a200 f8068693 addi             x13, x13, -128      x13=00001f80 x13:00002000
18697662ns          321196 1c00a204 00379713 slli             x14, x15, 0x3       x14=00000000 x15:00000000
18697681ns          321197 1c00a208 00279793 slli             x15, x15, 0x2       x15=00000000 x15:00000000
18697701ns          321198 1c00a20a 00d7f7b3 and              x15, x15, x13       x15=00000000 x15:00000000 x13:00001f80
18697721ns          321199 1c00a20c ee873733 p.bclr           x14, x14, 23, 8     x14=00000000 x14:00000000
18697741ns          321200 1c00a210 1a10f6b7 lui              x13, 0x1a10f000     x13=1a10f000
18697761ns          321201 1c00a214 0ff57513 andi             x10, x10, 255       x10=00000020 x10:00000020
18697781ns          321202 1c00a218 00d70733 add              x14, x14, x13       x14=1a10f000 x14:00000000 x13:1a10f000
18697801ns          321203 1c00a21a 00a7e723 p.sw             x10, x0(x15)        x10:00000020 x15:00000000  PA:1a10f000
18698119ns          321219 1c00a21e 00000513 addi             x10, x0, 0          x10=00000000
18698139ns          321220 1c00a220 00008067 jalr             x0, x1, 0            x1:1c00a2c8
18698179ns          321222 1c00a2c8 31f52563 p.beqimm         x10, 778            x10:00000000
18698199ns          321223 1c00a2cc 001d8d93 addi             x27, x27, 1         x27=00000002 x27:00000001
18698219ns          321224 1c00a2ce 00044503 lbu              x10, 0(x8)          x10=0000006f  x8:1c0000b3  PA:1c0000b3
18698517ns          321239 1c00a2d2 00140413 addi             x8, x8, 1            x8=1c0000b4  x8:1c0000b3
18698537ns          321240 1c00a2d4 fe0514e3 bne              x10, x0, -24        x10:0000006f
18698756ns          321251 1c00a2bc 02500793 addi             x15, x0, 37         x15=00000025
18698775ns          321252 1c00a2c0 04f50863 beq              x10, x15, 80        x10:0000006f x15:00000025
18698795ns          321253 1c00a2c4 01a005b3 add              x11, x0, x26        x11=00000002 x26:00000002
18698815ns          321254 1c00a2c6 000b00e7 jalr             x1, x22, 0           x1=1c00a2c8 x22:1c00a1fa
18698855ns          321256 1c00a1fa 000026b7 lui              x13, 0x2000         x13=00002000
18698875ns          321257 1c00a1fc f14027f3 csrrs            x15, x0, 0xf14      x15=00000000
18698895ns          321258 1c00a200 f8068693 addi             x13, x13, -128      x13=00001f80 x13:00002000
18698915ns          321259 1c00a204 00379713 slli             x14, x15, 0x3       x14=00000000 x15:00000000
18698935ns          321260 1c00a208 00279793 slli             x15, x15, 0x2       x15=00000000 x15:00000000
18698955ns          321261 1c00a20a 00d7f7b3 and              x15, x15, x13       x15=00000000 x15:00000000 x13:00001f80
18698974ns          321262 1c00a20c ee873733 p.bclr           x14, x14, 23, 8     x14=00000000 x14:00000000
18698994ns          321263 1c00a210 1a10f6b7 lui              x13, 0x1a10f000     x13=1a10f000
18699014ns          321264 1c00a214 0ff57513 andi             x10, x10, 255       x10=0000006f x10:0000006f
18699034ns          321265 1c00a218 00d70733 add              x14, x14, x13       x14=1a10f000 x14:00000000 x13:1a10f000
18699054ns          321266 1c00a21a 00a7e723 p.sw             x10, x0(x15)        x10:0000006f x15:00000000  PA:1a10f000
18699392ns          321283 1c00a21e 00000513 addi             x10, x0, 0          x10=00000000
18699412ns          321284 1c00a220 00008067 jalr             x0, x1, 0            x1:1c00a2c8
18699452ns          321286 1c00a2c8 31f52563 p.beqimm         x10, 778            x10:00000000
18699472ns          321287 1c00a2cc 001d8d93 addi             x27, x27, 1         x27=00000003 x27:00000002
18699492ns          321288 1c00a2ce 00044503 lbu              x10, 0(x8)          x10=00000066  x8:1c0000b4  PA:1c0000b4
18699790ns          321303 1c00a2d2 00140413 addi             x8, x8, 1            x8=1c0000b5  x8:1c0000b4
18699810ns          321304 1c00a2d4 fe0514e3 bne              x10, x0, -24        x10:00000066
18699869ns          321307 1c00a2bc 02500793 addi             x15, x0, 37         x15=00000025
18699889ns          321308 1c00a2c0 04f50863 beq              x10, x15, 80        x10:00000066 x15:00000025
18699909ns          321309 1c00a2c4 01a005b3 add              x11, x0, x26        x11=00000002 x26:00000002
18699929ns          321310 1c00a2c6 000b00e7 jalr             x1, x22, 0           x1=1c00a2c8 x22:1c00a1fa
18699969ns          321312 1c00a1fa 000026b7 lui              x13, 0x2000         x13=00002000
18699989ns          321313 1c00a1fc f14027f3 csrrs            x15, x0, 0xf14      x15=00000000
18700009ns          321314 1c00a200 f8068693 addi             x13, x13, -128      x13=00001f80 x13:00002000
18700029ns          321315 1c00a204 00379713 slli             x14, x15, 0x3       x14=00000000 x15:00000000
18700048ns          321316 1c00a208 00279793 slli             x15, x15, 0x2       x15=00000000 x15:00000000
18700068ns          321317 1c00a20a 00d7f7b3 and              x15, x15, x13       x15=00000000 x15:00000000 x13:00001f80
18700088ns          321318 1c00a20c ee873733 p.bclr           x14, x14, 23, 8     x14=00000000 x14:00000000
18700108ns          321319 1c00a210 1a10f6b7 lui              x13, 0x1a10f000     x13=1a10f000
18700128ns          321320 1c00a214 0ff57513 andi             x10, x10, 255       x10=00000066 x10:00000066
18700148ns          321321 1c00a218 00d70733 add              x14, x14, x13       x14=1a10f000 x14:00000000 x13:1a10f000
18700168ns          321322 1c00a21a 00a7e723 p.sw             x10, x0(x15)        x10:00000066 x15:00000000  PA:1a10f000
18700486ns          321338 1c00a21e 00000513 addi             x10, x0, 0          x10=00000000
18700506ns          321339 1c00a220 00008067 jalr             x0, x1, 0            x1:1c00a2c8
18700546ns          321341 1c00a2c8 31f52563 p.beqimm         x10, 778            x10:00000000
18700566ns          321342 1c00a2cc 001d8d93 addi             x27, x27, 1         x27=00000004 x27:00000003
18700586ns          321343 1c00a2ce 00044503 lbu              x10, 0(x8)          x10=00000020  x8:1c0000b5  PA:1c0000b5
18700884ns          321358 1c00a2d2 00140413 addi             x8, x8, 1            x8=1c0000b6  x8:1c0000b5
18700904ns          321359 1c00a2d4 fe0514e3 bne              x10, x0, -24        x10:00000020
18700963ns          321362 1c00a2bc 02500793 addi             x15, x0, 37         x15=00000025
18700983ns          321363 1c00a2c0 04f50863 beq              x10, x15, 80        x10:00000020 x15:00000025
18701003ns          321364 1c00a2c4 01a005b3 add              x11, x0, x26        x11=00000002 x26:00000002
18701023ns          321365 1c00a2c6 000b00e7 jalr             x1, x22, 0           x1=1c00a2c8 x22:1c00a1fa
18701063ns          321367 1c00a1fa 000026b7 lui              x13, 0x2000         x13=00002000
18701083ns          321368 1c00a1fc f14027f3 csrrs            x15, x0, 0xf14      x15=00000000
18701103ns          321369 1c00a200 f8068693 addi             x13, x13, -128      x13=00001f80 x13:00002000
18701123ns          321370 1c00a204 00379713 slli             x14, x15, 0x3       x14=00000000 x15:00000000
18701142ns          321371 1c00a208 00279793 slli             x15, x15, 0x2       x15=00000000 x15:00000000
18701162ns          321372 1c00a20a 00d7f7b3 and              x15, x15, x13       x15=00000000 x15:00000000 x13:00001f80
18701182ns          321373 1c00a20c ee873733 p.bclr           x14, x14, 23, 8     x14=00000000 x14:00000000
18701202ns          321374 1c00a210 1a10f6b7 lui              x13, 0x1a10f000     x13=1a10f000
18701222ns          321375 1c00a214 0ff57513 andi             x10, x10, 255       x10=00000020 x10:00000020
18701242ns          321376 1c00a218 00d70733 add              x14, x14, x13       x14=1a10f000 x14:00000000 x13:1a10f000
18701262ns          321377 1c00a21a 00a7e723 p.sw             x10, x0(x15)        x10:00000020 x15:00000000  PA:1a10f000
18701580ns          321393 1c00a21e 00000513 addi             x10, x0, 0          x10=00000000
18701600ns          321394 1c00a220 00008067 jalr             x0, x1, 0            x1:1c00a2c8
18701640ns          321396 1c00a2c8 31f52563 p.beqimm         x10, 778            x10:00000000
18701660ns          321397 1c00a2cc 001d8d93 addi             x27, x27, 1         x27=00000005 x27:00000004
18701680ns          321398 1c00a2ce 00044503 lbu              x10, 0(x8)          x10=00000025  x8:1c0000b6  PA:1c0000b6
18701998ns          321414 1c00a2d2 00140413 addi             x8, x8, 1            x8=1c0000b7  x8:1c0000b6
18702018ns          321415 1c00a2d4 fe0514e3 bne              x10, x0, -24        x10:00000025
18702077ns          321418 1c00a2bc 02500793 addi             x15, x0, 37         x15=00000025
18702097ns          321419 1c00a2c0 04f50863 beq              x10, x15, 80        x10:00000025 x15:00000025
18702197ns          321424 1c00a310 00044483 lbu              x9, 0(x8)            x9=00000064  x8:1c0000b7  PA:1c0000b7
18702515ns          321440 1c00a314 02000693 addi             x13, x0, 32         x13=00000020
18702535ns          321441 1c00a318 00140a93 addi             x21, x8, 1          x21=1c0000b8  x8:1c0000b7
18702555ns          321442 1c00a31c 009005b3 add              x11, x0, x9         x11=00000064  x9:00000064
18702575ns          321443 1c00a31e 0e8b8513 addi             x10, x23, 232       x10=1c0000e8 x23:1c000000
18702595ns          321444 1c00a322 00d12823 sw               x13, 16(x2)         x13:00000020  x2:10000668  PA:10000678
18702614ns          321445 1c00a324 00012c23 sw               x0, 24(x2)           x2:10000668  PA:10000680
18702634ns          321446 1c00a326 00012a23 sw               x0, 20(x2)           x2:10000668  PA:1000067c
18702654ns          321447 1c00a328 00012e23 sw               x0, 28(x2)           x2:10000668  PA:10000684
18702674ns          321448 1c00a32a 00012623 sw               x0, 12(x2)           x2:10000668  PA:10000674
18702694ns          321449 1c00a32c 02300913 addi             x18, x0, 35         x18=00000023
18702714ns          321450 1c00a330 02d00a13 addi             x20, x0, 45         x20=0000002d
18702734ns          321451 1c00a334 015009b3 add              x19, x0, x21        x19=1c0000b8 x21:1c0000b8
18702754ns          321452 1c00a336 e45ff0ef jal              x1, -444             x1=1c00a338
18702813ns          321455 1c00a17a 00054783 lbu              x15, 0(x10)         x15=0000002d x10:1c0000e8  PA:1c0000e8
18703132ns          321471 1c00a17e 0ff5f593 andi             x11, x11, 255       x11=00000064 x11:00000064
18703151ns          321472 1c00a182 00b78c63 beq              x15, x11, 24        x15:0000002d x11:00000064
18703171ns          321473 1c00a186 00078b63 beq              x15, x0, 22         x15:0000002d
18703191ns          321474 1c00a188 00150793 addi             x15, x10, 1         x15=1c0000e9 x10:1c0000e8
18703211ns          321475 1c00a18c 0040006f jal              x0, 4              
18703291ns          321479 1c00a190 00f00533 add              x10, x0, x15        x10=1c0000e9 x15:1c0000e9
18703311ns          321480 1c00a192 0017c70b p.lbu            x14, 1(x15!)        x14=0000002b x15=1c0000ea x15:1c0000e9  PA:1c0000e9
18703629ns          321496 1c00a196 feb71ce3 bne              x14, x11, -8        x14:0000002b x11:00000064
18703689ns          321499 1c00a18e 00070763 beq              x14, x0, 14         x14:0000002b
18703708ns          321500 1c00a190 00f00533 add              x10, x0, x15        x10=1c0000ea x15:1c0000ea
18703728ns          321501 1c00a192 0017c70b p.lbu            x14, 1(x15!)        x14=00000020 x15=1c0000eb x15:1c0000ea  PA:1c0000ea
18704047ns          321517 1c00a196 feb71ce3 bne              x14, x11, -8        x14:00000020 x11:00000064
18704106ns          321520 1c00a18e 00070763 beq              x14, x0, 14         x14:00000020
18704126ns          321521 1c00a190 00f00533 add              x10, x0, x15        x10=1c0000eb x15:1c0000eb
18704146ns          321522 1c00a192 0017c70b p.lbu            x14, 1(x15!)        x14=00000023 x15=1c0000ec x15:1c0000eb  PA:1c0000eb
18704464ns          321538 1c00a196 feb71ce3 bne              x14, x11, -8        x14:00000023 x11:00000064
18704524ns          321541 1c00a18e 00070763 beq              x14, x0, 14         x14:00000023
18704544ns          321542 1c00a190 00f00533 add              x10, x0, x15        x10=1c0000ec x15:1c0000ec
18704564ns          321543 1c00a192 0017c70b p.lbu            x14, 1(x15!)        x14=00000030 x15=1c0000ed x15:1c0000ec  PA:1c0000ec
18704882ns          321559 1c00a196 feb71ce3 bne              x14, x11, -8        x14:00000030 x11:00000064
18704942ns          321562 1c00a18e 00070763 beq              x14, x0, 14         x14:00000030
18704962ns          321563 1c00a190 00f00533 add              x10, x0, x15        x10=1c0000ed x15:1c0000ed
18704981ns          321564 1c00a192 0017c70b p.lbu            x14, 1(x15!)        x14=00000000 x15=1c0000ee x15:1c0000ed  PA:1c0000ed
18705320ns          321581 1c00a196 feb71ce3 bne              x14, x11, -8        x14:00000000 x11:00000064
18705379ns          321584 1c00a18e 00070763 beq              x14, x0, 14         x14:00000000
18705439ns          321587 1c00a19c 0015b593 sltiu            x11, x11, 1         x11=00000000 x11:00000064
18705459ns          321588 1c00a1a0 40b005b3 sub              x11, x0, x11        x11=00000000 x11:00000000
18705479ns          321589 1c00a1a4 00b57533 and              x10, x10, x11       x10=00000000 x10:1c0000ed x11:00000000
18705499ns          321590 1c00a1a6 00008067 jalr             x0, x1, 0            x1:1c00a338
18705538ns          321592 1c00a338 02050a63 beq              x10, x0, 52         x10:00000000
18705598ns          321595 1c00a36c 02a00613 addi             x12, x0, 42         x12=0000002a
18705658ns          321598 1c00a370 2ac48663 beq              x9, x12, 684         x9:00000064 x12:0000002a
18705697ns          321600 1c00a374 fd048613 addi             x12, x9, -48        x12=00000034  x9:00000064
18705717ns          321601 1c00a378 00900593 addi             x11, x0, 9          x11=00000009
18705737ns          321602 1c00a37a 00000913 addi             x18, x0, 0          x18=00000000
18705757ns          321603 1c00a37c 28c5f063 bgeu             x11, x12, 640       x11:00000009 x12:00000034
18705797ns          321605 1c00a380 02e00693 addi             x13, x0, 46         x13=0000002e
18705837ns          321607 1c00a384 fff00a13 addi             x20, x0, -1         x20=ffffffff
18705857ns          321608 1c00a386 2ed48363 beq              x9, x13, 742         x9:00000064 x13:0000002e
18705876ns          321609 1c00a38a 1c0007b7 lui              x15, 0x1c000000     x15=1c000000
18705896ns          321610 1c00a38e 009005b3 add              x11, x0, x9         x11=00000064  x9:00000064
18705936ns          321612 1c00a390 0f078513 addi             x10, x15, 240       x10=1c0000f0 x15:1c000000
18705976ns          321614 1c00a394 de7ff0ef jal              x1, -538             x1=1c00a396
18706036ns          321617 1c00a17a 00054783 lbu              x15, 0(x10)         x15=00000068 x10:1c0000f0  PA:1c0000f0
18706354ns          321633 1c00a17e 0ff5f593 andi             x11, x11, 255       x11=00000064 x11:00000064
18706374ns          321634 1c00a182 00b78c63 beq              x15, x11, 24        x15:00000068 x11:00000064
18706394ns          321635 1c00a186 00078b63 beq              x15, x0, 22         x15:00000068
18706414ns          321636 1c00a188 00150793 addi             x15, x10, 1         x15=1c0000f1 x10:1c0000f0
18706433ns          321637 1c00a18c 0040006f jal              x0, 4              
18706473ns          321639 1c00a190 00f00533 add              x10, x0, x15        x10=1c0000f1 x15:1c0000f1
18706493ns          321640 1c00a192 0017c70b p.lbu            x14, 1(x15!)        x14=0000006c x15=1c0000f2 x15:1c0000f1  PA:1c0000f1
18706831ns          321657 1c00a196 feb71ce3 bne              x14, x11, -8        x14:0000006c x11:00000064
18706891ns          321660 1c00a18e 00070763 beq              x14, x0, 14         x14:0000006c
18706911ns          321661 1c00a190 00f00533 add              x10, x0, x15        x10=1c0000f2 x15:1c0000f2
18706931ns          321662 1c00a192 0017c70b p.lbu            x14, 1(x15!)        x14=0000004c x15=1c0000f3 x15:1c0000f2  PA:1c0000f2
18707249ns          321678 1c00a196 feb71ce3 bne              x14, x11, -8        x14:0000004c x11:00000064
18707309ns          321681 1c00a18e 00070763 beq              x14, x0, 14         x14:0000004c
18707329ns          321682 1c00a190 00f00533 add              x10, x0, x15        x10=1c0000f3 x15:1c0000f3
18707348ns          321683 1c00a192 0017c70b p.lbu            x14, 1(x15!)        x14=0000007a x15=1c0000f4 x15:1c0000f3  PA:1c0000f3
18707667ns          321699 1c00a196 feb71ce3 bne              x14, x11, -8        x14:0000007a x11:00000064
18707726ns          321702 1c00a18e 00070763 beq              x14, x0, 14         x14:0000007a
18707746ns          321703 1c00a190 00f00533 add              x10, x0, x15        x10=1c0000f4 x15:1c0000f4
18707766ns          321704 1c00a192 0017c70b p.lbu            x14, 1(x15!)        x14=00000000 x15=1c0000f5 x15:1c0000f4  PA:1c0000f4
18708084ns          321720 1c00a196 feb71ce3 bne              x14, x11, -8        x14:00000000 x11:00000064
18708144ns          321723 1c00a18e 00070763 beq              x14, x0, 14         x14:00000000
18708204ns          321726 1c00a19c 0015b593 sltiu            x11, x11, 1         x11=00000000 x11:00000064
18708224ns          321727 1c00a1a0 40b005b3 sub              x11, x0, x11        x11=00000000 x11:00000000
18708243ns          321728 1c00a1a4 00b57533 and              x10, x10, x11       x10=00000000 x10:1c0000f4 x11:00000000
18708263ns          321729 1c00a1a6 00008067 jalr             x0, x1, 0            x1:1c00a396
18708303ns          321731 1c00a396 01300433 add              x8, x0, x19          x8=1c0000b8 x19:1c0000b8
18708323ns          321732 1c00a398 00050563 beq              x10, x0, 10         x10:00000000
18708462ns          321739 1c00a3a2 06700693 addi             x13, x0, 103        x13=00000067
18708482ns          321740 1c00a3a6 2896d963 bge              x13, x9, 658        x13:00000067  x9:00000064
18708602ns          321746 1c00a638 06500693 addi             x13, x0, 101        x13=00000065
18708621ns          321747 1c00a63c 12d4d563 bge              x9, x13, 298         x9:00000064 x13:00000065
18708681ns          321750 1c00a640 04700693 addi             x13, x0, 71         x13=00000047
18708721ns          321752 1c00a644 dc96cbe3 blt              x13, x9, -554       x13:00000047  x9:00000064
18708800ns          321756 1c00a41a 06300693 addi             x13, x0, 99         x13=00000063
18708820ns          321757 1c00a41e 0ad488e3 beq              x9, x13, 2224        x9:00000064 x13:00000063
18708840ns          321758 1c00a422 0096c9e3 blt              x13, x9, 2066       x13:00000063  x9:00000064
18708940ns          321763 1c00ac34 000c2583 lw               x11, 0(x24)         x11=00000064 x24:100007c0  PA:100007c0
18708979ns          321765 1c00ac38 004c0c13 addi             x24, x24, 4         x24=100007c4 x24:100007c0
18708999ns          321766 1c00ac3a 3405cc63 blt              x11, x0, 856        x11:00000064
18709019ns          321767 1c00ac3e 01412603 lw               x12, 20(x2)         x12=00000000  x2:10000668  PA:1000067c
18709059ns          321769 1c00ac40 00b006b3 add              x13, x0, x11        x13=00000064 x11:00000064
18709099ns          321771 1c00ac42 2e061863 bne              x12, x0, 752        x12:00000000
18709119ns          321772 1c00ac46 01812703 lw               x14, 24(x2)         x14=00000000  x2:10000668  PA:10000680
18709139ns          321773 1c00ac48 019007b3 add              x15, x0, x25        x15=1000068c x25:1000068c
18709158ns          321774 1c00ac4a 00070763 beq              x14, x0, 14         x14:00000000
18709238ns          321778 1c00ac58 00f00733 add              x14, x0, x15        x14=1000068c x15:1000068c
18709258ns          321779 1c00ac5a 00a00513 addi             x10, x0, 10         x10=0000000a
18709278ns          321780 1c00ac5c 02a6f633 remu             x12, x13, x10       x12=00000000 x13:00000064 x10:0000000a
18709894ns          321811 1c00ac60 02a6d6b3 divu             x13, x13, x10       x13=0000000a x13:00000064 x10:0000000a
18710511ns          321842 1c00ac64 03060613 addi             x12, x12, 48        x12=00000030 x12:00000000
18710531ns          321843 1c00ac68 00c700ab p.sb             x12, 1(x14!)        x14=1000068d x12:00000030 x14:1000068c  PA:1000068c
18710551ns          321844 1c00ac6c fe0698e3 bne              x13, x0, -16        x13:0000000a
18710610ns          321847 1c00ac5c 02a6f633 remu             x12, x13, x10       x12=00000000 x13:0000000a x10:0000000a
18711227ns          321878 1c00ac60 02a6d6b3 divu             x13, x13, x10       x13=00000001 x13:0000000a x10:0000000a
18711844ns          321909 1c00ac64 03060613 addi             x12, x12, 48        x12=00000030 x12:00000000
18711864ns          321910 1c00ac68 00c700ab p.sb             x12, 1(x14!)        x14=1000068e x12:00000030 x14:1000068d  PA:1000068d
18711883ns          321911 1c00ac6c fe0698e3 bne              x13, x0, -16        x13:00000001
18711943ns          321914 1c00ac5c 02a6f633 remu             x12, x13, x10       x12=00000001 x13:00000001 x10:0000000a
18712560ns          321945 1c00ac60 02a6d6b3 divu             x13, x13, x10       x13=00000000 x13:00000001 x10:0000000a
18713176ns          321976 1c00ac64 03060613 addi             x12, x12, 48        x12=00000031 x12:00000001
18713196ns          321977 1c00ac68 00c700ab p.sb             x12, 1(x14!)        x14=1000068f x12:00000031 x14:1000068e  PA:1000068e
18713216ns          321978 1c00ac6c fe0698e3 bne              x13, x0, -16        x13:00000000
18713236ns          321979 1c00ac6e 40f706b3 sub              x13, x14, x15       x13=00000003 x14:1000068f x15:1000068c
18713256ns          321980 1c00ac72 0146dc63 bge              x13, x20, 24        x13:00000003 x20:ffffffff
18713375ns          321986 1c00ac8a 00e006b3 add              x13, x0, x14        x13=1000068f x14:1000068f
18713395ns          321987 1c00ac8c fe068fab p.sb             x0, -1(x13!)        x13=1000068e x13:1000068f  PA:1000068f
18713455ns          321990 1c00ac90 00d7fc63 bgeu             x15, x13, 24        x15:1000068c x13:1000068e
18713495ns          321992 1c00ac94 0007c503 lbu              x10, 0(x15)         x10=00000030 x15:1000068c  PA:1000068c
18713515ns          321993 1c00ac98 0006c603 lbu              x12, 0(x13)         x12=00000031 x13:1000068e  PA:1000068e
18713534ns          321994 1c00ac9c fea68fab p.sb             x10, -1(x13!)       x13=1000068d x10:00000030 x13:1000068e  PA:1000068e
18713594ns          321997 1c00aca0 00c780ab p.sb             x12, 1(x15!)        x15=1000068d x12:00000031 x15:1000068c  PA:1000068c
18713634ns          321999 1c00aca4 fed7e8e3 bltu             x15, x13, -16       x15:1000068d x13:1000068d
18713654ns          322000 1c00aca8 01412783 lw               x15, 20(x2)         x15=00000000  x2:10000668  PA:1000067c
18713674ns          322001 1c00acaa 01812603 lw               x12, 24(x2)         x12=00000000  x2:10000668  PA:10000680
18713694ns          322002 1c00acac 419704b3 sub              x9, x14, x25         x9=00000003 x14:1000068f x25:1000068c
18713733ns          322004 1c00acb0 00c7e7b3 or               x15, x15, x12       x15=00000000 x15:00000000 x12:00000000
18713753ns          322005 1c00acb2 00f12623 sw               x15, 12(x2)         x15:00000000  x2:10000668  PA:10000674
18713773ns          322006 1c00acb4 00079363 bne              x15, x0, 6          x15:00000000
18713793ns          322007 1c00acb6 01f5d593 srli             x11, x11, 0x1f      x11=00000000 x11:00000064
18713813ns          322008 1c00acb8 00b12623 sw               x11, 12(x2)         x11:00000000  x2:10000668  PA:10000674
18713833ns          322009 1c00acba e3fa28e3 p.beqimm         x20, -464           x20:ffffffff
18713932ns          322014 1c00aaea 0c800793 addi             x15, x0, 200        x15=000000c8
18713952ns          322015 1c00aaee 9e97d0e3 bge              x15, x9, -1568      x15:000000c8  x9:00000003
18714091ns          322022 1c00a4ce 0f24d163 bge              x9, x18, 226         x9:00000003 x18:00000000
18714191ns          322027 1c00a5b0 d00482e3 beq              x9, x0, -764         x9:00000003
18714231ns          322029 1c00a5b4 01900933 add              x18, x0, x25        x18=1000068c x25:1000068c
18714250ns          322030 1c00a5b6 419d8db3 sub              x27, x27, x25       x27=effff979 x27:00000005 x25:1000068c
18714270ns          322031 1c00a5ba 00a0006f jal              x0, 10             
18714310ns          322033 1c00a5c4 0019450b p.lbu            x10, 1(x18!)        x10=00000031 x18=1000068d x18:1000068c  PA:1000068c
18714330ns          322034 1c00a5c8 01a005b3 add              x11, x0, x26        x11=00000002 x26:00000002
18714350ns          322035 1c00a5ca 000b00e7 jalr             x1, x22, 0           x1=1c00a5cc x22:1c00a1fa
18714430ns          322039 1c00a1fa 000026b7 lui              x13, 0x2000         x13=00002000
18714469ns          322041 1c00a1fc f14027f3 csrrs            x15, x0, 0xf14      x15=00000000
18714489ns          322042 1c00a200 f8068693 addi             x13, x13, -128      x13=00001f80 x13:00002000
18714509ns          322043 1c00a204 00379713 slli             x14, x15, 0x3       x14=00000000 x15:00000000
18714529ns          322044 1c00a208 00279793 slli             x15, x15, 0x2       x15=00000000 x15:00000000
18714549ns          322045 1c00a20a 00d7f7b3 and              x15, x15, x13       x15=00000000 x15:00000000 x13:00001f80
18714569ns          322046 1c00a20c ee873733 p.bclr           x14, x14, 23, 8     x14=00000000 x14:00000000
18714609ns          322048 1c00a210 1a10f6b7 lui              x13, 0x1a10f000     x13=1a10f000
18714648ns          322050 1c00a214 0ff57513 andi             x10, x10, 255       x10=00000031 x10:00000031
18714668ns          322051 1c00a218 00d70733 add              x14, x14, x13       x14=1a10f000 x14:00000000 x13:1a10f000
18714688ns          322052 1c00a21a 00a7e723 p.sw             x10, x0(x15)        x10:00000031 x15:00000000  PA:1a10f000
18715006ns          322068 1c00a21e 00000513 addi             x10, x0, 0          x10=00000000
18715026ns          322069 1c00a220 00008067 jalr             x0, x1, 0            x1:1c00a5cc
18715066ns          322071 1c00a5cc fff48493 addi             x9, x9, -1           x9=00000002  x9:00000003
18715086ns          322072 1c00a5ce fff537e3 p.bneimm         x10, -18            x10:00000000
18715146ns          322075 1c00a5bc 012d8733 add              x14, x27, x18       x14=00000006 x27:effff979 x18:1000068d
18715165ns          322076 1c00a5c0 5a048b63 beq              x9, x0, 1462         x9:00000002
18715185ns          322077 1c00a5c4 0019450b p.lbu            x10, 1(x18!)        x10=00000030 x18=1000068e x18:1000068d  PA:1000068d
18715205ns          322078 1c00a5c8 01a005b3 add              x11, x0, x26        x11=00000002 x26:00000002
18715225ns          322079 1c00a5ca 000b00e7 jalr             x1, x22, 0           x1=1c00a5cc x22:1c00a1fa
18715265ns          322081 1c00a1fa 000026b7 lui              x13, 0x2000         x13=00002000
18715285ns          322082 1c00a1fc f14027f3 csrrs            x15, x0, 0xf14      x15=00000000
18715305ns          322083 1c00a200 f8068693 addi             x13, x13, -128      x13=00001f80 x13:00002000
18715325ns          322084 1c00a204 00379713 slli             x14, x15, 0x3       x14=00000000 x15:00000000
18715344ns          322085 1c00a208 00279793 slli             x15, x15, 0x2       x15=00000000 x15:00000000
18715364ns          322086 1c00a20a 00d7f7b3 and              x15, x15, x13       x15=00000000 x15:00000000 x13:00001f80
18715384ns          322087 1c00a20c ee873733 p.bclr           x14, x14, 23, 8     x14=00000000 x14:00000000
18715404ns          322088 1c00a210 1a10f6b7 lui              x13, 0x1a10f000     x13=1a10f000
18715424ns          322089 1c00a214 0ff57513 andi             x10, x10, 255       x10=00000030 x10:00000030
18715444ns          322090 1c00a218 00d70733 add              x14, x14, x13       x14=1a10f000 x14:00000000 x13:1a10f000
18715464ns          322091 1c00a21a 00a7e723 p.sw             x10, x0(x15)        x10:00000030 x15:00000000  PA:1a10f000
18715782ns          322107 1c00a21e 00000513 addi             x10, x0, 0          x10=00000000
18715802ns          322108 1c00a220 00008067 jalr             x0, x1, 0            x1:1c00a5cc
18715842ns          322110 1c00a5cc fff48493 addi             x9, x9, -1           x9=00000001  x9:00000002
18715862ns          322111 1c00a5ce fff537e3 p.bneimm         x10, -18            x10:00000000
18715921ns          322114 1c00a5bc 012d8733 add              x14, x27, x18       x14=00000007 x27:effff979 x18:1000068e
18715941ns          322115 1c00a5c0 5a048b63 beq              x9, x0, 1462         x9:00000001
18715961ns          322116 1c00a5c4 0019450b p.lbu            x10, 1(x18!)        x10=00000030 x18=1000068f x18:1000068e  PA:1000068e
18715981ns          322117 1c00a5c8 01a005b3 add              x11, x0, x26        x11=00000002 x26:00000002
18716001ns          322118 1c00a5ca 000b00e7 jalr             x1, x22, 0           x1=1c00a5cc x22:1c00a1fa
18716041ns          322120 1c00a1fa 000026b7 lui              x13, 0x2000         x13=00002000
18716061ns          322121 1c00a1fc f14027f3 csrrs            x15, x0, 0xf14      x15=00000000
18716080ns          322122 1c00a200 f8068693 addi             x13, x13, -128      x13=00001f80 x13:00002000
18716100ns          322123 1c00a204 00379713 slli             x14, x15, 0x3       x14=00000000 x15:00000000
18716120ns          322124 1c00a208 00279793 slli             x15, x15, 0x2       x15=00000000 x15:00000000
18716140ns          322125 1c00a20a 00d7f7b3 and              x15, x15, x13       x15=00000000 x15:00000000 x13:00001f80
18716160ns          322126 1c00a20c ee873733 p.bclr           x14, x14, 23, 8     x14=00000000 x14:00000000
18716180ns          322127 1c00a210 1a10f6b7 lui              x13, 0x1a10f000     x13=1a10f000
18716200ns          322128 1c00a214 0ff57513 andi             x10, x10, 255       x10=00000030 x10:00000030
18716220ns          322129 1c00a218 00d70733 add              x14, x14, x13       x14=1a10f000 x14:00000000 x13:1a10f000
18716240ns          322130 1c00a21a 00a7e723 p.sw             x10, x0(x15)        x10:00000030 x15:00000000  PA:1a10f000
18716558ns          322146 1c00a21e 00000513 addi             x10, x0, 0          x10=00000000
18716578ns          322147 1c00a220 00008067 jalr             x0, x1, 0            x1:1c00a5cc
18716617ns          322149 1c00a5cc fff48493 addi             x9, x9, -1           x9=00000000  x9:00000001
18716637ns          322150 1c00a5ce fff537e3 p.bneimm         x10, -18            x10:00000000
18716697ns          322153 1c00a5bc 012d8733 add              x14, x27, x18       x14=00000008 x27:effff979 x18:1000068f
18716717ns          322154 1c00a5c0 5a048b63 beq              x9, x0, 1462         x9:00000000
18716777ns          322157 1c00ab76 00e00db3 add              x27, x0, x14        x27=00000008 x14:00000008
18716797ns          322158 1c00ab78 f3cff06f jal              x0, -2244          
18716876ns          322162 1c00a2b4 00044503 lbu              x10, 0(x8)          x10=00000020  x8:1c0000b8  PA:1c0000b8
18717194ns          322178 1c00a2b8 00140413 addi             x8, x8, 1            x8=1c0000b9  x8:1c0000b8
18717214ns          322179 1c00a2ba 00050e63 beq              x10, x0, 28         x10:00000020
18717234ns          322180 1c00a2bc 02500793 addi             x15, x0, 37         x15=00000025
18717254ns          322181 1c00a2c0 04f50863 beq              x10, x15, 80        x10:00000020 x15:00000025
18717274ns          322182 1c00a2c4 01a005b3 add              x11, x0, x26        x11=00000002 x26:00000002
18717294ns          322183 1c00a2c6 000b00e7 jalr             x1, x22, 0           x1=1c00a2c8 x22:1c00a1fa
18717334ns          322185 1c00a1fa 000026b7 lui              x13, 0x2000         x13=00002000
18717353ns          322186 1c00a1fc f14027f3 csrrs            x15, x0, 0xf14      x15=00000000
18717373ns          322187 1c00a200 f8068693 addi             x13, x13, -128      x13=00001f80 x13:00002000
18717393ns          322188 1c00a204 00379713 slli             x14, x15, 0x3       x14=00000000 x15:00000000
18717413ns          322189 1c00a208 00279793 slli             x15, x15, 0x2       x15=00000000 x15:00000000
18717433ns          322190 1c00a20a 00d7f7b3 and              x15, x15, x13       x15=00000000 x15:00000000 x13:00001f80
18717453ns          322191 1c00a20c ee873733 p.bclr           x14, x14, 23, 8     x14=00000000 x14:00000000
18717473ns          322192 1c00a210 1a10f6b7 lui              x13, 0x1a10f000     x13=1a10f000
18717493ns          322193 1c00a214 0ff57513 andi             x10, x10, 255       x10=00000020 x10:00000020
18717513ns          322194 1c00a218 00d70733 add              x14, x14, x13       x14=1a10f000 x14:00000000 x13:1a10f000
18717532ns          322195 1c00a21a 00a7e723 p.sw             x10, x0(x15)        x10:00000020 x15:00000000  PA:1a10f000
18717851ns          322211 1c00a21e 00000513 addi             x10, x0, 0          x10=00000000
18717871ns          322212 1c00a220 00008067 jalr             x0, x1, 0            x1:1c00a2c8
18717910ns          322214 1c00a2c8 31f52563 p.beqimm         x10, 778            x10:00000000
18717930ns          322215 1c00a2cc 001d8d93 addi             x27, x27, 1         x27=00000009 x27:00000008
18717950ns          322216 1c00a2ce 00044503 lbu              x10, 0(x8)          x10=00000063  x8:1c0000b9  PA:1c0000b9
18718249ns          322231 1c00a2d2 00140413 addi             x8, x8, 1            x8=1c0000ba  x8:1c0000b9
18718268ns          322232 1c00a2d4 fe0514e3 bne              x10, x0, -24        x10:00000063
18718328ns          322235 1c00a2bc 02500793 addi             x15, x0, 37         x15=00000025
18718348ns          322236 1c00a2c0 04f50863 beq              x10, x15, 80        x10:00000063 x15:00000025
18718368ns          322237 1c00a2c4 01a005b3 add              x11, x0, x26        x11=00000002 x26:00000002
18718388ns          322238 1c00a2c6 000b00e7 jalr             x1, x22, 0           x1=1c00a2c8 x22:1c00a1fa
18718428ns          322240 1c00a1fa 000026b7 lui              x13, 0x2000         x13=00002000
18718447ns          322241 1c00a1fc f14027f3 csrrs            x15, x0, 0xf14      x15=00000000
18718467ns          322242 1c00a200 f8068693 addi             x13, x13, -128      x13=00001f80 x13:00002000
18718487ns          322243 1c00a204 00379713 slli             x14, x15, 0x3       x14=00000000 x15:00000000
18718507ns          322244 1c00a208 00279793 slli             x15, x15, 0x2       x15=00000000 x15:00000000
18718527ns          322245 1c00a20a 00d7f7b3 and              x15, x15, x13       x15=00000000 x15:00000000 x13:00001f80
18718547ns          322246 1c00a20c ee873733 p.bclr           x14, x14, 23, 8     x14=00000000 x14:00000000
18718567ns          322247 1c00a210 1a10f6b7 lui              x13, 0x1a10f000     x13=1a10f000
18718587ns          322248 1c00a214 0ff57513 andi             x10, x10, 255       x10=00000063 x10:00000063
18718607ns          322249 1c00a218 00d70733 add              x14, x14, x13       x14=1a10f000 x14:00000000 x13:1a10f000
18718626ns          322250 1c00a21a 00a7e723 p.sw             x10, x0(x15)        x10:00000063 x15:00000000  PA:1a10f000
18718945ns          322266 1c00a21e 00000513 addi             x10, x0, 0          x10=00000000
18718965ns          322267 1c00a220 00008067 jalr             x0, x1, 0            x1:1c00a2c8
18719004ns          322269 1c00a2c8 31f52563 p.beqimm         x10, 778            x10:00000000
18719024ns          322270 1c00a2cc 001d8d93 addi             x27, x27, 1         x27=0000000a x27:00000009
18719044ns          322271 1c00a2ce 00044503 lbu              x10, 0(x8)          x10=00000068  x8:1c0000ba  PA:1c0000ba
18719362ns          322287 1c00a2d2 00140413 addi             x8, x8, 1            x8=1c0000bb  x8:1c0000ba
18719382ns          322288 1c00a2d4 fe0514e3 bne              x10, x0, -24        x10:00000068
18719442ns          322291 1c00a2bc 02500793 addi             x15, x0, 37         x15=00000025
18719462ns          322292 1c00a2c0 04f50863 beq              x10, x15, 80        x10:00000068 x15:00000025
18719482ns          322293 1c00a2c4 01a005b3 add              x11, x0, x26        x11=00000002 x26:00000002
18719502ns          322294 1c00a2c6 000b00e7 jalr             x1, x22, 0           x1=1c00a2c8 x22:1c00a1fa
18719541ns          322296 1c00a1fa 000026b7 lui              x13, 0x2000         x13=00002000
18719561ns          322297 1c00a1fc f14027f3 csrrs            x15, x0, 0xf14      x15=00000000
18719581ns          322298 1c00a200 f8068693 addi             x13, x13, -128      x13=00001f80 x13:00002000
18719601ns          322299 1c00a204 00379713 slli             x14, x15, 0x3       x14=00000000 x15:00000000
18719621ns          322300 1c00a208 00279793 slli             x15, x15, 0x2       x15=00000000 x15:00000000
18719641ns          322301 1c00a20a 00d7f7b3 and              x15, x15, x13       x15=00000000 x15:00000000 x13:00001f80
18719661ns          322302 1c00a20c ee873733 p.bclr           x14, x14, 23, 8     x14=00000000 x14:00000000
18719681ns          322303 1c00a210 1a10f6b7 lui              x13, 0x1a10f000     x13=1a10f000
18719701ns          322304 1c00a214 0ff57513 andi             x10, x10, 255       x10=00000068 x10:00000068
18719720ns          322305 1c00a218 00d70733 add              x14, x14, x13       x14=1a10f000 x14:00000000 x13:1a10f000
18719740ns          322306 1c00a21a 00a7e723 p.sw             x10, x0(x15)        x10:00000068 x15:00000000  PA:1a10f000
18720059ns          322322 1c00a21e 00000513 addi             x10, x0, 0          x10=00000000
18720078ns          322323 1c00a220 00008067 jalr             x0, x1, 0            x1:1c00a2c8
18720118ns          322325 1c00a2c8 31f52563 p.beqimm         x10, 778            x10:00000000
18720138ns          322326 1c00a2cc 001d8d93 addi             x27, x27, 1         x27=0000000b x27:0000000a
18720158ns          322327 1c00a2ce 00044503 lbu              x10, 0(x8)          x10=00000065  x8:1c0000bb  PA:1c0000bb
18720456ns          322342 1c00a2d2 00140413 addi             x8, x8, 1            x8=1c0000bc  x8:1c0000bb
18720476ns          322343 1c00a2d4 fe0514e3 bne              x10, x0, -24        x10:00000065
18720536ns          322346 1c00a2bc 02500793 addi             x15, x0, 37         x15=00000025
18720556ns          322347 1c00a2c0 04f50863 beq              x10, x15, 80        x10:00000065 x15:00000025
18720576ns          322348 1c00a2c4 01a005b3 add              x11, x0, x26        x11=00000002 x26:00000002
18720596ns          322349 1c00a2c6 000b00e7 jalr             x1, x22, 0           x1=1c00a2c8 x22:1c00a1fa
18720635ns          322351 1c00a1fa 000026b7 lui              x13, 0x2000         x13=00002000
18720655ns          322352 1c00a1fc f14027f3 csrrs            x15, x0, 0xf14      x15=00000000
18720675ns          322353 1c00a200 f8068693 addi             x13, x13, -128      x13=00001f80 x13:00002000
18720695ns          322354 1c00a204 00379713 slli             x14, x15, 0x3       x14=00000000 x15:00000000
18720715ns          322355 1c00a208 00279793 slli             x15, x15, 0x2       x15=00000000 x15:00000000
18720735ns          322356 1c00a20a 00d7f7b3 and              x15, x15, x13       x15=00000000 x15:00000000 x13:00001f80
18720755ns          322357 1c00a20c ee873733 p.bclr           x14, x14, 23, 8     x14=00000000 x14:00000000
18720775ns          322358 1c00a210 1a10f6b7 lui              x13, 0x1a10f000     x13=1a10f000
18720795ns          322359 1c00a214 0ff57513 andi             x10, x10, 255       x10=00000065 x10:00000065
18720814ns          322360 1c00a218 00d70733 add              x14, x14, x13       x14=1a10f000 x14:00000000 x13:1a10f000
18720834ns          322361 1c00a21a 00a7e723 p.sw             x10, x0(x15)        x10:00000065 x15:00000000  PA:1a10f000
18721153ns          322377 1c00a21e 00000513 addi             x10, x0, 0          x10=00000000
18721172ns          322378 1c00a220 00008067 jalr             x0, x1, 0            x1:1c00a2c8
18721212ns          322380 1c00a2c8 31f52563 p.beqimm         x10, 778            x10:00000000
18721232ns          322381 1c00a2cc 001d8d93 addi             x27, x27, 1         x27=0000000c x27:0000000b
18721252ns          322382 1c00a2ce 00044503 lbu              x10, 0(x8)          x10=00000063  x8:1c0000bc  PA:1c0000bc
18721550ns          322397 1c00a2d2 00140413 addi             x8, x8, 1            x8=1c0000bd  x8:1c0000bc
18721570ns          322398 1c00a2d4 fe0514e3 bne              x10, x0, -24        x10:00000063
18721630ns          322401 1c00a2bc 02500793 addi             x15, x0, 37         x15=00000025
18721650ns          322402 1c00a2c0 04f50863 beq              x10, x15, 80        x10:00000063 x15:00000025
18721670ns          322403 1c00a2c4 01a005b3 add              x11, x0, x26        x11=00000002 x26:00000002
18721690ns          322404 1c00a2c6 000b00e7 jalr             x1, x22, 0           x1=1c00a2c8 x22:1c00a1fa
18721729ns          322406 1c00a1fa 000026b7 lui              x13, 0x2000         x13=00002000
18721749ns          322407 1c00a1fc f14027f3 csrrs            x15, x0, 0xf14      x15=00000000
18721769ns          322408 1c00a200 f8068693 addi             x13, x13, -128      x13=00001f80 x13:00002000
18721789ns          322409 1c00a204 00379713 slli             x14, x15, 0x3       x14=00000000 x15:00000000
18721809ns          322410 1c00a208 00279793 slli             x15, x15, 0x2       x15=00000000 x15:00000000
18721829ns          322411 1c00a20a 00d7f7b3 and              x15, x15, x13       x15=00000000 x15:00000000 x13:00001f80
18721849ns          322412 1c00a20c ee873733 p.bclr           x14, x14, 23, 8     x14=00000000 x14:00000000
18721869ns          322413 1c00a210 1a10f6b7 lui              x13, 0x1a10f000     x13=1a10f000
18721889ns          322414 1c00a214 0ff57513 andi             x10, x10, 255       x10=00000063 x10:00000063
18721908ns          322415 1c00a218 00d70733 add              x14, x14, x13       x14=1a10f000 x14:00000000 x13:1a10f000
18721928ns          322416 1c00a21a 00a7e723 p.sw             x10, x0(x15)        x10:00000063 x15:00000000  PA:1a10f000
18722247ns          322432 1c00a21e 00000513 addi             x10, x0, 0          x10=00000000
18722266ns          322433 1c00a220 00008067 jalr             x0, x1, 0            x1:1c00a2c8
18722306ns          322435 1c00a2c8 31f52563 p.beqimm         x10, 778            x10:00000000
18722326ns          322436 1c00a2cc 001d8d93 addi             x27, x27, 1         x27=0000000d x27:0000000c
18722346ns          322437 1c00a2ce 00044503 lbu              x10, 0(x8)          x10=0000006b  x8:1c0000bd  PA:1c0000bd
18722664ns          322453 1c00a2d2 00140413 addi             x8, x8, 1            x8=1c0000be  x8:1c0000bd
18722684ns          322454 1c00a2d4 fe0514e3 bne              x10, x0, -24        x10:0000006b
18722744ns          322457 1c00a2bc 02500793 addi             x15, x0, 37         x15=00000025
18722764ns          322458 1c00a2c0 04f50863 beq              x10, x15, 80        x10:0000006b x15:00000025
18722784ns          322459 1c00a2c4 01a005b3 add              x11, x0, x26        x11=00000002 x26:00000002
18722804ns          322460 1c00a2c6 000b00e7 jalr             x1, x22, 0           x1=1c00a2c8 x22:1c00a1fa
18722843ns          322462 1c00a1fa 000026b7 lui              x13, 0x2000         x13=00002000
18722863ns          322463 1c00a1fc f14027f3 csrrs            x15, x0, 0xf14      x15=00000000
18722883ns          322464 1c00a200 f8068693 addi             x13, x13, -128      x13=00001f80 x13:00002000
18722903ns          322465 1c00a204 00379713 slli             x14, x15, 0x3       x14=00000000 x15:00000000
18722923ns          322466 1c00a208 00279793 slli             x15, x15, 0x2       x15=00000000 x15:00000000
18722943ns          322467 1c00a20a 00d7f7b3 and              x15, x15, x13       x15=00000000 x15:00000000 x13:00001f80
18722963ns          322468 1c00a20c ee873733 p.bclr           x14, x14, 23, 8     x14=00000000 x14:00000000
18722983ns          322469 1c00a210 1a10f6b7 lui              x13, 0x1a10f000     x13=1a10f000
18723002ns          322470 1c00a214 0ff57513 andi             x10, x10, 255       x10=0000006b x10:0000006b
18723022ns          322471 1c00a218 00d70733 add              x14, x14, x13       x14=1a10f000 x14:00000000 x13:1a10f000
18723042ns          322472 1c00a21a 00a7e723 p.sw             x10, x0(x15)        x10:0000006b x15:00000000  PA:1a10f000
18723380ns          322489 1c00a21e 00000513 addi             x10, x0, 0          x10=00000000
18723400ns          322490 1c00a220 00008067 jalr             x0, x1, 0            x1:1c00a2c8
18723440ns          322492 1c00a2c8 31f52563 p.beqimm         x10, 778            x10:00000000
18723460ns          322493 1c00a2cc 001d8d93 addi             x27, x27, 1         x27=0000000e x27:0000000d
18723480ns          322494 1c00a2ce 00044503 lbu              x10, 0(x8)          x10=00000073  x8:1c0000be  PA:1c0000be
18723778ns          322509 1c00a2d2 00140413 addi             x8, x8, 1            x8=1c0000bf  x8:1c0000be
18723798ns          322510 1c00a2d4 fe0514e3 bne              x10, x0, -24        x10:00000073
18723858ns          322513 1c00a2bc 02500793 addi             x15, x0, 37         x15=00000025
18723878ns          322514 1c00a2c0 04f50863 beq              x10, x15, 80        x10:00000073 x15:00000025
18723898ns          322515 1c00a2c4 01a005b3 add              x11, x0, x26        x11=00000002 x26:00000002
18723917ns          322516 1c00a2c6 000b00e7 jalr             x1, x22, 0           x1=1c00a2c8 x22:1c00a1fa
18723957ns          322518 1c00a1fa 000026b7 lui              x13, 0x2000         x13=00002000
18723977ns          322519 1c00a1fc f14027f3 csrrs            x15, x0, 0xf14      x15=00000000
18723997ns          322520 1c00a200 f8068693 addi             x13, x13, -128      x13=00001f80 x13:00002000
18724017ns          322521 1c00a204 00379713 slli             x14, x15, 0x3       x14=00000000 x15:00000000
18724037ns          322522 1c00a208 00279793 slli             x15, x15, 0x2       x15=00000000 x15:00000000
18724057ns          322523 1c00a20a 00d7f7b3 and              x15, x15, x13       x15=00000000 x15:00000000 x13:00001f80
18724077ns          322524 1c00a20c ee873733 p.bclr           x14, x14, 23, 8     x14=00000000 x14:00000000
18724096ns          322525 1c00a210 1a10f6b7 lui              x13, 0x1a10f000     x13=1a10f000
18724116ns          322526 1c00a214 0ff57513 andi             x10, x10, 255       x10=00000073 x10:00000073
18724136ns          322527 1c00a218 00d70733 add              x14, x14, x13       x14=1a10f000 x14:00000000 x13:1a10f000
18724156ns          322528 1c00a21a 00a7e723 p.sw             x10, x0(x15)        x10:00000073 x15:00000000  PA:1a10f000
18724474ns          322544 1c00a21e 00000513 addi             x10, x0, 0          x10=00000000
18724494ns          322545 1c00a220 00008067 jalr             x0, x1, 0            x1:1c00a2c8
18724534ns          322547 1c00a2c8 31f52563 p.beqimm         x10, 778            x10:00000000
18724554ns          322548 1c00a2cc 001d8d93 addi             x27, x27, 1         x27=0000000f x27:0000000e
18724574ns          322549 1c00a2ce 00044503 lbu              x10, 0(x8)          x10=00000020  x8:1c0000bf  PA:1c0000bf
18724892ns          322565 1c00a2d2 00140413 addi             x8, x8, 1            x8=1c0000c0  x8:1c0000bf
18724912ns          322566 1c00a2d4 fe0514e3 bne              x10, x0, -24        x10:00000020
18724972ns          322569 1c00a2bc 02500793 addi             x15, x0, 37         x15=00000025
18724991ns          322570 1c00a2c0 04f50863 beq              x10, x15, 80        x10:00000020 x15:00000025
18725011ns          322571 1c00a2c4 01a005b3 add              x11, x0, x26        x11=00000002 x26:00000002
18725031ns          322572 1c00a2c6 000b00e7 jalr             x1, x22, 0           x1=1c00a2c8 x22:1c00a1fa
18725071ns          322574 1c00a1fa 000026b7 lui              x13, 0x2000         x13=00002000
18725091ns          322575 1c00a1fc f14027f3 csrrs            x15, x0, 0xf14      x15=00000000
18725111ns          322576 1c00a200 f8068693 addi             x13, x13, -128      x13=00001f80 x13:00002000
18725131ns          322577 1c00a204 00379713 slli             x14, x15, 0x3       x14=00000000 x15:00000000
18725151ns          322578 1c00a208 00279793 slli             x15, x15, 0x2       x15=00000000 x15:00000000
18725171ns          322579 1c00a20a 00d7f7b3 and              x15, x15, x13       x15=00000000 x15:00000000 x13:00001f80
18725190ns          322580 1c00a20c ee873733 p.bclr           x14, x14, 23, 8     x14=00000000 x14:00000000
18725210ns          322581 1c00a210 1a10f6b7 lui              x13, 0x1a10f000     x13=1a10f000
18725230ns          322582 1c00a214 0ff57513 andi             x10, x10, 255       x10=00000020 x10:00000020
18725250ns          322583 1c00a218 00d70733 add              x14, x14, x13       x14=1a10f000 x14:00000000 x13:1a10f000
18725270ns          322584 1c00a21a 00a7e723 p.sw             x10, x0(x15)        x10:00000020 x15:00000000  PA:1a10f000
18725588ns          322600 1c00a21e 00000513 addi             x10, x0, 0          x10=00000000
18725608ns          322601 1c00a220 00008067 jalr             x0, x1, 0            x1:1c00a2c8
18725648ns          322603 1c00a2c8 31f52563 p.beqimm         x10, 778            x10:00000000
18725668ns          322604 1c00a2cc 001d8d93 addi             x27, x27, 1         x27=00000010 x27:0000000f
18725688ns          322605 1c00a2ce 00044503 lbu              x10, 0(x8)          x10=00000066  x8:1c0000c0  PA:1c0000c0
18726006ns          322621 1c00a2d2 00140413 addi             x8, x8, 1            x8=1c0000c1  x8:1c0000c0
18726026ns          322622 1c00a2d4 fe0514e3 bne              x10, x0, -24        x10:00000066
18726085ns          322625 1c00a2bc 02500793 addi             x15, x0, 37         x15=00000025
18726105ns          322626 1c00a2c0 04f50863 beq              x10, x15, 80        x10:00000066 x15:00000025
18726125ns          322627 1c00a2c4 01a005b3 add              x11, x0, x26        x11=00000002 x26:00000002
18726145ns          322628 1c00a2c6 000b00e7 jalr             x1, x22, 0           x1=1c00a2c8 x22:1c00a1fa
18726185ns          322630 1c00a1fa 000026b7 lui              x13, 0x2000         x13=00002000
18726205ns          322631 1c00a1fc f14027f3 csrrs            x15, x0, 0xf14      x15=00000000
18726225ns          322632 1c00a200 f8068693 addi             x13, x13, -128      x13=00001f80 x13:00002000
18726245ns          322633 1c00a204 00379713 slli             x14, x15, 0x3       x14=00000000 x15:00000000
18726265ns          322634 1c00a208 00279793 slli             x15, x15, 0x2       x15=00000000 x15:00000000
18726284ns          322635 1c00a20a 00d7f7b3 and              x15, x15, x13       x15=00000000 x15:00000000 x13:00001f80
18726304ns          322636 1c00a20c ee873733 p.bclr           x14, x14, 23, 8     x14=00000000 x14:00000000
18726324ns          322637 1c00a210 1a10f6b7 lui              x13, 0x1a10f000     x13=1a10f000
18726344ns          322638 1c00a214 0ff57513 andi             x10, x10, 255       x10=00000066 x10:00000066
18726364ns          322639 1c00a218 00d70733 add              x14, x14, x13       x14=1a10f000 x14:00000000 x13:1a10f000
18726384ns          322640 1c00a21a 00a7e723 p.sw             x10, x0(x15)        x10:00000066 x15:00000000  PA:1a10f000
18726702ns          322656 1c00a21e 00000513 addi             x10, x0, 0          x10=00000000
18726722ns          322657 1c00a220 00008067 jalr             x0, x1, 0            x1:1c00a2c8
18726762ns          322659 1c00a2c8 31f52563 p.beqimm         x10, 778            x10:00000000
18726782ns          322660 1c00a2cc 001d8d93 addi             x27, x27, 1         x27=00000011 x27:00000010
18726802ns          322661 1c00a2ce 00044503 lbu              x10, 0(x8)          x10=00000061  x8:1c0000c1  PA:1c0000c1
18727100ns          322676 1c00a2d2 00140413 addi             x8, x8, 1            x8=1c0000c2  x8:1c0000c1
18727120ns          322677 1c00a2d4 fe0514e3 bne              x10, x0, -24        x10:00000061
18727179ns          322680 1c00a2bc 02500793 addi             x15, x0, 37         x15=00000025
18727199ns          322681 1c00a2c0 04f50863 beq              x10, x15, 80        x10:00000061 x15:00000025
18727219ns          322682 1c00a2c4 01a005b3 add              x11, x0, x26        x11=00000002 x26:00000002
18727239ns          322683 1c00a2c6 000b00e7 jalr             x1, x22, 0           x1=1c00a2c8 x22:1c00a1fa
18727279ns          322685 1c00a1fa 000026b7 lui              x13, 0x2000         x13=00002000
18727299ns          322686 1c00a1fc f14027f3 csrrs            x15, x0, 0xf14      x15=00000000
18727319ns          322687 1c00a200 f8068693 addi             x13, x13, -128      x13=00001f80 x13:00002000
18727339ns          322688 1c00a204 00379713 slli             x14, x15, 0x3       x14=00000000 x15:00000000
18727358ns          322689 1c00a208 00279793 slli             x15, x15, 0x2       x15=00000000 x15:00000000
18727378ns          322690 1c00a20a 00d7f7b3 and              x15, x15, x13       x15=00000000 x15:00000000 x13:00001f80
18727398ns          322691 1c00a20c ee873733 p.bclr           x14, x14, 23, 8     x14=00000000 x14:00000000
18727418ns          322692 1c00a210 1a10f6b7 lui              x13, 0x1a10f000     x13=1a10f000
18727438ns          322693 1c00a214 0ff57513 andi             x10, x10, 255       x10=00000061 x10:00000061
18727458ns          322694 1c00a218 00d70733 add              x14, x14, x13       x14=1a10f000 x14:00000000 x13:1a10f000
18727478ns          322695 1c00a21a 00a7e723 p.sw             x10, x0(x15)        x10:00000061 x15:00000000  PA:1a10f000
18727796ns          322711 1c00a21e 00000513 addi             x10, x0, 0          x10=00000000
18727816ns          322712 1c00a220 00008067 jalr             x0, x1, 0            x1:1c00a2c8
18727856ns          322714 1c00a2c8 31f52563 p.beqimm         x10, 778            x10:00000000
18727876ns          322715 1c00a2cc 001d8d93 addi             x27, x27, 1         x27=00000012 x27:00000011
18727896ns          322716 1c00a2ce 00044503 lbu              x10, 0(x8)          x10=00000069  x8:1c0000c2  PA:1c0000c2
18728214ns          322732 1c00a2d2 00140413 addi             x8, x8, 1            x8=1c0000c3  x8:1c0000c2
18728234ns          322733 1c00a2d4 fe0514e3 bne              x10, x0, -24        x10:00000069
18728293ns          322736 1c00a2bc 02500793 addi             x15, x0, 37         x15=00000025
18728313ns          322737 1c00a2c0 04f50863 beq              x10, x15, 80        x10:00000069 x15:00000025
18728333ns          322738 1c00a2c4 01a005b3 add              x11, x0, x26        x11=00000002 x26:00000002
18728353ns          322739 1c00a2c6 000b00e7 jalr             x1, x22, 0           x1=1c00a2c8 x22:1c00a1fa
18728393ns          322741 1c00a1fa 000026b7 lui              x13, 0x2000         x13=00002000
18728413ns          322742 1c00a1fc f14027f3 csrrs            x15, x0, 0xf14      x15=00000000
18728433ns          322743 1c00a200 f8068693 addi             x13, x13, -128      x13=00001f80 x13:00002000
18728452ns          322744 1c00a204 00379713 slli             x14, x15, 0x3       x14=00000000 x15:00000000
18728472ns          322745 1c00a208 00279793 slli             x15, x15, 0x2       x15=00000000 x15:00000000
18728492ns          322746 1c00a20a 00d7f7b3 and              x15, x15, x13       x15=00000000 x15:00000000 x13:00001f80
18728512ns          322747 1c00a20c ee873733 p.bclr           x14, x14, 23, 8     x14=00000000 x14:00000000
18728532ns          322748 1c00a210 1a10f6b7 lui              x13, 0x1a10f000     x13=1a10f000
18728552ns          322749 1c00a214 0ff57513 andi             x10, x10, 255       x10=00000069 x10:00000069
18728572ns          322750 1c00a218 00d70733 add              x14, x14, x13       x14=1a10f000 x14:00000000 x13:1a10f000
18728592ns          322751 1c00a21a 00a7e723 p.sw             x10, x0(x15)        x10:00000069 x15:00000000  PA:1a10f000
18728910ns          322767 1c00a21e 00000513 addi             x10, x0, 0          x10=00000000
18728930ns          322768 1c00a220 00008067 jalr             x0, x1, 0            x1:1c00a2c8
18728970ns          322770 1c00a2c8 31f52563 p.beqimm         x10, 778            x10:00000000
18728990ns          322771 1c00a2cc 001d8d93 addi             x27, x27, 1         x27=00000013 x27:00000012
18729009ns          322772 1c00a2ce 00044503 lbu              x10, 0(x8)          x10=0000006c  x8:1c0000c3  PA:1c0000c3
18729328ns          322788 1c00a2d2 00140413 addi             x8, x8, 1            x8=1c0000c4  x8:1c0000c3
18729348ns          322789 1c00a2d4 fe0514e3 bne              x10, x0, -24        x10:0000006c
18729407ns          322792 1c00a2bc 02500793 addi             x15, x0, 37         x15=00000025
18729427ns          322793 1c00a2c0 04f50863 beq              x10, x15, 80        x10:0000006c x15:00000025
18729447ns          322794 1c00a2c4 01a005b3 add              x11, x0, x26        x11=00000002 x26:00000002
18729467ns          322795 1c00a2c6 000b00e7 jalr             x1, x22, 0           x1=1c00a2c8 x22:1c00a1fa
18729507ns          322797 1c00a1fa 000026b7 lui              x13, 0x2000         x13=00002000
18729527ns          322798 1c00a1fc f14027f3 csrrs            x15, x0, 0xf14      x15=00000000
18729546ns          322799 1c00a200 f8068693 addi             x13, x13, -128      x13=00001f80 x13:00002000
18729566ns          322800 1c00a204 00379713 slli             x14, x15, 0x3       x14=00000000 x15:00000000
18729586ns          322801 1c00a208 00279793 slli             x15, x15, 0x2       x15=00000000 x15:00000000
18729606ns          322802 1c00a20a 00d7f7b3 and              x15, x15, x13       x15=00000000 x15:00000000 x13:00001f80
18729626ns          322803 1c00a20c ee873733 p.bclr           x14, x14, 23, 8     x14=00000000 x14:00000000
18729646ns          322804 1c00a210 1a10f6b7 lui              x13, 0x1a10f000     x13=1a10f000
18729666ns          322805 1c00a214 0ff57513 andi             x10, x10, 255       x10=0000006c x10:0000006c
18729686ns          322806 1c00a218 00d70733 add              x14, x14, x13       x14=1a10f000 x14:00000000 x13:1a10f000
18729706ns          322807 1c00a21a 00a7e723 p.sw             x10, x0(x15)        x10:0000006c x15:00000000  PA:1a10f000
18730044ns          322824 1c00a21e 00000513 addi             x10, x0, 0          x10=00000000
18730064ns          322825 1c00a220 00008067 jalr             x0, x1, 0            x1:1c00a2c8
18730103ns          322827 1c00a2c8 31f52563 p.beqimm         x10, 778            x10:00000000
18730123ns          322828 1c00a2cc 001d8d93 addi             x27, x27, 1         x27=00000014 x27:00000013
18730143ns          322829 1c00a2ce 00044503 lbu              x10, 0(x8)          x10=00000065  x8:1c0000c4  PA:1c0000c4
18730442ns          322844 1c00a2d2 00140413 addi             x8, x8, 1            x8=1c0000c5  x8:1c0000c4
18730461ns          322845 1c00a2d4 fe0514e3 bne              x10, x0, -24        x10:00000065
18730521ns          322848 1c00a2bc 02500793 addi             x15, x0, 37         x15=00000025
18730541ns          322849 1c00a2c0 04f50863 beq              x10, x15, 80        x10:00000065 x15:00000025
18730561ns          322850 1c00a2c4 01a005b3 add              x11, x0, x26        x11=00000002 x26:00000002
18730581ns          322851 1c00a2c6 000b00e7 jalr             x1, x22, 0           x1=1c00a2c8 x22:1c00a1fa
18730621ns          322853 1c00a1fa 000026b7 lui              x13, 0x2000         x13=00002000
18730640ns          322854 1c00a1fc f14027f3 csrrs            x15, x0, 0xf14      x15=00000000
18730660ns          322855 1c00a200 f8068693 addi             x13, x13, -128      x13=00001f80 x13:00002000
18730680ns          322856 1c00a204 00379713 slli             x14, x15, 0x3       x14=00000000 x15:00000000
18730700ns          322857 1c00a208 00279793 slli             x15, x15, 0x2       x15=00000000 x15:00000000
18730720ns          322858 1c00a20a 00d7f7b3 and              x15, x15, x13       x15=00000000 x15:00000000 x13:00001f80
18730740ns          322859 1c00a20c ee873733 p.bclr           x14, x14, 23, 8     x14=00000000 x14:00000000
18730760ns          322860 1c00a210 1a10f6b7 lui              x13, 0x1a10f000     x13=1a10f000
18730780ns          322861 1c00a214 0ff57513 andi             x10, x10, 255       x10=00000065 x10:00000065
18730800ns          322862 1c00a218 00d70733 add              x14, x14, x13       x14=1a10f000 x14:00000000 x13:1a10f000
18730819ns          322863 1c00a21a 00a7e723 p.sw             x10, x0(x15)        x10:00000065 x15:00000000  PA:1a10f000
18731138ns          322879 1c00a21e 00000513 addi             x10, x0, 0          x10=00000000
18731158ns          322880 1c00a220 00008067 jalr             x0, x1, 0            x1:1c00a2c8
18731197ns          322882 1c00a2c8 31f52563 p.beqimm         x10, 778            x10:00000000
18731217ns          322883 1c00a2cc 001d8d93 addi             x27, x27, 1         x27=00000015 x27:00000014
18731237ns          322884 1c00a2ce 00044503 lbu              x10, 0(x8)          x10=00000064  x8:1c0000c5  PA:1c0000c5
18731555ns          322900 1c00a2d2 00140413 addi             x8, x8, 1            x8=1c0000c6  x8:1c0000c5
18731575ns          322901 1c00a2d4 fe0514e3 bne              x10, x0, -24        x10:00000064
18731635ns          322904 1c00a2bc 02500793 addi             x15, x0, 37         x15=00000025
18731655ns          322905 1c00a2c0 04f50863 beq              x10, x15, 80        x10:00000064 x15:00000025
18731675ns          322906 1c00a2c4 01a005b3 add              x11, x0, x26        x11=00000002 x26:00000002
18731695ns          322907 1c00a2c6 000b00e7 jalr             x1, x22, 0           x1=1c00a2c8 x22:1c00a1fa
18731734ns          322909 1c00a1fa 000026b7 lui              x13, 0x2000         x13=00002000
18731754ns          322910 1c00a1fc f14027f3 csrrs            x15, x0, 0xf14      x15=00000000
18731774ns          322911 1c00a200 f8068693 addi             x13, x13, -128      x13=00001f80 x13:00002000
18731794ns          322912 1c00a204 00379713 slli             x14, x15, 0x3       x14=00000000 x15:00000000
18731814ns          322913 1c00a208 00279793 slli             x15, x15, 0x2       x15=00000000 x15:00000000
18731834ns          322914 1c00a20a 00d7f7b3 and              x15, x15, x13       x15=00000000 x15:00000000 x13:00001f80
18731854ns          322915 1c00a20c ee873733 p.bclr           x14, x14, 23, 8     x14=00000000 x14:00000000
18731874ns          322916 1c00a210 1a10f6b7 lui              x13, 0x1a10f000     x13=1a10f000
18731894ns          322917 1c00a214 0ff57513 andi             x10, x10, 255       x10=00000064 x10:00000064
18731913ns          322918 1c00a218 00d70733 add              x14, x14, x13       x14=1a10f000 x14:00000000 x13:1a10f000
18731933ns          322919 1c00a21a 00a7e723 p.sw             x10, x0(x15)        x10:00000064 x15:00000000  PA:1a10f000
18732252ns          322935 1c00a21e 00000513 addi             x10, x0, 0          x10=00000000
18732272ns          322936 1c00a220 00008067 jalr             x0, x1, 0            x1:1c00a2c8
18732311ns          322938 1c00a2c8 31f52563 p.beqimm         x10, 778            x10:00000000
18732331ns          322939 1c00a2cc 001d8d93 addi             x27, x27, 1         x27=00000016 x27:00000015
18732351ns          322940 1c00a2ce 00044503 lbu              x10, 0(x8)          x10=0000000a  x8:1c0000c6  PA:1c0000c6
18732669ns          322956 1c00a2d2 00140413 addi             x8, x8, 1            x8=1c0000c7  x8:1c0000c6
18732689ns          322957 1c00a2d4 fe0514e3 bne              x10, x0, -24        x10:0000000a
18732749ns          322960 1c00a2bc 02500793 addi             x15, x0, 37         x15=00000025
18732769ns          322961 1c00a2c0 04f50863 beq              x10, x15, 80        x10:0000000a x15:00000025
18732789ns          322962 1c00a2c4 01a005b3 add              x11, x0, x26        x11=00000002 x26:00000002
18732809ns          322963 1c00a2c6 000b00e7 jalr             x1, x22, 0           x1=1c00a2c8 x22:1c00a1fa
18732848ns          322965 1c00a1fa 000026b7 lui              x13, 0x2000         x13=00002000
18732868ns          322966 1c00a1fc f14027f3 csrrs            x15, x0, 0xf14      x15=00000000
18732888ns          322967 1c00a200 f8068693 addi             x13, x13, -128      x13=00001f80 x13:00002000
18732908ns          322968 1c00a204 00379713 slli             x14, x15, 0x3       x14=00000000 x15:00000000
18732928ns          322969 1c00a208 00279793 slli             x15, x15, 0x2       x15=00000000 x15:00000000
18732948ns          322970 1c00a20a 00d7f7b3 and              x15, x15, x13       x15=00000000 x15:00000000 x13:00001f80
18732968ns          322971 1c00a20c ee873733 p.bclr           x14, x14, 23, 8     x14=00000000 x14:00000000
18732988ns          322972 1c00a210 1a10f6b7 lui              x13, 0x1a10f000     x13=1a10f000
18733007ns          322973 1c00a214 0ff57513 andi             x10, x10, 255       x10=0000000a x10:0000000a
18733027ns          322974 1c00a218 00d70733 add              x14, x14, x13       x14=1a10f000 x14:00000000 x13:1a10f000
18733047ns          322975 1c00a21a 00a7e723 p.sw             x10, x0(x15)        x10:0000000a x15:00000000  PA:1a10f000
18733366ns          322991 1c00a21e 00000513 addi             x10, x0, 0          x10=00000000
18733385ns          322992 1c00a220 00008067 jalr             x0, x1, 0            x1:1c00a2c8
18733425ns          322994 1c00a2c8 31f52563 p.beqimm         x10, 778            x10:00000000
18733445ns          322995 1c00a2cc 001d8d93 addi             x27, x27, 1         x27=00000017 x27:00000016
18733465ns          322996 1c00a2ce 00044503 lbu              x10, 0(x8)          x10=00000000  x8:1c0000c7  PA:1c0000c7
18733763ns          323011 1c00a2d2 00140413 addi             x8, x8, 1            x8=1c0000c8  x8:1c0000c7
18733783ns          323012 1c00a2d4 fe0514e3 bne              x10, x0, -24        x10:00000000
18733803ns          323013 1c00a2d6 01b00433 add              x8, x0, x27          x8=00000017 x27:00000017
18733823ns          323014 1c00a2d8 00800533 add              x10, x0, x8         x10=00000017  x8:00000017
18733843ns          323015 1c00a2da 12c12083 lw               x1, 300(x2)          x1=1c00a266  x2:10000668  PA:10000794
18733863ns          323016 1c00a2de 12812403 lw               x8, 296(x2)          x8=1c000f40  x2:10000668  PA:10000790
18733883ns          323017 1c00a2e2 12412483 lw               x9, 292(x2)          x9=xxxxxxxx  x2:10000668  PA:1000078c
18733903ns          323018 1c00a2e6 12012903 lw               x18, 288(x2)        x18=xxxxxxxx  x2:10000668  PA:10000788
18733922ns          323019 1c00a2ea 11c12983 lw               x19, 284(x2)        x19=xxxxxxxx  x2:10000668  PA:10000784
18734360ns          323041 1c00a2ee 11812a03 lw               x20, 280(x2)        x20=xxxxxxxx  x2:10000668  PA:10000780
18734400ns          323043 1c00a2f2 11412a83 lw               x21, 276(x2)        x21=xxxxxxxx  x2:10000668  PA:1000077c
18734420ns          323044 1c00a2f6 11012b03 lw               x22, 272(x2)        x22=xxxxxxxx  x2:10000668  PA:10000778
18734440ns          323045 1c00a2fa 10c12b83 lw               x23, 268(x2)        x23=xxxxxxxx  x2:10000668  PA:10000774
18734877ns          323067 1c00a2fe 10812c03 lw               x24, 264(x2)        x24=xxxxxxxx  x2:10000668  PA:10000770
18734917ns          323069 1c00a302 10412c83 lw               x25, 260(x2)        x25=xxxxxxxx  x2:10000668  PA:1000076c
18734937ns          323070 1c00a306 10012d03 lw               x26, 256(x2)        x26=xxxxxxxx  x2:10000668  PA:10000768
18734957ns          323071 1c00a30a 0fc12d83 lw               x27, 252(x2)        x27=xxxxxxxx  x2:10000668  PA:10000764
18734977ns          323072 1c00a30c 13010113 addi             x2, x2, 304          x2=10000798  x2:10000668
18734997ns          323073 1c00a30e 00008067 jalr             x0, x1, 0            x1:1c00a266
18735076ns          323077 1c00a266 01c12083 lw               x1, 28(x2)           x1=1c008162  x2:10000798  PA:100007b4
18735116ns          323079 1c00a268 04010113 addi             x2, x2, 64           x2=100007d8  x2:10000798
18735136ns          323080 1c00a26a 00008067 jalr             x0, x1, 0            x1:1c008162
18735275ns          323087 1c008162 00042783 lw               x15, 0(x8)          x15=00000000  x8:1c000f40  PA:1c000f40
18735593ns          323103 1c008164 00078a63 beq              x15, x0, 20         x15:00000000
18735832ns          323115 1c008178 00812403 lw               x8, 8(x2)            x8=1c000f40  x2:100007d8  PA:100007e0
18735852ns          323116 1c00817a 00c12083 lw               x1, 12(x2)           x1=1c009c7a  x2:100007d8  PA:100007e4
18735872ns          323117 1c00817c 1c000537 lui              x10, 0x1c000000     x10=1c000000
18736289ns          323138 1c008180 0c850513 addi             x10, x10, 200       x10=1c0000c8 x10:1c000000
18736329ns          323140 1c008184 01010113 addi             x2, x2, 16           x2=100007e8  x2:100007d8
18736349ns          323141 1c008186 0220206f jal              x0, 8226           
18736389ns          323143 1c00a1a8 0015478b p.lbu            x15, 1(x10!)        x15=0000004f x10=1c0000c9 x10:1c0000c8  PA:1c0000c8
18736727ns          323160 1c00a1ac 02078463 beq              x15, x0, 40         x15:0000004f
18736866ns          323167 1c00a1ae f14026f3 csrrs            x13, x0, 0xf14      x13=00000000
18736906ns          323169 1c00a1b2 00369713 slli             x14, x13, 0x3       x14=00000000 x13:00000000
18736926ns          323170 1c00a1b6 1a10f637 lui              x12, 0x1a10f000     x12=1a10f000
18736946ns          323171 1c00a1ba ee873733 p.bclr           x14, x14, 23, 8     x14=00000000 x14:00000000
18736966ns          323172 1c00a1be 00c70733 add              x14, x14, x12       x14=1a10f000 x14:00000000 x12:1a10f000
18737383ns          323193 1c00a1c0 00002637 lui              x12, 0x2000         x12=00002000
18737403ns          323194 1c00a1c2 00269693 slli             x13, x13, 0x2       x13=00000000 x13:00000000
18737423ns          323195 1c00a1c4 f8060613 addi             x12, x12, -128      x12=00001f80 x12:00002000
18737443ns          323196 1c00a1c8 00c6f6b3 and              x13, x13, x12       x13=00000000 x13:00000000 x12:00001f80
18737463ns          323197 1c00a1ca 00d70733 add              x14, x14, x13       x14=1a10f000 x14:1a10f000 x13:00000000
18737483ns          323198 1c00a1cc 00f72023 sw               x15, 0(x14)         x15:0000004f x14:1a10f000  PA:1a10f000
18737901ns          323219 1c00a1ce 0015478b p.lbu            x15, 1(x10!)        x15=0000004f x10=1c0000ca x10:1c0000c9  PA:1c0000c9
18738219ns          323235 1c00a1d2 fe079de3 bne              x15, x0, -6         x15:0000004f
18738458ns          323247 1c00a1cc 00f72023 sw               x15, 0(x14)         x15:0000004f x14:1a10f000  PA:1a10f000
18738776ns          323263 1c00a1ce 0015478b p.lbu            x15, 1(x10!)        x15=0000004f x10=1c0000cb x10:1c0000ca  PA:1c0000ca
18739094ns          323279 1c00a1d2 fe079de3 bne              x15, x0, -6         x15:0000004f
18739154ns          323282 1c00a1cc 00f72023 sw               x15, 0(x14)         x15:0000004f x14:1a10f000  PA:1a10f000
18739472ns          323298 1c00a1ce 0015478b p.lbu            x15, 1(x10!)        x15=0000004f x10=1c0000cc x10:1c0000cb  PA:1c0000cb
18739810ns          323315 1c00a1d2 fe079de3 bne              x15, x0, -6         x15:0000004f
18739870ns          323318 1c00a1cc 00f72023 sw               x15, 0(x14)         x15:0000004f x14:1a10f000  PA:1a10f000
18740188ns          323334 1c00a1ce 0015478b p.lbu            x15, 1(x10!)        x15=0000004f x10=1c0000cd x10:1c0000cc  PA:1c0000cc
18740506ns          323350 1c00a1d2 fe079de3 bne              x15, x0, -6         x15:0000004f
18740566ns          323353 1c00a1cc 00f72023 sw               x15, 0(x14)         x15:0000004f x14:1a10f000  PA:1a10f000
18740884ns          323369 1c00a1ce 0015478b p.lbu            x15, 1(x10!)        x15=0000004f x10=1c0000ce x10:1c0000cd  PA:1c0000cd
18741222ns          323386 1c00a1d2 fe079de3 bne              x15, x0, -6         x15:0000004f
18741282ns          323389 1c00a1cc 00f72023 sw               x15, 0(x14)         x15:0000004f x14:1a10f000  PA:1a10f000
18741600ns          323405 1c00a1ce 0015478b p.lbu            x15, 1(x10!)        x15=0000004b x10=1c0000cf x10:1c0000ce  PA:1c0000ce
18741938ns          323422 1c00a1d2 fe079de3 bne              x15, x0, -6         x15:0000004b
18741998ns          323425 1c00a1cc 00f72023 sw               x15, 0(x14)         x15:0000004b x14:1a10f000  PA:1a10f000
18742316ns          323441 1c00a1ce 0015478b p.lbu            x15, 1(x10!)        x15=00000021 x10=1c0000d0 x10:1c0000cf  PA:1c0000cf
18742635ns          323457 1c00a1d2 fe079de3 bne              x15, x0, -6         x15:00000021
18742694ns          323460 1c00a1cc 00f72023 sw               x15, 0(x14)         x15:00000021 x14:1a10f000  PA:1a10f000
18743013ns          323476 1c00a1ce 0015478b p.lbu            x15, 1(x10!)        x15=00000021 x10=1c0000d1 x10:1c0000d0  PA:1c0000d0
18743351ns          323493 1c00a1d2 fe079de3 bne              x15, x0, -6         x15:00000021
18743410ns          323496 1c00a1cc 00f72023 sw               x15, 0(x14)         x15:00000021 x14:1a10f000  PA:1a10f000
18743729ns          323512 1c00a1ce 0015478b p.lbu            x15, 1(x10!)        x15=00000021 x10=1c0000d2 x10:1c0000d1  PA:1c0000d1
18744047ns          323528 1c00a1d2 fe079de3 bne              x15, x0, -6         x15:00000021
18744107ns          323531 1c00a1cc 00f72023 sw               x15, 0(x14)         x15:00000021 x14:1a10f000  PA:1a10f000
18744425ns          323547 1c00a1ce 0015478b p.lbu            x15, 1(x10!)        x15=00000021 x10=1c0000d3 x10:1c0000d2  PA:1c0000d2
18744763ns          323564 1c00a1d2 fe079de3 bne              x15, x0, -6         x15:00000021
18744823ns          323567 1c00a1cc 00f72023 sw               x15, 0(x14)         x15:00000021 x14:1a10f000  PA:1a10f000
18745141ns          323583 1c00a1ce 0015478b p.lbu            x15, 1(x10!)        x15=00000021 x10=1c0000d4 x10:1c0000d3  PA:1c0000d3
18745459ns          323599 1c00a1d2 fe079de3 bne              x15, x0, -6         x15:00000021
18745519ns          323602 1c00a1cc 00f72023 sw               x15, 0(x14)         x15:00000021 x14:1a10f000  PA:1a10f000
18745837ns          323618 1c00a1ce 0015478b p.lbu            x15, 1(x10!)        x15=00000021 x10=1c0000d5 x10:1c0000d4  PA:1c0000d4
18746175ns          323635 1c00a1d2 fe079de3 bne              x15, x0, -6         x15:00000021
18746235ns          323638 1c00a1cc 00f72023 sw               x15, 0(x14)         x15:00000021 x14:1a10f000  PA:1a10f000
18746553ns          323654 1c00a1ce 0015478b p.lbu            x15, 1(x10!)        x15=00000000 x10=1c0000d6 x10:1c0000d5  PA:1c0000d5
18746871ns          323670 1c00a1d2 fe079de3 bne              x15, x0, -6         x15:00000000
18746891ns          323671 1c00a1d4 f14027f3 csrrs            x15, x0, 0xf14      x15=00000000
18746911ns          323672 1c00a1d8 00379713 slli             x14, x15, 0x3       x14=00000000 x15:00000000
18746931ns          323673 1c00a1dc 1a10f6b7 lui              x13, 0x1a10f000     x13=1a10f000
18746951ns          323674 1c00a1e0 ee873733 p.bclr           x14, x14, 23, 8     x14=00000000 x14:00000000
18746971ns          323675 1c00a1e4 00d70733 add              x14, x14, x13       x14=1a10f000 x14:00000000 x13:1a10f000
18746991ns          323676 1c00a1e6 000026b7 lui              x13, 0x2000         x13=00002000
18747011ns          323677 1c00a1e8 f8068693 addi             x13, x13, -128      x13=00001f80 x13:00002000
18747030ns          323678 1c00a1ec 00279793 slli             x15, x15, 0x2       x15=00000000 x15:00000000
18747050ns          323679 1c00a1ee 00d7f7b3 and              x15, x15, x13       x15=00000000 x15:00000000 x13:00001f80
18747070ns          323680 1c00a1f0 00a00693 addi             x13, x0, 10         x13=0000000a
18747090ns          323681 1c00a1f2 00d767a3 p.sw             x13, x0(x14)        x13:0000000a x14:1a10f000  PA:1a10f000
18747408ns          323697 1c00a1f6 00000513 addi             x10, x0, 0          x10=00000000
18747428ns          323698 1c00a1f8 00008067 jalr             x0, x1, 0            x1:1c009c7a
18747508ns          323702 1c009c7a 00042503 lw               x10, 0(x8)          x10=00000000  x8:1c000f40  PA:1c000f40
18747826ns          323718 1c009c7c 00c12083 lw               x1, 12(x2)           x1=1c00b3ec  x2:100007e8  PA:100007f4
18747846ns          323719 1c009c7e 00812403 lw               x8, 8(x2)            x8=xxxxxxxx  x2:100007e8  PA:100007f0
18747985ns          323726 1c009c80 00a03533 sltu             x10, x0, x10        x10=00000000 x10:00000000
18748025ns          323728 1c009c84 40a00533 sub              x10, x0, x10        x10=00000000 x10:00000000
18748045ns          323729 1c009c88 01010113 addi             x2, x2, 16           x2=100007f8  x2:100007e8
18748065ns          323730 1c009c8a 00008067 jalr             x0, x1, 0            x1:1c00b3ec
18748582ns          323756 1c00b3ec f14027f3 csrrs            x15, x0, 0xf14      x15=00000000
18749039ns          323779 1c00b3f0 f457b7b3 p.bclr           x15, x15, 26, 5     x15=00000000 x15:00000000
18749079ns          323781 1c00b3f4 00079963 bne              x15, x0, 18         x15:00000000
18749099ns          323782 1c00b3f6 1c001737 lui              x14, 0x1c001000     x14=1c001000
18749119ns          323783 1c00b3fa 1c0017b7 lui              x15, 0x1c001000     x15=1c001000
18749557ns          323805 1c00b3fe f4a72623 sw               x10, -180(x14)      x10:00000000 x14:1c001000  PA:1c000f4c
18749895ns          323822 1c00b402 f407a823 sw               x0, -176(x15)       x15:1c001000  PA:1c000f50
18750213ns          323838 1c00b406 002047b7 lui              x15, 0x204000       x15=00204000
18750233ns          323839 1c00b40a fff00713 addi             x14, x0, -1         x14=ffffffff
18750253ns          323840 1c00b40c 00e7a223 sw               x14, 4(x15)         x14:ffffffff x15:00204000  PA:00204004
