                Time          Cycles PC       Instr    Mnemonic
13739164ns          221500 1c008080 0640006f jal              x0, 100            
13739622ns          221523 1c0080e4 f1402573 csrrs            x10, x0, 0xf14      x10=00000001
13739661ns          221525 1c0080e8 01f57593 andi             x11, x10, 31        x11=00000001 x10:00000001
13739681ns          221526 1c0080ec 00555513 srli             x10, x10, 0x5       x10=00000000 x10:00000001
13739701ns          221527 1c0080ee 01f00613 addi             x12, x0, 31         x12=0000001f
13740119ns          221548 1c0080f0 00c50463 beq              x10, x12, 8         x10:00000000 x12:0000001f
13740159ns          221550 1c0080f4 fa1ff06f jal              x0, -96            
13740636ns          221574 1c008094 f3ff8117 auipc            x2, 0xf3ff8000       x2=10000094
13740676ns          221576 1c008098 f7010113 addi             x2, x2, -144         x2=10000004  x2:10000094
13740696ns          221577 1c00809c 00012103 lw               x2, 0(x2)            x2=10000008  x2:10000004  PA:10000004
13741133ns          221599 1c0080a0 000011b7 lui              x3, 0x1000           x3=00001000
13741173ns          221601 1c0080a4 80018193 addi             x3, x3, -2048        x3=00000800  x3:00001000
13741193ns          221602 1c0080a8 00158593 addi             x11, x11, 1         x11=00000002 x11:00000001
13741213ns          221603 1c0080ac 02b180b3 mul              x1, x3, x11          x1=00001000  x3:00000800 x11:00000002
13741650ns          221625 1c0080b0 00110133 add              x2, x2, x1           x2=10001008  x2:10000008  x1:00001000
13741690ns          221627 1c0080b4 03e0206f jal              x0, 8254           
13742148ns          221650 1c00a0f2 ff010113 addi             x2, x2, -16          x2=10000ff8  x2:10001008
13742187ns          221652 1c00a0f4 00112623 sw               x1, 12(x2)           x1:00001000  x2:10000ff8  PA:10001004
13742207ns          221653 1c00a0f6 002047b7 lui              x15, 0x204000       x15=00204000
13742227ns          221654 1c00a0fa 00070737 lui              x14, 0x70000        x14=00070000
13742247ns          221655 1c00a0fe 00e7a423 sw               x14, 8(x15)         x14:00070000 x15:00204000  PA:00204008
13742665ns          221676 1c00a100 00f00713 addi             x14, x0, 15         x14=0000000f
13742705ns          221678 1c00a102 20078793 addi             x15, x15, 512       x15=00204200 x15:00204000
13742725ns          221679 1c00a106 00e7a023 sw               x14, 0(x15)         x14:0000000f x15:00204200  PA:00204200
13742744ns          221680 1c00a10a 00e7a623 sw               x14, 12(x15)        x14:0000000f x15:00204200  PA:0020420c
13743202ns          221703 1c00a10e 1c0017b7 lui              x15, 0x1c001000     x15=1c001000
13743242ns          221705 1c00a112 c4c7a783 lw               x15, -948(x15)      x15=1c0087cc x15:1c001000  PA:1c000c4c
13743580ns          221722 1c00a116 000780e7 jalr             x1, x15, 0           x1=1c00a118 x15:1c0087cc
13744196ns          221753 1c0087cc f14027f3 csrrs            x15, x0, 0xf14      x15=00000001
13744654ns          221776 1c0087d0 ca579733 p.extractu       x14, x15, 5, 5      x14=00000000 x15:00000001
13744694ns          221778 1c0087d4 00071c63 bne              x14, x0, 24         x14:00000000
13744714ns          221779 1c0087d6 f457b7b3 p.bclr           x15, x15, 26, 5     x15=00000001 x15:00000001
13744734ns          221780 1c0087da 00078363 beq              x15, x0, 6          x15:00000001
13744753ns          221781 1c0087dc 00000513 addi             x10, x0, 0          x10=00000000
13744773ns          221782 1c0087de 00008067 jalr             x0, x1, 0            x1:1c00a118
13745211ns          221804 1c00a118 f14027f3 csrrs            x15, x0, 0xf14      x15=00000001
13745231ns          221805 1c00a11c f457b7b3 p.bclr           x15, x15, 26, 5     x15=00000001 x15:00000001
13745251ns          221806 1c00a120 00079963 bne              x15, x0, 18         x15:00000001
13745847ns          221836 1c00a132 002047b7 lui              x15, 0x204000       x15=00204000
13745867ns          221837 1c00a136 fff00713 addi             x14, x0, -1         x14=ffffffff
13745887ns          221838 1c00a138 00e7a223 sw               x14, 4(x15)         x14:ffffffff x15:00204000  PA:00204004
