                Time          Cycles PC       Instr    Mnemonic
13739204ns          221502 1c008080 0640006f jal              x0, 100            
13739661ns          221525 1c0080e4 f1402573 csrrs            x10, x0, 0xf14      x10=00000002
13739701ns          221527 1c0080e8 01f57593 andi             x11, x10, 31        x11=00000002 x10:00000002
13739721ns          221528 1c0080ec 00555513 srli             x10, x10, 0x5       x10=00000000 x10:00000002
13739741ns          221529 1c0080ee 01f00613 addi             x12, x0, 31         x12=0000001f
13740159ns          221550 1c0080f0 00c50463 beq              x10, x12, 8         x10:00000000 x12:0000001f
13740198ns          221552 1c0080f4 fa1ff06f jal              x0, -96            
13740676ns          221576 1c008094 f3ff8117 auipc            x2, 0xf3ff8000       x2=10000094
13740716ns          221578 1c008098 f7010113 addi             x2, x2, -144         x2=10000004  x2:10000094
13740735ns          221579 1c00809c 00012103 lw               x2, 0(x2)            x2=10000008  x2:10000004  PA:10000004
13741173ns          221601 1c0080a0 000011b7 lui              x3, 0x1000           x3=00001000
13741213ns          221603 1c0080a4 80018193 addi             x3, x3, -2048        x3=00000800  x3:00001000
13741233ns          221604 1c0080a8 00158593 addi             x11, x11, 1         x11=00000003 x11:00000002
13741253ns          221605 1c0080ac 02b180b3 mul              x1, x3, x11          x1=00001800  x3:00000800 x11:00000003
13741690ns          221627 1c0080b0 00110133 add              x2, x2, x1           x2=10001808  x2:10000008  x1:00001800
13741730ns          221629 1c0080b4 03e0206f jal              x0, 8254           
13742187ns          221652 1c00a0f2 ff010113 addi             x2, x2, -16          x2=100017f8  x2:10001808
13742227ns          221654 1c00a0f4 00112623 sw               x1, 12(x2)           x1:00001800  x2:100017f8  PA:10001804
13742247ns          221655 1c00a0f6 002047b7 lui              x15, 0x204000       x15=00204000
13742267ns          221656 1c00a0fa 00070737 lui              x14, 0x70000        x14=00070000
13742287ns          221657 1c00a0fe 00e7a423 sw               x14, 8(x15)         x14:00070000 x15:00204000  PA:00204008
13742705ns          221678 1c00a100 00f00713 addi             x14, x0, 15         x14=0000000f
13742744ns          221680 1c00a102 20078793 addi             x15, x15, 512       x15=00204200 x15:00204000
13742764ns          221681 1c00a106 00e7a023 sw               x14, 0(x15)         x14:0000000f x15:00204200  PA:00204200
13742784ns          221682 1c00a10a 00e7a623 sw               x14, 12(x15)        x14:0000000f x15:00204200  PA:0020420c
13743242ns          221705 1c00a10e 1c0017b7 lui              x15, 0x1c001000     x15=1c001000
13743281ns          221707 1c00a112 c4c7a783 lw               x15, -948(x15)      x15=1c0087cc x15:1c001000  PA:1c000c4c
13743739ns          221730 1c00a116 000780e7 jalr             x1, x15, 0           x1=1c00a118 x15:1c0087cc
13744236ns          221755 1c0087cc f14027f3 csrrs            x15, x0, 0xf14      x15=00000002
13744694ns          221778 1c0087d0 ca579733 p.extractu       x14, x15, 5, 5      x14=00000000 x15:00000002
13744734ns          221780 1c0087d4 00071c63 bne              x14, x0, 24         x14:00000000
13744753ns          221781 1c0087d6 f457b7b3 p.bclr           x15, x15, 26, 5     x15=00000002 x15:00000002
13744773ns          221782 1c0087da 00078363 beq              x15, x0, 6          x15:00000002
13744793ns          221783 1c0087dc 00000513 addi             x10, x0, 0          x10=00000000
13744813ns          221784 1c0087de 00008067 jalr             x0, x1, 0            x1:1c00a118
13745251ns          221806 1c00a118 f14027f3 csrrs            x15, x0, 0xf14      x15=00000002
13745271ns          221807 1c00a11c f457b7b3 p.bclr           x15, x15, 26, 5     x15=00000002 x15:00000002
13745290ns          221808 1c00a120 00079963 bne              x15, x0, 18         x15:00000002
13745927ns          221840 1c00a132 002047b7 lui              x15, 0x204000       x15=00204000
13745947ns          221841 1c00a136 fff00713 addi             x14, x0, -1         x14=ffffffff
13745967ns          221842 1c00a138 00e7a223 sw               x14, 4(x15)         x14:ffffffff x15:00204000  PA:00204004
