                Time          Cycles PC       Instr    Mnemonic
13739224ns          221503 1c008080 0640006f jal              x0, 100            
13739681ns          221526 1c0080e4 f1402573 csrrs            x10, x0, 0xf14      x10=00000003
13739721ns          221528 1c0080e8 01f57593 andi             x11, x10, 31        x11=00000003 x10:00000003
13739741ns          221529 1c0080ec 00555513 srli             x10, x10, 0x5       x10=00000000 x10:00000003
13739761ns          221530 1c0080ee 01f00613 addi             x12, x0, 31         x12=0000001f
13740179ns          221551 1c0080f0 00c50463 beq              x10, x12, 8         x10:00000000 x12:0000001f
13740218ns          221553 1c0080f4 fa1ff06f jal              x0, -96            
13740696ns          221577 1c008094 f3ff8117 auipc            x2, 0xf3ff8000       x2=10000094
13740735ns          221579 1c008098 f7010113 addi             x2, x2, -144         x2=10000004  x2:10000094
13740755ns          221580 1c00809c 00012103 lw               x2, 0(x2)            x2=10000008  x2:10000004  PA:10000004
13741193ns          221602 1c0080a0 000011b7 lui              x3, 0x1000           x3=00001000
13741233ns          221604 1c0080a4 80018193 addi             x3, x3, -2048        x3=00000800  x3:00001000
13741253ns          221605 1c0080a8 00158593 addi             x11, x11, 1         x11=00000004 x11:00000003
13741273ns          221606 1c0080ac 02b180b3 mul              x1, x3, x11          x1=00002000  x3:00000800 x11:00000004
13741710ns          221628 1c0080b0 00110133 add              x2, x2, x1           x2=10002008  x2:10000008  x1:00002000
13741750ns          221630 1c0080b4 03e0206f jal              x0, 8254           
13742207ns          221653 1c00a0f2 ff010113 addi             x2, x2, -16          x2=10001ff8  x2:10002008
13742247ns          221655 1c00a0f4 00112623 sw               x1, 12(x2)           x1:00002000  x2:10001ff8  PA:10002004
13742267ns          221656 1c00a0f6 002047b7 lui              x15, 0x204000       x15=00204000
13742287ns          221657 1c00a0fa 00070737 lui              x14, 0x70000        x14=00070000
13742307ns          221658 1c00a0fe 00e7a423 sw               x14, 8(x15)         x14:00070000 x15:00204000  PA:00204008
13742725ns          221679 1c00a100 00f00713 addi             x14, x0, 15         x14=0000000f
13742764ns          221681 1c00a102 20078793 addi             x15, x15, 512       x15=00204200 x15:00204000
13742784ns          221682 1c00a106 00e7a023 sw               x14, 0(x15)         x14:0000000f x15:00204200  PA:00204200
13742824ns          221684 1c00a10a 00e7a623 sw               x14, 12(x15)        x14:0000000f x15:00204200  PA:0020420c
13743262ns          221706 1c00a10e 1c0017b7 lui              x15, 0x1c001000     x15=1c001000
13743301ns          221708 1c00a112 c4c7a783 lw               x15, -948(x15)      x15=1c0087cc x15:1c001000  PA:1c000c4c
13743759ns          221731 1c00a116 000780e7 jalr             x1, x15, 0           x1=1c00a118 x15:1c0087cc
13744256ns          221756 1c0087cc f14027f3 csrrs            x15, x0, 0xf14      x15=00000003
13744714ns          221779 1c0087d0 ca579733 p.extractu       x14, x15, 5, 5      x14=00000000 x15:00000003
13744753ns          221781 1c0087d4 00071c63 bne              x14, x0, 24         x14:00000000
13744773ns          221782 1c0087d6 f457b7b3 p.bclr           x15, x15, 26, 5     x15=00000003 x15:00000003
13744793ns          221783 1c0087da 00078363 beq              x15, x0, 6          x15:00000003
13744813ns          221784 1c0087dc 00000513 addi             x10, x0, 0          x10=00000000
13744833ns          221785 1c0087de 00008067 jalr             x0, x1, 0            x1:1c00a118
13745271ns          221807 1c00a118 f14027f3 csrrs            x15, x0, 0xf14      x15=00000003
13745290ns          221808 1c00a11c f457b7b3 p.bclr           x15, x15, 26, 5     x15=00000003 x15:00000003
13745310ns          221809 1c00a120 00079963 bne              x15, x0, 18         x15:00000003
13745887ns          221838 1c00a132 002047b7 lui              x15, 0x204000       x15=00204000
13745907ns          221839 1c00a136 fff00713 addi             x14, x0, -1         x14=ffffffff
13745927ns          221840 1c00a138 00e7a223 sw               x14, 4(x15)         x14:ffffffff x15:00204000  PA:00204004
