                Time          Cycles PC       Instr    Mnemonic
20819225ns          346081 1c008080 0640006f jal              x0, 100            
20819683ns          346104 1c0080e4 f1402573 csrrs            x10, x0, 0xf14      x10=00000002
20819722ns          346106 1c0080e8 01f57593 andi             x11, x10, 31        x11=00000002 x10:00000002
20819742ns          346107 1c0080ec 00555513 srli             x10, x10, 0x5       x10=00000000 x10:00000002
20819762ns          346108 1c0080ee 01f00613 addi             x12, x0, 31         x12=0000001f
20820180ns          346129 1c0080f0 00c50463 beq              x10, x12, 8         x10:00000000 x12:0000001f
20820220ns          346131 1c0080f4 fa1ff06f jal              x0, -96            
20820677ns          346154 1c008094 f3ff8117 auipc            x2, 0xf3ff8000       x2=10000094
20820717ns          346156 1c008098 f7010113 addi             x2, x2, -144         x2=10000004  x2:10000094
20820737ns          346157 1c00809c 00012103 lw               x2, 0(x2)            x2=10000008  x2:10000004  PA:10000004
20821174ns          346179 1c0080a0 000011b7 lui              x3, 0x1000           x3=00001000
20821214ns          346181 1c0080a4 80018193 addi             x3, x3, -2048        x3=00000800  x3:00001000
20821234ns          346182 1c0080a8 00158593 addi             x11, x11, 1         x11=00000003 x11:00000002
20821254ns          346183 1c0080ac 02b180b3 mul              x1, x3, x11          x1=00001800  x3:00000800 x11:00000003
20821692ns          346205 1c0080b0 00110133 add              x2, x2, x1           x2=10001808  x2:10000008  x1:00001800
20821731ns          346207 1c0080b4 7fb0106f jal              x0, 8186           
20822209ns          346231 1c00a0ae ff010113 addi             x2, x2, -16          x2=100017f8  x2:10001808
20822666ns          346254 1c00a0b0 00112623 sw               x1, 12(x2)           x1:00001800  x2:100017f8  PA:10001804
20822706ns          346256 1c00a0b2 002047b7 lui              x15, 0x204000       x15=00204000
20822726ns          346257 1c00a0b6 00070737 lui              x14, 0x70000        x14=00070000
20822746ns          346258 1c00a0ba 00e7a423 sw               x14, 8(x15)         x14:00070000 x15:00204000  PA:00204008
20822766ns          346259 1c00a0bc 00f00713 addi             x14, x0, 15         x14=0000000f
20823183ns          346280 1c00a0be 20078793 addi             x15, x15, 512       x15=00204200 x15:00204000
20823223ns          346282 1c00a0c2 00e7a023 sw               x14, 0(x15)         x14:0000000f x15:00204200  PA:00204200
20823243ns          346283 1c00a0c6 00e7a623 sw               x14, 12(x15)        x14:0000000f x15:00204200  PA:0020420c
20823263ns          346284 1c00a0ca 1c0037b7 lui              x15, 0x1c003000     x15=1c003000
20823700ns          346306 1c00a0ce eac7a783 lw               x15, -340(x15)      x15=1c0092a0 x15:1c003000  PA:1c002eac
20824039ns          346323 1c00a0d2 000780e7 jalr             x1, x15, 0           x1=1c00a0d4 x15:1c0092a0
20824735ns          346358 1c0092a0 f14027f3 csrrs            x15, x0, 0xf14      x15=00000002
20824775ns          346360 1c0092a4 ca579733 p.extractu       x14, x15, 5, 5      x14=00000000 x15:00000002
20824794ns          346361 1c0092a8 00070463 beq              x14, x0, 8          x14:00000000
20825292ns          346386 1c0092b0 f457b7b3 p.bclr           x15, x15, 26, 5     x15=00000002 x15:00000002
20825312ns          346387 1c0092b4 00000513 addi             x10, x0, 0          x10=00000000
20825332ns          346388 1c0092b6 02079863 bne              x15, x0, 48         x15:00000002
20826286ns          346436 1c0092e6 00008067 jalr             x0, x1, 0            x1:1c00a0d4
20826326ns          346438 1c00a0d4 f14027f3 csrrs            x15, x0, 0xf14      x15=00000002
20826346ns          346439 1c00a0d8 f457b7b3 p.bclr           x15, x15, 26, 5     x15=00000002 x15:00000002
20826366ns          346440 1c00a0dc 00079963 bne              x15, x0, 18         x15:00000002
20826863ns          346465 1c00a0ee 002047b7 lui              x15, 0x204000       x15=00204000
20826883ns          346466 1c00a0f2 fff00713 addi             x14, x0, -1         x14=ffffffff
20826903ns          346467 1c00a0f4 00e7a223 sw               x14, 4(x15)         x14:ffffffff x15:00204000  PA:00204004
