                Time          Cycles PC       Instr    Mnemonic
20819245ns          346082 1c008080 0640006f jal              x0, 100            
20819702ns          346105 1c0080e4 f1402573 csrrs            x10, x0, 0xf14      x10=00000003
20819742ns          346107 1c0080e8 01f57593 andi             x11, x10, 31        x11=00000003 x10:00000003
20819762ns          346108 1c0080ec 00555513 srli             x10, x10, 0x5       x10=00000000 x10:00000003
20819782ns          346109 1c0080ee 01f00613 addi             x12, x0, 31         x12=0000001f
20820200ns          346130 1c0080f0 00c50463 beq              x10, x12, 8         x10:00000000 x12:0000001f
20820239ns          346132 1c0080f4 fa1ff06f jal              x0, -96            
20820697ns          346155 1c008094 f3ff8117 auipc            x2, 0xf3ff8000       x2=10000094
20820737ns          346157 1c008098 f7010113 addi             x2, x2, -144         x2=10000004  x2:10000094
20820757ns          346158 1c00809c 00012103 lw               x2, 0(x2)            x2=10000008  x2:10000004  PA:10000004
20821194ns          346180 1c0080a0 000011b7 lui              x3, 0x1000           x3=00001000
20821234ns          346182 1c0080a4 80018193 addi             x3, x3, -2048        x3=00000800  x3:00001000
20821254ns          346183 1c0080a8 00158593 addi             x11, x11, 1         x11=00000004 x11:00000003
20821274ns          346184 1c0080ac 02b180b3 mul              x1, x3, x11          x1=00002000  x3:00000800 x11:00000004
20821711ns          346206 1c0080b0 00110133 add              x2, x2, x1           x2=10002008  x2:10000008  x1:00002000
20821751ns          346208 1c0080b4 7fb0106f jal              x0, 8186           
20822229ns          346232 1c00a0ae ff010113 addi             x2, x2, -16          x2=10001ff8  x2:10002008
20822686ns          346255 1c00a0b0 00112623 sw               x1, 12(x2)           x1:00002000  x2:10001ff8  PA:10002004
20822726ns          346257 1c00a0b2 002047b7 lui              x15, 0x204000       x15=00204000
20822746ns          346258 1c00a0b6 00070737 lui              x14, 0x70000        x14=00070000
20822766ns          346259 1c00a0ba 00e7a423 sw               x14, 8(x15)         x14:00070000 x15:00204000  PA:00204008
20822786ns          346260 1c00a0bc 00f00713 addi             x14, x0, 15         x14=0000000f
20823203ns          346281 1c00a0be 20078793 addi             x15, x15, 512       x15=00204200 x15:00204000
20823243ns          346283 1c00a0c2 00e7a023 sw               x14, 0(x15)         x14:0000000f x15:00204200  PA:00204200
20823283ns          346285 1c00a0c6 00e7a623 sw               x14, 12(x15)        x14:0000000f x15:00204200  PA:0020420c
20823303ns          346286 1c00a0ca 1c0037b7 lui              x15, 0x1c003000     x15=1c003000
20823720ns          346307 1c00a0ce eac7a783 lw               x15, -340(x15)      x15=1c0092a0 x15:1c003000  PA:1c002eac
20824178ns          346330 1c00a0d2 000780e7 jalr             x1, x15, 0           x1=1c00a0d4 x15:1c0092a0
20824755ns          346359 1c0092a0 f14027f3 csrrs            x15, x0, 0xf14      x15=00000003
20824794ns          346361 1c0092a4 ca579733 p.extractu       x14, x15, 5, 5      x14=00000000 x15:00000003
20824814ns          346362 1c0092a8 00070463 beq              x14, x0, 8          x14:00000000
20825312ns          346387 1c0092b0 f457b7b3 p.bclr           x15, x15, 26, 5     x15=00000003 x15:00000003
20825332ns          346388 1c0092b4 00000513 addi             x10, x0, 0          x10=00000000
20825351ns          346389 1c0092b6 02079863 bne              x15, x0, 48         x15:00000003
20826246ns          346434 1c0092e6 00008067 jalr             x0, x1, 0            x1:1c00a0d4
20826286ns          346436 1c00a0d4 f14027f3 csrrs            x15, x0, 0xf14      x15=00000003
20826306ns          346437 1c00a0d8 f457b7b3 p.bclr           x15, x15, 26, 5     x15=00000003 x15:00000003
20826326ns          346438 1c00a0dc 00079963 bne              x15, x0, 18         x15:00000003
20826823ns          346463 1c00a0ee 002047b7 lui              x15, 0x204000       x15=00204000
20826843ns          346464 1c00a0f2 fff00713 addi             x14, x0, -1         x14=ffffffff
20826863ns          346465 1c00a0f4 00e7a223 sw               x14, 4(x15)         x14:ffffffff x15:00204000  PA:00204004
