                Time          Cycles PC       Instr    Mnemonic
20819185ns          346079 1c008080 0640006f jal              x0, 100            
20819643ns          346102 1c0080e4 f1402573 csrrs            x10, x0, 0xf14      x10=00000001
20819683ns          346104 1c0080e8 01f57593 andi             x11, x10, 31        x11=00000001 x10:00000001
20819702ns          346105 1c0080ec 00555513 srli             x10, x10, 0x5       x10=00000000 x10:00000001
20819722ns          346106 1c0080ee 01f00613 addi             x12, x0, 31         x12=0000001f
20820140ns          346127 1c0080f0 00c50463 beq              x10, x12, 8         x10:00000000 x12:0000001f
20820180ns          346129 1c0080f4 fa1ff06f jal              x0, -96            
20820637ns          346152 1c008094 f3ff8117 auipc            x2, 0xf3ff8000       x2=10000094
20820677ns          346154 1c008098 f7010113 addi             x2, x2, -144         x2=10000004  x2:10000094
20820697ns          346155 1c00809c 00012103 lw               x2, 0(x2)            x2=10000008  x2:10000004  PA:10000004
20821135ns          346177 1c0080a0 000011b7 lui              x3, 0x1000           x3=00001000
20821174ns          346179 1c0080a4 80018193 addi             x3, x3, -2048        x3=00000800  x3:00001000
20821194ns          346180 1c0080a8 00158593 addi             x11, x11, 1         x11=00000002 x11:00000001
20821214ns          346181 1c0080ac 02b180b3 mul              x1, x3, x11          x1=00001000  x3:00000800 x11:00000002
20821652ns          346203 1c0080b0 00110133 add              x2, x2, x1           x2=10001008  x2:10000008  x1:00001000
20821692ns          346205 1c0080b4 7fb0106f jal              x0, 8186           
20822169ns          346229 1c00a0ae ff010113 addi             x2, x2, -16          x2=10000ff8  x2:10001008
20822626ns          346252 1c00a0b0 00112623 sw               x1, 12(x2)           x1:00001000  x2:10000ff8  PA:10001004
20822666ns          346254 1c00a0b2 002047b7 lui              x15, 0x204000       x15=00204000
20822686ns          346255 1c00a0b6 00070737 lui              x14, 0x70000        x14=00070000
20822706ns          346256 1c00a0ba 00e7a423 sw               x14, 8(x15)         x14:00070000 x15:00204000  PA:00204008
20822726ns          346257 1c00a0bc 00f00713 addi             x14, x0, 15         x14=0000000f
20823144ns          346278 1c00a0be 20078793 addi             x15, x15, 512       x15=00204200 x15:00204000
20823183ns          346280 1c00a0c2 00e7a023 sw               x14, 0(x15)         x14:0000000f x15:00204200  PA:00204200
20823203ns          346281 1c00a0c6 00e7a623 sw               x14, 12(x15)        x14:0000000f x15:00204200  PA:0020420c
20823223ns          346282 1c00a0ca 1c0037b7 lui              x15, 0x1c003000     x15=1c003000
20823661ns          346304 1c00a0ce eac7a783 lw               x15, -340(x15)      x15=1c0092a0 x15:1c003000  PA:1c002eac
20823999ns          346321 1c00a0d2 000780e7 jalr             x1, x15, 0           x1=1c00a0d4 x15:1c0092a0
20824695ns          346356 1c0092a0 f14027f3 csrrs            x15, x0, 0xf14      x15=00000001
20824735ns          346358 1c0092a4 ca579733 p.extractu       x14, x15, 5, 5      x14=00000000 x15:00000001
20824755ns          346359 1c0092a8 00070463 beq              x14, x0, 8          x14:00000000
20825252ns          346384 1c0092b0 f457b7b3 p.bclr           x15, x15, 26, 5     x15=00000001 x15:00000001
20825272ns          346385 1c0092b4 00000513 addi             x10, x0, 0          x10=00000000
20825292ns          346386 1c0092b6 02079863 bne              x15, x0, 48         x15:00000001
20826207ns          346432 1c0092e6 00008067 jalr             x0, x1, 0            x1:1c00a0d4
20826246ns          346434 1c00a0d4 f14027f3 csrrs            x15, x0, 0xf14      x15=00000001
20826266ns          346435 1c00a0d8 f457b7b3 p.bclr           x15, x15, 26, 5     x15=00000001 x15:00000001
20826286ns          346436 1c00a0dc 00079963 bne              x15, x0, 18         x15:00000001
20826784ns          346461 1c00a0ee 002047b7 lui              x15, 0x204000       x15=00204000
20826803ns          346462 1c00a0f2 fff00713 addi             x14, x0, -1         x14=ffffffff
20826823ns          346463 1c00a0f4 00e7a223 sw               x14, 4(x15)         x14:ffffffff x15:00204000  PA:00204004
