                Time          Cycles PC       Instr    Mnemonic
15753343ns          256943 1c008080 0640006f jal              x0, 100            
15753821ns          256967 1c0080e4 f1402573 csrrs            x10, x0, 0xf14      x10=00000000
15753861ns          256969 1c0080e8 01f57593 andi             x11, x10, 31        x11=00000000 x10:00000000
15753880ns          256970 1c0080ec 00555513 srli             x10, x10, 0x5       x10=00000000 x10:00000000
15753900ns          256971 1c0080ee 01f00613 addi             x12, x0, 31         x12=0000001f
15754318ns          256992 1c0080f0 00c50463 beq              x10, x12, 8         x10:00000000 x12:0000001f
15754358ns          256994 1c0080f4 fa1ff06f jal              x0, -96            
15754815ns          257017 1c008094 f3ff8117 auipc            x2, 0xf3ff8000       x2=10000094
15754855ns          257019 1c008098 f7010113 addi             x2, x2, -144         x2=10000004  x2:10000094
15754875ns          257020 1c00809c 00012103 lw               x2, 0(x2)            x2=10000008  x2:10000004  PA:10000004
15755332ns          257043 1c0080a0 000011b7 lui              x3, 0x1000           x3=00001000
15755372ns          257045 1c0080a4 80018193 addi             x3, x3, -2048        x3=00000800  x3:00001000
15755392ns          257046 1c0080a8 00158593 addi             x11, x11, 1         x11=00000001 x11:00000000
15755412ns          257047 1c0080ac 02b180b3 mul              x1, x3, x11          x1=00000800  x3:00000800 x11:00000001
15755850ns          257069 1c0080b0 00110133 add              x2, x2, x1           x2=10000808  x2:10000008  x1:00000800
15755889ns          257071 1c0080b4 1830106f jal              x0, 6530           
15756347ns          257094 1c009a36 ff010113 addi             x2, x2, -16          x2=100007f8  x2:10000808
15756387ns          257096 1c009a38 00112623 sw               x1, 12(x2)           x1:00000800  x2:100007f8  PA:10000804
15756407ns          257097 1c009a3a 002047b7 lui              x15, 0x204000       x15=00204000
15756844ns          257119 1c009a3e 00070737 lui              x14, 0x70000        x14=00070000
15756864ns          257120 1c009a42 00e7a423 sw               x14, 8(x15)         x14:00070000 x15:00204000  PA:00204008
15756884ns          257121 1c009a44 00f00713 addi             x14, x0, 15         x14=0000000f
15756904ns          257122 1c009a46 20078793 addi             x15, x15, 512       x15=00204200 x15:00204000
15756924ns          257123 1c009a4a 00e7a023 sw               x14, 0(x15)         x14:0000000f x15:00204200  PA:00204200
15757361ns          257145 1c009a4e 00e7a623 sw               x14, 12(x15)        x14:0000000f x15:00204200  PA:0020420c
15757401ns          257147 1c009a52 1c0027b7 lui              x15, 0x1c002000     x15=1c002000
15757421ns          257148 1c009a56 cac7a783 lw               x15, -852(x15)      x15=1c008c0e x15:1c002000  PA:1c001cac
15757799ns          257167 1c009a5a 000780e7 jalr             x1, x15, 0           x1=1c009a5c x15:1c008c0e
15758833ns          257219 1c008c0e f14027f3 csrrs            x15, x0, 0xf14      x15=00000000
15758873ns          257221 1c008c12 ca579733 p.extractu       x14, x15, 5, 5      x14=00000000 x15:00000000
15758893ns          257222 1c008c16 00070463 beq              x14, x0, 8          x14:00000000
15759390ns          257247 1c008c1e ff010113 addi             x2, x2, -16          x2=100007e8  x2:100007f8
15759410ns          257248 1c008c20 00812423 sw               x8, 8(x2)            x8:xxxxxxxx  x2:100007e8  PA:100007f0
15759430ns          257249 1c008c22 00112623 sw               x1, 12(x2)           x1:1c009a5c  x2:100007e8  PA:100007f4
15759450ns          257250 1c008c24 f457b7b3 p.bclr           x15, x15, 26, 5     x15=00000000 x15:00000000
15759470ns          257251 1c008c28 00000413 addi             x8, x0, 0            x8=00000000
15759490ns          257252 1c008c2a 02079d63 bne              x15, x0, 58         x15:00000000
15759510ns          257253 1c008c2c 1c000537 lui              x10, 0x1c000000     x10=1c000000
15759907ns          257273 1c008c30 20450513 addi             x10, x10, 516       x10=1c000204 x10:1c000000
15759947ns          257275 1c008c34 d0aff0ef jal              x1, -2806            x1=1c008c38
15760862ns          257321 1c00813e 1c0027b7 lui              x15, 0x1c002000     x15=1c002000
15760882ns          257322 1c008142 00a005b3 add              x11, x0, x10        x11=1c000204 x10:1c000204
15760902ns          257323 1c008144 1c000537 lui              x10, 0x1c000000     x10=1c000000
15760922ns          257324 1c008148 c607aa23 sw               x0, -908(x15)       x15:1c002000  PA:1c001c74
15761260ns          257341 1c00814c 24850513 addi             x10, x10, 584       x10=1c000248 x10:1c000000
15761379ns          257347 1c008150 1c0027b7 lui              x15, 0x1c002000     x15=1c002000
15761419ns          257349 1c008154 c607a823 sw               x0, -912(x15)       x15:1c002000  PA:1c001c70
15761757ns          257366 1c008158 5950006f jal              x0, 3476           
15761916ns          257374 1c008eec fc010113 addi             x2, x2, -64          x2=100007a8  x2:100007e8
15761936ns          257375 1c008eee 02c12423 sw               x12, 40(x2)         x12:0000001f  x2:100007a8  PA:100007d0
15762374ns          257397 1c008ef0 00a00633 add              x12, x0, x10        x12=1c000248 x10:1c000248
15762414ns          257399 1c008ef2 1c009537 lui              x10, 0x1c009000     x10=1c009000
15762433ns          257400 1c008ef6 02b12223 sw               x11, 36(x2)         x11:1c000204  x2:100007a8  PA:100007cc
15762453ns          257401 1c008ef8 02d12623 sw               x13, 44(x2)         x13:xxxxxxxx  x2:100007a8  PA:100007d4
15762473ns          257402 1c008efa 00200593 addi             x11, x0, 2          x11=00000002
15762493ns          257403 1c008efc 02410693 addi             x13, x2, 36         x13=100007cc  x2:100007a8
15762891ns          257423 1c008efe ebe50513 addi             x10, x10, -322      x10=1c008ebe x10:1c009000
15762911ns          257424 1c008f02 00112e23 sw               x1, 28(x2)           x1:1c008c38  x2:100007a8  PA:100007c4
15762931ns          257425 1c008f04 02e12823 sw               x14, 48(x2)         x14:00000000  x2:100007a8  PA:100007d8
15762951ns          257426 1c008f06 02f12a23 sw               x15, 52(x2)         x15:1c002000  x2:100007a8  PA:100007dc
15762971ns          257427 1c008f08 03012c23 sw               x16, 56(x2)         x16:xxxxxxxx  x2:100007a8  PA:100007e0
15762990ns          257428 1c008f0a 03112e23 sw               x17, 60(x2)         x17:xxxxxxxx  x2:100007a8  PA:100007e4
15763010ns          257429 1c008f0c 00d12623 sw               x13, 12(x2)         x13:100007cc  x2:100007a8  PA:100007b4
15763030ns          257430 1c008f0e fc3ff0ef jal              x1, -62              x1=1c008f10
15763866ns          257472 1c008ed0 1360006f jal              x0, 310            
15764323ns          257495 1c009006 eb010113 addi             x2, x2, -336         x2=10000658  x2:100007a8
15764363ns          257497 1c009008 14912223 sw               x9, 324(x2)          x9:xxxxxxxx  x2:10000658  PA:1000079c
15764383ns          257498 1c00900c 15212023 sw               x18, 320(x2)        x18:xxxxxxxx  x2:10000658  PA:10000798
15764820ns          257520 1c009010 13812423 sw               x24, 296(x2)        x24:xxxxxxxx  x2:10000658  PA:10000780
15764860ns          257522 1c009014 14112623 sw               x1, 332(x2)          x1:1c008f10  x2:10000658  PA:100007a4
15764880ns          257523 1c009018 14812423 sw               x8, 328(x2)          x8:00000000  x2:10000658  PA:100007a0
15764900ns          257524 1c00901c 13312e23 sw               x19, 316(x2)        x19:xxxxxxxx  x2:10000658  PA:10000794
15765338ns          257546 1c009020 13412c23 sw               x20, 312(x2)        x20:xxxxxxxx  x2:10000658  PA:10000790
15765377ns          257548 1c009024 13512a23 sw               x21, 308(x2)        x21:xxxxxxxx  x2:10000658  PA:1000078c
15765397ns          257549 1c009028 13612823 sw               x22, 304(x2)        x22:xxxxxxxx  x2:10000658  PA:10000788
15765417ns          257550 1c00902c 13712623 sw               x23, 300(x2)        x23:xxxxxxxx  x2:10000658  PA:10000784
15765875ns          257573 1c009030 13912223 sw               x25, 292(x2)        x25:xxxxxxxx  x2:10000658  PA:1000077c
15765914ns          257575 1c009034 13a12023 sw               x26, 288(x2)        x26:xxxxxxxx  x2:10000658  PA:10000778
15765934ns          257576 1c009038 11b12e23 sw               x27, 284(x2)        x27:xxxxxxxx  x2:10000658  PA:10000774
15765954ns          257577 1c00903c 00a12c23 sw               x10, 24(x2)         x10:1c008ebe  x2:10000658  PA:10000670
15765974ns          257578 1c00903e 00b12e23 sw               x11, 28(x2)         x11:00000002  x2:10000658  PA:10000674
15766392ns          257599 1c009040 00c004b3 add              x9, x0, x12          x9=1c000248 x12:1c000248
15766412ns          257600 1c009042 00d00c33 add              x24, x0, x13        x24=100007cc x13:100007cc
15766432ns          257601 1c009044 00000913 addi             x18, x0, 0          x18=00000000
15766451ns          257602 1c009046 0004c503 lbu              x10, 0(x9)          x10=00000053  x9:1c000248  PA:1c000248
15766750ns          257617 1c00904a 00148b93 addi             x23, x9, 1          x23=1c000249  x9:1c000248
15766770ns          257618 1c00904e 00050b63 beq              x10, x0, 22         x10:00000053
15766909ns          257625 1c009050 02500793 addi             x15, x0, 37         x15=00000025
15766949ns          257627 1c009054 14f50563 beq              x10, x15, 330       x10:00000053 x15:00000025
15766969ns          257628 1c009058 01c12583 lw               x11, 28(x2)         x11=00000002  x2:10000658  PA:10000674
15766988ns          257629 1c00905a 01812703 lw               x14, 24(x2)         x14=1c008ebe  x2:10000658  PA:10000670
15767048ns          257632 1c00905c 000700e7 jalr             x1, x14, 0           x1=1c00905e x14:1c008ebe
15767884ns          257674 1c008ebe ff010113 addi             x2, x2, -16          x2=10000648  x2:10000658
15768341ns          257697 1c008ec0 0ff57513 andi             x10, x10, 255       x10=00000053 x10:00000053
15768381ns          257699 1c008ec4 00112623 sw               x1, 12(x2)           x1:1c00905e  x2:10000648  PA:10000654
15768401ns          257700 1c008ec6 f07ff0ef jal              x1, -250             x1=1c008ec8
15768858ns          257723 1c008dcc 000026b7 lui              x13, 0x2000         x13=00002000
15769316ns          257746 1c008dce f14027f3 csrrs            x15, x0, 0xf14      x15=00000000
15769355ns          257748 1c008dd2 f8068693 addi             x13, x13, -128      x13=00001f80 x13:00002000
15769375ns          257749 1c008dd6 00279713 slli             x14, x15, 0x2       x14=00000000 x15:00000000
15769395ns          257750 1c008dda 00379793 slli             x15, x15, 0x3       x15=00000000 x15:00000000
15769415ns          257751 1c008ddc 00d77733 and              x14, x14, x13       x14=00000000 x14:00000000 x13:00001f80
15769853ns          257773 1c008dde ee87b7b3 p.bclr           x15, x15, 23, 8     x15=00000000 x15:00000000
15769893ns          257775 1c008de2 1a10f6b7 lui              x13, 0x1a10f000     x13=1a10f000
15769912ns          257776 1c008de6 00d787b3 add              x15, x15, x13       x15=1a10f000 x15:00000000 x13:1a10f000
15769932ns          257777 1c008de8 00a767a3 p.sw             x10, x0(x14)        x10:00000053 x14:00000000  PA:1a10f000
15770251ns          257793 1c008dec 00008067 jalr             x0, x1, 0            x1:1c008ec8
15770410ns          257801 1c008ec8 00c12083 lw               x1, 12(x2)           x1=1c00905e  x2:10000648  PA:10000654
15770430ns          257802 1c008eca 00000513 addi             x10, x0, 0          x10=00000000
15770449ns          257803 1c008ecc 01010113 addi             x2, x2, 16           x2=10000658  x2:10000648
15770469ns          257804 1c008ece 00008067 jalr             x0, x1, 0            x1:1c00905e
15770529ns          257807 1c00905e 05f53063 p.bneimm         x10, 64             x10:00000000
15771006ns          257831 1c00909e 00190913 addi             x18, x18, 1         x18=00000001 x18:00000000
15771464ns          257854 1c0090a0 01800a33 add              x20, x0, x24        x20=100007cc x24:100007cc
15771484ns          257855 1c0090a2 017004b3 add              x9, x0, x23          x9=1c000249 x23:1c000249
15771504ns          257856 1c0090a4 01400c33 add              x24, x0, x20        x24=100007cc x20:100007cc
15771524ns          257857 1c0090a6 fa1ff06f jal              x0, -96            
15771583ns          257860 1c009046 0004c503 lbu              x10, 0(x9)          x10=00000074  x9:1c000249  PA:1c000249
15771882ns          257875 1c00904a 00148b93 addi             x23, x9, 1          x23=1c00024a  x9:1c000249
15771901ns          257876 1c00904e 00050b63 beq              x10, x0, 22         x10:00000074
15771921ns          257877 1c009050 02500793 addi             x15, x0, 37         x15=00000025
15771941ns          257878 1c009054 14f50563 beq              x10, x15, 330       x10:00000074 x15:00000025
15771961ns          257879 1c009058 01c12583 lw               x11, 28(x2)         x11=00000002  x2:10000658  PA:10000674
15771981ns          257880 1c00905a 01812703 lw               x14, 24(x2)         x14=1c008ebe  x2:10000658  PA:10000670
15772041ns          257883 1c00905c 000700e7 jalr             x1, x14, 0           x1=1c00905e x14:1c008ebe
15772081ns          257885 1c008ebe ff010113 addi             x2, x2, -16          x2=10000648  x2:10000658
15772100ns          257886 1c008ec0 0ff57513 andi             x10, x10, 255       x10=00000074 x10:00000074
15772120ns          257887 1c008ec4 00112623 sw               x1, 12(x2)           x1:1c00905e  x2:10000648  PA:10000654
15772140ns          257888 1c008ec6 f07ff0ef jal              x1, -250             x1=1c008ec8
15772180ns          257890 1c008dcc 000026b7 lui              x13, 0x2000         x13=00002000
15772200ns          257891 1c008dce f14027f3 csrrs            x15, x0, 0xf14      x15=00000000
15772220ns          257892 1c008dd2 f8068693 addi             x13, x13, -128      x13=00001f80 x13:00002000
15772240ns          257893 1c008dd6 00279713 slli             x14, x15, 0x2       x14=00000000 x15:00000000
15772260ns          257894 1c008dda 00379793 slli             x15, x15, 0x3       x15=00000000 x15:00000000
15772279ns          257895 1c008ddc 00d77733 and              x14, x14, x13       x14=00000000 x14:00000000 x13:00001f80
15772299ns          257896 1c008dde ee87b7b3 p.bclr           x15, x15, 23, 8     x15=00000000 x15:00000000
15772319ns          257897 1c008de2 1a10f6b7 lui              x13, 0x1a10f000     x13=1a10f000
15772339ns          257898 1c008de6 00d787b3 add              x15, x15, x13       x15=1a10f000 x15:00000000 x13:1a10f000
15772359ns          257899 1c008de8 00a767a3 p.sw             x10, x0(x14)        x10:00000074 x14:00000000  PA:1a10f000
15772677ns          257915 1c008dec 00008067 jalr             x0, x1, 0            x1:1c008ec8
15772697ns          257916 1c008ec8 00c12083 lw               x1, 12(x2)           x1=1c00905e  x2:10000648  PA:10000654
15772717ns          257917 1c008eca 00000513 addi             x10, x0, 0          x10=00000000
15772737ns          257918 1c008ecc 01010113 addi             x2, x2, 16           x2=10000658  x2:10000648
15772757ns          257919 1c008ece 00008067 jalr             x0, x1, 0            x1:1c00905e
15772816ns          257922 1c00905e 05f53063 p.bneimm         x10, 64             x10:00000000
15772876ns          257925 1c00909e 00190913 addi             x18, x18, 1         x18=00000002 x18:00000001
15772896ns          257926 1c0090a0 01800a33 add              x20, x0, x24        x20=100007cc x24:100007cc
15772916ns          257927 1c0090a2 017004b3 add              x9, x0, x23          x9=1c00024a x23:1c00024a
15772936ns          257928 1c0090a4 01400c33 add              x24, x0, x20        x24=100007cc x20:100007cc
15772956ns          257929 1c0090a6 fa1ff06f jal              x0, -96            
15773453ns          257954 1c009046 0004c503 lbu              x10, 0(x9)          x10=00000061  x9:1c00024a  PA:1c00024a
15773771ns          257970 1c00904a 00148b93 addi             x23, x9, 1          x23=1c00024b  x9:1c00024a
15773791ns          257971 1c00904e 00050b63 beq              x10, x0, 22         x10:00000061
15773811ns          257972 1c009050 02500793 addi             x15, x0, 37         x15=00000025
15773831ns          257973 1c009054 14f50563 beq              x10, x15, 330       x10:00000061 x15:00000025
15773851ns          257974 1c009058 01c12583 lw               x11, 28(x2)         x11=00000002  x2:10000658  PA:10000674
15773871ns          257975 1c00905a 01812703 lw               x14, 24(x2)         x14=1c008ebe  x2:10000658  PA:10000670
15773930ns          257978 1c00905c 000700e7 jalr             x1, x14, 0           x1=1c00905e x14:1c008ebe
15773970ns          257980 1c008ebe ff010113 addi             x2, x2, -16          x2=10000648  x2:10000658
15773990ns          257981 1c008ec0 0ff57513 andi             x10, x10, 255       x10=00000061 x10:00000061
15774010ns          257982 1c008ec4 00112623 sw               x1, 12(x2)           x1:1c00905e  x2:10000648  PA:10000654
15774030ns          257983 1c008ec6 f07ff0ef jal              x1, -250             x1=1c008ec8
15774070ns          257985 1c008dcc 000026b7 lui              x13, 0x2000         x13=00002000
15774089ns          257986 1c008dce f14027f3 csrrs            x15, x0, 0xf14      x15=00000000
15774109ns          257987 1c008dd2 f8068693 addi             x13, x13, -128      x13=00001f80 x13:00002000
15774129ns          257988 1c008dd6 00279713 slli             x14, x15, 0x2       x14=00000000 x15:00000000
15774149ns          257989 1c008dda 00379793 slli             x15, x15, 0x3       x15=00000000 x15:00000000
15774169ns          257990 1c008ddc 00d77733 and              x14, x14, x13       x14=00000000 x14:00000000 x13:00001f80
15774189ns          257991 1c008dde ee87b7b3 p.bclr           x15, x15, 23, 8     x15=00000000 x15:00000000
15774209ns          257992 1c008de2 1a10f6b7 lui              x13, 0x1a10f000     x13=1a10f000
15774229ns          257993 1c008de6 00d787b3 add              x15, x15, x13       x15=1a10f000 x15:00000000 x13:1a10f000
15774249ns          257994 1c008de8 00a767a3 p.sw             x10, x0(x14)        x10:00000061 x14:00000000  PA:1a10f000
15774567ns          258010 1c008dec 00008067 jalr             x0, x1, 0            x1:1c008ec8
15774587ns          258011 1c008ec8 00c12083 lw               x1, 12(x2)           x1=1c00905e  x2:10000648  PA:10000654
15774607ns          258012 1c008eca 00000513 addi             x10, x0, 0          x10=00000000
15774627ns          258013 1c008ecc 01010113 addi             x2, x2, 16           x2=10000658  x2:10000648
15774646ns          258014 1c008ece 00008067 jalr             x0, x1, 0            x1:1c00905e
15774706ns          258017 1c00905e 05f53063 p.bneimm         x10, 64             x10:00000000
15774766ns          258020 1c00909e 00190913 addi             x18, x18, 1         x18=00000003 x18:00000002
15774786ns          258021 1c0090a0 01800a33 add              x20, x0, x24        x20=100007cc x24:100007cc
15774806ns          258022 1c0090a2 017004b3 add              x9, x0, x23          x9=1c00024b x23:1c00024b
15774825ns          258023 1c0090a4 01400c33 add              x24, x0, x20        x24=100007cc x20:100007cc
15774845ns          258024 1c0090a6 fa1ff06f jal              x0, -96            
15774905ns          258027 1c009046 0004c503 lbu              x10, 0(x9)          x10=00000072  x9:1c00024b  PA:1c00024b
15775203ns          258042 1c00904a 00148b93 addi             x23, x9, 1          x23=1c00024c  x9:1c00024b
15775223ns          258043 1c00904e 00050b63 beq              x10, x0, 22         x10:00000072
15775243ns          258044 1c009050 02500793 addi             x15, x0, 37         x15=00000025
15775263ns          258045 1c009054 14f50563 beq              x10, x15, 330       x10:00000072 x15:00000025
15775283ns          258046 1c009058 01c12583 lw               x11, 28(x2)         x11=00000002  x2:10000658  PA:10000674
15775303ns          258047 1c00905a 01812703 lw               x14, 24(x2)         x14=1c008ebe  x2:10000658  PA:10000670
15775362ns          258050 1c00905c 000700e7 jalr             x1, x14, 0           x1=1c00905e x14:1c008ebe
15775402ns          258052 1c008ebe ff010113 addi             x2, x2, -16          x2=10000648  x2:10000658
15775422ns          258053 1c008ec0 0ff57513 andi             x10, x10, 255       x10=00000072 x10:00000072
15775442ns          258054 1c008ec4 00112623 sw               x1, 12(x2)           x1:1c00905e  x2:10000648  PA:10000654
15775462ns          258055 1c008ec6 f07ff0ef jal              x1, -250             x1=1c008ec8
15775502ns          258057 1c008dcc 000026b7 lui              x13, 0x2000         x13=00002000
15775522ns          258058 1c008dce f14027f3 csrrs            x15, x0, 0xf14      x15=00000000
15775541ns          258059 1c008dd2 f8068693 addi             x13, x13, -128      x13=00001f80 x13:00002000
15775561ns          258060 1c008dd6 00279713 slli             x14, x15, 0x2       x14=00000000 x15:00000000
15775581ns          258061 1c008dda 00379793 slli             x15, x15, 0x3       x15=00000000 x15:00000000
15775601ns          258062 1c008ddc 00d77733 and              x14, x14, x13       x14=00000000 x14:00000000 x13:00001f80
15775621ns          258063 1c008dde ee87b7b3 p.bclr           x15, x15, 23, 8     x15=00000000 x15:00000000
15775641ns          258064 1c008de2 1a10f6b7 lui              x13, 0x1a10f000     x13=1a10f000
15775661ns          258065 1c008de6 00d787b3 add              x15, x15, x13       x15=1a10f000 x15:00000000 x13:1a10f000
15775681ns          258066 1c008de8 00a767a3 p.sw             x10, x0(x14)        x10:00000072 x14:00000000  PA:1a10f000
15775999ns          258082 1c008dec 00008067 jalr             x0, x1, 0            x1:1c008ec8
15776019ns          258083 1c008ec8 00c12083 lw               x1, 12(x2)           x1=1c00905e  x2:10000648  PA:10000654
15776039ns          258084 1c008eca 00000513 addi             x10, x0, 0          x10=00000000
15776059ns          258085 1c008ecc 01010113 addi             x2, x2, 16           x2=10000658  x2:10000648
15776079ns          258086 1c008ece 00008067 jalr             x0, x1, 0            x1:1c00905e
15776138ns          258089 1c00905e 05f53063 p.bneimm         x10, 64             x10:00000000
15776198ns          258092 1c00909e 00190913 addi             x18, x18, 1         x18=00000004 x18:00000003
15776218ns          258093 1c0090a0 01800a33 add              x20, x0, x24        x20=100007cc x24:100007cc
15776238ns          258094 1c0090a2 017004b3 add              x9, x0, x23          x9=1c00024c x23:1c00024c
15776258ns          258095 1c0090a4 01400c33 add              x24, x0, x20        x24=100007cc x20:100007cc
15776277ns          258096 1c0090a6 fa1ff06f jal              x0, -96            
15776337ns          258099 1c009046 0004c503 lbu              x10, 0(x9)          x10=00000074  x9:1c00024c  PA:1c00024c
15776635ns          258114 1c00904a 00148b93 addi             x23, x9, 1          x23=1c00024d  x9:1c00024c
15776655ns          258115 1c00904e 00050b63 beq              x10, x0, 22         x10:00000074
15776675ns          258116 1c009050 02500793 addi             x15, x0, 37         x15=00000025
15776695ns          258117 1c009054 14f50563 beq              x10, x15, 330       x10:00000074 x15:00000025
15776715ns          258118 1c009058 01c12583 lw               x11, 28(x2)         x11=00000002  x2:10000658  PA:10000674
15776735ns          258119 1c00905a 01812703 lw               x14, 24(x2)         x14=1c008ebe  x2:10000658  PA:10000670
15776795ns          258122 1c00905c 000700e7 jalr             x1, x14, 0           x1=1c00905e x14:1c008ebe
15776834ns          258124 1c008ebe ff010113 addi             x2, x2, -16          x2=10000648  x2:10000658
15776854ns          258125 1c008ec0 0ff57513 andi             x10, x10, 255       x10=00000074 x10:00000074
15776874ns          258126 1c008ec4 00112623 sw               x1, 12(x2)           x1:1c00905e  x2:10000648  PA:10000654
15776894ns          258127 1c008ec6 f07ff0ef jal              x1, -250             x1=1c008ec8
15776934ns          258129 1c008dcc 000026b7 lui              x13, 0x2000         x13=00002000
15776954ns          258130 1c008dce f14027f3 csrrs            x15, x0, 0xf14      x15=00000000
15776974ns          258131 1c008dd2 f8068693 addi             x13, x13, -128      x13=00001f80 x13:00002000
15776994ns          258132 1c008dd6 00279713 slli             x14, x15, 0x2       x14=00000000 x15:00000000
15777013ns          258133 1c008dda 00379793 slli             x15, x15, 0x3       x15=00000000 x15:00000000
15777033ns          258134 1c008ddc 00d77733 and              x14, x14, x13       x14=00000000 x14:00000000 x13:00001f80
15777053ns          258135 1c008dde ee87b7b3 p.bclr           x15, x15, 23, 8     x15=00000000 x15:00000000
15777073ns          258136 1c008de2 1a10f6b7 lui              x13, 0x1a10f000     x13=1a10f000
15777093ns          258137 1c008de6 00d787b3 add              x15, x15, x13       x15=1a10f000 x15:00000000 x13:1a10f000
15777113ns          258138 1c008de8 00a767a3 p.sw             x10, x0(x14)        x10:00000074 x14:00000000  PA:1a10f000
15777431ns          258154 1c008dec 00008067 jalr             x0, x1, 0            x1:1c008ec8
15777451ns          258155 1c008ec8 00c12083 lw               x1, 12(x2)           x1=1c00905e  x2:10000648  PA:10000654
15777471ns          258156 1c008eca 00000513 addi             x10, x0, 0          x10=00000000
15777491ns          258157 1c008ecc 01010113 addi             x2, x2, 16           x2=10000658  x2:10000648
15777511ns          258158 1c008ece 00008067 jalr             x0, x1, 0            x1:1c00905e
15777570ns          258161 1c00905e 05f53063 p.bneimm         x10, 64             x10:00000000
15777630ns          258164 1c00909e 00190913 addi             x18, x18, 1         x18=00000005 x18:00000004
15777650ns          258165 1c0090a0 01800a33 add              x20, x0, x24        x20=100007cc x24:100007cc
15777670ns          258166 1c0090a2 017004b3 add              x9, x0, x23          x9=1c00024d x23:1c00024d
15777690ns          258167 1c0090a4 01400c33 add              x24, x0, x20        x24=100007cc x20:100007cc
15777710ns          258168 1c0090a6 fa1ff06f jal              x0, -96            
15777769ns          258171 1c009046 0004c503 lbu              x10, 0(x9)          x10=00000069  x9:1c00024d  PA:1c00024d
15778068ns          258186 1c00904a 00148b93 addi             x23, x9, 1          x23=1c00024e  x9:1c00024d
15778088ns          258187 1c00904e 00050b63 beq              x10, x0, 22         x10:00000069
15778107ns          258188 1c009050 02500793 addi             x15, x0, 37         x15=00000025
15778127ns          258189 1c009054 14f50563 beq              x10, x15, 330       x10:00000069 x15:00000025
15778147ns          258190 1c009058 01c12583 lw               x11, 28(x2)         x11=00000002  x2:10000658  PA:10000674
15778167ns          258191 1c00905a 01812703 lw               x14, 24(x2)         x14=1c008ebe  x2:10000658  PA:10000670
15778227ns          258194 1c00905c 000700e7 jalr             x1, x14, 0           x1=1c00905e x14:1c008ebe
15778267ns          258196 1c008ebe ff010113 addi             x2, x2, -16          x2=10000648  x2:10000658
15778286ns          258197 1c008ec0 0ff57513 andi             x10, x10, 255       x10=00000069 x10:00000069
15778306ns          258198 1c008ec4 00112623 sw               x1, 12(x2)           x1:1c00905e  x2:10000648  PA:10000654
15778326ns          258199 1c008ec6 f07ff0ef jal              x1, -250             x1=1c008ec8
15778366ns          258201 1c008dcc 000026b7 lui              x13, 0x2000         x13=00002000
15778386ns          258202 1c008dce f14027f3 csrrs            x15, x0, 0xf14      x15=00000000
15778406ns          258203 1c008dd2 f8068693 addi             x13, x13, -128      x13=00001f80 x13:00002000
15778426ns          258204 1c008dd6 00279713 slli             x14, x15, 0x2       x14=00000000 x15:00000000
15778446ns          258205 1c008dda 00379793 slli             x15, x15, 0x3       x15=00000000 x15:00000000
15778465ns          258206 1c008ddc 00d77733 and              x14, x14, x13       x14=00000000 x14:00000000 x13:00001f80
15778485ns          258207 1c008dde ee87b7b3 p.bclr           x15, x15, 23, 8     x15=00000000 x15:00000000
15778505ns          258208 1c008de2 1a10f6b7 lui              x13, 0x1a10f000     x13=1a10f000
15778525ns          258209 1c008de6 00d787b3 add              x15, x15, x13       x15=1a10f000 x15:00000000 x13:1a10f000
15778545ns          258210 1c008de8 00a767a3 p.sw             x10, x0(x14)        x10:00000069 x14:00000000  PA:1a10f000
15778863ns          258226 1c008dec 00008067 jalr             x0, x1, 0            x1:1c008ec8
15778883ns          258227 1c008ec8 00c12083 lw               x1, 12(x2)           x1=1c00905e  x2:10000648  PA:10000654
15778903ns          258228 1c008eca 00000513 addi             x10, x0, 0          x10=00000000
15778923ns          258229 1c008ecc 01010113 addi             x2, x2, 16           x2=10000658  x2:10000648
15778943ns          258230 1c008ece 00008067 jalr             x0, x1, 0            x1:1c00905e
15779002ns          258233 1c00905e 05f53063 p.bneimm         x10, 64             x10:00000000
15779062ns          258236 1c00909e 00190913 addi             x18, x18, 1         x18=00000006 x18:00000005
15779082ns          258237 1c0090a0 01800a33 add              x20, x0, x24        x20=100007cc x24:100007cc
15779102ns          258238 1c0090a2 017004b3 add              x9, x0, x23          x9=1c00024e x23:1c00024e
15779122ns          258239 1c0090a4 01400c33 add              x24, x0, x20        x24=100007cc x20:100007cc
15779142ns          258240 1c0090a6 fa1ff06f jal              x0, -96            
15779201ns          258243 1c009046 0004c503 lbu              x10, 0(x9)          x10=0000006e  x9:1c00024e  PA:1c00024e
15779500ns          258258 1c00904a 00148b93 addi             x23, x9, 1          x23=1c00024f  x9:1c00024e
15779520ns          258259 1c00904e 00050b63 beq              x10, x0, 22         x10:0000006e
15779540ns          258260 1c009050 02500793 addi             x15, x0, 37         x15=00000025
15779559ns          258261 1c009054 14f50563 beq              x10, x15, 330       x10:0000006e x15:00000025
15779579ns          258262 1c009058 01c12583 lw               x11, 28(x2)         x11=00000002  x2:10000658  PA:10000674
15779599ns          258263 1c00905a 01812703 lw               x14, 24(x2)         x14=1c008ebe  x2:10000658  PA:10000670
15779659ns          258266 1c00905c 000700e7 jalr             x1, x14, 0           x1=1c00905e x14:1c008ebe
15779699ns          258268 1c008ebe ff010113 addi             x2, x2, -16          x2=10000648  x2:10000658
15779719ns          258269 1c008ec0 0ff57513 andi             x10, x10, 255       x10=0000006e x10:0000006e
15779738ns          258270 1c008ec4 00112623 sw               x1, 12(x2)           x1:1c00905e  x2:10000648  PA:10000654
15779758ns          258271 1c008ec6 f07ff0ef jal              x1, -250             x1=1c008ec8
15779798ns          258273 1c008dcc 000026b7 lui              x13, 0x2000         x13=00002000
15779818ns          258274 1c008dce f14027f3 csrrs            x15, x0, 0xf14      x15=00000000
15779838ns          258275 1c008dd2 f8068693 addi             x13, x13, -128      x13=00001f80 x13:00002000
15779858ns          258276 1c008dd6 00279713 slli             x14, x15, 0x2       x14=00000000 x15:00000000
15779878ns          258277 1c008dda 00379793 slli             x15, x15, 0x3       x15=00000000 x15:00000000
15779898ns          258278 1c008ddc 00d77733 and              x14, x14, x13       x14=00000000 x14:00000000 x13:00001f80
15779917ns          258279 1c008dde ee87b7b3 p.bclr           x15, x15, 23, 8     x15=00000000 x15:00000000
15779937ns          258280 1c008de2 1a10f6b7 lui              x13, 0x1a10f000     x13=1a10f000
15779957ns          258281 1c008de6 00d787b3 add              x15, x15, x13       x15=1a10f000 x15:00000000 x13:1a10f000
15779977ns          258282 1c008de8 00a767a3 p.sw             x10, x0(x14)        x10:0000006e x14:00000000  PA:1a10f000
15780295ns          258298 1c008dec 00008067 jalr             x0, x1, 0            x1:1c008ec8
15780315ns          258299 1c008ec8 00c12083 lw               x1, 12(x2)           x1=1c00905e  x2:10000648  PA:10000654
15780335ns          258300 1c008eca 00000513 addi             x10, x0, 0          x10=00000000
15780355ns          258301 1c008ecc 01010113 addi             x2, x2, 16           x2=10000658  x2:10000648
15780375ns          258302 1c008ece 00008067 jalr             x0, x1, 0            x1:1c00905e
15780435ns          258305 1c00905e 05f53063 p.bneimm         x10, 64             x10:00000000
15780494ns          258308 1c00909e 00190913 addi             x18, x18, 1         x18=00000007 x18:00000006
15780514ns          258309 1c0090a0 01800a33 add              x20, x0, x24        x20=100007cc x24:100007cc
15780534ns          258310 1c0090a2 017004b3 add              x9, x0, x23          x9=1c00024f x23:1c00024f
15780554ns          258311 1c0090a4 01400c33 add              x24, x0, x20        x24=100007cc x20:100007cc
15780574ns          258312 1c0090a6 fa1ff06f jal              x0, -96            
15780634ns          258315 1c009046 0004c503 lbu              x10, 0(x9)          x10=00000067  x9:1c00024f  PA:1c00024f
15780932ns          258330 1c00904a 00148b93 addi             x23, x9, 1          x23=1c000250  x9:1c00024f
15780952ns          258331 1c00904e 00050b63 beq              x10, x0, 22         x10:00000067
15780972ns          258332 1c009050 02500793 addi             x15, x0, 37         x15=00000025
15780992ns          258333 1c009054 14f50563 beq              x10, x15, 330       x10:00000067 x15:00000025
15781011ns          258334 1c009058 01c12583 lw               x11, 28(x2)         x11=00000002  x2:10000658  PA:10000674
15781031ns          258335 1c00905a 01812703 lw               x14, 24(x2)         x14=1c008ebe  x2:10000658  PA:10000670
15781091ns          258338 1c00905c 000700e7 jalr             x1, x14, 0           x1=1c00905e x14:1c008ebe
15781131ns          258340 1c008ebe ff010113 addi             x2, x2, -16          x2=10000648  x2:10000658
15781151ns          258341 1c008ec0 0ff57513 andi             x10, x10, 255       x10=00000067 x10:00000067
15781171ns          258342 1c008ec4 00112623 sw               x1, 12(x2)           x1:1c00905e  x2:10000648  PA:10000654
15781190ns          258343 1c008ec6 f07ff0ef jal              x1, -250             x1=1c008ec8
15781230ns          258345 1c008dcc 000026b7 lui              x13, 0x2000         x13=00002000
15781250ns          258346 1c008dce f14027f3 csrrs            x15, x0, 0xf14      x15=00000000
15781270ns          258347 1c008dd2 f8068693 addi             x13, x13, -128      x13=00001f80 x13:00002000
15781290ns          258348 1c008dd6 00279713 slli             x14, x15, 0x2       x14=00000000 x15:00000000
15781310ns          258349 1c008dda 00379793 slli             x15, x15, 0x3       x15=00000000 x15:00000000
15781330ns          258350 1c008ddc 00d77733 and              x14, x14, x13       x14=00000000 x14:00000000 x13:00001f80
15781350ns          258351 1c008dde ee87b7b3 p.bclr           x15, x15, 23, 8     x15=00000000 x15:00000000
15781369ns          258352 1c008de2 1a10f6b7 lui              x13, 0x1a10f000     x13=1a10f000
15781389ns          258353 1c008de6 00d787b3 add              x15, x15, x13       x15=1a10f000 x15:00000000 x13:1a10f000
15781409ns          258354 1c008de8 00a767a3 p.sw             x10, x0(x14)        x10:00000067 x14:00000000  PA:1a10f000
15781747ns          258371 1c008dec 00008067 jalr             x0, x1, 0            x1:1c008ec8
15781767ns          258372 1c008ec8 00c12083 lw               x1, 12(x2)           x1=1c00905e  x2:10000648  PA:10000654
15781787ns          258373 1c008eca 00000513 addi             x10, x0, 0          x10=00000000
15781807ns          258374 1c008ecc 01010113 addi             x2, x2, 16           x2=10000658  x2:10000648
15781827ns          258375 1c008ece 00008067 jalr             x0, x1, 0            x1:1c00905e
15781887ns          258378 1c00905e 05f53063 p.bneimm         x10, 64             x10:00000000
15781946ns          258381 1c00909e 00190913 addi             x18, x18, 1         x18=00000008 x18:00000007
15781966ns          258382 1c0090a0 01800a33 add              x20, x0, x24        x20=100007cc x24:100007cc
15781986ns          258383 1c0090a2 017004b3 add              x9, x0, x23          x9=1c000250 x23:1c000250
15782006ns          258384 1c0090a4 01400c33 add              x24, x0, x20        x24=100007cc x20:100007cc
15782026ns          258385 1c0090a6 fa1ff06f jal              x0, -96            
15782086ns          258388 1c009046 0004c503 lbu              x10, 0(x9)          x10=00000020  x9:1c000250  PA:1c000250
15782384ns          258403 1c00904a 00148b93 addi             x23, x9, 1          x23=1c000251  x9:1c000250
15782404ns          258404 1c00904e 00050b63 beq              x10, x0, 22         x10:00000020
15782424ns          258405 1c009050 02500793 addi             x15, x0, 37         x15=00000025
15782444ns          258406 1c009054 14f50563 beq              x10, x15, 330       x10:00000020 x15:00000025
15782463ns          258407 1c009058 01c12583 lw               x11, 28(x2)         x11=00000002  x2:10000658  PA:10000674
15782483ns          258408 1c00905a 01812703 lw               x14, 24(x2)         x14=1c008ebe  x2:10000658  PA:10000670
15782543ns          258411 1c00905c 000700e7 jalr             x1, x14, 0           x1=1c00905e x14:1c008ebe
15782583ns          258413 1c008ebe ff010113 addi             x2, x2, -16          x2=10000648  x2:10000658
15782603ns          258414 1c008ec0 0ff57513 andi             x10, x10, 255       x10=00000020 x10:00000020
15782623ns          258415 1c008ec4 00112623 sw               x1, 12(x2)           x1:1c00905e  x2:10000648  PA:10000654
15782642ns          258416 1c008ec6 f07ff0ef jal              x1, -250             x1=1c008ec8
15782682ns          258418 1c008dcc 000026b7 lui              x13, 0x2000         x13=00002000
15782702ns          258419 1c008dce f14027f3 csrrs            x15, x0, 0xf14      x15=00000000
15782722ns          258420 1c008dd2 f8068693 addi             x13, x13, -128      x13=00001f80 x13:00002000
15782742ns          258421 1c008dd6 00279713 slli             x14, x15, 0x2       x14=00000000 x15:00000000
15782762ns          258422 1c008dda 00379793 slli             x15, x15, 0x3       x15=00000000 x15:00000000
15782782ns          258423 1c008ddc 00d77733 and              x14, x14, x13       x14=00000000 x14:00000000 x13:00001f80
15782802ns          258424 1c008dde ee87b7b3 p.bclr           x15, x15, 23, 8     x15=00000000 x15:00000000
15782822ns          258425 1c008de2 1a10f6b7 lui              x13, 0x1a10f000     x13=1a10f000
15782841ns          258426 1c008de6 00d787b3 add              x15, x15, x13       x15=1a10f000 x15:00000000 x13:1a10f000
15782861ns          258427 1c008de8 00a767a3 p.sw             x10, x0(x14)        x10:00000020 x14:00000000  PA:1a10f000
15783180ns          258443 1c008dec 00008067 jalr             x0, x1, 0            x1:1c008ec8
15783199ns          258444 1c008ec8 00c12083 lw               x1, 12(x2)           x1=1c00905e  x2:10000648  PA:10000654
15783219ns          258445 1c008eca 00000513 addi             x10, x0, 0          x10=00000000
15783239ns          258446 1c008ecc 01010113 addi             x2, x2, 16           x2=10000658  x2:10000648
15783259ns          258447 1c008ece 00008067 jalr             x0, x1, 0            x1:1c00905e
15783319ns          258450 1c00905e 05f53063 p.bneimm         x10, 64             x10:00000000
15783378ns          258453 1c00909e 00190913 addi             x18, x18, 1         x18=00000009 x18:00000008
15783398ns          258454 1c0090a0 01800a33 add              x20, x0, x24        x20=100007cc x24:100007cc
15783418ns          258455 1c0090a2 017004b3 add              x9, x0, x23          x9=1c000251 x23:1c000251
15783438ns          258456 1c0090a4 01400c33 add              x24, x0, x20        x24=100007cc x20:100007cc
15783458ns          258457 1c0090a6 fa1ff06f jal              x0, -96            
15783518ns          258460 1c009046 0004c503 lbu              x10, 0(x9)          x10=00000025  x9:1c000251  PA:1c000251
15783816ns          258475 1c00904a 00148b93 addi             x23, x9, 1          x23=1c000252  x9:1c000251
15783836ns          258476 1c00904e 00050b63 beq              x10, x0, 22         x10:00000025
15783856ns          258477 1c009050 02500793 addi             x15, x0, 37         x15=00000025
15783876ns          258478 1c009054 14f50563 beq              x10, x15, 330       x10:00000025 x15:00000025
15784811ns          258525 1c00919e 02000713 addi             x14, x0, 32         x14=00000020
15784830ns          258526 1c0091a2 00e12623 sw               x14, 12(x2)         x14:00000020  x2:10000658  PA:10000664
15784850ns          258527 1c0091a4 00000413 addi             x8, x0, 0            x8=00000000
15784870ns          258528 1c0091a6 00012823 sw               x0, 16(x2)           x2:10000658  PA:10000668
15784890ns          258529 1c0091a8 00012a23 sw               x0, 20(x2)           x2:10000658  PA:1000066c
15784910ns          258530 1c0091aa 00000c93 addi             x25, x0, 0          x25=00000000
15784930ns          258531 1c0091ac 02300993 addi             x19, x0, 35         x19=00000023
15785328ns          258551 1c0091b0 02d00a13 addi             x20, x0, 45         x20=0000002d
15785368ns          258553 1c0091b4 03000b13 addi             x22, x0, 48         x22=00000030
15785387ns          258554 1c0091b8 02b00d13 addi             x26, x0, 43         x26=0000002b
15785407ns          258555 1c0091bc 02000d93 addi             x27, x0, 32         x27=00000020
15785865ns          258578 1c0091c0 efbff06f jal              x0, -262           
15785924ns          258581 1c0090ba 000bca83 lbu              x21, 0(x23)         x21=00000073 x23:1c000252  PA:1c000252
15786382ns          258604 1c0090be 1c0007b7 lui              x15, 0x1c000000     x15=1c000000
15786402ns          258605 1c0090c2 015005b3 add              x11, x0, x21        x11=00000073 x21:00000073
15786422ns          258606 1c0090c4 28c78513 addi             x10, x15, 652       x10=1c00028c x15:1c000000
15786442ns          258607 1c0090c8 001b8493 addi             x9, x23, 1           x9=1c000253 x23:1c000252
15786462ns          258608 1c0090cc db9ff0ef jal              x1, -584             x1=1c0090ce
15787337ns          258652 1c008e84 0ff5f593 andi             x11, x11, 255       x11=00000073 x11:00000073
15787376ns          258654 1c008e88 00054703 lbu              x14, 0(x10)         x14=0000002d x10:1c00028c  PA:1c00028c
15787695ns          258670 1c008e8c 00a007b3 add              x15, x0, x10        x15=1c00028c x10:1c00028c
15787715ns          258671 1c008e8e 00150513 addi             x10, x10, 1         x10=1c00028d x10:1c00028c
15787854ns          258678 1c008e90 00b70563 beq              x14, x11, 10        x14:0000002d x11:00000073
15787894ns          258680 1c008e94 fe071ae3 bne              x14, x0, -12        x14:0000002d
15787953ns          258683 1c008e88 00054703 lbu              x14, 0(x10)         x14=0000002b x10:1c00028d  PA:1c00028d
15788252ns          258698 1c008e8c 00a007b3 add              x15, x0, x10        x15=1c00028d x10:1c00028d
15788272ns          258699 1c008e8e 00150513 addi             x10, x10, 1         x10=1c00028e x10:1c00028d
15788291ns          258700 1c008e90 00b70563 beq              x14, x11, 10        x14:0000002b x11:00000073
15788311ns          258701 1c008e94 fe071ae3 bne              x14, x0, -12        x14:0000002b
15788809ns          258726 1c008e88 00054703 lbu              x14, 0(x10)         x14=00000020 x10:1c00028e  PA:1c00028e
15789107ns          258741 1c008e8c 00a007b3 add              x15, x0, x10        x15=1c00028e x10:1c00028e
15789127ns          258742 1c008e8e 00150513 addi             x10, x10, 1         x10=1c00028f x10:1c00028e
15789147ns          258743 1c008e90 00b70563 beq              x14, x11, 10        x14:00000020 x11:00000073
15789167ns          258744 1c008e94 fe071ae3 bne              x14, x0, -12        x14:00000020
15789226ns          258747 1c008e88 00054703 lbu              x14, 0(x10)         x14=00000023 x10:1c00028f  PA:1c00028f
15789525ns          258762 1c008e8c 00a007b3 add              x15, x0, x10        x15=1c00028f x10:1c00028f
15789545ns          258763 1c008e8e 00150513 addi             x10, x10, 1         x10=1c000290 x10:1c00028f
15789564ns          258764 1c008e90 00b70563 beq              x14, x11, 10        x14:00000023 x11:00000073
15789584ns          258765 1c008e94 fe071ae3 bne              x14, x0, -12        x14:00000023
15789644ns          258768 1c008e88 00054703 lbu              x14, 0(x10)         x14=00000030 x10:1c000290  PA:1c000290
15789942ns          258783 1c008e8c 00a007b3 add              x15, x0, x10        x15=1c000290 x10:1c000290
15789962ns          258784 1c008e8e 00150513 addi             x10, x10, 1         x10=1c000291 x10:1c000290
15789982ns          258785 1c008e90 00b70563 beq              x14, x11, 10        x14:00000030 x11:00000073
15790002ns          258786 1c008e94 fe071ae3 bne              x14, x0, -12        x14:00000030
15790062ns          258789 1c008e88 00054703 lbu              x14, 0(x10)         x14=00000000 x10:1c000291  PA:1c000291
15790360ns          258804 1c008e8c 00a007b3 add              x15, x0, x10        x15=1c000291 x10:1c000291
15790380ns          258805 1c008e8e 00150513 addi             x10, x10, 1         x10=1c000292 x10:1c000291
15790400ns          258806 1c008e90 00b70563 beq              x14, x11, 10        x14:00000000 x11:00000073
15790420ns          258807 1c008e94 fe071ae3 bne              x14, x0, -12        x14:00000000
15790440ns          258808 1c008e96 00058263 beq              x11, x0, 4          x11:00000073
15790460ns          258809 1c008e98 00000793 addi             x15, x0, 0          x15=00000000
15790479ns          258810 1c008e9a 00f00533 add              x10, x0, x15        x10=00000000 x15:00000000
15790499ns          258811 1c008e9c 00008067 jalr             x0, x1, 0            x1:1c0090ce
15790539ns          258813 1c0090ce fc051de3 bne              x10, x0, -38        x10:00000000
15790559ns          258814 1c0090d0 02a00693 addi             x13, x0, 42         x13=0000002a
15790579ns          258815 1c0090d4 0eda9763 bne              x21, x13, 238       x21:00000073 x13:0000002a
15790658ns          258819 1c0091c2 fd0a8693 addi             x13, x21, -48       x13=00000043 x21:00000073
15790678ns          258820 1c0091c6 00900613 addi             x12, x0, 9          x12=00000009
15790698ns          258821 1c0091c8 00000993 addi             x19, x0, 0          x19=00000000
15790718ns          258822 1c0091ca f2d666e3 bltu             x12, x13, -212      x12:00000009 x13:00000043
15791653ns          258869 1c0090f6 0c800713 addi             x14, x0, 200        x14=000000c8
15791673ns          258870 1c0090fa 02e00693 addi             x13, x0, 46         x13=0000002e
15792110ns          258892 1c0090fe 04e9d9b3 p.minu           x19, x19, x14       x19=00000000 x19:00000000 x14:000000c8
15792130ns          258893 1c009102 fff00d13 addi             x26, x0, -1         x26=ffffffff
15792150ns          258894 1c009104 02da9463 bne              x21, x13, 40        x21:00000073 x13:0000002e
15792648ns          258919 1c00912c 1c0007b7 lui              x15, 0x1c000000     x15=1c000000
15793105ns          258942 1c009130 015005b3 add              x11, x0, x21        x11=00000073 x21:00000073
15793145ns          258944 1c009132 29478513 addi             x10, x15, 660       x10=1c000294 x15:1c000000
15793165ns          258945 1c009136 d4fff0ef jal              x1, -690             x1=1c009138
15793204ns          258947 1c008e84 0ff5f593 andi             x11, x11, 255       x11=00000073 x11:00000073
15793224ns          258948 1c008e88 00054703 lbu              x14, 0(x10)         x14=00000068 x10:1c000294  PA:1c000294
15793523ns          258963 1c008e8c 00a007b3 add              x15, x0, x10        x15=1c000294 x10:1c000294
15793543ns          258964 1c008e8e 00150513 addi             x10, x10, 1         x10=1c000295 x10:1c000294
15793563ns          258965 1c008e90 00b70563 beq              x14, x11, 10        x14:00000068 x11:00000073
15793582ns          258966 1c008e94 fe071ae3 bne              x14, x0, -12        x14:00000068
15793642ns          258969 1c008e88 00054703 lbu              x14, 0(x10)         x14=0000006c x10:1c000295  PA:1c000295
15793940ns          258984 1c008e8c 00a007b3 add              x15, x0, x10        x15=1c000295 x10:1c000295
15793960ns          258985 1c008e8e 00150513 addi             x10, x10, 1         x10=1c000296 x10:1c000295
15793980ns          258986 1c008e90 00b70563 beq              x14, x11, 10        x14:0000006c x11:00000073
15794000ns          258987 1c008e94 fe071ae3 bne              x14, x0, -12        x14:0000006c
15794060ns          258990 1c008e88 00054703 lbu              x14, 0(x10)         x14=0000004c x10:1c000296  PA:1c000296
15794358ns          259005 1c008e8c 00a007b3 add              x15, x0, x10        x15=1c000296 x10:1c000296
15794378ns          259006 1c008e8e 00150513 addi             x10, x10, 1         x10=1c000297 x10:1c000296
15794398ns          259007 1c008e90 00b70563 beq              x14, x11, 10        x14:0000004c x11:00000073
15794418ns          259008 1c008e94 fe071ae3 bne              x14, x0, -12        x14:0000004c
15794477ns          259011 1c008e88 00054703 lbu              x14, 0(x10)         x14=0000007a x10:1c000297  PA:1c000297
15794776ns          259026 1c008e8c 00a007b3 add              x15, x0, x10        x15=1c000297 x10:1c000297
15794796ns          259027 1c008e8e 00150513 addi             x10, x10, 1         x10=1c000298 x10:1c000297
15794816ns          259028 1c008e90 00b70563 beq              x14, x11, 10        x14:0000007a x11:00000073
15794836ns          259029 1c008e94 fe071ae3 bne              x14, x0, -12        x14:0000007a
15794895ns          259032 1c008e88 00054703 lbu              x14, 0(x10)         x14=00000000 x10:1c000298  PA:1c000298
15795194ns          259047 1c008e8c 00a007b3 add              x15, x0, x10        x15=1c000298 x10:1c000298
15795213ns          259048 1c008e8e 00150513 addi             x10, x10, 1         x10=1c000299 x10:1c000298
15795233ns          259049 1c008e90 00b70563 beq              x14, x11, 10        x14:00000000 x11:00000073
15795253ns          259050 1c008e94 fe071ae3 bne              x14, x0, -12        x14:00000000
15795273ns          259051 1c008e96 00058263 beq              x11, x0, 4          x11:00000073
15795293ns          259052 1c008e98 00000793 addi             x15, x0, 0          x15=00000000
15795313ns          259053 1c008e9a 00f00533 add              x10, x0, x15        x10=00000000 x15:00000000
15795333ns          259054 1c008e9c 00008067 jalr             x0, x1, 0            x1:1c009138
15795373ns          259056 1c009138 00050463 beq              x10, x0, 8          x10:00000000
15795870ns          259081 1c009140 06700693 addi             x13, x0, 103        x13=00000067
15795890ns          259082 1c009144 1356c563 blt              x13, x21, 298       x13:00000067 x21:00000073
15796825ns          259129 1c00926e 07000693 addi             x13, x0, 112        x13=00000070
15796864ns          259131 1c009272 4cda8c63 beq              x21, x13, 1240      x21:00000073 x13:00000070
15796884ns          259132 1c009276 0556c163 blt              x13, x21, 66        x13:00000070 x21:00000073
15797819ns          259179 1c0092b8 07500693 addi             x13, x0, 117        x13=00000075
15797859ns          259181 1c0092bc 4cda8463 beq              x21, x13, 1224      x21:00000073 x13:00000075
15798297ns          259203 1c0092c0 07800693 addi             x13, x0, 120        x13=00000078
15798336ns          259205 1c0092c4 f6da80e3 beq              x21, x13, -160      x21:00000073 x13:00000078
15798356ns          259206 1c0092c8 07300693 addi             x13, x0, 115        x13=00000073
15798376ns          259207 1c0092cc eada90e3 bne              x21, x13, -352      x21:00000073 x13:00000073
15798814ns          259229 1c0092d0 000c2583 lw               x11, 0(x24)         x11=1c000204 x24:100007cc  PA:100007cc
15798853ns          259231 1c0092d4 004c0a13 addi             x20, x24, 4         x20=100007d0 x24:100007cc
15798873ns          259232 1c0092d8 00b006b3 add              x13, x0, x11        x13=1c000204 x11:1c000204
15798893ns          259233 1c0092da 00000c93 addi             x25, x0, 0          x25=00000000
15798913ns          259234 1c0092dc 0c8350fb lp.setupi        0x1, 0xc8, 0x6     
15799331ns          259255 1c0092e0 0016c60b p.lbu            x12, 1(x13!)        x12=00000074 x13=1c000205 x13:1c000204  PA:1c000204
15799649ns          259271 1c0092e4 48060563 beq              x12, x0, 1162       x12:00000074
15799669ns          259272 1c0092e8 001c8c93 addi             x25, x25, 1         x25=00000001 x25:00000000
15799888ns          259283 1c0092e0 0016c60b p.lbu            x12, 1(x13!)        x12=00000065 x13=1c000206 x13:1c000205  PA:1c000205
15800206ns          259299 1c0092e4 48060563 beq              x12, x0, 1162       x12:00000065
15800226ns          259300 1c0092e8 001c8c93 addi             x25, x25, 1         x25=00000002 x25:00000001
15800246ns          259301 1c0092e0 0016c60b p.lbu            x12, 1(x13!)        x12=00000073 x13=1c000207 x13:1c000206  PA:1c000206
15800564ns          259317 1c0092e4 48060563 beq              x12, x0, 1162       x12:00000073
15800584ns          259318 1c0092e8 001c8c93 addi             x25, x25, 1         x25=00000003 x25:00000002
15800604ns          259319 1c0092e0 0016c60b p.lbu            x12, 1(x13!)        x12=00000074 x13=1c000208 x13:1c000207  PA:1c000207
15800922ns          259335 1c0092e4 48060563 beq              x12, x0, 1162       x12:00000074
15800942ns          259336 1c0092e8 001c8c93 addi             x25, x25, 1         x25=00000004 x25:00000003
15800962ns          259337 1c0092e0 0016c60b p.lbu            x12, 1(x13!)        x12=00000056 x13=1c000209 x13:1c000208  PA:1c000208
15801280ns          259353 1c0092e4 48060563 beq              x12, x0, 1162       x12:00000056
15801300ns          259354 1c0092e8 001c8c93 addi             x25, x25, 1         x25=00000005 x25:00000004
15801320ns          259355 1c0092e0 0016c60b p.lbu            x12, 1(x13!)        x12=00000065 x13=1c00020a x13:1c000209  PA:1c000209
15801638ns          259371 1c0092e4 48060563 beq              x12, x0, 1162       x12:00000065
15801658ns          259372 1c0092e8 001c8c93 addi             x25, x25, 1         x25=00000006 x25:00000005
15801678ns          259373 1c0092e0 0016c60b p.lbu            x12, 1(x13!)        x12=00000063 x13=1c00020b x13:1c00020a  PA:1c00020a
15801996ns          259389 1c0092e4 48060563 beq              x12, x0, 1162       x12:00000063
15802016ns          259390 1c0092e8 001c8c93 addi             x25, x25, 1         x25=00000007 x25:00000006
15802036ns          259391 1c0092e0 0016c60b p.lbu            x12, 1(x13!)        x12=0000004c x13=1c00020c x13:1c00020b  PA:1c00020b
15802354ns          259407 1c0092e4 48060563 beq              x12, x0, 1162       x12:0000004c
15802374ns          259408 1c0092e8 001c8c93 addi             x25, x25, 1         x25=00000008 x25:00000007
15802394ns          259409 1c0092e0 0016c60b p.lbu            x12, 1(x13!)        x12=0000006f x13=1c00020d x13:1c00020c  PA:1c00020c
15802732ns          259426 1c0092e4 48060563 beq              x12, x0, 1162       x12:0000006f
15802752ns          259427 1c0092e8 001c8c93 addi             x25, x25, 1         x25=00000009 x25:00000008
15802772ns          259428 1c0092e0 0016c60b p.lbu            x12, 1(x13!)        x12=00000067 x13=1c00020e x13:1c00020d  PA:1c00020d
15803110ns          259445 1c0092e4 48060563 beq              x12, x0, 1162       x12:00000067
15803130ns          259446 1c0092e8 001c8c93 addi             x25, x25, 1         x25=0000000a x25:00000009
15803150ns          259447 1c0092e0 0016c60b p.lbu            x12, 1(x13!)        x12=00000069 x13=1c00020f x13:1c00020e  PA:1c00020e
15803468ns          259463 1c0092e4 48060563 beq              x12, x0, 1162       x12:00000069
15803488ns          259464 1c0092e8 001c8c93 addi             x25, x25, 1         x25=0000000b x25:0000000a
15803508ns          259465 1c0092e0 0016c60b p.lbu            x12, 1(x13!)        x12=00000063 x13=1c000210 x13:1c00020f  PA:1c00020f
15803826ns          259481 1c0092e4 48060563 beq              x12, x0, 1162       x12:00000063
15803846ns          259482 1c0092e8 001c8c93 addi             x25, x25, 1         x25=0000000c x25:0000000b
15803866ns          259483 1c0092e0 0016c60b p.lbu            x12, 1(x13!)        x12=0000002e x13=1c000211 x13:1c000210  PA:1c000210
15804184ns          259499 1c0092e4 48060563 beq              x12, x0, 1162       x12:0000002e
15804204ns          259500 1c0092e8 001c8c93 addi             x25, x25, 1         x25=0000000d x25:0000000c
15804224ns          259501 1c0092e0 0016c60b p.lbu            x12, 1(x13!)        x12=00000063 x13=1c000212 x13:1c000211  PA:1c000211
15804542ns          259517 1c0092e4 48060563 beq              x12, x0, 1162       x12:00000063
15804562ns          259518 1c0092e8 001c8c93 addi             x25, x25, 1         x25=0000000e x25:0000000d
15804582ns          259519 1c0092e0 0016c60b p.lbu            x12, 1(x13!)        x12=00000000 x13=1c000213 x13:1c000212  PA:1c000212
15804900ns          259535 1c0092e4 48060563 beq              x12, x0, 1162       x12:00000000
15805855ns          259583 1c00976e 000d4463 blt              x26, x0, 8          x26:ffffffff
15805935ns          259587 1c009776 920c87e3 beq              x25, x0, -1746      x25:0000000e
15805954ns          259588 1c00977a 01900633 add              x12, x0, x25        x12=0000000e x25:0000000e
15805974ns          259589 1c00977c 04410513 addi             x10, x2, 68         x10=1000069c  x2:10000658
15806392ns          259610 1c00977e e9cff0ef jal              x1, -2404            x1=1c009782
15806889ns          259635 1c008e1a 00a5e733 or               x14, x11, x10       x14=1c00069c x11:1c000204 x10:1000069c
15807327ns          259657 1c008e1e fa273733 p.bclr           x14, x14, 29, 2     x14=00000000 x14:1c00069c
15807347ns          259658 1c008e22 00a007b3 add              x15, x0, x10        x15=1000069c x10:1000069c
15807367ns          259659 1c008e24 00070563 beq              x14, x0, 10         x14:00000000
15807864ns          259684 1c008e2e fa263733 p.bclr           x14, x12, 29, 2     x14=00000002 x12:0000000e
15807884ns          259685 1c008e32 fe071ae3 bne              x14, x0, -12        x14:00000002
15807944ns          259688 1c008e26 00b60633 add              x12, x12, x11       x12=1c000212 x12:0000000e x11:1c000204
15807963ns          259689 1c008e28 00c59f63 bne              x11, x12, 30        x11:1c000204 x12:1c000212
15808500ns          259716 1c008e46 0015c70b p.lbu            x14, 1(x11!)        x14=00000074 x11=1c000205 x11:1c000204  PA:1c000204
15808839ns          259733 1c008e4a 00e780ab p.sb             x14, 1(x15!)        x15=1000069d x14:00000074 x15:1000069c  PA:1000069c
15808859ns          259734 1c008e4e fdbff06f jal              x0, -38            
15809018ns          259742 1c008e28 00c59f63 bne              x11, x12, 30        x11:1c000205 x12:1c000212
15809097ns          259746 1c008e46 0015c70b p.lbu            x14, 1(x11!)        x14=00000065 x11=1c000206 x11:1c000205  PA:1c000205
15809415ns          259762 1c008e4a 00e780ab p.sb             x14, 1(x15!)        x15=1000069e x14:00000065 x15:1000069d  PA:1000069d
15809435ns          259763 1c008e4e fdbff06f jal              x0, -38            
15809475ns          259765 1c008e28 00c59f63 bne              x11, x12, 30        x11:1c000206 x12:1c000212
15809555ns          259769 1c008e46 0015c70b p.lbu            x14, 1(x11!)        x14=00000073 x11=1c000207 x11:1c000206  PA:1c000206
15809893ns          259786 1c008e4a 00e780ab p.sb             x14, 1(x15!)        x15=1000069f x14:00000073 x15:1000069e  PA:1000069e
15809913ns          259787 1c008e4e fdbff06f jal              x0, -38            
15809952ns          259789 1c008e28 00c59f63 bne              x11, x12, 30        x11:1c000207 x12:1c000212
15810032ns          259793 1c008e46 0015c70b p.lbu            x14, 1(x11!)        x14=00000074 x11=1c000208 x11:1c000207  PA:1c000207
15810350ns          259809 1c008e4a 00e780ab p.sb             x14, 1(x15!)        x15=100006a0 x14:00000074 x15:1000069f  PA:1000069f
15810370ns          259810 1c008e4e fdbff06f jal              x0, -38            
15810410ns          259812 1c008e28 00c59f63 bne              x11, x12, 30        x11:1c000208 x12:1c000212
15810490ns          259816 1c008e46 0015c70b p.lbu            x14, 1(x11!)        x14=00000056 x11=1c000209 x11:1c000208  PA:1c000208
15810808ns          259832 1c008e4a 00e780ab p.sb             x14, 1(x15!)        x15=100006a1 x14:00000056 x15:100006a0  PA:100006a0
15810828ns          259833 1c008e4e fdbff06f jal              x0, -38            
15810867ns          259835 1c008e28 00c59f63 bne              x11, x12, 30        x11:1c000209 x12:1c000212
15810947ns          259839 1c008e46 0015c70b p.lbu            x14, 1(x11!)        x14=00000065 x11=1c00020a x11:1c000209  PA:1c000209
15811265ns          259855 1c008e4a 00e780ab p.sb             x14, 1(x15!)        x15=100006a2 x14:00000065 x15:100006a1  PA:100006a1
15811285ns          259856 1c008e4e fdbff06f jal              x0, -38            
15811325ns          259858 1c008e28 00c59f63 bne              x11, x12, 30        x11:1c00020a x12:1c000212
15811405ns          259862 1c008e46 0015c70b p.lbu            x14, 1(x11!)        x14=00000063 x11=1c00020b x11:1c00020a  PA:1c00020a
15811723ns          259878 1c008e4a 00e780ab p.sb             x14, 1(x15!)        x15=100006a3 x14:00000063 x15:100006a2  PA:100006a2
15811743ns          259879 1c008e4e fdbff06f jal              x0, -38            
15811782ns          259881 1c008e28 00c59f63 bne              x11, x12, 30        x11:1c00020b x12:1c000212
15811862ns          259885 1c008e46 0015c70b p.lbu            x14, 1(x11!)        x14=0000004c x11=1c00020c x11:1c00020b  PA:1c00020b
15812180ns          259901 1c008e4a 00e780ab p.sb             x14, 1(x15!)        x15=100006a4 x14:0000004c x15:100006a3  PA:100006a3
15812200ns          259902 1c008e4e fdbff06f jal              x0, -38            
15812240ns          259904 1c008e28 00c59f63 bne              x11, x12, 30        x11:1c00020c x12:1c000212
15812319ns          259908 1c008e46 0015c70b p.lbu            x14, 1(x11!)        x14=0000006f x11=1c00020d x11:1c00020c  PA:1c00020c
15812638ns          259924 1c008e4a 00e780ab p.sb             x14, 1(x15!)        x15=100006a5 x14:0000006f x15:100006a4  PA:100006a4
15812658ns          259925 1c008e4e fdbff06f jal              x0, -38            
15812697ns          259927 1c008e28 00c59f63 bne              x11, x12, 30        x11:1c00020d x12:1c000212
15812777ns          259931 1c008e46 0015c70b p.lbu            x14, 1(x11!)        x14=00000067 x11=1c00020e x11:1c00020d  PA:1c00020d
15813095ns          259947 1c008e4a 00e780ab p.sb             x14, 1(x15!)        x15=100006a6 x14:00000067 x15:100006a5  PA:100006a5
15813115ns          259948 1c008e4e fdbff06f jal              x0, -38            
15813155ns          259950 1c008e28 00c59f63 bne              x11, x12, 30        x11:1c00020e x12:1c000212
15813234ns          259954 1c008e46 0015c70b p.lbu            x14, 1(x11!)        x14=00000069 x11=1c00020f x11:1c00020e  PA:1c00020e
15813553ns          259970 1c008e4a 00e780ab p.sb             x14, 1(x15!)        x15=100006a7 x14:00000069 x15:100006a6  PA:100006a6
15813573ns          259971 1c008e4e fdbff06f jal              x0, -38            
15813612ns          259973 1c008e28 00c59f63 bne              x11, x12, 30        x11:1c00020f x12:1c000212
15813692ns          259977 1c008e46 0015c70b p.lbu            x14, 1(x11!)        x14=00000063 x11=1c000210 x11:1c00020f  PA:1c00020f
15814010ns          259993 1c008e4a 00e780ab p.sb             x14, 1(x15!)        x15=100006a8 x14:00000063 x15:100006a7  PA:100006a7
15814030ns          259994 1c008e4e fdbff06f jal              x0, -38            
15814070ns          259996 1c008e28 00c59f63 bne              x11, x12, 30        x11:1c000210 x12:1c000212
15814149ns          260000 1c008e46 0015c70b p.lbu            x14, 1(x11!)        x14=0000002e x11=1c000211 x11:1c000210  PA:1c000210
15814468ns          260016 1c008e4a 00e780ab p.sb             x14, 1(x15!)        x15=100006a9 x14:0000002e x15:100006a8  PA:100006a8
15814488ns          260017 1c008e4e fdbff06f jal              x0, -38            
15814527ns          260019 1c008e28 00c59f63 bne              x11, x12, 30        x11:1c000211 x12:1c000212
15814607ns          260023 1c008e46 0015c70b p.lbu            x14, 1(x11!)        x14=00000063 x11=1c000212 x11:1c000211  PA:1c000211
15814925ns          260039 1c008e4a 00e780ab p.sb             x14, 1(x15!)        x15=100006aa x14:00000063 x15:100006a9  PA:100006a9
15814945ns          260040 1c008e4e fdbff06f jal              x0, -38            
15814985ns          260042 1c008e28 00c59f63 bne              x11, x12, 30        x11:1c000212 x12:1c000212
15815005ns          260043 1c008e2c 00008067 jalr             x0, x1, 0            x1:1c009782
15815045ns          260045 1c009782 b81ff06f jal              x0, -1152          
15815502ns          260068 1c009302 00000413 addi             x8, x0, 0            x8=00000000
15815542ns          260070 1c009304 4000006f jal              x0, 1024           
15815999ns          260093 1c009704 04410b93 addi             x23, x2, 68         x23=1000069c  x2:10000658
15816039ns          260095 1c009708 0d3cc063 blt              x25, x19, 192       x25:0000000e x19:00000000
15816059ns          260096 1c00970c 019009b3 add              x19, x0, x25        x19=0000000e x25:0000000e
15816516ns          260119 1c00970e 41790433 sub              x8, x18, x23         x8=effff96d x18:00000009 x23:1000069c
15816556ns          260121 1c009712 01740933 add              x18, x8, x23        x18=00000009  x8:effff96d x23:1000069c
15816576ns          260122 1c009716 980987e3 beq              x19, x0, -1650      x19:0000000e
15816596ns          260123 1c00971a 01c12583 lw               x11, 28(x2)         x11=00000002  x2:10000658  PA:10000674
15816616ns          260124 1c00971c 001bc50b p.lbu            x10, 1(x23!)        x10=00000074 x23=1000069d x23:1000069c  PA:1000069c
15817034ns          260145 1c009720 01812783 lw               x15, 24(x2)         x15=1c008ebe  x2:10000658  PA:10000670
15817093ns          260148 1c009722 000780e7 jalr             x1, x15, 0           x1=1c009724 x15:1c008ebe
15817173ns          260152 1c008ebe ff010113 addi             x2, x2, -16          x2=10000648  x2:10000658
15817213ns          260154 1c008ec0 0ff57513 andi             x10, x10, 255       x10=00000074 x10:00000074
15817233ns          260155 1c008ec4 00112623 sw               x1, 12(x2)           x1:1c009724  x2:10000648  PA:10000654
15817252ns          260156 1c008ec6 f07ff0ef jal              x1, -250             x1=1c008ec8
15817292ns          260158 1c008dcc 000026b7 lui              x13, 0x2000         x13=00002000
15817312ns          260159 1c008dce f14027f3 csrrs            x15, x0, 0xf14      x15=00000000
15817332ns          260160 1c008dd2 f8068693 addi             x13, x13, -128      x13=00001f80 x13:00002000
15817352ns          260161 1c008dd6 00279713 slli             x14, x15, 0x2       x14=00000000 x15:00000000
15817372ns          260162 1c008dda 00379793 slli             x15, x15, 0x3       x15=00000000 x15:00000000
15817392ns          260163 1c008ddc 00d77733 and              x14, x14, x13       x14=00000000 x14:00000000 x13:00001f80
15817412ns          260164 1c008dde ee87b7b3 p.bclr           x15, x15, 23, 8     x15=00000000 x15:00000000
15817431ns          260165 1c008de2 1a10f6b7 lui              x13, 0x1a10f000     x13=1a10f000
15817451ns          260166 1c008de6 00d787b3 add              x15, x15, x13       x15=1a10f000 x15:00000000 x13:1a10f000
15817471ns          260167 1c008de8 00a767a3 p.sw             x10, x0(x14)        x10:00000074 x14:00000000  PA:1a10f000
15817789ns          260183 1c008dec 00008067 jalr             x0, x1, 0            x1:1c008ec8
15817809ns          260184 1c008ec8 00c12083 lw               x1, 12(x2)           x1=1c009724  x2:10000648  PA:10000654
15817829ns          260185 1c008eca 00000513 addi             x10, x0, 0          x10=00000000
15817849ns          260186 1c008ecc 01010113 addi             x2, x2, 16           x2=10000658  x2:10000648
15817869ns          260187 1c008ece 00008067 jalr             x0, x1, 0            x1:1c009724
15817909ns          260189 1c009724 93f52fe3 p.beqimm         x10, -1730          x10:00000000
15817929ns          260190 1c009728 fff98993 addi             x19, x19, -1        x19=0000000d x19:0000000e
15817949ns          260191 1c00972a fe9ff06f jal              x0, -24            
15818446ns          260216 1c009712 01740933 add              x18, x8, x23        x18=0000000a  x8:effff96d x23:1000069d
15818466ns          260217 1c009716 980987e3 beq              x19, x0, -1650      x19:0000000d
15818486ns          260218 1c00971a 01c12583 lw               x11, 28(x2)         x11=00000002  x2:10000658  PA:10000674
15818506ns          260219 1c00971c 001bc50b p.lbu            x10, 1(x23!)        x10=00000065 x23=1000069e x23:1000069d  PA:1000069d
15818525ns          260220 1c009720 01812783 lw               x15, 24(x2)         x15=1c008ebe  x2:10000658  PA:10000670
15818585ns          260223 1c009722 000780e7 jalr             x1, x15, 0           x1=1c009724 x15:1c008ebe
15818625ns          260225 1c008ebe ff010113 addi             x2, x2, -16          x2=10000648  x2:10000658
15818645ns          260226 1c008ec0 0ff57513 andi             x10, x10, 255       x10=00000065 x10:00000065
15818665ns          260227 1c008ec4 00112623 sw               x1, 12(x2)           x1:1c009724  x2:10000648  PA:10000654
15818685ns          260228 1c008ec6 f07ff0ef jal              x1, -250             x1=1c008ec8
15818724ns          260230 1c008dcc 000026b7 lui              x13, 0x2000         x13=00002000
15818744ns          260231 1c008dce f14027f3 csrrs            x15, x0, 0xf14      x15=00000000
15818764ns          260232 1c008dd2 f8068693 addi             x13, x13, -128      x13=00001f80 x13:00002000
15818784ns          260233 1c008dd6 00279713 slli             x14, x15, 0x2       x14=00000000 x15:00000000
15818804ns          260234 1c008dda 00379793 slli             x15, x15, 0x3       x15=00000000 x15:00000000
15818824ns          260235 1c008ddc 00d77733 and              x14, x14, x13       x14=00000000 x14:00000000 x13:00001f80
15818844ns          260236 1c008dde ee87b7b3 p.bclr           x15, x15, 23, 8     x15=00000000 x15:00000000
15818864ns          260237 1c008de2 1a10f6b7 lui              x13, 0x1a10f000     x13=1a10f000
15818883ns          260238 1c008de6 00d787b3 add              x15, x15, x13       x15=1a10f000 x15:00000000 x13:1a10f000
15818903ns          260239 1c008de8 00a767a3 p.sw             x10, x0(x14)        x10:00000065 x14:00000000  PA:1a10f000
15819222ns          260255 1c008dec 00008067 jalr             x0, x1, 0            x1:1c008ec8
15819241ns          260256 1c008ec8 00c12083 lw               x1, 12(x2)           x1=1c009724  x2:10000648  PA:10000654
15819261ns          260257 1c008eca 00000513 addi             x10, x0, 0          x10=00000000
15819281ns          260258 1c008ecc 01010113 addi             x2, x2, 16           x2=10000658  x2:10000648
15819301ns          260259 1c008ece 00008067 jalr             x0, x1, 0            x1:1c009724
15819341ns          260261 1c009724 93f52fe3 p.beqimm         x10, -1730          x10:00000000
15819361ns          260262 1c009728 fff98993 addi             x19, x19, -1        x19=0000000c x19:0000000d
15819381ns          260263 1c00972a fe9ff06f jal              x0, -24            
15819440ns          260266 1c009712 01740933 add              x18, x8, x23        x18=0000000b  x8:effff96d x23:1000069e
15819460ns          260267 1c009716 980987e3 beq              x19, x0, -1650      x19:0000000c
15819480ns          260268 1c00971a 01c12583 lw               x11, 28(x2)         x11=00000002  x2:10000658  PA:10000674
15819500ns          260269 1c00971c 001bc50b p.lbu            x10, 1(x23!)        x10=00000073 x23=1000069f x23:1000069e  PA:1000069e
15819520ns          260270 1c009720 01812783 lw               x15, 24(x2)         x15=1c008ebe  x2:10000658  PA:10000670
15819580ns          260273 1c009722 000780e7 jalr             x1, x15, 0           x1=1c009724 x15:1c008ebe
15819619ns          260275 1c008ebe ff010113 addi             x2, x2, -16          x2=10000648  x2:10000658
15819639ns          260276 1c008ec0 0ff57513 andi             x10, x10, 255       x10=00000073 x10:00000073
15819659ns          260277 1c008ec4 00112623 sw               x1, 12(x2)           x1:1c009724  x2:10000648  PA:10000654
15819679ns          260278 1c008ec6 f07ff0ef jal              x1, -250             x1=1c008ec8
15819719ns          260280 1c008dcc 000026b7 lui              x13, 0x2000         x13=00002000
15819739ns          260281 1c008dce f14027f3 csrrs            x15, x0, 0xf14      x15=00000000
15819759ns          260282 1c008dd2 f8068693 addi             x13, x13, -128      x13=00001f80 x13:00002000
15819779ns          260283 1c008dd6 00279713 slli             x14, x15, 0x2       x14=00000000 x15:00000000
15819798ns          260284 1c008dda 00379793 slli             x15, x15, 0x3       x15=00000000 x15:00000000
15819818ns          260285 1c008ddc 00d77733 and              x14, x14, x13       x14=00000000 x14:00000000 x13:00001f80
15819838ns          260286 1c008dde ee87b7b3 p.bclr           x15, x15, 23, 8     x15=00000000 x15:00000000
15819858ns          260287 1c008de2 1a10f6b7 lui              x13, 0x1a10f000     x13=1a10f000
15819878ns          260288 1c008de6 00d787b3 add              x15, x15, x13       x15=1a10f000 x15:00000000 x13:1a10f000
15819898ns          260289 1c008de8 00a767a3 p.sw             x10, x0(x14)        x10:00000073 x14:00000000  PA:1a10f000
15820216ns          260305 1c008dec 00008067 jalr             x0, x1, 0            x1:1c008ec8
15820236ns          260306 1c008ec8 00c12083 lw               x1, 12(x2)           x1=1c009724  x2:10000648  PA:10000654
15820256ns          260307 1c008eca 00000513 addi             x10, x0, 0          x10=00000000
15820276ns          260308 1c008ecc 01010113 addi             x2, x2, 16           x2=10000658  x2:10000648
15820296ns          260309 1c008ece 00008067 jalr             x0, x1, 0            x1:1c009724
15820335ns          260311 1c009724 93f52fe3 p.beqimm         x10, -1730          x10:00000000
15820355ns          260312 1c009728 fff98993 addi             x19, x19, -1        x19=0000000b x19:0000000c
15820375ns          260313 1c00972a fe9ff06f jal              x0, -24            
15820435ns          260316 1c009712 01740933 add              x18, x8, x23        x18=0000000c  x8:effff96d x23:1000069f
15820455ns          260317 1c009716 980987e3 beq              x19, x0, -1650      x19:0000000b
15820475ns          260318 1c00971a 01c12583 lw               x11, 28(x2)         x11=00000002  x2:10000658  PA:10000674
15820495ns          260319 1c00971c 001bc50b p.lbu            x10, 1(x23!)        x10=00000074 x23=100006a0 x23:1000069f  PA:1000069f
15820514ns          260320 1c009720 01812783 lw               x15, 24(x2)         x15=1c008ebe  x2:10000658  PA:10000670
15820574ns          260323 1c009722 000780e7 jalr             x1, x15, 0           x1=1c009724 x15:1c008ebe
15820614ns          260325 1c008ebe ff010113 addi             x2, x2, -16          x2=10000648  x2:10000658
15820634ns          260326 1c008ec0 0ff57513 andi             x10, x10, 255       x10=00000074 x10:00000074
15820654ns          260327 1c008ec4 00112623 sw               x1, 12(x2)           x1:1c009724  x2:10000648  PA:10000654
15820674ns          260328 1c008ec6 f07ff0ef jal              x1, -250             x1=1c008ec8
15820713ns          260330 1c008dcc 000026b7 lui              x13, 0x2000         x13=00002000
15820733ns          260331 1c008dce f14027f3 csrrs            x15, x0, 0xf14      x15=00000000
15820753ns          260332 1c008dd2 f8068693 addi             x13, x13, -128      x13=00001f80 x13:00002000
15820773ns          260333 1c008dd6 00279713 slli             x14, x15, 0x2       x14=00000000 x15:00000000
15820793ns          260334 1c008dda 00379793 slli             x15, x15, 0x3       x15=00000000 x15:00000000
15820813ns          260335 1c008ddc 00d77733 and              x14, x14, x13       x14=00000000 x14:00000000 x13:00001f80
15820833ns          260336 1c008dde ee87b7b3 p.bclr           x15, x15, 23, 8     x15=00000000 x15:00000000
15820853ns          260337 1c008de2 1a10f6b7 lui              x13, 0x1a10f000     x13=1a10f000
15820873ns          260338 1c008de6 00d787b3 add              x15, x15, x13       x15=1a10f000 x15:00000000 x13:1a10f000
15820892ns          260339 1c008de8 00a767a3 p.sw             x10, x0(x14)        x10:00000074 x14:00000000  PA:1a10f000
15821211ns          260355 1c008dec 00008067 jalr             x0, x1, 0            x1:1c008ec8
15821231ns          260356 1c008ec8 00c12083 lw               x1, 12(x2)           x1=1c009724  x2:10000648  PA:10000654
15821250ns          260357 1c008eca 00000513 addi             x10, x0, 0          x10=00000000
15821270ns          260358 1c008ecc 01010113 addi             x2, x2, 16           x2=10000658  x2:10000648
15821290ns          260359 1c008ece 00008067 jalr             x0, x1, 0            x1:1c009724
15821330ns          260361 1c009724 93f52fe3 p.beqimm         x10, -1730          x10:00000000
15821350ns          260362 1c009728 fff98993 addi             x19, x19, -1        x19=0000000a x19:0000000b
15821370ns          260363 1c00972a fe9ff06f jal              x0, -24            
15821429ns          260366 1c009712 01740933 add              x18, x8, x23        x18=0000000d  x8:effff96d x23:100006a0
15821449ns          260367 1c009716 980987e3 beq              x19, x0, -1650      x19:0000000a
15821469ns          260368 1c00971a 01c12583 lw               x11, 28(x2)         x11=00000002  x2:10000658  PA:10000674
15821489ns          260369 1c00971c 001bc50b p.lbu            x10, 1(x23!)        x10=00000056 x23=100006a1 x23:100006a0  PA:100006a0
15821509ns          260370 1c009720 01812783 lw               x15, 24(x2)         x15=1c008ebe  x2:10000658  PA:10000670
15821569ns          260373 1c009722 000780e7 jalr             x1, x15, 0           x1=1c009724 x15:1c008ebe
15821608ns          260375 1c008ebe ff010113 addi             x2, x2, -16          x2=10000648  x2:10000658
15821628ns          260376 1c008ec0 0ff57513 andi             x10, x10, 255       x10=00000056 x10:00000056
15821648ns          260377 1c008ec4 00112623 sw               x1, 12(x2)           x1:1c009724  x2:10000648  PA:10000654
15821668ns          260378 1c008ec6 f07ff0ef jal              x1, -250             x1=1c008ec8
15821708ns          260380 1c008dcc 000026b7 lui              x13, 0x2000         x13=00002000
15821728ns          260381 1c008dce f14027f3 csrrs            x15, x0, 0xf14      x15=00000000
15821748ns          260382 1c008dd2 f8068693 addi             x13, x13, -128      x13=00001f80 x13:00002000
15821768ns          260383 1c008dd6 00279713 slli             x14, x15, 0x2       x14=00000000 x15:00000000
15821787ns          260384 1c008dda 00379793 slli             x15, x15, 0x3       x15=00000000 x15:00000000
15821807ns          260385 1c008ddc 00d77733 and              x14, x14, x13       x14=00000000 x14:00000000 x13:00001f80
15821827ns          260386 1c008dde ee87b7b3 p.bclr           x15, x15, 23, 8     x15=00000000 x15:00000000
15821847ns          260387 1c008de2 1a10f6b7 lui              x13, 0x1a10f000     x13=1a10f000
15821867ns          260388 1c008de6 00d787b3 add              x15, x15, x13       x15=1a10f000 x15:00000000 x13:1a10f000
15821887ns          260389 1c008de8 00a767a3 p.sw             x10, x0(x14)        x10:00000056 x14:00000000  PA:1a10f000
15822205ns          260405 1c008dec 00008067 jalr             x0, x1, 0            x1:1c008ec8
15822225ns          260406 1c008ec8 00c12083 lw               x1, 12(x2)           x1=1c009724  x2:10000648  PA:10000654
15822245ns          260407 1c008eca 00000513 addi             x10, x0, 0          x10=00000000
15822265ns          260408 1c008ecc 01010113 addi             x2, x2, 16           x2=10000658  x2:10000648
15822285ns          260409 1c008ece 00008067 jalr             x0, x1, 0            x1:1c009724
15822325ns          260411 1c009724 93f52fe3 p.beqimm         x10, -1730          x10:00000000
15822344ns          260412 1c009728 fff98993 addi             x19, x19, -1        x19=00000009 x19:0000000a
15822364ns          260413 1c00972a fe9ff06f jal              x0, -24            
15822424ns          260416 1c009712 01740933 add              x18, x8, x23        x18=0000000e  x8:effff96d x23:100006a1
15822444ns          260417 1c009716 980987e3 beq              x19, x0, -1650      x19:00000009
15822464ns          260418 1c00971a 01c12583 lw               x11, 28(x2)         x11=00000002  x2:10000658  PA:10000674
15822484ns          260419 1c00971c 001bc50b p.lbu            x10, 1(x23!)        x10=00000065 x23=100006a2 x23:100006a1  PA:100006a1
15822504ns          260420 1c009720 01812783 lw               x15, 24(x2)         x15=1c008ebe  x2:10000658  PA:10000670
15822563ns          260423 1c009722 000780e7 jalr             x1, x15, 0           x1=1c009724 x15:1c008ebe
15822603ns          260425 1c008ebe ff010113 addi             x2, x2, -16          x2=10000648  x2:10000658
15822623ns          260426 1c008ec0 0ff57513 andi             x10, x10, 255       x10=00000065 x10:00000065
15822643ns          260427 1c008ec4 00112623 sw               x1, 12(x2)           x1:1c009724  x2:10000648  PA:10000654
15822663ns          260428 1c008ec6 f07ff0ef jal              x1, -250             x1=1c008ec8
15822702ns          260430 1c008dcc 000026b7 lui              x13, 0x2000         x13=00002000
15822722ns          260431 1c008dce f14027f3 csrrs            x15, x0, 0xf14      x15=00000000
15822742ns          260432 1c008dd2 f8068693 addi             x13, x13, -128      x13=00001f80 x13:00002000
15822762ns          260433 1c008dd6 00279713 slli             x14, x15, 0x2       x14=00000000 x15:00000000
15822782ns          260434 1c008dda 00379793 slli             x15, x15, 0x3       x15=00000000 x15:00000000
15822802ns          260435 1c008ddc 00d77733 and              x14, x14, x13       x14=00000000 x14:00000000 x13:00001f80
15822822ns          260436 1c008dde ee87b7b3 p.bclr           x15, x15, 23, 8     x15=00000000 x15:00000000
15822842ns          260437 1c008de2 1a10f6b7 lui              x13, 0x1a10f000     x13=1a10f000
15822862ns          260438 1c008de6 00d787b3 add              x15, x15, x13       x15=1a10f000 x15:00000000 x13:1a10f000
15822881ns          260439 1c008de8 00a767a3 p.sw             x10, x0(x14)        x10:00000065 x14:00000000  PA:1a10f000
15823200ns          260455 1c008dec 00008067 jalr             x0, x1, 0            x1:1c008ec8
15823220ns          260456 1c008ec8 00c12083 lw               x1, 12(x2)           x1=1c009724  x2:10000648  PA:10000654
15823240ns          260457 1c008eca 00000513 addi             x10, x0, 0          x10=00000000
15823259ns          260458 1c008ecc 01010113 addi             x2, x2, 16           x2=10000658  x2:10000648
15823279ns          260459 1c008ece 00008067 jalr             x0, x1, 0            x1:1c009724
15823319ns          260461 1c009724 93f52fe3 p.beqimm         x10, -1730          x10:00000000
15823339ns          260462 1c009728 fff98993 addi             x19, x19, -1        x19=00000008 x19:00000009
15823359ns          260463 1c00972a fe9ff06f jal              x0, -24            
15823419ns          260466 1c009712 01740933 add              x18, x8, x23        x18=0000000f  x8:effff96d x23:100006a2
15823438ns          260467 1c009716 980987e3 beq              x19, x0, -1650      x19:00000008
15823458ns          260468 1c00971a 01c12583 lw               x11, 28(x2)         x11=00000002  x2:10000658  PA:10000674
15823478ns          260469 1c00971c 001bc50b p.lbu            x10, 1(x23!)        x10=00000063 x23=100006a3 x23:100006a2  PA:100006a2
15823498ns          260470 1c009720 01812783 lw               x15, 24(x2)         x15=1c008ebe  x2:10000658  PA:10000670
15823558ns          260473 1c009722 000780e7 jalr             x1, x15, 0           x1=1c009724 x15:1c008ebe
15823598ns          260475 1c008ebe ff010113 addi             x2, x2, -16          x2=10000648  x2:10000658
15823617ns          260476 1c008ec0 0ff57513 andi             x10, x10, 255       x10=00000063 x10:00000063
15823637ns          260477 1c008ec4 00112623 sw               x1, 12(x2)           x1:1c009724  x2:10000648  PA:10000654
15823657ns          260478 1c008ec6 f07ff0ef jal              x1, -250             x1=1c008ec8
15823697ns          260480 1c008dcc 000026b7 lui              x13, 0x2000         x13=00002000
15823717ns          260481 1c008dce f14027f3 csrrs            x15, x0, 0xf14      x15=00000000
15823737ns          260482 1c008dd2 f8068693 addi             x13, x13, -128      x13=00001f80 x13:00002000
15823757ns          260483 1c008dd6 00279713 slli             x14, x15, 0x2       x14=00000000 x15:00000000
15823777ns          260484 1c008dda 00379793 slli             x15, x15, 0x3       x15=00000000 x15:00000000
15823796ns          260485 1c008ddc 00d77733 and              x14, x14, x13       x14=00000000 x14:00000000 x13:00001f80
15823816ns          260486 1c008dde ee87b7b3 p.bclr           x15, x15, 23, 8     x15=00000000 x15:00000000
15823836ns          260487 1c008de2 1a10f6b7 lui              x13, 0x1a10f000     x13=1a10f000
15823856ns          260488 1c008de6 00d787b3 add              x15, x15, x13       x15=1a10f000 x15:00000000 x13:1a10f000
15823876ns          260489 1c008de8 00a767a3 p.sw             x10, x0(x14)        x10:00000063 x14:00000000  PA:1a10f000
15824194ns          260505 1c008dec 00008067 jalr             x0, x1, 0            x1:1c008ec8
15824214ns          260506 1c008ec8 00c12083 lw               x1, 12(x2)           x1=1c009724  x2:10000648  PA:10000654
15824234ns          260507 1c008eca 00000513 addi             x10, x0, 0          x10=00000000
15824254ns          260508 1c008ecc 01010113 addi             x2, x2, 16           x2=10000658  x2:10000648
15824274ns          260509 1c008ece 00008067 jalr             x0, x1, 0            x1:1c009724
15824314ns          260511 1c009724 93f52fe3 p.beqimm         x10, -1730          x10:00000000
15824334ns          260512 1c009728 fff98993 addi             x19, x19, -1        x19=00000007 x19:00000008
15824353ns          260513 1c00972a fe9ff06f jal              x0, -24            
15824413ns          260516 1c009712 01740933 add              x18, x8, x23        x18=00000010  x8:effff96d x23:100006a3
15824433ns          260517 1c009716 980987e3 beq              x19, x0, -1650      x19:00000007
15824453ns          260518 1c00971a 01c12583 lw               x11, 28(x2)         x11=00000002  x2:10000658  PA:10000674
15824473ns          260519 1c00971c 001bc50b p.lbu            x10, 1(x23!)        x10=0000004c x23=100006a4 x23:100006a3  PA:100006a3
15824493ns          260520 1c009720 01812783 lw               x15, 24(x2)         x15=1c008ebe  x2:10000658  PA:10000670
15824552ns          260523 1c009722 000780e7 jalr             x1, x15, 0           x1=1c009724 x15:1c008ebe
15824592ns          260525 1c008ebe ff010113 addi             x2, x2, -16          x2=10000648  x2:10000658
15824612ns          260526 1c008ec0 0ff57513 andi             x10, x10, 255       x10=0000004c x10:0000004c
15824632ns          260527 1c008ec4 00112623 sw               x1, 12(x2)           x1:1c009724  x2:10000648  PA:10000654
15824652ns          260528 1c008ec6 f07ff0ef jal              x1, -250             x1=1c008ec8
15824692ns          260530 1c008dcc 000026b7 lui              x13, 0x2000         x13=00002000
15824711ns          260531 1c008dce f14027f3 csrrs            x15, x0, 0xf14      x15=00000000
15824731ns          260532 1c008dd2 f8068693 addi             x13, x13, -128      x13=00001f80 x13:00002000
15824751ns          260533 1c008dd6 00279713 slli             x14, x15, 0x2       x14=00000000 x15:00000000
15824771ns          260534 1c008dda 00379793 slli             x15, x15, 0x3       x15=00000000 x15:00000000
15824791ns          260535 1c008ddc 00d77733 and              x14, x14, x13       x14=00000000 x14:00000000 x13:00001f80
15824811ns          260536 1c008dde ee87b7b3 p.bclr           x15, x15, 23, 8     x15=00000000 x15:00000000
15824831ns          260537 1c008de2 1a10f6b7 lui              x13, 0x1a10f000     x13=1a10f000
15824851ns          260538 1c008de6 00d787b3 add              x15, x15, x13       x15=1a10f000 x15:00000000 x13:1a10f000
15824871ns          260539 1c008de8 00a767a3 p.sw             x10, x0(x14)        x10:0000004c x14:00000000  PA:1a10f000
15825189ns          260555 1c008dec 00008067 jalr             x0, x1, 0            x1:1c008ec8
15825209ns          260556 1c008ec8 00c12083 lw               x1, 12(x2)           x1=1c009724  x2:10000648  PA:10000654
15825229ns          260557 1c008eca 00000513 addi             x10, x0, 0          x10=00000000
15825248ns          260558 1c008ecc 01010113 addi             x2, x2, 16           x2=10000658  x2:10000648
15825268ns          260559 1c008ece 00008067 jalr             x0, x1, 0            x1:1c009724
15825308ns          260561 1c009724 93f52fe3 p.beqimm         x10, -1730          x10:00000000
15825328ns          260562 1c009728 fff98993 addi             x19, x19, -1        x19=00000006 x19:00000007
15825348ns          260563 1c00972a fe9ff06f jal              x0, -24            
15825408ns          260566 1c009712 01740933 add              x18, x8, x23        x18=00000011  x8:effff96d x23:100006a4
15825428ns          260567 1c009716 980987e3 beq              x19, x0, -1650      x19:00000006
15825447ns          260568 1c00971a 01c12583 lw               x11, 28(x2)         x11=00000002  x2:10000658  PA:10000674
15825467ns          260569 1c00971c 001bc50b p.lbu            x10, 1(x23!)        x10=0000006f x23=100006a5 x23:100006a4  PA:100006a4
15825487ns          260570 1c009720 01812783 lw               x15, 24(x2)         x15=1c008ebe  x2:10000658  PA:10000670
15825547ns          260573 1c009722 000780e7 jalr             x1, x15, 0           x1=1c009724 x15:1c008ebe
15825587ns          260575 1c008ebe ff010113 addi             x2, x2, -16          x2=10000648  x2:10000658
15825607ns          260576 1c008ec0 0ff57513 andi             x10, x10, 255       x10=0000006f x10:0000006f
15825626ns          260577 1c008ec4 00112623 sw               x1, 12(x2)           x1:1c009724  x2:10000648  PA:10000654
15825646ns          260578 1c008ec6 f07ff0ef jal              x1, -250             x1=1c008ec8
15825686ns          260580 1c008dcc 000026b7 lui              x13, 0x2000         x13=00002000
15825706ns          260581 1c008dce f14027f3 csrrs            x15, x0, 0xf14      x15=00000000
15825726ns          260582 1c008dd2 f8068693 addi             x13, x13, -128      x13=00001f80 x13:00002000
15825746ns          260583 1c008dd6 00279713 slli             x14, x15, 0x2       x14=00000000 x15:00000000
15825766ns          260584 1c008dda 00379793 slli             x15, x15, 0x3       x15=00000000 x15:00000000
15825786ns          260585 1c008ddc 00d77733 and              x14, x14, x13       x14=00000000 x14:00000000 x13:00001f80
15825805ns          260586 1c008dde ee87b7b3 p.bclr           x15, x15, 23, 8     x15=00000000 x15:00000000
15825825ns          260587 1c008de2 1a10f6b7 lui              x13, 0x1a10f000     x13=1a10f000
15825845ns          260588 1c008de6 00d787b3 add              x15, x15, x13       x15=1a10f000 x15:00000000 x13:1a10f000
15825865ns          260589 1c008de8 00a767a3 p.sw             x10, x0(x14)        x10:0000006f x14:00000000  PA:1a10f000
15826183ns          260605 1c008dec 00008067 jalr             x0, x1, 0            x1:1c008ec8
15826203ns          260606 1c008ec8 00c12083 lw               x1, 12(x2)           x1=1c009724  x2:10000648  PA:10000654
15826223ns          260607 1c008eca 00000513 addi             x10, x0, 0          x10=00000000
15826243ns          260608 1c008ecc 01010113 addi             x2, x2, 16           x2=10000658  x2:10000648
15826263ns          260609 1c008ece 00008067 jalr             x0, x1, 0            x1:1c009724
15826303ns          260611 1c009724 93f52fe3 p.beqimm         x10, -1730          x10:00000000
15826323ns          260612 1c009728 fff98993 addi             x19, x19, -1        x19=00000005 x19:00000006
15826342ns          260613 1c00972a fe9ff06f jal              x0, -24            
15826402ns          260616 1c009712 01740933 add              x18, x8, x23        x18=00000012  x8:effff96d x23:100006a5
15826422ns          260617 1c009716 980987e3 beq              x19, x0, -1650      x19:00000005
15826442ns          260618 1c00971a 01c12583 lw               x11, 28(x2)         x11=00000002  x2:10000658  PA:10000674
15826462ns          260619 1c00971c 001bc50b p.lbu            x10, 1(x23!)        x10=00000067 x23=100006a6 x23:100006a5  PA:100006a5
15826482ns          260620 1c009720 01812783 lw               x15, 24(x2)         x15=1c008ebe  x2:10000658  PA:10000670
15826541ns          260623 1c009722 000780e7 jalr             x1, x15, 0           x1=1c009724 x15:1c008ebe
15826581ns          260625 1c008ebe ff010113 addi             x2, x2, -16          x2=10000648  x2:10000658
15826601ns          260626 1c008ec0 0ff57513 andi             x10, x10, 255       x10=00000067 x10:00000067
15826621ns          260627 1c008ec4 00112623 sw               x1, 12(x2)           x1:1c009724  x2:10000648  PA:10000654
15826641ns          260628 1c008ec6 f07ff0ef jal              x1, -250             x1=1c008ec8
15826681ns          260630 1c008dcc 000026b7 lui              x13, 0x2000         x13=00002000
15826701ns          260631 1c008dce f14027f3 csrrs            x15, x0, 0xf14      x15=00000000
15826720ns          260632 1c008dd2 f8068693 addi             x13, x13, -128      x13=00001f80 x13:00002000
15826740ns          260633 1c008dd6 00279713 slli             x14, x15, 0x2       x14=00000000 x15:00000000
15826760ns          260634 1c008dda 00379793 slli             x15, x15, 0x3       x15=00000000 x15:00000000
15826780ns          260635 1c008ddc 00d77733 and              x14, x14, x13       x14=00000000 x14:00000000 x13:00001f80
15826800ns          260636 1c008dde ee87b7b3 p.bclr           x15, x15, 23, 8     x15=00000000 x15:00000000
15826820ns          260637 1c008de2 1a10f6b7 lui              x13, 0x1a10f000     x13=1a10f000
15826840ns          260638 1c008de6 00d787b3 add              x15, x15, x13       x15=1a10f000 x15:00000000 x13:1a10f000
15826860ns          260639 1c008de8 00a767a3 p.sw             x10, x0(x14)        x10:00000067 x14:00000000  PA:1a10f000
15827178ns          260655 1c008dec 00008067 jalr             x0, x1, 0            x1:1c008ec8
15827198ns          260656 1c008ec8 00c12083 lw               x1, 12(x2)           x1=1c009724  x2:10000648  PA:10000654
15827218ns          260657 1c008eca 00000513 addi             x10, x0, 0          x10=00000000
15827238ns          260658 1c008ecc 01010113 addi             x2, x2, 16           x2=10000658  x2:10000648
15827257ns          260659 1c008ece 00008067 jalr             x0, x1, 0            x1:1c009724
15827297ns          260661 1c009724 93f52fe3 p.beqimm         x10, -1730          x10:00000000
15827317ns          260662 1c009728 fff98993 addi             x19, x19, -1        x19=00000004 x19:00000005
15827337ns          260663 1c00972a fe9ff06f jal              x0, -24            
15827397ns          260666 1c009712 01740933 add              x18, x8, x23        x18=00000013  x8:effff96d x23:100006a6
15827417ns          260667 1c009716 980987e3 beq              x19, x0, -1650      x19:00000004
15827436ns          260668 1c00971a 01c12583 lw               x11, 28(x2)         x11=00000002  x2:10000658  PA:10000674
15827456ns          260669 1c00971c 001bc50b p.lbu            x10, 1(x23!)        x10=00000069 x23=100006a7 x23:100006a6  PA:100006a6
15827476ns          260670 1c009720 01812783 lw               x15, 24(x2)         x15=1c008ebe  x2:10000658  PA:10000670
15827536ns          260673 1c009722 000780e7 jalr             x1, x15, 0           x1=1c009724 x15:1c008ebe
15827576ns          260675 1c008ebe ff010113 addi             x2, x2, -16          x2=10000648  x2:10000658
15827596ns          260676 1c008ec0 0ff57513 andi             x10, x10, 255       x10=00000069 x10:00000069
15827615ns          260677 1c008ec4 00112623 sw               x1, 12(x2)           x1:1c009724  x2:10000648  PA:10000654
15827635ns          260678 1c008ec6 f07ff0ef jal              x1, -250             x1=1c008ec8
15827675ns          260680 1c008dcc 000026b7 lui              x13, 0x2000         x13=00002000
15827695ns          260681 1c008dce f14027f3 csrrs            x15, x0, 0xf14      x15=00000000
15827715ns          260682 1c008dd2 f8068693 addi             x13, x13, -128      x13=00001f80 x13:00002000
15827735ns          260683 1c008dd6 00279713 slli             x14, x15, 0x2       x14=00000000 x15:00000000
15827755ns          260684 1c008dda 00379793 slli             x15, x15, 0x3       x15=00000000 x15:00000000
15827775ns          260685 1c008ddc 00d77733 and              x14, x14, x13       x14=00000000 x14:00000000 x13:00001f80
15827795ns          260686 1c008dde ee87b7b3 p.bclr           x15, x15, 23, 8     x15=00000000 x15:00000000
15827814ns          260687 1c008de2 1a10f6b7 lui              x13, 0x1a10f000     x13=1a10f000
15827834ns          260688 1c008de6 00d787b3 add              x15, x15, x13       x15=1a10f000 x15:00000000 x13:1a10f000
15827854ns          260689 1c008de8 00a767a3 p.sw             x10, x0(x14)        x10:00000069 x14:00000000  PA:1a10f000
15828172ns          260705 1c008dec 00008067 jalr             x0, x1, 0            x1:1c008ec8
15828192ns          260706 1c008ec8 00c12083 lw               x1, 12(x2)           x1=1c009724  x2:10000648  PA:10000654
15828212ns          260707 1c008eca 00000513 addi             x10, x0, 0          x10=00000000
15828232ns          260708 1c008ecc 01010113 addi             x2, x2, 16           x2=10000658  x2:10000648
15828252ns          260709 1c008ece 00008067 jalr             x0, x1, 0            x1:1c009724
15828292ns          260711 1c009724 93f52fe3 p.beqimm         x10, -1730          x10:00000000
15828312ns          260712 1c009728 fff98993 addi             x19, x19, -1        x19=00000003 x19:00000004
15828332ns          260713 1c00972a fe9ff06f jal              x0, -24            
15828391ns          260716 1c009712 01740933 add              x18, x8, x23        x18=00000014  x8:effff96d x23:100006a7
15828411ns          260717 1c009716 980987e3 beq              x19, x0, -1650      x19:00000003
15828431ns          260718 1c00971a 01c12583 lw               x11, 28(x2)         x11=00000002  x2:10000658  PA:10000674
15828451ns          260719 1c00971c 001bc50b p.lbu            x10, 1(x23!)        x10=00000063 x23=100006a8 x23:100006a7  PA:100006a7
15828471ns          260720 1c009720 01812783 lw               x15, 24(x2)         x15=1c008ebe  x2:10000658  PA:10000670
15828530ns          260723 1c009722 000780e7 jalr             x1, x15, 0           x1=1c009724 x15:1c008ebe
15828570ns          260725 1c008ebe ff010113 addi             x2, x2, -16          x2=10000648  x2:10000658
15828590ns          260726 1c008ec0 0ff57513 andi             x10, x10, 255       x10=00000063 x10:00000063
15828610ns          260727 1c008ec4 00112623 sw               x1, 12(x2)           x1:1c009724  x2:10000648  PA:10000654
15828630ns          260728 1c008ec6 f07ff0ef jal              x1, -250             x1=1c008ec8
15828670ns          260730 1c008dcc 000026b7 lui              x13, 0x2000         x13=00002000
15828690ns          260731 1c008dce f14027f3 csrrs            x15, x0, 0xf14      x15=00000000
15828709ns          260732 1c008dd2 f8068693 addi             x13, x13, -128      x13=00001f80 x13:00002000
15828729ns          260733 1c008dd6 00279713 slli             x14, x15, 0x2       x14=00000000 x15:00000000
15828749ns          260734 1c008dda 00379793 slli             x15, x15, 0x3       x15=00000000 x15:00000000
15828769ns          260735 1c008ddc 00d77733 and              x14, x14, x13       x14=00000000 x14:00000000 x13:00001f80
15828789ns          260736 1c008dde ee87b7b3 p.bclr           x15, x15, 23, 8     x15=00000000 x15:00000000
15828809ns          260737 1c008de2 1a10f6b7 lui              x13, 0x1a10f000     x13=1a10f000
15828829ns          260738 1c008de6 00d787b3 add              x15, x15, x13       x15=1a10f000 x15:00000000 x13:1a10f000
15828849ns          260739 1c008de8 00a767a3 p.sw             x10, x0(x14)        x10:00000063 x14:00000000  PA:1a10f000
15829167ns          260755 1c008dec 00008067 jalr             x0, x1, 0            x1:1c008ec8
15829187ns          260756 1c008ec8 00c12083 lw               x1, 12(x2)           x1=1c009724  x2:10000648  PA:10000654
15829207ns          260757 1c008eca 00000513 addi             x10, x0, 0          x10=00000000
15829227ns          260758 1c008ecc 01010113 addi             x2, x2, 16           x2=10000658  x2:10000648
15829247ns          260759 1c008ece 00008067 jalr             x0, x1, 0            x1:1c009724
15829286ns          260761 1c009724 93f52fe3 p.beqimm         x10, -1730          x10:00000000
15829306ns          260762 1c009728 fff98993 addi             x19, x19, -1        x19=00000002 x19:00000003
15829326ns          260763 1c00972a fe9ff06f jal              x0, -24            
15829386ns          260766 1c009712 01740933 add              x18, x8, x23        x18=00000015  x8:effff96d x23:100006a8
15829406ns          260767 1c009716 980987e3 beq              x19, x0, -1650      x19:00000002
15829426ns          260768 1c00971a 01c12583 lw               x11, 28(x2)         x11=00000002  x2:10000658  PA:10000674
15829445ns          260769 1c00971c 001bc50b p.lbu            x10, 1(x23!)        x10=0000002e x23=100006a9 x23:100006a8  PA:100006a8
15829465ns          260770 1c009720 01812783 lw               x15, 24(x2)         x15=1c008ebe  x2:10000658  PA:10000670
15829525ns          260773 1c009722 000780e7 jalr             x1, x15, 0           x1=1c009724 x15:1c008ebe
15829565ns          260775 1c008ebe ff010113 addi             x2, x2, -16          x2=10000648  x2:10000658
15829585ns          260776 1c008ec0 0ff57513 andi             x10, x10, 255       x10=0000002e x10:0000002e
15829605ns          260777 1c008ec4 00112623 sw               x1, 12(x2)           x1:1c009724  x2:10000648  PA:10000654
15829624ns          260778 1c008ec6 f07ff0ef jal              x1, -250             x1=1c008ec8
15829664ns          260780 1c008dcc 000026b7 lui              x13, 0x2000         x13=00002000
15829684ns          260781 1c008dce f14027f3 csrrs            x15, x0, 0xf14      x15=00000000
15829704ns          260782 1c008dd2 f8068693 addi             x13, x13, -128      x13=00001f80 x13:00002000
15829724ns          260783 1c008dd6 00279713 slli             x14, x15, 0x2       x14=00000000 x15:00000000
15829744ns          260784 1c008dda 00379793 slli             x15, x15, 0x3       x15=00000000 x15:00000000
15829764ns          260785 1c008ddc 00d77733 and              x14, x14, x13       x14=00000000 x14:00000000 x13:00001f80
15829784ns          260786 1c008dde ee87b7b3 p.bclr           x15, x15, 23, 8     x15=00000000 x15:00000000
15829803ns          260787 1c008de2 1a10f6b7 lui              x13, 0x1a10f000     x13=1a10f000
15829823ns          260788 1c008de6 00d787b3 add              x15, x15, x13       x15=1a10f000 x15:00000000 x13:1a10f000
15829843ns          260789 1c008de8 00a767a3 p.sw             x10, x0(x14)        x10:0000002e x14:00000000  PA:1a10f000
15830161ns          260805 1c008dec 00008067 jalr             x0, x1, 0            x1:1c008ec8
15830181ns          260806 1c008ec8 00c12083 lw               x1, 12(x2)           x1=1c009724  x2:10000648  PA:10000654
15830201ns          260807 1c008eca 00000513 addi             x10, x0, 0          x10=00000000
15830221ns          260808 1c008ecc 01010113 addi             x2, x2, 16           x2=10000658  x2:10000648
15830241ns          260809 1c008ece 00008067 jalr             x0, x1, 0            x1:1c009724
15830281ns          260811 1c009724 93f52fe3 p.beqimm         x10, -1730          x10:00000000
15830301ns          260812 1c009728 fff98993 addi             x19, x19, -1        x19=00000001 x19:00000002
15830321ns          260813 1c00972a fe9ff06f jal              x0, -24            
15830380ns          260816 1c009712 01740933 add              x18, x8, x23        x18=00000016  x8:effff96d x23:100006a9
15830400ns          260817 1c009716 980987e3 beq              x19, x0, -1650      x19:00000001
15830420ns          260818 1c00971a 01c12583 lw               x11, 28(x2)         x11=00000002  x2:10000658  PA:10000674
15830440ns          260819 1c00971c 001bc50b p.lbu            x10, 1(x23!)        x10=00000063 x23=100006aa x23:100006a9  PA:100006a9
15830460ns          260820 1c009720 01812783 lw               x15, 24(x2)         x15=1c008ebe  x2:10000658  PA:10000670
15830520ns          260823 1c009722 000780e7 jalr             x1, x15, 0           x1=1c009724 x15:1c008ebe
15830559ns          260825 1c008ebe ff010113 addi             x2, x2, -16          x2=10000648  x2:10000658
15830579ns          260826 1c008ec0 0ff57513 andi             x10, x10, 255       x10=00000063 x10:00000063
15830599ns          260827 1c008ec4 00112623 sw               x1, 12(x2)           x1:1c009724  x2:10000648  PA:10000654
15830619ns          260828 1c008ec6 f07ff0ef jal              x1, -250             x1=1c008ec8
15830659ns          260830 1c008dcc 000026b7 lui              x13, 0x2000         x13=00002000
15830679ns          260831 1c008dce f14027f3 csrrs            x15, x0, 0xf14      x15=00000000
15830699ns          260832 1c008dd2 f8068693 addi             x13, x13, -128      x13=00001f80 x13:00002000
15830718ns          260833 1c008dd6 00279713 slli             x14, x15, 0x2       x14=00000000 x15:00000000
15830738ns          260834 1c008dda 00379793 slli             x15, x15, 0x3       x15=00000000 x15:00000000
15830758ns          260835 1c008ddc 00d77733 and              x14, x14, x13       x14=00000000 x14:00000000 x13:00001f80
15830778ns          260836 1c008dde ee87b7b3 p.bclr           x15, x15, 23, 8     x15=00000000 x15:00000000
15830798ns          260837 1c008de2 1a10f6b7 lui              x13, 0x1a10f000     x13=1a10f000
15830818ns          260838 1c008de6 00d787b3 add              x15, x15, x13       x15=1a10f000 x15:00000000 x13:1a10f000
15830838ns          260839 1c008de8 00a767a3 p.sw             x10, x0(x14)        x10:00000063 x14:00000000  PA:1a10f000
15831156ns          260855 1c008dec 00008067 jalr             x0, x1, 0            x1:1c008ec8
15831176ns          260856 1c008ec8 00c12083 lw               x1, 12(x2)           x1=1c009724  x2:10000648  PA:10000654
15831196ns          260857 1c008eca 00000513 addi             x10, x0, 0          x10=00000000
15831216ns          260858 1c008ecc 01010113 addi             x2, x2, 16           x2=10000658  x2:10000648
15831236ns          260859 1c008ece 00008067 jalr             x0, x1, 0            x1:1c009724
15831275ns          260861 1c009724 93f52fe3 p.beqimm         x10, -1730          x10:00000000
15831295ns          260862 1c009728 fff98993 addi             x19, x19, -1        x19=00000000 x19:00000001
15831315ns          260863 1c00972a fe9ff06f jal              x0, -24            
15831375ns          260866 1c009712 01740933 add              x18, x8, x23        x18=00000017  x8:effff96d x23:100006aa
15831395ns          260867 1c009716 980987e3 beq              x19, x0, -1650      x19:00000000
15831494ns          260872 1c0090a4 01400c33 add              x24, x0, x20        x24=100007d0 x20:100007d0
15831514ns          260873 1c0090a6 fa1ff06f jal              x0, -96            
15831633ns          260879 1c009046 0004c503 lbu              x10, 0(x9)          x10=0000000a  x9:1c000253  PA:1c000253
15831932ns          260894 1c00904a 00148b93 addi             x23, x9, 1          x23=1c000254  x9:1c000253
15831952ns          260895 1c00904e 00050b63 beq              x10, x0, 22         x10:0000000a
15831972ns          260896 1c009050 02500793 addi             x15, x0, 37         x15=00000025
15831991ns          260897 1c009054 14f50563 beq              x10, x15, 330       x10:0000000a x15:00000025
15832011ns          260898 1c009058 01c12583 lw               x11, 28(x2)         x11=00000002  x2:10000658  PA:10000674
15832031ns          260899 1c00905a 01812703 lw               x14, 24(x2)         x14=1c008ebe  x2:10000658  PA:10000670
15832091ns          260902 1c00905c 000700e7 jalr             x1, x14, 0           x1=1c00905e x14:1c008ebe
15832131ns          260904 1c008ebe ff010113 addi             x2, x2, -16          x2=10000648  x2:10000658
15832151ns          260905 1c008ec0 0ff57513 andi             x10, x10, 255       x10=0000000a x10:0000000a
15832170ns          260906 1c008ec4 00112623 sw               x1, 12(x2)           x1:1c00905e  x2:10000648  PA:10000654
15832190ns          260907 1c008ec6 f07ff0ef jal              x1, -250             x1=1c008ec8
15832270ns          260911 1c008dcc 000026b7 lui              x13, 0x2000         x13=00002000
15832727ns          260934 1c008dce f14027f3 csrrs            x15, x0, 0xf14      x15=00000000
15832767ns          260936 1c008dd2 f8068693 addi             x13, x13, -128      x13=00001f80 x13:00002000
15832787ns          260937 1c008dd6 00279713 slli             x14, x15, 0x2       x14=00000000 x15:00000000
15832807ns          260938 1c008dda 00379793 slli             x15, x15, 0x3       x15=00000000 x15:00000000
15832827ns          260939 1c008ddc 00d77733 and              x14, x14, x13       x14=00000000 x14:00000000 x13:00001f80
15832847ns          260940 1c008dde ee87b7b3 p.bclr           x15, x15, 23, 8     x15=00000000 x15:00000000
15832867ns          260941 1c008de2 1a10f6b7 lui              x13, 0x1a10f000     x13=1a10f000
15832887ns          260942 1c008de6 00d787b3 add              x15, x15, x13       x15=1a10f000 x15:00000000 x13:1a10f000
15832906ns          260943 1c008de8 00a767a3 p.sw             x10, x0(x14)        x10:0000000a x14:00000000  PA:1a10f000
15833225ns          260959 1c008dec 00008067 jalr             x0, x1, 0            x1:1c008ec8
15833245ns          260960 1c008ec8 00c12083 lw               x1, 12(x2)           x1=1c00905e  x2:10000648  PA:10000654
15833264ns          260961 1c008eca 00000513 addi             x10, x0, 0          x10=00000000
15833284ns          260962 1c008ecc 01010113 addi             x2, x2, 16           x2=10000658  x2:10000648
15833304ns          260963 1c008ece 00008067 jalr             x0, x1, 0            x1:1c00905e
15833364ns          260966 1c00905e 05f53063 p.bneimm         x10, 64             x10:00000000
15833463ns          260971 1c00909e 00190913 addi             x18, x18, 1         x18=00000018 x18:00000017
15833503ns          260973 1c0090a0 01800a33 add              x20, x0, x24        x20=100007d0 x24:100007d0
15833523ns          260974 1c0090a2 017004b3 add              x9, x0, x23          x9=1c000254 x23:1c000254
15833543ns          260975 1c0090a4 01400c33 add              x24, x0, x20        x24=100007d0 x20:100007d0
15833563ns          260976 1c0090a6 fa1ff06f jal              x0, -96            
15833622ns          260979 1c009046 0004c503 lbu              x10, 0(x9)          x10=00000000  x9:1c000254  PA:1c000254
15833921ns          260994 1c00904a 00148b93 addi             x23, x9, 1          x23=1c000255  x9:1c000254
15833941ns          260995 1c00904e 00050b63 beq              x10, x0, 22         x10:00000000
15834000ns          260998 1c009064 14c12083 lw               x1, 332(x2)          x1=1c008f10  x2:10000658  PA:100007a4
15834020ns          260999 1c009068 14812403 lw               x8, 328(x2)          x8=00000000  x2:10000658  PA:100007a0
15834040ns          261000 1c00906c 01200533 add              x10, x0, x18        x10=00000018 x18:00000018
15834478ns          261022 1c00906e 14412483 lw               x9, 324(x2)          x9=xxxxxxxx  x2:10000658  PA:1000079c
15834518ns          261024 1c009072 14012903 lw               x18, 320(x2)        x18=xxxxxxxx  x2:10000658  PA:10000798
15834537ns          261025 1c009076 13c12983 lw               x19, 316(x2)        x19=xxxxxxxx  x2:10000658  PA:10000794
15834557ns          261026 1c00907a 13812a03 lw               x20, 312(x2)        x20=xxxxxxxx  x2:10000658  PA:10000790
15834995ns          261048 1c00907e 13412a83 lw               x21, 308(x2)        x21=xxxxxxxx  x2:10000658  PA:1000078c
15835035ns          261050 1c009082 13012b03 lw               x22, 304(x2)        x22=xxxxxxxx  x2:10000658  PA:10000788
15835055ns          261051 1c009086 12c12b83 lw               x23, 300(x2)        x23=xxxxxxxx  x2:10000658  PA:10000784
15835075ns          261052 1c00908a 12812c03 lw               x24, 296(x2)        x24=xxxxxxxx  x2:10000658  PA:10000780
15835094ns          261053 1c00908e 12412c83 lw               x25, 292(x2)        x25=xxxxxxxx  x2:10000658  PA:1000077c
15835114ns          261054 1c009092 12012d03 lw               x26, 288(x2)        x26=xxxxxxxx  x2:10000658  PA:10000778
15835134ns          261055 1c009096 11c12d83 lw               x27, 284(x2)        x27=xxxxxxxx  x2:10000658  PA:10000774
15835154ns          261056 1c00909a 15010113 addi             x2, x2, 336          x2=100007a8  x2:10000658
15835174ns          261057 1c00909c 00008067 jalr             x0, x1, 0            x1:1c008f10
15835254ns          261061 1c008f10 01c12083 lw               x1, 28(x2)           x1=1c008c38  x2:100007a8  PA:100007c4
15835273ns          261062 1c008f12 04010113 addi             x2, x2, 64           x2=100007e8  x2:100007a8
15835313ns          261064 1c008f14 00008067 jalr             x0, x1, 0            x1:1c008c38
15835771ns          261087 1c008c38 d9cff0ef jal              x1, -2660            x1=1c008c3c
15836228ns          261110 1c0081d4 fe010113 addi             x2, x2, -32          x2=100007c8  x2:100007e8
15836248ns          261111 1c0081d6 00912a23 sw               x9, 20(x2)           x9:xxxxxxxx  x2:100007c8  PA:100007dc
15836268ns          261112 1c0081d8 1c0024b7 lui              x9, 0x1c002000       x9=1c002000
15836288ns          261113 1c0081dc 01212823 sw               x18, 16(x2)         x18:xxxxxxxx  x2:100007c8  PA:100007d8
15836308ns          261114 1c0081de 01312623 sw               x19, 12(x2)         x19:xxxxxxxx  x2:100007c8  PA:100007d4
15836725ns          261135 1c0081e0 8b048493 addi             x9, x9, -1872        x9=1c0018b0  x9:1c002000
15836765ns          261137 1c0081e4 1c0029b7 lui              x19, 0x1c002000     x19=1c002000
15836785ns          261138 1c0081e8 1c002937 lui              x18, 0x1c002000     x18=1c002000
15836805ns          261139 1c0081ec 01412423 sw               x20, 8(x2)          x20:xxxxxxxx  x2:100007c8  PA:100007d0
15836825ns          261140 1c0081ee 01512223 sw               x21, 4(x2)          x21:xxxxxxxx  x2:100007c8  PA:100007cc
15837243ns          261161 1c0081f0 00112e23 sw               x1, 28(x2)           x1:1c008c3c  x2:100007c8  PA:100007e4
15837262ns          261162 1c0081f2 00812c23 sw               x8, 24(x2)           x8:00000000  x2:100007c8  PA:100007e0
15837282ns          261163 1c0081f4 8d898993 addi             x19, x19, -1832     x19=1c0018d8 x19:1c002000
15837302ns          261164 1c0081f8 90090913 addi             x18, x18, -1792     x18=1c001900 x18:1c002000
15837322ns          261165 1c0081fc 02848a13 addi             x20, x9, 40         x20=1c0018d8  x9:1c0018b0
15837780ns          261188 1c008200 1c000ab7 lui              x21, 0x1c000000     x21=1c000000
15837819ns          261190 1c008204 0044a78b p.lw             x15, 4(x9!)         x15=c076ce34  x9=1c0018b4  x9:1c0018b0  PA:1c0018b0
15838118ns          261205 1c008208 0049a70b p.lw             x14, 4(x19!)        x14=00050009 x19=1c0018dc x19:1c0018d8  PA:1c0018d8
15838436ns          261221 1c00820c 40e78457 pv.srl.h         x8, x15, x14         x8=06030067 x15:c076ce34 x14:00050009
15838456ns          261222 1c008210 0049260b p.lw             x12, 4(x18!)        x12=06030067 x18=1c001904 x18:1c001900  PA:1c001900
15838754ns          261237 1c008214 008005b3 add              x11, x0, x8         x11=06030067  x8:06030067
15838774ns          261238 1c008216 164a8513 addi             x10, x21, 356       x10=1c000164 x21:1c000000
15838794ns          261239 1c00821a f43ff0ef jal              x1, -190             x1=1c00821c
15839311ns          261265 1c00815c 1c0027b7 lui              x15, 0x1c002000     x15=1c002000
15839769ns          261288 1c008160 c7478793 addi             x15, x15, -908      x15=1c001c74 x15:1c002000
15839809ns          261290 1c008164 0007a703 lw               x14, 0(x15)         x14=00000000 x15:1c001c74  PA:1c001c74
15840107ns          261305 1c008166 00c006b3 add              x13, x0, x12        x13=06030067 x12:06030067
15840127ns          261306 1c008168 00170713 addi             x14, x14, 1         x14=00000001 x14:00000000
15840147ns          261307 1c00816a 00e7a023 sw               x14, 0(x15)         x14:00000001 x15:1c001c74  PA:1c001c74
15840465ns          261323 1c00816c 02c58163 beq              x11, x12, 34        x11:06030067 x12:06030067
15840942ns          261347 1c00818e 00008067 jalr             x0, x1, 0            x1:1c00821c
15840982ns          261349 1c00821c ff4494e3 bne              x9, x20, -24         x9:1c0018b4 x20:1c0018d8
15841042ns          261352 1c008204 0044a78b p.lw             x15, 4(x9!)         x15=a41723df  x9=1c0018b8  x9:1c0018b4  PA:1c0018b4
15841340ns          261367 1c008208 0049a70b p.lw             x14, 4(x19!)        x14=00080007 x19=1c0018e0 x19:1c0018dc  PA:1c0018dc
15841678ns          261384 1c00820c 40e78457 pv.srl.h         x8, x15, x14         x8=00a40047 x15:a41723df x14:00080007
15841698ns          261385 1c008210 0049260b p.lw             x12, 4(x18!)        x12=00a40047 x18=1c001908 x18:1c001904  PA:1c001904
15842016ns          261401 1c008214 008005b3 add              x11, x0, x8         x11=00a40047  x8:00a40047
15842036ns          261402 1c008216 164a8513 addi             x10, x21, 356       x10=1c000164 x21:1c000000
15842056ns          261403 1c00821a f43ff0ef jal              x1, -190             x1=1c00821c
15842096ns          261405 1c00815c 1c0027b7 lui              x15, 0x1c002000     x15=1c002000
15842116ns          261406 1c008160 c7478793 addi             x15, x15, -908      x15=1c001c74 x15:1c002000
15842136ns          261407 1c008164 0007a703 lw               x14, 0(x15)         x14=00000001 x15:1c001c74  PA:1c001c74
15842434ns          261422 1c008166 00c006b3 add              x13, x0, x12        x13=00a40047 x12:00a40047
15842454ns          261423 1c008168 00170713 addi             x14, x14, 1         x14=00000002 x14:00000001
15842474ns          261424 1c00816a 00e7a023 sw               x14, 0(x15)         x14:00000002 x15:1c001c74  PA:1c001c74
15842792ns          261440 1c00816c 02c58163 beq              x11, x12, 34        x11:00a40047 x12:00a40047
15842852ns          261443 1c00818e 00008067 jalr             x0, x1, 0            x1:1c00821c
15843369ns          261469 1c00821c ff4494e3 bne              x9, x20, -24         x9:1c0018b8 x20:1c0018d8
15843429ns          261472 1c008204 0044a78b p.lw             x15, 4(x9!)         x15=52ada926  x9=1c0018bc  x9:1c0018b8  PA:1c0018b8
15843747ns          261488 1c008208 0049a70b p.lw             x14, 4(x19!)        x14=000a0002 x19=1c0018e4 x19:1c0018e0  PA:1c0018e0
15844065ns          261504 1c00820c 40e78457 pv.srl.h         x8, x15, x14         x8=00142a49 x15:52ada926 x14:000a0002
15844085ns          261505 1c008210 0049260b p.lw             x12, 4(x18!)        x12=00142a49 x18=1c00190c x18:1c001908  PA:1c001908
15844403ns          261521 1c008214 008005b3 add              x11, x0, x8         x11=00142a49  x8:00142a49
15844423ns          261522 1c008216 164a8513 addi             x10, x21, 356       x10=1c000164 x21:1c000000
15844443ns          261523 1c00821a f43ff0ef jal              x1, -190             x1=1c00821c
15844483ns          261525 1c00815c 1c0027b7 lui              x15, 0x1c002000     x15=1c002000
15844503ns          261526 1c008160 c7478793 addi             x15, x15, -908      x15=1c001c74 x15:1c002000
15844523ns          261527 1c008164 0007a703 lw               x14, 0(x15)         x14=00000002 x15:1c001c74  PA:1c001c74
15844821ns          261542 1c008166 00c006b3 add              x13, x0, x12        x13=00142a49 x12:00142a49
15844841ns          261543 1c008168 00170713 addi             x14, x14, 1         x14=00000003 x14:00000002
15844861ns          261544 1c00816a 00e7a023 sw               x14, 0(x15)         x14:00000003 x15:1c001c74  PA:1c001c74
15845179ns          261560 1c00816c 02c58163 beq              x11, x12, 34        x11:00142a49 x12:00142a49
15845239ns          261563 1c00818e 00008067 jalr             x0, x1, 0            x1:1c00821c
15845278ns          261565 1c00821c ff4494e3 bne              x9, x20, -24         x9:1c0018bc x20:1c0018d8
15845338ns          261568 1c008204 0044a78b p.lw             x15, 4(x9!)         x15=75cf12bc  x9=1c0018c0  x9:1c0018bc  PA:1c0018bc
15845656ns          261584 1c008208 0049a70b p.lw             x14, 4(x19!)        x14=000e000f x19=1c0018e8 x19:1c0018e4  PA:1c0018e4
15845975ns          261600 1c00820c 40e78457 pv.srl.h         x8, x15, x14         x8=00010000 x15:75cf12bc x14:000e000f
15845995ns          261601 1c008210 0049260b p.lw             x12, 4(x18!)        x12=00010000 x18=1c001910 x18:1c00190c  PA:1c00190c
15846293ns          261616 1c008214 008005b3 add              x11, x0, x8         x11=00010000  x8:00010000
15846313ns          261617 1c008216 164a8513 addi             x10, x21, 356       x10=1c000164 x21:1c000000
15846333ns          261618 1c00821a f43ff0ef jal              x1, -190             x1=1c00821c
15846372ns          261620 1c00815c 1c0027b7 lui              x15, 0x1c002000     x15=1c002000
15846392ns          261621 1c008160 c7478793 addi             x15, x15, -908      x15=1c001c74 x15:1c002000
15846412ns          261622 1c008164 0007a703 lw               x14, 0(x15)         x14=00000003 x15:1c001c74  PA:1c001c74
15846711ns          261637 1c008166 00c006b3 add              x13, x0, x12        x13=00010000 x12:00010000
15846730ns          261638 1c008168 00170713 addi             x14, x14, 1         x14=00000004 x14:00000003
15846750ns          261639 1c00816a 00e7a023 sw               x14, 0(x15)         x14:00000004 x15:1c001c74  PA:1c001c74
15847089ns          261656 1c00816c 02c58163 beq              x11, x12, 34        x11:00010000 x12:00010000
15847148ns          261659 1c00818e 00008067 jalr             x0, x1, 0            x1:1c00821c
15847188ns          261661 1c00821c ff4494e3 bne              x9, x20, -24         x9:1c0018c0 x20:1c0018d8
15847248ns          261664 1c008204 0044a78b p.lw             x15, 4(x9!)         x15=7bb22afb  x9=1c0018c4  x9:1c0018c0  PA:1c0018c0
15847566ns          261680 1c008208 0049a70b p.lw             x14, 4(x19!)        x14=00030009 x19=1c0018ec x19:1c0018e8  PA:1c0018e8
15847884ns          261696 1c00820c 40e78457 pv.srl.h         x8, x15, x14         x8=0f760015 x15:7bb22afb x14:00030009
15847904ns          261697 1c008210 0049260b p.lw             x12, 4(x18!)        x12=0f760015 x18=1c001914 x18:1c001910  PA:1c001910
15848202ns          261712 1c008214 008005b3 add              x11, x0, x8         x11=0f760015  x8:0f760015
15848222ns          261713 1c008216 164a8513 addi             x10, x21, 356       x10=1c000164 x21:1c000000
15848242ns          261714 1c00821a f43ff0ef jal              x1, -190             x1=1c00821c
15848282ns          261716 1c00815c 1c0027b7 lui              x15, 0x1c002000     x15=1c002000
15848302ns          261717 1c008160 c7478793 addi             x15, x15, -908      x15=1c001c74 x15:1c002000
15848322ns          261718 1c008164 0007a703 lw               x14, 0(x15)         x14=00000004 x15:1c001c74  PA:1c001c74
15848620ns          261733 1c008166 00c006b3 add              x13, x0, x12        x13=0f760015 x12:0f760015
15848640ns          261734 1c008168 00170713 addi             x14, x14, 1         x14=00000005 x14:00000004
15848660ns          261735 1c00816a 00e7a023 sw               x14, 0(x15)         x14:00000005 x15:1c001c74  PA:1c001c74
15848978ns          261751 1c00816c 02c58163 beq              x11, x12, 34        x11:0f760015 x12:0f760015
15849038ns          261754 1c00818e 00008067 jalr             x0, x1, 0            x1:1c00821c
15849078ns          261756 1c00821c ff4494e3 bne              x9, x20, -24         x9:1c0018c4 x20:1c0018d8
15849137ns          261759 1c008204 0044a78b p.lw             x15, 4(x9!)         x15=b2016485  x9=1c0018c8  x9:1c0018c4  PA:1c0018c4
15849436ns          261774 1c008208 0049a70b p.lw             x14, 4(x19!)        x14=000e0002 x19=1c0018f0 x19:1c0018ec  PA:1c0018ec
15849774ns          261791 1c00820c 40e78457 pv.srl.h         x8, x15, x14         x8=00021921 x15:b2016485 x14:000e0002
15849794ns          261792 1c008210 0049260b p.lw             x12, 4(x18!)        x12=00021921 x18=1c001918 x18:1c001914  PA:1c001914
15850112ns          261808 1c008214 008005b3 add              x11, x0, x8         x11=00021921  x8:00021921
15850132ns          261809 1c008216 164a8513 addi             x10, x21, 356       x10=1c000164 x21:1c000000
15850152ns          261810 1c00821a f43ff0ef jal              x1, -190             x1=1c00821c
15850191ns          261812 1c00815c 1c0027b7 lui              x15, 0x1c002000     x15=1c002000
15850211ns          261813 1c008160 c7478793 addi             x15, x15, -908      x15=1c001c74 x15:1c002000
15850231ns          261814 1c008164 0007a703 lw               x14, 0(x15)         x14=00000005 x15:1c001c74  PA:1c001c74
15850530ns          261829 1c008166 00c006b3 add              x13, x0, x12        x13=00021921 x12:00021921
15850550ns          261830 1c008168 00170713 addi             x14, x14, 1         x14=00000006 x14:00000005
15850569ns          261831 1c00816a 00e7a023 sw               x14, 0(x15)         x14:00000006 x15:1c001c74  PA:1c001c74
15850888ns          261847 1c00816c 02c58163 beq              x11, x12, 34        x11:00021921 x12:00021921
15850947ns          261850 1c00818e 00008067 jalr             x0, x1, 0            x1:1c00821c
15850987ns          261852 1c00821c ff4494e3 bne              x9, x20, -24         x9:1c0018c8 x20:1c0018d8
15851047ns          261855 1c008204 0044a78b p.lw             x15, 4(x9!)         x15=1ff32335  x9=1c0018cc  x9:1c0018c8  PA:1c0018c8
15851345ns          261870 1c008208 0049a70b p.lw             x14, 4(x19!)        x14=00070004 x19=1c0018f4 x19:1c0018f0  PA:1c0018f0
15851683ns          261887 1c00820c 40e78457 pv.srl.h         x8, x15, x14         x8=003f0233 x15:1ff32335 x14:00070004
15851703ns          261888 1c008210 0049260b p.lw             x12, 4(x18!)        x12=003f0233 x18=1c00191c x18:1c001918  PA:1c001918
15852002ns          261903 1c008214 008005b3 add              x11, x0, x8         x11=003f0233  x8:003f0233
15852021ns          261904 1c008216 164a8513 addi             x10, x21, 356       x10=1c000164 x21:1c000000
15852041ns          261905 1c00821a f43ff0ef jal              x1, -190             x1=1c00821c
15852081ns          261907 1c00815c 1c0027b7 lui              x15, 0x1c002000     x15=1c002000
15852101ns          261908 1c008160 c7478793 addi             x15, x15, -908      x15=1c001c74 x15:1c002000
15852121ns          261909 1c008164 0007a703 lw               x14, 0(x15)         x14=00000006 x15:1c001c74  PA:1c001c74
15852419ns          261924 1c008166 00c006b3 add              x13, x0, x12        x13=003f0233 x12:003f0233
15852439ns          261925 1c008168 00170713 addi             x14, x14, 1         x14=00000007 x14:00000006
15852459ns          261926 1c00816a 00e7a023 sw               x14, 0(x15)         x14:00000007 x15:1c001c74  PA:1c001c74
15852797ns          261943 1c00816c 02c58163 beq              x11, x12, 34        x11:003f0233 x12:003f0233
15852857ns          261946 1c00818e 00008067 jalr             x0, x1, 0            x1:1c00821c
15852897ns          261948 1c00821c ff4494e3 bne              x9, x20, -24         x9:1c0018cc x20:1c0018d8
15852956ns          261951 1c008204 0044a78b p.lw             x15, 4(x9!)         x15=c6d3b9df  x9=1c0018d0  x9:1c0018cc  PA:1c0018cc
15853255ns          261966 1c008208 0049a70b p.lw             x14, 4(x19!)        x14=000a000b x19=1c0018f8 x19:1c0018f4  PA:1c0018f4
15853573ns          261982 1c00820c 40e78457 pv.srl.h         x8, x15, x14         x8=00310017 x15:c6d3b9df x14:000a000b
15853593ns          261983 1c008210 0049260b p.lw             x12, 4(x18!)        x12=00310017 x18=1c001920 x18:1c00191c  PA:1c00191c
15853891ns          261998 1c008214 008005b3 add              x11, x0, x8         x11=00310017  x8:00310017
15853911ns          261999 1c008216 164a8513 addi             x10, x21, 356       x10=1c000164 x21:1c000000
15853931ns          262000 1c00821a f43ff0ef jal              x1, -190             x1=1c00821c
15853971ns          262002 1c00815c 1c0027b7 lui              x15, 0x1c002000     x15=1c002000
15853991ns          262003 1c008160 c7478793 addi             x15, x15, -908      x15=1c001c74 x15:1c002000
15854011ns          262004 1c008164 0007a703 lw               x14, 0(x15)         x14=00000007 x15:1c001c74  PA:1c001c74
15854309ns          262019 1c008166 00c006b3 add              x13, x0, x12        x13=00310017 x12:00310017
15854329ns          262020 1c008168 00170713 addi             x14, x14, 1         x14=00000008 x14:00000007
15854349ns          262021 1c00816a 00e7a023 sw               x14, 0(x15)         x14:00000008 x15:1c001c74  PA:1c001c74
15854667ns          262037 1c00816c 02c58163 beq              x11, x12, 34        x11:00310017 x12:00310017
15854727ns          262040 1c00818e 00008067 jalr             x0, x1, 0            x1:1c00821c
15854766ns          262042 1c00821c ff4494e3 bne              x9, x20, -24         x9:1c0018d0 x20:1c0018d8
15854826ns          262045 1c008204 0044a78b p.lw             x15, 4(x9!)         x15=9f4f7167  x9=1c0018d4  x9:1c0018d0  PA:1c0018d0
15855124ns          262060 1c008208 0049a70b p.lw             x14, 4(x19!)        x14=000b0006 x19=1c0018fc x19:1c0018f8  PA:1c0018f8
15855443ns          262076 1c00820c 40e78457 pv.srl.h         x8, x15, x14         x8=001301c5 x15:9f4f7167 x14:000b0006
15855463ns          262077 1c008210 0049260b p.lw             x12, 4(x18!)        x12=001301c5 x18=1c001924 x18:1c001920  PA:1c001920
15855761ns          262092 1c008214 008005b3 add              x11, x0, x8         x11=001301c5  x8:001301c5
15855781ns          262093 1c008216 164a8513 addi             x10, x21, 356       x10=1c000164 x21:1c000000
15855801ns          262094 1c00821a f43ff0ef jal              x1, -190             x1=1c00821c
15855840ns          262096 1c00815c 1c0027b7 lui              x15, 0x1c002000     x15=1c002000
15855860ns          262097 1c008160 c7478793 addi             x15, x15, -908      x15=1c001c74 x15:1c002000
15855880ns          262098 1c008164 0007a703 lw               x14, 0(x15)         x14=00000008 x15:1c001c74  PA:1c001c74
15856179ns          262113 1c008166 00c006b3 add              x13, x0, x12        x13=001301c5 x12:001301c5
15856198ns          262114 1c008168 00170713 addi             x14, x14, 1         x14=00000009 x14:00000008
15856218ns          262115 1c00816a 00e7a023 sw               x14, 0(x15)         x14:00000009 x15:1c001c74  PA:1c001c74
15856537ns          262131 1c00816c 02c58163 beq              x11, x12, 34        x11:001301c5 x12:001301c5
15856596ns          262134 1c00818e 00008067 jalr             x0, x1, 0            x1:1c00821c
15856636ns          262136 1c00821c ff4494e3 bne              x9, x20, -24         x9:1c0018d4 x20:1c0018d8
15856696ns          262139 1c008204 0044a78b p.lw             x15, 4(x9!)         x15=885116b1  x9=1c0018d8  x9:1c0018d4  PA:1c0018d4
15856994ns          262154 1c008208 0049a70b p.lw             x14, 4(x19!)        x14=000d0002 x19=1c001900 x19:1c0018fc  PA:1c0018fc
15857332ns          262171 1c00820c 40e78457 pv.srl.h         x8, x15, x14         x8=000405ac x15:885116b1 x14:000d0002
15857352ns          262172 1c008210 0049260b p.lw             x12, 4(x18!)        x12=000405ac x18=1c001928 x18:1c001924  PA:1c001924
15857670ns          262188 1c008214 008005b3 add              x11, x0, x8         x11=000405ac  x8:000405ac
15857690ns          262189 1c008216 164a8513 addi             x10, x21, 356       x10=1c000164 x21:1c000000
15857710ns          262190 1c00821a f43ff0ef jal              x1, -190             x1=1c00821c
15857750ns          262192 1c00815c 1c0027b7 lui              x15, 0x1c002000     x15=1c002000
15857770ns          262193 1c008160 c7478793 addi             x15, x15, -908      x15=1c001c74 x15:1c002000
15857790ns          262194 1c008164 0007a703 lw               x14, 0(x15)         x14=00000009 x15:1c001c74  PA:1c001c74
15858088ns          262209 1c008166 00c006b3 add              x13, x0, x12        x13=000405ac x12:000405ac
15858108ns          262210 1c008168 00170713 addi             x14, x14, 1         x14=0000000a x14:00000009
15858128ns          262211 1c00816a 00e7a023 sw               x14, 0(x15)         x14:0000000a x15:1c001c74  PA:1c001c74
15858446ns          262227 1c00816c 02c58163 beq              x11, x12, 34        x11:000405ac x12:000405ac
15858506ns          262230 1c00818e 00008067 jalr             x0, x1, 0            x1:1c00821c
15858546ns          262232 1c00821c ff4494e3 bne              x9, x20, -24         x9:1c0018d8 x20:1c0018d8
15858565ns          262233 1c008220 1c0024b7 lui              x9, 0x1c002000       x9=1c002000
15858585ns          262234 1c008224 92848493 addi             x9, x9, -1752        x9=1c001928  x9:1c002000
15858605ns          262235 1c008228 1c0029b7 lui              x19, 0x1c002000     x19=1c002000
15858625ns          262236 1c00822c 1c002937 lui              x18, 0x1c002000     x18=1c002000
15859083ns          262259 1c008230 95098993 addi             x19, x19, -1712     x19=1c001950 x19:1c002000
15859122ns          262261 1c008234 97890913 addi             x18, x18, -1672     x18=1c001978 x18:1c002000
15859142ns          262262 1c008238 02848a13 addi             x20, x9, 40         x20=1c001950  x9:1c001928
15859162ns          262263 1c00823c 1c000ab7 lui              x21, 0x1c000000     x21=1c000000
15859600ns          262285 1c008240 0044a78b p.lw             x15, 4(x9!)         x15=f706829f  x9=1c00192c  x9:1c001928  PA:1c001928
15859938ns          262302 1c008244 0049a70b p.lw             x14, 4(x19!)        x14=00080003 x19=1c001954 x19:1c001950  PA:1c001950
15860256ns          262318 1c008248 40e7c457 pv.srl.sc.h      x8, x15, x14         x8=1ee01053 x15:f706829f x14:00030003
15860276ns          262319 1c00824c 0049260b p.lw             x12, 4(x18!)        x12=1ee01053 x18=1c00197c x18:1c001978  PA:1c001978
15860574ns          262334 1c008250 008005b3 add              x11, x0, x8         x11=1ee01053  x8:1ee01053
15860594ns          262335 1c008252 170a8513 addi             x10, x21, 368       x10=1c000170 x21:1c000000
15860614ns          262336 1c008256 f07ff0ef jal              x1, -250             x1=1c008258
15860694ns          262340 1c00815c 1c0027b7 lui              x15, 0x1c002000     x15=1c002000
15860734ns          262342 1c008160 c7478793 addi             x15, x15, -908      x15=1c001c74 x15:1c002000
15860753ns          262343 1c008164 0007a703 lw               x14, 0(x15)         x14=0000000a x15:1c001c74  PA:1c001c74
15861072ns          262359 1c008166 00c006b3 add              x13, x0, x12        x13=1ee01053 x12:1ee01053
15861092ns          262360 1c008168 00170713 addi             x14, x14, 1         x14=0000000b x14:0000000a
15861112ns          262361 1c00816a 00e7a023 sw               x14, 0(x15)         x14:0000000b x15:1c001c74  PA:1c001c74
15861430ns          262377 1c00816c 02c58163 beq              x11, x12, 34        x11:1ee01053 x12:1ee01053
15861489ns          262380 1c00818e 00008067 jalr             x0, x1, 0            x1:1c008258
15861569ns          262384 1c008258 ff4494e3 bne              x9, x20, -24         x9:1c00192c x20:1c001950
15861629ns          262387 1c008240 0044a78b p.lw             x15, 4(x9!)         x15=3bc79528  x9=1c001930  x9:1c00192c  PA:1c00192c
15861927ns          262402 1c008244 0049a70b p.lw             x14, 4(x19!)        x14=000e000f x19=1c001958 x19:1c001954  PA:1c001954
15862245ns          262418 1c008248 40e7c457 pv.srl.sc.h      x8, x15, x14         x8=00000001 x15:3bc79528 x14:000f000f
15862265ns          262419 1c00824c 0049260b p.lw             x12, 4(x18!)        x12=00000001 x18=1c001980 x18:1c00197c  PA:1c00197c
15862564ns          262434 1c008250 008005b3 add              x11, x0, x8         x11=00000001  x8:00000001
15862583ns          262435 1c008252 170a8513 addi             x10, x21, 368       x10=1c000170 x21:1c000000
15862603ns          262436 1c008256 f07ff0ef jal              x1, -250             x1=1c008258
15862643ns          262438 1c00815c 1c0027b7 lui              x15, 0x1c002000     x15=1c002000
15862663ns          262439 1c008160 c7478793 addi             x15, x15, -908      x15=1c001c74 x15:1c002000
15862683ns          262440 1c008164 0007a703 lw               x14, 0(x15)         x14=0000000b x15:1c001c74  PA:1c001c74
15863001ns          262456 1c008166 00c006b3 add              x13, x0, x12        x13=00000001 x12:00000001
15863021ns          262457 1c008168 00170713 addi             x14, x14, 1         x14=0000000c x14:0000000b
15863041ns          262458 1c00816a 00e7a023 sw               x14, 0(x15)         x14:0000000c x15:1c001c74  PA:1c001c74
15863359ns          262474 1c00816c 02c58163 beq              x11, x12, 34        x11:00000001 x12:00000001
15863419ns          262477 1c00818e 00008067 jalr             x0, x1, 0            x1:1c008258
15863459ns          262479 1c008258 ff4494e3 bne              x9, x20, -24         x9:1c001930 x20:1c001950
15863956ns          262504 1c008240 0044a78b p.lw             x15, 4(x9!)         x15=04236f94  x9=1c001934  x9:1c001930  PA:1c001930
15864274ns          262520 1c008244 0049a70b p.lw             x14, 4(x19!)        x14=000d0006 x19=1c00195c x19:1c001958  PA:1c001958
15864592ns          262536 1c008248 40e7c457 pv.srl.sc.h      x8, x15, x14         x8=001001be x15:04236f94 x14:00060006
15864612ns          262537 1c00824c 0049260b p.lw             x12, 4(x18!)        x12=001001be x18=1c001984 x18:1c001980  PA:1c001980
15864911ns          262552 1c008250 008005b3 add              x11, x0, x8         x11=001001be  x8:001001be
15864931ns          262553 1c008252 170a8513 addi             x10, x21, 368       x10=1c000170 x21:1c000000
15864950ns          262554 1c008256 f07ff0ef jal              x1, -250             x1=1c008258
15864990ns          262556 1c00815c 1c0027b7 lui              x15, 0x1c002000     x15=1c002000
15865010ns          262557 1c008160 c7478793 addi             x15, x15, -908      x15=1c001c74 x15:1c002000
15865030ns          262558 1c008164 0007a703 lw               x14, 0(x15)         x14=0000000c x15:1c001c74  PA:1c001c74
15865328ns          262573 1c008166 00c006b3 add              x13, x0, x12        x13=001001be x12:001001be
15865348ns          262574 1c008168 00170713 addi             x14, x14, 1         x14=0000000d x14:0000000c
15865368ns          262575 1c00816a 00e7a023 sw               x14, 0(x15)         x14:0000000d x15:1c001c74  PA:1c001c74
15865706ns          262592 1c00816c 02c58163 beq              x11, x12, 34        x11:001001be x12:001001be
15865766ns          262595 1c00818e 00008067 jalr             x0, x1, 0            x1:1c008258
15865806ns          262597 1c008258 ff4494e3 bne              x9, x20, -24         x9:1c001934 x20:1c001950
15865865ns          262600 1c008240 0044a78b p.lw             x15, 4(x9!)         x15=b0f39e80  x9=1c001938  x9:1c001934  PA:1c001934
15866164ns          262615 1c008244 0049a70b p.lw             x14, 4(x19!)        x14=0009000e x19=1c001960 x19:1c00195c  PA:1c00195c
15866482ns          262631 1c008248 40e7c457 pv.srl.sc.h      x8, x15, x14         x8=00020002 x15:b0f39e80 x14:000e000e
15866502ns          262632 1c00824c 0049260b p.lw             x12, 4(x18!)        x12=00020002 x18=1c001988 x18:1c001984  PA:1c001984
15866800ns          262647 1c008250 008005b3 add              x11, x0, x8         x11=00020002  x8:00020002
15866820ns          262648 1c008252 170a8513 addi             x10, x21, 368       x10=1c000170 x21:1c000000
15866840ns          262649 1c008256 f07ff0ef jal              x1, -250             x1=1c008258
15866880ns          262651 1c00815c 1c0027b7 lui              x15, 0x1c002000     x15=1c002000
15866900ns          262652 1c008160 c7478793 addi             x15, x15, -908      x15=1c001c74 x15:1c002000
15866920ns          262653 1c008164 0007a703 lw               x14, 0(x15)         x14=0000000d x15:1c001c74  PA:1c001c74
15867218ns          262668 1c008166 00c006b3 add              x13, x0, x12        x13=00020002 x12:00020002
15867238ns          262669 1c008168 00170713 addi             x14, x14, 1         x14=0000000e x14:0000000d
15867258ns          262670 1c00816a 00e7a023 sw               x14, 0(x15)         x14:0000000e x15:1c001c74  PA:1c001c74
15867576ns          262686 1c00816c 02c58163 beq              x11, x12, 34        x11:00020002 x12:00020002
15867636ns          262689 1c00818e 00008067 jalr             x0, x1, 0            x1:1c008258
15867675ns          262691 1c008258 ff4494e3 bne              x9, x20, -24         x9:1c001938 x20:1c001950
15867735ns          262694 1c008240 0044a78b p.lw             x15, 4(x9!)         x15=aa995e1c  x9=1c00193c  x9:1c001938  PA:1c001938
15868053ns          262710 1c008244 0049a70b p.lw             x14, 4(x19!)        x14=000e0003 x19=1c001964 x19:1c001960  PA:1c001960
15868392ns          262727 1c008248 40e7c457 pv.srl.sc.h      x8, x15, x14         x8=15530bc3 x15:aa995e1c x14:00030003
15868411ns          262728 1c00824c 0049260b p.lw             x12, 4(x18!)        x12=15530bc3 x18=1c00198c x18:1c001988  PA:1c001988
15868710ns          262743 1c008250 008005b3 add              x11, x0, x8         x11=15530bc3  x8:15530bc3
15868730ns          262744 1c008252 170a8513 addi             x10, x21, 368       x10=1c000170 x21:1c000000
15868750ns          262745 1c008256 f07ff0ef jal              x1, -250             x1=1c008258
15868789ns          262747 1c00815c 1c0027b7 lui              x15, 0x1c002000     x15=1c002000
15868809ns          262748 1c008160 c7478793 addi             x15, x15, -908      x15=1c001c74 x15:1c002000
15868829ns          262749 1c008164 0007a703 lw               x14, 0(x15)         x14=0000000e x15:1c001c74  PA:1c001c74
15869127ns          262764 1c008166 00c006b3 add              x13, x0, x12        x13=15530bc3 x12:15530bc3
15869147ns          262765 1c008168 00170713 addi             x14, x14, 1         x14=0000000f x14:0000000e
15869167ns          262766 1c00816a 00e7a023 sw               x14, 0(x15)         x14:0000000f x15:1c001c74  PA:1c001c74
15869486ns          262782 1c00816c 02c58163 beq              x11, x12, 34        x11:15530bc3 x12:15530bc3
15869545ns          262785 1c00818e 00008067 jalr             x0, x1, 0            x1:1c008258
15869585ns          262787 1c008258 ff4494e3 bne              x9, x20, -24         x9:1c00193c x20:1c001950
15869645ns          262790 1c008240 0044a78b p.lw             x15, 4(x9!)         x15=06db708a  x9=1c001940  x9:1c00193c  PA:1c00193c
15869943ns          262805 1c008244 0049a70b p.lw             x14, 4(x19!)        x14=00000002 x19=1c001968 x19:1c001964  PA:1c001964
15870261ns          262821 1c008248 40e7c457 pv.srl.sc.h      x8, x15, x14         x8=01b61c22 x15:06db708a x14:00020002
15870281ns          262822 1c00824c 0049260b p.lw             x12, 4(x18!)        x12=01b61c22 x18=1c001990 x18:1c00198c  PA:1c00198c
15870599ns          262838 1c008250 008005b3 add              x11, x0, x8         x11=01b61c22  x8:01b61c22
15870619ns          262839 1c008252 170a8513 addi             x10, x21, 368       x10=1c000170 x21:1c000000
15870639ns          262840 1c008256 f07ff0ef jal              x1, -250             x1=1c008258
15870679ns          262842 1c00815c 1c0027b7 lui              x15, 0x1c002000     x15=1c002000
15870699ns          262843 1c008160 c7478793 addi             x15, x15, -908      x15=1c001c74 x15:1c002000
15870719ns          262844 1c008164 0007a703 lw               x14, 0(x15)         x14=0000000f x15:1c001c74  PA:1c001c74
15871037ns          262860 1c008166 00c006b3 add              x13, x0, x12        x13=01b61c22 x12:01b61c22
15871057ns          262861 1c008168 00170713 addi             x14, x14, 1         x14=00000010 x14:0000000f
15871077ns          262862 1c00816a 00e7a023 sw               x14, 0(x15)         x14:00000010 x15:1c001c74  PA:1c001c74
15871395ns          262878 1c00816c 02c58163 beq              x11, x12, 34        x11:01b61c22 x12:01b61c22
15871455ns          262881 1c00818e 00008067 jalr             x0, x1, 0            x1:1c008258
15871494ns          262883 1c008258 ff4494e3 bne              x9, x20, -24         x9:1c001940 x20:1c001950
15871554ns          262886 1c008240 0044a78b p.lw             x15, 4(x9!)         x15=bb685243  x9=1c001944  x9:1c001940  PA:1c001940
15871872ns          262902 1c008244 0049a70b p.lw             x14, 4(x19!)        x14=00040001 x19=1c00196c x19:1c001968  PA:1c001968
15872191ns          262918 1c008248 40e7c457 pv.srl.sc.h      x8, x15, x14         x8=5db42921 x15:bb685243 x14:00010001
15872211ns          262919 1c00824c 0049260b p.lw             x12, 4(x18!)        x12=5db42921 x18=1c001994 x18:1c001990  PA:1c001990
15872509ns          262934 1c008250 008005b3 add              x11, x0, x8         x11=5db42921  x8:5db42921
15872529ns          262935 1c008252 170a8513 addi             x10, x21, 368       x10=1c000170 x21:1c000000
15872549ns          262936 1c008256 f07ff0ef jal              x1, -250             x1=1c008258
15872588ns          262938 1c00815c 1c0027b7 lui              x15, 0x1c002000     x15=1c002000
15872608ns          262939 1c008160 c7478793 addi             x15, x15, -908      x15=1c001c74 x15:1c002000
15872628ns          262940 1c008164 0007a703 lw               x14, 0(x15)         x14=00000010 x15:1c001c74  PA:1c001c74
15872927ns          262955 1c008166 00c006b3 add              x13, x0, x12        x13=5db42921 x12:5db42921
15872947ns          262956 1c008168 00170713 addi             x14, x14, 1         x14=00000011 x14:00000010
15872966ns          262957 1c00816a 00e7a023 sw               x14, 0(x15)         x14:00000011 x15:1c001c74  PA:1c001c74
15873285ns          262973 1c00816c 02c58163 beq              x11, x12, 34        x11:5db42921 x12:5db42921
15873344ns          262976 1c00818e 00008067 jalr             x0, x1, 0            x1:1c008258
15873384ns          262978 1c008258 ff4494e3 bne              x9, x20, -24         x9:1c001944 x20:1c001950
15873444ns          262981 1c008240 0044a78b p.lw             x15, 4(x9!)         x15=6051b9e5  x9=1c001948  x9:1c001944  PA:1c001944
15873742ns          262996 1c008244 0049a70b p.lw             x14, 4(x19!)        x14=0000000c x19=1c001970 x19:1c00196c  PA:1c00196c
15874060ns          263012 1c008248 40e7c457 pv.srl.sc.h      x8, x15, x14         x8=0006000b x15:6051b9e5 x14:000c000c
15874080ns          263013 1c00824c 0049260b p.lw             x12, 4(x18!)        x12=0006000b x18=1c001998 x18:1c001994  PA:1c001994
15874379ns          263028 1c008250 008005b3 add              x11, x0, x8         x11=0006000b  x8:0006000b
15874399ns          263029 1c008252 170a8513 addi             x10, x21, 368       x10=1c000170 x21:1c000000
15874418ns          263030 1c008256 f07ff0ef jal              x1, -250             x1=1c008258
15874458ns          263032 1c00815c 1c0027b7 lui              x15, 0x1c002000     x15=1c002000
15874478ns          263033 1c008160 c7478793 addi             x15, x15, -908      x15=1c001c74 x15:1c002000
15874498ns          263034 1c008164 0007a703 lw               x14, 0(x15)         x14=00000011 x15:1c001c74  PA:1c001c74
15874796ns          263049 1c008166 00c006b3 add              x13, x0, x12        x13=0006000b x12:0006000b
15874816ns          263050 1c008168 00170713 addi             x14, x14, 1         x14=00000012 x14:00000011
15874836ns          263051 1c00816a 00e7a023 sw               x14, 0(x15)         x14:00000012 x15:1c001c74  PA:1c001c74
15875154ns          263067 1c00816c 02c58163 beq              x11, x12, 34        x11:0006000b x12:0006000b
15875214ns          263070 1c00818e 00008067 jalr             x0, x1, 0            x1:1c008258
15875254ns          263072 1c008258 ff4494e3 bne              x9, x20, -24         x9:1c001948 x20:1c001950
15875314ns          263075 1c008240 0044a78b p.lw             x15, 4(x9!)         x15=a7f260cf  x9=1c00194c  x9:1c001948  PA:1c001948
15875612ns          263090 1c008244 0049a70b p.lw             x14, 4(x19!)        x14=0009000c x19=1c001974 x19:1c001970  PA:1c001970
15875930ns          263106 1c008248 40e7c457 pv.srl.sc.h      x8, x15, x14         x8=000a0006 x15:a7f260cf x14:000c000c
15875950ns          263107 1c00824c 0049260b p.lw             x12, 4(x18!)        x12=000a0006 x18=1c00199c x18:1c001998  PA:1c001998
15876268ns          263123 1c008250 008005b3 add              x11, x0, x8         x11=000a0006  x8:000a0006
15876288ns          263124 1c008252 170a8513 addi             x10, x21, 368       x10=1c000170 x21:1c000000
15876308ns          263125 1c008256 f07ff0ef jal              x1, -250             x1=1c008258
15876348ns          263127 1c00815c 1c0027b7 lui              x15, 0x1c002000     x15=1c002000
15876368ns          263128 1c008160 c7478793 addi             x15, x15, -908      x15=1c001c74 x15:1c002000
15876388ns          263129 1c008164 0007a703 lw               x14, 0(x15)         x14=00000012 x15:1c001c74  PA:1c001c74
15876686ns          263144 1c008166 00c006b3 add              x13, x0, x12        x13=000a0006 x12:000a0006
15876706ns          263145 1c008168 00170713 addi             x14, x14, 1         x14=00000013 x14:00000012
15876726ns          263146 1c00816a 00e7a023 sw               x14, 0(x15)         x14:00000013 x15:1c001c74  PA:1c001c74
15877044ns          263162 1c00816c 02c58163 beq              x11, x12, 34        x11:000a0006 x12:000a0006
15877104ns          263165 1c00818e 00008067 jalr             x0, x1, 0            x1:1c008258
15877143ns          263167 1c008258 ff4494e3 bne              x9, x20, -24         x9:1c00194c x20:1c001950
15877203ns          263170 1c008240 0044a78b p.lw             x15, 4(x9!)         x15=14665e7f  x9=1c001950  x9:1c00194c  PA:1c00194c
15877521ns          263186 1c008244 0049a70b p.lw             x14, 4(x19!)        x14=00030006 x19=1c001978 x19:1c001974  PA:1c001974
15877840ns          263202 1c008248 40e7c457 pv.srl.sc.h      x8, x15, x14         x8=00510179 x15:14665e7f x14:00060006
15877860ns          263203 1c00824c 0049260b p.lw             x12, 4(x18!)        x12=00510179 x18=1c0019a0 x18:1c00199c  PA:1c00199c
15878158ns          263218 1c008250 008005b3 add              x11, x0, x8         x11=00510179  x8:00510179
15878178ns          263219 1c008252 170a8513 addi             x10, x21, 368       x10=1c000170 x21:1c000000
15878198ns          263220 1c008256 f07ff0ef jal              x1, -250             x1=1c008258
15878237ns          263222 1c00815c 1c0027b7 lui              x15, 0x1c002000     x15=1c002000
15878257ns          263223 1c008160 c7478793 addi             x15, x15, -908      x15=1c001c74 x15:1c002000
15878277ns          263224 1c008164 0007a703 lw               x14, 0(x15)         x14=00000013 x15:1c001c74  PA:1c001c74
15878576ns          263239 1c008166 00c006b3 add              x13, x0, x12        x13=00510179 x12:00510179
15878595ns          263240 1c008168 00170713 addi             x14, x14, 1         x14=00000014 x14:00000013
15878615ns          263241 1c00816a 00e7a023 sw               x14, 0(x15)         x14:00000014 x15:1c001c74  PA:1c001c74
15878954ns          263258 1c00816c 02c58163 beq              x11, x12, 34        x11:00510179 x12:00510179
15879013ns          263261 1c00818e 00008067 jalr             x0, x1, 0            x1:1c008258
15879053ns          263263 1c008258 ff4494e3 bne              x9, x20, -24         x9:1c001950 x20:1c001950
15879073ns          263264 1c00825c 1c0024b7 lui              x9, 0x1c002000       x9=1c002000
15879093ns          263265 1c008260 9a048493 addi             x9, x9, -1632        x9=1c0019a0  x9:1c002000
15879113ns          263266 1c008264 1c002937 lui              x18, 0x1c002000     x18=1c002000
15879133ns          263267 1c008268 9c890913 addi             x18, x18, -1592     x18=1c0019c8 x18:1c002000
15879152ns          263268 1c00826c 02848993 addi             x19, x9, 40         x19=1c0019c8  x9:1c0019a0
15879590ns          263290 1c008270 1c000a37 lui              x20, 0x1c000000     x20=1c000000
15879630ns          263292 1c008274 0044a78b p.lw             x15, 4(x9!)         x15=8aa9ef3a  x9=1c0019a4  x9:1c0019a0  PA:1c0019a0
15879948ns          263308 1c008278 4247e457 pv.srl.sci.h     x8, x15, 0x9         x8=00450077 x15:8aa9ef3a
15879968ns          263309 1c00827c 0049260b p.lw             x12, 4(x18!)        x12=00450077 x18=1c0019cc x18:1c0019c8  PA:1c0019c8
15880326ns          263327 1c008280 008005b3 add              x11, x0, x8         x11=00450077  x8:00450077
15880346ns          263328 1c008282 17ca0513 addi             x10, x20, 380       x10=1c00017c x20:1c000000
15880366ns          263329 1c008286 ed7ff0ef jal              x1, -298             x1=1c008288
15880406ns          263331 1c00815c 1c0027b7 lui              x15, 0x1c002000     x15=1c002000
15880425ns          263332 1c008160 c7478793 addi             x15, x15, -908      x15=1c001c74 x15:1c002000
15880445ns          263333 1c008164 0007a703 lw               x14, 0(x15)         x14=00000014 x15:1c001c74  PA:1c001c74
15880744ns          263348 1c008166 00c006b3 add              x13, x0, x12        x13=00450077 x12:00450077
15880764ns          263349 1c008168 00170713 addi             x14, x14, 1         x14=00000015 x14:00000014
15880783ns          263350 1c00816a 00e7a023 sw               x14, 0(x15)         x14:00000015 x15:1c001c74  PA:1c001c74
15881102ns          263366 1c00816c 02c58163 beq              x11, x12, 34        x11:00450077 x12:00450077
15881161ns          263369 1c00818e 00008067 jalr             x0, x1, 0            x1:1c008288
15881201ns          263371 1c008288 ff3496e3 bne              x9, x19, -20         x9:1c0019a4 x19:1c0019c8
15881718ns          263397 1c008274 0044a78b p.lw             x15, 4(x9!)         x15=93a9d63a  x9=1c0019a8  x9:1c0019a4  PA:1c0019a4
15882056ns          263414 1c008278 4247e457 pv.srl.sci.h     x8, x15, 0x9         x8=0049006b x15:93a9d63a
15882076ns          263415 1c00827c 0049260b p.lw             x12, 4(x18!)        x12=0049006b x18=1c0019d0 x18:1c0019cc  PA:1c0019cc
15882375ns          263430 1c008280 008005b3 add              x11, x0, x8         x11=0049006b  x8:0049006b
15882395ns          263431 1c008282 17ca0513 addi             x10, x20, 380       x10=1c00017c x20:1c000000
15882415ns          263432 1c008286 ed7ff0ef jal              x1, -298             x1=1c008288
15882454ns          263434 1c00815c 1c0027b7 lui              x15, 0x1c002000     x15=1c002000
15882474ns          263435 1c008160 c7478793 addi             x15, x15, -908      x15=1c001c74 x15:1c002000
15882494ns          263436 1c008164 0007a703 lw               x14, 0(x15)         x14=00000015 x15:1c001c74  PA:1c001c74
15882792ns          263451 1c008166 00c006b3 add              x13, x0, x12        x13=0049006b x12:0049006b
15882812ns          263452 1c008168 00170713 addi             x14, x14, 1         x14=00000016 x14:00000015
15882832ns          263453 1c00816a 00e7a023 sw               x14, 0(x15)         x14:00000016 x15:1c001c74  PA:1c001c74
15883170ns          263470 1c00816c 02c58163 beq              x11, x12, 34        x11:0049006b x12:0049006b
15883230ns          263473 1c00818e 00008067 jalr             x0, x1, 0            x1:1c008288
15883270ns          263475 1c008288 ff3496e3 bne              x9, x19, -20         x9:1c0019a8 x19:1c0019c8
15883329ns          263478 1c008274 0044a78b p.lw             x15, 4(x9!)         x15=7e0d81af  x9=1c0019ac  x9:1c0019a8  PA:1c0019a8
15883648ns          263494 1c008278 4247e457 pv.srl.sci.h     x8, x15, 0x9         x8=003f0040 x15:7e0d81af
15883668ns          263495 1c00827c 0049260b p.lw             x12, 4(x18!)        x12=003f0040 x18=1c0019d4 x18:1c0019d0  PA:1c0019d0
15883966ns          263510 1c008280 008005b3 add              x11, x0, x8         x11=003f0040  x8:003f0040
15883986ns          263511 1c008282 17ca0513 addi             x10, x20, 380       x10=1c00017c x20:1c000000
15884006ns          263512 1c008286 ed7ff0ef jal              x1, -298             x1=1c008288
15884046ns          263514 1c00815c 1c0027b7 lui              x15, 0x1c002000     x15=1c002000
15884065ns          263515 1c008160 c7478793 addi             x15, x15, -908      x15=1c001c74 x15:1c002000
15884085ns          263516 1c008164 0007a703 lw               x14, 0(x15)         x14=00000016 x15:1c001c74  PA:1c001c74
15884384ns          263531 1c008166 00c006b3 add              x13, x0, x12        x13=003f0040 x12:003f0040
15884404ns          263532 1c008168 00170713 addi             x14, x14, 1         x14=00000017 x14:00000016
15884423ns          263533 1c00816a 00e7a023 sw               x14, 0(x15)         x14:00000017 x15:1c001c74  PA:1c001c74
15884742ns          263549 1c00816c 02c58163 beq              x11, x12, 34        x11:003f0040 x12:003f0040
15884801ns          263552 1c00818e 00008067 jalr             x0, x1, 0            x1:1c008288
15884841ns          263554 1c008288 ff3496e3 bne              x9, x19, -20         x9:1c0019ac x19:1c0019c8
15884901ns          263557 1c008274 0044a78b p.lw             x15, 4(x9!)         x15=1d66819e  x9=1c0019b0  x9:1c0019ac  PA:1c0019ac
15885219ns          263573 1c008278 4247e457 pv.srl.sci.h     x8, x15, 0x9         x8=000e0040 x15:1d66819e
15885239ns          263574 1c00827c 0049260b p.lw             x12, 4(x18!)        x12=000e0040 x18=1c0019d8 x18:1c0019d4  PA:1c0019d4
15885577ns          263591 1c008280 008005b3 add              x11, x0, x8         x11=000e0040  x8:000e0040
15885597ns          263592 1c008282 17ca0513 addi             x10, x20, 380       x10=1c00017c x20:1c000000
15885617ns          263593 1c008286 ed7ff0ef jal              x1, -298             x1=1c008288
15885657ns          263595 1c00815c 1c0027b7 lui              x15, 0x1c002000     x15=1c002000
15885677ns          263596 1c008160 c7478793 addi             x15, x15, -908      x15=1c001c74 x15:1c002000
15885696ns          263597 1c008164 0007a703 lw               x14, 0(x15)         x14=00000017 x15:1c001c74  PA:1c001c74
15885995ns          263612 1c008166 00c006b3 add              x13, x0, x12        x13=000e0040 x12:000e0040
15886015ns          263613 1c008168 00170713 addi             x14, x14, 1         x14=00000018 x14:00000017
15886035ns          263614 1c00816a 00e7a023 sw               x14, 0(x15)         x14:00000018 x15:1c001c74  PA:1c001c74
15886353ns          263630 1c00816c 02c58163 beq              x11, x12, 34        x11:000e0040 x12:000e0040
15886413ns          263633 1c00818e 00008067 jalr             x0, x1, 0            x1:1c008288
15886452ns          263635 1c008288 ff3496e3 bne              x9, x19, -20         x9:1c0019b0 x19:1c0019c8
15886512ns          263638 1c008274 0044a78b p.lw             x15, 4(x9!)         x15=5bf6e2ca  x9=1c0019b4  x9:1c0019b0  PA:1c0019b0
15886850ns          263655 1c008278 4247e457 pv.srl.sci.h     x8, x15, 0x9         x8=002d0071 x15:5bf6e2ca
15886870ns          263656 1c00827c 0049260b p.lw             x12, 4(x18!)        x12=002d0071 x18=1c0019dc x18:1c0019d8  PA:1c0019d8
15887168ns          263671 1c008280 008005b3 add              x11, x0, x8         x11=002d0071  x8:002d0071
15887188ns          263672 1c008282 17ca0513 addi             x10, x20, 380       x10=1c00017c x20:1c000000
15887208ns          263673 1c008286 ed7ff0ef jal              x1, -298             x1=1c008288
15887248ns          263675 1c00815c 1c0027b7 lui              x15, 0x1c002000     x15=1c002000
15887268ns          263676 1c008160 c7478793 addi             x15, x15, -908      x15=1c001c74 x15:1c002000
15887288ns          263677 1c008164 0007a703 lw               x14, 0(x15)         x14=00000018 x15:1c001c74  PA:1c001c74
15887586ns          263692 1c008166 00c006b3 add              x13, x0, x12        x13=002d0071 x12:002d0071
15887606ns          263693 1c008168 00170713 addi             x14, x14, 1         x14=00000019 x14:00000018
15887626ns          263694 1c00816a 00e7a023 sw               x14, 0(x15)         x14:00000019 x15:1c001c74  PA:1c001c74
15887964ns          263711 1c00816c 02c58163 beq              x11, x12, 34        x11:002d0071 x12:002d0071
15888024ns          263714 1c00818e 00008067 jalr             x0, x1, 0            x1:1c008288
15888063ns          263716 1c008288 ff3496e3 bne              x9, x19, -20         x9:1c0019b4 x19:1c0019c8
15888123ns          263719 1c008274 0044a78b p.lw             x15, 4(x9!)         x15=90c649f3  x9=1c0019b8  x9:1c0019b4  PA:1c0019b4
15888441ns          263735 1c008278 4247e457 pv.srl.sci.h     x8, x15, 0x9         x8=00480024 x15:90c649f3
15888461ns          263736 1c00827c 0049260b p.lw             x12, 4(x18!)        x12=00480024 x18=1c0019e0 x18:1c0019dc  PA:1c0019dc
15888760ns          263751 1c008280 008005b3 add              x11, x0, x8         x11=00480024  x8:00480024
15888780ns          263752 1c008282 17ca0513 addi             x10, x20, 380       x10=1c00017c x20:1c000000
15888799ns          263753 1c008286 ed7ff0ef jal              x1, -298             x1=1c008288
15888839ns          263755 1c00815c 1c0027b7 lui              x15, 0x1c002000     x15=1c002000
15888859ns          263756 1c008160 c7478793 addi             x15, x15, -908      x15=1c001c74 x15:1c002000
15888879ns          263757 1c008164 0007a703 lw               x14, 0(x15)         x14=00000019 x15:1c001c74  PA:1c001c74
15889177ns          263772 1c008166 00c006b3 add              x13, x0, x12        x13=00480024 x12:00480024
15889197ns          263773 1c008168 00170713 addi             x14, x14, 1         x14=0000001a x14:00000019
15889217ns          263774 1c00816a 00e7a023 sw               x14, 0(x15)         x14:0000001a x15:1c001c74  PA:1c001c74
15889535ns          263790 1c00816c 02c58163 beq              x11, x12, 34        x11:00480024 x12:00480024
15889595ns          263793 1c00818e 00008067 jalr             x0, x1, 0            x1:1c008288
15889635ns          263795 1c008288 ff3496e3 bne              x9, x19, -20         x9:1c0019b8 x19:1c0019c8
15889695ns          263798 1c008274 0044a78b p.lw             x15, 4(x9!)         x15=246d0f39  x9=1c0019bc  x9:1c0019b8  PA:1c0019b8
15890013ns          263814 1c008278 4247e457 pv.srl.sci.h     x8, x15, 0x9         x8=00120007 x15:246d0f39
15890033ns          263815 1c00827c 0049260b p.lw             x12, 4(x18!)        x12=00120007 x18=1c0019e4 x18:1c0019e0  PA:1c0019e0
15890331ns          263830 1c008280 008005b3 add              x11, x0, x8         x11=00120007  x8:00120007
15890351ns          263831 1c008282 17ca0513 addi             x10, x20, 380       x10=1c00017c x20:1c000000
15890371ns          263832 1c008286 ed7ff0ef jal              x1, -298             x1=1c008288
15890411ns          263834 1c00815c 1c0027b7 lui              x15, 0x1c002000     x15=1c002000
15890430ns          263835 1c008160 c7478793 addi             x15, x15, -908      x15=1c001c74 x15:1c002000
15890450ns          263836 1c008164 0007a703 lw               x14, 0(x15)         x14=0000001a x15:1c001c74  PA:1c001c74
15890749ns          263851 1c008166 00c006b3 add              x13, x0, x12        x13=00120007 x12:00120007
15890769ns          263852 1c008168 00170713 addi             x14, x14, 1         x14=0000001b x14:0000001a
15890789ns          263853 1c00816a 00e7a023 sw               x14, 0(x15)         x14:0000001b x15:1c001c74  PA:1c001c74
15891107ns          263869 1c00816c 02c58163 beq              x11, x12, 34        x11:00120007 x12:00120007
15891166ns          263872 1c00818e 00008067 jalr             x0, x1, 0            x1:1c008288
15891206ns          263874 1c008288 ff3496e3 bne              x9, x19, -20         x9:1c0019bc x19:1c0019c8
15891266ns          263877 1c008274 0044a78b p.lw             x15, 4(x9!)         x15=4638c5c2  x9=1c0019c0  x9:1c0019bc  PA:1c0019bc
15891584ns          263893 1c008278 4247e457 pv.srl.sci.h     x8, x15, 0x9         x8=00230062 x15:4638c5c2
15891604ns          263894 1c00827c 0049260b p.lw             x12, 4(x18!)        x12=00230062 x18=1c0019e8 x18:1c0019e4  PA:1c0019e4
15891922ns          263910 1c008280 008005b3 add              x11, x0, x8         x11=00230062  x8:00230062
15891942ns          263911 1c008282 17ca0513 addi             x10, x20, 380       x10=1c00017c x20:1c000000
15891962ns          263912 1c008286 ed7ff0ef jal              x1, -298             x1=1c008288
15892002ns          263914 1c00815c 1c0027b7 lui              x15, 0x1c002000     x15=1c002000
15892022ns          263915 1c008160 c7478793 addi             x15, x15, -908      x15=1c001c74 x15:1c002000
15892042ns          263916 1c008164 0007a703 lw               x14, 0(x15)         x14=0000001b x15:1c001c74  PA:1c001c74
15892360ns          263932 1c008166 00c006b3 add              x13, x0, x12        x13=00230062 x12:00230062
15892380ns          263933 1c008168 00170713 addi             x14, x14, 1         x14=0000001c x14:0000001b
15892400ns          263934 1c00816a 00e7a023 sw               x14, 0(x15)         x14:0000001c x15:1c001c74  PA:1c001c74
15892718ns          263950 1c00816c 02c58163 beq              x11, x12, 34        x11:00230062 x12:00230062
15892778ns          263953 1c00818e 00008067 jalr             x0, x1, 0            x1:1c008288
15892817ns          263955 1c008288 ff3496e3 bne              x9, x19, -20         x9:1c0019c0 x19:1c0019c8
15892877ns          263958 1c008274 0044a78b p.lw             x15, 4(x9!)         x15=ef58f6af  x9=1c0019c4  x9:1c0019c0  PA:1c0019c0
15893215ns          263975 1c008278 4247e457 pv.srl.sci.h     x8, x15, 0x9         x8=0077007b x15:ef58f6af
15893235ns          263976 1c00827c 0049260b p.lw             x12, 4(x18!)        x12=0077007b x18=1c0019ec x18:1c0019e8  PA:1c0019e8
15893533ns          263991 1c008280 008005b3 add              x11, x0, x8         x11=0077007b  x8:0077007b
15893553ns          263992 1c008282 17ca0513 addi             x10, x20, 380       x10=1c00017c x20:1c000000
15893573ns          263993 1c008286 ed7ff0ef jal              x1, -298             x1=1c008288
15893613ns          263995 1c00815c 1c0027b7 lui              x15, 0x1c002000     x15=1c002000
15893633ns          263996 1c008160 c7478793 addi             x15, x15, -908      x15=1c001c74 x15:1c002000
15893653ns          263997 1c008164 0007a703 lw               x14, 0(x15)         x14=0000001c x15:1c001c74  PA:1c001c74
15893951ns          264012 1c008166 00c006b3 add              x13, x0, x12        x13=0077007b x12:0077007b
15893971ns          264013 1c008168 00170713 addi             x14, x14, 1         x14=0000001d x14:0000001c
15893991ns          264014 1c00816a 00e7a023 sw               x14, 0(x15)         x14:0000001d x15:1c001c74  PA:1c001c74
15894329ns          264031 1c00816c 02c58163 beq              x11, x12, 34        x11:0077007b x12:0077007b
15894389ns          264034 1c00818e 00008067 jalr             x0, x1, 0            x1:1c008288
15894429ns          264036 1c008288 ff3496e3 bne              x9, x19, -20         x9:1c0019c4 x19:1c0019c8
15894488ns          264039 1c008274 0044a78b p.lw             x15, 4(x9!)         x15=574dfbff  x9=1c0019c8  x9:1c0019c4  PA:1c0019c4
15894806ns          264055 1c008278 4247e457 pv.srl.sci.h     x8, x15, 0x9         x8=002b007d x15:574dfbff
15894826ns          264056 1c00827c 0049260b p.lw             x12, 4(x18!)        x12=002b007d x18=1c0019f0 x18:1c0019ec  PA:1c0019ec
15895125ns          264071 1c008280 008005b3 add              x11, x0, x8         x11=002b007d  x8:002b007d
15895145ns          264072 1c008282 17ca0513 addi             x10, x20, 380       x10=1c00017c x20:1c000000
15895164ns          264073 1c008286 ed7ff0ef jal              x1, -298             x1=1c008288
15895204ns          264075 1c00815c 1c0027b7 lui              x15, 0x1c002000     x15=1c002000
15895224ns          264076 1c008160 c7478793 addi             x15, x15, -908      x15=1c001c74 x15:1c002000
15895244ns          264077 1c008164 0007a703 lw               x14, 0(x15)         x14=0000001d x15:1c001c74  PA:1c001c74
15895542ns          264092 1c008166 00c006b3 add              x13, x0, x12        x13=002b007d x12:002b007d
15895562ns          264093 1c008168 00170713 addi             x14, x14, 1         x14=0000001e x14:0000001d
15895582ns          264094 1c00816a 00e7a023 sw               x14, 0(x15)         x14:0000001e x15:1c001c74  PA:1c001c74
15895900ns          264110 1c00816c 02c58163 beq              x11, x12, 34        x11:002b007d x12:002b007d
15895960ns          264113 1c00818e 00008067 jalr             x0, x1, 0            x1:1c008288
15896000ns          264115 1c008288 ff3496e3 bne              x9, x19, -20         x9:1c0019c8 x19:1c0019c8
15896020ns          264116 1c00828c 1c0014b7 lui              x9, 0x1c001000       x9=1c001000
15896040ns          264117 1c008290 77048493 addi             x9, x9, 1904         x9=1c001770  x9:1c001000
15896060ns          264118 1c008294 1c0019b7 lui              x19, 0x1c001000     x19=1c001000
15896079ns          264119 1c008298 1c001937 lui              x18, 0x1c001000     x18=1c001000
15896099ns          264120 1c00829c 79898993 addi             x19, x19, 1944      x19=1c001798 x19:1c001000
15896537ns          264142 1c0082a0 7c090913 addi             x18, x18, 1984      x18=1c0017c0 x18:1c001000
15896577ns          264144 1c0082a4 02848a13 addi             x20, x9, 40         x20=1c001798  x9:1c001770
15896597ns          264145 1c0082a8 1c000ab7 lui              x21, 0x1c000000     x21=1c000000
15896617ns          264146 1c0082ac 0044a78b p.lw             x15, 4(x9!)         x15=fac8d4f6  x9=1c001774  x9:1c001770  PA:1c001770
15897094ns          264170 1c0082b0 0049a70b p.lw             x14, 4(x19!)        x14=06040107 x19=1c00179c x19:1c001798  PA:1c001798
15897412ns          264186 1c0082b4 40e79457 pv.srl.b         x8, x15, x14         x8=030c6a01 x15:fac8d4f6 x14:06040107
15897432ns          264187 1c0082b8 0049260b p.lw             x12, 4(x18!)        x12=030c6a01 x18=1c0017c4 x18:1c0017c0  PA:1c0017c0
15897730ns          264202 1c0082bc 008005b3 add              x11, x0, x8         x11=030c6a01  x8:030c6a01
15897750ns          264203 1c0082be 18ca8513 addi             x10, x21, 396       x10=1c00018c x21:1c000000
15897770ns          264204 1c0082c2 e9bff0ef jal              x1, -358             x1=1c0082c4
15897810ns          264206 1c00815c 1c0027b7 lui              x15, 0x1c002000     x15=1c002000
15897830ns          264207 1c008160 c7478793 addi             x15, x15, -908      x15=1c001c74 x15:1c002000
15897850ns          264208 1c008164 0007a703 lw               x14, 0(x15)         x14=0000001e x15:1c001c74  PA:1c001c74
15898148ns          264223 1c008166 00c006b3 add              x13, x0, x12        x13=030c6a01 x12:030c6a01
15898168ns          264224 1c008168 00170713 addi             x14, x14, 1         x14=0000001f x14:0000001e
15898188ns          264225 1c00816a 00e7a023 sw               x14, 0(x15)         x14:0000001f x15:1c001c74  PA:1c001c74
15898526ns          264242 1c00816c 02c58163 beq              x11, x12, 34        x11:030c6a01 x12:030c6a01
15898586ns          264245 1c00818e 00008067 jalr             x0, x1, 0            x1:1c0082c4
15898625ns          264247 1c0082c4 ff4494e3 bne              x9, x20, -24         x9:1c001774 x20:1c001798
15898685ns          264250 1c0082ac 0044a78b p.lw             x15, 4(x9!)         x15=3f0b94b5  x9=1c001778  x9:1c001774  PA:1c001774
15899003ns          264266 1c0082b0 0049a70b p.lw             x14, 4(x19!)        x14=03050705 x19=1c0017a0 x19:1c00179c  PA:1c00179c
15899322ns          264282 1c0082b4 40e79457 pv.srl.b         x8, x15, x14         x8=07000105 x15:3f0b94b5 x14:03050705
15899342ns          264283 1c0082b8 0049260b p.lw             x12, 4(x18!)        x12=07000105 x18=1c0017c8 x18:1c0017c4  PA:1c0017c4
15899660ns          264299 1c0082bc 008005b3 add              x11, x0, x8         x11=07000105  x8:07000105
15899680ns          264300 1c0082be 18ca8513 addi             x10, x21, 396       x10=1c00018c x21:1c000000
15899700ns          264301 1c0082c2 e9bff0ef jal              x1, -358             x1=1c0082c4
15899739ns          264303 1c00815c 1c0027b7 lui              x15, 0x1c002000     x15=1c002000
15899759ns          264304 1c008160 c7478793 addi             x15, x15, -908      x15=1c001c74 x15:1c002000
15899779ns          264305 1c008164 0007a703 lw               x14, 0(x15)         x14=0000001f x15:1c001c74  PA:1c001c74
15900077ns          264320 1c008166 00c006b3 add              x13, x0, x12        x13=07000105 x12:07000105
15900097ns          264321 1c008168 00170713 addi             x14, x14, 1         x14=00000020 x14:0000001f
15900117ns          264322 1c00816a 00e7a023 sw               x14, 0(x15)         x14:00000020 x15:1c001c74  PA:1c001c74
15900436ns          264338 1c00816c 02c58163 beq              x11, x12, 34        x11:07000105 x12:07000105
15900495ns          264341 1c00818e 00008067 jalr             x0, x1, 0            x1:1c0082c4
15900535ns          264343 1c0082c4 ff4494e3 bne              x9, x20, -24         x9:1c001778 x20:1c001798
15900595ns          264346 1c0082ac 0044a78b p.lw             x15, 4(x9!)         x15=29c54065  x9=1c00177c  x9:1c001778  PA:1c001778
15900893ns          264361 1c0082b0 0049a70b p.lw             x14, 4(x19!)        x14=07020200 x19=1c0017a4 x19:1c0017a0  PA:1c0017a0
15901231ns          264378 1c0082b4 40e79457 pv.srl.b         x8, x15, x14         x8=00311065 x15:29c54065 x14:07020200
15901251ns          264379 1c0082b8 0049260b p.lw             x12, 4(x18!)        x12=00311065 x18=1c0017cc x18:1c0017c8  PA:1c0017c8
15901569ns          264395 1c0082bc 008005b3 add              x11, x0, x8         x11=00311065  x8:00311065
15901589ns          264396 1c0082be 18ca8513 addi             x10, x21, 396       x10=1c00018c x21:1c000000
15901609ns          264397 1c0082c2 e9bff0ef jal              x1, -358             x1=1c0082c4
15901649ns          264399 1c00815c 1c0027b7 lui              x15, 0x1c002000     x15=1c002000
15901669ns          264400 1c008160 c7478793 addi             x15, x15, -908      x15=1c001c74 x15:1c002000
15901689ns          264401 1c008164 0007a703 lw               x14, 0(x15)         x14=00000020 x15:1c001c74  PA:1c001c74
15901987ns          264416 1c008166 00c006b3 add              x13, x0, x12        x13=00311065 x12:00311065
15902007ns          264417 1c008168 00170713 addi             x14, x14, 1         x14=00000021 x14:00000020
15902027ns          264418 1c00816a 00e7a023 sw               x14, 0(x15)         x14:00000021 x15:1c001c74  PA:1c001c74
15902345ns          264434 1c00816c 02c58163 beq              x11, x12, 34        x11:00311065 x12:00311065
15902405ns          264437 1c00818e 00008067 jalr             x0, x1, 0            x1:1c0082c4
15902444ns          264439 1c0082c4 ff4494e3 bne              x9, x20, -24         x9:1c00177c x20:1c001798
15902504ns          264442 1c0082ac 0044a78b p.lw             x15, 4(x9!)         x15=8c75a9ac  x9=1c001780  x9:1c00177c  PA:1c00177c
15902803ns          264457 1c0082b0 0049a70b p.lw             x14, 4(x19!)        x14=00060401 x19=1c0017a8 x19:1c0017a4  PA:1c0017a4
15903121ns          264473 1c0082b4 40e79457 pv.srl.b         x8, x15, x14         x8=8c010a56 x15:8c75a9ac x14:00060401
15903141ns          264474 1c0082b8 0049260b p.lw             x12, 4(x18!)        x12=8c010a56 x18=1c0017d0 x18:1c0017cc  PA:1c0017cc
15903439ns          264489 1c0082bc 008005b3 add              x11, x0, x8         x11=8c010a56  x8:8c010a56
15903459ns          264490 1c0082be 18ca8513 addi             x10, x21, 396       x10=1c00018c x21:1c000000
15903479ns          264491 1c0082c2 e9bff0ef jal              x1, -358             x1=1c0082c4
15903519ns          264493 1c00815c 1c0027b7 lui              x15, 0x1c002000     x15=1c002000
15903538ns          264494 1c008160 c7478793 addi             x15, x15, -908      x15=1c001c74 x15:1c002000
15903558ns          264495 1c008164 0007a703 lw               x14, 0(x15)         x14=00000021 x15:1c001c74  PA:1c001c74
15903857ns          264510 1c008166 00c006b3 add              x13, x0, x12        x13=8c010a56 x12:8c010a56
15903877ns          264511 1c008168 00170713 addi             x14, x14, 1         x14=00000022 x14:00000021
15903897ns          264512 1c00816a 00e7a023 sw               x14, 0(x15)         x14:00000022 x15:1c001c74  PA:1c001c74
15904235ns          264529 1c00816c 02c58163 beq              x11, x12, 34        x11:8c010a56 x12:8c010a56
15904294ns          264532 1c00818e 00008067 jalr             x0, x1, 0            x1:1c0082c4
15904334ns          264534 1c0082c4 ff4494e3 bne              x9, x20, -24         x9:1c001780 x20:1c001798
15904394ns          264537 1c0082ac 0044a78b p.lw             x15, 4(x9!)         x15=54090874  x9=1c001784  x9:1c001780  PA:1c001780
15904692ns          264552 1c0082b0 0049a70b p.lw             x14, 4(x19!)        x14=06050205 x19=1c0017ac x19:1c0017a8  PA:1c0017a8
15905010ns          264568 1c0082b4 40e79457 pv.srl.b         x8, x15, x14         x8=01000203 x15:54090874 x14:06050205
15905030ns          264569 1c0082b8 0049260b p.lw             x12, 4(x18!)        x12=01000203 x18=1c0017d4 x18:1c0017d0  PA:1c0017d0
15905329ns          264584 1c0082bc 008005b3 add              x11, x0, x8         x11=01000203  x8:01000203
15905349ns          264585 1c0082be 18ca8513 addi             x10, x21, 396       x10=1c00018c x21:1c000000
15905368ns          264586 1c0082c2 e9bff0ef jal              x1, -358             x1=1c0082c4
15905408ns          264588 1c00815c 1c0027b7 lui              x15, 0x1c002000     x15=1c002000
15905428ns          264589 1c008160 c7478793 addi             x15, x15, -908      x15=1c001c74 x15:1c002000
15905448ns          264590 1c008164 0007a703 lw               x14, 0(x15)         x14=00000022 x15:1c001c74  PA:1c001c74
15905746ns          264605 1c008166 00c006b3 add              x13, x0, x12        x13=01000203 x12:01000203
15905766ns          264606 1c008168 00170713 addi             x14, x14, 1         x14=00000023 x14:00000022
15905786ns          264607 1c00816a 00e7a023 sw               x14, 0(x15)         x14:00000023 x15:1c001c74  PA:1c001c74
15906104ns          264623 1c00816c 02c58163 beq              x11, x12, 34        x11:01000203 x12:01000203
15906164ns          264626 1c00818e 00008067 jalr             x0, x1, 0            x1:1c0082c4
15906204ns          264628 1c0082c4 ff4494e3 bne              x9, x20, -24         x9:1c001784 x20:1c001798
15906264ns          264631 1c0082ac 0044a78b p.lw             x15, 4(x9!)         x15=7e5d95b5  x9=1c001788  x9:1c001784  PA:1c001784
15906582ns          264647 1c0082b0 0049a70b p.lw             x14, 4(x19!)        x14=06050604 x19=1c0017b0 x19:1c0017ac  PA:1c0017ac
15906920ns          264664 1c0082b4 40e79457 pv.srl.b         x8, x15, x14         x8=0102020b x15:7e5d95b5 x14:06050604
15906940ns          264665 1c0082b8 0049260b p.lw             x12, 4(x18!)        x12=0102020b x18=1c0017d8 x18:1c0017d4  PA:1c0017d4
15907238ns          264680 1c0082bc 008005b3 add              x11, x0, x8         x11=0102020b  x8:0102020b
15907258ns          264681 1c0082be 18ca8513 addi             x10, x21, 396       x10=1c00018c x21:1c000000
15907278ns          264682 1c0082c2 e9bff0ef jal              x1, -358             x1=1c0082c4
15907318ns          264684 1c00815c 1c0027b7 lui              x15, 0x1c002000     x15=1c002000
15907338ns          264685 1c008160 c7478793 addi             x15, x15, -908      x15=1c001c74 x15:1c002000
15907358ns          264686 1c008164 0007a703 lw               x14, 0(x15)         x14=00000023 x15:1c001c74  PA:1c001c74
15907656ns          264701 1c008166 00c006b3 add              x13, x0, x12        x13=0102020b x12:0102020b
15907676ns          264702 1c008168 00170713 addi             x14, x14, 1         x14=00000024 x14:00000023
15907696ns          264703 1c00816a 00e7a023 sw               x14, 0(x15)         x14:00000024 x15:1c001c74  PA:1c001c74
15908014ns          264719 1c00816c 02c58163 beq              x11, x12, 34        x11:0102020b x12:0102020b
15908074ns          264722 1c00818e 00008067 jalr             x0, x1, 0            x1:1c0082c4
15908113ns          264724 1c0082c4 ff4494e3 bne              x9, x20, -24         x9:1c001788 x20:1c001798
15908173ns          264727 1c0082ac 0044a78b p.lw             x15, 4(x9!)         x15=0fed42fd  x9=1c00178c  x9:1c001788  PA:1c001788
15908471ns          264742 1c0082b0 0049a70b p.lw             x14, 4(x19!)        x14=00020607 x19=1c0017b4 x19:1c0017b0  PA:1c0017b0
15908790ns          264758 1c0082b4 40e79457 pv.srl.b         x8, x15, x14         x8=0f3b0101 x15:0fed42fd x14:00020607
15908810ns          264759 1c0082b8 0049260b p.lw             x12, 4(x18!)        x12=0f3b0101 x18=1c0017dc x18:1c0017d8  PA:1c0017d8
15909128ns          264775 1c0082bc 008005b3 add              x11, x0, x8         x11=0f3b0101  x8:0f3b0101
15909148ns          264776 1c0082be 18ca8513 addi             x10, x21, 396       x10=1c00018c x21:1c000000
15909168ns          264777 1c0082c2 e9bff0ef jal              x1, -358             x1=1c0082c4
15909207ns          264779 1c00815c 1c0027b7 lui              x15, 0x1c002000     x15=1c002000
15909227ns          264780 1c008160 c7478793 addi             x15, x15, -908      x15=1c001c74 x15:1c002000
15909247ns          264781 1c008164 0007a703 lw               x14, 0(x15)         x14=00000024 x15:1c001c74  PA:1c001c74
15909565ns          264797 1c008166 00c006b3 add              x13, x0, x12        x13=0f3b0101 x12:0f3b0101
15909585ns          264798 1c008168 00170713 addi             x14, x14, 1         x14=00000025 x14:00000024
15909605ns          264799 1c00816a 00e7a023 sw               x14, 0(x15)         x14:00000025 x15:1c001c74  PA:1c001c74
15909923ns          264815 1c00816c 02c58163 beq              x11, x12, 34        x11:0f3b0101 x12:0f3b0101
15909983ns          264818 1c00818e 00008067 jalr             x0, x1, 0            x1:1c0082c4
15910023ns          264820 1c0082c4 ff4494e3 bne              x9, x20, -24         x9:1c00178c x20:1c001798
15910083ns          264823 1c0082ac 0044a78b p.lw             x15, 4(x9!)         x15=9439038a  x9=1c001790  x9:1c00178c  PA:1c00178c
15910401ns          264839 1c0082b0 0049a70b p.lw             x14, 4(x19!)        x14=04000200 x19=1c0017b8 x19:1c0017b4  PA:1c0017b4
15910719ns          264855 1c0082b4 40e79457 pv.srl.b         x8, x15, x14         x8=0939008a x15:9439038a x14:04000200
15910739ns          264856 1c0082b8 0049260b p.lw             x12, 4(x18!)        x12=0939008a x18=1c0017e0 x18:1c0017dc  PA:1c0017dc
15911037ns          264871 1c0082bc 008005b3 add              x11, x0, x8         x11=0939008a  x8:0939008a
15911057ns          264872 1c0082be 18ca8513 addi             x10, x21, 396       x10=1c00018c x21:1c000000
15911077ns          264873 1c0082c2 e9bff0ef jal              x1, -358             x1=1c0082c4
15911117ns          264875 1c00815c 1c0027b7 lui              x15, 0x1c002000     x15=1c002000
15911137ns          264876 1c008160 c7478793 addi             x15, x15, -908      x15=1c001c74 x15:1c002000
15911157ns          264877 1c008164 0007a703 lw               x14, 0(x15)         x14=00000025 x15:1c001c74  PA:1c001c74
15911455ns          264892 1c008166 00c006b3 add              x13, x0, x12        x13=0939008a x12:0939008a
15911475ns          264893 1c008168 00170713 addi             x14, x14, 1         x14=00000026 x14:00000025
15911495ns          264894 1c00816a 00e7a023 sw               x14, 0(x15)         x14:00000026 x15:1c001c74  PA:1c001c74
15911813ns          264910 1c00816c 02c58163 beq              x11, x12, 34        x11:0939008a x12:0939008a
15911873ns          264913 1c00818e 00008067 jalr             x0, x1, 0            x1:1c0082c4
15911912ns          264915 1c0082c4 ff4494e3 bne              x9, x20, -24         x9:1c001790 x20:1c001798
15911972ns          264918 1c0082ac 0044a78b p.lw             x15, 4(x9!)         x15=70500b19  x9=1c001794  x9:1c001790  PA:1c001790
15912290ns          264934 1c0082b0 0049a70b p.lw             x14, 4(x19!)        x14=02070403 x19=1c0017bc x19:1c0017b8  PA:1c0017b8
15912609ns          264950 1c0082b4 40e79457 pv.srl.b         x8, x15, x14         x8=1c000003 x15:70500b19 x14:02070403
15912629ns          264951 1c0082b8 0049260b p.lw             x12, 4(x18!)        x12=1c000003 x18=1c0017e4 x18:1c0017e0  PA:1c0017e0
15912947ns          264967 1c0082bc 008005b3 add              x11, x0, x8         x11=1c000003  x8:1c000003
15912967ns          264968 1c0082be 18ca8513 addi             x10, x21, 396       x10=1c00018c x21:1c000000
15912987ns          264969 1c0082c2 e9bff0ef jal              x1, -358             x1=1c0082c4
15913026ns          264971 1c00815c 1c0027b7 lui              x15, 0x1c002000     x15=1c002000
15913046ns          264972 1c008160 c7478793 addi             x15, x15, -908      x15=1c001c74 x15:1c002000
15913066ns          264973 1c008164 0007a703 lw               x14, 0(x15)         x14=00000026 x15:1c001c74  PA:1c001c74
15913365ns          264988 1c008166 00c006b3 add              x13, x0, x12        x13=1c000003 x12:1c000003
15913384ns          264989 1c008168 00170713 addi             x14, x14, 1         x14=00000027 x14:00000026
15913404ns          264990 1c00816a 00e7a023 sw               x14, 0(x15)         x14:00000027 x15:1c001c74  PA:1c001c74
15913723ns          265006 1c00816c 02c58163 beq              x11, x12, 34        x11:1c000003 x12:1c000003
15913782ns          265009 1c00818e 00008067 jalr             x0, x1, 0            x1:1c0082c4
15913822ns          265011 1c0082c4 ff4494e3 bne              x9, x20, -24         x9:1c001794 x20:1c001798
15913882ns          265014 1c0082ac 0044a78b p.lw             x15, 4(x9!)         x15=0e13e998  x9=1c001798  x9:1c001794  PA:1c001794
15914180ns          265029 1c0082b0 0049a70b p.lw             x14, 4(x19!)        x14=02040302 x19=1c0017c0 x19:1c0017bc  PA:1c0017bc
15914518ns          265046 1c0082b4 40e79457 pv.srl.b         x8, x15, x14         x8=03011d26 x15:0e13e998 x14:02040302
15914538ns          265047 1c0082b8 0049260b p.lw             x12, 4(x18!)        x12=03011d26 x18=1c0017e8 x18:1c0017e4  PA:1c0017e4
15914836ns          265062 1c0082bc 008005b3 add              x11, x0, x8         x11=03011d26  x8:03011d26
15914856ns          265063 1c0082be 18ca8513 addi             x10, x21, 396       x10=1c00018c x21:1c000000
15914876ns          265064 1c0082c2 e9bff0ef jal              x1, -358             x1=1c0082c4
15914916ns          265066 1c00815c 1c0027b7 lui              x15, 0x1c002000     x15=1c002000
15914936ns          265067 1c008160 c7478793 addi             x15, x15, -908      x15=1c001c74 x15:1c002000
15914956ns          265068 1c008164 0007a703 lw               x14, 0(x15)         x14=00000027 x15:1c001c74  PA:1c001c74
15915254ns          265083 1c008166 00c006b3 add              x13, x0, x12        x13=03011d26 x12:03011d26
15915274ns          265084 1c008168 00170713 addi             x14, x14, 1         x14=00000028 x14:00000027
15915294ns          265085 1c00816a 00e7a023 sw               x14, 0(x15)         x14:00000028 x15:1c001c74  PA:1c001c74
15915632ns          265102 1c00816c 02c58163 beq              x11, x12, 34        x11:03011d26 x12:03011d26
15915692ns          265105 1c00818e 00008067 jalr             x0, x1, 0            x1:1c0082c4
15915732ns          265107 1c0082c4 ff4494e3 bne              x9, x20, -24         x9:1c001798 x20:1c001798
15915751ns          265108 1c0082c8 1c0014b7 lui              x9, 0x1c001000       x9=1c001000
15915771ns          265109 1c0082cc 7e848493 addi             x9, x9, 2024         x9=1c0017e8  x9:1c001000
15916209ns          265131 1c0082d0 1c0029b7 lui              x19, 0x1c002000     x19=1c002000
15916249ns          265133 1c0082d4 1c002937 lui              x18, 0x1c002000     x18=1c002000
15916269ns          265134 1c0082d8 81098993 addi             x19, x19, -2032     x19=1c001810 x19:1c002000
15916288ns          265135 1c0082dc 83890913 addi             x18, x18, -1992     x18=1c001838 x18:1c002000
15916726ns          265157 1c0082e0 02848a13 addi             x20, x9, 40         x20=1c001810  x9:1c0017e8
15916766ns          265159 1c0082e4 1c000ab7 lui              x21, 0x1c000000     x21=1c000000
15916786ns          265160 1c0082e8 0044a78b p.lw             x15, 4(x9!)         x15=746e6a7c  x9=1c0017ec  x9:1c0017e8  PA:1c0017e8
15917084ns          265175 1c0082ec 0049a70b p.lw             x14, 4(x19!)        x14=02010701 x19=1c001814 x19:1c001810  PA:1c001810
15917402ns          265191 1c0082f0 40e7d457 pv.srl.sc.b      x8, x15, x14         x8=3a37353e x15:746e6a7c x14:01010101
15917422ns          265192 1c0082f4 0049260b p.lw             x12, 4(x18!)        x12=3a37353e x18=1c00183c x18:1c001838  PA:1c001838
15917721ns          265207 1c0082f8 008005b3 add              x11, x0, x8         x11=3a37353e  x8:3a37353e
15917740ns          265208 1c0082fa 198a8513 addi             x10, x21, 408       x10=1c000198 x21:1c000000
15917760ns          265209 1c0082fe e5fff0ef jal              x1, -418             x1=1c008300
15917919ns          265217 1c00815c 1c0027b7 lui              x15, 0x1c002000     x15=1c002000
15917939ns          265218 1c008160 c7478793 addi             x15, x15, -908      x15=1c001c74 x15:1c002000
15917959ns          265219 1c008164 0007a703 lw               x14, 0(x15)         x14=00000028 x15:1c001c74  PA:1c001c74
15918258ns          265234 1c008166 00c006b3 add              x13, x0, x12        x13=3a37353e x12:3a37353e
15918278ns          265235 1c008168 00170713 addi             x14, x14, 1         x14=00000029 x14:00000028
15918297ns          265236 1c00816a 00e7a023 sw               x14, 0(x15)         x14:00000029 x15:1c001c74  PA:1c001c74
15918616ns          265252 1c00816c 02c58163 beq              x11, x12, 34        x11:3a37353e x12:3a37353e
15918675ns          265255 1c00818e 00008067 jalr             x0, x1, 0            x1:1c008300
15918715ns          265257 1c008300 fe9a14e3 bne              x20, x9, -24        x20:1c001810  x9:1c0017ec
15918775ns          265260 1c0082e8 0044a78b p.lw             x15, 4(x9!)         x15=aa82a5d6  x9=1c0017f0  x9:1c0017ec  PA:1c0017ec
15919093ns          265276 1c0082ec 0049a70b p.lw             x14, 4(x19!)        x14=01030204 x19=1c001818 x19:1c001814  PA:1c001814
15919411ns          265292 1c0082f0 40e7d457 pv.srl.sc.b      x8, x15, x14         x8=0a080a0d x15:aa82a5d6 x14:04040404
15919431ns          265293 1c0082f4 0049260b p.lw             x12, 4(x18!)        x12=0a080a0d x18=1c001840 x18:1c00183c  PA:1c00183c
15919730ns          265308 1c0082f8 008005b3 add              x11, x0, x8         x11=0a080a0d  x8:0a080a0d
15919749ns          265309 1c0082fa 198a8513 addi             x10, x21, 408       x10=1c000198 x21:1c000000
15919769ns          265310 1c0082fe e5fff0ef jal              x1, -418             x1=1c008300
15919809ns          265312 1c00815c 1c0027b7 lui              x15, 0x1c002000     x15=1c002000
15919829ns          265313 1c008160 c7478793 addi             x15, x15, -908      x15=1c001c74 x15:1c002000
15919849ns          265314 1c008164 0007a703 lw               x14, 0(x15)         x14=00000029 x15:1c001c74  PA:1c001c74
15920147ns          265329 1c008166 00c006b3 add              x13, x0, x12        x13=0a080a0d x12:0a080a0d
15920167ns          265330 1c008168 00170713 addi             x14, x14, 1         x14=0000002a x14:00000029
15920187ns          265331 1c00816a 00e7a023 sw               x14, 0(x15)         x14:0000002a x15:1c001c74  PA:1c001c74
15920505ns          265347 1c00816c 02c58163 beq              x11, x12, 34        x11:0a080a0d x12:0a080a0d
15920565ns          265350 1c00818e 00008067 jalr             x0, x1, 0            x1:1c008300
15920605ns          265352 1c008300 fe9a14e3 bne              x20, x9, -24        x20:1c001810  x9:1c0017f0
15920664ns          265355 1c0082e8 0044a78b p.lw             x15, 4(x9!)         x15=debbdaeb  x9=1c0017f4  x9:1c0017f0  PA:1c0017f0
15920963ns          265370 1c0082ec 0049a70b p.lw             x14, 4(x19!)        x14=03040701 x19=1c00181c x19:1c001818  PA:1c001818
15921281ns          265386 1c0082f0 40e7d457 pv.srl.sc.b      x8, x15, x14         x8=6f5d6d75 x15:debbdaeb x14:01010101
15921301ns          265387 1c0082f4 0049260b p.lw             x12, 4(x18!)        x12=6f5d6d75 x18=1c001844 x18:1c001840  PA:1c001840
15921639ns          265404 1c0082f8 008005b3 add              x11, x0, x8         x11=6f5d6d75  x8:6f5d6d75
15921659ns          265405 1c0082fa 198a8513 addi             x10, x21, 408       x10=1c000198 x21:1c000000
15921679ns          265406 1c0082fe e5fff0ef jal              x1, -418             x1=1c008300
15921719ns          265408 1c00815c 1c0027b7 lui              x15, 0x1c002000     x15=1c002000
15921739ns          265409 1c008160 c7478793 addi             x15, x15, -908      x15=1c001c74 x15:1c002000
15921758ns          265410 1c008164 0007a703 lw               x14, 0(x15)         x14=0000002a x15:1c001c74  PA:1c001c74
15922057ns          265425 1c008166 00c006b3 add              x13, x0, x12        x13=6f5d6d75 x12:6f5d6d75
15922077ns          265426 1c008168 00170713 addi             x14, x14, 1         x14=0000002b x14:0000002a
15922097ns          265427 1c00816a 00e7a023 sw               x14, 0(x15)         x14:0000002b x15:1c001c74  PA:1c001c74
15922415ns          265443 1c00816c 02c58163 beq              x11, x12, 34        x11:6f5d6d75 x12:6f5d6d75
15922474ns          265446 1c00818e 00008067 jalr             x0, x1, 0            x1:1c008300
15922514ns          265448 1c008300 fe9a14e3 bne              x20, x9, -24        x20:1c001810  x9:1c0017f4
15922574ns          265451 1c0082e8 0044a78b p.lw             x15, 4(x9!)         x15=a063aac9  x9=1c0017f8  x9:1c0017f4  PA:1c0017f4
15922912ns          265468 1c0082ec 0049a70b p.lw             x14, 4(x19!)        x14=04050306 x19=1c001820 x19:1c00181c  PA:1c00181c
15923230ns          265484 1c0082f0 40e7d457 pv.srl.sc.b      x8, x15, x14         x8=02010203 x15:a063aac9 x14:06060606
15923250ns          265485 1c0082f4 0049260b p.lw             x12, 4(x18!)        x12=02010203 x18=1c001848 x18:1c001844  PA:1c001844
15923549ns          265500 1c0082f8 008005b3 add              x11, x0, x8         x11=02010203  x8:02010203
15923568ns          265501 1c0082fa 198a8513 addi             x10, x21, 408       x10=1c000198 x21:1c000000
15923588ns          265502 1c0082fe e5fff0ef jal              x1, -418             x1=1c008300
15923628ns          265504 1c00815c 1c0027b7 lui              x15, 0x1c002000     x15=1c002000
15923648ns          265505 1c008160 c7478793 addi             x15, x15, -908      x15=1c001c74 x15:1c002000
15923668ns          265506 1c008164 0007a703 lw               x14, 0(x15)         x14=0000002b x15:1c001c74  PA:1c001c74
15923966ns          265521 1c008166 00c006b3 add              x13, x0, x12        x13=02010203 x12:02010203
15923986ns          265522 1c008168 00170713 addi             x14, x14, 1         x14=0000002c x14:0000002b
15924006ns          265523 1c00816a 00e7a023 sw               x14, 0(x15)         x14:0000002c x15:1c001c74  PA:1c001c74
15924324ns          265539 1c00816c 02c58163 beq              x11, x12, 34        x11:02010203 x12:02010203
15924384ns          265542 1c00818e 00008067 jalr             x0, x1, 0            x1:1c008300
15924424ns          265544 1c008300 fe9a14e3 bne              x20, x9, -24        x20:1c001810  x9:1c0017f8
15924483ns          265547 1c0082e8 0044a78b p.lw             x15, 4(x9!)         x15=f649bc24  x9=1c0017fc  x9:1c0017f8  PA:1c0017f8
15924782ns          265562 1c0082ec 0049a70b p.lw             x14, 4(x19!)        x14=03010002 x19=1c001824 x19:1c001820  PA:1c001820
15925100ns          265578 1c0082f0 40e7d457 pv.srl.sc.b      x8, x15, x14         x8=3d122f09 x15:f649bc24 x14:02020202
15925120ns          265579 1c0082f4 0049260b p.lw             x12, 4(x18!)        x12=3d122f09 x18=1c00184c x18:1c001848  PA:1c001848
15925438ns          265595 1c0082f8 008005b3 add              x11, x0, x8         x11=3d122f09  x8:3d122f09
15925458ns          265596 1c0082fa 198a8513 addi             x10, x21, 408       x10=1c000198 x21:1c000000
15925478ns          265597 1c0082fe e5fff0ef jal              x1, -418             x1=1c008300
15925518ns          265599 1c00815c 1c0027b7 lui              x15, 0x1c002000     x15=1c002000
15925538ns          265600 1c008160 c7478793 addi             x15, x15, -908      x15=1c001c74 x15:1c002000
15925558ns          265601 1c008164 0007a703 lw               x14, 0(x15)         x14=0000002c x15:1c001c74  PA:1c001c74
15925876ns          265617 1c008166 00c006b3 add              x13, x0, x12        x13=3d122f09 x12:3d122f09
15925896ns          265618 1c008168 00170713 addi             x14, x14, 1         x14=0000002d x14:0000002c
15925916ns          265619 1c00816a 00e7a023 sw               x14, 0(x15)         x14:0000002d x15:1c001c74  PA:1c001c74
15926234ns          265635 1c00816c 02c58163 beq              x11, x12, 34        x11:3d122f09 x12:3d122f09
15926294ns          265638 1c00818e 00008067 jalr             x0, x1, 0            x1:1c008300
15926333ns          265640 1c008300 fe9a14e3 bne              x20, x9, -24        x20:1c001810  x9:1c0017fc
15926393ns          265643 1c0082e8 0044a78b p.lw             x15, 4(x9!)         x15=a8f2c4eb  x9=1c001800  x9:1c0017fc  PA:1c0017fc
15926711ns          265659 1c0082ec 0049a70b p.lw             x14, 4(x19!)        x14=03010604 x19=1c001828 x19:1c001824  PA:1c001824
15927029ns          265675 1c0082f0 40e7d457 pv.srl.sc.b      x8, x15, x14         x8=0a0f0c0e x15:a8f2c4eb x14:04040404
15927049ns          265676 1c0082f4 0049260b p.lw             x12, 4(x18!)        x12=0a0f0c0e x18=1c001850 x18:1c00184c  PA:1c00184c
15927348ns          265691 1c0082f8 008005b3 add              x11, x0, x8         x11=0a0f0c0e  x8:0a0f0c0e
15927368ns          265692 1c0082fa 198a8513 addi             x10, x21, 408       x10=1c000198 x21:1c000000
15927387ns          265693 1c0082fe e5fff0ef jal              x1, -418             x1=1c008300
15927427ns          265695 1c00815c 1c0027b7 lui              x15, 0x1c002000     x15=1c002000
15927447ns          265696 1c008160 c7478793 addi             x15, x15, -908      x15=1c001c74 x15:1c002000
15927467ns          265697 1c008164 0007a703 lw               x14, 0(x15)         x14=0000002d x15:1c001c74  PA:1c001c74
15927765ns          265712 1c008166 00c006b3 add              x13, x0, x12        x13=0a0f0c0e x12:0a0f0c0e
15927785ns          265713 1c008168 00170713 addi             x14, x14, 1         x14=0000002e x14:0000002d
15927805ns          265714 1c00816a 00e7a023 sw               x14, 0(x15)         x14:0000002e x15:1c001c74  PA:1c001c74
15928123ns          265730 1c00816c 02c58163 beq              x11, x12, 34        x11:0a0f0c0e x12:0a0f0c0e
15928183ns          265733 1c00818e 00008067 jalr             x0, x1, 0            x1:1c008300
15928223ns          265735 1c008300 fe9a14e3 bne              x20, x9, -24        x20:1c001810  x9:1c001800
15928283ns          265738 1c0082e8 0044a78b p.lw             x15, 4(x9!)         x15=c48619c0  x9=1c001804  x9:1c001800  PA:1c001800
15928581ns          265753 1c0082ec 0049a70b p.lw             x14, 4(x19!)        x14=03020206 x19=1c00182c x19:1c001828  PA:1c001828
15928899ns          265769 1c0082f0 40e7d457 pv.srl.sc.b      x8, x15, x14         x8=03020003 x15:c48619c0 x14:06060606
15928919ns          265770 1c0082f4 0049260b p.lw             x12, 4(x18!)        x12=03020003 x18=1c001854 x18:1c001850  PA:1c001850
15929217ns          265785 1c0082f8 008005b3 add              x11, x0, x8         x11=03020003  x8:03020003
15929237ns          265786 1c0082fa 198a8513 addi             x10, x21, 408       x10=1c000198 x21:1c000000
15929257ns          265787 1c0082fe e5fff0ef jal              x1, -418             x1=1c008300
15929297ns          265789 1c00815c 1c0027b7 lui              x15, 0x1c002000     x15=1c002000
15929317ns          265790 1c008160 c7478793 addi             x15, x15, -908      x15=1c001c74 x15:1c002000
15929337ns          265791 1c008164 0007a703 lw               x14, 0(x15)         x14=0000002e x15:1c001c74  PA:1c001c74
15929635ns          265806 1c008166 00c006b3 add              x13, x0, x12        x13=03020003 x12:03020003
15929655ns          265807 1c008168 00170713 addi             x14, x14, 1         x14=0000002f x14:0000002e
15929675ns          265808 1c00816a 00e7a023 sw               x14, 0(x15)         x14:0000002f x15:1c001c74  PA:1c001c74
15929993ns          265824 1c00816c 02c58163 beq              x11, x12, 34        x11:03020003 x12:03020003
15930053ns          265827 1c00818e 00008067 jalr             x0, x1, 0            x1:1c008300
15930093ns          265829 1c008300 fe9a14e3 bne              x20, x9, -24        x20:1c001810  x9:1c001804
15930152ns          265832 1c0082e8 0044a78b p.lw             x15, 4(x9!)         x15=684911fd  x9=1c001808  x9:1c001804  PA:1c001804
15930451ns          265847 1c0082ec 0049a70b p.lw             x14, 4(x19!)        x14=00070400 x19=1c001830 x19:1c00182c  PA:1c00182c
15930769ns          265863 1c0082f0 40e7d457 pv.srl.sc.b      x8, x15, x14         x8=684911fd x15:684911fd x14:00000000
15930789ns          265864 1c0082f4 0049260b p.lw             x12, 4(x18!)        x12=684911fd x18=1c001858 x18:1c001854  PA:1c001854
15931107ns          265880 1c0082f8 008005b3 add              x11, x0, x8         x11=684911fd  x8:684911fd
15931127ns          265881 1c0082fa 198a8513 addi             x10, x21, 408       x10=1c000198 x21:1c000000
15931147ns          265882 1c0082fe e5fff0ef jal              x1, -418             x1=1c008300
15931187ns          265884 1c00815c 1c0027b7 lui              x15, 0x1c002000     x15=1c002000
15931207ns          265885 1c008160 c7478793 addi             x15, x15, -908      x15=1c001c74 x15:1c002000
15931226ns          265886 1c008164 0007a703 lw               x14, 0(x15)         x14=0000002f x15:1c001c74  PA:1c001c74
15931525ns          265901 1c008166 00c006b3 add              x13, x0, x12        x13=684911fd x12:684911fd
15931545ns          265902 1c008168 00170713 addi             x14, x14, 1         x14=00000030 x14:0000002f
15931565ns          265903 1c00816a 00e7a023 sw               x14, 0(x15)         x14:00000030 x15:1c001c74  PA:1c001c74
15931883ns          265919 1c00816c 02c58163 beq              x11, x12, 34        x11:684911fd x12:684911fd
15931942ns          265922 1c00818e 00008067 jalr             x0, x1, 0            x1:1c008300
15931982ns          265924 1c008300 fe9a14e3 bne              x20, x9, -24        x20:1c001810  x9:1c001808
15932042ns          265927 1c0082e8 0044a78b p.lw             x15, 4(x9!)         x15=d114c862  x9=1c00180c  x9:1c001808  PA:1c001808
15932340ns          265942 1c0082ec 0049a70b p.lw             x14, 4(x19!)        x14=05020206 x19=1c001834 x19:1c001830  PA:1c001830
15932678ns          265959 1c0082f0 40e7d457 pv.srl.sc.b      x8, x15, x14         x8=03000301 x15:d114c862 x14:06060606
15932698ns          265960 1c0082f4 0049260b p.lw             x12, 4(x18!)        x12=03000301 x18=1c00185c x18:1c001858  PA:1c001858
15932997ns          265975 1c0082f8 008005b3 add              x11, x0, x8         x11=03000301  x8:03000301
15933017ns          265976 1c0082fa 198a8513 addi             x10, x21, 408       x10=1c000198 x21:1c000000
15933036ns          265977 1c0082fe e5fff0ef jal              x1, -418             x1=1c008300
15933076ns          265979 1c00815c 1c0027b7 lui              x15, 0x1c002000     x15=1c002000
15933096ns          265980 1c008160 c7478793 addi             x15, x15, -908      x15=1c001c74 x15:1c002000
15933116ns          265981 1c008164 0007a703 lw               x14, 0(x15)         x14=00000030 x15:1c001c74  PA:1c001c74
15933414ns          265996 1c008166 00c006b3 add              x13, x0, x12        x13=03000301 x12:03000301
15933434ns          265997 1c008168 00170713 addi             x14, x14, 1         x14=00000031 x14:00000030
15933454ns          265998 1c00816a 00e7a023 sw               x14, 0(x15)         x14:00000031 x15:1c001c74  PA:1c001c74
15933792ns          266015 1c00816c 02c58163 beq              x11, x12, 34        x11:03000301 x12:03000301
15933852ns          266018 1c00818e 00008067 jalr             x0, x1, 0            x1:1c008300
15933892ns          266020 1c008300 fe9a14e3 bne              x20, x9, -24        x20:1c001810  x9:1c00180c
15933951ns          266023 1c0082e8 0044a78b p.lw             x15, 4(x9!)         x15=81c4257f  x9=1c001810  x9:1c00180c  PA:1c00180c
15934250ns          266038 1c0082ec 0049a70b p.lw             x14, 4(x19!)        x14=02020300 x19=1c001838 x19:1c001834  PA:1c001834
15934568ns          266054 1c0082f0 40e7d457 pv.srl.sc.b      x8, x15, x14         x8=81c4257f x15:81c4257f x14:00000000
15934588ns          266055 1c0082f4 0049260b p.lw             x12, 4(x18!)        x12=81c4257f x18=1c001860 x18:1c00185c  PA:1c00185c
15934926ns          266072 1c0082f8 008005b3 add              x11, x0, x8         x11=81c4257f  x8:81c4257f
15934946ns          266073 1c0082fa 198a8513 addi             x10, x21, 408       x10=1c000198 x21:1c000000
15934966ns          266074 1c0082fe e5fff0ef jal              x1, -418             x1=1c008300
15935006ns          266076 1c00815c 1c0027b7 lui              x15, 0x1c002000     x15=1c002000
15935026ns          266077 1c008160 c7478793 addi             x15, x15, -908      x15=1c001c74 x15:1c002000
15935045ns          266078 1c008164 0007a703 lw               x14, 0(x15)         x14=00000031 x15:1c001c74  PA:1c001c74
15935344ns          266093 1c008166 00c006b3 add              x13, x0, x12        x13=81c4257f x12:81c4257f
15935364ns          266094 1c008168 00170713 addi             x14, x14, 1         x14=00000032 x14:00000031
15935384ns          266095 1c00816a 00e7a023 sw               x14, 0(x15)         x14:00000032 x15:1c001c74  PA:1c001c74
15935702ns          266111 1c00816c 02c58163 beq              x11, x12, 34        x11:81c4257f x12:81c4257f
15935762ns          266114 1c00818e 00008067 jalr             x0, x1, 0            x1:1c008300
15935801ns          266116 1c008300 fe9a14e3 bne              x20, x9, -24        x20:1c001810  x9:1c001810
15935821ns          266117 1c008304 1c0024b7 lui              x9, 0x1c002000       x9=1c002000
15935841ns          266118 1c008308 86048493 addi             x9, x9, -1952        x9=1c001860  x9:1c002000
15935861ns          266119 1c00830c 1c002937 lui              x18, 0x1c002000     x18=1c002000
15936318ns          266142 1c008310 88890913 addi             x18, x18, -1912     x18=1c001888 x18:1c002000
15936358ns          266144 1c008314 02848993 addi             x19, x9, 40         x19=1c001888  x9:1c001860
15936378ns          266145 1c008318 1c000a37 lui              x20, 0x1c000000     x20=1c000000
15936398ns          266146 1c00831c 0044a78b p.lw             x15, 4(x9!)         x15=cd2de193  x9=1c001864  x9:1c001860  PA:1c001860
15936875ns          266170 1c008320 4227f457 pv.srl.sci.b     x8, x15, 0x5         x8=06010704 x15:cd2de193
15936895ns          266171 1c008324 0049260b p.lw             x12, 4(x18!)        x12=06010704 x18=1c00188c x18:1c001888  PA:1c001888
15937194ns          266186 1c008328 008005b3 add              x11, x0, x8         x11=06010704  x8:06010704
15937214ns          266187 1c00832a 1a4a0513 addi             x10, x20, 420       x10=1c0001a4 x20:1c000000
15937233ns          266188 1c00832e e2fff0ef jal              x1, -466             x1=1c008330
15937393ns          266196 1c00815c 1c0027b7 lui              x15, 0x1c002000     x15=1c002000
15937412ns          266197 1c008160 c7478793 addi             x15, x15, -908      x15=1c001c74 x15:1c002000
15937432ns          266198 1c008164 0007a703 lw               x14, 0(x15)         x14=00000032 x15:1c001c74  PA:1c001c74
15937751ns          266214 1c008166 00c006b3 add              x13, x0, x12        x13=06010704 x12:06010704
15937770ns          266215 1c008168 00170713 addi             x14, x14, 1         x14=00000033 x14:00000032
15937790ns          266216 1c00816a 00e7a023 sw               x14, 0(x15)         x14:00000033 x15:1c001c74  PA:1c001c74
15938109ns          266232 1c00816c 02c58163 beq              x11, x12, 34        x11:06010704 x12:06010704
15938168ns          266235 1c00818e 00008067 jalr             x0, x1, 0            x1:1c008330
15938208ns          266237 1c008330 fe9996e3 bne              x19, x9, -20        x19:1c001888  x9:1c001864
15938268ns          266240 1c00831c 0044a78b p.lw             x15, 4(x9!)         x15=0b64b9e8  x9=1c001868  x9:1c001864  PA:1c001864
15938606ns          266257 1c008320 4227f457 pv.srl.sci.b     x8, x15, 0x5         x8=00030507 x15:0b64b9e8
15938626ns          266258 1c008324 0049260b p.lw             x12, 4(x18!)        x12=00030507 x18=1c001890 x18:1c00188c  PA:1c00188c
15938944ns          266274 1c008328 008005b3 add              x11, x0, x8         x11=00030507  x8:00030507
15938964ns          266275 1c00832a 1a4a0513 addi             x10, x20, 420       x10=1c0001a4 x20:1c000000
15938984ns          266276 1c00832e e2fff0ef jal              x1, -466             x1=1c008330
15939024ns          266278 1c00815c 1c0027b7 lui              x15, 0x1c002000     x15=1c002000
15939043ns          266279 1c008160 c7478793 addi             x15, x15, -908      x15=1c001c74 x15:1c002000
15939063ns          266280 1c008164 0007a703 lw               x14, 0(x15)         x14=00000033 x15:1c001c74  PA:1c001c74
15939362ns          266295 1c008166 00c006b3 add              x13, x0, x12        x13=00030507 x12:00030507
15939382ns          266296 1c008168 00170713 addi             x14, x14, 1         x14=00000034 x14:00000033
15939402ns          266297 1c00816a 00e7a023 sw               x14, 0(x15)         x14:00000034 x15:1c001c74  PA:1c001c74
15939720ns          266313 1c00816c 02c58163 beq              x11, x12, 34        x11:00030507 x12:00030507
15939779ns          266316 1c00818e 00008067 jalr             x0, x1, 0            x1:1c008330
15939819ns          266318 1c008330 fe9996e3 bne              x19, x9, -20        x19:1c001888  x9:1c001868
15939879ns          266321 1c00831c 0044a78b p.lw             x15, 4(x9!)         x15=50e572cb  x9=1c00186c  x9:1c001868  PA:1c001868
15940217ns          266338 1c008320 4227f457 pv.srl.sci.b     x8, x15, 0x5         x8=02070306 x15:50e572cb
15940237ns          266339 1c008324 0049260b p.lw             x12, 4(x18!)        x12=02070306 x18=1c001894 x18:1c001890  PA:1c001890
15940535ns          266354 1c008328 008005b3 add              x11, x0, x8         x11=02070306  x8:02070306
15940555ns          266355 1c00832a 1a4a0513 addi             x10, x20, 420       x10=1c0001a4 x20:1c000000
15940575ns          266356 1c00832e e2fff0ef jal              x1, -466             x1=1c008330
15940615ns          266358 1c00815c 1c0027b7 lui              x15, 0x1c002000     x15=1c002000
15940635ns          266359 1c008160 c7478793 addi             x15, x15, -908      x15=1c001c74 x15:1c002000
15940655ns          266360 1c008164 0007a703 lw               x14, 0(x15)         x14=00000034 x15:1c001c74  PA:1c001c74
15940953ns          266375 1c008166 00c006b3 add              x13, x0, x12        x13=02070306 x12:02070306
15940973ns          266376 1c008168 00170713 addi             x14, x14, 1         x14=00000035 x14:00000034
15940993ns          266377 1c00816a 00e7a023 sw               x14, 0(x15)         x14:00000035 x15:1c001c74  PA:1c001c74
15941311ns          266393 1c00816c 02c58163 beq              x11, x12, 34        x11:02070306 x12:02070306
15941371ns          266396 1c00818e 00008067 jalr             x0, x1, 0            x1:1c008330
15941410ns          266398 1c008330 fe9996e3 bne              x19, x9, -20        x19:1c001888  x9:1c00186c
15941470ns          266401 1c00831c 0044a78b p.lw             x15, 4(x9!)         x15=14eabd83  x9=1c001870  x9:1c00186c  PA:1c00186c
15941788ns          266417 1c008320 4227f457 pv.srl.sci.b     x8, x15, 0x5         x8=00070504 x15:14eabd83
15941808ns          266418 1c008324 0049260b p.lw             x12, 4(x18!)        x12=00070504 x18=1c001898 x18:1c001894  PA:1c001894
15942127ns          266434 1c008328 008005b3 add              x11, x0, x8         x11=00070504  x8:00070504
15942146ns          266435 1c00832a 1a4a0513 addi             x10, x20, 420       x10=1c0001a4 x20:1c000000
15942166ns          266436 1c00832e e2fff0ef jal              x1, -466             x1=1c008330
15942206ns          266438 1c00815c 1c0027b7 lui              x15, 0x1c002000     x15=1c002000
15942226ns          266439 1c008160 c7478793 addi             x15, x15, -908      x15=1c001c74 x15:1c002000
15942246ns          266440 1c008164 0007a703 lw               x14, 0(x15)         x14=00000035 x15:1c001c74  PA:1c001c74
15942544ns          266455 1c008166 00c006b3 add              x13, x0, x12        x13=00070504 x12:00070504
15942564ns          266456 1c008168 00170713 addi             x14, x14, 1         x14=00000036 x14:00000035
15942584ns          266457 1c00816a 00e7a023 sw               x14, 0(x15)         x14:00000036 x15:1c001c74  PA:1c001c74
15942922ns          266474 1c00816c 02c58163 beq              x11, x12, 34        x11:00070504 x12:00070504
15942982ns          266477 1c00818e 00008067 jalr             x0, x1, 0            x1:1c008330
15943022ns          266479 1c008330 fe9996e3 bne              x19, x9, -20        x19:1c001888  x9:1c001870
15943081ns          266482 1c00831c 0044a78b p.lw             x15, 4(x9!)         x15=35738070  x9=1c001874  x9:1c001870  PA:1c001870
15943419ns          266499 1c008320 4227f457 pv.srl.sci.b     x8, x15, 0x5         x8=01030403 x15:35738070
15943439ns          266500 1c008324 0049260b p.lw             x12, 4(x18!)        x12=01030403 x18=1c00189c x18:1c001898  PA:1c001898
15943738ns          266515 1c008328 008005b3 add              x11, x0, x8         x11=01030403  x8:01030403
15943758ns          266516 1c00832a 1a4a0513 addi             x10, x20, 420       x10=1c0001a4 x20:1c000000
15943777ns          266517 1c00832e e2fff0ef jal              x1, -466             x1=1c008330
15943817ns          266519 1c00815c 1c0027b7 lui              x15, 0x1c002000     x15=1c002000
15943837ns          266520 1c008160 c7478793 addi             x15, x15, -908      x15=1c001c74 x15:1c002000
15943857ns          266521 1c008164 0007a703 lw               x14, 0(x15)         x14=00000036 x15:1c001c74  PA:1c001c74
15944175ns          266537 1c008166 00c006b3 add              x13, x0, x12        x13=01030403 x12:01030403
15944195ns          266538 1c008168 00170713 addi             x14, x14, 1         x14=00000037 x14:00000036
15944215ns          266539 1c00816a 00e7a023 sw               x14, 0(x15)         x14:00000037 x15:1c001c74  PA:1c001c74
15944533ns          266555 1c00816c 02c58163 beq              x11, x12, 34        x11:01030403 x12:01030403
15944593ns          266558 1c00818e 00008067 jalr             x0, x1, 0            x1:1c008330
15944633ns          266560 1c008330 fe9996e3 bne              x19, x9, -20        x19:1c001888  x9:1c001874
15944692ns          266563 1c00831c 0044a78b p.lw             x15, 4(x9!)         x15=7a7b44ee  x9=1c001878  x9:1c001874  PA:1c001874
15945011ns          266579 1c008320 4227f457 pv.srl.sci.b     x8, x15, 0x5         x8=03030207 x15:7a7b44ee
15945031ns          266580 1c008324 0049260b p.lw             x12, 4(x18!)        x12=03030207 x18=1c0018a0 x18:1c00189c  PA:1c00189c
15945329ns          266595 1c008328 008005b3 add              x11, x0, x8         x11=03030207  x8:03030207
15945349ns          266596 1c00832a 1a4a0513 addi             x10, x20, 420       x10=1c0001a4 x20:1c000000
15945369ns          266597 1c00832e e2fff0ef jal              x1, -466             x1=1c008330
15945409ns          266599 1c00815c 1c0027b7 lui              x15, 0x1c002000     x15=1c002000
15945428ns          266600 1c008160 c7478793 addi             x15, x15, -908      x15=1c001c74 x15:1c002000
15945448ns          266601 1c008164 0007a703 lw               x14, 0(x15)         x14=00000037 x15:1c001c74  PA:1c001c74
15945747ns          266616 1c008166 00c006b3 add              x13, x0, x12        x13=03030207 x12:03030207
15945767ns          266617 1c008168 00170713 addi             x14, x14, 1         x14=00000038 x14:00000037
15945786ns          266618 1c00816a 00e7a023 sw               x14, 0(x15)         x14:00000038 x15:1c001c74  PA:1c001c74
15946105ns          266634 1c00816c 02c58163 beq              x11, x12, 34        x11:03030207 x12:03030207
15946164ns          266637 1c00818e 00008067 jalr             x0, x1, 0            x1:1c008330
15946204ns          266639 1c008330 fe9996e3 bne              x19, x9, -20        x19:1c001888  x9:1c001878
15946264ns          266642 1c00831c 0044a78b p.lw             x15, 4(x9!)         x15=88280aae  x9=1c00187c  x9:1c001878  PA:1c001878
15946582ns          266658 1c008320 4227f457 pv.srl.sci.b     x8, x15, 0x5         x8=04010005 x15:88280aae
15946602ns          266659 1c008324 0049260b p.lw             x12, 4(x18!)        x12=04010005 x18=1c0018a4 x18:1c0018a0  PA:1c0018a0
15946940ns          266676 1c008328 008005b3 add              x11, x0, x8         x11=04010005  x8:04010005
15946960ns          266677 1c00832a 1a4a0513 addi             x10, x20, 420       x10=1c0001a4 x20:1c000000
15946980ns          266678 1c00832e e2fff0ef jal              x1, -466             x1=1c008330
15947020ns          266680 1c00815c 1c0027b7 lui              x15, 0x1c002000     x15=1c002000
15947040ns          266681 1c008160 c7478793 addi             x15, x15, -908      x15=1c001c74 x15:1c002000
15947059ns          266682 1c008164 0007a703 lw               x14, 0(x15)         x14=00000038 x15:1c001c74  PA:1c001c74
15947358ns          266697 1c008166 00c006b3 add              x13, x0, x12        x13=04010005 x12:04010005
15947378ns          266698 1c008168 00170713 addi             x14, x14, 1         x14=00000039 x14:00000038
15947398ns          266699 1c00816a 00e7a023 sw               x14, 0(x15)         x14:00000039 x15:1c001c74  PA:1c001c74
15947716ns          266715 1c00816c 02c58163 beq              x11, x12, 34        x11:04010005 x12:04010005
15947776ns          266718 1c00818e 00008067 jalr             x0, x1, 0            x1:1c008330
15947815ns          266720 1c008330 fe9996e3 bne              x19, x9, -20        x19:1c001888  x9:1c00187c
15947875ns          266723 1c00831c 0044a78b p.lw             x15, 4(x9!)         x15=4ae6a2e0  x9=1c001880  x9:1c00187c  PA:1c00187c
15948233ns          266741 1c008320 4227f457 pv.srl.sci.b     x8, x15, 0x5         x8=02070507 x15:4ae6a2e0
15948253ns          266742 1c008324 0049260b p.lw             x12, 4(x18!)        x12=02070507 x18=1c0018a8 x18:1c0018a4  PA:1c0018a4
15948551ns          266757 1c008328 008005b3 add              x11, x0, x8         x11=02070507  x8:02070507
15948571ns          266758 1c00832a 1a4a0513 addi             x10, x20, 420       x10=1c0001a4 x20:1c000000
15948591ns          266759 1c00832e e2fff0ef jal              x1, -466             x1=1c008330
15948631ns          266761 1c00815c 1c0027b7 lui              x15, 0x1c002000     x15=1c002000
15948651ns          266762 1c008160 c7478793 addi             x15, x15, -908      x15=1c001c74 x15:1c002000
15948671ns          266763 1c008164 0007a703 lw               x14, 0(x15)         x14=00000039 x15:1c001c74  PA:1c001c74
15948969ns          266778 1c008166 00c006b3 add              x13, x0, x12        x13=02070507 x12:02070507
15948989ns          266779 1c008168 00170713 addi             x14, x14, 1         x14=0000003a x14:00000039
15949009ns          266780 1c00816a 00e7a023 sw               x14, 0(x15)         x14:0000003a x15:1c001c74  PA:1c001c74
15949327ns          266796 1c00816c 02c58163 beq              x11, x12, 34        x11:02070507 x12:02070507
15949387ns          266799 1c00818e 00008067 jalr             x0, x1, 0            x1:1c008330
15949426ns          266801 1c008330 fe9996e3 bne              x19, x9, -20        x19:1c001888  x9:1c001880
15949486ns          266804 1c00831c 0044a78b p.lw             x15, 4(x9!)         x15=369d8b9d  x9=1c001884  x9:1c001880  PA:1c001880
15949804ns          266820 1c008320 4227f457 pv.srl.sci.b     x8, x15, 0x5         x8=01040404 x15:369d8b9d
15949824ns          266821 1c008324 0049260b p.lw             x12, 4(x18!)        x12=01040404 x18=1c0018ac x18:1c0018a8  PA:1c0018a8
15950123ns          266836 1c008328 008005b3 add              x11, x0, x8         x11=01040404  x8:01040404
15950143ns          266837 1c00832a 1a4a0513 addi             x10, x20, 420       x10=1c0001a4 x20:1c000000
15950162ns          266838 1c00832e e2fff0ef jal              x1, -466             x1=1c008330
15950202ns          266840 1c00815c 1c0027b7 lui              x15, 0x1c002000     x15=1c002000
15950222ns          266841 1c008160 c7478793 addi             x15, x15, -908      x15=1c001c74 x15:1c002000
15950242ns          266842 1c008164 0007a703 lw               x14, 0(x15)         x14=0000003a x15:1c001c74  PA:1c001c74
15950540ns          266857 1c008166 00c006b3 add              x13, x0, x12        x13=01040404 x12:01040404
15950560ns          266858 1c008168 00170713 addi             x14, x14, 1         x14=0000003b x14:0000003a
15950580ns          266859 1c00816a 00e7a023 sw               x14, 0(x15)         x14:0000003b x15:1c001c74  PA:1c001c74
15950918ns          266876 1c00816c 02c58163 beq              x11, x12, 34        x11:01040404 x12:01040404
15950978ns          266879 1c00818e 00008067 jalr             x0, x1, 0            x1:1c008330
15951018ns          266881 1c008330 fe9996e3 bne              x19, x9, -20        x19:1c001888  x9:1c001884
15951077ns          266884 1c00831c 0044a78b p.lw             x15, 4(x9!)         x15=ac5e0a30  x9=1c001888  x9:1c001884  PA:1c001884
15951396ns          266900 1c008320 4227f457 pv.srl.sci.b     x8, x15, 0x5         x8=05020001 x15:ac5e0a30
15951416ns          266901 1c008324 0049260b p.lw             x12, 4(x18!)        x12=05020001 x18=1c0018b0 x18:1c0018ac  PA:1c0018ac
15951734ns          266917 1c008328 008005b3 add              x11, x0, x8         x11=05020001  x8:05020001
15951754ns          266918 1c00832a 1a4a0513 addi             x10, x20, 420       x10=1c0001a4 x20:1c000000
15951774ns          266919 1c00832e e2fff0ef jal              x1, -466             x1=1c008330
15951813ns          266921 1c00815c 1c0027b7 lui              x15, 0x1c002000     x15=1c002000
15951833ns          266922 1c008160 c7478793 addi             x15, x15, -908      x15=1c001c74 x15:1c002000
15951853ns          266923 1c008164 0007a703 lw               x14, 0(x15)         x14=0000003b x15:1c001c74  PA:1c001c74
15952171ns          266939 1c008166 00c006b3 add              x13, x0, x12        x13=05020001 x12:05020001
15952191ns          266940 1c008168 00170713 addi             x14, x14, 1         x14=0000003c x14:0000003b
15952211ns          266941 1c00816a 00e7a023 sw               x14, 0(x15)         x14:0000003c x15:1c001c74  PA:1c001c74
15952529ns          266957 1c00816c 02c58163 beq              x11, x12, 34        x11:05020001 x12:05020001
15952589ns          266960 1c00818e 00008067 jalr             x0, x1, 0            x1:1c008330
15952629ns          266962 1c008330 fe9996e3 bne              x19, x9, -20        x19:1c001888  x9:1c001888
15952649ns          266963 1c008334 01c12083 lw               x1, 28(x2)           x1=1c008c3c  x2:100007c8  PA:100007e4
15952669ns          266964 1c008336 01812403 lw               x8, 24(x2)           x8=00000000  x2:100007c8  PA:100007e0
15952689ns          266965 1c008338 01412483 lw               x9, 20(x2)           x9=xxxxxxxx  x2:100007c8  PA:100007dc
15952708ns          266966 1c00833a 01012903 lw               x18, 16(x2)         x18=xxxxxxxx  x2:100007c8  PA:100007d8
15952728ns          266967 1c00833c 00c12983 lw               x19, 12(x2)         x19=xxxxxxxx  x2:100007c8  PA:100007d4
15952748ns          266968 1c00833e 00812a03 lw               x20, 8(x2)          x20=xxxxxxxx  x2:100007c8  PA:100007d0
15953126ns          266987 1c008340 00412a83 lw               x21, 4(x2)          x21=xxxxxxxx  x2:100007c8  PA:100007cc
15953146ns          266988 1c008342 02010113 addi             x2, x2, 32           x2=100007e8  x2:100007c8
15953166ns          266989 1c008344 00008067 jalr             x0, x1, 0            x1:1c008c3c
15953206ns          266991 1c008c3c f0aff0ef jal              x1, -2294            x1=1c008c40
15953703ns          267016 1c008346 fe010113 addi             x2, x2, -32          x2=100007c8  x2:100007e8
15953723ns          267017 1c008348 00912a23 sw               x9, 20(x2)           x9:xxxxxxxx  x2:100007c8  PA:100007dc
15953743ns          267018 1c00834a 1c0014b7 lui              x9, 0x1c001000       x9=1c001000
15953763ns          267019 1c00834e 01212823 sw               x18, 16(x2)         x18:xxxxxxxx  x2:100007c8  PA:100007d8
15954180ns          267040 1c008350 01312623 sw               x19, 12(x2)         x19:xxxxxxxx  x2:100007c8  PA:100007d4
15954220ns          267042 1c008352 63048493 addi             x9, x9, 1584         x9=1c001630  x9:1c001000
15954240ns          267043 1c008356 1c0019b7 lui              x19, 0x1c001000     x19=1c001000
15954260ns          267044 1c00835a 1c001937 lui              x18, 0x1c001000     x18=1c001000
15954280ns          267045 1c00835e 01412423 sw               x20, 8(x2)          x20:xxxxxxxx  x2:100007c8  PA:100007d0
15954697ns          267066 1c008360 01512223 sw               x21, 4(x2)          x21:xxxxxxxx  x2:100007c8  PA:100007cc
15954717ns          267067 1c008362 00112e23 sw               x1, 28(x2)           x1:1c008c40  x2:100007c8  PA:100007e4
15954737ns          267068 1c008364 00812c23 sw               x8, 24(x2)           x8:00000000  x2:100007c8  PA:100007e0
15954757ns          267069 1c008366 65898993 addi             x19, x19, 1624      x19=1c001658 x19:1c001000
15954777ns          267070 1c00836a 68090913 addi             x18, x18, 1664      x18=1c001680 x18:1c001000
15955215ns          267092 1c00836e 02848a13 addi             x20, x9, 40         x20=1c001658  x9:1c001630
15955254ns          267094 1c008372 1c000ab7 lui              x21, 0x1c000000     x21=1c000000
15955274ns          267095 1c008376 0044a78b p.lw             x15, 4(x9!)         x15=5896c0a3  x9=1c001634  x9:1c001630  PA:1c001630
15955573ns          267110 1c00837a 0049a70b p.lw             x14, 4(x19!)        x14=0001000b x19=1c00165c x19:1c001658  PA:1c001658
15955891ns          267126 1c00837e 48e78457 pv.sra.h         x8, x15, x14         x8=2c4bfff8 x15:5896c0a3 x14:0001000b
15955911ns          267127 1c008382 0049260b p.lw             x12, 4(x18!)        x12=2c4bfff8 x18=1c001684 x18:1c001680  PA:1c001680
15956249ns          267144 1c008386 008005b3 add              x11, x0, x8         x11=2c4bfff8  x8:2c4bfff8
15956269ns          267145 1c008388 114a8513 addi             x10, x21, 276       x10=1c000114 x21:1c000000
15956289ns          267146 1c00838c dd1ff0ef jal              x1, -560             x1=1c00838e
15956448ns          267154 1c00815c 1c0027b7 lui              x15, 0x1c002000     x15=1c002000
15956468ns          267155 1c008160 c7478793 addi             x15, x15, -908      x15=1c001c74 x15:1c002000
15956488ns          267156 1c008164 0007a703 lw               x14, 0(x15)         x14=0000003c x15:1c001c74  PA:1c001c74
15956786ns          267171 1c008166 00c006b3 add              x13, x0, x12        x13=2c4bfff8 x12:2c4bfff8
15956806ns          267172 1c008168 00170713 addi             x14, x14, 1         x14=0000003d x14:0000003c
15956826ns          267173 1c00816a 00e7a023 sw               x14, 0(x15)         x14:0000003d x15:1c001c74  PA:1c001c74
15957144ns          267189 1c00816c 02c58163 beq              x11, x12, 34        x11:2c4bfff8 x12:2c4bfff8
15957204ns          267192 1c00818e 00008067 jalr             x0, x1, 0            x1:1c00838e
15957263ns          267195 1c00838e ff4494e3 bne              x9, x20, -24         x9:1c001634 x20:1c001658
15957343ns          267199 1c008376 0044a78b p.lw             x15, 4(x9!)         x15=5e43760f  x9=1c001638  x9:1c001634  PA:1c001634
15957641ns          267214 1c00837a 0049a70b p.lw             x14, 4(x19!)        x14=00080000 x19=1c001660 x19:1c00165c  PA:1c00165c
15957960ns          267230 1c00837e 48e78457 pv.sra.h         x8, x15, x14         x8=005e760f x15:5e43760f x14:00080000
15957979ns          267231 1c008382 0049260b p.lw             x12, 4(x18!)        x12=005e760f x18=1c001688 x18:1c001684  PA:1c001684
15958278ns          267246 1c008386 008005b3 add              x11, x0, x8         x11=005e760f  x8:005e760f
15958298ns          267247 1c008388 114a8513 addi             x10, x21, 276       x10=1c000114 x21:1c000000
15958318ns          267248 1c00838c dd1ff0ef jal              x1, -560             x1=1c00838e
15958357ns          267250 1c00815c 1c0027b7 lui              x15, 0x1c002000     x15=1c002000
15958377ns          267251 1c008160 c7478793 addi             x15, x15, -908      x15=1c001c74 x15:1c002000
15958397ns          267252 1c008164 0007a703 lw               x14, 0(x15)         x14=0000003d x15:1c001c74  PA:1c001c74
15958696ns          267267 1c008166 00c006b3 add              x13, x0, x12        x13=005e760f x12:005e760f
15958715ns          267268 1c008168 00170713 addi             x14, x14, 1         x14=0000003e x14:0000003d
15958735ns          267269 1c00816a 00e7a023 sw               x14, 0(x15)         x14:0000003e x15:1c001c74  PA:1c001c74
15959054ns          267285 1c00816c 02c58163 beq              x11, x12, 34        x11:005e760f x12:005e760f
15959113ns          267288 1c00818e 00008067 jalr             x0, x1, 0            x1:1c00838e
15959173ns          267291 1c00838e ff4494e3 bne              x9, x20, -24         x9:1c001638 x20:1c001658
15959252ns          267295 1c008376 0044a78b p.lw             x15, 4(x9!)         x15=166ba35f  x9=1c00163c  x9:1c001638  PA:1c001638
15959551ns          267310 1c00837a 0049a70b p.lw             x14, 4(x19!)        x14=00060003 x19=1c001664 x19:1c001660  PA:1c001660
15959869ns          267326 1c00837e 48e78457 pv.sra.h         x8, x15, x14         x8=0059f46b x15:166ba35f x14:00060003
15959889ns          267327 1c008382 0049260b p.lw             x12, 4(x18!)        x12=0059f46b x18=1c00168c x18:1c001688  PA:1c001688
15960207ns          267343 1c008386 008005b3 add              x11, x0, x8         x11=0059f46b  x8:0059f46b
15960227ns          267344 1c008388 114a8513 addi             x10, x21, 276       x10=1c000114 x21:1c000000
15960247ns          267345 1c00838c dd1ff0ef jal              x1, -560             x1=1c00838e
15960287ns          267347 1c00815c 1c0027b7 lui              x15, 0x1c002000     x15=1c002000
15960307ns          267348 1c008160 c7478793 addi             x15, x15, -908      x15=1c001c74 x15:1c002000
15960327ns          267349 1c008164 0007a703 lw               x14, 0(x15)         x14=0000003e x15:1c001c74  PA:1c001c74
15960625ns          267364 1c008166 00c006b3 add              x13, x0, x12        x13=0059f46b x12:0059f46b
15960645ns          267365 1c008168 00170713 addi             x14, x14, 1         x14=0000003f x14:0000003e
15960665ns          267366 1c00816a 00e7a023 sw               x14, 0(x15)         x14:0000003f x15:1c001c74  PA:1c001c74
15960983ns          267382 1c00816c 02c58163 beq              x11, x12, 34        x11:0059f46b x12:0059f46b
15961043ns          267385 1c00818e 00008067 jalr             x0, x1, 0            x1:1c00838e
15961102ns          267388 1c00838e ff4494e3 bne              x9, x20, -24         x9:1c00163c x20:1c001658
15961182ns          267392 1c008376 0044a78b p.lw             x15, 4(x9!)         x15=1fd83b90  x9=1c001640  x9:1c00163c  PA:1c00163c
15961500ns          267408 1c00837a 0049a70b p.lw             x14, 4(x19!)        x14=00090003 x19=1c001668 x19:1c001664  PA:1c001664
15961838ns          267425 1c00837e 48e78457 pv.sra.h         x8, x15, x14         x8=000f0772 x15:1fd83b90 x14:00090003
15961858ns          267426 1c008382 0049260b p.lw             x12, 4(x18!)        x12=000f0772 x18=1c001690 x18:1c00168c  PA:1c00168c
15962157ns          267441 1c008386 008005b3 add              x11, x0, x8         x11=000f0772  x8:000f0772
15962176ns          267442 1c008388 114a8513 addi             x10, x21, 276       x10=1c000114 x21:1c000000
15962196ns          267443 1c00838c dd1ff0ef jal              x1, -560             x1=1c00838e
15962236ns          267445 1c00815c 1c0027b7 lui              x15, 0x1c002000     x15=1c002000
15962256ns          267446 1c008160 c7478793 addi             x15, x15, -908      x15=1c001c74 x15:1c002000
15962276ns          267447 1c008164 0007a703 lw               x14, 0(x15)         x14=0000003f x15:1c001c74  PA:1c001c74
15962574ns          267462 1c008166 00c006b3 add              x13, x0, x12        x13=000f0772 x12:000f0772
15962594ns          267463 1c008168 00170713 addi             x14, x14, 1         x14=00000040 x14:0000003f
15962614ns          267464 1c00816a 00e7a023 sw               x14, 0(x15)         x14:00000040 x15:1c001c74  PA:1c001c74
15962952ns          267481 1c00816c 02c58163 beq              x11, x12, 34        x11:000f0772 x12:000f0772
15963012ns          267484 1c00818e 00008067 jalr             x0, x1, 0            x1:1c00838e
15963072ns          267487 1c00838e ff4494e3 bne              x9, x20, -24         x9:1c001640 x20:1c001658
15963151ns          267491 1c008376 0044a78b p.lw             x15, 4(x9!)         x15=e551540f  x9=1c001644  x9:1c001640  PA:1c001640
15963449ns          267506 1c00837a 0049a70b p.lw             x14, 4(x19!)        x14=00060007 x19=1c00166c x19:1c001668  PA:1c001668
15963768ns          267522 1c00837e 48e78457 pv.sra.h         x8, x15, x14         x8=ff9500a8 x15:e551540f x14:00060007
15963788ns          267523 1c008382 0049260b p.lw             x12, 4(x18!)        x12=ff9500a8 x18=1c001694 x18:1c001690  PA:1c001690
15964086ns          267538 1c008386 008005b3 add              x11, x0, x8         x11=ff9500a8  x8:ff9500a8
15964106ns          267539 1c008388 114a8513 addi             x10, x21, 276       x10=1c000114 x21:1c000000
15964126ns          267540 1c00838c dd1ff0ef jal              x1, -560             x1=1c00838e
15964165ns          267542 1c00815c 1c0027b7 lui              x15, 0x1c002000     x15=1c002000
15964185ns          267543 1c008160 c7478793 addi             x15, x15, -908      x15=1c001c74 x15:1c002000
15964205ns          267544 1c008164 0007a703 lw               x14, 0(x15)         x14=00000040 x15:1c001c74  PA:1c001c74
15964504ns          267559 1c008166 00c006b3 add              x13, x0, x12        x13=ff9500a8 x12:ff9500a8
15964524ns          267560 1c008168 00170713 addi             x14, x14, 1         x14=00000041 x14:00000040
15964543ns          267561 1c00816a 00e7a023 sw               x14, 0(x15)         x14:00000041 x15:1c001c74  PA:1c001c74
15964862ns          267577 1c00816c 02c58163 beq              x11, x12, 34        x11:ff9500a8 x12:ff9500a8
15964921ns          267580 1c00818e 00008067 jalr             x0, x1, 0            x1:1c00838e
15964981ns          267583 1c00838e ff4494e3 bne              x9, x20, -24         x9:1c001644 x20:1c001658
15965061ns          267587 1c008376 0044a78b p.lw             x15, 4(x9!)         x15=a8318851  x9=1c001648  x9:1c001644  PA:1c001644
15965359ns          267602 1c00837a 0049a70b p.lw             x14, 4(x19!)        x14=0006000b x19=1c001670 x19:1c00166c  PA:1c00166c
15965677ns          267618 1c00837e 48e78457 pv.sra.h         x8, x15, x14         x8=fea0fff1 x15:a8318851 x14:0006000b
15965697ns          267619 1c008382 0049260b p.lw             x12, 4(x18!)        x12=fea0fff1 x18=1c001698 x18:1c001694  PA:1c001694
15965995ns          267634 1c008386 008005b3 add              x11, x0, x8         x11=fea0fff1  x8:fea0fff1
15966015ns          267635 1c008388 114a8513 addi             x10, x21, 276       x10=1c000114 x21:1c000000
15966035ns          267636 1c00838c dd1ff0ef jal              x1, -560             x1=1c00838e
15966075ns          267638 1c00815c 1c0027b7 lui              x15, 0x1c002000     x15=1c002000
15966095ns          267639 1c008160 c7478793 addi             x15, x15, -908      x15=1c001c74 x15:1c002000
15966115ns          267640 1c008164 0007a703 lw               x14, 0(x15)         x14=00000041 x15:1c001c74  PA:1c001c74
15966413ns          267655 1c008166 00c006b3 add              x13, x0, x12        x13=fea0fff1 x12:fea0fff1
15966433ns          267656 1c008168 00170713 addi             x14, x14, 1         x14=00000042 x14:00000041
15966453ns          267657 1c00816a 00e7a023 sw               x14, 0(x15)         x14:00000042 x15:1c001c74  PA:1c001c74
15966791ns          267674 1c00816c 02c58163 beq              x11, x12, 34        x11:fea0fff1 x12:fea0fff1
15966851ns          267677 1c00818e 00008067 jalr             x0, x1, 0            x1:1c00838e
15966910ns          267680 1c00838e ff4494e3 bne              x9, x20, -24         x9:1c001648 x20:1c001658
15966990ns          267684 1c008376 0044a78b p.lw             x15, 4(x9!)         x15=a0badd04  x9=1c00164c  x9:1c001648  PA:1c001648
15967288ns          267699 1c00837a 0049a70b p.lw             x14, 4(x19!)        x14=000e0003 x19=1c001674 x19:1c001670  PA:1c001670
15967626ns          267716 1c00837e 48e78457 pv.sra.h         x8, x15, x14         x8=fffefba0 x15:a0badd04 x14:000e0003
15967646ns          267717 1c008382 0049260b p.lw             x12, 4(x18!)        x12=fffefba0 x18=1c00169c x18:1c001698  PA:1c001698
15967945ns          267732 1c008386 008005b3 add              x11, x0, x8         x11=fffefba0  x8:fffefba0
15967965ns          267733 1c008388 114a8513 addi             x10, x21, 276       x10=1c000114 x21:1c000000
15967985ns          267734 1c00838c dd1ff0ef jal              x1, -560             x1=1c00838e
15968024ns          267736 1c00815c 1c0027b7 lui              x15, 0x1c002000     x15=1c002000
15968044ns          267737 1c008160 c7478793 addi             x15, x15, -908      x15=1c001c74 x15:1c002000
15968064ns          267738 1c008164 0007a703 lw               x14, 0(x15)         x14=00000042 x15:1c001c74  PA:1c001c74
15968362ns          267753 1c008166 00c006b3 add              x13, x0, x12        x13=fffefba0 x12:fffefba0
15968382ns          267754 1c008168 00170713 addi             x14, x14, 1         x14=00000043 x14:00000042
15968402ns          267755 1c00816a 00e7a023 sw               x14, 0(x15)         x14:00000043 x15:1c001c74  PA:1c001c74
15968740ns          267772 1c00816c 02c58163 beq              x11, x12, 34        x11:fffefba0 x12:fffefba0
15968800ns          267775 1c00818e 00008067 jalr             x0, x1, 0            x1:1c00838e
15968860ns          267778 1c00838e ff4494e3 bne              x9, x20, -24         x9:1c00164c x20:1c001658
15968939ns          267782 1c008376 0044a78b p.lw             x15, 4(x9!)         x15=66145acf  x9=1c001650  x9:1c00164c  PA:1c00164c
15969238ns          267797 1c00837a 0049a70b p.lw             x14, 4(x19!)        x14=0004000d x19=1c001678 x19:1c001674  PA:1c001674
15969576ns          267814 1c00837e 48e78457 pv.sra.h         x8, x15, x14         x8=06610002 x15:66145acf x14:0004000d
15969596ns          267815 1c008382 0049260b p.lw             x12, 4(x18!)        x12=06610002 x18=1c0016a0 x18:1c00169c  PA:1c00169c
15969894ns          267830 1c008386 008005b3 add              x11, x0, x8         x11=06610002  x8:06610002
15969914ns          267831 1c008388 114a8513 addi             x10, x21, 276       x10=1c000114 x21:1c000000
15969934ns          267832 1c00838c dd1ff0ef jal              x1, -560             x1=1c00838e
15969974ns          267834 1c00815c 1c0027b7 lui              x15, 0x1c002000     x15=1c002000
15969993ns          267835 1c008160 c7478793 addi             x15, x15, -908      x15=1c001c74 x15:1c002000
15970013ns          267836 1c008164 0007a703 lw               x14, 0(x15)         x14=00000043 x15:1c001c74  PA:1c001c74
15970312ns          267851 1c008166 00c006b3 add              x13, x0, x12        x13=06610002 x12:06610002
15970332ns          267852 1c008168 00170713 addi             x14, x14, 1         x14=00000044 x14:00000043
15970352ns          267853 1c00816a 00e7a023 sw               x14, 0(x15)         x14:00000044 x15:1c001c74  PA:1c001c74
15970670ns          267869 1c00816c 02c58163 beq              x11, x12, 34        x11:06610002 x12:06610002
15970729ns          267872 1c00818e 00008067 jalr             x0, x1, 0            x1:1c00838e
15970789ns          267875 1c00838e ff4494e3 bne              x9, x20, -24         x9:1c001650 x20:1c001658
15970869ns          267879 1c008376 0044a78b p.lw             x15, 4(x9!)         x15=7d46d6d2  x9=1c001654  x9:1c001650  PA:1c001650
15971167ns          267894 1c00837a 0049a70b p.lw             x14, 4(x19!)        x14=000a000f x19=1c00167c x19:1c001678  PA:1c001678
15971485ns          267910 1c00837e 48e78457 pv.sra.h         x8, x15, x14         x8=001fffff x15:7d46d6d2 x14:000a000f
15971505ns          267911 1c008382 0049260b p.lw             x12, 4(x18!)        x12=001fffff x18=1c0016a4 x18:1c0016a0  PA:1c0016a0
15971804ns          267926 1c008386 008005b3 add              x11, x0, x8         x11=001fffff  x8:001fffff
15971823ns          267927 1c008388 114a8513 addi             x10, x21, 276       x10=1c000114 x21:1c000000
15971843ns          267928 1c00838c dd1ff0ef jal              x1, -560             x1=1c00838e
15971883ns          267930 1c00815c 1c0027b7 lui              x15, 0x1c002000     x15=1c002000
15971903ns          267931 1c008160 c7478793 addi             x15, x15, -908      x15=1c001c74 x15:1c002000
15971923ns          267932 1c008164 0007a703 lw               x14, 0(x15)         x14=00000044 x15:1c001c74  PA:1c001c74
15972241ns          267948 1c008166 00c006b3 add              x13, x0, x12        x13=001fffff x12:001fffff
15972261ns          267949 1c008168 00170713 addi             x14, x14, 1         x14=00000045 x14:00000044
15972281ns          267950 1c00816a 00e7a023 sw               x14, 0(x15)         x14:00000045 x15:1c001c74  PA:1c001c74
15972599ns          267966 1c00816c 02c58163 beq              x11, x12, 34        x11:001fffff x12:001fffff
15972659ns          267969 1c00818e 00008067 jalr             x0, x1, 0            x1:1c00838e
15972719ns          267972 1c00838e ff4494e3 bne              x9, x20, -24         x9:1c001654 x20:1c001658
15972798ns          267976 1c008376 0044a78b p.lw             x15, 4(x9!)         x15=52a116c9  x9=1c001658  x9:1c001654  PA:1c001654
15973116ns          267992 1c00837a 0049a70b p.lw             x14, 4(x19!)        x14=000f0007 x19=1c001680 x19:1c00167c  PA:1c00167c
15973435ns          268008 1c00837e 48e78457 pv.sra.h         x8, x15, x14         x8=0000002d x15:52a116c9 x14:000f0007
15973454ns          268009 1c008382 0049260b p.lw             x12, 4(x18!)        x12=0000002d x18=1c0016a8 x18:1c0016a4  PA:1c0016a4
15973753ns          268024 1c008386 008005b3 add              x11, x0, x8         x11=0000002d  x8:0000002d
15973773ns          268025 1c008388 114a8513 addi             x10, x21, 276       x10=1c000114 x21:1c000000
15973793ns          268026 1c00838c dd1ff0ef jal              x1, -560             x1=1c00838e
15973832ns          268028 1c00815c 1c0027b7 lui              x15, 0x1c002000     x15=1c002000
15973852ns          268029 1c008160 c7478793 addi             x15, x15, -908      x15=1c001c74 x15:1c002000
15973872ns          268030 1c008164 0007a703 lw               x14, 0(x15)         x14=00000045 x15:1c001c74  PA:1c001c74
15974171ns          268045 1c008166 00c006b3 add              x13, x0, x12        x13=0000002d x12:0000002d
15974190ns          268046 1c008168 00170713 addi             x14, x14, 1         x14=00000046 x14:00000045
15974210ns          268047 1c00816a 00e7a023 sw               x14, 0(x15)         x14:00000046 x15:1c001c74  PA:1c001c74
15974529ns          268063 1c00816c 02c58163 beq              x11, x12, 34        x11:0000002d x12:0000002d
15974588ns          268066 1c00818e 00008067 jalr             x0, x1, 0            x1:1c00838e
15974648ns          268069 1c00838e ff4494e3 bne              x9, x20, -24         x9:1c001658 x20:1c001658
15974668ns          268070 1c008392 1c0014b7 lui              x9, 0x1c001000       x9=1c001000
15974688ns          268071 1c008396 6a848493 addi             x9, x9, 1704         x9=1c0016a8  x9:1c001000
15974708ns          268072 1c00839a 1c0019b7 lui              x19, 0x1c001000     x19=1c001000
15975145ns          268094 1c00839e 1c001937 lui              x18, 0x1c001000     x18=1c001000
15975185ns          268096 1c0083a2 6d098993 addi             x19, x19, 1744      x19=1c0016d0 x19:1c001000
15975205ns          268097 1c0083a6 6f890913 addi             x18, x18, 1784      x18=1c0016f8 x18:1c001000
15975225ns          268098 1c0083aa 02848a13 addi             x20, x9, 40         x20=1c0016d0  x9:1c0016a8
15975662ns          268120 1c0083ae 1c000ab7 lui              x21, 0x1c000000     x21=1c000000
15975702ns          268122 1c0083b2 0044a78b p.lw             x15, 4(x9!)         x15=080a5f54  x9=1c0016ac  x9:1c0016a8  PA:1c0016a8
15976020ns          268138 1c0083b6 0049a70b p.lw             x14, 4(x19!)        x14=000d000c x19=1c0016d4 x19:1c0016d0  PA:1c0016d0
15976339ns          268154 1c0083ba 48e7c457 pv.sra.sc.h      x8, x15, x14         x8=00000005 x15:080a5f54 x14:000c000c
15976359ns          268155 1c0083be 0049260b p.lw             x12, 4(x18!)        x12=00000005 x18=1c0016fc x18:1c0016f8  PA:1c0016f8
15976657ns          268170 1c0083c2 008005b3 add              x11, x0, x8         x11=00000005  x8:00000005
15976677ns          268171 1c0083c4 120a8513 addi             x10, x21, 288       x10=1c000120 x21:1c000000
15976697ns          268172 1c0083c8 d95ff0ef jal              x1, -620             x1=1c0083ca
15976935ns          268184 1c00815c 1c0027b7 lui              x15, 0x1c002000     x15=1c002000
15976975ns          268186 1c008160 c7478793 addi             x15, x15, -908      x15=1c001c74 x15:1c002000
15976995ns          268187 1c008164 0007a703 lw               x14, 0(x15)         x14=00000046 x15:1c001c74  PA:1c001c74
15977293ns          268202 1c008166 00c006b3 add              x13, x0, x12        x13=00000005 x12:00000005
15977313ns          268203 1c008168 00170713 addi             x14, x14, 1         x14=00000047 x14:00000046
15977333ns          268204 1c00816a 00e7a023 sw               x14, 0(x15)         x14:00000047 x15:1c001c74  PA:1c001c74
15977671ns          268221 1c00816c 02c58163 beq              x11, x12, 34        x11:00000005 x12:00000005
15977731ns          268224 1c00818e 00008067 jalr             x0, x1, 0            x1:1c0083ca
15977791ns          268227 1c0083ca ff4494e3 bne              x9, x20, -24         x9:1c0016ac x20:1c0016d0
15977870ns          268231 1c0083b2 0044a78b p.lw             x15, 4(x9!)         x15=e0871f6d  x9=1c0016b0  x9:1c0016ac  PA:1c0016ac
15978169ns          268246 1c0083b6 0049a70b p.lw             x14, 4(x19!)        x14=00020005 x19=1c0016d8 x19:1c0016d4  PA:1c0016d4
15978487ns          268262 1c0083ba 48e7c457 pv.sra.sc.h      x8, x15, x14         x8=ff0400fb x15:e0871f6d x14:00050005
15978507ns          268263 1c0083be 0049260b p.lw             x12, 4(x18!)        x12=ff0400fb x18=1c001700 x18:1c0016fc  PA:1c0016fc
15978825ns          268279 1c0083c2 008005b3 add              x11, x0, x8         x11=ff0400fb  x8:ff0400fb
15978845ns          268280 1c0083c4 120a8513 addi             x10, x21, 288       x10=1c000120 x21:1c000000
15978865ns          268281 1c0083c8 d95ff0ef jal              x1, -620             x1=1c0083ca
15978905ns          268283 1c00815c 1c0027b7 lui              x15, 0x1c002000     x15=1c002000
15978924ns          268284 1c008160 c7478793 addi             x15, x15, -908      x15=1c001c74 x15:1c002000
15978944ns          268285 1c008164 0007a703 lw               x14, 0(x15)         x14=00000047 x15:1c001c74  PA:1c001c74
15979243ns          268300 1c008166 00c006b3 add              x13, x0, x12        x13=ff0400fb x12:ff0400fb
15979263ns          268301 1c008168 00170713 addi             x14, x14, 1         x14=00000048 x14:00000047
15979282ns          268302 1c00816a 00e7a023 sw               x14, 0(x15)         x14:00000048 x15:1c001c74  PA:1c001c74
15979601ns          268318 1c00816c 02c58163 beq              x11, x12, 34        x11:ff0400fb x12:ff0400fb
15979660ns          268321 1c00818e 00008067 jalr             x0, x1, 0            x1:1c0083ca
15979720ns          268324 1c0083ca ff4494e3 bne              x9, x20, -24         x9:1c0016b0 x20:1c0016d0
15979800ns          268328 1c0083b2 0044a78b p.lw             x15, 4(x9!)         x15=40ff2c98  x9=1c0016b4  x9:1c0016b0  PA:1c0016b0
15980118ns          268344 1c0083b6 0049a70b p.lw             x14, 4(x19!)        x14=000b000e x19=1c0016dc x19:1c0016d8  PA:1c0016d8
15980436ns          268360 1c0083ba 48e7c457 pv.sra.sc.h      x8, x15, x14         x8=00010000 x15:40ff2c98 x14:000e000e
15980456ns          268361 1c0083be 0049260b p.lw             x12, 4(x18!)        x12=00010000 x18=1c001704 x18:1c001700  PA:1c001700
15980774ns          268377 1c0083c2 008005b3 add              x11, x0, x8         x11=00010000  x8:00010000
15980794ns          268378 1c0083c4 120a8513 addi             x10, x21, 288       x10=1c000120 x21:1c000000
15980814ns          268379 1c0083c8 d95ff0ef jal              x1, -620             x1=1c0083ca
15980854ns          268381 1c00815c 1c0027b7 lui              x15, 0x1c002000     x15=1c002000
15980874ns          268382 1c008160 c7478793 addi             x15, x15, -908      x15=1c001c74 x15:1c002000
15980894ns          268383 1c008164 0007a703 lw               x14, 0(x15)         x14=00000048 x15:1c001c74  PA:1c001c74
15981192ns          268398 1c008166 00c006b3 add              x13, x0, x12        x13=00010000 x12:00010000
15981212ns          268399 1c008168 00170713 addi             x14, x14, 1         x14=00000049 x14:00000048
15981232ns          268400 1c00816a 00e7a023 sw               x14, 0(x15)         x14:00000049 x15:1c001c74  PA:1c001c74
15981550ns          268416 1c00816c 02c58163 beq              x11, x12, 34        x11:00010000 x12:00010000
15981610ns          268419 1c00818e 00008067 jalr             x0, x1, 0            x1:1c0083ca
15981669ns          268422 1c0083ca ff4494e3 bne              x9, x20, -24         x9:1c0016b4 x20:1c0016d0
15981749ns          268426 1c0083b2 0044a78b p.lw             x15, 4(x9!)         x15=dfd4e151  x9=1c0016b8  x9:1c0016b4  PA:1c0016b4
15982047ns          268441 1c0083b6 0049a70b p.lw             x14, 4(x19!)        x14=00070002 x19=1c0016e0 x19:1c0016dc  PA:1c0016dc
15982366ns          268457 1c0083ba 48e7c457 pv.sra.sc.h      x8, x15, x14         x8=f7f5f854 x15:dfd4e151 x14:00020002
15982385ns          268458 1c0083be 0049260b p.lw             x12, 4(x18!)        x12=f7f5f854 x18=1c001708 x18:1c001704  PA:1c001704
15982684ns          268473 1c0083c2 008005b3 add              x11, x0, x8         x11=f7f5f854  x8:f7f5f854
15982704ns          268474 1c0083c4 120a8513 addi             x10, x21, 288       x10=1c000120 x21:1c000000
15982724ns          268475 1c0083c8 d95ff0ef jal              x1, -620             x1=1c0083ca
15982763ns          268477 1c00815c 1c0027b7 lui              x15, 0x1c002000     x15=1c002000
15982783ns          268478 1c008160 c7478793 addi             x15, x15, -908      x15=1c001c74 x15:1c002000
15982803ns          268479 1c008164 0007a703 lw               x14, 0(x15)         x14=00000049 x15:1c001c74  PA:1c001c74
15983101ns          268494 1c008166 00c006b3 add              x13, x0, x12        x13=f7f5f854 x12:f7f5f854
15983121ns          268495 1c008168 00170713 addi             x14, x14, 1         x14=0000004a x14:00000049
15983141ns          268496 1c00816a 00e7a023 sw               x14, 0(x15)         x14:0000004a x15:1c001c74  PA:1c001c74
15983460ns          268512 1c00816c 02c58163 beq              x11, x12, 34        x11:f7f5f854 x12:f7f5f854
15983519ns          268515 1c00818e 00008067 jalr             x0, x1, 0            x1:1c0083ca
15983579ns          268518 1c0083ca ff4494e3 bne              x9, x20, -24         x9:1c0016b8 x20:1c0016d0
15983658ns          268522 1c0083b2 0044a78b p.lw             x15, 4(x9!)         x15=4912a2de  x9=1c0016bc  x9:1c0016b8  PA:1c0016b8
15983957ns          268537 1c0083b6 0049a70b p.lw             x14, 4(x19!)        x14=00080007 x19=1c0016e4 x19:1c0016e0  PA:1c0016e0
15984275ns          268553 1c0083ba 48e7c457 pv.sra.sc.h      x8, x15, x14         x8=0092ff45 x15:4912a2de x14:00070007
15984295ns          268554 1c0083be 0049260b p.lw             x12, 4(x18!)        x12=0092ff45 x18=1c00170c x18:1c001708  PA:1c001708
15984593ns          268569 1c0083c2 008005b3 add              x11, x0, x8         x11=0092ff45  x8:0092ff45
15984613ns          268570 1c0083c4 120a8513 addi             x10, x21, 288       x10=1c000120 x21:1c000000
15984633ns          268571 1c0083c8 d95ff0ef jal              x1, -620             x1=1c0083ca
15984673ns          268573 1c00815c 1c0027b7 lui              x15, 0x1c002000     x15=1c002000
15984693ns          268574 1c008160 c7478793 addi             x15, x15, -908      x15=1c001c74 x15:1c002000
15984713ns          268575 1c008164 0007a703 lw               x14, 0(x15)         x14=0000004a x15:1c001c74  PA:1c001c74
15985011ns          268590 1c008166 00c006b3 add              x13, x0, x12        x13=0092ff45 x12:0092ff45
15985031ns          268591 1c008168 00170713 addi             x14, x14, 1         x14=0000004b x14:0000004a
15985051ns          268592 1c00816a 00e7a023 sw               x14, 0(x15)         x14:0000004b x15:1c001c74  PA:1c001c74
15985369ns          268608 1c00816c 02c58163 beq              x11, x12, 34        x11:0092ff45 x12:0092ff45
15985429ns          268611 1c00818e 00008067 jalr             x0, x1, 0            x1:1c0083ca
15985488ns          268614 1c0083ca ff4494e3 bne              x9, x20, -24         x9:1c0016bc x20:1c0016d0
15985568ns          268618 1c0083b2 0044a78b p.lw             x15, 4(x9!)         x15=ca52bbdc  x9=1c0016c0  x9:1c0016bc  PA:1c0016bc
15985866ns          268633 1c0083b6 0049a70b p.lw             x14, 4(x19!)        x14=000d0009 x19=1c0016e8 x19:1c0016e4  PA:1c0016e4
15986185ns          268649 1c0083ba 48e7c457 pv.sra.sc.h      x8, x15, x14         x8=ffe5ffdd x15:ca52bbdc x14:00090009
15986204ns          268650 1c0083be 0049260b p.lw             x12, 4(x18!)        x12=ffe5ffdd x18=1c001710 x18:1c00170c  PA:1c00170c
15986503ns          268665 1c0083c2 008005b3 add              x11, x0, x8         x11=ffe5ffdd  x8:ffe5ffdd
15986523ns          268666 1c0083c4 120a8513 addi             x10, x21, 288       x10=1c000120 x21:1c000000
15986543ns          268667 1c0083c8 d95ff0ef jal              x1, -620             x1=1c0083ca
15986582ns          268669 1c00815c 1c0027b7 lui              x15, 0x1c002000     x15=1c002000
15986602ns          268670 1c008160 c7478793 addi             x15, x15, -908      x15=1c001c74 x15:1c002000
15986622ns          268671 1c008164 0007a703 lw               x14, 0(x15)         x14=0000004b x15:1c001c74  PA:1c001c74
15986921ns          268686 1c008166 00c006b3 add              x13, x0, x12        x13=ffe5ffdd x12:ffe5ffdd
15986940ns          268687 1c008168 00170713 addi             x14, x14, 1         x14=0000004c x14:0000004b
15986960ns          268688 1c00816a 00e7a023 sw               x14, 0(x15)         x14:0000004c x15:1c001c74  PA:1c001c74
15987279ns          268704 1c00816c 02c58163 beq              x11, x12, 34        x11:ffe5ffdd x12:ffe5ffdd
15987338ns          268707 1c00818e 00008067 jalr             x0, x1, 0            x1:1c0083ca
15987398ns          268710 1c0083ca ff4494e3 bne              x9, x20, -24         x9:1c0016c0 x20:1c0016d0
15987477ns          268714 1c0083b2 0044a78b p.lw             x15, 4(x9!)         x15=72399741  x9=1c0016c4  x9:1c0016c0  PA:1c0016c0
15987776ns          268729 1c0083b6 0049a70b p.lw             x14, 4(x19!)        x14=00030002 x19=1c0016ec x19:1c0016e8  PA:1c0016e8
15988114ns          268746 1c0083ba 48e7c457 pv.sra.sc.h      x8, x15, x14         x8=1c8ee5d0 x15:72399741 x14:00020002
15988134ns          268747 1c0083be 0049260b p.lw             x12, 4(x18!)        x12=1c8ee5d0 x18=1c001714 x18:1c001710  PA:1c001710
15988432ns          268762 1c0083c2 008005b3 add              x11, x0, x8         x11=1c8ee5d0  x8:1c8ee5d0
15988452ns          268763 1c0083c4 120a8513 addi             x10, x21, 288       x10=1c000120 x21:1c000000
15988472ns          268764 1c0083c8 d95ff0ef jal              x1, -620             x1=1c0083ca
15988512ns          268766 1c00815c 1c0027b7 lui              x15, 0x1c002000     x15=1c002000
15988532ns          268767 1c008160 c7478793 addi             x15, x15, -908      x15=1c001c74 x15:1c002000
15988552ns          268768 1c008164 0007a703 lw               x14, 0(x15)         x14=0000004c x15:1c001c74  PA:1c001c74
15988850ns          268783 1c008166 00c006b3 add              x13, x0, x12        x13=1c8ee5d0 x12:1c8ee5d0
15988870ns          268784 1c008168 00170713 addi             x14, x14, 1         x14=0000004d x14:0000004c
15988890ns          268785 1c00816a 00e7a023 sw               x14, 0(x15)         x14:0000004d x15:1c001c74  PA:1c001c74
15989208ns          268801 1c00816c 02c58163 beq              x11, x12, 34        x11:1c8ee5d0 x12:1c8ee5d0
15989268ns          268804 1c00818e 00008067 jalr             x0, x1, 0            x1:1c0083ca
15989327ns          268807 1c0083ca ff4494e3 bne              x9, x20, -24         x9:1c0016c4 x20:1c0016d0
15989407ns          268811 1c0083b2 0044a78b p.lw             x15, 4(x9!)         x15=1201f2c6  x9=1c0016c8  x9:1c0016c4  PA:1c0016c4
15989705ns          268826 1c0083b6 0049a70b p.lw             x14, 4(x19!)        x14=00080007 x19=1c0016f0 x19:1c0016ec  PA:1c0016ec
15990023ns          268842 1c0083ba 48e7c457 pv.sra.sc.h      x8, x15, x14         x8=0024ffe5 x15:1201f2c6 x14:00070007
15990043ns          268843 1c0083be 0049260b p.lw             x12, 4(x18!)        x12=0024ffe5 x18=1c001718 x18:1c001714  PA:1c001714
15990342ns          268858 1c0083c2 008005b3 add              x11, x0, x8         x11=0024ffe5  x8:0024ffe5
15990362ns          268859 1c0083c4 120a8513 addi             x10, x21, 288       x10=1c000120 x21:1c000000
15990382ns          268860 1c0083c8 d95ff0ef jal              x1, -620             x1=1c0083ca
15990421ns          268862 1c00815c 1c0027b7 lui              x15, 0x1c002000     x15=1c002000
15990441ns          268863 1c008160 c7478793 addi             x15, x15, -908      x15=1c001c74 x15:1c002000
15990461ns          268864 1c008164 0007a703 lw               x14, 0(x15)         x14=0000004d x15:1c001c74  PA:1c001c74
15990779ns          268880 1c008166 00c006b3 add              x13, x0, x12        x13=0024ffe5 x12:0024ffe5
15990799ns          268881 1c008168 00170713 addi             x14, x14, 1         x14=0000004e x14:0000004d
15990819ns          268882 1c00816a 00e7a023 sw               x14, 0(x15)         x14:0000004e x15:1c001c74  PA:1c001c74
15991137ns          268898 1c00816c 02c58163 beq              x11, x12, 34        x11:0024ffe5 x12:0024ffe5
15991197ns          268901 1c00818e 00008067 jalr             x0, x1, 0            x1:1c0083ca
15991257ns          268904 1c0083ca ff4494e3 bne              x9, x20, -24         x9:1c0016c8 x20:1c0016d0
15991336ns          268908 1c0083b2 0044a78b p.lw             x15, 4(x9!)         x15=dbea9d61  x9=1c0016cc  x9:1c0016c8  PA:1c0016c8
15991655ns          268924 1c0083b6 0049a70b p.lw             x14, 4(x19!)        x14=00010001 x19=1c0016f4 x19:1c0016f0  PA:1c0016f0
15991973ns          268940 1c0083ba 48e7c457 pv.sra.sc.h      x8, x15, x14         x8=edf5ceb0 x15:dbea9d61 x14:00010001
15991993ns          268941 1c0083be 0049260b p.lw             x12, 4(x18!)        x12=edf5ceb0 x18=1c00171c x18:1c001718  PA:1c001718
15992291ns          268956 1c0083c2 008005b3 add              x11, x0, x8         x11=edf5ceb0  x8:edf5ceb0
15992311ns          268957 1c0083c4 120a8513 addi             x10, x21, 288       x10=1c000120 x21:1c000000
15992331ns          268958 1c0083c8 d95ff0ef jal              x1, -620             x1=1c0083ca
15992371ns          268960 1c00815c 1c0027b7 lui              x15, 0x1c002000     x15=1c002000
15992390ns          268961 1c008160 c7478793 addi             x15, x15, -908      x15=1c001c74 x15:1c002000
15992410ns          268962 1c008164 0007a703 lw               x14, 0(x15)         x14=0000004e x15:1c001c74  PA:1c001c74
15992709ns          268977 1c008166 00c006b3 add              x13, x0, x12        x13=edf5ceb0 x12:edf5ceb0
15992729ns          268978 1c008168 00170713 addi             x14, x14, 1         x14=0000004f x14:0000004e
15992749ns          268979 1c00816a 00e7a023 sw               x14, 0(x15)         x14:0000004f x15:1c001c74  PA:1c001c74
15993067ns          268995 1c00816c 02c58163 beq              x11, x12, 34        x11:edf5ceb0 x12:edf5ceb0
15993126ns          268998 1c00818e 00008067 jalr             x0, x1, 0            x1:1c0083ca
15993186ns          269001 1c0083ca ff4494e3 bne              x9, x20, -24         x9:1c0016cc x20:1c0016d0
15993266ns          269005 1c0083b2 0044a78b p.lw             x15, 4(x9!)         x15=2b36f1b3  x9=1c0016d0  x9:1c0016cc  PA:1c0016cc
15993564ns          269020 1c0083b6 0049a70b p.lw             x14, 4(x19!)        x14=00080007 x19=1c0016f8 x19:1c0016f4  PA:1c0016f4
15993882ns          269036 1c0083ba 48e7c457 pv.sra.sc.h      x8, x15, x14         x8=0056ffe3 x15:2b36f1b3 x14:00070007
15993902ns          269037 1c0083be 0049260b p.lw             x12, 4(x18!)        x12=0056ffe3 x18=1c001720 x18:1c00171c  PA:1c00171c
15994201ns          269052 1c0083c2 008005b3 add              x11, x0, x8         x11=0056ffe3  x8:0056ffe3
15994220ns          269053 1c0083c4 120a8513 addi             x10, x21, 288       x10=1c000120 x21:1c000000
15994240ns          269054 1c0083c8 d95ff0ef jal              x1, -620             x1=1c0083ca
15994280ns          269056 1c00815c 1c0027b7 lui              x15, 0x1c002000     x15=1c002000
15994300ns          269057 1c008160 c7478793 addi             x15, x15, -908      x15=1c001c74 x15:1c002000
15994320ns          269058 1c008164 0007a703 lw               x14, 0(x15)         x14=0000004f x15:1c001c74  PA:1c001c74
15994618ns          269073 1c008166 00c006b3 add              x13, x0, x12        x13=0056ffe3 x12:0056ffe3
15994638ns          269074 1c008168 00170713 addi             x14, x14, 1         x14=00000050 x14:0000004f
15994658ns          269075 1c00816a 00e7a023 sw               x14, 0(x15)         x14:00000050 x15:1c001c74  PA:1c001c74
15994976ns          269091 1c00816c 02c58163 beq              x11, x12, 34        x11:0056ffe3 x12:0056ffe3
15995036ns          269094 1c00818e 00008067 jalr             x0, x1, 0            x1:1c0083ca
15995096ns          269097 1c0083ca ff4494e3 bne              x9, x20, -24         x9:1c0016d0 x20:1c0016d0
15995116ns          269098 1c0083ce 1c0014b7 lui              x9, 0x1c001000       x9=1c001000
15995135ns          269099 1c0083d2 72048493 addi             x9, x9, 1824         x9=1c001720  x9:1c001000
15995155ns          269100 1c0083d6 1c001937 lui              x18, 0x1c001000     x18=1c001000
15995175ns          269101 1c0083da 74890913 addi             x18, x18, 1864      x18=1c001748 x18:1c001000
15995613ns          269123 1c0083de 02848993 addi             x19, x9, 40         x19=1c001748  x9:1c001720
15995653ns          269125 1c0083e2 1c000a37 lui              x20, 0x1c000000     x20=1c000000
15995672ns          269126 1c0083e6 0044a78b p.lw             x15, 4(x9!)         x15=ceb053f9  x9=1c001724  x9:1c001720  PA:1c001720
15995991ns          269142 1c0083ea 4a47e457 pv.sra.sci.h     x8, x15, 0x9         x8=ffe70029 x15:ceb053f9
15996150ns          269150 1c0083ee 0049260b p.lw             x12, 4(x18!)        x12=ffe70029 x18=1c00174c x18:1c001748  PA:1c001748
15996448ns          269165 1c0083f2 008005b3 add              x11, x0, x8         x11=ffe70029  x8:ffe70029
15996468ns          269166 1c0083f4 12ca0513 addi             x10, x20, 300       x10=1c00012c x20:1c000000
15996488ns          269167 1c0083f8 d65ff0ef jal              x1, -668             x1=1c0083fa
15996707ns          269178 1c00815c 1c0027b7 lui              x15, 0x1c002000     x15=1c002000
15996727ns          269179 1c008160 c7478793 addi             x15, x15, -908      x15=1c001c74 x15:1c002000
15996747ns          269180 1c008164 0007a703 lw               x14, 0(x15)         x14=00000050 x15:1c001c74  PA:1c001c74
15997045ns          269195 1c008166 00c006b3 add              x13, x0, x12        x13=ffe70029 x12:ffe70029
15997065ns          269196 1c008168 00170713 addi             x14, x14, 1         x14=00000051 x14:00000050
15997085ns          269197 1c00816a 00e7a023 sw               x14, 0(x15)         x14:00000051 x15:1c001c74  PA:1c001c74
15997423ns          269214 1c00816c 02c58163 beq              x11, x12, 34        x11:ffe70029 x12:ffe70029
15997522ns          269219 1c00818e 00008067 jalr             x0, x1, 0            x1:1c0083fa
15997582ns          269222 1c0083fa ff3496e3 bne              x9, x19, -20         x9:1c001724 x19:1c001748
15997662ns          269226 1c0083e6 0044a78b p.lw             x15, 4(x9!)         x15=aa4af03f  x9=1c001728  x9:1c001724  PA:1c001724
15998000ns          269243 1c0083ea 4a47e457 pv.sra.sci.h     x8, x15, 0x9         x8=ffd5fff8 x15:aa4af03f
15998020ns          269244 1c0083ee 0049260b p.lw             x12, 4(x18!)        x12=ffd5fff8 x18=1c001750 x18:1c00174c  PA:1c00174c
15998318ns          269259 1c0083f2 008005b3 add              x11, x0, x8         x11=ffd5fff8  x8:ffd5fff8
15998338ns          269260 1c0083f4 12ca0513 addi             x10, x20, 300       x10=1c00012c x20:1c000000
15998358ns          269261 1c0083f8 d65ff0ef jal              x1, -668             x1=1c0083fa
15998397ns          269263 1c00815c 1c0027b7 lui              x15, 0x1c002000     x15=1c002000
15998417ns          269264 1c008160 c7478793 addi             x15, x15, -908      x15=1c001c74 x15:1c002000
15998437ns          269265 1c008164 0007a703 lw               x14, 0(x15)         x14=00000051 x15:1c001c74  PA:1c001c74
15998756ns          269281 1c008166 00c006b3 add              x13, x0, x12        x13=ffd5fff8 x12:ffd5fff8
15998775ns          269282 1c008168 00170713 addi             x14, x14, 1         x14=00000052 x14:00000051
15998795ns          269283 1c00816a 00e7a023 sw               x14, 0(x15)         x14:00000052 x15:1c001c74  PA:1c001c74
15999114ns          269299 1c00816c 02c58163 beq              x11, x12, 34        x11:ffd5fff8 x12:ffd5fff8
15999173ns          269302 1c00818e 00008067 jalr             x0, x1, 0            x1:1c0083fa
15999233ns          269305 1c0083fa ff3496e3 bne              x9, x19, -20         x9:1c001728 x19:1c001748
15999312ns          269309 1c0083e6 0044a78b p.lw             x15, 4(x9!)         x15=68e511a2  x9=1c00172c  x9:1c001728  PA:1c001728
15999631ns          269325 1c0083ea 4a47e457 pv.sra.sci.h     x8, x15, 0x9         x8=00340008 x15:68e511a2
15999651ns          269326 1c0083ee 0049260b p.lw             x12, 4(x18!)        x12=00340008 x18=1c001754 x18:1c001750  PA:1c001750
15999949ns          269341 1c0083f2 008005b3 add              x11, x0, x8         x11=00340008  x8:00340008
15999969ns          269342 1c0083f4 12ca0513 addi             x10, x20, 300       x10=1c00012c x20:1c000000
15999989ns          269343 1c0083f8 d65ff0ef jal              x1, -668             x1=1c0083fa
16000029ns          269345 1c00815c 1c0027b7 lui              x15, 0x1c002000     x15=1c002000
16000048ns          269346 1c008160 c7478793 addi             x15, x15, -908      x15=1c001c74 x15:1c002000
16000068ns          269347 1c008164 0007a703 lw               x14, 0(x15)         x14=00000052 x15:1c001c74  PA:1c001c74
16000387ns          269363 1c008166 00c006b3 add              x13, x0, x12        x13=00340008 x12:00340008
16000406ns          269364 1c008168 00170713 addi             x14, x14, 1         x14=00000053 x14:00000052
16000426ns          269365 1c00816a 00e7a023 sw               x14, 0(x15)         x14:00000053 x15:1c001c74  PA:1c001c74
16000745ns          269381 1c00816c 02c58163 beq              x11, x12, 34        x11:00340008 x12:00340008
16000804ns          269384 1c00818e 00008067 jalr             x0, x1, 0            x1:1c0083fa
16000864ns          269387 1c0083fa ff3496e3 bne              x9, x19, -20         x9:1c00172c x19:1c001748
16000943ns          269391 1c0083e6 0044a78b p.lw             x15, 4(x9!)         x15=aae4fbfe  x9=1c001730  x9:1c00172c  PA:1c00172c
16001262ns          269407 1c0083ea 4a47e457 pv.sra.sci.h     x8, x15, 0x9         x8=ffd5fffd x15:aae4fbfe
16001282ns          269408 1c0083ee 0049260b p.lw             x12, 4(x18!)        x12=ffd5fffd x18=1c001758 x18:1c001754  PA:1c001754
16001580ns          269423 1c0083f2 008005b3 add              x11, x0, x8         x11=ffd5fffd  x8:ffd5fffd
16001600ns          269424 1c0083f4 12ca0513 addi             x10, x20, 300       x10=1c00012c x20:1c000000
16001620ns          269425 1c0083f8 d65ff0ef jal              x1, -668             x1=1c0083fa
16001660ns          269427 1c00815c 1c0027b7 lui              x15, 0x1c002000     x15=1c002000
16001679ns          269428 1c008160 c7478793 addi             x15, x15, -908      x15=1c001c74 x15:1c002000
16001699ns          269429 1c008164 0007a703 lw               x14, 0(x15)         x14=00000053 x15:1c001c74  PA:1c001c74
16001998ns          269444 1c008166 00c006b3 add              x13, x0, x12        x13=ffd5fffd x12:ffd5fffd
16002018ns          269445 1c008168 00170713 addi             x14, x14, 1         x14=00000054 x14:00000053
16002037ns          269446 1c00816a 00e7a023 sw               x14, 0(x15)         x14:00000054 x15:1c001c74  PA:1c001c74
16002356ns          269462 1c00816c 02c58163 beq              x11, x12, 34        x11:ffd5fffd x12:ffd5fffd
16002415ns          269465 1c00818e 00008067 jalr             x0, x1, 0            x1:1c0083fa
16002475ns          269468 1c0083fa ff3496e3 bne              x9, x19, -20         x9:1c001730 x19:1c001748
16002555ns          269472 1c0083e6 0044a78b p.lw             x15, 4(x9!)         x15=462ad116  x9=1c001734  x9:1c001730  PA:1c001730
16002873ns          269488 1c0083ea 4a47e457 pv.sra.sci.h     x8, x15, 0x9         x8=0023ffe8 x15:462ad116
16002893ns          269489 1c0083ee 0049260b p.lw             x12, 4(x18!)        x12=0023ffe8 x18=1c00175c x18:1c001758  PA:1c001758
16003211ns          269505 1c0083f2 008005b3 add              x11, x0, x8         x11=0023ffe8  x8:0023ffe8
16003231ns          269506 1c0083f4 12ca0513 addi             x10, x20, 300       x10=1c00012c x20:1c000000
16003251ns          269507 1c0083f8 d65ff0ef jal              x1, -668             x1=1c0083fa
16003291ns          269509 1c00815c 1c0027b7 lui              x15, 0x1c002000     x15=1c002000
16003310ns          269510 1c008160 c7478793 addi             x15, x15, -908      x15=1c001c74 x15:1c002000
16003330ns          269511 1c008164 0007a703 lw               x14, 0(x15)         x14=00000054 x15:1c001c74  PA:1c001c74
16003629ns          269526 1c008166 00c006b3 add              x13, x0, x12        x13=0023ffe8 x12:0023ffe8
16003649ns          269527 1c008168 00170713 addi             x14, x14, 1         x14=00000055 x14:00000054
16003669ns          269528 1c00816a 00e7a023 sw               x14, 0(x15)         x14:00000055 x15:1c001c74  PA:1c001c74
16003987ns          269544 1c00816c 02c58163 beq              x11, x12, 34        x11:0023ffe8 x12:0023ffe8
16004046ns          269547 1c00818e 00008067 jalr             x0, x1, 0            x1:1c0083fa
16004106ns          269550 1c0083fa ff3496e3 bne              x9, x19, -20         x9:1c001734 x19:1c001748
16004186ns          269554 1c0083e6 0044a78b p.lw             x15, 4(x9!)         x15=832edde6  x9=1c001738  x9:1c001734  PA:1c001734
16004504ns          269570 1c0083ea 4a47e457 pv.sra.sci.h     x8, x15, 0x9         x8=ffc1ffee x15:832edde6
16004524ns          269571 1c0083ee 0049260b p.lw             x12, 4(x18!)        x12=ffc1ffee x18=1c001760 x18:1c00175c  PA:1c00175c
16004822ns          269586 1c0083f2 008005b3 add              x11, x0, x8         x11=ffc1ffee  x8:ffc1ffee
16004842ns          269587 1c0083f4 12ca0513 addi             x10, x20, 300       x10=1c00012c x20:1c000000
16004862ns          269588 1c0083f8 d65ff0ef jal              x1, -668             x1=1c0083fa
16004902ns          269590 1c00815c 1c0027b7 lui              x15, 0x1c002000     x15=1c002000
16004922ns          269591 1c008160 c7478793 addi             x15, x15, -908      x15=1c001c74 x15:1c002000
16004942ns          269592 1c008164 0007a703 lw               x14, 0(x15)         x14=00000055 x15:1c001c74  PA:1c001c74
16005240ns          269607 1c008166 00c006b3 add              x13, x0, x12        x13=ffc1ffee x12:ffc1ffee
16005260ns          269608 1c008168 00170713 addi             x14, x14, 1         x14=00000056 x14:00000055
16005280ns          269609 1c00816a 00e7a023 sw               x14, 0(x15)         x14:00000056 x15:1c001c74  PA:1c001c74
16005618ns          269626 1c00816c 02c58163 beq              x11, x12, 34        x11:ffc1ffee x12:ffc1ffee
16005677ns          269629 1c00818e 00008067 jalr             x0, x1, 0            x1:1c0083fa
16005737ns          269632 1c0083fa ff3496e3 bne              x9, x19, -20         x9:1c001738 x19:1c001748
16005817ns          269636 1c0083e6 0044a78b p.lw             x15, 4(x9!)         x15=386d4c5c  x9=1c00173c  x9:1c001738  PA:1c001738
16006135ns          269652 1c0083ea 4a47e457 pv.sra.sci.h     x8, x15, 0x9         x8=001c0026 x15:386d4c5c
16006155ns          269653 1c0083ee 0049260b p.lw             x12, 4(x18!)        x12=001c0026 x18=1c001764 x18:1c001760  PA:1c001760
16006453ns          269668 1c0083f2 008005b3 add              x11, x0, x8         x11=001c0026  x8:001c0026
16006473ns          269669 1c0083f4 12ca0513 addi             x10, x20, 300       x10=1c00012c x20:1c000000
16006493ns          269670 1c0083f8 d65ff0ef jal              x1, -668             x1=1c0083fa
16006533ns          269672 1c00815c 1c0027b7 lui              x15, 0x1c002000     x15=1c002000
16006553ns          269673 1c008160 c7478793 addi             x15, x15, -908      x15=1c001c74 x15:1c002000
16006573ns          269674 1c008164 0007a703 lw               x14, 0(x15)         x14=00000056 x15:1c001c74  PA:1c001c74
16006891ns          269690 1c008166 00c006b3 add              x13, x0, x12        x13=001c0026 x12:001c0026
16006911ns          269691 1c008168 00170713 addi             x14, x14, 1         x14=00000057 x14:00000056
16006931ns          269692 1c00816a 00e7a023 sw               x14, 0(x15)         x14:00000057 x15:1c001c74  PA:1c001c74
16007249ns          269708 1c00816c 02c58163 beq              x11, x12, 34        x11:001c0026 x12:001c0026
16007309ns          269711 1c00818e 00008067 jalr             x0, x1, 0            x1:1c0083fa
16007368ns          269714 1c0083fa ff3496e3 bne              x9, x19, -20         x9:1c00173c x19:1c001748
16007448ns          269718 1c0083e6 0044a78b p.lw             x15, 4(x9!)         x15=45b6be87  x9=1c001740  x9:1c00173c  PA:1c00173c
16007766ns          269734 1c0083ea 4a47e457 pv.sra.sci.h     x8, x15, 0x9         x8=0022ffdf x15:45b6be87
16007786ns          269735 1c0083ee 0049260b p.lw             x12, 4(x18!)        x12=0022ffdf x18=1c001768 x18:1c001764  PA:1c001764
16008104ns          269751 1c0083f2 008005b3 add              x11, x0, x8         x11=0022ffdf  x8:0022ffdf
16008124ns          269752 1c0083f4 12ca0513 addi             x10, x20, 300       x10=1c00012c x20:1c000000
16008144ns          269753 1c0083f8 d65ff0ef jal              x1, -668             x1=1c0083fa
16008184ns          269755 1c00815c 1c0027b7 lui              x15, 0x1c002000     x15=1c002000
16008204ns          269756 1c008160 c7478793 addi             x15, x15, -908      x15=1c001c74 x15:1c002000
16008224ns          269757 1c008164 0007a703 lw               x14, 0(x15)         x14=00000057 x15:1c001c74  PA:1c001c74
16008522ns          269772 1c008166 00c006b3 add              x13, x0, x12        x13=0022ffdf x12:0022ffdf
16008542ns          269773 1c008168 00170713 addi             x14, x14, 1         x14=00000058 x14:00000057
16008562ns          269774 1c00816a 00e7a023 sw               x14, 0(x15)         x14:00000058 x15:1c001c74  PA:1c001c74
16008880ns          269790 1c00816c 02c58163 beq              x11, x12, 34        x11:0022ffdf x12:0022ffdf
16008940ns          269793 1c00818e 00008067 jalr             x0, x1, 0            x1:1c0083fa
16008999ns          269796 1c0083fa ff3496e3 bne              x9, x19, -20         x9:1c001740 x19:1c001748
16009079ns          269800 1c0083e6 0044a78b p.lw             x15, 4(x9!)         x15=5f0feab4  x9=1c001744  x9:1c001740  PA:1c001740
16009417ns          269817 1c0083ea 4a47e457 pv.sra.sci.h     x8, x15, 0x9         x8=002ffff5 x15:5f0feab4
16009437ns          269818 1c0083ee 0049260b p.lw             x12, 4(x18!)        x12=002ffff5 x18=1c00176c x18:1c001768  PA:1c001768
16009735ns          269833 1c0083f2 008005b3 add              x11, x0, x8         x11=002ffff5  x8:002ffff5
16009755ns          269834 1c0083f4 12ca0513 addi             x10, x20, 300       x10=1c00012c x20:1c000000
16009775ns          269835 1c0083f8 d65ff0ef jal              x1, -668             x1=1c0083fa
16009815ns          269837 1c00815c 1c0027b7 lui              x15, 0x1c002000     x15=1c002000
16009835ns          269838 1c008160 c7478793 addi             x15, x15, -908      x15=1c001c74 x15:1c002000
16009855ns          269839 1c008164 0007a703 lw               x14, 0(x15)         x14=00000058 x15:1c001c74  PA:1c001c74
16010153ns          269854 1c008166 00c006b3 add              x13, x0, x12        x13=002ffff5 x12:002ffff5
16010173ns          269855 1c008168 00170713 addi             x14, x14, 1         x14=00000059 x14:00000058
16010193ns          269856 1c00816a 00e7a023 sw               x14, 0(x15)         x14:00000059 x15:1c001c74  PA:1c001c74
16010511ns          269872 1c00816c 02c58163 beq              x11, x12, 34        x11:002ffff5 x12:002ffff5
16010571ns          269875 1c00818e 00008067 jalr             x0, x1, 0            x1:1c0083fa
16010630ns          269878 1c0083fa ff3496e3 bne              x9, x19, -20         x9:1c001744 x19:1c001748
16010710ns          269882 1c0083e6 0044a78b p.lw             x15, 4(x9!)         x15=b7017b23  x9=1c001748  x9:1c001744  PA:1c001744
16011028ns          269898 1c0083ea 4a47e457 pv.sra.sci.h     x8, x15, 0x9         x8=ffdb003d x15:b7017b23
16011048ns          269899 1c0083ee 0049260b p.lw             x12, 4(x18!)        x12=ffdb003d x18=1c001770 x18:1c00176c  PA:1c00176c
16011346ns          269914 1c0083f2 008005b3 add              x11, x0, x8         x11=ffdb003d  x8:ffdb003d
16011366ns          269915 1c0083f4 12ca0513 addi             x10, x20, 300       x10=1c00012c x20:1c000000
16011386ns          269916 1c0083f8 d65ff0ef jal              x1, -668             x1=1c0083fa
16011426ns          269918 1c00815c 1c0027b7 lui              x15, 0x1c002000     x15=1c002000
16011446ns          269919 1c008160 c7478793 addi             x15, x15, -908      x15=1c001c74 x15:1c002000
16011466ns          269920 1c008164 0007a703 lw               x14, 0(x15)         x14=00000059 x15:1c001c74  PA:1c001c74
16011764ns          269935 1c008166 00c006b3 add              x13, x0, x12        x13=ffdb003d x12:ffdb003d
16011784ns          269936 1c008168 00170713 addi             x14, x14, 1         x14=0000005a x14:00000059
16011804ns          269937 1c00816a 00e7a023 sw               x14, 0(x15)         x14:0000005a x15:1c001c74  PA:1c001c74
16012142ns          269954 1c00816c 02c58163 beq              x11, x12, 34        x11:ffdb003d x12:ffdb003d
16012202ns          269957 1c00818e 00008067 jalr             x0, x1, 0            x1:1c0083fa
16012261ns          269960 1c0083fa ff3496e3 bne              x9, x19, -20         x9:1c001748 x19:1c001748
16012281ns          269961 1c0083fe 1c0014b7 lui              x9, 0x1c001000       x9=1c001000
16012301ns          269962 1c008402 4f048493 addi             x9, x9, 1264         x9=1c0014f0  x9:1c001000
16012321ns          269963 1c008406 1c0019b7 lui              x19, 0x1c001000     x19=1c001000
16012341ns          269964 1c00840a 1c001937 lui              x18, 0x1c001000     x18=1c001000
16012778ns          269986 1c00840e 51898993 addi             x19, x19, 1304      x19=1c001518 x19:1c001000
16012818ns          269988 1c008412 54090913 addi             x18, x18, 1344      x18=1c001540 x18:1c001000
16012838ns          269989 1c008416 02848a13 addi             x20, x9, 40         x20=1c001518  x9:1c0014f0
16012858ns          269990 1c00841a 1c000ab7 lui              x21, 0x1c000000     x21=1c000000
16013296ns          270012 1c00841e 0044a78b p.lw             x15, 4(x9!)         x15=11f61b9d  x9=1c0014f4  x9:1c0014f0  PA:1c0014f0
16013614ns          270028 1c008422 0049a70b p.lw             x14, 4(x19!)        x14=01050704 x19=1c00151c x19:1c001518  PA:1c001518
16013932ns          270044 1c008426 48e79457 pv.sra.b         x8, x15, x14         x8=08ff00f9 x15:11f61b9d x14:01050704
16013952ns          270045 1c00842a 0049260b p.lw             x12, 4(x18!)        x12=08ff00f9 x18=1c001544 x18:1c001540  PA:1c001540
16014250ns          270060 1c00842e 008005b3 add              x11, x0, x8         x11=08ff00f9  x8:08ff00f9
16014270ns          270061 1c008430 13ca8513 addi             x10, x21, 316       x10=1c00013c x21:1c000000
16014290ns          270062 1c008434 d29ff0ef jal              x1, -728             x1=1c008436
16014330ns          270064 1c00815c 1c0027b7 lui              x15, 0x1c002000     x15=1c002000
16014350ns          270065 1c008160 c7478793 addi             x15, x15, -908      x15=1c001c74 x15:1c002000
16014370ns          270066 1c008164 0007a703 lw               x14, 0(x15)         x14=0000005a x15:1c001c74  PA:1c001c74
16014668ns          270081 1c008166 00c006b3 add              x13, x0, x12        x13=08ff00f9 x12:08ff00f9
16014688ns          270082 1c008168 00170713 addi             x14, x14, 1         x14=0000005b x14:0000005a
16014708ns          270083 1c00816a 00e7a023 sw               x14, 0(x15)         x14:0000005b x15:1c001c74  PA:1c001c74
16015026ns          270099 1c00816c 02c58163 beq              x11, x12, 34        x11:08ff00f9 x12:08ff00f9
16015086ns          270102 1c00818e 00008067 jalr             x0, x1, 0            x1:1c008436
16015145ns          270105 1c008436 ff4494e3 bne              x9, x20, -24         x9:1c0014f4 x20:1c001518
16015663ns          270131 1c00841e 0044a78b p.lw             x15, 4(x9!)         x15=8fe3f89c  x9=1c0014f8  x9:1c0014f4  PA:1c0014f4
16015961ns          270146 1c008422 0049a70b p.lw             x14, 4(x19!)        x14=05030603 x19=1c001520 x19:1c00151c  PA:1c00151c
16016279ns          270162 1c008426 48e79457 pv.sra.b         x8, x15, x14         x8=fcfcfff3 x15:8fe3f89c x14:05030603
16016299ns          270163 1c00842a 0049260b p.lw             x12, 4(x18!)        x12=fcfcfff3 x18=1c001548 x18:1c001544  PA:1c001544
16016598ns          270178 1c00842e 008005b3 add              x11, x0, x8         x11=fcfcfff3  x8:fcfcfff3
16016617ns          270179 1c008430 13ca8513 addi             x10, x21, 316       x10=1c00013c x21:1c000000
16016637ns          270180 1c008434 d29ff0ef jal              x1, -728             x1=1c008436
16016677ns          270182 1c00815c 1c0027b7 lui              x15, 0x1c002000     x15=1c002000
16016697ns          270183 1c008160 c7478793 addi             x15, x15, -908      x15=1c001c74 x15:1c002000
16016717ns          270184 1c008164 0007a703 lw               x14, 0(x15)         x14=0000005b x15:1c001c74  PA:1c001c74
16017015ns          270199 1c008166 00c006b3 add              x13, x0, x12        x13=fcfcfff3 x12:fcfcfff3
16017035ns          270200 1c008168 00170713 addi             x14, x14, 1         x14=0000005c x14:0000005b
16017055ns          270201 1c00816a 00e7a023 sw               x14, 0(x15)         x14:0000005c x15:1c001c74  PA:1c001c74
16017393ns          270218 1c00816c 02c58163 beq              x11, x12, 34        x11:fcfcfff3 x12:fcfcfff3
16017453ns          270221 1c00818e 00008067 jalr             x0, x1, 0            x1:1c008436
16017512ns          270224 1c008436 ff4494e3 bne              x9, x20, -24         x9:1c0014f8 x20:1c001518
16017592ns          270228 1c00841e 0044a78b p.lw             x15, 4(x9!)         x15=0296e1a3  x9=1c0014fc  x9:1c0014f8  PA:1c0014f8
16017890ns          270243 1c008422 0049a70b p.lw             x14, 4(x19!)        x14=02000600 x19=1c001524 x19:1c001520  PA:1c001520
16018209ns          270259 1c008426 48e79457 pv.sra.b         x8, x15, x14         x8=0096ffa3 x15:0296e1a3 x14:02000600
16018229ns          270260 1c00842a 0049260b p.lw             x12, 4(x18!)        x12=0096ffa3 x18=1c00154c x18:1c001548  PA:1c001548
16018527ns          270275 1c00842e 008005b3 add              x11, x0, x8         x11=0096ffa3  x8:0096ffa3
16018547ns          270276 1c008430 13ca8513 addi             x10, x21, 316       x10=1c00013c x21:1c000000
16018567ns          270277 1c008434 d29ff0ef jal              x1, -728             x1=1c008436
16018606ns          270279 1c00815c 1c0027b7 lui              x15, 0x1c002000     x15=1c002000
16018626ns          270280 1c008160 c7478793 addi             x15, x15, -908      x15=1c001c74 x15:1c002000
16018646ns          270281 1c008164 0007a703 lw               x14, 0(x15)         x14=0000005c x15:1c001c74  PA:1c001c74
16018945ns          270296 1c008166 00c006b3 add              x13, x0, x12        x13=0096ffa3 x12:0096ffa3
16018965ns          270297 1c008168 00170713 addi             x14, x14, 1         x14=0000005d x14:0000005c
16018984ns          270298 1c00816a 00e7a023 sw               x14, 0(x15)         x14:0000005d x15:1c001c74  PA:1c001c74
16019303ns          270314 1c00816c 02c58163 beq              x11, x12, 34        x11:0096ffa3 x12:0096ffa3
16019362ns          270317 1c00818e 00008067 jalr             x0, x1, 0            x1:1c008436
16019422ns          270320 1c008436 ff4494e3 bne              x9, x20, -24         x9:1c0014fc x20:1c001518
16019502ns          270324 1c00841e 0044a78b p.lw             x15, 4(x9!)         x15=26330b68  x9=1c001500  x9:1c0014fc  PA:1c0014fc
16019800ns          270339 1c008422 0049a70b p.lw             x14, 4(x19!)        x14=04040101 x19=1c001528 x19:1c001524  PA:1c001524
16020138ns          270356 1c008426 48e79457 pv.sra.b         x8, x15, x14         x8=02030534 x15:26330b68 x14:04040101
16020158ns          270357 1c00842a 0049260b p.lw             x12, 4(x18!)        x12=02030534 x18=1c001550 x18:1c00154c  PA:1c00154c
16020456ns          270372 1c00842e 008005b3 add              x11, x0, x8         x11=02030534  x8:02030534
16020476ns          270373 1c008430 13ca8513 addi             x10, x21, 316       x10=1c00013c x21:1c000000
16020496ns          270374 1c008434 d29ff0ef jal              x1, -728             x1=1c008436
16020536ns          270376 1c00815c 1c0027b7 lui              x15, 0x1c002000     x15=1c002000
16020556ns          270377 1c008160 c7478793 addi             x15, x15, -908      x15=1c001c74 x15:1c002000
16020576ns          270378 1c008164 0007a703 lw               x14, 0(x15)         x14=0000005d x15:1c001c74  PA:1c001c74
16020874ns          270393 1c008166 00c006b3 add              x13, x0, x12        x13=02030534 x12:02030534
16020894ns          270394 1c008168 00170713 addi             x14, x14, 1         x14=0000005e x14:0000005d
16020914ns          270395 1c00816a 00e7a023 sw               x14, 0(x15)         x14:0000005e x15:1c001c74  PA:1c001c74
16021232ns          270411 1c00816c 02c58163 beq              x11, x12, 34        x11:02030534 x12:02030534
16021292ns          270414 1c00818e 00008067 jalr             x0, x1, 0            x1:1c008436
16021351ns          270417 1c008436 ff4494e3 bne              x9, x20, -24         x9:1c001500 x20:1c001518
16021431ns          270421 1c00841e 0044a78b p.lw             x15, 4(x9!)         x15=1eb17427  x9=1c001504  x9:1c001500  PA:1c001500
16021729ns          270436 1c008422 0049a70b p.lw             x14, 4(x19!)        x14=01020003 x19=1c00152c x19:1c001528  PA:1c001528
16022067ns          270453 1c008426 48e79457 pv.sra.b         x8, x15, x14         x8=0fec7404 x15:1eb17427 x14:01020003
16022087ns          270454 1c00842a 0049260b p.lw             x12, 4(x18!)        x12=0fec7404 x18=1c001554 x18:1c001550  PA:1c001550
16022386ns          270469 1c00842e 008005b3 add              x11, x0, x8         x11=0fec7404  x8:0fec7404
16022406ns          270470 1c008430 13ca8513 addi             x10, x21, 316       x10=1c00013c x21:1c000000
16022426ns          270471 1c008434 d29ff0ef jal              x1, -728             x1=1c008436
16022465ns          270473 1c00815c 1c0027b7 lui              x15, 0x1c002000     x15=1c002000
16022485ns          270474 1c008160 c7478793 addi             x15, x15, -908      x15=1c001c74 x15:1c002000
16022505ns          270475 1c008164 0007a703 lw               x14, 0(x15)         x14=0000005e x15:1c001c74  PA:1c001c74
16022823ns          270491 1c008166 00c006b3 add              x13, x0, x12        x13=0fec7404 x12:0fec7404
16022843ns          270492 1c008168 00170713 addi             x14, x14, 1         x14=0000005f x14:0000005e
16022863ns          270493 1c00816a 00e7a023 sw               x14, 0(x15)         x14:0000005f x15:1c001c74  PA:1c001c74
16023181ns          270509 1c00816c 02c58163 beq              x11, x12, 34        x11:0fec7404 x12:0fec7404
16023241ns          270512 1c00818e 00008067 jalr             x0, x1, 0            x1:1c008436
16023301ns          270515 1c008436 ff4494e3 bne              x9, x20, -24         x9:1c001504 x20:1c001518
16023380ns          270519 1c00841e 0044a78b p.lw             x15, 4(x9!)         x15=b446641c  x9=1c001508  x9:1c001504  PA:1c001504
16023679ns          270534 1c008422 0049a70b p.lw             x14, 4(x19!)        x14=05020202 x19=1c001530 x19:1c00152c  PA:1c00152c
16023997ns          270550 1c008426 48e79457 pv.sra.b         x8, x15, x14         x8=fd111907 x15:b446641c x14:05020202
16024017ns          270551 1c00842a 0049260b p.lw             x12, 4(x18!)        x12=fd111907 x18=1c001558 x18:1c001554  PA:1c001554
16024315ns          270566 1c00842e 008005b3 add              x11, x0, x8         x11=fd111907  x8:fd111907
16024335ns          270567 1c008430 13ca8513 addi             x10, x21, 316       x10=1c00013c x21:1c000000
16024355ns          270568 1c008434 d29ff0ef jal              x1, -728             x1=1c008436
16024395ns          270570 1c00815c 1c0027b7 lui              x15, 0x1c002000     x15=1c002000
16024415ns          270571 1c008160 c7478793 addi             x15, x15, -908      x15=1c001c74 x15:1c002000
16024434ns          270572 1c008164 0007a703 lw               x14, 0(x15)         x14=0000005f x15:1c001c74  PA:1c001c74
16024733ns          270587 1c008166 00c006b3 add              x13, x0, x12        x13=fd111907 x12:fd111907
16024753ns          270588 1c008168 00170713 addi             x14, x14, 1         x14=00000060 x14:0000005f
16024773ns          270589 1c00816a 00e7a023 sw               x14, 0(x15)         x14:00000060 x15:1c001c74  PA:1c001c74
16025091ns          270605 1c00816c 02c58163 beq              x11, x12, 34        x11:fd111907 x12:fd111907
16025151ns          270608 1c00818e 00008067 jalr             x0, x1, 0            x1:1c008436
16025210ns          270611 1c008436 ff4494e3 bne              x9, x20, -24         x9:1c001508 x20:1c001518
16025290ns          270615 1c00841e 0044a78b p.lw             x15, 4(x9!)         x15=70c19203  x9=1c00150c  x9:1c001508  PA:1c001508
16025588ns          270630 1c008422 0049a70b p.lw             x14, 4(x19!)        x14=01020101 x19=1c001534 x19:1c001530  PA:1c001530
16025906ns          270646 1c008426 48e79457 pv.sra.b         x8, x15, x14         x8=38f0c901 x15:70c19203 x14:01020101
16025926ns          270647 1c00842a 0049260b p.lw             x12, 4(x18!)        x12=38f0c901 x18=1c00155c x18:1c001558  PA:1c001558
16026225ns          270662 1c00842e 008005b3 add              x11, x0, x8         x11=38f0c901  x8:38f0c901
16026245ns          270663 1c008430 13ca8513 addi             x10, x21, 316       x10=1c00013c x21:1c000000
16026264ns          270664 1c008434 d29ff0ef jal              x1, -728             x1=1c008436
16026304ns          270666 1c00815c 1c0027b7 lui              x15, 0x1c002000     x15=1c002000
16026324ns          270667 1c008160 c7478793 addi             x15, x15, -908      x15=1c001c74 x15:1c002000
16026344ns          270668 1c008164 0007a703 lw               x14, 0(x15)         x14=00000060 x15:1c001c74  PA:1c001c74
16026642ns          270683 1c008166 00c006b3 add              x13, x0, x12        x13=38f0c901 x12:38f0c901
16026662ns          270684 1c008168 00170713 addi             x14, x14, 1         x14=00000061 x14:00000060
16026682ns          270685 1c00816a 00e7a023 sw               x14, 0(x15)         x14:00000061 x15:1c001c74  PA:1c001c74
16027000ns          270701 1c00816c 02c58163 beq              x11, x12, 34        x11:38f0c901 x12:38f0c901
16027060ns          270704 1c00818e 00008067 jalr             x0, x1, 0            x1:1c008436
16027120ns          270707 1c008436 ff4494e3 bne              x9, x20, -24         x9:1c00150c x20:1c001518
16027199ns          270711 1c00841e 0044a78b p.lw             x15, 4(x9!)         x15=5aea4388  x9=1c001510  x9:1c00150c  PA:1c00150c
16027498ns          270726 1c008422 0049a70b p.lw             x14, 4(x19!)        x14=00050603 x19=1c001538 x19:1c001534  PA:1c001534
16027816ns          270742 1c008426 48e79457 pv.sra.b         x8, x15, x14         x8=5aff01f1 x15:5aea4388 x14:00050603
16027836ns          270743 1c00842a 0049260b p.lw             x12, 4(x18!)        x12=5aff01f1 x18=1c001560 x18:1c00155c  PA:1c00155c
16028154ns          270759 1c00842e 008005b3 add              x11, x0, x8         x11=5aff01f1  x8:5aff01f1
16028174ns          270760 1c008430 13ca8513 addi             x10, x21, 316       x10=1c00013c x21:1c000000
16028194ns          270761 1c008434 d29ff0ef jal              x1, -728             x1=1c008436
16028234ns          270763 1c00815c 1c0027b7 lui              x15, 0x1c002000     x15=1c002000
16028253ns          270764 1c008160 c7478793 addi             x15, x15, -908      x15=1c001c74 x15:1c002000
16028273ns          270765 1c008164 0007a703 lw               x14, 0(x15)         x14=00000061 x15:1c001c74  PA:1c001c74
16028572ns          270780 1c008166 00c006b3 add              x13, x0, x12        x13=5aff01f1 x12:5aff01f1
16028592ns          270781 1c008168 00170713 addi             x14, x14, 1         x14=00000062 x14:00000061
16028612ns          270782 1c00816a 00e7a023 sw               x14, 0(x15)         x14:00000062 x15:1c001c74  PA:1c001c74
16028930ns          270798 1c00816c 02c58163 beq              x11, x12, 34        x11:5aff01f1 x12:5aff01f1
16028989ns          270801 1c00818e 00008067 jalr             x0, x1, 0            x1:1c008436
16029049ns          270804 1c008436 ff4494e3 bne              x9, x20, -24         x9:1c001510 x20:1c001518
16029129ns          270808 1c00841e 0044a78b p.lw             x15, 4(x9!)         x15=22adc09b  x9=1c001514  x9:1c001510  PA:1c001510
16029447ns          270824 1c008422 0049a70b p.lw             x14, 4(x19!)        x14=07010000 x19=1c00153c x19:1c001538  PA:1c001538
16029765ns          270840 1c008426 48e79457 pv.sra.b         x8, x15, x14         x8=00d6c09b x15:22adc09b x14:07010000
16029785ns          270841 1c00842a 0049260b p.lw             x12, 4(x18!)        x12=00d6c09b x18=1c001564 x18:1c001560  PA:1c001560
16030103ns          270857 1c00842e 008005b3 add              x11, x0, x8         x11=00d6c09b  x8:00d6c09b
16030123ns          270858 1c008430 13ca8513 addi             x10, x21, 316       x10=1c00013c x21:1c000000
16030143ns          270859 1c008434 d29ff0ef jal              x1, -728             x1=1c008436
16030183ns          270861 1c00815c 1c0027b7 lui              x15, 0x1c002000     x15=1c002000
16030203ns          270862 1c008160 c7478793 addi             x15, x15, -908      x15=1c001c74 x15:1c002000
16030223ns          270863 1c008164 0007a703 lw               x14, 0(x15)         x14=00000062 x15:1c001c74  PA:1c001c74
16030521ns          270878 1c008166 00c006b3 add              x13, x0, x12        x13=00d6c09b x12:00d6c09b
16030541ns          270879 1c008168 00170713 addi             x14, x14, 1         x14=00000063 x14:00000062
16030561ns          270880 1c00816a 00e7a023 sw               x14, 0(x15)         x14:00000063 x15:1c001c74  PA:1c001c74
16030879ns          270896 1c00816c 02c58163 beq              x11, x12, 34        x11:00d6c09b x12:00d6c09b
16030939ns          270899 1c00818e 00008067 jalr             x0, x1, 0            x1:1c008436
16030998ns          270902 1c008436 ff4494e3 bne              x9, x20, -24         x9:1c001514 x20:1c001518
16031078ns          270906 1c00841e 0044a78b p.lw             x15, 4(x9!)         x15=e209a383  x9=1c001518  x9:1c001514  PA:1c001514
16031376ns          270921 1c008422 0049a70b p.lw             x14, 4(x19!)        x14=00020600 x19=1c001540 x19:1c00153c  PA:1c00153c
16031695ns          270937 1c008426 48e79457 pv.sra.b         x8, x15, x14         x8=e202fe83 x15:e209a383 x14:00020600
16031714ns          270938 1c00842a 0049260b p.lw             x12, 4(x18!)        x12=e202fe83 x18=1c001568 x18:1c001564  PA:1c001564
16032033ns          270954 1c00842e 008005b3 add              x11, x0, x8         x11=e202fe83  x8:e202fe83
16032053ns          270955 1c008430 13ca8513 addi             x10, x21, 316       x10=1c00013c x21:1c000000
16032073ns          270956 1c008434 d29ff0ef jal              x1, -728             x1=1c008436
16032112ns          270958 1c00815c 1c0027b7 lui              x15, 0x1c002000     x15=1c002000
16032132ns          270959 1c008160 c7478793 addi             x15, x15, -908      x15=1c001c74 x15:1c002000
16032152ns          270960 1c008164 0007a703 lw               x14, 0(x15)         x14=00000063 x15:1c001c74  PA:1c001c74
16032450ns          270975 1c008166 00c006b3 add              x13, x0, x12        x13=e202fe83 x12:e202fe83
16032470ns          270976 1c008168 00170713 addi             x14, x14, 1         x14=00000064 x14:00000063
16032490ns          270977 1c00816a 00e7a023 sw               x14, 0(x15)         x14:00000064 x15:1c001c74  PA:1c001c74
16032808ns          270993 1c00816c 02c58163 beq              x11, x12, 34        x11:e202fe83 x12:e202fe83
16032868ns          270996 1c00818e 00008067 jalr             x0, x1, 0            x1:1c008436
16032928ns          270999 1c008436 ff4494e3 bne              x9, x20, -24         x9:1c001518 x20:1c001518
16032948ns          271000 1c00843a 1c0014b7 lui              x9, 0x1c001000       x9=1c001000
16032968ns          271001 1c00843e 56848493 addi             x9, x9, 1384         x9=1c001568  x9:1c001000
16032987ns          271002 1c008442 1c0019b7 lui              x19, 0x1c001000     x19=1c001000
16033007ns          271003 1c008446 1c001937 lui              x18, 0x1c001000     x18=1c001000
16033027ns          271004 1c00844a 59098993 addi             x19, x19, 1424      x19=1c001590 x19:1c001000
16033485ns          271027 1c00844e 5b890913 addi             x18, x18, 1464      x18=1c0015b8 x18:1c001000
16033525ns          271029 1c008452 02848a13 addi             x20, x9, 40         x20=1c001590  x9:1c001568
16033544ns          271030 1c008456 1c000ab7 lui              x21, 0x1c000000     x21=1c000000
16033564ns          271031 1c00845a 0044a78b p.lw             x15, 4(x9!)         x15=66f6e2a1  x9=1c00156c  x9:1c001568  PA:1c001568
16034042ns          271055 1c00845e 0049a70b p.lw             x14, 4(x19!)        x14=01050600 x19=1c001594 x19:1c001590  PA:1c001590
16034360ns          271071 1c008462 48e7d457 pv.sra.sc.b      x8, x15, x14         x8=66f6e2a1 x15:66f6e2a1 x14:00000000
16034380ns          271072 1c008466 0049260b p.lw             x12, 4(x18!)        x12=66f6e2a1 x18=1c0015bc x18:1c0015b8  PA:1c0015b8
16034698ns          271088 1c00846a 008005b3 add              x11, x0, x8         x11=66f6e2a1  x8:66f6e2a1
16034718ns          271089 1c00846c 148a8513 addi             x10, x21, 328       x10=1c000148 x21:1c000000
16034738ns          271090 1c008470 cedff0ef jal              x1, -788             x1=1c008472
16034778ns          271092 1c00815c 1c0027b7 lui              x15, 0x1c002000     x15=1c002000
16034837ns          271095 1c008160 c7478793 addi             x15, x15, -908      x15=1c001c74 x15:1c002000
16034877ns          271097 1c008164 0007a703 lw               x14, 0(x15)         x14=00000064 x15:1c001c74  PA:1c001c74
16035195ns          271113 1c008166 00c006b3 add              x13, x0, x12        x13=66f6e2a1 x12:66f6e2a1
16035215ns          271114 1c008168 00170713 addi             x14, x14, 1         x14=00000065 x14:00000064
16035235ns          271115 1c00816a 00e7a023 sw               x14, 0(x15)         x14:00000065 x15:1c001c74  PA:1c001c74
16035553ns          271131 1c00816c 02c58163 beq              x11, x12, 34        x11:66f6e2a1 x12:66f6e2a1
16035613ns          271134 1c00818e 00008067 jalr             x0, x1, 0            x1:1c008472
16035673ns          271137 1c008472 fe9a14e3 bne              x20, x9, -24        x20:1c001590  x9:1c00156c
16035752ns          271141 1c00845a 0044a78b p.lw             x15, 4(x9!)         x15=36f56b4d  x9=1c001570  x9:1c00156c  PA:1c00156c
16036071ns          271157 1c00845e 0049a70b p.lw             x14, 4(x19!)        x14=03040302 x19=1c001598 x19:1c001594  PA:1c001594
16036389ns          271173 1c008462 48e7d457 pv.sra.sc.b      x8, x15, x14         x8=0dfd1a13 x15:36f56b4d x14:02020202
16036409ns          271174 1c008466 0049260b p.lw             x12, 4(x18!)        x12=0dfd1a13 x18=1c0015c0 x18:1c0015bc  PA:1c0015bc
16036707ns          271189 1c00846a 008005b3 add              x11, x0, x8         x11=0dfd1a13  x8:0dfd1a13
16036727ns          271190 1c00846c 148a8513 addi             x10, x21, 328       x10=1c000148 x21:1c000000
16036747ns          271191 1c008470 cedff0ef jal              x1, -788             x1=1c008472
16036787ns          271193 1c00815c 1c0027b7 lui              x15, 0x1c002000     x15=1c002000
16036807ns          271194 1c008160 c7478793 addi             x15, x15, -908      x15=1c001c74 x15:1c002000
16036826ns          271195 1c008164 0007a703 lw               x14, 0(x15)         x14=00000065 x15:1c001c74  PA:1c001c74
16037125ns          271210 1c008166 00c006b3 add              x13, x0, x12        x13=0dfd1a13 x12:0dfd1a13
16037145ns          271211 1c008168 00170713 addi             x14, x14, 1         x14=00000066 x14:00000065
16037165ns          271212 1c00816a 00e7a023 sw               x14, 0(x15)         x14:00000066 x15:1c001c74  PA:1c001c74
16037483ns          271228 1c00816c 02c58163 beq              x11, x12, 34        x11:0dfd1a13 x12:0dfd1a13
16037542ns          271231 1c00818e 00008067 jalr             x0, x1, 0            x1:1c008472
16037602ns          271234 1c008472 fe9a14e3 bne              x20, x9, -24        x20:1c001590  x9:1c001570
16037682ns          271238 1c00845a 0044a78b p.lw             x15, 4(x9!)         x15=16135625  x9=1c001574  x9:1c001570  PA:1c001570
16037980ns          271253 1c00845e 0049a70b p.lw             x14, 4(x19!)        x14=01040205 x19=1c00159c x19:1c001598  PA:1c001598
16038318ns          271270 1c008462 48e7d457 pv.sra.sc.b      x8, x15, x14         x8=00000201 x15:16135625 x14:05050505
16038338ns          271271 1c008466 0049260b p.lw             x12, 4(x18!)        x12=00000201 x18=1c0015c4 x18:1c0015c0  PA:1c0015c0
16038636ns          271286 1c00846a 008005b3 add              x11, x0, x8         x11=00000201  x8:00000201
16038656ns          271287 1c00846c 148a8513 addi             x10, x21, 328       x10=1c000148 x21:1c000000
16038676ns          271288 1c008470 cedff0ef jal              x1, -788             x1=1c008472
16038716ns          271290 1c00815c 1c0027b7 lui              x15, 0x1c002000     x15=1c002000
16038736ns          271291 1c008160 c7478793 addi             x15, x15, -908      x15=1c001c74 x15:1c002000
16038756ns          271292 1c008164 0007a703 lw               x14, 0(x15)         x14=00000066 x15:1c001c74  PA:1c001c74
16039054ns          271307 1c008166 00c006b3 add              x13, x0, x12        x13=00000201 x12:00000201
16039074ns          271308 1c008168 00170713 addi             x14, x14, 1         x14=00000067 x14:00000066
16039094ns          271309 1c00816a 00e7a023 sw               x14, 0(x15)         x14:00000067 x15:1c001c74  PA:1c001c74
16039432ns          271326 1c00816c 02c58163 beq              x11, x12, 34        x11:00000201 x12:00000201
16039492ns          271329 1c00818e 00008067 jalr             x0, x1, 0            x1:1c008472
16039551ns          271332 1c008472 fe9a14e3 bne              x20, x9, -24        x20:1c001590  x9:1c001574
16039631ns          271336 1c00845a 0044a78b p.lw             x15, 4(x9!)         x15=9653de87  x9=1c001578  x9:1c001574  PA:1c001574
16039929ns          271351 1c00845e 0049a70b p.lw             x14, 4(x19!)        x14=04070204 x19=1c0015a0 x19:1c00159c  PA:1c00159c
16040248ns          271367 1c008462 48e7d457 pv.sra.sc.b      x8, x15, x14         x8=f905fdf8 x15:9653de87 x14:04040404
16040268ns          271368 1c008466 0049260b p.lw             x12, 4(x18!)        x12=f905fdf8 x18=1c0015c8 x18:1c0015c4  PA:1c0015c4
16040566ns          271383 1c00846a 008005b3 add              x11, x0, x8         x11=f905fdf8  x8:f905fdf8
16040586ns          271384 1c00846c 148a8513 addi             x10, x21, 328       x10=1c000148 x21:1c000000
16040606ns          271385 1c008470 cedff0ef jal              x1, -788             x1=1c008472
16040645ns          271387 1c00815c 1c0027b7 lui              x15, 0x1c002000     x15=1c002000
16040665ns          271388 1c008160 c7478793 addi             x15, x15, -908      x15=1c001c74 x15:1c002000
16040685ns          271389 1c008164 0007a703 lw               x14, 0(x15)         x14=00000067 x15:1c001c74  PA:1c001c74
16040984ns          271404 1c008166 00c006b3 add              x13, x0, x12        x13=f905fdf8 x12:f905fdf8
16041003ns          271405 1c008168 00170713 addi             x14, x14, 1         x14=00000068 x14:00000067
16041023ns          271406 1c00816a 00e7a023 sw               x14, 0(x15)         x14:00000068 x15:1c001c74  PA:1c001c74
16041362ns          271423 1c00816c 02c58163 beq              x11, x12, 34        x11:f905fdf8 x12:f905fdf8
16041421ns          271426 1c00818e 00008067 jalr             x0, x1, 0            x1:1c008472
16041481ns          271429 1c008472 fe9a14e3 bne              x20, x9, -24        x20:1c001590  x9:1c001578
16041560ns          271433 1c00845a 0044a78b p.lw             x15, 4(x9!)         x15=67356ffd  x9=1c00157c  x9:1c001578  PA:1c001578
16041859ns          271448 1c00845e 0049a70b p.lw             x14, 4(x19!)        x14=07030404 x19=1c0015a4 x19:1c0015a0  PA:1c0015a0
16042177ns          271464 1c008462 48e7d457 pv.sra.sc.b      x8, x15, x14         x8=060306ff x15:67356ffd x14:04040404
16042197ns          271465 1c008466 0049260b p.lw             x12, 4(x18!)        x12=060306ff x18=1c0015cc x18:1c0015c8  PA:1c0015c8
16042495ns          271480 1c00846a 008005b3 add              x11, x0, x8         x11=060306ff  x8:060306ff
16042515ns          271481 1c00846c 148a8513 addi             x10, x21, 328       x10=1c000148 x21:1c000000
16042535ns          271482 1c008470 cedff0ef jal              x1, -788             x1=1c008472
16042575ns          271484 1c00815c 1c0027b7 lui              x15, 0x1c002000     x15=1c002000
16042595ns          271485 1c008160 c7478793 addi             x15, x15, -908      x15=1c001c74 x15:1c002000
16042615ns          271486 1c008164 0007a703 lw               x14, 0(x15)         x14=00000068 x15:1c001c74  PA:1c001c74
16042913ns          271501 1c008166 00c006b3 add              x13, x0, x12        x13=060306ff x12:060306ff
16042933ns          271502 1c008168 00170713 addi             x14, x14, 1         x14=00000069 x14:00000068
16042953ns          271503 1c00816a 00e7a023 sw               x14, 0(x15)         x14:00000069 x15:1c001c74  PA:1c001c74
16043271ns          271519 1c00816c 02c58163 beq              x11, x12, 34        x11:060306ff x12:060306ff
16043331ns          271522 1c00818e 00008067 jalr             x0, x1, 0            x1:1c008472
16043390ns          271525 1c008472 fe9a14e3 bne              x20, x9, -24        x20:1c001590  x9:1c00157c
16043470ns          271529 1c00845a 0044a78b p.lw             x15, 4(x9!)         x15=4cccdd05  x9=1c001580  x9:1c00157c  PA:1c00157c
16043768ns          271544 1c00845e 0049a70b p.lw             x14, 4(x19!)        x14=02000107 x19=1c0015a8 x19:1c0015a4  PA:1c0015a4
16044126ns          271562 1c008462 48e7d457 pv.sra.sc.b      x8, x15, x14         x8=00ffff00 x15:4cccdd05 x14:07070707
16044146ns          271563 1c008466 0049260b p.lw             x12, 4(x18!)        x12=00ffff00 x18=1c0015d0 x18:1c0015cc  PA:1c0015cc
16044445ns          271578 1c00846a 008005b3 add              x11, x0, x8         x11=00ffff00  x8:00ffff00
16044464ns          271579 1c00846c 148a8513 addi             x10, x21, 328       x10=1c000148 x21:1c000000
16044484ns          271580 1c008470 cedff0ef jal              x1, -788             x1=1c008472
16044524ns          271582 1c00815c 1c0027b7 lui              x15, 0x1c002000     x15=1c002000
16044544ns          271583 1c008160 c7478793 addi             x15, x15, -908      x15=1c001c74 x15:1c002000
16044564ns          271584 1c008164 0007a703 lw               x14, 0(x15)         x14=00000069 x15:1c001c74  PA:1c001c74
16044862ns          271599 1c008166 00c006b3 add              x13, x0, x12        x13=00ffff00 x12:00ffff00
16044882ns          271600 1c008168 00170713 addi             x14, x14, 1         x14=0000006a x14:00000069
16044902ns          271601 1c00816a 00e7a023 sw               x14, 0(x15)         x14:0000006a x15:1c001c74  PA:1c001c74
16045220ns          271617 1c00816c 02c58163 beq              x11, x12, 34        x11:00ffff00 x12:00ffff00
16045280ns          271620 1c00818e 00008067 jalr             x0, x1, 0            x1:1c008472
16045340ns          271623 1c008472 fe9a14e3 bne              x20, x9, -24        x20:1c001590  x9:1c001580
16045419ns          271627 1c00845a 0044a78b p.lw             x15, 4(x9!)         x15=2a87fbe0  x9=1c001584  x9:1c001580  PA:1c001580
16045718ns          271642 1c00845e 0049a70b p.lw             x14, 4(x19!)        x14=07040706 x19=1c0015ac x19:1c0015a8  PA:1c0015a8
16046036ns          271658 1c008462 48e7d457 pv.sra.sc.b      x8, x15, x14         x8=00feffff x15:2a87fbe0 x14:06060606
16046056ns          271659 1c008466 0049260b p.lw             x12, 4(x18!)        x12=00feffff x18=1c0015d4 x18:1c0015d0  PA:1c0015d0
16046354ns          271674 1c00846a 008005b3 add              x11, x0, x8         x11=00feffff  x8:00feffff
16046374ns          271675 1c00846c 148a8513 addi             x10, x21, 328       x10=1c000148 x21:1c000000
16046394ns          271676 1c008470 cedff0ef jal              x1, -788             x1=1c008472
16046434ns          271678 1c00815c 1c0027b7 lui              x15, 0x1c002000     x15=1c002000
16046454ns          271679 1c008160 c7478793 addi             x15, x15, -908      x15=1c001c74 x15:1c002000
16046473ns          271680 1c008164 0007a703 lw               x14, 0(x15)         x14=0000006a x15:1c001c74  PA:1c001c74
16046792ns          271696 1c008166 00c006b3 add              x13, x0, x12        x13=00feffff x12:00feffff
16046812ns          271697 1c008168 00170713 addi             x14, x14, 1         x14=0000006b x14:0000006a
16046831ns          271698 1c00816a 00e7a023 sw               x14, 0(x15)         x14:0000006b x15:1c001c74  PA:1c001c74
16047150ns          271714 1c00816c 02c58163 beq              x11, x12, 34        x11:00feffff x12:00feffff
16047209ns          271717 1c00818e 00008067 jalr             x0, x1, 0            x1:1c008472
16047269ns          271720 1c008472 fe9a14e3 bne              x20, x9, -24        x20:1c001590  x9:1c001584
16047349ns          271724 1c00845a 0044a78b p.lw             x15, 4(x9!)         x15=c8680356  x9=1c001588  x9:1c001584  PA:1c001584
16047647ns          271739 1c00845e 0049a70b p.lw             x14, 4(x19!)        x14=04020002 x19=1c0015b0 x19:1c0015ac  PA:1c0015ac
16047965ns          271755 1c008462 48e7d457 pv.sra.sc.b      x8, x15, x14         x8=f21a0015 x15:c8680356 x14:02020202
16047985ns          271756 1c008466 0049260b p.lw             x12, 4(x18!)        x12=f21a0015 x18=1c0015d8 x18:1c0015d4  PA:1c0015d4
16048283ns          271771 1c00846a 008005b3 add              x11, x0, x8         x11=f21a0015  x8:f21a0015
16048303ns          271772 1c00846c 148a8513 addi             x10, x21, 328       x10=1c000148 x21:1c000000
16048323ns          271773 1c008470 cedff0ef jal              x1, -788             x1=1c008472
16048363ns          271775 1c00815c 1c0027b7 lui              x15, 0x1c002000     x15=1c002000
16048383ns          271776 1c008160 c7478793 addi             x15, x15, -908      x15=1c001c74 x15:1c002000
16048403ns          271777 1c008164 0007a703 lw               x14, 0(x15)         x14=0000006b x15:1c001c74  PA:1c001c74
16048701ns          271792 1c008166 00c006b3 add              x13, x0, x12        x13=f21a0015 x12:f21a0015
16048721ns          271793 1c008168 00170713 addi             x14, x14, 1         x14=0000006c x14:0000006b
16048741ns          271794 1c00816a 00e7a023 sw               x14, 0(x15)         x14:0000006c x15:1c001c74  PA:1c001c74
16049059ns          271810 1c00816c 02c58163 beq              x11, x12, 34        x11:f21a0015 x12:f21a0015
16049119ns          271813 1c00818e 00008067 jalr             x0, x1, 0            x1:1c008472
16049179ns          271816 1c008472 fe9a14e3 bne              x20, x9, -24        x20:1c001590  x9:1c001588
16049258ns          271820 1c00845a 0044a78b p.lw             x15, 4(x9!)         x15=569a7cfd  x9=1c00158c  x9:1c001588  PA:1c001588
16049556ns          271835 1c00845e 0049a70b p.lw             x14, 4(x19!)        x14=07070206 x19=1c0015b4 x19:1c0015b0  PA:1c0015b0
16049875ns          271851 1c008462 48e7d457 pv.sra.sc.b      x8, x15, x14         x8=01fe01ff x15:569a7cfd x14:06060606
16049895ns          271852 1c008466 0049260b p.lw             x12, 4(x18!)        x12=01fe01ff x18=1c0015dc x18:1c0015d8  PA:1c0015d8
16050193ns          271867 1c00846a 008005b3 add              x11, x0, x8         x11=01fe01ff  x8:01fe01ff
16050213ns          271868 1c00846c 148a8513 addi             x10, x21, 328       x10=1c000148 x21:1c000000
16050233ns          271869 1c008470 cedff0ef jal              x1, -788             x1=1c008472
16050273ns          271871 1c00815c 1c0027b7 lui              x15, 0x1c002000     x15=1c002000
16050292ns          271872 1c008160 c7478793 addi             x15, x15, -908      x15=1c001c74 x15:1c002000
16050312ns          271873 1c008164 0007a703 lw               x14, 0(x15)         x14=0000006c x15:1c001c74  PA:1c001c74
16050611ns          271888 1c008166 00c006b3 add              x13, x0, x12        x13=01fe01ff x12:01fe01ff
16050631ns          271889 1c008168 00170713 addi             x14, x14, 1         x14=0000006d x14:0000006c
16050650ns          271890 1c00816a 00e7a023 sw               x14, 0(x15)         x14:0000006d x15:1c001c74  PA:1c001c74
16050969ns          271906 1c00816c 02c58163 beq              x11, x12, 34        x11:01fe01ff x12:01fe01ff
16051028ns          271909 1c00818e 00008067 jalr             x0, x1, 0            x1:1c008472
16051088ns          271912 1c008472 fe9a14e3 bne              x20, x9, -24        x20:1c001590  x9:1c00158c
16051168ns          271916 1c00845a 0044a78b p.lw             x15, 4(x9!)         x15=ad8331d5  x9=1c001590  x9:1c00158c  PA:1c00158c
16051466ns          271931 1c00845e 0049a70b p.lw             x14, 4(x19!)        x14=04000102 x19=1c0015b8 x19:1c0015b4  PA:1c0015b4
16051784ns          271947 1c008462 48e7d457 pv.sra.sc.b      x8, x15, x14         x8=ebe00cf5 x15:ad8331d5 x14:02020202
16051804ns          271948 1c008466 0049260b p.lw             x12, 4(x18!)        x12=ebe00cf5 x18=1c0015e0 x18:1c0015dc  PA:1c0015dc
16052122ns          271964 1c00846a 008005b3 add              x11, x0, x8         x11=ebe00cf5  x8:ebe00cf5
16052142ns          271965 1c00846c 148a8513 addi             x10, x21, 328       x10=1c000148 x21:1c000000
16052162ns          271966 1c008470 cedff0ef jal              x1, -788             x1=1c008472
16052202ns          271968 1c00815c 1c0027b7 lui              x15, 0x1c002000     x15=1c002000
16052222ns          271969 1c008160 c7478793 addi             x15, x15, -908      x15=1c001c74 x15:1c002000
16052242ns          271970 1c008164 0007a703 lw               x14, 0(x15)         x14=0000006d x15:1c001c74  PA:1c001c74
16052540ns          271985 1c008166 00c006b3 add              x13, x0, x12        x13=ebe00cf5 x12:ebe00cf5
16052560ns          271986 1c008168 00170713 addi             x14, x14, 1         x14=0000006e x14:0000006d
16052580ns          271987 1c00816a 00e7a023 sw               x14, 0(x15)         x14:0000006e x15:1c001c74  PA:1c001c74
16052898ns          272003 1c00816c 02c58163 beq              x11, x12, 34        x11:ebe00cf5 x12:ebe00cf5
16052958ns          272006 1c00818e 00008067 jalr             x0, x1, 0            x1:1c008472
16053017ns          272009 1c008472 fe9a14e3 bne              x20, x9, -24        x20:1c001590  x9:1c001590
16053037ns          272010 1c008476 1c0014b7 lui              x9, 0x1c001000       x9=1c001000
16053057ns          272011 1c00847a 5e048493 addi             x9, x9, 1504         x9=1c0015e0  x9:1c001000
16053515ns          272034 1c00847e 1c001937 lui              x18, 0x1c001000     x18=1c001000
16053555ns          272036 1c008482 60890913 addi             x18, x18, 1544      x18=1c001608 x18:1c001000
16053574ns          272037 1c008486 02848993 addi             x19, x9, 40         x19=1c001608  x9:1c0015e0
16053594ns          272038 1c00848a 1c000a37 lui              x20, 0x1c000000     x20=1c000000
16054032ns          272060 1c00848e 0044a78b p.lw             x15, 4(x9!)         x15=848b57ad  x9=1c0015e4  x9:1c0015e0  PA:1c0015e0
16054370ns          272077 1c008492 4a27f457 pv.sra.sci.b     x8, x15, 0x5         x8=fcfc02fd x15:848b57ad
16054390ns          272078 1c008496 0049260b p.lw             x12, 4(x18!)        x12=fcfc02fd x18=1c00160c x18:1c001608  PA:1c001608
16054708ns          272094 1c00849a 008005b3 add              x11, x0, x8         x11=fcfc02fd  x8:fcfc02fd
16054728ns          272095 1c00849c 154a0513 addi             x10, x20, 340       x10=1c000154 x20:1c000000
16054867ns          272102 1c0084a0 cbdff0ef jal              x1, -836             x1=1c0084a2
16054907ns          272104 1c00815c 1c0027b7 lui              x15, 0x1c002000     x15=1c002000
16054927ns          272105 1c008160 c7478793 addi             x15, x15, -908      x15=1c001c74 x15:1c002000
16054947ns          272106 1c008164 0007a703 lw               x14, 0(x15)         x14=0000006e x15:1c001c74  PA:1c001c74
16055245ns          272121 1c008166 00c006b3 add              x13, x0, x12        x13=fcfc02fd x12:fcfc02fd
16055265ns          272122 1c008168 00170713 addi             x14, x14, 1         x14=0000006f x14:0000006e
16055285ns          272123 1c00816a 00e7a023 sw               x14, 0(x15)         x14:0000006f x15:1c001c74  PA:1c001c74
16055603ns          272139 1c00816c 02c58163 beq              x11, x12, 34        x11:fcfc02fd x12:fcfc02fd
16055703ns          272144 1c00818e 00008067 jalr             x0, x1, 0            x1:1c0084a2
16055762ns          272147 1c0084a2 fe9996e3 bne              x19, x9, -20        x19:1c001608  x9:1c0015e4
16055842ns          272151 1c00848e 0044a78b p.lw             x15, 4(x9!)         x15=40cd5290  x9=1c0015e8  x9:1c0015e4  PA:1c0015e4
16056160ns          272167 1c008492 4a27f457 pv.sra.sci.b     x8, x15, 0x5         x8=02fe02fc x15:40cd5290
16056180ns          272168 1c008496 0049260b p.lw             x12, 4(x18!)        x12=02fe02fc x18=1c001610 x18:1c00160c  PA:1c00160c
16056478ns          272183 1c00849a 008005b3 add              x11, x0, x8         x11=02fe02fc  x8:02fe02fc
16056498ns          272184 1c00849c 154a0513 addi             x10, x20, 340       x10=1c000154 x20:1c000000
16056518ns          272185 1c0084a0 cbdff0ef jal              x1, -836             x1=1c0084a2
16056558ns          272187 1c00815c 1c0027b7 lui              x15, 0x1c002000     x15=1c002000
16056578ns          272188 1c008160 c7478793 addi             x15, x15, -908      x15=1c001c74 x15:1c002000
16056598ns          272189 1c008164 0007a703 lw               x14, 0(x15)         x14=0000006f x15:1c001c74  PA:1c001c74
16056896ns          272204 1c008166 00c006b3 add              x13, x0, x12        x13=02fe02fc x12:02fe02fc
16056916ns          272205 1c008168 00170713 addi             x14, x14, 1         x14=00000070 x14:0000006f
16056936ns          272206 1c00816a 00e7a023 sw               x14, 0(x15)         x14:00000070 x15:1c001c74  PA:1c001c74
16057254ns          272222 1c00816c 02c58163 beq              x11, x12, 34        x11:02fe02fc x12:02fe02fc
16057314ns          272225 1c00818e 00008067 jalr             x0, x1, 0            x1:1c0084a2
16057374ns          272228 1c0084a2 fe9996e3 bne              x19, x9, -20        x19:1c001608  x9:1c0015e8
16057453ns          272232 1c00848e 0044a78b p.lw             x15, 4(x9!)         x15=549ffd20  x9=1c0015ec  x9:1c0015e8  PA:1c0015e8
16057771ns          272248 1c008492 4a27f457 pv.sra.sci.b     x8, x15, 0x5         x8=02fcff01 x15:549ffd20
16057791ns          272249 1c008496 0049260b p.lw             x12, 4(x18!)        x12=02fcff01 x18=1c001614 x18:1c001610  PA:1c001610
16058090ns          272264 1c00849a 008005b3 add              x11, x0, x8         x11=02fcff01  x8:02fcff01
16058110ns          272265 1c00849c 154a0513 addi             x10, x20, 340       x10=1c000154 x20:1c000000
16058129ns          272266 1c0084a0 cbdff0ef jal              x1, -836             x1=1c0084a2
16058169ns          272268 1c00815c 1c0027b7 lui              x15, 0x1c002000     x15=1c002000
16058189ns          272269 1c008160 c7478793 addi             x15, x15, -908      x15=1c001c74 x15:1c002000
16058209ns          272270 1c008164 0007a703 lw               x14, 0(x15)         x14=00000070 x15:1c001c74  PA:1c001c74
16058507ns          272285 1c008166 00c006b3 add              x13, x0, x12        x13=02fcff01 x12:02fcff01
16058527ns          272286 1c008168 00170713 addi             x14, x14, 1         x14=00000071 x14:00000070
16058547ns          272287 1c00816a 00e7a023 sw               x14, 0(x15)         x14:00000071 x15:1c001c74  PA:1c001c74
16058865ns          272303 1c00816c 02c58163 beq              x11, x12, 34        x11:02fcff01 x12:02fcff01
16058925ns          272306 1c00818e 00008067 jalr             x0, x1, 0            x1:1c0084a2
16058985ns          272309 1c0084a2 fe9996e3 bne              x19, x9, -20        x19:1c001608  x9:1c0015ec
16059064ns          272313 1c00848e 0044a78b p.lw             x15, 4(x9!)         x15=69502038  x9=1c0015f0  x9:1c0015ec  PA:1c0015ec
16059383ns          272329 1c008492 4a27f457 pv.sra.sci.b     x8, x15, 0x5         x8=03020101 x15:69502038
16059402ns          272330 1c008496 0049260b p.lw             x12, 4(x18!)        x12=03020101 x18=1c001618 x18:1c001614  PA:1c001614
16059701ns          272345 1c00849a 008005b3 add              x11, x0, x8         x11=03020101  x8:03020101
16059721ns          272346 1c00849c 154a0513 addi             x10, x20, 340       x10=1c000154 x20:1c000000
16059741ns          272347 1c0084a0 cbdff0ef jal              x1, -836             x1=1c0084a2
16059780ns          272349 1c00815c 1c0027b7 lui              x15, 0x1c002000     x15=1c002000
16059800ns          272350 1c008160 c7478793 addi             x15, x15, -908      x15=1c001c74 x15:1c002000
16059820ns          272351 1c008164 0007a703 lw               x14, 0(x15)         x14=00000071 x15:1c001c74  PA:1c001c74
16060118ns          272366 1c008166 00c006b3 add              x13, x0, x12        x13=03020101 x12:03020101
16060138ns          272367 1c008168 00170713 addi             x14, x14, 1         x14=00000072 x14:00000071
16060158ns          272368 1c00816a 00e7a023 sw               x14, 0(x15)         x14:00000072 x15:1c001c74  PA:1c001c74
16060477ns          272384 1c00816c 02c58163 beq              x11, x12, 34        x11:03020101 x12:03020101
16060536ns          272387 1c00818e 00008067 jalr             x0, x1, 0            x1:1c0084a2
16060596ns          272390 1c0084a2 fe9996e3 bne              x19, x9, -20        x19:1c001608  x9:1c0015f0
16060675ns          272394 1c00848e 0044a78b p.lw             x15, 4(x9!)         x15=bedd4fb5  x9=1c0015f4  x9:1c0015f0  PA:1c0015f0
16060994ns          272410 1c008492 4a27f457 pv.sra.sci.b     x8, x15, 0x5         x8=fdfe02fd x15:bedd4fb5
16061014ns          272411 1c008496 0049260b p.lw             x12, 4(x18!)        x12=fdfe02fd x18=1c00161c x18:1c001618  PA:1c001618
16061332ns          272427 1c00849a 008005b3 add              x11, x0, x8         x11=fdfe02fd  x8:fdfe02fd
16061352ns          272428 1c00849c 154a0513 addi             x10, x20, 340       x10=1c000154 x20:1c000000
16061372ns          272429 1c0084a0 cbdff0ef jal              x1, -836             x1=1c0084a2
16061411ns          272431 1c00815c 1c0027b7 lui              x15, 0x1c002000     x15=1c002000
16061431ns          272432 1c008160 c7478793 addi             x15, x15, -908      x15=1c001c74 x15:1c002000
16061451ns          272433 1c008164 0007a703 lw               x14, 0(x15)         x14=00000072 x15:1c001c74  PA:1c001c74
16061750ns          272448 1c008166 00c006b3 add              x13, x0, x12        x13=fdfe02fd x12:fdfe02fd
16061769ns          272449 1c008168 00170713 addi             x14, x14, 1         x14=00000073 x14:00000072
16061789ns          272450 1c00816a 00e7a023 sw               x14, 0(x15)         x14:00000073 x15:1c001c74  PA:1c001c74
16062108ns          272466 1c00816c 02c58163 beq              x11, x12, 34        x11:fdfe02fd x12:fdfe02fd
16062167ns          272469 1c00818e 00008067 jalr             x0, x1, 0            x1:1c0084a2
16062227ns          272472 1c0084a2 fe9996e3 bne              x19, x9, -20        x19:1c001608  x9:1c0015f4
16062306ns          272476 1c00848e 0044a78b p.lw             x15, 4(x9!)         x15=529cbcf2  x9=1c0015f8  x9:1c0015f4  PA:1c0015f4
16062625ns          272492 1c008492 4a27f457 pv.sra.sci.b     x8, x15, 0x5         x8=02fcfdff x15:529cbcf2
16062645ns          272493 1c008496 0049260b p.lw             x12, 4(x18!)        x12=02fcfdff x18=1c001620 x18:1c00161c  PA:1c00161c
16062943ns          272508 1c00849a 008005b3 add              x11, x0, x8         x11=02fcfdff  x8:02fcfdff
16062963ns          272509 1c00849c 154a0513 addi             x10, x20, 340       x10=1c000154 x20:1c000000
16062983ns          272510 1c0084a0 cbdff0ef jal              x1, -836             x1=1c0084a2
16063023ns          272512 1c00815c 1c0027b7 lui              x15, 0x1c002000     x15=1c002000
16063042ns          272513 1c008160 c7478793 addi             x15, x15, -908      x15=1c001c74 x15:1c002000
16063062ns          272514 1c008164 0007a703 lw               x14, 0(x15)         x14=00000073 x15:1c001c74  PA:1c001c74
16063361ns          272529 1c008166 00c006b3 add              x13, x0, x12        x13=02fcfdff x12:02fcfdff
16063381ns          272530 1c008168 00170713 addi             x14, x14, 1         x14=00000074 x14:00000073
16063400ns          272531 1c00816a 00e7a023 sw               x14, 0(x15)         x14:00000074 x15:1c001c74  PA:1c001c74
16063719ns          272547 1c00816c 02c58163 beq              x11, x12, 34        x11:02fcfdff x12:02fcfdff
16063778ns          272550 1c00818e 00008067 jalr             x0, x1, 0            x1:1c0084a2
16063838ns          272553 1c0084a2 fe9996e3 bne              x19, x9, -20        x19:1c001608  x9:1c0015f8
16063918ns          272557 1c00848e 0044a78b p.lw             x15, 4(x9!)         x15=941b441c  x9=1c0015fc  x9:1c0015f8  PA:1c0015f8
16064236ns          272573 1c008492 4a27f457 pv.sra.sci.b     x8, x15, 0x5         x8=fc000200 x15:941b441c
16064256ns          272574 1c008496 0049260b p.lw             x12, 4(x18!)        x12=fc000200 x18=1c001624 x18:1c001620  PA:1c001620
16064574ns          272590 1c00849a 008005b3 add              x11, x0, x8         x11=fc000200  x8:fc000200
16064594ns          272591 1c00849c 154a0513 addi             x10, x20, 340       x10=1c000154 x20:1c000000
16064614ns          272592 1c0084a0 cbdff0ef jal              x1, -836             x1=1c0084a2
16064654ns          272594 1c00815c 1c0027b7 lui              x15, 0x1c002000     x15=1c002000
16064673ns          272595 1c008160 c7478793 addi             x15, x15, -908      x15=1c001c74 x15:1c002000
16064693ns          272596 1c008164 0007a703 lw               x14, 0(x15)         x14=00000074 x15:1c001c74  PA:1c001c74
16064992ns          272611 1c008166 00c006b3 add              x13, x0, x12        x13=fc000200 x12:fc000200
16065012ns          272612 1c008168 00170713 addi             x14, x14, 1         x14=00000075 x14:00000074
16065031ns          272613 1c00816a 00e7a023 sw               x14, 0(x15)         x14:00000075 x15:1c001c74  PA:1c001c74
16065370ns          272630 1c00816c 02c58163 beq              x11, x12, 34        x11:fc000200 x12:fc000200
16065429ns          272633 1c00818e 00008067 jalr             x0, x1, 0            x1:1c0084a2
16065489ns          272636 1c0084a2 fe9996e3 bne              x19, x9, -20        x19:1c001608  x9:1c0015fc
16065569ns          272640 1c00848e 0044a78b p.lw             x15, 4(x9!)         x15=6607d69d  x9=1c001600  x9:1c0015fc  PA:1c0015fc
16065887ns          272656 1c008492 4a27f457 pv.sra.sci.b     x8, x15, 0x5         x8=0300fefc x15:6607d69d
16065907ns          272657 1c008496 0049260b p.lw             x12, 4(x18!)        x12=0300fefc x18=1c001628 x18:1c001624  PA:1c001624
16066205ns          272672 1c00849a 008005b3 add              x11, x0, x8         x11=0300fefc  x8:0300fefc
16066225ns          272673 1c00849c 154a0513 addi             x10, x20, 340       x10=1c000154 x20:1c000000
16066245ns          272674 1c0084a0 cbdff0ef jal              x1, -836             x1=1c0084a2
16066285ns          272676 1c00815c 1c0027b7 lui              x15, 0x1c002000     x15=1c002000
16066305ns          272677 1c008160 c7478793 addi             x15, x15, -908      x15=1c001c74 x15:1c002000
16066324ns          272678 1c008164 0007a703 lw               x14, 0(x15)         x14=00000075 x15:1c001c74  PA:1c001c74
16066643ns          272694 1c008166 00c006b3 add              x13, x0, x12        x13=0300fefc x12:0300fefc
16066663ns          272695 1c008168 00170713 addi             x14, x14, 1         x14=00000076 x14:00000075
16066682ns          272696 1c00816a 00e7a023 sw               x14, 0(x15)         x14:00000076 x15:1c001c74  PA:1c001c74
16067001ns          272712 1c00816c 02c58163 beq              x11, x12, 34        x11:0300fefc x12:0300fefc
16067060ns          272715 1c00818e 00008067 jalr             x0, x1, 0            x1:1c0084a2
16067120ns          272718 1c0084a2 fe9996e3 bne              x19, x9, -20        x19:1c001608  x9:1c001600
16067200ns          272722 1c00848e 0044a78b p.lw             x15, 4(x9!)         x15=adfbc502  x9=1c001604  x9:1c001600  PA:1c001600
16067518ns          272738 1c008492 4a27f457 pv.sra.sci.b     x8, x15, 0x5         x8=fdfffe00 x15:adfbc502
16067538ns          272739 1c008496 0049260b p.lw             x12, 4(x18!)        x12=fdfffe00 x18=1c00162c x18:1c001628  PA:1c001628
16067836ns          272754 1c00849a 008005b3 add              x11, x0, x8         x11=fdfffe00  x8:fdfffe00
16067856ns          272755 1c00849c 154a0513 addi             x10, x20, 340       x10=1c000154 x20:1c000000
16067876ns          272756 1c0084a0 cbdff0ef jal              x1, -836             x1=1c0084a2
16067916ns          272758 1c00815c 1c0027b7 lui              x15, 0x1c002000     x15=1c002000
16067936ns          272759 1c008160 c7478793 addi             x15, x15, -908      x15=1c001c74 x15:1c002000
16067955ns          272760 1c008164 0007a703 lw               x14, 0(x15)         x14=00000076 x15:1c001c74  PA:1c001c74
16068254ns          272775 1c008166 00c006b3 add              x13, x0, x12        x13=fdfffe00 x12:fdfffe00
16068274ns          272776 1c008168 00170713 addi             x14, x14, 1         x14=00000077 x14:00000076
16068294ns          272777 1c00816a 00e7a023 sw               x14, 0(x15)         x14:00000077 x15:1c001c74  PA:1c001c74
16068612ns          272793 1c00816c 02c58163 beq              x11, x12, 34        x11:fdfffe00 x12:fdfffe00
16068672ns          272796 1c00818e 00008067 jalr             x0, x1, 0            x1:1c0084a2
16068731ns          272799 1c0084a2 fe9996e3 bne              x19, x9, -20        x19:1c001608  x9:1c001604
16068811ns          272803 1c00848e 0044a78b p.lw             x15, 4(x9!)         x15=ce783bcb  x9=1c001608  x9:1c001604  PA:1c001604
16069129ns          272819 1c008492 4a27f457 pv.sra.sci.b     x8, x15, 0x5         x8=fe0301fe x15:ce783bcb
16069149ns          272820 1c008496 0049260b p.lw             x12, 4(x18!)        x12=fe0301fe x18=1c001630 x18:1c00162c  PA:1c00162c
16069447ns          272835 1c00849a 008005b3 add              x11, x0, x8         x11=fe0301fe  x8:fe0301fe
16069467ns          272836 1c00849c 154a0513 addi             x10, x20, 340       x10=1c000154 x20:1c000000
16069487ns          272837 1c0084a0 cbdff0ef jal              x1, -836             x1=1c0084a2
16069527ns          272839 1c00815c 1c0027b7 lui              x15, 0x1c002000     x15=1c002000
16069547ns          272840 1c008160 c7478793 addi             x15, x15, -908      x15=1c001c74 x15:1c002000
16069567ns          272841 1c008164 0007a703 lw               x14, 0(x15)         x14=00000077 x15:1c001c74  PA:1c001c74
16069865ns          272856 1c008166 00c006b3 add              x13, x0, x12        x13=fe0301fe x12:fe0301fe
16069885ns          272857 1c008168 00170713 addi             x14, x14, 1         x14=00000078 x14:00000077
16069905ns          272858 1c00816a 00e7a023 sw               x14, 0(x15)         x14:00000078 x15:1c001c74  PA:1c001c74
16070223ns          272874 1c00816c 02c58163 beq              x11, x12, 34        x11:fe0301fe x12:fe0301fe
16070283ns          272877 1c00818e 00008067 jalr             x0, x1, 0            x1:1c0084a2
16070342ns          272880 1c0084a2 fe9996e3 bne              x19, x9, -20        x19:1c001608  x9:1c001608
16070362ns          272881 1c0084a6 01c12083 lw               x1, 28(x2)           x1=1c008c40  x2:100007c8  PA:100007e4
16070382ns          272882 1c0084a8 01812403 lw               x8, 24(x2)           x8=00000000  x2:100007c8  PA:100007e0
16070402ns          272883 1c0084aa 01412483 lw               x9, 20(x2)           x9=xxxxxxxx  x2:100007c8  PA:100007dc
16070422ns          272884 1c0084ac 01012903 lw               x18, 16(x2)         x18=xxxxxxxx  x2:100007c8  PA:100007d8
16070442ns          272885 1c0084ae 00c12983 lw               x19, 12(x2)         x19=xxxxxxxx  x2:100007c8  PA:100007d4
16070840ns          272905 1c0084b0 00812a03 lw               x20, 8(x2)          x20=xxxxxxxx  x2:100007c8  PA:100007d0
16070859ns          272906 1c0084b2 00412a83 lw               x21, 4(x2)          x21=xxxxxxxx  x2:100007c8  PA:100007cc
16070879ns          272907 1c0084b4 02010113 addi             x2, x2, 32           x2=100007e8  x2:100007c8
16070899ns          272908 1c0084b6 00008067 jalr             x0, x1, 0            x1:1c008c40
16070939ns          272910 1c008c40 879ff0ef jal              x1, -1928            x1=1c008c44
16070979ns          272912 1c0084b8 fe010113 addi             x2, x2, -32          x2=100007c8  x2:100007e8
16070999ns          272913 1c0084ba 00912a23 sw               x9, 20(x2)           x9:xxxxxxxx  x2:100007c8  PA:100007dc
16071019ns          272914 1c0084bc 1c0014b7 lui              x9, 0x1c001000       x9=1c001000
16071436ns          272935 1c0084c0 01212823 sw               x18, 16(x2)         x18:xxxxxxxx  x2:100007c8  PA:100007d8
16071456ns          272936 1c0084c2 01312623 sw               x19, 12(x2)         x19:xxxxxxxx  x2:100007c8  PA:100007d4
16071476ns          272937 1c0084c4 3b048493 addi             x9, x9, 944          x9=1c0013b0  x9:1c001000
16071496ns          272938 1c0084c8 1c0019b7 lui              x19, 0x1c001000     x19=1c001000
16071516ns          272939 1c0084cc 1c001937 lui              x18, 0x1c001000     x18=1c001000
16071953ns          272961 1c0084d0 01412423 sw               x20, 8(x2)          x20:xxxxxxxx  x2:100007c8  PA:100007d0
16071973ns          272962 1c0084d2 01512223 sw               x21, 4(x2)          x21:xxxxxxxx  x2:100007c8  PA:100007cc
16071993ns          272963 1c0084d4 00112e23 sw               x1, 28(x2)           x1:1c008c44  x2:100007c8  PA:100007e4
16072013ns          272964 1c0084d6 00812c23 sw               x8, 24(x2)           x8:00000000  x2:100007c8  PA:100007e0
16072033ns          272965 1c0084d8 3d898993 addi             x19, x19, 984       x19=1c0013d8 x19:1c001000
16072053ns          272966 1c0084dc 40090913 addi             x18, x18, 1024      x18=1c001400 x18:1c001000
16072471ns          272987 1c0084e0 02848a13 addi             x20, x9, 40         x20=1c0013d8  x9:1c0013b0
16072510ns          272989 1c0084e4 1c000ab7 lui              x21, 0x1c000000     x21=1c000000
16072530ns          272990 1c0084e8 0044a78b p.lw             x15, 4(x9!)         x15=cc85d0e8  x9=1c0013b4  x9:1c0013b0  PA:1c0013b0
16072829ns          273005 1c0084ec 0049a70b p.lw             x14, 4(x19!)        x14=000e0004 x19=1c0013dc x19:1c0013d8  PA:1c0013d8
16073147ns          273021 1c0084f0 50e78457 pv.sll.h         x8, x15, x14         x8=40000e80 x15:cc85d0e8 x14:000e0004
16073167ns          273022 1c0084f4 0049260b p.lw             x12, 4(x18!)        x12=40000e80 x18=1c001404 x18:1c001400  PA:1c001400
16073465ns          273037 1c0084f8 008005b3 add              x11, x0, x8         x11=40000e80  x8:40000e80
16073485ns          273038 1c0084fa 0c4a8513 addi             x10, x21, 196       x10=1c0000c4 x21:1c000000
16073505ns          273039 1c0084fe c5fff0ef jal              x1, -930             x1=1c008500
16073664ns          273047 1c00815c 1c0027b7 lui              x15, 0x1c002000     x15=1c002000
16073684ns          273048 1c008160 c7478793 addi             x15, x15, -908      x15=1c001c74 x15:1c002000
16073704ns          273049 1c008164 0007a703 lw               x14, 0(x15)         x14=00000078 x15:1c001c74  PA:1c001c74
16074002ns          273064 1c008166 00c006b3 add              x13, x0, x12        x13=40000e80 x12:40000e80
16074022ns          273065 1c008168 00170713 addi             x14, x14, 1         x14=00000079 x14:00000078
16074042ns          273066 1c00816a 00e7a023 sw               x14, 0(x15)         x14:00000079 x15:1c001c74  PA:1c001c74
16074360ns          273082 1c00816c 02c58163 beq              x11, x12, 34        x11:40000e80 x12:40000e80
16074420ns          273085 1c00818e 00008067 jalr             x0, x1, 0            x1:1c008500
16074460ns          273087 1c008500 ff4494e3 bne              x9, x20, -24         x9:1c0013b4 x20:1c0013d8
16074519ns          273090 1c0084e8 0044a78b p.lw             x15, 4(x9!)         x15=83e1502c  x9=1c0013b8  x9:1c0013b4  PA:1c0013b4
16074838ns          273106 1c0084ec 0049a70b p.lw             x14, 4(x19!)        x14=00070008 x19=1c0013e0 x19:1c0013dc  PA:1c0013dc
16075156ns          273122 1c0084f0 50e78457 pv.sll.h         x8, x15, x14         x8=f0802c00 x15:83e1502c x14:00070008
16075176ns          273123 1c0084f4 0049260b p.lw             x12, 4(x18!)        x12=f0802c00 x18=1c001408 x18:1c001404  PA:1c001404
16075474ns          273138 1c0084f8 008005b3 add              x11, x0, x8         x11=f0802c00  x8:f0802c00
16075494ns          273139 1c0084fa 0c4a8513 addi             x10, x21, 196       x10=1c0000c4 x21:1c000000
16075514ns          273140 1c0084fe c5fff0ef jal              x1, -930             x1=1c008500
16075554ns          273142 1c00815c 1c0027b7 lui              x15, 0x1c002000     x15=1c002000
16075574ns          273143 1c008160 c7478793 addi             x15, x15, -908      x15=1c001c74 x15:1c002000
16075593ns          273144 1c008164 0007a703 lw               x14, 0(x15)         x14=00000079 x15:1c001c74  PA:1c001c74
16075892ns          273159 1c008166 00c006b3 add              x13, x0, x12        x13=f0802c00 x12:f0802c00
16075912ns          273160 1c008168 00170713 addi             x14, x14, 1         x14=0000007a x14:00000079
16075932ns          273161 1c00816a 00e7a023 sw               x14, 0(x15)         x14:0000007a x15:1c001c74  PA:1c001c74
16076250ns          273177 1c00816c 02c58163 beq              x11, x12, 34        x11:f0802c00 x12:f0802c00
16076310ns          273180 1c00818e 00008067 jalr             x0, x1, 0            x1:1c008500
16076349ns          273182 1c008500 ff4494e3 bne              x9, x20, -24         x9:1c0013b8 x20:1c0013d8
16076409ns          273185 1c0084e8 0044a78b p.lw             x15, 4(x9!)         x15=8aa1551c  x9=1c0013bc  x9:1c0013b8  PA:1c0013b8
16076707ns          273200 1c0084ec 0049a70b p.lw             x14, 4(x19!)        x14=000d0002 x19=1c0013e4 x19:1c0013e0  PA:1c0013e0
16077026ns          273216 1c0084f0 50e78457 pv.sll.h         x8, x15, x14         x8=20005470 x15:8aa1551c x14:000d0002
16077046ns          273217 1c0084f4 0049260b p.lw             x12, 4(x18!)        x12=20005470 x18=1c00140c x18:1c001408  PA:1c001408
16077384ns          273234 1c0084f8 008005b3 add              x11, x0, x8         x11=20005470  x8:20005470
16077404ns          273235 1c0084fa 0c4a8513 addi             x10, x21, 196       x10=1c0000c4 x21:1c000000
16077423ns          273236 1c0084fe c5fff0ef jal              x1, -930             x1=1c008500
16077463ns          273238 1c00815c 1c0027b7 lui              x15, 0x1c002000     x15=1c002000
16077483ns          273239 1c008160 c7478793 addi             x15, x15, -908      x15=1c001c74 x15:1c002000
16077503ns          273240 1c008164 0007a703 lw               x14, 0(x15)         x14=0000007a x15:1c001c74  PA:1c001c74
16077801ns          273255 1c008166 00c006b3 add              x13, x0, x12        x13=20005470 x12:20005470
16077821ns          273256 1c008168 00170713 addi             x14, x14, 1         x14=0000007b x14:0000007a
16077841ns          273257 1c00816a 00e7a023 sw               x14, 0(x15)         x14:0000007b x15:1c001c74  PA:1c001c74
16078159ns          273273 1c00816c 02c58163 beq              x11, x12, 34        x11:20005470 x12:20005470
16078219ns          273276 1c00818e 00008067 jalr             x0, x1, 0            x1:1c008500
16078259ns          273278 1c008500 ff4494e3 bne              x9, x20, -24         x9:1c0013bc x20:1c0013d8
16078319ns          273281 1c0084e8 0044a78b p.lw             x15, 4(x9!)         x15=70a84b34  x9=1c0013c0  x9:1c0013bc  PA:1c0013bc
16078657ns          273298 1c0084ec 0049a70b p.lw             x14, 4(x19!)        x14=00050003 x19=1c0013e8 x19:1c0013e4  PA:1c0013e4
16078975ns          273314 1c0084f0 50e78457 pv.sll.h         x8, x15, x14         x8=150059a0 x15:70a84b34 x14:00050003
16078995ns          273315 1c0084f4 0049260b p.lw             x12, 4(x18!)        x12=150059a0 x18=1c001410 x18:1c00140c  PA:1c00140c
16079293ns          273330 1c0084f8 008005b3 add              x11, x0, x8         x11=150059a0  x8:150059a0
16079313ns          273331 1c0084fa 0c4a8513 addi             x10, x21, 196       x10=1c0000c4 x21:1c000000
16079333ns          273332 1c0084fe c5fff0ef jal              x1, -930             x1=1c008500
16079373ns          273334 1c00815c 1c0027b7 lui              x15, 0x1c002000     x15=1c002000
16079393ns          273335 1c008160 c7478793 addi             x15, x15, -908      x15=1c001c74 x15:1c002000
16079413ns          273336 1c008164 0007a703 lw               x14, 0(x15)         x14=0000007b x15:1c001c74  PA:1c001c74
16079711ns          273351 1c008166 00c006b3 add              x13, x0, x12        x13=150059a0 x12:150059a0
16079731ns          273352 1c008168 00170713 addi             x14, x14, 1         x14=0000007c x14:0000007b
16079751ns          273353 1c00816a 00e7a023 sw               x14, 0(x15)         x14:0000007c x15:1c001c74  PA:1c001c74
16080089ns          273370 1c00816c 02c58163 beq              x11, x12, 34        x11:150059a0 x12:150059a0
16080148ns          273373 1c00818e 00008067 jalr             x0, x1, 0            x1:1c008500
16080188ns          273375 1c008500 ff4494e3 bne              x9, x20, -24         x9:1c0013c0 x20:1c0013d8
16080248ns          273378 1c0084e8 0044a78b p.lw             x15, 4(x9!)         x15=a5462f95  x9=1c0013c4  x9:1c0013c0  PA:1c0013c0
16080546ns          273393 1c0084ec 0049a70b p.lw             x14, 4(x19!)        x14=000f000a x19=1c0013ec x19:1c0013e8  PA:1c0013e8
16080865ns          273409 1c0084f0 50e78457 pv.sll.h         x8, x15, x14         x8=00005400 x15:a5462f95 x14:000f000a
16080884ns          273410 1c0084f4 0049260b p.lw             x12, 4(x18!)        x12=00005400 x18=1c001414 x18:1c001410  PA:1c001410
16081183ns          273425 1c0084f8 008005b3 add              x11, x0, x8         x11=00005400  x8:00005400
16081203ns          273426 1c0084fa 0c4a8513 addi             x10, x21, 196       x10=1c0000c4 x21:1c000000
16081223ns          273427 1c0084fe c5fff0ef jal              x1, -930             x1=1c008500
16081262ns          273429 1c00815c 1c0027b7 lui              x15, 0x1c002000     x15=1c002000
16081282ns          273430 1c008160 c7478793 addi             x15, x15, -908      x15=1c001c74 x15:1c002000
16081302ns          273431 1c008164 0007a703 lw               x14, 0(x15)         x14=0000007c x15:1c001c74  PA:1c001c74
16081620ns          273447 1c008166 00c006b3 add              x13, x0, x12        x13=00005400 x12:00005400
16081640ns          273448 1c008168 00170713 addi             x14, x14, 1         x14=0000007d x14:0000007c
16081660ns          273449 1c00816a 00e7a023 sw               x14, 0(x15)         x14:0000007d x15:1c001c74  PA:1c001c74
16081978ns          273465 1c00816c 02c58163 beq              x11, x12, 34        x11:00005400 x12:00005400
16082038ns          273468 1c00818e 00008067 jalr             x0, x1, 0            x1:1c008500
16082078ns          273470 1c008500 ff4494e3 bne              x9, x20, -24         x9:1c0013c4 x20:1c0013d8
16082138ns          273473 1c0084e8 0044a78b p.lw             x15, 4(x9!)         x15=40e852bf  x9=1c0013c8  x9:1c0013c4  PA:1c0013c4
16082456ns          273489 1c0084ec 0049a70b p.lw             x14, 4(x19!)        x14=000c000f x19=1c0013f0 x19:1c0013ec  PA:1c0013ec
16082774ns          273505 1c0084f0 50e78457 pv.sll.h         x8, x15, x14         x8=80008000 x15:40e852bf x14:000c000f
16082794ns          273506 1c0084f4 0049260b p.lw             x12, 4(x18!)        x12=80008000 x18=1c001418 x18:1c001414  PA:1c001414
16083092ns          273521 1c0084f8 008005b3 add              x11, x0, x8         x11=80008000  x8:80008000
16083112ns          273522 1c0084fa 0c4a8513 addi             x10, x21, 196       x10=1c0000c4 x21:1c000000
16083132ns          273523 1c0084fe c5fff0ef jal              x1, -930             x1=1c008500
16083172ns          273525 1c00815c 1c0027b7 lui              x15, 0x1c002000     x15=1c002000
16083192ns          273526 1c008160 c7478793 addi             x15, x15, -908      x15=1c001c74 x15:1c002000
16083212ns          273527 1c008164 0007a703 lw               x14, 0(x15)         x14=0000007d x15:1c001c74  PA:1c001c74
16083510ns          273542 1c008166 00c006b3 add              x13, x0, x12        x13=80008000 x12:80008000
16083530ns          273543 1c008168 00170713 addi             x14, x14, 1         x14=0000007e x14:0000007d
16083550ns          273544 1c00816a 00e7a023 sw               x14, 0(x15)         x14:0000007e x15:1c001c74  PA:1c001c74
16083868ns          273560 1c00816c 02c58163 beq              x11, x12, 34        x11:80008000 x12:80008000
16083928ns          273563 1c00818e 00008067 jalr             x0, x1, 0            x1:1c008500
16083967ns          273565 1c008500 ff4494e3 bne              x9, x20, -24         x9:1c0013c8 x20:1c0013d8
16084027ns          273568 1c0084e8 0044a78b p.lw             x15, 4(x9!)         x15=510ec3bf  x9=1c0013cc  x9:1c0013c8  PA:1c0013c8
16084326ns          273583 1c0084ec 0049a70b p.lw             x14, 4(x19!)        x14=00020003 x19=1c0013f4 x19:1c0013f0  PA:1c0013f0
16084644ns          273599 1c0084f0 50e78457 pv.sll.h         x8, x15, x14         x8=44381df8 x15:510ec3bf x14:00020003
16084664ns          273600 1c0084f4 0049260b p.lw             x12, 4(x18!)        x12=44381df8 x18=1c00141c x18:1c001418  PA:1c001418
16084962ns          273615 1c0084f8 008005b3 add              x11, x0, x8         x11=44381df8  x8:44381df8
16084982ns          273616 1c0084fa 0c4a8513 addi             x10, x21, 196       x10=1c0000c4 x21:1c000000
16085002ns          273617 1c0084fe c5fff0ef jal              x1, -930             x1=1c008500
16085042ns          273619 1c00815c 1c0027b7 lui              x15, 0x1c002000     x15=1c002000
16085061ns          273620 1c008160 c7478793 addi             x15, x15, -908      x15=1c001c74 x15:1c002000
16085081ns          273621 1c008164 0007a703 lw               x14, 0(x15)         x14=0000007e x15:1c001c74  PA:1c001c74
16085400ns          273637 1c008166 00c006b3 add              x13, x0, x12        x13=44381df8 x12:44381df8
16085420ns          273638 1c008168 00170713 addi             x14, x14, 1         x14=0000007f x14:0000007e
16085439ns          273639 1c00816a 00e7a023 sw               x14, 0(x15)         x14:0000007f x15:1c001c74  PA:1c001c74
16085758ns          273655 1c00816c 02c58163 beq              x11, x12, 34        x11:44381df8 x12:44381df8
16085817ns          273658 1c00818e 00008067 jalr             x0, x1, 0            x1:1c008500
16085857ns          273660 1c008500 ff4494e3 bne              x9, x20, -24         x9:1c0013cc x20:1c0013d8
16085917ns          273663 1c0084e8 0044a78b p.lw             x15, 4(x9!)         x15=f5c3a9f6  x9=1c0013d0  x9:1c0013cc  PA:1c0013cc
16086215ns          273678 1c0084ec 0049a70b p.lw             x14, 4(x19!)        x14=000b0003 x19=1c0013f8 x19:1c0013f4  PA:1c0013f4
16086533ns          273694 1c0084f0 50e78457 pv.sll.h         x8, x15, x14         x8=18004fb0 x15:f5c3a9f6 x14:000b0003
16086553ns          273695 1c0084f4 0049260b p.lw             x12, 4(x18!)        x12=18004fb0 x18=1c001420 x18:1c00141c  PA:1c00141c
16086852ns          273710 1c0084f8 008005b3 add              x11, x0, x8         x11=18004fb0  x8:18004fb0
16086872ns          273711 1c0084fa 0c4a8513 addi             x10, x21, 196       x10=1c0000c4 x21:1c000000
16086891ns          273712 1c0084fe c5fff0ef jal              x1, -930             x1=1c008500
16086931ns          273714 1c00815c 1c0027b7 lui              x15, 0x1c002000     x15=1c002000
16086951ns          273715 1c008160 c7478793 addi             x15, x15, -908      x15=1c001c74 x15:1c002000
16086971ns          273716 1c008164 0007a703 lw               x14, 0(x15)         x14=0000007f x15:1c001c74  PA:1c001c74
16087269ns          273731 1c008166 00c006b3 add              x13, x0, x12        x13=18004fb0 x12:18004fb0
16087289ns          273732 1c008168 00170713 addi             x14, x14, 1         x14=00000080 x14:0000007f
16087309ns          273733 1c00816a 00e7a023 sw               x14, 0(x15)         x14:00000080 x15:1c001c74  PA:1c001c74
16087627ns          273749 1c00816c 02c58163 beq              x11, x12, 34        x11:18004fb0 x12:18004fb0
16087687ns          273752 1c00818e 00008067 jalr             x0, x1, 0            x1:1c008500
16087727ns          273754 1c008500 ff4494e3 bne              x9, x20, -24         x9:1c0013d0 x20:1c0013d8
16087787ns          273757 1c0084e8 0044a78b p.lw             x15, 4(x9!)         x15=259c2f64  x9=1c0013d4  x9:1c0013d0  PA:1c0013d0
16088085ns          273772 1c0084ec 0049a70b p.lw             x14, 4(x19!)        x14=0008000e x19=1c0013fc x19:1c0013f8  PA:1c0013f8
16088423ns          273789 1c0084f0 50e78457 pv.sll.h         x8, x15, x14         x8=9c000000 x15:259c2f64 x14:0008000e
16088443ns          273790 1c0084f4 0049260b p.lw             x12, 4(x18!)        x12=9c000000 x18=1c001424 x18:1c001420  PA:1c001420
16088741ns          273805 1c0084f8 008005b3 add              x11, x0, x8         x11=9c000000  x8:9c000000
16088761ns          273806 1c0084fa 0c4a8513 addi             x10, x21, 196       x10=1c0000c4 x21:1c000000
16088781ns          273807 1c0084fe c5fff0ef jal              x1, -930             x1=1c008500
16088821ns          273809 1c00815c 1c0027b7 lui              x15, 0x1c002000     x15=1c002000
16088841ns          273810 1c008160 c7478793 addi             x15, x15, -908      x15=1c001c74 x15:1c002000
16088861ns          273811 1c008164 0007a703 lw               x14, 0(x15)         x14=00000080 x15:1c001c74  PA:1c001c74
16089159ns          273826 1c008166 00c006b3 add              x13, x0, x12        x13=9c000000 x12:9c000000
16089179ns          273827 1c008168 00170713 addi             x14, x14, 1         x14=00000081 x14:00000080
16089199ns          273828 1c00816a 00e7a023 sw               x14, 0(x15)         x14:00000081 x15:1c001c74  PA:1c001c74
16089537ns          273845 1c00816c 02c58163 beq              x11, x12, 34        x11:9c000000 x12:9c000000
16089597ns          273848 1c00818e 00008067 jalr             x0, x1, 0            x1:1c008500
16089636ns          273850 1c008500 ff4494e3 bne              x9, x20, -24         x9:1c0013d4 x20:1c0013d8
16089696ns          273853 1c0084e8 0044a78b p.lw             x15, 4(x9!)         x15=49421217  x9=1c0013d8  x9:1c0013d4  PA:1c0013d4
16089994ns          273868 1c0084ec 0049a70b p.lw             x14, 4(x19!)        x14=00020001 x19=1c001400 x19:1c0013fc  PA:1c0013fc
16090313ns          273884 1c0084f0 50e78457 pv.sll.h         x8, x15, x14         x8=2508242e x15:49421217 x14:00020001
16090333ns          273885 1c0084f4 0049260b p.lw             x12, 4(x18!)        x12=2508242e x18=1c001428 x18:1c001424  PA:1c001424
16090671ns          273902 1c0084f8 008005b3 add              x11, x0, x8         x11=2508242e  x8:2508242e
16090691ns          273903 1c0084fa 0c4a8513 addi             x10, x21, 196       x10=1c0000c4 x21:1c000000
16090710ns          273904 1c0084fe c5fff0ef jal              x1, -930             x1=1c008500
16090750ns          273906 1c00815c 1c0027b7 lui              x15, 0x1c002000     x15=1c002000
16090770ns          273907 1c008160 c7478793 addi             x15, x15, -908      x15=1c001c74 x15:1c002000
16090790ns          273908 1c008164 0007a703 lw               x14, 0(x15)         x14=00000081 x15:1c001c74  PA:1c001c74
16091088ns          273923 1c008166 00c006b3 add              x13, x0, x12        x13=2508242e x12:2508242e
16091108ns          273924 1c008168 00170713 addi             x14, x14, 1         x14=00000082 x14:00000081
16091128ns          273925 1c00816a 00e7a023 sw               x14, 0(x15)         x14:00000082 x15:1c001c74  PA:1c001c74
16091446ns          273941 1c00816c 02c58163 beq              x11, x12, 34        x11:2508242e x12:2508242e
16091506ns          273944 1c00818e 00008067 jalr             x0, x1, 0            x1:1c008500
16091546ns          273946 1c008500 ff4494e3 bne              x9, x20, -24         x9:1c0013d8 x20:1c0013d8
16091566ns          273947 1c008504 1c0014b7 lui              x9, 0x1c001000       x9=1c001000
16091586ns          273948 1c008508 42848493 addi             x9, x9, 1064         x9=1c001428  x9:1c001000
16091606ns          273949 1c00850c 1c0019b7 lui              x19, 0x1c001000     x19=1c001000
16092063ns          273972 1c008510 1c001937 lui              x18, 0x1c001000     x18=1c001000
16092103ns          273974 1c008514 45098993 addi             x19, x19, 1104      x19=1c001450 x19:1c001000
16092123ns          273975 1c008518 47890913 addi             x18, x18, 1144      x18=1c001478 x18:1c001000
16092143ns          273976 1c00851c 02848a13 addi             x20, x9, 40         x20=1c001450  x9:1c001428
16092580ns          273998 1c008520 1c000ab7 lui              x21, 0x1c000000     x21=1c000000
16092620ns          274000 1c008524 0044a78b p.lw             x15, 4(x9!)         x15=103e26c1  x9=1c00142c  x9:1c001428  PA:1c001428
16092918ns          274015 1c008528 0049a70b p.lw             x14, 4(x19!)        x14=000a0003 x19=1c001454 x19:1c001450  PA:1c001450
16093237ns          274031 1c00852c 50e7c457 pv.sll.sc.h      x8, x15, x14         x8=81f03608 x15:103e26c1 x14:00030003
16093256ns          274032 1c008530 0049260b p.lw             x12, 4(x18!)        x12=81f03608 x18=1c00147c x18:1c001478  PA:1c001478
16093555ns          274047 1c008534 008005b3 add              x11, x0, x8         x11=81f03608  x8:81f03608
16093575ns          274048 1c008536 0d0a8513 addi             x10, x21, 208       x10=1c0000d0 x21:1c000000
16093595ns          274049 1c00853a c23ff0ef jal              x1, -990             x1=1c00853c
16094072ns          274073 1c00815c 1c0027b7 lui              x15, 0x1c002000     x15=1c002000
16094092ns          274074 1c008160 c7478793 addi             x15, x15, -908      x15=1c001c74 x15:1c002000
16094112ns          274075 1c008164 0007a703 lw               x14, 0(x15)         x14=00000082 x15:1c001c74  PA:1c001c74
16094410ns          274090 1c008166 00c006b3 add              x13, x0, x12        x13=81f03608 x12:81f03608
16094430ns          274091 1c008168 00170713 addi             x14, x14, 1         x14=00000083 x14:00000082
16094450ns          274092 1c00816a 00e7a023 sw               x14, 0(x15)         x14:00000083 x15:1c001c74  PA:1c001c74
16094768ns          274108 1c00816c 02c58163 beq              x11, x12, 34        x11:81f03608 x12:81f03608
16094828ns          274111 1c00818e 00008067 jalr             x0, x1, 0            x1:1c00853c
16094927ns          274116 1c00853c ff4494e3 bne              x9, x20, -24         x9:1c00142c x20:1c001450
16094987ns          274119 1c008524 0044a78b p.lw             x15, 4(x9!)         x15=0437ce1e  x9=1c001430  x9:1c00142c  PA:1c00142c
16095285ns          274134 1c008528 0049a70b p.lw             x14, 4(x19!)        x14=00080007 x19=1c001458 x19:1c001454  PA:1c001454
16095604ns          274150 1c00852c 50e7c457 pv.sll.sc.h      x8, x15, x14         x8=1b800f00 x15:0437ce1e x14:00070007
16095623ns          274151 1c008530 0049260b p.lw             x12, 4(x18!)        x12=1b800f00 x18=1c001480 x18:1c00147c  PA:1c00147c
16095962ns          274168 1c008534 008005b3 add              x11, x0, x8         x11=1b800f00  x8:1b800f00
16095982ns          274169 1c008536 0d0a8513 addi             x10, x21, 208       x10=1c0000d0 x21:1c000000
16096001ns          274170 1c00853a c23ff0ef jal              x1, -990             x1=1c00853c
16096041ns          274172 1c00815c 1c0027b7 lui              x15, 0x1c002000     x15=1c002000
16096061ns          274173 1c008160 c7478793 addi             x15, x15, -908      x15=1c001c74 x15:1c002000
16096081ns          274174 1c008164 0007a703 lw               x14, 0(x15)         x14=00000083 x15:1c001c74  PA:1c001c74
16096379ns          274189 1c008166 00c006b3 add              x13, x0, x12        x13=1b800f00 x12:1b800f00
16096399ns          274190 1c008168 00170713 addi             x14, x14, 1         x14=00000084 x14:00000083
16096419ns          274191 1c00816a 00e7a023 sw               x14, 0(x15)         x14:00000084 x15:1c001c74  PA:1c001c74
16096737ns          274207 1c00816c 02c58163 beq              x11, x12, 34        x11:1b800f00 x12:1b800f00
16096797ns          274210 1c00818e 00008067 jalr             x0, x1, 0            x1:1c00853c
16096837ns          274212 1c00853c ff4494e3 bne              x9, x20, -24         x9:1c001430 x20:1c001450
16096896ns          274215 1c008524 0044a78b p.lw             x15, 4(x9!)         x15=e5c75029  x9=1c001434  x9:1c001430  PA:1c001430
16097215ns          274231 1c008528 0049a70b p.lw             x14, 4(x19!)        x14=000d0008 x19=1c00145c x19:1c001458  PA:1c001458
16097533ns          274247 1c00852c 50e7c457 pv.sll.sc.h      x8, x15, x14         x8=c7002900 x15:e5c75029 x14:00080008
16097553ns          274248 1c008530 0049260b p.lw             x12, 4(x18!)        x12=c7002900 x18=1c001484 x18:1c001480  PA:1c001480
16097851ns          274263 1c008534 008005b3 add              x11, x0, x8         x11=c7002900  x8:c7002900
16097871ns          274264 1c008536 0d0a8513 addi             x10, x21, 208       x10=1c0000d0 x21:1c000000
16097891ns          274265 1c00853a c23ff0ef jal              x1, -990             x1=1c00853c
16097931ns          274267 1c00815c 1c0027b7 lui              x15, 0x1c002000     x15=1c002000
16097951ns          274268 1c008160 c7478793 addi             x15, x15, -908      x15=1c001c74 x15:1c002000
16097971ns          274269 1c008164 0007a703 lw               x14, 0(x15)         x14=00000084 x15:1c001c74  PA:1c001c74
16098269ns          274284 1c008166 00c006b3 add              x13, x0, x12        x13=c7002900 x12:c7002900
16098289ns          274285 1c008168 00170713 addi             x14, x14, 1         x14=00000085 x14:00000084
16098309ns          274286 1c00816a 00e7a023 sw               x14, 0(x15)         x14:00000085 x15:1c001c74  PA:1c001c74
16098647ns          274303 1c00816c 02c58163 beq              x11, x12, 34        x11:c7002900 x12:c7002900
16098707ns          274306 1c00818e 00008067 jalr             x0, x1, 0            x1:1c00853c
16098746ns          274308 1c00853c ff4494e3 bne              x9, x20, -24         x9:1c001434 x20:1c001450
16098806ns          274311 1c008524 0044a78b p.lw             x15, 4(x9!)         x15=b3f429be  x9=1c001438  x9:1c001434  PA:1c001434
16099104ns          274326 1c008528 0049a70b p.lw             x14, 4(x19!)        x14=000f000b x19=1c001460 x19:1c00145c  PA:1c00145c
16099423ns          274342 1c00852c 50e7c457 pv.sll.sc.h      x8, x15, x14         x8=a000f000 x15:b3f429be x14:000b000b
16099443ns          274343 1c008530 0049260b p.lw             x12, 4(x18!)        x12=a000f000 x18=1c001488 x18:1c001484  PA:1c001484
16099761ns          274359 1c008534 008005b3 add              x11, x0, x8         x11=a000f000  x8:a000f000
16099781ns          274360 1c008536 0d0a8513 addi             x10, x21, 208       x10=1c0000d0 x21:1c000000
16099801ns          274361 1c00853a c23ff0ef jal              x1, -990             x1=1c00853c
16099840ns          274363 1c00815c 1c0027b7 lui              x15, 0x1c002000     x15=1c002000
16099860ns          274364 1c008160 c7478793 addi             x15, x15, -908      x15=1c001c74 x15:1c002000
16099880ns          274365 1c008164 0007a703 lw               x14, 0(x15)         x14=00000085 x15:1c001c74  PA:1c001c74
16100198ns          274381 1c008166 00c006b3 add              x13, x0, x12        x13=a000f000 x12:a000f000
16100218ns          274382 1c008168 00170713 addi             x14, x14, 1         x14=00000086 x14:00000085
16100238ns          274383 1c00816a 00e7a023 sw               x14, 0(x15)         x14:00000086 x15:1c001c74  PA:1c001c74
16100556ns          274399 1c00816c 02c58163 beq              x11, x12, 34        x11:a000f000 x12:a000f000
16100616ns          274402 1c00818e 00008067 jalr             x0, x1, 0            x1:1c00853c
16100656ns          274404 1c00853c ff4494e3 bne              x9, x20, -24         x9:1c001438 x20:1c001450
16100716ns          274407 1c008524 0044a78b p.lw             x15, 4(x9!)         x15=dbe68ca8  x9=1c00143c  x9:1c001438  PA:1c001438
16101034ns          274423 1c008528 0049a70b p.lw             x14, 4(x19!)        x14=00080007 x19=1c001464 x19:1c001460  PA:1c001460
16101372ns          274440 1c00852c 50e7c457 pv.sll.sc.h      x8, x15, x14         x8=f3005400 x15:dbe68ca8 x14:00070007
16101392ns          274441 1c008530 0049260b p.lw             x12, 4(x18!)        x12=f3005400 x18=1c00148c x18:1c001488  PA:1c001488
16101690ns          274456 1c008534 008005b3 add              x11, x0, x8         x11=f3005400  x8:f3005400
16101710ns          274457 1c008536 0d0a8513 addi             x10, x21, 208       x10=1c0000d0 x21:1c000000
16101730ns          274458 1c00853a c23ff0ef jal              x1, -990             x1=1c00853c
16101770ns          274460 1c00815c 1c0027b7 lui              x15, 0x1c002000     x15=1c002000
16101790ns          274461 1c008160 c7478793 addi             x15, x15, -908      x15=1c001c74 x15:1c002000
16101809ns          274462 1c008164 0007a703 lw               x14, 0(x15)         x14=00000086 x15:1c001c74  PA:1c001c74
16102108ns          274477 1c008166 00c006b3 add              x13, x0, x12        x13=f3005400 x12:f3005400
16102128ns          274478 1c008168 00170713 addi             x14, x14, 1         x14=00000087 x14:00000086
16102148ns          274479 1c00816a 00e7a023 sw               x14, 0(x15)         x14:00000087 x15:1c001c74  PA:1c001c74
16102466ns          274495 1c00816c 02c58163 beq              x11, x12, 34        x11:f3005400 x12:f3005400
16102526ns          274498 1c00818e 00008067 jalr             x0, x1, 0            x1:1c00853c
16102565ns          274500 1c00853c ff4494e3 bne              x9, x20, -24         x9:1c00143c x20:1c001450
16102625ns          274503 1c008524 0044a78b p.lw             x15, 4(x9!)         x15=867f2011  x9=1c001440  x9:1c00143c  PA:1c00143c
16102923ns          274518 1c008528 0049a70b p.lw             x14, 4(x19!)        x14=00020004 x19=1c001468 x19:1c001464  PA:1c001464
16103242ns          274534 1c00852c 50e7c457 pv.sll.sc.h      x8, x15, x14         x8=67f00110 x15:867f2011 x14:00040004
16103262ns          274535 1c008530 0049260b p.lw             x12, 4(x18!)        x12=67f00110 x18=1c001490 x18:1c00148c  PA:1c00148c
16103580ns          274551 1c008534 008005b3 add              x11, x0, x8         x11=67f00110  x8:67f00110
16103600ns          274552 1c008536 0d0a8513 addi             x10, x21, 208       x10=1c0000d0 x21:1c000000
16103620ns          274553 1c00853a c23ff0ef jal              x1, -990             x1=1c00853c
16103659ns          274555 1c00815c 1c0027b7 lui              x15, 0x1c002000     x15=1c002000
16103679ns          274556 1c008160 c7478793 addi             x15, x15, -908      x15=1c001c74 x15:1c002000
16103699ns          274557 1c008164 0007a703 lw               x14, 0(x15)         x14=00000087 x15:1c001c74  PA:1c001c74
16104017ns          274573 1c008166 00c006b3 add              x13, x0, x12        x13=67f00110 x12:67f00110
16104037ns          274574 1c008168 00170713 addi             x14, x14, 1         x14=00000088 x14:00000087
16104057ns          274575 1c00816a 00e7a023 sw               x14, 0(x15)         x14:00000088 x15:1c001c74  PA:1c001c74
16104375ns          274591 1c00816c 02c58163 beq              x11, x12, 34        x11:67f00110 x12:67f00110
16104435ns          274594 1c00818e 00008067 jalr             x0, x1, 0            x1:1c00853c
16104475ns          274596 1c00853c ff4494e3 bne              x9, x20, -24         x9:1c001440 x20:1c001450
16104535ns          274599 1c008524 0044a78b p.lw             x15, 4(x9!)         x15=6d76bd91  x9=1c001444  x9:1c001440  PA:1c001440
16104853ns          274615 1c008528 0049a70b p.lw             x14, 4(x19!)        x14=0009000d x19=1c00146c x19:1c001468  PA:1c001468
16105171ns          274631 1c00852c 50e7c457 pv.sll.sc.h      x8, x15, x14         x8=c0002000 x15:6d76bd91 x14:000d000d
16105191ns          274632 1c008530 0049260b p.lw             x12, 4(x18!)        x12=c0002000 x18=1c001494 x18:1c001490  PA:1c001490
16105489ns          274647 1c008534 008005b3 add              x11, x0, x8         x11=c0002000  x8:c0002000
16105509ns          274648 1c008536 0d0a8513 addi             x10, x21, 208       x10=1c0000d0 x21:1c000000
16105529ns          274649 1c00853a c23ff0ef jal              x1, -990             x1=1c00853c
16105569ns          274651 1c00815c 1c0027b7 lui              x15, 0x1c002000     x15=1c002000
16105589ns          274652 1c008160 c7478793 addi             x15, x15, -908      x15=1c001c74 x15:1c002000
16105609ns          274653 1c008164 0007a703 lw               x14, 0(x15)         x14=00000088 x15:1c001c74  PA:1c001c74
16105907ns          274668 1c008166 00c006b3 add              x13, x0, x12        x13=c0002000 x12:c0002000
16105927ns          274669 1c008168 00170713 addi             x14, x14, 1         x14=00000089 x14:00000088
16105947ns          274670 1c00816a 00e7a023 sw               x14, 0(x15)         x14:00000089 x15:1c001c74  PA:1c001c74
16106265ns          274686 1c00816c 02c58163 beq              x11, x12, 34        x11:c0002000 x12:c0002000
16106325ns          274689 1c00818e 00008067 jalr             x0, x1, 0            x1:1c00853c
16106364ns          274691 1c00853c ff4494e3 bne              x9, x20, -24         x9:1c001444 x20:1c001450
16106424ns          274694 1c008524 0044a78b p.lw             x15, 4(x9!)         x15=5a8c24b1  x9=1c001448  x9:1c001444  PA:1c001444
16106723ns          274709 1c008528 0049a70b p.lw             x14, 4(x19!)        x14=000e0005 x19=1c001470 x19:1c00146c  PA:1c00146c
16107041ns          274725 1c00852c 50e7c457 pv.sll.sc.h      x8, x15, x14         x8=51809620 x15:5a8c24b1 x14:00050005
16107061ns          274726 1c008530 0049260b p.lw             x12, 4(x18!)        x12=51809620 x18=1c001498 x18:1c001494  PA:1c001494
16107359ns          274741 1c008534 008005b3 add              x11, x0, x8         x11=51809620  x8:51809620
16107379ns          274742 1c008536 0d0a8513 addi             x10, x21, 208       x10=1c0000d0 x21:1c000000
16107399ns          274743 1c00853a c23ff0ef jal              x1, -990             x1=1c00853c
16107439ns          274745 1c00815c 1c0027b7 lui              x15, 0x1c002000     x15=1c002000
16107458ns          274746 1c008160 c7478793 addi             x15, x15, -908      x15=1c001c74 x15:1c002000
16107478ns          274747 1c008164 0007a703 lw               x14, 0(x15)         x14=00000089 x15:1c001c74  PA:1c001c74
16107777ns          274762 1c008166 00c006b3 add              x13, x0, x12        x13=51809620 x12:51809620
16107797ns          274763 1c008168 00170713 addi             x14, x14, 1         x14=0000008a x14:00000089
16107817ns          274764 1c00816a 00e7a023 sw               x14, 0(x15)         x14:0000008a x15:1c001c74  PA:1c001c74
16108135ns          274780 1c00816c 02c58163 beq              x11, x12, 34        x11:51809620 x12:51809620
16108194ns          274783 1c00818e 00008067 jalr             x0, x1, 0            x1:1c00853c
16108234ns          274785 1c00853c ff4494e3 bne              x9, x20, -24         x9:1c001448 x20:1c001450
16108294ns          274788 1c008524 0044a78b p.lw             x15, 4(x9!)         x15=768aa0cd  x9=1c00144c  x9:1c001448  PA:1c001448
16108592ns          274803 1c008528 0049a70b p.lw             x14, 4(x19!)        x14=0004000f x19=1c001474 x19:1c001470  PA:1c001470
16108910ns          274819 1c00852c 50e7c457 pv.sll.sc.h      x8, x15, x14         x8=00008000 x15:768aa0cd x14:000f000f
16108930ns          274820 1c008530 0049260b p.lw             x12, 4(x18!)        x12=00008000 x18=1c00149c x18:1c001498  PA:1c001498
16109249ns          274836 1c008534 008005b3 add              x11, x0, x8         x11=00008000  x8:00008000
16109269ns          274837 1c008536 0d0a8513 addi             x10, x21, 208       x10=1c0000d0 x21:1c000000
16109288ns          274838 1c00853a c23ff0ef jal              x1, -990             x1=1c00853c
16109328ns          274840 1c00815c 1c0027b7 lui              x15, 0x1c002000     x15=1c002000
16109348ns          274841 1c008160 c7478793 addi             x15, x15, -908      x15=1c001c74 x15:1c002000
16109368ns          274842 1c008164 0007a703 lw               x14, 0(x15)         x14=0000008a x15:1c001c74  PA:1c001c74
16109666ns          274857 1c008166 00c006b3 add              x13, x0, x12        x13=00008000 x12:00008000
16109686ns          274858 1c008168 00170713 addi             x14, x14, 1         x14=0000008b x14:0000008a
16109706ns          274859 1c00816a 00e7a023 sw               x14, 0(x15)         x14:0000008b x15:1c001c74  PA:1c001c74
16110024ns          274875 1c00816c 02c58163 beq              x11, x12, 34        x11:00008000 x12:00008000
16110084ns          274878 1c00818e 00008067 jalr             x0, x1, 0            x1:1c00853c
16110124ns          274880 1c00853c ff4494e3 bne              x9, x20, -24         x9:1c00144c x20:1c001450
16110184ns          274883 1c008524 0044a78b p.lw             x15, 4(x9!)         x15=50295993  x9=1c001450  x9:1c00144c  PA:1c00144c
16110502ns          274899 1c008528 0049a70b p.lw             x14, 4(x19!)        x14=0001000e x19=1c001478 x19:1c001474  PA:1c001474
16110820ns          274915 1c00852c 50e7c457 pv.sll.sc.h      x8, x15, x14         x8=4000c000 x15:50295993 x14:000e000e
16110840ns          274916 1c008530 0049260b p.lw             x12, 4(x18!)        x12=4000c000 x18=1c0014a0 x18:1c00149c  PA:1c00149c
16111138ns          274931 1c008534 008005b3 add              x11, x0, x8         x11=4000c000  x8:4000c000
16111158ns          274932 1c008536 0d0a8513 addi             x10, x21, 208       x10=1c0000d0 x21:1c000000
16111178ns          274933 1c00853a c23ff0ef jal              x1, -990             x1=1c00853c
16111218ns          274935 1c00815c 1c0027b7 lui              x15, 0x1c002000     x15=1c002000
16111238ns          274936 1c008160 c7478793 addi             x15, x15, -908      x15=1c001c74 x15:1c002000
16111258ns          274937 1c008164 0007a703 lw               x14, 0(x15)         x14=0000008b x15:1c001c74  PA:1c001c74
16111556ns          274952 1c008166 00c006b3 add              x13, x0, x12        x13=4000c000 x12:4000c000
16111576ns          274953 1c008168 00170713 addi             x14, x14, 1         x14=0000008c x14:0000008b
16111596ns          274954 1c00816a 00e7a023 sw               x14, 0(x15)         x14:0000008c x15:1c001c74  PA:1c001c74
16111934ns          274971 1c00816c 02c58163 beq              x11, x12, 34        x11:4000c000 x12:4000c000
16111994ns          274974 1c00818e 00008067 jalr             x0, x1, 0            x1:1c00853c
16112033ns          274976 1c00853c ff4494e3 bne              x9, x20, -24         x9:1c001450 x20:1c001450
16112053ns          274977 1c008540 1c0014b7 lui              x9, 0x1c001000       x9=1c001000
16112073ns          274978 1c008544 4a048493 addi             x9, x9, 1184         x9=1c0014a0  x9:1c001000
16112093ns          274979 1c008548 1c001937 lui              x18, 0x1c001000     x18=1c001000
16112113ns          274980 1c00854c 4c890913 addi             x18, x18, 1224      x18=1c0014c8 x18:1c001000
16112551ns          275002 1c008550 02848993 addi             x19, x9, 40         x19=1c0014c8  x9:1c0014a0
16112590ns          275004 1c008554 1c000a37 lui              x20, 0x1c000000     x20=1c000000
16112610ns          275005 1c008558 0044a78b p.lw             x15, 4(x9!)         x15=48233b93  x9=1c0014a4  x9:1c0014a0  PA:1c0014a0
16112948ns          275022 1c00855c 5247e457 pv.sll.sci.h     x8, x15, 0x9         x8=46002600 x15:48233b93
16113088ns          275029 1c008560 0049260b p.lw             x12, 4(x18!)        x12=46002600 x18=1c0014cc x18:1c0014c8  PA:1c0014c8
16113406ns          275045 1c008564 008005b3 add              x11, x0, x8         x11=46002600  x8:46002600
16113426ns          275046 1c008566 0dca0513 addi             x10, x20, 220       x10=1c0000dc x20:1c000000
16113446ns          275047 1c00856a bf3ff0ef jal              x1, -1038            x1=1c00856c
16113644ns          275057 1c00815c 1c0027b7 lui              x15, 0x1c002000     x15=1c002000
16113664ns          275058 1c008160 c7478793 addi             x15, x15, -908      x15=1c001c74 x15:1c002000
16113684ns          275059 1c008164 0007a703 lw               x14, 0(x15)         x14=0000008c x15:1c001c74  PA:1c001c74
16114003ns          275075 1c008166 00c006b3 add              x13, x0, x12        x13=46002600 x12:46002600
16114022ns          275076 1c008168 00170713 addi             x14, x14, 1         x14=0000008d x14:0000008c
16114042ns          275077 1c00816a 00e7a023 sw               x14, 0(x15)         x14:0000008d x15:1c001c74  PA:1c001c74
16114361ns          275093 1c00816c 02c58163 beq              x11, x12, 34        x11:46002600 x12:46002600
16114420ns          275096 1c00818e 00008067 jalr             x0, x1, 0            x1:1c00856c
16114460ns          275098 1c00856c ff3496e3 bne              x9, x19, -20         x9:1c0014a4 x19:1c0014c8
16114520ns          275101 1c008558 0044a78b p.lw             x15, 4(x9!)         x15=344b9356  x9=1c0014a8  x9:1c0014a4  PA:1c0014a4
16114838ns          275117 1c00855c 5247e457 pv.sll.sci.h     x8, x15, 0x9         x8=9600ac00 x15:344b9356
16114858ns          275118 1c008560 0049260b p.lw             x12, 4(x18!)        x12=9600ac00 x18=1c0014d0 x18:1c0014cc  PA:1c0014cc
16115156ns          275133 1c008564 008005b3 add              x11, x0, x8         x11=9600ac00  x8:9600ac00
16115176ns          275134 1c008566 0dca0513 addi             x10, x20, 220       x10=1c0000dc x20:1c000000
16115196ns          275135 1c00856a bf3ff0ef jal              x1, -1038            x1=1c00856c
16115236ns          275137 1c00815c 1c0027b7 lui              x15, 0x1c002000     x15=1c002000
16115256ns          275138 1c008160 c7478793 addi             x15, x15, -908      x15=1c001c74 x15:1c002000
16115276ns          275139 1c008164 0007a703 lw               x14, 0(x15)         x14=0000008d x15:1c001c74  PA:1c001c74
16115574ns          275154 1c008166 00c006b3 add              x13, x0, x12        x13=9600ac00 x12:9600ac00
16115594ns          275155 1c008168 00170713 addi             x14, x14, 1         x14=0000008e x14:0000008d
16115614ns          275156 1c00816a 00e7a023 sw               x14, 0(x15)         x14:0000008e x15:1c001c74  PA:1c001c74
16115952ns          275173 1c00816c 02c58163 beq              x11, x12, 34        x11:9600ac00 x12:9600ac00
16116011ns          275176 1c00818e 00008067 jalr             x0, x1, 0            x1:1c00856c
16116051ns          275178 1c00856c ff3496e3 bne              x9, x19, -20         x9:1c0014a8 x19:1c0014c8
16116111ns          275181 1c008558 0044a78b p.lw             x15, 4(x9!)         x15=b2a0e417  x9=1c0014ac  x9:1c0014a8  PA:1c0014a8
16116429ns          275197 1c00855c 5247e457 pv.sll.sci.h     x8, x15, 0x9         x8=40002e00 x15:b2a0e417
16116449ns          275198 1c008560 0049260b p.lw             x12, 4(x18!)        x12=40002e00 x18=1c0014d4 x18:1c0014d0  PA:1c0014d0
16116747ns          275213 1c008564 008005b3 add              x11, x0, x8         x11=40002e00  x8:40002e00
16116767ns          275214 1c008566 0dca0513 addi             x10, x20, 220       x10=1c0000dc x20:1c000000
16116787ns          275215 1c00856a bf3ff0ef jal              x1, -1038            x1=1c00856c
16116827ns          275217 1c00815c 1c0027b7 lui              x15, 0x1c002000     x15=1c002000
16116847ns          275218 1c008160 c7478793 addi             x15, x15, -908      x15=1c001c74 x15:1c002000
16116867ns          275219 1c008164 0007a703 lw               x14, 0(x15)         x14=0000008e x15:1c001c74  PA:1c001c74
16117165ns          275234 1c008166 00c006b3 add              x13, x0, x12        x13=40002e00 x12:40002e00
16117185ns          275235 1c008168 00170713 addi             x14, x14, 1         x14=0000008f x14:0000008e
16117205ns          275236 1c00816a 00e7a023 sw               x14, 0(x15)         x14:0000008f x15:1c001c74  PA:1c001c74
16117543ns          275253 1c00816c 02c58163 beq              x11, x12, 34        x11:40002e00 x12:40002e00
16117603ns          275256 1c00818e 00008067 jalr             x0, x1, 0            x1:1c00856c
16117643ns          275258 1c00856c ff3496e3 bne              x9, x19, -20         x9:1c0014ac x19:1c0014c8
16117702ns          275261 1c008558 0044a78b p.lw             x15, 4(x9!)         x15=d0d9cf69  x9=1c0014b0  x9:1c0014ac  PA:1c0014ac
16118020ns          275277 1c00855c 5247e457 pv.sll.sci.h     x8, x15, 0x9         x8=b200d200 x15:d0d9cf69
16118040ns          275278 1c008560 0049260b p.lw             x12, 4(x18!)        x12=b200d200 x18=1c0014d8 x18:1c0014d4  PA:1c0014d4
16118339ns          275293 1c008564 008005b3 add              x11, x0, x8         x11=b200d200  x8:b200d200
16118359ns          275294 1c008566 0dca0513 addi             x10, x20, 220       x10=1c0000dc x20:1c000000
16118378ns          275295 1c00856a bf3ff0ef jal              x1, -1038            x1=1c00856c
16118418ns          275297 1c00815c 1c0027b7 lui              x15, 0x1c002000     x15=1c002000
16118438ns          275298 1c008160 c7478793 addi             x15, x15, -908      x15=1c001c74 x15:1c002000
16118458ns          275299 1c008164 0007a703 lw               x14, 0(x15)         x14=0000008f x15:1c001c74  PA:1c001c74
16118756ns          275314 1c008166 00c006b3 add              x13, x0, x12        x13=b200d200 x12:b200d200
16118776ns          275315 1c008168 00170713 addi             x14, x14, 1         x14=00000090 x14:0000008f
16118796ns          275316 1c00816a 00e7a023 sw               x14, 0(x15)         x14:00000090 x15:1c001c74  PA:1c001c74
16119114ns          275332 1c00816c 02c58163 beq              x11, x12, 34        x11:b200d200 x12:b200d200
16119174ns          275335 1c00818e 00008067 jalr             x0, x1, 0            x1:1c00856c
16119214ns          275337 1c00856c ff3496e3 bne              x9, x19, -20         x9:1c0014b0 x19:1c0014c8
16119274ns          275340 1c008558 0044a78b p.lw             x15, 4(x9!)         x15=3070b42a  x9=1c0014b4  x9:1c0014b0  PA:1c0014b0
16119592ns          275356 1c00855c 5247e457 pv.sll.sci.h     x8, x15, 0x9         x8=e0005400 x15:3070b42a
16119612ns          275357 1c008560 0049260b p.lw             x12, 4(x18!)        x12=e0005400 x18=1c0014dc x18:1c0014d8  PA:1c0014d8
16119950ns          275374 1c008564 008005b3 add              x11, x0, x8         x11=e0005400  x8:e0005400
16119970ns          275375 1c008566 0dca0513 addi             x10, x20, 220       x10=1c0000dc x20:1c000000
16119990ns          275376 1c00856a bf3ff0ef jal              x1, -1038            x1=1c00856c
16120029ns          275378 1c00815c 1c0027b7 lui              x15, 0x1c002000     x15=1c002000
16120049ns          275379 1c008160 c7478793 addi             x15, x15, -908      x15=1c001c74 x15:1c002000
16120069ns          275380 1c008164 0007a703 lw               x14, 0(x15)         x14=00000090 x15:1c001c74  PA:1c001c74
16120368ns          275395 1c008166 00c006b3 add              x13, x0, x12        x13=e0005400 x12:e0005400
16120387ns          275396 1c008168 00170713 addi             x14, x14, 1         x14=00000091 x14:00000090
16120407ns          275397 1c00816a 00e7a023 sw               x14, 0(x15)         x14:00000091 x15:1c001c74  PA:1c001c74
16120726ns          275413 1c00816c 02c58163 beq              x11, x12, 34        x11:e0005400 x12:e0005400
16120785ns          275416 1c00818e 00008067 jalr             x0, x1, 0            x1:1c00856c
16120825ns          275418 1c00856c ff3496e3 bne              x9, x19, -20         x9:1c0014b4 x19:1c0014c8
16120885ns          275421 1c008558 0044a78b p.lw             x15, 4(x9!)         x15=caa30242  x9=1c0014b8  x9:1c0014b4  PA:1c0014b4
16121223ns          275438 1c00855c 5247e457 pv.sll.sci.h     x8, x15, 0x9         x8=46008400 x15:caa30242
16121243ns          275439 1c008560 0049260b p.lw             x12, 4(x18!)        x12=46008400 x18=1c0014e0 x18:1c0014dc  PA:1c0014dc
16121541ns          275454 1c008564 008005b3 add              x11, x0, x8         x11=46008400  x8:46008400
16121561ns          275455 1c008566 0dca0513 addi             x10, x20, 220       x10=1c0000dc x20:1c000000
16121581ns          275456 1c00856a bf3ff0ef jal              x1, -1038            x1=1c00856c
16121621ns          275458 1c00815c 1c0027b7 lui              x15, 0x1c002000     x15=1c002000
16121641ns          275459 1c008160 c7478793 addi             x15, x15, -908      x15=1c001c74 x15:1c002000
16121660ns          275460 1c008164 0007a703 lw               x14, 0(x15)         x14=00000091 x15:1c001c74  PA:1c001c74
16121959ns          275475 1c008166 00c006b3 add              x13, x0, x12        x13=46008400 x12:46008400
16121979ns          275476 1c008168 00170713 addi             x14, x14, 1         x14=00000092 x14:00000091
16121999ns          275477 1c00816a 00e7a023 sw               x14, 0(x15)         x14:00000092 x15:1c001c74  PA:1c001c74
16122337ns          275494 1c00816c 02c58163 beq              x11, x12, 34        x11:46008400 x12:46008400
16122396ns          275497 1c00818e 00008067 jalr             x0, x1, 0            x1:1c00856c
16122436ns          275499 1c00856c ff3496e3 bne              x9, x19, -20         x9:1c0014b8 x19:1c0014c8
16122496ns          275502 1c008558 0044a78b p.lw             x15, 4(x9!)         x15=7c2254ab  x9=1c0014bc  x9:1c0014b8  PA:1c0014b8
16122814ns          275518 1c00855c 5247e457 pv.sll.sci.h     x8, x15, 0x9         x8=44005600 x15:7c2254ab
16122834ns          275519 1c008560 0049260b p.lw             x12, 4(x18!)        x12=44005600 x18=1c0014e4 x18:1c0014e0  PA:1c0014e0
16123132ns          275534 1c008564 008005b3 add              x11, x0, x8         x11=44005600  x8:44005600
16123152ns          275535 1c008566 0dca0513 addi             x10, x20, 220       x10=1c0000dc x20:1c000000
16123172ns          275536 1c00856a bf3ff0ef jal              x1, -1038            x1=1c00856c
16123212ns          275538 1c00815c 1c0027b7 lui              x15, 0x1c002000     x15=1c002000
16123232ns          275539 1c008160 c7478793 addi             x15, x15, -908      x15=1c001c74 x15:1c002000
16123252ns          275540 1c008164 0007a703 lw               x14, 0(x15)         x14=00000092 x15:1c001c74  PA:1c001c74
16123550ns          275555 1c008166 00c006b3 add              x13, x0, x12        x13=44005600 x12:44005600
16123570ns          275556 1c008168 00170713 addi             x14, x14, 1         x14=00000093 x14:00000092
16123590ns          275557 1c00816a 00e7a023 sw               x14, 0(x15)         x14:00000093 x15:1c001c74  PA:1c001c74
16123928ns          275574 1c00816c 02c58163 beq              x11, x12, 34        x11:44005600 x12:44005600
16123988ns          275577 1c00818e 00008067 jalr             x0, x1, 0            x1:1c00856c
16124027ns          275579 1c00856c ff3496e3 bne              x9, x19, -20         x9:1c0014bc x19:1c0014c8
16124087ns          275582 1c008558 0044a78b p.lw             x15, 4(x9!)         x15=aba1fd6c  x9=1c0014c0  x9:1c0014bc  PA:1c0014bc
16124405ns          275598 1c00855c 5247e457 pv.sll.sci.h     x8, x15, 0x9         x8=4200d800 x15:aba1fd6c
16124425ns          275599 1c008560 0049260b p.lw             x12, 4(x18!)        x12=4200d800 x18=1c0014e8 x18:1c0014e4  PA:1c0014e4
16124744ns          275615 1c008564 008005b3 add              x11, x0, x8         x11=4200d800  x8:4200d800
16124763ns          275616 1c008566 0dca0513 addi             x10, x20, 220       x10=1c0000dc x20:1c000000
16124783ns          275617 1c00856a bf3ff0ef jal              x1, -1038            x1=1c00856c
16124823ns          275619 1c00815c 1c0027b7 lui              x15, 0x1c002000     x15=1c002000
16124843ns          275620 1c008160 c7478793 addi             x15, x15, -908      x15=1c001c74 x15:1c002000
16124863ns          275621 1c008164 0007a703 lw               x14, 0(x15)         x14=00000093 x15:1c001c74  PA:1c001c74
16125161ns          275636 1c008166 00c006b3 add              x13, x0, x12        x13=4200d800 x12:4200d800
16125181ns          275637 1c008168 00170713 addi             x14, x14, 1         x14=00000094 x14:00000093
16125201ns          275638 1c00816a 00e7a023 sw               x14, 0(x15)         x14:00000094 x15:1c001c74  PA:1c001c74
16125519ns          275654 1c00816c 02c58163 beq              x11, x12, 34        x11:4200d800 x12:4200d800
16125579ns          275657 1c00818e 00008067 jalr             x0, x1, 0            x1:1c00856c
16125619ns          275659 1c00856c ff3496e3 bne              x9, x19, -20         x9:1c0014c0 x19:1c0014c8
16125678ns          275662 1c008558 0044a78b p.lw             x15, 4(x9!)         x15=60e6eaca  x9=1c0014c4  x9:1c0014c0  PA:1c0014c0
16125997ns          275678 1c00855c 5247e457 pv.sll.sci.h     x8, x15, 0x9         x8=cc009400 x15:60e6eaca
16126017ns          275679 1c008560 0049260b p.lw             x12, 4(x18!)        x12=cc009400 x18=1c0014ec x18:1c0014e8  PA:1c0014e8
16126315ns          275694 1c008564 008005b3 add              x11, x0, x8         x11=cc009400  x8:cc009400
16126335ns          275695 1c008566 0dca0513 addi             x10, x20, 220       x10=1c0000dc x20:1c000000
16126355ns          275696 1c00856a bf3ff0ef jal              x1, -1038            x1=1c00856c
16126394ns          275698 1c00815c 1c0027b7 lui              x15, 0x1c002000     x15=1c002000
16126414ns          275699 1c008160 c7478793 addi             x15, x15, -908      x15=1c001c74 x15:1c002000
16126434ns          275700 1c008164 0007a703 lw               x14, 0(x15)         x14=00000094 x15:1c001c74  PA:1c001c74
16126733ns          275715 1c008166 00c006b3 add              x13, x0, x12        x13=cc009400 x12:cc009400
16126753ns          275716 1c008168 00170713 addi             x14, x14, 1         x14=00000095 x14:00000094
16126772ns          275717 1c00816a 00e7a023 sw               x14, 0(x15)         x14:00000095 x15:1c001c74  PA:1c001c74
16127091ns          275733 1c00816c 02c58163 beq              x11, x12, 34        x11:cc009400 x12:cc009400
16127150ns          275736 1c00818e 00008067 jalr             x0, x1, 0            x1:1c00856c
16127190ns          275738 1c00856c ff3496e3 bne              x9, x19, -20         x9:1c0014c4 x19:1c0014c8
16127250ns          275741 1c008558 0044a78b p.lw             x15, 4(x9!)         x15=4453fa02  x9=1c0014c8  x9:1c0014c4  PA:1c0014c4
16127588ns          275758 1c00855c 5247e457 pv.sll.sci.h     x8, x15, 0x9         x8=a6000400 x15:4453fa02
16127608ns          275759 1c008560 0049260b p.lw             x12, 4(x18!)        x12=a6000400 x18=1c0014f0 x18:1c0014ec  PA:1c0014ec
16127926ns          275775 1c008564 008005b3 add              x11, x0, x8         x11=a6000400  x8:a6000400
16127946ns          275776 1c008566 0dca0513 addi             x10, x20, 220       x10=1c0000dc x20:1c000000
16127966ns          275777 1c00856a bf3ff0ef jal              x1, -1038            x1=1c00856c
16128006ns          275779 1c00815c 1c0027b7 lui              x15, 0x1c002000     x15=1c002000
16128026ns          275780 1c008160 c7478793 addi             x15, x15, -908      x15=1c001c74 x15:1c002000
16128045ns          275781 1c008164 0007a703 lw               x14, 0(x15)         x14=00000095 x15:1c001c74  PA:1c001c74
16128344ns          275796 1c008166 00c006b3 add              x13, x0, x12        x13=a6000400 x12:a6000400
16128364ns          275797 1c008168 00170713 addi             x14, x14, 1         x14=00000096 x14:00000095
16128384ns          275798 1c00816a 00e7a023 sw               x14, 0(x15)         x14:00000096 x15:1c001c74  PA:1c001c74
16128702ns          275814 1c00816c 02c58163 beq              x11, x12, 34        x11:a6000400 x12:a6000400
16128761ns          275817 1c00818e 00008067 jalr             x0, x1, 0            x1:1c00856c
16128801ns          275819 1c00856c ff3496e3 bne              x9, x19, -20         x9:1c0014c8 x19:1c0014c8
16128821ns          275820 1c008570 1c0014b7 lui              x9, 0x1c001000       x9=1c001000
16128841ns          275821 1c008574 27048493 addi             x9, x9, 624          x9=1c001270  x9:1c001000
16128861ns          275822 1c008578 1c0019b7 lui              x19, 0x1c001000     x19=1c001000
16128881ns          275823 1c00857c 1c001937 lui              x18, 0x1c001000     x18=1c001000
16129338ns          275846 1c008580 29898993 addi             x19, x19, 664       x19=1c001298 x19:1c001000
16129378ns          275848 1c008584 2c090913 addi             x18, x18, 704       x18=1c0012c0 x18:1c001000
16129398ns          275849 1c008588 02848a13 addi             x20, x9, 40         x20=1c001298  x9:1c001270
16129418ns          275850 1c00858c 1c000ab7 lui              x21, 0x1c000000     x21=1c000000
16129855ns          275872 1c008590 0044a78b p.lw             x15, 4(x9!)         x15=3fce5c2a  x9=1c001274  x9:1c001270  PA:1c001270
16130194ns          275889 1c008594 0049a70b p.lw             x14, 4(x19!)        x14=01040002 x19=1c00129c x19:1c001298  PA:1c001298
16130512ns          275905 1c008598 50e79457 pv.sll.b         x8, x15, x14         x8=7ee05ca8 x15:3fce5c2a x14:01040002
16130532ns          275906 1c00859c 0049260b p.lw             x12, 4(x18!)        x12=7ee05ca8 x18=1c0012c4 x18:1c0012c0  PA:1c0012c0
16130830ns          275921 1c0085a0 008005b3 add              x11, x0, x8         x11=7ee05ca8  x8:7ee05ca8
16130850ns          275922 1c0085a2 0eca8513 addi             x10, x21, 236       x10=1c0000ec x21:1c000000
16130870ns          275923 1c0085a6 bb7ff0ef jal              x1, -1098            x1=1c0085a8
16130910ns          275925 1c00815c 1c0027b7 lui              x15, 0x1c002000     x15=1c002000
16130930ns          275926 1c008160 c7478793 addi             x15, x15, -908      x15=1c001c74 x15:1c002000
16130949ns          275927 1c008164 0007a703 lw               x14, 0(x15)         x14=00000096 x15:1c001c74  PA:1c001c74
16131248ns          275942 1c008166 00c006b3 add              x13, x0, x12        x13=7ee05ca8 x12:7ee05ca8
16131268ns          275943 1c008168 00170713 addi             x14, x14, 1         x14=00000097 x14:00000096
16131288ns          275944 1c00816a 00e7a023 sw               x14, 0(x15)         x14:00000097 x15:1c001c74  PA:1c001c74
16131606ns          275960 1c00816c 02c58163 beq              x11, x12, 34        x11:7ee05ca8 x12:7ee05ca8
16131666ns          275963 1c00818e 00008067 jalr             x0, x1, 0            x1:1c0085a8
16131765ns          275968 1c0085a8 ff4494e3 bne              x9, x20, -24         x9:1c001274 x20:1c001298
16132262ns          275993 1c008590 0044a78b p.lw             x15, 4(x9!)         x15=e95e5934  x9=1c001278  x9:1c001274  PA:1c001274
16132561ns          276008 1c008594 0049a70b p.lw             x14, 4(x19!)        x14=02000700 x19=1c0012a0 x19:1c00129c  PA:1c00129c
16132879ns          276024 1c008598 50e79457 pv.sll.b         x8, x15, x14         x8=a45e8034 x15:e95e5934 x14:02000700
16132899ns          276025 1c00859c 0049260b p.lw             x12, 4(x18!)        x12=a45e8034 x18=1c0012c8 x18:1c0012c4  PA:1c0012c4
16133217ns          276041 1c0085a0 008005b3 add              x11, x0, x8         x11=a45e8034  x8:a45e8034
16133237ns          276042 1c0085a2 0eca8513 addi             x10, x21, 236       x10=1c0000ec x21:1c000000
16133257ns          276043 1c0085a6 bb7ff0ef jal              x1, -1098            x1=1c0085a8
16133297ns          276045 1c00815c 1c0027b7 lui              x15, 0x1c002000     x15=1c002000
16133316ns          276046 1c008160 c7478793 addi             x15, x15, -908      x15=1c001c74 x15:1c002000
16133336ns          276047 1c008164 0007a703 lw               x14, 0(x15)         x14=00000097 x15:1c001c74  PA:1c001c74
16133635ns          276062 1c008166 00c006b3 add              x13, x0, x12        x13=a45e8034 x12:a45e8034
16133655ns          276063 1c008168 00170713 addi             x14, x14, 1         x14=00000098 x14:00000097
16133674ns          276064 1c00816a 00e7a023 sw               x14, 0(x15)         x14:00000098 x15:1c001c74  PA:1c001c74
16133993ns          276080 1c00816c 02c58163 beq              x11, x12, 34        x11:a45e8034 x12:a45e8034
16134052ns          276083 1c00818e 00008067 jalr             x0, x1, 0            x1:1c0085a8
16134092ns          276085 1c0085a8 ff4494e3 bne              x9, x20, -24         x9:1c001278 x20:1c001298
16134152ns          276088 1c008590 0044a78b p.lw             x15, 4(x9!)         x15=fb8fa8b4  x9=1c00127c  x9:1c001278  PA:1c001278
16134450ns          276103 1c008594 0049a70b p.lw             x14, 4(x19!)        x14=04030501 x19=1c0012a4 x19:1c0012a0  PA:1c0012a0
16134768ns          276119 1c008598 50e79457 pv.sll.b         x8, x15, x14         x8=b0780068 x15:fb8fa8b4 x14:04030501
16134788ns          276120 1c00859c 0049260b p.lw             x12, 4(x18!)        x12=b0780068 x18=1c0012cc x18:1c0012c8  PA:1c0012c8
16135087ns          276135 1c0085a0 008005b3 add              x11, x0, x8         x11=b0780068  x8:b0780068
16135107ns          276136 1c0085a2 0eca8513 addi             x10, x21, 236       x10=1c0000ec x21:1c000000
16135127ns          276137 1c0085a6 bb7ff0ef jal              x1, -1098            x1=1c0085a8
16135166ns          276139 1c00815c 1c0027b7 lui              x15, 0x1c002000     x15=1c002000
16135186ns          276140 1c008160 c7478793 addi             x15, x15, -908      x15=1c001c74 x15:1c002000
16135206ns          276141 1c008164 0007a703 lw               x14, 0(x15)         x14=00000098 x15:1c001c74  PA:1c001c74
16135504ns          276156 1c008166 00c006b3 add              x13, x0, x12        x13=b0780068 x12:b0780068
16135524ns          276157 1c008168 00170713 addi             x14, x14, 1         x14=00000099 x14:00000098
16135544ns          276158 1c00816a 00e7a023 sw               x14, 0(x15)         x14:00000099 x15:1c001c74  PA:1c001c74
16135882ns          276175 1c00816c 02c58163 beq              x11, x12, 34        x11:b0780068 x12:b0780068
16135942ns          276178 1c00818e 00008067 jalr             x0, x1, 0            x1:1c0085a8
16135982ns          276180 1c0085a8 ff4494e3 bne              x9, x20, -24         x9:1c00127c x20:1c001298
16136041ns          276183 1c008590 0044a78b p.lw             x15, 4(x9!)         x15=2195b0c8  x9=1c001280  x9:1c00127c  PA:1c00127c
16136340ns          276198 1c008594 0049a70b p.lw             x14, 4(x19!)        x14=02030202 x19=1c0012a8 x19:1c0012a4  PA:1c0012a4
16136658ns          276214 1c008598 50e79457 pv.sll.b         x8, x15, x14         x8=84a8c020 x15:2195b0c8 x14:02030202
16136678ns          276215 1c00859c 0049260b p.lw             x12, 4(x18!)        x12=84a8c020 x18=1c0012d0 x18:1c0012cc  PA:1c0012cc
16136996ns          276231 1c0085a0 008005b3 add              x11, x0, x8         x11=84a8c020  x8:84a8c020
16137016ns          276232 1c0085a2 0eca8513 addi             x10, x21, 236       x10=1c0000ec x21:1c000000
16137036ns          276233 1c0085a6 bb7ff0ef jal              x1, -1098            x1=1c0085a8
16137076ns          276235 1c00815c 1c0027b7 lui              x15, 0x1c002000     x15=1c002000
16137096ns          276236 1c008160 c7478793 addi             x15, x15, -908      x15=1c001c74 x15:1c002000
16137116ns          276237 1c008164 0007a703 lw               x14, 0(x15)         x14=00000099 x15:1c001c74  PA:1c001c74
16137434ns          276253 1c008166 00c006b3 add              x13, x0, x12        x13=84a8c020 x12:84a8c020
16137454ns          276254 1c008168 00170713 addi             x14, x14, 1         x14=0000009a x14:00000099
16137474ns          276255 1c00816a 00e7a023 sw               x14, 0(x15)         x14:0000009a x15:1c001c74  PA:1c001c74
16137792ns          276271 1c00816c 02c58163 beq              x11, x12, 34        x11:84a8c020 x12:84a8c020
16137852ns          276274 1c00818e 00008067 jalr             x0, x1, 0            x1:1c0085a8
16137891ns          276276 1c0085a8 ff4494e3 bne              x9, x20, -24         x9:1c001280 x20:1c001298
16137951ns          276279 1c008590 0044a78b p.lw             x15, 4(x9!)         x15=922b033b  x9=1c001284  x9:1c001280  PA:1c001280
16138269ns          276295 1c008594 0049a70b p.lw             x14, 4(x19!)        x14=06040105 x19=1c0012ac x19:1c0012a8  PA:1c0012a8
16138607ns          276312 1c008598 50e79457 pv.sll.b         x8, x15, x14         x8=80b00660 x15:922b033b x14:06040105
16138627ns          276313 1c00859c 0049260b p.lw             x12, 4(x18!)        x12=80b00660 x18=1c0012d4 x18:1c0012d0  PA:1c0012d0
16138926ns          276328 1c0085a0 008005b3 add              x11, x0, x8         x11=80b00660  x8:80b00660
16138946ns          276329 1c0085a2 0eca8513 addi             x10, x21, 236       x10=1c0000ec x21:1c000000
16138965ns          276330 1c0085a6 bb7ff0ef jal              x1, -1098            x1=1c0085a8
16139005ns          276332 1c00815c 1c0027b7 lui              x15, 0x1c002000     x15=1c002000
16139025ns          276333 1c008160 c7478793 addi             x15, x15, -908      x15=1c001c74 x15:1c002000
16139045ns          276334 1c008164 0007a703 lw               x14, 0(x15)         x14=0000009a x15:1c001c74  PA:1c001c74
16139343ns          276349 1c008166 00c006b3 add              x13, x0, x12        x13=80b00660 x12:80b00660
16139363ns          276350 1c008168 00170713 addi             x14, x14, 1         x14=0000009b x14:0000009a
16139383ns          276351 1c00816a 00e7a023 sw               x14, 0(x15)         x14:0000009b x15:1c001c74  PA:1c001c74
16139701ns          276367 1c00816c 02c58163 beq              x11, x12, 34        x11:80b00660 x12:80b00660
16139761ns          276370 1c00818e 00008067 jalr             x0, x1, 0            x1:1c0085a8
16139801ns          276372 1c0085a8 ff4494e3 bne              x9, x20, -24         x9:1c001284 x20:1c001298
16139861ns          276375 1c008590 0044a78b p.lw             x15, 4(x9!)         x15=7fdc3f06  x9=1c001288  x9:1c001284  PA:1c001284
16140159ns          276390 1c008594 0049a70b p.lw             x14, 4(x19!)        x14=07060004 x19=1c0012b0 x19:1c0012ac  PA:1c0012ac
16140477ns          276406 1c008598 50e79457 pv.sll.b         x8, x15, x14         x8=80003f60 x15:7fdc3f06 x14:07060004
16140497ns          276407 1c00859c 0049260b p.lw             x12, 4(x18!)        x12=80003f60 x18=1c0012d8 x18:1c0012d4  PA:1c0012d4
16140815ns          276423 1c0085a0 008005b3 add              x11, x0, x8         x11=80003f60  x8:80003f60
16140835ns          276424 1c0085a2 0eca8513 addi             x10, x21, 236       x10=1c0000ec x21:1c000000
16140855ns          276425 1c0085a6 bb7ff0ef jal              x1, -1098            x1=1c0085a8
16140895ns          276427 1c00815c 1c0027b7 lui              x15, 0x1c002000     x15=1c002000
16140915ns          276428 1c008160 c7478793 addi             x15, x15, -908      x15=1c001c74 x15:1c002000
16140935ns          276429 1c008164 0007a703 lw               x14, 0(x15)         x14=0000009b x15:1c001c74  PA:1c001c74
16141253ns          276445 1c008166 00c006b3 add              x13, x0, x12        x13=80003f60 x12:80003f60
16141273ns          276446 1c008168 00170713 addi             x14, x14, 1         x14=0000009c x14:0000009b
16141293ns          276447 1c00816a 00e7a023 sw               x14, 0(x15)         x14:0000009c x15:1c001c74  PA:1c001c74
16141611ns          276463 1c00816c 02c58163 beq              x11, x12, 34        x11:80003f60 x12:80003f60
16141671ns          276466 1c00818e 00008067 jalr             x0, x1, 0            x1:1c0085a8
16141710ns          276468 1c0085a8 ff4494e3 bne              x9, x20, -24         x9:1c001288 x20:1c001298
16141770ns          276471 1c008590 0044a78b p.lw             x15, 4(x9!)         x15=df5d9468  x9=1c00128c  x9:1c001288  PA:1c001288
16142088ns          276487 1c008594 0049a70b p.lw             x14, 4(x19!)        x14=06040105 x19=1c0012b4 x19:1c0012b0  PA:1c0012b0
16142407ns          276503 1c008598 50e79457 pv.sll.b         x8, x15, x14         x8=c0d02800 x15:df5d9468 x14:06040105
16142426ns          276504 1c00859c 0049260b p.lw             x12, 4(x18!)        x12=c0d02800 x18=1c0012dc x18:1c0012d8  PA:1c0012d8
16142725ns          276519 1c0085a0 008005b3 add              x11, x0, x8         x11=c0d02800  x8:c0d02800
16142745ns          276520 1c0085a2 0eca8513 addi             x10, x21, 236       x10=1c0000ec x21:1c000000
16142765ns          276521 1c0085a6 bb7ff0ef jal              x1, -1098            x1=1c0085a8
16142804ns          276523 1c00815c 1c0027b7 lui              x15, 0x1c002000     x15=1c002000
16142824ns          276524 1c008160 c7478793 addi             x15, x15, -908      x15=1c001c74 x15:1c002000
16142844ns          276525 1c008164 0007a703 lw               x14, 0(x15)         x14=0000009c x15:1c001c74  PA:1c001c74
16143142ns          276540 1c008166 00c006b3 add              x13, x0, x12        x13=c0d02800 x12:c0d02800
16143162ns          276541 1c008168 00170713 addi             x14, x14, 1         x14=0000009d x14:0000009c
16143182ns          276542 1c00816a 00e7a023 sw               x14, 0(x15)         x14:0000009d x15:1c001c74  PA:1c001c74
16143501ns          276558 1c00816c 02c58163 beq              x11, x12, 34        x11:c0d02800 x12:c0d02800
16143560ns          276561 1c00818e 00008067 jalr             x0, x1, 0            x1:1c0085a8
16143600ns          276563 1c0085a8 ff4494e3 bne              x9, x20, -24         x9:1c00128c x20:1c001298
16143660ns          276566 1c008590 0044a78b p.lw             x15, 4(x9!)         x15=becb12e7  x9=1c001290  x9:1c00128c  PA:1c00128c
16143978ns          276582 1c008594 0049a70b p.lw             x14, 4(x19!)        x14=02030603 x19=1c0012b8 x19:1c0012b4  PA:1c0012b4
16144296ns          276598 1c008598 50e79457 pv.sll.b         x8, x15, x14         x8=f8588038 x15:becb12e7 x14:02030603
16144316ns          276599 1c00859c 0049260b p.lw             x12, 4(x18!)        x12=f8588038 x18=1c0012e0 x18:1c0012dc  PA:1c0012dc
16144634ns          276615 1c0085a0 008005b3 add              x11, x0, x8         x11=f8588038  x8:f8588038
16144654ns          276616 1c0085a2 0eca8513 addi             x10, x21, 236       x10=1c0000ec x21:1c000000
16144674ns          276617 1c0085a6 bb7ff0ef jal              x1, -1098            x1=1c0085a8
16144714ns          276619 1c00815c 1c0027b7 lui              x15, 0x1c002000     x15=1c002000
16144734ns          276620 1c008160 c7478793 addi             x15, x15, -908      x15=1c001c74 x15:1c002000
16144754ns          276621 1c008164 0007a703 lw               x14, 0(x15)         x14=0000009d x15:1c001c74  PA:1c001c74
16145052ns          276636 1c008166 00c006b3 add              x13, x0, x12        x13=f8588038 x12:f8588038
16145072ns          276637 1c008168 00170713 addi             x14, x14, 1         x14=0000009e x14:0000009d
16145092ns          276638 1c00816a 00e7a023 sw               x14, 0(x15)         x14:0000009e x15:1c001c74  PA:1c001c74
16145410ns          276654 1c00816c 02c58163 beq              x11, x12, 34        x11:f8588038 x12:f8588038
16145470ns          276657 1c00818e 00008067 jalr             x0, x1, 0            x1:1c0085a8
16145509ns          276659 1c0085a8 ff4494e3 bne              x9, x20, -24         x9:1c001290 x20:1c001298
16145569ns          276662 1c008590 0044a78b p.lw             x15, 4(x9!)         x15=c6a4002a  x9=1c001294  x9:1c001290  PA:1c001290
16145868ns          276677 1c008594 0049a70b p.lw             x14, 4(x19!)        x14=02010303 x19=1c0012bc x19:1c0012b8  PA:1c0012b8
16146206ns          276694 1c008598 50e79457 pv.sll.b         x8, x15, x14         x8=18480050 x15:c6a4002a x14:02010303
16146226ns          276695 1c00859c 0049260b p.lw             x12, 4(x18!)        x12=18480050 x18=1c0012e4 x18:1c0012e0  PA:1c0012e0
16146544ns          276711 1c0085a0 008005b3 add              x11, x0, x8         x11=18480050  x8:18480050
16146564ns          276712 1c0085a2 0eca8513 addi             x10, x21, 236       x10=1c0000ec x21:1c000000
16146584ns          276713 1c0085a6 bb7ff0ef jal              x1, -1098            x1=1c0085a8
16146623ns          276715 1c00815c 1c0027b7 lui              x15, 0x1c002000     x15=1c002000
16146643ns          276716 1c008160 c7478793 addi             x15, x15, -908      x15=1c001c74 x15:1c002000
16146663ns          276717 1c008164 0007a703 lw               x14, 0(x15)         x14=0000009e x15:1c001c74  PA:1c001c74
16146962ns          276732 1c008166 00c006b3 add              x13, x0, x12        x13=18480050 x12:18480050
16146981ns          276733 1c008168 00170713 addi             x14, x14, 1         x14=0000009f x14:0000009e
16147001ns          276734 1c00816a 00e7a023 sw               x14, 0(x15)         x14:0000009f x15:1c001c74  PA:1c001c74
16147320ns          276750 1c00816c 02c58163 beq              x11, x12, 34        x11:18480050 x12:18480050
16147379ns          276753 1c00818e 00008067 jalr             x0, x1, 0            x1:1c0085a8
16147419ns          276755 1c0085a8 ff4494e3 bne              x9, x20, -24         x9:1c001294 x20:1c001298
16147479ns          276758 1c008590 0044a78b p.lw             x15, 4(x9!)         x15=1e5843f6  x9=1c001298  x9:1c001294  PA:1c001294
16147777ns          276773 1c008594 0049a70b p.lw             x14, 4(x19!)        x14=01000501 x19=1c0012c0 x19:1c0012bc  PA:1c0012bc
16148095ns          276789 1c008598 50e79457 pv.sll.b         x8, x15, x14         x8=3c5860ec x15:1e5843f6 x14:01000501
16148115ns          276790 1c00859c 0049260b p.lw             x12, 4(x18!)        x12=3c5860ec x18=1c0012e8 x18:1c0012e4  PA:1c0012e4
16148414ns          276805 1c0085a0 008005b3 add              x11, x0, x8         x11=3c5860ec  x8:3c5860ec
16148433ns          276806 1c0085a2 0eca8513 addi             x10, x21, 236       x10=1c0000ec x21:1c000000
16148453ns          276807 1c0085a6 bb7ff0ef jal              x1, -1098            x1=1c0085a8
16148493ns          276809 1c00815c 1c0027b7 lui              x15, 0x1c002000     x15=1c002000
16148513ns          276810 1c008160 c7478793 addi             x15, x15, -908      x15=1c001c74 x15:1c002000
16148533ns          276811 1c008164 0007a703 lw               x14, 0(x15)         x14=0000009f x15:1c001c74  PA:1c001c74
16148831ns          276826 1c008166 00c006b3 add              x13, x0, x12        x13=3c5860ec x12:3c5860ec
16148851ns          276827 1c008168 00170713 addi             x14, x14, 1         x14=000000a0 x14:0000009f
16148871ns          276828 1c00816a 00e7a023 sw               x14, 0(x15)         x14:000000a0 x15:1c001c74  PA:1c001c74
16149209ns          276845 1c00816c 02c58163 beq              x11, x12, 34        x11:3c5860ec x12:3c5860ec
16149269ns          276848 1c00818e 00008067 jalr             x0, x1, 0            x1:1c0085a8
16149309ns          276850 1c0085a8 ff4494e3 bne              x9, x20, -24         x9:1c001298 x20:1c001298
16149329ns          276851 1c0085ac 1c0014b7 lui              x9, 0x1c001000       x9=1c001000
16149348ns          276852 1c0085b0 2e848493 addi             x9, x9, 744          x9=1c0012e8  x9:1c001000
16149368ns          276853 1c0085b4 1c0019b7 lui              x19, 0x1c001000     x19=1c001000
16149388ns          276854 1c0085b8 1c001937 lui              x18, 0x1c001000     x18=1c001000
16149408ns          276855 1c0085bc 31098993 addi             x19, x19, 784       x19=1c001310 x19:1c001000
16149846ns          276877 1c0085c0 33890913 addi             x18, x18, 824       x18=1c001338 x18:1c001000
16149885ns          276879 1c0085c4 02848a13 addi             x20, x9, 40         x20=1c001310  x9:1c0012e8
16149905ns          276880 1c0085c8 1c000ab7 lui              x21, 0x1c000000     x21=1c000000
16149925ns          276881 1c0085cc 0044a78b p.lw             x15, 4(x9!)         x15=5ff510fc  x9=1c0012ec  x9:1c0012e8  PA:1c0012e8
16150403ns          276905 1c0085d0 0049a70b p.lw             x14, 4(x19!)        x14=02020004 x19=1c001314 x19:1c001310  PA:1c001310
16150721ns          276921 1c0085d4 50e7d457 pv.sll.sc.b      x8, x15, x14         x8=f05000c0 x15:5ff510fc x14:04040404
16150741ns          276922 1c0085d8 0049260b p.lw             x12, 4(x18!)        x12=f05000c0 x18=1c00133c x18:1c001338  PA:1c001338
16151039ns          276937 1c0085dc 008005b3 add              x11, x0, x8         x11=f05000c0  x8:f05000c0
16151059ns          276938 1c0085de 0f8a8513 addi             x10, x21, 248       x10=1c0000f8 x21:1c000000
16151079ns          276939 1c0085e2 b7bff0ef jal              x1, -1158            x1=1c0085e4
16151119ns          276941 1c00815c 1c0027b7 lui              x15, 0x1c002000     x15=1c002000
16151139ns          276942 1c008160 c7478793 addi             x15, x15, -908      x15=1c001c74 x15:1c002000
16151158ns          276943 1c008164 0007a703 lw               x14, 0(x15)         x14=000000a0 x15:1c001c74  PA:1c001c74
16151457ns          276958 1c008166 00c006b3 add              x13, x0, x12        x13=f05000c0 x12:f05000c0
16151477ns          276959 1c008168 00170713 addi             x14, x14, 1         x14=000000a1 x14:000000a0
16151497ns          276960 1c00816a 00e7a023 sw               x14, 0(x15)         x14:000000a1 x15:1c001c74  PA:1c001c74
16151855ns          276978 1c00816c 02c58163 beq              x11, x12, 34        x11:f05000c0 x12:f05000c0
16151914ns          276981 1c00818e 00008067 jalr             x0, x1, 0            x1:1c0085e4
16151954ns          276983 1c0085e4 fe9a14e3 bne              x20, x9, -24        x20:1c001310  x9:1c0012ec
16152014ns          276986 1c0085cc 0044a78b p.lw             x15, 4(x9!)         x15=2a6cfb1a  x9=1c0012f0  x9:1c0012ec  PA:1c0012ec
16152312ns          277001 1c0085d0 0049a70b p.lw             x14, 4(x19!)        x14=01000604 x19=1c001318 x19:1c001314  PA:1c001314
16152630ns          277017 1c0085d4 50e7d457 pv.sll.sc.b      x8, x15, x14         x8=a0c0b0a0 x15:2a6cfb1a x14:04040404
16152650ns          277018 1c0085d8 0049260b p.lw             x12, 4(x18!)        x12=a0c0b0a0 x18=1c001340 x18:1c00133c  PA:1c00133c
16152969ns          277034 1c0085dc 008005b3 add              x11, x0, x8         x11=a0c0b0a0  x8:a0c0b0a0
16152988ns          277035 1c0085de 0f8a8513 addi             x10, x21, 248       x10=1c0000f8 x21:1c000000
16153008ns          277036 1c0085e2 b7bff0ef jal              x1, -1158            x1=1c0085e4
16153048ns          277038 1c00815c 1c0027b7 lui              x15, 0x1c002000     x15=1c002000
16153068ns          277039 1c008160 c7478793 addi             x15, x15, -908      x15=1c001c74 x15:1c002000
16153088ns          277040 1c008164 0007a703 lw               x14, 0(x15)         x14=000000a1 x15:1c001c74  PA:1c001c74
16153406ns          277056 1c008166 00c006b3 add              x13, x0, x12        x13=a0c0b0a0 x12:a0c0b0a0
16153426ns          277057 1c008168 00170713 addi             x14, x14, 1         x14=000000a2 x14:000000a1
16153446ns          277058 1c00816a 00e7a023 sw               x14, 0(x15)         x14:000000a2 x15:1c001c74  PA:1c001c74
16153764ns          277074 1c00816c 02c58163 beq              x11, x12, 34        x11:a0c0b0a0 x12:a0c0b0a0
16153824ns          277077 1c00818e 00008067 jalr             x0, x1, 0            x1:1c0085e4
16153864ns          277079 1c0085e4 fe9a14e3 bne              x20, x9, -24        x20:1c001310  x9:1c0012f0
16153923ns          277082 1c0085cc 0044a78b p.lw             x15, 4(x9!)         x15=823fcafc  x9=1c0012f4  x9:1c0012f0  PA:1c0012f0
16154242ns          277098 1c0085d0 0049a70b p.lw             x14, 4(x19!)        x14=07010601 x19=1c00131c x19:1c001318  PA:1c001318
16154580ns          277115 1c0085d4 50e7d457 pv.sll.sc.b      x8, x15, x14         x8=047e94f8 x15:823fcafc x14:01010101
16154600ns          277116 1c0085d8 0049260b p.lw             x12, 4(x18!)        x12=047e94f8 x18=1c001344 x18:1c001340  PA:1c001340
16154898ns          277131 1c0085dc 008005b3 add              x11, x0, x8         x11=047e94f8  x8:047e94f8
16154918ns          277132 1c0085de 0f8a8513 addi             x10, x21, 248       x10=1c0000f8 x21:1c000000
16154938ns          277133 1c0085e2 b7bff0ef jal              x1, -1158            x1=1c0085e4
16154977ns          277135 1c00815c 1c0027b7 lui              x15, 0x1c002000     x15=1c002000
16154997ns          277136 1c008160 c7478793 addi             x15, x15, -908      x15=1c001c74 x15:1c002000
16155017ns          277137 1c008164 0007a703 lw               x14, 0(x15)         x14=000000a2 x15:1c001c74  PA:1c001c74
16155316ns          277152 1c008166 00c006b3 add              x13, x0, x12        x13=047e94f8 x12:047e94f8
16155336ns          277153 1c008168 00170713 addi             x14, x14, 1         x14=000000a3 x14:000000a2
16155355ns          277154 1c00816a 00e7a023 sw               x14, 0(x15)         x14:000000a3 x15:1c001c74  PA:1c001c74
16155674ns          277170 1c00816c 02c58163 beq              x11, x12, 34        x11:047e94f8 x12:047e94f8
16155733ns          277173 1c00818e 00008067 jalr             x0, x1, 0            x1:1c0085e4
16155773ns          277175 1c0085e4 fe9a14e3 bne              x20, x9, -24        x20:1c001310  x9:1c0012f4
16155833ns          277178 1c0085cc 0044a78b p.lw             x15, 4(x9!)         x15=057e989a  x9=1c0012f8  x9:1c0012f4  PA:1c0012f4
16156131ns          277193 1c0085d0 0049a70b p.lw             x14, 4(x19!)        x14=00020307 x19=1c001320 x19:1c00131c  PA:1c00131c
16156449ns          277209 1c0085d4 50e7d457 pv.sll.sc.b      x8, x15, x14         x8=80000000 x15:057e989a x14:07070707
16156469ns          277210 1c0085d8 0049260b p.lw             x12, 4(x18!)        x12=80000000 x18=1c001348 x18:1c001344  PA:1c001344
16156788ns          277226 1c0085dc 008005b3 add              x11, x0, x8         x11=80000000  x8:80000000
16156807ns          277227 1c0085de 0f8a8513 addi             x10, x21, 248       x10=1c0000f8 x21:1c000000
16156827ns          277228 1c0085e2 b7bff0ef jal              x1, -1158            x1=1c0085e4
16156867ns          277230 1c00815c 1c0027b7 lui              x15, 0x1c002000     x15=1c002000
16156887ns          277231 1c008160 c7478793 addi             x15, x15, -908      x15=1c001c74 x15:1c002000
16156907ns          277232 1c008164 0007a703 lw               x14, 0(x15)         x14=000000a3 x15:1c001c74  PA:1c001c74
16157225ns          277248 1c008166 00c006b3 add              x13, x0, x12        x13=80000000 x12:80000000
16157245ns          277249 1c008168 00170713 addi             x14, x14, 1         x14=000000a4 x14:000000a3
16157265ns          277250 1c00816a 00e7a023 sw               x14, 0(x15)         x14:000000a4 x15:1c001c74  PA:1c001c74
16157583ns          277266 1c00816c 02c58163 beq              x11, x12, 34        x11:80000000 x12:80000000
16157643ns          277269 1c00818e 00008067 jalr             x0, x1, 0            x1:1c0085e4
16157683ns          277271 1c0085e4 fe9a14e3 bne              x20, x9, -24        x20:1c001310  x9:1c0012f8
16157742ns          277274 1c0085cc 0044a78b p.lw             x15, 4(x9!)         x15=b6054262  x9=1c0012fc  x9:1c0012f8  PA:1c0012f8
16158061ns          277290 1c0085d0 0049a70b p.lw             x14, 4(x19!)        x14=06030003 x19=1c001324 x19:1c001320  PA:1c001320
16158379ns          277306 1c0085d4 50e7d457 pv.sll.sc.b      x8, x15, x14         x8=b0281010 x15:b6054262 x14:03030303
16158399ns          277307 1c0085d8 0049260b p.lw             x12, 4(x18!)        x12=b0281010 x18=1c00134c x18:1c001348  PA:1c001348
16158697ns          277322 1c0085dc 008005b3 add              x11, x0, x8         x11=b0281010  x8:b0281010
16158717ns          277323 1c0085de 0f8a8513 addi             x10, x21, 248       x10=1c0000f8 x21:1c000000
16158737ns          277324 1c0085e2 b7bff0ef jal              x1, -1158            x1=1c0085e4
16158777ns          277326 1c00815c 1c0027b7 lui              x15, 0x1c002000     x15=1c002000
16158797ns          277327 1c008160 c7478793 addi             x15, x15, -908      x15=1c001c74 x15:1c002000
16158816ns          277328 1c008164 0007a703 lw               x14, 0(x15)         x14=000000a4 x15:1c001c74  PA:1c001c74
16159115ns          277343 1c008166 00c006b3 add              x13, x0, x12        x13=b0281010 x12:b0281010
16159135ns          277344 1c008168 00170713 addi             x14, x14, 1         x14=000000a5 x14:000000a4
16159155ns          277345 1c00816a 00e7a023 sw               x14, 0(x15)         x14:000000a5 x15:1c001c74  PA:1c001c74
16159473ns          277361 1c00816c 02c58163 beq              x11, x12, 34        x11:b0281010 x12:b0281010
16159532ns          277364 1c00818e 00008067 jalr             x0, x1, 0            x1:1c0085e4
16159572ns          277366 1c0085e4 fe9a14e3 bne              x20, x9, -24        x20:1c001310  x9:1c0012fc
16159632ns          277369 1c0085cc 0044a78b p.lw             x15, 4(x9!)         x15=dd9377d0  x9=1c001300  x9:1c0012fc  PA:1c0012fc
16159950ns          277385 1c0085d0 0049a70b p.lw             x14, 4(x19!)        x14=03010403 x19=1c001328 x19:1c001324  PA:1c001324
16160268ns          277401 1c0085d4 50e7d457 pv.sll.sc.b      x8, x15, x14         x8=e898b880 x15:dd9377d0 x14:03030303
16160288ns          277402 1c0085d8 0049260b p.lw             x12, 4(x18!)        x12=e898b880 x18=1c001350 x18:1c00134c  PA:1c00134c
16160607ns          277418 1c0085dc 008005b3 add              x11, x0, x8         x11=e898b880  x8:e898b880
16160626ns          277419 1c0085de 0f8a8513 addi             x10, x21, 248       x10=1c0000f8 x21:1c000000
16160646ns          277420 1c0085e2 b7bff0ef jal              x1, -1158            x1=1c0085e4
16160686ns          277422 1c00815c 1c0027b7 lui              x15, 0x1c002000     x15=1c002000
16160706ns          277423 1c008160 c7478793 addi             x15, x15, -908      x15=1c001c74 x15:1c002000
16160726ns          277424 1c008164 0007a703 lw               x14, 0(x15)         x14=000000a5 x15:1c001c74  PA:1c001c74
16161024ns          277439 1c008166 00c006b3 add              x13, x0, x12        x13=e898b880 x12:e898b880
16161044ns          277440 1c008168 00170713 addi             x14, x14, 1         x14=000000a6 x14:000000a5
16161064ns          277441 1c00816a 00e7a023 sw               x14, 0(x15)         x14:000000a6 x15:1c001c74  PA:1c001c74
16161382ns          277457 1c00816c 02c58163 beq              x11, x12, 34        x11:e898b880 x12:e898b880
16161442ns          277460 1c00818e 00008067 jalr             x0, x1, 0            x1:1c0085e4
16161482ns          277462 1c0085e4 fe9a14e3 bne              x20, x9, -24        x20:1c001310  x9:1c001300
16161541ns          277465 1c0085cc 0044a78b p.lw             x15, 4(x9!)         x15=c1b565ea  x9=1c001304  x9:1c001300  PA:1c001300
16161840ns          277480 1c0085d0 0049a70b p.lw             x14, 4(x19!)        x14=01040004 x19=1c00132c x19:1c001328  PA:1c001328
16162178ns          277497 1c0085d4 50e7d457 pv.sll.sc.b      x8, x15, x14         x8=105050a0 x15:c1b565ea x14:04040404
16162198ns          277498 1c0085d8 0049260b p.lw             x12, 4(x18!)        x12=105050a0 x18=1c001354 x18:1c001350  PA:1c001350
16162516ns          277514 1c0085dc 008005b3 add              x11, x0, x8         x11=105050a0  x8:105050a0
16162536ns          277515 1c0085de 0f8a8513 addi             x10, x21, 248       x10=1c0000f8 x21:1c000000
16162556ns          277516 1c0085e2 b7bff0ef jal              x1, -1158            x1=1c0085e4
16162596ns          277518 1c00815c 1c0027b7 lui              x15, 0x1c002000     x15=1c002000
16162616ns          277519 1c008160 c7478793 addi             x15, x15, -908      x15=1c001c74 x15:1c002000
16162635ns          277520 1c008164 0007a703 lw               x14, 0(x15)         x14=000000a6 x15:1c001c74  PA:1c001c74
16162934ns          277535 1c008166 00c006b3 add              x13, x0, x12        x13=105050a0 x12:105050a0
16162954ns          277536 1c008168 00170713 addi             x14, x14, 1         x14=000000a7 x14:000000a6
16162974ns          277537 1c00816a 00e7a023 sw               x14, 0(x15)         x14:000000a7 x15:1c001c74  PA:1c001c74
16163292ns          277553 1c00816c 02c58163 beq              x11, x12, 34        x11:105050a0 x12:105050a0
16163351ns          277556 1c00818e 00008067 jalr             x0, x1, 0            x1:1c0085e4
16163391ns          277558 1c0085e4 fe9a14e3 bne              x20, x9, -24        x20:1c001310  x9:1c001304
16163451ns          277561 1c0085cc 0044a78b p.lw             x15, 4(x9!)         x15=3e447c6c  x9=1c001308  x9:1c001304  PA:1c001304
16163749ns          277576 1c0085d0 0049a70b p.lw             x14, 4(x19!)        x14=07060403 x19=1c001330 x19:1c00132c  PA:1c00132c
16164068ns          277592 1c0085d4 50e7d457 pv.sll.sc.b      x8, x15, x14         x8=f020e060 x15:3e447c6c x14:03030303
16164087ns          277593 1c0085d8 0049260b p.lw             x12, 4(x18!)        x12=f020e060 x18=1c001358 x18:1c001354  PA:1c001354
16164386ns          277608 1c0085dc 008005b3 add              x11, x0, x8         x11=f020e060  x8:f020e060
16164406ns          277609 1c0085de 0f8a8513 addi             x10, x21, 248       x10=1c0000f8 x21:1c000000
16164426ns          277610 1c0085e2 b7bff0ef jal              x1, -1158            x1=1c0085e4
16164465ns          277612 1c00815c 1c0027b7 lui              x15, 0x1c002000     x15=1c002000
16164485ns          277613 1c008160 c7478793 addi             x15, x15, -908      x15=1c001c74 x15:1c002000
16164505ns          277614 1c008164 0007a703 lw               x14, 0(x15)         x14=000000a7 x15:1c001c74  PA:1c001c74
16164804ns          277629 1c008166 00c006b3 add              x13, x0, x12        x13=f020e060 x12:f020e060
16164823ns          277630 1c008168 00170713 addi             x14, x14, 1         x14=000000a8 x14:000000a7
16164843ns          277631 1c00816a 00e7a023 sw               x14, 0(x15)         x14:000000a8 x15:1c001c74  PA:1c001c74
16165181ns          277648 1c00816c 02c58163 beq              x11, x12, 34        x11:f020e060 x12:f020e060
16165241ns          277651 1c00818e 00008067 jalr             x0, x1, 0            x1:1c0085e4
16165281ns          277653 1c0085e4 fe9a14e3 bne              x20, x9, -24        x20:1c001310  x9:1c001308
16165341ns          277656 1c0085cc 0044a78b p.lw             x15, 4(x9!)         x15=a9565282  x9=1c00130c  x9:1c001308  PA:1c001308
16165639ns          277671 1c0085d0 0049a70b p.lw             x14, 4(x19!)        x14=06060400 x19=1c001334 x19:1c001330  PA:1c001330
16165957ns          277687 1c0085d4 50e7d457 pv.sll.sc.b      x8, x15, x14         x8=a9565282 x15:a9565282 x14:00000000
16165977ns          277688 1c0085d8 0049260b p.lw             x12, 4(x18!)        x12=a9565282 x18=1c00135c x18:1c001358  PA:1c001358
16166275ns          277703 1c0085dc 008005b3 add              x11, x0, x8         x11=a9565282  x8:a9565282
16166295ns          277704 1c0085de 0f8a8513 addi             x10, x21, 248       x10=1c0000f8 x21:1c000000
16166315ns          277705 1c0085e2 b7bff0ef jal              x1, -1158            x1=1c0085e4
16166355ns          277707 1c00815c 1c0027b7 lui              x15, 0x1c002000     x15=1c002000
16166375ns          277708 1c008160 c7478793 addi             x15, x15, -908      x15=1c001c74 x15:1c002000
16166395ns          277709 1c008164 0007a703 lw               x14, 0(x15)         x14=000000a8 x15:1c001c74  PA:1c001c74
16166693ns          277724 1c008166 00c006b3 add              x13, x0, x12        x13=a9565282 x12:a9565282
16166713ns          277725 1c008168 00170713 addi             x14, x14, 1         x14=000000a9 x14:000000a8
16166733ns          277726 1c00816a 00e7a023 sw               x14, 0(x15)         x14:000000a9 x15:1c001c74  PA:1c001c74
16167051ns          277742 1c00816c 02c58163 beq              x11, x12, 34        x11:a9565282 x12:a9565282
16167111ns          277745 1c00818e 00008067 jalr             x0, x1, 0            x1:1c0085e4
16167151ns          277747 1c0085e4 fe9a14e3 bne              x20, x9, -24        x20:1c001310  x9:1c00130c
16167210ns          277750 1c0085cc 0044a78b p.lw             x15, 4(x9!)         x15=4c2a2e12  x9=1c001310  x9:1c00130c  PA:1c00130c
16167529ns          277766 1c0085d0 0049a70b p.lw             x14, 4(x19!)        x14=05020401 x19=1c001338 x19:1c001334  PA:1c001334
16167867ns          277783 1c0085d4 50e7d457 pv.sll.sc.b      x8, x15, x14         x8=98545c24 x15:4c2a2e12 x14:01010101
16167887ns          277784 1c0085d8 0049260b p.lw             x12, 4(x18!)        x12=98545c24 x18=1c001360 x18:1c00135c  PA:1c00135c
16168185ns          277799 1c0085dc 008005b3 add              x11, x0, x8         x11=98545c24  x8:98545c24
16168205ns          277800 1c0085de 0f8a8513 addi             x10, x21, 248       x10=1c0000f8 x21:1c000000
16168225ns          277801 1c0085e2 b7bff0ef jal              x1, -1158            x1=1c0085e4
16168265ns          277803 1c00815c 1c0027b7 lui              x15, 0x1c002000     x15=1c002000
16168284ns          277804 1c008160 c7478793 addi             x15, x15, -908      x15=1c001c74 x15:1c002000
16168304ns          277805 1c008164 0007a703 lw               x14, 0(x15)         x14=000000a9 x15:1c001c74  PA:1c001c74
16168603ns          277820 1c008166 00c006b3 add              x13, x0, x12        x13=98545c24 x12:98545c24
16168623ns          277821 1c008168 00170713 addi             x14, x14, 1         x14=000000aa x14:000000a9
16168642ns          277822 1c00816a 00e7a023 sw               x14, 0(x15)         x14:000000aa x15:1c001c74  PA:1c001c74
16168961ns          277838 1c00816c 02c58163 beq              x11, x12, 34        x11:98545c24 x12:98545c24
16169020ns          277841 1c00818e 00008067 jalr             x0, x1, 0            x1:1c0085e4
16169060ns          277843 1c0085e4 fe9a14e3 bne              x20, x9, -24        x20:1c001310  x9:1c001310
16169080ns          277844 1c0085e8 1c0014b7 lui              x9, 0x1c001000       x9=1c001000
16169100ns          277845 1c0085ec 36048493 addi             x9, x9, 864          x9=1c001360  x9:1c001000
16169538ns          277867 1c0085f0 1c001937 lui              x18, 0x1c001000     x18=1c001000
16169577ns          277869 1c0085f4 38890913 addi             x18, x18, 904       x18=1c001388 x18:1c001000
16169597ns          277870 1c0085f8 02848993 addi             x19, x9, 40         x19=1c001388  x9:1c001360
16169617ns          277871 1c0085fc 1c000a37 lui              x20, 0x1c000000     x20=1c000000
16170055ns          277893 1c008600 0044a78b p.lw             x15, 4(x9!)         x15=8ba0a901  x9=1c001364  x9:1c001360  PA:1c001360
16170373ns          277909 1c008604 5227f457 pv.sll.sci.b     x8, x15, 0x5         x8=60002020 x15:8ba0a901
16170393ns          277910 1c008608 0049260b p.lw             x12, 4(x18!)        x12=60002020 x18=1c00138c x18:1c001388  PA:1c001388
16170691ns          277925 1c00860c 008005b3 add              x11, x0, x8         x11=60002020  x8:60002020
16170711ns          277926 1c00860e 104a0513 addi             x10, x20, 260       x10=1c000104 x20:1c000000
16170731ns          277927 1c008612 b4bff0ef jal              x1, -1206            x1=1c008614
16170771ns          277929 1c00815c 1c0027b7 lui              x15, 0x1c002000     x15=1c002000
16170791ns          277930 1c008160 c7478793 addi             x15, x15, -908      x15=1c001c74 x15:1c002000
16170811ns          277931 1c008164 0007a703 lw               x14, 0(x15)         x14=000000aa x15:1c001c74  PA:1c001c74
16171109ns          277946 1c008166 00c006b3 add              x13, x0, x12        x13=60002020 x12:60002020
16171129ns          277947 1c008168 00170713 addi             x14, x14, 1         x14=000000ab x14:000000aa
16171149ns          277948 1c00816a 00e7a023 sw               x14, 0(x15)         x14:000000ab x15:1c001c74  PA:1c001c74
16171467ns          277964 1c00816c 02c58163 beq              x11, x12, 34        x11:60002020 x12:60002020
16171527ns          277967 1c00818e 00008067 jalr             x0, x1, 0            x1:1c008614
16171566ns          277969 1c008614 fe9996e3 bne              x19, x9, -20        x19:1c001388  x9:1c001364
16171626ns          277972 1c008600 0044a78b p.lw             x15, 4(x9!)         x15=83cae947  x9=1c001368  x9:1c001364  PA:1c001364
16171964ns          277989 1c008604 5227f457 pv.sll.sci.b     x8, x15, 0x5         x8=604020e0 x15:83cae947
16171984ns          277990 1c008608 0049260b p.lw             x12, 4(x18!)        x12=604020e0 x18=1c001390 x18:1c00138c  PA:1c00138c
16172282ns          278005 1c00860c 008005b3 add              x11, x0, x8         x11=604020e0  x8:604020e0
16172302ns          278006 1c00860e 104a0513 addi             x10, x20, 260       x10=1c000104 x20:1c000000
16172322ns          278007 1c008612 b4bff0ef jal              x1, -1206            x1=1c008614
16172362ns          278009 1c00815c 1c0027b7 lui              x15, 0x1c002000     x15=1c002000
16172382ns          278010 1c008160 c7478793 addi             x15, x15, -908      x15=1c001c74 x15:1c002000
16172402ns          278011 1c008164 0007a703 lw               x14, 0(x15)         x14=000000ab x15:1c001c74  PA:1c001c74
16172700ns          278026 1c008166 00c006b3 add              x13, x0, x12        x13=604020e0 x12:604020e0
16172720ns          278027 1c008168 00170713 addi             x14, x14, 1         x14=000000ac x14:000000ab
16172740ns          278028 1c00816a 00e7a023 sw               x14, 0(x15)         x14:000000ac x15:1c001c74  PA:1c001c74
16173058ns          278044 1c00816c 02c58163 beq              x11, x12, 34        x11:604020e0 x12:604020e0
16173118ns          278047 1c00818e 00008067 jalr             x0, x1, 0            x1:1c008614
16173158ns          278049 1c008614 fe9996e3 bne              x19, x9, -20        x19:1c001388  x9:1c001368
16173217ns          278052 1c008600 0044a78b p.lw             x15, 4(x9!)         x15=98f185c3  x9=1c00136c  x9:1c001368  PA:1c001368
16173536ns          278068 1c008604 5227f457 pv.sll.sci.b     x8, x15, 0x5         x8=0020a060 x15:98f185c3
16173555ns          278069 1c008608 0049260b p.lw             x12, 4(x18!)        x12=0020a060 x18=1c001394 x18:1c001390  PA:1c001390
16173874ns          278085 1c00860c 008005b3 add              x11, x0, x8         x11=0020a060  x8:0020a060
16173894ns          278086 1c00860e 104a0513 addi             x10, x20, 260       x10=1c000104 x20:1c000000
16173913ns          278087 1c008612 b4bff0ef jal              x1, -1206            x1=1c008614
16173953ns          278089 1c00815c 1c0027b7 lui              x15, 0x1c002000     x15=1c002000
16173973ns          278090 1c008160 c7478793 addi             x15, x15, -908      x15=1c001c74 x15:1c002000
16173993ns          278091 1c008164 0007a703 lw               x14, 0(x15)         x14=000000ac x15:1c001c74  PA:1c001c74
16174291ns          278106 1c008166 00c006b3 add              x13, x0, x12        x13=0020a060 x12:0020a060
16174311ns          278107 1c008168 00170713 addi             x14, x14, 1         x14=000000ad x14:000000ac
16174331ns          278108 1c00816a 00e7a023 sw               x14, 0(x15)         x14:000000ad x15:1c001c74  PA:1c001c74
16174649ns          278124 1c00816c 02c58163 beq              x11, x12, 34        x11:0020a060 x12:0020a060
16174709ns          278127 1c00818e 00008067 jalr             x0, x1, 0            x1:1c008614
16174749ns          278129 1c008614 fe9996e3 bne              x19, x9, -20        x19:1c001388  x9:1c00136c
16174809ns          278132 1c008600 0044a78b p.lw             x15, 4(x9!)         x15=e86ce8d5  x9=1c001370  x9:1c00136c  PA:1c00136c
16175127ns          278148 1c008604 5227f457 pv.sll.sci.b     x8, x15, 0x5         x8=008000a0 x15:e86ce8d5
16175147ns          278149 1c008608 0049260b p.lw             x12, 4(x18!)        x12=008000a0 x18=1c001398 x18:1c001394  PA:1c001394
16175445ns          278164 1c00860c 008005b3 add              x11, x0, x8         x11=008000a0  x8:008000a0
16175465ns          278165 1c00860e 104a0513 addi             x10, x20, 260       x10=1c000104 x20:1c000000
16175485ns          278166 1c008612 b4bff0ef jal              x1, -1206            x1=1c008614
16175525ns          278168 1c00815c 1c0027b7 lui              x15, 0x1c002000     x15=1c002000
16175545ns          278169 1c008160 c7478793 addi             x15, x15, -908      x15=1c001c74 x15:1c002000
16175564ns          278170 1c008164 0007a703 lw               x14, 0(x15)         x14=000000ad x15:1c001c74  PA:1c001c74
16175883ns          278186 1c008166 00c006b3 add              x13, x0, x12        x13=008000a0 x12:008000a0
16175903ns          278187 1c008168 00170713 addi             x14, x14, 1         x14=000000ae x14:000000ad
16175922ns          278188 1c00816a 00e7a023 sw               x14, 0(x15)         x14:000000ae x15:1c001c74  PA:1c001c74
16176241ns          278204 1c00816c 02c58163 beq              x11, x12, 34        x11:008000a0 x12:008000a0
16176300ns          278207 1c00818e 00008067 jalr             x0, x1, 0            x1:1c008614
16176340ns          278209 1c008614 fe9996e3 bne              x19, x9, -20        x19:1c001388  x9:1c001370
16176400ns          278212 1c008600 0044a78b p.lw             x15, 4(x9!)         x15=82bd7ea4  x9=1c001374  x9:1c001370  PA:1c001370
16176718ns          278228 1c008604 5227f457 pv.sll.sci.b     x8, x15, 0x5         x8=40a0c080 x15:82bd7ea4
16176738ns          278229 1c008608 0049260b p.lw             x12, 4(x18!)        x12=40a0c080 x18=1c00139c x18:1c001398  PA:1c001398
16177036ns          278244 1c00860c 008005b3 add              x11, x0, x8         x11=40a0c080  x8:40a0c080
16177056ns          278245 1c00860e 104a0513 addi             x10, x20, 260       x10=1c000104 x20:1c000000
16177076ns          278246 1c008612 b4bff0ef jal              x1, -1206            x1=1c008614
16177116ns          278248 1c00815c 1c0027b7 lui              x15, 0x1c002000     x15=1c002000
16177136ns          278249 1c008160 c7478793 addi             x15, x15, -908      x15=1c001c74 x15:1c002000
16177156ns          278250 1c008164 0007a703 lw               x14, 0(x15)         x14=000000ae x15:1c001c74  PA:1c001c74
16177454ns          278265 1c008166 00c006b3 add              x13, x0, x12        x13=40a0c080 x12:40a0c080
16177474ns          278266 1c008168 00170713 addi             x14, x14, 1         x14=000000af x14:000000ae
16177494ns          278267 1c00816a 00e7a023 sw               x14, 0(x15)         x14:000000af x15:1c001c74  PA:1c001c74
16177832ns          278284 1c00816c 02c58163 beq              x11, x12, 34        x11:40a0c080 x12:40a0c080
16177892ns          278287 1c00818e 00008067 jalr             x0, x1, 0            x1:1c008614
16177931ns          278289 1c008614 fe9996e3 bne              x19, x9, -20        x19:1c001388  x9:1c001374
16177991ns          278292 1c008600 0044a78b p.lw             x15, 4(x9!)         x15=d3d94034  x9=1c001378  x9:1c001374  PA:1c001374
16178309ns          278308 1c008604 5227f457 pv.sll.sci.b     x8, x15, 0x5         x8=60200080 x15:d3d94034
16178329ns          278309 1c008608 0049260b p.lw             x12, 4(x18!)        x12=60200080 x18=1c0013a0 x18:1c00139c  PA:1c00139c
16178628ns          278324 1c00860c 008005b3 add              x11, x0, x8         x11=60200080  x8:60200080
16178647ns          278325 1c00860e 104a0513 addi             x10, x20, 260       x10=1c000104 x20:1c000000
16178667ns          278326 1c008612 b4bff0ef jal              x1, -1206            x1=1c008614
16178707ns          278328 1c00815c 1c0027b7 lui              x15, 0x1c002000     x15=1c002000
16178727ns          278329 1c008160 c7478793 addi             x15, x15, -908      x15=1c001c74 x15:1c002000
16178747ns          278330 1c008164 0007a703 lw               x14, 0(x15)         x14=000000af x15:1c001c74  PA:1c001c74
16179045ns          278345 1c008166 00c006b3 add              x13, x0, x12        x13=60200080 x12:60200080
16179065ns          278346 1c008168 00170713 addi             x14, x14, 1         x14=000000b0 x14:000000af
16179085ns          278347 1c00816a 00e7a023 sw               x14, 0(x15)         x14:000000b0 x15:1c001c74  PA:1c001c74
16179403ns          278363 1c00816c 02c58163 beq              x11, x12, 34        x11:60200080 x12:60200080
16179463ns          278366 1c00818e 00008067 jalr             x0, x1, 0            x1:1c008614
16179503ns          278368 1c008614 fe9996e3 bne              x19, x9, -20        x19:1c001388  x9:1c001378
16179562ns          278371 1c008600 0044a78b p.lw             x15, 4(x9!)         x15=ee4933c6  x9=1c00137c  x9:1c001378  PA:1c001378
16179901ns          278388 1c008604 5227f457 pv.sll.sci.b     x8, x15, 0x5         x8=c02060c0 x15:ee4933c6
16179920ns          278389 1c008608 0049260b p.lw             x12, 4(x18!)        x12=c02060c0 x18=1c0013a4 x18:1c0013a0  PA:1c0013a0
16180239ns          278405 1c00860c 008005b3 add              x11, x0, x8         x11=c02060c0  x8:c02060c0
16180259ns          278406 1c00860e 104a0513 addi             x10, x20, 260       x10=1c000104 x20:1c000000
16180279ns          278407 1c008612 b4bff0ef jal              x1, -1206            x1=1c008614
16180318ns          278409 1c00815c 1c0027b7 lui              x15, 0x1c002000     x15=1c002000
16180338ns          278410 1c008160 c7478793 addi             x15, x15, -908      x15=1c001c74 x15:1c002000
16180358ns          278411 1c008164 0007a703 lw               x14, 0(x15)         x14=000000b0 x15:1c001c74  PA:1c001c74
16180656ns          278426 1c008166 00c006b3 add              x13, x0, x12        x13=c02060c0 x12:c02060c0
16180676ns          278427 1c008168 00170713 addi             x14, x14, 1         x14=000000b1 x14:000000b0
16180696ns          278428 1c00816a 00e7a023 sw               x14, 0(x15)         x14:000000b1 x15:1c001c74  PA:1c001c74
16181014ns          278444 1c00816c 02c58163 beq              x11, x12, 34        x11:c02060c0 x12:c02060c0
16181074ns          278447 1c00818e 00008067 jalr             x0, x1, 0            x1:1c008614
16181114ns          278449 1c008614 fe9996e3 bne              x19, x9, -20        x19:1c001388  x9:1c00137c
16181174ns          278452 1c008600 0044a78b p.lw             x15, 4(x9!)         x15=b60b5a79  x9=1c001380  x9:1c00137c  PA:1c00137c
16181492ns          278468 1c008604 5227f457 pv.sll.sci.b     x8, x15, 0x5         x8=c0604020 x15:b60b5a79
16181512ns          278469 1c008608 0049260b p.lw             x12, 4(x18!)        x12=c0604020 x18=1c0013a8 x18:1c0013a4  PA:1c0013a4
16181810ns          278484 1c00860c 008005b3 add              x11, x0, x8         x11=c0604020  x8:c0604020
16181830ns          278485 1c00860e 104a0513 addi             x10, x20, 260       x10=1c000104 x20:1c000000
16181850ns          278486 1c008612 b4bff0ef jal              x1, -1206            x1=1c008614
16181890ns          278488 1c00815c 1c0027b7 lui              x15, 0x1c002000     x15=1c002000
16181910ns          278489 1c008160 c7478793 addi             x15, x15, -908      x15=1c001c74 x15:1c002000
16181929ns          278490 1c008164 0007a703 lw               x14, 0(x15)         x14=000000b1 x15:1c001c74  PA:1c001c74
16182228ns          278505 1c008166 00c006b3 add              x13, x0, x12        x13=c0604020 x12:c0604020
16182248ns          278506 1c008168 00170713 addi             x14, x14, 1         x14=000000b2 x14:000000b1
16182268ns          278507 1c00816a 00e7a023 sw               x14, 0(x15)         x14:000000b2 x15:1c001c74  PA:1c001c74
16182606ns          278524 1c00816c 02c58163 beq              x11, x12, 34        x11:c0604020 x12:c0604020
16182665ns          278527 1c00818e 00008067 jalr             x0, x1, 0            x1:1c008614
16182705ns          278529 1c008614 fe9996e3 bne              x19, x9, -20        x19:1c001388  x9:1c001380
16182765ns          278532 1c008600 0044a78b p.lw             x15, 4(x9!)         x15=09573bb1  x9=1c001384  x9:1c001380  PA:1c001380
16183083ns          278548 1c008604 5227f457 pv.sll.sci.b     x8, x15, 0x5         x8=20e06020 x15:09573bb1
16183103ns          278549 1c008608 0049260b p.lw             x12, 4(x18!)        x12=20e06020 x18=1c0013ac x18:1c0013a8  PA:1c0013a8
16183401ns          278564 1c00860c 008005b3 add              x11, x0, x8         x11=20e06020  x8:20e06020
16183421ns          278565 1c00860e 104a0513 addi             x10, x20, 260       x10=1c000104 x20:1c000000
16183441ns          278566 1c008612 b4bff0ef jal              x1, -1206            x1=1c008614
16183481ns          278568 1c00815c 1c0027b7 lui              x15, 0x1c002000     x15=1c002000
16183501ns          278569 1c008160 c7478793 addi             x15, x15, -908      x15=1c001c74 x15:1c002000
16183521ns          278570 1c008164 0007a703 lw               x14, 0(x15)         x14=000000b2 x15:1c001c74  PA:1c001c74
16183839ns          278586 1c008166 00c006b3 add              x13, x0, x12        x13=20e06020 x12:20e06020
16183859ns          278587 1c008168 00170713 addi             x14, x14, 1         x14=000000b3 x14:000000b2
16183879ns          278588 1c00816a 00e7a023 sw               x14, 0(x15)         x14:000000b3 x15:1c001c74  PA:1c001c74
16184197ns          278604 1c00816c 02c58163 beq              x11, x12, 34        x11:20e06020 x12:20e06020
16184257ns          278607 1c00818e 00008067 jalr             x0, x1, 0            x1:1c008614
16184296ns          278609 1c008614 fe9996e3 bne              x19, x9, -20        x19:1c001388  x9:1c001384
16184356ns          278612 1c008600 0044a78b p.lw             x15, 4(x9!)         x15=8ea31dc6  x9=1c001388  x9:1c001384  PA:1c001384
16184674ns          278628 1c008604 5227f457 pv.sll.sci.b     x8, x15, 0x5         x8=c060a0c0 x15:8ea31dc6
16184694ns          278629 1c008608 0049260b p.lw             x12, 4(x18!)        x12=c060a0c0 x18=1c0013b0 x18:1c0013ac  PA:1c0013ac
16184993ns          278644 1c00860c 008005b3 add              x11, x0, x8         x11=c060a0c0  x8:c060a0c0
16185013ns          278645 1c00860e 104a0513 addi             x10, x20, 260       x10=1c000104 x20:1c000000
16185032ns          278646 1c008612 b4bff0ef jal              x1, -1206            x1=1c008614
16185072ns          278648 1c00815c 1c0027b7 lui              x15, 0x1c002000     x15=1c002000
16185092ns          278649 1c008160 c7478793 addi             x15, x15, -908      x15=1c001c74 x15:1c002000
16185112ns          278650 1c008164 0007a703 lw               x14, 0(x15)         x14=000000b3 x15:1c001c74  PA:1c001c74
16185410ns          278665 1c008166 00c006b3 add              x13, x0, x12        x13=c060a0c0 x12:c060a0c0
16185430ns          278666 1c008168 00170713 addi             x14, x14, 1         x14=000000b4 x14:000000b3
16185450ns          278667 1c00816a 00e7a023 sw               x14, 0(x15)         x14:000000b4 x15:1c001c74  PA:1c001c74
16185768ns          278683 1c00816c 02c58163 beq              x11, x12, 34        x11:c060a0c0 x12:c060a0c0
16185828ns          278686 1c00818e 00008067 jalr             x0, x1, 0            x1:1c008614
16185868ns          278688 1c008614 fe9996e3 bne              x19, x9, -20        x19:1c001388  x9:1c001388
16185888ns          278689 1c008618 01c12083 lw               x1, 28(x2)           x1=1c008c44  x2:100007c8  PA:100007e4
16185908ns          278690 1c00861a 01812403 lw               x8, 24(x2)           x8=00000000  x2:100007c8  PA:100007e0
16185927ns          278691 1c00861c 01412483 lw               x9, 20(x2)           x9=xxxxxxxx  x2:100007c8  PA:100007dc
16185947ns          278692 1c00861e 01012903 lw               x18, 16(x2)         x18=xxxxxxxx  x2:100007c8  PA:100007d8
16186345ns          278712 1c008620 00c12983 lw               x19, 12(x2)         x19=xxxxxxxx  x2:100007c8  PA:100007d4
16186365ns          278713 1c008622 00812a03 lw               x20, 8(x2)          x20=xxxxxxxx  x2:100007c8  PA:100007d0
16186385ns          278714 1c008624 00412a83 lw               x21, 4(x2)          x21=xxxxxxxx  x2:100007c8  PA:100007cc
16186405ns          278715 1c008626 02010113 addi             x2, x2, 32           x2=100007e8  x2:100007c8
16186425ns          278716 1c008628 00008067 jalr             x0, x1, 0            x1:1c008c44
16186902ns          278740 1c008c44 9e7ff0ef jal              x1, -1562            x1=1c008c46
16186942ns          278742 1c00862a fe010113 addi             x2, x2, -32          x2=100007c8  x2:100007e8
16186962ns          278743 1c00862c 00912a23 sw               x9, 20(x2)           x9:xxxxxxxx  x2:100007c8  PA:100007dc
16186982ns          278744 1c00862e 1c0014b7 lui              x9, 0x1c001000       x9=1c001000
16187002ns          278745 1c008632 01212823 sw               x18, 16(x2)         x18:xxxxxxxx  x2:100007c8  PA:100007d8
16187021ns          278746 1c008634 01312623 sw               x19, 12(x2)         x19:xxxxxxxx  x2:100007c8  PA:100007d4
16187041ns          278747 1c008636 13048493 addi             x9, x9, 304          x9=1c001130  x9:1c001000
16187061ns          278748 1c00863a 1c0019b7 lui              x19, 0x1c001000     x19=1c001000
16187479ns          278769 1c00863e 1c001937 lui              x18, 0x1c001000     x18=1c001000
16187499ns          278770 1c008642 01412423 sw               x20, 8(x2)          x20:xxxxxxxx  x2:100007c8  PA:100007d0
16187519ns          278771 1c008644 01512223 sw               x21, 4(x2)          x21:xxxxxxxx  x2:100007c8  PA:100007cc
16187539ns          278772 1c008646 00112e23 sw               x1, 28(x2)           x1:1c008c46  x2:100007c8  PA:100007e4
16187559ns          278773 1c008648 00812c23 sw               x8, 24(x2)           x8:00000000  x2:100007c8  PA:100007e0
16187578ns          278774 1c00864a 15898993 addi             x19, x19, 344       x19=1c001158 x19:1c001000
16188016ns          278796 1c00864e 18090913 addi             x18, x18, 384       x18=1c001180 x18:1c001000
16188056ns          278798 1c008652 02848a13 addi             x20, x9, 40         x20=1c001158  x9:1c001130
16188076ns          278799 1c008656 1c000ab7 lui              x21, 0x1c000000     x21=1c000000
16188096ns          278800 1c00865a 0044a78b p.lw             x15, 4(x9!)         x15=9e678370  x9=1c001134  x9:1c001130  PA:1c001130
16188553ns          278823 1c00865e 0049a70b p.lw             x14, 4(x19!)        x14=418eb1f3 x19=1c00115c x19:1c001158  PA:1c001158
16188871ns          278839 1c008662 58e78457 pv.or.h          x8, x15, x14         x8=dfefb3f3 x15:9e678370 x14:418eb1f3
16188891ns          278840 1c008666 0049260b p.lw             x12, 4(x18!)        x12=dfefb3f3 x18=1c001184 x18:1c001180  PA:1c001180
16189209ns          278856 1c00866a 008005b3 add              x11, x0, x8         x11=dfefb3f3  x8:dfefb3f3
16189229ns          278857 1c00866c 084a8513 addi             x10, x21, 132       x10=1c000084 x21:1c000000
16189249ns          278858 1c008670 aedff0ef jal              x1, -1300            x1=1c008672
16189329ns          278862 1c00815c 1c0027b7 lui              x15, 0x1c002000     x15=1c002000
16189369ns          278864 1c008160 c7478793 addi             x15, x15, -908      x15=1c001c74 x15:1c002000
16189388ns          278865 1c008164 0007a703 lw               x14, 0(x15)         x14=000000b4 x15:1c001c74  PA:1c001c74
16189687ns          278880 1c008166 00c006b3 add              x13, x0, x12        x13=dfefb3f3 x12:dfefb3f3
16189707ns          278881 1c008168 00170713 addi             x14, x14, 1         x14=000000b5 x14:000000b4
16189727ns          278882 1c00816a 00e7a023 sw               x14, 0(x15)         x14:000000b5 x15:1c001c74  PA:1c001c74
16190045ns          278898 1c00816c 02c58163 beq              x11, x12, 34        x11:dfefb3f3 x12:dfefb3f3
16190105ns          278901 1c00818e 00008067 jalr             x0, x1, 0            x1:1c008672
16190164ns          278904 1c008672 ff4494e3 bne              x9, x20, -24         x9:1c001134 x20:1c001158
16190303ns          278911 1c00865a 0044a78b p.lw             x15, 4(x9!)         x15=727d5079  x9=1c001138  x9:1c001134  PA:1c001134
16190602ns          278926 1c00865e 0049a70b p.lw             x14, 4(x19!)        x14=7c968d05 x19=1c001160 x19:1c00115c  PA:1c00115c
16190920ns          278942 1c008662 58e78457 pv.or.h          x8, x15, x14         x8=7effdd7d x15:727d5079 x14:7c968d05
16190940ns          278943 1c008666 0049260b p.lw             x12, 4(x18!)        x12=7effdd7d x18=1c001188 x18:1c001184  PA:1c001184
16191238ns          278958 1c00866a 008005b3 add              x11, x0, x8         x11=7effdd7d  x8:7effdd7d
16191258ns          278959 1c00866c 084a8513 addi             x10, x21, 132       x10=1c000084 x21:1c000000
16191278ns          278960 1c008670 aedff0ef jal              x1, -1300            x1=1c008672
16191318ns          278962 1c00815c 1c0027b7 lui              x15, 0x1c002000     x15=1c002000
16191338ns          278963 1c008160 c7478793 addi             x15, x15, -908      x15=1c001c74 x15:1c002000
16191358ns          278964 1c008164 0007a703 lw               x14, 0(x15)         x14=000000b5 x15:1c001c74  PA:1c001c74
16191656ns          278979 1c008166 00c006b3 add              x13, x0, x12        x13=7effdd7d x12:7effdd7d
16191676ns          278980 1c008168 00170713 addi             x14, x14, 1         x14=000000b6 x14:000000b5
16191696ns          278981 1c00816a 00e7a023 sw               x14, 0(x15)         x14:000000b6 x15:1c001c74  PA:1c001c74
16192014ns          278997 1c00816c 02c58163 beq              x11, x12, 34        x11:7effdd7d x12:7effdd7d
16192074ns          279000 1c00818e 00008067 jalr             x0, x1, 0            x1:1c008672
16192133ns          279003 1c008672 ff4494e3 bne              x9, x20, -24         x9:1c001138 x20:1c001158
16192213ns          279007 1c00865a 0044a78b p.lw             x15, 4(x9!)         x15=4baea991  x9=1c00113c  x9:1c001138  PA:1c001138
16192511ns          279022 1c00865e 0049a70b p.lw             x14, 4(x19!)        x14=1604efd9 x19=1c001164 x19:1c001160  PA:1c001160
16192830ns          279038 1c008662 58e78457 pv.or.h          x8, x15, x14         x8=5faeefd9 x15:4baea991 x14:1604efd9
16192849ns          279039 1c008666 0049260b p.lw             x12, 4(x18!)        x12=5faeefd9 x18=1c00118c x18:1c001188  PA:1c001188
16193168ns          279055 1c00866a 008005b3 add              x11, x0, x8         x11=5faeefd9  x8:5faeefd9
16193188ns          279056 1c00866c 084a8513 addi             x10, x21, 132       x10=1c000084 x21:1c000000
16193208ns          279057 1c008670 aedff0ef jal              x1, -1300            x1=1c008672
16193247ns          279059 1c00815c 1c0027b7 lui              x15, 0x1c002000     x15=1c002000
16193267ns          279060 1c008160 c7478793 addi             x15, x15, -908      x15=1c001c74 x15:1c002000
16193287ns          279061 1c008164 0007a703 lw               x14, 0(x15)         x14=000000b6 x15:1c001c74  PA:1c001c74
16193585ns          279076 1c008166 00c006b3 add              x13, x0, x12        x13=5faeefd9 x12:5faeefd9
16193605ns          279077 1c008168 00170713 addi             x14, x14, 1         x14=000000b7 x14:000000b6
16193625ns          279078 1c00816a 00e7a023 sw               x14, 0(x15)         x14:000000b7 x15:1c001c74  PA:1c001c74
16193943ns          279094 1c00816c 02c58163 beq              x11, x12, 34        x11:5faeefd9 x12:5faeefd9
16194003ns          279097 1c00818e 00008067 jalr             x0, x1, 0            x1:1c008672
16194063ns          279100 1c008672 ff4494e3 bne              x9, x20, -24         x9:1c00113c x20:1c001158
16194142ns          279104 1c00865a 0044a78b p.lw             x15, 4(x9!)         x15=70abc95c  x9=1c001140  x9:1c00113c  PA:1c00113c
16194481ns          279121 1c00865e 0049a70b p.lw             x14, 4(x19!)        x14=eaf8c3e7 x19=1c001168 x19:1c001164  PA:1c001164
16194799ns          279137 1c008662 58e78457 pv.or.h          x8, x15, x14         x8=fafbcbff x15:70abc95c x14:eaf8c3e7
16194819ns          279138 1c008666 0049260b p.lw             x12, 4(x18!)        x12=fafbcbff x18=1c001190 x18:1c00118c  PA:1c00118c
16195117ns          279153 1c00866a 008005b3 add              x11, x0, x8         x11=fafbcbff  x8:fafbcbff
16195137ns          279154 1c00866c 084a8513 addi             x10, x21, 132       x10=1c000084 x21:1c000000
16195157ns          279155 1c008670 aedff0ef jal              x1, -1300            x1=1c008672
16195197ns          279157 1c00815c 1c0027b7 lui              x15, 0x1c002000     x15=1c002000
16195216ns          279158 1c008160 c7478793 addi             x15, x15, -908      x15=1c001c74 x15:1c002000
16195236ns          279159 1c008164 0007a703 lw               x14, 0(x15)         x14=000000b7 x15:1c001c74  PA:1c001c74
16195535ns          279174 1c008166 00c006b3 add              x13, x0, x12        x13=fafbcbff x12:fafbcbff
16195555ns          279175 1c008168 00170713 addi             x14, x14, 1         x14=000000b8 x14:000000b7
16195575ns          279176 1c00816a 00e7a023 sw               x14, 0(x15)         x14:000000b8 x15:1c001c74  PA:1c001c74
16195913ns          279193 1c00816c 02c58163 beq              x11, x12, 34        x11:fafbcbff x12:fafbcbff
16195972ns          279196 1c00818e 00008067 jalr             x0, x1, 0            x1:1c008672
16196032ns          279199 1c008672 ff4494e3 bne              x9, x20, -24         x9:1c001140 x20:1c001158
16196112ns          279203 1c00865a 0044a78b p.lw             x15, 4(x9!)         x15=db180509  x9=1c001144  x9:1c001140  PA:1c001140
16196410ns          279218 1c00865e 0049a70b p.lw             x14, 4(x19!)        x14=f17acff6 x19=1c00116c x19:1c001168  PA:1c001168
16196748ns          279235 1c008662 58e78457 pv.or.h          x8, x15, x14         x8=fb7acfff x15:db180509 x14:f17acff6
16196768ns          279236 1c008666 0049260b p.lw             x12, 4(x18!)        x12=fb7acfff x18=1c001194 x18:1c001190  PA:1c001190
16197066ns          279251 1c00866a 008005b3 add              x11, x0, x8         x11=fb7acfff  x8:fb7acfff
16197086ns          279252 1c00866c 084a8513 addi             x10, x21, 132       x10=1c000084 x21:1c000000
16197106ns          279253 1c008670 aedff0ef jal              x1, -1300            x1=1c008672
16197146ns          279255 1c00815c 1c0027b7 lui              x15, 0x1c002000     x15=1c002000
16197166ns          279256 1c008160 c7478793 addi             x15, x15, -908      x15=1c001c74 x15:1c002000
16197186ns          279257 1c008164 0007a703 lw               x14, 0(x15)         x14=000000b8 x15:1c001c74  PA:1c001c74
16197484ns          279272 1c008166 00c006b3 add              x13, x0, x12        x13=fb7acfff x12:fb7acfff
16197504ns          279273 1c008168 00170713 addi             x14, x14, 1         x14=000000b9 x14:000000b8
16197524ns          279274 1c00816a 00e7a023 sw               x14, 0(x15)         x14:000000b9 x15:1c001c74  PA:1c001c74
16197862ns          279291 1c00816c 02c58163 beq              x11, x12, 34        x11:fb7acfff x12:fb7acfff
16197922ns          279294 1c00818e 00008067 jalr             x0, x1, 0            x1:1c008672
16197981ns          279297 1c008672 ff4494e3 bne              x9, x20, -24         x9:1c001144 x20:1c001158
16198061ns          279301 1c00865a 0044a78b p.lw             x15, 4(x9!)         x15=5163c08c  x9=1c001148  x9:1c001144  PA:1c001144
16198359ns          279316 1c00865e 0049a70b p.lw             x14, 4(x19!)        x14=f77d35ee x19=1c001170 x19:1c00116c  PA:1c00116c
16198677ns          279332 1c008662 58e78457 pv.or.h          x8, x15, x14         x8=f77ff5ee x15:5163c08c x14:f77d35ee
16198697ns          279333 1c008666 0049260b p.lw             x12, 4(x18!)        x12=f77ff5ee x18=1c001198 x18:1c001194  PA:1c001194
16198996ns          279348 1c00866a 008005b3 add              x11, x0, x8         x11=f77ff5ee  x8:f77ff5ee
16199016ns          279349 1c00866c 084a8513 addi             x10, x21, 132       x10=1c000084 x21:1c000000
16199035ns          279350 1c008670 aedff0ef jal              x1, -1300            x1=1c008672
16199075ns          279352 1c00815c 1c0027b7 lui              x15, 0x1c002000     x15=1c002000
16199095ns          279353 1c008160 c7478793 addi             x15, x15, -908      x15=1c001c74 x15:1c002000
16199115ns          279354 1c008164 0007a703 lw               x14, 0(x15)         x14=000000b9 x15:1c001c74  PA:1c001c74
16199413ns          279369 1c008166 00c006b3 add              x13, x0, x12        x13=f77ff5ee x12:f77ff5ee
16199433ns          279370 1c008168 00170713 addi             x14, x14, 1         x14=000000ba x14:000000b9
16199453ns          279371 1c00816a 00e7a023 sw               x14, 0(x15)         x14:000000ba x15:1c001c74  PA:1c001c74
16199791ns          279388 1c00816c 02c58163 beq              x11, x12, 34        x11:f77ff5ee x12:f77ff5ee
16199851ns          279391 1c00818e 00008067 jalr             x0, x1, 0            x1:1c008672
16199911ns          279394 1c008672 ff4494e3 bne              x9, x20, -24         x9:1c001148 x20:1c001158
16199990ns          279398 1c00865a 0044a78b p.lw             x15, 4(x9!)         x15=b7163996  x9=1c00114c  x9:1c001148  PA:1c001148
16200289ns          279413 1c00865e 0049a70b p.lw             x14, 4(x19!)        x14=e3bf3557 x19=1c001174 x19:1c001170  PA:1c001170
16200607ns          279429 1c008662 58e78457 pv.or.h          x8, x15, x14         x8=f7bf3dd7 x15:b7163996 x14:e3bf3557
16200627ns          279430 1c008666 0049260b p.lw             x12, 4(x18!)        x12=f7bf3dd7 x18=1c00119c x18:1c001198  PA:1c001198
16200925ns          279445 1c00866a 008005b3 add              x11, x0, x8         x11=f7bf3dd7  x8:f7bf3dd7
16200945ns          279446 1c00866c 084a8513 addi             x10, x21, 132       x10=1c000084 x21:1c000000
16200965ns          279447 1c008670 aedff0ef jal              x1, -1300            x1=1c008672
16201005ns          279449 1c00815c 1c0027b7 lui              x15, 0x1c002000     x15=1c002000
16201025ns          279450 1c008160 c7478793 addi             x15, x15, -908      x15=1c001c74 x15:1c002000
16201044ns          279451 1c008164 0007a703 lw               x14, 0(x15)         x14=000000ba x15:1c001c74  PA:1c001c74
16201343ns          279466 1c008166 00c006b3 add              x13, x0, x12        x13=f7bf3dd7 x12:f7bf3dd7
16201363ns          279467 1c008168 00170713 addi             x14, x14, 1         x14=000000bb x14:000000ba
16201383ns          279468 1c00816a 00e7a023 sw               x14, 0(x15)         x14:000000bb x15:1c001c74  PA:1c001c74
16201701ns          279484 1c00816c 02c58163 beq              x11, x12, 34        x11:f7bf3dd7 x12:f7bf3dd7
16201761ns          279487 1c00818e 00008067 jalr             x0, x1, 0            x1:1c008672
16201820ns          279490 1c008672 ff4494e3 bne              x9, x20, -24         x9:1c00114c x20:1c001158
16201900ns          279494 1c00865a 0044a78b p.lw             x15, 4(x9!)         x15=1eaec765  x9=1c001150  x9:1c00114c  PA:1c00114c
16202198ns          279509 1c00865e 0049a70b p.lw             x14, 4(x19!)        x14=fbab56c8 x19=1c001178 x19:1c001174  PA:1c001174
16202556ns          279527 1c008662 58e78457 pv.or.h          x8, x15, x14         x8=ffafd7ed x15:1eaec765 x14:fbab56c8
16202576ns          279528 1c008666 0049260b p.lw             x12, 4(x18!)        x12=ffafd7ed x18=1c0011a0 x18:1c00119c  PA:1c00119c
16202874ns          279543 1c00866a 008005b3 add              x11, x0, x8         x11=ffafd7ed  x8:ffafd7ed
16202894ns          279544 1c00866c 084a8513 addi             x10, x21, 132       x10=1c000084 x21:1c000000
16202914ns          279545 1c008670 aedff0ef jal              x1, -1300            x1=1c008672
16202954ns          279547 1c00815c 1c0027b7 lui              x15, 0x1c002000     x15=1c002000
16202974ns          279548 1c008160 c7478793 addi             x15, x15, -908      x15=1c001c74 x15:1c002000
16202994ns          279549 1c008164 0007a703 lw               x14, 0(x15)         x14=000000bb x15:1c001c74  PA:1c001c74
16203292ns          279564 1c008166 00c006b3 add              x13, x0, x12        x13=ffafd7ed x12:ffafd7ed
16203312ns          279565 1c008168 00170713 addi             x14, x14, 1         x14=000000bc x14:000000bb
16203332ns          279566 1c00816a 00e7a023 sw               x14, 0(x15)         x14:000000bc x15:1c001c74  PA:1c001c74
16203650ns          279582 1c00816c 02c58163 beq              x11, x12, 34        x11:ffafd7ed x12:ffafd7ed
16203710ns          279585 1c00818e 00008067 jalr             x0, x1, 0            x1:1c008672
16203769ns          279588 1c008672 ff4494e3 bne              x9, x20, -24         x9:1c001150 x20:1c001158
16203849ns          279592 1c00865a 0044a78b p.lw             x15, 4(x9!)         x15=b102c3f5  x9=1c001154  x9:1c001150  PA:1c001150
16204147ns          279607 1c00865e 0049a70b p.lw             x14, 4(x19!)        x14=fa1d1efb x19=1c00117c x19:1c001178  PA:1c001178
16204466ns          279623 1c008662 58e78457 pv.or.h          x8, x15, x14         x8=fb1fdfff x15:b102c3f5 x14:fa1d1efb
16204486ns          279624 1c008666 0049260b p.lw             x12, 4(x18!)        x12=fb1fdfff x18=1c0011a4 x18:1c0011a0  PA:1c0011a0
16204784ns          279639 1c00866a 008005b3 add              x11, x0, x8         x11=fb1fdfff  x8:fb1fdfff
16204804ns          279640 1c00866c 084a8513 addi             x10, x21, 132       x10=1c000084 x21:1c000000
16204824ns          279641 1c008670 aedff0ef jal              x1, -1300            x1=1c008672
16204863ns          279643 1c00815c 1c0027b7 lui              x15, 0x1c002000     x15=1c002000
16204883ns          279644 1c008160 c7478793 addi             x15, x15, -908      x15=1c001c74 x15:1c002000
16204903ns          279645 1c008164 0007a703 lw               x14, 0(x15)         x14=000000bc x15:1c001c74  PA:1c001c74
16205222ns          279661 1c008166 00c006b3 add              x13, x0, x12        x13=fb1fdfff x12:fb1fdfff
16205241ns          279662 1c008168 00170713 addi             x14, x14, 1         x14=000000bd x14:000000bc
16205261ns          279663 1c00816a 00e7a023 sw               x14, 0(x15)         x14:000000bd x15:1c001c74  PA:1c001c74
16205580ns          279679 1c00816c 02c58163 beq              x11, x12, 34        x11:fb1fdfff x12:fb1fdfff
16205639ns          279682 1c00818e 00008067 jalr             x0, x1, 0            x1:1c008672
16205699ns          279685 1c008672 ff4494e3 bne              x9, x20, -24         x9:1c001154 x20:1c001158
16205778ns          279689 1c00865a 0044a78b p.lw             x15, 4(x9!)         x15=ed514974  x9=1c001158  x9:1c001154  PA:1c001154
16206077ns          279704 1c00865e 0049a70b p.lw             x14, 4(x19!)        x14=99fad4c7 x19=1c001180 x19:1c00117c  PA:1c00117c
16206395ns          279720 1c008662 58e78457 pv.or.h          x8, x15, x14         x8=fdfbddf7 x15:ed514974 x14:99fad4c7
16206415ns          279721 1c008666 0049260b p.lw             x12, 4(x18!)        x12=fdfbddf7 x18=1c0011a8 x18:1c0011a4  PA:1c0011a4
16206713ns          279736 1c00866a 008005b3 add              x11, x0, x8         x11=fdfbddf7  x8:fdfbddf7
16206733ns          279737 1c00866c 084a8513 addi             x10, x21, 132       x10=1c000084 x21:1c000000
16206753ns          279738 1c008670 aedff0ef jal              x1, -1300            x1=1c008672
16206793ns          279740 1c00815c 1c0027b7 lui              x15, 0x1c002000     x15=1c002000
16206813ns          279741 1c008160 c7478793 addi             x15, x15, -908      x15=1c001c74 x15:1c002000
16206833ns          279742 1c008164 0007a703 lw               x14, 0(x15)         x14=000000bd x15:1c001c74  PA:1c001c74
16207131ns          279757 1c008166 00c006b3 add              x13, x0, x12        x13=fdfbddf7 x12:fdfbddf7
16207151ns          279758 1c008168 00170713 addi             x14, x14, 1         x14=000000be x14:000000bd
16207171ns          279759 1c00816a 00e7a023 sw               x14, 0(x15)         x14:000000be x15:1c001c74  PA:1c001c74
16207489ns          279775 1c00816c 02c58163 beq              x11, x12, 34        x11:fdfbddf7 x12:fdfbddf7
16207549ns          279778 1c00818e 00008067 jalr             x0, x1, 0            x1:1c008672
16207608ns          279781 1c008672 ff4494e3 bne              x9, x20, -24         x9:1c001158 x20:1c001158
16207628ns          279782 1c008676 1c0014b7 lui              x9, 0x1c001000       x9=1c001000
16207648ns          279783 1c00867a 1a848493 addi             x9, x9, 424          x9=1c0011a8  x9:1c001000
16208086ns          279805 1c00867e 1c0019b7 lui              x19, 0x1c001000     x19=1c001000
16208126ns          279807 1c008682 1c001937 lui              x18, 0x1c001000     x18=1c001000
16208145ns          279808 1c008686 1d098993 addi             x19, x19, 464       x19=1c0011d0 x19:1c001000
16208165ns          279809 1c00868a 1f890913 addi             x18, x18, 504       x18=1c0011f8 x18:1c001000
16208603ns          279831 1c00868e 02848a13 addi             x20, x9, 40         x20=1c0011d0  x9:1c0011a8
16208643ns          279833 1c008692 1c000ab7 lui              x21, 0x1c000000     x21=1c000000
16208663ns          279834 1c008696 0044a78b p.lw             x15, 4(x9!)         x15=5782c951  x9=1c0011ac  x9:1c0011a8  PA:1c0011a8
16208961ns          279849 1c00869a 0049a70b p.lw             x14, 4(x19!)        x14=886d2fb0 x19=1c0011d4 x19:1c0011d0  PA:1c0011d0
16209279ns          279865 1c00869e 58e7c457 pv.or.sc.h       x8, x15, x14         x8=7fb2eff1 x15:5782c951 x14:2fb02fb0
16209299ns          279866 1c0086a2 0049260b p.lw             x12, 4(x18!)        x12=7fb2eff1 x18=1c0011fc x18:1c0011f8  PA:1c0011f8
16209597ns          279881 1c0086a6 008005b3 add              x11, x0, x8         x11=7fb2eff1  x8:7fb2eff1
16209617ns          279882 1c0086a8 08ca8513 addi             x10, x21, 140       x10=1c00008c x21:1c000000
16209637ns          279883 1c0086ac ab1ff0ef jal              x1, -1360            x1=1c0086ae
16209816ns          279892 1c00815c 1c0027b7 lui              x15, 0x1c002000     x15=1c002000
16209836ns          279893 1c008160 c7478793 addi             x15, x15, -908      x15=1c001c74 x15:1c002000
16209856ns          279894 1c008164 0007a703 lw               x14, 0(x15)         x14=000000be x15:1c001c74  PA:1c001c74
16210174ns          279910 1c008166 00c006b3 add              x13, x0, x12        x13=7fb2eff1 x12:7fb2eff1
16210194ns          279911 1c008168 00170713 addi             x14, x14, 1         x14=000000bf x14:000000be
16210214ns          279912 1c00816a 00e7a023 sw               x14, 0(x15)         x14:000000bf x15:1c001c74  PA:1c001c74
16210552ns          279929 1c00816c 02c58163 beq              x11, x12, 34        x11:7fb2eff1 x12:7fb2eff1
16211030ns          279953 1c00818e 00008067 jalr             x0, x1, 0            x1:1c0086ae
16211089ns          279956 1c0086ae ff4494e3 bne              x9, x20, -24         x9:1c0011ac x20:1c0011d0
16211169ns          279960 1c008696 0044a78b p.lw             x15, 4(x9!)         x15=5e0e04f9  x9=1c0011b0  x9:1c0011ac  PA:1c0011ac
16211487ns          279976 1c00869a 0049a70b p.lw             x14, 4(x19!)        x14=248b6f98 x19=1c0011d8 x19:1c0011d4  PA:1c0011d4
16211825ns          279993 1c00869e 58e7c457 pv.or.sc.h       x8, x15, x14         x8=7f9e6ff9 x15:5e0e04f9 x14:6f986f98
16211845ns          279994 1c0086a2 0049260b p.lw             x12, 4(x18!)        x12=7f9e6ff9 x18=1c001200 x18:1c0011fc  PA:1c0011fc
16212144ns          280009 1c0086a6 008005b3 add              x11, x0, x8         x11=7f9e6ff9  x8:7f9e6ff9
16212163ns          280010 1c0086a8 08ca8513 addi             x10, x21, 140       x10=1c00008c x21:1c000000
16212183ns          280011 1c0086ac ab1ff0ef jal              x1, -1360            x1=1c0086ae
16212223ns          280013 1c00815c 1c0027b7 lui              x15, 0x1c002000     x15=1c002000
16212243ns          280014 1c008160 c7478793 addi             x15, x15, -908      x15=1c001c74 x15:1c002000
16212263ns          280015 1c008164 0007a703 lw               x14, 0(x15)         x14=000000bf x15:1c001c74  PA:1c001c74
16212561ns          280030 1c008166 00c006b3 add              x13, x0, x12        x13=7f9e6ff9 x12:7f9e6ff9
16212581ns          280031 1c008168 00170713 addi             x14, x14, 1         x14=000000c0 x14:000000bf
16212601ns          280032 1c00816a 00e7a023 sw               x14, 0(x15)         x14:000000c0 x15:1c001c74  PA:1c001c74
16212919ns          280048 1c00816c 02c58163 beq              x11, x12, 34        x11:7f9e6ff9 x12:7f9e6ff9
16212979ns          280051 1c00818e 00008067 jalr             x0, x1, 0            x1:1c0086ae
16213039ns          280054 1c0086ae ff4494e3 bne              x9, x20, -24         x9:1c0011b0 x20:1c0011d0
16213118ns          280058 1c008696 0044a78b p.lw             x15, 4(x9!)         x15=85998c42  x9=1c0011b4  x9:1c0011b0  PA:1c0011b0
16213417ns          280073 1c00869a 0049a70b p.lw             x14, 4(x19!)        x14=d1f2b90b x19=1c0011dc x19:1c0011d8  PA:1c0011d8
16213735ns          280089 1c00869e 58e7c457 pv.or.sc.h       x8, x15, x14         x8=bd9bbd4b x15:85998c42 x14:b90bb90b
16213755ns          280090 1c0086a2 0049260b p.lw             x12, 4(x18!)        x12=bd9bbd4b x18=1c001204 x18:1c001200  PA:1c001200
16214053ns          280105 1c0086a6 008005b3 add              x11, x0, x8         x11=bd9bbd4b  x8:bd9bbd4b
16214073ns          280106 1c0086a8 08ca8513 addi             x10, x21, 140       x10=1c00008c x21:1c000000
16214093ns          280107 1c0086ac ab1ff0ef jal              x1, -1360            x1=1c0086ae
16214133ns          280109 1c00815c 1c0027b7 lui              x15, 0x1c002000     x15=1c002000
16214152ns          280110 1c008160 c7478793 addi             x15, x15, -908      x15=1c001c74 x15:1c002000
16214172ns          280111 1c008164 0007a703 lw               x14, 0(x15)         x14=000000c0 x15:1c001c74  PA:1c001c74
16214491ns          280127 1c008166 00c006b3 add              x13, x0, x12        x13=bd9bbd4b x12:bd9bbd4b
16214511ns          280128 1c008168 00170713 addi             x14, x14, 1         x14=000000c1 x14:000000c0
16214530ns          280129 1c00816a 00e7a023 sw               x14, 0(x15)         x14:000000c1 x15:1c001c74  PA:1c001c74
16214849ns          280145 1c00816c 02c58163 beq              x11, x12, 34        x11:bd9bbd4b x12:bd9bbd4b
16214908ns          280148 1c00818e 00008067 jalr             x0, x1, 0            x1:1c0086ae
16214968ns          280151 1c0086ae ff4494e3 bne              x9, x20, -24         x9:1c0011b4 x20:1c0011d0
16215048ns          280155 1c008696 0044a78b p.lw             x15, 4(x9!)         x15=292d5b63  x9=1c0011b8  x9:1c0011b4  PA:1c0011b4
16215346ns          280170 1c00869a 0049a70b p.lw             x14, 4(x19!)        x14=cc955cf2 x19=1c0011e0 x19:1c0011dc  PA:1c0011dc
16215664ns          280186 1c00869e 58e7c457 pv.or.sc.h       x8, x15, x14         x8=7dff5ff3 x15:292d5b63 x14:5cf25cf2
16215684ns          280187 1c0086a2 0049260b p.lw             x12, 4(x18!)        x12=7dff5ff3 x18=1c001208 x18:1c001204  PA:1c001204
16215982ns          280202 1c0086a6 008005b3 add              x11, x0, x8         x11=7dff5ff3  x8:7dff5ff3
16216002ns          280203 1c0086a8 08ca8513 addi             x10, x21, 140       x10=1c00008c x21:1c000000
16216022ns          280204 1c0086ac ab1ff0ef jal              x1, -1360            x1=1c0086ae
16216062ns          280206 1c00815c 1c0027b7 lui              x15, 0x1c002000     x15=1c002000
16216082ns          280207 1c008160 c7478793 addi             x15, x15, -908      x15=1c001c74 x15:1c002000
16216102ns          280208 1c008164 0007a703 lw               x14, 0(x15)         x14=000000c1 x15:1c001c74  PA:1c001c74
16216400ns          280223 1c008166 00c006b3 add              x13, x0, x12        x13=7dff5ff3 x12:7dff5ff3
16216420ns          280224 1c008168 00170713 addi             x14, x14, 1         x14=000000c2 x14:000000c1
16216440ns          280225 1c00816a 00e7a023 sw               x14, 0(x15)         x14:000000c2 x15:1c001c74  PA:1c001c74
16216758ns          280241 1c00816c 02c58163 beq              x11, x12, 34        x11:7dff5ff3 x12:7dff5ff3
16216818ns          280244 1c00818e 00008067 jalr             x0, x1, 0            x1:1c0086ae
16216878ns          280247 1c0086ae ff4494e3 bne              x9, x20, -24         x9:1c0011b8 x20:1c0011d0
16216957ns          280251 1c008696 0044a78b p.lw             x15, 4(x9!)         x15=c9400a64  x9=1c0011bc  x9:1c0011b8  PA:1c0011b8
16217255ns          280266 1c00869a 0049a70b p.lw             x14, 4(x19!)        x14=4148d1e0 x19=1c0011e4 x19:1c0011e0  PA:1c0011e0
16217594ns          280283 1c00869e 58e7c457 pv.or.sc.h       x8, x15, x14         x8=d9e0dbe4 x15:c9400a64 x14:d1e0d1e0
16217613ns          280284 1c0086a2 0049260b p.lw             x12, 4(x18!)        x12=d9e0dbe4 x18=1c00120c x18:1c001208  PA:1c001208
16217912ns          280299 1c0086a6 008005b3 add              x11, x0, x8         x11=d9e0dbe4  x8:d9e0dbe4
16217932ns          280300 1c0086a8 08ca8513 addi             x10, x21, 140       x10=1c00008c x21:1c000000
16217952ns          280301 1c0086ac ab1ff0ef jal              x1, -1360            x1=1c0086ae
16217991ns          280303 1c00815c 1c0027b7 lui              x15, 0x1c002000     x15=1c002000
16218011ns          280304 1c008160 c7478793 addi             x15, x15, -908      x15=1c001c74 x15:1c002000
16218031ns          280305 1c008164 0007a703 lw               x14, 0(x15)         x14=000000c2 x15:1c001c74  PA:1c001c74
16218330ns          280320 1c008166 00c006b3 add              x13, x0, x12        x13=d9e0dbe4 x12:d9e0dbe4
16218349ns          280321 1c008168 00170713 addi             x14, x14, 1         x14=000000c3 x14:000000c2
16218369ns          280322 1c00816a 00e7a023 sw               x14, 0(x15)         x14:000000c3 x15:1c001c74  PA:1c001c74
16218707ns          280339 1c00816c 02c58163 beq              x11, x12, 34        x11:d9e0dbe4 x12:d9e0dbe4
16218767ns          280342 1c00818e 00008067 jalr             x0, x1, 0            x1:1c0086ae
16218827ns          280345 1c0086ae ff4494e3 bne              x9, x20, -24         x9:1c0011bc x20:1c0011d0
16218906ns          280349 1c008696 0044a78b p.lw             x15, 4(x9!)         x15=27773798  x9=1c0011c0  x9:1c0011bc  PA:1c0011bc
16219205ns          280364 1c00869a 0049a70b p.lw             x14, 4(x19!)        x14=601bd6ec x19=1c0011e8 x19:1c0011e4  PA:1c0011e4
16219523ns          280380 1c00869e 58e7c457 pv.or.sc.h       x8, x15, x14         x8=f7fff7fc x15:27773798 x14:d6ecd6ec
16219543ns          280381 1c0086a2 0049260b p.lw             x12, 4(x18!)        x12=f7fff7fc x18=1c001210 x18:1c00120c  PA:1c00120c
16219861ns          280397 1c0086a6 008005b3 add              x11, x0, x8         x11=f7fff7fc  x8:f7fff7fc
16219881ns          280398 1c0086a8 08ca8513 addi             x10, x21, 140       x10=1c00008c x21:1c000000
16219901ns          280399 1c0086ac ab1ff0ef jal              x1, -1360            x1=1c0086ae
16219941ns          280401 1c00815c 1c0027b7 lui              x15, 0x1c002000     x15=1c002000
16219961ns          280402 1c008160 c7478793 addi             x15, x15, -908      x15=1c001c74 x15:1c002000
16219980ns          280403 1c008164 0007a703 lw               x14, 0(x15)         x14=000000c3 x15:1c001c74  PA:1c001c74
16220279ns          280418 1c008166 00c006b3 add              x13, x0, x12        x13=f7fff7fc x12:f7fff7fc
16220299ns          280419 1c008168 00170713 addi             x14, x14, 1         x14=000000c4 x14:000000c3
16220319ns          280420 1c00816a 00e7a023 sw               x14, 0(x15)         x14:000000c4 x15:1c001c74  PA:1c001c74
16220637ns          280436 1c00816c 02c58163 beq              x11, x12, 34        x11:f7fff7fc x12:f7fff7fc
16220697ns          280439 1c00818e 00008067 jalr             x0, x1, 0            x1:1c0086ae
16220756ns          280442 1c0086ae ff4494e3 bne              x9, x20, -24         x9:1c0011c0 x20:1c0011d0
16220836ns          280446 1c008696 0044a78b p.lw             x15, 4(x9!)         x15=3d473ce2  x9=1c0011c4  x9:1c0011c0  PA:1c0011c0
16221154ns          280462 1c00869a 0049a70b p.lw             x14, 4(x19!)        x14=c010cedf x19=1c0011ec x19:1c0011e8  PA:1c0011e8
16221472ns          280478 1c00869e 58e7c457 pv.or.sc.h       x8, x15, x14         x8=ffdffeff x15:3d473ce2 x14:cedfcedf
16221492ns          280479 1c0086a2 0049260b p.lw             x12, 4(x18!)        x12=ffdffeff x18=1c001214 x18:1c001210  PA:1c001210
16221810ns          280495 1c0086a6 008005b3 add              x11, x0, x8         x11=ffdffeff  x8:ffdffeff
16221830ns          280496 1c0086a8 08ca8513 addi             x10, x21, 140       x10=1c00008c x21:1c000000
16221850ns          280497 1c0086ac ab1ff0ef jal              x1, -1360            x1=1c0086ae
16221890ns          280499 1c00815c 1c0027b7 lui              x15, 0x1c002000     x15=1c002000
16221910ns          280500 1c008160 c7478793 addi             x15, x15, -908      x15=1c001c74 x15:1c002000
16221930ns          280501 1c008164 0007a703 lw               x14, 0(x15)         x14=000000c4 x15:1c001c74  PA:1c001c74
16222228ns          280516 1c008166 00c006b3 add              x13, x0, x12        x13=ffdffeff x12:ffdffeff
16222248ns          280517 1c008168 00170713 addi             x14, x14, 1         x14=000000c5 x14:000000c4
16222268ns          280518 1c00816a 00e7a023 sw               x14, 0(x15)         x14:000000c5 x15:1c001c74  PA:1c001c74
16222586ns          280534 1c00816c 02c58163 beq              x11, x12, 34        x11:ffdffeff x12:ffdffeff
16222646ns          280537 1c00818e 00008067 jalr             x0, x1, 0            x1:1c0086ae
16222705ns          280540 1c0086ae ff4494e3 bne              x9, x20, -24         x9:1c0011c4 x20:1c0011d0
16222785ns          280544 1c008696 0044a78b p.lw             x15, 4(x9!)         x15=a97decb1  x9=1c0011c8  x9:1c0011c4  PA:1c0011c4
16223083ns          280559 1c00869a 0049a70b p.lw             x14, 4(x19!)        x14=12e2c5d2 x19=1c0011f0 x19:1c0011ec  PA:1c0011ec
16223402ns          280575 1c00869e 58e7c457 pv.or.sc.h       x8, x15, x14         x8=edffedf3 x15:a97decb1 x14:c5d2c5d2
16223422ns          280576 1c0086a2 0049260b p.lw             x12, 4(x18!)        x12=edffedf3 x18=1c001218 x18:1c001214  PA:1c001214
16223720ns          280591 1c0086a6 008005b3 add              x11, x0, x8         x11=edffedf3  x8:edffedf3
16223740ns          280592 1c0086a8 08ca8513 addi             x10, x21, 140       x10=1c00008c x21:1c000000
16223760ns          280593 1c0086ac ab1ff0ef jal              x1, -1360            x1=1c0086ae
16223799ns          280595 1c00815c 1c0027b7 lui              x15, 0x1c002000     x15=1c002000
16223819ns          280596 1c008160 c7478793 addi             x15, x15, -908      x15=1c001c74 x15:1c002000
16223839ns          280597 1c008164 0007a703 lw               x14, 0(x15)         x14=000000c5 x15:1c001c74  PA:1c001c74
16224138ns          280612 1c008166 00c006b3 add              x13, x0, x12        x13=edffedf3 x12:edffedf3
16224158ns          280613 1c008168 00170713 addi             x14, x14, 1         x14=000000c6 x14:000000c5
16224177ns          280614 1c00816a 00e7a023 sw               x14, 0(x15)         x14:000000c6 x15:1c001c74  PA:1c001c74
16224496ns          280630 1c00816c 02c58163 beq              x11, x12, 34        x11:edffedf3 x12:edffedf3
16224555ns          280633 1c00818e 00008067 jalr             x0, x1, 0            x1:1c0086ae
16224615ns          280636 1c0086ae ff4494e3 bne              x9, x20, -24         x9:1c0011c8 x20:1c0011d0
16224695ns          280640 1c008696 0044a78b p.lw             x15, 4(x9!)         x15=1d84d77f  x9=1c0011cc  x9:1c0011c8  PA:1c0011c8
16224993ns          280655 1c00869a 0049a70b p.lw             x14, 4(x19!)        x14=3911b717 x19=1c0011f4 x19:1c0011f0  PA:1c0011f0
16225311ns          280671 1c00869e 58e7c457 pv.or.sc.h       x8, x15, x14         x8=bf97f77f x15:1d84d77f x14:b717b717
16225331ns          280672 1c0086a2 0049260b p.lw             x12, 4(x18!)        x12=bf97f77f x18=1c00121c x18:1c001218  PA:1c001218
16225629ns          280687 1c0086a6 008005b3 add              x11, x0, x8         x11=bf97f77f  x8:bf97f77f
16225649ns          280688 1c0086a8 08ca8513 addi             x10, x21, 140       x10=1c00008c x21:1c000000
16225669ns          280689 1c0086ac ab1ff0ef jal              x1, -1360            x1=1c0086ae
16225709ns          280691 1c00815c 1c0027b7 lui              x15, 0x1c002000     x15=1c002000
16225729ns          280692 1c008160 c7478793 addi             x15, x15, -908      x15=1c001c74 x15:1c002000
16225749ns          280693 1c008164 0007a703 lw               x14, 0(x15)         x14=000000c6 x15:1c001c74  PA:1c001c74
16226047ns          280708 1c008166 00c006b3 add              x13, x0, x12        x13=bf97f77f x12:bf97f77f
16226067ns          280709 1c008168 00170713 addi             x14, x14, 1         x14=000000c7 x14:000000c6
16226087ns          280710 1c00816a 00e7a023 sw               x14, 0(x15)         x14:000000c7 x15:1c001c74  PA:1c001c74
16226425ns          280727 1c00816c 02c58163 beq              x11, x12, 34        x11:bf97f77f x12:bf97f77f
16226485ns          280730 1c00818e 00008067 jalr             x0, x1, 0            x1:1c0086ae
16226544ns          280733 1c0086ae ff4494e3 bne              x9, x20, -24         x9:1c0011cc x20:1c0011d0
16226624ns          280737 1c008696 0044a78b p.lw             x15, 4(x9!)         x15=da96e54f  x9=1c0011d0  x9:1c0011cc  PA:1c0011cc
16226922ns          280752 1c00869a 0049a70b p.lw             x14, 4(x19!)        x14=246747f7 x19=1c0011f8 x19:1c0011f4  PA:1c0011f4
16227241ns          280768 1c00869e 58e7c457 pv.or.sc.h       x8, x15, x14         x8=dff7e7ff x15:da96e54f x14:47f747f7
16227260ns          280769 1c0086a2 0049260b p.lw             x12, 4(x18!)        x12=dff7e7ff x18=1c001220 x18:1c00121c  PA:1c00121c
16227559ns          280784 1c0086a6 008005b3 add              x11, x0, x8         x11=dff7e7ff  x8:dff7e7ff
16227579ns          280785 1c0086a8 08ca8513 addi             x10, x21, 140       x10=1c00008c x21:1c000000
16227599ns          280786 1c0086ac ab1ff0ef jal              x1, -1360            x1=1c0086ae
16227638ns          280788 1c00815c 1c0027b7 lui              x15, 0x1c002000     x15=1c002000
16227658ns          280789 1c008160 c7478793 addi             x15, x15, -908      x15=1c001c74 x15:1c002000
16227678ns          280790 1c008164 0007a703 lw               x14, 0(x15)         x14=000000c7 x15:1c001c74  PA:1c001c74
16227977ns          280805 1c008166 00c006b3 add              x13, x0, x12        x13=dff7e7ff x12:dff7e7ff
16227996ns          280806 1c008168 00170713 addi             x14, x14, 1         x14=000000c8 x14:000000c7
16228016ns          280807 1c00816a 00e7a023 sw               x14, 0(x15)         x14:000000c8 x15:1c001c74  PA:1c001c74
16228335ns          280823 1c00816c 02c58163 beq              x11, x12, 34        x11:dff7e7ff x12:dff7e7ff
16228394ns          280826 1c00818e 00008067 jalr             x0, x1, 0            x1:1c0086ae
16228454ns          280829 1c0086ae ff4494e3 bne              x9, x20, -24         x9:1c0011d0 x20:1c0011d0
16228474ns          280830 1c0086b2 1c0014b7 lui              x9, 0x1c001000       x9=1c001000
16228494ns          280831 1c0086b6 22048493 addi             x9, x9, 544          x9=1c001220  x9:1c001000
16228514ns          280832 1c0086ba 1c001937 lui              x18, 0x1c001000     x18=1c001000
16228951ns          280854 1c0086be 24890913 addi             x18, x18, 584       x18=1c001248 x18:1c001000
16228991ns          280856 1c0086c2 02848993 addi             x19, x9, 40         x19=1c001248  x9:1c001220
16229011ns          280857 1c0086c6 1c000a37 lui              x20, 0x1c000000     x20=1c000000
16229031ns          280858 1c0086ca 0044a78b p.lw             x15, 4(x9!)         x15=4f645cb5  x9=1c001224  x9:1c001220  PA:1c001220
16229488ns          280881 1c0086ce 5a57e457 pv.or.sci.h      x8, x15, 0x11        x8=4f6f5cbf x15:4f645cb5
16229508ns          280882 1c0086d2 0049260b p.lw             x12, 4(x18!)        x12=4f6f5cbf x18=1c00124c x18:1c001248  PA:1c001248
16229826ns          280898 1c0086d6 008005b3 add              x11, x0, x8         x11=4f6f5cbf  x8:4f6f5cbf
16229846ns          280899 1c0086d8 098a0513 addi             x10, x20, 152       x10=1c000098 x20:1c000000
16229866ns          280900 1c0086dc a81ff0ef jal              x1, -1408            x1=1c0086de
16230025ns          280908 1c00815c 1c0027b7 lui              x15, 0x1c002000     x15=1c002000
16230085ns          280911 1c008160 c7478793 addi             x15, x15, -908      x15=1c001c74 x15:1c002000
16230125ns          280913 1c008164 0007a703 lw               x14, 0(x15)         x14=000000c8 x15:1c001c74  PA:1c001c74
16230463ns          280930 1c008166 00c006b3 add              x13, x0, x12        x13=4f6f5cbf x12:4f6f5cbf
16230483ns          280931 1c008168 00170713 addi             x14, x14, 1         x14=000000c9 x14:000000c8
16230503ns          280932 1c00816a 00e7a023 sw               x14, 0(x15)         x14:000000c9 x15:1c001c74  PA:1c001c74
16230821ns          280948 1c00816c 02c58163 beq              x11, x12, 34        x11:4f6f5cbf x12:4f6f5cbf
16230881ns          280951 1c00818e 00008067 jalr             x0, x1, 0            x1:1c0086de
16230940ns          280954 1c0086de ff3496e3 bne              x9, x19, -20         x9:1c001224 x19:1c001248
16231020ns          280958 1c0086ca 0044a78b p.lw             x15, 4(x9!)         x15=34dd2b73  x9=1c001228  x9:1c001224  PA:1c001224
16231338ns          280974 1c0086ce 5a57e457 pv.or.sci.h      x8, x15, 0x11        x8=34df2b7b x15:34dd2b73
16231358ns          280975 1c0086d2 0049260b p.lw             x12, 4(x18!)        x12=34df2b7b x18=1c001250 x18:1c00124c  PA:1c00124c
16231656ns          280990 1c0086d6 008005b3 add              x11, x0, x8         x11=34df2b7b  x8:34df2b7b
16231676ns          280991 1c0086d8 098a0513 addi             x10, x20, 152       x10=1c000098 x20:1c000000
16231696ns          280992 1c0086dc a81ff0ef jal              x1, -1408            x1=1c0086de
16231736ns          280994 1c00815c 1c0027b7 lui              x15, 0x1c002000     x15=1c002000
16231756ns          280995 1c008160 c7478793 addi             x15, x15, -908      x15=1c001c74 x15:1c002000
16231776ns          280996 1c008164 0007a703 lw               x14, 0(x15)         x14=000000c9 x15:1c001c74  PA:1c001c74
16232074ns          281011 1c008166 00c006b3 add              x13, x0, x12        x13=34df2b7b x12:34df2b7b
16232094ns          281012 1c008168 00170713 addi             x14, x14, 1         x14=000000ca x14:000000c9
16232114ns          281013 1c00816a 00e7a023 sw               x14, 0(x15)         x14:000000ca x15:1c001c74  PA:1c001c74
16232432ns          281029 1c00816c 02c58163 beq              x11, x12, 34        x11:34df2b7b x12:34df2b7b
16232492ns          281032 1c00818e 00008067 jalr             x0, x1, 0            x1:1c0086de
16232551ns          281035 1c0086de ff3496e3 bne              x9, x19, -20         x9:1c001228 x19:1c001248
16232631ns          281039 1c0086ca 0044a78b p.lw             x15, 4(x9!)         x15=e73d5de5  x9=1c00122c  x9:1c001228  PA:1c001228
16232949ns          281055 1c0086ce 5a57e457 pv.or.sci.h      x8, x15, 0x11        x8=e73f5def x15:e73d5de5
16232969ns          281056 1c0086d2 0049260b p.lw             x12, 4(x18!)        x12=e73f5def x18=1c001254 x18:1c001250  PA:1c001250
16233287ns          281072 1c0086d6 008005b3 add              x11, x0, x8         x11=e73f5def  x8:e73f5def
16233307ns          281073 1c0086d8 098a0513 addi             x10, x20, 152       x10=1c000098 x20:1c000000
16233327ns          281074 1c0086dc a81ff0ef jal              x1, -1408            x1=1c0086de
16233367ns          281076 1c00815c 1c0027b7 lui              x15, 0x1c002000     x15=1c002000
16233387ns          281077 1c008160 c7478793 addi             x15, x15, -908      x15=1c001c74 x15:1c002000
16233407ns          281078 1c008164 0007a703 lw               x14, 0(x15)         x14=000000ca x15:1c001c74  PA:1c001c74
16233705ns          281093 1c008166 00c006b3 add              x13, x0, x12        x13=e73f5def x12:e73f5def
16233725ns          281094 1c008168 00170713 addi             x14, x14, 1         x14=000000cb x14:000000ca
16233745ns          281095 1c00816a 00e7a023 sw               x14, 0(x15)         x14:000000cb x15:1c001c74  PA:1c001c74
16234063ns          281111 1c00816c 02c58163 beq              x11, x12, 34        x11:e73f5def x12:e73f5def
16234123ns          281114 1c00818e 00008067 jalr             x0, x1, 0            x1:1c0086de
16234182ns          281117 1c0086de ff3496e3 bne              x9, x19, -20         x9:1c00122c x19:1c001248
16234262ns          281121 1c0086ca 0044a78b p.lw             x15, 4(x9!)         x15=59b7e34b  x9=1c001230  x9:1c00122c  PA:1c00122c
16234580ns          281137 1c0086ce 5a57e457 pv.or.sci.h      x8, x15, 0x11        x8=59bfe34b x15:59b7e34b
16234600ns          281138 1c0086d2 0049260b p.lw             x12, 4(x18!)        x12=59bfe34b x18=1c001258 x18:1c001254  PA:1c001254
16234899ns          281153 1c0086d6 008005b3 add              x11, x0, x8         x11=59bfe34b  x8:59bfe34b
16234918ns          281154 1c0086d8 098a0513 addi             x10, x20, 152       x10=1c000098 x20:1c000000
16234938ns          281155 1c0086dc a81ff0ef jal              x1, -1408            x1=1c0086de
16234978ns          281157 1c00815c 1c0027b7 lui              x15, 0x1c002000     x15=1c002000
16234998ns          281158 1c008160 c7478793 addi             x15, x15, -908      x15=1c001c74 x15:1c002000
16235018ns          281159 1c008164 0007a703 lw               x14, 0(x15)         x14=000000cb x15:1c001c74  PA:1c001c74
16235316ns          281174 1c008166 00c006b3 add              x13, x0, x12        x13=59bfe34b x12:59bfe34b
16235336ns          281175 1c008168 00170713 addi             x14, x14, 1         x14=000000cc x14:000000cb
16235356ns          281176 1c00816a 00e7a023 sw               x14, 0(x15)         x14:000000cc x15:1c001c74  PA:1c001c74
16235674ns          281192 1c00816c 02c58163 beq              x11, x12, 34        x11:59bfe34b x12:59bfe34b
16235734ns          281195 1c00818e 00008067 jalr             x0, x1, 0            x1:1c0086de
16235794ns          281198 1c0086de ff3496e3 bne              x9, x19, -20         x9:1c001230 x19:1c001248
16235873ns          281202 1c0086ca 0044a78b p.lw             x15, 4(x9!)         x15=7ebc8632  x9=1c001234  x9:1c001230  PA:1c001230
16236191ns          281218 1c0086ce 5a57e457 pv.or.sci.h      x8, x15, 0x11        x8=7ebf863b x15:7ebc8632
16236211ns          281219 1c0086d2 0049260b p.lw             x12, 4(x18!)        x12=7ebf863b x18=1c00125c x18:1c001258  PA:1c001258
16236530ns          281235 1c0086d6 008005b3 add              x11, x0, x8         x11=7ebf863b  x8:7ebf863b
16236549ns          281236 1c0086d8 098a0513 addi             x10, x20, 152       x10=1c000098 x20:1c000000
16236569ns          281237 1c0086dc a81ff0ef jal              x1, -1408            x1=1c0086de
16236609ns          281239 1c00815c 1c0027b7 lui              x15, 0x1c002000     x15=1c002000
16236629ns          281240 1c008160 c7478793 addi             x15, x15, -908      x15=1c001c74 x15:1c002000
16236649ns          281241 1c008164 0007a703 lw               x14, 0(x15)         x14=000000cc x15:1c001c74  PA:1c001c74
16236947ns          281256 1c008166 00c006b3 add              x13, x0, x12        x13=7ebf863b x12:7ebf863b
16236967ns          281257 1c008168 00170713 addi             x14, x14, 1         x14=000000cd x14:000000cc
16236987ns          281258 1c00816a 00e7a023 sw               x14, 0(x15)         x14:000000cd x15:1c001c74  PA:1c001c74
16237305ns          281274 1c00816c 02c58163 beq              x11, x12, 34        x11:7ebf863b x12:7ebf863b
16237365ns          281277 1c00818e 00008067 jalr             x0, x1, 0            x1:1c0086de
16237425ns          281280 1c0086de ff3496e3 bne              x9, x19, -20         x9:1c001234 x19:1c001248
16237504ns          281284 1c0086ca 0044a78b p.lw             x15, 4(x9!)         x15=bf91048b  x9=1c001238  x9:1c001234  PA:1c001234
16237822ns          281300 1c0086ce 5a57e457 pv.or.sci.h      x8, x15, 0x11        x8=bf9b048b x15:bf91048b
16237842ns          281301 1c0086d2 0049260b p.lw             x12, 4(x18!)        x12=bf9b048b x18=1c001260 x18:1c00125c  PA:1c00125c
16238141ns          281316 1c0086d6 008005b3 add              x11, x0, x8         x11=bf9b048b  x8:bf9b048b
16238161ns          281317 1c0086d8 098a0513 addi             x10, x20, 152       x10=1c000098 x20:1c000000
16238180ns          281318 1c0086dc a81ff0ef jal              x1, -1408            x1=1c0086de
16238220ns          281320 1c00815c 1c0027b7 lui              x15, 0x1c002000     x15=1c002000
16238240ns          281321 1c008160 c7478793 addi             x15, x15, -908      x15=1c001c74 x15:1c002000
16238260ns          281322 1c008164 0007a703 lw               x14, 0(x15)         x14=000000cd x15:1c001c74  PA:1c001c74
16238558ns          281337 1c008166 00c006b3 add              x13, x0, x12        x13=bf9b048b x12:bf9b048b
16238578ns          281338 1c008168 00170713 addi             x14, x14, 1         x14=000000ce x14:000000cd
16238598ns          281339 1c00816a 00e7a023 sw               x14, 0(x15)         x14:000000ce x15:1c001c74  PA:1c001c74
16238936ns          281356 1c00816c 02c58163 beq              x11, x12, 34        x11:bf9b048b x12:bf9b048b
16238996ns          281359 1c00818e 00008067 jalr             x0, x1, 0            x1:1c0086de
16239056ns          281362 1c0086de ff3496e3 bne              x9, x19, -20         x9:1c001238 x19:1c001248
16239135ns          281366 1c0086ca 0044a78b p.lw             x15, 4(x9!)         x15=05a5cecc  x9=1c00123c  x9:1c001238  PA:1c001238
16239454ns          281382 1c0086ce 5a57e457 pv.or.sci.h      x8, x15, 0x11        x8=05afcecf x15:05a5cecc
16239473ns          281383 1c0086d2 0049260b p.lw             x12, 4(x18!)        x12=05afcecf x18=1c001264 x18:1c001260  PA:1c001260
16239792ns          281399 1c0086d6 008005b3 add              x11, x0, x8         x11=05afcecf  x8:05afcecf
16239812ns          281400 1c0086d8 098a0513 addi             x10, x20, 152       x10=1c000098 x20:1c000000
16239831ns          281401 1c0086dc a81ff0ef jal              x1, -1408            x1=1c0086de
16239871ns          281403 1c00815c 1c0027b7 lui              x15, 0x1c002000     x15=1c002000
16239891ns          281404 1c008160 c7478793 addi             x15, x15, -908      x15=1c001c74 x15:1c002000
16239911ns          281405 1c008164 0007a703 lw               x14, 0(x15)         x14=000000ce x15:1c001c74  PA:1c001c74
16240209ns          281420 1c008166 00c006b3 add              x13, x0, x12        x13=05afcecf x12:05afcecf
16240229ns          281421 1c008168 00170713 addi             x14, x14, 1         x14=000000cf x14:000000ce
16240249ns          281422 1c00816a 00e7a023 sw               x14, 0(x15)         x14:000000cf x15:1c001c74  PA:1c001c74
16240567ns          281438 1c00816c 02c58163 beq              x11, x12, 34        x11:05afcecf x12:05afcecf
16240627ns          281441 1c00818e 00008067 jalr             x0, x1, 0            x1:1c0086de
16240687ns          281444 1c0086de ff3496e3 bne              x9, x19, -20         x9:1c00123c x19:1c001248
16240766ns          281448 1c0086ca 0044a78b p.lw             x15, 4(x9!)         x15=80b1b8eb  x9=1c001240  x9:1c00123c  PA:1c00123c
16241104ns          281465 1c0086ce 5a57e457 pv.or.sci.h      x8, x15, 0x11        x8=80bbb8eb x15:80b1b8eb
16241124ns          281466 1c0086d2 0049260b p.lw             x12, 4(x18!)        x12=80bbb8eb x18=1c001268 x18:1c001264  PA:1c001264
16241423ns          281481 1c0086d6 008005b3 add              x11, x0, x8         x11=80bbb8eb  x8:80bbb8eb
16241443ns          281482 1c0086d8 098a0513 addi             x10, x20, 152       x10=1c000098 x20:1c000000
16241462ns          281483 1c0086dc a81ff0ef jal              x1, -1408            x1=1c0086de
16241502ns          281485 1c00815c 1c0027b7 lui              x15, 0x1c002000     x15=1c002000
16241522ns          281486 1c008160 c7478793 addi             x15, x15, -908      x15=1c001c74 x15:1c002000
16241542ns          281487 1c008164 0007a703 lw               x14, 0(x15)         x14=000000cf x15:1c001c74  PA:1c001c74
16241840ns          281502 1c008166 00c006b3 add              x13, x0, x12        x13=80bbb8eb x12:80bbb8eb
16241860ns          281503 1c008168 00170713 addi             x14, x14, 1         x14=000000d0 x14:000000cf
16241880ns          281504 1c00816a 00e7a023 sw               x14, 0(x15)         x14:000000d0 x15:1c001c74  PA:1c001c74
16242198ns          281520 1c00816c 02c58163 beq              x11, x12, 34        x11:80bbb8eb x12:80bbb8eb
16242258ns          281523 1c00818e 00008067 jalr             x0, x1, 0            x1:1c0086de
16242318ns          281526 1c0086de ff3496e3 bne              x9, x19, -20         x9:1c001240 x19:1c001248
16242397ns          281530 1c0086ca 0044a78b p.lw             x15, 4(x9!)         x15=7a72b6e9  x9=1c001244  x9:1c001240  PA:1c001240
16242716ns          281546 1c0086ce 5a57e457 pv.or.sci.h      x8, x15, 0x11        x8=7a7bb6eb x15:7a72b6e9
16242735ns          281547 1c0086d2 0049260b p.lw             x12, 4(x18!)        x12=7a7bb6eb x18=1c00126c x18:1c001268  PA:1c001268
16243034ns          281562 1c0086d6 008005b3 add              x11, x0, x8         x11=7a7bb6eb  x8:7a7bb6eb
16243054ns          281563 1c0086d8 098a0513 addi             x10, x20, 152       x10=1c000098 x20:1c000000
16243074ns          281564 1c0086dc a81ff0ef jal              x1, -1408            x1=1c0086de
16243113ns          281566 1c00815c 1c0027b7 lui              x15, 0x1c002000     x15=1c002000
16243133ns          281567 1c008160 c7478793 addi             x15, x15, -908      x15=1c001c74 x15:1c002000
16243153ns          281568 1c008164 0007a703 lw               x14, 0(x15)         x14=000000d0 x15:1c001c74  PA:1c001c74
16243452ns          281583 1c008166 00c006b3 add              x13, x0, x12        x13=7a7bb6eb x12:7a7bb6eb
16243471ns          281584 1c008168 00170713 addi             x14, x14, 1         x14=000000d1 x14:000000d0
16243491ns          281585 1c00816a 00e7a023 sw               x14, 0(x15)         x14:000000d1 x15:1c001c74  PA:1c001c74
16243829ns          281602 1c00816c 02c58163 beq              x11, x12, 34        x11:7a7bb6eb x12:7a7bb6eb
16243889ns          281605 1c00818e 00008067 jalr             x0, x1, 0            x1:1c0086de
16243949ns          281608 1c0086de ff3496e3 bne              x9, x19, -20         x9:1c001244 x19:1c001248
16244028ns          281612 1c0086ca 0044a78b p.lw             x15, 4(x9!)         x15=957374d6  x9=1c001248  x9:1c001244  PA:1c001244
16244347ns          281628 1c0086ce 5a57e457 pv.or.sci.h      x8, x15, 0x11        x8=957b74df x15:957374d6
16244367ns          281629 1c0086d2 0049260b p.lw             x12, 4(x18!)        x12=957b74df x18=1c001270 x18:1c00126c  PA:1c00126c
16244665ns          281644 1c0086d6 008005b3 add              x11, x0, x8         x11=957b74df  x8:957b74df
16244685ns          281645 1c0086d8 098a0513 addi             x10, x20, 152       x10=1c000098 x20:1c000000
16244705ns          281646 1c0086dc a81ff0ef jal              x1, -1408            x1=1c0086de
16244744ns          281648 1c00815c 1c0027b7 lui              x15, 0x1c002000     x15=1c002000
16244764ns          281649 1c008160 c7478793 addi             x15, x15, -908      x15=1c001c74 x15:1c002000
16244784ns          281650 1c008164 0007a703 lw               x14, 0(x15)         x14=000000d1 x15:1c001c74  PA:1c001c74
16245102ns          281666 1c008166 00c006b3 add              x13, x0, x12        x13=957b74df x12:957b74df
16245122ns          281667 1c008168 00170713 addi             x14, x14, 1         x14=000000d2 x14:000000d1
16245142ns          281668 1c00816a 00e7a023 sw               x14, 0(x15)         x14:000000d2 x15:1c001c74  PA:1c001c74
16245461ns          281684 1c00816c 02c58163 beq              x11, x12, 34        x11:957b74df x12:957b74df
16245520ns          281687 1c00818e 00008067 jalr             x0, x1, 0            x1:1c0086de
16245580ns          281690 1c0086de ff3496e3 bne              x9, x19, -20         x9:1c001248 x19:1c001248
16245600ns          281691 1c0086e2 1c0014b7 lui              x9, 0x1c001000       x9=1c001000
16245620ns          281692 1c0086e6 ff048493 addi             x9, x9, -16          x9=1c000ff0  x9:1c001000
16245640ns          281693 1c0086ea 1c0019b7 lui              x19, 0x1c001000     x19=1c001000
16246077ns          281715 1c0086ee 1c001937 lui              x18, 0x1c001000     x18=1c001000
16246117ns          281717 1c0086f2 01898993 addi             x19, x19, 24        x19=1c001018 x19:1c001000
16246137ns          281718 1c0086f6 04090913 addi             x18, x18, 64        x18=1c001040 x18:1c001000
16246157ns          281719 1c0086fa 02848a13 addi             x20, x9, 40         x20=1c001018  x9:1c000ff0
16246614ns          281742 1c0086fe 1c000ab7 lui              x21, 0x1c000000     x21=1c000000
16246654ns          281744 1c008702 0044a78b p.lw             x15, 4(x9!)         x15=25aa9830  x9=1c000ff4  x9:1c000ff0  PA:1c000ff0
16246952ns          281759 1c008706 0049a70b p.lw             x14, 4(x19!)        x14=d8706434 x19=1c00101c x19:1c001018  PA:1c001018
16247271ns          281775 1c00870a 58e79457 pv.or.b          x8, x15, x14         x8=fdfafc34 x15:25aa9830 x14:d8706434
16247290ns          281776 1c00870e 0049260b p.lw             x12, 4(x18!)        x12=fdfafc34 x18=1c001044 x18:1c001040  PA:1c001040
16247589ns          281791 1c008712 008005b3 add              x11, x0, x8         x11=fdfafc34  x8:fdfafc34
16247609ns          281792 1c008714 0a4a8513 addi             x10, x21, 164       x10=1c0000a4 x21:1c000000
16247629ns          281793 1c008718 a45ff0ef jal              x1, -1468            x1=1c00871a
16247847ns          281804 1c00815c 1c0027b7 lui              x15, 0x1c002000     x15=1c002000
16247867ns          281805 1c008160 c7478793 addi             x15, x15, -908      x15=1c001c74 x15:1c002000
16247887ns          281806 1c008164 0007a703 lw               x14, 0(x15)         x14=000000d2 x15:1c001c74  PA:1c001c74
16248186ns          281821 1c008166 00c006b3 add              x13, x0, x12        x13=fdfafc34 x12:fdfafc34
16248205ns          281822 1c008168 00170713 addi             x14, x14, 1         x14=000000d3 x14:000000d2
16248225ns          281823 1c00816a 00e7a023 sw               x14, 0(x15)         x14:000000d3 x15:1c001c74  PA:1c001c74
16248544ns          281839 1c00816c 02c58163 beq              x11, x12, 34        x11:fdfafc34 x12:fdfafc34
16248643ns          281844 1c00818e 00008067 jalr             x0, x1, 0            x1:1c00871a
16248703ns          281847 1c00871a ff4494e3 bne              x9, x20, -24         x9:1c000ff4 x20:1c001018
16248782ns          281851 1c008702 0044a78b p.lw             x15, 4(x9!)         x15=9c41746a  x9=1c000ff8  x9:1c000ff4  PA:1c000ff4
16249120ns          281868 1c008706 0049a70b p.lw             x14, 4(x19!)        x14=003bc1ed x19=1c001020 x19:1c00101c  PA:1c00101c
16249439ns          281884 1c00870a 58e79457 pv.or.b          x8, x15, x14         x8=9c7bf5ef x15:9c41746a x14:003bc1ed
16249459ns          281885 1c00870e 0049260b p.lw             x12, 4(x18!)        x12=9c7bf5ef x18=1c001048 x18:1c001044  PA:1c001044
16249757ns          281900 1c008712 008005b3 add              x11, x0, x8         x11=9c7bf5ef  x8:9c7bf5ef
16249777ns          281901 1c008714 0a4a8513 addi             x10, x21, 164       x10=1c0000a4 x21:1c000000
16249797ns          281902 1c008718 a45ff0ef jal              x1, -1468            x1=1c00871a
16249836ns          281904 1c00815c 1c0027b7 lui              x15, 0x1c002000     x15=1c002000
16249856ns          281905 1c008160 c7478793 addi             x15, x15, -908      x15=1c001c74 x15:1c002000
16249876ns          281906 1c008164 0007a703 lw               x14, 0(x15)         x14=000000d3 x15:1c001c74  PA:1c001c74
16250175ns          281921 1c008166 00c006b3 add              x13, x0, x12        x13=9c7bf5ef x12:9c7bf5ef
16250195ns          281922 1c008168 00170713 addi             x14, x14, 1         x14=000000d4 x14:000000d3
16250214ns          281923 1c00816a 00e7a023 sw               x14, 0(x15)         x14:000000d4 x15:1c001c74  PA:1c001c74
16250533ns          281939 1c00816c 02c58163 beq              x11, x12, 34        x11:9c7bf5ef x12:9c7bf5ef
16250592ns          281942 1c00818e 00008067 jalr             x0, x1, 0            x1:1c00871a
16250652ns          281945 1c00871a ff4494e3 bne              x9, x20, -24         x9:1c000ff8 x20:1c001018
16250732ns          281949 1c008702 0044a78b p.lw             x15, 4(x9!)         x15=7b4ba8e2  x9=1c000ffc  x9:1c000ff8  PA:1c000ff8
16251030ns          281964 1c008706 0049a70b p.lw             x14, 4(x19!)        x14=1ba3263f x19=1c001024 x19:1c001020  PA:1c001020
16251348ns          281980 1c00870a 58e79457 pv.or.b          x8, x15, x14         x8=7bebaeff x15:7b4ba8e2 x14:1ba3263f
16251368ns          281981 1c00870e 0049260b p.lw             x12, 4(x18!)        x12=7bebaeff x18=1c00104c x18:1c001048  PA:1c001048
16251666ns          281996 1c008712 008005b3 add              x11, x0, x8         x11=7bebaeff  x8:7bebaeff
16251686ns          281997 1c008714 0a4a8513 addi             x10, x21, 164       x10=1c0000a4 x21:1c000000
16251706ns          281998 1c008718 a45ff0ef jal              x1, -1468            x1=1c00871a
16251746ns          282000 1c00815c 1c0027b7 lui              x15, 0x1c002000     x15=1c002000
16251766ns          282001 1c008160 c7478793 addi             x15, x15, -908      x15=1c001c74 x15:1c002000
16251786ns          282002 1c008164 0007a703 lw               x14, 0(x15)         x14=000000d4 x15:1c001c74  PA:1c001c74
16252084ns          282017 1c008166 00c006b3 add              x13, x0, x12        x13=7bebaeff x12:7bebaeff
16252104ns          282018 1c008168 00170713 addi             x14, x14, 1         x14=000000d5 x14:000000d4
16252124ns          282019 1c00816a 00e7a023 sw               x14, 0(x15)         x14:000000d5 x15:1c001c74  PA:1c001c74
16252442ns          282035 1c00816c 02c58163 beq              x11, x12, 34        x11:7bebaeff x12:7bebaeff
16252502ns          282038 1c00818e 00008067 jalr             x0, x1, 0            x1:1c00871a
16252562ns          282041 1c00871a ff4494e3 bne              x9, x20, -24         x9:1c000ffc x20:1c001018
16252641ns          282045 1c008702 0044a78b p.lw             x15, 4(x9!)         x15=ad894513  x9=1c001000  x9:1c000ffc  PA:1c000ffc
16252939ns          282060 1c008706 0049a70b p.lw             x14, 4(x19!)        x14=6ce31e3b x19=1c001028 x19:1c001024  PA:1c001024
16253258ns          282076 1c00870a 58e79457 pv.or.b          x8, x15, x14         x8=edeb5f3b x15:ad894513 x14:6ce31e3b
16253278ns          282077 1c00870e 0049260b p.lw             x12, 4(x18!)        x12=edeb5f3b x18=1c001050 x18:1c00104c  PA:1c00104c
16253576ns          282092 1c008712 008005b3 add              x11, x0, x8         x11=edeb5f3b  x8:edeb5f3b
16253596ns          282093 1c008714 0a4a8513 addi             x10, x21, 164       x10=1c0000a4 x21:1c000000
16253616ns          282094 1c008718 a45ff0ef jal              x1, -1468            x1=1c00871a
16253656ns          282096 1c00815c 1c0027b7 lui              x15, 0x1c002000     x15=1c002000
16253675ns          282097 1c008160 c7478793 addi             x15, x15, -908      x15=1c001c74 x15:1c002000
16253695ns          282098 1c008164 0007a703 lw               x14, 0(x15)         x14=000000d5 x15:1c001c74  PA:1c001c74
16253994ns          282113 1c008166 00c006b3 add              x13, x0, x12        x13=edeb5f3b x12:edeb5f3b
16254014ns          282114 1c008168 00170713 addi             x14, x14, 1         x14=000000d6 x14:000000d5
16254033ns          282115 1c00816a 00e7a023 sw               x14, 0(x15)         x14:000000d6 x15:1c001c74  PA:1c001c74
16254372ns          282132 1c00816c 02c58163 beq              x11, x12, 34        x11:edeb5f3b x12:edeb5f3b
16254431ns          282135 1c00818e 00008067 jalr             x0, x1, 0            x1:1c00871a
16254491ns          282138 1c00871a ff4494e3 bne              x9, x20, -24         x9:1c001000 x20:1c001018
16254570ns          282142 1c008702 0044a78b p.lw             x15, 4(x9!)         x15=29e1e8c8  x9=1c001004  x9:1c001000  PA:1c001000
16254869ns          282157 1c008706 0049a70b p.lw             x14, 4(x19!)        x14=1d901405 x19=1c00102c x19:1c001028  PA:1c001028
16255207ns          282174 1c00870a 58e79457 pv.or.b          x8, x15, x14         x8=3df1fccd x15:29e1e8c8 x14:1d901405
16255227ns          282175 1c00870e 0049260b p.lw             x12, 4(x18!)        x12=3df1fccd x18=1c001054 x18:1c001050  PA:1c001050
16255525ns          282190 1c008712 008005b3 add              x11, x0, x8         x11=3df1fccd  x8:3df1fccd
16255545ns          282191 1c008714 0a4a8513 addi             x10, x21, 164       x10=1c0000a4 x21:1c000000
16255565ns          282192 1c008718 a45ff0ef jal              x1, -1468            x1=1c00871a
16255605ns          282194 1c00815c 1c0027b7 lui              x15, 0x1c002000     x15=1c002000
16255625ns          282195 1c008160 c7478793 addi             x15, x15, -908      x15=1c001c74 x15:1c002000
16255645ns          282196 1c008164 0007a703 lw               x14, 0(x15)         x14=000000d6 x15:1c001c74  PA:1c001c74
16255943ns          282211 1c008166 00c006b3 add              x13, x0, x12        x13=3df1fccd x12:3df1fccd
16255963ns          282212 1c008168 00170713 addi             x14, x14, 1         x14=000000d7 x14:000000d6
16255983ns          282213 1c00816a 00e7a023 sw               x14, 0(x15)         x14:000000d7 x15:1c001c74  PA:1c001c74
16256321ns          282230 1c00816c 02c58163 beq              x11, x12, 34        x11:3df1fccd x12:3df1fccd
16256381ns          282233 1c00818e 00008067 jalr             x0, x1, 0            x1:1c00871a
16256440ns          282236 1c00871a ff4494e3 bne              x9, x20, -24         x9:1c001004 x20:1c001018
16256520ns          282240 1c008702 0044a78b p.lw             x15, 4(x9!)         x15=fb52bc87  x9=1c001008  x9:1c001004  PA:1c001004
16256818ns          282255 1c008706 0049a70b p.lw             x14, 4(x19!)        x14=d7c94548 x19=1c001030 x19:1c00102c  PA:1c00102c
16257156ns          282272 1c00870a 58e79457 pv.or.b          x8, x15, x14         x8=ffdbfdcf x15:fb52bc87 x14:d7c94548
16257176ns          282273 1c00870e 0049260b p.lw             x12, 4(x18!)        x12=ffdbfdcf x18=1c001058 x18:1c001054  PA:1c001054
16257475ns          282288 1c008712 008005b3 add              x11, x0, x8         x11=ffdbfdcf  x8:ffdbfdcf
16257494ns          282289 1c008714 0a4a8513 addi             x10, x21, 164       x10=1c0000a4 x21:1c000000
16257514ns          282290 1c008718 a45ff0ef jal              x1, -1468            x1=1c00871a
16257554ns          282292 1c00815c 1c0027b7 lui              x15, 0x1c002000     x15=1c002000
16257574ns          282293 1c008160 c7478793 addi             x15, x15, -908      x15=1c001c74 x15:1c002000
16257594ns          282294 1c008164 0007a703 lw               x14, 0(x15)         x14=000000d7 x15:1c001c74  PA:1c001c74
16257892ns          282309 1c008166 00c006b3 add              x13, x0, x12        x13=ffdbfdcf x12:ffdbfdcf
16257912ns          282310 1c008168 00170713 addi             x14, x14, 1         x14=000000d8 x14:000000d7
16257932ns          282311 1c00816a 00e7a023 sw               x14, 0(x15)         x14:000000d8 x15:1c001c74  PA:1c001c74
16258250ns          282327 1c00816c 02c58163 beq              x11, x12, 34        x11:ffdbfdcf x12:ffdbfdcf
16258310ns          282330 1c00818e 00008067 jalr             x0, x1, 0            x1:1c00871a
16258370ns          282333 1c00871a ff4494e3 bne              x9, x20, -24         x9:1c001008 x20:1c001018
16258449ns          282337 1c008702 0044a78b p.lw             x15, 4(x9!)         x15=c7b94484  x9=1c00100c  x9:1c001008  PA:1c001008
16258748ns          282352 1c008706 0049a70b p.lw             x14, 4(x19!)        x14=58e7f5f9 x19=1c001034 x19:1c001030  PA:1c001030
16259066ns          282368 1c00870a 58e79457 pv.or.b          x8, x15, x14         x8=dffff5fd x15:c7b94484 x14:58e7f5f9
16259086ns          282369 1c00870e 0049260b p.lw             x12, 4(x18!)        x12=dffff5fd x18=1c00105c x18:1c001058  PA:1c001058
16259384ns          282384 1c008712 008005b3 add              x11, x0, x8         x11=dffff5fd  x8:dffff5fd
16259404ns          282385 1c008714 0a4a8513 addi             x10, x21, 164       x10=1c0000a4 x21:1c000000
16259424ns          282386 1c008718 a45ff0ef jal              x1, -1468            x1=1c00871a
16259464ns          282388 1c00815c 1c0027b7 lui              x15, 0x1c002000     x15=1c002000
16259483ns          282389 1c008160 c7478793 addi             x15, x15, -908      x15=1c001c74 x15:1c002000
16259503ns          282390 1c008164 0007a703 lw               x14, 0(x15)         x14=000000d8 x15:1c001c74  PA:1c001c74
16259822ns          282406 1c008166 00c006b3 add              x13, x0, x12        x13=dffff5fd x12:dffff5fd
16259842ns          282407 1c008168 00170713 addi             x14, x14, 1         x14=000000d9 x14:000000d8
16259861ns          282408 1c00816a 00e7a023 sw               x14, 0(x15)         x14:000000d9 x15:1c001c74  PA:1c001c74
16260180ns          282424 1c00816c 02c58163 beq              x11, x12, 34        x11:dffff5fd x12:dffff5fd
16260239ns          282427 1c00818e 00008067 jalr             x0, x1, 0            x1:1c00871a
16260299ns          282430 1c00871a ff4494e3 bne              x9, x20, -24         x9:1c00100c x20:1c001018
16260379ns          282434 1c008702 0044a78b p.lw             x15, 4(x9!)         x15=c4b80c67  x9=1c001010  x9:1c00100c  PA:1c00100c
16260697ns          282450 1c008706 0049a70b p.lw             x14, 4(x19!)        x14=479193d7 x19=1c001038 x19:1c001034  PA:1c001034
16261015ns          282466 1c00870a 58e79457 pv.or.b          x8, x15, x14         x8=c7b99ff7 x15:c4b80c67 x14:479193d7
16261035ns          282467 1c00870e 0049260b p.lw             x12, 4(x18!)        x12=c7b99ff7 x18=1c001060 x18:1c00105c  PA:1c00105c
16261333ns          282482 1c008712 008005b3 add              x11, x0, x8         x11=c7b99ff7  x8:c7b99ff7
16261353ns          282483 1c008714 0a4a8513 addi             x10, x21, 164       x10=1c0000a4 x21:1c000000
16261373ns          282484 1c008718 a45ff0ef jal              x1, -1468            x1=1c00871a
16261413ns          282486 1c00815c 1c0027b7 lui              x15, 0x1c002000     x15=1c002000
16261433ns          282487 1c008160 c7478793 addi             x15, x15, -908      x15=1c001c74 x15:1c002000
16261453ns          282488 1c008164 0007a703 lw               x14, 0(x15)         x14=000000d9 x15:1c001c74  PA:1c001c74
16261751ns          282503 1c008166 00c006b3 add              x13, x0, x12        x13=c7b99ff7 x12:c7b99ff7
16261771ns          282504 1c008168 00170713 addi             x14, x14, 1         x14=000000da x14:000000d9
16261791ns          282505 1c00816a 00e7a023 sw               x14, 0(x15)         x14:000000da x15:1c001c74  PA:1c001c74
16262109ns          282521 1c00816c 02c58163 beq              x11, x12, 34        x11:c7b99ff7 x12:c7b99ff7
16262169ns          282524 1c00818e 00008067 jalr             x0, x1, 0            x1:1c00871a
16262228ns          282527 1c00871a ff4494e3 bne              x9, x20, -24         x9:1c001010 x20:1c001018
16262308ns          282531 1c008702 0044a78b p.lw             x15, 4(x9!)         x15=0d3e3d92  x9=1c001014  x9:1c001010  PA:1c001010
16262606ns          282546 1c008706 0049a70b p.lw             x14, 4(x19!)        x14=58a911dc x19=1c00103c x19:1c001038  PA:1c001038
16262925ns          282562 1c00870a 58e79457 pv.or.b          x8, x15, x14         x8=5dbf3dde x15:0d3e3d92 x14:58a911dc
16262944ns          282563 1c00870e 0049260b p.lw             x12, 4(x18!)        x12=5dbf3dde x18=1c001064 x18:1c001060  PA:1c001060
16263243ns          282578 1c008712 008005b3 add              x11, x0, x8         x11=5dbf3dde  x8:5dbf3dde
16263263ns          282579 1c008714 0a4a8513 addi             x10, x21, 164       x10=1c0000a4 x21:1c000000
16263283ns          282580 1c008718 a45ff0ef jal              x1, -1468            x1=1c00871a
16263322ns          282582 1c00815c 1c0027b7 lui              x15, 0x1c002000     x15=1c002000
16263342ns          282583 1c008160 c7478793 addi             x15, x15, -908      x15=1c001c74 x15:1c002000
16263362ns          282584 1c008164 0007a703 lw               x14, 0(x15)         x14=000000da x15:1c001c74  PA:1c001c74
16263661ns          282599 1c008166 00c006b3 add              x13, x0, x12        x13=5dbf3dde x12:5dbf3dde
16263680ns          282600 1c008168 00170713 addi             x14, x14, 1         x14=000000db x14:000000da
16263700ns          282601 1c00816a 00e7a023 sw               x14, 0(x15)         x14:000000db x15:1c001c74  PA:1c001c74
16264019ns          282617 1c00816c 02c58163 beq              x11, x12, 34        x11:5dbf3dde x12:5dbf3dde
16264078ns          282620 1c00818e 00008067 jalr             x0, x1, 0            x1:1c00871a
16264138ns          282623 1c00871a ff4494e3 bne              x9, x20, -24         x9:1c001014 x20:1c001018
16264217ns          282627 1c008702 0044a78b p.lw             x15, 4(x9!)         x15=5ead54a3  x9=1c001018  x9:1c001014  PA:1c001014
16264516ns          282642 1c008706 0049a70b p.lw             x14, 4(x19!)        x14=e17bfc1e x19=1c001040 x19:1c00103c  PA:1c00103c
16264834ns          282658 1c00870a 58e79457 pv.or.b          x8, x15, x14         x8=fffffcbf x15:5ead54a3 x14:e17bfc1e
16264854ns          282659 1c00870e 0049260b p.lw             x12, 4(x18!)        x12=fffffcbf x18=1c001068 x18:1c001064  PA:1c001064
16265152ns          282674 1c008712 008005b3 add              x11, x0, x8         x11=fffffcbf  x8:fffffcbf
16265172ns          282675 1c008714 0a4a8513 addi             x10, x21, 164       x10=1c0000a4 x21:1c000000
16265192ns          282676 1c008718 a45ff0ef jal              x1, -1468            x1=1c00871a
16265232ns          282678 1c00815c 1c0027b7 lui              x15, 0x1c002000     x15=1c002000
16265252ns          282679 1c008160 c7478793 addi             x15, x15, -908      x15=1c001c74 x15:1c002000
16265272ns          282680 1c008164 0007a703 lw               x14, 0(x15)         x14=000000db x15:1c001c74  PA:1c001c74
16265570ns          282695 1c008166 00c006b3 add              x13, x0, x12        x13=fffffcbf x12:fffffcbf
16265590ns          282696 1c008168 00170713 addi             x14, x14, 1         x14=000000dc x14:000000db
16265610ns          282697 1c00816a 00e7a023 sw               x14, 0(x15)         x14:000000dc x15:1c001c74  PA:1c001c74
16265928ns          282713 1c00816c 02c58163 beq              x11, x12, 34        x11:fffffcbf x12:fffffcbf
16265988ns          282716 1c00818e 00008067 jalr             x0, x1, 0            x1:1c00871a
16266047ns          282719 1c00871a ff4494e3 bne              x9, x20, -24         x9:1c001018 x20:1c001018
16266067ns          282720 1c00871e 1c0014b7 lui              x9, 0x1c001000       x9=1c001000
16266087ns          282721 1c008722 06848493 addi             x9, x9, 104          x9=1c001068  x9:1c001000
16266107ns          282722 1c008726 1c0019b7 lui              x19, 0x1c001000     x19=1c001000
16266127ns          282723 1c00872a 1c001937 lui              x18, 0x1c001000     x18=1c001000
16266584ns          282746 1c00872e 09098993 addi             x19, x19, 144       x19=1c001090 x19:1c001000
16266624ns          282748 1c008732 0b890913 addi             x18, x18, 184       x18=1c0010b8 x18:1c001000
16266644ns          282749 1c008736 02848a13 addi             x20, x9, 40         x20=1c001090  x9:1c001068
16266664ns          282750 1c00873a 1c000ab7 lui              x21, 0x1c000000     x21=1c000000
16267102ns          282772 1c00873e 0044a78b p.lw             x15, 4(x9!)         x15=fde72320  x9=1c00106c  x9:1c001068  PA:1c001068
16267440ns          282789 1c008742 0049a70b p.lw             x14, 4(x19!)        x14=26977a97 x19=1c001094 x19:1c001090  PA:1c001090
16267778ns          282806 1c008746 58e7d457 pv.or.sc.b       x8, x15, x14         x8=fff7b7b7 x15:fde72320 x14:97979797
16267798ns          282807 1c00874a 0049260b p.lw             x12, 4(x18!)        x12=fff7b7b7 x18=1c0010bc x18:1c0010b8  PA:1c0010b8
16268096ns          282822 1c00874e 008005b3 add              x11, x0, x8         x11=fff7b7b7  x8:fff7b7b7
16268116ns          282823 1c008750 0aca8513 addi             x10, x21, 172       x10=1c0000ac x21:1c000000
16268136ns          282824 1c008754 a09ff0ef jal              x1, -1528            x1=1c008756
16268216ns          282828 1c00815c 1c0027b7 lui              x15, 0x1c002000     x15=1c002000
16268255ns          282830 1c008160 c7478793 addi             x15, x15, -908      x15=1c001c74 x15:1c002000
16268275ns          282831 1c008164 0007a703 lw               x14, 0(x15)         x14=000000dc x15:1c001c74  PA:1c001c74
16268593ns          282847 1c008166 00c006b3 add              x13, x0, x12        x13=fff7b7b7 x12:fff7b7b7
16268613ns          282848 1c008168 00170713 addi             x14, x14, 1         x14=000000dd x14:000000dc
16268633ns          282849 1c00816a 00e7a023 sw               x14, 0(x15)         x14:000000dd x15:1c001c74  PA:1c001c74
16268951ns          282865 1c00816c 02c58163 beq              x11, x12, 34        x11:fff7b7b7 x12:fff7b7b7
16269011ns          282868 1c00818e 00008067 jalr             x0, x1, 0            x1:1c008756
16269071ns          282871 1c008756 fe9a14e3 bne              x20, x9, -24        x20:1c001090  x9:1c00106c
16269588ns          282897 1c00873e 0044a78b p.lw             x15, 4(x9!)         x15=ea55e02c  x9=1c001070  x9:1c00106c  PA:1c00106c
16269906ns          282913 1c008742 0049a70b p.lw             x14, 4(x19!)        x14=0d23afd5 x19=1c001098 x19:1c001094  PA:1c001094
16270224ns          282929 1c008746 58e7d457 pv.or.sc.b       x8, x15, x14         x8=ffd5f5fd x15:ea55e02c x14:d5d5d5d5
16270244ns          282930 1c00874a 0049260b p.lw             x12, 4(x18!)        x12=ffd5f5fd x18=1c0010c0 x18:1c0010bc  PA:1c0010bc
16270543ns          282945 1c00874e 008005b3 add              x11, x0, x8         x11=ffd5f5fd  x8:ffd5f5fd
16270563ns          282946 1c008750 0aca8513 addi             x10, x21, 172       x10=1c0000ac x21:1c000000
16270583ns          282947 1c008754 a09ff0ef jal              x1, -1528            x1=1c008756
16270622ns          282949 1c00815c 1c0027b7 lui              x15, 0x1c002000     x15=1c002000
16270642ns          282950 1c008160 c7478793 addi             x15, x15, -908      x15=1c001c74 x15:1c002000
16270662ns          282951 1c008164 0007a703 lw               x14, 0(x15)         x14=000000dd x15:1c001c74  PA:1c001c74
16270960ns          282966 1c008166 00c006b3 add              x13, x0, x12        x13=ffd5f5fd x12:ffd5f5fd
16270980ns          282967 1c008168 00170713 addi             x14, x14, 1         x14=000000de x14:000000dd
16271000ns          282968 1c00816a 00e7a023 sw               x14, 0(x15)         x14:000000de x15:1c001c74  PA:1c001c74
16271318ns          282984 1c00816c 02c58163 beq              x11, x12, 34        x11:ffd5f5fd x12:ffd5f5fd
16271378ns          282987 1c00818e 00008067 jalr             x0, x1, 0            x1:1c008756
16271438ns          282990 1c008756 fe9a14e3 bne              x20, x9, -24        x20:1c001090  x9:1c001070
16271517ns          282994 1c00873e 0044a78b p.lw             x15, 4(x9!)         x15=9b8e6bc3  x9=1c001074  x9:1c001070  PA:1c001070
16271816ns          283009 1c008742 0049a70b p.lw             x14, 4(x19!)        x14=cf31cdd3 x19=1c00109c x19:1c001098  PA:1c001098
16272134ns          283025 1c008746 58e7d457 pv.or.sc.b       x8, x15, x14         x8=dbdffbd3 x15:9b8e6bc3 x14:d3d3d3d3
16272154ns          283026 1c00874a 0049260b p.lw             x12, 4(x18!)        x12=dbdffbd3 x18=1c0010c4 x18:1c0010c0  PA:1c0010c0
16272452ns          283041 1c00874e 008005b3 add              x11, x0, x8         x11=dbdffbd3  x8:dbdffbd3
16272472ns          283042 1c008750 0aca8513 addi             x10, x21, 172       x10=1c0000ac x21:1c000000
16272492ns          283043 1c008754 a09ff0ef jal              x1, -1528            x1=1c008756
16272532ns          283045 1c00815c 1c0027b7 lui              x15, 0x1c002000     x15=1c002000
16272552ns          283046 1c008160 c7478793 addi             x15, x15, -908      x15=1c001c74 x15:1c002000
16272572ns          283047 1c008164 0007a703 lw               x14, 0(x15)         x14=000000de x15:1c001c74  PA:1c001c74
16272870ns          283062 1c008166 00c006b3 add              x13, x0, x12        x13=dbdffbd3 x12:dbdffbd3
16272890ns          283063 1c008168 00170713 addi             x14, x14, 1         x14=000000df x14:000000de
16272910ns          283064 1c00816a 00e7a023 sw               x14, 0(x15)         x14:000000df x15:1c001c74  PA:1c001c74
16273228ns          283080 1c00816c 02c58163 beq              x11, x12, 34        x11:dbdffbd3 x12:dbdffbd3
16273288ns          283083 1c00818e 00008067 jalr             x0, x1, 0            x1:1c008756
16273347ns          283086 1c008756 fe9a14e3 bne              x20, x9, -24        x20:1c001090  x9:1c001074
16273427ns          283090 1c00873e 0044a78b p.lw             x15, 4(x9!)         x15=38b16a6a  x9=1c001078  x9:1c001074  PA:1c001074
16273725ns          283105 1c008742 0049a70b p.lw             x14, 4(x19!)        x14=bbce4faf x19=1c0010a0 x19:1c00109c  PA:1c00109c
16274044ns          283121 1c008746 58e7d457 pv.or.sc.b       x8, x15, x14         x8=bfbfefef x15:38b16a6a x14:afafafaf
16274063ns          283122 1c00874a 0049260b p.lw             x12, 4(x18!)        x12=bfbfefef x18=1c0010c8 x18:1c0010c4  PA:1c0010c4
16274382ns          283138 1c00874e 008005b3 add              x11, x0, x8         x11=bfbfefef  x8:bfbfefef
16274402ns          283139 1c008750 0aca8513 addi             x10, x21, 172       x10=1c0000ac x21:1c000000
16274421ns          283140 1c008754 a09ff0ef jal              x1, -1528            x1=1c008756
16274461ns          283142 1c00815c 1c0027b7 lui              x15, 0x1c002000     x15=1c002000
16274481ns          283143 1c008160 c7478793 addi             x15, x15, -908      x15=1c001c74 x15:1c002000
16274501ns          283144 1c008164 0007a703 lw               x14, 0(x15)         x14=000000df x15:1c001c74  PA:1c001c74
16274799ns          283159 1c008166 00c006b3 add              x13, x0, x12        x13=bfbfefef x12:bfbfefef
16274819ns          283160 1c008168 00170713 addi             x14, x14, 1         x14=000000e0 x14:000000df
16274839ns          283161 1c00816a 00e7a023 sw               x14, 0(x15)         x14:000000e0 x15:1c001c74  PA:1c001c74
16275157ns          283177 1c00816c 02c58163 beq              x11, x12, 34        x11:bfbfefef x12:bfbfefef
16275217ns          283180 1c00818e 00008067 jalr             x0, x1, 0            x1:1c008756
16275277ns          283183 1c008756 fe9a14e3 bne              x20, x9, -24        x20:1c001090  x9:1c001078
16275356ns          283187 1c00873e 0044a78b p.lw             x15, 4(x9!)         x15=09eb25ab  x9=1c00107c  x9:1c001078  PA:1c001078
16275675ns          283203 1c008742 0049a70b p.lw             x14, 4(x19!)        x14=3096d470 x19=1c0010a4 x19:1c0010a0  PA:1c0010a0
16276013ns          283220 1c008746 58e7d457 pv.or.sc.b       x8, x15, x14         x8=79fb75fb x15:09eb25ab x14:70707070
16276033ns          283221 1c00874a 0049260b p.lw             x12, 4(x18!)        x12=79fb75fb x18=1c0010cc x18:1c0010c8  PA:1c0010c8
16276331ns          283236 1c00874e 008005b3 add              x11, x0, x8         x11=79fb75fb  x8:79fb75fb
16276351ns          283237 1c008750 0aca8513 addi             x10, x21, 172       x10=1c0000ac x21:1c000000
16276371ns          283238 1c008754 a09ff0ef jal              x1, -1528            x1=1c008756
16276411ns          283240 1c00815c 1c0027b7 lui              x15, 0x1c002000     x15=1c002000
16276430ns          283241 1c008160 c7478793 addi             x15, x15, -908      x15=1c001c74 x15:1c002000
16276450ns          283242 1c008164 0007a703 lw               x14, 0(x15)         x14=000000e0 x15:1c001c74  PA:1c001c74
16276749ns          283257 1c008166 00c006b3 add              x13, x0, x12        x13=79fb75fb x12:79fb75fb
16276769ns          283258 1c008168 00170713 addi             x14, x14, 1         x14=000000e1 x14:000000e0
16276788ns          283259 1c00816a 00e7a023 sw               x14, 0(x15)         x14:000000e1 x15:1c001c74  PA:1c001c74
16277127ns          283276 1c00816c 02c58163 beq              x11, x12, 34        x11:79fb75fb x12:79fb75fb
16277186ns          283279 1c00818e 00008067 jalr             x0, x1, 0            x1:1c008756
16277246ns          283282 1c008756 fe9a14e3 bne              x20, x9, -24        x20:1c001090  x9:1c00107c
16277325ns          283286 1c00873e 0044a78b p.lw             x15, 4(x9!)         x15=33d218df  x9=1c001080  x9:1c00107c  PA:1c00107c
16277624ns          283301 1c008742 0049a70b p.lw             x14, 4(x19!)        x14=ec562dcc x19=1c0010a8 x19:1c0010a4  PA:1c0010a4
16277942ns          283317 1c008746 58e7d457 pv.or.sc.b       x8, x15, x14         x8=ffdedcdf x15:33d218df x14:cccccccc
16277962ns          283318 1c00874a 0049260b p.lw             x12, 4(x18!)        x12=ffdedcdf x18=1c0010d0 x18:1c0010cc  PA:1c0010cc
16278260ns          283333 1c00874e 008005b3 add              x11, x0, x8         x11=ffdedcdf  x8:ffdedcdf
16278280ns          283334 1c008750 0aca8513 addi             x10, x21, 172       x10=1c0000ac x21:1c000000
16278300ns          283335 1c008754 a09ff0ef jal              x1, -1528            x1=1c008756
16278340ns          283337 1c00815c 1c0027b7 lui              x15, 0x1c002000     x15=1c002000
16278360ns          283338 1c008160 c7478793 addi             x15, x15, -908      x15=1c001c74 x15:1c002000
16278380ns          283339 1c008164 0007a703 lw               x14, 0(x15)         x14=000000e1 x15:1c001c74  PA:1c001c74
16278678ns          283354 1c008166 00c006b3 add              x13, x0, x12        x13=ffdedcdf x12:ffdedcdf
16278698ns          283355 1c008168 00170713 addi             x14, x14, 1         x14=000000e2 x14:000000e1
16278718ns          283356 1c00816a 00e7a023 sw               x14, 0(x15)         x14:000000e2 x15:1c001c74  PA:1c001c74
16279036ns          283372 1c00816c 02c58163 beq              x11, x12, 34        x11:ffdedcdf x12:ffdedcdf
16279096ns          283375 1c00818e 00008067 jalr             x0, x1, 0            x1:1c008756
16279155ns          283378 1c008756 fe9a14e3 bne              x20, x9, -24        x20:1c001090  x9:1c001080
16279235ns          283382 1c00873e 0044a78b p.lw             x15, 4(x9!)         x15=f52e14b4  x9=1c001084  x9:1c001080  PA:1c001080
16279533ns          283397 1c008742 0049a70b p.lw             x14, 4(x19!)        x14=ca699466 x19=1c0010ac x19:1c0010a8  PA:1c0010a8
16279852ns          283413 1c008746 58e7d457 pv.or.sc.b       x8, x15, x14         x8=f76e76f6 x15:f52e14b4 x14:66666666
16279872ns          283414 1c00874a 0049260b p.lw             x12, 4(x18!)        x12=f76e76f6 x18=1c0010d4 x18:1c0010d0  PA:1c0010d0
16280170ns          283429 1c00874e 008005b3 add              x11, x0, x8         x11=f76e76f6  x8:f76e76f6
16280190ns          283430 1c008750 0aca8513 addi             x10, x21, 172       x10=1c0000ac x21:1c000000
16280210ns          283431 1c008754 a09ff0ef jal              x1, -1528            x1=1c008756
16280249ns          283433 1c00815c 1c0027b7 lui              x15, 0x1c002000     x15=1c002000
16280269ns          283434 1c008160 c7478793 addi             x15, x15, -908      x15=1c001c74 x15:1c002000
16280289ns          283435 1c008164 0007a703 lw               x14, 0(x15)         x14=000000e2 x15:1c001c74  PA:1c001c74
16280588ns          283450 1c008166 00c006b3 add              x13, x0, x12        x13=f76e76f6 x12:f76e76f6
16280607ns          283451 1c008168 00170713 addi             x14, x14, 1         x14=000000e3 x14:000000e2
16280627ns          283452 1c00816a 00e7a023 sw               x14, 0(x15)         x14:000000e3 x15:1c001c74  PA:1c001c74
16280946ns          283468 1c00816c 02c58163 beq              x11, x12, 34        x11:f76e76f6 x12:f76e76f6
16281005ns          283471 1c00818e 00008067 jalr             x0, x1, 0            x1:1c008756
16281065ns          283474 1c008756 fe9a14e3 bne              x20, x9, -24        x20:1c001090  x9:1c001084
16281145ns          283478 1c00873e 0044a78b p.lw             x15, 4(x9!)         x15=a8a410c4  x9=1c001088  x9:1c001084  PA:1c001084
16281443ns          283493 1c008742 0049a70b p.lw             x14, 4(x19!)        x14=22ac67a9 x19=1c0010b0 x19:1c0010ac  PA:1c0010ac
16281761ns          283509 1c008746 58e7d457 pv.or.sc.b       x8, x15, x14         x8=a9adb9ed x15:a8a410c4 x14:a9a9a9a9
16281781ns          283510 1c00874a 0049260b p.lw             x12, 4(x18!)        x12=a9adb9ed x18=1c0010d8 x18:1c0010d4  PA:1c0010d4
16282079ns          283525 1c00874e 008005b3 add              x11, x0, x8         x11=a9adb9ed  x8:a9adb9ed
16282099ns          283526 1c008750 0aca8513 addi             x10, x21, 172       x10=1c0000ac x21:1c000000
16282119ns          283527 1c008754 a09ff0ef jal              x1, -1528            x1=1c008756
16282159ns          283529 1c00815c 1c0027b7 lui              x15, 0x1c002000     x15=1c002000
16282179ns          283530 1c008160 c7478793 addi             x15, x15, -908      x15=1c001c74 x15:1c002000
16282199ns          283531 1c008164 0007a703 lw               x14, 0(x15)         x14=000000e3 x15:1c001c74  PA:1c001c74
16282497ns          283546 1c008166 00c006b3 add              x13, x0, x12        x13=a9adb9ed x12:a9adb9ed
16282517ns          283547 1c008168 00170713 addi             x14, x14, 1         x14=000000e4 x14:000000e3
16282537ns          283548 1c00816a 00e7a023 sw               x14, 0(x15)         x14:000000e4 x15:1c001c74  PA:1c001c74
16282855ns          283564 1c00816c 02c58163 beq              x11, x12, 34        x11:a9adb9ed x12:a9adb9ed
16282915ns          283567 1c00818e 00008067 jalr             x0, x1, 0            x1:1c008756
16282974ns          283570 1c008756 fe9a14e3 bne              x20, x9, -24        x20:1c001090  x9:1c001088
16283054ns          283574 1c00873e 0044a78b p.lw             x15, 4(x9!)         x15=6e5c5c33  x9=1c00108c  x9:1c001088  PA:1c001088
16283352ns          283589 1c008742 0049a70b p.lw             x14, 4(x19!)        x14=571a0dee x19=1c0010b4 x19:1c0010b0  PA:1c0010b0
16283691ns          283606 1c008746 58e7d457 pv.or.sc.b       x8, x15, x14         x8=eefefeff x15:6e5c5c33 x14:eeeeeeee
16283710ns          283607 1c00874a 0049260b p.lw             x12, 4(x18!)        x12=eefefeff x18=1c0010dc x18:1c0010d8  PA:1c0010d8
16284009ns          283622 1c00874e 008005b3 add              x11, x0, x8         x11=eefefeff  x8:eefefeff
16284029ns          283623 1c008750 0aca8513 addi             x10, x21, 172       x10=1c0000ac x21:1c000000
16284049ns          283624 1c008754 a09ff0ef jal              x1, -1528            x1=1c008756
16284088ns          283626 1c00815c 1c0027b7 lui              x15, 0x1c002000     x15=1c002000
16284108ns          283627 1c008160 c7478793 addi             x15, x15, -908      x15=1c001c74 x15:1c002000
16284128ns          283628 1c008164 0007a703 lw               x14, 0(x15)         x14=000000e4 x15:1c001c74  PA:1c001c74
16284426ns          283643 1c008166 00c006b3 add              x13, x0, x12        x13=eefefeff x12:eefefeff
16284446ns          283644 1c008168 00170713 addi             x14, x14, 1         x14=000000e5 x14:000000e4
16284466ns          283645 1c00816a 00e7a023 sw               x14, 0(x15)         x14:000000e5 x15:1c001c74  PA:1c001c74
16284785ns          283661 1c00816c 02c58163 beq              x11, x12, 34        x11:eefefeff x12:eefefeff
16284844ns          283664 1c00818e 00008067 jalr             x0, x1, 0            x1:1c008756
16284904ns          283667 1c008756 fe9a14e3 bne              x20, x9, -24        x20:1c001090  x9:1c00108c
16284983ns          283671 1c00873e 0044a78b p.lw             x15, 4(x9!)         x15=cd4aab46  x9=1c001090  x9:1c00108c  PA:1c00108c
16285282ns          283686 1c008742 0049a70b p.lw             x14, 4(x19!)        x14=68ff0e7d x19=1c0010b8 x19:1c0010b4  PA:1c0010b4
16285620ns          283703 1c008746 58e7d457 pv.or.sc.b       x8, x15, x14         x8=fd7fff7f x15:cd4aab46 x14:7d7d7d7d
16285640ns          283704 1c00874a 0049260b p.lw             x12, 4(x18!)        x12=fd7fff7f x18=1c0010e0 x18:1c0010dc  PA:1c0010dc
16285938ns          283719 1c00874e 008005b3 add              x11, x0, x8         x11=fd7fff7f  x8:fd7fff7f
16285958ns          283720 1c008750 0aca8513 addi             x10, x21, 172       x10=1c0000ac x21:1c000000
16285978ns          283721 1c008754 a09ff0ef jal              x1, -1528            x1=1c008756
16286018ns          283723 1c00815c 1c0027b7 lui              x15, 0x1c002000     x15=1c002000
16286038ns          283724 1c008160 c7478793 addi             x15, x15, -908      x15=1c001c74 x15:1c002000
16286058ns          283725 1c008164 0007a703 lw               x14, 0(x15)         x14=000000e5 x15:1c001c74  PA:1c001c74
16286376ns          283741 1c008166 00c006b3 add              x13, x0, x12        x13=fd7fff7f x12:fd7fff7f
16286396ns          283742 1c008168 00170713 addi             x14, x14, 1         x14=000000e6 x14:000000e5
16286416ns          283743 1c00816a 00e7a023 sw               x14, 0(x15)         x14:000000e6 x15:1c001c74  PA:1c001c74
16286734ns          283759 1c00816c 02c58163 beq              x11, x12, 34        x11:fd7fff7f x12:fd7fff7f
16286793ns          283762 1c00818e 00008067 jalr             x0, x1, 0            x1:1c008756
16286853ns          283765 1c008756 fe9a14e3 bne              x20, x9, -24        x20:1c001090  x9:1c001090
16286873ns          283766 1c00875a 1c0014b7 lui              x9, 0x1c001000       x9=1c001000
16286893ns          283767 1c00875e 0e048493 addi             x9, x9, 224          x9=1c0010e0  x9:1c001000
16286913ns          283768 1c008762 1c001937 lui              x18, 0x1c001000     x18=1c001000
16286933ns          283769 1c008766 10890913 addi             x18, x18, 264       x18=1c001108 x18:1c001000
16286953ns          283770 1c00876a 02848993 addi             x19, x9, 40         x19=1c001108  x9:1c0010e0
16287390ns          283792 1c00876e 1c000a37 lui              x20, 0x1c000000     x20=1c000000
16287430ns          283794 1c008772 0044a78b p.lw             x15, 4(x9!)         x15=c2cc2499  x9=1c0010e4  x9:1c0010e0  PA:1c0010e0
16287788ns          283812 1c008776 5a57f457 pv.or.sci.b      x8, x15, 0x11        x8=cbcf2f9b x15:c2cc2499
16287808ns          283813 1c00877a 0049260b p.lw             x12, 4(x18!)        x12=cbcf2f9b x18=1c00110c x18:1c001108  PA:1c001108
16288106ns          283828 1c00877e 008005b3 add              x11, x0, x8         x11=cbcf2f9b  x8:cbcf2f9b
16288126ns          283829 1c008780 0b8a0513 addi             x10, x20, 184       x10=1c0000b8 x20:1c000000
16288146ns          283830 1c008784 9d9ff0ef jal              x1, -1576            x1=1c008786
16288186ns          283832 1c00815c 1c0027b7 lui              x15, 0x1c002000     x15=1c002000
16288206ns          283833 1c008160 c7478793 addi             x15, x15, -908      x15=1c001c74 x15:1c002000
16288226ns          283834 1c008164 0007a703 lw               x14, 0(x15)         x14=000000e6 x15:1c001c74  PA:1c001c74
16288524ns          283849 1c008166 00c006b3 add              x13, x0, x12        x13=cbcf2f9b x12:cbcf2f9b
16288544ns          283850 1c008168 00170713 addi             x14, x14, 1         x14=000000e7 x14:000000e6
16288564ns          283851 1c00816a 00e7a023 sw               x14, 0(x15)         x14:000000e7 x15:1c001c74  PA:1c001c74
16288882ns          283867 1c00816c 02c58163 beq              x11, x12, 34        x11:cbcf2f9b x12:cbcf2f9b
16288942ns          283870 1c00818e 00008067 jalr             x0, x1, 0            x1:1c008786
16289001ns          283873 1c008786 fe9996e3 bne              x19, x9, -20        x19:1c001108  x9:1c0010e4
16289519ns          283899 1c008772 0044a78b p.lw             x15, 4(x9!)         x15=33ee13e0  x9=1c0010e8  x9:1c0010e4  PA:1c0010e4
16289857ns          283916 1c008776 5a57f457 pv.or.sci.b      x8, x15, 0x11        x8=3bef1beb x15:33ee13e0
16289877ns          283917 1c00877a 0049260b p.lw             x12, 4(x18!)        x12=3bef1beb x18=1c001110 x18:1c00110c  PA:1c00110c
16290175ns          283932 1c00877e 008005b3 add              x11, x0, x8         x11=3bef1beb  x8:3bef1beb
16290195ns          283933 1c008780 0b8a0513 addi             x10, x20, 184       x10=1c0000b8 x20:1c000000
16290215ns          283934 1c008784 9d9ff0ef jal              x1, -1576            x1=1c008786
16290254ns          283936 1c00815c 1c0027b7 lui              x15, 0x1c002000     x15=1c002000
16290274ns          283937 1c008160 c7478793 addi             x15, x15, -908      x15=1c001c74 x15:1c002000
16290294ns          283938 1c008164 0007a703 lw               x14, 0(x15)         x14=000000e7 x15:1c001c74  PA:1c001c74
16290593ns          283953 1c008166 00c006b3 add              x13, x0, x12        x13=3bef1beb x12:3bef1beb
16290613ns          283954 1c008168 00170713 addi             x14, x14, 1         x14=000000e8 x14:000000e7
16290632ns          283955 1c00816a 00e7a023 sw               x14, 0(x15)         x14:000000e8 x15:1c001c74  PA:1c001c74
16290971ns          283972 1c00816c 02c58163 beq              x11, x12, 34        x11:3bef1beb x12:3bef1beb
16291030ns          283975 1c00818e 00008067 jalr             x0, x1, 0            x1:1c008786
16291150ns          283981 1c008786 fe9996e3 bne              x19, x9, -20        x19:1c001108  x9:1c0010e8
16291229ns          283985 1c008772 0044a78b p.lw             x15, 4(x9!)         x15=f05252ee  x9=1c0010ec  x9:1c0010e8  PA:1c0010e8
16291547ns          284001 1c008776 5a57f457 pv.or.sci.b      x8, x15, 0x11        x8=fb5b5bef x15:f05252ee
16291567ns          284002 1c00877a 0049260b p.lw             x12, 4(x18!)        x12=fb5b5bef x18=1c001114 x18:1c001110  PA:1c001110
16291866ns          284017 1c00877e 008005b3 add              x11, x0, x8         x11=fb5b5bef  x8:fb5b5bef
16291886ns          284018 1c008780 0b8a0513 addi             x10, x20, 184       x10=1c0000b8 x20:1c000000
16291905ns          284019 1c008784 9d9ff0ef jal              x1, -1576            x1=1c008786
16291945ns          284021 1c00815c 1c0027b7 lui              x15, 0x1c002000     x15=1c002000
16291965ns          284022 1c008160 c7478793 addi             x15, x15, -908      x15=1c001c74 x15:1c002000
16291985ns          284023 1c008164 0007a703 lw               x14, 0(x15)         x14=000000e8 x15:1c001c74  PA:1c001c74
16292283ns          284038 1c008166 00c006b3 add              x13, x0, x12        x13=fb5b5bef x12:fb5b5bef
16292303ns          284039 1c008168 00170713 addi             x14, x14, 1         x14=000000e9 x14:000000e8
16292323ns          284040 1c00816a 00e7a023 sw               x14, 0(x15)         x14:000000e9 x15:1c001c74  PA:1c001c74
16292661ns          284057 1c00816c 02c58163 beq              x11, x12, 34        x11:fb5b5bef x12:fb5b5bef
16292721ns          284060 1c00818e 00008067 jalr             x0, x1, 0            x1:1c008786
16292781ns          284063 1c008786 fe9996e3 bne              x19, x9, -20        x19:1c001108  x9:1c0010ec
16292860ns          284067 1c008772 0044a78b p.lw             x15, 4(x9!)         x15=db72d6f7  x9=1c0010f0  x9:1c0010ec  PA:1c0010ec
16293178ns          284083 1c008776 5a57f457 pv.or.sci.b      x8, x15, 0x11        x8=db7bdfff x15:db72d6f7
16293198ns          284084 1c00877a 0049260b p.lw             x12, 4(x18!)        x12=db7bdfff x18=1c001118 x18:1c001114  PA:1c001114
16293517ns          284100 1c00877e 008005b3 add              x11, x0, x8         x11=db7bdfff  x8:db7bdfff
16293536ns          284101 1c008780 0b8a0513 addi             x10, x20, 184       x10=1c0000b8 x20:1c000000
16293556ns          284102 1c008784 9d9ff0ef jal              x1, -1576            x1=1c008786
16293596ns          284104 1c00815c 1c0027b7 lui              x15, 0x1c002000     x15=1c002000
16293616ns          284105 1c008160 c7478793 addi             x15, x15, -908      x15=1c001c74 x15:1c002000
16293636ns          284106 1c008164 0007a703 lw               x14, 0(x15)         x14=000000e9 x15:1c001c74  PA:1c001c74
16293934ns          284121 1c008166 00c006b3 add              x13, x0, x12        x13=db7bdfff x12:db7bdfff
16293954ns          284122 1c008168 00170713 addi             x14, x14, 1         x14=000000ea x14:000000e9
16293974ns          284123 1c00816a 00e7a023 sw               x14, 0(x15)         x14:000000ea x15:1c001c74  PA:1c001c74
16294312ns          284140 1c00816c 02c58163 beq              x11, x12, 34        x11:db7bdfff x12:db7bdfff
16294372ns          284143 1c00818e 00008067 jalr             x0, x1, 0            x1:1c008786
16294432ns          284146 1c008786 fe9996e3 bne              x19, x9, -20        x19:1c001108  x9:1c0010f0
16294511ns          284150 1c008772 0044a78b p.lw             x15, 4(x9!)         x15=eb457593  x9=1c0010f4  x9:1c0010f0  PA:1c0010f0
16294829ns          284166 1c008776 5a57f457 pv.or.sci.b      x8, x15, 0x11        x8=eb4f7f9b x15:eb457593
16294849ns          284167 1c00877a 0049260b p.lw             x12, 4(x18!)        x12=eb4f7f9b x18=1c00111c x18:1c001118  PA:1c001118
16295148ns          284182 1c00877e 008005b3 add              x11, x0, x8         x11=eb4f7f9b  x8:eb4f7f9b
16295167ns          284183 1c008780 0b8a0513 addi             x10, x20, 184       x10=1c0000b8 x20:1c000000
16295187ns          284184 1c008784 9d9ff0ef jal              x1, -1576            x1=1c008786
16295227ns          284186 1c00815c 1c0027b7 lui              x15, 0x1c002000     x15=1c002000
16295247ns          284187 1c008160 c7478793 addi             x15, x15, -908      x15=1c001c74 x15:1c002000
16295267ns          284188 1c008164 0007a703 lw               x14, 0(x15)         x14=000000ea x15:1c001c74  PA:1c001c74
16295565ns          284203 1c008166 00c006b3 add              x13, x0, x12        x13=eb4f7f9b x12:eb4f7f9b
16295585ns          284204 1c008168 00170713 addi             x14, x14, 1         x14=000000eb x14:000000ea
16295605ns          284205 1c00816a 00e7a023 sw               x14, 0(x15)         x14:000000eb x15:1c001c74  PA:1c001c74
16295923ns          284221 1c00816c 02c58163 beq              x11, x12, 34        x11:eb4f7f9b x12:eb4f7f9b
16295983ns          284224 1c00818e 00008067 jalr             x0, x1, 0            x1:1c008786
16296043ns          284227 1c008786 fe9996e3 bne              x19, x9, -20        x19:1c001108  x9:1c0010f4
16296122ns          284231 1c008772 0044a78b p.lw             x15, 4(x9!)         x15=df37965c  x9=1c0010f8  x9:1c0010f4  PA:1c0010f4
16296441ns          284247 1c008776 5a57f457 pv.or.sci.b      x8, x15, 0x11        x8=df3f9f5f x15:df37965c
16296460ns          284248 1c00877a 0049260b p.lw             x12, 4(x18!)        x12=df3f9f5f x18=1c001120 x18:1c00111c  PA:1c00111c
16296759ns          284263 1c00877e 008005b3 add              x11, x0, x8         x11=df3f9f5f  x8:df3f9f5f
16296779ns          284264 1c008780 0b8a0513 addi             x10, x20, 184       x10=1c0000b8 x20:1c000000
16296799ns          284265 1c008784 9d9ff0ef jal              x1, -1576            x1=1c008786
16296838ns          284267 1c00815c 1c0027b7 lui              x15, 0x1c002000     x15=1c002000
16296858ns          284268 1c008160 c7478793 addi             x15, x15, -908      x15=1c001c74 x15:1c002000
16296878ns          284269 1c008164 0007a703 lw               x14, 0(x15)         x14=000000eb x15:1c001c74  PA:1c001c74
16297196ns          284285 1c008166 00c006b3 add              x13, x0, x12        x13=df3f9f5f x12:df3f9f5f
16297216ns          284286 1c008168 00170713 addi             x14, x14, 1         x14=000000ec x14:000000eb
16297236ns          284287 1c00816a 00e7a023 sw               x14, 0(x15)         x14:000000ec x15:1c001c74  PA:1c001c74
16297554ns          284303 1c00816c 02c58163 beq              x11, x12, 34        x11:df3f9f5f x12:df3f9f5f
16297614ns          284306 1c00818e 00008067 jalr             x0, x1, 0            x1:1c008786
16297674ns          284309 1c008786 fe9996e3 bne              x19, x9, -20        x19:1c001108  x9:1c0010f8
16297753ns          284313 1c008772 0044a78b p.lw             x15, 4(x9!)         x15=94ad3680  x9=1c0010fc  x9:1c0010f8  PA:1c0010f8
16298072ns          284329 1c008776 5a57f457 pv.or.sci.b      x8, x15, 0x11        x8=9faf3f8b x15:94ad3680
16298091ns          284330 1c00877a 0049260b p.lw             x12, 4(x18!)        x12=9faf3f8b x18=1c001124 x18:1c001120  PA:1c001120
16298410ns          284346 1c00877e 008005b3 add              x11, x0, x8         x11=9faf3f8b  x8:9faf3f8b
16298430ns          284347 1c008780 0b8a0513 addi             x10, x20, 184       x10=1c0000b8 x20:1c000000
16298449ns          284348 1c008784 9d9ff0ef jal              x1, -1576            x1=1c008786
16298489ns          284350 1c00815c 1c0027b7 lui              x15, 0x1c002000     x15=1c002000
16298509ns          284351 1c008160 c7478793 addi             x15, x15, -908      x15=1c001c74 x15:1c002000
16298529ns          284352 1c008164 0007a703 lw               x14, 0(x15)         x14=000000ec x15:1c001c74  PA:1c001c74
16298827ns          284367 1c008166 00c006b3 add              x13, x0, x12        x13=9faf3f8b x12:9faf3f8b
16298847ns          284368 1c008168 00170713 addi             x14, x14, 1         x14=000000ed x14:000000ec
16298867ns          284369 1c00816a 00e7a023 sw               x14, 0(x15)         x14:000000ed x15:1c001c74  PA:1c001c74
16299185ns          284385 1c00816c 02c58163 beq              x11, x12, 34        x11:9faf3f8b x12:9faf3f8b
16299245ns          284388 1c00818e 00008067 jalr             x0, x1, 0            x1:1c008786
16299305ns          284391 1c008786 fe9996e3 bne              x19, x9, -20        x19:1c001108  x9:1c0010fc
16299384ns          284395 1c008772 0044a78b p.lw             x15, 4(x9!)         x15=2c99a0f2  x9=1c001100  x9:1c0010fc  PA:1c0010fc
16299722ns          284412 1c008776 5a57f457 pv.or.sci.b      x8, x15, 0x11        x8=2f9babfb x15:2c99a0f2
16299742ns          284413 1c00877a 0049260b p.lw             x12, 4(x18!)        x12=2f9babfb x18=1c001128 x18:1c001124  PA:1c001124
16300041ns          284428 1c00877e 008005b3 add              x11, x0, x8         x11=2f9babfb  x8:2f9babfb
16300061ns          284429 1c008780 0b8a0513 addi             x10, x20, 184       x10=1c0000b8 x20:1c000000
16300081ns          284430 1c008784 9d9ff0ef jal              x1, -1576            x1=1c008786
16300120ns          284432 1c00815c 1c0027b7 lui              x15, 0x1c002000     x15=1c002000
16300140ns          284433 1c008160 c7478793 addi             x15, x15, -908      x15=1c001c74 x15:1c002000
16300160ns          284434 1c008164 0007a703 lw               x14, 0(x15)         x14=000000ed x15:1c001c74  PA:1c001c74
16300458ns          284449 1c008166 00c006b3 add              x13, x0, x12        x13=2f9babfb x12:2f9babfb
16300478ns          284450 1c008168 00170713 addi             x14, x14, 1         x14=000000ee x14:000000ed
16300498ns          284451 1c00816a 00e7a023 sw               x14, 0(x15)         x14:000000ee x15:1c001c74  PA:1c001c74
16300816ns          284467 1c00816c 02c58163 beq              x11, x12, 34        x11:2f9babfb x12:2f9babfb
16300876ns          284470 1c00818e 00008067 jalr             x0, x1, 0            x1:1c008786
16300936ns          284473 1c008786 fe9996e3 bne              x19, x9, -20        x19:1c001108  x9:1c001100
16301015ns          284477 1c008772 0044a78b p.lw             x15, 4(x9!)         x15=35b858eb  x9=1c001104  x9:1c001100  PA:1c001100
16301334ns          284493 1c008776 5a57f457 pv.or.sci.b      x8, x15, 0x11        x8=3fbb5beb x15:35b858eb
16301354ns          284494 1c00877a 0049260b p.lw             x12, 4(x18!)        x12=3fbb5beb x18=1c00112c x18:1c001128  PA:1c001128
16301652ns          284509 1c00877e 008005b3 add              x11, x0, x8         x11=3fbb5beb  x8:3fbb5beb
16301672ns          284510 1c008780 0b8a0513 addi             x10, x20, 184       x10=1c0000b8 x20:1c000000
16301692ns          284511 1c008784 9d9ff0ef jal              x1, -1576            x1=1c008786
16301731ns          284513 1c00815c 1c0027b7 lui              x15, 0x1c002000     x15=1c002000
16301751ns          284514 1c008160 c7478793 addi             x15, x15, -908      x15=1c001c74 x15:1c002000
16301771ns          284515 1c008164 0007a703 lw               x14, 0(x15)         x14=000000ee x15:1c001c74  PA:1c001c74
16302070ns          284530 1c008166 00c006b3 add              x13, x0, x12        x13=3fbb5beb x12:3fbb5beb
16302089ns          284531 1c008168 00170713 addi             x14, x14, 1         x14=000000ef x14:000000ee
16302109ns          284532 1c00816a 00e7a023 sw               x14, 0(x15)         x14:000000ef x15:1c001c74  PA:1c001c74
16302428ns          284548 1c00816c 02c58163 beq              x11, x12, 34        x11:3fbb5beb x12:3fbb5beb
16302487ns          284551 1c00818e 00008067 jalr             x0, x1, 0            x1:1c008786
16302547ns          284554 1c008786 fe9996e3 bne              x19, x9, -20        x19:1c001108  x9:1c001104
16302627ns          284558 1c008772 0044a78b p.lw             x15, 4(x9!)         x15=31a3c96f  x9=1c001108  x9:1c001104  PA:1c001104
16302945ns          284574 1c008776 5a57f457 pv.or.sci.b      x8, x15, 0x11        x8=3babcb6f x15:31a3c96f
16302965ns          284575 1c00877a 0049260b p.lw             x12, 4(x18!)        x12=3babcb6f x18=1c001130 x18:1c00112c  PA:1c00112c
16303263ns          284590 1c00877e 008005b3 add              x11, x0, x8         x11=3babcb6f  x8:3babcb6f
16303283ns          284591 1c008780 0b8a0513 addi             x10, x20, 184       x10=1c0000b8 x20:1c000000
16303303ns          284592 1c008784 9d9ff0ef jal              x1, -1576            x1=1c008786
16303343ns          284594 1c00815c 1c0027b7 lui              x15, 0x1c002000     x15=1c002000
16303362ns          284595 1c008160 c7478793 addi             x15, x15, -908      x15=1c001c74 x15:1c002000
16303382ns          284596 1c008164 0007a703 lw               x14, 0(x15)         x14=000000ef x15:1c001c74  PA:1c001c74
16303701ns          284612 1c008166 00c006b3 add              x13, x0, x12        x13=3babcb6f x12:3babcb6f
16303721ns          284613 1c008168 00170713 addi             x14, x14, 1         x14=000000f0 x14:000000ef
16303740ns          284614 1c00816a 00e7a023 sw               x14, 0(x15)         x14:000000f0 x15:1c001c74  PA:1c001c74
16304059ns          284630 1c00816c 02c58163 beq              x11, x12, 34        x11:3babcb6f x12:3babcb6f
16304118ns          284633 1c00818e 00008067 jalr             x0, x1, 0            x1:1c008786
16304178ns          284636 1c008786 fe9996e3 bne              x19, x9, -20        x19:1c001108  x9:1c001108
16304198ns          284637 1c00878a 01c12083 lw               x1, 28(x2)           x1=1c008c46  x2:100007c8  PA:100007e4
16304218ns          284638 1c00878c 01812403 lw               x8, 24(x2)           x8=00000000  x2:100007c8  PA:100007e0
16304238ns          284639 1c00878e 01412483 lw               x9, 20(x2)           x9=xxxxxxxx  x2:100007c8  PA:100007dc
16304258ns          284640 1c008790 01012903 lw               x18, 16(x2)         x18=xxxxxxxx  x2:100007c8  PA:100007d8
16304277ns          284641 1c008792 00c12983 lw               x19, 12(x2)         x19=xxxxxxxx  x2:100007c8  PA:100007d4
16304297ns          284642 1c008794 00812a03 lw               x20, 8(x2)          x20=xxxxxxxx  x2:100007c8  PA:100007d0
16304317ns          284643 1c008796 00412a83 lw               x21, 4(x2)          x21=xxxxxxxx  x2:100007c8  PA:100007cc
16304337ns          284644 1c008798 02010113 addi             x2, x2, 32           x2=100007e8  x2:100007c8
16304357ns          284645 1c00879a 00008067 jalr             x0, x1, 0            x1:1c008c46
16304815ns          284668 1c008c46 b57ff0ef jal              x1, -1194            x1=1c008c48
16304854ns          284670 1c00879c fe010113 addi             x2, x2, -32          x2=100007c8  x2:100007e8
16304874ns          284671 1c00879e 00912a23 sw               x9, 20(x2)           x9:xxxxxxxx  x2:100007c8  PA:100007dc
16304894ns          284672 1c0087a0 1c0024b7 lui              x9, 0x1c002000       x9=1c002000
16304914ns          284673 1c0087a4 01212823 sw               x18, 16(x2)         x18:xxxxxxxx  x2:100007c8  PA:100007d8
16304934ns          284674 1c0087a6 01312623 sw               x19, 12(x2)         x19:xxxxxxxx  x2:100007c8  PA:100007d4
16304954ns          284675 1c0087a8 b3048493 addi             x9, x9, -1232        x9=1c001b30  x9:1c002000
16304974ns          284676 1c0087ac 1c0029b7 lui              x19, 0x1c002000     x19=1c002000
16305371ns          284696 1c0087b0 1c002937 lui              x18, 0x1c002000     x18=1c002000
16305411ns          284698 1c0087b4 01412423 sw               x20, 8(x2)          x20:xxxxxxxx  x2:100007c8  PA:100007d0
16305431ns          284699 1c0087b6 01512223 sw               x21, 4(x2)          x21:xxxxxxxx  x2:100007c8  PA:100007cc
16305451ns          284700 1c0087b8 00112e23 sw               x1, 28(x2)           x1:1c008c48  x2:100007c8  PA:100007e4
16305471ns          284701 1c0087ba 00812c23 sw               x8, 24(x2)           x8:00000000  x2:100007c8  PA:100007e0
16305491ns          284702 1c0087bc b5898993 addi             x19, x19, -1192     x19=1c001b58 x19:1c002000
16305889ns          284722 1c0087c0 b8090913 addi             x18, x18, -1152     x18=1c001b80 x18:1c002000
16305928ns          284724 1c0087c4 02848a13 addi             x20, x9, 40         x20=1c001b58  x9:1c001b30
16305948ns          284725 1c0087c8 1c000ab7 lui              x21, 0x1c000000     x21=1c000000
16305968ns          284726 1c0087cc 0044a78b p.lw             x15, 4(x9!)         x15=5fce4ad5  x9=1c001b34  x9:1c001b30  PA:1c001b30
16306446ns          284750 1c0087d0 0049a70b p.lw             x14, 4(x19!)        x14=3938dc09 x19=1c001b5c x19:1c001b58  PA:1c001b58
16306764ns          284766 1c0087d4 60e78457 pv.xor.h         x8, x15, x14         x8=66f696dc x15:5fce4ad5 x14:3938dc09
16306784ns          284767 1c0087d8 0049260b p.lw             x12, 4(x18!)        x12=66f696dc x18=1c001b84 x18:1c001b80  PA:1c001b80
16307082ns          284782 1c0087dc 008005b3 add              x11, x0, x8         x11=66f696dc  x8:66f696dc
16307102ns          284783 1c0087de 1b4a8513 addi             x10, x21, 436       x10=1c0001b4 x21:1c000000
16307122ns          284784 1c0087e2 97bff0ef jal              x1, -1670            x1=1c0087e4
16307162ns          284786 1c00815c 1c0027b7 lui              x15, 0x1c002000     x15=1c002000
16307221ns          284789 1c008160 c7478793 addi             x15, x15, -908      x15=1c001c74 x15:1c002000
16307261ns          284791 1c008164 0007a703 lw               x14, 0(x15)         x14=000000f0 x15:1c001c74  PA:1c001c74
16307559ns          284806 1c008166 00c006b3 add              x13, x0, x12        x13=66f696dc x12:66f696dc
16307579ns          284807 1c008168 00170713 addi             x14, x14, 1         x14=000000f1 x14:000000f0
16307599ns          284808 1c00816a 00e7a023 sw               x14, 0(x15)         x14:000000f1 x15:1c001c74  PA:1c001c74
16307917ns          284824 1c00816c 02c58163 beq              x11, x12, 34        x11:66f696dc x12:66f696dc
16307977ns          284827 1c00818e 00008067 jalr             x0, x1, 0            x1:1c0087e4
16308017ns          284829 1c0087e4 ff4494e3 bne              x9, x20, -24         x9:1c001b34 x20:1c001b58
16308077ns          284832 1c0087cc 0044a78b p.lw             x15, 4(x9!)         x15=672a5f61  x9=1c001b38  x9:1c001b34  PA:1c001b34
16308395ns          284848 1c0087d0 0049a70b p.lw             x14, 4(x19!)        x14=3f8fe25c x19=1c001b60 x19:1c001b5c  PA:1c001b5c
16308713ns          284864 1c0087d4 60e78457 pv.xor.h         x8, x15, x14         x8=58a5bd3d x15:672a5f61 x14:3f8fe25c
16308733ns          284865 1c0087d8 0049260b p.lw             x12, 4(x18!)        x12=58a5bd3d x18=1c001b88 x18:1c001b84  PA:1c001b84
16309051ns          284881 1c0087dc 008005b3 add              x11, x0, x8         x11=58a5bd3d  x8:58a5bd3d
16309071ns          284882 1c0087de 1b4a8513 addi             x10, x21, 436       x10=1c0001b4 x21:1c000000
16309091ns          284883 1c0087e2 97bff0ef jal              x1, -1670            x1=1c0087e4
16309131ns          284885 1c00815c 1c0027b7 lui              x15, 0x1c002000     x15=1c002000
16309151ns          284886 1c008160 c7478793 addi             x15, x15, -908      x15=1c001c74 x15:1c002000
16309171ns          284887 1c008164 0007a703 lw               x14, 0(x15)         x14=000000f1 x15:1c001c74  PA:1c001c74
16309469ns          284902 1c008166 00c006b3 add              x13, x0, x12        x13=58a5bd3d x12:58a5bd3d
16309489ns          284903 1c008168 00170713 addi             x14, x14, 1         x14=000000f2 x14:000000f1
16309509ns          284904 1c00816a 00e7a023 sw               x14, 0(x15)         x14:000000f2 x15:1c001c74  PA:1c001c74
16309827ns          284920 1c00816c 02c58163 beq              x11, x12, 34        x11:58a5bd3d x12:58a5bd3d
16309887ns          284923 1c00818e 00008067 jalr             x0, x1, 0            x1:1c0087e4
16309926ns          284925 1c0087e4 ff4494e3 bne              x9, x20, -24         x9:1c001b38 x20:1c001b58
16309986ns          284928 1c0087cc 0044a78b p.lw             x15, 4(x9!)         x15=e468e8f4  x9=1c001b3c  x9:1c001b38  PA:1c001b38
16310304ns          284944 1c0087d0 0049a70b p.lw             x14, 4(x19!)        x14=d7f6d8d8 x19=1c001b64 x19:1c001b60  PA:1c001b60
16310623ns          284960 1c0087d4 60e78457 pv.xor.h         x8, x15, x14         x8=339e302c x15:e468e8f4 x14:d7f6d8d8
16310643ns          284961 1c0087d8 0049260b p.lw             x12, 4(x18!)        x12=339e302c x18=1c001b8c x18:1c001b88  PA:1c001b88
16310941ns          284976 1c0087dc 008005b3 add              x11, x0, x8         x11=339e302c  x8:339e302c
16310961ns          284977 1c0087de 1b4a8513 addi             x10, x21, 436       x10=1c0001b4 x21:1c000000
16310981ns          284978 1c0087e2 97bff0ef jal              x1, -1670            x1=1c0087e4
16311020ns          284980 1c00815c 1c0027b7 lui              x15, 0x1c002000     x15=1c002000
16311040ns          284981 1c008160 c7478793 addi             x15, x15, -908      x15=1c001c74 x15:1c002000
16311060ns          284982 1c008164 0007a703 lw               x14, 0(x15)         x14=000000f2 x15:1c001c74  PA:1c001c74
16311359ns          284997 1c008166 00c006b3 add              x13, x0, x12        x13=339e302c x12:339e302c
16311378ns          284998 1c008168 00170713 addi             x14, x14, 1         x14=000000f3 x14:000000f2
16311398ns          284999 1c00816a 00e7a023 sw               x14, 0(x15)         x14:000000f3 x15:1c001c74  PA:1c001c74
16311736ns          285016 1c00816c 02c58163 beq              x11, x12, 34        x11:339e302c x12:339e302c
16311796ns          285019 1c00818e 00008067 jalr             x0, x1, 0            x1:1c0087e4
16311836ns          285021 1c0087e4 ff4494e3 bne              x9, x20, -24         x9:1c001b3c x20:1c001b58
16311896ns          285024 1c0087cc 0044a78b p.lw             x15, 4(x9!)         x15=477c062a  x9=1c001b40  x9:1c001b3c  PA:1c001b3c
16312214ns          285040 1c0087d0 0049a70b p.lw             x14, 4(x19!)        x14=208d3c4c x19=1c001b68 x19:1c001b64  PA:1c001b64
16312532ns          285056 1c0087d4 60e78457 pv.xor.h         x8, x15, x14         x8=67f13a66 x15:477c062a x14:208d3c4c
16312552ns          285057 1c0087d8 0049260b p.lw             x12, 4(x18!)        x12=67f13a66 x18=1c001b90 x18:1c001b8c  PA:1c001b8c
16312850ns          285072 1c0087dc 008005b3 add              x11, x0, x8         x11=67f13a66  x8:67f13a66
16312870ns          285073 1c0087de 1b4a8513 addi             x10, x21, 436       x10=1c0001b4 x21:1c000000
16312890ns          285074 1c0087e2 97bff0ef jal              x1, -1670            x1=1c0087e4
16312930ns          285076 1c00815c 1c0027b7 lui              x15, 0x1c002000     x15=1c002000
16312950ns          285077 1c008160 c7478793 addi             x15, x15, -908      x15=1c001c74 x15:1c002000
16312970ns          285078 1c008164 0007a703 lw               x14, 0(x15)         x14=000000f3 x15:1c001c74  PA:1c001c74
16313268ns          285093 1c008166 00c006b3 add              x13, x0, x12        x13=67f13a66 x12:67f13a66
16313288ns          285094 1c008168 00170713 addi             x14, x14, 1         x14=000000f4 x14:000000f3
16313308ns          285095 1c00816a 00e7a023 sw               x14, 0(x15)         x14:000000f4 x15:1c001c74  PA:1c001c74
16313626ns          285111 1c00816c 02c58163 beq              x11, x12, 34        x11:67f13a66 x12:67f13a66
16313686ns          285114 1c00818e 00008067 jalr             x0, x1, 0            x1:1c0087e4
16313726ns          285116 1c0087e4 ff4494e3 bne              x9, x20, -24         x9:1c001b40 x20:1c001b58
16313785ns          285119 1c0087cc 0044a78b p.lw             x15, 4(x9!)         x15=478ab68c  x9=1c001b44  x9:1c001b40  PA:1c001b40
16314084ns          285134 1c0087d0 0049a70b p.lw             x14, 4(x19!)        x14=a9b17320 x19=1c001b6c x19:1c001b68  PA:1c001b68
16314422ns          285151 1c0087d4 60e78457 pv.xor.h         x8, x15, x14         x8=ee3bc5ac x15:478ab68c x14:a9b17320
16314442ns          285152 1c0087d8 0049260b p.lw             x12, 4(x18!)        x12=ee3bc5ac x18=1c001b94 x18:1c001b90  PA:1c001b90
16314760ns          285168 1c0087dc 008005b3 add              x11, x0, x8         x11=ee3bc5ac  x8:ee3bc5ac
16314780ns          285169 1c0087de 1b4a8513 addi             x10, x21, 436       x10=1c0001b4 x21:1c000000
16314800ns          285170 1c0087e2 97bff0ef jal              x1, -1670            x1=1c0087e4
16314839ns          285172 1c00815c 1c0027b7 lui              x15, 0x1c002000     x15=1c002000
16314859ns          285173 1c008160 c7478793 addi             x15, x15, -908      x15=1c001c74 x15:1c002000
16314879ns          285174 1c008164 0007a703 lw               x14, 0(x15)         x14=000000f4 x15:1c001c74  PA:1c001c74
16315178ns          285189 1c008166 00c006b3 add              x13, x0, x12        x13=ee3bc5ac x12:ee3bc5ac
16315197ns          285190 1c008168 00170713 addi             x14, x14, 1         x14=000000f5 x14:000000f4
16315217ns          285191 1c00816a 00e7a023 sw               x14, 0(x15)         x14:000000f5 x15:1c001c74  PA:1c001c74
16315536ns          285207 1c00816c 02c58163 beq              x11, x12, 34        x11:ee3bc5ac x12:ee3bc5ac
16315595ns          285210 1c00818e 00008067 jalr             x0, x1, 0            x1:1c0087e4
16315635ns          285212 1c0087e4 ff4494e3 bne              x9, x20, -24         x9:1c001b44 x20:1c001b58
16315695ns          285215 1c0087cc 0044a78b p.lw             x15, 4(x9!)         x15=a9d853f3  x9=1c001b48  x9:1c001b44  PA:1c001b44
16315993ns          285230 1c0087d0 0049a70b p.lw             x14, 4(x19!)        x14=210038b3 x19=1c001b70 x19:1c001b6c  PA:1c001b6c
16316331ns          285247 1c0087d4 60e78457 pv.xor.h         x8, x15, x14         x8=88d86b40 x15:a9d853f3 x14:210038b3
16316351ns          285248 1c0087d8 0049260b p.lw             x12, 4(x18!)        x12=88d86b40 x18=1c001b98 x18:1c001b94  PA:1c001b94
16316650ns          285263 1c0087dc 008005b3 add              x11, x0, x8         x11=88d86b40  x8:88d86b40
16316669ns          285264 1c0087de 1b4a8513 addi             x10, x21, 436       x10=1c0001b4 x21:1c000000
16316689ns          285265 1c0087e2 97bff0ef jal              x1, -1670            x1=1c0087e4
16316729ns          285267 1c00815c 1c0027b7 lui              x15, 0x1c002000     x15=1c002000
16316749ns          285268 1c008160 c7478793 addi             x15, x15, -908      x15=1c001c74 x15:1c002000
16316769ns          285269 1c008164 0007a703 lw               x14, 0(x15)         x14=000000f5 x15:1c001c74  PA:1c001c74
16317067ns          285284 1c008166 00c006b3 add              x13, x0, x12        x13=88d86b40 x12:88d86b40
16317087ns          285285 1c008168 00170713 addi             x14, x14, 1         x14=000000f6 x14:000000f5
16317107ns          285286 1c00816a 00e7a023 sw               x14, 0(x15)         x14:000000f6 x15:1c001c74  PA:1c001c74
16317445ns          285303 1c00816c 02c58163 beq              x11, x12, 34        x11:88d86b40 x12:88d86b40
16317505ns          285306 1c00818e 00008067 jalr             x0, x1, 0            x1:1c0087e4
16317545ns          285308 1c0087e4 ff4494e3 bne              x9, x20, -24         x9:1c001b48 x20:1c001b58
16317604ns          285311 1c0087cc 0044a78b p.lw             x15, 4(x9!)         x15=e47b30fa  x9=1c001b4c  x9:1c001b48  PA:1c001b48
16317903ns          285326 1c0087d0 0049a70b p.lw             x14, 4(x19!)        x14=ec8ba7c4 x19=1c001b74 x19:1c001b70  PA:1c001b70
16318221ns          285342 1c0087d4 60e78457 pv.xor.h         x8, x15, x14         x8=08f0973e x15:e47b30fa x14:ec8ba7c4
16318241ns          285343 1c0087d8 0049260b p.lw             x12, 4(x18!)        x12=08f0973e x18=1c001b9c x18:1c001b98  PA:1c001b98
16318539ns          285358 1c0087dc 008005b3 add              x11, x0, x8         x11=08f0973e  x8:08f0973e
16318559ns          285359 1c0087de 1b4a8513 addi             x10, x21, 436       x10=1c0001b4 x21:1c000000
16318579ns          285360 1c0087e2 97bff0ef jal              x1, -1670            x1=1c0087e4
16318619ns          285362 1c00815c 1c0027b7 lui              x15, 0x1c002000     x15=1c002000
16318639ns          285363 1c008160 c7478793 addi             x15, x15, -908      x15=1c001c74 x15:1c002000
16318658ns          285364 1c008164 0007a703 lw               x14, 0(x15)         x14=000000f6 x15:1c001c74  PA:1c001c74
16318957ns          285379 1c008166 00c006b3 add              x13, x0, x12        x13=08f0973e x12:08f0973e
16318977ns          285380 1c008168 00170713 addi             x14, x14, 1         x14=000000f7 x14:000000f6
16318997ns          285381 1c00816a 00e7a023 sw               x14, 0(x15)         x14:000000f7 x15:1c001c74  PA:1c001c74
16319315ns          285397 1c00816c 02c58163 beq              x11, x12, 34        x11:08f0973e x12:08f0973e
16319375ns          285400 1c00818e 00008067 jalr             x0, x1, 0            x1:1c0087e4
16319414ns          285402 1c0087e4 ff4494e3 bne              x9, x20, -24         x9:1c001b4c x20:1c001b58
16319474ns          285405 1c0087cc 0044a78b p.lw             x15, 4(x9!)         x15=2471e750  x9=1c001b50  x9:1c001b4c  PA:1c001b4c
16319772ns          285420 1c0087d0 0049a70b p.lw             x14, 4(x19!)        x14=6404666e x19=1c001b78 x19:1c001b74  PA:1c001b74
16320091ns          285436 1c0087d4 60e78457 pv.xor.h         x8, x15, x14         x8=4075813e x15:2471e750 x14:6404666e
16320111ns          285437 1c0087d8 0049260b p.lw             x12, 4(x18!)        x12=4075813e x18=1c001ba0 x18:1c001b9c  PA:1c001b9c
16320409ns          285452 1c0087dc 008005b3 add              x11, x0, x8         x11=4075813e  x8:4075813e
16320429ns          285453 1c0087de 1b4a8513 addi             x10, x21, 436       x10=1c0001b4 x21:1c000000
16320449ns          285454 1c0087e2 97bff0ef jal              x1, -1670            x1=1c0087e4
16320488ns          285456 1c00815c 1c0027b7 lui              x15, 0x1c002000     x15=1c002000
16320508ns          285457 1c008160 c7478793 addi             x15, x15, -908      x15=1c001c74 x15:1c002000
16320528ns          285458 1c008164 0007a703 lw               x14, 0(x15)         x14=000000f7 x15:1c001c74  PA:1c001c74
16320827ns          285473 1c008166 00c006b3 add              x13, x0, x12        x13=4075813e x12:4075813e
16320846ns          285474 1c008168 00170713 addi             x14, x14, 1         x14=000000f8 x14:000000f7
16320866ns          285475 1c00816a 00e7a023 sw               x14, 0(x15)         x14:000000f8 x15:1c001c74  PA:1c001c74
16321185ns          285491 1c00816c 02c58163 beq              x11, x12, 34        x11:4075813e x12:4075813e
16321244ns          285494 1c00818e 00008067 jalr             x0, x1, 0            x1:1c0087e4
16321284ns          285496 1c0087e4 ff4494e3 bne              x9, x20, -24         x9:1c001b50 x20:1c001b58
16321344ns          285499 1c0087cc 0044a78b p.lw             x15, 4(x9!)         x15=d4392ee7  x9=1c001b54  x9:1c001b50  PA:1c001b50
16321642ns          285514 1c0087d0 0049a70b p.lw             x14, 4(x19!)        x14=7b681ebf x19=1c001b7c x19:1c001b78  PA:1c001b78
16321980ns          285531 1c0087d4 60e78457 pv.xor.h         x8, x15, x14         x8=af513058 x15:d4392ee7 x14:7b681ebf
16322000ns          285532 1c0087d8 0049260b p.lw             x12, 4(x18!)        x12=af513058 x18=1c001ba4 x18:1c001ba0  PA:1c001ba0
16322318ns          285548 1c0087dc 008005b3 add              x11, x0, x8         x11=af513058  x8:af513058
16322338ns          285549 1c0087de 1b4a8513 addi             x10, x21, 436       x10=1c0001b4 x21:1c000000
16322358ns          285550 1c0087e2 97bff0ef jal              x1, -1670            x1=1c0087e4
16322398ns          285552 1c00815c 1c0027b7 lui              x15, 0x1c002000     x15=1c002000
16322418ns          285553 1c008160 c7478793 addi             x15, x15, -908      x15=1c001c74 x15:1c002000
16322438ns          285554 1c008164 0007a703 lw               x14, 0(x15)         x14=000000f8 x15:1c001c74  PA:1c001c74
16322736ns          285569 1c008166 00c006b3 add              x13, x0, x12        x13=af513058 x12:af513058
16322756ns          285570 1c008168 00170713 addi             x14, x14, 1         x14=000000f9 x14:000000f8
16322776ns          285571 1c00816a 00e7a023 sw               x14, 0(x15)         x14:000000f9 x15:1c001c74  PA:1c001c74
16323094ns          285587 1c00816c 02c58163 beq              x11, x12, 34        x11:af513058 x12:af513058
16323154ns          285590 1c00818e 00008067 jalr             x0, x1, 0            x1:1c0087e4
16323194ns          285592 1c0087e4 ff4494e3 bne              x9, x20, -24         x9:1c001b54 x20:1c001b58
16323253ns          285595 1c0087cc 0044a78b p.lw             x15, 4(x9!)         x15=d85643be  x9=1c001b58  x9:1c001b54  PA:1c001b54
16323552ns          285610 1c0087d0 0049a70b p.lw             x14, 4(x19!)        x14=5731de82 x19=1c001b80 x19:1c001b7c  PA:1c001b7c
16323870ns          285626 1c0087d4 60e78457 pv.xor.h         x8, x15, x14         x8=8f679d3c x15:d85643be x14:5731de82
16323890ns          285627 1c0087d8 0049260b p.lw             x12, 4(x18!)        x12=8f679d3c x18=1c001ba8 x18:1c001ba4  PA:1c001ba4
16324188ns          285642 1c0087dc 008005b3 add              x11, x0, x8         x11=8f679d3c  x8:8f679d3c
16324208ns          285643 1c0087de 1b4a8513 addi             x10, x21, 436       x10=1c0001b4 x21:1c000000
16324228ns          285644 1c0087e2 97bff0ef jal              x1, -1670            x1=1c0087e4
16324268ns          285646 1c00815c 1c0027b7 lui              x15, 0x1c002000     x15=1c002000
16324288ns          285647 1c008160 c7478793 addi             x15, x15, -908      x15=1c001c74 x15:1c002000
16324307ns          285648 1c008164 0007a703 lw               x14, 0(x15)         x14=000000f9 x15:1c001c74  PA:1c001c74
16324606ns          285663 1c008166 00c006b3 add              x13, x0, x12        x13=8f679d3c x12:8f679d3c
16324626ns          285664 1c008168 00170713 addi             x14, x14, 1         x14=000000fa x14:000000f9
16324646ns          285665 1c00816a 00e7a023 sw               x14, 0(x15)         x14:000000fa x15:1c001c74  PA:1c001c74
16324984ns          285682 1c00816c 02c58163 beq              x11, x12, 34        x11:8f679d3c x12:8f679d3c
16325043ns          285685 1c00818e 00008067 jalr             x0, x1, 0            x1:1c0087e4
16325083ns          285687 1c0087e4 ff4494e3 bne              x9, x20, -24         x9:1c001b58 x20:1c001b58
16325103ns          285688 1c0087e8 1c0024b7 lui              x9, 0x1c002000       x9=1c002000
16325123ns          285689 1c0087ec ba848493 addi             x9, x9, -1112        x9=1c001ba8  x9:1c002000
16325561ns          285711 1c0087f0 1c0029b7 lui              x19, 0x1c002000     x19=1c002000
16325600ns          285713 1c0087f4 1c002937 lui              x18, 0x1c002000     x18=1c002000
16325620ns          285714 1c0087f8 bd098993 addi             x19, x19, -1072     x19=1c001bd0 x19:1c002000
16325640ns          285715 1c0087fc bf890913 addi             x18, x18, -1032     x18=1c001bf8 x18:1c002000
16326078ns          285737 1c008800 02848a13 addi             x20, x9, 40         x20=1c001bd0  x9:1c001ba8
16326118ns          285739 1c008804 1c000ab7 lui              x21, 0x1c000000     x21=1c000000
16326137ns          285740 1c008808 0044a78b p.lw             x15, 4(x9!)         x15=c4a5cba8  x9=1c001bac  x9:1c001ba8  PA:1c001ba8
16326436ns          285755 1c00880c 0049a70b p.lw             x14, 4(x19!)        x14=43cc9b14 x19=1c001bd4 x19:1c001bd0  PA:1c001bd0
16326754ns          285771 1c008810 60e7c457 pv.xor.sc.h      x8, x15, x14         x8=5fb150bc x15:c4a5cba8 x14:9b149b14
16326774ns          285772 1c008814 0049260b p.lw             x12, 4(x18!)        x12=5fb150bc x18=1c001bfc x18:1c001bf8  PA:1c001bf8
16327072ns          285787 1c008818 008005b3 add              x11, x0, x8         x11=5fb150bc  x8:5fb150bc
16327092ns          285788 1c00881a 1c0a8513 addi             x10, x21, 448       x10=1c0001c0 x21:1c000000
16327112ns          285789 1c00881e 93fff0ef jal              x1, -1730            x1=1c008820
16327271ns          285797 1c00815c 1c0027b7 lui              x15, 0x1c002000     x15=1c002000
16327291ns          285798 1c008160 c7478793 addi             x15, x15, -908      x15=1c001c74 x15:1c002000
16327311ns          285799 1c008164 0007a703 lw               x14, 0(x15)         x14=000000fa x15:1c001c74  PA:1c001c74
16327629ns          285815 1c008166 00c006b3 add              x13, x0, x12        x13=5fb150bc x12:5fb150bc
16327649ns          285816 1c008168 00170713 addi             x14, x14, 1         x14=000000fb x14:000000fa
16327669ns          285817 1c00816a 00e7a023 sw               x14, 0(x15)         x14:000000fb x15:1c001c74  PA:1c001c74
16327987ns          285833 1c00816c 02c58163 beq              x11, x12, 34        x11:5fb150bc x12:5fb150bc
16328087ns          285838 1c00818e 00008067 jalr             x0, x1, 0            x1:1c008820
16328126ns          285840 1c008820 ff4494e3 bne              x9, x20, -24         x9:1c001bac x20:1c001bd0
16328186ns          285843 1c008808 0044a78b p.lw             x15, 4(x9!)         x15=d7f09b8a  x9=1c001bb0  x9:1c001bac  PA:1c001bac
16328485ns          285858 1c00880c 0049a70b p.lw             x14, 4(x19!)        x14=cb019ff3 x19=1c001bd8 x19:1c001bd4  PA:1c001bd4
16328803ns          285874 1c008810 60e7c457 pv.xor.sc.h      x8, x15, x14         x8=48030479 x15:d7f09b8a x14:9ff39ff3
16328823ns          285875 1c008814 0049260b p.lw             x12, 4(x18!)        x12=48030479 x18=1c001c00 x18:1c001bfc  PA:1c001bfc
16329121ns          285890 1c008818 008005b3 add              x11, x0, x8         x11=48030479  x8:48030479
16329141ns          285891 1c00881a 1c0a8513 addi             x10, x21, 448       x10=1c0001c0 x21:1c000000
16329161ns          285892 1c00881e 93fff0ef jal              x1, -1730            x1=1c008820
16329201ns          285894 1c00815c 1c0027b7 lui              x15, 0x1c002000     x15=1c002000
16329220ns          285895 1c008160 c7478793 addi             x15, x15, -908      x15=1c001c74 x15:1c002000
16329240ns          285896 1c008164 0007a703 lw               x14, 0(x15)         x14=000000fb x15:1c001c74  PA:1c001c74
16329539ns          285911 1c008166 00c006b3 add              x13, x0, x12        x13=48030479 x12:48030479
16329559ns          285912 1c008168 00170713 addi             x14, x14, 1         x14=000000fc x14:000000fb
16329579ns          285913 1c00816a 00e7a023 sw               x14, 0(x15)         x14:000000fc x15:1c001c74  PA:1c001c74
16329897ns          285929 1c00816c 02c58163 beq              x11, x12, 34        x11:48030479 x12:48030479
16329956ns          285932 1c00818e 00008067 jalr             x0, x1, 0            x1:1c008820
16329996ns          285934 1c008820 ff4494e3 bne              x9, x20, -24         x9:1c001bb0 x20:1c001bd0
16330056ns          285937 1c008808 0044a78b p.lw             x15, 4(x9!)         x15=40cf91b0  x9=1c001bb4  x9:1c001bb0  PA:1c001bb0
16330374ns          285953 1c00880c 0049a70b p.lw             x14, 4(x19!)        x14=55db44aa x19=1c001bdc x19:1c001bd8  PA:1c001bd8
16330692ns          285969 1c008810 60e7c457 pv.xor.sc.h      x8, x15, x14         x8=0465d51a x15:40cf91b0 x14:44aa44aa
16330712ns          285970 1c008814 0049260b p.lw             x12, 4(x18!)        x12=0465d51a x18=1c001c04 x18:1c001c00  PA:1c001c00
16331011ns          285985 1c008818 008005b3 add              x11, x0, x8         x11=0465d51a  x8:0465d51a
16331031ns          285986 1c00881a 1c0a8513 addi             x10, x21, 448       x10=1c0001c0 x21:1c000000
16331050ns          285987 1c00881e 93fff0ef jal              x1, -1730            x1=1c008820
16331090ns          285989 1c00815c 1c0027b7 lui              x15, 0x1c002000     x15=1c002000
16331110ns          285990 1c008160 c7478793 addi             x15, x15, -908      x15=1c001c74 x15:1c002000
16331130ns          285991 1c008164 0007a703 lw               x14, 0(x15)         x14=000000fc x15:1c001c74  PA:1c001c74
16331428ns          286006 1c008166 00c006b3 add              x13, x0, x12        x13=0465d51a x12:0465d51a
16331448ns          286007 1c008168 00170713 addi             x14, x14, 1         x14=000000fd x14:000000fc
16331468ns          286008 1c00816a 00e7a023 sw               x14, 0(x15)         x14:000000fd x15:1c001c74  PA:1c001c74
16331786ns          286024 1c00816c 02c58163 beq              x11, x12, 34        x11:0465d51a x12:0465d51a
16331846ns          286027 1c00818e 00008067 jalr             x0, x1, 0            x1:1c008820
16331886ns          286029 1c008820 ff4494e3 bne              x9, x20, -24         x9:1c001bb4 x20:1c001bd0
16331946ns          286032 1c008808 0044a78b p.lw             x15, 4(x9!)         x15=d4f90281  x9=1c001bb8  x9:1c001bb4  PA:1c001bb4
16332264ns          286048 1c00880c 0049a70b p.lw             x14, 4(x19!)        x14=473c3446 x19=1c001be0 x19:1c001bdc  PA:1c001bdc
16332582ns          286064 1c008810 60e7c457 pv.xor.sc.h      x8, x15, x14         x8=e0bf36c7 x15:d4f90281 x14:34463446
16332602ns          286065 1c008814 0049260b p.lw             x12, 4(x18!)        x12=e0bf36c7 x18=1c001c08 x18:1c001c04  PA:1c001c04
16332900ns          286080 1c008818 008005b3 add              x11, x0, x8         x11=e0bf36c7  x8:e0bf36c7
16332920ns          286081 1c00881a 1c0a8513 addi             x10, x21, 448       x10=1c0001c0 x21:1c000000
16332940ns          286082 1c00881e 93fff0ef jal              x1, -1730            x1=1c008820
16332980ns          286084 1c00815c 1c0027b7 lui              x15, 0x1c002000     x15=1c002000
16333000ns          286085 1c008160 c7478793 addi             x15, x15, -908      x15=1c001c74 x15:1c002000
16333020ns          286086 1c008164 0007a703 lw               x14, 0(x15)         x14=000000fd x15:1c001c74  PA:1c001c74
16333318ns          286101 1c008166 00c006b3 add              x13, x0, x12        x13=e0bf36c7 x12:e0bf36c7
16333338ns          286102 1c008168 00170713 addi             x14, x14, 1         x14=000000fe x14:000000fd
16333358ns          286103 1c00816a 00e7a023 sw               x14, 0(x15)         x14:000000fe x15:1c001c74  PA:1c001c74
16333676ns          286119 1c00816c 02c58163 beq              x11, x12, 34        x11:e0bf36c7 x12:e0bf36c7
16333736ns          286122 1c00818e 00008067 jalr             x0, x1, 0            x1:1c008820
16333775ns          286124 1c008820 ff4494e3 bne              x9, x20, -24         x9:1c001bb8 x20:1c001bd0
16333835ns          286127 1c008808 0044a78b p.lw             x15, 4(x9!)         x15=619b716e  x9=1c001bbc  x9:1c001bb8  PA:1c001bb8
16334133ns          286142 1c00880c 0049a70b p.lw             x14, 4(x19!)        x14=7c1f4b2b x19=1c001be4 x19:1c001be0  PA:1c001be0
16334452ns          286158 1c008810 60e7c457 pv.xor.sc.h      x8, x15, x14         x8=2ab03a45 x15:619b716e x14:4b2b4b2b
16334472ns          286159 1c008814 0049260b p.lw             x12, 4(x18!)        x12=2ab03a45 x18=1c001c0c x18:1c001c08  PA:1c001c08
16334770ns          286174 1c008818 008005b3 add              x11, x0, x8         x11=2ab03a45  x8:2ab03a45
16334790ns          286175 1c00881a 1c0a8513 addi             x10, x21, 448       x10=1c0001c0 x21:1c000000
16334810ns          286176 1c00881e 93fff0ef jal              x1, -1730            x1=1c008820
16334850ns          286178 1c00815c 1c0027b7 lui              x15, 0x1c002000     x15=1c002000
16334869ns          286179 1c008160 c7478793 addi             x15, x15, -908      x15=1c001c74 x15:1c002000
16334889ns          286180 1c008164 0007a703 lw               x14, 0(x15)         x14=000000fe x15:1c001c74  PA:1c001c74
16335188ns          286195 1c008166 00c006b3 add              x13, x0, x12        x13=2ab03a45 x12:2ab03a45
16335208ns          286196 1c008168 00170713 addi             x14, x14, 1         x14=000000ff x14:000000fe
16335227ns          286197 1c00816a 00e7a023 sw               x14, 0(x15)         x14:000000ff x15:1c001c74  PA:1c001c74
16335546ns          286213 1c00816c 02c58163 beq              x11, x12, 34        x11:2ab03a45 x12:2ab03a45
16335605ns          286216 1c00818e 00008067 jalr             x0, x1, 0            x1:1c008820
16335645ns          286218 1c008820 ff4494e3 bne              x9, x20, -24         x9:1c001bbc x20:1c001bd0
16335705ns          286221 1c008808 0044a78b p.lw             x15, 4(x9!)         x15=1e7f6312  x9=1c001bc0  x9:1c001bbc  PA:1c001bbc
16336003ns          286236 1c00880c 0049a70b p.lw             x14, 4(x19!)        x14=6bd2bb11 x19=1c001be8 x19:1c001be4  PA:1c001be4
16336321ns          286252 1c008810 60e7c457 pv.xor.sc.h      x8, x15, x14         x8=a56ed803 x15:1e7f6312 x14:bb11bb11
16336341ns          286253 1c008814 0049260b p.lw             x12, 4(x18!)        x12=a56ed803 x18=1c001c10 x18:1c001c0c  PA:1c001c0c
16336640ns          286268 1c008818 008005b3 add              x11, x0, x8         x11=a56ed803  x8:a56ed803
16336660ns          286269 1c00881a 1c0a8513 addi             x10, x21, 448       x10=1c0001c0 x21:1c000000
16336679ns          286270 1c00881e 93fff0ef jal              x1, -1730            x1=1c008820
16336719ns          286272 1c00815c 1c0027b7 lui              x15, 0x1c002000     x15=1c002000
16336739ns          286273 1c008160 c7478793 addi             x15, x15, -908      x15=1c001c74 x15:1c002000
16336759ns          286274 1c008164 0007a703 lw               x14, 0(x15)         x14=000000ff x15:1c001c74  PA:1c001c74
16337077ns          286290 1c008166 00c006b3 add              x13, x0, x12        x13=a56ed803 x12:a56ed803
16337097ns          286291 1c008168 00170713 addi             x14, x14, 1         x14=00000100 x14:000000ff
16337117ns          286292 1c00816a 00e7a023 sw               x14, 0(x15)         x14:00000100 x15:1c001c74  PA:1c001c74
16337435ns          286308 1c00816c 02c58163 beq              x11, x12, 34        x11:a56ed803 x12:a56ed803
16337495ns          286311 1c00818e 00008067 jalr             x0, x1, 0            x1:1c008820
16337535ns          286313 1c008820 ff4494e3 bne              x9, x20, -24         x9:1c001bc0 x20:1c001bd0
16337594ns          286316 1c008808 0044a78b p.lw             x15, 4(x9!)         x15=046453b5  x9=1c001bc4  x9:1c001bc0  PA:1c001bc0
16337913ns          286332 1c00880c 0049a70b p.lw             x14, 4(x19!)        x14=fdf30ee0 x19=1c001bec x19:1c001be8  PA:1c001be8
16338231ns          286348 1c008810 60e7c457 pv.xor.sc.h      x8, x15, x14         x8=0a845d55 x15:046453b5 x14:0ee00ee0
16338251ns          286349 1c008814 0049260b p.lw             x12, 4(x18!)        x12=0a845d55 x18=1c001c14 x18:1c001c10  PA:1c001c10
16338549ns          286364 1c008818 008005b3 add              x11, x0, x8         x11=0a845d55  x8:0a845d55
16338569ns          286365 1c00881a 1c0a8513 addi             x10, x21, 448       x10=1c0001c0 x21:1c000000
16338589ns          286366 1c00881e 93fff0ef jal              x1, -1730            x1=1c008820
16338629ns          286368 1c00815c 1c0027b7 lui              x15, 0x1c002000     x15=1c002000
16338649ns          286369 1c008160 c7478793 addi             x15, x15, -908      x15=1c001c74 x15:1c002000
16338669ns          286370 1c008164 0007a703 lw               x14, 0(x15)         x14=00000100 x15:1c001c74  PA:1c001c74
16338967ns          286385 1c008166 00c006b3 add              x13, x0, x12        x13=0a845d55 x12:0a845d55
16338987ns          286386 1c008168 00170713 addi             x14, x14, 1         x14=00000101 x14:00000100
16339007ns          286387 1c00816a 00e7a023 sw               x14, 0(x15)         x14:00000101 x15:1c001c74  PA:1c001c74
16339325ns          286403 1c00816c 02c58163 beq              x11, x12, 34        x11:0a845d55 x12:0a845d55
16339385ns          286406 1c00818e 00008067 jalr             x0, x1, 0            x1:1c008820
16339424ns          286408 1c008820 ff4494e3 bne              x9, x20, -24         x9:1c001bc4 x20:1c001bd0
16339484ns          286411 1c008808 0044a78b p.lw             x15, 4(x9!)         x15=12395b67  x9=1c001bc8  x9:1c001bc4  PA:1c001bc4
16339782ns          286426 1c00880c 0049a70b p.lw             x14, 4(x19!)        x14=ff2f6a2c x19=1c001bf0 x19:1c001bec  PA:1c001bec
16340101ns          286442 1c008810 60e7c457 pv.xor.sc.h      x8, x15, x14         x8=7815314b x15:12395b67 x14:6a2c6a2c
16340121ns          286443 1c008814 0049260b p.lw             x12, 4(x18!)        x12=7815314b x18=1c001c18 x18:1c001c14  PA:1c001c14
16340419ns          286458 1c008818 008005b3 add              x11, x0, x8         x11=7815314b  x8:7815314b
16340439ns          286459 1c00881a 1c0a8513 addi             x10, x21, 448       x10=1c0001c0 x21:1c000000
16340459ns          286460 1c00881e 93fff0ef jal              x1, -1730            x1=1c008820
16340499ns          286462 1c00815c 1c0027b7 lui              x15, 0x1c002000     x15=1c002000
16340518ns          286463 1c008160 c7478793 addi             x15, x15, -908      x15=1c001c74 x15:1c002000
16340538ns          286464 1c008164 0007a703 lw               x14, 0(x15)         x14=00000101 x15:1c001c74  PA:1c001c74
16340837ns          286479 1c008166 00c006b3 add              x13, x0, x12        x13=7815314b x12:7815314b
16340857ns          286480 1c008168 00170713 addi             x14, x14, 1         x14=00000102 x14:00000101
16340876ns          286481 1c00816a 00e7a023 sw               x14, 0(x15)         x14:00000102 x15:1c001c74  PA:1c001c74
16341195ns          286497 1c00816c 02c58163 beq              x11, x12, 34        x11:7815314b x12:7815314b
16341254ns          286500 1c00818e 00008067 jalr             x0, x1, 0            x1:1c008820
16341294ns          286502 1c008820 ff4494e3 bne              x9, x20, -24         x9:1c001bc8 x20:1c001bd0
16341354ns          286505 1c008808 0044a78b p.lw             x15, 4(x9!)         x15=842b9d80  x9=1c001bcc  x9:1c001bc8  PA:1c001bc8
16341652ns          286520 1c00880c 0049a70b p.lw             x14, 4(x19!)        x14=38cd8622 x19=1c001bf4 x19:1c001bf0  PA:1c001bf0
16341970ns          286536 1c008810 60e7c457 pv.xor.sc.h      x8, x15, x14         x8=02091ba2 x15:842b9d80 x14:86228622
16341990ns          286537 1c008814 0049260b p.lw             x12, 4(x18!)        x12=02091ba2 x18=1c001c1c x18:1c001c18  PA:1c001c18
16342309ns          286553 1c008818 008005b3 add              x11, x0, x8         x11=02091ba2  x8:02091ba2
16342328ns          286554 1c00881a 1c0a8513 addi             x10, x21, 448       x10=1c0001c0 x21:1c000000
16342348ns          286555 1c00881e 93fff0ef jal              x1, -1730            x1=1c008820
16342388ns          286557 1c00815c 1c0027b7 lui              x15, 0x1c002000     x15=1c002000
16342408ns          286558 1c008160 c7478793 addi             x15, x15, -908      x15=1c001c74 x15:1c002000
16342428ns          286559 1c008164 0007a703 lw               x14, 0(x15)         x14=00000102 x15:1c001c74  PA:1c001c74
16342726ns          286574 1c008166 00c006b3 add              x13, x0, x12        x13=02091ba2 x12:02091ba2
16342746ns          286575 1c008168 00170713 addi             x14, x14, 1         x14=00000103 x14:00000102
16342766ns          286576 1c00816a 00e7a023 sw               x14, 0(x15)         x14:00000103 x15:1c001c74  PA:1c001c74
16343084ns          286592 1c00816c 02c58163 beq              x11, x12, 34        x11:02091ba2 x12:02091ba2
16343144ns          286595 1c00818e 00008067 jalr             x0, x1, 0            x1:1c008820
16343184ns          286597 1c008820 ff4494e3 bne              x9, x20, -24         x9:1c001bcc x20:1c001bd0
16343243ns          286600 1c008808 0044a78b p.lw             x15, 4(x9!)         x15=f79f2df9  x9=1c001bd0  x9:1c001bcc  PA:1c001bcc
16343582ns          286617 1c00880c 0049a70b p.lw             x14, 4(x19!)        x14=469ebfd6 x19=1c001bf8 x19:1c001bf4  PA:1c001bf4
16343900ns          286633 1c008810 60e7c457 pv.xor.sc.h      x8, x15, x14         x8=4849922f x15:f79f2df9 x14:bfd6bfd6
16343920ns          286634 1c008814 0049260b p.lw             x12, 4(x18!)        x12=4849922f x18=1c001c20 x18:1c001c1c  PA:1c001c1c
16344218ns          286649 1c008818 008005b3 add              x11, x0, x8         x11=4849922f  x8:4849922f
16344238ns          286650 1c00881a 1c0a8513 addi             x10, x21, 448       x10=1c0001c0 x21:1c000000
16344258ns          286651 1c00881e 93fff0ef jal              x1, -1730            x1=1c008820
16344298ns          286653 1c00815c 1c0027b7 lui              x15, 0x1c002000     x15=1c002000
16344318ns          286654 1c008160 c7478793 addi             x15, x15, -908      x15=1c001c74 x15:1c002000
16344337ns          286655 1c008164 0007a703 lw               x14, 0(x15)         x14=00000103 x15:1c001c74  PA:1c001c74
16344636ns          286670 1c008166 00c006b3 add              x13, x0, x12        x13=4849922f x12:4849922f
16344656ns          286671 1c008168 00170713 addi             x14, x14, 1         x14=00000104 x14:00000103
16344676ns          286672 1c00816a 00e7a023 sw               x14, 0(x15)         x14:00000104 x15:1c001c74  PA:1c001c74
16345014ns          286689 1c00816c 02c58163 beq              x11, x12, 34        x11:4849922f x12:4849922f
16345073ns          286692 1c00818e 00008067 jalr             x0, x1, 0            x1:1c008820
16345113ns          286694 1c008820 ff4494e3 bne              x9, x20, -24         x9:1c001bd0 x20:1c001bd0
16345133ns          286695 1c008824 1c0024b7 lui              x9, 0x1c002000       x9=1c002000
16345153ns          286696 1c008828 c2048493 addi             x9, x9, -992         x9=1c001c20  x9:1c002000
16345173ns          286697 1c00882c 1c002937 lui              x18, 0x1c002000     x18=1c002000
16345610ns          286719 1c008830 c4890913 addi             x18, x18, -952      x18=1c001c48 x18:1c002000
16345650ns          286721 1c008834 02848993 addi             x19, x9, 40         x19=1c001c48  x9:1c001c20
16345670ns          286722 1c008838 1c000a37 lui              x20, 0x1c000000     x20=1c000000
16345690ns          286723 1c00883c 0044a78b p.lw             x15, 4(x9!)         x15=0f48e047  x9=1c001c24  x9:1c001c20  PA:1c001c20
16346167ns          286747 1c008840 6257e457 pv.xor.sci.h     x8, x15, 0x11        x8=0f43e04c x15:0f48e047
16346187ns          286748 1c008844 0049260b p.lw             x12, 4(x18!)        x12=0f43e04c x18=1c001c4c x18:1c001c48  PA:1c001c48
16346486ns          286763 1c008848 008005b3 add              x11, x0, x8         x11=0f43e04c  x8:0f43e04c
16346506ns          286764 1c00884a 1cca0513 addi             x10, x20, 460       x10=1c0001cc x20:1c000000
16346525ns          286765 1c00884e 90fff0ef jal              x1, -1778            x1=1c008850
16346685ns          286773 1c00815c 1c0027b7 lui              x15, 0x1c002000     x15=1c002000
16346704ns          286774 1c008160 c7478793 addi             x15, x15, -908      x15=1c001c74 x15:1c002000
16346724ns          286775 1c008164 0007a703 lw               x14, 0(x15)         x14=00000104 x15:1c001c74  PA:1c001c74
16347043ns          286791 1c008166 00c006b3 add              x13, x0, x12        x13=0f43e04c x12:0f43e04c
16347062ns          286792 1c008168 00170713 addi             x14, x14, 1         x14=00000105 x14:00000104
16347082ns          286793 1c00816a 00e7a023 sw               x14, 0(x15)         x14:00000105 x15:1c001c74  PA:1c001c74
16347401ns          286809 1c00816c 02c58163 beq              x11, x12, 34        x11:0f43e04c x12:0f43e04c
16347460ns          286812 1c00818e 00008067 jalr             x0, x1, 0            x1:1c008850
16347500ns          286814 1c008850 ff3496e3 bne              x9, x19, -20         x9:1c001c24 x19:1c001c48
16347560ns          286817 1c00883c 0044a78b p.lw             x15, 4(x9!)         x15=ec291017  x9=1c001c28  x9:1c001c24  PA:1c001c24
16347878ns          286833 1c008840 6257e457 pv.xor.sci.h     x8, x15, 0x11        x8=ec22101c x15:ec291017
16347898ns          286834 1c008844 0049260b p.lw             x12, 4(x18!)        x12=ec22101c x18=1c001c50 x18:1c001c4c  PA:1c001c4c
16348196ns          286849 1c008848 008005b3 add              x11, x0, x8         x11=ec22101c  x8:ec22101c
16348216ns          286850 1c00884a 1cca0513 addi             x10, x20, 460       x10=1c0001cc x20:1c000000
16348236ns          286851 1c00884e 90fff0ef jal              x1, -1778            x1=1c008850
16348276ns          286853 1c00815c 1c0027b7 lui              x15, 0x1c002000     x15=1c002000
16348296ns          286854 1c008160 c7478793 addi             x15, x15, -908      x15=1c001c74 x15:1c002000
16348316ns          286855 1c008164 0007a703 lw               x14, 0(x15)         x14=00000105 x15:1c001c74  PA:1c001c74
16348614ns          286870 1c008166 00c006b3 add              x13, x0, x12        x13=ec22101c x12:ec22101c
16348634ns          286871 1c008168 00170713 addi             x14, x14, 1         x14=00000106 x14:00000105
16348654ns          286872 1c00816a 00e7a023 sw               x14, 0(x15)         x14:00000106 x15:1c001c74  PA:1c001c74
16348992ns          286889 1c00816c 02c58163 beq              x11, x12, 34        x11:ec22101c x12:ec22101c
16349052ns          286892 1c00818e 00008067 jalr             x0, x1, 0            x1:1c008850
16349091ns          286894 1c008850 ff3496e3 bne              x9, x19, -20         x9:1c001c28 x19:1c001c48
16349151ns          286897 1c00883c 0044a78b p.lw             x15, 4(x9!)         x15=13742087  x9=1c001c2c  x9:1c001c28  PA:1c001c28
16349469ns          286913 1c008840 6257e457 pv.xor.sci.h     x8, x15, 0x11        x8=137f208c x15:13742087
16349489ns          286914 1c008844 0049260b p.lw             x12, 4(x18!)        x12=137f208c x18=1c001c54 x18:1c001c50  PA:1c001c50
16349788ns          286929 1c008848 008005b3 add              x11, x0, x8         x11=137f208c  x8:137f208c
16349807ns          286930 1c00884a 1cca0513 addi             x10, x20, 460       x10=1c0001cc x20:1c000000
16349827ns          286931 1c00884e 90fff0ef jal              x1, -1778            x1=1c008850
16349867ns          286933 1c00815c 1c0027b7 lui              x15, 0x1c002000     x15=1c002000
16349887ns          286934 1c008160 c7478793 addi             x15, x15, -908      x15=1c001c74 x15:1c002000
16349907ns          286935 1c008164 0007a703 lw               x14, 0(x15)         x14=00000106 x15:1c001c74  PA:1c001c74
16350205ns          286950 1c008166 00c006b3 add              x13, x0, x12        x13=137f208c x12:137f208c
16350225ns          286951 1c008168 00170713 addi             x14, x14, 1         x14=00000107 x14:00000106
16350245ns          286952 1c00816a 00e7a023 sw               x14, 0(x15)         x14:00000107 x15:1c001c74  PA:1c001c74
16350583ns          286969 1c00816c 02c58163 beq              x11, x12, 34        x11:137f208c x12:137f208c
16350643ns          286972 1c00818e 00008067 jalr             x0, x1, 0            x1:1c008850
16350683ns          286974 1c008850 ff3496e3 bne              x9, x19, -20         x9:1c001c2c x19:1c001c48
16350742ns          286977 1c00883c 0044a78b p.lw             x15, 4(x9!)         x15=a2e2f1dd  x9=1c001c30  x9:1c001c2c  PA:1c001c2c
16351061ns          286993 1c008840 6257e457 pv.xor.sci.h     x8, x15, 0x11        x8=a2e9f1d6 x15:a2e2f1dd
16351080ns          286994 1c008844 0049260b p.lw             x12, 4(x18!)        x12=a2e9f1d6 x18=1c001c58 x18:1c001c54  PA:1c001c54
16351379ns          287009 1c008848 008005b3 add              x11, x0, x8         x11=a2e9f1d6  x8:a2e9f1d6
16351399ns          287010 1c00884a 1cca0513 addi             x10, x20, 460       x10=1c0001cc x20:1c000000
16351419ns          287011 1c00884e 90fff0ef jal              x1, -1778            x1=1c008850
16351458ns          287013 1c00815c 1c0027b7 lui              x15, 0x1c002000     x15=1c002000
16351478ns          287014 1c008160 c7478793 addi             x15, x15, -908      x15=1c001c74 x15:1c002000
16351498ns          287015 1c008164 0007a703 lw               x14, 0(x15)         x14=00000107 x15:1c001c74  PA:1c001c74
16351796ns          287030 1c008166 00c006b3 add              x13, x0, x12        x13=a2e9f1d6 x12:a2e9f1d6
16351816ns          287031 1c008168 00170713 addi             x14, x14, 1         x14=00000108 x14:00000107
16351836ns          287032 1c00816a 00e7a023 sw               x14, 0(x15)         x14:00000108 x15:1c001c74  PA:1c001c74
16352155ns          287048 1c00816c 02c58163 beq              x11, x12, 34        x11:a2e9f1d6 x12:a2e9f1d6
16352214ns          287051 1c00818e 00008067 jalr             x0, x1, 0            x1:1c008850
16352254ns          287053 1c008850 ff3496e3 bne              x9, x19, -20         x9:1c001c30 x19:1c001c48
16352314ns          287056 1c00883c 0044a78b p.lw             x15, 4(x9!)         x15=6055d5c5  x9=1c001c34  x9:1c001c30  PA:1c001c30
16352632ns          287072 1c008840 6257e457 pv.xor.sci.h     x8, x15, 0x11        x8=605ed5ce x15:6055d5c5
16352652ns          287073 1c008844 0049260b p.lw             x12, 4(x18!)        x12=605ed5ce x18=1c001c5c x18:1c001c58  PA:1c001c58
16352990ns          287090 1c008848 008005b3 add              x11, x0, x8         x11=605ed5ce  x8:605ed5ce
16353010ns          287091 1c00884a 1cca0513 addi             x10, x20, 460       x10=1c0001cc x20:1c000000
16353030ns          287092 1c00884e 90fff0ef jal              x1, -1778            x1=1c008850
16353069ns          287094 1c00815c 1c0027b7 lui              x15, 0x1c002000     x15=1c002000
16353089ns          287095 1c008160 c7478793 addi             x15, x15, -908      x15=1c001c74 x15:1c002000
16353109ns          287096 1c008164 0007a703 lw               x14, 0(x15)         x14=00000108 x15:1c001c74  PA:1c001c74
16353408ns          287111 1c008166 00c006b3 add              x13, x0, x12        x13=605ed5ce x12:605ed5ce
16353428ns          287112 1c008168 00170713 addi             x14, x14, 1         x14=00000109 x14:00000108
16353447ns          287113 1c00816a 00e7a023 sw               x14, 0(x15)         x14:00000109 x15:1c001c74  PA:1c001c74
16353766ns          287129 1c00816c 02c58163 beq              x11, x12, 34        x11:605ed5ce x12:605ed5ce
16353825ns          287132 1c00818e 00008067 jalr             x0, x1, 0            x1:1c008850
16353865ns          287134 1c008850 ff3496e3 bne              x9, x19, -20         x9:1c001c34 x19:1c001c48
16353925ns          287137 1c00883c 0044a78b p.lw             x15, 4(x9!)         x15=7e3bc175  x9=1c001c38  x9:1c001c34  PA:1c001c34
16354283ns          287155 1c008840 6257e457 pv.xor.sci.h     x8, x15, 0x11        x8=7e30c17e x15:7e3bc175
16354303ns          287156 1c008844 0049260b p.lw             x12, 4(x18!)        x12=7e30c17e x18=1c001c60 x18:1c001c5c  PA:1c001c5c
16354601ns          287171 1c008848 008005b3 add              x11, x0, x8         x11=7e30c17e  x8:7e30c17e
16354621ns          287172 1c00884a 1cca0513 addi             x10, x20, 460       x10=1c0001cc x20:1c000000
16354641ns          287173 1c00884e 90fff0ef jal              x1, -1778            x1=1c008850
16354681ns          287175 1c00815c 1c0027b7 lui              x15, 0x1c002000     x15=1c002000
16354701ns          287176 1c008160 c7478793 addi             x15, x15, -908      x15=1c001c74 x15:1c002000
16354720ns          287177 1c008164 0007a703 lw               x14, 0(x15)         x14=00000109 x15:1c001c74  PA:1c001c74
16355019ns          287192 1c008166 00c006b3 add              x13, x0, x12        x13=7e30c17e x12:7e30c17e
16355039ns          287193 1c008168 00170713 addi             x14, x14, 1         x14=0000010a x14:00000109
16355059ns          287194 1c00816a 00e7a023 sw               x14, 0(x15)         x14:0000010a x15:1c001c74  PA:1c001c74
16355377ns          287210 1c00816c 02c58163 beq              x11, x12, 34        x11:7e30c17e x12:7e30c17e
16355436ns          287213 1c00818e 00008067 jalr             x0, x1, 0            x1:1c008850
16355476ns          287215 1c008850 ff3496e3 bne              x9, x19, -20         x9:1c001c38 x19:1c001c48
16355536ns          287218 1c00883c 0044a78b p.lw             x15, 4(x9!)         x15=7bd21a1b  x9=1c001c3c  x9:1c001c38  PA:1c001c38
16355854ns          287234 1c008840 6257e457 pv.xor.sci.h     x8, x15, 0x11        x8=7bd91a10 x15:7bd21a1b
16355874ns          287235 1c008844 0049260b p.lw             x12, 4(x18!)        x12=7bd91a10 x18=1c001c64 x18:1c001c60  PA:1c001c60
16356172ns          287250 1c008848 008005b3 add              x11, x0, x8         x11=7bd91a10  x8:7bd91a10
16356192ns          287251 1c00884a 1cca0513 addi             x10, x20, 460       x10=1c0001cc x20:1c000000
16356212ns          287252 1c00884e 90fff0ef jal              x1, -1778            x1=1c008850
16356252ns          287254 1c00815c 1c0027b7 lui              x15, 0x1c002000     x15=1c002000
16356272ns          287255 1c008160 c7478793 addi             x15, x15, -908      x15=1c001c74 x15:1c002000
16356292ns          287256 1c008164 0007a703 lw               x14, 0(x15)         x14=0000010a x15:1c001c74  PA:1c001c74
16356590ns          287271 1c008166 00c006b3 add              x13, x0, x12        x13=7bd91a10 x12:7bd91a10
16356610ns          287272 1c008168 00170713 addi             x14, x14, 1         x14=0000010b x14:0000010a
16356630ns          287273 1c00816a 00e7a023 sw               x14, 0(x15)         x14:0000010b x15:1c001c74  PA:1c001c74
16356968ns          287290 1c00816c 02c58163 beq              x11, x12, 34        x11:7bd91a10 x12:7bd91a10
16357028ns          287293 1c00818e 00008067 jalr             x0, x1, 0            x1:1c008850
16357068ns          287295 1c008850 ff3496e3 bne              x9, x19, -20         x9:1c001c3c x19:1c001c48
16357127ns          287298 1c00883c 0044a78b p.lw             x15, 4(x9!)         x15=7f8d1904  x9=1c001c40  x9:1c001c3c  PA:1c001c3c
16357445ns          287314 1c008840 6257e457 pv.xor.sci.h     x8, x15, 0x11        x8=7f86190f x15:7f8d1904
16357465ns          287315 1c008844 0049260b p.lw             x12, 4(x18!)        x12=7f86190f x18=1c001c68 x18:1c001c64  PA:1c001c64
16357784ns          287331 1c008848 008005b3 add              x11, x0, x8         x11=7f86190f  x8:7f86190f
16357803ns          287332 1c00884a 1cca0513 addi             x10, x20, 460       x10=1c0001cc x20:1c000000
16357823ns          287333 1c00884e 90fff0ef jal              x1, -1778            x1=1c008850
16357863ns          287335 1c00815c 1c0027b7 lui              x15, 0x1c002000     x15=1c002000
16357883ns          287336 1c008160 c7478793 addi             x15, x15, -908      x15=1c001c74 x15:1c002000
16357903ns          287337 1c008164 0007a703 lw               x14, 0(x15)         x14=0000010b x15:1c001c74  PA:1c001c74
16358221ns          287353 1c008166 00c006b3 add              x13, x0, x12        x13=7f86190f x12:7f86190f
16358241ns          287354 1c008168 00170713 addi             x14, x14, 1         x14=0000010c x14:0000010b
16358261ns          287355 1c00816a 00e7a023 sw               x14, 0(x15)         x14:0000010c x15:1c001c74  PA:1c001c74
16358579ns          287371 1c00816c 02c58163 beq              x11, x12, 34        x11:7f86190f x12:7f86190f
16358639ns          287374 1c00818e 00008067 jalr             x0, x1, 0            x1:1c008850
16358679ns          287376 1c008850 ff3496e3 bne              x9, x19, -20         x9:1c001c40 x19:1c001c48
16358738ns          287379 1c00883c 0044a78b p.lw             x15, 4(x9!)         x15=9e128781  x9=1c001c44  x9:1c001c40  PA:1c001c40
16359076ns          287396 1c008840 6257e457 pv.xor.sci.h     x8, x15, 0x11        x8=9e19878a x15:9e128781
16359096ns          287397 1c008844 0049260b p.lw             x12, 4(x18!)        x12=9e19878a x18=1c001c6c x18:1c001c68  PA:1c001c68
16359395ns          287412 1c008848 008005b3 add              x11, x0, x8         x11=9e19878a  x8:9e19878a
16359415ns          287413 1c00884a 1cca0513 addi             x10, x20, 460       x10=1c0001cc x20:1c000000
16359435ns          287414 1c00884e 90fff0ef jal              x1, -1778            x1=1c008850
16359474ns          287416 1c00815c 1c0027b7 lui              x15, 0x1c002000     x15=1c002000
16359494ns          287417 1c008160 c7478793 addi             x15, x15, -908      x15=1c001c74 x15:1c002000
16359514ns          287418 1c008164 0007a703 lw               x14, 0(x15)         x14=0000010c x15:1c001c74  PA:1c001c74
16359812ns          287433 1c008166 00c006b3 add              x13, x0, x12        x13=9e19878a x12:9e19878a
16359832ns          287434 1c008168 00170713 addi             x14, x14, 1         x14=0000010d x14:0000010c
16359852ns          287435 1c00816a 00e7a023 sw               x14, 0(x15)         x14:0000010d x15:1c001c74  PA:1c001c74
16360190ns          287452 1c00816c 02c58163 beq              x11, x12, 34        x11:9e19878a x12:9e19878a
16360250ns          287455 1c00818e 00008067 jalr             x0, x1, 0            x1:1c008850
16360290ns          287457 1c008850 ff3496e3 bne              x9, x19, -20         x9:1c001c44 x19:1c001c48
16360349ns          287460 1c00883c 0044a78b p.lw             x15, 4(x9!)         x15=ff922fad  x9=1c001c48  x9:1c001c44  PA:1c001c44
16360668ns          287476 1c008840 6257e457 pv.xor.sci.h     x8, x15, 0x11        x8=ff992fa6 x15:ff922fad
16360688ns          287477 1c008844 0049260b p.lw             x12, 4(x18!)        x12=ff992fa6 x18=1c001c70 x18:1c001c6c  PA:1c001c6c
16361006ns          287493 1c008848 008005b3 add              x11, x0, x8         x11=ff992fa6  x8:ff992fa6
16361026ns          287494 1c00884a 1cca0513 addi             x10, x20, 460       x10=1c0001cc x20:1c000000
16361046ns          287495 1c00884e 90fff0ef jal              x1, -1778            x1=1c008850
16361085ns          287497 1c00815c 1c0027b7 lui              x15, 0x1c002000     x15=1c002000
16361105ns          287498 1c008160 c7478793 addi             x15, x15, -908      x15=1c001c74 x15:1c002000
16361125ns          287499 1c008164 0007a703 lw               x14, 0(x15)         x14=0000010d x15:1c001c74  PA:1c001c74
16361424ns          287514 1c008166 00c006b3 add              x13, x0, x12        x13=ff992fa6 x12:ff992fa6
16361443ns          287515 1c008168 00170713 addi             x14, x14, 1         x14=0000010e x14:0000010d
16361463ns          287516 1c00816a 00e7a023 sw               x14, 0(x15)         x14:0000010e x15:1c001c74  PA:1c001c74
16361782ns          287532 1c00816c 02c58163 beq              x11, x12, 34        x11:ff992fa6 x12:ff992fa6
16361841ns          287535 1c00818e 00008067 jalr             x0, x1, 0            x1:1c008850
16361881ns          287537 1c008850 ff3496e3 bne              x9, x19, -20         x9:1c001c48 x19:1c001c48
16361901ns          287538 1c008854 1c0024b7 lui              x9, 0x1c002000       x9=1c002000
16361921ns          287539 1c008858 9f048493 addi             x9, x9, -1552        x9=1c0019f0  x9:1c002000
16361941ns          287540 1c00885c 1c0029b7 lui              x19, 0x1c002000     x19=1c002000
16362398ns          287563 1c008860 1c002937 lui              x18, 0x1c002000     x18=1c002000
16362438ns          287565 1c008864 a1898993 addi             x19, x19, -1512     x19=1c001a18 x19:1c002000
16362458ns          287566 1c008868 a4090913 addi             x18, x18, -1472     x18=1c001a40 x18:1c002000
16362478ns          287567 1c00886c 02848a13 addi             x20, x9, 40         x20=1c001a18  x9:1c0019f0
16362915ns          287589 1c008870 1c000ab7 lui              x21, 0x1c000000     x21=1c000000
16362955ns          287591 1c008874 0044a78b p.lw             x15, 4(x9!)         x15=13518603  x9=1c0019f4  x9:1c0019f0  PA:1c0019f0
16363254ns          287606 1c008878 0049a70b p.lw             x14, 4(x19!)        x14=79cf43b7 x19=1c001a1c x19:1c001a18  PA:1c001a18
16363592ns          287623 1c00887c 60e79457 pv.xor.b         x8, x15, x14         x8=6a9ec5b4 x15:13518603 x14:79cf43b7
16363612ns          287624 1c008880 0049260b p.lw             x12, 4(x18!)        x12=6a9ec5b4 x18=1c001a44 x18:1c001a40  PA:1c001a40
16363910ns          287639 1c008884 008005b3 add              x11, x0, x8         x11=6a9ec5b4  x8:6a9ec5b4
16363930ns          287640 1c008886 1dca8513 addi             x10, x21, 476       x10=1c0001dc x21:1c000000
16363950ns          287641 1c00888a 8d3ff0ef jal              x1, -1838            x1=1c00888c
16364427ns          287665 1c00815c 1c0027b7 lui              x15, 0x1c002000     x15=1c002000
16364447ns          287666 1c008160 c7478793 addi             x15, x15, -908      x15=1c001c74 x15:1c002000
16364467ns          287667 1c008164 0007a703 lw               x14, 0(x15)         x14=0000010e x15:1c001c74  PA:1c001c74
16364765ns          287682 1c008166 00c006b3 add              x13, x0, x12        x13=6a9ec5b4 x12:6a9ec5b4
16364785ns          287683 1c008168 00170713 addi             x14, x14, 1         x14=0000010f x14:0000010e
16364805ns          287684 1c00816a 00e7a023 sw               x14, 0(x15)         x14:0000010f x15:1c001c74  PA:1c001c74
16365143ns          287701 1c00816c 02c58163 beq              x11, x12, 34        x11:6a9ec5b4 x12:6a9ec5b4
16365203ns          287704 1c00818e 00008067 jalr             x0, x1, 0            x1:1c00888c
16365243ns          287706 1c00888c ff4494e3 bne              x9, x20, -24         x9:1c0019f4 x20:1c001a18
16365302ns          287709 1c008874 0044a78b p.lw             x15, 4(x9!)         x15=59cab02d  x9=1c0019f8  x9:1c0019f4  PA:1c0019f4
16365601ns          287724 1c008878 0049a70b p.lw             x14, 4(x19!)        x14=b7c66ac7 x19=1c001a20 x19:1c001a1c  PA:1c001a1c
16365919ns          287740 1c00887c 60e79457 pv.xor.b         x8, x15, x14         x8=ee0cdaea x15:59cab02d x14:b7c66ac7
16365939ns          287741 1c008880 0049260b p.lw             x12, 4(x18!)        x12=ee0cdaea x18=1c001a48 x18:1c001a44  PA:1c001a44
16366277ns          287758 1c008884 008005b3 add              x11, x0, x8         x11=ee0cdaea  x8:ee0cdaea
16366297ns          287759 1c008886 1dca8513 addi             x10, x21, 476       x10=1c0001dc x21:1c000000
16366317ns          287760 1c00888a 8d3ff0ef jal              x1, -1838            x1=1c00888c
16366357ns          287762 1c00815c 1c0027b7 lui              x15, 0x1c002000     x15=1c002000
16366376ns          287763 1c008160 c7478793 addi             x15, x15, -908      x15=1c001c74 x15:1c002000
16366396ns          287764 1c008164 0007a703 lw               x14, 0(x15)         x14=0000010f x15:1c001c74  PA:1c001c74
16366695ns          287779 1c008166 00c006b3 add              x13, x0, x12        x13=ee0cdaea x12:ee0cdaea
16366715ns          287780 1c008168 00170713 addi             x14, x14, 1         x14=00000110 x14:0000010f
16366734ns          287781 1c00816a 00e7a023 sw               x14, 0(x15)         x14:00000110 x15:1c001c74  PA:1c001c74
16367053ns          287797 1c00816c 02c58163 beq              x11, x12, 34        x11:ee0cdaea x12:ee0cdaea
16367112ns          287800 1c00818e 00008067 jalr             x0, x1, 0            x1:1c00888c
16367152ns          287802 1c00888c ff4494e3 bne              x9, x20, -24         x9:1c0019f8 x20:1c001a18
16367212ns          287805 1c008874 0044a78b p.lw             x15, 4(x9!)         x15=8b61a064  x9=1c0019fc  x9:1c0019f8  PA:1c0019f8
16367550ns          287822 1c008878 0049a70b p.lw             x14, 4(x19!)        x14=d00feca5 x19=1c001a24 x19:1c001a20  PA:1c001a20
16367868ns          287838 1c00887c 60e79457 pv.xor.b         x8, x15, x14         x8=5b6e4cc1 x15:8b61a064 x14:d00feca5
16367888ns          287839 1c008880 0049260b p.lw             x12, 4(x18!)        x12=5b6e4cc1 x18=1c001a4c x18:1c001a48  PA:1c001a48
16368186ns          287854 1c008884 008005b3 add              x11, x0, x8         x11=5b6e4cc1  x8:5b6e4cc1
16368206ns          287855 1c008886 1dca8513 addi             x10, x21, 476       x10=1c0001dc x21:1c000000
16368226ns          287856 1c00888a 8d3ff0ef jal              x1, -1838            x1=1c00888c
16368266ns          287858 1c00815c 1c0027b7 lui              x15, 0x1c002000     x15=1c002000
16368286ns          287859 1c008160 c7478793 addi             x15, x15, -908      x15=1c001c74 x15:1c002000
16368306ns          287860 1c008164 0007a703 lw               x14, 0(x15)         x14=00000110 x15:1c001c74  PA:1c001c74
16368604ns          287875 1c008166 00c006b3 add              x13, x0, x12        x13=5b6e4cc1 x12:5b6e4cc1
16368624ns          287876 1c008168 00170713 addi             x14, x14, 1         x14=00000111 x14:00000110
16368644ns          287877 1c00816a 00e7a023 sw               x14, 0(x15)         x14:00000111 x15:1c001c74  PA:1c001c74
16368982ns          287894 1c00816c 02c58163 beq              x11, x12, 34        x11:5b6e4cc1 x12:5b6e4cc1
16369042ns          287897 1c00818e 00008067 jalr             x0, x1, 0            x1:1c00888c
16369082ns          287899 1c00888c ff4494e3 bne              x9, x20, -24         x9:1c0019fc x20:1c001a18
16369141ns          287902 1c008874 0044a78b p.lw             x15, 4(x9!)         x15=41291917  x9=1c001a00  x9:1c0019fc  PA:1c0019fc
16369440ns          287917 1c008878 0049a70b p.lw             x14, 4(x19!)        x14=a2485f66 x19=1c001a28 x19:1c001a24  PA:1c001a24
16369758ns          287933 1c00887c 60e79457 pv.xor.b         x8, x15, x14         x8=e3614671 x15:41291917 x14:a2485f66
16369778ns          287934 1c008880 0049260b p.lw             x12, 4(x18!)        x12=e3614671 x18=1c001a50 x18:1c001a4c  PA:1c001a4c
16370076ns          287949 1c008884 008005b3 add              x11, x0, x8         x11=e3614671  x8:e3614671
16370096ns          287950 1c008886 1dca8513 addi             x10, x21, 476       x10=1c0001dc x21:1c000000
16370116ns          287951 1c00888a 8d3ff0ef jal              x1, -1838            x1=1c00888c
16370156ns          287953 1c00815c 1c0027b7 lui              x15, 0x1c002000     x15=1c002000
16370176ns          287954 1c008160 c7478793 addi             x15, x15, -908      x15=1c001c74 x15:1c002000
16370195ns          287955 1c008164 0007a703 lw               x14, 0(x15)         x14=00000111 x15:1c001c74  PA:1c001c74
16370514ns          287971 1c008166 00c006b3 add              x13, x0, x12        x13=e3614671 x12:e3614671
16370534ns          287972 1c008168 00170713 addi             x14, x14, 1         x14=00000112 x14:00000111
16370553ns          287973 1c00816a 00e7a023 sw               x14, 0(x15)         x14:00000112 x15:1c001c74  PA:1c001c74
16370872ns          287989 1c00816c 02c58163 beq              x11, x12, 34        x11:e3614671 x12:e3614671
16370931ns          287992 1c00818e 00008067 jalr             x0, x1, 0            x1:1c00888c
16370971ns          287994 1c00888c ff4494e3 bne              x9, x20, -24         x9:1c001a00 x20:1c001a18
16371031ns          287997 1c008874 0044a78b p.lw             x15, 4(x9!)         x15=72d48ef5  x9=1c001a04  x9:1c001a00  PA:1c001a00
16371349ns          288013 1c008878 0049a70b p.lw             x14, 4(x19!)        x14=7ad38bdc x19=1c001a2c x19:1c001a28  PA:1c001a28
16371687ns          288030 1c00887c 60e79457 pv.xor.b         x8, x15, x14         x8=08070529 x15:72d48ef5 x14:7ad38bdc
16371707ns          288031 1c008880 0049260b p.lw             x12, 4(x18!)        x12=08070529 x18=1c001a54 x18:1c001a50  PA:1c001a50
16372005ns          288046 1c008884 008005b3 add              x11, x0, x8         x11=08070529  x8:08070529
16372025ns          288047 1c008886 1dca8513 addi             x10, x21, 476       x10=1c0001dc x21:1c000000
16372045ns          288048 1c00888a 8d3ff0ef jal              x1, -1838            x1=1c00888c
16372085ns          288050 1c00815c 1c0027b7 lui              x15, 0x1c002000     x15=1c002000
16372105ns          288051 1c008160 c7478793 addi             x15, x15, -908      x15=1c001c74 x15:1c002000
16372125ns          288052 1c008164 0007a703 lw               x14, 0(x15)         x14=00000112 x15:1c001c74  PA:1c001c74
16372423ns          288067 1c008166 00c006b3 add              x13, x0, x12        x13=08070529 x12:08070529
16372443ns          288068 1c008168 00170713 addi             x14, x14, 1         x14=00000113 x14:00000112
16372463ns          288069 1c00816a 00e7a023 sw               x14, 0(x15)         x14:00000113 x15:1c001c74  PA:1c001c74
16372781ns          288085 1c00816c 02c58163 beq              x11, x12, 34        x11:08070529 x12:08070529
16372841ns          288088 1c00818e 00008067 jalr             x0, x1, 0            x1:1c00888c
16372881ns          288090 1c00888c ff4494e3 bne              x9, x20, -24         x9:1c001a04 x20:1c001a18
16372940ns          288093 1c008874 0044a78b p.lw             x15, 4(x9!)         x15=f9340a4b  x9=1c001a08  x9:1c001a04  PA:1c001a04
16373239ns          288108 1c008878 0049a70b p.lw             x14, 4(x19!)        x14=78893e37 x19=1c001a30 x19:1c001a2c  PA:1c001a2c
16373557ns          288124 1c00887c 60e79457 pv.xor.b         x8, x15, x14         x8=81bd347c x15:f9340a4b x14:78893e37
16373577ns          288125 1c008880 0049260b p.lw             x12, 4(x18!)        x12=81bd347c x18=1c001a58 x18:1c001a54  PA:1c001a54
16373895ns          288141 1c008884 008005b3 add              x11, x0, x8         x11=81bd347c  x8:81bd347c
16373915ns          288142 1c008886 1dca8513 addi             x10, x21, 476       x10=1c0001dc x21:1c000000
16373935ns          288143 1c00888a 8d3ff0ef jal              x1, -1838            x1=1c00888c
16373975ns          288145 1c00815c 1c0027b7 lui              x15, 0x1c002000     x15=1c002000
16373995ns          288146 1c008160 c7478793 addi             x15, x15, -908      x15=1c001c74 x15:1c002000
16374014ns          288147 1c008164 0007a703 lw               x14, 0(x15)         x14=00000113 x15:1c001c74  PA:1c001c74
16374333ns          288163 1c008166 00c006b3 add              x13, x0, x12        x13=81bd347c x12:81bd347c
16374353ns          288164 1c008168 00170713 addi             x14, x14, 1         x14=00000114 x14:00000113
16374372ns          288165 1c00816a 00e7a023 sw               x14, 0(x15)         x14:00000114 x15:1c001c74  PA:1c001c74
16374691ns          288181 1c00816c 02c58163 beq              x11, x12, 34        x11:81bd347c x12:81bd347c
16374750ns          288184 1c00818e 00008067 jalr             x0, x1, 0            x1:1c00888c
16374790ns          288186 1c00888c ff4494e3 bne              x9, x20, -24         x9:1c001a08 x20:1c001a18
16374850ns          288189 1c008874 0044a78b p.lw             x15, 4(x9!)         x15=fc4036e9  x9=1c001a0c  x9:1c001a08  PA:1c001a08
16375168ns          288205 1c008878 0049a70b p.lw             x14, 4(x19!)        x14=9e4f8658 x19=1c001a34 x19:1c001a30  PA:1c001a30
16375486ns          288221 1c00887c 60e79457 pv.xor.b         x8, x15, x14         x8=620fb0b1 x15:fc4036e9 x14:9e4f8658
16375506ns          288222 1c008880 0049260b p.lw             x12, 4(x18!)        x12=620fb0b1 x18=1c001a5c x18:1c001a58  PA:1c001a58
16375805ns          288237 1c008884 008005b3 add              x11, x0, x8         x11=620fb0b1  x8:620fb0b1
16375824ns          288238 1c008886 1dca8513 addi             x10, x21, 476       x10=1c0001dc x21:1c000000
16375844ns          288239 1c00888a 8d3ff0ef jal              x1, -1838            x1=1c00888c
16375884ns          288241 1c00815c 1c0027b7 lui              x15, 0x1c002000     x15=1c002000
16375904ns          288242 1c008160 c7478793 addi             x15, x15, -908      x15=1c001c74 x15:1c002000
16375924ns          288243 1c008164 0007a703 lw               x14, 0(x15)         x14=00000114 x15:1c001c74  PA:1c001c74
16376222ns          288258 1c008166 00c006b3 add              x13, x0, x12        x13=620fb0b1 x12:620fb0b1
16376242ns          288259 1c008168 00170713 addi             x14, x14, 1         x14=00000115 x14:00000114
16376262ns          288260 1c00816a 00e7a023 sw               x14, 0(x15)         x14:00000115 x15:1c001c74  PA:1c001c74
16376580ns          288276 1c00816c 02c58163 beq              x11, x12, 34        x11:620fb0b1 x12:620fb0b1
16376640ns          288279 1c00818e 00008067 jalr             x0, x1, 0            x1:1c00888c
16376680ns          288281 1c00888c ff4494e3 bne              x9, x20, -24         x9:1c001a0c x20:1c001a18
16376739ns          288284 1c008874 0044a78b p.lw             x15, 4(x9!)         x15=1d7a6e91  x9=1c001a10  x9:1c001a0c  PA:1c001a0c
16377038ns          288299 1c008878 0049a70b p.lw             x14, 4(x19!)        x14=3b2f7bfa x19=1c001a38 x19:1c001a34  PA:1c001a34
16377356ns          288315 1c00887c 60e79457 pv.xor.b         x8, x15, x14         x8=2655156b x15:1d7a6e91 x14:3b2f7bfa
16377376ns          288316 1c008880 0049260b p.lw             x12, 4(x18!)        x12=2655156b x18=1c001a60 x18:1c001a5c  PA:1c001a5c
16377674ns          288331 1c008884 008005b3 add              x11, x0, x8         x11=2655156b  x8:2655156b
16377694ns          288332 1c008886 1dca8513 addi             x10, x21, 476       x10=1c0001dc x21:1c000000
16377714ns          288333 1c00888a 8d3ff0ef jal              x1, -1838            x1=1c00888c
16377754ns          288335 1c00815c 1c0027b7 lui              x15, 0x1c002000     x15=1c002000
16377774ns          288336 1c008160 c7478793 addi             x15, x15, -908      x15=1c001c74 x15:1c002000
16377794ns          288337 1c008164 0007a703 lw               x14, 0(x15)         x14=00000115 x15:1c001c74  PA:1c001c74
16378092ns          288352 1c008166 00c006b3 add              x13, x0, x12        x13=2655156b x12:2655156b
16378112ns          288353 1c008168 00170713 addi             x14, x14, 1         x14=00000116 x14:00000115
16378132ns          288354 1c00816a 00e7a023 sw               x14, 0(x15)         x14:00000116 x15:1c001c74  PA:1c001c74
16378450ns          288370 1c00816c 02c58163 beq              x11, x12, 34        x11:2655156b x12:2655156b
16378510ns          288373 1c00818e 00008067 jalr             x0, x1, 0            x1:1c00888c
16378550ns          288375 1c00888c ff4494e3 bne              x9, x20, -24         x9:1c001a10 x20:1c001a18
16378609ns          288378 1c008874 0044a78b p.lw             x15, 4(x9!)         x15=dcdd2845  x9=1c001a14  x9:1c001a10  PA:1c001a10
16378908ns          288393 1c008878 0049a70b p.lw             x14, 4(x19!)        x14=d74ecc6f x19=1c001a3c x19:1c001a38  PA:1c001a38
16379226ns          288409 1c00887c 60e79457 pv.xor.b         x8, x15, x14         x8=0b93e42a x15:dcdd2845 x14:d74ecc6f
16379246ns          288410 1c008880 0049260b p.lw             x12, 4(x18!)        x12=0b93e42a x18=1c001a64 x18:1c001a60  PA:1c001a60
16379564ns          288426 1c008884 008005b3 add              x11, x0, x8         x11=0b93e42a  x8:0b93e42a
16379584ns          288427 1c008886 1dca8513 addi             x10, x21, 476       x10=1c0001dc x21:1c000000
16379604ns          288428 1c00888a 8d3ff0ef jal              x1, -1838            x1=1c00888c
16379644ns          288430 1c00815c 1c0027b7 lui              x15, 0x1c002000     x15=1c002000
16379663ns          288431 1c008160 c7478793 addi             x15, x15, -908      x15=1c001c74 x15:1c002000
16379683ns          288432 1c008164 0007a703 lw               x14, 0(x15)         x14=00000116 x15:1c001c74  PA:1c001c74
16379982ns          288447 1c008166 00c006b3 add              x13, x0, x12        x13=0b93e42a x12:0b93e42a
16380002ns          288448 1c008168 00170713 addi             x14, x14, 1         x14=00000117 x14:00000116
16380021ns          288449 1c00816a 00e7a023 sw               x14, 0(x15)         x14:00000117 x15:1c001c74  PA:1c001c74
16380340ns          288465 1c00816c 02c58163 beq              x11, x12, 34        x11:0b93e42a x12:0b93e42a
16380399ns          288468 1c00818e 00008067 jalr             x0, x1, 0            x1:1c00888c
16380439ns          288470 1c00888c ff4494e3 bne              x9, x20, -24         x9:1c001a14 x20:1c001a18
16380499ns          288473 1c008874 0044a78b p.lw             x15, 4(x9!)         x15=256dc1e8  x9=1c001a18  x9:1c001a14  PA:1c001a14
16380817ns          288489 1c008878 0049a70b p.lw             x14, 4(x19!)        x14=69e47c40 x19=1c001a40 x19:1c001a3c  PA:1c001a3c
16381135ns          288505 1c00887c 60e79457 pv.xor.b         x8, x15, x14         x8=4c89bda8 x15:256dc1e8 x14:69e47c40
16381155ns          288506 1c008880 0049260b p.lw             x12, 4(x18!)        x12=4c89bda8 x18=1c001a68 x18:1c001a64  PA:1c001a64
16381454ns          288521 1c008884 008005b3 add              x11, x0, x8         x11=4c89bda8  x8:4c89bda8
16381473ns          288522 1c008886 1dca8513 addi             x10, x21, 476       x10=1c0001dc x21:1c000000
16381493ns          288523 1c00888a 8d3ff0ef jal              x1, -1838            x1=1c00888c
16381533ns          288525 1c00815c 1c0027b7 lui              x15, 0x1c002000     x15=1c002000
16381553ns          288526 1c008160 c7478793 addi             x15, x15, -908      x15=1c001c74 x15:1c002000
16381573ns          288527 1c008164 0007a703 lw               x14, 0(x15)         x14=00000117 x15:1c001c74  PA:1c001c74
16381871ns          288542 1c008166 00c006b3 add              x13, x0, x12        x13=4c89bda8 x12:4c89bda8
16381891ns          288543 1c008168 00170713 addi             x14, x14, 1         x14=00000118 x14:00000117
16381911ns          288544 1c00816a 00e7a023 sw               x14, 0(x15)         x14:00000118 x15:1c001c74  PA:1c001c74
16382249ns          288561 1c00816c 02c58163 beq              x11, x12, 34        x11:4c89bda8 x12:4c89bda8
16382309ns          288564 1c00818e 00008067 jalr             x0, x1, 0            x1:1c00888c
16382349ns          288566 1c00888c ff4494e3 bne              x9, x20, -24         x9:1c001a18 x20:1c001a18
16382369ns          288567 1c008890 1c0024b7 lui              x9, 0x1c002000       x9=1c002000
16382388ns          288568 1c008894 a6848493 addi             x9, x9, -1432        x9=1c001a68  x9:1c002000
16382408ns          288569 1c008898 1c0029b7 lui              x19, 0x1c002000     x19=1c002000
16382428ns          288570 1c00889c 1c002937 lui              x18, 0x1c002000     x18=1c002000
16382866ns          288592 1c0088a0 a9098993 addi             x19, x19, -1392     x19=1c001a90 x19:1c002000
16382906ns          288594 1c0088a4 ab890913 addi             x18, x18, -1352     x18=1c001ab8 x18:1c002000
16382925ns          288595 1c0088a8 02848a13 addi             x20, x9, 40         x20=1c001a90  x9:1c001a68
16382945ns          288596 1c0088ac 1c000ab7 lui              x21, 0x1c000000     x21=1c000000
16383383ns          288618 1c0088b0 0044a78b p.lw             x15, 4(x9!)         x15=0f806f1b  x9=1c001a6c  x9:1c001a68  PA:1c001a68
16383701ns          288634 1c0088b4 0049a70b p.lw             x14, 4(x19!)        x14=7cd0414f x19=1c001a94 x19:1c001a90  PA:1c001a90
16384039ns          288651 1c0088b8 60e7d457 pv.xor.sc.b      x8, x15, x14         x8=40cf2054 x15:0f806f1b x14:4f4f4f4f
16384059ns          288652 1c0088bc 0049260b p.lw             x12, 4(x18!)        x12=40cf2054 x18=1c001abc x18:1c001ab8  PA:1c001ab8
16384358ns          288667 1c0088c0 008005b3 add              x11, x0, x8         x11=40cf2054  x8:40cf2054
16384378ns          288668 1c0088c2 1e8a8513 addi             x10, x21, 488       x10=1c0001e8 x21:1c000000
16384397ns          288669 1c0088c6 897ff0ef jal              x1, -1898            x1=1c0088ca
16384437ns          288671 1c00815c 1c0027b7 lui              x15, 0x1c002000     x15=1c002000
16384457ns          288672 1c008160 c7478793 addi             x15, x15, -908      x15=1c001c74 x15:1c002000
16384477ns          288673 1c008164 0007a703 lw               x14, 0(x15)         x14=00000118 x15:1c001c74  PA:1c001c74
16384775ns          288688 1c008166 00c006b3 add              x13, x0, x12        x13=40cf2054 x12:40cf2054
16384795ns          288689 1c008168 00170713 addi             x14, x14, 1         x14=00000119 x14:00000118
16384815ns          288690 1c00816a 00e7a023 sw               x14, 0(x15)         x14:00000119 x15:1c001c74  PA:1c001c74
16385153ns          288707 1c00816c 02c58163 beq              x11, x12, 34        x11:40cf2054 x12:40cf2054
16385213ns          288710 1c00818e 00008067 jalr             x0, x1, 0            x1:1c0088ca
16385273ns          288713 1c0088ca fe9a13e3 bne              x20, x9, -26        x20:1c001a90  x9:1c001a6c
16385750ns          288737 1c0088b0 0044a78b p.lw             x15, 4(x9!)         x15=127e319b  x9=1c001a70  x9:1c001a6c  PA:1c001a6c
16386048ns          288752 1c0088b4 0049a70b p.lw             x14, 4(x19!)        x14=c919409b x19=1c001a98 x19:1c001a94  PA:1c001a94
16386367ns          288768 1c0088b8 60e7d457 pv.xor.sc.b      x8, x15, x14         x8=89e5aa00 x15:127e319b x14:9b9b9b9b
16386386ns          288769 1c0088bc 0049260b p.lw             x12, 4(x18!)        x12=89e5aa00 x18=1c001ac0 x18:1c001abc  PA:1c001abc
16386685ns          288784 1c0088c0 008005b3 add              x11, x0, x8         x11=89e5aa00  x8:89e5aa00
16386705ns          288785 1c0088c2 1e8a8513 addi             x10, x21, 488       x10=1c0001e8 x21:1c000000
16386725ns          288786 1c0088c6 897ff0ef jal              x1, -1898            x1=1c0088ca
16386764ns          288788 1c00815c 1c0027b7 lui              x15, 0x1c002000     x15=1c002000
16386784ns          288789 1c008160 c7478793 addi             x15, x15, -908      x15=1c001c74 x15:1c002000
16386804ns          288790 1c008164 0007a703 lw               x14, 0(x15)         x14=00000119 x15:1c001c74  PA:1c001c74
16387103ns          288805 1c008166 00c006b3 add              x13, x0, x12        x13=89e5aa00 x12:89e5aa00
16387122ns          288806 1c008168 00170713 addi             x14, x14, 1         x14=0000011a x14:00000119
16387142ns          288807 1c00816a 00e7a023 sw               x14, 0(x15)         x14:0000011a x15:1c001c74  PA:1c001c74
16387461ns          288823 1c00816c 02c58163 beq              x11, x12, 34        x11:89e5aa00 x12:89e5aa00
16387520ns          288826 1c00818e 00008067 jalr             x0, x1, 0            x1:1c0088ca
16387580ns          288829 1c0088ca fe9a13e3 bne              x20, x9, -26        x20:1c001a90  x9:1c001a70
16387640ns          288832 1c0088b0 0044a78b p.lw             x15, 4(x9!)         x15=ae2c45ab  x9=1c001a74  x9:1c001a70  PA:1c001a70
16387938ns          288847 1c0088b4 0049a70b p.lw             x14, 4(x19!)        x14=b9254252 x19=1c001a9c x19:1c001a98  PA:1c001a98
16388256ns          288863 1c0088b8 60e7d457 pv.xor.sc.b      x8, x15, x14         x8=fc7e17f9 x15:ae2c45ab x14:52525252
16388276ns          288864 1c0088bc 0049260b p.lw             x12, 4(x18!)        x12=fc7e17f9 x18=1c001ac4 x18:1c001ac0  PA:1c001ac0
16388574ns          288879 1c0088c0 008005b3 add              x11, x0, x8         x11=fc7e17f9  x8:fc7e17f9
16388594ns          288880 1c0088c2 1e8a8513 addi             x10, x21, 488       x10=1c0001e8 x21:1c000000
16388614ns          288881 1c0088c6 897ff0ef jal              x1, -1898            x1=1c0088ca
16388654ns          288883 1c00815c 1c0027b7 lui              x15, 0x1c002000     x15=1c002000
16388674ns          288884 1c008160 c7478793 addi             x15, x15, -908      x15=1c001c74 x15:1c002000
16388694ns          288885 1c008164 0007a703 lw               x14, 0(x15)         x14=0000011a x15:1c001c74  PA:1c001c74
16389012ns          288901 1c008166 00c006b3 add              x13, x0, x12        x13=fc7e17f9 x12:fc7e17f9
16389032ns          288902 1c008168 00170713 addi             x14, x14, 1         x14=0000011b x14:0000011a
16389052ns          288903 1c00816a 00e7a023 sw               x14, 0(x15)         x14:0000011b x15:1c001c74  PA:1c001c74
16389370ns          288919 1c00816c 02c58163 beq              x11, x12, 34        x11:fc7e17f9 x12:fc7e17f9
16389430ns          288922 1c00818e 00008067 jalr             x0, x1, 0            x1:1c0088ca
16389489ns          288925 1c0088ca fe9a13e3 bne              x20, x9, -26        x20:1c001a90  x9:1c001a74
16389549ns          288928 1c0088b0 0044a78b p.lw             x15, 4(x9!)         x15=995cee7b  x9=1c001a78  x9:1c001a74  PA:1c001a74
16389847ns          288943 1c0088b4 0049a70b p.lw             x14, 4(x19!)        x14=ce169901 x19=1c001aa0 x19:1c001a9c  PA:1c001a9c
16390166ns          288959 1c0088b8 60e7d457 pv.xor.sc.b      x8, x15, x14         x8=985def7a x15:995cee7b x14:01010101
16390186ns          288960 1c0088bc 0049260b p.lw             x12, 4(x18!)        x12=985def7a x18=1c001ac8 x18:1c001ac4  PA:1c001ac4
16390484ns          288975 1c0088c0 008005b3 add              x11, x0, x8         x11=985def7a  x8:985def7a
16390504ns          288976 1c0088c2 1e8a8513 addi             x10, x21, 488       x10=1c0001e8 x21:1c000000
16390524ns          288977 1c0088c6 897ff0ef jal              x1, -1898            x1=1c0088ca
16390564ns          288979 1c00815c 1c0027b7 lui              x15, 0x1c002000     x15=1c002000
16390583ns          288980 1c008160 c7478793 addi             x15, x15, -908      x15=1c001c74 x15:1c002000
16390603ns          288981 1c008164 0007a703 lw               x14, 0(x15)         x14=0000011b x15:1c001c74  PA:1c001c74
16390902ns          288996 1c008166 00c006b3 add              x13, x0, x12        x13=985def7a x12:985def7a
16390922ns          288997 1c008168 00170713 addi             x14, x14, 1         x14=0000011c x14:0000011b
16390941ns          288998 1c00816a 00e7a023 sw               x14, 0(x15)         x14:0000011c x15:1c001c74  PA:1c001c74
16391260ns          289014 1c00816c 02c58163 beq              x11, x12, 34        x11:985def7a x12:985def7a
16391319ns          289017 1c00818e 00008067 jalr             x0, x1, 0            x1:1c0088ca
16391379ns          289020 1c0088ca fe9a13e3 bne              x20, x9, -26        x20:1c001a90  x9:1c001a78
16391439ns          289023 1c0088b0 0044a78b p.lw             x15, 4(x9!)         x15=9d077185  x9=1c001a7c  x9:1c001a78  PA:1c001a78
16391737ns          289038 1c0088b4 0049a70b p.lw             x14, 4(x19!)        x14=3ab35ae3 x19=1c001aa4 x19:1c001aa0  PA:1c001aa0
16392055ns          289054 1c0088b8 60e7d457 pv.xor.sc.b      x8, x15, x14         x8=7ee49266 x15:9d077185 x14:e3e3e3e3
16392075ns          289055 1c0088bc 0049260b p.lw             x12, 4(x18!)        x12=7ee49266 x18=1c001acc x18:1c001ac8  PA:1c001ac8
16392393ns          289071 1c0088c0 008005b3 add              x11, x0, x8         x11=7ee49266  x8:7ee49266
16392413ns          289072 1c0088c2 1e8a8513 addi             x10, x21, 488       x10=1c0001e8 x21:1c000000
16392433ns          289073 1c0088c6 897ff0ef jal              x1, -1898            x1=1c0088ca
16392473ns          289075 1c00815c 1c0027b7 lui              x15, 0x1c002000     x15=1c002000
16392493ns          289076 1c008160 c7478793 addi             x15, x15, -908      x15=1c001c74 x15:1c002000
16392513ns          289077 1c008164 0007a703 lw               x14, 0(x15)         x14=0000011c x15:1c001c74  PA:1c001c74
16392811ns          289092 1c008166 00c006b3 add              x13, x0, x12        x13=7ee49266 x12:7ee49266
16392831ns          289093 1c008168 00170713 addi             x14, x14, 1         x14=0000011d x14:0000011c
16392851ns          289094 1c00816a 00e7a023 sw               x14, 0(x15)         x14:0000011d x15:1c001c74  PA:1c001c74
16393169ns          289110 1c00816c 02c58163 beq              x11, x12, 34        x11:7ee49266 x12:7ee49266
16393229ns          289113 1c00818e 00008067 jalr             x0, x1, 0            x1:1c0088ca
16393289ns          289116 1c0088ca fe9a13e3 bne              x20, x9, -26        x20:1c001a90  x9:1c001a7c
16393348ns          289119 1c0088b0 0044a78b p.lw             x15, 4(x9!)         x15=3eb63359  x9=1c001a80  x9:1c001a7c  PA:1c001a7c
16393667ns          289135 1c0088b4 0049a70b p.lw             x14, 4(x19!)        x14=fa30bf7f x19=1c001aa8 x19:1c001aa4  PA:1c001aa4
16393985ns          289151 1c0088b8 60e7d457 pv.xor.sc.b      x8, x15, x14         x8=41c94c26 x15:3eb63359 x14:7f7f7f7f
16394005ns          289152 1c0088bc 0049260b p.lw             x12, 4(x18!)        x12=41c94c26 x18=1c001ad0 x18:1c001acc  PA:1c001acc
16394303ns          289167 1c0088c0 008005b3 add              x11, x0, x8         x11=41c94c26  x8:41c94c26
16394323ns          289168 1c0088c2 1e8a8513 addi             x10, x21, 488       x10=1c0001e8 x21:1c000000
16394343ns          289169 1c0088c6 897ff0ef jal              x1, -1898            x1=1c0088ca
16394383ns          289171 1c00815c 1c0027b7 lui              x15, 0x1c002000     x15=1c002000
16394402ns          289172 1c008160 c7478793 addi             x15, x15, -908      x15=1c001c74 x15:1c002000
16394422ns          289173 1c008164 0007a703 lw               x14, 0(x15)         x14=0000011d x15:1c001c74  PA:1c001c74
16394721ns          289188 1c008166 00c006b3 add              x13, x0, x12        x13=41c94c26 x12:41c94c26
16394741ns          289189 1c008168 00170713 addi             x14, x14, 1         x14=0000011e x14:0000011d
16394760ns          289190 1c00816a 00e7a023 sw               x14, 0(x15)         x14:0000011e x15:1c001c74  PA:1c001c74
16395079ns          289206 1c00816c 02c58163 beq              x11, x12, 34        x11:41c94c26 x12:41c94c26
16395138ns          289209 1c00818e 00008067 jalr             x0, x1, 0            x1:1c0088ca
16395198ns          289212 1c0088ca fe9a13e3 bne              x20, x9, -26        x20:1c001a90  x9:1c001a80
16395258ns          289215 1c0088b0 0044a78b p.lw             x15, 4(x9!)         x15=343927dc  x9=1c001a84  x9:1c001a80  PA:1c001a80
16395576ns          289231 1c0088b4 0049a70b p.lw             x14, 4(x19!)        x14=32a0d9fc x19=1c001aac x19:1c001aa8  PA:1c001aa8
16395894ns          289247 1c0088b8 60e7d457 pv.xor.sc.b      x8, x15, x14         x8=c8c5db20 x15:343927dc x14:fcfcfcfc
16395914ns          289248 1c0088bc 0049260b p.lw             x12, 4(x18!)        x12=c8c5db20 x18=1c001ad4 x18:1c001ad0  PA:1c001ad0
16396213ns          289263 1c0088c0 008005b3 add              x11, x0, x8         x11=c8c5db20  x8:c8c5db20
16396232ns          289264 1c0088c2 1e8a8513 addi             x10, x21, 488       x10=1c0001e8 x21:1c000000
16396252ns          289265 1c0088c6 897ff0ef jal              x1, -1898            x1=1c0088ca
16396292ns          289267 1c00815c 1c0027b7 lui              x15, 0x1c002000     x15=1c002000
16396312ns          289268 1c008160 c7478793 addi             x15, x15, -908      x15=1c001c74 x15:1c002000
16396332ns          289269 1c008164 0007a703 lw               x14, 0(x15)         x14=0000011e x15:1c001c74  PA:1c001c74
16396630ns          289284 1c008166 00c006b3 add              x13, x0, x12        x13=c8c5db20 x12:c8c5db20
16396650ns          289285 1c008168 00170713 addi             x14, x14, 1         x14=0000011f x14:0000011e
16396670ns          289286 1c00816a 00e7a023 sw               x14, 0(x15)         x14:0000011f x15:1c001c74  PA:1c001c74
16396988ns          289302 1c00816c 02c58163 beq              x11, x12, 34        x11:c8c5db20 x12:c8c5db20
16397048ns          289305 1c00818e 00008067 jalr             x0, x1, 0            x1:1c0088ca
16397108ns          289308 1c0088ca fe9a13e3 bne              x20, x9, -26        x20:1c001a90  x9:1c001a84
16397167ns          289311 1c0088b0 0044a78b p.lw             x15, 4(x9!)         x15=1efc9597  x9=1c001a88  x9:1c001a84  PA:1c001a84
16397486ns          289327 1c0088b4 0049a70b p.lw             x14, 4(x19!)        x14=f711a890 x19=1c001ab0 x19:1c001aac  PA:1c001aac
16397804ns          289343 1c0088b8 60e7d457 pv.xor.sc.b      x8, x15, x14         x8=8e6c0507 x15:1efc9597 x14:90909090
16397824ns          289344 1c0088bc 0049260b p.lw             x12, 4(x18!)        x12=8e6c0507 x18=1c001ad8 x18:1c001ad4  PA:1c001ad4
16398122ns          289359 1c0088c0 008005b3 add              x11, x0, x8         x11=8e6c0507  x8:8e6c0507
16398142ns          289360 1c0088c2 1e8a8513 addi             x10, x21, 488       x10=1c0001e8 x21:1c000000
16398162ns          289361 1c0088c6 897ff0ef jal              x1, -1898            x1=1c0088ca
16398202ns          289363 1c00815c 1c0027b7 lui              x15, 0x1c002000     x15=1c002000
16398221ns          289364 1c008160 c7478793 addi             x15, x15, -908      x15=1c001c74 x15:1c002000
16398241ns          289365 1c008164 0007a703 lw               x14, 0(x15)         x14=0000011f x15:1c001c74  PA:1c001c74
16398540ns          289380 1c008166 00c006b3 add              x13, x0, x12        x13=8e6c0507 x12:8e6c0507
16398560ns          289381 1c008168 00170713 addi             x14, x14, 1         x14=00000120 x14:0000011f
16398580ns          289382 1c00816a 00e7a023 sw               x14, 0(x15)         x14:00000120 x15:1c001c74  PA:1c001c74
16398898ns          289398 1c00816c 02c58163 beq              x11, x12, 34        x11:8e6c0507 x12:8e6c0507
16398957ns          289401 1c00818e 00008067 jalr             x0, x1, 0            x1:1c0088ca
16399017ns          289404 1c0088ca fe9a13e3 bne              x20, x9, -26        x20:1c001a90  x9:1c001a88
16399077ns          289407 1c0088b0 0044a78b p.lw             x15, 4(x9!)         x15=95f19492  x9=1c001a8c  x9:1c001a88  PA:1c001a88
16399375ns          289422 1c0088b4 0049a70b p.lw             x14, 4(x19!)        x14=1c3332f4 x19=1c001ab4 x19:1c001ab0  PA:1c001ab0
16399693ns          289438 1c0088b8 60e7d457 pv.xor.sc.b      x8, x15, x14         x8=61056066 x15:95f19492 x14:f4f4f4f4
16399713ns          289439 1c0088bc 0049260b p.lw             x12, 4(x18!)        x12=61056066 x18=1c001adc x18:1c001ad8  PA:1c001ad8
16400032ns          289455 1c0088c0 008005b3 add              x11, x0, x8         x11=61056066  x8:61056066
16400051ns          289456 1c0088c2 1e8a8513 addi             x10, x21, 488       x10=1c0001e8 x21:1c000000
16400071ns          289457 1c0088c6 897ff0ef jal              x1, -1898            x1=1c0088ca
16400111ns          289459 1c00815c 1c0027b7 lui              x15, 0x1c002000     x15=1c002000
16400131ns          289460 1c008160 c7478793 addi             x15, x15, -908      x15=1c001c74 x15:1c002000
16400151ns          289461 1c008164 0007a703 lw               x14, 0(x15)         x14=00000120 x15:1c001c74  PA:1c001c74
16400449ns          289476 1c008166 00c006b3 add              x13, x0, x12        x13=61056066 x12:61056066
16400469ns          289477 1c008168 00170713 addi             x14, x14, 1         x14=00000121 x14:00000120
16400489ns          289478 1c00816a 00e7a023 sw               x14, 0(x15)         x14:00000121 x15:1c001c74  PA:1c001c74
16400827ns          289495 1c00816c 02c58163 beq              x11, x12, 34        x11:61056066 x12:61056066
16400887ns          289498 1c00818e 00008067 jalr             x0, x1, 0            x1:1c0088ca
16400947ns          289501 1c0088ca fe9a13e3 bne              x20, x9, -26        x20:1c001a90  x9:1c001a8c
16401006ns          289504 1c0088b0 0044a78b p.lw             x15, 4(x9!)         x15=6acddd93  x9=1c001a90  x9:1c001a8c  PA:1c001a8c
16401305ns          289519 1c0088b4 0049a70b p.lw             x14, 4(x19!)        x14=a4a7a008 x19=1c001ab8 x19:1c001ab4  PA:1c001ab4
16401623ns          289535 1c0088b8 60e7d457 pv.xor.sc.b      x8, x15, x14         x8=62c5d59b x15:6acddd93 x14:08080808
16401643ns          289536 1c0088bc 0049260b p.lw             x12, 4(x18!)        x12=62c5d59b x18=1c001ae0 x18:1c001adc  PA:1c001adc
16401941ns          289551 1c0088c0 008005b3 add              x11, x0, x8         x11=62c5d59b  x8:62c5d59b
16401961ns          289552 1c0088c2 1e8a8513 addi             x10, x21, 488       x10=1c0001e8 x21:1c000000
16401981ns          289553 1c0088c6 897ff0ef jal              x1, -1898            x1=1c0088ca
16402021ns          289555 1c00815c 1c0027b7 lui              x15, 0x1c002000     x15=1c002000
16402041ns          289556 1c008160 c7478793 addi             x15, x15, -908      x15=1c001c74 x15:1c002000
16402060ns          289557 1c008164 0007a703 lw               x14, 0(x15)         x14=00000121 x15:1c001c74  PA:1c001c74
16402359ns          289572 1c008166 00c006b3 add              x13, x0, x12        x13=62c5d59b x12:62c5d59b
16402379ns          289573 1c008168 00170713 addi             x14, x14, 1         x14=00000122 x14:00000121
16402399ns          289574 1c00816a 00e7a023 sw               x14, 0(x15)         x14:00000122 x15:1c001c74  PA:1c001c74
16402717ns          289590 1c00816c 02c58163 beq              x11, x12, 34        x11:62c5d59b x12:62c5d59b
16402776ns          289593 1c00818e 00008067 jalr             x0, x1, 0            x1:1c0088ca
16402836ns          289596 1c0088ca fe9a13e3 bne              x20, x9, -26        x20:1c001a90  x9:1c001a90
16402856ns          289597 1c0088ce 1c0024b7 lui              x9, 0x1c002000       x9=1c002000
16402876ns          289598 1c0088d2 ae048493 addi             x9, x9, -1312        x9=1c001ae0  x9:1c002000
16402896ns          289599 1c0088d6 1c002937 lui              x18, 0x1c002000     x18=1c002000
16402916ns          289600 1c0088da b0890913 addi             x18, x18, -1272     x18=1c001b08 x18:1c002000
16403353ns          289622 1c0088de 02848993 addi             x19, x9, 40         x19=1c001b08  x9:1c001ae0
16403393ns          289624 1c0088e2 1c000a37 lui              x20, 0x1c000000     x20=1c000000
16403413ns          289625 1c0088e6 0044a78b p.lw             x15, 4(x9!)         x15=26261817  x9=1c001ae4  x9:1c001ae0  PA:1c001ae0
16403731ns          289641 1c0088ea 6257f457 pv.xor.sci.b     x8, x15, 0x11        x8=2d2d131c x15:26261817
16403870ns          289648 1c0088ee 0049260b p.lw             x12, 4(x18!)        x12=2d2d131c x18=1c001b0c x18:1c001b08  PA:1c001b08
16404169ns          289663 1c0088f2 008005b3 add              x11, x0, x8         x11=2d2d131c  x8:2d2d131c
16404189ns          289664 1c0088f4 1f4a0513 addi             x10, x20, 500       x10=1c0001f4 x20:1c000000
16404209ns          289665 1c0088f8 865ff0ef jal              x1, -1948            x1=1c0088fc
16404427ns          289676 1c00815c 1c0027b7 lui              x15, 0x1c002000     x15=1c002000
16404447ns          289677 1c008160 c7478793 addi             x15, x15, -908      x15=1c001c74 x15:1c002000
16404467ns          289678 1c008164 0007a703 lw               x14, 0(x15)         x14=00000122 x15:1c001c74  PA:1c001c74
16404766ns          289693 1c008166 00c006b3 add              x13, x0, x12        x13=2d2d131c x12:2d2d131c
16404785ns          289694 1c008168 00170713 addi             x14, x14, 1         x14=00000123 x14:00000122
16404805ns          289695 1c00816a 00e7a023 sw               x14, 0(x15)         x14:00000123 x15:1c001c74  PA:1c001c74
16405143ns          289712 1c00816c 02c58163 beq              x11, x12, 34        x11:2d2d131c x12:2d2d131c
16405243ns          289717 1c00818e 00008067 jalr             x0, x1, 0            x1:1c0088fc
16405283ns          289719 1c0088fc fe9995e3 bne              x19, x9, -22        x19:1c001b08  x9:1c001ae4
16405362ns          289723 1c0088e6 0044a78b p.lw             x15, 4(x9!)         x15=28e749d3  x9=1c001ae8  x9:1c001ae4  PA:1c001ae4
16405681ns          289739 1c0088ea 6257f457 pv.xor.sci.b     x8, x15, 0x11        x8=23ec42d8 x15:28e749d3
16405700ns          289740 1c0088ee 0049260b p.lw             x12, 4(x18!)        x12=23ec42d8 x18=1c001b10 x18:1c001b0c  PA:1c001b0c
16405999ns          289755 1c0088f2 008005b3 add              x11, x0, x8         x11=23ec42d8  x8:23ec42d8
16406019ns          289756 1c0088f4 1f4a0513 addi             x10, x20, 500       x10=1c0001f4 x20:1c000000
16406039ns          289757 1c0088f8 865ff0ef jal              x1, -1948            x1=1c0088fc
16406078ns          289759 1c00815c 1c0027b7 lui              x15, 0x1c002000     x15=1c002000
16406098ns          289760 1c008160 c7478793 addi             x15, x15, -908      x15=1c001c74 x15:1c002000
16406118ns          289761 1c008164 0007a703 lw               x14, 0(x15)         x14=00000123 x15:1c001c74  PA:1c001c74
16406416ns          289776 1c008166 00c006b3 add              x13, x0, x12        x13=23ec42d8 x12:23ec42d8
16406436ns          289777 1c008168 00170713 addi             x14, x14, 1         x14=00000124 x14:00000123
16406456ns          289778 1c00816a 00e7a023 sw               x14, 0(x15)         x14:00000124 x15:1c001c74  PA:1c001c74
16406775ns          289794 1c00816c 02c58163 beq              x11, x12, 34        x11:23ec42d8 x12:23ec42d8
16406834ns          289797 1c00818e 00008067 jalr             x0, x1, 0            x1:1c0088fc
16406874ns          289799 1c0088fc fe9995e3 bne              x19, x9, -22        x19:1c001b08  x9:1c001ae8
16406954ns          289803 1c0088e6 0044a78b p.lw             x15, 4(x9!)         x15=c1a31ac2  x9=1c001aec  x9:1c001ae8  PA:1c001ae8
16407272ns          289819 1c0088ea 6257f457 pv.xor.sci.b     x8, x15, 0x11        x8=caa811c9 x15:c1a31ac2
16407292ns          289820 1c0088ee 0049260b p.lw             x12, 4(x18!)        x12=caa811c9 x18=1c001b14 x18:1c001b10  PA:1c001b10
16407610ns          289836 1c0088f2 008005b3 add              x11, x0, x8         x11=caa811c9  x8:caa811c9
16407630ns          289837 1c0088f4 1f4a0513 addi             x10, x20, 500       x10=1c0001f4 x20:1c000000
16407650ns          289838 1c0088f8 865ff0ef jal              x1, -1948            x1=1c0088fc
16407689ns          289840 1c00815c 1c0027b7 lui              x15, 0x1c002000     x15=1c002000
16407709ns          289841 1c008160 c7478793 addi             x15, x15, -908      x15=1c001c74 x15:1c002000
16407729ns          289842 1c008164 0007a703 lw               x14, 0(x15)         x14=00000124 x15:1c001c74  PA:1c001c74
16408028ns          289857 1c008166 00c006b3 add              x13, x0, x12        x13=caa811c9 x12:caa811c9
16408048ns          289858 1c008168 00170713 addi             x14, x14, 1         x14=00000125 x14:00000124
16408067ns          289859 1c00816a 00e7a023 sw               x14, 0(x15)         x14:00000125 x15:1c001c74  PA:1c001c74
16408386ns          289875 1c00816c 02c58163 beq              x11, x12, 34        x11:caa811c9 x12:caa811c9
16408445ns          289878 1c00818e 00008067 jalr             x0, x1, 0            x1:1c0088fc
16408485ns          289880 1c0088fc fe9995e3 bne              x19, x9, -22        x19:1c001b08  x9:1c001aec
16408565ns          289884 1c0088e6 0044a78b p.lw             x15, 4(x9!)         x15=caa11d6d  x9=1c001af0  x9:1c001aec  PA:1c001aec
16408903ns          289901 1c0088ea 6257f457 pv.xor.sci.b     x8, x15, 0x11        x8=c1aa1666 x15:caa11d6d
16408923ns          289902 1c0088ee 0049260b p.lw             x12, 4(x18!)        x12=c1aa1666 x18=1c001b18 x18:1c001b14  PA:1c001b14
16409241ns          289918 1c0088f2 008005b3 add              x11, x0, x8         x11=c1aa1666  x8:c1aa1666
16409261ns          289919 1c0088f4 1f4a0513 addi             x10, x20, 500       x10=1c0001f4 x20:1c000000
16409281ns          289920 1c0088f8 865ff0ef jal              x1, -1948            x1=1c0088fc
16409321ns          289922 1c00815c 1c0027b7 lui              x15, 0x1c002000     x15=1c002000
16409340ns          289923 1c008160 c7478793 addi             x15, x15, -908      x15=1c001c74 x15:1c002000
16409360ns          289924 1c008164 0007a703 lw               x14, 0(x15)         x14=00000125 x15:1c001c74  PA:1c001c74
16409659ns          289939 1c008166 00c006b3 add              x13, x0, x12        x13=c1aa1666 x12:c1aa1666
16409679ns          289940 1c008168 00170713 addi             x14, x14, 1         x14=00000126 x14:00000125
16409698ns          289941 1c00816a 00e7a023 sw               x14, 0(x15)         x14:00000126 x15:1c001c74  PA:1c001c74
16410017ns          289957 1c00816c 02c58163 beq              x11, x12, 34        x11:c1aa1666 x12:c1aa1666
16410076ns          289960 1c00818e 00008067 jalr             x0, x1, 0            x1:1c0088fc
16410116ns          289962 1c0088fc fe9995e3 bne              x19, x9, -22        x19:1c001b08  x9:1c001af0
16410196ns          289966 1c0088e6 0044a78b p.lw             x15, 4(x9!)         x15=f68a6cf7  x9=1c001af4  x9:1c001af0  PA:1c001af0
16410534ns          289983 1c0088ea 6257f457 pv.xor.sci.b     x8, x15, 0x11        x8=fd8167fc x15:f68a6cf7
16410554ns          289984 1c0088ee 0049260b p.lw             x12, 4(x18!)        x12=fd8167fc x18=1c001b1c x18:1c001b18  PA:1c001b18
16410852ns          289999 1c0088f2 008005b3 add              x11, x0, x8         x11=fd8167fc  x8:fd8167fc
16410872ns          290000 1c0088f4 1f4a0513 addi             x10, x20, 500       x10=1c0001f4 x20:1c000000
16410892ns          290001 1c0088f8 865ff0ef jal              x1, -1948            x1=1c0088fc
16410932ns          290003 1c00815c 1c0027b7 lui              x15, 0x1c002000     x15=1c002000
16410952ns          290004 1c008160 c7478793 addi             x15, x15, -908      x15=1c001c74 x15:1c002000
16410971ns          290005 1c008164 0007a703 lw               x14, 0(x15)         x14=00000126 x15:1c001c74  PA:1c001c74
16411270ns          290020 1c008166 00c006b3 add              x13, x0, x12        x13=fd8167fc x12:fd8167fc
16411290ns          290021 1c008168 00170713 addi             x14, x14, 1         x14=00000127 x14:00000126
16411310ns          290022 1c00816a 00e7a023 sw               x14, 0(x15)         x14:00000127 x15:1c001c74  PA:1c001c74
16411648ns          290039 1c00816c 02c58163 beq              x11, x12, 34        x11:fd8167fc x12:fd8167fc
16411707ns          290042 1c00818e 00008067 jalr             x0, x1, 0            x1:1c0088fc
16411747ns          290044 1c0088fc fe9995e3 bne              x19, x9, -22        x19:1c001b08  x9:1c001af4
16411827ns          290048 1c0088e6 0044a78b p.lw             x15, 4(x9!)         x15=3bb62684  x9=1c001af8  x9:1c001af4  PA:1c001af4
16412145ns          290064 1c0088ea 6257f457 pv.xor.sci.b     x8, x15, 0x11        x8=30bd2d8f x15:3bb62684
16412165ns          290065 1c0088ee 0049260b p.lw             x12, 4(x18!)        x12=30bd2d8f x18=1c001b20 x18:1c001b1c  PA:1c001b1c
16412483ns          290081 1c0088f2 008005b3 add              x11, x0, x8         x11=30bd2d8f  x8:30bd2d8f
16412503ns          290082 1c0088f4 1f4a0513 addi             x10, x20, 500       x10=1c0001f4 x20:1c000000
16412523ns          290083 1c0088f8 865ff0ef jal              x1, -1948            x1=1c0088fc
16412563ns          290085 1c00815c 1c0027b7 lui              x15, 0x1c002000     x15=1c002000
16412583ns          290086 1c008160 c7478793 addi             x15, x15, -908      x15=1c001c74 x15:1c002000
16412602ns          290087 1c008164 0007a703 lw               x14, 0(x15)         x14=00000127 x15:1c001c74  PA:1c001c74
16412921ns          290103 1c008166 00c006b3 add              x13, x0, x12        x13=30bd2d8f x12:30bd2d8f
16412941ns          290104 1c008168 00170713 addi             x14, x14, 1         x14=00000128 x14:00000127
16412961ns          290105 1c00816a 00e7a023 sw               x14, 0(x15)         x14:00000128 x15:1c001c74  PA:1c001c74
16413279ns          290121 1c00816c 02c58163 beq              x11, x12, 34        x11:30bd2d8f x12:30bd2d8f
16413338ns          290124 1c00818e 00008067 jalr             x0, x1, 0            x1:1c0088fc
16413378ns          290126 1c0088fc fe9995e3 bne              x19, x9, -22        x19:1c001b08  x9:1c001af8
16413458ns          290130 1c0088e6 0044a78b p.lw             x15, 4(x9!)         x15=b2eff457  x9=1c001afc  x9:1c001af8  PA:1c001af8
16413776ns          290146 1c0088ea 6257f457 pv.xor.sci.b     x8, x15, 0x11        x8=b9e4ff5c x15:b2eff457
16413796ns          290147 1c0088ee 0049260b p.lw             x12, 4(x18!)        x12=b9e4ff5c x18=1c001b24 x18:1c001b20  PA:1c001b20
16414094ns          290162 1c0088f2 008005b3 add              x11, x0, x8         x11=b9e4ff5c  x8:b9e4ff5c
16414114ns          290163 1c0088f4 1f4a0513 addi             x10, x20, 500       x10=1c0001f4 x20:1c000000
16414134ns          290164 1c0088f8 865ff0ef jal              x1, -1948            x1=1c0088fc
16414174ns          290166 1c00815c 1c0027b7 lui              x15, 0x1c002000     x15=1c002000
16414194ns          290167 1c008160 c7478793 addi             x15, x15, -908      x15=1c001c74 x15:1c002000
16414214ns          290168 1c008164 0007a703 lw               x14, 0(x15)         x14=00000128 x15:1c001c74  PA:1c001c74
16414512ns          290183 1c008166 00c006b3 add              x13, x0, x12        x13=b9e4ff5c x12:b9e4ff5c
16414532ns          290184 1c008168 00170713 addi             x14, x14, 1         x14=00000129 x14:00000128
16414552ns          290185 1c00816a 00e7a023 sw               x14, 0(x15)         x14:00000129 x15:1c001c74  PA:1c001c74
16414890ns          290202 1c00816c 02c58163 beq              x11, x12, 34        x11:b9e4ff5c x12:b9e4ff5c
16414950ns          290205 1c00818e 00008067 jalr             x0, x1, 0            x1:1c0088fc
16414989ns          290207 1c0088fc fe9995e3 bne              x19, x9, -22        x19:1c001b08  x9:1c001afc
16415069ns          290211 1c0088e6 0044a78b p.lw             x15, 4(x9!)         x15=f8da617f  x9=1c001b00  x9:1c001afc  PA:1c001afc
16415387ns          290227 1c0088ea 6257f457 pv.xor.sci.b     x8, x15, 0x11        x8=f3d16a74 x15:f8da617f
16415407ns          290228 1c0088ee 0049260b p.lw             x12, 4(x18!)        x12=f3d16a74 x18=1c001b28 x18:1c001b24  PA:1c001b24
16415705ns          290243 1c0088f2 008005b3 add              x11, x0, x8         x11=f3d16a74  x8:f3d16a74
16415725ns          290244 1c0088f4 1f4a0513 addi             x10, x20, 500       x10=1c0001f4 x20:1c000000
16415745ns          290245 1c0088f8 865ff0ef jal              x1, -1948            x1=1c0088fc
16415785ns          290247 1c00815c 1c0027b7 lui              x15, 0x1c002000     x15=1c002000
16415805ns          290248 1c008160 c7478793 addi             x15, x15, -908      x15=1c001c74 x15:1c002000
16415825ns          290249 1c008164 0007a703 lw               x14, 0(x15)         x14=00000129 x15:1c001c74  PA:1c001c74
16416123ns          290264 1c008166 00c006b3 add              x13, x0, x12        x13=f3d16a74 x12:f3d16a74
16416143ns          290265 1c008168 00170713 addi             x14, x14, 1         x14=0000012a x14:00000129
16416163ns          290266 1c00816a 00e7a023 sw               x14, 0(x15)         x14:0000012a x15:1c001c74  PA:1c001c74
16416481ns          290282 1c00816c 02c58163 beq              x11, x12, 34        x11:f3d16a74 x12:f3d16a74
16416541ns          290285 1c00818e 00008067 jalr             x0, x1, 0            x1:1c0088fc
16416581ns          290287 1c0088fc fe9995e3 bne              x19, x9, -22        x19:1c001b08  x9:1c001b00
16416660ns          290291 1c0088e6 0044a78b p.lw             x15, 4(x9!)         x15=0fec95df  x9=1c001b04  x9:1c001b00  PA:1c001b00
16416978ns          290307 1c0088ea 6257f457 pv.xor.sci.b     x8, x15, 0x11        x8=04e79ed4 x15:0fec95df
16416998ns          290308 1c0088ee 0049260b p.lw             x12, 4(x18!)        x12=04e79ed4 x18=1c001b2c x18:1c001b28  PA:1c001b28
16417297ns          290323 1c0088f2 008005b3 add              x11, x0, x8         x11=04e79ed4  x8:04e79ed4
16417317ns          290324 1c0088f4 1f4a0513 addi             x10, x20, 500       x10=1c0001f4 x20:1c000000
16417336ns          290325 1c0088f8 865ff0ef jal              x1, -1948            x1=1c0088fc
16417376ns          290327 1c00815c 1c0027b7 lui              x15, 0x1c002000     x15=1c002000
16417396ns          290328 1c008160 c7478793 addi             x15, x15, -908      x15=1c001c74 x15:1c002000
16417416ns          290329 1c008164 0007a703 lw               x14, 0(x15)         x14=0000012a x15:1c001c74  PA:1c001c74
16417714ns          290344 1c008166 00c006b3 add              x13, x0, x12        x13=04e79ed4 x12:04e79ed4
16417734ns          290345 1c008168 00170713 addi             x14, x14, 1         x14=0000012b x14:0000012a
16417754ns          290346 1c00816a 00e7a023 sw               x14, 0(x15)         x14:0000012b x15:1c001c74  PA:1c001c74
16418072ns          290362 1c00816c 02c58163 beq              x11, x12, 34        x11:04e79ed4 x12:04e79ed4
16418132ns          290365 1c00818e 00008067 jalr             x0, x1, 0            x1:1c0088fc
16418172ns          290367 1c0088fc fe9995e3 bne              x19, x9, -22        x19:1c001b08  x9:1c001b04
16418251ns          290371 1c0088e6 0044a78b p.lw             x15, 4(x9!)         x15=700ccefd  x9=1c001b08  x9:1c001b04  PA:1c001b04
16418590ns          290388 1c0088ea 6257f457 pv.xor.sci.b     x8, x15, 0x11        x8=7b07c5f6 x15:700ccefd
16418610ns          290389 1c0088ee 0049260b p.lw             x12, 4(x18!)        x12=7b07c5f6 x18=1c001b30 x18:1c001b2c  PA:1c001b2c
16418908ns          290404 1c0088f2 008005b3 add              x11, x0, x8         x11=7b07c5f6  x8:7b07c5f6
16418928ns          290405 1c0088f4 1f4a0513 addi             x10, x20, 500       x10=1c0001f4 x20:1c000000
16418948ns          290406 1c0088f8 865ff0ef jal              x1, -1948            x1=1c0088fc
16418987ns          290408 1c00815c 1c0027b7 lui              x15, 0x1c002000     x15=1c002000
16419007ns          290409 1c008160 c7478793 addi             x15, x15, -908      x15=1c001c74 x15:1c002000
16419027ns          290410 1c008164 0007a703 lw               x14, 0(x15)         x14=0000012b x15:1c001c74  PA:1c001c74
16419326ns          290425 1c008166 00c006b3 add              x13, x0, x12        x13=7b07c5f6 x12:7b07c5f6
16419345ns          290426 1c008168 00170713 addi             x14, x14, 1         x14=0000012c x14:0000012b
16419365ns          290427 1c00816a 00e7a023 sw               x14, 0(x15)         x14:0000012c x15:1c001c74  PA:1c001c74
16419703ns          290444 1c00816c 02c58163 beq              x11, x12, 34        x11:7b07c5f6 x12:7b07c5f6
16419763ns          290447 1c00818e 00008067 jalr             x0, x1, 0            x1:1c0088fc
16419803ns          290449 1c0088fc fe9995e3 bne              x19, x9, -22        x19:1c001b08  x9:1c001b08
16419823ns          290450 1c008900 01c12083 lw               x1, 28(x2)           x1=1c008c48  x2:100007c8  PA:100007e4
16419843ns          290451 1c008902 01812403 lw               x8, 24(x2)           x8=00000000  x2:100007c8  PA:100007e0
16419863ns          290452 1c008904 01412483 lw               x9, 20(x2)           x9=xxxxxxxx  x2:100007c8  PA:100007dc
16419883ns          290453 1c008906 01012903 lw               x18, 16(x2)         x18=xxxxxxxx  x2:100007c8  PA:100007d8
16419902ns          290454 1c008908 00c12983 lw               x19, 12(x2)         x19=xxxxxxxx  x2:100007c8  PA:100007d4
16419922ns          290455 1c00890a 00812a03 lw               x20, 8(x2)          x20=xxxxxxxx  x2:100007c8  PA:100007d0
16419942ns          290456 1c00890c 00412a83 lw               x21, 4(x2)          x21=xxxxxxxx  x2:100007c8  PA:100007cc
16419962ns          290457 1c00890e 02010113 addi             x2, x2, 32           x2=100007e8  x2:100007c8
16420320ns          290475 1c008910 00008067 jalr             x0, x1, 0            x1:1c008c48
16420360ns          290477 1c008c48 ccbff0ef jal              x1, -822             x1=1c008c4a
16420400ns          290479 1c008912 fe010113 addi             x2, x2, -32          x2=100007c8  x2:100007e8
16420420ns          290480 1c008914 00912a23 sw               x9, 20(x2)           x9:xxxxxxxx  x2:100007c8  PA:100007dc
16420439ns          290481 1c008916 1c0014b7 lui              x9, 0x1c001000       x9=1c001000
16420459ns          290482 1c00891a 01212823 sw               x18, 16(x2)         x18:xxxxxxxx  x2:100007c8  PA:100007d8
16420479ns          290483 1c00891c 01312623 sw               x19, 12(x2)         x19:xxxxxxxx  x2:100007c8  PA:100007d4
16420917ns          290505 1c00891e be048493 addi             x9, x9, -1056        x9=1c000be0  x9:1c001000
16420957ns          290507 1c008922 1c0019b7 lui              x19, 0x1c001000     x19=1c001000
16420977ns          290508 1c008926 1c001937 lui              x18, 0x1c001000     x18=1c001000
16420996ns          290509 1c00892a 01412423 sw               x20, 8(x2)          x20:xxxxxxxx  x2:100007c8  PA:100007d0
16421016ns          290510 1c00892c 01512223 sw               x21, 4(x2)          x21:xxxxxxxx  x2:100007c8  PA:100007cc
16421036ns          290511 1c00892e 00112e23 sw               x1, 28(x2)           x1:1c008c4a  x2:100007c8  PA:100007e4
16421434ns          290531 1c008930 00812c23 sw               x8, 24(x2)           x8:00000000  x2:100007c8  PA:100007e0
16421474ns          290533 1c008932 c0898993 addi             x19, x19, -1016     x19=1c000c08 x19:1c001000
16421494ns          290534 1c008936 c3090913 addi             x18, x18, -976      x18=1c000c30 x18:1c001000
16421514ns          290535 1c00893a 02848a13 addi             x20, x9, 40         x20=1c000c08  x9:1c000be0
16421951ns          290557 1c00893e 1c000ab7 lui              x21, 0x1c000000     x21=1c000000
16421991ns          290559 1c008942 0044a78b p.lw             x15, 4(x9!)         x15=e1d16dd8  x9=1c000be4  x9:1c000be0  PA:1c000be0
16422289ns          290574 1c008946 0049a70b p.lw             x14, 4(x19!)        x14=e7e4a8f0 x19=1c000c0c x19:1c000c08  PA:1c000c08
16422608ns          290590 1c00894a 68e78457 pv.and.h         x8, x15, x14         x8=e1c028d0 x15:e1d16dd8 x14:e7e4a8f0
16422627ns          290591 1c00894e 0049260b p.lw             x12, 4(x18!)        x12=e1c028d0 x18=1c000c34 x18:1c000c30  PA:1c000c30
16422926ns          290606 1c008952 008005b3 add              x11, x0, x8         x11=e1c028d0  x8:e1c028d0
16422946ns          290607 1c008954 01ca8513 addi             x10, x21, 28        x10=1c00001c x21:1c000000
16422966ns          290608 1c008958 805ff0ef jal              x1, -2044            x1=1c00895c
16423164ns          290618 1c00815c 1c0027b7 lui              x15, 0x1c002000     x15=1c002000
16423184ns          290619 1c008160 c7478793 addi             x15, x15, -908      x15=1c001c74 x15:1c002000
16423204ns          290620 1c008164 0007a703 lw               x14, 0(x15)         x14=0000012c x15:1c001c74  PA:1c001c74
16423523ns          290636 1c008166 00c006b3 add              x13, x0, x12        x13=e1c028d0 x12:e1c028d0
16423542ns          290637 1c008168 00170713 addi             x14, x14, 1         x14=0000012d x14:0000012c
16423562ns          290638 1c00816a 00e7a023 sw               x14, 0(x15)         x14:0000012d x15:1c001c74  PA:1c001c74
16423881ns          290654 1c00816c 02c58163 beq              x11, x12, 34        x11:e1c028d0 x12:e1c028d0
16423940ns          290657 1c00818e 00008067 jalr             x0, x1, 0            x1:1c00895c
16423980ns          290659 1c00895c ff4493e3 bne              x9, x20, -26         x9:1c000be4 x20:1c000c08
16424060ns          290663 1c008942 0044a78b p.lw             x15, 4(x9!)         x15=b0111070  x9=1c000be8  x9:1c000be4  PA:1c000be4
16424358ns          290678 1c008946 0049a70b p.lw             x14, 4(x19!)        x14=3715d975 x19=1c000c10 x19:1c000c0c  PA:1c000c0c
16424676ns          290694 1c00894a 68e78457 pv.and.h         x8, x15, x14         x8=30111070 x15:b0111070 x14:3715d975
16424696ns          290695 1c00894e 0049260b p.lw             x12, 4(x18!)        x12=30111070 x18=1c000c38 x18:1c000c34  PA:1c000c34
16425014ns          290711 1c008952 008005b3 add              x11, x0, x8         x11=30111070  x8:30111070
16425034ns          290712 1c008954 01ca8513 addi             x10, x21, 28        x10=1c00001c x21:1c000000
16425054ns          290713 1c008958 805ff0ef jal              x1, -2044            x1=1c00895c
16425094ns          290715 1c00815c 1c0027b7 lui              x15, 0x1c002000     x15=1c002000
16425114ns          290716 1c008160 c7478793 addi             x15, x15, -908      x15=1c001c74 x15:1c002000
16425134ns          290717 1c008164 0007a703 lw               x14, 0(x15)         x14=0000012d x15:1c001c74  PA:1c001c74
16425432ns          290732 1c008166 00c006b3 add              x13, x0, x12        x13=30111070 x12:30111070
16425452ns          290733 1c008168 00170713 addi             x14, x14, 1         x14=0000012e x14:0000012d
16425472ns          290734 1c00816a 00e7a023 sw               x14, 0(x15)         x14:0000012e x15:1c001c74  PA:1c001c74
16425790ns          290750 1c00816c 02c58163 beq              x11, x12, 34        x11:30111070 x12:30111070
16425850ns          290753 1c00818e 00008067 jalr             x0, x1, 0            x1:1c00895c
16425890ns          290755 1c00895c ff4493e3 bne              x9, x20, -26         x9:1c000be8 x20:1c000c08
16425969ns          290759 1c008942 0044a78b p.lw             x15, 4(x9!)         x15=04040aa4  x9=1c000bec  x9:1c000be8  PA:1c000be8
16426287ns          290775 1c008946 0049a70b p.lw             x14, 4(x19!)        x14=bd7314c7 x19=1c000c14 x19:1c000c10  PA:1c000c10
16426606ns          290791 1c00894a 68e78457 pv.and.h         x8, x15, x14         x8=04000084 x15:04040aa4 x14:bd7314c7
16426625ns          290792 1c00894e 0049260b p.lw             x12, 4(x18!)        x12=04000084 x18=1c000c3c x18:1c000c38  PA:1c000c38
16426924ns          290807 1c008952 008005b3 add              x11, x0, x8         x11=04000084  x8:04000084
16426944ns          290808 1c008954 01ca8513 addi             x10, x21, 28        x10=1c00001c x21:1c000000
16426964ns          290809 1c008958 805ff0ef jal              x1, -2044            x1=1c00895c
16427003ns          290811 1c00815c 1c0027b7 lui              x15, 0x1c002000     x15=1c002000
16427023ns          290812 1c008160 c7478793 addi             x15, x15, -908      x15=1c001c74 x15:1c002000
16427043ns          290813 1c008164 0007a703 lw               x14, 0(x15)         x14=0000012e x15:1c001c74  PA:1c001c74
16427342ns          290828 1c008166 00c006b3 add              x13, x0, x12        x13=04000084 x12:04000084
16427361ns          290829 1c008168 00170713 addi             x14, x14, 1         x14=0000012f x14:0000012e
16427381ns          290830 1c00816a 00e7a023 sw               x14, 0(x15)         x14:0000012f x15:1c001c74  PA:1c001c74
16427700ns          290846 1c00816c 02c58163 beq              x11, x12, 34        x11:04000084 x12:04000084
16427759ns          290849 1c00818e 00008067 jalr             x0, x1, 0            x1:1c00895c
16427799ns          290851 1c00895c ff4493e3 bne              x9, x20, -26         x9:1c000bec x20:1c000c08
16427879ns          290855 1c008942 0044a78b p.lw             x15, 4(x9!)         x15=08be720b  x9=1c000bf0  x9:1c000bec  PA:1c000bec
16428177ns          290870 1c008946 0049a70b p.lw             x14, 4(x19!)        x14=ea53573c x19=1c000c18 x19:1c000c14  PA:1c000c14
16428495ns          290886 1c00894a 68e78457 pv.and.h         x8, x15, x14         x8=08125208 x15:08be720b x14:ea53573c
16428515ns          290887 1c00894e 0049260b p.lw             x12, 4(x18!)        x12=08125208 x18=1c000c40 x18:1c000c3c  PA:1c000c3c
16428833ns          290903 1c008952 008005b3 add              x11, x0, x8         x11=08125208  x8:08125208
16428853ns          290904 1c008954 01ca8513 addi             x10, x21, 28        x10=1c00001c x21:1c000000
16428873ns          290905 1c008958 805ff0ef jal              x1, -2044            x1=1c00895c
16428913ns          290907 1c00815c 1c0027b7 lui              x15, 0x1c002000     x15=1c002000
16428933ns          290908 1c008160 c7478793 addi             x15, x15, -908      x15=1c001c74 x15:1c002000
16428953ns          290909 1c008164 0007a703 lw               x14, 0(x15)         x14=0000012f x15:1c001c74  PA:1c001c74
16429251ns          290924 1c008166 00c006b3 add              x13, x0, x12        x13=08125208 x12:08125208
16429271ns          290925 1c008168 00170713 addi             x14, x14, 1         x14=00000130 x14:0000012f
16429291ns          290926 1c00816a 00e7a023 sw               x14, 0(x15)         x14:00000130 x15:1c001c74  PA:1c001c74
16429609ns          290942 1c00816c 02c58163 beq              x11, x12, 34        x11:08125208 x12:08125208
16429669ns          290945 1c00818e 00008067 jalr             x0, x1, 0            x1:1c00895c
16429709ns          290947 1c00895c ff4493e3 bne              x9, x20, -26         x9:1c000bf0 x20:1c000c08
16429788ns          290951 1c008942 0044a78b p.lw             x15, 4(x9!)         x15=67e668da  x9=1c000bf4  x9:1c000bf0  PA:1c000bf0
16430086ns          290966 1c008946 0049a70b p.lw             x14, 4(x19!)        x14=81f7b918 x19=1c000c1c x19:1c000c18  PA:1c000c18
16430405ns          290982 1c00894a 68e78457 pv.and.h         x8, x15, x14         x8=01e62818 x15:67e668da x14:81f7b918
16430425ns          290983 1c00894e 0049260b p.lw             x12, 4(x18!)        x12=01e62818 x18=1c000c44 x18:1c000c40  PA:1c000c40
16430723ns          290998 1c008952 008005b3 add              x11, x0, x8         x11=01e62818  x8:01e62818
16430743ns          290999 1c008954 01ca8513 addi             x10, x21, 28        x10=1c00001c x21:1c000000
16430763ns          291000 1c008958 805ff0ef jal              x1, -2044            x1=1c00895c
16430803ns          291002 1c00815c 1c0027b7 lui              x15, 0x1c002000     x15=1c002000
16430822ns          291003 1c008160 c7478793 addi             x15, x15, -908      x15=1c001c74 x15:1c002000
16430842ns          291004 1c008164 0007a703 lw               x14, 0(x15)         x14=00000130 x15:1c001c74  PA:1c001c74
16431141ns          291019 1c008166 00c006b3 add              x13, x0, x12        x13=01e62818 x12:01e62818
16431161ns          291020 1c008168 00170713 addi             x14, x14, 1         x14=00000131 x14:00000130
16431180ns          291021 1c00816a 00e7a023 sw               x14, 0(x15)         x14:00000131 x15:1c001c74  PA:1c001c74
16431519ns          291038 1c00816c 02c58163 beq              x11, x12, 34        x11:01e62818 x12:01e62818
16431578ns          291041 1c00818e 00008067 jalr             x0, x1, 0            x1:1c00895c
16431618ns          291043 1c00895c ff4493e3 bne              x9, x20, -26         x9:1c000bf4 x20:1c000c08
16431698ns          291047 1c008942 0044a78b p.lw             x15, 4(x9!)         x15=c214dfe7  x9=1c000bf8  x9:1c000bf4  PA:1c000bf4
16431996ns          291062 1c008946 0049a70b p.lw             x14, 4(x19!)        x14=a2fdee51 x19=1c000c20 x19:1c000c1c  PA:1c000c1c
16432314ns          291078 1c00894a 68e78457 pv.and.h         x8, x15, x14         x8=8214ce41 x15:c214dfe7 x14:a2fdee51
16432334ns          291079 1c00894e 0049260b p.lw             x12, 4(x18!)        x12=8214ce41 x18=1c000c48 x18:1c000c44  PA:1c000c44
16432632ns          291094 1c008952 008005b3 add              x11, x0, x8         x11=8214ce41  x8:8214ce41
16432652ns          291095 1c008954 01ca8513 addi             x10, x21, 28        x10=1c00001c x21:1c000000
16432672ns          291096 1c008958 805ff0ef jal              x1, -2044            x1=1c00895c
16432712ns          291098 1c00815c 1c0027b7 lui              x15, 0x1c002000     x15=1c002000
16432732ns          291099 1c008160 c7478793 addi             x15, x15, -908      x15=1c001c74 x15:1c002000
16432752ns          291100 1c008164 0007a703 lw               x14, 0(x15)         x14=00000131 x15:1c001c74  PA:1c001c74
16433070ns          291116 1c008166 00c006b3 add              x13, x0, x12        x13=8214ce41 x12:8214ce41
16433090ns          291117 1c008168 00170713 addi             x14, x14, 1         x14=00000132 x14:00000131
16433110ns          291118 1c00816a 00e7a023 sw               x14, 0(x15)         x14:00000132 x15:1c001c74  PA:1c001c74
16433428ns          291134 1c00816c 02c58163 beq              x11, x12, 34        x11:8214ce41 x12:8214ce41
16433488ns          291137 1c00818e 00008067 jalr             x0, x1, 0            x1:1c00895c
16433528ns          291139 1c00895c ff4493e3 bne              x9, x20, -26         x9:1c000bf8 x20:1c000c08
16433607ns          291143 1c008942 0044a78b p.lw             x15, 4(x9!)         x15=94a2f484  x9=1c000bfc  x9:1c000bf8  PA:1c000bf8
16433905ns          291158 1c008946 0049a70b p.lw             x14, 4(x19!)        x14=aefd9245 x19=1c000c24 x19:1c000c20  PA:1c000c20
16434244ns          291175 1c00894a 68e78457 pv.and.h         x8, x15, x14         x8=84a09004 x15:94a2f484 x14:aefd9245
16434264ns          291176 1c00894e 0049260b p.lw             x12, 4(x18!)        x12=84a09004 x18=1c000c4c x18:1c000c48  PA:1c000c48
16434562ns          291191 1c008952 008005b3 add              x11, x0, x8         x11=84a09004  x8:84a09004
16434582ns          291192 1c008954 01ca8513 addi             x10, x21, 28        x10=1c00001c x21:1c000000
16434602ns          291193 1c008958 805ff0ef jal              x1, -2044            x1=1c00895c
16434641ns          291195 1c00815c 1c0027b7 lui              x15, 0x1c002000     x15=1c002000
16434661ns          291196 1c008160 c7478793 addi             x15, x15, -908      x15=1c001c74 x15:1c002000
16434681ns          291197 1c008164 0007a703 lw               x14, 0(x15)         x14=00000132 x15:1c001c74  PA:1c001c74
16434980ns          291212 1c008166 00c006b3 add              x13, x0, x12        x13=84a09004 x12:84a09004
16434999ns          291213 1c008168 00170713 addi             x14, x14, 1         x14=00000133 x14:00000132
16435019ns          291214 1c00816a 00e7a023 sw               x14, 0(x15)         x14:00000133 x15:1c001c74  PA:1c001c74
16435338ns          291230 1c00816c 02c58163 beq              x11, x12, 34        x11:84a09004 x12:84a09004
16435397ns          291233 1c00818e 00008067 jalr             x0, x1, 0            x1:1c00895c
16435437ns          291235 1c00895c ff4493e3 bne              x9, x20, -26         x9:1c000bfc x20:1c000c08
16435517ns          291239 1c008942 0044a78b p.lw             x15, 4(x9!)         x15=e021da32  x9=1c000c00  x9:1c000bfc  PA:1c000bfc
16435815ns          291254 1c008946 0049a70b p.lw             x14, 4(x19!)        x14=b700bcce x19=1c000c28 x19:1c000c24  PA:1c000c24
16436133ns          291270 1c00894a 68e78457 pv.and.h         x8, x15, x14         x8=a0009802 x15:e021da32 x14:b700bcce
16436153ns          291271 1c00894e 0049260b p.lw             x12, 4(x18!)        x12=a0009802 x18=1c000c50 x18:1c000c4c  PA:1c000c4c
16436452ns          291286 1c008952 008005b3 add              x11, x0, x8         x11=a0009802  x8:a0009802
16436471ns          291287 1c008954 01ca8513 addi             x10, x21, 28        x10=1c00001c x21:1c000000
16436491ns          291288 1c008958 805ff0ef jal              x1, -2044            x1=1c00895c
16436531ns          291290 1c00815c 1c0027b7 lui              x15, 0x1c002000     x15=1c002000
16436551ns          291291 1c008160 c7478793 addi             x15, x15, -908      x15=1c001c74 x15:1c002000
16436571ns          291292 1c008164 0007a703 lw               x14, 0(x15)         x14=00000133 x15:1c001c74  PA:1c001c74
16436889ns          291308 1c008166 00c006b3 add              x13, x0, x12        x13=a0009802 x12:a0009802
16436909ns          291309 1c008168 00170713 addi             x14, x14, 1         x14=00000134 x14:00000133
16436929ns          291310 1c00816a 00e7a023 sw               x14, 0(x15)         x14:00000134 x15:1c001c74  PA:1c001c74
16437247ns          291326 1c00816c 02c58163 beq              x11, x12, 34        x11:a0009802 x12:a0009802
16437307ns          291329 1c00818e 00008067 jalr             x0, x1, 0            x1:1c00895c
16437347ns          291331 1c00895c ff4493e3 bne              x9, x20, -26         x9:1c000c00 x20:1c000c08
16437426ns          291335 1c008942 0044a78b p.lw             x15, 4(x9!)         x15=1a729583  x9=1c000c04  x9:1c000c00  PA:1c000c00
16437725ns          291350 1c008946 0049a70b p.lw             x14, 4(x19!)        x14=17d7ddf4 x19=1c000c2c x19:1c000c28  PA:1c000c28
16438043ns          291366 1c00894a 68e78457 pv.and.h         x8, x15, x14         x8=12529580 x15:1a729583 x14:17d7ddf4
16438063ns          291367 1c00894e 0049260b p.lw             x12, 4(x18!)        x12=12529580 x18=1c000c54 x18:1c000c50  PA:1c000c50
16438361ns          291382 1c008952 008005b3 add              x11, x0, x8         x11=12529580  x8:12529580
16438381ns          291383 1c008954 01ca8513 addi             x10, x21, 28        x10=1c00001c x21:1c000000
16438401ns          291384 1c008958 805ff0ef jal              x1, -2044            x1=1c00895c
16438441ns          291386 1c00815c 1c0027b7 lui              x15, 0x1c002000     x15=1c002000
16438460ns          291387 1c008160 c7478793 addi             x15, x15, -908      x15=1c001c74 x15:1c002000
16438480ns          291388 1c008164 0007a703 lw               x14, 0(x15)         x14=00000134 x15:1c001c74  PA:1c001c74
16438779ns          291403 1c008166 00c006b3 add              x13, x0, x12        x13=12529580 x12:12529580
16438799ns          291404 1c008168 00170713 addi             x14, x14, 1         x14=00000135 x14:00000134
16438819ns          291405 1c00816a 00e7a023 sw               x14, 0(x15)         x14:00000135 x15:1c001c74  PA:1c001c74
16439137ns          291421 1c00816c 02c58163 beq              x11, x12, 34        x11:12529580 x12:12529580
16439196ns          291424 1c00818e 00008067 jalr             x0, x1, 0            x1:1c00895c
16439236ns          291426 1c00895c ff4493e3 bne              x9, x20, -26         x9:1c000c04 x20:1c000c08
16439316ns          291430 1c008942 0044a78b p.lw             x15, 4(x9!)         x15=73c9bdc4  x9=1c000c08  x9:1c000c04  PA:1c000c04
16439614ns          291445 1c008946 0049a70b p.lw             x14, 4(x19!)        x14=a0f169fa x19=1c000c30 x19:1c000c2c  PA:1c000c2c
16439932ns          291461 1c00894a 68e78457 pv.and.h         x8, x15, x14         x8=20c129c0 x15:73c9bdc4 x14:a0f169fa
16439952ns          291462 1c00894e 0049260b p.lw             x12, 4(x18!)        x12=20c129c0 x18=1c000c58 x18:1c000c54  PA:1c000c54
16440271ns          291478 1c008952 008005b3 add              x11, x0, x8         x11=20c129c0  x8:20c129c0
16440290ns          291479 1c008954 01ca8513 addi             x10, x21, 28        x10=1c00001c x21:1c000000
16440310ns          291480 1c008958 805ff0ef jal              x1, -2044            x1=1c00895c
16440350ns          291482 1c00815c 1c0027b7 lui              x15, 0x1c002000     x15=1c002000
16440370ns          291483 1c008160 c7478793 addi             x15, x15, -908      x15=1c001c74 x15:1c002000
16440390ns          291484 1c008164 0007a703 lw               x14, 0(x15)         x14=00000135 x15:1c001c74  PA:1c001c74
16440688ns          291499 1c008166 00c006b3 add              x13, x0, x12        x13=20c129c0 x12:20c129c0
16440708ns          291500 1c008168 00170713 addi             x14, x14, 1         x14=00000136 x14:00000135
16440728ns          291501 1c00816a 00e7a023 sw               x14, 0(x15)         x14:00000136 x15:1c001c74  PA:1c001c74
16441046ns          291517 1c00816c 02c58163 beq              x11, x12, 34        x11:20c129c0 x12:20c129c0
16441106ns          291520 1c00818e 00008067 jalr             x0, x1, 0            x1:1c00895c
16441146ns          291522 1c00895c ff4493e3 bne              x9, x20, -26         x9:1c000c08 x20:1c000c08
16441166ns          291523 1c008960 1c0014b7 lui              x9, 0x1c001000       x9=1c001000
16441186ns          291524 1c008964 c5848493 addi             x9, x9, -936         x9=1c000c58  x9:1c001000
16441205ns          291525 1c008968 1c0019b7 lui              x19, 0x1c001000     x19=1c001000
16441225ns          291526 1c00896c 1c001937 lui              x18, 0x1c001000     x18=1c001000
16441663ns          291548 1c008970 c8098993 addi             x19, x19, -896      x19=1c000c80 x19:1c001000
16441703ns          291550 1c008974 ca890913 addi             x18, x18, -856      x18=1c000ca8 x18:1c001000
16441723ns          291551 1c008978 02848a13 addi             x20, x9, 40         x20=1c000c80  x9:1c000c58
16441742ns          291552 1c00897c 1c000ab7 lui              x21, 0x1c000000     x21=1c000000
16442200ns          291575 1c008980 0044a78b p.lw             x15, 4(x9!)         x15=5818a5ab  x9=1c000c5c  x9:1c000c58  PA:1c000c58
16442538ns          291592 1c008984 0049a70b p.lw             x14, 4(x19!)        x14=7c269e80 x19=1c000c84 x19:1c000c80  PA:1c000c80
16442856ns          291608 1c008988 68e7c457 pv.and.sc.h      x8, x15, x14         x8=18008480 x15:5818a5ab x14:9e809e80
16442876ns          291609 1c00898c 0049260b p.lw             x12, 4(x18!)        x12=18008480 x18=1c000cac x18:1c000ca8  PA:1c000ca8
16443175ns          291624 1c008990 008005b3 add              x11, x0, x8         x11=18008480  x8:18008480
16443194ns          291625 1c008992 028a8513 addi             x10, x21, 40        x10=1c000028 x21:1c000000
16443214ns          291626 1c008996 fc6ff0ef jal              x1, -2106            x1=1c00899a
16443254ns          291628 1c00815c 1c0027b7 lui              x15, 0x1c002000     x15=1c002000
16443274ns          291629 1c008160 c7478793 addi             x15, x15, -908      x15=1c001c74 x15:1c002000
16443294ns          291630 1c008164 0007a703 lw               x14, 0(x15)         x14=00000136 x15:1c001c74  PA:1c001c74
16443592ns          291645 1c008166 00c006b3 add              x13, x0, x12        x13=18008480 x12:18008480
16443612ns          291646 1c008168 00170713 addi             x14, x14, 1         x14=00000137 x14:00000136
16443632ns          291647 1c00816a 00e7a023 sw               x14, 0(x15)         x14:00000137 x15:1c001c74  PA:1c001c74
16443950ns          291663 1c00816c 02c58163 beq              x11, x12, 34        x11:18008480 x12:18008480
16444428ns          291687 1c00818e 00008067 jalr             x0, x1, 0            x1:1c00899a
16444487ns          291690 1c00899a ff4493e3 bne              x9, x20, -26         x9:1c000c5c x20:1c000c80
16444985ns          291715 1c008980 0044a78b p.lw             x15, 4(x9!)         x15=cf2b6697  x9=1c000c60  x9:1c000c5c  PA:1c000c5c
16445303ns          291731 1c008984 0049a70b p.lw             x14, 4(x19!)        x14=4e211ecb x19=1c000c88 x19:1c000c84  PA:1c000c84
16445621ns          291747 1c008988 68e7c457 pv.and.sc.h      x8, x15, x14         x8=0e0b0683 x15:cf2b6697 x14:1ecb1ecb
16445641ns          291748 1c00898c 0049260b p.lw             x12, 4(x18!)        x12=0e0b0683 x18=1c000cb0 x18:1c000cac  PA:1c000cac
16445939ns          291763 1c008990 008005b3 add              x11, x0, x8         x11=0e0b0683  x8:0e0b0683
16445959ns          291764 1c008992 028a8513 addi             x10, x21, 40        x10=1c000028 x21:1c000000
16445979ns          291765 1c008996 fc6ff0ef jal              x1, -2106            x1=1c00899a
16446019ns          291767 1c00815c 1c0027b7 lui              x15, 0x1c002000     x15=1c002000
16446039ns          291768 1c008160 c7478793 addi             x15, x15, -908      x15=1c001c74 x15:1c002000
16446059ns          291769 1c008164 0007a703 lw               x14, 0(x15)         x14=00000137 x15:1c001c74  PA:1c001c74
16446357ns          291784 1c008166 00c006b3 add              x13, x0, x12        x13=0e0b0683 x12:0e0b0683
16446377ns          291785 1c008168 00170713 addi             x14, x14, 1         x14=00000138 x14:00000137
16446397ns          291786 1c00816a 00e7a023 sw               x14, 0(x15)         x14:00000138 x15:1c001c74  PA:1c001c74
16446715ns          291802 1c00816c 02c58163 beq              x11, x12, 34        x11:0e0b0683 x12:0e0b0683
16446775ns          291805 1c00818e 00008067 jalr             x0, x1, 0            x1:1c00899a
16446834ns          291808 1c00899a ff4493e3 bne              x9, x20, -26         x9:1c000c60 x20:1c000c80
16446894ns          291811 1c008980 0044a78b p.lw             x15, 4(x9!)         x15=28376966  x9=1c000c64  x9:1c000c60  PA:1c000c60
16447193ns          291826 1c008984 0049a70b p.lw             x14, 4(x19!)        x14=d7848e0f x19=1c000c8c x19:1c000c88  PA:1c000c88
16447531ns          291843 1c008988 68e7c457 pv.and.sc.h      x8, x15, x14         x8=08070806 x15:28376966 x14:8e0f8e0f
16447551ns          291844 1c00898c 0049260b p.lw             x12, 4(x18!)        x12=08070806 x18=1c000cb4 x18:1c000cb0  PA:1c000cb0
16447849ns          291859 1c008990 008005b3 add              x11, x0, x8         x11=08070806  x8:08070806
16447869ns          291860 1c008992 028a8513 addi             x10, x21, 40        x10=1c000028 x21:1c000000
16447889ns          291861 1c008996 fc6ff0ef jal              x1, -2106            x1=1c00899a
16447928ns          291863 1c00815c 1c0027b7 lui              x15, 0x1c002000     x15=1c002000
16447948ns          291864 1c008160 c7478793 addi             x15, x15, -908      x15=1c001c74 x15:1c002000
16447968ns          291865 1c008164 0007a703 lw               x14, 0(x15)         x14=00000138 x15:1c001c74  PA:1c001c74
16448267ns          291880 1c008166 00c006b3 add              x13, x0, x12        x13=08070806 x12:08070806
16448287ns          291881 1c008168 00170713 addi             x14, x14, 1         x14=00000139 x14:00000138
16448306ns          291882 1c00816a 00e7a023 sw               x14, 0(x15)         x14:00000139 x15:1c001c74  PA:1c001c74
16448625ns          291898 1c00816c 02c58163 beq              x11, x12, 34        x11:08070806 x12:08070806
16448684ns          291901 1c00818e 00008067 jalr             x0, x1, 0            x1:1c00899a
16448744ns          291904 1c00899a ff4493e3 bne              x9, x20, -26         x9:1c000c64 x20:1c000c80
16448804ns          291907 1c008980 0044a78b p.lw             x15, 4(x9!)         x15=ff93e389  x9=1c000c68  x9:1c000c64  PA:1c000c64
16449122ns          291923 1c008984 0049a70b p.lw             x14, 4(x19!)        x14=c712028d x19=1c000c90 x19:1c000c8c  PA:1c000c8c
16449440ns          291939 1c008988 68e7c457 pv.and.sc.h      x8, x15, x14         x8=02810289 x15:ff93e389 x14:028d028d
16449460ns          291940 1c00898c 0049260b p.lw             x12, 4(x18!)        x12=02810289 x18=1c000cb8 x18:1c000cb4  PA:1c000cb4
16449758ns          291955 1c008990 008005b3 add              x11, x0, x8         x11=02810289  x8:02810289
16449778ns          291956 1c008992 028a8513 addi             x10, x21, 40        x10=1c000028 x21:1c000000
16449798ns          291957 1c008996 fc6ff0ef jal              x1, -2106            x1=1c00899a
16449838ns          291959 1c00815c 1c0027b7 lui              x15, 0x1c002000     x15=1c002000
16449858ns          291960 1c008160 c7478793 addi             x15, x15, -908      x15=1c001c74 x15:1c002000
16449878ns          291961 1c008164 0007a703 lw               x14, 0(x15)         x14=00000139 x15:1c001c74  PA:1c001c74
16450196ns          291977 1c008166 00c006b3 add              x13, x0, x12        x13=02810289 x12:02810289
16450216ns          291978 1c008168 00170713 addi             x14, x14, 1         x14=0000013a x14:00000139
16450236ns          291979 1c00816a 00e7a023 sw               x14, 0(x15)         x14:0000013a x15:1c001c74  PA:1c001c74
16450554ns          291995 1c00816c 02c58163 beq              x11, x12, 34        x11:02810289 x12:02810289
16450614ns          291998 1c00818e 00008067 jalr             x0, x1, 0            x1:1c00899a
16450673ns          292001 1c00899a ff4493e3 bne              x9, x20, -26         x9:1c000c68 x20:1c000c80
16450733ns          292004 1c008980 0044a78b p.lw             x15, 4(x9!)         x15=8cbcb5e8  x9=1c000c6c  x9:1c000c68  PA:1c000c68
16451031ns          292019 1c008984 0049a70b p.lw             x14, 4(x19!)        x14=2e22e8e6 x19=1c000c94 x19:1c000c90  PA:1c000c90
16451350ns          292035 1c008988 68e7c457 pv.and.sc.h      x8, x15, x14         x8=88a4a0e0 x15:8cbcb5e8 x14:e8e6e8e6
16451370ns          292036 1c00898c 0049260b p.lw             x12, 4(x18!)        x12=88a4a0e0 x18=1c000cbc x18:1c000cb8  PA:1c000cb8
16451668ns          292051 1c008990 008005b3 add              x11, x0, x8         x11=88a4a0e0  x8:88a4a0e0
16451688ns          292052 1c008992 028a8513 addi             x10, x21, 40        x10=1c000028 x21:1c000000
16451708ns          292053 1c008996 fc6ff0ef jal              x1, -2106            x1=1c00899a
16451747ns          292055 1c00815c 1c0027b7 lui              x15, 0x1c002000     x15=1c002000
16451767ns          292056 1c008160 c7478793 addi             x15, x15, -908      x15=1c001c74 x15:1c002000
16451787ns          292057 1c008164 0007a703 lw               x14, 0(x15)         x14=0000013a x15:1c001c74  PA:1c001c74
16452086ns          292072 1c008166 00c006b3 add              x13, x0, x12        x13=88a4a0e0 x12:88a4a0e0
16452106ns          292073 1c008168 00170713 addi             x14, x14, 1         x14=0000013b x14:0000013a
16452125ns          292074 1c00816a 00e7a023 sw               x14, 0(x15)         x14:0000013b x15:1c001c74  PA:1c001c74
16452444ns          292090 1c00816c 02c58163 beq              x11, x12, 34        x11:88a4a0e0 x12:88a4a0e0
16452503ns          292093 1c00818e 00008067 jalr             x0, x1, 0            x1:1c00899a
16452563ns          292096 1c00899a ff4493e3 bne              x9, x20, -26         x9:1c000c6c x20:1c000c80
16452623ns          292099 1c008980 0044a78b p.lw             x15, 4(x9!)         x15=963e03f5  x9=1c000c70  x9:1c000c6c  PA:1c000c6c
16452941ns          292115 1c008984 0049a70b p.lw             x14, 4(x19!)        x14=bd731a5f x19=1c000c98 x19:1c000c94  PA:1c000c94
16453259ns          292131 1c008988 68e7c457 pv.and.sc.h      x8, x15, x14         x8=121e0255 x15:963e03f5 x14:1a5f1a5f
16453279ns          292132 1c00898c 0049260b p.lw             x12, 4(x18!)        x12=121e0255 x18=1c000cc0 x18:1c000cbc  PA:1c000cbc
16453577ns          292147 1c008990 008005b3 add              x11, x0, x8         x11=121e0255  x8:121e0255
16453597ns          292148 1c008992 028a8513 addi             x10, x21, 40        x10=1c000028 x21:1c000000
16453617ns          292149 1c008996 fc6ff0ef jal              x1, -2106            x1=1c00899a
16453657ns          292151 1c00815c 1c0027b7 lui              x15, 0x1c002000     x15=1c002000
16453677ns          292152 1c008160 c7478793 addi             x15, x15, -908      x15=1c001c74 x15:1c002000
16453697ns          292153 1c008164 0007a703 lw               x14, 0(x15)         x14=0000013b x15:1c001c74  PA:1c001c74
16453995ns          292168 1c008166 00c006b3 add              x13, x0, x12        x13=121e0255 x12:121e0255
16454015ns          292169 1c008168 00170713 addi             x14, x14, 1         x14=0000013c x14:0000013b
16454035ns          292170 1c00816a 00e7a023 sw               x14, 0(x15)         x14:0000013c x15:1c001c74  PA:1c001c74
16454353ns          292186 1c00816c 02c58163 beq              x11, x12, 34        x11:121e0255 x12:121e0255
16454413ns          292189 1c00818e 00008067 jalr             x0, x1, 0            x1:1c00899a
16454473ns          292192 1c00899a ff4493e3 bne              x9, x20, -26         x9:1c000c70 x20:1c000c80
16454532ns          292195 1c008980 0044a78b p.lw             x15, 4(x9!)         x15=2a743a29  x9=1c000c74  x9:1c000c70  PA:1c000c70
16454831ns          292210 1c008984 0049a70b p.lw             x14, 4(x19!)        x14=a9f65ea3 x19=1c000c9c x19:1c000c98  PA:1c000c98
16455149ns          292226 1c008988 68e7c457 pv.and.sc.h      x8, x15, x14         x8=0a201a21 x15:2a743a29 x14:5ea35ea3
16455169ns          292227 1c00898c 0049260b p.lw             x12, 4(x18!)        x12=0a201a21 x18=1c000cc4 x18:1c000cc0  PA:1c000cc0
16455487ns          292243 1c008990 008005b3 add              x11, x0, x8         x11=0a201a21  x8:0a201a21
16455507ns          292244 1c008992 028a8513 addi             x10, x21, 40        x10=1c000028 x21:1c000000
16455527ns          292245 1c008996 fc6ff0ef jal              x1, -2106            x1=1c00899a
16455567ns          292247 1c00815c 1c0027b7 lui              x15, 0x1c002000     x15=1c002000
16455586ns          292248 1c008160 c7478793 addi             x15, x15, -908      x15=1c001c74 x15:1c002000
16455606ns          292249 1c008164 0007a703 lw               x14, 0(x15)         x14=0000013c x15:1c001c74  PA:1c001c74
16455905ns          292264 1c008166 00c006b3 add              x13, x0, x12        x13=0a201a21 x12:0a201a21
16455925ns          292265 1c008168 00170713 addi             x14, x14, 1         x14=0000013d x14:0000013c
16455944ns          292266 1c00816a 00e7a023 sw               x14, 0(x15)         x14:0000013d x15:1c001c74  PA:1c001c74
16456263ns          292282 1c00816c 02c58163 beq              x11, x12, 34        x11:0a201a21 x12:0a201a21
16456322ns          292285 1c00818e 00008067 jalr             x0, x1, 0            x1:1c00899a
16456382ns          292288 1c00899a ff4493e3 bne              x9, x20, -26         x9:1c000c74 x20:1c000c80
16456442ns          292291 1c008980 0044a78b p.lw             x15, 4(x9!)         x15=fc3317d4  x9=1c000c78  x9:1c000c74  PA:1c000c74
16456760ns          292307 1c008984 0049a70b p.lw             x14, 4(x19!)        x14=7e963257 x19=1c000ca0 x19:1c000c9c  PA:1c000c9c
16457078ns          292323 1c008988 68e7c457 pv.and.sc.h      x8, x15, x14         x8=30131254 x15:fc3317d4 x14:32573257
16457098ns          292324 1c00898c 0049260b p.lw             x12, 4(x18!)        x12=30131254 x18=1c000cc8 x18:1c000cc4  PA:1c000cc4
16457396ns          292339 1c008990 008005b3 add              x11, x0, x8         x11=30131254  x8:30131254
16457416ns          292340 1c008992 028a8513 addi             x10, x21, 40        x10=1c000028 x21:1c000000
16457436ns          292341 1c008996 fc6ff0ef jal              x1, -2106            x1=1c00899a
16457476ns          292343 1c00815c 1c0027b7 lui              x15, 0x1c002000     x15=1c002000
16457496ns          292344 1c008160 c7478793 addi             x15, x15, -908      x15=1c001c74 x15:1c002000
16457516ns          292345 1c008164 0007a703 lw               x14, 0(x15)         x14=0000013d x15:1c001c74  PA:1c001c74
16457814ns          292360 1c008166 00c006b3 add              x13, x0, x12        x13=30131254 x12:30131254
16457834ns          292361 1c008168 00170713 addi             x14, x14, 1         x14=0000013e x14:0000013d
16457854ns          292362 1c00816a 00e7a023 sw               x14, 0(x15)         x14:0000013e x15:1c001c74  PA:1c001c74
16458192ns          292379 1c00816c 02c58163 beq              x11, x12, 34        x11:30131254 x12:30131254
16458252ns          292382 1c00818e 00008067 jalr             x0, x1, 0            x1:1c00899a
16458311ns          292385 1c00899a ff4493e3 bne              x9, x20, -26         x9:1c000c78 x20:1c000c80
16458371ns          292388 1c008980 0044a78b p.lw             x15, 4(x9!)         x15=92f8c885  x9=1c000c7c  x9:1c000c78  PA:1c000c78
16458669ns          292403 1c008984 0049a70b p.lw             x14, 4(x19!)        x14=302cc9cf x19=1c000ca4 x19:1c000ca0  PA:1c000ca0
16458988ns          292419 1c008988 68e7c457 pv.and.sc.h      x8, x15, x14         x8=80c8c885 x15:92f8c885 x14:c9cfc9cf
16459008ns          292420 1c00898c 0049260b p.lw             x12, 4(x18!)        x12=80c8c885 x18=1c000ccc x18:1c000cc8  PA:1c000cc8
16459306ns          292435 1c008990 008005b3 add              x11, x0, x8         x11=80c8c885  x8:80c8c885
16459326ns          292436 1c008992 028a8513 addi             x10, x21, 40        x10=1c000028 x21:1c000000
16459346ns          292437 1c008996 fc6ff0ef jal              x1, -2106            x1=1c00899a
16459386ns          292439 1c00815c 1c0027b7 lui              x15, 0x1c002000     x15=1c002000
16459405ns          292440 1c008160 c7478793 addi             x15, x15, -908      x15=1c001c74 x15:1c002000
16459425ns          292441 1c008164 0007a703 lw               x14, 0(x15)         x14=0000013e x15:1c001c74  PA:1c001c74
16459724ns          292456 1c008166 00c006b3 add              x13, x0, x12        x13=80c8c885 x12:80c8c885
16459744ns          292457 1c008168 00170713 addi             x14, x14, 1         x14=0000013f x14:0000013e
16459763ns          292458 1c00816a 00e7a023 sw               x14, 0(x15)         x14:0000013f x15:1c001c74  PA:1c001c74
16460082ns          292474 1c00816c 02c58163 beq              x11, x12, 34        x11:80c8c885 x12:80c8c885
16460141ns          292477 1c00818e 00008067 jalr             x0, x1, 0            x1:1c00899a
16460201ns          292480 1c00899a ff4493e3 bne              x9, x20, -26         x9:1c000c7c x20:1c000c80
16460261ns          292483 1c008980 0044a78b p.lw             x15, 4(x9!)         x15=85b37c4f  x9=1c000c80  x9:1c000c7c  PA:1c000c7c
16460559ns          292498 1c008984 0049a70b p.lw             x14, 4(x19!)        x14=131bf92e x19=1c000ca8 x19:1c000ca4  PA:1c000ca4
16460877ns          292514 1c008988 68e7c457 pv.and.sc.h      x8, x15, x14         x8=8122780e x15:85b37c4f x14:f92ef92e
16460897ns          292515 1c00898c 0049260b p.lw             x12, 4(x18!)        x12=8122780e x18=1c000cd0 x18:1c000ccc  PA:1c000ccc
16461196ns          292530 1c008990 008005b3 add              x11, x0, x8         x11=8122780e  x8:8122780e
16461215ns          292531 1c008992 028a8513 addi             x10, x21, 40        x10=1c000028 x21:1c000000
16461235ns          292532 1c008996 fc6ff0ef jal              x1, -2106            x1=1c00899a
16461275ns          292534 1c00815c 1c0027b7 lui              x15, 0x1c002000     x15=1c002000
16461295ns          292535 1c008160 c7478793 addi             x15, x15, -908      x15=1c001c74 x15:1c002000
16461315ns          292536 1c008164 0007a703 lw               x14, 0(x15)         x14=0000013f x15:1c001c74  PA:1c001c74
16461613ns          292551 1c008166 00c006b3 add              x13, x0, x12        x13=8122780e x12:8122780e
16461633ns          292552 1c008168 00170713 addi             x14, x14, 1         x14=00000140 x14:0000013f
16461653ns          292553 1c00816a 00e7a023 sw               x14, 0(x15)         x14:00000140 x15:1c001c74  PA:1c001c74
16461971ns          292569 1c00816c 02c58163 beq              x11, x12, 34        x11:8122780e x12:8122780e
16462031ns          292572 1c00818e 00008067 jalr             x0, x1, 0            x1:1c00899a
16462091ns          292575 1c00899a ff4493e3 bne              x9, x20, -26         x9:1c000c80 x20:1c000c80
16462111ns          292576 1c00899e 1c0014b7 lui              x9, 0x1c001000       x9=1c001000
16462130ns          292577 1c0089a2 cd048493 addi             x9, x9, -816         x9=1c000cd0  x9:1c001000
16462150ns          292578 1c0089a6 1c001937 lui              x18, 0x1c001000     x18=1c001000
16462170ns          292579 1c0089aa cf890913 addi             x18, x18, -776      x18=1c000cf8 x18:1c001000
16462608ns          292601 1c0089ae 02848993 addi             x19, x9, 40         x19=1c000cf8  x9:1c000cd0
16462648ns          292603 1c0089b2 1c000a37 lui              x20, 0x1c000000     x20=1c000000
16462668ns          292604 1c0089b6 0044a78b p.lw             x15, 4(x9!)         x15=bfe568e7  x9=1c000cd4  x9:1c000cd0  PA:1c000cd0
16463006ns          292621 1c0089ba 6a57e457 pv.and.sci.h     x8, x15, 0x11        x8=00010003 x15:bfe568e7
16463145ns          292628 1c0089be 0049260b p.lw             x12, 4(x18!)        x12=00010003 x18=1c000cfc x18:1c000cf8  PA:1c000cf8
16463483ns          292645 1c0089c2 008005b3 add              x11, x0, x8         x11=00010003  x8:00010003
16463503ns          292646 1c0089c4 034a0513 addi             x10, x20, 52        x10=1c000034 x20:1c000000
16463523ns          292647 1c0089c8 f94ff0ef jal              x1, -2156            x1=1c0089cc
16464120ns          292677 1c00815c 1c0027b7 lui              x15, 0x1c002000     x15=1c002000
16464159ns          292679 1c008160 c7478793 addi             x15, x15, -908      x15=1c001c74 x15:1c002000
16464179ns          292680 1c008164 0007a703 lw               x14, 0(x15)         x14=00000140 x15:1c001c74  PA:1c001c74
16464497ns          292696 1c008166 00c006b3 add              x13, x0, x12        x13=00010003 x12:00010003
16464517ns          292697 1c008168 00170713 addi             x14, x14, 1         x14=00000141 x14:00000140
16464537ns          292698 1c00816a 00e7a023 sw               x14, 0(x15)         x14:00000141 x15:1c001c74  PA:1c001c74
16464856ns          292714 1c00816c 02c58163 beq              x11, x12, 34        x11:00010003 x12:00010003
16464915ns          292717 1c00818e 00008067 jalr             x0, x1, 0            x1:1c0089cc
16464955ns          292719 1c0089cc ff3495e3 bne              x9, x19, -22         x9:1c000cd4 x19:1c000cf8
16465035ns          292723 1c0089b6 0044a78b p.lw             x15, 4(x9!)         x15=c08a6275  x9=1c000cd8  x9:1c000cd4  PA:1c000cd4
16465373ns          292740 1c0089ba 6a57e457 pv.and.sci.h     x8, x15, 0x11        x8=000a0001 x15:c08a6275
16465393ns          292741 1c0089be 0049260b p.lw             x12, 4(x18!)        x12=000a0001 x18=1c000d00 x18:1c000cfc  PA:1c000cfc
16465691ns          292756 1c0089c2 008005b3 add              x11, x0, x8         x11=000a0001  x8:000a0001
16465711ns          292757 1c0089c4 034a0513 addi             x10, x20, 52        x10=1c000034 x20:1c000000
16465731ns          292758 1c0089c8 f94ff0ef jal              x1, -2156            x1=1c0089cc
16465770ns          292760 1c00815c 1c0027b7 lui              x15, 0x1c002000     x15=1c002000
16465790ns          292761 1c008160 c7478793 addi             x15, x15, -908      x15=1c001c74 x15:1c002000
16465810ns          292762 1c008164 0007a703 lw               x14, 0(x15)         x14=00000141 x15:1c001c74  PA:1c001c74
16466129ns          292778 1c008166 00c006b3 add              x13, x0, x12        x13=000a0001 x12:000a0001
16466148ns          292779 1c008168 00170713 addi             x14, x14, 1         x14=00000142 x14:00000141
16466168ns          292780 1c00816a 00e7a023 sw               x14, 0(x15)         x14:00000142 x15:1c001c74  PA:1c001c74
16466487ns          292796 1c00816c 02c58163 beq              x11, x12, 34        x11:000a0001 x12:000a0001
16466546ns          292799 1c00818e 00008067 jalr             x0, x1, 0            x1:1c0089cc
16466586ns          292801 1c0089cc ff3495e3 bne              x9, x19, -22         x9:1c000cd8 x19:1c000cf8
16466666ns          292805 1c0089b6 0044a78b p.lw             x15, 4(x9!)         x15=dfee3e6c  x9=1c000cdc  x9:1c000cd8  PA:1c000cd8
16466984ns          292821 1c0089ba 6a57e457 pv.and.sci.h     x8, x15, 0x11        x8=000a0008 x15:dfee3e6c
16467004ns          292822 1c0089be 0049260b p.lw             x12, 4(x18!)        x12=000a0008 x18=1c000d04 x18:1c000d00  PA:1c000d00
16467322ns          292838 1c0089c2 008005b3 add              x11, x0, x8         x11=000a0008  x8:000a0008
16467342ns          292839 1c0089c4 034a0513 addi             x10, x20, 52        x10=1c000034 x20:1c000000
16467362ns          292840 1c0089c8 f94ff0ef jal              x1, -2156            x1=1c0089cc
16467402ns          292842 1c00815c 1c0027b7 lui              x15, 0x1c002000     x15=1c002000
16467421ns          292843 1c008160 c7478793 addi             x15, x15, -908      x15=1c001c74 x15:1c002000
16467441ns          292844 1c008164 0007a703 lw               x14, 0(x15)         x14=00000142 x15:1c001c74  PA:1c001c74
16467760ns          292860 1c008166 00c006b3 add              x13, x0, x12        x13=000a0008 x12:000a0008
16467779ns          292861 1c008168 00170713 addi             x14, x14, 1         x14=00000143 x14:00000142
16467799ns          292862 1c00816a 00e7a023 sw               x14, 0(x15)         x14:00000143 x15:1c001c74  PA:1c001c74
16468118ns          292878 1c00816c 02c58163 beq              x11, x12, 34        x11:000a0008 x12:000a0008
16468177ns          292881 1c00818e 00008067 jalr             x0, x1, 0            x1:1c0089cc
16468217ns          292883 1c0089cc ff3495e3 bne              x9, x19, -22         x9:1c000cdc x19:1c000cf8
16468297ns          292887 1c0089b6 0044a78b p.lw             x15, 4(x9!)         x15=da4d97a8  x9=1c000ce0  x9:1c000cdc  PA:1c000cdc
16468615ns          292903 1c0089ba 6a57e457 pv.and.sci.h     x8, x15, 0x11        x8=00090008 x15:da4d97a8
16468635ns          292904 1c0089be 0049260b p.lw             x12, 4(x18!)        x12=00090008 x18=1c000d08 x18:1c000d04  PA:1c000d04
16468933ns          292919 1c0089c2 008005b3 add              x11, x0, x8         x11=00090008  x8:00090008
16468953ns          292920 1c0089c4 034a0513 addi             x10, x20, 52        x10=1c000034 x20:1c000000
16468973ns          292921 1c0089c8 f94ff0ef jal              x1, -2156            x1=1c0089cc
16469013ns          292923 1c00815c 1c0027b7 lui              x15, 0x1c002000     x15=1c002000
16469033ns          292924 1c008160 c7478793 addi             x15, x15, -908      x15=1c001c74 x15:1c002000
16469052ns          292925 1c008164 0007a703 lw               x14, 0(x15)         x14=00000143 x15:1c001c74  PA:1c001c74
16469351ns          292940 1c008166 00c006b3 add              x13, x0, x12        x13=00090008 x12:00090008
16469371ns          292941 1c008168 00170713 addi             x14, x14, 1         x14=00000144 x14:00000143
16469391ns          292942 1c00816a 00e7a023 sw               x14, 0(x15)         x14:00000144 x15:1c001c74  PA:1c001c74
16469729ns          292959 1c00816c 02c58163 beq              x11, x12, 34        x11:00090008 x12:00090008
16469788ns          292962 1c00818e 00008067 jalr             x0, x1, 0            x1:1c0089cc
16469828ns          292964 1c0089cc ff3495e3 bne              x9, x19, -22         x9:1c000ce0 x19:1c000cf8
16469908ns          292968 1c0089b6 0044a78b p.lw             x15, 4(x9!)         x15=a61ee36a  x9=1c000ce4  x9:1c000ce0  PA:1c000ce0
16470226ns          292984 1c0089ba 6a57e457 pv.and.sci.h     x8, x15, 0x11        x8=000a000a x15:a61ee36a
16470246ns          292985 1c0089be 0049260b p.lw             x12, 4(x18!)        x12=000a000a x18=1c000d0c x18:1c000d08  PA:1c000d08
16470544ns          293000 1c0089c2 008005b3 add              x11, x0, x8         x11=000a000a  x8:000a000a
16470564ns          293001 1c0089c4 034a0513 addi             x10, x20, 52        x10=1c000034 x20:1c000000
16470584ns          293002 1c0089c8 f94ff0ef jal              x1, -2156            x1=1c0089cc
16470624ns          293004 1c00815c 1c0027b7 lui              x15, 0x1c002000     x15=1c002000
16470644ns          293005 1c008160 c7478793 addi             x15, x15, -908      x15=1c001c74 x15:1c002000
16470664ns          293006 1c008164 0007a703 lw               x14, 0(x15)         x14=00000144 x15:1c001c74  PA:1c001c74
16470962ns          293021 1c008166 00c006b3 add              x13, x0, x12        x13=000a000a x12:000a000a
16470982ns          293022 1c008168 00170713 addi             x14, x14, 1         x14=00000145 x14:00000144
16471002ns          293023 1c00816a 00e7a023 sw               x14, 0(x15)         x14:00000145 x15:1c001c74  PA:1c001c74
16471320ns          293039 1c00816c 02c58163 beq              x11, x12, 34        x11:000a000a x12:000a000a
16471380ns          293042 1c00818e 00008067 jalr             x0, x1, 0            x1:1c0089cc
16471419ns          293044 1c0089cc ff3495e3 bne              x9, x19, -22         x9:1c000ce4 x19:1c000cf8
16471499ns          293048 1c0089b6 0044a78b p.lw             x15, 4(x9!)         x15=e8a02108  x9=1c000ce8  x9:1c000ce4  PA:1c000ce4
16471817ns          293064 1c0089ba 6a57e457 pv.and.sci.h     x8, x15, 0x11        x8=00000008 x15:e8a02108
16471837ns          293065 1c0089be 0049260b p.lw             x12, 4(x18!)        x12=00000008 x18=1c000d10 x18:1c000d0c  PA:1c000d0c
16472136ns          293080 1c0089c2 008005b3 add              x11, x0, x8         x11=00000008  x8:00000008
16472155ns          293081 1c0089c4 034a0513 addi             x10, x20, 52        x10=1c000034 x20:1c000000
16472175ns          293082 1c0089c8 f94ff0ef jal              x1, -2156            x1=1c0089cc
16472215ns          293084 1c00815c 1c0027b7 lui              x15, 0x1c002000     x15=1c002000
16472235ns          293085 1c008160 c7478793 addi             x15, x15, -908      x15=1c001c74 x15:1c002000
16472255ns          293086 1c008164 0007a703 lw               x14, 0(x15)         x14=00000145 x15:1c001c74  PA:1c001c74
16472553ns          293101 1c008166 00c006b3 add              x13, x0, x12        x13=00000008 x12:00000008
16472573ns          293102 1c008168 00170713 addi             x14, x14, 1         x14=00000146 x14:00000145
16472593ns          293103 1c00816a 00e7a023 sw               x14, 0(x15)         x14:00000146 x15:1c001c74  PA:1c001c74
16472911ns          293119 1c00816c 02c58163 beq              x11, x12, 34        x11:00000008 x12:00000008
16472971ns          293122 1c00818e 00008067 jalr             x0, x1, 0            x1:1c0089cc
16473011ns          293124 1c0089cc ff3495e3 bne              x9, x19, -22         x9:1c000ce8 x19:1c000cf8
16473090ns          293128 1c0089b6 0044a78b p.lw             x15, 4(x9!)         x15=45cd3ead  x9=1c000cec  x9:1c000ce8  PA:1c000ce8
16473428ns          293145 1c0089ba 6a57e457 pv.and.sci.h     x8, x15, 0x11        x8=00090009 x15:45cd3ead
16473448ns          293146 1c0089be 0049260b p.lw             x12, 4(x18!)        x12=00090009 x18=1c000d14 x18:1c000d10  PA:1c000d10
16473747ns          293161 1c0089c2 008005b3 add              x11, x0, x8         x11=00090009  x8:00090009
16473767ns          293162 1c0089c4 034a0513 addi             x10, x20, 52        x10=1c000034 x20:1c000000
16473786ns          293163 1c0089c8 f94ff0ef jal              x1, -2156            x1=1c0089cc
16473826ns          293165 1c00815c 1c0027b7 lui              x15, 0x1c002000     x15=1c002000
16473846ns          293166 1c008160 c7478793 addi             x15, x15, -908      x15=1c001c74 x15:1c002000
16473866ns          293167 1c008164 0007a703 lw               x14, 0(x15)         x14=00000146 x15:1c001c74  PA:1c001c74
16474184ns          293183 1c008166 00c006b3 add              x13, x0, x12        x13=00090009 x12:00090009
16474204ns          293184 1c008168 00170713 addi             x14, x14, 1         x14=00000147 x14:00000146
16474224ns          293185 1c00816a 00e7a023 sw               x14, 0(x15)         x14:00000147 x15:1c001c74  PA:1c001c74
16474542ns          293201 1c00816c 02c58163 beq              x11, x12, 34        x11:00090009 x12:00090009
16474602ns          293204 1c00818e 00008067 jalr             x0, x1, 0            x1:1c0089cc
16474642ns          293206 1c0089cc ff3495e3 bne              x9, x19, -22         x9:1c000cec x19:1c000cf8
16474721ns          293210 1c0089b6 0044a78b p.lw             x15, 4(x9!)         x15=64f330b6  x9=1c000cf0  x9:1c000cec  PA:1c000cec
16475040ns          293226 1c0089ba 6a57e457 pv.and.sci.h     x8, x15, 0x11        x8=00030002 x15:64f330b6
16475059ns          293227 1c0089be 0049260b p.lw             x12, 4(x18!)        x12=00030002 x18=1c000d18 x18:1c000d14  PA:1c000d14
16475398ns          293244 1c0089c2 008005b3 add              x11, x0, x8         x11=00030002  x8:00030002
16475417ns          293245 1c0089c4 034a0513 addi             x10, x20, 52        x10=1c000034 x20:1c000000
16475437ns          293246 1c0089c8 f94ff0ef jal              x1, -2156            x1=1c0089cc
16475477ns          293248 1c00815c 1c0027b7 lui              x15, 0x1c002000     x15=1c002000
16475497ns          293249 1c008160 c7478793 addi             x15, x15, -908      x15=1c001c74 x15:1c002000
16475517ns          293250 1c008164 0007a703 lw               x14, 0(x15)         x14=00000147 x15:1c001c74  PA:1c001c74
16475815ns          293265 1c008166 00c006b3 add              x13, x0, x12        x13=00030002 x12:00030002
16475835ns          293266 1c008168 00170713 addi             x14, x14, 1         x14=00000148 x14:00000147
16475855ns          293267 1c00816a 00e7a023 sw               x14, 0(x15)         x14:00000148 x15:1c001c74  PA:1c001c74
16476173ns          293283 1c00816c 02c58163 beq              x11, x12, 34        x11:00030002 x12:00030002
16476233ns          293286 1c00818e 00008067 jalr             x0, x1, 0            x1:1c0089cc
16476273ns          293288 1c0089cc ff3495e3 bne              x9, x19, -22         x9:1c000cf0 x19:1c000cf8
16476352ns          293292 1c0089b6 0044a78b p.lw             x15, 4(x9!)         x15=f098ff3b  x9=1c000cf4  x9:1c000cf0  PA:1c000cf0
16476671ns          293308 1c0089ba 6a57e457 pv.and.sci.h     x8, x15, 0x11        x8=0008000b x15:f098ff3b
16476691ns          293309 1c0089be 0049260b p.lw             x12, 4(x18!)        x12=0008000b x18=1c000d1c x18:1c000d18  PA:1c000d18
16476989ns          293324 1c0089c2 008005b3 add              x11, x0, x8         x11=0008000b  x8:0008000b
16477009ns          293325 1c0089c4 034a0513 addi             x10, x20, 52        x10=1c000034 x20:1c000000
16477029ns          293326 1c0089c8 f94ff0ef jal              x1, -2156            x1=1c0089cc
16477068ns          293328 1c00815c 1c0027b7 lui              x15, 0x1c002000     x15=1c002000
16477088ns          293329 1c008160 c7478793 addi             x15, x15, -908      x15=1c001c74 x15:1c002000
16477108ns          293330 1c008164 0007a703 lw               x14, 0(x15)         x14=00000148 x15:1c001c74  PA:1c001c74
16477407ns          293345 1c008166 00c006b3 add              x13, x0, x12        x13=0008000b x12:0008000b
16477426ns          293346 1c008168 00170713 addi             x14, x14, 1         x14=00000149 x14:00000148
16477446ns          293347 1c00816a 00e7a023 sw               x14, 0(x15)         x14:00000149 x15:1c001c74  PA:1c001c74
16477784ns          293364 1c00816c 02c58163 beq              x11, x12, 34        x11:0008000b x12:0008000b
16477844ns          293367 1c00818e 00008067 jalr             x0, x1, 0            x1:1c0089cc
16477884ns          293369 1c0089cc ff3495e3 bne              x9, x19, -22         x9:1c000cf4 x19:1c000cf8
16477964ns          293373 1c0089b6 0044a78b p.lw             x15, 4(x9!)         x15=507473e6  x9=1c000cf8  x9:1c000cf4  PA:1c000cf4
16478282ns          293389 1c0089ba 6a57e457 pv.and.sci.h     x8, x15, 0x11        x8=00000002 x15:507473e6
16478302ns          293390 1c0089be 0049260b p.lw             x12, 4(x18!)        x12=00000002 x18=1c000d20 x18:1c000d1c  PA:1c000d1c
16478600ns          293405 1c0089c2 008005b3 add              x11, x0, x8         x11=00000002  x8:00000002
16478620ns          293406 1c0089c4 034a0513 addi             x10, x20, 52        x10=1c000034 x20:1c000000
16478640ns          293407 1c0089c8 f94ff0ef jal              x1, -2156            x1=1c0089cc
16478680ns          293409 1c00815c 1c0027b7 lui              x15, 0x1c002000     x15=1c002000
16478699ns          293410 1c008160 c7478793 addi             x15, x15, -908      x15=1c001c74 x15:1c002000
16478719ns          293411 1c008164 0007a703 lw               x14, 0(x15)         x14=00000149 x15:1c001c74  PA:1c001c74
16479018ns          293426 1c008166 00c006b3 add              x13, x0, x12        x13=00000002 x12:00000002
16479038ns          293427 1c008168 00170713 addi             x14, x14, 1         x14=0000014a x14:00000149
16479058ns          293428 1c00816a 00e7a023 sw               x14, 0(x15)         x14:0000014a x15:1c001c74  PA:1c001c74
16479396ns          293445 1c00816c 02c58163 beq              x11, x12, 34        x11:00000002 x12:00000002
16479455ns          293448 1c00818e 00008067 jalr             x0, x1, 0            x1:1c0089cc
16479495ns          293450 1c0089cc ff3495e3 bne              x9, x19, -22         x9:1c000cf8 x19:1c000cf8
16479515ns          293451 1c0089d0 1c0014b7 lui              x9, 0x1c001000       x9=1c001000
16479535ns          293452 1c0089d4 aa048493 addi             x9, x9, -1376        x9=1c000aa0  x9:1c001000
16479555ns          293453 1c0089d8 1c0019b7 lui              x19, 0x1c001000     x19=1c001000
16479575ns          293454 1c0089dc 1c001937 lui              x18, 0x1c001000     x18=1c001000
16480012ns          293476 1c0089e0 ac898993 addi             x19, x19, -1336     x19=1c000ac8 x19:1c001000
16480052ns          293478 1c0089e4 af090913 addi             x18, x18, -1296     x18=1c000af0 x18:1c001000
16480072ns          293479 1c0089e8 02848a13 addi             x20, x9, 40         x20=1c000ac8  x9:1c000aa0
16480092ns          293480 1c0089ec 1c000ab7 lui              x21, 0x1c000000     x21=1c000000
16480529ns          293502 1c0089f0 0044a78b p.lw             x15, 4(x9!)         x15=e317675c  x9=1c000aa4  x9:1c000aa0  PA:1c000aa0
16480848ns          293518 1c0089f4 0049a70b p.lw             x14, 4(x19!)        x14=adc6e7bf x19=1c000acc x19:1c000ac8  PA:1c000ac8
16481186ns          293535 1c0089f8 68e79457 pv.and.b         x8, x15, x14         x8=a106671c x15:e317675c x14:adc6e7bf
16481206ns          293536 1c0089fc 0049260b p.lw             x12, 4(x18!)        x12=a106671c x18=1c000af4 x18:1c000af0  PA:1c000af0
16481504ns          293551 1c008a00 008005b3 add              x11, x0, x8         x11=a106671c  x8:a106671c
16481524ns          293552 1c008a02 044a8513 addi             x10, x21, 68        x10=1c000044 x21:1c000000
16481544ns          293553 1c008a06 f56ff0ef jal              x1, -2218            x1=1c008a0a
16481584ns          293555 1c00815c 1c0027b7 lui              x15, 0x1c002000     x15=1c002000
16481604ns          293556 1c008160 c7478793 addi             x15, x15, -908      x15=1c001c74 x15:1c002000
16481623ns          293557 1c008164 0007a703 lw               x14, 0(x15)         x14=0000014a x15:1c001c74  PA:1c001c74
16481922ns          293572 1c008166 00c006b3 add              x13, x0, x12        x13=a106671c x12:a106671c
16481942ns          293573 1c008168 00170713 addi             x14, x14, 1         x14=0000014b x14:0000014a
16481962ns          293574 1c00816a 00e7a023 sw               x14, 0(x15)         x14:0000014b x15:1c001c74  PA:1c001c74
16482300ns          293591 1c00816c 02c58163 beq              x11, x12, 34        x11:a106671c x12:a106671c
16482359ns          293594 1c00818e 00008067 jalr             x0, x1, 0            x1:1c008a0a
16482419ns          293597 1c008a0a ff4493e3 bne              x9, x20, -26         x9:1c000aa4 x20:1c000ac8
16482896ns          293621 1c0089f0 0044a78b p.lw             x15, 4(x9!)         x15=b360a0a8  x9=1c000aa8  x9:1c000aa4  PA:1c000aa4
16483195ns          293636 1c0089f4 0049a70b p.lw             x14, 4(x19!)        x14=077a84ac x19=1c000ad0 x19:1c000acc  PA:1c000acc
16483513ns          293652 1c0089f8 68e79457 pv.and.b         x8, x15, x14         x8=036080a8 x15:b360a0a8 x14:077a84ac
16483533ns          293653 1c0089fc 0049260b p.lw             x12, 4(x18!)        x12=036080a8 x18=1c000af8 x18:1c000af4  PA:1c000af4
16483831ns          293668 1c008a00 008005b3 add              x11, x0, x8         x11=036080a8  x8:036080a8
16483851ns          293669 1c008a02 044a8513 addi             x10, x21, 68        x10=1c000044 x21:1c000000
16483871ns          293670 1c008a06 f56ff0ef jal              x1, -2218            x1=1c008a0a
16483911ns          293672 1c00815c 1c0027b7 lui              x15, 0x1c002000     x15=1c002000
16483931ns          293673 1c008160 c7478793 addi             x15, x15, -908      x15=1c001c74 x15:1c002000
16483951ns          293674 1c008164 0007a703 lw               x14, 0(x15)         x14=0000014b x15:1c001c74  PA:1c001c74
16484249ns          293689 1c008166 00c006b3 add              x13, x0, x12        x13=036080a8 x12:036080a8
16484269ns          293690 1c008168 00170713 addi             x14, x14, 1         x14=0000014c x14:0000014b
16484289ns          293691 1c00816a 00e7a023 sw               x14, 0(x15)         x14:0000014c x15:1c001c74  PA:1c001c74
16484607ns          293707 1c00816c 02c58163 beq              x11, x12, 34        x11:036080a8 x12:036080a8
16484667ns          293710 1c00818e 00008067 jalr             x0, x1, 0            x1:1c008a0a
16484726ns          293713 1c008a0a ff4493e3 bne              x9, x20, -26         x9:1c000aa8 x20:1c000ac8
16484786ns          293716 1c0089f0 0044a78b p.lw             x15, 4(x9!)         x15=1fdb225b  x9=1c000aac  x9:1c000aa8  PA:1c000aa8
16485084ns          293731 1c0089f4 0049a70b p.lw             x14, 4(x19!)        x14=cb431cb5 x19=1c000ad4 x19:1c000ad0  PA:1c000ad0
16485403ns          293747 1c0089f8 68e79457 pv.and.b         x8, x15, x14         x8=0b430011 x15:1fdb225b x14:cb431cb5
16485423ns          293748 1c0089fc 0049260b p.lw             x12, 4(x18!)        x12=0b430011 x18=1c000afc x18:1c000af8  PA:1c000af8
16485721ns          293763 1c008a00 008005b3 add              x11, x0, x8         x11=0b430011  x8:0b430011
16485741ns          293764 1c008a02 044a8513 addi             x10, x21, 68        x10=1c000044 x21:1c000000
16485761ns          293765 1c008a06 f56ff0ef jal              x1, -2218            x1=1c008a0a
16485800ns          293767 1c00815c 1c0027b7 lui              x15, 0x1c002000     x15=1c002000
16485820ns          293768 1c008160 c7478793 addi             x15, x15, -908      x15=1c001c74 x15:1c002000
16485840ns          293769 1c008164 0007a703 lw               x14, 0(x15)         x14=0000014c x15:1c001c74  PA:1c001c74
16486159ns          293785 1c008166 00c006b3 add              x13, x0, x12        x13=0b430011 x12:0b430011
16486178ns          293786 1c008168 00170713 addi             x14, x14, 1         x14=0000014d x14:0000014c
16486198ns          293787 1c00816a 00e7a023 sw               x14, 0(x15)         x14:0000014d x15:1c001c74  PA:1c001c74
16486517ns          293803 1c00816c 02c58163 beq              x11, x12, 34        x11:0b430011 x12:0b430011
16486576ns          293806 1c00818e 00008067 jalr             x0, x1, 0            x1:1c008a0a
16486636ns          293809 1c008a0a ff4493e3 bne              x9, x20, -26         x9:1c000aac x20:1c000ac8
16486696ns          293812 1c0089f0 0044a78b p.lw             x15, 4(x9!)         x15=9e2ef7b8  x9=1c000ab0  x9:1c000aac  PA:1c000aac
16486994ns          293827 1c0089f4 0049a70b p.lw             x14, 4(x19!)        x14=88b1a893 x19=1c000ad8 x19:1c000ad4  PA:1c000ad4
16487312ns          293843 1c0089f8 68e79457 pv.and.b         x8, x15, x14         x8=8820a090 x15:9e2ef7b8 x14:88b1a893
16487332ns          293844 1c0089fc 0049260b p.lw             x12, 4(x18!)        x12=8820a090 x18=1c000b00 x18:1c000afc  PA:1c000afc
16487630ns          293859 1c008a00 008005b3 add              x11, x0, x8         x11=8820a090  x8:8820a090
16487650ns          293860 1c008a02 044a8513 addi             x10, x21, 68        x10=1c000044 x21:1c000000
16487670ns          293861 1c008a06 f56ff0ef jal              x1, -2218            x1=1c008a0a
16487710ns          293863 1c00815c 1c0027b7 lui              x15, 0x1c002000     x15=1c002000
16487730ns          293864 1c008160 c7478793 addi             x15, x15, -908      x15=1c001c74 x15:1c002000
16487750ns          293865 1c008164 0007a703 lw               x14, 0(x15)         x14=0000014d x15:1c001c74  PA:1c001c74
16488048ns          293880 1c008166 00c006b3 add              x13, x0, x12        x13=8820a090 x12:8820a090
16488068ns          293881 1c008168 00170713 addi             x14, x14, 1         x14=0000014e x14:0000014d
16488088ns          293882 1c00816a 00e7a023 sw               x14, 0(x15)         x14:0000014e x15:1c001c74  PA:1c001c74
16488406ns          293898 1c00816c 02c58163 beq              x11, x12, 34        x11:8820a090 x12:8820a090
16488466ns          293901 1c00818e 00008067 jalr             x0, x1, 0            x1:1c008a0a
16488526ns          293904 1c008a0a ff4493e3 bne              x9, x20, -26         x9:1c000ab0 x20:1c000ac8
16488585ns          293907 1c0089f0 0044a78b p.lw             x15, 4(x9!)         x15=b1cecec0  x9=1c000ab4  x9:1c000ab0  PA:1c000ab0
16488884ns          293922 1c0089f4 0049a70b p.lw             x14, 4(x19!)        x14=56d93644 x19=1c000adc x19:1c000ad8  PA:1c000ad8
16489202ns          293938 1c0089f8 68e79457 pv.and.b         x8, x15, x14         x8=10c80640 x15:b1cecec0 x14:56d93644
16489222ns          293939 1c0089fc 0049260b p.lw             x12, 4(x18!)        x12=10c80640 x18=1c000b04 x18:1c000b00  PA:1c000b00
16489540ns          293955 1c008a00 008005b3 add              x11, x0, x8         x11=10c80640  x8:10c80640
16489560ns          293956 1c008a02 044a8513 addi             x10, x21, 68        x10=1c000044 x21:1c000000
16489580ns          293957 1c008a06 f56ff0ef jal              x1, -2218            x1=1c008a0a
16489619ns          293959 1c00815c 1c0027b7 lui              x15, 0x1c002000     x15=1c002000
16489639ns          293960 1c008160 c7478793 addi             x15, x15, -908      x15=1c001c74 x15:1c002000
16489659ns          293961 1c008164 0007a703 lw               x14, 0(x15)         x14=0000014e x15:1c001c74  PA:1c001c74
16489958ns          293976 1c008166 00c006b3 add              x13, x0, x12        x13=10c80640 x12:10c80640
16489978ns          293977 1c008168 00170713 addi             x14, x14, 1         x14=0000014f x14:0000014e
16489997ns          293978 1c00816a 00e7a023 sw               x14, 0(x15)         x14:0000014f x15:1c001c74  PA:1c001c74
16490316ns          293994 1c00816c 02c58163 beq              x11, x12, 34        x11:10c80640 x12:10c80640
16490375ns          293997 1c00818e 00008067 jalr             x0, x1, 0            x1:1c008a0a
16490435ns          294000 1c008a0a ff4493e3 bne              x9, x20, -26         x9:1c000ab4 x20:1c000ac8
16490495ns          294003 1c0089f0 0044a78b p.lw             x15, 4(x9!)         x15=3cea7c56  x9=1c000ab8  x9:1c000ab4  PA:1c000ab4
16490813ns          294019 1c0089f4 0049a70b p.lw             x14, 4(x19!)        x14=341484e6 x19=1c000ae0 x19:1c000adc  PA:1c000adc
16491131ns          294035 1c0089f8 68e79457 pv.and.b         x8, x15, x14         x8=34000446 x15:3cea7c56 x14:341484e6
16491151ns          294036 1c0089fc 0049260b p.lw             x12, 4(x18!)        x12=34000446 x18=1c000b08 x18:1c000b04  PA:1c000b04
16491469ns          294052 1c008a00 008005b3 add              x11, x0, x8         x11=34000446  x8:34000446
16491489ns          294053 1c008a02 044a8513 addi             x10, x21, 68        x10=1c000044 x21:1c000000
16491509ns          294054 1c008a06 f56ff0ef jal              x1, -2218            x1=1c008a0a
16491549ns          294056 1c00815c 1c0027b7 lui              x15, 0x1c002000     x15=1c002000
16491569ns          294057 1c008160 c7478793 addi             x15, x15, -908      x15=1c001c74 x15:1c002000
16491589ns          294058 1c008164 0007a703 lw               x14, 0(x15)         x14=0000014f x15:1c001c74  PA:1c001c74
16491887ns          294073 1c008166 00c006b3 add              x13, x0, x12        x13=34000446 x12:34000446
16491907ns          294074 1c008168 00170713 addi             x14, x14, 1         x14=00000150 x14:0000014f
16491927ns          294075 1c00816a 00e7a023 sw               x14, 0(x15)         x14:00000150 x15:1c001c74  PA:1c001c74
16492245ns          294091 1c00816c 02c58163 beq              x11, x12, 34        x11:34000446 x12:34000446
16492305ns          294094 1c00818e 00008067 jalr             x0, x1, 0            x1:1c008a0a
16492364ns          294097 1c008a0a ff4493e3 bne              x9, x20, -26         x9:1c000ab8 x20:1c000ac8
16492424ns          294100 1c0089f0 0044a78b p.lw             x15, 4(x9!)         x15=ca1672f9  x9=1c000abc  x9:1c000ab8  PA:1c000ab8
16492742ns          294116 1c0089f4 0049a70b p.lw             x14, 4(x19!)        x14=4fc77029 x19=1c000ae4 x19:1c000ae0  PA:1c000ae0
16493061ns          294132 1c0089f8 68e79457 pv.and.b         x8, x15, x14         x8=4a067029 x15:ca1672f9 x14:4fc77029
16493080ns          294133 1c0089fc 0049260b p.lw             x12, 4(x18!)        x12=4a067029 x18=1c000b0c x18:1c000b08  PA:1c000b08
16493379ns          294148 1c008a00 008005b3 add              x11, x0, x8         x11=4a067029  x8:4a067029
16493399ns          294149 1c008a02 044a8513 addi             x10, x21, 68        x10=1c000044 x21:1c000000
16493419ns          294150 1c008a06 f56ff0ef jal              x1, -2218            x1=1c008a0a
16493458ns          294152 1c00815c 1c0027b7 lui              x15, 0x1c002000     x15=1c002000
16493478ns          294153 1c008160 c7478793 addi             x15, x15, -908      x15=1c001c74 x15:1c002000
16493498ns          294154 1c008164 0007a703 lw               x14, 0(x15)         x14=00000150 x15:1c001c74  PA:1c001c74
16493797ns          294169 1c008166 00c006b3 add              x13, x0, x12        x13=4a067029 x12:4a067029
16493816ns          294170 1c008168 00170713 addi             x14, x14, 1         x14=00000151 x14:00000150
16493836ns          294171 1c00816a 00e7a023 sw               x14, 0(x15)         x14:00000151 x15:1c001c74  PA:1c001c74
16494155ns          294187 1c00816c 02c58163 beq              x11, x12, 34        x11:4a067029 x12:4a067029
16494214ns          294190 1c00818e 00008067 jalr             x0, x1, 0            x1:1c008a0a
16494274ns          294193 1c008a0a ff4493e3 bne              x9, x20, -26         x9:1c000abc x20:1c000ac8
16494334ns          294196 1c0089f0 0044a78b p.lw             x15, 4(x9!)         x15=850ef760  x9=1c000ac0  x9:1c000abc  PA:1c000abc
16494632ns          294211 1c0089f4 0049a70b p.lw             x14, 4(x19!)        x14=1b25239c x19=1c000ae8 x19:1c000ae4  PA:1c000ae4
16494950ns          294227 1c0089f8 68e79457 pv.and.b         x8, x15, x14         x8=01042300 x15:850ef760 x14:1b25239c
16494970ns          294228 1c0089fc 0049260b p.lw             x12, 4(x18!)        x12=01042300 x18=1c000b10 x18:1c000b0c  PA:1c000b0c
16495268ns          294243 1c008a00 008005b3 add              x11, x0, x8         x11=01042300  x8:01042300
16495288ns          294244 1c008a02 044a8513 addi             x10, x21, 68        x10=1c000044 x21:1c000000
16495308ns          294245 1c008a06 f56ff0ef jal              x1, -2218            x1=1c008a0a
16495348ns          294247 1c00815c 1c0027b7 lui              x15, 0x1c002000     x15=1c002000
16495368ns          294248 1c008160 c7478793 addi             x15, x15, -908      x15=1c001c74 x15:1c002000
16495388ns          294249 1c008164 0007a703 lw               x14, 0(x15)         x14=00000151 x15:1c001c74  PA:1c001c74
16495686ns          294264 1c008166 00c006b3 add              x13, x0, x12        x13=01042300 x12:01042300
16495706ns          294265 1c008168 00170713 addi             x14, x14, 1         x14=00000152 x14:00000151
16495726ns          294266 1c00816a 00e7a023 sw               x14, 0(x15)         x14:00000152 x15:1c001c74  PA:1c001c74
16496044ns          294282 1c00816c 02c58163 beq              x11, x12, 34        x11:01042300 x12:01042300
16496104ns          294285 1c00818e 00008067 jalr             x0, x1, 0            x1:1c008a0a
16496164ns          294288 1c008a0a ff4493e3 bne              x9, x20, -26         x9:1c000ac0 x20:1c000ac8
16496223ns          294291 1c0089f0 0044a78b p.lw             x15, 4(x9!)         x15=13e2cce6  x9=1c000ac4  x9:1c000ac0  PA:1c000ac0
16496522ns          294306 1c0089f4 0049a70b p.lw             x14, 4(x19!)        x14=cce52280 x19=1c000aec x19:1c000ae8  PA:1c000ae8
16496840ns          294322 1c0089f8 68e79457 pv.and.b         x8, x15, x14         x8=00e00080 x15:13e2cce6 x14:cce52280
16496860ns          294323 1c0089fc 0049260b p.lw             x12, 4(x18!)        x12=00e00080 x18=1c000b14 x18:1c000b10  PA:1c000b10
16497178ns          294339 1c008a00 008005b3 add              x11, x0, x8         x11=00e00080  x8:00e00080
16497198ns          294340 1c008a02 044a8513 addi             x10, x21, 68        x10=1c000044 x21:1c000000
16497218ns          294341 1c008a06 f56ff0ef jal              x1, -2218            x1=1c008a0a
16497258ns          294343 1c00815c 1c0027b7 lui              x15, 0x1c002000     x15=1c002000
16497277ns          294344 1c008160 c7478793 addi             x15, x15, -908      x15=1c001c74 x15:1c002000
16497297ns          294345 1c008164 0007a703 lw               x14, 0(x15)         x14=00000152 x15:1c001c74  PA:1c001c74
16497596ns          294360 1c008166 00c006b3 add              x13, x0, x12        x13=00e00080 x12:00e00080
16497616ns          294361 1c008168 00170713 addi             x14, x14, 1         x14=00000153 x14:00000152
16497635ns          294362 1c00816a 00e7a023 sw               x14, 0(x15)         x14:00000153 x15:1c001c74  PA:1c001c74
16497954ns          294378 1c00816c 02c58163 beq              x11, x12, 34        x11:00e00080 x12:00e00080
16498013ns          294381 1c00818e 00008067 jalr             x0, x1, 0            x1:1c008a0a
16498073ns          294384 1c008a0a ff4493e3 bne              x9, x20, -26         x9:1c000ac4 x20:1c000ac8
16498133ns          294387 1c0089f0 0044a78b p.lw             x15, 4(x9!)         x15=f97fec69  x9=1c000ac8  x9:1c000ac4  PA:1c000ac4
16498451ns          294403 1c0089f4 0049a70b p.lw             x14, 4(x19!)        x14=89dae361 x19=1c000af0 x19:1c000aec  PA:1c000aec
16498769ns          294419 1c0089f8 68e79457 pv.and.b         x8, x15, x14         x8=895ae061 x15:f97fec69 x14:89dae361
16498789ns          294420 1c0089fc 0049260b p.lw             x12, 4(x18!)        x12=895ae061 x18=1c000b18 x18:1c000b14  PA:1c000b14
16499087ns          294435 1c008a00 008005b3 add              x11, x0, x8         x11=895ae061  x8:895ae061
16499107ns          294436 1c008a02 044a8513 addi             x10, x21, 68        x10=1c000044 x21:1c000000
16499127ns          294437 1c008a06 f56ff0ef jal              x1, -2218            x1=1c008a0a
16499167ns          294439 1c00815c 1c0027b7 lui              x15, 0x1c002000     x15=1c002000
16499187ns          294440 1c008160 c7478793 addi             x15, x15, -908      x15=1c001c74 x15:1c002000
16499207ns          294441 1c008164 0007a703 lw               x14, 0(x15)         x14=00000153 x15:1c001c74  PA:1c001c74
16499505ns          294456 1c008166 00c006b3 add              x13, x0, x12        x13=895ae061 x12:895ae061
16499525ns          294457 1c008168 00170713 addi             x14, x14, 1         x14=00000154 x14:00000153
16499545ns          294458 1c00816a 00e7a023 sw               x14, 0(x15)         x14:00000154 x15:1c001c74  PA:1c001c74
16499863ns          294474 1c00816c 02c58163 beq              x11, x12, 34        x11:895ae061 x12:895ae061
16499923ns          294477 1c00818e 00008067 jalr             x0, x1, 0            x1:1c008a0a
16499983ns          294480 1c008a0a ff4493e3 bne              x9, x20, -26         x9:1c000ac8 x20:1c000ac8
16500002ns          294481 1c008a0e 1c0014b7 lui              x9, 0x1c001000       x9=1c001000
16500022ns          294482 1c008a12 b1848493 addi             x9, x9, -1256        x9=1c000b18  x9:1c001000
16500042ns          294483 1c008a16 1c0019b7 lui              x19, 0x1c001000     x19=1c001000
16500062ns          294484 1c008a1a 1c001937 lui              x18, 0x1c001000     x18=1c001000
16500500ns          294506 1c008a1e b4098993 addi             x19, x19, -1216     x19=1c000b40 x19:1c001000
16500540ns          294508 1c008a22 b6890913 addi             x18, x18, -1176     x18=1c000b68 x18:1c001000
16500559ns          294509 1c008a26 02848a13 addi             x20, x9, 40         x20=1c000b40  x9:1c000b18
16500579ns          294510 1c008a2a 1c000ab7 lui              x21, 0x1c000000     x21=1c000000
16501017ns          294532 1c008a2e 0044a78b p.lw             x15, 4(x9!)         x15=e48b3778  x9=1c000b1c  x9:1c000b18  PA:1c000b18
16501335ns          294548 1c008a32 0049a70b p.lw             x14, 4(x19!)        x14=ccc46aed x19=1c000b44 x19:1c000b40  PA:1c000b40
16501673ns          294565 1c008a36 68e7d457 pv.and.sc.b      x8, x15, x14         x8=e4892568 x15:e48b3778 x14:edededed
16501693ns          294566 1c008a3a 0049260b p.lw             x12, 4(x18!)        x12=e4892568 x18=1c000b6c x18:1c000b68  PA:1c000b68
16502011ns          294582 1c008a3e 008005b3 add              x11, x0, x8         x11=e4892568  x8:e4892568
16502031ns          294583 1c008a40 050a8513 addi             x10, x21, 80        x10=1c000050 x21:1c000000
16502051ns          294584 1c008a44 f18ff0ef jal              x1, -2280            x1=1c008a48
16502091ns          294586 1c00815c 1c0027b7 lui              x15, 0x1c002000     x15=1c002000
16502111ns          294587 1c008160 c7478793 addi             x15, x15, -908      x15=1c001c74 x15:1c002000
16502131ns          294588 1c008164 0007a703 lw               x14, 0(x15)         x14=00000154 x15:1c001c74  PA:1c001c74
16502429ns          294603 1c008166 00c006b3 add              x13, x0, x12        x13=e4892568 x12:e4892568
16502449ns          294604 1c008168 00170713 addi             x14, x14, 1         x14=00000155 x14:00000154
16502469ns          294605 1c00816a 00e7a023 sw               x14, 0(x15)         x14:00000155 x15:1c001c74  PA:1c001c74
16502787ns          294621 1c00816c 02c58163 beq              x11, x12, 34        x11:e4892568 x12:e4892568
16502847ns          294624 1c00818e 00008067 jalr             x0, x1, 0            x1:1c008a48
16502887ns          294626 1c008a48 fe9a13e3 bne              x20, x9, -26        x20:1c000b40  x9:1c000b1c
16503404ns          294652 1c008a2e 0044a78b p.lw             x15, 4(x9!)         x15=0d96b284  x9=1c000b20  x9:1c000b1c  PA:1c000b1c
16503702ns          294667 1c008a32 0049a70b p.lw             x14, 4(x19!)        x14=8b596f00 x19=1c000b48 x19:1c000b44  PA:1c000b44
16504040ns          294684 1c008a36 68e7d457 pv.and.sc.b      x8, x15, x14         x8=00000000 x15:0d96b284 x14:00000000
16504060ns          294685 1c008a3a 0049260b p.lw             x12, 4(x18!)        x12=00000000 x18=1c000b70 x18:1c000b6c  PA:1c000b6c
16504359ns          294700 1c008a3e 008005b3 add              x11, x0, x8         x11=00000000  x8:00000000
16504378ns          294701 1c008a40 050a8513 addi             x10, x21, 80        x10=1c000050 x21:1c000000
16504398ns          294702 1c008a44 f18ff0ef jal              x1, -2280            x1=1c008a48
16504438ns          294704 1c00815c 1c0027b7 lui              x15, 0x1c002000     x15=1c002000
16504458ns          294705 1c008160 c7478793 addi             x15, x15, -908      x15=1c001c74 x15:1c002000
16504478ns          294706 1c008164 0007a703 lw               x14, 0(x15)         x14=00000155 x15:1c001c74  PA:1c001c74
16504796ns          294722 1c008166 00c006b3 add              x13, x0, x12        x13=00000000 x12:00000000
16504816ns          294723 1c008168 00170713 addi             x14, x14, 1         x14=00000156 x14:00000155
16504836ns          294724 1c00816a 00e7a023 sw               x14, 0(x15)         x14:00000156 x15:1c001c74  PA:1c001c74
16505154ns          294740 1c00816c 02c58163 beq              x11, x12, 34        x11:00000000 x12:00000000
16505214ns          294743 1c00818e 00008067 jalr             x0, x1, 0            x1:1c008a48
16505254ns          294745 1c008a48 fe9a13e3 bne              x20, x9, -26        x20:1c000b40  x9:1c000b20
16505333ns          294749 1c008a2e 0044a78b p.lw             x15, 4(x9!)         x15=c9672cbf  x9=1c000b24  x9:1c000b20  PA:1c000b20
16505632ns          294764 1c008a32 0049a70b p.lw             x14, 4(x19!)        x14=6ac7706f x19=1c000b4c x19:1c000b48  PA:1c000b48
16505950ns          294780 1c008a36 68e7d457 pv.and.sc.b      x8, x15, x14         x8=49672c2f x15:c9672cbf x14:6f6f6f6f
16505970ns          294781 1c008a3a 0049260b p.lw             x12, 4(x18!)        x12=49672c2f x18=1c000b74 x18:1c000b70  PA:1c000b70
16506288ns          294797 1c008a3e 008005b3 add              x11, x0, x8         x11=49672c2f  x8:49672c2f
16506308ns          294798 1c008a40 050a8513 addi             x10, x21, 80        x10=1c000050 x21:1c000000
16506328ns          294799 1c008a44 f18ff0ef jal              x1, -2280            x1=1c008a48
16506368ns          294801 1c00815c 1c0027b7 lui              x15, 0x1c002000     x15=1c002000
16506387ns          294802 1c008160 c7478793 addi             x15, x15, -908      x15=1c001c74 x15:1c002000
16506407ns          294803 1c008164 0007a703 lw               x14, 0(x15)         x14=00000156 x15:1c001c74  PA:1c001c74
16506706ns          294818 1c008166 00c006b3 add              x13, x0, x12        x13=49672c2f x12:49672c2f
16506726ns          294819 1c008168 00170713 addi             x14, x14, 1         x14=00000157 x14:00000156
16506745ns          294820 1c00816a 00e7a023 sw               x14, 0(x15)         x14:00000157 x15:1c001c74  PA:1c001c74
16507064ns          294836 1c00816c 02c58163 beq              x11, x12, 34        x11:49672c2f x12:49672c2f
16507123ns          294839 1c00818e 00008067 jalr             x0, x1, 0            x1:1c008a48
16507163ns          294841 1c008a48 fe9a13e3 bne              x20, x9, -26        x20:1c000b40  x9:1c000b24
16507243ns          294845 1c008a2e 0044a78b p.lw             x15, 4(x9!)         x15=7fa1e59f  x9=1c000b28  x9:1c000b24  PA:1c000b24
16507561ns          294861 1c008a32 0049a70b p.lw             x14, 4(x19!)        x14=86067311 x19=1c000b50 x19:1c000b4c  PA:1c000b4c
16507879ns          294877 1c008a36 68e7d457 pv.and.sc.b      x8, x15, x14         x8=11010111 x15:7fa1e59f x14:11111111
16507899ns          294878 1c008a3a 0049260b p.lw             x12, 4(x18!)        x12=11010111 x18=1c000b78 x18:1c000b74  PA:1c000b74
16508197ns          294893 1c008a3e 008005b3 add              x11, x0, x8         x11=11010111  x8:11010111
16508217ns          294894 1c008a40 050a8513 addi             x10, x21, 80        x10=1c000050 x21:1c000000
16508237ns          294895 1c008a44 f18ff0ef jal              x1, -2280            x1=1c008a48
16508277ns          294897 1c00815c 1c0027b7 lui              x15, 0x1c002000     x15=1c002000
16508297ns          294898 1c008160 c7478793 addi             x15, x15, -908      x15=1c001c74 x15:1c002000
16508317ns          294899 1c008164 0007a703 lw               x14, 0(x15)         x14=00000157 x15:1c001c74  PA:1c001c74
16508615ns          294914 1c008166 00c006b3 add              x13, x0, x12        x13=11010111 x12:11010111
16508635ns          294915 1c008168 00170713 addi             x14, x14, 1         x14=00000158 x14:00000157
16508655ns          294916 1c00816a 00e7a023 sw               x14, 0(x15)         x14:00000158 x15:1c001c74  PA:1c001c74
16508973ns          294932 1c00816c 02c58163 beq              x11, x12, 34        x11:11010111 x12:11010111
16509033ns          294935 1c00818e 00008067 jalr             x0, x1, 0            x1:1c008a48
16509073ns          294937 1c008a48 fe9a13e3 bne              x20, x9, -26        x20:1c000b40  x9:1c000b28
16509152ns          294941 1c008a2e 0044a78b p.lw             x15, 4(x9!)         x15=81d186c1  x9=1c000b2c  x9:1c000b28  PA:1c000b28
16509451ns          294956 1c008a32 0049a70b p.lw             x14, 4(x19!)        x14=845297ad x19=1c000b54 x19:1c000b50  PA:1c000b50
16509769ns          294972 1c008a36 68e7d457 pv.and.sc.b      x8, x15, x14         x8=81818481 x15:81d186c1 x14:adadadad
16509789ns          294973 1c008a3a 0049260b p.lw             x12, 4(x18!)        x12=81818481 x18=1c000b7c x18:1c000b78  PA:1c000b78
16510107ns          294989 1c008a3e 008005b3 add              x11, x0, x8         x11=81818481  x8:81818481
16510127ns          294990 1c008a40 050a8513 addi             x10, x21, 80        x10=1c000050 x21:1c000000
16510147ns          294991 1c008a44 f18ff0ef jal              x1, -2280            x1=1c008a48
16510187ns          294993 1c00815c 1c0027b7 lui              x15, 0x1c002000     x15=1c002000
16510206ns          294994 1c008160 c7478793 addi             x15, x15, -908      x15=1c001c74 x15:1c002000
16510226ns          294995 1c008164 0007a703 lw               x14, 0(x15)         x14=00000158 x15:1c001c74  PA:1c001c74
16510525ns          295010 1c008166 00c006b3 add              x13, x0, x12        x13=81818481 x12:81818481
16510545ns          295011 1c008168 00170713 addi             x14, x14, 1         x14=00000159 x14:00000158
16510564ns          295012 1c00816a 00e7a023 sw               x14, 0(x15)         x14:00000159 x15:1c001c74  PA:1c001c74
16510883ns          295028 1c00816c 02c58163 beq              x11, x12, 34        x11:81818481 x12:81818481
16510942ns          295031 1c00818e 00008067 jalr             x0, x1, 0            x1:1c008a48
16510982ns          295033 1c008a48 fe9a13e3 bne              x20, x9, -26        x20:1c000b40  x9:1c000b2c
16511062ns          295037 1c008a2e 0044a78b p.lw             x15, 4(x9!)         x15=59494958  x9=1c000b30  x9:1c000b2c  PA:1c000b2c
16511380ns          295053 1c008a32 0049a70b p.lw             x14, 4(x19!)        x14=05161625 x19=1c000b58 x19:1c000b54  PA:1c000b54
16511698ns          295069 1c008a36 68e7d457 pv.and.sc.b      x8, x15, x14         x8=01010100 x15:59494958 x14:25252525
16511718ns          295070 1c008a3a 0049260b p.lw             x12, 4(x18!)        x12=01010100 x18=1c000b80 x18:1c000b7c  PA:1c000b7c
16512016ns          295085 1c008a3e 008005b3 add              x11, x0, x8         x11=01010100  x8:01010100
16512036ns          295086 1c008a40 050a8513 addi             x10, x21, 80        x10=1c000050 x21:1c000000
16512056ns          295087 1c008a44 f18ff0ef jal              x1, -2280            x1=1c008a48
16512096ns          295089 1c00815c 1c0027b7 lui              x15, 0x1c002000     x15=1c002000
16512116ns          295090 1c008160 c7478793 addi             x15, x15, -908      x15=1c001c74 x15:1c002000
16512136ns          295091 1c008164 0007a703 lw               x14, 0(x15)         x14=00000159 x15:1c001c74  PA:1c001c74
16512434ns          295106 1c008166 00c006b3 add              x13, x0, x12        x13=01010100 x12:01010100
16512454ns          295107 1c008168 00170713 addi             x14, x14, 1         x14=0000015a x14:00000159
16512474ns          295108 1c00816a 00e7a023 sw               x14, 0(x15)         x14:0000015a x15:1c001c74  PA:1c001c74
16512792ns          295124 1c00816c 02c58163 beq              x11, x12, 34        x11:01010100 x12:01010100
16512852ns          295127 1c00818e 00008067 jalr             x0, x1, 0            x1:1c008a48
16512892ns          295129 1c008a48 fe9a13e3 bne              x20, x9, -26        x20:1c000b40  x9:1c000b30
16512971ns          295133 1c008a2e 0044a78b p.lw             x15, 4(x9!)         x15=afec426f  x9=1c000b34  x9:1c000b30  PA:1c000b30
16513270ns          295148 1c008a32 0049a70b p.lw             x14, 4(x19!)        x14=46657ab9 x19=1c000b5c x19:1c000b58  PA:1c000b58
16513588ns          295164 1c008a36 68e7d457 pv.and.sc.b      x8, x15, x14         x8=a9a80029 x15:afec426f x14:b9b9b9b9
16513608ns          295165 1c008a3a 0049260b p.lw             x12, 4(x18!)        x12=a9a80029 x18=1c000b84 x18:1c000b80  PA:1c000b80
16513906ns          295180 1c008a3e 008005b3 add              x11, x0, x8         x11=a9a80029  x8:a9a80029
16513926ns          295181 1c008a40 050a8513 addi             x10, x21, 80        x10=1c000050 x21:1c000000
16513946ns          295182 1c008a44 f18ff0ef jal              x1, -2280            x1=1c008a48
16513986ns          295184 1c00815c 1c0027b7 lui              x15, 0x1c002000     x15=1c002000
16514006ns          295185 1c008160 c7478793 addi             x15, x15, -908      x15=1c001c74 x15:1c002000
16514025ns          295186 1c008164 0007a703 lw               x14, 0(x15)         x14=0000015a x15:1c001c74  PA:1c001c74
16514344ns          295202 1c008166 00c006b3 add              x13, x0, x12        x13=a9a80029 x12:a9a80029
16514364ns          295203 1c008168 00170713 addi             x14, x14, 1         x14=0000015b x14:0000015a
16514383ns          295204 1c00816a 00e7a023 sw               x14, 0(x15)         x14:0000015b x15:1c001c74  PA:1c001c74
16514702ns          295220 1c00816c 02c58163 beq              x11, x12, 34        x11:a9a80029 x12:a9a80029
16514761ns          295223 1c00818e 00008067 jalr             x0, x1, 0            x1:1c008a48
16514801ns          295225 1c008a48 fe9a13e3 bne              x20, x9, -26        x20:1c000b40  x9:1c000b34
16514881ns          295229 1c008a2e 0044a78b p.lw             x15, 4(x9!)         x15=06f50bd4  x9=1c000b38  x9:1c000b34  PA:1c000b34
16515179ns          295244 1c008a32 0049a70b p.lw             x14, 4(x19!)        x14=4d288707 x19=1c000b60 x19:1c000b5c  PA:1c000b5c
16515497ns          295260 1c008a36 68e7d457 pv.and.sc.b      x8, x15, x14         x8=06050304 x15:06f50bd4 x14:07070707
16515517ns          295261 1c008a3a 0049260b p.lw             x12, 4(x18!)        x12=06050304 x18=1c000b88 x18:1c000b84  PA:1c000b84
16515816ns          295276 1c008a3e 008005b3 add              x11, x0, x8         x11=06050304  x8:06050304
16515836ns          295277 1c008a40 050a8513 addi             x10, x21, 80        x10=1c000050 x21:1c000000
16515855ns          295278 1c008a44 f18ff0ef jal              x1, -2280            x1=1c008a48
16515895ns          295280 1c00815c 1c0027b7 lui              x15, 0x1c002000     x15=1c002000
16515915ns          295281 1c008160 c7478793 addi             x15, x15, -908      x15=1c001c74 x15:1c002000
16515935ns          295282 1c008164 0007a703 lw               x14, 0(x15)         x14=0000015b x15:1c001c74  PA:1c001c74
16516233ns          295297 1c008166 00c006b3 add              x13, x0, x12        x13=06050304 x12:06050304
16516253ns          295298 1c008168 00170713 addi             x14, x14, 1         x14=0000015c x14:0000015b
16516273ns          295299 1c00816a 00e7a023 sw               x14, 0(x15)         x14:0000015c x15:1c001c74  PA:1c001c74
16516591ns          295315 1c00816c 02c58163 beq              x11, x12, 34        x11:06050304 x12:06050304
16516651ns          295318 1c00818e 00008067 jalr             x0, x1, 0            x1:1c008a48
16516691ns          295320 1c008a48 fe9a13e3 bne              x20, x9, -26        x20:1c000b40  x9:1c000b38
16516770ns          295324 1c008a2e 0044a78b p.lw             x15, 4(x9!)         x15=44ce65e9  x9=1c000b3c  x9:1c000b38  PA:1c000b38
16517069ns          295339 1c008a32 0049a70b p.lw             x14, 4(x19!)        x14=104f8d78 x19=1c000b64 x19:1c000b60  PA:1c000b60
16517387ns          295355 1c008a36 68e7d457 pv.and.sc.b      x8, x15, x14         x8=40486068 x15:44ce65e9 x14:78787878
16517407ns          295356 1c008a3a 0049260b p.lw             x12, 4(x18!)        x12=40486068 x18=1c000b8c x18:1c000b88  PA:1c000b88
16517725ns          295372 1c008a3e 008005b3 add              x11, x0, x8         x11=40486068  x8:40486068
16517745ns          295373 1c008a40 050a8513 addi             x10, x21, 80        x10=1c000050 x21:1c000000
16517765ns          295374 1c008a44 f18ff0ef jal              x1, -2280            x1=1c008a48
16517805ns          295376 1c00815c 1c0027b7 lui              x15, 0x1c002000     x15=1c002000
16517825ns          295377 1c008160 c7478793 addi             x15, x15, -908      x15=1c001c74 x15:1c002000
16517844ns          295378 1c008164 0007a703 lw               x14, 0(x15)         x14=0000015c x15:1c001c74  PA:1c001c74
16518163ns          295394 1c008166 00c006b3 add              x13, x0, x12        x13=40486068 x12:40486068
16518183ns          295395 1c008168 00170713 addi             x14, x14, 1         x14=0000015d x14:0000015c
16518203ns          295396 1c00816a 00e7a023 sw               x14, 0(x15)         x14:0000015d x15:1c001c74  PA:1c001c74
16518521ns          295412 1c00816c 02c58163 beq              x11, x12, 34        x11:40486068 x12:40486068
16518580ns          295415 1c00818e 00008067 jalr             x0, x1, 0            x1:1c008a48
16518620ns          295417 1c008a48 fe9a13e3 bne              x20, x9, -26        x20:1c000b40  x9:1c000b3c
16518700ns          295421 1c008a2e 0044a78b p.lw             x15, 4(x9!)         x15=bc154482  x9=1c000b40  x9:1c000b3c  PA:1c000b3c
16518998ns          295436 1c008a32 0049a70b p.lw             x14, 4(x19!)        x14=eb6927a5 x19=1c000b68 x19:1c000b64  PA:1c000b64
16519316ns          295452 1c008a36 68e7d457 pv.and.sc.b      x8, x15, x14         x8=a4050480 x15:bc154482 x14:a5a5a5a5
16519336ns          295453 1c008a3a 0049260b p.lw             x12, 4(x18!)        x12=a4050480 x18=1c000b90 x18:1c000b8c  PA:1c000b8c
16519635ns          295468 1c008a3e 008005b3 add              x11, x0, x8         x11=a4050480  x8:a4050480
16519655ns          295469 1c008a40 050a8513 addi             x10, x21, 80        x10=1c000050 x21:1c000000
16519674ns          295470 1c008a44 f18ff0ef jal              x1, -2280            x1=1c008a48
16519714ns          295472 1c00815c 1c0027b7 lui              x15, 0x1c002000     x15=1c002000
16519734ns          295473 1c008160 c7478793 addi             x15, x15, -908      x15=1c001c74 x15:1c002000
16519754ns          295474 1c008164 0007a703 lw               x14, 0(x15)         x14=0000015d x15:1c001c74  PA:1c001c74
16520052ns          295489 1c008166 00c006b3 add              x13, x0, x12        x13=a4050480 x12:a4050480
16520072ns          295490 1c008168 00170713 addi             x14, x14, 1         x14=0000015e x14:0000015d
16520092ns          295491 1c00816a 00e7a023 sw               x14, 0(x15)         x14:0000015e x15:1c001c74  PA:1c001c74
16520410ns          295507 1c00816c 02c58163 beq              x11, x12, 34        x11:a4050480 x12:a4050480
16520470ns          295510 1c00818e 00008067 jalr             x0, x1, 0            x1:1c008a48
16520510ns          295512 1c008a48 fe9a13e3 bne              x20, x9, -26        x20:1c000b40  x9:1c000b40
16520530ns          295513 1c008a4c 1c0014b7 lui              x9, 0x1c001000       x9=1c001000
16520550ns          295514 1c008a50 b9048493 addi             x9, x9, -1136        x9=1c000b90  x9:1c001000
16520570ns          295515 1c008a54 1c001937 lui              x18, 0x1c001000     x18=1c001000
16520589ns          295516 1c008a58 bb890913 addi             x18, x18, -1096     x18=1c000bb8 x18:1c001000
16520609ns          295517 1c008a5c 02848993 addi             x19, x9, 40         x19=1c000bb8  x9:1c000b90
16521047ns          295539 1c008a60 1c000a37 lui              x20, 0x1c000000     x20=1c000000
16521087ns          295541 1c008a64 0044a78b p.lw             x15, 4(x9!)         x15=8f29c848  x9=1c000b94  x9:1c000b90  PA:1c000b90
16521405ns          295557 1c008a68 6a57f457 pv.and.sci.b     x8, x15, 0x11        x8=0b090808 x15:8f29c848
16521425ns          295558 1c008a6c 0049260b p.lw             x12, 4(x18!)        x12=0b090808 x18=1c000bbc x18:1c000bb8  PA:1c000bb8
16521763ns          295575 1c008a70 008005b3 add              x11, x0, x8         x11=0b090808  x8:0b090808
16521783ns          295576 1c008a72 05ca0513 addi             x10, x20, 92        x10=1c00005c x20:1c000000
16521803ns          295577 1c008a76 ee6ff0ef jal              x1, -2330            x1=1c008a7a
16521843ns          295579 1c00815c 1c0027b7 lui              x15, 0x1c002000     x15=1c002000
16521862ns          295580 1c008160 c7478793 addi             x15, x15, -908      x15=1c001c74 x15:1c002000
16521882ns          295581 1c008164 0007a703 lw               x14, 0(x15)         x14=0000015e x15:1c001c74  PA:1c001c74
16522181ns          295596 1c008166 00c006b3 add              x13, x0, x12        x13=0b090808 x12:0b090808
16522201ns          295597 1c008168 00170713 addi             x14, x14, 1         x14=0000015f x14:0000015e
16522220ns          295598 1c00816a 00e7a023 sw               x14, 0(x15)         x14:0000015f x15:1c001c74  PA:1c001c74
16522539ns          295614 1c00816c 02c58163 beq              x11, x12, 34        x11:0b090808 x12:0b090808
16522598ns          295617 1c00818e 00008067 jalr             x0, x1, 0            x1:1c008a7a
16522658ns          295620 1c008a7a fe9995e3 bne              x19, x9, -22        x19:1c000bb8  x9:1c000b94
16523135ns          295644 1c008a64 0044a78b p.lw             x15, 4(x9!)         x15=30ea9d78  x9=1c000b98  x9:1c000b94  PA:1c000b94
16523454ns          295660 1c008a68 6a57f457 pv.and.sci.b     x8, x15, 0x11        x8=000a0908 x15:30ea9d78
16523474ns          295661 1c008a6c 0049260b p.lw             x12, 4(x18!)        x12=000a0908 x18=1c000bc0 x18:1c000bbc  PA:1c000bbc
16523772ns          295676 1c008a70 008005b3 add              x11, x0, x8         x11=000a0908  x8:000a0908
16523792ns          295677 1c008a72 05ca0513 addi             x10, x20, 92        x10=1c00005c x20:1c000000
16523812ns          295678 1c008a76 ee6ff0ef jal              x1, -2330            x1=1c008a7a
16523851ns          295680 1c00815c 1c0027b7 lui              x15, 0x1c002000     x15=1c002000
16523871ns          295681 1c008160 c7478793 addi             x15, x15, -908      x15=1c001c74 x15:1c002000
16523891ns          295682 1c008164 0007a703 lw               x14, 0(x15)         x14=0000015f x15:1c001c74  PA:1c001c74
16524190ns          295697 1c008166 00c006b3 add              x13, x0, x12        x13=000a0908 x12:000a0908
16524210ns          295698 1c008168 00170713 addi             x14, x14, 1         x14=00000160 x14:0000015f
16524229ns          295699 1c00816a 00e7a023 sw               x14, 0(x15)         x14:00000160 x15:1c001c74  PA:1c001c74
16524548ns          295715 1c00816c 02c58163 beq              x11, x12, 34        x11:000a0908 x12:000a0908
16524607ns          295718 1c00818e 00008067 jalr             x0, x1, 0            x1:1c008a7a
16524667ns          295721 1c008a7a fe9995e3 bne              x19, x9, -22        x19:1c000bb8  x9:1c000b98
16524727ns          295724 1c008a64 0044a78b p.lw             x15, 4(x9!)         x15=83743c41  x9=1c000b9c  x9:1c000b98  PA:1c000b98
16525065ns          295741 1c008a68 6a57f457 pv.and.sci.b     x8, x15, 0x11        x8=03000801 x15:83743c41
16525085ns          295742 1c008a6c 0049260b p.lw             x12, 4(x18!)        x12=03000801 x18=1c000bc4 x18:1c000bc0  PA:1c000bc0
16525383ns          295757 1c008a70 008005b3 add              x11, x0, x8         x11=03000801  x8:03000801
16525403ns          295758 1c008a72 05ca0513 addi             x10, x20, 92        x10=1c00005c x20:1c000000
16525423ns          295759 1c008a76 ee6ff0ef jal              x1, -2330            x1=1c008a7a
16525463ns          295761 1c00815c 1c0027b7 lui              x15, 0x1c002000     x15=1c002000
16525483ns          295762 1c008160 c7478793 addi             x15, x15, -908      x15=1c001c74 x15:1c002000
16525502ns          295763 1c008164 0007a703 lw               x14, 0(x15)         x14=00000160 x15:1c001c74  PA:1c001c74
16525801ns          295778 1c008166 00c006b3 add              x13, x0, x12        x13=03000801 x12:03000801
16525821ns          295779 1c008168 00170713 addi             x14, x14, 1         x14=00000161 x14:00000160
16525841ns          295780 1c00816a 00e7a023 sw               x14, 0(x15)         x14:00000161 x15:1c001c74  PA:1c001c74
16526179ns          295797 1c00816c 02c58163 beq              x11, x12, 34        x11:03000801 x12:03000801
16526238ns          295800 1c00818e 00008067 jalr             x0, x1, 0            x1:1c008a7a
16526298ns          295803 1c008a7a fe9995e3 bne              x19, x9, -22        x19:1c000bb8  x9:1c000b9c
16526358ns          295806 1c008a64 0044a78b p.lw             x15, 4(x9!)         x15=669f2c15  x9=1c000ba0  x9:1c000b9c  PA:1c000b9c
16526676ns          295822 1c008a68 6a57f457 pv.and.sci.b     x8, x15, 0x11        x8=020b0801 x15:669f2c15
16526696ns          295823 1c008a6c 0049260b p.lw             x12, 4(x18!)        x12=020b0801 x18=1c000bc8 x18:1c000bc4  PA:1c000bc4
16527014ns          295839 1c008a70 008005b3 add              x11, x0, x8         x11=020b0801  x8:020b0801
16527034ns          295840 1c008a72 05ca0513 addi             x10, x20, 92        x10=1c00005c x20:1c000000
16527054ns          295841 1c008a76 ee6ff0ef jal              x1, -2330            x1=1c008a7a
16527094ns          295843 1c00815c 1c0027b7 lui              x15, 0x1c002000     x15=1c002000
16527114ns          295844 1c008160 c7478793 addi             x15, x15, -908      x15=1c001c74 x15:1c002000
16527133ns          295845 1c008164 0007a703 lw               x14, 0(x15)         x14=00000161 x15:1c001c74  PA:1c001c74
16527452ns          295861 1c008166 00c006b3 add              x13, x0, x12        x13=020b0801 x12:020b0801
16527472ns          295862 1c008168 00170713 addi             x14, x14, 1         x14=00000162 x14:00000161
16527491ns          295863 1c00816a 00e7a023 sw               x14, 0(x15)         x14:00000162 x15:1c001c74  PA:1c001c74
16527810ns          295879 1c00816c 02c58163 beq              x11, x12, 34        x11:020b0801 x12:020b0801
16527869ns          295882 1c00818e 00008067 jalr             x0, x1, 0            x1:1c008a7a
16527929ns          295885 1c008a7a fe9995e3 bne              x19, x9, -22        x19:1c000bb8  x9:1c000ba0
16527989ns          295888 1c008a64 0044a78b p.lw             x15, 4(x9!)         x15=013f3bbc  x9=1c000ba4  x9:1c000ba0  PA:1c000ba0
16528307ns          295904 1c008a68 6a57f457 pv.and.sci.b     x8, x15, 0x11        x8=010b0b08 x15:013f3bbc
16528327ns          295905 1c008a6c 0049260b p.lw             x12, 4(x18!)        x12=010b0b08 x18=1c000bcc x18:1c000bc8  PA:1c000bc8
16528645ns          295921 1c008a70 008005b3 add              x11, x0, x8         x11=010b0b08  x8:010b0b08
16528665ns          295922 1c008a72 05ca0513 addi             x10, x20, 92        x10=1c00005c x20:1c000000
16528685ns          295923 1c008a76 ee6ff0ef jal              x1, -2330            x1=1c008a7a
16528725ns          295925 1c00815c 1c0027b7 lui              x15, 0x1c002000     x15=1c002000
16528745ns          295926 1c008160 c7478793 addi             x15, x15, -908      x15=1c001c74 x15:1c002000
16528764ns          295927 1c008164 0007a703 lw               x14, 0(x15)         x14=00000162 x15:1c001c74  PA:1c001c74
16529063ns          295942 1c008166 00c006b3 add              x13, x0, x12        x13=010b0b08 x12:010b0b08
16529083ns          295943 1c008168 00170713 addi             x14, x14, 1         x14=00000163 x14:00000162
16529103ns          295944 1c00816a 00e7a023 sw               x14, 0(x15)         x14:00000163 x15:1c001c74  PA:1c001c74
16529421ns          295960 1c00816c 02c58163 beq              x11, x12, 34        x11:010b0b08 x12:010b0b08
16529481ns          295963 1c00818e 00008067 jalr             x0, x1, 0            x1:1c008a7a
16529540ns          295966 1c008a7a fe9995e3 bne              x19, x9, -22        x19:1c000bb8  x9:1c000ba4
16529600ns          295969 1c008a64 0044a78b p.lw             x15, 4(x9!)         x15=6036af49  x9=1c000ba8  x9:1c000ba4  PA:1c000ba4
16529918ns          295985 1c008a68 6a57f457 pv.and.sci.b     x8, x15, 0x11        x8=00020b09 x15:6036af49
16529938ns          295986 1c008a6c 0049260b p.lw             x12, 4(x18!)        x12=00020b09 x18=1c000bd0 x18:1c000bcc  PA:1c000bcc
16530236ns          296001 1c008a70 008005b3 add              x11, x0, x8         x11=00020b09  x8:00020b09
16530256ns          296002 1c008a72 05ca0513 addi             x10, x20, 92        x10=1c00005c x20:1c000000
16530276ns          296003 1c008a76 ee6ff0ef jal              x1, -2330            x1=1c008a7a
16530316ns          296005 1c00815c 1c0027b7 lui              x15, 0x1c002000     x15=1c002000
16530336ns          296006 1c008160 c7478793 addi             x15, x15, -908      x15=1c001c74 x15:1c002000
16530356ns          296007 1c008164 0007a703 lw               x14, 0(x15)         x14=00000163 x15:1c001c74  PA:1c001c74
16530654ns          296022 1c008166 00c006b3 add              x13, x0, x12        x13=00020b09 x12:00020b09
16530674ns          296023 1c008168 00170713 addi             x14, x14, 1         x14=00000164 x14:00000163
16530694ns          296024 1c00816a 00e7a023 sw               x14, 0(x15)         x14:00000164 x15:1c001c74  PA:1c001c74
16531012ns          296040 1c00816c 02c58163 beq              x11, x12, 34        x11:00020b09 x12:00020b09
16531072ns          296043 1c00818e 00008067 jalr             x0, x1, 0            x1:1c008a7a
16531131ns          296046 1c008a7a fe9995e3 bne              x19, x9, -22        x19:1c000bb8  x9:1c000ba8
16531191ns          296049 1c008a64 0044a78b p.lw             x15, 4(x9!)         x15=62347b2d  x9=1c000bac  x9:1c000ba8  PA:1c000ba8
16531509ns          296065 1c008a68 6a57f457 pv.and.sci.b     x8, x15, 0x11        x8=02000b09 x15:62347b2d
16531529ns          296066 1c008a6c 0049260b p.lw             x12, 4(x18!)        x12=02000b09 x18=1c000bd4 x18:1c000bd0  PA:1c000bd0
16531828ns          296081 1c008a70 008005b3 add              x11, x0, x8         x11=02000b09  x8:02000b09
16531848ns          296082 1c008a72 05ca0513 addi             x10, x20, 92        x10=1c00005c x20:1c000000
16531867ns          296083 1c008a76 ee6ff0ef jal              x1, -2330            x1=1c008a7a
16531907ns          296085 1c00815c 1c0027b7 lui              x15, 0x1c002000     x15=1c002000
16531927ns          296086 1c008160 c7478793 addi             x15, x15, -908      x15=1c001c74 x15:1c002000
16531947ns          296087 1c008164 0007a703 lw               x14, 0(x15)         x14=00000164 x15:1c001c74  PA:1c001c74
16532245ns          296102 1c008166 00c006b3 add              x13, x0, x12        x13=02000b09 x12:02000b09
16532265ns          296103 1c008168 00170713 addi             x14, x14, 1         x14=00000165 x14:00000164
16532285ns          296104 1c00816a 00e7a023 sw               x14, 0(x15)         x14:00000165 x15:1c001c74  PA:1c001c74
16532603ns          296120 1c00816c 02c58163 beq              x11, x12, 34        x11:02000b09 x12:02000b09
16532663ns          296123 1c00818e 00008067 jalr             x0, x1, 0            x1:1c008a7a
16532723ns          296126 1c008a7a fe9995e3 bne              x19, x9, -22        x19:1c000bb8  x9:1c000bac
16532782ns          296129 1c008a64 0044a78b p.lw             x15, 4(x9!)         x15=9a8c0f6e  x9=1c000bb0  x9:1c000bac  PA:1c000bac
16533121ns          296146 1c008a68 6a57f457 pv.and.sci.b     x8, x15, 0x11        x8=0a080b0a x15:9a8c0f6e
16533140ns          296147 1c008a6c 0049260b p.lw             x12, 4(x18!)        x12=0a080b0a x18=1c000bd8 x18:1c000bd4  PA:1c000bd4
16533439ns          296162 1c008a70 008005b3 add              x11, x0, x8         x11=0a080b0a  x8:0a080b0a
16533459ns          296163 1c008a72 05ca0513 addi             x10, x20, 92        x10=1c00005c x20:1c000000
16533479ns          296164 1c008a76 ee6ff0ef jal              x1, -2330            x1=1c008a7a
16533518ns          296166 1c00815c 1c0027b7 lui              x15, 0x1c002000     x15=1c002000
16533538ns          296167 1c008160 c7478793 addi             x15, x15, -908      x15=1c001c74 x15:1c002000
16533558ns          296168 1c008164 0007a703 lw               x14, 0(x15)         x14=00000165 x15:1c001c74  PA:1c001c74
16533857ns          296183 1c008166 00c006b3 add              x13, x0, x12        x13=0a080b0a x12:0a080b0a
16533876ns          296184 1c008168 00170713 addi             x14, x14, 1         x14=00000166 x14:00000165
16533896ns          296185 1c00816a 00e7a023 sw               x14, 0(x15)         x14:00000166 x15:1c001c74  PA:1c001c74
16534234ns          296202 1c00816c 02c58163 beq              x11, x12, 34        x11:0a080b0a x12:0a080b0a
16534294ns          296205 1c00818e 00008067 jalr             x0, x1, 0            x1:1c008a7a
16534354ns          296208 1c008a7a fe9995e3 bne              x19, x9, -22        x19:1c000bb8  x9:1c000bb0
16534413ns          296211 1c008a64 0044a78b p.lw             x15, 4(x9!)         x15=3322c1f7  x9=1c000bb4  x9:1c000bb0  PA:1c000bb0
16534732ns          296227 1c008a68 6a57f457 pv.and.sci.b     x8, x15, 0x11        x8=03020103 x15:3322c1f7
16534752ns          296228 1c008a6c 0049260b p.lw             x12, 4(x18!)        x12=03020103 x18=1c000bdc x18:1c000bd8  PA:1c000bd8
16535070ns          296244 1c008a70 008005b3 add              x11, x0, x8         x11=03020103  x8:03020103
16535090ns          296245 1c008a72 05ca0513 addi             x10, x20, 92        x10=1c00005c x20:1c000000
16535110ns          296246 1c008a76 ee6ff0ef jal              x1, -2330            x1=1c008a7a
16535149ns          296248 1c00815c 1c0027b7 lui              x15, 0x1c002000     x15=1c002000
16535169ns          296249 1c008160 c7478793 addi             x15, x15, -908      x15=1c001c74 x15:1c002000
16535189ns          296250 1c008164 0007a703 lw               x14, 0(x15)         x14=00000166 x15:1c001c74  PA:1c001c74
16535507ns          296266 1c008166 00c006b3 add              x13, x0, x12        x13=03020103 x12:03020103
16535527ns          296267 1c008168 00170713 addi             x14, x14, 1         x14=00000167 x14:00000166
16535547ns          296268 1c00816a 00e7a023 sw               x14, 0(x15)         x14:00000167 x15:1c001c74  PA:1c001c74
16535865ns          296284 1c00816c 02c58163 beq              x11, x12, 34        x11:03020103 x12:03020103
16535925ns          296287 1c00818e 00008067 jalr             x0, x1, 0            x1:1c008a7a
16535985ns          296290 1c008a7a fe9995e3 bne              x19, x9, -22        x19:1c000bb8  x9:1c000bb4
16536045ns          296293 1c008a64 0044a78b p.lw             x15, 4(x9!)         x15=90f97c5c  x9=1c000bb8  x9:1c000bb4  PA:1c000bb4
16536363ns          296309 1c008a68 6a57f457 pv.and.sci.b     x8, x15, 0x11        x8=00090808 x15:90f97c5c
16536383ns          296310 1c008a6c 0049260b p.lw             x12, 4(x18!)        x12=00090808 x18=1c000be0 x18:1c000bdc  PA:1c000bdc
16536701ns          296326 1c008a70 008005b3 add              x11, x0, x8         x11=00090808  x8:00090808
16536721ns          296327 1c008a72 05ca0513 addi             x10, x20, 92        x10=1c00005c x20:1c000000
16536741ns          296328 1c008a76 ee6ff0ef jal              x1, -2330            x1=1c008a7a
16536780ns          296330 1c00815c 1c0027b7 lui              x15, 0x1c002000     x15=1c002000
16536800ns          296331 1c008160 c7478793 addi             x15, x15, -908      x15=1c001c74 x15:1c002000
16536820ns          296332 1c008164 0007a703 lw               x14, 0(x15)         x14=00000167 x15:1c001c74  PA:1c001c74
16537119ns          296347 1c008166 00c006b3 add              x13, x0, x12        x13=00090808 x12:00090808
16537138ns          296348 1c008168 00170713 addi             x14, x14, 1         x14=00000168 x14:00000167
16537158ns          296349 1c00816a 00e7a023 sw               x14, 0(x15)         x14:00000168 x15:1c001c74  PA:1c001c74
16537477ns          296365 1c00816c 02c58163 beq              x11, x12, 34        x11:00090808 x12:00090808
16537536ns          296368 1c00818e 00008067 jalr             x0, x1, 0            x1:1c008a7a
16537596ns          296371 1c008a7a fe9995e3 bne              x19, x9, -22        x19:1c000bb8  x9:1c000bb8
16537616ns          296372 1c008a7e 01c12083 lw               x1, 28(x2)           x1=1c008c4a  x2:100007c8  PA:100007e4
16537636ns          296373 1c008a80 01812403 lw               x8, 24(x2)           x8=00000000  x2:100007c8  PA:100007e0
16537656ns          296374 1c008a82 01412483 lw               x9, 20(x2)           x9=xxxxxxxx  x2:100007c8  PA:100007dc
16537676ns          296375 1c008a84 01012903 lw               x18, 16(x2)         x18=xxxxxxxx  x2:100007c8  PA:100007d8
16537695ns          296376 1c008a86 00c12983 lw               x19, 12(x2)         x19=xxxxxxxx  x2:100007c8  PA:100007d4
16537715ns          296377 1c008a88 00812a03 lw               x20, 8(x2)          x20=xxxxxxxx  x2:100007c8  PA:100007d0
16537735ns          296378 1c008a8a 00412a83 lw               x21, 4(x2)          x21=xxxxxxxx  x2:100007c8  PA:100007cc
16537755ns          296379 1c008a8c 02010113 addi             x2, x2, 32           x2=100007e8  x2:100007c8
16537775ns          296380 1c008a8e 00008067 jalr             x0, x1, 0            x1:1c008c4a
16538173ns          296400 1c008c4a e47ff0ef jal              x1, -442             x1=1c008c4c
16538213ns          296402 1c008a90 fe010113 addi             x2, x2, -32          x2=100007c8  x2:100007e8
16538232ns          296403 1c008a92 00812c23 sw               x8, 24(x2)           x8:00000000  x2:100007c8  PA:100007e0
16538252ns          296404 1c008a94 1c001437 lui              x8, 0x1c001000       x8=1c001000
16538272ns          296405 1c008a98 00912a23 sw               x9, 20(x2)           x9:xxxxxxxx  x2:100007c8  PA:100007dc
16538292ns          296406 1c008a9a 01212823 sw               x18, 16(x2)         x18:xxxxxxxx  x2:100007c8  PA:100007d8
16538312ns          296407 1c008a9c 01412423 sw               x20, 8(x2)          x20:xxxxxxxx  x2:100007c8  PA:100007d0
16538710ns          296427 1c008a9e f0040413 addi             x8, x8, -256         x8=1c000f00  x8:1c001000
16538750ns          296429 1c008aa2 1c001937 lui              x18, 0x1c001000     x18=1c001000
16538770ns          296430 1c008aa6 1c0014b7 lui              x9, 0x1c001000       x9=1c001000
16538789ns          296431 1c008aaa 1c000a37 lui              x20, 0x1c000000     x20=1c000000
16538809ns          296432 1c008aae 01312623 sw               x19, 12(x2)         x19:xxxxxxxx  x2:100007c8  PA:100007d4
16539227ns          296453 1c008ab0 01512223 sw               x21, 4(x2)          x21:xxxxxxxx  x2:100007c8  PA:100007cc
16539247ns          296454 1c008ab2 00112e23 sw               x1, 28(x2)           x1:1c008c4c  x2:100007c8  PA:100007e4
16539267ns          296455 1c008ab4 f2890913 addi             x18, x18, -216      x18=1c000f28 x18:1c001000
16539287ns          296456 1c008ab8 f5048493 addi             x9, x9, -176         x9=1c000f50  x9:1c001000
16539307ns          296457 1c008abc 02840a93 addi             x21, x8, 40         x21=1c000f28  x8:1c000f00
16539744ns          296479 1c008ac0 014009b3 add              x19, x0, x20        x19=1c000000 x20:1c000000
16539784ns          296481 1c008ac2 0044258b p.lw             x11, 4(x8!)         x11=3f264d3f  x8=1c000f04  x8:1c000f00  PA:1c000f00
16540082ns          296496 1c008ac6 0049278b p.lw             x15, 4(x18!)        x15=f1f6a4c6 x18=1c000f2c x18:1c000f28  PA:1c000f28
16540401ns          296512 1c008aca b007e5d7 pv.insert.sci.h  x11, x15, 0x0       x11=3f26a4c6 x15:f1f6a4c6
16540420ns          296513 1c008ace 0044a60b p.lw             x12, 4(x9!)         x12=3f26a4c6  x9=1c000f54  x9:1c000f50  PA:1c000f50
16540739ns          296529 1c008ad2 06ca0513 addi             x10, x20, 108       x10=1c00006c x20:1c000000
16540759ns          296530 1c008ad6 e86ff0ef jal              x1, -2426            x1=1c008ada
16540958ns          296540 1c00815c 1c0027b7 lui              x15, 0x1c002000     x15=1c002000
16540977ns          296541 1c008160 c7478793 addi             x15, x15, -908      x15=1c001c74 x15:1c002000
16540997ns          296542 1c008164 0007a703 lw               x14, 0(x15)         x14=00000168 x15:1c001c74  PA:1c001c74
16541296ns          296557 1c008166 00c006b3 add              x13, x0, x12        x13=3f26a4c6 x12:3f26a4c6
16541316ns          296558 1c008168 00170713 addi             x14, x14, 1         x14=00000169 x14:00000168
16541335ns          296559 1c00816a 00e7a023 sw               x14, 0(x15)         x14:00000169 x15:1c001c74  PA:1c001c74
16541654ns          296575 1c00816c 02c58163 beq              x11, x12, 34        x11:3f26a4c6 x12:3f26a4c6
16541713ns          296578 1c00818e 00008067 jalr             x0, x1, 0            x1:1c008ada
16541773ns          296581 1c008ada ff5414e3 bne              x8, x21, -24         x8:1c000f04 x21:1c000f28
16541853ns          296585 1c008ac2 0044258b p.lw             x11, 4(x8!)         x11=d3946016  x8=1c000f08  x8:1c000f04  PA:1c000f04
16542151ns          296600 1c008ac6 0049278b p.lw             x15, 4(x18!)        x15=9f00aa20 x18=1c000f30 x18:1c000f2c  PA:1c000f2c
16542469ns          296616 1c008aca b007e5d7 pv.insert.sci.h  x11, x15, 0x0       x11=d394aa20 x15:9f00aa20
16542489ns          296617 1c008ace 0044a60b p.lw             x12, 4(x9!)         x12=d394aa20  x9=1c000f58  x9:1c000f54  PA:1c000f54
16542787ns          296632 1c008ad2 06ca0513 addi             x10, x20, 108       x10=1c00006c x20:1c000000
16542807ns          296633 1c008ad6 e86ff0ef jal              x1, -2426            x1=1c008ada
16542847ns          296635 1c00815c 1c0027b7 lui              x15, 0x1c002000     x15=1c002000
16542867ns          296636 1c008160 c7478793 addi             x15, x15, -908      x15=1c001c74 x15:1c002000
16542887ns          296637 1c008164 0007a703 lw               x14, 0(x15)         x14=00000169 x15:1c001c74  PA:1c001c74
16543205ns          296653 1c008166 00c006b3 add              x13, x0, x12        x13=d394aa20 x12:d394aa20
16543225ns          296654 1c008168 00170713 addi             x14, x14, 1         x14=0000016a x14:00000169
16543245ns          296655 1c00816a 00e7a023 sw               x14, 0(x15)         x14:0000016a x15:1c001c74  PA:1c001c74
16543563ns          296671 1c00816c 02c58163 beq              x11, x12, 34        x11:d394aa20 x12:d394aa20
16543623ns          296674 1c00818e 00008067 jalr             x0, x1, 0            x1:1c008ada
16543683ns          296677 1c008ada ff5414e3 bne              x8, x21, -24         x8:1c000f08 x21:1c000f28
16543762ns          296681 1c008ac2 0044258b p.lw             x11, 4(x8!)         x11=ddb3764a  x8=1c000f0c  x8:1c000f08  PA:1c000f08
16544060ns          296696 1c008ac6 0049278b p.lw             x15, 4(x18!)        x15=88ce0c37 x18=1c000f34 x18:1c000f30  PA:1c000f30
16544379ns          296712 1c008aca b007e5d7 pv.insert.sci.h  x11, x15, 0x0       x11=ddb30c37 x15:88ce0c37
16544399ns          296713 1c008ace 0044a60b p.lw             x12, 4(x9!)         x12=ddb30c37  x9=1c000f5c  x9:1c000f58  PA:1c000f58
16544717ns          296729 1c008ad2 06ca0513 addi             x10, x20, 108       x10=1c00006c x20:1c000000
16544737ns          296730 1c008ad6 e86ff0ef jal              x1, -2426            x1=1c008ada
16544777ns          296732 1c00815c 1c0027b7 lui              x15, 0x1c002000     x15=1c002000
16544796ns          296733 1c008160 c7478793 addi             x15, x15, -908      x15=1c001c74 x15:1c002000
16544816ns          296734 1c008164 0007a703 lw               x14, 0(x15)         x14=0000016a x15:1c001c74  PA:1c001c74
16545115ns          296749 1c008166 00c006b3 add              x13, x0, x12        x13=ddb30c37 x12:ddb30c37
16545135ns          296750 1c008168 00170713 addi             x14, x14, 1         x14=0000016b x14:0000016a
16545154ns          296751 1c00816a 00e7a023 sw               x14, 0(x15)         x14:0000016b x15:1c001c74  PA:1c001c74
16545473ns          296767 1c00816c 02c58163 beq              x11, x12, 34        x11:ddb30c37 x12:ddb30c37
16545532ns          296770 1c00818e 00008067 jalr             x0, x1, 0            x1:1c008ada
16545592ns          296773 1c008ada ff5414e3 bne              x8, x21, -24         x8:1c000f0c x21:1c000f28
16545672ns          296777 1c008ac2 0044258b p.lw             x11, 4(x8!)         x11=369d3144  x8=1c000f10  x8:1c000f0c  PA:1c000f0c
16545990ns          296793 1c008ac6 0049278b p.lw             x15, 4(x18!)        x15=9e02c9e1 x18=1c000f38 x18:1c000f34  PA:1c000f34
16546308ns          296809 1c008aca b007e5d7 pv.insert.sci.h  x11, x15, 0x0       x11=369dc9e1 x15:9e02c9e1
16546328ns          296810 1c008ace 0044a60b p.lw             x12, 4(x9!)         x12=369dc9e1  x9=1c000f60  x9:1c000f5c  PA:1c000f5c
16546626ns          296825 1c008ad2 06ca0513 addi             x10, x20, 108       x10=1c00006c x20:1c000000
16546646ns          296826 1c008ad6 e86ff0ef jal              x1, -2426            x1=1c008ada
16546686ns          296828 1c00815c 1c0027b7 lui              x15, 0x1c002000     x15=1c002000
16546706ns          296829 1c008160 c7478793 addi             x15, x15, -908      x15=1c001c74 x15:1c002000
16546726ns          296830 1c008164 0007a703 lw               x14, 0(x15)         x14=0000016b x15:1c001c74  PA:1c001c74
16547024ns          296845 1c008166 00c006b3 add              x13, x0, x12        x13=369dc9e1 x12:369dc9e1
16547044ns          296846 1c008168 00170713 addi             x14, x14, 1         x14=0000016c x14:0000016b
16547064ns          296847 1c00816a 00e7a023 sw               x14, 0(x15)         x14:0000016c x15:1c001c74  PA:1c001c74
16547402ns          296864 1c00816c 02c58163 beq              x11, x12, 34        x11:369dc9e1 x12:369dc9e1
16547462ns          296867 1c00818e 00008067 jalr             x0, x1, 0            x1:1c008ada
16547521ns          296870 1c008ada ff5414e3 bne              x8, x21, -24         x8:1c000f10 x21:1c000f28
16547601ns          296874 1c008ac2 0044258b p.lw             x11, 4(x8!)         x11=c62e42a3  x8=1c000f14  x8:1c000f10  PA:1c000f10
16547899ns          296889 1c008ac6 0049278b p.lw             x15, 4(x18!)        x15=aec777b2 x18=1c000f3c x18:1c000f38  PA:1c000f38
16548218ns          296905 1c008aca b007e5d7 pv.insert.sci.h  x11, x15, 0x0       x11=c62e77b2 x15:aec777b2
16548238ns          296906 1c008ace 0044a60b p.lw             x12, 4(x9!)         x12=c62e77b2  x9=1c000f64  x9:1c000f60  PA:1c000f60
16548536ns          296921 1c008ad2 06ca0513 addi             x10, x20, 108       x10=1c00006c x20:1c000000
16548556ns          296922 1c008ad6 e86ff0ef jal              x1, -2426            x1=1c008ada
16548596ns          296924 1c00815c 1c0027b7 lui              x15, 0x1c002000     x15=1c002000
16548615ns          296925 1c008160 c7478793 addi             x15, x15, -908      x15=1c001c74 x15:1c002000
16548635ns          296926 1c008164 0007a703 lw               x14, 0(x15)         x14=0000016c x15:1c001c74  PA:1c001c74
16548934ns          296941 1c008166 00c006b3 add              x13, x0, x12        x13=c62e77b2 x12:c62e77b2
16548954ns          296942 1c008168 00170713 addi             x14, x14, 1         x14=0000016d x14:0000016c
16548973ns          296943 1c00816a 00e7a023 sw               x14, 0(x15)         x14:0000016d x15:1c001c74  PA:1c001c74
16549292ns          296959 1c00816c 02c58163 beq              x11, x12, 34        x11:c62e77b2 x12:c62e77b2
16549351ns          296962 1c00818e 00008067 jalr             x0, x1, 0            x1:1c008ada
16549411ns          296965 1c008ada ff5414e3 bne              x8, x21, -24         x8:1c000f14 x21:1c000f28
16549491ns          296969 1c008ac2 0044258b p.lw             x11, 4(x8!)         x11=431bcf9f  x8=1c000f18  x8:1c000f14  PA:1c000f14
16549789ns          296984 1c008ac6 0049278b p.lw             x15, 4(x18!)        x15=e404b5f1 x18=1c000f40 x18:1c000f3c  PA:1c000f3c
16550107ns          297000 1c008aca b007e5d7 pv.insert.sci.h  x11, x15, 0x0       x11=431bb5f1 x15:e404b5f1
16550127ns          297001 1c008ace 0044a60b p.lw             x12, 4(x9!)         x12=431bb5f1  x9=1c000f68  x9:1c000f64  PA:1c000f64
16550426ns          297016 1c008ad2 06ca0513 addi             x10, x20, 108       x10=1c00006c x20:1c000000
16550445ns          297017 1c008ad6 e86ff0ef jal              x1, -2426            x1=1c008ada
16550485ns          297019 1c00815c 1c0027b7 lui              x15, 0x1c002000     x15=1c002000
16550505ns          297020 1c008160 c7478793 addi             x15, x15, -908      x15=1c001c74 x15:1c002000
16550525ns          297021 1c008164 0007a703 lw               x14, 0(x15)         x14=0000016d x15:1c001c74  PA:1c001c74
16550843ns          297037 1c008166 00c006b3 add              x13, x0, x12        x13=431bb5f1 x12:431bb5f1
16550863ns          297038 1c008168 00170713 addi             x14, x14, 1         x14=0000016e x14:0000016d
16550883ns          297039 1c00816a 00e7a023 sw               x14, 0(x15)         x14:0000016e x15:1c001c74  PA:1c001c74
16551201ns          297055 1c00816c 02c58163 beq              x11, x12, 34        x11:431bb5f1 x12:431bb5f1
16551261ns          297058 1c00818e 00008067 jalr             x0, x1, 0            x1:1c008ada
16551321ns          297061 1c008ada ff5414e3 bne              x8, x21, -24         x8:1c000f18 x21:1c000f28
16551400ns          297065 1c008ac2 0044258b p.lw             x11, 4(x8!)         x11=c6b054f3  x8=1c000f1c  x8:1c000f18  PA:1c000f18
16551699ns          297080 1c008ac6 0049278b p.lw             x15, 4(x18!)        x15=a8387529 x18=1c000f44 x18:1c000f40  PA:1c000f40
16552017ns          297096 1c008aca b007e5d7 pv.insert.sci.h  x11, x15, 0x0       x11=c6b07529 x15:a8387529
16552037ns          297097 1c008ace 0044a60b p.lw             x12, 4(x9!)         x12=c6b07529  x9=1c000f6c  x9:1c000f68  PA:1c000f68
16552335ns          297112 1c008ad2 06ca0513 addi             x10, x20, 108       x10=1c00006c x20:1c000000
16552355ns          297113 1c008ad6 e86ff0ef jal              x1, -2426            x1=1c008ada
16552395ns          297115 1c00815c 1c0027b7 lui              x15, 0x1c002000     x15=1c002000
16552415ns          297116 1c008160 c7478793 addi             x15, x15, -908      x15=1c001c74 x15:1c002000
16552434ns          297117 1c008164 0007a703 lw               x14, 0(x15)         x14=0000016e x15:1c001c74  PA:1c001c74
16552733ns          297132 1c008166 00c006b3 add              x13, x0, x12        x13=c6b07529 x12:c6b07529
16552753ns          297133 1c008168 00170713 addi             x14, x14, 1         x14=0000016f x14:0000016e
16552773ns          297134 1c00816a 00e7a023 sw               x14, 0(x15)         x14:0000016f x15:1c001c74  PA:1c001c74
16553111ns          297151 1c00816c 02c58163 beq              x11, x12, 34        x11:c6b07529 x12:c6b07529
16553170ns          297154 1c00818e 00008067 jalr             x0, x1, 0            x1:1c008ada
16553230ns          297157 1c008ada ff5414e3 bne              x8, x21, -24         x8:1c000f1c x21:1c000f28
16553310ns          297161 1c008ac2 0044258b p.lw             x11, 4(x8!)         x11=90fca91a  x8=1c000f20  x8:1c000f1c  PA:1c000f1c
16553608ns          297176 1c008ac6 0049278b p.lw             x15, 4(x18!)        x15=dc7dd5f7 x18=1c000f48 x18:1c000f44  PA:1c000f44
16553926ns          297192 1c008aca b007e5d7 pv.insert.sci.h  x11, x15, 0x0       x11=90fcd5f7 x15:dc7dd5f7
16553946ns          297193 1c008ace 0044a60b p.lw             x12, 4(x9!)         x12=90fcd5f7  x9=1c000f70  x9:1c000f6c  PA:1c000f6c
16554245ns          297208 1c008ad2 06ca0513 addi             x10, x20, 108       x10=1c00006c x20:1c000000
16554264ns          297209 1c008ad6 e86ff0ef jal              x1, -2426            x1=1c008ada
16554304ns          297211 1c00815c 1c0027b7 lui              x15, 0x1c002000     x15=1c002000
16554324ns          297212 1c008160 c7478793 addi             x15, x15, -908      x15=1c001c74 x15:1c002000
16554344ns          297213 1c008164 0007a703 lw               x14, 0(x15)         x14=0000016f x15:1c001c74  PA:1c001c74
16554662ns          297229 1c008166 00c006b3 add              x13, x0, x12        x13=90fcd5f7 x12:90fcd5f7
16554682ns          297230 1c008168 00170713 addi             x14, x14, 1         x14=00000170 x14:0000016f
16554702ns          297231 1c00816a 00e7a023 sw               x14, 0(x15)         x14:00000170 x15:1c001c74  PA:1c001c74
16555020ns          297247 1c00816c 02c58163 beq              x11, x12, 34        x11:90fcd5f7 x12:90fcd5f7
16555080ns          297250 1c00818e 00008067 jalr             x0, x1, 0            x1:1c008ada
16555140ns          297253 1c008ada ff5414e3 bne              x8, x21, -24         x8:1c000f20 x21:1c000f28
16555219ns          297257 1c008ac2 0044258b p.lw             x11, 4(x8!)         x11=a11d74c0  x8=1c000f24  x8:1c000f20  PA:1c000f20
16555518ns          297272 1c008ac6 0049278b p.lw             x15, 4(x18!)        x15=d8c0c5f2 x18=1c000f4c x18:1c000f48  PA:1c000f48
16555836ns          297288 1c008aca b007e5d7 pv.insert.sci.h  x11, x15, 0x0       x11=a11dc5f2 x15:d8c0c5f2
16555856ns          297289 1c008ace 0044a60b p.lw             x12, 4(x9!)         x12=a11dc5f2  x9=1c000f74  x9:1c000f70  PA:1c000f70
16556154ns          297304 1c008ad2 06ca0513 addi             x10, x20, 108       x10=1c00006c x20:1c000000
16556174ns          297305 1c008ad6 e86ff0ef jal              x1, -2426            x1=1c008ada
16556214ns          297307 1c00815c 1c0027b7 lui              x15, 0x1c002000     x15=1c002000
16556234ns          297308 1c008160 c7478793 addi             x15, x15, -908      x15=1c001c74 x15:1c002000
16556254ns          297309 1c008164 0007a703 lw               x14, 0(x15)         x14=00000170 x15:1c001c74  PA:1c001c74
16556552ns          297324 1c008166 00c006b3 add              x13, x0, x12        x13=a11dc5f2 x12:a11dc5f2
16556572ns          297325 1c008168 00170713 addi             x14, x14, 1         x14=00000171 x14:00000170
16556592ns          297326 1c00816a 00e7a023 sw               x14, 0(x15)         x14:00000171 x15:1c001c74  PA:1c001c74
16556930ns          297343 1c00816c 02c58163 beq              x11, x12, 34        x11:a11dc5f2 x12:a11dc5f2
16556989ns          297346 1c00818e 00008067 jalr             x0, x1, 0            x1:1c008ada
16557049ns          297349 1c008ada ff5414e3 bne              x8, x21, -24         x8:1c000f24 x21:1c000f28
16557129ns          297353 1c008ac2 0044258b p.lw             x11, 4(x8!)         x11=44d45eaa  x8=1c000f28  x8:1c000f24  PA:1c000f24
16557427ns          297368 1c008ac6 0049278b p.lw             x15, 4(x18!)        x15=790de3d9 x18=1c000f50 x18:1c000f4c  PA:1c000f4c
16557745ns          297384 1c008aca b007e5d7 pv.insert.sci.h  x11, x15, 0x0       x11=44d4e3d9 x15:790de3d9
16557765ns          297385 1c008ace 0044a60b p.lw             x12, 4(x9!)         x12=44d4e3d9  x9=1c000f78  x9:1c000f74  PA:1c000f74
16558064ns          297400 1c008ad2 06ca0513 addi             x10, x20, 108       x10=1c00006c x20:1c000000
16558083ns          297401 1c008ad6 e86ff0ef jal              x1, -2426            x1=1c008ada
16558123ns          297403 1c00815c 1c0027b7 lui              x15, 0x1c002000     x15=1c002000
16558143ns          297404 1c008160 c7478793 addi             x15, x15, -908      x15=1c001c74 x15:1c002000
16558163ns          297405 1c008164 0007a703 lw               x14, 0(x15)         x14=00000171 x15:1c001c74  PA:1c001c74
16558481ns          297421 1c008166 00c006b3 add              x13, x0, x12        x13=44d4e3d9 x12:44d4e3d9
16558501ns          297422 1c008168 00170713 addi             x14, x14, 1         x14=00000172 x14:00000171
16558521ns          297423 1c00816a 00e7a023 sw               x14, 0(x15)         x14:00000172 x15:1c001c74  PA:1c001c74
16558839ns          297439 1c00816c 02c58163 beq              x11, x12, 34        x11:44d4e3d9 x12:44d4e3d9
16558899ns          297442 1c00818e 00008067 jalr             x0, x1, 0            x1:1c008ada
16558959ns          297445 1c008ada ff5414e3 bne              x8, x21, -24         x8:1c000f28 x21:1c000f28
16558979ns          297446 1c008ade 1c001437 lui              x8, 0x1c001000       x8=1c001000
16558998ns          297447 1c008ae2 f7840413 addi             x8, x8, -136         x8=1c000f78  x8:1c001000
16559018ns          297448 1c008ae6 1c001937 lui              x18, 0x1c001000     x18=1c001000
16559038ns          297449 1c008aea 1c0014b7 lui              x9, 0x1c001000       x9=1c001000
16559496ns          297472 1c008aee fa090913 addi             x18, x18, -96       x18=1c000fa0 x18:1c001000
16559535ns          297474 1c008af2 fc848493 addi             x9, x9, -56          x9=1c000fc8  x9:1c001000
16559555ns          297475 1c008af6 02840a13 addi             x20, x8, 40         x20=1c000fa0  x8:1c000f78
16559575ns          297476 1c008afa 0044258b p.lw             x11, 4(x8!)         x11=9ad34b39  x8=1c000f7c  x8:1c000f78  PA:1c000f78
16560033ns          297499 1c008afe 0049278b p.lw             x15, 4(x18!)        x15=adc3892d x18=1c000fa4 x18:1c000fa0  PA:1c000fa0
16560351ns          297515 1c008b02 b207e5d7 pv.insert.sci.h  x11, x15, 0x1       x11=892d4b39 x15:adc3892d
16560371ns          297516 1c008b06 0044a60b p.lw             x12, 4(x9!)         x12=892d4b39  x9=1c000fcc  x9:1c000fc8  PA:1c000fc8
16560689ns          297532 1c008b0a 06c98513 addi             x10, x19, 108       x10=1c00006c x19:1c000000
16560709ns          297533 1c008b0e e4eff0ef jal              x1, -2482            x1=1c008b12
16560749ns          297535 1c00815c 1c0027b7 lui              x15, 0x1c002000     x15=1c002000
16560769ns          297536 1c008160 c7478793 addi             x15, x15, -908      x15=1c001c74 x15:1c002000
16560789ns          297537 1c008164 0007a703 lw               x14, 0(x15)         x14=00000172 x15:1c001c74  PA:1c001c74
16561087ns          297552 1c008166 00c006b3 add              x13, x0, x12        x13=892d4b39 x12:892d4b39
16561107ns          297553 1c008168 00170713 addi             x14, x14, 1         x14=00000173 x14:00000172
16561127ns          297554 1c00816a 00e7a023 sw               x14, 0(x15)         x14:00000173 x15:1c001c74  PA:1c001c74
16561445ns          297570 1c00816c 02c58163 beq              x11, x12, 34        x11:892d4b39 x12:892d4b39
16561505ns          297573 1c00818e 00008067 jalr             x0, x1, 0            x1:1c008b12
16561564ns          297576 1c008b12 ff4414e3 bne              x8, x20, -24         x8:1c000f7c x20:1c000fa0
16561644ns          297580 1c008afa 0044258b p.lw             x11, 4(x8!)         x11=112aeeb7  x8=1c000f80  x8:1c000f7c  PA:1c000f7c
16561962ns          297596 1c008afe 0049278b p.lw             x15, 4(x18!)        x15=b906e1fa x18=1c000fa8 x18:1c000fa4  PA:1c000fa4
16562300ns          297613 1c008b02 b207e5d7 pv.insert.sci.h  x11, x15, 0x1       x11=e1faeeb7 x15:b906e1fa
16562320ns          297614 1c008b06 0044a60b p.lw             x12, 4(x9!)         x12=e1faeeb7  x9=1c000fd0  x9:1c000fcc  PA:1c000fcc
16562619ns          297629 1c008b0a 06c98513 addi             x10, x19, 108       x10=1c00006c x19:1c000000
16562638ns          297630 1c008b0e e4eff0ef jal              x1, -2482            x1=1c008b12
16562678ns          297632 1c00815c 1c0027b7 lui              x15, 0x1c002000     x15=1c002000
16562698ns          297633 1c008160 c7478793 addi             x15, x15, -908      x15=1c001c74 x15:1c002000
16562718ns          297634 1c008164 0007a703 lw               x14, 0(x15)         x14=00000173 x15:1c001c74  PA:1c001c74
16563016ns          297649 1c008166 00c006b3 add              x13, x0, x12        x13=e1faeeb7 x12:e1faeeb7
16563036ns          297650 1c008168 00170713 addi             x14, x14, 1         x14=00000174 x14:00000173
16563056ns          297651 1c00816a 00e7a023 sw               x14, 0(x15)         x14:00000174 x15:1c001c74  PA:1c001c74
16563374ns          297667 1c00816c 02c58163 beq              x11, x12, 34        x11:e1faeeb7 x12:e1faeeb7
16563434ns          297670 1c00818e 00008067 jalr             x0, x1, 0            x1:1c008b12
16563494ns          297673 1c008b12 ff4414e3 bne              x8, x20, -24         x8:1c000f80 x20:1c000fa0
16563573ns          297677 1c008afa 0044258b p.lw             x11, 4(x8!)         x11=b5d32290  x8=1c000f84  x8:1c000f80  PA:1c000f80
16563872ns          297692 1c008afe 0049278b p.lw             x15, 4(x18!)        x15=69a97dc3 x18=1c000fac x18:1c000fa8  PA:1c000fa8
16564190ns          297708 1c008b02 b207e5d7 pv.insert.sci.h  x11, x15, 0x1       x11=7dc32290 x15:69a97dc3
16564210ns          297709 1c008b06 0044a60b p.lw             x12, 4(x9!)         x12=7dc32290  x9=1c000fd4  x9:1c000fd0  PA:1c000fd0
16564528ns          297725 1c008b0a 06c98513 addi             x10, x19, 108       x10=1c00006c x19:1c000000
16564548ns          297726 1c008b0e e4eff0ef jal              x1, -2482            x1=1c008b12
16564588ns          297728 1c00815c 1c0027b7 lui              x15, 0x1c002000     x15=1c002000
16564608ns          297729 1c008160 c7478793 addi             x15, x15, -908      x15=1c001c74 x15:1c002000
16564628ns          297730 1c008164 0007a703 lw               x14, 0(x15)         x14=00000174 x15:1c001c74  PA:1c001c74
16564926ns          297745 1c008166 00c006b3 add              x13, x0, x12        x13=7dc32290 x12:7dc32290
16564946ns          297746 1c008168 00170713 addi             x14, x14, 1         x14=00000175 x14:00000174
16564966ns          297747 1c00816a 00e7a023 sw               x14, 0(x15)         x14:00000175 x15:1c001c74  PA:1c001c74
16565284ns          297763 1c00816c 02c58163 beq              x11, x12, 34        x11:7dc32290 x12:7dc32290
16565344ns          297766 1c00818e 00008067 jalr             x0, x1, 0            x1:1c008b12
16565403ns          297769 1c008b12 ff4414e3 bne              x8, x20, -24         x8:1c000f84 x20:1c000fa0
16565483ns          297773 1c008afa 0044258b p.lw             x11, 4(x8!)         x11=f93ebb7f  x8=1c000f88  x8:1c000f84  PA:1c000f84
16565801ns          297789 1c008afe 0049278b p.lw             x15, 4(x18!)        x15=d1dc5b3a x18=1c000fb0 x18:1c000fac  PA:1c000fac
16566119ns          297805 1c008b02 b207e5d7 pv.insert.sci.h  x11, x15, 0x1       x11=5b3abb7f x15:d1dc5b3a
16566139ns          297806 1c008b06 0044a60b p.lw             x12, 4(x9!)         x12=5b3abb7f  x9=1c000fd8  x9:1c000fd4  PA:1c000fd4
16566438ns          297821 1c008b0a 06c98513 addi             x10, x19, 108       x10=1c00006c x19:1c000000
16566457ns          297822 1c008b0e e4eff0ef jal              x1, -2482            x1=1c008b12
16566497ns          297824 1c00815c 1c0027b7 lui              x15, 0x1c002000     x15=1c002000
16566517ns          297825 1c008160 c7478793 addi             x15, x15, -908      x15=1c001c74 x15:1c002000
16566537ns          297826 1c008164 0007a703 lw               x14, 0(x15)         x14=00000175 x15:1c001c74  PA:1c001c74
16566835ns          297841 1c008166 00c006b3 add              x13, x0, x12        x13=5b3abb7f x12:5b3abb7f
16566855ns          297842 1c008168 00170713 addi             x14, x14, 1         x14=00000176 x14:00000175
16566875ns          297843 1c00816a 00e7a023 sw               x14, 0(x15)         x14:00000176 x15:1c001c74  PA:1c001c74
16567213ns          297860 1c00816c 02c58163 beq              x11, x12, 34        x11:5b3abb7f x12:5b3abb7f
16567273ns          297863 1c00818e 00008067 jalr             x0, x1, 0            x1:1c008b12
16567333ns          297866 1c008b12 ff4414e3 bne              x8, x20, -24         x8:1c000f88 x20:1c000fa0
16567412ns          297870 1c008afa 0044258b p.lw             x11, 4(x8!)         x11=814b95d5  x8=1c000f8c  x8:1c000f88  PA:1c000f88
16567711ns          297885 1c008afe 0049278b p.lw             x15, 4(x18!)        x15=585a6dfa x18=1c000fb4 x18:1c000fb0  PA:1c000fb0
16568029ns          297901 1c008b02 b207e5d7 pv.insert.sci.h  x11, x15, 0x1       x11=6dfa95d5 x15:585a6dfa
16568049ns          297902 1c008b06 0044a60b p.lw             x12, 4(x9!)         x12=6dfa95d5  x9=1c000fdc  x9:1c000fd8  PA:1c000fd8
16568347ns          297917 1c008b0a 06c98513 addi             x10, x19, 108       x10=1c00006c x19:1c000000
16568367ns          297918 1c008b0e e4eff0ef jal              x1, -2482            x1=1c008b12
16568407ns          297920 1c00815c 1c0027b7 lui              x15, 0x1c002000     x15=1c002000
16568427ns          297921 1c008160 c7478793 addi             x15, x15, -908      x15=1c001c74 x15:1c002000
16568447ns          297922 1c008164 0007a703 lw               x14, 0(x15)         x14=00000176 x15:1c001c74  PA:1c001c74
16568745ns          297937 1c008166 00c006b3 add              x13, x0, x12        x13=6dfa95d5 x12:6dfa95d5
16568765ns          297938 1c008168 00170713 addi             x14, x14, 1         x14=00000177 x14:00000176
16568785ns          297939 1c00816a 00e7a023 sw               x14, 0(x15)         x14:00000177 x15:1c001c74  PA:1c001c74
16569103ns          297955 1c00816c 02c58163 beq              x11, x12, 34        x11:6dfa95d5 x12:6dfa95d5
16569163ns          297958 1c00818e 00008067 jalr             x0, x1, 0            x1:1c008b12
16569222ns          297961 1c008b12 ff4414e3 bne              x8, x20, -24         x8:1c000f8c x20:1c000fa0
16569302ns          297965 1c008afa 0044258b p.lw             x11, 4(x8!)         x11=8c2cdf1c  x8=1c000f90  x8:1c000f8c  PA:1c000f8c
16569620ns          297981 1c008afe 0049278b p.lw             x15, 4(x18!)        x15=0d3e6746 x18=1c000fb8 x18:1c000fb4  PA:1c000fb4
16569958ns          297998 1c008b02 b207e5d7 pv.insert.sci.h  x11, x15, 0x1       x11=6746df1c x15:0d3e6746
16569978ns          297999 1c008b06 0044a60b p.lw             x12, 4(x9!)         x12=6746df1c  x9=1c000fe0  x9:1c000fdc  PA:1c000fdc
16570276ns          298014 1c008b0a 06c98513 addi             x10, x19, 108       x10=1c00006c x19:1c000000
16570296ns          298015 1c008b0e e4eff0ef jal              x1, -2482            x1=1c008b12
16570336ns          298017 1c00815c 1c0027b7 lui              x15, 0x1c002000     x15=1c002000
16570356ns          298018 1c008160 c7478793 addi             x15, x15, -908      x15=1c001c74 x15:1c002000
16570376ns          298019 1c008164 0007a703 lw               x14, 0(x15)         x14=00000177 x15:1c001c74  PA:1c001c74
16570674ns          298034 1c008166 00c006b3 add              x13, x0, x12        x13=6746df1c x12:6746df1c
16570694ns          298035 1c008168 00170713 addi             x14, x14, 1         x14=00000178 x14:00000177
16570714ns          298036 1c00816a 00e7a023 sw               x14, 0(x15)         x14:00000178 x15:1c001c74  PA:1c001c74
16571032ns          298052 1c00816c 02c58163 beq              x11, x12, 34        x11:6746df1c x12:6746df1c
16571092ns          298055 1c00818e 00008067 jalr             x0, x1, 0            x1:1c008b12
16571152ns          298058 1c008b12 ff4414e3 bne              x8, x20, -24         x8:1c000f90 x20:1c000fa0
16571231ns          298062 1c008afa 0044258b p.lw             x11, 4(x8!)         x11=6843e84c  x8=1c000f94  x8:1c000f90  PA:1c000f90
16571530ns          298077 1c008afe 0049278b p.lw             x15, 4(x18!)        x15=5470e067 x18=1c000fbc x18:1c000fb8  PA:1c000fb8
16571848ns          298093 1c008b02 b207e5d7 pv.insert.sci.h  x11, x15, 0x1       x11=e067e84c x15:5470e067
16571868ns          298094 1c008b06 0044a60b p.lw             x12, 4(x9!)         x12=e067e84c  x9=1c000fe4  x9:1c000fe0  PA:1c000fe0
16572166ns          298109 1c008b0a 06c98513 addi             x10, x19, 108       x10=1c00006c x19:1c000000
16572186ns          298110 1c008b0e e4eff0ef jal              x1, -2482            x1=1c008b12
16572226ns          298112 1c00815c 1c0027b7 lui              x15, 0x1c002000     x15=1c002000
16572246ns          298113 1c008160 c7478793 addi             x15, x15, -908      x15=1c001c74 x15:1c002000
16572266ns          298114 1c008164 0007a703 lw               x14, 0(x15)         x14=00000178 x15:1c001c74  PA:1c001c74
16572604ns          298131 1c008166 00c006b3 add              x13, x0, x12        x13=e067e84c x12:e067e84c
16572624ns          298132 1c008168 00170713 addi             x14, x14, 1         x14=00000179 x14:00000178
16572643ns          298133 1c00816a 00e7a023 sw               x14, 0(x15)         x14:00000179 x15:1c001c74  PA:1c001c74
16572962ns          298149 1c00816c 02c58163 beq              x11, x12, 34        x11:e067e84c x12:e067e84c
16573021ns          298152 1c00818e 00008067 jalr             x0, x1, 0            x1:1c008b12
16573081ns          298155 1c008b12 ff4414e3 bne              x8, x20, -24         x8:1c000f94 x20:1c000fa0
16573161ns          298159 1c008afa 0044258b p.lw             x11, 4(x8!)         x11=9161e8cc  x8=1c000f98  x8:1c000f94  PA:1c000f94
16573459ns          298174 1c008afe 0049278b p.lw             x15, 4(x18!)        x15=bdac6782 x18=1c000fc0 x18:1c000fbc  PA:1c000fbc
16573777ns          298190 1c008b02 b207e5d7 pv.insert.sci.h  x11, x15, 0x1       x11=6782e8cc x15:bdac6782
16573797ns          298191 1c008b06 0044a60b p.lw             x12, 4(x9!)         x12=6782e8cc  x9=1c000fe8  x9:1c000fe4  PA:1c000fe4
16574096ns          298206 1c008b0a 06c98513 addi             x10, x19, 108       x10=1c00006c x19:1c000000
16574115ns          298207 1c008b0e e4eff0ef jal              x1, -2482            x1=1c008b12
16574155ns          298209 1c00815c 1c0027b7 lui              x15, 0x1c002000     x15=1c002000
16574175ns          298210 1c008160 c7478793 addi             x15, x15, -908      x15=1c001c74 x15:1c002000
16574195ns          298211 1c008164 0007a703 lw               x14, 0(x15)         x14=00000179 x15:1c001c74  PA:1c001c74
16574493ns          298226 1c008166 00c006b3 add              x13, x0, x12        x13=6782e8cc x12:6782e8cc
16574513ns          298227 1c008168 00170713 addi             x14, x14, 1         x14=0000017a x14:00000179
16574533ns          298228 1c00816a 00e7a023 sw               x14, 0(x15)         x14:0000017a x15:1c001c74  PA:1c001c74
16574851ns          298244 1c00816c 02c58163 beq              x11, x12, 34        x11:6782e8cc x12:6782e8cc
16574911ns          298247 1c00818e 00008067 jalr             x0, x1, 0            x1:1c008b12
16574971ns          298250 1c008b12 ff4414e3 bne              x8, x20, -24         x8:1c000f98 x20:1c000fa0
16575050ns          298254 1c008afa 0044258b p.lw             x11, 4(x8!)         x11=a84ed428  x8=1c000f9c  x8:1c000f98  PA:1c000f98
16575369ns          298270 1c008afe 0049278b p.lw             x15, 4(x18!)        x15=165ee08e x18=1c000fc4 x18:1c000fc0  PA:1c000fc0
16575687ns          298286 1c008b02 b207e5d7 pv.insert.sci.h  x11, x15, 0x1       x11=e08ed428 x15:165ee08e
16575707ns          298287 1c008b06 0044a60b p.lw             x12, 4(x9!)         x12=e08ed428  x9=1c000fec  x9:1c000fe8  PA:1c000fe8
16576005ns          298302 1c008b0a 06c98513 addi             x10, x19, 108       x10=1c00006c x19:1c000000
16576025ns          298303 1c008b0e e4eff0ef jal              x1, -2482            x1=1c008b12
16576065ns          298305 1c00815c 1c0027b7 lui              x15, 0x1c002000     x15=1c002000
16576085ns          298306 1c008160 c7478793 addi             x15, x15, -908      x15=1c001c74 x15:1c002000
16576104ns          298307 1c008164 0007a703 lw               x14, 0(x15)         x14=0000017a x15:1c001c74  PA:1c001c74
16576403ns          298322 1c008166 00c006b3 add              x13, x0, x12        x13=e08ed428 x12:e08ed428
16576423ns          298323 1c008168 00170713 addi             x14, x14, 1         x14=0000017b x14:0000017a
16576443ns          298324 1c00816a 00e7a023 sw               x14, 0(x15)         x14:0000017b x15:1c001c74  PA:1c001c74
16576761ns          298340 1c00816c 02c58163 beq              x11, x12, 34        x11:e08ed428 x12:e08ed428
16576821ns          298343 1c00818e 00008067 jalr             x0, x1, 0            x1:1c008b12
16576880ns          298346 1c008b12 ff4414e3 bne              x8, x20, -24         x8:1c000f9c x20:1c000fa0
16576960ns          298350 1c008afa 0044258b p.lw             x11, 4(x8!)         x11=bae7bdaf  x8=1c000fa0  x8:1c000f9c  PA:1c000f9c
16577258ns          298365 1c008afe 0049278b p.lw             x15, 4(x18!)        x15=4f7b59f0 x18=1c000fc8 x18:1c000fc4  PA:1c000fc4
16577576ns          298381 1c008b02 b207e5d7 pv.insert.sci.h  x11, x15, 0x1       x11=59f0bdaf x15:4f7b59f0
16577596ns          298382 1c008b06 0044a60b p.lw             x12, 4(x9!)         x12=59f0bdaf  x9=1c000ff0  x9:1c000fec  PA:1c000fec
16577915ns          298398 1c008b0a 06c98513 addi             x10, x19, 108       x10=1c00006c x19:1c000000
16577934ns          298399 1c008b0e e4eff0ef jal              x1, -2482            x1=1c008b12
16577974ns          298401 1c00815c 1c0027b7 lui              x15, 0x1c002000     x15=1c002000
16577994ns          298402 1c008160 c7478793 addi             x15, x15, -908      x15=1c001c74 x15:1c002000
16578014ns          298403 1c008164 0007a703 lw               x14, 0(x15)         x14=0000017b x15:1c001c74  PA:1c001c74
16578312ns          298418 1c008166 00c006b3 add              x13, x0, x12        x13=59f0bdaf x12:59f0bdaf
16578332ns          298419 1c008168 00170713 addi             x14, x14, 1         x14=0000017c x14:0000017b
16578352ns          298420 1c00816a 00e7a023 sw               x14, 0(x15)         x14:0000017c x15:1c001c74  PA:1c001c74
16578670ns          298436 1c00816c 02c58163 beq              x11, x12, 34        x11:59f0bdaf x12:59f0bdaf
16578730ns          298439 1c00818e 00008067 jalr             x0, x1, 0            x1:1c008b12
16578790ns          298442 1c008b12 ff4414e3 bne              x8, x20, -24         x8:1c000fa0 x20:1c000fa0
16578810ns          298443 1c008b16 1c001437 lui              x8, 0x1c001000       x8=1c001000
16578830ns          298444 1c008b1a d2040413 addi             x8, x8, -736         x8=1c000d20  x8:1c001000
16579287ns          298467 1c008b1e 1c0019b7 lui              x19, 0x1c001000     x19=1c001000
16579327ns          298469 1c008b22 1c001937 lui              x18, 0x1c001000     x18=1c001000
16579347ns          298470 1c008b26 1c000a37 lui              x20, 0x1c000000     x20=1c000000
16579367ns          298471 1c008b2a d4898993 addi             x19, x19, -696      x19=1c000d48 x19:1c001000
16579804ns          298493 1c008b2e d7090913 addi             x18, x18, -656      x18=1c000d70 x18:1c001000
16579844ns          298495 1c008b32 02840a93 addi             x21, x8, 40         x21=1c000d48  x8:1c000d20
16579864ns          298496 1c008b36 014004b3 add              x9, x0, x20          x9=1c000000 x20:1c000000
16579884ns          298497 1c008b38 0044258b p.lw             x11, 4(x8!)         x11=eb2c5744  x8=1c000d24  x8:1c000d20  PA:1c000d20
16580341ns          298520 1c008b3c 0049a78b p.lw             x15, 4(x19!)        x15=c8cb3697 x19=1c000d4c x19:1c000d48  PA:1c000d48
16580679ns          298537 1c008b40 b007f5d7 pv.insert.sci.b  x11, x15, 0x0       x11=eb2c5797 x15:c8cb3697
16580699ns          298538 1c008b44 0049260b p.lw             x12, 4(x18!)        x12=eb2c5797 x18=1c000d74 x18:1c000d70  PA:1c000d70
16580998ns          298553 1c008b48 078a0513 addi             x10, x20, 120       x10=1c000078 x20:1c000000
16581017ns          298554 1c008b4c e10ff0ef jal              x1, -2544            x1=1c008b50
16581057ns          298556 1c00815c 1c0027b7 lui              x15, 0x1c002000     x15=1c002000
16581077ns          298557 1c008160 c7478793 addi             x15, x15, -908      x15=1c001c74 x15:1c002000
16581097ns          298558 1c008164 0007a703 lw               x14, 0(x15)         x14=0000017c x15:1c001c74  PA:1c001c74
16581395ns          298573 1c008166 00c006b3 add              x13, x0, x12        x13=eb2c5797 x12:eb2c5797
16581415ns          298574 1c008168 00170713 addi             x14, x14, 1         x14=0000017d x14:0000017c
16581435ns          298575 1c00816a 00e7a023 sw               x14, 0(x15)         x14:0000017d x15:1c001c74  PA:1c001c74
16581753ns          298591 1c00816c 02c58163 beq              x11, x12, 34        x11:eb2c5797 x12:eb2c5797
16581813ns          298594 1c00818e 00008067 jalr             x0, x1, 0            x1:1c008b50
16581853ns          298596 1c008b50 ff5414e3 bne              x8, x21, -24         x8:1c000d24 x21:1c000d48
16581913ns          298599 1c008b38 0044258b p.lw             x11, 4(x8!)         x11=1ad0f85e  x8=1c000d28  x8:1c000d24  PA:1c000d24
16582231ns          298615 1c008b3c 0049a78b p.lw             x15, 4(x19!)        x15=9985a632 x19=1c000d50 x19:1c000d4c  PA:1c000d4c
16582549ns          298631 1c008b40 b007f5d7 pv.insert.sci.b  x11, x15, 0x0       x11=1ad0f832 x15:9985a632
16582569ns          298632 1c008b44 0049260b p.lw             x12, 4(x18!)        x12=1ad0f832 x18=1c000d78 x18:1c000d74  PA:1c000d74
16582867ns          298647 1c008b48 078a0513 addi             x10, x20, 120       x10=1c000078 x20:1c000000
16582887ns          298648 1c008b4c e10ff0ef jal              x1, -2544            x1=1c008b50
16582927ns          298650 1c00815c 1c0027b7 lui              x15, 0x1c002000     x15=1c002000
16582947ns          298651 1c008160 c7478793 addi             x15, x15, -908      x15=1c001c74 x15:1c002000
16582967ns          298652 1c008164 0007a703 lw               x14, 0(x15)         x14=0000017d x15:1c001c74  PA:1c001c74
16583285ns          298668 1c008166 00c006b3 add              x13, x0, x12        x13=1ad0f832 x12:1ad0f832
16583305ns          298669 1c008168 00170713 addi             x14, x14, 1         x14=0000017e x14:0000017d
16583325ns          298670 1c00816a 00e7a023 sw               x14, 0(x15)         x14:0000017e x15:1c001c74  PA:1c001c74
16583643ns          298686 1c00816c 02c58163 beq              x11, x12, 34        x11:1ad0f832 x12:1ad0f832
16583703ns          298689 1c00818e 00008067 jalr             x0, x1, 0            x1:1c008b50
16583743ns          298691 1c008b50 ff5414e3 bne              x8, x21, -24         x8:1c000d28 x21:1c000d48
16583802ns          298694 1c008b38 0044258b p.lw             x11, 4(x8!)         x11=9202c8ae  x8=1c000d2c  x8:1c000d28  PA:1c000d28
16584101ns          298709 1c008b3c 0049a78b p.lw             x15, 4(x19!)        x15=e578441b x19=1c000d54 x19:1c000d50  PA:1c000d50
16584419ns          298725 1c008b40 b007f5d7 pv.insert.sci.b  x11, x15, 0x0       x11=9202c81b x15:e578441b
16584439ns          298726 1c008b44 0049260b p.lw             x12, 4(x18!)        x12=9202c81b x18=1c000d7c x18:1c000d78  PA:1c000d78
16584737ns          298741 1c008b48 078a0513 addi             x10, x20, 120       x10=1c000078 x20:1c000000
16584757ns          298742 1c008b4c e10ff0ef jal              x1, -2544            x1=1c008b50
16584797ns          298744 1c00815c 1c0027b7 lui              x15, 0x1c002000     x15=1c002000
16584817ns          298745 1c008160 c7478793 addi             x15, x15, -908      x15=1c001c74 x15:1c002000
16584837ns          298746 1c008164 0007a703 lw               x14, 0(x15)         x14=0000017e x15:1c001c74  PA:1c001c74
16585135ns          298761 1c008166 00c006b3 add              x13, x0, x12        x13=9202c81b x12:9202c81b
16585155ns          298762 1c008168 00170713 addi             x14, x14, 1         x14=0000017f x14:0000017e
16585175ns          298763 1c00816a 00e7a023 sw               x14, 0(x15)         x14:0000017f x15:1c001c74  PA:1c001c74
16585493ns          298779 1c00816c 02c58163 beq              x11, x12, 34        x11:9202c81b x12:9202c81b
16585553ns          298782 1c00818e 00008067 jalr             x0, x1, 0            x1:1c008b50
16585592ns          298784 1c008b50 ff5414e3 bne              x8, x21, -24         x8:1c000d2c x21:1c000d48
16585652ns          298787 1c008b38 0044258b p.lw             x11, 4(x8!)         x11=e9a84043  x8=1c000d30  x8:1c000d2c  PA:1c000d2c
16585970ns          298803 1c008b3c 0049a78b p.lw             x15, 4(x19!)        x15=eda800a7 x19=1c000d58 x19:1c000d54  PA:1c000d54
16586289ns          298819 1c008b40 b007f5d7 pv.insert.sci.b  x11, x15, 0x0       x11=e9a840a7 x15:eda800a7
16586308ns          298820 1c008b44 0049260b p.lw             x12, 4(x18!)        x12=e9a840a7 x18=1c000d80 x18:1c000d7c  PA:1c000d7c
16586607ns          298835 1c008b48 078a0513 addi             x10, x20, 120       x10=1c000078 x20:1c000000
16586627ns          298836 1c008b4c e10ff0ef jal              x1, -2544            x1=1c008b50
16586666ns          298838 1c00815c 1c0027b7 lui              x15, 0x1c002000     x15=1c002000
16586686ns          298839 1c008160 c7478793 addi             x15, x15, -908      x15=1c001c74 x15:1c002000
16586706ns          298840 1c008164 0007a703 lw               x14, 0(x15)         x14=0000017f x15:1c001c74  PA:1c001c74
16587025ns          298856 1c008166 00c006b3 add              x13, x0, x12        x13=e9a840a7 x12:e9a840a7
16587044ns          298857 1c008168 00170713 addi             x14, x14, 1         x14=00000180 x14:0000017f
16587064ns          298858 1c00816a 00e7a023 sw               x14, 0(x15)         x14:00000180 x15:1c001c74  PA:1c001c74
16587383ns          298874 1c00816c 02c58163 beq              x11, x12, 34        x11:e9a840a7 x12:e9a840a7
16587442ns          298877 1c00818e 00008067 jalr             x0, x1, 0            x1:1c008b50
16587482ns          298879 1c008b50 ff5414e3 bne              x8, x21, -24         x8:1c000d30 x21:1c000d48
16587542ns          298882 1c008b38 0044258b p.lw             x11, 4(x8!)         x11=94a18e95  x8=1c000d34  x8:1c000d30  PA:1c000d30
16587840ns          298897 1c008b3c 0049a78b p.lw             x15, 4(x19!)        x15=32c5fe38 x19=1c000d5c x19:1c000d58  PA:1c000d58
16588178ns          298914 1c008b40 b007f5d7 pv.insert.sci.b  x11, x15, 0x0       x11=94a18e38 x15:32c5fe38
16588198ns          298915 1c008b44 0049260b p.lw             x12, 4(x18!)        x12=94a18e38 x18=1c000d84 x18:1c000d80  PA:1c000d80
16588496ns          298930 1c008b48 078a0513 addi             x10, x20, 120       x10=1c000078 x20:1c000000
16588516ns          298931 1c008b4c e10ff0ef jal              x1, -2544            x1=1c008b50
16588556ns          298933 1c00815c 1c0027b7 lui              x15, 0x1c002000     x15=1c002000
16588576ns          298934 1c008160 c7478793 addi             x15, x15, -908      x15=1c001c74 x15:1c002000
16588596ns          298935 1c008164 0007a703 lw               x14, 0(x15)         x14=00000180 x15:1c001c74  PA:1c001c74
16588894ns          298950 1c008166 00c006b3 add              x13, x0, x12        x13=94a18e38 x12:94a18e38
16588914ns          298951 1c008168 00170713 addi             x14, x14, 1         x14=00000181 x14:00000180
16588934ns          298952 1c00816a 00e7a023 sw               x14, 0(x15)         x14:00000181 x15:1c001c74  PA:1c001c74
16589252ns          298968 1c00816c 02c58163 beq              x11, x12, 34        x11:94a18e38 x12:94a18e38
16589312ns          298971 1c00818e 00008067 jalr             x0, x1, 0            x1:1c008b50
16589352ns          298973 1c008b50 ff5414e3 bne              x8, x21, -24         x8:1c000d34 x21:1c000d48
16589411ns          298976 1c008b38 0044258b p.lw             x11, 4(x8!)         x11=ca45b391  x8=1c000d38  x8:1c000d34  PA:1c000d34
16589710ns          298991 1c008b3c 0049a78b p.lw             x15, 4(x19!)        x15=8c603999 x19=1c000d60 x19:1c000d5c  PA:1c000d5c
16590028ns          299007 1c008b40 b007f5d7 pv.insert.sci.b  x11, x15, 0x0       x11=ca45b399 x15:8c603999
16590048ns          299008 1c008b44 0049260b p.lw             x12, 4(x18!)        x12=ca45b399 x18=1c000d88 x18:1c000d84  PA:1c000d84
16590346ns          299023 1c008b48 078a0513 addi             x10, x20, 120       x10=1c000078 x20:1c000000
16590366ns          299024 1c008b4c e10ff0ef jal              x1, -2544            x1=1c008b50
16590406ns          299026 1c00815c 1c0027b7 lui              x15, 0x1c002000     x15=1c002000
16590426ns          299027 1c008160 c7478793 addi             x15, x15, -908      x15=1c001c74 x15:1c002000
16590446ns          299028 1c008164 0007a703 lw               x14, 0(x15)         x14=00000181 x15:1c001c74  PA:1c001c74
16590744ns          299043 1c008166 00c006b3 add              x13, x0, x12        x13=ca45b399 x12:ca45b399
16590764ns          299044 1c008168 00170713 addi             x14, x14, 1         x14=00000182 x14:00000181
16590784ns          299045 1c00816a 00e7a023 sw               x14, 0(x15)         x14:00000182 x15:1c001c74  PA:1c001c74
16591122ns          299062 1c00816c 02c58163 beq              x11, x12, 34        x11:ca45b399 x12:ca45b399
16591182ns          299065 1c00818e 00008067 jalr             x0, x1, 0            x1:1c008b50
16591221ns          299067 1c008b50 ff5414e3 bne              x8, x21, -24         x8:1c000d38 x21:1c000d48
16591281ns          299070 1c008b38 0044258b p.lw             x11, 4(x8!)         x11=155b7660  x8=1c000d3c  x8:1c000d38  PA:1c000d38
16591579ns          299085 1c008b3c 0049a78b p.lw             x15, 4(x19!)        x15=126068ea x19=1c000d64 x19:1c000d60  PA:1c000d60
16591898ns          299101 1c008b40 b007f5d7 pv.insert.sci.b  x11, x15, 0x0       x11=155b76ea x15:126068ea
16591918ns          299102 1c008b44 0049260b p.lw             x12, 4(x18!)        x12=155b76ea x18=1c000d8c x18:1c000d88  PA:1c000d88
16592216ns          299117 1c008b48 078a0513 addi             x10, x20, 120       x10=1c000078 x20:1c000000
16592236ns          299118 1c008b4c e10ff0ef jal              x1, -2544            x1=1c008b50
16592276ns          299120 1c00815c 1c0027b7 lui              x15, 0x1c002000     x15=1c002000
16592296ns          299121 1c008160 c7478793 addi             x15, x15, -908      x15=1c001c74 x15:1c002000
16592315ns          299122 1c008164 0007a703 lw               x14, 0(x15)         x14=00000182 x15:1c001c74  PA:1c001c74
16592634ns          299138 1c008166 00c006b3 add              x13, x0, x12        x13=155b76ea x12:155b76ea
16592654ns          299139 1c008168 00170713 addi             x14, x14, 1         x14=00000183 x14:00000182
16592673ns          299140 1c00816a 00e7a023 sw               x14, 0(x15)         x14:00000183 x15:1c001c74  PA:1c001c74
16592992ns          299156 1c00816c 02c58163 beq              x11, x12, 34        x11:155b76ea x12:155b76ea
16593051ns          299159 1c00818e 00008067 jalr             x0, x1, 0            x1:1c008b50
16593091ns          299161 1c008b50 ff5414e3 bne              x8, x21, -24         x8:1c000d3c x21:1c000d48
16593151ns          299164 1c008b38 0044258b p.lw             x11, 4(x8!)         x11=b0241d0e  x8=1c000d40  x8:1c000d3c  PA:1c000d3c
16593449ns          299179 1c008b3c 0049a78b p.lw             x15, 4(x19!)        x15=4d9d38ca x19=1c000d68 x19:1c000d64  PA:1c000d64
16593767ns          299195 1c008b40 b007f5d7 pv.insert.sci.b  x11, x15, 0x0       x11=b0241dca x15:4d9d38ca
16593787ns          299196 1c008b44 0049260b p.lw             x12, 4(x18!)        x12=b0241dca x18=1c000d90 x18:1c000d8c  PA:1c000d8c
16594106ns          299212 1c008b48 078a0513 addi             x10, x20, 120       x10=1c000078 x20:1c000000
16594126ns          299213 1c008b4c e10ff0ef jal              x1, -2544            x1=1c008b50
16594165ns          299215 1c00815c 1c0027b7 lui              x15, 0x1c002000     x15=1c002000
16594185ns          299216 1c008160 c7478793 addi             x15, x15, -908      x15=1c001c74 x15:1c002000
16594205ns          299217 1c008164 0007a703 lw               x14, 0(x15)         x14=00000183 x15:1c001c74  PA:1c001c74
16594523ns          299233 1c008166 00c006b3 add              x13, x0, x12        x13=b0241dca x12:b0241dca
16594543ns          299234 1c008168 00170713 addi             x14, x14, 1         x14=00000184 x14:00000183
16594563ns          299235 1c00816a 00e7a023 sw               x14, 0(x15)         x14:00000184 x15:1c001c74  PA:1c001c74
16594881ns          299251 1c00816c 02c58163 beq              x11, x12, 34        x11:b0241dca x12:b0241dca
16594941ns          299254 1c00818e 00008067 jalr             x0, x1, 0            x1:1c008b50
16594981ns          299256 1c008b50 ff5414e3 bne              x8, x21, -24         x8:1c000d40 x21:1c000d48
16595040ns          299259 1c008b38 0044258b p.lw             x11, 4(x8!)         x11=1f173487  x8=1c000d44  x8:1c000d40  PA:1c000d40
16595339ns          299274 1c008b3c 0049a78b p.lw             x15, 4(x19!)        x15=4bf86c7d x19=1c000d6c x19:1c000d68  PA:1c000d68
16595677ns          299291 1c008b40 b007f5d7 pv.insert.sci.b  x11, x15, 0x0       x11=1f17347d x15:4bf86c7d
16595697ns          299292 1c008b44 0049260b p.lw             x12, 4(x18!)        x12=1f17347d x18=1c000d94 x18:1c000d90  PA:1c000d90
16595995ns          299307 1c008b48 078a0513 addi             x10, x20, 120       x10=1c000078 x20:1c000000
16596015ns          299308 1c008b4c e10ff0ef jal              x1, -2544            x1=1c008b50
16596055ns          299310 1c00815c 1c0027b7 lui              x15, 0x1c002000     x15=1c002000
16596075ns          299311 1c008160 c7478793 addi             x15, x15, -908      x15=1c001c74 x15:1c002000
16596095ns          299312 1c008164 0007a703 lw               x14, 0(x15)         x14=00000184 x15:1c001c74  PA:1c001c74
16596393ns          299327 1c008166 00c006b3 add              x13, x0, x12        x13=1f17347d x12:1f17347d
16596413ns          299328 1c008168 00170713 addi             x14, x14, 1         x14=00000185 x14:00000184
16596433ns          299329 1c00816a 00e7a023 sw               x14, 0(x15)         x14:00000185 x15:1c001c74  PA:1c001c74
16596751ns          299345 1c00816c 02c58163 beq              x11, x12, 34        x11:1f17347d x12:1f17347d
16596811ns          299348 1c00818e 00008067 jalr             x0, x1, 0            x1:1c008b50
16596851ns          299350 1c008b50 ff5414e3 bne              x8, x21, -24         x8:1c000d44 x21:1c000d48
16596910ns          299353 1c008b38 0044258b p.lw             x11, 4(x8!)         x11=4c232f41  x8=1c000d48  x8:1c000d44  PA:1c000d44
16597209ns          299368 1c008b3c 0049a78b p.lw             x15, 4(x19!)        x15=61334227 x19=1c000d70 x19:1c000d6c  PA:1c000d6c
16597527ns          299384 1c008b40 b007f5d7 pv.insert.sci.b  x11, x15, 0x0       x11=4c232f27 x15:61334227
16597547ns          299385 1c008b44 0049260b p.lw             x12, 4(x18!)        x12=4c232f27 x18=1c000d98 x18:1c000d94  PA:1c000d94
16597845ns          299400 1c008b48 078a0513 addi             x10, x20, 120       x10=1c000078 x20:1c000000
16597865ns          299401 1c008b4c e10ff0ef jal              x1, -2544            x1=1c008b50
16597905ns          299403 1c00815c 1c0027b7 lui              x15, 0x1c002000     x15=1c002000
16597925ns          299404 1c008160 c7478793 addi             x15, x15, -908      x15=1c001c74 x15:1c002000
16597945ns          299405 1c008164 0007a703 lw               x14, 0(x15)         x14=00000185 x15:1c001c74  PA:1c001c74
16598243ns          299420 1c008166 00c006b3 add              x13, x0, x12        x13=4c232f27 x12:4c232f27
16598263ns          299421 1c008168 00170713 addi             x14, x14, 1         x14=00000186 x14:00000185
16598283ns          299422 1c00816a 00e7a023 sw               x14, 0(x15)         x14:00000186 x15:1c001c74  PA:1c001c74
16598621ns          299439 1c00816c 02c58163 beq              x11, x12, 34        x11:4c232f27 x12:4c232f27
16598680ns          299442 1c00818e 00008067 jalr             x0, x1, 0            x1:1c008b50
16598720ns          299444 1c008b50 ff5414e3 bne              x8, x21, -24         x8:1c000d48 x21:1c000d48
16598740ns          299445 1c008b54 1c001437 lui              x8, 0x1c001000       x8=1c001000
16598760ns          299446 1c008b58 d9840413 addi             x8, x8, -616         x8=1c000d98  x8:1c001000
16598780ns          299447 1c008b5c 1c0019b7 lui              x19, 0x1c001000     x19=1c001000
16599218ns          299469 1c008b60 1c001937 lui              x18, 0x1c001000     x18=1c001000
16599257ns          299471 1c008b64 dc098993 addi             x19, x19, -576      x19=1c000dc0 x19:1c001000
16599277ns          299472 1c008b68 de890913 addi             x18, x18, -536      x18=1c000de8 x18:1c001000
16599297ns          299473 1c008b6c 02840a13 addi             x20, x8, 40         x20=1c000dc0  x8:1c000d98
16599735ns          299495 1c008b70 0044258b p.lw             x11, 4(x8!)         x11=3b68f142  x8=1c000d9c  x8:1c000d98  PA:1c000d98
16600053ns          299511 1c008b74 0049a78b p.lw             x15, 4(x19!)        x15=f134bb43 x19=1c000dc4 x19:1c000dc0  PA:1c000dc0
16600371ns          299527 1c008b78 b207f5d7 pv.insert.sci.b  x11, x15, 0x1       x11=3b684342 x15:f134bb43
16600391ns          299528 1c008b7c 0049260b p.lw             x12, 4(x18!)        x12=3b684342 x18=1c000dec x18:1c000de8  PA:1c000de8
16600689ns          299543 1c008b80 07848513 addi             x10, x9, 120        x10=1c000078  x9:1c000000
16600709ns          299544 1c008b84 dd8ff0ef jal              x1, -2600            x1=1c008b88
16600928ns          299555 1c00815c 1c0027b7 lui              x15, 0x1c002000     x15=1c002000
16600948ns          299556 1c008160 c7478793 addi             x15, x15, -908      x15=1c001c74 x15:1c002000
16600968ns          299557 1c008164 0007a703 lw               x14, 0(x15)         x14=00000186 x15:1c001c74  PA:1c001c74
16601266ns          299572 1c008166 00c006b3 add              x13, x0, x12        x13=3b684342 x12:3b684342
16601286ns          299573 1c008168 00170713 addi             x14, x14, 1         x14=00000187 x14:00000186
16601306ns          299574 1c00816a 00e7a023 sw               x14, 0(x15)         x14:00000187 x15:1c001c74  PA:1c001c74
16601624ns          299590 1c00816c 02c58163 beq              x11, x12, 34        x11:3b684342 x12:3b684342
16601684ns          299593 1c00818e 00008067 jalr             x0, x1, 0            x1:1c008b88
16601724ns          299595 1c008b88 ff4414e3 bne              x8, x20, -24         x8:1c000d9c x20:1c000dc0
16601783ns          299598 1c008b70 0044258b p.lw             x11, 4(x8!)         x11=491eb209  x8=1c000da0  x8:1c000d9c  PA:1c000d9c
16602082ns          299613 1c008b74 0049a78b p.lw             x15, 4(x19!)        x15=01ff2d36 x19=1c000dc8 x19:1c000dc4  PA:1c000dc4
16602400ns          299629 1c008b78 b207f5d7 pv.insert.sci.b  x11, x15, 0x1       x11=491e3609 x15:01ff2d36
16602420ns          299630 1c008b7c 0049260b p.lw             x12, 4(x18!)        x12=491e3609 x18=1c000df0 x18:1c000dec  PA:1c000dec
16602718ns          299645 1c008b80 07848513 addi             x10, x9, 120        x10=1c000078  x9:1c000000
16602738ns          299646 1c008b84 dd8ff0ef jal              x1, -2600            x1=1c008b88
16602778ns          299648 1c00815c 1c0027b7 lui              x15, 0x1c002000     x15=1c002000
16602798ns          299649 1c008160 c7478793 addi             x15, x15, -908      x15=1c001c74 x15:1c002000
16602818ns          299650 1c008164 0007a703 lw               x14, 0(x15)         x14=00000187 x15:1c001c74  PA:1c001c74
16603116ns          299665 1c008166 00c006b3 add              x13, x0, x12        x13=491e3609 x12:491e3609
16603136ns          299666 1c008168 00170713 addi             x14, x14, 1         x14=00000188 x14:00000187
16603156ns          299667 1c00816a 00e7a023 sw               x14, 0(x15)         x14:00000188 x15:1c001c74  PA:1c001c74
16603474ns          299683 1c00816c 02c58163 beq              x11, x12, 34        x11:491e3609 x12:491e3609
16603534ns          299686 1c00818e 00008067 jalr             x0, x1, 0            x1:1c008b88
16603574ns          299688 1c008b88 ff4414e3 bne              x8, x20, -24         x8:1c000da0 x20:1c000dc0
16603633ns          299691 1c008b70 0044258b p.lw             x11, 4(x8!)         x11=7fb55288  x8=1c000da4  x8:1c000da0  PA:1c000da0
16603932ns          299706 1c008b74 0049a78b p.lw             x15, 4(x19!)        x15=6a581e5a x19=1c000dcc x19:1c000dc8  PA:1c000dc8
16604250ns          299722 1c008b78 b207f5d7 pv.insert.sci.b  x11, x15, 0x1       x11=7fb55a88 x15:6a581e5a
16604270ns          299723 1c008b7c 0049260b p.lw             x12, 4(x18!)        x12=7fb55a88 x18=1c000df4 x18:1c000df0  PA:1c000df0
16604608ns          299740 1c008b80 07848513 addi             x10, x9, 120        x10=1c000078  x9:1c000000
16604628ns          299741 1c008b84 dd8ff0ef jal              x1, -2600            x1=1c008b88
16604668ns          299743 1c00815c 1c0027b7 lui              x15, 0x1c002000     x15=1c002000
16604687ns          299744 1c008160 c7478793 addi             x15, x15, -908      x15=1c001c74 x15:1c002000
16604707ns          299745 1c008164 0007a703 lw               x14, 0(x15)         x14=00000188 x15:1c001c74  PA:1c001c74
16605026ns          299761 1c008166 00c006b3 add              x13, x0, x12        x13=7fb55a88 x12:7fb55a88
16605046ns          299762 1c008168 00170713 addi             x14, x14, 1         x14=00000189 x14:00000188
16605065ns          299763 1c00816a 00e7a023 sw               x14, 0(x15)         x14:00000189 x15:1c001c74  PA:1c001c74
16605384ns          299779 1c00816c 02c58163 beq              x11, x12, 34        x11:7fb55a88 x12:7fb55a88
16605443ns          299782 1c00818e 00008067 jalr             x0, x1, 0            x1:1c008b88
16605483ns          299784 1c008b88 ff4414e3 bne              x8, x20, -24         x8:1c000da4 x20:1c000dc0
16605543ns          299787 1c008b70 0044258b p.lw             x11, 4(x8!)         x11=806daffd  x8=1c000da8  x8:1c000da4  PA:1c000da4
16605881ns          299804 1c008b74 0049a78b p.lw             x15, 4(x19!)        x15=b55778d7 x19=1c000dd0 x19:1c000dcc  PA:1c000dcc
16606199ns          299820 1c008b78 b207f5d7 pv.insert.sci.b  x11, x15, 0x1       x11=806dd7fd x15:b55778d7
16606219ns          299821 1c008b7c 0049260b p.lw             x12, 4(x18!)        x12=806dd7fd x18=1c000df8 x18:1c000df4  PA:1c000df4
16606517ns          299836 1c008b80 07848513 addi             x10, x9, 120        x10=1c000078  x9:1c000000
16606537ns          299837 1c008b84 dd8ff0ef jal              x1, -2600            x1=1c008b88
16606577ns          299839 1c00815c 1c0027b7 lui              x15, 0x1c002000     x15=1c002000
16606597ns          299840 1c008160 c7478793 addi             x15, x15, -908      x15=1c001c74 x15:1c002000
16606617ns          299841 1c008164 0007a703 lw               x14, 0(x15)         x14=00000189 x15:1c001c74  PA:1c001c74
16606915ns          299856 1c008166 00c006b3 add              x13, x0, x12        x13=806dd7fd x12:806dd7fd
16606935ns          299857 1c008168 00170713 addi             x14, x14, 1         x14=0000018a x14:00000189
16606955ns          299858 1c00816a 00e7a023 sw               x14, 0(x15)         x14:0000018a x15:1c001c74  PA:1c001c74
16607293ns          299875 1c00816c 02c58163 beq              x11, x12, 34        x11:806dd7fd x12:806dd7fd
16607353ns          299878 1c00818e 00008067 jalr             x0, x1, 0            x1:1c008b88
16607393ns          299880 1c008b88 ff4414e3 bne              x8, x20, -24         x8:1c000da8 x20:1c000dc0
16607452ns          299883 1c008b70 0044258b p.lw             x11, 4(x8!)         x11=2ecc5110  x8=1c000dac  x8:1c000da8  PA:1c000da8
16607751ns          299898 1c008b74 0049a78b p.lw             x15, 4(x19!)        x15=c3e1463f x19=1c000dd4 x19:1c000dd0  PA:1c000dd0
16608069ns          299914 1c008b78 b207f5d7 pv.insert.sci.b  x11, x15, 0x1       x11=2ecc3f10 x15:c3e1463f
16608089ns          299915 1c008b7c 0049260b p.lw             x12, 4(x18!)        x12=2ecc3f10 x18=1c000dfc x18:1c000df8  PA:1c000df8
16608407ns          299931 1c008b80 07848513 addi             x10, x9, 120        x10=1c000078  x9:1c000000
16608427ns          299932 1c008b84 dd8ff0ef jal              x1, -2600            x1=1c008b88
16608467ns          299934 1c00815c 1c0027b7 lui              x15, 0x1c002000     x15=1c002000
16608487ns          299935 1c008160 c7478793 addi             x15, x15, -908      x15=1c001c74 x15:1c002000
16608507ns          299936 1c008164 0007a703 lw               x14, 0(x15)         x14=0000018a x15:1c001c74  PA:1c001c74
16608805ns          299951 1c008166 00c006b3 add              x13, x0, x12        x13=2ecc3f10 x12:2ecc3f10
16608825ns          299952 1c008168 00170713 addi             x14, x14, 1         x14=0000018b x14:0000018a
16608845ns          299953 1c00816a 00e7a023 sw               x14, 0(x15)         x14:0000018b x15:1c001c74  PA:1c001c74
16609163ns          299969 1c00816c 02c58163 beq              x11, x12, 34        x11:2ecc3f10 x12:2ecc3f10
16609223ns          299972 1c00818e 00008067 jalr             x0, x1, 0            x1:1c008b88
16609262ns          299974 1c008b88 ff4414e3 bne              x8, x20, -24         x8:1c000dac x20:1c000dc0
16609322ns          299977 1c008b70 0044258b p.lw             x11, 4(x8!)         x11=77927650  x8=1c000db0  x8:1c000dac  PA:1c000dac
16609620ns          299992 1c008b74 0049a78b p.lw             x15, 4(x19!)        x15=47634725 x19=1c000dd8 x19:1c000dd4  PA:1c000dd4
16609959ns          300009 1c008b78 b207f5d7 pv.insert.sci.b  x11, x15, 0x1       x11=77922550 x15:47634725
16609978ns          300010 1c008b7c 0049260b p.lw             x12, 4(x18!)        x12=77922550 x18=1c000e00 x18:1c000dfc  PA:1c000dfc
16610277ns          300025 1c008b80 07848513 addi             x10, x9, 120        x10=1c000078  x9:1c000000
16610297ns          300026 1c008b84 dd8ff0ef jal              x1, -2600            x1=1c008b88
16610336ns          300028 1c00815c 1c0027b7 lui              x15, 0x1c002000     x15=1c002000
16610356ns          300029 1c008160 c7478793 addi             x15, x15, -908      x15=1c001c74 x15:1c002000
16610376ns          300030 1c008164 0007a703 lw               x14, 0(x15)         x14=0000018b x15:1c001c74  PA:1c001c74
16610675ns          300045 1c008166 00c006b3 add              x13, x0, x12        x13=77922550 x12:77922550
16610694ns          300046 1c008168 00170713 addi             x14, x14, 1         x14=0000018c x14:0000018b
16610714ns          300047 1c00816a 00e7a023 sw               x14, 0(x15)         x14:0000018c x15:1c001c74  PA:1c001c74
16611033ns          300063 1c00816c 02c58163 beq              x11, x12, 34        x11:77922550 x12:77922550
16611092ns          300066 1c00818e 00008067 jalr             x0, x1, 0            x1:1c008b88
16611132ns          300068 1c008b88 ff4414e3 bne              x8, x20, -24         x8:1c000db0 x20:1c000dc0
16611192ns          300071 1c008b70 0044258b p.lw             x11, 4(x8!)         x11=24151c8c  x8=1c000db4  x8:1c000db0  PA:1c000db0
16611490ns          300086 1c008b74 0049a78b p.lw             x15, 4(x19!)        x15=57b936cc x19=1c000ddc x19:1c000dd8  PA:1c000dd8
16611828ns          300103 1c008b78 b207f5d7 pv.insert.sci.b  x11, x15, 0x1       x11=2415cc8c x15:57b936cc
16611848ns          300104 1c008b7c 0049260b p.lw             x12, 4(x18!)        x12=2415cc8c x18=1c000e04 x18:1c000e00  PA:1c000e00
16612147ns          300119 1c008b80 07848513 addi             x10, x9, 120        x10=1c000078  x9:1c000000
16612166ns          300120 1c008b84 dd8ff0ef jal              x1, -2600            x1=1c008b88
16612206ns          300122 1c00815c 1c0027b7 lui              x15, 0x1c002000     x15=1c002000
16612226ns          300123 1c008160 c7478793 addi             x15, x15, -908      x15=1c001c74 x15:1c002000
16612246ns          300124 1c008164 0007a703 lw               x14, 0(x15)         x14=0000018c x15:1c001c74  PA:1c001c74
16612564ns          300140 1c008166 00c006b3 add              x13, x0, x12        x13=2415cc8c x12:2415cc8c
16612584ns          300141 1c008168 00170713 addi             x14, x14, 1         x14=0000018d x14:0000018c
16612604ns          300142 1c00816a 00e7a023 sw               x14, 0(x15)         x14:0000018d x15:1c001c74  PA:1c001c74
16612942ns          300159 1c00816c 02c58163 beq              x11, x12, 34        x11:2415cc8c x12:2415cc8c
16613002ns          300162 1c00818e 00008067 jalr             x0, x1, 0            x1:1c008b88
16613042ns          300164 1c008b88 ff4414e3 bne              x8, x20, -24         x8:1c000db4 x20:1c000dc0
16613101ns          300167 1c008b70 0044258b p.lw             x11, 4(x8!)         x11=ee465718  x8=1c000db8  x8:1c000db4  PA:1c000db4
16613400ns          300182 1c008b74 0049a78b p.lw             x15, 4(x19!)        x15=7e4c88f0 x19=1c000de0 x19:1c000ddc  PA:1c000ddc
16613718ns          300198 1c008b78 b207f5d7 pv.insert.sci.b  x11, x15, 0x1       x11=ee46f018 x15:7e4c88f0
16613738ns          300199 1c008b7c 0049260b p.lw             x12, 4(x18!)        x12=ee46f018 x18=1c000e08 x18:1c000e04  PA:1c000e04
16614036ns          300214 1c008b80 07848513 addi             x10, x9, 120        x10=1c000078  x9:1c000000
16614056ns          300215 1c008b84 dd8ff0ef jal              x1, -2600            x1=1c008b88
16614096ns          300217 1c00815c 1c0027b7 lui              x15, 0x1c002000     x15=1c002000
16614116ns          300218 1c008160 c7478793 addi             x15, x15, -908      x15=1c001c74 x15:1c002000
16614136ns          300219 1c008164 0007a703 lw               x14, 0(x15)         x14=0000018d x15:1c001c74  PA:1c001c74
16614434ns          300234 1c008166 00c006b3 add              x13, x0, x12        x13=ee46f018 x12:ee46f018
16614454ns          300235 1c008168 00170713 addi             x14, x14, 1         x14=0000018e x14:0000018d
16614474ns          300236 1c00816a 00e7a023 sw               x14, 0(x15)         x14:0000018e x15:1c001c74  PA:1c001c74
16614792ns          300252 1c00816c 02c58163 beq              x11, x12, 34        x11:ee46f018 x12:ee46f018
16614852ns          300255 1c00818e 00008067 jalr             x0, x1, 0            x1:1c008b88
16614891ns          300257 1c008b88 ff4414e3 bne              x8, x20, -24         x8:1c000db8 x20:1c000dc0
16614951ns          300260 1c008b70 0044258b p.lw             x11, 4(x8!)         x11=815f51c9  x8=1c000dbc  x8:1c000db8  PA:1c000db8
16615269ns          300276 1c008b74 0049a78b p.lw             x15, 4(x19!)        x15=6783315f x19=1c000de4 x19:1c000de0  PA:1c000de0
16615588ns          300292 1c008b78 b207f5d7 pv.insert.sci.b  x11, x15, 0x1       x11=815f5fc9 x15:6783315f
16615608ns          300293 1c008b7c 0049260b p.lw             x12, 4(x18!)        x12=815f5fc9 x18=1c000e0c x18:1c000e08  PA:1c000e08
16615906ns          300308 1c008b80 07848513 addi             x10, x9, 120        x10=1c000078  x9:1c000000
16615926ns          300309 1c008b84 dd8ff0ef jal              x1, -2600            x1=1c008b88
16615966ns          300311 1c00815c 1c0027b7 lui              x15, 0x1c002000     x15=1c002000
16615985ns          300312 1c008160 c7478793 addi             x15, x15, -908      x15=1c001c74 x15:1c002000
16616005ns          300313 1c008164 0007a703 lw               x14, 0(x15)         x14=0000018e x15:1c001c74  PA:1c001c74
16616324ns          300329 1c008166 00c006b3 add              x13, x0, x12        x13=815f5fc9 x12:815f5fc9
16616343ns          300330 1c008168 00170713 addi             x14, x14, 1         x14=0000018f x14:0000018e
16616363ns          300331 1c00816a 00e7a023 sw               x14, 0(x15)         x14:0000018f x15:1c001c74  PA:1c001c74
16616682ns          300347 1c00816c 02c58163 beq              x11, x12, 34        x11:815f5fc9 x12:815f5fc9
16616741ns          300350 1c00818e 00008067 jalr             x0, x1, 0            x1:1c008b88
16616781ns          300352 1c008b88 ff4414e3 bne              x8, x20, -24         x8:1c000dbc x20:1c000dc0
16616841ns          300355 1c008b70 0044258b p.lw             x11, 4(x8!)         x11=1a0f2cbc  x8=1c000dc0  x8:1c000dbc  PA:1c000dbc
16617139ns          300370 1c008b74 0049a78b p.lw             x15, 4(x19!)        x15=c358039f x19=1c000de8 x19:1c000de4  PA:1c000de4
16617477ns          300387 1c008b78 b207f5d7 pv.insert.sci.b  x11, x15, 0x1       x11=1a0f9fbc x15:c358039f
16617497ns          300388 1c008b7c 0049260b p.lw             x12, 4(x18!)        x12=1a0f9fbc x18=1c000e10 x18:1c000e0c  PA:1c000e0c
16617795ns          300403 1c008b80 07848513 addi             x10, x9, 120        x10=1c000078  x9:1c000000
16617815ns          300404 1c008b84 dd8ff0ef jal              x1, -2600            x1=1c008b88
16617855ns          300406 1c00815c 1c0027b7 lui              x15, 0x1c002000     x15=1c002000
16617875ns          300407 1c008160 c7478793 addi             x15, x15, -908      x15=1c001c74 x15:1c002000
16617895ns          300408 1c008164 0007a703 lw               x14, 0(x15)         x14=0000018f x15:1c001c74  PA:1c001c74
16618193ns          300423 1c008166 00c006b3 add              x13, x0, x12        x13=1a0f9fbc x12:1a0f9fbc
16618213ns          300424 1c008168 00170713 addi             x14, x14, 1         x14=00000190 x14:0000018f
16618233ns          300425 1c00816a 00e7a023 sw               x14, 0(x15)         x14:00000190 x15:1c001c74  PA:1c001c74
16618551ns          300441 1c00816c 02c58163 beq              x11, x12, 34        x11:1a0f9fbc x12:1a0f9fbc
16618611ns          300444 1c00818e 00008067 jalr             x0, x1, 0            x1:1c008b88
16618651ns          300446 1c008b88 ff4414e3 bne              x8, x20, -24         x8:1c000dc0 x20:1c000dc0
16618671ns          300447 1c008b8c 1c001437 lui              x8, 0x1c001000       x8=1c001000
16618691ns          300448 1c008b90 e1040413 addi             x8, x8, -496         x8=1c000e10  x8:1c001000
16618710ns          300449 1c008b94 1c0019b7 lui              x19, 0x1c001000     x19=1c001000
16618730ns          300450 1c008b98 1c001937 lui              x18, 0x1c001000     x18=1c001000
16618750ns          300451 1c008b9c e3898993 addi             x19, x19, -456      x19=1c000e38 x19:1c001000
16619188ns          300473 1c008ba0 e6090913 addi             x18, x18, -416      x18=1c000e60 x18:1c001000
16619228ns          300475 1c008ba4 02840a13 addi             x20, x8, 40         x20=1c000e38  x8:1c000e10
16619248ns          300476 1c008ba8 0044258b p.lw             x11, 4(x8!)         x11=e78efb9d  x8=1c000e14  x8:1c000e10  PA:1c000e10
16619546ns          300491 1c008bac 0049a78b p.lw             x15, 4(x19!)        x15=0f9b463e x19=1c000e3c x19:1c000e38  PA:1c000e38
16619864ns          300507 1c008bb0 b017f5d7 pv.insert.sci.b  x11, x15, 0x2       x11=e73efb9d x15:0f9b463e
16619884ns          300508 1c008bb4 0049260b p.lw             x12, 4(x18!)        x12=e73efb9d x18=1c000e64 x18:1c000e60  PA:1c000e60
16620202ns          300524 1c008bb8 07848513 addi             x10, x9, 120        x10=1c000078  x9:1c000000
16620222ns          300525 1c008bbc da0ff0ef jal              x1, -2656            x1=1c008bc0
16620401ns          300534 1c00815c 1c0027b7 lui              x15, 0x1c002000     x15=1c002000
16620421ns          300535 1c008160 c7478793 addi             x15, x15, -908      x15=1c001c74 x15:1c002000
16620441ns          300536 1c008164 0007a703 lw               x14, 0(x15)         x14=00000190 x15:1c001c74  PA:1c001c74
16620739ns          300551 1c008166 00c006b3 add              x13, x0, x12        x13=e73efb9d x12:e73efb9d
16620759ns          300552 1c008168 00170713 addi             x14, x14, 1         x14=00000191 x14:00000190
16620779ns          300553 1c00816a 00e7a023 sw               x14, 0(x15)         x14:00000191 x15:1c001c74  PA:1c001c74
16621117ns          300570 1c00816c 02c58163 beq              x11, x12, 34        x11:e73efb9d x12:e73efb9d
16621177ns          300573 1c00818e 00008067 jalr             x0, x1, 0            x1:1c008bc0
16621217ns          300575 1c008bc0 ff4414e3 bne              x8, x20, -24         x8:1c000e14 x20:1c000e38
16621276ns          300578 1c008ba8 0044258b p.lw             x11, 4(x8!)         x11=e58c1213  x8=1c000e18  x8:1c000e14  PA:1c000e14
16621575ns          300593 1c008bac 0049a78b p.lw             x15, 4(x19!)        x15=db070fc5 x19=1c000e40 x19:1c000e3c  PA:1c000e3c
16621913ns          300610 1c008bb0 b017f5d7 pv.insert.sci.b  x11, x15, 0x2       x11=e5c51213 x15:db070fc5
16621933ns          300611 1c008bb4 0049260b p.lw             x12, 4(x18!)        x12=e5c51213 x18=1c000e68 x18:1c000e64  PA:1c000e64
16622251ns          300627 1c008bb8 07848513 addi             x10, x9, 120        x10=1c000078  x9:1c000000
16622271ns          300628 1c008bbc da0ff0ef jal              x1, -2656            x1=1c008bc0
16622311ns          300630 1c00815c 1c0027b7 lui              x15, 0x1c002000     x15=1c002000
16622331ns          300631 1c008160 c7478793 addi             x15, x15, -908      x15=1c001c74 x15:1c002000
16622350ns          300632 1c008164 0007a703 lw               x14, 0(x15)         x14=00000191 x15:1c001c74  PA:1c001c74
16622669ns          300648 1c008166 00c006b3 add              x13, x0, x12        x13=e5c51213 x12:e5c51213
16622689ns          300649 1c008168 00170713 addi             x14, x14, 1         x14=00000192 x14:00000191
16622709ns          300650 1c00816a 00e7a023 sw               x14, 0(x15)         x14:00000192 x15:1c001c74  PA:1c001c74
16623027ns          300666 1c00816c 02c58163 beq              x11, x12, 34        x11:e5c51213 x12:e5c51213
16623086ns          300669 1c00818e 00008067 jalr             x0, x1, 0            x1:1c008bc0
16623126ns          300671 1c008bc0 ff4414e3 bne              x8, x20, -24         x8:1c000e18 x20:1c000e38
16623186ns          300674 1c008ba8 0044258b p.lw             x11, 4(x8!)         x11=2b6283e7  x8=1c000e1c  x8:1c000e18  PA:1c000e18
16623484ns          300689 1c008bac 0049a78b p.lw             x15, 4(x19!)        x15=9ac5007c x19=1c000e44 x19:1c000e40  PA:1c000e40
16623822ns          300706 1c008bb0 b017f5d7 pv.insert.sci.b  x11, x15, 0x2       x11=2b7c83e7 x15:9ac5007c
16623842ns          300707 1c008bb4 0049260b p.lw             x12, 4(x18!)        x12=2b7c83e7 x18=1c000e6c x18:1c000e68  PA:1c000e68
16624141ns          300722 1c008bb8 07848513 addi             x10, x9, 120        x10=1c000078  x9:1c000000
16624161ns          300723 1c008bbc da0ff0ef jal              x1, -2656            x1=1c008bc0
16624200ns          300725 1c00815c 1c0027b7 lui              x15, 0x1c002000     x15=1c002000
16624220ns          300726 1c008160 c7478793 addi             x15, x15, -908      x15=1c001c74 x15:1c002000
16624240ns          300727 1c008164 0007a703 lw               x14, 0(x15)         x14=00000192 x15:1c001c74  PA:1c001c74
16624558ns          300743 1c008166 00c006b3 add              x13, x0, x12        x13=2b7c83e7 x12:2b7c83e7
16624578ns          300744 1c008168 00170713 addi             x14, x14, 1         x14=00000193 x14:00000192
16624598ns          300745 1c00816a 00e7a023 sw               x14, 0(x15)         x14:00000193 x15:1c001c74  PA:1c001c74
16624936ns          300762 1c00816c 02c58163 beq              x11, x12, 34        x11:2b7c83e7 x12:2b7c83e7
16624996ns          300765 1c00818e 00008067 jalr             x0, x1, 0            x1:1c008bc0
16625036ns          300767 1c008bc0 ff4414e3 bne              x8, x20, -24         x8:1c000e1c x20:1c000e38
16625095ns          300770 1c008ba8 0044258b p.lw             x11, 4(x8!)         x11=17367c87  x8=1c000e20  x8:1c000e1c  PA:1c000e1c
16625394ns          300785 1c008bac 0049a78b p.lw             x15, 4(x19!)        x15=681c04da x19=1c000e48 x19:1c000e44  PA:1c000e44
16625712ns          300801 1c008bb0 b017f5d7 pv.insert.sci.b  x11, x15, 0x2       x11=17da7c87 x15:681c04da
16625732ns          300802 1c008bb4 0049260b p.lw             x12, 4(x18!)        x12=17da7c87 x18=1c000e70 x18:1c000e6c  PA:1c000e6c
16626030ns          300817 1c008bb8 07848513 addi             x10, x9, 120        x10=1c000078  x9:1c000000
16626050ns          300818 1c008bbc da0ff0ef jal              x1, -2656            x1=1c008bc0
16626090ns          300820 1c00815c 1c0027b7 lui              x15, 0x1c002000     x15=1c002000
16626110ns          300821 1c008160 c7478793 addi             x15, x15, -908      x15=1c001c74 x15:1c002000
16626130ns          300822 1c008164 0007a703 lw               x14, 0(x15)         x14=00000193 x15:1c001c74  PA:1c001c74
16626428ns          300837 1c008166 00c006b3 add              x13, x0, x12        x13=17da7c87 x12:17da7c87
16626448ns          300838 1c008168 00170713 addi             x14, x14, 1         x14=00000194 x14:00000193
16626468ns          300839 1c00816a 00e7a023 sw               x14, 0(x15)         x14:00000194 x15:1c001c74  PA:1c001c74
16626786ns          300855 1c00816c 02c58163 beq              x11, x12, 34        x11:17da7c87 x12:17da7c87
16626846ns          300858 1c00818e 00008067 jalr             x0, x1, 0            x1:1c008bc0
16626886ns          300860 1c008bc0 ff4414e3 bne              x8, x20, -24         x8:1c000e20 x20:1c000e38
16626945ns          300863 1c008ba8 0044258b p.lw             x11, 4(x8!)         x11=2f2c9fea  x8=1c000e24  x8:1c000e20  PA:1c000e20
16627263ns          300879 1c008bac 0049a78b p.lw             x15, 4(x19!)        x15=7106b330 x19=1c000e4c x19:1c000e48  PA:1c000e48
16627582ns          300895 1c008bb0 b017f5d7 pv.insert.sci.b  x11, x15, 0x2       x11=2f309fea x15:7106b330
16627602ns          300896 1c008bb4 0049260b p.lw             x12, 4(x18!)        x12=2f309fea x18=1c000e74 x18:1c000e70  PA:1c000e70
16627900ns          300911 1c008bb8 07848513 addi             x10, x9, 120        x10=1c000078  x9:1c000000
16627920ns          300912 1c008bbc da0ff0ef jal              x1, -2656            x1=1c008bc0
16627960ns          300914 1c00815c 1c0027b7 lui              x15, 0x1c002000     x15=1c002000
16627980ns          300915 1c008160 c7478793 addi             x15, x15, -908      x15=1c001c74 x15:1c002000
16627999ns          300916 1c008164 0007a703 lw               x14, 0(x15)         x14=00000194 x15:1c001c74  PA:1c001c74
16628318ns          300932 1c008166 00c006b3 add              x13, x0, x12        x13=2f309fea x12:2f309fea
16628338ns          300933 1c008168 00170713 addi             x14, x14, 1         x14=00000195 x14:00000194
16628357ns          300934 1c00816a 00e7a023 sw               x14, 0(x15)         x14:00000195 x15:1c001c74  PA:1c001c74
16628676ns          300950 1c00816c 02c58163 beq              x11, x12, 34        x11:2f309fea x12:2f309fea
16628735ns          300953 1c00818e 00008067 jalr             x0, x1, 0            x1:1c008bc0
16628775ns          300955 1c008bc0 ff4414e3 bne              x8, x20, -24         x8:1c000e24 x20:1c000e38
16628835ns          300958 1c008ba8 0044258b p.lw             x11, 4(x8!)         x11=87509bec  x8=1c000e28  x8:1c000e24  PA:1c000e24
16629133ns          300973 1c008bac 0049a78b p.lw             x15, 4(x19!)        x15=5e2d0b76 x19=1c000e50 x19:1c000e4c  PA:1c000e4c
16629471ns          300990 1c008bb0 b017f5d7 pv.insert.sci.b  x11, x15, 0x2       x11=87769bec x15:5e2d0b76
16629491ns          300991 1c008bb4 0049260b p.lw             x12, 4(x18!)        x12=87769bec x18=1c000e78 x18:1c000e74  PA:1c000e74
16629790ns          301006 1c008bb8 07848513 addi             x10, x9, 120        x10=1c000078  x9:1c000000
16629810ns          301007 1c008bbc da0ff0ef jal              x1, -2656            x1=1c008bc0
16629849ns          301009 1c00815c 1c0027b7 lui              x15, 0x1c002000     x15=1c002000
16629869ns          301010 1c008160 c7478793 addi             x15, x15, -908      x15=1c001c74 x15:1c002000
16629889ns          301011 1c008164 0007a703 lw               x14, 0(x15)         x14=00000195 x15:1c001c74  PA:1c001c74
16630187ns          301026 1c008166 00c006b3 add              x13, x0, x12        x13=87769bec x12:87769bec
16630207ns          301027 1c008168 00170713 addi             x14, x14, 1         x14=00000196 x14:00000195
16630227ns          301028 1c00816a 00e7a023 sw               x14, 0(x15)         x14:00000196 x15:1c001c74  PA:1c001c74
16630545ns          301044 1c00816c 02c58163 beq              x11, x12, 34        x11:87769bec x12:87769bec
16630605ns          301047 1c00818e 00008067 jalr             x0, x1, 0            x1:1c008bc0
16630645ns          301049 1c008bc0 ff4414e3 bne              x8, x20, -24         x8:1c000e28 x20:1c000e38
16630705ns          301052 1c008ba8 0044258b p.lw             x11, 4(x8!)         x11=bbb22b8d  x8=1c000e2c  x8:1c000e28  PA:1c000e28
16631003ns          301067 1c008bac 0049a78b p.lw             x15, 4(x19!)        x15=59cf08d8 x19=1c000e54 x19:1c000e50  PA:1c000e50
16631321ns          301083 1c008bb0 b017f5d7 pv.insert.sci.b  x11, x15, 0x2       x11=bbd82b8d x15:59cf08d8
16631341ns          301084 1c008bb4 0049260b p.lw             x12, 4(x18!)        x12=bbd82b8d x18=1c000e7c x18:1c000e78  PA:1c000e78
16631639ns          301099 1c008bb8 07848513 addi             x10, x9, 120        x10=1c000078  x9:1c000000
16631659ns          301100 1c008bbc da0ff0ef jal              x1, -2656            x1=1c008bc0
16631699ns          301102 1c00815c 1c0027b7 lui              x15, 0x1c002000     x15=1c002000
16631719ns          301103 1c008160 c7478793 addi             x15, x15, -908      x15=1c001c74 x15:1c002000
16631739ns          301104 1c008164 0007a703 lw               x14, 0(x15)         x14=00000196 x15:1c001c74  PA:1c001c74
16632040ns          301119 1c008166 00c006b3 add              x13, x0, x12        x13=bbd82b8d x12:bbd82b8d
16632060ns          301120 1c008168 00170713 addi             x14, x14, 1         x14=00000197 x14:00000196
16632080ns          301121 1c00816a 00e7a023 sw               x14, 0(x15)         x14:00000197 x15:1c001c74  PA:1c001c74
16632421ns          301138 1c00816c 02c58163 beq              x11, x12, 34        x11:bbd82b8d x12:bbd82b8d
16632481ns          301141 1c00818e 00008067 jalr             x0, x1, 0            x1:1c008bc0
16632521ns          301143 1c008bc0 ff4414e3 bne              x8, x20, -24         x8:1c000e2c x20:1c000e38
16632581ns          301146 1c008ba8 0044258b p.lw             x11, 4(x8!)         x11=d968f9e5  x8=1c000e30  x8:1c000e2c  PA:1c000e2c
16632882ns          301161 1c008bac 0049a78b p.lw             x15, 4(x19!)        x15=b78b65b4 x19=1c000e58 x19:1c000e54  PA:1c000e54
16633203ns          301177 1c008bb0 b017f5d7 pv.insert.sci.b  x11, x15, 0x2       x11=d9b4f9e5 x15:b78b65b4
16633224ns          301178 1c008bb4 0049260b p.lw             x12, 4(x18!)        x12=d9b4f9e5 x18=1c000e80 x18:1c000e7c  PA:1c000e7c
16633524ns          301193 1c008bb8 07848513 addi             x10, x9, 120        x10=1c000078  x9:1c000000
16633545ns          301194 1c008bbc da0ff0ef jal              x1, -2656            x1=1c008bc0
16633585ns          301196 1c00815c 1c0027b7 lui              x15, 0x1c002000     x15=1c002000
16633605ns          301197 1c008160 c7478793 addi             x15, x15, -908      x15=1c001c74 x15:1c002000
16633625ns          301198 1c008164 0007a703 lw               x14, 0(x15)         x14=00000197 x15:1c001c74  PA:1c001c74
16633926ns          301213 1c008166 00c006b3 add              x13, x0, x12        x13=d9b4f9e5 x12:d9b4f9e5
16633946ns          301214 1c008168 00170713 addi             x14, x14, 1         x14=00000198 x14:00000197
16633966ns          301215 1c00816a 00e7a023 sw               x14, 0(x15)         x14:00000198 x15:1c001c74  PA:1c001c74
16634287ns          301231 1c00816c 02c58163 beq              x11, x12, 34        x11:d9b4f9e5 x12:d9b4f9e5
16634347ns          301234 1c00818e 00008067 jalr             x0, x1, 0            x1:1c008bc0
16634387ns          301236 1c008bc0 ff4414e3 bne              x8, x20, -24         x8:1c000e30 x20:1c000e38
16634447ns          301239 1c008ba8 0044258b p.lw             x11, 4(x8!)         x11=4b79a4dc  x8=1c000e34  x8:1c000e30  PA:1c000e30
16634748ns          301254 1c008bac 0049a78b p.lw             x15, 4(x19!)        x15=f040f2d6 x19=1c000e5c x19:1c000e58  PA:1c000e58
16635070ns          301270 1c008bb0 b017f5d7 pv.insert.sci.b  x11, x15, 0x2       x11=4bd6a4dc x15:f040f2d6
16635090ns          301271 1c008bb4 0049260b p.lw             x12, 4(x18!)        x12=4bd6a4dc x18=1c000e84 x18:1c000e80  PA:1c000e80
16635391ns          301286 1c008bb8 07848513 addi             x10, x9, 120        x10=1c000078  x9:1c000000
16635411ns          301287 1c008bbc da0ff0ef jal              x1, -2656            x1=1c008bc0
16635451ns          301289 1c00815c 1c0027b7 lui              x15, 0x1c002000     x15=1c002000
16635471ns          301290 1c008160 c7478793 addi             x15, x15, -908      x15=1c001c74 x15:1c002000
16635491ns          301291 1c008164 0007a703 lw               x14, 0(x15)         x14=00000198 x15:1c001c74  PA:1c001c74
16635812ns          301307 1c008166 00c006b3 add              x13, x0, x12        x13=4bd6a4dc x12:4bd6a4dc
16635832ns          301308 1c008168 00170713 addi             x14, x14, 1         x14=00000199 x14:00000198
16635852ns          301309 1c00816a 00e7a023 sw               x14, 0(x15)         x14:00000199 x15:1c001c74  PA:1c001c74
16636173ns          301325 1c00816c 02c58163 beq              x11, x12, 34        x11:4bd6a4dc x12:4bd6a4dc
16636233ns          301328 1c00818e 00008067 jalr             x0, x1, 0            x1:1c008bc0
16636273ns          301330 1c008bc0 ff4414e3 bne              x8, x20, -24         x8:1c000e34 x20:1c000e38
16636334ns          301333 1c008ba8 0044258b p.lw             x11, 4(x8!)         x11=6edf7ca8  x8=1c000e38  x8:1c000e34  PA:1c000e34
16636675ns          301350 1c008bac 0049a78b p.lw             x15, 4(x19!)        x15=b6c1ab5f x19=1c000e60 x19:1c000e5c  PA:1c000e5c
16636996ns          301366 1c008bb0 b017f5d7 pv.insert.sci.b  x11, x15, 0x2       x11=6e5f7ca8 x15:b6c1ab5f
16637016ns          301367 1c008bb4 0049260b p.lw             x12, 4(x18!)        x12=6e5f7ca8 x18=1c000e88 x18:1c000e84  PA:1c000e84
16637317ns          301382 1c008bb8 07848513 addi             x10, x9, 120        x10=1c000078  x9:1c000000
16637337ns          301383 1c008bbc da0ff0ef jal              x1, -2656            x1=1c008bc0
16637377ns          301385 1c00815c 1c0027b7 lui              x15, 0x1c002000     x15=1c002000
16637397ns          301386 1c008160 c7478793 addi             x15, x15, -908      x15=1c001c74 x15:1c002000
16637417ns          301387 1c008164 0007a703 lw               x14, 0(x15)         x14=00000199 x15:1c001c74  PA:1c001c74
16637718ns          301402 1c008166 00c006b3 add              x13, x0, x12        x13=6e5f7ca8 x12:6e5f7ca8
16637738ns          301403 1c008168 00170713 addi             x14, x14, 1         x14=0000019a x14:00000199
16637758ns          301404 1c00816a 00e7a023 sw               x14, 0(x15)         x14:0000019a x15:1c001c74  PA:1c001c74
16638079ns          301420 1c00816c 02c58163 beq              x11, x12, 34        x11:6e5f7ca8 x12:6e5f7ca8
16638140ns          301423 1c00818e 00008067 jalr             x0, x1, 0            x1:1c008bc0
16638180ns          301425 1c008bc0 ff4414e3 bne              x8, x20, -24         x8:1c000e38 x20:1c000e38
16638200ns          301426 1c008bc4 1c001437 lui              x8, 0x1c001000       x8=1c001000
16638220ns          301427 1c008bc8 e8840413 addi             x8, x8, -376         x8=1c000e88  x8:1c001000
16638240ns          301428 1c008bcc 1c0019b7 lui              x19, 0x1c001000     x19=1c001000
16638681ns          301450 1c008bd0 1c001937 lui              x18, 0x1c001000     x18=1c001000
16638721ns          301452 1c008bd4 eb098993 addi             x19, x19, -336      x19=1c000eb0 x19:1c001000
16638741ns          301453 1c008bd8 ed890913 addi             x18, x18, -296      x18=1c000ed8 x18:1c001000
16638762ns          301454 1c008bdc 02840a13 addi             x20, x8, 40         x20=1c000eb0  x8:1c000e88
16639203ns          301476 1c008be0 0044258b p.lw             x11, 4(x8!)         x11=0bb5c012  x8=1c000e8c  x8:1c000e88  PA:1c000e88
16639524ns          301492 1c008be4 0049a78b p.lw             x15, 4(x19!)        x15=e0ab5f86 x19=1c000eb4 x19:1c000eb0  PA:1c000eb0
16639865ns          301509 1c008be8 b217f5d7 pv.insert.sci.b  x11, x15, 0x3       x11=86b5c012 x15:e0ab5f86
16639885ns          301510 1c008bec 0049260b p.lw             x12, 4(x18!)        x12=86b5c012 x18=1c000edc x18:1c000ed8  PA:1c000ed8
16640206ns          301526 1c008bf0 07848513 addi             x10, x9, 120        x10=1c000078  x9:1c000000
16640226ns          301527 1c008bf4 d68ff0ef jal              x1, -2712            x1=1c008bf8
16640427ns          301537 1c00815c 1c0027b7 lui              x15, 0x1c002000     x15=1c002000
16640447ns          301538 1c008160 c7478793 addi             x15, x15, -908      x15=1c001c74 x15:1c002000
16640467ns          301539 1c008164 0007a703 lw               x14, 0(x15)         x14=0000019a x15:1c001c74  PA:1c001c74
16640788ns          301555 1c008166 00c006b3 add              x13, x0, x12        x13=86b5c012 x12:86b5c012
16640808ns          301556 1c008168 00170713 addi             x14, x14, 1         x14=0000019b x14:0000019a
16640828ns          301557 1c00816a 00e7a023 sw               x14, 0(x15)         x14:0000019b x15:1c001c74  PA:1c001c74
16641149ns          301573 1c00816c 02c58163 beq              x11, x12, 34        x11:86b5c012 x12:86b5c012
16641210ns          301576 1c00818e 00008067 jalr             x0, x1, 0            x1:1c008bf8
16641250ns          301578 1c008bf8 fe8a14e3 bne              x20, x8, -24        x20:1c000eb0  x8:1c000e8c
16641310ns          301581 1c008be0 0044258b p.lw             x11, 4(x8!)         x11=430ea9cb  x8=1c000e90  x8:1c000e8c  PA:1c000e8c
16641631ns          301597 1c008be4 0049a78b p.lw             x15, 4(x19!)        x15=9850d861 x19=1c000eb8 x19:1c000eb4  PA:1c000eb4
16641952ns          301613 1c008be8 b217f5d7 pv.insert.sci.b  x11, x15, 0x3       x11=610ea9cb x15:9850d861
16641972ns          301614 1c008bec 0049260b p.lw             x12, 4(x18!)        x12=610ea9cb x18=1c000ee0 x18:1c000edc  PA:1c000edc
16642273ns          301629 1c008bf0 07848513 addi             x10, x9, 120        x10=1c000078  x9:1c000000
16642293ns          301630 1c008bf4 d68ff0ef jal              x1, -2712            x1=1c008bf8
16642333ns          301632 1c00815c 1c0027b7 lui              x15, 0x1c002000     x15=1c002000
16642353ns          301633 1c008160 c7478793 addi             x15, x15, -908      x15=1c001c74 x15:1c002000
16642373ns          301634 1c008164 0007a703 lw               x14, 0(x15)         x14=0000019b x15:1c001c74  PA:1c001c74
16642674ns          301649 1c008166 00c006b3 add              x13, x0, x12        x13=610ea9cb x12:610ea9cb
16642694ns          301650 1c008168 00170713 addi             x14, x14, 1         x14=0000019c x14:0000019b
16642714ns          301651 1c00816a 00e7a023 sw               x14, 0(x15)         x14:0000019c x15:1c001c74  PA:1c001c74
16643056ns          301668 1c00816c 02c58163 beq              x11, x12, 34        x11:610ea9cb x12:610ea9cb
16643116ns          301671 1c00818e 00008067 jalr             x0, x1, 0            x1:1c008bf8
16643156ns          301673 1c008bf8 fe8a14e3 bne              x20, x8, -24        x20:1c000eb0  x8:1c000e90
16643216ns          301676 1c008be0 0044258b p.lw             x11, 4(x8!)         x11=525031c3  x8=1c000e94  x8:1c000e90  PA:1c000e90
16643517ns          301691 1c008be4 0049a78b p.lw             x15, 4(x19!)        x15=033bd362 x19=1c000ebc x19:1c000eb8  PA:1c000eb8
16643838ns          301707 1c008be8 b217f5d7 pv.insert.sci.b  x11, x15, 0x3       x11=625031c3 x15:033bd362
16643858ns          301708 1c008bec 0049260b p.lw             x12, 4(x18!)        x12=625031c3 x18=1c000ee4 x18:1c000ee0  PA:1c000ee0
16644179ns          301724 1c008bf0 07848513 addi             x10, x9, 120        x10=1c000078  x9:1c000000
16644199ns          301725 1c008bf4 d68ff0ef jal              x1, -2712            x1=1c008bf8
16644239ns          301727 1c00815c 1c0027b7 lui              x15, 0x1c002000     x15=1c002000
16644259ns          301728 1c008160 c7478793 addi             x15, x15, -908      x15=1c001c74 x15:1c002000
16644280ns          301729 1c008164 0007a703 lw               x14, 0(x15)         x14=0000019c x15:1c001c74  PA:1c001c74
16644601ns          301745 1c008166 00c006b3 add              x13, x0, x12        x13=625031c3 x12:625031c3
16644621ns          301746 1c008168 00170713 addi             x14, x14, 1         x14=0000019d x14:0000019c
16644641ns          301747 1c00816a 00e7a023 sw               x14, 0(x15)         x14:0000019d x15:1c001c74  PA:1c001c74
16644962ns          301763 1c00816c 02c58163 beq              x11, x12, 34        x11:625031c3 x12:625031c3
16645022ns          301766 1c00818e 00008067 jalr             x0, x1, 0            x1:1c008bf8
16645062ns          301768 1c008bf8 fe8a14e3 bne              x20, x8, -24        x20:1c000eb0  x8:1c000e94
16645122ns          301771 1c008be0 0044258b p.lw             x11, 4(x8!)         x11=1b88cc01  x8=1c000e98  x8:1c000e94  PA:1c000e94
16645443ns          301787 1c008be4 0049a78b p.lw             x15, 4(x19!)        x15=8547e435 x19=1c000ec0 x19:1c000ebc  PA:1c000ebc
16645764ns          301803 1c008be8 b217f5d7 pv.insert.sci.b  x11, x15, 0x3       x11=3588cc01 x15:8547e435
16645784ns          301804 1c008bec 0049260b p.lw             x12, 4(x18!)        x12=3588cc01 x18=1c000ee8 x18:1c000ee4  PA:1c000ee4
16646105ns          301820 1c008bf0 07848513 addi             x10, x9, 120        x10=1c000078  x9:1c000000
16646126ns          301821 1c008bf4 d68ff0ef jal              x1, -2712            x1=1c008bf8
16646166ns          301823 1c00815c 1c0027b7 lui              x15, 0x1c002000     x15=1c002000
16646186ns          301824 1c008160 c7478793 addi             x15, x15, -908      x15=1c001c74 x15:1c002000
16646206ns          301825 1c008164 0007a703 lw               x14, 0(x15)         x14=0000019d x15:1c001c74  PA:1c001c74
16646507ns          301840 1c008166 00c006b3 add              x13, x0, x12        x13=3588cc01 x12:3588cc01
16646527ns          301841 1c008168 00170713 addi             x14, x14, 1         x14=0000019e x14:0000019d
16646547ns          301842 1c00816a 00e7a023 sw               x14, 0(x15)         x14:0000019e x15:1c001c74  PA:1c001c74
16646868ns          301858 1c00816c 02c58163 beq              x11, x12, 34        x11:3588cc01 x12:3588cc01
16646928ns          301861 1c00818e 00008067 jalr             x0, x1, 0            x1:1c008bf8
16646968ns          301863 1c008bf8 fe8a14e3 bne              x20, x8, -24        x20:1c000eb0  x8:1c000e98
16647028ns          301866 1c008be0 0044258b p.lw             x11, 4(x8!)         x11=9b821665  x8=1c000e9c  x8:1c000e98  PA:1c000e98
16647329ns          301881 1c008be4 0049a78b p.lw             x15, 4(x19!)        x15=570018c7 x19=1c000ec4 x19:1c000ec0  PA:1c000ec0
16647650ns          301897 1c008be8 b217f5d7 pv.insert.sci.b  x11, x15, 0x3       x11=c7821665 x15:570018c7
16647671ns          301898 1c008bec 0049260b p.lw             x12, 4(x18!)        x12=c7821665 x18=1c000eec x18:1c000ee8  PA:1c000ee8
16647992ns          301914 1c008bf0 07848513 addi             x10, x9, 120        x10=1c000078  x9:1c000000
16648012ns          301915 1c008bf4 d68ff0ef jal              x1, -2712            x1=1c008bf8
16648052ns          301917 1c00815c 1c0027b7 lui              x15, 0x1c002000     x15=1c002000
16648072ns          301918 1c008160 c7478793 addi             x15, x15, -908      x15=1c001c74 x15:1c002000
16648092ns          301919 1c008164 0007a703 lw               x14, 0(x15)         x14=0000019e x15:1c001c74  PA:1c001c74
16648413ns          301935 1c008166 00c006b3 add              x13, x0, x12        x13=c7821665 x12:c7821665
16648433ns          301936 1c008168 00170713 addi             x14, x14, 1         x14=0000019f x14:0000019e
16648453ns          301937 1c00816a 00e7a023 sw               x14, 0(x15)         x14:0000019f x15:1c001c74  PA:1c001c74
16648774ns          301953 1c00816c 02c58163 beq              x11, x12, 34        x11:c7821665 x12:c7821665
16648834ns          301956 1c00818e 00008067 jalr             x0, x1, 0            x1:1c008bf8
16648874ns          301958 1c008bf8 fe8a14e3 bne              x20, x8, -24        x20:1c000eb0  x8:1c000e9c
16648935ns          301961 1c008be0 0044258b p.lw             x11, 4(x8!)         x11=585f2da4  x8=1c000ea0  x8:1c000e9c  PA:1c000e9c
16649256ns          301977 1c008be4 0049a78b p.lw             x15, 4(x19!)        x15=034e5493 x19=1c000ec8 x19:1c000ec4  PA:1c000ec4
16649577ns          301993 1c008be8 b217f5d7 pv.insert.sci.b  x11, x15, 0x3       x11=935f2da4 x15:034e5493
16649597ns          301994 1c008bec 0049260b p.lw             x12, 4(x18!)        x12=935f2da4 x18=1c000ef0 x18:1c000eec  PA:1c000eec
16649898ns          302009 1c008bf0 07848513 addi             x10, x9, 120        x10=1c000078  x9:1c000000
16649918ns          302010 1c008bf4 d68ff0ef jal              x1, -2712            x1=1c008bf8
16649958ns          302012 1c00815c 1c0027b7 lui              x15, 0x1c002000     x15=1c002000
16649978ns          302013 1c008160 c7478793 addi             x15, x15, -908      x15=1c001c74 x15:1c002000
16649998ns          302014 1c008164 0007a703 lw               x14, 0(x15)         x14=0000019f x15:1c001c74  PA:1c001c74
16650299ns          302029 1c008166 00c006b3 add              x13, x0, x12        x13=935f2da4 x12:935f2da4
16650319ns          302030 1c008168 00170713 addi             x14, x14, 1         x14=000001a0 x14:0000019f
16650339ns          302031 1c00816a 00e7a023 sw               x14, 0(x15)         x14:000001a0 x15:1c001c74  PA:1c001c74
16650680ns          302048 1c00816c 02c58163 beq              x11, x12, 34        x11:935f2da4 x12:935f2da4
16650741ns          302051 1c00818e 00008067 jalr             x0, x1, 0            x1:1c008bf8
16650781ns          302053 1c008bf8 fe8a14e3 bne              x20, x8, -24        x20:1c000eb0  x8:1c000ea0
16650841ns          302056 1c008be0 0044258b p.lw             x11, 4(x8!)         x11=a20a78aa  x8=1c000ea4  x8:1c000ea0  PA:1c000ea0
16651142ns          302071 1c008be4 0049a78b p.lw             x15, 4(x19!)        x15=4fa1633e x19=1c000ecc x19:1c000ec8  PA:1c000ec8
16651463ns          302087 1c008be8 b217f5d7 pv.insert.sci.b  x11, x15, 0x3       x11=3e0a78aa x15:4fa1633e
16651483ns          302088 1c008bec 0049260b p.lw             x12, 4(x18!)        x12=3e0a78aa x18=1c000ef4 x18:1c000ef0  PA:1c000ef0
16651804ns          302104 1c008bf0 07848513 addi             x10, x9, 120        x10=1c000078  x9:1c000000
16651824ns          302105 1c008bf4 d68ff0ef jal              x1, -2712            x1=1c008bf8
16651864ns          302107 1c00815c 1c0027b7 lui              x15, 0x1c002000     x15=1c002000
16651884ns          302108 1c008160 c7478793 addi             x15, x15, -908      x15=1c001c74 x15:1c002000
16651904ns          302109 1c008164 0007a703 lw               x14, 0(x15)         x14=000001a0 x15:1c001c74  PA:1c001c74
16652225ns          302125 1c008166 00c006b3 add              x13, x0, x12        x13=3e0a78aa x12:3e0a78aa
16652245ns          302126 1c008168 00170713 addi             x14, x14, 1         x14=000001a1 x14:000001a0
16652266ns          302127 1c00816a 00e7a023 sw               x14, 0(x15)         x14:000001a1 x15:1c001c74  PA:1c001c74
16652607ns          302144 1c00816c 02c58163 beq              x11, x12, 34        x11:3e0a78aa x12:3e0a78aa
16652667ns          302147 1c00818e 00008067 jalr             x0, x1, 0            x1:1c008bf8
16652707ns          302149 1c008bf8 fe8a14e3 bne              x20, x8, -24        x20:1c000eb0  x8:1c000ea4
16652767ns          302152 1c008be0 0044258b p.lw             x11, 4(x8!)         x11=940be2b8  x8=1c000ea8  x8:1c000ea4  PA:1c000ea4
16653088ns          302168 1c008be4 0049a78b p.lw             x15, 4(x19!)        x15=5d086e3f x19=1c000ed0 x19:1c000ecc  PA:1c000ecc
16653409ns          302184 1c008be8 b217f5d7 pv.insert.sci.b  x11, x15, 0x3       x11=3f0be2b8 x15:5d086e3f
16653429ns          302185 1c008bec 0049260b p.lw             x12, 4(x18!)        x12=3f0be2b8 x18=1c000ef8 x18:1c000ef4  PA:1c000ef4
16653730ns          302200 1c008bf0 07848513 addi             x10, x9, 120        x10=1c000078  x9:1c000000
16653750ns          302201 1c008bf4 d68ff0ef jal              x1, -2712            x1=1c008bf8
16653790ns          302203 1c00815c 1c0027b7 lui              x15, 0x1c002000     x15=1c002000
16653811ns          302204 1c008160 c7478793 addi             x15, x15, -908      x15=1c001c74 x15:1c002000
16653831ns          302205 1c008164 0007a703 lw               x14, 0(x15)         x14=000001a1 x15:1c001c74  PA:1c001c74
16654132ns          302220 1c008166 00c006b3 add              x13, x0, x12        x13=3f0be2b8 x12:3f0be2b8
16654152ns          302221 1c008168 00170713 addi             x14, x14, 1         x14=000001a2 x14:000001a1
16654172ns          302222 1c00816a 00e7a023 sw               x14, 0(x15)         x14:000001a2 x15:1c001c74  PA:1c001c74
16654493ns          302238 1c00816c 02c58163 beq              x11, x12, 34        x11:3f0be2b8 x12:3f0be2b8
16654553ns          302241 1c00818e 00008067 jalr             x0, x1, 0            x1:1c008bf8
16654593ns          302243 1c008bf8 fe8a14e3 bne              x20, x8, -24        x20:1c000eb0  x8:1c000ea8
16654653ns          302246 1c008be0 0044258b p.lw             x11, 4(x8!)         x11=a884169d  x8=1c000eac  x8:1c000ea8  PA:1c000ea8
16654954ns          302261 1c008be4 0049a78b p.lw             x15, 4(x19!)        x15=fb13dae2 x19=1c000ed4 x19:1c000ed0  PA:1c000ed0
16655275ns          302277 1c008be8 b217f5d7 pv.insert.sci.b  x11, x15, 0x3       x11=e284169d x15:fb13dae2
16655295ns          302278 1c008bec 0049260b p.lw             x12, 4(x18!)        x12=e284169d x18=1c000efc x18:1c000ef8  PA:1c000ef8
16655616ns          302294 1c008bf0 07848513 addi             x10, x9, 120        x10=1c000078  x9:1c000000
16655637ns          302295 1c008bf4 d68ff0ef jal              x1, -2712            x1=1c008bf8
16655677ns          302297 1c00815c 1c0027b7 lui              x15, 0x1c002000     x15=1c002000
16655697ns          302298 1c008160 c7478793 addi             x15, x15, -908      x15=1c001c74 x15:1c002000
16655717ns          302299 1c008164 0007a703 lw               x14, 0(x15)         x14=000001a2 x15:1c001c74  PA:1c001c74
16656018ns          302314 1c008166 00c006b3 add              x13, x0, x12        x13=e284169d x12:e284169d
16656038ns          302315 1c008168 00170713 addi             x14, x14, 1         x14=000001a3 x14:000001a2
16656058ns          302316 1c00816a 00e7a023 sw               x14, 0(x15)         x14:000001a3 x15:1c001c74  PA:1c001c74
16656379ns          302332 1c00816c 02c58163 beq              x11, x12, 34        x11:e284169d x12:e284169d
16656439ns          302335 1c00818e 00008067 jalr             x0, x1, 0            x1:1c008bf8
16656479ns          302337 1c008bf8 fe8a14e3 bne              x20, x8, -24        x20:1c000eb0  x8:1c000eac
16656539ns          302340 1c008be0 0044258b p.lw             x11, 4(x8!)         x11=ec4ba357  x8=1c000eb0  x8:1c000eac  PA:1c000eac
16656840ns          302355 1c008be4 0049a78b p.lw             x15, 4(x19!)        x15=9e60439f x19=1c000ed8 x19:1c000ed4  PA:1c000ed4
16657161ns          302371 1c008be8 b217f5d7 pv.insert.sci.b  x11, x15, 0x3       x11=9f4ba357 x15:9e60439f
16657182ns          302372 1c008bec 0049260b p.lw             x12, 4(x18!)        x12=9f4ba357 x18=1c000f00 x18:1c000efc  PA:1c000efc
16657483ns          302387 1c008bf0 07848513 addi             x10, x9, 120        x10=1c000078  x9:1c000000
16657503ns          302388 1c008bf4 d68ff0ef jal              x1, -2712            x1=1c008bf8
16657543ns          302390 1c00815c 1c0027b7 lui              x15, 0x1c002000     x15=1c002000
16657563ns          302391 1c008160 c7478793 addi             x15, x15, -908      x15=1c001c74 x15:1c002000
16657583ns          302392 1c008164 0007a703 lw               x14, 0(x15)         x14=000001a3 x15:1c001c74  PA:1c001c74
16657884ns          302407 1c008166 00c006b3 add              x13, x0, x12        x13=9f4ba357 x12:9f4ba357
16657904ns          302408 1c008168 00170713 addi             x14, x14, 1         x14=000001a4 x14:000001a3
16657924ns          302409 1c00816a 00e7a023 sw               x14, 0(x15)         x14:000001a4 x15:1c001c74  PA:1c001c74
16658245ns          302425 1c00816c 02c58163 beq              x11, x12, 34        x11:9f4ba357 x12:9f4ba357
16658305ns          302428 1c00818e 00008067 jalr             x0, x1, 0            x1:1c008bf8
16658345ns          302430 1c008bf8 fe8a14e3 bne              x20, x8, -24        x20:1c000eb0  x8:1c000eb0
16658365ns          302431 1c008bfc 01c12083 lw               x1, 28(x2)           x1=1c008c4c  x2:100007c8  PA:100007e4
16658385ns          302432 1c008bfe 01812403 lw               x8, 24(x2)           x8=00000000  x2:100007c8  PA:100007e0
16658406ns          302433 1c008c00 01412483 lw               x9, 20(x2)           x9=xxxxxxxx  x2:100007c8  PA:100007dc
16658426ns          302434 1c008c02 01012903 lw               x18, 16(x2)         x18=xxxxxxxx  x2:100007c8  PA:100007d8
16658446ns          302435 1c008c04 00c12983 lw               x19, 12(x2)         x19=xxxxxxxx  x2:100007c8  PA:100007d4
16658466ns          302436 1c008c06 00812a03 lw               x20, 8(x2)          x20=xxxxxxxx  x2:100007c8  PA:100007d0
16658486ns          302437 1c008c08 00412a83 lw               x21, 4(x2)          x21=xxxxxxxx  x2:100007c8  PA:100007cc
16658506ns          302438 1c008c0a 02010113 addi             x2, x2, 32           x2=100007e8  x2:100007c8
16658526ns          302439 1c008c0c 00008067 jalr             x0, x1, 0            x1:1c008c4c
16658947ns          302460 1c008c4c d44ff0ef jal              x1, -2748            x1=1c008c50
16659429ns          302484 1c008190 ff010113 addi             x2, x2, -16          x2=100007d8  x2:100007e8
16659449ns          302485 1c008192 00812423 sw               x8, 8(x2)            x8:00000000  x2:100007d8  PA:100007e0
16659469ns          302486 1c008194 1c002437 lui              x8, 0x1c002000       x8=1c002000
16659489ns          302487 1c008198 1c0027b7 lui              x15, 0x1c002000     x15=1c002000
16659509ns          302488 1c00819c c7040413 addi             x8, x8, -912         x8=1c001c70  x8:1c002000
16659930ns          302509 1c0081a0 c747a603 lw               x12, -908(x15)      x12=000001a4 x15:1c002000  PA:1c001c74
16660252ns          302525 1c0081a4 00042583 lw               x11, 0(x8)          x11=00000000  x8:1c001c70  PA:1c001c70
16660553ns          302540 1c0081a6 1c000537 lui              x10, 0x1c000000     x10=1c000000
16660573ns          302541 1c0081aa 25850513 addi             x10, x10, 600       x10=1c000258 x10:1c000000
16660593ns          302542 1c0081ae 00112623 sw               x1, 12(x2)           x1:1c008c50  x2:100007d8  PA:100007e4
16660613ns          302543 1c0081b0 53d000ef jal              x1, 3388             x1=1c0081b4
16660693ns          302547 1c008eec fc010113 addi             x2, x2, -64          x2=10000798  x2:100007d8
16660713ns          302548 1c008eee 02c12423 sw               x12, 40(x2)         x12:000001a4  x2:10000798  PA:100007c0
16660773ns          302551 1c008ef0 00a00633 add              x12, x0, x10        x12=1c000258 x10:1c000258
16660813ns          302553 1c008ef2 1c009537 lui              x10, 0x1c009000     x10=1c009000
16660833ns          302554 1c008ef6 02b12223 sw               x11, 36(x2)         x11:00000000  x2:10000798  PA:100007bc
16660854ns          302555 1c008ef8 02d12623 sw               x13, 44(x2)         x13:9f4ba357  x2:10000798  PA:100007c4
16660874ns          302556 1c008efa 00200593 addi             x11, x0, 2          x11=00000002
16660894ns          302557 1c008efc 02410693 addi             x13, x2, 36         x13=100007bc  x2:10000798
16661295ns          302577 1c008efe ebe50513 addi             x10, x10, -322      x10=1c008ebe x10:1c009000
16661315ns          302578 1c008f02 00112e23 sw               x1, 28(x2)           x1:1c0081b4  x2:10000798  PA:100007b4
16661335ns          302579 1c008f04 02e12823 sw               x14, 48(x2)         x14:000001a4  x2:10000798  PA:100007c8
16661355ns          302580 1c008f06 02f12a23 sw               x15, 52(x2)         x15:1c002000  x2:10000798  PA:100007cc
16661375ns          302581 1c008f08 03012c23 sw               x16, 56(x2)         x16:xxxxxxxx  x2:10000798  PA:100007d0
16661395ns          302582 1c008f0a 03112e23 sw               x17, 60(x2)         x17:xxxxxxxx  x2:10000798  PA:100007d4
16661415ns          302583 1c008f0c 00d12623 sw               x13, 12(x2)         x13:100007bc  x2:10000798  PA:100007a4
16661435ns          302584 1c008f0e fc3ff0ef jal              x1, -62              x1=1c008f10
16661897ns          302607 1c008ed0 1360006f jal              x0, 310            
16662358ns          302630 1c009006 eb010113 addi             x2, x2, -336         x2=10000648  x2:10000798
16662399ns          302632 1c009008 14912223 sw               x9, 324(x2)          x9:xxxxxxxx  x2:10000648  PA:1000078c
16662419ns          302633 1c00900c 15212023 sw               x18, 320(x2)        x18:xxxxxxxx  x2:10000648  PA:10000788
16662860ns          302655 1c009010 13812423 sw               x24, 296(x2)        x24:xxxxxxxx  x2:10000648  PA:10000770
16662900ns          302657 1c009014 14112623 sw               x1, 332(x2)          x1:1c008f10  x2:10000648  PA:10000794
16662920ns          302658 1c009018 14812423 sw               x8, 328(x2)          x8:1c001c70  x2:10000648  PA:10000790
16662940ns          302659 1c00901c 13312e23 sw               x19, 316(x2)        x19:xxxxxxxx  x2:10000648  PA:10000784
16663000ns          302662 1c009020 13412c23 sw               x20, 312(x2)        x20:xxxxxxxx  x2:10000648  PA:10000780
16663041ns          302664 1c009024 13512a23 sw               x21, 308(x2)        x21:xxxxxxxx  x2:10000648  PA:1000077c
16663061ns          302665 1c009028 13612823 sw               x22, 304(x2)        x22:xxxxxxxx  x2:10000648  PA:10000778
16663081ns          302666 1c00902c 13712623 sw               x23, 300(x2)        x23:xxxxxxxx  x2:10000648  PA:10000774
16663522ns          302688 1c009030 13912223 sw               x25, 292(x2)        x25:xxxxxxxx  x2:10000648  PA:1000076c
16663562ns          302690 1c009034 13a12023 sw               x26, 288(x2)        x26:xxxxxxxx  x2:10000648  PA:10000768
16663582ns          302691 1c009038 11b12e23 sw               x27, 284(x2)        x27:xxxxxxxx  x2:10000648  PA:10000764
16663602ns          302692 1c00903c 00a12c23 sw               x10, 24(x2)         x10:1c008ebe  x2:10000648  PA:10000660
16663623ns          302693 1c00903e 00b12e23 sw               x11, 28(x2)         x11:00000002  x2:10000648  PA:10000664
16664044ns          302714 1c009040 00c004b3 add              x9, x0, x12          x9=1c000258 x12:1c000258
16664064ns          302715 1c009042 00d00c33 add              x24, x0, x13        x24=100007bc x13:100007bc
16664084ns          302716 1c009044 00000913 addi             x18, x0, 0          x18=00000000
16664104ns          302717 1c009046 0004c503 lbu              x10, 0(x9)          x10=00000025  x9:1c000258  PA:1c000258
16664425ns          302733 1c00904a 00148b93 addi             x23, x9, 1          x23=1c000259  x9:1c000258
16664445ns          302734 1c00904e 00050b63 beq              x10, x0, 22         x10:00000025
16664586ns          302741 1c009050 02500793 addi             x15, x0, 37         x15=00000025
16664626ns          302743 1c009054 14f50563 beq              x10, x15, 330       x10:00000025 x15:00000025
16665569ns          302790 1c00919e 02000713 addi             x14, x0, 32         x14=00000020
16665589ns          302791 1c0091a2 00e12623 sw               x14, 12(x2)         x14:00000020  x2:10000648  PA:10000654
16665609ns          302792 1c0091a4 00000413 addi             x8, x0, 0            x8=00000000
16665629ns          302793 1c0091a6 00012823 sw               x0, 16(x2)           x2:10000648  PA:10000658
16665649ns          302794 1c0091a8 00012a23 sw               x0, 20(x2)           x2:10000648  PA:1000065c
16665669ns          302795 1c0091aa 00000c93 addi             x25, x0, 0          x25=00000000
16665689ns          302796 1c0091ac 02300993 addi             x19, x0, 35         x19=00000023
16665709ns          302797 1c0091b0 02d00a13 addi             x20, x0, 45         x20=0000002d
16665749ns          302799 1c0091b4 03000b13 addi             x22, x0, 48         x22=00000030
16665770ns          302800 1c0091b8 02b00d13 addi             x26, x0, 43         x26=0000002b
16665790ns          302801 1c0091bc 02000d93 addi             x27, x0, 32         x27=00000020
16665850ns          302804 1c0091c0 efbff06f jal              x0, -262           
16666351ns          302829 1c0090ba 000bca83 lbu              x21, 0(x23)         x21=00000064 x23:1c000259  PA:1c000259
16666813ns          302852 1c0090be 1c0007b7 lui              x15, 0x1c000000     x15=1c000000
16666833ns          302853 1c0090c2 015005b3 add              x11, x0, x21        x11=00000064 x21:00000064
16666853ns          302854 1c0090c4 28c78513 addi             x10, x15, 652       x10=1c00028c x15:1c000000
16666873ns          302855 1c0090c8 001b8493 addi             x9, x23, 1           x9=1c00025a x23:1c000259
16666893ns          302856 1c0090cc db9ff0ef jal              x1, -584             x1=1c0090ce
16667395ns          302881 1c008e84 0ff5f593 andi             x11, x11, 255       x11=00000064 x11:00000064
16667435ns          302883 1c008e88 00054703 lbu              x14, 0(x10)         x14=0000002d x10:1c00028c  PA:1c00028c
16667736ns          302898 1c008e8c 00a007b3 add              x15, x0, x10        x15=1c00028c x10:1c00028c
16667756ns          302899 1c008e8e 00150513 addi             x10, x10, 1         x10=1c00028d x10:1c00028c
16667776ns          302900 1c008e90 00b70563 beq              x14, x11, 10        x14:0000002d x11:00000064
16667796ns          302901 1c008e94 fe071ae3 bne              x14, x0, -12        x14:0000002d
16668298ns          302926 1c008e88 00054703 lbu              x14, 0(x10)         x14=0000002b x10:1c00028d  PA:1c00028d
16668599ns          302941 1c008e8c 00a007b3 add              x15, x0, x10        x15=1c00028d x10:1c00028d
16668619ns          302942 1c008e8e 00150513 addi             x10, x10, 1         x10=1c00028e x10:1c00028d
16668639ns          302943 1c008e90 00b70563 beq              x14, x11, 10        x14:0000002b x11:00000064
16668659ns          302944 1c008e94 fe071ae3 bne              x14, x0, -12        x14:0000002b
16668719ns          302947 1c008e88 00054703 lbu              x14, 0(x10)         x14=00000020 x10:1c00028e  PA:1c00028e
16669020ns          302962 1c008e8c 00a007b3 add              x15, x0, x10        x15=1c00028e x10:1c00028e
16669040ns          302963 1c008e8e 00150513 addi             x10, x10, 1         x10=1c00028f x10:1c00028e
16669060ns          302964 1c008e90 00b70563 beq              x14, x11, 10        x14:00000020 x11:00000064
16669080ns          302965 1c008e94 fe071ae3 bne              x14, x0, -12        x14:00000020
16669140ns          302968 1c008e88 00054703 lbu              x14, 0(x10)         x14=00000023 x10:1c00028f  PA:1c00028f
16669441ns          302983 1c008e8c 00a007b3 add              x15, x0, x10        x15=1c00028f x10:1c00028f
16669462ns          302984 1c008e8e 00150513 addi             x10, x10, 1         x10=1c000290 x10:1c00028f
16669482ns          302985 1c008e90 00b70563 beq              x14, x11, 10        x14:00000023 x11:00000064
16669502ns          302986 1c008e94 fe071ae3 bne              x14, x0, -12        x14:00000023
16669562ns          302989 1c008e88 00054703 lbu              x14, 0(x10)         x14=00000030 x10:1c000290  PA:1c000290
16669863ns          303004 1c008e8c 00a007b3 add              x15, x0, x10        x15=1c000290 x10:1c000290
16669883ns          303005 1c008e8e 00150513 addi             x10, x10, 1         x10=1c000291 x10:1c000290
16669903ns          303006 1c008e90 00b70563 beq              x14, x11, 10        x14:00000030 x11:00000064
16669923ns          303007 1c008e94 fe071ae3 bne              x14, x0, -12        x14:00000030
16669983ns          303010 1c008e88 00054703 lbu              x14, 0(x10)         x14=00000000 x10:1c000291  PA:1c000291
16670284ns          303025 1c008e8c 00a007b3 add              x15, x0, x10        x15=1c000291 x10:1c000291
16670304ns          303026 1c008e8e 00150513 addi             x10, x10, 1         x10=1c000292 x10:1c000291
16670324ns          303027 1c008e90 00b70563 beq              x14, x11, 10        x14:00000000 x11:00000064
16670344ns          303028 1c008e94 fe071ae3 bne              x14, x0, -12        x14:00000000
16670364ns          303029 1c008e96 00058263 beq              x11, x0, 4          x11:00000064
16670385ns          303030 1c008e98 00000793 addi             x15, x0, 0          x15=00000000
16670405ns          303031 1c008e9a 00f00533 add              x10, x0, x15        x10=00000000 x15:00000000
16670425ns          303032 1c008e9c 00008067 jalr             x0, x1, 0            x1:1c0090ce
16670465ns          303034 1c0090ce fc051de3 bne              x10, x0, -38        x10:00000000
16670485ns          303035 1c0090d0 02a00693 addi             x13, x0, 42         x13=0000002a
16670505ns          303036 1c0090d4 0eda9763 bne              x21, x13, 238       x21:00000064 x13:0000002a
16670645ns          303043 1c0091c2 fd0a8693 addi             x13, x21, -48       x13=00000034 x21:00000064
16670665ns          303044 1c0091c6 00900613 addi             x12, x0, 9          x12=00000009
16670686ns          303045 1c0091c8 00000993 addi             x19, x0, 0          x19=00000000
16670706ns          303046 1c0091ca f2d666e3 bltu             x12, x13, -212      x12:00000009 x13:00000034
16671629ns          303092 1c0090f6 0c800713 addi             x14, x0, 200        x14=000000c8
16671649ns          303093 1c0090fa 02e00693 addi             x13, x0, 46         x13=0000002e
16671709ns          303096 1c0090fe 04e9d9b3 p.minu           x19, x19, x14       x19=00000000 x19:00000000 x14:000000c8
16671729ns          303097 1c009102 fff00d13 addi             x26, x0, -1         x26=ffffffff
16671749ns          303098 1c009104 02da9463 bne              x21, x13, 40        x21:00000064 x13:0000002e
16672231ns          303122 1c00912c 1c0007b7 lui              x15, 0x1c000000     x15=1c000000
16672692ns          303145 1c009130 015005b3 add              x11, x0, x21        x11=00000064 x21:00000064
16672732ns          303147 1c009132 29478513 addi             x10, x15, 660       x10=1c000294 x15:1c000000
16672752ns          303148 1c009136 d4fff0ef jal              x1, -690             x1=1c009138
16672833ns          303152 1c008e84 0ff5f593 andi             x11, x11, 255       x11=00000064 x11:00000064
16672873ns          303154 1c008e88 00054703 lbu              x14, 0(x10)         x14=00000068 x10:1c000294  PA:1c000294
16673194ns          303170 1c008e8c 00a007b3 add              x15, x0, x10        x15=1c000294 x10:1c000294
16673214ns          303171 1c008e8e 00150513 addi             x10, x10, 1         x10=1c000295 x10:1c000294
16673234ns          303172 1c008e90 00b70563 beq              x14, x11, 10        x14:00000068 x11:00000064
16673254ns          303173 1c008e94 fe071ae3 bne              x14, x0, -12        x14:00000068
16673314ns          303176 1c008e88 00054703 lbu              x14, 0(x10)         x14=0000006c x10:1c000295  PA:1c000295
16673615ns          303191 1c008e8c 00a007b3 add              x15, x0, x10        x15=1c000295 x10:1c000295
16673635ns          303192 1c008e8e 00150513 addi             x10, x10, 1         x10=1c000296 x10:1c000295
16673655ns          303193 1c008e90 00b70563 beq              x14, x11, 10        x14:0000006c x11:00000064
16673675ns          303194 1c008e94 fe071ae3 bne              x14, x0, -12        x14:0000006c
16673735ns          303197 1c008e88 00054703 lbu              x14, 0(x10)         x14=0000004c x10:1c000296  PA:1c000296
16674036ns          303212 1c008e8c 00a007b3 add              x15, x0, x10        x15=1c000296 x10:1c000296
16674057ns          303213 1c008e8e 00150513 addi             x10, x10, 1         x10=1c000297 x10:1c000296
16674077ns          303214 1c008e90 00b70563 beq              x14, x11, 10        x14:0000004c x11:00000064
16674097ns          303215 1c008e94 fe071ae3 bne              x14, x0, -12        x14:0000004c
16674157ns          303218 1c008e88 00054703 lbu              x14, 0(x10)         x14=0000007a x10:1c000297  PA:1c000297
16674458ns          303233 1c008e8c 00a007b3 add              x15, x0, x10        x15=1c000297 x10:1c000297
16674478ns          303234 1c008e8e 00150513 addi             x10, x10, 1         x10=1c000298 x10:1c000297
16674498ns          303235 1c008e90 00b70563 beq              x14, x11, 10        x14:0000007a x11:00000064
16674518ns          303236 1c008e94 fe071ae3 bne              x14, x0, -12        x14:0000007a
16674578ns          303239 1c008e88 00054703 lbu              x14, 0(x10)         x14=00000000 x10:1c000298  PA:1c000298
16674899ns          303255 1c008e8c 00a007b3 add              x15, x0, x10        x15=1c000298 x10:1c000298
16674919ns          303256 1c008e8e 00150513 addi             x10, x10, 1         x10=1c000299 x10:1c000298
16674939ns          303257 1c008e90 00b70563 beq              x14, x11, 10        x14:00000000 x11:00000064
16674959ns          303258 1c008e94 fe071ae3 bne              x14, x0, -12        x14:00000000
16674980ns          303259 1c008e96 00058263 beq              x11, x0, 4          x11:00000064
16675000ns          303260 1c008e98 00000793 addi             x15, x0, 0          x15=00000000
16675020ns          303261 1c008e9a 00f00533 add              x10, x0, x15        x10=00000000 x15:00000000
16675040ns          303262 1c008e9c 00008067 jalr             x0, x1, 0            x1:1c009138
16675080ns          303264 1c009138 00050463 beq              x10, x0, 8          x10:00000000
16675581ns          303289 1c009140 06700693 addi             x13, x0, 103        x13=00000067
16675602ns          303290 1c009144 1356c563 blt              x13, x21, 298       x13:00000067 x21:00000064
16675622ns          303291 1c009148 06500693 addi             x13, x0, 101        x13=00000065
16675642ns          303292 1c00914c 20dad063 bge              x21, x13, 512       x21:00000064 x13:00000065
16676083ns          303314 1c009150 04700693 addi             x13, x0, 71         x13=00000047
16676123ns          303316 1c009154 0b56ce63 blt              x13, x21, 188       x13:00000047 x21:00000064
16676605ns          303340 1c009210 06300693 addi             x13, x0, 99         x13=00000063
16676645ns          303342 1c009214 0cda8e63 beq              x21, x13, 220       x21:00000064 x13:00000063
16676665ns          303343 1c009218 0756cb63 blt              x13, x21, 118       x13:00000063 x21:00000064
16678070ns          303413 1c00928e 000c2a83 lw               x21, 0(x24)         x21=00000000 x24:100007bc  PA:100007bc
16678110ns          303415 1c009292 004c0a13 addi             x20, x24, 4         x20=100007c0 x24:100007bc
16678130ns          303416 1c009296 04410b13 addi             x22, x2, 68         x22=1000068c  x2:10000648
16678150ns          303417 1c00929a 060ad663 bge              x21, x0, 108        x21:00000000
16678672ns          303443 1c009306 01012783 lw               x15, 16(x2)         x15=00000000  x2:10000648  PA:10000658
16678712ns          303445 1c009308 02b00693 addi             x13, x0, 43         x13=0000002b
16678732ns          303446 1c00930c 00079463 bne              x15, x0, 8          x15:00000000
16678752ns          303447 1c00930e 02040a63 beq              x8, x0, 52           x8:00000000
16679635ns          303491 1c009342 015005b3 add              x11, x0, x21        x11=00000000 x21:00000000
16679675ns          303493 1c009344 01600c33 add              x24, x0, x22        x24=1000068c x22:1000068c
16679695ns          303494 1c009346 fd9ff06f jal              x0, -40            
16679735ns          303496 1c00931e 01a006b3 add              x13, x0, x26        x13=ffffffff x26:ffffffff
16680176ns          303518 1c009320 00a00613 addi             x12, x0, 10         x12=0000000a
16680197ns          303519 1c009322 01800533 add              x10, x0, x24        x10=1000068c x24:1000068c
16680217ns          303520 1c009324 bf3ff0ef jal              x1, -1038            x1=1c009326
16680297ns          303524 1c008f16 00a00733 add              x14, x0, x10        x14=1000068c x10:1000068c
16680337ns          303526 1c008f18 00a007b3 add              x15, x0, x10        x15=1000068c x10:1000068c
16680357ns          303527 1c008f1a 00900313 addi             x6, x0, 9            x6=00000009
16680377ns          303528 1c008f1c 02c5f8b3 remu             x17, x11, x12       x17=00000000 x11:00000000 x12:0000000a
16681019ns          303560 1c008f20 02700513 addi             x10, x0, 39         x10=00000027
16681039ns          303561 1c008f24 02c5d5b3 divu             x11, x11, x12       x11=00000000 x11:00000000 x12:0000000a
16681661ns          303592 1c008f28 0ff8f813 andi             x16, x17, 255       x16=00000000 x17:00000000
16681681ns          303593 1c008f2c 01136363 bltu             x6, x17, 6           x6:00000009 x17:00000000
16681701ns          303594 1c008f30 00000513 addi             x10, x0, 0          x10=00000000
16681721ns          303595 1c008f32 03080813 addi             x16, x16, 48        x16=00000030 x16:00000000
16681742ns          303596 1c008f36 01050533 add              x10, x10, x16       x10=00000030 x10:00000000 x16:00000030
16681762ns          303597 1c008f38 00a780ab p.sb             x10, 1(x15!)        x15=1000068d x10:00000030 x15:1000068c  PA:1000068c
16681782ns          303598 1c008f3c fe0590e3 bne              x11, x0, -32        x11:00000000
16682203ns          303619 1c008f3e 03000613 addi             x12, x0, 48         x12=00000030
16682243ns          303621 1c008f42 40e78533 sub              x10, x15, x14       x10=00000001 x15:1000068d x14:1000068c
16682263ns          303622 1c008f46 00d54763 blt              x10, x13, 14        x10:00000001 x13:ffffffff
16682283ns          303623 1c008f4a fe078fab p.sb             x0, -1(x15!)        x15=1000068c x15:1000068d  PA:1000068d
16682725ns          303645 1c008f4e 00f76663 bltu             x14, x15, 12        x14:1000068c x15:1000068c
16682745ns          303646 1c008f52 00008067 jalr             x0, x1, 0            x1:1c009326
16682825ns          303650 1c009326 01012703 lw               x14, 16(x2)         x14=00000000  x2:10000648  PA:10000658
16682865ns          303652 1c009328 01850533 add              x10, x10, x24       x10=1000068d x10:00000001 x24:1000068c
16682885ns          303653 1c00932a 41650533 sub              x10, x10, x22       x10=00000001 x10:1000068d x22:1000068c
16682905ns          303654 1c00932e 00071d63 bne              x14, x0, 26         x14:00000000
16683327ns          303675 1c009330 00041363 bne              x8, x0, 6            x8:00000000
16683367ns          303677 1c009332 01fad413 srli             x8, x21, 0x1f        x8=00000000 x21:00000000
16683387ns          303678 1c009336 0bfd2363 p.beqimm         x26, 166            x26:ffffffff
16683868ns          303702 1c0093dc 0c800793 addi             x15, x0, 200        x15=000000c8
16684330ns          303725 1c0093e0 c8a7c1e3 blt              x15, x10, -894      x15:000000c8 x10:00000001
16684370ns          303727 1c0093e4 00a00cb3 add              x25, x0, x10        x25=00000001 x10:00000001
16684390ns          303728 1c0093e6 31e0006f jal              x0, 798            
16684852ns          303751 1c009704 04410b93 addi             x23, x2, 68         x23=1000068c  x2:10000648
16684892ns          303753 1c009708 0d3cc063 blt              x25, x19, 192       x25:00000001 x19:00000000
16684912ns          303754 1c00970c 019009b3 add              x19, x0, x25        x19=00000001 x25:00000001
16685353ns          303776 1c00970e 41790433 sub              x8, x18, x23         x8=effff974 x18:00000000 x23:1000068c
16685393ns          303778 1c009712 01740933 add              x18, x8, x23        x18=00000000  x8:effff974 x23:1000068c
16685414ns          303779 1c009716 980987e3 beq              x19, x0, -1650      x19:00000001
16685434ns          303780 1c00971a 01c12583 lw               x11, 28(x2)         x11=00000002  x2:10000648  PA:10000664
16685454ns          303781 1c00971c 001bc50b p.lbu            x10, 1(x23!)        x10=00000030 x23=1000068d x23:1000068c  PA:1000068c
16685875ns          303802 1c009720 01812783 lw               x15, 24(x2)         x15=1c008ebe  x2:10000648  PA:10000660
16685935ns          303805 1c009722 000780e7 jalr             x1, x15, 0           x1=1c009724 x15:1c008ebe
16686015ns          303809 1c008ebe ff010113 addi             x2, x2, -16          x2=10000638  x2:10000648
16686096ns          303813 1c008ec0 0ff57513 andi             x10, x10, 255       x10=00000030 x10:00000030
16686136ns          303815 1c008ec4 00112623 sw               x1, 12(x2)           x1:1c009724  x2:10000638  PA:10000644
16686156ns          303816 1c008ec6 f07ff0ef jal              x1, -250             x1=1c008ec8
16686617ns          303839 1c008dcc 000026b7 lui              x13, 0x2000         x13=00002000
16686698ns          303843 1c008dce f14027f3 csrrs            x15, x0, 0xf14      x15=00000000
16686738ns          303845 1c008dd2 f8068693 addi             x13, x13, -128      x13=00001f80 x13:00002000
16686758ns          303846 1c008dd6 00279713 slli             x14, x15, 0x2       x14=00000000 x15:00000000
16686778ns          303847 1c008dda 00379793 slli             x15, x15, 0x3       x15=00000000 x15:00000000
16686798ns          303848 1c008ddc 00d77733 and              x14, x14, x13       x14=00000000 x14:00000000 x13:00001f80
16686838ns          303850 1c008dde ee87b7b3 p.bclr           x15, x15, 23, 8     x15=00000000 x15:00000000
16686878ns          303852 1c008de2 1a10f6b7 lui              x13, 0x1a10f000     x13=1a10f000
16686898ns          303853 1c008de6 00d787b3 add              x15, x15, x13       x15=1a10f000 x15:00000000 x13:1a10f000
16686918ns          303854 1c008de8 00a767a3 p.sw             x10, x0(x14)        x10:00000030 x14:00000000  PA:1a10f000
16687239ns          303870 1c008dec 00008067 jalr             x0, x1, 0            x1:1c008ec8
16687400ns          303878 1c008ec8 00c12083 lw               x1, 12(x2)           x1=1c009724  x2:10000638  PA:10000644
16687420ns          303879 1c008eca 00000513 addi             x10, x0, 0          x10=00000000
16687440ns          303880 1c008ecc 01010113 addi             x2, x2, 16           x2=10000648  x2:10000638
16687460ns          303881 1c008ece 00008067 jalr             x0, x1, 0            x1:1c009724
16687520ns          303884 1c009724 93f52fe3 p.beqimm         x10, -1730          x10:00000000
16687540ns          303885 1c009728 fff98993 addi             x19, x19, -1        x19=00000000 x19:00000001
16687560ns          303886 1c00972a fe9ff06f jal              x0, -24            
16688062ns          303911 1c009712 01740933 add              x18, x8, x23        x18=00000001  x8:effff974 x23:1000068d
16688082ns          303912 1c009716 980987e3 beq              x19, x0, -1650      x19:00000000
16688183ns          303917 1c0090a4 01400c33 add              x24, x0, x20        x24=100007c0 x20:100007c0
16688203ns          303918 1c0090a6 fa1ff06f jal              x0, -96            
16688323ns          303924 1c009046 0004c503 lbu              x10, 0(x9)          x10=00000020  x9:1c00025a  PA:1c00025a
16688644ns          303940 1c00904a 00148b93 addi             x23, x9, 1          x23=1c00025b  x9:1c00025a
16688664ns          303941 1c00904e 00050b63 beq              x10, x0, 22         x10:00000020
16688684ns          303942 1c009050 02500793 addi             x15, x0, 37         x15=00000025
16688704ns          303943 1c009054 14f50563 beq              x10, x15, 330       x10:00000020 x15:00000025
16688724ns          303944 1c009058 01c12583 lw               x11, 28(x2)         x11=00000002  x2:10000648  PA:10000664
16688744ns          303945 1c00905a 01812703 lw               x14, 24(x2)         x14=1c008ebe  x2:10000648  PA:10000660
16688805ns          303948 1c00905c 000700e7 jalr             x1, x14, 0           x1=1c00905e x14:1c008ebe
16689246ns          303970 1c008ebe ff010113 addi             x2, x2, -16          x2=10000638  x2:10000648
16689286ns          303972 1c008ec0 0ff57513 andi             x10, x10, 255       x10=00000020 x10:00000020
16689306ns          303973 1c008ec4 00112623 sw               x1, 12(x2)           x1:1c00905e  x2:10000638  PA:10000644
16689326ns          303974 1c008ec6 f07ff0ef jal              x1, -250             x1=1c008ec8
16689407ns          303978 1c008dcc 000026b7 lui              x13, 0x2000         x13=00002000
16689487ns          303982 1c008dce f14027f3 csrrs            x15, x0, 0xf14      x15=00000000
16689527ns          303984 1c008dd2 f8068693 addi             x13, x13, -128      x13=00001f80 x13:00002000
16689547ns          303985 1c008dd6 00279713 slli             x14, x15, 0x2       x14=00000000 x15:00000000
16689567ns          303986 1c008dda 00379793 slli             x15, x15, 0x3       x15=00000000 x15:00000000
16689587ns          303987 1c008ddc 00d77733 and              x14, x14, x13       x14=00000000 x14:00000000 x13:00001f80
16689627ns          303989 1c008dde ee87b7b3 p.bclr           x15, x15, 23, 8     x15=00000000 x15:00000000
16689667ns          303991 1c008de2 1a10f6b7 lui              x13, 0x1a10f000     x13=1a10f000
16689687ns          303992 1c008de6 00d787b3 add              x15, x15, x13       x15=1a10f000 x15:00000000 x13:1a10f000
16689707ns          303993 1c008de8 00a767a3 p.sw             x10, x0(x14)        x10:00000020 x14:00000000  PA:1a10f000
16690029ns          304009 1c008dec 00008067 jalr             x0, x1, 0            x1:1c008ec8
16690049ns          304010 1c008ec8 00c12083 lw               x1, 12(x2)           x1=1c00905e  x2:10000638  PA:10000644
16690069ns          304011 1c008eca 00000513 addi             x10, x0, 0          x10=00000000
16690089ns          304012 1c008ecc 01010113 addi             x2, x2, 16           x2=10000648  x2:10000638
16690109ns          304013 1c008ece 00008067 jalr             x0, x1, 0            x1:1c00905e
16690209ns          304018 1c00905e 05f53063 p.bneimm         x10, 64             x10:00000000
16690309ns          304023 1c00909e 00190913 addi             x18, x18, 1         x18=00000002 x18:00000001
16690350ns          304025 1c0090a0 01800a33 add              x20, x0, x24        x20=100007c0 x24:100007c0
16690370ns          304026 1c0090a2 017004b3 add              x9, x0, x23          x9=1c00025b x23:1c00025b
16690390ns          304027 1c0090a4 01400c33 add              x24, x0, x20        x24=100007c0 x20:100007c0
16690410ns          304028 1c0090a6 fa1ff06f jal              x0, -96            
16690530ns          304034 1c009046 0004c503 lbu              x10, 0(x9)          x10=0000006f  x9:1c00025b  PA:1c00025b
16690851ns          304050 1c00904a 00148b93 addi             x23, x9, 1          x23=1c00025c  x9:1c00025b
16690871ns          304051 1c00904e 00050b63 beq              x10, x0, 22         x10:0000006f
16690891ns          304052 1c009050 02500793 addi             x15, x0, 37         x15=00000025
16690911ns          304053 1c009054 14f50563 beq              x10, x15, 330       x10:0000006f x15:00000025
16690931ns          304054 1c009058 01c12583 lw               x11, 28(x2)         x11=00000002  x2:10000648  PA:10000664
16690952ns          304055 1c00905a 01812703 lw               x14, 24(x2)         x14=1c008ebe  x2:10000648  PA:10000660
16691012ns          304058 1c00905c 000700e7 jalr             x1, x14, 0           x1=1c00905e x14:1c008ebe
16691052ns          304060 1c008ebe ff010113 addi             x2, x2, -16          x2=10000638  x2:10000648
16691072ns          304061 1c008ec0 0ff57513 andi             x10, x10, 255       x10=0000006f x10:0000006f
16691092ns          304062 1c008ec4 00112623 sw               x1, 12(x2)           x1:1c00905e  x2:10000638  PA:10000644
16691112ns          304063 1c008ec6 f07ff0ef jal              x1, -250             x1=1c008ec8
16691152ns          304065 1c008dcc 000026b7 lui              x13, 0x2000         x13=00002000
16691172ns          304066 1c008dce f14027f3 csrrs            x15, x0, 0xf14      x15=00000000
16691192ns          304067 1c008dd2 f8068693 addi             x13, x13, -128      x13=00001f80 x13:00002000
16691212ns          304068 1c008dd6 00279713 slli             x14, x15, 0x2       x14=00000000 x15:00000000
16691232ns          304069 1c008dda 00379793 slli             x15, x15, 0x3       x15=00000000 x15:00000000
16691253ns          304070 1c008ddc 00d77733 and              x14, x14, x13       x14=00000000 x14:00000000 x13:00001f80
16691273ns          304071 1c008dde ee87b7b3 p.bclr           x15, x15, 23, 8     x15=00000000 x15:00000000
16691293ns          304072 1c008de2 1a10f6b7 lui              x13, 0x1a10f000     x13=1a10f000
16691313ns          304073 1c008de6 00d787b3 add              x15, x15, x13       x15=1a10f000 x15:00000000 x13:1a10f000
16691333ns          304074 1c008de8 00a767a3 p.sw             x10, x0(x14)        x10:0000006f x14:00000000  PA:1a10f000
16691654ns          304090 1c008dec 00008067 jalr             x0, x1, 0            x1:1c008ec8
16691674ns          304091 1c008ec8 00c12083 lw               x1, 12(x2)           x1=1c00905e  x2:10000638  PA:10000644
16691694ns          304092 1c008eca 00000513 addi             x10, x0, 0          x10=00000000
16691714ns          304093 1c008ecc 01010113 addi             x2, x2, 16           x2=10000648  x2:10000638
16691734ns          304094 1c008ece 00008067 jalr             x0, x1, 0            x1:1c00905e
16691794ns          304097 1c00905e 05f53063 p.bneimm         x10, 64             x10:00000000
16691854ns          304100 1c00909e 00190913 addi             x18, x18, 1         x18=00000003 x18:00000002
16691875ns          304101 1c0090a0 01800a33 add              x20, x0, x24        x20=100007c0 x24:100007c0
16691895ns          304102 1c0090a2 017004b3 add              x9, x0, x23          x9=1c00025c x23:1c00025c
16691915ns          304103 1c0090a4 01400c33 add              x24, x0, x20        x24=100007c0 x20:100007c0
16691935ns          304104 1c0090a6 fa1ff06f jal              x0, -96            
16691995ns          304107 1c009046 0004c503 lbu              x10, 0(x9)          x10=00000066  x9:1c00025c  PA:1c00025c
16692296ns          304122 1c00904a 00148b93 addi             x23, x9, 1          x23=1c00025d  x9:1c00025c
16692316ns          304123 1c00904e 00050b63 beq              x10, x0, 22         x10:00000066
16692336ns          304124 1c009050 02500793 addi             x15, x0, 37         x15=00000025
16692356ns          304125 1c009054 14f50563 beq              x10, x15, 330       x10:00000066 x15:00000025
16692376ns          304126 1c009058 01c12583 lw               x11, 28(x2)         x11=00000002  x2:10000648  PA:10000664
16692396ns          304127 1c00905a 01812703 lw               x14, 24(x2)         x14=1c008ebe  x2:10000648  PA:10000660
16692456ns          304130 1c00905c 000700e7 jalr             x1, x14, 0           x1=1c00905e x14:1c008ebe
16692497ns          304132 1c008ebe ff010113 addi             x2, x2, -16          x2=10000638  x2:10000648
16692517ns          304133 1c008ec0 0ff57513 andi             x10, x10, 255       x10=00000066 x10:00000066
16692537ns          304134 1c008ec4 00112623 sw               x1, 12(x2)           x1:1c00905e  x2:10000638  PA:10000644
16692557ns          304135 1c008ec6 f07ff0ef jal              x1, -250             x1=1c008ec8
16692597ns          304137 1c008dcc 000026b7 lui              x13, 0x2000         x13=00002000
16692617ns          304138 1c008dce f14027f3 csrrs            x15, x0, 0xf14      x15=00000000
16692637ns          304139 1c008dd2 f8068693 addi             x13, x13, -128      x13=00001f80 x13:00002000
16692657ns          304140 1c008dd6 00279713 slli             x14, x15, 0x2       x14=00000000 x15:00000000
16692677ns          304141 1c008dda 00379793 slli             x15, x15, 0x3       x15=00000000 x15:00000000
16692697ns          304142 1c008ddc 00d77733 and              x14, x14, x13       x14=00000000 x14:00000000 x13:00001f80
16692717ns          304143 1c008dde ee87b7b3 p.bclr           x15, x15, 23, 8     x15=00000000 x15:00000000
16692737ns          304144 1c008de2 1a10f6b7 lui              x13, 0x1a10f000     x13=1a10f000
16692757ns          304145 1c008de6 00d787b3 add              x15, x15, x13       x15=1a10f000 x15:00000000 x13:1a10f000
16692777ns          304146 1c008de8 00a767a3 p.sw             x10, x0(x14)        x10:00000066 x14:00000000  PA:1a10f000
16693099ns          304162 1c008dec 00008067 jalr             x0, x1, 0            x1:1c008ec8
16693119ns          304163 1c008ec8 00c12083 lw               x1, 12(x2)           x1=1c00905e  x2:10000638  PA:10000644
16693139ns          304164 1c008eca 00000513 addi             x10, x0, 0          x10=00000000
16693159ns          304165 1c008ecc 01010113 addi             x2, x2, 16           x2=10000648  x2:10000638
16693179ns          304166 1c008ece 00008067 jalr             x0, x1, 0            x1:1c00905e
16693239ns          304169 1c00905e 05f53063 p.bneimm         x10, 64             x10:00000000
16693299ns          304172 1c00909e 00190913 addi             x18, x18, 1         x18=00000004 x18:00000003
16693319ns          304173 1c0090a0 01800a33 add              x20, x0, x24        x20=100007c0 x24:100007c0
16693339ns          304174 1c0090a2 017004b3 add              x9, x0, x23          x9=1c00025d x23:1c00025d
16693359ns          304175 1c0090a4 01400c33 add              x24, x0, x20        x24=100007c0 x20:100007c0
16693379ns          304176 1c0090a6 fa1ff06f jal              x0, -96            
16693440ns          304179 1c009046 0004c503 lbu              x10, 0(x9)          x10=00000020  x9:1c00025d  PA:1c00025d
16693761ns          304195 1c00904a 00148b93 addi             x23, x9, 1          x23=1c00025e  x9:1c00025d
16693781ns          304196 1c00904e 00050b63 beq              x10, x0, 22         x10:00000020
16693801ns          304197 1c009050 02500793 addi             x15, x0, 37         x15=00000025
16693821ns          304198 1c009054 14f50563 beq              x10, x15, 330       x10:00000020 x15:00000025
16693841ns          304199 1c009058 01c12583 lw               x11, 28(x2)         x11=00000002  x2:10000648  PA:10000664
16693861ns          304200 1c00905a 01812703 lw               x14, 24(x2)         x14=1c008ebe  x2:10000648  PA:10000660
16693921ns          304203 1c00905c 000700e7 jalr             x1, x14, 0           x1=1c00905e x14:1c008ebe
16693961ns          304205 1c008ebe ff010113 addi             x2, x2, -16          x2=10000638  x2:10000648
16693981ns          304206 1c008ec0 0ff57513 andi             x10, x10, 255       x10=00000020 x10:00000020
16694001ns          304207 1c008ec4 00112623 sw               x1, 12(x2)           x1:1c00905e  x2:10000638  PA:10000644
16694022ns          304208 1c008ec6 f07ff0ef jal              x1, -250             x1=1c008ec8
16694062ns          304210 1c008dcc 000026b7 lui              x13, 0x2000         x13=00002000
16694082ns          304211 1c008dce f14027f3 csrrs            x15, x0, 0xf14      x15=00000000
16694102ns          304212 1c008dd2 f8068693 addi             x13, x13, -128      x13=00001f80 x13:00002000
16694122ns          304213 1c008dd6 00279713 slli             x14, x15, 0x2       x14=00000000 x15:00000000
16694142ns          304214 1c008dda 00379793 slli             x15, x15, 0x3       x15=00000000 x15:00000000
16694162ns          304215 1c008ddc 00d77733 and              x14, x14, x13       x14=00000000 x14:00000000 x13:00001f80
16694182ns          304216 1c008dde ee87b7b3 p.bclr           x15, x15, 23, 8     x15=00000000 x15:00000000
16694202ns          304217 1c008de2 1a10f6b7 lui              x13, 0x1a10f000     x13=1a10f000
16694222ns          304218 1c008de6 00d787b3 add              x15, x15, x13       x15=1a10f000 x15:00000000 x13:1a10f000
16694242ns          304219 1c008de8 00a767a3 p.sw             x10, x0(x14)        x10:00000020 x14:00000000  PA:1a10f000
16694563ns          304235 1c008dec 00008067 jalr             x0, x1, 0            x1:1c008ec8
16694583ns          304236 1c008ec8 00c12083 lw               x1, 12(x2)           x1=1c00905e  x2:10000638  PA:10000644
16694603ns          304237 1c008eca 00000513 addi             x10, x0, 0          x10=00000000
16694624ns          304238 1c008ecc 01010113 addi             x2, x2, 16           x2=10000648  x2:10000638
16694644ns          304239 1c008ece 00008067 jalr             x0, x1, 0            x1:1c00905e
16694704ns          304242 1c00905e 05f53063 p.bneimm         x10, 64             x10:00000000
16694764ns          304245 1c00909e 00190913 addi             x18, x18, 1         x18=00000005 x18:00000004
16694784ns          304246 1c0090a0 01800a33 add              x20, x0, x24        x20=100007c0 x24:100007c0
16694804ns          304247 1c0090a2 017004b3 add              x9, x0, x23          x9=1c00025e x23:1c00025e
16694824ns          304248 1c0090a4 01400c33 add              x24, x0, x20        x24=100007c0 x20:100007c0
16694844ns          304249 1c0090a6 fa1ff06f jal              x0, -96            
16694904ns          304252 1c009046 0004c503 lbu              x10, 0(x9)          x10=00000025  x9:1c00025e  PA:1c00025e
16695205ns          304267 1c00904a 00148b93 addi             x23, x9, 1          x23=1c00025f  x9:1c00025e
16695225ns          304268 1c00904e 00050b63 beq              x10, x0, 22         x10:00000025
16695246ns          304269 1c009050 02500793 addi             x15, x0, 37         x15=00000025
16695266ns          304270 1c009054 14f50563 beq              x10, x15, 330       x10:00000025 x15:00000025
16695446ns          304279 1c00919e 02000713 addi             x14, x0, 32         x14=00000020
16695466ns          304280 1c0091a2 00e12623 sw               x14, 12(x2)         x14:00000020  x2:10000648  PA:10000654
16695486ns          304281 1c0091a4 00000413 addi             x8, x0, 0            x8=00000000
16695506ns          304282 1c0091a6 00012823 sw               x0, 16(x2)           x2:10000648  PA:10000658
16695526ns          304283 1c0091a8 00012a23 sw               x0, 20(x2)           x2:10000648  PA:1000065c
16695547ns          304284 1c0091aa 00000c93 addi             x25, x0, 0          x25=00000000
16695567ns          304285 1c0091ac 02300993 addi             x19, x0, 35         x19=00000023
16695587ns          304286 1c0091b0 02d00a13 addi             x20, x0, 45         x20=0000002d
16695607ns          304287 1c0091b4 03000b13 addi             x22, x0, 48         x22=00000030
16695627ns          304288 1c0091b8 02b00d13 addi             x26, x0, 43         x26=0000002b
16695647ns          304289 1c0091bc 02000d93 addi             x27, x0, 32         x27=00000020
16695667ns          304290 1c0091c0 efbff06f jal              x0, -262           
16695727ns          304293 1c0090ba 000bca83 lbu              x21, 0(x23)         x21=00000064 x23:1c00025f  PA:1c00025f
16696048ns          304309 1c0090be 1c0007b7 lui              x15, 0x1c000000     x15=1c000000
16696068ns          304310 1c0090c2 015005b3 add              x11, x0, x21        x11=00000064 x21:00000064
16696088ns          304311 1c0090c4 28c78513 addi             x10, x15, 652       x10=1c00028c x15:1c000000
16696108ns          304312 1c0090c8 001b8493 addi             x9, x23, 1           x9=1c000260 x23:1c00025f
16696128ns          304313 1c0090cc db9ff0ef jal              x1, -584             x1=1c0090ce
16696209ns          304317 1c008e84 0ff5f593 andi             x11, x11, 255       x11=00000064 x11:00000064
16696229ns          304318 1c008e88 00054703 lbu              x14, 0(x10)         x14=0000002d x10:1c00028c  PA:1c00028c
16696530ns          304333 1c008e8c 00a007b3 add              x15, x0, x10        x15=1c00028c x10:1c00028c
16696550ns          304334 1c008e8e 00150513 addi             x10, x10, 1         x10=1c00028d x10:1c00028c
16696570ns          304335 1c008e90 00b70563 beq              x14, x11, 10        x14:0000002d x11:00000064
16696590ns          304336 1c008e94 fe071ae3 bne              x14, x0, -12        x14:0000002d
16696710ns          304342 1c008e88 00054703 lbu              x14, 0(x10)         x14=0000002b x10:1c00028d  PA:1c00028d
16697011ns          304357 1c008e8c 00a007b3 add              x15, x0, x10        x15=1c00028d x10:1c00028d
16697031ns          304358 1c008e8e 00150513 addi             x10, x10, 1         x10=1c00028e x10:1c00028d
16697051ns          304359 1c008e90 00b70563 beq              x14, x11, 10        x14:0000002b x11:00000064
16697071ns          304360 1c008e94 fe071ae3 bne              x14, x0, -12        x14:0000002b
16697132ns          304363 1c008e88 00054703 lbu              x14, 0(x10)         x14=00000020 x10:1c00028e  PA:1c00028e
16697453ns          304379 1c008e8c 00a007b3 add              x15, x0, x10        x15=1c00028e x10:1c00028e
16697473ns          304380 1c008e8e 00150513 addi             x10, x10, 1         x10=1c00028f x10:1c00028e
16697493ns          304381 1c008e90 00b70563 beq              x14, x11, 10        x14:00000020 x11:00000064
16697513ns          304382 1c008e94 fe071ae3 bne              x14, x0, -12        x14:00000020
16697573ns          304385 1c008e88 00054703 lbu              x14, 0(x10)         x14=00000023 x10:1c00028f  PA:1c00028f
16697874ns          304400 1c008e8c 00a007b3 add              x15, x0, x10        x15=1c00028f x10:1c00028f
16697894ns          304401 1c008e8e 00150513 addi             x10, x10, 1         x10=1c000290 x10:1c00028f
16697914ns          304402 1c008e90 00b70563 beq              x14, x11, 10        x14:00000023 x11:00000064
16697934ns          304403 1c008e94 fe071ae3 bne              x14, x0, -12        x14:00000023
16697994ns          304406 1c008e88 00054703 lbu              x14, 0(x10)         x14=00000030 x10:1c000290  PA:1c000290
16698295ns          304421 1c008e8c 00a007b3 add              x15, x0, x10        x15=1c000290 x10:1c000290
16698316ns          304422 1c008e8e 00150513 addi             x10, x10, 1         x10=1c000291 x10:1c000290
16698336ns          304423 1c008e90 00b70563 beq              x14, x11, 10        x14:00000030 x11:00000064
16698356ns          304424 1c008e94 fe071ae3 bne              x14, x0, -12        x14:00000030
16698416ns          304427 1c008e88 00054703 lbu              x14, 0(x10)         x14=00000000 x10:1c000291  PA:1c000291
16698717ns          304442 1c008e8c 00a007b3 add              x15, x0, x10        x15=1c000291 x10:1c000291
16698737ns          304443 1c008e8e 00150513 addi             x10, x10, 1         x10=1c000292 x10:1c000291
16698757ns          304444 1c008e90 00b70563 beq              x14, x11, 10        x14:00000000 x11:00000064
16698777ns          304445 1c008e94 fe071ae3 bne              x14, x0, -12        x14:00000000
16698797ns          304446 1c008e96 00058263 beq              x11, x0, 4          x11:00000064
16698817ns          304447 1c008e98 00000793 addi             x15, x0, 0          x15=00000000
16698837ns          304448 1c008e9a 00f00533 add              x10, x0, x15        x10=00000000 x15:00000000
16698857ns          304449 1c008e9c 00008067 jalr             x0, x1, 0            x1:1c0090ce
16698897ns          304451 1c0090ce fc051de3 bne              x10, x0, -38        x10:00000000
16698917ns          304452 1c0090d0 02a00693 addi             x13, x0, 42         x13=0000002a
16698938ns          304453 1c0090d4 0eda9763 bne              x21, x13, 238       x21:00000064 x13:0000002a
16699078ns          304460 1c0091c2 fd0a8693 addi             x13, x21, -48       x13=00000034 x21:00000064
16699098ns          304461 1c0091c6 00900613 addi             x12, x0, 9          x12=00000009
16699118ns          304462 1c0091c8 00000993 addi             x19, x0, 0          x19=00000000
16699138ns          304463 1c0091ca f2d666e3 bltu             x12, x13, -212      x12:00000009 x13:00000034
16699239ns          304468 1c0090f6 0c800713 addi             x14, x0, 200        x14=000000c8
16699259ns          304469 1c0090fa 02e00693 addi             x13, x0, 46         x13=0000002e
16699319ns          304472 1c0090fe 04e9d9b3 p.minu           x19, x19, x14       x19=00000000 x19:00000000 x14:000000c8
16699339ns          304473 1c009102 fff00d13 addi             x26, x0, -1         x26=ffffffff
16699359ns          304474 1c009104 02da9463 bne              x21, x13, 40        x21:00000064 x13:0000002e
16699459ns          304479 1c00912c 1c0007b7 lui              x15, 0x1c000000     x15=1c000000
16699540ns          304483 1c009130 015005b3 add              x11, x0, x21        x11=00000064 x21:00000064
16699580ns          304485 1c009132 29478513 addi             x10, x15, 660       x10=1c000294 x15:1c000000
16699600ns          304486 1c009136 d4fff0ef jal              x1, -690             x1=1c009138
16699640ns          304488 1c008e84 0ff5f593 andi             x11, x11, 255       x11=00000064 x11:00000064
16699660ns          304489 1c008e88 00054703 lbu              x14, 0(x10)         x14=00000068 x10:1c000294  PA:1c000294
16699981ns          304505 1c008e8c 00a007b3 add              x15, x0, x10        x15=1c000294 x10:1c000294
16700001ns          304506 1c008e8e 00150513 addi             x10, x10, 1         x10=1c000295 x10:1c000294
16700021ns          304507 1c008e90 00b70563 beq              x14, x11, 10        x14:00000068 x11:00000064
16700041ns          304508 1c008e94 fe071ae3 bne              x14, x0, -12        x14:00000068
16700162ns          304514 1c008e88 00054703 lbu              x14, 0(x10)         x14=0000006c x10:1c000295  PA:1c000295
16700463ns          304529 1c008e8c 00a007b3 add              x15, x0, x10        x15=1c000295 x10:1c000295
16700483ns          304530 1c008e8e 00150513 addi             x10, x10, 1         x10=1c000296 x10:1c000295
16700503ns          304531 1c008e90 00b70563 beq              x14, x11, 10        x14:0000006c x11:00000064
16700523ns          304532 1c008e94 fe071ae3 bne              x14, x0, -12        x14:0000006c
16700583ns          304535 1c008e88 00054703 lbu              x14, 0(x10)         x14=0000004c x10:1c000296  PA:1c000296
16700884ns          304550 1c008e8c 00a007b3 add              x15, x0, x10        x15=1c000296 x10:1c000296
16700904ns          304551 1c008e8e 00150513 addi             x10, x10, 1         x10=1c000297 x10:1c000296
16700924ns          304552 1c008e90 00b70563 beq              x14, x11, 10        x14:0000004c x11:00000064
16700944ns          304553 1c008e94 fe071ae3 bne              x14, x0, -12        x14:0000004c
16701004ns          304556 1c008e88 00054703 lbu              x14, 0(x10)         x14=0000007a x10:1c000297  PA:1c000297
16701305ns          304571 1c008e8c 00a007b3 add              x15, x0, x10        x15=1c000297 x10:1c000297
16701325ns          304572 1c008e8e 00150513 addi             x10, x10, 1         x10=1c000298 x10:1c000297
16701345ns          304573 1c008e90 00b70563 beq              x14, x11, 10        x14:0000007a x11:00000064
16701365ns          304574 1c008e94 fe071ae3 bne              x14, x0, -12        x14:0000007a
16701426ns          304577 1c008e88 00054703 lbu              x14, 0(x10)         x14=00000000 x10:1c000298  PA:1c000298
16701727ns          304592 1c008e8c 00a007b3 add              x15, x0, x10        x15=1c000298 x10:1c000298
16701747ns          304593 1c008e8e 00150513 addi             x10, x10, 1         x10=1c000299 x10:1c000298
16701767ns          304594 1c008e90 00b70563 beq              x14, x11, 10        x14:00000000 x11:00000064
16701787ns          304595 1c008e94 fe071ae3 bne              x14, x0, -12        x14:00000000
16701807ns          304596 1c008e96 00058263 beq              x11, x0, 4          x11:00000064
16701827ns          304597 1c008e98 00000793 addi             x15, x0, 0          x15=00000000
16701847ns          304598 1c008e9a 00f00533 add              x10, x0, x15        x10=00000000 x15:00000000
16701867ns          304599 1c008e9c 00008067 jalr             x0, x1, 0            x1:1c009138
16701907ns          304601 1c009138 00050463 beq              x10, x0, 8          x10:00000000
16702028ns          304607 1c009140 06700693 addi             x13, x0, 103        x13=00000067
16702048ns          304608 1c009144 1356c563 blt              x13, x21, 298       x13:00000067 x21:00000064
16702068ns          304609 1c009148 06500693 addi             x13, x0, 101        x13=00000065
16702088ns          304610 1c00914c 20dad063 bge              x21, x13, 512       x21:00000064 x13:00000065
16702108ns          304611 1c009150 04700693 addi             x13, x0, 71         x13=00000047
16702128ns          304612 1c009154 0b56ce63 blt              x13, x21, 188       x13:00000047 x21:00000064
16702228ns          304617 1c009210 06300693 addi             x13, x0, 99         x13=00000063
16702268ns          304619 1c009214 0cda8e63 beq              x21, x13, 220       x21:00000064 x13:00000063
16702288ns          304620 1c009218 0756cb63 blt              x13, x21, 118       x13:00000063 x21:00000064
16702429ns          304627 1c00928e 000c2a83 lw               x21, 0(x24)         x21=000001a4 x24:100007c0  PA:100007c0
16702449ns          304628 1c009292 004c0a13 addi             x20, x24, 4         x20=100007c4 x24:100007c0
16702469ns          304629 1c009296 04410b13 addi             x22, x2, 68         x22=1000068c  x2:10000648
16702489ns          304630 1c00929a 060ad663 bge              x21, x0, 108        x21:000001a4
16702589ns          304635 1c009306 01012783 lw               x15, 16(x2)         x15=00000000  x2:10000648  PA:10000658
16702630ns          304637 1c009308 02b00693 addi             x13, x0, 43         x13=0000002b
16702650ns          304638 1c00930c 00079463 bne              x15, x0, 8          x15:00000000
16702670ns          304639 1c00930e 02040a63 beq              x8, x0, 52           x8:00000000
16703171ns          304664 1c009342 015005b3 add              x11, x0, x21        x11=000001a4 x21:000001a4
16703211ns          304666 1c009344 01600c33 add              x24, x0, x22        x24=1000068c x22:1000068c
16703232ns          304667 1c009346 fd9ff06f jal              x0, -40            
16703272ns          304669 1c00931e 01a006b3 add              x13, x0, x26        x13=ffffffff x26:ffffffff
16703292ns          304670 1c009320 00a00613 addi             x12, x0, 10         x12=0000000a
16703312ns          304671 1c009322 01800533 add              x10, x0, x24        x10=1000068c x24:1000068c
16703332ns          304672 1c009324 bf3ff0ef jal              x1, -1038            x1=1c009326
16703793ns          304695 1c008f16 00a00733 add              x14, x0, x10        x14=1000068c x10:1000068c
16703834ns          304697 1c008f18 00a007b3 add              x15, x0, x10        x15=1000068c x10:1000068c
16703854ns          304698 1c008f1a 00900313 addi             x6, x0, 9            x6=00000009
16703874ns          304699 1c008f1c 02c5f8b3 remu             x17, x11, x12       x17=00000000 x11:000001a4 x12:0000000a
16704516ns          304731 1c008f20 02700513 addi             x10, x0, 39         x10=00000027
16704536ns          304732 1c008f24 02c5d5b3 divu             x11, x11, x12       x11=0000002a x11:000001a4 x12:0000000a
16705158ns          304763 1c008f28 0ff8f813 andi             x16, x17, 255       x16=00000000 x17:00000000
16705178ns          304764 1c008f2c 01136363 bltu             x6, x17, 6           x6:00000009 x17:00000000
16705198ns          304765 1c008f30 00000513 addi             x10, x0, 0          x10=00000000
16705218ns          304766 1c008f32 03080813 addi             x16, x16, 48        x16=00000030 x16:00000000
16705238ns          304767 1c008f36 01050533 add              x10, x10, x16       x10=00000030 x10:00000000 x16:00000030
16705258ns          304768 1c008f38 00a780ab p.sb             x10, 1(x15!)        x15=1000068d x10:00000030 x15:1000068c  PA:1000068c
16705278ns          304769 1c008f3c fe0590e3 bne              x11, x0, -32        x11:0000002a
16705358ns          304773 1c008f1c 02c5f8b3 remu             x17, x11, x12       x17=00000002 x11:0000002a x12:0000000a
16705980ns          304804 1c008f20 02700513 addi             x10, x0, 39         x10=00000027
16706001ns          304805 1c008f24 02c5d5b3 divu             x11, x11, x12       x11=00000004 x11:0000002a x12:0000000a
16706623ns          304836 1c008f28 0ff8f813 andi             x16, x17, 255       x16=00000002 x17:00000002
16706643ns          304837 1c008f2c 01136363 bltu             x6, x17, 6           x6:00000009 x17:00000002
16706663ns          304838 1c008f30 00000513 addi             x10, x0, 0          x10=00000000
16706683ns          304839 1c008f32 03080813 addi             x16, x16, 48        x16=00000032 x16:00000002
16706703ns          304840 1c008f36 01050533 add              x10, x10, x16       x10=00000032 x10:00000000 x16:00000032
16706723ns          304841 1c008f38 00a780ab p.sb             x10, 1(x15!)        x15=1000068e x10:00000032 x15:1000068d  PA:1000068d
16706743ns          304842 1c008f3c fe0590e3 bne              x11, x0, -32        x11:00000004
16706803ns          304845 1c008f1c 02c5f8b3 remu             x17, x11, x12       x17=00000004 x11:00000004 x12:0000000a
16707425ns          304876 1c008f20 02700513 addi             x10, x0, 39         x10=00000027
16707445ns          304877 1c008f24 02c5d5b3 divu             x11, x11, x12       x11=00000000 x11:00000004 x12:0000000a
16708067ns          304908 1c008f28 0ff8f813 andi             x16, x17, 255       x16=00000004 x17:00000004
16708087ns          304909 1c008f2c 01136363 bltu             x6, x17, 6           x6:00000009 x17:00000004
16708107ns          304910 1c008f30 00000513 addi             x10, x0, 0          x10=00000000
16708127ns          304911 1c008f32 03080813 addi             x16, x16, 48        x16=00000034 x16:00000004
16708148ns          304912 1c008f36 01050533 add              x10, x10, x16       x10=00000034 x10:00000000 x16:00000034
16708168ns          304913 1c008f38 00a780ab p.sb             x10, 1(x15!)        x15=1000068f x10:00000034 x15:1000068e  PA:1000068e
16708188ns          304914 1c008f3c fe0590e3 bne              x11, x0, -32        x11:00000000
16708208ns          304915 1c008f3e 03000613 addi             x12, x0, 48         x12=00000030
16708228ns          304916 1c008f42 40e78533 sub              x10, x15, x14       x10=00000003 x15:1000068f x14:1000068c
16708248ns          304917 1c008f46 00d54763 blt              x10, x13, 14        x10:00000003 x13:ffffffff
16708268ns          304918 1c008f4a fe078fab p.sb             x0, -1(x15!)        x15=1000068e x15:1000068f  PA:1000068f
16708308ns          304920 1c008f4e 00f76663 bltu             x14, x15, 12        x14:1000068c x15:1000068e
16708388ns          304924 1c008f5a 00074603 lbu              x12, 0(x14)         x12=00000030 x14:1000068c  PA:1000068c
16708830ns          304946 1c008f5e 0007c683 lbu              x13, 0(x15)         x13=00000034 x15:1000068e  PA:1000068e
16708870ns          304948 1c008f62 fec78fab p.sb             x12, -1(x15!)       x15=1000068d x12:00000030 x15:1000068e  PA:1000068e
16708890ns          304949 1c008f66 00d700ab p.sb             x13, 1(x14!)        x14=1000068d x13:00000034 x14:1000068c  PA:1000068c
16708910ns          304950 1c008f6a fe5ff06f jal              x0, -28            
16709412ns          304975 1c008f4e 00f76663 bltu             x14, x15, 12        x14:1000068d x15:1000068d
16709432ns          304976 1c008f52 00008067 jalr             x0, x1, 0            x1:1c009326
16709913ns          305000 1c009326 01012703 lw               x14, 16(x2)         x14=00000000  x2:10000648  PA:10000658
16709953ns          305002 1c009328 01850533 add              x10, x10, x24       x10=1000068f x10:00000003 x24:1000068c
16709974ns          305003 1c00932a 41650533 sub              x10, x10, x22       x10=00000003 x10:1000068f x22:1000068c
16709994ns          305004 1c00932e 00071d63 bne              x14, x0, 26         x14:00000000
16710034ns          305006 1c009330 00041363 bne              x8, x0, 6            x8:00000000
16710074ns          305008 1c009332 01fad413 srli             x8, x21, 0x1f        x8=00000000 x21:000001a4
16710094ns          305009 1c009336 0bfd2363 p.beqimm         x26, 166            x26:ffffffff
16710194ns          305014 1c0093dc 0c800793 addi             x15, x0, 200        x15=000000c8
16710274ns          305018 1c0093e0 c8a7c1e3 blt              x15, x10, -894      x15:000000c8 x10:00000003
16710315ns          305020 1c0093e4 00a00cb3 add              x25, x0, x10        x25=00000003 x10:00000003
16710335ns          305021 1c0093e6 31e0006f jal              x0, 798            
16710415ns          305025 1c009704 04410b93 addi             x23, x2, 68         x23=1000068c  x2:10000648
16710455ns          305027 1c009708 0d3cc063 blt              x25, x19, 192       x25:00000003 x19:00000000
16710475ns          305028 1c00970c 019009b3 add              x19, x0, x25        x19=00000003 x25:00000003
16710535ns          305031 1c00970e 41790433 sub              x8, x18, x23         x8=effff979 x18:00000005 x23:1000068c
16710575ns          305033 1c009712 01740933 add              x18, x8, x23        x18=00000005  x8:effff979 x23:1000068c
16710596ns          305034 1c009716 980987e3 beq              x19, x0, -1650      x19:00000003
16710616ns          305035 1c00971a 01c12583 lw               x11, 28(x2)         x11=00000002  x2:10000648  PA:10000664
16710636ns          305036 1c00971c 001bc50b p.lbu            x10, 1(x23!)        x10=00000034 x23=1000068d x23:1000068c  PA:1000068c
16710676ns          305038 1c009720 01812783 lw               x15, 24(x2)         x15=1c008ebe  x2:10000648  PA:10000660
16710736ns          305041 1c009722 000780e7 jalr             x1, x15, 0           x1=1c009724 x15:1c008ebe
16710816ns          305045 1c008ebe ff010113 addi             x2, x2, -16          x2=10000638  x2:10000648
16710897ns          305049 1c008ec0 0ff57513 andi             x10, x10, 255       x10=00000034 x10:00000034
16710937ns          305051 1c008ec4 00112623 sw               x1, 12(x2)           x1:1c009724  x2:10000638  PA:10000644
16710957ns          305052 1c008ec6 f07ff0ef jal              x1, -250             x1=1c008ec8
16711037ns          305056 1c008dcc 000026b7 lui              x13, 0x2000         x13=00002000
16711117ns          305060 1c008dce f14027f3 csrrs            x15, x0, 0xf14      x15=00000000
16711157ns          305062 1c008dd2 f8068693 addi             x13, x13, -128      x13=00001f80 x13:00002000
16711177ns          305063 1c008dd6 00279713 slli             x14, x15, 0x2       x14=00000000 x15:00000000
16711197ns          305064 1c008dda 00379793 slli             x15, x15, 0x3       x15=00000000 x15:00000000
16711218ns          305065 1c008ddc 00d77733 and              x14, x14, x13       x14=00000000 x14:00000000 x13:00001f80
16711238ns          305066 1c008dde ee87b7b3 p.bclr           x15, x15, 23, 8     x15=00000000 x15:00000000
16711258ns          305067 1c008de2 1a10f6b7 lui              x13, 0x1a10f000     x13=1a10f000
16711278ns          305068 1c008de6 00d787b3 add              x15, x15, x13       x15=1a10f000 x15:00000000 x13:1a10f000
16711298ns          305069 1c008de8 00a767a3 p.sw             x10, x0(x14)        x10:00000034 x14:00000000  PA:1a10f000
16711619ns          305085 1c008dec 00008067 jalr             x0, x1, 0            x1:1c008ec8
16711639ns          305086 1c008ec8 00c12083 lw               x1, 12(x2)           x1=1c009724  x2:10000638  PA:10000644
16711659ns          305087 1c008eca 00000513 addi             x10, x0, 0          x10=00000000
16711679ns          305088 1c008ecc 01010113 addi             x2, x2, 16           x2=10000648  x2:10000638
16711699ns          305089 1c008ece 00008067 jalr             x0, x1, 0            x1:1c009724
16711739ns          305091 1c009724 93f52fe3 p.beqimm         x10, -1730          x10:00000000
16711759ns          305092 1c009728 fff98993 addi             x19, x19, -1        x19=00000002 x19:00000003
16711779ns          305093 1c00972a fe9ff06f jal              x0, -24            
16712281ns          305118 1c009712 01740933 add              x18, x8, x23        x18=00000006  x8:effff979 x23:1000068d
16712301ns          305119 1c009716 980987e3 beq              x19, x0, -1650      x19:00000002
16712321ns          305120 1c00971a 01c12583 lw               x11, 28(x2)         x11=00000002  x2:10000648  PA:10000664
16712341ns          305121 1c00971c 001bc50b p.lbu            x10, 1(x23!)        x10=00000032 x23=1000068e x23:1000068d  PA:1000068d
16712361ns          305122 1c009720 01812783 lw               x15, 24(x2)         x15=1c008ebe  x2:10000648  PA:10000660
16712421ns          305125 1c009722 000780e7 jalr             x1, x15, 0           x1=1c009724 x15:1c008ebe
16712462ns          305127 1c008ebe ff010113 addi             x2, x2, -16          x2=10000638  x2:10000648
16712482ns          305128 1c008ec0 0ff57513 andi             x10, x10, 255       x10=00000032 x10:00000032
16712502ns          305129 1c008ec4 00112623 sw               x1, 12(x2)           x1:1c009724  x2:10000638  PA:10000644
16712522ns          305130 1c008ec6 f07ff0ef jal              x1, -250             x1=1c008ec8
16712562ns          305132 1c008dcc 000026b7 lui              x13, 0x2000         x13=00002000
16712582ns          305133 1c008dce f14027f3 csrrs            x15, x0, 0xf14      x15=00000000
16712602ns          305134 1c008dd2 f8068693 addi             x13, x13, -128      x13=00001f80 x13:00002000
16712622ns          305135 1c008dd6 00279713 slli             x14, x15, 0x2       x14=00000000 x15:00000000
16712642ns          305136 1c008dda 00379793 slli             x15, x15, 0x3       x15=00000000 x15:00000000
16712662ns          305137 1c008ddc 00d77733 and              x14, x14, x13       x14=00000000 x14:00000000 x13:00001f80
16712682ns          305138 1c008dde ee87b7b3 p.bclr           x15, x15, 23, 8     x15=00000000 x15:00000000
16712702ns          305139 1c008de2 1a10f6b7 lui              x13, 0x1a10f000     x13=1a10f000
16712722ns          305140 1c008de6 00d787b3 add              x15, x15, x13       x15=1a10f000 x15:00000000 x13:1a10f000
16712743ns          305141 1c008de8 00a767a3 p.sw             x10, x0(x14)        x10:00000032 x14:00000000  PA:1a10f000
16713084ns          305158 1c008dec 00008067 jalr             x0, x1, 0            x1:1c008ec8
16713104ns          305159 1c008ec8 00c12083 lw               x1, 12(x2)           x1=1c009724  x2:10000638  PA:10000644
16713124ns          305160 1c008eca 00000513 addi             x10, x0, 0          x10=00000000
16713144ns          305161 1c008ecc 01010113 addi             x2, x2, 16           x2=10000648  x2:10000638
16713164ns          305162 1c008ece 00008067 jalr             x0, x1, 0            x1:1c009724
16713204ns          305164 1c009724 93f52fe3 p.beqimm         x10, -1730          x10:00000000
16713224ns          305165 1c009728 fff98993 addi             x19, x19, -1        x19=00000001 x19:00000002
16713244ns          305166 1c00972a fe9ff06f jal              x0, -24            
16713304ns          305169 1c009712 01740933 add              x18, x8, x23        x18=00000007  x8:effff979 x23:1000068e
16713324ns          305170 1c009716 980987e3 beq              x19, x0, -1650      x19:00000001
16713344ns          305171 1c00971a 01c12583 lw               x11, 28(x2)         x11=00000002  x2:10000648  PA:10000664
16713365ns          305172 1c00971c 001bc50b p.lbu            x10, 1(x23!)        x10=00000030 x23=1000068f x23:1000068e  PA:1000068e
16713385ns          305173 1c009720 01812783 lw               x15, 24(x2)         x15=1c008ebe  x2:10000648  PA:10000660
16713445ns          305176 1c009722 000780e7 jalr             x1, x15, 0           x1=1c009724 x15:1c008ebe
16713485ns          305178 1c008ebe ff010113 addi             x2, x2, -16          x2=10000638  x2:10000648
16713505ns          305179 1c008ec0 0ff57513 andi             x10, x10, 255       x10=00000030 x10:00000030
16713525ns          305180 1c008ec4 00112623 sw               x1, 12(x2)           x1:1c009724  x2:10000638  PA:10000644
16713545ns          305181 1c008ec6 f07ff0ef jal              x1, -250             x1=1c008ec8
16713585ns          305183 1c008dcc 000026b7 lui              x13, 0x2000         x13=00002000
16713605ns          305184 1c008dce f14027f3 csrrs            x15, x0, 0xf14      x15=00000000
16713625ns          305185 1c008dd2 f8068693 addi             x13, x13, -128      x13=00001f80 x13:00002000
16713645ns          305186 1c008dd6 00279713 slli             x14, x15, 0x2       x14=00000000 x15:00000000
16713666ns          305187 1c008dda 00379793 slli             x15, x15, 0x3       x15=00000000 x15:00000000
16713686ns          305188 1c008ddc 00d77733 and              x14, x14, x13       x14=00000000 x14:00000000 x13:00001f80
16713706ns          305189 1c008dde ee87b7b3 p.bclr           x15, x15, 23, 8     x15=00000000 x15:00000000
16713726ns          305190 1c008de2 1a10f6b7 lui              x13, 0x1a10f000     x13=1a10f000
16713746ns          305191 1c008de6 00d787b3 add              x15, x15, x13       x15=1a10f000 x15:00000000 x13:1a10f000
16713766ns          305192 1c008de8 00a767a3 p.sw             x10, x0(x14)        x10:00000030 x14:00000000  PA:1a10f000
16714087ns          305208 1c008dec 00008067 jalr             x0, x1, 0            x1:1c008ec8
16714107ns          305209 1c008ec8 00c12083 lw               x1, 12(x2)           x1=1c009724  x2:10000638  PA:10000644
16714127ns          305210 1c008eca 00000513 addi             x10, x0, 0          x10=00000000
16714147ns          305211 1c008ecc 01010113 addi             x2, x2, 16           x2=10000648  x2:10000638
16714167ns          305212 1c008ece 00008067 jalr             x0, x1, 0            x1:1c009724
16714207ns          305214 1c009724 93f52fe3 p.beqimm         x10, -1730          x10:00000000
16714227ns          305215 1c009728 fff98993 addi             x19, x19, -1        x19=00000000 x19:00000001
16714247ns          305216 1c00972a fe9ff06f jal              x0, -24            
16714308ns          305219 1c009712 01740933 add              x18, x8, x23        x18=00000008  x8:effff979 x23:1000068f
16714328ns          305220 1c009716 980987e3 beq              x19, x0, -1650      x19:00000000
16714428ns          305225 1c0090a4 01400c33 add              x24, x0, x20        x24=100007c4 x20:100007c4
16714448ns          305226 1c0090a6 fa1ff06f jal              x0, -96            
16714568ns          305232 1c009046 0004c503 lbu              x10, 0(x9)          x10=00000020  x9:1c000260  PA:1c000260
16714869ns          305247 1c00904a 00148b93 addi             x23, x9, 1          x23=1c000261  x9:1c000260
16714890ns          305248 1c00904e 00050b63 beq              x10, x0, 22         x10:00000020
16714910ns          305249 1c009050 02500793 addi             x15, x0, 37         x15=00000025
16714930ns          305250 1c009054 14f50563 beq              x10, x15, 330       x10:00000020 x15:00000025
16714950ns          305251 1c009058 01c12583 lw               x11, 28(x2)         x11=00000002  x2:10000648  PA:10000664
16714970ns          305252 1c00905a 01812703 lw               x14, 24(x2)         x14=1c008ebe  x2:10000648  PA:10000660
16715030ns          305255 1c00905c 000700e7 jalr             x1, x14, 0           x1=1c00905e x14:1c008ebe
16715070ns          305257 1c008ebe ff010113 addi             x2, x2, -16          x2=10000638  x2:10000648
16715090ns          305258 1c008ec0 0ff57513 andi             x10, x10, 255       x10=00000020 x10:00000020
16715110ns          305259 1c008ec4 00112623 sw               x1, 12(x2)           x1:1c00905e  x2:10000638  PA:10000644
16715130ns          305260 1c008ec6 f07ff0ef jal              x1, -250             x1=1c008ec8
16715170ns          305262 1c008dcc 000026b7 lui              x13, 0x2000         x13=00002000
16715231ns          305265 1c008dce f14027f3 csrrs            x15, x0, 0xf14      x15=00000000
16715271ns          305267 1c008dd2 f8068693 addi             x13, x13, -128      x13=00001f80 x13:00002000
16715291ns          305268 1c008dd6 00279713 slli             x14, x15, 0x2       x14=00000000 x15:00000000
16715311ns          305269 1c008dda 00379793 slli             x15, x15, 0x3       x15=00000000 x15:00000000
16715331ns          305270 1c008ddc 00d77733 and              x14, x14, x13       x14=00000000 x14:00000000 x13:00001f80
16715371ns          305272 1c008dde ee87b7b3 p.bclr           x15, x15, 23, 8     x15=00000000 x15:00000000
16715411ns          305274 1c008de2 1a10f6b7 lui              x13, 0x1a10f000     x13=1a10f000
16715431ns          305275 1c008de6 00d787b3 add              x15, x15, x13       x15=1a10f000 x15:00000000 x13:1a10f000
16715451ns          305276 1c008de8 00a767a3 p.sw             x10, x0(x14)        x10:00000020 x14:00000000  PA:1a10f000
16715772ns          305292 1c008dec 00008067 jalr             x0, x1, 0            x1:1c008ec8
16715792ns          305293 1c008ec8 00c12083 lw               x1, 12(x2)           x1=1c00905e  x2:10000638  PA:10000644
16715813ns          305294 1c008eca 00000513 addi             x10, x0, 0          x10=00000000
16715833ns          305295 1c008ecc 01010113 addi             x2, x2, 16           x2=10000648  x2:10000638
16715853ns          305296 1c008ece 00008067 jalr             x0, x1, 0            x1:1c00905e
16715913ns          305299 1c00905e 05f53063 p.bneimm         x10, 64             x10:00000000
16715973ns          305302 1c00909e 00190913 addi             x18, x18, 1         x18=00000009 x18:00000008
16715993ns          305303 1c0090a0 01800a33 add              x20, x0, x24        x20=100007c4 x24:100007c4
16716013ns          305304 1c0090a2 017004b3 add              x9, x0, x23          x9=1c000261 x23:1c000261
16716033ns          305305 1c0090a4 01400c33 add              x24, x0, x20        x24=100007c4 x20:100007c4
16716053ns          305306 1c0090a6 fa1ff06f jal              x0, -96            
16716114ns          305309 1c009046 0004c503 lbu              x10, 0(x9)          x10=00000063  x9:1c000261  PA:1c000261
16716414ns          305324 1c00904a 00148b93 addi             x23, x9, 1          x23=1c000262  x9:1c000261
16716435ns          305325 1c00904e 00050b63 beq              x10, x0, 22         x10:00000063
16716455ns          305326 1c009050 02500793 addi             x15, x0, 37         x15=00000025
16716475ns          305327 1c009054 14f50563 beq              x10, x15, 330       x10:00000063 x15:00000025
16716495ns          305328 1c009058 01c12583 lw               x11, 28(x2)         x11=00000002  x2:10000648  PA:10000664
16716515ns          305329 1c00905a 01812703 lw               x14, 24(x2)         x14=1c008ebe  x2:10000648  PA:10000660
16716575ns          305332 1c00905c 000700e7 jalr             x1, x14, 0           x1=1c00905e x14:1c008ebe
16716615ns          305334 1c008ebe ff010113 addi             x2, x2, -16          x2=10000638  x2:10000648
16716635ns          305335 1c008ec0 0ff57513 andi             x10, x10, 255       x10=00000063 x10:00000063
16716655ns          305336 1c008ec4 00112623 sw               x1, 12(x2)           x1:1c00905e  x2:10000638  PA:10000644
16716675ns          305337 1c008ec6 f07ff0ef jal              x1, -250             x1=1c008ec8
16716715ns          305339 1c008dcc 000026b7 lui              x13, 0x2000         x13=00002000
16716736ns          305340 1c008dce f14027f3 csrrs            x15, x0, 0xf14      x15=00000000
16716756ns          305341 1c008dd2 f8068693 addi             x13, x13, -128      x13=00001f80 x13:00002000
16716776ns          305342 1c008dd6 00279713 slli             x14, x15, 0x2       x14=00000000 x15:00000000
16716796ns          305343 1c008dda 00379793 slli             x15, x15, 0x3       x15=00000000 x15:00000000
16716816ns          305344 1c008ddc 00d77733 and              x14, x14, x13       x14=00000000 x14:00000000 x13:00001f80
16716836ns          305345 1c008dde ee87b7b3 p.bclr           x15, x15, 23, 8     x15=00000000 x15:00000000
16716856ns          305346 1c008de2 1a10f6b7 lui              x13, 0x1a10f000     x13=1a10f000
16716876ns          305347 1c008de6 00d787b3 add              x15, x15, x13       x15=1a10f000 x15:00000000 x13:1a10f000
16716896ns          305348 1c008de8 00a767a3 p.sw             x10, x0(x14)        x10:00000063 x14:00000000  PA:1a10f000
16717217ns          305364 1c008dec 00008067 jalr             x0, x1, 0            x1:1c008ec8
16717237ns          305365 1c008ec8 00c12083 lw               x1, 12(x2)           x1=1c00905e  x2:10000638  PA:10000644
16717257ns          305366 1c008eca 00000513 addi             x10, x0, 0          x10=00000000
16717277ns          305367 1c008ecc 01010113 addi             x2, x2, 16           x2=10000648  x2:10000638
16717297ns          305368 1c008ece 00008067 jalr             x0, x1, 0            x1:1c00905e
16717358ns          305371 1c00905e 05f53063 p.bneimm         x10, 64             x10:00000000
16717418ns          305374 1c00909e 00190913 addi             x18, x18, 1         x18=0000000a x18:00000009
16717438ns          305375 1c0090a0 01800a33 add              x20, x0, x24        x20=100007c4 x24:100007c4
16717458ns          305376 1c0090a2 017004b3 add              x9, x0, x23          x9=1c000262 x23:1c000262
16717478ns          305377 1c0090a4 01400c33 add              x24, x0, x20        x24=100007c4 x20:100007c4
16717498ns          305378 1c0090a6 fa1ff06f jal              x0, -96            
16717558ns          305381 1c009046 0004c503 lbu              x10, 0(x9)          x10=00000068  x9:1c000262  PA:1c000262
16717859ns          305396 1c00904a 00148b93 addi             x23, x9, 1          x23=1c000263  x9:1c000262
16717879ns          305397 1c00904e 00050b63 beq              x10, x0, 22         x10:00000068
16717899ns          305398 1c009050 02500793 addi             x15, x0, 37         x15=00000025
16717919ns          305399 1c009054 14f50563 beq              x10, x15, 330       x10:00000068 x15:00000025
16717939ns          305400 1c009058 01c12583 lw               x11, 28(x2)         x11=00000002  x2:10000648  PA:10000664
16717960ns          305401 1c00905a 01812703 lw               x14, 24(x2)         x14=1c008ebe  x2:10000648  PA:10000660
16718020ns          305404 1c00905c 000700e7 jalr             x1, x14, 0           x1=1c00905e x14:1c008ebe
16718060ns          305406 1c008ebe ff010113 addi             x2, x2, -16          x2=10000638  x2:10000648
16718080ns          305407 1c008ec0 0ff57513 andi             x10, x10, 255       x10=00000068 x10:00000068
16718100ns          305408 1c008ec4 00112623 sw               x1, 12(x2)           x1:1c00905e  x2:10000638  PA:10000644
16718120ns          305409 1c008ec6 f07ff0ef jal              x1, -250             x1=1c008ec8
16718160ns          305411 1c008dcc 000026b7 lui              x13, 0x2000         x13=00002000
16718180ns          305412 1c008dce f14027f3 csrrs            x15, x0, 0xf14      x15=00000000
16718200ns          305413 1c008dd2 f8068693 addi             x13, x13, -128      x13=00001f80 x13:00002000
16718220ns          305414 1c008dd6 00279713 slli             x14, x15, 0x2       x14=00000000 x15:00000000
16718240ns          305415 1c008dda 00379793 slli             x15, x15, 0x3       x15=00000000 x15:00000000
16718260ns          305416 1c008ddc 00d77733 and              x14, x14, x13       x14=00000000 x14:00000000 x13:00001f80
16718281ns          305417 1c008dde ee87b7b3 p.bclr           x15, x15, 23, 8     x15=00000000 x15:00000000
16718301ns          305418 1c008de2 1a10f6b7 lui              x13, 0x1a10f000     x13=1a10f000
16718321ns          305419 1c008de6 00d787b3 add              x15, x15, x13       x15=1a10f000 x15:00000000 x13:1a10f000
16718341ns          305420 1c008de8 00a767a3 p.sw             x10, x0(x14)        x10:00000068 x14:00000000  PA:1a10f000
16718662ns          305436 1c008dec 00008067 jalr             x0, x1, 0            x1:1c008ec8
16718682ns          305437 1c008ec8 00c12083 lw               x1, 12(x2)           x1=1c00905e  x2:10000638  PA:10000644
16718702ns          305438 1c008eca 00000513 addi             x10, x0, 0          x10=00000000
16718722ns          305439 1c008ecc 01010113 addi             x2, x2, 16           x2=10000648  x2:10000638
16718742ns          305440 1c008ece 00008067 jalr             x0, x1, 0            x1:1c00905e
16718802ns          305443 1c00905e 05f53063 p.bneimm         x10, 64             x10:00000000
16718862ns          305446 1c00909e 00190913 addi             x18, x18, 1         x18=0000000b x18:0000000a
16718883ns          305447 1c0090a0 01800a33 add              x20, x0, x24        x20=100007c4 x24:100007c4
16718903ns          305448 1c0090a2 017004b3 add              x9, x0, x23          x9=1c000263 x23:1c000263
16718923ns          305449 1c0090a4 01400c33 add              x24, x0, x20        x24=100007c4 x20:100007c4
16718943ns          305450 1c0090a6 fa1ff06f jal              x0, -96            
16719003ns          305453 1c009046 0004c503 lbu              x10, 0(x9)          x10=00000065  x9:1c000263  PA:1c000263
16719304ns          305468 1c00904a 00148b93 addi             x23, x9, 1          x23=1c000264  x9:1c000263
16719324ns          305469 1c00904e 00050b63 beq              x10, x0, 22         x10:00000065
16719344ns          305470 1c009050 02500793 addi             x15, x0, 37         x15=00000025
16719364ns          305471 1c009054 14f50563 beq              x10, x15, 330       x10:00000065 x15:00000025
16719384ns          305472 1c009058 01c12583 lw               x11, 28(x2)         x11=00000002  x2:10000648  PA:10000664
16719404ns          305473 1c00905a 01812703 lw               x14, 24(x2)         x14=1c008ebe  x2:10000648  PA:10000660
16719464ns          305476 1c00905c 000700e7 jalr             x1, x14, 0           x1=1c00905e x14:1c008ebe
16719505ns          305478 1c008ebe ff010113 addi             x2, x2, -16          x2=10000638  x2:10000648
16719525ns          305479 1c008ec0 0ff57513 andi             x10, x10, 255       x10=00000065 x10:00000065
16719545ns          305480 1c008ec4 00112623 sw               x1, 12(x2)           x1:1c00905e  x2:10000638  PA:10000644
16719565ns          305481 1c008ec6 f07ff0ef jal              x1, -250             x1=1c008ec8
16719605ns          305483 1c008dcc 000026b7 lui              x13, 0x2000         x13=00002000
16719625ns          305484 1c008dce f14027f3 csrrs            x15, x0, 0xf14      x15=00000000
16719645ns          305485 1c008dd2 f8068693 addi             x13, x13, -128      x13=00001f80 x13:00002000
16719665ns          305486 1c008dd6 00279713 slli             x14, x15, 0x2       x14=00000000 x15:00000000
16719685ns          305487 1c008dda 00379793 slli             x15, x15, 0x3       x15=00000000 x15:00000000
16719705ns          305488 1c008ddc 00d77733 and              x14, x14, x13       x14=00000000 x14:00000000 x13:00001f80
16719725ns          305489 1c008dde ee87b7b3 p.bclr           x15, x15, 23, 8     x15=00000000 x15:00000000
16719745ns          305490 1c008de2 1a10f6b7 lui              x13, 0x1a10f000     x13=1a10f000
16719765ns          305491 1c008de6 00d787b3 add              x15, x15, x13       x15=1a10f000 x15:00000000 x13:1a10f000
16719785ns          305492 1c008de8 00a767a3 p.sw             x10, x0(x14)        x10:00000065 x14:00000000  PA:1a10f000
16720107ns          305508 1c008dec 00008067 jalr             x0, x1, 0            x1:1c008ec8
16720127ns          305509 1c008ec8 00c12083 lw               x1, 12(x2)           x1=1c00905e  x2:10000638  PA:10000644
16720147ns          305510 1c008eca 00000513 addi             x10, x0, 0          x10=00000000
16720167ns          305511 1c008ecc 01010113 addi             x2, x2, 16           x2=10000648  x2:10000638
16720187ns          305512 1c008ece 00008067 jalr             x0, x1, 0            x1:1c00905e
16720247ns          305515 1c00905e 05f53063 p.bneimm         x10, 64             x10:00000000
16720307ns          305518 1c00909e 00190913 addi             x18, x18, 1         x18=0000000c x18:0000000b
16720327ns          305519 1c0090a0 01800a33 add              x20, x0, x24        x20=100007c4 x24:100007c4
16720347ns          305520 1c0090a2 017004b3 add              x9, x0, x23          x9=1c000264 x23:1c000264
16720367ns          305521 1c0090a4 01400c33 add              x24, x0, x20        x24=100007c4 x20:100007c4
16720387ns          305522 1c0090a6 fa1ff06f jal              x0, -96            
16720448ns          305525 1c009046 0004c503 lbu              x10, 0(x9)          x10=00000063  x9:1c000264  PA:1c000264
16720749ns          305540 1c00904a 00148b93 addi             x23, x9, 1          x23=1c000265  x9:1c000264
16720769ns          305541 1c00904e 00050b63 beq              x10, x0, 22         x10:00000063
16720789ns          305542 1c009050 02500793 addi             x15, x0, 37         x15=00000025
16720809ns          305543 1c009054 14f50563 beq              x10, x15, 330       x10:00000063 x15:00000025
16720829ns          305544 1c009058 01c12583 lw               x11, 28(x2)         x11=00000002  x2:10000648  PA:10000664
16720849ns          305545 1c00905a 01812703 lw               x14, 24(x2)         x14=1c008ebe  x2:10000648  PA:10000660
16720909ns          305548 1c00905c 000700e7 jalr             x1, x14, 0           x1=1c00905e x14:1c008ebe
16720949ns          305550 1c008ebe ff010113 addi             x2, x2, -16          x2=10000638  x2:10000648
16720969ns          305551 1c008ec0 0ff57513 andi             x10, x10, 255       x10=00000063 x10:00000063
16720989ns          305552 1c008ec4 00112623 sw               x1, 12(x2)           x1:1c00905e  x2:10000638  PA:10000644
16721009ns          305553 1c008ec6 f07ff0ef jal              x1, -250             x1=1c008ec8
16721050ns          305555 1c008dcc 000026b7 lui              x13, 0x2000         x13=00002000
16721070ns          305556 1c008dce f14027f3 csrrs            x15, x0, 0xf14      x15=00000000
16721090ns          305557 1c008dd2 f8068693 addi             x13, x13, -128      x13=00001f80 x13:00002000
16721110ns          305558 1c008dd6 00279713 slli             x14, x15, 0x2       x14=00000000 x15:00000000
16721130ns          305559 1c008dda 00379793 slli             x15, x15, 0x3       x15=00000000 x15:00000000
16721150ns          305560 1c008ddc 00d77733 and              x14, x14, x13       x14=00000000 x14:00000000 x13:00001f80
16721170ns          305561 1c008dde ee87b7b3 p.bclr           x15, x15, 23, 8     x15=00000000 x15:00000000
16721190ns          305562 1c008de2 1a10f6b7 lui              x13, 0x1a10f000     x13=1a10f000
16721210ns          305563 1c008de6 00d787b3 add              x15, x15, x13       x15=1a10f000 x15:00000000 x13:1a10f000
16721230ns          305564 1c008de8 00a767a3 p.sw             x10, x0(x14)        x10:00000063 x14:00000000  PA:1a10f000
16721551ns          305580 1c008dec 00008067 jalr             x0, x1, 0            x1:1c008ec8
16721571ns          305581 1c008ec8 00c12083 lw               x1, 12(x2)           x1=1c00905e  x2:10000638  PA:10000644
16721591ns          305582 1c008eca 00000513 addi             x10, x0, 0          x10=00000000
16721611ns          305583 1c008ecc 01010113 addi             x2, x2, 16           x2=10000648  x2:10000638
16721631ns          305584 1c008ece 00008067 jalr             x0, x1, 0            x1:1c00905e
16721692ns          305587 1c00905e 05f53063 p.bneimm         x10, 64             x10:00000000
16721752ns          305590 1c00909e 00190913 addi             x18, x18, 1         x18=0000000d x18:0000000c
16721772ns          305591 1c0090a0 01800a33 add              x20, x0, x24        x20=100007c4 x24:100007c4
16721792ns          305592 1c0090a2 017004b3 add              x9, x0, x23          x9=1c000265 x23:1c000265
16721812ns          305593 1c0090a4 01400c33 add              x24, x0, x20        x24=100007c4 x20:100007c4
16721832ns          305594 1c0090a6 fa1ff06f jal              x0, -96            
16721892ns          305597 1c009046 0004c503 lbu              x10, 0(x9)          x10=0000006b  x9:1c000265  PA:1c000265
16722193ns          305612 1c00904a 00148b93 addi             x23, x9, 1          x23=1c000266  x9:1c000265
16722213ns          305613 1c00904e 00050b63 beq              x10, x0, 22         x10:0000006b
16722233ns          305614 1c009050 02500793 addi             x15, x0, 37         x15=00000025
16722254ns          305615 1c009054 14f50563 beq              x10, x15, 330       x10:0000006b x15:00000025
16722274ns          305616 1c009058 01c12583 lw               x11, 28(x2)         x11=00000002  x2:10000648  PA:10000664
16722294ns          305617 1c00905a 01812703 lw               x14, 24(x2)         x14=1c008ebe  x2:10000648  PA:10000660
16722354ns          305620 1c00905c 000700e7 jalr             x1, x14, 0           x1=1c00905e x14:1c008ebe
16722394ns          305622 1c008ebe ff010113 addi             x2, x2, -16          x2=10000638  x2:10000648
16722414ns          305623 1c008ec0 0ff57513 andi             x10, x10, 255       x10=0000006b x10:0000006b
16722434ns          305624 1c008ec4 00112623 sw               x1, 12(x2)           x1:1c00905e  x2:10000638  PA:10000644
16722454ns          305625 1c008ec6 f07ff0ef jal              x1, -250             x1=1c008ec8
16722494ns          305627 1c008dcc 000026b7 lui              x13, 0x2000         x13=00002000
16722514ns          305628 1c008dce f14027f3 csrrs            x15, x0, 0xf14      x15=00000000
16722534ns          305629 1c008dd2 f8068693 addi             x13, x13, -128      x13=00001f80 x13:00002000
16722554ns          305630 1c008dd6 00279713 slli             x14, x15, 0x2       x14=00000000 x15:00000000
16722575ns          305631 1c008dda 00379793 slli             x15, x15, 0x3       x15=00000000 x15:00000000
16722595ns          305632 1c008ddc 00d77733 and              x14, x14, x13       x14=00000000 x14:00000000 x13:00001f80
16722615ns          305633 1c008dde ee87b7b3 p.bclr           x15, x15, 23, 8     x15=00000000 x15:00000000
16722635ns          305634 1c008de2 1a10f6b7 lui              x13, 0x1a10f000     x13=1a10f000
16722655ns          305635 1c008de6 00d787b3 add              x15, x15, x13       x15=1a10f000 x15:00000000 x13:1a10f000
16722675ns          305636 1c008de8 00a767a3 p.sw             x10, x0(x14)        x10:0000006b x14:00000000  PA:1a10f000
16722996ns          305652 1c008dec 00008067 jalr             x0, x1, 0            x1:1c008ec8
16723016ns          305653 1c008ec8 00c12083 lw               x1, 12(x2)           x1=1c00905e  x2:10000638  PA:10000644
16723036ns          305654 1c008eca 00000513 addi             x10, x0, 0          x10=00000000
16723056ns          305655 1c008ecc 01010113 addi             x2, x2, 16           x2=10000648  x2:10000638
16723076ns          305656 1c008ece 00008067 jalr             x0, x1, 0            x1:1c00905e
16723136ns          305659 1c00905e 05f53063 p.bneimm         x10, 64             x10:00000000
16723197ns          305662 1c00909e 00190913 addi             x18, x18, 1         x18=0000000e x18:0000000d
16723217ns          305663 1c0090a0 01800a33 add              x20, x0, x24        x20=100007c4 x24:100007c4
16723237ns          305664 1c0090a2 017004b3 add              x9, x0, x23          x9=1c000266 x23:1c000266
16723257ns          305665 1c0090a4 01400c33 add              x24, x0, x20        x24=100007c4 x20:100007c4
16723277ns          305666 1c0090a6 fa1ff06f jal              x0, -96            
16723337ns          305669 1c009046 0004c503 lbu              x10, 0(x9)          x10=00000073  x9:1c000266  PA:1c000266
16723638ns          305684 1c00904a 00148b93 addi             x23, x9, 1          x23=1c000267  x9:1c000266
16723658ns          305685 1c00904e 00050b63 beq              x10, x0, 22         x10:00000073
16723678ns          305686 1c009050 02500793 addi             x15, x0, 37         x15=00000025
16723698ns          305687 1c009054 14f50563 beq              x10, x15, 330       x10:00000073 x15:00000025
16723718ns          305688 1c009058 01c12583 lw               x11, 28(x2)         x11=00000002  x2:10000648  PA:10000664
16723738ns          305689 1c00905a 01812703 lw               x14, 24(x2)         x14=1c008ebe  x2:10000648  PA:10000660
16723799ns          305692 1c00905c 000700e7 jalr             x1, x14, 0           x1=1c00905e x14:1c008ebe
16723839ns          305694 1c008ebe ff010113 addi             x2, x2, -16          x2=10000638  x2:10000648
16723859ns          305695 1c008ec0 0ff57513 andi             x10, x10, 255       x10=00000073 x10:00000073
16723879ns          305696 1c008ec4 00112623 sw               x1, 12(x2)           x1:1c00905e  x2:10000638  PA:10000644
16723899ns          305697 1c008ec6 f07ff0ef jal              x1, -250             x1=1c008ec8
16723939ns          305699 1c008dcc 000026b7 lui              x13, 0x2000         x13=00002000
16723959ns          305700 1c008dce f14027f3 csrrs            x15, x0, 0xf14      x15=00000000
16723979ns          305701 1c008dd2 f8068693 addi             x13, x13, -128      x13=00001f80 x13:00002000
16723999ns          305702 1c008dd6 00279713 slli             x14, x15, 0x2       x14=00000000 x15:00000000
16724019ns          305703 1c008dda 00379793 slli             x15, x15, 0x3       x15=00000000 x15:00000000
16724039ns          305704 1c008ddc 00d77733 and              x14, x14, x13       x14=00000000 x14:00000000 x13:00001f80
16724059ns          305705 1c008dde ee87b7b3 p.bclr           x15, x15, 23, 8     x15=00000000 x15:00000000
16724079ns          305706 1c008de2 1a10f6b7 lui              x13, 0x1a10f000     x13=1a10f000
16724100ns          305707 1c008de6 00d787b3 add              x15, x15, x13       x15=1a10f000 x15:00000000 x13:1a10f000
16724120ns          305708 1c008de8 00a767a3 p.sw             x10, x0(x14)        x10:00000073 x14:00000000  PA:1a10f000
16724441ns          305724 1c008dec 00008067 jalr             x0, x1, 0            x1:1c008ec8
16724461ns          305725 1c008ec8 00c12083 lw               x1, 12(x2)           x1=1c00905e  x2:10000638  PA:10000644
16724481ns          305726 1c008eca 00000513 addi             x10, x0, 0          x10=00000000
16724501ns          305727 1c008ecc 01010113 addi             x2, x2, 16           x2=10000648  x2:10000638
16724521ns          305728 1c008ece 00008067 jalr             x0, x1, 0            x1:1c00905e
16724581ns          305731 1c00905e 05f53063 p.bneimm         x10, 64             x10:00000000
16724641ns          305734 1c00909e 00190913 addi             x18, x18, 1         x18=0000000f x18:0000000e
16724661ns          305735 1c0090a0 01800a33 add              x20, x0, x24        x20=100007c4 x24:100007c4
16724681ns          305736 1c0090a2 017004b3 add              x9, x0, x23          x9=1c000267 x23:1c000267
16724701ns          305737 1c0090a4 01400c33 add              x24, x0, x20        x24=100007c4 x20:100007c4
16724722ns          305738 1c0090a6 fa1ff06f jal              x0, -96            
16724782ns          305741 1c009046 0004c503 lbu              x10, 0(x9)          x10=00000020  x9:1c000267  PA:1c000267
16725083ns          305756 1c00904a 00148b93 addi             x23, x9, 1          x23=1c000268  x9:1c000267
16725103ns          305757 1c00904e 00050b63 beq              x10, x0, 22         x10:00000020
16725123ns          305758 1c009050 02500793 addi             x15, x0, 37         x15=00000025
16725143ns          305759 1c009054 14f50563 beq              x10, x15, 330       x10:00000020 x15:00000025
16725163ns          305760 1c009058 01c12583 lw               x11, 28(x2)         x11=00000002  x2:10000648  PA:10000664
16725183ns          305761 1c00905a 01812703 lw               x14, 24(x2)         x14=1c008ebe  x2:10000648  PA:10000660
16725243ns          305764 1c00905c 000700e7 jalr             x1, x14, 0           x1=1c00905e x14:1c008ebe
16725283ns          305766 1c008ebe ff010113 addi             x2, x2, -16          x2=10000638  x2:10000648
16725303ns          305767 1c008ec0 0ff57513 andi             x10, x10, 255       x10=00000020 x10:00000020
16725324ns          305768 1c008ec4 00112623 sw               x1, 12(x2)           x1:1c00905e  x2:10000638  PA:10000644
16725344ns          305769 1c008ec6 f07ff0ef jal              x1, -250             x1=1c008ec8
16725384ns          305771 1c008dcc 000026b7 lui              x13, 0x2000         x13=00002000
16725404ns          305772 1c008dce f14027f3 csrrs            x15, x0, 0xf14      x15=00000000
16725424ns          305773 1c008dd2 f8068693 addi             x13, x13, -128      x13=00001f80 x13:00002000
16725444ns          305774 1c008dd6 00279713 slli             x14, x15, 0x2       x14=00000000 x15:00000000
16725464ns          305775 1c008dda 00379793 slli             x15, x15, 0x3       x15=00000000 x15:00000000
16725484ns          305776 1c008ddc 00d77733 and              x14, x14, x13       x14=00000000 x14:00000000 x13:00001f80
16725504ns          305777 1c008dde ee87b7b3 p.bclr           x15, x15, 23, 8     x15=00000000 x15:00000000
16725524ns          305778 1c008de2 1a10f6b7 lui              x13, 0x1a10f000     x13=1a10f000
16725544ns          305779 1c008de6 00d787b3 add              x15, x15, x13       x15=1a10f000 x15:00000000 x13:1a10f000
16725564ns          305780 1c008de8 00a767a3 p.sw             x10, x0(x14)        x10:00000020 x14:00000000  PA:1a10f000
16725905ns          305797 1c008dec 00008067 jalr             x0, x1, 0            x1:1c008ec8
16725925ns          305798 1c008ec8 00c12083 lw               x1, 12(x2)           x1=1c00905e  x2:10000638  PA:10000644
16725946ns          305799 1c008eca 00000513 addi             x10, x0, 0          x10=00000000
16725966ns          305800 1c008ecc 01010113 addi             x2, x2, 16           x2=10000648  x2:10000638
16725986ns          305801 1c008ece 00008067 jalr             x0, x1, 0            x1:1c00905e
16726046ns          305804 1c00905e 05f53063 p.bneimm         x10, 64             x10:00000000
16726106ns          305807 1c00909e 00190913 addi             x18, x18, 1         x18=00000010 x18:0000000f
16726126ns          305808 1c0090a0 01800a33 add              x20, x0, x24        x20=100007c4 x24:100007c4
16726146ns          305809 1c0090a2 017004b3 add              x9, x0, x23          x9=1c000268 x23:1c000268
16726166ns          305810 1c0090a4 01400c33 add              x24, x0, x20        x24=100007c4 x20:100007c4
16726186ns          305811 1c0090a6 fa1ff06f jal              x0, -96            
16726247ns          305814 1c009046 0004c503 lbu              x10, 0(x9)          x10=00000066  x9:1c000268  PA:1c000268
16726547ns          305829 1c00904a 00148b93 addi             x23, x9, 1          x23=1c000269  x9:1c000268
16726568ns          305830 1c00904e 00050b63 beq              x10, x0, 22         x10:00000066
16726588ns          305831 1c009050 02500793 addi             x15, x0, 37         x15=00000025
16726608ns          305832 1c009054 14f50563 beq              x10, x15, 330       x10:00000066 x15:00000025
16726628ns          305833 1c009058 01c12583 lw               x11, 28(x2)         x11=00000002  x2:10000648  PA:10000664
16726648ns          305834 1c00905a 01812703 lw               x14, 24(x2)         x14=1c008ebe  x2:10000648  PA:10000660
16726708ns          305837 1c00905c 000700e7 jalr             x1, x14, 0           x1=1c00905e x14:1c008ebe
16726748ns          305839 1c008ebe ff010113 addi             x2, x2, -16          x2=10000638  x2:10000648
16726768ns          305840 1c008ec0 0ff57513 andi             x10, x10, 255       x10=00000066 x10:00000066
16726788ns          305841 1c008ec4 00112623 sw               x1, 12(x2)           x1:1c00905e  x2:10000638  PA:10000644
16726808ns          305842 1c008ec6 f07ff0ef jal              x1, -250             x1=1c008ec8
16726848ns          305844 1c008dcc 000026b7 lui              x13, 0x2000         x13=00002000
16726869ns          305845 1c008dce f14027f3 csrrs            x15, x0, 0xf14      x15=00000000
16726889ns          305846 1c008dd2 f8068693 addi             x13, x13, -128      x13=00001f80 x13:00002000
16726909ns          305847 1c008dd6 00279713 slli             x14, x15, 0x2       x14=00000000 x15:00000000
16726929ns          305848 1c008dda 00379793 slli             x15, x15, 0x3       x15=00000000 x15:00000000
16726949ns          305849 1c008ddc 00d77733 and              x14, x14, x13       x14=00000000 x14:00000000 x13:00001f80
16726969ns          305850 1c008dde ee87b7b3 p.bclr           x15, x15, 23, 8     x15=00000000 x15:00000000
16726989ns          305851 1c008de2 1a10f6b7 lui              x13, 0x1a10f000     x13=1a10f000
16727009ns          305852 1c008de6 00d787b3 add              x15, x15, x13       x15=1a10f000 x15:00000000 x13:1a10f000
16727029ns          305853 1c008de8 00a767a3 p.sw             x10, x0(x14)        x10:00000066 x14:00000000  PA:1a10f000
16727350ns          305869 1c008dec 00008067 jalr             x0, x1, 0            x1:1c008ec8
16727370ns          305870 1c008ec8 00c12083 lw               x1, 12(x2)           x1=1c00905e  x2:10000638  PA:10000644
16727390ns          305871 1c008eca 00000513 addi             x10, x0, 0          x10=00000000
16727410ns          305872 1c008ecc 01010113 addi             x2, x2, 16           x2=10000648  x2:10000638
16727430ns          305873 1c008ece 00008067 jalr             x0, x1, 0            x1:1c00905e
16727491ns          305876 1c00905e 05f53063 p.bneimm         x10, 64             x10:00000000
16727551ns          305879 1c00909e 00190913 addi             x18, x18, 1         x18=00000011 x18:00000010
16727571ns          305880 1c0090a0 01800a33 add              x20, x0, x24        x20=100007c4 x24:100007c4
16727591ns          305881 1c0090a2 017004b3 add              x9, x0, x23          x9=1c000269 x23:1c000269
16727611ns          305882 1c0090a4 01400c33 add              x24, x0, x20        x24=100007c4 x20:100007c4
16727631ns          305883 1c0090a6 fa1ff06f jal              x0, -96            
16727691ns          305886 1c009046 0004c503 lbu              x10, 0(x9)          x10=00000061  x9:1c000269  PA:1c000269
16727992ns          305901 1c00904a 00148b93 addi             x23, x9, 1          x23=1c00026a  x9:1c000269
16728012ns          305902 1c00904e 00050b63 beq              x10, x0, 22         x10:00000061
16728032ns          305903 1c009050 02500793 addi             x15, x0, 37         x15=00000025
16728052ns          305904 1c009054 14f50563 beq              x10, x15, 330       x10:00000061 x15:00000025
16728072ns          305905 1c009058 01c12583 lw               x11, 28(x2)         x11=00000002  x2:10000648  PA:10000664
16728093ns          305906 1c00905a 01812703 lw               x14, 24(x2)         x14=1c008ebe  x2:10000648  PA:10000660
16728153ns          305909 1c00905c 000700e7 jalr             x1, x14, 0           x1=1c00905e x14:1c008ebe
16728193ns          305911 1c008ebe ff010113 addi             x2, x2, -16          x2=10000638  x2:10000648
16728213ns          305912 1c008ec0 0ff57513 andi             x10, x10, 255       x10=00000061 x10:00000061
16728233ns          305913 1c008ec4 00112623 sw               x1, 12(x2)           x1:1c00905e  x2:10000638  PA:10000644
16728253ns          305914 1c008ec6 f07ff0ef jal              x1, -250             x1=1c008ec8
16728293ns          305916 1c008dcc 000026b7 lui              x13, 0x2000         x13=00002000
16728313ns          305917 1c008dce f14027f3 csrrs            x15, x0, 0xf14      x15=00000000
16728333ns          305918 1c008dd2 f8068693 addi             x13, x13, -128      x13=00001f80 x13:00002000
16728353ns          305919 1c008dd6 00279713 slli             x14, x15, 0x2       x14=00000000 x15:00000000
16728373ns          305920 1c008dda 00379793 slli             x15, x15, 0x3       x15=00000000 x15:00000000
16728394ns          305921 1c008ddc 00d77733 and              x14, x14, x13       x14=00000000 x14:00000000 x13:00001f80
16728414ns          305922 1c008dde ee87b7b3 p.bclr           x15, x15, 23, 8     x15=00000000 x15:00000000
16728434ns          305923 1c008de2 1a10f6b7 lui              x13, 0x1a10f000     x13=1a10f000
16728454ns          305924 1c008de6 00d787b3 add              x15, x15, x13       x15=1a10f000 x15:00000000 x13:1a10f000
16728474ns          305925 1c008de8 00a767a3 p.sw             x10, x0(x14)        x10:00000061 x14:00000000  PA:1a10f000
16728795ns          305941 1c008dec 00008067 jalr             x0, x1, 0            x1:1c008ec8
16728815ns          305942 1c008ec8 00c12083 lw               x1, 12(x2)           x1=1c00905e  x2:10000638  PA:10000644
16728835ns          305943 1c008eca 00000513 addi             x10, x0, 0          x10=00000000
16728855ns          305944 1c008ecc 01010113 addi             x2, x2, 16           x2=10000648  x2:10000638
16728875ns          305945 1c008ece 00008067 jalr             x0, x1, 0            x1:1c00905e
16728935ns          305948 1c00905e 05f53063 p.bneimm         x10, 64             x10:00000000
16728995ns          305951 1c00909e 00190913 addi             x18, x18, 1         x18=00000012 x18:00000011
16729016ns          305952 1c0090a0 01800a33 add              x20, x0, x24        x20=100007c4 x24:100007c4
16729036ns          305953 1c0090a2 017004b3 add              x9, x0, x23          x9=1c00026a x23:1c00026a
16729056ns          305954 1c0090a4 01400c33 add              x24, x0, x20        x24=100007c4 x20:100007c4
16729076ns          305955 1c0090a6 fa1ff06f jal              x0, -96            
16729136ns          305958 1c009046 0004c503 lbu              x10, 0(x9)          x10=00000069  x9:1c00026a  PA:1c00026a
16729437ns          305973 1c00904a 00148b93 addi             x23, x9, 1          x23=1c00026b  x9:1c00026a
16729457ns          305974 1c00904e 00050b63 beq              x10, x0, 22         x10:00000069
16729477ns          305975 1c009050 02500793 addi             x15, x0, 37         x15=00000025
16729497ns          305976 1c009054 14f50563 beq              x10, x15, 330       x10:00000069 x15:00000025
16729517ns          305977 1c009058 01c12583 lw               x11, 28(x2)         x11=00000002  x2:10000648  PA:10000664
16729537ns          305978 1c00905a 01812703 lw               x14, 24(x2)         x14=1c008ebe  x2:10000648  PA:10000660
16729597ns          305981 1c00905c 000700e7 jalr             x1, x14, 0           x1=1c00905e x14:1c008ebe
16729638ns          305983 1c008ebe ff010113 addi             x2, x2, -16          x2=10000638  x2:10000648
16729658ns          305984 1c008ec0 0ff57513 andi             x10, x10, 255       x10=00000069 x10:00000069
16729678ns          305985 1c008ec4 00112623 sw               x1, 12(x2)           x1:1c00905e  x2:10000638  PA:10000644
16729698ns          305986 1c008ec6 f07ff0ef jal              x1, -250             x1=1c008ec8
16729738ns          305988 1c008dcc 000026b7 lui              x13, 0x2000         x13=00002000
16729758ns          305989 1c008dce f14027f3 csrrs            x15, x0, 0xf14      x15=00000000
16729778ns          305990 1c008dd2 f8068693 addi             x13, x13, -128      x13=00001f80 x13:00002000
16729798ns          305991 1c008dd6 00279713 slli             x14, x15, 0x2       x14=00000000 x15:00000000
16729818ns          305992 1c008dda 00379793 slli             x15, x15, 0x3       x15=00000000 x15:00000000
16729838ns          305993 1c008ddc 00d77733 and              x14, x14, x13       x14=00000000 x14:00000000 x13:00001f80
16729858ns          305994 1c008dde ee87b7b3 p.bclr           x15, x15, 23, 8     x15=00000000 x15:00000000
16729878ns          305995 1c008de2 1a10f6b7 lui              x13, 0x1a10f000     x13=1a10f000
16729898ns          305996 1c008de6 00d787b3 add              x15, x15, x13       x15=1a10f000 x15:00000000 x13:1a10f000
16729918ns          305997 1c008de8 00a767a3 p.sw             x10, x0(x14)        x10:00000069 x14:00000000  PA:1a10f000
16730240ns          306013 1c008dec 00008067 jalr             x0, x1, 0            x1:1c008ec8
16730260ns          306014 1c008ec8 00c12083 lw               x1, 12(x2)           x1=1c00905e  x2:10000638  PA:10000644
16730280ns          306015 1c008eca 00000513 addi             x10, x0, 0          x10=00000000
16730300ns          306016 1c008ecc 01010113 addi             x2, x2, 16           x2=10000648  x2:10000638
16730320ns          306017 1c008ece 00008067 jalr             x0, x1, 0            x1:1c00905e
16730380ns          306020 1c00905e 05f53063 p.bneimm         x10, 64             x10:00000000
16730440ns          306023 1c00909e 00190913 addi             x18, x18, 1         x18=00000013 x18:00000012
16730460ns          306024 1c0090a0 01800a33 add              x20, x0, x24        x20=100007c4 x24:100007c4
16730480ns          306025 1c0090a2 017004b3 add              x9, x0, x23          x9=1c00026b x23:1c00026b
16730500ns          306026 1c0090a4 01400c33 add              x24, x0, x20        x24=100007c4 x20:100007c4
16730520ns          306027 1c0090a6 fa1ff06f jal              x0, -96            
16730581ns          306030 1c009046 0004c503 lbu              x10, 0(x9)          x10=0000006c  x9:1c00026b  PA:1c00026b
16730882ns          306045 1c00904a 00148b93 addi             x23, x9, 1          x23=1c00026c  x9:1c00026b
16730902ns          306046 1c00904e 00050b63 beq              x10, x0, 22         x10:0000006c
16730922ns          306047 1c009050 02500793 addi             x15, x0, 37         x15=00000025
16730942ns          306048 1c009054 14f50563 beq              x10, x15, 330       x10:0000006c x15:00000025
16730962ns          306049 1c009058 01c12583 lw               x11, 28(x2)         x11=00000002  x2:10000648  PA:10000664
16730982ns          306050 1c00905a 01812703 lw               x14, 24(x2)         x14=1c008ebe  x2:10000648  PA:10000660
16731042ns          306053 1c00905c 000700e7 jalr             x1, x14, 0           x1=1c00905e x14:1c008ebe
16731082ns          306055 1c008ebe ff010113 addi             x2, x2, -16          x2=10000638  x2:10000648
16731102ns          306056 1c008ec0 0ff57513 andi             x10, x10, 255       x10=0000006c x10:0000006c
16731122ns          306057 1c008ec4 00112623 sw               x1, 12(x2)           x1:1c00905e  x2:10000638  PA:10000644
16731142ns          306058 1c008ec6 f07ff0ef jal              x1, -250             x1=1c008ec8
16731183ns          306060 1c008dcc 000026b7 lui              x13, 0x2000         x13=00002000
16731203ns          306061 1c008dce f14027f3 csrrs            x15, x0, 0xf14      x15=00000000
16731223ns          306062 1c008dd2 f8068693 addi             x13, x13, -128      x13=00001f80 x13:00002000
16731243ns          306063 1c008dd6 00279713 slli             x14, x15, 0x2       x14=00000000 x15:00000000
16731263ns          306064 1c008dda 00379793 slli             x15, x15, 0x3       x15=00000000 x15:00000000
16731283ns          306065 1c008ddc 00d77733 and              x14, x14, x13       x14=00000000 x14:00000000 x13:00001f80
16731303ns          306066 1c008dde ee87b7b3 p.bclr           x15, x15, 23, 8     x15=00000000 x15:00000000
16731323ns          306067 1c008de2 1a10f6b7 lui              x13, 0x1a10f000     x13=1a10f000
16731343ns          306068 1c008de6 00d787b3 add              x15, x15, x13       x15=1a10f000 x15:00000000 x13:1a10f000
16731363ns          306069 1c008de8 00a767a3 p.sw             x10, x0(x14)        x10:0000006c x14:00000000  PA:1a10f000
16731684ns          306085 1c008dec 00008067 jalr             x0, x1, 0            x1:1c008ec8
16731704ns          306086 1c008ec8 00c12083 lw               x1, 12(x2)           x1=1c00905e  x2:10000638  PA:10000644
16731724ns          306087 1c008eca 00000513 addi             x10, x0, 0          x10=00000000
16731744ns          306088 1c008ecc 01010113 addi             x2, x2, 16           x2=10000648  x2:10000638
16731764ns          306089 1c008ece 00008067 jalr             x0, x1, 0            x1:1c00905e
16731825ns          306092 1c00905e 05f53063 p.bneimm         x10, 64             x10:00000000
16731885ns          306095 1c00909e 00190913 addi             x18, x18, 1         x18=00000014 x18:00000013
16731905ns          306096 1c0090a0 01800a33 add              x20, x0, x24        x20=100007c4 x24:100007c4
16731925ns          306097 1c0090a2 017004b3 add              x9, x0, x23          x9=1c00026c x23:1c00026c
16731945ns          306098 1c0090a4 01400c33 add              x24, x0, x20        x24=100007c4 x20:100007c4
16731965ns          306099 1c0090a6 fa1ff06f jal              x0, -96            
16732025ns          306102 1c009046 0004c503 lbu              x10, 0(x9)          x10=00000065  x9:1c00026c  PA:1c00026c
16732326ns          306117 1c00904a 00148b93 addi             x23, x9, 1          x23=1c00026d  x9:1c00026c
16732346ns          306118 1c00904e 00050b63 beq              x10, x0, 22         x10:00000065
16732366ns          306119 1c009050 02500793 addi             x15, x0, 37         x15=00000025
16732387ns          306120 1c009054 14f50563 beq              x10, x15, 330       x10:00000065 x15:00000025
16732407ns          306121 1c009058 01c12583 lw               x11, 28(x2)         x11=00000002  x2:10000648  PA:10000664
16732427ns          306122 1c00905a 01812703 lw               x14, 24(x2)         x14=1c008ebe  x2:10000648  PA:10000660
16732487ns          306125 1c00905c 000700e7 jalr             x1, x14, 0           x1=1c00905e x14:1c008ebe
16732527ns          306127 1c008ebe ff010113 addi             x2, x2, -16          x2=10000638  x2:10000648
16732547ns          306128 1c008ec0 0ff57513 andi             x10, x10, 255       x10=00000065 x10:00000065
16732567ns          306129 1c008ec4 00112623 sw               x1, 12(x2)           x1:1c00905e  x2:10000638  PA:10000644
16732587ns          306130 1c008ec6 f07ff0ef jal              x1, -250             x1=1c008ec8
16732627ns          306132 1c008dcc 000026b7 lui              x13, 0x2000         x13=00002000
16732647ns          306133 1c008dce f14027f3 csrrs            x15, x0, 0xf14      x15=00000000
16732667ns          306134 1c008dd2 f8068693 addi             x13, x13, -128      x13=00001f80 x13:00002000
16732687ns          306135 1c008dd6 00279713 slli             x14, x15, 0x2       x14=00000000 x15:00000000
16732708ns          306136 1c008dda 00379793 slli             x15, x15, 0x3       x15=00000000 x15:00000000
16732728ns          306137 1c008ddc 00d77733 and              x14, x14, x13       x14=00000000 x14:00000000 x13:00001f80
16732748ns          306138 1c008dde ee87b7b3 p.bclr           x15, x15, 23, 8     x15=00000000 x15:00000000
16732768ns          306139 1c008de2 1a10f6b7 lui              x13, 0x1a10f000     x13=1a10f000
16732788ns          306140 1c008de6 00d787b3 add              x15, x15, x13       x15=1a10f000 x15:00000000 x13:1a10f000
16732808ns          306141 1c008de8 00a767a3 p.sw             x10, x0(x14)        x10:00000065 x14:00000000  PA:1a10f000
16733129ns          306157 1c008dec 00008067 jalr             x0, x1, 0            x1:1c008ec8
16733149ns          306158 1c008ec8 00c12083 lw               x1, 12(x2)           x1=1c00905e  x2:10000638  PA:10000644
16733169ns          306159 1c008eca 00000513 addi             x10, x0, 0          x10=00000000
16733189ns          306160 1c008ecc 01010113 addi             x2, x2, 16           x2=10000648  x2:10000638
16733209ns          306161 1c008ece 00008067 jalr             x0, x1, 0            x1:1c00905e
16733269ns          306164 1c00905e 05f53063 p.bneimm         x10, 64             x10:00000000
16733330ns          306167 1c00909e 00190913 addi             x18, x18, 1         x18=00000015 x18:00000014
16733350ns          306168 1c0090a0 01800a33 add              x20, x0, x24        x20=100007c4 x24:100007c4
16733370ns          306169 1c0090a2 017004b3 add              x9, x0, x23          x9=1c00026d x23:1c00026d
16733390ns          306170 1c0090a4 01400c33 add              x24, x0, x20        x24=100007c4 x20:100007c4
16733410ns          306171 1c0090a6 fa1ff06f jal              x0, -96            
16733470ns          306174 1c009046 0004c503 lbu              x10, 0(x9)          x10=00000064  x9:1c00026d  PA:1c00026d
16733791ns          306190 1c00904a 00148b93 addi             x23, x9, 1          x23=1c00026e  x9:1c00026d
16733811ns          306191 1c00904e 00050b63 beq              x10, x0, 22         x10:00000064
16733831ns          306192 1c009050 02500793 addi             x15, x0, 37         x15=00000025
16733851ns          306193 1c009054 14f50563 beq              x10, x15, 330       x10:00000064 x15:00000025
16733871ns          306194 1c009058 01c12583 lw               x11, 28(x2)         x11=00000002  x2:10000648  PA:10000664
16733891ns          306195 1c00905a 01812703 lw               x14, 24(x2)         x14=1c008ebe  x2:10000648  PA:10000660
16733952ns          306198 1c00905c 000700e7 jalr             x1, x14, 0           x1=1c00905e x14:1c008ebe
16733992ns          306200 1c008ebe ff010113 addi             x2, x2, -16          x2=10000638  x2:10000648
16734012ns          306201 1c008ec0 0ff57513 andi             x10, x10, 255       x10=00000064 x10:00000064
16734032ns          306202 1c008ec4 00112623 sw               x1, 12(x2)           x1:1c00905e  x2:10000638  PA:10000644
16734052ns          306203 1c008ec6 f07ff0ef jal              x1, -250             x1=1c008ec8
16734092ns          306205 1c008dcc 000026b7 lui              x13, 0x2000         x13=00002000
16734112ns          306206 1c008dce f14027f3 csrrs            x15, x0, 0xf14      x15=00000000
16734132ns          306207 1c008dd2 f8068693 addi             x13, x13, -128      x13=00001f80 x13:00002000
16734152ns          306208 1c008dd6 00279713 slli             x14, x15, 0x2       x14=00000000 x15:00000000
16734172ns          306209 1c008dda 00379793 slli             x15, x15, 0x3       x15=00000000 x15:00000000
16734192ns          306210 1c008ddc 00d77733 and              x14, x14, x13       x14=00000000 x14:00000000 x13:00001f80
16734212ns          306211 1c008dde ee87b7b3 p.bclr           x15, x15, 23, 8     x15=00000000 x15:00000000
16734233ns          306212 1c008de2 1a10f6b7 lui              x13, 0x1a10f000     x13=1a10f000
16734253ns          306213 1c008de6 00d787b3 add              x15, x15, x13       x15=1a10f000 x15:00000000 x13:1a10f000
16734273ns          306214 1c008de8 00a767a3 p.sw             x10, x0(x14)        x10:00000064 x14:00000000  PA:1a10f000
16734594ns          306230 1c008dec 00008067 jalr             x0, x1, 0            x1:1c008ec8
16734614ns          306231 1c008ec8 00c12083 lw               x1, 12(x2)           x1=1c00905e  x2:10000638  PA:10000644
16734634ns          306232 1c008eca 00000513 addi             x10, x0, 0          x10=00000000
16734654ns          306233 1c008ecc 01010113 addi             x2, x2, 16           x2=10000648  x2:10000638
16734674ns          306234 1c008ece 00008067 jalr             x0, x1, 0            x1:1c00905e
16734734ns          306237 1c00905e 05f53063 p.bneimm         x10, 64             x10:00000000
16734794ns          306240 1c00909e 00190913 addi             x18, x18, 1         x18=00000016 x18:00000015
16734814ns          306241 1c0090a0 01800a33 add              x20, x0, x24        x20=100007c4 x24:100007c4
16734834ns          306242 1c0090a2 017004b3 add              x9, x0, x23          x9=1c00026e x23:1c00026e
16734855ns          306243 1c0090a4 01400c33 add              x24, x0, x20        x24=100007c4 x20:100007c4
16734875ns          306244 1c0090a6 fa1ff06f jal              x0, -96            
16734935ns          306247 1c009046 0004c503 lbu              x10, 0(x9)          x10=0000000a  x9:1c00026e  PA:1c00026e
16735236ns          306262 1c00904a 00148b93 addi             x23, x9, 1          x23=1c00026f  x9:1c00026e
16735256ns          306263 1c00904e 00050b63 beq              x10, x0, 22         x10:0000000a
16735276ns          306264 1c009050 02500793 addi             x15, x0, 37         x15=00000025
16735296ns          306265 1c009054 14f50563 beq              x10, x15, 330       x10:0000000a x15:00000025
16735316ns          306266 1c009058 01c12583 lw               x11, 28(x2)         x11=00000002  x2:10000648  PA:10000664
16735336ns          306267 1c00905a 01812703 lw               x14, 24(x2)         x14=1c008ebe  x2:10000648  PA:10000660
16735396ns          306270 1c00905c 000700e7 jalr             x1, x14, 0           x1=1c00905e x14:1c008ebe
16735436ns          306272 1c008ebe ff010113 addi             x2, x2, -16          x2=10000638  x2:10000648
16735457ns          306273 1c008ec0 0ff57513 andi             x10, x10, 255       x10=0000000a x10:0000000a
16735477ns          306274 1c008ec4 00112623 sw               x1, 12(x2)           x1:1c00905e  x2:10000638  PA:10000644
16735497ns          306275 1c008ec6 f07ff0ef jal              x1, -250             x1=1c008ec8
16735537ns          306277 1c008dcc 000026b7 lui              x13, 0x2000         x13=00002000
16735557ns          306278 1c008dce f14027f3 csrrs            x15, x0, 0xf14      x15=00000000
16735577ns          306279 1c008dd2 f8068693 addi             x13, x13, -128      x13=00001f80 x13:00002000
16735597ns          306280 1c008dd6 00279713 slli             x14, x15, 0x2       x14=00000000 x15:00000000
16735617ns          306281 1c008dda 00379793 slli             x15, x15, 0x3       x15=00000000 x15:00000000
16735637ns          306282 1c008ddc 00d77733 and              x14, x14, x13       x14=00000000 x14:00000000 x13:00001f80
16735657ns          306283 1c008dde ee87b7b3 p.bclr           x15, x15, 23, 8     x15=00000000 x15:00000000
16735677ns          306284 1c008de2 1a10f6b7 lui              x13, 0x1a10f000     x13=1a10f000
16735697ns          306285 1c008de6 00d787b3 add              x15, x15, x13       x15=1a10f000 x15:00000000 x13:1a10f000
16735717ns          306286 1c008de8 00a767a3 p.sw             x10, x0(x14)        x10:0000000a x14:00000000  PA:1a10f000
16736038ns          306302 1c008dec 00008067 jalr             x0, x1, 0            x1:1c008ec8
16736058ns          306303 1c008ec8 00c12083 lw               x1, 12(x2)           x1=1c00905e  x2:10000638  PA:10000644
16736079ns          306304 1c008eca 00000513 addi             x10, x0, 0          x10=00000000
16736099ns          306305 1c008ecc 01010113 addi             x2, x2, 16           x2=10000648  x2:10000638
16736119ns          306306 1c008ece 00008067 jalr             x0, x1, 0            x1:1c00905e
16736179ns          306309 1c00905e 05f53063 p.bneimm         x10, 64             x10:00000000
16736239ns          306312 1c00909e 00190913 addi             x18, x18, 1         x18=00000017 x18:00000016
16736259ns          306313 1c0090a0 01800a33 add              x20, x0, x24        x20=100007c4 x24:100007c4
16736279ns          306314 1c0090a2 017004b3 add              x9, x0, x23          x9=1c00026f x23:1c00026f
16736299ns          306315 1c0090a4 01400c33 add              x24, x0, x20        x24=100007c4 x20:100007c4
16736319ns          306316 1c0090a6 fa1ff06f jal              x0, -96            
16736380ns          306319 1c009046 0004c503 lbu              x10, 0(x9)          x10=00000000  x9:1c00026f  PA:1c00026f
16736680ns          306334 1c00904a 00148b93 addi             x23, x9, 1          x23=1c000270  x9:1c00026f
16736701ns          306335 1c00904e 00050b63 beq              x10, x0, 22         x10:00000000
16736761ns          306338 1c009064 14c12083 lw               x1, 332(x2)          x1=1c008f10  x2:10000648  PA:10000794
16736781ns          306339 1c009068 14812403 lw               x8, 328(x2)          x8=1c001c70  x2:10000648  PA:10000790
16736801ns          306340 1c00906c 01200533 add              x10, x0, x18        x10=00000017 x18:00000017
16737242ns          306362 1c00906e 14412483 lw               x9, 324(x2)          x9=xxxxxxxx  x2:10000648  PA:1000078c
16737282ns          306364 1c009072 14012903 lw               x18, 320(x2)        x18=xxxxxxxx  x2:10000648  PA:10000788
16737303ns          306365 1c009076 13c12983 lw               x19, 316(x2)        x19=xxxxxxxx  x2:10000648  PA:10000784
16737323ns          306366 1c00907a 13812a03 lw               x20, 312(x2)        x20=xxxxxxxx  x2:10000648  PA:10000780
16737383ns          306369 1c00907e 13412a83 lw               x21, 308(x2)        x21=xxxxxxxx  x2:10000648  PA:1000077c
16737423ns          306371 1c009082 13012b03 lw               x22, 304(x2)        x22=xxxxxxxx  x2:10000648  PA:10000778
16737443ns          306372 1c009086 12c12b83 lw               x23, 300(x2)        x23=xxxxxxxx  x2:10000648  PA:10000774
16737463ns          306373 1c00908a 12812c03 lw               x24, 296(x2)        x24=xxxxxxxx  x2:10000648  PA:10000770
16737483ns          306374 1c00908e 12412c83 lw               x25, 292(x2)        x25=xxxxxxxx  x2:10000648  PA:1000076c
16737503ns          306375 1c009092 12012d03 lw               x26, 288(x2)        x26=xxxxxxxx  x2:10000648  PA:10000768
16737523ns          306376 1c009096 11c12d83 lw               x27, 284(x2)        x27=xxxxxxxx  x2:10000648  PA:10000764
16737543ns          306377 1c00909a 15010113 addi             x2, x2, 336          x2=10000798  x2:10000648
16737563ns          306378 1c00909c 00008067 jalr             x0, x1, 0            x1:1c008f10
16737644ns          306382 1c008f10 01c12083 lw               x1, 28(x2)           x1=1c0081b4  x2:10000798  PA:100007b4
16737664ns          306383 1c008f12 04010113 addi             x2, x2, 64           x2=100007d8  x2:10000798
16737704ns          306385 1c008f14 00008067 jalr             x0, x1, 0            x1:1c0081b4
16737784ns          306389 1c0081b4 00042783 lw               x15, 0(x8)          x15=00000000  x8:1c001c70  PA:1c001c70
16738105ns          306405 1c0081b6 00079a63 bne              x15, x0, 20         x15:00000000
16738125ns          306406 1c0081b8 1c000537 lui              x10, 0x1c000000     x10=1c000000
16738145ns          306407 1c0081bc 27050513 addi             x10, x10, 624       x10=1c000270 x10:1c000000
16738286ns          306414 1c0081c0 00812403 lw               x8, 8(x2)            x8=00000000  x2:100007d8  PA:100007e0
16738306ns          306415 1c0081c2 00c12083 lw               x1, 12(x2)           x1=1c008c50  x2:100007d8  PA:100007e4
16738326ns          306416 1c0081c4 01010113 addi             x2, x2, 16           x2=100007e8  x2:100007d8
16738346ns          306417 1c0081c6 4d90006f jal              x0, 3288           
16738426ns          306421 1c008e9e ff010113 addi             x2, x2, -16          x2=100007d8  x2:100007e8
16738466ns          306423 1c008ea0 00812423 sw               x8, 8(x2)            x8:00000000  x2:100007d8  PA:100007e0
16738486ns          306424 1c008ea2 00112623 sw               x1, 12(x2)           x1:1c008c50  x2:100007d8  PA:100007e4
16738506ns          306425 1c008ea4 00a00433 add              x8, x0, x10          x8=1c000270 x10:1c000270
16738527ns          306426 1c008ea6 0014450b p.lbu            x10, 1(x8!)         x10=0000004f  x8=1c000271  x8:1c000270  PA:1c000270
16738848ns          306442 1c008eaa 00050363 beq              x10, x0, 6          x10:0000004f
16738868ns          306443 1c008eac f21ff0ef jal              x1, -224             x1=1c008eae
16738908ns          306445 1c008dcc 000026b7 lui              x13, 0x2000         x13=00002000
16738928ns          306446 1c008dce f14027f3 csrrs            x15, x0, 0xf14      x15=00000000
16738948ns          306447 1c008dd2 f8068693 addi             x13, x13, -128      x13=00001f80 x13:00002000
16738968ns          306448 1c008dd6 00279713 slli             x14, x15, 0x2       x14=00000000 x15:00000000
16738988ns          306449 1c008dda 00379793 slli             x15, x15, 0x3       x15=00000000 x15:00000000
16739008ns          306450 1c008ddc 00d77733 and              x14, x14, x13       x14=00000000 x14:00000000 x13:00001f80
16739028ns          306451 1c008dde ee87b7b3 p.bclr           x15, x15, 23, 8     x15=00000000 x15:00000000
16739048ns          306452 1c008de2 1a10f6b7 lui              x13, 0x1a10f000     x13=1a10f000
16739068ns          306453 1c008de6 00d787b3 add              x15, x15, x13       x15=1a10f000 x15:00000000 x13:1a10f000
16739088ns          306454 1c008de8 00a767a3 p.sw             x10, x0(x14)        x10:0000004f x14:00000000  PA:1a10f000
16739409ns          306470 1c008dec 00008067 jalr             x0, x1, 0            x1:1c008eae
16739429ns          306471 1c008eae ff9ff06f jal              x0, -8             
16739490ns          306474 1c008ea6 0014450b p.lbu            x10, 1(x8!)         x10=0000004f  x8=1c000272  x8:1c000271  PA:1c000271
16739811ns          306490 1c008eaa 00050363 beq              x10, x0, 6          x10:0000004f
16739831ns          306491 1c008eac f21ff0ef jal              x1, -224             x1=1c008eae
16739871ns          306493 1c008dcc 000026b7 lui              x13, 0x2000         x13=00002000
16739891ns          306494 1c008dce f14027f3 csrrs            x15, x0, 0xf14      x15=00000000
16739911ns          306495 1c008dd2 f8068693 addi             x13, x13, -128      x13=00001f80 x13:00002000
16739931ns          306496 1c008dd6 00279713 slli             x14, x15, 0x2       x14=00000000 x15:00000000
16739951ns          306497 1c008dda 00379793 slli             x15, x15, 0x3       x15=00000000 x15:00000000
16739971ns          306498 1c008ddc 00d77733 and              x14, x14, x13       x14=00000000 x14:00000000 x13:00001f80
16739991ns          306499 1c008dde ee87b7b3 p.bclr           x15, x15, 23, 8     x15=00000000 x15:00000000
16740011ns          306500 1c008de2 1a10f6b7 lui              x13, 0x1a10f000     x13=1a10f000
16740031ns          306501 1c008de6 00d787b3 add              x15, x15, x13       x15=1a10f000 x15:00000000 x13:1a10f000
16740051ns          306502 1c008de8 00a767a3 p.sw             x10, x0(x14)        x10:0000004f x14:00000000  PA:1a10f000
16740373ns          306518 1c008dec 00008067 jalr             x0, x1, 0            x1:1c008eae
16740393ns          306519 1c008eae ff9ff06f jal              x0, -8             
16740453ns          306522 1c008ea6 0014450b p.lbu            x10, 1(x8!)         x10=0000004f  x8=1c000273  x8:1c000272  PA:1c000272
16740794ns          306539 1c008eaa 00050363 beq              x10, x0, 6          x10:0000004f
16740814ns          306540 1c008eac f21ff0ef jal              x1, -224             x1=1c008eae
16740854ns          306542 1c008dcc 000026b7 lui              x13, 0x2000         x13=00002000
16740874ns          306543 1c008dce f14027f3 csrrs            x15, x0, 0xf14      x15=00000000
16740894ns          306544 1c008dd2 f8068693 addi             x13, x13, -128      x13=00001f80 x13:00002000
16740914ns          306545 1c008dd6 00279713 slli             x14, x15, 0x2       x14=00000000 x15:00000000
16740934ns          306546 1c008dda 00379793 slli             x15, x15, 0x3       x15=00000000 x15:00000000
16740954ns          306547 1c008ddc 00d77733 and              x14, x14, x13       x14=00000000 x14:00000000 x13:00001f80
16740974ns          306548 1c008dde ee87b7b3 p.bclr           x15, x15, 23, 8     x15=00000000 x15:00000000
16740995ns          306549 1c008de2 1a10f6b7 lui              x13, 0x1a10f000     x13=1a10f000
16741015ns          306550 1c008de6 00d787b3 add              x15, x15, x13       x15=1a10f000 x15:00000000 x13:1a10f000
16741035ns          306551 1c008de8 00a767a3 p.sw             x10, x0(x14)        x10:0000004f x14:00000000  PA:1a10f000
16741356ns          306567 1c008dec 00008067 jalr             x0, x1, 0            x1:1c008eae
16741376ns          306568 1c008eae ff9ff06f jal              x0, -8             
16741436ns          306571 1c008ea6 0014450b p.lbu            x10, 1(x8!)         x10=0000004f  x8=1c000274  x8:1c000273  PA:1c000273
16741797ns          306589 1c008eaa 00050363 beq              x10, x0, 6          x10:0000004f
16741817ns          306590 1c008eac f21ff0ef jal              x1, -224             x1=1c008eae
16741857ns          306592 1c008dcc 000026b7 lui              x13, 0x2000         x13=00002000
16741877ns          306593 1c008dce f14027f3 csrrs            x15, x0, 0xf14      x15=00000000
16741897ns          306594 1c008dd2 f8068693 addi             x13, x13, -128      x13=00001f80 x13:00002000
16741918ns          306595 1c008dd6 00279713 slli             x14, x15, 0x2       x14=00000000 x15:00000000
16741938ns          306596 1c008dda 00379793 slli             x15, x15, 0x3       x15=00000000 x15:00000000
16741958ns          306597 1c008ddc 00d77733 and              x14, x14, x13       x14=00000000 x14:00000000 x13:00001f80
16741978ns          306598 1c008dde ee87b7b3 p.bclr           x15, x15, 23, 8     x15=00000000 x15:00000000
16741998ns          306599 1c008de2 1a10f6b7 lui              x13, 0x1a10f000     x13=1a10f000
16742018ns          306600 1c008de6 00d787b3 add              x15, x15, x13       x15=1a10f000 x15:00000000 x13:1a10f000
16742038ns          306601 1c008de8 00a767a3 p.sw             x10, x0(x14)        x10:0000004f x14:00000000  PA:1a10f000
16742359ns          306617 1c008dec 00008067 jalr             x0, x1, 0            x1:1c008eae
16742379ns          306618 1c008eae ff9ff06f jal              x0, -8             
16742439ns          306621 1c008ea6 0014450b p.lbu            x10, 1(x8!)         x10=0000004f  x8=1c000275  x8:1c000274  PA:1c000274
16742780ns          306638 1c008eaa 00050363 beq              x10, x0, 6          x10:0000004f
16742800ns          306639 1c008eac f21ff0ef jal              x1, -224             x1=1c008eae
16742841ns          306641 1c008dcc 000026b7 lui              x13, 0x2000         x13=00002000
16742861ns          306642 1c008dce f14027f3 csrrs            x15, x0, 0xf14      x15=00000000
16742881ns          306643 1c008dd2 f8068693 addi             x13, x13, -128      x13=00001f80 x13:00002000
16742901ns          306644 1c008dd6 00279713 slli             x14, x15, 0x2       x14=00000000 x15:00000000
16742921ns          306645 1c008dda 00379793 slli             x15, x15, 0x3       x15=00000000 x15:00000000
16742941ns          306646 1c008ddc 00d77733 and              x14, x14, x13       x14=00000000 x14:00000000 x13:00001f80
16742961ns          306647 1c008dde ee87b7b3 p.bclr           x15, x15, 23, 8     x15=00000000 x15:00000000
16742981ns          306648 1c008de2 1a10f6b7 lui              x13, 0x1a10f000     x13=1a10f000
16743001ns          306649 1c008de6 00d787b3 add              x15, x15, x13       x15=1a10f000 x15:00000000 x13:1a10f000
16743021ns          306650 1c008de8 00a767a3 p.sw             x10, x0(x14)        x10:0000004f x14:00000000  PA:1a10f000
16743342ns          306666 1c008dec 00008067 jalr             x0, x1, 0            x1:1c008eae
16743362ns          306667 1c008eae ff9ff06f jal              x0, -8             
16743422ns          306670 1c008ea6 0014450b p.lbu            x10, 1(x8!)         x10=0000004f  x8=1c000276  x8:1c000275  PA:1c000275
16743764ns          306687 1c008eaa 00050363 beq              x10, x0, 6          x10:0000004f
16743784ns          306688 1c008eac f21ff0ef jal              x1, -224             x1=1c008eae
16743824ns          306690 1c008dcc 000026b7 lui              x13, 0x2000         x13=00002000
16743844ns          306691 1c008dce f14027f3 csrrs            x15, x0, 0xf14      x15=00000000
16743864ns          306692 1c008dd2 f8068693 addi             x13, x13, -128      x13=00001f80 x13:00002000
16743884ns          306693 1c008dd6 00279713 slli             x14, x15, 0x2       x14=00000000 x15:00000000
16743904ns          306694 1c008dda 00379793 slli             x15, x15, 0x3       x15=00000000 x15:00000000
16743924ns          306695 1c008ddc 00d77733 and              x14, x14, x13       x14=00000000 x14:00000000 x13:00001f80
16743944ns          306696 1c008dde ee87b7b3 p.bclr           x15, x15, 23, 8     x15=00000000 x15:00000000
16743964ns          306697 1c008de2 1a10f6b7 lui              x13, 0x1a10f000     x13=1a10f000
16743984ns          306698 1c008de6 00d787b3 add              x15, x15, x13       x15=1a10f000 x15:00000000 x13:1a10f000
16744004ns          306699 1c008de8 00a767a3 p.sw             x10, x0(x14)        x10:0000004f x14:00000000  PA:1a10f000
16744325ns          306715 1c008dec 00008067 jalr             x0, x1, 0            x1:1c008eae
16744345ns          306716 1c008eae ff9ff06f jal              x0, -8             
16744406ns          306719 1c008ea6 0014450b p.lbu            x10, 1(x8!)         x10=0000004b  x8=1c000277  x8:1c000276  PA:1c000276
16744747ns          306736 1c008eaa 00050363 beq              x10, x0, 6          x10:0000004b
16744767ns          306737 1c008eac f21ff0ef jal              x1, -224             x1=1c008eae
16744807ns          306739 1c008dcc 000026b7 lui              x13, 0x2000         x13=00002000
16744827ns          306740 1c008dce f14027f3 csrrs            x15, x0, 0xf14      x15=00000000
16744847ns          306741 1c008dd2 f8068693 addi             x13, x13, -128      x13=00001f80 x13:00002000
16744867ns          306742 1c008dd6 00279713 slli             x14, x15, 0x2       x14=00000000 x15:00000000
16744887ns          306743 1c008dda 00379793 slli             x15, x15, 0x3       x15=00000000 x15:00000000
16744907ns          306744 1c008ddc 00d77733 and              x14, x14, x13       x14=00000000 x14:00000000 x13:00001f80
16744927ns          306745 1c008dde ee87b7b3 p.bclr           x15, x15, 23, 8     x15=00000000 x15:00000000
16744947ns          306746 1c008de2 1a10f6b7 lui              x13, 0x1a10f000     x13=1a10f000
16744967ns          306747 1c008de6 00d787b3 add              x15, x15, x13       x15=1a10f000 x15:00000000 x13:1a10f000
16744988ns          306748 1c008de8 00a767a3 p.sw             x10, x0(x14)        x10:0000004b x14:00000000  PA:1a10f000
16745309ns          306764 1c008dec 00008067 jalr             x0, x1, 0            x1:1c008eae
16745329ns          306765 1c008eae ff9ff06f jal              x0, -8             
16745389ns          306768 1c008ea6 0014450b p.lbu            x10, 1(x8!)         x10=00000021  x8=1c000278  x8:1c000277  PA:1c000277
16745710ns          306784 1c008eaa 00050363 beq              x10, x0, 6          x10:00000021
16745730ns          306785 1c008eac f21ff0ef jal              x1, -224             x1=1c008eae
16745770ns          306787 1c008dcc 000026b7 lui              x13, 0x2000         x13=00002000
16745790ns          306788 1c008dce f14027f3 csrrs            x15, x0, 0xf14      x15=00000000
16745810ns          306789 1c008dd2 f8068693 addi             x13, x13, -128      x13=00001f80 x13:00002000
16745830ns          306790 1c008dd6 00279713 slli             x14, x15, 0x2       x14=00000000 x15:00000000
16745850ns          306791 1c008dda 00379793 slli             x15, x15, 0x3       x15=00000000 x15:00000000
16745870ns          306792 1c008ddc 00d77733 and              x14, x14, x13       x14=00000000 x14:00000000 x13:00001f80
16745890ns          306793 1c008dde ee87b7b3 p.bclr           x15, x15, 23, 8     x15=00000000 x15:00000000
16745911ns          306794 1c008de2 1a10f6b7 lui              x13, 0x1a10f000     x13=1a10f000
16745931ns          306795 1c008de6 00d787b3 add              x15, x15, x13       x15=1a10f000 x15:00000000 x13:1a10f000
16745951ns          306796 1c008de8 00a767a3 p.sw             x10, x0(x14)        x10:00000021 x14:00000000  PA:1a10f000
16746272ns          306812 1c008dec 00008067 jalr             x0, x1, 0            x1:1c008eae
16746292ns          306813 1c008eae ff9ff06f jal              x0, -8             
16746352ns          306816 1c008ea6 0014450b p.lbu            x10, 1(x8!)         x10=00000021  x8=1c000279  x8:1c000278  PA:1c000278
16746673ns          306832 1c008eaa 00050363 beq              x10, x0, 6          x10:00000021
16746693ns          306833 1c008eac f21ff0ef jal              x1, -224             x1=1c008eae
16746733ns          306835 1c008dcc 000026b7 lui              x13, 0x2000         x13=00002000
16746753ns          306836 1c008dce f14027f3 csrrs            x15, x0, 0xf14      x15=00000000
16746773ns          306837 1c008dd2 f8068693 addi             x13, x13, -128      x13=00001f80 x13:00002000
16746793ns          306838 1c008dd6 00279713 slli             x14, x15, 0x2       x14=00000000 x15:00000000
16746814ns          306839 1c008dda 00379793 slli             x15, x15, 0x3       x15=00000000 x15:00000000
16746834ns          306840 1c008ddc 00d77733 and              x14, x14, x13       x14=00000000 x14:00000000 x13:00001f80
16746854ns          306841 1c008dde ee87b7b3 p.bclr           x15, x15, 23, 8     x15=00000000 x15:00000000
16746874ns          306842 1c008de2 1a10f6b7 lui              x13, 0x1a10f000     x13=1a10f000
16746894ns          306843 1c008de6 00d787b3 add              x15, x15, x13       x15=1a10f000 x15:00000000 x13:1a10f000
16746914ns          306844 1c008de8 00a767a3 p.sw             x10, x0(x14)        x10:00000021 x14:00000000  PA:1a10f000
16747235ns          306860 1c008dec 00008067 jalr             x0, x1, 0            x1:1c008eae
16747255ns          306861 1c008eae ff9ff06f jal              x0, -8             
16747315ns          306864 1c008ea6 0014450b p.lbu            x10, 1(x8!)         x10=00000021  x8=1c00027a  x8:1c000279  PA:1c000279
16747636ns          306880 1c008eaa 00050363 beq              x10, x0, 6          x10:00000021
16747656ns          306881 1c008eac f21ff0ef jal              x1, -224             x1=1c008eae
16747696ns          306883 1c008dcc 000026b7 lui              x13, 0x2000         x13=00002000
16747716ns          306884 1c008dce f14027f3 csrrs            x15, x0, 0xf14      x15=00000000
16747737ns          306885 1c008dd2 f8068693 addi             x13, x13, -128      x13=00001f80 x13:00002000
16747757ns          306886 1c008dd6 00279713 slli             x14, x15, 0x2       x14=00000000 x15:00000000
16747777ns          306887 1c008dda 00379793 slli             x15, x15, 0x3       x15=00000000 x15:00000000
16747797ns          306888 1c008ddc 00d77733 and              x14, x14, x13       x14=00000000 x14:00000000 x13:00001f80
16747817ns          306889 1c008dde ee87b7b3 p.bclr           x15, x15, 23, 8     x15=00000000 x15:00000000
16747837ns          306890 1c008de2 1a10f6b7 lui              x13, 0x1a10f000     x13=1a10f000
16747857ns          306891 1c008de6 00d787b3 add              x15, x15, x13       x15=1a10f000 x15:00000000 x13:1a10f000
16747877ns          306892 1c008de8 00a767a3 p.sw             x10, x0(x14)        x10:00000021 x14:00000000  PA:1a10f000
16748218ns          306909 1c008dec 00008067 jalr             x0, x1, 0            x1:1c008eae
16748238ns          306910 1c008eae ff9ff06f jal              x0, -8             
16748298ns          306913 1c008ea6 0014450b p.lbu            x10, 1(x8!)         x10=00000021  x8=1c00027b  x8:1c00027a  PA:1c00027a
16748619ns          306929 1c008eaa 00050363 beq              x10, x0, 6          x10:00000021
16748639ns          306930 1c008eac f21ff0ef jal              x1, -224             x1=1c008eae
16748680ns          306932 1c008dcc 000026b7 lui              x13, 0x2000         x13=00002000
16748700ns          306933 1c008dce f14027f3 csrrs            x15, x0, 0xf14      x15=00000000
16748720ns          306934 1c008dd2 f8068693 addi             x13, x13, -128      x13=00001f80 x13:00002000
16748740ns          306935 1c008dd6 00279713 slli             x14, x15, 0x2       x14=00000000 x15:00000000
16748760ns          306936 1c008dda 00379793 slli             x15, x15, 0x3       x15=00000000 x15:00000000
16748780ns          306937 1c008ddc 00d77733 and              x14, x14, x13       x14=00000000 x14:00000000 x13:00001f80
16748800ns          306938 1c008dde ee87b7b3 p.bclr           x15, x15, 23, 8     x15=00000000 x15:00000000
16748820ns          306939 1c008de2 1a10f6b7 lui              x13, 0x1a10f000     x13=1a10f000
16748840ns          306940 1c008de6 00d787b3 add              x15, x15, x13       x15=1a10f000 x15:00000000 x13:1a10f000
16748860ns          306941 1c008de8 00a767a3 p.sw             x10, x0(x14)        x10:00000021 x14:00000000  PA:1a10f000
16749181ns          306957 1c008dec 00008067 jalr             x0, x1, 0            x1:1c008eae
16749201ns          306958 1c008eae ff9ff06f jal              x0, -8             
16749261ns          306961 1c008ea6 0014450b p.lbu            x10, 1(x8!)         x10=00000021  x8=1c00027c  x8:1c00027b  PA:1c00027b
16749583ns          306977 1c008eaa 00050363 beq              x10, x0, 6          x10:00000021
16749603ns          306978 1c008eac f21ff0ef jal              x1, -224             x1=1c008eae
16749643ns          306980 1c008dcc 000026b7 lui              x13, 0x2000         x13=00002000
16749663ns          306981 1c008dce f14027f3 csrrs            x15, x0, 0xf14      x15=00000000
16749683ns          306982 1c008dd2 f8068693 addi             x13, x13, -128      x13=00001f80 x13:00002000
16749703ns          306983 1c008dd6 00279713 slli             x14, x15, 0x2       x14=00000000 x15:00000000
16749723ns          306984 1c008dda 00379793 slli             x15, x15, 0x3       x15=00000000 x15:00000000
16749743ns          306985 1c008ddc 00d77733 and              x14, x14, x13       x14=00000000 x14:00000000 x13:00001f80
16749763ns          306986 1c008dde ee87b7b3 p.bclr           x15, x15, 23, 8     x15=00000000 x15:00000000
16749783ns          306987 1c008de2 1a10f6b7 lui              x13, 0x1a10f000     x13=1a10f000
16749803ns          306988 1c008de6 00d787b3 add              x15, x15, x13       x15=1a10f000 x15:00000000 x13:1a10f000
16749823ns          306989 1c008de8 00a767a3 p.sw             x10, x0(x14)        x10:00000021 x14:00000000  PA:1a10f000
16750144ns          307005 1c008dec 00008067 jalr             x0, x1, 0            x1:1c008eae
16750164ns          307006 1c008eae ff9ff06f jal              x0, -8             
16750225ns          307009 1c008ea6 0014450b p.lbu            x10, 1(x8!)         x10=00000021  x8=1c00027d  x8:1c00027c  PA:1c00027c
16750546ns          307025 1c008eaa 00050363 beq              x10, x0, 6          x10:00000021
16750566ns          307026 1c008eac f21ff0ef jal              x1, -224             x1=1c008eae
16750606ns          307028 1c008dcc 000026b7 lui              x13, 0x2000         x13=00002000
16750626ns          307029 1c008dce f14027f3 csrrs            x15, x0, 0xf14      x15=00000000
16750646ns          307030 1c008dd2 f8068693 addi             x13, x13, -128      x13=00001f80 x13:00002000
16750666ns          307031 1c008dd6 00279713 slli             x14, x15, 0x2       x14=00000000 x15:00000000
16750686ns          307032 1c008dda 00379793 slli             x15, x15, 0x3       x15=00000000 x15:00000000
16750706ns          307033 1c008ddc 00d77733 and              x14, x14, x13       x14=00000000 x14:00000000 x13:00001f80
16750726ns          307034 1c008dde ee87b7b3 p.bclr           x15, x15, 23, 8     x15=00000000 x15:00000000
16750746ns          307035 1c008de2 1a10f6b7 lui              x13, 0x1a10f000     x13=1a10f000
16750766ns          307036 1c008de6 00d787b3 add              x15, x15, x13       x15=1a10f000 x15:00000000 x13:1a10f000
16750786ns          307037 1c008de8 00a767a3 p.sw             x10, x0(x14)        x10:00000021 x14:00000000  PA:1a10f000
16751107ns          307053 1c008dec 00008067 jalr             x0, x1, 0            x1:1c008eae
16751128ns          307054 1c008eae ff9ff06f jal              x0, -8             
16751188ns          307057 1c008ea6 0014450b p.lbu            x10, 1(x8!)         x10=00000000  x8=1c00027e  x8:1c00027d  PA:1c00027d
16751509ns          307073 1c008eaa 00050363 beq              x10, x0, 6          x10:00000000
16751569ns          307076 1c008eb0 00a00513 addi             x10, x0, 10         x10=0000000a
16751589ns          307077 1c008eb2 f1bff0ef jal              x1, -230             x1=1c008eb4
16751629ns          307079 1c008dcc 000026b7 lui              x13, 0x2000         x13=00002000
16751649ns          307080 1c008dce f14027f3 csrrs            x15, x0, 0xf14      x15=00000000
16751669ns          307081 1c008dd2 f8068693 addi             x13, x13, -128      x13=00001f80 x13:00002000
16751689ns          307082 1c008dd6 00279713 slli             x14, x15, 0x2       x14=00000000 x15:00000000
16751709ns          307083 1c008dda 00379793 slli             x15, x15, 0x3       x15=00000000 x15:00000000
16751730ns          307084 1c008ddc 00d77733 and              x14, x14, x13       x14=00000000 x14:00000000 x13:00001f80
16751750ns          307085 1c008dde ee87b7b3 p.bclr           x15, x15, 23, 8     x15=00000000 x15:00000000
16751770ns          307086 1c008de2 1a10f6b7 lui              x13, 0x1a10f000     x13=1a10f000
16751790ns          307087 1c008de6 00d787b3 add              x15, x15, x13       x15=1a10f000 x15:00000000 x13:1a10f000
16751810ns          307088 1c008de8 00a767a3 p.sw             x10, x0(x14)        x10:0000000a x14:00000000  PA:1a10f000
16752131ns          307104 1c008dec 00008067 jalr             x0, x1, 0            x1:1c008eb4
16752151ns          307105 1c008eb4 00c12083 lw               x1, 12(x2)           x1=1c008c50  x2:100007d8  PA:100007e4
16752171ns          307106 1c008eb6 00812403 lw               x8, 8(x2)            x8=00000000  x2:100007d8  PA:100007e0
16752191ns          307107 1c008eb8 00000513 addi             x10, x0, 0          x10=00000000
16752211ns          307108 1c008eba 01010113 addi             x2, x2, 16           x2=100007e8  x2:100007d8
16752231ns          307109 1c008ebc 00008067 jalr             x0, x1, 0            x1:1c008c50
16752311ns          307113 1c008c50 1c0027b7 lui              x15, 0x1c002000     x15=1c002000
16752352ns          307115 1c008c54 c707a783 lw               x15, -912(x15)      x15=00000000 x15:1c002000  PA:1c001c70
16752673ns          307131 1c008c58 00079b63 bne              x15, x0, 22         x15:00000000
16752693ns          307132 1c008c5a 1c000537 lui              x10, 0x1c000000     x10=1c000000
16752713ns          307133 1c008c5e 21450513 addi             x10, x10, 532       x10=1c000214 x10:1c000000
16752733ns          307134 1c008c62 28a000ef jal              x1, 650              x1=1c008c64
16752813ns          307138 1c008eec fc010113 addi             x2, x2, -64          x2=100007a8  x2:100007e8
16752833ns          307139 1c008eee 02c12423 sw               x12, 40(x2)         x12:00000030  x2:100007a8  PA:100007d0
16752853ns          307140 1c008ef0 00a00633 add              x12, x0, x10        x12=1c000214 x10:1c000214
16752873ns          307141 1c008ef2 1c009537 lui              x10, 0x1c009000     x10=1c009000
16752893ns          307142 1c008ef6 02b12223 sw               x11, 36(x2)         x11:00000002  x2:100007a8  PA:100007cc
16752913ns          307143 1c008ef8 02d12623 sw               x13, 44(x2)         x13:1a10f000  x2:100007a8  PA:100007d4
16752933ns          307144 1c008efa 00200593 addi             x11, x0, 2          x11=00000002
16752954ns          307145 1c008efc 02410693 addi             x13, x2, 36         x13=100007cc  x2:100007a8
16753355ns          307165 1c008efe ebe50513 addi             x10, x10, -322      x10=1c008ebe x10:1c009000
16753375ns          307166 1c008f02 00112e23 sw               x1, 28(x2)           x1:1c008c64  x2:100007a8  PA:100007c4
16753395ns          307167 1c008f04 02e12823 sw               x14, 48(x2)         x14:00000000  x2:100007a8  PA:100007d8
16753415ns          307168 1c008f06 02f12a23 sw               x15, 52(x2)         x15:00000000  x2:100007a8  PA:100007dc
16753435ns          307169 1c008f08 03012c23 sw               x16, 56(x2)         x16:00000034  x2:100007a8  PA:100007e0
16753455ns          307170 1c008f0a 03112e23 sw               x17, 60(x2)         x17:00000004  x2:100007a8  PA:100007e4
16753475ns          307171 1c008f0c 00d12623 sw               x13, 12(x2)         x13:100007cc  x2:100007a8  PA:100007b4
16753495ns          307172 1c008f0e fc3ff0ef jal              x1, -62              x1=1c008f10
16753576ns          307176 1c008ed0 1360006f jal              x0, 310            
16753656ns          307180 1c009006 eb010113 addi             x2, x2, -336         x2=10000658  x2:100007a8
16753696ns          307182 1c009008 14912223 sw               x9, 324(x2)          x9:xxxxxxxx  x2:10000658  PA:1000079c
16753716ns          307183 1c00900c 15212023 sw               x18, 320(x2)        x18:xxxxxxxx  x2:10000658  PA:10000798
16753776ns          307186 1c009010 13812423 sw               x24, 296(x2)        x24:xxxxxxxx  x2:10000658  PA:10000780
16753816ns          307188 1c009014 14112623 sw               x1, 332(x2)          x1:1c008f10  x2:10000658  PA:100007a4
16753836ns          307189 1c009018 14812423 sw               x8, 328(x2)          x8:00000000  x2:10000658  PA:100007a0
16753856ns          307190 1c00901c 13312e23 sw               x19, 316(x2)        x19:xxxxxxxx  x2:10000658  PA:10000794
16753917ns          307193 1c009020 13412c23 sw               x20, 312(x2)        x20:xxxxxxxx  x2:10000658  PA:10000790
16753957ns          307195 1c009024 13512a23 sw               x21, 308(x2)        x21:xxxxxxxx  x2:10000658  PA:1000078c
16753977ns          307196 1c009028 13612823 sw               x22, 304(x2)        x22:xxxxxxxx  x2:10000658  PA:10000788
16753997ns          307197 1c00902c 13712623 sw               x23, 300(x2)        x23:xxxxxxxx  x2:10000658  PA:10000784
16754057ns          307200 1c009030 13912223 sw               x25, 292(x2)        x25:xxxxxxxx  x2:10000658  PA:1000077c
16754097ns          307202 1c009034 13a12023 sw               x26, 288(x2)        x26:xxxxxxxx  x2:10000658  PA:10000778
16754117ns          307203 1c009038 11b12e23 sw               x27, 284(x2)        x27:xxxxxxxx  x2:10000658  PA:10000774
16754137ns          307204 1c00903c 00a12c23 sw               x10, 24(x2)         x10:1c008ebe  x2:10000658  PA:10000670
16754157ns          307205 1c00903e 00b12e23 sw               x11, 28(x2)         x11:00000002  x2:10000658  PA:10000674
16754198ns          307207 1c009040 00c004b3 add              x9, x0, x12          x9=1c000214 x12:1c000214
16754218ns          307208 1c009042 00d00c33 add              x24, x0, x13        x24=100007cc x13:100007cc
16754238ns          307209 1c009044 00000913 addi             x18, x0, 0          x18=00000000
16754258ns          307210 1c009046 0004c503 lbu              x10, 0(x9)          x10=00000045  x9:1c000214  PA:1c000214
16754579ns          307226 1c00904a 00148b93 addi             x23, x9, 1          x23=1c000215  x9:1c000214
16754599ns          307227 1c00904e 00050b63 beq              x10, x0, 22         x10:00000045
16754619ns          307228 1c009050 02500793 addi             x15, x0, 37         x15=00000025
16754639ns          307229 1c009054 14f50563 beq              x10, x15, 330       x10:00000045 x15:00000025
16754659ns          307230 1c009058 01c12583 lw               x11, 28(x2)         x11=00000002  x2:10000658  PA:10000674
16754679ns          307231 1c00905a 01812703 lw               x14, 24(x2)         x14=1c008ebe  x2:10000658  PA:10000670
16754739ns          307234 1c00905c 000700e7 jalr             x1, x14, 0           x1=1c00905e x14:1c008ebe
16754779ns          307236 1c008ebe ff010113 addi             x2, x2, -16          x2=10000648  x2:10000658
16754800ns          307237 1c008ec0 0ff57513 andi             x10, x10, 255       x10=00000045 x10:00000045
16754820ns          307238 1c008ec4 00112623 sw               x1, 12(x2)           x1:1c00905e  x2:10000648  PA:10000654
16754840ns          307239 1c008ec6 f07ff0ef jal              x1, -250             x1=1c008ec8
16754880ns          307241 1c008dcc 000026b7 lui              x13, 0x2000         x13=00002000
16754900ns          307242 1c008dce f14027f3 csrrs            x15, x0, 0xf14      x15=00000000
16754920ns          307243 1c008dd2 f8068693 addi             x13, x13, -128      x13=00001f80 x13:00002000
16754940ns          307244 1c008dd6 00279713 slli             x14, x15, 0x2       x14=00000000 x15:00000000
16754960ns          307245 1c008dda 00379793 slli             x15, x15, 0x3       x15=00000000 x15:00000000
16754980ns          307246 1c008ddc 00d77733 and              x14, x14, x13       x14=00000000 x14:00000000 x13:00001f80
16755020ns          307248 1c008dde ee87b7b3 p.bclr           x15, x15, 23, 8     x15=00000000 x15:00000000
16755060ns          307250 1c008de2 1a10f6b7 lui              x13, 0x1a10f000     x13=1a10f000
16755080ns          307251 1c008de6 00d787b3 add              x15, x15, x13       x15=1a10f000 x15:00000000 x13:1a10f000
16755100ns          307252 1c008de8 00a767a3 p.sw             x10, x0(x14)        x10:00000045 x14:00000000  PA:1a10f000
16755422ns          307268 1c008dec 00008067 jalr             x0, x1, 0            x1:1c008ec8
16755442ns          307269 1c008ec8 00c12083 lw               x1, 12(x2)           x1=1c00905e  x2:10000648  PA:10000654
16755462ns          307270 1c008eca 00000513 addi             x10, x0, 0          x10=00000000
16755482ns          307271 1c008ecc 01010113 addi             x2, x2, 16           x2=10000658  x2:10000648
16755502ns          307272 1c008ece 00008067 jalr             x0, x1, 0            x1:1c00905e
16755602ns          307277 1c00905e 05f53063 p.bneimm         x10, 64             x10:00000000
16755662ns          307280 1c00909e 00190913 addi             x18, x18, 1         x18=00000001 x18:00000000
16755682ns          307281 1c0090a0 01800a33 add              x20, x0, x24        x20=100007cc x24:100007cc
16755702ns          307282 1c0090a2 017004b3 add              x9, x0, x23          x9=1c000215 x23:1c000215
16755723ns          307283 1c0090a4 01400c33 add              x24, x0, x20        x24=100007cc x20:100007cc
16755743ns          307284 1c0090a6 fa1ff06f jal              x0, -96            
16755803ns          307287 1c009046 0004c503 lbu              x10, 0(x9)          x10=00000076  x9:1c000215  PA:1c000215
16756104ns          307302 1c00904a 00148b93 addi             x23, x9, 1          x23=1c000216  x9:1c000215
16756124ns          307303 1c00904e 00050b63 beq              x10, x0, 22         x10:00000076
16756144ns          307304 1c009050 02500793 addi             x15, x0, 37         x15=00000025
16756164ns          307305 1c009054 14f50563 beq              x10, x15, 330       x10:00000076 x15:00000025
16756184ns          307306 1c009058 01c12583 lw               x11, 28(x2)         x11=00000002  x2:10000658  PA:10000674
16756204ns          307307 1c00905a 01812703 lw               x14, 24(x2)         x14=1c008ebe  x2:10000658  PA:10000670
16756264ns          307310 1c00905c 000700e7 jalr             x1, x14, 0           x1=1c00905e x14:1c008ebe
16756304ns          307312 1c008ebe ff010113 addi             x2, x2, -16          x2=10000648  x2:10000658
16756324ns          307313 1c008ec0 0ff57513 andi             x10, x10, 255       x10=00000076 x10:00000076
16756345ns          307314 1c008ec4 00112623 sw               x1, 12(x2)           x1:1c00905e  x2:10000648  PA:10000654
16756365ns          307315 1c008ec6 f07ff0ef jal              x1, -250             x1=1c008ec8
16756405ns          307317 1c008dcc 000026b7 lui              x13, 0x2000         x13=00002000
16756425ns          307318 1c008dce f14027f3 csrrs            x15, x0, 0xf14      x15=00000000
16756445ns          307319 1c008dd2 f8068693 addi             x13, x13, -128      x13=00001f80 x13:00002000
16756465ns          307320 1c008dd6 00279713 slli             x14, x15, 0x2       x14=00000000 x15:00000000
16756485ns          307321 1c008dda 00379793 slli             x15, x15, 0x3       x15=00000000 x15:00000000
16756505ns          307322 1c008ddc 00d77733 and              x14, x14, x13       x14=00000000 x14:00000000 x13:00001f80
16756525ns          307323 1c008dde ee87b7b3 p.bclr           x15, x15, 23, 8     x15=00000000 x15:00000000
16756545ns          307324 1c008de2 1a10f6b7 lui              x13, 0x1a10f000     x13=1a10f000
16756565ns          307325 1c008de6 00d787b3 add              x15, x15, x13       x15=1a10f000 x15:00000000 x13:1a10f000
16756585ns          307326 1c008de8 00a767a3 p.sw             x10, x0(x14)        x10:00000076 x14:00000000  PA:1a10f000
16756906ns          307342 1c008dec 00008067 jalr             x0, x1, 0            x1:1c008ec8
16756926ns          307343 1c008ec8 00c12083 lw               x1, 12(x2)           x1=1c00905e  x2:10000648  PA:10000654
16756947ns          307344 1c008eca 00000513 addi             x10, x0, 0          x10=00000000
16756967ns          307345 1c008ecc 01010113 addi             x2, x2, 16           x2=10000658  x2:10000648
16756987ns          307346 1c008ece 00008067 jalr             x0, x1, 0            x1:1c00905e
16757047ns          307349 1c00905e 05f53063 p.bneimm         x10, 64             x10:00000000
16757107ns          307352 1c00909e 00190913 addi             x18, x18, 1         x18=00000002 x18:00000001
16757127ns          307353 1c0090a0 01800a33 add              x20, x0, x24        x20=100007cc x24:100007cc
16757147ns          307354 1c0090a2 017004b3 add              x9, x0, x23          x9=1c000216 x23:1c000216
16757167ns          307355 1c0090a4 01400c33 add              x24, x0, x20        x24=100007cc x20:100007cc
16757187ns          307356 1c0090a6 fa1ff06f jal              x0, -96            
16757247ns          307359 1c009046 0004c503 lbu              x10, 0(x9)          x10=00000065  x9:1c000216  PA:1c000216
16757548ns          307374 1c00904a 00148b93 addi             x23, x9, 1          x23=1c000217  x9:1c000216
16757569ns          307375 1c00904e 00050b63 beq              x10, x0, 22         x10:00000065
16757589ns          307376 1c009050 02500793 addi             x15, x0, 37         x15=00000025
16757609ns          307377 1c009054 14f50563 beq              x10, x15, 330       x10:00000065 x15:00000025
16757629ns          307378 1c009058 01c12583 lw               x11, 28(x2)         x11=00000002  x2:10000658  PA:10000674
16757649ns          307379 1c00905a 01812703 lw               x14, 24(x2)         x14=1c008ebe  x2:10000658  PA:10000670
16757709ns          307382 1c00905c 000700e7 jalr             x1, x14, 0           x1=1c00905e x14:1c008ebe
16757749ns          307384 1c008ebe ff010113 addi             x2, x2, -16          x2=10000648  x2:10000658
16757769ns          307385 1c008ec0 0ff57513 andi             x10, x10, 255       x10=00000065 x10:00000065
16757789ns          307386 1c008ec4 00112623 sw               x1, 12(x2)           x1:1c00905e  x2:10000648  PA:10000654
16757809ns          307387 1c008ec6 f07ff0ef jal              x1, -250             x1=1c008ec8
16757849ns          307389 1c008dcc 000026b7 lui              x13, 0x2000         x13=00002000
16757870ns          307390 1c008dce f14027f3 csrrs            x15, x0, 0xf14      x15=00000000
16757890ns          307391 1c008dd2 f8068693 addi             x13, x13, -128      x13=00001f80 x13:00002000
16757910ns          307392 1c008dd6 00279713 slli             x14, x15, 0x2       x14=00000000 x15:00000000
16757930ns          307393 1c008dda 00379793 slli             x15, x15, 0x3       x15=00000000 x15:00000000
16757950ns          307394 1c008ddc 00d77733 and              x14, x14, x13       x14=00000000 x14:00000000 x13:00001f80
16757970ns          307395 1c008dde ee87b7b3 p.bclr           x15, x15, 23, 8     x15=00000000 x15:00000000
16757990ns          307396 1c008de2 1a10f6b7 lui              x13, 0x1a10f000     x13=1a10f000
16758010ns          307397 1c008de6 00d787b3 add              x15, x15, x13       x15=1a10f000 x15:00000000 x13:1a10f000
16758030ns          307398 1c008de8 00a767a3 p.sw             x10, x0(x14)        x10:00000065 x14:00000000  PA:1a10f000
16758351ns          307414 1c008dec 00008067 jalr             x0, x1, 0            x1:1c008ec8
16758371ns          307415 1c008ec8 00c12083 lw               x1, 12(x2)           x1=1c00905e  x2:10000648  PA:10000654
16758391ns          307416 1c008eca 00000513 addi             x10, x0, 0          x10=00000000
16758411ns          307417 1c008ecc 01010113 addi             x2, x2, 16           x2=10000658  x2:10000648
16758431ns          307418 1c008ece 00008067 jalr             x0, x1, 0            x1:1c00905e
16758492ns          307421 1c00905e 05f53063 p.bneimm         x10, 64             x10:00000000
16758552ns          307424 1c00909e 00190913 addi             x18, x18, 1         x18=00000003 x18:00000002
16758572ns          307425 1c0090a0 01800a33 add              x20, x0, x24        x20=100007cc x24:100007cc
16758592ns          307426 1c0090a2 017004b3 add              x9, x0, x23          x9=1c000217 x23:1c000217
16758612ns          307427 1c0090a4 01400c33 add              x24, x0, x20        x24=100007cc x20:100007cc
16758632ns          307428 1c0090a6 fa1ff06f jal              x0, -96            
16758692ns          307431 1c009046 0004c503 lbu              x10, 0(x9)          x10=00000072  x9:1c000217  PA:1c000217
16758993ns          307446 1c00904a 00148b93 addi             x23, x9, 1          x23=1c000218  x9:1c000217
16759013ns          307447 1c00904e 00050b63 beq              x10, x0, 22         x10:00000072
16759033ns          307448 1c009050 02500793 addi             x15, x0, 37         x15=00000025
16759053ns          307449 1c009054 14f50563 beq              x10, x15, 330       x10:00000072 x15:00000025
16759073ns          307450 1c009058 01c12583 lw               x11, 28(x2)         x11=00000002  x2:10000658  PA:10000674
16759094ns          307451 1c00905a 01812703 lw               x14, 24(x2)         x14=1c008ebe  x2:10000658  PA:10000670
16759154ns          307454 1c00905c 000700e7 jalr             x1, x14, 0           x1=1c00905e x14:1c008ebe
16759194ns          307456 1c008ebe ff010113 addi             x2, x2, -16          x2=10000648  x2:10000658
16759214ns          307457 1c008ec0 0ff57513 andi             x10, x10, 255       x10=00000072 x10:00000072
16759234ns          307458 1c008ec4 00112623 sw               x1, 12(x2)           x1:1c00905e  x2:10000648  PA:10000654
16759254ns          307459 1c008ec6 f07ff0ef jal              x1, -250             x1=1c008ec8
16759294ns          307461 1c008dcc 000026b7 lui              x13, 0x2000         x13=00002000
16759314ns          307462 1c008dce f14027f3 csrrs            x15, x0, 0xf14      x15=00000000
16759334ns          307463 1c008dd2 f8068693 addi             x13, x13, -128      x13=00001f80 x13:00002000
16759354ns          307464 1c008dd6 00279713 slli             x14, x15, 0x2       x14=00000000 x15:00000000
16759374ns          307465 1c008dda 00379793 slli             x15, x15, 0x3       x15=00000000 x15:00000000
16759394ns          307466 1c008ddc 00d77733 and              x14, x14, x13       x14=00000000 x14:00000000 x13:00001f80
16759415ns          307467 1c008dde ee87b7b3 p.bclr           x15, x15, 23, 8     x15=00000000 x15:00000000
16759435ns          307468 1c008de2 1a10f6b7 lui              x13, 0x1a10f000     x13=1a10f000
16759455ns          307469 1c008de6 00d787b3 add              x15, x15, x13       x15=1a10f000 x15:00000000 x13:1a10f000
16759475ns          307470 1c008de8 00a767a3 p.sw             x10, x0(x14)        x10:00000072 x14:00000000  PA:1a10f000
16759796ns          307486 1c008dec 00008067 jalr             x0, x1, 0            x1:1c008ec8
16759816ns          307487 1c008ec8 00c12083 lw               x1, 12(x2)           x1=1c00905e  x2:10000648  PA:10000654
16759836ns          307488 1c008eca 00000513 addi             x10, x0, 0          x10=00000000
16759856ns          307489 1c008ecc 01010113 addi             x2, x2, 16           x2=10000658  x2:10000648
16759876ns          307490 1c008ece 00008067 jalr             x0, x1, 0            x1:1c00905e
16759936ns          307493 1c00905e 05f53063 p.bneimm         x10, 64             x10:00000000
16759996ns          307496 1c00909e 00190913 addi             x18, x18, 1         x18=00000004 x18:00000003
16760017ns          307497 1c0090a0 01800a33 add              x20, x0, x24        x20=100007cc x24:100007cc
16760037ns          307498 1c0090a2 017004b3 add              x9, x0, x23          x9=1c000218 x23:1c000218
16760057ns          307499 1c0090a4 01400c33 add              x24, x0, x20        x24=100007cc x20:100007cc
16760077ns          307500 1c0090a6 fa1ff06f jal              x0, -96            
16760137ns          307503 1c009046 0004c503 lbu              x10, 0(x9)          x10=00000079  x9:1c000218  PA:1c000218
16760458ns          307519 1c00904a 00148b93 addi             x23, x9, 1          x23=1c000219  x9:1c000218
16760478ns          307520 1c00904e 00050b63 beq              x10, x0, 22         x10:00000079
16760498ns          307521 1c009050 02500793 addi             x15, x0, 37         x15=00000025
16760518ns          307522 1c009054 14f50563 beq              x10, x15, 330       x10:00000079 x15:00000025
16760538ns          307523 1c009058 01c12583 lw               x11, 28(x2)         x11=00000002  x2:10000658  PA:10000674
16760558ns          307524 1c00905a 01812703 lw               x14, 24(x2)         x14=1c008ebe  x2:10000658  PA:10000670
16760618ns          307527 1c00905c 000700e7 jalr             x1, x14, 0           x1=1c00905e x14:1c008ebe
16760659ns          307529 1c008ebe ff010113 addi             x2, x2, -16          x2=10000648  x2:10000658
16760679ns          307530 1c008ec0 0ff57513 andi             x10, x10, 255       x10=00000079 x10:00000079
16760699ns          307531 1c008ec4 00112623 sw               x1, 12(x2)           x1:1c00905e  x2:10000648  PA:10000654
16760719ns          307532 1c008ec6 f07ff0ef jal              x1, -250             x1=1c008ec8
16760759ns          307534 1c008dcc 000026b7 lui              x13, 0x2000         x13=00002000
16760779ns          307535 1c008dce f14027f3 csrrs            x15, x0, 0xf14      x15=00000000
16760799ns          307536 1c008dd2 f8068693 addi             x13, x13, -128      x13=00001f80 x13:00002000
16760819ns          307537 1c008dd6 00279713 slli             x14, x15, 0x2       x14=00000000 x15:00000000
16760839ns          307538 1c008dda 00379793 slli             x15, x15, 0x3       x15=00000000 x15:00000000
16760859ns          307539 1c008ddc 00d77733 and              x14, x14, x13       x14=00000000 x14:00000000 x13:00001f80
16760879ns          307540 1c008dde ee87b7b3 p.bclr           x15, x15, 23, 8     x15=00000000 x15:00000000
16760899ns          307541 1c008de2 1a10f6b7 lui              x13, 0x1a10f000     x13=1a10f000
16760919ns          307542 1c008de6 00d787b3 add              x15, x15, x13       x15=1a10f000 x15:00000000 x13:1a10f000
16760940ns          307543 1c008de8 00a767a3 p.sw             x10, x0(x14)        x10:00000079 x14:00000000  PA:1a10f000
16761261ns          307559 1c008dec 00008067 jalr             x0, x1, 0            x1:1c008ec8
16761281ns          307560 1c008ec8 00c12083 lw               x1, 12(x2)           x1=1c00905e  x2:10000648  PA:10000654
16761301ns          307561 1c008eca 00000513 addi             x10, x0, 0          x10=00000000
16761321ns          307562 1c008ecc 01010113 addi             x2, x2, 16           x2=10000658  x2:10000648
16761341ns          307563 1c008ece 00008067 jalr             x0, x1, 0            x1:1c00905e
16761401ns          307566 1c00905e 05f53063 p.bneimm         x10, 64             x10:00000000
16761461ns          307569 1c00909e 00190913 addi             x18, x18, 1         x18=00000005 x18:00000004
16761481ns          307570 1c0090a0 01800a33 add              x20, x0, x24        x20=100007cc x24:100007cc
16761501ns          307571 1c0090a2 017004b3 add              x9, x0, x23          x9=1c000219 x23:1c000219
16761521ns          307572 1c0090a4 01400c33 add              x24, x0, x20        x24=100007cc x20:100007cc
16761541ns          307573 1c0090a6 fa1ff06f jal              x0, -96            
16761602ns          307576 1c009046 0004c503 lbu              x10, 0(x9)          x10=00000074  x9:1c000219  PA:1c000219
16761903ns          307591 1c00904a 00148b93 addi             x23, x9, 1          x23=1c00021a  x9:1c000219
16761923ns          307592 1c00904e 00050b63 beq              x10, x0, 22         x10:00000074
16761943ns          307593 1c009050 02500793 addi             x15, x0, 37         x15=00000025
16761963ns          307594 1c009054 14f50563 beq              x10, x15, 330       x10:00000074 x15:00000025
16761983ns          307595 1c009058 01c12583 lw               x11, 28(x2)         x11=00000002  x2:10000658  PA:10000674
16762003ns          307596 1c00905a 01812703 lw               x14, 24(x2)         x14=1c008ebe  x2:10000658  PA:10000670
16762063ns          307599 1c00905c 000700e7 jalr             x1, x14, 0           x1=1c00905e x14:1c008ebe
16762103ns          307601 1c008ebe ff010113 addi             x2, x2, -16          x2=10000648  x2:10000658
16762123ns          307602 1c008ec0 0ff57513 andi             x10, x10, 255       x10=00000074 x10:00000074
16762143ns          307603 1c008ec4 00112623 sw               x1, 12(x2)           x1:1c00905e  x2:10000648  PA:10000654
16762164ns          307604 1c008ec6 f07ff0ef jal              x1, -250             x1=1c008ec8
16762204ns          307606 1c008dcc 000026b7 lui              x13, 0x2000         x13=00002000
16762224ns          307607 1c008dce f14027f3 csrrs            x15, x0, 0xf14      x15=00000000
16762244ns          307608 1c008dd2 f8068693 addi             x13, x13, -128      x13=00001f80 x13:00002000
16762264ns          307609 1c008dd6 00279713 slli             x14, x15, 0x2       x14=00000000 x15:00000000
16762284ns          307610 1c008dda 00379793 slli             x15, x15, 0x3       x15=00000000 x15:00000000
16762304ns          307611 1c008ddc 00d77733 and              x14, x14, x13       x14=00000000 x14:00000000 x13:00001f80
16762324ns          307612 1c008dde ee87b7b3 p.bclr           x15, x15, 23, 8     x15=00000000 x15:00000000
16762344ns          307613 1c008de2 1a10f6b7 lui              x13, 0x1a10f000     x13=1a10f000
16762364ns          307614 1c008de6 00d787b3 add              x15, x15, x13       x15=1a10f000 x15:00000000 x13:1a10f000
16762384ns          307615 1c008de8 00a767a3 p.sw             x10, x0(x14)        x10:00000074 x14:00000000  PA:1a10f000
16762705ns          307631 1c008dec 00008067 jalr             x0, x1, 0            x1:1c008ec8
16762725ns          307632 1c008ec8 00c12083 lw               x1, 12(x2)           x1=1c00905e  x2:10000648  PA:10000654
16762745ns          307633 1c008eca 00000513 addi             x10, x0, 0          x10=00000000
16762765ns          307634 1c008ecc 01010113 addi             x2, x2, 16           x2=10000658  x2:10000648
16762786ns          307635 1c008ece 00008067 jalr             x0, x1, 0            x1:1c00905e
16762846ns          307638 1c00905e 05f53063 p.bneimm         x10, 64             x10:00000000
16762906ns          307641 1c00909e 00190913 addi             x18, x18, 1         x18=00000006 x18:00000005
16762926ns          307642 1c0090a0 01800a33 add              x20, x0, x24        x20=100007cc x24:100007cc
16762946ns          307643 1c0090a2 017004b3 add              x9, x0, x23          x9=1c00021a x23:1c00021a
16762966ns          307644 1c0090a4 01400c33 add              x24, x0, x20        x24=100007cc x20:100007cc
16762986ns          307645 1c0090a6 fa1ff06f jal              x0, -96            
16763046ns          307648 1c009046 0004c503 lbu              x10, 0(x9)          x10=00000068  x9:1c00021a  PA:1c00021a
16763347ns          307663 1c00904a 00148b93 addi             x23, x9, 1          x23=1c00021b  x9:1c00021a
16763367ns          307664 1c00904e 00050b63 beq              x10, x0, 22         x10:00000068
16763387ns          307665 1c009050 02500793 addi             x15, x0, 37         x15=00000025
16763408ns          307666 1c009054 14f50563 beq              x10, x15, 330       x10:00000068 x15:00000025
16763428ns          307667 1c009058 01c12583 lw               x11, 28(x2)         x11=00000002  x2:10000658  PA:10000674
16763448ns          307668 1c00905a 01812703 lw               x14, 24(x2)         x14=1c008ebe  x2:10000658  PA:10000670
16763508ns          307671 1c00905c 000700e7 jalr             x1, x14, 0           x1=1c00905e x14:1c008ebe
16763548ns          307673 1c008ebe ff010113 addi             x2, x2, -16          x2=10000648  x2:10000658
16763568ns          307674 1c008ec0 0ff57513 andi             x10, x10, 255       x10=00000068 x10:00000068
16763588ns          307675 1c008ec4 00112623 sw               x1, 12(x2)           x1:1c00905e  x2:10000648  PA:10000654
16763608ns          307676 1c008ec6 f07ff0ef jal              x1, -250             x1=1c008ec8
16763648ns          307678 1c008dcc 000026b7 lui              x13, 0x2000         x13=00002000
16763668ns          307679 1c008dce f14027f3 csrrs            x15, x0, 0xf14      x15=00000000
16763688ns          307680 1c008dd2 f8068693 addi             x13, x13, -128      x13=00001f80 x13:00002000
16763709ns          307681 1c008dd6 00279713 slli             x14, x15, 0x2       x14=00000000 x15:00000000
16763729ns          307682 1c008dda 00379793 slli             x15, x15, 0x3       x15=00000000 x15:00000000
16763749ns          307683 1c008ddc 00d77733 and              x14, x14, x13       x14=00000000 x14:00000000 x13:00001f80
16763769ns          307684 1c008dde ee87b7b3 p.bclr           x15, x15, 23, 8     x15=00000000 x15:00000000
16763789ns          307685 1c008de2 1a10f6b7 lui              x13, 0x1a10f000     x13=1a10f000
16763809ns          307686 1c008de6 00d787b3 add              x15, x15, x13       x15=1a10f000 x15:00000000 x13:1a10f000
16763829ns          307687 1c008de8 00a767a3 p.sw             x10, x0(x14)        x10:00000068 x14:00000000  PA:1a10f000
16764170ns          307704 1c008dec 00008067 jalr             x0, x1, 0            x1:1c008ec8
16764190ns          307705 1c008ec8 00c12083 lw               x1, 12(x2)           x1=1c00905e  x2:10000648  PA:10000654
16764210ns          307706 1c008eca 00000513 addi             x10, x0, 0          x10=00000000
16764230ns          307707 1c008ecc 01010113 addi             x2, x2, 16           x2=10000658  x2:10000648
16764250ns          307708 1c008ece 00008067 jalr             x0, x1, 0            x1:1c00905e
16764310ns          307711 1c00905e 05f53063 p.bneimm         x10, 64             x10:00000000
16764371ns          307714 1c00909e 00190913 addi             x18, x18, 1         x18=00000007 x18:00000006
16764391ns          307715 1c0090a0 01800a33 add              x20, x0, x24        x20=100007cc x24:100007cc
16764411ns          307716 1c0090a2 017004b3 add              x9, x0, x23          x9=1c00021b x23:1c00021b
16764431ns          307717 1c0090a4 01400c33 add              x24, x0, x20        x24=100007cc x20:100007cc
16764451ns          307718 1c0090a6 fa1ff06f jal              x0, -96            
16764511ns          307721 1c009046 0004c503 lbu              x10, 0(x9)          x10=00000069  x9:1c00021b  PA:1c00021b
16764812ns          307736 1c00904a 00148b93 addi             x23, x9, 1          x23=1c00021c  x9:1c00021b
16764832ns          307737 1c00904e 00050b63 beq              x10, x0, 22         x10:00000069
16764852ns          307738 1c009050 02500793 addi             x15, x0, 37         x15=00000025
16764872ns          307739 1c009054 14f50563 beq              x10, x15, 330       x10:00000069 x15:00000025
16764892ns          307740 1c009058 01c12583 lw               x11, 28(x2)         x11=00000002  x2:10000658  PA:10000674
16764912ns          307741 1c00905a 01812703 lw               x14, 24(x2)         x14=1c008ebe  x2:10000658  PA:10000670
16764973ns          307744 1c00905c 000700e7 jalr             x1, x14, 0           x1=1c00905e x14:1c008ebe
16765013ns          307746 1c008ebe ff010113 addi             x2, x2, -16          x2=10000648  x2:10000658
16765033ns          307747 1c008ec0 0ff57513 andi             x10, x10, 255       x10=00000069 x10:00000069
16765053ns          307748 1c008ec4 00112623 sw               x1, 12(x2)           x1:1c00905e  x2:10000648  PA:10000654
16765073ns          307749 1c008ec6 f07ff0ef jal              x1, -250             x1=1c008ec8
16765113ns          307751 1c008dcc 000026b7 lui              x13, 0x2000         x13=00002000
16765133ns          307752 1c008dce f14027f3 csrrs            x15, x0, 0xf14      x15=00000000
16765153ns          307753 1c008dd2 f8068693 addi             x13, x13, -128      x13=00001f80 x13:00002000
16765173ns          307754 1c008dd6 00279713 slli             x14, x15, 0x2       x14=00000000 x15:00000000
16765193ns          307755 1c008dda 00379793 slli             x15, x15, 0x3       x15=00000000 x15:00000000
16765213ns          307756 1c008ddc 00d77733 and              x14, x14, x13       x14=00000000 x14:00000000 x13:00001f80
16765234ns          307757 1c008dde ee87b7b3 p.bclr           x15, x15, 23, 8     x15=00000000 x15:00000000
16765254ns          307758 1c008de2 1a10f6b7 lui              x13, 0x1a10f000     x13=1a10f000
16765274ns          307759 1c008de6 00d787b3 add              x15, x15, x13       x15=1a10f000 x15:00000000 x13:1a10f000
16765294ns          307760 1c008de8 00a767a3 p.sw             x10, x0(x14)        x10:00000069 x14:00000000  PA:1a10f000
16765615ns          307776 1c008dec 00008067 jalr             x0, x1, 0            x1:1c008ec8
16765635ns          307777 1c008ec8 00c12083 lw               x1, 12(x2)           x1=1c00905e  x2:10000648  PA:10000654
16765655ns          307778 1c008eca 00000513 addi             x10, x0, 0          x10=00000000
16765675ns          307779 1c008ecc 01010113 addi             x2, x2, 16           x2=10000658  x2:10000648
16765695ns          307780 1c008ece 00008067 jalr             x0, x1, 0            x1:1c00905e
16765755ns          307783 1c00905e 05f53063 p.bneimm         x10, 64             x10:00000000
16765815ns          307786 1c00909e 00190913 addi             x18, x18, 1         x18=00000008 x18:00000007
16765835ns          307787 1c0090a0 01800a33 add              x20, x0, x24        x20=100007cc x24:100007cc
16765856ns          307788 1c0090a2 017004b3 add              x9, x0, x23          x9=1c00021c x23:1c00021c
16765876ns          307789 1c0090a4 01400c33 add              x24, x0, x20        x24=100007cc x20:100007cc
16765896ns          307790 1c0090a6 fa1ff06f jal              x0, -96            
16765956ns          307793 1c009046 0004c503 lbu              x10, 0(x9)          x10=0000006e  x9:1c00021c  PA:1c00021c
16766257ns          307808 1c00904a 00148b93 addi             x23, x9, 1          x23=1c00021d  x9:1c00021c
16766277ns          307809 1c00904e 00050b63 beq              x10, x0, 22         x10:0000006e
16766297ns          307810 1c009050 02500793 addi             x15, x0, 37         x15=00000025
16766317ns          307811 1c009054 14f50563 beq              x10, x15, 330       x10:0000006e x15:00000025
16766337ns          307812 1c009058 01c12583 lw               x11, 28(x2)         x11=00000002  x2:10000658  PA:10000674
16766357ns          307813 1c00905a 01812703 lw               x14, 24(x2)         x14=1c008ebe  x2:10000658  PA:10000670
16766417ns          307816 1c00905c 000700e7 jalr             x1, x14, 0           x1=1c00905e x14:1c008ebe
16766457ns          307818 1c008ebe ff010113 addi             x2, x2, -16          x2=10000648  x2:10000658
16766478ns          307819 1c008ec0 0ff57513 andi             x10, x10, 255       x10=0000006e x10:0000006e
16766498ns          307820 1c008ec4 00112623 sw               x1, 12(x2)           x1:1c00905e  x2:10000648  PA:10000654
16766518ns          307821 1c008ec6 f07ff0ef jal              x1, -250             x1=1c008ec8
16766558ns          307823 1c008dcc 000026b7 lui              x13, 0x2000         x13=00002000
16766578ns          307824 1c008dce f14027f3 csrrs            x15, x0, 0xf14      x15=00000000
16766598ns          307825 1c008dd2 f8068693 addi             x13, x13, -128      x13=00001f80 x13:00002000
16766618ns          307826 1c008dd6 00279713 slli             x14, x15, 0x2       x14=00000000 x15:00000000
16766638ns          307827 1c008dda 00379793 slli             x15, x15, 0x3       x15=00000000 x15:00000000
16766658ns          307828 1c008ddc 00d77733 and              x14, x14, x13       x14=00000000 x14:00000000 x13:00001f80
16766678ns          307829 1c008dde ee87b7b3 p.bclr           x15, x15, 23, 8     x15=00000000 x15:00000000
16766698ns          307830 1c008de2 1a10f6b7 lui              x13, 0x1a10f000     x13=1a10f000
16766718ns          307831 1c008de6 00d787b3 add              x15, x15, x13       x15=1a10f000 x15:00000000 x13:1a10f000
16766738ns          307832 1c008de8 00a767a3 p.sw             x10, x0(x14)        x10:0000006e x14:00000000  PA:1a10f000
16767059ns          307848 1c008dec 00008067 jalr             x0, x1, 0            x1:1c008ec8
16767080ns          307849 1c008ec8 00c12083 lw               x1, 12(x2)           x1=1c00905e  x2:10000648  PA:10000654
16767100ns          307850 1c008eca 00000513 addi             x10, x0, 0          x10=00000000
16767120ns          307851 1c008ecc 01010113 addi             x2, x2, 16           x2=10000658  x2:10000648
16767140ns          307852 1c008ece 00008067 jalr             x0, x1, 0            x1:1c00905e
16767200ns          307855 1c00905e 05f53063 p.bneimm         x10, 64             x10:00000000
16767260ns          307858 1c00909e 00190913 addi             x18, x18, 1         x18=00000009 x18:00000008
16767280ns          307859 1c0090a0 01800a33 add              x20, x0, x24        x20=100007cc x24:100007cc
16767300ns          307860 1c0090a2 017004b3 add              x9, x0, x23          x9=1c00021d x23:1c00021d
16767320ns          307861 1c0090a4 01400c33 add              x24, x0, x20        x24=100007cc x20:100007cc
16767340ns          307862 1c0090a6 fa1ff06f jal              x0, -96            
16767401ns          307865 1c009046 0004c503 lbu              x10, 0(x9)          x10=00000067  x9:1c00021d  PA:1c00021d
16767702ns          307880 1c00904a 00148b93 addi             x23, x9, 1          x23=1c00021e  x9:1c00021d
16767722ns          307881 1c00904e 00050b63 beq              x10, x0, 22         x10:00000067
16767742ns          307882 1c009050 02500793 addi             x15, x0, 37         x15=00000025
16767762ns          307883 1c009054 14f50563 beq              x10, x15, 330       x10:00000067 x15:00000025
16767782ns          307884 1c009058 01c12583 lw               x11, 28(x2)         x11=00000002  x2:10000658  PA:10000674
16767802ns          307885 1c00905a 01812703 lw               x14, 24(x2)         x14=1c008ebe  x2:10000658  PA:10000670
16767862ns          307888 1c00905c 000700e7 jalr             x1, x14, 0           x1=1c00905e x14:1c008ebe
16767902ns          307890 1c008ebe ff010113 addi             x2, x2, -16          x2=10000648  x2:10000658
16767922ns          307891 1c008ec0 0ff57513 andi             x10, x10, 255       x10=00000067 x10:00000067
16767942ns          307892 1c008ec4 00112623 sw               x1, 12(x2)           x1:1c00905e  x2:10000648  PA:10000654
16767962ns          307893 1c008ec6 f07ff0ef jal              x1, -250             x1=1c008ec8
16768003ns          307895 1c008dcc 000026b7 lui              x13, 0x2000         x13=00002000
16768023ns          307896 1c008dce f14027f3 csrrs            x15, x0, 0xf14      x15=00000000
16768043ns          307897 1c008dd2 f8068693 addi             x13, x13, -128      x13=00001f80 x13:00002000
16768063ns          307898 1c008dd6 00279713 slli             x14, x15, 0x2       x14=00000000 x15:00000000
16768083ns          307899 1c008dda 00379793 slli             x15, x15, 0x3       x15=00000000 x15:00000000
16768103ns          307900 1c008ddc 00d77733 and              x14, x14, x13       x14=00000000 x14:00000000 x13:00001f80
16768123ns          307901 1c008dde ee87b7b3 p.bclr           x15, x15, 23, 8     x15=00000000 x15:00000000
16768143ns          307902 1c008de2 1a10f6b7 lui              x13, 0x1a10f000     x13=1a10f000
16768163ns          307903 1c008de6 00d787b3 add              x15, x15, x13       x15=1a10f000 x15:00000000 x13:1a10f000
16768183ns          307904 1c008de8 00a767a3 p.sw             x10, x0(x14)        x10:00000067 x14:00000000  PA:1a10f000
16768504ns          307920 1c008dec 00008067 jalr             x0, x1, 0            x1:1c008ec8
16768524ns          307921 1c008ec8 00c12083 lw               x1, 12(x2)           x1=1c00905e  x2:10000648  PA:10000654
16768544ns          307922 1c008eca 00000513 addi             x10, x0, 0          x10=00000000
16768564ns          307923 1c008ecc 01010113 addi             x2, x2, 16           x2=10000658  x2:10000648
16768584ns          307924 1c008ece 00008067 jalr             x0, x1, 0            x1:1c00905e
16768645ns          307927 1c00905e 05f53063 p.bneimm         x10, 64             x10:00000000
16768705ns          307930 1c00909e 00190913 addi             x18, x18, 1         x18=0000000a x18:00000009
16768725ns          307931 1c0090a0 01800a33 add              x20, x0, x24        x20=100007cc x24:100007cc
16768745ns          307932 1c0090a2 017004b3 add              x9, x0, x23          x9=1c00021e x23:1c00021e
16768765ns          307933 1c0090a4 01400c33 add              x24, x0, x20        x24=100007cc x20:100007cc
16768785ns          307934 1c0090a6 fa1ff06f jal              x0, -96            
16768845ns          307937 1c009046 0004c503 lbu              x10, 0(x9)          x10=00000020  x9:1c00021e  PA:1c00021e
16769146ns          307952 1c00904a 00148b93 addi             x23, x9, 1          x23=1c00021f  x9:1c00021e
16769166ns          307953 1c00904e 00050b63 beq              x10, x0, 22         x10:00000020
16769186ns          307954 1c009050 02500793 addi             x15, x0, 37         x15=00000025
16769206ns          307955 1c009054 14f50563 beq              x10, x15, 330       x10:00000020 x15:00000025
16769227ns          307956 1c009058 01c12583 lw               x11, 28(x2)         x11=00000002  x2:10000658  PA:10000674
16769247ns          307957 1c00905a 01812703 lw               x14, 24(x2)         x14=1c008ebe  x2:10000658  PA:10000670
16769307ns          307960 1c00905c 000700e7 jalr             x1, x14, 0           x1=1c00905e x14:1c008ebe
16769347ns          307962 1c008ebe ff010113 addi             x2, x2, -16          x2=10000648  x2:10000658
16769367ns          307963 1c008ec0 0ff57513 andi             x10, x10, 255       x10=00000020 x10:00000020
16769387ns          307964 1c008ec4 00112623 sw               x1, 12(x2)           x1:1c00905e  x2:10000648  PA:10000654
16769407ns          307965 1c008ec6 f07ff0ef jal              x1, -250             x1=1c008ec8
16769447ns          307967 1c008dcc 000026b7 lui              x13, 0x2000         x13=00002000
16769467ns          307968 1c008dce f14027f3 csrrs            x15, x0, 0xf14      x15=00000000
16769487ns          307969 1c008dd2 f8068693 addi             x13, x13, -128      x13=00001f80 x13:00002000
16769507ns          307970 1c008dd6 00279713 slli             x14, x15, 0x2       x14=00000000 x15:00000000
16769527ns          307971 1c008dda 00379793 slli             x15, x15, 0x3       x15=00000000 x15:00000000
16769548ns          307972 1c008ddc 00d77733 and              x14, x14, x13       x14=00000000 x14:00000000 x13:00001f80
16769568ns          307973 1c008dde ee87b7b3 p.bclr           x15, x15, 23, 8     x15=00000000 x15:00000000
16769588ns          307974 1c008de2 1a10f6b7 lui              x13, 0x1a10f000     x13=1a10f000
16769608ns          307975 1c008de6 00d787b3 add              x15, x15, x13       x15=1a10f000 x15:00000000 x13:1a10f000
16769628ns          307976 1c008de8 00a767a3 p.sw             x10, x0(x14)        x10:00000020 x14:00000000  PA:1a10f000
16769949ns          307992 1c008dec 00008067 jalr             x0, x1, 0            x1:1c008ec8
16769969ns          307993 1c008ec8 00c12083 lw               x1, 12(x2)           x1=1c00905e  x2:10000648  PA:10000654
16769989ns          307994 1c008eca 00000513 addi             x10, x0, 0          x10=00000000
16770009ns          307995 1c008ecc 01010113 addi             x2, x2, 16           x2=10000658  x2:10000648
16770029ns          307996 1c008ece 00008067 jalr             x0, x1, 0            x1:1c00905e
16770089ns          307999 1c00905e 05f53063 p.bneimm         x10, 64             x10:00000000
16770150ns          308002 1c00909e 00190913 addi             x18, x18, 1         x18=0000000b x18:0000000a
16770170ns          308003 1c0090a0 01800a33 add              x20, x0, x24        x20=100007cc x24:100007cc
16770190ns          308004 1c0090a2 017004b3 add              x9, x0, x23          x9=1c00021f x23:1c00021f
16770210ns          308005 1c0090a4 01400c33 add              x24, x0, x20        x24=100007cc x20:100007cc
16770230ns          308006 1c0090a6 fa1ff06f jal              x0, -96            
16770290ns          308009 1c009046 0004c503 lbu              x10, 0(x9)          x10=00000077  x9:1c00021f  PA:1c00021f
16770591ns          308024 1c00904a 00148b93 addi             x23, x9, 1          x23=1c000220  x9:1c00021f
16770611ns          308025 1c00904e 00050b63 beq              x10, x0, 22         x10:00000077
16770631ns          308026 1c009050 02500793 addi             x15, x0, 37         x15=00000025
16770651ns          308027 1c009054 14f50563 beq              x10, x15, 330       x10:00000077 x15:00000025
16770671ns          308028 1c009058 01c12583 lw               x11, 28(x2)         x11=00000002  x2:10000658  PA:10000674
16770691ns          308029 1c00905a 01812703 lw               x14, 24(x2)         x14=1c008ebe  x2:10000658  PA:10000670
16770751ns          308032 1c00905c 000700e7 jalr             x1, x14, 0           x1=1c00905e x14:1c008ebe
16770792ns          308034 1c008ebe ff010113 addi             x2, x2, -16          x2=10000648  x2:10000658
16770812ns          308035 1c008ec0 0ff57513 andi             x10, x10, 255       x10=00000077 x10:00000077
16770832ns          308036 1c008ec4 00112623 sw               x1, 12(x2)           x1:1c00905e  x2:10000648  PA:10000654
16770852ns          308037 1c008ec6 f07ff0ef jal              x1, -250             x1=1c008ec8
16770892ns          308039 1c008dcc 000026b7 lui              x13, 0x2000         x13=00002000
16770912ns          308040 1c008dce f14027f3 csrrs            x15, x0, 0xf14      x15=00000000
16770932ns          308041 1c008dd2 f8068693 addi             x13, x13, -128      x13=00001f80 x13:00002000
16770952ns          308042 1c008dd6 00279713 slli             x14, x15, 0x2       x14=00000000 x15:00000000
16770972ns          308043 1c008dda 00379793 slli             x15, x15, 0x3       x15=00000000 x15:00000000
16770992ns          308044 1c008ddc 00d77733 and              x14, x14, x13       x14=00000000 x14:00000000 x13:00001f80
16771012ns          308045 1c008dde ee87b7b3 p.bclr           x15, x15, 23, 8     x15=00000000 x15:00000000
16771032ns          308046 1c008de2 1a10f6b7 lui              x13, 0x1a10f000     x13=1a10f000
16771052ns          308047 1c008de6 00d787b3 add              x15, x15, x13       x15=1a10f000 x15:00000000 x13:1a10f000
16771073ns          308048 1c008de8 00a767a3 p.sw             x10, x0(x14)        x10:00000077 x14:00000000  PA:1a10f000
16771394ns          308064 1c008dec 00008067 jalr             x0, x1, 0            x1:1c008ec8
16771414ns          308065 1c008ec8 00c12083 lw               x1, 12(x2)           x1=1c00905e  x2:10000648  PA:10000654
16771434ns          308066 1c008eca 00000513 addi             x10, x0, 0          x10=00000000
16771454ns          308067 1c008ecc 01010113 addi             x2, x2, 16           x2=10000658  x2:10000648
16771474ns          308068 1c008ece 00008067 jalr             x0, x1, 0            x1:1c00905e
16771534ns          308071 1c00905e 05f53063 p.bneimm         x10, 64             x10:00000000
16771594ns          308074 1c00909e 00190913 addi             x18, x18, 1         x18=0000000c x18:0000000b
16771614ns          308075 1c0090a0 01800a33 add              x20, x0, x24        x20=100007cc x24:100007cc
16771634ns          308076 1c0090a2 017004b3 add              x9, x0, x23          x9=1c000220 x23:1c000220
16771654ns          308077 1c0090a4 01400c33 add              x24, x0, x20        x24=100007cc x20:100007cc
16771674ns          308078 1c0090a6 fa1ff06f jal              x0, -96            
16771735ns          308081 1c009046 0004c503 lbu              x10, 0(x9)          x10=0000006f  x9:1c000220  PA:1c000220
16772056ns          308097 1c00904a 00148b93 addi             x23, x9, 1          x23=1c000221  x9:1c000220
16772076ns          308098 1c00904e 00050b63 beq              x10, x0, 22         x10:0000006f
16772096ns          308099 1c009050 02500793 addi             x15, x0, 37         x15=00000025
16772116ns          308100 1c009054 14f50563 beq              x10, x15, 330       x10:0000006f x15:00000025
16772136ns          308101 1c009058 01c12583 lw               x11, 28(x2)         x11=00000002  x2:10000658  PA:10000674
16772156ns          308102 1c00905a 01812703 lw               x14, 24(x2)         x14=1c008ebe  x2:10000658  PA:10000670
16772216ns          308105 1c00905c 000700e7 jalr             x1, x14, 0           x1=1c00905e x14:1c008ebe
16772256ns          308107 1c008ebe ff010113 addi             x2, x2, -16          x2=10000648  x2:10000658
16772276ns          308108 1c008ec0 0ff57513 andi             x10, x10, 255       x10=0000006f x10:0000006f
16772297ns          308109 1c008ec4 00112623 sw               x1, 12(x2)           x1:1c00905e  x2:10000648  PA:10000654
16772317ns          308110 1c008ec6 f07ff0ef jal              x1, -250             x1=1c008ec8
16772357ns          308112 1c008dcc 000026b7 lui              x13, 0x2000         x13=00002000
16772377ns          308113 1c008dce f14027f3 csrrs            x15, x0, 0xf14      x15=00000000
16772397ns          308114 1c008dd2 f8068693 addi             x13, x13, -128      x13=00001f80 x13:00002000
16772417ns          308115 1c008dd6 00279713 slli             x14, x15, 0x2       x14=00000000 x15:00000000
16772437ns          308116 1c008dda 00379793 slli             x15, x15, 0x3       x15=00000000 x15:00000000
16772457ns          308117 1c008ddc 00d77733 and              x14, x14, x13       x14=00000000 x14:00000000 x13:00001f80
16772477ns          308118 1c008dde ee87b7b3 p.bclr           x15, x15, 23, 8     x15=00000000 x15:00000000
16772497ns          308119 1c008de2 1a10f6b7 lui              x13, 0x1a10f000     x13=1a10f000
16772517ns          308120 1c008de6 00d787b3 add              x15, x15, x13       x15=1a10f000 x15:00000000 x13:1a10f000
16772537ns          308121 1c008de8 00a767a3 p.sw             x10, x0(x14)        x10:0000006f x14:00000000  PA:1a10f000
16772858ns          308137 1c008dec 00008067 jalr             x0, x1, 0            x1:1c008ec8
16772878ns          308138 1c008ec8 00c12083 lw               x1, 12(x2)           x1=1c00905e  x2:10000648  PA:10000654
16772898ns          308139 1c008eca 00000513 addi             x10, x0, 0          x10=00000000
16772919ns          308140 1c008ecc 01010113 addi             x2, x2, 16           x2=10000658  x2:10000648
16772939ns          308141 1c008ece 00008067 jalr             x0, x1, 0            x1:1c00905e
16772999ns          308144 1c00905e 05f53063 p.bneimm         x10, 64             x10:00000000
16773059ns          308147 1c00909e 00190913 addi             x18, x18, 1         x18=0000000d x18:0000000c
16773079ns          308148 1c0090a0 01800a33 add              x20, x0, x24        x20=100007cc x24:100007cc
16773099ns          308149 1c0090a2 017004b3 add              x9, x0, x23          x9=1c000221 x23:1c000221
16773119ns          308150 1c0090a4 01400c33 add              x24, x0, x20        x24=100007cc x20:100007cc
16773139ns          308151 1c0090a6 fa1ff06f jal              x0, -96            
16773199ns          308154 1c009046 0004c503 lbu              x10, 0(x9)          x10=00000072  x9:1c000221  PA:1c000221
16773500ns          308169 1c00904a 00148b93 addi             x23, x9, 1          x23=1c000222  x9:1c000221
16773520ns          308170 1c00904e 00050b63 beq              x10, x0, 22         x10:00000072
16773541ns          308171 1c009050 02500793 addi             x15, x0, 37         x15=00000025
16773561ns          308172 1c009054 14f50563 beq              x10, x15, 330       x10:00000072 x15:00000025
16773581ns          308173 1c009058 01c12583 lw               x11, 28(x2)         x11=00000002  x2:10000658  PA:10000674
16773601ns          308174 1c00905a 01812703 lw               x14, 24(x2)         x14=1c008ebe  x2:10000658  PA:10000670
16773661ns          308177 1c00905c 000700e7 jalr             x1, x14, 0           x1=1c00905e x14:1c008ebe
16773701ns          308179 1c008ebe ff010113 addi             x2, x2, -16          x2=10000648  x2:10000658
16773721ns          308180 1c008ec0 0ff57513 andi             x10, x10, 255       x10=00000072 x10:00000072
16773741ns          308181 1c008ec4 00112623 sw               x1, 12(x2)           x1:1c00905e  x2:10000648  PA:10000654
16773761ns          308182 1c008ec6 f07ff0ef jal              x1, -250             x1=1c008ec8
16773801ns          308184 1c008dcc 000026b7 lui              x13, 0x2000         x13=00002000
16773821ns          308185 1c008dce f14027f3 csrrs            x15, x0, 0xf14      x15=00000000
16773842ns          308186 1c008dd2 f8068693 addi             x13, x13, -128      x13=00001f80 x13:00002000
16773862ns          308187 1c008dd6 00279713 slli             x14, x15, 0x2       x14=00000000 x15:00000000
16773882ns          308188 1c008dda 00379793 slli             x15, x15, 0x3       x15=00000000 x15:00000000
16773902ns          308189 1c008ddc 00d77733 and              x14, x14, x13       x14=00000000 x14:00000000 x13:00001f80
16773922ns          308190 1c008dde ee87b7b3 p.bclr           x15, x15, 23, 8     x15=00000000 x15:00000000
16773942ns          308191 1c008de2 1a10f6b7 lui              x13, 0x1a10f000     x13=1a10f000
16773962ns          308192 1c008de6 00d787b3 add              x15, x15, x13       x15=1a10f000 x15:00000000 x13:1a10f000
16773982ns          308193 1c008de8 00a767a3 p.sw             x10, x0(x14)        x10:00000072 x14:00000000  PA:1a10f000
16774303ns          308209 1c008dec 00008067 jalr             x0, x1, 0            x1:1c008ec8
16774323ns          308210 1c008ec8 00c12083 lw               x1, 12(x2)           x1=1c00905e  x2:10000648  PA:10000654
16774343ns          308211 1c008eca 00000513 addi             x10, x0, 0          x10=00000000
16774363ns          308212 1c008ecc 01010113 addi             x2, x2, 16           x2=10000658  x2:10000648
16774383ns          308213 1c008ece 00008067 jalr             x0, x1, 0            x1:1c00905e
16774444ns          308216 1c00905e 05f53063 p.bneimm         x10, 64             x10:00000000
16774504ns          308219 1c00909e 00190913 addi             x18, x18, 1         x18=0000000e x18:0000000d
16774524ns          308220 1c0090a0 01800a33 add              x20, x0, x24        x20=100007cc x24:100007cc
16774544ns          308221 1c0090a2 017004b3 add              x9, x0, x23          x9=1c000222 x23:1c000222
16774564ns          308222 1c0090a4 01400c33 add              x24, x0, x20        x24=100007cc x20:100007cc
16774584ns          308223 1c0090a6 fa1ff06f jal              x0, -96            
16774644ns          308226 1c009046 0004c503 lbu              x10, 0(x9)          x10=0000006b  x9:1c000222  PA:1c000222
16774945ns          308241 1c00904a 00148b93 addi             x23, x9, 1          x23=1c000223  x9:1c000222
16774965ns          308242 1c00904e 00050b63 beq              x10, x0, 22         x10:0000006b
16774985ns          308243 1c009050 02500793 addi             x15, x0, 37         x15=00000025
16775005ns          308244 1c009054 14f50563 beq              x10, x15, 330       x10:0000006b x15:00000025
16775025ns          308245 1c009058 01c12583 lw               x11, 28(x2)         x11=00000002  x2:10000658  PA:10000674
16775045ns          308246 1c00905a 01812703 lw               x14, 24(x2)         x14=1c008ebe  x2:10000658  PA:10000670
16775106ns          308249 1c00905c 000700e7 jalr             x1, x14, 0           x1=1c00905e x14:1c008ebe
16775146ns          308251 1c008ebe ff010113 addi             x2, x2, -16          x2=10000648  x2:10000658
16775166ns          308252 1c008ec0 0ff57513 andi             x10, x10, 255       x10=0000006b x10:0000006b
16775186ns          308253 1c008ec4 00112623 sw               x1, 12(x2)           x1:1c00905e  x2:10000648  PA:10000654
16775206ns          308254 1c008ec6 f07ff0ef jal              x1, -250             x1=1c008ec8
16775246ns          308256 1c008dcc 000026b7 lui              x13, 0x2000         x13=00002000
16775266ns          308257 1c008dce f14027f3 csrrs            x15, x0, 0xf14      x15=00000000
16775286ns          308258 1c008dd2 f8068693 addi             x13, x13, -128      x13=00001f80 x13:00002000
16775306ns          308259 1c008dd6 00279713 slli             x14, x15, 0x2       x14=00000000 x15:00000000
16775326ns          308260 1c008dda 00379793 slli             x15, x15, 0x3       x15=00000000 x15:00000000
16775346ns          308261 1c008ddc 00d77733 and              x14, x14, x13       x14=00000000 x14:00000000 x13:00001f80
16775367ns          308262 1c008dde ee87b7b3 p.bclr           x15, x15, 23, 8     x15=00000000 x15:00000000
16775387ns          308263 1c008de2 1a10f6b7 lui              x13, 0x1a10f000     x13=1a10f000
16775407ns          308264 1c008de6 00d787b3 add              x15, x15, x13       x15=1a10f000 x15:00000000 x13:1a10f000
16775427ns          308265 1c008de8 00a767a3 p.sw             x10, x0(x14)        x10:0000006b x14:00000000  PA:1a10f000
16775748ns          308281 1c008dec 00008067 jalr             x0, x1, 0            x1:1c008ec8
16775768ns          308282 1c008ec8 00c12083 lw               x1, 12(x2)           x1=1c00905e  x2:10000648  PA:10000654
16775788ns          308283 1c008eca 00000513 addi             x10, x0, 0          x10=00000000
16775808ns          308284 1c008ecc 01010113 addi             x2, x2, 16           x2=10000658  x2:10000648
16775828ns          308285 1c008ece 00008067 jalr             x0, x1, 0            x1:1c00905e
16775888ns          308288 1c00905e 05f53063 p.bneimm         x10, 64             x10:00000000
16775948ns          308291 1c00909e 00190913 addi             x18, x18, 1         x18=0000000f x18:0000000e
16775968ns          308292 1c0090a0 01800a33 add              x20, x0, x24        x20=100007cc x24:100007cc
16775989ns          308293 1c0090a2 017004b3 add              x9, x0, x23          x9=1c000223 x23:1c000223
16776009ns          308294 1c0090a4 01400c33 add              x24, x0, x20        x24=100007cc x20:100007cc
16776029ns          308295 1c0090a6 fa1ff06f jal              x0, -96            
16776089ns          308298 1c009046 0004c503 lbu              x10, 0(x9)          x10=00000065  x9:1c000223  PA:1c000223
16776390ns          308313 1c00904a 00148b93 addi             x23, x9, 1          x23=1c000224  x9:1c000223
16776410ns          308314 1c00904e 00050b63 beq              x10, x0, 22         x10:00000065
16776430ns          308315 1c009050 02500793 addi             x15, x0, 37         x15=00000025
16776450ns          308316 1c009054 14f50563 beq              x10, x15, 330       x10:00000065 x15:00000025
16776470ns          308317 1c009058 01c12583 lw               x11, 28(x2)         x11=00000002  x2:10000658  PA:10000674
16776490ns          308318 1c00905a 01812703 lw               x14, 24(x2)         x14=1c008ebe  x2:10000658  PA:10000670
16776550ns          308321 1c00905c 000700e7 jalr             x1, x14, 0           x1=1c00905e x14:1c008ebe
16776590ns          308323 1c008ebe ff010113 addi             x2, x2, -16          x2=10000648  x2:10000658
16776611ns          308324 1c008ec0 0ff57513 andi             x10, x10, 255       x10=00000065 x10:00000065
16776631ns          308325 1c008ec4 00112623 sw               x1, 12(x2)           x1:1c00905e  x2:10000648  PA:10000654
16776651ns          308326 1c008ec6 f07ff0ef jal              x1, -250             x1=1c008ec8
16776691ns          308328 1c008dcc 000026b7 lui              x13, 0x2000         x13=00002000
16776711ns          308329 1c008dce f14027f3 csrrs            x15, x0, 0xf14      x15=00000000
16776731ns          308330 1c008dd2 f8068693 addi             x13, x13, -128      x13=00001f80 x13:00002000
16776751ns          308331 1c008dd6 00279713 slli             x14, x15, 0x2       x14=00000000 x15:00000000
16776771ns          308332 1c008dda 00379793 slli             x15, x15, 0x3       x15=00000000 x15:00000000
16776791ns          308333 1c008ddc 00d77733 and              x14, x14, x13       x14=00000000 x14:00000000 x13:00001f80
16776811ns          308334 1c008dde ee87b7b3 p.bclr           x15, x15, 23, 8     x15=00000000 x15:00000000
16776831ns          308335 1c008de2 1a10f6b7 lui              x13, 0x1a10f000     x13=1a10f000
16776851ns          308336 1c008de6 00d787b3 add              x15, x15, x13       x15=1a10f000 x15:00000000 x13:1a10f000
16776871ns          308337 1c008de8 00a767a3 p.sw             x10, x0(x14)        x10:00000065 x14:00000000  PA:1a10f000
16777192ns          308353 1c008dec 00008067 jalr             x0, x1, 0            x1:1c008ec8
16777213ns          308354 1c008ec8 00c12083 lw               x1, 12(x2)           x1=1c00905e  x2:10000648  PA:10000654
16777233ns          308355 1c008eca 00000513 addi             x10, x0, 0          x10=00000000
16777253ns          308356 1c008ecc 01010113 addi             x2, x2, 16           x2=10000658  x2:10000648
16777273ns          308357 1c008ece 00008067 jalr             x0, x1, 0            x1:1c00905e
16777333ns          308360 1c00905e 05f53063 p.bneimm         x10, 64             x10:00000000
16777393ns          308363 1c00909e 00190913 addi             x18, x18, 1         x18=00000010 x18:0000000f
16777413ns          308364 1c0090a0 01800a33 add              x20, x0, x24        x20=100007cc x24:100007cc
16777433ns          308365 1c0090a2 017004b3 add              x9, x0, x23          x9=1c000224 x23:1c000224
16777453ns          308366 1c0090a4 01400c33 add              x24, x0, x20        x24=100007cc x20:100007cc
16777473ns          308367 1c0090a6 fa1ff06f jal              x0, -96            
16777534ns          308370 1c009046 0004c503 lbu              x10, 0(x9)          x10=00000064  x9:1c000224  PA:1c000224
16777855ns          308386 1c00904a 00148b93 addi             x23, x9, 1          x23=1c000225  x9:1c000224
16777875ns          308387 1c00904e 00050b63 beq              x10, x0, 22         x10:00000064
16777895ns          308388 1c009050 02500793 addi             x15, x0, 37         x15=00000025
16777915ns          308389 1c009054 14f50563 beq              x10, x15, 330       x10:00000064 x15:00000025
16777935ns          308390 1c009058 01c12583 lw               x11, 28(x2)         x11=00000002  x2:10000658  PA:10000674
16777955ns          308391 1c00905a 01812703 lw               x14, 24(x2)         x14=1c008ebe  x2:10000658  PA:10000670
16778015ns          308394 1c00905c 000700e7 jalr             x1, x14, 0           x1=1c00905e x14:1c008ebe
16778055ns          308396 1c008ebe ff010113 addi             x2, x2, -16          x2=10000648  x2:10000658
16778075ns          308397 1c008ec0 0ff57513 andi             x10, x10, 255       x10=00000064 x10:00000064
16778095ns          308398 1c008ec4 00112623 sw               x1, 12(x2)           x1:1c00905e  x2:10000648  PA:10000654
16778115ns          308399 1c008ec6 f07ff0ef jal              x1, -250             x1=1c008ec8
16778156ns          308401 1c008dcc 000026b7 lui              x13, 0x2000         x13=00002000
16778176ns          308402 1c008dce f14027f3 csrrs            x15, x0, 0xf14      x15=00000000
16778196ns          308403 1c008dd2 f8068693 addi             x13, x13, -128      x13=00001f80 x13:00002000
16778216ns          308404 1c008dd6 00279713 slli             x14, x15, 0x2       x14=00000000 x15:00000000
16778236ns          308405 1c008dda 00379793 slli             x15, x15, 0x3       x15=00000000 x15:00000000
16778256ns          308406 1c008ddc 00d77733 and              x14, x14, x13       x14=00000000 x14:00000000 x13:00001f80
16778276ns          308407 1c008dde ee87b7b3 p.bclr           x15, x15, 23, 8     x15=00000000 x15:00000000
16778296ns          308408 1c008de2 1a10f6b7 lui              x13, 0x1a10f000     x13=1a10f000
16778316ns          308409 1c008de6 00d787b3 add              x15, x15, x13       x15=1a10f000 x15:00000000 x13:1a10f000
16778336ns          308410 1c008de8 00a767a3 p.sw             x10, x0(x14)        x10:00000064 x14:00000000  PA:1a10f000
16778657ns          308426 1c008dec 00008067 jalr             x0, x1, 0            x1:1c008ec8
16778677ns          308427 1c008ec8 00c12083 lw               x1, 12(x2)           x1=1c00905e  x2:10000648  PA:10000654
16778697ns          308428 1c008eca 00000513 addi             x10, x0, 0          x10=00000000
16778717ns          308429 1c008ecc 01010113 addi             x2, x2, 16           x2=10000658  x2:10000648
16778737ns          308430 1c008ece 00008067 jalr             x0, x1, 0            x1:1c00905e
16778798ns          308433 1c00905e 05f53063 p.bneimm         x10, 64             x10:00000000
16778858ns          308436 1c00909e 00190913 addi             x18, x18, 1         x18=00000011 x18:00000010
16778878ns          308437 1c0090a0 01800a33 add              x20, x0, x24        x20=100007cc x24:100007cc
16778898ns          308438 1c0090a2 017004b3 add              x9, x0, x23          x9=1c000225 x23:1c000225
16778918ns          308439 1c0090a4 01400c33 add              x24, x0, x20        x24=100007cc x20:100007cc
16778938ns          308440 1c0090a6 fa1ff06f jal              x0, -96            
16778998ns          308443 1c009046 0004c503 lbu              x10, 0(x9)          x10=00000020  x9:1c000225  PA:1c000225
16779299ns          308458 1c00904a 00148b93 addi             x23, x9, 1          x23=1c000226  x9:1c000225
16779319ns          308459 1c00904e 00050b63 beq              x10, x0, 22         x10:00000020
16779339ns          308460 1c009050 02500793 addi             x15, x0, 37         x15=00000025
16779360ns          308461 1c009054 14f50563 beq              x10, x15, 330       x10:00000020 x15:00000025
16779380ns          308462 1c009058 01c12583 lw               x11, 28(x2)         x11=00000002  x2:10000658  PA:10000674
16779400ns          308463 1c00905a 01812703 lw               x14, 24(x2)         x14=1c008ebe  x2:10000658  PA:10000670
16779460ns          308466 1c00905c 000700e7 jalr             x1, x14, 0           x1=1c00905e x14:1c008ebe
16779500ns          308468 1c008ebe ff010113 addi             x2, x2, -16          x2=10000648  x2:10000658
16779520ns          308469 1c008ec0 0ff57513 andi             x10, x10, 255       x10=00000020 x10:00000020
16779540ns          308470 1c008ec4 00112623 sw               x1, 12(x2)           x1:1c00905e  x2:10000648  PA:10000654
16779560ns          308471 1c008ec6 f07ff0ef jal              x1, -250             x1=1c008ec8
16779600ns          308473 1c008dcc 000026b7 lui              x13, 0x2000         x13=00002000
16779620ns          308474 1c008dce f14027f3 csrrs            x15, x0, 0xf14      x15=00000000
16779640ns          308475 1c008dd2 f8068693 addi             x13, x13, -128      x13=00001f80 x13:00002000
16779660ns          308476 1c008dd6 00279713 slli             x14, x15, 0x2       x14=00000000 x15:00000000
16779681ns          308477 1c008dda 00379793 slli             x15, x15, 0x3       x15=00000000 x15:00000000
16779701ns          308478 1c008ddc 00d77733 and              x14, x14, x13       x14=00000000 x14:00000000 x13:00001f80
16779721ns          308479 1c008dde ee87b7b3 p.bclr           x15, x15, 23, 8     x15=00000000 x15:00000000
16779741ns          308480 1c008de2 1a10f6b7 lui              x13, 0x1a10f000     x13=1a10f000
16779761ns          308481 1c008de6 00d787b3 add              x15, x15, x13       x15=1a10f000 x15:00000000 x13:1a10f000
16779781ns          308482 1c008de8 00a767a3 p.sw             x10, x0(x14)        x10:00000020 x14:00000000  PA:1a10f000
16780122ns          308499 1c008dec 00008067 jalr             x0, x1, 0            x1:1c008ec8
16780142ns          308500 1c008ec8 00c12083 lw               x1, 12(x2)           x1=1c00905e  x2:10000648  PA:10000654
16780162ns          308501 1c008eca 00000513 addi             x10, x0, 0          x10=00000000
16780182ns          308502 1c008ecc 01010113 addi             x2, x2, 16           x2=10000658  x2:10000648
16780202ns          308503 1c008ece 00008067 jalr             x0, x1, 0            x1:1c00905e
16780262ns          308506 1c00905e 05f53063 p.bneimm         x10, 64             x10:00000000
16780323ns          308509 1c00909e 00190913 addi             x18, x18, 1         x18=00000012 x18:00000011
16780343ns          308510 1c0090a0 01800a33 add              x20, x0, x24        x20=100007cc x24:100007cc
16780363ns          308511 1c0090a2 017004b3 add              x9, x0, x23          x9=1c000226 x23:1c000226
16780383ns          308512 1c0090a4 01400c33 add              x24, x0, x20        x24=100007cc x20:100007cc
16780403ns          308513 1c0090a6 fa1ff06f jal              x0, -96            
16780463ns          308516 1c009046 0004c503 lbu              x10, 0(x9)          x10=00000067  x9:1c000226  PA:1c000226
16780764ns          308531 1c00904a 00148b93 addi             x23, x9, 1          x23=1c000227  x9:1c000226
16780784ns          308532 1c00904e 00050b63 beq              x10, x0, 22         x10:00000067
16780804ns          308533 1c009050 02500793 addi             x15, x0, 37         x15=00000025
16780824ns          308534 1c009054 14f50563 beq              x10, x15, 330       x10:00000067 x15:00000025
16780844ns          308535 1c009058 01c12583 lw               x11, 28(x2)         x11=00000002  x2:10000658  PA:10000674
16780864ns          308536 1c00905a 01812703 lw               x14, 24(x2)         x14=1c008ebe  x2:10000658  PA:10000670
16780925ns          308539 1c00905c 000700e7 jalr             x1, x14, 0           x1=1c00905e x14:1c008ebe
16780965ns          308541 1c008ebe ff010113 addi             x2, x2, -16          x2=10000648  x2:10000658
16780985ns          308542 1c008ec0 0ff57513 andi             x10, x10, 255       x10=00000067 x10:00000067
16781005ns          308543 1c008ec4 00112623 sw               x1, 12(x2)           x1:1c00905e  x2:10000648  PA:10000654
16781025ns          308544 1c008ec6 f07ff0ef jal              x1, -250             x1=1c008ec8
16781065ns          308546 1c008dcc 000026b7 lui              x13, 0x2000         x13=00002000
16781085ns          308547 1c008dce f14027f3 csrrs            x15, x0, 0xf14      x15=00000000
16781105ns          308548 1c008dd2 f8068693 addi             x13, x13, -128      x13=00001f80 x13:00002000
16781125ns          308549 1c008dd6 00279713 slli             x14, x15, 0x2       x14=00000000 x15:00000000
16781145ns          308550 1c008dda 00379793 slli             x15, x15, 0x3       x15=00000000 x15:00000000
16781165ns          308551 1c008ddc 00d77733 and              x14, x14, x13       x14=00000000 x14:00000000 x13:00001f80
16781185ns          308552 1c008dde ee87b7b3 p.bclr           x15, x15, 23, 8     x15=00000000 x15:00000000
16781206ns          308553 1c008de2 1a10f6b7 lui              x13, 0x1a10f000     x13=1a10f000
16781226ns          308554 1c008de6 00d787b3 add              x15, x15, x13       x15=1a10f000 x15:00000000 x13:1a10f000
16781246ns          308555 1c008de8 00a767a3 p.sw             x10, x0(x14)        x10:00000067 x14:00000000  PA:1a10f000
16781567ns          308571 1c008dec 00008067 jalr             x0, x1, 0            x1:1c008ec8
16781587ns          308572 1c008ec8 00c12083 lw               x1, 12(x2)           x1=1c00905e  x2:10000648  PA:10000654
16781607ns          308573 1c008eca 00000513 addi             x10, x0, 0          x10=00000000
16781627ns          308574 1c008ecc 01010113 addi             x2, x2, 16           x2=10000658  x2:10000648
16781647ns          308575 1c008ece 00008067 jalr             x0, x1, 0            x1:1c00905e
16781707ns          308578 1c00905e 05f53063 p.bneimm         x10, 64             x10:00000000
16781767ns          308581 1c00909e 00190913 addi             x18, x18, 1         x18=00000013 x18:00000012
16781787ns          308582 1c0090a0 01800a33 add              x20, x0, x24        x20=100007cc x24:100007cc
16781807ns          308583 1c0090a2 017004b3 add              x9, x0, x23          x9=1c000227 x23:1c000227
16781828ns          308584 1c0090a4 01400c33 add              x24, x0, x20        x24=100007cc x20:100007cc
16781848ns          308585 1c0090a6 fa1ff06f jal              x0, -96            
16781908ns          308588 1c009046 0004c503 lbu              x10, 0(x9)          x10=0000006f  x9:1c000227  PA:1c000227
16782229ns          308604 1c00904a 00148b93 addi             x23, x9, 1          x23=1c000228  x9:1c000227
16782249ns          308605 1c00904e 00050b63 beq              x10, x0, 22         x10:0000006f
16782269ns          308606 1c009050 02500793 addi             x15, x0, 37         x15=00000025
16782289ns          308607 1c009054 14f50563 beq              x10, x15, 330       x10:0000006f x15:00000025
16782309ns          308608 1c009058 01c12583 lw               x11, 28(x2)         x11=00000002  x2:10000658  PA:10000674
16782329ns          308609 1c00905a 01812703 lw               x14, 24(x2)         x14=1c008ebe  x2:10000658  PA:10000670
16782389ns          308612 1c00905c 000700e7 jalr             x1, x14, 0           x1=1c00905e x14:1c008ebe
16782430ns          308614 1c008ebe ff010113 addi             x2, x2, -16          x2=10000648  x2:10000658
16782450ns          308615 1c008ec0 0ff57513 andi             x10, x10, 255       x10=0000006f x10:0000006f
16782470ns          308616 1c008ec4 00112623 sw               x1, 12(x2)           x1:1c00905e  x2:10000648  PA:10000654
16782490ns          308617 1c008ec6 f07ff0ef jal              x1, -250             x1=1c008ec8
16782530ns          308619 1c008dcc 000026b7 lui              x13, 0x2000         x13=00002000
16782550ns          308620 1c008dce f14027f3 csrrs            x15, x0, 0xf14      x15=00000000
16782570ns          308621 1c008dd2 f8068693 addi             x13, x13, -128      x13=00001f80 x13:00002000
16782590ns          308622 1c008dd6 00279713 slli             x14, x15, 0x2       x14=00000000 x15:00000000
16782610ns          308623 1c008dda 00379793 slli             x15, x15, 0x3       x15=00000000 x15:00000000
16782630ns          308624 1c008ddc 00d77733 and              x14, x14, x13       x14=00000000 x14:00000000 x13:00001f80
16782650ns          308625 1c008dde ee87b7b3 p.bclr           x15, x15, 23, 8     x15=00000000 x15:00000000
16782670ns          308626 1c008de2 1a10f6b7 lui              x13, 0x1a10f000     x13=1a10f000
16782690ns          308627 1c008de6 00d787b3 add              x15, x15, x13       x15=1a10f000 x15:00000000 x13:1a10f000
16782710ns          308628 1c008de8 00a767a3 p.sw             x10, x0(x14)        x10:0000006f x14:00000000  PA:1a10f000
16783031ns          308644 1c008dec 00008067 jalr             x0, x1, 0            x1:1c008ec8
16783052ns          308645 1c008ec8 00c12083 lw               x1, 12(x2)           x1=1c00905e  x2:10000648  PA:10000654
16783072ns          308646 1c008eca 00000513 addi             x10, x0, 0          x10=00000000
16783092ns          308647 1c008ecc 01010113 addi             x2, x2, 16           x2=10000658  x2:10000648
16783112ns          308648 1c008ece 00008067 jalr             x0, x1, 0            x1:1c00905e
16783172ns          308651 1c00905e 05f53063 p.bneimm         x10, 64             x10:00000000
16783232ns          308654 1c00909e 00190913 addi             x18, x18, 1         x18=00000014 x18:00000013
16783252ns          308655 1c0090a0 01800a33 add              x20, x0, x24        x20=100007cc x24:100007cc
16783272ns          308656 1c0090a2 017004b3 add              x9, x0, x23          x9=1c000228 x23:1c000228
16783292ns          308657 1c0090a4 01400c33 add              x24, x0, x20        x24=100007cc x20:100007cc
16783312ns          308658 1c0090a6 fa1ff06f jal              x0, -96            
16783373ns          308661 1c009046 0004c503 lbu              x10, 0(x9)          x10=0000006f  x9:1c000228  PA:1c000228
16783674ns          308676 1c00904a 00148b93 addi             x23, x9, 1          x23=1c000229  x9:1c000228
16783694ns          308677 1c00904e 00050b63 beq              x10, x0, 22         x10:0000006f
16783714ns          308678 1c009050 02500793 addi             x15, x0, 37         x15=00000025
16783734ns          308679 1c009054 14f50563 beq              x10, x15, 330       x10:0000006f x15:00000025
16783754ns          308680 1c009058 01c12583 lw               x11, 28(x2)         x11=00000002  x2:10000658  PA:10000674
16783774ns          308681 1c00905a 01812703 lw               x14, 24(x2)         x14=1c008ebe  x2:10000658  PA:10000670
16783834ns          308684 1c00905c 000700e7 jalr             x1, x14, 0           x1=1c00905e x14:1c008ebe
16783874ns          308686 1c008ebe ff010113 addi             x2, x2, -16          x2=10000648  x2:10000658
16783894ns          308687 1c008ec0 0ff57513 andi             x10, x10, 255       x10=0000006f x10:0000006f
16783914ns          308688 1c008ec4 00112623 sw               x1, 12(x2)           x1:1c00905e  x2:10000648  PA:10000654
16783934ns          308689 1c008ec6 f07ff0ef jal              x1, -250             x1=1c008ec8
16783975ns          308691 1c008dcc 000026b7 lui              x13, 0x2000         x13=00002000
16783995ns          308692 1c008dce f14027f3 csrrs            x15, x0, 0xf14      x15=00000000
16784015ns          308693 1c008dd2 f8068693 addi             x13, x13, -128      x13=00001f80 x13:00002000
16784035ns          308694 1c008dd6 00279713 slli             x14, x15, 0x2       x14=00000000 x15:00000000
16784055ns          308695 1c008dda 00379793 slli             x15, x15, 0x3       x15=00000000 x15:00000000
16784075ns          308696 1c008ddc 00d77733 and              x14, x14, x13       x14=00000000 x14:00000000 x13:00001f80
16784095ns          308697 1c008dde ee87b7b3 p.bclr           x15, x15, 23, 8     x15=00000000 x15:00000000
16784115ns          308698 1c008de2 1a10f6b7 lui              x13, 0x1a10f000     x13=1a10f000
16784135ns          308699 1c008de6 00d787b3 add              x15, x15, x13       x15=1a10f000 x15:00000000 x13:1a10f000
16784155ns          308700 1c008de8 00a767a3 p.sw             x10, x0(x14)        x10:0000006f x14:00000000  PA:1a10f000
16784476ns          308716 1c008dec 00008067 jalr             x0, x1, 0            x1:1c008ec8
16784496ns          308717 1c008ec8 00c12083 lw               x1, 12(x2)           x1=1c00905e  x2:10000648  PA:10000654
16784516ns          308718 1c008eca 00000513 addi             x10, x0, 0          x10=00000000
16784536ns          308719 1c008ecc 01010113 addi             x2, x2, 16           x2=10000658  x2:10000648
16784556ns          308720 1c008ece 00008067 jalr             x0, x1, 0            x1:1c00905e
16784617ns          308723 1c00905e 05f53063 p.bneimm         x10, 64             x10:00000000
16784677ns          308726 1c00909e 00190913 addi             x18, x18, 1         x18=00000015 x18:00000014
16784697ns          308727 1c0090a0 01800a33 add              x20, x0, x24        x20=100007cc x24:100007cc
16784717ns          308728 1c0090a2 017004b3 add              x9, x0, x23          x9=1c000229 x23:1c000229
16784737ns          308729 1c0090a4 01400c33 add              x24, x0, x20        x24=100007cc x20:100007cc
16784757ns          308730 1c0090a6 fa1ff06f jal              x0, -96            
16784817ns          308733 1c009046 0004c503 lbu              x10, 0(x9)          x10=00000064  x9:1c000229  PA:1c000229
16785118ns          308748 1c00904a 00148b93 addi             x23, x9, 1          x23=1c00022a  x9:1c000229
16785138ns          308749 1c00904e 00050b63 beq              x10, x0, 22         x10:00000064
16785158ns          308750 1c009050 02500793 addi             x15, x0, 37         x15=00000025
16785178ns          308751 1c009054 14f50563 beq              x10, x15, 330       x10:00000064 x15:00000025
16785199ns          308752 1c009058 01c12583 lw               x11, 28(x2)         x11=00000002  x2:10000658  PA:10000674
16785219ns          308753 1c00905a 01812703 lw               x14, 24(x2)         x14=1c008ebe  x2:10000658  PA:10000670
16785279ns          308756 1c00905c 000700e7 jalr             x1, x14, 0           x1=1c00905e x14:1c008ebe
16785319ns          308758 1c008ebe ff010113 addi             x2, x2, -16          x2=10000648  x2:10000658
16785339ns          308759 1c008ec0 0ff57513 andi             x10, x10, 255       x10=00000064 x10:00000064
16785359ns          308760 1c008ec4 00112623 sw               x1, 12(x2)           x1:1c00905e  x2:10000648  PA:10000654
16785379ns          308761 1c008ec6 f07ff0ef jal              x1, -250             x1=1c008ec8
16785419ns          308763 1c008dcc 000026b7 lui              x13, 0x2000         x13=00002000
16785439ns          308764 1c008dce f14027f3 csrrs            x15, x0, 0xf14      x15=00000000
16785459ns          308765 1c008dd2 f8068693 addi             x13, x13, -128      x13=00001f80 x13:00002000
16785479ns          308766 1c008dd6 00279713 slli             x14, x15, 0x2       x14=00000000 x15:00000000
16785500ns          308767 1c008dda 00379793 slli             x15, x15, 0x3       x15=00000000 x15:00000000
16785520ns          308768 1c008ddc 00d77733 and              x14, x14, x13       x14=00000000 x14:00000000 x13:00001f80
16785540ns          308769 1c008dde ee87b7b3 p.bclr           x15, x15, 23, 8     x15=00000000 x15:00000000
16785560ns          308770 1c008de2 1a10f6b7 lui              x13, 0x1a10f000     x13=1a10f000
16785580ns          308771 1c008de6 00d787b3 add              x15, x15, x13       x15=1a10f000 x15:00000000 x13:1a10f000
16785600ns          308772 1c008de8 00a767a3 p.sw             x10, x0(x14)        x10:00000064 x14:00000000  PA:1a10f000
16785921ns          308788 1c008dec 00008067 jalr             x0, x1, 0            x1:1c008ec8
16785941ns          308789 1c008ec8 00c12083 lw               x1, 12(x2)           x1=1c00905e  x2:10000648  PA:10000654
16785961ns          308790 1c008eca 00000513 addi             x10, x0, 0          x10=00000000
16785981ns          308791 1c008ecc 01010113 addi             x2, x2, 16           x2=10000658  x2:10000648
16786001ns          308792 1c008ece 00008067 jalr             x0, x1, 0            x1:1c00905e
16786061ns          308795 1c00905e 05f53063 p.bneimm         x10, 64             x10:00000000
16786122ns          308798 1c00909e 00190913 addi             x18, x18, 1         x18=00000016 x18:00000015
16786142ns          308799 1c0090a0 01800a33 add              x20, x0, x24        x20=100007cc x24:100007cc
16786162ns          308800 1c0090a2 017004b3 add              x9, x0, x23          x9=1c00022a x23:1c00022a
16786182ns          308801 1c0090a4 01400c33 add              x24, x0, x20        x24=100007cc x20:100007cc
16786202ns          308802 1c0090a6 fa1ff06f jal              x0, -96            
16786262ns          308805 1c009046 0004c503 lbu              x10, 0(x9)          x10=00000020  x9:1c00022a  PA:1c00022a
16786563ns          308820 1c00904a 00148b93 addi             x23, x9, 1          x23=1c00022b  x9:1c00022a
16786583ns          308821 1c00904e 00050b63 beq              x10, x0, 22         x10:00000020
16786603ns          308822 1c009050 02500793 addi             x15, x0, 37         x15=00000025
16786623ns          308823 1c009054 14f50563 beq              x10, x15, 330       x10:00000020 x15:00000025
16786643ns          308824 1c009058 01c12583 lw               x11, 28(x2)         x11=00000002  x2:10000658  PA:10000674
16786663ns          308825 1c00905a 01812703 lw               x14, 24(x2)         x14=1c008ebe  x2:10000658  PA:10000670
16786724ns          308828 1c00905c 000700e7 jalr             x1, x14, 0           x1=1c00905e x14:1c008ebe
16786764ns          308830 1c008ebe ff010113 addi             x2, x2, -16          x2=10000648  x2:10000658
16786784ns          308831 1c008ec0 0ff57513 andi             x10, x10, 255       x10=00000020 x10:00000020
16786804ns          308832 1c008ec4 00112623 sw               x1, 12(x2)           x1:1c00905e  x2:10000648  PA:10000654
16786824ns          308833 1c008ec6 f07ff0ef jal              x1, -250             x1=1c008ec8
16786864ns          308835 1c008dcc 000026b7 lui              x13, 0x2000         x13=00002000
16786884ns          308836 1c008dce f14027f3 csrrs            x15, x0, 0xf14      x15=00000000
16786904ns          308837 1c008dd2 f8068693 addi             x13, x13, -128      x13=00001f80 x13:00002000
16786924ns          308838 1c008dd6 00279713 slli             x14, x15, 0x2       x14=00000000 x15:00000000
16786944ns          308839 1c008dda 00379793 slli             x15, x15, 0x3       x15=00000000 x15:00000000
16786964ns          308840 1c008ddc 00d77733 and              x14, x14, x13       x14=00000000 x14:00000000 x13:00001f80
16786984ns          308841 1c008dde ee87b7b3 p.bclr           x15, x15, 23, 8     x15=00000000 x15:00000000
16787004ns          308842 1c008de2 1a10f6b7 lui              x13, 0x1a10f000     x13=1a10f000
16787024ns          308843 1c008de6 00d787b3 add              x15, x15, x13       x15=1a10f000 x15:00000000 x13:1a10f000
16787045ns          308844 1c008de8 00a767a3 p.sw             x10, x0(x14)        x10:00000020 x14:00000000  PA:1a10f000
16787366ns          308860 1c008dec 00008067 jalr             x0, x1, 0            x1:1c008ec8
16787386ns          308861 1c008ec8 00c12083 lw               x1, 12(x2)           x1=1c00905e  x2:10000648  PA:10000654
16787406ns          308862 1c008eca 00000513 addi             x10, x0, 0          x10=00000000
16787426ns          308863 1c008ecc 01010113 addi             x2, x2, 16           x2=10000658  x2:10000648
16787446ns          308864 1c008ece 00008067 jalr             x0, x1, 0            x1:1c00905e
16787506ns          308867 1c00905e 05f53063 p.bneimm         x10, 64             x10:00000000
16787566ns          308870 1c00909e 00190913 addi             x18, x18, 1         x18=00000017 x18:00000016
16787586ns          308871 1c0090a0 01800a33 add              x20, x0, x24        x20=100007cc x24:100007cc
16787606ns          308872 1c0090a2 017004b3 add              x9, x0, x23          x9=1c00022b x23:1c00022b
16787626ns          308873 1c0090a4 01400c33 add              x24, x0, x20        x24=100007cc x20:100007cc
16787647ns          308874 1c0090a6 fa1ff06f jal              x0, -96            
16787707ns          308877 1c009046 0004c503 lbu              x10, 0(x9)          x10=0000003a  x9:1c00022b  PA:1c00022b
16788028ns          308893 1c00904a 00148b93 addi             x23, x9, 1          x23=1c00022c  x9:1c00022b
16788048ns          308894 1c00904e 00050b63 beq              x10, x0, 22         x10:0000003a
16788068ns          308895 1c009050 02500793 addi             x15, x0, 37         x15=00000025
16788088ns          308896 1c009054 14f50563 beq              x10, x15, 330       x10:0000003a x15:00000025
16788108ns          308897 1c009058 01c12583 lw               x11, 28(x2)         x11=00000002  x2:10000658  PA:10000674
16788128ns          308898 1c00905a 01812703 lw               x14, 24(x2)         x14=1c008ebe  x2:10000658  PA:10000670
16788188ns          308901 1c00905c 000700e7 jalr             x1, x14, 0           x1=1c00905e x14:1c008ebe
16788228ns          308903 1c008ebe ff010113 addi             x2, x2, -16          x2=10000648  x2:10000658
16788248ns          308904 1c008ec0 0ff57513 andi             x10, x10, 255       x10=0000003a x10:0000003a
16788269ns          308905 1c008ec4 00112623 sw               x1, 12(x2)           x1:1c00905e  x2:10000648  PA:10000654
16788289ns          308906 1c008ec6 f07ff0ef jal              x1, -250             x1=1c008ec8
16788329ns          308908 1c008dcc 000026b7 lui              x13, 0x2000         x13=00002000
16788349ns          308909 1c008dce f14027f3 csrrs            x15, x0, 0xf14      x15=00000000
16788369ns          308910 1c008dd2 f8068693 addi             x13, x13, -128      x13=00001f80 x13:00002000
16788389ns          308911 1c008dd6 00279713 slli             x14, x15, 0x2       x14=00000000 x15:00000000
16788409ns          308912 1c008dda 00379793 slli             x15, x15, 0x3       x15=00000000 x15:00000000
16788429ns          308913 1c008ddc 00d77733 and              x14, x14, x13       x14=00000000 x14:00000000 x13:00001f80
16788449ns          308914 1c008dde ee87b7b3 p.bclr           x15, x15, 23, 8     x15=00000000 x15:00000000
16788469ns          308915 1c008de2 1a10f6b7 lui              x13, 0x1a10f000     x13=1a10f000
16788489ns          308916 1c008de6 00d787b3 add              x15, x15, x13       x15=1a10f000 x15:00000000 x13:1a10f000
16788509ns          308917 1c008de8 00a767a3 p.sw             x10, x0(x14)        x10:0000003a x14:00000000  PA:1a10f000
16788830ns          308933 1c008dec 00008067 jalr             x0, x1, 0            x1:1c008ec8
16788850ns          308934 1c008ec8 00c12083 lw               x1, 12(x2)           x1=1c00905e  x2:10000648  PA:10000654
16788870ns          308935 1c008eca 00000513 addi             x10, x0, 0          x10=00000000
16788891ns          308936 1c008ecc 01010113 addi             x2, x2, 16           x2=10000658  x2:10000648
16788911ns          308937 1c008ece 00008067 jalr             x0, x1, 0            x1:1c00905e
16788971ns          308940 1c00905e 05f53063 p.bneimm         x10, 64             x10:00000000
16789031ns          308943 1c00909e 00190913 addi             x18, x18, 1         x18=00000018 x18:00000017
16789051ns          308944 1c0090a0 01800a33 add              x20, x0, x24        x20=100007cc x24:100007cc
16789071ns          308945 1c0090a2 017004b3 add              x9, x0, x23          x9=1c00022c x23:1c00022c
16789091ns          308946 1c0090a4 01400c33 add              x24, x0, x20        x24=100007cc x20:100007cc
16789111ns          308947 1c0090a6 fa1ff06f jal              x0, -96            
16789171ns          308950 1c009046 0004c503 lbu              x10, 0(x9)          x10=0000002d  x9:1c00022c  PA:1c00022c
16789472ns          308965 1c00904a 00148b93 addi             x23, x9, 1          x23=1c00022d  x9:1c00022c
16789493ns          308966 1c00904e 00050b63 beq              x10, x0, 22         x10:0000002d
16789513ns          308967 1c009050 02500793 addi             x15, x0, 37         x15=00000025
16789533ns          308968 1c009054 14f50563 beq              x10, x15, 330       x10:0000002d x15:00000025
16789553ns          308969 1c009058 01c12583 lw               x11, 28(x2)         x11=00000002  x2:10000658  PA:10000674
16789573ns          308970 1c00905a 01812703 lw               x14, 24(x2)         x14=1c008ebe  x2:10000658  PA:10000670
16789633ns          308973 1c00905c 000700e7 jalr             x1, x14, 0           x1=1c00905e x14:1c008ebe
16789673ns          308975 1c008ebe ff010113 addi             x2, x2, -16          x2=10000648  x2:10000658
16789693ns          308976 1c008ec0 0ff57513 andi             x10, x10, 255       x10=0000002d x10:0000002d
16789713ns          308977 1c008ec4 00112623 sw               x1, 12(x2)           x1:1c00905e  x2:10000648  PA:10000654
16789733ns          308978 1c008ec6 f07ff0ef jal              x1, -250             x1=1c008ec8
16789773ns          308980 1c008dcc 000026b7 lui              x13, 0x2000         x13=00002000
16789794ns          308981 1c008dce f14027f3 csrrs            x15, x0, 0xf14      x15=00000000
16789814ns          308982 1c008dd2 f8068693 addi             x13, x13, -128      x13=00001f80 x13:00002000
16789834ns          308983 1c008dd6 00279713 slli             x14, x15, 0x2       x14=00000000 x15:00000000
16789854ns          308984 1c008dda 00379793 slli             x15, x15, 0x3       x15=00000000 x15:00000000
16789874ns          308985 1c008ddc 00d77733 and              x14, x14, x13       x14=00000000 x14:00000000 x13:00001f80
16789894ns          308986 1c008dde ee87b7b3 p.bclr           x15, x15, 23, 8     x15=00000000 x15:00000000
16789914ns          308987 1c008de2 1a10f6b7 lui              x13, 0x1a10f000     x13=1a10f000
16789934ns          308988 1c008de6 00d787b3 add              x15, x15, x13       x15=1a10f000 x15:00000000 x13:1a10f000
16789954ns          308989 1c008de8 00a767a3 p.sw             x10, x0(x14)        x10:0000002d x14:00000000  PA:1a10f000
16790275ns          309005 1c008dec 00008067 jalr             x0, x1, 0            x1:1c008ec8
16790295ns          309006 1c008ec8 00c12083 lw               x1, 12(x2)           x1=1c00905e  x2:10000648  PA:10000654
16790315ns          309007 1c008eca 00000513 addi             x10, x0, 0          x10=00000000
16790335ns          309008 1c008ecc 01010113 addi             x2, x2, 16           x2=10000658  x2:10000648
16790355ns          309009 1c008ece 00008067 jalr             x0, x1, 0            x1:1c00905e
16790416ns          309012 1c00905e 05f53063 p.bneimm         x10, 64             x10:00000000
16790476ns          309015 1c00909e 00190913 addi             x18, x18, 1         x18=00000019 x18:00000018
16790496ns          309016 1c0090a0 01800a33 add              x20, x0, x24        x20=100007cc x24:100007cc
16790516ns          309017 1c0090a2 017004b3 add              x9, x0, x23          x9=1c00022d x23:1c00022d
16790536ns          309018 1c0090a4 01400c33 add              x24, x0, x20        x24=100007cc x20:100007cc
16790556ns          309019 1c0090a6 fa1ff06f jal              x0, -96            
16790616ns          309022 1c009046 0004c503 lbu              x10, 0(x9)          x10=00000029  x9:1c00022d  PA:1c00022d
16790917ns          309037 1c00904a 00148b93 addi             x23, x9, 1          x23=1c00022e  x9:1c00022d
16790937ns          309038 1c00904e 00050b63 beq              x10, x0, 22         x10:00000029
16790957ns          309039 1c009050 02500793 addi             x15, x0, 37         x15=00000025
16790977ns          309040 1c009054 14f50563 beq              x10, x15, 330       x10:00000029 x15:00000025
16790997ns          309041 1c009058 01c12583 lw               x11, 28(x2)         x11=00000002  x2:10000658  PA:10000674
16791017ns          309042 1c00905a 01812703 lw               x14, 24(x2)         x14=1c008ebe  x2:10000658  PA:10000670
16791078ns          309045 1c00905c 000700e7 jalr             x1, x14, 0           x1=1c00905e x14:1c008ebe
16791118ns          309047 1c008ebe ff010113 addi             x2, x2, -16          x2=10000648  x2:10000658
16791138ns          309048 1c008ec0 0ff57513 andi             x10, x10, 255       x10=00000029 x10:00000029
16791158ns          309049 1c008ec4 00112623 sw               x1, 12(x2)           x1:1c00905e  x2:10000648  PA:10000654
16791178ns          309050 1c008ec6 f07ff0ef jal              x1, -250             x1=1c008ec8
16791218ns          309052 1c008dcc 000026b7 lui              x13, 0x2000         x13=00002000
16791238ns          309053 1c008dce f14027f3 csrrs            x15, x0, 0xf14      x15=00000000
16791258ns          309054 1c008dd2 f8068693 addi             x13, x13, -128      x13=00001f80 x13:00002000
16791278ns          309055 1c008dd6 00279713 slli             x14, x15, 0x2       x14=00000000 x15:00000000
16791298ns          309056 1c008dda 00379793 slli             x15, x15, 0x3       x15=00000000 x15:00000000
16791318ns          309057 1c008ddc 00d77733 and              x14, x14, x13       x14=00000000 x14:00000000 x13:00001f80
16791339ns          309058 1c008dde ee87b7b3 p.bclr           x15, x15, 23, 8     x15=00000000 x15:00000000
16791359ns          309059 1c008de2 1a10f6b7 lui              x13, 0x1a10f000     x13=1a10f000
16791379ns          309060 1c008de6 00d787b3 add              x15, x15, x13       x15=1a10f000 x15:00000000 x13:1a10f000
16791399ns          309061 1c008de8 00a767a3 p.sw             x10, x0(x14)        x10:00000029 x14:00000000  PA:1a10f000
16791720ns          309077 1c008dec 00008067 jalr             x0, x1, 0            x1:1c008ec8
16791740ns          309078 1c008ec8 00c12083 lw               x1, 12(x2)           x1=1c00905e  x2:10000648  PA:10000654
16791760ns          309079 1c008eca 00000513 addi             x10, x0, 0          x10=00000000
16791780ns          309080 1c008ecc 01010113 addi             x2, x2, 16           x2=10000658  x2:10000648
16791800ns          309081 1c008ece 00008067 jalr             x0, x1, 0            x1:1c00905e
16791860ns          309084 1c00905e 05f53063 p.bneimm         x10, 64             x10:00000000
16791920ns          309087 1c00909e 00190913 addi             x18, x18, 1         x18=0000001a x18:00000019
16791940ns          309088 1c0090a0 01800a33 add              x20, x0, x24        x20=100007cc x24:100007cc
16791961ns          309089 1c0090a2 017004b3 add              x9, x0, x23          x9=1c00022e x23:1c00022e
16791981ns          309090 1c0090a4 01400c33 add              x24, x0, x20        x24=100007cc x20:100007cc
16792001ns          309091 1c0090a6 fa1ff06f jal              x0, -96            
16792061ns          309094 1c009046 0004c503 lbu              x10, 0(x9)          x10=00000000  x9:1c00022e  PA:1c00022e
16792362ns          309109 1c00904a 00148b93 addi             x23, x9, 1          x23=1c00022f  x9:1c00022e
16792382ns          309110 1c00904e 00050b63 beq              x10, x0, 22         x10:00000000
16792442ns          309113 1c009064 14c12083 lw               x1, 332(x2)          x1=1c008f10  x2:10000658  PA:100007a4
16792462ns          309114 1c009068 14812403 lw               x8, 328(x2)          x8=00000000  x2:10000658  PA:100007a0
16792482ns          309115 1c00906c 01200533 add              x10, x0, x18        x10=0000001a x18:0000001a
16792502ns          309116 1c00906e 14412483 lw               x9, 324(x2)          x9=xxxxxxxx  x2:10000658  PA:1000079c
16792522ns          309117 1c009072 14012903 lw               x18, 320(x2)        x18=xxxxxxxx  x2:10000658  PA:10000798
16792542ns          309118 1c009076 13c12983 lw               x19, 316(x2)        x19=xxxxxxxx  x2:10000658  PA:10000794
16792563ns          309119 1c00907a 13812a03 lw               x20, 312(x2)        x20=xxxxxxxx  x2:10000658  PA:10000790
16792583ns          309120 1c00907e 13412a83 lw               x21, 308(x2)        x21=xxxxxxxx  x2:10000658  PA:1000078c
16792603ns          309121 1c009082 13012b03 lw               x22, 304(x2)        x22=xxxxxxxx  x2:10000658  PA:10000788
16792623ns          309122 1c009086 12c12b83 lw               x23, 300(x2)        x23=xxxxxxxx  x2:10000658  PA:10000784
16792643ns          309123 1c00908a 12812c03 lw               x24, 296(x2)        x24=xxxxxxxx  x2:10000658  PA:10000780
16792663ns          309124 1c00908e 12412c83 lw               x25, 292(x2)        x25=xxxxxxxx  x2:10000658  PA:1000077c
16792683ns          309125 1c009092 12012d03 lw               x26, 288(x2)        x26=xxxxxxxx  x2:10000658  PA:10000778
16792703ns          309126 1c009096 11c12d83 lw               x27, 284(x2)        x27=xxxxxxxx  x2:10000658  PA:10000774
16792723ns          309127 1c00909a 15010113 addi             x2, x2, 336          x2=100007a8  x2:10000658
16792743ns          309128 1c00909c 00008067 jalr             x0, x1, 0            x1:1c008f10
16792783ns          309130 1c008f10 01c12083 lw               x1, 28(x2)           x1=1c008c64  x2:100007a8  PA:100007c4
16792803ns          309131 1c008f12 04010113 addi             x2, x2, 64           x2=100007e8  x2:100007a8
16792843ns          309133 1c008f14 00008067 jalr             x0, x1, 0            x1:1c008c64
16792984ns          309140 1c008c64 00800533 add              x10, x0, x8         x10=00000000  x8:00000000
16793004ns          309141 1c008c66 00c12083 lw               x1, 12(x2)           x1=1c009a5c  x2:100007e8  PA:100007f4
16793024ns          309142 1c008c68 00812403 lw               x8, 8(x2)            x8=xxxxxxxx  x2:100007e8  PA:100007f0
16793044ns          309143 1c008c6a 01010113 addi             x2, x2, 16           x2=100007f8  x2:100007e8
16793064ns          309144 1c008c6c 00008067 jalr             x0, x1, 0            x1:1c009a5c
16793566ns          309169 1c009a5c f14027f3 csrrs            x15, x0, 0xf14      x15=00000000
16794027ns          309192 1c009a60 f457b7b3 p.bclr           x15, x15, 26, 5     x15=00000000 x15:00000000
16794067ns          309194 1c009a64 00079963 bne              x15, x0, 18         x15:00000000
16794087ns          309195 1c009a66 1c0027b7 lui              x15, 0x1c002000     x15=1c002000
16794108ns          309196 1c009a6a c6a7ae23 sw               x10, -900(x15)      x10:00000000 x15:1c002000  PA:1c001c7c
16794449ns          309213 1c009a6e 1c0027b7 lui              x15, 0x1c002000     x15=1c002000
16794469ns          309214 1c009a72 c807a023 sw               x0, -896(x15)       x15:1c002000  PA:1c001c80
16794790ns          309230 1c009a76 002047b7 lui              x15, 0x204000       x15=00204000
16794810ns          309231 1c009a7a fff00713 addi             x14, x0, -1         x14=ffffffff
16794830ns          309232 1c009a7c 00e7a223 sw               x14, 4(x15)         x14:ffffffff x15:00204000  PA:00204004
