                Time          Cycles PC       Instr    Mnemonic
15753423ns          256947 1c008080 0640006f jal              x0, 100            
15753900ns          256971 1c0080e4 f1402573 csrrs            x10, x0, 0xf14      x10=00000002
15753940ns          256973 1c0080e8 01f57593 andi             x11, x10, 31        x11=00000002 x10:00000002
15753960ns          256974 1c0080ec 00555513 srli             x10, x10, 0x5       x10=00000000 x10:00000002
15753980ns          256975 1c0080ee 01f00613 addi             x12, x0, 31         x12=0000001f
15754398ns          256996 1c0080f0 00c50463 beq              x10, x12, 8         x10:00000000 x12:0000001f
15754437ns          256998 1c0080f4 fa1ff06f jal              x0, -96            
15754895ns          257021 1c008094 f3ff8117 auipc            x2, 0xf3ff8000       x2=10000094
15754935ns          257023 1c008098 f7010113 addi             x2, x2, -144         x2=10000004  x2:10000094
15754955ns          257024 1c00809c 00012103 lw               x2, 0(x2)            x2=10000008  x2:10000004  PA:10000004
15755412ns          257047 1c0080a0 000011b7 lui              x3, 0x1000           x3=00001000
15755452ns          257049 1c0080a4 80018193 addi             x3, x3, -2048        x3=00000800  x3:00001000
15755472ns          257050 1c0080a8 00158593 addi             x11, x11, 1         x11=00000003 x11:00000002
15755492ns          257051 1c0080ac 02b180b3 mul              x1, x3, x11          x1=00001800  x3:00000800 x11:00000003
15755929ns          257073 1c0080b0 00110133 add              x2, x2, x1           x2=10001808  x2:10000008  x1:00001800
15755969ns          257075 1c0080b4 1830106f jal              x0, 6530           
15756426ns          257098 1c009a36 ff010113 addi             x2, x2, -16          x2=100017f8  x2:10001808
15756466ns          257100 1c009a38 00112623 sw               x1, 12(x2)           x1:00001800  x2:100017f8  PA:10001804
15756486ns          257101 1c009a3a 002047b7 lui              x15, 0x204000       x15=00204000
15756924ns          257123 1c009a3e 00070737 lui              x14, 0x70000        x14=00070000
15756944ns          257124 1c009a42 00e7a423 sw               x14, 8(x15)         x14:00070000 x15:00204000  PA:00204008
15756964ns          257125 1c009a44 00f00713 addi             x14, x0, 15         x14=0000000f
15756983ns          257126 1c009a46 20078793 addi             x15, x15, 512       x15=00204200 x15:00204000
15757003ns          257127 1c009a4a 00e7a023 sw               x14, 0(x15)         x14:0000000f x15:00204200  PA:00204200
15757441ns          257149 1c009a4e 00e7a623 sw               x14, 12(x15)        x14:0000000f x15:00204200  PA:0020420c
15757481ns          257151 1c009a52 1c0027b7 lui              x15, 0x1c002000     x15=1c002000
15757501ns          257152 1c009a56 cac7a783 lw               x15, -852(x15)      x15=1c008c0e x15:1c002000  PA:1c001cac
15758018ns          257178 1c009a5a 000780e7 jalr             x1, x15, 0           x1=1c009a5c x15:1c008c0e
15758913ns          257223 1c008c0e f14027f3 csrrs            x15, x0, 0xf14      x15=00000002
15758953ns          257225 1c008c12 ca579733 p.extractu       x14, x15, 5, 5      x14=00000000 x15:00000002
15758972ns          257226 1c008c16 00070463 beq              x14, x0, 8          x14:00000000
15759470ns          257251 1c008c1e ff010113 addi             x2, x2, -16          x2=100017e8  x2:100017f8
15759490ns          257252 1c008c20 00812423 sw               x8, 8(x2)            x8:xxxxxxxx  x2:100017e8  PA:100017f0
15759510ns          257253 1c008c22 00112623 sw               x1, 12(x2)           x1:1c009a5c  x2:100017e8  PA:100017f4
15759529ns          257254 1c008c24 f457b7b3 p.bclr           x15, x15, 26, 5     x15=00000002 x15:00000002
15759549ns          257255 1c008c28 00000413 addi             x8, x0, 0            x8=00000000
15759569ns          257256 1c008c2a 02079d63 bne              x15, x0, 58         x15:00000002
15760623ns          257309 1c008c64 00800533 add              x10, x0, x8         x10=00000000  x8:00000000
15760643ns          257310 1c008c66 00c12083 lw               x1, 12(x2)           x1=1c009a5c  x2:100017e8  PA:100017f4
15760663ns          257311 1c008c68 00812403 lw               x8, 8(x2)            x8=xxxxxxxx  x2:100017e8  PA:100017f0
15760683ns          257312 1c008c6a 01010113 addi             x2, x2, 16           x2=100017f8  x2:100017e8
15760703ns          257313 1c008c6c 00008067 jalr             x0, x1, 0            x1:1c009a5c
15761160ns          257336 1c009a5c f14027f3 csrrs            x15, x0, 0xf14      x15=00000002
15761180ns          257337 1c009a60 f457b7b3 p.bclr           x15, x15, 26, 5     x15=00000002 x15:00000002
15761200ns          257338 1c009a64 00079963 bne              x15, x0, 18         x15:00000002
15761717ns          257364 1c009a76 002047b7 lui              x15, 0x204000       x15=00204000
15761737ns          257365 1c009a7a fff00713 addi             x14, x0, -1         x14=ffffffff
15761757ns          257366 1c009a7c 00e7a223 sw               x14, 4(x15)         x14:ffffffff x15:00204000  PA:00204004
