                Time          Cycles PC       Instr    Mnemonic
11847111ns          188209 1c008080 0640006f jal              x0, 100            
11847589ns          188233 1c0080e4 f1402573 csrrs            x10, x0, 0xf14      x10=00000002
11847628ns          188235 1c0080e8 01f57593 andi             x11, x10, 31        x11=00000002 x10:00000002
11847648ns          188236 1c0080ec 00555513 srli             x10, x10, 0x5       x10=00000000 x10:00000002
11847668ns          188237 1c0080ee 01f00613 addi             x12, x0, 31         x12=0000001f
11848086ns          188258 1c0080f0 00c50463 beq              x10, x12, 8         x10:00000000 x12:0000001f
11848126ns          188260 1c0080f4 fa1ff06f jal              x0, -96            
11848583ns          188283 1c008094 f3ff8117 auipc            x2, 0xf3ff8000       x2=10000094
11848623ns          188285 1c008098 f7010113 addi             x2, x2, -144         x2=10000004  x2:10000094
11848643ns          188286 1c00809c 00012103 lw               x2, 0(x2)            x2=10000008  x2:10000004  PA:10000004
11849080ns          188308 1c0080a0 000011b7 lui              x3, 0x1000           x3=00001000
11849120ns          188310 1c0080a4 80018193 addi             x3, x3, -2048        x3=00000800  x3:00001000
11849140ns          188311 1c0080a8 00158593 addi             x11, x11, 1         x11=00000003 x11:00000002
11849160ns          188312 1c0080ac 02b180b3 mul              x1, x3, x11          x1=00001800  x3:00000800 x11:00000003
11849598ns          188334 1c0080b0 00110133 add              x2, x2, x1           x2=10001808  x2:10000008  x1:00001800
11849637ns          188336 1c0080b4 17f0106f jal              x0, 6526           
11850095ns          188359 1c009a32 ff010113 addi             x2, x2, -16          x2=100017f8  x2:10001808
11850135ns          188361 1c009a34 00112623 sw               x1, 12(x2)           x1:00001800  x2:100017f8  PA:10001804
11850155ns          188362 1c009a36 002047b7 lui              x15, 0x204000       x15=00204000
11850174ns          188363 1c009a3a 00070737 lui              x14, 0x70000        x14=00070000
11850194ns          188364 1c009a3e 00e7a423 sw               x14, 8(x15)         x14:00070000 x15:00204000  PA:00204008
11850612ns          188385 1c009a40 00f00713 addi             x14, x0, 15         x14=0000000f
11850652ns          188387 1c009a42 20078793 addi             x15, x15, 512       x15=00204200 x15:00204000
11850672ns          188388 1c009a46 00e7a023 sw               x14, 0(x15)         x14:0000000f x15:00204200  PA:00204200
11850692ns          188389 1c009a4a 00e7a623 sw               x14, 12(x15)        x14:0000000f x15:00204200  PA:0020420c
11851129ns          188411 1c009a4e 1c0017b7 lui              x15, 0x1c001000     x15=1c001000
11851169ns          188413 1c009a52 9d47a783 lw               x15, -1580(x15)     x15=1c00813e x15:1c001000  PA:1c0009d4
11851666ns          188438 1c009a56 000780e7 jalr             x1, x15, 0           x1=1c009a58 x15:1c00813e
11852164ns          188463 1c00813e f7010113 addi             x2, x2, -144         x2=10001768  x2:100017f8
11852621ns          188486 1c008140 08912223 sw               x9, 132(x2)          x9:xxxxxxxx  x2:10001768  PA:100017ec
11852641ns          188487 1c008142 08112623 sw               x1, 140(x2)          x1:1c009a58  x2:10001768  PA:100017f4
11852661ns          188488 1c008144 f14024f3 csrrs            x9, x0, 0xf14        x9=00000002
11852681ns          188489 1c008148 08812423 sw               x8, 136(x2)          x8:xxxxxxxx  x2:10001768  PA:100017f0
11852701ns          188490 1c00814a ca5497b3 p.extractu       x15, x9, 5, 5       x15=00000000  x9:00000002
11852720ns          188491 1c00814e 06079463 bne              x15, x0, 104        x15:00000000
11853138ns          188512 1c008150 f454b4b3 p.bclr           x9, x9, 26, 5        x9=00000002  x9:00000002
11853178ns          188514 1c008154 0614a863 p.beqimm         x9, 112              x9:00000002
11853198ns          188515 1c008158 1f1010ef jal              x1, 6640             x1=1c00815c
11853616ns          188536 1c009b48 f14027f3 csrrs            x15, x0, 0xf14      x15=00000002
11853655ns          188538 1c009b4c 01f00713 addi             x14, x0, 31         x14=0000001f
11854113ns          188561 1c009b4e ca5797b3 p.extractu       x15, x15, 5, 5      x15=00000000 x15:00000002
11854153ns          188563 1c009b52 00e78863 beq              x15, x14, 16        x15:00000000 x14:0000001f
11854172ns          188564 1c009b56 002047b7 lui              x15, 0x204000       x15=00204000
11854192ns          188565 1c009b5a 20078793 addi             x15, x15, 512       x15=00204200 x15:00204000
11854710ns          188591 1c009b5e 01c7e703 p.elw            x14, 28(x15)        x14=00010000 x15:00204200  PA:0020421c
11858091ns          188761 1c009b62 00008067 jalr             x0, x1, 0            x1:1c00815c
11858131ns          188763 1c00815c 02049463 bne              x9, x0, 40           x9:00000002
11859066ns          188810 1c008184 00049c63 bne              x9, x0, 24           x9:00000002
11859662ns          188840 1c00819c 1ad010ef jal              x1, 6572             x1=1c0081a0
11859702ns          188842 1c009b48 f14027f3 csrrs            x15, x0, 0xf14      x15=00000002
11859722ns          188843 1c009b4c 01f00713 addi             x14, x0, 31         x14=0000001f
11859742ns          188844 1c009b4e ca5797b3 p.extractu       x15, x15, 5, 5      x15=00000000 x15:00000002
11859762ns          188845 1c009b52 00e78863 beq              x15, x14, 16        x15:00000000 x14:0000001f
11859782ns          188846 1c009b56 002047b7 lui              x15, 0x204000       x15=00204000
11859802ns          188847 1c009b5a 20078793 addi             x15, x15, 512       x15=00204200 x15:00204000
11859821ns          188848 1c009b5e 01c7e703 p.elw            x14, 28(x15)        x14=00010000 x15:00204200  PA:0020421c
12275379ns          209740 1c009b62 00008067 jalr             x0, x1, 0            x1:1c0081a0
12275459ns          209744 1c0081a0 f14027f3 csrrs            x15, x0, 0xf14      x15=00000002
12275498ns          209746 1c0081a4 f457b7b3 p.bclr           x15, x15, 26, 5     x15=00000002 x15:00000002
12275518ns          209747 1c0081a8 06078c63 beq              x15, x0, 120        x15:00000002
12275538ns          209748 1c0081aa 08c12083 lw               x1, 140(x2)          x1=1c009a58  x2:10001768  PA:100017f4
12275558ns          209749 1c0081ac 08812403 lw               x8, 136(x2)          x8=xxxxxxxx  x2:10001768  PA:100017f0
12275578ns          209750 1c0081ae 08412483 lw               x9, 132(x2)          x9=xxxxxxxx  x2:10001768  PA:100017ec
12275956ns          209769 1c0081b0 00000513 addi             x10, x0, 0          x10=00000000
12275976ns          209770 1c0081b2 09010113 addi             x2, x2, 144          x2=100017f8  x2:10001768
12275996ns          209771 1c0081b4 00008067 jalr             x0, x1, 0            x1:1c009a58
12276035ns          209773 1c009a58 f14027f3 csrrs            x15, x0, 0xf14      x15=00000002
12276055ns          209774 1c009a5c f457b7b3 p.bclr           x15, x15, 26, 5     x15=00000002 x15:00000002
12276075ns          209775 1c009a60 00079963 bne              x15, x0, 18         x15:00000002
12276672ns          209805 1c009a72 002047b7 lui              x15, 0x204000       x15=00204000
12276692ns          209806 1c009a76 fff00713 addi             x14, x0, -1         x14=ffffffff
12276712ns          209807 1c009a78 00e7a223 sw               x14, 4(x15)         x14:ffffffff x15:00204000  PA:00204004
