                Time          Cycles PC       Instr    Mnemonic
14532643ns          235463 1c008080 0640006f jal              x0, 100            
14533101ns          235486 1c0080e4 f1402573 csrrs            x10, x0, 0xf14      x10=00000002
14533141ns          235488 1c0080e8 01f57593 andi             x11, x10, 31        x11=00000002 x10:00000002
14533160ns          235489 1c0080ec 00555513 srli             x10, x10, 0x5       x10=00000000 x10:00000002
14533180ns          235490 1c0080ee 01f00613 addi             x12, x0, 31         x12=0000001f
14533598ns          235511 1c0080f0 00c50463 beq              x10, x12, 8         x10:00000000 x12:0000001f
14533638ns          235513 1c0080f4 fa1ff06f jal              x0, -96            
14534095ns          235536 1c008094 f3ff8117 auipc            x2, 0xf3ff8000       x2=10000094
14534135ns          235538 1c008098 f7010113 addi             x2, x2, -144         x2=10000004  x2:10000094
14534155ns          235539 1c00809c 00012103 lw               x2, 0(x2)            x2=10000008  x2:10000004  PA:10000004
14534593ns          235561 1c0080a0 000011b7 lui              x3, 0x1000           x3=00001000
14534632ns          235563 1c0080a4 80018193 addi             x3, x3, -2048        x3=00000800  x3:00001000
14534652ns          235564 1c0080a8 00158593 addi             x11, x11, 1         x11=00000003 x11:00000002
14534672ns          235565 1c0080ac 02b180b3 mul              x1, x3, x11          x1=00001800  x3:00000800 x11:00000003
14535110ns          235587 1c0080b0 00110133 add              x2, x2, x1           x2=10001808  x2:10000008  x1:00001800
14535150ns          235589 1c0080b4 6600206f jal              x0, 9824           
14535607ns          235612 1c00a714 ff010113 addi             x2, x2, -16          x2=100017f8  x2:10001808
14535627ns          235613 1c00a716 00112623 sw               x1, 12(x2)           x1:00001800  x2:100017f8  PA:10001804
14535647ns          235614 1c00a718 002047b7 lui              x15, 0x204000       x15=00204000
14535667ns          235615 1c00a71c 00070737 lui              x14, 0x70000        x14=00070000
14536104ns          235637 1c00a720 00e7a423 sw               x14, 8(x15)         x14:00070000 x15:00204000  PA:00204008
14536124ns          235638 1c00a722 00f00713 addi             x14, x0, 15         x14=0000000f
14536144ns          235639 1c00a724 20078793 addi             x15, x15, 512       x15=00204200 x15:00204000
14536164ns          235640 1c00a728 00e7a023 sw               x14, 0(x15)         x14:0000000f x15:00204200  PA:00204200
14536184ns          235641 1c00a72c 00e7a623 sw               x14, 12(x15)        x14:0000000f x15:00204200  PA:0020420c
14536641ns          235664 1c00a730 1c0017b7 lui              x15, 0x1c001000     x15=1c001000
14536681ns          235666 1c00a734 9d47a783 lw               x15, -1580(x15)     x15=1c00813e x15:1c001000  PA:1c0009d4
14537139ns          235689 1c00a738 000780e7 jalr             x1, x15, 0           x1=1c00a73a x15:1c00813e
14538093ns          235737 1c00813e f14027f3 csrrs            x15, x0, 0xf14      x15=00000002
14538133ns          235739 1c008142 ca579733 p.extractu       x14, x15, 5, 5      x14=00000000 x15:00000002
14538153ns          235740 1c008146 4a071463 bne              x14, x0, 1192       x14:00000000
14538173ns          235741 1c00814a f7010113 addi             x2, x2, -144         x2=10001768  x2:100017f8
14538193ns          235742 1c00814c 08812423 sw               x8, 136(x2)          x8:xxxxxxxx  x2:10001768  PA:100017f0
14538213ns          235743 1c00814e 08112623 sw               x1, 140(x2)          x1:1c00a73a  x2:10001768  PA:100017f4
14538611ns          235763 1c008150 08912223 sw               x9, 132(x2)          x9:xxxxxxxx  x2:10001768  PA:100017ec
14538650ns          235765 1c008152 f457b433 p.bclr           x8, x15, 26, 5       x8=00000002 x15:00000002
14538670ns          235766 1c008156 48142f63 p.beqimm         x8, 1182             x8:00000002
14538690ns          235767 1c00815a 5a0415e3 bne              x8, x0, 3498         x8:00000002
14539665ns          235816 1c008f04 127010ef jal              x1, 6438             x1=1c008f08
14540162ns          235841 1c00a82a f14027f3 csrrs            x15, x0, 0xf14      x15=00000002
14540182ns          235842 1c00a82e 01f00713 addi             x14, x0, 31         x14=0000001f
14540620ns          235864 1c00a830 ca5797b3 p.extractu       x15, x15, 5, 5      x15=00000000 x15:00000002
14540659ns          235866 1c00a834 00e78863 beq              x15, x14, 16        x15:00000000 x14:0000001f
14540679ns          235867 1c00a838 002047b7 lui              x15, 0x204000       x15=00204000
14540699ns          235868 1c00a83c 20078793 addi             x15, x15, 512       x15=00204200 x15:00204000
14541137ns          235890 1c00a840 01c7e703 p.elw            x14, 28(x15)        x14=00010000 x15:00204200  PA:0020421c
14545990ns          236134 1c00a844 00008067 jalr             x0, x1, 0            x1:1c008f08
14546030ns          236136 1c008f08 00000713 addi             x14, x0, 0          x14=00000000
14546050ns          236137 1c008f0a a94ff06f jal              x0, -3436          
14547462ns          236208 1c00819e 40041963 bne              x8, x0, 1042         x8:00000002
14547939ns          236232 1c0085b0 27a020ef jal              x1, 8826             x1=1c0085b4
14547999ns          236235 1c00a82a f14027f3 csrrs            x15, x0, 0xf14      x15=00000002
14548019ns          236236 1c00a82e 01f00713 addi             x14, x0, 31         x14=0000001f
14548059ns          236238 1c00a830 ca5797b3 p.extractu       x15, x15, 5, 5      x15=00000000 x15:00000002
14548098ns          236240 1c00a834 00e78863 beq              x15, x14, 16        x15:00000000 x14:0000001f
14548118ns          236241 1c00a838 002047b7 lui              x15, 0x204000       x15=00204000
14548138ns          236242 1c00a83c 20078793 addi             x15, x15, 512       x15=00204200 x15:00204000
14548158ns          236243 1c00a840 01c7e703 p.elw            x14, 28(x15)        x14=00010000 x15:00204200  PA:0020421c
18375422ns          427696 1c00a844 00008067 jalr             x0, x1, 0            x1:1c0085b4
18375462ns          427698 1c0085b4 f14027f3 csrrs            x15, x0, 0xf14      x15=00000002
18375482ns          427699 1c0085b8 f457b7b3 p.bclr           x15, x15, 26, 5     x15=00000002 x15:00000002
18375502ns          427700 1c0085bc 00079d63 bne              x15, x0, 26         x15:00000002
18376437ns          427747 1c0085d6 08c12083 lw               x1, 140(x2)          x1=1c00a73a  x2:10001768  PA:100017f4
18376477ns          427749 1c0085d8 08812403 lw               x8, 136(x2)          x8=xxxxxxxx  x2:10001768  PA:100017f0
18376497ns          427750 1c0085da 08412483 lw               x9, 132(x2)          x9=xxxxxxxx  x2:10001768  PA:100017ec
18376516ns          427751 1c0085dc 00000513 addi             x10, x0, 0          x10=00000000
18376536ns          427752 1c0085de 09010113 addi             x2, x2, 144          x2=100017f8  x2:10001768
18376556ns          427753 1c0085e0 00008067 jalr             x0, x1, 0            x1:1c00a73a
18376616ns          427756 1c00a73a f14027f3 csrrs            x15, x0, 0xf14      x15=00000002
18376636ns          427757 1c00a73e f457b7b3 p.bclr           x15, x15, 26, 5     x15=00000002 x15:00000002
18376656ns          427758 1c00a742 00079963 bne              x15, x0, 18         x15:00000002
18377113ns          427781 1c00a754 002047b7 lui              x15, 0x204000       x15=00204000
18377153ns          427783 1c00a758 fff00713 addi             x14, x0, -1         x14=ffffffff
18377173ns          427784 1c00a75a 00e7a223 sw               x14, 4(x15)         x14:ffffffff x15:00204000  PA:00204004
