                Time          Cycles PC       Instr    Mnemonic
14532663ns          235464 1c008080 0640006f jal              x0, 100            
14533121ns          235487 1c0080e4 f1402573 csrrs            x10, x0, 0xf14      x10=00000003
14533160ns          235489 1c0080e8 01f57593 andi             x11, x10, 31        x11=00000003 x10:00000003
14533180ns          235490 1c0080ec 00555513 srli             x10, x10, 0x5       x10=00000000 x10:00000003
14533200ns          235491 1c0080ee 01f00613 addi             x12, x0, 31         x12=0000001f
14533618ns          235512 1c0080f0 00c50463 beq              x10, x12, 8         x10:00000000 x12:0000001f
14533658ns          235514 1c0080f4 fa1ff06f jal              x0, -96            
14534115ns          235537 1c008094 f3ff8117 auipc            x2, 0xf3ff8000       x2=10000094
14534155ns          235539 1c008098 f7010113 addi             x2, x2, -144         x2=10000004  x2:10000094
14534175ns          235540 1c00809c 00012103 lw               x2, 0(x2)            x2=10000008  x2:10000004  PA:10000004
14534613ns          235562 1c0080a0 000011b7 lui              x3, 0x1000           x3=00001000
14534652ns          235564 1c0080a4 80018193 addi             x3, x3, -2048        x3=00000800  x3:00001000
14534672ns          235565 1c0080a8 00158593 addi             x11, x11, 1         x11=00000004 x11:00000003
14534692ns          235566 1c0080ac 02b180b3 mul              x1, x3, x11          x1=00002000  x3:00000800 x11:00000004
14535130ns          235588 1c0080b0 00110133 add              x2, x2, x1           x2=10002008  x2:10000008  x1:00002000
14535169ns          235590 1c0080b4 6600206f jal              x0, 9824           
14535627ns          235613 1c00a714 ff010113 addi             x2, x2, -16          x2=10001ff8  x2:10002008
14535647ns          235614 1c00a716 00112623 sw               x1, 12(x2)           x1:00002000  x2:10001ff8  PA:10002004
14535667ns          235615 1c00a718 002047b7 lui              x15, 0x204000       x15=00204000
14535687ns          235616 1c00a71c 00070737 lui              x14, 0x70000        x14=00070000
14536124ns          235638 1c00a720 00e7a423 sw               x14, 8(x15)         x14:00070000 x15:00204000  PA:00204008
14536144ns          235639 1c00a722 00f00713 addi             x14, x0, 15         x14=0000000f
14536164ns          235640 1c00a724 20078793 addi             x15, x15, 512       x15=00204200 x15:00204000
14536184ns          235641 1c00a728 00e7a023 sw               x14, 0(x15)         x14:0000000f x15:00204200  PA:00204200
14536224ns          235643 1c00a72c 00e7a623 sw               x14, 12(x15)        x14:0000000f x15:00204200  PA:0020420c
14536661ns          235665 1c00a730 1c0017b7 lui              x15, 0x1c001000     x15=1c001000
14536701ns          235667 1c00a734 9d47a783 lw               x15, -1580(x15)     x15=1c00813e x15:1c001000  PA:1c0009d4
14537159ns          235690 1c00a738 000780e7 jalr             x1, x15, 0           x1=1c00a73a x15:1c00813e
14538113ns          235738 1c00813e f14027f3 csrrs            x15, x0, 0xf14      x15=00000003
14538153ns          235740 1c008142 ca579733 p.extractu       x14, x15, 5, 5      x14=00000000 x15:00000003
14538173ns          235741 1c008146 4a071463 bne              x14, x0, 1192       x14:00000000
14538193ns          235742 1c00814a f7010113 addi             x2, x2, -144         x2=10001f68  x2:10001ff8
14538213ns          235743 1c00814c 08812423 sw               x8, 136(x2)          x8:xxxxxxxx  x2:10001f68  PA:10001ff0
14538233ns          235744 1c00814e 08112623 sw               x1, 140(x2)          x1:1c00a73a  x2:10001f68  PA:10001ff4
14538630ns          235764 1c008150 08912223 sw               x9, 132(x2)          x9:xxxxxxxx  x2:10001f68  PA:10001fec
14538670ns          235766 1c008152 f457b433 p.bclr           x8, x15, 26, 5       x8=00000003 x15:00000003
14538690ns          235767 1c008156 48142f63 p.beqimm         x8, 1182             x8:00000003
14538710ns          235768 1c00815a 5a0415e3 bne              x8, x0, 3498         x8:00000003
14539705ns          235818 1c008f04 127010ef jal              x1, 6438             x1=1c008f08
14540202ns          235843 1c00a82a f14027f3 csrrs            x15, x0, 0xf14      x15=00000003
14540222ns          235844 1c00a82e 01f00713 addi             x14, x0, 31         x14=0000001f
14540659ns          235866 1c00a830 ca5797b3 p.extractu       x15, x15, 5, 5      x15=00000000 x15:00000003
14540699ns          235868 1c00a834 00e78863 beq              x15, x14, 16        x15:00000000 x14:0000001f
14540719ns          235869 1c00a838 002047b7 lui              x15, 0x204000       x15=00204000
14540739ns          235870 1c00a83c 20078793 addi             x15, x15, 512       x15=00204200 x15:00204000
14541176ns          235892 1c00a840 01c7e703 p.elw            x14, 28(x15)        x14=00010000 x15:00204200  PA:0020421c
14545990ns          236134 1c00a844 00008067 jalr             x0, x1, 0            x1:1c008f08
14546030ns          236136 1c008f08 00000713 addi             x14, x0, 0          x14=00000000
14546050ns          236137 1c008f0a a94ff06f jal              x0, -3436          
14547422ns          236206 1c00819e 40041963 bne              x8, x0, 1042         x8:00000003
14547900ns          236230 1c0085b0 27a020ef jal              x1, 8826             x1=1c0085b4
14547959ns          236233 1c00a82a f14027f3 csrrs            x15, x0, 0xf14      x15=00000003
14547979ns          236234 1c00a82e 01f00713 addi             x14, x0, 31         x14=0000001f
14548039ns          236237 1c00a830 ca5797b3 p.extractu       x15, x15, 5, 5      x15=00000000 x15:00000003
14548079ns          236239 1c00a834 00e78863 beq              x15, x14, 16        x15:00000000 x14:0000001f
14548098ns          236240 1c00a838 002047b7 lui              x15, 0x204000       x15=00204000
14548118ns          236241 1c00a83c 20078793 addi             x15, x15, 512       x15=00204200 x15:00204000
14548138ns          236242 1c00a840 01c7e703 p.elw            x14, 28(x15)        x14=00010000 x15:00204200  PA:0020421c
18375422ns          427696 1c00a844 00008067 jalr             x0, x1, 0            x1:1c0085b4
18375462ns          427698 1c0085b4 f14027f3 csrrs            x15, x0, 0xf14      x15=00000003
18375482ns          427699 1c0085b8 f457b7b3 p.bclr           x15, x15, 26, 5     x15=00000003 x15:00000003
18375502ns          427700 1c0085bc 00079d63 bne              x15, x0, 26         x15:00000003
18376397ns          427745 1c0085d6 08c12083 lw               x1, 140(x2)          x1=1c00a73a  x2:10001f68  PA:10001ff4
18376437ns          427747 1c0085d8 08812403 lw               x8, 136(x2)          x8=xxxxxxxx  x2:10001f68  PA:10001ff0
18376457ns          427748 1c0085da 08412483 lw               x9, 132(x2)          x9=xxxxxxxx  x2:10001f68  PA:10001fec
18376477ns          427749 1c0085dc 00000513 addi             x10, x0, 0          x10=00000000
18376497ns          427750 1c0085de 09010113 addi             x2, x2, 144          x2=10001ff8  x2:10001f68
18376516ns          427751 1c0085e0 00008067 jalr             x0, x1, 0            x1:1c00a73a
18376576ns          427754 1c00a73a f14027f3 csrrs            x15, x0, 0xf14      x15=00000003
18376596ns          427755 1c00a73e f457b7b3 p.bclr           x15, x15, 26, 5     x15=00000003 x15:00000003
18376616ns          427756 1c00a742 00079963 bne              x15, x0, 18         x15:00000003
18377073ns          427779 1c00a754 002047b7 lui              x15, 0x204000       x15=00204000
18377113ns          427781 1c00a758 fff00713 addi             x14, x0, -1         x14=ffffffff
18377133ns          427782 1c00a75a 00e7a223 sw               x14, 4(x15)         x14:ffffffff x15:00204000  PA:00204004
