                Time          Cycles PC       Instr    Mnemonic
13769760ns          222041 1c008080 0640006f jal              x0, 100            
13770218ns          222064 1c0080e4 f1402573 csrrs            x10, x0, 0xf14      x10=00000003
13770257ns          222066 1c0080e8 01f57593 andi             x11, x10, 31        x11=00000003 x10:00000003
13770277ns          222067 1c0080ec 00555513 srli             x10, x10, 0x5       x10=00000000 x10:00000003
13770297ns          222068 1c0080ee 01f00613 addi             x12, x0, 31         x12=0000001f
13770715ns          222089 1c0080f0 00c50463 beq              x10, x12, 8         x10:00000000 x12:0000001f
13770755ns          222091 1c0080f4 fa1ff06f jal              x0, -96            
13771212ns          222114 1c008094 f3ff8117 auipc            x2, 0xf3ff8000       x2=10000094
13771252ns          222116 1c008098 f7010113 addi             x2, x2, -144         x2=10000004  x2:10000094
13771272ns          222117 1c00809c 00012103 lw               x2, 0(x2)            x2=10000008  x2:10000004  PA:10000004
13771709ns          222139 1c0080a0 000011b7 lui              x3, 0x1000           x3=00001000
13771749ns          222141 1c0080a4 80018193 addi             x3, x3, -2048        x3=00000800  x3:00001000
13771769ns          222142 1c0080a8 00158593 addi             x11, x11, 1         x11=00000004 x11:00000003
13771789ns          222143 1c0080ac 02b180b3 mul              x1, x3, x11          x1=00002000  x3:00000800 x11:00000004
13772226ns          222165 1c0080b0 00110133 add              x2, x2, x1           x2=10002008  x2:10000008  x1:00002000
13772266ns          222167 1c0080b4 6a10106f jal              x0, 7840           
13772724ns          222190 1c009f54 ff010113 addi             x2, x2, -16          x2=10001ff8  x2:10002008
13772744ns          222191 1c009f56 00112623 sw               x1, 12(x2)           x1:00002000  x2:10001ff8  PA:10002004
13772764ns          222192 1c009f58 002047b7 lui              x15, 0x204000       x15=00204000
13772783ns          222193 1c009f5c 00070737 lui              x14, 0x70000        x14=00070000
13773241ns          222216 1c009f60 00e7a423 sw               x14, 8(x15)         x14:00070000 x15:00204000  PA:00204008
13773261ns          222217 1c009f62 00f00713 addi             x14, x0, 15         x14=0000000f
13773281ns          222218 1c009f64 20078793 addi             x15, x15, 512       x15=00204200 x15:00204000
13773301ns          222219 1c009f68 00e7a023 sw               x14, 0(x15)         x14:0000000f x15:00204200  PA:00204200
13773340ns          222221 1c009f6c 00e7a623 sw               x14, 12(x15)        x14:0000000f x15:00204200  PA:0020420c
13773758ns          222242 1c009f70 1c0017b7 lui              x15, 0x1c001000     x15=1c001000
13773798ns          222244 1c009f74 e147a783 lw               x15, -492(x15)      x15=1c00862e x15:1c001000  PA:1c000e14
13774255ns          222267 1c009f78 000780e7 jalr             x1, x15, 0           x1=1c009f7a x15:1c00862e
13775210ns          222315 1c00862e f14027f3 csrrs            x15, x0, 0xf14      x15=00000003
13775250ns          222317 1c008632 ca579733 p.extractu       x14, x15, 5, 5      x14=00000000 x15:00000003
13775270ns          222318 1c008636 00071c63 bne              x14, x0, 24         x14:00000000
13775290ns          222319 1c008638 f457b7b3 p.bclr           x15, x15, 26, 5     x15=00000003 x15:00000003
13775310ns          222320 1c00863c 00078363 beq              x15, x0, 6          x15:00000003
13775329ns          222321 1c00863e 00000513 addi             x10, x0, 0          x10=00000000
13775727ns          222341 1c008640 00008067 jalr             x0, x1, 0            x1:1c009f7a
13775787ns          222344 1c009f7a f14027f3 csrrs            x15, x0, 0xf14      x15=00000003
13775807ns          222345 1c009f7e f457b7b3 p.bclr           x15, x15, 26, 5     x15=00000003 x15:00000003
13775827ns          222346 1c009f82 00079963 bne              x15, x0, 18         x15:00000003
13776364ns          222373 1c009f94 002047b7 lui              x15, 0x204000       x15=00204000
13776404ns          222375 1c009f98 fff00713 addi             x14, x0, -1         x14=ffffffff
13776423ns          222376 1c009f9a 00e7a223 sw               x14, 4(x15)         x14:ffffffff x15:00204000  PA:00204004
