                Time          Cycles PC       Instr    Mnemonic
11786113ns          187137 1c008080 0640006f jal              x0, 100            
11786571ns          187160 1c0080e4 f1402573 csrrs            x10, x0, 0xf14      x10=00000001
11786611ns          187162 1c0080e8 01f57593 andi             x11, x10, 31        x11=00000001 x10:00000001
11786630ns          187163 1c0080ec 00555513 srli             x10, x10, 0x5       x10=00000000 x10:00000001
11786650ns          187164 1c0080ee 01f00613 addi             x12, x0, 31         x12=0000001f
11787068ns          187185 1c0080f0 00c50463 beq              x10, x12, 8         x10:00000000 x12:0000001f
11787108ns          187187 1c0080f4 fa1ff06f jal              x0, -96            
11787565ns          187210 1c008094 f3ff8117 auipc            x2, 0xf3ff8000       x2=10000094
11787605ns          187212 1c008098 f7010113 addi             x2, x2, -144         x2=10000004  x2:10000094
11787625ns          187213 1c00809c 00012103 lw               x2, 0(x2)            x2=10000008  x2:10000004  PA:10000004
11788083ns          187236 1c0080a0 000011b7 lui              x3, 0x1000           x3=00001000
11788122ns          187238 1c0080a4 80018193 addi             x3, x3, -2048        x3=00000800  x3:00001000
11788142ns          187239 1c0080a8 00158593 addi             x11, x11, 1         x11=00000002 x11:00000001
11788162ns          187240 1c0080ac 02b180b3 mul              x1, x3, x11          x1=00001000  x3:00000800 x11:00000002
11788600ns          187262 1c0080b0 00110133 add              x2, x2, x1           x2=10001008  x2:10000008  x1:00001000
11788639ns          187264 1c0080b4 1290106f jal              x0, 6440           
11789097ns          187287 1c0099dc ff010113 addi             x2, x2, -16          x2=10000ff8  x2:10001008
11789117ns          187288 1c0099de 00112623 sw               x1, 12(x2)           x1:00001000  x2:10000ff8  PA:10001004
11789574ns          187311 1c0099e0 002047b7 lui              x15, 0x204000       x15=00204000
11789614ns          187313 1c0099e4 00070737 lui              x14, 0x70000        x14=00070000
11789634ns          187314 1c0099e8 00e7a423 sw               x14, 8(x15)         x14:00070000 x15:00204000  PA:00204008
11789654ns          187315 1c0099ea 00f00713 addi             x14, x0, 15         x14=0000000f
11789674ns          187316 1c0099ec 20078793 addi             x15, x15, 512       x15=00204200 x15:00204000
11790091ns          187337 1c0099f0 00e7a023 sw               x14, 0(x15)         x14:0000000f x15:00204200  PA:00204200
11790151ns          187340 1c0099f4 00e7a623 sw               x14, 12(x15)        x14:0000000f x15:00204200  PA:0020420c
11790171ns          187341 1c0099f8 1c0017b7 lui              x15, 0x1c001000     x15=1c001000
11790191ns          187342 1c0099fc 9d47a783 lw               x15, -1580(x15)     x15=1c00813e x15:1c001000  PA:1c0009d4
11790688ns          187367 1c009a00 000780e7 jalr             x1, x15, 0           x1=1c009a02 x15:1c00813e
11791563ns          187411 1c00813e f14027f3 csrrs            x15, x0, 0xf14      x15=00000001
11791603ns          187413 1c008142 ca579733 p.extractu       x14, x15, 5, 5      x14=00000000 x15:00000001
11791623ns          187414 1c008146 06071b63 bne              x14, x0, 118        x14:00000000
11791643ns          187415 1c008148 ff010113 addi             x2, x2, -16          x2=10000fe8  x2:10000ff8
11791663ns          187416 1c00814a 00812423 sw               x8, 8(x2)            x8:xxxxxxxx  x2:10000fe8  PA:10000ff0
11791683ns          187417 1c00814c f457b433 p.bclr           x8, x15, 26, 5       x8=00000001 x15:00000001
11792100ns          187438 1c008150 00112623 sw               x1, 12(x2)           x1:1c009a02  x2:10000fe8  PA:10000ff4
11792140ns          187440 1c008152 1a1010ef jal              x1, 6560             x1=1c008156
11792637ns          187465 1c009af2 f14027f3 csrrs            x15, x0, 0xf14      x15=00000001
11792657ns          187466 1c009af6 01f00713 addi             x14, x0, 31         x14=0000001f
11792677ns          187467 1c009af8 ca5797b3 p.extractu       x15, x15, 5, 5      x15=00000000 x15:00000001
11792697ns          187468 1c009afc 00e78863 beq              x15, x14, 16        x15:00000000 x14:0000001f
11793115ns          187489 1c009b00 002047b7 lui              x15, 0x204000       x15=00204000
11793155ns          187491 1c009b04 20078793 addi             x15, x15, 512       x15=00204200 x15:00204000
11793175ns          187492 1c009b08 01c7e703 p.elw            x14, 28(x15)        x14=00010000 x15:00204200  PA:0020421c
11793354ns          187501 1c009b0c 00008067 jalr             x0, x1, 0            x1:1c008156
11793672ns          187517 1c008156 02041163 bne              x8, x0, 34           x8:00000001
11794229ns          187545 1c008178 04142563 p.beqimm         x8, 74               x8:00000001
11794766ns          187572 1c0081c2 dead05b7 lui              x11, 0xdead0000     x11=dead0000
11794786ns          187573 1c0081c6 19000637 lui              x12, 0x19000000     x12=19000000
11794806ns          187574 1c0081ca 00000713 addi             x14, x0, 0          x14=00000000
11794825ns          187575 1c0081cc 10058593 addi             x11, x11, 256       x11=dead0100 x11:dead0000
11795243ns          187596 1c0081d0 02060613 addi             x12, x12, 32        x12=19000020 x12:19000000
11795283ns          187598 1c0081d4 0202d0fb lp.setupi        0x1, 0x20, 0x5     
11795303ns          187599 1c0081d8 00b766b3 or               x13, x14, x11       x13=dead0100 x14:00000000 x11:dead0100
11795323ns          187600 1c0081dc 00d62023 sw               x13, 0(x12)         x13:dead0100 x12:19000020  PA:19000020
11795343ns          187601 1c0081de 00170713 addi             x14, x14, 1         x14=00000001 x14:00000000
11795800ns          187624 1c0081d8 00b766b3 or               x13, x14, x11       x13=dead0101 x14:00000001 x11:dead0100
11795820ns          187625 1c0081dc 00d62023 sw               x13, 0(x12)         x13:dead0101 x12:19000020  PA:19000020
11795840ns          187626 1c0081de 00170713 addi             x14, x14, 1         x14=00000002 x14:00000001
11795860ns          187627 1c0081d8 00b766b3 or               x13, x14, x11       x13=dead0102 x14:00000002 x11:dead0100
11795880ns          187628 1c0081dc 00d62023 sw               x13, 0(x12)         x13:dead0102 x12:19000020  PA:19000020
11795900ns          187629 1c0081de 00170713 addi             x14, x14, 1         x14=00000003 x14:00000002
11795919ns          187630 1c0081d8 00b766b3 or               x13, x14, x11       x13=dead0103 x14:00000003 x11:dead0100
11795939ns          187631 1c0081dc 00d62023 sw               x13, 0(x12)         x13:dead0103 x12:19000020  PA:19000020
11795959ns          187632 1c0081de 00170713 addi             x14, x14, 1         x14=00000004 x14:00000003
11795979ns          187633 1c0081d8 00b766b3 or               x13, x14, x11       x13=dead0104 x14:00000004 x11:dead0100
11795999ns          187634 1c0081dc 00d62023 sw               x13, 0(x12)         x13:dead0104 x12:19000020  PA:19000020
11796019ns          187635 1c0081de 00170713 addi             x14, x14, 1         x14=00000005 x14:00000004
11796039ns          187636 1c0081d8 00b766b3 or               x13, x14, x11       x13=dead0105 x14:00000005 x11:dead0100
11796059ns          187637 1c0081dc 00d62023 sw               x13, 0(x12)         x13:dead0105 x12:19000020  PA:19000020
11796079ns          187638 1c0081de 00170713 addi             x14, x14, 1         x14=00000006 x14:00000005
11796098ns          187639 1c0081d8 00b766b3 or               x13, x14, x11       x13=dead0106 x14:00000006 x11:dead0100
11796118ns          187640 1c0081dc 00d62023 sw               x13, 0(x12)         x13:dead0106 x12:19000020  PA:19000020
11796138ns          187641 1c0081de 00170713 addi             x14, x14, 1         x14=00000007 x14:00000006
11796158ns          187642 1c0081d8 00b766b3 or               x13, x14, x11       x13=dead0107 x14:00000007 x11:dead0100
11796178ns          187643 1c0081dc 00d62023 sw               x13, 0(x12)         x13:dead0107 x12:19000020  PA:19000020
11796198ns          187644 1c0081de 00170713 addi             x14, x14, 1         x14=00000008 x14:00000007
11796218ns          187645 1c0081d8 00b766b3 or               x13, x14, x11       x13=dead0108 x14:00000008 x11:dead0100
11796238ns          187646 1c0081dc 00d62023 sw               x13, 0(x12)         x13:dead0108 x12:19000020  PA:19000020
11796258ns          187647 1c0081de 00170713 addi             x14, x14, 1         x14=00000009 x14:00000008
11796277ns          187648 1c0081d8 00b766b3 or               x13, x14, x11       x13=dead0109 x14:00000009 x11:dead0100
11796297ns          187649 1c0081dc 00d62023 sw               x13, 0(x12)         x13:dead0109 x12:19000020  PA:19000020
11796317ns          187650 1c0081de 00170713 addi             x14, x14, 1         x14=0000000a x14:00000009
11796337ns          187651 1c0081d8 00b766b3 or               x13, x14, x11       x13=dead010a x14:0000000a x11:dead0100
11796357ns          187652 1c0081dc 00d62023 sw               x13, 0(x12)         x13:dead010a x12:19000020  PA:19000020
11796377ns          187653 1c0081de 00170713 addi             x14, x14, 1         x14=0000000b x14:0000000a
11796397ns          187654 1c0081d8 00b766b3 or               x13, x14, x11       x13=dead010b x14:0000000b x11:dead0100
11796417ns          187655 1c0081dc 00d62023 sw               x13, 0(x12)         x13:dead010b x12:19000020  PA:19000020
11796437ns          187656 1c0081de 00170713 addi             x14, x14, 1         x14=0000000c x14:0000000b
11796457ns          187657 1c0081d8 00b766b3 or               x13, x14, x11       x13=dead010c x14:0000000c x11:dead0100
11796476ns          187658 1c0081dc 00d62023 sw               x13, 0(x12)         x13:dead010c x12:19000020  PA:19000020
11796496ns          187659 1c0081de 00170713 addi             x14, x14, 1         x14=0000000d x14:0000000c
11796516ns          187660 1c0081d8 00b766b3 or               x13, x14, x11       x13=dead010d x14:0000000d x11:dead0100
11796536ns          187661 1c0081dc 00d62023 sw               x13, 0(x12)         x13:dead010d x12:19000020  PA:19000020
11796556ns          187662 1c0081de 00170713 addi             x14, x14, 1         x14=0000000e x14:0000000d
11796576ns          187663 1c0081d8 00b766b3 or               x13, x14, x11       x13=dead010e x14:0000000e x11:dead0100
11796596ns          187664 1c0081dc 00d62023 sw               x13, 0(x12)         x13:dead010e x12:19000020  PA:19000020
11796616ns          187665 1c0081de 00170713 addi             x14, x14, 1         x14=0000000f x14:0000000e
11796636ns          187666 1c0081d8 00b766b3 or               x13, x14, x11       x13=dead010f x14:0000000f x11:dead0100
11796655ns          187667 1c0081dc 00d62023 sw               x13, 0(x12)         x13:dead010f x12:19000020  PA:19000020
11796675ns          187668 1c0081de 00170713 addi             x14, x14, 1         x14=00000010 x14:0000000f
11796695ns          187669 1c0081d8 00b766b3 or               x13, x14, x11       x13=dead0110 x14:00000010 x11:dead0100
11796715ns          187670 1c0081dc 00d62023 sw               x13, 0(x12)         x13:dead0110 x12:19000020  PA:19000020
11796735ns          187671 1c0081de 00170713 addi             x14, x14, 1         x14=00000011 x14:00000010
11796755ns          187672 1c0081d8 00b766b3 or               x13, x14, x11       x13=dead0111 x14:00000011 x11:dead0100
11796775ns          187673 1c0081dc 00d62023 sw               x13, 0(x12)         x13:dead0111 x12:19000020  PA:19000020
11796795ns          187674 1c0081de 00170713 addi             x14, x14, 1         x14=00000012 x14:00000011
11796815ns          187675 1c0081d8 00b766b3 or               x13, x14, x11       x13=dead0112 x14:00000012 x11:dead0100
11796834ns          187676 1c0081dc 00d62023 sw               x13, 0(x12)         x13:dead0112 x12:19000020  PA:19000020
11796854ns          187677 1c0081de 00170713 addi             x14, x14, 1         x14=00000013 x14:00000012
11796874ns          187678 1c0081d8 00b766b3 or               x13, x14, x11       x13=dead0113 x14:00000013 x11:dead0100
11796894ns          187679 1c0081dc 00d62023 sw               x13, 0(x12)         x13:dead0113 x12:19000020  PA:19000020
11796914ns          187680 1c0081de 00170713 addi             x14, x14, 1         x14=00000014 x14:00000013
11796934ns          187681 1c0081d8 00b766b3 or               x13, x14, x11       x13=dead0114 x14:00000014 x11:dead0100
11796954ns          187682 1c0081dc 00d62023 sw               x13, 0(x12)         x13:dead0114 x12:19000020  PA:19000020
11796974ns          187683 1c0081de 00170713 addi             x14, x14, 1         x14=00000015 x14:00000014
11796994ns          187684 1c0081d8 00b766b3 or               x13, x14, x11       x13=dead0115 x14:00000015 x11:dead0100
11797013ns          187685 1c0081dc 00d62023 sw               x13, 0(x12)         x13:dead0115 x12:19000020  PA:19000020
11797033ns          187686 1c0081de 00170713 addi             x14, x14, 1         x14=00000016 x14:00000015
11797053ns          187687 1c0081d8 00b766b3 or               x13, x14, x11       x13=dead0116 x14:00000016 x11:dead0100
11797073ns          187688 1c0081dc 00d62023 sw               x13, 0(x12)         x13:dead0116 x12:19000020  PA:19000020
11797093ns          187689 1c0081de 00170713 addi             x14, x14, 1         x14=00000017 x14:00000016
11797113ns          187690 1c0081d8 00b766b3 or               x13, x14, x11       x13=dead0117 x14:00000017 x11:dead0100
11797133ns          187691 1c0081dc 00d62023 sw               x13, 0(x12)         x13:dead0117 x12:19000020  PA:19000020
11797153ns          187692 1c0081de 00170713 addi             x14, x14, 1         x14=00000018 x14:00000017
11797173ns          187693 1c0081d8 00b766b3 or               x13, x14, x11       x13=dead0118 x14:00000018 x11:dead0100
11797192ns          187694 1c0081dc 00d62023 sw               x13, 0(x12)         x13:dead0118 x12:19000020  PA:19000020
11797212ns          187695 1c0081de 00170713 addi             x14, x14, 1         x14=00000019 x14:00000018
11797232ns          187696 1c0081d8 00b766b3 or               x13, x14, x11       x13=dead0119 x14:00000019 x11:dead0100
11797252ns          187697 1c0081dc 00d62023 sw               x13, 0(x12)         x13:dead0119 x12:19000020  PA:19000020
11797272ns          187698 1c0081de 00170713 addi             x14, x14, 1         x14=0000001a x14:00000019
11797292ns          187699 1c0081d8 00b766b3 or               x13, x14, x11       x13=dead011a x14:0000001a x11:dead0100
11797312ns          187700 1c0081dc 00d62023 sw               x13, 0(x12)         x13:dead011a x12:19000020  PA:19000020
11797332ns          187701 1c0081de 00170713 addi             x14, x14, 1         x14=0000001b x14:0000001a
11797352ns          187702 1c0081d8 00b766b3 or               x13, x14, x11       x13=dead011b x14:0000001b x11:dead0100
11797371ns          187703 1c0081dc 00d62023 sw               x13, 0(x12)         x13:dead011b x12:19000020  PA:19000020
11797391ns          187704 1c0081de 00170713 addi             x14, x14, 1         x14=0000001c x14:0000001b
11797411ns          187705 1c0081d8 00b766b3 or               x13, x14, x11       x13=dead011c x14:0000001c x11:dead0100
11797431ns          187706 1c0081dc 00d62023 sw               x13, 0(x12)         x13:dead011c x12:19000020  PA:19000020
11797451ns          187707 1c0081de 00170713 addi             x14, x14, 1         x14=0000001d x14:0000001c
11797471ns          187708 1c0081d8 00b766b3 or               x13, x14, x11       x13=dead011d x14:0000001d x11:dead0100
11797491ns          187709 1c0081dc 00d62023 sw               x13, 0(x12)         x13:dead011d x12:19000020  PA:19000020
11797511ns          187710 1c0081de 00170713 addi             x14, x14, 1         x14=0000001e x14:0000001d
11797531ns          187711 1c0081d8 00b766b3 or               x13, x14, x11       x13=dead011e x14:0000001e x11:dead0100
11797551ns          187712 1c0081dc 00d62023 sw               x13, 0(x12)         x13:dead011e x12:19000020  PA:19000020
11797570ns          187713 1c0081de 00170713 addi             x14, x14, 1         x14=0000001f x14:0000001e
11797590ns          187714 1c0081d8 00b766b3 or               x13, x14, x11       x13=dead011f x14:0000001f x11:dead0100
11797610ns          187715 1c0081dc 00d62023 sw               x13, 0(x12)         x13:dead011f x12:19000020  PA:19000020
11797630ns          187716 1c0081de 00170713 addi             x14, x14, 1         x14=00000020 x14:0000001f
11797650ns          187717 1c0081e0 fafff06f jal              x0, -82            
11797809ns          187725 1c00818e 165010ef jal              x1, 6500             x1=1c008192
11797869ns          187728 1c009af2 f14027f3 csrrs            x15, x0, 0xf14      x15=00000001
11797889ns          187729 1c009af6 01f00713 addi             x14, x0, 31         x14=0000001f
11797909ns          187730 1c009af8 ca5797b3 p.extractu       x15, x15, 5, 5      x15=00000000 x15:00000001
11797928ns          187731 1c009afc 00e78863 beq              x15, x14, 16        x15:00000000 x14:0000001f
11797948ns          187732 1c009b00 002047b7 lui              x15, 0x204000       x15=00204000
11797968ns          187733 1c009b04 20078793 addi             x15, x15, 512       x15=00204200 x15:00204000
11797988ns          187734 1c009b08 01c7e703 p.elw            x14, 28(x15)        x14=00010000 x15:00204200  PA:0020421c
11798107ns          187740 1c009b0c 00008067 jalr             x0, x1, 0            x1:1c008192
11798167ns          187743 1c008192 f14027f3 csrrs            x15, x0, 0xf14      x15=00000001
11798187ns          187744 1c008196 f457b7b3 p.bclr           x15, x15, 26, 5     x15=00000001 x15:00000001
11798207ns          187745 1c00819a 00079c63 bne              x15, x0, 24         x15:00000001
11799221ns          187796 1c0081b2 00c12083 lw               x1, 12(x2)           x1=1c009a02  x2:10000fe8  PA:10000ff4
11799261ns          187798 1c0081b4 00812403 lw               x8, 8(x2)            x8=xxxxxxxx  x2:10000fe8  PA:10000ff0
11799281ns          187799 1c0081b6 00000513 addi             x10, x0, 0          x10=00000000
11799301ns          187800 1c0081b8 01010113 addi             x2, x2, 16           x2=10000ff8  x2:10000fe8
11799321ns          187801 1c0081ba 00008067 jalr             x0, x1, 0            x1:1c009a02
11799380ns          187804 1c009a02 f14027f3 csrrs            x15, x0, 0xf14      x15=00000001
11799400ns          187805 1c009a06 f457b7b3 p.bclr           x15, x15, 26, 5     x15=00000001 x15:00000001
11799420ns          187806 1c009a0a 00079963 bne              x15, x0, 18         x15:00000001
11799917ns          187831 1c009a1c 002047b7 lui              x15, 0x204000       x15=00204000
11800355ns          187853 1c009a20 fff00713 addi             x14, x0, -1         x14=ffffffff
11800375ns          187854 1c009a22 00e7a223 sw               x14, 4(x15)         x14:ffffffff x15:00204000  PA:00204004

