                Time          Cycles PC       Instr    Mnemonic
13983361ns          225800 1c008080 0640006f jal              x0, 100            
13983838ns          225824 1c0080e4 f1402573 csrrs            x10, x0, 0xf14      x10=00000002
13983878ns          225826 1c0080e8 01f57593 andi             x11, x10, 31        x11=00000002 x10:00000002
13983898ns          225827 1c0080ec 00555513 srli             x10, x10, 0x5       x10=00000000 x10:00000002
13983917ns          225828 1c0080ee 01f00613 addi             x12, x0, 31         x12=0000001f
13984335ns          225849 1c0080f0 00c50463 beq              x10, x12, 8         x10:00000000 x12:0000001f
13984375ns          225851 1c0080f4 fa1ff06f jal              x0, -96            
13984832ns          225874 1c008094 f3ff8117 auipc            x2, 0xf3ff8000       x2=10000094
13984872ns          225876 1c008098 f7010113 addi             x2, x2, -144         x2=10000004  x2:10000094
13984892ns          225877 1c00809c 00012103 lw               x2, 0(x2)            x2=10000008  x2:10000004  PA:10000004
13985330ns          225899 1c0080a0 000011b7 lui              x3, 0x1000           x3=00001000
13985370ns          225901 1c0080a4 80018193 addi             x3, x3, -2048        x3=00000800  x3:00001000
13985389ns          225902 1c0080a8 00158593 addi             x11, x11, 1         x11=00000003 x11:00000002
13985409ns          225903 1c0080ac 02b180b3 mul              x1, x3, x11          x1=00001800  x3:00000800 x11:00000003
13985847ns          225925 1c0080b0 00110133 add              x2, x2, x1           x2=10001808  x2:10000008  x1:00001800
13985887ns          225927 1c0080b4 6590106f jal              x0, 7768           
13986364ns          225951 1c009f0c ff010113 addi             x2, x2, -16          x2=100017f8  x2:10001808
13986384ns          225952 1c009f0e 00112623 sw               x1, 12(x2)           x1:00001800  x2:100017f8  PA:10001804
13986822ns          225974 1c009f10 002047b7 lui              x15, 0x204000       x15=00204000
13986861ns          225976 1c009f14 00070737 lui              x14, 0x70000        x14=00070000
13986881ns          225977 1c009f18 00e7a423 sw               x14, 8(x15)         x14:00070000 x15:00204000  PA:00204008
13986901ns          225978 1c009f1a 00f00713 addi             x14, x0, 15         x14=0000000f
13986921ns          225979 1c009f1c 20078793 addi             x15, x15, 512       x15=00204200 x15:00204000
13987339ns          226000 1c009f20 00e7a023 sw               x14, 0(x15)         x14:0000000f x15:00204200  PA:00204200
13987378ns          226002 1c009f24 00e7a623 sw               x14, 12(x15)        x14:0000000f x15:00204200  PA:0020420c
13987398ns          226003 1c009f28 1c0017b7 lui              x15, 0x1c001000     x15=1c001000
13987418ns          226004 1c009f2c f647a783 lw               x15, -156(x15)      x15=1c0085e6 x15:1c001000  PA:1c000f64
13987856ns          226026 1c009f30 000780e7 jalr             x1, x15, 0           x1=1c009f32 x15:1c0085e6
13988393ns          226053 1c0085e6 f14027f3 csrrs            x15, x0, 0xf14      x15=00000002
13988413ns          226054 1c0085ea ca579733 p.extractu       x14, x15, 5, 5      x14=00000000 x15:00000002
13988433ns          226055 1c0085ee 00071c63 bne              x14, x0, 24         x14:00000000
13988850ns          226076 1c0085f0 f457b7b3 p.bclr           x15, x15, 26, 5     x15=00000002 x15:00000002
13988890ns          226078 1c0085f4 00078363 beq              x15, x0, 6          x15:00000002
13988910ns          226079 1c0085f6 00000513 addi             x10, x0, 0          x10=00000000
13988930ns          226080 1c0085f8 00008067 jalr             x0, x1, 0            x1:1c009f32
13989467ns          226107 1c009f32 f14027f3 csrrs            x15, x0, 0xf14      x15=00000002
13989487ns          226108 1c009f36 f457b7b3 p.bclr           x15, x15, 26, 5     x15=00000002 x15:00000002
13989507ns          226109 1c009f3a 00079963 bne              x15, x0, 18         x15:00000002
13990064ns          226137 1c009f4c 002047b7 lui              x15, 0x204000       x15=00204000
13990561ns          226162 1c009f50 fff00713 addi             x14, x0, -1         x14=ffffffff
13990581ns          226163 1c009f52 00e7a223 sw               x14, 4(x15)         x14:ffffffff x15:00204000  PA:00204004
