                Time          Cycles PC       Instr    Mnemonic
28265314ns          477097 1c008080 0640006f jal              x0, 100            
28265771ns          477120 1c0080e4 f1402573 csrrs            x10, x0, 0xf14      x10=00000003
28265811ns          477122 1c0080e8 01f57593 andi             x11, x10, 31        x11=00000003 x10:00000003
28265831ns          477123 1c0080ec 00555513 srli             x10, x10, 0x5       x10=00000000 x10:00000003
28265851ns          477124 1c0080ee 01f00613 addi             x12, x0, 31         x12=0000001f
28266268ns          477145 1c0080f0 00c50463 beq              x10, x12, 8         x10:00000000 x12:0000001f
28266308ns          477147 1c0080f4 fa1ff06f jal              x0, -96            
28266766ns          477170 1c008094 f3ff8117 auipc            x2, 0xf3ff8000       x2=10000094
28266805ns          477172 1c008098 f7010113 addi             x2, x2, -144         x2=10000004  x2:10000094
28266825ns          477173 1c00809c 00012103 lw               x2, 0(x2)            x2=10000008  x2:10000004  PA:10000004
28267263ns          477195 1c0080a0 000011b7 lui              x3, 0x1000           x3=00001000
28267303ns          477197 1c0080a4 80018193 addi             x3, x3, -2048        x3=00000800  x3:00001000
28267323ns          477198 1c0080a8 00158593 addi             x11, x11, 1         x11=00000004 x11:00000003
28267342ns          477199 1c0080ac 02b180b3 mul              x1, x3, x11          x1=00002000  x3:00000800 x11:00000004
28267800ns          477222 1c0080b0 00110133 add              x2, x2, x1           x2=10002008  x2:10000008  x1:00002000
28267840ns          477224 1c0080b4 63b0106f jal              x0, 7738           
28268297ns          477247 1c009eee ff010113 addi             x2, x2, -16          x2=10001ff8  x2:10002008
28268755ns          477270 1c009ef0 00112623 sw               x1, 12(x2)           x1:00002000  x2:10001ff8  PA:10002004
28268794ns          477272 1c009ef2 002047b7 lui              x15, 0x204000       x15=00204000
28268814ns          477273 1c009ef6 00070737 lui              x14, 0x70000        x14=00070000
28268834ns          477274 1c009efa 00e7a423 sw               x14, 8(x15)         x14:00070000 x15:00204000  PA:00204008
28268854ns          477275 1c009efc 00f00713 addi             x14, x0, 15         x14=0000000f
28269272ns          477296 1c009efe 20078793 addi             x15, x15, 512       x15=00204200 x15:00204000
28269312ns          477298 1c009f02 00e7a023 sw               x14, 0(x15)         x14:0000000f x15:00204200  PA:00204200
28269351ns          477300 1c009f06 00e7a623 sw               x14, 12(x15)        x14:0000000f x15:00204200  PA:0020420c
28269371ns          477301 1c009f0a 1c0057b7 lui              x15, 0x1c005000     x15=1c005000
28269789ns          477322 1c009f0e 4447a783 lw               x15, 1092(x15)      x15=1c0085c8 x15:1c005000  PA:1c005444
28270286ns          477347 1c009f12 000780e7 jalr             x1, x15, 0           x1=1c009f14 x15:1c0085c8
28270803ns          477373 1c0085c8 f14027f3 csrrs            x15, x0, 0xf14      x15=00000003
28270843ns          477375 1c0085cc ca579733 p.extractu       x14, x15, 5, 5      x14=00000000 x15:00000003
28271281ns          477397 1c0085d0 00071c63 bne              x14, x0, 24         x14:00000000
28271321ns          477399 1c0085d2 f457b7b3 p.bclr           x15, x15, 26, 5     x15=00000003 x15:00000003
28271340ns          477400 1c0085d6 00078363 beq              x15, x0, 6          x15:00000003
28271360ns          477401 1c0085d8 00000513 addi             x10, x0, 0          x10=00000000
28271380ns          477402 1c0085da 00008067 jalr             x0, x1, 0            x1:1c009f14
28271858ns          477426 1c009f14 f14027f3 csrrs            x15, x0, 0xf14      x15=00000003
28271877ns          477427 1c009f18 f457b7b3 p.bclr           x15, x15, 26, 5     x15=00000003 x15:00000003
28271897ns          477428 1c009f1c 00079963 bne              x15, x0, 18         x15:00000003
28272415ns          477454 1c009f2e 002047b7 lui              x15, 0x204000       x15=00204000
28272434ns          477455 1c009f32 fff00713 addi             x14, x0, -1         x14=ffffffff
28272454ns          477456 1c009f34 00e7a223 sw               x14, 4(x15)         x14:ffffffff x15:00204000  PA:00204004
